<?xml version="1.0" encoding="UTF-8"?>
<testsuite xmlns:xsi="http://www.w3.org/2001/XMLSchema-instance" xsi:noNamespaceSchemaLocation="https://maven.apache.org/surefire/maven-surefire-plugin/xsd/surefire-test-report.xsd" name="org.apache.hadoop.hdds.scm.container.metrics.TestSCMContainerManagerMetrics" time="47.412" tests="2" errors="0" skipped="0" failures="2">
  <properties>
    <property name="awt.toolkit" value="sun.awt.X11.XToolkit"/>
    <property name="file.encoding.pkg" value="sun.io"/>
    <property name="java.specification.version" value="1.8"/>
    <property name="sun.cpu.isalist" value=""/>
    <property name="sun.jnu.encoding" value="ANSI_X3.4-1968"/>
    <property name="java.class.path" value="/workdir/hadoop-ozone/integration-test/target/test-classes:/workdir/hadoop-ozone/integration-test/target/classes:/home/user/.m2/repository/org/apache/hadoop/hadoop-ozone-common/0.5.0-SNAPSHOT/hadoop-ozone-common-0.5.0-SNAPSHOT.jar:/home/user/.m2/repository/org/apache/commons/commons-compress/1.4.1/commons-compress-1.4.1.jar:/home/user/.m2/repository/org/tukaani/xz/1.0/xz-1.0.jar:/home/user/.m2/repository/org/apache/hadoop/hadoop-common/3.2.0/hadoop-common-3.2.0.jar:/home/user/.m2/repository/org/apache/hadoop/hadoop-hdfs/3.2.0/hadoop-hdfs-3.2.0.jar:/home/user/.m2/repository/org/apache/hadoop/hadoop-hdfs-client/3.2.0/hadoop-hdfs-client-3.2.0.jar:/home/user/.m2/repository/com/fasterxml/jackson/core/jackson-annotations/2.9.9/jackson-annotations-2.9.9.jar:/home/user/.m2/repository/org/apache/hadoop/hadoop-hdds-common/0.5.0-SNAPSHOT/hadoop-hdds-common-0.5.0-SNAPSHOT.jar:/home/user/.m2/repository/javax/annotation/javax.annotation-api/1.2/javax.annotation-api-1.2.jar:/home/user/.m2/repository/org/apache/ratis/ratis-server/0.5.0-d6d58d0-SNAPSHOT/ratis-server-0.5.0-d6d58d0-SNAPSHOT.jar:/home/user/.m2/repository/org/apache/ratis/ratis-thirdparty-misc/0.2.0/ratis-thirdparty-misc-0.2.0.jar:/home/user/.m2/repository/org/apache/ratis/ratis-proto/0.5.0-d6d58d0-SNAPSHOT/ratis-proto-0.5.0-d6d58d0-SNAPSHOT.jar:/home/user/.m2/repository/org/apache/ratis/ratis-common/0.5.0-d6d58d0-SNAPSHOT/ratis-common-0.5.0-d6d58d0-SNAPSHOT.jar:/home/user/.m2/repository/org/apache/ratis/ratis-client/0.5.0-d6d58d0-SNAPSHOT/ratis-client-0.5.0-d6d58d0-SNAPSHOT.jar:/home/user/.m2/repository/org/apache/ratis/ratis-metrics/0.5.0-d6d58d0-SNAPSHOT/ratis-metrics-0.5.0-d6d58d0-SNAPSHOT.jar:/home/user/.m2/repository/org/apache/ratis/ratis-netty/0.5.0-d6d58d0-SNAPSHOT/ratis-netty-0.5.0-d6d58d0-SNAPSHOT.jar:/home/user/.m2/repository/org/apache/ratis/ratis-grpc/0.5.0-d6d58d0-SNAPSHOT/ratis-grpc-0.5.0-d6d58d0-SNAPSHOT.jar:/home/user/.m2/repository/org/rocksdb/rocksdbjni/6.0.1/rocksdbjni-6.0.1.jar:/home/user/.m2/repository/org/apache/logging/log4j/log4j-api/2.11.0/log4j-api-2.11.0.jar:/home/user/.m2/repository/org/apache/logging/log4j/log4j-core/2.11.0/log4j-core-2.11.0.jar:/home/user/.m2/repository/com/lmax/disruptor/3.4.2/disruptor-3.4.2.jar:/home/user/.m2/repository/org/apache/commons/commons-pool2/2.6.0/commons-pool2-2.6.0.jar:/home/user/.m2/repository/org/bouncycastle/bcpkix-jdk15on/1.60/bcpkix-jdk15on-1.60.jar:/home/user/.m2/repository/commons-validator/commons-validator/1.6/commons-validator-1.6.jar:/home/user/.m2/repository/commons-digester/commons-digester/1.8.1/commons-digester-1.8.1.jar:/home/user/.m2/repository/io/jaegertracing/jaeger-client/0.34.0/jaeger-client-0.34.0.jar:/home/user/.m2/repository/io/jaegertracing/jaeger-thrift/0.34.0/jaeger-thrift-0.34.0.jar:/home/user/.m2/repository/org/apache/thrift/libthrift/0.12.0/libthrift-0.12.0.jar:/home/user/.m2/repository/com/squareup/okhttp3/okhttp/3.9.0/okhttp-3.9.0.jar:/home/user/.m2/repository/com/squareup/okio/okio/1.13.0/okio-1.13.0.jar:/home/user/.m2/repository/io/jaegertracing/jaeger-core/0.34.0/jaeger-core-0.34.0.jar:/home/user/.m2/repository/io/jaegertracing/jaeger-tracerresolver/0.34.0/jaeger-tracerresolver-0.34.0.jar:/home/user/.m2/repository/io/opentracing/contrib/opentracing-tracerresolver/0.1.5/opentracing-tracerresolver-0.1.5.jar:/home/user/.m2/repository/io/opentracing/opentracing-util/0.31.0/opentracing-util-0.31.0.jar:/home/user/.m2/repository/io/opentracing/opentracing-api/0.31.0/opentracing-api-0.31.0.jar:/home/user/.m2/repository/io/opentracing/opentracing-noop/0.31.0/opentracing-noop-0.31.0.jar:/home/user/.m2/repository/org/apache/hadoop/hadoop-hdds-server-framework/0.5.0-SNAPSHOT/hadoop-hdds-server-framework-0.5.0-SNAPSHOT.jar:/home/user/.m2/repository/org/apache/hadoop/hadoop-hdds-container-service/0.5.0-SNAPSHOT/hadoop-hdds-container-service-0.5.0-SNAPSHOT.jar:/home/user/.m2/repository/org/apache/hadoop/hadoop-hdds-client/0.5.0-SNAPSHOT/hadoop-hdds-client-0.5.0-SNAPSHOT.jar:/home/user/.m2/repository/org/apache/hadoop/hadoop-hdds-tools/0.5.0-SNAPSHOT/hadoop-hdds-tools-0.5.0-SNAPSHOT.jar:/home/user/.m2/repository/org/apache/hadoop/hadoop-hdds-server-scm/0.5.0-SNAPSHOT/hadoop-hdds-server-scm-0.5.0-SNAPSHOT.jar:/home/user/.m2/repository/org/apache/hadoop/hadoop-hdds-docs/0.5.0-SNAPSHOT/hadoop-hdds-docs-0.5.0-SNAPSHOT.jar:/home/user/.m2/repository/io/dropwizard/metrics/metrics-core/3.2.4/metrics-core-3.2.4.jar:/home/user/.m2/repository/org/hamcrest/hamcrest-all/1.3/hamcrest-all-1.3.jar:/home/user/.m2/repository/org/bouncycastle/bcprov-jdk15on/1.60/bcprov-jdk15on-1.60.jar:/home/user/.m2/repository/info/picocli/picocli/3.9.6/picocli-3.9.6.jar:/home/user/.m2/repository/com/google/protobuf/protobuf-java/2.5.0/protobuf-java-2.5.0.jar:/home/user/.m2/repository/com/google/guava/guava/11.0.2/guava-11.0.2.jar:/home/user/.m2/repository/org/apache/hadoop/hadoop-ozone-ozone-manager/0.5.0-SNAPSHOT/hadoop-ozone-ozone-manager-0.5.0-SNAPSHOT.jar:/home/user/.m2/repository/org/apache/hadoop/hadoop-minikdc/3.2.0/hadoop-minikdc-3.2.0.jar:/home/user/.m2/repository/commons-io/commons-io/2.5/commons-io-2.5.jar:/home/user/.m2/repository/org/apache/kerby/kerb-simplekdc/1.0.1/kerb-simplekdc-1.0.1.jar:/home/user/.m2/repository/org/apache/kerby/kerb-client/1.0.1/kerb-client-1.0.1.jar:/home/user/.m2/repository/org/apache/kerby/kerby-config/1.0.1/kerby-config-1.0.1.jar:/home/user/.m2/repository/org/apache/kerby/kerb-core/1.0.1/kerb-core-1.0.1.jar:/home/user/.m2/repository/org/apache/kerby/kerby-pkix/1.0.1/kerby-pkix-1.0.1.jar:/home/user/.m2/repository/org/apache/kerby/kerby-asn1/1.0.1/kerby-asn1-1.0.1.jar:/home/user/.m2/repository/org/apache/kerby/kerby-util/1.0.1/kerby-util-1.0.1.jar:/home/user/.m2/repository/org/apache/kerby/kerb-common/1.0.1/kerb-common-1.0.1.jar:/home/user/.m2/repository/org/apache/kerby/kerb-crypto/1.0.1/kerb-crypto-1.0.1.jar:/home/user/.m2/repository/org/apache/kerby/kerb-util/1.0.1/kerb-util-1.0.1.jar:/home/user/.m2/repository/org/apache/kerby/token-provider/1.0.1/token-provider-1.0.1.jar:/home/user/.m2/repository/org/apache/kerby/kerb-admin/1.0.1/kerb-admin-1.0.1.jar:/home/user/.m2/repository/org/apache/kerby/kerb-server/1.0.1/kerb-server-1.0.1.jar:/home/user/.m2/repository/org/apache/kerby/kerb-identity/1.0.1/kerb-identity-1.0.1.jar:/home/user/.m2/repository/org/apache/kerby/kerby-xdr/1.0.1/kerby-xdr-1.0.1.jar:/home/user/.m2/repository/org/slf4j/slf4j-log4j12/1.7.25/slf4j-log4j12-1.7.25.jar:/home/user/.m2/repository/org/apache/hadoop/hadoop-ozone-s3gateway/0.5.0-SNAPSHOT/hadoop-ozone-s3gateway-0.5.0-SNAPSHOT.jar:/home/user/.m2/repository/org/jboss/weld/servlet/weld-servlet/2.4.7.Final/weld-servlet-2.4.7.Final.jar:/home/user/.m2/repository/org/glassfish/jersey/containers/jersey-container-servlet-core/2.27/jersey-container-servlet-core-2.27.jar:/home/user/.m2/repository/org/glassfish/hk2/external/javax.inject/2.5.0-b42/javax.inject-2.5.0-b42.jar:/home/user/.m2/repository/org/glassfish/jersey/core/jersey-common/2.27/jersey-common-2.27.jar:/home/user/.m2/repository/org/glassfish/hk2/osgi-resource-locator/1.0.1/osgi-resource-locator-1.0.1.jar:/home/user/.m2/repository/javax/ws/rs/javax.ws.rs-api/2.1/javax.ws.rs-api-2.1.jar:/home/user/.m2/repository/org/glassfish/jersey/ext/cdi/jersey-cdi1x/2.27/jersey-cdi1x-2.27.jar:/home/user/.m2/repository/org/glassfish/jersey/inject/jersey-hk2/2.27/jersey-hk2-2.27.jar:/home/user/.m2/repository/org/glassfish/hk2/hk2-locator/2.5.0-b42/hk2-locator-2.5.0-b42.jar:/home/user/.m2/repository/org/javassist/javassist/3.22.0-CR2/javassist-3.22.0-CR2.jar:/home/user/.m2/repository/org/glassfish/hk2/hk2-api/2.5.0/hk2-api-2.5.0.jar:/home/user/.m2/repository/org/glassfish/hk2/external/jakarta.inject/2.5.0/jakarta.inject-2.5.0.jar:/home/user/.m2/repository/org/glassfish/hk2/hk2-utils/2.5.0/hk2-utils-2.5.0.jar:/home/user/.m2/repository/jakarta/annotation/jakarta.annotation-api/1.3.4/jakarta.annotation-api-1.3.4.jar:/home/user/.m2/repository/org/glassfish/hk2/external/aopalliance-repackaged/2.5.0/aopalliance-repackaged-2.5.0.jar:/home/user/.m2/repository/com/fasterxml/jackson/dataformat/jackson-dataformat-xml/2.9.0/jackson-dataformat-xml-2.9.0.jar:/home/user/.m2/repository/com/fasterxml/jackson/core/jackson-core/2.9.9/jackson-core-2.9.9.jar:/home/user/.m2/repository/com/fasterxml/jackson/module/jackson-module-jaxb-annotations/2.9.9/jackson-module-jaxb-annotations-2.9.9.jar:/home/user/.m2/repository/javax/enterprise/cdi-api/1.2/cdi-api-1.2.jar:/home/user/.m2/repository/javax/el/javax.el-api/3.0.0/javax.el-api-3.0.0.jar:/home/user/.m2/repository/javax/interceptor/javax.interceptor-api/1.2/javax.interceptor-api-1.2.jar:/home/user/.m2/repository/javax/inject/javax.inject/1/javax.inject-1.jar:/home/user/.m2/repository/com/sun/xml/bind/jaxb-impl/2.3.0.1/jaxb-impl-2.3.0.1.jar:/home/user/.m2/repository/com/sun/xml/bind/jaxb-core/2.3.0.1/jaxb-core-2.3.0.1.jar:/home/user/.m2/repository/javax/xml/bind/jaxb-api/2.3.0/jaxb-api-2.3.0.jar:/home/user/.m2/repository/javax/activation/activation/1.1.1/activation-1.1.1.jar:/home/user/.m2/repository/org/apache/hadoop/hadoop-ozone-csi/0.5.0-SNAPSHOT/hadoop-ozone-csi-0.5.0-SNAPSHOT.jar:/home/user/.m2/repository/com/google/protobuf/protobuf-java-util/3.5.1/protobuf-java-util-3.5.1.jar:/home/user/.m2/repository/org/apache/hadoop/hadoop-hdds-config/0.5.0-SNAPSHOT/hadoop-hdds-config-0.5.0-SNAPSHOT.jar:/home/user/.m2/repository/io/grpc/grpc-netty/1.17.1/grpc-netty-1.17.1.jar:/home/user/.m2/repository/io/grpc/grpc-core/1.17.1/grpc-core-1.17.1.jar:/home/user/.m2/repository/io/grpc/grpc-context/1.17.1/grpc-context-1.17.1.jar:/home/user/.m2/repository/com/google/errorprone/error_prone_annotations/2.2.0/error_prone_annotations-2.2.0.jar:/home/user/.m2/repository/org/codehaus/mojo/animal-sniffer-annotations/1.17/animal-sniffer-annotations-1.17.jar:/home/user/.m2/repository/io/opencensus/opencensus-api/0.17.0/opencensus-api-0.17.0.jar:/home/user/.m2/repository/io/opencensus/opencensus-contrib-grpc-metrics/0.17.0/opencensus-contrib-grpc-metrics-0.17.0.jar:/home/user/.m2/repository/io/netty/netty-codec-http2/4.1.30.Final/netty-codec-http2-4.1.30.Final.jar:/home/user/.m2/repository/io/netty/netty-codec-http/4.1.30.Final/netty-codec-http-4.1.30.Final.jar:/home/user/.m2/repository/io/netty/netty-codec/4.1.30.Final/netty-codec-4.1.30.Final.jar:/home/user/.m2/repository/io/netty/netty-handler/4.1.30.Final/netty-handler-4.1.30.Final.jar:/home/user/.m2/repository/io/netty/netty-handler-proxy/4.1.30.Final/netty-handler-proxy-4.1.30.Final.jar:/home/user/.m2/repository/io/netty/netty-codec-socks/4.1.30.Final/netty-codec-socks-4.1.30.Final.jar:/home/user/.m2/repository/io/netty/netty-transport-native-epoll/4.1.30.Final/netty-transport-native-epoll-4.1.30.Final.jar:/home/user/.m2/repository/io/netty/netty-common/4.1.30.Final/netty-common-4.1.30.Final.jar:/home/user/.m2/repository/io/netty/netty-buffer/4.1.30.Final/netty-buffer-4.1.30.Final.jar:/home/user/.m2/repository/io/netty/netty-transport/4.1.30.Final/netty-transport-4.1.30.Final.jar:/home/user/.m2/repository/io/netty/netty-resolver/4.1.30.Final/netty-resolver-4.1.30.Final.jar:/home/user/.m2/repository/io/netty/netty-transport-native-unix-common/4.1.30.Final/netty-transport-native-unix-common-4.1.30.Final.jar:/home/user/.m2/repository/io/grpc/grpc-protobuf/1.17.1/grpc-protobuf-1.17.1.jar:/home/user/.m2/repository/com/google/api/grpc/proto-google-common-protos/1.0.0/proto-google-common-protos-1.0.0.jar:/home/user/.m2/repository/io/grpc/grpc-protobuf-lite/1.17.1/grpc-protobuf-lite-1.17.1.jar:/home/user/.m2/repository/io/grpc/grpc-stub/1.17.1/grpc-stub-1.17.1.jar:/home/user/.m2/repository/org/apache/hadoop/hadoop-ozone-recon/0.5.0-SNAPSHOT/hadoop-ozone-recon-0.5.0-SNAPSHOT.jar:/home/user/.m2/repository/org/apache/hadoop/hadoop-ozone-reconcodegen/0.5.0-SNAPSHOT/hadoop-ozone-reconcodegen-0.5.0-SNAPSHOT.jar:/home/user/.m2/repository/com/google/inject/extensions/guice-multibindings/4.0/guice-multibindings-4.0.jar:/home/user/.m2/repository/com/google/inject/guice/4.0/guice-4.0.jar:/home/user/.m2/repository/aopalliance/aopalliance/1.0/aopalliance-1.0.jar:/home/user/.m2/repository/com/google/inject/extensions/guice-servlet/4.0/guice-servlet-4.0.jar:/home/user/.m2/repository/org/glassfish/jersey/containers/jersey-container-servlet/2.27/jersey-container-servlet-2.27.jar:/home/user/.m2/repository/org/glassfish/hk2/guice-bridge/2.5.0/guice-bridge-2.5.0.jar:/home/user/.m2/repository/org/glassfish/jersey/core/jersey-server/2.27/jersey-server-2.27.jar:/home/user/.m2/repository/org/glassfish/jersey/core/jersey-client/2.27/jersey-client-2.27.jar:/home/user/.m2/repository/org/glassfish/jersey/media/jersey-media-jaxb/2.27/jersey-media-jaxb-2.27.jar:/home/user/.m2/repository/javax/validation/validation-api/1.1.0.Final/validation-api-1.1.0.Final.jar:/home/user/.m2/repository/org/glassfish/jersey/media/jersey-media-json-jackson/2.27/jersey-media-json-jackson-2.27.jar:/home/user/.m2/repository/org/glassfish/jersey/ext/jersey-entity-filtering/2.27/jersey-entity-filtering-2.27.jar:/home/user/.m2/repository/com/google/inject/extensions/guice-assistedinject/4.0/guice-assistedinject-4.0.jar:/home/user/.m2/repository/org/jooq/jooq/3.11.10/jooq-3.11.10.jar:/home/user/.m2/repository/org/jooq/jooq-meta/3.11.10/jooq-meta-3.11.10.jar:/home/user/.m2/repository/org/jooq/jooq-codegen/3.11.10/jooq-codegen-3.11.10.jar:/home/user/.m2/repository/com/jolbox/bonecp/0.8.0.RELEASE/bonecp-0.8.0.RELEASE.jar:/home/user/.m2/repository/org/xerial/sqlite-jdbc/3.25.2/sqlite-jdbc-3.25.2.jar:/home/user/.m2/repository/org/springframework/spring-jdbc/5.1.3.RELEASE/spring-jdbc-5.1.3.RELEASE.jar:/home/user/.m2/repository/org/springframework/spring-beans/5.1.3.RELEASE/spring-beans-5.1.3.RELEASE.jar:/home/user/.m2/repository/org/springframework/spring-core/5.1.3.RELEASE/spring-core-5.1.3.RELEASE.jar:/home/user/.m2/repository/org/springframework/spring-jcl/5.1.3.RELEASE/spring-jcl-5.1.3.RELEASE.jar:/home/user/.m2/repository/org/springframework/spring-tx/5.1.3.RELEASE/spring-tx-5.1.3.RELEASE.jar:/home/user/.m2/repository/org/apache/hadoop/hadoop-ozone-client/0.5.0-SNAPSHOT/hadoop-ozone-client-0.5.0-SNAPSHOT.jar:/home/user/.m2/repository/commons-lang/commons-lang/2.6/commons-lang-2.6.jar:/home/user/.m2/repository/org/apache/hadoop/hadoop-ozone-ozone-manager/0.5.0-SNAPSHOT/hadoop-ozone-ozone-manager-0.5.0-SNAPSHOT-tests.jar:/home/user/.m2/repository/junit/junit/4.11/junit-4.11.jar:/home/user/.m2/repository/org/hamcrest/hamcrest-core/1.3/hamcrest-core-1.3.jar:/home/user/.m2/repository/org/openjdk/jmh/jmh-core/1.19/jmh-core-1.19.jar:/home/user/.m2/repository/net/sf/jopt-simple/jopt-simple/4.6/jopt-simple-4.6.jar:/home/user/.m2/repository/org/apache/commons/commons-math3/3.1.1/commons-math3-3.1.1.jar:/home/user/.m2/repository/org/openjdk/jmh/jmh-generator-annprocess/1.19/jmh-generator-annprocess-1.19.jar:/home/user/.m2/repository/org/mockito/mockito-all/1.8.5/mockito-all-1.8.5.jar:/home/user/.m2/repository/org/apache/hadoop/hadoop-kms/3.2.0/hadoop-kms-3.2.0.jar:/home/user/.m2/repository/org/apache/hadoop/hadoop-auth/3.2.0/hadoop-auth-3.2.0.jar:/home/user/.m2/repository/com/nimbusds/nimbus-jose-jwt/4.41.1/nimbus-jose-jwt-4.41.1.jar:/home/user/.m2/repository/com/github/stephenc/jcip/jcip-annotations/1.0-1/jcip-annotations-1.0-1.jar:/home/user/.m2/repository/net/minidev/json-smart/2.3/json-smart-2.3.jar:/home/user/.m2/repository/net/minidev/accessors-smart/1.2/accessors-smart-1.2.jar:/home/user/.m2/repository/org/ow2/asm/asm/5.0.4/asm-5.0.4.jar:/home/user/.m2/repository/org/apache/curator/curator-framework/2.12.0/curator-framework-2.12.0.jar:/home/user/.m2/repository/com/sun/jersey/jersey-core/1.19/jersey-core-1.19.jar:/home/user/.m2/repository/javax/ws/rs/jsr311-api/1.1.1/jsr311-api-1.1.1.jar:/home/user/.m2/repository/com/sun/jersey/jersey-server/1.19/jersey-server-1.19.jar:/home/user/.m2/repository/javax/servlet/javax.servlet-api/3.1.0/javax.servlet-api-3.1.0.jar:/home/user/.m2/repository/org/eclipse/jetty/jetty-server/9.3.25.v20180904/jetty-server-9.3.25.v20180904.jar:/home/user/.m2/repository/org/eclipse/jetty/jetty-http/9.3.25.v20180904/jetty-http-9.3.25.v20180904.jar:/home/user/.m2/repository/org/eclipse/jetty/jetty-io/9.3.25.v20180904/jetty-io-9.3.25.v20180904.jar:/home/user/.m2/repository/org/eclipse/jetty/jetty-webapp/9.3.25.v20180904/jetty-webapp-9.3.25.v20180904.jar:/home/user/.m2/repository/org/eclipse/jetty/jetty-xml/9.3.25.v20180904/jetty-xml-9.3.25.v20180904.jar:/home/user/.m2/repository/log4j/log4j/1.2.17/log4j-1.2.17.jar:/home/user/.m2/repository/org/slf4j/slf4j-api/1.7.25/slf4j-api-1.7.25.jar:/home/user/.m2/repository/org/slf4j/jul-to-slf4j/1.7.25/jul-to-slf4j-1.7.25.jar:/home/user/.m2/repository/org/eclipse/jetty/jetty-util/9.3.25.v20180904/jetty-util-9.3.25.v20180904.jar:/home/user/.m2/repository/com/fasterxml/jackson/core/jackson-databind/2.9.9/jackson-databind-2.9.9.jar:/home/user/.m2/repository/org/apache/hadoop/hadoop-kms/3.2.0/hadoop-kms-3.2.0-tests.jar:/home/user/.m2/repository/org/apache/hadoop/hadoop-hdds-server-scm/0.5.0-SNAPSHOT/hadoop-hdds-server-scm-0.5.0-SNAPSHOT-tests.jar:/home/user/.m2/repository/org/apache/hadoop/hadoop-hdds-container-service/0.5.0-SNAPSHOT/hadoop-hdds-container-service-0.5.0-SNAPSHOT-tests.jar:/home/user/.m2/repository/org/yaml/snakeyaml/1.16/snakeyaml-1.16.jar:/home/user/.m2/repository/org/apache/hadoop/hadoop-common/3.2.0/hadoop-common-3.2.0-tests.jar:/home/user/.m2/repository/org/apache/hadoop/hadoop-annotations/3.2.0/hadoop-annotations-3.2.0.jar:/usr/lib/jvm/java-1.8.0-openjdk-1.8.0.222.b10-1.el7_7.x86_64/jre/../lib/tools.jar:/home/user/.m2/repository/commons-cli/commons-cli/1.2/commons-cli-1.2.jar:/home/user/.m2/repository/org/apache/httpcomponents/httpclient/4.5.2/httpclient-4.5.2.jar:/home/user/.m2/repository/org/apache/httpcomponents/httpcore/4.4.4/httpcore-4.4.4.jar:/home/user/.m2/repository/commons-codec/commons-codec/1.11/commons-codec-1.11.jar:/home/user/.m2/repository/commons-net/commons-net/3.6/commons-net-3.6.jar:/home/user/.m2/repository/commons-collections/commons-collections/3.2.2/commons-collections-3.2.2.jar:/home/user/.m2/repository/org/eclipse/jetty/jetty-servlet/9.3.25.v20180904/jetty-servlet-9.3.25.v20180904.jar:/home/user/.m2/repository/org/eclipse/jetty/jetty-security/9.3.25.v20180904/jetty-security-9.3.25.v20180904.jar:/home/user/.m2/repository/javax/servlet/jsp/jsp-api/2.1/jsp-api-2.1.jar:/home/user/.m2/repository/com/sun/jersey/jersey-servlet/1.19/jersey-servlet-1.19.jar:/home/user/.m2/repository/com/sun/jersey/jersey-json/1.19/jersey-json-1.19.jar:/home/user/.m2/repository/org/codehaus/jettison/jettison/1.1/jettison-1.1.jar:/home/user/.m2/repository/org/codehaus/jackson/jackson-core-asl/1.9.13/jackson-core-asl-1.9.13.jar:/home/user/.m2/repository/org/codehaus/jackson/jackson-mapper-asl/1.9.13/jackson-mapper-asl-1.9.13.jar:/home/user/.m2/repository/org/codehaus/jackson/jackson-jaxrs/1.9.13/jackson-jaxrs-1.9.13.jar:/home/user/.m2/repository/org/codehaus/jackson/jackson-xc/1.9.13/jackson-xc-1.9.13.jar:/home/user/.m2/repository/commons-logging/commons-logging/1.1.3/commons-logging-1.1.3.jar:/home/user/.m2/repository/commons-beanutils/commons-beanutils/1.9.4/commons-beanutils-1.9.4.jar:/home/user/.m2/repository/org/apache/commons/commons-configuration2/2.1.1/commons-configuration2-2.1.1.jar:/home/user/.m2/repository/org/apache/commons/commons-lang3/3.7/commons-lang3-3.7.jar:/home/user/.m2/repository/org/apache/commons/commons-text/1.4/commons-text-1.4.jar:/home/user/.m2/repository/org/apache/avro/avro/1.7.7/avro-1.7.7.jar:/home/user/.m2/repository/com/thoughtworks/paranamer/paranamer/2.3/paranamer-2.3.jar:/home/user/.m2/repository/org/xerial/snappy/snappy-java/1.0.5/snappy-java-1.0.5.jar:/home/user/.m2/repository/com/google/re2j/re2j/1.1/re2j-1.1.jar:/home/user/.m2/repository/com/google/code/gson/gson/2.2.4/gson-2.2.4.jar:/home/user/.m2/repository/com/jcraft/jsch/0.1.54/jsch-0.1.54.jar:/home/user/.m2/repository/org/apache/curator/curator-client/2.12.0/curator-client-2.12.0.jar:/home/user/.m2/repository/org/apache/curator/curator-recipes/2.12.0/curator-recipes-2.12.0.jar:/home/user/.m2/repository/com/google/code/findbugs/jsr305/3.0.0/jsr305-3.0.0.jar:/home/user/.m2/repository/org/apache/htrace/htrace-core4/4.1.0-incubating/htrace-core4-4.1.0-incubating.jar:/home/user/.m2/repository/org/apache/zookeeper/zookeeper/3.4.13/zookeeper-3.4.13.jar:/home/user/.m2/repository/jline/jline/0.9.94/jline-0.9.94.jar:/home/user/.m2/repository/org/apache/yetus/audience-annotations/0.5.0/audience-annotations-0.5.0.jar:/home/user/.m2/repository/org/codehaus/woodstox/stax2-api/3.1.4/stax2-api-3.1.4.jar:/home/user/.m2/repository/com/fasterxml/woodstox/woodstox-core/5.0.3/woodstox-core-5.0.3.jar:/home/user/.m2/repository/dnsjava/dnsjava/2.1.7/dnsjava-2.1.7.jar:/home/user/.m2/repository/org/apache/hadoop/hadoop-hdfs/3.2.0/hadoop-hdfs-3.2.0-tests.jar:/home/user/.m2/repository/org/eclipse/jetty/jetty-util-ajax/9.3.25.v20180904/jetty-util-ajax-9.3.25.v20180904.jar:/home/user/.m2/repository/commons-daemon/commons-daemon/1.0.13/commons-daemon-1.0.13.jar:/home/user/.m2/repository/io/netty/netty/3.10.5.Final/netty-3.10.5.Final.jar:/home/user/.m2/repository/io/netty/netty-all/4.0.52.Final/netty-all-4.0.52.Final.jar:/home/user/.m2/repository/org/fusesource/leveldbjni/leveldbjni-all/1.8/leveldbjni-all-1.8.jar:"/>
    <property name="java.vm.vendor" value="Oracle Corporation"/>
    <property name="sun.arch.data.model" value="64"/>
    <property name="test.build.dir" value="/workdir/hadoop-ozone/integration-test/target/test-dir"/>
    <property name="test.cache.data" value=""/>
    <property name="java.vendor.url" value="http://java.oracle.com/"/>
    <property name="user.timezone" value=""/>
    <property name="java.vm.specification.version" value="1.8"/>
    <property name="os.name" value="Linux"/>
    <property name="test.build.data" value="/workdir/hadoop-ozone/integration-test/target/test-dir"/>
    <property name="user.country" value="US"/>
    <property name="sun.java.launcher" value="SUN_STANDARD"/>
    <property name="sun.boot.library.path" value="/usr/lib/jvm/java-1.8.0-openjdk-1.8.0.222.b10-1.el7_7.x86_64/jre/lib/amd64"/>
    <property name="sun.java.command" value="/workdir/hadoop-ozone/integration-test/target/surefire/surefirebooter1657016890779019417.jar /workdir/hadoop-ozone/integration-test/target/surefire 2019-10-29T15-40-22_246-jvmRun1 surefire6978409222016849658tmp surefire_827169708637845492327tmp"/>
    <property name="surefire.test.class.path" value="/workdir/hadoop-ozone/integration-test/target/test-classes:/workdir/hadoop-ozone/integration-test/target/classes:/home/user/.m2/repository/org/apache/hadoop/hadoop-ozone-common/0.5.0-SNAPSHOT/hadoop-ozone-common-0.5.0-SNAPSHOT.jar:/home/user/.m2/repository/org/apache/commons/commons-compress/1.4.1/commons-compress-1.4.1.jar:/home/user/.m2/repository/org/tukaani/xz/1.0/xz-1.0.jar:/home/user/.m2/repository/org/apache/hadoop/hadoop-common/3.2.0/hadoop-common-3.2.0.jar:/home/user/.m2/repository/org/apache/hadoop/hadoop-hdfs/3.2.0/hadoop-hdfs-3.2.0.jar:/home/user/.m2/repository/org/apache/hadoop/hadoop-hdfs-client/3.2.0/hadoop-hdfs-client-3.2.0.jar:/home/user/.m2/repository/com/fasterxml/jackson/core/jackson-annotations/2.9.9/jackson-annotations-2.9.9.jar:/home/user/.m2/repository/org/apache/hadoop/hadoop-hdds-common/0.5.0-SNAPSHOT/hadoop-hdds-common-0.5.0-SNAPSHOT.jar:/home/user/.m2/repository/javax/annotation/javax.annotation-api/1.2/javax.annotation-api-1.2.jar:/home/user/.m2/repository/org/apache/ratis/ratis-server/0.5.0-d6d58d0-SNAPSHOT/ratis-server-0.5.0-d6d58d0-SNAPSHOT.jar:/home/user/.m2/repository/org/apache/ratis/ratis-thirdparty-misc/0.2.0/ratis-thirdparty-misc-0.2.0.jar:/home/user/.m2/repository/org/apache/ratis/ratis-proto/0.5.0-d6d58d0-SNAPSHOT/ratis-proto-0.5.0-d6d58d0-SNAPSHOT.jar:/home/user/.m2/repository/org/apache/ratis/ratis-common/0.5.0-d6d58d0-SNAPSHOT/ratis-common-0.5.0-d6d58d0-SNAPSHOT.jar:/home/user/.m2/repository/org/apache/ratis/ratis-client/0.5.0-d6d58d0-SNAPSHOT/ratis-client-0.5.0-d6d58d0-SNAPSHOT.jar:/home/user/.m2/repository/org/apache/ratis/ratis-metrics/0.5.0-d6d58d0-SNAPSHOT/ratis-metrics-0.5.0-d6d58d0-SNAPSHOT.jar:/home/user/.m2/repository/org/apache/ratis/ratis-netty/0.5.0-d6d58d0-SNAPSHOT/ratis-netty-0.5.0-d6d58d0-SNAPSHOT.jar:/home/user/.m2/repository/org/apache/ratis/ratis-grpc/0.5.0-d6d58d0-SNAPSHOT/ratis-grpc-0.5.0-d6d58d0-SNAPSHOT.jar:/home/user/.m2/repository/org/rocksdb/rocksdbjni/6.0.1/rocksdbjni-6.0.1.jar:/home/user/.m2/repository/org/apache/logging/log4j/log4j-api/2.11.0/log4j-api-2.11.0.jar:/home/user/.m2/repository/org/apache/logging/log4j/log4j-core/2.11.0/log4j-core-2.11.0.jar:/home/user/.m2/repository/com/lmax/disruptor/3.4.2/disruptor-3.4.2.jar:/home/user/.m2/repository/org/apache/commons/commons-pool2/2.6.0/commons-pool2-2.6.0.jar:/home/user/.m2/repository/org/bouncycastle/bcpkix-jdk15on/1.60/bcpkix-jdk15on-1.60.jar:/home/user/.m2/repository/commons-validator/commons-validator/1.6/commons-validator-1.6.jar:/home/user/.m2/repository/commons-digester/commons-digester/1.8.1/commons-digester-1.8.1.jar:/home/user/.m2/repository/io/jaegertracing/jaeger-client/0.34.0/jaeger-client-0.34.0.jar:/home/user/.m2/repository/io/jaegertracing/jaeger-thrift/0.34.0/jaeger-thrift-0.34.0.jar:/home/user/.m2/repository/org/apache/thrift/libthrift/0.12.0/libthrift-0.12.0.jar:/home/user/.m2/repository/com/squareup/okhttp3/okhttp/3.9.0/okhttp-3.9.0.jar:/home/user/.m2/repository/com/squareup/okio/okio/1.13.0/okio-1.13.0.jar:/home/user/.m2/repository/io/jaegertracing/jaeger-core/0.34.0/jaeger-core-0.34.0.jar:/home/user/.m2/repository/io/jaegertracing/jaeger-tracerresolver/0.34.0/jaeger-tracerresolver-0.34.0.jar:/home/user/.m2/repository/io/opentracing/contrib/opentracing-tracerresolver/0.1.5/opentracing-tracerresolver-0.1.5.jar:/home/user/.m2/repository/io/opentracing/opentracing-util/0.31.0/opentracing-util-0.31.0.jar:/home/user/.m2/repository/io/opentracing/opentracing-api/0.31.0/opentracing-api-0.31.0.jar:/home/user/.m2/repository/io/opentracing/opentracing-noop/0.31.0/opentracing-noop-0.31.0.jar:/home/user/.m2/repository/org/apache/hadoop/hadoop-hdds-server-framework/0.5.0-SNAPSHOT/hadoop-hdds-server-framework-0.5.0-SNAPSHOT.jar:/home/user/.m2/repository/org/apache/hadoop/hadoop-hdds-container-service/0.5.0-SNAPSHOT/hadoop-hdds-container-service-0.5.0-SNAPSHOT.jar:/home/user/.m2/repository/org/apache/hadoop/hadoop-hdds-client/0.5.0-SNAPSHOT/hadoop-hdds-client-0.5.0-SNAPSHOT.jar:/home/user/.m2/repository/org/apache/hadoop/hadoop-hdds-tools/0.5.0-SNAPSHOT/hadoop-hdds-tools-0.5.0-SNAPSHOT.jar:/home/user/.m2/repository/org/apache/hadoop/hadoop-hdds-server-scm/0.5.0-SNAPSHOT/hadoop-hdds-server-scm-0.5.0-SNAPSHOT.jar:/home/user/.m2/repository/org/apache/hadoop/hadoop-hdds-docs/0.5.0-SNAPSHOT/hadoop-hdds-docs-0.5.0-SNAPSHOT.jar:/home/user/.m2/repository/io/dropwizard/metrics/metrics-core/3.2.4/metrics-core-3.2.4.jar:/home/user/.m2/repository/org/hamcrest/hamcrest-all/1.3/hamcrest-all-1.3.jar:/home/user/.m2/repository/org/bouncycastle/bcprov-jdk15on/1.60/bcprov-jdk15on-1.60.jar:/home/user/.m2/repository/info/picocli/picocli/3.9.6/picocli-3.9.6.jar:/home/user/.m2/repository/com/google/protobuf/protobuf-java/2.5.0/protobuf-java-2.5.0.jar:/home/user/.m2/repository/com/google/guava/guava/11.0.2/guava-11.0.2.jar:/home/user/.m2/repository/org/apache/hadoop/hadoop-ozone-ozone-manager/0.5.0-SNAPSHOT/hadoop-ozone-ozone-manager-0.5.0-SNAPSHOT.jar:/home/user/.m2/repository/org/apache/hadoop/hadoop-minikdc/3.2.0/hadoop-minikdc-3.2.0.jar:/home/user/.m2/repository/commons-io/commons-io/2.5/commons-io-2.5.jar:/home/user/.m2/repository/org/apache/kerby/kerb-simplekdc/1.0.1/kerb-simplekdc-1.0.1.jar:/home/user/.m2/repository/org/apache/kerby/kerb-client/1.0.1/kerb-client-1.0.1.jar:/home/user/.m2/repository/org/apache/kerby/kerby-config/1.0.1/kerby-config-1.0.1.jar:/home/user/.m2/repository/org/apache/kerby/kerb-core/1.0.1/kerb-core-1.0.1.jar:/home/user/.m2/repository/org/apache/kerby/kerby-pkix/1.0.1/kerby-pkix-1.0.1.jar:/home/user/.m2/repository/org/apache/kerby/kerby-asn1/1.0.1/kerby-asn1-1.0.1.jar:/home/user/.m2/repository/org/apache/kerby/kerby-util/1.0.1/kerby-util-1.0.1.jar:/home/user/.m2/repository/org/apache/kerby/kerb-common/1.0.1/kerb-common-1.0.1.jar:/home/user/.m2/repository/org/apache/kerby/kerb-crypto/1.0.1/kerb-crypto-1.0.1.jar:/home/user/.m2/repository/org/apache/kerby/kerb-util/1.0.1/kerb-util-1.0.1.jar:/home/user/.m2/repository/org/apache/kerby/token-provider/1.0.1/token-provider-1.0.1.jar:/home/user/.m2/repository/org/apache/kerby/kerb-admin/1.0.1/kerb-admin-1.0.1.jar:/home/user/.m2/repository/org/apache/kerby/kerb-server/1.0.1/kerb-server-1.0.1.jar:/home/user/.m2/repository/org/apache/kerby/kerb-identity/1.0.1/kerb-identity-1.0.1.jar:/home/user/.m2/repository/org/apache/kerby/kerby-xdr/1.0.1/kerby-xdr-1.0.1.jar:/home/user/.m2/repository/org/slf4j/slf4j-log4j12/1.7.25/slf4j-log4j12-1.7.25.jar:/home/user/.m2/repository/org/apache/hadoop/hadoop-ozone-s3gateway/0.5.0-SNAPSHOT/hadoop-ozone-s3gateway-0.5.0-SNAPSHOT.jar:/home/user/.m2/repository/org/jboss/weld/servlet/weld-servlet/2.4.7.Final/weld-servlet-2.4.7.Final.jar:/home/user/.m2/repository/org/glassfish/jersey/containers/jersey-container-servlet-core/2.27/jersey-container-servlet-core-2.27.jar:/home/user/.m2/repository/org/glassfish/hk2/external/javax.inject/2.5.0-b42/javax.inject-2.5.0-b42.jar:/home/user/.m2/repository/org/glassfish/jersey/core/jersey-common/2.27/jersey-common-2.27.jar:/home/user/.m2/repository/org/glassfish/hk2/osgi-resource-locator/1.0.1/osgi-resource-locator-1.0.1.jar:/home/user/.m2/repository/javax/ws/rs/javax.ws.rs-api/2.1/javax.ws.rs-api-2.1.jar:/home/user/.m2/repository/org/glassfish/jersey/ext/cdi/jersey-cdi1x/2.27/jersey-cdi1x-2.27.jar:/home/user/.m2/repository/org/glassfish/jersey/inject/jersey-hk2/2.27/jersey-hk2-2.27.jar:/home/user/.m2/repository/org/glassfish/hk2/hk2-locator/2.5.0-b42/hk2-locator-2.5.0-b42.jar:/home/user/.m2/repository/org/javassist/javassist/3.22.0-CR2/javassist-3.22.0-CR2.jar:/home/user/.m2/repository/org/glassfish/hk2/hk2-api/2.5.0/hk2-api-2.5.0.jar:/home/user/.m2/repository/org/glassfish/hk2/external/jakarta.inject/2.5.0/jakarta.inject-2.5.0.jar:/home/user/.m2/repository/org/glassfish/hk2/hk2-utils/2.5.0/hk2-utils-2.5.0.jar:/home/user/.m2/repository/jakarta/annotation/jakarta.annotation-api/1.3.4/jakarta.annotation-api-1.3.4.jar:/home/user/.m2/repository/org/glassfish/hk2/external/aopalliance-repackaged/2.5.0/aopalliance-repackaged-2.5.0.jar:/home/user/.m2/repository/com/fasterxml/jackson/dataformat/jackson-dataformat-xml/2.9.0/jackson-dataformat-xml-2.9.0.jar:/home/user/.m2/repository/com/fasterxml/jackson/core/jackson-core/2.9.9/jackson-core-2.9.9.jar:/home/user/.m2/repository/com/fasterxml/jackson/module/jackson-module-jaxb-annotations/2.9.9/jackson-module-jaxb-annotations-2.9.9.jar:/home/user/.m2/repository/javax/enterprise/cdi-api/1.2/cdi-api-1.2.jar:/home/user/.m2/repository/javax/el/javax.el-api/3.0.0/javax.el-api-3.0.0.jar:/home/user/.m2/repository/javax/interceptor/javax.interceptor-api/1.2/javax.interceptor-api-1.2.jar:/home/user/.m2/repository/javax/inject/javax.inject/1/javax.inject-1.jar:/home/user/.m2/repository/com/sun/xml/bind/jaxb-impl/2.3.0.1/jaxb-impl-2.3.0.1.jar:/home/user/.m2/repository/com/sun/xml/bind/jaxb-core/2.3.0.1/jaxb-core-2.3.0.1.jar:/home/user/.m2/repository/javax/xml/bind/jaxb-api/2.3.0/jaxb-api-2.3.0.jar:/home/user/.m2/repository/javax/activation/activation/1.1.1/activation-1.1.1.jar:/home/user/.m2/repository/org/apache/hadoop/hadoop-ozone-csi/0.5.0-SNAPSHOT/hadoop-ozone-csi-0.5.0-SNAPSHOT.jar:/home/user/.m2/repository/com/google/protobuf/protobuf-java-util/3.5.1/protobuf-java-util-3.5.1.jar:/home/user/.m2/repository/org/apache/hadoop/hadoop-hdds-config/0.5.0-SNAPSHOT/hadoop-hdds-config-0.5.0-SNAPSHOT.jar:/home/user/.m2/repository/io/grpc/grpc-netty/1.17.1/grpc-netty-1.17.1.jar:/home/user/.m2/repository/io/grpc/grpc-core/1.17.1/grpc-core-1.17.1.jar:/home/user/.m2/repository/io/grpc/grpc-context/1.17.1/grpc-context-1.17.1.jar:/home/user/.m2/repository/com/google/errorprone/error_prone_annotations/2.2.0/error_prone_annotations-2.2.0.jar:/home/user/.m2/repository/org/codehaus/mojo/animal-sniffer-annotations/1.17/animal-sniffer-annotations-1.17.jar:/home/user/.m2/repository/io/opencensus/opencensus-api/0.17.0/opencensus-api-0.17.0.jar:/home/user/.m2/repository/io/opencensus/opencensus-contrib-grpc-metrics/0.17.0/opencensus-contrib-grpc-metrics-0.17.0.jar:/home/user/.m2/repository/io/netty/netty-codec-http2/4.1.30.Final/netty-codec-http2-4.1.30.Final.jar:/home/user/.m2/repository/io/netty/netty-codec-http/4.1.30.Final/netty-codec-http-4.1.30.Final.jar:/home/user/.m2/repository/io/netty/netty-codec/4.1.30.Final/netty-codec-4.1.30.Final.jar:/home/user/.m2/repository/io/netty/netty-handler/4.1.30.Final/netty-handler-4.1.30.Final.jar:/home/user/.m2/repository/io/netty/netty-handler-proxy/4.1.30.Final/netty-handler-proxy-4.1.30.Final.jar:/home/user/.m2/repository/io/netty/netty-codec-socks/4.1.30.Final/netty-codec-socks-4.1.30.Final.jar:/home/user/.m2/repository/io/netty/netty-transport-native-epoll/4.1.30.Final/netty-transport-native-epoll-4.1.30.Final.jar:/home/user/.m2/repository/io/netty/netty-common/4.1.30.Final/netty-common-4.1.30.Final.jar:/home/user/.m2/repository/io/netty/netty-buffer/4.1.30.Final/netty-buffer-4.1.30.Final.jar:/home/user/.m2/repository/io/netty/netty-transport/4.1.30.Final/netty-transport-4.1.30.Final.jar:/home/user/.m2/repository/io/netty/netty-resolver/4.1.30.Final/netty-resolver-4.1.30.Final.jar:/home/user/.m2/repository/io/netty/netty-transport-native-unix-common/4.1.30.Final/netty-transport-native-unix-common-4.1.30.Final.jar:/home/user/.m2/repository/io/grpc/grpc-protobuf/1.17.1/grpc-protobuf-1.17.1.jar:/home/user/.m2/repository/com/google/api/grpc/proto-google-common-protos/1.0.0/proto-google-common-protos-1.0.0.jar:/home/user/.m2/repository/io/grpc/grpc-protobuf-lite/1.17.1/grpc-protobuf-lite-1.17.1.jar:/home/user/.m2/repository/io/grpc/grpc-stub/1.17.1/grpc-stub-1.17.1.jar:/home/user/.m2/repository/org/apache/hadoop/hadoop-ozone-recon/0.5.0-SNAPSHOT/hadoop-ozone-recon-0.5.0-SNAPSHOT.jar:/home/user/.m2/repository/org/apache/hadoop/hadoop-ozone-reconcodegen/0.5.0-SNAPSHOT/hadoop-ozone-reconcodegen-0.5.0-SNAPSHOT.jar:/home/user/.m2/repository/com/google/inject/extensions/guice-multibindings/4.0/guice-multibindings-4.0.jar:/home/user/.m2/repository/com/google/inject/guice/4.0/guice-4.0.jar:/home/user/.m2/repository/aopalliance/aopalliance/1.0/aopalliance-1.0.jar:/home/user/.m2/repository/com/google/inject/extensions/guice-servlet/4.0/guice-servlet-4.0.jar:/home/user/.m2/repository/org/glassfish/jersey/containers/jersey-container-servlet/2.27/jersey-container-servlet-2.27.jar:/home/user/.m2/repository/org/glassfish/hk2/guice-bridge/2.5.0/guice-bridge-2.5.0.jar:/home/user/.m2/repository/org/glassfish/jersey/core/jersey-server/2.27/jersey-server-2.27.jar:/home/user/.m2/repository/org/glassfish/jersey/core/jersey-client/2.27/jersey-client-2.27.jar:/home/user/.m2/repository/org/glassfish/jersey/media/jersey-media-jaxb/2.27/jersey-media-jaxb-2.27.jar:/home/user/.m2/repository/javax/validation/validation-api/1.1.0.Final/validation-api-1.1.0.Final.jar:/home/user/.m2/repository/org/glassfish/jersey/media/jersey-media-json-jackson/2.27/jersey-media-json-jackson-2.27.jar:/home/user/.m2/repository/org/glassfish/jersey/ext/jersey-entity-filtering/2.27/jersey-entity-filtering-2.27.jar:/home/user/.m2/repository/com/google/inject/extensions/guice-assistedinject/4.0/guice-assistedinject-4.0.jar:/home/user/.m2/repository/org/jooq/jooq/3.11.10/jooq-3.11.10.jar:/home/user/.m2/repository/org/jooq/jooq-meta/3.11.10/jooq-meta-3.11.10.jar:/home/user/.m2/repository/org/jooq/jooq-codegen/3.11.10/jooq-codegen-3.11.10.jar:/home/user/.m2/repository/com/jolbox/bonecp/0.8.0.RELEASE/bonecp-0.8.0.RELEASE.jar:/home/user/.m2/repository/org/xerial/sqlite-jdbc/3.25.2/sqlite-jdbc-3.25.2.jar:/home/user/.m2/repository/org/springframework/spring-jdbc/5.1.3.RELEASE/spring-jdbc-5.1.3.RELEASE.jar:/home/user/.m2/repository/org/springframework/spring-beans/5.1.3.RELEASE/spring-beans-5.1.3.RELEASE.jar:/home/user/.m2/repository/org/springframework/spring-core/5.1.3.RELEASE/spring-core-5.1.3.RELEASE.jar:/home/user/.m2/repository/org/springframework/spring-jcl/5.1.3.RELEASE/spring-jcl-5.1.3.RELEASE.jar:/home/user/.m2/repository/org/springframework/spring-tx/5.1.3.RELEASE/spring-tx-5.1.3.RELEASE.jar:/home/user/.m2/repository/org/apache/hadoop/hadoop-ozone-client/0.5.0-SNAPSHOT/hadoop-ozone-client-0.5.0-SNAPSHOT.jar:/home/user/.m2/repository/commons-lang/commons-lang/2.6/commons-lang-2.6.jar:/home/user/.m2/repository/org/apache/hadoop/hadoop-ozone-ozone-manager/0.5.0-SNAPSHOT/hadoop-ozone-ozone-manager-0.5.0-SNAPSHOT-tests.jar:/home/user/.m2/repository/junit/junit/4.11/junit-4.11.jar:/home/user/.m2/repository/org/hamcrest/hamcrest-core/1.3/hamcrest-core-1.3.jar:/home/user/.m2/repository/org/openjdk/jmh/jmh-core/1.19/jmh-core-1.19.jar:/home/user/.m2/repository/net/sf/jopt-simple/jopt-simple/4.6/jopt-simple-4.6.jar:/home/user/.m2/repository/org/apache/commons/commons-math3/3.1.1/commons-math3-3.1.1.jar:/home/user/.m2/repository/org/openjdk/jmh/jmh-generator-annprocess/1.19/jmh-generator-annprocess-1.19.jar:/home/user/.m2/repository/org/mockito/mockito-all/1.8.5/mockito-all-1.8.5.jar:/home/user/.m2/repository/org/apache/hadoop/hadoop-kms/3.2.0/hadoop-kms-3.2.0.jar:/home/user/.m2/repository/org/apache/hadoop/hadoop-auth/3.2.0/hadoop-auth-3.2.0.jar:/home/user/.m2/repository/com/nimbusds/nimbus-jose-jwt/4.41.1/nimbus-jose-jwt-4.41.1.jar:/home/user/.m2/repository/com/github/stephenc/jcip/jcip-annotations/1.0-1/jcip-annotations-1.0-1.jar:/home/user/.m2/repository/net/minidev/json-smart/2.3/json-smart-2.3.jar:/home/user/.m2/repository/net/minidev/accessors-smart/1.2/accessors-smart-1.2.jar:/home/user/.m2/repository/org/ow2/asm/asm/5.0.4/asm-5.0.4.jar:/home/user/.m2/repository/org/apache/curator/curator-framework/2.12.0/curator-framework-2.12.0.jar:/home/user/.m2/repository/com/sun/jersey/jersey-core/1.19/jersey-core-1.19.jar:/home/user/.m2/repository/javax/ws/rs/jsr311-api/1.1.1/jsr311-api-1.1.1.jar:/home/user/.m2/repository/com/sun/jersey/jersey-server/1.19/jersey-server-1.19.jar:/home/user/.m2/repository/javax/servlet/javax.servlet-api/3.1.0/javax.servlet-api-3.1.0.jar:/home/user/.m2/repository/org/eclipse/jetty/jetty-server/9.3.25.v20180904/jetty-server-9.3.25.v20180904.jar:/home/user/.m2/repository/org/eclipse/jetty/jetty-http/9.3.25.v20180904/jetty-http-9.3.25.v20180904.jar:/home/user/.m2/repository/org/eclipse/jetty/jetty-io/9.3.25.v20180904/jetty-io-9.3.25.v20180904.jar:/home/user/.m2/repository/org/eclipse/jetty/jetty-webapp/9.3.25.v20180904/jetty-webapp-9.3.25.v20180904.jar:/home/user/.m2/repository/org/eclipse/jetty/jetty-xml/9.3.25.v20180904/jetty-xml-9.3.25.v20180904.jar:/home/user/.m2/repository/log4j/log4j/1.2.17/log4j-1.2.17.jar:/home/user/.m2/repository/org/slf4j/slf4j-api/1.7.25/slf4j-api-1.7.25.jar:/home/user/.m2/repository/org/slf4j/jul-to-slf4j/1.7.25/jul-to-slf4j-1.7.25.jar:/home/user/.m2/repository/org/eclipse/jetty/jetty-util/9.3.25.v20180904/jetty-util-9.3.25.v20180904.jar:/home/user/.m2/repository/com/fasterxml/jackson/core/jackson-databind/2.9.9/jackson-databind-2.9.9.jar:/home/user/.m2/repository/org/apache/hadoop/hadoop-kms/3.2.0/hadoop-kms-3.2.0-tests.jar:/home/user/.m2/repository/org/apache/hadoop/hadoop-hdds-server-scm/0.5.0-SNAPSHOT/hadoop-hdds-server-scm-0.5.0-SNAPSHOT-tests.jar:/home/user/.m2/repository/org/apache/hadoop/hadoop-hdds-container-service/0.5.0-SNAPSHOT/hadoop-hdds-container-service-0.5.0-SNAPSHOT-tests.jar:/home/user/.m2/repository/org/yaml/snakeyaml/1.16/snakeyaml-1.16.jar:/home/user/.m2/repository/org/apache/hadoop/hadoop-common/3.2.0/hadoop-common-3.2.0-tests.jar:/home/user/.m2/repository/org/apache/hadoop/hadoop-annotations/3.2.0/hadoop-annotations-3.2.0.jar:/usr/lib/jvm/java-1.8.0-openjdk-1.8.0.222.b10-1.el7_7.x86_64/jre/../lib/tools.jar:/home/user/.m2/repository/commons-cli/commons-cli/1.2/commons-cli-1.2.jar:/home/user/.m2/repository/org/apache/httpcomponents/httpclient/4.5.2/httpclient-4.5.2.jar:/home/user/.m2/repository/org/apache/httpcomponents/httpcore/4.4.4/httpcore-4.4.4.jar:/home/user/.m2/repository/commons-codec/commons-codec/1.11/commons-codec-1.11.jar:/home/user/.m2/repository/commons-net/commons-net/3.6/commons-net-3.6.jar:/home/user/.m2/repository/commons-collections/commons-collections/3.2.2/commons-collections-3.2.2.jar:/home/user/.m2/repository/org/eclipse/jetty/jetty-servlet/9.3.25.v20180904/jetty-servlet-9.3.25.v20180904.jar:/home/user/.m2/repository/org/eclipse/jetty/jetty-security/9.3.25.v20180904/jetty-security-9.3.25.v20180904.jar:/home/user/.m2/repository/javax/servlet/jsp/jsp-api/2.1/jsp-api-2.1.jar:/home/user/.m2/repository/com/sun/jersey/jersey-servlet/1.19/jersey-servlet-1.19.jar:/home/user/.m2/repository/com/sun/jersey/jersey-json/1.19/jersey-json-1.19.jar:/home/user/.m2/repository/org/codehaus/jettison/jettison/1.1/jettison-1.1.jar:/home/user/.m2/repository/org/codehaus/jackson/jackson-core-asl/1.9.13/jackson-core-asl-1.9.13.jar:/home/user/.m2/repository/org/codehaus/jackson/jackson-mapper-asl/1.9.13/jackson-mapper-asl-1.9.13.jar:/home/user/.m2/repository/org/codehaus/jackson/jackson-jaxrs/1.9.13/jackson-jaxrs-1.9.13.jar:/home/user/.m2/repository/org/codehaus/jackson/jackson-xc/1.9.13/jackson-xc-1.9.13.jar:/home/user/.m2/repository/commons-logging/commons-logging/1.1.3/commons-logging-1.1.3.jar:/home/user/.m2/repository/commons-beanutils/commons-beanutils/1.9.4/commons-beanutils-1.9.4.jar:/home/user/.m2/repository/org/apache/commons/commons-configuration2/2.1.1/commons-configuration2-2.1.1.jar:/home/user/.m2/repository/org/apache/commons/commons-lang3/3.7/commons-lang3-3.7.jar:/home/user/.m2/repository/org/apache/commons/commons-text/1.4/commons-text-1.4.jar:/home/user/.m2/repository/org/apache/avro/avro/1.7.7/avro-1.7.7.jar:/home/user/.m2/repository/com/thoughtworks/paranamer/paranamer/2.3/paranamer-2.3.jar:/home/user/.m2/repository/org/xerial/snappy/snappy-java/1.0.5/snappy-java-1.0.5.jar:/home/user/.m2/repository/com/google/re2j/re2j/1.1/re2j-1.1.jar:/home/user/.m2/repository/com/google/code/gson/gson/2.2.4/gson-2.2.4.jar:/home/user/.m2/repository/com/jcraft/jsch/0.1.54/jsch-0.1.54.jar:/home/user/.m2/repository/org/apache/curator/curator-client/2.12.0/curator-client-2.12.0.jar:/home/user/.m2/repository/org/apache/curator/curator-recipes/2.12.0/curator-recipes-2.12.0.jar:/home/user/.m2/repository/com/google/code/findbugs/jsr305/3.0.0/jsr305-3.0.0.jar:/home/user/.m2/repository/org/apache/htrace/htrace-core4/4.1.0-incubating/htrace-core4-4.1.0-incubating.jar:/home/user/.m2/repository/org/apache/zookeeper/zookeeper/3.4.13/zookeeper-3.4.13.jar:/home/user/.m2/repository/jline/jline/0.9.94/jline-0.9.94.jar:/home/user/.m2/repository/org/apache/yetus/audience-annotations/0.5.0/audience-annotations-0.5.0.jar:/home/user/.m2/repository/org/codehaus/woodstox/stax2-api/3.1.4/stax2-api-3.1.4.jar:/home/user/.m2/repository/com/fasterxml/woodstox/woodstox-core/5.0.3/woodstox-core-5.0.3.jar:/home/user/.m2/repository/dnsjava/dnsjava/2.1.7/dnsjava-2.1.7.jar:/home/user/.m2/repository/org/apache/hadoop/hadoop-hdfs/3.2.0/hadoop-hdfs-3.2.0-tests.jar:/home/user/.m2/repository/org/eclipse/jetty/jetty-util-ajax/9.3.25.v20180904/jetty-util-ajax-9.3.25.v20180904.jar:/home/user/.m2/repository/commons-daemon/commons-daemon/1.0.13/commons-daemon-1.0.13.jar:/home/user/.m2/repository/io/netty/netty/3.10.5.Final/netty-3.10.5.Final.jar:/home/user/.m2/repository/io/netty/netty-all/4.0.52.Final/netty-all-4.0.52.Final.jar:/home/user/.m2/repository/org/fusesource/leveldbjni/leveldbjni-all/1.8/leveldbjni-all-1.8.jar:"/>
    <property name="sun.cpu.endian" value="little"/>
    <property name="user.home" value="/home/user"/>
    <property name="user.language" value="en"/>
    <property name="java.specification.vendor" value="Oracle Corporation"/>
    <property name="java.home" value="/usr/lib/jvm/java-1.8.0-openjdk-1.8.0.222.b10-1.el7_7.x86_64/jre"/>
    <property name="surefire.excludesFile" value="/tools/ozone-bad-unit-tests"/>
    <property name="java.security.krb5.conf" value="/workdir/hadoop-ozone/integration-test/target/test-classes/krb5.conf"/>
    <property name="basedir" value="/workdir/hadoop-ozone/integration-test"/>
    <property name="file.separator" value="/"/>
    <property name="line.separator" value="&#10;"/>
    <property name="java.vm.specification.vendor" value="Oracle Corporation"/>
    <property name="java.specification.name" value="Java Platform API Specification"/>
    <property name="java.awt.graphicsenv" value="sun.awt.X11GraphicsEnvironment"/>
    <property name="surefire.real.class.path" value="/workdir/hadoop-ozone/integration-test/target/surefire/surefirebooter1657016890779019417.jar"/>
    <property name="hadoop.log.dir" value="/workdir/hadoop-ozone/integration-test/target/log"/>
    <property name="sun.boot.class.path" value="/usr/lib/jvm/java-1.8.0-openjdk-1.8.0.222.b10-1.el7_7.x86_64/jre/lib/resources.jar:/usr/lib/jvm/java-1.8.0-openjdk-1.8.0.222.b10-1.el7_7.x86_64/jre/lib/rt.jar:/usr/lib/jvm/java-1.8.0-openjdk-1.8.0.222.b10-1.el7_7.x86_64/jre/lib/sunrsasign.jar:/usr/lib/jvm/java-1.8.0-openjdk-1.8.0.222.b10-1.el7_7.x86_64/jre/lib/jsse.jar:/usr/lib/jvm/java-1.8.0-openjdk-1.8.0.222.b10-1.el7_7.x86_64/jre/lib/jce.jar:/usr/lib/jvm/java-1.8.0-openjdk-1.8.0.222.b10-1.el7_7.x86_64/jre/lib/charsets.jar:/usr/lib/jvm/java-1.8.0-openjdk-1.8.0.222.b10-1.el7_7.x86_64/jre/lib/jfr.jar:/usr/lib/jvm/java-1.8.0-openjdk-1.8.0.222.b10-1.el7_7.x86_64/jre/classes"/>
    <property name="sun.management.compiler" value="HotSpot 64-Bit Tiered Compilers"/>
    <property name="java.runtime.version" value="1.8.0_222-b10"/>
    <property name="java.net.preferIPv4Stack" value="true"/>
    <property name="user.name" value="jenkins1000"/>
    <property name="path.separator" value=":"/>
    <property name="java.security.egd" value="file:///dev/urandom"/>
    <property name="os.version" value="3.10.0-957.12.2.el7.x86_64"/>
    <property name="java.endorsed.dirs" value="/usr/lib/jvm/java-1.8.0-openjdk-1.8.0.222.b10-1.el7_7.x86_64/jre/lib/endorsed"/>
    <property name="java.runtime.name" value="OpenJDK Runtime Environment"/>
    <property name="file.encoding" value="ANSI_X3.4-1968"/>
    <property name="java.vm.name" value="OpenJDK 64-Bit Server VM"/>
    <property name="test.build.webapps" value=""/>
    <property name="localRepository" value="/home/user/.m2/repository"/>
    <property name="java.vendor.url.bug" value="http://bugreport.sun.com/bugreport/"/>
    <property name="java.io.tmpdir" value="/tmp"/>
    <property name="require.test.libhadoop" value=""/>
    <property name="java.version" value="1.8.0_222"/>
    <property name="user.dir" value="/workdir/hadoop-ozone/integration-test"/>
    <property name="os.arch" value="amd64"/>
    <property name="java.vm.specification.name" value="Java Virtual Machine Specification"/>
    <property name="test.build.classes" value="/workdir/hadoop-ozone/integration-test/target/test-classes"/>
    <property name="java.awt.printerjob" value="sun.print.PSPrinterJob"/>
    <property name="sun.os.patch.level" value="unknown"/>
    <property name="hadoop.tmp.dir" value="/workdir/hadoop-ozone/integration-test/target/tmp"/>
    <property name="java.library.path" value="/usr/lib:/workdir/hadoop-ozone/integration-test/target/native/target/usr/local/lib:/workdir/hadoop-ozone/integration-test/../../hadoop-common-project/hadoop-common/target/native/target/usr/local/lib:/usr/java/packages/lib/amd64:/usr/lib64:/lib64:/lib:/usr/lib"/>
    <property name="java.vm.info" value="mixed mode"/>
    <property name="java.vendor" value="Oracle Corporation"/>
    <property name="java.vm.version" value="25.222-b10"/>
    <property name="java.ext.dirs" value="/usr/lib/jvm/java-1.8.0-openjdk-1.8.0.222.b10-1.el7_7.x86_64/jre/lib/ext:/usr/java/packages/lib/ext"/>
    <property name="sun.io.unicode.encoding" value="UnicodeLittle"/>
    <property name="java.class.version" value="52.0"/>
  </properties>
  <testcase name="testContainerOpsMetrics" classname="org.apache.hadoop.hdds.scm.container.metrics.TestSCMContainerManagerMetrics" time="26.149">
    <failure message="testContainerOpsMetrics failed" type="java.lang.AssertionError">java.lang.AssertionError: testContainerOpsMetrics failed
	at org.junit.Assert.fail(Assert.java:88)
	at org.apache.hadoop.hdds.scm.container.metrics.TestSCMContainerManagerMetrics.testContainerOpsMetrics(TestSCMContainerManagerMetrics.java:90)
	at sun.reflect.NativeMethodAccessorImpl.invoke0(Native Method)
	at sun.reflect.NativeMethodAccessorImpl.invoke(NativeMethodAccessorImpl.java:62)
	at sun.reflect.DelegatingMethodAccessorImpl.invoke(DelegatingMethodAccessorImpl.java:43)
	at java.lang.reflect.Method.invoke(Method.java:498)
	at org.junit.runners.model.FrameworkMethod$1.runReflectiveCall(FrameworkMethod.java:47)
	at org.junit.internal.runners.model.ReflectiveCallable.run(ReflectiveCallable.java:12)
	at org.junit.runners.model.FrameworkMethod.invokeExplosively(FrameworkMethod.java:44)
	at org.junit.internal.runners.statements.InvokeMethod.evaluate(InvokeMethod.java:17)
	at org.junit.internal.runners.statements.RunBefores.evaluate(RunBefores.java:26)
	at org.junit.internal.runners.statements.RunAfters.evaluate(RunAfters.java:27)
	at org.junit.runners.ParentRunner.runLeaf(ParentRunner.java:271)
	at org.junit.runners.BlockJUnit4ClassRunner.runChild(BlockJUnit4ClassRunner.java:70)
	at org.junit.runners.BlockJUnit4ClassRunner.runChild(BlockJUnit4ClassRunner.java:50)
	at org.junit.runners.ParentRunner$3.run(ParentRunner.java:238)
	at org.junit.runners.ParentRunner$1.schedule(ParentRunner.java:63)
	at org.junit.runners.ParentRunner.runChildren(ParentRunner.java:236)
	at org.junit.runners.ParentRunner.access$000(ParentRunner.java:53)
	at org.junit.runners.ParentRunner$2.evaluate(ParentRunner.java:229)
	at org.junit.runners.ParentRunner.run(ParentRunner.java:309)
	at org.apache.maven.surefire.junit4.JUnit4Provider.execute(JUnit4Provider.java:365)
	at org.apache.maven.surefire.junit4.JUnit4Provider.executeWithRerun(JUnit4Provider.java:273)
	at org.apache.maven.surefire.junit4.JUnit4Provider.executeTestSet(JUnit4Provider.java:238)
	at org.apache.maven.surefire.junit4.JUnit4Provider.invoke(JUnit4Provider.java:159)
	at org.apache.maven.surefire.booter.ForkedBooter.invokeProviderInSameClassLoader(ForkedBooter.java:384)
	at org.apache.maven.surefire.booter.ForkedBooter.runSuitesInProcess(ForkedBooter.java:345)
	at org.apache.maven.surefire.booter.ForkedBooter.execute(ForkedBooter.java:126)
	at org.apache.maven.surefire.booter.ForkedBooter.main(ForkedBooter.java:418)
</failure>
    <system-out><![CDATA[2019-10-29 17:14:18,312 [main] WARN  server.ServerUtils (ServerUtils.java:getScmDbDir(145)) - ozone.scm.db.dirs is not configured. We recommend adding this setting. Falling back to ozone.metadata.dirs instead.
2019-10-29 17:14:18,422 [main] WARN  server.ServerUtils (ServerUtils.java:getScmDbDir(145)) - ozone.scm.db.dirs is not configured. We recommend adding this setting. Falling back to ozone.metadata.dirs instead.
2019-10-29 17:14:18,425 [main] WARN  server.ServerUtils (ServerUtils.java:getScmDbDir(145)) - ozone.scm.db.dirs is not configured. We recommend adding this setting. Falling back to ozone.metadata.dirs instead.
2019-10-29 17:14:18,451 [main] INFO  util.log (Log.java:initialized(192)) - Logging initialized @794ms
2019-10-29 17:14:18,546 [main] INFO  db.DBStoreBuilder (DBStoreBuilder.java:addTable(127)) - using custom profile for table: deletedBlocks
2019-10-29 17:14:18,547 [main] INFO  db.DBStoreBuilder (DBStoreBuilder.java:processTables(183)) - Using default column profile:DBProfile.DISK for Table:deletedBlocks
2019-10-29 17:14:18,547 [main] INFO  db.DBStoreBuilder (DBStoreBuilder.java:addTable(127)) - using custom profile for table: validCerts
2019-10-29 17:14:18,547 [main] INFO  db.DBStoreBuilder (DBStoreBuilder.java:processTables(183)) - Using default column profile:DBProfile.DISK for Table:validCerts
2019-10-29 17:14:18,548 [main] INFO  db.DBStoreBuilder (DBStoreBuilder.java:addTable(127)) - using custom profile for table: revokedCerts
2019-10-29 17:14:18,548 [main] INFO  db.DBStoreBuilder (DBStoreBuilder.java:processTables(183)) - Using default column profile:DBProfile.DISK for Table:revokedCerts
2019-10-29 17:14:18,559 [main] INFO  db.DBStoreBuilder (DBStoreBuilder.java:addTable(127)) - using custom profile for table: default
2019-10-29 17:14:18,559 [main] INFO  db.DBStoreBuilder (DBStoreBuilder.java:processTables(189)) - Using default column profile:DBProfile.DISK for Table:default
2019-10-29 17:14:18,560 [main] INFO  db.DBStoreBuilder (DBStoreBuilder.java:getDbProfile(220)) - Using default options. DBProfile.DISK
2019-10-29 17:14:18,885 [main] INFO  net.NodeSchemaLoader (NodeSchemaLoader.java:loadSchemaFromFile(125)) - Loading file from sun.misc.CompoundEnumeration@65fb9ffc
2019-10-29 17:14:18,886 [main] INFO  net.NodeSchemaLoader (NodeSchemaLoader.java:loadSchema(171)) - Loading network topology layer schema file
2019-10-29 17:14:18,983 [main] WARN  server.ServerUtils (ServerUtils.java:sanitizeUserArgs(70)) - ozone.scm.stale.node.interval value = 300000 is larger than max = 100000 based on the key value of ozone.scm.heartbeat.thread.interval, reset to the max value 100000.
2019-10-29 17:14:18,987 [main] WARN  server.ServerUtils (ServerUtils.java:sanitizeUserArgs(70)) - ozone.scm.stale.node.interval value = 300000 is larger than max = 100000 based on the key value of ozone.scm.heartbeat.thread.interval, reset to the max value 100000.
2019-10-29 17:14:18,990 [main] INFO  node.SCMNodeManager (SCMNodeManager.java:<init>(116)) - Entering startup safe mode.
2019-10-29 17:14:19,067 [main] INFO  algorithms.ContainerPlacementPolicyFactory (ContainerPlacementPolicyFactory.java:getPolicy(57)) - Create container placement policy of type org.apache.hadoop.hdds.scm.container.placement.algorithms.SCMContainerPlacementRandom
2019-10-29 17:14:19,087 [main] WARN  server.ServerUtils (ServerUtils.java:getScmDbDir(145)) - ozone.scm.db.dirs is not configured. We recommend adding this setting. Falling back to ozone.metadata.dirs instead.
2019-10-29 17:14:19,174 [main] INFO  pipeline.SCMPipelineManager (SCMPipelineManager.java:initializePipelineState(136)) - No pipeline exists in current db
2019-10-29 17:14:19,177 [main] WARN  server.ServerUtils (ServerUtils.java:getScmDbDir(145)) - ozone.scm.db.dirs is not configured. We recommend adding this setting. Falling back to ozone.metadata.dirs instead.
2019-10-29 17:14:19,316 [main] INFO  safemode.HealthyPipelineSafeModeRule (HealthyPipelineSafeModeRule.java:<init>(91)) -  Total pipeline count is 0, healthy pipeline threshold count is 1
2019-10-29 17:14:19,320 [main] INFO  safemode.OneReplicaPipelineSafeModeRule (OneReplicaPipelineSafeModeRule.java:<init>(79)) - Total pipeline count is 0, pipeline's with at least one datanode reported threshold count is 0
2019-10-29 17:14:19,320 [main] WARN  events.EventQueue (EventQueue.java:fireEvent(183)) - No event handler registered for event TypedEvent{payloadType=SafeModeStatus, name='SafeModeStatus'}
2019-10-29 17:14:19,615 [main] INFO  ipc.CallQueueManager (CallQueueManager.java:<init>(84)) - Using callQueue: class java.util.concurrent.LinkedBlockingQueue, queueCapacity: 2000, scheduler: class org.apache.hadoop.ipc.DefaultRpcScheduler, ipcBackoff: false.
2019-10-29 17:14:19,746 [Socket Reader #1 for port 44259] INFO  ipc.Server (Server.java:run(1074)) - Starting Socket Reader #1 for port 44259
2019-10-29 17:14:19,783 [main] INFO  ipc.CallQueueManager (CallQueueManager.java:<init>(84)) - Using callQueue: class java.util.concurrent.LinkedBlockingQueue, queueCapacity: 2000, scheduler: class org.apache.hadoop.ipc.DefaultRpcScheduler, ipcBackoff: false.
2019-10-29 17:14:19,784 [Socket Reader #1 for port 46296] INFO  ipc.Server (Server.java:run(1074)) - Starting Socket Reader #1 for port 46296
2019-10-29 17:14:19,794 [main] INFO  ipc.CallQueueManager (CallQueueManager.java:<init>(84)) - Using callQueue: class java.util.concurrent.LinkedBlockingQueue, queueCapacity: 2000, scheduler: class org.apache.hadoop.ipc.DefaultRpcScheduler, ipcBackoff: false.
2019-10-29 17:14:19,795 [Socket Reader #1 for port 46843] INFO  ipc.Server (Server.java:run(1074)) - Starting Socket Reader #1 for port 46843
2019-10-29 17:14:19,824 [main] INFO  hdfs.DFSUtil (DFSUtil.java:httpServerTemplateForNNAndJN(1641)) - Starting Web-server for scm at: http://0.0.0.0:0
2019-10-29 17:14:19,990 [main] INFO  server.AuthenticationFilter (AuthenticationFilter.java:constructSecretProvider(240)) - Unable to initialize FileSignerSecretProvider, falling back to use random secrets.
2019-10-29 17:14:19,999 [main] WARN  http.HttpRequestLog (HttpRequestLog.java:getRequestLog(97)) - Jetty request log can only be enabled using Log4j
2019-10-29 17:14:20,008 [main] INFO  http.HttpServer2 (HttpServer2.java:addGlobalFilter(975)) - Added global filter 'safety' (class=org.apache.hadoop.http.HttpServer2$QuotingInputFilter)
2019-10-29 17:14:20,013 [main] INFO  http.HttpServer2 (HttpServer2.java:addFilter(948)) - Added filter static_user_filter (class=org.apache.hadoop.http.lib.StaticUserWebFilter$StaticUserFilter) to context scm
2019-10-29 17:14:20,013 [main] INFO  http.HttpServer2 (HttpServer2.java:addFilter(958)) - Added filter static_user_filter (class=org.apache.hadoop.http.lib.StaticUserWebFilter$StaticUserFilter) to context logs
2019-10-29 17:14:20,013 [main] INFO  http.HttpServer2 (HttpServer2.java:addFilter(958)) - Added filter static_user_filter (class=org.apache.hadoop.http.lib.StaticUserWebFilter$StaticUserFilter) to context static
2019-10-29 17:14:20,058 [main] INFO  server.StorageContainerManager (StorageContainerManager.java:start(771)) - StorageContainerLocationProtocol RPC server is listening at /0.0.0.0:46843
2019-10-29 17:14:20,124 [main] WARN  impl.MetricsConfig (MetricsConfig.java:loadFirst(134)) - Cannot locate configuration: tried hadoop-metrics2-storagecontainermanager.properties,hadoop-metrics2.properties
2019-10-29 17:14:20,137 [main] INFO  impl.MetricsSystemImpl (MetricsSystemImpl.java:startTimer(374)) - Scheduled Metric snapshot period at 10 second(s).
2019-10-29 17:14:20,137 [main] INFO  impl.MetricsSystemImpl (MetricsSystemImpl.java:start(191)) - StorageContainerManager metrics system started
2019-10-29 17:14:20,362 [main] INFO  server.SCMClientProtocolServer (SCMClientProtocolServer.java:start(159)) - RPC server for Client  is listening at /0.0.0.0:46843
2019-10-29 17:14:20,363 [IPC Server Responder] INFO  ipc.Server (Server.java:run(1314)) - IPC Server Responder: starting
2019-10-29 17:14:20,363 [IPC Server listener on 46843] INFO  ipc.Server (Server.java:run(1153)) - IPC Server listener on 46843: starting
2019-10-29 17:14:20,366 [main] INFO  server.StorageContainerManager (StorageContainerManager.java:start(781)) - ScmBlockLocationProtocol RPC server is listening at /0.0.0.0:46296
2019-10-29 17:14:20,366 [main] INFO  server.SCMBlockProtocolServer (SCMBlockProtocolServer.java:start(146)) - RPC server for Block Protocol is listening at /0.0.0.0:46296
2019-10-29 17:14:20,367 [IPC Server Responder] INFO  ipc.Server (Server.java:run(1314)) - IPC Server Responder: starting
2019-10-29 17:14:20,367 [IPC Server listener on 46296] INFO  ipc.Server (Server.java:run(1153)) - IPC Server listener on 46296: starting
2019-10-29 17:14:20,370 [main] INFO  server.StorageContainerManager (StorageContainerManager.java:start(785)) - ScmDatanodeProtocl RPC server is listening at /0.0.0.0:44259
2019-10-29 17:14:20,370 [main] INFO  server.SCMDatanodeProtocolServer (SCMDatanodeProtocolServer.java:start(177)) - RPC server for DataNodes is listening at /0.0.0.0:44259
2019-10-29 17:14:20,371 [IPC Server Responder] INFO  ipc.Server (Server.java:run(1314)) - IPC Server Responder: starting
2019-10-29 17:14:20,371 [IPC Server listener on 44259] INFO  ipc.Server (Server.java:run(1153)) - IPC Server listener on 44259: starting
2019-10-29 17:14:20,375 [main] INFO  http.HttpServer2 (HttpServer2.java:bindListener(1191)) - Jetty bound to port 37535
2019-10-29 17:14:20,378 [main] INFO  server.Server (Server.java:doStart(351)) - jetty-9.3.25.v20180904, build timestamp: 2018-09-04T21:11:46Z, git hash: 3ce520221d0240229c862b122d2b06c12a625732
2019-10-29 17:14:20,424 [main] INFO  handler.ContextHandler (ContextHandler.java:doStart(781)) - Started o.e.j.s.ServletContextHandler@424ebba3{/logs,file:///workdir/hadoop-ozone/integration-test/target/log,AVAILABLE}
2019-10-29 17:14:20,425 [main] INFO  handler.ContextHandler (ContextHandler.java:doStart(781)) - Started o.e.j.s.ServletContextHandler@2320fa6f{/static,file:///workdir/hadoop-ozone/integration-test/target/test-classes/webapps/static,AVAILABLE}
2019-10-29 17:14:20,457 [main] INFO  handler.ContextHandler (ContextHandler.java:doStart(781)) - Started o.e.j.w.WebAppContext@7fb9f71f{/,file:///workdir/hadoop-ozone/integration-test/target/test-classes/webapps/scm/,AVAILABLE}{/scm}
2019-10-29 17:14:20,463 [main] INFO  server.AbstractConnector (AbstractConnector.java:doStart(278)) - Started ServerConnector@407cf41{HTTP/1.1,[http/1.1]}{0.0.0.0:37535}
2019-10-29 17:14:20,463 [main] INFO  server.Server (Server.java:doStart(419)) - Started @2806ms
2019-10-29 17:14:20,465 [main] INFO  impl.MetricsSinkAdapter (MetricsSinkAdapter.java:start(204)) - Sink prometheus started
2019-10-29 17:14:20,465 [main] INFO  impl.MetricsSystemImpl (MetricsSystemImpl.java:registerSink(301)) - Registered sink prometheus
2019-10-29 17:14:20,467 [main] INFO  server.BaseHttpServer (BaseHttpServer.java:updateConnectorAddress(215)) - HTTP server of SCM is listening at http://0.0.0.0:37535
2019-10-29 17:14:20,475 [org.apache.hadoop.util.JvmPauseMonitor$Monitor@5922ae77] INFO  util.JvmPauseMonitor (JvmPauseMonitor.java:run(188)) - Starting JVM pause monitor
2019-10-29 17:14:20,482 [main] WARN  server.ServerUtils (ServerUtils.java:getDBPath(222)) - ozone.om.db.dirs is not configured. We recommend adding this setting. Falling back to ozone.metadata.dirs instead.
2019-10-29 17:14:20,603 [main] INFO  ha.OMHANodeDetails (OMHANodeDetails.java:loadOMHAConfig(190)) - Configuration either no ozone.om.address set. Falling back to the default OM address /127.0.0.1:0
2019-10-29 17:14:20,603 [main] INFO  ha.OMHANodeDetails (OMHANodeDetails.java:getOMNodeDetails(220)) - OM Service ID is not set. Setting it to the default ID: omServiceIdDefault
2019-10-29 17:14:20,605 [main] WARN  server.ServerUtils (ServerUtils.java:getDBPath(222)) - ozone.om.db.dirs is not configured. We recommend adding this setting. Falling back to ozone.metadata.dirs instead.
2019-10-29 17:14:20,606 [main] WARN  server.ServerUtils (ServerUtils.java:getDBPath(222)) - ozone.om.db.dirs is not configured. We recommend adding this setting. Falling back to ozone.metadata.dirs instead.
2019-10-29 17:14:21,248 [main] WARN  server.ServerUtils (ServerUtils.java:getDBPath(222)) - ozone.om.db.dirs is not configured. We recommend adding this setting. Falling back to ozone.metadata.dirs instead.
2019-10-29 17:14:21,256 [main] INFO  db.DBStoreBuilder (DBStoreBuilder.java:addTable(127)) - using custom profile for table: userTable
2019-10-29 17:14:21,256 [main] INFO  db.DBStoreBuilder (DBStoreBuilder.java:processTables(183)) - Using default column profile:DBProfile.DISK for Table:userTable
2019-10-29 17:14:21,256 [main] INFO  db.DBStoreBuilder (DBStoreBuilder.java:addTable(127)) - using custom profile for table: volumeTable
2019-10-29 17:14:21,256 [main] INFO  db.DBStoreBuilder (DBStoreBuilder.java:processTables(183)) - Using default column profile:DBProfile.DISK for Table:volumeTable
2019-10-29 17:14:21,257 [main] INFO  db.DBStoreBuilder (DBStoreBuilder.java:addTable(127)) - using custom profile for table: bucketTable
2019-10-29 17:14:21,257 [main] INFO  db.DBStoreBuilder (DBStoreBuilder.java:processTables(183)) - Using default column profile:DBProfile.DISK for Table:bucketTable
2019-10-29 17:14:21,257 [main] INFO  db.DBStoreBuilder (DBStoreBuilder.java:addTable(127)) - using custom profile for table: keyTable
2019-10-29 17:14:21,257 [main] INFO  db.DBStoreBuilder (DBStoreBuilder.java:processTables(183)) - Using default column profile:DBProfile.DISK for Table:keyTable
2019-10-29 17:14:21,258 [main] INFO  db.DBStoreBuilder (DBStoreBuilder.java:addTable(127)) - using custom profile for table: deletedTable
2019-10-29 17:14:21,258 [main] INFO  db.DBStoreBuilder (DBStoreBuilder.java:processTables(183)) - Using default column profile:DBProfile.DISK for Table:deletedTable
2019-10-29 17:14:21,258 [main] INFO  db.DBStoreBuilder (DBStoreBuilder.java:addTable(127)) - using custom profile for table: openKeyTable
2019-10-29 17:14:21,258 [main] INFO  db.DBStoreBuilder (DBStoreBuilder.java:processTables(183)) - Using default column profile:DBProfile.DISK for Table:openKeyTable
2019-10-29 17:14:21,259 [main] INFO  db.DBStoreBuilder (DBStoreBuilder.java:addTable(127)) - using custom profile for table: s3Table
2019-10-29 17:14:21,259 [main] INFO  db.DBStoreBuilder (DBStoreBuilder.java:processTables(183)) - Using default column profile:DBProfile.DISK for Table:s3Table
2019-10-29 17:14:21,259 [main] INFO  db.DBStoreBuilder (DBStoreBuilder.java:addTable(127)) - using custom profile for table: multipartInfoTable
2019-10-29 17:14:21,259 [main] INFO  db.DBStoreBuilder (DBStoreBuilder.java:processTables(183)) - Using default column profile:DBProfile.DISK for Table:multipartInfoTable
2019-10-29 17:14:21,259 [main] INFO  db.DBStoreBuilder (DBStoreBuilder.java:addTable(127)) - using custom profile for table: dTokenTable
2019-10-29 17:14:21,260 [main] INFO  db.DBStoreBuilder (DBStoreBuilder.java:processTables(183)) - Using default column profile:DBProfile.DISK for Table:dTokenTable
2019-10-29 17:14:21,260 [main] INFO  db.DBStoreBuilder (DBStoreBuilder.java:addTable(127)) - using custom profile for table: s3SecretTable
2019-10-29 17:14:21,260 [main] INFO  db.DBStoreBuilder (DBStoreBuilder.java:processTables(183)) - Using default column profile:DBProfile.DISK for Table:s3SecretTable
2019-10-29 17:14:21,260 [main] INFO  db.DBStoreBuilder (DBStoreBuilder.java:addTable(127)) - using custom profile for table: prefixTable
2019-10-29 17:14:21,261 [main] INFO  db.DBStoreBuilder (DBStoreBuilder.java:processTables(183)) - Using default column profile:DBProfile.DISK for Table:prefixTable
2019-10-29 17:14:21,261 [main] INFO  db.DBStoreBuilder (DBStoreBuilder.java:addTable(127)) - using custom profile for table: default
2019-10-29 17:14:21,261 [main] INFO  db.DBStoreBuilder (DBStoreBuilder.java:processTables(189)) - Using default column profile:DBProfile.DISK for Table:default
2019-10-29 17:14:21,261 [main] INFO  db.DBStoreBuilder (DBStoreBuilder.java:getDbProfile(220)) - Using default options. DBProfile.DISK
2019-10-29 17:14:21,631 [main] INFO  ipc.CallQueueManager (CallQueueManager.java:<init>(84)) - Using callQueue: class java.util.concurrent.LinkedBlockingQueue, queueCapacity: 2000, scheduler: class org.apache.hadoop.ipc.DefaultRpcScheduler, ipcBackoff: false.
2019-10-29 17:14:21,632 [Socket Reader #1 for port 39243] INFO  ipc.Server (Server.java:run(1074)) - Starting Socket Reader #1 for port 39243
2019-10-29 17:14:21,653 [main] INFO  om.OzoneManager (OzoneManager.java:start(1074)) - OzoneManager RPC server is listening at localhost/127.0.0.1:39243
2019-10-29 17:14:21,653 [main] INFO  impl.MetricsSystemImpl (MetricsSystemImpl.java:init(158)) - OzoneManager metrics system started (again)
2019-10-29 17:14:21,661 [IPC Server Responder] INFO  ipc.Server (Server.java:run(1314)) - IPC Server Responder: starting
2019-10-29 17:14:21,661 [IPC Server listener on 39243] INFO  ipc.Server (Server.java:run(1153)) - IPC Server listener on 39243: starting
2019-10-29 17:14:21,666 [main] INFO  hdfs.DFSUtil (DFSUtil.java:httpServerTemplateForNNAndJN(1641)) - Starting Web-server for ozoneManager at: http://0.0.0.0:0
2019-10-29 17:14:21,669 [main] INFO  server.AuthenticationFilter (AuthenticationFilter.java:constructSecretProvider(240)) - Unable to initialize FileSignerSecretProvider, falling back to use random secrets.
2019-10-29 17:14:21,669 [main] WARN  http.HttpRequestLog (HttpRequestLog.java:getRequestLog(97)) - Jetty request log can only be enabled using Log4j
2019-10-29 17:14:21,673 [main] INFO  http.HttpServer2 (HttpServer2.java:addGlobalFilter(975)) - Added global filter 'safety' (class=org.apache.hadoop.http.HttpServer2$QuotingInputFilter)
2019-10-29 17:14:21,674 [main] INFO  http.HttpServer2 (HttpServer2.java:addFilter(948)) - Added filter static_user_filter (class=org.apache.hadoop.http.lib.StaticUserWebFilter$StaticUserFilter) to context ozoneManager
2019-10-29 17:14:21,674 [main] INFO  http.HttpServer2 (HttpServer2.java:addFilter(958)) - Added filter static_user_filter (class=org.apache.hadoop.http.lib.StaticUserWebFilter$StaticUserFilter) to context static
2019-10-29 17:14:21,675 [main] INFO  http.HttpServer2 (HttpServer2.java:addFilter(958)) - Added filter static_user_filter (class=org.apache.hadoop.http.lib.StaticUserWebFilter$StaticUserFilter) to context logs
2019-10-29 17:14:21,678 [main] INFO  http.HttpServer2 (HttpServer2.java:bindListener(1191)) - Jetty bound to port 42594
2019-10-29 17:14:21,678 [main] INFO  server.Server (Server.java:doStart(351)) - jetty-9.3.25.v20180904, build timestamp: 2018-09-04T21:11:46Z, git hash: 3ce520221d0240229c862b122d2b06c12a625732
2019-10-29 17:14:21,681 [main] INFO  handler.ContextHandler (ContextHandler.java:doStart(781)) - Started o.e.j.s.ServletContextHandler@2eb79cbe{/logs,file:///workdir/hadoop-ozone/integration-test/target/log,AVAILABLE}
2019-10-29 17:14:21,682 [main] INFO  handler.ContextHandler (ContextHandler.java:doStart(781)) - Started o.e.j.s.ServletContextHandler@43826ec{/static,file:///workdir/hadoop-ozone/integration-test/target/test-classes/webapps/static,AVAILABLE}
2019-10-29 17:14:21,689 [main] INFO  handler.ContextHandler (ContextHandler.java:doStart(781)) - Started o.e.j.w.WebAppContext@6fca2a8f{/,file:///workdir/hadoop-ozone/integration-test/target/test-classes/webapps/ozoneManager/,AVAILABLE}{/ozoneManager}
2019-10-29 17:14:21,690 [main] INFO  server.AbstractConnector (AbstractConnector.java:doStart(278)) - Started ServerConnector@31fc71ab{HTTP/1.1,[http/1.1]}{0.0.0.0:42594}
2019-10-29 17:14:21,690 [main] INFO  server.Server (Server.java:doStart(419)) - Started @4033ms
2019-10-29 17:14:21,690 [main] WARN  impl.MetricsSystemImpl (MetricsSystemImpl.java:register(276)) - Sink prometheus already exists!
2019-10-29 17:14:21,691 [main] INFO  server.BaseHttpServer (BaseHttpServer.java:updateConnectorAddress(215)) - HTTP server of OZONEMANAGER is listening at http://0.0.0.0:42594
2019-10-29 17:14:21,952 [main] INFO  impl.MetricsSystemImpl (MetricsSystemImpl.java:init(158)) - HddsDatanode metrics system started (again)
2019-10-29 17:14:21,996 [main] INFO  ozone.HddsDatanodeService (HddsDatanodeService.java:start(184)) - HddsDatanodeService host:pr-hdds-2034-76npd-2451761435 ip:192.168.164.217
2019-10-29 17:14:22,028 [main] INFO  volume.HddsVolume (HddsVolume.java:<init>(176)) - Creating Volume: /workdir/hadoop-ozone/integration-test/target/test-dir/MiniOzoneClusterImpl-8ae979c7-f839-446d-a622-f638bed50017/datanode-0/data/containers/hdds of  storage type : DISK and capacity : 1482555576320
2019-10-29 17:14:22,030 [main] INFO  volume.VolumeSet (VolumeSet.java:initializeVolumeSet(170)) - Added Volume : /workdir/hadoop-ozone/integration-test/target/test-dir/MiniOzoneClusterImpl-8ae979c7-f839-446d-a622-f638bed50017/datanode-0/data/containers/hdds to VolumeSet
2019-10-29 17:14:22,033 [main] INFO  volume.ThrottledAsyncChecker (ThrottledAsyncChecker.java:schedule(141)) - Scheduling a check for /workdir/hadoop-ozone/integration-test/target/test-dir/MiniOzoneClusterImpl-8ae979c7-f839-446d-a622-f638bed50017/datanode-0/data/containers/hdds
2019-10-29 17:14:22,049 [main] INFO  volume.HddsVolumeChecker (HddsVolumeChecker.java:checkAllVolumes(204)) - Scheduled health check for volume /workdir/hadoop-ozone/integration-test/target/test-dir/MiniOzoneClusterImpl-8ae979c7-f839-446d-a622-f638bed50017/datanode-0/data/containers/hdds
2019-10-29 17:14:22,151 [main] INFO  impl.RaftServerProxy (ConfUtils.java:logGet(43)) - raft.rpc.type = GRPC (default)
2019-10-29 17:14:22,212 [main] INFO  grpc.GrpcFactory (GrpcFactory.java:checkPooledByteBufAllocatorUseCacheForAllThreads(45)) - PERFORMANCE WARNING: useCacheForAllThreads is true that may cause Netty to create a lot garbage objects and, as a result, trigger GC.
	It is recommended to disable useCacheForAllThreads by setting -Dorg.apache.ratis.thirdparty.io.netty.allocator.useCacheForAllThreads=false in command line.
2019-10-29 17:14:22,217 [main] INFO  grpc.GrpcConfigKeys$Server (ConfUtils.java:logGet(43)) - raft.grpc.server.port = 0 (default)
2019-10-29 17:14:22,218 [main] INFO  server.GrpcService (ConfUtils.java:logGet(43)) - raft.grpc.message.size.max = 33570816 (custom)
2019-10-29 17:14:22,220 [main] INFO  server.RaftServerConfigKeys (ConfUtils.java:logGet(43)) - raft.server.log.appender.buffer.byte-limit = 33554432 (custom)
2019-10-29 17:14:22,221 [main] INFO  server.GrpcService (ConfUtils.java:logGet(43)) - raft.grpc.flow.control.window = 1MB (=1048576) (default)
2019-10-29 17:14:22,222 [main] INFO  server.RaftServerConfigKeys (ConfUtils.java:logGet(43)) - raft.server.rpc.request.timeout = 3000ms (default)
2019-10-29 17:14:22,366 [main] INFO  server.RaftServerConfigKeys (ConfUtils.java:logGet(43)) - raft.server.storage.dir = [/workdir/hadoop-ozone/integration-test/target/test-dir/MiniOzoneClusterImpl-8ae979c7-f839-446d-a622-f638bed50017/datanode-0/data/ratis] (custom)
2019-10-29 17:14:22,426 [main] INFO  hdfs.DFSUtil (DFSUtil.java:httpServerTemplateForNNAndJN(1641)) - Starting Web-server for hddsDatanode at: http://0.0.0.0:0
2019-10-29 17:14:22,429 [main] INFO  server.AuthenticationFilter (AuthenticationFilter.java:constructSecretProvider(240)) - Unable to initialize FileSignerSecretProvider, falling back to use random secrets.
2019-10-29 17:14:22,430 [main] WARN  http.HttpRequestLog (HttpRequestLog.java:getRequestLog(97)) - Jetty request log can only be enabled using Log4j
2019-10-29 17:14:22,433 [main] INFO  http.HttpServer2 (HttpServer2.java:addGlobalFilter(975)) - Added global filter 'safety' (class=org.apache.hadoop.http.HttpServer2$QuotingInputFilter)
2019-10-29 17:14:22,434 [main] INFO  http.HttpServer2 (HttpServer2.java:addFilter(948)) - Added filter static_user_filter (class=org.apache.hadoop.http.lib.StaticUserWebFilter$StaticUserFilter) to context hddsDatanode
2019-10-29 17:14:22,434 [main] INFO  http.HttpServer2 (HttpServer2.java:addFilter(958)) - Added filter static_user_filter (class=org.apache.hadoop.http.lib.StaticUserWebFilter$StaticUserFilter) to context logs
2019-10-29 17:14:22,435 [main] INFO  http.HttpServer2 (HttpServer2.java:addFilter(958)) - Added filter static_user_filter (class=org.apache.hadoop.http.lib.StaticUserWebFilter$StaticUserFilter) to context static
2019-10-29 17:14:22,436 [main] INFO  http.HttpServer2 (HttpServer2.java:bindListener(1191)) - Jetty bound to port 45773
2019-10-29 17:14:22,437 [main] INFO  server.Server (Server.java:doStart(351)) - jetty-9.3.25.v20180904, build timestamp: 2018-09-04T21:11:46Z, git hash: 3ce520221d0240229c862b122d2b06c12a625732
2019-10-29 17:14:22,441 [main] INFO  handler.ContextHandler (ContextHandler.java:doStart(781)) - Started o.e.j.s.ServletContextHandler@472a11ae{/logs,file:///workdir/hadoop-ozone/integration-test/target/log,AVAILABLE}
2019-10-29 17:14:22,442 [main] INFO  handler.ContextHandler (ContextHandler.java:doStart(781)) - Started o.e.j.s.ServletContextHandler@30e9ca13{/static,jar:file:/home/user/.m2/repository/org/apache/hadoop/hadoop-hdds-container-service/0.5.0-SNAPSHOT/hadoop-hdds-container-service-0.5.0-SNAPSHOT.jar!/webapps/static,AVAILABLE}
2019-10-29 17:14:22,494 [main] INFO  handler.ContextHandler (ContextHandler.java:doStart(781)) - Started o.e.j.w.WebAppContext@78e22d35{/,file:///tmp/jetty-0.0.0.0-45773-hddsDatanode-_-any-4996855416444685851.dir/webapp/,AVAILABLE}{/hddsDatanode}
2019-10-29 17:14:22,494 [main] INFO  server.AbstractConnector (AbstractConnector.java:doStart(278)) - Started ServerConnector@2e8a1ab4{HTTP/1.1,[http/1.1]}{0.0.0.0:45773}
2019-10-29 17:14:22,495 [main] INFO  server.Server (Server.java:doStart(419)) - Started @4838ms
2019-10-29 17:14:22,496 [main] WARN  impl.MetricsSystemImpl (MetricsSystemImpl.java:register(276)) - Sink prometheus already exists!
2019-10-29 17:14:22,497 [main] INFO  server.BaseHttpServer (BaseHttpServer.java:updateConnectorAddress(215)) - HTTP server of HDDSDATANODE is listening at http://0.0.0.0:45773
2019-10-29 17:14:22,499 [main] INFO  impl.MetricsSystemImpl (MetricsSystemImpl.java:init(158)) - HddsDatanode metrics system started (again)
2019-10-29 17:14:22,502 [main] INFO  ozone.HddsDatanodeService (HddsDatanodeService.java:start(184)) - HddsDatanodeService host:pr-hdds-2034-76npd-2451761435 ip:192.168.164.217
2019-10-29 17:14:22,504 [org.apache.hadoop.util.JvmPauseMonitor$Monitor@2dc626cc] INFO  util.JvmPauseMonitor (JvmPauseMonitor.java:run(188)) - Starting JVM pause monitor
2019-10-29 17:14:22,513 [main] INFO  volume.HddsVolume (HddsVolume.java:<init>(176)) - Creating Volume: /workdir/hadoop-ozone/integration-test/target/test-dir/MiniOzoneClusterImpl-8ae979c7-f839-446d-a622-f638bed50017/datanode-1/data/containers/hdds of  storage type : DISK and capacity : 1482555576320
2019-10-29 17:14:22,514 [main] INFO  volume.VolumeSet (VolumeSet.java:initializeVolumeSet(170)) - Added Volume : /workdir/hadoop-ozone/integration-test/target/test-dir/MiniOzoneClusterImpl-8ae979c7-f839-446d-a622-f638bed50017/datanode-1/data/containers/hdds to VolumeSet
2019-10-29 17:14:22,514 [main] INFO  volume.ThrottledAsyncChecker (ThrottledAsyncChecker.java:schedule(141)) - Scheduling a check for /workdir/hadoop-ozone/integration-test/target/test-dir/MiniOzoneClusterImpl-8ae979c7-f839-446d-a622-f638bed50017/datanode-1/data/containers/hdds
2019-10-29 17:14:22,515 [main] INFO  volume.HddsVolumeChecker (HddsVolumeChecker.java:checkAllVolumes(204)) - Scheduled health check for volume /workdir/hadoop-ozone/integration-test/target/test-dir/MiniOzoneClusterImpl-8ae979c7-f839-446d-a622-f638bed50017/datanode-1/data/containers/hdds
2019-10-29 17:14:22,534 [main] INFO  impl.RaftServerProxy (ConfUtils.java:logGet(43)) - raft.rpc.type = GRPC (default)
2019-10-29 17:14:22,535 [main] INFO  grpc.GrpcFactory (GrpcFactory.java:checkPooledByteBufAllocatorUseCacheForAllThreads(45)) - PERFORMANCE WARNING: useCacheForAllThreads is true that may cause Netty to create a lot garbage objects and, as a result, trigger GC.
	It is recommended to disable useCacheForAllThreads by setting -Dorg.apache.ratis.thirdparty.io.netty.allocator.useCacheForAllThreads=false in command line.
2019-10-29 17:14:22,535 [main] INFO  grpc.GrpcConfigKeys$Server (ConfUtils.java:logGet(43)) - raft.grpc.server.port = 0 (default)
2019-10-29 17:14:22,535 [main] INFO  server.GrpcService (ConfUtils.java:logGet(43)) - raft.grpc.message.size.max = 33570816 (custom)
2019-10-29 17:14:22,536 [main] INFO  server.RaftServerConfigKeys (ConfUtils.java:logGet(43)) - raft.server.log.appender.buffer.byte-limit = 33554432 (custom)
2019-10-29 17:14:22,536 [main] INFO  server.GrpcService (ConfUtils.java:logGet(43)) - raft.grpc.flow.control.window = 1MB (=1048576) (default)
2019-10-29 17:14:22,537 [main] INFO  server.RaftServerConfigKeys (ConfUtils.java:logGet(43)) - raft.server.rpc.request.timeout = 3000ms (default)
2019-10-29 17:14:22,538 [main] INFO  server.RaftServerConfigKeys (ConfUtils.java:logGet(43)) - raft.server.storage.dir = [/workdir/hadoop-ozone/integration-test/target/test-dir/MiniOzoneClusterImpl-8ae979c7-f839-446d-a622-f638bed50017/datanode-1/data/ratis] (custom)
2019-10-29 17:14:22,540 [main] INFO  hdfs.DFSUtil (DFSUtil.java:httpServerTemplateForNNAndJN(1641)) - Starting Web-server for hddsDatanode at: http://0.0.0.0:0
2019-10-29 17:14:22,542 [main] INFO  server.AuthenticationFilter (AuthenticationFilter.java:constructSecretProvider(240)) - Unable to initialize FileSignerSecretProvider, falling back to use random secrets.
2019-10-29 17:14:22,543 [main] WARN  http.HttpRequestLog (HttpRequestLog.java:getRequestLog(97)) - Jetty request log can only be enabled using Log4j
2019-10-29 17:14:22,545 [main] INFO  http.HttpServer2 (HttpServer2.java:addGlobalFilter(975)) - Added global filter 'safety' (class=org.apache.hadoop.http.HttpServer2$QuotingInputFilter)
2019-10-29 17:14:22,546 [main] INFO  http.HttpServer2 (HttpServer2.java:addFilter(948)) - Added filter static_user_filter (class=org.apache.hadoop.http.lib.StaticUserWebFilter$StaticUserFilter) to context hddsDatanode
2019-10-29 17:14:22,546 [main] INFO  http.HttpServer2 (HttpServer2.java:addFilter(958)) - Added filter static_user_filter (class=org.apache.hadoop.http.lib.StaticUserWebFilter$StaticUserFilter) to context static
2019-10-29 17:14:22,547 [main] INFO  http.HttpServer2 (HttpServer2.java:addFilter(958)) - Added filter static_user_filter (class=org.apache.hadoop.http.lib.StaticUserWebFilter$StaticUserFilter) to context logs
2019-10-29 17:14:22,548 [main] INFO  http.HttpServer2 (HttpServer2.java:bindListener(1191)) - Jetty bound to port 43513
2019-10-29 17:14:22,548 [main] INFO  server.Server (Server.java:doStart(351)) - jetty-9.3.25.v20180904, build timestamp: 2018-09-04T21:11:46Z, git hash: 3ce520221d0240229c862b122d2b06c12a625732
2019-10-29 17:14:22,550 [main] INFO  handler.ContextHandler (ContextHandler.java:doStart(781)) - Started o.e.j.s.ServletContextHandler@71904469{/logs,file:///workdir/hadoop-ozone/integration-test/target/log,AVAILABLE}
2019-10-29 17:14:22,551 [main] INFO  handler.ContextHandler (ContextHandler.java:doStart(781)) - Started o.e.j.s.ServletContextHandler@761e788f{/static,jar:file:/home/user/.m2/repository/org/apache/hadoop/hadoop-hdds-container-service/0.5.0-SNAPSHOT/hadoop-hdds-container-service-0.5.0-SNAPSHOT.jar!/webapps/static,AVAILABLE}
2019-10-29 17:14:22,591 [main] INFO  handler.ContextHandler (ContextHandler.java:doStart(781)) - Started o.e.j.w.WebAppContext@48d293ee{/,file:///tmp/jetty-0.0.0.0-43513-hddsDatanode-_-any-7886434621198032451.dir/webapp/,AVAILABLE}{/hddsDatanode}
2019-10-29 17:14:22,591 [main] INFO  server.AbstractConnector (AbstractConnector.java:doStart(278)) - Started ServerConnector@146dcfe6{HTTP/1.1,[http/1.1]}{0.0.0.0:43513}
2019-10-29 17:14:22,592 [main] INFO  server.Server (Server.java:doStart(419)) - Started @4935ms
2019-10-29 17:14:22,592 [main] WARN  impl.MetricsSystemImpl (MetricsSystemImpl.java:register(276)) - Sink prometheus already exists!
2019-10-29 17:14:22,594 [main] INFO  server.BaseHttpServer (BaseHttpServer.java:updateConnectorAddress(215)) - HTTP server of HDDSDATANODE is listening at http://0.0.0.0:43513
2019-10-29 17:14:22,595 [main] INFO  impl.MetricsSystemImpl (MetricsSystemImpl.java:init(158)) - HddsDatanode metrics system started (again)
2019-10-29 17:14:22,598 [org.apache.hadoop.util.JvmPauseMonitor$Monitor@cf7c29a] INFO  util.JvmPauseMonitor (JvmPauseMonitor.java:run(188)) - Starting JVM pause monitor
2019-10-29 17:14:22,599 [main] INFO  ozone.HddsDatanodeService (HddsDatanodeService.java:start(184)) - HddsDatanodeService host:pr-hdds-2034-76npd-2451761435 ip:192.168.164.217
2019-10-29 17:14:22,609 [main] INFO  volume.HddsVolume (HddsVolume.java:<init>(176)) - Creating Volume: /workdir/hadoop-ozone/integration-test/target/test-dir/MiniOzoneClusterImpl-8ae979c7-f839-446d-a622-f638bed50017/datanode-2/data/containers/hdds of  storage type : DISK and capacity : 1482555576320
2019-10-29 17:14:22,609 [main] INFO  volume.VolumeSet (VolumeSet.java:initializeVolumeSet(170)) - Added Volume : /workdir/hadoop-ozone/integration-test/target/test-dir/MiniOzoneClusterImpl-8ae979c7-f839-446d-a622-f638bed50017/datanode-2/data/containers/hdds to VolumeSet
2019-10-29 17:14:22,609 [main] INFO  volume.ThrottledAsyncChecker (ThrottledAsyncChecker.java:schedule(141)) - Scheduling a check for /workdir/hadoop-ozone/integration-test/target/test-dir/MiniOzoneClusterImpl-8ae979c7-f839-446d-a622-f638bed50017/datanode-2/data/containers/hdds
2019-10-29 17:14:22,610 [main] INFO  volume.HddsVolumeChecker (HddsVolumeChecker.java:checkAllVolumes(204)) - Scheduled health check for volume /workdir/hadoop-ozone/integration-test/target/test-dir/MiniOzoneClusterImpl-8ae979c7-f839-446d-a622-f638bed50017/datanode-2/data/containers/hdds
2019-10-29 17:14:22,623 [Datanode State Machine Thread - 0] INFO  datanode.InitDatanodeState (InitDatanodeState.java:persistContainerDatanodeDetails(140)) - DatanodeDetails is persisted to /workdir/hadoop-ozone/integration-test/target/test-dir/MiniOzoneClusterImpl-8ae979c7-f839-446d-a622-f638bed50017/datanode-0/meta/datanode.id
2019-10-29 17:14:22,625 [Datanode State Machine Thread - 0] INFO  datanode.InitDatanodeState (InitDatanodeState.java:persistContainerDatanodeDetails(140)) - DatanodeDetails is persisted to /workdir/hadoop-ozone/integration-test/target/test-dir/MiniOzoneClusterImpl-8ae979c7-f839-446d-a622-f638bed50017/datanode-1/meta/datanode.id
2019-10-29 17:14:22,629 [main] INFO  impl.RaftServerProxy (ConfUtils.java:logGet(43)) - raft.rpc.type = GRPC (default)
2019-10-29 17:14:22,629 [main] INFO  grpc.GrpcFactory (GrpcFactory.java:checkPooledByteBufAllocatorUseCacheForAllThreads(45)) - PERFORMANCE WARNING: useCacheForAllThreads is true that may cause Netty to create a lot garbage objects and, as a result, trigger GC.
	It is recommended to disable useCacheForAllThreads by setting -Dorg.apache.ratis.thirdparty.io.netty.allocator.useCacheForAllThreads=false in command line.
2019-10-29 17:14:22,629 [main] INFO  grpc.GrpcConfigKeys$Server (ConfUtils.java:logGet(43)) - raft.grpc.server.port = 0 (default)
2019-10-29 17:14:22,629 [main] INFO  server.GrpcService (ConfUtils.java:logGet(43)) - raft.grpc.message.size.max = 33570816 (custom)
2019-10-29 17:14:22,630 [main] INFO  server.RaftServerConfigKeys (ConfUtils.java:logGet(43)) - raft.server.log.appender.buffer.byte-limit = 33554432 (custom)
2019-10-29 17:14:22,630 [main] INFO  server.GrpcService (ConfUtils.java:logGet(43)) - raft.grpc.flow.control.window = 1MB (=1048576) (default)
2019-10-29 17:14:22,630 [main] INFO  server.RaftServerConfigKeys (ConfUtils.java:logGet(43)) - raft.server.rpc.request.timeout = 3000ms (default)
2019-10-29 17:14:22,631 [main] INFO  server.RaftServerConfigKeys (ConfUtils.java:logGet(43)) - raft.server.storage.dir = [/workdir/hadoop-ozone/integration-test/target/test-dir/MiniOzoneClusterImpl-8ae979c7-f839-446d-a622-f638bed50017/datanode-2/data/ratis] (custom)
2019-10-29 17:14:22,633 [main] INFO  hdfs.DFSUtil (DFSUtil.java:httpServerTemplateForNNAndJN(1641)) - Starting Web-server for hddsDatanode at: http://0.0.0.0:0
2019-10-29 17:14:22,635 [main] INFO  server.AuthenticationFilter (AuthenticationFilter.java:constructSecretProvider(240)) - Unable to initialize FileSignerSecretProvider, falling back to use random secrets.
2019-10-29 17:14:22,635 [main] WARN  http.HttpRequestLog (HttpRequestLog.java:getRequestLog(97)) - Jetty request log can only be enabled using Log4j
2019-10-29 17:14:22,637 [main] INFO  http.HttpServer2 (HttpServer2.java:addGlobalFilter(975)) - Added global filter 'safety' (class=org.apache.hadoop.http.HttpServer2$QuotingInputFilter)
2019-10-29 17:14:22,637 [main] INFO  http.HttpServer2 (HttpServer2.java:addFilter(948)) - Added filter static_user_filter (class=org.apache.hadoop.http.lib.StaticUserWebFilter$StaticUserFilter) to context hddsDatanode
2019-10-29 17:14:22,637 [main] INFO  http.HttpServer2 (HttpServer2.java:addFilter(958)) - Added filter static_user_filter (class=org.apache.hadoop.http.lib.StaticUserWebFilter$StaticUserFilter) to context logs
2019-10-29 17:14:22,638 [main] INFO  http.HttpServer2 (HttpServer2.java:addFilter(958)) - Added filter static_user_filter (class=org.apache.hadoop.http.lib.StaticUserWebFilter$StaticUserFilter) to context static
2019-10-29 17:14:22,638 [main] INFO  http.HttpServer2 (HttpServer2.java:bindListener(1191)) - Jetty bound to port 45114
2019-10-29 17:14:22,638 [main] INFO  server.Server (Server.java:doStart(351)) - jetty-9.3.25.v20180904, build timestamp: 2018-09-04T21:11:46Z, git hash: 3ce520221d0240229c862b122d2b06c12a625732
2019-10-29 17:14:22,642 [main] INFO  handler.ContextHandler (ContextHandler.java:doStart(781)) - Started o.e.j.s.ServletContextHandler@262816a8{/logs,file:///workdir/hadoop-ozone/integration-test/target/log,AVAILABLE}
2019-10-29 17:14:22,643 [main] INFO  handler.ContextHandler (ContextHandler.java:doStart(781)) - Started o.e.j.s.ServletContextHandler@46c269e0{/static,jar:file:/home/user/.m2/repository/org/apache/hadoop/hadoop-hdds-container-service/0.5.0-SNAPSHOT/hadoop-hdds-container-service-0.5.0-SNAPSHOT.jar!/webapps/static,AVAILABLE}
2019-10-29 17:14:22,676 [main] INFO  handler.ContextHandler (ContextHandler.java:doStart(781)) - Started o.e.j.w.WebAppContext@65b97f47{/,file:///tmp/jetty-0.0.0.0-45114-hddsDatanode-_-any-5234460467450644970.dir/webapp/,AVAILABLE}{/hddsDatanode}
2019-10-29 17:14:22,676 [main] INFO  server.AbstractConnector (AbstractConnector.java:doStart(278)) - Started ServerConnector@255eaa6b{HTTP/1.1,[http/1.1]}{0.0.0.0:45114}
2019-10-29 17:14:22,677 [main] INFO  server.Server (Server.java:doStart(419)) - Started @5020ms
2019-10-29 17:14:22,678 [main] WARN  impl.MetricsSystemImpl (MetricsSystemImpl.java:register(276)) - Sink prometheus already exists!
2019-10-29 17:14:22,682 [main] INFO  server.BaseHttpServer (BaseHttpServer.java:updateConnectorAddress(215)) - HTTP server of HDDSDATANODE is listening at http://0.0.0.0:45114
2019-10-29 17:14:22,685 [main] INFO  ozone.MiniOzoneClusterImpl (MiniOzoneClusterImpl.java:lambda$waitForClusterToBeReady$0(149)) - Waiting for nodes to be ready. Got 0 of 3 DN Heartbeats.
2019-10-29 17:14:22,685 [main] INFO  ozone.MiniOzoneClusterImpl (MiniOzoneClusterImpl.java:lambda$waitForClusterToBeReady$0(152)) - Waiting for cluster to exit safe mode
2019-10-29 17:14:22,686 [org.apache.hadoop.util.JvmPauseMonitor$Monitor@21ed3fe6] INFO  util.JvmPauseMonitor (JvmPauseMonitor.java:run(188)) - Starting JVM pause monitor
2019-10-29 17:14:22,691 [Datanode State Machine Thread - 0] INFO  datanode.InitDatanodeState (InitDatanodeState.java:persistContainerDatanodeDetails(140)) - DatanodeDetails is persisted to /workdir/hadoop-ozone/integration-test/target/test-dir/MiniOzoneClusterImpl-8ae979c7-f839-446d-a622-f638bed50017/datanode-2/meta/datanode.id
2019-10-29 17:14:23,685 [main] INFO  ozone.MiniOzoneClusterImpl (MiniOzoneClusterImpl.java:lambda$waitForClusterToBeReady$0(149)) - Waiting for nodes to be ready. Got 0 of 3 DN Heartbeats.
2019-10-29 17:14:23,686 [main] INFO  ozone.MiniOzoneClusterImpl (MiniOzoneClusterImpl.java:lambda$waitForClusterToBeReady$0(152)) - Waiting for cluster to exit safe mode
2019-10-29 17:14:24,593 [Datanode State Machine Thread - 0] INFO  ozoneimpl.OzoneContainer (OzoneContainer.java:start(213)) - Attempting to start container services.
2019-10-29 17:14:24,597 [Datanode State Machine Thread - 0] INFO  ozoneimpl.OzoneContainer (OzoneContainer.java:startContainerScrub(177)) - Background container scanner has been disabled.
2019-10-29 17:14:24,597 [Datanode State Machine Thread - 0] INFO  ratis.XceiverServerRatis (XceiverServerRatis.java:start(419)) - Starting XceiverServerRatis c29b9a32-2bb8-492e-88ab-ed2e302f0578 at port 0
2019-10-29 17:14:24,615 [Datanode State Machine Thread - 0] INFO  ozoneimpl.OzoneContainer (OzoneContainer.java:start(213)) - Attempting to start container services.
2019-10-29 17:14:24,619 [Datanode State Machine Thread - 0] INFO  ozoneimpl.OzoneContainer (OzoneContainer.java:startContainerScrub(177)) - Background container scanner has been disabled.
2019-10-29 17:14:24,620 [Datanode State Machine Thread - 0] INFO  ratis.XceiverServerRatis (XceiverServerRatis.java:start(419)) - Starting XceiverServerRatis 1d9aaf82-a89e-4bd5-b7e7-910f4d8c4f47 at port 0
2019-10-29 17:14:24,632 [Datanode State Machine Thread - 0] INFO  impl.RaftServerProxy (RaftServerProxy.java:lambda$start$3(299)) - c29b9a32-2bb8-492e-88ab-ed2e302f0578: start RPC server
2019-10-29 17:14:24,639 [Datanode State Machine Thread - 0] INFO  impl.RaftServerProxy (RaftServerProxy.java:lambda$start$3(299)) - 1d9aaf82-a89e-4bd5-b7e7-910f4d8c4f47: start RPC server
2019-10-29 17:14:24,686 [main] INFO  ozone.MiniOzoneClusterImpl (MiniOzoneClusterImpl.java:lambda$waitForClusterToBeReady$0(149)) - Waiting for nodes to be ready. Got 0 of 3 DN Heartbeats.
2019-10-29 17:14:24,687 [main] INFO  ozone.MiniOzoneClusterImpl (MiniOzoneClusterImpl.java:lambda$waitForClusterToBeReady$0(152)) - Waiting for cluster to exit safe mode
2019-10-29 17:14:24,702 [Datanode State Machine Thread - 0] INFO  ozoneimpl.OzoneContainer (OzoneContainer.java:start(213)) - Attempting to start container services.
2019-10-29 17:14:24,703 [Datanode State Machine Thread - 0] INFO  ozoneimpl.OzoneContainer (OzoneContainer.java:startContainerScrub(177)) - Background container scanner has been disabled.
2019-10-29 17:14:24,703 [Datanode State Machine Thread - 0] INFO  ratis.XceiverServerRatis (XceiverServerRatis.java:start(419)) - Starting XceiverServerRatis 8ecfb80f-f1a1-47d2-a5ff-728ffb4d9fac at port 0
2019-10-29 17:14:24,714 [Datanode State Machine Thread - 0] INFO  impl.RaftServerProxy (RaftServerProxy.java:lambda$start$3(299)) - 8ecfb80f-f1a1-47d2-a5ff-728ffb4d9fac: start RPC server
2019-10-29 17:14:24,773 [Datanode State Machine Thread - 0] INFO  server.GrpcService (GrpcService.java:startImpl(158)) - c29b9a32-2bb8-492e-88ab-ed2e302f0578: GrpcService started, listening on 0.0.0.0/0.0.0.0:39960
2019-10-29 17:14:24,773 [Datanode State Machine Thread - 0] INFO  server.GrpcService (GrpcService.java:startImpl(158)) - 1d9aaf82-a89e-4bd5-b7e7-910f4d8c4f47: GrpcService started, listening on 0.0.0.0/0.0.0.0:34033
2019-10-29 17:14:24,773 [Datanode State Machine Thread - 0] INFO  server.GrpcService (GrpcService.java:startImpl(158)) - 8ecfb80f-f1a1-47d2-a5ff-728ffb4d9fac: GrpcService started, listening on 0.0.0.0/0.0.0.0:44857
2019-10-29 17:14:24,774 [Datanode State Machine Thread - 0] INFO  ratis.XceiverServerRatis (XceiverServerRatis.java:start(429)) - XceiverServerRatis 1d9aaf82-a89e-4bd5-b7e7-910f4d8c4f47 is started using port 34033
2019-10-29 17:14:24,774 [Datanode State Machine Thread - 0] INFO  ratis.XceiverServerRatis (XceiverServerRatis.java:start(429)) - XceiverServerRatis c29b9a32-2bb8-492e-88ab-ed2e302f0578 is started using port 39960
2019-10-29 17:14:24,774 [Datanode State Machine Thread - 0] INFO  ratis.XceiverServerRatis (XceiverServerRatis.java:start(429)) - XceiverServerRatis 8ecfb80f-f1a1-47d2-a5ff-728ffb4d9fac is started using port 44857
2019-10-29 17:14:24,779 [Datanode State Machine Thread - 0] INFO  server.XceiverServerGrpc (XceiverServerGrpc.java:start(149)) - XceiverServerGrpc 8ecfb80f-f1a1-47d2-a5ff-728ffb4d9fac is started using port 35605
2019-10-29 17:14:24,779 [Datanode State Machine Thread - 0] INFO  server.XceiverServerGrpc (XceiverServerGrpc.java:start(149)) - XceiverServerGrpc 1d9aaf82-a89e-4bd5-b7e7-910f4d8c4f47 is started using port 39437
2019-10-29 17:14:24,779 [Datanode State Machine Thread - 0] INFO  server.XceiverServerGrpc (XceiverServerGrpc.java:start(149)) - XceiverServerGrpc c29b9a32-2bb8-492e-88ab-ed2e302f0578 is started using port 45991
2019-10-29 17:14:25,688 [main] INFO  ozone.MiniOzoneClusterImpl (MiniOzoneClusterImpl.java:lambda$waitForClusterToBeReady$0(149)) - Waiting for nodes to be ready. Got 0 of 3 DN Heartbeats.
2019-10-29 17:14:25,688 [main] INFO  ozone.MiniOzoneClusterImpl (MiniOzoneClusterImpl.java:lambda$waitForClusterToBeReady$0(152)) - Waiting for cluster to exit safe mode
2019-10-29 17:14:26,547 [IPC Server handler 0 on 44259] INFO  net.NetworkTopology (NetworkTopologyImpl.java:add(111)) - Added a new node: /default-rack/c29b9a32-2bb8-492e-88ab-ed2e302f0578
2019-10-29 17:14:26,548 [IPC Server handler 0 on 44259] INFO  node.SCMNodeManager (SCMNodeManager.java:register(267)) - Registered Data node : c29b9a32-2bb8-492e-88ab-ed2e302f0578{ip: 192.168.164.217, host: pr-hdds-2034-76npd-2451761435, networkLocation: /default-rack, certSerialId: null}
2019-10-29 17:14:26,551 [EventQueue-NodeRegistrationContainerReportForContainerSafeModeRule] INFO  safemode.SCMSafeModeManager (SCMSafeModeManager.java:validateSafeModeExitRules(176)) - ContainerSafeModeRule rule is successfully validated
2019-10-29 17:14:26,551 [EventQueue-NodeRegistrationContainerReportForDataNodeSafeModeRule] INFO  safemode.SCMSafeModeManager (DataNodeSafeModeRule.java:process(71)) - SCM in safe mode. 1 DataNodes registered, 1 required.
2019-10-29 17:14:26,552 [EventQueue-NodeRegistrationContainerReportForDataNodeSafeModeRule] INFO  safemode.SCMSafeModeManager (SCMSafeModeManager.java:validateSafeModeExitRules(176)) - DataNodeSafeModeRule rule is successfully validated
2019-10-29 17:14:26,554 [RatisPipelineUtilsThread] INFO  pipeline.RatisPipelineProvider (RatisPipelineProvider.java:lambda$create$4(163)) - Send pipeline:PipelineID=422defe3-0c87-4857-b346-ce026907dd2d create command to datanode c29b9a32-2bb8-492e-88ab-ed2e302f0578
2019-10-29 17:14:26,604 [IPC Server handler 2 on 44259] INFO  net.NetworkTopology (NetworkTopologyImpl.java:add(111)) - Added a new node: /default-rack/1d9aaf82-a89e-4bd5-b7e7-910f4d8c4f47
2019-10-29 17:14:26,605 [IPC Server handler 2 on 44259] INFO  node.SCMNodeManager (SCMNodeManager.java:register(267)) - Registered Data node : 1d9aaf82-a89e-4bd5-b7e7-910f4d8c4f47{ip: 192.168.164.217, host: pr-hdds-2034-76npd-2451761435, networkLocation: /default-rack, certSerialId: null}
2019-10-29 17:14:26,606 [EventQueue-NodeRegistrationContainerReportForDataNodeSafeModeRule] INFO  safemode.SCMSafeModeManager (SCMSafeModeManager.java:validateSafeModeExitRules(176)) - DataNodeSafeModeRule rule is successfully validated
2019-10-29 17:14:26,606 [EventQueue-NodeRegistrationContainerReportForContainerSafeModeRule] INFO  safemode.SCMSafeModeManager (SCMSafeModeManager.java:validateSafeModeExitRules(176)) - ContainerSafeModeRule rule is successfully validated
2019-10-29 17:14:26,609 [RatisPipelineUtilsThread] INFO  pipeline.RatisPipelineProvider (RatisPipelineProvider.java:lambda$create$4(163)) - Send pipeline:PipelineID=1fa5229a-50d5-4146-be00-46a30b3314b5 create command to datanode 1d9aaf82-a89e-4bd5-b7e7-910f4d8c4f47
2019-10-29 17:14:26,689 [main] INFO  ozone.MiniOzoneClusterImpl (MiniOzoneClusterImpl.java:lambda$waitForClusterToBeReady$0(149)) - Waiting for nodes to be ready. Got 2 of 3 DN Heartbeats.
2019-10-29 17:14:26,689 [main] INFO  ozone.MiniOzoneClusterImpl (MiniOzoneClusterImpl.java:lambda$waitForClusterToBeReady$0(152)) - Waiting for cluster to exit safe mode
2019-10-29 17:14:26,689 [IPC Server handler 3 on 44259] INFO  net.NetworkTopology (NetworkTopologyImpl.java:add(111)) - Added a new node: /default-rack/8ecfb80f-f1a1-47d2-a5ff-728ffb4d9fac
2019-10-29 17:14:26,691 [RatisPipelineUtilsThread] INFO  pipeline.RatisPipelineProvider (RatisPipelineProvider.java:lambda$create$4(163)) - Send pipeline:PipelineID=f087de12-e504-4209-8e0b-34d6fc537dd7 create command to datanode 8ecfb80f-f1a1-47d2-a5ff-728ffb4d9fac
2019-10-29 17:14:26,691 [IPC Server handler 3 on 44259] INFO  node.SCMNodeManager (SCMNodeManager.java:register(267)) - Registered Data node : 8ecfb80f-f1a1-47d2-a5ff-728ffb4d9fac{ip: 192.168.164.217, host: pr-hdds-2034-76npd-2451761435, networkLocation: /default-rack, certSerialId: null}
2019-10-29 17:14:26,691 [EventQueue-NodeRegistrationContainerReportForContainerSafeModeRule] INFO  safemode.SCMSafeModeManager (SCMSafeModeManager.java:validateSafeModeExitRules(176)) - ContainerSafeModeRule rule is successfully validated
2019-10-29 17:14:26,692 [EventQueue-NodeRegistrationContainerReportForDataNodeSafeModeRule] INFO  safemode.SCMSafeModeManager (SCMSafeModeManager.java:validateSafeModeExitRules(176)) - DataNodeSafeModeRule rule is successfully validated
2019-10-29 17:14:26,693 [RatisPipelineUtilsThread] INFO  pipeline.RatisPipelineProvider (RatisPipelineProvider.java:lambda$create$4(163)) - Send pipeline:PipelineID=15effa37-da38-49e4-a56f-129e762d73c8 create command to datanode 1d9aaf82-a89e-4bd5-b7e7-910f4d8c4f47
2019-10-29 17:14:26,693 [RatisPipelineUtilsThread] INFO  pipeline.RatisPipelineProvider (RatisPipelineProvider.java:lambda$create$4(163)) - Send pipeline:PipelineID=15effa37-da38-49e4-a56f-129e762d73c8 create command to datanode 8ecfb80f-f1a1-47d2-a5ff-728ffb4d9fac
2019-10-29 17:14:26,693 [RatisPipelineUtilsThread] INFO  pipeline.RatisPipelineProvider (RatisPipelineProvider.java:lambda$create$4(163)) - Send pipeline:PipelineID=15effa37-da38-49e4-a56f-129e762d73c8 create command to datanode c29b9a32-2bb8-492e-88ab-ed2e302f0578
2019-10-29 17:14:27,690 [main] INFO  ozone.MiniOzoneClusterImpl (MiniOzoneClusterImpl.java:lambda$waitForClusterToBeReady$0(149)) - Nodes are ready. Got 3 of 3 DN Heartbeats.
2019-10-29 17:14:27,690 [main] INFO  ozone.MiniOzoneClusterImpl (MiniOzoneClusterImpl.java:lambda$waitForClusterToBeReady$0(152)) - Waiting for cluster to exit safe mode
2019-10-29 17:14:28,691 [main] INFO  ozone.MiniOzoneClusterImpl (MiniOzoneClusterImpl.java:lambda$waitForClusterToBeReady$0(149)) - Nodes are ready. Got 3 of 3 DN Heartbeats.
2019-10-29 17:14:28,691 [main] INFO  ozone.MiniOzoneClusterImpl (MiniOzoneClusterImpl.java:lambda$waitForClusterToBeReady$0(152)) - Waiting for cluster to exit safe mode
2019-10-29 17:14:29,537 [Command processor thread] INFO  impl.RaftServerProxy (RaftServerProxy.java:addNew(89)) - c29b9a32-2bb8-492e-88ab-ed2e302f0578: addNew group-CE026907DD2D:[c29b9a32-2bb8-492e-88ab-ed2e302f0578:192.168.164.217:39960] returns group-CE026907DD2D:java.util.concurrent.CompletableFuture@35ae1d69[Not completed]
2019-10-29 17:14:29,559 [pool-27-thread-1] INFO  impl.RaftServerImpl (RaftServerImpl.java:<init>(98)) - c29b9a32-2bb8-492e-88ab-ed2e302f0578: new RaftServerImpl for group-CE026907DD2D:[c29b9a32-2bb8-492e-88ab-ed2e302f0578:192.168.164.217:39960] with ContainerStateMachine:uninitialized
2019-10-29 17:14:29,561 [pool-27-thread-1] INFO  server.RaftServerConfigKeys (ConfUtils.java:logGet(43)) - raft.server.rpc.timeout.min = 5s (custom)
2019-10-29 17:14:29,562 [pool-27-thread-1] INFO  server.RaftServerConfigKeys (ConfUtils.java:logGet(43)) - raft.server.rpc.timeout.max = 5200ms (custom)
2019-10-29 17:14:29,562 [pool-27-thread-1] INFO  server.RaftServerConfigKeys (ConfUtils.java:logGet(43)) - raft.server.rpcslowness.timeout = 120s (custom)
2019-10-29 17:14:29,563 [pool-27-thread-1] INFO  server.RaftServerConfigKeys (ConfUtils.java:logGet(43)) - raft.server.sleep.deviation.threshold = 300 (default)
2019-10-29 17:14:29,564 [pool-27-thread-1] INFO  server.RaftServerConfigKeys (ConfUtils.java:logGet(43)) - raft.server.log.appender.install.snapshot.enabled = false (custom)
2019-10-29 17:14:29,572 [pool-27-thread-1] INFO  impl.RaftServerImpl (ServerState.java:<init>(103)) - c29b9a32-2bb8-492e-88ab-ed2e302f0578@group-CE026907DD2D: ConfigurationManager, init=-1: [c29b9a32-2bb8-492e-88ab-ed2e302f0578:192.168.164.217:39960], old=null, confs=<EMPTY_MAP>
2019-10-29 17:14:29,572 [pool-27-thread-1] INFO  server.RaftServerConfigKeys (ConfUtils.java:logGet(43)) - raft.server.storage.dir = [/workdir/hadoop-ozone/integration-test/target/test-dir/MiniOzoneClusterImpl-8ae979c7-f839-446d-a622-f638bed50017/datanode-0/data/ratis] (custom)
2019-10-29 17:14:29,578 [pool-27-thread-1] INFO  server.RaftServerConfigKeys (ConfUtils.java:logGet(43)) - raft.server.log.corruption.policy = EXCEPTION (default)
2019-10-29 17:14:29,580 [pool-27-thread-1] INFO  storage.RaftStorageDirectory (RaftStorageDirectory.java:analyzeStorage(246)) - The storage directory /workdir/hadoop-ozone/integration-test/target/test-dir/MiniOzoneClusterImpl-8ae979c7-f839-446d-a622-f638bed50017/datanode-0/data/ratis/422defe3-0c87-4857-b346-ce026907dd2d does not exist. Creating ...
2019-10-29 17:14:29,598 [pool-27-thread-1] INFO  storage.RaftStorageDirectory (RaftStorageDirectory.java:tryLock(328)) - Lock on /workdir/hadoop-ozone/integration-test/target/test-dir/MiniOzoneClusterImpl-8ae979c7-f839-446d-a622-f638bed50017/datanode-0/data/ratis/422defe3-0c87-4857-b346-ce026907dd2d/in_use.lock acquired by nodename 12415@pr-hdds-2034-76npd-2451761435
2019-10-29 17:14:29,600 [Command processor thread] INFO  impl.RaftServerProxy (RaftServerProxy.java:addNew(89)) - 1d9aaf82-a89e-4bd5-b7e7-910f4d8c4f47: addNew group-46A30B3314B5:[1d9aaf82-a89e-4bd5-b7e7-910f4d8c4f47:192.168.164.217:34033] returns group-46A30B3314B5:java.util.concurrent.CompletableFuture@e585f10[Not completed]
2019-10-29 17:14:29,626 [pool-37-thread-1] INFO  impl.RaftServerImpl (RaftServerImpl.java:<init>(98)) - 1d9aaf82-a89e-4bd5-b7e7-910f4d8c4f47: new RaftServerImpl for group-46A30B3314B5:[1d9aaf82-a89e-4bd5-b7e7-910f4d8c4f47:192.168.164.217:34033] with ContainerStateMachine:uninitialized
2019-10-29 17:14:29,627 [pool-37-thread-1] INFO  server.RaftServerConfigKeys (ConfUtils.java:logGet(43)) - raft.server.rpc.timeout.min = 5s (custom)
2019-10-29 17:14:29,627 [pool-27-thread-1] INFO  storage.RaftStorage (RaftStorage.java:format(84)) - Storage directory /workdir/hadoop-ozone/integration-test/target/test-dir/MiniOzoneClusterImpl-8ae979c7-f839-446d-a622-f638bed50017/datanode-0/data/ratis/422defe3-0c87-4857-b346-ce026907dd2d has been successfully formatted.
2019-10-29 17:14:29,627 [pool-37-thread-1] INFO  server.RaftServerConfigKeys (ConfUtils.java:logGet(43)) - raft.server.rpc.timeout.max = 5200ms (custom)
2019-10-29 17:14:29,628 [pool-37-thread-1] INFO  server.RaftServerConfigKeys (ConfUtils.java:logGet(43)) - raft.server.rpcslowness.timeout = 120s (custom)
2019-10-29 17:14:29,628 [pool-37-thread-1] INFO  server.RaftServerConfigKeys (ConfUtils.java:logGet(43)) - raft.server.sleep.deviation.threshold = 300 (default)
2019-10-29 17:14:29,628 [pool-37-thread-1] INFO  server.RaftServerConfigKeys (ConfUtils.java:logGet(43)) - raft.server.log.appender.install.snapshot.enabled = false (custom)
2019-10-29 17:14:29,628 [pool-37-thread-1] INFO  impl.RaftServerImpl (ServerState.java:<init>(103)) - 1d9aaf82-a89e-4bd5-b7e7-910f4d8c4f47@group-46A30B3314B5: ConfigurationManager, init=-1: [1d9aaf82-a89e-4bd5-b7e7-910f4d8c4f47:192.168.164.217:34033], old=null, confs=<EMPTY_MAP>
2019-10-29 17:14:29,628 [pool-37-thread-1] INFO  server.RaftServerConfigKeys (ConfUtils.java:logGet(43)) - raft.server.storage.dir = [/workdir/hadoop-ozone/integration-test/target/test-dir/MiniOzoneClusterImpl-8ae979c7-f839-446d-a622-f638bed50017/datanode-1/data/ratis] (custom)
2019-10-29 17:14:29,629 [pool-37-thread-1] INFO  server.RaftServerConfigKeys (ConfUtils.java:logGet(43)) - raft.server.log.corruption.policy = EXCEPTION (default)
2019-10-29 17:14:29,629 [pool-37-thread-1] INFO  storage.RaftStorageDirectory (RaftStorageDirectory.java:analyzeStorage(246)) - The storage directory /workdir/hadoop-ozone/integration-test/target/test-dir/MiniOzoneClusterImpl-8ae979c7-f839-446d-a622-f638bed50017/datanode-1/data/ratis/1fa5229a-50d5-4146-be00-46a30b3314b5 does not exist. Creating ...
2019-10-29 17:14:29,631 [pool-27-thread-1] INFO  ratis.ContainerStateMachine (ContainerStateMachine.java:loadSnapshot(231)) - group-CE026907DD2D: The snapshot info is null. Setting the last applied indexto:(t:0, i:~)
2019-10-29 17:14:29,631 [pool-27-thread-1] INFO  server.RaftServerConfigKeys (ConfUtils.java:logGet(43)) - raft.server.notification.no-leader.timeout = 120s (custom)
2019-10-29 17:14:29,634 [pool-27-thread-1] INFO  server.RaftServerConfigKeys (ConfUtils.java:logGet(43)) - raft.server.log.use.memory = false (default)
2019-10-29 17:14:29,641 [pool-27-thread-1] INFO  server.RaftServerConfigKeys (ConfUtils.java:logGet(43)) - raft.server.log.purge.gap = 1000000 (custom)
2019-10-29 17:14:29,641 [pool-27-thread-1] INFO  server.RaftServerConfigKeys (ConfUtils.java:logGet(43)) - raft.server.log.appender.buffer.byte-limit = 33554432 (custom)
2019-10-29 17:14:29,643 [pool-37-thread-1] INFO  storage.RaftStorageDirectory (RaftStorageDirectory.java:tryLock(328)) - Lock on /workdir/hadoop-ozone/integration-test/target/test-dir/MiniOzoneClusterImpl-8ae979c7-f839-446d-a622-f638bed50017/datanode-1/data/ratis/1fa5229a-50d5-4146-be00-46a30b3314b5/in_use.lock acquired by nodename 12415@pr-hdds-2034-76npd-2451761435
2019-10-29 17:14:29,644 [pool-27-thread-1] INFO  server.RaftServerConfigKeys (ConfUtils.java:logGet(43)) - raft.server.log.segment.size.max = 1048576 (custom)
2019-10-29 17:14:29,650 [pool-27-thread-1] INFO  metrics.MetricRegistries (MetricRegistriesLoader.java:load(64)) - Loaded MetricRegistries class org.apache.ratis.metrics.impl.MetricRegistriesImpl
2019-10-29 17:14:29,654 [pool-27-thread-1] WARN  impl.MetricRegistriesImpl (MetricRegistriesImpl.java:lambda$create$1(61)) - First MetricRegistry has been created without registering reporters. You may need to call MetricRegistries.global().addReportRegistration(...) before.
2019-10-29 17:14:29,657 [pool-37-thread-1] INFO  storage.RaftStorage (RaftStorage.java:format(84)) - Storage directory /workdir/hadoop-ozone/integration-test/target/test-dir/MiniOzoneClusterImpl-8ae979c7-f839-446d-a622-f638bed50017/datanode-1/data/ratis/1fa5229a-50d5-4146-be00-46a30b3314b5 has been successfully formatted.
2019-10-29 17:14:29,658 [pool-37-thread-1] INFO  ratis.ContainerStateMachine (ContainerStateMachine.java:loadSnapshot(231)) - group-46A30B3314B5: The snapshot info is null. Setting the last applied indexto:(t:0, i:~)
2019-10-29 17:14:29,659 [pool-37-thread-1] INFO  server.RaftServerConfigKeys (ConfUtils.java:logGet(43)) - raft.server.notification.no-leader.timeout = 120s (custom)
2019-10-29 17:14:29,659 [pool-37-thread-1] INFO  server.RaftServerConfigKeys (ConfUtils.java:logGet(43)) - raft.server.log.use.memory = false (default)
2019-10-29 17:14:29,660 [pool-37-thread-1] INFO  server.RaftServerConfigKeys (ConfUtils.java:logGet(43)) - raft.server.log.purge.gap = 1000000 (custom)
2019-10-29 17:14:29,660 [pool-37-thread-1] INFO  server.RaftServerConfigKeys (ConfUtils.java:logGet(43)) - raft.server.log.appender.buffer.byte-limit = 33554432 (custom)
2019-10-29 17:14:29,660 [pool-37-thread-1] INFO  server.RaftServerConfigKeys (ConfUtils.java:logGet(43)) - raft.server.log.segment.size.max = 1048576 (custom)
2019-10-29 17:14:29,660 [pool-37-thread-1] WARN  impl.MetricRegistriesImpl (MetricRegistriesImpl.java:lambda$create$1(61)) - First MetricRegistry has been created without registering reporters. You may need to call MetricRegistries.global().addReportRegistration(...) before.
2019-10-29 17:14:29,663 [pool-27-thread-1] INFO  server.RaftServerConfigKeys (ConfUtils.java:logGet(43)) - raft.server.log.segment.cache.num.max = 2 (custom)
2019-10-29 17:14:29,663 [pool-37-thread-1] INFO  server.RaftServerConfigKeys (ConfUtils.java:logGet(43)) - raft.server.log.segment.cache.num.max = 2 (custom)
2019-10-29 17:14:29,669 [pool-27-thread-1] INFO  segmented.SegmentedRaftLogWorker (SegmentedRaftLogWorker.java:<init>(173)) - new c29b9a32-2bb8-492e-88ab-ed2e302f0578@group-CE026907DD2D-SegmentedRaftLogWorker for RaftStorage:Storage Directory /workdir/hadoop-ozone/integration-test/target/test-dir/MiniOzoneClusterImpl-8ae979c7-f839-446d-a622-f638bed50017/datanode-0/data/ratis/422defe3-0c87-4857-b346-ce026907dd2d
2019-10-29 17:14:29,669 [pool-37-thread-1] INFO  segmented.SegmentedRaftLogWorker (SegmentedRaftLogWorker.java:<init>(173)) - new 1d9aaf82-a89e-4bd5-b7e7-910f4d8c4f47@group-46A30B3314B5-SegmentedRaftLogWorker for RaftStorage:Storage Directory /workdir/hadoop-ozone/integration-test/target/test-dir/MiniOzoneClusterImpl-8ae979c7-f839-446d-a622-f638bed50017/datanode-1/data/ratis/1fa5229a-50d5-4146-be00-46a30b3314b5
2019-10-29 17:14:29,670 [pool-27-thread-1] INFO  server.RaftServerConfigKeys (ConfUtils.java:logGet(43)) - raft.server.log.queue.byte-limit = 2147483647 (custom)
2019-10-29 17:14:29,671 [pool-37-thread-1] INFO  server.RaftServerConfigKeys (ConfUtils.java:logGet(43)) - raft.server.log.queue.byte-limit = 2147483647 (custom)
2019-10-29 17:14:29,671 [pool-27-thread-1] INFO  server.RaftServerConfigKeys (ConfUtils.java:logGet(43)) - raft.server.log.queue.element-limit = 1024 (custom)
2019-10-29 17:14:29,671 [pool-37-thread-1] INFO  server.RaftServerConfigKeys (ConfUtils.java:logGet(43)) - raft.server.log.queue.element-limit = 1024 (custom)
2019-10-29 17:14:29,672 [pool-27-thread-1] INFO  server.RaftServerConfigKeys (ConfUtils.java:logGet(43)) - raft.server.log.segment.size.max = 1048576 (custom)
2019-10-29 17:14:29,673 [pool-37-thread-1] INFO  server.RaftServerConfigKeys (ConfUtils.java:logGet(43)) - raft.server.log.segment.size.max = 1048576 (custom)
2019-10-29 17:14:29,673 [pool-27-thread-1] INFO  server.RaftServerConfigKeys (ConfUtils.java:logGet(43)) - raft.server.log.preallocated.size = 16384 (custom)
2019-10-29 17:14:29,673 [pool-37-thread-1] INFO  server.RaftServerConfigKeys (ConfUtils.java:logGet(43)) - raft.server.log.preallocated.size = 16384 (custom)
2019-10-29 17:14:29,674 [pool-27-thread-1] INFO  server.RaftServerConfigKeys (ConfUtils.java:logGet(43)) - raft.server.log.write.buffer.size = 33554432 (custom)
2019-10-29 17:14:29,674 [pool-37-thread-1] INFO  server.RaftServerConfigKeys (ConfUtils.java:logGet(43)) - raft.server.log.write.buffer.size = 33554432 (custom)
2019-10-29 17:14:29,674 [pool-27-thread-1] INFO  server.RaftServerConfigKeys (ConfUtils.java:logGet(43)) - raft.server.log.force.sync.num = 128 (default)
2019-10-29 17:14:29,674 [pool-37-thread-1] INFO  server.RaftServerConfigKeys (ConfUtils.java:logGet(43)) - raft.server.log.force.sync.num = 128 (default)
2019-10-29 17:14:29,676 [pool-27-thread-1] INFO  server.RaftServerConfigKeys (ConfUtils.java:logGet(43)) - raft.server.log.statemachine.data.sync = true (default)
2019-10-29 17:14:29,676 [pool-37-thread-1] INFO  server.RaftServerConfigKeys (ConfUtils.java:logGet(43)) - raft.server.log.statemachine.data.sync = true (default)
2019-10-29 17:14:29,676 [pool-27-thread-1] INFO  server.RaftServerConfigKeys (ConfUtils.java:logGet(43)) - raft.server.log.statemachine.data.sync.timeout = 10s (default)
2019-10-29 17:14:29,676 [pool-37-thread-1] INFO  server.RaftServerConfigKeys (ConfUtils.java:logGet(43)) - raft.server.log.statemachine.data.sync.timeout = 10s (default)
2019-10-29 17:14:29,677 [pool-27-thread-1] INFO  server.RaftServerConfigKeys (ConfUtils.java:logGet(43)) - raft.server.log.statemachine.data.sync.timeout.retry = -1 (default)
2019-10-29 17:14:29,677 [pool-37-thread-1] INFO  server.RaftServerConfigKeys (ConfUtils.java:logGet(43)) - raft.server.log.statemachine.data.sync.timeout.retry = -1 (default)
2019-10-29 17:14:29,688 [Command processor thread] INFO  impl.RaftServerProxy (RaftServerProxy.java:addNew(89)) - 8ecfb80f-f1a1-47d2-a5ff-728ffb4d9fac: addNew group-34D6FC537DD7:[8ecfb80f-f1a1-47d2-a5ff-728ffb4d9fac:192.168.164.217:44857] returns group-34D6FC537DD7:java.util.concurrent.CompletableFuture@785e0800[Not completed]
2019-10-29 17:14:29,692 [main] INFO  ozone.MiniOzoneClusterImpl (MiniOzoneClusterImpl.java:lambda$waitForClusterToBeReady$0(149)) - Nodes are ready. Got 3 of 3 DN Heartbeats.
2019-10-29 17:14:29,705 [main] INFO  ozone.MiniOzoneClusterImpl (MiniOzoneClusterImpl.java:lambda$waitForClusterToBeReady$0(152)) - Waiting for cluster to exit safe mode
2019-10-29 17:14:29,705 [pool-37-thread-1] INFO  server.RaftServerConfigKeys (ConfUtils.java:logGet(43)) - raft.server.log.statemachine.data.caching.enabled = true (custom)
2019-10-29 17:14:29,705 [pool-27-thread-1] INFO  server.RaftServerConfigKeys (ConfUtils.java:logGet(43)) - raft.server.log.statemachine.data.caching.enabled = true (custom)
2019-10-29 17:14:29,705 [pool-47-thread-1] INFO  impl.RaftServerImpl (RaftServerImpl.java:<init>(98)) - 8ecfb80f-f1a1-47d2-a5ff-728ffb4d9fac: new RaftServerImpl for group-34D6FC537DD7:[8ecfb80f-f1a1-47d2-a5ff-728ffb4d9fac:192.168.164.217:44857] with ContainerStateMachine:uninitialized
2019-10-29 17:14:29,706 [pool-47-thread-1] INFO  server.RaftServerConfigKeys (ConfUtils.java:logGet(43)) - raft.server.rpc.timeout.min = 5s (custom)
2019-10-29 17:14:29,707 [pool-47-thread-1] INFO  server.RaftServerConfigKeys (ConfUtils.java:logGet(43)) - raft.server.rpc.timeout.max = 5200ms (custom)
2019-10-29 17:14:29,707 [pool-47-thread-1] INFO  server.RaftServerConfigKeys (ConfUtils.java:logGet(43)) - raft.server.rpcslowness.timeout = 120s (custom)
2019-10-29 17:14:29,707 [pool-47-thread-1] INFO  server.RaftServerConfigKeys (ConfUtils.java:logGet(43)) - raft.server.sleep.deviation.threshold = 300 (default)
2019-10-29 17:14:29,707 [pool-47-thread-1] INFO  server.RaftServerConfigKeys (ConfUtils.java:logGet(43)) - raft.server.log.appender.install.snapshot.enabled = false (custom)
2019-10-29 17:14:29,707 [pool-47-thread-1] INFO  impl.RaftServerImpl (ServerState.java:<init>(103)) - 8ecfb80f-f1a1-47d2-a5ff-728ffb4d9fac@group-34D6FC537DD7: ConfigurationManager, init=-1: [8ecfb80f-f1a1-47d2-a5ff-728ffb4d9fac:192.168.164.217:44857], old=null, confs=<EMPTY_MAP>
2019-10-29 17:14:29,708 [pool-47-thread-1] INFO  server.RaftServerConfigKeys (ConfUtils.java:logGet(43)) - raft.server.storage.dir = [/workdir/hadoop-ozone/integration-test/target/test-dir/MiniOzoneClusterImpl-8ae979c7-f839-446d-a622-f638bed50017/datanode-2/data/ratis] (custom)
2019-10-29 17:14:29,708 [pool-47-thread-1] INFO  server.RaftServerConfigKeys (ConfUtils.java:logGet(43)) - raft.server.log.corruption.policy = EXCEPTION (default)
2019-10-29 17:14:29,708 [pool-47-thread-1] INFO  storage.RaftStorageDirectory (RaftStorageDirectory.java:analyzeStorage(246)) - The storage directory /workdir/hadoop-ozone/integration-test/target/test-dir/MiniOzoneClusterImpl-8ae979c7-f839-446d-a622-f638bed50017/datanode-2/data/ratis/f087de12-e504-4209-8e0b-34d6fc537dd7 does not exist. Creating ...
2019-10-29 17:14:29,713 [pool-37-thread-1] INFO  segmented.SegmentedRaftLogWorker (SegmentedRaftLogWorker.java:lambda$new$0(128)) - 1d9aaf82-a89e-4bd5-b7e7-910f4d8c4f47@group-46A30B3314B5-SegmentedRaftLogWorker: flushIndex: setUnconditionally 0 -> -1
2019-10-29 17:14:29,713 [pool-27-thread-1] INFO  segmented.SegmentedRaftLogWorker (SegmentedRaftLogWorker.java:lambda$new$0(128)) - c29b9a32-2bb8-492e-88ab-ed2e302f0578@group-CE026907DD2D-SegmentedRaftLogWorker: flushIndex: setUnconditionally 0 -> -1
2019-10-29 17:14:29,718 [pool-27-thread-1] INFO  server.RaftServerConfigKeys (ConfUtils.java:logGet(43)) - raft.server.snapshot.auto.trigger.enabled = true (custom)
2019-10-29 17:14:29,718 [pool-37-thread-1] INFO  server.RaftServerConfigKeys (ConfUtils.java:logGet(43)) - raft.server.snapshot.auto.trigger.enabled = true (custom)
2019-10-29 17:14:29,720 [pool-27-thread-1] INFO  server.RaftServerConfigKeys (ConfUtils.java:logGet(43)) - raft.server.snapshot.auto.trigger.threshold = 10000 (custom)
2019-10-29 17:14:29,720 [pool-37-thread-1] INFO  server.RaftServerConfigKeys (ConfUtils.java:logGet(43)) - raft.server.snapshot.auto.trigger.threshold = 10000 (custom)
2019-10-29 17:14:29,720 [pool-27-thread-1] INFO  server.RaftServerConfigKeys (ConfUtils.java:logGet(43)) - raft.server.snapshot.retention.file.num = 5 (custom)
2019-10-29 17:14:29,720 [pool-37-thread-1] INFO  server.RaftServerConfigKeys (ConfUtils.java:logGet(43)) - raft.server.snapshot.retention.file.num = 5 (custom)
2019-10-29 17:14:29,721 [pool-27-thread-1] INFO  server.RaftServerConfigKeys (ConfUtils.java:logGet(43)) - raft.server.retrycache.expirytime = 600000ms (custom)
2019-10-29 17:14:29,721 [pool-37-thread-1] INFO  server.RaftServerConfigKeys (ConfUtils.java:logGet(43)) - raft.server.retrycache.expirytime = 600000ms (custom)
2019-10-29 17:14:29,721 [pool-47-thread-1] INFO  storage.RaftStorageDirectory (RaftStorageDirectory.java:tryLock(328)) - Lock on /workdir/hadoop-ozone/integration-test/target/test-dir/MiniOzoneClusterImpl-8ae979c7-f839-446d-a622-f638bed50017/datanode-2/data/ratis/f087de12-e504-4209-8e0b-34d6fc537dd7/in_use.lock acquired by nodename 12415@pr-hdds-2034-76npd-2451761435
2019-10-29 17:14:29,734 [pool-47-thread-1] INFO  storage.RaftStorage (RaftStorage.java:format(84)) - Storage directory /workdir/hadoop-ozone/integration-test/target/test-dir/MiniOzoneClusterImpl-8ae979c7-f839-446d-a622-f638bed50017/datanode-2/data/ratis/f087de12-e504-4209-8e0b-34d6fc537dd7 has been successfully formatted.
2019-10-29 17:14:29,734 [pool-47-thread-1] INFO  ratis.ContainerStateMachine (ContainerStateMachine.java:loadSnapshot(231)) - group-34D6FC537DD7: The snapshot info is null. Setting the last applied indexto:(t:0, i:~)
2019-10-29 17:14:29,734 [pool-47-thread-1] INFO  server.RaftServerConfigKeys (ConfUtils.java:logGet(43)) - raft.server.notification.no-leader.timeout = 120s (custom)
2019-10-29 17:14:29,735 [pool-47-thread-1] INFO  server.RaftServerConfigKeys (ConfUtils.java:logGet(43)) - raft.server.log.use.memory = false (default)
2019-10-29 17:14:29,735 [pool-47-thread-1] INFO  server.RaftServerConfigKeys (ConfUtils.java:logGet(43)) - raft.server.log.purge.gap = 1000000 (custom)
2019-10-29 17:14:29,735 [pool-47-thread-1] INFO  server.RaftServerConfigKeys (ConfUtils.java:logGet(43)) - raft.server.log.appender.buffer.byte-limit = 33554432 (custom)
2019-10-29 17:14:29,735 [pool-47-thread-1] INFO  server.RaftServerConfigKeys (ConfUtils.java:logGet(43)) - raft.server.log.segment.size.max = 1048576 (custom)
2019-10-29 17:14:29,735 [pool-47-thread-1] WARN  impl.MetricRegistriesImpl (MetricRegistriesImpl.java:lambda$create$1(61)) - First MetricRegistry has been created without registering reporters. You may need to call MetricRegistries.global().addReportRegistration(...) before.
2019-10-29 17:14:29,735 [pool-47-thread-1] INFO  server.RaftServerConfigKeys (ConfUtils.java:logGet(43)) - raft.server.log.segment.cache.num.max = 2 (custom)
2019-10-29 17:14:29,736 [pool-47-thread-1] INFO  segmented.SegmentedRaftLogWorker (SegmentedRaftLogWorker.java:<init>(173)) - new 8ecfb80f-f1a1-47d2-a5ff-728ffb4d9fac@group-34D6FC537DD7-SegmentedRaftLogWorker for RaftStorage:Storage Directory /workdir/hadoop-ozone/integration-test/target/test-dir/MiniOzoneClusterImpl-8ae979c7-f839-446d-a622-f638bed50017/datanode-2/data/ratis/f087de12-e504-4209-8e0b-34d6fc537dd7
2019-10-29 17:14:29,736 [pool-47-thread-1] INFO  server.RaftServerConfigKeys (ConfUtils.java:logGet(43)) - raft.server.log.queue.byte-limit = 2147483647 (custom)
2019-10-29 17:14:29,736 [pool-47-thread-1] INFO  server.RaftServerConfigKeys (ConfUtils.java:logGet(43)) - raft.server.log.queue.element-limit = 1024 (custom)
2019-10-29 17:14:29,736 [pool-47-thread-1] INFO  server.RaftServerConfigKeys (ConfUtils.java:logGet(43)) - raft.server.log.segment.size.max = 1048576 (custom)
2019-10-29 17:14:29,736 [pool-47-thread-1] INFO  server.RaftServerConfigKeys (ConfUtils.java:logGet(43)) - raft.server.log.preallocated.size = 16384 (custom)
2019-10-29 17:14:29,736 [pool-47-thread-1] INFO  server.RaftServerConfigKeys (ConfUtils.java:logGet(43)) - raft.server.log.write.buffer.size = 33554432 (custom)
2019-10-29 17:14:29,737 [pool-47-thread-1] INFO  server.RaftServerConfigKeys (ConfUtils.java:logGet(43)) - raft.server.log.force.sync.num = 128 (default)
2019-10-29 17:14:29,737 [pool-47-thread-1] INFO  server.RaftServerConfigKeys (ConfUtils.java:logGet(43)) - raft.server.log.statemachine.data.sync = true (default)
2019-10-29 17:14:29,737 [pool-47-thread-1] INFO  server.RaftServerConfigKeys (ConfUtils.java:logGet(43)) - raft.server.log.statemachine.data.sync.timeout = 10s (default)
2019-10-29 17:14:29,737 [pool-47-thread-1] INFO  server.RaftServerConfigKeys (ConfUtils.java:logGet(43)) - raft.server.log.statemachine.data.sync.timeout.retry = -1 (default)
2019-10-29 17:14:29,737 [pool-47-thread-1] INFO  server.RaftServerConfigKeys (ConfUtils.java:logGet(43)) - raft.server.log.statemachine.data.caching.enabled = true (custom)
2019-10-29 17:14:29,738 [pool-47-thread-1] INFO  segmented.SegmentedRaftLogWorker (SegmentedRaftLogWorker.java:lambda$new$0(128)) - 8ecfb80f-f1a1-47d2-a5ff-728ffb4d9fac@group-34D6FC537DD7-SegmentedRaftLogWorker: flushIndex: setUnconditionally 0 -> -1
2019-10-29 17:14:29,738 [pool-47-thread-1] INFO  server.RaftServerConfigKeys (ConfUtils.java:logGet(43)) - raft.server.snapshot.auto.trigger.enabled = true (custom)
2019-10-29 17:14:29,738 [pool-47-thread-1] INFO  server.RaftServerConfigKeys (ConfUtils.java:logGet(43)) - raft.server.snapshot.auto.trigger.threshold = 10000 (custom)
2019-10-29 17:14:29,739 [pool-47-thread-1] INFO  server.RaftServerConfigKeys (ConfUtils.java:logGet(43)) - raft.server.snapshot.retention.file.num = 5 (custom)
2019-10-29 17:14:29,739 [pool-47-thread-1] INFO  server.RaftServerConfigKeys (ConfUtils.java:logGet(43)) - raft.server.retrycache.expirytime = 600000ms (custom)
2019-10-29 17:14:29,740 [pool-27-thread-1] WARN  impl.MetricRegistriesImpl (MetricRegistriesImpl.java:lambda$create$1(61)) - First MetricRegistry has been created without registering reporters. You may need to call MetricRegistries.global().addReportRegistration(...) before.
2019-10-29 17:14:29,740 [pool-37-thread-1] WARN  impl.MetricRegistriesImpl (MetricRegistriesImpl.java:lambda$create$1(61)) - First MetricRegistry has been created without registering reporters. You may need to call MetricRegistries.global().addReportRegistration(...) before.
2019-10-29 17:14:29,740 [pool-47-thread-1] WARN  impl.MetricRegistriesImpl (MetricRegistriesImpl.java:lambda$create$1(61)) - First MetricRegistry has been created without registering reporters. You may need to call MetricRegistries.global().addReportRegistration(...) before.
2019-10-29 17:14:29,742 [pool-27-thread-1] WARN  impl.MetricRegistriesImpl (MetricRegistriesImpl.java:lambda$create$1(61)) - First MetricRegistry has been created without registering reporters. You may need to call MetricRegistries.global().addReportRegistration(...) before.
2019-10-29 17:14:29,742 [pool-37-thread-1] WARN  impl.MetricRegistriesImpl (MetricRegistriesImpl.java:lambda$create$1(61)) - First MetricRegistry has been created without registering reporters. You may need to call MetricRegistries.global().addReportRegistration(...) before.
2019-10-29 17:14:29,742 [pool-47-thread-1] WARN  impl.MetricRegistriesImpl (MetricRegistriesImpl.java:lambda$create$1(61)) - First MetricRegistry has been created without registering reporters. You may need to call MetricRegistries.global().addReportRegistration(...) before.
2019-10-29 17:14:29,744 [pool-27-thread-1] INFO  impl.RaftServerImpl (RaftServerImpl.java:start(184)) - c29b9a32-2bb8-492e-88ab-ed2e302f0578@group-CE026907DD2D: start as a follower, conf=-1: [c29b9a32-2bb8-492e-88ab-ed2e302f0578:192.168.164.217:39960], old=null
2019-10-29 17:14:29,744 [pool-47-thread-1] INFO  impl.RaftServerImpl (RaftServerImpl.java:start(184)) - 8ecfb80f-f1a1-47d2-a5ff-728ffb4d9fac@group-34D6FC537DD7: start as a follower, conf=-1: [8ecfb80f-f1a1-47d2-a5ff-728ffb4d9fac:192.168.164.217:44857], old=null
2019-10-29 17:14:29,744 [pool-37-thread-1] INFO  impl.RaftServerImpl (RaftServerImpl.java:start(184)) - 1d9aaf82-a89e-4bd5-b7e7-910f4d8c4f47@group-46A30B3314B5: start as a follower, conf=-1: [1d9aaf82-a89e-4bd5-b7e7-910f4d8c4f47:192.168.164.217:34033], old=null
2019-10-29 17:14:29,745 [pool-27-thread-1] INFO  impl.RaftServerImpl (RaftServerImpl.java:setRole(173)) - c29b9a32-2bb8-492e-88ab-ed2e302f0578@group-CE026907DD2D: changes role from      null to FOLLOWER at term 0 for startAsFollower
2019-10-29 17:14:29,745 [pool-37-thread-1] INFO  impl.RaftServerImpl (RaftServerImpl.java:setRole(173)) - 1d9aaf82-a89e-4bd5-b7e7-910f4d8c4f47@group-46A30B3314B5: changes role from      null to FOLLOWER at term 0 for startAsFollower
2019-10-29 17:14:29,745 [pool-47-thread-1] INFO  impl.RaftServerImpl (RaftServerImpl.java:setRole(173)) - 8ecfb80f-f1a1-47d2-a5ff-728ffb4d9fac@group-34D6FC537DD7: changes role from      null to FOLLOWER at term 0 for startAsFollower
2019-10-29 17:14:29,746 [pool-27-thread-1] INFO  impl.RoleInfo (RoleInfo.java:updateAndGet(143)) - c29b9a32-2bb8-492e-88ab-ed2e302f0578: start FollowerState
2019-10-29 17:14:29,746 [pool-47-thread-1] INFO  impl.RoleInfo (RoleInfo.java:updateAndGet(143)) - 8ecfb80f-f1a1-47d2-a5ff-728ffb4d9fac: start FollowerState
2019-10-29 17:14:29,746 [pool-37-thread-1] INFO  impl.RoleInfo (RoleInfo.java:updateAndGet(143)) - 1d9aaf82-a89e-4bd5-b7e7-910f4d8c4f47: start FollowerState
2019-10-29 17:14:29,749 [pool-27-thread-1] INFO  util.JmxRegister (JmxRegister.java:tryRegister(44)) - Successfully registered JMX Bean with object name Ratis:service=RaftServer,group=group-CE026907DD2D,id=c29b9a32-2bb8-492e-88ab-ed2e302f0578
2019-10-29 17:14:29,749 [pool-37-thread-1] INFO  util.JmxRegister (JmxRegister.java:tryRegister(44)) - Successfully registered JMX Bean with object name Ratis:service=RaftServer,group=group-46A30B3314B5,id=1d9aaf82-a89e-4bd5-b7e7-910f4d8c4f47
2019-10-29 17:14:29,749 [pool-47-thread-1] INFO  util.JmxRegister (JmxRegister.java:tryRegister(44)) - Successfully registered JMX Bean with object name Ratis:service=RaftServer,group=group-34D6FC537DD7,id=8ecfb80f-f1a1-47d2-a5ff-728ffb4d9fac
2019-10-29 17:14:29,752 [pool-27-thread-1] WARN  impl.MetricRegistriesImpl (MetricRegistriesImpl.java:lambda$create$1(61)) - First MetricRegistry has been created without registering reporters. You may need to call MetricRegistries.global().addReportRegistration(...) before.
2019-10-29 17:14:29,752 [pool-47-thread-1] WARN  impl.MetricRegistriesImpl (MetricRegistriesImpl.java:lambda$create$1(61)) - First MetricRegistry has been created without registering reporters. You may need to call MetricRegistries.global().addReportRegistration(...) before.
2019-10-29 17:14:29,752 [pool-37-thread-1] WARN  impl.MetricRegistriesImpl (MetricRegistriesImpl.java:lambda$create$1(61)) - First MetricRegistry has been created without registering reporters. You may need to call MetricRegistries.global().addReportRegistration(...) before.
2019-10-29 17:14:29,764 [Command processor thread] INFO  commandhandler.CreatePipelineCommandHandler (CreatePipelineCommandHandler.java:handle(86)) - Create Pipeline RATIS ONE #id: "f087de12-e504-4209-8e0b-34d6fc537dd7"
 command succeed on datanode 8ecfb80f-f1a1-47d2-a5ff-728ffb4d9fac.
2019-10-29 17:14:29,764 [Command processor thread] INFO  commandhandler.CreatePipelineCommandHandler (CreatePipelineCommandHandler.java:handle(86)) - Create Pipeline RATIS ONE #id: "1fa5229a-50d5-4146-be00-46a30b3314b5"
 command succeed on datanode 1d9aaf82-a89e-4bd5-b7e7-910f4d8c4f47.
2019-10-29 17:14:29,764 [Command processor thread] INFO  commandhandler.CreatePipelineCommandHandler (CreatePipelineCommandHandler.java:handle(86)) - Create Pipeline RATIS ONE #id: "422defe3-0c87-4857-b346-ce026907dd2d"
 command succeed on datanode c29b9a32-2bb8-492e-88ab-ed2e302f0578.
2019-10-29 17:14:29,772 [Command processor thread] INFO  impl.RaftServerProxy (RaftServerProxy.java:addNew(89)) - 8ecfb80f-f1a1-47d2-a5ff-728ffb4d9fac: addNew group-129E762D73C8:[c29b9a32-2bb8-492e-88ab-ed2e302f0578:192.168.164.217:39960, 1d9aaf82-a89e-4bd5-b7e7-910f4d8c4f47:192.168.164.217:34033, 8ecfb80f-f1a1-47d2-a5ff-728ffb4d9fac:192.168.164.217:44857] returns group-129E762D73C8:java.util.concurrent.CompletableFuture@789f4a86[Not completed]
2019-10-29 17:14:29,772 [Command processor thread] INFO  impl.RaftServerProxy (RaftServerProxy.java:addNew(89)) - 1d9aaf82-a89e-4bd5-b7e7-910f4d8c4f47: addNew group-129E762D73C8:[c29b9a32-2bb8-492e-88ab-ed2e302f0578:192.168.164.217:39960, 1d9aaf82-a89e-4bd5-b7e7-910f4d8c4f47:192.168.164.217:34033, 8ecfb80f-f1a1-47d2-a5ff-728ffb4d9fac:192.168.164.217:44857] returns group-129E762D73C8:java.util.concurrent.CompletableFuture@a67da03[Not completed]
2019-10-29 17:14:29,772 [Command processor thread] INFO  impl.RaftServerProxy (RaftServerProxy.java:addNew(89)) - c29b9a32-2bb8-492e-88ab-ed2e302f0578: addNew group-129E762D73C8:[c29b9a32-2bb8-492e-88ab-ed2e302f0578:192.168.164.217:39960, 1d9aaf82-a89e-4bd5-b7e7-910f4d8c4f47:192.168.164.217:34033, 8ecfb80f-f1a1-47d2-a5ff-728ffb4d9fac:192.168.164.217:44857] returns group-129E762D73C8:java.util.concurrent.CompletableFuture@696e77eb[Not completed]
2019-10-29 17:14:29,775 [pool-27-thread-1] INFO  impl.RaftServerImpl (RaftServerImpl.java:<init>(98)) - c29b9a32-2bb8-492e-88ab-ed2e302f0578: new RaftServerImpl for group-129E762D73C8:[c29b9a32-2bb8-492e-88ab-ed2e302f0578:192.168.164.217:39960, 1d9aaf82-a89e-4bd5-b7e7-910f4d8c4f47:192.168.164.217:34033, 8ecfb80f-f1a1-47d2-a5ff-728ffb4d9fac:192.168.164.217:44857] with ContainerStateMachine:uninitialized
2019-10-29 17:14:29,775 [pool-27-thread-1] INFO  server.RaftServerConfigKeys (ConfUtils.java:logGet(43)) - raft.server.rpc.timeout.min = 5s (custom)
2019-10-29 17:14:29,775 [pool-27-thread-1] INFO  server.RaftServerConfigKeys (ConfUtils.java:logGet(43)) - raft.server.rpc.timeout.max = 5200ms (custom)
2019-10-29 17:14:29,775 [pool-27-thread-1] INFO  server.RaftServerConfigKeys (ConfUtils.java:logGet(43)) - raft.server.rpcslowness.timeout = 120s (custom)
2019-10-29 17:14:29,776 [pool-27-thread-1] INFO  server.RaftServerConfigKeys (ConfUtils.java:logGet(43)) - raft.server.sleep.deviation.threshold = 300 (default)
2019-10-29 17:14:29,776 [pool-27-thread-1] INFO  server.RaftServerConfigKeys (ConfUtils.java:logGet(43)) - raft.server.log.appender.install.snapshot.enabled = false (custom)
2019-10-29 17:14:29,776 [pool-27-thread-1] INFO  impl.RaftServerImpl (ServerState.java:<init>(103)) - c29b9a32-2bb8-492e-88ab-ed2e302f0578@group-129E762D73C8: ConfigurationManager, init=-1: [c29b9a32-2bb8-492e-88ab-ed2e302f0578:192.168.164.217:39960, 1d9aaf82-a89e-4bd5-b7e7-910f4d8c4f47:192.168.164.217:34033, 8ecfb80f-f1a1-47d2-a5ff-728ffb4d9fac:192.168.164.217:44857], old=null, confs=<EMPTY_MAP>
2019-10-29 17:14:29,776 [pool-27-thread-1] INFO  server.RaftServerConfigKeys (ConfUtils.java:logGet(43)) - raft.server.storage.dir = [/workdir/hadoop-ozone/integration-test/target/test-dir/MiniOzoneClusterImpl-8ae979c7-f839-446d-a622-f638bed50017/datanode-0/data/ratis] (custom)
2019-10-29 17:14:29,776 [pool-47-thread-1] INFO  impl.RaftServerImpl (RaftServerImpl.java:<init>(98)) - 8ecfb80f-f1a1-47d2-a5ff-728ffb4d9fac: new RaftServerImpl for group-129E762D73C8:[c29b9a32-2bb8-492e-88ab-ed2e302f0578:192.168.164.217:39960, 1d9aaf82-a89e-4bd5-b7e7-910f4d8c4f47:192.168.164.217:34033, 8ecfb80f-f1a1-47d2-a5ff-728ffb4d9fac:192.168.164.217:44857] with ContainerStateMachine:uninitialized
2019-10-29 17:14:29,776 [pool-27-thread-1] INFO  server.RaftServerConfigKeys (ConfUtils.java:logGet(43)) - raft.server.log.corruption.policy = EXCEPTION (default)
2019-10-29 17:14:29,776 [pool-47-thread-1] INFO  server.RaftServerConfigKeys (ConfUtils.java:logGet(43)) - raft.server.rpc.timeout.min = 5s (custom)
2019-10-29 17:14:29,776 [pool-27-thread-1] INFO  storage.RaftStorageDirectory (RaftStorageDirectory.java:analyzeStorage(246)) - The storage directory /workdir/hadoop-ozone/integration-test/target/test-dir/MiniOzoneClusterImpl-8ae979c7-f839-446d-a622-f638bed50017/datanode-0/data/ratis/15effa37-da38-49e4-a56f-129e762d73c8 does not exist. Creating ...
2019-10-29 17:14:29,777 [pool-47-thread-1] INFO  server.RaftServerConfigKeys (ConfUtils.java:logGet(43)) - raft.server.rpc.timeout.max = 5200ms (custom)
2019-10-29 17:14:29,777 [pool-47-thread-1] INFO  server.RaftServerConfigKeys (ConfUtils.java:logGet(43)) - raft.server.rpcslowness.timeout = 120s (custom)
2019-10-29 17:14:29,777 [pool-47-thread-1] INFO  server.RaftServerConfigKeys (ConfUtils.java:logGet(43)) - raft.server.sleep.deviation.threshold = 300 (default)
2019-10-29 17:14:29,777 [pool-47-thread-1] INFO  server.RaftServerConfigKeys (ConfUtils.java:logGet(43)) - raft.server.log.appender.install.snapshot.enabled = false (custom)
2019-10-29 17:14:29,777 [pool-37-thread-1] INFO  impl.RaftServerImpl (RaftServerImpl.java:<init>(98)) - 1d9aaf82-a89e-4bd5-b7e7-910f4d8c4f47: new RaftServerImpl for group-129E762D73C8:[c29b9a32-2bb8-492e-88ab-ed2e302f0578:192.168.164.217:39960, 1d9aaf82-a89e-4bd5-b7e7-910f4d8c4f47:192.168.164.217:34033, 8ecfb80f-f1a1-47d2-a5ff-728ffb4d9fac:192.168.164.217:44857] with ContainerStateMachine:uninitialized
2019-10-29 17:14:29,777 [pool-47-thread-1] INFO  impl.RaftServerImpl (ServerState.java:<init>(103)) - 8ecfb80f-f1a1-47d2-a5ff-728ffb4d9fac@group-129E762D73C8: ConfigurationManager, init=-1: [c29b9a32-2bb8-492e-88ab-ed2e302f0578:192.168.164.217:39960, 1d9aaf82-a89e-4bd5-b7e7-910f4d8c4f47:192.168.164.217:34033, 8ecfb80f-f1a1-47d2-a5ff-728ffb4d9fac:192.168.164.217:44857], old=null, confs=<EMPTY_MAP>
2019-10-29 17:14:29,777 [pool-37-thread-1] INFO  server.RaftServerConfigKeys (ConfUtils.java:logGet(43)) - raft.server.rpc.timeout.min = 5s (custom)
2019-10-29 17:14:29,777 [pool-47-thread-1] INFO  server.RaftServerConfigKeys (ConfUtils.java:logGet(43)) - raft.server.storage.dir = [/workdir/hadoop-ozone/integration-test/target/test-dir/MiniOzoneClusterImpl-8ae979c7-f839-446d-a622-f638bed50017/datanode-2/data/ratis] (custom)
2019-10-29 17:14:29,777 [pool-37-thread-1] INFO  server.RaftServerConfigKeys (ConfUtils.java:logGet(43)) - raft.server.rpc.timeout.max = 5200ms (custom)
2019-10-29 17:14:29,778 [pool-37-thread-1] INFO  server.RaftServerConfigKeys (ConfUtils.java:logGet(43)) - raft.server.rpcslowness.timeout = 120s (custom)
2019-10-29 17:14:29,778 [pool-47-thread-1] INFO  server.RaftServerConfigKeys (ConfUtils.java:logGet(43)) - raft.server.log.corruption.policy = EXCEPTION (default)
2019-10-29 17:14:29,778 [pool-37-thread-1] INFO  server.RaftServerConfigKeys (ConfUtils.java:logGet(43)) - raft.server.sleep.deviation.threshold = 300 (default)
2019-10-29 17:14:29,778 [pool-47-thread-1] INFO  storage.RaftStorageDirectory (RaftStorageDirectory.java:analyzeStorage(246)) - The storage directory /workdir/hadoop-ozone/integration-test/target/test-dir/MiniOzoneClusterImpl-8ae979c7-f839-446d-a622-f638bed50017/datanode-2/data/ratis/15effa37-da38-49e4-a56f-129e762d73c8 does not exist. Creating ...
2019-10-29 17:14:29,778 [pool-37-thread-1] INFO  server.RaftServerConfigKeys (ConfUtils.java:logGet(43)) - raft.server.log.appender.install.snapshot.enabled = false (custom)
2019-10-29 17:14:29,778 [pool-37-thread-1] INFO  impl.RaftServerImpl (ServerState.java:<init>(103)) - 1d9aaf82-a89e-4bd5-b7e7-910f4d8c4f47@group-129E762D73C8: ConfigurationManager, init=-1: [c29b9a32-2bb8-492e-88ab-ed2e302f0578:192.168.164.217:39960, 1d9aaf82-a89e-4bd5-b7e7-910f4d8c4f47:192.168.164.217:34033, 8ecfb80f-f1a1-47d2-a5ff-728ffb4d9fac:192.168.164.217:44857], old=null, confs=<EMPTY_MAP>
2019-10-29 17:14:29,778 [pool-37-thread-1] INFO  server.RaftServerConfigKeys (ConfUtils.java:logGet(43)) - raft.server.storage.dir = [/workdir/hadoop-ozone/integration-test/target/test-dir/MiniOzoneClusterImpl-8ae979c7-f839-446d-a622-f638bed50017/datanode-1/data/ratis] (custom)
2019-10-29 17:14:29,779 [pool-37-thread-1] INFO  server.RaftServerConfigKeys (ConfUtils.java:logGet(43)) - raft.server.log.corruption.policy = EXCEPTION (default)
2019-10-29 17:14:29,779 [pool-37-thread-1] INFO  storage.RaftStorageDirectory (RaftStorageDirectory.java:analyzeStorage(246)) - The storage directory /workdir/hadoop-ozone/integration-test/target/test-dir/MiniOzoneClusterImpl-8ae979c7-f839-446d-a622-f638bed50017/datanode-1/data/ratis/15effa37-da38-49e4-a56f-129e762d73c8 does not exist. Creating ...
2019-10-29 17:14:29,789 [EventQueue-PipelineReportForPipelineReportHandler] INFO  pipeline.PipelineReportHandler (PipelineReportHandler.java:processPipelineReport(104)) - Pipeline ONE PipelineID=f087de12-e504-4209-8e0b-34d6fc537dd7 reported by 8ecfb80f-f1a1-47d2-a5ff-728ffb4d9fac{ip: 192.168.164.217, host: pr-hdds-2034-76npd-2451761435, networkLocation: /default-rack, certSerialId: null}
2019-10-29 17:14:29,790 [EventQueue-PipelineReportForPipelineReportHandler] INFO  pipeline.PipelineStateManager (PipelineStateManager.java:openPipeline(134)) - Pipeline Pipeline[ Id: f087de12-e504-4209-8e0b-34d6fc537dd7, Nodes: 8ecfb80f-f1a1-47d2-a5ff-728ffb4d9fac{ip: 192.168.164.217, host: pr-hdds-2034-76npd-2451761435, networkLocation: /default-rack, certSerialId: null}, Type:RATIS, Factor:ONE, State:ALLOCATED] moved to OPEN state
2019-10-29 17:14:29,792 [EventQueue-OpenPipelineForHealthyPipelineSafeModeRule] INFO  safemode.SCMSafeModeManager (HealthyPipelineSafeModeRule.java:process(125)) - SCM in safe mode. Healthy pipelines reported count is 0, required healthy pipeline reported count is 1
2019-10-29 17:14:29,792 [EventQueue-PipelineReportForPipelineReportHandler] INFO  pipeline.PipelineReportHandler (PipelineReportHandler.java:processPipelineReport(104)) - Pipeline ONE PipelineID=1fa5229a-50d5-4146-be00-46a30b3314b5 reported by 1d9aaf82-a89e-4bd5-b7e7-910f4d8c4f47{ip: 192.168.164.217, host: pr-hdds-2034-76npd-2451761435, networkLocation: /default-rack, certSerialId: null}
2019-10-29 17:14:29,792 [EventQueue-OpenPipelineForOneReplicaPipelineSafeModeRule] INFO  safemode.SCMSafeModeManager (SCMSafeModeManager.java:validateSafeModeExitRules(176)) - AtleastOneDatanodeReportedRule rule is successfully validated
2019-10-29 17:14:29,792 [EventQueue-PipelineReportForPipelineReportHandler] INFO  pipeline.PipelineStateManager (PipelineStateManager.java:openPipeline(134)) - Pipeline Pipeline[ Id: 1fa5229a-50d5-4146-be00-46a30b3314b5, Nodes: 1d9aaf82-a89e-4bd5-b7e7-910f4d8c4f47{ip: 192.168.164.217, host: pr-hdds-2034-76npd-2451761435, networkLocation: /default-rack, certSerialId: null}, Type:RATIS, Factor:ONE, State:ALLOCATED] moved to OPEN state
2019-10-29 17:14:29,792 [EventQueue-OpenPipelineForHealthyPipelineSafeModeRule] INFO  safemode.SCMSafeModeManager (HealthyPipelineSafeModeRule.java:process(125)) - SCM in safe mode. Healthy pipelines reported count is 0, required healthy pipeline reported count is 1
2019-10-29 17:14:29,792 [EventQueue-PipelineReportForPipelineReportHandler] INFO  pipeline.PipelineReportHandler (PipelineReportHandler.java:processPipelineReport(104)) - Pipeline ONE PipelineID=422defe3-0c87-4857-b346-ce026907dd2d reported by c29b9a32-2bb8-492e-88ab-ed2e302f0578{ip: 192.168.164.217, host: pr-hdds-2034-76npd-2451761435, networkLocation: /default-rack, certSerialId: null}
2019-10-29 17:14:29,792 [EventQueue-OpenPipelineForOneReplicaPipelineSafeModeRule] INFO  safemode.SCMSafeModeManager (SCMSafeModeManager.java:validateSafeModeExitRules(176)) - AtleastOneDatanodeReportedRule rule is successfully validated
2019-10-29 17:14:29,793 [EventQueue-PipelineReportForPipelineReportHandler] INFO  pipeline.PipelineStateManager (PipelineStateManager.java:openPipeline(134)) - Pipeline Pipeline[ Id: 422defe3-0c87-4857-b346-ce026907dd2d, Nodes: c29b9a32-2bb8-492e-88ab-ed2e302f0578{ip: 192.168.164.217, host: pr-hdds-2034-76npd-2451761435, networkLocation: /default-rack, certSerialId: null}, Type:RATIS, Factor:ONE, State:ALLOCATED] moved to OPEN state
2019-10-29 17:14:29,793 [EventQueue-OpenPipelineForHealthyPipelineSafeModeRule] INFO  safemode.SCMSafeModeManager (HealthyPipelineSafeModeRule.java:process(125)) - SCM in safe mode. Healthy pipelines reported count is 0, required healthy pipeline reported count is 1
2019-10-29 17:14:29,793 [EventQueue-OpenPipelineForOneReplicaPipelineSafeModeRule] INFO  safemode.SCMSafeModeManager (SCMSafeModeManager.java:validateSafeModeExitRules(176)) - AtleastOneDatanodeReportedRule rule is successfully validated
2019-10-29 17:14:29,801 [pool-27-thread-1] INFO  storage.RaftStorageDirectory (RaftStorageDirectory.java:tryLock(328)) - Lock on /workdir/hadoop-ozone/integration-test/target/test-dir/MiniOzoneClusterImpl-8ae979c7-f839-446d-a622-f638bed50017/datanode-0/data/ratis/15effa37-da38-49e4-a56f-129e762d73c8/in_use.lock acquired by nodename 12415@pr-hdds-2034-76npd-2451761435
2019-10-29 17:14:29,802 [pool-47-thread-1] INFO  storage.RaftStorageDirectory (RaftStorageDirectory.java:tryLock(328)) - Lock on /workdir/hadoop-ozone/integration-test/target/test-dir/MiniOzoneClusterImpl-8ae979c7-f839-446d-a622-f638bed50017/datanode-2/data/ratis/15effa37-da38-49e4-a56f-129e762d73c8/in_use.lock acquired by nodename 12415@pr-hdds-2034-76npd-2451761435
2019-10-29 17:14:29,802 [pool-37-thread-1] INFO  storage.RaftStorageDirectory (RaftStorageDirectory.java:tryLock(328)) - Lock on /workdir/hadoop-ozone/integration-test/target/test-dir/MiniOzoneClusterImpl-8ae979c7-f839-446d-a622-f638bed50017/datanode-1/data/ratis/15effa37-da38-49e4-a56f-129e762d73c8/in_use.lock acquired by nodename 12415@pr-hdds-2034-76npd-2451761435
2019-10-29 17:14:29,808 [pool-27-thread-1] INFO  storage.RaftStorage (RaftStorage.java:format(84)) - Storage directory /workdir/hadoop-ozone/integration-test/target/test-dir/MiniOzoneClusterImpl-8ae979c7-f839-446d-a622-f638bed50017/datanode-0/data/ratis/15effa37-da38-49e4-a56f-129e762d73c8 has been successfully formatted.
2019-10-29 17:14:29,808 [pool-37-thread-1] INFO  storage.RaftStorage (RaftStorage.java:format(84)) - Storage directory /workdir/hadoop-ozone/integration-test/target/test-dir/MiniOzoneClusterImpl-8ae979c7-f839-446d-a622-f638bed50017/datanode-1/data/ratis/15effa37-da38-49e4-a56f-129e762d73c8 has been successfully formatted.
2019-10-29 17:14:29,808 [pool-47-thread-1] INFO  storage.RaftStorage (RaftStorage.java:format(84)) - Storage directory /workdir/hadoop-ozone/integration-test/target/test-dir/MiniOzoneClusterImpl-8ae979c7-f839-446d-a622-f638bed50017/datanode-2/data/ratis/15effa37-da38-49e4-a56f-129e762d73c8 has been successfully formatted.
2019-10-29 17:14:29,808 [pool-27-thread-1] INFO  ratis.ContainerStateMachine (ContainerStateMachine.java:loadSnapshot(231)) - group-129E762D73C8: The snapshot info is null. Setting the last applied indexto:(t:0, i:~)
2019-10-29 17:14:29,808 [pool-37-thread-1] INFO  ratis.ContainerStateMachine (ContainerStateMachine.java:loadSnapshot(231)) - group-129E762D73C8: The snapshot info is null. Setting the last applied indexto:(t:0, i:~)
2019-10-29 17:14:29,808 [pool-47-thread-1] INFO  ratis.ContainerStateMachine (ContainerStateMachine.java:loadSnapshot(231)) - group-129E762D73C8: The snapshot info is null. Setting the last applied indexto:(t:0, i:~)
2019-10-29 17:14:29,808 [pool-27-thread-1] INFO  server.RaftServerConfigKeys (ConfUtils.java:logGet(43)) - raft.server.notification.no-leader.timeout = 120s (custom)
2019-10-29 17:14:29,809 [pool-47-thread-1] INFO  server.RaftServerConfigKeys (ConfUtils.java:logGet(43)) - raft.server.notification.no-leader.timeout = 120s (custom)
2019-10-29 17:14:29,809 [pool-37-thread-1] INFO  server.RaftServerConfigKeys (ConfUtils.java:logGet(43)) - raft.server.notification.no-leader.timeout = 120s (custom)
2019-10-29 17:14:29,809 [pool-47-thread-1] INFO  server.RaftServerConfigKeys (ConfUtils.java:logGet(43)) - raft.server.log.use.memory = false (default)
2019-10-29 17:14:29,809 [pool-27-thread-1] INFO  server.RaftServerConfigKeys (ConfUtils.java:logGet(43)) - raft.server.log.use.memory = false (default)
2019-10-29 17:14:29,809 [pool-37-thread-1] INFO  server.RaftServerConfigKeys (ConfUtils.java:logGet(43)) - raft.server.log.use.memory = false (default)
2019-10-29 17:14:29,809 [pool-27-thread-1] INFO  server.RaftServerConfigKeys (ConfUtils.java:logGet(43)) - raft.server.log.purge.gap = 1000000 (custom)
2019-10-29 17:14:29,809 [pool-47-thread-1] INFO  server.RaftServerConfigKeys (ConfUtils.java:logGet(43)) - raft.server.log.purge.gap = 1000000 (custom)
2019-10-29 17:14:29,810 [pool-27-thread-1] INFO  server.RaftServerConfigKeys (ConfUtils.java:logGet(43)) - raft.server.log.appender.buffer.byte-limit = 33554432 (custom)
2019-10-29 17:14:29,810 [pool-37-thread-1] INFO  server.RaftServerConfigKeys (ConfUtils.java:logGet(43)) - raft.server.log.purge.gap = 1000000 (custom)
2019-10-29 17:14:29,810 [pool-27-thread-1] INFO  server.RaftServerConfigKeys (ConfUtils.java:logGet(43)) - raft.server.log.segment.size.max = 1048576 (custom)
2019-10-29 17:14:29,810 [pool-47-thread-1] INFO  server.RaftServerConfigKeys (ConfUtils.java:logGet(43)) - raft.server.log.appender.buffer.byte-limit = 33554432 (custom)
2019-10-29 17:14:29,810 [pool-27-thread-1] INFO  server.RaftServerConfigKeys (ConfUtils.java:logGet(43)) - raft.server.log.segment.cache.num.max = 2 (custom)
2019-10-29 17:14:29,810 [pool-37-thread-1] INFO  server.RaftServerConfigKeys (ConfUtils.java:logGet(43)) - raft.server.log.appender.buffer.byte-limit = 33554432 (custom)
2019-10-29 17:14:29,810 [pool-47-thread-1] INFO  server.RaftServerConfigKeys (ConfUtils.java:logGet(43)) - raft.server.log.segment.size.max = 1048576 (custom)
2019-10-29 17:14:29,810 [pool-27-thread-1] INFO  segmented.SegmentedRaftLogWorker (SegmentedRaftLogWorker.java:<init>(173)) - new c29b9a32-2bb8-492e-88ab-ed2e302f0578@group-129E762D73C8-SegmentedRaftLogWorker for RaftStorage:Storage Directory /workdir/hadoop-ozone/integration-test/target/test-dir/MiniOzoneClusterImpl-8ae979c7-f839-446d-a622-f638bed50017/datanode-0/data/ratis/15effa37-da38-49e4-a56f-129e762d73c8
2019-10-29 17:14:29,811 [pool-37-thread-1] INFO  server.RaftServerConfigKeys (ConfUtils.java:logGet(43)) - raft.server.log.segment.size.max = 1048576 (custom)
2019-10-29 17:14:29,811 [pool-47-thread-1] INFO  server.RaftServerConfigKeys (ConfUtils.java:logGet(43)) - raft.server.log.segment.cache.num.max = 2 (custom)
2019-10-29 17:14:29,811 [pool-27-thread-1] INFO  server.RaftServerConfigKeys (ConfUtils.java:logGet(43)) - raft.server.log.queue.byte-limit = 2147483647 (custom)
2019-10-29 17:14:29,811 [pool-47-thread-1] INFO  segmented.SegmentedRaftLogWorker (SegmentedRaftLogWorker.java:<init>(173)) - new 8ecfb80f-f1a1-47d2-a5ff-728ffb4d9fac@group-129E762D73C8-SegmentedRaftLogWorker for RaftStorage:Storage Directory /workdir/hadoop-ozone/integration-test/target/test-dir/MiniOzoneClusterImpl-8ae979c7-f839-446d-a622-f638bed50017/datanode-2/data/ratis/15effa37-da38-49e4-a56f-129e762d73c8
2019-10-29 17:14:29,811 [pool-37-thread-1] INFO  server.RaftServerConfigKeys (ConfUtils.java:logGet(43)) - raft.server.log.segment.cache.num.max = 2 (custom)
2019-10-29 17:14:29,811 [pool-47-thread-1] INFO  server.RaftServerConfigKeys (ConfUtils.java:logGet(43)) - raft.server.log.queue.byte-limit = 2147483647 (custom)
2019-10-29 17:14:29,811 [pool-27-thread-1] INFO  server.RaftServerConfigKeys (ConfUtils.java:logGet(43)) - raft.server.log.queue.element-limit = 1024 (custom)
2019-10-29 17:14:29,812 [pool-47-thread-1] INFO  server.RaftServerConfigKeys (ConfUtils.java:logGet(43)) - raft.server.log.queue.element-limit = 1024 (custom)
2019-10-29 17:14:29,811 [pool-37-thread-1] INFO  segmented.SegmentedRaftLogWorker (SegmentedRaftLogWorker.java:<init>(173)) - new 1d9aaf82-a89e-4bd5-b7e7-910f4d8c4f47@group-129E762D73C8-SegmentedRaftLogWorker for RaftStorage:Storage Directory /workdir/hadoop-ozone/integration-test/target/test-dir/MiniOzoneClusterImpl-8ae979c7-f839-446d-a622-f638bed50017/datanode-1/data/ratis/15effa37-da38-49e4-a56f-129e762d73c8
2019-10-29 17:14:29,812 [pool-47-thread-1] INFO  server.RaftServerConfigKeys (ConfUtils.java:logGet(43)) - raft.server.log.segment.size.max = 1048576 (custom)
2019-10-29 17:14:29,812 [pool-27-thread-1] INFO  server.RaftServerConfigKeys (ConfUtils.java:logGet(43)) - raft.server.log.segment.size.max = 1048576 (custom)
2019-10-29 17:14:29,812 [pool-47-thread-1] INFO  server.RaftServerConfigKeys (ConfUtils.java:logGet(43)) - raft.server.log.preallocated.size = 16384 (custom)
2019-10-29 17:14:29,812 [pool-37-thread-1] INFO  server.RaftServerConfigKeys (ConfUtils.java:logGet(43)) - raft.server.log.queue.byte-limit = 2147483647 (custom)
2019-10-29 17:14:29,812 [pool-47-thread-1] INFO  server.RaftServerConfigKeys (ConfUtils.java:logGet(43)) - raft.server.log.write.buffer.size = 33554432 (custom)
2019-10-29 17:14:29,812 [pool-27-thread-1] INFO  server.RaftServerConfigKeys (ConfUtils.java:logGet(43)) - raft.server.log.preallocated.size = 16384 (custom)
2019-10-29 17:14:29,813 [pool-47-thread-1] INFO  server.RaftServerConfigKeys (ConfUtils.java:logGet(43)) - raft.server.log.force.sync.num = 128 (default)
2019-10-29 17:14:29,813 [pool-37-thread-1] INFO  server.RaftServerConfigKeys (ConfUtils.java:logGet(43)) - raft.server.log.queue.element-limit = 1024 (custom)
2019-10-29 17:14:29,813 [pool-47-thread-1] INFO  server.RaftServerConfigKeys (ConfUtils.java:logGet(43)) - raft.server.log.statemachine.data.sync = true (default)
2019-10-29 17:14:29,813 [pool-27-thread-1] INFO  server.RaftServerConfigKeys (ConfUtils.java:logGet(43)) - raft.server.log.write.buffer.size = 33554432 (custom)
2019-10-29 17:14:29,813 [pool-37-thread-1] INFO  server.RaftServerConfigKeys (ConfUtils.java:logGet(43)) - raft.server.log.segment.size.max = 1048576 (custom)
2019-10-29 17:14:29,813 [pool-47-thread-1] INFO  server.RaftServerConfigKeys (ConfUtils.java:logGet(43)) - raft.server.log.statemachine.data.sync.timeout = 10s (default)
2019-10-29 17:14:29,813 [pool-27-thread-1] INFO  server.RaftServerConfigKeys (ConfUtils.java:logGet(43)) - raft.server.log.force.sync.num = 128 (default)
2019-10-29 17:14:29,814 [pool-47-thread-1] INFO  server.RaftServerConfigKeys (ConfUtils.java:logGet(43)) - raft.server.log.statemachine.data.sync.timeout.retry = -1 (default)
2019-10-29 17:14:29,813 [pool-37-thread-1] INFO  server.RaftServerConfigKeys (ConfUtils.java:logGet(43)) - raft.server.log.preallocated.size = 16384 (custom)
2019-10-29 17:14:29,814 [pool-27-thread-1] INFO  server.RaftServerConfigKeys (ConfUtils.java:logGet(43)) - raft.server.log.statemachine.data.sync = true (default)
2019-10-29 17:14:29,814 [pool-37-thread-1] INFO  server.RaftServerConfigKeys (ConfUtils.java:logGet(43)) - raft.server.log.write.buffer.size = 33554432 (custom)
2019-10-29 17:14:29,814 [pool-47-thread-1] INFO  server.RaftServerConfigKeys (ConfUtils.java:logGet(43)) - raft.server.log.statemachine.data.caching.enabled = true (custom)
2019-10-29 17:14:29,814 [pool-37-thread-1] INFO  server.RaftServerConfigKeys (ConfUtils.java:logGet(43)) - raft.server.log.force.sync.num = 128 (default)
2019-10-29 17:14:29,814 [pool-27-thread-1] INFO  server.RaftServerConfigKeys (ConfUtils.java:logGet(43)) - raft.server.log.statemachine.data.sync.timeout = 10s (default)
2019-10-29 17:14:29,814 [pool-37-thread-1] INFO  server.RaftServerConfigKeys (ConfUtils.java:logGet(43)) - raft.server.log.statemachine.data.sync = true (default)
2019-10-29 17:14:29,815 [pool-47-thread-1] INFO  segmented.SegmentedRaftLogWorker (SegmentedRaftLogWorker.java:lambda$new$0(128)) - 8ecfb80f-f1a1-47d2-a5ff-728ffb4d9fac@group-129E762D73C8-SegmentedRaftLogWorker: flushIndex: setUnconditionally 0 -> -1
2019-10-29 17:14:29,815 [pool-27-thread-1] INFO  server.RaftServerConfigKeys (ConfUtils.java:logGet(43)) - raft.server.log.statemachine.data.sync.timeout.retry = -1 (default)
2019-10-29 17:14:29,815 [pool-37-thread-1] INFO  server.RaftServerConfigKeys (ConfUtils.java:logGet(43)) - raft.server.log.statemachine.data.sync.timeout = 10s (default)
2019-10-29 17:14:29,815 [pool-37-thread-1] INFO  server.RaftServerConfigKeys (ConfUtils.java:logGet(43)) - raft.server.log.statemachine.data.sync.timeout.retry = -1 (default)
2019-10-29 17:14:29,815 [pool-27-thread-1] INFO  server.RaftServerConfigKeys (ConfUtils.java:logGet(43)) - raft.server.log.statemachine.data.caching.enabled = true (custom)
2019-10-29 17:14:29,815 [pool-37-thread-1] INFO  server.RaftServerConfigKeys (ConfUtils.java:logGet(43)) - raft.server.log.statemachine.data.caching.enabled = true (custom)
2019-10-29 17:14:29,815 [pool-47-thread-1] INFO  server.RaftServerConfigKeys (ConfUtils.java:logGet(43)) - raft.server.snapshot.auto.trigger.enabled = true (custom)
2019-10-29 17:14:29,816 [pool-37-thread-1] INFO  segmented.SegmentedRaftLogWorker (SegmentedRaftLogWorker.java:lambda$new$0(128)) - 1d9aaf82-a89e-4bd5-b7e7-910f4d8c4f47@group-129E762D73C8-SegmentedRaftLogWorker: flushIndex: setUnconditionally 0 -> -1
2019-10-29 17:14:29,816 [pool-27-thread-1] INFO  segmented.SegmentedRaftLogWorker (SegmentedRaftLogWorker.java:lambda$new$0(128)) - c29b9a32-2bb8-492e-88ab-ed2e302f0578@group-129E762D73C8-SegmentedRaftLogWorker: flushIndex: setUnconditionally 0 -> -1
2019-10-29 17:14:29,816 [pool-47-thread-1] INFO  server.RaftServerConfigKeys (ConfUtils.java:logGet(43)) - raft.server.snapshot.auto.trigger.threshold = 10000 (custom)
2019-10-29 17:14:29,817 [pool-27-thread-1] INFO  server.RaftServerConfigKeys (ConfUtils.java:logGet(43)) - raft.server.snapshot.auto.trigger.enabled = true (custom)
2019-10-29 17:14:29,817 [pool-37-thread-1] INFO  server.RaftServerConfigKeys (ConfUtils.java:logGet(43)) - raft.server.snapshot.auto.trigger.enabled = true (custom)
2019-10-29 17:14:29,817 [pool-27-thread-1] INFO  server.RaftServerConfigKeys (ConfUtils.java:logGet(43)) - raft.server.snapshot.auto.trigger.threshold = 10000 (custom)
2019-10-29 17:14:29,818 [pool-27-thread-1] INFO  server.RaftServerConfigKeys (ConfUtils.java:logGet(43)) - raft.server.snapshot.retention.file.num = 5 (custom)
2019-10-29 17:14:29,817 [pool-47-thread-1] INFO  server.RaftServerConfigKeys (ConfUtils.java:logGet(43)) - raft.server.snapshot.retention.file.num = 5 (custom)
2019-10-29 17:14:29,818 [pool-27-thread-1] INFO  server.RaftServerConfigKeys (ConfUtils.java:logGet(43)) - raft.server.retrycache.expirytime = 600000ms (custom)
2019-10-29 17:14:29,817 [pool-37-thread-1] INFO  server.RaftServerConfigKeys (ConfUtils.java:logGet(43)) - raft.server.snapshot.auto.trigger.threshold = 10000 (custom)
2019-10-29 17:14:29,818 [pool-27-thread-1] WARN  impl.MetricRegistriesImpl (MetricRegistriesImpl.java:lambda$create$1(61)) - First MetricRegistry has been created without registering reporters. You may need to call MetricRegistries.global().addReportRegistration(...) before.
2019-10-29 17:14:29,818 [pool-47-thread-1] INFO  server.RaftServerConfigKeys (ConfUtils.java:logGet(43)) - raft.server.retrycache.expirytime = 600000ms (custom)
2019-10-29 17:14:29,819 [pool-27-thread-1] WARN  impl.MetricRegistriesImpl (MetricRegistriesImpl.java:lambda$create$1(61)) - First MetricRegistry has been created without registering reporters. You may need to call MetricRegistries.global().addReportRegistration(...) before.
2019-10-29 17:14:29,818 [pool-37-thread-1] INFO  server.RaftServerConfigKeys (ConfUtils.java:logGet(43)) - raft.server.snapshot.retention.file.num = 5 (custom)
2019-10-29 17:14:29,819 [pool-27-thread-1] INFO  impl.RaftServerImpl (RaftServerImpl.java:start(184)) - c29b9a32-2bb8-492e-88ab-ed2e302f0578@group-129E762D73C8: start as a follower, conf=-1: [c29b9a32-2bb8-492e-88ab-ed2e302f0578:192.168.164.217:39960, 1d9aaf82-a89e-4bd5-b7e7-910f4d8c4f47:192.168.164.217:34033, 8ecfb80f-f1a1-47d2-a5ff-728ffb4d9fac:192.168.164.217:44857], old=null
2019-10-29 17:14:29,819 [pool-47-thread-1] WARN  impl.MetricRegistriesImpl (MetricRegistriesImpl.java:lambda$create$1(61)) - First MetricRegistry has been created without registering reporters. You may need to call MetricRegistries.global().addReportRegistration(...) before.
2019-10-29 17:14:29,819 [pool-37-thread-1] INFO  server.RaftServerConfigKeys (ConfUtils.java:logGet(43)) - raft.server.retrycache.expirytime = 600000ms (custom)
2019-10-29 17:14:29,819 [pool-27-thread-1] INFO  impl.RaftServerImpl (RaftServerImpl.java:setRole(173)) - c29b9a32-2bb8-492e-88ab-ed2e302f0578@group-129E762D73C8: changes role from      null to FOLLOWER at term 0 for startAsFollower
2019-10-29 17:14:29,820 [pool-47-thread-1] WARN  impl.MetricRegistriesImpl (MetricRegistriesImpl.java:lambda$create$1(61)) - First MetricRegistry has been created without registering reporters. You may need to call MetricRegistries.global().addReportRegistration(...) before.
2019-10-29 17:14:29,820 [pool-27-thread-1] INFO  impl.RoleInfo (RoleInfo.java:updateAndGet(143)) - c29b9a32-2bb8-492e-88ab-ed2e302f0578: start FollowerState
2019-10-29 17:14:29,820 [pool-37-thread-1] WARN  impl.MetricRegistriesImpl (MetricRegistriesImpl.java:lambda$create$1(61)) - First MetricRegistry has been created without registering reporters. You may need to call MetricRegistries.global().addReportRegistration(...) before.
2019-10-29 17:14:29,821 [pool-47-thread-1] INFO  impl.RaftServerImpl (RaftServerImpl.java:start(184)) - 8ecfb80f-f1a1-47d2-a5ff-728ffb4d9fac@group-129E762D73C8: start as a follower, conf=-1: [c29b9a32-2bb8-492e-88ab-ed2e302f0578:192.168.164.217:39960, 1d9aaf82-a89e-4bd5-b7e7-910f4d8c4f47:192.168.164.217:34033, 8ecfb80f-f1a1-47d2-a5ff-728ffb4d9fac:192.168.164.217:44857], old=null
2019-10-29 17:14:29,821 [pool-27-thread-1] INFO  util.JmxRegister (JmxRegister.java:tryRegister(44)) - Successfully registered JMX Bean with object name Ratis:service=RaftServer,group=group-129E762D73C8,id=c29b9a32-2bb8-492e-88ab-ed2e302f0578
2019-10-29 17:14:29,821 [pool-27-thread-1] WARN  impl.MetricRegistriesImpl (MetricRegistriesImpl.java:lambda$create$1(61)) - First MetricRegistry has been created without registering reporters. You may need to call MetricRegistries.global().addReportRegistration(...) before.
2019-10-29 17:14:29,821 [pool-37-thread-1] WARN  impl.MetricRegistriesImpl (MetricRegistriesImpl.java:lambda$create$1(61)) - First MetricRegistry has been created without registering reporters. You may need to call MetricRegistries.global().addReportRegistration(...) before.
2019-10-29 17:14:29,821 [pool-47-thread-1] INFO  impl.RaftServerImpl (RaftServerImpl.java:setRole(173)) - 8ecfb80f-f1a1-47d2-a5ff-728ffb4d9fac@group-129E762D73C8: changes role from      null to FOLLOWER at term 0 for startAsFollower
2019-10-29 17:14:29,822 [pool-37-thread-1] INFO  impl.RaftServerImpl (RaftServerImpl.java:start(184)) - 1d9aaf82-a89e-4bd5-b7e7-910f4d8c4f47@group-129E762D73C8: start as a follower, conf=-1: [c29b9a32-2bb8-492e-88ab-ed2e302f0578:192.168.164.217:39960, 1d9aaf82-a89e-4bd5-b7e7-910f4d8c4f47:192.168.164.217:34033, 8ecfb80f-f1a1-47d2-a5ff-728ffb4d9fac:192.168.164.217:44857], old=null
2019-10-29 17:14:29,822 [pool-47-thread-1] INFO  impl.RoleInfo (RoleInfo.java:updateAndGet(143)) - 8ecfb80f-f1a1-47d2-a5ff-728ffb4d9fac: start FollowerState
2019-10-29 17:14:29,822 [Command processor thread] INFO  commandhandler.CreatePipelineCommandHandler (CreatePipelineCommandHandler.java:handle(86)) - Create Pipeline RATIS THREE #id: "15effa37-da38-49e4-a56f-129e762d73c8"
 command succeed on datanode c29b9a32-2bb8-492e-88ab-ed2e302f0578.
2019-10-29 17:14:29,822 [pool-37-thread-1] INFO  impl.RaftServerImpl (RaftServerImpl.java:setRole(173)) - 1d9aaf82-a89e-4bd5-b7e7-910f4d8c4f47@group-129E762D73C8: changes role from      null to FOLLOWER at term 0 for startAsFollower
2019-10-29 17:14:29,823 [pool-37-thread-1] INFO  impl.RoleInfo (RoleInfo.java:updateAndGet(143)) - 1d9aaf82-a89e-4bd5-b7e7-910f4d8c4f47: start FollowerState
2019-10-29 17:14:29,823 [pool-47-thread-1] INFO  util.JmxRegister (JmxRegister.java:tryRegister(44)) - Successfully registered JMX Bean with object name Ratis:service=RaftServer,group=group-129E762D73C8,id=8ecfb80f-f1a1-47d2-a5ff-728ffb4d9fac
2019-10-29 17:14:29,823 [pool-47-thread-1] WARN  impl.MetricRegistriesImpl (MetricRegistriesImpl.java:lambda$create$1(61)) - First MetricRegistry has been created without registering reporters. You may need to call MetricRegistries.global().addReportRegistration(...) before.
2019-10-29 17:14:29,824 [pool-37-thread-1] INFO  util.JmxRegister (JmxRegister.java:tryRegister(44)) - Successfully registered JMX Bean with object name Ratis:service=RaftServer,group=group-129E762D73C8,id=1d9aaf82-a89e-4bd5-b7e7-910f4d8c4f47
2019-10-29 17:14:29,824 [pool-37-thread-1] WARN  impl.MetricRegistriesImpl (MetricRegistriesImpl.java:lambda$create$1(61)) - First MetricRegistry has been created without registering reporters. You may need to call MetricRegistries.global().addReportRegistration(...) before.
2019-10-29 17:14:29,826 [Command processor thread] INFO  commandhandler.CreatePipelineCommandHandler (CreatePipelineCommandHandler.java:handle(86)) - Create Pipeline RATIS THREE #id: "15effa37-da38-49e4-a56f-129e762d73c8"
 command succeed on datanode 8ecfb80f-f1a1-47d2-a5ff-728ffb4d9fac.
2019-10-29 17:14:29,826 [Command processor thread] INFO  commandhandler.CreatePipelineCommandHandler (CreatePipelineCommandHandler.java:handle(86)) - Create Pipeline RATIS THREE #id: "15effa37-da38-49e4-a56f-129e762d73c8"
 command succeed on datanode 1d9aaf82-a89e-4bd5-b7e7-910f4d8c4f47.
2019-10-29 17:14:29,826 [EventQueue-PipelineReportForPipelineReportHandler] INFO  pipeline.PipelineReportHandler (PipelineReportHandler.java:processPipelineReport(104)) - Pipeline THREE PipelineID=15effa37-da38-49e4-a56f-129e762d73c8 reported by c29b9a32-2bb8-492e-88ab-ed2e302f0578{ip: 192.168.164.217, host: pr-hdds-2034-76npd-2451761435, networkLocation: /default-rack, certSerialId: null}
2019-10-29 17:14:29,828 [EventQueue-OpenPipelineForOneReplicaPipelineSafeModeRule] INFO  safemode.SCMSafeModeManager (SCMSafeModeManager.java:validateSafeModeExitRules(176)) - AtleastOneDatanodeReportedRule rule is successfully validated
2019-10-29 17:14:29,828 [EventQueue-OpenPipelineForHealthyPipelineSafeModeRule] INFO  safemode.SCMSafeModeManager (HealthyPipelineSafeModeRule.java:process(125)) - SCM in safe mode. Healthy pipelines reported count is 1, required healthy pipeline reported count is 1
2019-10-29 17:14:29,829 [EventQueue-OpenPipelineForHealthyPipelineSafeModeRule] INFO  safemode.SCMSafeModeManager (SCMSafeModeManager.java:validateSafeModeExitRules(176)) - HealthyPipelineSafeModeRule rule is successfully validated
2019-10-29 17:14:29,829 [EventQueue-OpenPipelineForHealthyPipelineSafeModeRule] INFO  safemode.SCMSafeModeManager (SCMSafeModeManager.java:validateSafeModeExitRules(185)) - ScmSafeModeManager, all rules are successfully validated
2019-10-29 17:14:29,829 [EventQueue-OpenPipelineForHealthyPipelineSafeModeRule] INFO  safemode.SCMSafeModeManager (SCMSafeModeManager.java:exitSafeMode(201)) - SCM exiting safe mode.
2019-10-29 17:14:29,829 [EventQueue-PipelineReportForPipelineReportHandler] INFO  pipeline.PipelineReportHandler (PipelineReportHandler.java:processPipelineReport(104)) - Pipeline THREE PipelineID=15effa37-da38-49e4-a56f-129e762d73c8 reported by 8ecfb80f-f1a1-47d2-a5ff-728ffb4d9fac{ip: 192.168.164.217, host: pr-hdds-2034-76npd-2451761435, networkLocation: /default-rack, certSerialId: null}
2019-10-29 17:14:29,829 [EventQueue-PipelineReportForPipelineReportHandler] INFO  pipeline.PipelineReportHandler (PipelineReportHandler.java:processPipelineReport(104)) - Pipeline THREE PipelineID=15effa37-da38-49e4-a56f-129e762d73c8 reported by 1d9aaf82-a89e-4bd5-b7e7-910f4d8c4f47{ip: 192.168.164.217, host: pr-hdds-2034-76npd-2451761435, networkLocation: /default-rack, certSerialId: null}
2019-10-29 17:14:29,829 [EventQueue-PipelineReportForPipelineReportHandler] INFO  pipeline.PipelineStateManager (PipelineStateManager.java:openPipeline(134)) - Pipeline Pipeline[ Id: 15effa37-da38-49e4-a56f-129e762d73c8, Nodes: 1d9aaf82-a89e-4bd5-b7e7-910f4d8c4f47{ip: 192.168.164.217, host: pr-hdds-2034-76npd-2451761435, networkLocation: /default-rack, certSerialId: null}8ecfb80f-f1a1-47d2-a5ff-728ffb4d9fac{ip: 192.168.164.217, host: pr-hdds-2034-76npd-2451761435, networkLocation: /default-rack, certSerialId: null}c29b9a32-2bb8-492e-88ab-ed2e302f0578{ip: 192.168.164.217, host: pr-hdds-2034-76npd-2451761435, networkLocation: /default-rack, certSerialId: null}, Type:RATIS, Factor:THREE, State:ALLOCATED] moved to OPEN state
2019-10-29 17:14:30,705 [main] INFO  ozone.MiniOzoneClusterImpl (MiniOzoneClusterImpl.java:lambda$waitForClusterToBeReady$0(149)) - Nodes are ready. Got 3 of 3 DN Heartbeats.
2019-10-29 17:14:30,706 [main] INFO  ozone.MiniOzoneClusterImpl (MiniOzoneClusterImpl.java:lambda$waitForClusterToBeReady$0(152)) - Cluster exits safe mode
2019-10-29 17:14:32,836 [Thread-193] INFO  container.ReplicationManager (ReplicationManager.java:start(162)) - Starting Replication Monitor Thread.
2019-10-29 17:14:32,839 [ReplicationMonitor] INFO  container.ReplicationManager (ReplicationManager.java:run(225)) - Replication Monitor Thread took 2 milliseconds for processing 0 containers.
2019-10-29 17:14:33,884 [main] INFO  ozone.MiniOzoneClusterImpl (MiniOzoneClusterImpl.java:shutdown(338)) - Shutting down the Mini Ozone Cluster
2019-10-29 17:14:33,885 [main] INFO  ozone.MiniOzoneClusterImpl (MiniOzoneClusterImpl.java:stop(354)) - Stopping the Mini Ozone Cluster
2019-10-29 17:14:33,885 [main] INFO  ozone.MiniOzoneClusterImpl (MiniOzoneClusterImpl.java:stopOM(424)) - Stopping the OzoneManager
2019-10-29 17:14:33,885 [main] INFO  ipc.Server (Server.java:stop(3082)) - Stopping server on 39243
2019-10-29 17:14:33,886 [IPC Server listener on 39243] INFO  ipc.Server (Server.java:run(1185)) - Stopping IPC Server listener on 39243
2019-10-29 17:14:33,886 [main] INFO  ratis.OzoneManagerDoubleBuffer (OzoneManagerDoubleBuffer.java:stop(255)) - Stopping OMDoubleBuffer flush thread
2019-10-29 17:14:33,886 [IPC Server Responder] INFO  ipc.Server (Server.java:run(1319)) - Stopping IPC Server Responder
2019-10-29 17:14:33,887 [OMDoubleBufferFlushThread] INFO  ratis.OzoneManagerDoubleBuffer (OzoneManagerDoubleBuffer.java:flushTransactions(198)) - OMDoubleBuffer flush thread OMDoubleBufferFlushThread is interrupted and will exit. OMDoubleBufferFlushThread
2019-10-29 17:14:33,887 [main] INFO  utils.BackgroundService (BackgroundService.java:shutdown(151)) - Shutting down service KeyDeletingService
2019-10-29 17:14:33,890 [main] INFO  handler.ContextHandler (ContextHandler.java:doStop(910)) - Stopped o.e.j.w.WebAppContext@6fca2a8f{/,null,UNAVAILABLE}{/ozoneManager}
2019-10-29 17:14:33,895 [main] INFO  server.AbstractConnector (AbstractConnector.java:doStop(318)) - Stopped ServerConnector@31fc71ab{HTTP/1.1,[http/1.1]}{0.0.0.0:0}
2019-10-29 17:14:33,895 [main] INFO  handler.ContextHandler (ContextHandler.java:doStop(910)) - Stopped o.e.j.s.ServletContextHandler@43826ec{/static,file:///workdir/hadoop-ozone/integration-test/target/test-classes/webapps/static,UNAVAILABLE}
2019-10-29 17:14:33,895 [main] INFO  handler.ContextHandler (ContextHandler.java:doStop(910)) - Stopped o.e.j.s.ServletContextHandler@2eb79cbe{/logs,file:///workdir/hadoop-ozone/integration-test/target/log,UNAVAILABLE}
2019-10-29 17:14:33,899 [main] INFO  ozone.MiniOzoneClusterImpl (MiniOzoneClusterImpl.java:stopDatanodes(401)) - Stopping the HddsDatanodes
2019-10-29 17:14:34,821 [Thread-182] INFO  impl.FollowerState (FollowerState.java:run(111)) - 1d9aaf82-a89e-4bd5-b7e7-910f4d8c4f47@group-46A30B3314B5-FollowerState: change to CANDIDATE, lastRpcTime:5075ms, electionTimeout:5073ms
2019-10-29 17:14:34,824 [Thread-182] INFO  impl.RoleInfo (RoleInfo.java:shutdownFollowerState(121)) - 1d9aaf82-a89e-4bd5-b7e7-910f4d8c4f47: shutdown FollowerState
2019-10-29 17:14:34,824 [Thread-182] INFO  impl.RaftServerImpl (RaftServerImpl.java:setRole(173)) - 1d9aaf82-a89e-4bd5-b7e7-910f4d8c4f47@group-46A30B3314B5: changes role from  FOLLOWER to CANDIDATE at term 0 for changeToCandidate
2019-10-29 17:14:34,825 [Datanode State Machine Thread - 0] INFO  statemachine.DatanodeStateMachine (DatanodeStateMachine.java:lambda$startDaemon$0(356)) - Ozone container server started.
2019-10-29 17:14:34,827 [Datanode State Machine Thread - 0] INFO  statemachine.DatanodeStateMachine (DatanodeStateMachine.java:lambda$startDaemon$0(356)) - Ozone container server started.
2019-10-29 17:14:34,829 [Thread-182] INFO  impl.RoleInfo (RoleInfo.java:updateAndGet(143)) - 1d9aaf82-a89e-4bd5-b7e7-910f4d8c4f47: start LeaderElection
2019-10-29 17:14:34,848 [1d9aaf82-a89e-4bd5-b7e7-910f4d8c4f47@group-46A30B3314B5-LeaderElection1] INFO  impl.LeaderElection (LeaderElection.java:askForVotes(178)) - 1d9aaf82-a89e-4bd5-b7e7-910f4d8c4f47@group-46A30B3314B5-LeaderElection1: begin an election at term 1 for -1: [1d9aaf82-a89e-4bd5-b7e7-910f4d8c4f47:192.168.164.217:34033], old=null
2019-10-29 17:14:34,850 [1d9aaf82-a89e-4bd5-b7e7-910f4d8c4f47@group-46A30B3314B5-LeaderElection1] INFO  impl.RoleInfo (RoleInfo.java:shutdownLeaderElection(134)) - 1d9aaf82-a89e-4bd5-b7e7-910f4d8c4f47: shutdown LeaderElection
2019-10-29 17:14:34,851 [1d9aaf82-a89e-4bd5-b7e7-910f4d8c4f47@group-46A30B3314B5-LeaderElection1] INFO  impl.RaftServerImpl (RaftServerImpl.java:setRole(173)) - 1d9aaf82-a89e-4bd5-b7e7-910f4d8c4f47@group-46A30B3314B5: changes role from CANDIDATE to LEADER at term 1 for changeToLeader
2019-10-29 17:14:34,851 [1d9aaf82-a89e-4bd5-b7e7-910f4d8c4f47@group-46A30B3314B5-LeaderElection1] INFO  impl.RaftServerImpl (ServerState.java:setLeader(255)) - 1d9aaf82-a89e-4bd5-b7e7-910f4d8c4f47@group-46A30B3314B5: change Leader from null to 1d9aaf82-a89e-4bd5-b7e7-910f4d8c4f47 at term 1 for becomeLeader, leader elected after 5192ms
2019-10-29 17:14:34,858 [1d9aaf82-a89e-4bd5-b7e7-910f4d8c4f47@group-46A30B3314B5-LeaderElection1] INFO  server.RaftServerConfigKeys (ConfUtils.java:logGet(43)) - raft.server.staging.catchup.gap = 1000 (default)
2019-10-29 17:14:34,858 [1d9aaf82-a89e-4bd5-b7e7-910f4d8c4f47@group-46A30B3314B5-LeaderElection1] INFO  server.RaftServerConfigKeys (ConfUtils.java:logGet(43)) - raft.server.rpc.sleep.time = 25ms (default)
2019-10-29 17:14:34,864 [1d9aaf82-a89e-4bd5-b7e7-910f4d8c4f47@group-46A30B3314B5-LeaderElection1] INFO  server.RaftServerConfigKeys (ConfUtils.java:logGet(43)) - raft.server.write.element-limit = 4096 (default)
2019-10-29 17:14:34,871 [1d9aaf82-a89e-4bd5-b7e7-910f4d8c4f47@group-46A30B3314B5-LeaderElection1] INFO  server.RaftServerConfigKeys (ConfUtils.java:logGet(43)) - raft.server.watch.timeout = 10s (default)
2019-10-29 17:14:34,871 [1d9aaf82-a89e-4bd5-b7e7-910f4d8c4f47@group-46A30B3314B5-LeaderElection1] INFO  server.RaftServerConfigKeys (ConfUtils.java:logGet(43)) - raft.server.watch.timeout.denomination = 1s (default)
2019-10-29 17:14:34,872 [1d9aaf82-a89e-4bd5-b7e7-910f4d8c4f47@group-46A30B3314B5-LeaderElection1] INFO  server.RaftServerConfigKeys (ConfUtils.java:logGet(43)) - raft.server.watch.element-limit = 65536 (default)
2019-10-29 17:14:34,895 [1d9aaf82-a89e-4bd5-b7e7-910f4d8c4f47@group-46A30B3314B5-LeaderElection1] INFO  impl.RoleInfo (RoleInfo.java:updateAndGet(143)) - 1d9aaf82-a89e-4bd5-b7e7-910f4d8c4f47: start LeaderState
2019-10-29 17:14:34,908 [Thread-181] INFO  impl.FollowerState (FollowerState.java:run(111)) - c29b9a32-2bb8-492e-88ab-ed2e302f0578@group-CE026907DD2D-FollowerState: change to CANDIDATE, lastRpcTime:5162ms, electionTimeout:5160ms
2019-10-29 17:14:34,914 [Thread-190] INFO  impl.FollowerState (FollowerState.java:run(111)) - 8ecfb80f-f1a1-47d2-a5ff-728ffb4d9fac@group-129E762D73C8-FollowerState: change to CANDIDATE, lastRpcTime:5092ms, electionTimeout:5090ms
2019-10-29 17:14:34,915 [Thread-181] INFO  impl.RoleInfo (RoleInfo.java:shutdownFollowerState(121)) - c29b9a32-2bb8-492e-88ab-ed2e302f0578: shutdown FollowerState
2019-10-29 17:14:34,915 [Thread-190] INFO  impl.RoleInfo (RoleInfo.java:shutdownFollowerState(121)) - 8ecfb80f-f1a1-47d2-a5ff-728ffb4d9fac: shutdown FollowerState
2019-10-29 17:14:34,915 [Thread-181] INFO  impl.RaftServerImpl (RaftServerImpl.java:setRole(173)) - c29b9a32-2bb8-492e-88ab-ed2e302f0578@group-CE026907DD2D: changes role from  FOLLOWER to CANDIDATE at term 0 for changeToCandidate
2019-10-29 17:14:34,915 [Thread-190] INFO  impl.RaftServerImpl (RaftServerImpl.java:setRole(173)) - 8ecfb80f-f1a1-47d2-a5ff-728ffb4d9fac@group-129E762D73C8: changes role from  FOLLOWER to CANDIDATE at term 0 for changeToCandidate
2019-10-29 17:14:34,916 [Thread-190] INFO  impl.RoleInfo (RoleInfo.java:updateAndGet(143)) - 8ecfb80f-f1a1-47d2-a5ff-728ffb4d9fac: start LeaderElection
2019-10-29 17:14:34,916 [Thread-181] INFO  impl.RoleInfo (RoleInfo.java:updateAndGet(143)) - c29b9a32-2bb8-492e-88ab-ed2e302f0578: start LeaderElection
2019-10-29 17:14:34,935 [Thread-183] INFO  impl.FollowerState (FollowerState.java:run(111)) - 8ecfb80f-f1a1-47d2-a5ff-728ffb4d9fac@group-34D6FC537DD7-FollowerState: change to CANDIDATE, lastRpcTime:5188ms, electionTimeout:5187ms
2019-10-29 17:14:34,935 [Thread-183] INFO  impl.RoleInfo (RoleInfo.java:shutdownFollowerState(121)) - 8ecfb80f-f1a1-47d2-a5ff-728ffb4d9fac: shutdown FollowerState
2019-10-29 17:14:34,935 [Thread-183] INFO  impl.RaftServerImpl (RaftServerImpl.java:setRole(173)) - 8ecfb80f-f1a1-47d2-a5ff-728ffb4d9fac@group-34D6FC537DD7: changes role from  FOLLOWER to CANDIDATE at term 0 for changeToCandidate
2019-10-29 17:14:34,935 [Thread-183] INFO  impl.RoleInfo (RoleInfo.java:updateAndGet(143)) - 8ecfb80f-f1a1-47d2-a5ff-728ffb4d9fac: start LeaderElection
2019-10-29 17:14:34,935 [1d9aaf82-a89e-4bd5-b7e7-910f4d8c4f47@group-46A30B3314B5-LeaderElection1] INFO  segmented.SegmentedRaftLogWorker (SegmentedRaftLogWorker.java:startLogSegment(385)) - 1d9aaf82-a89e-4bd5-b7e7-910f4d8c4f47@group-46A30B3314B5-SegmentedRaftLogWorker: Starting segment from index:0
2019-10-29 17:14:34,938 [c29b9a32-2bb8-492e-88ab-ed2e302f0578@group-CE026907DD2D-LeaderElection2] INFO  impl.LeaderElection (LeaderElection.java:askForVotes(178)) - c29b9a32-2bb8-492e-88ab-ed2e302f0578@group-CE026907DD2D-LeaderElection2: begin an election at term 1 for -1: [c29b9a32-2bb8-492e-88ab-ed2e302f0578:192.168.164.217:39960], old=null
2019-10-29 17:14:34,939 [8ecfb80f-f1a1-47d2-a5ff-728ffb4d9fac@group-129E762D73C8-LeaderElection3] INFO  impl.LeaderElection (LeaderElection.java:askForVotes(178)) - 8ecfb80f-f1a1-47d2-a5ff-728ffb4d9fac@group-129E762D73C8-LeaderElection3: begin an election at term 1 for -1: [c29b9a32-2bb8-492e-88ab-ed2e302f0578:192.168.164.217:39960, 1d9aaf82-a89e-4bd5-b7e7-910f4d8c4f47:192.168.164.217:34033, 8ecfb80f-f1a1-47d2-a5ff-728ffb4d9fac:192.168.164.217:44857], old=null
2019-10-29 17:14:34,939 [c29b9a32-2bb8-492e-88ab-ed2e302f0578@group-CE026907DD2D-LeaderElection2] INFO  impl.RoleInfo (RoleInfo.java:shutdownLeaderElection(134)) - c29b9a32-2bb8-492e-88ab-ed2e302f0578: shutdown LeaderElection
2019-10-29 17:14:34,939 [c29b9a32-2bb8-492e-88ab-ed2e302f0578@group-CE026907DD2D-LeaderElection2] INFO  impl.RaftServerImpl (RaftServerImpl.java:setRole(173)) - c29b9a32-2bb8-492e-88ab-ed2e302f0578@group-CE026907DD2D: changes role from CANDIDATE to LEADER at term 1 for changeToLeader
2019-10-29 17:14:34,939 [c29b9a32-2bb8-492e-88ab-ed2e302f0578@group-CE026907DD2D-LeaderElection2] INFO  impl.RaftServerImpl (ServerState.java:setLeader(255)) - c29b9a32-2bb8-492e-88ab-ed2e302f0578@group-CE026907DD2D: change Leader from null to c29b9a32-2bb8-492e-88ab-ed2e302f0578 at term 1 for becomeLeader, leader elected after 5307ms
2019-10-29 17:14:34,939 [c29b9a32-2bb8-492e-88ab-ed2e302f0578@group-CE026907DD2D-LeaderElection2] INFO  server.RaftServerConfigKeys (ConfUtils.java:logGet(43)) - raft.server.staging.catchup.gap = 1000 (default)
2019-10-29 17:14:34,939 [c29b9a32-2bb8-492e-88ab-ed2e302f0578@group-CE026907DD2D-LeaderElection2] INFO  server.RaftServerConfigKeys (ConfUtils.java:logGet(43)) - raft.server.rpc.sleep.time = 25ms (default)
2019-10-29 17:14:34,940 [c29b9a32-2bb8-492e-88ab-ed2e302f0578@group-CE026907DD2D-LeaderElection2] INFO  server.RaftServerConfigKeys (ConfUtils.java:logGet(43)) - raft.server.write.element-limit = 4096 (default)
2019-10-29 17:14:34,940 [c29b9a32-2bb8-492e-88ab-ed2e302f0578@group-CE026907DD2D-LeaderElection2] INFO  server.RaftServerConfigKeys (ConfUtils.java:logGet(43)) - raft.server.watch.timeout = 10s (default)
2019-10-29 17:14:34,940 [c29b9a32-2bb8-492e-88ab-ed2e302f0578@group-CE026907DD2D-LeaderElection2] INFO  server.RaftServerConfigKeys (ConfUtils.java:logGet(43)) - raft.server.watch.timeout.denomination = 1s (default)
2019-10-29 17:14:34,941 [c29b9a32-2bb8-492e-88ab-ed2e302f0578@group-CE026907DD2D-LeaderElection2] INFO  server.RaftServerConfigKeys (ConfUtils.java:logGet(43)) - raft.server.watch.element-limit = 65536 (default)
2019-10-29 17:14:34,941 [c29b9a32-2bb8-492e-88ab-ed2e302f0578@group-CE026907DD2D-LeaderElection2] INFO  impl.RoleInfo (RoleInfo.java:updateAndGet(143)) - c29b9a32-2bb8-492e-88ab-ed2e302f0578: start LeaderState
2019-10-29 17:14:34,941 [c29b9a32-2bb8-492e-88ab-ed2e302f0578@group-CE026907DD2D-LeaderElection2] INFO  segmented.SegmentedRaftLogWorker (SegmentedRaftLogWorker.java:startLogSegment(385)) - c29b9a32-2bb8-492e-88ab-ed2e302f0578@group-CE026907DD2D-SegmentedRaftLogWorker: Starting segment from index:0
2019-10-29 17:14:34,953 [8ecfb80f-f1a1-47d2-a5ff-728ffb4d9fac@group-34D6FC537DD7-LeaderElection4] INFO  impl.LeaderElection (LeaderElection.java:askForVotes(178)) - 8ecfb80f-f1a1-47d2-a5ff-728ffb4d9fac@group-34D6FC537DD7-LeaderElection4: begin an election at term 1 for -1: [8ecfb80f-f1a1-47d2-a5ff-728ffb4d9fac:192.168.164.217:44857], old=null
2019-10-29 17:14:34,953 [8ecfb80f-f1a1-47d2-a5ff-728ffb4d9fac@group-34D6FC537DD7-LeaderElection4] INFO  impl.RoleInfo (RoleInfo.java:shutdownLeaderElection(134)) - 8ecfb80f-f1a1-47d2-a5ff-728ffb4d9fac: shutdown LeaderElection
2019-10-29 17:14:34,954 [8ecfb80f-f1a1-47d2-a5ff-728ffb4d9fac@group-34D6FC537DD7-LeaderElection4] INFO  impl.RaftServerImpl (RaftServerImpl.java:setRole(173)) - 8ecfb80f-f1a1-47d2-a5ff-728ffb4d9fac@group-34D6FC537DD7: changes role from CANDIDATE to LEADER at term 1 for changeToLeader
2019-10-29 17:14:34,954 [8ecfb80f-f1a1-47d2-a5ff-728ffb4d9fac@group-34D6FC537DD7-LeaderElection4] INFO  impl.RaftServerImpl (ServerState.java:setLeader(255)) - 8ecfb80f-f1a1-47d2-a5ff-728ffb4d9fac@group-34D6FC537DD7: change Leader from null to 8ecfb80f-f1a1-47d2-a5ff-728ffb4d9fac at term 1 for becomeLeader, leader elected after 5219ms
2019-10-29 17:14:34,954 [8ecfb80f-f1a1-47d2-a5ff-728ffb4d9fac@group-34D6FC537DD7-LeaderElection4] INFO  server.RaftServerConfigKeys (ConfUtils.java:logGet(43)) - raft.server.staging.catchup.gap = 1000 (default)
2019-10-29 17:14:34,954 [8ecfb80f-f1a1-47d2-a5ff-728ffb4d9fac@group-34D6FC537DD7-LeaderElection4] INFO  server.RaftServerConfigKeys (ConfUtils.java:logGet(43)) - raft.server.rpc.sleep.time = 25ms (default)
2019-10-29 17:14:34,954 [8ecfb80f-f1a1-47d2-a5ff-728ffb4d9fac@group-34D6FC537DD7-LeaderElection4] INFO  server.RaftServerConfigKeys (ConfUtils.java:logGet(43)) - raft.server.write.element-limit = 4096 (default)
2019-10-29 17:14:34,954 [8ecfb80f-f1a1-47d2-a5ff-728ffb4d9fac@group-34D6FC537DD7-LeaderElection4] INFO  server.RaftServerConfigKeys (ConfUtils.java:logGet(43)) - raft.server.watch.timeout = 10s (default)
2019-10-29 17:14:34,954 [8ecfb80f-f1a1-47d2-a5ff-728ffb4d9fac@group-34D6FC537DD7-LeaderElection4] INFO  server.RaftServerConfigKeys (ConfUtils.java:logGet(43)) - raft.server.watch.timeout.denomination = 1s (default)
2019-10-29 17:14:34,955 [8ecfb80f-f1a1-47d2-a5ff-728ffb4d9fac@group-34D6FC537DD7-LeaderElection4] INFO  server.RaftServerConfigKeys (ConfUtils.java:logGet(43)) - raft.server.watch.element-limit = 65536 (default)
2019-10-29 17:14:34,955 [8ecfb80f-f1a1-47d2-a5ff-728ffb4d9fac@group-34D6FC537DD7-LeaderElection4] INFO  impl.RoleInfo (RoleInfo.java:updateAndGet(143)) - 8ecfb80f-f1a1-47d2-a5ff-728ffb4d9fac: start LeaderState
2019-10-29 17:14:34,955 [8ecfb80f-f1a1-47d2-a5ff-728ffb4d9fac@group-34D6FC537DD7-LeaderElection4] INFO  segmented.SegmentedRaftLogWorker (SegmentedRaftLogWorker.java:startLogSegment(385)) - 8ecfb80f-f1a1-47d2-a5ff-728ffb4d9fac@group-34D6FC537DD7-SegmentedRaftLogWorker: Starting segment from index:0
2019-10-29 17:14:34,963 [c29b9a32-2bb8-492e-88ab-ed2e302f0578@group-CE026907DD2D-LeaderElection2] INFO  impl.RaftServerImpl (ServerState.java:setRaftConf(356)) - c29b9a32-2bb8-492e-88ab-ed2e302f0578@group-CE026907DD2D: set configuration 0: [c29b9a32-2bb8-492e-88ab-ed2e302f0578:192.168.164.217:39960], old=null at 0
2019-10-29 17:14:34,963 [8ecfb80f-f1a1-47d2-a5ff-728ffb4d9fac@group-34D6FC537DD7-LeaderElection4] INFO  impl.RaftServerImpl (ServerState.java:setRaftConf(356)) - 8ecfb80f-f1a1-47d2-a5ff-728ffb4d9fac@group-34D6FC537DD7: set configuration 0: [8ecfb80f-f1a1-47d2-a5ff-728ffb4d9fac:192.168.164.217:44857], old=null at 0
2019-10-29 17:14:34,963 [1d9aaf82-a89e-4bd5-b7e7-910f4d8c4f47@group-46A30B3314B5-LeaderElection1] INFO  impl.RaftServerImpl (ServerState.java:setRaftConf(356)) - 1d9aaf82-a89e-4bd5-b7e7-910f4d8c4f47@group-46A30B3314B5: set configuration 0: [1d9aaf82-a89e-4bd5-b7e7-910f4d8c4f47:192.168.164.217:34033], old=null at 0
2019-10-29 17:14:34,965 [Thread-189] INFO  impl.FollowerState (FollowerState.java:run(111)) - c29b9a32-2bb8-492e-88ab-ed2e302f0578@group-129E762D73C8-FollowerState: change to CANDIDATE, lastRpcTime:5144ms, electionTimeout:5143ms
2019-10-29 17:14:34,966 [Thread-191] INFO  impl.FollowerState (FollowerState.java:run(111)) - 1d9aaf82-a89e-4bd5-b7e7-910f4d8c4f47@group-129E762D73C8-FollowerState: change to CANDIDATE, lastRpcTime:5143ms, electionTimeout:5142ms
2019-10-29 17:14:34,966 [Thread-189] INFO  impl.RoleInfo (RoleInfo.java:shutdownFollowerState(121)) - c29b9a32-2bb8-492e-88ab-ed2e302f0578: shutdown FollowerState
2019-10-29 17:14:34,966 [Thread-191] INFO  impl.RoleInfo (RoleInfo.java:shutdownFollowerState(121)) - 1d9aaf82-a89e-4bd5-b7e7-910f4d8c4f47: shutdown FollowerState
2019-10-29 17:14:34,967 [Thread-189] INFO  impl.RaftServerImpl (RaftServerImpl.java:setRole(173)) - c29b9a32-2bb8-492e-88ab-ed2e302f0578@group-129E762D73C8: changes role from  FOLLOWER to CANDIDATE at term 0 for changeToCandidate
2019-10-29 17:14:34,967 [Thread-191] INFO  impl.RaftServerImpl (RaftServerImpl.java:setRole(173)) - 1d9aaf82-a89e-4bd5-b7e7-910f4d8c4f47@group-129E762D73C8: changes role from  FOLLOWER to CANDIDATE at term 0 for changeToCandidate
2019-10-29 17:14:34,967 [Thread-189] INFO  impl.RoleInfo (RoleInfo.java:updateAndGet(143)) - c29b9a32-2bb8-492e-88ab-ed2e302f0578: start LeaderElection
2019-10-29 17:14:34,967 [Thread-191] INFO  impl.RoleInfo (RoleInfo.java:updateAndGet(143)) - 1d9aaf82-a89e-4bd5-b7e7-910f4d8c4f47: start LeaderElection
2019-10-29 17:14:34,996 [c29b9a32-2bb8-492e-88ab-ed2e302f0578@group-129E762D73C8-LeaderElection5] INFO  impl.LeaderElection (LeaderElection.java:askForVotes(178)) - c29b9a32-2bb8-492e-88ab-ed2e302f0578@group-129E762D73C8-LeaderElection5: begin an election at term 1 for -1: [c29b9a32-2bb8-492e-88ab-ed2e302f0578:192.168.164.217:39960, 1d9aaf82-a89e-4bd5-b7e7-910f4d8c4f47:192.168.164.217:34033, 8ecfb80f-f1a1-47d2-a5ff-728ffb4d9fac:192.168.164.217:44857], old=null
2019-10-29 17:14:34,996 [1d9aaf82-a89e-4bd5-b7e7-910f4d8c4f47@group-129E762D73C8-LeaderElection6] INFO  impl.LeaderElection (LeaderElection.java:askForVotes(178)) - 1d9aaf82-a89e-4bd5-b7e7-910f4d8c4f47@group-129E762D73C8-LeaderElection6: begin an election at term 1 for -1: [c29b9a32-2bb8-492e-88ab-ed2e302f0578:192.168.164.217:39960, 1d9aaf82-a89e-4bd5-b7e7-910f4d8c4f47:192.168.164.217:34033, 8ecfb80f-f1a1-47d2-a5ff-728ffb4d9fac:192.168.164.217:44857], old=null
2019-10-29 17:14:35,142 [1d9aaf82-a89e-4bd5-b7e7-910f4d8c4f47@group-46A30B3314B5-SegmentedRaftLogWorker] INFO  segmented.SegmentedRaftLogWorker (SegmentedRaftLogWorker.java:execute(576)) - 1d9aaf82-a89e-4bd5-b7e7-910f4d8c4f47@group-46A30B3314B5-SegmentedRaftLogWorker: created new log segment /workdir/hadoop-ozone/integration-test/target/test-dir/MiniOzoneClusterImpl-8ae979c7-f839-446d-a622-f638bed50017/datanode-1/data/ratis/1fa5229a-50d5-4146-be00-46a30b3314b5/current/log_inprogress_0
2019-10-29 17:14:35,142 [c29b9a32-2bb8-492e-88ab-ed2e302f0578@group-CE026907DD2D-SegmentedRaftLogWorker] INFO  segmented.SegmentedRaftLogWorker (SegmentedRaftLogWorker.java:execute(576)) - c29b9a32-2bb8-492e-88ab-ed2e302f0578@group-CE026907DD2D-SegmentedRaftLogWorker: created new log segment /workdir/hadoop-ozone/integration-test/target/test-dir/MiniOzoneClusterImpl-8ae979c7-f839-446d-a622-f638bed50017/datanode-0/data/ratis/422defe3-0c87-4857-b346-ce026907dd2d/current/log_inprogress_0
2019-10-29 17:14:35,142 [8ecfb80f-f1a1-47d2-a5ff-728ffb4d9fac@group-34D6FC537DD7-SegmentedRaftLogWorker] INFO  segmented.SegmentedRaftLogWorker (SegmentedRaftLogWorker.java:execute(576)) - 8ecfb80f-f1a1-47d2-a5ff-728ffb4d9fac@group-34D6FC537DD7-SegmentedRaftLogWorker: created new log segment /workdir/hadoop-ozone/integration-test/target/test-dir/MiniOzoneClusterImpl-8ae979c7-f839-446d-a622-f638bed50017/datanode-2/data/ratis/f087de12-e504-4209-8e0b-34d6fc537dd7/current/log_inprogress_0
2019-10-29 17:14:35,418 [1d9aaf82-a89e-4bd5-b7e7-910f4d8c4f47@group-129E762D73C8-LeaderElection6] INFO  impl.LeaderElection (LeaderElection.java:logAndReturn(56)) - 1d9aaf82-a89e-4bd5-b7e7-910f4d8c4f47@group-129E762D73C8-LeaderElection6: Election REJECTED; received 2 response(s) [1d9aaf82-a89e-4bd5-b7e7-910f4d8c4f47<-c29b9a32-2bb8-492e-88ab-ed2e302f0578#0:FAIL-t1, 1d9aaf82-a89e-4bd5-b7e7-910f4d8c4f47<-8ecfb80f-f1a1-47d2-a5ff-728ffb4d9fac#0:FAIL-t1] and 0 exception(s); 1d9aaf82-a89e-4bd5-b7e7-910f4d8c4f47@group-129E762D73C8:t1, leader=null, voted=1d9aaf82-a89e-4bd5-b7e7-910f4d8c4f47, raftlog=1d9aaf82-a89e-4bd5-b7e7-910f4d8c4f47@group-129E762D73C8-SegmentedRaftLog:OPENED:c-1,f-1,i0, conf=-1: [c29b9a32-2bb8-492e-88ab-ed2e302f0578:192.168.164.217:39960, 1d9aaf82-a89e-4bd5-b7e7-910f4d8c4f47:192.168.164.217:34033, 8ecfb80f-f1a1-47d2-a5ff-728ffb4d9fac:192.168.164.217:44857], old=null
2019-10-29 17:14:35,418 [c29b9a32-2bb8-492e-88ab-ed2e302f0578@group-129E762D73C8-LeaderElection5] INFO  impl.LeaderElection (LeaderElection.java:logAndReturn(56)) - c29b9a32-2bb8-492e-88ab-ed2e302f0578@group-129E762D73C8-LeaderElection5: Election REJECTED; received 2 response(s) [c29b9a32-2bb8-492e-88ab-ed2e302f0578<-1d9aaf82-a89e-4bd5-b7e7-910f4d8c4f47#0:FAIL-t1, c29b9a32-2bb8-492e-88ab-ed2e302f0578<-8ecfb80f-f1a1-47d2-a5ff-728ffb4d9fac#0:FAIL-t1] and 0 exception(s); c29b9a32-2bb8-492e-88ab-ed2e302f0578@group-129E762D73C8:t1, leader=null, voted=c29b9a32-2bb8-492e-88ab-ed2e302f0578, raftlog=c29b9a32-2bb8-492e-88ab-ed2e302f0578@group-129E762D73C8-SegmentedRaftLog:OPENED:c-1,f-1,i0, conf=-1: [c29b9a32-2bb8-492e-88ab-ed2e302f0578:192.168.164.217:39960, 1d9aaf82-a89e-4bd5-b7e7-910f4d8c4f47:192.168.164.217:34033, 8ecfb80f-f1a1-47d2-a5ff-728ffb4d9fac:192.168.164.217:44857], old=null
2019-10-29 17:14:35,418 [8ecfb80f-f1a1-47d2-a5ff-728ffb4d9fac@group-129E762D73C8-LeaderElection3] INFO  impl.LeaderElection (LeaderElection.java:logAndReturn(56)) - 8ecfb80f-f1a1-47d2-a5ff-728ffb4d9fac@group-129E762D73C8-LeaderElection3: Election REJECTED; received 2 response(s) [8ecfb80f-f1a1-47d2-a5ff-728ffb4d9fac<-c29b9a32-2bb8-492e-88ab-ed2e302f0578#0:FAIL-t1, 8ecfb80f-f1a1-47d2-a5ff-728ffb4d9fac<-1d9aaf82-a89e-4bd5-b7e7-910f4d8c4f47#0:FAIL-t1] and 0 exception(s); 8ecfb80f-f1a1-47d2-a5ff-728ffb4d9fac@group-129E762D73C8:t1, leader=null, voted=8ecfb80f-f1a1-47d2-a5ff-728ffb4d9fac, raftlog=8ecfb80f-f1a1-47d2-a5ff-728ffb4d9fac@group-129E762D73C8-SegmentedRaftLog:OPENED:c-1,f-1,i0, conf=-1: [c29b9a32-2bb8-492e-88ab-ed2e302f0578:192.168.164.217:39960, 1d9aaf82-a89e-4bd5-b7e7-910f4d8c4f47:192.168.164.217:34033, 8ecfb80f-f1a1-47d2-a5ff-728ffb4d9fac:192.168.164.217:44857], old=null
2019-10-29 17:14:35,421 [1d9aaf82-a89e-4bd5-b7e7-910f4d8c4f47@group-129E762D73C8-LeaderElection6] INFO  impl.RaftServerImpl (RaftServerImpl.java:setRole(173)) - 1d9aaf82-a89e-4bd5-b7e7-910f4d8c4f47@group-129E762D73C8: changes role from CANDIDATE to FOLLOWER at term 1 for DISCOVERED_A_NEW_TERM
2019-10-29 17:14:35,421 [1d9aaf82-a89e-4bd5-b7e7-910f4d8c4f47@group-129E762D73C8-LeaderElection6] INFO  impl.RoleInfo (RoleInfo.java:shutdownLeaderElection(134)) - 1d9aaf82-a89e-4bd5-b7e7-910f4d8c4f47: shutdown LeaderElection
2019-10-29 17:14:35,422 [8ecfb80f-f1a1-47d2-a5ff-728ffb4d9fac@group-129E762D73C8-LeaderElection3] INFO  impl.RaftServerImpl (RaftServerImpl.java:setRole(173)) - 8ecfb80f-f1a1-47d2-a5ff-728ffb4d9fac@group-129E762D73C8: changes role from CANDIDATE to FOLLOWER at term 1 for DISCOVERED_A_NEW_TERM
2019-10-29 17:14:35,423 [c29b9a32-2bb8-492e-88ab-ed2e302f0578@group-129E762D73C8-LeaderElection5] INFO  impl.RaftServerImpl (RaftServerImpl.java:setRole(173)) - c29b9a32-2bb8-492e-88ab-ed2e302f0578@group-129E762D73C8: changes role from CANDIDATE to FOLLOWER at term 1 for DISCOVERED_A_NEW_TERM
2019-10-29 17:14:35,424 [8ecfb80f-f1a1-47d2-a5ff-728ffb4d9fac@group-129E762D73C8-LeaderElection3] INFO  impl.RoleInfo (RoleInfo.java:shutdownLeaderElection(134)) - 8ecfb80f-f1a1-47d2-a5ff-728ffb4d9fac: shutdown LeaderElection
2019-10-29 17:14:35,424 [1d9aaf82-a89e-4bd5-b7e7-910f4d8c4f47@group-129E762D73C8-LeaderElection6] INFO  impl.RoleInfo (RoleInfo.java:updateAndGet(143)) - 1d9aaf82-a89e-4bd5-b7e7-910f4d8c4f47: start FollowerState
2019-10-29 17:14:35,424 [c29b9a32-2bb8-492e-88ab-ed2e302f0578@group-129E762D73C8-LeaderElection5] INFO  impl.RoleInfo (RoleInfo.java:shutdownLeaderElection(134)) - c29b9a32-2bb8-492e-88ab-ed2e302f0578: shutdown LeaderElection
2019-10-29 17:14:35,425 [8ecfb80f-f1a1-47d2-a5ff-728ffb4d9fac@group-129E762D73C8-LeaderElection3] INFO  impl.RoleInfo (RoleInfo.java:updateAndGet(143)) - 8ecfb80f-f1a1-47d2-a5ff-728ffb4d9fac: start FollowerState
2019-10-29 17:14:35,425 [c29b9a32-2bb8-492e-88ab-ed2e302f0578@group-129E762D73C8-LeaderElection5] INFO  impl.RoleInfo (RoleInfo.java:updateAndGet(143)) - c29b9a32-2bb8-492e-88ab-ed2e302f0578: start FollowerState
2019-10-29 17:14:38,903 [main] INFO  ozoneimpl.OzoneContainer (OzoneContainer.java:stop(227)) - Attempting to stop container services.
2019-10-29 17:14:38,903 [ForkJoinPool.commonPool-worker-0] INFO  ozoneimpl.OzoneContainer (OzoneContainer.java:stop(227)) - Attempting to stop container services.
2019-10-29 17:14:38,907 [main] INFO  impl.RaftServerProxy (RaftServerProxy.java:lambda$close$4(314)) - 1d9aaf82-a89e-4bd5-b7e7-910f4d8c4f47: close
2019-10-29 17:14:38,907 [ForkJoinPool.commonPool-worker-0] INFO  impl.RaftServerProxy (RaftServerProxy.java:lambda$close$4(314)) - c29b9a32-2bb8-492e-88ab-ed2e302f0578: close
2019-10-29 17:14:38,910 [main] INFO  impl.RaftServerImpl (RaftServerImpl.java:lambda$shutdown$3(250)) - 1d9aaf82-a89e-4bd5-b7e7-910f4d8c4f47@group-129E762D73C8: shutdown
2019-10-29 17:14:38,910 [ForkJoinPool.commonPool-worker-0] INFO  impl.RaftServerImpl (RaftServerImpl.java:lambda$shutdown$3(250)) - c29b9a32-2bb8-492e-88ab-ed2e302f0578@group-CE026907DD2D: shutdown
2019-10-29 17:14:38,911 [main] INFO  util.JmxRegister (JmxRegister.java:unregister(73)) - Successfully un-registered JMX Bean with object name Ratis:service=RaftServer,group=group-129E762D73C8,id=1d9aaf82-a89e-4bd5-b7e7-910f4d8c4f47
2019-10-29 17:14:38,911 [ForkJoinPool.commonPool-worker-0] INFO  util.JmxRegister (JmxRegister.java:unregister(73)) - Successfully un-registered JMX Bean with object name Ratis:service=RaftServer,group=group-CE026907DD2D,id=c29b9a32-2bb8-492e-88ab-ed2e302f0578
2019-10-29 17:14:38,911 [main] INFO  impl.RoleInfo (RoleInfo.java:shutdownFollowerState(121)) - 1d9aaf82-a89e-4bd5-b7e7-910f4d8c4f47: shutdown FollowerState
2019-10-29 17:14:38,911 [ForkJoinPool.commonPool-worker-0] INFO  impl.RoleInfo (RoleInfo.java:shutdownLeaderState(104)) - c29b9a32-2bb8-492e-88ab-ed2e302f0578: shutdown LeaderState
2019-10-29 17:14:38,912 [Thread-210] INFO  impl.FollowerState (FollowerState.java:run(120)) - 1d9aaf82-a89e-4bd5-b7e7-910f4d8c4f47@group-129E762D73C8-FollowerState was interrupted: java.lang.InterruptedException: sleep interrupted
2019-10-29 17:14:38,912 [main] INFO  impl.StateMachineUpdater (StateMachineUpdater.java:stopAndJoin(136)) - 1d9aaf82-a89e-4bd5-b7e7-910f4d8c4f47@group-129E762D73C8-StateMachineUpdater: set stopIndex = -1
2019-10-29 17:14:38,914 [main] INFO  impl.RaftServerImpl (ServerState.java:close(387)) - 1d9aaf82-a89e-4bd5-b7e7-910f4d8c4f47@group-129E762D73C8: closes. applyIndex: -1
2019-10-29 17:14:38,915 [ForkJoinPool.commonPool-worker-0] INFO  impl.PendingRequests (PendingRequests.java:sendNotLeaderResponses(206)) - c29b9a32-2bb8-492e-88ab-ed2e302f0578@group-CE026907DD2D-PendingRequests: sendNotLeaderResponses
2019-10-29 17:14:38,917 [1d9aaf82-a89e-4bd5-b7e7-910f4d8c4f47@group-129E762D73C8-SegmentedRaftLogWorker] INFO  segmented.SegmentedRaftLogWorker (SegmentedRaftLogWorker.java:run(316)) - 1d9aaf82-a89e-4bd5-b7e7-910f4d8c4f47@group-129E762D73C8-SegmentedRaftLogWorker was interrupted, exiting. There are 0 tasks remaining in the queue.
2019-10-29 17:14:38,918 [main] INFO  segmented.SegmentedRaftLogWorker (SegmentedRaftLogWorker.java:close(224)) - 1d9aaf82-a89e-4bd5-b7e7-910f4d8c4f47@group-129E762D73C8-SegmentedRaftLogWorker close()
2019-10-29 17:14:38,919 [ForkJoinPool.commonPool-worker-0] INFO  impl.StateMachineUpdater (StateMachineUpdater.java:stopAndJoin(136)) - c29b9a32-2bb8-492e-88ab-ed2e302f0578@group-CE026907DD2D-StateMachineUpdater: set stopIndex = 0
2019-10-29 17:14:38,922 [main] INFO  impl.RaftServerImpl (RaftServerImpl.java:lambda$shutdown$3(250)) - 1d9aaf82-a89e-4bd5-b7e7-910f4d8c4f47@group-46A30B3314B5: shutdown
2019-10-29 17:14:38,922 [main] INFO  util.JmxRegister (JmxRegister.java:unregister(73)) - Successfully un-registered JMX Bean with object name Ratis:service=RaftServer,group=group-46A30B3314B5,id=1d9aaf82-a89e-4bd5-b7e7-910f4d8c4f47
2019-10-29 17:14:38,922 [ForkJoinPool.commonPool-worker-0] INFO  impl.RaftServerImpl (ServerState.java:close(387)) - c29b9a32-2bb8-492e-88ab-ed2e302f0578@group-CE026907DD2D: closes. applyIndex: 0
2019-10-29 17:14:38,922 [main] INFO  impl.RoleInfo (RoleInfo.java:shutdownLeaderState(104)) - 1d9aaf82-a89e-4bd5-b7e7-910f4d8c4f47: shutdown LeaderState
2019-10-29 17:14:38,923 [c29b9a32-2bb8-492e-88ab-ed2e302f0578@group-CE026907DD2D-SegmentedRaftLogWorker] INFO  segmented.SegmentedRaftLogWorker (SegmentedRaftLogWorker.java:run(316)) - c29b9a32-2bb8-492e-88ab-ed2e302f0578@group-CE026907DD2D-SegmentedRaftLogWorker was interrupted, exiting. There are 0 tasks remaining in the queue.
2019-10-29 17:14:38,924 [main] INFO  impl.PendingRequests (PendingRequests.java:sendNotLeaderResponses(206)) - 1d9aaf82-a89e-4bd5-b7e7-910f4d8c4f47@group-46A30B3314B5-PendingRequests: sendNotLeaderResponses
2019-10-29 17:14:38,927 [ForkJoinPool.commonPool-worker-0] INFO  segmented.SegmentedRaftLogWorker (SegmentedRaftLogWorker.java:close(224)) - c29b9a32-2bb8-492e-88ab-ed2e302f0578@group-CE026907DD2D-SegmentedRaftLogWorker close()
2019-10-29 17:14:38,927 [main] INFO  impl.StateMachineUpdater (StateMachineUpdater.java:stopAndJoin(136)) - 1d9aaf82-a89e-4bd5-b7e7-910f4d8c4f47@group-46A30B3314B5-StateMachineUpdater: set stopIndex = 0
2019-10-29 17:14:38,929 [ForkJoinPool.commonPool-worker-0] INFO  impl.RaftServerImpl (RaftServerImpl.java:lambda$shutdown$3(250)) - c29b9a32-2bb8-492e-88ab-ed2e302f0578@group-129E762D73C8: shutdown
2019-10-29 17:14:38,930 [main] INFO  impl.RaftServerImpl (ServerState.java:close(387)) - 1d9aaf82-a89e-4bd5-b7e7-910f4d8c4f47@group-46A30B3314B5: closes. applyIndex: 0
2019-10-29 17:14:38,930 [ForkJoinPool.commonPool-worker-0] INFO  util.JmxRegister (JmxRegister.java:unregister(73)) - Successfully un-registered JMX Bean with object name Ratis:service=RaftServer,group=group-129E762D73C8,id=c29b9a32-2bb8-492e-88ab-ed2e302f0578
2019-10-29 17:14:38,932 [ForkJoinPool.commonPool-worker-0] INFO  impl.RoleInfo (RoleInfo.java:shutdownFollowerState(121)) - c29b9a32-2bb8-492e-88ab-ed2e302f0578: shutdown FollowerState
2019-10-29 17:14:38,932 [1d9aaf82-a89e-4bd5-b7e7-910f4d8c4f47@group-46A30B3314B5-SegmentedRaftLogWorker] INFO  segmented.SegmentedRaftLogWorker (SegmentedRaftLogWorker.java:run(316)) - 1d9aaf82-a89e-4bd5-b7e7-910f4d8c4f47@group-46A30B3314B5-SegmentedRaftLogWorker was interrupted, exiting. There are 0 tasks remaining in the queue.
2019-10-29 17:14:38,932 [Thread-212] INFO  impl.FollowerState (FollowerState.java:run(120)) - c29b9a32-2bb8-492e-88ab-ed2e302f0578@group-129E762D73C8-FollowerState was interrupted: java.lang.InterruptedException: sleep interrupted
2019-10-29 17:14:38,932 [ForkJoinPool.commonPool-worker-0] INFO  impl.StateMachineUpdater (StateMachineUpdater.java:stopAndJoin(136)) - c29b9a32-2bb8-492e-88ab-ed2e302f0578@group-129E762D73C8-StateMachineUpdater: set stopIndex = -1
2019-10-29 17:14:38,934 [main] INFO  segmented.SegmentedRaftLogWorker (SegmentedRaftLogWorker.java:close(224)) - 1d9aaf82-a89e-4bd5-b7e7-910f4d8c4f47@group-46A30B3314B5-SegmentedRaftLogWorker close()
2019-10-29 17:14:38,934 [ForkJoinPool.commonPool-worker-0] INFO  impl.RaftServerImpl (ServerState.java:close(387)) - c29b9a32-2bb8-492e-88ab-ed2e302f0578@group-129E762D73C8: closes. applyIndex: -1
2019-10-29 17:14:38,940 [c29b9a32-2bb8-492e-88ab-ed2e302f0578@group-129E762D73C8-SegmentedRaftLogWorker] INFO  segmented.SegmentedRaftLogWorker (SegmentedRaftLogWorker.java:run(316)) - c29b9a32-2bb8-492e-88ab-ed2e302f0578@group-129E762D73C8-SegmentedRaftLogWorker was interrupted, exiting. There are 0 tasks remaining in the queue.
2019-10-29 17:14:38,940 [main] INFO  server.GrpcService (GrpcService.java:closeImpl(164)) - 1d9aaf82-a89e-4bd5-b7e7-910f4d8c4f47: shutdown server with port 34033 now
2019-10-29 17:14:38,941 [ForkJoinPool.commonPool-worker-0] INFO  segmented.SegmentedRaftLogWorker (SegmentedRaftLogWorker.java:close(224)) - c29b9a32-2bb8-492e-88ab-ed2e302f0578@group-129E762D73C8-SegmentedRaftLogWorker close()
2019-10-29 17:14:38,942 [ForkJoinPool.commonPool-worker-0] INFO  server.GrpcService (GrpcService.java:closeImpl(164)) - c29b9a32-2bb8-492e-88ab-ed2e302f0578: shutdown server with port 39960 now
2019-10-29 17:14:38,956 [ForkJoinPool.commonPool-worker-0] INFO  server.GrpcService (GrpcService.java:closeImpl(172)) - c29b9a32-2bb8-492e-88ab-ed2e302f0578: shutdown server with port 39960 successfully
2019-10-29 17:14:38,956 [main] INFO  server.GrpcService (GrpcService.java:closeImpl(172)) - 1d9aaf82-a89e-4bd5-b7e7-910f4d8c4f47: shutdown server with port 34033 successfully
2019-10-29 17:14:38,967 [refreshUsed-/workdir/hadoop-ozone/integration-test/target/test-dir/MiniOzoneClusterImpl-8ae979c7-f839-446d-a622-f638bed50017/datanode-0/data/containers] WARN  fs.CachingGetSpaceUsed (CachingGetSpaceUsed.java:run(183)) - Thread Interrupted waiting to refresh disk information: sleep interrupted
2019-10-29 17:14:38,968 [refreshUsed-/workdir/hadoop-ozone/integration-test/target/test-dir/MiniOzoneClusterImpl-8ae979c7-f839-446d-a622-f638bed50017/datanode-1/data/containers] WARN  fs.CachingGetSpaceUsed (CachingGetSpaceUsed.java:run(183)) - Thread Interrupted waiting to refresh disk information: sleep interrupted
2019-10-29 17:14:38,989 [main] INFO  utils.BackgroundService (BackgroundService.java:shutdown(151)) - Shutting down service BlockDeletingService
2019-10-29 17:14:38,991 [ForkJoinPool.commonPool-worker-0] INFO  utils.BackgroundService (BackgroundService.java:shutdown(151)) - Shutting down service BlockDeletingService
2019-10-29 17:14:38,992 [main] INFO  statemachine.DatanodeStateMachine (DatanodeStateMachine.java:stopDaemon(401)) - Ozone container server stopped.
2019-10-29 17:14:38,994 [ForkJoinPool.commonPool-worker-0] INFO  statemachine.DatanodeStateMachine (DatanodeStateMachine.java:stopDaemon(401)) - Ozone container server stopped.
2019-10-29 17:14:39,007 [main] INFO  handler.ContextHandler (ContextHandler.java:doStop(910)) - Stopped o.e.j.w.WebAppContext@48d293ee{/,null,UNAVAILABLE}{/hddsDatanode}
2019-10-29 17:14:39,007 [ForkJoinPool.commonPool-worker-0] INFO  handler.ContextHandler (ContextHandler.java:doStop(910)) - Stopped o.e.j.w.WebAppContext@78e22d35{/,null,UNAVAILABLE}{/hddsDatanode}
2019-10-29 17:14:39,008 [ForkJoinPool.commonPool-worker-0] INFO  server.AbstractConnector (AbstractConnector.java:doStop(318)) - Stopped ServerConnector@2e8a1ab4{HTTP/1.1,[http/1.1]}{0.0.0.0:0}
2019-10-29 17:14:39,008 [main] INFO  server.AbstractConnector (AbstractConnector.java:doStop(318)) - Stopped ServerConnector@146dcfe6{HTTP/1.1,[http/1.1]}{0.0.0.0:0}
2019-10-29 17:14:39,009 [ForkJoinPool.commonPool-worker-0] INFO  handler.ContextHandler (ContextHandler.java:doStop(910)) - Stopped o.e.j.s.ServletContextHandler@30e9ca13{/static,jar:file:/home/user/.m2/repository/org/apache/hadoop/hadoop-hdds-container-service/0.5.0-SNAPSHOT/hadoop-hdds-container-service-0.5.0-SNAPSHOT.jar!/webapps/static,UNAVAILABLE}
2019-10-29 17:14:39,009 [main] INFO  handler.ContextHandler (ContextHandler.java:doStop(910)) - Stopped o.e.j.s.ServletContextHandler@761e788f{/static,jar:file:/home/user/.m2/repository/org/apache/hadoop/hadoop-hdds-container-service/0.5.0-SNAPSHOT/hadoop-hdds-container-service-0.5.0-SNAPSHOT.jar!/webapps/static,UNAVAILABLE}
2019-10-29 17:14:39,010 [ForkJoinPool.commonPool-worker-0] INFO  handler.ContextHandler (ContextHandler.java:doStop(910)) - Stopped o.e.j.s.ServletContextHandler@472a11ae{/logs,file:///workdir/hadoop-ozone/integration-test/target/log,UNAVAILABLE}
2019-10-29 17:14:39,010 [main] INFO  handler.ContextHandler (ContextHandler.java:doStop(910)) - Stopped o.e.j.s.ServletContextHandler@71904469{/logs,file:///workdir/hadoop-ozone/integration-test/target/log,UNAVAILABLE}
2019-10-29 17:14:39,830 [Datanode State Machine Thread - 0] INFO  statemachine.DatanodeStateMachine (DatanodeStateMachine.java:lambda$startDaemon$0(356)) - Ozone container server started.
2019-10-29 17:14:40,593 [Thread-211] INFO  impl.FollowerState (FollowerState.java:run(111)) - 8ecfb80f-f1a1-47d2-a5ff-728ffb4d9fac@group-129E762D73C8-FollowerState: change to CANDIDATE, lastRpcTime:5168ms, electionTimeout:5167ms
2019-10-29 17:14:40,594 [Thread-211] INFO  impl.RoleInfo (RoleInfo.java:shutdownFollowerState(121)) - 8ecfb80f-f1a1-47d2-a5ff-728ffb4d9fac: shutdown FollowerState
2019-10-29 17:14:40,594 [Thread-211] INFO  impl.RaftServerImpl (RaftServerImpl.java:setRole(173)) - 8ecfb80f-f1a1-47d2-a5ff-728ffb4d9fac@group-129E762D73C8: changes role from  FOLLOWER to CANDIDATE at term 1 for changeToCandidate
2019-10-29 17:14:40,594 [Thread-211] INFO  impl.RoleInfo (RoleInfo.java:updateAndGet(143)) - 8ecfb80f-f1a1-47d2-a5ff-728ffb4d9fac: start LeaderElection
2019-10-29 17:14:40,609 [8ecfb80f-f1a1-47d2-a5ff-728ffb4d9fac@group-129E762D73C8-LeaderElection7] INFO  impl.LeaderElection (LeaderElection.java:askForVotes(178)) - 8ecfb80f-f1a1-47d2-a5ff-728ffb4d9fac@group-129E762D73C8-LeaderElection7: begin an election at term 2 for -1: [c29b9a32-2bb8-492e-88ab-ed2e302f0578:192.168.164.217:39960, 1d9aaf82-a89e-4bd5-b7e7-910f4d8c4f47:192.168.164.217:34033, 8ecfb80f-f1a1-47d2-a5ff-728ffb4d9fac:192.168.164.217:44857], old=null
2019-10-29 17:14:40,630 [8ecfb80f-f1a1-47d2-a5ff-728ffb4d9fac@group-129E762D73C8-LeaderElection7] INFO  impl.LeaderElection (LogUtils.java:infoOrTrace(149)) - 8ecfb80f-f1a1-47d2-a5ff-728ffb4d9fac@group-129E762D73C8-LeaderElection7 got exception when requesting votes: {}
java.util.concurrent.ExecutionException: org.apache.ratis.thirdparty.io.grpc.StatusRuntimeException: UNAVAILABLE: io exception
	at java.util.concurrent.FutureTask.report(FutureTask.java:122)
	at java.util.concurrent.FutureTask.get(FutureTask.java:192)
	at org.apache.ratis.server.impl.LeaderElection.waitForResults(LeaderElection.java:259)
	at org.apache.ratis.server.impl.LeaderElection.askForVotes(LeaderElection.java:197)
	at org.apache.ratis.server.impl.LeaderElection.run(LeaderElection.java:133)
	at java.lang.Thread.run(Thread.java:748)
Caused by: org.apache.ratis.thirdparty.io.grpc.StatusRuntimeException: UNAVAILABLE: io exception
	at org.apache.ratis.thirdparty.io.grpc.stub.ClientCalls.toStatusRuntimeException(ClientCalls.java:233)
	at org.apache.ratis.thirdparty.io.grpc.stub.ClientCalls.getUnchecked(ClientCalls.java:214)
	at org.apache.ratis.thirdparty.io.grpc.stub.ClientCalls.blockingUnaryCall(ClientCalls.java:139)
	at org.apache.ratis.proto.grpc.RaftServerProtocolServiceGrpc$RaftServerProtocolServiceBlockingStub.requestVote(RaftServerProtocolServiceGrpc.java:265)
	at org.apache.ratis.grpc.server.GrpcServerProtocolClient.requestVote(GrpcServerProtocolClient.java:99)
	at org.apache.ratis.grpc.server.GrpcService.requestVote(GrpcService.java:204)
	at org.apache.ratis.server.impl.LeaderElection.lambda$submitRequests$1(LeaderElection.java:234)
	at java.util.concurrent.FutureTask.run(FutureTask.java:266)
	at java.util.concurrent.Executors$RunnableAdapter.call(Executors.java:511)
	at java.util.concurrent.FutureTask.run(FutureTask.java:266)
	at java.util.concurrent.ThreadPoolExecutor.runWorker(ThreadPoolExecutor.java:1149)
	at java.util.concurrent.ThreadPoolExecutor$Worker.run(ThreadPoolExecutor.java:624)
	... 1 more
Caused by: org.apache.ratis.thirdparty.io.netty.channel.AbstractChannel$AnnotatedConnectException: Connection refused: /192.168.164.217:34033
	at sun.nio.ch.SocketChannelImpl.checkConnect(Native Method)
	at sun.nio.ch.SocketChannelImpl.finishConnect(SocketChannelImpl.java:717)
	at org.apache.ratis.thirdparty.io.netty.channel.socket.nio.NioSocketChannel.doFinishConnect(NioSocketChannel.java:327)
	at org.apache.ratis.thirdparty.io.netty.channel.nio.AbstractNioChannel$AbstractNioUnsafe.finishConnect(AbstractNioChannel.java:340)
	at org.apache.ratis.thirdparty.io.netty.channel.nio.NioEventLoop.processSelectedKey(NioEventLoop.java:632)
	at org.apache.ratis.thirdparty.io.netty.channel.nio.NioEventLoop.processSelectedKeysOptimized(NioEventLoop.java:579)
	at org.apache.ratis.thirdparty.io.netty.channel.nio.NioEventLoop.processSelectedKeys(NioEventLoop.java:496)
	at org.apache.ratis.thirdparty.io.netty.channel.nio.NioEventLoop.run(NioEventLoop.java:458)
	at org.apache.ratis.thirdparty.io.netty.util.concurrent.SingleThreadEventExecutor$5.run(SingleThreadEventExecutor.java:897)
	at org.apache.ratis.thirdparty.io.netty.util.concurrent.FastThreadLocalRunnable.run(FastThreadLocalRunnable.java:30)
	... 1 more
Caused by: java.net.ConnectException: Connection refused
	... 11 more
2019-10-29 17:14:40,634 [8ecfb80f-f1a1-47d2-a5ff-728ffb4d9fac@group-129E762D73C8-LeaderElection7] INFO  impl.LeaderElection (LogUtils.java:infoOrTrace(149)) - 8ecfb80f-f1a1-47d2-a5ff-728ffb4d9fac@group-129E762D73C8-LeaderElection7 got exception when requesting votes: {}
java.util.concurrent.ExecutionException: org.apache.ratis.thirdparty.io.grpc.StatusRuntimeException: UNAVAILABLE: io exception
	at java.util.concurrent.FutureTask.report(FutureTask.java:122)
	at java.util.concurrent.FutureTask.get(FutureTask.java:192)
	at org.apache.ratis.server.impl.LeaderElection.waitForResults(LeaderElection.java:259)
	at org.apache.ratis.server.impl.LeaderElection.askForVotes(LeaderElection.java:197)
	at org.apache.ratis.server.impl.LeaderElection.run(LeaderElection.java:133)
	at java.lang.Thread.run(Thread.java:748)
Caused by: org.apache.ratis.thirdparty.io.grpc.StatusRuntimeException: UNAVAILABLE: io exception
	at org.apache.ratis.thirdparty.io.grpc.stub.ClientCalls.toStatusRuntimeException(ClientCalls.java:233)
	at org.apache.ratis.thirdparty.io.grpc.stub.ClientCalls.getUnchecked(ClientCalls.java:214)
	at org.apache.ratis.thirdparty.io.grpc.stub.ClientCalls.blockingUnaryCall(ClientCalls.java:139)
	at org.apache.ratis.proto.grpc.RaftServerProtocolServiceGrpc$RaftServerProtocolServiceBlockingStub.requestVote(RaftServerProtocolServiceGrpc.java:265)
	at org.apache.ratis.grpc.server.GrpcServerProtocolClient.requestVote(GrpcServerProtocolClient.java:99)
	at org.apache.ratis.grpc.server.GrpcService.requestVote(GrpcService.java:204)
	at org.apache.ratis.server.impl.LeaderElection.lambda$submitRequests$1(LeaderElection.java:234)
	at java.util.concurrent.FutureTask.run(FutureTask.java:266)
	at java.util.concurrent.Executors$RunnableAdapter.call(Executors.java:511)
	at java.util.concurrent.FutureTask.run(FutureTask.java:266)
	at java.util.concurrent.ThreadPoolExecutor.runWorker(ThreadPoolExecutor.java:1149)
	at java.util.concurrent.ThreadPoolExecutor$Worker.run(ThreadPoolExecutor.java:624)
	... 1 more
Caused by: org.apache.ratis.thirdparty.io.netty.channel.AbstractChannel$AnnotatedConnectException: Connection refused: /192.168.164.217:39960
	at sun.nio.ch.SocketChannelImpl.checkConnect(Native Method)
	at sun.nio.ch.SocketChannelImpl.finishConnect(SocketChannelImpl.java:717)
	at org.apache.ratis.thirdparty.io.netty.channel.socket.nio.NioSocketChannel.doFinishConnect(NioSocketChannel.java:327)
	at org.apache.ratis.thirdparty.io.netty.channel.nio.AbstractNioChannel$AbstractNioUnsafe.finishConnect(AbstractNioChannel.java:340)
	at org.apache.ratis.thirdparty.io.netty.channel.nio.NioEventLoop.processSelectedKey(NioEventLoop.java:632)
	at org.apache.ratis.thirdparty.io.netty.channel.nio.NioEventLoop.processSelectedKeysOptimized(NioEventLoop.java:579)
	at org.apache.ratis.thirdparty.io.netty.channel.nio.NioEventLoop.processSelectedKeys(NioEventLoop.java:496)
	at org.apache.ratis.thirdparty.io.netty.channel.nio.NioEventLoop.run(NioEventLoop.java:458)
	at org.apache.ratis.thirdparty.io.netty.util.concurrent.SingleThreadEventExecutor$5.run(SingleThreadEventExecutor.java:897)
	at org.apache.ratis.thirdparty.io.netty.util.concurrent.FastThreadLocalRunnable.run(FastThreadLocalRunnable.java:30)
	... 1 more
Caused by: java.net.ConnectException: Connection refused
	... 11 more
2019-10-29 17:14:40,635 [8ecfb80f-f1a1-47d2-a5ff-728ffb4d9fac@group-129E762D73C8-LeaderElection7] INFO  impl.LeaderElection (LeaderElection.java:logAndReturn(56)) - 8ecfb80f-f1a1-47d2-a5ff-728ffb4d9fac@group-129E762D73C8-LeaderElection7: Election REJECTED; received 0 response(s) [] and 2 exception(s); 8ecfb80f-f1a1-47d2-a5ff-728ffb4d9fac@group-129E762D73C8:t2, leader=null, voted=8ecfb80f-f1a1-47d2-a5ff-728ffb4d9fac, raftlog=8ecfb80f-f1a1-47d2-a5ff-728ffb4d9fac@group-129E762D73C8-SegmentedRaftLog:OPENED:c-1,f-1,i0, conf=-1: [c29b9a32-2bb8-492e-88ab-ed2e302f0578:192.168.164.217:39960, 1d9aaf82-a89e-4bd5-b7e7-910f4d8c4f47:192.168.164.217:34033, 8ecfb80f-f1a1-47d2-a5ff-728ffb4d9fac:192.168.164.217:44857], old=null
2019-10-29 17:14:40,636 [8ecfb80f-f1a1-47d2-a5ff-728ffb4d9fac@group-129E762D73C8-LeaderElection7] INFO  impl.LeaderElection (LogUtils.java:infoOrTrace(149)) -   Exception 0: {}
java.util.concurrent.ExecutionException: org.apache.ratis.thirdparty.io.grpc.StatusRuntimeException: UNAVAILABLE: io exception
	at java.util.concurrent.FutureTask.report(FutureTask.java:122)
	at java.util.concurrent.FutureTask.get(FutureTask.java:192)
	at org.apache.ratis.server.impl.LeaderElection.waitForResults(LeaderElection.java:259)
	at org.apache.ratis.server.impl.LeaderElection.askForVotes(LeaderElection.java:197)
	at org.apache.ratis.server.impl.LeaderElection.run(LeaderElection.java:133)
	at java.lang.Thread.run(Thread.java:748)
Caused by: org.apache.ratis.thirdparty.io.grpc.StatusRuntimeException: UNAVAILABLE: io exception
	at org.apache.ratis.thirdparty.io.grpc.stub.ClientCalls.toStatusRuntimeException(ClientCalls.java:233)
	at org.apache.ratis.thirdparty.io.grpc.stub.ClientCalls.getUnchecked(ClientCalls.java:214)
	at org.apache.ratis.thirdparty.io.grpc.stub.ClientCalls.blockingUnaryCall(ClientCalls.java:139)
	at org.apache.ratis.proto.grpc.RaftServerProtocolServiceGrpc$RaftServerProtocolServiceBlockingStub.requestVote(RaftServerProtocolServiceGrpc.java:265)
	at org.apache.ratis.grpc.server.GrpcServerProtocolClient.requestVote(GrpcServerProtocolClient.java:99)
	at org.apache.ratis.grpc.server.GrpcService.requestVote(GrpcService.java:204)
	at org.apache.ratis.server.impl.LeaderElection.lambda$submitRequests$1(LeaderElection.java:234)
	at java.util.concurrent.FutureTask.run(FutureTask.java:266)
	at java.util.concurrent.Executors$RunnableAdapter.call(Executors.java:511)
	at java.util.concurrent.FutureTask.run(FutureTask.java:266)
	at java.util.concurrent.ThreadPoolExecutor.runWorker(ThreadPoolExecutor.java:1149)
	at java.util.concurrent.ThreadPoolExecutor$Worker.run(ThreadPoolExecutor.java:624)
	... 1 more
Caused by: org.apache.ratis.thirdparty.io.netty.channel.AbstractChannel$AnnotatedConnectException: Connection refused: /192.168.164.217:34033
	at sun.nio.ch.SocketChannelImpl.checkConnect(Native Method)
	at sun.nio.ch.SocketChannelImpl.finishConnect(SocketChannelImpl.java:717)
	at org.apache.ratis.thirdparty.io.netty.channel.socket.nio.NioSocketChannel.doFinishConnect(NioSocketChannel.java:327)
	at org.apache.ratis.thirdparty.io.netty.channel.nio.AbstractNioChannel$AbstractNioUnsafe.finishConnect(AbstractNioChannel.java:340)
	at org.apache.ratis.thirdparty.io.netty.channel.nio.NioEventLoop.processSelectedKey(NioEventLoop.java:632)
	at org.apache.ratis.thirdparty.io.netty.channel.nio.NioEventLoop.processSelectedKeysOptimized(NioEventLoop.java:579)
	at org.apache.ratis.thirdparty.io.netty.channel.nio.NioEventLoop.processSelectedKeys(NioEventLoop.java:496)
	at org.apache.ratis.thirdparty.io.netty.channel.nio.NioEventLoop.run(NioEventLoop.java:458)
	at org.apache.ratis.thirdparty.io.netty.util.concurrent.SingleThreadEventExecutor$5.run(SingleThreadEventExecutor.java:897)
	at org.apache.ratis.thirdparty.io.netty.util.concurrent.FastThreadLocalRunnable.run(FastThreadLocalRunnable.java:30)
	... 1 more
Caused by: java.net.ConnectException: Connection refused
	... 11 more
2019-10-29 17:14:40,637 [8ecfb80f-f1a1-47d2-a5ff-728ffb4d9fac@group-129E762D73C8-LeaderElection7] INFO  impl.LeaderElection (LogUtils.java:infoOrTrace(149)) -   Exception 1: {}
java.util.concurrent.ExecutionException: org.apache.ratis.thirdparty.io.grpc.StatusRuntimeException: UNAVAILABLE: io exception
	at java.util.concurrent.FutureTask.report(FutureTask.java:122)
	at java.util.concurrent.FutureTask.get(FutureTask.java:192)
	at org.apache.ratis.server.impl.LeaderElection.waitForResults(LeaderElection.java:259)
	at org.apache.ratis.server.impl.LeaderElection.askForVotes(LeaderElection.java:197)
	at org.apache.ratis.server.impl.LeaderElection.run(LeaderElection.java:133)
	at java.lang.Thread.run(Thread.java:748)
Caused by: org.apache.ratis.thirdparty.io.grpc.StatusRuntimeException: UNAVAILABLE: io exception
	at org.apache.ratis.thirdparty.io.grpc.stub.ClientCalls.toStatusRuntimeException(ClientCalls.java:233)
	at org.apache.ratis.thirdparty.io.grpc.stub.ClientCalls.getUnchecked(ClientCalls.java:214)
	at org.apache.ratis.thirdparty.io.grpc.stub.ClientCalls.blockingUnaryCall(ClientCalls.java:139)
	at org.apache.ratis.proto.grpc.RaftServerProtocolServiceGrpc$RaftServerProtocolServiceBlockingStub.requestVote(RaftServerProtocolServiceGrpc.java:265)
	at org.apache.ratis.grpc.server.GrpcServerProtocolClient.requestVote(GrpcServerProtocolClient.java:99)
	at org.apache.ratis.grpc.server.GrpcService.requestVote(GrpcService.java:204)
	at org.apache.ratis.server.impl.LeaderElection.lambda$submitRequests$1(LeaderElection.java:234)
	at java.util.concurrent.FutureTask.run(FutureTask.java:266)
	at java.util.concurrent.Executors$RunnableAdapter.call(Executors.java:511)
	at java.util.concurrent.FutureTask.run(FutureTask.java:266)
	at java.util.concurrent.ThreadPoolExecutor.runWorker(ThreadPoolExecutor.java:1149)
	at java.util.concurrent.ThreadPoolExecutor$Worker.run(ThreadPoolExecutor.java:624)
	... 1 more
Caused by: org.apache.ratis.thirdparty.io.netty.channel.AbstractChannel$AnnotatedConnectException: Connection refused: /192.168.164.217:39960
	at sun.nio.ch.SocketChannelImpl.checkConnect(Native Method)
	at sun.nio.ch.SocketChannelImpl.finishConnect(SocketChannelImpl.java:717)
	at org.apache.ratis.thirdparty.io.netty.channel.socket.nio.NioSocketChannel.doFinishConnect(NioSocketChannel.java:327)
	at org.apache.ratis.thirdparty.io.netty.channel.nio.AbstractNioChannel$AbstractNioUnsafe.finishConnect(AbstractNioChannel.java:340)
	at org.apache.ratis.thirdparty.io.netty.channel.nio.NioEventLoop.processSelectedKey(NioEventLoop.java:632)
	at org.apache.ratis.thirdparty.io.netty.channel.nio.NioEventLoop.processSelectedKeysOptimized(NioEventLoop.java:579)
	at org.apache.ratis.thirdparty.io.netty.channel.nio.NioEventLoop.processSelectedKeys(NioEventLoop.java:496)
	at org.apache.ratis.thirdparty.io.netty.channel.nio.NioEventLoop.run(NioEventLoop.java:458)
	at org.apache.ratis.thirdparty.io.netty.util.concurrent.SingleThreadEventExecutor$5.run(SingleThreadEventExecutor.java:897)
	at org.apache.ratis.thirdparty.io.netty.util.concurrent.FastThreadLocalRunnable.run(FastThreadLocalRunnable.java:30)
	... 1 more
Caused by: java.net.ConnectException: Connection refused
	... 11 more
2019-10-29 17:14:40,638 [8ecfb80f-f1a1-47d2-a5ff-728ffb4d9fac@group-129E762D73C8-LeaderElection7] INFO  impl.RaftServerImpl (RaftServerImpl.java:setRole(173)) - 8ecfb80f-f1a1-47d2-a5ff-728ffb4d9fac@group-129E762D73C8: changes role from CANDIDATE to FOLLOWER at term 2 for DISCOVERED_A_NEW_TERM
2019-10-29 17:14:40,638 [8ecfb80f-f1a1-47d2-a5ff-728ffb4d9fac@group-129E762D73C8-LeaderElection7] INFO  impl.RoleInfo (RoleInfo.java:shutdownLeaderElection(134)) - 8ecfb80f-f1a1-47d2-a5ff-728ffb4d9fac: shutdown LeaderElection
2019-10-29 17:14:40,639 [8ecfb80f-f1a1-47d2-a5ff-728ffb4d9fac@group-129E762D73C8-LeaderElection7] INFO  impl.RoleInfo (RoleInfo.java:updateAndGet(143)) - 8ecfb80f-f1a1-47d2-a5ff-728ffb4d9fac: start FollowerState
2019-10-29 17:14:44,012 [ForkJoinPool.commonPool-worker-0] INFO  ozoneimpl.OzoneContainer (OzoneContainer.java:stop(227)) - Attempting to stop container services.
2019-10-29 17:14:44,014 [ForkJoinPool.commonPool-worker-0] INFO  impl.RaftServerProxy (RaftServerProxy.java:lambda$close$4(314)) - 8ecfb80f-f1a1-47d2-a5ff-728ffb4d9fac: close
2019-10-29 17:14:44,015 [ForkJoinPool.commonPool-worker-0] INFO  impl.RaftServerImpl (RaftServerImpl.java:lambda$shutdown$3(250)) - 8ecfb80f-f1a1-47d2-a5ff-728ffb4d9fac@group-129E762D73C8: shutdown
2019-10-29 17:14:44,015 [ForkJoinPool.commonPool-worker-0] INFO  util.JmxRegister (JmxRegister.java:unregister(73)) - Successfully un-registered JMX Bean with object name Ratis:service=RaftServer,group=group-129E762D73C8,id=8ecfb80f-f1a1-47d2-a5ff-728ffb4d9fac
2019-10-29 17:14:44,015 [ForkJoinPool.commonPool-worker-0] INFO  impl.RoleInfo (RoleInfo.java:shutdownFollowerState(121)) - 8ecfb80f-f1a1-47d2-a5ff-728ffb4d9fac: shutdown FollowerState
2019-10-29 17:14:44,016 [ForkJoinPool.commonPool-worker-0] INFO  impl.StateMachineUpdater (StateMachineUpdater.java:stopAndJoin(136)) - 8ecfb80f-f1a1-47d2-a5ff-728ffb4d9fac@group-129E762D73C8-StateMachineUpdater: set stopIndex = -1
2019-10-29 17:14:44,016 [Thread-216] INFO  impl.FollowerState (FollowerState.java:run(120)) - 8ecfb80f-f1a1-47d2-a5ff-728ffb4d9fac@group-129E762D73C8-FollowerState was interrupted: java.lang.InterruptedException: sleep interrupted
2019-10-29 17:14:44,018 [ForkJoinPool.commonPool-worker-0] INFO  impl.RaftServerImpl (ServerState.java:close(387)) - 8ecfb80f-f1a1-47d2-a5ff-728ffb4d9fac@group-129E762D73C8: closes. applyIndex: -1
2019-10-29 17:14:44,020 [8ecfb80f-f1a1-47d2-a5ff-728ffb4d9fac@group-129E762D73C8-SegmentedRaftLogWorker] INFO  segmented.SegmentedRaftLogWorker (SegmentedRaftLogWorker.java:run(316)) - 8ecfb80f-f1a1-47d2-a5ff-728ffb4d9fac@group-129E762D73C8-SegmentedRaftLogWorker was interrupted, exiting. There are 0 tasks remaining in the queue.
2019-10-29 17:14:44,020 [ForkJoinPool.commonPool-worker-0] INFO  segmented.SegmentedRaftLogWorker (SegmentedRaftLogWorker.java:close(224)) - 8ecfb80f-f1a1-47d2-a5ff-728ffb4d9fac@group-129E762D73C8-SegmentedRaftLogWorker close()
2019-10-29 17:14:44,021 [ForkJoinPool.commonPool-worker-0] INFO  impl.RaftServerImpl (RaftServerImpl.java:lambda$shutdown$3(250)) - 8ecfb80f-f1a1-47d2-a5ff-728ffb4d9fac@group-34D6FC537DD7: shutdown
2019-10-29 17:14:44,022 [ForkJoinPool.commonPool-worker-0] INFO  util.JmxRegister (JmxRegister.java:unregister(73)) - Successfully un-registered JMX Bean with object name Ratis:service=RaftServer,group=group-34D6FC537DD7,id=8ecfb80f-f1a1-47d2-a5ff-728ffb4d9fac
2019-10-29 17:14:44,022 [ForkJoinPool.commonPool-worker-0] INFO  impl.RoleInfo (RoleInfo.java:shutdownLeaderState(104)) - 8ecfb80f-f1a1-47d2-a5ff-728ffb4d9fac: shutdown LeaderState
2019-10-29 17:14:44,022 [ForkJoinPool.commonPool-worker-0] INFO  impl.PendingRequests (PendingRequests.java:sendNotLeaderResponses(206)) - 8ecfb80f-f1a1-47d2-a5ff-728ffb4d9fac@group-34D6FC537DD7-PendingRequests: sendNotLeaderResponses
2019-10-29 17:14:44,023 [ForkJoinPool.commonPool-worker-0] INFO  impl.StateMachineUpdater (StateMachineUpdater.java:stopAndJoin(136)) - 8ecfb80f-f1a1-47d2-a5ff-728ffb4d9fac@group-34D6FC537DD7-StateMachineUpdater: set stopIndex = 0
2019-10-29 17:14:44,023 [ForkJoinPool.commonPool-worker-0] INFO  impl.RaftServerImpl (ServerState.java:close(387)) - 8ecfb80f-f1a1-47d2-a5ff-728ffb4d9fac@group-34D6FC537DD7: closes. applyIndex: 0
2019-10-29 17:14:44,024 [8ecfb80f-f1a1-47d2-a5ff-728ffb4d9fac@group-34D6FC537DD7-SegmentedRaftLogWorker] INFO  segmented.SegmentedRaftLogWorker (SegmentedRaftLogWorker.java:run(316)) - 8ecfb80f-f1a1-47d2-a5ff-728ffb4d9fac@group-34D6FC537DD7-SegmentedRaftLogWorker was interrupted, exiting. There are 0 tasks remaining in the queue.
2019-10-29 17:14:44,025 [ForkJoinPool.commonPool-worker-0] INFO  segmented.SegmentedRaftLogWorker (SegmentedRaftLogWorker.java:close(224)) - 8ecfb80f-f1a1-47d2-a5ff-728ffb4d9fac@group-34D6FC537DD7-SegmentedRaftLogWorker close()
2019-10-29 17:14:44,026 [ForkJoinPool.commonPool-worker-0] INFO  server.GrpcService (GrpcService.java:closeImpl(164)) - 8ecfb80f-f1a1-47d2-a5ff-728ffb4d9fac: shutdown server with port 44857 now
2019-10-29 17:14:44,031 [ForkJoinPool.commonPool-worker-0] INFO  server.GrpcService (GrpcService.java:closeImpl(172)) - 8ecfb80f-f1a1-47d2-a5ff-728ffb4d9fac: shutdown server with port 44857 successfully
2019-10-29 17:14:44,041 [refreshUsed-/workdir/hadoop-ozone/integration-test/target/test-dir/MiniOzoneClusterImpl-8ae979c7-f839-446d-a622-f638bed50017/datanode-2/data/containers] WARN  fs.CachingGetSpaceUsed (CachingGetSpaceUsed.java:run(183)) - Thread Interrupted waiting to refresh disk information: sleep interrupted
2019-10-29 17:14:44,057 [ForkJoinPool.commonPool-worker-0] INFO  utils.BackgroundService (BackgroundService.java:shutdown(151)) - Shutting down service BlockDeletingService
2019-10-29 17:14:44,059 [ForkJoinPool.commonPool-worker-0] INFO  statemachine.DatanodeStateMachine (DatanodeStateMachine.java:stopDaemon(401)) - Ozone container server stopped.
2019-10-29 17:14:44,080 [ForkJoinPool.commonPool-worker-0] INFO  handler.ContextHandler (ContextHandler.java:doStop(910)) - Stopped o.e.j.w.WebAppContext@65b97f47{/,null,UNAVAILABLE}{/hddsDatanode}
2019-10-29 17:14:44,081 [ForkJoinPool.commonPool-worker-0] INFO  server.AbstractConnector (AbstractConnector.java:doStop(318)) - Stopped ServerConnector@255eaa6b{HTTP/1.1,[http/1.1]}{0.0.0.0:0}
2019-10-29 17:14:44,082 [ForkJoinPool.commonPool-worker-0] INFO  handler.ContextHandler (ContextHandler.java:doStop(910)) - Stopped o.e.j.s.ServletContextHandler@46c269e0{/static,jar:file:/home/user/.m2/repository/org/apache/hadoop/hadoop-hdds-container-service/0.5.0-SNAPSHOT/hadoop-hdds-container-service-0.5.0-SNAPSHOT.jar!/webapps/static,UNAVAILABLE}
2019-10-29 17:14:44,082 [ForkJoinPool.commonPool-worker-0] INFO  handler.ContextHandler (ContextHandler.java:doStop(910)) - Stopped o.e.j.s.ServletContextHandler@262816a8{/logs,file:///workdir/hadoop-ozone/integration-test/target/log,UNAVAILABLE}
2019-10-29 17:14:44,084 [main] INFO  ozone.MiniOzoneClusterImpl (MiniOzoneClusterImpl.java:stopSCM(416)) - Stopping the StorageContainerManager
2019-10-29 17:14:44,084 [main] INFO  server.StorageContainerManager (StorageContainerManager.java:stop(809)) - Stopping Replication Manager Service.
2019-10-29 17:14:44,084 [main] INFO  container.ReplicationManager (ReplicationManager.java:stop(203)) - Stopping Replication Monitor Thread.
2019-10-29 17:14:44,085 [main] INFO  server.StorageContainerManager (StorageContainerManager.java:stop(816)) - Stopping Lease Manager of the command watchers
2019-10-29 17:14:44,085 [main] INFO  server.StorageContainerManager (StorageContainerManager.java:stop(823)) - Stopping datanode service RPC server
2019-10-29 17:14:44,085 [main] INFO  server.SCMDatanodeProtocolServer (SCMDatanodeProtocolServer.java:stop(366)) - Stopping the RPC server for DataNodes
2019-10-29 17:14:44,085 [main] INFO  ipc.Server (Server.java:stop(3082)) - Stopping server on 44259
2019-10-29 17:14:44,087 [IPC Server listener on 44259] INFO  ipc.Server (Server.java:run(1185)) - Stopping IPC Server listener on 44259
2019-10-29 17:14:44,088 [IPC Server Responder] INFO  ipc.Server (Server.java:run(1319)) - Stopping IPC Server Responder
2019-10-29 17:14:44,111 [SCM Heartbeat Processing Thread - 0] WARN  node.NodeStateManager (NodeStateManager.java:scheduleNextHealthCheck(646)) - Current Thread is interrupted, shutting down HB processing thread for Node Manager.
2019-10-29 17:14:44,111 [main] INFO  server.StorageContainerManager (StorageContainerManager.java:stop(831)) - Stopping block service RPC server
2019-10-29 17:14:44,112 [main] INFO  server.SCMBlockProtocolServer (SCMBlockProtocolServer.java:stop(155)) - Stopping the RPC server for Block Protocol
2019-10-29 17:14:44,112 [main] INFO  ipc.Server (Server.java:stop(3082)) - Stopping server on 46296
2019-10-29 17:14:44,113 [IPC Server listener on 46296] INFO  ipc.Server (Server.java:run(1185)) - Stopping IPC Server listener on 46296
2019-10-29 17:14:44,113 [main] INFO  server.StorageContainerManager (StorageContainerManager.java:stop(838)) - Stopping the StorageContainerLocationProtocol RPC server
2019-10-29 17:14:44,114 [IPC Server Responder] INFO  ipc.Server (Server.java:run(1319)) - Stopping IPC Server Responder
2019-10-29 17:14:44,114 [main] INFO  server.SCMClientProtocolServer (SCMClientProtocolServer.java:stop(168)) - Stopping the RPC server for Client Protocol
2019-10-29 17:14:44,114 [main] INFO  ipc.Server (Server.java:stop(3082)) - Stopping server on 46843
2019-10-29 17:14:44,116 [IPC Server listener on 46843] INFO  ipc.Server (Server.java:run(1185)) - Stopping IPC Server listener on 46843
2019-10-29 17:14:44,116 [main] INFO  server.StorageContainerManager (StorageContainerManager.java:stop(845)) - Stopping Storage Container Manager HTTP server.
2019-10-29 17:14:44,117 [IPC Server Responder] INFO  ipc.Server (Server.java:run(1319)) - Stopping IPC Server Responder
2019-10-29 17:14:44,118 [main] INFO  handler.ContextHandler (ContextHandler.java:doStop(910)) - Stopped o.e.j.w.WebAppContext@7fb9f71f{/,null,UNAVAILABLE}{/scm}
2019-10-29 17:14:44,118 [main] INFO  server.AbstractConnector (AbstractConnector.java:doStop(318)) - Stopped ServerConnector@407cf41{HTTP/1.1,[http/1.1]}{0.0.0.0:0}
2019-10-29 17:14:44,119 [main] INFO  handler.ContextHandler (ContextHandler.java:doStop(910)) - Stopped o.e.j.s.ServletContextHandler@2320fa6f{/static,file:///workdir/hadoop-ozone/integration-test/target/test-classes/webapps/static,UNAVAILABLE}
2019-10-29 17:14:44,119 [main] INFO  handler.ContextHandler (ContextHandler.java:doStop(910)) - Stopped o.e.j.s.ServletContextHandler@424ebba3{/logs,file:///workdir/hadoop-ozone/integration-test/target/log,UNAVAILABLE}
2019-10-29 17:14:44,121 [main] INFO  server.StorageContainerManager (StorageContainerManager.java:stop(856)) - Stopping Block Manager Service.
2019-10-29 17:14:44,121 [main] INFO  utils.BackgroundService (BackgroundService.java:shutdown(151)) - Shutting down service SCMBlockDeletingService
2019-10-29 17:14:44,121 [main] INFO  utils.BackgroundService (BackgroundService.java:shutdown(151)) - Shutting down service SCMBlockDeletingService
2019-10-29 17:14:44,122 [main] INFO  server.StorageContainerManager (StorageContainerManager.java:stop(878)) - Stopping SCM Event Queue.
2019-10-29 17:14:44,131 [main] INFO  impl.MetricsSystemImpl (MetricsSystemImpl.java:stop(210)) - Stopping HddsDatanode metrics system...
2019-10-29 17:14:44,135 [prometheus] INFO  impl.MetricsSinkAdapter (MetricsSinkAdapter.java:publishMetricsFromQueue(141)) - prometheus thread interrupted.
2019-10-29 17:14:44,135 [main] INFO  impl.MetricsSystemImpl (MetricsSystemImpl.java:stop(216)) - HddsDatanode metrics system stopped.
]]></system-out>
    <system-err><![CDATA[ERROR StatusLogger No Log4j 2 configuration file found. Using default configuration (logging only errors to the console), or user programmatically provided configurations. Set system property 'log4j2.debug' to show Log4j 2 internal initialization logging. See https://logging.apache.org/log4j/2.x/manual/configuration.html for instructions on how to configure Log4j 2
]]></system-err>
  </testcase>
  <testcase name="testReportProcessingMetrics" classname="org.apache.hadoop.hdds.scm.container.metrics.TestSCMContainerManagerMetrics" time="21.205">
    <failure message="expected:&lt;3&gt; but was:&lt;1&gt;" type="java.lang.AssertionError"><![CDATA[java.lang.AssertionError: expected:<3> but was:<1>
	at org.junit.Assert.fail(Assert.java:88)
	at org.junit.Assert.failNotEquals(Assert.java:743)
	at org.junit.Assert.assertEquals(Assert.java:118)
	at org.junit.Assert.assertEquals(Assert.java:555)
	at org.junit.Assert.assertEquals(Assert.java:542)
	at org.apache.hadoop.hdds.scm.container.metrics.TestSCMContainerManagerMetrics.testReportProcessingMetrics(TestSCMContainerManagerMetrics.java:142)
	at sun.reflect.NativeMethodAccessorImpl.invoke0(Native Method)
	at sun.reflect.NativeMethodAccessorImpl.invoke(NativeMethodAccessorImpl.java:62)
	at sun.reflect.DelegatingMethodAccessorImpl.invoke(DelegatingMethodAccessorImpl.java:43)
	at java.lang.reflect.Method.invoke(Method.java:498)
	at org.junit.runners.model.FrameworkMethod$1.runReflectiveCall(FrameworkMethod.java:47)
	at org.junit.internal.runners.model.ReflectiveCallable.run(ReflectiveCallable.java:12)
	at org.junit.runners.model.FrameworkMethod.invokeExplosively(FrameworkMethod.java:44)
	at org.junit.internal.runners.statements.InvokeMethod.evaluate(InvokeMethod.java:17)
	at org.junit.internal.runners.statements.RunBefores.evaluate(RunBefores.java:26)
	at org.junit.internal.runners.statements.RunAfters.evaluate(RunAfters.java:27)
	at org.junit.runners.ParentRunner.runLeaf(ParentRunner.java:271)
	at org.junit.runners.BlockJUnit4ClassRunner.runChild(BlockJUnit4ClassRunner.java:70)
	at org.junit.runners.BlockJUnit4ClassRunner.runChild(BlockJUnit4ClassRunner.java:50)
	at org.junit.runners.ParentRunner$3.run(ParentRunner.java:238)
	at org.junit.runners.ParentRunner$1.schedule(ParentRunner.java:63)
	at org.junit.runners.ParentRunner.runChildren(ParentRunner.java:236)
	at org.junit.runners.ParentRunner.access$000(ParentRunner.java:53)
	at org.junit.runners.ParentRunner$2.evaluate(ParentRunner.java:229)
	at org.junit.runners.ParentRunner.run(ParentRunner.java:309)
	at org.apache.maven.surefire.junit4.JUnit4Provider.execute(JUnit4Provider.java:365)
	at org.apache.maven.surefire.junit4.JUnit4Provider.executeWithRerun(JUnit4Provider.java:273)
	at org.apache.maven.surefire.junit4.JUnit4Provider.executeTestSet(JUnit4Provider.java:238)
	at org.apache.maven.surefire.junit4.JUnit4Provider.invoke(JUnit4Provider.java:159)
	at org.apache.maven.surefire.booter.ForkedBooter.invokeProviderInSameClassLoader(ForkedBooter.java:384)
	at org.apache.maven.surefire.booter.ForkedBooter.runSuitesInProcess(ForkedBooter.java:345)
	at org.apache.maven.surefire.booter.ForkedBooter.execute(ForkedBooter.java:126)
	at org.apache.maven.surefire.booter.ForkedBooter.main(ForkedBooter.java:418)
]]></failure>
    <system-out><![CDATA[2019-10-29 17:14:44,192 [main] WARN  server.ServerUtils (ServerUtils.java:getScmDbDir(145)) - ozone.scm.db.dirs is not configured. We recommend adding this setting. Falling back to ozone.metadata.dirs instead.
2019-10-29 17:14:44,206 [main] WARN  server.ServerUtils (ServerUtils.java:getScmDbDir(145)) - ozone.scm.db.dirs is not configured. We recommend adding this setting. Falling back to ozone.metadata.dirs instead.
2019-10-29 17:14:44,207 [main] WARN  server.ServerUtils (ServerUtils.java:getScmDbDir(145)) - ozone.scm.db.dirs is not configured. We recommend adding this setting. Falling back to ozone.metadata.dirs instead.
2019-10-29 17:14:44,207 [main] INFO  db.DBStoreBuilder (DBStoreBuilder.java:addTable(127)) - using custom profile for table: deletedBlocks
2019-10-29 17:14:44,207 [main] INFO  db.DBStoreBuilder (DBStoreBuilder.java:processTables(183)) - Using default column profile:DBProfile.DISK for Table:deletedBlocks
2019-10-29 17:14:44,208 [main] INFO  db.DBStoreBuilder (DBStoreBuilder.java:addTable(127)) - using custom profile for table: validCerts
2019-10-29 17:14:44,208 [main] INFO  db.DBStoreBuilder (DBStoreBuilder.java:processTables(183)) - Using default column profile:DBProfile.DISK for Table:validCerts
2019-10-29 17:14:44,208 [main] INFO  db.DBStoreBuilder (DBStoreBuilder.java:addTable(127)) - using custom profile for table: revokedCerts
2019-10-29 17:14:44,208 [main] INFO  db.DBStoreBuilder (DBStoreBuilder.java:processTables(183)) - Using default column profile:DBProfile.DISK for Table:revokedCerts
2019-10-29 17:14:44,208 [main] INFO  db.DBStoreBuilder (DBStoreBuilder.java:addTable(127)) - using custom profile for table: default
2019-10-29 17:14:44,209 [main] INFO  db.DBStoreBuilder (DBStoreBuilder.java:processTables(189)) - Using default column profile:DBProfile.DISK for Table:default
2019-10-29 17:14:44,209 [main] INFO  db.DBStoreBuilder (DBStoreBuilder.java:getDbProfile(220)) - Using default options. DBProfile.DISK
2019-10-29 17:14:44,342 [main] INFO  net.NodeSchemaLoader (NodeSchemaLoader.java:loadSchemaFromFile(125)) - Loading file from sun.misc.CompoundEnumeration@1f03fba0
2019-10-29 17:14:44,343 [main] INFO  net.NodeSchemaLoader (NodeSchemaLoader.java:loadSchema(171)) - Loading network topology layer schema file
2019-10-29 17:14:44,348 [main] WARN  server.ServerUtils (ServerUtils.java:sanitizeUserArgs(70)) - ozone.scm.stale.node.interval value = 300000 is larger than max = 100000 based on the key value of ozone.scm.heartbeat.thread.interval, reset to the max value 100000.
2019-10-29 17:14:44,348 [main] WARN  server.ServerUtils (ServerUtils.java:sanitizeUserArgs(70)) - ozone.scm.stale.node.interval value = 300000 is larger than max = 100000 based on the key value of ozone.scm.heartbeat.thread.interval, reset to the max value 100000.
2019-10-29 17:14:44,349 [main] INFO  node.SCMNodeManager (SCMNodeManager.java:<init>(116)) - Entering startup safe mode.
2019-10-29 17:14:44,350 [main] INFO  algorithms.ContainerPlacementPolicyFactory (ContainerPlacementPolicyFactory.java:getPolicy(57)) - Create container placement policy of type org.apache.hadoop.hdds.scm.container.placement.algorithms.SCMContainerPlacementRandom
2019-10-29 17:14:44,350 [main] WARN  server.ServerUtils (ServerUtils.java:getScmDbDir(145)) - ozone.scm.db.dirs is not configured. We recommend adding this setting. Falling back to ozone.metadata.dirs instead.
2019-10-29 17:14:44,373 [main] INFO  pipeline.SCMPipelineManager (SCMPipelineManager.java:initializePipelineState(136)) - No pipeline exists in current db
2019-10-29 17:14:44,373 [main] WARN  server.ServerUtils (ServerUtils.java:getScmDbDir(145)) - ozone.scm.db.dirs is not configured. We recommend adding this setting. Falling back to ozone.metadata.dirs instead.
2019-10-29 17:14:44,397 [main] INFO  safemode.HealthyPipelineSafeModeRule (HealthyPipelineSafeModeRule.java:<init>(91)) -  Total pipeline count is 0, healthy pipeline threshold count is 1
2019-10-29 17:14:44,398 [main] INFO  safemode.OneReplicaPipelineSafeModeRule (OneReplicaPipelineSafeModeRule.java:<init>(79)) - Total pipeline count is 0, pipeline's with at least one datanode reported threshold count is 0
2019-10-29 17:14:44,398 [main] WARN  events.EventQueue (EventQueue.java:fireEvent(183)) - No event handler registered for event TypedEvent{payloadType=SafeModeStatus, name='SafeModeStatus'}
2019-10-29 17:14:44,400 [main] INFO  ipc.CallQueueManager (CallQueueManager.java:<init>(84)) - Using callQueue: class java.util.concurrent.LinkedBlockingQueue, queueCapacity: 2000, scheduler: class org.apache.hadoop.ipc.DefaultRpcScheduler, ipcBackoff: false.
2019-10-29 17:14:44,401 [Socket Reader #1 for port 41226] INFO  ipc.Server (Server.java:run(1074)) - Starting Socket Reader #1 for port 41226
2019-10-29 17:14:44,403 [main] INFO  ipc.CallQueueManager (CallQueueManager.java:<init>(84)) - Using callQueue: class java.util.concurrent.LinkedBlockingQueue, queueCapacity: 2000, scheduler: class org.apache.hadoop.ipc.DefaultRpcScheduler, ipcBackoff: false.
2019-10-29 17:14:44,404 [Socket Reader #1 for port 45131] INFO  ipc.Server (Server.java:run(1074)) - Starting Socket Reader #1 for port 45131
2019-10-29 17:14:44,405 [main] INFO  ipc.CallQueueManager (CallQueueManager.java:<init>(84)) - Using callQueue: class java.util.concurrent.LinkedBlockingQueue, queueCapacity: 2000, scheduler: class org.apache.hadoop.ipc.DefaultRpcScheduler, ipcBackoff: false.
2019-10-29 17:14:44,406 [Socket Reader #1 for port 45089] INFO  ipc.Server (Server.java:run(1074)) - Starting Socket Reader #1 for port 45089
2019-10-29 17:14:44,409 [main] INFO  hdfs.DFSUtil (DFSUtil.java:httpServerTemplateForNNAndJN(1641)) - Starting Web-server for scm at: http://0.0.0.0:0
2019-10-29 17:14:44,412 [main] INFO  server.AuthenticationFilter (AuthenticationFilter.java:constructSecretProvider(240)) - Unable to initialize FileSignerSecretProvider, falling back to use random secrets.
2019-10-29 17:14:44,413 [main] WARN  http.HttpRequestLog (HttpRequestLog.java:getRequestLog(97)) - Jetty request log can only be enabled using Log4j
2019-10-29 17:14:44,415 [main] INFO  http.HttpServer2 (HttpServer2.java:addGlobalFilter(975)) - Added global filter 'safety' (class=org.apache.hadoop.http.HttpServer2$QuotingInputFilter)
2019-10-29 17:14:44,416 [main] INFO  http.HttpServer2 (HttpServer2.java:addFilter(948)) - Added filter static_user_filter (class=org.apache.hadoop.http.lib.StaticUserWebFilter$StaticUserFilter) to context scm
2019-10-29 17:14:44,416 [main] INFO  http.HttpServer2 (HttpServer2.java:addFilter(958)) - Added filter static_user_filter (class=org.apache.hadoop.http.lib.StaticUserWebFilter$StaticUserFilter) to context static
2019-10-29 17:14:44,417 [main] INFO  http.HttpServer2 (HttpServer2.java:addFilter(958)) - Added filter static_user_filter (class=org.apache.hadoop.http.lib.StaticUserWebFilter$StaticUserFilter) to context logs
2019-10-29 17:14:44,423 [main] INFO  server.StorageContainerManager (StorageContainerManager.java:start(771)) - StorageContainerLocationProtocol RPC server is listening at /0.0.0.0:45089
2019-10-29 17:14:44,426 [main] WARN  impl.MetricsConfig (MetricsConfig.java:loadFirst(134)) - Cannot locate configuration: tried hadoop-metrics2-storagecontainermanager.properties,hadoop-metrics2.properties
2019-10-29 17:14:44,428 [main] INFO  impl.MetricsSystemImpl (MetricsSystemImpl.java:startTimer(374)) - Scheduled Metric snapshot period at 10 second(s).
2019-10-29 17:14:44,428 [main] INFO  impl.MetricsSystemImpl (MetricsSystemImpl.java:start(191)) - StorageContainerManager metrics system started
2019-10-29 17:14:44,448 [main] WARN  impl.MetricsSystemImpl (MetricsSystemImpl.java:register(276)) - Sink prometheus already exists!
2019-10-29 17:14:44,455 [main] INFO  server.SCMClientProtocolServer (SCMClientProtocolServer.java:start(159)) - RPC server for Client  is listening at /0.0.0.0:45089
2019-10-29 17:14:44,455 [IPC Server Responder] INFO  ipc.Server (Server.java:run(1314)) - IPC Server Responder: starting
2019-10-29 17:14:44,455 [IPC Server listener on 45089] INFO  ipc.Server (Server.java:run(1153)) - IPC Server listener on 45089: starting
2019-10-29 17:14:44,458 [main] INFO  server.StorageContainerManager (StorageContainerManager.java:start(781)) - ScmBlockLocationProtocol RPC server is listening at /0.0.0.0:45131
2019-10-29 17:14:44,459 [main] INFO  server.SCMBlockProtocolServer (SCMBlockProtocolServer.java:start(146)) - RPC server for Block Protocol is listening at /0.0.0.0:45131
2019-10-29 17:14:44,459 [IPC Server Responder] INFO  ipc.Server (Server.java:run(1314)) - IPC Server Responder: starting
2019-10-29 17:14:44,459 [IPC Server listener on 45131] INFO  ipc.Server (Server.java:run(1153)) - IPC Server listener on 45131: starting
2019-10-29 17:14:44,462 [main] INFO  server.StorageContainerManager (StorageContainerManager.java:start(785)) - ScmDatanodeProtocl RPC server is listening at /0.0.0.0:41226
2019-10-29 17:14:44,462 [main] INFO  server.SCMDatanodeProtocolServer (SCMDatanodeProtocolServer.java:start(177)) - RPC server for DataNodes is listening at /0.0.0.0:41226
2019-10-29 17:14:44,463 [IPC Server Responder] INFO  ipc.Server (Server.java:run(1314)) - IPC Server Responder: starting
2019-10-29 17:14:44,463 [IPC Server listener on 41226] INFO  ipc.Server (Server.java:run(1153)) - IPC Server listener on 41226: starting
2019-10-29 17:14:44,466 [main] INFO  http.HttpServer2 (HttpServer2.java:bindListener(1191)) - Jetty bound to port 45332
2019-10-29 17:14:44,466 [main] INFO  server.Server (Server.java:doStart(351)) - jetty-9.3.25.v20180904, build timestamp: 2018-09-04T21:11:46Z, git hash: 3ce520221d0240229c862b122d2b06c12a625732
2019-10-29 17:14:44,468 [main] INFO  handler.ContextHandler (ContextHandler.java:doStart(781)) - Started o.e.j.s.ServletContextHandler@2a8a4e0c{/logs,file:///workdir/hadoop-ozone/integration-test/target/log,AVAILABLE}
2019-10-29 17:14:44,469 [main] INFO  handler.ContextHandler (ContextHandler.java:doStart(781)) - Started o.e.j.s.ServletContextHandler@3bd6ba24{/static,file:///workdir/hadoop-ozone/integration-test/target/test-classes/webapps/static,AVAILABLE}
2019-10-29 17:14:44,474 [main] INFO  handler.ContextHandler (ContextHandler.java:doStart(781)) - Started o.e.j.w.WebAppContext@3fd9e827{/,file:///workdir/hadoop-ozone/integration-test/target/test-classes/webapps/scm/,AVAILABLE}{/scm}
2019-10-29 17:14:44,474 [main] INFO  server.AbstractConnector (AbstractConnector.java:doStart(278)) - Started ServerConnector@4e682398{HTTP/1.1,[http/1.1]}{0.0.0.0:45332}
2019-10-29 17:14:44,475 [main] INFO  server.Server (Server.java:doStart(419)) - Started @26818ms
2019-10-29 17:14:44,475 [main] WARN  impl.MetricsSystemImpl (MetricsSystemImpl.java:register(276)) - Sink prometheus already exists!
2019-10-29 17:14:44,476 [main] INFO  server.BaseHttpServer (BaseHttpServer.java:updateConnectorAddress(215)) - HTTP server of SCM is listening at http://0.0.0.0:45332
2019-10-29 17:14:44,476 [main] WARN  server.ServerUtils (ServerUtils.java:getDBPath(222)) - ozone.om.db.dirs is not configured. We recommend adding this setting. Falling back to ozone.metadata.dirs instead.
2019-10-29 17:14:44,477 [org.apache.hadoop.util.JvmPauseMonitor$Monitor@24a86066] INFO  util.JvmPauseMonitor (JvmPauseMonitor.java:run(188)) - Starting JVM pause monitor
2019-10-29 17:14:44,499 [main] INFO  ha.OMHANodeDetails (OMHANodeDetails.java:loadOMHAConfig(190)) - Configuration either no ozone.om.address set. Falling back to the default OM address /127.0.0.1:0
2019-10-29 17:14:44,499 [main] INFO  ha.OMHANodeDetails (OMHANodeDetails.java:getOMNodeDetails(220)) - OM Service ID is not set. Setting it to the default ID: omServiceIdDefault
2019-10-29 17:14:44,499 [main] WARN  server.ServerUtils (ServerUtils.java:getDBPath(222)) - ozone.om.db.dirs is not configured. We recommend adding this setting. Falling back to ozone.metadata.dirs instead.
2019-10-29 17:14:44,499 [main] WARN  server.ServerUtils (ServerUtils.java:getDBPath(222)) - ozone.om.db.dirs is not configured. We recommend adding this setting. Falling back to ozone.metadata.dirs instead.
2019-10-29 17:14:44,509 [main] WARN  server.ServerUtils (ServerUtils.java:getDBPath(222)) - ozone.om.db.dirs is not configured. We recommend adding this setting. Falling back to ozone.metadata.dirs instead.
2019-10-29 17:14:44,509 [main] INFO  db.DBStoreBuilder (DBStoreBuilder.java:addTable(127)) - using custom profile for table: userTable
2019-10-29 17:14:44,509 [main] INFO  db.DBStoreBuilder (DBStoreBuilder.java:processTables(183)) - Using default column profile:DBProfile.DISK for Table:userTable
2019-10-29 17:14:44,510 [main] INFO  db.DBStoreBuilder (DBStoreBuilder.java:addTable(127)) - using custom profile for table: volumeTable
2019-10-29 17:14:44,510 [main] INFO  db.DBStoreBuilder (DBStoreBuilder.java:processTables(183)) - Using default column profile:DBProfile.DISK for Table:volumeTable
2019-10-29 17:14:44,510 [main] INFO  db.DBStoreBuilder (DBStoreBuilder.java:addTable(127)) - using custom profile for table: bucketTable
2019-10-29 17:14:44,510 [main] INFO  db.DBStoreBuilder (DBStoreBuilder.java:processTables(183)) - Using default column profile:DBProfile.DISK for Table:bucketTable
2019-10-29 17:14:44,510 [main] INFO  db.DBStoreBuilder (DBStoreBuilder.java:addTable(127)) - using custom profile for table: keyTable
2019-10-29 17:14:44,510 [main] INFO  db.DBStoreBuilder (DBStoreBuilder.java:processTables(183)) - Using default column profile:DBProfile.DISK for Table:keyTable
2019-10-29 17:14:44,511 [main] INFO  db.DBStoreBuilder (DBStoreBuilder.java:addTable(127)) - using custom profile for table: deletedTable
2019-10-29 17:14:44,511 [main] INFO  db.DBStoreBuilder (DBStoreBuilder.java:processTables(183)) - Using default column profile:DBProfile.DISK for Table:deletedTable
2019-10-29 17:14:44,511 [main] INFO  db.DBStoreBuilder (DBStoreBuilder.java:addTable(127)) - using custom profile for table: openKeyTable
2019-10-29 17:14:44,511 [main] INFO  db.DBStoreBuilder (DBStoreBuilder.java:processTables(183)) - Using default column profile:DBProfile.DISK for Table:openKeyTable
2019-10-29 17:14:44,511 [main] INFO  db.DBStoreBuilder (DBStoreBuilder.java:addTable(127)) - using custom profile for table: s3Table
2019-10-29 17:14:44,511 [main] INFO  db.DBStoreBuilder (DBStoreBuilder.java:processTables(183)) - Using default column profile:DBProfile.DISK for Table:s3Table
2019-10-29 17:14:44,512 [main] INFO  db.DBStoreBuilder (DBStoreBuilder.java:addTable(127)) - using custom profile for table: multipartInfoTable
2019-10-29 17:14:44,512 [main] INFO  db.DBStoreBuilder (DBStoreBuilder.java:processTables(183)) - Using default column profile:DBProfile.DISK for Table:multipartInfoTable
2019-10-29 17:14:44,512 [main] INFO  db.DBStoreBuilder (DBStoreBuilder.java:addTable(127)) - using custom profile for table: dTokenTable
2019-10-29 17:14:44,512 [main] INFO  db.DBStoreBuilder (DBStoreBuilder.java:processTables(183)) - Using default column profile:DBProfile.DISK for Table:dTokenTable
2019-10-29 17:14:44,512 [main] INFO  db.DBStoreBuilder (DBStoreBuilder.java:addTable(127)) - using custom profile for table: s3SecretTable
2019-10-29 17:14:44,512 [main] INFO  db.DBStoreBuilder (DBStoreBuilder.java:processTables(183)) - Using default column profile:DBProfile.DISK for Table:s3SecretTable
2019-10-29 17:14:44,513 [main] INFO  db.DBStoreBuilder (DBStoreBuilder.java:addTable(127)) - using custom profile for table: prefixTable
2019-10-29 17:14:44,513 [main] INFO  db.DBStoreBuilder (DBStoreBuilder.java:processTables(183)) - Using default column profile:DBProfile.DISK for Table:prefixTable
2019-10-29 17:14:44,513 [main] INFO  db.DBStoreBuilder (DBStoreBuilder.java:addTable(127)) - using custom profile for table: default
2019-10-29 17:14:44,513 [main] INFO  db.DBStoreBuilder (DBStoreBuilder.java:processTables(189)) - Using default column profile:DBProfile.DISK for Table:default
2019-10-29 17:14:44,513 [main] INFO  db.DBStoreBuilder (DBStoreBuilder.java:getDbProfile(220)) - Using default options. DBProfile.DISK
2019-10-29 17:14:44,823 [main] INFO  ipc.CallQueueManager (CallQueueManager.java:<init>(84)) - Using callQueue: class java.util.concurrent.LinkedBlockingQueue, queueCapacity: 2000, scheduler: class org.apache.hadoop.ipc.DefaultRpcScheduler, ipcBackoff: false.
2019-10-29 17:14:44,824 [Socket Reader #1 for port 45110] INFO  ipc.Server (Server.java:run(1074)) - Starting Socket Reader #1 for port 45110
2019-10-29 17:14:44,838 [main] INFO  om.OzoneManager (OzoneManager.java:start(1074)) - OzoneManager RPC server is listening at localhost/127.0.0.1:45110
2019-10-29 17:14:44,838 [main] INFO  impl.MetricsSystemImpl (MetricsSystemImpl.java:init(158)) - OzoneManager metrics system started (again)
2019-10-29 17:14:44,839 [IPC Server Responder] INFO  ipc.Server (Server.java:run(1314)) - IPC Server Responder: starting
2019-10-29 17:14:44,840 [IPC Server listener on 45110] INFO  ipc.Server (Server.java:run(1153)) - IPC Server listener on 45110: starting
2019-10-29 17:14:44,845 [main] INFO  hdfs.DFSUtil (DFSUtil.java:httpServerTemplateForNNAndJN(1641)) - Starting Web-server for ozoneManager at: http://0.0.0.0:0
2019-10-29 17:14:44,847 [main] INFO  server.AuthenticationFilter (AuthenticationFilter.java:constructSecretProvider(240)) - Unable to initialize FileSignerSecretProvider, falling back to use random secrets.
2019-10-29 17:14:44,848 [main] WARN  http.HttpRequestLog (HttpRequestLog.java:getRequestLog(97)) - Jetty request log can only be enabled using Log4j
2019-10-29 17:14:44,851 [main] INFO  http.HttpServer2 (HttpServer2.java:addGlobalFilter(975)) - Added global filter 'safety' (class=org.apache.hadoop.http.HttpServer2$QuotingInputFilter)
2019-10-29 17:14:44,852 [main] INFO  http.HttpServer2 (HttpServer2.java:addFilter(948)) - Added filter static_user_filter (class=org.apache.hadoop.http.lib.StaticUserWebFilter$StaticUserFilter) to context ozoneManager
2019-10-29 17:14:44,852 [main] INFO  http.HttpServer2 (HttpServer2.java:addFilter(958)) - Added filter static_user_filter (class=org.apache.hadoop.http.lib.StaticUserWebFilter$StaticUserFilter) to context logs
2019-10-29 17:14:44,853 [main] INFO  http.HttpServer2 (HttpServer2.java:addFilter(958)) - Added filter static_user_filter (class=org.apache.hadoop.http.lib.StaticUserWebFilter$StaticUserFilter) to context static
2019-10-29 17:14:44,854 [main] INFO  http.HttpServer2 (HttpServer2.java:bindListener(1191)) - Jetty bound to port 42192
2019-10-29 17:14:44,854 [main] INFO  server.Server (Server.java:doStart(351)) - jetty-9.3.25.v20180904, build timestamp: 2018-09-04T21:11:46Z, git hash: 3ce520221d0240229c862b122d2b06c12a625732
2019-10-29 17:14:44,857 [main] INFO  handler.ContextHandler (ContextHandler.java:doStart(781)) - Started o.e.j.s.ServletContextHandler@77f68df{/logs,file:///workdir/hadoop-ozone/integration-test/target/log,AVAILABLE}
2019-10-29 17:14:44,857 [main] INFO  handler.ContextHandler (ContextHandler.java:doStart(781)) - Started o.e.j.s.ServletContextHandler@7e7f3cfd{/static,file:///workdir/hadoop-ozone/integration-test/target/test-classes/webapps/static,AVAILABLE}
2019-10-29 17:14:44,864 [main] INFO  handler.ContextHandler (ContextHandler.java:doStart(781)) - Started o.e.j.w.WebAppContext@4b0b64cc{/,file:///workdir/hadoop-ozone/integration-test/target/test-classes/webapps/ozoneManager/,AVAILABLE}{/ozoneManager}
2019-10-29 17:14:44,865 [main] INFO  server.AbstractConnector (AbstractConnector.java:doStart(278)) - Started ServerConnector@59ce792e{HTTP/1.1,[http/1.1]}{0.0.0.0:42192}
2019-10-29 17:14:44,865 [main] INFO  server.Server (Server.java:doStart(419)) - Started @27208ms
2019-10-29 17:14:44,865 [main] WARN  impl.MetricsSystemImpl (MetricsSystemImpl.java:register(276)) - Sink prometheus already exists!
2019-10-29 17:14:44,867 [main] INFO  server.BaseHttpServer (BaseHttpServer.java:updateConnectorAddress(215)) - HTTP server of OZONEMANAGER is listening at http://0.0.0.0:42192
2019-10-29 17:14:44,878 [main] INFO  impl.MetricsSystemImpl (MetricsSystemImpl.java:init(158)) - HddsDatanode metrics system started (again)
2019-10-29 17:14:44,880 [main] INFO  ozone.HddsDatanodeService (HddsDatanodeService.java:start(184)) - HddsDatanodeService host:pr-hdds-2034-76npd-2451761435 ip:192.168.164.217
2019-10-29 17:14:44,889 [main] INFO  volume.HddsVolume (HddsVolume.java:<init>(176)) - Creating Volume: /workdir/hadoop-ozone/integration-test/target/test-dir/MiniOzoneClusterImpl-46368c21-8946-4203-bc0e-a2a0469d6ddc/datanode-0/data/containers/hdds of  storage type : DISK and capacity : 1482555576320
2019-10-29 17:14:44,889 [main] INFO  volume.VolumeSet (VolumeSet.java:initializeVolumeSet(170)) - Added Volume : /workdir/hadoop-ozone/integration-test/target/test-dir/MiniOzoneClusterImpl-46368c21-8946-4203-bc0e-a2a0469d6ddc/datanode-0/data/containers/hdds to VolumeSet
2019-10-29 17:14:44,889 [main] INFO  volume.ThrottledAsyncChecker (ThrottledAsyncChecker.java:schedule(141)) - Scheduling a check for /workdir/hadoop-ozone/integration-test/target/test-dir/MiniOzoneClusterImpl-46368c21-8946-4203-bc0e-a2a0469d6ddc/datanode-0/data/containers/hdds
2019-10-29 17:14:44,890 [main] INFO  volume.HddsVolumeChecker (HddsVolumeChecker.java:checkAllVolumes(204)) - Scheduled health check for volume /workdir/hadoop-ozone/integration-test/target/test-dir/MiniOzoneClusterImpl-46368c21-8946-4203-bc0e-a2a0469d6ddc/datanode-0/data/containers/hdds
2019-10-29 17:14:44,906 [main] INFO  impl.RaftServerProxy (ConfUtils.java:logGet(43)) - raft.rpc.type = GRPC (default)
2019-10-29 17:14:44,906 [main] INFO  grpc.GrpcFactory (GrpcFactory.java:checkPooledByteBufAllocatorUseCacheForAllThreads(45)) - PERFORMANCE WARNING: useCacheForAllThreads is true that may cause Netty to create a lot garbage objects and, as a result, trigger GC.
	It is recommended to disable useCacheForAllThreads by setting -Dorg.apache.ratis.thirdparty.io.netty.allocator.useCacheForAllThreads=false in command line.
2019-10-29 17:14:44,906 [main] INFO  grpc.GrpcConfigKeys$Server (ConfUtils.java:logGet(43)) - raft.grpc.server.port = 0 (default)
2019-10-29 17:14:44,907 [main] INFO  server.GrpcService (ConfUtils.java:logGet(43)) - raft.grpc.message.size.max = 33570816 (custom)
2019-10-29 17:14:44,907 [main] INFO  server.RaftServerConfigKeys (ConfUtils.java:logGet(43)) - raft.server.log.appender.buffer.byte-limit = 33554432 (custom)
2019-10-29 17:14:44,907 [main] INFO  server.GrpcService (ConfUtils.java:logGet(43)) - raft.grpc.flow.control.window = 1MB (=1048576) (default)
2019-10-29 17:14:44,907 [main] INFO  server.RaftServerConfigKeys (ConfUtils.java:logGet(43)) - raft.server.rpc.request.timeout = 3000ms (default)
2019-10-29 17:14:44,908 [main] INFO  server.RaftServerConfigKeys (ConfUtils.java:logGet(43)) - raft.server.storage.dir = [/workdir/hadoop-ozone/integration-test/target/test-dir/MiniOzoneClusterImpl-46368c21-8946-4203-bc0e-a2a0469d6ddc/datanode-0/data/ratis] (custom)
2019-10-29 17:14:44,910 [main] INFO  hdfs.DFSUtil (DFSUtil.java:httpServerTemplateForNNAndJN(1641)) - Starting Web-server for hddsDatanode at: http://0.0.0.0:0
2019-10-29 17:14:44,911 [main] INFO  server.AuthenticationFilter (AuthenticationFilter.java:constructSecretProvider(240)) - Unable to initialize FileSignerSecretProvider, falling back to use random secrets.
2019-10-29 17:14:44,912 [main] WARN  http.HttpRequestLog (HttpRequestLog.java:getRequestLog(97)) - Jetty request log can only be enabled using Log4j
2019-10-29 17:14:44,914 [main] INFO  http.HttpServer2 (HttpServer2.java:addGlobalFilter(975)) - Added global filter 'safety' (class=org.apache.hadoop.http.HttpServer2$QuotingInputFilter)
2019-10-29 17:14:44,915 [main] INFO  http.HttpServer2 (HttpServer2.java:addFilter(948)) - Added filter static_user_filter (class=org.apache.hadoop.http.lib.StaticUserWebFilter$StaticUserFilter) to context hddsDatanode
2019-10-29 17:14:44,916 [main] INFO  http.HttpServer2 (HttpServer2.java:addFilter(958)) - Added filter static_user_filter (class=org.apache.hadoop.http.lib.StaticUserWebFilter$StaticUserFilter) to context logs
2019-10-29 17:14:44,916 [main] INFO  http.HttpServer2 (HttpServer2.java:addFilter(958)) - Added filter static_user_filter (class=org.apache.hadoop.http.lib.StaticUserWebFilter$StaticUserFilter) to context static
2019-10-29 17:14:44,917 [main] INFO  http.HttpServer2 (HttpServer2.java:bindListener(1191)) - Jetty bound to port 40029
2019-10-29 17:14:44,918 [main] INFO  server.Server (Server.java:doStart(351)) - jetty-9.3.25.v20180904, build timestamp: 2018-09-04T21:11:46Z, git hash: 3ce520221d0240229c862b122d2b06c12a625732
2019-10-29 17:14:44,920 [main] INFO  handler.ContextHandler (ContextHandler.java:doStart(781)) - Started o.e.j.s.ServletContextHandler@24534cb0{/logs,file:///workdir/hadoop-ozone/integration-test/target/log,AVAILABLE}
2019-10-29 17:14:44,921 [main] INFO  handler.ContextHandler (ContextHandler.java:doStart(781)) - Started o.e.j.s.ServletContextHandler@106d77da{/static,jar:file:/home/user/.m2/repository/org/apache/hadoop/hadoop-hdds-container-service/0.5.0-SNAPSHOT/hadoop-hdds-container-service-0.5.0-SNAPSHOT.jar!/webapps/static,AVAILABLE}
2019-10-29 17:14:44,967 [main] INFO  handler.ContextHandler (ContextHandler.java:doStart(781)) - Started o.e.j.w.WebAppContext@7a3e5cd3{/,file:///tmp/jetty-0.0.0.0-40029-hddsDatanode-_-any-892195056806572016.dir/webapp/,AVAILABLE}{/hddsDatanode}
2019-10-29 17:14:44,967 [main] INFO  server.AbstractConnector (AbstractConnector.java:doStart(278)) - Started ServerConnector@3c79088e{HTTP/1.1,[http/1.1]}{0.0.0.0:40029}
2019-10-29 17:14:44,968 [main] INFO  server.Server (Server.java:doStart(419)) - Started @27311ms
2019-10-29 17:14:44,968 [main] WARN  impl.MetricsSystemImpl (MetricsSystemImpl.java:register(276)) - Sink prometheus already exists!
2019-10-29 17:14:44,969 [main] INFO  server.BaseHttpServer (BaseHttpServer.java:updateConnectorAddress(215)) - HTTP server of HDDSDATANODE is listening at http://0.0.0.0:40029
2019-10-29 17:14:44,969 [main] INFO  impl.MetricsSystemImpl (MetricsSystemImpl.java:init(158)) - HddsDatanode metrics system started (again)
2019-10-29 17:14:44,972 [main] INFO  ozone.HddsDatanodeService (HddsDatanodeService.java:start(184)) - HddsDatanodeService host:pr-hdds-2034-76npd-2451761435 ip:192.168.164.217
2019-10-29 17:14:44,972 [org.apache.hadoop.util.JvmPauseMonitor$Monitor@add1cfd] INFO  util.JvmPauseMonitor (JvmPauseMonitor.java:run(188)) - Starting JVM pause monitor
2019-10-29 17:14:44,975 [Datanode State Machine Thread - 0] INFO  datanode.InitDatanodeState (InitDatanodeState.java:persistContainerDatanodeDetails(140)) - DatanodeDetails is persisted to /workdir/hadoop-ozone/integration-test/target/test-dir/MiniOzoneClusterImpl-46368c21-8946-4203-bc0e-a2a0469d6ddc/datanode-0/meta/datanode.id
2019-10-29 17:14:44,980 [main] INFO  volume.HddsVolume (HddsVolume.java:<init>(176)) - Creating Volume: /workdir/hadoop-ozone/integration-test/target/test-dir/MiniOzoneClusterImpl-46368c21-8946-4203-bc0e-a2a0469d6ddc/datanode-1/data/containers/hdds of  storage type : DISK and capacity : 1482555576320
2019-10-29 17:14:44,980 [main] INFO  volume.VolumeSet (VolumeSet.java:initializeVolumeSet(170)) - Added Volume : /workdir/hadoop-ozone/integration-test/target/test-dir/MiniOzoneClusterImpl-46368c21-8946-4203-bc0e-a2a0469d6ddc/datanode-1/data/containers/hdds to VolumeSet
2019-10-29 17:14:44,980 [main] INFO  volume.ThrottledAsyncChecker (ThrottledAsyncChecker.java:schedule(141)) - Scheduling a check for /workdir/hadoop-ozone/integration-test/target/test-dir/MiniOzoneClusterImpl-46368c21-8946-4203-bc0e-a2a0469d6ddc/datanode-1/data/containers/hdds
2019-10-29 17:14:44,981 [main] INFO  volume.HddsVolumeChecker (HddsVolumeChecker.java:checkAllVolumes(204)) - Scheduled health check for volume /workdir/hadoop-ozone/integration-test/target/test-dir/MiniOzoneClusterImpl-46368c21-8946-4203-bc0e-a2a0469d6ddc/datanode-1/data/containers/hdds
2019-10-29 17:14:44,993 [main] INFO  impl.RaftServerProxy (ConfUtils.java:logGet(43)) - raft.rpc.type = GRPC (default)
2019-10-29 17:14:44,994 [main] INFO  grpc.GrpcFactory (GrpcFactory.java:checkPooledByteBufAllocatorUseCacheForAllThreads(45)) - PERFORMANCE WARNING: useCacheForAllThreads is true that may cause Netty to create a lot garbage objects and, as a result, trigger GC.
	It is recommended to disable useCacheForAllThreads by setting -Dorg.apache.ratis.thirdparty.io.netty.allocator.useCacheForAllThreads=false in command line.
2019-10-29 17:14:44,994 [main] INFO  grpc.GrpcConfigKeys$Server (ConfUtils.java:logGet(43)) - raft.grpc.server.port = 0 (default)
2019-10-29 17:14:44,994 [main] INFO  server.GrpcService (ConfUtils.java:logGet(43)) - raft.grpc.message.size.max = 33570816 (custom)
2019-10-29 17:14:44,994 [main] INFO  server.RaftServerConfigKeys (ConfUtils.java:logGet(43)) - raft.server.log.appender.buffer.byte-limit = 33554432 (custom)
2019-10-29 17:14:44,994 [main] INFO  server.GrpcService (ConfUtils.java:logGet(43)) - raft.grpc.flow.control.window = 1MB (=1048576) (default)
2019-10-29 17:14:44,995 [main] INFO  server.RaftServerConfigKeys (ConfUtils.java:logGet(43)) - raft.server.rpc.request.timeout = 3000ms (default)
2019-10-29 17:14:44,995 [main] INFO  server.RaftServerConfigKeys (ConfUtils.java:logGet(43)) - raft.server.storage.dir = [/workdir/hadoop-ozone/integration-test/target/test-dir/MiniOzoneClusterImpl-46368c21-8946-4203-bc0e-a2a0469d6ddc/datanode-1/data/ratis] (custom)
2019-10-29 17:14:44,997 [main] INFO  hdfs.DFSUtil (DFSUtil.java:httpServerTemplateForNNAndJN(1641)) - Starting Web-server for hddsDatanode at: http://0.0.0.0:0
2019-10-29 17:14:44,999 [main] INFO  server.AuthenticationFilter (AuthenticationFilter.java:constructSecretProvider(240)) - Unable to initialize FileSignerSecretProvider, falling back to use random secrets.
2019-10-29 17:14:44,999 [main] WARN  http.HttpRequestLog (HttpRequestLog.java:getRequestLog(97)) - Jetty request log can only be enabled using Log4j
2019-10-29 17:14:45,001 [main] INFO  http.HttpServer2 (HttpServer2.java:addGlobalFilter(975)) - Added global filter 'safety' (class=org.apache.hadoop.http.HttpServer2$QuotingInputFilter)
2019-10-29 17:14:45,002 [main] INFO  http.HttpServer2 (HttpServer2.java:addFilter(948)) - Added filter static_user_filter (class=org.apache.hadoop.http.lib.StaticUserWebFilter$StaticUserFilter) to context hddsDatanode
2019-10-29 17:14:45,002 [main] INFO  http.HttpServer2 (HttpServer2.java:addFilter(958)) - Added filter static_user_filter (class=org.apache.hadoop.http.lib.StaticUserWebFilter$StaticUserFilter) to context static
2019-10-29 17:14:45,002 [main] INFO  http.HttpServer2 (HttpServer2.java:addFilter(958)) - Added filter static_user_filter (class=org.apache.hadoop.http.lib.StaticUserWebFilter$StaticUserFilter) to context logs
2019-10-29 17:14:45,003 [main] INFO  http.HttpServer2 (HttpServer2.java:bindListener(1191)) - Jetty bound to port 46461
2019-10-29 17:14:45,004 [main] INFO  server.Server (Server.java:doStart(351)) - jetty-9.3.25.v20180904, build timestamp: 2018-09-04T21:11:46Z, git hash: 3ce520221d0240229c862b122d2b06c12a625732
2019-10-29 17:14:45,006 [main] INFO  handler.ContextHandler (ContextHandler.java:doStart(781)) - Started o.e.j.s.ServletContextHandler@44784e2f{/logs,file:///workdir/hadoop-ozone/integration-test/target/log,AVAILABLE}
2019-10-29 17:14:45,006 [main] INFO  handler.ContextHandler (ContextHandler.java:doStart(781)) - Started o.e.j.s.ServletContextHandler@737db7f8{/static,jar:file:/home/user/.m2/repository/org/apache/hadoop/hadoop-hdds-container-service/0.5.0-SNAPSHOT/hadoop-hdds-container-service-0.5.0-SNAPSHOT.jar!/webapps/static,AVAILABLE}
2019-10-29 17:14:45,050 [main] INFO  handler.ContextHandler (ContextHandler.java:doStart(781)) - Started o.e.j.w.WebAppContext@43c87306{/,file:///tmp/jetty-0.0.0.0-46461-hddsDatanode-_-any-986233111364051654.dir/webapp/,AVAILABLE}{/hddsDatanode}
2019-10-29 17:14:45,051 [main] INFO  server.AbstractConnector (AbstractConnector.java:doStart(278)) - Started ServerConnector@14f40030{HTTP/1.1,[http/1.1]}{0.0.0.0:46461}
2019-10-29 17:14:45,052 [main] INFO  server.Server (Server.java:doStart(419)) - Started @27395ms
2019-10-29 17:14:45,052 [main] WARN  impl.MetricsSystemImpl (MetricsSystemImpl.java:register(276)) - Sink prometheus already exists!
2019-10-29 17:14:45,053 [main] INFO  server.BaseHttpServer (BaseHttpServer.java:updateConnectorAddress(215)) - HTTP server of HDDSDATANODE is listening at http://0.0.0.0:46461
2019-10-29 17:14:45,053 [main] INFO  impl.MetricsSystemImpl (MetricsSystemImpl.java:init(158)) - HddsDatanode metrics system started (again)
2019-10-29 17:14:45,056 [org.apache.hadoop.util.JvmPauseMonitor$Monitor@4d9cc2f5] INFO  util.JvmPauseMonitor (JvmPauseMonitor.java:run(188)) - Starting JVM pause monitor
2019-10-29 17:14:45,056 [main] INFO  ozone.HddsDatanodeService (HddsDatanodeService.java:start(184)) - HddsDatanodeService host:pr-hdds-2034-76npd-2451761435 ip:192.168.164.217
2019-10-29 17:14:45,058 [Datanode State Machine Thread - 0] INFO  datanode.InitDatanodeState (InitDatanodeState.java:persistContainerDatanodeDetails(140)) - DatanodeDetails is persisted to /workdir/hadoop-ozone/integration-test/target/test-dir/MiniOzoneClusterImpl-46368c21-8946-4203-bc0e-a2a0469d6ddc/datanode-1/meta/datanode.id
2019-10-29 17:14:45,064 [main] INFO  volume.HddsVolume (HddsVolume.java:<init>(176)) - Creating Volume: /workdir/hadoop-ozone/integration-test/target/test-dir/MiniOzoneClusterImpl-46368c21-8946-4203-bc0e-a2a0469d6ddc/datanode-2/data/containers/hdds of  storage type : DISK and capacity : 1482555576320
2019-10-29 17:14:45,064 [main] INFO  volume.VolumeSet (VolumeSet.java:initializeVolumeSet(170)) - Added Volume : /workdir/hadoop-ozone/integration-test/target/test-dir/MiniOzoneClusterImpl-46368c21-8946-4203-bc0e-a2a0469d6ddc/datanode-2/data/containers/hdds to VolumeSet
2019-10-29 17:14:45,064 [main] INFO  volume.ThrottledAsyncChecker (ThrottledAsyncChecker.java:schedule(141)) - Scheduling a check for /workdir/hadoop-ozone/integration-test/target/test-dir/MiniOzoneClusterImpl-46368c21-8946-4203-bc0e-a2a0469d6ddc/datanode-2/data/containers/hdds
2019-10-29 17:14:45,065 [main] INFO  volume.HddsVolumeChecker (HddsVolumeChecker.java:checkAllVolumes(204)) - Scheduled health check for volume /workdir/hadoop-ozone/integration-test/target/test-dir/MiniOzoneClusterImpl-46368c21-8946-4203-bc0e-a2a0469d6ddc/datanode-2/data/containers/hdds
2019-10-29 17:14:45,078 [main] INFO  impl.RaftServerProxy (ConfUtils.java:logGet(43)) - raft.rpc.type = GRPC (default)
2019-10-29 17:14:45,079 [main] INFO  grpc.GrpcFactory (GrpcFactory.java:checkPooledByteBufAllocatorUseCacheForAllThreads(45)) - PERFORMANCE WARNING: useCacheForAllThreads is true that may cause Netty to create a lot garbage objects and, as a result, trigger GC.
	It is recommended to disable useCacheForAllThreads by setting -Dorg.apache.ratis.thirdparty.io.netty.allocator.useCacheForAllThreads=false in command line.
2019-10-29 17:14:45,079 [main] INFO  grpc.GrpcConfigKeys$Server (ConfUtils.java:logGet(43)) - raft.grpc.server.port = 0 (default)
2019-10-29 17:14:45,079 [main] INFO  server.GrpcService (ConfUtils.java:logGet(43)) - raft.grpc.message.size.max = 33570816 (custom)
2019-10-29 17:14:45,079 [main] INFO  server.RaftServerConfigKeys (ConfUtils.java:logGet(43)) - raft.server.log.appender.buffer.byte-limit = 33554432 (custom)
2019-10-29 17:14:45,079 [main] INFO  server.GrpcService (ConfUtils.java:logGet(43)) - raft.grpc.flow.control.window = 1MB (=1048576) (default)
2019-10-29 17:14:45,080 [main] INFO  server.RaftServerConfigKeys (ConfUtils.java:logGet(43)) - raft.server.rpc.request.timeout = 3000ms (default)
2019-10-29 17:14:45,080 [main] INFO  server.RaftServerConfigKeys (ConfUtils.java:logGet(43)) - raft.server.storage.dir = [/workdir/hadoop-ozone/integration-test/target/test-dir/MiniOzoneClusterImpl-46368c21-8946-4203-bc0e-a2a0469d6ddc/datanode-2/data/ratis] (custom)
2019-10-29 17:14:45,082 [main] INFO  hdfs.DFSUtil (DFSUtil.java:httpServerTemplateForNNAndJN(1641)) - Starting Web-server for hddsDatanode at: http://0.0.0.0:0
2019-10-29 17:14:45,083 [main] INFO  server.AuthenticationFilter (AuthenticationFilter.java:constructSecretProvider(240)) - Unable to initialize FileSignerSecretProvider, falling back to use random secrets.
2019-10-29 17:14:45,083 [main] WARN  http.HttpRequestLog (HttpRequestLog.java:getRequestLog(97)) - Jetty request log can only be enabled using Log4j
2019-10-29 17:14:45,085 [main] INFO  http.HttpServer2 (HttpServer2.java:addGlobalFilter(975)) - Added global filter 'safety' (class=org.apache.hadoop.http.HttpServer2$QuotingInputFilter)
2019-10-29 17:14:45,085 [main] INFO  http.HttpServer2 (HttpServer2.java:addFilter(948)) - Added filter static_user_filter (class=org.apache.hadoop.http.lib.StaticUserWebFilter$StaticUserFilter) to context hddsDatanode
2019-10-29 17:14:45,086 [main] INFO  http.HttpServer2 (HttpServer2.java:addFilter(958)) - Added filter static_user_filter (class=org.apache.hadoop.http.lib.StaticUserWebFilter$StaticUserFilter) to context logs
2019-10-29 17:14:45,086 [main] INFO  http.HttpServer2 (HttpServer2.java:addFilter(958)) - Added filter static_user_filter (class=org.apache.hadoop.http.lib.StaticUserWebFilter$StaticUserFilter) to context static
2019-10-29 17:14:45,087 [main] INFO  http.HttpServer2 (HttpServer2.java:bindListener(1191)) - Jetty bound to port 34573
2019-10-29 17:14:45,087 [main] INFO  server.Server (Server.java:doStart(351)) - jetty-9.3.25.v20180904, build timestamp: 2018-09-04T21:11:46Z, git hash: 3ce520221d0240229c862b122d2b06c12a625732
2019-10-29 17:14:45,089 [main] INFO  handler.ContextHandler (ContextHandler.java:doStart(781)) - Started o.e.j.s.ServletContextHandler@279dd959{/logs,file:///workdir/hadoop-ozone/integration-test/target/log,AVAILABLE}
2019-10-29 17:14:45,090 [main] INFO  handler.ContextHandler (ContextHandler.java:doStart(781)) - Started o.e.j.s.ServletContextHandler@36c281ed{/static,jar:file:/home/user/.m2/repository/org/apache/hadoop/hadoop-hdds-container-service/0.5.0-SNAPSHOT/hadoop-hdds-container-service-0.5.0-SNAPSHOT.jar!/webapps/static,AVAILABLE}
2019-10-29 17:14:45,133 [main] INFO  handler.ContextHandler (ContextHandler.java:doStart(781)) - Started o.e.j.w.WebAppContext@7593ea79{/,file:///tmp/jetty-0.0.0.0-34573-hddsDatanode-_-any-4523501591482317501.dir/webapp/,AVAILABLE}{/hddsDatanode}
2019-10-29 17:14:45,133 [main] INFO  server.AbstractConnector (AbstractConnector.java:doStart(278)) - Started ServerConnector@3289079a{HTTP/1.1,[http/1.1]}{0.0.0.0:34573}
2019-10-29 17:14:45,134 [main] INFO  server.Server (Server.java:doStart(419)) - Started @27477ms
2019-10-29 17:14:45,134 [main] WARN  impl.MetricsSystemImpl (MetricsSystemImpl.java:register(276)) - Sink prometheus already exists!
2019-10-29 17:14:45,135 [main] INFO  server.BaseHttpServer (BaseHttpServer.java:updateConnectorAddress(215)) - HTTP server of HDDSDATANODE is listening at http://0.0.0.0:34573
2019-10-29 17:14:45,136 [main] INFO  ozone.MiniOzoneClusterImpl (MiniOzoneClusterImpl.java:lambda$waitForClusterToBeReady$0(149)) - Waiting for nodes to be ready. Got 0 of 3 DN Heartbeats.
2019-10-29 17:14:45,136 [main] INFO  ozone.MiniOzoneClusterImpl (MiniOzoneClusterImpl.java:lambda$waitForClusterToBeReady$0(152)) - Waiting for cluster to exit safe mode
2019-10-29 17:14:45,138 [org.apache.hadoop.util.JvmPauseMonitor$Monitor@c027100] INFO  util.JvmPauseMonitor (JvmPauseMonitor.java:run(188)) - Starting JVM pause monitor
2019-10-29 17:14:45,141 [Datanode State Machine Thread - 0] INFO  datanode.InitDatanodeState (InitDatanodeState.java:persistContainerDatanodeDetails(140)) - DatanodeDetails is persisted to /workdir/hadoop-ozone/integration-test/target/test-dir/MiniOzoneClusterImpl-46368c21-8946-4203-bc0e-a2a0469d6ddc/datanode-2/meta/datanode.id
2019-10-29 17:14:46,137 [main] INFO  ozone.MiniOzoneClusterImpl (MiniOzoneClusterImpl.java:lambda$waitForClusterToBeReady$0(149)) - Waiting for nodes to be ready. Got 0 of 3 DN Heartbeats.
2019-10-29 17:14:46,137 [main] INFO  ozone.MiniOzoneClusterImpl (MiniOzoneClusterImpl.java:lambda$waitForClusterToBeReady$0(152)) - Waiting for cluster to exit safe mode
2019-10-29 17:14:46,994 [Datanode State Machine Thread - 0] INFO  ozoneimpl.OzoneContainer (OzoneContainer.java:start(213)) - Attempting to start container services.
2019-10-29 17:14:46,995 [Datanode State Machine Thread - 0] INFO  ozoneimpl.OzoneContainer (OzoneContainer.java:startContainerScrub(177)) - Background container scanner has been disabled.
2019-10-29 17:14:46,995 [Datanode State Machine Thread - 0] INFO  ratis.XceiverServerRatis (XceiverServerRatis.java:start(419)) - Starting XceiverServerRatis 955f790b-213e-49b0-ab75-435e183c5e0f at port 0
2019-10-29 17:14:47,089 [Datanode State Machine Thread - 0] INFO  impl.RaftServerProxy (RaftServerProxy.java:lambda$start$3(299)) - 955f790b-213e-49b0-ab75-435e183c5e0f: start RPC server
2019-10-29 17:14:47,097 [Datanode State Machine Thread - 0] INFO  server.GrpcService (GrpcService.java:startImpl(158)) - 955f790b-213e-49b0-ab75-435e183c5e0f: GrpcService started, listening on 0.0.0.0/0.0.0.0:39224
2019-10-29 17:14:47,097 [Datanode State Machine Thread - 0] INFO  ratis.XceiverServerRatis (XceiverServerRatis.java:start(429)) - XceiverServerRatis 955f790b-213e-49b0-ab75-435e183c5e0f is started using port 39224
2019-10-29 17:14:47,098 [Datanode State Machine Thread - 0] INFO  server.XceiverServerGrpc (XceiverServerGrpc.java:start(149)) - XceiverServerGrpc 955f790b-213e-49b0-ab75-435e183c5e0f is started using port 33660
2019-10-29 17:14:47,099 [Datanode State Machine Thread - 0] INFO  ozoneimpl.OzoneContainer (OzoneContainer.java:start(213)) - Attempting to start container services.
2019-10-29 17:14:47,101 [Datanode State Machine Thread - 0] INFO  ozoneimpl.OzoneContainer (OzoneContainer.java:startContainerScrub(177)) - Background container scanner has been disabled.
2019-10-29 17:14:47,101 [Datanode State Machine Thread - 0] INFO  ratis.XceiverServerRatis (XceiverServerRatis.java:start(419)) - Starting XceiverServerRatis 0eeffcb9-64ff-4e7e-9d73-900b69ee6fe9 at port 0
2019-10-29 17:14:47,125 [Datanode State Machine Thread - 0] INFO  impl.RaftServerProxy (RaftServerProxy.java:lambda$start$3(299)) - 0eeffcb9-64ff-4e7e-9d73-900b69ee6fe9: start RPC server
2019-10-29 17:14:47,128 [Datanode State Machine Thread - 0] INFO  server.GrpcService (GrpcService.java:startImpl(158)) - 0eeffcb9-64ff-4e7e-9d73-900b69ee6fe9: GrpcService started, listening on 0.0.0.0/0.0.0.0:38066
2019-10-29 17:14:47,128 [Datanode State Machine Thread - 0] INFO  ratis.XceiverServerRatis (XceiverServerRatis.java:start(429)) - XceiverServerRatis 0eeffcb9-64ff-4e7e-9d73-900b69ee6fe9 is started using port 38066
2019-10-29 17:14:47,129 [Datanode State Machine Thread - 0] INFO  server.XceiverServerGrpc (XceiverServerGrpc.java:start(149)) - XceiverServerGrpc 0eeffcb9-64ff-4e7e-9d73-900b69ee6fe9 is started using port 36064
2019-10-29 17:14:47,138 [main] INFO  ozone.MiniOzoneClusterImpl (MiniOzoneClusterImpl.java:lambda$waitForClusterToBeReady$0(149)) - Waiting for nodes to be ready. Got 0 of 3 DN Heartbeats.
2019-10-29 17:14:47,138 [main] INFO  ozone.MiniOzoneClusterImpl (MiniOzoneClusterImpl.java:lambda$waitForClusterToBeReady$0(152)) - Waiting for cluster to exit safe mode
2019-10-29 17:14:47,144 [Datanode State Machine Thread - 0] INFO  ozoneimpl.OzoneContainer (OzoneContainer.java:start(213)) - Attempting to start container services.
2019-10-29 17:14:47,146 [Datanode State Machine Thread - 0] INFO  ozoneimpl.OzoneContainer (OzoneContainer.java:startContainerScrub(177)) - Background container scanner has been disabled.
2019-10-29 17:14:47,146 [Datanode State Machine Thread - 0] INFO  ratis.XceiverServerRatis (XceiverServerRatis.java:start(419)) - Starting XceiverServerRatis f54c2808-d9c3-4cf5-b20e-01d04cf0372e at port 0
2019-10-29 17:14:47,154 [Datanode State Machine Thread - 0] INFO  impl.RaftServerProxy (RaftServerProxy.java:lambda$start$3(299)) - f54c2808-d9c3-4cf5-b20e-01d04cf0372e: start RPC server
2019-10-29 17:14:47,156 [Datanode State Machine Thread - 0] INFO  server.GrpcService (GrpcService.java:startImpl(158)) - f54c2808-d9c3-4cf5-b20e-01d04cf0372e: GrpcService started, listening on 0.0.0.0/0.0.0.0:42649
2019-10-29 17:14:47,156 [Datanode State Machine Thread - 0] INFO  ratis.XceiverServerRatis (XceiverServerRatis.java:start(429)) - XceiverServerRatis f54c2808-d9c3-4cf5-b20e-01d04cf0372e is started using port 42649
2019-10-29 17:14:47,158 [Datanode State Machine Thread - 0] INFO  server.XceiverServerGrpc (XceiverServerGrpc.java:start(149)) - XceiverServerGrpc f54c2808-d9c3-4cf5-b20e-01d04cf0372e is started using port 38380
2019-10-29 17:14:48,138 [main] INFO  ozone.MiniOzoneClusterImpl (MiniOzoneClusterImpl.java:lambda$waitForClusterToBeReady$0(149)) - Waiting for nodes to be ready. Got 0 of 3 DN Heartbeats.
2019-10-29 17:14:48,139 [main] INFO  ozone.MiniOzoneClusterImpl (MiniOzoneClusterImpl.java:lambda$waitForClusterToBeReady$0(152)) - Waiting for cluster to exit safe mode
2019-10-29 17:14:48,983 [IPC Server handler 1 on 41226] INFO  net.NetworkTopology (NetworkTopologyImpl.java:add(111)) - Added a new node: /default-rack/955f790b-213e-49b0-ab75-435e183c5e0f
2019-10-29 17:14:48,984 [IPC Server handler 1 on 41226] INFO  node.SCMNodeManager (SCMNodeManager.java:register(267)) - Registered Data node : 955f790b-213e-49b0-ab75-435e183c5e0f{ip: 192.168.164.217, host: pr-hdds-2034-76npd-2451761435, networkLocation: /default-rack, certSerialId: null}
2019-10-29 17:14:48,984 [RatisPipelineUtilsThread] INFO  pipeline.RatisPipelineProvider (RatisPipelineProvider.java:lambda$create$4(163)) - Send pipeline:PipelineID=def3589d-4d53-419c-a6da-09384bf62e4c create command to datanode 955f790b-213e-49b0-ab75-435e183c5e0f
2019-10-29 17:14:48,985 [EventQueue-NodeRegistrationContainerReportForContainerSafeModeRule] INFO  safemode.SCMSafeModeManager (SCMSafeModeManager.java:validateSafeModeExitRules(176)) - ContainerSafeModeRule rule is successfully validated
2019-10-29 17:14:48,985 [EventQueue-NodeRegistrationContainerReportForDataNodeSafeModeRule] INFO  safemode.SCMSafeModeManager (DataNodeSafeModeRule.java:process(71)) - SCM in safe mode. 1 DataNodes registered, 1 required.
2019-10-29 17:14:48,986 [EventQueue-NodeRegistrationContainerReportForDataNodeSafeModeRule] INFO  safemode.SCMSafeModeManager (SCMSafeModeManager.java:validateSafeModeExitRules(176)) - DataNodeSafeModeRule rule is successfully validated
2019-10-29 17:14:49,062 [IPC Server handler 2 on 41226] INFO  net.NetworkTopology (NetworkTopologyImpl.java:add(111)) - Added a new node: /default-rack/0eeffcb9-64ff-4e7e-9d73-900b69ee6fe9
2019-10-29 17:14:49,063 [IPC Server handler 2 on 41226] INFO  node.SCMNodeManager (SCMNodeManager.java:register(267)) - Registered Data node : 0eeffcb9-64ff-4e7e-9d73-900b69ee6fe9{ip: 192.168.164.217, host: pr-hdds-2034-76npd-2451761435, networkLocation: /default-rack, certSerialId: null}
2019-10-29 17:14:49,063 [EventQueue-NodeRegistrationContainerReportForDataNodeSafeModeRule] INFO  safemode.SCMSafeModeManager (SCMSafeModeManager.java:validateSafeModeExitRules(176)) - DataNodeSafeModeRule rule is successfully validated
2019-10-29 17:14:49,063 [RatisPipelineUtilsThread] INFO  pipeline.RatisPipelineProvider (RatisPipelineProvider.java:lambda$create$4(163)) - Send pipeline:PipelineID=effc71b6-39ce-463a-81d0-790a4eef98fb create command to datanode 0eeffcb9-64ff-4e7e-9d73-900b69ee6fe9
2019-10-29 17:14:49,063 [EventQueue-NodeRegistrationContainerReportForContainerSafeModeRule] INFO  safemode.SCMSafeModeManager (SCMSafeModeManager.java:validateSafeModeExitRules(176)) - ContainerSafeModeRule rule is successfully validated
2019-10-29 17:14:49,139 [main] INFO  ozone.MiniOzoneClusterImpl (MiniOzoneClusterImpl.java:lambda$waitForClusterToBeReady$0(149)) - Waiting for nodes to be ready. Got 2 of 3 DN Heartbeats.
2019-10-29 17:14:49,140 [main] INFO  ozone.MiniOzoneClusterImpl (MiniOzoneClusterImpl.java:lambda$waitForClusterToBeReady$0(152)) - Waiting for cluster to exit safe mode
2019-10-29 17:14:49,140 [IPC Server handler 3 on 41226] INFO  net.NetworkTopology (NetworkTopologyImpl.java:add(111)) - Added a new node: /default-rack/f54c2808-d9c3-4cf5-b20e-01d04cf0372e
2019-10-29 17:14:49,140 [IPC Server handler 3 on 41226] INFO  node.SCMNodeManager (SCMNodeManager.java:register(267)) - Registered Data node : f54c2808-d9c3-4cf5-b20e-01d04cf0372e{ip: 192.168.164.217, host: pr-hdds-2034-76npd-2451761435, networkLocation: /default-rack, certSerialId: null}
2019-10-29 17:14:49,140 [EventQueue-NodeRegistrationContainerReportForContainerSafeModeRule] INFO  safemode.SCMSafeModeManager (SCMSafeModeManager.java:validateSafeModeExitRules(176)) - ContainerSafeModeRule rule is successfully validated
2019-10-29 17:14:49,140 [RatisPipelineUtilsThread] INFO  pipeline.RatisPipelineProvider (RatisPipelineProvider.java:lambda$create$4(163)) - Send pipeline:PipelineID=221cd338-a43a-4bff-9641-61f7faff0946 create command to datanode f54c2808-d9c3-4cf5-b20e-01d04cf0372e
2019-10-29 17:14:49,141 [EventQueue-NodeRegistrationContainerReportForDataNodeSafeModeRule] INFO  safemode.SCMSafeModeManager (SCMSafeModeManager.java:validateSafeModeExitRules(176)) - DataNodeSafeModeRule rule is successfully validated
2019-10-29 17:14:49,143 [RatisPipelineUtilsThread] INFO  pipeline.RatisPipelineProvider (RatisPipelineProvider.java:lambda$create$4(163)) - Send pipeline:PipelineID=c5ecdeee-63d1-46cc-b2d2-9e188b1ac480 create command to datanode 955f790b-213e-49b0-ab75-435e183c5e0f
2019-10-29 17:14:49,143 [RatisPipelineUtilsThread] INFO  pipeline.RatisPipelineProvider (RatisPipelineProvider.java:lambda$create$4(163)) - Send pipeline:PipelineID=c5ecdeee-63d1-46cc-b2d2-9e188b1ac480 create command to datanode f54c2808-d9c3-4cf5-b20e-01d04cf0372e
2019-10-29 17:14:49,143 [RatisPipelineUtilsThread] INFO  pipeline.RatisPipelineProvider (RatisPipelineProvider.java:lambda$create$4(163)) - Send pipeline:PipelineID=c5ecdeee-63d1-46cc-b2d2-9e188b1ac480 create command to datanode 0eeffcb9-64ff-4e7e-9d73-900b69ee6fe9
2019-10-29 17:14:50,140 [main] INFO  ozone.MiniOzoneClusterImpl (MiniOzoneClusterImpl.java:lambda$waitForClusterToBeReady$0(149)) - Nodes are ready. Got 3 of 3 DN Heartbeats.
2019-10-29 17:14:50,141 [main] INFO  ozone.MiniOzoneClusterImpl (MiniOzoneClusterImpl.java:lambda$waitForClusterToBeReady$0(152)) - Waiting for cluster to exit safe mode
2019-10-29 17:14:51,141 [main] INFO  ozone.MiniOzoneClusterImpl (MiniOzoneClusterImpl.java:lambda$waitForClusterToBeReady$0(149)) - Nodes are ready. Got 3 of 3 DN Heartbeats.
2019-10-29 17:14:51,141 [main] INFO  ozone.MiniOzoneClusterImpl (MiniOzoneClusterImpl.java:lambda$waitForClusterToBeReady$0(152)) - Waiting for cluster to exit safe mode
2019-10-29 17:14:51,974 [Command processor thread] INFO  impl.RaftServerProxy (RaftServerProxy.java:addNew(89)) - 955f790b-213e-49b0-ab75-435e183c5e0f: addNew group-09384BF62E4C:[955f790b-213e-49b0-ab75-435e183c5e0f:192.168.164.217:39224] returns group-09384BF62E4C:java.util.concurrent.CompletableFuture@1ab52f4[Not completed]
2019-10-29 17:14:51,977 [pool-77-thread-1] INFO  impl.RaftServerImpl (RaftServerImpl.java:<init>(98)) - 955f790b-213e-49b0-ab75-435e183c5e0f: new RaftServerImpl for group-09384BF62E4C:[955f790b-213e-49b0-ab75-435e183c5e0f:192.168.164.217:39224] with ContainerStateMachine:uninitialized
2019-10-29 17:14:51,978 [pool-77-thread-1] INFO  server.RaftServerConfigKeys (ConfUtils.java:logGet(43)) - raft.server.rpc.timeout.min = 5s (custom)
2019-10-29 17:14:51,979 [pool-77-thread-1] INFO  server.RaftServerConfigKeys (ConfUtils.java:logGet(43)) - raft.server.rpc.timeout.max = 5200ms (custom)
2019-10-29 17:14:51,979 [pool-77-thread-1] INFO  server.RaftServerConfigKeys (ConfUtils.java:logGet(43)) - raft.server.rpcslowness.timeout = 120s (custom)
2019-10-29 17:14:51,979 [pool-77-thread-1] INFO  server.RaftServerConfigKeys (ConfUtils.java:logGet(43)) - raft.server.sleep.deviation.threshold = 300 (default)
2019-10-29 17:14:51,979 [pool-77-thread-1] INFO  server.RaftServerConfigKeys (ConfUtils.java:logGet(43)) - raft.server.log.appender.install.snapshot.enabled = false (custom)
2019-10-29 17:14:51,979 [pool-77-thread-1] INFO  impl.RaftServerImpl (ServerState.java:<init>(103)) - 955f790b-213e-49b0-ab75-435e183c5e0f@group-09384BF62E4C: ConfigurationManager, init=-1: [955f790b-213e-49b0-ab75-435e183c5e0f:192.168.164.217:39224], old=null, confs=<EMPTY_MAP>
2019-10-29 17:14:51,980 [pool-77-thread-1] INFO  server.RaftServerConfigKeys (ConfUtils.java:logGet(43)) - raft.server.storage.dir = [/workdir/hadoop-ozone/integration-test/target/test-dir/MiniOzoneClusterImpl-46368c21-8946-4203-bc0e-a2a0469d6ddc/datanode-0/data/ratis] (custom)
2019-10-29 17:14:51,980 [pool-77-thread-1] INFO  server.RaftServerConfigKeys (ConfUtils.java:logGet(43)) - raft.server.log.corruption.policy = EXCEPTION (default)
2019-10-29 17:14:51,980 [pool-77-thread-1] INFO  storage.RaftStorageDirectory (RaftStorageDirectory.java:analyzeStorage(246)) - The storage directory /workdir/hadoop-ozone/integration-test/target/test-dir/MiniOzoneClusterImpl-46368c21-8946-4203-bc0e-a2a0469d6ddc/datanode-0/data/ratis/def3589d-4d53-419c-a6da-09384bf62e4c does not exist. Creating ...
2019-10-29 17:14:52,006 [pool-77-thread-1] INFO  storage.RaftStorageDirectory (RaftStorageDirectory.java:tryLock(328)) - Lock on /workdir/hadoop-ozone/integration-test/target/test-dir/MiniOzoneClusterImpl-46368c21-8946-4203-bc0e-a2a0469d6ddc/datanode-0/data/ratis/def3589d-4d53-419c-a6da-09384bf62e4c/in_use.lock acquired by nodename 12415@pr-hdds-2034-76npd-2451761435
2019-10-29 17:14:52,019 [pool-77-thread-1] INFO  storage.RaftStorage (RaftStorage.java:format(84)) - Storage directory /workdir/hadoop-ozone/integration-test/target/test-dir/MiniOzoneClusterImpl-46368c21-8946-4203-bc0e-a2a0469d6ddc/datanode-0/data/ratis/def3589d-4d53-419c-a6da-09384bf62e4c has been successfully formatted.
2019-10-29 17:14:52,020 [pool-77-thread-1] INFO  ratis.ContainerStateMachine (ContainerStateMachine.java:loadSnapshot(231)) - group-09384BF62E4C: The snapshot info is null. Setting the last applied indexto:(t:0, i:~)
2019-10-29 17:14:52,020 [pool-77-thread-1] INFO  server.RaftServerConfigKeys (ConfUtils.java:logGet(43)) - raft.server.notification.no-leader.timeout = 120s (custom)
2019-10-29 17:14:52,020 [pool-77-thread-1] INFO  server.RaftServerConfigKeys (ConfUtils.java:logGet(43)) - raft.server.log.use.memory = false (default)
2019-10-29 17:14:52,020 [pool-77-thread-1] INFO  server.RaftServerConfigKeys (ConfUtils.java:logGet(43)) - raft.server.log.purge.gap = 1000000 (custom)
2019-10-29 17:14:52,020 [pool-77-thread-1] INFO  server.RaftServerConfigKeys (ConfUtils.java:logGet(43)) - raft.server.log.appender.buffer.byte-limit = 33554432 (custom)
2019-10-29 17:14:52,021 [pool-77-thread-1] INFO  server.RaftServerConfigKeys (ConfUtils.java:logGet(43)) - raft.server.log.segment.size.max = 1048576 (custom)
2019-10-29 17:14:52,021 [pool-77-thread-1] WARN  impl.MetricRegistriesImpl (MetricRegistriesImpl.java:lambda$create$1(61)) - First MetricRegistry has been created without registering reporters. You may need to call MetricRegistries.global().addReportRegistration(...) before.
2019-10-29 17:14:52,021 [pool-77-thread-1] INFO  server.RaftServerConfigKeys (ConfUtils.java:logGet(43)) - raft.server.log.segment.cache.num.max = 2 (custom)
2019-10-29 17:14:52,021 [pool-77-thread-1] INFO  segmented.SegmentedRaftLogWorker (SegmentedRaftLogWorker.java:<init>(173)) - new 955f790b-213e-49b0-ab75-435e183c5e0f@group-09384BF62E4C-SegmentedRaftLogWorker for RaftStorage:Storage Directory /workdir/hadoop-ozone/integration-test/target/test-dir/MiniOzoneClusterImpl-46368c21-8946-4203-bc0e-a2a0469d6ddc/datanode-0/data/ratis/def3589d-4d53-419c-a6da-09384bf62e4c
2019-10-29 17:14:52,021 [pool-77-thread-1] INFO  server.RaftServerConfigKeys (ConfUtils.java:logGet(43)) - raft.server.log.queue.byte-limit = 2147483647 (custom)
2019-10-29 17:14:52,021 [pool-77-thread-1] INFO  server.RaftServerConfigKeys (ConfUtils.java:logGet(43)) - raft.server.log.queue.element-limit = 1024 (custom)
2019-10-29 17:14:52,022 [pool-77-thread-1] INFO  server.RaftServerConfigKeys (ConfUtils.java:logGet(43)) - raft.server.log.segment.size.max = 1048576 (custom)
2019-10-29 17:14:52,022 [pool-77-thread-1] INFO  server.RaftServerConfigKeys (ConfUtils.java:logGet(43)) - raft.server.log.preallocated.size = 16384 (custom)
2019-10-29 17:14:52,022 [pool-77-thread-1] INFO  server.RaftServerConfigKeys (ConfUtils.java:logGet(43)) - raft.server.log.write.buffer.size = 33554432 (custom)
2019-10-29 17:14:52,022 [pool-77-thread-1] INFO  server.RaftServerConfigKeys (ConfUtils.java:logGet(43)) - raft.server.log.force.sync.num = 128 (default)
2019-10-29 17:14:52,022 [pool-77-thread-1] INFO  server.RaftServerConfigKeys (ConfUtils.java:logGet(43)) - raft.server.log.statemachine.data.sync = true (default)
2019-10-29 17:14:52,022 [pool-77-thread-1] INFO  server.RaftServerConfigKeys (ConfUtils.java:logGet(43)) - raft.server.log.statemachine.data.sync.timeout = 10s (default)
2019-10-29 17:14:52,023 [pool-77-thread-1] INFO  server.RaftServerConfigKeys (ConfUtils.java:logGet(43)) - raft.server.log.statemachine.data.sync.timeout.retry = -1 (default)
2019-10-29 17:14:52,023 [pool-77-thread-1] INFO  server.RaftServerConfigKeys (ConfUtils.java:logGet(43)) - raft.server.log.statemachine.data.caching.enabled = true (custom)
2019-10-29 17:14:52,023 [pool-77-thread-1] INFO  segmented.SegmentedRaftLogWorker (SegmentedRaftLogWorker.java:lambda$new$0(128)) - 955f790b-213e-49b0-ab75-435e183c5e0f@group-09384BF62E4C-SegmentedRaftLogWorker: flushIndex: setUnconditionally 0 -> -1
2019-10-29 17:14:52,024 [pool-77-thread-1] INFO  server.RaftServerConfigKeys (ConfUtils.java:logGet(43)) - raft.server.snapshot.auto.trigger.enabled = true (custom)
2019-10-29 17:14:52,024 [pool-77-thread-1] INFO  server.RaftServerConfigKeys (ConfUtils.java:logGet(43)) - raft.server.snapshot.auto.trigger.threshold = 10000 (custom)
2019-10-29 17:14:52,024 [pool-77-thread-1] INFO  server.RaftServerConfigKeys (ConfUtils.java:logGet(43)) - raft.server.snapshot.retention.file.num = 5 (custom)
2019-10-29 17:14:52,024 [pool-77-thread-1] INFO  server.RaftServerConfigKeys (ConfUtils.java:logGet(43)) - raft.server.retrycache.expirytime = 600000ms (custom)
2019-10-29 17:14:52,025 [pool-77-thread-1] WARN  impl.MetricRegistriesImpl (MetricRegistriesImpl.java:lambda$create$1(61)) - First MetricRegistry has been created without registering reporters. You may need to call MetricRegistries.global().addReportRegistration(...) before.
2019-10-29 17:14:52,025 [pool-77-thread-1] WARN  impl.MetricRegistriesImpl (MetricRegistriesImpl.java:lambda$create$1(61)) - First MetricRegistry has been created without registering reporters. You may need to call MetricRegistries.global().addReportRegistration(...) before.
2019-10-29 17:14:52,025 [pool-77-thread-1] INFO  impl.RaftServerImpl (RaftServerImpl.java:start(184)) - 955f790b-213e-49b0-ab75-435e183c5e0f@group-09384BF62E4C: start as a follower, conf=-1: [955f790b-213e-49b0-ab75-435e183c5e0f:192.168.164.217:39224], old=null
2019-10-29 17:14:52,025 [pool-77-thread-1] INFO  impl.RaftServerImpl (RaftServerImpl.java:setRole(173)) - 955f790b-213e-49b0-ab75-435e183c5e0f@group-09384BF62E4C: changes role from      null to FOLLOWER at term 0 for startAsFollower
2019-10-29 17:14:52,025 [pool-77-thread-1] INFO  impl.RoleInfo (RoleInfo.java:updateAndGet(143)) - 955f790b-213e-49b0-ab75-435e183c5e0f: start FollowerState
2019-10-29 17:14:52,027 [pool-77-thread-1] INFO  util.JmxRegister (JmxRegister.java:tryRegister(44)) - Successfully registered JMX Bean with object name Ratis:service=RaftServer,group=group-09384BF62E4C,id=955f790b-213e-49b0-ab75-435e183c5e0f
2019-10-29 17:14:52,027 [pool-77-thread-1] WARN  impl.MetricRegistriesImpl (MetricRegistriesImpl.java:lambda$create$1(61)) - First MetricRegistry has been created without registering reporters. You may need to call MetricRegistries.global().addReportRegistration(...) before.
2019-10-29 17:14:52,028 [Command processor thread] INFO  commandhandler.CreatePipelineCommandHandler (CreatePipelineCommandHandler.java:handle(86)) - Create Pipeline RATIS ONE #id: "def3589d-4d53-419c-a6da-09384bf62e4c"
 command succeed on datanode 955f790b-213e-49b0-ab75-435e183c5e0f.
2019-10-29 17:14:52,030 [Command processor thread] INFO  impl.RaftServerProxy (RaftServerProxy.java:addNew(89)) - 955f790b-213e-49b0-ab75-435e183c5e0f: addNew group-9E188B1AC480:[f54c2808-d9c3-4cf5-b20e-01d04cf0372e:192.168.164.217:42649, 955f790b-213e-49b0-ab75-435e183c5e0f:192.168.164.217:39224, 0eeffcb9-64ff-4e7e-9d73-900b69ee6fe9:192.168.164.217:38066] returns group-9E188B1AC480:java.util.concurrent.CompletableFuture@594c619[Not completed]
2019-10-29 17:14:52,031 [EventQueue-PipelineReportForPipelineReportHandler] INFO  pipeline.PipelineReportHandler (PipelineReportHandler.java:processPipelineReport(104)) - Pipeline ONE PipelineID=def3589d-4d53-419c-a6da-09384bf62e4c reported by 955f790b-213e-49b0-ab75-435e183c5e0f{ip: 192.168.164.217, host: pr-hdds-2034-76npd-2451761435, networkLocation: /default-rack, certSerialId: null}
2019-10-29 17:14:52,031 [EventQueue-PipelineReportForPipelineReportHandler] INFO  pipeline.PipelineStateManager (PipelineStateManager.java:openPipeline(134)) - Pipeline Pipeline[ Id: def3589d-4d53-419c-a6da-09384bf62e4c, Nodes: 955f790b-213e-49b0-ab75-435e183c5e0f{ip: 192.168.164.217, host: pr-hdds-2034-76npd-2451761435, networkLocation: /default-rack, certSerialId: null}, Type:RATIS, Factor:ONE, State:ALLOCATED] moved to OPEN state
2019-10-29 17:14:52,031 [pool-77-thread-1] INFO  impl.RaftServerImpl (RaftServerImpl.java:<init>(98)) - 955f790b-213e-49b0-ab75-435e183c5e0f: new RaftServerImpl for group-9E188B1AC480:[f54c2808-d9c3-4cf5-b20e-01d04cf0372e:192.168.164.217:42649, 955f790b-213e-49b0-ab75-435e183c5e0f:192.168.164.217:39224, 0eeffcb9-64ff-4e7e-9d73-900b69ee6fe9:192.168.164.217:38066] with ContainerStateMachine:uninitialized
2019-10-29 17:14:52,031 [pool-77-thread-1] INFO  server.RaftServerConfigKeys (ConfUtils.java:logGet(43)) - raft.server.rpc.timeout.min = 5s (custom)
2019-10-29 17:14:52,032 [pool-77-thread-1] INFO  server.RaftServerConfigKeys (ConfUtils.java:logGet(43)) - raft.server.rpc.timeout.max = 5200ms (custom)
2019-10-29 17:14:52,033 [pool-77-thread-1] INFO  server.RaftServerConfigKeys (ConfUtils.java:logGet(43)) - raft.server.rpcslowness.timeout = 120s (custom)
2019-10-29 17:14:52,033 [EventQueue-OpenPipelineForHealthyPipelineSafeModeRule] INFO  safemode.SCMSafeModeManager (HealthyPipelineSafeModeRule.java:process(125)) - SCM in safe mode. Healthy pipelines reported count is 0, required healthy pipeline reported count is 1
2019-10-29 17:14:52,033 [pool-77-thread-1] INFO  server.RaftServerConfigKeys (ConfUtils.java:logGet(43)) - raft.server.sleep.deviation.threshold = 300 (default)
2019-10-29 17:14:52,033 [EventQueue-OpenPipelineForOneReplicaPipelineSafeModeRule] INFO  safemode.SCMSafeModeManager (SCMSafeModeManager.java:validateSafeModeExitRules(176)) - AtleastOneDatanodeReportedRule rule is successfully validated
2019-10-29 17:14:52,033 [pool-77-thread-1] INFO  server.RaftServerConfigKeys (ConfUtils.java:logGet(43)) - raft.server.log.appender.install.snapshot.enabled = false (custom)
2019-10-29 17:14:52,033 [pool-77-thread-1] INFO  impl.RaftServerImpl (ServerState.java:<init>(103)) - 955f790b-213e-49b0-ab75-435e183c5e0f@group-9E188B1AC480: ConfigurationManager, init=-1: [f54c2808-d9c3-4cf5-b20e-01d04cf0372e:192.168.164.217:42649, 955f790b-213e-49b0-ab75-435e183c5e0f:192.168.164.217:39224, 0eeffcb9-64ff-4e7e-9d73-900b69ee6fe9:192.168.164.217:38066], old=null, confs=<EMPTY_MAP>
2019-10-29 17:14:52,033 [pool-77-thread-1] INFO  server.RaftServerConfigKeys (ConfUtils.java:logGet(43)) - raft.server.storage.dir = [/workdir/hadoop-ozone/integration-test/target/test-dir/MiniOzoneClusterImpl-46368c21-8946-4203-bc0e-a2a0469d6ddc/datanode-0/data/ratis] (custom)
2019-10-29 17:14:52,034 [pool-77-thread-1] INFO  server.RaftServerConfigKeys (ConfUtils.java:logGet(43)) - raft.server.log.corruption.policy = EXCEPTION (default)
2019-10-29 17:14:52,034 [pool-77-thread-1] INFO  storage.RaftStorageDirectory (RaftStorageDirectory.java:analyzeStorage(246)) - The storage directory /workdir/hadoop-ozone/integration-test/target/test-dir/MiniOzoneClusterImpl-46368c21-8946-4203-bc0e-a2a0469d6ddc/datanode-0/data/ratis/c5ecdeee-63d1-46cc-b2d2-9e188b1ac480 does not exist. Creating ...
2019-10-29 17:14:52,046 [pool-77-thread-1] INFO  storage.RaftStorageDirectory (RaftStorageDirectory.java:tryLock(328)) - Lock on /workdir/hadoop-ozone/integration-test/target/test-dir/MiniOzoneClusterImpl-46368c21-8946-4203-bc0e-a2a0469d6ddc/datanode-0/data/ratis/c5ecdeee-63d1-46cc-b2d2-9e188b1ac480/in_use.lock acquired by nodename 12415@pr-hdds-2034-76npd-2451761435
2019-10-29 17:14:52,059 [pool-77-thread-1] INFO  storage.RaftStorage (RaftStorage.java:format(84)) - Storage directory /workdir/hadoop-ozone/integration-test/target/test-dir/MiniOzoneClusterImpl-46368c21-8946-4203-bc0e-a2a0469d6ddc/datanode-0/data/ratis/c5ecdeee-63d1-46cc-b2d2-9e188b1ac480 has been successfully formatted.
2019-10-29 17:14:52,059 [pool-77-thread-1] INFO  ratis.ContainerStateMachine (ContainerStateMachine.java:loadSnapshot(231)) - group-9E188B1AC480: The snapshot info is null. Setting the last applied indexto:(t:0, i:~)
2019-10-29 17:14:52,059 [pool-77-thread-1] INFO  server.RaftServerConfigKeys (ConfUtils.java:logGet(43)) - raft.server.notification.no-leader.timeout = 120s (custom)
2019-10-29 17:14:52,059 [pool-77-thread-1] INFO  server.RaftServerConfigKeys (ConfUtils.java:logGet(43)) - raft.server.log.use.memory = false (default)
2019-10-29 17:14:52,060 [pool-77-thread-1] INFO  server.RaftServerConfigKeys (ConfUtils.java:logGet(43)) - raft.server.log.purge.gap = 1000000 (custom)
2019-10-29 17:14:52,060 [pool-77-thread-1] INFO  server.RaftServerConfigKeys (ConfUtils.java:logGet(43)) - raft.server.log.appender.buffer.byte-limit = 33554432 (custom)
2019-10-29 17:14:52,060 [pool-77-thread-1] INFO  server.RaftServerConfigKeys (ConfUtils.java:logGet(43)) - raft.server.log.segment.size.max = 1048576 (custom)
2019-10-29 17:14:52,060 [pool-77-thread-1] INFO  server.RaftServerConfigKeys (ConfUtils.java:logGet(43)) - raft.server.log.segment.cache.num.max = 2 (custom)
2019-10-29 17:14:52,060 [pool-77-thread-1] INFO  segmented.SegmentedRaftLogWorker (SegmentedRaftLogWorker.java:<init>(173)) - new 955f790b-213e-49b0-ab75-435e183c5e0f@group-9E188B1AC480-SegmentedRaftLogWorker for RaftStorage:Storage Directory /workdir/hadoop-ozone/integration-test/target/test-dir/MiniOzoneClusterImpl-46368c21-8946-4203-bc0e-a2a0469d6ddc/datanode-0/data/ratis/c5ecdeee-63d1-46cc-b2d2-9e188b1ac480
2019-10-29 17:14:52,060 [pool-77-thread-1] INFO  server.RaftServerConfigKeys (ConfUtils.java:logGet(43)) - raft.server.log.queue.byte-limit = 2147483647 (custom)
2019-10-29 17:14:52,061 [pool-77-thread-1] INFO  server.RaftServerConfigKeys (ConfUtils.java:logGet(43)) - raft.server.log.queue.element-limit = 1024 (custom)
2019-10-29 17:14:52,061 [pool-77-thread-1] INFO  server.RaftServerConfigKeys (ConfUtils.java:logGet(43)) - raft.server.log.segment.size.max = 1048576 (custom)
2019-10-29 17:14:52,061 [pool-77-thread-1] INFO  server.RaftServerConfigKeys (ConfUtils.java:logGet(43)) - raft.server.log.preallocated.size = 16384 (custom)
2019-10-29 17:14:52,061 [pool-77-thread-1] INFO  server.RaftServerConfigKeys (ConfUtils.java:logGet(43)) - raft.server.log.write.buffer.size = 33554432 (custom)
2019-10-29 17:14:52,061 [pool-77-thread-1] INFO  server.RaftServerConfigKeys (ConfUtils.java:logGet(43)) - raft.server.log.force.sync.num = 128 (default)
2019-10-29 17:14:52,061 [pool-77-thread-1] INFO  server.RaftServerConfigKeys (ConfUtils.java:logGet(43)) - raft.server.log.statemachine.data.sync = true (default)
2019-10-29 17:14:52,062 [pool-77-thread-1] INFO  server.RaftServerConfigKeys (ConfUtils.java:logGet(43)) - raft.server.log.statemachine.data.sync.timeout = 10s (default)
2019-10-29 17:14:52,062 [pool-77-thread-1] INFO  server.RaftServerConfigKeys (ConfUtils.java:logGet(43)) - raft.server.log.statemachine.data.sync.timeout.retry = -1 (default)
2019-10-29 17:14:52,063 [Command processor thread] INFO  impl.RaftServerProxy (RaftServerProxy.java:addNew(89)) - 0eeffcb9-64ff-4e7e-9d73-900b69ee6fe9: addNew group-790A4EEF98FB:[0eeffcb9-64ff-4e7e-9d73-900b69ee6fe9:192.168.164.217:38066] returns group-790A4EEF98FB:java.util.concurrent.CompletableFuture@70f094bd[Not completed]
2019-10-29 17:14:52,063 [pool-77-thread-1] INFO  server.RaftServerConfigKeys (ConfUtils.java:logGet(43)) - raft.server.log.statemachine.data.caching.enabled = true (custom)
2019-10-29 17:14:52,063 [pool-77-thread-1] INFO  segmented.SegmentedRaftLogWorker (SegmentedRaftLogWorker.java:lambda$new$0(128)) - 955f790b-213e-49b0-ab75-435e183c5e0f@group-9E188B1AC480-SegmentedRaftLogWorker: flushIndex: setUnconditionally 0 -> -1
2019-10-29 17:14:52,063 [pool-77-thread-1] INFO  server.RaftServerConfigKeys (ConfUtils.java:logGet(43)) - raft.server.snapshot.auto.trigger.enabled = true (custom)
2019-10-29 17:14:52,064 [pool-77-thread-1] INFO  server.RaftServerConfigKeys (ConfUtils.java:logGet(43)) - raft.server.snapshot.auto.trigger.threshold = 10000 (custom)
2019-10-29 17:14:52,064 [pool-77-thread-1] INFO  server.RaftServerConfigKeys (ConfUtils.java:logGet(43)) - raft.server.snapshot.retention.file.num = 5 (custom)
2019-10-29 17:14:52,064 [pool-77-thread-1] INFO  server.RaftServerConfigKeys (ConfUtils.java:logGet(43)) - raft.server.retrycache.expirytime = 600000ms (custom)
2019-10-29 17:14:52,064 [pool-77-thread-1] WARN  impl.MetricRegistriesImpl (MetricRegistriesImpl.java:lambda$create$1(61)) - First MetricRegistry has been created without registering reporters. You may need to call MetricRegistries.global().addReportRegistration(...) before.
2019-10-29 17:14:52,064 [pool-77-thread-1] WARN  impl.MetricRegistriesImpl (MetricRegistriesImpl.java:lambda$create$1(61)) - First MetricRegistry has been created without registering reporters. You may need to call MetricRegistries.global().addReportRegistration(...) before.
2019-10-29 17:14:52,064 [pool-87-thread-1] INFO  impl.RaftServerImpl (RaftServerImpl.java:<init>(98)) - 0eeffcb9-64ff-4e7e-9d73-900b69ee6fe9: new RaftServerImpl for group-790A4EEF98FB:[0eeffcb9-64ff-4e7e-9d73-900b69ee6fe9:192.168.164.217:38066] with ContainerStateMachine:uninitialized
2019-10-29 17:14:52,064 [pool-77-thread-1] INFO  impl.RaftServerImpl (RaftServerImpl.java:start(184)) - 955f790b-213e-49b0-ab75-435e183c5e0f@group-9E188B1AC480: start as a follower, conf=-1: [f54c2808-d9c3-4cf5-b20e-01d04cf0372e:192.168.164.217:42649, 955f790b-213e-49b0-ab75-435e183c5e0f:192.168.164.217:39224, 0eeffcb9-64ff-4e7e-9d73-900b69ee6fe9:192.168.164.217:38066], old=null
2019-10-29 17:14:52,065 [pool-77-thread-1] INFO  impl.RaftServerImpl (RaftServerImpl.java:setRole(173)) - 955f790b-213e-49b0-ab75-435e183c5e0f@group-9E188B1AC480: changes role from      null to FOLLOWER at term 0 for startAsFollower
2019-10-29 17:14:52,065 [pool-87-thread-1] INFO  server.RaftServerConfigKeys (ConfUtils.java:logGet(43)) - raft.server.rpc.timeout.min = 5s (custom)
2019-10-29 17:14:52,066 [pool-77-thread-1] INFO  impl.RoleInfo (RoleInfo.java:updateAndGet(143)) - 955f790b-213e-49b0-ab75-435e183c5e0f: start FollowerState
2019-10-29 17:14:52,066 [pool-87-thread-1] INFO  server.RaftServerConfigKeys (ConfUtils.java:logGet(43)) - raft.server.rpc.timeout.max = 5200ms (custom)
2019-10-29 17:14:52,066 [pool-87-thread-1] INFO  server.RaftServerConfigKeys (ConfUtils.java:logGet(43)) - raft.server.rpcslowness.timeout = 120s (custom)
2019-10-29 17:14:52,066 [pool-77-thread-1] INFO  util.JmxRegister (JmxRegister.java:tryRegister(44)) - Successfully registered JMX Bean with object name Ratis:service=RaftServer,group=group-9E188B1AC480,id=955f790b-213e-49b0-ab75-435e183c5e0f
2019-10-29 17:14:52,066 [pool-87-thread-1] INFO  server.RaftServerConfigKeys (ConfUtils.java:logGet(43)) - raft.server.sleep.deviation.threshold = 300 (default)
2019-10-29 17:14:52,066 [pool-77-thread-1] WARN  impl.MetricRegistriesImpl (MetricRegistriesImpl.java:lambda$create$1(61)) - First MetricRegistry has been created without registering reporters. You may need to call MetricRegistries.global().addReportRegistration(...) before.
2019-10-29 17:14:52,066 [pool-87-thread-1] INFO  server.RaftServerConfigKeys (ConfUtils.java:logGet(43)) - raft.server.log.appender.install.snapshot.enabled = false (custom)
2019-10-29 17:14:52,067 [pool-87-thread-1] INFO  impl.RaftServerImpl (ServerState.java:<init>(103)) - 0eeffcb9-64ff-4e7e-9d73-900b69ee6fe9@group-790A4EEF98FB: ConfigurationManager, init=-1: [0eeffcb9-64ff-4e7e-9d73-900b69ee6fe9:192.168.164.217:38066], old=null, confs=<EMPTY_MAP>
2019-10-29 17:14:52,067 [pool-87-thread-1] INFO  server.RaftServerConfigKeys (ConfUtils.java:logGet(43)) - raft.server.storage.dir = [/workdir/hadoop-ozone/integration-test/target/test-dir/MiniOzoneClusterImpl-46368c21-8946-4203-bc0e-a2a0469d6ddc/datanode-1/data/ratis] (custom)
2019-10-29 17:14:52,067 [Command processor thread] INFO  commandhandler.CreatePipelineCommandHandler (CreatePipelineCommandHandler.java:handle(86)) - Create Pipeline RATIS THREE #id: "c5ecdeee-63d1-46cc-b2d2-9e188b1ac480"
 command succeed on datanode 955f790b-213e-49b0-ab75-435e183c5e0f.
2019-10-29 17:14:52,067 [pool-87-thread-1] INFO  server.RaftServerConfigKeys (ConfUtils.java:logGet(43)) - raft.server.log.corruption.policy = EXCEPTION (default)
2019-10-29 17:14:52,068 [pool-87-thread-1] INFO  storage.RaftStorageDirectory (RaftStorageDirectory.java:analyzeStorage(246)) - The storage directory /workdir/hadoop-ozone/integration-test/target/test-dir/MiniOzoneClusterImpl-46368c21-8946-4203-bc0e-a2a0469d6ddc/datanode-1/data/ratis/effc71b6-39ce-463a-81d0-790a4eef98fb does not exist. Creating ...
2019-10-29 17:14:52,069 [EventQueue-PipelineReportForPipelineReportHandler] INFO  pipeline.PipelineReportHandler (PipelineReportHandler.java:processPipelineReport(104)) - Pipeline THREE PipelineID=c5ecdeee-63d1-46cc-b2d2-9e188b1ac480 reported by 955f790b-213e-49b0-ab75-435e183c5e0f{ip: 192.168.164.217, host: pr-hdds-2034-76npd-2451761435, networkLocation: /default-rack, certSerialId: null}
2019-10-29 17:14:52,069 [EventQueue-OpenPipelineForOneReplicaPipelineSafeModeRule] INFO  safemode.SCMSafeModeManager (SCMSafeModeManager.java:validateSafeModeExitRules(176)) - AtleastOneDatanodeReportedRule rule is successfully validated
2019-10-29 17:14:52,069 [EventQueue-OpenPipelineForHealthyPipelineSafeModeRule] INFO  safemode.SCMSafeModeManager (HealthyPipelineSafeModeRule.java:process(125)) - SCM in safe mode. Healthy pipelines reported count is 1, required healthy pipeline reported count is 1
2019-10-29 17:14:52,069 [EventQueue-OpenPipelineForHealthyPipelineSafeModeRule] INFO  safemode.SCMSafeModeManager (SCMSafeModeManager.java:validateSafeModeExitRules(176)) - HealthyPipelineSafeModeRule rule is successfully validated
2019-10-29 17:14:52,070 [EventQueue-OpenPipelineForHealthyPipelineSafeModeRule] INFO  safemode.SCMSafeModeManager (SCMSafeModeManager.java:validateSafeModeExitRules(185)) - ScmSafeModeManager, all rules are successfully validated
2019-10-29 17:14:52,070 [EventQueue-OpenPipelineForHealthyPipelineSafeModeRule] INFO  safemode.SCMSafeModeManager (SCMSafeModeManager.java:exitSafeMode(201)) - SCM exiting safe mode.
2019-10-29 17:14:52,080 [pool-87-thread-1] INFO  storage.RaftStorageDirectory (RaftStorageDirectory.java:tryLock(328)) - Lock on /workdir/hadoop-ozone/integration-test/target/test-dir/MiniOzoneClusterImpl-46368c21-8946-4203-bc0e-a2a0469d6ddc/datanode-1/data/ratis/effc71b6-39ce-463a-81d0-790a4eef98fb/in_use.lock acquired by nodename 12415@pr-hdds-2034-76npd-2451761435
2019-10-29 17:14:52,093 [pool-87-thread-1] INFO  storage.RaftStorage (RaftStorage.java:format(84)) - Storage directory /workdir/hadoop-ozone/integration-test/target/test-dir/MiniOzoneClusterImpl-46368c21-8946-4203-bc0e-a2a0469d6ddc/datanode-1/data/ratis/effc71b6-39ce-463a-81d0-790a4eef98fb has been successfully formatted.
2019-10-29 17:14:52,094 [pool-87-thread-1] INFO  ratis.ContainerStateMachine (ContainerStateMachine.java:loadSnapshot(231)) - group-790A4EEF98FB: The snapshot info is null. Setting the last applied indexto:(t:0, i:~)
2019-10-29 17:14:52,094 [pool-87-thread-1] INFO  server.RaftServerConfigKeys (ConfUtils.java:logGet(43)) - raft.server.notification.no-leader.timeout = 120s (custom)
2019-10-29 17:14:52,094 [pool-87-thread-1] INFO  server.RaftServerConfigKeys (ConfUtils.java:logGet(43)) - raft.server.log.use.memory = false (default)
2019-10-29 17:14:52,094 [pool-87-thread-1] INFO  server.RaftServerConfigKeys (ConfUtils.java:logGet(43)) - raft.server.log.purge.gap = 1000000 (custom)
2019-10-29 17:14:52,095 [pool-87-thread-1] INFO  server.RaftServerConfigKeys (ConfUtils.java:logGet(43)) - raft.server.log.appender.buffer.byte-limit = 33554432 (custom)
2019-10-29 17:14:52,095 [pool-87-thread-1] INFO  server.RaftServerConfigKeys (ConfUtils.java:logGet(43)) - raft.server.log.segment.size.max = 1048576 (custom)
2019-10-29 17:14:52,095 [pool-87-thread-1] WARN  impl.MetricRegistriesImpl (MetricRegistriesImpl.java:lambda$create$1(61)) - First MetricRegistry has been created without registering reporters. You may need to call MetricRegistries.global().addReportRegistration(...) before.
2019-10-29 17:14:52,095 [pool-87-thread-1] INFO  server.RaftServerConfigKeys (ConfUtils.java:logGet(43)) - raft.server.log.segment.cache.num.max = 2 (custom)
2019-10-29 17:14:52,095 [pool-87-thread-1] INFO  segmented.SegmentedRaftLogWorker (SegmentedRaftLogWorker.java:<init>(173)) - new 0eeffcb9-64ff-4e7e-9d73-900b69ee6fe9@group-790A4EEF98FB-SegmentedRaftLogWorker for RaftStorage:Storage Directory /workdir/hadoop-ozone/integration-test/target/test-dir/MiniOzoneClusterImpl-46368c21-8946-4203-bc0e-a2a0469d6ddc/datanode-1/data/ratis/effc71b6-39ce-463a-81d0-790a4eef98fb
2019-10-29 17:14:52,095 [pool-87-thread-1] INFO  server.RaftServerConfigKeys (ConfUtils.java:logGet(43)) - raft.server.log.queue.byte-limit = 2147483647 (custom)
2019-10-29 17:14:52,096 [pool-87-thread-1] INFO  server.RaftServerConfigKeys (ConfUtils.java:logGet(43)) - raft.server.log.queue.element-limit = 1024 (custom)
2019-10-29 17:14:52,096 [pool-87-thread-1] INFO  server.RaftServerConfigKeys (ConfUtils.java:logGet(43)) - raft.server.log.segment.size.max = 1048576 (custom)
2019-10-29 17:14:52,096 [pool-87-thread-1] INFO  server.RaftServerConfigKeys (ConfUtils.java:logGet(43)) - raft.server.log.preallocated.size = 16384 (custom)
2019-10-29 17:14:52,096 [pool-87-thread-1] INFO  server.RaftServerConfigKeys (ConfUtils.java:logGet(43)) - raft.server.log.write.buffer.size = 33554432 (custom)
2019-10-29 17:14:52,096 [pool-87-thread-1] INFO  server.RaftServerConfigKeys (ConfUtils.java:logGet(43)) - raft.server.log.force.sync.num = 128 (default)
2019-10-29 17:14:52,096 [pool-87-thread-1] INFO  server.RaftServerConfigKeys (ConfUtils.java:logGet(43)) - raft.server.log.statemachine.data.sync = true (default)
2019-10-29 17:14:52,096 [pool-87-thread-1] INFO  server.RaftServerConfigKeys (ConfUtils.java:logGet(43)) - raft.server.log.statemachine.data.sync.timeout = 10s (default)
2019-10-29 17:14:52,097 [pool-87-thread-1] INFO  server.RaftServerConfigKeys (ConfUtils.java:logGet(43)) - raft.server.log.statemachine.data.sync.timeout.retry = -1 (default)
2019-10-29 17:14:52,097 [pool-87-thread-1] INFO  server.RaftServerConfigKeys (ConfUtils.java:logGet(43)) - raft.server.log.statemachine.data.caching.enabled = true (custom)
2019-10-29 17:14:52,097 [pool-87-thread-1] INFO  segmented.SegmentedRaftLogWorker (SegmentedRaftLogWorker.java:lambda$new$0(128)) - 0eeffcb9-64ff-4e7e-9d73-900b69ee6fe9@group-790A4EEF98FB-SegmentedRaftLogWorker: flushIndex: setUnconditionally 0 -> -1
2019-10-29 17:14:52,098 [pool-87-thread-1] INFO  server.RaftServerConfigKeys (ConfUtils.java:logGet(43)) - raft.server.snapshot.auto.trigger.enabled = true (custom)
2019-10-29 17:14:52,098 [pool-87-thread-1] INFO  server.RaftServerConfigKeys (ConfUtils.java:logGet(43)) - raft.server.snapshot.auto.trigger.threshold = 10000 (custom)
2019-10-29 17:14:52,098 [pool-87-thread-1] INFO  server.RaftServerConfigKeys (ConfUtils.java:logGet(43)) - raft.server.snapshot.retention.file.num = 5 (custom)
2019-10-29 17:14:52,098 [pool-87-thread-1] INFO  server.RaftServerConfigKeys (ConfUtils.java:logGet(43)) - raft.server.retrycache.expirytime = 600000ms (custom)
2019-10-29 17:14:52,098 [pool-87-thread-1] WARN  impl.MetricRegistriesImpl (MetricRegistriesImpl.java:lambda$create$1(61)) - First MetricRegistry has been created without registering reporters. You may need to call MetricRegistries.global().addReportRegistration(...) before.
2019-10-29 17:14:52,098 [pool-87-thread-1] WARN  impl.MetricRegistriesImpl (MetricRegistriesImpl.java:lambda$create$1(61)) - First MetricRegistry has been created without registering reporters. You may need to call MetricRegistries.global().addReportRegistration(...) before.
2019-10-29 17:14:52,099 [pool-87-thread-1] INFO  impl.RaftServerImpl (RaftServerImpl.java:start(184)) - 0eeffcb9-64ff-4e7e-9d73-900b69ee6fe9@group-790A4EEF98FB: start as a follower, conf=-1: [0eeffcb9-64ff-4e7e-9d73-900b69ee6fe9:192.168.164.217:38066], old=null
2019-10-29 17:14:52,099 [pool-87-thread-1] INFO  impl.RaftServerImpl (RaftServerImpl.java:setRole(173)) - 0eeffcb9-64ff-4e7e-9d73-900b69ee6fe9@group-790A4EEF98FB: changes role from      null to FOLLOWER at term 0 for startAsFollower
2019-10-29 17:14:52,099 [pool-87-thread-1] INFO  impl.RoleInfo (RoleInfo.java:updateAndGet(143)) - 0eeffcb9-64ff-4e7e-9d73-900b69ee6fe9: start FollowerState
2019-10-29 17:14:52,099 [pool-87-thread-1] INFO  util.JmxRegister (JmxRegister.java:tryRegister(44)) - Successfully registered JMX Bean with object name Ratis:service=RaftServer,group=group-790A4EEF98FB,id=0eeffcb9-64ff-4e7e-9d73-900b69ee6fe9
2019-10-29 17:14:52,100 [pool-87-thread-1] WARN  impl.MetricRegistriesImpl (MetricRegistriesImpl.java:lambda$create$1(61)) - First MetricRegistry has been created without registering reporters. You may need to call MetricRegistries.global().addReportRegistration(...) before.
2019-10-29 17:14:52,100 [Command processor thread] INFO  commandhandler.CreatePipelineCommandHandler (CreatePipelineCommandHandler.java:handle(86)) - Create Pipeline RATIS ONE #id: "effc71b6-39ce-463a-81d0-790a4eef98fb"
 command succeed on datanode 0eeffcb9-64ff-4e7e-9d73-900b69ee6fe9.
2019-10-29 17:14:52,102 [Command processor thread] INFO  impl.RaftServerProxy (RaftServerProxy.java:addNew(89)) - 0eeffcb9-64ff-4e7e-9d73-900b69ee6fe9: addNew group-9E188B1AC480:[f54c2808-d9c3-4cf5-b20e-01d04cf0372e:192.168.164.217:42649, 955f790b-213e-49b0-ab75-435e183c5e0f:192.168.164.217:39224, 0eeffcb9-64ff-4e7e-9d73-900b69ee6fe9:192.168.164.217:38066] returns group-9E188B1AC480:java.util.concurrent.CompletableFuture@74cf1e7b[Not completed]
2019-10-29 17:14:52,103 [EventQueue-PipelineReportForPipelineReportHandler] INFO  pipeline.PipelineReportHandler (PipelineReportHandler.java:processPipelineReport(104)) - Pipeline ONE PipelineID=effc71b6-39ce-463a-81d0-790a4eef98fb reported by 0eeffcb9-64ff-4e7e-9d73-900b69ee6fe9{ip: 192.168.164.217, host: pr-hdds-2034-76npd-2451761435, networkLocation: /default-rack, certSerialId: null}
2019-10-29 17:14:52,103 [pool-87-thread-1] INFO  impl.RaftServerImpl (RaftServerImpl.java:<init>(98)) - 0eeffcb9-64ff-4e7e-9d73-900b69ee6fe9: new RaftServerImpl for group-9E188B1AC480:[f54c2808-d9c3-4cf5-b20e-01d04cf0372e:192.168.164.217:42649, 955f790b-213e-49b0-ab75-435e183c5e0f:192.168.164.217:39224, 0eeffcb9-64ff-4e7e-9d73-900b69ee6fe9:192.168.164.217:38066] with ContainerStateMachine:uninitialized
2019-10-29 17:14:52,103 [EventQueue-PipelineReportForPipelineReportHandler] INFO  pipeline.PipelineStateManager (PipelineStateManager.java:openPipeline(134)) - Pipeline Pipeline[ Id: effc71b6-39ce-463a-81d0-790a4eef98fb, Nodes: 0eeffcb9-64ff-4e7e-9d73-900b69ee6fe9{ip: 192.168.164.217, host: pr-hdds-2034-76npd-2451761435, networkLocation: /default-rack, certSerialId: null}, Type:RATIS, Factor:ONE, State:ALLOCATED] moved to OPEN state
2019-10-29 17:14:52,103 [pool-87-thread-1] INFO  server.RaftServerConfigKeys (ConfUtils.java:logGet(43)) - raft.server.rpc.timeout.min = 5s (custom)
2019-10-29 17:14:52,104 [pool-87-thread-1] INFO  server.RaftServerConfigKeys (ConfUtils.java:logGet(43)) - raft.server.rpc.timeout.max = 5200ms (custom)
2019-10-29 17:14:52,104 [pool-87-thread-1] INFO  server.RaftServerConfigKeys (ConfUtils.java:logGet(43)) - raft.server.rpcslowness.timeout = 120s (custom)
2019-10-29 17:14:52,104 [pool-87-thread-1] INFO  server.RaftServerConfigKeys (ConfUtils.java:logGet(43)) - raft.server.sleep.deviation.threshold = 300 (default)
2019-10-29 17:14:52,104 [pool-87-thread-1] INFO  server.RaftServerConfigKeys (ConfUtils.java:logGet(43)) - raft.server.log.appender.install.snapshot.enabled = false (custom)
2019-10-29 17:14:52,104 [pool-87-thread-1] INFO  impl.RaftServerImpl (ServerState.java:<init>(103)) - 0eeffcb9-64ff-4e7e-9d73-900b69ee6fe9@group-9E188B1AC480: ConfigurationManager, init=-1: [f54c2808-d9c3-4cf5-b20e-01d04cf0372e:192.168.164.217:42649, 955f790b-213e-49b0-ab75-435e183c5e0f:192.168.164.217:39224, 0eeffcb9-64ff-4e7e-9d73-900b69ee6fe9:192.168.164.217:38066], old=null, confs=<EMPTY_MAP>
2019-10-29 17:14:52,104 [pool-87-thread-1] INFO  server.RaftServerConfigKeys (ConfUtils.java:logGet(43)) - raft.server.storage.dir = [/workdir/hadoop-ozone/integration-test/target/test-dir/MiniOzoneClusterImpl-46368c21-8946-4203-bc0e-a2a0469d6ddc/datanode-1/data/ratis] (custom)
2019-10-29 17:14:52,105 [pool-87-thread-1] INFO  server.RaftServerConfigKeys (ConfUtils.java:logGet(43)) - raft.server.log.corruption.policy = EXCEPTION (default)
2019-10-29 17:14:52,105 [pool-87-thread-1] INFO  storage.RaftStorageDirectory (RaftStorageDirectory.java:analyzeStorage(246)) - The storage directory /workdir/hadoop-ozone/integration-test/target/test-dir/MiniOzoneClusterImpl-46368c21-8946-4203-bc0e-a2a0469d6ddc/datanode-1/data/ratis/c5ecdeee-63d1-46cc-b2d2-9e188b1ac480 does not exist. Creating ...
2019-10-29 17:14:52,118 [pool-87-thread-1] INFO  storage.RaftStorageDirectory (RaftStorageDirectory.java:tryLock(328)) - Lock on /workdir/hadoop-ozone/integration-test/target/test-dir/MiniOzoneClusterImpl-46368c21-8946-4203-bc0e-a2a0469d6ddc/datanode-1/data/ratis/c5ecdeee-63d1-46cc-b2d2-9e188b1ac480/in_use.lock acquired by nodename 12415@pr-hdds-2034-76npd-2451761435
2019-10-29 17:14:52,130 [pool-87-thread-1] INFO  storage.RaftStorage (RaftStorage.java:format(84)) - Storage directory /workdir/hadoop-ozone/integration-test/target/test-dir/MiniOzoneClusterImpl-46368c21-8946-4203-bc0e-a2a0469d6ddc/datanode-1/data/ratis/c5ecdeee-63d1-46cc-b2d2-9e188b1ac480 has been successfully formatted.
2019-10-29 17:14:52,131 [pool-87-thread-1] INFO  ratis.ContainerStateMachine (ContainerStateMachine.java:loadSnapshot(231)) - group-9E188B1AC480: The snapshot info is null. Setting the last applied indexto:(t:0, i:~)
2019-10-29 17:14:52,131 [pool-87-thread-1] INFO  server.RaftServerConfigKeys (ConfUtils.java:logGet(43)) - raft.server.notification.no-leader.timeout = 120s (custom)
2019-10-29 17:14:52,131 [pool-87-thread-1] INFO  server.RaftServerConfigKeys (ConfUtils.java:logGet(43)) - raft.server.log.use.memory = false (default)
2019-10-29 17:14:52,131 [pool-87-thread-1] INFO  server.RaftServerConfigKeys (ConfUtils.java:logGet(43)) - raft.server.log.purge.gap = 1000000 (custom)
2019-10-29 17:14:52,131 [pool-87-thread-1] INFO  server.RaftServerConfigKeys (ConfUtils.java:logGet(43)) - raft.server.log.appender.buffer.byte-limit = 33554432 (custom)
2019-10-29 17:14:52,131 [pool-87-thread-1] INFO  server.RaftServerConfigKeys (ConfUtils.java:logGet(43)) - raft.server.log.segment.size.max = 1048576 (custom)
2019-10-29 17:14:52,132 [pool-87-thread-1] INFO  server.RaftServerConfigKeys (ConfUtils.java:logGet(43)) - raft.server.log.segment.cache.num.max = 2 (custom)
2019-10-29 17:14:52,132 [pool-87-thread-1] INFO  segmented.SegmentedRaftLogWorker (SegmentedRaftLogWorker.java:<init>(173)) - new 0eeffcb9-64ff-4e7e-9d73-900b69ee6fe9@group-9E188B1AC480-SegmentedRaftLogWorker for RaftStorage:Storage Directory /workdir/hadoop-ozone/integration-test/target/test-dir/MiniOzoneClusterImpl-46368c21-8946-4203-bc0e-a2a0469d6ddc/datanode-1/data/ratis/c5ecdeee-63d1-46cc-b2d2-9e188b1ac480
2019-10-29 17:14:52,132 [pool-87-thread-1] INFO  server.RaftServerConfigKeys (ConfUtils.java:logGet(43)) - raft.server.log.queue.byte-limit = 2147483647 (custom)
2019-10-29 17:14:52,132 [pool-87-thread-1] INFO  server.RaftServerConfigKeys (ConfUtils.java:logGet(43)) - raft.server.log.queue.element-limit = 1024 (custom)
2019-10-29 17:14:52,132 [pool-87-thread-1] INFO  server.RaftServerConfigKeys (ConfUtils.java:logGet(43)) - raft.server.log.segment.size.max = 1048576 (custom)
2019-10-29 17:14:52,132 [pool-87-thread-1] INFO  server.RaftServerConfigKeys (ConfUtils.java:logGet(43)) - raft.server.log.preallocated.size = 16384 (custom)
2019-10-29 17:14:52,132 [pool-87-thread-1] INFO  server.RaftServerConfigKeys (ConfUtils.java:logGet(43)) - raft.server.log.write.buffer.size = 33554432 (custom)
2019-10-29 17:14:52,133 [pool-87-thread-1] INFO  server.RaftServerConfigKeys (ConfUtils.java:logGet(43)) - raft.server.log.force.sync.num = 128 (default)
2019-10-29 17:14:52,133 [pool-87-thread-1] INFO  server.RaftServerConfigKeys (ConfUtils.java:logGet(43)) - raft.server.log.statemachine.data.sync = true (default)
2019-10-29 17:14:52,133 [pool-87-thread-1] INFO  server.RaftServerConfigKeys (ConfUtils.java:logGet(43)) - raft.server.log.statemachine.data.sync.timeout = 10s (default)
2019-10-29 17:14:52,133 [pool-87-thread-1] INFO  server.RaftServerConfigKeys (ConfUtils.java:logGet(43)) - raft.server.log.statemachine.data.sync.timeout.retry = -1 (default)
2019-10-29 17:14:52,133 [pool-87-thread-1] INFO  server.RaftServerConfigKeys (ConfUtils.java:logGet(43)) - raft.server.log.statemachine.data.caching.enabled = true (custom)
2019-10-29 17:14:52,133 [pool-87-thread-1] INFO  segmented.SegmentedRaftLogWorker (SegmentedRaftLogWorker.java:lambda$new$0(128)) - 0eeffcb9-64ff-4e7e-9d73-900b69ee6fe9@group-9E188B1AC480-SegmentedRaftLogWorker: flushIndex: setUnconditionally 0 -> -1
2019-10-29 17:14:52,134 [pool-87-thread-1] INFO  server.RaftServerConfigKeys (ConfUtils.java:logGet(43)) - raft.server.snapshot.auto.trigger.enabled = true (custom)
2019-10-29 17:14:52,134 [pool-87-thread-1] INFO  server.RaftServerConfigKeys (ConfUtils.java:logGet(43)) - raft.server.snapshot.auto.trigger.threshold = 10000 (custom)
2019-10-29 17:14:52,134 [pool-87-thread-1] INFO  server.RaftServerConfigKeys (ConfUtils.java:logGet(43)) - raft.server.snapshot.retention.file.num = 5 (custom)
2019-10-29 17:14:52,134 [pool-87-thread-1] INFO  server.RaftServerConfigKeys (ConfUtils.java:logGet(43)) - raft.server.retrycache.expirytime = 600000ms (custom)
2019-10-29 17:14:52,135 [pool-87-thread-1] WARN  impl.MetricRegistriesImpl (MetricRegistriesImpl.java:lambda$create$1(61)) - First MetricRegistry has been created without registering reporters. You may need to call MetricRegistries.global().addReportRegistration(...) before.
2019-10-29 17:14:52,135 [pool-87-thread-1] WARN  impl.MetricRegistriesImpl (MetricRegistriesImpl.java:lambda$create$1(61)) - First MetricRegistry has been created without registering reporters. You may need to call MetricRegistries.global().addReportRegistration(...) before.
2019-10-29 17:14:52,135 [pool-87-thread-1] INFO  impl.RaftServerImpl (RaftServerImpl.java:start(184)) - 0eeffcb9-64ff-4e7e-9d73-900b69ee6fe9@group-9E188B1AC480: start as a follower, conf=-1: [f54c2808-d9c3-4cf5-b20e-01d04cf0372e:192.168.164.217:42649, 955f790b-213e-49b0-ab75-435e183c5e0f:192.168.164.217:39224, 0eeffcb9-64ff-4e7e-9d73-900b69ee6fe9:192.168.164.217:38066], old=null
2019-10-29 17:14:52,135 [pool-87-thread-1] INFO  impl.RaftServerImpl (RaftServerImpl.java:setRole(173)) - 0eeffcb9-64ff-4e7e-9d73-900b69ee6fe9@group-9E188B1AC480: changes role from      null to FOLLOWER at term 0 for startAsFollower
2019-10-29 17:14:52,135 [pool-87-thread-1] INFO  impl.RoleInfo (RoleInfo.java:updateAndGet(143)) - 0eeffcb9-64ff-4e7e-9d73-900b69ee6fe9: start FollowerState
2019-10-29 17:14:52,136 [pool-87-thread-1] INFO  util.JmxRegister (JmxRegister.java:tryRegister(44)) - Successfully registered JMX Bean with object name Ratis:service=RaftServer,group=group-9E188B1AC480,id=0eeffcb9-64ff-4e7e-9d73-900b69ee6fe9
2019-10-29 17:14:52,136 [pool-87-thread-1] WARN  impl.MetricRegistriesImpl (MetricRegistriesImpl.java:lambda$create$1(61)) - First MetricRegistry has been created without registering reporters. You may need to call MetricRegistries.global().addReportRegistration(...) before.
2019-10-29 17:14:52,137 [Command processor thread] INFO  commandhandler.CreatePipelineCommandHandler (CreatePipelineCommandHandler.java:handle(86)) - Create Pipeline RATIS THREE #id: "c5ecdeee-63d1-46cc-b2d2-9e188b1ac480"
 command succeed on datanode 0eeffcb9-64ff-4e7e-9d73-900b69ee6fe9.
2019-10-29 17:14:52,139 [Command processor thread] INFO  impl.RaftServerProxy (RaftServerProxy.java:addNew(89)) - f54c2808-d9c3-4cf5-b20e-01d04cf0372e: addNew group-61F7FAFF0946:[f54c2808-d9c3-4cf5-b20e-01d04cf0372e:192.168.164.217:42649] returns group-61F7FAFF0946:java.util.concurrent.CompletableFuture@6c0d0cb0[Not completed]
2019-10-29 17:14:52,139 [EventQueue-PipelineReportForPipelineReportHandler] INFO  pipeline.PipelineReportHandler (PipelineReportHandler.java:processPipelineReport(104)) - Pipeline THREE PipelineID=c5ecdeee-63d1-46cc-b2d2-9e188b1ac480 reported by 0eeffcb9-64ff-4e7e-9d73-900b69ee6fe9{ip: 192.168.164.217, host: pr-hdds-2034-76npd-2451761435, networkLocation: /default-rack, certSerialId: null}
2019-10-29 17:14:52,140 [pool-97-thread-1] INFO  impl.RaftServerImpl (RaftServerImpl.java:<init>(98)) - f54c2808-d9c3-4cf5-b20e-01d04cf0372e: new RaftServerImpl for group-61F7FAFF0946:[f54c2808-d9c3-4cf5-b20e-01d04cf0372e:192.168.164.217:42649] with ContainerStateMachine:uninitialized
2019-10-29 17:14:52,142 [main] INFO  ozone.MiniOzoneClusterImpl (MiniOzoneClusterImpl.java:lambda$waitForClusterToBeReady$0(149)) - Nodes are ready. Got 3 of 3 DN Heartbeats.
2019-10-29 17:14:52,142 [main] INFO  ozone.MiniOzoneClusterImpl (MiniOzoneClusterImpl.java:lambda$waitForClusterToBeReady$0(152)) - Cluster exits safe mode
2019-10-29 17:14:52,142 [pool-97-thread-1] INFO  server.RaftServerConfigKeys (ConfUtils.java:logGet(43)) - raft.server.rpc.timeout.min = 5s (custom)
2019-10-29 17:14:52,143 [pool-97-thread-1] INFO  server.RaftServerConfigKeys (ConfUtils.java:logGet(43)) - raft.server.rpc.timeout.max = 5200ms (custom)
2019-10-29 17:14:52,143 [pool-97-thread-1] INFO  server.RaftServerConfigKeys (ConfUtils.java:logGet(43)) - raft.server.rpcslowness.timeout = 120s (custom)
2019-10-29 17:14:52,143 [pool-97-thread-1] INFO  server.RaftServerConfigKeys (ConfUtils.java:logGet(43)) - raft.server.sleep.deviation.threshold = 300 (default)
2019-10-29 17:14:52,143 [pool-97-thread-1] INFO  server.RaftServerConfigKeys (ConfUtils.java:logGet(43)) - raft.server.log.appender.install.snapshot.enabled = false (custom)
2019-10-29 17:14:52,144 [pool-97-thread-1] INFO  impl.RaftServerImpl (ServerState.java:<init>(103)) - f54c2808-d9c3-4cf5-b20e-01d04cf0372e@group-61F7FAFF0946: ConfigurationManager, init=-1: [f54c2808-d9c3-4cf5-b20e-01d04cf0372e:192.168.164.217:42649], old=null, confs=<EMPTY_MAP>
2019-10-29 17:14:52,144 [pool-97-thread-1] INFO  server.RaftServerConfigKeys (ConfUtils.java:logGet(43)) - raft.server.storage.dir = [/workdir/hadoop-ozone/integration-test/target/test-dir/MiniOzoneClusterImpl-46368c21-8946-4203-bc0e-a2a0469d6ddc/datanode-2/data/ratis] (custom)
2019-10-29 17:14:52,144 [pool-97-thread-1] INFO  server.RaftServerConfigKeys (ConfUtils.java:logGet(43)) - raft.server.log.corruption.policy = EXCEPTION (default)
2019-10-29 17:14:52,145 [pool-97-thread-1] INFO  storage.RaftStorageDirectory (RaftStorageDirectory.java:analyzeStorage(246)) - The storage directory /workdir/hadoop-ozone/integration-test/target/test-dir/MiniOzoneClusterImpl-46368c21-8946-4203-bc0e-a2a0469d6ddc/datanode-2/data/ratis/221cd338-a43a-4bff-9641-61f7faff0946 does not exist. Creating ...
2019-10-29 17:14:52,158 [pool-97-thread-1] INFO  storage.RaftStorageDirectory (RaftStorageDirectory.java:tryLock(328)) - Lock on /workdir/hadoop-ozone/integration-test/target/test-dir/MiniOzoneClusterImpl-46368c21-8946-4203-bc0e-a2a0469d6ddc/datanode-2/data/ratis/221cd338-a43a-4bff-9641-61f7faff0946/in_use.lock acquired by nodename 12415@pr-hdds-2034-76npd-2451761435
2019-10-29 17:14:52,161 [pool-97-thread-1] INFO  storage.RaftStorage (RaftStorage.java:format(84)) - Storage directory /workdir/hadoop-ozone/integration-test/target/test-dir/MiniOzoneClusterImpl-46368c21-8946-4203-bc0e-a2a0469d6ddc/datanode-2/data/ratis/221cd338-a43a-4bff-9641-61f7faff0946 has been successfully formatted.
2019-10-29 17:14:52,162 [pool-97-thread-1] INFO  ratis.ContainerStateMachine (ContainerStateMachine.java:loadSnapshot(231)) - group-61F7FAFF0946: The snapshot info is null. Setting the last applied indexto:(t:0, i:~)
2019-10-29 17:14:52,162 [pool-97-thread-1] INFO  server.RaftServerConfigKeys (ConfUtils.java:logGet(43)) - raft.server.notification.no-leader.timeout = 120s (custom)
2019-10-29 17:14:52,162 [pool-97-thread-1] INFO  server.RaftServerConfigKeys (ConfUtils.java:logGet(43)) - raft.server.log.use.memory = false (default)
2019-10-29 17:14:52,162 [pool-97-thread-1] INFO  server.RaftServerConfigKeys (ConfUtils.java:logGet(43)) - raft.server.log.purge.gap = 1000000 (custom)
2019-10-29 17:14:52,162 [pool-97-thread-1] INFO  server.RaftServerConfigKeys (ConfUtils.java:logGet(43)) - raft.server.log.appender.buffer.byte-limit = 33554432 (custom)
2019-10-29 17:14:52,162 [pool-97-thread-1] INFO  server.RaftServerConfigKeys (ConfUtils.java:logGet(43)) - raft.server.log.segment.size.max = 1048576 (custom)
2019-10-29 17:14:52,162 [pool-97-thread-1] WARN  impl.MetricRegistriesImpl (MetricRegistriesImpl.java:lambda$create$1(61)) - First MetricRegistry has been created without registering reporters. You may need to call MetricRegistries.global().addReportRegistration(...) before.
2019-10-29 17:14:52,163 [pool-97-thread-1] INFO  server.RaftServerConfigKeys (ConfUtils.java:logGet(43)) - raft.server.log.segment.cache.num.max = 2 (custom)
2019-10-29 17:14:52,163 [pool-97-thread-1] INFO  segmented.SegmentedRaftLogWorker (SegmentedRaftLogWorker.java:<init>(173)) - new f54c2808-d9c3-4cf5-b20e-01d04cf0372e@group-61F7FAFF0946-SegmentedRaftLogWorker for RaftStorage:Storage Directory /workdir/hadoop-ozone/integration-test/target/test-dir/MiniOzoneClusterImpl-46368c21-8946-4203-bc0e-a2a0469d6ddc/datanode-2/data/ratis/221cd338-a43a-4bff-9641-61f7faff0946
2019-10-29 17:14:52,163 [pool-97-thread-1] INFO  server.RaftServerConfigKeys (ConfUtils.java:logGet(43)) - raft.server.log.queue.byte-limit = 2147483647 (custom)
2019-10-29 17:14:52,163 [pool-97-thread-1] INFO  server.RaftServerConfigKeys (ConfUtils.java:logGet(43)) - raft.server.log.queue.element-limit = 1024 (custom)
2019-10-29 17:14:52,163 [pool-97-thread-1] INFO  server.RaftServerConfigKeys (ConfUtils.java:logGet(43)) - raft.server.log.segment.size.max = 1048576 (custom)
2019-10-29 17:14:52,163 [pool-97-thread-1] INFO  server.RaftServerConfigKeys (ConfUtils.java:logGet(43)) - raft.server.log.preallocated.size = 16384 (custom)
2019-10-29 17:14:52,163 [pool-97-thread-1] INFO  server.RaftServerConfigKeys (ConfUtils.java:logGet(43)) - raft.server.log.write.buffer.size = 33554432 (custom)
2019-10-29 17:14:52,164 [pool-97-thread-1] INFO  server.RaftServerConfigKeys (ConfUtils.java:logGet(43)) - raft.server.log.force.sync.num = 128 (default)
2019-10-29 17:14:52,164 [pool-97-thread-1] INFO  server.RaftServerConfigKeys (ConfUtils.java:logGet(43)) - raft.server.log.statemachine.data.sync = true (default)
2019-10-29 17:14:52,164 [pool-97-thread-1] INFO  server.RaftServerConfigKeys (ConfUtils.java:logGet(43)) - raft.server.log.statemachine.data.sync.timeout = 10s (default)
2019-10-29 17:14:52,164 [pool-97-thread-1] INFO  server.RaftServerConfigKeys (ConfUtils.java:logGet(43)) - raft.server.log.statemachine.data.sync.timeout.retry = -1 (default)
2019-10-29 17:14:52,164 [pool-97-thread-1] INFO  server.RaftServerConfigKeys (ConfUtils.java:logGet(43)) - raft.server.log.statemachine.data.caching.enabled = true (custom)
2019-10-29 17:14:52,165 [pool-97-thread-1] INFO  segmented.SegmentedRaftLogWorker (SegmentedRaftLogWorker.java:lambda$new$0(128)) - f54c2808-d9c3-4cf5-b20e-01d04cf0372e@group-61F7FAFF0946-SegmentedRaftLogWorker: flushIndex: setUnconditionally 0 -> -1
2019-10-29 17:14:52,165 [pool-97-thread-1] INFO  server.RaftServerConfigKeys (ConfUtils.java:logGet(43)) - raft.server.snapshot.auto.trigger.enabled = true (custom)
2019-10-29 17:14:52,165 [pool-97-thread-1] INFO  server.RaftServerConfigKeys (ConfUtils.java:logGet(43)) - raft.server.snapshot.auto.trigger.threshold = 10000 (custom)
2019-10-29 17:14:52,165 [pool-97-thread-1] INFO  server.RaftServerConfigKeys (ConfUtils.java:logGet(43)) - raft.server.snapshot.retention.file.num = 5 (custom)
2019-10-29 17:14:52,166 [pool-97-thread-1] INFO  server.RaftServerConfigKeys (ConfUtils.java:logGet(43)) - raft.server.retrycache.expirytime = 600000ms (custom)
2019-10-29 17:14:52,166 [pool-97-thread-1] WARN  impl.MetricRegistriesImpl (MetricRegistriesImpl.java:lambda$create$1(61)) - First MetricRegistry has been created without registering reporters. You may need to call MetricRegistries.global().addReportRegistration(...) before.
2019-10-29 17:14:52,166 [pool-97-thread-1] WARN  impl.MetricRegistriesImpl (MetricRegistriesImpl.java:lambda$create$1(61)) - First MetricRegistry has been created without registering reporters. You may need to call MetricRegistries.global().addReportRegistration(...) before.
2019-10-29 17:14:52,166 [pool-97-thread-1] INFO  impl.RaftServerImpl (RaftServerImpl.java:start(184)) - f54c2808-d9c3-4cf5-b20e-01d04cf0372e@group-61F7FAFF0946: start as a follower, conf=-1: [f54c2808-d9c3-4cf5-b20e-01d04cf0372e:192.168.164.217:42649], old=null
2019-10-29 17:14:52,166 [pool-97-thread-1] INFO  impl.RaftServerImpl (RaftServerImpl.java:setRole(173)) - f54c2808-d9c3-4cf5-b20e-01d04cf0372e@group-61F7FAFF0946: changes role from      null to FOLLOWER at term 0 for startAsFollower
2019-10-29 17:14:52,166 [pool-97-thread-1] INFO  impl.RoleInfo (RoleInfo.java:updateAndGet(143)) - f54c2808-d9c3-4cf5-b20e-01d04cf0372e: start FollowerState
2019-10-29 17:14:52,167 [pool-97-thread-1] INFO  util.JmxRegister (JmxRegister.java:tryRegister(44)) - Successfully registered JMX Bean with object name Ratis:service=RaftServer,group=group-61F7FAFF0946,id=f54c2808-d9c3-4cf5-b20e-01d04cf0372e
2019-10-29 17:14:52,167 [pool-97-thread-1] WARN  impl.MetricRegistriesImpl (MetricRegistriesImpl.java:lambda$create$1(61)) - First MetricRegistry has been created without registering reporters. You may need to call MetricRegistries.global().addReportRegistration(...) before.
2019-10-29 17:14:52,168 [Command processor thread] INFO  commandhandler.CreatePipelineCommandHandler (CreatePipelineCommandHandler.java:handle(86)) - Create Pipeline RATIS ONE #id: "221cd338-a43a-4bff-9641-61f7faff0946"
 command succeed on datanode f54c2808-d9c3-4cf5-b20e-01d04cf0372e.
2019-10-29 17:14:52,169 [Command processor thread] INFO  impl.RaftServerProxy (RaftServerProxy.java:addNew(89)) - f54c2808-d9c3-4cf5-b20e-01d04cf0372e: addNew group-9E188B1AC480:[f54c2808-d9c3-4cf5-b20e-01d04cf0372e:192.168.164.217:42649, 955f790b-213e-49b0-ab75-435e183c5e0f:192.168.164.217:39224, 0eeffcb9-64ff-4e7e-9d73-900b69ee6fe9:192.168.164.217:38066] returns group-9E188B1AC480:java.util.concurrent.CompletableFuture@683295e9[Not completed]
2019-10-29 17:14:52,170 [EventQueue-PipelineReportForPipelineReportHandler] INFO  pipeline.PipelineReportHandler (PipelineReportHandler.java:processPipelineReport(104)) - Pipeline ONE PipelineID=221cd338-a43a-4bff-9641-61f7faff0946 reported by f54c2808-d9c3-4cf5-b20e-01d04cf0372e{ip: 192.168.164.217, host: pr-hdds-2034-76npd-2451761435, networkLocation: /default-rack, certSerialId: null}
2019-10-29 17:14:52,170 [EventQueue-PipelineReportForPipelineReportHandler] INFO  pipeline.PipelineStateManager (PipelineStateManager.java:openPipeline(134)) - Pipeline Pipeline[ Id: 221cd338-a43a-4bff-9641-61f7faff0946, Nodes: f54c2808-d9c3-4cf5-b20e-01d04cf0372e{ip: 192.168.164.217, host: pr-hdds-2034-76npd-2451761435, networkLocation: /default-rack, certSerialId: null}, Type:RATIS, Factor:ONE, State:ALLOCATED] moved to OPEN state
2019-10-29 17:14:52,172 [pool-97-thread-1] INFO  impl.RaftServerImpl (RaftServerImpl.java:<init>(98)) - f54c2808-d9c3-4cf5-b20e-01d04cf0372e: new RaftServerImpl for group-9E188B1AC480:[f54c2808-d9c3-4cf5-b20e-01d04cf0372e:192.168.164.217:42649, 955f790b-213e-49b0-ab75-435e183c5e0f:192.168.164.217:39224, 0eeffcb9-64ff-4e7e-9d73-900b69ee6fe9:192.168.164.217:38066] with ContainerStateMachine:uninitialized
2019-10-29 17:14:52,172 [pool-97-thread-1] INFO  server.RaftServerConfigKeys (ConfUtils.java:logGet(43)) - raft.server.rpc.timeout.min = 5s (custom)
2019-10-29 17:14:52,172 [pool-97-thread-1] INFO  server.RaftServerConfigKeys (ConfUtils.java:logGet(43)) - raft.server.rpc.timeout.max = 5200ms (custom)
2019-10-29 17:14:52,173 [pool-97-thread-1] INFO  server.RaftServerConfigKeys (ConfUtils.java:logGet(43)) - raft.server.rpcslowness.timeout = 120s (custom)
2019-10-29 17:14:52,173 [pool-97-thread-1] INFO  server.RaftServerConfigKeys (ConfUtils.java:logGet(43)) - raft.server.sleep.deviation.threshold = 300 (default)
2019-10-29 17:14:52,173 [pool-97-thread-1] INFO  server.RaftServerConfigKeys (ConfUtils.java:logGet(43)) - raft.server.log.appender.install.snapshot.enabled = false (custom)
2019-10-29 17:14:52,173 [pool-97-thread-1] INFO  impl.RaftServerImpl (ServerState.java:<init>(103)) - f54c2808-d9c3-4cf5-b20e-01d04cf0372e@group-9E188B1AC480: ConfigurationManager, init=-1: [f54c2808-d9c3-4cf5-b20e-01d04cf0372e:192.168.164.217:42649, 955f790b-213e-49b0-ab75-435e183c5e0f:192.168.164.217:39224, 0eeffcb9-64ff-4e7e-9d73-900b69ee6fe9:192.168.164.217:38066], old=null, confs=<EMPTY_MAP>
2019-10-29 17:14:52,173 [pool-97-thread-1] INFO  server.RaftServerConfigKeys (ConfUtils.java:logGet(43)) - raft.server.storage.dir = [/workdir/hadoop-ozone/integration-test/target/test-dir/MiniOzoneClusterImpl-46368c21-8946-4203-bc0e-a2a0469d6ddc/datanode-2/data/ratis] (custom)
2019-10-29 17:14:52,174 [pool-97-thread-1] INFO  server.RaftServerConfigKeys (ConfUtils.java:logGet(43)) - raft.server.log.corruption.policy = EXCEPTION (default)
2019-10-29 17:14:52,174 [pool-97-thread-1] INFO  storage.RaftStorageDirectory (RaftStorageDirectory.java:analyzeStorage(246)) - The storage directory /workdir/hadoop-ozone/integration-test/target/test-dir/MiniOzoneClusterImpl-46368c21-8946-4203-bc0e-a2a0469d6ddc/datanode-2/data/ratis/c5ecdeee-63d1-46cc-b2d2-9e188b1ac480 does not exist. Creating ...
2019-10-29 17:14:52,177 [pool-97-thread-1] INFO  storage.RaftStorageDirectory (RaftStorageDirectory.java:tryLock(328)) - Lock on /workdir/hadoop-ozone/integration-test/target/test-dir/MiniOzoneClusterImpl-46368c21-8946-4203-bc0e-a2a0469d6ddc/datanode-2/data/ratis/c5ecdeee-63d1-46cc-b2d2-9e188b1ac480/in_use.lock acquired by nodename 12415@pr-hdds-2034-76npd-2451761435
2019-10-29 17:14:52,181 [pool-97-thread-1] INFO  storage.RaftStorage (RaftStorage.java:format(84)) - Storage directory /workdir/hadoop-ozone/integration-test/target/test-dir/MiniOzoneClusterImpl-46368c21-8946-4203-bc0e-a2a0469d6ddc/datanode-2/data/ratis/c5ecdeee-63d1-46cc-b2d2-9e188b1ac480 has been successfully formatted.
2019-10-29 17:14:52,181 [pool-97-thread-1] INFO  ratis.ContainerStateMachine (ContainerStateMachine.java:loadSnapshot(231)) - group-9E188B1AC480: The snapshot info is null. Setting the last applied indexto:(t:0, i:~)
2019-10-29 17:14:52,182 [pool-97-thread-1] INFO  server.RaftServerConfigKeys (ConfUtils.java:logGet(43)) - raft.server.notification.no-leader.timeout = 120s (custom)
2019-10-29 17:14:52,182 [pool-97-thread-1] INFO  server.RaftServerConfigKeys (ConfUtils.java:logGet(43)) - raft.server.log.use.memory = false (default)
2019-10-29 17:14:52,182 [pool-97-thread-1] INFO  server.RaftServerConfigKeys (ConfUtils.java:logGet(43)) - raft.server.log.purge.gap = 1000000 (custom)
2019-10-29 17:14:52,182 [pool-97-thread-1] INFO  server.RaftServerConfigKeys (ConfUtils.java:logGet(43)) - raft.server.log.appender.buffer.byte-limit = 33554432 (custom)
2019-10-29 17:14:52,182 [pool-97-thread-1] INFO  server.RaftServerConfigKeys (ConfUtils.java:logGet(43)) - raft.server.log.segment.size.max = 1048576 (custom)
2019-10-29 17:14:52,183 [pool-97-thread-1] INFO  server.RaftServerConfigKeys (ConfUtils.java:logGet(43)) - raft.server.log.segment.cache.num.max = 2 (custom)
2019-10-29 17:14:52,183 [pool-97-thread-1] INFO  segmented.SegmentedRaftLogWorker (SegmentedRaftLogWorker.java:<init>(173)) - new f54c2808-d9c3-4cf5-b20e-01d04cf0372e@group-9E188B1AC480-SegmentedRaftLogWorker for RaftStorage:Storage Directory /workdir/hadoop-ozone/integration-test/target/test-dir/MiniOzoneClusterImpl-46368c21-8946-4203-bc0e-a2a0469d6ddc/datanode-2/data/ratis/c5ecdeee-63d1-46cc-b2d2-9e188b1ac480
2019-10-29 17:14:52,183 [pool-97-thread-1] INFO  server.RaftServerConfigKeys (ConfUtils.java:logGet(43)) - raft.server.log.queue.byte-limit = 2147483647 (custom)
2019-10-29 17:14:52,183 [pool-97-thread-1] INFO  server.RaftServerConfigKeys (ConfUtils.java:logGet(43)) - raft.server.log.queue.element-limit = 1024 (custom)
2019-10-29 17:14:52,183 [pool-97-thread-1] INFO  server.RaftServerConfigKeys (ConfUtils.java:logGet(43)) - raft.server.log.segment.size.max = 1048576 (custom)
2019-10-29 17:14:52,184 [pool-97-thread-1] INFO  server.RaftServerConfigKeys (ConfUtils.java:logGet(43)) - raft.server.log.preallocated.size = 16384 (custom)
2019-10-29 17:14:52,184 [pool-97-thread-1] INFO  server.RaftServerConfigKeys (ConfUtils.java:logGet(43)) - raft.server.log.write.buffer.size = 33554432 (custom)
2019-10-29 17:14:52,184 [pool-97-thread-1] INFO  server.RaftServerConfigKeys (ConfUtils.java:logGet(43)) - raft.server.log.force.sync.num = 128 (default)
2019-10-29 17:14:52,184 [pool-97-thread-1] INFO  server.RaftServerConfigKeys (ConfUtils.java:logGet(43)) - raft.server.log.statemachine.data.sync = true (default)
2019-10-29 17:14:52,184 [pool-97-thread-1] INFO  server.RaftServerConfigKeys (ConfUtils.java:logGet(43)) - raft.server.log.statemachine.data.sync.timeout = 10s (default)
2019-10-29 17:14:52,184 [pool-97-thread-1] INFO  server.RaftServerConfigKeys (ConfUtils.java:logGet(43)) - raft.server.log.statemachine.data.sync.timeout.retry = -1 (default)
2019-10-29 17:14:52,185 [pool-97-thread-1] INFO  server.RaftServerConfigKeys (ConfUtils.java:logGet(43)) - raft.server.log.statemachine.data.caching.enabled = true (custom)
2019-10-29 17:14:52,185 [pool-97-thread-1] INFO  segmented.SegmentedRaftLogWorker (SegmentedRaftLogWorker.java:lambda$new$0(128)) - f54c2808-d9c3-4cf5-b20e-01d04cf0372e@group-9E188B1AC480-SegmentedRaftLogWorker: flushIndex: setUnconditionally 0 -> -1
2019-10-29 17:14:52,186 [pool-97-thread-1] INFO  server.RaftServerConfigKeys (ConfUtils.java:logGet(43)) - raft.server.snapshot.auto.trigger.enabled = true (custom)
2019-10-29 17:14:52,186 [pool-97-thread-1] INFO  server.RaftServerConfigKeys (ConfUtils.java:logGet(43)) - raft.server.snapshot.auto.trigger.threshold = 10000 (custom)
2019-10-29 17:14:52,186 [pool-97-thread-1] INFO  server.RaftServerConfigKeys (ConfUtils.java:logGet(43)) - raft.server.snapshot.retention.file.num = 5 (custom)
2019-10-29 17:14:52,186 [pool-97-thread-1] INFO  server.RaftServerConfigKeys (ConfUtils.java:logGet(43)) - raft.server.retrycache.expirytime = 600000ms (custom)
2019-10-29 17:14:52,186 [pool-97-thread-1] WARN  impl.MetricRegistriesImpl (MetricRegistriesImpl.java:lambda$create$1(61)) - First MetricRegistry has been created without registering reporters. You may need to call MetricRegistries.global().addReportRegistration(...) before.
2019-10-29 17:14:52,187 [pool-97-thread-1] WARN  impl.MetricRegistriesImpl (MetricRegistriesImpl.java:lambda$create$1(61)) - First MetricRegistry has been created without registering reporters. You may need to call MetricRegistries.global().addReportRegistration(...) before.
2019-10-29 17:14:52,187 [pool-97-thread-1] INFO  impl.RaftServerImpl (RaftServerImpl.java:start(184)) - f54c2808-d9c3-4cf5-b20e-01d04cf0372e@group-9E188B1AC480: start as a follower, conf=-1: [f54c2808-d9c3-4cf5-b20e-01d04cf0372e:192.168.164.217:42649, 955f790b-213e-49b0-ab75-435e183c5e0f:192.168.164.217:39224, 0eeffcb9-64ff-4e7e-9d73-900b69ee6fe9:192.168.164.217:38066], old=null
2019-10-29 17:14:52,187 [pool-97-thread-1] INFO  impl.RaftServerImpl (RaftServerImpl.java:setRole(173)) - f54c2808-d9c3-4cf5-b20e-01d04cf0372e@group-9E188B1AC480: changes role from      null to FOLLOWER at term 0 for startAsFollower
2019-10-29 17:14:52,187 [pool-97-thread-1] INFO  impl.RoleInfo (RoleInfo.java:updateAndGet(143)) - f54c2808-d9c3-4cf5-b20e-01d04cf0372e: start FollowerState
2019-10-29 17:14:52,188 [pool-97-thread-1] INFO  util.JmxRegister (JmxRegister.java:tryRegister(44)) - Successfully registered JMX Bean with object name Ratis:service=RaftServer,group=group-9E188B1AC480,id=f54c2808-d9c3-4cf5-b20e-01d04cf0372e
2019-10-29 17:14:52,188 [pool-97-thread-1] WARN  impl.MetricRegistriesImpl (MetricRegistriesImpl.java:lambda$create$1(61)) - First MetricRegistry has been created without registering reporters. You may need to call MetricRegistries.global().addReportRegistration(...) before.
2019-10-29 17:14:52,189 [Command processor thread] INFO  commandhandler.CreatePipelineCommandHandler (CreatePipelineCommandHandler.java:handle(86)) - Create Pipeline RATIS THREE #id: "c5ecdeee-63d1-46cc-b2d2-9e188b1ac480"
 command succeed on datanode f54c2808-d9c3-4cf5-b20e-01d04cf0372e.
2019-10-29 17:14:52,190 [EventQueue-PipelineReportForPipelineReportHandler] INFO  pipeline.PipelineReportHandler (PipelineReportHandler.java:processPipelineReport(104)) - Pipeline THREE PipelineID=c5ecdeee-63d1-46cc-b2d2-9e188b1ac480 reported by f54c2808-d9c3-4cf5-b20e-01d04cf0372e{ip: 192.168.164.217, host: pr-hdds-2034-76npd-2451761435, networkLocation: /default-rack, certSerialId: null}
2019-10-29 17:14:52,191 [EventQueue-PipelineReportForPipelineReportHandler] INFO  pipeline.PipelineStateManager (PipelineStateManager.java:openPipeline(134)) - Pipeline Pipeline[ Id: c5ecdeee-63d1-46cc-b2d2-9e188b1ac480, Nodes: 955f790b-213e-49b0-ab75-435e183c5e0f{ip: 192.168.164.217, host: pr-hdds-2034-76npd-2451761435, networkLocation: /default-rack, certSerialId: null}f54c2808-d9c3-4cf5-b20e-01d04cf0372e{ip: 192.168.164.217, host: pr-hdds-2034-76npd-2451761435, networkLocation: /default-rack, certSerialId: null}0eeffcb9-64ff-4e7e-9d73-900b69ee6fe9{ip: 192.168.164.217, host: pr-hdds-2034-76npd-2451761435, networkLocation: /default-rack, certSerialId: null}, Type:RATIS, Factor:THREE, State:ALLOCATED] moved to OPEN state
2019-10-29 17:14:55,083 [Thread-395] INFO  container.ReplicationManager (ReplicationManager.java:start(162)) - Starting Replication Monitor Thread.
2019-10-29 17:14:55,084 [ReplicationMonitor] INFO  container.ReplicationManager (ReplicationManager.java:run(225)) - Replication Monitor Thread took 0 milliseconds for processing 0 containers.
2019-10-29 17:14:55,149 [main] INFO  ozone.MiniOzoneClusterImpl (MiniOzoneClusterImpl.java:shutdown(338)) - Shutting down the Mini Ozone Cluster
2019-10-29 17:14:55,149 [main] INFO  ozone.MiniOzoneClusterImpl (MiniOzoneClusterImpl.java:stop(354)) - Stopping the Mini Ozone Cluster
2019-10-29 17:14:55,149 [main] INFO  ozone.MiniOzoneClusterImpl (MiniOzoneClusterImpl.java:stopOM(424)) - Stopping the OzoneManager
2019-10-29 17:14:55,149 [main] INFO  ipc.Server (Server.java:stop(3082)) - Stopping server on 45110
2019-10-29 17:14:55,157 [IPC Server Responder] INFO  ipc.Server (Server.java:run(1319)) - Stopping IPC Server Responder
2019-10-29 17:14:55,157 [main] INFO  ratis.OzoneManagerDoubleBuffer (OzoneManagerDoubleBuffer.java:stop(255)) - Stopping OMDoubleBuffer flush thread
2019-10-29 17:14:55,157 [IPC Server listener on 45110] INFO  ipc.Server (Server.java:run(1185)) - Stopping IPC Server listener on 45110
2019-10-29 17:14:55,165 [OMDoubleBufferFlushThread] INFO  ratis.OzoneManagerDoubleBuffer (OzoneManagerDoubleBuffer.java:flushTransactions(198)) - OMDoubleBuffer flush thread OMDoubleBufferFlushThread is interrupted and will exit. OMDoubleBufferFlushThread
2019-10-29 17:14:55,172 [main] INFO  utils.BackgroundService (BackgroundService.java:shutdown(151)) - Shutting down service KeyDeletingService
2019-10-29 17:14:55,173 [main] INFO  handler.ContextHandler (ContextHandler.java:doStop(910)) - Stopped o.e.j.w.WebAppContext@4b0b64cc{/,null,UNAVAILABLE}{/ozoneManager}
2019-10-29 17:14:55,174 [main] INFO  server.AbstractConnector (AbstractConnector.java:doStop(318)) - Stopped ServerConnector@59ce792e{HTTP/1.1,[http/1.1]}{0.0.0.0:0}
2019-10-29 17:14:55,175 [main] INFO  handler.ContextHandler (ContextHandler.java:doStop(910)) - Stopped o.e.j.s.ServletContextHandler@7e7f3cfd{/static,file:///workdir/hadoop-ozone/integration-test/target/test-classes/webapps/static,UNAVAILABLE}
2019-10-29 17:14:55,175 [main] INFO  handler.ContextHandler (ContextHandler.java:doStop(910)) - Stopped o.e.j.s.ServletContextHandler@77f68df{/logs,file:///workdir/hadoop-ozone/integration-test/target/log,UNAVAILABLE}
2019-10-29 17:14:55,178 [main] INFO  ozone.MiniOzoneClusterImpl (MiniOzoneClusterImpl.java:stopDatanodes(401)) - Stopping the HddsDatanodes
2019-10-29 17:14:56,068 [Datanode State Machine Thread - 0] INFO  statemachine.DatanodeStateMachine (DatanodeStateMachine.java:lambda$startDaemon$0(356)) - Ozone container server started.
2019-10-29 17:14:56,137 [Datanode State Machine Thread - 0] INFO  statemachine.DatanodeStateMachine (DatanodeStateMachine.java:lambda$startDaemon$0(356)) - Ozone container server started.
2019-10-29 17:14:57,078 [Thread-393] INFO  impl.FollowerState (FollowerState.java:run(111)) - 955f790b-213e-49b0-ab75-435e183c5e0f@group-9E188B1AC480-FollowerState: change to CANDIDATE, lastRpcTime:5012ms, electionTimeout:5012ms
2019-10-29 17:14:57,079 [Thread-393] INFO  impl.RoleInfo (RoleInfo.java:shutdownFollowerState(121)) - 955f790b-213e-49b0-ab75-435e183c5e0f: shutdown FollowerState
2019-10-29 17:14:57,079 [Thread-393] INFO  impl.RaftServerImpl (RaftServerImpl.java:setRole(173)) - 955f790b-213e-49b0-ab75-435e183c5e0f@group-9E188B1AC480: changes role from  FOLLOWER to CANDIDATE at term 0 for changeToCandidate
2019-10-29 17:14:57,079 [Thread-393] INFO  impl.RoleInfo (RoleInfo.java:updateAndGet(143)) - 955f790b-213e-49b0-ab75-435e183c5e0f: start LeaderElection
2019-10-29 17:14:57,100 [955f790b-213e-49b0-ab75-435e183c5e0f@group-9E188B1AC480-LeaderElection8] INFO  impl.LeaderElection (LeaderElection.java:askForVotes(178)) - 955f790b-213e-49b0-ab75-435e183c5e0f@group-9E188B1AC480-LeaderElection8: begin an election at term 1 for -1: [f54c2808-d9c3-4cf5-b20e-01d04cf0372e:192.168.164.217:42649, 955f790b-213e-49b0-ab75-435e183c5e0f:192.168.164.217:39224, 0eeffcb9-64ff-4e7e-9d73-900b69ee6fe9:192.168.164.217:38066], old=null
2019-10-29 17:14:57,136 [grpc-default-executor-0] INFO  impl.RaftServerImpl (RaftServerImpl.java:setRole(173)) - f54c2808-d9c3-4cf5-b20e-01d04cf0372e@group-9E188B1AC480: changes role from  FOLLOWER to FOLLOWER at term 1 for recognizeCandidate:955f790b-213e-49b0-ab75-435e183c5e0f
2019-10-29 17:14:57,136 [grpc-default-executor-1] INFO  impl.RaftServerImpl (RaftServerImpl.java:setRole(173)) - 0eeffcb9-64ff-4e7e-9d73-900b69ee6fe9@group-9E188B1AC480: changes role from  FOLLOWER to FOLLOWER at term 1 for recognizeCandidate:955f790b-213e-49b0-ab75-435e183c5e0f
2019-10-29 17:14:57,136 [grpc-default-executor-0] INFO  impl.RoleInfo (RoleInfo.java:shutdownFollowerState(121)) - f54c2808-d9c3-4cf5-b20e-01d04cf0372e: shutdown FollowerState
2019-10-29 17:14:57,136 [grpc-default-executor-1] INFO  impl.RoleInfo (RoleInfo.java:shutdownFollowerState(121)) - 0eeffcb9-64ff-4e7e-9d73-900b69ee6fe9: shutdown FollowerState
2019-10-29 17:14:57,136 [Thread-403] INFO  impl.FollowerState (FollowerState.java:run(120)) - f54c2808-d9c3-4cf5-b20e-01d04cf0372e@group-9E188B1AC480-FollowerState was interrupted: java.lang.InterruptedException: sleep interrupted
2019-10-29 17:14:57,136 [grpc-default-executor-0] INFO  impl.RoleInfo (RoleInfo.java:updateAndGet(143)) - f54c2808-d9c3-4cf5-b20e-01d04cf0372e: start FollowerState
2019-10-29 17:14:57,137 [Thread-399] INFO  impl.FollowerState (FollowerState.java:run(120)) - 0eeffcb9-64ff-4e7e-9d73-900b69ee6fe9@group-9E188B1AC480-FollowerState was interrupted: java.lang.InterruptedException: sleep interrupted
2019-10-29 17:14:57,137 [grpc-default-executor-1] INFO  impl.RoleInfo (RoleInfo.java:updateAndGet(143)) - 0eeffcb9-64ff-4e7e-9d73-900b69ee6fe9: start FollowerState
2019-10-29 17:14:57,162 [955f790b-213e-49b0-ab75-435e183c5e0f@group-9E188B1AC480-LeaderElection8] INFO  impl.LeaderElection (LeaderElection.java:logAndReturn(56)) - 955f790b-213e-49b0-ab75-435e183c5e0f@group-9E188B1AC480-LeaderElection8: Election PASSED; received 1 response(s) [955f790b-213e-49b0-ab75-435e183c5e0f<-f54c2808-d9c3-4cf5-b20e-01d04cf0372e#0:OK-t1] and 0 exception(s); 955f790b-213e-49b0-ab75-435e183c5e0f@group-9E188B1AC480:t1, leader=null, voted=955f790b-213e-49b0-ab75-435e183c5e0f, raftlog=955f790b-213e-49b0-ab75-435e183c5e0f@group-9E188B1AC480-SegmentedRaftLog:OPENED:c-1,f-1,i0, conf=-1: [f54c2808-d9c3-4cf5-b20e-01d04cf0372e:192.168.164.217:42649, 955f790b-213e-49b0-ab75-435e183c5e0f:192.168.164.217:39224, 0eeffcb9-64ff-4e7e-9d73-900b69ee6fe9:192.168.164.217:38066], old=null
2019-10-29 17:14:57,163 [955f790b-213e-49b0-ab75-435e183c5e0f@group-9E188B1AC480-LeaderElection8] INFO  impl.RoleInfo (RoleInfo.java:shutdownLeaderElection(134)) - 955f790b-213e-49b0-ab75-435e183c5e0f: shutdown LeaderElection
2019-10-29 17:14:57,164 [955f790b-213e-49b0-ab75-435e183c5e0f@group-9E188B1AC480-LeaderElection8] INFO  impl.RaftServerImpl (RaftServerImpl.java:setRole(173)) - 955f790b-213e-49b0-ab75-435e183c5e0f@group-9E188B1AC480: changes role from CANDIDATE to LEADER at term 1 for changeToLeader
2019-10-29 17:14:57,164 [955f790b-213e-49b0-ab75-435e183c5e0f@group-9E188B1AC480-LeaderElection8] INFO  impl.RaftServerImpl (ServerState.java:setLeader(255)) - 955f790b-213e-49b0-ab75-435e183c5e0f@group-9E188B1AC480: change Leader from null to 955f790b-213e-49b0-ab75-435e183c5e0f at term 1 for becomeLeader, leader elected after 5104ms
2019-10-29 17:14:57,165 [955f790b-213e-49b0-ab75-435e183c5e0f@group-9E188B1AC480-LeaderElection8] INFO  server.RaftServerConfigKeys (ConfUtils.java:logGet(43)) - raft.server.staging.catchup.gap = 1000 (default)
2019-10-29 17:14:57,165 [955f790b-213e-49b0-ab75-435e183c5e0f@group-9E188B1AC480-LeaderElection8] INFO  server.RaftServerConfigKeys (ConfUtils.java:logGet(43)) - raft.server.rpc.sleep.time = 25ms (default)
2019-10-29 17:14:57,166 [955f790b-213e-49b0-ab75-435e183c5e0f@group-9E188B1AC480-LeaderElection8] INFO  server.RaftServerConfigKeys (ConfUtils.java:logGet(43)) - raft.server.write.element-limit = 4096 (default)
2019-10-29 17:14:57,166 [955f790b-213e-49b0-ab75-435e183c5e0f@group-9E188B1AC480-LeaderElection8] INFO  server.RaftServerConfigKeys (ConfUtils.java:logGet(43)) - raft.server.watch.timeout = 10s (default)
2019-10-29 17:14:57,166 [955f790b-213e-49b0-ab75-435e183c5e0f@group-9E188B1AC480-LeaderElection8] INFO  server.RaftServerConfigKeys (ConfUtils.java:logGet(43)) - raft.server.watch.timeout.denomination = 1s (default)
2019-10-29 17:14:57,166 [Thread-389] INFO  impl.FollowerState (FollowerState.java:run(111)) - 955f790b-213e-49b0-ab75-435e183c5e0f@group-09384BF62E4C-FollowerState: change to CANDIDATE, lastRpcTime:5140ms, electionTimeout:5140ms
2019-10-29 17:14:57,166 [955f790b-213e-49b0-ab75-435e183c5e0f@group-9E188B1AC480-LeaderElection8] INFO  server.RaftServerConfigKeys (ConfUtils.java:logGet(43)) - raft.server.watch.element-limit = 65536 (default)
2019-10-29 17:14:57,167 [Thread-389] INFO  impl.RoleInfo (RoleInfo.java:shutdownFollowerState(121)) - 955f790b-213e-49b0-ab75-435e183c5e0f: shutdown FollowerState
2019-10-29 17:14:57,167 [Thread-389] INFO  impl.RaftServerImpl (RaftServerImpl.java:setRole(173)) - 955f790b-213e-49b0-ab75-435e183c5e0f@group-09384BF62E4C: changes role from  FOLLOWER to CANDIDATE at term 0 for changeToCandidate
2019-10-29 17:14:57,167 [Thread-389] INFO  impl.RoleInfo (RoleInfo.java:updateAndGet(143)) - 955f790b-213e-49b0-ab75-435e183c5e0f: start LeaderElection
2019-10-29 17:14:57,173 [955f790b-213e-49b0-ab75-435e183c5e0f@group-09384BF62E4C-LeaderElection9] INFO  impl.LeaderElection (LeaderElection.java:askForVotes(178)) - 955f790b-213e-49b0-ab75-435e183c5e0f@group-09384BF62E4C-LeaderElection9: begin an election at term 1 for -1: [955f790b-213e-49b0-ab75-435e183c5e0f:192.168.164.217:39224], old=null
2019-10-29 17:14:57,174 [955f790b-213e-49b0-ab75-435e183c5e0f@group-09384BF62E4C-LeaderElection9] INFO  impl.RoleInfo (RoleInfo.java:shutdownLeaderElection(134)) - 955f790b-213e-49b0-ab75-435e183c5e0f: shutdown LeaderElection
2019-10-29 17:14:57,174 [955f790b-213e-49b0-ab75-435e183c5e0f@group-09384BF62E4C-LeaderElection9] INFO  impl.RaftServerImpl (RaftServerImpl.java:setRole(173)) - 955f790b-213e-49b0-ab75-435e183c5e0f@group-09384BF62E4C: changes role from CANDIDATE to LEADER at term 1 for changeToLeader
2019-10-29 17:14:57,174 [955f790b-213e-49b0-ab75-435e183c5e0f@group-09384BF62E4C-LeaderElection9] INFO  impl.RaftServerImpl (ServerState.java:setLeader(255)) - 955f790b-213e-49b0-ab75-435e183c5e0f@group-09384BF62E4C: change Leader from null to 955f790b-213e-49b0-ab75-435e183c5e0f at term 1 for becomeLeader, leader elected after 5154ms
2019-10-29 17:14:57,174 [955f790b-213e-49b0-ab75-435e183c5e0f@group-9E188B1AC480-LeaderElection8] INFO  server.RaftServerConfigKeys (ConfUtils.java:logGet(43)) - raft.server.log.appender.snapshot.chunk.size.max = 16MB (=16777216) (default)
2019-10-29 17:14:57,174 [955f790b-213e-49b0-ab75-435e183c5e0f@group-09384BF62E4C-LeaderElection9] INFO  server.RaftServerConfigKeys (ConfUtils.java:logGet(43)) - raft.server.staging.catchup.gap = 1000 (default)
2019-10-29 17:14:57,174 [955f790b-213e-49b0-ab75-435e183c5e0f@group-9E188B1AC480-LeaderElection8] INFO  server.RaftServerConfigKeys (ConfUtils.java:logGet(43)) - raft.server.log.appender.buffer.byte-limit = 33554432 (custom)
2019-10-29 17:14:57,175 [955f790b-213e-49b0-ab75-435e183c5e0f@group-09384BF62E4C-LeaderElection9] INFO  server.RaftServerConfigKeys (ConfUtils.java:logGet(43)) - raft.server.rpc.sleep.time = 25ms (default)
2019-10-29 17:14:57,175 [955f790b-213e-49b0-ab75-435e183c5e0f@group-09384BF62E4C-LeaderElection9] INFO  server.RaftServerConfigKeys (ConfUtils.java:logGet(43)) - raft.server.write.element-limit = 4096 (default)
2019-10-29 17:14:57,175 [955f790b-213e-49b0-ab75-435e183c5e0f@group-9E188B1AC480-LeaderElection8] INFO  server.RaftServerConfigKeys (ConfUtils.java:logGet(43)) - raft.server.log.appender.buffer.element-limit = 1 (custom)
2019-10-29 17:14:57,175 [955f790b-213e-49b0-ab75-435e183c5e0f@group-09384BF62E4C-LeaderElection9] INFO  server.RaftServerConfigKeys (ConfUtils.java:logGet(43)) - raft.server.watch.timeout = 10s (default)
2019-10-29 17:14:57,176 [955f790b-213e-49b0-ab75-435e183c5e0f@group-09384BF62E4C-LeaderElection9] INFO  server.RaftServerConfigKeys (ConfUtils.java:logGet(43)) - raft.server.watch.timeout.denomination = 1s (default)
2019-10-29 17:14:57,176 [955f790b-213e-49b0-ab75-435e183c5e0f@group-09384BF62E4C-LeaderElection9] INFO  server.RaftServerConfigKeys (ConfUtils.java:logGet(43)) - raft.server.watch.element-limit = 65536 (default)
2019-10-29 17:14:57,176 [955f790b-213e-49b0-ab75-435e183c5e0f@group-09384BF62E4C-LeaderElection9] INFO  impl.RoleInfo (RoleInfo.java:updateAndGet(143)) - 955f790b-213e-49b0-ab75-435e183c5e0f: start LeaderState
2019-10-29 17:14:57,176 [955f790b-213e-49b0-ab75-435e183c5e0f@group-09384BF62E4C-LeaderElection9] INFO  segmented.SegmentedRaftLogWorker (SegmentedRaftLogWorker.java:startLogSegment(385)) - 955f790b-213e-49b0-ab75-435e183c5e0f@group-09384BF62E4C-SegmentedRaftLogWorker: Starting segment from index:0
2019-10-29 17:14:57,177 [955f790b-213e-49b0-ab75-435e183c5e0f@group-09384BF62E4C-LeaderElection9] INFO  impl.RaftServerImpl (ServerState.java:setRaftConf(356)) - 955f790b-213e-49b0-ab75-435e183c5e0f@group-09384BF62E4C: set configuration 0: [955f790b-213e-49b0-ab75-435e183c5e0f:192.168.164.217:39224], old=null at 0
2019-10-29 17:14:57,221 [955f790b-213e-49b0-ab75-435e183c5e0f@group-9E188B1AC480-LeaderElection8] INFO  grpc.GrpcConfigKeys$Server (ConfUtils.java:logGet(43)) - raft.grpc.server.leader.outstanding.appends.max = 128 (default)
2019-10-29 17:14:57,222 [955f790b-213e-49b0-ab75-435e183c5e0f@group-9E188B1AC480-LeaderElection8] INFO  server.RaftServerConfigKeys (ConfUtils.java:logGet(43)) - raft.server.rpc.request.timeout = 3000ms (default)
2019-10-29 17:14:57,222 [955f790b-213e-49b0-ab75-435e183c5e0f@group-09384BF62E4C-SegmentedRaftLogWorker] INFO  segmented.SegmentedRaftLogWorker (SegmentedRaftLogWorker.java:execute(576)) - 955f790b-213e-49b0-ab75-435e183c5e0f@group-09384BF62E4C-SegmentedRaftLogWorker: created new log segment /workdir/hadoop-ozone/integration-test/target/test-dir/MiniOzoneClusterImpl-46368c21-8946-4203-bc0e-a2a0469d6ddc/datanode-0/data/ratis/def3589d-4d53-419c-a6da-09384bf62e4c/current/log_inprogress_0
2019-10-29 17:14:57,222 [955f790b-213e-49b0-ab75-435e183c5e0f@group-9E188B1AC480-LeaderElection8] INFO  server.RaftServerConfigKeys (ConfUtils.java:logGet(43)) - raft.server.log.appender.install.snapshot.enabled = false (custom)
2019-10-29 17:14:57,224 [955f790b-213e-49b0-ab75-435e183c5e0f@group-9E188B1AC480-LeaderElection8] WARN  impl.MetricRegistriesImpl (MetricRegistriesImpl.java:lambda$create$1(61)) - First MetricRegistry has been created without registering reporters. You may need to call MetricRegistries.global().addReportRegistration(...) before.
2019-10-29 17:14:57,226 [955f790b-213e-49b0-ab75-435e183c5e0f@group-9E188B1AC480-LeaderElection8] INFO  server.RaftServerConfigKeys (ConfUtils.java:logGet(43)) - raft.server.log.appender.snapshot.chunk.size.max = 16MB (=16777216) (default)
2019-10-29 17:14:57,226 [955f790b-213e-49b0-ab75-435e183c5e0f@group-9E188B1AC480-LeaderElection8] INFO  server.RaftServerConfigKeys (ConfUtils.java:logGet(43)) - raft.server.log.appender.buffer.byte-limit = 33554432 (custom)
2019-10-29 17:14:57,226 [955f790b-213e-49b0-ab75-435e183c5e0f@group-9E188B1AC480-LeaderElection8] INFO  server.RaftServerConfigKeys (ConfUtils.java:logGet(43)) - raft.server.log.appender.buffer.element-limit = 1 (custom)
2019-10-29 17:14:57,227 [955f790b-213e-49b0-ab75-435e183c5e0f@group-9E188B1AC480-LeaderElection8] INFO  grpc.GrpcConfigKeys$Server (ConfUtils.java:logGet(43)) - raft.grpc.server.leader.outstanding.appends.max = 128 (default)
2019-10-29 17:14:57,227 [955f790b-213e-49b0-ab75-435e183c5e0f@group-9E188B1AC480-LeaderElection8] INFO  server.RaftServerConfigKeys (ConfUtils.java:logGet(43)) - raft.server.rpc.request.timeout = 3000ms (default)
2019-10-29 17:14:57,227 [955f790b-213e-49b0-ab75-435e183c5e0f@group-9E188B1AC480-LeaderElection8] INFO  server.RaftServerConfigKeys (ConfUtils.java:logGet(43)) - raft.server.log.appender.install.snapshot.enabled = false (custom)
2019-10-29 17:14:57,231 [955f790b-213e-49b0-ab75-435e183c5e0f@group-9E188B1AC480-LeaderElection8] INFO  impl.RoleInfo (RoleInfo.java:updateAndGet(143)) - 955f790b-213e-49b0-ab75-435e183c5e0f: start LeaderState
2019-10-29 17:14:57,232 [955f790b-213e-49b0-ab75-435e183c5e0f@group-9E188B1AC480-LeaderElection8] INFO  segmented.SegmentedRaftLogWorker (SegmentedRaftLogWorker.java:startLogSegment(385)) - 955f790b-213e-49b0-ab75-435e183c5e0f@group-9E188B1AC480-SegmentedRaftLogWorker: Starting segment from index:0
2019-10-29 17:14:57,233 [955f790b-213e-49b0-ab75-435e183c5e0f@group-9E188B1AC480-LeaderElection8] INFO  impl.RaftServerImpl (ServerState.java:setRaftConf(356)) - 955f790b-213e-49b0-ab75-435e183c5e0f@group-9E188B1AC480: set configuration 0: [f54c2808-d9c3-4cf5-b20e-01d04cf0372e:192.168.164.217:42649, 955f790b-213e-49b0-ab75-435e183c5e0f:192.168.164.217:39224, 0eeffcb9-64ff-4e7e-9d73-900b69ee6fe9:192.168.164.217:38066], old=null at 0
2019-10-29 17:14:57,274 [955f790b-213e-49b0-ab75-435e183c5e0f@group-9E188B1AC480-SegmentedRaftLogWorker] INFO  segmented.SegmentedRaftLogWorker (SegmentedRaftLogWorker.java:execute(576)) - 955f790b-213e-49b0-ab75-435e183c5e0f@group-9E188B1AC480-SegmentedRaftLogWorker: created new log segment /workdir/hadoop-ozone/integration-test/target/test-dir/MiniOzoneClusterImpl-46368c21-8946-4203-bc0e-a2a0469d6ddc/datanode-0/data/ratis/c5ecdeee-63d1-46cc-b2d2-9e188b1ac480/current/log_inprogress_0
2019-10-29 17:14:57,289 [Thread-397] INFO  impl.FollowerState (FollowerState.java:run(111)) - 0eeffcb9-64ff-4e7e-9d73-900b69ee6fe9@group-790A4EEF98FB-FollowerState: change to CANDIDATE, lastRpcTime:5189ms, electionTimeout:5189ms
2019-10-29 17:14:57,289 [Thread-397] INFO  impl.RoleInfo (RoleInfo.java:shutdownFollowerState(121)) - 0eeffcb9-64ff-4e7e-9d73-900b69ee6fe9: shutdown FollowerState
2019-10-29 17:14:57,289 [Thread-397] INFO  impl.RaftServerImpl (RaftServerImpl.java:setRole(173)) - 0eeffcb9-64ff-4e7e-9d73-900b69ee6fe9@group-790A4EEF98FB: changes role from  FOLLOWER to CANDIDATE at term 0 for changeToCandidate
2019-10-29 17:14:57,289 [Thread-397] INFO  impl.RoleInfo (RoleInfo.java:updateAndGet(143)) - 0eeffcb9-64ff-4e7e-9d73-900b69ee6fe9: start LeaderElection
2019-10-29 17:14:57,296 [0eeffcb9-64ff-4e7e-9d73-900b69ee6fe9@group-790A4EEF98FB-LeaderElection10] INFO  impl.LeaderElection (LeaderElection.java:askForVotes(178)) - 0eeffcb9-64ff-4e7e-9d73-900b69ee6fe9@group-790A4EEF98FB-LeaderElection10: begin an election at term 1 for -1: [0eeffcb9-64ff-4e7e-9d73-900b69ee6fe9:192.168.164.217:38066], old=null
2019-10-29 17:14:57,296 [0eeffcb9-64ff-4e7e-9d73-900b69ee6fe9@group-790A4EEF98FB-LeaderElection10] INFO  impl.RoleInfo (RoleInfo.java:shutdownLeaderElection(134)) - 0eeffcb9-64ff-4e7e-9d73-900b69ee6fe9: shutdown LeaderElection
2019-10-29 17:14:57,296 [0eeffcb9-64ff-4e7e-9d73-900b69ee6fe9@group-790A4EEF98FB-LeaderElection10] INFO  impl.RaftServerImpl (RaftServerImpl.java:setRole(173)) - 0eeffcb9-64ff-4e7e-9d73-900b69ee6fe9@group-790A4EEF98FB: changes role from CANDIDATE to LEADER at term 1 for changeToLeader
2019-10-29 17:14:57,296 [0eeffcb9-64ff-4e7e-9d73-900b69ee6fe9@group-790A4EEF98FB-LeaderElection10] INFO  impl.RaftServerImpl (ServerState.java:setLeader(255)) - 0eeffcb9-64ff-4e7e-9d73-900b69ee6fe9@group-790A4EEF98FB: change Leader from null to 0eeffcb9-64ff-4e7e-9d73-900b69ee6fe9 at term 1 for becomeLeader, leader elected after 5202ms
2019-10-29 17:14:57,296 [0eeffcb9-64ff-4e7e-9d73-900b69ee6fe9@group-790A4EEF98FB-LeaderElection10] INFO  server.RaftServerConfigKeys (ConfUtils.java:logGet(43)) - raft.server.staging.catchup.gap = 1000 (default)
2019-10-29 17:14:57,297 [0eeffcb9-64ff-4e7e-9d73-900b69ee6fe9@group-790A4EEF98FB-LeaderElection10] INFO  server.RaftServerConfigKeys (ConfUtils.java:logGet(43)) - raft.server.rpc.sleep.time = 25ms (default)
2019-10-29 17:14:57,297 [0eeffcb9-64ff-4e7e-9d73-900b69ee6fe9@group-790A4EEF98FB-LeaderElection10] INFO  server.RaftServerConfigKeys (ConfUtils.java:logGet(43)) - raft.server.write.element-limit = 4096 (default)
2019-10-29 17:14:57,297 [0eeffcb9-64ff-4e7e-9d73-900b69ee6fe9@group-790A4EEF98FB-LeaderElection10] INFO  server.RaftServerConfigKeys (ConfUtils.java:logGet(43)) - raft.server.watch.timeout = 10s (default)
2019-10-29 17:14:57,297 [0eeffcb9-64ff-4e7e-9d73-900b69ee6fe9@group-790A4EEF98FB-LeaderElection10] INFO  server.RaftServerConfigKeys (ConfUtils.java:logGet(43)) - raft.server.watch.timeout.denomination = 1s (default)
2019-10-29 17:14:57,297 [0eeffcb9-64ff-4e7e-9d73-900b69ee6fe9@group-790A4EEF98FB-LeaderElection10] INFO  server.RaftServerConfigKeys (ConfUtils.java:logGet(43)) - raft.server.watch.element-limit = 65536 (default)
2019-10-29 17:14:57,298 [0eeffcb9-64ff-4e7e-9d73-900b69ee6fe9@group-790A4EEF98FB-LeaderElection10] INFO  impl.RoleInfo (RoleInfo.java:updateAndGet(143)) - 0eeffcb9-64ff-4e7e-9d73-900b69ee6fe9: start LeaderState
2019-10-29 17:14:57,298 [0eeffcb9-64ff-4e7e-9d73-900b69ee6fe9@group-790A4EEF98FB-LeaderElection10] INFO  segmented.SegmentedRaftLogWorker (SegmentedRaftLogWorker.java:startLogSegment(385)) - 0eeffcb9-64ff-4e7e-9d73-900b69ee6fe9@group-790A4EEF98FB-SegmentedRaftLogWorker: Starting segment from index:0
2019-10-29 17:14:57,299 [0eeffcb9-64ff-4e7e-9d73-900b69ee6fe9@group-790A4EEF98FB-LeaderElection10] INFO  impl.RaftServerImpl (ServerState.java:setRaftConf(356)) - 0eeffcb9-64ff-4e7e-9d73-900b69ee6fe9@group-790A4EEF98FB: set configuration 0: [0eeffcb9-64ff-4e7e-9d73-900b69ee6fe9:192.168.164.217:38066], old=null at 0
2019-10-29 17:14:57,338 [Thread-401] INFO  impl.FollowerState (FollowerState.java:run(111)) - f54c2808-d9c3-4cf5-b20e-01d04cf0372e@group-61F7FAFF0946-FollowerState: change to CANDIDATE, lastRpcTime:5171ms, electionTimeout:5156ms
2019-10-29 17:14:57,338 [Thread-401] INFO  impl.RoleInfo (RoleInfo.java:shutdownFollowerState(121)) - f54c2808-d9c3-4cf5-b20e-01d04cf0372e: shutdown FollowerState
2019-10-29 17:14:57,338 [Thread-401] INFO  impl.RaftServerImpl (RaftServerImpl.java:setRole(173)) - f54c2808-d9c3-4cf5-b20e-01d04cf0372e@group-61F7FAFF0946: changes role from  FOLLOWER to CANDIDATE at term 0 for changeToCandidate
2019-10-29 17:14:57,339 [Thread-401] INFO  impl.RoleInfo (RoleInfo.java:updateAndGet(143)) - f54c2808-d9c3-4cf5-b20e-01d04cf0372e: start LeaderElection
2019-10-29 17:14:57,347 [grpc-default-executor-1] INFO  impl.RaftServerImpl (ServerState.java:setLeader(255)) - 0eeffcb9-64ff-4e7e-9d73-900b69ee6fe9@group-9E188B1AC480: change Leader from null to 955f790b-213e-49b0-ab75-435e183c5e0f at term 1 for appendEntries, leader elected after 5215ms
2019-10-29 17:14:57,347 [grpc-default-executor-0] INFO  impl.RaftServerImpl (ServerState.java:setLeader(255)) - f54c2808-d9c3-4cf5-b20e-01d04cf0372e@group-9E188B1AC480: change Leader from null to 955f790b-213e-49b0-ab75-435e183c5e0f at term 1 for appendEntries, leader elected after 5165ms
2019-10-29 17:14:57,350 [0eeffcb9-64ff-4e7e-9d73-900b69ee6fe9@group-790A4EEF98FB-SegmentedRaftLogWorker] INFO  segmented.SegmentedRaftLogWorker (SegmentedRaftLogWorker.java:execute(576)) - 0eeffcb9-64ff-4e7e-9d73-900b69ee6fe9@group-790A4EEF98FB-SegmentedRaftLogWorker: created new log segment /workdir/hadoop-ozone/integration-test/target/test-dir/MiniOzoneClusterImpl-46368c21-8946-4203-bc0e-a2a0469d6ddc/datanode-1/data/ratis/effc71b6-39ce-463a-81d0-790a4eef98fb/current/log_inprogress_0
2019-10-29 17:14:57,350 [f54c2808-d9c3-4cf5-b20e-01d04cf0372e@group-61F7FAFF0946-LeaderElection11] INFO  impl.LeaderElection (LeaderElection.java:askForVotes(178)) - f54c2808-d9c3-4cf5-b20e-01d04cf0372e@group-61F7FAFF0946-LeaderElection11: begin an election at term 1 for -1: [f54c2808-d9c3-4cf5-b20e-01d04cf0372e:192.168.164.217:42649], old=null
2019-10-29 17:14:57,350 [f54c2808-d9c3-4cf5-b20e-01d04cf0372e@group-61F7FAFF0946-LeaderElection11] INFO  impl.RoleInfo (RoleInfo.java:shutdownLeaderElection(134)) - f54c2808-d9c3-4cf5-b20e-01d04cf0372e: shutdown LeaderElection
2019-10-29 17:14:57,351 [f54c2808-d9c3-4cf5-b20e-01d04cf0372e@group-61F7FAFF0946-LeaderElection11] INFO  impl.RaftServerImpl (RaftServerImpl.java:setRole(173)) - f54c2808-d9c3-4cf5-b20e-01d04cf0372e@group-61F7FAFF0946: changes role from CANDIDATE to LEADER at term 1 for changeToLeader
2019-10-29 17:14:57,351 [f54c2808-d9c3-4cf5-b20e-01d04cf0372e@group-61F7FAFF0946-LeaderElection11] INFO  impl.RaftServerImpl (ServerState.java:setLeader(255)) - f54c2808-d9c3-4cf5-b20e-01d04cf0372e@group-61F7FAFF0946: change Leader from null to f54c2808-d9c3-4cf5-b20e-01d04cf0372e at term 1 for becomeLeader, leader elected after 5189ms
2019-10-29 17:14:57,351 [f54c2808-d9c3-4cf5-b20e-01d04cf0372e@group-61F7FAFF0946-LeaderElection11] INFO  server.RaftServerConfigKeys (ConfUtils.java:logGet(43)) - raft.server.staging.catchup.gap = 1000 (default)
2019-10-29 17:14:57,351 [f54c2808-d9c3-4cf5-b20e-01d04cf0372e@group-61F7FAFF0946-LeaderElection11] INFO  server.RaftServerConfigKeys (ConfUtils.java:logGet(43)) - raft.server.rpc.sleep.time = 25ms (default)
2019-10-29 17:14:57,352 [f54c2808-d9c3-4cf5-b20e-01d04cf0372e@group-61F7FAFF0946-LeaderElection11] INFO  server.RaftServerConfigKeys (ConfUtils.java:logGet(43)) - raft.server.write.element-limit = 4096 (default)
2019-10-29 17:14:57,353 [f54c2808-d9c3-4cf5-b20e-01d04cf0372e@group-61F7FAFF0946-LeaderElection11] INFO  server.RaftServerConfigKeys (ConfUtils.java:logGet(43)) - raft.server.watch.timeout = 10s (default)
2019-10-29 17:14:57,354 [f54c2808-d9c3-4cf5-b20e-01d04cf0372e@group-61F7FAFF0946-LeaderElection11] INFO  server.RaftServerConfigKeys (ConfUtils.java:logGet(43)) - raft.server.watch.timeout.denomination = 1s (default)
2019-10-29 17:14:57,354 [f54c2808-d9c3-4cf5-b20e-01d04cf0372e@group-61F7FAFF0946-LeaderElection11] INFO  server.RaftServerConfigKeys (ConfUtils.java:logGet(43)) - raft.server.watch.element-limit = 65536 (default)
2019-10-29 17:14:57,355 [f54c2808-d9c3-4cf5-b20e-01d04cf0372e@group-61F7FAFF0946-LeaderElection11] INFO  impl.RoleInfo (RoleInfo.java:updateAndGet(143)) - f54c2808-d9c3-4cf5-b20e-01d04cf0372e: start LeaderState
2019-10-29 17:14:57,355 [f54c2808-d9c3-4cf5-b20e-01d04cf0372e@group-61F7FAFF0946-LeaderElection11] INFO  segmented.SegmentedRaftLogWorker (SegmentedRaftLogWorker.java:startLogSegment(385)) - f54c2808-d9c3-4cf5-b20e-01d04cf0372e@group-61F7FAFF0946-SegmentedRaftLogWorker: Starting segment from index:0
2019-10-29 17:14:57,356 [f54c2808-d9c3-4cf5-b20e-01d04cf0372e@group-61F7FAFF0946-LeaderElection11] INFO  impl.RaftServerImpl (ServerState.java:setRaftConf(356)) - f54c2808-d9c3-4cf5-b20e-01d04cf0372e@group-61F7FAFF0946: set configuration 0: [f54c2808-d9c3-4cf5-b20e-01d04cf0372e:192.168.164.217:42649], old=null at 0
2019-10-29 17:14:57,400 [f54c2808-d9c3-4cf5-b20e-01d04cf0372e@group-61F7FAFF0946-SegmentedRaftLogWorker] INFO  segmented.SegmentedRaftLogWorker (SegmentedRaftLogWorker.java:execute(576)) - f54c2808-d9c3-4cf5-b20e-01d04cf0372e@group-61F7FAFF0946-SegmentedRaftLogWorker: created new log segment /workdir/hadoop-ozone/integration-test/target/test-dir/MiniOzoneClusterImpl-46368c21-8946-4203-bc0e-a2a0469d6ddc/datanode-2/data/ratis/221cd338-a43a-4bff-9641-61f7faff0946/current/log_inprogress_0
2019-10-29 17:14:57,413 [grpc-default-executor-1] INFO  impl.RaftServerImpl (ServerState.java:setRaftConf(356)) - f54c2808-d9c3-4cf5-b20e-01d04cf0372e@group-9E188B1AC480: set configuration 0: [f54c2808-d9c3-4cf5-b20e-01d04cf0372e:192.168.164.217:42649, 955f790b-213e-49b0-ab75-435e183c5e0f:192.168.164.217:39224, 0eeffcb9-64ff-4e7e-9d73-900b69ee6fe9:192.168.164.217:38066], old=null at 0
2019-10-29 17:14:57,413 [grpc-default-executor-0] INFO  impl.RaftServerImpl (ServerState.java:setRaftConf(356)) - 0eeffcb9-64ff-4e7e-9d73-900b69ee6fe9@group-9E188B1AC480: set configuration 0: [f54c2808-d9c3-4cf5-b20e-01d04cf0372e:192.168.164.217:42649, 955f790b-213e-49b0-ab75-435e183c5e0f:192.168.164.217:39224, 0eeffcb9-64ff-4e7e-9d73-900b69ee6fe9:192.168.164.217:38066], old=null at 0
2019-10-29 17:14:57,413 [grpc-default-executor-1] INFO  segmented.SegmentedRaftLogWorker (SegmentedRaftLogWorker.java:startLogSegment(385)) - f54c2808-d9c3-4cf5-b20e-01d04cf0372e@group-9E188B1AC480-SegmentedRaftLogWorker: Starting segment from index:0
2019-10-29 17:14:57,413 [grpc-default-executor-0] INFO  segmented.SegmentedRaftLogWorker (SegmentedRaftLogWorker.java:startLogSegment(385)) - 0eeffcb9-64ff-4e7e-9d73-900b69ee6fe9@group-9E188B1AC480-SegmentedRaftLogWorker: Starting segment from index:0
2019-10-29 17:14:57,466 [0eeffcb9-64ff-4e7e-9d73-900b69ee6fe9@group-9E188B1AC480-SegmentedRaftLogWorker] INFO  segmented.SegmentedRaftLogWorker (SegmentedRaftLogWorker.java:execute(576)) - 0eeffcb9-64ff-4e7e-9d73-900b69ee6fe9@group-9E188B1AC480-SegmentedRaftLogWorker: created new log segment /workdir/hadoop-ozone/integration-test/target/test-dir/MiniOzoneClusterImpl-46368c21-8946-4203-bc0e-a2a0469d6ddc/datanode-1/data/ratis/c5ecdeee-63d1-46cc-b2d2-9e188b1ac480/current/log_inprogress_0
2019-10-29 17:14:57,466 [f54c2808-d9c3-4cf5-b20e-01d04cf0372e@group-9E188B1AC480-SegmentedRaftLogWorker] INFO  segmented.SegmentedRaftLogWorker (SegmentedRaftLogWorker.java:execute(576)) - f54c2808-d9c3-4cf5-b20e-01d04cf0372e@group-9E188B1AC480-SegmentedRaftLogWorker: created new log segment /workdir/hadoop-ozone/integration-test/target/test-dir/MiniOzoneClusterImpl-46368c21-8946-4203-bc0e-a2a0469d6ddc/datanode-2/data/ratis/c5ecdeee-63d1-46cc-b2d2-9e188b1ac480/current/log_inprogress_0
2019-10-29 17:15:00,180 [main] INFO  ozoneimpl.OzoneContainer (OzoneContainer.java:stop(227)) - Attempting to stop container services.
2019-10-29 17:15:00,180 [ForkJoinPool.commonPool-worker-0] INFO  ozoneimpl.OzoneContainer (OzoneContainer.java:stop(227)) - Attempting to stop container services.
2019-10-29 17:15:00,181 [main] INFO  impl.RaftServerProxy (RaftServerProxy.java:lambda$close$4(314)) - 0eeffcb9-64ff-4e7e-9d73-900b69ee6fe9: close
2019-10-29 17:15:00,182 [ForkJoinPool.commonPool-worker-0] INFO  impl.RaftServerProxy (RaftServerProxy.java:lambda$close$4(314)) - 955f790b-213e-49b0-ab75-435e183c5e0f: close
2019-10-29 17:15:00,182 [main] INFO  impl.RaftServerImpl (RaftServerImpl.java:lambda$shutdown$3(250)) - 0eeffcb9-64ff-4e7e-9d73-900b69ee6fe9@group-790A4EEF98FB: shutdown
2019-10-29 17:15:00,182 [ForkJoinPool.commonPool-worker-0] INFO  impl.RaftServerImpl (RaftServerImpl.java:lambda$shutdown$3(250)) - 955f790b-213e-49b0-ab75-435e183c5e0f@group-09384BF62E4C: shutdown
2019-10-29 17:15:00,183 [main] INFO  util.JmxRegister (JmxRegister.java:unregister(73)) - Successfully un-registered JMX Bean with object name Ratis:service=RaftServer,group=group-790A4EEF98FB,id=0eeffcb9-64ff-4e7e-9d73-900b69ee6fe9
2019-10-29 17:15:00,183 [ForkJoinPool.commonPool-worker-0] INFO  util.JmxRegister (JmxRegister.java:unregister(73)) - Successfully un-registered JMX Bean with object name Ratis:service=RaftServer,group=group-09384BF62E4C,id=955f790b-213e-49b0-ab75-435e183c5e0f
2019-10-29 17:15:00,183 [main] INFO  impl.RoleInfo (RoleInfo.java:shutdownLeaderState(104)) - 0eeffcb9-64ff-4e7e-9d73-900b69ee6fe9: shutdown LeaderState
2019-10-29 17:15:00,183 [ForkJoinPool.commonPool-worker-0] INFO  impl.RoleInfo (RoleInfo.java:shutdownLeaderState(104)) - 955f790b-213e-49b0-ab75-435e183c5e0f: shutdown LeaderState
2019-10-29 17:15:00,184 [main] INFO  impl.PendingRequests (PendingRequests.java:sendNotLeaderResponses(206)) - 0eeffcb9-64ff-4e7e-9d73-900b69ee6fe9@group-790A4EEF98FB-PendingRequests: sendNotLeaderResponses
2019-10-29 17:15:00,184 [ForkJoinPool.commonPool-worker-0] INFO  impl.PendingRequests (PendingRequests.java:sendNotLeaderResponses(206)) - 955f790b-213e-49b0-ab75-435e183c5e0f@group-09384BF62E4C-PendingRequests: sendNotLeaderResponses
2019-10-29 17:15:00,185 [main] INFO  impl.StateMachineUpdater (StateMachineUpdater.java:stopAndJoin(136)) - 0eeffcb9-64ff-4e7e-9d73-900b69ee6fe9@group-790A4EEF98FB-StateMachineUpdater: set stopIndex = 0
2019-10-29 17:15:00,185 [ForkJoinPool.commonPool-worker-0] INFO  impl.StateMachineUpdater (StateMachineUpdater.java:stopAndJoin(136)) - 955f790b-213e-49b0-ab75-435e183c5e0f@group-09384BF62E4C-StateMachineUpdater: set stopIndex = 0
2019-10-29 17:15:00,189 [ForkJoinPool.commonPool-worker-0] INFO  impl.RaftServerImpl (ServerState.java:close(387)) - 955f790b-213e-49b0-ab75-435e183c5e0f@group-09384BF62E4C: closes. applyIndex: 0
2019-10-29 17:15:00,189 [main] INFO  impl.RaftServerImpl (ServerState.java:close(387)) - 0eeffcb9-64ff-4e7e-9d73-900b69ee6fe9@group-790A4EEF98FB: closes. applyIndex: 0
2019-10-29 17:15:00,189 [955f790b-213e-49b0-ab75-435e183c5e0f@group-09384BF62E4C-SegmentedRaftLogWorker] INFO  segmented.SegmentedRaftLogWorker (SegmentedRaftLogWorker.java:run(316)) - 955f790b-213e-49b0-ab75-435e183c5e0f@group-09384BF62E4C-SegmentedRaftLogWorker was interrupted, exiting. There are 0 tasks remaining in the queue.
2019-10-29 17:15:00,191 [0eeffcb9-64ff-4e7e-9d73-900b69ee6fe9@group-790A4EEF98FB-SegmentedRaftLogWorker] INFO  segmented.SegmentedRaftLogWorker (SegmentedRaftLogWorker.java:run(316)) - 0eeffcb9-64ff-4e7e-9d73-900b69ee6fe9@group-790A4EEF98FB-SegmentedRaftLogWorker was interrupted, exiting. There are 0 tasks remaining in the queue.
2019-10-29 17:15:00,191 [ForkJoinPool.commonPool-worker-0] INFO  segmented.SegmentedRaftLogWorker (SegmentedRaftLogWorker.java:close(224)) - 955f790b-213e-49b0-ab75-435e183c5e0f@group-09384BF62E4C-SegmentedRaftLogWorker close()
2019-10-29 17:15:00,192 [main] INFO  segmented.SegmentedRaftLogWorker (SegmentedRaftLogWorker.java:close(224)) - 0eeffcb9-64ff-4e7e-9d73-900b69ee6fe9@group-790A4EEF98FB-SegmentedRaftLogWorker close()
2019-10-29 17:15:00,193 [ForkJoinPool.commonPool-worker-0] INFO  impl.RaftServerImpl (RaftServerImpl.java:lambda$shutdown$3(250)) - 955f790b-213e-49b0-ab75-435e183c5e0f@group-9E188B1AC480: shutdown
2019-10-29 17:15:00,195 [main] INFO  impl.RaftServerImpl (RaftServerImpl.java:lambda$shutdown$3(250)) - 0eeffcb9-64ff-4e7e-9d73-900b69ee6fe9@group-9E188B1AC480: shutdown
2019-10-29 17:15:00,195 [ForkJoinPool.commonPool-worker-0] INFO  util.JmxRegister (JmxRegister.java:unregister(73)) - Successfully un-registered JMX Bean with object name Ratis:service=RaftServer,group=group-9E188B1AC480,id=955f790b-213e-49b0-ab75-435e183c5e0f
2019-10-29 17:15:00,195 [ForkJoinPool.commonPool-worker-0] INFO  impl.RoleInfo (RoleInfo.java:shutdownLeaderState(104)) - 955f790b-213e-49b0-ab75-435e183c5e0f: shutdown LeaderState
2019-10-29 17:15:00,195 [main] INFO  util.JmxRegister (JmxRegister.java:unregister(73)) - Successfully un-registered JMX Bean with object name Ratis:service=RaftServer,group=group-9E188B1AC480,id=0eeffcb9-64ff-4e7e-9d73-900b69ee6fe9
2019-10-29 17:15:00,197 [org.apache.ratis.server.impl.LogAppender$AppenderDaemon$$Lambda$554/1781817@7fc02fd3] WARN  server.GrpcLogAppender (GrpcLogAppender.java:mayWait(151)) - 955f790b-213e-49b0-ab75-435e183c5e0f@group-9E188B1AC480->f54c2808-d9c3-4cf5-b20e-01d04cf0372e-GrpcLogAppender: Wait interrupted by java.lang.InterruptedException
2019-10-29 17:15:00,197 [org.apache.ratis.server.impl.LogAppender$AppenderDaemon$$Lambda$554/1781817@114d4322] WARN  server.GrpcLogAppender (GrpcLogAppender.java:mayWait(151)) - 955f790b-213e-49b0-ab75-435e183c5e0f@group-9E188B1AC480->0eeffcb9-64ff-4e7e-9d73-900b69ee6fe9-GrpcLogAppender: Wait interrupted by java.lang.InterruptedException
2019-10-29 17:15:00,197 [ForkJoinPool.commonPool-worker-0] INFO  impl.PendingRequests (PendingRequests.java:sendNotLeaderResponses(206)) - 955f790b-213e-49b0-ab75-435e183c5e0f@group-9E188B1AC480-PendingRequests: sendNotLeaderResponses
2019-10-29 17:15:00,198 [main] INFO  impl.RoleInfo (RoleInfo.java:shutdownFollowerState(121)) - 0eeffcb9-64ff-4e7e-9d73-900b69ee6fe9: shutdown FollowerState
2019-10-29 17:15:00,199 [ForkJoinPool.commonPool-worker-0] INFO  impl.StateMachineUpdater (StateMachineUpdater.java:stopAndJoin(136)) - 955f790b-213e-49b0-ab75-435e183c5e0f@group-9E188B1AC480-StateMachineUpdater: set stopIndex = 0
2019-10-29 17:15:00,201 [main] INFO  impl.StateMachineUpdater (StateMachineUpdater.java:stopAndJoin(136)) - 0eeffcb9-64ff-4e7e-9d73-900b69ee6fe9@group-9E188B1AC480-StateMachineUpdater: set stopIndex = 0
2019-10-29 17:15:00,202 [Thread-409] INFO  impl.FollowerState (FollowerState.java:run(120)) - 0eeffcb9-64ff-4e7e-9d73-900b69ee6fe9@group-9E188B1AC480-FollowerState was interrupted: java.lang.InterruptedException: sleep interrupted
2019-10-29 17:15:00,202 [ForkJoinPool.commonPool-worker-0] INFO  impl.RaftServerImpl (ServerState.java:close(387)) - 955f790b-213e-49b0-ab75-435e183c5e0f@group-9E188B1AC480: closes. applyIndex: 0
2019-10-29 17:15:00,203 [main] INFO  impl.RaftServerImpl (ServerState.java:close(387)) - 0eeffcb9-64ff-4e7e-9d73-900b69ee6fe9@group-9E188B1AC480: closes. applyIndex: 0
2019-10-29 17:15:00,204 [955f790b-213e-49b0-ab75-435e183c5e0f@group-9E188B1AC480-SegmentedRaftLogWorker] INFO  segmented.SegmentedRaftLogWorker (SegmentedRaftLogWorker.java:run(316)) - 955f790b-213e-49b0-ab75-435e183c5e0f@group-9E188B1AC480-SegmentedRaftLogWorker was interrupted, exiting. There are 0 tasks remaining in the queue.
2019-10-29 17:15:00,205 [grpc-default-executor-1] INFO  server.GrpcServerProtocolService (GrpcServerProtocolService.java:onCompleted(113)) - 0eeffcb9-64ff-4e7e-9d73-900b69ee6fe9: Completed APPEND_ENTRIES, lastRequest: 955f790b-213e-49b0-ab75-435e183c5e0f->0eeffcb9-64ff-4e7e-9d73-900b69ee6fe9#2-t1, previous=(t:1, i:0), leaderCommit=0, initializing? false, entries: <empty>
2019-10-29 17:15:00,206 [ForkJoinPool.commonPool-worker-0] INFO  segmented.SegmentedRaftLogWorker (SegmentedRaftLogWorker.java:close(224)) - 955f790b-213e-49b0-ab75-435e183c5e0f@group-9E188B1AC480-SegmentedRaftLogWorker close()
2019-10-29 17:15:00,206 [0eeffcb9-64ff-4e7e-9d73-900b69ee6fe9@group-9E188B1AC480-SegmentedRaftLogWorker] INFO  segmented.SegmentedRaftLogWorker (SegmentedRaftLogWorker.java:run(316)) - 0eeffcb9-64ff-4e7e-9d73-900b69ee6fe9@group-9E188B1AC480-SegmentedRaftLogWorker was interrupted, exiting. There are 0 tasks remaining in the queue.
2019-10-29 17:15:00,205 [grpc-default-executor-0] INFO  server.GrpcServerProtocolService (GrpcServerProtocolService.java:onCompleted(113)) - f54c2808-d9c3-4cf5-b20e-01d04cf0372e: Completed APPEND_ENTRIES, lastRequest: 955f790b-213e-49b0-ab75-435e183c5e0f->f54c2808-d9c3-4cf5-b20e-01d04cf0372e#2-t1, previous=(t:1, i:0), leaderCommit=0, initializing? false, entries: <empty>
2019-10-29 17:15:00,209 [ForkJoinPool.commonPool-worker-0] INFO  server.GrpcService (GrpcService.java:closeImpl(164)) - 955f790b-213e-49b0-ab75-435e183c5e0f: shutdown server with port 39224 now
2019-10-29 17:15:00,209 [main] INFO  segmented.SegmentedRaftLogWorker (SegmentedRaftLogWorker.java:close(224)) - 0eeffcb9-64ff-4e7e-9d73-900b69ee6fe9@group-9E188B1AC480-SegmentedRaftLogWorker close()
2019-10-29 17:15:00,212 [main] INFO  server.GrpcService (GrpcService.java:closeImpl(164)) - 0eeffcb9-64ff-4e7e-9d73-900b69ee6fe9: shutdown server with port 38066 now
2019-10-29 17:15:00,214 [grpc-default-executor-1] INFO  server.GrpcLogAppender (GrpcLogAppender.java:onCompleted(308)) - 955f790b-213e-49b0-ab75-435e183c5e0f@group-9E188B1AC480->0eeffcb9-64ff-4e7e-9d73-900b69ee6fe9-AppendLogResponseHandler: follower responses appendEntries COMPLETED
2019-10-29 17:15:00,218 [main] INFO  server.GrpcService (GrpcService.java:closeImpl(172)) - 0eeffcb9-64ff-4e7e-9d73-900b69ee6fe9: shutdown server with port 38066 successfully
2019-10-29 17:15:00,220 [grpc-default-executor-2] INFO  server.GrpcLogAppender (GrpcLogAppender.java:onCompleted(308)) - 955f790b-213e-49b0-ab75-435e183c5e0f@group-9E188B1AC480->f54c2808-d9c3-4cf5-b20e-01d04cf0372e-AppendLogResponseHandler: follower responses appendEntries COMPLETED
2019-10-29 17:15:00,221 [ForkJoinPool.commonPool-worker-0] INFO  server.GrpcService (GrpcService.java:closeImpl(172)) - 955f790b-213e-49b0-ab75-435e183c5e0f: shutdown server with port 39224 successfully
2019-10-29 17:15:00,221 [grpc-default-executor-1] INFO  impl.FollowerInfo (FollowerInfo.java:lambda$new$0(51)) - 955f790b-213e-49b0-ab75-435e183c5e0f@group-9E188B1AC480->0eeffcb9-64ff-4e7e-9d73-900b69ee6fe9: nextIndex: updateUnconditionally 1 -> 0
2019-10-29 17:15:00,221 [grpc-default-executor-2] INFO  impl.FollowerInfo (FollowerInfo.java:lambda$new$0(51)) - 955f790b-213e-49b0-ab75-435e183c5e0f@group-9E188B1AC480->f54c2808-d9c3-4cf5-b20e-01d04cf0372e: nextIndex: updateUnconditionally 1 -> 0
2019-10-29 17:15:00,223 [refreshUsed-/workdir/hadoop-ozone/integration-test/target/test-dir/MiniOzoneClusterImpl-46368c21-8946-4203-bc0e-a2a0469d6ddc/datanode-1/data/containers] WARN  fs.CachingGetSpaceUsed (CachingGetSpaceUsed.java:run(183)) - Thread Interrupted waiting to refresh disk information: sleep interrupted
2019-10-29 17:15:00,225 [refreshUsed-/workdir/hadoop-ozone/integration-test/target/test-dir/MiniOzoneClusterImpl-46368c21-8946-4203-bc0e-a2a0469d6ddc/datanode-0/data/containers] WARN  fs.CachingGetSpaceUsed (CachingGetSpaceUsed.java:run(183)) - Thread Interrupted waiting to refresh disk information: sleep interrupted
2019-10-29 17:15:00,251 [ForkJoinPool.commonPool-worker-0] INFO  utils.BackgroundService (BackgroundService.java:shutdown(151)) - Shutting down service BlockDeletingService
2019-10-29 17:15:00,254 [ForkJoinPool.commonPool-worker-0] INFO  statemachine.DatanodeStateMachine (DatanodeStateMachine.java:stopDaemon(401)) - Ozone container server stopped.
2019-10-29 17:15:00,257 [ForkJoinPool.commonPool-worker-0] INFO  handler.ContextHandler (ContextHandler.java:doStop(910)) - Stopped o.e.j.w.WebAppContext@7a3e5cd3{/,null,UNAVAILABLE}{/hddsDatanode}
2019-10-29 17:15:00,258 [ForkJoinPool.commonPool-worker-0] INFO  server.AbstractConnector (AbstractConnector.java:doStop(318)) - Stopped ServerConnector@3c79088e{HTTP/1.1,[http/1.1]}{0.0.0.0:0}
2019-10-29 17:15:00,258 [main] INFO  utils.BackgroundService (BackgroundService.java:shutdown(151)) - Shutting down service BlockDeletingService
2019-10-29 17:15:00,259 [ForkJoinPool.commonPool-worker-0] INFO  handler.ContextHandler (ContextHandler.java:doStop(910)) - Stopped o.e.j.s.ServletContextHandler@106d77da{/static,jar:file:/home/user/.m2/repository/org/apache/hadoop/hadoop-hdds-container-service/0.5.0-SNAPSHOT/hadoop-hdds-container-service-0.5.0-SNAPSHOT.jar!/webapps/static,UNAVAILABLE}
2019-10-29 17:15:00,260 [ForkJoinPool.commonPool-worker-0] INFO  handler.ContextHandler (ContextHandler.java:doStop(910)) - Stopped o.e.j.s.ServletContextHandler@24534cb0{/logs,file:///workdir/hadoop-ozone/integration-test/target/log,UNAVAILABLE}
2019-10-29 17:15:00,262 [main] INFO  statemachine.DatanodeStateMachine (DatanodeStateMachine.java:stopDaemon(401)) - Ozone container server stopped.
2019-10-29 17:15:00,263 [main] INFO  handler.ContextHandler (ContextHandler.java:doStop(910)) - Stopped o.e.j.w.WebAppContext@43c87306{/,null,UNAVAILABLE}{/hddsDatanode}
2019-10-29 17:15:00,264 [main] INFO  server.AbstractConnector (AbstractConnector.java:doStop(318)) - Stopped ServerConnector@14f40030{HTTP/1.1,[http/1.1]}{0.0.0.0:0}
2019-10-29 17:15:00,264 [main] INFO  handler.ContextHandler (ContextHandler.java:doStop(910)) - Stopped o.e.j.s.ServletContextHandler@737db7f8{/static,jar:file:/home/user/.m2/repository/org/apache/hadoop/hadoop-hdds-container-service/0.5.0-SNAPSHOT/hadoop-hdds-container-service-0.5.0-SNAPSHOT.jar!/webapps/static,UNAVAILABLE}
2019-10-29 17:15:00,265 [main] INFO  handler.ContextHandler (ContextHandler.java:doStop(910)) - Stopped o.e.j.s.ServletContextHandler@44784e2f{/logs,file:///workdir/hadoop-ozone/integration-test/target/log,UNAVAILABLE}
2019-10-29 17:15:01,220 [Datanode State Machine Thread - 0] INFO  statemachine.DatanodeStateMachine (DatanodeStateMachine.java:lambda$startDaemon$0(356)) - Ozone container server started.
2019-10-29 17:15:05,264 [ForkJoinPool.commonPool-worker-0] INFO  ozoneimpl.OzoneContainer (OzoneContainer.java:stop(227)) - Attempting to stop container services.
2019-10-29 17:15:05,265 [ForkJoinPool.commonPool-worker-0] INFO  impl.RaftServerProxy (RaftServerProxy.java:lambda$close$4(314)) - f54c2808-d9c3-4cf5-b20e-01d04cf0372e: close
2019-10-29 17:15:05,266 [ForkJoinPool.commonPool-worker-0] INFO  impl.RaftServerImpl (RaftServerImpl.java:lambda$shutdown$3(250)) - f54c2808-d9c3-4cf5-b20e-01d04cf0372e@group-61F7FAFF0946: shutdown
2019-10-29 17:15:05,266 [ForkJoinPool.commonPool-worker-0] INFO  util.JmxRegister (JmxRegister.java:unregister(73)) - Successfully un-registered JMX Bean with object name Ratis:service=RaftServer,group=group-61F7FAFF0946,id=f54c2808-d9c3-4cf5-b20e-01d04cf0372e
2019-10-29 17:15:05,266 [ForkJoinPool.commonPool-worker-0] INFO  impl.RoleInfo (RoleInfo.java:shutdownLeaderState(104)) - f54c2808-d9c3-4cf5-b20e-01d04cf0372e: shutdown LeaderState
2019-10-29 17:15:05,267 [ForkJoinPool.commonPool-worker-0] INFO  impl.PendingRequests (PendingRequests.java:sendNotLeaderResponses(206)) - f54c2808-d9c3-4cf5-b20e-01d04cf0372e@group-61F7FAFF0946-PendingRequests: sendNotLeaderResponses
2019-10-29 17:15:05,267 [ForkJoinPool.commonPool-worker-0] INFO  impl.StateMachineUpdater (StateMachineUpdater.java:stopAndJoin(136)) - f54c2808-d9c3-4cf5-b20e-01d04cf0372e@group-61F7FAFF0946-StateMachineUpdater: set stopIndex = 0
2019-10-29 17:15:05,269 [ForkJoinPool.commonPool-worker-0] INFO  impl.RaftServerImpl (ServerState.java:close(387)) - f54c2808-d9c3-4cf5-b20e-01d04cf0372e@group-61F7FAFF0946: closes. applyIndex: 0
2019-10-29 17:15:05,269 [f54c2808-d9c3-4cf5-b20e-01d04cf0372e@group-61F7FAFF0946-SegmentedRaftLogWorker] INFO  segmented.SegmentedRaftLogWorker (SegmentedRaftLogWorker.java:run(316)) - f54c2808-d9c3-4cf5-b20e-01d04cf0372e@group-61F7FAFF0946-SegmentedRaftLogWorker was interrupted, exiting. There are 0 tasks remaining in the queue.
2019-10-29 17:15:05,270 [ForkJoinPool.commonPool-worker-0] INFO  segmented.SegmentedRaftLogWorker (SegmentedRaftLogWorker.java:close(224)) - f54c2808-d9c3-4cf5-b20e-01d04cf0372e@group-61F7FAFF0946-SegmentedRaftLogWorker close()
2019-10-29 17:15:05,272 [ForkJoinPool.commonPool-worker-0] INFO  impl.RaftServerImpl (RaftServerImpl.java:lambda$shutdown$3(250)) - f54c2808-d9c3-4cf5-b20e-01d04cf0372e@group-9E188B1AC480: shutdown
2019-10-29 17:15:05,272 [ForkJoinPool.commonPool-worker-0] INFO  util.JmxRegister (JmxRegister.java:unregister(73)) - Successfully un-registered JMX Bean with object name Ratis:service=RaftServer,group=group-9E188B1AC480,id=f54c2808-d9c3-4cf5-b20e-01d04cf0372e
2019-10-29 17:15:05,272 [ForkJoinPool.commonPool-worker-0] INFO  impl.RoleInfo (RoleInfo.java:shutdownFollowerState(121)) - f54c2808-d9c3-4cf5-b20e-01d04cf0372e: shutdown FollowerState
2019-10-29 17:15:05,273 [ForkJoinPool.commonPool-worker-0] INFO  impl.StateMachineUpdater (StateMachineUpdater.java:stopAndJoin(136)) - f54c2808-d9c3-4cf5-b20e-01d04cf0372e@group-9E188B1AC480-StateMachineUpdater: set stopIndex = 0
2019-10-29 17:15:05,273 [Thread-408] INFO  impl.FollowerState (FollowerState.java:run(120)) - f54c2808-d9c3-4cf5-b20e-01d04cf0372e@group-9E188B1AC480-FollowerState was interrupted: java.lang.InterruptedException: sleep interrupted
2019-10-29 17:15:05,274 [ForkJoinPool.commonPool-worker-0] INFO  impl.RaftServerImpl (ServerState.java:close(387)) - f54c2808-d9c3-4cf5-b20e-01d04cf0372e@group-9E188B1AC480: closes. applyIndex: 0
2019-10-29 17:15:05,275 [f54c2808-d9c3-4cf5-b20e-01d04cf0372e@group-9E188B1AC480-SegmentedRaftLogWorker] INFO  segmented.SegmentedRaftLogWorker (SegmentedRaftLogWorker.java:run(316)) - f54c2808-d9c3-4cf5-b20e-01d04cf0372e@group-9E188B1AC480-SegmentedRaftLogWorker was interrupted, exiting. There are 0 tasks remaining in the queue.
2019-10-29 17:15:05,278 [ForkJoinPool.commonPool-worker-0] INFO  segmented.SegmentedRaftLogWorker (SegmentedRaftLogWorker.java:close(224)) - f54c2808-d9c3-4cf5-b20e-01d04cf0372e@group-9E188B1AC480-SegmentedRaftLogWorker close()
2019-10-29 17:15:05,279 [ForkJoinPool.commonPool-worker-0] INFO  server.GrpcService (GrpcService.java:closeImpl(164)) - f54c2808-d9c3-4cf5-b20e-01d04cf0372e: shutdown server with port 42649 now
2019-10-29 17:15:05,280 [ForkJoinPool.commonPool-worker-0] INFO  server.GrpcService (GrpcService.java:closeImpl(172)) - f54c2808-d9c3-4cf5-b20e-01d04cf0372e: shutdown server with port 42649 successfully
2019-10-29 17:15:05,287 [refreshUsed-/workdir/hadoop-ozone/integration-test/target/test-dir/MiniOzoneClusterImpl-46368c21-8946-4203-bc0e-a2a0469d6ddc/datanode-2/data/containers] WARN  fs.CachingGetSpaceUsed (CachingGetSpaceUsed.java:run(183)) - Thread Interrupted waiting to refresh disk information: sleep interrupted
2019-10-29 17:15:05,304 [ForkJoinPool.commonPool-worker-0] INFO  utils.BackgroundService (BackgroundService.java:shutdown(151)) - Shutting down service BlockDeletingService
2019-10-29 17:15:05,306 [ForkJoinPool.commonPool-worker-0] INFO  statemachine.DatanodeStateMachine (DatanodeStateMachine.java:stopDaemon(401)) - Ozone container server stopped.
2019-10-29 17:15:05,320 [ForkJoinPool.commonPool-worker-0] INFO  handler.ContextHandler (ContextHandler.java:doStop(910)) - Stopped o.e.j.w.WebAppContext@7593ea79{/,null,UNAVAILABLE}{/hddsDatanode}
2019-10-29 17:15:05,321 [ForkJoinPool.commonPool-worker-0] INFO  server.AbstractConnector (AbstractConnector.java:doStop(318)) - Stopped ServerConnector@3289079a{HTTP/1.1,[http/1.1]}{0.0.0.0:0}
2019-10-29 17:15:05,322 [ForkJoinPool.commonPool-worker-0] INFO  handler.ContextHandler (ContextHandler.java:doStop(910)) - Stopped o.e.j.s.ServletContextHandler@36c281ed{/static,jar:file:/home/user/.m2/repository/org/apache/hadoop/hadoop-hdds-container-service/0.5.0-SNAPSHOT/hadoop-hdds-container-service-0.5.0-SNAPSHOT.jar!/webapps/static,UNAVAILABLE}
2019-10-29 17:15:05,323 [ForkJoinPool.commonPool-worker-0] INFO  handler.ContextHandler (ContextHandler.java:doStop(910)) - Stopped o.e.j.s.ServletContextHandler@279dd959{/logs,file:///workdir/hadoop-ozone/integration-test/target/log,UNAVAILABLE}
2019-10-29 17:15:05,324 [main] INFO  ozone.MiniOzoneClusterImpl (MiniOzoneClusterImpl.java:stopSCM(416)) - Stopping the StorageContainerManager
2019-10-29 17:15:05,324 [main] INFO  server.StorageContainerManager (StorageContainerManager.java:stop(809)) - Stopping Replication Manager Service.
2019-10-29 17:15:05,325 [main] INFO  container.ReplicationManager (ReplicationManager.java:stop(203)) - Stopping Replication Monitor Thread.
2019-10-29 17:15:05,325 [main] INFO  server.StorageContainerManager (StorageContainerManager.java:stop(816)) - Stopping Lease Manager of the command watchers
2019-10-29 17:15:05,325 [main] INFO  server.StorageContainerManager (StorageContainerManager.java:stop(823)) - Stopping datanode service RPC server
2019-10-29 17:15:05,325 [main] INFO  server.SCMDatanodeProtocolServer (SCMDatanodeProtocolServer.java:stop(366)) - Stopping the RPC server for DataNodes
2019-10-29 17:15:05,325 [main] INFO  ipc.Server (Server.java:stop(3082)) - Stopping server on 41226
2019-10-29 17:15:05,328 [IPC Server listener on 41226] INFO  ipc.Server (Server.java:run(1185)) - Stopping IPC Server listener on 41226
2019-10-29 17:15:05,329 [IPC Server Responder] INFO  ipc.Server (Server.java:run(1319)) - Stopping IPC Server Responder
2019-10-29 17:15:05,352 [SCM Heartbeat Processing Thread - 0] WARN  node.NodeStateManager (NodeStateManager.java:scheduleNextHealthCheck(646)) - Current Thread is interrupted, shutting down HB processing thread for Node Manager.
2019-10-29 17:15:05,353 [main] INFO  server.StorageContainerManager (StorageContainerManager.java:stop(831)) - Stopping block service RPC server
2019-10-29 17:15:05,353 [main] INFO  server.SCMBlockProtocolServer (SCMBlockProtocolServer.java:stop(155)) - Stopping the RPC server for Block Protocol
2019-10-29 17:15:05,353 [main] INFO  ipc.Server (Server.java:stop(3082)) - Stopping server on 45131
2019-10-29 17:15:05,354 [IPC Server listener on 45131] INFO  ipc.Server (Server.java:run(1185)) - Stopping IPC Server listener on 45131
2019-10-29 17:15:05,355 [main] INFO  server.StorageContainerManager (StorageContainerManager.java:stop(838)) - Stopping the StorageContainerLocationProtocol RPC server
2019-10-29 17:15:05,356 [IPC Server Responder] INFO  ipc.Server (Server.java:run(1319)) - Stopping IPC Server Responder
2019-10-29 17:15:05,356 [main] INFO  server.SCMClientProtocolServer (SCMClientProtocolServer.java:stop(168)) - Stopping the RPC server for Client Protocol
2019-10-29 17:15:05,356 [main] INFO  ipc.Server (Server.java:stop(3082)) - Stopping server on 45089
2019-10-29 17:15:05,359 [IPC Server listener on 45089] INFO  ipc.Server (Server.java:run(1185)) - Stopping IPC Server listener on 45089
2019-10-29 17:15:05,359 [main] INFO  server.StorageContainerManager (StorageContainerManager.java:stop(845)) - Stopping Storage Container Manager HTTP server.
2019-10-29 17:15:05,360 [IPC Server Responder] INFO  ipc.Server (Server.java:run(1319)) - Stopping IPC Server Responder
2019-10-29 17:15:05,361 [main] INFO  handler.ContextHandler (ContextHandler.java:doStop(910)) - Stopped o.e.j.w.WebAppContext@3fd9e827{/,null,UNAVAILABLE}{/scm}
2019-10-29 17:15:05,362 [main] INFO  server.AbstractConnector (AbstractConnector.java:doStop(318)) - Stopped ServerConnector@4e682398{HTTP/1.1,[http/1.1]}{0.0.0.0:0}
2019-10-29 17:15:05,362 [main] INFO  handler.ContextHandler (ContextHandler.java:doStop(910)) - Stopped o.e.j.s.ServletContextHandler@3bd6ba24{/static,file:///workdir/hadoop-ozone/integration-test/target/test-classes/webapps/static,UNAVAILABLE}
2019-10-29 17:15:05,362 [main] INFO  handler.ContextHandler (ContextHandler.java:doStop(910)) - Stopped o.e.j.s.ServletContextHandler@2a8a4e0c{/logs,file:///workdir/hadoop-ozone/integration-test/target/log,UNAVAILABLE}
2019-10-29 17:15:05,364 [main] INFO  server.StorageContainerManager (StorageContainerManager.java:stop(856)) - Stopping Block Manager Service.
2019-10-29 17:15:05,364 [main] INFO  utils.BackgroundService (BackgroundService.java:shutdown(151)) - Shutting down service SCMBlockDeletingService
2019-10-29 17:15:05,364 [main] INFO  utils.BackgroundService (BackgroundService.java:shutdown(151)) - Shutting down service SCMBlockDeletingService
2019-10-29 17:15:05,364 [main] INFO  server.StorageContainerManager (StorageContainerManager.java:stop(878)) - Stopping SCM Event Queue.
2019-10-29 17:15:05,369 [main] INFO  impl.MetricsSystemImpl (MetricsSystemImpl.java:stop(210)) - Stopping HddsDatanode metrics system...
2019-10-29 17:15:05,371 [main] INFO  impl.MetricsSystemImpl (MetricsSystemImpl.java:stop(216)) - HddsDatanode metrics system stopped.
]]></system-out>
  </testcase>
</testsuite>