<?xml version="1.0" encoding="UTF-8"?>
<testsuite xmlns:xsi="http://www.w3.org/2001/XMLSchema-instance" xsi:noNamespaceSchemaLocation="https://maven.apache.org/surefire/maven-surefire-plugin/xsd/surefire-test-report.xsd" name="org.apache.hadoop.hdds.scm.pipeline.TestRatisPipelineCreateAndDestroy" time="47.218" tests="2" errors="0" skipped="0" failures="1">
  <properties>
    <property name="awt.toolkit" value="sun.awt.X11.XToolkit"/>
    <property name="file.encoding.pkg" value="sun.io"/>
    <property name="java.specification.version" value="1.8"/>
    <property name="sun.cpu.isalist" value=""/>
    <property name="sun.jnu.encoding" value="ANSI_X3.4-1968"/>
    <property name="java.class.path" value="/workdir/hadoop-ozone/integration-test/target/test-classes:/workdir/hadoop-ozone/integration-test/target/classes:/home/user/.m2/repository/org/apache/hadoop/hadoop-ozone-common/0.5.0-SNAPSHOT/hadoop-ozone-common-0.5.0-SNAPSHOT.jar:/home/user/.m2/repository/org/apache/commons/commons-compress/1.4.1/commons-compress-1.4.1.jar:/home/user/.m2/repository/org/tukaani/xz/1.0/xz-1.0.jar:/home/user/.m2/repository/org/apache/hadoop/hadoop-common/3.2.0/hadoop-common-3.2.0.jar:/home/user/.m2/repository/org/apache/hadoop/hadoop-hdfs/3.2.0/hadoop-hdfs-3.2.0.jar:/home/user/.m2/repository/org/apache/hadoop/hadoop-hdfs-client/3.2.0/hadoop-hdfs-client-3.2.0.jar:/home/user/.m2/repository/com/fasterxml/jackson/core/jackson-annotations/2.9.9/jackson-annotations-2.9.9.jar:/home/user/.m2/repository/org/apache/hadoop/hadoop-hdds-common/0.5.0-SNAPSHOT/hadoop-hdds-common-0.5.0-SNAPSHOT.jar:/home/user/.m2/repository/javax/annotation/javax.annotation-api/1.2/javax.annotation-api-1.2.jar:/home/user/.m2/repository/org/apache/ratis/ratis-server/0.5.0-201fc85-SNAPSHOT/ratis-server-0.5.0-201fc85-SNAPSHOT.jar:/home/user/.m2/repository/org/apache/ratis/ratis-thirdparty-misc/0.2.0/ratis-thirdparty-misc-0.2.0.jar:/home/user/.m2/repository/org/apache/ratis/ratis-proto/0.5.0-201fc85-SNAPSHOT/ratis-proto-0.5.0-201fc85-SNAPSHOT.jar:/home/user/.m2/repository/org/apache/ratis/ratis-common/0.5.0-201fc85-SNAPSHOT/ratis-common-0.5.0-201fc85-SNAPSHOT.jar:/home/user/.m2/repository/org/apache/ratis/ratis-client/0.5.0-201fc85-SNAPSHOT/ratis-client-0.5.0-201fc85-SNAPSHOT.jar:/home/user/.m2/repository/org/apache/ratis/ratis-metrics/0.5.0-201fc85-SNAPSHOT/ratis-metrics-0.5.0-201fc85-SNAPSHOT.jar:/home/user/.m2/repository/com/github/joshelser/dropwizard-metrics-hadoop-metrics2-reporter/0.1.2/dropwizard-metrics-hadoop-metrics2-reporter-0.1.2.jar:/home/user/.m2/repository/io/dropwizard/metrics/metrics-jvm/3.2.5/metrics-jvm-3.2.5.jar:/home/user/.m2/repository/io/dropwizard/metrics/metrics-ganglia/3.2.5/metrics-ganglia-3.2.5.jar:/home/user/.m2/repository/info/ganglia/gmetric4j/gmetric4j/1.0.7/gmetric4j-1.0.7.jar:/home/user/.m2/repository/org/apache/ratis/ratis-netty/0.5.0-201fc85-SNAPSHOT/ratis-netty-0.5.0-201fc85-SNAPSHOT.jar:/home/user/.m2/repository/org/apache/ratis/ratis-grpc/0.5.0-201fc85-SNAPSHOT/ratis-grpc-0.5.0-201fc85-SNAPSHOT.jar:/home/user/.m2/repository/org/rocksdb/rocksdbjni/6.0.1/rocksdbjni-6.0.1.jar:/home/user/.m2/repository/org/apache/logging/log4j/log4j-api/2.11.0/log4j-api-2.11.0.jar:/home/user/.m2/repository/org/apache/logging/log4j/log4j-core/2.11.0/log4j-core-2.11.0.jar:/home/user/.m2/repository/com/lmax/disruptor/3.4.2/disruptor-3.4.2.jar:/home/user/.m2/repository/org/apache/commons/commons-pool2/2.6.0/commons-pool2-2.6.0.jar:/home/user/.m2/repository/org/bouncycastle/bcpkix-jdk15on/1.60/bcpkix-jdk15on-1.60.jar:/home/user/.m2/repository/commons-validator/commons-validator/1.6/commons-validator-1.6.jar:/home/user/.m2/repository/commons-digester/commons-digester/1.8.1/commons-digester-1.8.1.jar:/home/user/.m2/repository/io/jaegertracing/jaeger-client/0.34.0/jaeger-client-0.34.0.jar:/home/user/.m2/repository/io/jaegertracing/jaeger-thrift/0.34.0/jaeger-thrift-0.34.0.jar:/home/user/.m2/repository/org/apache/thrift/libthrift/0.12.0/libthrift-0.12.0.jar:/home/user/.m2/repository/com/squareup/okhttp3/okhttp/3.9.0/okhttp-3.9.0.jar:/home/user/.m2/repository/com/squareup/okio/okio/1.13.0/okio-1.13.0.jar:/home/user/.m2/repository/io/jaegertracing/jaeger-core/0.34.0/jaeger-core-0.34.0.jar:/home/user/.m2/repository/io/jaegertracing/jaeger-tracerresolver/0.34.0/jaeger-tracerresolver-0.34.0.jar:/home/user/.m2/repository/io/opentracing/contrib/opentracing-tracerresolver/0.1.5/opentracing-tracerresolver-0.1.5.jar:/home/user/.m2/repository/io/opentracing/opentracing-util/0.31.0/opentracing-util-0.31.0.jar:/home/user/.m2/repository/io/opentracing/opentracing-api/0.31.0/opentracing-api-0.31.0.jar:/home/user/.m2/repository/io/opentracing/opentracing-noop/0.31.0/opentracing-noop-0.31.0.jar:/home/user/.m2/repository/org/apache/hadoop/hadoop-hdds-server-framework/0.5.0-SNAPSHOT/hadoop-hdds-server-framework-0.5.0-SNAPSHOT.jar:/home/user/.m2/repository/org/apache/hadoop/hadoop-hdds-container-service/0.5.0-SNAPSHOT/hadoop-hdds-container-service-0.5.0-SNAPSHOT.jar:/home/user/.m2/repository/org/apache/hadoop/hadoop-hdds-client/0.5.0-SNAPSHOT/hadoop-hdds-client-0.5.0-SNAPSHOT.jar:/home/user/.m2/repository/org/apache/hadoop/hadoop-hdds-tools/0.5.0-SNAPSHOT/hadoop-hdds-tools-0.5.0-SNAPSHOT.jar:/home/user/.m2/repository/org/apache/hadoop/hadoop-hdds-server-scm/0.5.0-SNAPSHOT/hadoop-hdds-server-scm-0.5.0-SNAPSHOT.jar:/home/user/.m2/repository/org/apache/hadoop/hadoop-hdds-docs/0.5.0-SNAPSHOT/hadoop-hdds-docs-0.5.0-SNAPSHOT.jar:/home/user/.m2/repository/io/dropwizard/metrics/metrics-core/3.2.4/metrics-core-3.2.4.jar:/home/user/.m2/repository/org/hamcrest/hamcrest-all/1.3/hamcrest-all-1.3.jar:/home/user/.m2/repository/org/bouncycastle/bcprov-jdk15on/1.60/bcprov-jdk15on-1.60.jar:/home/user/.m2/repository/info/picocli/picocli/3.9.6/picocli-3.9.6.jar:/home/user/.m2/repository/com/google/protobuf/protobuf-java/2.5.0/protobuf-java-2.5.0.jar:/home/user/.m2/repository/com/google/guava/guava/11.0.2/guava-11.0.2.jar:/home/user/.m2/repository/org/apache/hadoop/hadoop-ozone-ozone-manager/0.5.0-SNAPSHOT/hadoop-ozone-ozone-manager-0.5.0-SNAPSHOT.jar:/home/user/.m2/repository/org/apache/hadoop/hadoop-minikdc/3.2.0/hadoop-minikdc-3.2.0.jar:/home/user/.m2/repository/commons-io/commons-io/2.5/commons-io-2.5.jar:/home/user/.m2/repository/org/apache/kerby/kerb-simplekdc/1.0.1/kerb-simplekdc-1.0.1.jar:/home/user/.m2/repository/org/apache/kerby/kerb-client/1.0.1/kerb-client-1.0.1.jar:/home/user/.m2/repository/org/apache/kerby/kerby-config/1.0.1/kerby-config-1.0.1.jar:/home/user/.m2/repository/org/apache/kerby/kerb-core/1.0.1/kerb-core-1.0.1.jar:/home/user/.m2/repository/org/apache/kerby/kerby-pkix/1.0.1/kerby-pkix-1.0.1.jar:/home/user/.m2/repository/org/apache/kerby/kerby-asn1/1.0.1/kerby-asn1-1.0.1.jar:/home/user/.m2/repository/org/apache/kerby/kerby-util/1.0.1/kerby-util-1.0.1.jar:/home/user/.m2/repository/org/apache/kerby/kerb-common/1.0.1/kerb-common-1.0.1.jar:/home/user/.m2/repository/org/apache/kerby/kerb-crypto/1.0.1/kerb-crypto-1.0.1.jar:/home/user/.m2/repository/org/apache/kerby/kerb-util/1.0.1/kerb-util-1.0.1.jar:/home/user/.m2/repository/org/apache/kerby/token-provider/1.0.1/token-provider-1.0.1.jar:/home/user/.m2/repository/org/apache/kerby/kerb-admin/1.0.1/kerb-admin-1.0.1.jar:/home/user/.m2/repository/org/apache/kerby/kerb-server/1.0.1/kerb-server-1.0.1.jar:/home/user/.m2/repository/org/apache/kerby/kerb-identity/1.0.1/kerb-identity-1.0.1.jar:/home/user/.m2/repository/org/apache/kerby/kerby-xdr/1.0.1/kerby-xdr-1.0.1.jar:/home/user/.m2/repository/org/slf4j/slf4j-log4j12/1.7.25/slf4j-log4j12-1.7.25.jar:/home/user/.m2/repository/org/apache/hadoop/hadoop-ozone-s3gateway/0.5.0-SNAPSHOT/hadoop-ozone-s3gateway-0.5.0-SNAPSHOT.jar:/home/user/.m2/repository/org/jboss/weld/servlet/weld-servlet/2.4.7.Final/weld-servlet-2.4.7.Final.jar:/home/user/.m2/repository/org/glassfish/jersey/containers/jersey-container-servlet-core/2.27/jersey-container-servlet-core-2.27.jar:/home/user/.m2/repository/org/glassfish/hk2/external/javax.inject/2.5.0-b42/javax.inject-2.5.0-b42.jar:/home/user/.m2/repository/org/glassfish/jersey/core/jersey-common/2.27/jersey-common-2.27.jar:/home/user/.m2/repository/org/glassfish/hk2/osgi-resource-locator/1.0.1/osgi-resource-locator-1.0.1.jar:/home/user/.m2/repository/javax/ws/rs/javax.ws.rs-api/2.1/javax.ws.rs-api-2.1.jar:/home/user/.m2/repository/org/glassfish/jersey/ext/cdi/jersey-cdi1x/2.27/jersey-cdi1x-2.27.jar:/home/user/.m2/repository/org/glassfish/jersey/inject/jersey-hk2/2.27/jersey-hk2-2.27.jar:/home/user/.m2/repository/org/glassfish/hk2/hk2-locator/2.5.0-b42/hk2-locator-2.5.0-b42.jar:/home/user/.m2/repository/org/javassist/javassist/3.22.0-CR2/javassist-3.22.0-CR2.jar:/home/user/.m2/repository/org/glassfish/hk2/hk2-api/2.5.0/hk2-api-2.5.0.jar:/home/user/.m2/repository/org/glassfish/hk2/external/jakarta.inject/2.5.0/jakarta.inject-2.5.0.jar:/home/user/.m2/repository/org/glassfish/hk2/hk2-utils/2.5.0/hk2-utils-2.5.0.jar:/home/user/.m2/repository/jakarta/annotation/jakarta.annotation-api/1.3.4/jakarta.annotation-api-1.3.4.jar:/home/user/.m2/repository/org/glassfish/hk2/external/aopalliance-repackaged/2.5.0/aopalliance-repackaged-2.5.0.jar:/home/user/.m2/repository/com/fasterxml/jackson/dataformat/jackson-dataformat-xml/2.9.0/jackson-dataformat-xml-2.9.0.jar:/home/user/.m2/repository/com/fasterxml/jackson/core/jackson-core/2.9.9/jackson-core-2.9.9.jar:/home/user/.m2/repository/com/fasterxml/jackson/module/jackson-module-jaxb-annotations/2.9.9/jackson-module-jaxb-annotations-2.9.9.jar:/home/user/.m2/repository/javax/enterprise/cdi-api/1.2/cdi-api-1.2.jar:/home/user/.m2/repository/javax/el/javax.el-api/3.0.0/javax.el-api-3.0.0.jar:/home/user/.m2/repository/javax/interceptor/javax.interceptor-api/1.2/javax.interceptor-api-1.2.jar:/home/user/.m2/repository/javax/inject/javax.inject/1/javax.inject-1.jar:/home/user/.m2/repository/com/sun/xml/bind/jaxb-impl/2.3.0.1/jaxb-impl-2.3.0.1.jar:/home/user/.m2/repository/com/sun/xml/bind/jaxb-core/2.3.0.1/jaxb-core-2.3.0.1.jar:/home/user/.m2/repository/javax/xml/bind/jaxb-api/2.3.0/jaxb-api-2.3.0.jar:/home/user/.m2/repository/javax/activation/activation/1.1.1/activation-1.1.1.jar:/home/user/.m2/repository/org/apache/hadoop/hadoop-ozone-csi/0.5.0-SNAPSHOT/hadoop-ozone-csi-0.5.0-SNAPSHOT.jar:/home/user/.m2/repository/com/google/protobuf/protobuf-java-util/3.5.1/protobuf-java-util-3.5.1.jar:/home/user/.m2/repository/org/apache/hadoop/hadoop-hdds-config/0.5.0-SNAPSHOT/hadoop-hdds-config-0.5.0-SNAPSHOT.jar:/home/user/.m2/repository/io/grpc/grpc-netty/1.17.1/grpc-netty-1.17.1.jar:/home/user/.m2/repository/io/grpc/grpc-core/1.17.1/grpc-core-1.17.1.jar:/home/user/.m2/repository/io/grpc/grpc-context/1.17.1/grpc-context-1.17.1.jar:/home/user/.m2/repository/com/google/errorprone/error_prone_annotations/2.2.0/error_prone_annotations-2.2.0.jar:/home/user/.m2/repository/org/codehaus/mojo/animal-sniffer-annotations/1.17/animal-sniffer-annotations-1.17.jar:/home/user/.m2/repository/io/opencensus/opencensus-api/0.17.0/opencensus-api-0.17.0.jar:/home/user/.m2/repository/io/opencensus/opencensus-contrib-grpc-metrics/0.17.0/opencensus-contrib-grpc-metrics-0.17.0.jar:/home/user/.m2/repository/io/netty/netty-codec-http2/4.1.30.Final/netty-codec-http2-4.1.30.Final.jar:/home/user/.m2/repository/io/netty/netty-codec-http/4.1.30.Final/netty-codec-http-4.1.30.Final.jar:/home/user/.m2/repository/io/netty/netty-codec/4.1.30.Final/netty-codec-4.1.30.Final.jar:/home/user/.m2/repository/io/netty/netty-handler/4.1.30.Final/netty-handler-4.1.30.Final.jar:/home/user/.m2/repository/io/netty/netty-handler-proxy/4.1.30.Final/netty-handler-proxy-4.1.30.Final.jar:/home/user/.m2/repository/io/netty/netty-codec-socks/4.1.30.Final/netty-codec-socks-4.1.30.Final.jar:/home/user/.m2/repository/io/netty/netty-transport-native-epoll/4.1.30.Final/netty-transport-native-epoll-4.1.30.Final.jar:/home/user/.m2/repository/io/netty/netty-common/4.1.30.Final/netty-common-4.1.30.Final.jar:/home/user/.m2/repository/io/netty/netty-buffer/4.1.30.Final/netty-buffer-4.1.30.Final.jar:/home/user/.m2/repository/io/netty/netty-transport/4.1.30.Final/netty-transport-4.1.30.Final.jar:/home/user/.m2/repository/io/netty/netty-resolver/4.1.30.Final/netty-resolver-4.1.30.Final.jar:/home/user/.m2/repository/io/netty/netty-transport-native-unix-common/4.1.30.Final/netty-transport-native-unix-common-4.1.30.Final.jar:/home/user/.m2/repository/io/grpc/grpc-protobuf/1.17.1/grpc-protobuf-1.17.1.jar:/home/user/.m2/repository/com/google/api/grpc/proto-google-common-protos/1.0.0/proto-google-common-protos-1.0.0.jar:/home/user/.m2/repository/io/grpc/grpc-protobuf-lite/1.17.1/grpc-protobuf-lite-1.17.1.jar:/home/user/.m2/repository/io/grpc/grpc-stub/1.17.1/grpc-stub-1.17.1.jar:/home/user/.m2/repository/org/apache/hadoop/hadoop-ozone-recon/0.5.0-SNAPSHOT/hadoop-ozone-recon-0.5.0-SNAPSHOT.jar:/home/user/.m2/repository/org/apache/hadoop/hadoop-ozone-reconcodegen/0.5.0-SNAPSHOT/hadoop-ozone-reconcodegen-0.5.0-SNAPSHOT.jar:/home/user/.m2/repository/com/google/inject/extensions/guice-multibindings/4.0/guice-multibindings-4.0.jar:/home/user/.m2/repository/com/google/inject/guice/4.0/guice-4.0.jar:/home/user/.m2/repository/aopalliance/aopalliance/1.0/aopalliance-1.0.jar:/home/user/.m2/repository/com/google/inject/extensions/guice-servlet/4.0/guice-servlet-4.0.jar:/home/user/.m2/repository/org/glassfish/jersey/containers/jersey-container-servlet/2.27/jersey-container-servlet-2.27.jar:/home/user/.m2/repository/org/glassfish/hk2/guice-bridge/2.5.0/guice-bridge-2.5.0.jar:/home/user/.m2/repository/org/glassfish/jersey/core/jersey-server/2.27/jersey-server-2.27.jar:/home/user/.m2/repository/org/glassfish/jersey/core/jersey-client/2.27/jersey-client-2.27.jar:/home/user/.m2/repository/org/glassfish/jersey/media/jersey-media-jaxb/2.27/jersey-media-jaxb-2.27.jar:/home/user/.m2/repository/javax/validation/validation-api/1.1.0.Final/validation-api-1.1.0.Final.jar:/home/user/.m2/repository/org/glassfish/jersey/media/jersey-media-json-jackson/2.27/jersey-media-json-jackson-2.27.jar:/home/user/.m2/repository/org/glassfish/jersey/ext/jersey-entity-filtering/2.27/jersey-entity-filtering-2.27.jar:/home/user/.m2/repository/com/google/inject/extensions/guice-assistedinject/4.0/guice-assistedinject-4.0.jar:/home/user/.m2/repository/org/jooq/jooq/3.11.10/jooq-3.11.10.jar:/home/user/.m2/repository/org/jooq/jooq-meta/3.11.10/jooq-meta-3.11.10.jar:/home/user/.m2/repository/org/jooq/jooq-codegen/3.11.10/jooq-codegen-3.11.10.jar:/home/user/.m2/repository/com/jolbox/bonecp/0.8.0.RELEASE/bonecp-0.8.0.RELEASE.jar:/home/user/.m2/repository/org/xerial/sqlite-jdbc/3.25.2/sqlite-jdbc-3.25.2.jar:/home/user/.m2/repository/org/springframework/spring-jdbc/5.1.3.RELEASE/spring-jdbc-5.1.3.RELEASE.jar:/home/user/.m2/repository/org/springframework/spring-beans/5.1.3.RELEASE/spring-beans-5.1.3.RELEASE.jar:/home/user/.m2/repository/org/springframework/spring-core/5.1.3.RELEASE/spring-core-5.1.3.RELEASE.jar:/home/user/.m2/repository/org/springframework/spring-jcl/5.1.3.RELEASE/spring-jcl-5.1.3.RELEASE.jar:/home/user/.m2/repository/org/springframework/spring-tx/5.1.3.RELEASE/spring-tx-5.1.3.RELEASE.jar:/home/user/.m2/repository/org/apache/hadoop/hadoop-ozone-client/0.5.0-SNAPSHOT/hadoop-ozone-client-0.5.0-SNAPSHOT.jar:/home/user/.m2/repository/commons-lang/commons-lang/2.6/commons-lang-2.6.jar:/home/user/.m2/repository/org/apache/hadoop/hadoop-ozone-ozone-manager/0.5.0-SNAPSHOT/hadoop-ozone-ozone-manager-0.5.0-SNAPSHOT-tests.jar:/home/user/.m2/repository/junit/junit/4.11/junit-4.11.jar:/home/user/.m2/repository/org/hamcrest/hamcrest-core/1.3/hamcrest-core-1.3.jar:/home/user/.m2/repository/org/openjdk/jmh/jmh-core/1.19/jmh-core-1.19.jar:/home/user/.m2/repository/net/sf/jopt-simple/jopt-simple/4.6/jopt-simple-4.6.jar:/home/user/.m2/repository/org/apache/commons/commons-math3/3.1.1/commons-math3-3.1.1.jar:/home/user/.m2/repository/org/openjdk/jmh/jmh-generator-annprocess/1.19/jmh-generator-annprocess-1.19.jar:/home/user/.m2/repository/org/mockito/mockito-all/1.8.5/mockito-all-1.8.5.jar:/home/user/.m2/repository/org/apache/hadoop/hadoop-kms/3.2.0/hadoop-kms-3.2.0.jar:/home/user/.m2/repository/org/apache/hadoop/hadoop-auth/3.2.0/hadoop-auth-3.2.0.jar:/home/user/.m2/repository/com/nimbusds/nimbus-jose-jwt/4.41.1/nimbus-jose-jwt-4.41.1.jar:/home/user/.m2/repository/com/github/stephenc/jcip/jcip-annotations/1.0-1/jcip-annotations-1.0-1.jar:/home/user/.m2/repository/net/minidev/json-smart/2.3/json-smart-2.3.jar:/home/user/.m2/repository/net/minidev/accessors-smart/1.2/accessors-smart-1.2.jar:/home/user/.m2/repository/org/ow2/asm/asm/5.0.4/asm-5.0.4.jar:/home/user/.m2/repository/org/apache/curator/curator-framework/2.12.0/curator-framework-2.12.0.jar:/home/user/.m2/repository/com/sun/jersey/jersey-core/1.19/jersey-core-1.19.jar:/home/user/.m2/repository/javax/ws/rs/jsr311-api/1.1.1/jsr311-api-1.1.1.jar:/home/user/.m2/repository/com/sun/jersey/jersey-server/1.19/jersey-server-1.19.jar:/home/user/.m2/repository/javax/servlet/javax.servlet-api/3.1.0/javax.servlet-api-3.1.0.jar:/home/user/.m2/repository/org/eclipse/jetty/jetty-server/9.3.25.v20180904/jetty-server-9.3.25.v20180904.jar:/home/user/.m2/repository/org/eclipse/jetty/jetty-http/9.3.25.v20180904/jetty-http-9.3.25.v20180904.jar:/home/user/.m2/repository/org/eclipse/jetty/jetty-io/9.3.25.v20180904/jetty-io-9.3.25.v20180904.jar:/home/user/.m2/repository/org/eclipse/jetty/jetty-webapp/9.3.25.v20180904/jetty-webapp-9.3.25.v20180904.jar:/home/user/.m2/repository/org/eclipse/jetty/jetty-xml/9.3.25.v20180904/jetty-xml-9.3.25.v20180904.jar:/home/user/.m2/repository/log4j/log4j/1.2.17/log4j-1.2.17.jar:/home/user/.m2/repository/org/slf4j/slf4j-api/1.7.25/slf4j-api-1.7.25.jar:/home/user/.m2/repository/org/slf4j/jul-to-slf4j/1.7.25/jul-to-slf4j-1.7.25.jar:/home/user/.m2/repository/org/eclipse/jetty/jetty-util/9.3.25.v20180904/jetty-util-9.3.25.v20180904.jar:/home/user/.m2/repository/com/fasterxml/jackson/core/jackson-databind/2.9.9/jackson-databind-2.9.9.jar:/home/user/.m2/repository/org/apache/hadoop/hadoop-kms/3.2.0/hadoop-kms-3.2.0-tests.jar:/home/user/.m2/repository/org/apache/hadoop/hadoop-hdds-server-scm/0.5.0-SNAPSHOT/hadoop-hdds-server-scm-0.5.0-SNAPSHOT-tests.jar:/home/user/.m2/repository/org/apache/hadoop/hadoop-hdds-container-service/0.5.0-SNAPSHOT/hadoop-hdds-container-service-0.5.0-SNAPSHOT-tests.jar:/home/user/.m2/repository/org/yaml/snakeyaml/1.16/snakeyaml-1.16.jar:/home/user/.m2/repository/org/apache/hadoop/hadoop-common/3.2.0/hadoop-common-3.2.0-tests.jar:/home/user/.m2/repository/org/apache/hadoop/hadoop-annotations/3.2.0/hadoop-annotations-3.2.0.jar:/usr/lib/jvm/java-1.8.0-openjdk-1.8.0.222.b10-1.el7_7.x86_64/jre/../lib/tools.jar:/home/user/.m2/repository/commons-cli/commons-cli/1.2/commons-cli-1.2.jar:/home/user/.m2/repository/org/apache/httpcomponents/httpclient/4.5.2/httpclient-4.5.2.jar:/home/user/.m2/repository/org/apache/httpcomponents/httpcore/4.4.4/httpcore-4.4.4.jar:/home/user/.m2/repository/commons-codec/commons-codec/1.11/commons-codec-1.11.jar:/home/user/.m2/repository/commons-net/commons-net/3.6/commons-net-3.6.jar:/home/user/.m2/repository/commons-collections/commons-collections/3.2.2/commons-collections-3.2.2.jar:/home/user/.m2/repository/org/eclipse/jetty/jetty-servlet/9.3.25.v20180904/jetty-servlet-9.3.25.v20180904.jar:/home/user/.m2/repository/org/eclipse/jetty/jetty-security/9.3.25.v20180904/jetty-security-9.3.25.v20180904.jar:/home/user/.m2/repository/javax/servlet/jsp/jsp-api/2.1/jsp-api-2.1.jar:/home/user/.m2/repository/com/sun/jersey/jersey-servlet/1.19/jersey-servlet-1.19.jar:/home/user/.m2/repository/com/sun/jersey/jersey-json/1.19/jersey-json-1.19.jar:/home/user/.m2/repository/org/codehaus/jettison/jettison/1.1/jettison-1.1.jar:/home/user/.m2/repository/org/codehaus/jackson/jackson-core-asl/1.9.13/jackson-core-asl-1.9.13.jar:/home/user/.m2/repository/org/codehaus/jackson/jackson-mapper-asl/1.9.13/jackson-mapper-asl-1.9.13.jar:/home/user/.m2/repository/org/codehaus/jackson/jackson-jaxrs/1.9.13/jackson-jaxrs-1.9.13.jar:/home/user/.m2/repository/org/codehaus/jackson/jackson-xc/1.9.13/jackson-xc-1.9.13.jar:/home/user/.m2/repository/commons-logging/commons-logging/1.1.3/commons-logging-1.1.3.jar:/home/user/.m2/repository/commons-beanutils/commons-beanutils/1.9.4/commons-beanutils-1.9.4.jar:/home/user/.m2/repository/org/apache/commons/commons-configuration2/2.1.1/commons-configuration2-2.1.1.jar:/home/user/.m2/repository/org/apache/commons/commons-lang3/3.7/commons-lang3-3.7.jar:/home/user/.m2/repository/org/apache/commons/commons-text/1.4/commons-text-1.4.jar:/home/user/.m2/repository/org/apache/avro/avro/1.7.7/avro-1.7.7.jar:/home/user/.m2/repository/com/thoughtworks/paranamer/paranamer/2.3/paranamer-2.3.jar:/home/user/.m2/repository/org/xerial/snappy/snappy-java/1.0.5/snappy-java-1.0.5.jar:/home/user/.m2/repository/com/google/re2j/re2j/1.1/re2j-1.1.jar:/home/user/.m2/repository/com/google/code/gson/gson/2.2.4/gson-2.2.4.jar:/home/user/.m2/repository/com/jcraft/jsch/0.1.54/jsch-0.1.54.jar:/home/user/.m2/repository/org/apache/curator/curator-client/2.12.0/curator-client-2.12.0.jar:/home/user/.m2/repository/org/apache/curator/curator-recipes/2.12.0/curator-recipes-2.12.0.jar:/home/user/.m2/repository/com/google/code/findbugs/jsr305/3.0.0/jsr305-3.0.0.jar:/home/user/.m2/repository/org/apache/htrace/htrace-core4/4.1.0-incubating/htrace-core4-4.1.0-incubating.jar:/home/user/.m2/repository/org/apache/zookeeper/zookeeper/3.4.13/zookeeper-3.4.13.jar:/home/user/.m2/repository/jline/jline/0.9.94/jline-0.9.94.jar:/home/user/.m2/repository/org/apache/yetus/audience-annotations/0.5.0/audience-annotations-0.5.0.jar:/home/user/.m2/repository/org/codehaus/woodstox/stax2-api/3.1.4/stax2-api-3.1.4.jar:/home/user/.m2/repository/com/fasterxml/woodstox/woodstox-core/5.0.3/woodstox-core-5.0.3.jar:/home/user/.m2/repository/dnsjava/dnsjava/2.1.7/dnsjava-2.1.7.jar:/home/user/.m2/repository/org/apache/hadoop/hadoop-hdfs/3.2.0/hadoop-hdfs-3.2.0-tests.jar:/home/user/.m2/repository/org/eclipse/jetty/jetty-util-ajax/9.3.25.v20180904/jetty-util-ajax-9.3.25.v20180904.jar:/home/user/.m2/repository/commons-daemon/commons-daemon/1.0.13/commons-daemon-1.0.13.jar:/home/user/.m2/repository/io/netty/netty/3.10.5.Final/netty-3.10.5.Final.jar:/home/user/.m2/repository/io/netty/netty-all/4.0.52.Final/netty-all-4.0.52.Final.jar:/home/user/.m2/repository/org/fusesource/leveldbjni/leveldbjni-all/1.8/leveldbjni-all-1.8.jar:"/>
    <property name="java.vm.vendor" value="Oracle Corporation"/>
    <property name="sun.arch.data.model" value="64"/>
    <property name="test.build.dir" value="/workdir/hadoop-ozone/integration-test/target/test-dir"/>
    <property name="test.cache.data" value=""/>
    <property name="java.vendor.url" value="http://java.oracle.com/"/>
    <property name="user.timezone" value=""/>
    <property name="java.vm.specification.version" value="1.8"/>
    <property name="os.name" value="Linux"/>
    <property name="test.build.data" value="/workdir/hadoop-ozone/integration-test/target/test-dir"/>
    <property name="user.country" value="US"/>
    <property name="sun.java.launcher" value="SUN_STANDARD"/>
    <property name="sun.boot.library.path" value="/usr/lib/jvm/java-1.8.0-openjdk-1.8.0.222.b10-1.el7_7.x86_64/jre/lib/amd64"/>
    <property name="sun.java.command" value="/workdir/hadoop-ozone/integration-test/target/surefire/surefirebooter8634338828685046819.jar /workdir/hadoop-ozone/integration-test/target/surefire 2019-10-28T07-30-58_751-jvmRun1 surefire8092716617333039717tmp surefire_754539747025216391091tmp"/>
    <property name="surefire.test.class.path" value="/workdir/hadoop-ozone/integration-test/target/test-classes:/workdir/hadoop-ozone/integration-test/target/classes:/home/user/.m2/repository/org/apache/hadoop/hadoop-ozone-common/0.5.0-SNAPSHOT/hadoop-ozone-common-0.5.0-SNAPSHOT.jar:/home/user/.m2/repository/org/apache/commons/commons-compress/1.4.1/commons-compress-1.4.1.jar:/home/user/.m2/repository/org/tukaani/xz/1.0/xz-1.0.jar:/home/user/.m2/repository/org/apache/hadoop/hadoop-common/3.2.0/hadoop-common-3.2.0.jar:/home/user/.m2/repository/org/apache/hadoop/hadoop-hdfs/3.2.0/hadoop-hdfs-3.2.0.jar:/home/user/.m2/repository/org/apache/hadoop/hadoop-hdfs-client/3.2.0/hadoop-hdfs-client-3.2.0.jar:/home/user/.m2/repository/com/fasterxml/jackson/core/jackson-annotations/2.9.9/jackson-annotations-2.9.9.jar:/home/user/.m2/repository/org/apache/hadoop/hadoop-hdds-common/0.5.0-SNAPSHOT/hadoop-hdds-common-0.5.0-SNAPSHOT.jar:/home/user/.m2/repository/javax/annotation/javax.annotation-api/1.2/javax.annotation-api-1.2.jar:/home/user/.m2/repository/org/apache/ratis/ratis-server/0.5.0-201fc85-SNAPSHOT/ratis-server-0.5.0-201fc85-SNAPSHOT.jar:/home/user/.m2/repository/org/apache/ratis/ratis-thirdparty-misc/0.2.0/ratis-thirdparty-misc-0.2.0.jar:/home/user/.m2/repository/org/apache/ratis/ratis-proto/0.5.0-201fc85-SNAPSHOT/ratis-proto-0.5.0-201fc85-SNAPSHOT.jar:/home/user/.m2/repository/org/apache/ratis/ratis-common/0.5.0-201fc85-SNAPSHOT/ratis-common-0.5.0-201fc85-SNAPSHOT.jar:/home/user/.m2/repository/org/apache/ratis/ratis-client/0.5.0-201fc85-SNAPSHOT/ratis-client-0.5.0-201fc85-SNAPSHOT.jar:/home/user/.m2/repository/org/apache/ratis/ratis-metrics/0.5.0-201fc85-SNAPSHOT/ratis-metrics-0.5.0-201fc85-SNAPSHOT.jar:/home/user/.m2/repository/com/github/joshelser/dropwizard-metrics-hadoop-metrics2-reporter/0.1.2/dropwizard-metrics-hadoop-metrics2-reporter-0.1.2.jar:/home/user/.m2/repository/io/dropwizard/metrics/metrics-jvm/3.2.5/metrics-jvm-3.2.5.jar:/home/user/.m2/repository/io/dropwizard/metrics/metrics-ganglia/3.2.5/metrics-ganglia-3.2.5.jar:/home/user/.m2/repository/info/ganglia/gmetric4j/gmetric4j/1.0.7/gmetric4j-1.0.7.jar:/home/user/.m2/repository/org/apache/ratis/ratis-netty/0.5.0-201fc85-SNAPSHOT/ratis-netty-0.5.0-201fc85-SNAPSHOT.jar:/home/user/.m2/repository/org/apache/ratis/ratis-grpc/0.5.0-201fc85-SNAPSHOT/ratis-grpc-0.5.0-201fc85-SNAPSHOT.jar:/home/user/.m2/repository/org/rocksdb/rocksdbjni/6.0.1/rocksdbjni-6.0.1.jar:/home/user/.m2/repository/org/apache/logging/log4j/log4j-api/2.11.0/log4j-api-2.11.0.jar:/home/user/.m2/repository/org/apache/logging/log4j/log4j-core/2.11.0/log4j-core-2.11.0.jar:/home/user/.m2/repository/com/lmax/disruptor/3.4.2/disruptor-3.4.2.jar:/home/user/.m2/repository/org/apache/commons/commons-pool2/2.6.0/commons-pool2-2.6.0.jar:/home/user/.m2/repository/org/bouncycastle/bcpkix-jdk15on/1.60/bcpkix-jdk15on-1.60.jar:/home/user/.m2/repository/commons-validator/commons-validator/1.6/commons-validator-1.6.jar:/home/user/.m2/repository/commons-digester/commons-digester/1.8.1/commons-digester-1.8.1.jar:/home/user/.m2/repository/io/jaegertracing/jaeger-client/0.34.0/jaeger-client-0.34.0.jar:/home/user/.m2/repository/io/jaegertracing/jaeger-thrift/0.34.0/jaeger-thrift-0.34.0.jar:/home/user/.m2/repository/org/apache/thrift/libthrift/0.12.0/libthrift-0.12.0.jar:/home/user/.m2/repository/com/squareup/okhttp3/okhttp/3.9.0/okhttp-3.9.0.jar:/home/user/.m2/repository/com/squareup/okio/okio/1.13.0/okio-1.13.0.jar:/home/user/.m2/repository/io/jaegertracing/jaeger-core/0.34.0/jaeger-core-0.34.0.jar:/home/user/.m2/repository/io/jaegertracing/jaeger-tracerresolver/0.34.0/jaeger-tracerresolver-0.34.0.jar:/home/user/.m2/repository/io/opentracing/contrib/opentracing-tracerresolver/0.1.5/opentracing-tracerresolver-0.1.5.jar:/home/user/.m2/repository/io/opentracing/opentracing-util/0.31.0/opentracing-util-0.31.0.jar:/home/user/.m2/repository/io/opentracing/opentracing-api/0.31.0/opentracing-api-0.31.0.jar:/home/user/.m2/repository/io/opentracing/opentracing-noop/0.31.0/opentracing-noop-0.31.0.jar:/home/user/.m2/repository/org/apache/hadoop/hadoop-hdds-server-framework/0.5.0-SNAPSHOT/hadoop-hdds-server-framework-0.5.0-SNAPSHOT.jar:/home/user/.m2/repository/org/apache/hadoop/hadoop-hdds-container-service/0.5.0-SNAPSHOT/hadoop-hdds-container-service-0.5.0-SNAPSHOT.jar:/home/user/.m2/repository/org/apache/hadoop/hadoop-hdds-client/0.5.0-SNAPSHOT/hadoop-hdds-client-0.5.0-SNAPSHOT.jar:/home/user/.m2/repository/org/apache/hadoop/hadoop-hdds-tools/0.5.0-SNAPSHOT/hadoop-hdds-tools-0.5.0-SNAPSHOT.jar:/home/user/.m2/repository/org/apache/hadoop/hadoop-hdds-server-scm/0.5.0-SNAPSHOT/hadoop-hdds-server-scm-0.5.0-SNAPSHOT.jar:/home/user/.m2/repository/org/apache/hadoop/hadoop-hdds-docs/0.5.0-SNAPSHOT/hadoop-hdds-docs-0.5.0-SNAPSHOT.jar:/home/user/.m2/repository/io/dropwizard/metrics/metrics-core/3.2.4/metrics-core-3.2.4.jar:/home/user/.m2/repository/org/hamcrest/hamcrest-all/1.3/hamcrest-all-1.3.jar:/home/user/.m2/repository/org/bouncycastle/bcprov-jdk15on/1.60/bcprov-jdk15on-1.60.jar:/home/user/.m2/repository/info/picocli/picocli/3.9.6/picocli-3.9.6.jar:/home/user/.m2/repository/com/google/protobuf/protobuf-java/2.5.0/protobuf-java-2.5.0.jar:/home/user/.m2/repository/com/google/guava/guava/11.0.2/guava-11.0.2.jar:/home/user/.m2/repository/org/apache/hadoop/hadoop-ozone-ozone-manager/0.5.0-SNAPSHOT/hadoop-ozone-ozone-manager-0.5.0-SNAPSHOT.jar:/home/user/.m2/repository/org/apache/hadoop/hadoop-minikdc/3.2.0/hadoop-minikdc-3.2.0.jar:/home/user/.m2/repository/commons-io/commons-io/2.5/commons-io-2.5.jar:/home/user/.m2/repository/org/apache/kerby/kerb-simplekdc/1.0.1/kerb-simplekdc-1.0.1.jar:/home/user/.m2/repository/org/apache/kerby/kerb-client/1.0.1/kerb-client-1.0.1.jar:/home/user/.m2/repository/org/apache/kerby/kerby-config/1.0.1/kerby-config-1.0.1.jar:/home/user/.m2/repository/org/apache/kerby/kerb-core/1.0.1/kerb-core-1.0.1.jar:/home/user/.m2/repository/org/apache/kerby/kerby-pkix/1.0.1/kerby-pkix-1.0.1.jar:/home/user/.m2/repository/org/apache/kerby/kerby-asn1/1.0.1/kerby-asn1-1.0.1.jar:/home/user/.m2/repository/org/apache/kerby/kerby-util/1.0.1/kerby-util-1.0.1.jar:/home/user/.m2/repository/org/apache/kerby/kerb-common/1.0.1/kerb-common-1.0.1.jar:/home/user/.m2/repository/org/apache/kerby/kerb-crypto/1.0.1/kerb-crypto-1.0.1.jar:/home/user/.m2/repository/org/apache/kerby/kerb-util/1.0.1/kerb-util-1.0.1.jar:/home/user/.m2/repository/org/apache/kerby/token-provider/1.0.1/token-provider-1.0.1.jar:/home/user/.m2/repository/org/apache/kerby/kerb-admin/1.0.1/kerb-admin-1.0.1.jar:/home/user/.m2/repository/org/apache/kerby/kerb-server/1.0.1/kerb-server-1.0.1.jar:/home/user/.m2/repository/org/apache/kerby/kerb-identity/1.0.1/kerb-identity-1.0.1.jar:/home/user/.m2/repository/org/apache/kerby/kerby-xdr/1.0.1/kerby-xdr-1.0.1.jar:/home/user/.m2/repository/org/slf4j/slf4j-log4j12/1.7.25/slf4j-log4j12-1.7.25.jar:/home/user/.m2/repository/org/apache/hadoop/hadoop-ozone-s3gateway/0.5.0-SNAPSHOT/hadoop-ozone-s3gateway-0.5.0-SNAPSHOT.jar:/home/user/.m2/repository/org/jboss/weld/servlet/weld-servlet/2.4.7.Final/weld-servlet-2.4.7.Final.jar:/home/user/.m2/repository/org/glassfish/jersey/containers/jersey-container-servlet-core/2.27/jersey-container-servlet-core-2.27.jar:/home/user/.m2/repository/org/glassfish/hk2/external/javax.inject/2.5.0-b42/javax.inject-2.5.0-b42.jar:/home/user/.m2/repository/org/glassfish/jersey/core/jersey-common/2.27/jersey-common-2.27.jar:/home/user/.m2/repository/org/glassfish/hk2/osgi-resource-locator/1.0.1/osgi-resource-locator-1.0.1.jar:/home/user/.m2/repository/javax/ws/rs/javax.ws.rs-api/2.1/javax.ws.rs-api-2.1.jar:/home/user/.m2/repository/org/glassfish/jersey/ext/cdi/jersey-cdi1x/2.27/jersey-cdi1x-2.27.jar:/home/user/.m2/repository/org/glassfish/jersey/inject/jersey-hk2/2.27/jersey-hk2-2.27.jar:/home/user/.m2/repository/org/glassfish/hk2/hk2-locator/2.5.0-b42/hk2-locator-2.5.0-b42.jar:/home/user/.m2/repository/org/javassist/javassist/3.22.0-CR2/javassist-3.22.0-CR2.jar:/home/user/.m2/repository/org/glassfish/hk2/hk2-api/2.5.0/hk2-api-2.5.0.jar:/home/user/.m2/repository/org/glassfish/hk2/external/jakarta.inject/2.5.0/jakarta.inject-2.5.0.jar:/home/user/.m2/repository/org/glassfish/hk2/hk2-utils/2.5.0/hk2-utils-2.5.0.jar:/home/user/.m2/repository/jakarta/annotation/jakarta.annotation-api/1.3.4/jakarta.annotation-api-1.3.4.jar:/home/user/.m2/repository/org/glassfish/hk2/external/aopalliance-repackaged/2.5.0/aopalliance-repackaged-2.5.0.jar:/home/user/.m2/repository/com/fasterxml/jackson/dataformat/jackson-dataformat-xml/2.9.0/jackson-dataformat-xml-2.9.0.jar:/home/user/.m2/repository/com/fasterxml/jackson/core/jackson-core/2.9.9/jackson-core-2.9.9.jar:/home/user/.m2/repository/com/fasterxml/jackson/module/jackson-module-jaxb-annotations/2.9.9/jackson-module-jaxb-annotations-2.9.9.jar:/home/user/.m2/repository/javax/enterprise/cdi-api/1.2/cdi-api-1.2.jar:/home/user/.m2/repository/javax/el/javax.el-api/3.0.0/javax.el-api-3.0.0.jar:/home/user/.m2/repository/javax/interceptor/javax.interceptor-api/1.2/javax.interceptor-api-1.2.jar:/home/user/.m2/repository/javax/inject/javax.inject/1/javax.inject-1.jar:/home/user/.m2/repository/com/sun/xml/bind/jaxb-impl/2.3.0.1/jaxb-impl-2.3.0.1.jar:/home/user/.m2/repository/com/sun/xml/bind/jaxb-core/2.3.0.1/jaxb-core-2.3.0.1.jar:/home/user/.m2/repository/javax/xml/bind/jaxb-api/2.3.0/jaxb-api-2.3.0.jar:/home/user/.m2/repository/javax/activation/activation/1.1.1/activation-1.1.1.jar:/home/user/.m2/repository/org/apache/hadoop/hadoop-ozone-csi/0.5.0-SNAPSHOT/hadoop-ozone-csi-0.5.0-SNAPSHOT.jar:/home/user/.m2/repository/com/google/protobuf/protobuf-java-util/3.5.1/protobuf-java-util-3.5.1.jar:/home/user/.m2/repository/org/apache/hadoop/hadoop-hdds-config/0.5.0-SNAPSHOT/hadoop-hdds-config-0.5.0-SNAPSHOT.jar:/home/user/.m2/repository/io/grpc/grpc-netty/1.17.1/grpc-netty-1.17.1.jar:/home/user/.m2/repository/io/grpc/grpc-core/1.17.1/grpc-core-1.17.1.jar:/home/user/.m2/repository/io/grpc/grpc-context/1.17.1/grpc-context-1.17.1.jar:/home/user/.m2/repository/com/google/errorprone/error_prone_annotations/2.2.0/error_prone_annotations-2.2.0.jar:/home/user/.m2/repository/org/codehaus/mojo/animal-sniffer-annotations/1.17/animal-sniffer-annotations-1.17.jar:/home/user/.m2/repository/io/opencensus/opencensus-api/0.17.0/opencensus-api-0.17.0.jar:/home/user/.m2/repository/io/opencensus/opencensus-contrib-grpc-metrics/0.17.0/opencensus-contrib-grpc-metrics-0.17.0.jar:/home/user/.m2/repository/io/netty/netty-codec-http2/4.1.30.Final/netty-codec-http2-4.1.30.Final.jar:/home/user/.m2/repository/io/netty/netty-codec-http/4.1.30.Final/netty-codec-http-4.1.30.Final.jar:/home/user/.m2/repository/io/netty/netty-codec/4.1.30.Final/netty-codec-4.1.30.Final.jar:/home/user/.m2/repository/io/netty/netty-handler/4.1.30.Final/netty-handler-4.1.30.Final.jar:/home/user/.m2/repository/io/netty/netty-handler-proxy/4.1.30.Final/netty-handler-proxy-4.1.30.Final.jar:/home/user/.m2/repository/io/netty/netty-codec-socks/4.1.30.Final/netty-codec-socks-4.1.30.Final.jar:/home/user/.m2/repository/io/netty/netty-transport-native-epoll/4.1.30.Final/netty-transport-native-epoll-4.1.30.Final.jar:/home/user/.m2/repository/io/netty/netty-common/4.1.30.Final/netty-common-4.1.30.Final.jar:/home/user/.m2/repository/io/netty/netty-buffer/4.1.30.Final/netty-buffer-4.1.30.Final.jar:/home/user/.m2/repository/io/netty/netty-transport/4.1.30.Final/netty-transport-4.1.30.Final.jar:/home/user/.m2/repository/io/netty/netty-resolver/4.1.30.Final/netty-resolver-4.1.30.Final.jar:/home/user/.m2/repository/io/netty/netty-transport-native-unix-common/4.1.30.Final/netty-transport-native-unix-common-4.1.30.Final.jar:/home/user/.m2/repository/io/grpc/grpc-protobuf/1.17.1/grpc-protobuf-1.17.1.jar:/home/user/.m2/repository/com/google/api/grpc/proto-google-common-protos/1.0.0/proto-google-common-protos-1.0.0.jar:/home/user/.m2/repository/io/grpc/grpc-protobuf-lite/1.17.1/grpc-protobuf-lite-1.17.1.jar:/home/user/.m2/repository/io/grpc/grpc-stub/1.17.1/grpc-stub-1.17.1.jar:/home/user/.m2/repository/org/apache/hadoop/hadoop-ozone-recon/0.5.0-SNAPSHOT/hadoop-ozone-recon-0.5.0-SNAPSHOT.jar:/home/user/.m2/repository/org/apache/hadoop/hadoop-ozone-reconcodegen/0.5.0-SNAPSHOT/hadoop-ozone-reconcodegen-0.5.0-SNAPSHOT.jar:/home/user/.m2/repository/com/google/inject/extensions/guice-multibindings/4.0/guice-multibindings-4.0.jar:/home/user/.m2/repository/com/google/inject/guice/4.0/guice-4.0.jar:/home/user/.m2/repository/aopalliance/aopalliance/1.0/aopalliance-1.0.jar:/home/user/.m2/repository/com/google/inject/extensions/guice-servlet/4.0/guice-servlet-4.0.jar:/home/user/.m2/repository/org/glassfish/jersey/containers/jersey-container-servlet/2.27/jersey-container-servlet-2.27.jar:/home/user/.m2/repository/org/glassfish/hk2/guice-bridge/2.5.0/guice-bridge-2.5.0.jar:/home/user/.m2/repository/org/glassfish/jersey/core/jersey-server/2.27/jersey-server-2.27.jar:/home/user/.m2/repository/org/glassfish/jersey/core/jersey-client/2.27/jersey-client-2.27.jar:/home/user/.m2/repository/org/glassfish/jersey/media/jersey-media-jaxb/2.27/jersey-media-jaxb-2.27.jar:/home/user/.m2/repository/javax/validation/validation-api/1.1.0.Final/validation-api-1.1.0.Final.jar:/home/user/.m2/repository/org/glassfish/jersey/media/jersey-media-json-jackson/2.27/jersey-media-json-jackson-2.27.jar:/home/user/.m2/repository/org/glassfish/jersey/ext/jersey-entity-filtering/2.27/jersey-entity-filtering-2.27.jar:/home/user/.m2/repository/com/google/inject/extensions/guice-assistedinject/4.0/guice-assistedinject-4.0.jar:/home/user/.m2/repository/org/jooq/jooq/3.11.10/jooq-3.11.10.jar:/home/user/.m2/repository/org/jooq/jooq-meta/3.11.10/jooq-meta-3.11.10.jar:/home/user/.m2/repository/org/jooq/jooq-codegen/3.11.10/jooq-codegen-3.11.10.jar:/home/user/.m2/repository/com/jolbox/bonecp/0.8.0.RELEASE/bonecp-0.8.0.RELEASE.jar:/home/user/.m2/repository/org/xerial/sqlite-jdbc/3.25.2/sqlite-jdbc-3.25.2.jar:/home/user/.m2/repository/org/springframework/spring-jdbc/5.1.3.RELEASE/spring-jdbc-5.1.3.RELEASE.jar:/home/user/.m2/repository/org/springframework/spring-beans/5.1.3.RELEASE/spring-beans-5.1.3.RELEASE.jar:/home/user/.m2/repository/org/springframework/spring-core/5.1.3.RELEASE/spring-core-5.1.3.RELEASE.jar:/home/user/.m2/repository/org/springframework/spring-jcl/5.1.3.RELEASE/spring-jcl-5.1.3.RELEASE.jar:/home/user/.m2/repository/org/springframework/spring-tx/5.1.3.RELEASE/spring-tx-5.1.3.RELEASE.jar:/home/user/.m2/repository/org/apache/hadoop/hadoop-ozone-client/0.5.0-SNAPSHOT/hadoop-ozone-client-0.5.0-SNAPSHOT.jar:/home/user/.m2/repository/commons-lang/commons-lang/2.6/commons-lang-2.6.jar:/home/user/.m2/repository/org/apache/hadoop/hadoop-ozone-ozone-manager/0.5.0-SNAPSHOT/hadoop-ozone-ozone-manager-0.5.0-SNAPSHOT-tests.jar:/home/user/.m2/repository/junit/junit/4.11/junit-4.11.jar:/home/user/.m2/repository/org/hamcrest/hamcrest-core/1.3/hamcrest-core-1.3.jar:/home/user/.m2/repository/org/openjdk/jmh/jmh-core/1.19/jmh-core-1.19.jar:/home/user/.m2/repository/net/sf/jopt-simple/jopt-simple/4.6/jopt-simple-4.6.jar:/home/user/.m2/repository/org/apache/commons/commons-math3/3.1.1/commons-math3-3.1.1.jar:/home/user/.m2/repository/org/openjdk/jmh/jmh-generator-annprocess/1.19/jmh-generator-annprocess-1.19.jar:/home/user/.m2/repository/org/mockito/mockito-all/1.8.5/mockito-all-1.8.5.jar:/home/user/.m2/repository/org/apache/hadoop/hadoop-kms/3.2.0/hadoop-kms-3.2.0.jar:/home/user/.m2/repository/org/apache/hadoop/hadoop-auth/3.2.0/hadoop-auth-3.2.0.jar:/home/user/.m2/repository/com/nimbusds/nimbus-jose-jwt/4.41.1/nimbus-jose-jwt-4.41.1.jar:/home/user/.m2/repository/com/github/stephenc/jcip/jcip-annotations/1.0-1/jcip-annotations-1.0-1.jar:/home/user/.m2/repository/net/minidev/json-smart/2.3/json-smart-2.3.jar:/home/user/.m2/repository/net/minidev/accessors-smart/1.2/accessors-smart-1.2.jar:/home/user/.m2/repository/org/ow2/asm/asm/5.0.4/asm-5.0.4.jar:/home/user/.m2/repository/org/apache/curator/curator-framework/2.12.0/curator-framework-2.12.0.jar:/home/user/.m2/repository/com/sun/jersey/jersey-core/1.19/jersey-core-1.19.jar:/home/user/.m2/repository/javax/ws/rs/jsr311-api/1.1.1/jsr311-api-1.1.1.jar:/home/user/.m2/repository/com/sun/jersey/jersey-server/1.19/jersey-server-1.19.jar:/home/user/.m2/repository/javax/servlet/javax.servlet-api/3.1.0/javax.servlet-api-3.1.0.jar:/home/user/.m2/repository/org/eclipse/jetty/jetty-server/9.3.25.v20180904/jetty-server-9.3.25.v20180904.jar:/home/user/.m2/repository/org/eclipse/jetty/jetty-http/9.3.25.v20180904/jetty-http-9.3.25.v20180904.jar:/home/user/.m2/repository/org/eclipse/jetty/jetty-io/9.3.25.v20180904/jetty-io-9.3.25.v20180904.jar:/home/user/.m2/repository/org/eclipse/jetty/jetty-webapp/9.3.25.v20180904/jetty-webapp-9.3.25.v20180904.jar:/home/user/.m2/repository/org/eclipse/jetty/jetty-xml/9.3.25.v20180904/jetty-xml-9.3.25.v20180904.jar:/home/user/.m2/repository/log4j/log4j/1.2.17/log4j-1.2.17.jar:/home/user/.m2/repository/org/slf4j/slf4j-api/1.7.25/slf4j-api-1.7.25.jar:/home/user/.m2/repository/org/slf4j/jul-to-slf4j/1.7.25/jul-to-slf4j-1.7.25.jar:/home/user/.m2/repository/org/eclipse/jetty/jetty-util/9.3.25.v20180904/jetty-util-9.3.25.v20180904.jar:/home/user/.m2/repository/com/fasterxml/jackson/core/jackson-databind/2.9.9/jackson-databind-2.9.9.jar:/home/user/.m2/repository/org/apache/hadoop/hadoop-kms/3.2.0/hadoop-kms-3.2.0-tests.jar:/home/user/.m2/repository/org/apache/hadoop/hadoop-hdds-server-scm/0.5.0-SNAPSHOT/hadoop-hdds-server-scm-0.5.0-SNAPSHOT-tests.jar:/home/user/.m2/repository/org/apache/hadoop/hadoop-hdds-container-service/0.5.0-SNAPSHOT/hadoop-hdds-container-service-0.5.0-SNAPSHOT-tests.jar:/home/user/.m2/repository/org/yaml/snakeyaml/1.16/snakeyaml-1.16.jar:/home/user/.m2/repository/org/apache/hadoop/hadoop-common/3.2.0/hadoop-common-3.2.0-tests.jar:/home/user/.m2/repository/org/apache/hadoop/hadoop-annotations/3.2.0/hadoop-annotations-3.2.0.jar:/usr/lib/jvm/java-1.8.0-openjdk-1.8.0.222.b10-1.el7_7.x86_64/jre/../lib/tools.jar:/home/user/.m2/repository/commons-cli/commons-cli/1.2/commons-cli-1.2.jar:/home/user/.m2/repository/org/apache/httpcomponents/httpclient/4.5.2/httpclient-4.5.2.jar:/home/user/.m2/repository/org/apache/httpcomponents/httpcore/4.4.4/httpcore-4.4.4.jar:/home/user/.m2/repository/commons-codec/commons-codec/1.11/commons-codec-1.11.jar:/home/user/.m2/repository/commons-net/commons-net/3.6/commons-net-3.6.jar:/home/user/.m2/repository/commons-collections/commons-collections/3.2.2/commons-collections-3.2.2.jar:/home/user/.m2/repository/org/eclipse/jetty/jetty-servlet/9.3.25.v20180904/jetty-servlet-9.3.25.v20180904.jar:/home/user/.m2/repository/org/eclipse/jetty/jetty-security/9.3.25.v20180904/jetty-security-9.3.25.v20180904.jar:/home/user/.m2/repository/javax/servlet/jsp/jsp-api/2.1/jsp-api-2.1.jar:/home/user/.m2/repository/com/sun/jersey/jersey-servlet/1.19/jersey-servlet-1.19.jar:/home/user/.m2/repository/com/sun/jersey/jersey-json/1.19/jersey-json-1.19.jar:/home/user/.m2/repository/org/codehaus/jettison/jettison/1.1/jettison-1.1.jar:/home/user/.m2/repository/org/codehaus/jackson/jackson-core-asl/1.9.13/jackson-core-asl-1.9.13.jar:/home/user/.m2/repository/org/codehaus/jackson/jackson-mapper-asl/1.9.13/jackson-mapper-asl-1.9.13.jar:/home/user/.m2/repository/org/codehaus/jackson/jackson-jaxrs/1.9.13/jackson-jaxrs-1.9.13.jar:/home/user/.m2/repository/org/codehaus/jackson/jackson-xc/1.9.13/jackson-xc-1.9.13.jar:/home/user/.m2/repository/commons-logging/commons-logging/1.1.3/commons-logging-1.1.3.jar:/home/user/.m2/repository/commons-beanutils/commons-beanutils/1.9.4/commons-beanutils-1.9.4.jar:/home/user/.m2/repository/org/apache/commons/commons-configuration2/2.1.1/commons-configuration2-2.1.1.jar:/home/user/.m2/repository/org/apache/commons/commons-lang3/3.7/commons-lang3-3.7.jar:/home/user/.m2/repository/org/apache/commons/commons-text/1.4/commons-text-1.4.jar:/home/user/.m2/repository/org/apache/avro/avro/1.7.7/avro-1.7.7.jar:/home/user/.m2/repository/com/thoughtworks/paranamer/paranamer/2.3/paranamer-2.3.jar:/home/user/.m2/repository/org/xerial/snappy/snappy-java/1.0.5/snappy-java-1.0.5.jar:/home/user/.m2/repository/com/google/re2j/re2j/1.1/re2j-1.1.jar:/home/user/.m2/repository/com/google/code/gson/gson/2.2.4/gson-2.2.4.jar:/home/user/.m2/repository/com/jcraft/jsch/0.1.54/jsch-0.1.54.jar:/home/user/.m2/repository/org/apache/curator/curator-client/2.12.0/curator-client-2.12.0.jar:/home/user/.m2/repository/org/apache/curator/curator-recipes/2.12.0/curator-recipes-2.12.0.jar:/home/user/.m2/repository/com/google/code/findbugs/jsr305/3.0.0/jsr305-3.0.0.jar:/home/user/.m2/repository/org/apache/htrace/htrace-core4/4.1.0-incubating/htrace-core4-4.1.0-incubating.jar:/home/user/.m2/repository/org/apache/zookeeper/zookeeper/3.4.13/zookeeper-3.4.13.jar:/home/user/.m2/repository/jline/jline/0.9.94/jline-0.9.94.jar:/home/user/.m2/repository/org/apache/yetus/audience-annotations/0.5.0/audience-annotations-0.5.0.jar:/home/user/.m2/repository/org/codehaus/woodstox/stax2-api/3.1.4/stax2-api-3.1.4.jar:/home/user/.m2/repository/com/fasterxml/woodstox/woodstox-core/5.0.3/woodstox-core-5.0.3.jar:/home/user/.m2/repository/dnsjava/dnsjava/2.1.7/dnsjava-2.1.7.jar:/home/user/.m2/repository/org/apache/hadoop/hadoop-hdfs/3.2.0/hadoop-hdfs-3.2.0-tests.jar:/home/user/.m2/repository/org/eclipse/jetty/jetty-util-ajax/9.3.25.v20180904/jetty-util-ajax-9.3.25.v20180904.jar:/home/user/.m2/repository/commons-daemon/commons-daemon/1.0.13/commons-daemon-1.0.13.jar:/home/user/.m2/repository/io/netty/netty/3.10.5.Final/netty-3.10.5.Final.jar:/home/user/.m2/repository/io/netty/netty-all/4.0.52.Final/netty-all-4.0.52.Final.jar:/home/user/.m2/repository/org/fusesource/leveldbjni/leveldbjni-all/1.8/leveldbjni-all-1.8.jar:"/>
    <property name="sun.cpu.endian" value="little"/>
    <property name="user.home" value="/home/user"/>
    <property name="user.language" value="en"/>
    <property name="java.specification.vendor" value="Oracle Corporation"/>
    <property name="java.home" value="/usr/lib/jvm/java-1.8.0-openjdk-1.8.0.222.b10-1.el7_7.x86_64/jre"/>
    <property name="surefire.excludesFile" value="/tools/ozone-bad-unit-tests"/>
    <property name="java.security.krb5.conf" value="/workdir/hadoop-ozone/integration-test/target/test-classes/krb5.conf"/>
    <property name="basedir" value="/workdir/hadoop-ozone/integration-test"/>
    <property name="file.separator" value="/"/>
    <property name="line.separator" value="&#10;"/>
    <property name="java.vm.specification.vendor" value="Oracle Corporation"/>
    <property name="java.specification.name" value="Java Platform API Specification"/>
    <property name="java.awt.graphicsenv" value="sun.awt.X11GraphicsEnvironment"/>
    <property name="surefire.real.class.path" value="/workdir/hadoop-ozone/integration-test/target/surefire/surefirebooter8634338828685046819.jar"/>
    <property name="hadoop.log.dir" value="/workdir/hadoop-ozone/integration-test/target/log"/>
    <property name="sun.boot.class.path" value="/usr/lib/jvm/java-1.8.0-openjdk-1.8.0.222.b10-1.el7_7.x86_64/jre/lib/resources.jar:/usr/lib/jvm/java-1.8.0-openjdk-1.8.0.222.b10-1.el7_7.x86_64/jre/lib/rt.jar:/usr/lib/jvm/java-1.8.0-openjdk-1.8.0.222.b10-1.el7_7.x86_64/jre/lib/sunrsasign.jar:/usr/lib/jvm/java-1.8.0-openjdk-1.8.0.222.b10-1.el7_7.x86_64/jre/lib/jsse.jar:/usr/lib/jvm/java-1.8.0-openjdk-1.8.0.222.b10-1.el7_7.x86_64/jre/lib/jce.jar:/usr/lib/jvm/java-1.8.0-openjdk-1.8.0.222.b10-1.el7_7.x86_64/jre/lib/charsets.jar:/usr/lib/jvm/java-1.8.0-openjdk-1.8.0.222.b10-1.el7_7.x86_64/jre/lib/jfr.jar:/usr/lib/jvm/java-1.8.0-openjdk-1.8.0.222.b10-1.el7_7.x86_64/jre/classes"/>
    <property name="sun.management.compiler" value="HotSpot 64-Bit Tiered Compilers"/>
    <property name="java.runtime.version" value="1.8.0_222-b10"/>
    <property name="java.net.preferIPv4Stack" value="true"/>
    <property name="user.name" value="jenkins1000"/>
    <property name="path.separator" value=":"/>
    <property name="java.security.egd" value="file:///dev/urandom"/>
    <property name="os.version" value="3.10.0-957.12.2.el7.x86_64"/>
    <property name="java.endorsed.dirs" value="/usr/lib/jvm/java-1.8.0-openjdk-1.8.0.222.b10-1.el7_7.x86_64/jre/lib/endorsed"/>
    <property name="java.runtime.name" value="OpenJDK Runtime Environment"/>
    <property name="file.encoding" value="ANSI_X3.4-1968"/>
    <property name="java.vm.name" value="OpenJDK 64-Bit Server VM"/>
    <property name="test.build.webapps" value=""/>
    <property name="localRepository" value="/home/user/.m2/repository"/>
    <property name="java.vendor.url.bug" value="http://bugreport.sun.com/bugreport/"/>
    <property name="java.io.tmpdir" value="/tmp"/>
    <property name="require.test.libhadoop" value=""/>
    <property name="java.version" value="1.8.0_222"/>
    <property name="user.dir" value="/workdir/hadoop-ozone/integration-test"/>
    <property name="os.arch" value="amd64"/>
    <property name="java.vm.specification.name" value="Java Virtual Machine Specification"/>
    <property name="test.build.classes" value="/workdir/hadoop-ozone/integration-test/target/test-classes"/>
    <property name="java.awt.printerjob" value="sun.print.PSPrinterJob"/>
    <property name="sun.os.patch.level" value="unknown"/>
    <property name="hadoop.tmp.dir" value="/workdir/hadoop-ozone/integration-test/target/tmp"/>
    <property name="java.library.path" value="/usr/lib:/workdir/hadoop-ozone/integration-test/target/native/target/usr/local/lib:/workdir/hadoop-ozone/integration-test/../../hadoop-common-project/hadoop-common/target/native/target/usr/local/lib:/usr/java/packages/lib/amd64:/usr/lib64:/lib64:/lib:/usr/lib"/>
    <property name="java.vm.info" value="mixed mode"/>
    <property name="java.vendor" value="Oracle Corporation"/>
    <property name="java.vm.version" value="25.222-b10"/>
    <property name="java.ext.dirs" value="/usr/lib/jvm/java-1.8.0-openjdk-1.8.0.222.b10-1.el7_7.x86_64/jre/lib/ext:/usr/java/packages/lib/ext"/>
    <property name="sun.io.unicode.encoding" value="UnicodeLittle"/>
    <property name="java.class.version" value="52.0"/>
  </properties>
  <testcase name="testAutomaticPipelineCreationOnPipelineDestroy" classname="org.apache.hadoop.hdds.scm.pipeline.TestRatisPipelineCreateAndDestroy" time="24.77"/>
  <testcase name="testPipelineCreationOnNodeRestart" classname="org.apache.hadoop.hdds.scm.pipeline.TestRatisPipelineCreateAndDestroy" time="22.256">
    <failure message="expected:&lt;FAILED_TO_FIND_SUITABLE_NODE&gt; but was:&lt;FAILED_TO_FIND_HEALTHY_NODES&gt;" type="java.lang.AssertionError"><![CDATA[java.lang.AssertionError: expected:<FAILED_TO_FIND_SUITABLE_NODE> but was:<FAILED_TO_FIND_HEALTHY_NODES>
	at org.junit.Assert.fail(Assert.java:88)
	at org.junit.Assert.failNotEquals(Assert.java:743)
	at org.junit.Assert.assertEquals(Assert.java:118)
	at org.junit.Assert.assertEquals(Assert.java:144)
	at org.apache.hadoop.hdds.scm.pipeline.TestRatisPipelineCreateAndDestroy.testPipelineCreationOnNodeRestart(TestRatisPipelineCreateAndDestroy.java:112)
	at sun.reflect.NativeMethodAccessorImpl.invoke0(Native Method)
	at sun.reflect.NativeMethodAccessorImpl.invoke(NativeMethodAccessorImpl.java:62)
	at sun.reflect.DelegatingMethodAccessorImpl.invoke(DelegatingMethodAccessorImpl.java:43)
	at java.lang.reflect.Method.invoke(Method.java:498)
	at org.junit.runners.model.FrameworkMethod$1.runReflectiveCall(FrameworkMethod.java:47)
	at org.junit.internal.runners.model.ReflectiveCallable.run(ReflectiveCallable.java:12)
	at org.junit.runners.model.FrameworkMethod.invokeExplosively(FrameworkMethod.java:44)
	at org.junit.internal.runners.statements.InvokeMethod.evaluate(InvokeMethod.java:17)
	at org.junit.internal.runners.statements.FailOnTimeout$StatementThread.run(FailOnTimeout.java:74)
]]></failure>
    <system-out><![CDATA[2019-10-28 08:42:01,706 [Thread-333] WARN  server.ServerUtils (ServerUtils.java:getScmDbDir(145)) - ozone.scm.db.dirs is not configured. We recommend adding this setting. Falling back to ozone.metadata.dirs instead.
2019-10-28 08:42:01,746 [Thread-333] WARN  server.ServerUtils (ServerUtils.java:getScmDbDir(145)) - ozone.scm.db.dirs is not configured. We recommend adding this setting. Falling back to ozone.metadata.dirs instead.
2019-10-28 08:42:01,747 [Thread-333] WARN  server.ServerUtils (ServerUtils.java:getScmDbDir(145)) - ozone.scm.db.dirs is not configured. We recommend adding this setting. Falling back to ozone.metadata.dirs instead.
2019-10-28 08:42:01,747 [Thread-333] INFO  db.DBStoreBuilder (DBStoreBuilder.java:addTable(117)) - using custom profile for table: deletedBlocks
2019-10-28 08:42:01,747 [Thread-333] INFO  db.DBStoreBuilder (DBStoreBuilder.java:processTables(168)) - Using default column profile:DBProfile.DISK for Table:deletedBlocks
2019-10-28 08:42:01,748 [Thread-333] INFO  db.DBStoreBuilder (DBStoreBuilder.java:addTable(117)) - using custom profile for table: validCerts
2019-10-28 08:42:01,748 [Thread-333] INFO  db.DBStoreBuilder (DBStoreBuilder.java:processTables(168)) - Using default column profile:DBProfile.DISK for Table:validCerts
2019-10-28 08:42:01,748 [Thread-333] INFO  db.DBStoreBuilder (DBStoreBuilder.java:addTable(117)) - using custom profile for table: revokedCerts
2019-10-28 08:42:01,748 [Thread-333] INFO  db.DBStoreBuilder (DBStoreBuilder.java:processTables(168)) - Using default column profile:DBProfile.DISK for Table:revokedCerts
2019-10-28 08:42:01,749 [Thread-333] INFO  db.DBStoreBuilder (DBStoreBuilder.java:addTable(117)) - using custom profile for table: default
2019-10-28 08:42:01,749 [Thread-333] INFO  db.DBStoreBuilder (DBStoreBuilder.java:processTables(174)) - Using default column profile:DBProfile.DISK for Table:default
2019-10-28 08:42:01,749 [Thread-333] INFO  db.DBStoreBuilder (DBStoreBuilder.java:getDbProfile(205)) - Using default options. DBProfile.DISK
2019-10-28 08:42:01,892 [Thread-333] INFO  net.NodeSchemaLoader (NodeSchemaLoader.java:loadSchemaFromFile(125)) - Loading file from sun.misc.CompoundEnumeration@3b888009
2019-10-28 08:42:01,892 [Thread-333] INFO  net.NodeSchemaLoader (NodeSchemaLoader.java:loadSchema(171)) - Loading network topology layer schema file
2019-10-28 08:42:01,900 [Thread-333] WARN  server.ServerUtils (ServerUtils.java:sanitizeUserArgs(64)) - ozone.scm.stale.node.interval value = 5000 is smaller than min = 6000 based on the key value of hdds.heartbeat.interval, reset to the min value 6000.
2019-10-28 08:42:01,900 [Thread-333] WARN  server.ServerUtils (ServerUtils.java:sanitizeUserArgs(64)) - ozone.scm.stale.node.interval value = 5000 is smaller than min = 6000 based on the key value of hdds.heartbeat.interval, reset to the min value 6000.
2019-10-28 08:42:01,900 [Thread-333] INFO  node.SCMNodeManager (SCMNodeManager.java:<init>(116)) - Entering startup safe mode.
2019-10-28 08:42:01,901 [Thread-333] INFO  algorithms.ContainerPlacementPolicyFactory (ContainerPlacementPolicyFactory.java:getPolicy(59)) - Create container placement policy of type org.apache.hadoop.hdds.scm.container.placement.algorithms.SCMContainerPlacementRandom
2019-10-28 08:42:01,901 [Thread-333] WARN  server.ServerUtils (ServerUtils.java:getScmDbDir(145)) - ozone.scm.db.dirs is not configured. We recommend adding this setting. Falling back to ozone.metadata.dirs instead.
2019-10-28 08:42:01,949 [Thread-333] INFO  pipeline.SCMPipelineManager (SCMPipelineManager.java:initializePipelineState(128)) - No pipeline exists in current db
2019-10-28 08:42:01,949 [Thread-333] WARN  server.ServerUtils (ServerUtils.java:getScmDbDir(145)) - ozone.scm.db.dirs is not configured. We recommend adding this setting. Falling back to ozone.metadata.dirs instead.
2019-10-28 08:42:01,977 [Thread-333] WARN  events.EventQueue (EventQueue.java:fireEvent(183)) - No event handler registered for event TypedEvent{payloadType=SafeModeStatus, name='SafeModeStatus'}
2019-10-28 08:42:01,978 [Thread-333] INFO  ipc.CallQueueManager (CallQueueManager.java:<init>(84)) - Using callQueue: class java.util.concurrent.LinkedBlockingQueue, queueCapacity: 2000, scheduler: class org.apache.hadoop.ipc.DefaultRpcScheduler, ipcBackoff: false.
2019-10-28 08:42:01,979 [Socket Reader #1 for port 34883] INFO  ipc.Server (Server.java:run(1074)) - Starting Socket Reader #1 for port 34883
2019-10-28 08:42:01,981 [Thread-333] INFO  ipc.CallQueueManager (CallQueueManager.java:<init>(84)) - Using callQueue: class java.util.concurrent.LinkedBlockingQueue, queueCapacity: 2000, scheduler: class org.apache.hadoop.ipc.DefaultRpcScheduler, ipcBackoff: false.
2019-10-28 08:42:01,981 [Socket Reader #1 for port 35354] INFO  ipc.Server (Server.java:run(1074)) - Starting Socket Reader #1 for port 35354
2019-10-28 08:42:01,982 [Thread-333] INFO  ipc.CallQueueManager (CallQueueManager.java:<init>(84)) - Using callQueue: class java.util.concurrent.LinkedBlockingQueue, queueCapacity: 2000, scheduler: class org.apache.hadoop.ipc.DefaultRpcScheduler, ipcBackoff: false.
2019-10-28 08:42:01,983 [Socket Reader #1 for port 38693] INFO  ipc.Server (Server.java:run(1074)) - Starting Socket Reader #1 for port 38693
2019-10-28 08:42:01,984 [Thread-333] INFO  hdfs.DFSUtil (DFSUtil.java:httpServerTemplateForNNAndJN(1641)) - Starting Web-server for scm at: http://0.0.0.0:0
2019-10-28 08:42:01,987 [Thread-333] INFO  server.AuthenticationFilter (AuthenticationFilter.java:constructSecretProvider(240)) - Unable to initialize FileSignerSecretProvider, falling back to use random secrets.
2019-10-28 08:42:01,987 [Thread-333] WARN  http.HttpRequestLog (HttpRequestLog.java:getRequestLog(97)) - Jetty request log can only be enabled using Log4j
2019-10-28 08:42:01,989 [Thread-333] INFO  http.HttpServer2 (HttpServer2.java:addGlobalFilter(975)) - Added global filter 'safety' (class=org.apache.hadoop.http.HttpServer2$QuotingInputFilter)
2019-10-28 08:42:01,990 [Thread-333] INFO  http.HttpServer2 (HttpServer2.java:addFilter(948)) - Added filter static_user_filter (class=org.apache.hadoop.http.lib.StaticUserWebFilter$StaticUserFilter) to context scm
2019-10-28 08:42:01,990 [Thread-333] INFO  http.HttpServer2 (HttpServer2.java:addFilter(958)) - Added filter static_user_filter (class=org.apache.hadoop.http.lib.StaticUserWebFilter$StaticUserFilter) to context logs
2019-10-28 08:42:01,990 [Thread-333] INFO  http.HttpServer2 (HttpServer2.java:addFilter(958)) - Added filter static_user_filter (class=org.apache.hadoop.http.lib.StaticUserWebFilter$StaticUserFilter) to context static
2019-10-28 08:42:01,993 [Thread-333] INFO  server.StorageContainerManager (StorageContainerManager.java:start(772)) - StorageContainerLocationProtocol RPC server is listening at /0.0.0.0:38693
2019-10-28 08:42:01,995 [Thread-333] WARN  impl.MetricsConfig (MetricsConfig.java:loadFirst(134)) - Cannot locate configuration: tried hadoop-metrics2-storagecontainermanager.properties,hadoop-metrics2.properties
2019-10-28 08:42:01,996 [Thread-333] INFO  impl.MetricsSystemImpl (MetricsSystemImpl.java:startTimer(374)) - Scheduled Metric snapshot period at 10 second(s).
2019-10-28 08:42:01,996 [Thread-333] INFO  impl.MetricsSystemImpl (MetricsSystemImpl.java:start(191)) - StorageContainerManager metrics system started
2019-10-28 08:42:02,040 [Thread-333] WARN  impl.MetricsSystemImpl (MetricsSystemImpl.java:register(276)) - Sink prometheus already exists!
2019-10-28 08:42:02,045 [Thread-333] INFO  server.SCMClientProtocolServer (SCMClientProtocolServer.java:start(159)) - RPC server for Client  is listening at /0.0.0.0:38693
2019-10-28 08:42:02,045 [IPC Server Responder] INFO  ipc.Server (Server.java:run(1314)) - IPC Server Responder: starting
2019-10-28 08:42:02,045 [IPC Server listener on 38693] INFO  ipc.Server (Server.java:run(1153)) - IPC Server listener on 38693: starting
2019-10-28 08:42:02,050 [Thread-333] INFO  server.StorageContainerManager (StorageContainerManager.java:start(782)) - ScmBlockLocationProtocol RPC server is listening at /0.0.0.0:35354
2019-10-28 08:42:02,050 [Thread-333] INFO  server.SCMBlockProtocolServer (SCMBlockProtocolServer.java:start(146)) - RPC server for Block Protocol is listening at /0.0.0.0:35354
2019-10-28 08:42:02,051 [IPC Server Responder] INFO  ipc.Server (Server.java:run(1314)) - IPC Server Responder: starting
2019-10-28 08:42:02,051 [IPC Server listener on 35354] INFO  ipc.Server (Server.java:run(1153)) - IPC Server listener on 35354: starting
2019-10-28 08:42:02,055 [Thread-333] INFO  server.StorageContainerManager (StorageContainerManager.java:start(786)) - ScmDatanodeProtocl RPC server is listening at /0.0.0.0:34883
2019-10-28 08:42:02,055 [Thread-333] INFO  server.SCMDatanodeProtocolServer (SCMDatanodeProtocolServer.java:start(169)) - RPC server for DataNodes is listening at /0.0.0.0:34883
2019-10-28 08:42:02,055 [IPC Server Responder] INFO  ipc.Server (Server.java:run(1314)) - IPC Server Responder: starting
2019-10-28 08:42:02,055 [IPC Server listener on 34883] INFO  ipc.Server (Server.java:run(1153)) - IPC Server listener on 34883: starting
2019-10-28 08:42:02,063 [Thread-333] INFO  http.HttpServer2 (HttpServer2.java:bindListener(1191)) - Jetty bound to port 43146
2019-10-28 08:42:02,063 [Thread-333] INFO  server.Server (Server.java:doStart(351)) - jetty-9.3.25.v20180904, build timestamp: 2018-09-04T21:11:46Z, git hash: 3ce520221d0240229c862b122d2b06c12a625732
2019-10-28 08:42:02,070 [Thread-333] INFO  handler.ContextHandler (ContextHandler.java:doStart(781)) - Started o.e.j.s.ServletContextHandler@53eb1978{/logs,file:///workdir/hadoop-ozone/integration-test/target/log,AVAILABLE}
2019-10-28 08:42:02,074 [Thread-333] INFO  handler.ContextHandler (ContextHandler.java:doStart(781)) - Started o.e.j.s.ServletContextHandler@2dd477f0{/static,file:///workdir/hadoop-ozone/integration-test/target/test-classes/webapps/static,AVAILABLE}
2019-10-28 08:42:02,080 [Thread-333] INFO  handler.ContextHandler (ContextHandler.java:doStart(781)) - Started o.e.j.w.WebAppContext@2a2552e2{/,file:///workdir/hadoop-ozone/integration-test/target/test-classes/webapps/scm/,AVAILABLE}{/scm}
2019-10-28 08:42:02,081 [Thread-333] INFO  server.AbstractConnector (AbstractConnector.java:doStart(278)) - Started ServerConnector@49f1ae7d{HTTP/1.1,[http/1.1]}{0.0.0.0:43146}
2019-10-28 08:42:02,082 [Thread-333] INFO  server.Server (Server.java:doStart(419)) - Started @25646ms
2019-10-28 08:42:02,082 [Thread-333] WARN  impl.MetricsSystemImpl (MetricsSystemImpl.java:register(276)) - Sink prometheus already exists!
2019-10-28 08:42:02,083 [Thread-333] INFO  server.BaseHttpServer (BaseHttpServer.java:updateConnectorAddress(215)) - HTTP server of SCM is listening at http://0.0.0.0:43146
2019-10-28 08:42:02,084 [Thread-333] WARN  server.ServerUtils (ServerUtils.java:getDBPath(222)) - ozone.om.db.dirs is not configured. We recommend adding this setting. Falling back to ozone.metadata.dirs instead.
2019-10-28 08:42:02,084 [org.apache.hadoop.util.JvmPauseMonitor$Monitor@7b4547e5] INFO  util.JvmPauseMonitor (JvmPauseMonitor.java:run(188)) - Starting JVM pause monitor
2019-10-28 08:42:02,098 [Thread-333] INFO  ha.OMHANodeDetails (OMHANodeDetails.java:loadOMHAConfig(190)) - Configuration either no ozone.om.address set. Falling back to the default OM address /127.0.0.1:0
2019-10-28 08:42:02,098 [Thread-333] INFO  ha.OMHANodeDetails (OMHANodeDetails.java:getOMNodeDetails(220)) - OM Service ID is not set. Setting it to the default ID: omServiceIdDefault
2019-10-28 08:42:02,098 [Thread-333] WARN  server.ServerUtils (ServerUtils.java:getDBPath(222)) - ozone.om.db.dirs is not configured. We recommend adding this setting. Falling back to ozone.metadata.dirs instead.
2019-10-28 08:42:02,098 [Thread-333] WARN  server.ServerUtils (ServerUtils.java:getDBPath(222)) - ozone.om.db.dirs is not configured. We recommend adding this setting. Falling back to ozone.metadata.dirs instead.
2019-10-28 08:42:02,106 [Thread-333] WARN  server.ServerUtils (ServerUtils.java:getDBPath(222)) - ozone.om.db.dirs is not configured. We recommend adding this setting. Falling back to ozone.metadata.dirs instead.
2019-10-28 08:42:02,106 [Thread-333] INFO  db.DBStoreBuilder (DBStoreBuilder.java:addTable(117)) - using custom profile for table: userTable
2019-10-28 08:42:02,107 [Thread-333] INFO  db.DBStoreBuilder (DBStoreBuilder.java:processTables(168)) - Using default column profile:DBProfile.DISK for Table:userTable
2019-10-28 08:42:02,107 [Thread-333] INFO  db.DBStoreBuilder (DBStoreBuilder.java:addTable(117)) - using custom profile for table: volumeTable
2019-10-28 08:42:02,107 [Thread-333] INFO  db.DBStoreBuilder (DBStoreBuilder.java:processTables(168)) - Using default column profile:DBProfile.DISK for Table:volumeTable
2019-10-28 08:42:02,107 [Thread-333] INFO  db.DBStoreBuilder (DBStoreBuilder.java:addTable(117)) - using custom profile for table: bucketTable
2019-10-28 08:42:02,107 [Thread-333] INFO  db.DBStoreBuilder (DBStoreBuilder.java:processTables(168)) - Using default column profile:DBProfile.DISK for Table:bucketTable
2019-10-28 08:42:02,107 [Thread-333] INFO  db.DBStoreBuilder (DBStoreBuilder.java:addTable(117)) - using custom profile for table: keyTable
2019-10-28 08:42:02,107 [Thread-333] INFO  db.DBStoreBuilder (DBStoreBuilder.java:processTables(168)) - Using default column profile:DBProfile.DISK for Table:keyTable
2019-10-28 08:42:02,108 [Thread-333] INFO  db.DBStoreBuilder (DBStoreBuilder.java:addTable(117)) - using custom profile for table: deletedTable
2019-10-28 08:42:02,108 [Thread-333] INFO  db.DBStoreBuilder (DBStoreBuilder.java:processTables(168)) - Using default column profile:DBProfile.DISK for Table:deletedTable
2019-10-28 08:42:02,108 [Thread-333] INFO  db.DBStoreBuilder (DBStoreBuilder.java:addTable(117)) - using custom profile for table: openKeyTable
2019-10-28 08:42:02,108 [Thread-333] INFO  db.DBStoreBuilder (DBStoreBuilder.java:processTables(168)) - Using default column profile:DBProfile.DISK for Table:openKeyTable
2019-10-28 08:42:02,108 [Thread-333] INFO  db.DBStoreBuilder (DBStoreBuilder.java:addTable(117)) - using custom profile for table: s3Table
2019-10-28 08:42:02,108 [Thread-333] INFO  db.DBStoreBuilder (DBStoreBuilder.java:processTables(168)) - Using default column profile:DBProfile.DISK for Table:s3Table
2019-10-28 08:42:02,108 [Thread-333] INFO  db.DBStoreBuilder (DBStoreBuilder.java:addTable(117)) - using custom profile for table: multipartInfoTable
2019-10-28 08:42:02,108 [Thread-333] INFO  db.DBStoreBuilder (DBStoreBuilder.java:processTables(168)) - Using default column profile:DBProfile.DISK for Table:multipartInfoTable
2019-10-28 08:42:02,109 [Thread-333] INFO  db.DBStoreBuilder (DBStoreBuilder.java:addTable(117)) - using custom profile for table: dTokenTable
2019-10-28 08:42:02,109 [Thread-333] INFO  db.DBStoreBuilder (DBStoreBuilder.java:processTables(168)) - Using default column profile:DBProfile.DISK for Table:dTokenTable
2019-10-28 08:42:02,109 [Thread-333] INFO  db.DBStoreBuilder (DBStoreBuilder.java:addTable(117)) - using custom profile for table: s3SecretTable
2019-10-28 08:42:02,109 [Thread-333] INFO  db.DBStoreBuilder (DBStoreBuilder.java:processTables(168)) - Using default column profile:DBProfile.DISK for Table:s3SecretTable
2019-10-28 08:42:02,109 [Thread-333] INFO  db.DBStoreBuilder (DBStoreBuilder.java:addTable(117)) - using custom profile for table: prefixTable
2019-10-28 08:42:02,109 [Thread-333] INFO  db.DBStoreBuilder (DBStoreBuilder.java:processTables(168)) - Using default column profile:DBProfile.DISK for Table:prefixTable
2019-10-28 08:42:02,109 [Thread-333] INFO  db.DBStoreBuilder (DBStoreBuilder.java:addTable(117)) - using custom profile for table: default
2019-10-28 08:42:02,109 [Thread-333] INFO  db.DBStoreBuilder (DBStoreBuilder.java:processTables(174)) - Using default column profile:DBProfile.DISK for Table:default
2019-10-28 08:42:02,110 [Thread-333] INFO  db.DBStoreBuilder (DBStoreBuilder.java:getDbProfile(205)) - Using default options. DBProfile.DISK
2019-10-28 08:42:02,482 [Thread-333] INFO  ipc.CallQueueManager (CallQueueManager.java:<init>(84)) - Using callQueue: class java.util.concurrent.LinkedBlockingQueue, queueCapacity: 2000, scheduler: class org.apache.hadoop.ipc.DefaultRpcScheduler, ipcBackoff: false.
2019-10-28 08:42:02,483 [Socket Reader #1 for port 41003] INFO  ipc.Server (Server.java:run(1074)) - Starting Socket Reader #1 for port 41003
2019-10-28 08:42:02,496 [Thread-333] INFO  om.OzoneManager (OzoneManager.java:start(1071)) - OzoneManager RPC server is listening at localhost/127.0.0.1:41003
2019-10-28 08:42:02,496 [Thread-333] INFO  impl.MetricsSystemImpl (MetricsSystemImpl.java:init(158)) - OzoneManager metrics system started (again)
2019-10-28 08:42:02,497 [IPC Server Responder] INFO  ipc.Server (Server.java:run(1314)) - IPC Server Responder: starting
2019-10-28 08:42:02,497 [IPC Server listener on 41003] INFO  ipc.Server (Server.java:run(1153)) - IPC Server listener on 41003: starting
2019-10-28 08:42:02,502 [Thread-333] INFO  hdfs.DFSUtil (DFSUtil.java:httpServerTemplateForNNAndJN(1641)) - Starting Web-server for ozoneManager at: http://0.0.0.0:0
2019-10-28 08:42:02,503 [Thread-333] INFO  server.AuthenticationFilter (AuthenticationFilter.java:constructSecretProvider(240)) - Unable to initialize FileSignerSecretProvider, falling back to use random secrets.
2019-10-28 08:42:02,503 [Thread-333] WARN  http.HttpRequestLog (HttpRequestLog.java:getRequestLog(97)) - Jetty request log can only be enabled using Log4j
2019-10-28 08:42:02,504 [Thread-333] INFO  http.HttpServer2 (HttpServer2.java:addGlobalFilter(975)) - Added global filter 'safety' (class=org.apache.hadoop.http.HttpServer2$QuotingInputFilter)
2019-10-28 08:42:02,505 [Thread-333] INFO  http.HttpServer2 (HttpServer2.java:addFilter(948)) - Added filter static_user_filter (class=org.apache.hadoop.http.lib.StaticUserWebFilter$StaticUserFilter) to context ozoneManager
2019-10-28 08:42:02,505 [Thread-333] INFO  http.HttpServer2 (HttpServer2.java:addFilter(958)) - Added filter static_user_filter (class=org.apache.hadoop.http.lib.StaticUserWebFilter$StaticUserFilter) to context logs
2019-10-28 08:42:02,505 [Thread-333] INFO  http.HttpServer2 (HttpServer2.java:addFilter(958)) - Added filter static_user_filter (class=org.apache.hadoop.http.lib.StaticUserWebFilter$StaticUserFilter) to context static
2019-10-28 08:42:02,506 [Thread-333] INFO  http.HttpServer2 (HttpServer2.java:bindListener(1191)) - Jetty bound to port 36651
2019-10-28 08:42:02,506 [Thread-333] INFO  server.Server (Server.java:doStart(351)) - jetty-9.3.25.v20180904, build timestamp: 2018-09-04T21:11:46Z, git hash: 3ce520221d0240229c862b122d2b06c12a625732
2019-10-28 08:42:02,508 [Thread-333] INFO  handler.ContextHandler (ContextHandler.java:doStart(781)) - Started o.e.j.s.ServletContextHandler@69d30885{/logs,file:///workdir/hadoop-ozone/integration-test/target/log,AVAILABLE}
2019-10-28 08:42:02,508 [Thread-333] INFO  handler.ContextHandler (ContextHandler.java:doStart(781)) - Started o.e.j.s.ServletContextHandler@42363499{/static,file:///workdir/hadoop-ozone/integration-test/target/test-classes/webapps/static,AVAILABLE}
2019-10-28 08:42:02,511 [Thread-333] INFO  handler.ContextHandler (ContextHandler.java:doStart(781)) - Started o.e.j.w.WebAppContext@1a92309a{/,file:///workdir/hadoop-ozone/integration-test/target/test-classes/webapps/ozoneManager/,AVAILABLE}{/ozoneManager}
2019-10-28 08:42:02,512 [Thread-333] INFO  server.AbstractConnector (AbstractConnector.java:doStart(278)) - Started ServerConnector@6cea01e{HTTP/1.1,[http/1.1]}{0.0.0.0:36651}
2019-10-28 08:42:02,512 [Thread-333] INFO  server.Server (Server.java:doStart(419)) - Started @26076ms
2019-10-28 08:42:02,512 [Thread-333] WARN  impl.MetricsSystemImpl (MetricsSystemImpl.java:register(276)) - Sink prometheus already exists!
2019-10-28 08:42:02,513 [Thread-333] INFO  server.BaseHttpServer (BaseHttpServer.java:updateConnectorAddress(215)) - HTTP server of OZONEMANAGER is listening at http://0.0.0.0:36651
2019-10-28 08:42:02,525 [Thread-333] INFO  impl.MetricsSystemImpl (MetricsSystemImpl.java:init(158)) - HddsDatanode metrics system started (again)
2019-10-28 08:42:02,527 [Thread-333] INFO  ozone.HddsDatanodeService (HddsDatanodeService.java:start(184)) - HddsDatanodeService host:pr-hdds-1569-5jqvn-3828718746 ip:192.168.34.22
2019-10-28 08:42:02,533 [Thread-333] INFO  volume.HddsVolume (HddsVolume.java:<init>(176)) - Creating Volume: /workdir/hadoop-ozone/integration-test/target/test-dir/MiniOzoneClusterImpl-1a9a2c0b-24b0-4fc1-8913-3574159d0ca2/datanode-0/data/containers/hdds of  storage type : DISK and capacity : 1482555576320
2019-10-28 08:42:02,533 [Thread-333] INFO  volume.VolumeSet (VolumeSet.java:initializeVolumeSet(170)) - Added Volume : /workdir/hadoop-ozone/integration-test/target/test-dir/MiniOzoneClusterImpl-1a9a2c0b-24b0-4fc1-8913-3574159d0ca2/datanode-0/data/containers/hdds to VolumeSet
2019-10-28 08:42:02,534 [Thread-333] INFO  volume.ThrottledAsyncChecker (ThrottledAsyncChecker.java:schedule(141)) - Scheduling a check for org.apache.hadoop.ozone.container.common.volume.HddsVolume@519e39fb
2019-10-28 08:42:02,534 [Thread-333] INFO  volume.HddsVolumeChecker (HddsVolumeChecker.java:checkAllVolumes(204)) - Scheduled health check for volume org.apache.hadoop.ozone.container.common.volume.HddsVolume@519e39fb
2019-10-28 08:42:02,545 [Thread-333] INFO  impl.RaftServerProxy (ConfUtils.java:logGet(43)) - raft.rpc.type = GRPC (default)
2019-10-28 08:42:02,546 [Thread-333] INFO  grpc.GrpcFactory (GrpcFactory.java:checkPooledByteBufAllocatorUseCacheForAllThreads(45)) - PERFORMANCE WARNING: useCacheForAllThreads is true that may cause Netty to create a lot garbage objects and, as a result, trigger GC.
	It is recommended to disable useCacheForAllThreads by setting -Dorg.apache.ratis.thirdparty.io.netty.allocator.useCacheForAllThreads=false in command line.
2019-10-28 08:42:02,546 [Thread-333] INFO  grpc.GrpcConfigKeys$Server (ConfUtils.java:logGet(43)) - raft.grpc.server.port = 0 (default)
2019-10-28 08:42:02,546 [Thread-333] INFO  server.GrpcService (ConfUtils.java:logGet(43)) - raft.grpc.message.size.max = 33570816 (custom)
2019-10-28 08:42:02,546 [Thread-333] INFO  server.RaftServerConfigKeys (ConfUtils.java:logGet(43)) - raft.server.log.appender.buffer.byte-limit = 33554432 (custom)
2019-10-28 08:42:02,546 [Thread-333] INFO  server.GrpcService (ConfUtils.java:logGet(43)) - raft.grpc.flow.control.window = 1MB (=1048576) (default)
2019-10-28 08:42:02,546 [Thread-333] INFO  server.RaftServerConfigKeys (ConfUtils.java:logGet(43)) - raft.server.rpc.request.timeout = 3000ms (default)
2019-10-28 08:42:02,547 [Thread-333] INFO  server.RaftServerConfigKeys (ConfUtils.java:logGet(43)) - raft.server.storage.dir = [/workdir/hadoop-ozone/integration-test/target/test-dir/MiniOzoneClusterImpl-1a9a2c0b-24b0-4fc1-8913-3574159d0ca2/datanode-0/data/ratis] (custom)
2019-10-28 08:42:02,548 [Thread-333] INFO  hdfs.DFSUtil (DFSUtil.java:httpServerTemplateForNNAndJN(1641)) - Starting Web-server for hddsDatanode at: http://0.0.0.0:0
2019-10-28 08:42:02,550 [Thread-333] INFO  server.AuthenticationFilter (AuthenticationFilter.java:constructSecretProvider(240)) - Unable to initialize FileSignerSecretProvider, falling back to use random secrets.
2019-10-28 08:42:02,550 [Thread-333] WARN  http.HttpRequestLog (HttpRequestLog.java:getRequestLog(97)) - Jetty request log can only be enabled using Log4j
2019-10-28 08:42:02,551 [Thread-333] INFO  http.HttpServer2 (HttpServer2.java:addGlobalFilter(975)) - Added global filter 'safety' (class=org.apache.hadoop.http.HttpServer2$QuotingInputFilter)
2019-10-28 08:42:02,551 [Thread-333] INFO  http.HttpServer2 (HttpServer2.java:addFilter(948)) - Added filter static_user_filter (class=org.apache.hadoop.http.lib.StaticUserWebFilter$StaticUserFilter) to context hddsDatanode
2019-10-28 08:42:02,552 [Thread-333] INFO  http.HttpServer2 (HttpServer2.java:addFilter(958)) - Added filter static_user_filter (class=org.apache.hadoop.http.lib.StaticUserWebFilter$StaticUserFilter) to context static
2019-10-28 08:42:02,552 [Thread-333] INFO  http.HttpServer2 (HttpServer2.java:addFilter(958)) - Added filter static_user_filter (class=org.apache.hadoop.http.lib.StaticUserWebFilter$StaticUserFilter) to context logs
2019-10-28 08:42:02,552 [Thread-333] INFO  http.HttpServer2 (HttpServer2.java:bindListener(1191)) - Jetty bound to port 40093
2019-10-28 08:42:02,552 [Thread-333] INFO  server.Server (Server.java:doStart(351)) - jetty-9.3.25.v20180904, build timestamp: 2018-09-04T21:11:46Z, git hash: 3ce520221d0240229c862b122d2b06c12a625732
2019-10-28 08:42:02,554 [Thread-333] INFO  handler.ContextHandler (ContextHandler.java:doStart(781)) - Started o.e.j.s.ServletContextHandler@2e830b7d{/logs,file:///workdir/hadoop-ozone/integration-test/target/log,AVAILABLE}
2019-10-28 08:42:02,554 [Thread-333] INFO  handler.ContextHandler (ContextHandler.java:doStart(781)) - Started o.e.j.s.ServletContextHandler@6499f82d{/static,jar:file:/home/user/.m2/repository/org/apache/hadoop/hadoop-hdds-container-service/0.5.0-SNAPSHOT/hadoop-hdds-container-service-0.5.0-SNAPSHOT.jar!/webapps/static,AVAILABLE}
2019-10-28 08:42:02,589 [Thread-333] INFO  handler.ContextHandler (ContextHandler.java:doStart(781)) - Started o.e.j.w.WebAppContext@76ef2cc1{/,file:///tmp/jetty-0.0.0.0-40093-hddsDatanode-_-any-8977260386492519885.dir/webapp/,AVAILABLE}{/hddsDatanode}
2019-10-28 08:42:02,590 [Thread-333] INFO  server.AbstractConnector (AbstractConnector.java:doStart(278)) - Started ServerConnector@79c01a6b{HTTP/1.1,[http/1.1]}{0.0.0.0:40093}
2019-10-28 08:42:02,590 [Thread-333] INFO  server.Server (Server.java:doStart(419)) - Started @26154ms
2019-10-28 08:42:02,590 [Thread-333] WARN  impl.MetricsSystemImpl (MetricsSystemImpl.java:register(276)) - Sink prometheus already exists!
2019-10-28 08:42:02,591 [Thread-333] INFO  server.BaseHttpServer (BaseHttpServer.java:updateConnectorAddress(215)) - HTTP server of HDDSDATANODE is listening at http://0.0.0.0:40093
2019-10-28 08:42:02,591 [Thread-333] INFO  impl.MetricsSystemImpl (MetricsSystemImpl.java:init(158)) - HddsDatanode metrics system started (again)
2019-10-28 08:42:02,594 [org.apache.hadoop.util.JvmPauseMonitor$Monitor@424e3077] INFO  util.JvmPauseMonitor (JvmPauseMonitor.java:run(188)) - Starting JVM pause monitor
2019-10-28 08:42:02,594 [Thread-333] INFO  ozone.HddsDatanodeService (HddsDatanodeService.java:start(184)) - HddsDatanodeService host:pr-hdds-1569-5jqvn-3828718746 ip:192.168.34.22
2019-10-28 08:42:02,600 [Thread-333] INFO  volume.HddsVolume (HddsVolume.java:<init>(176)) - Creating Volume: /workdir/hadoop-ozone/integration-test/target/test-dir/MiniOzoneClusterImpl-1a9a2c0b-24b0-4fc1-8913-3574159d0ca2/datanode-1/data/containers/hdds of  storage type : DISK and capacity : 1482555576320
2019-10-28 08:42:02,703 [Thread-333] INFO  volume.VolumeSet (VolumeSet.java:initializeVolumeSet(170)) - Added Volume : /workdir/hadoop-ozone/integration-test/target/test-dir/MiniOzoneClusterImpl-1a9a2c0b-24b0-4fc1-8913-3574159d0ca2/datanode-1/data/containers/hdds to VolumeSet
2019-10-28 08:42:02,703 [Thread-333] INFO  volume.ThrottledAsyncChecker (ThrottledAsyncChecker.java:schedule(141)) - Scheduling a check for org.apache.hadoop.ozone.container.common.volume.HddsVolume@3e126416
2019-10-28 08:42:02,704 [Datanode State Machine Thread - 0] INFO  datanode.InitDatanodeState (InitDatanodeState.java:persistContainerDatanodeDetails(140)) - DatanodeDetails is persisted to /workdir/hadoop-ozone/integration-test/target/test-dir/MiniOzoneClusterImpl-1a9a2c0b-24b0-4fc1-8913-3574159d0ca2/datanode-0/meta/datanode.id
2019-10-28 08:42:02,708 [Thread-333] INFO  volume.HddsVolumeChecker (HddsVolumeChecker.java:checkAllVolumes(204)) - Scheduled health check for volume org.apache.hadoop.ozone.container.common.volume.HddsVolume@3e126416
2019-10-28 08:42:02,720 [Thread-333] INFO  impl.RaftServerProxy (ConfUtils.java:logGet(43)) - raft.rpc.type = GRPC (default)
2019-10-28 08:42:02,720 [Thread-333] INFO  grpc.GrpcFactory (GrpcFactory.java:checkPooledByteBufAllocatorUseCacheForAllThreads(45)) - PERFORMANCE WARNING: useCacheForAllThreads is true that may cause Netty to create a lot garbage objects and, as a result, trigger GC.
	It is recommended to disable useCacheForAllThreads by setting -Dorg.apache.ratis.thirdparty.io.netty.allocator.useCacheForAllThreads=false in command line.
2019-10-28 08:42:02,720 [Thread-333] INFO  grpc.GrpcConfigKeys$Server (ConfUtils.java:logGet(43)) - raft.grpc.server.port = 0 (default)
2019-10-28 08:42:02,721 [Thread-333] INFO  server.GrpcService (ConfUtils.java:logGet(43)) - raft.grpc.message.size.max = 33570816 (custom)
2019-10-28 08:42:02,721 [Thread-333] INFO  server.RaftServerConfigKeys (ConfUtils.java:logGet(43)) - raft.server.log.appender.buffer.byte-limit = 33554432 (custom)
2019-10-28 08:42:02,721 [Thread-333] INFO  server.GrpcService (ConfUtils.java:logGet(43)) - raft.grpc.flow.control.window = 1MB (=1048576) (default)
2019-10-28 08:42:02,721 [Thread-333] INFO  server.RaftServerConfigKeys (ConfUtils.java:logGet(43)) - raft.server.rpc.request.timeout = 3000ms (default)
2019-10-28 08:42:02,722 [Thread-333] INFO  server.RaftServerConfigKeys (ConfUtils.java:logGet(43)) - raft.server.storage.dir = [/workdir/hadoop-ozone/integration-test/target/test-dir/MiniOzoneClusterImpl-1a9a2c0b-24b0-4fc1-8913-3574159d0ca2/datanode-1/data/ratis] (custom)
2019-10-28 08:42:02,724 [Thread-333] INFO  hdfs.DFSUtil (DFSUtil.java:httpServerTemplateForNNAndJN(1641)) - Starting Web-server for hddsDatanode at: http://0.0.0.0:0
2019-10-28 08:42:02,725 [Thread-333] INFO  server.AuthenticationFilter (AuthenticationFilter.java:constructSecretProvider(240)) - Unable to initialize FileSignerSecretProvider, falling back to use random secrets.
2019-10-28 08:42:02,726 [Thread-333] WARN  http.HttpRequestLog (HttpRequestLog.java:getRequestLog(97)) - Jetty request log can only be enabled using Log4j
2019-10-28 08:42:02,727 [Thread-333] INFO  http.HttpServer2 (HttpServer2.java:addGlobalFilter(975)) - Added global filter 'safety' (class=org.apache.hadoop.http.HttpServer2$QuotingInputFilter)
2019-10-28 08:42:02,728 [Thread-333] INFO  http.HttpServer2 (HttpServer2.java:addFilter(948)) - Added filter static_user_filter (class=org.apache.hadoop.http.lib.StaticUserWebFilter$StaticUserFilter) to context hddsDatanode
2019-10-28 08:42:02,728 [Thread-333] INFO  http.HttpServer2 (HttpServer2.java:addFilter(958)) - Added filter static_user_filter (class=org.apache.hadoop.http.lib.StaticUserWebFilter$StaticUserFilter) to context logs
2019-10-28 08:42:02,728 [Thread-333] INFO  http.HttpServer2 (HttpServer2.java:addFilter(958)) - Added filter static_user_filter (class=org.apache.hadoop.http.lib.StaticUserWebFilter$StaticUserFilter) to context static
2019-10-28 08:42:02,729 [Thread-333] INFO  http.HttpServer2 (HttpServer2.java:bindListener(1191)) - Jetty bound to port 40263
2019-10-28 08:42:02,729 [Thread-333] INFO  server.Server (Server.java:doStart(351)) - jetty-9.3.25.v20180904, build timestamp: 2018-09-04T21:11:46Z, git hash: 3ce520221d0240229c862b122d2b06c12a625732
2019-10-28 08:42:02,731 [Thread-333] INFO  handler.ContextHandler (ContextHandler.java:doStart(781)) - Started o.e.j.s.ServletContextHandler@609949d{/logs,file:///workdir/hadoop-ozone/integration-test/target/log,AVAILABLE}
2019-10-28 08:42:02,732 [Thread-333] INFO  handler.ContextHandler (ContextHandler.java:doStart(781)) - Started o.e.j.s.ServletContextHandler@3be6965c{/static,jar:file:/home/user/.m2/repository/org/apache/hadoop/hadoop-hdds-container-service/0.5.0-SNAPSHOT/hadoop-hdds-container-service-0.5.0-SNAPSHOT.jar!/webapps/static,AVAILABLE}
2019-10-28 08:42:02,783 [Thread-333] INFO  handler.ContextHandler (ContextHandler.java:doStart(781)) - Started o.e.j.w.WebAppContext@b1e673f{/,file:///tmp/jetty-0.0.0.0-40263-hddsDatanode-_-any-6733218248202288053.dir/webapp/,AVAILABLE}{/hddsDatanode}
2019-10-28 08:42:02,789 [Thread-333] INFO  server.AbstractConnector (AbstractConnector.java:doStart(278)) - Started ServerConnector@7f4903e8{HTTP/1.1,[http/1.1]}{0.0.0.0:40263}
2019-10-28 08:42:02,789 [Thread-333] INFO  server.Server (Server.java:doStart(419)) - Started @26354ms
2019-10-28 08:42:02,790 [Thread-333] WARN  impl.MetricsSystemImpl (MetricsSystemImpl.java:register(276)) - Sink prometheus already exists!
2019-10-28 08:42:02,791 [Thread-333] INFO  server.BaseHttpServer (BaseHttpServer.java:updateConnectorAddress(215)) - HTTP server of HDDSDATANODE is listening at http://0.0.0.0:40263
2019-10-28 08:42:02,791 [Thread-333] INFO  impl.MetricsSystemImpl (MetricsSystemImpl.java:init(158)) - HddsDatanode metrics system started (again)
2019-10-28 08:42:02,797 [org.apache.hadoop.util.JvmPauseMonitor$Monitor@291c6065] INFO  util.JvmPauseMonitor (JvmPauseMonitor.java:run(188)) - Starting JVM pause monitor
2019-10-28 08:42:02,801 [Thread-333] INFO  ozone.HddsDatanodeService (HddsDatanodeService.java:start(184)) - HddsDatanodeService host:pr-hdds-1569-5jqvn-3828718746 ip:192.168.34.22
2019-10-28 08:42:02,801 [Datanode State Machine Thread - 0] INFO  datanode.InitDatanodeState (InitDatanodeState.java:persistContainerDatanodeDetails(140)) - DatanodeDetails is persisted to /workdir/hadoop-ozone/integration-test/target/test-dir/MiniOzoneClusterImpl-1a9a2c0b-24b0-4fc1-8913-3574159d0ca2/datanode-1/meta/datanode.id
2019-10-28 08:42:02,808 [Thread-333] INFO  volume.HddsVolume (HddsVolume.java:<init>(176)) - Creating Volume: /workdir/hadoop-ozone/integration-test/target/test-dir/MiniOzoneClusterImpl-1a9a2c0b-24b0-4fc1-8913-3574159d0ca2/datanode-2/data/containers/hdds of  storage type : DISK and capacity : 1482555576320
2019-10-28 08:42:02,811 [Thread-333] INFO  volume.VolumeSet (VolumeSet.java:initializeVolumeSet(170)) - Added Volume : /workdir/hadoop-ozone/integration-test/target/test-dir/MiniOzoneClusterImpl-1a9a2c0b-24b0-4fc1-8913-3574159d0ca2/datanode-2/data/containers/hdds to VolumeSet
2019-10-28 08:42:02,811 [Thread-333] INFO  volume.ThrottledAsyncChecker (ThrottledAsyncChecker.java:schedule(141)) - Scheduling a check for org.apache.hadoop.ozone.container.common.volume.HddsVolume@241e2c1f
2019-10-28 08:42:02,812 [Thread-333] INFO  volume.HddsVolumeChecker (HddsVolumeChecker.java:checkAllVolumes(204)) - Scheduled health check for volume org.apache.hadoop.ozone.container.common.volume.HddsVolume@241e2c1f
2019-10-28 08:42:02,838 [Thread-333] INFO  impl.RaftServerProxy (ConfUtils.java:logGet(43)) - raft.rpc.type = GRPC (default)
2019-10-28 08:42:02,838 [Thread-333] INFO  grpc.GrpcFactory (GrpcFactory.java:checkPooledByteBufAllocatorUseCacheForAllThreads(45)) - PERFORMANCE WARNING: useCacheForAllThreads is true that may cause Netty to create a lot garbage objects and, as a result, trigger GC.
	It is recommended to disable useCacheForAllThreads by setting -Dorg.apache.ratis.thirdparty.io.netty.allocator.useCacheForAllThreads=false in command line.
2019-10-28 08:42:02,839 [Thread-333] INFO  grpc.GrpcConfigKeys$Server (ConfUtils.java:logGet(43)) - raft.grpc.server.port = 0 (default)
2019-10-28 08:42:02,839 [Thread-333] INFO  server.GrpcService (ConfUtils.java:logGet(43)) - raft.grpc.message.size.max = 33570816 (custom)
2019-10-28 08:42:02,839 [Thread-333] INFO  server.RaftServerConfigKeys (ConfUtils.java:logGet(43)) - raft.server.log.appender.buffer.byte-limit = 33554432 (custom)
2019-10-28 08:42:02,839 [Thread-333] INFO  server.GrpcService (ConfUtils.java:logGet(43)) - raft.grpc.flow.control.window = 1MB (=1048576) (default)
2019-10-28 08:42:02,839 [Thread-333] INFO  server.RaftServerConfigKeys (ConfUtils.java:logGet(43)) - raft.server.rpc.request.timeout = 3000ms (default)
2019-10-28 08:42:02,840 [Thread-333] INFO  server.RaftServerConfigKeys (ConfUtils.java:logGet(43)) - raft.server.storage.dir = [/workdir/hadoop-ozone/integration-test/target/test-dir/MiniOzoneClusterImpl-1a9a2c0b-24b0-4fc1-8913-3574159d0ca2/datanode-2/data/ratis] (custom)
2019-10-28 08:42:02,841 [Thread-333] INFO  hdfs.DFSUtil (DFSUtil.java:httpServerTemplateForNNAndJN(1641)) - Starting Web-server for hddsDatanode at: http://0.0.0.0:0
2019-10-28 08:42:02,843 [Thread-333] INFO  server.AuthenticationFilter (AuthenticationFilter.java:constructSecretProvider(240)) - Unable to initialize FileSignerSecretProvider, falling back to use random secrets.
2019-10-28 08:42:02,843 [Thread-333] WARN  http.HttpRequestLog (HttpRequestLog.java:getRequestLog(97)) - Jetty request log can only be enabled using Log4j
2019-10-28 08:42:02,845 [Thread-333] INFO  http.HttpServer2 (HttpServer2.java:addGlobalFilter(975)) - Added global filter 'safety' (class=org.apache.hadoop.http.HttpServer2$QuotingInputFilter)
2019-10-28 08:42:02,846 [Thread-333] INFO  http.HttpServer2 (HttpServer2.java:addFilter(948)) - Added filter static_user_filter (class=org.apache.hadoop.http.lib.StaticUserWebFilter$StaticUserFilter) to context hddsDatanode
2019-10-28 08:42:02,846 [Thread-333] INFO  http.HttpServer2 (HttpServer2.java:addFilter(958)) - Added filter static_user_filter (class=org.apache.hadoop.http.lib.StaticUserWebFilter$StaticUserFilter) to context static
2019-10-28 08:42:02,846 [Thread-333] INFO  http.HttpServer2 (HttpServer2.java:addFilter(958)) - Added filter static_user_filter (class=org.apache.hadoop.http.lib.StaticUserWebFilter$StaticUserFilter) to context logs
2019-10-28 08:42:02,847 [Thread-333] INFO  http.HttpServer2 (HttpServer2.java:bindListener(1191)) - Jetty bound to port 43097
2019-10-28 08:42:02,847 [Thread-333] INFO  server.Server (Server.java:doStart(351)) - jetty-9.3.25.v20180904, build timestamp: 2018-09-04T21:11:46Z, git hash: 3ce520221d0240229c862b122d2b06c12a625732
2019-10-28 08:42:02,849 [Thread-333] INFO  handler.ContextHandler (ContextHandler.java:doStart(781)) - Started o.e.j.s.ServletContextHandler@23a4bc58{/logs,file:///workdir/hadoop-ozone/integration-test/target/log,AVAILABLE}
2019-10-28 08:42:02,849 [Thread-333] INFO  handler.ContextHandler (ContextHandler.java:doStart(781)) - Started o.e.j.s.ServletContextHandler@3159b7{/static,jar:file:/home/user/.m2/repository/org/apache/hadoop/hadoop-hdds-container-service/0.5.0-SNAPSHOT/hadoop-hdds-container-service-0.5.0-SNAPSHOT.jar!/webapps/static,AVAILABLE}
2019-10-28 08:42:02,876 [Thread-333] INFO  handler.ContextHandler (ContextHandler.java:doStart(781)) - Started o.e.j.w.WebAppContext@56d9a08{/,file:///tmp/jetty-0.0.0.0-43097-hddsDatanode-_-any-2137190862318103799.dir/webapp/,AVAILABLE}{/hddsDatanode}
2019-10-28 08:42:02,876 [Thread-333] INFO  server.AbstractConnector (AbstractConnector.java:doStart(278)) - Started ServerConnector@3373468d{HTTP/1.1,[http/1.1]}{0.0.0.0:43097}
2019-10-28 08:42:02,877 [Thread-333] INFO  server.Server (Server.java:doStart(419)) - Started @26441ms
2019-10-28 08:42:02,877 [Thread-333] WARN  impl.MetricsSystemImpl (MetricsSystemImpl.java:register(276)) - Sink prometheus already exists!
2019-10-28 08:42:02,878 [Thread-333] INFO  server.BaseHttpServer (BaseHttpServer.java:updateConnectorAddress(215)) - HTTP server of HDDSDATANODE is listening at http://0.0.0.0:43097
2019-10-28 08:42:02,878 [Thread-333] INFO  ozone.MiniOzoneClusterImpl (MiniOzoneClusterImpl.java:lambda$waitForClusterToBeReady$0(147)) - Waiting for cluster to be ready. Got 0 of 3 DN Heartbeats.
2019-10-28 08:42:02,881 [org.apache.hadoop.util.JvmPauseMonitor$Monitor@53f7f06] INFO  util.JvmPauseMonitor (JvmPauseMonitor.java:run(188)) - Starting JVM pause monitor
2019-10-28 08:42:02,883 [Datanode State Machine Thread - 0] INFO  datanode.InitDatanodeState (InitDatanodeState.java:persistContainerDatanodeDetails(140)) - DatanodeDetails is persisted to /workdir/hadoop-ozone/integration-test/target/test-dir/MiniOzoneClusterImpl-1a9a2c0b-24b0-4fc1-8913-3574159d0ca2/datanode-2/meta/datanode.id
2019-10-28 08:42:03,879 [Thread-333] INFO  ozone.MiniOzoneClusterImpl (MiniOzoneClusterImpl.java:lambda$waitForClusterToBeReady$0(147)) - Waiting for cluster to be ready. Got 0 of 3 DN Heartbeats.
2019-10-28 08:42:04,612 [Datanode State Machine Thread - 0] INFO  ozoneimpl.OzoneContainer (OzoneContainer.java:start(213)) - Attempting to start container services.
2019-10-28 08:42:04,613 [Datanode State Machine Thread - 0] INFO  ozoneimpl.OzoneContainer (OzoneContainer.java:startContainerScrub(177)) - Background container scanner has been disabled.
2019-10-28 08:42:04,613 [Datanode State Machine Thread - 0] INFO  ratis.XceiverServerRatis (XceiverServerRatis.java:start(418)) - Starting XceiverServerRatis ba970322-65ef-4b62-a209-1a9c940431e6 at port 0
2019-10-28 08:42:04,618 [Datanode State Machine Thread - 0] INFO  impl.RaftServerProxy (RaftServerProxy.java:lambda$start$3(299)) - ba970322-65ef-4b62-a209-1a9c940431e6: start RPC server
2019-10-28 08:42:04,620 [Datanode State Machine Thread - 0] INFO  server.GrpcService (GrpcService.java:startImpl(158)) - ba970322-65ef-4b62-a209-1a9c940431e6: GrpcService started, listening on 0.0.0.0/0.0.0.0:37166
2019-10-28 08:42:04,620 [Datanode State Machine Thread - 0] INFO  ratis.XceiverServerRatis (XceiverServerRatis.java:start(428)) - XceiverServerRatis ba970322-65ef-4b62-a209-1a9c940431e6 is started using port 37166
2019-10-28 08:42:04,621 [Datanode State Machine Thread - 0] INFO  server.XceiverServerGrpc (XceiverServerGrpc.java:start(149)) - XceiverServerGrpc ba970322-65ef-4b62-a209-1a9c940431e6 is started using port 44443
2019-10-28 08:42:04,827 [Datanode State Machine Thread - 0] INFO  ozoneimpl.OzoneContainer (OzoneContainer.java:start(213)) - Attempting to start container services.
2019-10-28 08:42:04,828 [Datanode State Machine Thread - 0] INFO  ozoneimpl.OzoneContainer (OzoneContainer.java:startContainerScrub(177)) - Background container scanner has been disabled.
2019-10-28 08:42:04,828 [Datanode State Machine Thread - 0] INFO  ratis.XceiverServerRatis (XceiverServerRatis.java:start(418)) - Starting XceiverServerRatis 2c6258b1-f6fc-4e86-9459-ad0aba7a4988 at port 0
2019-10-28 08:42:04,836 [Datanode State Machine Thread - 0] INFO  impl.RaftServerProxy (RaftServerProxy.java:lambda$start$3(299)) - 2c6258b1-f6fc-4e86-9459-ad0aba7a4988: start RPC server
2019-10-28 08:42:04,837 [Datanode State Machine Thread - 0] INFO  server.GrpcService (GrpcService.java:startImpl(158)) - 2c6258b1-f6fc-4e86-9459-ad0aba7a4988: GrpcService started, listening on 0.0.0.0/0.0.0.0:37738
2019-10-28 08:42:04,837 [Datanode State Machine Thread - 0] INFO  ratis.XceiverServerRatis (XceiverServerRatis.java:start(428)) - XceiverServerRatis 2c6258b1-f6fc-4e86-9459-ad0aba7a4988 is started using port 37738
2019-10-28 08:42:04,838 [Datanode State Machine Thread - 0] INFO  server.XceiverServerGrpc (XceiverServerGrpc.java:start(149)) - XceiverServerGrpc 2c6258b1-f6fc-4e86-9459-ad0aba7a4988 is started using port 43554
2019-10-28 08:42:04,880 [Thread-333] INFO  ozone.MiniOzoneClusterImpl (MiniOzoneClusterImpl.java:lambda$waitForClusterToBeReady$0(147)) - Waiting for cluster to be ready. Got 0 of 3 DN Heartbeats.
2019-10-28 08:42:04,896 [Datanode State Machine Thread - 0] INFO  ozoneimpl.OzoneContainer (OzoneContainer.java:start(213)) - Attempting to start container services.
2019-10-28 08:42:04,897 [Datanode State Machine Thread - 0] INFO  ozoneimpl.OzoneContainer (OzoneContainer.java:startContainerScrub(177)) - Background container scanner has been disabled.
2019-10-28 08:42:04,897 [Datanode State Machine Thread - 0] INFO  ratis.XceiverServerRatis (XceiverServerRatis.java:start(418)) - Starting XceiverServerRatis 88a40098-18c7-4ff1-8ea1-0a965ffcf49f at port 0
2019-10-28 08:42:04,904 [Datanode State Machine Thread - 0] INFO  impl.RaftServerProxy (RaftServerProxy.java:lambda$start$3(299)) - 88a40098-18c7-4ff1-8ea1-0a965ffcf49f: start RPC server
2019-10-28 08:42:04,906 [Datanode State Machine Thread - 0] INFO  server.GrpcService (GrpcService.java:startImpl(158)) - 88a40098-18c7-4ff1-8ea1-0a965ffcf49f: GrpcService started, listening on 0.0.0.0/0.0.0.0:44130
2019-10-28 08:42:04,906 [Datanode State Machine Thread - 0] INFO  ratis.XceiverServerRatis (XceiverServerRatis.java:start(428)) - XceiverServerRatis 88a40098-18c7-4ff1-8ea1-0a965ffcf49f is started using port 44130
2019-10-28 08:42:04,910 [Datanode State Machine Thread - 0] INFO  server.XceiverServerGrpc (XceiverServerGrpc.java:start(149)) - XceiverServerGrpc 88a40098-18c7-4ff1-8ea1-0a965ffcf49f is started using port 37592
2019-10-28 08:42:05,880 [Thread-333] INFO  ozone.MiniOzoneClusterImpl (MiniOzoneClusterImpl.java:lambda$waitForClusterToBeReady$0(147)) - Waiting for cluster to be ready. Got 0 of 3 DN Heartbeats.
2019-10-28 08:42:06,599 [IPC Server handler 0 on 34883] INFO  net.NetworkTopology (NetworkTopologyImpl.java:add(111)) - Added a new node: /default-rack/ba970322-65ef-4b62-a209-1a9c940431e6
2019-10-28 08:42:06,600 [IPC Server handler 0 on 34883] INFO  node.SCMNodeManager (SCMNodeManager.java:register(268)) - Registered Data node : ba970322-65ef-4b62-a209-1a9c940431e6{ip: 192.168.34.22, host: pr-hdds-1569-5jqvn-3828718746, networkLocation: /default-rack, certSerialId: null}
2019-10-28 08:42:06,600 [EventQueue-NodeRegistrationContainerReportForDataNodeSafeModeRule] INFO  safemode.SCMSafeModeManager (DataNodeSafeModeRule.java:process(71)) - SCM in safe mode. 1 DataNodes registered, 1 required.
2019-10-28 08:42:06,601 [EventQueue-NodeRegistrationContainerReportForDataNodeSafeModeRule] INFO  safemode.SCMSafeModeManager (SCMSafeModeManager.java:validateSafeModeExitRules(177)) - ScmSafeModeManager, all rules are successfully validated
2019-10-28 08:42:06,601 [EventQueue-NodeRegistrationContainerReportForDataNodeSafeModeRule] INFO  safemode.SCMSafeModeManager (SCMSafeModeManager.java:exitSafeMode(193)) - SCM exiting safe mode.
2019-10-28 08:42:06,613 [grpc-default-executor-0] INFO  impl.RaftServerProxy (RaftServerProxy.java:addNew(89)) - ba970322-65ef-4b62-a209-1a9c940431e6: addNew group-998320AA904F:[ba970322-65ef-4b62-a209-1a9c940431e6:192.168.34.22:37166] returns group-998320AA904F:java.util.concurrent.CompletableFuture@510195ce[Not completed]
2019-10-28 08:42:06,616 [pool-107-thread-1] INFO  impl.RaftServerImpl (RaftServerImpl.java:<init>(95)) - ba970322-65ef-4b62-a209-1a9c940431e6: new RaftServerImpl for group-998320AA904F:[ba970322-65ef-4b62-a209-1a9c940431e6:192.168.34.22:37166] with ContainerStateMachine:uninitialized
2019-10-28 08:42:06,617 [pool-107-thread-1] INFO  server.RaftServerConfigKeys (ConfUtils.java:logGet(43)) - raft.server.rpc.timeout.min = 5s (custom)
2019-10-28 08:42:06,617 [pool-107-thread-1] INFO  server.RaftServerConfigKeys (ConfUtils.java:logGet(43)) - raft.server.rpc.timeout.max = 5200ms (custom)
2019-10-28 08:42:06,617 [pool-107-thread-1] INFO  server.RaftServerConfigKeys (ConfUtils.java:logGet(43)) - raft.server.rpcslowness.timeout = 120s (custom)
2019-10-28 08:42:06,617 [pool-107-thread-1] INFO  server.RaftServerConfigKeys (ConfUtils.java:logGet(43)) - raft.server.sleep.deviation.threshold = 300 (default)
2019-10-28 08:42:06,617 [pool-107-thread-1] INFO  server.RaftServerConfigKeys (ConfUtils.java:logGet(43)) - raft.server.log.appender.install.snapshot.enabled = false (custom)
2019-10-28 08:42:06,617 [pool-107-thread-1] INFO  impl.RaftServerImpl (ServerState.java:<init>(103)) - ba970322-65ef-4b62-a209-1a9c940431e6@group-998320AA904F: ConfigurationManager, init=-1: [ba970322-65ef-4b62-a209-1a9c940431e6:192.168.34.22:37166], old=null, confs=<EMPTY_MAP>
2019-10-28 08:42:06,618 [pool-107-thread-1] INFO  server.RaftServerConfigKeys (ConfUtils.java:logGet(43)) - raft.server.storage.dir = [/workdir/hadoop-ozone/integration-test/target/test-dir/MiniOzoneClusterImpl-1a9a2c0b-24b0-4fc1-8913-3574159d0ca2/datanode-0/data/ratis] (custom)
2019-10-28 08:42:06,618 [pool-107-thread-1] INFO  server.RaftServerConfigKeys (ConfUtils.java:logGet(43)) - raft.server.log.corruption.policy = EXCEPTION (default)
2019-10-28 08:42:06,618 [pool-107-thread-1] INFO  storage.RaftStorageDirectory (RaftStorageDirectory.java:analyzeStorage(246)) - The storage directory /workdir/hadoop-ozone/integration-test/target/test-dir/MiniOzoneClusterImpl-1a9a2c0b-24b0-4fc1-8913-3574159d0ca2/datanode-0/data/ratis/a62941ec-323b-4990-b4c8-998320aa904f does not exist. Creating ...
2019-10-28 08:42:06,631 [pool-107-thread-1] INFO  storage.RaftStorageDirectory (RaftStorageDirectory.java:tryLock(328)) - Lock on /workdir/hadoop-ozone/integration-test/target/test-dir/MiniOzoneClusterImpl-1a9a2c0b-24b0-4fc1-8913-3574159d0ca2/datanode-0/data/ratis/a62941ec-323b-4990-b4c8-998320aa904f/in_use.lock acquired by nodename 21795@pr-hdds-1569-5jqvn-3828718746
2019-10-28 08:42:06,644 [pool-107-thread-1] INFO  storage.RaftStorage (RaftStorage.java:format(84)) - Storage directory /workdir/hadoop-ozone/integration-test/target/test-dir/MiniOzoneClusterImpl-1a9a2c0b-24b0-4fc1-8913-3574159d0ca2/datanode-0/data/ratis/a62941ec-323b-4990-b4c8-998320aa904f has been successfully formatted.
2019-10-28 08:42:06,644 [pool-107-thread-1] INFO  ratis.ContainerStateMachine (ContainerStateMachine.java:loadSnapshot(231)) - group-998320AA904F: The snapshot info is null. Setting the last applied indexto:(t:0, i:~)
2019-10-28 08:42:06,645 [pool-107-thread-1] INFO  server.RaftServerConfigKeys (ConfUtils.java:logGet(43)) - raft.server.notification.no-leader.timeout = 120s (custom)
2019-10-28 08:42:06,645 [pool-107-thread-1] INFO  server.RaftServerConfigKeys (ConfUtils.java:logGet(43)) - raft.server.log.use.memory = false (default)
2019-10-28 08:42:06,645 [pool-107-thread-1] INFO  server.RaftServerConfigKeys (ConfUtils.java:logGet(43)) - raft.server.log.purge.gap = 1000000 (custom)
2019-10-28 08:42:06,645 [pool-107-thread-1] INFO  server.RaftServerConfigKeys (ConfUtils.java:logGet(43)) - raft.server.log.appender.buffer.byte-limit = 33554432 (custom)
2019-10-28 08:42:06,645 [pool-107-thread-1] INFO  server.RaftServerConfigKeys (ConfUtils.java:logGet(43)) - raft.server.log.segment.size.max = 1048576 (custom)
2019-10-28 08:42:06,648 [pool-107-thread-1] INFO  server.RaftServerConfigKeys (ConfUtils.java:logGet(43)) - raft.server.log.segment.cache.num.max = 2 (custom)
2019-10-28 08:42:06,648 [pool-107-thread-1] INFO  segmented.SegmentedRaftLogWorker (SegmentedRaftLogWorker.java:<init>(173)) - new ba970322-65ef-4b62-a209-1a9c940431e6@group-998320AA904F-SegmentedRaftLogWorker for RaftStorage:Storage Directory /workdir/hadoop-ozone/integration-test/target/test-dir/MiniOzoneClusterImpl-1a9a2c0b-24b0-4fc1-8913-3574159d0ca2/datanode-0/data/ratis/a62941ec-323b-4990-b4c8-998320aa904f
2019-10-28 08:42:06,648 [pool-107-thread-1] INFO  server.RaftServerConfigKeys (ConfUtils.java:logGet(43)) - raft.server.log.queue.byte-limit = 2147483647 (custom)
2019-10-28 08:42:06,648 [pool-107-thread-1] INFO  server.RaftServerConfigKeys (ConfUtils.java:logGet(43)) - raft.server.log.queue.element-limit = 1024 (custom)
2019-10-28 08:42:06,648 [pool-107-thread-1] INFO  server.RaftServerConfigKeys (ConfUtils.java:logGet(43)) - raft.server.log.segment.size.max = 1048576 (custom)
2019-10-28 08:42:06,648 [pool-107-thread-1] INFO  server.RaftServerConfigKeys (ConfUtils.java:logGet(43)) - raft.server.log.preallocated.size = 16384 (custom)
2019-10-28 08:42:06,649 [pool-107-thread-1] INFO  server.RaftServerConfigKeys (ConfUtils.java:logGet(43)) - raft.server.log.write.buffer.size = 33554432 (custom)
2019-10-28 08:42:06,649 [pool-107-thread-1] INFO  server.RaftServerConfigKeys (ConfUtils.java:logGet(43)) - raft.server.log.force.sync.num = 128 (default)
2019-10-28 08:42:06,649 [pool-107-thread-1] INFO  server.RaftServerConfigKeys (ConfUtils.java:logGet(43)) - raft.server.log.statemachine.data.sync = true (default)
2019-10-28 08:42:06,649 [pool-107-thread-1] INFO  server.RaftServerConfigKeys (ConfUtils.java:logGet(43)) - raft.server.log.statemachine.data.sync.timeout = 10s (default)
2019-10-28 08:42:06,649 [pool-107-thread-1] INFO  server.RaftServerConfigKeys (ConfUtils.java:logGet(43)) - raft.server.log.statemachine.data.sync.timeout.retry = -1 (default)
2019-10-28 08:42:06,650 [pool-107-thread-1] INFO  server.RaftServerConfigKeys (ConfUtils.java:logGet(43)) - raft.server.log.statemachine.data.caching.enabled = true (custom)
2019-10-28 08:42:06,650 [pool-107-thread-1] INFO  segmented.SegmentedRaftLogWorker (SegmentedRaftLogWorker.java:lambda$new$0(128)) - ba970322-65ef-4b62-a209-1a9c940431e6@group-998320AA904F-SegmentedRaftLogWorker: flushIndex: setUnconditionally 0 -> -1
2019-10-28 08:42:06,650 [pool-107-thread-1] INFO  server.RaftServerConfigKeys (ConfUtils.java:logGet(43)) - raft.server.snapshot.auto.trigger.enabled = true (custom)
2019-10-28 08:42:06,650 [pool-107-thread-1] INFO  server.RaftServerConfigKeys (ConfUtils.java:logGet(43)) - raft.server.snapshot.auto.trigger.threshold = 10000 (custom)
2019-10-28 08:42:06,651 [pool-107-thread-1] INFO  server.RaftServerConfigKeys (ConfUtils.java:logGet(43)) - raft.server.snapshot.retention.file.num = 5 (custom)
2019-10-28 08:42:06,651 [pool-107-thread-1] INFO  server.RaftServerConfigKeys (ConfUtils.java:logGet(43)) - raft.server.retrycache.expirytime = 600000ms (custom)
2019-10-28 08:42:06,653 [pool-107-thread-1] INFO  impl.RaftServerImpl (RaftServerImpl.java:start(181)) - ba970322-65ef-4b62-a209-1a9c940431e6@group-998320AA904F: start as a follower, conf=-1: [ba970322-65ef-4b62-a209-1a9c940431e6:192.168.34.22:37166], old=null
2019-10-28 08:42:06,653 [pool-107-thread-1] INFO  impl.RaftServerImpl (RaftServerImpl.java:setRole(170)) - ba970322-65ef-4b62-a209-1a9c940431e6@group-998320AA904F: changes role from      null to FOLLOWER at term 0 for startAsFollower
2019-10-28 08:42:06,653 [pool-107-thread-1] INFO  impl.RoleInfo (RoleInfo.java:updateAndGet(143)) - ba970322-65ef-4b62-a209-1a9c940431e6: start FollowerState
2019-10-28 08:42:06,654 [pool-107-thread-1] INFO  util.JmxRegister (JmxRegister.java:tryRegister(44)) - Successfully registered JMX Bean with object name Ratis:service=RaftServer,group=group-998320AA904F,id=ba970322-65ef-4b62-a209-1a9c940431e6
2019-10-28 08:42:06,661 [RatisPipelineUtilsThread] INFO  pipeline.PipelineStateManager (PipelineStateManager.java:addPipeline(56)) - Created pipeline Pipeline[ Id: a62941ec-323b-4990-b4c8-998320aa904f, Nodes: ba970322-65ef-4b62-a209-1a9c940431e6{ip: 192.168.34.22, host: pr-hdds-1569-5jqvn-3828718746, networkLocation: /default-rack, certSerialId: null}, Type:RATIS, Factor:ONE, State:OPEN]
2019-10-28 08:42:06,661 [RatisPipelineUtilsThread] ERROR pipeline.SCMPipelineManager (SCMPipelineManager.java:createPipeline(161)) - Pipeline creation failed.
org.apache.hadoop.hdds.scm.exceptions.SCMException: Cannot create pipeline of factor 1 using 0 nodes. Used 1 nodes. Healthy nodes 1
	at org.apache.hadoop.hdds.scm.pipeline.RatisPipelineProvider.pickNodesNeverUsed(RatisPipelineProvider.java:128)
	at org.apache.hadoop.hdds.scm.pipeline.RatisPipelineProvider.create(RatisPipelineProvider.java:174)
	at org.apache.hadoop.hdds.scm.pipeline.PipelineFactory.create(PipelineFactory.java:58)
	at org.apache.hadoop.hdds.scm.pipeline.SCMPipelineManager.createPipeline(SCMPipelineManager.java:151)
	at org.apache.hadoop.hdds.scm.pipeline.BackgroundPipelineCreator.createPipelines(BackgroundPipelineCreator.java:100)
	at java.util.concurrent.Executors$RunnableAdapter.call(Executors.java:511)
	at java.util.concurrent.FutureTask.run(FutureTask.java:266)
	at java.util.concurrent.ScheduledThreadPoolExecutor$ScheduledFutureTask.access$201(ScheduledThreadPoolExecutor.java:180)
	at java.util.concurrent.ScheduledThreadPoolExecutor$ScheduledFutureTask.run(ScheduledThreadPoolExecutor.java:293)
	at java.util.concurrent.ThreadPoolExecutor.runWorker(ThreadPoolExecutor.java:1149)
	at java.util.concurrent.ThreadPoolExecutor$Worker.run(ThreadPoolExecutor.java:624)
	at java.lang.Thread.run(Thread.java:748)
2019-10-28 08:42:06,662 [RatisPipelineUtilsThread] ERROR pipeline.PipelinePlacementPolicy (PipelinePlacementPolicy.java:filterViableNodes(157)) - Not enough healthy nodes to allocate pipeline. 3  datanodes required. Found 1
2019-10-28 08:42:06,662 [RatisPipelineUtilsThread] ERROR pipeline.SCMPipelineManager (SCMPipelineManager.java:createPipeline(161)) - Pipeline creation failed.
org.apache.hadoop.hdds.scm.exceptions.SCMException: Not enough healthy nodes to allocate pipeline. 3  datanodes required. Found 1
	at org.apache.hadoop.hdds.scm.pipeline.PipelinePlacementPolicy.filterViableNodes(PipelinePlacementPolicy.java:158)
	at org.apache.hadoop.hdds.scm.pipeline.PipelinePlacementPolicy.chooseDatanodes(PipelinePlacementPolicy.java:199)
	at org.apache.hadoop.hdds.scm.pipeline.RatisPipelineProvider.create(RatisPipelineProvider.java:177)
	at org.apache.hadoop.hdds.scm.pipeline.PipelineFactory.create(PipelineFactory.java:58)
	at org.apache.hadoop.hdds.scm.pipeline.SCMPipelineManager.createPipeline(SCMPipelineManager.java:151)
	at org.apache.hadoop.hdds.scm.pipeline.BackgroundPipelineCreator.createPipelines(BackgroundPipelineCreator.java:100)
	at java.util.concurrent.Executors$RunnableAdapter.call(Executors.java:511)
	at java.util.concurrent.FutureTask.run(FutureTask.java:266)
	at java.util.concurrent.ScheduledThreadPoolExecutor$ScheduledFutureTask.access$201(ScheduledThreadPoolExecutor.java:180)
	at java.util.concurrent.ScheduledThreadPoolExecutor$ScheduledFutureTask.run(ScheduledThreadPoolExecutor.java:293)
	at java.util.concurrent.ThreadPoolExecutor.runWorker(ThreadPoolExecutor.java:1149)
	at java.util.concurrent.ThreadPoolExecutor$Worker.run(ThreadPoolExecutor.java:624)
	at java.lang.Thread.run(Thread.java:748)
2019-10-28 08:42:06,662 [RatisPipelineUtilsThread] ERROR pipeline.SCMPipelineManager (SCMPipelineManager.java:createPipeline(161)) - Pipeline creation failed.
org.apache.hadoop.hdds.scm.exceptions.SCMException: Cannot create pipeline of factor 1 using 0 nodes. Used 1 nodes. Healthy nodes 1
	at org.apache.hadoop.hdds.scm.pipeline.RatisPipelineProvider.pickNodesNeverUsed(RatisPipelineProvider.java:128)
	at org.apache.hadoop.hdds.scm.pipeline.RatisPipelineProvider.create(RatisPipelineProvider.java:174)
	at org.apache.hadoop.hdds.scm.pipeline.PipelineFactory.create(PipelineFactory.java:58)
	at org.apache.hadoop.hdds.scm.pipeline.SCMPipelineManager.createPipeline(SCMPipelineManager.java:151)
	at org.apache.hadoop.hdds.scm.pipeline.BackgroundPipelineCreator.createPipelines(BackgroundPipelineCreator.java:100)
	at org.apache.hadoop.hdds.scm.pipeline.BackgroundPipelineCreator.lambda$startFixedIntervalPipelineCreator$0(BackgroundPipelineCreator.java:70)
	at java.util.concurrent.Executors$RunnableAdapter.call(Executors.java:511)
	at java.util.concurrent.FutureTask.runAndReset(FutureTask.java:308)
	at java.util.concurrent.ScheduledThreadPoolExecutor$ScheduledFutureTask.access$301(ScheduledThreadPoolExecutor.java:180)
	at java.util.concurrent.ScheduledThreadPoolExecutor$ScheduledFutureTask.run(ScheduledThreadPoolExecutor.java:294)
	at java.util.concurrent.ThreadPoolExecutor.runWorker(ThreadPoolExecutor.java:1149)
	at java.util.concurrent.ThreadPoolExecutor$Worker.run(ThreadPoolExecutor.java:624)
	at java.lang.Thread.run(Thread.java:748)
2019-10-28 08:42:06,663 [RatisPipelineUtilsThread] ERROR pipeline.PipelinePlacementPolicy (PipelinePlacementPolicy.java:filterViableNodes(157)) - Not enough healthy nodes to allocate pipeline. 3  datanodes required. Found 1
2019-10-28 08:42:06,663 [RatisPipelineUtilsThread] ERROR pipeline.SCMPipelineManager (SCMPipelineManager.java:createPipeline(161)) - Pipeline creation failed.
org.apache.hadoop.hdds.scm.exceptions.SCMException: Not enough healthy nodes to allocate pipeline. 3  datanodes required. Found 1
	at org.apache.hadoop.hdds.scm.pipeline.PipelinePlacementPolicy.filterViableNodes(PipelinePlacementPolicy.java:158)
	at org.apache.hadoop.hdds.scm.pipeline.PipelinePlacementPolicy.chooseDatanodes(PipelinePlacementPolicy.java:199)
	at org.apache.hadoop.hdds.scm.pipeline.RatisPipelineProvider.create(RatisPipelineProvider.java:177)
	at org.apache.hadoop.hdds.scm.pipeline.PipelineFactory.create(PipelineFactory.java:58)
	at org.apache.hadoop.hdds.scm.pipeline.SCMPipelineManager.createPipeline(SCMPipelineManager.java:151)
	at org.apache.hadoop.hdds.scm.pipeline.BackgroundPipelineCreator.createPipelines(BackgroundPipelineCreator.java:100)
	at org.apache.hadoop.hdds.scm.pipeline.BackgroundPipelineCreator.lambda$startFixedIntervalPipelineCreator$0(BackgroundPipelineCreator.java:70)
	at java.util.concurrent.Executors$RunnableAdapter.call(Executors.java:511)
	at java.util.concurrent.FutureTask.runAndReset(FutureTask.java:308)
	at java.util.concurrent.ScheduledThreadPoolExecutor$ScheduledFutureTask.access$301(ScheduledThreadPoolExecutor.java:180)
	at java.util.concurrent.ScheduledThreadPoolExecutor$ScheduledFutureTask.run(ScheduledThreadPoolExecutor.java:294)
	at java.util.concurrent.ThreadPoolExecutor.runWorker(ThreadPoolExecutor.java:1149)
	at java.util.concurrent.ThreadPoolExecutor$Worker.run(ThreadPoolExecutor.java:624)
	at java.lang.Thread.run(Thread.java:748)
2019-10-28 08:42:06,799 [IPC Server handler 1 on 34883] INFO  net.NetworkTopology (NetworkTopologyImpl.java:add(111)) - Added a new node: /default-rack/2c6258b1-f6fc-4e86-9459-ad0aba7a4988
2019-10-28 08:42:06,799 [IPC Server handler 1 on 34883] INFO  node.SCMNodeManager (SCMNodeManager.java:register(268)) - Registered Data node : 2c6258b1-f6fc-4e86-9459-ad0aba7a4988{ip: 192.168.34.22, host: pr-hdds-1569-5jqvn-3828718746, networkLocation: /default-rack, certSerialId: null}
2019-10-28 08:42:06,807 [grpc-default-executor-0] INFO  impl.RaftServerProxy (RaftServerProxy.java:addNew(89)) - 2c6258b1-f6fc-4e86-9459-ad0aba7a4988: addNew group-1BFA4B776BFE:[2c6258b1-f6fc-4e86-9459-ad0aba7a4988:192.168.34.22:37738] returns group-1BFA4B776BFE:java.util.concurrent.CompletableFuture@6c5c3d21[Not completed]
2019-10-28 08:42:06,809 [pool-117-thread-1] INFO  impl.RaftServerImpl (RaftServerImpl.java:<init>(95)) - 2c6258b1-f6fc-4e86-9459-ad0aba7a4988: new RaftServerImpl for group-1BFA4B776BFE:[2c6258b1-f6fc-4e86-9459-ad0aba7a4988:192.168.34.22:37738] with ContainerStateMachine:uninitialized
2019-10-28 08:42:06,809 [pool-117-thread-1] INFO  server.RaftServerConfigKeys (ConfUtils.java:logGet(43)) - raft.server.rpc.timeout.min = 5s (custom)
2019-10-28 08:42:06,809 [pool-117-thread-1] INFO  server.RaftServerConfigKeys (ConfUtils.java:logGet(43)) - raft.server.rpc.timeout.max = 5200ms (custom)
2019-10-28 08:42:06,809 [pool-117-thread-1] INFO  server.RaftServerConfigKeys (ConfUtils.java:logGet(43)) - raft.server.rpcslowness.timeout = 120s (custom)
2019-10-28 08:42:06,810 [pool-117-thread-1] INFO  server.RaftServerConfigKeys (ConfUtils.java:logGet(43)) - raft.server.sleep.deviation.threshold = 300 (default)
2019-10-28 08:42:06,810 [pool-117-thread-1] INFO  server.RaftServerConfigKeys (ConfUtils.java:logGet(43)) - raft.server.log.appender.install.snapshot.enabled = false (custom)
2019-10-28 08:42:06,810 [pool-117-thread-1] INFO  impl.RaftServerImpl (ServerState.java:<init>(103)) - 2c6258b1-f6fc-4e86-9459-ad0aba7a4988@group-1BFA4B776BFE: ConfigurationManager, init=-1: [2c6258b1-f6fc-4e86-9459-ad0aba7a4988:192.168.34.22:37738], old=null, confs=<EMPTY_MAP>
2019-10-28 08:42:06,810 [pool-117-thread-1] INFO  server.RaftServerConfigKeys (ConfUtils.java:logGet(43)) - raft.server.storage.dir = [/workdir/hadoop-ozone/integration-test/target/test-dir/MiniOzoneClusterImpl-1a9a2c0b-24b0-4fc1-8913-3574159d0ca2/datanode-1/data/ratis] (custom)
2019-10-28 08:42:06,810 [pool-117-thread-1] INFO  server.RaftServerConfigKeys (ConfUtils.java:logGet(43)) - raft.server.log.corruption.policy = EXCEPTION (default)
2019-10-28 08:42:06,810 [pool-117-thread-1] INFO  storage.RaftStorageDirectory (RaftStorageDirectory.java:analyzeStorage(246)) - The storage directory /workdir/hadoop-ozone/integration-test/target/test-dir/MiniOzoneClusterImpl-1a9a2c0b-24b0-4fc1-8913-3574159d0ca2/datanode-1/data/ratis/f703678f-b5f5-4b08-9657-1bfa4b776bfe does not exist. Creating ...
2019-10-28 08:42:06,823 [pool-117-thread-1] INFO  storage.RaftStorageDirectory (RaftStorageDirectory.java:tryLock(328)) - Lock on /workdir/hadoop-ozone/integration-test/target/test-dir/MiniOzoneClusterImpl-1a9a2c0b-24b0-4fc1-8913-3574159d0ca2/datanode-1/data/ratis/f703678f-b5f5-4b08-9657-1bfa4b776bfe/in_use.lock acquired by nodename 21795@pr-hdds-1569-5jqvn-3828718746
2019-10-28 08:42:06,836 [pool-117-thread-1] INFO  storage.RaftStorage (RaftStorage.java:format(84)) - Storage directory /workdir/hadoop-ozone/integration-test/target/test-dir/MiniOzoneClusterImpl-1a9a2c0b-24b0-4fc1-8913-3574159d0ca2/datanode-1/data/ratis/f703678f-b5f5-4b08-9657-1bfa4b776bfe has been successfully formatted.
2019-10-28 08:42:06,836 [pool-117-thread-1] INFO  ratis.ContainerStateMachine (ContainerStateMachine.java:loadSnapshot(231)) - group-1BFA4B776BFE: The snapshot info is null. Setting the last applied indexto:(t:0, i:~)
2019-10-28 08:42:06,836 [pool-117-thread-1] INFO  server.RaftServerConfigKeys (ConfUtils.java:logGet(43)) - raft.server.notification.no-leader.timeout = 120s (custom)
2019-10-28 08:42:06,836 [pool-117-thread-1] INFO  server.RaftServerConfigKeys (ConfUtils.java:logGet(43)) - raft.server.log.use.memory = false (default)
2019-10-28 08:42:06,837 [pool-117-thread-1] INFO  server.RaftServerConfigKeys (ConfUtils.java:logGet(43)) - raft.server.log.purge.gap = 1000000 (custom)
2019-10-28 08:42:06,837 [pool-117-thread-1] INFO  server.RaftServerConfigKeys (ConfUtils.java:logGet(43)) - raft.server.log.appender.buffer.byte-limit = 33554432 (custom)
2019-10-28 08:42:06,837 [pool-117-thread-1] INFO  server.RaftServerConfigKeys (ConfUtils.java:logGet(43)) - raft.server.log.segment.size.max = 1048576 (custom)
2019-10-28 08:42:06,838 [pool-117-thread-1] INFO  server.RaftServerConfigKeys (ConfUtils.java:logGet(43)) - raft.server.log.segment.cache.num.max = 2 (custom)
2019-10-28 08:42:06,838 [pool-117-thread-1] INFO  segmented.SegmentedRaftLogWorker (SegmentedRaftLogWorker.java:<init>(173)) - new 2c6258b1-f6fc-4e86-9459-ad0aba7a4988@group-1BFA4B776BFE-SegmentedRaftLogWorker for RaftStorage:Storage Directory /workdir/hadoop-ozone/integration-test/target/test-dir/MiniOzoneClusterImpl-1a9a2c0b-24b0-4fc1-8913-3574159d0ca2/datanode-1/data/ratis/f703678f-b5f5-4b08-9657-1bfa4b776bfe
2019-10-28 08:42:06,838 [pool-117-thread-1] INFO  server.RaftServerConfigKeys (ConfUtils.java:logGet(43)) - raft.server.log.queue.byte-limit = 2147483647 (custom)
2019-10-28 08:42:06,839 [pool-117-thread-1] INFO  server.RaftServerConfigKeys (ConfUtils.java:logGet(43)) - raft.server.log.queue.element-limit = 1024 (custom)
2019-10-28 08:42:06,839 [pool-117-thread-1] INFO  server.RaftServerConfigKeys (ConfUtils.java:logGet(43)) - raft.server.log.segment.size.max = 1048576 (custom)
2019-10-28 08:42:06,839 [pool-117-thread-1] INFO  server.RaftServerConfigKeys (ConfUtils.java:logGet(43)) - raft.server.log.preallocated.size = 16384 (custom)
2019-10-28 08:42:06,839 [pool-117-thread-1] INFO  server.RaftServerConfigKeys (ConfUtils.java:logGet(43)) - raft.server.log.write.buffer.size = 33554432 (custom)
2019-10-28 08:42:06,839 [pool-117-thread-1] INFO  server.RaftServerConfigKeys (ConfUtils.java:logGet(43)) - raft.server.log.force.sync.num = 128 (default)
2019-10-28 08:42:06,839 [pool-117-thread-1] INFO  server.RaftServerConfigKeys (ConfUtils.java:logGet(43)) - raft.server.log.statemachine.data.sync = true (default)
2019-10-28 08:42:06,839 [pool-117-thread-1] INFO  server.RaftServerConfigKeys (ConfUtils.java:logGet(43)) - raft.server.log.statemachine.data.sync.timeout = 10s (default)
2019-10-28 08:42:06,839 [pool-117-thread-1] INFO  server.RaftServerConfigKeys (ConfUtils.java:logGet(43)) - raft.server.log.statemachine.data.sync.timeout.retry = -1 (default)
2019-10-28 08:42:06,840 [pool-117-thread-1] INFO  server.RaftServerConfigKeys (ConfUtils.java:logGet(43)) - raft.server.log.statemachine.data.caching.enabled = true (custom)
2019-10-28 08:42:06,840 [pool-117-thread-1] INFO  segmented.SegmentedRaftLogWorker (SegmentedRaftLogWorker.java:lambda$new$0(128)) - 2c6258b1-f6fc-4e86-9459-ad0aba7a4988@group-1BFA4B776BFE-SegmentedRaftLogWorker: flushIndex: setUnconditionally 0 -> -1
2019-10-28 08:42:06,840 [pool-117-thread-1] INFO  server.RaftServerConfigKeys (ConfUtils.java:logGet(43)) - raft.server.snapshot.auto.trigger.enabled = true (custom)
2019-10-28 08:42:06,840 [pool-117-thread-1] INFO  server.RaftServerConfigKeys (ConfUtils.java:logGet(43)) - raft.server.snapshot.auto.trigger.threshold = 10000 (custom)
2019-10-28 08:42:06,840 [pool-117-thread-1] INFO  server.RaftServerConfigKeys (ConfUtils.java:logGet(43)) - raft.server.snapshot.retention.file.num = 5 (custom)
2019-10-28 08:42:06,840 [pool-117-thread-1] INFO  server.RaftServerConfigKeys (ConfUtils.java:logGet(43)) - raft.server.retrycache.expirytime = 600000ms (custom)
2019-10-28 08:42:06,842 [pool-117-thread-1] INFO  impl.RaftServerImpl (RaftServerImpl.java:start(181)) - 2c6258b1-f6fc-4e86-9459-ad0aba7a4988@group-1BFA4B776BFE: start as a follower, conf=-1: [2c6258b1-f6fc-4e86-9459-ad0aba7a4988:192.168.34.22:37738], old=null
2019-10-28 08:42:06,842 [pool-117-thread-1] INFO  impl.RaftServerImpl (RaftServerImpl.java:setRole(170)) - 2c6258b1-f6fc-4e86-9459-ad0aba7a4988@group-1BFA4B776BFE: changes role from      null to FOLLOWER at term 0 for startAsFollower
2019-10-28 08:42:06,842 [pool-117-thread-1] INFO  impl.RoleInfo (RoleInfo.java:updateAndGet(143)) - 2c6258b1-f6fc-4e86-9459-ad0aba7a4988: start FollowerState
2019-10-28 08:42:06,845 [pool-117-thread-1] INFO  util.JmxRegister (JmxRegister.java:tryRegister(44)) - Successfully registered JMX Bean with object name Ratis:service=RaftServer,group=group-1BFA4B776BFE,id=2c6258b1-f6fc-4e86-9459-ad0aba7a4988
2019-10-28 08:42:06,852 [RatisPipelineUtilsThread] INFO  pipeline.PipelineStateManager (PipelineStateManager.java:addPipeline(56)) - Created pipeline Pipeline[ Id: f703678f-b5f5-4b08-9657-1bfa4b776bfe, Nodes: 2c6258b1-f6fc-4e86-9459-ad0aba7a4988{ip: 192.168.34.22, host: pr-hdds-1569-5jqvn-3828718746, networkLocation: /default-rack, certSerialId: null}, Type:RATIS, Factor:ONE, State:OPEN]
2019-10-28 08:42:06,853 [RatisPipelineUtilsThread] ERROR pipeline.SCMPipelineManager (SCMPipelineManager.java:createPipeline(161)) - Pipeline creation failed.
org.apache.hadoop.hdds.scm.exceptions.SCMException: Cannot create pipeline of factor 1 using 0 nodes. Used 2 nodes. Healthy nodes 2
	at org.apache.hadoop.hdds.scm.pipeline.RatisPipelineProvider.pickNodesNeverUsed(RatisPipelineProvider.java:128)
	at org.apache.hadoop.hdds.scm.pipeline.RatisPipelineProvider.create(RatisPipelineProvider.java:174)
	at org.apache.hadoop.hdds.scm.pipeline.PipelineFactory.create(PipelineFactory.java:58)
	at org.apache.hadoop.hdds.scm.pipeline.SCMPipelineManager.createPipeline(SCMPipelineManager.java:151)
	at org.apache.hadoop.hdds.scm.pipeline.BackgroundPipelineCreator.createPipelines(BackgroundPipelineCreator.java:100)
	at java.util.concurrent.Executors$RunnableAdapter.call(Executors.java:511)
	at java.util.concurrent.FutureTask.run(FutureTask.java:266)
	at java.util.concurrent.ScheduledThreadPoolExecutor$ScheduledFutureTask.access$201(ScheduledThreadPoolExecutor.java:180)
	at java.util.concurrent.ScheduledThreadPoolExecutor$ScheduledFutureTask.run(ScheduledThreadPoolExecutor.java:293)
	at java.util.concurrent.ThreadPoolExecutor.runWorker(ThreadPoolExecutor.java:1149)
	at java.util.concurrent.ThreadPoolExecutor$Worker.run(ThreadPoolExecutor.java:624)
	at java.lang.Thread.run(Thread.java:748)
2019-10-28 08:42:06,853 [RatisPipelineUtilsThread] ERROR pipeline.PipelinePlacementPolicy (PipelinePlacementPolicy.java:filterViableNodes(157)) - Not enough healthy nodes to allocate pipeline. 3  datanodes required. Found 2
2019-10-28 08:42:06,853 [RatisPipelineUtilsThread] ERROR pipeline.SCMPipelineManager (SCMPipelineManager.java:createPipeline(161)) - Pipeline creation failed.
org.apache.hadoop.hdds.scm.exceptions.SCMException: Not enough healthy nodes to allocate pipeline. 3  datanodes required. Found 2
	at org.apache.hadoop.hdds.scm.pipeline.PipelinePlacementPolicy.filterViableNodes(PipelinePlacementPolicy.java:158)
	at org.apache.hadoop.hdds.scm.pipeline.PipelinePlacementPolicy.chooseDatanodes(PipelinePlacementPolicy.java:199)
	at org.apache.hadoop.hdds.scm.pipeline.RatisPipelineProvider.create(RatisPipelineProvider.java:177)
	at org.apache.hadoop.hdds.scm.pipeline.PipelineFactory.create(PipelineFactory.java:58)
	at org.apache.hadoop.hdds.scm.pipeline.SCMPipelineManager.createPipeline(SCMPipelineManager.java:151)
	at org.apache.hadoop.hdds.scm.pipeline.BackgroundPipelineCreator.createPipelines(BackgroundPipelineCreator.java:100)
	at java.util.concurrent.Executors$RunnableAdapter.call(Executors.java:511)
	at java.util.concurrent.FutureTask.run(FutureTask.java:266)
	at java.util.concurrent.ScheduledThreadPoolExecutor$ScheduledFutureTask.access$201(ScheduledThreadPoolExecutor.java:180)
	at java.util.concurrent.ScheduledThreadPoolExecutor$ScheduledFutureTask.run(ScheduledThreadPoolExecutor.java:293)
	at java.util.concurrent.ThreadPoolExecutor.runWorker(ThreadPoolExecutor.java:1149)
	at java.util.concurrent.ThreadPoolExecutor$Worker.run(ThreadPoolExecutor.java:624)
	at java.lang.Thread.run(Thread.java:748)
2019-10-28 08:42:06,880 [Thread-333] INFO  ozone.MiniOzoneClusterImpl (MiniOzoneClusterImpl.java:lambda$waitForClusterToBeReady$0(147)) - Waiting for cluster to be ready. Got 2 of 3 DN Heartbeats.
2019-10-28 08:42:06,882 [IPC Server handler 2 on 34883] INFO  net.NetworkTopology (NetworkTopologyImpl.java:add(111)) - Added a new node: /default-rack/88a40098-18c7-4ff1-8ea1-0a965ffcf49f
2019-10-28 08:42:06,882 [IPC Server handler 2 on 34883] INFO  node.SCMNodeManager (SCMNodeManager.java:register(268)) - Registered Data node : 88a40098-18c7-4ff1-8ea1-0a965ffcf49f{ip: 192.168.34.22, host: pr-hdds-1569-5jqvn-3828718746, networkLocation: /default-rack, certSerialId: null}
2019-10-28 08:42:06,889 [grpc-default-executor-0] INFO  impl.RaftServerProxy (RaftServerProxy.java:addNew(89)) - 88a40098-18c7-4ff1-8ea1-0a965ffcf49f: addNew group-31E02D1DBBA2:[88a40098-18c7-4ff1-8ea1-0a965ffcf49f:192.168.34.22:44130] returns group-31E02D1DBBA2:java.util.concurrent.CompletableFuture@7ae0ae56[Not completed]
2019-10-28 08:42:06,890 [pool-127-thread-1] INFO  impl.RaftServerImpl (RaftServerImpl.java:<init>(95)) - 88a40098-18c7-4ff1-8ea1-0a965ffcf49f: new RaftServerImpl for group-31E02D1DBBA2:[88a40098-18c7-4ff1-8ea1-0a965ffcf49f:192.168.34.22:44130] with ContainerStateMachine:uninitialized
2019-10-28 08:42:06,890 [pool-127-thread-1] INFO  server.RaftServerConfigKeys (ConfUtils.java:logGet(43)) - raft.server.rpc.timeout.min = 5s (custom)
2019-10-28 08:42:06,891 [pool-127-thread-1] INFO  server.RaftServerConfigKeys (ConfUtils.java:logGet(43)) - raft.server.rpc.timeout.max = 5200ms (custom)
2019-10-28 08:42:06,891 [pool-127-thread-1] INFO  server.RaftServerConfigKeys (ConfUtils.java:logGet(43)) - raft.server.rpcslowness.timeout = 120s (custom)
2019-10-28 08:42:06,891 [pool-127-thread-1] INFO  server.RaftServerConfigKeys (ConfUtils.java:logGet(43)) - raft.server.sleep.deviation.threshold = 300 (default)
2019-10-28 08:42:06,891 [pool-127-thread-1] INFO  server.RaftServerConfigKeys (ConfUtils.java:logGet(43)) - raft.server.log.appender.install.snapshot.enabled = false (custom)
2019-10-28 08:42:06,891 [pool-127-thread-1] INFO  impl.RaftServerImpl (ServerState.java:<init>(103)) - 88a40098-18c7-4ff1-8ea1-0a965ffcf49f@group-31E02D1DBBA2: ConfigurationManager, init=-1: [88a40098-18c7-4ff1-8ea1-0a965ffcf49f:192.168.34.22:44130], old=null, confs=<EMPTY_MAP>
2019-10-28 08:42:06,891 [pool-127-thread-1] INFO  server.RaftServerConfigKeys (ConfUtils.java:logGet(43)) - raft.server.storage.dir = [/workdir/hadoop-ozone/integration-test/target/test-dir/MiniOzoneClusterImpl-1a9a2c0b-24b0-4fc1-8913-3574159d0ca2/datanode-2/data/ratis] (custom)
2019-10-28 08:42:06,891 [pool-127-thread-1] INFO  server.RaftServerConfigKeys (ConfUtils.java:logGet(43)) - raft.server.log.corruption.policy = EXCEPTION (default)
2019-10-28 08:42:06,892 [pool-127-thread-1] INFO  storage.RaftStorageDirectory (RaftStorageDirectory.java:analyzeStorage(246)) - The storage directory /workdir/hadoop-ozone/integration-test/target/test-dir/MiniOzoneClusterImpl-1a9a2c0b-24b0-4fc1-8913-3574159d0ca2/datanode-2/data/ratis/7d50d0f1-f7e2-4ce4-b26d-31e02d1dbba2 does not exist. Creating ...
2019-10-28 08:42:06,904 [pool-127-thread-1] INFO  storage.RaftStorageDirectory (RaftStorageDirectory.java:tryLock(328)) - Lock on /workdir/hadoop-ozone/integration-test/target/test-dir/MiniOzoneClusterImpl-1a9a2c0b-24b0-4fc1-8913-3574159d0ca2/datanode-2/data/ratis/7d50d0f1-f7e2-4ce4-b26d-31e02d1dbba2/in_use.lock acquired by nodename 21795@pr-hdds-1569-5jqvn-3828718746
2019-10-28 08:42:06,917 [pool-127-thread-1] INFO  storage.RaftStorage (RaftStorage.java:format(84)) - Storage directory /workdir/hadoop-ozone/integration-test/target/test-dir/MiniOzoneClusterImpl-1a9a2c0b-24b0-4fc1-8913-3574159d0ca2/datanode-2/data/ratis/7d50d0f1-f7e2-4ce4-b26d-31e02d1dbba2 has been successfully formatted.
2019-10-28 08:42:06,917 [pool-127-thread-1] INFO  ratis.ContainerStateMachine (ContainerStateMachine.java:loadSnapshot(231)) - group-31E02D1DBBA2: The snapshot info is null. Setting the last applied indexto:(t:0, i:~)
2019-10-28 08:42:06,917 [pool-127-thread-1] INFO  server.RaftServerConfigKeys (ConfUtils.java:logGet(43)) - raft.server.notification.no-leader.timeout = 120s (custom)
2019-10-28 08:42:06,917 [pool-127-thread-1] INFO  server.RaftServerConfigKeys (ConfUtils.java:logGet(43)) - raft.server.log.use.memory = false (default)
2019-10-28 08:42:06,918 [pool-127-thread-1] INFO  server.RaftServerConfigKeys (ConfUtils.java:logGet(43)) - raft.server.log.purge.gap = 1000000 (custom)
2019-10-28 08:42:06,918 [pool-127-thread-1] INFO  server.RaftServerConfigKeys (ConfUtils.java:logGet(43)) - raft.server.log.appender.buffer.byte-limit = 33554432 (custom)
2019-10-28 08:42:06,918 [pool-127-thread-1] INFO  server.RaftServerConfigKeys (ConfUtils.java:logGet(43)) - raft.server.log.segment.size.max = 1048576 (custom)
2019-10-28 08:42:06,919 [pool-127-thread-1] INFO  server.RaftServerConfigKeys (ConfUtils.java:logGet(43)) - raft.server.log.segment.cache.num.max = 2 (custom)
2019-10-28 08:42:06,920 [pool-127-thread-1] INFO  segmented.SegmentedRaftLogWorker (SegmentedRaftLogWorker.java:<init>(173)) - new 88a40098-18c7-4ff1-8ea1-0a965ffcf49f@group-31E02D1DBBA2-SegmentedRaftLogWorker for RaftStorage:Storage Directory /workdir/hadoop-ozone/integration-test/target/test-dir/MiniOzoneClusterImpl-1a9a2c0b-24b0-4fc1-8913-3574159d0ca2/datanode-2/data/ratis/7d50d0f1-f7e2-4ce4-b26d-31e02d1dbba2
2019-10-28 08:42:06,920 [pool-127-thread-1] INFO  server.RaftServerConfigKeys (ConfUtils.java:logGet(43)) - raft.server.log.queue.byte-limit = 2147483647 (custom)
2019-10-28 08:42:06,920 [pool-127-thread-1] INFO  server.RaftServerConfigKeys (ConfUtils.java:logGet(43)) - raft.server.log.queue.element-limit = 1024 (custom)
2019-10-28 08:42:06,920 [pool-127-thread-1] INFO  server.RaftServerConfigKeys (ConfUtils.java:logGet(43)) - raft.server.log.segment.size.max = 1048576 (custom)
2019-10-28 08:42:06,920 [pool-127-thread-1] INFO  server.RaftServerConfigKeys (ConfUtils.java:logGet(43)) - raft.server.log.preallocated.size = 16384 (custom)
2019-10-28 08:42:06,920 [pool-127-thread-1] INFO  server.RaftServerConfigKeys (ConfUtils.java:logGet(43)) - raft.server.log.write.buffer.size = 33554432 (custom)
2019-10-28 08:42:06,920 [pool-127-thread-1] INFO  server.RaftServerConfigKeys (ConfUtils.java:logGet(43)) - raft.server.log.force.sync.num = 128 (default)
2019-10-28 08:42:06,920 [pool-127-thread-1] INFO  server.RaftServerConfigKeys (ConfUtils.java:logGet(43)) - raft.server.log.statemachine.data.sync = true (default)
2019-10-28 08:42:06,920 [pool-127-thread-1] INFO  server.RaftServerConfigKeys (ConfUtils.java:logGet(43)) - raft.server.log.statemachine.data.sync.timeout = 10s (default)
2019-10-28 08:42:06,920 [pool-127-thread-1] INFO  server.RaftServerConfigKeys (ConfUtils.java:logGet(43)) - raft.server.log.statemachine.data.sync.timeout.retry = -1 (default)
2019-10-28 08:42:06,921 [pool-127-thread-1] INFO  server.RaftServerConfigKeys (ConfUtils.java:logGet(43)) - raft.server.log.statemachine.data.caching.enabled = true (custom)
2019-10-28 08:42:06,921 [pool-127-thread-1] INFO  segmented.SegmentedRaftLogWorker (SegmentedRaftLogWorker.java:lambda$new$0(128)) - 88a40098-18c7-4ff1-8ea1-0a965ffcf49f@group-31E02D1DBBA2-SegmentedRaftLogWorker: flushIndex: setUnconditionally 0 -> -1
2019-10-28 08:42:06,921 [pool-127-thread-1] INFO  server.RaftServerConfigKeys (ConfUtils.java:logGet(43)) - raft.server.snapshot.auto.trigger.enabled = true (custom)
2019-10-28 08:42:06,921 [pool-127-thread-1] INFO  server.RaftServerConfigKeys (ConfUtils.java:logGet(43)) - raft.server.snapshot.auto.trigger.threshold = 10000 (custom)
2019-10-28 08:42:06,922 [pool-127-thread-1] INFO  server.RaftServerConfigKeys (ConfUtils.java:logGet(43)) - raft.server.snapshot.retention.file.num = 5 (custom)
2019-10-28 08:42:06,922 [pool-127-thread-1] INFO  server.RaftServerConfigKeys (ConfUtils.java:logGet(43)) - raft.server.retrycache.expirytime = 600000ms (custom)
2019-10-28 08:42:06,923 [pool-127-thread-1] INFO  impl.RaftServerImpl (RaftServerImpl.java:start(181)) - 88a40098-18c7-4ff1-8ea1-0a965ffcf49f@group-31E02D1DBBA2: start as a follower, conf=-1: [88a40098-18c7-4ff1-8ea1-0a965ffcf49f:192.168.34.22:44130], old=null
2019-10-28 08:42:06,923 [pool-127-thread-1] INFO  impl.RaftServerImpl (RaftServerImpl.java:setRole(170)) - 88a40098-18c7-4ff1-8ea1-0a965ffcf49f@group-31E02D1DBBA2: changes role from      null to FOLLOWER at term 0 for startAsFollower
2019-10-28 08:42:06,923 [pool-127-thread-1] INFO  impl.RoleInfo (RoleInfo.java:updateAndGet(143)) - 88a40098-18c7-4ff1-8ea1-0a965ffcf49f: start FollowerState
2019-10-28 08:42:06,924 [pool-127-thread-1] INFO  util.JmxRegister (JmxRegister.java:tryRegister(44)) - Successfully registered JMX Bean with object name Ratis:service=RaftServer,group=group-31E02D1DBBA2,id=88a40098-18c7-4ff1-8ea1-0a965ffcf49f
2019-10-28 08:42:06,929 [RatisPipelineUtilsThread] INFO  pipeline.PipelineStateManager (PipelineStateManager.java:addPipeline(56)) - Created pipeline Pipeline[ Id: 7d50d0f1-f7e2-4ce4-b26d-31e02d1dbba2, Nodes: 88a40098-18c7-4ff1-8ea1-0a965ffcf49f{ip: 192.168.34.22, host: pr-hdds-1569-5jqvn-3828718746, networkLocation: /default-rack, certSerialId: null}, Type:RATIS, Factor:ONE, State:OPEN]
2019-10-28 08:42:06,930 [RatisPipelineUtilsThread] ERROR pipeline.SCMPipelineManager (SCMPipelineManager.java:createPipeline(161)) - Pipeline creation failed.
org.apache.hadoop.hdds.scm.exceptions.SCMException: Cannot create pipeline of factor 1 using 0 nodes. Used 3 nodes. Healthy nodes 3
	at org.apache.hadoop.hdds.scm.pipeline.RatisPipelineProvider.pickNodesNeverUsed(RatisPipelineProvider.java:128)
	at org.apache.hadoop.hdds.scm.pipeline.RatisPipelineProvider.create(RatisPipelineProvider.java:174)
	at org.apache.hadoop.hdds.scm.pipeline.PipelineFactory.create(PipelineFactory.java:58)
	at org.apache.hadoop.hdds.scm.pipeline.SCMPipelineManager.createPipeline(SCMPipelineManager.java:151)
	at org.apache.hadoop.hdds.scm.pipeline.BackgroundPipelineCreator.createPipelines(BackgroundPipelineCreator.java:100)
	at java.util.concurrent.Executors$RunnableAdapter.call(Executors.java:511)
	at java.util.concurrent.FutureTask.run(FutureTask.java:266)
	at java.util.concurrent.ScheduledThreadPoolExecutor$ScheduledFutureTask.access$201(ScheduledThreadPoolExecutor.java:180)
	at java.util.concurrent.ScheduledThreadPoolExecutor$ScheduledFutureTask.run(ScheduledThreadPoolExecutor.java:293)
	at java.util.concurrent.ThreadPoolExecutor.runWorker(ThreadPoolExecutor.java:1149)
	at java.util.concurrent.ThreadPoolExecutor$Worker.run(ThreadPoolExecutor.java:624)
	at java.lang.Thread.run(Thread.java:748)
2019-10-28 08:42:06,943 [grpc-default-executor-0] INFO  impl.RaftServerProxy (RaftServerProxy.java:addNew(89)) - 2c6258b1-f6fc-4e86-9459-ad0aba7a4988: addNew group-5A7555DB03F7:[ba970322-65ef-4b62-a209-1a9c940431e6:192.168.34.22:37166, 2c6258b1-f6fc-4e86-9459-ad0aba7a4988:192.168.34.22:37738, 88a40098-18c7-4ff1-8ea1-0a965ffcf49f:192.168.34.22:44130] returns group-5A7555DB03F7:java.util.concurrent.CompletableFuture@35603716[Not completed]
2019-10-28 08:42:06,943 [grpc-default-executor-2] INFO  impl.RaftServerProxy (RaftServerProxy.java:addNew(89)) - 88a40098-18c7-4ff1-8ea1-0a965ffcf49f: addNew group-5A7555DB03F7:[ba970322-65ef-4b62-a209-1a9c940431e6:192.168.34.22:37166, 2c6258b1-f6fc-4e86-9459-ad0aba7a4988:192.168.34.22:37738, 88a40098-18c7-4ff1-8ea1-0a965ffcf49f:192.168.34.22:44130] returns group-5A7555DB03F7:java.util.concurrent.CompletableFuture@24ea4f02[Not completed]
2019-10-28 08:42:06,943 [grpc-default-executor-1] INFO  impl.RaftServerProxy (RaftServerProxy.java:addNew(89)) - ba970322-65ef-4b62-a209-1a9c940431e6: addNew group-5A7555DB03F7:[ba970322-65ef-4b62-a209-1a9c940431e6:192.168.34.22:37166, 2c6258b1-f6fc-4e86-9459-ad0aba7a4988:192.168.34.22:37738, 88a40098-18c7-4ff1-8ea1-0a965ffcf49f:192.168.34.22:44130] returns group-5A7555DB03F7:java.util.concurrent.CompletableFuture@60226100[Not completed]
2019-10-28 08:42:06,944 [pool-127-thread-1] INFO  impl.RaftServerImpl (RaftServerImpl.java:<init>(95)) - 88a40098-18c7-4ff1-8ea1-0a965ffcf49f: new RaftServerImpl for group-5A7555DB03F7:[ba970322-65ef-4b62-a209-1a9c940431e6:192.168.34.22:37166, 2c6258b1-f6fc-4e86-9459-ad0aba7a4988:192.168.34.22:37738, 88a40098-18c7-4ff1-8ea1-0a965ffcf49f:192.168.34.22:44130] with ContainerStateMachine:uninitialized
2019-10-28 08:42:06,944 [pool-127-thread-1] INFO  server.RaftServerConfigKeys (ConfUtils.java:logGet(43)) - raft.server.rpc.timeout.min = 5s (custom)
2019-10-28 08:42:06,945 [pool-127-thread-1] INFO  server.RaftServerConfigKeys (ConfUtils.java:logGet(43)) - raft.server.rpc.timeout.max = 5200ms (custom)
2019-10-28 08:42:06,945 [pool-127-thread-1] INFO  server.RaftServerConfigKeys (ConfUtils.java:logGet(43)) - raft.server.rpcslowness.timeout = 120s (custom)
2019-10-28 08:42:06,945 [pool-107-thread-1] INFO  impl.RaftServerImpl (RaftServerImpl.java:<init>(95)) - ba970322-65ef-4b62-a209-1a9c940431e6: new RaftServerImpl for group-5A7555DB03F7:[ba970322-65ef-4b62-a209-1a9c940431e6:192.168.34.22:37166, 2c6258b1-f6fc-4e86-9459-ad0aba7a4988:192.168.34.22:37738, 88a40098-18c7-4ff1-8ea1-0a965ffcf49f:192.168.34.22:44130] with ContainerStateMachine:uninitialized
2019-10-28 08:42:06,945 [pool-127-thread-1] INFO  server.RaftServerConfigKeys (ConfUtils.java:logGet(43)) - raft.server.sleep.deviation.threshold = 300 (default)
2019-10-28 08:42:06,945 [pool-107-thread-1] INFO  server.RaftServerConfigKeys (ConfUtils.java:logGet(43)) - raft.server.rpc.timeout.min = 5s (custom)
2019-10-28 08:42:06,945 [pool-127-thread-1] INFO  server.RaftServerConfigKeys (ConfUtils.java:logGet(43)) - raft.server.log.appender.install.snapshot.enabled = false (custom)
2019-10-28 08:42:06,945 [pool-107-thread-1] INFO  server.RaftServerConfigKeys (ConfUtils.java:logGet(43)) - raft.server.rpc.timeout.max = 5200ms (custom)
2019-10-28 08:42:06,945 [pool-127-thread-1] INFO  impl.RaftServerImpl (ServerState.java:<init>(103)) - 88a40098-18c7-4ff1-8ea1-0a965ffcf49f@group-5A7555DB03F7: ConfigurationManager, init=-1: [ba970322-65ef-4b62-a209-1a9c940431e6:192.168.34.22:37166, 2c6258b1-f6fc-4e86-9459-ad0aba7a4988:192.168.34.22:37738, 88a40098-18c7-4ff1-8ea1-0a965ffcf49f:192.168.34.22:44130], old=null, confs=<EMPTY_MAP>
2019-10-28 08:42:06,945 [pool-117-thread-1] INFO  impl.RaftServerImpl (RaftServerImpl.java:<init>(95)) - 2c6258b1-f6fc-4e86-9459-ad0aba7a4988: new RaftServerImpl for group-5A7555DB03F7:[ba970322-65ef-4b62-a209-1a9c940431e6:192.168.34.22:37166, 2c6258b1-f6fc-4e86-9459-ad0aba7a4988:192.168.34.22:37738, 88a40098-18c7-4ff1-8ea1-0a965ffcf49f:192.168.34.22:44130] with ContainerStateMachine:uninitialized
2019-10-28 08:42:06,945 [pool-127-thread-1] INFO  server.RaftServerConfigKeys (ConfUtils.java:logGet(43)) - raft.server.storage.dir = [/workdir/hadoop-ozone/integration-test/target/test-dir/MiniOzoneClusterImpl-1a9a2c0b-24b0-4fc1-8913-3574159d0ca2/datanode-2/data/ratis] (custom)
2019-10-28 08:42:06,945 [pool-107-thread-1] INFO  server.RaftServerConfigKeys (ConfUtils.java:logGet(43)) - raft.server.rpcslowness.timeout = 120s (custom)
2019-10-28 08:42:06,945 [pool-117-thread-1] INFO  server.RaftServerConfigKeys (ConfUtils.java:logGet(43)) - raft.server.rpc.timeout.min = 5s (custom)
2019-10-28 08:42:06,946 [pool-127-thread-1] INFO  server.RaftServerConfigKeys (ConfUtils.java:logGet(43)) - raft.server.log.corruption.policy = EXCEPTION (default)
2019-10-28 08:42:06,945 [pool-107-thread-1] INFO  server.RaftServerConfigKeys (ConfUtils.java:logGet(43)) - raft.server.sleep.deviation.threshold = 300 (default)
2019-10-28 08:42:06,946 [pool-117-thread-1] INFO  server.RaftServerConfigKeys (ConfUtils.java:logGet(43)) - raft.server.rpc.timeout.max = 5200ms (custom)
2019-10-28 08:42:06,946 [pool-127-thread-1] INFO  storage.RaftStorageDirectory (RaftStorageDirectory.java:analyzeStorage(246)) - The storage directory /workdir/hadoop-ozone/integration-test/target/test-dir/MiniOzoneClusterImpl-1a9a2c0b-24b0-4fc1-8913-3574159d0ca2/datanode-2/data/ratis/baf9c139-1673-460b-b61c-5a7555db03f7 does not exist. Creating ...
2019-10-28 08:42:06,946 [pool-107-thread-1] INFO  server.RaftServerConfigKeys (ConfUtils.java:logGet(43)) - raft.server.log.appender.install.snapshot.enabled = false (custom)
2019-10-28 08:42:06,946 [pool-117-thread-1] INFO  server.RaftServerConfigKeys (ConfUtils.java:logGet(43)) - raft.server.rpcslowness.timeout = 120s (custom)
2019-10-28 08:42:06,946 [pool-107-thread-1] INFO  impl.RaftServerImpl (ServerState.java:<init>(103)) - ba970322-65ef-4b62-a209-1a9c940431e6@group-5A7555DB03F7: ConfigurationManager, init=-1: [ba970322-65ef-4b62-a209-1a9c940431e6:192.168.34.22:37166, 2c6258b1-f6fc-4e86-9459-ad0aba7a4988:192.168.34.22:37738, 88a40098-18c7-4ff1-8ea1-0a965ffcf49f:192.168.34.22:44130], old=null, confs=<EMPTY_MAP>
2019-10-28 08:42:06,946 [pool-117-thread-1] INFO  server.RaftServerConfigKeys (ConfUtils.java:logGet(43)) - raft.server.sleep.deviation.threshold = 300 (default)
2019-10-28 08:42:06,946 [pool-107-thread-1] INFO  server.RaftServerConfigKeys (ConfUtils.java:logGet(43)) - raft.server.storage.dir = [/workdir/hadoop-ozone/integration-test/target/test-dir/MiniOzoneClusterImpl-1a9a2c0b-24b0-4fc1-8913-3574159d0ca2/datanode-0/data/ratis] (custom)
2019-10-28 08:42:06,946 [pool-117-thread-1] INFO  server.RaftServerConfigKeys (ConfUtils.java:logGet(43)) - raft.server.log.appender.install.snapshot.enabled = false (custom)
2019-10-28 08:42:06,946 [pool-117-thread-1] INFO  impl.RaftServerImpl (ServerState.java:<init>(103)) - 2c6258b1-f6fc-4e86-9459-ad0aba7a4988@group-5A7555DB03F7: ConfigurationManager, init=-1: [ba970322-65ef-4b62-a209-1a9c940431e6:192.168.34.22:37166, 2c6258b1-f6fc-4e86-9459-ad0aba7a4988:192.168.34.22:37738, 88a40098-18c7-4ff1-8ea1-0a965ffcf49f:192.168.34.22:44130], old=null, confs=<EMPTY_MAP>
2019-10-28 08:42:06,946 [pool-107-thread-1] INFO  server.RaftServerConfigKeys (ConfUtils.java:logGet(43)) - raft.server.log.corruption.policy = EXCEPTION (default)
2019-10-28 08:42:06,947 [pool-117-thread-1] INFO  server.RaftServerConfigKeys (ConfUtils.java:logGet(43)) - raft.server.storage.dir = [/workdir/hadoop-ozone/integration-test/target/test-dir/MiniOzoneClusterImpl-1a9a2c0b-24b0-4fc1-8913-3574159d0ca2/datanode-1/data/ratis] (custom)
2019-10-28 08:42:06,947 [pool-107-thread-1] INFO  storage.RaftStorageDirectory (RaftStorageDirectory.java:analyzeStorage(246)) - The storage directory /workdir/hadoop-ozone/integration-test/target/test-dir/MiniOzoneClusterImpl-1a9a2c0b-24b0-4fc1-8913-3574159d0ca2/datanode-0/data/ratis/baf9c139-1673-460b-b61c-5a7555db03f7 does not exist. Creating ...
2019-10-28 08:42:06,947 [pool-117-thread-1] INFO  server.RaftServerConfigKeys (ConfUtils.java:logGet(43)) - raft.server.log.corruption.policy = EXCEPTION (default)
2019-10-28 08:42:06,947 [pool-117-thread-1] INFO  storage.RaftStorageDirectory (RaftStorageDirectory.java:analyzeStorage(246)) - The storage directory /workdir/hadoop-ozone/integration-test/target/test-dir/MiniOzoneClusterImpl-1a9a2c0b-24b0-4fc1-8913-3574159d0ca2/datanode-1/data/ratis/baf9c139-1673-460b-b61c-5a7555db03f7 does not exist. Creating ...
2019-10-28 08:42:06,959 [pool-117-thread-1] INFO  storage.RaftStorageDirectory (RaftStorageDirectory.java:tryLock(328)) - Lock on /workdir/hadoop-ozone/integration-test/target/test-dir/MiniOzoneClusterImpl-1a9a2c0b-24b0-4fc1-8913-3574159d0ca2/datanode-1/data/ratis/baf9c139-1673-460b-b61c-5a7555db03f7/in_use.lock acquired by nodename 21795@pr-hdds-1569-5jqvn-3828718746
2019-10-28 08:42:06,959 [pool-127-thread-1] INFO  storage.RaftStorageDirectory (RaftStorageDirectory.java:tryLock(328)) - Lock on /workdir/hadoop-ozone/integration-test/target/test-dir/MiniOzoneClusterImpl-1a9a2c0b-24b0-4fc1-8913-3574159d0ca2/datanode-2/data/ratis/baf9c139-1673-460b-b61c-5a7555db03f7/in_use.lock acquired by nodename 21795@pr-hdds-1569-5jqvn-3828718746
2019-10-28 08:42:06,959 [pool-107-thread-1] INFO  storage.RaftStorageDirectory (RaftStorageDirectory.java:tryLock(328)) - Lock on /workdir/hadoop-ozone/integration-test/target/test-dir/MiniOzoneClusterImpl-1a9a2c0b-24b0-4fc1-8913-3574159d0ca2/datanode-0/data/ratis/baf9c139-1673-460b-b61c-5a7555db03f7/in_use.lock acquired by nodename 21795@pr-hdds-1569-5jqvn-3828718746
2019-10-28 08:42:06,972 [pool-117-thread-1] INFO  storage.RaftStorage (RaftStorage.java:format(84)) - Storage directory /workdir/hadoop-ozone/integration-test/target/test-dir/MiniOzoneClusterImpl-1a9a2c0b-24b0-4fc1-8913-3574159d0ca2/datanode-1/data/ratis/baf9c139-1673-460b-b61c-5a7555db03f7 has been successfully formatted.
2019-10-28 08:42:06,972 [pool-127-thread-1] INFO  storage.RaftStorage (RaftStorage.java:format(84)) - Storage directory /workdir/hadoop-ozone/integration-test/target/test-dir/MiniOzoneClusterImpl-1a9a2c0b-24b0-4fc1-8913-3574159d0ca2/datanode-2/data/ratis/baf9c139-1673-460b-b61c-5a7555db03f7 has been successfully formatted.
2019-10-28 08:42:06,972 [pool-107-thread-1] INFO  storage.RaftStorage (RaftStorage.java:format(84)) - Storage directory /workdir/hadoop-ozone/integration-test/target/test-dir/MiniOzoneClusterImpl-1a9a2c0b-24b0-4fc1-8913-3574159d0ca2/datanode-0/data/ratis/baf9c139-1673-460b-b61c-5a7555db03f7 has been successfully formatted.
2019-10-28 08:42:06,973 [pool-117-thread-1] INFO  ratis.ContainerStateMachine (ContainerStateMachine.java:loadSnapshot(231)) - group-5A7555DB03F7: The snapshot info is null. Setting the last applied indexto:(t:0, i:~)
2019-10-28 08:42:06,973 [pool-127-thread-1] INFO  ratis.ContainerStateMachine (ContainerStateMachine.java:loadSnapshot(231)) - group-5A7555DB03F7: The snapshot info is null. Setting the last applied indexto:(t:0, i:~)
2019-10-28 08:42:06,973 [pool-117-thread-1] INFO  server.RaftServerConfigKeys (ConfUtils.java:logGet(43)) - raft.server.notification.no-leader.timeout = 120s (custom)
2019-10-28 08:42:06,973 [pool-107-thread-1] INFO  ratis.ContainerStateMachine (ContainerStateMachine.java:loadSnapshot(231)) - group-5A7555DB03F7: The snapshot info is null. Setting the last applied indexto:(t:0, i:~)
2019-10-28 08:42:06,973 [pool-117-thread-1] INFO  server.RaftServerConfigKeys (ConfUtils.java:logGet(43)) - raft.server.log.use.memory = false (default)
2019-10-28 08:42:06,973 [pool-127-thread-1] INFO  server.RaftServerConfigKeys (ConfUtils.java:logGet(43)) - raft.server.notification.no-leader.timeout = 120s (custom)
2019-10-28 08:42:06,973 [pool-117-thread-1] INFO  server.RaftServerConfigKeys (ConfUtils.java:logGet(43)) - raft.server.log.purge.gap = 1000000 (custom)
2019-10-28 08:42:06,973 [pool-107-thread-1] INFO  server.RaftServerConfigKeys (ConfUtils.java:logGet(43)) - raft.server.notification.no-leader.timeout = 120s (custom)
2019-10-28 08:42:06,974 [pool-117-thread-1] INFO  server.RaftServerConfigKeys (ConfUtils.java:logGet(43)) - raft.server.log.appender.buffer.byte-limit = 33554432 (custom)
2019-10-28 08:42:06,973 [pool-127-thread-1] INFO  server.RaftServerConfigKeys (ConfUtils.java:logGet(43)) - raft.server.log.use.memory = false (default)
2019-10-28 08:42:06,974 [pool-117-thread-1] INFO  server.RaftServerConfigKeys (ConfUtils.java:logGet(43)) - raft.server.log.segment.size.max = 1048576 (custom)
2019-10-28 08:42:06,974 [pool-107-thread-1] INFO  server.RaftServerConfigKeys (ConfUtils.java:logGet(43)) - raft.server.log.use.memory = false (default)
2019-10-28 08:42:06,974 [pool-117-thread-1] INFO  server.RaftServerConfigKeys (ConfUtils.java:logGet(43)) - raft.server.log.segment.cache.num.max = 2 (custom)
2019-10-28 08:42:06,974 [pool-127-thread-1] INFO  server.RaftServerConfigKeys (ConfUtils.java:logGet(43)) - raft.server.log.purge.gap = 1000000 (custom)
2019-10-28 08:42:06,974 [pool-117-thread-1] INFO  segmented.SegmentedRaftLogWorker (SegmentedRaftLogWorker.java:<init>(173)) - new 2c6258b1-f6fc-4e86-9459-ad0aba7a4988@group-5A7555DB03F7-SegmentedRaftLogWorker for RaftStorage:Storage Directory /workdir/hadoop-ozone/integration-test/target/test-dir/MiniOzoneClusterImpl-1a9a2c0b-24b0-4fc1-8913-3574159d0ca2/datanode-1/data/ratis/baf9c139-1673-460b-b61c-5a7555db03f7
2019-10-28 08:42:06,974 [pool-107-thread-1] INFO  server.RaftServerConfigKeys (ConfUtils.java:logGet(43)) - raft.server.log.purge.gap = 1000000 (custom)
2019-10-28 08:42:06,974 [pool-117-thread-1] INFO  server.RaftServerConfigKeys (ConfUtils.java:logGet(43)) - raft.server.log.queue.byte-limit = 2147483647 (custom)
2019-10-28 08:42:06,974 [pool-127-thread-1] INFO  server.RaftServerConfigKeys (ConfUtils.java:logGet(43)) - raft.server.log.appender.buffer.byte-limit = 33554432 (custom)
2019-10-28 08:42:06,974 [pool-117-thread-1] INFO  server.RaftServerConfigKeys (ConfUtils.java:logGet(43)) - raft.server.log.queue.element-limit = 1024 (custom)
2019-10-28 08:42:06,974 [pool-107-thread-1] INFO  server.RaftServerConfigKeys (ConfUtils.java:logGet(43)) - raft.server.log.appender.buffer.byte-limit = 33554432 (custom)
2019-10-28 08:42:06,975 [pool-117-thread-1] INFO  server.RaftServerConfigKeys (ConfUtils.java:logGet(43)) - raft.server.log.segment.size.max = 1048576 (custom)
2019-10-28 08:42:06,975 [pool-127-thread-1] INFO  server.RaftServerConfigKeys (ConfUtils.java:logGet(43)) - raft.server.log.segment.size.max = 1048576 (custom)
2019-10-28 08:42:06,975 [pool-117-thread-1] INFO  server.RaftServerConfigKeys (ConfUtils.java:logGet(43)) - raft.server.log.preallocated.size = 16384 (custom)
2019-10-28 08:42:06,975 [pool-107-thread-1] INFO  server.RaftServerConfigKeys (ConfUtils.java:logGet(43)) - raft.server.log.segment.size.max = 1048576 (custom)
2019-10-28 08:42:06,975 [pool-117-thread-1] INFO  server.RaftServerConfigKeys (ConfUtils.java:logGet(43)) - raft.server.log.write.buffer.size = 33554432 (custom)
2019-10-28 08:42:06,975 [pool-127-thread-1] INFO  server.RaftServerConfigKeys (ConfUtils.java:logGet(43)) - raft.server.log.segment.cache.num.max = 2 (custom)
2019-10-28 08:42:06,975 [pool-117-thread-1] INFO  server.RaftServerConfigKeys (ConfUtils.java:logGet(43)) - raft.server.log.force.sync.num = 128 (default)
2019-10-28 08:42:06,975 [pool-107-thread-1] INFO  server.RaftServerConfigKeys (ConfUtils.java:logGet(43)) - raft.server.log.segment.cache.num.max = 2 (custom)
2019-10-28 08:42:06,975 [pool-117-thread-1] INFO  server.RaftServerConfigKeys (ConfUtils.java:logGet(43)) - raft.server.log.statemachine.data.sync = true (default)
2019-10-28 08:42:06,975 [pool-127-thread-1] INFO  segmented.SegmentedRaftLogWorker (SegmentedRaftLogWorker.java:<init>(173)) - new 88a40098-18c7-4ff1-8ea1-0a965ffcf49f@group-5A7555DB03F7-SegmentedRaftLogWorker for RaftStorage:Storage Directory /workdir/hadoop-ozone/integration-test/target/test-dir/MiniOzoneClusterImpl-1a9a2c0b-24b0-4fc1-8913-3574159d0ca2/datanode-2/data/ratis/baf9c139-1673-460b-b61c-5a7555db03f7
2019-10-28 08:42:06,975 [pool-117-thread-1] INFO  server.RaftServerConfigKeys (ConfUtils.java:logGet(43)) - raft.server.log.statemachine.data.sync.timeout = 10s (default)
2019-10-28 08:42:06,975 [pool-107-thread-1] INFO  segmented.SegmentedRaftLogWorker (SegmentedRaftLogWorker.java:<init>(173)) - new ba970322-65ef-4b62-a209-1a9c940431e6@group-5A7555DB03F7-SegmentedRaftLogWorker for RaftStorage:Storage Directory /workdir/hadoop-ozone/integration-test/target/test-dir/MiniOzoneClusterImpl-1a9a2c0b-24b0-4fc1-8913-3574159d0ca2/datanode-0/data/ratis/baf9c139-1673-460b-b61c-5a7555db03f7
2019-10-28 08:42:06,976 [pool-117-thread-1] INFO  server.RaftServerConfigKeys (ConfUtils.java:logGet(43)) - raft.server.log.statemachine.data.sync.timeout.retry = -1 (default)
2019-10-28 08:42:06,976 [pool-127-thread-1] INFO  server.RaftServerConfigKeys (ConfUtils.java:logGet(43)) - raft.server.log.queue.byte-limit = 2147483647 (custom)
2019-10-28 08:42:06,976 [pool-107-thread-1] INFO  server.RaftServerConfigKeys (ConfUtils.java:logGet(43)) - raft.server.log.queue.byte-limit = 2147483647 (custom)
2019-10-28 08:42:06,976 [pool-117-thread-1] INFO  server.RaftServerConfigKeys (ConfUtils.java:logGet(43)) - raft.server.log.statemachine.data.caching.enabled = true (custom)
2019-10-28 08:42:06,976 [pool-127-thread-1] INFO  server.RaftServerConfigKeys (ConfUtils.java:logGet(43)) - raft.server.log.queue.element-limit = 1024 (custom)
2019-10-28 08:42:06,976 [pool-107-thread-1] INFO  server.RaftServerConfigKeys (ConfUtils.java:logGet(43)) - raft.server.log.queue.element-limit = 1024 (custom)
2019-10-28 08:42:06,976 [pool-117-thread-1] INFO  segmented.SegmentedRaftLogWorker (SegmentedRaftLogWorker.java:lambda$new$0(128)) - 2c6258b1-f6fc-4e86-9459-ad0aba7a4988@group-5A7555DB03F7-SegmentedRaftLogWorker: flushIndex: setUnconditionally 0 -> -1
2019-10-28 08:42:06,976 [pool-127-thread-1] INFO  server.RaftServerConfigKeys (ConfUtils.java:logGet(43)) - raft.server.log.segment.size.max = 1048576 (custom)
2019-10-28 08:42:06,976 [pool-107-thread-1] INFO  server.RaftServerConfigKeys (ConfUtils.java:logGet(43)) - raft.server.log.segment.size.max = 1048576 (custom)
2019-10-28 08:42:06,977 [pool-117-thread-1] INFO  server.RaftServerConfigKeys (ConfUtils.java:logGet(43)) - raft.server.snapshot.auto.trigger.enabled = true (custom)
2019-10-28 08:42:06,977 [pool-127-thread-1] INFO  server.RaftServerConfigKeys (ConfUtils.java:logGet(43)) - raft.server.log.preallocated.size = 16384 (custom)
2019-10-28 08:42:06,977 [pool-117-thread-1] INFO  server.RaftServerConfigKeys (ConfUtils.java:logGet(43)) - raft.server.snapshot.auto.trigger.threshold = 10000 (custom)
2019-10-28 08:42:06,977 [pool-107-thread-1] INFO  server.RaftServerConfigKeys (ConfUtils.java:logGet(43)) - raft.server.log.preallocated.size = 16384 (custom)
2019-10-28 08:42:06,977 [pool-117-thread-1] INFO  server.RaftServerConfigKeys (ConfUtils.java:logGet(43)) - raft.server.snapshot.retention.file.num = 5 (custom)
2019-10-28 08:42:06,977 [pool-127-thread-1] INFO  server.RaftServerConfigKeys (ConfUtils.java:logGet(43)) - raft.server.log.write.buffer.size = 33554432 (custom)
2019-10-28 08:42:06,977 [pool-117-thread-1] INFO  server.RaftServerConfigKeys (ConfUtils.java:logGet(43)) - raft.server.retrycache.expirytime = 600000ms (custom)
2019-10-28 08:42:06,977 [pool-107-thread-1] INFO  server.RaftServerConfigKeys (ConfUtils.java:logGet(43)) - raft.server.log.write.buffer.size = 33554432 (custom)
2019-10-28 08:42:06,977 [pool-127-thread-1] INFO  server.RaftServerConfigKeys (ConfUtils.java:logGet(43)) - raft.server.log.force.sync.num = 128 (default)
2019-10-28 08:42:06,977 [pool-107-thread-1] INFO  server.RaftServerConfigKeys (ConfUtils.java:logGet(43)) - raft.server.log.force.sync.num = 128 (default)
2019-10-28 08:42:06,977 [pool-127-thread-1] INFO  server.RaftServerConfigKeys (ConfUtils.java:logGet(43)) - raft.server.log.statemachine.data.sync = true (default)
2019-10-28 08:42:06,978 [pool-107-thread-1] INFO  server.RaftServerConfigKeys (ConfUtils.java:logGet(43)) - raft.server.log.statemachine.data.sync = true (default)
2019-10-28 08:42:06,978 [pool-127-thread-1] INFO  server.RaftServerConfigKeys (ConfUtils.java:logGet(43)) - raft.server.log.statemachine.data.sync.timeout = 10s (default)
2019-10-28 08:42:06,978 [pool-107-thread-1] INFO  server.RaftServerConfigKeys (ConfUtils.java:logGet(43)) - raft.server.log.statemachine.data.sync.timeout = 10s (default)
2019-10-28 08:42:06,978 [pool-127-thread-1] INFO  server.RaftServerConfigKeys (ConfUtils.java:logGet(43)) - raft.server.log.statemachine.data.sync.timeout.retry = -1 (default)
2019-10-28 08:42:06,978 [pool-107-thread-1] INFO  server.RaftServerConfigKeys (ConfUtils.java:logGet(43)) - raft.server.log.statemachine.data.sync.timeout.retry = -1 (default)
2019-10-28 08:42:06,978 [pool-127-thread-1] INFO  server.RaftServerConfigKeys (ConfUtils.java:logGet(43)) - raft.server.log.statemachine.data.caching.enabled = true (custom)
2019-10-28 08:42:06,978 [pool-107-thread-1] INFO  server.RaftServerConfigKeys (ConfUtils.java:logGet(43)) - raft.server.log.statemachine.data.caching.enabled = true (custom)
2019-10-28 08:42:06,978 [pool-127-thread-1] INFO  segmented.SegmentedRaftLogWorker (SegmentedRaftLogWorker.java:lambda$new$0(128)) - 88a40098-18c7-4ff1-8ea1-0a965ffcf49f@group-5A7555DB03F7-SegmentedRaftLogWorker: flushIndex: setUnconditionally 0 -> -1
2019-10-28 08:42:06,978 [pool-107-thread-1] INFO  segmented.SegmentedRaftLogWorker (SegmentedRaftLogWorker.java:lambda$new$0(128)) - ba970322-65ef-4b62-a209-1a9c940431e6@group-5A7555DB03F7-SegmentedRaftLogWorker: flushIndex: setUnconditionally 0 -> -1
2019-10-28 08:42:06,979 [pool-127-thread-1] INFO  server.RaftServerConfigKeys (ConfUtils.java:logGet(43)) - raft.server.snapshot.auto.trigger.enabled = true (custom)
2019-10-28 08:42:06,979 [pool-127-thread-1] INFO  server.RaftServerConfigKeys (ConfUtils.java:logGet(43)) - raft.server.snapshot.auto.trigger.threshold = 10000 (custom)
2019-10-28 08:42:06,979 [pool-107-thread-1] INFO  server.RaftServerConfigKeys (ConfUtils.java:logGet(43)) - raft.server.snapshot.auto.trigger.enabled = true (custom)
2019-10-28 08:42:06,979 [pool-117-thread-1] INFO  impl.RaftServerImpl (RaftServerImpl.java:start(181)) - 2c6258b1-f6fc-4e86-9459-ad0aba7a4988@group-5A7555DB03F7: start as a follower, conf=-1: [ba970322-65ef-4b62-a209-1a9c940431e6:192.168.34.22:37166, 2c6258b1-f6fc-4e86-9459-ad0aba7a4988:192.168.34.22:37738, 88a40098-18c7-4ff1-8ea1-0a965ffcf49f:192.168.34.22:44130], old=null
2019-10-28 08:42:06,979 [pool-127-thread-1] INFO  server.RaftServerConfigKeys (ConfUtils.java:logGet(43)) - raft.server.snapshot.retention.file.num = 5 (custom)
2019-10-28 08:42:06,979 [pool-117-thread-1] INFO  impl.RaftServerImpl (RaftServerImpl.java:setRole(170)) - 2c6258b1-f6fc-4e86-9459-ad0aba7a4988@group-5A7555DB03F7: changes role from      null to FOLLOWER at term 0 for startAsFollower
2019-10-28 08:42:06,979 [pool-127-thread-1] INFO  server.RaftServerConfigKeys (ConfUtils.java:logGet(43)) - raft.server.retrycache.expirytime = 600000ms (custom)
2019-10-28 08:42:06,979 [pool-107-thread-1] INFO  server.RaftServerConfigKeys (ConfUtils.java:logGet(43)) - raft.server.snapshot.auto.trigger.threshold = 10000 (custom)
2019-10-28 08:42:06,979 [pool-117-thread-1] INFO  impl.RoleInfo (RoleInfo.java:updateAndGet(143)) - 2c6258b1-f6fc-4e86-9459-ad0aba7a4988: start FollowerState
2019-10-28 08:42:06,979 [pool-107-thread-1] INFO  server.RaftServerConfigKeys (ConfUtils.java:logGet(43)) - raft.server.snapshot.retention.file.num = 5 (custom)
2019-10-28 08:42:06,980 [pool-107-thread-1] INFO  server.RaftServerConfigKeys (ConfUtils.java:logGet(43)) - raft.server.retrycache.expirytime = 600000ms (custom)
2019-10-28 08:42:06,980 [pool-117-thread-1] INFO  util.JmxRegister (JmxRegister.java:tryRegister(44)) - Successfully registered JMX Bean with object name Ratis:service=RaftServer,group=group-5A7555DB03F7,id=2c6258b1-f6fc-4e86-9459-ad0aba7a4988
2019-10-28 08:42:06,982 [pool-127-thread-1] INFO  impl.RaftServerImpl (RaftServerImpl.java:start(181)) - 88a40098-18c7-4ff1-8ea1-0a965ffcf49f@group-5A7555DB03F7: start as a follower, conf=-1: [ba970322-65ef-4b62-a209-1a9c940431e6:192.168.34.22:37166, 2c6258b1-f6fc-4e86-9459-ad0aba7a4988:192.168.34.22:37738, 88a40098-18c7-4ff1-8ea1-0a965ffcf49f:192.168.34.22:44130], old=null
2019-10-28 08:42:06,982 [pool-127-thread-1] INFO  impl.RaftServerImpl (RaftServerImpl.java:setRole(170)) - 88a40098-18c7-4ff1-8ea1-0a965ffcf49f@group-5A7555DB03F7: changes role from      null to FOLLOWER at term 0 for startAsFollower
2019-10-28 08:42:06,982 [pool-127-thread-1] INFO  impl.RoleInfo (RoleInfo.java:updateAndGet(143)) - 88a40098-18c7-4ff1-8ea1-0a965ffcf49f: start FollowerState
2019-10-28 08:42:06,982 [pool-107-thread-1] INFO  impl.RaftServerImpl (RaftServerImpl.java:start(181)) - ba970322-65ef-4b62-a209-1a9c940431e6@group-5A7555DB03F7: start as a follower, conf=-1: [ba970322-65ef-4b62-a209-1a9c940431e6:192.168.34.22:37166, 2c6258b1-f6fc-4e86-9459-ad0aba7a4988:192.168.34.22:37738, 88a40098-18c7-4ff1-8ea1-0a965ffcf49f:192.168.34.22:44130], old=null
2019-10-28 08:42:06,983 [pool-107-thread-1] INFO  impl.RaftServerImpl (RaftServerImpl.java:setRole(170)) - ba970322-65ef-4b62-a209-1a9c940431e6@group-5A7555DB03F7: changes role from      null to FOLLOWER at term 0 for startAsFollower
2019-10-28 08:42:06,983 [pool-127-thread-1] INFO  util.JmxRegister (JmxRegister.java:tryRegister(44)) - Successfully registered JMX Bean with object name Ratis:service=RaftServer,group=group-5A7555DB03F7,id=88a40098-18c7-4ff1-8ea1-0a965ffcf49f
2019-10-28 08:42:06,983 [pool-107-thread-1] INFO  impl.RoleInfo (RoleInfo.java:updateAndGet(143)) - ba970322-65ef-4b62-a209-1a9c940431e6: start FollowerState
2019-10-28 08:42:06,984 [pool-107-thread-1] INFO  util.JmxRegister (JmxRegister.java:tryRegister(44)) - Successfully registered JMX Bean with object name Ratis:service=RaftServer,group=group-5A7555DB03F7,id=ba970322-65ef-4b62-a209-1a9c940431e6
2019-10-28 08:42:06,991 [RatisPipelineUtilsThread] INFO  pipeline.PipelineStateManager (PipelineStateManager.java:addPipeline(56)) - Created pipeline Pipeline[ Id: baf9c139-1673-460b-b61c-5a7555db03f7, Nodes: 2c6258b1-f6fc-4e86-9459-ad0aba7a4988{ip: 192.168.34.22, host: pr-hdds-1569-5jqvn-3828718746, networkLocation: /default-rack, certSerialId: null}ba970322-65ef-4b62-a209-1a9c940431e6{ip: 192.168.34.22, host: pr-hdds-1569-5jqvn-3828718746, networkLocation: /default-rack, certSerialId: null}88a40098-18c7-4ff1-8ea1-0a965ffcf49f{ip: 192.168.34.22, host: pr-hdds-1569-5jqvn-3828718746, networkLocation: /default-rack, certSerialId: null}, Type:RATIS, Factor:THREE, State:OPEN]
2019-10-28 08:42:06,992 [RatisPipelineUtilsThread] INFO  pipeline.PipelinePlacementPolicy (PipelinePlacementPolicy.java:meetCriteria(117)) - Pipeline Placement: can't place more pipeline on heavy datanode? 2c6258b1-f6fc-4e86-9459-ad0aba7a4988 Heaviness: 2 limit: 2
2019-10-28 08:42:06,992 [RatisPipelineUtilsThread] INFO  pipeline.PipelinePlacementPolicy (PipelinePlacementPolicy.java:meetCriteria(117)) - Pipeline Placement: can't place more pipeline on heavy datanode? 88a40098-18c7-4ff1-8ea1-0a965ffcf49f Heaviness: 2 limit: 2
2019-10-28 08:42:06,992 [RatisPipelineUtilsThread] INFO  pipeline.PipelinePlacementPolicy (PipelinePlacementPolicy.java:meetCriteria(117)) - Pipeline Placement: can't place more pipeline on heavy datanode? ba970322-65ef-4b62-a209-1a9c940431e6 Heaviness: 2 limit: 2
2019-10-28 08:42:06,992 [RatisPipelineUtilsThread] ERROR pipeline.PipelinePlacementPolicy (PipelinePlacementPolicy.java:filterViableNodes(175)) - Unable to find enough nodes that meet the criteria that cannot engage in more than 2 pipelines. Nodes required: 3 Found: 0, healthy nodes count in NodeManager: 3.
2019-10-28 08:42:06,992 [RatisPipelineUtilsThread] ERROR pipeline.SCMPipelineManager (SCMPipelineManager.java:createPipeline(161)) - Pipeline creation failed.
org.apache.hadoop.hdds.scm.exceptions.SCMException: Unable to find enough nodes that meet the criteria that cannot engage in more than 2 pipelines. Nodes required: 3 Found: 0, healthy nodes count in NodeManager: 3.
	at org.apache.hadoop.hdds.scm.pipeline.PipelinePlacementPolicy.filterViableNodes(PipelinePlacementPolicy.java:176)
	at org.apache.hadoop.hdds.scm.pipeline.PipelinePlacementPolicy.chooseDatanodes(PipelinePlacementPolicy.java:199)
	at org.apache.hadoop.hdds.scm.pipeline.RatisPipelineProvider.create(RatisPipelineProvider.java:177)
	at org.apache.hadoop.hdds.scm.pipeline.PipelineFactory.create(PipelineFactory.java:58)
	at org.apache.hadoop.hdds.scm.pipeline.SCMPipelineManager.createPipeline(SCMPipelineManager.java:151)
	at org.apache.hadoop.hdds.scm.pipeline.BackgroundPipelineCreator.createPipelines(BackgroundPipelineCreator.java:100)
	at java.util.concurrent.Executors$RunnableAdapter.call(Executors.java:511)
	at java.util.concurrent.FutureTask.run(FutureTask.java:266)
	at java.util.concurrent.ScheduledThreadPoolExecutor$ScheduledFutureTask.access$201(ScheduledThreadPoolExecutor.java:180)
	at java.util.concurrent.ScheduledThreadPoolExecutor$ScheduledFutureTask.run(ScheduledThreadPoolExecutor.java:293)
	at java.util.concurrent.ThreadPoolExecutor.runWorker(ThreadPoolExecutor.java:1149)
	at java.util.concurrent.ThreadPoolExecutor$Worker.run(ThreadPoolExecutor.java:624)
	at java.lang.Thread.run(Thread.java:748)
2019-10-28 08:42:07,881 [Thread-333] INFO  ozone.MiniOzoneClusterImpl (MiniOzoneClusterImpl.java:lambda$waitForClusterToBeReady$0(147)) - Cluster is ready. Got 3 of 3 DN Heartbeats.
2019-10-28 08:42:08,595 [Datanode State Machine Thread - 0] INFO  statemachine.DatanodeStateMachine (DatanodeStateMachine.java:lambda$startDaemon$0(350)) - Ozone container server started.
2019-10-28 08:42:09,604 [Thread-505] INFO  container.ReplicationManager (ReplicationManager.java:start(163)) - Starting Replication Monitor Thread.
2019-10-28 08:42:09,606 [ReplicationMonitor] INFO  container.ReplicationManager (ReplicationManager.java:run(226)) - Replication Monitor Thread took 0 milliseconds for processing 0 containers.
2019-10-28 08:42:11,731 [Thread-507] INFO  impl.FollowerState (FollowerState.java:run(108)) - ba970322-65ef-4b62-a209-1a9c940431e6@group-998320AA904F-FollowerState: change to CANDIDATE, lastRpcTime:5077ms, electionTimeout:5077ms
2019-10-28 08:42:11,731 [Thread-507] INFO  impl.RoleInfo (RoleInfo.java:shutdownFollowerState(121)) - ba970322-65ef-4b62-a209-1a9c940431e6: shutdown FollowerState
2019-10-28 08:42:11,731 [Thread-507] INFO  impl.RaftServerImpl (RaftServerImpl.java:setRole(170)) - ba970322-65ef-4b62-a209-1a9c940431e6@group-998320AA904F: changes role from  FOLLOWER to CANDIDATE at term 0 for changeToCandidate
2019-10-28 08:42:11,732 [Thread-507] INFO  impl.RoleInfo (RoleInfo.java:updateAndGet(143)) - ba970322-65ef-4b62-a209-1a9c940431e6: start LeaderElection
2019-10-28 08:42:11,747 [ba970322-65ef-4b62-a209-1a9c940431e6@group-998320AA904F-LeaderElection13] INFO  impl.LeaderElection (LeaderElection.java:askForVotes(178)) - ba970322-65ef-4b62-a209-1a9c940431e6@group-998320AA904F-LeaderElection13: begin an election at term 1 for -1: [ba970322-65ef-4b62-a209-1a9c940431e6:192.168.34.22:37166], old=null
2019-10-28 08:42:11,747 [ba970322-65ef-4b62-a209-1a9c940431e6@group-998320AA904F-LeaderElection13] INFO  impl.RoleInfo (RoleInfo.java:shutdownLeaderElection(134)) - ba970322-65ef-4b62-a209-1a9c940431e6: shutdown LeaderElection
2019-10-28 08:42:11,747 [ba970322-65ef-4b62-a209-1a9c940431e6@group-998320AA904F-LeaderElection13] INFO  impl.RaftServerImpl (RaftServerImpl.java:setRole(170)) - ba970322-65ef-4b62-a209-1a9c940431e6@group-998320AA904F: changes role from CANDIDATE to LEADER at term 1 for changeToLeader
2019-10-28 08:42:11,747 [ba970322-65ef-4b62-a209-1a9c940431e6@group-998320AA904F-LeaderElection13] INFO  impl.RaftServerImpl (ServerState.java:setLeader(255)) - ba970322-65ef-4b62-a209-1a9c940431e6@group-998320AA904F: change Leader from null to ba970322-65ef-4b62-a209-1a9c940431e6 at term 1 for becomeLeader, leader elected after 5102ms
2019-10-28 08:42:11,748 [ba970322-65ef-4b62-a209-1a9c940431e6@group-998320AA904F-LeaderElection13] INFO  server.RaftServerConfigKeys (ConfUtils.java:logGet(43)) - raft.server.staging.catchup.gap = 1000 (default)
2019-10-28 08:42:11,748 [ba970322-65ef-4b62-a209-1a9c940431e6@group-998320AA904F-LeaderElection13] INFO  server.RaftServerConfigKeys (ConfUtils.java:logGet(43)) - raft.server.rpc.sleep.time = 25ms (default)
2019-10-28 08:42:11,748 [ba970322-65ef-4b62-a209-1a9c940431e6@group-998320AA904F-LeaderElection13] INFO  server.RaftServerConfigKeys (ConfUtils.java:logGet(43)) - raft.server.write.element-limit = 4096 (default)
2019-10-28 08:42:11,748 [ba970322-65ef-4b62-a209-1a9c940431e6@group-998320AA904F-LeaderElection13] INFO  server.RaftServerConfigKeys (ConfUtils.java:logGet(43)) - raft.server.watch.timeout = 10s (default)
2019-10-28 08:42:11,749 [ba970322-65ef-4b62-a209-1a9c940431e6@group-998320AA904F-LeaderElection13] INFO  server.RaftServerConfigKeys (ConfUtils.java:logGet(43)) - raft.server.watch.timeout.denomination = 1s (default)
2019-10-28 08:42:11,749 [ba970322-65ef-4b62-a209-1a9c940431e6@group-998320AA904F-LeaderElection13] INFO  server.RaftServerConfigKeys (ConfUtils.java:logGet(43)) - raft.server.watch.element-limit = 65536 (default)
2019-10-28 08:42:11,750 [ba970322-65ef-4b62-a209-1a9c940431e6@group-998320AA904F-LeaderElection13] INFO  impl.RoleInfo (RoleInfo.java:updateAndGet(143)) - ba970322-65ef-4b62-a209-1a9c940431e6: start LeaderState
2019-10-28 08:42:11,750 [ba970322-65ef-4b62-a209-1a9c940431e6@group-998320AA904F-LeaderElection13] INFO  segmented.SegmentedRaftLogWorker (SegmentedRaftLogWorker.java:startLogSegment(385)) - ba970322-65ef-4b62-a209-1a9c940431e6@group-998320AA904F-SegmentedRaftLogWorker: Starting segment from index:0
2019-10-28 08:42:11,751 [ba970322-65ef-4b62-a209-1a9c940431e6@group-998320AA904F-LeaderElection13] INFO  impl.RaftServerImpl (ServerState.java:setRaftConf(356)) - ba970322-65ef-4b62-a209-1a9c940431e6@group-998320AA904F: set configuration 0: [ba970322-65ef-4b62-a209-1a9c940431e6:192.168.34.22:37166], old=null at 0
2019-10-28 08:42:11,792 [ba970322-65ef-4b62-a209-1a9c940431e6@group-998320AA904F-SegmentedRaftLogWorker] INFO  segmented.SegmentedRaftLogWorker (SegmentedRaftLogWorker.java:execute(574)) - ba970322-65ef-4b62-a209-1a9c940431e6@group-998320AA904F-SegmentedRaftLogWorker: created new log segment /workdir/hadoop-ozone/integration-test/target/test-dir/MiniOzoneClusterImpl-1a9a2c0b-24b0-4fc1-8913-3574159d0ca2/datanode-0/data/ratis/a62941ec-323b-4990-b4c8-998320aa904f/current/log_inprogress_0
2019-10-28 08:42:11,933 [Thread-513] INFO  impl.FollowerState (FollowerState.java:run(108)) - 88a40098-18c7-4ff1-8ea1-0a965ffcf49f@group-31E02D1DBBA2-FollowerState: change to CANDIDATE, lastRpcTime:5009ms, electionTimeout:5009ms
2019-10-28 08:42:11,933 [Thread-513] INFO  impl.RoleInfo (RoleInfo.java:shutdownFollowerState(121)) - 88a40098-18c7-4ff1-8ea1-0a965ffcf49f: shutdown FollowerState
2019-10-28 08:42:11,934 [Thread-513] INFO  impl.RaftServerImpl (RaftServerImpl.java:setRole(170)) - 88a40098-18c7-4ff1-8ea1-0a965ffcf49f@group-31E02D1DBBA2: changes role from  FOLLOWER to CANDIDATE at term 0 for changeToCandidate
2019-10-28 08:42:11,934 [Thread-513] INFO  impl.RoleInfo (RoleInfo.java:updateAndGet(143)) - 88a40098-18c7-4ff1-8ea1-0a965ffcf49f: start LeaderElection
2019-10-28 08:42:11,952 [88a40098-18c7-4ff1-8ea1-0a965ffcf49f@group-31E02D1DBBA2-LeaderElection14] INFO  impl.LeaderElection (LeaderElection.java:askForVotes(178)) - 88a40098-18c7-4ff1-8ea1-0a965ffcf49f@group-31E02D1DBBA2-LeaderElection14: begin an election at term 1 for -1: [88a40098-18c7-4ff1-8ea1-0a965ffcf49f:192.168.34.22:44130], old=null
2019-10-28 08:42:11,952 [88a40098-18c7-4ff1-8ea1-0a965ffcf49f@group-31E02D1DBBA2-LeaderElection14] INFO  impl.RoleInfo (RoleInfo.java:shutdownLeaderElection(134)) - 88a40098-18c7-4ff1-8ea1-0a965ffcf49f: shutdown LeaderElection
2019-10-28 08:42:11,952 [88a40098-18c7-4ff1-8ea1-0a965ffcf49f@group-31E02D1DBBA2-LeaderElection14] INFO  impl.RaftServerImpl (RaftServerImpl.java:setRole(170)) - 88a40098-18c7-4ff1-8ea1-0a965ffcf49f@group-31E02D1DBBA2: changes role from CANDIDATE to LEADER at term 1 for changeToLeader
2019-10-28 08:42:11,952 [88a40098-18c7-4ff1-8ea1-0a965ffcf49f@group-31E02D1DBBA2-LeaderElection14] INFO  impl.RaftServerImpl (ServerState.java:setLeader(255)) - 88a40098-18c7-4ff1-8ea1-0a965ffcf49f@group-31E02D1DBBA2: change Leader from null to 88a40098-18c7-4ff1-8ea1-0a965ffcf49f at term 1 for becomeLeader, leader elected after 5035ms
2019-10-28 08:42:11,953 [88a40098-18c7-4ff1-8ea1-0a965ffcf49f@group-31E02D1DBBA2-LeaderElection14] INFO  server.RaftServerConfigKeys (ConfUtils.java:logGet(43)) - raft.server.staging.catchup.gap = 1000 (default)
2019-10-28 08:42:11,953 [88a40098-18c7-4ff1-8ea1-0a965ffcf49f@group-31E02D1DBBA2-LeaderElection14] INFO  server.RaftServerConfigKeys (ConfUtils.java:logGet(43)) - raft.server.rpc.sleep.time = 25ms (default)
2019-10-28 08:42:11,953 [88a40098-18c7-4ff1-8ea1-0a965ffcf49f@group-31E02D1DBBA2-LeaderElection14] INFO  server.RaftServerConfigKeys (ConfUtils.java:logGet(43)) - raft.server.write.element-limit = 4096 (default)
2019-10-28 08:42:11,953 [88a40098-18c7-4ff1-8ea1-0a965ffcf49f@group-31E02D1DBBA2-LeaderElection14] INFO  server.RaftServerConfigKeys (ConfUtils.java:logGet(43)) - raft.server.watch.timeout = 10s (default)
2019-10-28 08:42:11,953 [88a40098-18c7-4ff1-8ea1-0a965ffcf49f@group-31E02D1DBBA2-LeaderElection14] INFO  server.RaftServerConfigKeys (ConfUtils.java:logGet(43)) - raft.server.watch.timeout.denomination = 1s (default)
2019-10-28 08:42:11,953 [88a40098-18c7-4ff1-8ea1-0a965ffcf49f@group-31E02D1DBBA2-LeaderElection14] INFO  server.RaftServerConfigKeys (ConfUtils.java:logGet(43)) - raft.server.watch.element-limit = 65536 (default)
2019-10-28 08:42:11,956 [88a40098-18c7-4ff1-8ea1-0a965ffcf49f@group-31E02D1DBBA2-LeaderElection14] INFO  impl.RoleInfo (RoleInfo.java:updateAndGet(143)) - 88a40098-18c7-4ff1-8ea1-0a965ffcf49f: start LeaderState
2019-10-28 08:42:11,956 [88a40098-18c7-4ff1-8ea1-0a965ffcf49f@group-31E02D1DBBA2-LeaderElection14] INFO  segmented.SegmentedRaftLogWorker (SegmentedRaftLogWorker.java:startLogSegment(385)) - 88a40098-18c7-4ff1-8ea1-0a965ffcf49f@group-31E02D1DBBA2-SegmentedRaftLogWorker: Starting segment from index:0
2019-10-28 08:42:11,957 [88a40098-18c7-4ff1-8ea1-0a965ffcf49f@group-31E02D1DBBA2-LeaderElection14] INFO  impl.RaftServerImpl (ServerState.java:setRaftConf(356)) - 88a40098-18c7-4ff1-8ea1-0a965ffcf49f@group-31E02D1DBBA2: set configuration 0: [88a40098-18c7-4ff1-8ea1-0a965ffcf49f:192.168.34.22:44130], old=null at 0
2019-10-28 08:42:11,998 [Thread-519] INFO  impl.FollowerState (FollowerState.java:run(108)) - 88a40098-18c7-4ff1-8ea1-0a965ffcf49f@group-5A7555DB03F7-FollowerState: change to CANDIDATE, lastRpcTime:5016ms, electionTimeout:5015ms
2019-10-28 08:42:11,999 [Thread-519] INFO  impl.RoleInfo (RoleInfo.java:shutdownFollowerState(121)) - 88a40098-18c7-4ff1-8ea1-0a965ffcf49f: shutdown FollowerState
2019-10-28 08:42:11,999 [Thread-519] INFO  impl.RaftServerImpl (RaftServerImpl.java:setRole(170)) - 88a40098-18c7-4ff1-8ea1-0a965ffcf49f@group-5A7555DB03F7: changes role from  FOLLOWER to CANDIDATE at term 0 for changeToCandidate
2019-10-28 08:42:11,999 [Thread-519] INFO  impl.RoleInfo (RoleInfo.java:updateAndGet(143)) - 88a40098-18c7-4ff1-8ea1-0a965ffcf49f: start LeaderElection
2019-10-28 08:42:12,005 [88a40098-18c7-4ff1-8ea1-0a965ffcf49f@group-31E02D1DBBA2-SegmentedRaftLogWorker] INFO  segmented.SegmentedRaftLogWorker (SegmentedRaftLogWorker.java:execute(574)) - 88a40098-18c7-4ff1-8ea1-0a965ffcf49f@group-31E02D1DBBA2-SegmentedRaftLogWorker: created new log segment /workdir/hadoop-ozone/integration-test/target/test-dir/MiniOzoneClusterImpl-1a9a2c0b-24b0-4fc1-8913-3574159d0ca2/datanode-2/data/ratis/7d50d0f1-f7e2-4ce4-b26d-31e02d1dbba2/current/log_inprogress_0
2019-10-28 08:42:12,006 [88a40098-18c7-4ff1-8ea1-0a965ffcf49f@group-5A7555DB03F7-LeaderElection15] INFO  impl.LeaderElection (LeaderElection.java:askForVotes(178)) - 88a40098-18c7-4ff1-8ea1-0a965ffcf49f@group-5A7555DB03F7-LeaderElection15: begin an election at term 1 for -1: [ba970322-65ef-4b62-a209-1a9c940431e6:192.168.34.22:37166, 2c6258b1-f6fc-4e86-9459-ad0aba7a4988:192.168.34.22:37738, 88a40098-18c7-4ff1-8ea1-0a965ffcf49f:192.168.34.22:44130], old=null
2019-10-28 08:42:12,012 [Thread-510] INFO  impl.FollowerState (FollowerState.java:run(108)) - 2c6258b1-f6fc-4e86-9459-ad0aba7a4988@group-1BFA4B776BFE-FollowerState: change to CANDIDATE, lastRpcTime:5169ms, electionTimeout:5169ms
2019-10-28 08:42:12,012 [Thread-510] INFO  impl.RoleInfo (RoleInfo.java:shutdownFollowerState(121)) - 2c6258b1-f6fc-4e86-9459-ad0aba7a4988: shutdown FollowerState
2019-10-28 08:42:12,012 [Thread-510] INFO  impl.RaftServerImpl (RaftServerImpl.java:setRole(170)) - 2c6258b1-f6fc-4e86-9459-ad0aba7a4988@group-1BFA4B776BFE: changes role from  FOLLOWER to CANDIDATE at term 0 for changeToCandidate
2019-10-28 08:42:12,012 [grpc-default-executor-1] INFO  impl.RaftServerImpl (RaftServerImpl.java:setRole(170)) - 2c6258b1-f6fc-4e86-9459-ad0aba7a4988@group-5A7555DB03F7: changes role from  FOLLOWER to FOLLOWER at term 1 for recognizeCandidate:88a40098-18c7-4ff1-8ea1-0a965ffcf49f
2019-10-28 08:42:12,012 [grpc-default-executor-2] INFO  impl.RaftServerImpl (RaftServerImpl.java:setRole(170)) - ba970322-65ef-4b62-a209-1a9c940431e6@group-5A7555DB03F7: changes role from  FOLLOWER to FOLLOWER at term 1 for recognizeCandidate:88a40098-18c7-4ff1-8ea1-0a965ffcf49f
2019-10-28 08:42:12,012 [grpc-default-executor-1] INFO  impl.RoleInfo (RoleInfo.java:shutdownFollowerState(121)) - 2c6258b1-f6fc-4e86-9459-ad0aba7a4988: shutdown FollowerState
2019-10-28 08:42:12,012 [Thread-510] INFO  impl.RoleInfo (RoleInfo.java:updateAndGet(143)) - 2c6258b1-f6fc-4e86-9459-ad0aba7a4988: start LeaderElection
2019-10-28 08:42:12,012 [grpc-default-executor-2] INFO  impl.RoleInfo (RoleInfo.java:shutdownFollowerState(121)) - ba970322-65ef-4b62-a209-1a9c940431e6: shutdown FollowerState
2019-10-28 08:42:12,012 [Thread-517] INFO  impl.FollowerState (FollowerState.java:run(117)) - 2c6258b1-f6fc-4e86-9459-ad0aba7a4988@group-5A7555DB03F7-FollowerState was interrupted: java.lang.InterruptedException: sleep interrupted
2019-10-28 08:42:12,014 [grpc-default-executor-2] INFO  impl.RoleInfo (RoleInfo.java:updateAndGet(143)) - ba970322-65ef-4b62-a209-1a9c940431e6: start FollowerState
2019-10-28 08:42:12,012 [grpc-default-executor-1] INFO  impl.RoleInfo (RoleInfo.java:updateAndGet(143)) - 2c6258b1-f6fc-4e86-9459-ad0aba7a4988: start FollowerState
2019-10-28 08:42:12,014 [Thread-520] INFO  impl.FollowerState (FollowerState.java:run(117)) - ba970322-65ef-4b62-a209-1a9c940431e6@group-5A7555DB03F7-FollowerState was interrupted: java.lang.InterruptedException: sleep interrupted
2019-10-28 08:42:12,022 [2c6258b1-f6fc-4e86-9459-ad0aba7a4988@group-1BFA4B776BFE-LeaderElection16] INFO  impl.LeaderElection (LeaderElection.java:askForVotes(178)) - 2c6258b1-f6fc-4e86-9459-ad0aba7a4988@group-1BFA4B776BFE-LeaderElection16: begin an election at term 1 for -1: [2c6258b1-f6fc-4e86-9459-ad0aba7a4988:192.168.34.22:37738], old=null
2019-10-28 08:42:12,022 [2c6258b1-f6fc-4e86-9459-ad0aba7a4988@group-1BFA4B776BFE-LeaderElection16] INFO  impl.RoleInfo (RoleInfo.java:shutdownLeaderElection(134)) - 2c6258b1-f6fc-4e86-9459-ad0aba7a4988: shutdown LeaderElection
2019-10-28 08:42:12,023 [2c6258b1-f6fc-4e86-9459-ad0aba7a4988@group-1BFA4B776BFE-LeaderElection16] INFO  impl.RaftServerImpl (RaftServerImpl.java:setRole(170)) - 2c6258b1-f6fc-4e86-9459-ad0aba7a4988@group-1BFA4B776BFE: changes role from CANDIDATE to LEADER at term 1 for changeToLeader
2019-10-28 08:42:12,023 [2c6258b1-f6fc-4e86-9459-ad0aba7a4988@group-1BFA4B776BFE-LeaderElection16] INFO  impl.RaftServerImpl (ServerState.java:setLeader(255)) - 2c6258b1-f6fc-4e86-9459-ad0aba7a4988@group-1BFA4B776BFE: change Leader from null to 2c6258b1-f6fc-4e86-9459-ad0aba7a4988 at term 1 for becomeLeader, leader elected after 5186ms
2019-10-28 08:42:12,024 [2c6258b1-f6fc-4e86-9459-ad0aba7a4988@group-1BFA4B776BFE-LeaderElection16] INFO  server.RaftServerConfigKeys (ConfUtils.java:logGet(43)) - raft.server.staging.catchup.gap = 1000 (default)
2019-10-28 08:42:12,025 [2c6258b1-f6fc-4e86-9459-ad0aba7a4988@group-1BFA4B776BFE-LeaderElection16] INFO  server.RaftServerConfigKeys (ConfUtils.java:logGet(43)) - raft.server.rpc.sleep.time = 25ms (default)
2019-10-28 08:42:12,025 [2c6258b1-f6fc-4e86-9459-ad0aba7a4988@group-1BFA4B776BFE-LeaderElection16] INFO  server.RaftServerConfigKeys (ConfUtils.java:logGet(43)) - raft.server.write.element-limit = 4096 (default)
2019-10-28 08:42:12,025 [2c6258b1-f6fc-4e86-9459-ad0aba7a4988@group-1BFA4B776BFE-LeaderElection16] INFO  server.RaftServerConfigKeys (ConfUtils.java:logGet(43)) - raft.server.watch.timeout = 10s (default)
2019-10-28 08:42:12,025 [2c6258b1-f6fc-4e86-9459-ad0aba7a4988@group-1BFA4B776BFE-LeaderElection16] INFO  server.RaftServerConfigKeys (ConfUtils.java:logGet(43)) - raft.server.watch.timeout.denomination = 1s (default)
2019-10-28 08:42:12,026 [2c6258b1-f6fc-4e86-9459-ad0aba7a4988@group-1BFA4B776BFE-LeaderElection16] INFO  server.RaftServerConfigKeys (ConfUtils.java:logGet(43)) - raft.server.watch.element-limit = 65536 (default)
2019-10-28 08:42:12,026 [88a40098-18c7-4ff1-8ea1-0a965ffcf49f@group-5A7555DB03F7-LeaderElection15] INFO  impl.LeaderElection (LeaderElection.java:logAndReturn(56)) - 88a40098-18c7-4ff1-8ea1-0a965ffcf49f@group-5A7555DB03F7-LeaderElection15: Election PASSED; received 1 response(s) [88a40098-18c7-4ff1-8ea1-0a965ffcf49f<-ba970322-65ef-4b62-a209-1a9c940431e6#0:OK-t1] and 0 exception(s); 88a40098-18c7-4ff1-8ea1-0a965ffcf49f@group-5A7555DB03F7:t1, leader=null, voted=88a40098-18c7-4ff1-8ea1-0a965ffcf49f, raftlog=88a40098-18c7-4ff1-8ea1-0a965ffcf49f@group-5A7555DB03F7-SegmentedRaftLog:OPENED:c-1,f-1,i0, conf=-1: [ba970322-65ef-4b62-a209-1a9c940431e6:192.168.34.22:37166, 2c6258b1-f6fc-4e86-9459-ad0aba7a4988:192.168.34.22:37738, 88a40098-18c7-4ff1-8ea1-0a965ffcf49f:192.168.34.22:44130], old=null
2019-10-28 08:42:12,026 [88a40098-18c7-4ff1-8ea1-0a965ffcf49f@group-5A7555DB03F7-LeaderElection15] INFO  impl.RoleInfo (RoleInfo.java:shutdownLeaderElection(134)) - 88a40098-18c7-4ff1-8ea1-0a965ffcf49f: shutdown LeaderElection
2019-10-28 08:42:12,028 [88a40098-18c7-4ff1-8ea1-0a965ffcf49f@group-5A7555DB03F7-LeaderElection15] INFO  impl.RaftServerImpl (RaftServerImpl.java:setRole(170)) - 88a40098-18c7-4ff1-8ea1-0a965ffcf49f@group-5A7555DB03F7: changes role from CANDIDATE to LEADER at term 1 for changeToLeader
2019-10-28 08:42:12,028 [88a40098-18c7-4ff1-8ea1-0a965ffcf49f@group-5A7555DB03F7-LeaderElection15] INFO  impl.RaftServerImpl (ServerState.java:setLeader(255)) - 88a40098-18c7-4ff1-8ea1-0a965ffcf49f@group-5A7555DB03F7: change Leader from null to 88a40098-18c7-4ff1-8ea1-0a965ffcf49f at term 1 for becomeLeader, leader elected after 5054ms
2019-10-28 08:42:12,028 [88a40098-18c7-4ff1-8ea1-0a965ffcf49f@group-5A7555DB03F7-LeaderElection15] INFO  server.RaftServerConfigKeys (ConfUtils.java:logGet(43)) - raft.server.staging.catchup.gap = 1000 (default)
2019-10-28 08:42:12,028 [88a40098-18c7-4ff1-8ea1-0a965ffcf49f@group-5A7555DB03F7-LeaderElection15] INFO  server.RaftServerConfigKeys (ConfUtils.java:logGet(43)) - raft.server.rpc.sleep.time = 25ms (default)
2019-10-28 08:42:12,029 [88a40098-18c7-4ff1-8ea1-0a965ffcf49f@group-5A7555DB03F7-LeaderElection15] INFO  server.RaftServerConfigKeys (ConfUtils.java:logGet(43)) - raft.server.write.element-limit = 4096 (default)
2019-10-28 08:42:12,029 [88a40098-18c7-4ff1-8ea1-0a965ffcf49f@group-5A7555DB03F7-LeaderElection15] INFO  server.RaftServerConfigKeys (ConfUtils.java:logGet(43)) - raft.server.watch.timeout = 10s (default)
2019-10-28 08:42:12,029 [88a40098-18c7-4ff1-8ea1-0a965ffcf49f@group-5A7555DB03F7-LeaderElection15] INFO  server.RaftServerConfigKeys (ConfUtils.java:logGet(43)) - raft.server.watch.timeout.denomination = 1s (default)
2019-10-28 08:42:12,029 [88a40098-18c7-4ff1-8ea1-0a965ffcf49f@group-5A7555DB03F7-LeaderElection15] INFO  server.RaftServerConfigKeys (ConfUtils.java:logGet(43)) - raft.server.watch.element-limit = 65536 (default)
2019-10-28 08:42:12,030 [2c6258b1-f6fc-4e86-9459-ad0aba7a4988@group-1BFA4B776BFE-LeaderElection16] INFO  impl.RoleInfo (RoleInfo.java:updateAndGet(143)) - 2c6258b1-f6fc-4e86-9459-ad0aba7a4988: start LeaderState
2019-10-28 08:42:12,031 [2c6258b1-f6fc-4e86-9459-ad0aba7a4988@group-1BFA4B776BFE-LeaderElection16] INFO  segmented.SegmentedRaftLogWorker (SegmentedRaftLogWorker.java:startLogSegment(385)) - 2c6258b1-f6fc-4e86-9459-ad0aba7a4988@group-1BFA4B776BFE-SegmentedRaftLogWorker: Starting segment from index:0
2019-10-28 08:42:12,032 [2c6258b1-f6fc-4e86-9459-ad0aba7a4988@group-1BFA4B776BFE-LeaderElection16] INFO  impl.RaftServerImpl (ServerState.java:setRaftConf(356)) - 2c6258b1-f6fc-4e86-9459-ad0aba7a4988@group-1BFA4B776BFE: set configuration 0: [2c6258b1-f6fc-4e86-9459-ad0aba7a4988:192.168.34.22:37738], old=null at 0
2019-10-28 08:42:12,058 [88a40098-18c7-4ff1-8ea1-0a965ffcf49f@group-5A7555DB03F7-LeaderElection15] INFO  server.RaftServerConfigKeys (ConfUtils.java:logGet(43)) - raft.server.log.appender.snapshot.chunk.size.max = 16MB (=16777216) (default)
2019-10-28 08:42:12,058 [88a40098-18c7-4ff1-8ea1-0a965ffcf49f@group-5A7555DB03F7-LeaderElection15] INFO  server.RaftServerConfigKeys (ConfUtils.java:logGet(43)) - raft.server.log.appender.buffer.byte-limit = 33554432 (custom)
2019-10-28 08:42:12,058 [88a40098-18c7-4ff1-8ea1-0a965ffcf49f@group-5A7555DB03F7-LeaderElection15] INFO  server.RaftServerConfigKeys (ConfUtils.java:logGet(43)) - raft.server.log.appender.buffer.element-limit = 1 (custom)
2019-10-28 08:42:12,059 [88a40098-18c7-4ff1-8ea1-0a965ffcf49f@group-5A7555DB03F7-LeaderElection15] INFO  grpc.GrpcConfigKeys$Server (ConfUtils.java:logGet(43)) - raft.grpc.server.leader.outstanding.appends.max = 128 (default)
2019-10-28 08:42:12,059 [88a40098-18c7-4ff1-8ea1-0a965ffcf49f@group-5A7555DB03F7-LeaderElection15] INFO  server.RaftServerConfigKeys (ConfUtils.java:logGet(43)) - raft.server.rpc.request.timeout = 3000ms (default)
2019-10-28 08:42:12,059 [88a40098-18c7-4ff1-8ea1-0a965ffcf49f@group-5A7555DB03F7-LeaderElection15] INFO  server.RaftServerConfigKeys (ConfUtils.java:logGet(43)) - raft.server.log.appender.install.snapshot.enabled = false (custom)
2019-10-28 08:42:12,059 [2c6258b1-f6fc-4e86-9459-ad0aba7a4988@group-1BFA4B776BFE-SegmentedRaftLogWorker] INFO  segmented.SegmentedRaftLogWorker (SegmentedRaftLogWorker.java:execute(574)) - 2c6258b1-f6fc-4e86-9459-ad0aba7a4988@group-1BFA4B776BFE-SegmentedRaftLogWorker: created new log segment /workdir/hadoop-ozone/integration-test/target/test-dir/MiniOzoneClusterImpl-1a9a2c0b-24b0-4fc1-8913-3574159d0ca2/datanode-1/data/ratis/f703678f-b5f5-4b08-9657-1bfa4b776bfe/current/log_inprogress_0
2019-10-28 08:42:12,059 [88a40098-18c7-4ff1-8ea1-0a965ffcf49f@group-5A7555DB03F7-LeaderElection15] INFO  server.RaftServerConfigKeys (ConfUtils.java:logGet(43)) - raft.server.log.appender.snapshot.chunk.size.max = 16MB (=16777216) (default)
2019-10-28 08:42:12,059 [88a40098-18c7-4ff1-8ea1-0a965ffcf49f@group-5A7555DB03F7-LeaderElection15] INFO  server.RaftServerConfigKeys (ConfUtils.java:logGet(43)) - raft.server.log.appender.buffer.byte-limit = 33554432 (custom)
2019-10-28 08:42:12,060 [88a40098-18c7-4ff1-8ea1-0a965ffcf49f@group-5A7555DB03F7-LeaderElection15] INFO  server.RaftServerConfigKeys (ConfUtils.java:logGet(43)) - raft.server.log.appender.buffer.element-limit = 1 (custom)
2019-10-28 08:42:12,060 [88a40098-18c7-4ff1-8ea1-0a965ffcf49f@group-5A7555DB03F7-LeaderElection15] INFO  grpc.GrpcConfigKeys$Server (ConfUtils.java:logGet(43)) - raft.grpc.server.leader.outstanding.appends.max = 128 (default)
2019-10-28 08:42:12,060 [88a40098-18c7-4ff1-8ea1-0a965ffcf49f@group-5A7555DB03F7-LeaderElection15] INFO  server.RaftServerConfigKeys (ConfUtils.java:logGet(43)) - raft.server.rpc.request.timeout = 3000ms (default)
2019-10-28 08:42:12,060 [88a40098-18c7-4ff1-8ea1-0a965ffcf49f@group-5A7555DB03F7-LeaderElection15] INFO  server.RaftServerConfigKeys (ConfUtils.java:logGet(43)) - raft.server.log.appender.install.snapshot.enabled = false (custom)
2019-10-28 08:42:12,060 [88a40098-18c7-4ff1-8ea1-0a965ffcf49f@group-5A7555DB03F7-LeaderElection15] INFO  impl.RoleInfo (RoleInfo.java:updateAndGet(143)) - 88a40098-18c7-4ff1-8ea1-0a965ffcf49f: start LeaderState
2019-10-28 08:42:12,061 [88a40098-18c7-4ff1-8ea1-0a965ffcf49f@group-5A7555DB03F7-LeaderElection15] INFO  segmented.SegmentedRaftLogWorker (SegmentedRaftLogWorker.java:startLogSegment(385)) - 88a40098-18c7-4ff1-8ea1-0a965ffcf49f@group-5A7555DB03F7-SegmentedRaftLogWorker: Starting segment from index:0
2019-10-28 08:42:12,061 [88a40098-18c7-4ff1-8ea1-0a965ffcf49f@group-5A7555DB03F7-LeaderElection15] INFO  impl.RaftServerImpl (ServerState.java:setRaftConf(356)) - 88a40098-18c7-4ff1-8ea1-0a965ffcf49f@group-5A7555DB03F7: set configuration 0: [ba970322-65ef-4b62-a209-1a9c940431e6:192.168.34.22:37166, 2c6258b1-f6fc-4e86-9459-ad0aba7a4988:192.168.34.22:37738, 88a40098-18c7-4ff1-8ea1-0a965ffcf49f:192.168.34.22:44130], old=null at 0
2019-10-28 08:42:12,090 [grpc-default-executor-1] INFO  impl.RaftServerImpl (ServerState.java:setLeader(255)) - 2c6258b1-f6fc-4e86-9459-ad0aba7a4988@group-5A7555DB03F7: change Leader from null to 88a40098-18c7-4ff1-8ea1-0a965ffcf49f at term 1 for appendEntries, leader elected after 5117ms
2019-10-28 08:42:12,090 [grpc-default-executor-2] INFO  impl.RaftServerImpl (ServerState.java:setLeader(255)) - ba970322-65ef-4b62-a209-1a9c940431e6@group-5A7555DB03F7: change Leader from null to 88a40098-18c7-4ff1-8ea1-0a965ffcf49f at term 1 for appendEntries, leader elected after 5116ms
2019-10-28 08:42:12,094 [grpc-default-executor-1] INFO  impl.RaftServerImpl (ServerState.java:setRaftConf(356)) - 2c6258b1-f6fc-4e86-9459-ad0aba7a4988@group-5A7555DB03F7: set configuration 0: [ba970322-65ef-4b62-a209-1a9c940431e6:192.168.34.22:37166, 2c6258b1-f6fc-4e86-9459-ad0aba7a4988:192.168.34.22:37738, 88a40098-18c7-4ff1-8ea1-0a965ffcf49f:192.168.34.22:44130], old=null at 0
2019-10-28 08:42:12,095 [grpc-default-executor-2] INFO  impl.RaftServerImpl (ServerState.java:setRaftConf(356)) - ba970322-65ef-4b62-a209-1a9c940431e6@group-5A7555DB03F7: set configuration 0: [ba970322-65ef-4b62-a209-1a9c940431e6:192.168.34.22:37166, 2c6258b1-f6fc-4e86-9459-ad0aba7a4988:192.168.34.22:37738, 88a40098-18c7-4ff1-8ea1-0a965ffcf49f:192.168.34.22:44130], old=null at 0
2019-10-28 08:42:12,095 [grpc-default-executor-1] INFO  segmented.SegmentedRaftLogWorker (SegmentedRaftLogWorker.java:startLogSegment(385)) - 2c6258b1-f6fc-4e86-9459-ad0aba7a4988@group-5A7555DB03F7-SegmentedRaftLogWorker: Starting segment from index:0
2019-10-28 08:42:12,095 [grpc-default-executor-2] INFO  segmented.SegmentedRaftLogWorker (SegmentedRaftLogWorker.java:startLogSegment(385)) - ba970322-65ef-4b62-a209-1a9c940431e6@group-5A7555DB03F7-SegmentedRaftLogWorker: Starting segment from index:0
2019-10-28 08:42:12,100 [88a40098-18c7-4ff1-8ea1-0a965ffcf49f@group-5A7555DB03F7-SegmentedRaftLogWorker] INFO  segmented.SegmentedRaftLogWorker (SegmentedRaftLogWorker.java:execute(574)) - 88a40098-18c7-4ff1-8ea1-0a965ffcf49f@group-5A7555DB03F7-SegmentedRaftLogWorker: created new log segment /workdir/hadoop-ozone/integration-test/target/test-dir/MiniOzoneClusterImpl-1a9a2c0b-24b0-4fc1-8913-3574159d0ca2/datanode-2/data/ratis/baf9c139-1673-460b-b61c-5a7555db03f7/current/log_inprogress_0
2019-10-28 08:42:12,140 [2c6258b1-f6fc-4e86-9459-ad0aba7a4988@group-5A7555DB03F7-SegmentedRaftLogWorker] INFO  segmented.SegmentedRaftLogWorker (SegmentedRaftLogWorker.java:execute(574)) - 2c6258b1-f6fc-4e86-9459-ad0aba7a4988@group-5A7555DB03F7-SegmentedRaftLogWorker: created new log segment /workdir/hadoop-ozone/integration-test/target/test-dir/MiniOzoneClusterImpl-1a9a2c0b-24b0-4fc1-8913-3574159d0ca2/datanode-1/data/ratis/baf9c139-1673-460b-b61c-5a7555db03f7/current/log_inprogress_0
2019-10-28 08:42:12,140 [ba970322-65ef-4b62-a209-1a9c940431e6@group-5A7555DB03F7-SegmentedRaftLogWorker] INFO  segmented.SegmentedRaftLogWorker (SegmentedRaftLogWorker.java:execute(574)) - ba970322-65ef-4b62-a209-1a9c940431e6@group-5A7555DB03F7-SegmentedRaftLogWorker: created new log segment /workdir/hadoop-ozone/integration-test/target/test-dir/MiniOzoneClusterImpl-1a9a2c0b-24b0-4fc1-8913-3574159d0ca2/datanode-0/data/ratis/baf9c139-1673-460b-b61c-5a7555db03f7/current/log_inprogress_0
2019-10-28 08:42:12,883 [Thread-333] INFO  ozoneimpl.OzoneContainer (OzoneContainer.java:stop(227)) - Attempting to stop container services.
2019-10-28 08:42:12,883 [Thread-333] INFO  impl.RaftServerProxy (RaftServerProxy.java:lambda$close$4(314)) - ba970322-65ef-4b62-a209-1a9c940431e6: close
2019-10-28 08:42:12,884 [Thread-333] INFO  impl.RaftServerImpl (RaftServerImpl.java:lambda$shutdown$3(247)) - ba970322-65ef-4b62-a209-1a9c940431e6@group-998320AA904F: shutdown
2019-10-28 08:42:12,884 [ForkJoinPool.commonPool-worker-1] INFO  impl.RaftServerImpl (RaftServerImpl.java:lambda$shutdown$3(247)) - ba970322-65ef-4b62-a209-1a9c940431e6@group-5A7555DB03F7: shutdown
2019-10-28 08:42:12,884 [Thread-333] INFO  util.JmxRegister (JmxRegister.java:unregister(73)) - Successfully un-registered JMX Bean with object name Ratis:service=RaftServer,group=group-998320AA904F,id=ba970322-65ef-4b62-a209-1a9c940431e6
2019-10-28 08:42:12,884 [ForkJoinPool.commonPool-worker-1] INFO  util.JmxRegister (JmxRegister.java:unregister(73)) - Successfully un-registered JMX Bean with object name Ratis:service=RaftServer,group=group-5A7555DB03F7,id=ba970322-65ef-4b62-a209-1a9c940431e6
2019-10-28 08:42:12,884 [Thread-333] INFO  impl.RoleInfo (RoleInfo.java:shutdownLeaderState(104)) - ba970322-65ef-4b62-a209-1a9c940431e6: shutdown LeaderState
2019-10-28 08:42:12,885 [ForkJoinPool.commonPool-worker-1] INFO  impl.RoleInfo (RoleInfo.java:shutdownFollowerState(121)) - ba970322-65ef-4b62-a209-1a9c940431e6: shutdown FollowerState
2019-10-28 08:42:12,885 [Thread-333] INFO  impl.PendingRequests (PendingRequests.java:sendNotLeaderResponses(202)) - ba970322-65ef-4b62-a209-1a9c940431e6@group-998320AA904F-PendingRequests: sendNotLeaderResponses
2019-10-28 08:42:12,885 [Thread-534] INFO  impl.FollowerState (FollowerState.java:run(117)) - ba970322-65ef-4b62-a209-1a9c940431e6@group-5A7555DB03F7-FollowerState was interrupted: java.lang.InterruptedException: sleep interrupted
2019-10-28 08:42:12,885 [ForkJoinPool.commonPool-worker-1] INFO  impl.StateMachineUpdater (StateMachineUpdater.java:stopAndJoin(136)) - ba970322-65ef-4b62-a209-1a9c940431e6@group-5A7555DB03F7-StateMachineUpdater: set stopIndex = -1
2019-10-28 08:42:12,887 [ForkJoinPool.commonPool-worker-1] INFO  impl.RaftServerImpl (ServerState.java:close(387)) - ba970322-65ef-4b62-a209-1a9c940431e6@group-5A7555DB03F7: closes. applyIndex: -1
2019-10-28 08:42:12,885 [Thread-333] INFO  impl.StateMachineUpdater (StateMachineUpdater.java:stopAndJoin(136)) - ba970322-65ef-4b62-a209-1a9c940431e6@group-998320AA904F-StateMachineUpdater: set stopIndex = 0
2019-10-28 08:42:12,890 [Thread-333] INFO  impl.RaftServerImpl (ServerState.java:close(387)) - ba970322-65ef-4b62-a209-1a9c940431e6@group-998320AA904F: closes. applyIndex: 0
2019-10-28 08:42:12,890 [ba970322-65ef-4b62-a209-1a9c940431e6@group-5A7555DB03F7-SegmentedRaftLogWorker] INFO  segmented.SegmentedRaftLogWorker (SegmentedRaftLogWorker.java:run(316)) - ba970322-65ef-4b62-a209-1a9c940431e6@group-5A7555DB03F7-SegmentedRaftLogWorker was interrupted, exiting. There are 0 tasks remaining in the queue.
2019-10-28 08:42:12,891 [ba970322-65ef-4b62-a209-1a9c940431e6@group-998320AA904F-SegmentedRaftLogWorker] INFO  segmented.SegmentedRaftLogWorker (SegmentedRaftLogWorker.java:run(316)) - ba970322-65ef-4b62-a209-1a9c940431e6@group-998320AA904F-SegmentedRaftLogWorker was interrupted, exiting. There are 0 tasks remaining in the queue.
2019-10-28 08:42:12,892 [ForkJoinPool.commonPool-worker-1] INFO  segmented.SegmentedRaftLogWorker (SegmentedRaftLogWorker.java:close(224)) - ba970322-65ef-4b62-a209-1a9c940431e6@group-5A7555DB03F7-SegmentedRaftLogWorker close()
2019-10-28 08:42:12,892 [Thread-333] INFO  segmented.SegmentedRaftLogWorker (SegmentedRaftLogWorker.java:close(224)) - ba970322-65ef-4b62-a209-1a9c940431e6@group-998320AA904F-SegmentedRaftLogWorker close()
2019-10-28 08:42:12,896 [Thread-333] INFO  server.GrpcService (GrpcService.java:closeImpl(164)) - ba970322-65ef-4b62-a209-1a9c940431e6: shutdown server with port 37166 now
2019-10-28 08:42:12,900 [grpc-default-executor-1] WARN  server.GrpcServerProtocolService (LogUtils.java:warn(134)) - ba970322-65ef-4b62-a209-1a9c940431e6: installSnapshot onError, lastRequest: 88a40098-18c7-4ff1-8ea1-0a965ffcf49f->ba970322-65ef-4b62-a209-1a9c940431e6#1-t1, previous=(t:0, i:0), leaderCommit=-1, initializing? false, entries: size=1, first=(t:1, i:0), CONFIGURATIONENTRY: org.apache.ratis.thirdparty.io.grpc.StatusRuntimeException: CANCELLED: cancelled before receiving half close
2019-10-28 08:42:12,902 [Thread-333] INFO  server.GrpcService (GrpcService.java:closeImpl(172)) - ba970322-65ef-4b62-a209-1a9c940431e6: shutdown server with port 37166 successfully
2019-10-28 08:42:12,903 [grpc-default-executor-2] WARN  server.GrpcLogAppender (LogUtils.java:warn(134)) - 88a40098-18c7-4ff1-8ea1-0a965ffcf49f@group-5A7555DB03F7->ba970322-65ef-4b62-a209-1a9c940431e6-AppendLogResponseHandler: Failed appendEntries: org.apache.ratis.thirdparty.io.grpc.StatusRuntimeException: CANCELLED: HTTP/2 error code: CANCEL
Received Rst Stream
2019-10-28 08:42:12,903 [EventQueue-StaleNodeForStaleNodeHandler] INFO  node.StaleNodeHandler (StaleNodeHandler.java:onMessage(58)) - Datanode ba970322-65ef-4b62-a209-1a9c940431e6{ip: 192.168.34.22, host: pr-hdds-1569-5jqvn-3828718746, networkLocation: /default-rack, certSerialId: null} moved to stale state. Finalizing its pipelines [PipelineID=a62941ec-323b-4990-b4c8-998320aa904f, PipelineID=baf9c139-1673-460b-b61c-5a7555db03f7]
2019-10-28 08:42:12,904 [grpc-default-executor-2] INFO  impl.FollowerInfo (FollowerInfo.java:lambda$new$0(51)) - 88a40098-18c7-4ff1-8ea1-0a965ffcf49f@group-5A7555DB03F7->ba970322-65ef-4b62-a209-1a9c940431e6: nextIndex: updateUnconditionally 1 -> 0
2019-10-28 08:42:12,904 [EventQueue-StaleNodeForStaleNodeHandler] INFO  pipeline.SCMPipelineManager (SCMPipelineManager.java:finalizeAndDestroyPipeline(310)) - destroying pipeline:Pipeline[ Id: a62941ec-323b-4990-b4c8-998320aa904f, Nodes: ba970322-65ef-4b62-a209-1a9c940431e6{ip: 192.168.34.22, host: pr-hdds-1569-5jqvn-3828718746, networkLocation: /default-rack, certSerialId: null}, Type:RATIS, Factor:ONE, State:OPEN]
2019-10-28 08:42:12,905 [EventQueue-StaleNodeForStaleNodeHandler] INFO  pipeline.PipelineStateManager (PipelineStateManager.java:finalizePipeline(123)) - Pipeline Pipeline[ Id: a62941ec-323b-4990-b4c8-998320aa904f, Nodes: ba970322-65ef-4b62-a209-1a9c940431e6{ip: 192.168.34.22, host: pr-hdds-1569-5jqvn-3828718746, networkLocation: /default-rack, certSerialId: null}, Type:RATIS, Factor:ONE, State:CLOSED] moved to CLOSED state
2019-10-28 08:42:12,906 [refreshUsed-/workdir/hadoop-ozone/integration-test/target/test-dir/MiniOzoneClusterImpl-1a9a2c0b-24b0-4fc1-8913-3574159d0ca2/datanode-0/data/containers] WARN  fs.CachingGetSpaceUsed (CachingGetSpaceUsed.java:run(183)) - Thread Interrupted waiting to refresh disk information: sleep interrupted
2019-10-28 08:42:12,908 [EventQueue-StaleNodeForStaleNodeHandler] INFO  pipeline.SCMPipelineManager (SCMPipelineManager.java:finalizeAndDestroyPipeline(310)) - destroying pipeline:Pipeline[ Id: baf9c139-1673-460b-b61c-5a7555db03f7, Nodes: 2c6258b1-f6fc-4e86-9459-ad0aba7a4988{ip: 192.168.34.22, host: pr-hdds-1569-5jqvn-3828718746, networkLocation: /default-rack, certSerialId: null}ba970322-65ef-4b62-a209-1a9c940431e6{ip: 192.168.34.22, host: pr-hdds-1569-5jqvn-3828718746, networkLocation: /default-rack, certSerialId: null}88a40098-18c7-4ff1-8ea1-0a965ffcf49f{ip: 192.168.34.22, host: pr-hdds-1569-5jqvn-3828718746, networkLocation: /default-rack, certSerialId: null}, Type:RATIS, Factor:THREE, State:OPEN]
2019-10-28 08:42:12,908 [EventQueue-StaleNodeForStaleNodeHandler] INFO  pipeline.PipelineStateManager (PipelineStateManager.java:finalizePipeline(123)) - Pipeline Pipeline[ Id: baf9c139-1673-460b-b61c-5a7555db03f7, Nodes: 2c6258b1-f6fc-4e86-9459-ad0aba7a4988{ip: 192.168.34.22, host: pr-hdds-1569-5jqvn-3828718746, networkLocation: /default-rack, certSerialId: null}ba970322-65ef-4b62-a209-1a9c940431e6{ip: 192.168.34.22, host: pr-hdds-1569-5jqvn-3828718746, networkLocation: /default-rack, certSerialId: null}88a40098-18c7-4ff1-8ea1-0a965ffcf49f{ip: 192.168.34.22, host: pr-hdds-1569-5jqvn-3828718746, networkLocation: /default-rack, certSerialId: null}, Type:RATIS, Factor:THREE, State:CLOSED] moved to CLOSED state
2019-10-28 08:42:12,917 [Thread-333] INFO  utils.BackgroundService (BackgroundService.java:shutdown(151)) - Shutting down service BlockDeletingService
2019-10-28 08:42:12,922 [Thread-333] INFO  statemachine.DatanodeStateMachine (DatanodeStateMachine.java:stopDaemon(395)) - Ozone container server stopped.
2019-10-28 08:42:12,922 [Thread-333] INFO  handler.ContextHandler (ContextHandler.java:doStop(910)) - Stopped o.e.j.w.WebAppContext@76ef2cc1{/,null,UNAVAILABLE}{/hddsDatanode}
2019-10-28 08:42:12,923 [Thread-333] INFO  server.AbstractConnector (AbstractConnector.java:doStop(318)) - Stopped ServerConnector@79c01a6b{HTTP/1.1,[http/1.1]}{0.0.0.0:0}
2019-10-28 08:42:12,923 [Thread-333] INFO  handler.ContextHandler (ContextHandler.java:doStop(910)) - Stopped o.e.j.s.ServletContextHandler@6499f82d{/static,jar:file:/home/user/.m2/repository/org/apache/hadoop/hadoop-hdds-container-service/0.5.0-SNAPSHOT/hadoop-hdds-container-service-0.5.0-SNAPSHOT.jar!/webapps/static,UNAVAILABLE}
2019-10-28 08:42:12,923 [Thread-333] INFO  handler.ContextHandler (ContextHandler.java:doStop(910)) - Stopped o.e.j.s.ServletContextHandler@2e830b7d{/logs,file:///workdir/hadoop-ozone/integration-test/target/log,UNAVAILABLE}
2019-10-28 08:42:14,666 [grpc-default-executor-0] WARN  server.GrpcLogAppender (LogUtils.java:warn(134)) - 88a40098-18c7-4ff1-8ea1-0a965ffcf49f@group-5A7555DB03F7->ba970322-65ef-4b62-a209-1a9c940431e6-AppendLogResponseHandler: Failed appendEntries: org.apache.ratis.thirdparty.io.grpc.StatusRuntimeException: UNAVAILABLE: io exception
2019-10-28 08:42:14,668 [grpc-default-executor-0] INFO  impl.FollowerInfo (FollowerInfo.java:lambda$new$0(51)) - 88a40098-18c7-4ff1-8ea1-0a965ffcf49f@group-5A7555DB03F7->ba970322-65ef-4b62-a209-1a9c940431e6: nextIndex: updateUnconditionally 0 -> 0
2019-10-28 08:42:14,797 [Datanode State Machine Thread - 0] INFO  statemachine.DatanodeStateMachine (DatanodeStateMachine.java:lambda$startDaemon$0(350)) - Ozone container server started.
2019-10-28 08:42:17,168 [grpc-default-executor-2] WARN  server.GrpcLogAppender (LogUtils.java:warn(134)) - 88a40098-18c7-4ff1-8ea1-0a965ffcf49f@group-5A7555DB03F7->ba970322-65ef-4b62-a209-1a9c940431e6-AppendLogResponseHandler: Failed appendEntries: org.apache.ratis.thirdparty.io.grpc.StatusRuntimeException: UNAVAILABLE: io exception
2019-10-28 08:42:17,171 [grpc-default-executor-2] INFO  impl.FollowerInfo (FollowerInfo.java:lambda$new$0(51)) - 88a40098-18c7-4ff1-8ea1-0a965ffcf49f@group-5A7555DB03F7->ba970322-65ef-4b62-a209-1a9c940431e6: nextIndex: updateUnconditionally 0 -> 0
2019-10-28 08:42:17,924 [Thread-333] INFO  ozoneimpl.OzoneContainer (OzoneContainer.java:stop(227)) - Attempting to stop container services.
2019-10-28 08:42:17,925 [Thread-333] INFO  impl.RaftServerProxy (RaftServerProxy.java:lambda$close$4(314)) - 2c6258b1-f6fc-4e86-9459-ad0aba7a4988: close
2019-10-28 08:42:17,925 [Thread-333] INFO  impl.RaftServerImpl (RaftServerImpl.java:lambda$shutdown$3(247)) - 2c6258b1-f6fc-4e86-9459-ad0aba7a4988@group-1BFA4B776BFE: shutdown
2019-10-28 08:42:17,926 [ForkJoinPool.commonPool-worker-0] INFO  impl.RaftServerImpl (RaftServerImpl.java:lambda$shutdown$3(247)) - 2c6258b1-f6fc-4e86-9459-ad0aba7a4988@group-5A7555DB03F7: shutdown
2019-10-28 08:42:17,926 [Thread-333] INFO  util.JmxRegister (JmxRegister.java:unregister(73)) - Successfully un-registered JMX Bean with object name Ratis:service=RaftServer,group=group-1BFA4B776BFE,id=2c6258b1-f6fc-4e86-9459-ad0aba7a4988
2019-10-28 08:42:17,926 [ForkJoinPool.commonPool-worker-0] INFO  util.JmxRegister (JmxRegister.java:unregister(73)) - Successfully un-registered JMX Bean with object name Ratis:service=RaftServer,group=group-5A7555DB03F7,id=2c6258b1-f6fc-4e86-9459-ad0aba7a4988
2019-10-28 08:42:17,926 [Thread-333] INFO  impl.RoleInfo (RoleInfo.java:shutdownLeaderState(104)) - 2c6258b1-f6fc-4e86-9459-ad0aba7a4988: shutdown LeaderState
2019-10-28 08:42:17,926 [ForkJoinPool.commonPool-worker-0] INFO  impl.RoleInfo (RoleInfo.java:shutdownFollowerState(121)) - 2c6258b1-f6fc-4e86-9459-ad0aba7a4988: shutdown FollowerState
2019-10-28 08:42:17,926 [Thread-333] INFO  impl.PendingRequests (PendingRequests.java:sendNotLeaderResponses(202)) - 2c6258b1-f6fc-4e86-9459-ad0aba7a4988@group-1BFA4B776BFE-PendingRequests: sendNotLeaderResponses
2019-10-28 08:42:17,927 [Thread-533] INFO  impl.FollowerState (FollowerState.java:run(117)) - 2c6258b1-f6fc-4e86-9459-ad0aba7a4988@group-5A7555DB03F7-FollowerState was interrupted: java.lang.InterruptedException: sleep interrupted
2019-10-28 08:42:17,927 [ForkJoinPool.commonPool-worker-0] INFO  impl.StateMachineUpdater (StateMachineUpdater.java:stopAndJoin(136)) - 2c6258b1-f6fc-4e86-9459-ad0aba7a4988@group-5A7555DB03F7-StateMachineUpdater: set stopIndex = 0
2019-10-28 08:42:17,929 [Thread-333] INFO  impl.StateMachineUpdater (StateMachineUpdater.java:stopAndJoin(136)) - 2c6258b1-f6fc-4e86-9459-ad0aba7a4988@group-1BFA4B776BFE-StateMachineUpdater: set stopIndex = 0
2019-10-28 08:42:17,929 [ForkJoinPool.commonPool-worker-0] INFO  impl.RaftServerImpl (ServerState.java:close(387)) - 2c6258b1-f6fc-4e86-9459-ad0aba7a4988@group-5A7555DB03F7: closes. applyIndex: 0
2019-10-28 08:42:17,929 [Thread-333] INFO  impl.RaftServerImpl (ServerState.java:close(387)) - 2c6258b1-f6fc-4e86-9459-ad0aba7a4988@group-1BFA4B776BFE: closes. applyIndex: 0
2019-10-28 08:42:17,929 [2c6258b1-f6fc-4e86-9459-ad0aba7a4988@group-5A7555DB03F7-SegmentedRaftLogWorker] INFO  segmented.SegmentedRaftLogWorker (SegmentedRaftLogWorker.java:run(316)) - 2c6258b1-f6fc-4e86-9459-ad0aba7a4988@group-5A7555DB03F7-SegmentedRaftLogWorker was interrupted, exiting. There are 0 tasks remaining in the queue.
2019-10-28 08:42:17,929 [2c6258b1-f6fc-4e86-9459-ad0aba7a4988@group-1BFA4B776BFE-SegmentedRaftLogWorker] INFO  segmented.SegmentedRaftLogWorker (SegmentedRaftLogWorker.java:run(316)) - 2c6258b1-f6fc-4e86-9459-ad0aba7a4988@group-1BFA4B776BFE-SegmentedRaftLogWorker was interrupted, exiting. There are 0 tasks remaining in the queue.
2019-10-28 08:42:17,931 [ForkJoinPool.commonPool-worker-0] INFO  segmented.SegmentedRaftLogWorker (SegmentedRaftLogWorker.java:close(224)) - 2c6258b1-f6fc-4e86-9459-ad0aba7a4988@group-5A7555DB03F7-SegmentedRaftLogWorker close()
2019-10-28 08:42:17,931 [Thread-333] INFO  segmented.SegmentedRaftLogWorker (SegmentedRaftLogWorker.java:close(224)) - 2c6258b1-f6fc-4e86-9459-ad0aba7a4988@group-1BFA4B776BFE-SegmentedRaftLogWorker close()
2019-10-28 08:42:17,933 [Thread-333] INFO  server.GrpcService (GrpcService.java:closeImpl(164)) - 2c6258b1-f6fc-4e86-9459-ad0aba7a4988: shutdown server with port 37738 now
2019-10-28 08:42:17,935 [grpc-default-executor-1] WARN  server.GrpcServerProtocolService (LogUtils.java:warn(134)) - 2c6258b1-f6fc-4e86-9459-ad0aba7a4988: installSnapshot onError, lastRequest: 88a40098-18c7-4ff1-8ea1-0a965ffcf49f->2c6258b1-f6fc-4e86-9459-ad0aba7a4988#3-t1, previous=(t:1, i:0), leaderCommit=0, initializing? false, entries: <empty>: org.apache.ratis.thirdparty.io.grpc.StatusRuntimeException: CANCELLED: cancelled before receiving half close
2019-10-28 08:42:17,935 [Thread-333] INFO  server.GrpcService (GrpcService.java:closeImpl(172)) - 2c6258b1-f6fc-4e86-9459-ad0aba7a4988: shutdown server with port 37738 successfully
2019-10-28 08:42:17,936 [grpc-default-executor-2] WARN  server.GrpcLogAppender (LogUtils.java:warn(134)) - 88a40098-18c7-4ff1-8ea1-0a965ffcf49f@group-5A7555DB03F7->2c6258b1-f6fc-4e86-9459-ad0aba7a4988-AppendLogResponseHandler: Failed appendEntries: org.apache.ratis.thirdparty.io.grpc.StatusRuntimeException: CANCELLED: HTTP/2 error code: CANCEL
Received Rst Stream
2019-10-28 08:42:17,937 [grpc-default-executor-2] INFO  impl.FollowerInfo (FollowerInfo.java:lambda$new$0(51)) - 88a40098-18c7-4ff1-8ea1-0a965ffcf49f@group-5A7555DB03F7->2c6258b1-f6fc-4e86-9459-ad0aba7a4988: nextIndex: updateUnconditionally 1 -> 0
2019-10-28 08:42:17,941 [refreshUsed-/workdir/hadoop-ozone/integration-test/target/test-dir/MiniOzoneClusterImpl-1a9a2c0b-24b0-4fc1-8913-3574159d0ca2/datanode-1/data/containers] WARN  fs.CachingGetSpaceUsed (CachingGetSpaceUsed.java:run(183)) - Thread Interrupted waiting to refresh disk information: sleep interrupted
2019-10-28 08:42:17,961 [Thread-333] INFO  utils.BackgroundService (BackgroundService.java:shutdown(151)) - Shutting down service BlockDeletingService
2019-10-28 08:42:17,965 [Thread-333] INFO  statemachine.DatanodeStateMachine (DatanodeStateMachine.java:stopDaemon(395)) - Ozone container server stopped.
2019-10-28 08:42:17,966 [Thread-333] INFO  handler.ContextHandler (ContextHandler.java:doStop(910)) - Stopped o.e.j.w.WebAppContext@b1e673f{/,null,UNAVAILABLE}{/hddsDatanode}
2019-10-28 08:42:17,967 [Thread-333] INFO  server.AbstractConnector (AbstractConnector.java:doStop(318)) - Stopped ServerConnector@7f4903e8{HTTP/1.1,[http/1.1]}{0.0.0.0:0}
2019-10-28 08:42:17,968 [Thread-333] INFO  handler.ContextHandler (ContextHandler.java:doStop(910)) - Stopped o.e.j.s.ServletContextHandler@3be6965c{/static,jar:file:/home/user/.m2/repository/org/apache/hadoop/hadoop-hdds-container-service/0.5.0-SNAPSHOT/hadoop-hdds-container-service-0.5.0-SNAPSHOT.jar!/webapps/static,UNAVAILABLE}
2019-10-28 08:42:17,968 [Thread-333] INFO  handler.ContextHandler (ContextHandler.java:doStop(910)) - Stopped o.e.j.s.ServletContextHandler@609949d{/logs,file:///workdir/hadoop-ozone/integration-test/target/log,UNAVAILABLE}
2019-10-28 08:42:18,880 [Datanode State Machine Thread - 0] INFO  statemachine.DatanodeStateMachine (DatanodeStateMachine.java:lambda$startDaemon$0(350)) - Ozone container server started.
2019-10-28 08:42:18,904 [EventQueue-StaleNodeForStaleNodeHandler] INFO  node.StaleNodeHandler (StaleNodeHandler.java:onMessage(58)) - Datanode 2c6258b1-f6fc-4e86-9459-ad0aba7a4988{ip: 192.168.34.22, host: pr-hdds-1569-5jqvn-3828718746, networkLocation: /default-rack, certSerialId: null} moved to stale state. Finalizing its pipelines [PipelineID=f703678f-b5f5-4b08-9657-1bfa4b776bfe, PipelineID=baf9c139-1673-460b-b61c-5a7555db03f7]
2019-10-28 08:42:18,904 [EventQueue-StaleNodeForStaleNodeHandler] INFO  pipeline.SCMPipelineManager (SCMPipelineManager.java:finalizeAndDestroyPipeline(310)) - destroying pipeline:Pipeline[ Id: f703678f-b5f5-4b08-9657-1bfa4b776bfe, Nodes: 2c6258b1-f6fc-4e86-9459-ad0aba7a4988{ip: 192.168.34.22, host: pr-hdds-1569-5jqvn-3828718746, networkLocation: /default-rack, certSerialId: null}, Type:RATIS, Factor:ONE, State:OPEN]
2019-10-28 08:42:18,905 [EventQueue-StaleNodeForStaleNodeHandler] INFO  pipeline.PipelineStateManager (PipelineStateManager.java:finalizePipeline(123)) - Pipeline Pipeline[ Id: f703678f-b5f5-4b08-9657-1bfa4b776bfe, Nodes: 2c6258b1-f6fc-4e86-9459-ad0aba7a4988{ip: 192.168.34.22, host: pr-hdds-1569-5jqvn-3828718746, networkLocation: /default-rack, certSerialId: null}, Type:RATIS, Factor:ONE, State:CLOSED] moved to CLOSED state
2019-10-28 08:42:18,905 [EventQueue-StaleNodeForStaleNodeHandler] INFO  pipeline.SCMPipelineManager (SCMPipelineManager.java:finalizeAndDestroyPipeline(310)) - destroying pipeline:Pipeline[ Id: baf9c139-1673-460b-b61c-5a7555db03f7, Nodes: 2c6258b1-f6fc-4e86-9459-ad0aba7a4988{ip: 192.168.34.22, host: pr-hdds-1569-5jqvn-3828718746, networkLocation: /default-rack, certSerialId: null}ba970322-65ef-4b62-a209-1a9c940431e6{ip: 192.168.34.22, host: pr-hdds-1569-5jqvn-3828718746, networkLocation: /default-rack, certSerialId: null}88a40098-18c7-4ff1-8ea1-0a965ffcf49f{ip: 192.168.34.22, host: pr-hdds-1569-5jqvn-3828718746, networkLocation: /default-rack, certSerialId: null}, Type:RATIS, Factor:THREE, State:CLOSED]
2019-10-28 08:42:19,669 [grpc-default-executor-0] WARN  server.GrpcLogAppender (LogUtils.java:warn(134)) - 88a40098-18c7-4ff1-8ea1-0a965ffcf49f@group-5A7555DB03F7->ba970322-65ef-4b62-a209-1a9c940431e6-AppendLogResponseHandler: Failed appendEntries: org.apache.ratis.thirdparty.io.grpc.StatusRuntimeException: UNAVAILABLE: io exception
2019-10-28 08:42:19,671 [grpc-default-executor-0] INFO  impl.FollowerInfo (FollowerInfo.java:lambda$new$0(51)) - 88a40098-18c7-4ff1-8ea1-0a965ffcf49f@group-5A7555DB03F7->ba970322-65ef-4b62-a209-1a9c940431e6: nextIndex: updateUnconditionally 0 -> 0
2019-10-28 08:42:19,677 [grpc-default-executor-1] WARN  server.GrpcLogAppender (LogUtils.java:warn(134)) - 88a40098-18c7-4ff1-8ea1-0a965ffcf49f@group-5A7555DB03F7->2c6258b1-f6fc-4e86-9459-ad0aba7a4988-AppendLogResponseHandler: Failed appendEntries: org.apache.ratis.thirdparty.io.grpc.StatusRuntimeException: UNAVAILABLE: io exception
2019-10-28 08:42:19,679 [grpc-default-executor-1] INFO  impl.FollowerInfo (FollowerInfo.java:lambda$new$0(51)) - 88a40098-18c7-4ff1-8ea1-0a965ffcf49f@group-5A7555DB03F7->2c6258b1-f6fc-4e86-9459-ad0aba7a4988: nextIndex: updateUnconditionally 0 -> 0
2019-10-28 08:42:22,170 [grpc-default-executor-2] WARN  server.GrpcLogAppender (LogUtils.java:warn(134)) - 88a40098-18c7-4ff1-8ea1-0a965ffcf49f@group-5A7555DB03F7->ba970322-65ef-4b62-a209-1a9c940431e6-AppendLogResponseHandler: Failed appendEntries: org.apache.ratis.thirdparty.io.grpc.StatusRuntimeException: UNAVAILABLE: io exception
2019-10-28 08:42:22,172 [grpc-default-executor-2] INFO  impl.FollowerInfo (FollowerInfo.java:lambda$new$0(51)) - 88a40098-18c7-4ff1-8ea1-0a965ffcf49f@group-5A7555DB03F7->ba970322-65ef-4b62-a209-1a9c940431e6: nextIndex: updateUnconditionally 0 -> 0
2019-10-28 08:42:22,178 [grpc-default-executor-2] WARN  server.GrpcLogAppender (LogUtils.java:warn(134)) - 88a40098-18c7-4ff1-8ea1-0a965ffcf49f@group-5A7555DB03F7->2c6258b1-f6fc-4e86-9459-ad0aba7a4988-AppendLogResponseHandler: Failed appendEntries: org.apache.ratis.thirdparty.io.grpc.StatusRuntimeException: UNAVAILABLE: io exception
2019-10-28 08:42:22,179 [grpc-default-executor-2] INFO  impl.FollowerInfo (FollowerInfo.java:lambda$new$0(51)) - 88a40098-18c7-4ff1-8ea1-0a965ffcf49f@group-5A7555DB03F7->2c6258b1-f6fc-4e86-9459-ad0aba7a4988: nextIndex: updateUnconditionally 0 -> 0
2019-10-28 08:42:22,905 [EventQueue-StaleNodeForStaleNodeHandler] INFO  node.StaleNodeHandler (StaleNodeHandler.java:onMessage(58)) - Datanode 88a40098-18c7-4ff1-8ea1-0a965ffcf49f{ip: 192.168.34.22, host: pr-hdds-1569-5jqvn-3828718746, networkLocation: /default-rack, certSerialId: null} moved to stale state. Finalizing its pipelines [PipelineID=7d50d0f1-f7e2-4ce4-b26d-31e02d1dbba2, PipelineID=baf9c139-1673-460b-b61c-5a7555db03f7]
2019-10-28 08:42:22,905 [EventQueue-StaleNodeForStaleNodeHandler] INFO  pipeline.SCMPipelineManager (SCMPipelineManager.java:finalizeAndDestroyPipeline(310)) - destroying pipeline:Pipeline[ Id: 7d50d0f1-f7e2-4ce4-b26d-31e02d1dbba2, Nodes: 88a40098-18c7-4ff1-8ea1-0a965ffcf49f{ip: 192.168.34.22, host: pr-hdds-1569-5jqvn-3828718746, networkLocation: /default-rack, certSerialId: null}, Type:RATIS, Factor:ONE, State:OPEN]
2019-10-28 08:42:22,905 [EventQueue-StaleNodeForStaleNodeHandler] INFO  pipeline.PipelineStateManager (PipelineStateManager.java:finalizePipeline(123)) - Pipeline Pipeline[ Id: 7d50d0f1-f7e2-4ce4-b26d-31e02d1dbba2, Nodes: 88a40098-18c7-4ff1-8ea1-0a965ffcf49f{ip: 192.168.34.22, host: pr-hdds-1569-5jqvn-3828718746, networkLocation: /default-rack, certSerialId: null}, Type:RATIS, Factor:ONE, State:CLOSED] moved to CLOSED state
2019-10-28 08:42:22,906 [EventQueue-StaleNodeForStaleNodeHandler] INFO  pipeline.SCMPipelineManager (SCMPipelineManager.java:finalizeAndDestroyPipeline(310)) - destroying pipeline:Pipeline[ Id: baf9c139-1673-460b-b61c-5a7555db03f7, Nodes: 2c6258b1-f6fc-4e86-9459-ad0aba7a4988{ip: 192.168.34.22, host: pr-hdds-1569-5jqvn-3828718746, networkLocation: /default-rack, certSerialId: null}ba970322-65ef-4b62-a209-1a9c940431e6{ip: 192.168.34.22, host: pr-hdds-1569-5jqvn-3828718746, networkLocation: /default-rack, certSerialId: null}88a40098-18c7-4ff1-8ea1-0a965ffcf49f{ip: 192.168.34.22, host: pr-hdds-1569-5jqvn-3828718746, networkLocation: /default-rack, certSerialId: null}, Type:RATIS, Factor:THREE, State:CLOSED]
2019-10-28 08:42:22,969 [Thread-333] INFO  ozoneimpl.OzoneContainer (OzoneContainer.java:stop(227)) - Attempting to stop container services.
2019-10-28 08:42:22,970 [Thread-333] INFO  impl.RaftServerProxy (RaftServerProxy.java:lambda$close$4(314)) - 88a40098-18c7-4ff1-8ea1-0a965ffcf49f: close
2019-10-28 08:42:22,971 [Thread-333] INFO  impl.RaftServerImpl (RaftServerImpl.java:lambda$shutdown$3(247)) - 88a40098-18c7-4ff1-8ea1-0a965ffcf49f@group-31E02D1DBBA2: shutdown
2019-10-28 08:42:22,972 [ForkJoinPool.commonPool-worker-1] INFO  impl.RaftServerImpl (RaftServerImpl.java:lambda$shutdown$3(247)) - 88a40098-18c7-4ff1-8ea1-0a965ffcf49f@group-5A7555DB03F7: shutdown
2019-10-28 08:42:22,973 [Thread-333] INFO  util.JmxRegister (JmxRegister.java:unregister(73)) - Successfully un-registered JMX Bean with object name Ratis:service=RaftServer,group=group-31E02D1DBBA2,id=88a40098-18c7-4ff1-8ea1-0a965ffcf49f
2019-10-28 08:42:22,973 [ForkJoinPool.commonPool-worker-1] INFO  util.JmxRegister (JmxRegister.java:unregister(73)) - Successfully un-registered JMX Bean with object name Ratis:service=RaftServer,group=group-5A7555DB03F7,id=88a40098-18c7-4ff1-8ea1-0a965ffcf49f
2019-10-28 08:42:22,973 [ForkJoinPool.commonPool-worker-1] INFO  impl.RoleInfo (RoleInfo.java:shutdownLeaderState(104)) - 88a40098-18c7-4ff1-8ea1-0a965ffcf49f: shutdown LeaderState
2019-10-28 08:42:22,973 [Thread-333] INFO  impl.RoleInfo (RoleInfo.java:shutdownLeaderState(104)) - 88a40098-18c7-4ff1-8ea1-0a965ffcf49f: shutdown LeaderState
2019-10-28 08:42:22,974 [org.apache.ratis.server.impl.LogAppender$AppenderDaemon$$Lambda$477/1961568181@6c767f99] WARN  server.GrpcLogAppender (GrpcLogAppender.java:mayWait(143)) - 88a40098-18c7-4ff1-8ea1-0a965ffcf49f@group-5A7555DB03F7->2c6258b1-f6fc-4e86-9459-ad0aba7a4988-GrpcLogAppender: Wait interrupted by java.lang.InterruptedException
2019-10-28 08:42:22,974 [Thread-333] INFO  impl.PendingRequests (PendingRequests.java:sendNotLeaderResponses(202)) - 88a40098-18c7-4ff1-8ea1-0a965ffcf49f@group-31E02D1DBBA2-PendingRequests: sendNotLeaderResponses
2019-10-28 08:42:22,974 [org.apache.ratis.server.impl.LogAppender$AppenderDaemon$$Lambda$477/1961568181@4e0e91bc] WARN  server.GrpcLogAppender (GrpcLogAppender.java:mayWait(143)) - 88a40098-18c7-4ff1-8ea1-0a965ffcf49f@group-5A7555DB03F7->ba970322-65ef-4b62-a209-1a9c940431e6-GrpcLogAppender: Wait interrupted by java.lang.InterruptedException
2019-10-28 08:42:22,975 [ForkJoinPool.commonPool-worker-1] INFO  impl.PendingRequests (PendingRequests.java:sendNotLeaderResponses(202)) - 88a40098-18c7-4ff1-8ea1-0a965ffcf49f@group-5A7555DB03F7-PendingRequests: sendNotLeaderResponses
2019-10-28 08:42:22,975 [Thread-333] INFO  impl.StateMachineUpdater (StateMachineUpdater.java:stopAndJoin(136)) - 88a40098-18c7-4ff1-8ea1-0a965ffcf49f@group-31E02D1DBBA2-StateMachineUpdater: set stopIndex = 0
2019-10-28 08:42:22,975 [ForkJoinPool.commonPool-worker-1] INFO  impl.StateMachineUpdater (StateMachineUpdater.java:stopAndJoin(136)) - 88a40098-18c7-4ff1-8ea1-0a965ffcf49f@group-5A7555DB03F7-StateMachineUpdater: set stopIndex = 0
2019-10-28 08:42:22,975 [Thread-333] INFO  impl.RaftServerImpl (ServerState.java:close(387)) - 88a40098-18c7-4ff1-8ea1-0a965ffcf49f@group-31E02D1DBBA2: closes. applyIndex: 0
2019-10-28 08:42:22,975 [ForkJoinPool.commonPool-worker-1] INFO  impl.RaftServerImpl (ServerState.java:close(387)) - 88a40098-18c7-4ff1-8ea1-0a965ffcf49f@group-5A7555DB03F7: closes. applyIndex: 0
2019-10-28 08:42:22,976 [88a40098-18c7-4ff1-8ea1-0a965ffcf49f@group-31E02D1DBBA2-SegmentedRaftLogWorker] INFO  segmented.SegmentedRaftLogWorker (SegmentedRaftLogWorker.java:run(316)) - 88a40098-18c7-4ff1-8ea1-0a965ffcf49f@group-31E02D1DBBA2-SegmentedRaftLogWorker was interrupted, exiting. There are 0 tasks remaining in the queue.
2019-10-28 08:42:22,976 [88a40098-18c7-4ff1-8ea1-0a965ffcf49f@group-5A7555DB03F7-SegmentedRaftLogWorker] INFO  segmented.SegmentedRaftLogWorker (SegmentedRaftLogWorker.java:run(316)) - 88a40098-18c7-4ff1-8ea1-0a965ffcf49f@group-5A7555DB03F7-SegmentedRaftLogWorker was interrupted, exiting. There are 0 tasks remaining in the queue.
2019-10-28 08:42:22,976 [Thread-333] INFO  segmented.SegmentedRaftLogWorker (SegmentedRaftLogWorker.java:close(224)) - 88a40098-18c7-4ff1-8ea1-0a965ffcf49f@group-31E02D1DBBA2-SegmentedRaftLogWorker close()
2019-10-28 08:42:22,977 [ForkJoinPool.commonPool-worker-1] INFO  segmented.SegmentedRaftLogWorker (SegmentedRaftLogWorker.java:close(224)) - 88a40098-18c7-4ff1-8ea1-0a965ffcf49f@group-5A7555DB03F7-SegmentedRaftLogWorker close()
2019-10-28 08:42:22,978 [Thread-333] INFO  server.GrpcService (GrpcService.java:closeImpl(164)) - 88a40098-18c7-4ff1-8ea1-0a965ffcf49f: shutdown server with port 44130 now
2019-10-28 08:42:22,978 [Thread-333] INFO  server.GrpcService (GrpcService.java:closeImpl(172)) - 88a40098-18c7-4ff1-8ea1-0a965ffcf49f: shutdown server with port 44130 successfully
2019-10-28 08:42:22,980 [refreshUsed-/workdir/hadoop-ozone/integration-test/target/test-dir/MiniOzoneClusterImpl-1a9a2c0b-24b0-4fc1-8913-3574159d0ca2/datanode-2/data/containers] WARN  fs.CachingGetSpaceUsed (CachingGetSpaceUsed.java:run(183)) - Thread Interrupted waiting to refresh disk information: sleep interrupted
2019-10-28 08:42:22,995 [Thread-333] INFO  utils.BackgroundService (BackgroundService.java:shutdown(151)) - Shutting down service BlockDeletingService
2019-10-28 08:42:22,997 [Thread-333] INFO  statemachine.DatanodeStateMachine (DatanodeStateMachine.java:stopDaemon(395)) - Ozone container server stopped.
2019-10-28 08:42:22,998 [Thread-333] INFO  handler.ContextHandler (ContextHandler.java:doStop(910)) - Stopped o.e.j.w.WebAppContext@56d9a08{/,null,UNAVAILABLE}{/hddsDatanode}
2019-10-28 08:42:22,998 [Thread-333] INFO  server.AbstractConnector (AbstractConnector.java:doStop(318)) - Stopped ServerConnector@3373468d{HTTP/1.1,[http/1.1]}{0.0.0.0:0}
2019-10-28 08:42:22,998 [Thread-333] INFO  handler.ContextHandler (ContextHandler.java:doStop(910)) - Stopped o.e.j.s.ServletContextHandler@3159b7{/static,jar:file:/home/user/.m2/repository/org/apache/hadoop/hadoop-hdds-container-service/0.5.0-SNAPSHOT/hadoop-hdds-container-service-0.5.0-SNAPSHOT.jar!/webapps/static,UNAVAILABLE}
2019-10-28 08:42:22,999 [Thread-333] INFO  handler.ContextHandler (ContextHandler.java:doStop(910)) - Stopped o.e.j.s.ServletContextHandler@23a4bc58{/logs,file:///workdir/hadoop-ozone/integration-test/target/log,UNAVAILABLE}
2019-10-28 08:42:23,000 [Thread-333] ERROR pipeline.PipelinePlacementPolicy (PipelinePlacementPolicy.java:filterViableNodes(148)) - No healthy node found to allocate pipeline.
2019-10-28 08:42:23,000 [Thread-333] ERROR pipeline.SCMPipelineManager (SCMPipelineManager.java:createPipeline(161)) - Pipeline creation failed.
org.apache.hadoop.hdds.scm.exceptions.SCMException: No healthy node found to allocate pipeline.
	at org.apache.hadoop.hdds.scm.pipeline.PipelinePlacementPolicy.filterViableNodes(PipelinePlacementPolicy.java:149)
	at org.apache.hadoop.hdds.scm.pipeline.PipelinePlacementPolicy.chooseDatanodes(PipelinePlacementPolicy.java:199)
	at org.apache.hadoop.hdds.scm.pipeline.RatisPipelineProvider.create(RatisPipelineProvider.java:177)
	at org.apache.hadoop.hdds.scm.pipeline.PipelineFactory.create(PipelineFactory.java:58)
	at org.apache.hadoop.hdds.scm.pipeline.SCMPipelineManager.createPipeline(SCMPipelineManager.java:151)
	at org.apache.hadoop.hdds.scm.pipeline.TestRatisPipelineCreateAndDestroy.testPipelineCreationOnNodeRestart(TestRatisPipelineCreateAndDestroy.java:105)
	at sun.reflect.NativeMethodAccessorImpl.invoke0(Native Method)
	at sun.reflect.NativeMethodAccessorImpl.invoke(NativeMethodAccessorImpl.java:62)
	at sun.reflect.DelegatingMethodAccessorImpl.invoke(DelegatingMethodAccessorImpl.java:43)
	at java.lang.reflect.Method.invoke(Method.java:498)
	at org.junit.runners.model.FrameworkMethod$1.runReflectiveCall(FrameworkMethod.java:47)
	at org.junit.internal.runners.model.ReflectiveCallable.run(ReflectiveCallable.java:12)
	at org.junit.runners.model.FrameworkMethod.invokeExplosively(FrameworkMethod.java:44)
	at org.junit.internal.runners.statements.InvokeMethod.evaluate(InvokeMethod.java:17)
	at org.junit.internal.runners.statements.FailOnTimeout$StatementThread.run(FailOnTimeout.java:74)
2019-10-28 08:42:23,001 [main] INFO  ozone.MiniOzoneClusterImpl (MiniOzoneClusterImpl.java:shutdown(314)) - Shutting down the Mini Ozone Cluster
2019-10-28 08:42:23,001 [main] INFO  ozone.MiniOzoneClusterImpl (MiniOzoneClusterImpl.java:stop(330)) - Stopping the Mini Ozone Cluster
2019-10-28 08:42:23,002 [main] INFO  ozone.MiniOzoneClusterImpl (MiniOzoneClusterImpl.java:stopOM(400)) - Stopping the OzoneManager
2019-10-28 08:42:23,002 [main] INFO  ipc.Server (Server.java:stop(3082)) - Stopping server on 41003
2019-10-28 08:42:23,006 [IPC Server listener on 41003] INFO  ipc.Server (Server.java:run(1185)) - Stopping IPC Server listener on 41003
2019-10-28 08:42:23,006 [main] INFO  ratis.OzoneManagerDoubleBuffer (OzoneManagerDoubleBuffer.java:stop(250)) - Stopping OMDoubleBuffer flush thread
2019-10-28 08:42:23,006 [IPC Server Responder] INFO  ipc.Server (Server.java:run(1319)) - Stopping IPC Server Responder
2019-10-28 08:42:23,012 [OMDoubleBufferFlushThread] INFO  ratis.OzoneManagerDoubleBuffer (OzoneManagerDoubleBuffer.java:flushTransactions(193)) - OMDoubleBuffer flush thread OMDoubleBufferFlushThread is interrupted and will exit. OMDoubleBufferFlushThread
2019-10-28 08:42:23,013 [main] INFO  utils.BackgroundService (BackgroundService.java:shutdown(151)) - Shutting down service KeyDeletingService
2019-10-28 08:42:23,015 [main] INFO  handler.ContextHandler (ContextHandler.java:doStop(910)) - Stopped o.e.j.w.WebAppContext@1a92309a{/,null,UNAVAILABLE}{/ozoneManager}
2019-10-28 08:42:23,016 [main] INFO  server.AbstractConnector (AbstractConnector.java:doStop(318)) - Stopped ServerConnector@6cea01e{HTTP/1.1,[http/1.1]}{0.0.0.0:0}
2019-10-28 08:42:23,019 [main] INFO  handler.ContextHandler (ContextHandler.java:doStop(910)) - Stopped o.e.j.s.ServletContextHandler@42363499{/static,file:///workdir/hadoop-ozone/integration-test/target/test-classes/webapps/static,UNAVAILABLE}
2019-10-28 08:42:23,019 [main] INFO  handler.ContextHandler (ContextHandler.java:doStop(910)) - Stopped o.e.j.s.ServletContextHandler@69d30885{/logs,file:///workdir/hadoop-ozone/integration-test/target/log,UNAVAILABLE}
2019-10-28 08:42:23,022 [main] INFO  ozone.MiniOzoneClusterImpl (MiniOzoneClusterImpl.java:stopDatanodes(377)) - Stopping the HddsDatanodes
2019-10-28 08:42:23,023 [main] INFO  ozone.MiniOzoneClusterImpl (MiniOzoneClusterImpl.java:stopSCM(392)) - Stopping the StorageContainerManager
2019-10-28 08:42:23,023 [main] INFO  server.StorageContainerManager (StorageContainerManager.java:stop(810)) - Stopping Replication Manager Service.
2019-10-28 08:42:23,023 [main] INFO  container.ReplicationManager (ReplicationManager.java:stop(204)) - Stopping Replication Monitor Thread.
2019-10-28 08:42:23,023 [main] INFO  server.StorageContainerManager (StorageContainerManager.java:stop(817)) - Stopping Lease Manager of the command watchers
2019-10-28 08:42:23,023 [main] INFO  server.StorageContainerManager (StorageContainerManager.java:stop(824)) - Stopping datanode service RPC server
2019-10-28 08:42:23,023 [main] INFO  server.SCMDatanodeProtocolServer (SCMDatanodeProtocolServer.java:stop(346)) - Stopping the RPC server for DataNodes
2019-10-28 08:42:23,024 [main] INFO  ipc.Server (Server.java:stop(3082)) - Stopping server on 34883
2019-10-28 08:42:23,025 [IPC Server listener on 34883] INFO  ipc.Server (Server.java:run(1185)) - Stopping IPC Server listener on 34883
2019-10-28 08:42:23,025 [IPC Server Responder] INFO  ipc.Server (Server.java:run(1319)) - Stopping IPC Server Responder
2019-10-28 08:42:23,905 [SCM Heartbeat Processing Thread - 0] WARN  node.NodeStateManager (NodeStateManager.java:scheduleNextHealthCheck(655)) - Current Thread is interrupted, shutting down HB processing thread for Node Manager.
2019-10-28 08:42:23,906 [main] INFO  server.StorageContainerManager (StorageContainerManager.java:stop(832)) - Stopping block service RPC server
2019-10-28 08:42:23,906 [main] INFO  server.SCMBlockProtocolServer (SCMBlockProtocolServer.java:stop(155)) - Stopping the RPC server for Block Protocol
2019-10-28 08:42:23,907 [main] INFO  ipc.Server (Server.java:stop(3082)) - Stopping server on 35354
2019-10-28 08:42:23,908 [main] INFO  server.StorageContainerManager (StorageContainerManager.java:stop(839)) - Stopping the StorageContainerLocationProtocol RPC server
2019-10-28 08:42:23,909 [IPC Server Responder] INFO  ipc.Server (Server.java:run(1319)) - Stopping IPC Server Responder
2019-10-28 08:42:23,909 [IPC Server listener on 35354] INFO  ipc.Server (Server.java:run(1185)) - Stopping IPC Server listener on 35354
2019-10-28 08:42:23,909 [main] INFO  server.SCMClientProtocolServer (SCMClientProtocolServer.java:stop(168)) - Stopping the RPC server for Client Protocol
2019-10-28 08:42:23,910 [main] INFO  ipc.Server (Server.java:stop(3082)) - Stopping server on 38693
2019-10-28 08:42:23,911 [IPC Server listener on 38693] INFO  ipc.Server (Server.java:run(1185)) - Stopping IPC Server listener on 38693
2019-10-28 08:42:23,911 [IPC Server Responder] INFO  ipc.Server (Server.java:run(1319)) - Stopping IPC Server Responder
2019-10-28 08:42:23,911 [main] INFO  server.StorageContainerManager (StorageContainerManager.java:stop(846)) - Stopping Storage Container Manager HTTP server.
2019-10-28 08:42:23,913 [main] INFO  handler.ContextHandler (ContextHandler.java:doStop(910)) - Stopped o.e.j.w.WebAppContext@2a2552e2{/,null,UNAVAILABLE}{/scm}
2019-10-28 08:42:23,914 [main] INFO  server.AbstractConnector (AbstractConnector.java:doStop(318)) - Stopped ServerConnector@49f1ae7d{HTTP/1.1,[http/1.1]}{0.0.0.0:0}
2019-10-28 08:42:23,914 [main] INFO  handler.ContextHandler (ContextHandler.java:doStop(910)) - Stopped o.e.j.s.ServletContextHandler@2dd477f0{/static,file:///workdir/hadoop-ozone/integration-test/target/test-classes/webapps/static,UNAVAILABLE}
2019-10-28 08:42:23,914 [main] INFO  handler.ContextHandler (ContextHandler.java:doStop(910)) - Stopped o.e.j.s.ServletContextHandler@53eb1978{/logs,file:///workdir/hadoop-ozone/integration-test/target/log,UNAVAILABLE}
2019-10-28 08:42:23,915 [main] INFO  server.StorageContainerManager (StorageContainerManager.java:stop(857)) - Stopping Block Manager Service.
2019-10-28 08:42:23,915 [main] INFO  utils.BackgroundService (BackgroundService.java:shutdown(151)) - Shutting down service SCMBlockDeletingService
2019-10-28 08:42:23,916 [main] INFO  utils.BackgroundService (BackgroundService.java:shutdown(151)) - Shutting down service SCMBlockDeletingService
2019-10-28 08:42:23,916 [main] INFO  server.StorageContainerManager (StorageContainerManager.java:stop(879)) - Stopping SCM Event Queue.
2019-10-28 08:42:23,923 [main] INFO  impl.MetricsSystemImpl (MetricsSystemImpl.java:stop(210)) - Stopping HddsDatanode metrics system...
2019-10-28 08:42:23,929 [main] INFO  impl.MetricsSystemImpl (MetricsSystemImpl.java:stop(216)) - HddsDatanode metrics system stopped.
]]></system-out>
    <system-err><![CDATA[Oct 28, 2019 8:42:12 AM org.apache.ratis.thirdparty.io.grpc.internal.SerializingExecutor run
SEVERE: Exception while executing runnable org.apache.ratis.thirdparty.io.grpc.internal.ServerImpl$JumpToApplicationThreadServerStreamListener$1Closed@6716d84e
org.apache.ratis.thirdparty.io.grpc.StatusRuntimeException: CANCELLED: call already cancelled
	at org.apache.ratis.thirdparty.io.grpc.Status.asRuntimeException(Status.java:517)
	at org.apache.ratis.thirdparty.io.grpc.stub.ServerCalls$ServerCallStreamObserverImpl.onCompleted(ServerCalls.java:356)
	at org.apache.ratis.grpc.server.GrpcServerProtocolService$ServerRequestStreamObserver.onError(GrpcServerProtocolService.java:121)
	at org.apache.ratis.thirdparty.io.grpc.stub.ServerCalls$StreamingServerCallHandler$StreamingServerCallListener.onCancel(ServerCalls.java:269)
	at org.apache.ratis.thirdparty.io.grpc.internal.ServerCallImpl$ServerStreamListenerImpl.closed(ServerCallImpl.java:293)
	at org.apache.ratis.thirdparty.io.grpc.internal.ServerImpl$JumpToApplicationThreadServerStreamListener$1Closed.runInContext(ServerImpl.java:741)
	at org.apache.ratis.thirdparty.io.grpc.internal.ContextRunnable.run(ContextRunnable.java:37)
	at org.apache.ratis.thirdparty.io.grpc.internal.SerializingExecutor.run(SerializingExecutor.java:123)
	at java.util.concurrent.ThreadPoolExecutor.runWorker(ThreadPoolExecutor.java:1149)
	at java.util.concurrent.ThreadPoolExecutor$Worker.run(ThreadPoolExecutor.java:624)
	at java.lang.Thread.run(Thread.java:748)

Oct 28, 2019 8:42:17 AM org.apache.ratis.thirdparty.io.grpc.internal.SerializingExecutor run
SEVERE: Exception while executing runnable org.apache.ratis.thirdparty.io.grpc.internal.ServerImpl$JumpToApplicationThreadServerStreamListener$1Closed@5f5591f9
org.apache.ratis.thirdparty.io.grpc.StatusRuntimeException: CANCELLED: call already cancelled
	at org.apache.ratis.thirdparty.io.grpc.Status.asRuntimeException(Status.java:517)
	at org.apache.ratis.thirdparty.io.grpc.stub.ServerCalls$ServerCallStreamObserverImpl.onCompleted(ServerCalls.java:356)
	at org.apache.ratis.grpc.server.GrpcServerProtocolService$ServerRequestStreamObserver.onError(GrpcServerProtocolService.java:121)
	at org.apache.ratis.thirdparty.io.grpc.stub.ServerCalls$StreamingServerCallHandler$StreamingServerCallListener.onCancel(ServerCalls.java:269)
	at org.apache.ratis.thirdparty.io.grpc.internal.ServerCallImpl$ServerStreamListenerImpl.closed(ServerCallImpl.java:293)
	at org.apache.ratis.thirdparty.io.grpc.internal.ServerImpl$JumpToApplicationThreadServerStreamListener$1Closed.runInContext(ServerImpl.java:741)
	at org.apache.ratis.thirdparty.io.grpc.internal.ContextRunnable.run(ContextRunnable.java:37)
	at org.apache.ratis.thirdparty.io.grpc.internal.SerializingExecutor.run(SerializingExecutor.java:123)
	at java.util.concurrent.ThreadPoolExecutor.runWorker(ThreadPoolExecutor.java:1149)
	at java.util.concurrent.ThreadPoolExecutor$Worker.run(ThreadPoolExecutor.java:624)
	at java.lang.Thread.run(Thread.java:748)

]]></system-err>
  </testcase>
</testsuite>