<?xml version="1.0" encoding="UTF-8"?>
<testsuite xmlns:xsi="http://www.w3.org/2001/XMLSchema-instance" xsi:noNamespaceSchemaLocation="https://maven.apache.org/surefire/maven-surefire-plugin/xsd/surefire-test-report.xsd" name="org.apache.hadoop.ozone.client.rpc.TestFailureHandlingByClient" time="286.124" tests="5" errors="0" skipped="0" failures="1">
  <properties>
    <property name="awt.toolkit" value="sun.awt.X11.XToolkit"/>
    <property name="file.encoding.pkg" value="sun.io"/>
    <property name="java.specification.version" value="1.8"/>
    <property name="sun.cpu.isalist" value=""/>
    <property name="sun.jnu.encoding" value="ANSI_X3.4-1968"/>
    <property name="java.class.path" value="/workdir/hadoop-ozone/integration-test/target/test-classes:/workdir/hadoop-ozone/integration-test/target/classes:/home/user/.m2/repository/org/apache/hadoop/hadoop-ozone-common/0.5.0-SNAPSHOT/hadoop-ozone-common-0.5.0-SNAPSHOT.jar:/home/user/.m2/repository/org/apache/commons/commons-compress/1.4.1/commons-compress-1.4.1.jar:/home/user/.m2/repository/org/tukaani/xz/1.0/xz-1.0.jar:/home/user/.m2/repository/org/apache/hadoop/hadoop-common/3.2.0/hadoop-common-3.2.0.jar:/home/user/.m2/repository/org/apache/hadoop/hadoop-hdfs/3.2.0/hadoop-hdfs-3.2.0.jar:/home/user/.m2/repository/org/apache/hadoop/hadoop-hdfs-client/3.2.0/hadoop-hdfs-client-3.2.0.jar:/home/user/.m2/repository/com/fasterxml/jackson/core/jackson-annotations/2.9.9/jackson-annotations-2.9.9.jar:/home/user/.m2/repository/org/apache/hadoop/hadoop-hdds-common/0.5.0-SNAPSHOT/hadoop-hdds-common-0.5.0-SNAPSHOT.jar:/home/user/.m2/repository/javax/annotation/javax.annotation-api/1.2/javax.annotation-api-1.2.jar:/home/user/.m2/repository/org/apache/ratis/ratis-server/0.5.0-201fc85-SNAPSHOT/ratis-server-0.5.0-201fc85-SNAPSHOT.jar:/home/user/.m2/repository/org/apache/ratis/ratis-thirdparty-misc/0.2.0/ratis-thirdparty-misc-0.2.0.jar:/home/user/.m2/repository/org/apache/ratis/ratis-proto/0.5.0-201fc85-SNAPSHOT/ratis-proto-0.5.0-201fc85-SNAPSHOT.jar:/home/user/.m2/repository/org/apache/ratis/ratis-common/0.5.0-201fc85-SNAPSHOT/ratis-common-0.5.0-201fc85-SNAPSHOT.jar:/home/user/.m2/repository/org/apache/ratis/ratis-client/0.5.0-201fc85-SNAPSHOT/ratis-client-0.5.0-201fc85-SNAPSHOT.jar:/home/user/.m2/repository/org/apache/ratis/ratis-metrics/0.5.0-201fc85-SNAPSHOT/ratis-metrics-0.5.0-201fc85-SNAPSHOT.jar:/home/user/.m2/repository/com/github/joshelser/dropwizard-metrics-hadoop-metrics2-reporter/0.1.2/dropwizard-metrics-hadoop-metrics2-reporter-0.1.2.jar:/home/user/.m2/repository/io/dropwizard/metrics/metrics-jvm/3.2.5/metrics-jvm-3.2.5.jar:/home/user/.m2/repository/io/dropwizard/metrics/metrics-ganglia/3.2.5/metrics-ganglia-3.2.5.jar:/home/user/.m2/repository/info/ganglia/gmetric4j/gmetric4j/1.0.7/gmetric4j-1.0.7.jar:/home/user/.m2/repository/org/apache/ratis/ratis-netty/0.5.0-201fc85-SNAPSHOT/ratis-netty-0.5.0-201fc85-SNAPSHOT.jar:/home/user/.m2/repository/org/apache/ratis/ratis-grpc/0.5.0-201fc85-SNAPSHOT/ratis-grpc-0.5.0-201fc85-SNAPSHOT.jar:/home/user/.m2/repository/org/rocksdb/rocksdbjni/6.0.1/rocksdbjni-6.0.1.jar:/home/user/.m2/repository/org/apache/logging/log4j/log4j-api/2.11.0/log4j-api-2.11.0.jar:/home/user/.m2/repository/org/apache/logging/log4j/log4j-core/2.11.0/log4j-core-2.11.0.jar:/home/user/.m2/repository/com/lmax/disruptor/3.4.2/disruptor-3.4.2.jar:/home/user/.m2/repository/org/apache/commons/commons-pool2/2.6.0/commons-pool2-2.6.0.jar:/home/user/.m2/repository/org/bouncycastle/bcpkix-jdk15on/1.60/bcpkix-jdk15on-1.60.jar:/home/user/.m2/repository/commons-validator/commons-validator/1.6/commons-validator-1.6.jar:/home/user/.m2/repository/commons-digester/commons-digester/1.8.1/commons-digester-1.8.1.jar:/home/user/.m2/repository/io/jaegertracing/jaeger-client/0.34.0/jaeger-client-0.34.0.jar:/home/user/.m2/repository/io/jaegertracing/jaeger-thrift/0.34.0/jaeger-thrift-0.34.0.jar:/home/user/.m2/repository/org/apache/thrift/libthrift/0.12.0/libthrift-0.12.0.jar:/home/user/.m2/repository/com/squareup/okhttp3/okhttp/3.9.0/okhttp-3.9.0.jar:/home/user/.m2/repository/com/squareup/okio/okio/1.13.0/okio-1.13.0.jar:/home/user/.m2/repository/io/jaegertracing/jaeger-core/0.34.0/jaeger-core-0.34.0.jar:/home/user/.m2/repository/io/jaegertracing/jaeger-tracerresolver/0.34.0/jaeger-tracerresolver-0.34.0.jar:/home/user/.m2/repository/io/opentracing/contrib/opentracing-tracerresolver/0.1.5/opentracing-tracerresolver-0.1.5.jar:/home/user/.m2/repository/io/opentracing/opentracing-util/0.31.0/opentracing-util-0.31.0.jar:/home/user/.m2/repository/io/opentracing/opentracing-api/0.31.0/opentracing-api-0.31.0.jar:/home/user/.m2/repository/io/opentracing/opentracing-noop/0.31.0/opentracing-noop-0.31.0.jar:/home/user/.m2/repository/org/apache/hadoop/hadoop-hdds-server-framework/0.5.0-SNAPSHOT/hadoop-hdds-server-framework-0.5.0-SNAPSHOT.jar:/home/user/.m2/repository/org/apache/hadoop/hadoop-hdds-container-service/0.5.0-SNAPSHOT/hadoop-hdds-container-service-0.5.0-SNAPSHOT.jar:/home/user/.m2/repository/org/apache/hadoop/hadoop-hdds-client/0.5.0-SNAPSHOT/hadoop-hdds-client-0.5.0-SNAPSHOT.jar:/home/user/.m2/repository/org/apache/hadoop/hadoop-hdds-tools/0.5.0-SNAPSHOT/hadoop-hdds-tools-0.5.0-SNAPSHOT.jar:/home/user/.m2/repository/org/apache/hadoop/hadoop-hdds-server-scm/0.5.0-SNAPSHOT/hadoop-hdds-server-scm-0.5.0-SNAPSHOT.jar:/home/user/.m2/repository/org/apache/hadoop/hadoop-hdds-docs/0.5.0-SNAPSHOT/hadoop-hdds-docs-0.5.0-SNAPSHOT.jar:/home/user/.m2/repository/io/dropwizard/metrics/metrics-core/3.2.4/metrics-core-3.2.4.jar:/home/user/.m2/repository/org/hamcrest/hamcrest-all/1.3/hamcrest-all-1.3.jar:/home/user/.m2/repository/org/bouncycastle/bcprov-jdk15on/1.60/bcprov-jdk15on-1.60.jar:/home/user/.m2/repository/info/picocli/picocli/3.9.6/picocli-3.9.6.jar:/home/user/.m2/repository/com/google/protobuf/protobuf-java/2.5.0/protobuf-java-2.5.0.jar:/home/user/.m2/repository/com/google/guava/guava/11.0.2/guava-11.0.2.jar:/home/user/.m2/repository/org/apache/hadoop/hadoop-ozone-ozone-manager/0.5.0-SNAPSHOT/hadoop-ozone-ozone-manager-0.5.0-SNAPSHOT.jar:/home/user/.m2/repository/org/apache/hadoop/hadoop-minikdc/3.2.0/hadoop-minikdc-3.2.0.jar:/home/user/.m2/repository/commons-io/commons-io/2.5/commons-io-2.5.jar:/home/user/.m2/repository/org/apache/kerby/kerb-simplekdc/1.0.1/kerb-simplekdc-1.0.1.jar:/home/user/.m2/repository/org/apache/kerby/kerb-client/1.0.1/kerb-client-1.0.1.jar:/home/user/.m2/repository/org/apache/kerby/kerby-config/1.0.1/kerby-config-1.0.1.jar:/home/user/.m2/repository/org/apache/kerby/kerb-core/1.0.1/kerb-core-1.0.1.jar:/home/user/.m2/repository/org/apache/kerby/kerby-pkix/1.0.1/kerby-pkix-1.0.1.jar:/home/user/.m2/repository/org/apache/kerby/kerby-asn1/1.0.1/kerby-asn1-1.0.1.jar:/home/user/.m2/repository/org/apache/kerby/kerby-util/1.0.1/kerby-util-1.0.1.jar:/home/user/.m2/repository/org/apache/kerby/kerb-common/1.0.1/kerb-common-1.0.1.jar:/home/user/.m2/repository/org/apache/kerby/kerb-crypto/1.0.1/kerb-crypto-1.0.1.jar:/home/user/.m2/repository/org/apache/kerby/kerb-util/1.0.1/kerb-util-1.0.1.jar:/home/user/.m2/repository/org/apache/kerby/token-provider/1.0.1/token-provider-1.0.1.jar:/home/user/.m2/repository/org/apache/kerby/kerb-admin/1.0.1/kerb-admin-1.0.1.jar:/home/user/.m2/repository/org/apache/kerby/kerb-server/1.0.1/kerb-server-1.0.1.jar:/home/user/.m2/repository/org/apache/kerby/kerb-identity/1.0.1/kerb-identity-1.0.1.jar:/home/user/.m2/repository/org/apache/kerby/kerby-xdr/1.0.1/kerby-xdr-1.0.1.jar:/home/user/.m2/repository/org/slf4j/slf4j-log4j12/1.7.25/slf4j-log4j12-1.7.25.jar:/home/user/.m2/repository/org/apache/hadoop/hadoop-ozone-s3gateway/0.5.0-SNAPSHOT/hadoop-ozone-s3gateway-0.5.0-SNAPSHOT.jar:/home/user/.m2/repository/org/jboss/weld/servlet/weld-servlet/2.4.7.Final/weld-servlet-2.4.7.Final.jar:/home/user/.m2/repository/org/glassfish/jersey/containers/jersey-container-servlet-core/2.27/jersey-container-servlet-core-2.27.jar:/home/user/.m2/repository/org/glassfish/hk2/external/javax.inject/2.5.0-b42/javax.inject-2.5.0-b42.jar:/home/user/.m2/repository/org/glassfish/jersey/core/jersey-common/2.27/jersey-common-2.27.jar:/home/user/.m2/repository/org/glassfish/hk2/osgi-resource-locator/1.0.1/osgi-resource-locator-1.0.1.jar:/home/user/.m2/repository/javax/ws/rs/javax.ws.rs-api/2.1/javax.ws.rs-api-2.1.jar:/home/user/.m2/repository/org/glassfish/jersey/ext/cdi/jersey-cdi1x/2.27/jersey-cdi1x-2.27.jar:/home/user/.m2/repository/org/glassfish/jersey/inject/jersey-hk2/2.27/jersey-hk2-2.27.jar:/home/user/.m2/repository/org/glassfish/hk2/hk2-locator/2.5.0-b42/hk2-locator-2.5.0-b42.jar:/home/user/.m2/repository/org/javassist/javassist/3.22.0-CR2/javassist-3.22.0-CR2.jar:/home/user/.m2/repository/org/glassfish/hk2/hk2-api/2.5.0/hk2-api-2.5.0.jar:/home/user/.m2/repository/org/glassfish/hk2/external/jakarta.inject/2.5.0/jakarta.inject-2.5.0.jar:/home/user/.m2/repository/org/glassfish/hk2/hk2-utils/2.5.0/hk2-utils-2.5.0.jar:/home/user/.m2/repository/jakarta/annotation/jakarta.annotation-api/1.3.4/jakarta.annotation-api-1.3.4.jar:/home/user/.m2/repository/org/glassfish/hk2/external/aopalliance-repackaged/2.5.0/aopalliance-repackaged-2.5.0.jar:/home/user/.m2/repository/com/fasterxml/jackson/dataformat/jackson-dataformat-xml/2.9.0/jackson-dataformat-xml-2.9.0.jar:/home/user/.m2/repository/com/fasterxml/jackson/core/jackson-core/2.9.9/jackson-core-2.9.9.jar:/home/user/.m2/repository/com/fasterxml/jackson/module/jackson-module-jaxb-annotations/2.9.9/jackson-module-jaxb-annotations-2.9.9.jar:/home/user/.m2/repository/javax/enterprise/cdi-api/1.2/cdi-api-1.2.jar:/home/user/.m2/repository/javax/el/javax.el-api/3.0.0/javax.el-api-3.0.0.jar:/home/user/.m2/repository/javax/interceptor/javax.interceptor-api/1.2/javax.interceptor-api-1.2.jar:/home/user/.m2/repository/javax/inject/javax.inject/1/javax.inject-1.jar:/home/user/.m2/repository/com/sun/xml/bind/jaxb-impl/2.3.0.1/jaxb-impl-2.3.0.1.jar:/home/user/.m2/repository/com/sun/xml/bind/jaxb-core/2.3.0.1/jaxb-core-2.3.0.1.jar:/home/user/.m2/repository/javax/xml/bind/jaxb-api/2.3.0/jaxb-api-2.3.0.jar:/home/user/.m2/repository/javax/activation/activation/1.1.1/activation-1.1.1.jar:/home/user/.m2/repository/org/apache/hadoop/hadoop-ozone-csi/0.5.0-SNAPSHOT/hadoop-ozone-csi-0.5.0-SNAPSHOT.jar:/home/user/.m2/repository/com/google/protobuf/protobuf-java-util/3.5.1/protobuf-java-util-3.5.1.jar:/home/user/.m2/repository/org/apache/hadoop/hadoop-hdds-config/0.5.0-SNAPSHOT/hadoop-hdds-config-0.5.0-SNAPSHOT.jar:/home/user/.m2/repository/io/grpc/grpc-netty/1.17.1/grpc-netty-1.17.1.jar:/home/user/.m2/repository/io/grpc/grpc-core/1.17.1/grpc-core-1.17.1.jar:/home/user/.m2/repository/io/grpc/grpc-context/1.17.1/grpc-context-1.17.1.jar:/home/user/.m2/repository/com/google/errorprone/error_prone_annotations/2.2.0/error_prone_annotations-2.2.0.jar:/home/user/.m2/repository/org/codehaus/mojo/animal-sniffer-annotations/1.17/animal-sniffer-annotations-1.17.jar:/home/user/.m2/repository/io/opencensus/opencensus-api/0.17.0/opencensus-api-0.17.0.jar:/home/user/.m2/repository/io/opencensus/opencensus-contrib-grpc-metrics/0.17.0/opencensus-contrib-grpc-metrics-0.17.0.jar:/home/user/.m2/repository/io/netty/netty-codec-http2/4.1.30.Final/netty-codec-http2-4.1.30.Final.jar:/home/user/.m2/repository/io/netty/netty-codec-http/4.1.30.Final/netty-codec-http-4.1.30.Final.jar:/home/user/.m2/repository/io/netty/netty-codec/4.1.30.Final/netty-codec-4.1.30.Final.jar:/home/user/.m2/repository/io/netty/netty-handler/4.1.30.Final/netty-handler-4.1.30.Final.jar:/home/user/.m2/repository/io/netty/netty-handler-proxy/4.1.30.Final/netty-handler-proxy-4.1.30.Final.jar:/home/user/.m2/repository/io/netty/netty-codec-socks/4.1.30.Final/netty-codec-socks-4.1.30.Final.jar:/home/user/.m2/repository/io/netty/netty-transport-native-epoll/4.1.30.Final/netty-transport-native-epoll-4.1.30.Final.jar:/home/user/.m2/repository/io/netty/netty-common/4.1.30.Final/netty-common-4.1.30.Final.jar:/home/user/.m2/repository/io/netty/netty-buffer/4.1.30.Final/netty-buffer-4.1.30.Final.jar:/home/user/.m2/repository/io/netty/netty-transport/4.1.30.Final/netty-transport-4.1.30.Final.jar:/home/user/.m2/repository/io/netty/netty-resolver/4.1.30.Final/netty-resolver-4.1.30.Final.jar:/home/user/.m2/repository/io/netty/netty-transport-native-unix-common/4.1.30.Final/netty-transport-native-unix-common-4.1.30.Final.jar:/home/user/.m2/repository/io/grpc/grpc-protobuf/1.17.1/grpc-protobuf-1.17.1.jar:/home/user/.m2/repository/com/google/api/grpc/proto-google-common-protos/1.0.0/proto-google-common-protos-1.0.0.jar:/home/user/.m2/repository/io/grpc/grpc-protobuf-lite/1.17.1/grpc-protobuf-lite-1.17.1.jar:/home/user/.m2/repository/io/grpc/grpc-stub/1.17.1/grpc-stub-1.17.1.jar:/home/user/.m2/repository/org/apache/hadoop/hadoop-ozone-recon/0.5.0-SNAPSHOT/hadoop-ozone-recon-0.5.0-SNAPSHOT.jar:/home/user/.m2/repository/org/apache/hadoop/hadoop-ozone-reconcodegen/0.5.0-SNAPSHOT/hadoop-ozone-reconcodegen-0.5.0-SNAPSHOT.jar:/home/user/.m2/repository/com/google/inject/extensions/guice-multibindings/4.0/guice-multibindings-4.0.jar:/home/user/.m2/repository/com/google/inject/guice/4.0/guice-4.0.jar:/home/user/.m2/repository/aopalliance/aopalliance/1.0/aopalliance-1.0.jar:/home/user/.m2/repository/com/google/inject/extensions/guice-servlet/4.0/guice-servlet-4.0.jar:/home/user/.m2/repository/org/glassfish/jersey/containers/jersey-container-servlet/2.27/jersey-container-servlet-2.27.jar:/home/user/.m2/repository/org/glassfish/hk2/guice-bridge/2.5.0/guice-bridge-2.5.0.jar:/home/user/.m2/repository/org/glassfish/jersey/core/jersey-server/2.27/jersey-server-2.27.jar:/home/user/.m2/repository/org/glassfish/jersey/core/jersey-client/2.27/jersey-client-2.27.jar:/home/user/.m2/repository/org/glassfish/jersey/media/jersey-media-jaxb/2.27/jersey-media-jaxb-2.27.jar:/home/user/.m2/repository/javax/validation/validation-api/1.1.0.Final/validation-api-1.1.0.Final.jar:/home/user/.m2/repository/org/glassfish/jersey/media/jersey-media-json-jackson/2.27/jersey-media-json-jackson-2.27.jar:/home/user/.m2/repository/org/glassfish/jersey/ext/jersey-entity-filtering/2.27/jersey-entity-filtering-2.27.jar:/home/user/.m2/repository/com/google/inject/extensions/guice-assistedinject/4.0/guice-assistedinject-4.0.jar:/home/user/.m2/repository/org/jooq/jooq/3.11.10/jooq-3.11.10.jar:/home/user/.m2/repository/org/jooq/jooq-meta/3.11.10/jooq-meta-3.11.10.jar:/home/user/.m2/repository/org/jooq/jooq-codegen/3.11.10/jooq-codegen-3.11.10.jar:/home/user/.m2/repository/com/jolbox/bonecp/0.8.0.RELEASE/bonecp-0.8.0.RELEASE.jar:/home/user/.m2/repository/org/xerial/sqlite-jdbc/3.25.2/sqlite-jdbc-3.25.2.jar:/home/user/.m2/repository/org/springframework/spring-jdbc/5.1.3.RELEASE/spring-jdbc-5.1.3.RELEASE.jar:/home/user/.m2/repository/org/springframework/spring-beans/5.1.3.RELEASE/spring-beans-5.1.3.RELEASE.jar:/home/user/.m2/repository/org/springframework/spring-core/5.1.3.RELEASE/spring-core-5.1.3.RELEASE.jar:/home/user/.m2/repository/org/springframework/spring-jcl/5.1.3.RELEASE/spring-jcl-5.1.3.RELEASE.jar:/home/user/.m2/repository/org/springframework/spring-tx/5.1.3.RELEASE/spring-tx-5.1.3.RELEASE.jar:/home/user/.m2/repository/org/apache/hadoop/hadoop-ozone-client/0.5.0-SNAPSHOT/hadoop-ozone-client-0.5.0-SNAPSHOT.jar:/home/user/.m2/repository/commons-lang/commons-lang/2.6/commons-lang-2.6.jar:/home/user/.m2/repository/org/apache/hadoop/hadoop-ozone-ozone-manager/0.5.0-SNAPSHOT/hadoop-ozone-ozone-manager-0.5.0-SNAPSHOT-tests.jar:/home/user/.m2/repository/junit/junit/4.11/junit-4.11.jar:/home/user/.m2/repository/org/hamcrest/hamcrest-core/1.3/hamcrest-core-1.3.jar:/home/user/.m2/repository/org/openjdk/jmh/jmh-core/1.19/jmh-core-1.19.jar:/home/user/.m2/repository/net/sf/jopt-simple/jopt-simple/4.6/jopt-simple-4.6.jar:/home/user/.m2/repository/org/apache/commons/commons-math3/3.1.1/commons-math3-3.1.1.jar:/home/user/.m2/repository/org/openjdk/jmh/jmh-generator-annprocess/1.19/jmh-generator-annprocess-1.19.jar:/home/user/.m2/repository/org/mockito/mockito-all/1.8.5/mockito-all-1.8.5.jar:/home/user/.m2/repository/org/apache/hadoop/hadoop-kms/3.2.0/hadoop-kms-3.2.0.jar:/home/user/.m2/repository/org/apache/hadoop/hadoop-auth/3.2.0/hadoop-auth-3.2.0.jar:/home/user/.m2/repository/com/nimbusds/nimbus-jose-jwt/4.41.1/nimbus-jose-jwt-4.41.1.jar:/home/user/.m2/repository/com/github/stephenc/jcip/jcip-annotations/1.0-1/jcip-annotations-1.0-1.jar:/home/user/.m2/repository/net/minidev/json-smart/2.3/json-smart-2.3.jar:/home/user/.m2/repository/net/minidev/accessors-smart/1.2/accessors-smart-1.2.jar:/home/user/.m2/repository/org/ow2/asm/asm/5.0.4/asm-5.0.4.jar:/home/user/.m2/repository/org/apache/curator/curator-framework/2.12.0/curator-framework-2.12.0.jar:/home/user/.m2/repository/com/sun/jersey/jersey-core/1.19/jersey-core-1.19.jar:/home/user/.m2/repository/javax/ws/rs/jsr311-api/1.1.1/jsr311-api-1.1.1.jar:/home/user/.m2/repository/com/sun/jersey/jersey-server/1.19/jersey-server-1.19.jar:/home/user/.m2/repository/javax/servlet/javax.servlet-api/3.1.0/javax.servlet-api-3.1.0.jar:/home/user/.m2/repository/org/eclipse/jetty/jetty-server/9.3.25.v20180904/jetty-server-9.3.25.v20180904.jar:/home/user/.m2/repository/org/eclipse/jetty/jetty-http/9.3.25.v20180904/jetty-http-9.3.25.v20180904.jar:/home/user/.m2/repository/org/eclipse/jetty/jetty-io/9.3.25.v20180904/jetty-io-9.3.25.v20180904.jar:/home/user/.m2/repository/org/eclipse/jetty/jetty-webapp/9.3.25.v20180904/jetty-webapp-9.3.25.v20180904.jar:/home/user/.m2/repository/org/eclipse/jetty/jetty-xml/9.3.25.v20180904/jetty-xml-9.3.25.v20180904.jar:/home/user/.m2/repository/log4j/log4j/1.2.17/log4j-1.2.17.jar:/home/user/.m2/repository/org/slf4j/slf4j-api/1.7.25/slf4j-api-1.7.25.jar:/home/user/.m2/repository/org/slf4j/jul-to-slf4j/1.7.25/jul-to-slf4j-1.7.25.jar:/home/user/.m2/repository/org/eclipse/jetty/jetty-util/9.3.25.v20180904/jetty-util-9.3.25.v20180904.jar:/home/user/.m2/repository/com/fasterxml/jackson/core/jackson-databind/2.9.9/jackson-databind-2.9.9.jar:/home/user/.m2/repository/org/apache/hadoop/hadoop-kms/3.2.0/hadoop-kms-3.2.0-tests.jar:/home/user/.m2/repository/org/apache/hadoop/hadoop-hdds-server-scm/0.5.0-SNAPSHOT/hadoop-hdds-server-scm-0.5.0-SNAPSHOT-tests.jar:/home/user/.m2/repository/org/apache/hadoop/hadoop-hdds-container-service/0.5.0-SNAPSHOT/hadoop-hdds-container-service-0.5.0-SNAPSHOT-tests.jar:/home/user/.m2/repository/org/yaml/snakeyaml/1.16/snakeyaml-1.16.jar:/home/user/.m2/repository/org/apache/hadoop/hadoop-common/3.2.0/hadoop-common-3.2.0-tests.jar:/home/user/.m2/repository/org/apache/hadoop/hadoop-annotations/3.2.0/hadoop-annotations-3.2.0.jar:/usr/lib/jvm/java-1.8.0-openjdk-1.8.0.222.b10-1.el7_7.x86_64/jre/../lib/tools.jar:/home/user/.m2/repository/commons-cli/commons-cli/1.2/commons-cli-1.2.jar:/home/user/.m2/repository/org/apache/httpcomponents/httpclient/4.5.2/httpclient-4.5.2.jar:/home/user/.m2/repository/org/apache/httpcomponents/httpcore/4.4.4/httpcore-4.4.4.jar:/home/user/.m2/repository/commons-codec/commons-codec/1.11/commons-codec-1.11.jar:/home/user/.m2/repository/commons-net/commons-net/3.6/commons-net-3.6.jar:/home/user/.m2/repository/commons-collections/commons-collections/3.2.2/commons-collections-3.2.2.jar:/home/user/.m2/repository/org/eclipse/jetty/jetty-servlet/9.3.25.v20180904/jetty-servlet-9.3.25.v20180904.jar:/home/user/.m2/repository/org/eclipse/jetty/jetty-security/9.3.25.v20180904/jetty-security-9.3.25.v20180904.jar:/home/user/.m2/repository/javax/servlet/jsp/jsp-api/2.1/jsp-api-2.1.jar:/home/user/.m2/repository/com/sun/jersey/jersey-servlet/1.19/jersey-servlet-1.19.jar:/home/user/.m2/repository/com/sun/jersey/jersey-json/1.19/jersey-json-1.19.jar:/home/user/.m2/repository/org/codehaus/jettison/jettison/1.1/jettison-1.1.jar:/home/user/.m2/repository/org/codehaus/jackson/jackson-core-asl/1.9.13/jackson-core-asl-1.9.13.jar:/home/user/.m2/repository/org/codehaus/jackson/jackson-mapper-asl/1.9.13/jackson-mapper-asl-1.9.13.jar:/home/user/.m2/repository/org/codehaus/jackson/jackson-jaxrs/1.9.13/jackson-jaxrs-1.9.13.jar:/home/user/.m2/repository/org/codehaus/jackson/jackson-xc/1.9.13/jackson-xc-1.9.13.jar:/home/user/.m2/repository/commons-logging/commons-logging/1.1.3/commons-logging-1.1.3.jar:/home/user/.m2/repository/commons-beanutils/commons-beanutils/1.9.4/commons-beanutils-1.9.4.jar:/home/user/.m2/repository/org/apache/commons/commons-configuration2/2.1.1/commons-configuration2-2.1.1.jar:/home/user/.m2/repository/org/apache/commons/commons-lang3/3.7/commons-lang3-3.7.jar:/home/user/.m2/repository/org/apache/commons/commons-text/1.4/commons-text-1.4.jar:/home/user/.m2/repository/org/apache/avro/avro/1.7.7/avro-1.7.7.jar:/home/user/.m2/repository/com/thoughtworks/paranamer/paranamer/2.3/paranamer-2.3.jar:/home/user/.m2/repository/org/xerial/snappy/snappy-java/1.0.5/snappy-java-1.0.5.jar:/home/user/.m2/repository/com/google/re2j/re2j/1.1/re2j-1.1.jar:/home/user/.m2/repository/com/google/code/gson/gson/2.2.4/gson-2.2.4.jar:/home/user/.m2/repository/com/jcraft/jsch/0.1.54/jsch-0.1.54.jar:/home/user/.m2/repository/org/apache/curator/curator-client/2.12.0/curator-client-2.12.0.jar:/home/user/.m2/repository/org/apache/curator/curator-recipes/2.12.0/curator-recipes-2.12.0.jar:/home/user/.m2/repository/com/google/code/findbugs/jsr305/3.0.0/jsr305-3.0.0.jar:/home/user/.m2/repository/org/apache/htrace/htrace-core4/4.1.0-incubating/htrace-core4-4.1.0-incubating.jar:/home/user/.m2/repository/org/apache/zookeeper/zookeeper/3.4.13/zookeeper-3.4.13.jar:/home/user/.m2/repository/jline/jline/0.9.94/jline-0.9.94.jar:/home/user/.m2/repository/org/apache/yetus/audience-annotations/0.5.0/audience-annotations-0.5.0.jar:/home/user/.m2/repository/org/codehaus/woodstox/stax2-api/3.1.4/stax2-api-3.1.4.jar:/home/user/.m2/repository/com/fasterxml/woodstox/woodstox-core/5.0.3/woodstox-core-5.0.3.jar:/home/user/.m2/repository/dnsjava/dnsjava/2.1.7/dnsjava-2.1.7.jar:/home/user/.m2/repository/org/apache/hadoop/hadoop-hdfs/3.2.0/hadoop-hdfs-3.2.0-tests.jar:/home/user/.m2/repository/org/eclipse/jetty/jetty-util-ajax/9.3.25.v20180904/jetty-util-ajax-9.3.25.v20180904.jar:/home/user/.m2/repository/commons-daemon/commons-daemon/1.0.13/commons-daemon-1.0.13.jar:/home/user/.m2/repository/io/netty/netty/3.10.5.Final/netty-3.10.5.Final.jar:/home/user/.m2/repository/io/netty/netty-all/4.0.52.Final/netty-all-4.0.52.Final.jar:/home/user/.m2/repository/org/fusesource/leveldbjni/leveldbjni-all/1.8/leveldbjni-all-1.8.jar:"/>
    <property name="java.vm.vendor" value="Oracle Corporation"/>
    <property name="sun.arch.data.model" value="64"/>
    <property name="test.build.dir" value="/workdir/hadoop-ozone/integration-test/target/test-dir"/>
    <property name="test.cache.data" value=""/>
    <property name="java.vendor.url" value="http://java.oracle.com/"/>
    <property name="user.timezone" value=""/>
    <property name="java.vm.specification.version" value="1.8"/>
    <property name="os.name" value="Linux"/>
    <property name="test.build.data" value="/workdir/hadoop-ozone/integration-test/target/test-dir"/>
    <property name="user.country" value="US"/>
    <property name="sun.java.launcher" value="SUN_STANDARD"/>
    <property name="sun.boot.library.path" value="/usr/lib/jvm/java-1.8.0-openjdk-1.8.0.222.b10-1.el7_7.x86_64/jre/lib/amd64"/>
    <property name="sun.java.command" value="/workdir/hadoop-ozone/integration-test/target/surefire/surefirebooter7488122810247182536.jar /workdir/hadoop-ozone/integration-test/target/surefire 2019-10-28T07-30-58_751-jvmRun1 surefire1584605305485247619tmp surefire_509150373190700078704tmp"/>
    <property name="surefire.test.class.path" value="/workdir/hadoop-ozone/integration-test/target/test-classes:/workdir/hadoop-ozone/integration-test/target/classes:/home/user/.m2/repository/org/apache/hadoop/hadoop-ozone-common/0.5.0-SNAPSHOT/hadoop-ozone-common-0.5.0-SNAPSHOT.jar:/home/user/.m2/repository/org/apache/commons/commons-compress/1.4.1/commons-compress-1.4.1.jar:/home/user/.m2/repository/org/tukaani/xz/1.0/xz-1.0.jar:/home/user/.m2/repository/org/apache/hadoop/hadoop-common/3.2.0/hadoop-common-3.2.0.jar:/home/user/.m2/repository/org/apache/hadoop/hadoop-hdfs/3.2.0/hadoop-hdfs-3.2.0.jar:/home/user/.m2/repository/org/apache/hadoop/hadoop-hdfs-client/3.2.0/hadoop-hdfs-client-3.2.0.jar:/home/user/.m2/repository/com/fasterxml/jackson/core/jackson-annotations/2.9.9/jackson-annotations-2.9.9.jar:/home/user/.m2/repository/org/apache/hadoop/hadoop-hdds-common/0.5.0-SNAPSHOT/hadoop-hdds-common-0.5.0-SNAPSHOT.jar:/home/user/.m2/repository/javax/annotation/javax.annotation-api/1.2/javax.annotation-api-1.2.jar:/home/user/.m2/repository/org/apache/ratis/ratis-server/0.5.0-201fc85-SNAPSHOT/ratis-server-0.5.0-201fc85-SNAPSHOT.jar:/home/user/.m2/repository/org/apache/ratis/ratis-thirdparty-misc/0.2.0/ratis-thirdparty-misc-0.2.0.jar:/home/user/.m2/repository/org/apache/ratis/ratis-proto/0.5.0-201fc85-SNAPSHOT/ratis-proto-0.5.0-201fc85-SNAPSHOT.jar:/home/user/.m2/repository/org/apache/ratis/ratis-common/0.5.0-201fc85-SNAPSHOT/ratis-common-0.5.0-201fc85-SNAPSHOT.jar:/home/user/.m2/repository/org/apache/ratis/ratis-client/0.5.0-201fc85-SNAPSHOT/ratis-client-0.5.0-201fc85-SNAPSHOT.jar:/home/user/.m2/repository/org/apache/ratis/ratis-metrics/0.5.0-201fc85-SNAPSHOT/ratis-metrics-0.5.0-201fc85-SNAPSHOT.jar:/home/user/.m2/repository/com/github/joshelser/dropwizard-metrics-hadoop-metrics2-reporter/0.1.2/dropwizard-metrics-hadoop-metrics2-reporter-0.1.2.jar:/home/user/.m2/repository/io/dropwizard/metrics/metrics-jvm/3.2.5/metrics-jvm-3.2.5.jar:/home/user/.m2/repository/io/dropwizard/metrics/metrics-ganglia/3.2.5/metrics-ganglia-3.2.5.jar:/home/user/.m2/repository/info/ganglia/gmetric4j/gmetric4j/1.0.7/gmetric4j-1.0.7.jar:/home/user/.m2/repository/org/apache/ratis/ratis-netty/0.5.0-201fc85-SNAPSHOT/ratis-netty-0.5.0-201fc85-SNAPSHOT.jar:/home/user/.m2/repository/org/apache/ratis/ratis-grpc/0.5.0-201fc85-SNAPSHOT/ratis-grpc-0.5.0-201fc85-SNAPSHOT.jar:/home/user/.m2/repository/org/rocksdb/rocksdbjni/6.0.1/rocksdbjni-6.0.1.jar:/home/user/.m2/repository/org/apache/logging/log4j/log4j-api/2.11.0/log4j-api-2.11.0.jar:/home/user/.m2/repository/org/apache/logging/log4j/log4j-core/2.11.0/log4j-core-2.11.0.jar:/home/user/.m2/repository/com/lmax/disruptor/3.4.2/disruptor-3.4.2.jar:/home/user/.m2/repository/org/apache/commons/commons-pool2/2.6.0/commons-pool2-2.6.0.jar:/home/user/.m2/repository/org/bouncycastle/bcpkix-jdk15on/1.60/bcpkix-jdk15on-1.60.jar:/home/user/.m2/repository/commons-validator/commons-validator/1.6/commons-validator-1.6.jar:/home/user/.m2/repository/commons-digester/commons-digester/1.8.1/commons-digester-1.8.1.jar:/home/user/.m2/repository/io/jaegertracing/jaeger-client/0.34.0/jaeger-client-0.34.0.jar:/home/user/.m2/repository/io/jaegertracing/jaeger-thrift/0.34.0/jaeger-thrift-0.34.0.jar:/home/user/.m2/repository/org/apache/thrift/libthrift/0.12.0/libthrift-0.12.0.jar:/home/user/.m2/repository/com/squareup/okhttp3/okhttp/3.9.0/okhttp-3.9.0.jar:/home/user/.m2/repository/com/squareup/okio/okio/1.13.0/okio-1.13.0.jar:/home/user/.m2/repository/io/jaegertracing/jaeger-core/0.34.0/jaeger-core-0.34.0.jar:/home/user/.m2/repository/io/jaegertracing/jaeger-tracerresolver/0.34.0/jaeger-tracerresolver-0.34.0.jar:/home/user/.m2/repository/io/opentracing/contrib/opentracing-tracerresolver/0.1.5/opentracing-tracerresolver-0.1.5.jar:/home/user/.m2/repository/io/opentracing/opentracing-util/0.31.0/opentracing-util-0.31.0.jar:/home/user/.m2/repository/io/opentracing/opentracing-api/0.31.0/opentracing-api-0.31.0.jar:/home/user/.m2/repository/io/opentracing/opentracing-noop/0.31.0/opentracing-noop-0.31.0.jar:/home/user/.m2/repository/org/apache/hadoop/hadoop-hdds-server-framework/0.5.0-SNAPSHOT/hadoop-hdds-server-framework-0.5.0-SNAPSHOT.jar:/home/user/.m2/repository/org/apache/hadoop/hadoop-hdds-container-service/0.5.0-SNAPSHOT/hadoop-hdds-container-service-0.5.0-SNAPSHOT.jar:/home/user/.m2/repository/org/apache/hadoop/hadoop-hdds-client/0.5.0-SNAPSHOT/hadoop-hdds-client-0.5.0-SNAPSHOT.jar:/home/user/.m2/repository/org/apache/hadoop/hadoop-hdds-tools/0.5.0-SNAPSHOT/hadoop-hdds-tools-0.5.0-SNAPSHOT.jar:/home/user/.m2/repository/org/apache/hadoop/hadoop-hdds-server-scm/0.5.0-SNAPSHOT/hadoop-hdds-server-scm-0.5.0-SNAPSHOT.jar:/home/user/.m2/repository/org/apache/hadoop/hadoop-hdds-docs/0.5.0-SNAPSHOT/hadoop-hdds-docs-0.5.0-SNAPSHOT.jar:/home/user/.m2/repository/io/dropwizard/metrics/metrics-core/3.2.4/metrics-core-3.2.4.jar:/home/user/.m2/repository/org/hamcrest/hamcrest-all/1.3/hamcrest-all-1.3.jar:/home/user/.m2/repository/org/bouncycastle/bcprov-jdk15on/1.60/bcprov-jdk15on-1.60.jar:/home/user/.m2/repository/info/picocli/picocli/3.9.6/picocli-3.9.6.jar:/home/user/.m2/repository/com/google/protobuf/protobuf-java/2.5.0/protobuf-java-2.5.0.jar:/home/user/.m2/repository/com/google/guava/guava/11.0.2/guava-11.0.2.jar:/home/user/.m2/repository/org/apache/hadoop/hadoop-ozone-ozone-manager/0.5.0-SNAPSHOT/hadoop-ozone-ozone-manager-0.5.0-SNAPSHOT.jar:/home/user/.m2/repository/org/apache/hadoop/hadoop-minikdc/3.2.0/hadoop-minikdc-3.2.0.jar:/home/user/.m2/repository/commons-io/commons-io/2.5/commons-io-2.5.jar:/home/user/.m2/repository/org/apache/kerby/kerb-simplekdc/1.0.1/kerb-simplekdc-1.0.1.jar:/home/user/.m2/repository/org/apache/kerby/kerb-client/1.0.1/kerb-client-1.0.1.jar:/home/user/.m2/repository/org/apache/kerby/kerby-config/1.0.1/kerby-config-1.0.1.jar:/home/user/.m2/repository/org/apache/kerby/kerb-core/1.0.1/kerb-core-1.0.1.jar:/home/user/.m2/repository/org/apache/kerby/kerby-pkix/1.0.1/kerby-pkix-1.0.1.jar:/home/user/.m2/repository/org/apache/kerby/kerby-asn1/1.0.1/kerby-asn1-1.0.1.jar:/home/user/.m2/repository/org/apache/kerby/kerby-util/1.0.1/kerby-util-1.0.1.jar:/home/user/.m2/repository/org/apache/kerby/kerb-common/1.0.1/kerb-common-1.0.1.jar:/home/user/.m2/repository/org/apache/kerby/kerb-crypto/1.0.1/kerb-crypto-1.0.1.jar:/home/user/.m2/repository/org/apache/kerby/kerb-util/1.0.1/kerb-util-1.0.1.jar:/home/user/.m2/repository/org/apache/kerby/token-provider/1.0.1/token-provider-1.0.1.jar:/home/user/.m2/repository/org/apache/kerby/kerb-admin/1.0.1/kerb-admin-1.0.1.jar:/home/user/.m2/repository/org/apache/kerby/kerb-server/1.0.1/kerb-server-1.0.1.jar:/home/user/.m2/repository/org/apache/kerby/kerb-identity/1.0.1/kerb-identity-1.0.1.jar:/home/user/.m2/repository/org/apache/kerby/kerby-xdr/1.0.1/kerby-xdr-1.0.1.jar:/home/user/.m2/repository/org/slf4j/slf4j-log4j12/1.7.25/slf4j-log4j12-1.7.25.jar:/home/user/.m2/repository/org/apache/hadoop/hadoop-ozone-s3gateway/0.5.0-SNAPSHOT/hadoop-ozone-s3gateway-0.5.0-SNAPSHOT.jar:/home/user/.m2/repository/org/jboss/weld/servlet/weld-servlet/2.4.7.Final/weld-servlet-2.4.7.Final.jar:/home/user/.m2/repository/org/glassfish/jersey/containers/jersey-container-servlet-core/2.27/jersey-container-servlet-core-2.27.jar:/home/user/.m2/repository/org/glassfish/hk2/external/javax.inject/2.5.0-b42/javax.inject-2.5.0-b42.jar:/home/user/.m2/repository/org/glassfish/jersey/core/jersey-common/2.27/jersey-common-2.27.jar:/home/user/.m2/repository/org/glassfish/hk2/osgi-resource-locator/1.0.1/osgi-resource-locator-1.0.1.jar:/home/user/.m2/repository/javax/ws/rs/javax.ws.rs-api/2.1/javax.ws.rs-api-2.1.jar:/home/user/.m2/repository/org/glassfish/jersey/ext/cdi/jersey-cdi1x/2.27/jersey-cdi1x-2.27.jar:/home/user/.m2/repository/org/glassfish/jersey/inject/jersey-hk2/2.27/jersey-hk2-2.27.jar:/home/user/.m2/repository/org/glassfish/hk2/hk2-locator/2.5.0-b42/hk2-locator-2.5.0-b42.jar:/home/user/.m2/repository/org/javassist/javassist/3.22.0-CR2/javassist-3.22.0-CR2.jar:/home/user/.m2/repository/org/glassfish/hk2/hk2-api/2.5.0/hk2-api-2.5.0.jar:/home/user/.m2/repository/org/glassfish/hk2/external/jakarta.inject/2.5.0/jakarta.inject-2.5.0.jar:/home/user/.m2/repository/org/glassfish/hk2/hk2-utils/2.5.0/hk2-utils-2.5.0.jar:/home/user/.m2/repository/jakarta/annotation/jakarta.annotation-api/1.3.4/jakarta.annotation-api-1.3.4.jar:/home/user/.m2/repository/org/glassfish/hk2/external/aopalliance-repackaged/2.5.0/aopalliance-repackaged-2.5.0.jar:/home/user/.m2/repository/com/fasterxml/jackson/dataformat/jackson-dataformat-xml/2.9.0/jackson-dataformat-xml-2.9.0.jar:/home/user/.m2/repository/com/fasterxml/jackson/core/jackson-core/2.9.9/jackson-core-2.9.9.jar:/home/user/.m2/repository/com/fasterxml/jackson/module/jackson-module-jaxb-annotations/2.9.9/jackson-module-jaxb-annotations-2.9.9.jar:/home/user/.m2/repository/javax/enterprise/cdi-api/1.2/cdi-api-1.2.jar:/home/user/.m2/repository/javax/el/javax.el-api/3.0.0/javax.el-api-3.0.0.jar:/home/user/.m2/repository/javax/interceptor/javax.interceptor-api/1.2/javax.interceptor-api-1.2.jar:/home/user/.m2/repository/javax/inject/javax.inject/1/javax.inject-1.jar:/home/user/.m2/repository/com/sun/xml/bind/jaxb-impl/2.3.0.1/jaxb-impl-2.3.0.1.jar:/home/user/.m2/repository/com/sun/xml/bind/jaxb-core/2.3.0.1/jaxb-core-2.3.0.1.jar:/home/user/.m2/repository/javax/xml/bind/jaxb-api/2.3.0/jaxb-api-2.3.0.jar:/home/user/.m2/repository/javax/activation/activation/1.1.1/activation-1.1.1.jar:/home/user/.m2/repository/org/apache/hadoop/hadoop-ozone-csi/0.5.0-SNAPSHOT/hadoop-ozone-csi-0.5.0-SNAPSHOT.jar:/home/user/.m2/repository/com/google/protobuf/protobuf-java-util/3.5.1/protobuf-java-util-3.5.1.jar:/home/user/.m2/repository/org/apache/hadoop/hadoop-hdds-config/0.5.0-SNAPSHOT/hadoop-hdds-config-0.5.0-SNAPSHOT.jar:/home/user/.m2/repository/io/grpc/grpc-netty/1.17.1/grpc-netty-1.17.1.jar:/home/user/.m2/repository/io/grpc/grpc-core/1.17.1/grpc-core-1.17.1.jar:/home/user/.m2/repository/io/grpc/grpc-context/1.17.1/grpc-context-1.17.1.jar:/home/user/.m2/repository/com/google/errorprone/error_prone_annotations/2.2.0/error_prone_annotations-2.2.0.jar:/home/user/.m2/repository/org/codehaus/mojo/animal-sniffer-annotations/1.17/animal-sniffer-annotations-1.17.jar:/home/user/.m2/repository/io/opencensus/opencensus-api/0.17.0/opencensus-api-0.17.0.jar:/home/user/.m2/repository/io/opencensus/opencensus-contrib-grpc-metrics/0.17.0/opencensus-contrib-grpc-metrics-0.17.0.jar:/home/user/.m2/repository/io/netty/netty-codec-http2/4.1.30.Final/netty-codec-http2-4.1.30.Final.jar:/home/user/.m2/repository/io/netty/netty-codec-http/4.1.30.Final/netty-codec-http-4.1.30.Final.jar:/home/user/.m2/repository/io/netty/netty-codec/4.1.30.Final/netty-codec-4.1.30.Final.jar:/home/user/.m2/repository/io/netty/netty-handler/4.1.30.Final/netty-handler-4.1.30.Final.jar:/home/user/.m2/repository/io/netty/netty-handler-proxy/4.1.30.Final/netty-handler-proxy-4.1.30.Final.jar:/home/user/.m2/repository/io/netty/netty-codec-socks/4.1.30.Final/netty-codec-socks-4.1.30.Final.jar:/home/user/.m2/repository/io/netty/netty-transport-native-epoll/4.1.30.Final/netty-transport-native-epoll-4.1.30.Final.jar:/home/user/.m2/repository/io/netty/netty-common/4.1.30.Final/netty-common-4.1.30.Final.jar:/home/user/.m2/repository/io/netty/netty-buffer/4.1.30.Final/netty-buffer-4.1.30.Final.jar:/home/user/.m2/repository/io/netty/netty-transport/4.1.30.Final/netty-transport-4.1.30.Final.jar:/home/user/.m2/repository/io/netty/netty-resolver/4.1.30.Final/netty-resolver-4.1.30.Final.jar:/home/user/.m2/repository/io/netty/netty-transport-native-unix-common/4.1.30.Final/netty-transport-native-unix-common-4.1.30.Final.jar:/home/user/.m2/repository/io/grpc/grpc-protobuf/1.17.1/grpc-protobuf-1.17.1.jar:/home/user/.m2/repository/com/google/api/grpc/proto-google-common-protos/1.0.0/proto-google-common-protos-1.0.0.jar:/home/user/.m2/repository/io/grpc/grpc-protobuf-lite/1.17.1/grpc-protobuf-lite-1.17.1.jar:/home/user/.m2/repository/io/grpc/grpc-stub/1.17.1/grpc-stub-1.17.1.jar:/home/user/.m2/repository/org/apache/hadoop/hadoop-ozone-recon/0.5.0-SNAPSHOT/hadoop-ozone-recon-0.5.0-SNAPSHOT.jar:/home/user/.m2/repository/org/apache/hadoop/hadoop-ozone-reconcodegen/0.5.0-SNAPSHOT/hadoop-ozone-reconcodegen-0.5.0-SNAPSHOT.jar:/home/user/.m2/repository/com/google/inject/extensions/guice-multibindings/4.0/guice-multibindings-4.0.jar:/home/user/.m2/repository/com/google/inject/guice/4.0/guice-4.0.jar:/home/user/.m2/repository/aopalliance/aopalliance/1.0/aopalliance-1.0.jar:/home/user/.m2/repository/com/google/inject/extensions/guice-servlet/4.0/guice-servlet-4.0.jar:/home/user/.m2/repository/org/glassfish/jersey/containers/jersey-container-servlet/2.27/jersey-container-servlet-2.27.jar:/home/user/.m2/repository/org/glassfish/hk2/guice-bridge/2.5.0/guice-bridge-2.5.0.jar:/home/user/.m2/repository/org/glassfish/jersey/core/jersey-server/2.27/jersey-server-2.27.jar:/home/user/.m2/repository/org/glassfish/jersey/core/jersey-client/2.27/jersey-client-2.27.jar:/home/user/.m2/repository/org/glassfish/jersey/media/jersey-media-jaxb/2.27/jersey-media-jaxb-2.27.jar:/home/user/.m2/repository/javax/validation/validation-api/1.1.0.Final/validation-api-1.1.0.Final.jar:/home/user/.m2/repository/org/glassfish/jersey/media/jersey-media-json-jackson/2.27/jersey-media-json-jackson-2.27.jar:/home/user/.m2/repository/org/glassfish/jersey/ext/jersey-entity-filtering/2.27/jersey-entity-filtering-2.27.jar:/home/user/.m2/repository/com/google/inject/extensions/guice-assistedinject/4.0/guice-assistedinject-4.0.jar:/home/user/.m2/repository/org/jooq/jooq/3.11.10/jooq-3.11.10.jar:/home/user/.m2/repository/org/jooq/jooq-meta/3.11.10/jooq-meta-3.11.10.jar:/home/user/.m2/repository/org/jooq/jooq-codegen/3.11.10/jooq-codegen-3.11.10.jar:/home/user/.m2/repository/com/jolbox/bonecp/0.8.0.RELEASE/bonecp-0.8.0.RELEASE.jar:/home/user/.m2/repository/org/xerial/sqlite-jdbc/3.25.2/sqlite-jdbc-3.25.2.jar:/home/user/.m2/repository/org/springframework/spring-jdbc/5.1.3.RELEASE/spring-jdbc-5.1.3.RELEASE.jar:/home/user/.m2/repository/org/springframework/spring-beans/5.1.3.RELEASE/spring-beans-5.1.3.RELEASE.jar:/home/user/.m2/repository/org/springframework/spring-core/5.1.3.RELEASE/spring-core-5.1.3.RELEASE.jar:/home/user/.m2/repository/org/springframework/spring-jcl/5.1.3.RELEASE/spring-jcl-5.1.3.RELEASE.jar:/home/user/.m2/repository/org/springframework/spring-tx/5.1.3.RELEASE/spring-tx-5.1.3.RELEASE.jar:/home/user/.m2/repository/org/apache/hadoop/hadoop-ozone-client/0.5.0-SNAPSHOT/hadoop-ozone-client-0.5.0-SNAPSHOT.jar:/home/user/.m2/repository/commons-lang/commons-lang/2.6/commons-lang-2.6.jar:/home/user/.m2/repository/org/apache/hadoop/hadoop-ozone-ozone-manager/0.5.0-SNAPSHOT/hadoop-ozone-ozone-manager-0.5.0-SNAPSHOT-tests.jar:/home/user/.m2/repository/junit/junit/4.11/junit-4.11.jar:/home/user/.m2/repository/org/hamcrest/hamcrest-core/1.3/hamcrest-core-1.3.jar:/home/user/.m2/repository/org/openjdk/jmh/jmh-core/1.19/jmh-core-1.19.jar:/home/user/.m2/repository/net/sf/jopt-simple/jopt-simple/4.6/jopt-simple-4.6.jar:/home/user/.m2/repository/org/apache/commons/commons-math3/3.1.1/commons-math3-3.1.1.jar:/home/user/.m2/repository/org/openjdk/jmh/jmh-generator-annprocess/1.19/jmh-generator-annprocess-1.19.jar:/home/user/.m2/repository/org/mockito/mockito-all/1.8.5/mockito-all-1.8.5.jar:/home/user/.m2/repository/org/apache/hadoop/hadoop-kms/3.2.0/hadoop-kms-3.2.0.jar:/home/user/.m2/repository/org/apache/hadoop/hadoop-auth/3.2.0/hadoop-auth-3.2.0.jar:/home/user/.m2/repository/com/nimbusds/nimbus-jose-jwt/4.41.1/nimbus-jose-jwt-4.41.1.jar:/home/user/.m2/repository/com/github/stephenc/jcip/jcip-annotations/1.0-1/jcip-annotations-1.0-1.jar:/home/user/.m2/repository/net/minidev/json-smart/2.3/json-smart-2.3.jar:/home/user/.m2/repository/net/minidev/accessors-smart/1.2/accessors-smart-1.2.jar:/home/user/.m2/repository/org/ow2/asm/asm/5.0.4/asm-5.0.4.jar:/home/user/.m2/repository/org/apache/curator/curator-framework/2.12.0/curator-framework-2.12.0.jar:/home/user/.m2/repository/com/sun/jersey/jersey-core/1.19/jersey-core-1.19.jar:/home/user/.m2/repository/javax/ws/rs/jsr311-api/1.1.1/jsr311-api-1.1.1.jar:/home/user/.m2/repository/com/sun/jersey/jersey-server/1.19/jersey-server-1.19.jar:/home/user/.m2/repository/javax/servlet/javax.servlet-api/3.1.0/javax.servlet-api-3.1.0.jar:/home/user/.m2/repository/org/eclipse/jetty/jetty-server/9.3.25.v20180904/jetty-server-9.3.25.v20180904.jar:/home/user/.m2/repository/org/eclipse/jetty/jetty-http/9.3.25.v20180904/jetty-http-9.3.25.v20180904.jar:/home/user/.m2/repository/org/eclipse/jetty/jetty-io/9.3.25.v20180904/jetty-io-9.3.25.v20180904.jar:/home/user/.m2/repository/org/eclipse/jetty/jetty-webapp/9.3.25.v20180904/jetty-webapp-9.3.25.v20180904.jar:/home/user/.m2/repository/org/eclipse/jetty/jetty-xml/9.3.25.v20180904/jetty-xml-9.3.25.v20180904.jar:/home/user/.m2/repository/log4j/log4j/1.2.17/log4j-1.2.17.jar:/home/user/.m2/repository/org/slf4j/slf4j-api/1.7.25/slf4j-api-1.7.25.jar:/home/user/.m2/repository/org/slf4j/jul-to-slf4j/1.7.25/jul-to-slf4j-1.7.25.jar:/home/user/.m2/repository/org/eclipse/jetty/jetty-util/9.3.25.v20180904/jetty-util-9.3.25.v20180904.jar:/home/user/.m2/repository/com/fasterxml/jackson/core/jackson-databind/2.9.9/jackson-databind-2.9.9.jar:/home/user/.m2/repository/org/apache/hadoop/hadoop-kms/3.2.0/hadoop-kms-3.2.0-tests.jar:/home/user/.m2/repository/org/apache/hadoop/hadoop-hdds-server-scm/0.5.0-SNAPSHOT/hadoop-hdds-server-scm-0.5.0-SNAPSHOT-tests.jar:/home/user/.m2/repository/org/apache/hadoop/hadoop-hdds-container-service/0.5.0-SNAPSHOT/hadoop-hdds-container-service-0.5.0-SNAPSHOT-tests.jar:/home/user/.m2/repository/org/yaml/snakeyaml/1.16/snakeyaml-1.16.jar:/home/user/.m2/repository/org/apache/hadoop/hadoop-common/3.2.0/hadoop-common-3.2.0-tests.jar:/home/user/.m2/repository/org/apache/hadoop/hadoop-annotations/3.2.0/hadoop-annotations-3.2.0.jar:/usr/lib/jvm/java-1.8.0-openjdk-1.8.0.222.b10-1.el7_7.x86_64/jre/../lib/tools.jar:/home/user/.m2/repository/commons-cli/commons-cli/1.2/commons-cli-1.2.jar:/home/user/.m2/repository/org/apache/httpcomponents/httpclient/4.5.2/httpclient-4.5.2.jar:/home/user/.m2/repository/org/apache/httpcomponents/httpcore/4.4.4/httpcore-4.4.4.jar:/home/user/.m2/repository/commons-codec/commons-codec/1.11/commons-codec-1.11.jar:/home/user/.m2/repository/commons-net/commons-net/3.6/commons-net-3.6.jar:/home/user/.m2/repository/commons-collections/commons-collections/3.2.2/commons-collections-3.2.2.jar:/home/user/.m2/repository/org/eclipse/jetty/jetty-servlet/9.3.25.v20180904/jetty-servlet-9.3.25.v20180904.jar:/home/user/.m2/repository/org/eclipse/jetty/jetty-security/9.3.25.v20180904/jetty-security-9.3.25.v20180904.jar:/home/user/.m2/repository/javax/servlet/jsp/jsp-api/2.1/jsp-api-2.1.jar:/home/user/.m2/repository/com/sun/jersey/jersey-servlet/1.19/jersey-servlet-1.19.jar:/home/user/.m2/repository/com/sun/jersey/jersey-json/1.19/jersey-json-1.19.jar:/home/user/.m2/repository/org/codehaus/jettison/jettison/1.1/jettison-1.1.jar:/home/user/.m2/repository/org/codehaus/jackson/jackson-core-asl/1.9.13/jackson-core-asl-1.9.13.jar:/home/user/.m2/repository/org/codehaus/jackson/jackson-mapper-asl/1.9.13/jackson-mapper-asl-1.9.13.jar:/home/user/.m2/repository/org/codehaus/jackson/jackson-jaxrs/1.9.13/jackson-jaxrs-1.9.13.jar:/home/user/.m2/repository/org/codehaus/jackson/jackson-xc/1.9.13/jackson-xc-1.9.13.jar:/home/user/.m2/repository/commons-logging/commons-logging/1.1.3/commons-logging-1.1.3.jar:/home/user/.m2/repository/commons-beanutils/commons-beanutils/1.9.4/commons-beanutils-1.9.4.jar:/home/user/.m2/repository/org/apache/commons/commons-configuration2/2.1.1/commons-configuration2-2.1.1.jar:/home/user/.m2/repository/org/apache/commons/commons-lang3/3.7/commons-lang3-3.7.jar:/home/user/.m2/repository/org/apache/commons/commons-text/1.4/commons-text-1.4.jar:/home/user/.m2/repository/org/apache/avro/avro/1.7.7/avro-1.7.7.jar:/home/user/.m2/repository/com/thoughtworks/paranamer/paranamer/2.3/paranamer-2.3.jar:/home/user/.m2/repository/org/xerial/snappy/snappy-java/1.0.5/snappy-java-1.0.5.jar:/home/user/.m2/repository/com/google/re2j/re2j/1.1/re2j-1.1.jar:/home/user/.m2/repository/com/google/code/gson/gson/2.2.4/gson-2.2.4.jar:/home/user/.m2/repository/com/jcraft/jsch/0.1.54/jsch-0.1.54.jar:/home/user/.m2/repository/org/apache/curator/curator-client/2.12.0/curator-client-2.12.0.jar:/home/user/.m2/repository/org/apache/curator/curator-recipes/2.12.0/curator-recipes-2.12.0.jar:/home/user/.m2/repository/com/google/code/findbugs/jsr305/3.0.0/jsr305-3.0.0.jar:/home/user/.m2/repository/org/apache/htrace/htrace-core4/4.1.0-incubating/htrace-core4-4.1.0-incubating.jar:/home/user/.m2/repository/org/apache/zookeeper/zookeeper/3.4.13/zookeeper-3.4.13.jar:/home/user/.m2/repository/jline/jline/0.9.94/jline-0.9.94.jar:/home/user/.m2/repository/org/apache/yetus/audience-annotations/0.5.0/audience-annotations-0.5.0.jar:/home/user/.m2/repository/org/codehaus/woodstox/stax2-api/3.1.4/stax2-api-3.1.4.jar:/home/user/.m2/repository/com/fasterxml/woodstox/woodstox-core/5.0.3/woodstox-core-5.0.3.jar:/home/user/.m2/repository/dnsjava/dnsjava/2.1.7/dnsjava-2.1.7.jar:/home/user/.m2/repository/org/apache/hadoop/hadoop-hdfs/3.2.0/hadoop-hdfs-3.2.0-tests.jar:/home/user/.m2/repository/org/eclipse/jetty/jetty-util-ajax/9.3.25.v20180904/jetty-util-ajax-9.3.25.v20180904.jar:/home/user/.m2/repository/commons-daemon/commons-daemon/1.0.13/commons-daemon-1.0.13.jar:/home/user/.m2/repository/io/netty/netty/3.10.5.Final/netty-3.10.5.Final.jar:/home/user/.m2/repository/io/netty/netty-all/4.0.52.Final/netty-all-4.0.52.Final.jar:/home/user/.m2/repository/org/fusesource/leveldbjni/leveldbjni-all/1.8/leveldbjni-all-1.8.jar:"/>
    <property name="sun.cpu.endian" value="little"/>
    <property name="user.home" value="/home/user"/>
    <property name="user.language" value="en"/>
    <property name="java.specification.vendor" value="Oracle Corporation"/>
    <property name="java.home" value="/usr/lib/jvm/java-1.8.0-openjdk-1.8.0.222.b10-1.el7_7.x86_64/jre"/>
    <property name="surefire.excludesFile" value="/tools/ozone-bad-unit-tests"/>
    <property name="java.security.krb5.conf" value="/workdir/hadoop-ozone/integration-test/target/test-classes/krb5.conf"/>
    <property name="basedir" value="/workdir/hadoop-ozone/integration-test"/>
    <property name="file.separator" value="/"/>
    <property name="line.separator" value="&#10;"/>
    <property name="java.vm.specification.vendor" value="Oracle Corporation"/>
    <property name="java.specification.name" value="Java Platform API Specification"/>
    <property name="java.awt.graphicsenv" value="sun.awt.X11GraphicsEnvironment"/>
    <property name="surefire.real.class.path" value="/workdir/hadoop-ozone/integration-test/target/surefire/surefirebooter7488122810247182536.jar"/>
    <property name="hadoop.log.dir" value="/workdir/hadoop-ozone/integration-test/target/log"/>
    <property name="sun.boot.class.path" value="/usr/lib/jvm/java-1.8.0-openjdk-1.8.0.222.b10-1.el7_7.x86_64/jre/lib/resources.jar:/usr/lib/jvm/java-1.8.0-openjdk-1.8.0.222.b10-1.el7_7.x86_64/jre/lib/rt.jar:/usr/lib/jvm/java-1.8.0-openjdk-1.8.0.222.b10-1.el7_7.x86_64/jre/lib/sunrsasign.jar:/usr/lib/jvm/java-1.8.0-openjdk-1.8.0.222.b10-1.el7_7.x86_64/jre/lib/jsse.jar:/usr/lib/jvm/java-1.8.0-openjdk-1.8.0.222.b10-1.el7_7.x86_64/jre/lib/jce.jar:/usr/lib/jvm/java-1.8.0-openjdk-1.8.0.222.b10-1.el7_7.x86_64/jre/lib/charsets.jar:/usr/lib/jvm/java-1.8.0-openjdk-1.8.0.222.b10-1.el7_7.x86_64/jre/lib/jfr.jar:/usr/lib/jvm/java-1.8.0-openjdk-1.8.0.222.b10-1.el7_7.x86_64/jre/classes"/>
    <property name="sun.management.compiler" value="HotSpot 64-Bit Tiered Compilers"/>
    <property name="java.runtime.version" value="1.8.0_222-b10"/>
    <property name="java.net.preferIPv4Stack" value="true"/>
    <property name="user.name" value="jenkins1000"/>
    <property name="path.separator" value=":"/>
    <property name="java.security.egd" value="file:///dev/urandom"/>
    <property name="os.version" value="3.10.0-957.12.2.el7.x86_64"/>
    <property name="java.endorsed.dirs" value="/usr/lib/jvm/java-1.8.0-openjdk-1.8.0.222.b10-1.el7_7.x86_64/jre/lib/endorsed"/>
    <property name="java.runtime.name" value="OpenJDK Runtime Environment"/>
    <property name="file.encoding" value="ANSI_X3.4-1968"/>
    <property name="java.vm.name" value="OpenJDK 64-Bit Server VM"/>
    <property name="test.build.webapps" value=""/>
    <property name="localRepository" value="/home/user/.m2/repository"/>
    <property name="java.vendor.url.bug" value="http://bugreport.sun.com/bugreport/"/>
    <property name="java.io.tmpdir" value="/tmp"/>
    <property name="require.test.libhadoop" value=""/>
    <property name="java.version" value="1.8.0_222"/>
    <property name="user.dir" value="/workdir/hadoop-ozone/integration-test"/>
    <property name="os.arch" value="amd64"/>
    <property name="java.vm.specification.name" value="Java Virtual Machine Specification"/>
    <property name="test.build.classes" value="/workdir/hadoop-ozone/integration-test/target/test-classes"/>
    <property name="java.awt.printerjob" value="sun.print.PSPrinterJob"/>
    <property name="sun.os.patch.level" value="unknown"/>
    <property name="hadoop.tmp.dir" value="/workdir/hadoop-ozone/integration-test/target/tmp"/>
    <property name="java.library.path" value="/usr/lib:/workdir/hadoop-ozone/integration-test/target/native/target/usr/local/lib:/workdir/hadoop-ozone/integration-test/../../hadoop-common-project/hadoop-common/target/native/target/usr/local/lib:/usr/java/packages/lib/amd64:/usr/lib64:/lib64:/lib:/usr/lib"/>
    <property name="java.vm.info" value="mixed mode"/>
    <property name="java.vendor" value="Oracle Corporation"/>
    <property name="java.vm.version" value="25.222-b10"/>
    <property name="java.ext.dirs" value="/usr/lib/jvm/java-1.8.0-openjdk-1.8.0.222.b10-1.el7_7.x86_64/jre/lib/ext:/usr/java/packages/lib/ext"/>
    <property name="sun.io.unicode.encoding" value="UnicodeLittle"/>
    <property name="java.class.version" value="52.0"/>
  </properties>
  <testcase name="testPipelineExclusionWithPipelineFailure" classname="org.apache.hadoop.ozone.client.rpc.TestFailureHandlingByClient" time="66.595"/>
  <testcase name="testContainerExclusionWithClosedContainerException" classname="org.apache.hadoop.ozone.client.rpc.TestFailureHandlingByClient" time="35.797"/>
  <testcase name="testWriteSmallFile" classname="org.apache.hadoop.ozone.client.rpc.TestFailureHandlingByClient" time="63.394"/>
  <testcase name="testBlockWritesWithDnFailures" classname="org.apache.hadoop.ozone.client.rpc.TestFailureHandlingByClient" time="62.502"/>
  <testcase name="testDatanodeExclusionWithMajorityCommit" classname="org.apache.hadoop.ozone.client.rpc.TestFailureHandlingByClient" time="57.772">
    <failure type="java.lang.AssertionError">java.lang.AssertionError
	at org.junit.Assert.fail(Assert.java:86)
	at org.junit.Assert.assertTrue(Assert.java:41)
	at org.junit.Assert.assertTrue(Assert.java:52)
	at org.apache.hadoop.ozone.client.rpc.TestFailureHandlingByClient.testDatanodeExclusionWithMajorityCommit(TestFailureHandlingByClient.java:324)
	at sun.reflect.NativeMethodAccessorImpl.invoke0(Native Method)
	at sun.reflect.NativeMethodAccessorImpl.invoke(NativeMethodAccessorImpl.java:62)
	at sun.reflect.DelegatingMethodAccessorImpl.invoke(DelegatingMethodAccessorImpl.java:43)
	at java.lang.reflect.Method.invoke(Method.java:498)
	at org.junit.runners.model.FrameworkMethod$1.runReflectiveCall(FrameworkMethod.java:47)
	at org.junit.internal.runners.model.ReflectiveCallable.run(ReflectiveCallable.java:12)
	at org.junit.runners.model.FrameworkMethod.invokeExplosively(FrameworkMethod.java:44)
	at org.junit.internal.runners.statements.InvokeMethod.evaluate(InvokeMethod.java:17)
	at org.junit.internal.runners.statements.RunAfters.evaluate(RunAfters.java:27)
	at org.junit.runners.ParentRunner.runLeaf(ParentRunner.java:271)
	at org.junit.runners.BlockJUnit4ClassRunner.runChild(BlockJUnit4ClassRunner.java:70)
	at org.junit.runners.BlockJUnit4ClassRunner.runChild(BlockJUnit4ClassRunner.java:50)
	at org.junit.runners.ParentRunner$3.run(ParentRunner.java:238)
	at org.junit.runners.ParentRunner$1.schedule(ParentRunner.java:63)
	at org.junit.runners.ParentRunner.runChildren(ParentRunner.java:236)
	at org.junit.runners.ParentRunner.access$000(ParentRunner.java:53)
	at org.junit.runners.ParentRunner$2.evaluate(ParentRunner.java:229)
	at org.junit.runners.ParentRunner.run(ParentRunner.java:309)
	at org.apache.maven.surefire.junit4.JUnit4Provider.execute(JUnit4Provider.java:365)
	at org.apache.maven.surefire.junit4.JUnit4Provider.executeWithRerun(JUnit4Provider.java:273)
	at org.apache.maven.surefire.junit4.JUnit4Provider.executeTestSet(JUnit4Provider.java:238)
	at org.apache.maven.surefire.junit4.JUnit4Provider.invoke(JUnit4Provider.java:159)
	at org.apache.maven.surefire.booter.ForkedBooter.invokeProviderInSameClassLoader(ForkedBooter.java:384)
	at org.apache.maven.surefire.booter.ForkedBooter.runSuitesInProcess(ForkedBooter.java:345)
	at org.apache.maven.surefire.booter.ForkedBooter.execute(ForkedBooter.java:126)
	at org.apache.maven.surefire.booter.ForkedBooter.main(ForkedBooter.java:418)
</failure>
    <system-out><![CDATA[2019-10-28 08:19:19,171 [main] WARN  server.ServerUtils (ServerUtils.java:getScmDbDir(145)) - ozone.scm.db.dirs is not configured. We recommend adding this setting. Falling back to ozone.metadata.dirs instead.
2019-10-28 08:19:19,205 [main] WARN  server.ServerUtils (ServerUtils.java:getScmDbDir(145)) - ozone.scm.db.dirs is not configured. We recommend adding this setting. Falling back to ozone.metadata.dirs instead.
2019-10-28 08:19:19,205 [main] WARN  server.ServerUtils (ServerUtils.java:getScmDbDir(145)) - ozone.scm.db.dirs is not configured. We recommend adding this setting. Falling back to ozone.metadata.dirs instead.
2019-10-28 08:19:19,206 [main] INFO  db.DBStoreBuilder (DBStoreBuilder.java:addTable(117)) - using custom profile for table: deletedBlocks
2019-10-28 08:19:19,206 [main] INFO  db.DBStoreBuilder (DBStoreBuilder.java:processTables(168)) - Using default column profile:DBProfile.DISK for Table:deletedBlocks
2019-10-28 08:19:19,207 [main] INFO  db.DBStoreBuilder (DBStoreBuilder.java:addTable(117)) - using custom profile for table: validCerts
2019-10-28 08:19:19,207 [main] INFO  db.DBStoreBuilder (DBStoreBuilder.java:processTables(168)) - Using default column profile:DBProfile.DISK for Table:validCerts
2019-10-28 08:19:19,207 [main] INFO  db.DBStoreBuilder (DBStoreBuilder.java:addTable(117)) - using custom profile for table: revokedCerts
2019-10-28 08:19:19,207 [main] INFO  db.DBStoreBuilder (DBStoreBuilder.java:processTables(168)) - Using default column profile:DBProfile.DISK for Table:revokedCerts
2019-10-28 08:19:19,208 [main] INFO  db.DBStoreBuilder (DBStoreBuilder.java:addTable(117)) - using custom profile for table: default
2019-10-28 08:19:19,208 [main] INFO  db.DBStoreBuilder (DBStoreBuilder.java:processTables(174)) - Using default column profile:DBProfile.DISK for Table:default
2019-10-28 08:19:19,208 [main] INFO  db.DBStoreBuilder (DBStoreBuilder.java:getDbProfile(205)) - Using default options. DBProfile.DISK
2019-10-28 08:19:19,403 [main] INFO  net.NodeSchemaLoader (NodeSchemaLoader.java:loadSchemaFromFile(125)) - Loading file from sun.misc.CompoundEnumeration@6fbf5db2
2019-10-28 08:19:19,404 [main] INFO  net.NodeSchemaLoader (NodeSchemaLoader.java:loadSchema(171)) - Loading network topology layer schema file
2019-10-28 08:19:19,410 [main] INFO  node.SCMNodeManager (SCMNodeManager.java:<init>(116)) - Entering startup safe mode.
2019-10-28 08:19:19,411 [main] INFO  algorithms.ContainerPlacementPolicyFactory (ContainerPlacementPolicyFactory.java:getPolicy(59)) - Create container placement policy of type org.apache.hadoop.hdds.scm.container.placement.algorithms.SCMContainerPlacementRandom
2019-10-28 08:19:19,411 [main] WARN  server.ServerUtils (ServerUtils.java:getScmDbDir(145)) - ozone.scm.db.dirs is not configured. We recommend adding this setting. Falling back to ozone.metadata.dirs instead.
2019-10-28 08:19:19,471 [main] INFO  pipeline.SCMPipelineManager (SCMPipelineManager.java:initializePipelineState(128)) - No pipeline exists in current db
2019-10-28 08:19:19,472 [main] WARN  server.ServerUtils (ServerUtils.java:getScmDbDir(145)) - ozone.scm.db.dirs is not configured. We recommend adding this setting. Falling back to ozone.metadata.dirs instead.
2019-10-28 08:19:19,537 [main] WARN  events.EventQueue (EventQueue.java:fireEvent(183)) - No event handler registered for event TypedEvent{payloadType=SafeModeStatus, name='SafeModeStatus'}
2019-10-28 08:19:19,539 [main] INFO  ipc.CallQueueManager (CallQueueManager.java:<init>(84)) - Using callQueue: class java.util.concurrent.LinkedBlockingQueue, queueCapacity: 2000, scheduler: class org.apache.hadoop.ipc.DefaultRpcScheduler, ipcBackoff: false.
2019-10-28 08:19:19,540 [Socket Reader #1 for port 46334] INFO  ipc.Server (Server.java:run(1074)) - Starting Socket Reader #1 for port 46334
2019-10-28 08:19:19,542 [main] INFO  ipc.CallQueueManager (CallQueueManager.java:<init>(84)) - Using callQueue: class java.util.concurrent.LinkedBlockingQueue, queueCapacity: 2000, scheduler: class org.apache.hadoop.ipc.DefaultRpcScheduler, ipcBackoff: false.
2019-10-28 08:19:19,543 [Socket Reader #1 for port 38320] INFO  ipc.Server (Server.java:run(1074)) - Starting Socket Reader #1 for port 38320
2019-10-28 08:19:19,545 [main] INFO  ipc.CallQueueManager (CallQueueManager.java:<init>(84)) - Using callQueue: class java.util.concurrent.LinkedBlockingQueue, queueCapacity: 2000, scheduler: class org.apache.hadoop.ipc.DefaultRpcScheduler, ipcBackoff: false.
2019-10-28 08:19:19,546 [Socket Reader #1 for port 33079] INFO  ipc.Server (Server.java:run(1074)) - Starting Socket Reader #1 for port 33079
2019-10-28 08:19:19,550 [main] INFO  hdfs.DFSUtil (DFSUtil.java:httpServerTemplateForNNAndJN(1641)) - Starting Web-server for scm at: http://0.0.0.0:0
2019-10-28 08:19:19,552 [main] INFO  server.AuthenticationFilter (AuthenticationFilter.java:constructSecretProvider(240)) - Unable to initialize FileSignerSecretProvider, falling back to use random secrets.
2019-10-28 08:19:19,552 [main] WARN  http.HttpRequestLog (HttpRequestLog.java:getRequestLog(97)) - Jetty request log can only be enabled using Log4j
2019-10-28 08:19:19,554 [main] INFO  http.HttpServer2 (HttpServer2.java:addGlobalFilter(975)) - Added global filter 'safety' (class=org.apache.hadoop.http.HttpServer2$QuotingInputFilter)
2019-10-28 08:19:19,554 [main] INFO  http.HttpServer2 (HttpServer2.java:addFilter(948)) - Added filter static_user_filter (class=org.apache.hadoop.http.lib.StaticUserWebFilter$StaticUserFilter) to context scm
2019-10-28 08:19:19,555 [main] INFO  http.HttpServer2 (HttpServer2.java:addFilter(958)) - Added filter static_user_filter (class=org.apache.hadoop.http.lib.StaticUserWebFilter$StaticUserFilter) to context static
2019-10-28 08:19:19,555 [main] INFO  http.HttpServer2 (HttpServer2.java:addFilter(958)) - Added filter static_user_filter (class=org.apache.hadoop.http.lib.StaticUserWebFilter$StaticUserFilter) to context logs
2019-10-28 08:19:19,556 [main] INFO  server.StorageContainerManager (StorageContainerManager.java:start(772)) - StorageContainerLocationProtocol RPC server is listening at /0.0.0.0:33079
2019-10-28 08:19:19,558 [main] WARN  impl.MetricsConfig (MetricsConfig.java:loadFirst(134)) - Cannot locate configuration: tried hadoop-metrics2-storagecontainermanager.properties,hadoop-metrics2.properties
2019-10-28 08:19:19,559 [main] INFO  impl.MetricsSystemImpl (MetricsSystemImpl.java:startTimer(374)) - Scheduled Metric snapshot period at 10 second(s).
2019-10-28 08:19:19,560 [main] INFO  impl.MetricsSystemImpl (MetricsSystemImpl.java:start(191)) - StorageContainerManager metrics system started
2019-10-28 08:19:19,730 [main] WARN  impl.MetricsSystemImpl (MetricsSystemImpl.java:register(276)) - Sink prometheus already exists!
2019-10-28 08:19:19,812 [main] INFO  server.SCMClientProtocolServer (SCMClientProtocolServer.java:start(159)) - RPC server for Client  is listening at /0.0.0.0:33079
2019-10-28 08:19:19,813 [IPC Server Responder] INFO  ipc.Server (Server.java:run(1314)) - IPC Server Responder: starting
2019-10-28 08:19:19,813 [IPC Server listener on 33079] INFO  ipc.Server (Server.java:run(1153)) - IPC Server listener on 33079: starting
2019-10-28 08:19:19,818 [main] INFO  server.StorageContainerManager (StorageContainerManager.java:start(782)) - ScmBlockLocationProtocol RPC server is listening at /0.0.0.0:38320
2019-10-28 08:19:19,818 [main] INFO  server.SCMBlockProtocolServer (SCMBlockProtocolServer.java:start(146)) - RPC server for Block Protocol is listening at /0.0.0.0:38320
2019-10-28 08:19:19,818 [IPC Server Responder] INFO  ipc.Server (Server.java:run(1314)) - IPC Server Responder: starting
2019-10-28 08:19:19,818 [IPC Server listener on 38320] INFO  ipc.Server (Server.java:run(1153)) - IPC Server listener on 38320: starting
2019-10-28 08:19:19,823 [main] INFO  server.StorageContainerManager (StorageContainerManager.java:start(786)) - ScmDatanodeProtocl RPC server is listening at /0.0.0.0:46334
2019-10-28 08:19:19,823 [main] INFO  server.SCMDatanodeProtocolServer (SCMDatanodeProtocolServer.java:start(169)) - RPC server for DataNodes is listening at /0.0.0.0:46334
2019-10-28 08:19:19,824 [IPC Server Responder] INFO  ipc.Server (Server.java:run(1314)) - IPC Server Responder: starting
2019-10-28 08:19:19,824 [IPC Server listener on 46334] INFO  ipc.Server (Server.java:run(1153)) - IPC Server listener on 46334: starting
2019-10-28 08:19:19,829 [main] INFO  http.HttpServer2 (HttpServer2.java:bindListener(1191)) - Jetty bound to port 44595
2019-10-28 08:19:19,829 [main] INFO  server.Server (Server.java:doStart(351)) - jetty-9.3.25.v20180904, build timestamp: 2018-09-04T21:11:46Z, git hash: 3ce520221d0240229c862b122d2b06c12a625732
2019-10-28 08:19:19,832 [main] INFO  handler.ContextHandler (ContextHandler.java:doStart(781)) - Started o.e.j.s.ServletContextHandler@584ca390{/logs,file:///workdir/hadoop-ozone/integration-test/target/log,AVAILABLE}
2019-10-28 08:19:19,832 [main] INFO  handler.ContextHandler (ContextHandler.java:doStart(781)) - Started o.e.j.s.ServletContextHandler@37d3e140{/static,file:///workdir/hadoop-ozone/integration-test/target/test-classes/webapps/static,AVAILABLE}
2019-10-28 08:19:19,838 [main] INFO  handler.ContextHandler (ContextHandler.java:doStart(781)) - Started o.e.j.w.WebAppContext@256589a1{/,file:///workdir/hadoop-ozone/integration-test/target/test-classes/webapps/scm/,AVAILABLE}{/scm}
2019-10-28 08:19:19,838 [main] INFO  server.AbstractConnector (AbstractConnector.java:doStart(278)) - Started ServerConnector@935493d{HTTP/1.1,[http/1.1]}{0.0.0.0:44595}
2019-10-28 08:19:19,840 [main] INFO  server.Server (Server.java:doStart(419)) - Started @229369ms
2019-10-28 08:19:19,840 [main] WARN  impl.MetricsSystemImpl (MetricsSystemImpl.java:register(276)) - Sink prometheus already exists!
2019-10-28 08:19:19,841 [main] INFO  server.BaseHttpServer (BaseHttpServer.java:updateConnectorAddress(215)) - HTTP server of SCM is listening at http://0.0.0.0:44595
2019-10-28 08:19:19,841 [main] WARN  server.ServerUtils (ServerUtils.java:getDBPath(222)) - ozone.om.db.dirs is not configured. We recommend adding this setting. Falling back to ozone.metadata.dirs instead.
2019-10-28 08:19:19,843 [org.apache.hadoop.util.JvmPauseMonitor$Monitor@34c62fdf] INFO  util.JvmPauseMonitor (JvmPauseMonitor.java:run(188)) - Starting JVM pause monitor
2019-10-28 08:19:19,856 [main] INFO  ha.OMHANodeDetails (OMHANodeDetails.java:loadOMHAConfig(190)) - Configuration either no ozone.om.address set. Falling back to the default OM address /127.0.0.1:0
2019-10-28 08:19:19,856 [main] INFO  ha.OMHANodeDetails (OMHANodeDetails.java:getOMNodeDetails(220)) - OM Service ID is not set. Setting it to the default ID: omServiceIdDefault
2019-10-28 08:19:19,856 [main] WARN  server.ServerUtils (ServerUtils.java:getDBPath(222)) - ozone.om.db.dirs is not configured. We recommend adding this setting. Falling back to ozone.metadata.dirs instead.
2019-10-28 08:19:19,857 [main] WARN  server.ServerUtils (ServerUtils.java:getDBPath(222)) - ozone.om.db.dirs is not configured. We recommend adding this setting. Falling back to ozone.metadata.dirs instead.
2019-10-28 08:19:19,864 [main] WARN  server.ServerUtils (ServerUtils.java:getDBPath(222)) - ozone.om.db.dirs is not configured. We recommend adding this setting. Falling back to ozone.metadata.dirs instead.
2019-10-28 08:19:19,865 [main] INFO  db.DBStoreBuilder (DBStoreBuilder.java:addTable(117)) - using custom profile for table: userTable
2019-10-28 08:19:19,865 [main] INFO  db.DBStoreBuilder (DBStoreBuilder.java:processTables(168)) - Using default column profile:DBProfile.DISK for Table:userTable
2019-10-28 08:19:19,865 [main] INFO  db.DBStoreBuilder (DBStoreBuilder.java:addTable(117)) - using custom profile for table: volumeTable
2019-10-28 08:19:19,865 [main] INFO  db.DBStoreBuilder (DBStoreBuilder.java:processTables(168)) - Using default column profile:DBProfile.DISK for Table:volumeTable
2019-10-28 08:19:19,865 [main] INFO  db.DBStoreBuilder (DBStoreBuilder.java:addTable(117)) - using custom profile for table: bucketTable
2019-10-28 08:19:19,866 [main] INFO  db.DBStoreBuilder (DBStoreBuilder.java:processTables(168)) - Using default column profile:DBProfile.DISK for Table:bucketTable
2019-10-28 08:19:19,866 [main] INFO  db.DBStoreBuilder (DBStoreBuilder.java:addTable(117)) - using custom profile for table: keyTable
2019-10-28 08:19:19,866 [main] INFO  db.DBStoreBuilder (DBStoreBuilder.java:processTables(168)) - Using default column profile:DBProfile.DISK for Table:keyTable
2019-10-28 08:19:19,866 [main] INFO  db.DBStoreBuilder (DBStoreBuilder.java:addTable(117)) - using custom profile for table: deletedTable
2019-10-28 08:19:19,866 [main] INFO  db.DBStoreBuilder (DBStoreBuilder.java:processTables(168)) - Using default column profile:DBProfile.DISK for Table:deletedTable
2019-10-28 08:19:19,866 [main] INFO  db.DBStoreBuilder (DBStoreBuilder.java:addTable(117)) - using custom profile for table: openKeyTable
2019-10-28 08:19:19,867 [main] INFO  db.DBStoreBuilder (DBStoreBuilder.java:processTables(168)) - Using default column profile:DBProfile.DISK for Table:openKeyTable
2019-10-28 08:19:19,867 [main] INFO  db.DBStoreBuilder (DBStoreBuilder.java:addTable(117)) - using custom profile for table: s3Table
2019-10-28 08:19:19,867 [main] INFO  db.DBStoreBuilder (DBStoreBuilder.java:processTables(168)) - Using default column profile:DBProfile.DISK for Table:s3Table
2019-10-28 08:19:19,867 [main] INFO  db.DBStoreBuilder (DBStoreBuilder.java:addTable(117)) - using custom profile for table: multipartInfoTable
2019-10-28 08:19:19,867 [main] INFO  db.DBStoreBuilder (DBStoreBuilder.java:processTables(168)) - Using default column profile:DBProfile.DISK for Table:multipartInfoTable
2019-10-28 08:19:19,867 [main] INFO  db.DBStoreBuilder (DBStoreBuilder.java:addTable(117)) - using custom profile for table: dTokenTable
2019-10-28 08:19:19,868 [main] INFO  db.DBStoreBuilder (DBStoreBuilder.java:processTables(168)) - Using default column profile:DBProfile.DISK for Table:dTokenTable
2019-10-28 08:19:19,868 [main] INFO  db.DBStoreBuilder (DBStoreBuilder.java:addTable(117)) - using custom profile for table: s3SecretTable
2019-10-28 08:19:19,868 [main] INFO  db.DBStoreBuilder (DBStoreBuilder.java:processTables(168)) - Using default column profile:DBProfile.DISK for Table:s3SecretTable
2019-10-28 08:19:19,868 [main] INFO  db.DBStoreBuilder (DBStoreBuilder.java:addTable(117)) - using custom profile for table: prefixTable
2019-10-28 08:19:19,868 [main] INFO  db.DBStoreBuilder (DBStoreBuilder.java:processTables(168)) - Using default column profile:DBProfile.DISK for Table:prefixTable
2019-10-28 08:19:19,868 [main] INFO  db.DBStoreBuilder (DBStoreBuilder.java:addTable(117)) - using custom profile for table: default
2019-10-28 08:19:19,869 [main] INFO  db.DBStoreBuilder (DBStoreBuilder.java:processTables(174)) - Using default column profile:DBProfile.DISK for Table:default
2019-10-28 08:19:19,869 [main] INFO  db.DBStoreBuilder (DBStoreBuilder.java:getDbProfile(205)) - Using default options. DBProfile.DISK
2019-10-28 08:19:20,383 [main] INFO  ipc.CallQueueManager (CallQueueManager.java:<init>(84)) - Using callQueue: class java.util.concurrent.LinkedBlockingQueue, queueCapacity: 2000, scheduler: class org.apache.hadoop.ipc.DefaultRpcScheduler, ipcBackoff: false.
2019-10-28 08:19:20,384 [Socket Reader #1 for port 42157] INFO  ipc.Server (Server.java:run(1074)) - Starting Socket Reader #1 for port 42157
2019-10-28 08:19:20,397 [main] INFO  om.OzoneManager (OzoneManager.java:start(1071)) - OzoneManager RPC server is listening at localhost/127.0.0.1:42157
2019-10-28 08:19:20,397 [main] INFO  impl.MetricsSystemImpl (MetricsSystemImpl.java:init(158)) - OzoneManager metrics system started (again)
2019-10-28 08:19:20,399 [IPC Server Responder] INFO  ipc.Server (Server.java:run(1314)) - IPC Server Responder: starting
2019-10-28 08:19:20,401 [IPC Server listener on 42157] INFO  ipc.Server (Server.java:run(1153)) - IPC Server listener on 42157: starting
2019-10-28 08:19:20,405 [main] INFO  hdfs.DFSUtil (DFSUtil.java:httpServerTemplateForNNAndJN(1641)) - Starting Web-server for ozoneManager at: http://0.0.0.0:0
2019-10-28 08:19:20,407 [main] INFO  server.AuthenticationFilter (AuthenticationFilter.java:constructSecretProvider(240)) - Unable to initialize FileSignerSecretProvider, falling back to use random secrets.
2019-10-28 08:19:20,408 [main] WARN  http.HttpRequestLog (HttpRequestLog.java:getRequestLog(97)) - Jetty request log can only be enabled using Log4j
2019-10-28 08:19:20,409 [main] INFO  http.HttpServer2 (HttpServer2.java:addGlobalFilter(975)) - Added global filter 'safety' (class=org.apache.hadoop.http.HttpServer2$QuotingInputFilter)
2019-10-28 08:19:20,410 [main] INFO  http.HttpServer2 (HttpServer2.java:addFilter(948)) - Added filter static_user_filter (class=org.apache.hadoop.http.lib.StaticUserWebFilter$StaticUserFilter) to context ozoneManager
2019-10-28 08:19:20,410 [main] INFO  http.HttpServer2 (HttpServer2.java:addFilter(958)) - Added filter static_user_filter (class=org.apache.hadoop.http.lib.StaticUserWebFilter$StaticUserFilter) to context static
2019-10-28 08:19:20,410 [main] INFO  http.HttpServer2 (HttpServer2.java:addFilter(958)) - Added filter static_user_filter (class=org.apache.hadoop.http.lib.StaticUserWebFilter$StaticUserFilter) to context logs
2019-10-28 08:19:20,411 [main] INFO  http.HttpServer2 (HttpServer2.java:bindListener(1191)) - Jetty bound to port 36782
2019-10-28 08:19:20,411 [main] INFO  server.Server (Server.java:doStart(351)) - jetty-9.3.25.v20180904, build timestamp: 2018-09-04T21:11:46Z, git hash: 3ce520221d0240229c862b122d2b06c12a625732
2019-10-28 08:19:20,413 [main] INFO  handler.ContextHandler (ContextHandler.java:doStart(781)) - Started o.e.j.s.ServletContextHandler@4ee8051c{/logs,file:///workdir/hadoop-ozone/integration-test/target/log,AVAILABLE}
2019-10-28 08:19:20,413 [main] INFO  handler.ContextHandler (ContextHandler.java:doStart(781)) - Started o.e.j.s.ServletContextHandler@53016b11{/static,file:///workdir/hadoop-ozone/integration-test/target/test-classes/webapps/static,AVAILABLE}
2019-10-28 08:19:20,418 [main] INFO  handler.ContextHandler (ContextHandler.java:doStart(781)) - Started o.e.j.w.WebAppContext@7f2b584b{/,file:///workdir/hadoop-ozone/integration-test/target/test-classes/webapps/ozoneManager/,AVAILABLE}{/ozoneManager}
2019-10-28 08:19:20,418 [main] INFO  server.AbstractConnector (AbstractConnector.java:doStart(278)) - Started ServerConnector@5866731{HTTP/1.1,[http/1.1]}{0.0.0.0:36782}
2019-10-28 08:19:20,419 [main] INFO  server.Server (Server.java:doStart(419)) - Started @229948ms
2019-10-28 08:19:20,419 [main] WARN  impl.MetricsSystemImpl (MetricsSystemImpl.java:register(276)) - Sink prometheus already exists!
2019-10-28 08:19:20,420 [main] INFO  server.BaseHttpServer (BaseHttpServer.java:updateConnectorAddress(215)) - HTTP server of OZONEMANAGER is listening at http://0.0.0.0:36782
2019-10-28 08:19:20,442 [main] INFO  impl.MetricsSystemImpl (MetricsSystemImpl.java:init(158)) - HddsDatanode metrics system started (again)
2019-10-28 08:19:20,447 [main] INFO  ozone.HddsDatanodeService (HddsDatanodeService.java:start(184)) - HddsDatanodeService host:pr-hdds-1569-5jqvn-3828718746 ip:192.168.34.22
2019-10-28 08:19:20,455 [main] INFO  volume.HddsVolume (HddsVolume.java:<init>(176)) - Creating Volume: /workdir/hadoop-ozone/integration-test/target/test-dir/MiniOzoneClusterImpl-15e79e0b-a28f-4a98-99e1-aed18379cb8e/datanode-0/data/containers/hdds of  storage type : DISK and capacity : 1482555576320
2019-10-28 08:19:20,456 [main] INFO  volume.VolumeSet (VolumeSet.java:initializeVolumeSet(170)) - Added Volume : /workdir/hadoop-ozone/integration-test/target/test-dir/MiniOzoneClusterImpl-15e79e0b-a28f-4a98-99e1-aed18379cb8e/datanode-0/data/containers/hdds to VolumeSet
2019-10-28 08:19:20,456 [main] INFO  volume.ThrottledAsyncChecker (ThrottledAsyncChecker.java:schedule(141)) - Scheduling a check for org.apache.hadoop.ozone.container.common.volume.HddsVolume@71166348
2019-10-28 08:19:20,456 [main] INFO  volume.HddsVolumeChecker (HddsVolumeChecker.java:checkAllVolumes(204)) - Scheduled health check for volume org.apache.hadoop.ozone.container.common.volume.HddsVolume@71166348
2019-10-28 08:19:20,473 [main] INFO  impl.RaftServerProxy (ConfUtils.java:logGet(43)) - raft.rpc.type = GRPC (default)
2019-10-28 08:19:20,473 [main] INFO  grpc.GrpcFactory (GrpcFactory.java:checkPooledByteBufAllocatorUseCacheForAllThreads(45)) - PERFORMANCE WARNING: useCacheForAllThreads is true that may cause Netty to create a lot garbage objects and, as a result, trigger GC.
	It is recommended to disable useCacheForAllThreads by setting -Dorg.apache.ratis.thirdparty.io.netty.allocator.useCacheForAllThreads=false in command line.
2019-10-28 08:19:20,473 [main] INFO  grpc.GrpcConfigKeys$Server (ConfUtils.java:logGet(43)) - raft.grpc.server.port = 0 (default)
2019-10-28 08:19:20,474 [main] INFO  server.GrpcService (ConfUtils.java:logGet(43)) - raft.grpc.message.size.max = 33570816 (custom)
2019-10-28 08:19:20,474 [main] INFO  server.RaftServerConfigKeys (ConfUtils.java:logGet(43)) - raft.server.log.appender.buffer.byte-limit = 33554432 (custom)
2019-10-28 08:19:20,474 [main] INFO  server.GrpcService (ConfUtils.java:logGet(43)) - raft.grpc.flow.control.window = 1MB (=1048576) (default)
2019-10-28 08:19:20,474 [main] INFO  server.RaftServerConfigKeys (ConfUtils.java:logGet(43)) - raft.server.rpc.request.timeout = 3000ms (default)
2019-10-28 08:19:20,475 [main] INFO  server.RaftServerConfigKeys (ConfUtils.java:logGet(43)) - raft.server.storage.dir = [/workdir/hadoop-ozone/integration-test/target/test-dir/MiniOzoneClusterImpl-15e79e0b-a28f-4a98-99e1-aed18379cb8e/datanode-0/data/ratis] (custom)
2019-10-28 08:19:20,477 [main] INFO  hdfs.DFSUtil (DFSUtil.java:httpServerTemplateForNNAndJN(1641)) - Starting Web-server for hddsDatanode at: http://0.0.0.0:0
2019-10-28 08:19:20,479 [main] INFO  server.AuthenticationFilter (AuthenticationFilter.java:constructSecretProvider(240)) - Unable to initialize FileSignerSecretProvider, falling back to use random secrets.
2019-10-28 08:19:20,479 [main] WARN  http.HttpRequestLog (HttpRequestLog.java:getRequestLog(97)) - Jetty request log can only be enabled using Log4j
2019-10-28 08:19:20,481 [main] INFO  http.HttpServer2 (HttpServer2.java:addGlobalFilter(975)) - Added global filter 'safety' (class=org.apache.hadoop.http.HttpServer2$QuotingInputFilter)
2019-10-28 08:19:20,481 [main] INFO  http.HttpServer2 (HttpServer2.java:addFilter(948)) - Added filter static_user_filter (class=org.apache.hadoop.http.lib.StaticUserWebFilter$StaticUserFilter) to context hddsDatanode
2019-10-28 08:19:20,482 [main] INFO  http.HttpServer2 (HttpServer2.java:addFilter(958)) - Added filter static_user_filter (class=org.apache.hadoop.http.lib.StaticUserWebFilter$StaticUserFilter) to context logs
2019-10-28 08:19:20,482 [main] INFO  http.HttpServer2 (HttpServer2.java:addFilter(958)) - Added filter static_user_filter (class=org.apache.hadoop.http.lib.StaticUserWebFilter$StaticUserFilter) to context static
2019-10-28 08:19:20,482 [main] INFO  http.HttpServer2 (HttpServer2.java:bindListener(1191)) - Jetty bound to port 38977
2019-10-28 08:19:20,483 [main] INFO  server.Server (Server.java:doStart(351)) - jetty-9.3.25.v20180904, build timestamp: 2018-09-04T21:11:46Z, git hash: 3ce520221d0240229c862b122d2b06c12a625732
2019-10-28 08:19:20,484 [main] INFO  handler.ContextHandler (ContextHandler.java:doStart(781)) - Started o.e.j.s.ServletContextHandler@7ac5b4c{/logs,file:///workdir/hadoop-ozone/integration-test/target/log,AVAILABLE}
2019-10-28 08:19:20,485 [main] INFO  handler.ContextHandler (ContextHandler.java:doStart(781)) - Started o.e.j.s.ServletContextHandler@55d8c2c4{/static,jar:file:/home/user/.m2/repository/org/apache/hadoop/hadoop-hdds-container-service/0.5.0-SNAPSHOT/hadoop-hdds-container-service-0.5.0-SNAPSHOT.jar!/webapps/static,AVAILABLE}
2019-10-28 08:19:20,520 [main] INFO  handler.ContextHandler (ContextHandler.java:doStart(781)) - Started o.e.j.w.WebAppContext@42d9e8d2{/,file:///tmp/jetty-0.0.0.0-38977-hddsDatanode-_-any-4292597531411003197.dir/webapp/,AVAILABLE}{/hddsDatanode}
2019-10-28 08:19:20,520 [main] INFO  server.AbstractConnector (AbstractConnector.java:doStart(278)) - Started ServerConnector@4b93dd6a{HTTP/1.1,[http/1.1]}{0.0.0.0:38977}
2019-10-28 08:19:20,522 [main] INFO  server.Server (Server.java:doStart(419)) - Started @230051ms
2019-10-28 08:19:20,522 [main] WARN  impl.MetricsSystemImpl (MetricsSystemImpl.java:register(276)) - Sink prometheus already exists!
2019-10-28 08:19:20,523 [main] INFO  server.BaseHttpServer (BaseHttpServer.java:updateConnectorAddress(215)) - HTTP server of HDDSDATANODE is listening at http://0.0.0.0:38977
2019-10-28 08:19:20,524 [main] INFO  impl.MetricsSystemImpl (MetricsSystemImpl.java:init(158)) - HddsDatanode metrics system started (again)
2019-10-28 08:19:20,528 [org.apache.hadoop.util.JvmPauseMonitor$Monitor@352eb383] INFO  util.JvmPauseMonitor (JvmPauseMonitor.java:run(188)) - Starting JVM pause monitor
2019-10-28 08:19:20,529 [main] INFO  ozone.HddsDatanodeService (HddsDatanodeService.java:start(184)) - HddsDatanodeService host:pr-hdds-1569-5jqvn-3828718746 ip:192.168.34.22
2019-10-28 08:19:20,530 [Datanode State Machine Thread - 0] INFO  datanode.InitDatanodeState (InitDatanodeState.java:persistContainerDatanodeDetails(140)) - DatanodeDetails is persisted to /workdir/hadoop-ozone/integration-test/target/test-dir/MiniOzoneClusterImpl-15e79e0b-a28f-4a98-99e1-aed18379cb8e/datanode-0/meta/datanode.id
2019-10-28 08:19:20,537 [main] INFO  volume.HddsVolume (HddsVolume.java:<init>(176)) - Creating Volume: /workdir/hadoop-ozone/integration-test/target/test-dir/MiniOzoneClusterImpl-15e79e0b-a28f-4a98-99e1-aed18379cb8e/datanode-1/data/containers/hdds of  storage type : DISK and capacity : 1482555576320
2019-10-28 08:19:20,537 [main] INFO  volume.VolumeSet (VolumeSet.java:initializeVolumeSet(170)) - Added Volume : /workdir/hadoop-ozone/integration-test/target/test-dir/MiniOzoneClusterImpl-15e79e0b-a28f-4a98-99e1-aed18379cb8e/datanode-1/data/containers/hdds to VolumeSet
2019-10-28 08:19:20,537 [main] INFO  volume.ThrottledAsyncChecker (ThrottledAsyncChecker.java:schedule(141)) - Scheduling a check for org.apache.hadoop.ozone.container.common.volume.HddsVolume@38811103
2019-10-28 08:19:20,538 [main] INFO  volume.HddsVolumeChecker (HddsVolumeChecker.java:checkAllVolumes(204)) - Scheduled health check for volume org.apache.hadoop.ozone.container.common.volume.HddsVolume@38811103
2019-10-28 08:19:20,558 [main] INFO  impl.RaftServerProxy (ConfUtils.java:logGet(43)) - raft.rpc.type = GRPC (default)
2019-10-28 08:19:20,559 [main] INFO  grpc.GrpcFactory (GrpcFactory.java:checkPooledByteBufAllocatorUseCacheForAllThreads(45)) - PERFORMANCE WARNING: useCacheForAllThreads is true that may cause Netty to create a lot garbage objects and, as a result, trigger GC.
	It is recommended to disable useCacheForAllThreads by setting -Dorg.apache.ratis.thirdparty.io.netty.allocator.useCacheForAllThreads=false in command line.
2019-10-28 08:19:20,559 [main] INFO  grpc.GrpcConfigKeys$Server (ConfUtils.java:logGet(43)) - raft.grpc.server.port = 0 (default)
2019-10-28 08:19:20,559 [main] INFO  server.GrpcService (ConfUtils.java:logGet(43)) - raft.grpc.message.size.max = 33570816 (custom)
2019-10-28 08:19:20,559 [main] INFO  server.RaftServerConfigKeys (ConfUtils.java:logGet(43)) - raft.server.log.appender.buffer.byte-limit = 33554432 (custom)
2019-10-28 08:19:20,560 [main] INFO  server.GrpcService (ConfUtils.java:logGet(43)) - raft.grpc.flow.control.window = 1MB (=1048576) (default)
2019-10-28 08:19:20,560 [main] INFO  server.RaftServerConfigKeys (ConfUtils.java:logGet(43)) - raft.server.rpc.request.timeout = 3000ms (default)
2019-10-28 08:19:20,560 [main] INFO  server.RaftServerConfigKeys (ConfUtils.java:logGet(43)) - raft.server.storage.dir = [/workdir/hadoop-ozone/integration-test/target/test-dir/MiniOzoneClusterImpl-15e79e0b-a28f-4a98-99e1-aed18379cb8e/datanode-1/data/ratis] (custom)
2019-10-28 08:19:20,562 [main] INFO  hdfs.DFSUtil (DFSUtil.java:httpServerTemplateForNNAndJN(1641)) - Starting Web-server for hddsDatanode at: http://0.0.0.0:0
2019-10-28 08:19:20,563 [main] INFO  server.AuthenticationFilter (AuthenticationFilter.java:constructSecretProvider(240)) - Unable to initialize FileSignerSecretProvider, falling back to use random secrets.
2019-10-28 08:19:20,564 [main] WARN  http.HttpRequestLog (HttpRequestLog.java:getRequestLog(97)) - Jetty request log can only be enabled using Log4j
2019-10-28 08:19:20,565 [main] INFO  http.HttpServer2 (HttpServer2.java:addGlobalFilter(975)) - Added global filter 'safety' (class=org.apache.hadoop.http.HttpServer2$QuotingInputFilter)
2019-10-28 08:19:20,566 [main] INFO  http.HttpServer2 (HttpServer2.java:addFilter(948)) - Added filter static_user_filter (class=org.apache.hadoop.http.lib.StaticUserWebFilter$StaticUserFilter) to context hddsDatanode
2019-10-28 08:19:20,566 [main] INFO  http.HttpServer2 (HttpServer2.java:addFilter(958)) - Added filter static_user_filter (class=org.apache.hadoop.http.lib.StaticUserWebFilter$StaticUserFilter) to context static
2019-10-28 08:19:20,566 [main] INFO  http.HttpServer2 (HttpServer2.java:addFilter(958)) - Added filter static_user_filter (class=org.apache.hadoop.http.lib.StaticUserWebFilter$StaticUserFilter) to context logs
2019-10-28 08:19:20,567 [main] INFO  http.HttpServer2 (HttpServer2.java:bindListener(1191)) - Jetty bound to port 33989
2019-10-28 08:19:20,567 [main] INFO  server.Server (Server.java:doStart(351)) - jetty-9.3.25.v20180904, build timestamp: 2018-09-04T21:11:46Z, git hash: 3ce520221d0240229c862b122d2b06c12a625732
2019-10-28 08:19:20,569 [main] INFO  handler.ContextHandler (ContextHandler.java:doStart(781)) - Started o.e.j.s.ServletContextHandler@19526f1d{/logs,file:///workdir/hadoop-ozone/integration-test/target/log,AVAILABLE}
2019-10-28 08:19:20,569 [main] INFO  handler.ContextHandler (ContextHandler.java:doStart(781)) - Started o.e.j.s.ServletContextHandler@79be91eb{/static,jar:file:/home/user/.m2/repository/org/apache/hadoop/hadoop-hdds-container-service/0.5.0-SNAPSHOT/hadoop-hdds-container-service-0.5.0-SNAPSHOT.jar!/webapps/static,AVAILABLE}
2019-10-28 08:19:20,597 [main] INFO  handler.ContextHandler (ContextHandler.java:doStart(781)) - Started o.e.j.w.WebAppContext@359ceb13{/,file:///tmp/jetty-0.0.0.0-33989-hddsDatanode-_-any-4947522339692189099.dir/webapp/,AVAILABLE}{/hddsDatanode}
2019-10-28 08:19:20,597 [main] INFO  server.AbstractConnector (AbstractConnector.java:doStart(278)) - Started ServerConnector@1068176{HTTP/1.1,[http/1.1]}{0.0.0.0:33989}
2019-10-28 08:19:20,599 [main] INFO  server.Server (Server.java:doStart(419)) - Started @230128ms
2019-10-28 08:19:20,599 [main] WARN  impl.MetricsSystemImpl (MetricsSystemImpl.java:register(276)) - Sink prometheus already exists!
2019-10-28 08:19:20,599 [main] INFO  server.BaseHttpServer (BaseHttpServer.java:updateConnectorAddress(215)) - HTTP server of HDDSDATANODE is listening at http://0.0.0.0:33989
2019-10-28 08:19:20,600 [main] INFO  impl.MetricsSystemImpl (MetricsSystemImpl.java:init(158)) - HddsDatanode metrics system started (again)
2019-10-28 08:19:20,604 [org.apache.hadoop.util.JvmPauseMonitor$Monitor@4dc26a33] INFO  util.JvmPauseMonitor (JvmPauseMonitor.java:run(188)) - Starting JVM pause monitor
2019-10-28 08:19:20,605 [main] INFO  ozone.HddsDatanodeService (HddsDatanodeService.java:start(184)) - HddsDatanodeService host:pr-hdds-1569-5jqvn-3828718746 ip:192.168.34.22
2019-10-28 08:19:20,606 [Datanode State Machine Thread - 0] INFO  datanode.InitDatanodeState (InitDatanodeState.java:persistContainerDatanodeDetails(140)) - DatanodeDetails is persisted to /workdir/hadoop-ozone/integration-test/target/test-dir/MiniOzoneClusterImpl-15e79e0b-a28f-4a98-99e1-aed18379cb8e/datanode-1/meta/datanode.id
2019-10-28 08:19:20,619 [main] INFO  volume.HddsVolume (HddsVolume.java:<init>(176)) - Creating Volume: /workdir/hadoop-ozone/integration-test/target/test-dir/MiniOzoneClusterImpl-15e79e0b-a28f-4a98-99e1-aed18379cb8e/datanode-2/data/containers/hdds of  storage type : DISK and capacity : 1482555576320
2019-10-28 08:19:20,620 [main] INFO  volume.VolumeSet (VolumeSet.java:initializeVolumeSet(170)) - Added Volume : /workdir/hadoop-ozone/integration-test/target/test-dir/MiniOzoneClusterImpl-15e79e0b-a28f-4a98-99e1-aed18379cb8e/datanode-2/data/containers/hdds to VolumeSet
2019-10-28 08:19:20,620 [main] INFO  volume.ThrottledAsyncChecker (ThrottledAsyncChecker.java:schedule(141)) - Scheduling a check for org.apache.hadoop.ozone.container.common.volume.HddsVolume@5c1b89ac
2019-10-28 08:19:20,621 [main] INFO  volume.HddsVolumeChecker (HddsVolumeChecker.java:checkAllVolumes(204)) - Scheduled health check for volume org.apache.hadoop.ozone.container.common.volume.HddsVolume@5c1b89ac
2019-10-28 08:19:20,641 [main] INFO  impl.RaftServerProxy (ConfUtils.java:logGet(43)) - raft.rpc.type = GRPC (default)
2019-10-28 08:19:20,642 [main] INFO  grpc.GrpcFactory (GrpcFactory.java:checkPooledByteBufAllocatorUseCacheForAllThreads(45)) - PERFORMANCE WARNING: useCacheForAllThreads is true that may cause Netty to create a lot garbage objects and, as a result, trigger GC.
	It is recommended to disable useCacheForAllThreads by setting -Dorg.apache.ratis.thirdparty.io.netty.allocator.useCacheForAllThreads=false in command line.
2019-10-28 08:19:20,642 [main] INFO  grpc.GrpcConfigKeys$Server (ConfUtils.java:logGet(43)) - raft.grpc.server.port = 0 (default)
2019-10-28 08:19:20,642 [main] INFO  server.GrpcService (ConfUtils.java:logGet(43)) - raft.grpc.message.size.max = 33570816 (custom)
2019-10-28 08:19:20,643 [main] INFO  server.RaftServerConfigKeys (ConfUtils.java:logGet(43)) - raft.server.log.appender.buffer.byte-limit = 33554432 (custom)
2019-10-28 08:19:20,643 [main] INFO  server.GrpcService (ConfUtils.java:logGet(43)) - raft.grpc.flow.control.window = 1MB (=1048576) (default)
2019-10-28 08:19:20,643 [main] INFO  server.RaftServerConfigKeys (ConfUtils.java:logGet(43)) - raft.server.rpc.request.timeout = 3000ms (default)
2019-10-28 08:19:20,643 [main] INFO  server.RaftServerConfigKeys (ConfUtils.java:logGet(43)) - raft.server.storage.dir = [/workdir/hadoop-ozone/integration-test/target/test-dir/MiniOzoneClusterImpl-15e79e0b-a28f-4a98-99e1-aed18379cb8e/datanode-2/data/ratis] (custom)
2019-10-28 08:19:20,645 [main] INFO  hdfs.DFSUtil (DFSUtil.java:httpServerTemplateForNNAndJN(1641)) - Starting Web-server for hddsDatanode at: http://0.0.0.0:0
2019-10-28 08:19:20,647 [main] INFO  server.AuthenticationFilter (AuthenticationFilter.java:constructSecretProvider(240)) - Unable to initialize FileSignerSecretProvider, falling back to use random secrets.
2019-10-28 08:19:20,648 [main] WARN  http.HttpRequestLog (HttpRequestLog.java:getRequestLog(97)) - Jetty request log can only be enabled using Log4j
2019-10-28 08:19:20,649 [main] INFO  http.HttpServer2 (HttpServer2.java:addGlobalFilter(975)) - Added global filter 'safety' (class=org.apache.hadoop.http.HttpServer2$QuotingInputFilter)
2019-10-28 08:19:20,650 [main] INFO  http.HttpServer2 (HttpServer2.java:addFilter(948)) - Added filter static_user_filter (class=org.apache.hadoop.http.lib.StaticUserWebFilter$StaticUserFilter) to context hddsDatanode
2019-10-28 08:19:20,650 [main] INFO  http.HttpServer2 (HttpServer2.java:addFilter(958)) - Added filter static_user_filter (class=org.apache.hadoop.http.lib.StaticUserWebFilter$StaticUserFilter) to context static
2019-10-28 08:19:20,651 [main] INFO  http.HttpServer2 (HttpServer2.java:addFilter(958)) - Added filter static_user_filter (class=org.apache.hadoop.http.lib.StaticUserWebFilter$StaticUserFilter) to context logs
2019-10-28 08:19:20,651 [main] INFO  http.HttpServer2 (HttpServer2.java:bindListener(1191)) - Jetty bound to port 39756
2019-10-28 08:19:20,652 [main] INFO  server.Server (Server.java:doStart(351)) - jetty-9.3.25.v20180904, build timestamp: 2018-09-04T21:11:46Z, git hash: 3ce520221d0240229c862b122d2b06c12a625732
2019-10-28 08:19:20,653 [main] INFO  handler.ContextHandler (ContextHandler.java:doStart(781)) - Started o.e.j.s.ServletContextHandler@35d7386b{/logs,file:///workdir/hadoop-ozone/integration-test/target/log,AVAILABLE}
2019-10-28 08:19:20,654 [main] INFO  handler.ContextHandler (ContextHandler.java:doStart(781)) - Started o.e.j.s.ServletContextHandler@718989fa{/static,jar:file:/home/user/.m2/repository/org/apache/hadoop/hadoop-hdds-container-service/0.5.0-SNAPSHOT/hadoop-hdds-container-service-0.5.0-SNAPSHOT.jar!/webapps/static,AVAILABLE}
2019-10-28 08:19:20,690 [main] INFO  handler.ContextHandler (ContextHandler.java:doStart(781)) - Started o.e.j.w.WebAppContext@448ade1{/,file:///tmp/jetty-0.0.0.0-39756-hddsDatanode-_-any-1766300127319935951.dir/webapp/,AVAILABLE}{/hddsDatanode}
2019-10-28 08:19:20,690 [main] INFO  server.AbstractConnector (AbstractConnector.java:doStart(278)) - Started ServerConnector@21f9c6ea{HTTP/1.1,[http/1.1]}{0.0.0.0:39756}
2019-10-28 08:19:20,691 [main] INFO  server.Server (Server.java:doStart(419)) - Started @230220ms
2019-10-28 08:19:20,693 [main] WARN  impl.MetricsSystemImpl (MetricsSystemImpl.java:register(276)) - Sink prometheus already exists!
2019-10-28 08:19:20,694 [main] INFO  server.BaseHttpServer (BaseHttpServer.java:updateConnectorAddress(215)) - HTTP server of HDDSDATANODE is listening at http://0.0.0.0:39756
2019-10-28 08:19:20,694 [main] INFO  impl.MetricsSystemImpl (MetricsSystemImpl.java:init(158)) - HddsDatanode metrics system started (again)
2019-10-28 08:19:20,699 [org.apache.hadoop.util.JvmPauseMonitor$Monitor@3101e543] INFO  util.JvmPauseMonitor (JvmPauseMonitor.java:run(188)) - Starting JVM pause monitor
2019-10-28 08:19:20,699 [main] INFO  ozone.HddsDatanodeService (HddsDatanodeService.java:start(184)) - HddsDatanodeService host:pr-hdds-1569-5jqvn-3828718746 ip:192.168.34.22
2019-10-28 08:19:20,701 [Datanode State Machine Thread - 0] INFO  datanode.InitDatanodeState (InitDatanodeState.java:persistContainerDatanodeDetails(140)) - DatanodeDetails is persisted to /workdir/hadoop-ozone/integration-test/target/test-dir/MiniOzoneClusterImpl-15e79e0b-a28f-4a98-99e1-aed18379cb8e/datanode-2/meta/datanode.id
2019-10-28 08:19:20,708 [main] INFO  volume.HddsVolume (HddsVolume.java:<init>(176)) - Creating Volume: /workdir/hadoop-ozone/integration-test/target/test-dir/MiniOzoneClusterImpl-15e79e0b-a28f-4a98-99e1-aed18379cb8e/datanode-3/data/containers/hdds of  storage type : DISK and capacity : 1482555576320
2019-10-28 08:19:20,708 [main] INFO  volume.VolumeSet (VolumeSet.java:initializeVolumeSet(170)) - Added Volume : /workdir/hadoop-ozone/integration-test/target/test-dir/MiniOzoneClusterImpl-15e79e0b-a28f-4a98-99e1-aed18379cb8e/datanode-3/data/containers/hdds to VolumeSet
2019-10-28 08:19:20,708 [main] INFO  volume.ThrottledAsyncChecker (ThrottledAsyncChecker.java:schedule(141)) - Scheduling a check for org.apache.hadoop.ozone.container.common.volume.HddsVolume@783b3aa0
2019-10-28 08:19:20,708 [main] INFO  volume.HddsVolumeChecker (HddsVolumeChecker.java:checkAllVolumes(204)) - Scheduled health check for volume org.apache.hadoop.ozone.container.common.volume.HddsVolume@783b3aa0
2019-10-28 08:19:20,723 [main] INFO  impl.RaftServerProxy (ConfUtils.java:logGet(43)) - raft.rpc.type = GRPC (default)
2019-10-28 08:19:20,723 [main] INFO  grpc.GrpcFactory (GrpcFactory.java:checkPooledByteBufAllocatorUseCacheForAllThreads(45)) - PERFORMANCE WARNING: useCacheForAllThreads is true that may cause Netty to create a lot garbage objects and, as a result, trigger GC.
	It is recommended to disable useCacheForAllThreads by setting -Dorg.apache.ratis.thirdparty.io.netty.allocator.useCacheForAllThreads=false in command line.
2019-10-28 08:19:20,723 [main] INFO  grpc.GrpcConfigKeys$Server (ConfUtils.java:logGet(43)) - raft.grpc.server.port = 0 (default)
2019-10-28 08:19:20,723 [main] INFO  server.GrpcService (ConfUtils.java:logGet(43)) - raft.grpc.message.size.max = 33570816 (custom)
2019-10-28 08:19:20,724 [main] INFO  server.RaftServerConfigKeys (ConfUtils.java:logGet(43)) - raft.server.log.appender.buffer.byte-limit = 33554432 (custom)
2019-10-28 08:19:20,724 [main] INFO  server.GrpcService (ConfUtils.java:logGet(43)) - raft.grpc.flow.control.window = 1MB (=1048576) (default)
2019-10-28 08:19:20,724 [main] INFO  server.RaftServerConfigKeys (ConfUtils.java:logGet(43)) - raft.server.rpc.request.timeout = 3000ms (default)
2019-10-28 08:19:20,724 [main] INFO  server.RaftServerConfigKeys (ConfUtils.java:logGet(43)) - raft.server.storage.dir = [/workdir/hadoop-ozone/integration-test/target/test-dir/MiniOzoneClusterImpl-15e79e0b-a28f-4a98-99e1-aed18379cb8e/datanode-3/data/ratis] (custom)
2019-10-28 08:19:20,726 [main] INFO  hdfs.DFSUtil (DFSUtil.java:httpServerTemplateForNNAndJN(1641)) - Starting Web-server for hddsDatanode at: http://0.0.0.0:0
2019-10-28 08:19:20,727 [main] INFO  server.AuthenticationFilter (AuthenticationFilter.java:constructSecretProvider(240)) - Unable to initialize FileSignerSecretProvider, falling back to use random secrets.
2019-10-28 08:19:20,727 [main] WARN  http.HttpRequestLog (HttpRequestLog.java:getRequestLog(97)) - Jetty request log can only be enabled using Log4j
2019-10-28 08:19:20,729 [main] INFO  http.HttpServer2 (HttpServer2.java:addGlobalFilter(975)) - Added global filter 'safety' (class=org.apache.hadoop.http.HttpServer2$QuotingInputFilter)
2019-10-28 08:19:20,729 [main] INFO  http.HttpServer2 (HttpServer2.java:addFilter(948)) - Added filter static_user_filter (class=org.apache.hadoop.http.lib.StaticUserWebFilter$StaticUserFilter) to context hddsDatanode
2019-10-28 08:19:20,729 [main] INFO  http.HttpServer2 (HttpServer2.java:addFilter(958)) - Added filter static_user_filter (class=org.apache.hadoop.http.lib.StaticUserWebFilter$StaticUserFilter) to context static
2019-10-28 08:19:20,729 [main] INFO  http.HttpServer2 (HttpServer2.java:addFilter(958)) - Added filter static_user_filter (class=org.apache.hadoop.http.lib.StaticUserWebFilter$StaticUserFilter) to context logs
2019-10-28 08:19:20,730 [main] INFO  http.HttpServer2 (HttpServer2.java:bindListener(1191)) - Jetty bound to port 38238
2019-10-28 08:19:20,730 [main] INFO  server.Server (Server.java:doStart(351)) - jetty-9.3.25.v20180904, build timestamp: 2018-09-04T21:11:46Z, git hash: 3ce520221d0240229c862b122d2b06c12a625732
2019-10-28 08:19:20,732 [main] INFO  handler.ContextHandler (ContextHandler.java:doStart(781)) - Started o.e.j.s.ServletContextHandler@722531ab{/logs,file:///workdir/hadoop-ozone/integration-test/target/log,AVAILABLE}
2019-10-28 08:19:20,732 [main] INFO  handler.ContextHandler (ContextHandler.java:doStart(781)) - Started o.e.j.s.ServletContextHandler@26fadd98{/static,jar:file:/home/user/.m2/repository/org/apache/hadoop/hadoop-hdds-container-service/0.5.0-SNAPSHOT/hadoop-hdds-container-service-0.5.0-SNAPSHOT.jar!/webapps/static,AVAILABLE}
2019-10-28 08:19:20,758 [main] INFO  handler.ContextHandler (ContextHandler.java:doStart(781)) - Started o.e.j.w.WebAppContext@720f56e2{/,file:///tmp/jetty-0.0.0.0-38238-hddsDatanode-_-any-7871764430099333021.dir/webapp/,AVAILABLE}{/hddsDatanode}
2019-10-28 08:19:20,758 [main] INFO  server.AbstractConnector (AbstractConnector.java:doStart(278)) - Started ServerConnector@677349fb{HTTP/1.1,[http/1.1]}{0.0.0.0:38238}
2019-10-28 08:19:20,759 [main] INFO  server.Server (Server.java:doStart(419)) - Started @230288ms
2019-10-28 08:19:20,760 [main] WARN  impl.MetricsSystemImpl (MetricsSystemImpl.java:register(276)) - Sink prometheus already exists!
2019-10-28 08:19:20,761 [main] INFO  server.BaseHttpServer (BaseHttpServer.java:updateConnectorAddress(215)) - HTTP server of HDDSDATANODE is listening at http://0.0.0.0:38238
2019-10-28 08:19:20,762 [main] INFO  impl.MetricsSystemImpl (MetricsSystemImpl.java:init(158)) - HddsDatanode metrics system started (again)
2019-10-28 08:19:20,767 [org.apache.hadoop.util.JvmPauseMonitor$Monitor@709e491e] INFO  util.JvmPauseMonitor (JvmPauseMonitor.java:run(188)) - Starting JVM pause monitor
2019-10-28 08:19:20,769 [main] INFO  ozone.HddsDatanodeService (HddsDatanodeService.java:start(184)) - HddsDatanodeService host:pr-hdds-1569-5jqvn-3828718746 ip:192.168.34.22
2019-10-28 08:19:20,769 [Datanode State Machine Thread - 0] INFO  datanode.InitDatanodeState (InitDatanodeState.java:persistContainerDatanodeDetails(140)) - DatanodeDetails is persisted to /workdir/hadoop-ozone/integration-test/target/test-dir/MiniOzoneClusterImpl-15e79e0b-a28f-4a98-99e1-aed18379cb8e/datanode-3/meta/datanode.id
2019-10-28 08:19:20,777 [main] INFO  volume.HddsVolume (HddsVolume.java:<init>(176)) - Creating Volume: /workdir/hadoop-ozone/integration-test/target/test-dir/MiniOzoneClusterImpl-15e79e0b-a28f-4a98-99e1-aed18379cb8e/datanode-4/data/containers/hdds of  storage type : DISK and capacity : 1482555576320
2019-10-28 08:19:20,777 [main] INFO  volume.VolumeSet (VolumeSet.java:initializeVolumeSet(170)) - Added Volume : /workdir/hadoop-ozone/integration-test/target/test-dir/MiniOzoneClusterImpl-15e79e0b-a28f-4a98-99e1-aed18379cb8e/datanode-4/data/containers/hdds to VolumeSet
2019-10-28 08:19:20,777 [main] INFO  volume.ThrottledAsyncChecker (ThrottledAsyncChecker.java:schedule(141)) - Scheduling a check for org.apache.hadoop.ozone.container.common.volume.HddsVolume@4a1dda83
2019-10-28 08:19:20,777 [main] INFO  volume.HddsVolumeChecker (HddsVolumeChecker.java:checkAllVolumes(204)) - Scheduled health check for volume org.apache.hadoop.ozone.container.common.volume.HddsVolume@4a1dda83
2019-10-28 08:19:20,792 [main] INFO  impl.RaftServerProxy (ConfUtils.java:logGet(43)) - raft.rpc.type = GRPC (default)
2019-10-28 08:19:20,793 [main] INFO  grpc.GrpcFactory (GrpcFactory.java:checkPooledByteBufAllocatorUseCacheForAllThreads(45)) - PERFORMANCE WARNING: useCacheForAllThreads is true that may cause Netty to create a lot garbage objects and, as a result, trigger GC.
	It is recommended to disable useCacheForAllThreads by setting -Dorg.apache.ratis.thirdparty.io.netty.allocator.useCacheForAllThreads=false in command line.
2019-10-28 08:19:20,793 [main] INFO  grpc.GrpcConfigKeys$Server (ConfUtils.java:logGet(43)) - raft.grpc.server.port = 0 (default)
2019-10-28 08:19:20,793 [main] INFO  server.GrpcService (ConfUtils.java:logGet(43)) - raft.grpc.message.size.max = 33570816 (custom)
2019-10-28 08:19:20,793 [main] INFO  server.RaftServerConfigKeys (ConfUtils.java:logGet(43)) - raft.server.log.appender.buffer.byte-limit = 33554432 (custom)
2019-10-28 08:19:20,793 [main] INFO  server.GrpcService (ConfUtils.java:logGet(43)) - raft.grpc.flow.control.window = 1MB (=1048576) (default)
2019-10-28 08:19:20,793 [main] INFO  server.RaftServerConfigKeys (ConfUtils.java:logGet(43)) - raft.server.rpc.request.timeout = 3000ms (default)
2019-10-28 08:19:20,794 [main] INFO  server.RaftServerConfigKeys (ConfUtils.java:logGet(43)) - raft.server.storage.dir = [/workdir/hadoop-ozone/integration-test/target/test-dir/MiniOzoneClusterImpl-15e79e0b-a28f-4a98-99e1-aed18379cb8e/datanode-4/data/ratis] (custom)
2019-10-28 08:19:20,795 [main] INFO  hdfs.DFSUtil (DFSUtil.java:httpServerTemplateForNNAndJN(1641)) - Starting Web-server for hddsDatanode at: http://0.0.0.0:0
2019-10-28 08:19:20,796 [main] INFO  server.AuthenticationFilter (AuthenticationFilter.java:constructSecretProvider(240)) - Unable to initialize FileSignerSecretProvider, falling back to use random secrets.
2019-10-28 08:19:20,796 [main] WARN  http.HttpRequestLog (HttpRequestLog.java:getRequestLog(97)) - Jetty request log can only be enabled using Log4j
2019-10-28 08:19:20,798 [main] INFO  http.HttpServer2 (HttpServer2.java:addGlobalFilter(975)) - Added global filter 'safety' (class=org.apache.hadoop.http.HttpServer2$QuotingInputFilter)
2019-10-28 08:19:20,798 [main] INFO  http.HttpServer2 (HttpServer2.java:addFilter(948)) - Added filter static_user_filter (class=org.apache.hadoop.http.lib.StaticUserWebFilter$StaticUserFilter) to context hddsDatanode
2019-10-28 08:19:20,798 [main] INFO  http.HttpServer2 (HttpServer2.java:addFilter(958)) - Added filter static_user_filter (class=org.apache.hadoop.http.lib.StaticUserWebFilter$StaticUserFilter) to context static
2019-10-28 08:19:20,798 [main] INFO  http.HttpServer2 (HttpServer2.java:addFilter(958)) - Added filter static_user_filter (class=org.apache.hadoop.http.lib.StaticUserWebFilter$StaticUserFilter) to context logs
2019-10-28 08:19:20,799 [main] INFO  http.HttpServer2 (HttpServer2.java:bindListener(1191)) - Jetty bound to port 37361
2019-10-28 08:19:20,799 [main] INFO  server.Server (Server.java:doStart(351)) - jetty-9.3.25.v20180904, build timestamp: 2018-09-04T21:11:46Z, git hash: 3ce520221d0240229c862b122d2b06c12a625732
2019-10-28 08:19:20,801 [main] INFO  handler.ContextHandler (ContextHandler.java:doStart(781)) - Started o.e.j.s.ServletContextHandler@70091872{/logs,file:///workdir/hadoop-ozone/integration-test/target/log,AVAILABLE}
2019-10-28 08:19:20,801 [main] INFO  handler.ContextHandler (ContextHandler.java:doStart(781)) - Started o.e.j.s.ServletContextHandler@1d99ee1b{/static,jar:file:/home/user/.m2/repository/org/apache/hadoop/hadoop-hdds-container-service/0.5.0-SNAPSHOT/hadoop-hdds-container-service-0.5.0-SNAPSHOT.jar!/webapps/static,AVAILABLE}
2019-10-28 08:19:20,827 [main] INFO  handler.ContextHandler (ContextHandler.java:doStart(781)) - Started o.e.j.w.WebAppContext@15369d73{/,file:///tmp/jetty-0.0.0.0-37361-hddsDatanode-_-any-257544084655451479.dir/webapp/,AVAILABLE}{/hddsDatanode}
2019-10-28 08:19:20,828 [main] INFO  server.AbstractConnector (AbstractConnector.java:doStart(278)) - Started ServerConnector@1cde374{HTTP/1.1,[http/1.1]}{0.0.0.0:37361}
2019-10-28 08:19:20,830 [main] INFO  server.Server (Server.java:doStart(419)) - Started @230359ms
2019-10-28 08:19:20,830 [main] WARN  impl.MetricsSystemImpl (MetricsSystemImpl.java:register(276)) - Sink prometheus already exists!
2019-10-28 08:19:20,831 [main] INFO  server.BaseHttpServer (BaseHttpServer.java:updateConnectorAddress(215)) - HTTP server of HDDSDATANODE is listening at http://0.0.0.0:37361
2019-10-28 08:19:20,831 [main] INFO  impl.MetricsSystemImpl (MetricsSystemImpl.java:init(158)) - HddsDatanode metrics system started (again)
2019-10-28 08:19:20,837 [org.apache.hadoop.util.JvmPauseMonitor$Monitor@49ae6da1] INFO  util.JvmPauseMonitor (JvmPauseMonitor.java:run(188)) - Starting JVM pause monitor
2019-10-28 08:19:20,838 [main] INFO  ozone.HddsDatanodeService (HddsDatanodeService.java:start(184)) - HddsDatanodeService host:pr-hdds-1569-5jqvn-3828718746 ip:192.168.34.22
2019-10-28 08:19:20,838 [Datanode State Machine Thread - 0] INFO  datanode.InitDatanodeState (InitDatanodeState.java:persistContainerDatanodeDetails(140)) - DatanodeDetails is persisted to /workdir/hadoop-ozone/integration-test/target/test-dir/MiniOzoneClusterImpl-15e79e0b-a28f-4a98-99e1-aed18379cb8e/datanode-4/meta/datanode.id
2019-10-28 08:19:20,845 [main] INFO  volume.HddsVolume (HddsVolume.java:<init>(176)) - Creating Volume: /workdir/hadoop-ozone/integration-test/target/test-dir/MiniOzoneClusterImpl-15e79e0b-a28f-4a98-99e1-aed18379cb8e/datanode-5/data/containers/hdds of  storage type : DISK and capacity : 1482555576320
2019-10-28 08:19:20,846 [main] INFO  volume.VolumeSet (VolumeSet.java:initializeVolumeSet(170)) - Added Volume : /workdir/hadoop-ozone/integration-test/target/test-dir/MiniOzoneClusterImpl-15e79e0b-a28f-4a98-99e1-aed18379cb8e/datanode-5/data/containers/hdds to VolumeSet
2019-10-28 08:19:20,846 [main] INFO  volume.ThrottledAsyncChecker (ThrottledAsyncChecker.java:schedule(141)) - Scheduling a check for org.apache.hadoop.ozone.container.common.volume.HddsVolume@27ffd9f8
2019-10-28 08:19:20,846 [main] INFO  volume.HddsVolumeChecker (HddsVolumeChecker.java:checkAllVolumes(204)) - Scheduled health check for volume org.apache.hadoop.ozone.container.common.volume.HddsVolume@27ffd9f8
2019-10-28 08:19:20,858 [main] INFO  impl.RaftServerProxy (ConfUtils.java:logGet(43)) - raft.rpc.type = GRPC (default)
2019-10-28 08:19:20,858 [main] INFO  grpc.GrpcFactory (GrpcFactory.java:checkPooledByteBufAllocatorUseCacheForAllThreads(45)) - PERFORMANCE WARNING: useCacheForAllThreads is true that may cause Netty to create a lot garbage objects and, as a result, trigger GC.
	It is recommended to disable useCacheForAllThreads by setting -Dorg.apache.ratis.thirdparty.io.netty.allocator.useCacheForAllThreads=false in command line.
2019-10-28 08:19:20,859 [main] INFO  grpc.GrpcConfigKeys$Server (ConfUtils.java:logGet(43)) - raft.grpc.server.port = 0 (default)
2019-10-28 08:19:20,859 [main] INFO  server.GrpcService (ConfUtils.java:logGet(43)) - raft.grpc.message.size.max = 33570816 (custom)
2019-10-28 08:19:20,859 [main] INFO  server.RaftServerConfigKeys (ConfUtils.java:logGet(43)) - raft.server.log.appender.buffer.byte-limit = 33554432 (custom)
2019-10-28 08:19:20,859 [main] INFO  server.GrpcService (ConfUtils.java:logGet(43)) - raft.grpc.flow.control.window = 1MB (=1048576) (default)
2019-10-28 08:19:20,859 [main] INFO  server.RaftServerConfigKeys (ConfUtils.java:logGet(43)) - raft.server.rpc.request.timeout = 3000ms (default)
2019-10-28 08:19:20,859 [main] INFO  server.RaftServerConfigKeys (ConfUtils.java:logGet(43)) - raft.server.storage.dir = [/workdir/hadoop-ozone/integration-test/target/test-dir/MiniOzoneClusterImpl-15e79e0b-a28f-4a98-99e1-aed18379cb8e/datanode-5/data/ratis] (custom)
2019-10-28 08:19:20,861 [main] INFO  hdfs.DFSUtil (DFSUtil.java:httpServerTemplateForNNAndJN(1641)) - Starting Web-server for hddsDatanode at: http://0.0.0.0:0
2019-10-28 08:19:20,862 [main] INFO  server.AuthenticationFilter (AuthenticationFilter.java:constructSecretProvider(240)) - Unable to initialize FileSignerSecretProvider, falling back to use random secrets.
2019-10-28 08:19:20,862 [main] WARN  http.HttpRequestLog (HttpRequestLog.java:getRequestLog(97)) - Jetty request log can only be enabled using Log4j
2019-10-28 08:19:20,863 [main] INFO  http.HttpServer2 (HttpServer2.java:addGlobalFilter(975)) - Added global filter 'safety' (class=org.apache.hadoop.http.HttpServer2$QuotingInputFilter)
2019-10-28 08:19:20,864 [main] INFO  http.HttpServer2 (HttpServer2.java:addFilter(948)) - Added filter static_user_filter (class=org.apache.hadoop.http.lib.StaticUserWebFilter$StaticUserFilter) to context hddsDatanode
2019-10-28 08:19:20,864 [main] INFO  http.HttpServer2 (HttpServer2.java:addFilter(958)) - Added filter static_user_filter (class=org.apache.hadoop.http.lib.StaticUserWebFilter$StaticUserFilter) to context static
2019-10-28 08:19:20,864 [main] INFO  http.HttpServer2 (HttpServer2.java:addFilter(958)) - Added filter static_user_filter (class=org.apache.hadoop.http.lib.StaticUserWebFilter$StaticUserFilter) to context logs
2019-10-28 08:19:20,865 [main] INFO  http.HttpServer2 (HttpServer2.java:bindListener(1191)) - Jetty bound to port 45129
2019-10-28 08:19:20,865 [main] INFO  server.Server (Server.java:doStart(351)) - jetty-9.3.25.v20180904, build timestamp: 2018-09-04T21:11:46Z, git hash: 3ce520221d0240229c862b122d2b06c12a625732
2019-10-28 08:19:20,866 [main] INFO  handler.ContextHandler (ContextHandler.java:doStart(781)) - Started o.e.j.s.ServletContextHandler@33d230ce{/logs,file:///workdir/hadoop-ozone/integration-test/target/log,AVAILABLE}
2019-10-28 08:19:20,867 [main] INFO  handler.ContextHandler (ContextHandler.java:doStart(781)) - Started o.e.j.s.ServletContextHandler@a316f6b{/static,jar:file:/home/user/.m2/repository/org/apache/hadoop/hadoop-hdds-container-service/0.5.0-SNAPSHOT/hadoop-hdds-container-service-0.5.0-SNAPSHOT.jar!/webapps/static,AVAILABLE}
2019-10-28 08:19:20,893 [main] INFO  handler.ContextHandler (ContextHandler.java:doStart(781)) - Started o.e.j.w.WebAppContext@15a8cebd{/,file:///tmp/jetty-0.0.0.0-45129-hddsDatanode-_-any-4064391223301884930.dir/webapp/,AVAILABLE}{/hddsDatanode}
2019-10-28 08:19:20,893 [main] INFO  server.AbstractConnector (AbstractConnector.java:doStart(278)) - Started ServerConnector@3f6c2763{HTTP/1.1,[http/1.1]}{0.0.0.0:45129}
2019-10-28 08:19:20,895 [main] INFO  server.Server (Server.java:doStart(419)) - Started @230424ms
2019-10-28 08:19:20,895 [main] WARN  impl.MetricsSystemImpl (MetricsSystemImpl.java:register(276)) - Sink prometheus already exists!
2019-10-28 08:19:20,896 [main] INFO  server.BaseHttpServer (BaseHttpServer.java:updateConnectorAddress(215)) - HTTP server of HDDSDATANODE is listening at http://0.0.0.0:45129
2019-10-28 08:19:20,896 [main] INFO  impl.MetricsSystemImpl (MetricsSystemImpl.java:init(158)) - HddsDatanode metrics system started (again)
2019-10-28 08:19:20,902 [org.apache.hadoop.util.JvmPauseMonitor$Monitor@4cfc2dfb] INFO  util.JvmPauseMonitor (JvmPauseMonitor.java:run(188)) - Starting JVM pause monitor
2019-10-28 08:19:20,903 [main] INFO  ozone.HddsDatanodeService (HddsDatanodeService.java:start(184)) - HddsDatanodeService host:pr-hdds-1569-5jqvn-3828718746 ip:192.168.34.22
2019-10-28 08:19:20,904 [Datanode State Machine Thread - 0] INFO  datanode.InitDatanodeState (InitDatanodeState.java:persistContainerDatanodeDetails(140)) - DatanodeDetails is persisted to /workdir/hadoop-ozone/integration-test/target/test-dir/MiniOzoneClusterImpl-15e79e0b-a28f-4a98-99e1-aed18379cb8e/datanode-5/meta/datanode.id
2019-10-28 08:19:20,910 [main] INFO  volume.HddsVolume (HddsVolume.java:<init>(176)) - Creating Volume: /workdir/hadoop-ozone/integration-test/target/test-dir/MiniOzoneClusterImpl-15e79e0b-a28f-4a98-99e1-aed18379cb8e/datanode-6/data/containers/hdds of  storage type : DISK and capacity : 1482555576320
2019-10-28 08:19:20,910 [main] INFO  volume.VolumeSet (VolumeSet.java:initializeVolumeSet(170)) - Added Volume : /workdir/hadoop-ozone/integration-test/target/test-dir/MiniOzoneClusterImpl-15e79e0b-a28f-4a98-99e1-aed18379cb8e/datanode-6/data/containers/hdds to VolumeSet
2019-10-28 08:19:20,911 [main] INFO  volume.ThrottledAsyncChecker (ThrottledAsyncChecker.java:schedule(141)) - Scheduling a check for org.apache.hadoop.ozone.container.common.volume.HddsVolume@482ba4b1
2019-10-28 08:19:20,911 [main] INFO  volume.HddsVolumeChecker (HddsVolumeChecker.java:checkAllVolumes(204)) - Scheduled health check for volume org.apache.hadoop.ozone.container.common.volume.HddsVolume@482ba4b1
2019-10-28 08:19:20,926 [main] INFO  impl.RaftServerProxy (ConfUtils.java:logGet(43)) - raft.rpc.type = GRPC (default)
2019-10-28 08:19:20,926 [main] INFO  grpc.GrpcFactory (GrpcFactory.java:checkPooledByteBufAllocatorUseCacheForAllThreads(45)) - PERFORMANCE WARNING: useCacheForAllThreads is true that may cause Netty to create a lot garbage objects and, as a result, trigger GC.
	It is recommended to disable useCacheForAllThreads by setting -Dorg.apache.ratis.thirdparty.io.netty.allocator.useCacheForAllThreads=false in command line.
2019-10-28 08:19:20,926 [main] INFO  grpc.GrpcConfigKeys$Server (ConfUtils.java:logGet(43)) - raft.grpc.server.port = 0 (default)
2019-10-28 08:19:20,926 [main] INFO  server.GrpcService (ConfUtils.java:logGet(43)) - raft.grpc.message.size.max = 33570816 (custom)
2019-10-28 08:19:20,926 [main] INFO  server.RaftServerConfigKeys (ConfUtils.java:logGet(43)) - raft.server.log.appender.buffer.byte-limit = 33554432 (custom)
2019-10-28 08:19:20,927 [main] INFO  server.GrpcService (ConfUtils.java:logGet(43)) - raft.grpc.flow.control.window = 1MB (=1048576) (default)
2019-10-28 08:19:20,927 [main] INFO  server.RaftServerConfigKeys (ConfUtils.java:logGet(43)) - raft.server.rpc.request.timeout = 3000ms (default)
2019-10-28 08:19:20,927 [main] INFO  server.RaftServerConfigKeys (ConfUtils.java:logGet(43)) - raft.server.storage.dir = [/workdir/hadoop-ozone/integration-test/target/test-dir/MiniOzoneClusterImpl-15e79e0b-a28f-4a98-99e1-aed18379cb8e/datanode-6/data/ratis] (custom)
2019-10-28 08:19:20,929 [main] INFO  hdfs.DFSUtil (DFSUtil.java:httpServerTemplateForNNAndJN(1641)) - Starting Web-server for hddsDatanode at: http://0.0.0.0:0
2019-10-28 08:19:20,930 [main] INFO  server.AuthenticationFilter (AuthenticationFilter.java:constructSecretProvider(240)) - Unable to initialize FileSignerSecretProvider, falling back to use random secrets.
2019-10-28 08:19:20,930 [main] WARN  http.HttpRequestLog (HttpRequestLog.java:getRequestLog(97)) - Jetty request log can only be enabled using Log4j
2019-10-28 08:19:20,932 [main] INFO  http.HttpServer2 (HttpServer2.java:addGlobalFilter(975)) - Added global filter 'safety' (class=org.apache.hadoop.http.HttpServer2$QuotingInputFilter)
2019-10-28 08:19:20,932 [main] INFO  http.HttpServer2 (HttpServer2.java:addFilter(948)) - Added filter static_user_filter (class=org.apache.hadoop.http.lib.StaticUserWebFilter$StaticUserFilter) to context hddsDatanode
2019-10-28 08:19:20,932 [main] INFO  http.HttpServer2 (HttpServer2.java:addFilter(958)) - Added filter static_user_filter (class=org.apache.hadoop.http.lib.StaticUserWebFilter$StaticUserFilter) to context logs
2019-10-28 08:19:20,933 [main] INFO  http.HttpServer2 (HttpServer2.java:addFilter(958)) - Added filter static_user_filter (class=org.apache.hadoop.http.lib.StaticUserWebFilter$StaticUserFilter) to context static
2019-10-28 08:19:20,933 [main] INFO  http.HttpServer2 (HttpServer2.java:bindListener(1191)) - Jetty bound to port 46226
2019-10-28 08:19:20,933 [main] INFO  server.Server (Server.java:doStart(351)) - jetty-9.3.25.v20180904, build timestamp: 2018-09-04T21:11:46Z, git hash: 3ce520221d0240229c862b122d2b06c12a625732
2019-10-28 08:19:20,935 [main] INFO  handler.ContextHandler (ContextHandler.java:doStart(781)) - Started o.e.j.s.ServletContextHandler@200d1a3d{/logs,file:///workdir/hadoop-ozone/integration-test/target/log,AVAILABLE}
2019-10-28 08:19:20,935 [main] INFO  handler.ContextHandler (ContextHandler.java:doStart(781)) - Started o.e.j.s.ServletContextHandler@12567179{/static,jar:file:/home/user/.m2/repository/org/apache/hadoop/hadoop-hdds-container-service/0.5.0-SNAPSHOT/hadoop-hdds-container-service-0.5.0-SNAPSHOT.jar!/webapps/static,AVAILABLE}
2019-10-28 08:19:20,964 [main] INFO  handler.ContextHandler (ContextHandler.java:doStart(781)) - Started o.e.j.w.WebAppContext@2fdf22f7{/,file:///tmp/jetty-0.0.0.0-46226-hddsDatanode-_-any-4710711668942963219.dir/webapp/,AVAILABLE}{/hddsDatanode}
2019-10-28 08:19:20,965 [main] INFO  server.AbstractConnector (AbstractConnector.java:doStart(278)) - Started ServerConnector@3a2546d6{HTTP/1.1,[http/1.1]}{0.0.0.0:46226}
2019-10-28 08:19:20,967 [main] INFO  server.Server (Server.java:doStart(419)) - Started @230496ms
2019-10-28 08:19:20,967 [main] WARN  impl.MetricsSystemImpl (MetricsSystemImpl.java:register(276)) - Sink prometheus already exists!
2019-10-28 08:19:20,968 [main] INFO  server.BaseHttpServer (BaseHttpServer.java:updateConnectorAddress(215)) - HTTP server of HDDSDATANODE is listening at http://0.0.0.0:46226
2019-10-28 08:19:20,969 [main] INFO  impl.MetricsSystemImpl (MetricsSystemImpl.java:init(158)) - HddsDatanode metrics system started (again)
2019-10-28 08:19:20,975 [org.apache.hadoop.util.JvmPauseMonitor$Monitor@27d7fec5] INFO  util.JvmPauseMonitor (JvmPauseMonitor.java:run(188)) - Starting JVM pause monitor
2019-10-28 08:19:20,977 [Datanode State Machine Thread - 0] INFO  datanode.InitDatanodeState (InitDatanodeState.java:persistContainerDatanodeDetails(140)) - DatanodeDetails is persisted to /workdir/hadoop-ozone/integration-test/target/test-dir/MiniOzoneClusterImpl-15e79e0b-a28f-4a98-99e1-aed18379cb8e/datanode-6/meta/datanode.id
2019-10-28 08:19:20,977 [main] INFO  ozone.HddsDatanodeService (HddsDatanodeService.java:start(184)) - HddsDatanodeService host:pr-hdds-1569-5jqvn-3828718746 ip:192.168.34.22
2019-10-28 08:19:20,985 [main] INFO  volume.HddsVolume (HddsVolume.java:<init>(176)) - Creating Volume: /workdir/hadoop-ozone/integration-test/target/test-dir/MiniOzoneClusterImpl-15e79e0b-a28f-4a98-99e1-aed18379cb8e/datanode-7/data/containers/hdds of  storage type : DISK and capacity : 1482555576320
2019-10-28 08:19:20,985 [main] INFO  volume.VolumeSet (VolumeSet.java:initializeVolumeSet(170)) - Added Volume : /workdir/hadoop-ozone/integration-test/target/test-dir/MiniOzoneClusterImpl-15e79e0b-a28f-4a98-99e1-aed18379cb8e/datanode-7/data/containers/hdds to VolumeSet
2019-10-28 08:19:20,985 [main] INFO  volume.ThrottledAsyncChecker (ThrottledAsyncChecker.java:schedule(141)) - Scheduling a check for org.apache.hadoop.ozone.container.common.volume.HddsVolume@6cdbe5ec
2019-10-28 08:19:20,986 [main] INFO  volume.HddsVolumeChecker (HddsVolumeChecker.java:checkAllVolumes(204)) - Scheduled health check for volume org.apache.hadoop.ozone.container.common.volume.HddsVolume@6cdbe5ec
2019-10-28 08:19:21,008 [main] INFO  impl.RaftServerProxy (ConfUtils.java:logGet(43)) - raft.rpc.type = GRPC (default)
2019-10-28 08:19:21,008 [main] INFO  grpc.GrpcFactory (GrpcFactory.java:checkPooledByteBufAllocatorUseCacheForAllThreads(45)) - PERFORMANCE WARNING: useCacheForAllThreads is true that may cause Netty to create a lot garbage objects and, as a result, trigger GC.
	It is recommended to disable useCacheForAllThreads by setting -Dorg.apache.ratis.thirdparty.io.netty.allocator.useCacheForAllThreads=false in command line.
2019-10-28 08:19:21,008 [main] INFO  grpc.GrpcConfigKeys$Server (ConfUtils.java:logGet(43)) - raft.grpc.server.port = 0 (default)
2019-10-28 08:19:21,008 [main] INFO  server.GrpcService (ConfUtils.java:logGet(43)) - raft.grpc.message.size.max = 33570816 (custom)
2019-10-28 08:19:21,009 [main] INFO  server.RaftServerConfigKeys (ConfUtils.java:logGet(43)) - raft.server.log.appender.buffer.byte-limit = 33554432 (custom)
2019-10-28 08:19:21,009 [main] INFO  server.GrpcService (ConfUtils.java:logGet(43)) - raft.grpc.flow.control.window = 1MB (=1048576) (default)
2019-10-28 08:19:21,009 [main] INFO  server.RaftServerConfigKeys (ConfUtils.java:logGet(43)) - raft.server.rpc.request.timeout = 3000ms (default)
2019-10-28 08:19:21,009 [main] INFO  server.RaftServerConfigKeys (ConfUtils.java:logGet(43)) - raft.server.storage.dir = [/workdir/hadoop-ozone/integration-test/target/test-dir/MiniOzoneClusterImpl-15e79e0b-a28f-4a98-99e1-aed18379cb8e/datanode-7/data/ratis] (custom)
2019-10-28 08:19:21,010 [main] INFO  hdfs.DFSUtil (DFSUtil.java:httpServerTemplateForNNAndJN(1641)) - Starting Web-server for hddsDatanode at: http://0.0.0.0:0
2019-10-28 08:19:21,012 [main] INFO  server.AuthenticationFilter (AuthenticationFilter.java:constructSecretProvider(240)) - Unable to initialize FileSignerSecretProvider, falling back to use random secrets.
2019-10-28 08:19:21,012 [main] WARN  http.HttpRequestLog (HttpRequestLog.java:getRequestLog(97)) - Jetty request log can only be enabled using Log4j
2019-10-28 08:19:21,013 [main] INFO  http.HttpServer2 (HttpServer2.java:addGlobalFilter(975)) - Added global filter 'safety' (class=org.apache.hadoop.http.HttpServer2$QuotingInputFilter)
2019-10-28 08:19:21,013 [main] INFO  http.HttpServer2 (HttpServer2.java:addFilter(948)) - Added filter static_user_filter (class=org.apache.hadoop.http.lib.StaticUserWebFilter$StaticUserFilter) to context hddsDatanode
2019-10-28 08:19:21,013 [main] INFO  http.HttpServer2 (HttpServer2.java:addFilter(958)) - Added filter static_user_filter (class=org.apache.hadoop.http.lib.StaticUserWebFilter$StaticUserFilter) to context static
2019-10-28 08:19:21,014 [main] INFO  http.HttpServer2 (HttpServer2.java:addFilter(958)) - Added filter static_user_filter (class=org.apache.hadoop.http.lib.StaticUserWebFilter$StaticUserFilter) to context logs
2019-10-28 08:19:21,014 [main] INFO  http.HttpServer2 (HttpServer2.java:bindListener(1191)) - Jetty bound to port 36878
2019-10-28 08:19:21,014 [main] INFO  server.Server (Server.java:doStart(351)) - jetty-9.3.25.v20180904, build timestamp: 2018-09-04T21:11:46Z, git hash: 3ce520221d0240229c862b122d2b06c12a625732
2019-10-28 08:19:21,016 [main] INFO  handler.ContextHandler (ContextHandler.java:doStart(781)) - Started o.e.j.s.ServletContextHandler@177ede17{/logs,file:///workdir/hadoop-ozone/integration-test/target/log,AVAILABLE}
2019-10-28 08:19:21,016 [main] INFO  handler.ContextHandler (ContextHandler.java:doStart(781)) - Started o.e.j.s.ServletContextHandler@4e4395c{/static,jar:file:/home/user/.m2/repository/org/apache/hadoop/hadoop-hdds-container-service/0.5.0-SNAPSHOT/hadoop-hdds-container-service-0.5.0-SNAPSHOT.jar!/webapps/static,AVAILABLE}
2019-10-28 08:19:21,043 [main] INFO  handler.ContextHandler (ContextHandler.java:doStart(781)) - Started o.e.j.w.WebAppContext@2e2f20b8{/,file:///tmp/jetty-0.0.0.0-36878-hddsDatanode-_-any-2954795082062436320.dir/webapp/,AVAILABLE}{/hddsDatanode}
2019-10-28 08:19:21,043 [main] INFO  server.AbstractConnector (AbstractConnector.java:doStart(278)) - Started ServerConnector@504497fa{HTTP/1.1,[http/1.1]}{0.0.0.0:36878}
2019-10-28 08:19:21,046 [main] INFO  server.Server (Server.java:doStart(419)) - Started @230575ms
2019-10-28 08:19:21,046 [main] WARN  impl.MetricsSystemImpl (MetricsSystemImpl.java:register(276)) - Sink prometheus already exists!
2019-10-28 08:19:21,047 [main] INFO  server.BaseHttpServer (BaseHttpServer.java:updateConnectorAddress(215)) - HTTP server of HDDSDATANODE is listening at http://0.0.0.0:36878
2019-10-28 08:19:21,047 [main] INFO  impl.MetricsSystemImpl (MetricsSystemImpl.java:init(158)) - HddsDatanode metrics system started (again)
2019-10-28 08:19:21,054 [org.apache.hadoop.util.JvmPauseMonitor$Monitor@2327f4d7] INFO  util.JvmPauseMonitor (JvmPauseMonitor.java:run(188)) - Starting JVM pause monitor
2019-10-28 08:19:21,055 [main] INFO  ozone.HddsDatanodeService (HddsDatanodeService.java:start(184)) - HddsDatanodeService host:pr-hdds-1569-5jqvn-3828718746 ip:192.168.34.22
2019-10-28 08:19:21,056 [Datanode State Machine Thread - 0] INFO  datanode.InitDatanodeState (InitDatanodeState.java:persistContainerDatanodeDetails(140)) - DatanodeDetails is persisted to /workdir/hadoop-ozone/integration-test/target/test-dir/MiniOzoneClusterImpl-15e79e0b-a28f-4a98-99e1-aed18379cb8e/datanode-7/meta/datanode.id
2019-10-28 08:19:21,063 [main] INFO  volume.HddsVolume (HddsVolume.java:<init>(176)) - Creating Volume: /workdir/hadoop-ozone/integration-test/target/test-dir/MiniOzoneClusterImpl-15e79e0b-a28f-4a98-99e1-aed18379cb8e/datanode-8/data/containers/hdds of  storage type : DISK and capacity : 1482555576320
2019-10-28 08:19:21,063 [main] INFO  volume.VolumeSet (VolumeSet.java:initializeVolumeSet(170)) - Added Volume : /workdir/hadoop-ozone/integration-test/target/test-dir/MiniOzoneClusterImpl-15e79e0b-a28f-4a98-99e1-aed18379cb8e/datanode-8/data/containers/hdds to VolumeSet
2019-10-28 08:19:21,063 [main] INFO  volume.ThrottledAsyncChecker (ThrottledAsyncChecker.java:schedule(141)) - Scheduling a check for org.apache.hadoop.ozone.container.common.volume.HddsVolume@6537ac
2019-10-28 08:19:21,063 [main] INFO  volume.HddsVolumeChecker (HddsVolumeChecker.java:checkAllVolumes(204)) - Scheduled health check for volume org.apache.hadoop.ozone.container.common.volume.HddsVolume@6537ac
2019-10-28 08:19:21,074 [main] INFO  impl.RaftServerProxy (ConfUtils.java:logGet(43)) - raft.rpc.type = GRPC (default)
2019-10-28 08:19:21,075 [main] INFO  grpc.GrpcFactory (GrpcFactory.java:checkPooledByteBufAllocatorUseCacheForAllThreads(45)) - PERFORMANCE WARNING: useCacheForAllThreads is true that may cause Netty to create a lot garbage objects and, as a result, trigger GC.
	It is recommended to disable useCacheForAllThreads by setting -Dorg.apache.ratis.thirdparty.io.netty.allocator.useCacheForAllThreads=false in command line.
2019-10-28 08:19:21,075 [main] INFO  grpc.GrpcConfigKeys$Server (ConfUtils.java:logGet(43)) - raft.grpc.server.port = 0 (default)
2019-10-28 08:19:21,075 [main] INFO  server.GrpcService (ConfUtils.java:logGet(43)) - raft.grpc.message.size.max = 33570816 (custom)
2019-10-28 08:19:21,075 [main] INFO  server.RaftServerConfigKeys (ConfUtils.java:logGet(43)) - raft.server.log.appender.buffer.byte-limit = 33554432 (custom)
2019-10-28 08:19:21,075 [main] INFO  server.GrpcService (ConfUtils.java:logGet(43)) - raft.grpc.flow.control.window = 1MB (=1048576) (default)
2019-10-28 08:19:21,075 [main] INFO  server.RaftServerConfigKeys (ConfUtils.java:logGet(43)) - raft.server.rpc.request.timeout = 3000ms (default)
2019-10-28 08:19:21,076 [main] INFO  server.RaftServerConfigKeys (ConfUtils.java:logGet(43)) - raft.server.storage.dir = [/workdir/hadoop-ozone/integration-test/target/test-dir/MiniOzoneClusterImpl-15e79e0b-a28f-4a98-99e1-aed18379cb8e/datanode-8/data/ratis] (custom)
2019-10-28 08:19:21,077 [main] INFO  hdfs.DFSUtil (DFSUtil.java:httpServerTemplateForNNAndJN(1641)) - Starting Web-server for hddsDatanode at: http://0.0.0.0:0
2019-10-28 08:19:21,078 [main] INFO  server.AuthenticationFilter (AuthenticationFilter.java:constructSecretProvider(240)) - Unable to initialize FileSignerSecretProvider, falling back to use random secrets.
2019-10-28 08:19:21,079 [main] WARN  http.HttpRequestLog (HttpRequestLog.java:getRequestLog(97)) - Jetty request log can only be enabled using Log4j
2019-10-28 08:19:21,080 [main] INFO  http.HttpServer2 (HttpServer2.java:addGlobalFilter(975)) - Added global filter 'safety' (class=org.apache.hadoop.http.HttpServer2$QuotingInputFilter)
2019-10-28 08:19:21,080 [main] INFO  http.HttpServer2 (HttpServer2.java:addFilter(948)) - Added filter static_user_filter (class=org.apache.hadoop.http.lib.StaticUserWebFilter$StaticUserFilter) to context hddsDatanode
2019-10-28 08:19:21,080 [main] INFO  http.HttpServer2 (HttpServer2.java:addFilter(958)) - Added filter static_user_filter (class=org.apache.hadoop.http.lib.StaticUserWebFilter$StaticUserFilter) to context logs
2019-10-28 08:19:21,080 [main] INFO  http.HttpServer2 (HttpServer2.java:addFilter(958)) - Added filter static_user_filter (class=org.apache.hadoop.http.lib.StaticUserWebFilter$StaticUserFilter) to context static
2019-10-28 08:19:21,081 [main] INFO  http.HttpServer2 (HttpServer2.java:bindListener(1191)) - Jetty bound to port 38235
2019-10-28 08:19:21,081 [main] INFO  server.Server (Server.java:doStart(351)) - jetty-9.3.25.v20180904, build timestamp: 2018-09-04T21:11:46Z, git hash: 3ce520221d0240229c862b122d2b06c12a625732
2019-10-28 08:19:21,082 [main] INFO  handler.ContextHandler (ContextHandler.java:doStart(781)) - Started o.e.j.s.ServletContextHandler@25567581{/logs,file:///workdir/hadoop-ozone/integration-test/target/log,AVAILABLE}
2019-10-28 08:19:21,083 [main] INFO  handler.ContextHandler (ContextHandler.java:doStart(781)) - Started o.e.j.s.ServletContextHandler@67763ebe{/static,jar:file:/home/user/.m2/repository/org/apache/hadoop/hadoop-hdds-container-service/0.5.0-SNAPSHOT/hadoop-hdds-container-service-0.5.0-SNAPSHOT.jar!/webapps/static,AVAILABLE}
2019-10-28 08:19:21,107 [main] INFO  handler.ContextHandler (ContextHandler.java:doStart(781)) - Started o.e.j.w.WebAppContext@781dac73{/,file:///tmp/jetty-0.0.0.0-38235-hddsDatanode-_-any-1386213707762355070.dir/webapp/,AVAILABLE}{/hddsDatanode}
2019-10-28 08:19:21,107 [main] INFO  server.AbstractConnector (AbstractConnector.java:doStart(278)) - Started ServerConnector@3a4e524{HTTP/1.1,[http/1.1]}{0.0.0.0:38235}
2019-10-28 08:19:21,108 [main] INFO  server.Server (Server.java:doStart(419)) - Started @230637ms
2019-10-28 08:19:21,109 [main] WARN  impl.MetricsSystemImpl (MetricsSystemImpl.java:register(276)) - Sink prometheus already exists!
2019-10-28 08:19:21,110 [main] INFO  server.BaseHttpServer (BaseHttpServer.java:updateConnectorAddress(215)) - HTTP server of HDDSDATANODE is listening at http://0.0.0.0:38235
2019-10-28 08:19:21,110 [main] INFO  impl.MetricsSystemImpl (MetricsSystemImpl.java:init(158)) - HddsDatanode metrics system started (again)
2019-10-28 08:19:21,118 [org.apache.hadoop.util.JvmPauseMonitor$Monitor@4317ef2f] INFO  util.JvmPauseMonitor (JvmPauseMonitor.java:run(188)) - Starting JVM pause monitor
2019-10-28 08:19:21,119 [main] INFO  ozone.HddsDatanodeService (HddsDatanodeService.java:start(184)) - HddsDatanodeService host:pr-hdds-1569-5jqvn-3828718746 ip:192.168.34.22
2019-10-28 08:19:21,120 [Datanode State Machine Thread - 0] INFO  datanode.InitDatanodeState (InitDatanodeState.java:persistContainerDatanodeDetails(140)) - DatanodeDetails is persisted to /workdir/hadoop-ozone/integration-test/target/test-dir/MiniOzoneClusterImpl-15e79e0b-a28f-4a98-99e1-aed18379cb8e/datanode-8/meta/datanode.id
2019-10-28 08:19:21,127 [main] INFO  volume.HddsVolume (HddsVolume.java:<init>(176)) - Creating Volume: /workdir/hadoop-ozone/integration-test/target/test-dir/MiniOzoneClusterImpl-15e79e0b-a28f-4a98-99e1-aed18379cb8e/datanode-9/data/containers/hdds of  storage type : DISK and capacity : 1482555576320
2019-10-28 08:19:21,127 [main] INFO  volume.VolumeSet (VolumeSet.java:initializeVolumeSet(170)) - Added Volume : /workdir/hadoop-ozone/integration-test/target/test-dir/MiniOzoneClusterImpl-15e79e0b-a28f-4a98-99e1-aed18379cb8e/datanode-9/data/containers/hdds to VolumeSet
2019-10-28 08:19:21,128 [main] INFO  volume.ThrottledAsyncChecker (ThrottledAsyncChecker.java:schedule(141)) - Scheduling a check for org.apache.hadoop.ozone.container.common.volume.HddsVolume@ac4915e
2019-10-28 08:19:21,128 [main] INFO  volume.HddsVolumeChecker (HddsVolumeChecker.java:checkAllVolumes(204)) - Scheduled health check for volume org.apache.hadoop.ozone.container.common.volume.HddsVolume@ac4915e
2019-10-28 08:19:21,143 [main] INFO  impl.RaftServerProxy (ConfUtils.java:logGet(43)) - raft.rpc.type = GRPC (default)
2019-10-28 08:19:21,144 [main] INFO  grpc.GrpcFactory (GrpcFactory.java:checkPooledByteBufAllocatorUseCacheForAllThreads(45)) - PERFORMANCE WARNING: useCacheForAllThreads is true that may cause Netty to create a lot garbage objects and, as a result, trigger GC.
	It is recommended to disable useCacheForAllThreads by setting -Dorg.apache.ratis.thirdparty.io.netty.allocator.useCacheForAllThreads=false in command line.
2019-10-28 08:19:21,144 [main] INFO  grpc.GrpcConfigKeys$Server (ConfUtils.java:logGet(43)) - raft.grpc.server.port = 0 (default)
2019-10-28 08:19:21,144 [main] INFO  server.GrpcService (ConfUtils.java:logGet(43)) - raft.grpc.message.size.max = 33570816 (custom)
2019-10-28 08:19:21,144 [main] INFO  server.RaftServerConfigKeys (ConfUtils.java:logGet(43)) - raft.server.log.appender.buffer.byte-limit = 33554432 (custom)
2019-10-28 08:19:21,144 [main] INFO  server.GrpcService (ConfUtils.java:logGet(43)) - raft.grpc.flow.control.window = 1MB (=1048576) (default)
2019-10-28 08:19:21,144 [main] INFO  server.RaftServerConfigKeys (ConfUtils.java:logGet(43)) - raft.server.rpc.request.timeout = 3000ms (default)
2019-10-28 08:19:21,145 [main] INFO  server.RaftServerConfigKeys (ConfUtils.java:logGet(43)) - raft.server.storage.dir = [/workdir/hadoop-ozone/integration-test/target/test-dir/MiniOzoneClusterImpl-15e79e0b-a28f-4a98-99e1-aed18379cb8e/datanode-9/data/ratis] (custom)
2019-10-28 08:19:21,146 [main] INFO  hdfs.DFSUtil (DFSUtil.java:httpServerTemplateForNNAndJN(1641)) - Starting Web-server for hddsDatanode at: http://0.0.0.0:0
2019-10-28 08:19:21,147 [main] INFO  server.AuthenticationFilter (AuthenticationFilter.java:constructSecretProvider(240)) - Unable to initialize FileSignerSecretProvider, falling back to use random secrets.
2019-10-28 08:19:21,148 [main] WARN  http.HttpRequestLog (HttpRequestLog.java:getRequestLog(97)) - Jetty request log can only be enabled using Log4j
2019-10-28 08:19:21,149 [main] INFO  http.HttpServer2 (HttpServer2.java:addGlobalFilter(975)) - Added global filter 'safety' (class=org.apache.hadoop.http.HttpServer2$QuotingInputFilter)
2019-10-28 08:19:21,150 [main] INFO  http.HttpServer2 (HttpServer2.java:addFilter(948)) - Added filter static_user_filter (class=org.apache.hadoop.http.lib.StaticUserWebFilter$StaticUserFilter) to context hddsDatanode
2019-10-28 08:19:21,150 [main] INFO  http.HttpServer2 (HttpServer2.java:addFilter(958)) - Added filter static_user_filter (class=org.apache.hadoop.http.lib.StaticUserWebFilter$StaticUserFilter) to context logs
2019-10-28 08:19:21,150 [main] INFO  http.HttpServer2 (HttpServer2.java:addFilter(958)) - Added filter static_user_filter (class=org.apache.hadoop.http.lib.StaticUserWebFilter$StaticUserFilter) to context static
2019-10-28 08:19:21,151 [main] INFO  http.HttpServer2 (HttpServer2.java:bindListener(1191)) - Jetty bound to port 41017
2019-10-28 08:19:21,151 [main] INFO  server.Server (Server.java:doStart(351)) - jetty-9.3.25.v20180904, build timestamp: 2018-09-04T21:11:46Z, git hash: 3ce520221d0240229c862b122d2b06c12a625732
2019-10-28 08:19:21,153 [main] INFO  handler.ContextHandler (ContextHandler.java:doStart(781)) - Started o.e.j.s.ServletContextHandler@401788d5{/logs,file:///workdir/hadoop-ozone/integration-test/target/log,AVAILABLE}
2019-10-28 08:19:21,154 [main] INFO  handler.ContextHandler (ContextHandler.java:doStart(781)) - Started o.e.j.s.ServletContextHandler@7e0f9528{/static,jar:file:/home/user/.m2/repository/org/apache/hadoop/hadoop-hdds-container-service/0.5.0-SNAPSHOT/hadoop-hdds-container-service-0.5.0-SNAPSHOT.jar!/webapps/static,AVAILABLE}
2019-10-28 08:19:21,189 [main] INFO  handler.ContextHandler (ContextHandler.java:doStart(781)) - Started o.e.j.w.WebAppContext@71567f33{/,file:///tmp/jetty-0.0.0.0-41017-hddsDatanode-_-any-6817851217187964405.dir/webapp/,AVAILABLE}{/hddsDatanode}
2019-10-28 08:19:21,189 [main] INFO  server.AbstractConnector (AbstractConnector.java:doStart(278)) - Started ServerConnector@71369e1a{HTTP/1.1,[http/1.1]}{0.0.0.0:41017}
2019-10-28 08:19:21,191 [main] INFO  server.Server (Server.java:doStart(419)) - Started @230718ms
2019-10-28 08:19:21,191 [main] WARN  impl.MetricsSystemImpl (MetricsSystemImpl.java:register(276)) - Sink prometheus already exists!
2019-10-28 08:19:21,192 [main] INFO  server.BaseHttpServer (BaseHttpServer.java:updateConnectorAddress(215)) - HTTP server of HDDSDATANODE is listening at http://0.0.0.0:41017
2019-10-28 08:19:21,192 [main] INFO  ozone.MiniOzoneClusterImpl (MiniOzoneClusterImpl.java:lambda$waitForClusterToBeReady$0(147)) - Waiting for cluster to be ready. Got 0 of 10 DN Heartbeats.
2019-10-28 08:19:21,193 [org.apache.hadoop.util.JvmPauseMonitor$Monitor@78fdf655] INFO  util.JvmPauseMonitor (JvmPauseMonitor.java:run(188)) - Starting JVM pause monitor
2019-10-28 08:19:21,194 [Datanode State Machine Thread - 0] INFO  datanode.InitDatanodeState (InitDatanodeState.java:persistContainerDatanodeDetails(140)) - DatanodeDetails is persisted to /workdir/hadoop-ozone/integration-test/target/test-dir/MiniOzoneClusterImpl-15e79e0b-a28f-4a98-99e1-aed18379cb8e/datanode-9/meta/datanode.id
2019-10-28 08:19:22,192 [main] INFO  ozone.MiniOzoneClusterImpl (MiniOzoneClusterImpl.java:lambda$waitForClusterToBeReady$0(147)) - Waiting for cluster to be ready. Got 0 of 10 DN Heartbeats.
2019-10-28 08:19:22,554 [Datanode State Machine Thread - 0] INFO  ozoneimpl.OzoneContainer (OzoneContainer.java:start(213)) - Attempting to start container services.
2019-10-28 08:19:22,554 [Datanode State Machine Thread - 0] INFO  ozoneimpl.OzoneContainer (OzoneContainer.java:startContainerScrub(177)) - Background container scanner has been disabled.
2019-10-28 08:19:22,554 [Datanode State Machine Thread - 0] INFO  ratis.XceiverServerRatis (XceiverServerRatis.java:start(418)) - Starting XceiverServerRatis 8dd013f2-bbde-4487-bce9-479ed92de2a3 at port 0
2019-10-28 08:19:22,562 [Datanode State Machine Thread - 0] INFO  impl.RaftServerProxy (RaftServerProxy.java:lambda$start$3(299)) - 8dd013f2-bbde-4487-bce9-479ed92de2a3: start RPC server
2019-10-28 08:19:22,564 [Datanode State Machine Thread - 0] INFO  server.GrpcService (GrpcService.java:startImpl(158)) - 8dd013f2-bbde-4487-bce9-479ed92de2a3: GrpcService started, listening on 0.0.0.0/0.0.0.0:35242
2019-10-28 08:19:22,564 [Datanode State Machine Thread - 0] INFO  ratis.XceiverServerRatis (XceiverServerRatis.java:start(428)) - XceiverServerRatis 8dd013f2-bbde-4487-bce9-479ed92de2a3 is started using port 35242
2019-10-28 08:19:22,565 [Datanode State Machine Thread - 0] INFO  server.XceiverServerGrpc (XceiverServerGrpc.java:start(149)) - XceiverServerGrpc 8dd013f2-bbde-4487-bce9-479ed92de2a3 is started using port 46830
2019-10-28 08:19:22,620 [Datanode State Machine Thread - 0] INFO  ozoneimpl.OzoneContainer (OzoneContainer.java:start(213)) - Attempting to start container services.
2019-10-28 08:19:22,620 [Datanode State Machine Thread - 0] INFO  ozoneimpl.OzoneContainer (OzoneContainer.java:startContainerScrub(177)) - Background container scanner has been disabled.
2019-10-28 08:19:22,621 [Datanode State Machine Thread - 0] INFO  ratis.XceiverServerRatis (XceiverServerRatis.java:start(418)) - Starting XceiverServerRatis 00d59604-869a-42b3-a19c-0cd76ca30d07 at port 0
2019-10-28 08:19:22,627 [Datanode State Machine Thread - 0] INFO  impl.RaftServerProxy (RaftServerProxy.java:lambda$start$3(299)) - 00d59604-869a-42b3-a19c-0cd76ca30d07: start RPC server
2019-10-28 08:19:22,628 [Datanode State Machine Thread - 0] INFO  server.GrpcService (GrpcService.java:startImpl(158)) - 00d59604-869a-42b3-a19c-0cd76ca30d07: GrpcService started, listening on 0.0.0.0/0.0.0.0:38783
2019-10-28 08:19:22,628 [Datanode State Machine Thread - 0] INFO  ratis.XceiverServerRatis (XceiverServerRatis.java:start(428)) - XceiverServerRatis 00d59604-869a-42b3-a19c-0cd76ca30d07 is started using port 38783
2019-10-28 08:19:22,628 [Datanode State Machine Thread - 0] INFO  server.XceiverServerGrpc (XceiverServerGrpc.java:start(149)) - XceiverServerGrpc 00d59604-869a-42b3-a19c-0cd76ca30d07 is started using port 44396
2019-10-28 08:19:22,713 [Datanode State Machine Thread - 0] INFO  ozoneimpl.OzoneContainer (OzoneContainer.java:start(213)) - Attempting to start container services.
2019-10-28 08:19:22,713 [Datanode State Machine Thread - 0] INFO  ozoneimpl.OzoneContainer (OzoneContainer.java:startContainerScrub(177)) - Background container scanner has been disabled.
2019-10-28 08:19:22,714 [Datanode State Machine Thread - 0] INFO  ratis.XceiverServerRatis (XceiverServerRatis.java:start(418)) - Starting XceiverServerRatis 442f1a8c-01a9-4abf-8c25-ed2da4cb70e7 at port 0
2019-10-28 08:19:22,721 [Datanode State Machine Thread - 0] INFO  impl.RaftServerProxy (RaftServerProxy.java:lambda$start$3(299)) - 442f1a8c-01a9-4abf-8c25-ed2da4cb70e7: start RPC server
2019-10-28 08:19:22,721 [Datanode State Machine Thread - 0] INFO  server.GrpcService (GrpcService.java:startImpl(158)) - 442f1a8c-01a9-4abf-8c25-ed2da4cb70e7: GrpcService started, listening on 0.0.0.0/0.0.0.0:39138
2019-10-28 08:19:22,721 [Datanode State Machine Thread - 0] INFO  ratis.XceiverServerRatis (XceiverServerRatis.java:start(428)) - XceiverServerRatis 442f1a8c-01a9-4abf-8c25-ed2da4cb70e7 is started using port 39138
2019-10-28 08:19:22,722 [Datanode State Machine Thread - 0] INFO  server.XceiverServerGrpc (XceiverServerGrpc.java:start(149)) - XceiverServerGrpc 442f1a8c-01a9-4abf-8c25-ed2da4cb70e7 is started using port 37789
2019-10-28 08:19:22,782 [Datanode State Machine Thread - 0] INFO  ozoneimpl.OzoneContainer (OzoneContainer.java:start(213)) - Attempting to start container services.
2019-10-28 08:19:22,783 [Datanode State Machine Thread - 0] INFO  ozoneimpl.OzoneContainer (OzoneContainer.java:startContainerScrub(177)) - Background container scanner has been disabled.
2019-10-28 08:19:22,783 [Datanode State Machine Thread - 0] INFO  ratis.XceiverServerRatis (XceiverServerRatis.java:start(418)) - Starting XceiverServerRatis 2a045742-6ad3-4ae4-8313-0bafe5f9a8d8 at port 0
2019-10-28 08:19:22,790 [Datanode State Machine Thread - 0] INFO  impl.RaftServerProxy (RaftServerProxy.java:lambda$start$3(299)) - 2a045742-6ad3-4ae4-8313-0bafe5f9a8d8: start RPC server
2019-10-28 08:19:22,791 [Datanode State Machine Thread - 0] INFO  server.GrpcService (GrpcService.java:startImpl(158)) - 2a045742-6ad3-4ae4-8313-0bafe5f9a8d8: GrpcService started, listening on 0.0.0.0/0.0.0.0:36717
2019-10-28 08:19:22,791 [Datanode State Machine Thread - 0] INFO  ratis.XceiverServerRatis (XceiverServerRatis.java:start(428)) - XceiverServerRatis 2a045742-6ad3-4ae4-8313-0bafe5f9a8d8 is started using port 36717
2019-10-28 08:19:22,792 [Datanode State Machine Thread - 0] INFO  server.XceiverServerGrpc (XceiverServerGrpc.java:start(149)) - XceiverServerGrpc 2a045742-6ad3-4ae4-8313-0bafe5f9a8d8 is started using port 44358
2019-10-28 08:19:22,845 [Datanode State Machine Thread - 0] INFO  ozoneimpl.OzoneContainer (OzoneContainer.java:start(213)) - Attempting to start container services.
2019-10-28 08:19:22,845 [Datanode State Machine Thread - 0] INFO  ozoneimpl.OzoneContainer (OzoneContainer.java:startContainerScrub(177)) - Background container scanner has been disabled.
2019-10-28 08:19:22,845 [Datanode State Machine Thread - 0] INFO  ratis.XceiverServerRatis (XceiverServerRatis.java:start(418)) - Starting XceiverServerRatis 931f47be-92fd-4e78-8b74-097dddc5e38b at port 0
2019-10-28 08:19:23,197 [main] INFO  ozone.MiniOzoneClusterImpl (MiniOzoneClusterImpl.java:lambda$waitForClusterToBeReady$0(147)) - Waiting for cluster to be ready. Got 0 of 10 DN Heartbeats.
2019-10-28 08:19:23,255 [Datanode State Machine Thread - 0] INFO  ozoneimpl.OzoneContainer (OzoneContainer.java:start(213)) - Attempting to start container services.
2019-10-28 08:19:23,255 [Datanode State Machine Thread - 0] INFO  impl.RaftServerProxy (RaftServerProxy.java:lambda$start$3(299)) - 931f47be-92fd-4e78-8b74-097dddc5e38b: start RPC server
2019-10-28 08:19:23,255 [Datanode State Machine Thread - 0] INFO  ozoneimpl.OzoneContainer (OzoneContainer.java:start(213)) - Attempting to start container services.
2019-10-28 08:19:23,255 [Datanode State Machine Thread - 0] INFO  ozoneimpl.OzoneContainer (OzoneContainer.java:start(213)) - Attempting to start container services.
2019-10-28 08:19:23,256 [Datanode State Machine Thread - 0] INFO  ozoneimpl.OzoneContainer (OzoneContainer.java:startContainerScrub(177)) - Background container scanner has been disabled.
2019-10-28 08:19:23,256 [Datanode State Machine Thread - 0] INFO  ozoneimpl.OzoneContainer (OzoneContainer.java:startContainerScrub(177)) - Background container scanner has been disabled.
2019-10-28 08:19:23,256 [Datanode State Machine Thread - 0] INFO  ozoneimpl.OzoneContainer (OzoneContainer.java:startContainerScrub(177)) - Background container scanner has been disabled.
2019-10-28 08:19:23,256 [Datanode State Machine Thread - 0] INFO  ratis.XceiverServerRatis (XceiverServerRatis.java:start(418)) - Starting XceiverServerRatis 2aa3b7c6-b90d-4752-89e9-33d25dd86bbd at port 0
2019-10-28 08:19:23,256 [Datanode State Machine Thread - 0] INFO  ratis.XceiverServerRatis (XceiverServerRatis.java:start(418)) - Starting XceiverServerRatis c538bdf1-684e-4089-9cc6-6fa0b44fa7c7 at port 0
2019-10-28 08:19:23,256 [Datanode State Machine Thread - 0] INFO  ratis.XceiverServerRatis (XceiverServerRatis.java:start(418)) - Starting XceiverServerRatis 32ed66cf-8488-4ba5-9500-337fd38aaa15 at port 0
2019-10-28 08:19:23,257 [Datanode State Machine Thread - 0] INFO  server.GrpcService (GrpcService.java:startImpl(158)) - 931f47be-92fd-4e78-8b74-097dddc5e38b: GrpcService started, listening on 0.0.0.0/0.0.0.0:34284
2019-10-28 08:19:23,257 [Datanode State Machine Thread - 0] INFO  ratis.XceiverServerRatis (XceiverServerRatis.java:start(428)) - XceiverServerRatis 931f47be-92fd-4e78-8b74-097dddc5e38b is started using port 34284
2019-10-28 08:19:23,258 [Datanode State Machine Thread - 0] INFO  server.XceiverServerGrpc (XceiverServerGrpc.java:start(149)) - XceiverServerGrpc 931f47be-92fd-4e78-8b74-097dddc5e38b is started using port 40787
2019-10-28 08:19:23,269 [Datanode State Machine Thread - 0] INFO  ozoneimpl.OzoneContainer (OzoneContainer.java:start(213)) - Attempting to start container services.
2019-10-28 08:19:23,269 [Datanode State Machine Thread - 0] INFO  ozoneimpl.OzoneContainer (OzoneContainer.java:start(213)) - Attempting to start container services.
2019-10-28 08:19:23,269 [Datanode State Machine Thread - 0] INFO  ozoneimpl.OzoneContainer (OzoneContainer.java:startContainerScrub(177)) - Background container scanner has been disabled.
2019-10-28 08:19:23,269 [Datanode State Machine Thread - 0] INFO  ozoneimpl.OzoneContainer (OzoneContainer.java:startContainerScrub(177)) - Background container scanner has been disabled.
2019-10-28 08:19:23,269 [Datanode State Machine Thread - 0] INFO  ratis.XceiverServerRatis (XceiverServerRatis.java:start(418)) - Starting XceiverServerRatis 6f05e68d-03c1-4824-99f0-3d21915cda5b at port 0
2019-10-28 08:19:23,269 [Datanode State Machine Thread - 0] INFO  ratis.XceiverServerRatis (XceiverServerRatis.java:start(418)) - Starting XceiverServerRatis 491ad50e-3375-4589-a02d-0269379b43b4 at port 0
2019-10-28 08:19:23,286 [Datanode State Machine Thread - 0] INFO  impl.RaftServerProxy (RaftServerProxy.java:lambda$start$3(299)) - 32ed66cf-8488-4ba5-9500-337fd38aaa15: start RPC server
2019-10-28 08:19:23,287 [Datanode State Machine Thread - 0] INFO  server.GrpcService (GrpcService.java:startImpl(158)) - 32ed66cf-8488-4ba5-9500-337fd38aaa15: GrpcService started, listening on 0.0.0.0/0.0.0.0:44586
2019-10-28 08:19:23,287 [Datanode State Machine Thread - 0] INFO  ratis.XceiverServerRatis (XceiverServerRatis.java:start(428)) - XceiverServerRatis 32ed66cf-8488-4ba5-9500-337fd38aaa15 is started using port 44586
2019-10-28 08:19:23,287 [Datanode State Machine Thread - 0] INFO  server.XceiverServerGrpc (XceiverServerGrpc.java:start(149)) - XceiverServerGrpc 32ed66cf-8488-4ba5-9500-337fd38aaa15 is started using port 38534
2019-10-28 08:19:23,295 [Datanode State Machine Thread - 0] INFO  impl.RaftServerProxy (RaftServerProxy.java:lambda$start$3(299)) - 2aa3b7c6-b90d-4752-89e9-33d25dd86bbd: start RPC server
2019-10-28 08:19:23,296 [Datanode State Machine Thread - 0] INFO  server.GrpcService (GrpcService.java:startImpl(158)) - 2aa3b7c6-b90d-4752-89e9-33d25dd86bbd: GrpcService started, listening on 0.0.0.0/0.0.0.0:43904
2019-10-28 08:19:23,296 [Datanode State Machine Thread - 0] INFO  ratis.XceiverServerRatis (XceiverServerRatis.java:start(428)) - XceiverServerRatis 2aa3b7c6-b90d-4752-89e9-33d25dd86bbd is started using port 43904
2019-10-28 08:19:23,296 [Datanode State Machine Thread - 0] INFO  impl.RaftServerProxy (RaftServerProxy.java:lambda$start$3(299)) - c538bdf1-684e-4089-9cc6-6fa0b44fa7c7: start RPC server
2019-10-28 08:19:23,296 [Datanode State Machine Thread - 0] INFO  server.XceiverServerGrpc (XceiverServerGrpc.java:start(149)) - XceiverServerGrpc 2aa3b7c6-b90d-4752-89e9-33d25dd86bbd is started using port 43209
2019-10-28 08:19:23,297 [Datanode State Machine Thread - 0] INFO  server.GrpcService (GrpcService.java:startImpl(158)) - c538bdf1-684e-4089-9cc6-6fa0b44fa7c7: GrpcService started, listening on 0.0.0.0/0.0.0.0:38247
2019-10-28 08:19:23,297 [Datanode State Machine Thread - 0] INFO  ratis.XceiverServerRatis (XceiverServerRatis.java:start(428)) - XceiverServerRatis c538bdf1-684e-4089-9cc6-6fa0b44fa7c7 is started using port 38247
2019-10-28 08:19:23,297 [Datanode State Machine Thread - 0] INFO  server.XceiverServerGrpc (XceiverServerGrpc.java:start(149)) - XceiverServerGrpc c538bdf1-684e-4089-9cc6-6fa0b44fa7c7 is started using port 45476
2019-10-28 08:19:23,300 [Datanode State Machine Thread - 0] INFO  impl.RaftServerProxy (RaftServerProxy.java:lambda$start$3(299)) - 6f05e68d-03c1-4824-99f0-3d21915cda5b: start RPC server
2019-10-28 08:19:23,302 [Datanode State Machine Thread - 0] INFO  server.GrpcService (GrpcService.java:startImpl(158)) - 6f05e68d-03c1-4824-99f0-3d21915cda5b: GrpcService started, listening on 0.0.0.0/0.0.0.0:36489
2019-10-28 08:19:23,302 [Datanode State Machine Thread - 0] INFO  ratis.XceiverServerRatis (XceiverServerRatis.java:start(428)) - XceiverServerRatis 6f05e68d-03c1-4824-99f0-3d21915cda5b is started using port 36489
2019-10-28 08:19:23,304 [Datanode State Machine Thread - 0] INFO  server.XceiverServerGrpc (XceiverServerGrpc.java:start(149)) - XceiverServerGrpc 6f05e68d-03c1-4824-99f0-3d21915cda5b is started using port 34957
2019-10-28 08:19:23,304 [Datanode State Machine Thread - 0] INFO  impl.RaftServerProxy (RaftServerProxy.java:lambda$start$3(299)) - 491ad50e-3375-4589-a02d-0269379b43b4: start RPC server
2019-10-28 08:19:23,315 [Datanode State Machine Thread - 0] INFO  server.GrpcService (GrpcService.java:startImpl(158)) - 491ad50e-3375-4589-a02d-0269379b43b4: GrpcService started, listening on 0.0.0.0/0.0.0.0:34561
2019-10-28 08:19:23,315 [Datanode State Machine Thread - 0] INFO  ratis.XceiverServerRatis (XceiverServerRatis.java:start(428)) - XceiverServerRatis 491ad50e-3375-4589-a02d-0269379b43b4 is started using port 34561
2019-10-28 08:19:23,324 [Datanode State Machine Thread - 0] INFO  server.XceiverServerGrpc (XceiverServerGrpc.java:start(149)) - XceiverServerGrpc 491ad50e-3375-4589-a02d-0269379b43b4 is started using port 43825
2019-10-28 08:19:24,255 [main] INFO  ozone.MiniOzoneClusterImpl (MiniOzoneClusterImpl.java:lambda$waitForClusterToBeReady$0(147)) - Waiting for cluster to be ready. Got 0 of 10 DN Heartbeats.
2019-10-28 08:19:24,536 [IPC Server handler 7 on 46334] INFO  net.NetworkTopology (NetworkTopologyImpl.java:add(111)) - Added a new node: /rack1/8dd013f2-bbde-4487-bce9-479ed92de2a3
2019-10-28 08:19:24,538 [IPC Server handler 7 on 46334] INFO  node.SCMNodeManager (SCMNodeManager.java:register(268)) - Registered Data node : 8dd013f2-bbde-4487-bce9-479ed92de2a3{ip: 192.168.34.22, host: pr-hdds-1569-5jqvn-3828718746, networkLocation: /rack1, certSerialId: null}
2019-10-28 08:19:24,539 [EventQueue-NodeRegistrationContainerReportForDataNodeSafeModeRule] INFO  safemode.SCMSafeModeManager (DataNodeSafeModeRule.java:process(71)) - SCM in safe mode. 1 DataNodes registered, 1 required.
2019-10-28 08:19:24,541 [EventQueue-NodeRegistrationContainerReportForDataNodeSafeModeRule] INFO  safemode.SCMSafeModeManager (SCMSafeModeManager.java:validateSafeModeExitRules(177)) - ScmSafeModeManager, all rules are successfully validated
2019-10-28 08:19:24,542 [EventQueue-NodeRegistrationContainerReportForDataNodeSafeModeRule] INFO  safemode.SCMSafeModeManager (SCMSafeModeManager.java:exitSafeMode(193)) - SCM exiting safe mode.
2019-10-28 08:19:24,566 [grpc-default-executor-7] INFO  impl.RaftServerProxy (RaftServerProxy.java:addNew(89)) - 8dd013f2-bbde-4487-bce9-479ed92de2a3: addNew group-F5129AA3BD50:[8dd013f2-bbde-4487-bce9-479ed92de2a3:192.168.34.22:35242] returns group-F5129AA3BD50:java.util.concurrent.CompletableFuture@11ecfb53[Not completed]
2019-10-28 08:19:24,567 [pool-510-thread-1] INFO  impl.RaftServerImpl (RaftServerImpl.java:<init>(95)) - 8dd013f2-bbde-4487-bce9-479ed92de2a3: new RaftServerImpl for group-F5129AA3BD50:[8dd013f2-bbde-4487-bce9-479ed92de2a3:192.168.34.22:35242] with ContainerStateMachine:uninitialized
2019-10-28 08:19:24,567 [pool-510-thread-1] INFO  server.RaftServerConfigKeys (ConfUtils.java:logGet(43)) - raft.server.rpc.timeout.min = 1s (custom)
2019-10-28 08:19:24,567 [pool-510-thread-1] INFO  server.RaftServerConfigKeys (ConfUtils.java:logGet(43)) - raft.server.rpc.timeout.max = 1200ms (custom)
2019-10-28 08:19:24,567 [pool-510-thread-1] INFO  server.RaftServerConfigKeys (ConfUtils.java:logGet(43)) - raft.server.rpcslowness.timeout = 120s (custom)
2019-10-28 08:19:24,567 [pool-510-thread-1] INFO  server.RaftServerConfigKeys (ConfUtils.java:logGet(43)) - raft.server.sleep.deviation.threshold = 300 (default)
2019-10-28 08:19:24,568 [pool-510-thread-1] INFO  server.RaftServerConfigKeys (ConfUtils.java:logGet(43)) - raft.server.log.appender.install.snapshot.enabled = false (custom)
2019-10-28 08:19:24,568 [pool-510-thread-1] INFO  impl.RaftServerImpl (ServerState.java:<init>(103)) - 8dd013f2-bbde-4487-bce9-479ed92de2a3@group-F5129AA3BD50: ConfigurationManager, init=-1: [8dd013f2-bbde-4487-bce9-479ed92de2a3:192.168.34.22:35242], old=null, confs=<EMPTY_MAP>
2019-10-28 08:19:24,568 [pool-510-thread-1] INFO  server.RaftServerConfigKeys (ConfUtils.java:logGet(43)) - raft.server.storage.dir = [/workdir/hadoop-ozone/integration-test/target/test-dir/MiniOzoneClusterImpl-15e79e0b-a28f-4a98-99e1-aed18379cb8e/datanode-0/data/ratis] (custom)
2019-10-28 08:19:24,568 [pool-510-thread-1] INFO  server.RaftServerConfigKeys (ConfUtils.java:logGet(43)) - raft.server.log.corruption.policy = EXCEPTION (default)
2019-10-28 08:19:24,568 [pool-510-thread-1] INFO  storage.RaftStorageDirectory (RaftStorageDirectory.java:analyzeStorage(246)) - The storage directory /workdir/hadoop-ozone/integration-test/target/test-dir/MiniOzoneClusterImpl-15e79e0b-a28f-4a98-99e1-aed18379cb8e/datanode-0/data/ratis/c35db48d-e40c-4c83-a5ea-f5129aa3bd50 does not exist. Creating ...
2019-10-28 08:19:24,581 [pool-510-thread-1] INFO  storage.RaftStorageDirectory (RaftStorageDirectory.java:tryLock(328)) - Lock on /workdir/hadoop-ozone/integration-test/target/test-dir/MiniOzoneClusterImpl-15e79e0b-a28f-4a98-99e1-aed18379cb8e/datanode-0/data/ratis/c35db48d-e40c-4c83-a5ea-f5129aa3bd50/in_use.lock acquired by nodename 2894@pr-hdds-1569-5jqvn-3828718746
2019-10-28 08:19:24,595 [pool-510-thread-1] INFO  storage.RaftStorage (RaftStorage.java:format(84)) - Storage directory /workdir/hadoop-ozone/integration-test/target/test-dir/MiniOzoneClusterImpl-15e79e0b-a28f-4a98-99e1-aed18379cb8e/datanode-0/data/ratis/c35db48d-e40c-4c83-a5ea-f5129aa3bd50 has been successfully formatted.
2019-10-28 08:19:24,595 [pool-510-thread-1] INFO  ratis.ContainerStateMachine (ContainerStateMachine.java:loadSnapshot(231)) - group-F5129AA3BD50: The snapshot info is null. Setting the last applied indexto:(t:0, i:~)
2019-10-28 08:19:24,595 [pool-510-thread-1] INFO  server.RaftServerConfigKeys (ConfUtils.java:logGet(43)) - raft.server.notification.no-leader.timeout = 120s (custom)
2019-10-28 08:19:24,595 [pool-510-thread-1] INFO  server.RaftServerConfigKeys (ConfUtils.java:logGet(43)) - raft.server.log.use.memory = false (default)
2019-10-28 08:19:24,595 [pool-510-thread-1] INFO  server.RaftServerConfigKeys (ConfUtils.java:logGet(43)) - raft.server.log.purge.gap = 1000000 (custom)
2019-10-28 08:19:24,595 [pool-510-thread-1] INFO  server.RaftServerConfigKeys (ConfUtils.java:logGet(43)) - raft.server.log.appender.buffer.byte-limit = 33554432 (custom)
2019-10-28 08:19:24,596 [pool-510-thread-1] INFO  server.RaftServerConfigKeys (ConfUtils.java:logGet(43)) - raft.server.log.segment.size.max = 1048576 (custom)
2019-10-28 08:19:24,597 [pool-510-thread-1] INFO  server.RaftServerConfigKeys (ConfUtils.java:logGet(43)) - raft.server.log.segment.cache.num.max = 2 (custom)
2019-10-28 08:19:24,597 [pool-510-thread-1] INFO  segmented.SegmentedRaftLogWorker (SegmentedRaftLogWorker.java:<init>(173)) - new 8dd013f2-bbde-4487-bce9-479ed92de2a3@group-F5129AA3BD50-SegmentedRaftLogWorker for RaftStorage:Storage Directory /workdir/hadoop-ozone/integration-test/target/test-dir/MiniOzoneClusterImpl-15e79e0b-a28f-4a98-99e1-aed18379cb8e/datanode-0/data/ratis/c35db48d-e40c-4c83-a5ea-f5129aa3bd50
2019-10-28 08:19:24,597 [pool-510-thread-1] INFO  server.RaftServerConfigKeys (ConfUtils.java:logGet(43)) - raft.server.log.queue.byte-limit = 2147483647 (custom)
2019-10-28 08:19:24,597 [pool-510-thread-1] INFO  server.RaftServerConfigKeys (ConfUtils.java:logGet(43)) - raft.server.log.queue.element-limit = 1024 (custom)
2019-10-28 08:19:24,597 [pool-510-thread-1] INFO  server.RaftServerConfigKeys (ConfUtils.java:logGet(43)) - raft.server.log.segment.size.max = 1048576 (custom)
2019-10-28 08:19:24,597 [pool-510-thread-1] INFO  server.RaftServerConfigKeys (ConfUtils.java:logGet(43)) - raft.server.log.preallocated.size = 16384 (custom)
2019-10-28 08:19:24,598 [pool-510-thread-1] INFO  server.RaftServerConfigKeys (ConfUtils.java:logGet(43)) - raft.server.log.write.buffer.size = 33554432 (custom)
2019-10-28 08:19:24,598 [pool-510-thread-1] INFO  server.RaftServerConfigKeys (ConfUtils.java:logGet(43)) - raft.server.log.force.sync.num = 128 (default)
2019-10-28 08:19:24,598 [pool-510-thread-1] INFO  server.RaftServerConfigKeys (ConfUtils.java:logGet(43)) - raft.server.log.statemachine.data.sync = true (default)
2019-10-28 08:19:24,598 [pool-510-thread-1] INFO  server.RaftServerConfigKeys (ConfUtils.java:logGet(43)) - raft.server.log.statemachine.data.sync.timeout = 10s (default)
2019-10-28 08:19:24,598 [pool-510-thread-1] INFO  server.RaftServerConfigKeys (ConfUtils.java:logGet(43)) - raft.server.log.statemachine.data.sync.timeout.retry = -1 (default)
2019-10-28 08:19:24,598 [pool-510-thread-1] INFO  server.RaftServerConfigKeys (ConfUtils.java:logGet(43)) - raft.server.log.statemachine.data.caching.enabled = true (custom)
2019-10-28 08:19:24,599 [pool-510-thread-1] INFO  segmented.SegmentedRaftLogWorker (SegmentedRaftLogWorker.java:lambda$new$0(128)) - 8dd013f2-bbde-4487-bce9-479ed92de2a3@group-F5129AA3BD50-SegmentedRaftLogWorker: flushIndex: setUnconditionally 0 -> -1
2019-10-28 08:19:24,599 [pool-510-thread-1] INFO  server.RaftServerConfigKeys (ConfUtils.java:logGet(43)) - raft.server.snapshot.auto.trigger.enabled = true (custom)
2019-10-28 08:19:24,599 [pool-510-thread-1] INFO  server.RaftServerConfigKeys (ConfUtils.java:logGet(43)) - raft.server.snapshot.auto.trigger.threshold = 10000 (custom)
2019-10-28 08:19:24,599 [pool-510-thread-1] INFO  server.RaftServerConfigKeys (ConfUtils.java:logGet(43)) - raft.server.snapshot.retention.file.num = 5 (custom)
2019-10-28 08:19:24,599 [pool-510-thread-1] INFO  server.RaftServerConfigKeys (ConfUtils.java:logGet(43)) - raft.server.retrycache.expirytime = 600000ms (custom)
2019-10-28 08:19:24,600 [pool-510-thread-1] INFO  impl.RaftServerImpl (RaftServerImpl.java:start(181)) - 8dd013f2-bbde-4487-bce9-479ed92de2a3@group-F5129AA3BD50: start as a follower, conf=-1: [8dd013f2-bbde-4487-bce9-479ed92de2a3:192.168.34.22:35242], old=null
2019-10-28 08:19:24,600 [pool-510-thread-1] INFO  impl.RaftServerImpl (RaftServerImpl.java:setRole(170)) - 8dd013f2-bbde-4487-bce9-479ed92de2a3@group-F5129AA3BD50: changes role from      null to FOLLOWER at term 0 for startAsFollower
2019-10-28 08:19:24,601 [pool-510-thread-1] INFO  impl.RoleInfo (RoleInfo.java:updateAndGet(143)) - 8dd013f2-bbde-4487-bce9-479ed92de2a3: start FollowerState
2019-10-28 08:19:24,601 [pool-510-thread-1] INFO  util.JmxRegister (JmxRegister.java:tryRegister(44)) - Successfully registered JMX Bean with object name Ratis:service=RaftServer,group=group-F5129AA3BD50,id=8dd013f2-bbde-4487-bce9-479ed92de2a3
2019-10-28 08:19:24,605 [RatisPipelineUtilsThread] INFO  pipeline.PipelineStateManager (PipelineStateManager.java:addPipeline(56)) - Created pipeline Pipeline[ Id: c35db48d-e40c-4c83-a5ea-f5129aa3bd50, Nodes: 8dd013f2-bbde-4487-bce9-479ed92de2a3{ip: 192.168.34.22, host: pr-hdds-1569-5jqvn-3828718746, networkLocation: /rack1, certSerialId: null}, Type:RATIS, Factor:ONE, State:OPEN]
2019-10-28 08:19:24,605 [RatisPipelineUtilsThread] ERROR pipeline.SCMPipelineManager (SCMPipelineManager.java:createPipeline(161)) - Pipeline creation failed.
org.apache.hadoop.hdds.scm.exceptions.SCMException: Cannot create pipeline of factor 1 using 0 nodes. Used 1 nodes. Healthy nodes 1
	at org.apache.hadoop.hdds.scm.pipeline.RatisPipelineProvider.pickNodesNeverUsed(RatisPipelineProvider.java:128)
	at org.apache.hadoop.hdds.scm.pipeline.RatisPipelineProvider.create(RatisPipelineProvider.java:174)
	at org.apache.hadoop.hdds.scm.pipeline.PipelineFactory.create(PipelineFactory.java:58)
	at org.apache.hadoop.hdds.scm.pipeline.SCMPipelineManager.createPipeline(SCMPipelineManager.java:151)
	at org.apache.hadoop.hdds.scm.pipeline.BackgroundPipelineCreator.createPipelines(BackgroundPipelineCreator.java:100)
	at java.util.concurrent.Executors$RunnableAdapter.call(Executors.java:511)
	at java.util.concurrent.FutureTask.run(FutureTask.java:266)
	at java.util.concurrent.ScheduledThreadPoolExecutor$ScheduledFutureTask.access$201(ScheduledThreadPoolExecutor.java:180)
	at java.util.concurrent.ScheduledThreadPoolExecutor$ScheduledFutureTask.run(ScheduledThreadPoolExecutor.java:293)
	at java.util.concurrent.ThreadPoolExecutor.runWorker(ThreadPoolExecutor.java:1149)
	at java.util.concurrent.ThreadPoolExecutor$Worker.run(ThreadPoolExecutor.java:624)
	at java.lang.Thread.run(Thread.java:748)
2019-10-28 08:19:24,606 [IPC Server handler 8 on 46334] INFO  net.NetworkTopology (NetworkTopologyImpl.java:add(111)) - Added a new node: /rack1/00d59604-869a-42b3-a19c-0cd76ca30d07
2019-10-28 08:19:24,606 [RatisPipelineUtilsThread] ERROR pipeline.PipelinePlacementPolicy (PipelinePlacementPolicy.java:filterViableNodes(157)) - Not enough healthy nodes to allocate pipeline. 3  datanodes required. Found 2
2019-10-28 08:19:24,606 [IPC Server handler 8 on 46334] INFO  node.SCMNodeManager (SCMNodeManager.java:register(268)) - Registered Data node : 00d59604-869a-42b3-a19c-0cd76ca30d07{ip: 192.168.34.22, host: pr-hdds-1569-5jqvn-3828718746, networkLocation: /rack1, certSerialId: null}
2019-10-28 08:19:24,606 [RatisPipelineUtilsThread] ERROR pipeline.SCMPipelineManager (SCMPipelineManager.java:createPipeline(161)) - Pipeline creation failed.
org.apache.hadoop.hdds.scm.exceptions.SCMException: Not enough healthy nodes to allocate pipeline. 3  datanodes required. Found 2
	at org.apache.hadoop.hdds.scm.pipeline.PipelinePlacementPolicy.filterViableNodes(PipelinePlacementPolicy.java:158)
	at org.apache.hadoop.hdds.scm.pipeline.PipelinePlacementPolicy.chooseDatanodes(PipelinePlacementPolicy.java:199)
	at org.apache.hadoop.hdds.scm.pipeline.RatisPipelineProvider.create(RatisPipelineProvider.java:177)
	at org.apache.hadoop.hdds.scm.pipeline.PipelineFactory.create(PipelineFactory.java:58)
	at org.apache.hadoop.hdds.scm.pipeline.SCMPipelineManager.createPipeline(SCMPipelineManager.java:151)
	at org.apache.hadoop.hdds.scm.pipeline.BackgroundPipelineCreator.createPipelines(BackgroundPipelineCreator.java:100)
	at java.util.concurrent.Executors$RunnableAdapter.call(Executors.java:511)
	at java.util.concurrent.FutureTask.run(FutureTask.java:266)
	at java.util.concurrent.ScheduledThreadPoolExecutor$ScheduledFutureTask.access$201(ScheduledThreadPoolExecutor.java:180)
	at java.util.concurrent.ScheduledThreadPoolExecutor$ScheduledFutureTask.run(ScheduledThreadPoolExecutor.java:293)
	at java.util.concurrent.ThreadPoolExecutor.runWorker(ThreadPoolExecutor.java:1149)
	at java.util.concurrent.ThreadPoolExecutor$Worker.run(ThreadPoolExecutor.java:624)
	at java.lang.Thread.run(Thread.java:748)
2019-10-28 08:19:24,613 [grpc-default-executor-7] INFO  impl.RaftServerProxy (RaftServerProxy.java:addNew(89)) - 00d59604-869a-42b3-a19c-0cd76ca30d07: addNew group-894347CC7C6E:[00d59604-869a-42b3-a19c-0cd76ca30d07:192.168.34.22:38783] returns group-894347CC7C6E:java.util.concurrent.CompletableFuture@362ec6e1[Not completed]
2019-10-28 08:19:24,614 [pool-520-thread-1] INFO  impl.RaftServerImpl (RaftServerImpl.java:<init>(95)) - 00d59604-869a-42b3-a19c-0cd76ca30d07: new RaftServerImpl for group-894347CC7C6E:[00d59604-869a-42b3-a19c-0cd76ca30d07:192.168.34.22:38783] with ContainerStateMachine:uninitialized
2019-10-28 08:19:24,615 [pool-520-thread-1] INFO  server.RaftServerConfigKeys (ConfUtils.java:logGet(43)) - raft.server.rpc.timeout.min = 1s (custom)
2019-10-28 08:19:24,615 [pool-520-thread-1] INFO  server.RaftServerConfigKeys (ConfUtils.java:logGet(43)) - raft.server.rpc.timeout.max = 1200ms (custom)
2019-10-28 08:19:24,615 [pool-520-thread-1] INFO  server.RaftServerConfigKeys (ConfUtils.java:logGet(43)) - raft.server.rpcslowness.timeout = 120s (custom)
2019-10-28 08:19:24,615 [pool-520-thread-1] INFO  server.RaftServerConfigKeys (ConfUtils.java:logGet(43)) - raft.server.sleep.deviation.threshold = 300 (default)
2019-10-28 08:19:24,615 [pool-520-thread-1] INFO  server.RaftServerConfigKeys (ConfUtils.java:logGet(43)) - raft.server.log.appender.install.snapshot.enabled = false (custom)
2019-10-28 08:19:24,615 [pool-520-thread-1] INFO  impl.RaftServerImpl (ServerState.java:<init>(103)) - 00d59604-869a-42b3-a19c-0cd76ca30d07@group-894347CC7C6E: ConfigurationManager, init=-1: [00d59604-869a-42b3-a19c-0cd76ca30d07:192.168.34.22:38783], old=null, confs=<EMPTY_MAP>
2019-10-28 08:19:24,615 [pool-520-thread-1] INFO  server.RaftServerConfigKeys (ConfUtils.java:logGet(43)) - raft.server.storage.dir = [/workdir/hadoop-ozone/integration-test/target/test-dir/MiniOzoneClusterImpl-15e79e0b-a28f-4a98-99e1-aed18379cb8e/datanode-1/data/ratis] (custom)
2019-10-28 08:19:24,616 [pool-520-thread-1] INFO  server.RaftServerConfigKeys (ConfUtils.java:logGet(43)) - raft.server.log.corruption.policy = EXCEPTION (default)
2019-10-28 08:19:24,616 [pool-520-thread-1] INFO  storage.RaftStorageDirectory (RaftStorageDirectory.java:analyzeStorage(246)) - The storage directory /workdir/hadoop-ozone/integration-test/target/test-dir/MiniOzoneClusterImpl-15e79e0b-a28f-4a98-99e1-aed18379cb8e/datanode-1/data/ratis/a8cc16b2-b5d5-4512-93ab-894347cc7c6e does not exist. Creating ...
2019-10-28 08:19:24,629 [pool-520-thread-1] INFO  storage.RaftStorageDirectory (RaftStorageDirectory.java:tryLock(328)) - Lock on /workdir/hadoop-ozone/integration-test/target/test-dir/MiniOzoneClusterImpl-15e79e0b-a28f-4a98-99e1-aed18379cb8e/datanode-1/data/ratis/a8cc16b2-b5d5-4512-93ab-894347cc7c6e/in_use.lock acquired by nodename 2894@pr-hdds-1569-5jqvn-3828718746
2019-10-28 08:19:24,641 [pool-520-thread-1] INFO  storage.RaftStorage (RaftStorage.java:format(84)) - Storage directory /workdir/hadoop-ozone/integration-test/target/test-dir/MiniOzoneClusterImpl-15e79e0b-a28f-4a98-99e1-aed18379cb8e/datanode-1/data/ratis/a8cc16b2-b5d5-4512-93ab-894347cc7c6e has been successfully formatted.
2019-10-28 08:19:24,642 [pool-520-thread-1] INFO  ratis.ContainerStateMachine (ContainerStateMachine.java:loadSnapshot(231)) - group-894347CC7C6E: The snapshot info is null. Setting the last applied indexto:(t:0, i:~)
2019-10-28 08:19:24,642 [pool-520-thread-1] INFO  server.RaftServerConfigKeys (ConfUtils.java:logGet(43)) - raft.server.notification.no-leader.timeout = 120s (custom)
2019-10-28 08:19:24,642 [pool-520-thread-1] INFO  server.RaftServerConfigKeys (ConfUtils.java:logGet(43)) - raft.server.log.use.memory = false (default)
2019-10-28 08:19:24,642 [pool-520-thread-1] INFO  server.RaftServerConfigKeys (ConfUtils.java:logGet(43)) - raft.server.log.purge.gap = 1000000 (custom)
2019-10-28 08:19:24,642 [pool-520-thread-1] INFO  server.RaftServerConfigKeys (ConfUtils.java:logGet(43)) - raft.server.log.appender.buffer.byte-limit = 33554432 (custom)
2019-10-28 08:19:24,642 [pool-520-thread-1] INFO  server.RaftServerConfigKeys (ConfUtils.java:logGet(43)) - raft.server.log.segment.size.max = 1048576 (custom)
2019-10-28 08:19:24,644 [pool-520-thread-1] INFO  server.RaftServerConfigKeys (ConfUtils.java:logGet(43)) - raft.server.log.segment.cache.num.max = 2 (custom)
2019-10-28 08:19:24,644 [pool-520-thread-1] INFO  segmented.SegmentedRaftLogWorker (SegmentedRaftLogWorker.java:<init>(173)) - new 00d59604-869a-42b3-a19c-0cd76ca30d07@group-894347CC7C6E-SegmentedRaftLogWorker for RaftStorage:Storage Directory /workdir/hadoop-ozone/integration-test/target/test-dir/MiniOzoneClusterImpl-15e79e0b-a28f-4a98-99e1-aed18379cb8e/datanode-1/data/ratis/a8cc16b2-b5d5-4512-93ab-894347cc7c6e
2019-10-28 08:19:24,644 [pool-520-thread-1] INFO  server.RaftServerConfigKeys (ConfUtils.java:logGet(43)) - raft.server.log.queue.byte-limit = 2147483647 (custom)
2019-10-28 08:19:24,644 [pool-520-thread-1] INFO  server.RaftServerConfigKeys (ConfUtils.java:logGet(43)) - raft.server.log.queue.element-limit = 1024 (custom)
2019-10-28 08:19:24,644 [pool-520-thread-1] INFO  server.RaftServerConfigKeys (ConfUtils.java:logGet(43)) - raft.server.log.segment.size.max = 1048576 (custom)
2019-10-28 08:19:24,644 [pool-520-thread-1] INFO  server.RaftServerConfigKeys (ConfUtils.java:logGet(43)) - raft.server.log.preallocated.size = 16384 (custom)
2019-10-28 08:19:24,645 [pool-520-thread-1] INFO  server.RaftServerConfigKeys (ConfUtils.java:logGet(43)) - raft.server.log.write.buffer.size = 33554432 (custom)
2019-10-28 08:19:24,645 [pool-520-thread-1] INFO  server.RaftServerConfigKeys (ConfUtils.java:logGet(43)) - raft.server.log.force.sync.num = 128 (default)
2019-10-28 08:19:24,645 [pool-520-thread-1] INFO  server.RaftServerConfigKeys (ConfUtils.java:logGet(43)) - raft.server.log.statemachine.data.sync = true (default)
2019-10-28 08:19:24,645 [pool-520-thread-1] INFO  server.RaftServerConfigKeys (ConfUtils.java:logGet(43)) - raft.server.log.statemachine.data.sync.timeout = 10s (default)
2019-10-28 08:19:24,645 [pool-520-thread-1] INFO  server.RaftServerConfigKeys (ConfUtils.java:logGet(43)) - raft.server.log.statemachine.data.sync.timeout.retry = -1 (default)
2019-10-28 08:19:24,645 [pool-520-thread-1] INFO  server.RaftServerConfigKeys (ConfUtils.java:logGet(43)) - raft.server.log.statemachine.data.caching.enabled = true (custom)
2019-10-28 08:19:24,645 [pool-520-thread-1] INFO  segmented.SegmentedRaftLogWorker (SegmentedRaftLogWorker.java:lambda$new$0(128)) - 00d59604-869a-42b3-a19c-0cd76ca30d07@group-894347CC7C6E-SegmentedRaftLogWorker: flushIndex: setUnconditionally 0 -> -1
2019-10-28 08:19:24,646 [pool-520-thread-1] INFO  server.RaftServerConfigKeys (ConfUtils.java:logGet(43)) - raft.server.snapshot.auto.trigger.enabled = true (custom)
2019-10-28 08:19:24,646 [pool-520-thread-1] INFO  server.RaftServerConfigKeys (ConfUtils.java:logGet(43)) - raft.server.snapshot.auto.trigger.threshold = 10000 (custom)
2019-10-28 08:19:24,646 [pool-520-thread-1] INFO  server.RaftServerConfigKeys (ConfUtils.java:logGet(43)) - raft.server.snapshot.retention.file.num = 5 (custom)
2019-10-28 08:19:24,646 [pool-520-thread-1] INFO  server.RaftServerConfigKeys (ConfUtils.java:logGet(43)) - raft.server.retrycache.expirytime = 600000ms (custom)
2019-10-28 08:19:24,647 [pool-520-thread-1] INFO  impl.RaftServerImpl (RaftServerImpl.java:start(181)) - 00d59604-869a-42b3-a19c-0cd76ca30d07@group-894347CC7C6E: start as a follower, conf=-1: [00d59604-869a-42b3-a19c-0cd76ca30d07:192.168.34.22:38783], old=null
2019-10-28 08:19:24,648 [pool-520-thread-1] INFO  impl.RaftServerImpl (RaftServerImpl.java:setRole(170)) - 00d59604-869a-42b3-a19c-0cd76ca30d07@group-894347CC7C6E: changes role from      null to FOLLOWER at term 0 for startAsFollower
2019-10-28 08:19:24,648 [pool-520-thread-1] INFO  impl.RoleInfo (RoleInfo.java:updateAndGet(143)) - 00d59604-869a-42b3-a19c-0cd76ca30d07: start FollowerState
2019-10-28 08:19:24,648 [pool-520-thread-1] INFO  util.JmxRegister (JmxRegister.java:tryRegister(44)) - Successfully registered JMX Bean with object name Ratis:service=RaftServer,group=group-894347CC7C6E,id=00d59604-869a-42b3-a19c-0cd76ca30d07
2019-10-28 08:19:24,651 [RatisPipelineUtilsThread] INFO  pipeline.PipelineStateManager (PipelineStateManager.java:addPipeline(56)) - Created pipeline Pipeline[ Id: a8cc16b2-b5d5-4512-93ab-894347cc7c6e, Nodes: 00d59604-869a-42b3-a19c-0cd76ca30d07{ip: 192.168.34.22, host: pr-hdds-1569-5jqvn-3828718746, networkLocation: /rack1, certSerialId: null}, Type:RATIS, Factor:ONE, State:OPEN]
2019-10-28 08:19:24,652 [RatisPipelineUtilsThread] ERROR pipeline.SCMPipelineManager (SCMPipelineManager.java:createPipeline(161)) - Pipeline creation failed.
org.apache.hadoop.hdds.scm.exceptions.SCMException: Cannot create pipeline of factor 1 using 0 nodes. Used 2 nodes. Healthy nodes 2
	at org.apache.hadoop.hdds.scm.pipeline.RatisPipelineProvider.pickNodesNeverUsed(RatisPipelineProvider.java:128)
	at org.apache.hadoop.hdds.scm.pipeline.RatisPipelineProvider.create(RatisPipelineProvider.java:174)
	at org.apache.hadoop.hdds.scm.pipeline.PipelineFactory.create(PipelineFactory.java:58)
	at org.apache.hadoop.hdds.scm.pipeline.SCMPipelineManager.createPipeline(SCMPipelineManager.java:151)
	at org.apache.hadoop.hdds.scm.pipeline.BackgroundPipelineCreator.createPipelines(BackgroundPipelineCreator.java:100)
	at org.apache.hadoop.hdds.scm.pipeline.BackgroundPipelineCreator.lambda$startFixedIntervalPipelineCreator$0(BackgroundPipelineCreator.java:70)
	at java.util.concurrent.Executors$RunnableAdapter.call(Executors.java:511)
	at java.util.concurrent.FutureTask.runAndReset(FutureTask.java:308)
	at java.util.concurrent.ScheduledThreadPoolExecutor$ScheduledFutureTask.access$301(ScheduledThreadPoolExecutor.java:180)
	at java.util.concurrent.ScheduledThreadPoolExecutor$ScheduledFutureTask.run(ScheduledThreadPoolExecutor.java:294)
	at java.util.concurrent.ThreadPoolExecutor.runWorker(ThreadPoolExecutor.java:1149)
	at java.util.concurrent.ThreadPoolExecutor$Worker.run(ThreadPoolExecutor.java:624)
	at java.lang.Thread.run(Thread.java:748)
2019-10-28 08:19:24,652 [RatisPipelineUtilsThread] ERROR pipeline.PipelinePlacementPolicy (PipelinePlacementPolicy.java:filterViableNodes(157)) - Not enough healthy nodes to allocate pipeline. 3  datanodes required. Found 2
2019-10-28 08:19:24,652 [RatisPipelineUtilsThread] ERROR pipeline.SCMPipelineManager (SCMPipelineManager.java:createPipeline(161)) - Pipeline creation failed.
org.apache.hadoop.hdds.scm.exceptions.SCMException: Not enough healthy nodes to allocate pipeline. 3  datanodes required. Found 2
	at org.apache.hadoop.hdds.scm.pipeline.PipelinePlacementPolicy.filterViableNodes(PipelinePlacementPolicy.java:158)
	at org.apache.hadoop.hdds.scm.pipeline.PipelinePlacementPolicy.chooseDatanodes(PipelinePlacementPolicy.java:199)
	at org.apache.hadoop.hdds.scm.pipeline.RatisPipelineProvider.create(RatisPipelineProvider.java:177)
	at org.apache.hadoop.hdds.scm.pipeline.PipelineFactory.create(PipelineFactory.java:58)
	at org.apache.hadoop.hdds.scm.pipeline.SCMPipelineManager.createPipeline(SCMPipelineManager.java:151)
	at org.apache.hadoop.hdds.scm.pipeline.BackgroundPipelineCreator.createPipelines(BackgroundPipelineCreator.java:100)
	at org.apache.hadoop.hdds.scm.pipeline.BackgroundPipelineCreator.lambda$startFixedIntervalPipelineCreator$0(BackgroundPipelineCreator.java:70)
	at java.util.concurrent.Executors$RunnableAdapter.call(Executors.java:511)
	at java.util.concurrent.FutureTask.runAndReset(FutureTask.java:308)
	at java.util.concurrent.ScheduledThreadPoolExecutor$ScheduledFutureTask.access$301(ScheduledThreadPoolExecutor.java:180)
	at java.util.concurrent.ScheduledThreadPoolExecutor$ScheduledFutureTask.run(ScheduledThreadPoolExecutor.java:294)
	at java.util.concurrent.ThreadPoolExecutor.runWorker(ThreadPoolExecutor.java:1149)
	at java.util.concurrent.ThreadPoolExecutor$Worker.run(ThreadPoolExecutor.java:624)
	at java.lang.Thread.run(Thread.java:748)
2019-10-28 08:19:24,701 [IPC Server handler 9 on 46334] INFO  net.NetworkTopology (NetworkTopologyImpl.java:add(111)) - Added a new node: /rack1/442f1a8c-01a9-4abf-8c25-ed2da4cb70e7
2019-10-28 08:19:24,702 [IPC Server handler 9 on 46334] INFO  node.SCMNodeManager (SCMNodeManager.java:register(268)) - Registered Data node : 442f1a8c-01a9-4abf-8c25-ed2da4cb70e7{ip: 192.168.34.22, host: pr-hdds-1569-5jqvn-3828718746, networkLocation: /rack1, certSerialId: null}
2019-10-28 08:19:24,709 [grpc-default-executor-7] INFO  impl.RaftServerProxy (RaftServerProxy.java:addNew(89)) - 442f1a8c-01a9-4abf-8c25-ed2da4cb70e7: addNew group-9C5E4C109FD2:[442f1a8c-01a9-4abf-8c25-ed2da4cb70e7:192.168.34.22:39138] returns group-9C5E4C109FD2:java.util.concurrent.CompletableFuture@52c0616[Not completed]
2019-10-28 08:19:24,709 [pool-530-thread-1] INFO  impl.RaftServerImpl (RaftServerImpl.java:<init>(95)) - 442f1a8c-01a9-4abf-8c25-ed2da4cb70e7: new RaftServerImpl for group-9C5E4C109FD2:[442f1a8c-01a9-4abf-8c25-ed2da4cb70e7:192.168.34.22:39138] with ContainerStateMachine:uninitialized
2019-10-28 08:19:24,710 [pool-530-thread-1] INFO  server.RaftServerConfigKeys (ConfUtils.java:logGet(43)) - raft.server.rpc.timeout.min = 1s (custom)
2019-10-28 08:19:24,710 [pool-530-thread-1] INFO  server.RaftServerConfigKeys (ConfUtils.java:logGet(43)) - raft.server.rpc.timeout.max = 1200ms (custom)
2019-10-28 08:19:24,710 [pool-530-thread-1] INFO  server.RaftServerConfigKeys (ConfUtils.java:logGet(43)) - raft.server.rpcslowness.timeout = 120s (custom)
2019-10-28 08:19:24,710 [pool-530-thread-1] INFO  server.RaftServerConfigKeys (ConfUtils.java:logGet(43)) - raft.server.sleep.deviation.threshold = 300 (default)
2019-10-28 08:19:24,710 [pool-530-thread-1] INFO  server.RaftServerConfigKeys (ConfUtils.java:logGet(43)) - raft.server.log.appender.install.snapshot.enabled = false (custom)
2019-10-28 08:19:24,710 [pool-530-thread-1] INFO  impl.RaftServerImpl (ServerState.java:<init>(103)) - 442f1a8c-01a9-4abf-8c25-ed2da4cb70e7@group-9C5E4C109FD2: ConfigurationManager, init=-1: [442f1a8c-01a9-4abf-8c25-ed2da4cb70e7:192.168.34.22:39138], old=null, confs=<EMPTY_MAP>
2019-10-28 08:19:24,710 [pool-530-thread-1] INFO  server.RaftServerConfigKeys (ConfUtils.java:logGet(43)) - raft.server.storage.dir = [/workdir/hadoop-ozone/integration-test/target/test-dir/MiniOzoneClusterImpl-15e79e0b-a28f-4a98-99e1-aed18379cb8e/datanode-2/data/ratis] (custom)
2019-10-28 08:19:24,710 [pool-530-thread-1] INFO  server.RaftServerConfigKeys (ConfUtils.java:logGet(43)) - raft.server.log.corruption.policy = EXCEPTION (default)
2019-10-28 08:19:24,711 [pool-530-thread-1] INFO  storage.RaftStorageDirectory (RaftStorageDirectory.java:analyzeStorage(246)) - The storage directory /workdir/hadoop-ozone/integration-test/target/test-dir/MiniOzoneClusterImpl-15e79e0b-a28f-4a98-99e1-aed18379cb8e/datanode-2/data/ratis/708b9251-546a-4169-8b52-9c5e4c109fd2 does not exist. Creating ...
2019-10-28 08:19:24,723 [pool-530-thread-1] INFO  storage.RaftStorageDirectory (RaftStorageDirectory.java:tryLock(328)) - Lock on /workdir/hadoop-ozone/integration-test/target/test-dir/MiniOzoneClusterImpl-15e79e0b-a28f-4a98-99e1-aed18379cb8e/datanode-2/data/ratis/708b9251-546a-4169-8b52-9c5e4c109fd2/in_use.lock acquired by nodename 2894@pr-hdds-1569-5jqvn-3828718746
2019-10-28 08:19:24,735 [pool-530-thread-1] INFO  storage.RaftStorage (RaftStorage.java:format(84)) - Storage directory /workdir/hadoop-ozone/integration-test/target/test-dir/MiniOzoneClusterImpl-15e79e0b-a28f-4a98-99e1-aed18379cb8e/datanode-2/data/ratis/708b9251-546a-4169-8b52-9c5e4c109fd2 has been successfully formatted.
2019-10-28 08:19:24,736 [pool-530-thread-1] INFO  ratis.ContainerStateMachine (ContainerStateMachine.java:loadSnapshot(231)) - group-9C5E4C109FD2: The snapshot info is null. Setting the last applied indexto:(t:0, i:~)
2019-10-28 08:19:24,736 [pool-530-thread-1] INFO  server.RaftServerConfigKeys (ConfUtils.java:logGet(43)) - raft.server.notification.no-leader.timeout = 120s (custom)
2019-10-28 08:19:24,736 [pool-530-thread-1] INFO  server.RaftServerConfigKeys (ConfUtils.java:logGet(43)) - raft.server.log.use.memory = false (default)
2019-10-28 08:19:24,736 [pool-530-thread-1] INFO  server.RaftServerConfigKeys (ConfUtils.java:logGet(43)) - raft.server.log.purge.gap = 1000000 (custom)
2019-10-28 08:19:24,736 [pool-530-thread-1] INFO  server.RaftServerConfigKeys (ConfUtils.java:logGet(43)) - raft.server.log.appender.buffer.byte-limit = 33554432 (custom)
2019-10-28 08:19:24,736 [pool-530-thread-1] INFO  server.RaftServerConfigKeys (ConfUtils.java:logGet(43)) - raft.server.log.segment.size.max = 1048576 (custom)
2019-10-28 08:19:24,737 [pool-530-thread-1] INFO  server.RaftServerConfigKeys (ConfUtils.java:logGet(43)) - raft.server.log.segment.cache.num.max = 2 (custom)
2019-10-28 08:19:24,737 [pool-530-thread-1] INFO  segmented.SegmentedRaftLogWorker (SegmentedRaftLogWorker.java:<init>(173)) - new 442f1a8c-01a9-4abf-8c25-ed2da4cb70e7@group-9C5E4C109FD2-SegmentedRaftLogWorker for RaftStorage:Storage Directory /workdir/hadoop-ozone/integration-test/target/test-dir/MiniOzoneClusterImpl-15e79e0b-a28f-4a98-99e1-aed18379cb8e/datanode-2/data/ratis/708b9251-546a-4169-8b52-9c5e4c109fd2
2019-10-28 08:19:24,737 [pool-530-thread-1] INFO  server.RaftServerConfigKeys (ConfUtils.java:logGet(43)) - raft.server.log.queue.byte-limit = 2147483647 (custom)
2019-10-28 08:19:24,737 [pool-530-thread-1] INFO  server.RaftServerConfigKeys (ConfUtils.java:logGet(43)) - raft.server.log.queue.element-limit = 1024 (custom)
2019-10-28 08:19:24,737 [pool-530-thread-1] INFO  server.RaftServerConfigKeys (ConfUtils.java:logGet(43)) - raft.server.log.segment.size.max = 1048576 (custom)
2019-10-28 08:19:24,737 [pool-530-thread-1] INFO  server.RaftServerConfigKeys (ConfUtils.java:logGet(43)) - raft.server.log.preallocated.size = 16384 (custom)
2019-10-28 08:19:24,737 [pool-530-thread-1] INFO  server.RaftServerConfigKeys (ConfUtils.java:logGet(43)) - raft.server.log.write.buffer.size = 33554432 (custom)
2019-10-28 08:19:24,738 [pool-530-thread-1] INFO  server.RaftServerConfigKeys (ConfUtils.java:logGet(43)) - raft.server.log.force.sync.num = 128 (default)
2019-10-28 08:19:24,738 [pool-530-thread-1] INFO  server.RaftServerConfigKeys (ConfUtils.java:logGet(43)) - raft.server.log.statemachine.data.sync = true (default)
2019-10-28 08:19:24,738 [pool-530-thread-1] INFO  server.RaftServerConfigKeys (ConfUtils.java:logGet(43)) - raft.server.log.statemachine.data.sync.timeout = 10s (default)
2019-10-28 08:19:24,738 [pool-530-thread-1] INFO  server.RaftServerConfigKeys (ConfUtils.java:logGet(43)) - raft.server.log.statemachine.data.sync.timeout.retry = -1 (default)
2019-10-28 08:19:24,738 [pool-530-thread-1] INFO  server.RaftServerConfigKeys (ConfUtils.java:logGet(43)) - raft.server.log.statemachine.data.caching.enabled = true (custom)
2019-10-28 08:19:24,738 [pool-530-thread-1] INFO  segmented.SegmentedRaftLogWorker (SegmentedRaftLogWorker.java:lambda$new$0(128)) - 442f1a8c-01a9-4abf-8c25-ed2da4cb70e7@group-9C5E4C109FD2-SegmentedRaftLogWorker: flushIndex: setUnconditionally 0 -> -1
2019-10-28 08:19:24,738 [pool-530-thread-1] INFO  server.RaftServerConfigKeys (ConfUtils.java:logGet(43)) - raft.server.snapshot.auto.trigger.enabled = true (custom)
2019-10-28 08:19:24,739 [pool-530-thread-1] INFO  server.RaftServerConfigKeys (ConfUtils.java:logGet(43)) - raft.server.snapshot.auto.trigger.threshold = 10000 (custom)
2019-10-28 08:19:24,739 [pool-530-thread-1] INFO  server.RaftServerConfigKeys (ConfUtils.java:logGet(43)) - raft.server.snapshot.retention.file.num = 5 (custom)
2019-10-28 08:19:24,739 [pool-530-thread-1] INFO  server.RaftServerConfigKeys (ConfUtils.java:logGet(43)) - raft.server.retrycache.expirytime = 600000ms (custom)
2019-10-28 08:19:24,740 [pool-530-thread-1] INFO  impl.RaftServerImpl (RaftServerImpl.java:start(181)) - 442f1a8c-01a9-4abf-8c25-ed2da4cb70e7@group-9C5E4C109FD2: start as a follower, conf=-1: [442f1a8c-01a9-4abf-8c25-ed2da4cb70e7:192.168.34.22:39138], old=null
2019-10-28 08:19:24,740 [pool-530-thread-1] INFO  impl.RaftServerImpl (RaftServerImpl.java:setRole(170)) - 442f1a8c-01a9-4abf-8c25-ed2da4cb70e7@group-9C5E4C109FD2: changes role from      null to FOLLOWER at term 0 for startAsFollower
2019-10-28 08:19:24,740 [pool-530-thread-1] INFO  impl.RoleInfo (RoleInfo.java:updateAndGet(143)) - 442f1a8c-01a9-4abf-8c25-ed2da4cb70e7: start FollowerState
2019-10-28 08:19:24,740 [pool-530-thread-1] INFO  util.JmxRegister (JmxRegister.java:tryRegister(44)) - Successfully registered JMX Bean with object name Ratis:service=RaftServer,group=group-9C5E4C109FD2,id=442f1a8c-01a9-4abf-8c25-ed2da4cb70e7
2019-10-28 08:19:24,743 [RatisPipelineUtilsThread] INFO  pipeline.PipelineStateManager (PipelineStateManager.java:addPipeline(56)) - Created pipeline Pipeline[ Id: 708b9251-546a-4169-8b52-9c5e4c109fd2, Nodes: 442f1a8c-01a9-4abf-8c25-ed2da4cb70e7{ip: 192.168.34.22, host: pr-hdds-1569-5jqvn-3828718746, networkLocation: /rack1, certSerialId: null}, Type:RATIS, Factor:ONE, State:OPEN]
2019-10-28 08:19:24,752 [RatisPipelineUtilsThread] ERROR pipeline.SCMPipelineManager (SCMPipelineManager.java:createPipeline(161)) - Pipeline creation failed.
org.apache.hadoop.hdds.scm.exceptions.SCMException: Cannot create pipeline of factor 1 using 0 nodes. Used 3 nodes. Healthy nodes 3
	at org.apache.hadoop.hdds.scm.pipeline.RatisPipelineProvider.pickNodesNeverUsed(RatisPipelineProvider.java:128)
	at org.apache.hadoop.hdds.scm.pipeline.RatisPipelineProvider.create(RatisPipelineProvider.java:174)
	at org.apache.hadoop.hdds.scm.pipeline.PipelineFactory.create(PipelineFactory.java:58)
	at org.apache.hadoop.hdds.scm.pipeline.SCMPipelineManager.createPipeline(SCMPipelineManager.java:151)
	at org.apache.hadoop.hdds.scm.pipeline.BackgroundPipelineCreator.createPipelines(BackgroundPipelineCreator.java:100)
	at java.util.concurrent.Executors$RunnableAdapter.call(Executors.java:511)
	at java.util.concurrent.FutureTask.run(FutureTask.java:266)
	at java.util.concurrent.ScheduledThreadPoolExecutor$ScheduledFutureTask.access$201(ScheduledThreadPoolExecutor.java:180)
	at java.util.concurrent.ScheduledThreadPoolExecutor$ScheduledFutureTask.run(ScheduledThreadPoolExecutor.java:293)
	at java.util.concurrent.ThreadPoolExecutor.runWorker(ThreadPoolExecutor.java:1149)
	at java.util.concurrent.ThreadPoolExecutor$Worker.run(ThreadPoolExecutor.java:624)
	at java.lang.Thread.run(Thread.java:748)
2019-10-28 08:19:24,763 [grpc-default-executor-9] INFO  impl.RaftServerProxy (RaftServerProxy.java:addNew(89)) - 8dd013f2-bbde-4487-bce9-479ed92de2a3: addNew group-C80DD7B1CD18:[8dd013f2-bbde-4487-bce9-479ed92de2a3:192.168.34.22:35242, 00d59604-869a-42b3-a19c-0cd76ca30d07:192.168.34.22:38783, 442f1a8c-01a9-4abf-8c25-ed2da4cb70e7:192.168.34.22:39138] returns group-C80DD7B1CD18:java.util.concurrent.CompletableFuture@61c4c40a[Not completed]
2019-10-28 08:19:24,763 [grpc-default-executor-7] INFO  impl.RaftServerProxy (RaftServerProxy.java:addNew(89)) - 442f1a8c-01a9-4abf-8c25-ed2da4cb70e7: addNew group-C80DD7B1CD18:[8dd013f2-bbde-4487-bce9-479ed92de2a3:192.168.34.22:35242, 00d59604-869a-42b3-a19c-0cd76ca30d07:192.168.34.22:38783, 442f1a8c-01a9-4abf-8c25-ed2da4cb70e7:192.168.34.22:39138] returns group-C80DD7B1CD18:java.util.concurrent.CompletableFuture@71072a13[Not completed]
2019-10-28 08:19:24,763 [grpc-default-executor-7] INFO  impl.RaftServerProxy (RaftServerProxy.java:addNew(89)) - 00d59604-869a-42b3-a19c-0cd76ca30d07: addNew group-C80DD7B1CD18:[8dd013f2-bbde-4487-bce9-479ed92de2a3:192.168.34.22:35242, 00d59604-869a-42b3-a19c-0cd76ca30d07:192.168.34.22:38783, 442f1a8c-01a9-4abf-8c25-ed2da4cb70e7:192.168.34.22:39138] returns group-C80DD7B1CD18:java.util.concurrent.CompletableFuture@74392b08[Not completed]
2019-10-28 08:19:24,764 [pool-530-thread-1] INFO  impl.RaftServerImpl (RaftServerImpl.java:<init>(95)) - 442f1a8c-01a9-4abf-8c25-ed2da4cb70e7: new RaftServerImpl for group-C80DD7B1CD18:[8dd013f2-bbde-4487-bce9-479ed92de2a3:192.168.34.22:35242, 00d59604-869a-42b3-a19c-0cd76ca30d07:192.168.34.22:38783, 442f1a8c-01a9-4abf-8c25-ed2da4cb70e7:192.168.34.22:39138] with ContainerStateMachine:uninitialized
2019-10-28 08:19:24,764 [pool-530-thread-1] INFO  server.RaftServerConfigKeys (ConfUtils.java:logGet(43)) - raft.server.rpc.timeout.min = 1s (custom)
2019-10-28 08:19:24,764 [pool-530-thread-1] INFO  server.RaftServerConfigKeys (ConfUtils.java:logGet(43)) - raft.server.rpc.timeout.max = 1200ms (custom)
2019-10-28 08:19:24,764 [pool-530-thread-1] INFO  server.RaftServerConfigKeys (ConfUtils.java:logGet(43)) - raft.server.rpcslowness.timeout = 120s (custom)
2019-10-28 08:19:24,764 [pool-530-thread-1] INFO  server.RaftServerConfigKeys (ConfUtils.java:logGet(43)) - raft.server.sleep.deviation.threshold = 300 (default)
2019-10-28 08:19:24,764 [pool-530-thread-1] INFO  server.RaftServerConfigKeys (ConfUtils.java:logGet(43)) - raft.server.log.appender.install.snapshot.enabled = false (custom)
2019-10-28 08:19:24,765 [pool-520-thread-1] INFO  impl.RaftServerImpl (RaftServerImpl.java:<init>(95)) - 00d59604-869a-42b3-a19c-0cd76ca30d07: new RaftServerImpl for group-C80DD7B1CD18:[8dd013f2-bbde-4487-bce9-479ed92de2a3:192.168.34.22:35242, 00d59604-869a-42b3-a19c-0cd76ca30d07:192.168.34.22:38783, 442f1a8c-01a9-4abf-8c25-ed2da4cb70e7:192.168.34.22:39138] with ContainerStateMachine:uninitialized
2019-10-28 08:19:24,765 [pool-530-thread-1] INFO  impl.RaftServerImpl (ServerState.java:<init>(103)) - 442f1a8c-01a9-4abf-8c25-ed2da4cb70e7@group-C80DD7B1CD18: ConfigurationManager, init=-1: [8dd013f2-bbde-4487-bce9-479ed92de2a3:192.168.34.22:35242, 00d59604-869a-42b3-a19c-0cd76ca30d07:192.168.34.22:38783, 442f1a8c-01a9-4abf-8c25-ed2da4cb70e7:192.168.34.22:39138], old=null, confs=<EMPTY_MAP>
2019-10-28 08:19:24,765 [pool-520-thread-1] INFO  server.RaftServerConfigKeys (ConfUtils.java:logGet(43)) - raft.server.rpc.timeout.min = 1s (custom)
2019-10-28 08:19:24,765 [pool-530-thread-1] INFO  server.RaftServerConfigKeys (ConfUtils.java:logGet(43)) - raft.server.storage.dir = [/workdir/hadoop-ozone/integration-test/target/test-dir/MiniOzoneClusterImpl-15e79e0b-a28f-4a98-99e1-aed18379cb8e/datanode-2/data/ratis] (custom)
2019-10-28 08:19:24,765 [pool-520-thread-1] INFO  server.RaftServerConfigKeys (ConfUtils.java:logGet(43)) - raft.server.rpc.timeout.max = 1200ms (custom)
2019-10-28 08:19:24,765 [pool-520-thread-1] INFO  server.RaftServerConfigKeys (ConfUtils.java:logGet(43)) - raft.server.rpcslowness.timeout = 120s (custom)
2019-10-28 08:19:24,765 [pool-530-thread-1] INFO  server.RaftServerConfigKeys (ConfUtils.java:logGet(43)) - raft.server.log.corruption.policy = EXCEPTION (default)
2019-10-28 08:19:24,765 [pool-520-thread-1] INFO  server.RaftServerConfigKeys (ConfUtils.java:logGet(43)) - raft.server.sleep.deviation.threshold = 300 (default)
2019-10-28 08:19:24,765 [pool-530-thread-1] INFO  storage.RaftStorageDirectory (RaftStorageDirectory.java:analyzeStorage(246)) - The storage directory /workdir/hadoop-ozone/integration-test/target/test-dir/MiniOzoneClusterImpl-15e79e0b-a28f-4a98-99e1-aed18379cb8e/datanode-2/data/ratis/31a891bf-d74e-417a-9d39-c80dd7b1cd18 does not exist. Creating ...
2019-10-28 08:19:24,765 [pool-520-thread-1] INFO  server.RaftServerConfigKeys (ConfUtils.java:logGet(43)) - raft.server.log.appender.install.snapshot.enabled = false (custom)
2019-10-28 08:19:24,765 [pool-510-thread-1] INFO  impl.RaftServerImpl (RaftServerImpl.java:<init>(95)) - 8dd013f2-bbde-4487-bce9-479ed92de2a3: new RaftServerImpl for group-C80DD7B1CD18:[8dd013f2-bbde-4487-bce9-479ed92de2a3:192.168.34.22:35242, 00d59604-869a-42b3-a19c-0cd76ca30d07:192.168.34.22:38783, 442f1a8c-01a9-4abf-8c25-ed2da4cb70e7:192.168.34.22:39138] with ContainerStateMachine:uninitialized
2019-10-28 08:19:24,766 [pool-520-thread-1] INFO  impl.RaftServerImpl (ServerState.java:<init>(103)) - 00d59604-869a-42b3-a19c-0cd76ca30d07@group-C80DD7B1CD18: ConfigurationManager, init=-1: [8dd013f2-bbde-4487-bce9-479ed92de2a3:192.168.34.22:35242, 00d59604-869a-42b3-a19c-0cd76ca30d07:192.168.34.22:38783, 442f1a8c-01a9-4abf-8c25-ed2da4cb70e7:192.168.34.22:39138], old=null, confs=<EMPTY_MAP>
2019-10-28 08:19:24,766 [pool-510-thread-1] INFO  server.RaftServerConfigKeys (ConfUtils.java:logGet(43)) - raft.server.rpc.timeout.min = 1s (custom)
2019-10-28 08:19:24,766 [pool-520-thread-1] INFO  server.RaftServerConfigKeys (ConfUtils.java:logGet(43)) - raft.server.storage.dir = [/workdir/hadoop-ozone/integration-test/target/test-dir/MiniOzoneClusterImpl-15e79e0b-a28f-4a98-99e1-aed18379cb8e/datanode-1/data/ratis] (custom)
2019-10-28 08:19:24,766 [pool-510-thread-1] INFO  server.RaftServerConfigKeys (ConfUtils.java:logGet(43)) - raft.server.rpc.timeout.max = 1200ms (custom)
2019-10-28 08:19:24,766 [pool-510-thread-1] INFO  server.RaftServerConfigKeys (ConfUtils.java:logGet(43)) - raft.server.rpcslowness.timeout = 120s (custom)
2019-10-28 08:19:24,766 [pool-520-thread-1] INFO  server.RaftServerConfigKeys (ConfUtils.java:logGet(43)) - raft.server.log.corruption.policy = EXCEPTION (default)
2019-10-28 08:19:24,766 [pool-510-thread-1] INFO  server.RaftServerConfigKeys (ConfUtils.java:logGet(43)) - raft.server.sleep.deviation.threshold = 300 (default)
2019-10-28 08:19:24,766 [pool-520-thread-1] INFO  storage.RaftStorageDirectory (RaftStorageDirectory.java:analyzeStorage(246)) - The storage directory /workdir/hadoop-ozone/integration-test/target/test-dir/MiniOzoneClusterImpl-15e79e0b-a28f-4a98-99e1-aed18379cb8e/datanode-1/data/ratis/31a891bf-d74e-417a-9d39-c80dd7b1cd18 does not exist. Creating ...
2019-10-28 08:19:24,767 [pool-510-thread-1] INFO  server.RaftServerConfigKeys (ConfUtils.java:logGet(43)) - raft.server.log.appender.install.snapshot.enabled = false (custom)
2019-10-28 08:19:24,767 [pool-510-thread-1] INFO  impl.RaftServerImpl (ServerState.java:<init>(103)) - 8dd013f2-bbde-4487-bce9-479ed92de2a3@group-C80DD7B1CD18: ConfigurationManager, init=-1: [8dd013f2-bbde-4487-bce9-479ed92de2a3:192.168.34.22:35242, 00d59604-869a-42b3-a19c-0cd76ca30d07:192.168.34.22:38783, 442f1a8c-01a9-4abf-8c25-ed2da4cb70e7:192.168.34.22:39138], old=null, confs=<EMPTY_MAP>
2019-10-28 08:19:24,767 [pool-510-thread-1] INFO  server.RaftServerConfigKeys (ConfUtils.java:logGet(43)) - raft.server.storage.dir = [/workdir/hadoop-ozone/integration-test/target/test-dir/MiniOzoneClusterImpl-15e79e0b-a28f-4a98-99e1-aed18379cb8e/datanode-0/data/ratis] (custom)
2019-10-28 08:19:24,767 [pool-510-thread-1] INFO  server.RaftServerConfigKeys (ConfUtils.java:logGet(43)) - raft.server.log.corruption.policy = EXCEPTION (default)
2019-10-28 08:19:24,767 [pool-510-thread-1] INFO  storage.RaftStorageDirectory (RaftStorageDirectory.java:analyzeStorage(246)) - The storage directory /workdir/hadoop-ozone/integration-test/target/test-dir/MiniOzoneClusterImpl-15e79e0b-a28f-4a98-99e1-aed18379cb8e/datanode-0/data/ratis/31a891bf-d74e-417a-9d39-c80dd7b1cd18 does not exist. Creating ...
2019-10-28 08:19:24,769 [IPC Server handler 10 on 46334] INFO  net.NetworkTopology (NetworkTopologyImpl.java:add(111)) - Added a new node: /rack1/2a045742-6ad3-4ae4-8313-0bafe5f9a8d8
2019-10-28 08:19:24,769 [IPC Server handler 10 on 46334] INFO  node.SCMNodeManager (SCMNodeManager.java:register(268)) - Registered Data node : 2a045742-6ad3-4ae4-8313-0bafe5f9a8d8{ip: 192.168.34.22, host: pr-hdds-1569-5jqvn-3828718746, networkLocation: /rack1, certSerialId: null}
2019-10-28 08:19:24,779 [pool-520-thread-1] INFO  storage.RaftStorageDirectory (RaftStorageDirectory.java:tryLock(328)) - Lock on /workdir/hadoop-ozone/integration-test/target/test-dir/MiniOzoneClusterImpl-15e79e0b-a28f-4a98-99e1-aed18379cb8e/datanode-1/data/ratis/31a891bf-d74e-417a-9d39-c80dd7b1cd18/in_use.lock acquired by nodename 2894@pr-hdds-1569-5jqvn-3828718746
2019-10-28 08:19:24,779 [pool-510-thread-1] INFO  storage.RaftStorageDirectory (RaftStorageDirectory.java:tryLock(328)) - Lock on /workdir/hadoop-ozone/integration-test/target/test-dir/MiniOzoneClusterImpl-15e79e0b-a28f-4a98-99e1-aed18379cb8e/datanode-0/data/ratis/31a891bf-d74e-417a-9d39-c80dd7b1cd18/in_use.lock acquired by nodename 2894@pr-hdds-1569-5jqvn-3828718746
2019-10-28 08:19:24,779 [pool-530-thread-1] INFO  storage.RaftStorageDirectory (RaftStorageDirectory.java:tryLock(328)) - Lock on /workdir/hadoop-ozone/integration-test/target/test-dir/MiniOzoneClusterImpl-15e79e0b-a28f-4a98-99e1-aed18379cb8e/datanode-2/data/ratis/31a891bf-d74e-417a-9d39-c80dd7b1cd18/in_use.lock acquired by nodename 2894@pr-hdds-1569-5jqvn-3828718746
2019-10-28 08:19:24,792 [pool-510-thread-1] INFO  storage.RaftStorage (RaftStorage.java:format(84)) - Storage directory /workdir/hadoop-ozone/integration-test/target/test-dir/MiniOzoneClusterImpl-15e79e0b-a28f-4a98-99e1-aed18379cb8e/datanode-0/data/ratis/31a891bf-d74e-417a-9d39-c80dd7b1cd18 has been successfully formatted.
2019-10-28 08:19:24,792 [pool-520-thread-1] INFO  storage.RaftStorage (RaftStorage.java:format(84)) - Storage directory /workdir/hadoop-ozone/integration-test/target/test-dir/MiniOzoneClusterImpl-15e79e0b-a28f-4a98-99e1-aed18379cb8e/datanode-1/data/ratis/31a891bf-d74e-417a-9d39-c80dd7b1cd18 has been successfully formatted.
2019-10-28 08:19:24,793 [pool-510-thread-1] INFO  ratis.ContainerStateMachine (ContainerStateMachine.java:loadSnapshot(231)) - group-C80DD7B1CD18: The snapshot info is null. Setting the last applied indexto:(t:0, i:~)
2019-10-28 08:19:24,792 [pool-530-thread-1] INFO  storage.RaftStorage (RaftStorage.java:format(84)) - Storage directory /workdir/hadoop-ozone/integration-test/target/test-dir/MiniOzoneClusterImpl-15e79e0b-a28f-4a98-99e1-aed18379cb8e/datanode-2/data/ratis/31a891bf-d74e-417a-9d39-c80dd7b1cd18 has been successfully formatted.
2019-10-28 08:19:24,793 [pool-520-thread-1] INFO  ratis.ContainerStateMachine (ContainerStateMachine.java:loadSnapshot(231)) - group-C80DD7B1CD18: The snapshot info is null. Setting the last applied indexto:(t:0, i:~)
2019-10-28 08:19:24,793 [pool-510-thread-1] INFO  server.RaftServerConfigKeys (ConfUtils.java:logGet(43)) - raft.server.notification.no-leader.timeout = 120s (custom)
2019-10-28 08:19:24,793 [pool-530-thread-1] INFO  ratis.ContainerStateMachine (ContainerStateMachine.java:loadSnapshot(231)) - group-C80DD7B1CD18: The snapshot info is null. Setting the last applied indexto:(t:0, i:~)
2019-10-28 08:19:24,793 [pool-520-thread-1] INFO  server.RaftServerConfigKeys (ConfUtils.java:logGet(43)) - raft.server.notification.no-leader.timeout = 120s (custom)
2019-10-28 08:19:24,793 [pool-530-thread-1] INFO  server.RaftServerConfigKeys (ConfUtils.java:logGet(43)) - raft.server.notification.no-leader.timeout = 120s (custom)
2019-10-28 08:19:24,793 [pool-530-thread-1] INFO  server.RaftServerConfigKeys (ConfUtils.java:logGet(43)) - raft.server.log.use.memory = false (default)
2019-10-28 08:19:24,793 [pool-510-thread-1] INFO  server.RaftServerConfigKeys (ConfUtils.java:logGet(43)) - raft.server.log.use.memory = false (default)
2019-10-28 08:19:24,794 [pool-530-thread-1] INFO  server.RaftServerConfigKeys (ConfUtils.java:logGet(43)) - raft.server.log.purge.gap = 1000000 (custom)
2019-10-28 08:19:24,794 [pool-530-thread-1] INFO  server.RaftServerConfigKeys (ConfUtils.java:logGet(43)) - raft.server.log.appender.buffer.byte-limit = 33554432 (custom)
2019-10-28 08:19:24,793 [pool-520-thread-1] INFO  server.RaftServerConfigKeys (ConfUtils.java:logGet(43)) - raft.server.log.use.memory = false (default)
2019-10-28 08:19:24,794 [pool-530-thread-1] INFO  server.RaftServerConfigKeys (ConfUtils.java:logGet(43)) - raft.server.log.segment.size.max = 1048576 (custom)
2019-10-28 08:19:24,794 [pool-510-thread-1] INFO  server.RaftServerConfigKeys (ConfUtils.java:logGet(43)) - raft.server.log.purge.gap = 1000000 (custom)
2019-10-28 08:19:24,794 [pool-530-thread-1] INFO  server.RaftServerConfigKeys (ConfUtils.java:logGet(43)) - raft.server.log.segment.cache.num.max = 2 (custom)
2019-10-28 08:19:24,794 [pool-530-thread-1] INFO  segmented.SegmentedRaftLogWorker (SegmentedRaftLogWorker.java:<init>(173)) - new 442f1a8c-01a9-4abf-8c25-ed2da4cb70e7@group-C80DD7B1CD18-SegmentedRaftLogWorker for RaftStorage:Storage Directory /workdir/hadoop-ozone/integration-test/target/test-dir/MiniOzoneClusterImpl-15e79e0b-a28f-4a98-99e1-aed18379cb8e/datanode-2/data/ratis/31a891bf-d74e-417a-9d39-c80dd7b1cd18
2019-10-28 08:19:24,794 [pool-520-thread-1] INFO  server.RaftServerConfigKeys (ConfUtils.java:logGet(43)) - raft.server.log.purge.gap = 1000000 (custom)
2019-10-28 08:19:24,795 [pool-530-thread-1] INFO  server.RaftServerConfigKeys (ConfUtils.java:logGet(43)) - raft.server.log.queue.byte-limit = 2147483647 (custom)
2019-10-28 08:19:24,794 [pool-510-thread-1] INFO  server.RaftServerConfigKeys (ConfUtils.java:logGet(43)) - raft.server.log.appender.buffer.byte-limit = 33554432 (custom)
2019-10-28 08:19:24,795 [pool-530-thread-1] INFO  server.RaftServerConfigKeys (ConfUtils.java:logGet(43)) - raft.server.log.queue.element-limit = 1024 (custom)
2019-10-28 08:19:24,795 [pool-530-thread-1] INFO  server.RaftServerConfigKeys (ConfUtils.java:logGet(43)) - raft.server.log.segment.size.max = 1048576 (custom)
2019-10-28 08:19:24,795 [pool-520-thread-1] INFO  server.RaftServerConfigKeys (ConfUtils.java:logGet(43)) - raft.server.log.appender.buffer.byte-limit = 33554432 (custom)
2019-10-28 08:19:24,795 [pool-530-thread-1] INFO  server.RaftServerConfigKeys (ConfUtils.java:logGet(43)) - raft.server.log.preallocated.size = 16384 (custom)
2019-10-28 08:19:24,795 [pool-510-thread-1] INFO  server.RaftServerConfigKeys (ConfUtils.java:logGet(43)) - raft.server.log.segment.size.max = 1048576 (custom)
2019-10-28 08:19:24,796 [pool-530-thread-1] INFO  server.RaftServerConfigKeys (ConfUtils.java:logGet(43)) - raft.server.log.write.buffer.size = 33554432 (custom)
2019-10-28 08:19:24,796 [pool-530-thread-1] INFO  server.RaftServerConfigKeys (ConfUtils.java:logGet(43)) - raft.server.log.force.sync.num = 128 (default)
2019-10-28 08:19:24,795 [pool-520-thread-1] INFO  server.RaftServerConfigKeys (ConfUtils.java:logGet(43)) - raft.server.log.segment.size.max = 1048576 (custom)
2019-10-28 08:19:24,796 [pool-530-thread-1] INFO  server.RaftServerConfigKeys (ConfUtils.java:logGet(43)) - raft.server.log.statemachine.data.sync = true (default)
2019-10-28 08:19:24,796 [pool-510-thread-1] INFO  server.RaftServerConfigKeys (ConfUtils.java:logGet(43)) - raft.server.log.segment.cache.num.max = 2 (custom)
2019-10-28 08:19:24,796 [pool-530-thread-1] INFO  server.RaftServerConfigKeys (ConfUtils.java:logGet(43)) - raft.server.log.statemachine.data.sync.timeout = 10s (default)
2019-10-28 08:19:24,796 [pool-530-thread-1] INFO  server.RaftServerConfigKeys (ConfUtils.java:logGet(43)) - raft.server.log.statemachine.data.sync.timeout.retry = -1 (default)
2019-10-28 08:19:24,796 [pool-520-thread-1] INFO  server.RaftServerConfigKeys (ConfUtils.java:logGet(43)) - raft.server.log.segment.cache.num.max = 2 (custom)
2019-10-28 08:19:24,797 [pool-530-thread-1] INFO  server.RaftServerConfigKeys (ConfUtils.java:logGet(43)) - raft.server.log.statemachine.data.caching.enabled = true (custom)
2019-10-28 08:19:24,796 [pool-510-thread-1] INFO  segmented.SegmentedRaftLogWorker (SegmentedRaftLogWorker.java:<init>(173)) - new 8dd013f2-bbde-4487-bce9-479ed92de2a3@group-C80DD7B1CD18-SegmentedRaftLogWorker for RaftStorage:Storage Directory /workdir/hadoop-ozone/integration-test/target/test-dir/MiniOzoneClusterImpl-15e79e0b-a28f-4a98-99e1-aed18379cb8e/datanode-0/data/ratis/31a891bf-d74e-417a-9d39-c80dd7b1cd18
2019-10-28 08:19:24,797 [pool-520-thread-1] INFO  segmented.SegmentedRaftLogWorker (SegmentedRaftLogWorker.java:<init>(173)) - new 00d59604-869a-42b3-a19c-0cd76ca30d07@group-C80DD7B1CD18-SegmentedRaftLogWorker for RaftStorage:Storage Directory /workdir/hadoop-ozone/integration-test/target/test-dir/MiniOzoneClusterImpl-15e79e0b-a28f-4a98-99e1-aed18379cb8e/datanode-1/data/ratis/31a891bf-d74e-417a-9d39-c80dd7b1cd18
2019-10-28 08:19:24,797 [pool-520-thread-1] INFO  server.RaftServerConfigKeys (ConfUtils.java:logGet(43)) - raft.server.log.queue.byte-limit = 2147483647 (custom)
2019-10-28 08:19:24,797 [pool-510-thread-1] INFO  server.RaftServerConfigKeys (ConfUtils.java:logGet(43)) - raft.server.log.queue.byte-limit = 2147483647 (custom)
2019-10-28 08:19:24,797 [pool-530-thread-1] INFO  segmented.SegmentedRaftLogWorker (SegmentedRaftLogWorker.java:lambda$new$0(128)) - 442f1a8c-01a9-4abf-8c25-ed2da4cb70e7@group-C80DD7B1CD18-SegmentedRaftLogWorker: flushIndex: setUnconditionally 0 -> -1
2019-10-28 08:19:24,797 [pool-510-thread-1] INFO  server.RaftServerConfigKeys (ConfUtils.java:logGet(43)) - raft.server.log.queue.element-limit = 1024 (custom)
2019-10-28 08:19:24,797 [pool-520-thread-1] INFO  server.RaftServerConfigKeys (ConfUtils.java:logGet(43)) - raft.server.log.queue.element-limit = 1024 (custom)
2019-10-28 08:19:24,798 [pool-530-thread-1] INFO  server.RaftServerConfigKeys (ConfUtils.java:logGet(43)) - raft.server.snapshot.auto.trigger.enabled = true (custom)
2019-10-28 08:19:24,798 [pool-510-thread-1] INFO  server.RaftServerConfigKeys (ConfUtils.java:logGet(43)) - raft.server.log.segment.size.max = 1048576 (custom)
2019-10-28 08:19:24,798 [pool-530-thread-1] INFO  server.RaftServerConfigKeys (ConfUtils.java:logGet(43)) - raft.server.snapshot.auto.trigger.threshold = 10000 (custom)
2019-10-28 08:19:24,798 [pool-520-thread-1] INFO  server.RaftServerConfigKeys (ConfUtils.java:logGet(43)) - raft.server.log.segment.size.max = 1048576 (custom)
2019-10-28 08:19:24,798 [pool-530-thread-1] INFO  server.RaftServerConfigKeys (ConfUtils.java:logGet(43)) - raft.server.snapshot.retention.file.num = 5 (custom)
2019-10-28 08:19:24,798 [pool-510-thread-1] INFO  server.RaftServerConfigKeys (ConfUtils.java:logGet(43)) - raft.server.log.preallocated.size = 16384 (custom)
2019-10-28 08:19:24,798 [pool-530-thread-1] INFO  server.RaftServerConfigKeys (ConfUtils.java:logGet(43)) - raft.server.retrycache.expirytime = 600000ms (custom)
2019-10-28 08:19:24,798 [pool-520-thread-1] INFO  server.RaftServerConfigKeys (ConfUtils.java:logGet(43)) - raft.server.log.preallocated.size = 16384 (custom)
2019-10-28 08:19:24,799 [pool-510-thread-1] INFO  server.RaftServerConfigKeys (ConfUtils.java:logGet(43)) - raft.server.log.write.buffer.size = 33554432 (custom)
2019-10-28 08:19:24,799 [pool-520-thread-1] INFO  server.RaftServerConfigKeys (ConfUtils.java:logGet(43)) - raft.server.log.write.buffer.size = 33554432 (custom)
2019-10-28 08:19:24,799 [pool-510-thread-1] INFO  server.RaftServerConfigKeys (ConfUtils.java:logGet(43)) - raft.server.log.force.sync.num = 128 (default)
2019-10-28 08:19:24,799 [pool-520-thread-1] INFO  server.RaftServerConfigKeys (ConfUtils.java:logGet(43)) - raft.server.log.force.sync.num = 128 (default)
2019-10-28 08:19:24,799 [pool-510-thread-1] INFO  server.RaftServerConfigKeys (ConfUtils.java:logGet(43)) - raft.server.log.statemachine.data.sync = true (default)
2019-10-28 08:19:24,799 [pool-520-thread-1] INFO  server.RaftServerConfigKeys (ConfUtils.java:logGet(43)) - raft.server.log.statemachine.data.sync = true (default)
2019-10-28 08:19:24,799 [pool-510-thread-1] INFO  server.RaftServerConfigKeys (ConfUtils.java:logGet(43)) - raft.server.log.statemachine.data.sync.timeout = 10s (default)
2019-10-28 08:19:24,800 [pool-520-thread-1] INFO  server.RaftServerConfigKeys (ConfUtils.java:logGet(43)) - raft.server.log.statemachine.data.sync.timeout = 10s (default)
2019-10-28 08:19:24,800 [pool-510-thread-1] INFO  server.RaftServerConfigKeys (ConfUtils.java:logGet(43)) - raft.server.log.statemachine.data.sync.timeout.retry = -1 (default)
2019-10-28 08:19:24,800 [pool-520-thread-1] INFO  server.RaftServerConfigKeys (ConfUtils.java:logGet(43)) - raft.server.log.statemachine.data.sync.timeout.retry = -1 (default)
2019-10-28 08:19:24,800 [pool-510-thread-1] INFO  server.RaftServerConfigKeys (ConfUtils.java:logGet(43)) - raft.server.log.statemachine.data.caching.enabled = true (custom)
2019-10-28 08:19:24,800 [pool-520-thread-1] INFO  server.RaftServerConfigKeys (ConfUtils.java:logGet(43)) - raft.server.log.statemachine.data.caching.enabled = true (custom)
2019-10-28 08:19:24,800 [pool-530-thread-1] INFO  impl.RaftServerImpl (RaftServerImpl.java:start(181)) - 442f1a8c-01a9-4abf-8c25-ed2da4cb70e7@group-C80DD7B1CD18: start as a follower, conf=-1: [8dd013f2-bbde-4487-bce9-479ed92de2a3:192.168.34.22:35242, 00d59604-869a-42b3-a19c-0cd76ca30d07:192.168.34.22:38783, 442f1a8c-01a9-4abf-8c25-ed2da4cb70e7:192.168.34.22:39138], old=null
2019-10-28 08:19:24,800 [pool-510-thread-1] INFO  segmented.SegmentedRaftLogWorker (SegmentedRaftLogWorker.java:lambda$new$0(128)) - 8dd013f2-bbde-4487-bce9-479ed92de2a3@group-C80DD7B1CD18-SegmentedRaftLogWorker: flushIndex: setUnconditionally 0 -> -1
2019-10-28 08:19:24,800 [pool-520-thread-1] INFO  segmented.SegmentedRaftLogWorker (SegmentedRaftLogWorker.java:lambda$new$0(128)) - 00d59604-869a-42b3-a19c-0cd76ca30d07@group-C80DD7B1CD18-SegmentedRaftLogWorker: flushIndex: setUnconditionally 0 -> -1
2019-10-28 08:19:24,800 [pool-530-thread-1] INFO  impl.RaftServerImpl (RaftServerImpl.java:setRole(170)) - 442f1a8c-01a9-4abf-8c25-ed2da4cb70e7@group-C80DD7B1CD18: changes role from      null to FOLLOWER at term 0 for startAsFollower
2019-10-28 08:19:24,801 [pool-510-thread-1] INFO  server.RaftServerConfigKeys (ConfUtils.java:logGet(43)) - raft.server.snapshot.auto.trigger.enabled = true (custom)
2019-10-28 08:19:24,801 [pool-530-thread-1] INFO  impl.RoleInfo (RoleInfo.java:updateAndGet(143)) - 442f1a8c-01a9-4abf-8c25-ed2da4cb70e7: start FollowerState
2019-10-28 08:19:24,801 [pool-520-thread-1] INFO  server.RaftServerConfigKeys (ConfUtils.java:logGet(43)) - raft.server.snapshot.auto.trigger.enabled = true (custom)
2019-10-28 08:19:24,801 [pool-510-thread-1] INFO  server.RaftServerConfigKeys (ConfUtils.java:logGet(43)) - raft.server.snapshot.auto.trigger.threshold = 10000 (custom)
2019-10-28 08:19:24,801 [pool-520-thread-1] INFO  server.RaftServerConfigKeys (ConfUtils.java:logGet(43)) - raft.server.snapshot.auto.trigger.threshold = 10000 (custom)
2019-10-28 08:19:24,801 [pool-530-thread-1] INFO  util.JmxRegister (JmxRegister.java:tryRegister(44)) - Successfully registered JMX Bean with object name Ratis:service=RaftServer,group=group-C80DD7B1CD18,id=442f1a8c-01a9-4abf-8c25-ed2da4cb70e7
2019-10-28 08:19:24,801 [pool-510-thread-1] INFO  server.RaftServerConfigKeys (ConfUtils.java:logGet(43)) - raft.server.snapshot.retention.file.num = 5 (custom)
2019-10-28 08:19:24,801 [pool-520-thread-1] INFO  server.RaftServerConfigKeys (ConfUtils.java:logGet(43)) - raft.server.snapshot.retention.file.num = 5 (custom)
2019-10-28 08:19:24,802 [pool-510-thread-1] INFO  server.RaftServerConfigKeys (ConfUtils.java:logGet(43)) - raft.server.retrycache.expirytime = 600000ms (custom)
2019-10-28 08:19:24,802 [pool-520-thread-1] INFO  server.RaftServerConfigKeys (ConfUtils.java:logGet(43)) - raft.server.retrycache.expirytime = 600000ms (custom)
2019-10-28 08:19:24,805 [pool-510-thread-1] INFO  impl.RaftServerImpl (RaftServerImpl.java:start(181)) - 8dd013f2-bbde-4487-bce9-479ed92de2a3@group-C80DD7B1CD18: start as a follower, conf=-1: [8dd013f2-bbde-4487-bce9-479ed92de2a3:192.168.34.22:35242, 00d59604-869a-42b3-a19c-0cd76ca30d07:192.168.34.22:38783, 442f1a8c-01a9-4abf-8c25-ed2da4cb70e7:192.168.34.22:39138], old=null
2019-10-28 08:19:24,805 [pool-510-thread-1] INFO  impl.RaftServerImpl (RaftServerImpl.java:setRole(170)) - 8dd013f2-bbde-4487-bce9-479ed92de2a3@group-C80DD7B1CD18: changes role from      null to FOLLOWER at term 0 for startAsFollower
2019-10-28 08:19:24,805 [pool-510-thread-1] INFO  impl.RoleInfo (RoleInfo.java:updateAndGet(143)) - 8dd013f2-bbde-4487-bce9-479ed92de2a3: start FollowerState
2019-10-28 08:19:24,805 [pool-510-thread-1] INFO  util.JmxRegister (JmxRegister.java:tryRegister(44)) - Successfully registered JMX Bean with object name Ratis:service=RaftServer,group=group-C80DD7B1CD18,id=8dd013f2-bbde-4487-bce9-479ed92de2a3
2019-10-28 08:19:24,805 [pool-520-thread-1] INFO  impl.RaftServerImpl (RaftServerImpl.java:start(181)) - 00d59604-869a-42b3-a19c-0cd76ca30d07@group-C80DD7B1CD18: start as a follower, conf=-1: [8dd013f2-bbde-4487-bce9-479ed92de2a3:192.168.34.22:35242, 00d59604-869a-42b3-a19c-0cd76ca30d07:192.168.34.22:38783, 442f1a8c-01a9-4abf-8c25-ed2da4cb70e7:192.168.34.22:39138], old=null
2019-10-28 08:19:24,806 [pool-520-thread-1] INFO  impl.RaftServerImpl (RaftServerImpl.java:setRole(170)) - 00d59604-869a-42b3-a19c-0cd76ca30d07@group-C80DD7B1CD18: changes role from      null to FOLLOWER at term 0 for startAsFollower
2019-10-28 08:19:24,806 [pool-520-thread-1] INFO  impl.RoleInfo (RoleInfo.java:updateAndGet(143)) - 00d59604-869a-42b3-a19c-0cd76ca30d07: start FollowerState
2019-10-28 08:19:24,806 [pool-520-thread-1] INFO  util.JmxRegister (JmxRegister.java:tryRegister(44)) - Successfully registered JMX Bean with object name Ratis:service=RaftServer,group=group-C80DD7B1CD18,id=00d59604-869a-42b3-a19c-0cd76ca30d07
2019-10-28 08:19:24,810 [RatisPipelineUtilsThread] INFO  pipeline.PipelineStateManager (PipelineStateManager.java:addPipeline(56)) - Created pipeline Pipeline[ Id: 31a891bf-d74e-417a-9d39-c80dd7b1cd18, Nodes: 00d59604-869a-42b3-a19c-0cd76ca30d07{ip: 192.168.34.22, host: pr-hdds-1569-5jqvn-3828718746, networkLocation: /rack1, certSerialId: null}8dd013f2-bbde-4487-bce9-479ed92de2a3{ip: 192.168.34.22, host: pr-hdds-1569-5jqvn-3828718746, networkLocation: /rack1, certSerialId: null}442f1a8c-01a9-4abf-8c25-ed2da4cb70e7{ip: 192.168.34.22, host: pr-hdds-1569-5jqvn-3828718746, networkLocation: /rack1, certSerialId: null}, Type:RATIS, Factor:THREE, State:OPEN]
2019-10-28 08:19:24,810 [RatisPipelineUtilsThread] INFO  pipeline.PipelinePlacementPolicy (PipelinePlacementPolicy.java:meetCriteria(117)) - Pipeline Placement: can't place more pipeline on heavy datanode? 442f1a8c-01a9-4abf-8c25-ed2da4cb70e7 Heaviness: 2 limit: 2
2019-10-28 08:19:24,810 [RatisPipelineUtilsThread] INFO  pipeline.PipelinePlacementPolicy (PipelinePlacementPolicy.java:meetCriteria(117)) - Pipeline Placement: can't place more pipeline on heavy datanode? 8dd013f2-bbde-4487-bce9-479ed92de2a3 Heaviness: 2 limit: 2
2019-10-28 08:19:24,811 [RatisPipelineUtilsThread] INFO  pipeline.PipelinePlacementPolicy (PipelinePlacementPolicy.java:meetCriteria(117)) - Pipeline Placement: can't place more pipeline on heavy datanode? 00d59604-869a-42b3-a19c-0cd76ca30d07 Heaviness: 2 limit: 2
2019-10-28 08:19:24,811 [RatisPipelineUtilsThread] ERROR pipeline.PipelinePlacementPolicy (PipelinePlacementPolicy.java:filterViableNodes(175)) - Unable to find enough nodes that meet the criteria that cannot engage in more than 2 pipelines. Nodes required: 3 Found: 1, healthy nodes count in NodeManager: 4.
2019-10-28 08:19:24,811 [RatisPipelineUtilsThread] ERROR pipeline.SCMPipelineManager (SCMPipelineManager.java:createPipeline(161)) - Pipeline creation failed.
org.apache.hadoop.hdds.scm.exceptions.SCMException: Unable to find enough nodes that meet the criteria that cannot engage in more than 2 pipelines. Nodes required: 3 Found: 1, healthy nodes count in NodeManager: 4.
	at org.apache.hadoop.hdds.scm.pipeline.PipelinePlacementPolicy.filterViableNodes(PipelinePlacementPolicy.java:176)
	at org.apache.hadoop.hdds.scm.pipeline.PipelinePlacementPolicy.chooseDatanodes(PipelinePlacementPolicy.java:199)
	at org.apache.hadoop.hdds.scm.pipeline.RatisPipelineProvider.create(RatisPipelineProvider.java:177)
	at org.apache.hadoop.hdds.scm.pipeline.PipelineFactory.create(PipelineFactory.java:58)
	at org.apache.hadoop.hdds.scm.pipeline.SCMPipelineManager.createPipeline(SCMPipelineManager.java:151)
	at org.apache.hadoop.hdds.scm.pipeline.BackgroundPipelineCreator.createPipelines(BackgroundPipelineCreator.java:100)
	at java.util.concurrent.Executors$RunnableAdapter.call(Executors.java:511)
	at java.util.concurrent.FutureTask.run(FutureTask.java:266)
	at java.util.concurrent.ScheduledThreadPoolExecutor$ScheduledFutureTask.access$201(ScheduledThreadPoolExecutor.java:180)
	at java.util.concurrent.ScheduledThreadPoolExecutor$ScheduledFutureTask.run(ScheduledThreadPoolExecutor.java:293)
	at java.util.concurrent.ThreadPoolExecutor.runWorker(ThreadPoolExecutor.java:1149)
	at java.util.concurrent.ThreadPoolExecutor$Worker.run(ThreadPoolExecutor.java:624)
	at java.lang.Thread.run(Thread.java:748)
2019-10-28 08:19:24,838 [IPC Server handler 2 on 46334] INFO  net.NetworkTopology (NetworkTopologyImpl.java:add(111)) - Added a new node: /rack1/931f47be-92fd-4e78-8b74-097dddc5e38b
2019-10-28 08:19:24,838 [IPC Server handler 2 on 46334] INFO  node.SCMNodeManager (SCMNodeManager.java:register(268)) - Registered Data node : 931f47be-92fd-4e78-8b74-097dddc5e38b{ip: 192.168.34.22, host: pr-hdds-1569-5jqvn-3828718746, networkLocation: /rack1, certSerialId: null}
2019-10-28 08:19:24,846 [grpc-default-executor-7] INFO  impl.RaftServerProxy (RaftServerProxy.java:addNew(89)) - 931f47be-92fd-4e78-8b74-097dddc5e38b: addNew group-9940A9FF591C:[931f47be-92fd-4e78-8b74-097dddc5e38b:192.168.34.22:34284] returns group-9940A9FF591C:java.util.concurrent.CompletableFuture@32cdbf51[Not completed]
2019-10-28 08:19:24,847 [pool-550-thread-1] INFO  impl.RaftServerImpl (RaftServerImpl.java:<init>(95)) - 931f47be-92fd-4e78-8b74-097dddc5e38b: new RaftServerImpl for group-9940A9FF591C:[931f47be-92fd-4e78-8b74-097dddc5e38b:192.168.34.22:34284] with ContainerStateMachine:uninitialized
2019-10-28 08:19:24,848 [pool-550-thread-1] INFO  server.RaftServerConfigKeys (ConfUtils.java:logGet(43)) - raft.server.rpc.timeout.min = 1s (custom)
2019-10-28 08:19:24,848 [pool-550-thread-1] INFO  server.RaftServerConfigKeys (ConfUtils.java:logGet(43)) - raft.server.rpc.timeout.max = 1200ms (custom)
2019-10-28 08:19:24,848 [pool-550-thread-1] INFO  server.RaftServerConfigKeys (ConfUtils.java:logGet(43)) - raft.server.rpcslowness.timeout = 120s (custom)
2019-10-28 08:19:24,848 [pool-550-thread-1] INFO  server.RaftServerConfigKeys (ConfUtils.java:logGet(43)) - raft.server.sleep.deviation.threshold = 300 (default)
2019-10-28 08:19:24,848 [pool-550-thread-1] INFO  server.RaftServerConfigKeys (ConfUtils.java:logGet(43)) - raft.server.log.appender.install.snapshot.enabled = false (custom)
2019-10-28 08:19:24,848 [pool-550-thread-1] INFO  impl.RaftServerImpl (ServerState.java:<init>(103)) - 931f47be-92fd-4e78-8b74-097dddc5e38b@group-9940A9FF591C: ConfigurationManager, init=-1: [931f47be-92fd-4e78-8b74-097dddc5e38b:192.168.34.22:34284], old=null, confs=<EMPTY_MAP>
2019-10-28 08:19:24,849 [pool-550-thread-1] INFO  server.RaftServerConfigKeys (ConfUtils.java:logGet(43)) - raft.server.storage.dir = [/workdir/hadoop-ozone/integration-test/target/test-dir/MiniOzoneClusterImpl-15e79e0b-a28f-4a98-99e1-aed18379cb8e/datanode-4/data/ratis] (custom)
2019-10-28 08:19:24,849 [pool-550-thread-1] INFO  server.RaftServerConfigKeys (ConfUtils.java:logGet(43)) - raft.server.log.corruption.policy = EXCEPTION (default)
2019-10-28 08:19:24,849 [pool-550-thread-1] INFO  storage.RaftStorageDirectory (RaftStorageDirectory.java:analyzeStorage(246)) - The storage directory /workdir/hadoop-ozone/integration-test/target/test-dir/MiniOzoneClusterImpl-15e79e0b-a28f-4a98-99e1-aed18379cb8e/datanode-4/data/ratis/f55855ad-2c77-4d83-be41-9940a9ff591c does not exist. Creating ...
2019-10-28 08:19:24,863 [pool-550-thread-1] INFO  storage.RaftStorageDirectory (RaftStorageDirectory.java:tryLock(328)) - Lock on /workdir/hadoop-ozone/integration-test/target/test-dir/MiniOzoneClusterImpl-15e79e0b-a28f-4a98-99e1-aed18379cb8e/datanode-4/data/ratis/f55855ad-2c77-4d83-be41-9940a9ff591c/in_use.lock acquired by nodename 2894@pr-hdds-1569-5jqvn-3828718746
2019-10-28 08:19:24,882 [pool-550-thread-1] INFO  storage.RaftStorage (RaftStorage.java:format(84)) - Storage directory /workdir/hadoop-ozone/integration-test/target/test-dir/MiniOzoneClusterImpl-15e79e0b-a28f-4a98-99e1-aed18379cb8e/datanode-4/data/ratis/f55855ad-2c77-4d83-be41-9940a9ff591c has been successfully formatted.
2019-10-28 08:19:24,882 [pool-550-thread-1] INFO  ratis.ContainerStateMachine (ContainerStateMachine.java:loadSnapshot(231)) - group-9940A9FF591C: The snapshot info is null. Setting the last applied indexto:(t:0, i:~)
2019-10-28 08:19:24,883 [pool-550-thread-1] INFO  server.RaftServerConfigKeys (ConfUtils.java:logGet(43)) - raft.server.notification.no-leader.timeout = 120s (custom)
2019-10-28 08:19:24,883 [pool-550-thread-1] INFO  server.RaftServerConfigKeys (ConfUtils.java:logGet(43)) - raft.server.log.use.memory = false (default)
2019-10-28 08:19:24,883 [pool-550-thread-1] INFO  server.RaftServerConfigKeys (ConfUtils.java:logGet(43)) - raft.server.log.purge.gap = 1000000 (custom)
2019-10-28 08:19:24,883 [pool-550-thread-1] INFO  server.RaftServerConfigKeys (ConfUtils.java:logGet(43)) - raft.server.log.appender.buffer.byte-limit = 33554432 (custom)
2019-10-28 08:19:24,883 [pool-550-thread-1] INFO  server.RaftServerConfigKeys (ConfUtils.java:logGet(43)) - raft.server.log.segment.size.max = 1048576 (custom)
2019-10-28 08:19:24,885 [pool-550-thread-1] INFO  server.RaftServerConfigKeys (ConfUtils.java:logGet(43)) - raft.server.log.segment.cache.num.max = 2 (custom)
2019-10-28 08:19:24,885 [pool-550-thread-1] INFO  segmented.SegmentedRaftLogWorker (SegmentedRaftLogWorker.java:<init>(173)) - new 931f47be-92fd-4e78-8b74-097dddc5e38b@group-9940A9FF591C-SegmentedRaftLogWorker for RaftStorage:Storage Directory /workdir/hadoop-ozone/integration-test/target/test-dir/MiniOzoneClusterImpl-15e79e0b-a28f-4a98-99e1-aed18379cb8e/datanode-4/data/ratis/f55855ad-2c77-4d83-be41-9940a9ff591c
2019-10-28 08:19:24,885 [pool-550-thread-1] INFO  server.RaftServerConfigKeys (ConfUtils.java:logGet(43)) - raft.server.log.queue.byte-limit = 2147483647 (custom)
2019-10-28 08:19:24,885 [pool-550-thread-1] INFO  server.RaftServerConfigKeys (ConfUtils.java:logGet(43)) - raft.server.log.queue.element-limit = 1024 (custom)
2019-10-28 08:19:24,885 [pool-550-thread-1] INFO  server.RaftServerConfigKeys (ConfUtils.java:logGet(43)) - raft.server.log.segment.size.max = 1048576 (custom)
2019-10-28 08:19:24,885 [pool-550-thread-1] INFO  server.RaftServerConfigKeys (ConfUtils.java:logGet(43)) - raft.server.log.preallocated.size = 16384 (custom)
2019-10-28 08:19:24,885 [pool-550-thread-1] INFO  server.RaftServerConfigKeys (ConfUtils.java:logGet(43)) - raft.server.log.write.buffer.size = 33554432 (custom)
2019-10-28 08:19:24,885 [pool-550-thread-1] INFO  server.RaftServerConfigKeys (ConfUtils.java:logGet(43)) - raft.server.log.force.sync.num = 128 (default)
2019-10-28 08:19:24,885 [pool-550-thread-1] INFO  server.RaftServerConfigKeys (ConfUtils.java:logGet(43)) - raft.server.log.statemachine.data.sync = true (default)
2019-10-28 08:19:24,886 [pool-550-thread-1] INFO  server.RaftServerConfigKeys (ConfUtils.java:logGet(43)) - raft.server.log.statemachine.data.sync.timeout = 10s (default)
2019-10-28 08:19:24,886 [pool-550-thread-1] INFO  server.RaftServerConfigKeys (ConfUtils.java:logGet(43)) - raft.server.log.statemachine.data.sync.timeout.retry = -1 (default)
2019-10-28 08:19:24,886 [pool-550-thread-1] INFO  server.RaftServerConfigKeys (ConfUtils.java:logGet(43)) - raft.server.log.statemachine.data.caching.enabled = true (custom)
2019-10-28 08:19:24,886 [pool-550-thread-1] INFO  segmented.SegmentedRaftLogWorker (SegmentedRaftLogWorker.java:lambda$new$0(128)) - 931f47be-92fd-4e78-8b74-097dddc5e38b@group-9940A9FF591C-SegmentedRaftLogWorker: flushIndex: setUnconditionally 0 -> -1
2019-10-28 08:19:24,887 [pool-550-thread-1] INFO  server.RaftServerConfigKeys (ConfUtils.java:logGet(43)) - raft.server.snapshot.auto.trigger.enabled = true (custom)
2019-10-28 08:19:24,887 [pool-550-thread-1] INFO  server.RaftServerConfigKeys (ConfUtils.java:logGet(43)) - raft.server.snapshot.auto.trigger.threshold = 10000 (custom)
2019-10-28 08:19:24,887 [pool-550-thread-1] INFO  server.RaftServerConfigKeys (ConfUtils.java:logGet(43)) - raft.server.snapshot.retention.file.num = 5 (custom)
2019-10-28 08:19:24,887 [pool-550-thread-1] INFO  server.RaftServerConfigKeys (ConfUtils.java:logGet(43)) - raft.server.retrycache.expirytime = 600000ms (custom)
2019-10-28 08:19:24,888 [pool-550-thread-1] INFO  impl.RaftServerImpl (RaftServerImpl.java:start(181)) - 931f47be-92fd-4e78-8b74-097dddc5e38b@group-9940A9FF591C: start as a follower, conf=-1: [931f47be-92fd-4e78-8b74-097dddc5e38b:192.168.34.22:34284], old=null
2019-10-28 08:19:24,888 [pool-550-thread-1] INFO  impl.RaftServerImpl (RaftServerImpl.java:setRole(170)) - 931f47be-92fd-4e78-8b74-097dddc5e38b@group-9940A9FF591C: changes role from      null to FOLLOWER at term 0 for startAsFollower
2019-10-28 08:19:24,889 [pool-550-thread-1] INFO  impl.RoleInfo (RoleInfo.java:updateAndGet(143)) - 931f47be-92fd-4e78-8b74-097dddc5e38b: start FollowerState
2019-10-28 08:19:24,889 [pool-550-thread-1] INFO  util.JmxRegister (JmxRegister.java:tryRegister(44)) - Successfully registered JMX Bean with object name Ratis:service=RaftServer,group=group-9940A9FF591C,id=931f47be-92fd-4e78-8b74-097dddc5e38b
2019-10-28 08:19:24,893 [RatisPipelineUtilsThread] INFO  pipeline.PipelineStateManager (PipelineStateManager.java:addPipeline(56)) - Created pipeline Pipeline[ Id: f55855ad-2c77-4d83-be41-9940a9ff591c, Nodes: 931f47be-92fd-4e78-8b74-097dddc5e38b{ip: 192.168.34.22, host: pr-hdds-1569-5jqvn-3828718746, networkLocation: /rack1, certSerialId: null}, Type:RATIS, Factor:ONE, State:OPEN]
2019-10-28 08:19:24,902 [grpc-default-executor-7] INFO  impl.RaftServerProxy (RaftServerProxy.java:addNew(89)) - 2a045742-6ad3-4ae4-8313-0bafe5f9a8d8: addNew group-8820A971D860:[2a045742-6ad3-4ae4-8313-0bafe5f9a8d8:192.168.34.22:36717] returns group-8820A971D860:java.util.concurrent.CompletableFuture@722a95b9[Not completed]
2019-10-28 08:19:24,903 [pool-540-thread-1] INFO  impl.RaftServerImpl (RaftServerImpl.java:<init>(95)) - 2a045742-6ad3-4ae4-8313-0bafe5f9a8d8: new RaftServerImpl for group-8820A971D860:[2a045742-6ad3-4ae4-8313-0bafe5f9a8d8:192.168.34.22:36717] with ContainerStateMachine:uninitialized
2019-10-28 08:19:24,904 [pool-540-thread-1] INFO  server.RaftServerConfigKeys (ConfUtils.java:logGet(43)) - raft.server.rpc.timeout.min = 1s (custom)
2019-10-28 08:19:24,904 [pool-540-thread-1] INFO  server.RaftServerConfigKeys (ConfUtils.java:logGet(43)) - raft.server.rpc.timeout.max = 1200ms (custom)
2019-10-28 08:19:24,904 [pool-540-thread-1] INFO  server.RaftServerConfigKeys (ConfUtils.java:logGet(43)) - raft.server.rpcslowness.timeout = 120s (custom)
2019-10-28 08:19:24,904 [pool-540-thread-1] INFO  server.RaftServerConfigKeys (ConfUtils.java:logGet(43)) - raft.server.sleep.deviation.threshold = 300 (default)
2019-10-28 08:19:24,904 [pool-540-thread-1] INFO  server.RaftServerConfigKeys (ConfUtils.java:logGet(43)) - raft.server.log.appender.install.snapshot.enabled = false (custom)
2019-10-28 08:19:24,904 [pool-540-thread-1] INFO  impl.RaftServerImpl (ServerState.java:<init>(103)) - 2a045742-6ad3-4ae4-8313-0bafe5f9a8d8@group-8820A971D860: ConfigurationManager, init=-1: [2a045742-6ad3-4ae4-8313-0bafe5f9a8d8:192.168.34.22:36717], old=null, confs=<EMPTY_MAP>
2019-10-28 08:19:24,904 [pool-540-thread-1] INFO  server.RaftServerConfigKeys (ConfUtils.java:logGet(43)) - raft.server.storage.dir = [/workdir/hadoop-ozone/integration-test/target/test-dir/MiniOzoneClusterImpl-15e79e0b-a28f-4a98-99e1-aed18379cb8e/datanode-3/data/ratis] (custom)
2019-10-28 08:19:24,904 [pool-540-thread-1] INFO  server.RaftServerConfigKeys (ConfUtils.java:logGet(43)) - raft.server.log.corruption.policy = EXCEPTION (default)
2019-10-28 08:19:24,905 [pool-540-thread-1] INFO  storage.RaftStorageDirectory (RaftStorageDirectory.java:analyzeStorage(246)) - The storage directory /workdir/hadoop-ozone/integration-test/target/test-dir/MiniOzoneClusterImpl-15e79e0b-a28f-4a98-99e1-aed18379cb8e/datanode-3/data/ratis/16bf32c0-7bd1-451f-88ea-8820a971d860 does not exist. Creating ...
2019-10-28 08:19:24,917 [pool-540-thread-1] INFO  storage.RaftStorageDirectory (RaftStorageDirectory.java:tryLock(328)) - Lock on /workdir/hadoop-ozone/integration-test/target/test-dir/MiniOzoneClusterImpl-15e79e0b-a28f-4a98-99e1-aed18379cb8e/datanode-3/data/ratis/16bf32c0-7bd1-451f-88ea-8820a971d860/in_use.lock acquired by nodename 2894@pr-hdds-1569-5jqvn-3828718746
2019-10-28 08:19:24,930 [pool-540-thread-1] INFO  storage.RaftStorage (RaftStorage.java:format(84)) - Storage directory /workdir/hadoop-ozone/integration-test/target/test-dir/MiniOzoneClusterImpl-15e79e0b-a28f-4a98-99e1-aed18379cb8e/datanode-3/data/ratis/16bf32c0-7bd1-451f-88ea-8820a971d860 has been successfully formatted.
2019-10-28 08:19:24,930 [pool-540-thread-1] INFO  ratis.ContainerStateMachine (ContainerStateMachine.java:loadSnapshot(231)) - group-8820A971D860: The snapshot info is null. Setting the last applied indexto:(t:0, i:~)
2019-10-28 08:19:24,931 [pool-540-thread-1] INFO  server.RaftServerConfigKeys (ConfUtils.java:logGet(43)) - raft.server.notification.no-leader.timeout = 120s (custom)
2019-10-28 08:19:24,931 [pool-540-thread-1] INFO  server.RaftServerConfigKeys (ConfUtils.java:logGet(43)) - raft.server.log.use.memory = false (default)
2019-10-28 08:19:24,931 [pool-540-thread-1] INFO  server.RaftServerConfigKeys (ConfUtils.java:logGet(43)) - raft.server.log.purge.gap = 1000000 (custom)
2019-10-28 08:19:24,931 [pool-540-thread-1] INFO  server.RaftServerConfigKeys (ConfUtils.java:logGet(43)) - raft.server.log.appender.buffer.byte-limit = 33554432 (custom)
2019-10-28 08:19:24,931 [pool-540-thread-1] INFO  server.RaftServerConfigKeys (ConfUtils.java:logGet(43)) - raft.server.log.segment.size.max = 1048576 (custom)
2019-10-28 08:19:24,933 [pool-540-thread-1] INFO  server.RaftServerConfigKeys (ConfUtils.java:logGet(43)) - raft.server.log.segment.cache.num.max = 2 (custom)
2019-10-28 08:19:24,933 [pool-540-thread-1] INFO  segmented.SegmentedRaftLogWorker (SegmentedRaftLogWorker.java:<init>(173)) - new 2a045742-6ad3-4ae4-8313-0bafe5f9a8d8@group-8820A971D860-SegmentedRaftLogWorker for RaftStorage:Storage Directory /workdir/hadoop-ozone/integration-test/target/test-dir/MiniOzoneClusterImpl-15e79e0b-a28f-4a98-99e1-aed18379cb8e/datanode-3/data/ratis/16bf32c0-7bd1-451f-88ea-8820a971d860
2019-10-28 08:19:24,933 [pool-540-thread-1] INFO  server.RaftServerConfigKeys (ConfUtils.java:logGet(43)) - raft.server.log.queue.byte-limit = 2147483647 (custom)
2019-10-28 08:19:24,933 [pool-540-thread-1] INFO  server.RaftServerConfigKeys (ConfUtils.java:logGet(43)) - raft.server.log.queue.element-limit = 1024 (custom)
2019-10-28 08:19:24,933 [pool-540-thread-1] INFO  server.RaftServerConfigKeys (ConfUtils.java:logGet(43)) - raft.server.log.segment.size.max = 1048576 (custom)
2019-10-28 08:19:24,933 [pool-540-thread-1] INFO  server.RaftServerConfigKeys (ConfUtils.java:logGet(43)) - raft.server.log.preallocated.size = 16384 (custom)
2019-10-28 08:19:24,933 [pool-540-thread-1] INFO  server.RaftServerConfigKeys (ConfUtils.java:logGet(43)) - raft.server.log.write.buffer.size = 33554432 (custom)
2019-10-28 08:19:24,934 [pool-540-thread-1] INFO  server.RaftServerConfigKeys (ConfUtils.java:logGet(43)) - raft.server.log.force.sync.num = 128 (default)
2019-10-28 08:19:24,934 [pool-540-thread-1] INFO  server.RaftServerConfigKeys (ConfUtils.java:logGet(43)) - raft.server.log.statemachine.data.sync = true (default)
2019-10-28 08:19:24,934 [pool-540-thread-1] INFO  server.RaftServerConfigKeys (ConfUtils.java:logGet(43)) - raft.server.log.statemachine.data.sync.timeout = 10s (default)
2019-10-28 08:19:24,934 [pool-540-thread-1] INFO  server.RaftServerConfigKeys (ConfUtils.java:logGet(43)) - raft.server.log.statemachine.data.sync.timeout.retry = -1 (default)
2019-10-28 08:19:24,934 [pool-540-thread-1] INFO  server.RaftServerConfigKeys (ConfUtils.java:logGet(43)) - raft.server.log.statemachine.data.caching.enabled = true (custom)
2019-10-28 08:19:24,934 [pool-540-thread-1] INFO  segmented.SegmentedRaftLogWorker (SegmentedRaftLogWorker.java:lambda$new$0(128)) - 2a045742-6ad3-4ae4-8313-0bafe5f9a8d8@group-8820A971D860-SegmentedRaftLogWorker: flushIndex: setUnconditionally 0 -> -1
2019-10-28 08:19:24,935 [pool-540-thread-1] INFO  server.RaftServerConfigKeys (ConfUtils.java:logGet(43)) - raft.server.snapshot.auto.trigger.enabled = true (custom)
2019-10-28 08:19:24,935 [pool-540-thread-1] INFO  server.RaftServerConfigKeys (ConfUtils.java:logGet(43)) - raft.server.snapshot.auto.trigger.threshold = 10000 (custom)
2019-10-28 08:19:24,935 [pool-540-thread-1] INFO  server.RaftServerConfigKeys (ConfUtils.java:logGet(43)) - raft.server.snapshot.retention.file.num = 5 (custom)
2019-10-28 08:19:24,935 [pool-540-thread-1] INFO  server.RaftServerConfigKeys (ConfUtils.java:logGet(43)) - raft.server.retrycache.expirytime = 600000ms (custom)
2019-10-28 08:19:24,936 [pool-540-thread-1] INFO  impl.RaftServerImpl (RaftServerImpl.java:start(181)) - 2a045742-6ad3-4ae4-8313-0bafe5f9a8d8@group-8820A971D860: start as a follower, conf=-1: [2a045742-6ad3-4ae4-8313-0bafe5f9a8d8:192.168.34.22:36717], old=null
2019-10-28 08:19:24,936 [pool-540-thread-1] INFO  impl.RaftServerImpl (RaftServerImpl.java:setRole(170)) - 2a045742-6ad3-4ae4-8313-0bafe5f9a8d8@group-8820A971D860: changes role from      null to FOLLOWER at term 0 for startAsFollower
2019-10-28 08:19:24,937 [pool-540-thread-1] INFO  impl.RoleInfo (RoleInfo.java:updateAndGet(143)) - 2a045742-6ad3-4ae4-8313-0bafe5f9a8d8: start FollowerState
2019-10-28 08:19:24,937 [pool-540-thread-1] INFO  util.JmxRegister (JmxRegister.java:tryRegister(44)) - Successfully registered JMX Bean with object name Ratis:service=RaftServer,group=group-8820A971D860,id=2a045742-6ad3-4ae4-8313-0bafe5f9a8d8
2019-10-28 08:19:24,941 [RatisPipelineUtilsThread] INFO  pipeline.PipelineStateManager (PipelineStateManager.java:addPipeline(56)) - Created pipeline Pipeline[ Id: 16bf32c0-7bd1-451f-88ea-8820a971d860, Nodes: 2a045742-6ad3-4ae4-8313-0bafe5f9a8d8{ip: 192.168.34.22, host: pr-hdds-1569-5jqvn-3828718746, networkLocation: /rack1, certSerialId: null}, Type:RATIS, Factor:ONE, State:OPEN]
2019-10-28 08:19:24,945 [RatisPipelineUtilsThread] ERROR pipeline.SCMPipelineManager (SCMPipelineManager.java:createPipeline(161)) - Pipeline creation failed.
org.apache.hadoop.hdds.scm.exceptions.SCMException: Cannot create pipeline of factor 1 using 0 nodes. Used 5 nodes. Healthy nodes 5
	at org.apache.hadoop.hdds.scm.pipeline.RatisPipelineProvider.pickNodesNeverUsed(RatisPipelineProvider.java:128)
	at org.apache.hadoop.hdds.scm.pipeline.RatisPipelineProvider.create(RatisPipelineProvider.java:174)
	at org.apache.hadoop.hdds.scm.pipeline.PipelineFactory.create(PipelineFactory.java:58)
	at org.apache.hadoop.hdds.scm.pipeline.SCMPipelineManager.createPipeline(SCMPipelineManager.java:151)
	at org.apache.hadoop.hdds.scm.pipeline.BackgroundPipelineCreator.createPipelines(BackgroundPipelineCreator.java:100)
	at java.util.concurrent.Executors$RunnableAdapter.call(Executors.java:511)
	at java.util.concurrent.FutureTask.run(FutureTask.java:266)
	at java.util.concurrent.ScheduledThreadPoolExecutor$ScheduledFutureTask.access$201(ScheduledThreadPoolExecutor.java:180)
	at java.util.concurrent.ScheduledThreadPoolExecutor$ScheduledFutureTask.run(ScheduledThreadPoolExecutor.java:293)
	at java.util.concurrent.ThreadPoolExecutor.runWorker(ThreadPoolExecutor.java:1149)
	at java.util.concurrent.ThreadPoolExecutor$Worker.run(ThreadPoolExecutor.java:624)
	at java.lang.Thread.run(Thread.java:748)
2019-10-28 08:19:24,945 [RatisPipelineUtilsThread] INFO  pipeline.PipelinePlacementPolicy (PipelinePlacementPolicy.java:meetCriteria(117)) - Pipeline Placement: can't place more pipeline on heavy datanode? 442f1a8c-01a9-4abf-8c25-ed2da4cb70e7 Heaviness: 2 limit: 2
2019-10-28 08:19:24,945 [RatisPipelineUtilsThread] INFO  pipeline.PipelinePlacementPolicy (PipelinePlacementPolicy.java:meetCriteria(117)) - Pipeline Placement: can't place more pipeline on heavy datanode? 8dd013f2-bbde-4487-bce9-479ed92de2a3 Heaviness: 2 limit: 2
2019-10-28 08:19:24,945 [RatisPipelineUtilsThread] INFO  pipeline.PipelinePlacementPolicy (PipelinePlacementPolicy.java:meetCriteria(117)) - Pipeline Placement: can't place more pipeline on heavy datanode? 00d59604-869a-42b3-a19c-0cd76ca30d07 Heaviness: 2 limit: 2
2019-10-28 08:19:24,946 [RatisPipelineUtilsThread] ERROR pipeline.PipelinePlacementPolicy (PipelinePlacementPolicy.java:filterViableNodes(175)) - Unable to find enough nodes that meet the criteria that cannot engage in more than 2 pipelines. Nodes required: 3 Found: 2, healthy nodes count in NodeManager: 5.
2019-10-28 08:19:24,946 [RatisPipelineUtilsThread] ERROR pipeline.SCMPipelineManager (SCMPipelineManager.java:createPipeline(161)) - Pipeline creation failed.
org.apache.hadoop.hdds.scm.exceptions.SCMException: Unable to find enough nodes that meet the criteria that cannot engage in more than 2 pipelines. Nodes required: 3 Found: 2, healthy nodes count in NodeManager: 5.
	at org.apache.hadoop.hdds.scm.pipeline.PipelinePlacementPolicy.filterViableNodes(PipelinePlacementPolicy.java:176)
	at org.apache.hadoop.hdds.scm.pipeline.PipelinePlacementPolicy.chooseDatanodes(PipelinePlacementPolicy.java:199)
	at org.apache.hadoop.hdds.scm.pipeline.RatisPipelineProvider.create(RatisPipelineProvider.java:177)
	at org.apache.hadoop.hdds.scm.pipeline.PipelineFactory.create(PipelineFactory.java:58)
	at org.apache.hadoop.hdds.scm.pipeline.SCMPipelineManager.createPipeline(SCMPipelineManager.java:151)
	at org.apache.hadoop.hdds.scm.pipeline.BackgroundPipelineCreator.createPipelines(BackgroundPipelineCreator.java:100)
	at java.util.concurrent.Executors$RunnableAdapter.call(Executors.java:511)
	at java.util.concurrent.FutureTask.run(FutureTask.java:266)
	at java.util.concurrent.ScheduledThreadPoolExecutor$ScheduledFutureTask.access$201(ScheduledThreadPoolExecutor.java:180)
	at java.util.concurrent.ScheduledThreadPoolExecutor$ScheduledFutureTask.run(ScheduledThreadPoolExecutor.java:293)
	at java.util.concurrent.ThreadPoolExecutor.runWorker(ThreadPoolExecutor.java:1149)
	at java.util.concurrent.ThreadPoolExecutor$Worker.run(ThreadPoolExecutor.java:624)
	at java.lang.Thread.run(Thread.java:748)
2019-10-28 08:19:25,103 [IPC Server handler 5 on 46334] INFO  net.NetworkTopology (NetworkTopologyImpl.java:add(111)) - Added a new node: /rack1/c538bdf1-684e-4089-9cc6-6fa0b44fa7c7
2019-10-28 08:19:25,103 [IPC Server handler 3 on 46334] INFO  net.NetworkTopology (NetworkTopologyImpl.java:add(111)) - Added a new node: /rack1/32ed66cf-8488-4ba5-9500-337fd38aaa15
2019-10-28 08:19:25,103 [IPC Server handler 4 on 46334] INFO  net.NetworkTopology (NetworkTopologyImpl.java:add(111)) - Added a new node: /rack1/2aa3b7c6-b90d-4752-89e9-33d25dd86bbd
2019-10-28 08:19:25,103 [IPC Server handler 3 on 46334] INFO  node.SCMNodeManager (SCMNodeManager.java:register(268)) - Registered Data node : 32ed66cf-8488-4ba5-9500-337fd38aaa15{ip: 192.168.34.22, host: pr-hdds-1569-5jqvn-3828718746, networkLocation: /rack1, certSerialId: null}
2019-10-28 08:19:25,103 [IPC Server handler 5 on 46334] INFO  node.SCMNodeManager (SCMNodeManager.java:register(268)) - Registered Data node : c538bdf1-684e-4089-9cc6-6fa0b44fa7c7{ip: 192.168.34.22, host: pr-hdds-1569-5jqvn-3828718746, networkLocation: /rack1, certSerialId: null}
2019-10-28 08:19:25,103 [IPC Server handler 4 on 46334] INFO  node.SCMNodeManager (SCMNodeManager.java:register(268)) - Registered Data node : 2aa3b7c6-b90d-4752-89e9-33d25dd86bbd{ip: 192.168.34.22, host: pr-hdds-1569-5jqvn-3828718746, networkLocation: /rack1, certSerialId: null}
2019-10-28 08:19:25,111 [grpc-default-executor-7] INFO  impl.RaftServerProxy (RaftServerProxy.java:addNew(89)) - c538bdf1-684e-4089-9cc6-6fa0b44fa7c7: addNew group-48A25AF6ED92:[c538bdf1-684e-4089-9cc6-6fa0b44fa7c7:192.168.34.22:38247] returns group-48A25AF6ED92:java.util.concurrent.CompletableFuture@5ee4c1ee[Not completed]
2019-10-28 08:19:25,112 [pool-560-thread-1] INFO  impl.RaftServerImpl (RaftServerImpl.java:<init>(95)) - c538bdf1-684e-4089-9cc6-6fa0b44fa7c7: new RaftServerImpl for group-48A25AF6ED92:[c538bdf1-684e-4089-9cc6-6fa0b44fa7c7:192.168.34.22:38247] with ContainerStateMachine:uninitialized
2019-10-28 08:19:25,113 [pool-560-thread-1] INFO  server.RaftServerConfigKeys (ConfUtils.java:logGet(43)) - raft.server.rpc.timeout.min = 1s (custom)
2019-10-28 08:19:25,113 [pool-560-thread-1] INFO  server.RaftServerConfigKeys (ConfUtils.java:logGet(43)) - raft.server.rpc.timeout.max = 1200ms (custom)
2019-10-28 08:19:25,113 [pool-560-thread-1] INFO  server.RaftServerConfigKeys (ConfUtils.java:logGet(43)) - raft.server.rpcslowness.timeout = 120s (custom)
2019-10-28 08:19:25,113 [pool-560-thread-1] INFO  server.RaftServerConfigKeys (ConfUtils.java:logGet(43)) - raft.server.sleep.deviation.threshold = 300 (default)
2019-10-28 08:19:25,113 [pool-560-thread-1] INFO  server.RaftServerConfigKeys (ConfUtils.java:logGet(43)) - raft.server.log.appender.install.snapshot.enabled = false (custom)
2019-10-28 08:19:25,113 [pool-560-thread-1] INFO  impl.RaftServerImpl (ServerState.java:<init>(103)) - c538bdf1-684e-4089-9cc6-6fa0b44fa7c7@group-48A25AF6ED92: ConfigurationManager, init=-1: [c538bdf1-684e-4089-9cc6-6fa0b44fa7c7:192.168.34.22:38247], old=null, confs=<EMPTY_MAP>
2019-10-28 08:19:25,113 [pool-560-thread-1] INFO  server.RaftServerConfigKeys (ConfUtils.java:logGet(43)) - raft.server.storage.dir = [/workdir/hadoop-ozone/integration-test/target/test-dir/MiniOzoneClusterImpl-15e79e0b-a28f-4a98-99e1-aed18379cb8e/datanode-5/data/ratis] (custom)
2019-10-28 08:19:25,114 [pool-560-thread-1] INFO  server.RaftServerConfigKeys (ConfUtils.java:logGet(43)) - raft.server.log.corruption.policy = EXCEPTION (default)
2019-10-28 08:19:25,114 [pool-560-thread-1] INFO  storage.RaftStorageDirectory (RaftStorageDirectory.java:analyzeStorage(246)) - The storage directory /workdir/hadoop-ozone/integration-test/target/test-dir/MiniOzoneClusterImpl-15e79e0b-a28f-4a98-99e1-aed18379cb8e/datanode-5/data/ratis/0b542590-6ab8-40df-8ef2-48a25af6ed92 does not exist. Creating ...
2019-10-28 08:19:25,127 [pool-560-thread-1] INFO  storage.RaftStorageDirectory (RaftStorageDirectory.java:tryLock(328)) - Lock on /workdir/hadoop-ozone/integration-test/target/test-dir/MiniOzoneClusterImpl-15e79e0b-a28f-4a98-99e1-aed18379cb8e/datanode-5/data/ratis/0b542590-6ab8-40df-8ef2-48a25af6ed92/in_use.lock acquired by nodename 2894@pr-hdds-1569-5jqvn-3828718746
2019-10-28 08:19:25,129 [IPC Server handler 1 on 46334] INFO  net.NetworkTopology (NetworkTopologyImpl.java:add(111)) - Added a new node: /rack1/491ad50e-3375-4589-a02d-0269379b43b4
2019-10-28 08:19:25,129 [IPC Server handler 1 on 46334] INFO  node.SCMNodeManager (SCMNodeManager.java:register(268)) - Registered Data node : 491ad50e-3375-4589-a02d-0269379b43b4{ip: 192.168.34.22, host: pr-hdds-1569-5jqvn-3828718746, networkLocation: /rack1, certSerialId: null}
2019-10-28 08:19:25,141 [pool-560-thread-1] INFO  storage.RaftStorage (RaftStorage.java:format(84)) - Storage directory /workdir/hadoop-ozone/integration-test/target/test-dir/MiniOzoneClusterImpl-15e79e0b-a28f-4a98-99e1-aed18379cb8e/datanode-5/data/ratis/0b542590-6ab8-40df-8ef2-48a25af6ed92 has been successfully formatted.
2019-10-28 08:19:25,141 [pool-560-thread-1] INFO  ratis.ContainerStateMachine (ContainerStateMachine.java:loadSnapshot(231)) - group-48A25AF6ED92: The snapshot info is null. Setting the last applied indexto:(t:0, i:~)
2019-10-28 08:19:25,141 [pool-560-thread-1] INFO  server.RaftServerConfigKeys (ConfUtils.java:logGet(43)) - raft.server.notification.no-leader.timeout = 120s (custom)
2019-10-28 08:19:25,141 [pool-560-thread-1] INFO  server.RaftServerConfigKeys (ConfUtils.java:logGet(43)) - raft.server.log.use.memory = false (default)
2019-10-28 08:19:25,142 [pool-560-thread-1] INFO  server.RaftServerConfigKeys (ConfUtils.java:logGet(43)) - raft.server.log.purge.gap = 1000000 (custom)
2019-10-28 08:19:25,142 [pool-560-thread-1] INFO  server.RaftServerConfigKeys (ConfUtils.java:logGet(43)) - raft.server.log.appender.buffer.byte-limit = 33554432 (custom)
2019-10-28 08:19:25,142 [pool-560-thread-1] INFO  server.RaftServerConfigKeys (ConfUtils.java:logGet(43)) - raft.server.log.segment.size.max = 1048576 (custom)
2019-10-28 08:19:25,144 [pool-560-thread-1] INFO  server.RaftServerConfigKeys (ConfUtils.java:logGet(43)) - raft.server.log.segment.cache.num.max = 2 (custom)
2019-10-28 08:19:25,144 [pool-560-thread-1] INFO  segmented.SegmentedRaftLogWorker (SegmentedRaftLogWorker.java:<init>(173)) - new c538bdf1-684e-4089-9cc6-6fa0b44fa7c7@group-48A25AF6ED92-SegmentedRaftLogWorker for RaftStorage:Storage Directory /workdir/hadoop-ozone/integration-test/target/test-dir/MiniOzoneClusterImpl-15e79e0b-a28f-4a98-99e1-aed18379cb8e/datanode-5/data/ratis/0b542590-6ab8-40df-8ef2-48a25af6ed92
2019-10-28 08:19:25,144 [pool-560-thread-1] INFO  server.RaftServerConfigKeys (ConfUtils.java:logGet(43)) - raft.server.log.queue.byte-limit = 2147483647 (custom)
2019-10-28 08:19:25,144 [pool-560-thread-1] INFO  server.RaftServerConfigKeys (ConfUtils.java:logGet(43)) - raft.server.log.queue.element-limit = 1024 (custom)
2019-10-28 08:19:25,144 [pool-560-thread-1] INFO  server.RaftServerConfigKeys (ConfUtils.java:logGet(43)) - raft.server.log.segment.size.max = 1048576 (custom)
2019-10-28 08:19:25,144 [pool-560-thread-1] INFO  server.RaftServerConfigKeys (ConfUtils.java:logGet(43)) - raft.server.log.preallocated.size = 16384 (custom)
2019-10-28 08:19:25,145 [pool-560-thread-1] INFO  server.RaftServerConfigKeys (ConfUtils.java:logGet(43)) - raft.server.log.write.buffer.size = 33554432 (custom)
2019-10-28 08:19:25,145 [pool-560-thread-1] INFO  server.RaftServerConfigKeys (ConfUtils.java:logGet(43)) - raft.server.log.force.sync.num = 128 (default)
2019-10-28 08:19:25,145 [pool-560-thread-1] INFO  server.RaftServerConfigKeys (ConfUtils.java:logGet(43)) - raft.server.log.statemachine.data.sync = true (default)
2019-10-28 08:19:25,145 [pool-560-thread-1] INFO  server.RaftServerConfigKeys (ConfUtils.java:logGet(43)) - raft.server.log.statemachine.data.sync.timeout = 10s (default)
2019-10-28 08:19:25,145 [pool-560-thread-1] INFO  server.RaftServerConfigKeys (ConfUtils.java:logGet(43)) - raft.server.log.statemachine.data.sync.timeout.retry = -1 (default)
2019-10-28 08:19:25,146 [pool-560-thread-1] INFO  server.RaftServerConfigKeys (ConfUtils.java:logGet(43)) - raft.server.log.statemachine.data.caching.enabled = true (custom)
2019-10-28 08:19:25,146 [pool-560-thread-1] INFO  segmented.SegmentedRaftLogWorker (SegmentedRaftLogWorker.java:lambda$new$0(128)) - c538bdf1-684e-4089-9cc6-6fa0b44fa7c7@group-48A25AF6ED92-SegmentedRaftLogWorker: flushIndex: setUnconditionally 0 -> -1
2019-10-28 08:19:25,146 [pool-560-thread-1] INFO  server.RaftServerConfigKeys (ConfUtils.java:logGet(43)) - raft.server.snapshot.auto.trigger.enabled = true (custom)
2019-10-28 08:19:25,146 [pool-560-thread-1] INFO  server.RaftServerConfigKeys (ConfUtils.java:logGet(43)) - raft.server.snapshot.auto.trigger.threshold = 10000 (custom)
2019-10-28 08:19:25,147 [pool-560-thread-1] INFO  server.RaftServerConfigKeys (ConfUtils.java:logGet(43)) - raft.server.snapshot.retention.file.num = 5 (custom)
2019-10-28 08:19:25,147 [pool-560-thread-1] INFO  server.RaftServerConfigKeys (ConfUtils.java:logGet(43)) - raft.server.retrycache.expirytime = 600000ms (custom)
2019-10-28 08:19:25,148 [pool-560-thread-1] INFO  impl.RaftServerImpl (RaftServerImpl.java:start(181)) - c538bdf1-684e-4089-9cc6-6fa0b44fa7c7@group-48A25AF6ED92: start as a follower, conf=-1: [c538bdf1-684e-4089-9cc6-6fa0b44fa7c7:192.168.34.22:38247], old=null
2019-10-28 08:19:25,149 [pool-560-thread-1] INFO  impl.RaftServerImpl (RaftServerImpl.java:setRole(170)) - c538bdf1-684e-4089-9cc6-6fa0b44fa7c7@group-48A25AF6ED92: changes role from      null to FOLLOWER at term 0 for startAsFollower
2019-10-28 08:19:25,149 [pool-560-thread-1] INFO  impl.RoleInfo (RoleInfo.java:updateAndGet(143)) - c538bdf1-684e-4089-9cc6-6fa0b44fa7c7: start FollowerState
2019-10-28 08:19:25,149 [pool-560-thread-1] INFO  util.JmxRegister (JmxRegister.java:tryRegister(44)) - Successfully registered JMX Bean with object name Ratis:service=RaftServer,group=group-48A25AF6ED92,id=c538bdf1-684e-4089-9cc6-6fa0b44fa7c7
2019-10-28 08:19:25,153 [RatisPipelineUtilsThread] INFO  pipeline.PipelineStateManager (PipelineStateManager.java:addPipeline(56)) - Created pipeline Pipeline[ Id: 0b542590-6ab8-40df-8ef2-48a25af6ed92, Nodes: c538bdf1-684e-4089-9cc6-6fa0b44fa7c7{ip: 192.168.34.22, host: pr-hdds-1569-5jqvn-3828718746, networkLocation: /rack1, certSerialId: null}, Type:RATIS, Factor:ONE, State:OPEN]
2019-10-28 08:19:25,160 [grpc-default-executor-7] INFO  impl.RaftServerProxy (RaftServerProxy.java:addNew(89)) - 491ad50e-3375-4589-a02d-0269379b43b4: addNew group-D57F3B3CFE7B:[491ad50e-3375-4589-a02d-0269379b43b4:192.168.34.22:34561] returns group-D57F3B3CFE7B:java.util.concurrent.CompletableFuture@39ad0afe[Not completed]
2019-10-28 08:19:25,162 [pool-590-thread-1] INFO  impl.RaftServerImpl (RaftServerImpl.java:<init>(95)) - 491ad50e-3375-4589-a02d-0269379b43b4: new RaftServerImpl for group-D57F3B3CFE7B:[491ad50e-3375-4589-a02d-0269379b43b4:192.168.34.22:34561] with ContainerStateMachine:uninitialized
2019-10-28 08:19:25,162 [pool-590-thread-1] INFO  server.RaftServerConfigKeys (ConfUtils.java:logGet(43)) - raft.server.rpc.timeout.min = 1s (custom)
2019-10-28 08:19:25,162 [pool-590-thread-1] INFO  server.RaftServerConfigKeys (ConfUtils.java:logGet(43)) - raft.server.rpc.timeout.max = 1200ms (custom)
2019-10-28 08:19:25,162 [pool-590-thread-1] INFO  server.RaftServerConfigKeys (ConfUtils.java:logGet(43)) - raft.server.rpcslowness.timeout = 120s (custom)
2019-10-28 08:19:25,162 [pool-590-thread-1] INFO  server.RaftServerConfigKeys (ConfUtils.java:logGet(43)) - raft.server.sleep.deviation.threshold = 300 (default)
2019-10-28 08:19:25,162 [pool-590-thread-1] INFO  server.RaftServerConfigKeys (ConfUtils.java:logGet(43)) - raft.server.log.appender.install.snapshot.enabled = false (custom)
2019-10-28 08:19:25,162 [pool-590-thread-1] INFO  impl.RaftServerImpl (ServerState.java:<init>(103)) - 491ad50e-3375-4589-a02d-0269379b43b4@group-D57F3B3CFE7B: ConfigurationManager, init=-1: [491ad50e-3375-4589-a02d-0269379b43b4:192.168.34.22:34561], old=null, confs=<EMPTY_MAP>
2019-10-28 08:19:25,163 [pool-590-thread-1] INFO  server.RaftServerConfigKeys (ConfUtils.java:logGet(43)) - raft.server.storage.dir = [/workdir/hadoop-ozone/integration-test/target/test-dir/MiniOzoneClusterImpl-15e79e0b-a28f-4a98-99e1-aed18379cb8e/datanode-8/data/ratis] (custom)
2019-10-28 08:19:25,163 [pool-590-thread-1] INFO  server.RaftServerConfigKeys (ConfUtils.java:logGet(43)) - raft.server.log.corruption.policy = EXCEPTION (default)
2019-10-28 08:19:25,163 [pool-590-thread-1] INFO  storage.RaftStorageDirectory (RaftStorageDirectory.java:analyzeStorage(246)) - The storage directory /workdir/hadoop-ozone/integration-test/target/test-dir/MiniOzoneClusterImpl-15e79e0b-a28f-4a98-99e1-aed18379cb8e/datanode-8/data/ratis/6efd2b6a-ce4f-4577-8a86-d57f3b3cfe7b does not exist. Creating ...
2019-10-28 08:19:25,176 [pool-590-thread-1] INFO  storage.RaftStorageDirectory (RaftStorageDirectory.java:tryLock(328)) - Lock on /workdir/hadoop-ozone/integration-test/target/test-dir/MiniOzoneClusterImpl-15e79e0b-a28f-4a98-99e1-aed18379cb8e/datanode-8/data/ratis/6efd2b6a-ce4f-4577-8a86-d57f3b3cfe7b/in_use.lock acquired by nodename 2894@pr-hdds-1569-5jqvn-3828718746
2019-10-28 08:19:25,190 [pool-590-thread-1] INFO  storage.RaftStorage (RaftStorage.java:format(84)) - Storage directory /workdir/hadoop-ozone/integration-test/target/test-dir/MiniOzoneClusterImpl-15e79e0b-a28f-4a98-99e1-aed18379cb8e/datanode-8/data/ratis/6efd2b6a-ce4f-4577-8a86-d57f3b3cfe7b has been successfully formatted.
2019-10-28 08:19:25,190 [pool-590-thread-1] INFO  ratis.ContainerStateMachine (ContainerStateMachine.java:loadSnapshot(231)) - group-D57F3B3CFE7B: The snapshot info is null. Setting the last applied indexto:(t:0, i:~)
2019-10-28 08:19:25,190 [pool-590-thread-1] INFO  server.RaftServerConfigKeys (ConfUtils.java:logGet(43)) - raft.server.notification.no-leader.timeout = 120s (custom)
2019-10-28 08:19:25,190 [pool-590-thread-1] INFO  server.RaftServerConfigKeys (ConfUtils.java:logGet(43)) - raft.server.log.use.memory = false (default)
2019-10-28 08:19:25,191 [pool-590-thread-1] INFO  server.RaftServerConfigKeys (ConfUtils.java:logGet(43)) - raft.server.log.purge.gap = 1000000 (custom)
2019-10-28 08:19:25,191 [pool-590-thread-1] INFO  server.RaftServerConfigKeys (ConfUtils.java:logGet(43)) - raft.server.log.appender.buffer.byte-limit = 33554432 (custom)
2019-10-28 08:19:25,191 [pool-590-thread-1] INFO  server.RaftServerConfigKeys (ConfUtils.java:logGet(43)) - raft.server.log.segment.size.max = 1048576 (custom)
2019-10-28 08:19:25,193 [pool-590-thread-1] INFO  server.RaftServerConfigKeys (ConfUtils.java:logGet(43)) - raft.server.log.segment.cache.num.max = 2 (custom)
2019-10-28 08:19:25,193 [pool-590-thread-1] INFO  segmented.SegmentedRaftLogWorker (SegmentedRaftLogWorker.java:<init>(173)) - new 491ad50e-3375-4589-a02d-0269379b43b4@group-D57F3B3CFE7B-SegmentedRaftLogWorker for RaftStorage:Storage Directory /workdir/hadoop-ozone/integration-test/target/test-dir/MiniOzoneClusterImpl-15e79e0b-a28f-4a98-99e1-aed18379cb8e/datanode-8/data/ratis/6efd2b6a-ce4f-4577-8a86-d57f3b3cfe7b
2019-10-28 08:19:25,193 [pool-590-thread-1] INFO  server.RaftServerConfigKeys (ConfUtils.java:logGet(43)) - raft.server.log.queue.byte-limit = 2147483647 (custom)
2019-10-28 08:19:25,193 [pool-590-thread-1] INFO  server.RaftServerConfigKeys (ConfUtils.java:logGet(43)) - raft.server.log.queue.element-limit = 1024 (custom)
2019-10-28 08:19:25,193 [pool-590-thread-1] INFO  server.RaftServerConfigKeys (ConfUtils.java:logGet(43)) - raft.server.log.segment.size.max = 1048576 (custom)
2019-10-28 08:19:25,193 [pool-590-thread-1] INFO  server.RaftServerConfigKeys (ConfUtils.java:logGet(43)) - raft.server.log.preallocated.size = 16384 (custom)
2019-10-28 08:19:25,193 [pool-590-thread-1] INFO  server.RaftServerConfigKeys (ConfUtils.java:logGet(43)) - raft.server.log.write.buffer.size = 33554432 (custom)
2019-10-28 08:19:25,193 [pool-590-thread-1] INFO  server.RaftServerConfigKeys (ConfUtils.java:logGet(43)) - raft.server.log.force.sync.num = 128 (default)
2019-10-28 08:19:25,194 [pool-590-thread-1] INFO  server.RaftServerConfigKeys (ConfUtils.java:logGet(43)) - raft.server.log.statemachine.data.sync = true (default)
2019-10-28 08:19:25,194 [pool-590-thread-1] INFO  server.RaftServerConfigKeys (ConfUtils.java:logGet(43)) - raft.server.log.statemachine.data.sync.timeout = 10s (default)
2019-10-28 08:19:25,194 [pool-590-thread-1] INFO  server.RaftServerConfigKeys (ConfUtils.java:logGet(43)) - raft.server.log.statemachine.data.sync.timeout.retry = -1 (default)
2019-10-28 08:19:25,194 [pool-590-thread-1] INFO  server.RaftServerConfigKeys (ConfUtils.java:logGet(43)) - raft.server.log.statemachine.data.caching.enabled = true (custom)
2019-10-28 08:19:25,194 [pool-590-thread-1] INFO  segmented.SegmentedRaftLogWorker (SegmentedRaftLogWorker.java:lambda$new$0(128)) - 491ad50e-3375-4589-a02d-0269379b43b4@group-D57F3B3CFE7B-SegmentedRaftLogWorker: flushIndex: setUnconditionally 0 -> -1
2019-10-28 08:19:25,195 [pool-590-thread-1] INFO  server.RaftServerConfigKeys (ConfUtils.java:logGet(43)) - raft.server.snapshot.auto.trigger.enabled = true (custom)
2019-10-28 08:19:25,195 [pool-590-thread-1] INFO  server.RaftServerConfigKeys (ConfUtils.java:logGet(43)) - raft.server.snapshot.auto.trigger.threshold = 10000 (custom)
2019-10-28 08:19:25,195 [pool-590-thread-1] INFO  server.RaftServerConfigKeys (ConfUtils.java:logGet(43)) - raft.server.snapshot.retention.file.num = 5 (custom)
2019-10-28 08:19:25,195 [pool-590-thread-1] INFO  server.RaftServerConfigKeys (ConfUtils.java:logGet(43)) - raft.server.retrycache.expirytime = 600000ms (custom)
2019-10-28 08:19:25,197 [pool-590-thread-1] INFO  impl.RaftServerImpl (RaftServerImpl.java:start(181)) - 491ad50e-3375-4589-a02d-0269379b43b4@group-D57F3B3CFE7B: start as a follower, conf=-1: [491ad50e-3375-4589-a02d-0269379b43b4:192.168.34.22:34561], old=null
2019-10-28 08:19:25,197 [pool-590-thread-1] INFO  impl.RaftServerImpl (RaftServerImpl.java:setRole(170)) - 491ad50e-3375-4589-a02d-0269379b43b4@group-D57F3B3CFE7B: changes role from      null to FOLLOWER at term 0 for startAsFollower
2019-10-28 08:19:25,197 [pool-590-thread-1] INFO  impl.RoleInfo (RoleInfo.java:updateAndGet(143)) - 491ad50e-3375-4589-a02d-0269379b43b4: start FollowerState
2019-10-28 08:19:25,197 [pool-590-thread-1] INFO  util.JmxRegister (JmxRegister.java:tryRegister(44)) - Successfully registered JMX Bean with object name Ratis:service=RaftServer,group=group-D57F3B3CFE7B,id=491ad50e-3375-4589-a02d-0269379b43b4
2019-10-28 08:19:25,198 [IPC Server handler 7 on 46334] INFO  net.NetworkTopology (NetworkTopologyImpl.java:add(111)) - Added a new node: /rack1/6f05e68d-03c1-4824-99f0-3d21915cda5b
2019-10-28 08:19:25,198 [IPC Server handler 7 on 46334] INFO  node.SCMNodeManager (SCMNodeManager.java:register(268)) - Registered Data node : 6f05e68d-03c1-4824-99f0-3d21915cda5b{ip: 192.168.34.22, host: pr-hdds-1569-5jqvn-3828718746, networkLocation: /rack1, certSerialId: null}
2019-10-28 08:19:25,201 [RatisPipelineUtilsThread] INFO  pipeline.PipelineStateManager (PipelineStateManager.java:addPipeline(56)) - Created pipeline Pipeline[ Id: 6efd2b6a-ce4f-4577-8a86-d57f3b3cfe7b, Nodes: 491ad50e-3375-4589-a02d-0269379b43b4{ip: 192.168.34.22, host: pr-hdds-1569-5jqvn-3828718746, networkLocation: /rack1, certSerialId: null}, Type:RATIS, Factor:ONE, State:OPEN]
2019-10-28 08:19:25,211 [grpc-default-executor-7] INFO  impl.RaftServerProxy (RaftServerProxy.java:addNew(89)) - 2aa3b7c6-b90d-4752-89e9-33d25dd86bbd: addNew group-683C6387B75B:[2aa3b7c6-b90d-4752-89e9-33d25dd86bbd:192.168.34.22:43904] returns group-683C6387B75B:java.util.concurrent.CompletableFuture@46483e4d[Not completed]
2019-10-28 08:19:25,212 [pool-570-thread-1] INFO  impl.RaftServerImpl (RaftServerImpl.java:<init>(95)) - 2aa3b7c6-b90d-4752-89e9-33d25dd86bbd: new RaftServerImpl for group-683C6387B75B:[2aa3b7c6-b90d-4752-89e9-33d25dd86bbd:192.168.34.22:43904] with ContainerStateMachine:uninitialized
2019-10-28 08:19:25,212 [pool-570-thread-1] INFO  server.RaftServerConfigKeys (ConfUtils.java:logGet(43)) - raft.server.rpc.timeout.min = 1s (custom)
2019-10-28 08:19:25,212 [pool-570-thread-1] INFO  server.RaftServerConfigKeys (ConfUtils.java:logGet(43)) - raft.server.rpc.timeout.max = 1200ms (custom)
2019-10-28 08:19:25,213 [pool-570-thread-1] INFO  server.RaftServerConfigKeys (ConfUtils.java:logGet(43)) - raft.server.rpcslowness.timeout = 120s (custom)
2019-10-28 08:19:25,213 [pool-570-thread-1] INFO  server.RaftServerConfigKeys (ConfUtils.java:logGet(43)) - raft.server.sleep.deviation.threshold = 300 (default)
2019-10-28 08:19:25,213 [pool-570-thread-1] INFO  server.RaftServerConfigKeys (ConfUtils.java:logGet(43)) - raft.server.log.appender.install.snapshot.enabled = false (custom)
2019-10-28 08:19:25,213 [pool-570-thread-1] INFO  impl.RaftServerImpl (ServerState.java:<init>(103)) - 2aa3b7c6-b90d-4752-89e9-33d25dd86bbd@group-683C6387B75B: ConfigurationManager, init=-1: [2aa3b7c6-b90d-4752-89e9-33d25dd86bbd:192.168.34.22:43904], old=null, confs=<EMPTY_MAP>
2019-10-28 08:19:25,213 [pool-570-thread-1] INFO  server.RaftServerConfigKeys (ConfUtils.java:logGet(43)) - raft.server.storage.dir = [/workdir/hadoop-ozone/integration-test/target/test-dir/MiniOzoneClusterImpl-15e79e0b-a28f-4a98-99e1-aed18379cb8e/datanode-6/data/ratis] (custom)
2019-10-28 08:19:25,213 [pool-570-thread-1] INFO  server.RaftServerConfigKeys (ConfUtils.java:logGet(43)) - raft.server.log.corruption.policy = EXCEPTION (default)
2019-10-28 08:19:25,214 [pool-570-thread-1] INFO  storage.RaftStorageDirectory (RaftStorageDirectory.java:analyzeStorage(246)) - The storage directory /workdir/hadoop-ozone/integration-test/target/test-dir/MiniOzoneClusterImpl-15e79e0b-a28f-4a98-99e1-aed18379cb8e/datanode-6/data/ratis/a64237ac-a335-4f60-a2a1-683c6387b75b does not exist. Creating ...
2019-10-28 08:19:25,227 [pool-570-thread-1] INFO  storage.RaftStorageDirectory (RaftStorageDirectory.java:tryLock(328)) - Lock on /workdir/hadoop-ozone/integration-test/target/test-dir/MiniOzoneClusterImpl-15e79e0b-a28f-4a98-99e1-aed18379cb8e/datanode-6/data/ratis/a64237ac-a335-4f60-a2a1-683c6387b75b/in_use.lock acquired by nodename 2894@pr-hdds-1569-5jqvn-3828718746
2019-10-28 08:19:25,256 [main] INFO  ozone.MiniOzoneClusterImpl (MiniOzoneClusterImpl.java:lambda$waitForClusterToBeReady$0(147)) - Cluster is ready. Got 10 of 10 DN Heartbeats.
2019-10-28 08:19:25,279 [pool-570-thread-1] INFO  storage.RaftStorage (RaftStorage.java:format(84)) - Storage directory /workdir/hadoop-ozone/integration-test/target/test-dir/MiniOzoneClusterImpl-15e79e0b-a28f-4a98-99e1-aed18379cb8e/datanode-6/data/ratis/a64237ac-a335-4f60-a2a1-683c6387b75b has been successfully formatted.
2019-10-28 08:19:25,283 [pool-570-thread-1] INFO  ratis.ContainerStateMachine (ContainerStateMachine.java:loadSnapshot(231)) - group-683C6387B75B: The snapshot info is null. Setting the last applied indexto:(t:0, i:~)
2019-10-28 08:19:25,283 [pool-570-thread-1] INFO  server.RaftServerConfigKeys (ConfUtils.java:logGet(43)) - raft.server.notification.no-leader.timeout = 120s (custom)
2019-10-28 08:19:25,283 [pool-570-thread-1] INFO  server.RaftServerConfigKeys (ConfUtils.java:logGet(43)) - raft.server.log.use.memory = false (default)
2019-10-28 08:19:25,283 [pool-570-thread-1] INFO  server.RaftServerConfigKeys (ConfUtils.java:logGet(43)) - raft.server.log.purge.gap = 1000000 (custom)
2019-10-28 08:19:25,283 [pool-570-thread-1] INFO  server.RaftServerConfigKeys (ConfUtils.java:logGet(43)) - raft.server.log.appender.buffer.byte-limit = 33554432 (custom)
2019-10-28 08:19:25,283 [pool-570-thread-1] INFO  server.RaftServerConfigKeys (ConfUtils.java:logGet(43)) - raft.server.log.segment.size.max = 1048576 (custom)
2019-10-28 08:19:25,285 [pool-570-thread-1] INFO  server.RaftServerConfigKeys (ConfUtils.java:logGet(43)) - raft.server.log.segment.cache.num.max = 2 (custom)
2019-10-28 08:19:25,285 [pool-570-thread-1] INFO  segmented.SegmentedRaftLogWorker (SegmentedRaftLogWorker.java:<init>(173)) - new 2aa3b7c6-b90d-4752-89e9-33d25dd86bbd@group-683C6387B75B-SegmentedRaftLogWorker for RaftStorage:Storage Directory /workdir/hadoop-ozone/integration-test/target/test-dir/MiniOzoneClusterImpl-15e79e0b-a28f-4a98-99e1-aed18379cb8e/datanode-6/data/ratis/a64237ac-a335-4f60-a2a1-683c6387b75b
2019-10-28 08:19:25,285 [pool-570-thread-1] INFO  server.RaftServerConfigKeys (ConfUtils.java:logGet(43)) - raft.server.log.queue.byte-limit = 2147483647 (custom)
2019-10-28 08:19:25,285 [pool-570-thread-1] INFO  server.RaftServerConfigKeys (ConfUtils.java:logGet(43)) - raft.server.log.queue.element-limit = 1024 (custom)
2019-10-28 08:19:25,285 [pool-570-thread-1] INFO  server.RaftServerConfigKeys (ConfUtils.java:logGet(43)) - raft.server.log.segment.size.max = 1048576 (custom)
2019-10-28 08:19:25,285 [pool-570-thread-1] INFO  server.RaftServerConfigKeys (ConfUtils.java:logGet(43)) - raft.server.log.preallocated.size = 16384 (custom)
2019-10-28 08:19:25,285 [pool-570-thread-1] INFO  server.RaftServerConfigKeys (ConfUtils.java:logGet(43)) - raft.server.log.write.buffer.size = 33554432 (custom)
2019-10-28 08:19:25,285 [pool-570-thread-1] INFO  server.RaftServerConfigKeys (ConfUtils.java:logGet(43)) - raft.server.log.force.sync.num = 128 (default)
2019-10-28 08:19:25,285 [pool-570-thread-1] INFO  server.RaftServerConfigKeys (ConfUtils.java:logGet(43)) - raft.server.log.statemachine.data.sync = true (default)
2019-10-28 08:19:25,285 [pool-570-thread-1] INFO  server.RaftServerConfigKeys (ConfUtils.java:logGet(43)) - raft.server.log.statemachine.data.sync.timeout = 10s (default)
2019-10-28 08:19:25,286 [pool-570-thread-1] INFO  server.RaftServerConfigKeys (ConfUtils.java:logGet(43)) - raft.server.log.statemachine.data.sync.timeout.retry = -1 (default)
2019-10-28 08:19:25,286 [pool-570-thread-1] INFO  server.RaftServerConfigKeys (ConfUtils.java:logGet(43)) - raft.server.log.statemachine.data.caching.enabled = true (custom)
2019-10-28 08:19:25,286 [pool-570-thread-1] INFO  segmented.SegmentedRaftLogWorker (SegmentedRaftLogWorker.java:lambda$new$0(128)) - 2aa3b7c6-b90d-4752-89e9-33d25dd86bbd@group-683C6387B75B-SegmentedRaftLogWorker: flushIndex: setUnconditionally 0 -> -1
2019-10-28 08:19:25,286 [pool-570-thread-1] INFO  server.RaftServerConfigKeys (ConfUtils.java:logGet(43)) - raft.server.snapshot.auto.trigger.enabled = true (custom)
2019-10-28 08:19:25,286 [pool-570-thread-1] INFO  server.RaftServerConfigKeys (ConfUtils.java:logGet(43)) - raft.server.snapshot.auto.trigger.threshold = 10000 (custom)
2019-10-28 08:19:25,287 [pool-570-thread-1] INFO  server.RaftServerConfigKeys (ConfUtils.java:logGet(43)) - raft.server.snapshot.retention.file.num = 5 (custom)
2019-10-28 08:19:25,287 [pool-570-thread-1] INFO  server.RaftServerConfigKeys (ConfUtils.java:logGet(43)) - raft.server.retrycache.expirytime = 600000ms (custom)
2019-10-28 08:19:25,290 [pool-570-thread-1] INFO  impl.RaftServerImpl (RaftServerImpl.java:start(181)) - 2aa3b7c6-b90d-4752-89e9-33d25dd86bbd@group-683C6387B75B: start as a follower, conf=-1: [2aa3b7c6-b90d-4752-89e9-33d25dd86bbd:192.168.34.22:43904], old=null
2019-10-28 08:19:25,290 [pool-570-thread-1] INFO  impl.RaftServerImpl (RaftServerImpl.java:setRole(170)) - 2aa3b7c6-b90d-4752-89e9-33d25dd86bbd@group-683C6387B75B: changes role from      null to FOLLOWER at term 0 for startAsFollower
2019-10-28 08:19:25,290 [pool-570-thread-1] INFO  impl.RoleInfo (RoleInfo.java:updateAndGet(143)) - 2aa3b7c6-b90d-4752-89e9-33d25dd86bbd: start FollowerState
2019-10-28 08:19:25,290 [pool-570-thread-1] INFO  util.JmxRegister (JmxRegister.java:tryRegister(44)) - Successfully registered JMX Bean with object name Ratis:service=RaftServer,group=group-683C6387B75B,id=2aa3b7c6-b90d-4752-89e9-33d25dd86bbd
2019-10-28 08:19:25,292 [main] INFO  rpc.RpcClient (RpcClient.java:createVolume(272)) - Creating Volume: datanodefailurehandlingtest, with jenkins1000 as owner.
2019-10-28 08:19:25,294 [RatisPipelineUtilsThread] INFO  pipeline.PipelineStateManager (PipelineStateManager.java:addPipeline(56)) - Created pipeline Pipeline[ Id: a64237ac-a335-4f60-a2a1-683c6387b75b, Nodes: 2aa3b7c6-b90d-4752-89e9-33d25dd86bbd{ip: 192.168.34.22, host: pr-hdds-1569-5jqvn-3828718746, networkLocation: /rack1, certSerialId: null}, Type:RATIS, Factor:ONE, State:OPEN]
2019-10-28 08:19:25,296 [IPC Server handler 3 on 42157] INFO  volume.OMVolumeCreateRequest (OMVolumeCreateRequest.java:validateAndUpdateCache(193)) - created volume:datanodefailurehandlingtest for user:jenkins1000
2019-10-28 08:19:25,303 [grpc-default-executor-7] INFO  impl.RaftServerProxy (RaftServerProxy.java:addNew(89)) - 6f05e68d-03c1-4824-99f0-3d21915cda5b: addNew group-DAAD082E1ED7:[6f05e68d-03c1-4824-99f0-3d21915cda5b:192.168.34.22:36489] returns group-DAAD082E1ED7:java.util.concurrent.CompletableFuture@58651ac4[Not completed]
2019-10-28 08:19:25,311 [pool-600-thread-1] INFO  impl.RaftServerImpl (RaftServerImpl.java:<init>(95)) - 6f05e68d-03c1-4824-99f0-3d21915cda5b: new RaftServerImpl for group-DAAD082E1ED7:[6f05e68d-03c1-4824-99f0-3d21915cda5b:192.168.34.22:36489] with ContainerStateMachine:uninitialized
2019-10-28 08:19:25,311 [pool-600-thread-1] INFO  server.RaftServerConfigKeys (ConfUtils.java:logGet(43)) - raft.server.rpc.timeout.min = 1s (custom)
2019-10-28 08:19:25,311 [pool-600-thread-1] INFO  server.RaftServerConfigKeys (ConfUtils.java:logGet(43)) - raft.server.rpc.timeout.max = 1200ms (custom)
2019-10-28 08:19:25,311 [pool-600-thread-1] INFO  server.RaftServerConfigKeys (ConfUtils.java:logGet(43)) - raft.server.rpcslowness.timeout = 120s (custom)
2019-10-28 08:19:25,311 [pool-600-thread-1] INFO  server.RaftServerConfigKeys (ConfUtils.java:logGet(43)) - raft.server.sleep.deviation.threshold = 300 (default)
2019-10-28 08:19:25,312 [pool-600-thread-1] INFO  server.RaftServerConfigKeys (ConfUtils.java:logGet(43)) - raft.server.log.appender.install.snapshot.enabled = false (custom)
2019-10-28 08:19:25,312 [main] INFO  rpc.RpcClient (RpcClient.java:createBucket(411)) - Creating Bucket: datanodefailurehandlingtest/datanodefailurehandlingtest, with Versioning false and Storage Type set to DISK and Encryption set to false 
2019-10-28 08:19:25,312 [pool-600-thread-1] INFO  impl.RaftServerImpl (ServerState.java:<init>(103)) - 6f05e68d-03c1-4824-99f0-3d21915cda5b@group-DAAD082E1ED7: ConfigurationManager, init=-1: [6f05e68d-03c1-4824-99f0-3d21915cda5b:192.168.34.22:36489], old=null, confs=<EMPTY_MAP>
2019-10-28 08:19:25,312 [pool-600-thread-1] INFO  server.RaftServerConfigKeys (ConfUtils.java:logGet(43)) - raft.server.storage.dir = [/workdir/hadoop-ozone/integration-test/target/test-dir/MiniOzoneClusterImpl-15e79e0b-a28f-4a98-99e1-aed18379cb8e/datanode-9/data/ratis] (custom)
2019-10-28 08:19:25,312 [pool-600-thread-1] INFO  server.RaftServerConfigKeys (ConfUtils.java:logGet(43)) - raft.server.log.corruption.policy = EXCEPTION (default)
2019-10-28 08:19:25,312 [pool-600-thread-1] INFO  storage.RaftStorageDirectory (RaftStorageDirectory.java:analyzeStorage(246)) - The storage directory /workdir/hadoop-ozone/integration-test/target/test-dir/MiniOzoneClusterImpl-15e79e0b-a28f-4a98-99e1-aed18379cb8e/datanode-9/data/ratis/4d4b947c-ec21-44ba-b8ae-daad082e1ed7 does not exist. Creating ...
2019-10-28 08:19:25,316 [pool-600-thread-1] INFO  storage.RaftStorageDirectory (RaftStorageDirectory.java:tryLock(328)) - Lock on /workdir/hadoop-ozone/integration-test/target/test-dir/MiniOzoneClusterImpl-15e79e0b-a28f-4a98-99e1-aed18379cb8e/datanode-9/data/ratis/4d4b947c-ec21-44ba-b8ae-daad082e1ed7/in_use.lock acquired by nodename 2894@pr-hdds-1569-5jqvn-3828718746
2019-10-28 08:19:25,320 [pool-600-thread-1] INFO  storage.RaftStorage (RaftStorage.java:format(84)) - Storage directory /workdir/hadoop-ozone/integration-test/target/test-dir/MiniOzoneClusterImpl-15e79e0b-a28f-4a98-99e1-aed18379cb8e/datanode-9/data/ratis/4d4b947c-ec21-44ba-b8ae-daad082e1ed7 has been successfully formatted.
2019-10-28 08:19:25,320 [pool-600-thread-1] INFO  ratis.ContainerStateMachine (ContainerStateMachine.java:loadSnapshot(231)) - group-DAAD082E1ED7: The snapshot info is null. Setting the last applied indexto:(t:0, i:~)
2019-10-28 08:19:25,320 [pool-600-thread-1] INFO  server.RaftServerConfigKeys (ConfUtils.java:logGet(43)) - raft.server.notification.no-leader.timeout = 120s (custom)
2019-10-28 08:19:25,320 [pool-600-thread-1] INFO  server.RaftServerConfigKeys (ConfUtils.java:logGet(43)) - raft.server.log.use.memory = false (default)
2019-10-28 08:19:25,320 [pool-600-thread-1] INFO  server.RaftServerConfigKeys (ConfUtils.java:logGet(43)) - raft.server.log.purge.gap = 1000000 (custom)
2019-10-28 08:19:25,320 [pool-600-thread-1] INFO  server.RaftServerConfigKeys (ConfUtils.java:logGet(43)) - raft.server.log.appender.buffer.byte-limit = 33554432 (custom)
2019-10-28 08:19:25,320 [pool-600-thread-1] INFO  server.RaftServerConfigKeys (ConfUtils.java:logGet(43)) - raft.server.log.segment.size.max = 1048576 (custom)
2019-10-28 08:19:25,322 [pool-600-thread-1] INFO  server.RaftServerConfigKeys (ConfUtils.java:logGet(43)) - raft.server.log.segment.cache.num.max = 2 (custom)
2019-10-28 08:19:25,322 [pool-600-thread-1] INFO  segmented.SegmentedRaftLogWorker (SegmentedRaftLogWorker.java:<init>(173)) - new 6f05e68d-03c1-4824-99f0-3d21915cda5b@group-DAAD082E1ED7-SegmentedRaftLogWorker for RaftStorage:Storage Directory /workdir/hadoop-ozone/integration-test/target/test-dir/MiniOzoneClusterImpl-15e79e0b-a28f-4a98-99e1-aed18379cb8e/datanode-9/data/ratis/4d4b947c-ec21-44ba-b8ae-daad082e1ed7
2019-10-28 08:19:25,322 [pool-600-thread-1] INFO  server.RaftServerConfigKeys (ConfUtils.java:logGet(43)) - raft.server.log.queue.byte-limit = 2147483647 (custom)
2019-10-28 08:19:25,322 [pool-600-thread-1] INFO  server.RaftServerConfigKeys (ConfUtils.java:logGet(43)) - raft.server.log.queue.element-limit = 1024 (custom)
2019-10-28 08:19:25,322 [pool-600-thread-1] INFO  server.RaftServerConfigKeys (ConfUtils.java:logGet(43)) - raft.server.log.segment.size.max = 1048576 (custom)
2019-10-28 08:19:25,322 [pool-600-thread-1] INFO  server.RaftServerConfigKeys (ConfUtils.java:logGet(43)) - raft.server.log.preallocated.size = 16384 (custom)
2019-10-28 08:19:25,322 [pool-600-thread-1] INFO  server.RaftServerConfigKeys (ConfUtils.java:logGet(43)) - raft.server.log.write.buffer.size = 33554432 (custom)
2019-10-28 08:19:25,323 [pool-600-thread-1] INFO  server.RaftServerConfigKeys (ConfUtils.java:logGet(43)) - raft.server.log.force.sync.num = 128 (default)
2019-10-28 08:19:25,323 [pool-600-thread-1] INFO  server.RaftServerConfigKeys (ConfUtils.java:logGet(43)) - raft.server.log.statemachine.data.sync = true (default)
2019-10-28 08:19:25,323 [pool-600-thread-1] INFO  server.RaftServerConfigKeys (ConfUtils.java:logGet(43)) - raft.server.log.statemachine.data.sync.timeout = 10s (default)
2019-10-28 08:19:25,323 [pool-600-thread-1] INFO  server.RaftServerConfigKeys (ConfUtils.java:logGet(43)) - raft.server.log.statemachine.data.sync.timeout.retry = -1 (default)
2019-10-28 08:19:25,323 [pool-600-thread-1] INFO  server.RaftServerConfigKeys (ConfUtils.java:logGet(43)) - raft.server.log.statemachine.data.caching.enabled = true (custom)
2019-10-28 08:19:25,323 [pool-600-thread-1] INFO  segmented.SegmentedRaftLogWorker (SegmentedRaftLogWorker.java:lambda$new$0(128)) - 6f05e68d-03c1-4824-99f0-3d21915cda5b@group-DAAD082E1ED7-SegmentedRaftLogWorker: flushIndex: setUnconditionally 0 -> -1
2019-10-28 08:19:25,324 [pool-600-thread-1] INFO  server.RaftServerConfigKeys (ConfUtils.java:logGet(43)) - raft.server.snapshot.auto.trigger.enabled = true (custom)
2019-10-28 08:19:25,324 [pool-600-thread-1] INFO  server.RaftServerConfigKeys (ConfUtils.java:logGet(43)) - raft.server.snapshot.auto.trigger.threshold = 10000 (custom)
2019-10-28 08:19:25,324 [pool-600-thread-1] INFO  server.RaftServerConfigKeys (ConfUtils.java:logGet(43)) - raft.server.snapshot.retention.file.num = 5 (custom)
2019-10-28 08:19:25,324 [pool-600-thread-1] INFO  server.RaftServerConfigKeys (ConfUtils.java:logGet(43)) - raft.server.retrycache.expirytime = 600000ms (custom)
2019-10-28 08:19:25,325 [pool-600-thread-1] INFO  impl.RaftServerImpl (RaftServerImpl.java:start(181)) - 6f05e68d-03c1-4824-99f0-3d21915cda5b@group-DAAD082E1ED7: start as a follower, conf=-1: [6f05e68d-03c1-4824-99f0-3d21915cda5b:192.168.34.22:36489], old=null
2019-10-28 08:19:25,325 [pool-600-thread-1] INFO  impl.RaftServerImpl (RaftServerImpl.java:setRole(170)) - 6f05e68d-03c1-4824-99f0-3d21915cda5b@group-DAAD082E1ED7: changes role from      null to FOLLOWER at term 0 for startAsFollower
2019-10-28 08:19:25,325 [pool-600-thread-1] INFO  impl.RoleInfo (RoleInfo.java:updateAndGet(143)) - 6f05e68d-03c1-4824-99f0-3d21915cda5b: start FollowerState
2019-10-28 08:19:25,326 [pool-600-thread-1] INFO  util.JmxRegister (JmxRegister.java:tryRegister(44)) - Successfully registered JMX Bean with object name Ratis:service=RaftServer,group=group-DAAD082E1ED7,id=6f05e68d-03c1-4824-99f0-3d21915cda5b
2019-10-28 08:19:25,329 [RatisPipelineUtilsThread] INFO  pipeline.PipelineStateManager (PipelineStateManager.java:addPipeline(56)) - Created pipeline Pipeline[ Id: 4d4b947c-ec21-44ba-b8ae-daad082e1ed7, Nodes: 6f05e68d-03c1-4824-99f0-3d21915cda5b{ip: 192.168.34.22, host: pr-hdds-1569-5jqvn-3828718746, networkLocation: /rack1, certSerialId: null}, Type:RATIS, Factor:ONE, State:OPEN]
2019-10-28 08:19:25,335 [grpc-default-executor-7] INFO  impl.RaftServerProxy (RaftServerProxy.java:addNew(89)) - 32ed66cf-8488-4ba5-9500-337fd38aaa15: addNew group-32B83D615E62:[32ed66cf-8488-4ba5-9500-337fd38aaa15:192.168.34.22:44586] returns group-32B83D615E62:java.util.concurrent.CompletableFuture@63e9ee98[Not completed]
2019-10-28 08:19:25,336 [pool-580-thread-1] INFO  impl.RaftServerImpl (RaftServerImpl.java:<init>(95)) - 32ed66cf-8488-4ba5-9500-337fd38aaa15: new RaftServerImpl for group-32B83D615E62:[32ed66cf-8488-4ba5-9500-337fd38aaa15:192.168.34.22:44586] with ContainerStateMachine:uninitialized
2019-10-28 08:19:25,336 [pool-580-thread-1] INFO  server.RaftServerConfigKeys (ConfUtils.java:logGet(43)) - raft.server.rpc.timeout.min = 1s (custom)
2019-10-28 08:19:25,337 [pool-580-thread-1] INFO  server.RaftServerConfigKeys (ConfUtils.java:logGet(43)) - raft.server.rpc.timeout.max = 1200ms (custom)
2019-10-28 08:19:25,337 [pool-580-thread-1] INFO  server.RaftServerConfigKeys (ConfUtils.java:logGet(43)) - raft.server.rpcslowness.timeout = 120s (custom)
2019-10-28 08:19:25,337 [pool-580-thread-1] INFO  server.RaftServerConfigKeys (ConfUtils.java:logGet(43)) - raft.server.sleep.deviation.threshold = 300 (default)
2019-10-28 08:19:25,337 [pool-580-thread-1] INFO  server.RaftServerConfigKeys (ConfUtils.java:logGet(43)) - raft.server.log.appender.install.snapshot.enabled = false (custom)
2019-10-28 08:19:25,337 [pool-580-thread-1] INFO  impl.RaftServerImpl (ServerState.java:<init>(103)) - 32ed66cf-8488-4ba5-9500-337fd38aaa15@group-32B83D615E62: ConfigurationManager, init=-1: [32ed66cf-8488-4ba5-9500-337fd38aaa15:192.168.34.22:44586], old=null, confs=<EMPTY_MAP>
2019-10-28 08:19:25,337 [pool-580-thread-1] INFO  server.RaftServerConfigKeys (ConfUtils.java:logGet(43)) - raft.server.storage.dir = [/workdir/hadoop-ozone/integration-test/target/test-dir/MiniOzoneClusterImpl-15e79e0b-a28f-4a98-99e1-aed18379cb8e/datanode-7/data/ratis] (custom)
2019-10-28 08:19:25,337 [pool-580-thread-1] INFO  server.RaftServerConfigKeys (ConfUtils.java:logGet(43)) - raft.server.log.corruption.policy = EXCEPTION (default)
2019-10-28 08:19:25,337 [pool-580-thread-1] INFO  storage.RaftStorageDirectory (RaftStorageDirectory.java:analyzeStorage(246)) - The storage directory /workdir/hadoop-ozone/integration-test/target/test-dir/MiniOzoneClusterImpl-15e79e0b-a28f-4a98-99e1-aed18379cb8e/datanode-7/data/ratis/34d652f8-67ae-41c3-a9e0-32b83d615e62 does not exist. Creating ...
2019-10-28 08:19:25,341 [pool-580-thread-1] INFO  storage.RaftStorageDirectory (RaftStorageDirectory.java:tryLock(328)) - Lock on /workdir/hadoop-ozone/integration-test/target/test-dir/MiniOzoneClusterImpl-15e79e0b-a28f-4a98-99e1-aed18379cb8e/datanode-7/data/ratis/34d652f8-67ae-41c3-a9e0-32b83d615e62/in_use.lock acquired by nodename 2894@pr-hdds-1569-5jqvn-3828718746
2019-10-28 08:19:25,344 [pool-580-thread-1] INFO  storage.RaftStorage (RaftStorage.java:format(84)) - Storage directory /workdir/hadoop-ozone/integration-test/target/test-dir/MiniOzoneClusterImpl-15e79e0b-a28f-4a98-99e1-aed18379cb8e/datanode-7/data/ratis/34d652f8-67ae-41c3-a9e0-32b83d615e62 has been successfully formatted.
2019-10-28 08:19:25,344 [pool-580-thread-1] INFO  ratis.ContainerStateMachine (ContainerStateMachine.java:loadSnapshot(231)) - group-32B83D615E62: The snapshot info is null. Setting the last applied indexto:(t:0, i:~)
2019-10-28 08:19:25,344 [pool-580-thread-1] INFO  server.RaftServerConfigKeys (ConfUtils.java:logGet(43)) - raft.server.notification.no-leader.timeout = 120s (custom)
2019-10-28 08:19:25,344 [pool-580-thread-1] INFO  server.RaftServerConfigKeys (ConfUtils.java:logGet(43)) - raft.server.log.use.memory = false (default)
2019-10-28 08:19:25,344 [pool-580-thread-1] INFO  server.RaftServerConfigKeys (ConfUtils.java:logGet(43)) - raft.server.log.purge.gap = 1000000 (custom)
2019-10-28 08:19:25,344 [pool-580-thread-1] INFO  server.RaftServerConfigKeys (ConfUtils.java:logGet(43)) - raft.server.log.appender.buffer.byte-limit = 33554432 (custom)
2019-10-28 08:19:25,345 [pool-580-thread-1] INFO  server.RaftServerConfigKeys (ConfUtils.java:logGet(43)) - raft.server.log.segment.size.max = 1048576 (custom)
2019-10-28 08:19:25,346 [pool-580-thread-1] INFO  server.RaftServerConfigKeys (ConfUtils.java:logGet(43)) - raft.server.log.segment.cache.num.max = 2 (custom)
2019-10-28 08:19:25,346 [pool-580-thread-1] INFO  segmented.SegmentedRaftLogWorker (SegmentedRaftLogWorker.java:<init>(173)) - new 32ed66cf-8488-4ba5-9500-337fd38aaa15@group-32B83D615E62-SegmentedRaftLogWorker for RaftStorage:Storage Directory /workdir/hadoop-ozone/integration-test/target/test-dir/MiniOzoneClusterImpl-15e79e0b-a28f-4a98-99e1-aed18379cb8e/datanode-7/data/ratis/34d652f8-67ae-41c3-a9e0-32b83d615e62
2019-10-28 08:19:25,346 [pool-580-thread-1] INFO  server.RaftServerConfigKeys (ConfUtils.java:logGet(43)) - raft.server.log.queue.byte-limit = 2147483647 (custom)
2019-10-28 08:19:25,346 [pool-580-thread-1] INFO  server.RaftServerConfigKeys (ConfUtils.java:logGet(43)) - raft.server.log.queue.element-limit = 1024 (custom)
2019-10-28 08:19:25,346 [pool-580-thread-1] INFO  server.RaftServerConfigKeys (ConfUtils.java:logGet(43)) - raft.server.log.segment.size.max = 1048576 (custom)
2019-10-28 08:19:25,346 [pool-580-thread-1] INFO  server.RaftServerConfigKeys (ConfUtils.java:logGet(43)) - raft.server.log.preallocated.size = 16384 (custom)
2019-10-28 08:19:25,346 [pool-580-thread-1] INFO  server.RaftServerConfigKeys (ConfUtils.java:logGet(43)) - raft.server.log.write.buffer.size = 33554432 (custom)
2019-10-28 08:19:25,346 [pool-580-thread-1] INFO  server.RaftServerConfigKeys (ConfUtils.java:logGet(43)) - raft.server.log.force.sync.num = 128 (default)
2019-10-28 08:19:25,347 [pool-580-thread-1] INFO  server.RaftServerConfigKeys (ConfUtils.java:logGet(43)) - raft.server.log.statemachine.data.sync = true (default)
2019-10-28 08:19:25,347 [pool-580-thread-1] INFO  server.RaftServerConfigKeys (ConfUtils.java:logGet(43)) - raft.server.log.statemachine.data.sync.timeout = 10s (default)
2019-10-28 08:19:25,347 [pool-580-thread-1] INFO  server.RaftServerConfigKeys (ConfUtils.java:logGet(43)) - raft.server.log.statemachine.data.sync.timeout.retry = -1 (default)
2019-10-28 08:19:25,347 [pool-580-thread-1] INFO  server.RaftServerConfigKeys (ConfUtils.java:logGet(43)) - raft.server.log.statemachine.data.caching.enabled = true (custom)
2019-10-28 08:19:25,347 [pool-580-thread-1] INFO  segmented.SegmentedRaftLogWorker (SegmentedRaftLogWorker.java:lambda$new$0(128)) - 32ed66cf-8488-4ba5-9500-337fd38aaa15@group-32B83D615E62-SegmentedRaftLogWorker: flushIndex: setUnconditionally 0 -> -1
2019-10-28 08:19:25,347 [pool-580-thread-1] INFO  server.RaftServerConfigKeys (ConfUtils.java:logGet(43)) - raft.server.snapshot.auto.trigger.enabled = true (custom)
2019-10-28 08:19:25,348 [pool-580-thread-1] INFO  server.RaftServerConfigKeys (ConfUtils.java:logGet(43)) - raft.server.snapshot.auto.trigger.threshold = 10000 (custom)
2019-10-28 08:19:25,348 [pool-580-thread-1] INFO  server.RaftServerConfigKeys (ConfUtils.java:logGet(43)) - raft.server.snapshot.retention.file.num = 5 (custom)
2019-10-28 08:19:25,348 [pool-580-thread-1] INFO  server.RaftServerConfigKeys (ConfUtils.java:logGet(43)) - raft.server.retrycache.expirytime = 600000ms (custom)
2019-10-28 08:19:25,349 [pool-580-thread-1] INFO  impl.RaftServerImpl (RaftServerImpl.java:start(181)) - 32ed66cf-8488-4ba5-9500-337fd38aaa15@group-32B83D615E62: start as a follower, conf=-1: [32ed66cf-8488-4ba5-9500-337fd38aaa15:192.168.34.22:44586], old=null
2019-10-28 08:19:25,349 [pool-580-thread-1] INFO  impl.RaftServerImpl (RaftServerImpl.java:setRole(170)) - 32ed66cf-8488-4ba5-9500-337fd38aaa15@group-32B83D615E62: changes role from      null to FOLLOWER at term 0 for startAsFollower
2019-10-28 08:19:25,349 [pool-580-thread-1] INFO  impl.RoleInfo (RoleInfo.java:updateAndGet(143)) - 32ed66cf-8488-4ba5-9500-337fd38aaa15: start FollowerState
2019-10-28 08:19:25,350 [pool-580-thread-1] INFO  util.JmxRegister (JmxRegister.java:tryRegister(44)) - Successfully registered JMX Bean with object name Ratis:service=RaftServer,group=group-32B83D615E62,id=32ed66cf-8488-4ba5-9500-337fd38aaa15
2019-10-28 08:19:25,353 [RatisPipelineUtilsThread] INFO  pipeline.PipelineStateManager (PipelineStateManager.java:addPipeline(56)) - Created pipeline Pipeline[ Id: 34d652f8-67ae-41c3-a9e0-32b83d615e62, Nodes: 32ed66cf-8488-4ba5-9500-337fd38aaa15{ip: 192.168.34.22, host: pr-hdds-1569-5jqvn-3828718746, networkLocation: /rack1, certSerialId: null}, Type:RATIS, Factor:ONE, State:OPEN]
2019-10-28 08:19:25,353 [RatisPipelineUtilsThread] ERROR pipeline.SCMPipelineManager (SCMPipelineManager.java:createPipeline(161)) - Pipeline creation failed.
org.apache.hadoop.hdds.scm.exceptions.SCMException: Cannot create pipeline of factor 1 using 0 nodes. Used 10 nodes. Healthy nodes 10
	at org.apache.hadoop.hdds.scm.pipeline.RatisPipelineProvider.pickNodesNeverUsed(RatisPipelineProvider.java:128)
	at org.apache.hadoop.hdds.scm.pipeline.RatisPipelineProvider.create(RatisPipelineProvider.java:174)
	at org.apache.hadoop.hdds.scm.pipeline.PipelineFactory.create(PipelineFactory.java:58)
	at org.apache.hadoop.hdds.scm.pipeline.SCMPipelineManager.createPipeline(SCMPipelineManager.java:151)
	at org.apache.hadoop.hdds.scm.pipeline.BackgroundPipelineCreator.createPipelines(BackgroundPipelineCreator.java:100)
	at java.util.concurrent.Executors$RunnableAdapter.call(Executors.java:511)
	at java.util.concurrent.FutureTask.run(FutureTask.java:266)
	at java.util.concurrent.ScheduledThreadPoolExecutor$ScheduledFutureTask.access$201(ScheduledThreadPoolExecutor.java:180)
	at java.util.concurrent.ScheduledThreadPoolExecutor$ScheduledFutureTask.run(ScheduledThreadPoolExecutor.java:293)
	at java.util.concurrent.ThreadPoolExecutor.runWorker(ThreadPoolExecutor.java:1149)
	at java.util.concurrent.ThreadPoolExecutor$Worker.run(ThreadPoolExecutor.java:624)
	at java.lang.Thread.run(Thread.java:748)
2019-10-28 08:19:25,354 [RatisPipelineUtilsThread] INFO  pipeline.PipelinePlacementPolicy (PipelinePlacementPolicy.java:meetCriteria(117)) - Pipeline Placement: can't place more pipeline on heavy datanode? 442f1a8c-01a9-4abf-8c25-ed2da4cb70e7 Heaviness: 2 limit: 2
2019-10-28 08:19:25,354 [RatisPipelineUtilsThread] INFO  pipeline.PipelinePlacementPolicy (PipelinePlacementPolicy.java:meetCriteria(117)) - Pipeline Placement: can't place more pipeline on heavy datanode? 8dd013f2-bbde-4487-bce9-479ed92de2a3 Heaviness: 2 limit: 2
2019-10-28 08:19:25,364 [grpc-default-executor-10] INFO  impl.RaftServerProxy (RaftServerProxy.java:addNew(89)) - 491ad50e-3375-4589-a02d-0269379b43b4: addNew group-7339E3098941:[931f47be-92fd-4e78-8b74-097dddc5e38b:192.168.34.22:34284, c538bdf1-684e-4089-9cc6-6fa0b44fa7c7:192.168.34.22:38247, 491ad50e-3375-4589-a02d-0269379b43b4:192.168.34.22:34561] returns group-7339E3098941:java.util.concurrent.CompletableFuture@777d0bc7[Not completed]
2019-10-28 08:19:25,364 [grpc-default-executor-9] INFO  impl.RaftServerProxy (RaftServerProxy.java:addNew(89)) - c538bdf1-684e-4089-9cc6-6fa0b44fa7c7: addNew group-7339E3098941:[931f47be-92fd-4e78-8b74-097dddc5e38b:192.168.34.22:34284, c538bdf1-684e-4089-9cc6-6fa0b44fa7c7:192.168.34.22:38247, 491ad50e-3375-4589-a02d-0269379b43b4:192.168.34.22:34561] returns group-7339E3098941:java.util.concurrent.CompletableFuture@23084d03[Not completed]
2019-10-28 08:19:25,364 [grpc-default-executor-7] INFO  impl.RaftServerProxy (RaftServerProxy.java:addNew(89)) - 931f47be-92fd-4e78-8b74-097dddc5e38b: addNew group-7339E3098941:[931f47be-92fd-4e78-8b74-097dddc5e38b:192.168.34.22:34284, c538bdf1-684e-4089-9cc6-6fa0b44fa7c7:192.168.34.22:38247, 491ad50e-3375-4589-a02d-0269379b43b4:192.168.34.22:34561] returns group-7339E3098941:java.util.concurrent.CompletableFuture@b84bac8[Not completed]
2019-10-28 08:19:25,365 [pool-590-thread-1] INFO  impl.RaftServerImpl (RaftServerImpl.java:<init>(95)) - 491ad50e-3375-4589-a02d-0269379b43b4: new RaftServerImpl for group-7339E3098941:[931f47be-92fd-4e78-8b74-097dddc5e38b:192.168.34.22:34284, c538bdf1-684e-4089-9cc6-6fa0b44fa7c7:192.168.34.22:38247, 491ad50e-3375-4589-a02d-0269379b43b4:192.168.34.22:34561] with ContainerStateMachine:uninitialized
2019-10-28 08:19:25,365 [pool-590-thread-1] INFO  server.RaftServerConfigKeys (ConfUtils.java:logGet(43)) - raft.server.rpc.timeout.min = 1s (custom)
2019-10-28 08:19:25,365 [pool-590-thread-1] INFO  server.RaftServerConfigKeys (ConfUtils.java:logGet(43)) - raft.server.rpc.timeout.max = 1200ms (custom)
2019-10-28 08:19:25,366 [pool-590-thread-1] INFO  server.RaftServerConfigKeys (ConfUtils.java:logGet(43)) - raft.server.rpcslowness.timeout = 120s (custom)
2019-10-28 08:19:25,366 [pool-590-thread-1] INFO  server.RaftServerConfigKeys (ConfUtils.java:logGet(43)) - raft.server.sleep.deviation.threshold = 300 (default)
2019-10-28 08:19:25,366 [pool-560-thread-1] INFO  impl.RaftServerImpl (RaftServerImpl.java:<init>(95)) - c538bdf1-684e-4089-9cc6-6fa0b44fa7c7: new RaftServerImpl for group-7339E3098941:[931f47be-92fd-4e78-8b74-097dddc5e38b:192.168.34.22:34284, c538bdf1-684e-4089-9cc6-6fa0b44fa7c7:192.168.34.22:38247, 491ad50e-3375-4589-a02d-0269379b43b4:192.168.34.22:34561] with ContainerStateMachine:uninitialized
2019-10-28 08:19:25,366 [pool-590-thread-1] INFO  server.RaftServerConfigKeys (ConfUtils.java:logGet(43)) - raft.server.log.appender.install.snapshot.enabled = false (custom)
2019-10-28 08:19:25,366 [pool-560-thread-1] INFO  server.RaftServerConfigKeys (ConfUtils.java:logGet(43)) - raft.server.rpc.timeout.min = 1s (custom)
2019-10-28 08:19:25,366 [pool-590-thread-1] INFO  impl.RaftServerImpl (ServerState.java:<init>(103)) - 491ad50e-3375-4589-a02d-0269379b43b4@group-7339E3098941: ConfigurationManager, init=-1: [931f47be-92fd-4e78-8b74-097dddc5e38b:192.168.34.22:34284, c538bdf1-684e-4089-9cc6-6fa0b44fa7c7:192.168.34.22:38247, 491ad50e-3375-4589-a02d-0269379b43b4:192.168.34.22:34561], old=null, confs=<EMPTY_MAP>
2019-10-28 08:19:25,366 [pool-560-thread-1] INFO  server.RaftServerConfigKeys (ConfUtils.java:logGet(43)) - raft.server.rpc.timeout.max = 1200ms (custom)
2019-10-28 08:19:25,366 [pool-590-thread-1] INFO  server.RaftServerConfigKeys (ConfUtils.java:logGet(43)) - raft.server.storage.dir = [/workdir/hadoop-ozone/integration-test/target/test-dir/MiniOzoneClusterImpl-15e79e0b-a28f-4a98-99e1-aed18379cb8e/datanode-8/data/ratis] (custom)
2019-10-28 08:19:25,366 [pool-550-thread-1] INFO  impl.RaftServerImpl (RaftServerImpl.java:<init>(95)) - 931f47be-92fd-4e78-8b74-097dddc5e38b: new RaftServerImpl for group-7339E3098941:[931f47be-92fd-4e78-8b74-097dddc5e38b:192.168.34.22:34284, c538bdf1-684e-4089-9cc6-6fa0b44fa7c7:192.168.34.22:38247, 491ad50e-3375-4589-a02d-0269379b43b4:192.168.34.22:34561] with ContainerStateMachine:uninitialized
2019-10-28 08:19:25,366 [pool-560-thread-1] INFO  server.RaftServerConfigKeys (ConfUtils.java:logGet(43)) - raft.server.rpcslowness.timeout = 120s (custom)
2019-10-28 08:19:25,366 [pool-590-thread-1] INFO  server.RaftServerConfigKeys (ConfUtils.java:logGet(43)) - raft.server.log.corruption.policy = EXCEPTION (default)
2019-10-28 08:19:25,366 [pool-550-thread-1] INFO  server.RaftServerConfigKeys (ConfUtils.java:logGet(43)) - raft.server.rpc.timeout.min = 1s (custom)
2019-10-28 08:19:25,366 [pool-560-thread-1] INFO  server.RaftServerConfigKeys (ConfUtils.java:logGet(43)) - raft.server.sleep.deviation.threshold = 300 (default)
2019-10-28 08:19:25,367 [pool-590-thread-1] INFO  storage.RaftStorageDirectory (RaftStorageDirectory.java:analyzeStorage(246)) - The storage directory /workdir/hadoop-ozone/integration-test/target/test-dir/MiniOzoneClusterImpl-15e79e0b-a28f-4a98-99e1-aed18379cb8e/datanode-8/data/ratis/66c16d5b-b617-4d7e-9075-7339e3098941 does not exist. Creating ...
2019-10-28 08:19:25,367 [pool-550-thread-1] INFO  server.RaftServerConfigKeys (ConfUtils.java:logGet(43)) - raft.server.rpc.timeout.max = 1200ms (custom)
2019-10-28 08:19:25,367 [pool-560-thread-1] INFO  server.RaftServerConfigKeys (ConfUtils.java:logGet(43)) - raft.server.log.appender.install.snapshot.enabled = false (custom)
2019-10-28 08:19:25,367 [pool-550-thread-1] INFO  server.RaftServerConfigKeys (ConfUtils.java:logGet(43)) - raft.server.rpcslowness.timeout = 120s (custom)
2019-10-28 08:19:25,367 [pool-560-thread-1] INFO  impl.RaftServerImpl (ServerState.java:<init>(103)) - c538bdf1-684e-4089-9cc6-6fa0b44fa7c7@group-7339E3098941: ConfigurationManager, init=-1: [931f47be-92fd-4e78-8b74-097dddc5e38b:192.168.34.22:34284, c538bdf1-684e-4089-9cc6-6fa0b44fa7c7:192.168.34.22:38247, 491ad50e-3375-4589-a02d-0269379b43b4:192.168.34.22:34561], old=null, confs=<EMPTY_MAP>
2019-10-28 08:19:25,367 [pool-550-thread-1] INFO  server.RaftServerConfigKeys (ConfUtils.java:logGet(43)) - raft.server.sleep.deviation.threshold = 300 (default)
2019-10-28 08:19:25,367 [pool-560-thread-1] INFO  server.RaftServerConfigKeys (ConfUtils.java:logGet(43)) - raft.server.storage.dir = [/workdir/hadoop-ozone/integration-test/target/test-dir/MiniOzoneClusterImpl-15e79e0b-a28f-4a98-99e1-aed18379cb8e/datanode-5/data/ratis] (custom)
2019-10-28 08:19:25,367 [pool-550-thread-1] INFO  server.RaftServerConfigKeys (ConfUtils.java:logGet(43)) - raft.server.log.appender.install.snapshot.enabled = false (custom)
2019-10-28 08:19:25,367 [pool-560-thread-1] INFO  server.RaftServerConfigKeys (ConfUtils.java:logGet(43)) - raft.server.log.corruption.policy = EXCEPTION (default)
2019-10-28 08:19:25,367 [pool-550-thread-1] INFO  impl.RaftServerImpl (ServerState.java:<init>(103)) - 931f47be-92fd-4e78-8b74-097dddc5e38b@group-7339E3098941: ConfigurationManager, init=-1: [931f47be-92fd-4e78-8b74-097dddc5e38b:192.168.34.22:34284, c538bdf1-684e-4089-9cc6-6fa0b44fa7c7:192.168.34.22:38247, 491ad50e-3375-4589-a02d-0269379b43b4:192.168.34.22:34561], old=null, confs=<EMPTY_MAP>
2019-10-28 08:19:25,368 [pool-560-thread-1] INFO  storage.RaftStorageDirectory (RaftStorageDirectory.java:analyzeStorage(246)) - The storage directory /workdir/hadoop-ozone/integration-test/target/test-dir/MiniOzoneClusterImpl-15e79e0b-a28f-4a98-99e1-aed18379cb8e/datanode-5/data/ratis/66c16d5b-b617-4d7e-9075-7339e3098941 does not exist. Creating ...
2019-10-28 08:19:25,368 [pool-550-thread-1] INFO  server.RaftServerConfigKeys (ConfUtils.java:logGet(43)) - raft.server.storage.dir = [/workdir/hadoop-ozone/integration-test/target/test-dir/MiniOzoneClusterImpl-15e79e0b-a28f-4a98-99e1-aed18379cb8e/datanode-4/data/ratis] (custom)
2019-10-28 08:19:25,368 [pool-550-thread-1] INFO  server.RaftServerConfigKeys (ConfUtils.java:logGet(43)) - raft.server.log.corruption.policy = EXCEPTION (default)
2019-10-28 08:19:25,368 [pool-550-thread-1] INFO  storage.RaftStorageDirectory (RaftStorageDirectory.java:analyzeStorage(246)) - The storage directory /workdir/hadoop-ozone/integration-test/target/test-dir/MiniOzoneClusterImpl-15e79e0b-a28f-4a98-99e1-aed18379cb8e/datanode-4/data/ratis/66c16d5b-b617-4d7e-9075-7339e3098941 does not exist. Creating ...
2019-10-28 08:19:25,393 [pool-550-thread-1] INFO  storage.RaftStorageDirectory (RaftStorageDirectory.java:tryLock(328)) - Lock on /workdir/hadoop-ozone/integration-test/target/test-dir/MiniOzoneClusterImpl-15e79e0b-a28f-4a98-99e1-aed18379cb8e/datanode-4/data/ratis/66c16d5b-b617-4d7e-9075-7339e3098941/in_use.lock acquired by nodename 2894@pr-hdds-1569-5jqvn-3828718746
2019-10-28 08:19:25,393 [pool-590-thread-1] INFO  storage.RaftStorageDirectory (RaftStorageDirectory.java:tryLock(328)) - Lock on /workdir/hadoop-ozone/integration-test/target/test-dir/MiniOzoneClusterImpl-15e79e0b-a28f-4a98-99e1-aed18379cb8e/datanode-8/data/ratis/66c16d5b-b617-4d7e-9075-7339e3098941/in_use.lock acquired by nodename 2894@pr-hdds-1569-5jqvn-3828718746
2019-10-28 08:19:25,393 [pool-560-thread-1] INFO  storage.RaftStorageDirectory (RaftStorageDirectory.java:tryLock(328)) - Lock on /workdir/hadoop-ozone/integration-test/target/test-dir/MiniOzoneClusterImpl-15e79e0b-a28f-4a98-99e1-aed18379cb8e/datanode-5/data/ratis/66c16d5b-b617-4d7e-9075-7339e3098941/in_use.lock acquired by nodename 2894@pr-hdds-1569-5jqvn-3828718746
2019-10-28 08:19:25,406 [pool-560-thread-1] INFO  storage.RaftStorage (RaftStorage.java:format(84)) - Storage directory /workdir/hadoop-ozone/integration-test/target/test-dir/MiniOzoneClusterImpl-15e79e0b-a28f-4a98-99e1-aed18379cb8e/datanode-5/data/ratis/66c16d5b-b617-4d7e-9075-7339e3098941 has been successfully formatted.
2019-10-28 08:19:25,406 [pool-550-thread-1] INFO  storage.RaftStorage (RaftStorage.java:format(84)) - Storage directory /workdir/hadoop-ozone/integration-test/target/test-dir/MiniOzoneClusterImpl-15e79e0b-a28f-4a98-99e1-aed18379cb8e/datanode-4/data/ratis/66c16d5b-b617-4d7e-9075-7339e3098941 has been successfully formatted.
2019-10-28 08:19:25,406 [pool-590-thread-1] INFO  storage.RaftStorage (RaftStorage.java:format(84)) - Storage directory /workdir/hadoop-ozone/integration-test/target/test-dir/MiniOzoneClusterImpl-15e79e0b-a28f-4a98-99e1-aed18379cb8e/datanode-8/data/ratis/66c16d5b-b617-4d7e-9075-7339e3098941 has been successfully formatted.
2019-10-28 08:19:25,407 [pool-550-thread-1] INFO  ratis.ContainerStateMachine (ContainerStateMachine.java:loadSnapshot(231)) - group-7339E3098941: The snapshot info is null. Setting the last applied indexto:(t:0, i:~)
2019-10-28 08:19:25,407 [pool-590-thread-1] INFO  ratis.ContainerStateMachine (ContainerStateMachine.java:loadSnapshot(231)) - group-7339E3098941: The snapshot info is null. Setting the last applied indexto:(t:0, i:~)
2019-10-28 08:19:25,407 [pool-560-thread-1] INFO  ratis.ContainerStateMachine (ContainerStateMachine.java:loadSnapshot(231)) - group-7339E3098941: The snapshot info is null. Setting the last applied indexto:(t:0, i:~)
2019-10-28 08:19:25,407 [pool-590-thread-1] INFO  server.RaftServerConfigKeys (ConfUtils.java:logGet(43)) - raft.server.notification.no-leader.timeout = 120s (custom)
2019-10-28 08:19:25,407 [pool-550-thread-1] INFO  server.RaftServerConfigKeys (ConfUtils.java:logGet(43)) - raft.server.notification.no-leader.timeout = 120s (custom)
2019-10-28 08:19:25,407 [pool-590-thread-1] INFO  server.RaftServerConfigKeys (ConfUtils.java:logGet(43)) - raft.server.log.use.memory = false (default)
2019-10-28 08:19:25,407 [pool-560-thread-1] INFO  server.RaftServerConfigKeys (ConfUtils.java:logGet(43)) - raft.server.notification.no-leader.timeout = 120s (custom)
2019-10-28 08:19:25,408 [pool-560-thread-1] INFO  server.RaftServerConfigKeys (ConfUtils.java:logGet(43)) - raft.server.log.use.memory = false (default)
2019-10-28 08:19:25,408 [pool-590-thread-1] INFO  server.RaftServerConfigKeys (ConfUtils.java:logGet(43)) - raft.server.log.purge.gap = 1000000 (custom)
2019-10-28 08:19:25,407 [pool-550-thread-1] INFO  server.RaftServerConfigKeys (ConfUtils.java:logGet(43)) - raft.server.log.use.memory = false (default)
2019-10-28 08:19:25,408 [pool-590-thread-1] INFO  server.RaftServerConfigKeys (ConfUtils.java:logGet(43)) - raft.server.log.appender.buffer.byte-limit = 33554432 (custom)
2019-10-28 08:19:25,408 [pool-560-thread-1] INFO  server.RaftServerConfigKeys (ConfUtils.java:logGet(43)) - raft.server.log.purge.gap = 1000000 (custom)
2019-10-28 08:19:25,408 [pool-590-thread-1] INFO  server.RaftServerConfigKeys (ConfUtils.java:logGet(43)) - raft.server.log.segment.size.max = 1048576 (custom)
2019-10-28 08:19:25,408 [pool-550-thread-1] INFO  server.RaftServerConfigKeys (ConfUtils.java:logGet(43)) - raft.server.log.purge.gap = 1000000 (custom)
2019-10-28 08:19:25,408 [pool-590-thread-1] INFO  server.RaftServerConfigKeys (ConfUtils.java:logGet(43)) - raft.server.log.segment.cache.num.max = 2 (custom)
2019-10-28 08:19:25,408 [pool-560-thread-1] INFO  server.RaftServerConfigKeys (ConfUtils.java:logGet(43)) - raft.server.log.appender.buffer.byte-limit = 33554432 (custom)
2019-10-28 08:19:25,409 [pool-590-thread-1] INFO  segmented.SegmentedRaftLogWorker (SegmentedRaftLogWorker.java:<init>(173)) - new 491ad50e-3375-4589-a02d-0269379b43b4@group-7339E3098941-SegmentedRaftLogWorker for RaftStorage:Storage Directory /workdir/hadoop-ozone/integration-test/target/test-dir/MiniOzoneClusterImpl-15e79e0b-a28f-4a98-99e1-aed18379cb8e/datanode-8/data/ratis/66c16d5b-b617-4d7e-9075-7339e3098941
2019-10-28 08:19:25,409 [pool-550-thread-1] INFO  server.RaftServerConfigKeys (ConfUtils.java:logGet(43)) - raft.server.log.appender.buffer.byte-limit = 33554432 (custom)
2019-10-28 08:19:25,409 [pool-590-thread-1] INFO  server.RaftServerConfigKeys (ConfUtils.java:logGet(43)) - raft.server.log.queue.byte-limit = 2147483647 (custom)
2019-10-28 08:19:25,409 [pool-560-thread-1] INFO  server.RaftServerConfigKeys (ConfUtils.java:logGet(43)) - raft.server.log.segment.size.max = 1048576 (custom)
2019-10-28 08:19:25,409 [pool-590-thread-1] INFO  server.RaftServerConfigKeys (ConfUtils.java:logGet(43)) - raft.server.log.queue.element-limit = 1024 (custom)
2019-10-28 08:19:25,409 [pool-550-thread-1] INFO  server.RaftServerConfigKeys (ConfUtils.java:logGet(43)) - raft.server.log.segment.size.max = 1048576 (custom)
2019-10-28 08:19:25,409 [pool-590-thread-1] INFO  server.RaftServerConfigKeys (ConfUtils.java:logGet(43)) - raft.server.log.segment.size.max = 1048576 (custom)
2019-10-28 08:19:25,409 [pool-560-thread-1] INFO  server.RaftServerConfigKeys (ConfUtils.java:logGet(43)) - raft.server.log.segment.cache.num.max = 2 (custom)
2019-10-28 08:19:25,410 [pool-590-thread-1] INFO  server.RaftServerConfigKeys (ConfUtils.java:logGet(43)) - raft.server.log.preallocated.size = 16384 (custom)
2019-10-28 08:19:25,410 [pool-590-thread-1] INFO  server.RaftServerConfigKeys (ConfUtils.java:logGet(43)) - raft.server.log.write.buffer.size = 33554432 (custom)
2019-10-28 08:19:25,410 [pool-550-thread-1] INFO  server.RaftServerConfigKeys (ConfUtils.java:logGet(43)) - raft.server.log.segment.cache.num.max = 2 (custom)
2019-10-28 08:19:25,410 [pool-590-thread-1] INFO  server.RaftServerConfigKeys (ConfUtils.java:logGet(43)) - raft.server.log.force.sync.num = 128 (default)
2019-10-28 08:19:25,410 [pool-560-thread-1] INFO  segmented.SegmentedRaftLogWorker (SegmentedRaftLogWorker.java:<init>(173)) - new c538bdf1-684e-4089-9cc6-6fa0b44fa7c7@group-7339E3098941-SegmentedRaftLogWorker for RaftStorage:Storage Directory /workdir/hadoop-ozone/integration-test/target/test-dir/MiniOzoneClusterImpl-15e79e0b-a28f-4a98-99e1-aed18379cb8e/datanode-5/data/ratis/66c16d5b-b617-4d7e-9075-7339e3098941
2019-10-28 08:19:25,410 [pool-590-thread-1] INFO  server.RaftServerConfigKeys (ConfUtils.java:logGet(43)) - raft.server.log.statemachine.data.sync = true (default)
2019-10-28 08:19:25,410 [pool-590-thread-1] INFO  server.RaftServerConfigKeys (ConfUtils.java:logGet(43)) - raft.server.log.statemachine.data.sync.timeout = 10s (default)
2019-10-28 08:19:25,410 [pool-550-thread-1] INFO  segmented.SegmentedRaftLogWorker (SegmentedRaftLogWorker.java:<init>(173)) - new 931f47be-92fd-4e78-8b74-097dddc5e38b@group-7339E3098941-SegmentedRaftLogWorker for RaftStorage:Storage Directory /workdir/hadoop-ozone/integration-test/target/test-dir/MiniOzoneClusterImpl-15e79e0b-a28f-4a98-99e1-aed18379cb8e/datanode-4/data/ratis/66c16d5b-b617-4d7e-9075-7339e3098941
2019-10-28 08:19:25,411 [pool-590-thread-1] INFO  server.RaftServerConfigKeys (ConfUtils.java:logGet(43)) - raft.server.log.statemachine.data.sync.timeout.retry = -1 (default)
2019-10-28 08:19:25,410 [pool-560-thread-1] INFO  server.RaftServerConfigKeys (ConfUtils.java:logGet(43)) - raft.server.log.queue.byte-limit = 2147483647 (custom)
2019-10-28 08:19:25,411 [pool-590-thread-1] INFO  server.RaftServerConfigKeys (ConfUtils.java:logGet(43)) - raft.server.log.statemachine.data.caching.enabled = true (custom)
2019-10-28 08:19:25,411 [pool-550-thread-1] INFO  server.RaftServerConfigKeys (ConfUtils.java:logGet(43)) - raft.server.log.queue.byte-limit = 2147483647 (custom)
2019-10-28 08:19:25,411 [pool-560-thread-1] INFO  server.RaftServerConfigKeys (ConfUtils.java:logGet(43)) - raft.server.log.queue.element-limit = 1024 (custom)
2019-10-28 08:19:25,411 [pool-590-thread-1] INFO  segmented.SegmentedRaftLogWorker (SegmentedRaftLogWorker.java:lambda$new$0(128)) - 491ad50e-3375-4589-a02d-0269379b43b4@group-7339E3098941-SegmentedRaftLogWorker: flushIndex: setUnconditionally 0 -> -1
2019-10-28 08:19:25,411 [pool-550-thread-1] INFO  server.RaftServerConfigKeys (ConfUtils.java:logGet(43)) - raft.server.log.queue.element-limit = 1024 (custom)
2019-10-28 08:19:25,411 [pool-560-thread-1] INFO  server.RaftServerConfigKeys (ConfUtils.java:logGet(43)) - raft.server.log.segment.size.max = 1048576 (custom)
2019-10-28 08:19:25,412 [pool-590-thread-1] INFO  server.RaftServerConfigKeys (ConfUtils.java:logGet(43)) - raft.server.snapshot.auto.trigger.enabled = true (custom)
2019-10-28 08:19:25,412 [pool-550-thread-1] INFO  server.RaftServerConfigKeys (ConfUtils.java:logGet(43)) - raft.server.log.segment.size.max = 1048576 (custom)
2019-10-28 08:19:25,412 [pool-590-thread-1] INFO  server.RaftServerConfigKeys (ConfUtils.java:logGet(43)) - raft.server.snapshot.auto.trigger.threshold = 10000 (custom)
2019-10-28 08:19:25,412 [pool-560-thread-1] INFO  server.RaftServerConfigKeys (ConfUtils.java:logGet(43)) - raft.server.log.preallocated.size = 16384 (custom)
2019-10-28 08:19:25,412 [pool-590-thread-1] INFO  server.RaftServerConfigKeys (ConfUtils.java:logGet(43)) - raft.server.snapshot.retention.file.num = 5 (custom)
2019-10-28 08:19:25,412 [pool-550-thread-1] INFO  server.RaftServerConfigKeys (ConfUtils.java:logGet(43)) - raft.server.log.preallocated.size = 16384 (custom)
2019-10-28 08:19:25,412 [pool-590-thread-1] INFO  server.RaftServerConfigKeys (ConfUtils.java:logGet(43)) - raft.server.retrycache.expirytime = 600000ms (custom)
2019-10-28 08:19:25,412 [pool-560-thread-1] INFO  server.RaftServerConfigKeys (ConfUtils.java:logGet(43)) - raft.server.log.write.buffer.size = 33554432 (custom)
2019-10-28 08:19:25,412 [pool-550-thread-1] INFO  server.RaftServerConfigKeys (ConfUtils.java:logGet(43)) - raft.server.log.write.buffer.size = 33554432 (custom)
2019-10-28 08:19:25,413 [pool-560-thread-1] INFO  server.RaftServerConfigKeys (ConfUtils.java:logGet(43)) - raft.server.log.force.sync.num = 128 (default)
2019-10-28 08:19:25,413 [pool-550-thread-1] INFO  server.RaftServerConfigKeys (ConfUtils.java:logGet(43)) - raft.server.log.force.sync.num = 128 (default)
2019-10-28 08:19:25,413 [pool-560-thread-1] INFO  server.RaftServerConfigKeys (ConfUtils.java:logGet(43)) - raft.server.log.statemachine.data.sync = true (default)
2019-10-28 08:19:25,413 [pool-550-thread-1] INFO  server.RaftServerConfigKeys (ConfUtils.java:logGet(43)) - raft.server.log.statemachine.data.sync = true (default)
2019-10-28 08:19:25,413 [pool-560-thread-1] INFO  server.RaftServerConfigKeys (ConfUtils.java:logGet(43)) - raft.server.log.statemachine.data.sync.timeout = 10s (default)
2019-10-28 08:19:25,413 [pool-550-thread-1] INFO  server.RaftServerConfigKeys (ConfUtils.java:logGet(43)) - raft.server.log.statemachine.data.sync.timeout = 10s (default)
2019-10-28 08:19:25,413 [pool-560-thread-1] INFO  server.RaftServerConfigKeys (ConfUtils.java:logGet(43)) - raft.server.log.statemachine.data.sync.timeout.retry = -1 (default)
2019-10-28 08:19:25,413 [pool-550-thread-1] INFO  server.RaftServerConfigKeys (ConfUtils.java:logGet(43)) - raft.server.log.statemachine.data.sync.timeout.retry = -1 (default)
2019-10-28 08:19:25,413 [pool-560-thread-1] INFO  server.RaftServerConfigKeys (ConfUtils.java:logGet(43)) - raft.server.log.statemachine.data.caching.enabled = true (custom)
2019-10-28 08:19:25,414 [pool-550-thread-1] INFO  server.RaftServerConfigKeys (ConfUtils.java:logGet(43)) - raft.server.log.statemachine.data.caching.enabled = true (custom)
2019-10-28 08:19:25,414 [pool-560-thread-1] INFO  segmented.SegmentedRaftLogWorker (SegmentedRaftLogWorker.java:lambda$new$0(128)) - c538bdf1-684e-4089-9cc6-6fa0b44fa7c7@group-7339E3098941-SegmentedRaftLogWorker: flushIndex: setUnconditionally 0 -> -1
2019-10-28 08:19:25,414 [pool-550-thread-1] INFO  segmented.SegmentedRaftLogWorker (SegmentedRaftLogWorker.java:lambda$new$0(128)) - 931f47be-92fd-4e78-8b74-097dddc5e38b@group-7339E3098941-SegmentedRaftLogWorker: flushIndex: setUnconditionally 0 -> -1
2019-10-28 08:19:25,414 [pool-560-thread-1] INFO  server.RaftServerConfigKeys (ConfUtils.java:logGet(43)) - raft.server.snapshot.auto.trigger.enabled = true (custom)
2019-10-28 08:19:25,414 [pool-560-thread-1] INFO  server.RaftServerConfigKeys (ConfUtils.java:logGet(43)) - raft.server.snapshot.auto.trigger.threshold = 10000 (custom)
2019-10-28 08:19:25,414 [pool-590-thread-1] INFO  impl.RaftServerImpl (RaftServerImpl.java:start(181)) - 491ad50e-3375-4589-a02d-0269379b43b4@group-7339E3098941: start as a follower, conf=-1: [931f47be-92fd-4e78-8b74-097dddc5e38b:192.168.34.22:34284, c538bdf1-684e-4089-9cc6-6fa0b44fa7c7:192.168.34.22:38247, 491ad50e-3375-4589-a02d-0269379b43b4:192.168.34.22:34561], old=null
2019-10-28 08:19:25,414 [pool-550-thread-1] INFO  server.RaftServerConfigKeys (ConfUtils.java:logGet(43)) - raft.server.snapshot.auto.trigger.enabled = true (custom)
2019-10-28 08:19:25,414 [pool-590-thread-1] INFO  impl.RaftServerImpl (RaftServerImpl.java:setRole(170)) - 491ad50e-3375-4589-a02d-0269379b43b4@group-7339E3098941: changes role from      null to FOLLOWER at term 0 for startAsFollower
2019-10-28 08:19:25,414 [pool-560-thread-1] INFO  server.RaftServerConfigKeys (ConfUtils.java:logGet(43)) - raft.server.snapshot.retention.file.num = 5 (custom)
2019-10-28 08:19:25,415 [pool-590-thread-1] INFO  impl.RoleInfo (RoleInfo.java:updateAndGet(143)) - 491ad50e-3375-4589-a02d-0269379b43b4: start FollowerState
2019-10-28 08:19:25,415 [pool-550-thread-1] INFO  server.RaftServerConfigKeys (ConfUtils.java:logGet(43)) - raft.server.snapshot.auto.trigger.threshold = 10000 (custom)
2019-10-28 08:19:25,415 [pool-560-thread-1] INFO  server.RaftServerConfigKeys (ConfUtils.java:logGet(43)) - raft.server.retrycache.expirytime = 600000ms (custom)
2019-10-28 08:19:25,415 [pool-550-thread-1] INFO  server.RaftServerConfigKeys (ConfUtils.java:logGet(43)) - raft.server.snapshot.retention.file.num = 5 (custom)
2019-10-28 08:19:25,415 [pool-590-thread-1] INFO  util.JmxRegister (JmxRegister.java:tryRegister(44)) - Successfully registered JMX Bean with object name Ratis:service=RaftServer,group=group-7339E3098941,id=491ad50e-3375-4589-a02d-0269379b43b4
2019-10-28 08:19:25,415 [pool-550-thread-1] INFO  server.RaftServerConfigKeys (ConfUtils.java:logGet(43)) - raft.server.retrycache.expirytime = 600000ms (custom)
2019-10-28 08:19:25,419 [pool-560-thread-1] INFO  impl.RaftServerImpl (RaftServerImpl.java:start(181)) - c538bdf1-684e-4089-9cc6-6fa0b44fa7c7@group-7339E3098941: start as a follower, conf=-1: [931f47be-92fd-4e78-8b74-097dddc5e38b:192.168.34.22:34284, c538bdf1-684e-4089-9cc6-6fa0b44fa7c7:192.168.34.22:38247, 491ad50e-3375-4589-a02d-0269379b43b4:192.168.34.22:34561], old=null
2019-10-28 08:19:25,419 [pool-560-thread-1] INFO  impl.RaftServerImpl (RaftServerImpl.java:setRole(170)) - c538bdf1-684e-4089-9cc6-6fa0b44fa7c7@group-7339E3098941: changes role from      null to FOLLOWER at term 0 for startAsFollower
2019-10-28 08:19:25,419 [pool-560-thread-1] INFO  impl.RoleInfo (RoleInfo.java:updateAndGet(143)) - c538bdf1-684e-4089-9cc6-6fa0b44fa7c7: start FollowerState
2019-10-28 08:19:25,419 [pool-560-thread-1] INFO  util.JmxRegister (JmxRegister.java:tryRegister(44)) - Successfully registered JMX Bean with object name Ratis:service=RaftServer,group=group-7339E3098941,id=c538bdf1-684e-4089-9cc6-6fa0b44fa7c7
2019-10-28 08:19:25,420 [pool-550-thread-1] INFO  impl.RaftServerImpl (RaftServerImpl.java:start(181)) - 931f47be-92fd-4e78-8b74-097dddc5e38b@group-7339E3098941: start as a follower, conf=-1: [931f47be-92fd-4e78-8b74-097dddc5e38b:192.168.34.22:34284, c538bdf1-684e-4089-9cc6-6fa0b44fa7c7:192.168.34.22:38247, 491ad50e-3375-4589-a02d-0269379b43b4:192.168.34.22:34561], old=null
2019-10-28 08:19:25,420 [pool-550-thread-1] INFO  impl.RaftServerImpl (RaftServerImpl.java:setRole(170)) - 931f47be-92fd-4e78-8b74-097dddc5e38b@group-7339E3098941: changes role from      null to FOLLOWER at term 0 for startAsFollower
2019-10-28 08:19:25,420 [pool-550-thread-1] INFO  impl.RoleInfo (RoleInfo.java:updateAndGet(143)) - 931f47be-92fd-4e78-8b74-097dddc5e38b: start FollowerState
2019-10-28 08:19:25,420 [pool-550-thread-1] INFO  util.JmxRegister (JmxRegister.java:tryRegister(44)) - Successfully registered JMX Bean with object name Ratis:service=RaftServer,group=group-7339E3098941,id=931f47be-92fd-4e78-8b74-097dddc5e38b
2019-10-28 08:19:25,424 [RatisPipelineUtilsThread] INFO  pipeline.PipelineStateManager (PipelineStateManager.java:addPipeline(56)) - Created pipeline Pipeline[ Id: 66c16d5b-b617-4d7e-9075-7339e3098941, Nodes: 931f47be-92fd-4e78-8b74-097dddc5e38b{ip: 192.168.34.22, host: pr-hdds-1569-5jqvn-3828718746, networkLocation: /rack1, certSerialId: null}c538bdf1-684e-4089-9cc6-6fa0b44fa7c7{ip: 192.168.34.22, host: pr-hdds-1569-5jqvn-3828718746, networkLocation: /rack1, certSerialId: null}491ad50e-3375-4589-a02d-0269379b43b4{ip: 192.168.34.22, host: pr-hdds-1569-5jqvn-3828718746, networkLocation: /rack1, certSerialId: null}, Type:RATIS, Factor:THREE, State:OPEN]
2019-10-28 08:19:25,424 [RatisPipelineUtilsThread] INFO  pipeline.PipelinePlacementPolicy (PipelinePlacementPolicy.java:meetCriteria(117)) - Pipeline Placement: can't place more pipeline on heavy datanode? c538bdf1-684e-4089-9cc6-6fa0b44fa7c7 Heaviness: 2 limit: 2
2019-10-28 08:19:25,425 [RatisPipelineUtilsThread] INFO  pipeline.PipelinePlacementPolicy (PipelinePlacementPolicy.java:meetCriteria(117)) - Pipeline Placement: can't place more pipeline on heavy datanode? 442f1a8c-01a9-4abf-8c25-ed2da4cb70e7 Heaviness: 2 limit: 2
2019-10-28 08:19:25,425 [RatisPipelineUtilsThread] INFO  pipeline.PipelinePlacementPolicy (PipelinePlacementPolicy.java:meetCriteria(117)) - Pipeline Placement: can't place more pipeline on heavy datanode? 8dd013f2-bbde-4487-bce9-479ed92de2a3 Heaviness: 2 limit: 2
2019-10-28 08:19:25,425 [RatisPipelineUtilsThread] INFO  pipeline.PipelinePlacementPolicy (PipelinePlacementPolicy.java:meetCriteria(117)) - Pipeline Placement: can't place more pipeline on heavy datanode? 931f47be-92fd-4e78-8b74-097dddc5e38b Heaviness: 2 limit: 2
2019-10-28 08:19:25,425 [RatisPipelineUtilsThread] INFO  pipeline.PipelinePlacementPolicy (PipelinePlacementPolicy.java:meetCriteria(117)) - Pipeline Placement: can't place more pipeline on heavy datanode? 491ad50e-3375-4589-a02d-0269379b43b4 Heaviness: 2 limit: 2
2019-10-28 08:19:25,425 [RatisPipelineUtilsThread] INFO  pipeline.PipelinePlacementPolicy (PipelinePlacementPolicy.java:meetCriteria(117)) - Pipeline Placement: can't place more pipeline on heavy datanode? 00d59604-869a-42b3-a19c-0cd76ca30d07 Heaviness: 2 limit: 2
2019-10-28 08:19:25,438 [grpc-default-executor-10] INFO  impl.RaftServerProxy (RaftServerProxy.java:addNew(89)) - 6f05e68d-03c1-4824-99f0-3d21915cda5b: addNew group-CE3A4ACBD96B:[2aa3b7c6-b90d-4752-89e9-33d25dd86bbd:192.168.34.22:43904, 2a045742-6ad3-4ae4-8313-0bafe5f9a8d8:192.168.34.22:36717, 6f05e68d-03c1-4824-99f0-3d21915cda5b:192.168.34.22:36489] returns group-CE3A4ACBD96B:java.util.concurrent.CompletableFuture@41ce72f4[Not completed]
2019-10-28 08:19:25,438 [grpc-default-executor-9] INFO  impl.RaftServerProxy (RaftServerProxy.java:addNew(89)) - 2aa3b7c6-b90d-4752-89e9-33d25dd86bbd: addNew group-CE3A4ACBD96B:[2aa3b7c6-b90d-4752-89e9-33d25dd86bbd:192.168.34.22:43904, 2a045742-6ad3-4ae4-8313-0bafe5f9a8d8:192.168.34.22:36717, 6f05e68d-03c1-4824-99f0-3d21915cda5b:192.168.34.22:36489] returns group-CE3A4ACBD96B:java.util.concurrent.CompletableFuture@3a004a43[Not completed]
2019-10-28 08:19:25,438 [grpc-default-executor-7] INFO  impl.RaftServerProxy (RaftServerProxy.java:addNew(89)) - 2a045742-6ad3-4ae4-8313-0bafe5f9a8d8: addNew group-CE3A4ACBD96B:[2aa3b7c6-b90d-4752-89e9-33d25dd86bbd:192.168.34.22:43904, 2a045742-6ad3-4ae4-8313-0bafe5f9a8d8:192.168.34.22:36717, 6f05e68d-03c1-4824-99f0-3d21915cda5b:192.168.34.22:36489] returns group-CE3A4ACBD96B:java.util.concurrent.CompletableFuture@7a55c82b[Not completed]
2019-10-28 08:19:25,439 [pool-600-thread-1] INFO  impl.RaftServerImpl (RaftServerImpl.java:<init>(95)) - 6f05e68d-03c1-4824-99f0-3d21915cda5b: new RaftServerImpl for group-CE3A4ACBD96B:[2aa3b7c6-b90d-4752-89e9-33d25dd86bbd:192.168.34.22:43904, 2a045742-6ad3-4ae4-8313-0bafe5f9a8d8:192.168.34.22:36717, 6f05e68d-03c1-4824-99f0-3d21915cda5b:192.168.34.22:36489] with ContainerStateMachine:uninitialized
2019-10-28 08:19:25,439 [pool-600-thread-1] INFO  server.RaftServerConfigKeys (ConfUtils.java:logGet(43)) - raft.server.rpc.timeout.min = 1s (custom)
2019-10-28 08:19:25,439 [pool-600-thread-1] INFO  server.RaftServerConfigKeys (ConfUtils.java:logGet(43)) - raft.server.rpc.timeout.max = 1200ms (custom)
2019-10-28 08:19:25,439 [pool-600-thread-1] INFO  server.RaftServerConfigKeys (ConfUtils.java:logGet(43)) - raft.server.rpcslowness.timeout = 120s (custom)
2019-10-28 08:19:25,440 [pool-600-thread-1] INFO  server.RaftServerConfigKeys (ConfUtils.java:logGet(43)) - raft.server.sleep.deviation.threshold = 300 (default)
2019-10-28 08:19:25,440 [pool-540-thread-1] INFO  impl.RaftServerImpl (RaftServerImpl.java:<init>(95)) - 2a045742-6ad3-4ae4-8313-0bafe5f9a8d8: new RaftServerImpl for group-CE3A4ACBD96B:[2aa3b7c6-b90d-4752-89e9-33d25dd86bbd:192.168.34.22:43904, 2a045742-6ad3-4ae4-8313-0bafe5f9a8d8:192.168.34.22:36717, 6f05e68d-03c1-4824-99f0-3d21915cda5b:192.168.34.22:36489] with ContainerStateMachine:uninitialized
2019-10-28 08:19:25,440 [pool-600-thread-1] INFO  server.RaftServerConfigKeys (ConfUtils.java:logGet(43)) - raft.server.log.appender.install.snapshot.enabled = false (custom)
2019-10-28 08:19:25,440 [pool-540-thread-1] INFO  server.RaftServerConfigKeys (ConfUtils.java:logGet(43)) - raft.server.rpc.timeout.min = 1s (custom)
2019-10-28 08:19:25,440 [pool-600-thread-1] INFO  impl.RaftServerImpl (ServerState.java:<init>(103)) - 6f05e68d-03c1-4824-99f0-3d21915cda5b@group-CE3A4ACBD96B: ConfigurationManager, init=-1: [2aa3b7c6-b90d-4752-89e9-33d25dd86bbd:192.168.34.22:43904, 2a045742-6ad3-4ae4-8313-0bafe5f9a8d8:192.168.34.22:36717, 6f05e68d-03c1-4824-99f0-3d21915cda5b:192.168.34.22:36489], old=null, confs=<EMPTY_MAP>
2019-10-28 08:19:25,440 [pool-540-thread-1] INFO  server.RaftServerConfigKeys (ConfUtils.java:logGet(43)) - raft.server.rpc.timeout.max = 1200ms (custom)
2019-10-28 08:19:25,440 [pool-570-thread-1] INFO  impl.RaftServerImpl (RaftServerImpl.java:<init>(95)) - 2aa3b7c6-b90d-4752-89e9-33d25dd86bbd: new RaftServerImpl for group-CE3A4ACBD96B:[2aa3b7c6-b90d-4752-89e9-33d25dd86bbd:192.168.34.22:43904, 2a045742-6ad3-4ae4-8313-0bafe5f9a8d8:192.168.34.22:36717, 6f05e68d-03c1-4824-99f0-3d21915cda5b:192.168.34.22:36489] with ContainerStateMachine:uninitialized
2019-10-28 08:19:25,440 [pool-600-thread-1] INFO  server.RaftServerConfigKeys (ConfUtils.java:logGet(43)) - raft.server.storage.dir = [/workdir/hadoop-ozone/integration-test/target/test-dir/MiniOzoneClusterImpl-15e79e0b-a28f-4a98-99e1-aed18379cb8e/datanode-9/data/ratis] (custom)
2019-10-28 08:19:25,440 [pool-570-thread-1] INFO  server.RaftServerConfigKeys (ConfUtils.java:logGet(43)) - raft.server.rpc.timeout.min = 1s (custom)
2019-10-28 08:19:25,440 [pool-540-thread-1] INFO  server.RaftServerConfigKeys (ConfUtils.java:logGet(43)) - raft.server.rpcslowness.timeout = 120s (custom)
2019-10-28 08:19:25,441 [pool-540-thread-1] INFO  server.RaftServerConfigKeys (ConfUtils.java:logGet(43)) - raft.server.sleep.deviation.threshold = 300 (default)
2019-10-28 08:19:25,441 [pool-570-thread-1] INFO  server.RaftServerConfigKeys (ConfUtils.java:logGet(43)) - raft.server.rpc.timeout.max = 1200ms (custom)
2019-10-28 08:19:25,441 [pool-600-thread-1] INFO  server.RaftServerConfigKeys (ConfUtils.java:logGet(43)) - raft.server.log.corruption.policy = EXCEPTION (default)
2019-10-28 08:19:25,441 [pool-570-thread-1] INFO  server.RaftServerConfigKeys (ConfUtils.java:logGet(43)) - raft.server.rpcslowness.timeout = 120s (custom)
2019-10-28 08:19:25,441 [pool-600-thread-1] INFO  storage.RaftStorageDirectory (RaftStorageDirectory.java:analyzeStorage(246)) - The storage directory /workdir/hadoop-ozone/integration-test/target/test-dir/MiniOzoneClusterImpl-15e79e0b-a28f-4a98-99e1-aed18379cb8e/datanode-9/data/ratis/b67e15df-b1c6-4f1a-95cc-ce3a4acbd96b does not exist. Creating ...
2019-10-28 08:19:25,441 [pool-540-thread-1] INFO  server.RaftServerConfigKeys (ConfUtils.java:logGet(43)) - raft.server.log.appender.install.snapshot.enabled = false (custom)
2019-10-28 08:19:25,441 [pool-570-thread-1] INFO  server.RaftServerConfigKeys (ConfUtils.java:logGet(43)) - raft.server.sleep.deviation.threshold = 300 (default)
2019-10-28 08:19:25,441 [pool-540-thread-1] INFO  impl.RaftServerImpl (ServerState.java:<init>(103)) - 2a045742-6ad3-4ae4-8313-0bafe5f9a8d8@group-CE3A4ACBD96B: ConfigurationManager, init=-1: [2aa3b7c6-b90d-4752-89e9-33d25dd86bbd:192.168.34.22:43904, 2a045742-6ad3-4ae4-8313-0bafe5f9a8d8:192.168.34.22:36717, 6f05e68d-03c1-4824-99f0-3d21915cda5b:192.168.34.22:36489], old=null, confs=<EMPTY_MAP>
2019-10-28 08:19:25,441 [pool-570-thread-1] INFO  server.RaftServerConfigKeys (ConfUtils.java:logGet(43)) - raft.server.log.appender.install.snapshot.enabled = false (custom)
2019-10-28 08:19:25,441 [pool-540-thread-1] INFO  server.RaftServerConfigKeys (ConfUtils.java:logGet(43)) - raft.server.storage.dir = [/workdir/hadoop-ozone/integration-test/target/test-dir/MiniOzoneClusterImpl-15e79e0b-a28f-4a98-99e1-aed18379cb8e/datanode-3/data/ratis] (custom)
2019-10-28 08:19:25,442 [pool-570-thread-1] INFO  impl.RaftServerImpl (ServerState.java:<init>(103)) - 2aa3b7c6-b90d-4752-89e9-33d25dd86bbd@group-CE3A4ACBD96B: ConfigurationManager, init=-1: [2aa3b7c6-b90d-4752-89e9-33d25dd86bbd:192.168.34.22:43904, 2a045742-6ad3-4ae4-8313-0bafe5f9a8d8:192.168.34.22:36717, 6f05e68d-03c1-4824-99f0-3d21915cda5b:192.168.34.22:36489], old=null, confs=<EMPTY_MAP>
2019-10-28 08:19:25,442 [pool-540-thread-1] INFO  server.RaftServerConfigKeys (ConfUtils.java:logGet(43)) - raft.server.log.corruption.policy = EXCEPTION (default)
2019-10-28 08:19:25,442 [pool-570-thread-1] INFO  server.RaftServerConfigKeys (ConfUtils.java:logGet(43)) - raft.server.storage.dir = [/workdir/hadoop-ozone/integration-test/target/test-dir/MiniOzoneClusterImpl-15e79e0b-a28f-4a98-99e1-aed18379cb8e/datanode-6/data/ratis] (custom)
2019-10-28 08:19:25,442 [pool-540-thread-1] INFO  storage.RaftStorageDirectory (RaftStorageDirectory.java:analyzeStorage(246)) - The storage directory /workdir/hadoop-ozone/integration-test/target/test-dir/MiniOzoneClusterImpl-15e79e0b-a28f-4a98-99e1-aed18379cb8e/datanode-3/data/ratis/b67e15df-b1c6-4f1a-95cc-ce3a4acbd96b does not exist. Creating ...
2019-10-28 08:19:25,442 [pool-570-thread-1] INFO  server.RaftServerConfigKeys (ConfUtils.java:logGet(43)) - raft.server.log.corruption.policy = EXCEPTION (default)
2019-10-28 08:19:25,442 [pool-570-thread-1] INFO  storage.RaftStorageDirectory (RaftStorageDirectory.java:analyzeStorage(246)) - The storage directory /workdir/hadoop-ozone/integration-test/target/test-dir/MiniOzoneClusterImpl-15e79e0b-a28f-4a98-99e1-aed18379cb8e/datanode-6/data/ratis/b67e15df-b1c6-4f1a-95cc-ce3a4acbd96b does not exist. Creating ...
2019-10-28 08:19:25,466 [pool-570-thread-1] INFO  storage.RaftStorageDirectory (RaftStorageDirectory.java:tryLock(328)) - Lock on /workdir/hadoop-ozone/integration-test/target/test-dir/MiniOzoneClusterImpl-15e79e0b-a28f-4a98-99e1-aed18379cb8e/datanode-6/data/ratis/b67e15df-b1c6-4f1a-95cc-ce3a4acbd96b/in_use.lock acquired by nodename 2894@pr-hdds-1569-5jqvn-3828718746
2019-10-28 08:19:25,466 [pool-600-thread-1] INFO  storage.RaftStorageDirectory (RaftStorageDirectory.java:tryLock(328)) - Lock on /workdir/hadoop-ozone/integration-test/target/test-dir/MiniOzoneClusterImpl-15e79e0b-a28f-4a98-99e1-aed18379cb8e/datanode-9/data/ratis/b67e15df-b1c6-4f1a-95cc-ce3a4acbd96b/in_use.lock acquired by nodename 2894@pr-hdds-1569-5jqvn-3828718746
2019-10-28 08:19:25,466 [pool-540-thread-1] INFO  storage.RaftStorageDirectory (RaftStorageDirectory.java:tryLock(328)) - Lock on /workdir/hadoop-ozone/integration-test/target/test-dir/MiniOzoneClusterImpl-15e79e0b-a28f-4a98-99e1-aed18379cb8e/datanode-3/data/ratis/b67e15df-b1c6-4f1a-95cc-ce3a4acbd96b/in_use.lock acquired by nodename 2894@pr-hdds-1569-5jqvn-3828718746
2019-10-28 08:19:25,480 [pool-570-thread-1] INFO  storage.RaftStorage (RaftStorage.java:format(84)) - Storage directory /workdir/hadoop-ozone/integration-test/target/test-dir/MiniOzoneClusterImpl-15e79e0b-a28f-4a98-99e1-aed18379cb8e/datanode-6/data/ratis/b67e15df-b1c6-4f1a-95cc-ce3a4acbd96b has been successfully formatted.
2019-10-28 08:19:25,480 [pool-600-thread-1] INFO  storage.RaftStorage (RaftStorage.java:format(84)) - Storage directory /workdir/hadoop-ozone/integration-test/target/test-dir/MiniOzoneClusterImpl-15e79e0b-a28f-4a98-99e1-aed18379cb8e/datanode-9/data/ratis/b67e15df-b1c6-4f1a-95cc-ce3a4acbd96b has been successfully formatted.
2019-10-28 08:19:25,480 [pool-540-thread-1] INFO  storage.RaftStorage (RaftStorage.java:format(84)) - Storage directory /workdir/hadoop-ozone/integration-test/target/test-dir/MiniOzoneClusterImpl-15e79e0b-a28f-4a98-99e1-aed18379cb8e/datanode-3/data/ratis/b67e15df-b1c6-4f1a-95cc-ce3a4acbd96b has been successfully formatted.
2019-10-28 08:19:25,480 [pool-600-thread-1] INFO  ratis.ContainerStateMachine (ContainerStateMachine.java:loadSnapshot(231)) - group-CE3A4ACBD96B: The snapshot info is null. Setting the last applied indexto:(t:0, i:~)
2019-10-28 08:19:25,480 [pool-570-thread-1] INFO  ratis.ContainerStateMachine (ContainerStateMachine.java:loadSnapshot(231)) - group-CE3A4ACBD96B: The snapshot info is null. Setting the last applied indexto:(t:0, i:~)
2019-10-28 08:19:25,480 [pool-600-thread-1] INFO  server.RaftServerConfigKeys (ConfUtils.java:logGet(43)) - raft.server.notification.no-leader.timeout = 120s (custom)
2019-10-28 08:19:25,480 [pool-540-thread-1] INFO  ratis.ContainerStateMachine (ContainerStateMachine.java:loadSnapshot(231)) - group-CE3A4ACBD96B: The snapshot info is null. Setting the last applied indexto:(t:0, i:~)
2019-10-28 08:19:25,480 [pool-600-thread-1] INFO  server.RaftServerConfigKeys (ConfUtils.java:logGet(43)) - raft.server.log.use.memory = false (default)
2019-10-28 08:19:25,480 [pool-570-thread-1] INFO  server.RaftServerConfigKeys (ConfUtils.java:logGet(43)) - raft.server.notification.no-leader.timeout = 120s (custom)
2019-10-28 08:19:25,481 [pool-600-thread-1] INFO  server.RaftServerConfigKeys (ConfUtils.java:logGet(43)) - raft.server.log.purge.gap = 1000000 (custom)
2019-10-28 08:19:25,481 [pool-540-thread-1] INFO  server.RaftServerConfigKeys (ConfUtils.java:logGet(43)) - raft.server.notification.no-leader.timeout = 120s (custom)
2019-10-28 08:19:25,481 [pool-600-thread-1] INFO  server.RaftServerConfigKeys (ConfUtils.java:logGet(43)) - raft.server.log.appender.buffer.byte-limit = 33554432 (custom)
2019-10-28 08:19:25,481 [pool-570-thread-1] INFO  server.RaftServerConfigKeys (ConfUtils.java:logGet(43)) - raft.server.log.use.memory = false (default)
2019-10-28 08:19:25,481 [pool-600-thread-1] INFO  server.RaftServerConfigKeys (ConfUtils.java:logGet(43)) - raft.server.log.segment.size.max = 1048576 (custom)
2019-10-28 08:19:25,481 [pool-540-thread-1] INFO  server.RaftServerConfigKeys (ConfUtils.java:logGet(43)) - raft.server.log.use.memory = false (default)
2019-10-28 08:19:25,481 [pool-600-thread-1] INFO  server.RaftServerConfigKeys (ConfUtils.java:logGet(43)) - raft.server.log.segment.cache.num.max = 2 (custom)
2019-10-28 08:19:25,481 [pool-570-thread-1] INFO  server.RaftServerConfigKeys (ConfUtils.java:logGet(43)) - raft.server.log.purge.gap = 1000000 (custom)
2019-10-28 08:19:25,482 [pool-600-thread-1] INFO  segmented.SegmentedRaftLogWorker (SegmentedRaftLogWorker.java:<init>(173)) - new 6f05e68d-03c1-4824-99f0-3d21915cda5b@group-CE3A4ACBD96B-SegmentedRaftLogWorker for RaftStorage:Storage Directory /workdir/hadoop-ozone/integration-test/target/test-dir/MiniOzoneClusterImpl-15e79e0b-a28f-4a98-99e1-aed18379cb8e/datanode-9/data/ratis/b67e15df-b1c6-4f1a-95cc-ce3a4acbd96b
2019-10-28 08:19:25,481 [pool-540-thread-1] INFO  server.RaftServerConfigKeys (ConfUtils.java:logGet(43)) - raft.server.log.purge.gap = 1000000 (custom)
2019-10-28 08:19:25,482 [pool-600-thread-1] INFO  server.RaftServerConfigKeys (ConfUtils.java:logGet(43)) - raft.server.log.queue.byte-limit = 2147483647 (custom)
2019-10-28 08:19:25,482 [pool-570-thread-1] INFO  server.RaftServerConfigKeys (ConfUtils.java:logGet(43)) - raft.server.log.appender.buffer.byte-limit = 33554432 (custom)
2019-10-28 08:19:25,482 [pool-600-thread-1] INFO  server.RaftServerConfigKeys (ConfUtils.java:logGet(43)) - raft.server.log.queue.element-limit = 1024 (custom)
2019-10-28 08:19:25,482 [pool-540-thread-1] INFO  server.RaftServerConfigKeys (ConfUtils.java:logGet(43)) - raft.server.log.appender.buffer.byte-limit = 33554432 (custom)
2019-10-28 08:19:25,482 [pool-600-thread-1] INFO  server.RaftServerConfigKeys (ConfUtils.java:logGet(43)) - raft.server.log.segment.size.max = 1048576 (custom)
2019-10-28 08:19:25,482 [pool-570-thread-1] INFO  server.RaftServerConfigKeys (ConfUtils.java:logGet(43)) - raft.server.log.segment.size.max = 1048576 (custom)
2019-10-28 08:19:25,482 [pool-600-thread-1] INFO  server.RaftServerConfigKeys (ConfUtils.java:logGet(43)) - raft.server.log.preallocated.size = 16384 (custom)
2019-10-28 08:19:25,482 [pool-540-thread-1] INFO  server.RaftServerConfigKeys (ConfUtils.java:logGet(43)) - raft.server.log.segment.size.max = 1048576 (custom)
2019-10-28 08:19:25,483 [pool-600-thread-1] INFO  server.RaftServerConfigKeys (ConfUtils.java:logGet(43)) - raft.server.log.write.buffer.size = 33554432 (custom)
2019-10-28 08:19:25,483 [pool-570-thread-1] INFO  server.RaftServerConfigKeys (ConfUtils.java:logGet(43)) - raft.server.log.segment.cache.num.max = 2 (custom)
2019-10-28 08:19:25,483 [pool-600-thread-1] INFO  server.RaftServerConfigKeys (ConfUtils.java:logGet(43)) - raft.server.log.force.sync.num = 128 (default)
2019-10-28 08:19:25,483 [pool-540-thread-1] INFO  server.RaftServerConfigKeys (ConfUtils.java:logGet(43)) - raft.server.log.segment.cache.num.max = 2 (custom)
2019-10-28 08:19:25,483 [pool-600-thread-1] INFO  server.RaftServerConfigKeys (ConfUtils.java:logGet(43)) - raft.server.log.statemachine.data.sync = true (default)
2019-10-28 08:19:25,483 [pool-570-thread-1] INFO  segmented.SegmentedRaftLogWorker (SegmentedRaftLogWorker.java:<init>(173)) - new 2aa3b7c6-b90d-4752-89e9-33d25dd86bbd@group-CE3A4ACBD96B-SegmentedRaftLogWorker for RaftStorage:Storage Directory /workdir/hadoop-ozone/integration-test/target/test-dir/MiniOzoneClusterImpl-15e79e0b-a28f-4a98-99e1-aed18379cb8e/datanode-6/data/ratis/b67e15df-b1c6-4f1a-95cc-ce3a4acbd96b
2019-10-28 08:19:25,483 [pool-600-thread-1] INFO  server.RaftServerConfigKeys (ConfUtils.java:logGet(43)) - raft.server.log.statemachine.data.sync.timeout = 10s (default)
2019-10-28 08:19:25,483 [pool-540-thread-1] INFO  segmented.SegmentedRaftLogWorker (SegmentedRaftLogWorker.java:<init>(173)) - new 2a045742-6ad3-4ae4-8313-0bafe5f9a8d8@group-CE3A4ACBD96B-SegmentedRaftLogWorker for RaftStorage:Storage Directory /workdir/hadoop-ozone/integration-test/target/test-dir/MiniOzoneClusterImpl-15e79e0b-a28f-4a98-99e1-aed18379cb8e/datanode-3/data/ratis/b67e15df-b1c6-4f1a-95cc-ce3a4acbd96b
2019-10-28 08:19:25,483 [pool-600-thread-1] INFO  server.RaftServerConfigKeys (ConfUtils.java:logGet(43)) - raft.server.log.statemachine.data.sync.timeout.retry = -1 (default)
2019-10-28 08:19:25,483 [pool-570-thread-1] INFO  server.RaftServerConfigKeys (ConfUtils.java:logGet(43)) - raft.server.log.queue.byte-limit = 2147483647 (custom)
2019-10-28 08:19:25,484 [pool-600-thread-1] INFO  server.RaftServerConfigKeys (ConfUtils.java:logGet(43)) - raft.server.log.statemachine.data.caching.enabled = true (custom)
2019-10-28 08:19:25,484 [pool-540-thread-1] INFO  server.RaftServerConfigKeys (ConfUtils.java:logGet(43)) - raft.server.log.queue.byte-limit = 2147483647 (custom)
2019-10-28 08:19:25,484 [pool-570-thread-1] INFO  server.RaftServerConfigKeys (ConfUtils.java:logGet(43)) - raft.server.log.queue.element-limit = 1024 (custom)
2019-10-28 08:19:25,484 [pool-540-thread-1] INFO  server.RaftServerConfigKeys (ConfUtils.java:logGet(43)) - raft.server.log.queue.element-limit = 1024 (custom)
2019-10-28 08:19:25,484 [pool-570-thread-1] INFO  server.RaftServerConfigKeys (ConfUtils.java:logGet(43)) - raft.server.log.segment.size.max = 1048576 (custom)
2019-10-28 08:19:25,484 [pool-600-thread-1] INFO  segmented.SegmentedRaftLogWorker (SegmentedRaftLogWorker.java:lambda$new$0(128)) - 6f05e68d-03c1-4824-99f0-3d21915cda5b@group-CE3A4ACBD96B-SegmentedRaftLogWorker: flushIndex: setUnconditionally 0 -> -1
2019-10-28 08:19:25,484 [pool-570-thread-1] INFO  server.RaftServerConfigKeys (ConfUtils.java:logGet(43)) - raft.server.log.preallocated.size = 16384 (custom)
2019-10-28 08:19:25,485 [pool-570-thread-1] INFO  server.RaftServerConfigKeys (ConfUtils.java:logGet(43)) - raft.server.log.write.buffer.size = 33554432 (custom)
2019-10-28 08:19:25,484 [pool-540-thread-1] INFO  server.RaftServerConfigKeys (ConfUtils.java:logGet(43)) - raft.server.log.segment.size.max = 1048576 (custom)
2019-10-28 08:19:25,485 [pool-570-thread-1] INFO  server.RaftServerConfigKeys (ConfUtils.java:logGet(43)) - raft.server.log.force.sync.num = 128 (default)
2019-10-28 08:19:25,485 [pool-600-thread-1] INFO  server.RaftServerConfigKeys (ConfUtils.java:logGet(43)) - raft.server.snapshot.auto.trigger.enabled = true (custom)
2019-10-28 08:19:25,485 [pool-570-thread-1] INFO  server.RaftServerConfigKeys (ConfUtils.java:logGet(43)) - raft.server.log.statemachine.data.sync = true (default)
2019-10-28 08:19:25,485 [pool-540-thread-1] INFO  server.RaftServerConfigKeys (ConfUtils.java:logGet(43)) - raft.server.log.preallocated.size = 16384 (custom)
2019-10-28 08:19:25,485 [pool-570-thread-1] INFO  server.RaftServerConfigKeys (ConfUtils.java:logGet(43)) - raft.server.log.statemachine.data.sync.timeout = 10s (default)
2019-10-28 08:19:25,485 [pool-600-thread-1] INFO  server.RaftServerConfigKeys (ConfUtils.java:logGet(43)) - raft.server.snapshot.auto.trigger.threshold = 10000 (custom)
2019-10-28 08:19:25,485 [pool-570-thread-1] INFO  server.RaftServerConfigKeys (ConfUtils.java:logGet(43)) - raft.server.log.statemachine.data.sync.timeout.retry = -1 (default)
2019-10-28 08:19:25,485 [pool-540-thread-1] INFO  server.RaftServerConfigKeys (ConfUtils.java:logGet(43)) - raft.server.log.write.buffer.size = 33554432 (custom)
2019-10-28 08:19:25,486 [pool-570-thread-1] INFO  server.RaftServerConfigKeys (ConfUtils.java:logGet(43)) - raft.server.log.statemachine.data.caching.enabled = true (custom)
2019-10-28 08:19:25,485 [pool-600-thread-1] INFO  server.RaftServerConfigKeys (ConfUtils.java:logGet(43)) - raft.server.snapshot.retention.file.num = 5 (custom)
2019-10-28 08:19:25,486 [pool-540-thread-1] INFO  server.RaftServerConfigKeys (ConfUtils.java:logGet(43)) - raft.server.log.force.sync.num = 128 (default)
2019-10-28 08:19:25,486 [pool-600-thread-1] INFO  server.RaftServerConfigKeys (ConfUtils.java:logGet(43)) - raft.server.retrycache.expirytime = 600000ms (custom)
2019-10-28 08:19:25,486 [pool-570-thread-1] INFO  segmented.SegmentedRaftLogWorker (SegmentedRaftLogWorker.java:lambda$new$0(128)) - 2aa3b7c6-b90d-4752-89e9-33d25dd86bbd@group-CE3A4ACBD96B-SegmentedRaftLogWorker: flushIndex: setUnconditionally 0 -> -1
2019-10-28 08:19:25,486 [pool-540-thread-1] INFO  server.RaftServerConfigKeys (ConfUtils.java:logGet(43)) - raft.server.log.statemachine.data.sync = true (default)
2019-10-28 08:19:25,486 [pool-540-thread-1] INFO  server.RaftServerConfigKeys (ConfUtils.java:logGet(43)) - raft.server.log.statemachine.data.sync.timeout = 10s (default)
2019-10-28 08:19:25,486 [pool-570-thread-1] INFO  server.RaftServerConfigKeys (ConfUtils.java:logGet(43)) - raft.server.snapshot.auto.trigger.enabled = true (custom)
2019-10-28 08:19:25,486 [pool-540-thread-1] INFO  server.RaftServerConfigKeys (ConfUtils.java:logGet(43)) - raft.server.log.statemachine.data.sync.timeout.retry = -1 (default)
2019-10-28 08:19:25,486 [pool-570-thread-1] INFO  server.RaftServerConfigKeys (ConfUtils.java:logGet(43)) - raft.server.snapshot.auto.trigger.threshold = 10000 (custom)
2019-10-28 08:19:25,487 [pool-540-thread-1] INFO  server.RaftServerConfigKeys (ConfUtils.java:logGet(43)) - raft.server.log.statemachine.data.caching.enabled = true (custom)
2019-10-28 08:19:25,487 [pool-570-thread-1] INFO  server.RaftServerConfigKeys (ConfUtils.java:logGet(43)) - raft.server.snapshot.retention.file.num = 5 (custom)
2019-10-28 08:19:25,487 [pool-570-thread-1] INFO  server.RaftServerConfigKeys (ConfUtils.java:logGet(43)) - raft.server.retrycache.expirytime = 600000ms (custom)
2019-10-28 08:19:25,487 [pool-540-thread-1] INFO  segmented.SegmentedRaftLogWorker (SegmentedRaftLogWorker.java:lambda$new$0(128)) - 2a045742-6ad3-4ae4-8313-0bafe5f9a8d8@group-CE3A4ACBD96B-SegmentedRaftLogWorker: flushIndex: setUnconditionally 0 -> -1
2019-10-28 08:19:25,487 [pool-540-thread-1] INFO  server.RaftServerConfigKeys (ConfUtils.java:logGet(43)) - raft.server.snapshot.auto.trigger.enabled = true (custom)
2019-10-28 08:19:25,487 [pool-540-thread-1] INFO  server.RaftServerConfigKeys (ConfUtils.java:logGet(43)) - raft.server.snapshot.auto.trigger.threshold = 10000 (custom)
2019-10-28 08:19:25,487 [pool-540-thread-1] INFO  server.RaftServerConfigKeys (ConfUtils.java:logGet(43)) - raft.server.snapshot.retention.file.num = 5 (custom)
2019-10-28 08:19:25,488 [pool-540-thread-1] INFO  server.RaftServerConfigKeys (ConfUtils.java:logGet(43)) - raft.server.retrycache.expirytime = 600000ms (custom)
2019-10-28 08:19:25,488 [pool-600-thread-1] INFO  impl.RaftServerImpl (RaftServerImpl.java:start(181)) - 6f05e68d-03c1-4824-99f0-3d21915cda5b@group-CE3A4ACBD96B: start as a follower, conf=-1: [2aa3b7c6-b90d-4752-89e9-33d25dd86bbd:192.168.34.22:43904, 2a045742-6ad3-4ae4-8313-0bafe5f9a8d8:192.168.34.22:36717, 6f05e68d-03c1-4824-99f0-3d21915cda5b:192.168.34.22:36489], old=null
2019-10-28 08:19:25,488 [pool-600-thread-1] INFO  impl.RaftServerImpl (RaftServerImpl.java:setRole(170)) - 6f05e68d-03c1-4824-99f0-3d21915cda5b@group-CE3A4ACBD96B: changes role from      null to FOLLOWER at term 0 for startAsFollower
2019-10-28 08:19:25,488 [pool-600-thread-1] INFO  impl.RoleInfo (RoleInfo.java:updateAndGet(143)) - 6f05e68d-03c1-4824-99f0-3d21915cda5b: start FollowerState
2019-10-28 08:19:25,489 [pool-600-thread-1] INFO  util.JmxRegister (JmxRegister.java:tryRegister(44)) - Successfully registered JMX Bean with object name Ratis:service=RaftServer,group=group-CE3A4ACBD96B,id=6f05e68d-03c1-4824-99f0-3d21915cda5b
2019-10-28 08:19:25,489 [pool-570-thread-1] INFO  impl.RaftServerImpl (RaftServerImpl.java:start(181)) - 2aa3b7c6-b90d-4752-89e9-33d25dd86bbd@group-CE3A4ACBD96B: start as a follower, conf=-1: [2aa3b7c6-b90d-4752-89e9-33d25dd86bbd:192.168.34.22:43904, 2a045742-6ad3-4ae4-8313-0bafe5f9a8d8:192.168.34.22:36717, 6f05e68d-03c1-4824-99f0-3d21915cda5b:192.168.34.22:36489], old=null
2019-10-28 08:19:25,489 [pool-570-thread-1] INFO  impl.RaftServerImpl (RaftServerImpl.java:setRole(170)) - 2aa3b7c6-b90d-4752-89e9-33d25dd86bbd@group-CE3A4ACBD96B: changes role from      null to FOLLOWER at term 0 for startAsFollower
2019-10-28 08:19:25,490 [pool-570-thread-1] INFO  impl.RoleInfo (RoleInfo.java:updateAndGet(143)) - 2aa3b7c6-b90d-4752-89e9-33d25dd86bbd: start FollowerState
2019-10-28 08:19:25,490 [pool-570-thread-1] INFO  util.JmxRegister (JmxRegister.java:tryRegister(44)) - Successfully registered JMX Bean with object name Ratis:service=RaftServer,group=group-CE3A4ACBD96B,id=2aa3b7c6-b90d-4752-89e9-33d25dd86bbd
2019-10-28 08:19:25,490 [pool-540-thread-1] INFO  impl.RaftServerImpl (RaftServerImpl.java:start(181)) - 2a045742-6ad3-4ae4-8313-0bafe5f9a8d8@group-CE3A4ACBD96B: start as a follower, conf=-1: [2aa3b7c6-b90d-4752-89e9-33d25dd86bbd:192.168.34.22:43904, 2a045742-6ad3-4ae4-8313-0bafe5f9a8d8:192.168.34.22:36717, 6f05e68d-03c1-4824-99f0-3d21915cda5b:192.168.34.22:36489], old=null
2019-10-28 08:19:25,490 [pool-540-thread-1] INFO  impl.RaftServerImpl (RaftServerImpl.java:setRole(170)) - 2a045742-6ad3-4ae4-8313-0bafe5f9a8d8@group-CE3A4ACBD96B: changes role from      null to FOLLOWER at term 0 for startAsFollower
2019-10-28 08:19:25,490 [pool-540-thread-1] INFO  impl.RoleInfo (RoleInfo.java:updateAndGet(143)) - 2a045742-6ad3-4ae4-8313-0bafe5f9a8d8: start FollowerState
2019-10-28 08:19:25,491 [pool-540-thread-1] INFO  util.JmxRegister (JmxRegister.java:tryRegister(44)) - Successfully registered JMX Bean with object name Ratis:service=RaftServer,group=group-CE3A4ACBD96B,id=2a045742-6ad3-4ae4-8313-0bafe5f9a8d8
2019-10-28 08:19:25,495 [RatisPipelineUtilsThread] INFO  pipeline.PipelineStateManager (PipelineStateManager.java:addPipeline(56)) - Created pipeline Pipeline[ Id: b67e15df-b1c6-4f1a-95cc-ce3a4acbd96b, Nodes: 6f05e68d-03c1-4824-99f0-3d21915cda5b{ip: 192.168.34.22, host: pr-hdds-1569-5jqvn-3828718746, networkLocation: /rack1, certSerialId: null}2a045742-6ad3-4ae4-8313-0bafe5f9a8d8{ip: 192.168.34.22, host: pr-hdds-1569-5jqvn-3828718746, networkLocation: /rack1, certSerialId: null}2aa3b7c6-b90d-4752-89e9-33d25dd86bbd{ip: 192.168.34.22, host: pr-hdds-1569-5jqvn-3828718746, networkLocation: /rack1, certSerialId: null}, Type:RATIS, Factor:THREE, State:OPEN]
2019-10-28 08:19:25,495 [RatisPipelineUtilsThread] INFO  pipeline.PipelinePlacementPolicy (PipelinePlacementPolicy.java:meetCriteria(117)) - Pipeline Placement: can't place more pipeline on heavy datanode? c538bdf1-684e-4089-9cc6-6fa0b44fa7c7 Heaviness: 2 limit: 2
2019-10-28 08:19:25,495 [RatisPipelineUtilsThread] INFO  pipeline.PipelinePlacementPolicy (PipelinePlacementPolicy.java:meetCriteria(117)) - Pipeline Placement: can't place more pipeline on heavy datanode? 442f1a8c-01a9-4abf-8c25-ed2da4cb70e7 Heaviness: 2 limit: 2
2019-10-28 08:19:25,496 [RatisPipelineUtilsThread] INFO  pipeline.PipelinePlacementPolicy (PipelinePlacementPolicy.java:meetCriteria(117)) - Pipeline Placement: can't place more pipeline on heavy datanode? 8dd013f2-bbde-4487-bce9-479ed92de2a3 Heaviness: 2 limit: 2
2019-10-28 08:19:25,496 [RatisPipelineUtilsThread] INFO  pipeline.PipelinePlacementPolicy (PipelinePlacementPolicy.java:meetCriteria(117)) - Pipeline Placement: can't place more pipeline on heavy datanode? 931f47be-92fd-4e78-8b74-097dddc5e38b Heaviness: 2 limit: 2
2019-10-28 08:19:25,496 [RatisPipelineUtilsThread] INFO  pipeline.PipelinePlacementPolicy (PipelinePlacementPolicy.java:meetCriteria(117)) - Pipeline Placement: can't place more pipeline on heavy datanode? 491ad50e-3375-4589-a02d-0269379b43b4 Heaviness: 2 limit: 2
2019-10-28 08:19:25,496 [RatisPipelineUtilsThread] INFO  pipeline.PipelinePlacementPolicy (PipelinePlacementPolicy.java:meetCriteria(117)) - Pipeline Placement: can't place more pipeline on heavy datanode? 2aa3b7c6-b90d-4752-89e9-33d25dd86bbd Heaviness: 2 limit: 2
2019-10-28 08:19:25,496 [RatisPipelineUtilsThread] INFO  pipeline.PipelinePlacementPolicy (PipelinePlacementPolicy.java:meetCriteria(117)) - Pipeline Placement: can't place more pipeline on heavy datanode? 00d59604-869a-42b3-a19c-0cd76ca30d07 Heaviness: 2 limit: 2
2019-10-28 08:19:25,496 [RatisPipelineUtilsThread] INFO  pipeline.PipelinePlacementPolicy (PipelinePlacementPolicy.java:meetCriteria(117)) - Pipeline Placement: can't place more pipeline on heavy datanode? 6f05e68d-03c1-4824-99f0-3d21915cda5b Heaviness: 2 limit: 2
2019-10-28 08:19:25,496 [RatisPipelineUtilsThread] INFO  pipeline.PipelinePlacementPolicy (PipelinePlacementPolicy.java:meetCriteria(117)) - Pipeline Placement: can't place more pipeline on heavy datanode? 2a045742-6ad3-4ae4-8313-0bafe5f9a8d8 Heaviness: 2 limit: 2
2019-10-28 08:19:25,497 [RatisPipelineUtilsThread] ERROR pipeline.PipelinePlacementPolicy (PipelinePlacementPolicy.java:filterViableNodes(175)) - Unable to find enough nodes that meet the criteria that cannot engage in more than 2 pipelines. Nodes required: 3 Found: 1, healthy nodes count in NodeManager: 10.
2019-10-28 08:19:25,497 [RatisPipelineUtilsThread] ERROR pipeline.SCMPipelineManager (SCMPipelineManager.java:createPipeline(161)) - Pipeline creation failed.
org.apache.hadoop.hdds.scm.exceptions.SCMException: Unable to find enough nodes that meet the criteria that cannot engage in more than 2 pipelines. Nodes required: 3 Found: 1, healthy nodes count in NodeManager: 10.
	at org.apache.hadoop.hdds.scm.pipeline.PipelinePlacementPolicy.filterViableNodes(PipelinePlacementPolicy.java:176)
	at org.apache.hadoop.hdds.scm.pipeline.PipelinePlacementPolicy.chooseDatanodes(PipelinePlacementPolicy.java:199)
	at org.apache.hadoop.hdds.scm.pipeline.RatisPipelineProvider.create(RatisPipelineProvider.java:177)
	at org.apache.hadoop.hdds.scm.pipeline.PipelineFactory.create(PipelineFactory.java:58)
	at org.apache.hadoop.hdds.scm.pipeline.SCMPipelineManager.createPipeline(SCMPipelineManager.java:151)
	at org.apache.hadoop.hdds.scm.pipeline.BackgroundPipelineCreator.createPipelines(BackgroundPipelineCreator.java:100)
	at java.util.concurrent.Executors$RunnableAdapter.call(Executors.java:511)
	at java.util.concurrent.FutureTask.run(FutureTask.java:266)
	at java.util.concurrent.ScheduledThreadPoolExecutor$ScheduledFutureTask.access$201(ScheduledThreadPoolExecutor.java:180)
	at java.util.concurrent.ScheduledThreadPoolExecutor$ScheduledFutureTask.run(ScheduledThreadPoolExecutor.java:293)
	at java.util.concurrent.ThreadPoolExecutor.runWorker(ThreadPoolExecutor.java:1149)
	at java.util.concurrent.ThreadPoolExecutor$Worker.run(ThreadPoolExecutor.java:624)
	at java.lang.Thread.run(Thread.java:748)
2019-10-28 08:19:25,606 [Thread-3701] INFO  impl.FollowerState (FollowerState.java:run(108)) - 8dd013f2-bbde-4487-bce9-479ed92de2a3@group-F5129AA3BD50-FollowerState: change to CANDIDATE, lastRpcTime:1005ms, electionTimeout:1005ms
2019-10-28 08:19:25,606 [Thread-3701] INFO  impl.RoleInfo (RoleInfo.java:shutdownFollowerState(121)) - 8dd013f2-bbde-4487-bce9-479ed92de2a3: shutdown FollowerState
2019-10-28 08:19:25,606 [Thread-3701] INFO  impl.RaftServerImpl (RaftServerImpl.java:setRole(170)) - 8dd013f2-bbde-4487-bce9-479ed92de2a3@group-F5129AA3BD50: changes role from  FOLLOWER to CANDIDATE at term 0 for changeToCandidate
2019-10-28 08:19:25,606 [Thread-3701] INFO  impl.RoleInfo (RoleInfo.java:updateAndGet(143)) - 8dd013f2-bbde-4487-bce9-479ed92de2a3: start LeaderElection
2019-10-28 08:19:25,620 [8dd013f2-bbde-4487-bce9-479ed92de2a3@group-F5129AA3BD50-LeaderElection140] INFO  impl.LeaderElection (LeaderElection.java:askForVotes(178)) - 8dd013f2-bbde-4487-bce9-479ed92de2a3@group-F5129AA3BD50-LeaderElection140: begin an election at term 1 for -1: [8dd013f2-bbde-4487-bce9-479ed92de2a3:192.168.34.22:35242], old=null
2019-10-28 08:19:25,620 [8dd013f2-bbde-4487-bce9-479ed92de2a3@group-F5129AA3BD50-LeaderElection140] INFO  impl.RoleInfo (RoleInfo.java:shutdownLeaderElection(134)) - 8dd013f2-bbde-4487-bce9-479ed92de2a3: shutdown LeaderElection
2019-10-28 08:19:25,621 [8dd013f2-bbde-4487-bce9-479ed92de2a3@group-F5129AA3BD50-LeaderElection140] INFO  impl.RaftServerImpl (RaftServerImpl.java:setRole(170)) - 8dd013f2-bbde-4487-bce9-479ed92de2a3@group-F5129AA3BD50: changes role from CANDIDATE to LEADER at term 1 for changeToLeader
2019-10-28 08:19:25,621 [8dd013f2-bbde-4487-bce9-479ed92de2a3@group-F5129AA3BD50-LeaderElection140] INFO  impl.RaftServerImpl (ServerState.java:setLeader(255)) - 8dd013f2-bbde-4487-bce9-479ed92de2a3@group-F5129AA3BD50: change Leader from null to 8dd013f2-bbde-4487-bce9-479ed92de2a3 at term 1 for becomeLeader, leader elected after 1025ms
2019-10-28 08:19:25,621 [8dd013f2-bbde-4487-bce9-479ed92de2a3@group-F5129AA3BD50-LeaderElection140] INFO  server.RaftServerConfigKeys (ConfUtils.java:logGet(43)) - raft.server.staging.catchup.gap = 1000 (default)
2019-10-28 08:19:25,621 [8dd013f2-bbde-4487-bce9-479ed92de2a3@group-F5129AA3BD50-LeaderElection140] INFO  server.RaftServerConfigKeys (ConfUtils.java:logGet(43)) - raft.server.rpc.sleep.time = 25ms (default)
2019-10-28 08:19:25,622 [8dd013f2-bbde-4487-bce9-479ed92de2a3@group-F5129AA3BD50-LeaderElection140] INFO  server.RaftServerConfigKeys (ConfUtils.java:logGet(43)) - raft.server.write.element-limit = 4096 (default)
2019-10-28 08:19:25,622 [8dd013f2-bbde-4487-bce9-479ed92de2a3@group-F5129AA3BD50-LeaderElection140] INFO  server.RaftServerConfigKeys (ConfUtils.java:logGet(43)) - raft.server.watch.timeout = 10s (default)
2019-10-28 08:19:25,622 [8dd013f2-bbde-4487-bce9-479ed92de2a3@group-F5129AA3BD50-LeaderElection140] INFO  server.RaftServerConfigKeys (ConfUtils.java:logGet(43)) - raft.server.watch.timeout.denomination = 1s (default)
2019-10-28 08:19:25,622 [8dd013f2-bbde-4487-bce9-479ed92de2a3@group-F5129AA3BD50-LeaderElection140] INFO  server.RaftServerConfigKeys (ConfUtils.java:logGet(43)) - raft.server.watch.element-limit = 65536 (default)
2019-10-28 08:19:25,624 [8dd013f2-bbde-4487-bce9-479ed92de2a3@group-F5129AA3BD50-LeaderElection140] INFO  impl.RoleInfo (RoleInfo.java:updateAndGet(143)) - 8dd013f2-bbde-4487-bce9-479ed92de2a3: start LeaderState
2019-10-28 08:19:25,624 [8dd013f2-bbde-4487-bce9-479ed92de2a3@group-F5129AA3BD50-LeaderElection140] INFO  segmented.SegmentedRaftLogWorker (SegmentedRaftLogWorker.java:startLogSegment(385)) - 8dd013f2-bbde-4487-bce9-479ed92de2a3@group-F5129AA3BD50-SegmentedRaftLogWorker: Starting segment from index:0
2019-10-28 08:19:25,625 [8dd013f2-bbde-4487-bce9-479ed92de2a3@group-F5129AA3BD50-LeaderElection140] INFO  impl.RaftServerImpl (ServerState.java:setRaftConf(356)) - 8dd013f2-bbde-4487-bce9-479ed92de2a3@group-F5129AA3BD50: set configuration 0: [8dd013f2-bbde-4487-bce9-479ed92de2a3:192.168.34.22:35242], old=null at 0
2019-10-28 08:19:25,670 [8dd013f2-bbde-4487-bce9-479ed92de2a3@group-F5129AA3BD50-SegmentedRaftLogWorker] INFO  segmented.SegmentedRaftLogWorker (SegmentedRaftLogWorker.java:execute(574)) - 8dd013f2-bbde-4487-bce9-479ed92de2a3@group-F5129AA3BD50-SegmentedRaftLogWorker: created new log segment /workdir/hadoop-ozone/integration-test/target/test-dir/MiniOzoneClusterImpl-15e79e0b-a28f-4a98-99e1-aed18379cb8e/datanode-0/data/ratis/c35db48d-e40c-4c83-a5ea-f5129aa3bd50/current/log_inprogress_0
2019-10-28 08:19:25,754 [Thread-3704] INFO  impl.FollowerState (FollowerState.java:run(108)) - 00d59604-869a-42b3-a19c-0cd76ca30d07@group-894347CC7C6E-FollowerState: change to CANDIDATE, lastRpcTime:1106ms, electionTimeout:1106ms
2019-10-28 08:19:25,754 [Thread-3704] INFO  impl.RoleInfo (RoleInfo.java:shutdownFollowerState(121)) - 00d59604-869a-42b3-a19c-0cd76ca30d07: shutdown FollowerState
2019-10-28 08:19:25,754 [Thread-3704] INFO  impl.RaftServerImpl (RaftServerImpl.java:setRole(170)) - 00d59604-869a-42b3-a19c-0cd76ca30d07@group-894347CC7C6E: changes role from  FOLLOWER to CANDIDATE at term 0 for changeToCandidate
2019-10-28 08:19:25,755 [Thread-3704] INFO  impl.RoleInfo (RoleInfo.java:updateAndGet(143)) - 00d59604-869a-42b3-a19c-0cd76ca30d07: start LeaderElection
2019-10-28 08:19:25,769 [00d59604-869a-42b3-a19c-0cd76ca30d07@group-894347CC7C6E-LeaderElection141] INFO  impl.LeaderElection (LeaderElection.java:askForVotes(178)) - 00d59604-869a-42b3-a19c-0cd76ca30d07@group-894347CC7C6E-LeaderElection141: begin an election at term 1 for -1: [00d59604-869a-42b3-a19c-0cd76ca30d07:192.168.34.22:38783], old=null
2019-10-28 08:19:25,769 [00d59604-869a-42b3-a19c-0cd76ca30d07@group-894347CC7C6E-LeaderElection141] INFO  impl.RoleInfo (RoleInfo.java:shutdownLeaderElection(134)) - 00d59604-869a-42b3-a19c-0cd76ca30d07: shutdown LeaderElection
2019-10-28 08:19:25,769 [00d59604-869a-42b3-a19c-0cd76ca30d07@group-894347CC7C6E-LeaderElection141] INFO  impl.RaftServerImpl (RaftServerImpl.java:setRole(170)) - 00d59604-869a-42b3-a19c-0cd76ca30d07@group-894347CC7C6E: changes role from CANDIDATE to LEADER at term 1 for changeToLeader
2019-10-28 08:19:25,770 [00d59604-869a-42b3-a19c-0cd76ca30d07@group-894347CC7C6E-LeaderElection141] INFO  impl.RaftServerImpl (ServerState.java:setLeader(255)) - 00d59604-869a-42b3-a19c-0cd76ca30d07@group-894347CC7C6E: change Leader from null to 00d59604-869a-42b3-a19c-0cd76ca30d07 at term 1 for becomeLeader, leader elected after 1127ms
2019-10-28 08:19:25,770 [00d59604-869a-42b3-a19c-0cd76ca30d07@group-894347CC7C6E-LeaderElection141] INFO  server.RaftServerConfigKeys (ConfUtils.java:logGet(43)) - raft.server.staging.catchup.gap = 1000 (default)
2019-10-28 08:19:25,770 [00d59604-869a-42b3-a19c-0cd76ca30d07@group-894347CC7C6E-LeaderElection141] INFO  server.RaftServerConfigKeys (ConfUtils.java:logGet(43)) - raft.server.rpc.sleep.time = 25ms (default)
2019-10-28 08:19:25,770 [00d59604-869a-42b3-a19c-0cd76ca30d07@group-894347CC7C6E-LeaderElection141] INFO  server.RaftServerConfigKeys (ConfUtils.java:logGet(43)) - raft.server.write.element-limit = 4096 (default)
2019-10-28 08:19:25,770 [00d59604-869a-42b3-a19c-0cd76ca30d07@group-894347CC7C6E-LeaderElection141] INFO  server.RaftServerConfigKeys (ConfUtils.java:logGet(43)) - raft.server.watch.timeout = 10s (default)
2019-10-28 08:19:25,770 [00d59604-869a-42b3-a19c-0cd76ca30d07@group-894347CC7C6E-LeaderElection141] INFO  server.RaftServerConfigKeys (ConfUtils.java:logGet(43)) - raft.server.watch.timeout.denomination = 1s (default)
2019-10-28 08:19:25,770 [00d59604-869a-42b3-a19c-0cd76ca30d07@group-894347CC7C6E-LeaderElection141] INFO  server.RaftServerConfigKeys (ConfUtils.java:logGet(43)) - raft.server.watch.element-limit = 65536 (default)
2019-10-28 08:19:25,772 [00d59604-869a-42b3-a19c-0cd76ca30d07@group-894347CC7C6E-LeaderElection141] INFO  impl.RoleInfo (RoleInfo.java:updateAndGet(143)) - 00d59604-869a-42b3-a19c-0cd76ca30d07: start LeaderState
2019-10-28 08:19:25,772 [00d59604-869a-42b3-a19c-0cd76ca30d07@group-894347CC7C6E-LeaderElection141] INFO  segmented.SegmentedRaftLogWorker (SegmentedRaftLogWorker.java:startLogSegment(385)) - 00d59604-869a-42b3-a19c-0cd76ca30d07@group-894347CC7C6E-SegmentedRaftLogWorker: Starting segment from index:0
2019-10-28 08:19:25,773 [00d59604-869a-42b3-a19c-0cd76ca30d07@group-894347CC7C6E-LeaderElection141] INFO  impl.RaftServerImpl (ServerState.java:setRaftConf(356)) - 00d59604-869a-42b3-a19c-0cd76ca30d07@group-894347CC7C6E: set configuration 0: [00d59604-869a-42b3-a19c-0cd76ca30d07:192.168.34.22:38783], old=null at 0
2019-10-28 08:19:25,813 [Thread-3715] INFO  impl.FollowerState (FollowerState.java:run(108)) - 00d59604-869a-42b3-a19c-0cd76ca30d07@group-C80DD7B1CD18-FollowerState: change to CANDIDATE, lastRpcTime:1007ms, electionTimeout:1007ms
2019-10-28 08:19:25,813 [Thread-3715] INFO  impl.RoleInfo (RoleInfo.java:shutdownFollowerState(121)) - 00d59604-869a-42b3-a19c-0cd76ca30d07: shutdown FollowerState
2019-10-28 08:19:25,813 [Thread-3715] INFO  impl.RaftServerImpl (RaftServerImpl.java:setRole(170)) - 00d59604-869a-42b3-a19c-0cd76ca30d07@group-C80DD7B1CD18: changes role from  FOLLOWER to CANDIDATE at term 0 for changeToCandidate
2019-10-28 08:19:25,814 [Thread-3715] INFO  impl.RoleInfo (RoleInfo.java:updateAndGet(143)) - 00d59604-869a-42b3-a19c-0cd76ca30d07: start LeaderElection
2019-10-28 08:19:25,819 [00d59604-869a-42b3-a19c-0cd76ca30d07@group-894347CC7C6E-SegmentedRaftLogWorker] INFO  segmented.SegmentedRaftLogWorker (SegmentedRaftLogWorker.java:execute(574)) - 00d59604-869a-42b3-a19c-0cd76ca30d07@group-894347CC7C6E-SegmentedRaftLogWorker: created new log segment /workdir/hadoop-ozone/integration-test/target/test-dir/MiniOzoneClusterImpl-15e79e0b-a28f-4a98-99e1-aed18379cb8e/datanode-1/data/ratis/a8cc16b2-b5d5-4512-93ab-894347cc7c6e/current/log_inprogress_0
2019-10-28 08:19:25,819 [00d59604-869a-42b3-a19c-0cd76ca30d07@group-C80DD7B1CD18-LeaderElection142] INFO  impl.LeaderElection (LeaderElection.java:askForVotes(178)) - 00d59604-869a-42b3-a19c-0cd76ca30d07@group-C80DD7B1CD18-LeaderElection142: begin an election at term 1 for -1: [8dd013f2-bbde-4487-bce9-479ed92de2a3:192.168.34.22:35242, 00d59604-869a-42b3-a19c-0cd76ca30d07:192.168.34.22:38783, 442f1a8c-01a9-4abf-8c25-ed2da4cb70e7:192.168.34.22:39138], old=null
2019-10-28 08:19:25,827 [grpc-default-executor-9] INFO  impl.RaftServerImpl (RaftServerImpl.java:setRole(170)) - 8dd013f2-bbde-4487-bce9-479ed92de2a3@group-C80DD7B1CD18: changes role from  FOLLOWER to FOLLOWER at term 1 for recognizeCandidate:00d59604-869a-42b3-a19c-0cd76ca30d07
2019-10-28 08:19:25,827 [grpc-default-executor-7] INFO  impl.RaftServerImpl (RaftServerImpl.java:setRole(170)) - 442f1a8c-01a9-4abf-8c25-ed2da4cb70e7@group-C80DD7B1CD18: changes role from  FOLLOWER to FOLLOWER at term 1 for recognizeCandidate:00d59604-869a-42b3-a19c-0cd76ca30d07
2019-10-28 08:19:25,827 [grpc-default-executor-9] INFO  impl.RoleInfo (RoleInfo.java:shutdownFollowerState(121)) - 8dd013f2-bbde-4487-bce9-479ed92de2a3: shutdown FollowerState
2019-10-28 08:19:25,827 [grpc-default-executor-7] INFO  impl.RoleInfo (RoleInfo.java:shutdownFollowerState(121)) - 442f1a8c-01a9-4abf-8c25-ed2da4cb70e7: shutdown FollowerState
2019-10-28 08:19:25,827 [Thread-3714] INFO  impl.FollowerState (FollowerState.java:run(117)) - 8dd013f2-bbde-4487-bce9-479ed92de2a3@group-C80DD7B1CD18-FollowerState was interrupted: java.lang.InterruptedException: sleep interrupted
2019-10-28 08:19:25,827 [grpc-default-executor-9] INFO  impl.RoleInfo (RoleInfo.java:updateAndGet(143)) - 8dd013f2-bbde-4487-bce9-479ed92de2a3: start FollowerState
2019-10-28 08:19:25,828 [Thread-3710] INFO  impl.FollowerState (FollowerState.java:run(117)) - 442f1a8c-01a9-4abf-8c25-ed2da4cb70e7@group-C80DD7B1CD18-FollowerState was interrupted: java.lang.InterruptedException: sleep interrupted
2019-10-28 08:19:25,827 [grpc-default-executor-7] INFO  impl.RoleInfo (RoleInfo.java:updateAndGet(143)) - 442f1a8c-01a9-4abf-8c25-ed2da4cb70e7: start FollowerState
2019-10-28 08:19:25,833 [00d59604-869a-42b3-a19c-0cd76ca30d07@group-C80DD7B1CD18-LeaderElection142] INFO  impl.LeaderElection (LeaderElection.java:logAndReturn(56)) - 00d59604-869a-42b3-a19c-0cd76ca30d07@group-C80DD7B1CD18-LeaderElection142: Election PASSED; received 1 response(s) [00d59604-869a-42b3-a19c-0cd76ca30d07<-442f1a8c-01a9-4abf-8c25-ed2da4cb70e7#0:OK-t1] and 0 exception(s); 00d59604-869a-42b3-a19c-0cd76ca30d07@group-C80DD7B1CD18:t1, leader=null, voted=00d59604-869a-42b3-a19c-0cd76ca30d07, raftlog=00d59604-869a-42b3-a19c-0cd76ca30d07@group-C80DD7B1CD18-SegmentedRaftLog:OPENED:c-1,f-1,i0, conf=-1: [8dd013f2-bbde-4487-bce9-479ed92de2a3:192.168.34.22:35242, 00d59604-869a-42b3-a19c-0cd76ca30d07:192.168.34.22:38783, 442f1a8c-01a9-4abf-8c25-ed2da4cb70e7:192.168.34.22:39138], old=null
2019-10-28 08:19:25,833 [00d59604-869a-42b3-a19c-0cd76ca30d07@group-C80DD7B1CD18-LeaderElection142] INFO  impl.RoleInfo (RoleInfo.java:shutdownLeaderElection(134)) - 00d59604-869a-42b3-a19c-0cd76ca30d07: shutdown LeaderElection
2019-10-28 08:19:25,833 [00d59604-869a-42b3-a19c-0cd76ca30d07@group-C80DD7B1CD18-LeaderElection142] INFO  impl.RaftServerImpl (RaftServerImpl.java:setRole(170)) - 00d59604-869a-42b3-a19c-0cd76ca30d07@group-C80DD7B1CD18: changes role from CANDIDATE to LEADER at term 1 for changeToLeader
2019-10-28 08:19:25,833 [00d59604-869a-42b3-a19c-0cd76ca30d07@group-C80DD7B1CD18-LeaderElection142] INFO  impl.RaftServerImpl (ServerState.java:setLeader(255)) - 00d59604-869a-42b3-a19c-0cd76ca30d07@group-C80DD7B1CD18: change Leader from null to 00d59604-869a-42b3-a19c-0cd76ca30d07 at term 1 for becomeLeader, leader elected after 1040ms
2019-10-28 08:19:25,833 [00d59604-869a-42b3-a19c-0cd76ca30d07@group-C80DD7B1CD18-LeaderElection142] INFO  server.RaftServerConfigKeys (ConfUtils.java:logGet(43)) - raft.server.staging.catchup.gap = 1000 (default)
2019-10-28 08:19:25,834 [00d59604-869a-42b3-a19c-0cd76ca30d07@group-C80DD7B1CD18-LeaderElection142] INFO  server.RaftServerConfigKeys (ConfUtils.java:logGet(43)) - raft.server.rpc.sleep.time = 25ms (default)
2019-10-28 08:19:25,834 [00d59604-869a-42b3-a19c-0cd76ca30d07@group-C80DD7B1CD18-LeaderElection142] INFO  server.RaftServerConfigKeys (ConfUtils.java:logGet(43)) - raft.server.write.element-limit = 4096 (default)
2019-10-28 08:19:25,834 [00d59604-869a-42b3-a19c-0cd76ca30d07@group-C80DD7B1CD18-LeaderElection142] INFO  server.RaftServerConfigKeys (ConfUtils.java:logGet(43)) - raft.server.watch.timeout = 10s (default)
2019-10-28 08:19:25,834 [00d59604-869a-42b3-a19c-0cd76ca30d07@group-C80DD7B1CD18-LeaderElection142] INFO  server.RaftServerConfigKeys (ConfUtils.java:logGet(43)) - raft.server.watch.timeout.denomination = 1s (default)
2019-10-28 08:19:25,834 [00d59604-869a-42b3-a19c-0cd76ca30d07@group-C80DD7B1CD18-LeaderElection142] INFO  server.RaftServerConfigKeys (ConfUtils.java:logGet(43)) - raft.server.watch.element-limit = 65536 (default)
2019-10-28 08:19:25,835 [00d59604-869a-42b3-a19c-0cd76ca30d07@group-C80DD7B1CD18-LeaderElection142] INFO  server.RaftServerConfigKeys (ConfUtils.java:logGet(43)) - raft.server.log.appender.snapshot.chunk.size.max = 16MB (=16777216) (default)
2019-10-28 08:19:25,835 [00d59604-869a-42b3-a19c-0cd76ca30d07@group-C80DD7B1CD18-LeaderElection142] INFO  server.RaftServerConfigKeys (ConfUtils.java:logGet(43)) - raft.server.log.appender.buffer.byte-limit = 33554432 (custom)
2019-10-28 08:19:25,835 [00d59604-869a-42b3-a19c-0cd76ca30d07@group-C80DD7B1CD18-LeaderElection142] INFO  server.RaftServerConfigKeys (ConfUtils.java:logGet(43)) - raft.server.log.appender.buffer.element-limit = 1 (custom)
2019-10-28 08:19:25,835 [00d59604-869a-42b3-a19c-0cd76ca30d07@group-C80DD7B1CD18-LeaderElection142] INFO  grpc.GrpcConfigKeys$Server (ConfUtils.java:logGet(43)) - raft.grpc.server.leader.outstanding.appends.max = 128 (default)
2019-10-28 08:19:25,835 [00d59604-869a-42b3-a19c-0cd76ca30d07@group-C80DD7B1CD18-LeaderElection142] INFO  server.RaftServerConfigKeys (ConfUtils.java:logGet(43)) - raft.server.rpc.request.timeout = 3000ms (default)
2019-10-28 08:19:25,835 [00d59604-869a-42b3-a19c-0cd76ca30d07@group-C80DD7B1CD18-LeaderElection142] INFO  server.RaftServerConfigKeys (ConfUtils.java:logGet(43)) - raft.server.log.appender.install.snapshot.enabled = false (custom)
2019-10-28 08:19:25,836 [00d59604-869a-42b3-a19c-0cd76ca30d07@group-C80DD7B1CD18-LeaderElection142] INFO  server.RaftServerConfigKeys (ConfUtils.java:logGet(43)) - raft.server.log.appender.snapshot.chunk.size.max = 16MB (=16777216) (default)
2019-10-28 08:19:25,836 [00d59604-869a-42b3-a19c-0cd76ca30d07@group-C80DD7B1CD18-LeaderElection142] INFO  server.RaftServerConfigKeys (ConfUtils.java:logGet(43)) - raft.server.log.appender.buffer.byte-limit = 33554432 (custom)
2019-10-28 08:19:25,836 [00d59604-869a-42b3-a19c-0cd76ca30d07@group-C80DD7B1CD18-LeaderElection142] INFO  server.RaftServerConfigKeys (ConfUtils.java:logGet(43)) - raft.server.log.appender.buffer.element-limit = 1 (custom)
2019-10-28 08:19:25,836 [00d59604-869a-42b3-a19c-0cd76ca30d07@group-C80DD7B1CD18-LeaderElection142] INFO  grpc.GrpcConfigKeys$Server (ConfUtils.java:logGet(43)) - raft.grpc.server.leader.outstanding.appends.max = 128 (default)
2019-10-28 08:19:25,836 [00d59604-869a-42b3-a19c-0cd76ca30d07@group-C80DD7B1CD18-LeaderElection142] INFO  server.RaftServerConfigKeys (ConfUtils.java:logGet(43)) - raft.server.rpc.request.timeout = 3000ms (default)
2019-10-28 08:19:25,836 [00d59604-869a-42b3-a19c-0cd76ca30d07@group-C80DD7B1CD18-LeaderElection142] INFO  server.RaftServerConfigKeys (ConfUtils.java:logGet(43)) - raft.server.log.appender.install.snapshot.enabled = false (custom)
2019-10-28 08:19:25,836 [00d59604-869a-42b3-a19c-0cd76ca30d07@group-C80DD7B1CD18-LeaderElection142] INFO  impl.RoleInfo (RoleInfo.java:updateAndGet(143)) - 00d59604-869a-42b3-a19c-0cd76ca30d07: start LeaderState
2019-10-28 08:19:25,836 [00d59604-869a-42b3-a19c-0cd76ca30d07@group-C80DD7B1CD18-LeaderElection142] INFO  segmented.SegmentedRaftLogWorker (SegmentedRaftLogWorker.java:startLogSegment(385)) - 00d59604-869a-42b3-a19c-0cd76ca30d07@group-C80DD7B1CD18-SegmentedRaftLogWorker: Starting segment from index:0
2019-10-28 08:19:25,837 [00d59604-869a-42b3-a19c-0cd76ca30d07@group-C80DD7B1CD18-LeaderElection142] INFO  impl.RaftServerImpl (ServerState.java:setRaftConf(356)) - 00d59604-869a-42b3-a19c-0cd76ca30d07@group-C80DD7B1CD18: set configuration 0: [8dd013f2-bbde-4487-bce9-479ed92de2a3:192.168.34.22:35242, 00d59604-869a-42b3-a19c-0cd76ca30d07:192.168.34.22:38783, 442f1a8c-01a9-4abf-8c25-ed2da4cb70e7:192.168.34.22:39138], old=null at 0
2019-10-28 08:19:25,838 [grpc-default-executor-9] INFO  impl.RaftServerImpl (ServerState.java:setLeader(255)) - 8dd013f2-bbde-4487-bce9-479ed92de2a3@group-C80DD7B1CD18: change Leader from null to 00d59604-869a-42b3-a19c-0cd76ca30d07 at term 1 for appendEntries, leader elected after 1044ms
2019-10-28 08:19:25,838 [grpc-default-executor-7] INFO  impl.RaftServerImpl (ServerState.java:setLeader(255)) - 442f1a8c-01a9-4abf-8c25-ed2da4cb70e7@group-C80DD7B1CD18: change Leader from null to 00d59604-869a-42b3-a19c-0cd76ca30d07 at term 1 for appendEntries, leader elected after 1044ms
2019-10-28 08:19:25,839 [Thread-3707] INFO  impl.FollowerState (FollowerState.java:run(108)) - 442f1a8c-01a9-4abf-8c25-ed2da4cb70e7@group-9C5E4C109FD2-FollowerState: change to CANDIDATE, lastRpcTime:1099ms, electionTimeout:1099ms
2019-10-28 08:19:25,839 [Thread-3707] INFO  impl.RoleInfo (RoleInfo.java:shutdownFollowerState(121)) - 442f1a8c-01a9-4abf-8c25-ed2da4cb70e7: shutdown FollowerState
2019-10-28 08:19:25,839 [Thread-3707] INFO  impl.RaftServerImpl (RaftServerImpl.java:setRole(170)) - 442f1a8c-01a9-4abf-8c25-ed2da4cb70e7@group-9C5E4C109FD2: changes role from  FOLLOWER to CANDIDATE at term 0 for changeToCandidate
2019-10-28 08:19:25,839 [grpc-default-executor-7] INFO  impl.RaftServerImpl (ServerState.java:setRaftConf(356)) - 442f1a8c-01a9-4abf-8c25-ed2da4cb70e7@group-C80DD7B1CD18: set configuration 0: [8dd013f2-bbde-4487-bce9-479ed92de2a3:192.168.34.22:35242, 00d59604-869a-42b3-a19c-0cd76ca30d07:192.168.34.22:38783, 442f1a8c-01a9-4abf-8c25-ed2da4cb70e7:192.168.34.22:39138], old=null at 0
2019-10-28 08:19:25,839 [Thread-3707] INFO  impl.RoleInfo (RoleInfo.java:updateAndGet(143)) - 442f1a8c-01a9-4abf-8c25-ed2da4cb70e7: start LeaderElection
2019-10-28 08:19:25,840 [grpc-default-executor-7] INFO  segmented.SegmentedRaftLogWorker (SegmentedRaftLogWorker.java:startLogSegment(385)) - 442f1a8c-01a9-4abf-8c25-ed2da4cb70e7@group-C80DD7B1CD18-SegmentedRaftLogWorker: Starting segment from index:0
2019-10-28 08:19:25,840 [grpc-default-executor-9] INFO  impl.RaftServerImpl (ServerState.java:setRaftConf(356)) - 8dd013f2-bbde-4487-bce9-479ed92de2a3@group-C80DD7B1CD18: set configuration 0: [8dd013f2-bbde-4487-bce9-479ed92de2a3:192.168.34.22:35242, 00d59604-869a-42b3-a19c-0cd76ca30d07:192.168.34.22:38783, 442f1a8c-01a9-4abf-8c25-ed2da4cb70e7:192.168.34.22:39138], old=null at 0
2019-10-28 08:19:25,840 [grpc-default-executor-9] INFO  segmented.SegmentedRaftLogWorker (SegmentedRaftLogWorker.java:startLogSegment(385)) - 8dd013f2-bbde-4487-bce9-479ed92de2a3@group-C80DD7B1CD18-SegmentedRaftLogWorker: Starting segment from index:0
2019-10-28 08:19:25,853 [442f1a8c-01a9-4abf-8c25-ed2da4cb70e7@group-9C5E4C109FD2-LeaderElection143] INFO  impl.LeaderElection (LeaderElection.java:askForVotes(178)) - 442f1a8c-01a9-4abf-8c25-ed2da4cb70e7@group-9C5E4C109FD2-LeaderElection143: begin an election at term 1 for -1: [442f1a8c-01a9-4abf-8c25-ed2da4cb70e7:192.168.34.22:39138], old=null
2019-10-28 08:19:25,853 [442f1a8c-01a9-4abf-8c25-ed2da4cb70e7@group-9C5E4C109FD2-LeaderElection143] INFO  impl.RoleInfo (RoleInfo.java:shutdownLeaderElection(134)) - 442f1a8c-01a9-4abf-8c25-ed2da4cb70e7: shutdown LeaderElection
2019-10-28 08:19:25,853 [442f1a8c-01a9-4abf-8c25-ed2da4cb70e7@group-9C5E4C109FD2-LeaderElection143] INFO  impl.RaftServerImpl (RaftServerImpl.java:setRole(170)) - 442f1a8c-01a9-4abf-8c25-ed2da4cb70e7@group-9C5E4C109FD2: changes role from CANDIDATE to LEADER at term 1 for changeToLeader
2019-10-28 08:19:25,853 [442f1a8c-01a9-4abf-8c25-ed2da4cb70e7@group-9C5E4C109FD2-LeaderElection143] INFO  impl.RaftServerImpl (ServerState.java:setLeader(255)) - 442f1a8c-01a9-4abf-8c25-ed2da4cb70e7@group-9C5E4C109FD2: change Leader from null to 442f1a8c-01a9-4abf-8c25-ed2da4cb70e7 at term 1 for becomeLeader, leader elected after 1117ms
2019-10-28 08:19:25,853 [442f1a8c-01a9-4abf-8c25-ed2da4cb70e7@group-9C5E4C109FD2-LeaderElection143] INFO  server.RaftServerConfigKeys (ConfUtils.java:logGet(43)) - raft.server.staging.catchup.gap = 1000 (default)
2019-10-28 08:19:25,854 [442f1a8c-01a9-4abf-8c25-ed2da4cb70e7@group-9C5E4C109FD2-LeaderElection143] INFO  server.RaftServerConfigKeys (ConfUtils.java:logGet(43)) - raft.server.rpc.sleep.time = 25ms (default)
2019-10-28 08:19:25,854 [442f1a8c-01a9-4abf-8c25-ed2da4cb70e7@group-9C5E4C109FD2-LeaderElection143] INFO  server.RaftServerConfigKeys (ConfUtils.java:logGet(43)) - raft.server.write.element-limit = 4096 (default)
2019-10-28 08:19:25,854 [442f1a8c-01a9-4abf-8c25-ed2da4cb70e7@group-9C5E4C109FD2-LeaderElection143] INFO  server.RaftServerConfigKeys (ConfUtils.java:logGet(43)) - raft.server.watch.timeout = 10s (default)
2019-10-28 08:19:25,854 [442f1a8c-01a9-4abf-8c25-ed2da4cb70e7@group-9C5E4C109FD2-LeaderElection143] INFO  server.RaftServerConfigKeys (ConfUtils.java:logGet(43)) - raft.server.watch.timeout.denomination = 1s (default)
2019-10-28 08:19:25,854 [442f1a8c-01a9-4abf-8c25-ed2da4cb70e7@group-9C5E4C109FD2-LeaderElection143] INFO  server.RaftServerConfigKeys (ConfUtils.java:logGet(43)) - raft.server.watch.element-limit = 65536 (default)
2019-10-28 08:19:25,855 [442f1a8c-01a9-4abf-8c25-ed2da4cb70e7@group-9C5E4C109FD2-LeaderElection143] INFO  impl.RoleInfo (RoleInfo.java:updateAndGet(143)) - 442f1a8c-01a9-4abf-8c25-ed2da4cb70e7: start LeaderState
2019-10-28 08:19:25,856 [442f1a8c-01a9-4abf-8c25-ed2da4cb70e7@group-9C5E4C109FD2-LeaderElection143] INFO  segmented.SegmentedRaftLogWorker (SegmentedRaftLogWorker.java:startLogSegment(385)) - 442f1a8c-01a9-4abf-8c25-ed2da4cb70e7@group-9C5E4C109FD2-SegmentedRaftLogWorker: Starting segment from index:0
2019-10-28 08:19:25,856 [442f1a8c-01a9-4abf-8c25-ed2da4cb70e7@group-9C5E4C109FD2-LeaderElection143] INFO  impl.RaftServerImpl (ServerState.java:setRaftConf(356)) - 442f1a8c-01a9-4abf-8c25-ed2da4cb70e7@group-9C5E4C109FD2: set configuration 0: [442f1a8c-01a9-4abf-8c25-ed2da4cb70e7:192.168.34.22:39138], old=null at 0
2019-10-28 08:19:25,878 [442f1a8c-01a9-4abf-8c25-ed2da4cb70e7@group-C80DD7B1CD18-SegmentedRaftLogWorker] INFO  segmented.SegmentedRaftLogWorker (SegmentedRaftLogWorker.java:execute(574)) - 442f1a8c-01a9-4abf-8c25-ed2da4cb70e7@group-C80DD7B1CD18-SegmentedRaftLogWorker: created new log segment /workdir/hadoop-ozone/integration-test/target/test-dir/MiniOzoneClusterImpl-15e79e0b-a28f-4a98-99e1-aed18379cb8e/datanode-2/data/ratis/31a891bf-d74e-417a-9d39-c80dd7b1cd18/current/log_inprogress_0
2019-10-28 08:19:25,878 [8dd013f2-bbde-4487-bce9-479ed92de2a3@group-C80DD7B1CD18-SegmentedRaftLogWorker] INFO  segmented.SegmentedRaftLogWorker (SegmentedRaftLogWorker.java:execute(574)) - 8dd013f2-bbde-4487-bce9-479ed92de2a3@group-C80DD7B1CD18-SegmentedRaftLogWorker: created new log segment /workdir/hadoop-ozone/integration-test/target/test-dir/MiniOzoneClusterImpl-15e79e0b-a28f-4a98-99e1-aed18379cb8e/datanode-0/data/ratis/31a891bf-d74e-417a-9d39-c80dd7b1cd18/current/log_inprogress_0
2019-10-28 08:19:25,878 [00d59604-869a-42b3-a19c-0cd76ca30d07@group-C80DD7B1CD18-SegmentedRaftLogWorker] INFO  segmented.SegmentedRaftLogWorker (SegmentedRaftLogWorker.java:execute(574)) - 00d59604-869a-42b3-a19c-0cd76ca30d07@group-C80DD7B1CD18-SegmentedRaftLogWorker: created new log segment /workdir/hadoop-ozone/integration-test/target/test-dir/MiniOzoneClusterImpl-15e79e0b-a28f-4a98-99e1-aed18379cb8e/datanode-1/data/ratis/31a891bf-d74e-417a-9d39-c80dd7b1cd18/current/log_inprogress_0
2019-10-28 08:19:25,899 [442f1a8c-01a9-4abf-8c25-ed2da4cb70e7@group-9C5E4C109FD2-SegmentedRaftLogWorker] INFO  segmented.SegmentedRaftLogWorker (SegmentedRaftLogWorker.java:execute(574)) - 442f1a8c-01a9-4abf-8c25-ed2da4cb70e7@group-9C5E4C109FD2-SegmentedRaftLogWorker: created new log segment /workdir/hadoop-ozone/integration-test/target/test-dir/MiniOzoneClusterImpl-15e79e0b-a28f-4a98-99e1-aed18379cb8e/datanode-2/data/ratis/708b9251-546a-4169-8b52-9c5e4c109fd2/current/log_inprogress_0
2019-10-28 08:19:26,068 [Thread-3719] INFO  impl.FollowerState (FollowerState.java:run(108)) - 931f47be-92fd-4e78-8b74-097dddc5e38b@group-9940A9FF591C-FollowerState: change to CANDIDATE, lastRpcTime:1179ms, electionTimeout:1179ms
2019-10-28 08:19:26,068 [Thread-3719] INFO  impl.RoleInfo (RoleInfo.java:shutdownFollowerState(121)) - 931f47be-92fd-4e78-8b74-097dddc5e38b: shutdown FollowerState
2019-10-28 08:19:26,068 [Thread-3719] INFO  impl.RaftServerImpl (RaftServerImpl.java:setRole(170)) - 931f47be-92fd-4e78-8b74-097dddc5e38b@group-9940A9FF591C: changes role from  FOLLOWER to CANDIDATE at term 0 for changeToCandidate
2019-10-28 08:19:26,069 [Thread-3719] INFO  impl.RoleInfo (RoleInfo.java:updateAndGet(143)) - 931f47be-92fd-4e78-8b74-097dddc5e38b: start LeaderElection
2019-10-28 08:19:26,082 [931f47be-92fd-4e78-8b74-097dddc5e38b@group-9940A9FF591C-LeaderElection144] INFO  impl.LeaderElection (LeaderElection.java:askForVotes(178)) - 931f47be-92fd-4e78-8b74-097dddc5e38b@group-9940A9FF591C-LeaderElection144: begin an election at term 1 for -1: [931f47be-92fd-4e78-8b74-097dddc5e38b:192.168.34.22:34284], old=null
2019-10-28 08:19:26,083 [931f47be-92fd-4e78-8b74-097dddc5e38b@group-9940A9FF591C-LeaderElection144] INFO  impl.RoleInfo (RoleInfo.java:shutdownLeaderElection(134)) - 931f47be-92fd-4e78-8b74-097dddc5e38b: shutdown LeaderElection
2019-10-28 08:19:26,083 [931f47be-92fd-4e78-8b74-097dddc5e38b@group-9940A9FF591C-LeaderElection144] INFO  impl.RaftServerImpl (RaftServerImpl.java:setRole(170)) - 931f47be-92fd-4e78-8b74-097dddc5e38b@group-9940A9FF591C: changes role from CANDIDATE to LEADER at term 1 for changeToLeader
2019-10-28 08:19:26,083 [931f47be-92fd-4e78-8b74-097dddc5e38b@group-9940A9FF591C-LeaderElection144] INFO  impl.RaftServerImpl (ServerState.java:setLeader(255)) - 931f47be-92fd-4e78-8b74-097dddc5e38b@group-9940A9FF591C: change Leader from null to 931f47be-92fd-4e78-8b74-097dddc5e38b at term 1 for becomeLeader, leader elected after 1200ms
2019-10-28 08:19:26,083 [931f47be-92fd-4e78-8b74-097dddc5e38b@group-9940A9FF591C-LeaderElection144] INFO  server.RaftServerConfigKeys (ConfUtils.java:logGet(43)) - raft.server.staging.catchup.gap = 1000 (default)
2019-10-28 08:19:26,083 [931f47be-92fd-4e78-8b74-097dddc5e38b@group-9940A9FF591C-LeaderElection144] INFO  server.RaftServerConfigKeys (ConfUtils.java:logGet(43)) - raft.server.rpc.sleep.time = 25ms (default)
2019-10-28 08:19:26,083 [931f47be-92fd-4e78-8b74-097dddc5e38b@group-9940A9FF591C-LeaderElection144] INFO  server.RaftServerConfigKeys (ConfUtils.java:logGet(43)) - raft.server.write.element-limit = 4096 (default)
2019-10-28 08:19:26,083 [931f47be-92fd-4e78-8b74-097dddc5e38b@group-9940A9FF591C-LeaderElection144] INFO  server.RaftServerConfigKeys (ConfUtils.java:logGet(43)) - raft.server.watch.timeout = 10s (default)
2019-10-28 08:19:26,083 [931f47be-92fd-4e78-8b74-097dddc5e38b@group-9940A9FF591C-LeaderElection144] INFO  server.RaftServerConfigKeys (ConfUtils.java:logGet(43)) - raft.server.watch.timeout.denomination = 1s (default)
2019-10-28 08:19:26,084 [931f47be-92fd-4e78-8b74-097dddc5e38b@group-9940A9FF591C-LeaderElection144] INFO  server.RaftServerConfigKeys (ConfUtils.java:logGet(43)) - raft.server.watch.element-limit = 65536 (default)
2019-10-28 08:19:26,085 [931f47be-92fd-4e78-8b74-097dddc5e38b@group-9940A9FF591C-LeaderElection144] INFO  impl.RoleInfo (RoleInfo.java:updateAndGet(143)) - 931f47be-92fd-4e78-8b74-097dddc5e38b: start LeaderState
2019-10-28 08:19:26,085 [931f47be-92fd-4e78-8b74-097dddc5e38b@group-9940A9FF591C-LeaderElection144] INFO  segmented.SegmentedRaftLogWorker (SegmentedRaftLogWorker.java:startLogSegment(385)) - 931f47be-92fd-4e78-8b74-097dddc5e38b@group-9940A9FF591C-SegmentedRaftLogWorker: Starting segment from index:0
2019-10-28 08:19:26,086 [931f47be-92fd-4e78-8b74-097dddc5e38b@group-9940A9FF591C-LeaderElection144] INFO  impl.RaftServerImpl (ServerState.java:setRaftConf(356)) - 931f47be-92fd-4e78-8b74-097dddc5e38b@group-9940A9FF591C: set configuration 0: [931f47be-92fd-4e78-8b74-097dddc5e38b:192.168.34.22:34284], old=null at 0
2019-10-28 08:19:26,118 [Thread-3722] INFO  impl.FollowerState (FollowerState.java:run(108)) - 2a045742-6ad3-4ae4-8313-0bafe5f9a8d8@group-8820A971D860-FollowerState: change to CANDIDATE, lastRpcTime:1181ms, electionTimeout:1181ms
2019-10-28 08:19:26,118 [Thread-3722] INFO  impl.RoleInfo (RoleInfo.java:shutdownFollowerState(121)) - 2a045742-6ad3-4ae4-8313-0bafe5f9a8d8: shutdown FollowerState
2019-10-28 08:19:26,118 [Thread-3722] INFO  impl.RaftServerImpl (RaftServerImpl.java:setRole(170)) - 2a045742-6ad3-4ae4-8313-0bafe5f9a8d8@group-8820A971D860: changes role from  FOLLOWER to CANDIDATE at term 0 for changeToCandidate
2019-10-28 08:19:26,118 [Thread-3722] INFO  impl.RoleInfo (RoleInfo.java:updateAndGet(143)) - 2a045742-6ad3-4ae4-8313-0bafe5f9a8d8: start LeaderElection
2019-10-28 08:19:26,131 [931f47be-92fd-4e78-8b74-097dddc5e38b@group-9940A9FF591C-SegmentedRaftLogWorker] INFO  segmented.SegmentedRaftLogWorker (SegmentedRaftLogWorker.java:execute(574)) - 931f47be-92fd-4e78-8b74-097dddc5e38b@group-9940A9FF591C-SegmentedRaftLogWorker: created new log segment /workdir/hadoop-ozone/integration-test/target/test-dir/MiniOzoneClusterImpl-15e79e0b-a28f-4a98-99e1-aed18379cb8e/datanode-4/data/ratis/f55855ad-2c77-4d83-be41-9940a9ff591c/current/log_inprogress_0
2019-10-28 08:19:26,131 [2a045742-6ad3-4ae4-8313-0bafe5f9a8d8@group-8820A971D860-LeaderElection145] INFO  impl.LeaderElection (LeaderElection.java:askForVotes(178)) - 2a045742-6ad3-4ae4-8313-0bafe5f9a8d8@group-8820A971D860-LeaderElection145: begin an election at term 1 for -1: [2a045742-6ad3-4ae4-8313-0bafe5f9a8d8:192.168.34.22:36717], old=null
2019-10-28 08:19:26,131 [2a045742-6ad3-4ae4-8313-0bafe5f9a8d8@group-8820A971D860-LeaderElection145] INFO  impl.RoleInfo (RoleInfo.java:shutdownLeaderElection(134)) - 2a045742-6ad3-4ae4-8313-0bafe5f9a8d8: shutdown LeaderElection
2019-10-28 08:19:26,131 [2a045742-6ad3-4ae4-8313-0bafe5f9a8d8@group-8820A971D860-LeaderElection145] INFO  impl.RaftServerImpl (RaftServerImpl.java:setRole(170)) - 2a045742-6ad3-4ae4-8313-0bafe5f9a8d8@group-8820A971D860: changes role from CANDIDATE to LEADER at term 1 for changeToLeader
2019-10-28 08:19:26,131 [2a045742-6ad3-4ae4-8313-0bafe5f9a8d8@group-8820A971D860-LeaderElection145] INFO  impl.RaftServerImpl (ServerState.java:setLeader(255)) - 2a045742-6ad3-4ae4-8313-0bafe5f9a8d8@group-8820A971D860: change Leader from null to 2a045742-6ad3-4ae4-8313-0bafe5f9a8d8 at term 1 for becomeLeader, leader elected after 1200ms
2019-10-28 08:19:26,131 [2a045742-6ad3-4ae4-8313-0bafe5f9a8d8@group-8820A971D860-LeaderElection145] INFO  server.RaftServerConfigKeys (ConfUtils.java:logGet(43)) - raft.server.staging.catchup.gap = 1000 (default)
2019-10-28 08:19:26,131 [2a045742-6ad3-4ae4-8313-0bafe5f9a8d8@group-8820A971D860-LeaderElection145] INFO  server.RaftServerConfigKeys (ConfUtils.java:logGet(43)) - raft.server.rpc.sleep.time = 25ms (default)
2019-10-28 08:19:26,131 [2a045742-6ad3-4ae4-8313-0bafe5f9a8d8@group-8820A971D860-LeaderElection145] INFO  server.RaftServerConfigKeys (ConfUtils.java:logGet(43)) - raft.server.write.element-limit = 4096 (default)
2019-10-28 08:19:26,132 [2a045742-6ad3-4ae4-8313-0bafe5f9a8d8@group-8820A971D860-LeaderElection145] INFO  server.RaftServerConfigKeys (ConfUtils.java:logGet(43)) - raft.server.watch.timeout = 10s (default)
2019-10-28 08:19:26,132 [2a045742-6ad3-4ae4-8313-0bafe5f9a8d8@group-8820A971D860-LeaderElection145] INFO  server.RaftServerConfigKeys (ConfUtils.java:logGet(43)) - raft.server.watch.timeout.denomination = 1s (default)
2019-10-28 08:19:26,132 [2a045742-6ad3-4ae4-8313-0bafe5f9a8d8@group-8820A971D860-LeaderElection145] INFO  server.RaftServerConfigKeys (ConfUtils.java:logGet(43)) - raft.server.watch.element-limit = 65536 (default)
2019-10-28 08:19:26,133 [2a045742-6ad3-4ae4-8313-0bafe5f9a8d8@group-8820A971D860-LeaderElection145] INFO  impl.RoleInfo (RoleInfo.java:updateAndGet(143)) - 2a045742-6ad3-4ae4-8313-0bafe5f9a8d8: start LeaderState
2019-10-28 08:19:26,133 [2a045742-6ad3-4ae4-8313-0bafe5f9a8d8@group-8820A971D860-LeaderElection145] INFO  segmented.SegmentedRaftLogWorker (SegmentedRaftLogWorker.java:startLogSegment(385)) - 2a045742-6ad3-4ae4-8313-0bafe5f9a8d8@group-8820A971D860-SegmentedRaftLogWorker: Starting segment from index:0
2019-10-28 08:19:26,134 [2a045742-6ad3-4ae4-8313-0bafe5f9a8d8@group-8820A971D860-LeaderElection145] INFO  impl.RaftServerImpl (ServerState.java:setRaftConf(356)) - 2a045742-6ad3-4ae4-8313-0bafe5f9a8d8@group-8820A971D860: set configuration 0: [2a045742-6ad3-4ae4-8313-0bafe5f9a8d8:192.168.34.22:36717], old=null at 0
2019-10-28 08:19:26,166 [Thread-3725] INFO  impl.FollowerState (FollowerState.java:run(108)) - c538bdf1-684e-4089-9cc6-6fa0b44fa7c7@group-48A25AF6ED92-FollowerState: change to CANDIDATE, lastRpcTime:1017ms, electionTimeout:1017ms
2019-10-28 08:19:26,167 [Thread-3725] INFO  impl.RoleInfo (RoleInfo.java:shutdownFollowerState(121)) - c538bdf1-684e-4089-9cc6-6fa0b44fa7c7: shutdown FollowerState
2019-10-28 08:19:26,167 [Thread-3725] INFO  impl.RaftServerImpl (RaftServerImpl.java:setRole(170)) - c538bdf1-684e-4089-9cc6-6fa0b44fa7c7@group-48A25AF6ED92: changes role from  FOLLOWER to CANDIDATE at term 0 for changeToCandidate
2019-10-28 08:19:26,167 [Thread-3725] INFO  impl.RoleInfo (RoleInfo.java:updateAndGet(143)) - c538bdf1-684e-4089-9cc6-6fa0b44fa7c7: start LeaderElection
2019-10-28 08:19:26,180 [2a045742-6ad3-4ae4-8313-0bafe5f9a8d8@group-8820A971D860-SegmentedRaftLogWorker] INFO  segmented.SegmentedRaftLogWorker (SegmentedRaftLogWorker.java:execute(574)) - 2a045742-6ad3-4ae4-8313-0bafe5f9a8d8@group-8820A971D860-SegmentedRaftLogWorker: created new log segment /workdir/hadoop-ozone/integration-test/target/test-dir/MiniOzoneClusterImpl-15e79e0b-a28f-4a98-99e1-aed18379cb8e/datanode-3/data/ratis/16bf32c0-7bd1-451f-88ea-8820a971d860/current/log_inprogress_0
2019-10-28 08:19:26,180 [c538bdf1-684e-4089-9cc6-6fa0b44fa7c7@group-48A25AF6ED92-LeaderElection146] INFO  impl.LeaderElection (LeaderElection.java:askForVotes(178)) - c538bdf1-684e-4089-9cc6-6fa0b44fa7c7@group-48A25AF6ED92-LeaderElection146: begin an election at term 1 for -1: [c538bdf1-684e-4089-9cc6-6fa0b44fa7c7:192.168.34.22:38247], old=null
2019-10-28 08:19:26,180 [c538bdf1-684e-4089-9cc6-6fa0b44fa7c7@group-48A25AF6ED92-LeaderElection146] INFO  impl.RoleInfo (RoleInfo.java:shutdownLeaderElection(134)) - c538bdf1-684e-4089-9cc6-6fa0b44fa7c7: shutdown LeaderElection
2019-10-28 08:19:26,180 [c538bdf1-684e-4089-9cc6-6fa0b44fa7c7@group-48A25AF6ED92-LeaderElection146] INFO  impl.RaftServerImpl (RaftServerImpl.java:setRole(170)) - c538bdf1-684e-4089-9cc6-6fa0b44fa7c7@group-48A25AF6ED92: changes role from CANDIDATE to LEADER at term 1 for changeToLeader
2019-10-28 08:19:26,181 [c538bdf1-684e-4089-9cc6-6fa0b44fa7c7@group-48A25AF6ED92-LeaderElection146] INFO  impl.RaftServerImpl (ServerState.java:setLeader(255)) - c538bdf1-684e-4089-9cc6-6fa0b44fa7c7@group-48A25AF6ED92: change Leader from null to c538bdf1-684e-4089-9cc6-6fa0b44fa7c7 at term 1 for becomeLeader, leader elected after 1039ms
2019-10-28 08:19:26,181 [c538bdf1-684e-4089-9cc6-6fa0b44fa7c7@group-48A25AF6ED92-LeaderElection146] INFO  server.RaftServerConfigKeys (ConfUtils.java:logGet(43)) - raft.server.staging.catchup.gap = 1000 (default)
2019-10-28 08:19:26,181 [c538bdf1-684e-4089-9cc6-6fa0b44fa7c7@group-48A25AF6ED92-LeaderElection146] INFO  server.RaftServerConfigKeys (ConfUtils.java:logGet(43)) - raft.server.rpc.sleep.time = 25ms (default)
2019-10-28 08:19:26,181 [c538bdf1-684e-4089-9cc6-6fa0b44fa7c7@group-48A25AF6ED92-LeaderElection146] INFO  server.RaftServerConfigKeys (ConfUtils.java:logGet(43)) - raft.server.write.element-limit = 4096 (default)
2019-10-28 08:19:26,181 [c538bdf1-684e-4089-9cc6-6fa0b44fa7c7@group-48A25AF6ED92-LeaderElection146] INFO  server.RaftServerConfigKeys (ConfUtils.java:logGet(43)) - raft.server.watch.timeout = 10s (default)
2019-10-28 08:19:26,181 [c538bdf1-684e-4089-9cc6-6fa0b44fa7c7@group-48A25AF6ED92-LeaderElection146] INFO  server.RaftServerConfigKeys (ConfUtils.java:logGet(43)) - raft.server.watch.timeout.denomination = 1s (default)
2019-10-28 08:19:26,181 [c538bdf1-684e-4089-9cc6-6fa0b44fa7c7@group-48A25AF6ED92-LeaderElection146] INFO  server.RaftServerConfigKeys (ConfUtils.java:logGet(43)) - raft.server.watch.element-limit = 65536 (default)
2019-10-28 08:19:26,183 [c538bdf1-684e-4089-9cc6-6fa0b44fa7c7@group-48A25AF6ED92-LeaderElection146] INFO  impl.RoleInfo (RoleInfo.java:updateAndGet(143)) - c538bdf1-684e-4089-9cc6-6fa0b44fa7c7: start LeaderState
2019-10-28 08:19:26,183 [c538bdf1-684e-4089-9cc6-6fa0b44fa7c7@group-48A25AF6ED92-LeaderElection146] INFO  segmented.SegmentedRaftLogWorker (SegmentedRaftLogWorker.java:startLogSegment(385)) - c538bdf1-684e-4089-9cc6-6fa0b44fa7c7@group-48A25AF6ED92-SegmentedRaftLogWorker: Starting segment from index:0
2019-10-28 08:19:26,184 [c538bdf1-684e-4089-9cc6-6fa0b44fa7c7@group-48A25AF6ED92-LeaderElection146] INFO  impl.RaftServerImpl (ServerState.java:setRaftConf(356)) - c538bdf1-684e-4089-9cc6-6fa0b44fa7c7@group-48A25AF6ED92: set configuration 0: [c538bdf1-684e-4089-9cc6-6fa0b44fa7c7:192.168.34.22:38247], old=null at 0
2019-10-28 08:19:26,223 [c538bdf1-684e-4089-9cc6-6fa0b44fa7c7@group-48A25AF6ED92-SegmentedRaftLogWorker] INFO  segmented.SegmentedRaftLogWorker (SegmentedRaftLogWorker.java:execute(574)) - c538bdf1-684e-4089-9cc6-6fa0b44fa7c7@group-48A25AF6ED92-SegmentedRaftLogWorker: created new log segment /workdir/hadoop-ozone/integration-test/target/test-dir/MiniOzoneClusterImpl-15e79e0b-a28f-4a98-99e1-aed18379cb8e/datanode-5/data/ratis/0b542590-6ab8-40df-8ef2-48a25af6ed92/current/log_inprogress_0
2019-10-28 08:19:26,353 [Thread-3736] INFO  impl.FollowerState (FollowerState.java:run(108)) - 6f05e68d-03c1-4824-99f0-3d21915cda5b@group-DAAD082E1ED7-FollowerState: change to CANDIDATE, lastRpcTime:1027ms, electionTimeout:1027ms
2019-10-28 08:19:26,353 [Thread-3736] INFO  impl.RoleInfo (RoleInfo.java:shutdownFollowerState(121)) - 6f05e68d-03c1-4824-99f0-3d21915cda5b: shutdown FollowerState
2019-10-28 08:19:26,353 [Thread-3736] INFO  impl.RaftServerImpl (RaftServerImpl.java:setRole(170)) - 6f05e68d-03c1-4824-99f0-3d21915cda5b@group-DAAD082E1ED7: changes role from  FOLLOWER to CANDIDATE at term 0 for changeToCandidate
2019-10-28 08:19:26,353 [Thread-3736] INFO  impl.RoleInfo (RoleInfo.java:updateAndGet(143)) - 6f05e68d-03c1-4824-99f0-3d21915cda5b: start LeaderElection
2019-10-28 08:19:26,354 [Thread-3728] INFO  impl.FollowerState (FollowerState.java:run(108)) - 491ad50e-3375-4589-a02d-0269379b43b4@group-D57F3B3CFE7B-FollowerState: change to CANDIDATE, lastRpcTime:1157ms, electionTimeout:1157ms
2019-10-28 08:19:26,355 [Thread-3728] INFO  impl.RoleInfo (RoleInfo.java:shutdownFollowerState(121)) - 491ad50e-3375-4589-a02d-0269379b43b4: shutdown FollowerState
2019-10-28 08:19:26,355 [Thread-3728] INFO  impl.RaftServerImpl (RaftServerImpl.java:setRole(170)) - 491ad50e-3375-4589-a02d-0269379b43b4@group-D57F3B3CFE7B: changes role from  FOLLOWER to CANDIDATE at term 0 for changeToCandidate
2019-10-28 08:19:26,355 [Thread-3728] INFO  impl.RoleInfo (RoleInfo.java:updateAndGet(143)) - 491ad50e-3375-4589-a02d-0269379b43b4: start LeaderElection
2019-10-28 08:19:26,366 [Thread-3733] INFO  impl.FollowerState (FollowerState.java:run(108)) - 2aa3b7c6-b90d-4752-89e9-33d25dd86bbd@group-683C6387B75B-FollowerState: change to CANDIDATE, lastRpcTime:1075ms, electionTimeout:1075ms
2019-10-28 08:19:26,366 [Thread-3733] INFO  impl.RoleInfo (RoleInfo.java:shutdownFollowerState(121)) - 2aa3b7c6-b90d-4752-89e9-33d25dd86bbd: shutdown FollowerState
2019-10-28 08:19:26,366 [Thread-3733] INFO  impl.RaftServerImpl (RaftServerImpl.java:setRole(170)) - 2aa3b7c6-b90d-4752-89e9-33d25dd86bbd@group-683C6387B75B: changes role from  FOLLOWER to CANDIDATE at term 0 for changeToCandidate
2019-10-28 08:19:26,366 [Thread-3733] INFO  impl.RoleInfo (RoleInfo.java:updateAndGet(143)) - 2aa3b7c6-b90d-4752-89e9-33d25dd86bbd: start LeaderElection
2019-10-28 08:19:26,368 [491ad50e-3375-4589-a02d-0269379b43b4@group-D57F3B3CFE7B-LeaderElection148] INFO  impl.LeaderElection (LeaderElection.java:askForVotes(178)) - 491ad50e-3375-4589-a02d-0269379b43b4@group-D57F3B3CFE7B-LeaderElection148: begin an election at term 1 for -1: [491ad50e-3375-4589-a02d-0269379b43b4:192.168.34.22:34561], old=null
2019-10-28 08:19:26,368 [6f05e68d-03c1-4824-99f0-3d21915cda5b@group-DAAD082E1ED7-LeaderElection147] INFO  impl.LeaderElection (LeaderElection.java:askForVotes(178)) - 6f05e68d-03c1-4824-99f0-3d21915cda5b@group-DAAD082E1ED7-LeaderElection147: begin an election at term 1 for -1: [6f05e68d-03c1-4824-99f0-3d21915cda5b:192.168.34.22:36489], old=null
2019-10-28 08:19:26,368 [491ad50e-3375-4589-a02d-0269379b43b4@group-D57F3B3CFE7B-LeaderElection148] INFO  impl.RoleInfo (RoleInfo.java:shutdownLeaderElection(134)) - 491ad50e-3375-4589-a02d-0269379b43b4: shutdown LeaderElection
2019-10-28 08:19:26,368 [6f05e68d-03c1-4824-99f0-3d21915cda5b@group-DAAD082E1ED7-LeaderElection147] INFO  impl.RoleInfo (RoleInfo.java:shutdownLeaderElection(134)) - 6f05e68d-03c1-4824-99f0-3d21915cda5b: shutdown LeaderElection
2019-10-28 08:19:26,368 [491ad50e-3375-4589-a02d-0269379b43b4@group-D57F3B3CFE7B-LeaderElection148] INFO  impl.RaftServerImpl (RaftServerImpl.java:setRole(170)) - 491ad50e-3375-4589-a02d-0269379b43b4@group-D57F3B3CFE7B: changes role from CANDIDATE to LEADER at term 1 for changeToLeader
2019-10-28 08:19:26,368 [6f05e68d-03c1-4824-99f0-3d21915cda5b@group-DAAD082E1ED7-LeaderElection147] INFO  impl.RaftServerImpl (RaftServerImpl.java:setRole(170)) - 6f05e68d-03c1-4824-99f0-3d21915cda5b@group-DAAD082E1ED7: changes role from CANDIDATE to LEADER at term 1 for changeToLeader
2019-10-28 08:19:26,368 [491ad50e-3375-4589-a02d-0269379b43b4@group-D57F3B3CFE7B-LeaderElection148] INFO  impl.RaftServerImpl (ServerState.java:setLeader(255)) - 491ad50e-3375-4589-a02d-0269379b43b4@group-D57F3B3CFE7B: change Leader from null to 491ad50e-3375-4589-a02d-0269379b43b4 at term 1 for becomeLeader, leader elected after 1177ms
2019-10-28 08:19:26,368 [6f05e68d-03c1-4824-99f0-3d21915cda5b@group-DAAD082E1ED7-LeaderElection147] INFO  impl.RaftServerImpl (ServerState.java:setLeader(255)) - 6f05e68d-03c1-4824-99f0-3d21915cda5b@group-DAAD082E1ED7: change Leader from null to 6f05e68d-03c1-4824-99f0-3d21915cda5b at term 1 for becomeLeader, leader elected after 1048ms
2019-10-28 08:19:26,368 [491ad50e-3375-4589-a02d-0269379b43b4@group-D57F3B3CFE7B-LeaderElection148] INFO  server.RaftServerConfigKeys (ConfUtils.java:logGet(43)) - raft.server.staging.catchup.gap = 1000 (default)
2019-10-28 08:19:26,368 [6f05e68d-03c1-4824-99f0-3d21915cda5b@group-DAAD082E1ED7-LeaderElection147] INFO  server.RaftServerConfigKeys (ConfUtils.java:logGet(43)) - raft.server.staging.catchup.gap = 1000 (default)
2019-10-28 08:19:26,369 [491ad50e-3375-4589-a02d-0269379b43b4@group-D57F3B3CFE7B-LeaderElection148] INFO  server.RaftServerConfigKeys (ConfUtils.java:logGet(43)) - raft.server.rpc.sleep.time = 25ms (default)
2019-10-28 08:19:26,369 [6f05e68d-03c1-4824-99f0-3d21915cda5b@group-DAAD082E1ED7-LeaderElection147] INFO  server.RaftServerConfigKeys (ConfUtils.java:logGet(43)) - raft.server.rpc.sleep.time = 25ms (default)
2019-10-28 08:19:26,369 [491ad50e-3375-4589-a02d-0269379b43b4@group-D57F3B3CFE7B-LeaderElection148] INFO  server.RaftServerConfigKeys (ConfUtils.java:logGet(43)) - raft.server.write.element-limit = 4096 (default)
2019-10-28 08:19:26,369 [6f05e68d-03c1-4824-99f0-3d21915cda5b@group-DAAD082E1ED7-LeaderElection147] INFO  server.RaftServerConfigKeys (ConfUtils.java:logGet(43)) - raft.server.write.element-limit = 4096 (default)
2019-10-28 08:19:26,369 [491ad50e-3375-4589-a02d-0269379b43b4@group-D57F3B3CFE7B-LeaderElection148] INFO  server.RaftServerConfigKeys (ConfUtils.java:logGet(43)) - raft.server.watch.timeout = 10s (default)
2019-10-28 08:19:26,369 [6f05e68d-03c1-4824-99f0-3d21915cda5b@group-DAAD082E1ED7-LeaderElection147] INFO  server.RaftServerConfigKeys (ConfUtils.java:logGet(43)) - raft.server.watch.timeout = 10s (default)
2019-10-28 08:19:26,369 [491ad50e-3375-4589-a02d-0269379b43b4@group-D57F3B3CFE7B-LeaderElection148] INFO  server.RaftServerConfigKeys (ConfUtils.java:logGet(43)) - raft.server.watch.timeout.denomination = 1s (default)
2019-10-28 08:19:26,369 [6f05e68d-03c1-4824-99f0-3d21915cda5b@group-DAAD082E1ED7-LeaderElection147] INFO  server.RaftServerConfigKeys (ConfUtils.java:logGet(43)) - raft.server.watch.timeout.denomination = 1s (default)
2019-10-28 08:19:26,369 [491ad50e-3375-4589-a02d-0269379b43b4@group-D57F3B3CFE7B-LeaderElection148] INFO  server.RaftServerConfigKeys (ConfUtils.java:logGet(43)) - raft.server.watch.element-limit = 65536 (default)
2019-10-28 08:19:26,370 [2aa3b7c6-b90d-4752-89e9-33d25dd86bbd@group-683C6387B75B-LeaderElection149] INFO  impl.LeaderElection (LeaderElection.java:askForVotes(178)) - 2aa3b7c6-b90d-4752-89e9-33d25dd86bbd@group-683C6387B75B-LeaderElection149: begin an election at term 1 for -1: [2aa3b7c6-b90d-4752-89e9-33d25dd86bbd:192.168.34.22:43904], old=null
2019-10-28 08:19:26,370 [6f05e68d-03c1-4824-99f0-3d21915cda5b@group-DAAD082E1ED7-LeaderElection147] INFO  server.RaftServerConfigKeys (ConfUtils.java:logGet(43)) - raft.server.watch.element-limit = 65536 (default)
2019-10-28 08:19:26,370 [2aa3b7c6-b90d-4752-89e9-33d25dd86bbd@group-683C6387B75B-LeaderElection149] INFO  impl.RoleInfo (RoleInfo.java:shutdownLeaderElection(134)) - 2aa3b7c6-b90d-4752-89e9-33d25dd86bbd: shutdown LeaderElection
2019-10-28 08:19:26,370 [2aa3b7c6-b90d-4752-89e9-33d25dd86bbd@group-683C6387B75B-LeaderElection149] INFO  impl.RaftServerImpl (RaftServerImpl.java:setRole(170)) - 2aa3b7c6-b90d-4752-89e9-33d25dd86bbd@group-683C6387B75B: changes role from CANDIDATE to LEADER at term 1 for changeToLeader
2019-10-28 08:19:26,370 [2aa3b7c6-b90d-4752-89e9-33d25dd86bbd@group-683C6387B75B-LeaderElection149] INFO  impl.RaftServerImpl (ServerState.java:setLeader(255)) - 2aa3b7c6-b90d-4752-89e9-33d25dd86bbd@group-683C6387B75B: change Leader from null to 2aa3b7c6-b90d-4752-89e9-33d25dd86bbd at term 1 for becomeLeader, leader elected after 1087ms
2019-10-28 08:19:26,370 [2aa3b7c6-b90d-4752-89e9-33d25dd86bbd@group-683C6387B75B-LeaderElection149] INFO  server.RaftServerConfigKeys (ConfUtils.java:logGet(43)) - raft.server.staging.catchup.gap = 1000 (default)
2019-10-28 08:19:26,370 [2aa3b7c6-b90d-4752-89e9-33d25dd86bbd@group-683C6387B75B-LeaderElection149] INFO  server.RaftServerConfigKeys (ConfUtils.java:logGet(43)) - raft.server.rpc.sleep.time = 25ms (default)
2019-10-28 08:19:26,371 [2aa3b7c6-b90d-4752-89e9-33d25dd86bbd@group-683C6387B75B-LeaderElection149] INFO  server.RaftServerConfigKeys (ConfUtils.java:logGet(43)) - raft.server.write.element-limit = 4096 (default)
2019-10-28 08:19:26,371 [2aa3b7c6-b90d-4752-89e9-33d25dd86bbd@group-683C6387B75B-LeaderElection149] INFO  server.RaftServerConfigKeys (ConfUtils.java:logGet(43)) - raft.server.watch.timeout = 10s (default)
2019-10-28 08:19:26,371 [2aa3b7c6-b90d-4752-89e9-33d25dd86bbd@group-683C6387B75B-LeaderElection149] INFO  server.RaftServerConfigKeys (ConfUtils.java:logGet(43)) - raft.server.watch.timeout.denomination = 1s (default)
2019-10-28 08:19:26,371 [2aa3b7c6-b90d-4752-89e9-33d25dd86bbd@group-683C6387B75B-LeaderElection149] INFO  server.RaftServerConfigKeys (ConfUtils.java:logGet(43)) - raft.server.watch.element-limit = 65536 (default)
2019-10-28 08:19:26,373 [491ad50e-3375-4589-a02d-0269379b43b4@group-D57F3B3CFE7B-LeaderElection148] INFO  impl.RoleInfo (RoleInfo.java:updateAndGet(143)) - 491ad50e-3375-4589-a02d-0269379b43b4: start LeaderState
2019-10-28 08:19:26,373 [491ad50e-3375-4589-a02d-0269379b43b4@group-D57F3B3CFE7B-LeaderElection148] INFO  segmented.SegmentedRaftLogWorker (SegmentedRaftLogWorker.java:startLogSegment(385)) - 491ad50e-3375-4589-a02d-0269379b43b4@group-D57F3B3CFE7B-SegmentedRaftLogWorker: Starting segment from index:0
2019-10-28 08:19:26,373 [6f05e68d-03c1-4824-99f0-3d21915cda5b@group-DAAD082E1ED7-LeaderElection147] INFO  impl.RoleInfo (RoleInfo.java:updateAndGet(143)) - 6f05e68d-03c1-4824-99f0-3d21915cda5b: start LeaderState
2019-10-28 08:19:26,373 [491ad50e-3375-4589-a02d-0269379b43b4@group-D57F3B3CFE7B-LeaderElection148] INFO  impl.RaftServerImpl (ServerState.java:setRaftConf(356)) - 491ad50e-3375-4589-a02d-0269379b43b4@group-D57F3B3CFE7B: set configuration 0: [491ad50e-3375-4589-a02d-0269379b43b4:192.168.34.22:34561], old=null at 0
2019-10-28 08:19:26,373 [6f05e68d-03c1-4824-99f0-3d21915cda5b@group-DAAD082E1ED7-LeaderElection147] INFO  segmented.SegmentedRaftLogWorker (SegmentedRaftLogWorker.java:startLogSegment(385)) - 6f05e68d-03c1-4824-99f0-3d21915cda5b@group-DAAD082E1ED7-SegmentedRaftLogWorker: Starting segment from index:0
2019-10-28 08:19:26,374 [2aa3b7c6-b90d-4752-89e9-33d25dd86bbd@group-683C6387B75B-LeaderElection149] INFO  impl.RoleInfo (RoleInfo.java:updateAndGet(143)) - 2aa3b7c6-b90d-4752-89e9-33d25dd86bbd: start LeaderState
2019-10-28 08:19:26,374 [2aa3b7c6-b90d-4752-89e9-33d25dd86bbd@group-683C6387B75B-LeaderElection149] INFO  segmented.SegmentedRaftLogWorker (SegmentedRaftLogWorker.java:startLogSegment(385)) - 2aa3b7c6-b90d-4752-89e9-33d25dd86bbd@group-683C6387B75B-SegmentedRaftLogWorker: Starting segment from index:0
2019-10-28 08:19:26,374 [6f05e68d-03c1-4824-99f0-3d21915cda5b@group-DAAD082E1ED7-LeaderElection147] INFO  impl.RaftServerImpl (ServerState.java:setRaftConf(356)) - 6f05e68d-03c1-4824-99f0-3d21915cda5b@group-DAAD082E1ED7: set configuration 0: [6f05e68d-03c1-4824-99f0-3d21915cda5b:192.168.34.22:36489], old=null at 0
2019-10-28 08:19:26,374 [2aa3b7c6-b90d-4752-89e9-33d25dd86bbd@group-683C6387B75B-LeaderElection149] INFO  impl.RaftServerImpl (ServerState.java:setRaftConf(356)) - 2aa3b7c6-b90d-4752-89e9-33d25dd86bbd@group-683C6387B75B: set configuration 0: [2aa3b7c6-b90d-4752-89e9-33d25dd86bbd:192.168.34.22:43904], old=null at 0
2019-10-28 08:19:26,419 [6f05e68d-03c1-4824-99f0-3d21915cda5b@group-DAAD082E1ED7-SegmentedRaftLogWorker] INFO  segmented.SegmentedRaftLogWorker (SegmentedRaftLogWorker.java:execute(574)) - 6f05e68d-03c1-4824-99f0-3d21915cda5b@group-DAAD082E1ED7-SegmentedRaftLogWorker: created new log segment /workdir/hadoop-ozone/integration-test/target/test-dir/MiniOzoneClusterImpl-15e79e0b-a28f-4a98-99e1-aed18379cb8e/datanode-9/data/ratis/4d4b947c-ec21-44ba-b8ae-daad082e1ed7/current/log_inprogress_0
2019-10-28 08:19:26,419 [491ad50e-3375-4589-a02d-0269379b43b4@group-D57F3B3CFE7B-SegmentedRaftLogWorker] INFO  segmented.SegmentedRaftLogWorker (SegmentedRaftLogWorker.java:execute(574)) - 491ad50e-3375-4589-a02d-0269379b43b4@group-D57F3B3CFE7B-SegmentedRaftLogWorker: created new log segment /workdir/hadoop-ozone/integration-test/target/test-dir/MiniOzoneClusterImpl-15e79e0b-a28f-4a98-99e1-aed18379cb8e/datanode-8/data/ratis/6efd2b6a-ce4f-4577-8a86-d57f3b3cfe7b/current/log_inprogress_0
2019-10-28 08:19:26,419 [2aa3b7c6-b90d-4752-89e9-33d25dd86bbd@group-683C6387B75B-SegmentedRaftLogWorker] INFO  segmented.SegmentedRaftLogWorker (SegmentedRaftLogWorker.java:execute(574)) - 2aa3b7c6-b90d-4752-89e9-33d25dd86bbd@group-683C6387B75B-SegmentedRaftLogWorker: created new log segment /workdir/hadoop-ozone/integration-test/target/test-dir/MiniOzoneClusterImpl-15e79e0b-a28f-4a98-99e1-aed18379cb8e/datanode-6/data/ratis/a64237ac-a335-4f60-a2a1-683c6387b75b/current/log_inprogress_0
2019-10-28 08:19:26,447 [Thread-3739] INFO  impl.FollowerState (FollowerState.java:run(108)) - 32ed66cf-8488-4ba5-9500-337fd38aaa15@group-32B83D615E62-FollowerState: change to CANDIDATE, lastRpcTime:1097ms, electionTimeout:1097ms
2019-10-28 08:19:26,447 [Thread-3739] INFO  impl.RoleInfo (RoleInfo.java:shutdownFollowerState(121)) - 32ed66cf-8488-4ba5-9500-337fd38aaa15: shutdown FollowerState
2019-10-28 08:19:26,447 [Thread-3739] INFO  impl.RaftServerImpl (RaftServerImpl.java:setRole(170)) - 32ed66cf-8488-4ba5-9500-337fd38aaa15@group-32B83D615E62: changes role from  FOLLOWER to CANDIDATE at term 0 for changeToCandidate
2019-10-28 08:19:26,447 [Thread-3739] INFO  impl.RoleInfo (RoleInfo.java:updateAndGet(143)) - 32ed66cf-8488-4ba5-9500-337fd38aaa15: start LeaderElection
2019-10-28 08:19:26,458 [32ed66cf-8488-4ba5-9500-337fd38aaa15@group-32B83D615E62-LeaderElection150] INFO  impl.LeaderElection (LeaderElection.java:askForVotes(178)) - 32ed66cf-8488-4ba5-9500-337fd38aaa15@group-32B83D615E62-LeaderElection150: begin an election at term 1 for -1: [32ed66cf-8488-4ba5-9500-337fd38aaa15:192.168.34.22:44586], old=null
2019-10-28 08:19:26,458 [32ed66cf-8488-4ba5-9500-337fd38aaa15@group-32B83D615E62-LeaderElection150] INFO  impl.RoleInfo (RoleInfo.java:shutdownLeaderElection(134)) - 32ed66cf-8488-4ba5-9500-337fd38aaa15: shutdown LeaderElection
2019-10-28 08:19:26,458 [32ed66cf-8488-4ba5-9500-337fd38aaa15@group-32B83D615E62-LeaderElection150] INFO  impl.RaftServerImpl (RaftServerImpl.java:setRole(170)) - 32ed66cf-8488-4ba5-9500-337fd38aaa15@group-32B83D615E62: changes role from CANDIDATE to LEADER at term 1 for changeToLeader
2019-10-28 08:19:26,458 [32ed66cf-8488-4ba5-9500-337fd38aaa15@group-32B83D615E62-LeaderElection150] INFO  impl.RaftServerImpl (ServerState.java:setLeader(255)) - 32ed66cf-8488-4ba5-9500-337fd38aaa15@group-32B83D615E62: change Leader from null to 32ed66cf-8488-4ba5-9500-337fd38aaa15 at term 1 for becomeLeader, leader elected after 1114ms
2019-10-28 08:19:26,458 [32ed66cf-8488-4ba5-9500-337fd38aaa15@group-32B83D615E62-LeaderElection150] INFO  server.RaftServerConfigKeys (ConfUtils.java:logGet(43)) - raft.server.staging.catchup.gap = 1000 (default)
2019-10-28 08:19:26,459 [32ed66cf-8488-4ba5-9500-337fd38aaa15@group-32B83D615E62-LeaderElection150] INFO  server.RaftServerConfigKeys (ConfUtils.java:logGet(43)) - raft.server.rpc.sleep.time = 25ms (default)
2019-10-28 08:19:26,459 [32ed66cf-8488-4ba5-9500-337fd38aaa15@group-32B83D615E62-LeaderElection150] INFO  server.RaftServerConfigKeys (ConfUtils.java:logGet(43)) - raft.server.write.element-limit = 4096 (default)
2019-10-28 08:19:26,459 [32ed66cf-8488-4ba5-9500-337fd38aaa15@group-32B83D615E62-LeaderElection150] INFO  server.RaftServerConfigKeys (ConfUtils.java:logGet(43)) - raft.server.watch.timeout = 10s (default)
2019-10-28 08:19:26,459 [32ed66cf-8488-4ba5-9500-337fd38aaa15@group-32B83D615E62-LeaderElection150] INFO  server.RaftServerConfigKeys (ConfUtils.java:logGet(43)) - raft.server.watch.timeout.denomination = 1s (default)
2019-10-28 08:19:26,459 [32ed66cf-8488-4ba5-9500-337fd38aaa15@group-32B83D615E62-LeaderElection150] INFO  server.RaftServerConfigKeys (ConfUtils.java:logGet(43)) - raft.server.watch.element-limit = 65536 (default)
2019-10-28 08:19:26,461 [32ed66cf-8488-4ba5-9500-337fd38aaa15@group-32B83D615E62-LeaderElection150] INFO  impl.RoleInfo (RoleInfo.java:updateAndGet(143)) - 32ed66cf-8488-4ba5-9500-337fd38aaa15: start LeaderState
2019-10-28 08:19:26,461 [32ed66cf-8488-4ba5-9500-337fd38aaa15@group-32B83D615E62-LeaderElection150] INFO  segmented.SegmentedRaftLogWorker (SegmentedRaftLogWorker.java:startLogSegment(385)) - 32ed66cf-8488-4ba5-9500-337fd38aaa15@group-32B83D615E62-SegmentedRaftLogWorker: Starting segment from index:0
2019-10-28 08:19:26,461 [32ed66cf-8488-4ba5-9500-337fd38aaa15@group-32B83D615E62-LeaderElection150] INFO  impl.RaftServerImpl (ServerState.java:setRaftConf(356)) - 32ed66cf-8488-4ba5-9500-337fd38aaa15@group-32B83D615E62: set configuration 0: [32ed66cf-8488-4ba5-9500-337fd38aaa15:192.168.34.22:44586], old=null at 0
2019-10-28 08:19:26,497 [Thread-3755] INFO  impl.FollowerState (FollowerState.java:run(108)) - 2a045742-6ad3-4ae4-8313-0bafe5f9a8d8@group-CE3A4ACBD96B-FollowerState: change to CANDIDATE, lastRpcTime:1006ms, electionTimeout:1006ms
2019-10-28 08:19:26,497 [Thread-3755] INFO  impl.RoleInfo (RoleInfo.java:shutdownFollowerState(121)) - 2a045742-6ad3-4ae4-8313-0bafe5f9a8d8: shutdown FollowerState
2019-10-28 08:19:26,497 [Thread-3755] INFO  impl.RaftServerImpl (RaftServerImpl.java:setRole(170)) - 2a045742-6ad3-4ae4-8313-0bafe5f9a8d8@group-CE3A4ACBD96B: changes role from  FOLLOWER to CANDIDATE at term 0 for changeToCandidate
2019-10-28 08:19:26,497 [Thread-3755] INFO  impl.RoleInfo (RoleInfo.java:updateAndGet(143)) - 2a045742-6ad3-4ae4-8313-0bafe5f9a8d8: start LeaderElection
2019-10-28 08:19:26,500 [32ed66cf-8488-4ba5-9500-337fd38aaa15@group-32B83D615E62-SegmentedRaftLogWorker] INFO  segmented.SegmentedRaftLogWorker (SegmentedRaftLogWorker.java:execute(574)) - 32ed66cf-8488-4ba5-9500-337fd38aaa15@group-32B83D615E62-SegmentedRaftLogWorker: created new log segment /workdir/hadoop-ozone/integration-test/target/test-dir/MiniOzoneClusterImpl-15e79e0b-a28f-4a98-99e1-aed18379cb8e/datanode-7/data/ratis/34d652f8-67ae-41c3-a9e0-32b83d615e62/current/log_inprogress_0
2019-10-28 08:19:26,502 [2a045742-6ad3-4ae4-8313-0bafe5f9a8d8@group-CE3A4ACBD96B-LeaderElection151] INFO  impl.LeaderElection (LeaderElection.java:askForVotes(178)) - 2a045742-6ad3-4ae4-8313-0bafe5f9a8d8@group-CE3A4ACBD96B-LeaderElection151: begin an election at term 1 for -1: [2aa3b7c6-b90d-4752-89e9-33d25dd86bbd:192.168.34.22:43904, 2a045742-6ad3-4ae4-8313-0bafe5f9a8d8:192.168.34.22:36717, 6f05e68d-03c1-4824-99f0-3d21915cda5b:192.168.34.22:36489], old=null
2019-10-28 08:19:26,506 [grpc-default-executor-7] INFO  impl.RaftServerImpl (RaftServerImpl.java:setRole(170)) - 6f05e68d-03c1-4824-99f0-3d21915cda5b@group-CE3A4ACBD96B: changes role from  FOLLOWER to FOLLOWER at term 1 for recognizeCandidate:2a045742-6ad3-4ae4-8313-0bafe5f9a8d8
2019-10-28 08:19:26,506 [grpc-default-executor-9] INFO  impl.RaftServerImpl (RaftServerImpl.java:setRole(170)) - 2aa3b7c6-b90d-4752-89e9-33d25dd86bbd@group-CE3A4ACBD96B: changes role from  FOLLOWER to FOLLOWER at term 1 for recognizeCandidate:2a045742-6ad3-4ae4-8313-0bafe5f9a8d8
2019-10-28 08:19:26,507 [grpc-default-executor-7] INFO  impl.RoleInfo (RoleInfo.java:shutdownFollowerState(121)) - 6f05e68d-03c1-4824-99f0-3d21915cda5b: shutdown FollowerState
2019-10-28 08:19:26,507 [grpc-default-executor-9] INFO  impl.RoleInfo (RoleInfo.java:shutdownFollowerState(121)) - 2aa3b7c6-b90d-4752-89e9-33d25dd86bbd: shutdown FollowerState
2019-10-28 08:19:26,507 [Thread-3753] INFO  impl.FollowerState (FollowerState.java:run(117)) - 6f05e68d-03c1-4824-99f0-3d21915cda5b@group-CE3A4ACBD96B-FollowerState was interrupted: java.lang.InterruptedException: sleep interrupted
2019-10-28 08:19:26,507 [grpc-default-executor-7] INFO  impl.RoleInfo (RoleInfo.java:updateAndGet(143)) - 6f05e68d-03c1-4824-99f0-3d21915cda5b: start FollowerState
2019-10-28 08:19:26,507 [Thread-3754] INFO  impl.FollowerState (FollowerState.java:run(117)) - 2aa3b7c6-b90d-4752-89e9-33d25dd86bbd@group-CE3A4ACBD96B-FollowerState was interrupted: java.lang.InterruptedException: sleep interrupted
2019-10-28 08:19:26,507 [grpc-default-executor-9] INFO  impl.RoleInfo (RoleInfo.java:updateAndGet(143)) - 2aa3b7c6-b90d-4752-89e9-33d25dd86bbd: start FollowerState
2019-10-28 08:19:26,522 [2a045742-6ad3-4ae4-8313-0bafe5f9a8d8@group-CE3A4ACBD96B-LeaderElection151] INFO  impl.LeaderElection (LeaderElection.java:logAndReturn(56)) - 2a045742-6ad3-4ae4-8313-0bafe5f9a8d8@group-CE3A4ACBD96B-LeaderElection151: Election PASSED; received 1 response(s) [2a045742-6ad3-4ae4-8313-0bafe5f9a8d8<-6f05e68d-03c1-4824-99f0-3d21915cda5b#0:OK-t1] and 0 exception(s); 2a045742-6ad3-4ae4-8313-0bafe5f9a8d8@group-CE3A4ACBD96B:t1, leader=null, voted=2a045742-6ad3-4ae4-8313-0bafe5f9a8d8, raftlog=2a045742-6ad3-4ae4-8313-0bafe5f9a8d8@group-CE3A4ACBD96B-SegmentedRaftLog:OPENED:c-1,f-1,i0, conf=-1: [2aa3b7c6-b90d-4752-89e9-33d25dd86bbd:192.168.34.22:43904, 2a045742-6ad3-4ae4-8313-0bafe5f9a8d8:192.168.34.22:36717, 6f05e68d-03c1-4824-99f0-3d21915cda5b:192.168.34.22:36489], old=null
2019-10-28 08:19:26,522 [2a045742-6ad3-4ae4-8313-0bafe5f9a8d8@group-CE3A4ACBD96B-LeaderElection151] INFO  impl.RoleInfo (RoleInfo.java:shutdownLeaderElection(134)) - 2a045742-6ad3-4ae4-8313-0bafe5f9a8d8: shutdown LeaderElection
2019-10-28 08:19:26,522 [2a045742-6ad3-4ae4-8313-0bafe5f9a8d8@group-CE3A4ACBD96B-LeaderElection151] INFO  impl.RaftServerImpl (RaftServerImpl.java:setRole(170)) - 2a045742-6ad3-4ae4-8313-0bafe5f9a8d8@group-CE3A4ACBD96B: changes role from CANDIDATE to LEADER at term 1 for changeToLeader
2019-10-28 08:19:26,522 [2a045742-6ad3-4ae4-8313-0bafe5f9a8d8@group-CE3A4ACBD96B-LeaderElection151] INFO  impl.RaftServerImpl (ServerState.java:setLeader(255)) - 2a045742-6ad3-4ae4-8313-0bafe5f9a8d8@group-CE3A4ACBD96B: change Leader from null to 2a045742-6ad3-4ae4-8313-0bafe5f9a8d8 at term 1 for becomeLeader, leader elected after 1041ms
2019-10-28 08:19:26,522 [2a045742-6ad3-4ae4-8313-0bafe5f9a8d8@group-CE3A4ACBD96B-LeaderElection151] INFO  server.RaftServerConfigKeys (ConfUtils.java:logGet(43)) - raft.server.staging.catchup.gap = 1000 (default)
2019-10-28 08:19:26,523 [2a045742-6ad3-4ae4-8313-0bafe5f9a8d8@group-CE3A4ACBD96B-LeaderElection151] INFO  server.RaftServerConfigKeys (ConfUtils.java:logGet(43)) - raft.server.rpc.sleep.time = 25ms (default)
2019-10-28 08:19:26,523 [2a045742-6ad3-4ae4-8313-0bafe5f9a8d8@group-CE3A4ACBD96B-LeaderElection151] INFO  server.RaftServerConfigKeys (ConfUtils.java:logGet(43)) - raft.server.write.element-limit = 4096 (default)
2019-10-28 08:19:26,523 [2a045742-6ad3-4ae4-8313-0bafe5f9a8d8@group-CE3A4ACBD96B-LeaderElection151] INFO  server.RaftServerConfigKeys (ConfUtils.java:logGet(43)) - raft.server.watch.timeout = 10s (default)
2019-10-28 08:19:26,523 [2a045742-6ad3-4ae4-8313-0bafe5f9a8d8@group-CE3A4ACBD96B-LeaderElection151] INFO  server.RaftServerConfigKeys (ConfUtils.java:logGet(43)) - raft.server.watch.timeout.denomination = 1s (default)
2019-10-28 08:19:26,523 [2a045742-6ad3-4ae4-8313-0bafe5f9a8d8@group-CE3A4ACBD96B-LeaderElection151] INFO  server.RaftServerConfigKeys (ConfUtils.java:logGet(43)) - raft.server.watch.element-limit = 65536 (default)
2019-10-28 08:19:26,525 [2a045742-6ad3-4ae4-8313-0bafe5f9a8d8@group-CE3A4ACBD96B-LeaderElection151] INFO  server.RaftServerConfigKeys (ConfUtils.java:logGet(43)) - raft.server.log.appender.snapshot.chunk.size.max = 16MB (=16777216) (default)
2019-10-28 08:19:26,525 [2a045742-6ad3-4ae4-8313-0bafe5f9a8d8@group-CE3A4ACBD96B-LeaderElection151] INFO  server.RaftServerConfigKeys (ConfUtils.java:logGet(43)) - raft.server.log.appender.buffer.byte-limit = 33554432 (custom)
2019-10-28 08:19:26,525 [2a045742-6ad3-4ae4-8313-0bafe5f9a8d8@group-CE3A4ACBD96B-LeaderElection151] INFO  server.RaftServerConfigKeys (ConfUtils.java:logGet(43)) - raft.server.log.appender.buffer.element-limit = 1 (custom)
2019-10-28 08:19:26,525 [2a045742-6ad3-4ae4-8313-0bafe5f9a8d8@group-CE3A4ACBD96B-LeaderElection151] INFO  grpc.GrpcConfigKeys$Server (ConfUtils.java:logGet(43)) - raft.grpc.server.leader.outstanding.appends.max = 128 (default)
2019-10-28 08:19:26,525 [2a045742-6ad3-4ae4-8313-0bafe5f9a8d8@group-CE3A4ACBD96B-LeaderElection151] INFO  server.RaftServerConfigKeys (ConfUtils.java:logGet(43)) - raft.server.rpc.request.timeout = 3000ms (default)
2019-10-28 08:19:26,526 [2a045742-6ad3-4ae4-8313-0bafe5f9a8d8@group-CE3A4ACBD96B-LeaderElection151] INFO  server.RaftServerConfigKeys (ConfUtils.java:logGet(43)) - raft.server.log.appender.install.snapshot.enabled = false (custom)
2019-10-28 08:19:26,526 [2a045742-6ad3-4ae4-8313-0bafe5f9a8d8@group-CE3A4ACBD96B-LeaderElection151] INFO  server.RaftServerConfigKeys (ConfUtils.java:logGet(43)) - raft.server.log.appender.snapshot.chunk.size.max = 16MB (=16777216) (default)
2019-10-28 08:19:26,526 [2a045742-6ad3-4ae4-8313-0bafe5f9a8d8@group-CE3A4ACBD96B-LeaderElection151] INFO  server.RaftServerConfigKeys (ConfUtils.java:logGet(43)) - raft.server.log.appender.buffer.byte-limit = 33554432 (custom)
2019-10-28 08:19:26,526 [2a045742-6ad3-4ae4-8313-0bafe5f9a8d8@group-CE3A4ACBD96B-LeaderElection151] INFO  server.RaftServerConfigKeys (ConfUtils.java:logGet(43)) - raft.server.log.appender.buffer.element-limit = 1 (custom)
2019-10-28 08:19:26,526 [2a045742-6ad3-4ae4-8313-0bafe5f9a8d8@group-CE3A4ACBD96B-LeaderElection151] INFO  grpc.GrpcConfigKeys$Server (ConfUtils.java:logGet(43)) - raft.grpc.server.leader.outstanding.appends.max = 128 (default)
2019-10-28 08:19:26,526 [2a045742-6ad3-4ae4-8313-0bafe5f9a8d8@group-CE3A4ACBD96B-LeaderElection151] INFO  server.RaftServerConfigKeys (ConfUtils.java:logGet(43)) - raft.server.rpc.request.timeout = 3000ms (default)
2019-10-28 08:19:26,527 [2a045742-6ad3-4ae4-8313-0bafe5f9a8d8@group-CE3A4ACBD96B-LeaderElection151] INFO  server.RaftServerConfigKeys (ConfUtils.java:logGet(43)) - raft.server.log.appender.install.snapshot.enabled = false (custom)
2019-10-28 08:19:26,527 [2a045742-6ad3-4ae4-8313-0bafe5f9a8d8@group-CE3A4ACBD96B-LeaderElection151] INFO  impl.RoleInfo (RoleInfo.java:updateAndGet(143)) - 2a045742-6ad3-4ae4-8313-0bafe5f9a8d8: start LeaderState
2019-10-28 08:19:26,527 [2a045742-6ad3-4ae4-8313-0bafe5f9a8d8@group-CE3A4ACBD96B-LeaderElection151] INFO  segmented.SegmentedRaftLogWorker (SegmentedRaftLogWorker.java:startLogSegment(385)) - 2a045742-6ad3-4ae4-8313-0bafe5f9a8d8@group-CE3A4ACBD96B-SegmentedRaftLogWorker: Starting segment from index:0
2019-10-28 08:19:26,527 [Thread-3745] INFO  impl.FollowerState (FollowerState.java:run(108)) - c538bdf1-684e-4089-9cc6-6fa0b44fa7c7@group-7339E3098941-FollowerState: change to CANDIDATE, lastRpcTime:1108ms, electionTimeout:1108ms
2019-10-28 08:19:26,528 [Thread-3745] INFO  impl.RoleInfo (RoleInfo.java:shutdownFollowerState(121)) - c538bdf1-684e-4089-9cc6-6fa0b44fa7c7: shutdown FollowerState
2019-10-28 08:19:26,528 [Thread-3745] INFO  impl.RaftServerImpl (RaftServerImpl.java:setRole(170)) - c538bdf1-684e-4089-9cc6-6fa0b44fa7c7@group-7339E3098941: changes role from  FOLLOWER to CANDIDATE at term 0 for changeToCandidate
2019-10-28 08:19:26,528 [Thread-3745] INFO  impl.RoleInfo (RoleInfo.java:updateAndGet(143)) - c538bdf1-684e-4089-9cc6-6fa0b44fa7c7: start LeaderElection
2019-10-28 08:19:26,528 [2a045742-6ad3-4ae4-8313-0bafe5f9a8d8@group-CE3A4ACBD96B-LeaderElection151] INFO  impl.RaftServerImpl (ServerState.java:setRaftConf(356)) - 2a045742-6ad3-4ae4-8313-0bafe5f9a8d8@group-CE3A4ACBD96B: set configuration 0: [2aa3b7c6-b90d-4752-89e9-33d25dd86bbd:192.168.34.22:43904, 2a045742-6ad3-4ae4-8313-0bafe5f9a8d8:192.168.34.22:36717, 6f05e68d-03c1-4824-99f0-3d21915cda5b:192.168.34.22:36489], old=null at 0
2019-10-28 08:19:26,529 [grpc-default-executor-9] INFO  impl.RaftServerImpl (ServerState.java:setLeader(255)) - 2aa3b7c6-b90d-4752-89e9-33d25dd86bbd@group-CE3A4ACBD96B: change Leader from null to 2a045742-6ad3-4ae4-8313-0bafe5f9a8d8 at term 1 for appendEntries, leader elected after 1048ms
2019-10-28 08:19:26,530 [grpc-default-executor-9] INFO  impl.RaftServerImpl (ServerState.java:setLeader(255)) - 6f05e68d-03c1-4824-99f0-3d21915cda5b@group-CE3A4ACBD96B: change Leader from null to 2a045742-6ad3-4ae4-8313-0bafe5f9a8d8 at term 1 for appendEntries, leader elected after 1049ms
2019-10-28 08:19:26,531 [grpc-default-executor-9] INFO  impl.RaftServerImpl (ServerState.java:setRaftConf(356)) - 2aa3b7c6-b90d-4752-89e9-33d25dd86bbd@group-CE3A4ACBD96B: set configuration 0: [2aa3b7c6-b90d-4752-89e9-33d25dd86bbd:192.168.34.22:43904, 2a045742-6ad3-4ae4-8313-0bafe5f9a8d8:192.168.34.22:36717, 6f05e68d-03c1-4824-99f0-3d21915cda5b:192.168.34.22:36489], old=null at 0
2019-10-28 08:19:26,532 [grpc-default-executor-9] INFO  segmented.SegmentedRaftLogWorker (SegmentedRaftLogWorker.java:startLogSegment(385)) - 2aa3b7c6-b90d-4752-89e9-33d25dd86bbd@group-CE3A4ACBD96B-SegmentedRaftLogWorker: Starting segment from index:0
2019-10-28 08:19:26,532 [grpc-default-executor-7] INFO  impl.RaftServerImpl (ServerState.java:setRaftConf(356)) - 6f05e68d-03c1-4824-99f0-3d21915cda5b@group-CE3A4ACBD96B: set configuration 0: [2aa3b7c6-b90d-4752-89e9-33d25dd86bbd:192.168.34.22:43904, 2a045742-6ad3-4ae4-8313-0bafe5f9a8d8:192.168.34.22:36717, 6f05e68d-03c1-4824-99f0-3d21915cda5b:192.168.34.22:36489], old=null at 0
2019-10-28 08:19:26,532 [grpc-default-executor-7] INFO  segmented.SegmentedRaftLogWorker (SegmentedRaftLogWorker.java:startLogSegment(385)) - 6f05e68d-03c1-4824-99f0-3d21915cda5b@group-CE3A4ACBD96B-SegmentedRaftLogWorker: Starting segment from index:0
2019-10-28 08:19:26,542 [c538bdf1-684e-4089-9cc6-6fa0b44fa7c7@group-7339E3098941-LeaderElection152] INFO  impl.LeaderElection (LeaderElection.java:askForVotes(178)) - c538bdf1-684e-4089-9cc6-6fa0b44fa7c7@group-7339E3098941-LeaderElection152: begin an election at term 1 for -1: [931f47be-92fd-4e78-8b74-097dddc5e38b:192.168.34.22:34284, c538bdf1-684e-4089-9cc6-6fa0b44fa7c7:192.168.34.22:38247, 491ad50e-3375-4589-a02d-0269379b43b4:192.168.34.22:34561], old=null
2019-10-28 08:19:26,545 [grpc-default-executor-7] INFO  impl.RaftServerImpl (RaftServerImpl.java:setRole(170)) - 491ad50e-3375-4589-a02d-0269379b43b4@group-7339E3098941: changes role from  FOLLOWER to FOLLOWER at term 1 for recognizeCandidate:c538bdf1-684e-4089-9cc6-6fa0b44fa7c7
2019-10-28 08:19:26,545 [grpc-default-executor-9] INFO  impl.RaftServerImpl (RaftServerImpl.java:setRole(170)) - 931f47be-92fd-4e78-8b74-097dddc5e38b@group-7339E3098941: changes role from  FOLLOWER to FOLLOWER at term 1 for recognizeCandidate:c538bdf1-684e-4089-9cc6-6fa0b44fa7c7
2019-10-28 08:19:26,545 [grpc-default-executor-7] INFO  impl.RoleInfo (RoleInfo.java:shutdownFollowerState(121)) - 491ad50e-3375-4589-a02d-0269379b43b4: shutdown FollowerState
2019-10-28 08:19:26,545 [grpc-default-executor-9] INFO  impl.RoleInfo (RoleInfo.java:shutdownFollowerState(121)) - 931f47be-92fd-4e78-8b74-097dddc5e38b: shutdown FollowerState
2019-10-28 08:19:26,546 [Thread-3742] INFO  impl.FollowerState (FollowerState.java:run(117)) - 491ad50e-3375-4589-a02d-0269379b43b4@group-7339E3098941-FollowerState was interrupted: java.lang.InterruptedException: sleep interrupted
2019-10-28 08:19:26,546 [grpc-default-executor-7] INFO  impl.RoleInfo (RoleInfo.java:updateAndGet(143)) - 491ad50e-3375-4589-a02d-0269379b43b4: start FollowerState
2019-10-28 08:19:26,546 [Thread-3747] INFO  impl.FollowerState (FollowerState.java:run(117)) - 931f47be-92fd-4e78-8b74-097dddc5e38b@group-7339E3098941-FollowerState was interrupted: java.lang.InterruptedException: sleep interrupted
2019-10-28 08:19:26,546 [grpc-default-executor-9] INFO  impl.RoleInfo (RoleInfo.java:updateAndGet(143)) - 931f47be-92fd-4e78-8b74-097dddc5e38b: start FollowerState
2019-10-28 08:19:26,592 [2a045742-6ad3-4ae4-8313-0bafe5f9a8d8@group-CE3A4ACBD96B-SegmentedRaftLogWorker] INFO  segmented.SegmentedRaftLogWorker (SegmentedRaftLogWorker.java:execute(574)) - 2a045742-6ad3-4ae4-8313-0bafe5f9a8d8@group-CE3A4ACBD96B-SegmentedRaftLogWorker: created new log segment /workdir/hadoop-ozone/integration-test/target/test-dir/MiniOzoneClusterImpl-15e79e0b-a28f-4a98-99e1-aed18379cb8e/datanode-3/data/ratis/b67e15df-b1c6-4f1a-95cc-ce3a4acbd96b/current/log_inprogress_0
2019-10-28 08:19:26,592 [6f05e68d-03c1-4824-99f0-3d21915cda5b@group-CE3A4ACBD96B-SegmentedRaftLogWorker] INFO  segmented.SegmentedRaftLogWorker (SegmentedRaftLogWorker.java:execute(574)) - 6f05e68d-03c1-4824-99f0-3d21915cda5b@group-CE3A4ACBD96B-SegmentedRaftLogWorker: created new log segment /workdir/hadoop-ozone/integration-test/target/test-dir/MiniOzoneClusterImpl-15e79e0b-a28f-4a98-99e1-aed18379cb8e/datanode-9/data/ratis/b67e15df-b1c6-4f1a-95cc-ce3a4acbd96b/current/log_inprogress_0
2019-10-28 08:19:26,592 [2aa3b7c6-b90d-4752-89e9-33d25dd86bbd@group-CE3A4ACBD96B-SegmentedRaftLogWorker] INFO  segmented.SegmentedRaftLogWorker (SegmentedRaftLogWorker.java:execute(574)) - 2aa3b7c6-b90d-4752-89e9-33d25dd86bbd@group-CE3A4ACBD96B-SegmentedRaftLogWorker: created new log segment /workdir/hadoop-ozone/integration-test/target/test-dir/MiniOzoneClusterImpl-15e79e0b-a28f-4a98-99e1-aed18379cb8e/datanode-6/data/ratis/b67e15df-b1c6-4f1a-95cc-ce3a4acbd96b/current/log_inprogress_0
2019-10-28 08:19:26,593 [c538bdf1-684e-4089-9cc6-6fa0b44fa7c7@group-7339E3098941-LeaderElection152] INFO  impl.LeaderElection (LeaderElection.java:logAndReturn(56)) - c538bdf1-684e-4089-9cc6-6fa0b44fa7c7@group-7339E3098941-LeaderElection152: Election PASSED; received 1 response(s) [c538bdf1-684e-4089-9cc6-6fa0b44fa7c7<-931f47be-92fd-4e78-8b74-097dddc5e38b#0:OK-t1] and 0 exception(s); c538bdf1-684e-4089-9cc6-6fa0b44fa7c7@group-7339E3098941:t1, leader=null, voted=c538bdf1-684e-4089-9cc6-6fa0b44fa7c7, raftlog=c538bdf1-684e-4089-9cc6-6fa0b44fa7c7@group-7339E3098941-SegmentedRaftLog:OPENED:c-1,f-1,i0, conf=-1: [931f47be-92fd-4e78-8b74-097dddc5e38b:192.168.34.22:34284, c538bdf1-684e-4089-9cc6-6fa0b44fa7c7:192.168.34.22:38247, 491ad50e-3375-4589-a02d-0269379b43b4:192.168.34.22:34561], old=null
2019-10-28 08:19:26,593 [c538bdf1-684e-4089-9cc6-6fa0b44fa7c7@group-7339E3098941-LeaderElection152] INFO  impl.RoleInfo (RoleInfo.java:shutdownLeaderElection(134)) - c538bdf1-684e-4089-9cc6-6fa0b44fa7c7: shutdown LeaderElection
2019-10-28 08:19:26,593 [c538bdf1-684e-4089-9cc6-6fa0b44fa7c7@group-7339E3098941-LeaderElection152] INFO  impl.RaftServerImpl (RaftServerImpl.java:setRole(170)) - c538bdf1-684e-4089-9cc6-6fa0b44fa7c7@group-7339E3098941: changes role from CANDIDATE to LEADER at term 1 for changeToLeader
2019-10-28 08:19:26,593 [c538bdf1-684e-4089-9cc6-6fa0b44fa7c7@group-7339E3098941-LeaderElection152] INFO  impl.RaftServerImpl (ServerState.java:setLeader(255)) - c538bdf1-684e-4089-9cc6-6fa0b44fa7c7@group-7339E3098941: change Leader from null to c538bdf1-684e-4089-9cc6-6fa0b44fa7c7 at term 1 for becomeLeader, leader elected after 1185ms
2019-10-28 08:19:26,593 [c538bdf1-684e-4089-9cc6-6fa0b44fa7c7@group-7339E3098941-LeaderElection152] INFO  server.RaftServerConfigKeys (ConfUtils.java:logGet(43)) - raft.server.staging.catchup.gap = 1000 (default)
2019-10-28 08:19:26,594 [c538bdf1-684e-4089-9cc6-6fa0b44fa7c7@group-7339E3098941-LeaderElection152] INFO  server.RaftServerConfigKeys (ConfUtils.java:logGet(43)) - raft.server.rpc.sleep.time = 25ms (default)
2019-10-28 08:19:26,594 [c538bdf1-684e-4089-9cc6-6fa0b44fa7c7@group-7339E3098941-LeaderElection152] INFO  server.RaftServerConfigKeys (ConfUtils.java:logGet(43)) - raft.server.write.element-limit = 4096 (default)
2019-10-28 08:19:26,594 [c538bdf1-684e-4089-9cc6-6fa0b44fa7c7@group-7339E3098941-LeaderElection152] INFO  server.RaftServerConfigKeys (ConfUtils.java:logGet(43)) - raft.server.watch.timeout = 10s (default)
2019-10-28 08:19:26,594 [c538bdf1-684e-4089-9cc6-6fa0b44fa7c7@group-7339E3098941-LeaderElection152] INFO  server.RaftServerConfigKeys (ConfUtils.java:logGet(43)) - raft.server.watch.timeout.denomination = 1s (default)
2019-10-28 08:19:26,594 [c538bdf1-684e-4089-9cc6-6fa0b44fa7c7@group-7339E3098941-LeaderElection152] INFO  server.RaftServerConfigKeys (ConfUtils.java:logGet(43)) - raft.server.watch.element-limit = 65536 (default)
2019-10-28 08:19:26,596 [c538bdf1-684e-4089-9cc6-6fa0b44fa7c7@group-7339E3098941-LeaderElection152] INFO  server.RaftServerConfigKeys (ConfUtils.java:logGet(43)) - raft.server.log.appender.snapshot.chunk.size.max = 16MB (=16777216) (default)
2019-10-28 08:19:26,597 [c538bdf1-684e-4089-9cc6-6fa0b44fa7c7@group-7339E3098941-LeaderElection152] INFO  server.RaftServerConfigKeys (ConfUtils.java:logGet(43)) - raft.server.log.appender.buffer.byte-limit = 33554432 (custom)
2019-10-28 08:19:26,597 [c538bdf1-684e-4089-9cc6-6fa0b44fa7c7@group-7339E3098941-LeaderElection152] INFO  server.RaftServerConfigKeys (ConfUtils.java:logGet(43)) - raft.server.log.appender.buffer.element-limit = 1 (custom)
2019-10-28 08:19:26,597 [c538bdf1-684e-4089-9cc6-6fa0b44fa7c7@group-7339E3098941-LeaderElection152] INFO  grpc.GrpcConfigKeys$Server (ConfUtils.java:logGet(43)) - raft.grpc.server.leader.outstanding.appends.max = 128 (default)
2019-10-28 08:19:26,597 [c538bdf1-684e-4089-9cc6-6fa0b44fa7c7@group-7339E3098941-LeaderElection152] INFO  server.RaftServerConfigKeys (ConfUtils.java:logGet(43)) - raft.server.rpc.request.timeout = 3000ms (default)
2019-10-28 08:19:26,597 [c538bdf1-684e-4089-9cc6-6fa0b44fa7c7@group-7339E3098941-LeaderElection152] INFO  server.RaftServerConfigKeys (ConfUtils.java:logGet(43)) - raft.server.log.appender.install.snapshot.enabled = false (custom)
2019-10-28 08:19:26,598 [c538bdf1-684e-4089-9cc6-6fa0b44fa7c7@group-7339E3098941-LeaderElection152] INFO  server.RaftServerConfigKeys (ConfUtils.java:logGet(43)) - raft.server.log.appender.snapshot.chunk.size.max = 16MB (=16777216) (default)
2019-10-28 08:19:26,598 [c538bdf1-684e-4089-9cc6-6fa0b44fa7c7@group-7339E3098941-LeaderElection152] INFO  server.RaftServerConfigKeys (ConfUtils.java:logGet(43)) - raft.server.log.appender.buffer.byte-limit = 33554432 (custom)
2019-10-28 08:19:26,598 [c538bdf1-684e-4089-9cc6-6fa0b44fa7c7@group-7339E3098941-LeaderElection152] INFO  server.RaftServerConfigKeys (ConfUtils.java:logGet(43)) - raft.server.log.appender.buffer.element-limit = 1 (custom)
2019-10-28 08:19:26,598 [c538bdf1-684e-4089-9cc6-6fa0b44fa7c7@group-7339E3098941-LeaderElection152] INFO  grpc.GrpcConfigKeys$Server (ConfUtils.java:logGet(43)) - raft.grpc.server.leader.outstanding.appends.max = 128 (default)
2019-10-28 08:19:26,599 [c538bdf1-684e-4089-9cc6-6fa0b44fa7c7@group-7339E3098941-LeaderElection152] INFO  server.RaftServerConfigKeys (ConfUtils.java:logGet(43)) - raft.server.rpc.request.timeout = 3000ms (default)
2019-10-28 08:19:26,599 [c538bdf1-684e-4089-9cc6-6fa0b44fa7c7@group-7339E3098941-LeaderElection152] INFO  server.RaftServerConfigKeys (ConfUtils.java:logGet(43)) - raft.server.log.appender.install.snapshot.enabled = false (custom)
2019-10-28 08:19:26,599 [c538bdf1-684e-4089-9cc6-6fa0b44fa7c7@group-7339E3098941-LeaderElection152] INFO  impl.RoleInfo (RoleInfo.java:updateAndGet(143)) - c538bdf1-684e-4089-9cc6-6fa0b44fa7c7: start LeaderState
2019-10-28 08:19:26,599 [c538bdf1-684e-4089-9cc6-6fa0b44fa7c7@group-7339E3098941-LeaderElection152] INFO  segmented.SegmentedRaftLogWorker (SegmentedRaftLogWorker.java:startLogSegment(385)) - c538bdf1-684e-4089-9cc6-6fa0b44fa7c7@group-7339E3098941-SegmentedRaftLogWorker: Starting segment from index:0
2019-10-28 08:19:26,600 [c538bdf1-684e-4089-9cc6-6fa0b44fa7c7@group-7339E3098941-LeaderElection152] INFO  impl.RaftServerImpl (ServerState.java:setRaftConf(356)) - c538bdf1-684e-4089-9cc6-6fa0b44fa7c7@group-7339E3098941: set configuration 0: [931f47be-92fd-4e78-8b74-097dddc5e38b:192.168.34.22:34284, c538bdf1-684e-4089-9cc6-6fa0b44fa7c7:192.168.34.22:38247, 491ad50e-3375-4589-a02d-0269379b43b4:192.168.34.22:34561], old=null at 0
2019-10-28 08:19:26,631 [grpc-default-executor-10] INFO  impl.RaftServerImpl (ServerState.java:setLeader(255)) - 931f47be-92fd-4e78-8b74-097dddc5e38b@group-7339E3098941: change Leader from null to c538bdf1-684e-4089-9cc6-6fa0b44fa7c7 at term 1 for appendEntries, leader elected after 1224ms
2019-10-28 08:19:26,632 [grpc-default-executor-10] INFO  impl.RaftServerImpl (ServerState.java:setLeader(255)) - 491ad50e-3375-4589-a02d-0269379b43b4@group-7339E3098941: change Leader from null to c538bdf1-684e-4089-9cc6-6fa0b44fa7c7 at term 1 for appendEntries, leader elected after 1225ms
2019-10-28 08:19:26,633 [grpc-default-executor-9] INFO  impl.RaftServerImpl (ServerState.java:setRaftConf(356)) - 931f47be-92fd-4e78-8b74-097dddc5e38b@group-7339E3098941: set configuration 0: [931f47be-92fd-4e78-8b74-097dddc5e38b:192.168.34.22:34284, c538bdf1-684e-4089-9cc6-6fa0b44fa7c7:192.168.34.22:38247, 491ad50e-3375-4589-a02d-0269379b43b4:192.168.34.22:34561], old=null at 0
2019-10-28 08:19:26,634 [grpc-default-executor-9] INFO  segmented.SegmentedRaftLogWorker (SegmentedRaftLogWorker.java:startLogSegment(385)) - 931f47be-92fd-4e78-8b74-097dddc5e38b@group-7339E3098941-SegmentedRaftLogWorker: Starting segment from index:0
2019-10-28 08:19:26,634 [grpc-default-executor-9] INFO  impl.RaftServerImpl (ServerState.java:setRaftConf(356)) - 491ad50e-3375-4589-a02d-0269379b43b4@group-7339E3098941: set configuration 0: [931f47be-92fd-4e78-8b74-097dddc5e38b:192.168.34.22:34284, c538bdf1-684e-4089-9cc6-6fa0b44fa7c7:192.168.34.22:38247, 491ad50e-3375-4589-a02d-0269379b43b4:192.168.34.22:34561], old=null at 0
2019-10-28 08:19:26,634 [grpc-default-executor-9] INFO  segmented.SegmentedRaftLogWorker (SegmentedRaftLogWorker.java:startLogSegment(385)) - 491ad50e-3375-4589-a02d-0269379b43b4@group-7339E3098941-SegmentedRaftLogWorker: Starting segment from index:0
2019-10-28 08:19:26,642 [c538bdf1-684e-4089-9cc6-6fa0b44fa7c7@group-7339E3098941-SegmentedRaftLogWorker] INFO  segmented.SegmentedRaftLogWorker (SegmentedRaftLogWorker.java:execute(574)) - c538bdf1-684e-4089-9cc6-6fa0b44fa7c7@group-7339E3098941-SegmentedRaftLogWorker: created new log segment /workdir/hadoop-ozone/integration-test/target/test-dir/MiniOzoneClusterImpl-15e79e0b-a28f-4a98-99e1-aed18379cb8e/datanode-5/data/ratis/66c16d5b-b617-4d7e-9075-7339e3098941/current/log_inprogress_0
2019-10-28 08:19:26,670 [931f47be-92fd-4e78-8b74-097dddc5e38b@group-7339E3098941-SegmentedRaftLogWorker] INFO  segmented.SegmentedRaftLogWorker (SegmentedRaftLogWorker.java:execute(574)) - 931f47be-92fd-4e78-8b74-097dddc5e38b@group-7339E3098941-SegmentedRaftLogWorker: created new log segment /workdir/hadoop-ozone/integration-test/target/test-dir/MiniOzoneClusterImpl-15e79e0b-a28f-4a98-99e1-aed18379cb8e/datanode-4/data/ratis/66c16d5b-b617-4d7e-9075-7339e3098941/current/log_inprogress_0
2019-10-28 08:19:26,672 [491ad50e-3375-4589-a02d-0269379b43b4@group-7339E3098941-SegmentedRaftLogWorker] INFO  segmented.SegmentedRaftLogWorker (SegmentedRaftLogWorker.java:execute(574)) - 491ad50e-3375-4589-a02d-0269379b43b4@group-7339E3098941-SegmentedRaftLogWorker: created new log segment /workdir/hadoop-ozone/integration-test/target/test-dir/MiniOzoneClusterImpl-15e79e0b-a28f-4a98-99e1-aed18379cb8e/datanode-8/data/ratis/66c16d5b-b617-4d7e-9075-7339e3098941/current/log_inprogress_0
2019-10-28 08:19:27,543 [Thread-3699] INFO  container.ReplicationManager (ReplicationManager.java:start(163)) - Starting Replication Monitor Thread.
2019-10-28 08:19:27,547 [ReplicationMonitor] INFO  container.ReplicationManager (ReplicationManager.java:run(226)) - Replication Monitor Thread took 0 milliseconds for processing 1 containers.
2019-10-28 08:19:28,770 [Datanode State Machine Thread - 0] INFO  statemachine.DatanodeStateMachine (DatanodeStateMachine.java:lambda$startDaemon$0(350)) - Ozone container server started.
2019-10-28 08:19:32,876 [main] INFO  ozoneimpl.OzoneContainer (OzoneContainer.java:stop(227)) - Attempting to stop container services.
2019-10-28 08:19:32,877 [main] INFO  impl.RaftServerProxy (RaftServerProxy.java:lambda$close$4(314)) - 931f47be-92fd-4e78-8b74-097dddc5e38b: close
2019-10-28 08:19:32,878 [main] INFO  impl.RaftServerImpl (RaftServerImpl.java:lambda$shutdown$3(247)) - 931f47be-92fd-4e78-8b74-097dddc5e38b@group-9940A9FF591C: shutdown
2019-10-28 08:19:32,879 [main] INFO  util.JmxRegister (JmxRegister.java:unregister(73)) - Successfully un-registered JMX Bean with object name Ratis:service=RaftServer,group=group-9940A9FF591C,id=931f47be-92fd-4e78-8b74-097dddc5e38b
2019-10-28 08:19:32,879 [main] INFO  impl.RoleInfo (RoleInfo.java:shutdownLeaderState(104)) - 931f47be-92fd-4e78-8b74-097dddc5e38b: shutdown LeaderState
2019-10-28 08:19:32,880 [main] INFO  impl.PendingRequests (PendingRequests.java:sendNotLeaderResponses(202)) - 931f47be-92fd-4e78-8b74-097dddc5e38b@group-9940A9FF591C-PendingRequests: sendNotLeaderResponses
2019-10-28 08:19:32,880 [main] INFO  impl.StateMachineUpdater (StateMachineUpdater.java:stopAndJoin(136)) - 931f47be-92fd-4e78-8b74-097dddc5e38b@group-9940A9FF591C-StateMachineUpdater: set stopIndex = 0
2019-10-28 08:19:32,881 [main] INFO  impl.RaftServerImpl (ServerState.java:close(387)) - 931f47be-92fd-4e78-8b74-097dddc5e38b@group-9940A9FF591C: closes. applyIndex: 0
2019-10-28 08:19:32,881 [931f47be-92fd-4e78-8b74-097dddc5e38b@group-9940A9FF591C-SegmentedRaftLogWorker] INFO  segmented.SegmentedRaftLogWorker (SegmentedRaftLogWorker.java:run(316)) - 931f47be-92fd-4e78-8b74-097dddc5e38b@group-9940A9FF591C-SegmentedRaftLogWorker was interrupted, exiting. There are 0 tasks remaining in the queue.
2019-10-28 08:19:32,889 [main] INFO  segmented.SegmentedRaftLogWorker (SegmentedRaftLogWorker.java:close(224)) - 931f47be-92fd-4e78-8b74-097dddc5e38b@group-9940A9FF591C-SegmentedRaftLogWorker close()
2019-10-28 08:19:32,895 [main] INFO  impl.RaftServerImpl (RaftServerImpl.java:lambda$shutdown$3(247)) - 931f47be-92fd-4e78-8b74-097dddc5e38b@group-7339E3098941: shutdown
2019-10-28 08:19:32,896 [main] INFO  util.JmxRegister (JmxRegister.java:unregister(73)) - Successfully un-registered JMX Bean with object name Ratis:service=RaftServer,group=group-7339E3098941,id=931f47be-92fd-4e78-8b74-097dddc5e38b
2019-10-28 08:19:32,896 [main] INFO  impl.RoleInfo (RoleInfo.java:shutdownFollowerState(121)) - 931f47be-92fd-4e78-8b74-097dddc5e38b: shutdown FollowerState
2019-10-28 08:19:32,896 [main] INFO  impl.StateMachineUpdater (StateMachineUpdater.java:stopAndJoin(136)) - 931f47be-92fd-4e78-8b74-097dddc5e38b@group-7339E3098941-StateMachineUpdater: set stopIndex = 4
2019-10-28 08:19:32,896 [Thread-3814] INFO  impl.FollowerState (FollowerState.java:run(117)) - 931f47be-92fd-4e78-8b74-097dddc5e38b@group-7339E3098941-FollowerState was interrupted: java.lang.InterruptedException: sleep interrupted
2019-10-28 08:19:32,897 [931f47be-92fd-4e78-8b74-097dddc5e38b@group-7339E3098941-StateMachineUpdater] INFO  ratis.ContainerStateMachine (ContainerStateMachine.java:takeSnapshot(294)) - group-7339E3098941: Taking a snapshot at:(t:1, i:3) file /workdir/hadoop-ozone/integration-test/target/test-dir/MiniOzoneClusterImpl-15e79e0b-a28f-4a98-99e1-aed18379cb8e/datanode-4/data/ratis/66c16d5b-b617-4d7e-9075-7339e3098941/sm/snapshot.1_3
2019-10-28 08:19:32,911 [931f47be-92fd-4e78-8b74-097dddc5e38b@group-7339E3098941-StateMachineUpdater] INFO  ratis.ContainerStateMachine (ContainerStateMachine.java:takeSnapshot(305)) - group-7339E3098941: Finished taking a snapshot at:(t:1, i:3) file:/workdir/hadoop-ozone/integration-test/target/test-dir/MiniOzoneClusterImpl-15e79e0b-a28f-4a98-99e1-aed18379cb8e/datanode-4/data/ratis/66c16d5b-b617-4d7e-9075-7339e3098941/sm/snapshot.1_3 time:14
2019-10-28 08:19:32,911 [931f47be-92fd-4e78-8b74-097dddc5e38b@group-7339E3098941-StateMachineUpdater] INFO  impl.StateMachineUpdater (StateMachineUpdater.java:takeSnapshot(269)) - 931f47be-92fd-4e78-8b74-097dddc5e38b@group-7339E3098941-StateMachineUpdater: Took a snapshot at index 3
2019-10-28 08:19:32,911 [931f47be-92fd-4e78-8b74-097dddc5e38b@group-7339E3098941-StateMachineUpdater] INFO  impl.StateMachineUpdater (StateMachineUpdater.java:lambda$new$0(84)) - 931f47be-92fd-4e78-8b74-097dddc5e38b@group-7339E3098941-StateMachineUpdater: snapshotIndex: updateIncreasingly -1 -> 3
2019-10-28 08:19:32,912 [931f47be-92fd-4e78-8b74-097dddc5e38b@group-7339E3098941-StateMachineUpdater] INFO  ratis.ContainerStateMachine (ContainerStateMachine.java:takeSnapshot(294)) - group-7339E3098941: Taking a snapshot at:(t:1, i:3) file /workdir/hadoop-ozone/integration-test/target/test-dir/MiniOzoneClusterImpl-15e79e0b-a28f-4a98-99e1-aed18379cb8e/datanode-4/data/ratis/66c16d5b-b617-4d7e-9075-7339e3098941/sm/snapshot.1_3
2019-10-28 08:19:32,916 [931f47be-92fd-4e78-8b74-097dddc5e38b@group-7339E3098941-StateMachineUpdater] INFO  ratis.ContainerStateMachine (ContainerStateMachine.java:takeSnapshot(305)) - group-7339E3098941: Finished taking a snapshot at:(t:1, i:3) file:/workdir/hadoop-ozone/integration-test/target/test-dir/MiniOzoneClusterImpl-15e79e0b-a28f-4a98-99e1-aed18379cb8e/datanode-4/data/ratis/66c16d5b-b617-4d7e-9075-7339e3098941/sm/snapshot.1_3 time:4
2019-10-28 08:19:32,916 [931f47be-92fd-4e78-8b74-097dddc5e38b@group-7339E3098941-StateMachineUpdater] INFO  impl.StateMachineUpdater (StateMachineUpdater.java:takeSnapshot(269)) - 931f47be-92fd-4e78-8b74-097dddc5e38b@group-7339E3098941-StateMachineUpdater: Took a snapshot at index 3
2019-10-28 08:19:32,916 [931f47be-92fd-4e78-8b74-097dddc5e38b@group-7339E3098941-StateMachineUpdater] INFO  impl.StateMachineUpdater (StateMachineUpdater.java:lambda$new$0(84)) - 931f47be-92fd-4e78-8b74-097dddc5e38b@group-7339E3098941-StateMachineUpdater: snapshotIndex: updateIncreasingly 3 -> 3
2019-10-28 08:19:32,916 [main] INFO  impl.RaftServerImpl (ServerState.java:close(387)) - 931f47be-92fd-4e78-8b74-097dddc5e38b@group-7339E3098941: closes. applyIndex: 4
2019-10-28 08:19:32,917 [931f47be-92fd-4e78-8b74-097dddc5e38b@group-7339E3098941-SegmentedRaftLogWorker] INFO  segmented.SegmentedRaftLogWorker (SegmentedRaftLogWorker.java:run(316)) - 931f47be-92fd-4e78-8b74-097dddc5e38b@group-7339E3098941-SegmentedRaftLogWorker was interrupted, exiting. There are 0 tasks remaining in the queue.
2019-10-28 08:19:32,920 [main] INFO  segmented.SegmentedRaftLogWorker (SegmentedRaftLogWorker.java:close(224)) - 931f47be-92fd-4e78-8b74-097dddc5e38b@group-7339E3098941-SegmentedRaftLogWorker close()
2019-10-28 08:19:32,925 [main] INFO  server.GrpcService (GrpcService.java:closeImpl(164)) - 931f47be-92fd-4e78-8b74-097dddc5e38b: shutdown server with port 34284 now
2019-10-28 08:19:32,926 [grpc-default-executor-9] WARN  server.GrpcServerProtocolService (LogUtils.java:warn(134)) - 931f47be-92fd-4e78-8b74-097dddc5e38b: installSnapshot onError, lastRequest: c538bdf1-684e-4089-9cc6-6fa0b44fa7c7->931f47be-92fd-4e78-8b74-097dddc5e38b#16-t1, previous=(t:1, i:4), leaderCommit=4, initializing? false, entries: <empty>: org.apache.ratis.thirdparty.io.grpc.StatusRuntimeException: CANCELLED: cancelled before receiving half close
2019-10-28 08:19:32,927 [grpc-default-executor-7] WARN  server.GrpcLogAppender (LogUtils.java:warn(134)) - c538bdf1-684e-4089-9cc6-6fa0b44fa7c7@group-7339E3098941->931f47be-92fd-4e78-8b74-097dddc5e38b-AppendLogResponseHandler: Failed appendEntries: org.apache.ratis.thirdparty.io.grpc.StatusRuntimeException: CANCELLED: HTTP/2 error code: CANCEL
Received Rst Stream
2019-10-28 08:19:32,926 [main] INFO  server.GrpcService (GrpcService.java:closeImpl(172)) - 931f47be-92fd-4e78-8b74-097dddc5e38b: shutdown server with port 34284 successfully
2019-10-28 08:19:32,927 [grpc-default-executor-7] INFO  impl.FollowerInfo (FollowerInfo.java:lambda$new$0(51)) - c538bdf1-684e-4089-9cc6-6fa0b44fa7c7@group-7339E3098941->931f47be-92fd-4e78-8b74-097dddc5e38b: nextIndex: updateUnconditionally 5 -> 4
2019-10-28 08:19:32,930 [refreshUsed-/workdir/hadoop-ozone/integration-test/target/test-dir/MiniOzoneClusterImpl-15e79e0b-a28f-4a98-99e1-aed18379cb8e/datanode-4/data/containers] WARN  fs.CachingGetSpaceUsed (CachingGetSpaceUsed.java:run(183)) - Thread Interrupted waiting to refresh disk information: sleep interrupted
2019-10-28 08:19:32,952 [main] INFO  utils.BackgroundService (BackgroundService.java:shutdown(151)) - Shutting down service BlockDeletingService
2019-10-28 08:19:32,964 [main] INFO  statemachine.DatanodeStateMachine (DatanodeStateMachine.java:stopDaemon(395)) - Ozone container server stopped.
2019-10-28 08:19:32,966 [main] INFO  handler.ContextHandler (ContextHandler.java:doStop(910)) - Stopped o.e.j.w.WebAppContext@15369d73{/,null,UNAVAILABLE}{/hddsDatanode}
2019-10-28 08:19:32,967 [main] INFO  server.AbstractConnector (AbstractConnector.java:doStop(318)) - Stopped ServerConnector@1cde374{HTTP/1.1,[http/1.1]}{0.0.0.0:0}
2019-10-28 08:19:32,968 [main] INFO  handler.ContextHandler (ContextHandler.java:doStop(910)) - Stopped o.e.j.s.ServletContextHandler@1d99ee1b{/static,jar:file:/home/user/.m2/repository/org/apache/hadoop/hadoop-hdds-container-service/0.5.0-SNAPSHOT/hadoop-hdds-container-service-0.5.0-SNAPSHOT.jar!/webapps/static,UNAVAILABLE}
2019-10-28 08:19:32,968 [main] INFO  handler.ContextHandler (ContextHandler.java:doStop(910)) - Stopped o.e.j.s.ServletContextHandler@70091872{/logs,file:///workdir/hadoop-ozone/integration-test/target/log,UNAVAILABLE}
2019-10-28 08:19:32,988 [grpc-default-executor-7] WARN  server.GrpcLogAppender (LogUtils.java:warn(134)) - c538bdf1-684e-4089-9cc6-6fa0b44fa7c7@group-7339E3098941->931f47be-92fd-4e78-8b74-097dddc5e38b-AppendLogResponseHandler: Failed appendEntries: org.apache.ratis.thirdparty.io.grpc.StatusRuntimeException: UNAVAILABLE: io exception
2019-10-28 08:19:32,988 [grpc-default-executor-7] INFO  impl.FollowerInfo (FollowerInfo.java:lambda$new$0(51)) - c538bdf1-684e-4089-9cc6-6fa0b44fa7c7@group-7339E3098941->931f47be-92fd-4e78-8b74-097dddc5e38b: nextIndex: updateUnconditionally 5 -> 4
2019-10-28 08:19:33,000 [grpc-default-executor-10] WARN  server.GrpcLogAppender (LogUtils.java:warn(134)) - c538bdf1-684e-4089-9cc6-6fa0b44fa7c7@group-7339E3098941->931f47be-92fd-4e78-8b74-097dddc5e38b-AppendLogResponseHandler: Failed appendEntries: org.apache.ratis.thirdparty.io.grpc.StatusRuntimeException: UNAVAILABLE: io exception
2019-10-28 08:19:33,000 [grpc-default-executor-10] INFO  impl.FollowerInfo (FollowerInfo.java:lambda$new$0(51)) - c538bdf1-684e-4089-9cc6-6fa0b44fa7c7@group-7339E3098941->931f47be-92fd-4e78-8b74-097dddc5e38b: nextIndex: updateUnconditionally 5 -> 4
2019-10-28 08:19:33,005 [grpc-default-executor-1] WARN  server.GrpcLogAppender (LogUtils.java:warn(134)) - c538bdf1-684e-4089-9cc6-6fa0b44fa7c7@group-7339E3098941->931f47be-92fd-4e78-8b74-097dddc5e38b-AppendLogResponseHandler: Failed appendEntries: org.apache.ratis.thirdparty.io.grpc.StatusRuntimeException: UNAVAILABLE: io exception
2019-10-28 08:19:33,005 [grpc-default-executor-1] INFO  impl.FollowerInfo (FollowerInfo.java:lambda$new$0(51)) - c538bdf1-684e-4089-9cc6-6fa0b44fa7c7@group-7339E3098941->931f47be-92fd-4e78-8b74-097dddc5e38b: nextIndex: updateUnconditionally 5 -> 4
2019-10-28 08:19:33,010 [grpc-default-executor-1] WARN  server.GrpcLogAppender (LogUtils.java:warn(134)) - c538bdf1-684e-4089-9cc6-6fa0b44fa7c7@group-7339E3098941->931f47be-92fd-4e78-8b74-097dddc5e38b-AppendLogResponseHandler: Failed appendEntries: org.apache.ratis.thirdparty.io.grpc.StatusRuntimeException: UNAVAILABLE: io exception
2019-10-28 08:19:33,010 [grpc-default-executor-1] INFO  impl.FollowerInfo (FollowerInfo.java:lambda$new$0(51)) - c538bdf1-684e-4089-9cc6-6fa0b44fa7c7@group-7339E3098941->931f47be-92fd-4e78-8b74-097dddc5e38b: nextIndex: updateUnconditionally 5 -> 4
2019-10-28 08:19:33,013 [grpc-default-executor-1] WARN  server.GrpcLogAppender (LogUtils.java:warn(134)) - c538bdf1-684e-4089-9cc6-6fa0b44fa7c7@group-7339E3098941->931f47be-92fd-4e78-8b74-097dddc5e38b-AppendLogResponseHandler: Failed appendEntries: org.apache.ratis.thirdparty.io.grpc.StatusRuntimeException: UNAVAILABLE: io exception
2019-10-28 08:19:33,013 [grpc-default-executor-1] INFO  impl.FollowerInfo (FollowerInfo.java:lambda$new$0(51)) - c538bdf1-684e-4089-9cc6-6fa0b44fa7c7@group-7339E3098941->931f47be-92fd-4e78-8b74-097dddc5e38b: nextIndex: updateUnconditionally 5 -> 4
2019-10-28 08:19:33,514 [grpc-default-executor-9] WARN  server.GrpcLogAppender (LogUtils.java:warn(134)) - c538bdf1-684e-4089-9cc6-6fa0b44fa7c7@group-7339E3098941->931f47be-92fd-4e78-8b74-097dddc5e38b-AppendLogResponseHandler: Failed appendEntries: org.apache.ratis.thirdparty.io.grpc.StatusRuntimeException: UNAVAILABLE: io exception
2019-10-28 08:19:33,514 [grpc-default-executor-9] INFO  impl.FollowerInfo (FollowerInfo.java:lambda$new$0(51)) - c538bdf1-684e-4089-9cc6-6fa0b44fa7c7@group-7339E3098941->931f47be-92fd-4e78-8b74-097dddc5e38b: nextIndex: updateUnconditionally 4 -> 3
2019-10-28 08:19:34,014 [grpc-default-executor-1] WARN  server.GrpcLogAppender (LogUtils.java:warn(134)) - c538bdf1-684e-4089-9cc6-6fa0b44fa7c7@group-7339E3098941->931f47be-92fd-4e78-8b74-097dddc5e38b-AppendLogResponseHandler: Failed appendEntries: org.apache.ratis.thirdparty.io.grpc.StatusRuntimeException: UNAVAILABLE: io exception
2019-10-28 08:19:34,014 [grpc-default-executor-1] INFO  impl.FollowerInfo (FollowerInfo.java:lambda$new$0(51)) - c538bdf1-684e-4089-9cc6-6fa0b44fa7c7@group-7339E3098941->931f47be-92fd-4e78-8b74-097dddc5e38b: nextIndex: updateUnconditionally 3 -> 2
2019-10-28 08:19:34,514 [grpc-default-executor-10] WARN  server.GrpcLogAppender (LogUtils.java:warn(134)) - c538bdf1-684e-4089-9cc6-6fa0b44fa7c7@group-7339E3098941->931f47be-92fd-4e78-8b74-097dddc5e38b-AppendLogResponseHandler: Failed appendEntries: org.apache.ratis.thirdparty.io.grpc.StatusRuntimeException: UNAVAILABLE: io exception
2019-10-28 08:19:34,515 [grpc-default-executor-10] INFO  impl.FollowerInfo (FollowerInfo.java:lambda$new$0(51)) - c538bdf1-684e-4089-9cc6-6fa0b44fa7c7@group-7339E3098941->931f47be-92fd-4e78-8b74-097dddc5e38b: nextIndex: updateUnconditionally 2 -> 1
2019-10-28 08:19:35,015 [grpc-default-executor-1] WARN  server.GrpcLogAppender (LogUtils.java:warn(134)) - c538bdf1-684e-4089-9cc6-6fa0b44fa7c7@group-7339E3098941->931f47be-92fd-4e78-8b74-097dddc5e38b-AppendLogResponseHandler: Failed appendEntries: org.apache.ratis.thirdparty.io.grpc.StatusRuntimeException: UNAVAILABLE: io exception
2019-10-28 08:19:35,015 [grpc-default-executor-1] INFO  impl.FollowerInfo (FollowerInfo.java:lambda$new$0(51)) - c538bdf1-684e-4089-9cc6-6fa0b44fa7c7@group-7339E3098941->931f47be-92fd-4e78-8b74-097dddc5e38b: nextIndex: updateUnconditionally 1 -> 0
2019-10-28 08:19:35,515 [grpc-default-executor-10] WARN  server.GrpcLogAppender (LogUtils.java:warn(134)) - c538bdf1-684e-4089-9cc6-6fa0b44fa7c7@group-7339E3098941->931f47be-92fd-4e78-8b74-097dddc5e38b-AppendLogResponseHandler: Failed appendEntries: org.apache.ratis.thirdparty.io.grpc.StatusRuntimeException: UNAVAILABLE: io exception
2019-10-28 08:19:35,516 [grpc-default-executor-10] INFO  impl.FollowerInfo (FollowerInfo.java:lambda$new$0(51)) - c538bdf1-684e-4089-9cc6-6fa0b44fa7c7@group-7339E3098941->931f47be-92fd-4e78-8b74-097dddc5e38b: nextIndex: updateUnconditionally 0 -> 0
2019-10-28 08:19:36,016 [grpc-default-executor-9] WARN  server.GrpcLogAppender (LogUtils.java:warn(134)) - c538bdf1-684e-4089-9cc6-6fa0b44fa7c7@group-7339E3098941->931f47be-92fd-4e78-8b74-097dddc5e38b-AppendLogResponseHandler: Failed appendEntries: org.apache.ratis.thirdparty.io.grpc.StatusRuntimeException: UNAVAILABLE: io exception
2019-10-28 08:19:36,016 [grpc-default-executor-9] INFO  impl.FollowerInfo (FollowerInfo.java:lambda$new$0(51)) - c538bdf1-684e-4089-9cc6-6fa0b44fa7c7@group-7339E3098941->931f47be-92fd-4e78-8b74-097dddc5e38b: nextIndex: updateUnconditionally 0 -> 0
2019-10-28 08:19:36,516 [grpc-default-executor-9] WARN  server.GrpcLogAppender (LogUtils.java:warn(134)) - c538bdf1-684e-4089-9cc6-6fa0b44fa7c7@group-7339E3098941->931f47be-92fd-4e78-8b74-097dddc5e38b-AppendLogResponseHandler: Failed appendEntries: org.apache.ratis.thirdparty.io.grpc.StatusRuntimeException: UNAVAILABLE: io exception
2019-10-28 08:19:36,517 [grpc-default-executor-9] INFO  impl.FollowerInfo (FollowerInfo.java:lambda$new$0(51)) - c538bdf1-684e-4089-9cc6-6fa0b44fa7c7@group-7339E3098941->931f47be-92fd-4e78-8b74-097dddc5e38b: nextIndex: updateUnconditionally 0 -> 0
2019-10-28 08:19:37,018 [grpc-default-executor-10] WARN  server.GrpcLogAppender (LogUtils.java:warn(134)) - c538bdf1-684e-4089-9cc6-6fa0b44fa7c7@group-7339E3098941->931f47be-92fd-4e78-8b74-097dddc5e38b-AppendLogResponseHandler: Failed appendEntries: org.apache.ratis.thirdparty.io.grpc.StatusRuntimeException: UNAVAILABLE: io exception
2019-10-28 08:19:37,018 [grpc-default-executor-10] INFO  impl.FollowerInfo (FollowerInfo.java:lambda$new$0(51)) - c538bdf1-684e-4089-9cc6-6fa0b44fa7c7@group-7339E3098941->931f47be-92fd-4e78-8b74-097dddc5e38b: nextIndex: updateUnconditionally 0 -> 0
2019-10-28 08:19:37,518 [grpc-default-executor-1] WARN  server.GrpcLogAppender (LogUtils.java:warn(134)) - c538bdf1-684e-4089-9cc6-6fa0b44fa7c7@group-7339E3098941->931f47be-92fd-4e78-8b74-097dddc5e38b-AppendLogResponseHandler: Failed appendEntries: org.apache.ratis.thirdparty.io.grpc.StatusRuntimeException: UNAVAILABLE: io exception
2019-10-28 08:19:37,518 [grpc-default-executor-1] INFO  impl.FollowerInfo (FollowerInfo.java:lambda$new$0(51)) - c538bdf1-684e-4089-9cc6-6fa0b44fa7c7@group-7339E3098941->931f47be-92fd-4e78-8b74-097dddc5e38b: nextIndex: updateUnconditionally 0 -> 0
2019-10-28 08:19:38,018 [grpc-default-executor-9] WARN  server.GrpcLogAppender (LogUtils.java:warn(134)) - c538bdf1-684e-4089-9cc6-6fa0b44fa7c7@group-7339E3098941->931f47be-92fd-4e78-8b74-097dddc5e38b-AppendLogResponseHandler: Failed appendEntries: org.apache.ratis.thirdparty.io.grpc.StatusRuntimeException: UNAVAILABLE: io exception
2019-10-28 08:19:38,019 [grpc-default-executor-9] INFO  impl.FollowerInfo (FollowerInfo.java:lambda$new$0(51)) - c538bdf1-684e-4089-9cc6-6fa0b44fa7c7@group-7339E3098941->931f47be-92fd-4e78-8b74-097dddc5e38b: nextIndex: updateUnconditionally 0 -> 0
2019-10-28 08:19:38,022 [main] WARN  scm.XceiverClientRatis (XceiverClientRatis.java:watchForCommit(277)) - 3 way commit failed on pipeline Pipeline[ Id: 66c16d5b-b617-4d7e-9075-7339e3098941, Nodes: 931f47be-92fd-4e78-8b74-097dddc5e38b{ip: 192.168.34.22, host: pr-hdds-1569-5jqvn-3828718746, networkLocation: /rack1, certSerialId: null}c538bdf1-684e-4089-9cc6-6fa0b44fa7c7{ip: 192.168.34.22, host: pr-hdds-1569-5jqvn-3828718746, networkLocation: /rack1, certSerialId: null}491ad50e-3375-4589-a02d-0269379b43b4{ip: 192.168.34.22, host: pr-hdds-1569-5jqvn-3828718746, networkLocation: /rack1, certSerialId: null}, Type:RATIS, Factor:THREE, State:OPEN]
java.util.concurrent.TimeoutException
	at java.util.concurrent.CompletableFuture.timedGet(CompletableFuture.java:1771)
	at java.util.concurrent.CompletableFuture.get(CompletableFuture.java:1915)
	at org.apache.hadoop.hdds.scm.XceiverClientRatis.watchForCommit(XceiverClientRatis.java:274)
	at org.apache.hadoop.hdds.scm.storage.CommitWatcher.watchForCommit(CommitWatcher.java:198)
	at org.apache.hadoop.hdds.scm.storage.CommitWatcher.watchOnFirstIndex(CommitWatcher.java:137)
	at org.apache.hadoop.hdds.scm.storage.BlockOutputStream.watchForCommit(BlockOutputStream.java:346)
	at org.apache.hadoop.hdds.scm.storage.BlockOutputStream.handleFullBuffer(BlockOutputStream.java:323)
	at org.apache.hadoop.hdds.scm.storage.BlockOutputStream.write(BlockOutputStream.java:250)
	at org.apache.hadoop.ozone.client.io.BlockOutputStreamEntry.write(BlockOutputStreamEntry.java:129)
	at org.apache.hadoop.ozone.client.io.KeyOutputStream.handleWrite(KeyOutputStream.java:208)
	at org.apache.hadoop.ozone.client.io.KeyOutputStream.write(KeyOutputStream.java:190)
	at org.apache.hadoop.ozone.client.io.OzoneOutputStream.write(OzoneOutputStream.java:49)
	at java.io.OutputStream.write(OutputStream.java:75)
	at org.apache.hadoop.ozone.client.rpc.TestFailureHandlingByClient.testDatanodeExclusionWithMajorityCommit(TestFailureHandlingByClient.java:317)
	at sun.reflect.NativeMethodAccessorImpl.invoke0(Native Method)
	at sun.reflect.NativeMethodAccessorImpl.invoke(NativeMethodAccessorImpl.java:62)
	at sun.reflect.DelegatingMethodAccessorImpl.invoke(DelegatingMethodAccessorImpl.java:43)
	at java.lang.reflect.Method.invoke(Method.java:498)
	at org.junit.runners.model.FrameworkMethod$1.runReflectiveCall(FrameworkMethod.java:47)
	at org.junit.internal.runners.model.ReflectiveCallable.run(ReflectiveCallable.java:12)
	at org.junit.runners.model.FrameworkMethod.invokeExplosively(FrameworkMethod.java:44)
	at org.junit.internal.runners.statements.InvokeMethod.evaluate(InvokeMethod.java:17)
	at org.junit.internal.runners.statements.RunAfters.evaluate(RunAfters.java:27)
	at org.junit.runners.ParentRunner.runLeaf(ParentRunner.java:271)
	at org.junit.runners.BlockJUnit4ClassRunner.runChild(BlockJUnit4ClassRunner.java:70)
	at org.junit.runners.BlockJUnit4ClassRunner.runChild(BlockJUnit4ClassRunner.java:50)
	at org.junit.runners.ParentRunner$3.run(ParentRunner.java:238)
	at org.junit.runners.ParentRunner$1.schedule(ParentRunner.java:63)
	at org.junit.runners.ParentRunner.runChildren(ParentRunner.java:236)
	at org.junit.runners.ParentRunner.access$000(ParentRunner.java:53)
	at org.junit.runners.ParentRunner$2.evaluate(ParentRunner.java:229)
	at org.junit.runners.ParentRunner.run(ParentRunner.java:309)
	at org.apache.maven.surefire.junit4.JUnit4Provider.execute(JUnit4Provider.java:365)
	at org.apache.maven.surefire.junit4.JUnit4Provider.executeWithRerun(JUnit4Provider.java:273)
	at org.apache.maven.surefire.junit4.JUnit4Provider.executeTestSet(JUnit4Provider.java:238)
	at org.apache.maven.surefire.junit4.JUnit4Provider.invoke(JUnit4Provider.java:159)
	at org.apache.maven.surefire.booter.ForkedBooter.invokeProviderInSameClassLoader(ForkedBooter.java:384)
	at org.apache.maven.surefire.booter.ForkedBooter.runSuitesInProcess(ForkedBooter.java:345)
	at org.apache.maven.surefire.booter.ForkedBooter.execute(ForkedBooter.java:126)
	at org.apache.maven.surefire.booter.ForkedBooter.main(ForkedBooter.java:418)
2019-10-28 08:19:38,030 [Thread-3981] INFO  client.GrpcClientProtocolService (GrpcClientProtocolService.java:lambda$processClientRequest$0(278)) - Failed RaftClientRequest:client-252185C0AF4F->491ad50e-3375-4589-a02d-0269379b43b4@group-7339E3098941, cid=133, seq=0, Watch-MAJORITY_COMMITTED(6), Message:<EMPTY>, reply=RaftClientReply:client-252185C0AF4F->491ad50e-3375-4589-a02d-0269379b43b4@group-7339E3098941, cid=133, FAILED org.apache.ratis.protocol.NotLeaderException: Server 491ad50e-3375-4589-a02d-0269379b43b4@group-7339E3098941 is not the leader c538bdf1-684e-4089-9cc6-6fa0b44fa7c7:192.168.34.22:38247, logIndex=0, commits[491ad50e-3375-4589-a02d-0269379b43b4:c11, 931f47be-92fd-4e78-8b74-097dddc5e38b:c4, c538bdf1-684e-4089-9cc6-6fa0b44fa7c7:c11]
2019-10-28 08:19:38,521 [grpc-default-executor-9] WARN  server.GrpcLogAppender (LogUtils.java:warn(134)) - c538bdf1-684e-4089-9cc6-6fa0b44fa7c7@group-7339E3098941->931f47be-92fd-4e78-8b74-097dddc5e38b-AppendLogResponseHandler: Failed appendEntries: org.apache.ratis.thirdparty.io.grpc.StatusRuntimeException: UNAVAILABLE: io exception
2019-10-28 08:19:38,522 [grpc-default-executor-9] INFO  impl.FollowerInfo (FollowerInfo.java:lambda$new$0(51)) - c538bdf1-684e-4089-9cc6-6fa0b44fa7c7@group-7339E3098941->931f47be-92fd-4e78-8b74-097dddc5e38b: nextIndex: updateUnconditionally 0 -> 0
2019-10-28 08:19:39,020 [grpc-default-executor-1] WARN  server.GrpcLogAppender (LogUtils.java:warn(134)) - c538bdf1-684e-4089-9cc6-6fa0b44fa7c7@group-7339E3098941->931f47be-92fd-4e78-8b74-097dddc5e38b-AppendLogResponseHandler: Failed appendEntries: org.apache.ratis.thirdparty.io.grpc.StatusRuntimeException: UNAVAILABLE: io exception
2019-10-28 08:19:39,021 [grpc-default-executor-1] INFO  impl.FollowerInfo (FollowerInfo.java:lambda$new$0(51)) - c538bdf1-684e-4089-9cc6-6fa0b44fa7c7@group-7339E3098941->931f47be-92fd-4e78-8b74-097dddc5e38b: nextIndex: updateUnconditionally 0 -> 0
2019-10-28 08:19:39,520 [grpc-default-executor-10] WARN  server.GrpcLogAppender (LogUtils.java:warn(134)) - c538bdf1-684e-4089-9cc6-6fa0b44fa7c7@group-7339E3098941->931f47be-92fd-4e78-8b74-097dddc5e38b-AppendLogResponseHandler: Failed appendEntries: org.apache.ratis.thirdparty.io.grpc.StatusRuntimeException: UNAVAILABLE: io exception
2019-10-28 08:19:39,521 [grpc-default-executor-10] INFO  impl.FollowerInfo (FollowerInfo.java:lambda$new$0(51)) - c538bdf1-684e-4089-9cc6-6fa0b44fa7c7@group-7339E3098941->931f47be-92fd-4e78-8b74-097dddc5e38b: nextIndex: updateUnconditionally 0 -> 0
2019-10-28 08:19:40,021 [grpc-default-executor-9] WARN  server.GrpcLogAppender (LogUtils.java:warn(134)) - c538bdf1-684e-4089-9cc6-6fa0b44fa7c7@group-7339E3098941->931f47be-92fd-4e78-8b74-097dddc5e38b-AppendLogResponseHandler: Failed appendEntries: org.apache.ratis.thirdparty.io.grpc.StatusRuntimeException: UNAVAILABLE: io exception
2019-10-28 08:19:40,021 [grpc-default-executor-9] INFO  impl.FollowerInfo (FollowerInfo.java:lambda$new$0(51)) - c538bdf1-684e-4089-9cc6-6fa0b44fa7c7@group-7339E3098941->931f47be-92fd-4e78-8b74-097dddc5e38b: nextIndex: updateUnconditionally 0 -> 0
2019-10-28 08:19:40,521 [grpc-default-executor-10] WARN  server.GrpcLogAppender (LogUtils.java:warn(134)) - c538bdf1-684e-4089-9cc6-6fa0b44fa7c7@group-7339E3098941->931f47be-92fd-4e78-8b74-097dddc5e38b-AppendLogResponseHandler: Failed appendEntries: org.apache.ratis.thirdparty.io.grpc.StatusRuntimeException: UNAVAILABLE: io exception
2019-10-28 08:19:40,522 [grpc-default-executor-10] INFO  impl.FollowerInfo (FollowerInfo.java:lambda$new$0(51)) - c538bdf1-684e-4089-9cc6-6fa0b44fa7c7@group-7339E3098941->931f47be-92fd-4e78-8b74-097dddc5e38b: nextIndex: updateUnconditionally 0 -> 0
2019-10-28 08:19:41,022 [grpc-default-executor-9] WARN  server.GrpcLogAppender (LogUtils.java:warn(134)) - c538bdf1-684e-4089-9cc6-6fa0b44fa7c7@group-7339E3098941->931f47be-92fd-4e78-8b74-097dddc5e38b-AppendLogResponseHandler: Failed appendEntries: org.apache.ratis.thirdparty.io.grpc.StatusRuntimeException: UNAVAILABLE: io exception
2019-10-28 08:19:41,022 [grpc-default-executor-9] INFO  impl.FollowerInfo (FollowerInfo.java:lambda$new$0(51)) - c538bdf1-684e-4089-9cc6-6fa0b44fa7c7@group-7339E3098941->931f47be-92fd-4e78-8b74-097dddc5e38b: nextIndex: updateUnconditionally 0 -> 0
2019-10-28 08:19:41,046 [main] INFO  scm.XceiverClientRatis (XceiverClientRatis.java:lambda$watchForCommit$5(295)) - Could not commit index 6 on pipeline Pipeline[ Id: 66c16d5b-b617-4d7e-9075-7339e3098941, Nodes: 931f47be-92fd-4e78-8b74-097dddc5e38b{ip: 192.168.34.22, host: pr-hdds-1569-5jqvn-3828718746, networkLocation: /rack1, certSerialId: null}c538bdf1-684e-4089-9cc6-6fa0b44fa7c7{ip: 192.168.34.22, host: pr-hdds-1569-5jqvn-3828718746, networkLocation: /rack1, certSerialId: null}491ad50e-3375-4589-a02d-0269379b43b4{ip: 192.168.34.22, host: pr-hdds-1569-5jqvn-3828718746, networkLocation: /rack1, certSerialId: null}, Type:RATIS, Factor:THREE, State:OPEN] to all the nodes. Server 931f47be-92fd-4e78-8b74-097dddc5e38b has failed. Committed by majority.
2019-10-28 08:19:41,047 [main] WARN  storage.BlockOutputStream (BlockOutputStream.java:watchForCommit(352)) - Failed to commit BlockId conID: 1 locID: 103039026167676941 bcsId: 8 on Pipeline[ Id: 66c16d5b-b617-4d7e-9075-7339e3098941, Nodes: 931f47be-92fd-4e78-8b74-097dddc5e38b{ip: 192.168.34.22, host: pr-hdds-1569-5jqvn-3828718746, networkLocation: /rack1, certSerialId: null}c538bdf1-684e-4089-9cc6-6fa0b44fa7c7{ip: 192.168.34.22, host: pr-hdds-1569-5jqvn-3828718746, networkLocation: /rack1, certSerialId: null}491ad50e-3375-4589-a02d-0269379b43b4{ip: 192.168.34.22, host: pr-hdds-1569-5jqvn-3828718746, networkLocation: /rack1, certSerialId: null}, Type:RATIS, Factor:THREE, State:OPEN]. Failed nodes: [931f47be-92fd-4e78-8b74-097dddc5e38b{ip: null, host: null, networkLocation: /default-rack, certSerialId: null}]
2019-10-28 08:19:41,522 [grpc-default-executor-1] WARN  server.GrpcLogAppender (LogUtils.java:warn(134)) - c538bdf1-684e-4089-9cc6-6fa0b44fa7c7@group-7339E3098941->931f47be-92fd-4e78-8b74-097dddc5e38b-AppendLogResponseHandler: Failed appendEntries: org.apache.ratis.thirdparty.io.grpc.StatusRuntimeException: UNAVAILABLE: io exception
2019-10-28 08:19:41,522 [grpc-default-executor-1] INFO  impl.FollowerInfo (FollowerInfo.java:lambda$new$0(51)) - c538bdf1-684e-4089-9cc6-6fa0b44fa7c7@group-7339E3098941->931f47be-92fd-4e78-8b74-097dddc5e38b: nextIndex: updateUnconditionally 0 -> 0
2019-10-28 08:19:42,022 [grpc-default-executor-10] WARN  server.GrpcLogAppender (LogUtils.java:warn(134)) - c538bdf1-684e-4089-9cc6-6fa0b44fa7c7@group-7339E3098941->931f47be-92fd-4e78-8b74-097dddc5e38b-AppendLogResponseHandler: Failed appendEntries: org.apache.ratis.thirdparty.io.grpc.StatusRuntimeException: UNAVAILABLE: io exception
2019-10-28 08:19:42,023 [grpc-default-executor-10] INFO  impl.FollowerInfo (FollowerInfo.java:lambda$new$0(51)) - c538bdf1-684e-4089-9cc6-6fa0b44fa7c7@group-7339E3098941->931f47be-92fd-4e78-8b74-097dddc5e38b: nextIndex: updateUnconditionally 0 -> 0
2019-10-28 08:19:42,523 [grpc-default-executor-1] WARN  server.GrpcLogAppender (LogUtils.java:warn(134)) - c538bdf1-684e-4089-9cc6-6fa0b44fa7c7@group-7339E3098941->931f47be-92fd-4e78-8b74-097dddc5e38b-AppendLogResponseHandler: Failed appendEntries: org.apache.ratis.thirdparty.io.grpc.StatusRuntimeException: UNAVAILABLE: io exception
2019-10-28 08:19:42,523 [grpc-default-executor-1] INFO  impl.FollowerInfo (FollowerInfo.java:lambda$new$0(51)) - c538bdf1-684e-4089-9cc6-6fa0b44fa7c7@group-7339E3098941->931f47be-92fd-4e78-8b74-097dddc5e38b: nextIndex: updateUnconditionally 0 -> 0
2019-10-28 08:19:43,023 [grpc-default-executor-10] WARN  server.GrpcLogAppender (LogUtils.java:warn(134)) - c538bdf1-684e-4089-9cc6-6fa0b44fa7c7@group-7339E3098941->931f47be-92fd-4e78-8b74-097dddc5e38b-AppendLogResponseHandler: Failed appendEntries: org.apache.ratis.thirdparty.io.grpc.StatusRuntimeException: UNAVAILABLE: io exception
2019-10-28 08:19:43,023 [grpc-default-executor-10] INFO  impl.FollowerInfo (FollowerInfo.java:lambda$new$0(51)) - c538bdf1-684e-4089-9cc6-6fa0b44fa7c7@group-7339E3098941->931f47be-92fd-4e78-8b74-097dddc5e38b: nextIndex: updateUnconditionally 0 -> 0
2019-10-28 08:19:43,524 [grpc-default-executor-9] WARN  server.GrpcLogAppender (LogUtils.java:warn(134)) - c538bdf1-684e-4089-9cc6-6fa0b44fa7c7@group-7339E3098941->931f47be-92fd-4e78-8b74-097dddc5e38b-AppendLogResponseHandler: Failed appendEntries: org.apache.ratis.thirdparty.io.grpc.StatusRuntimeException: UNAVAILABLE: io exception
2019-10-28 08:19:43,524 [grpc-default-executor-9] INFO  impl.FollowerInfo (FollowerInfo.java:lambda$new$0(51)) - c538bdf1-684e-4089-9cc6-6fa0b44fa7c7@group-7339E3098941->931f47be-92fd-4e78-8b74-097dddc5e38b: nextIndex: updateUnconditionally 0 -> 0
2019-10-28 08:19:43,758 [Thread-4044] INFO  client.GrpcClientProtocolService (GrpcClientProtocolService.java:lambda$processClientRequest$0(278)) - Failed RaftClientRequest:client-252185C0AF4F->c538bdf1-684e-4089-9cc6-6fa0b44fa7c7@group-7339E3098941, cid=132, seq=0, Watch-ALL_COMMITTED(6), Message:<EMPTY>, reply=RaftClientReply:client-252185C0AF4F->c538bdf1-684e-4089-9cc6-6fa0b44fa7c7@group-7339E3098941, cid=132, FAILED org.apache.ratis.protocol.NotReplicatedException: Request with call Id 132 and log index 6 is not yet replicated to ALL_COMMITTED, logIndex=6, commits[c538bdf1-684e-4089-9cc6-6fa0b44fa7c7:c11, 931f47be-92fd-4e78-8b74-097dddc5e38b:c4, 491ad50e-3375-4589-a02d-0269379b43b4:c11]
2019-10-28 08:19:44,024 [grpc-default-executor-1] WARN  server.GrpcLogAppender (LogUtils.java:warn(134)) - c538bdf1-684e-4089-9cc6-6fa0b44fa7c7@group-7339E3098941->931f47be-92fd-4e78-8b74-097dddc5e38b-AppendLogResponseHandler: Failed appendEntries: org.apache.ratis.thirdparty.io.grpc.StatusRuntimeException: UNAVAILABLE: io exception
2019-10-28 08:19:44,024 [grpc-default-executor-1] INFO  impl.FollowerInfo (FollowerInfo.java:lambda$new$0(51)) - c538bdf1-684e-4089-9cc6-6fa0b44fa7c7@group-7339E3098941->931f47be-92fd-4e78-8b74-097dddc5e38b: nextIndex: updateUnconditionally 0 -> 0
2019-10-28 08:19:44,525 [grpc-default-executor-9] WARN  server.GrpcLogAppender (LogUtils.java:warn(134)) - c538bdf1-684e-4089-9cc6-6fa0b44fa7c7@group-7339E3098941->931f47be-92fd-4e78-8b74-097dddc5e38b-AppendLogResponseHandler: Failed appendEntries: org.apache.ratis.thirdparty.io.grpc.StatusRuntimeException: UNAVAILABLE: io exception
2019-10-28 08:19:44,525 [grpc-default-executor-9] INFO  impl.FollowerInfo (FollowerInfo.java:lambda$new$0(51)) - c538bdf1-684e-4089-9cc6-6fa0b44fa7c7@group-7339E3098941->931f47be-92fd-4e78-8b74-097dddc5e38b: nextIndex: updateUnconditionally 0 -> 0
2019-10-28 08:19:45,025 [grpc-default-executor-10] WARN  server.GrpcLogAppender (LogUtils.java:warn(134)) - c538bdf1-684e-4089-9cc6-6fa0b44fa7c7@group-7339E3098941->931f47be-92fd-4e78-8b74-097dddc5e38b-AppendLogResponseHandler: Failed appendEntries: org.apache.ratis.thirdparty.io.grpc.StatusRuntimeException: UNAVAILABLE: io exception
2019-10-28 08:19:45,026 [grpc-default-executor-10] INFO  impl.FollowerInfo (FollowerInfo.java:lambda$new$0(51)) - c538bdf1-684e-4089-9cc6-6fa0b44fa7c7@group-7339E3098941->931f47be-92fd-4e78-8b74-097dddc5e38b: nextIndex: updateUnconditionally 0 -> 0
2019-10-28 08:19:45,526 [grpc-default-executor-1] WARN  server.GrpcLogAppender (LogUtils.java:warn(134)) - c538bdf1-684e-4089-9cc6-6fa0b44fa7c7@group-7339E3098941->931f47be-92fd-4e78-8b74-097dddc5e38b-AppendLogResponseHandler: Failed appendEntries: org.apache.ratis.thirdparty.io.grpc.StatusRuntimeException: UNAVAILABLE: io exception
2019-10-28 08:19:45,526 [grpc-default-executor-1] INFO  impl.FollowerInfo (FollowerInfo.java:lambda$new$0(51)) - c538bdf1-684e-4089-9cc6-6fa0b44fa7c7@group-7339E3098941->931f47be-92fd-4e78-8b74-097dddc5e38b: nextIndex: updateUnconditionally 0 -> 0
2019-10-28 08:19:46,026 [grpc-default-executor-1] WARN  server.GrpcLogAppender (LogUtils.java:warn(134)) - c538bdf1-684e-4089-9cc6-6fa0b44fa7c7@group-7339E3098941->931f47be-92fd-4e78-8b74-097dddc5e38b-AppendLogResponseHandler: Failed appendEntries: org.apache.ratis.thirdparty.io.grpc.StatusRuntimeException: UNAVAILABLE: io exception
2019-10-28 08:19:46,026 [grpc-default-executor-1] INFO  impl.FollowerInfo (FollowerInfo.java:lambda$new$0(51)) - c538bdf1-684e-4089-9cc6-6fa0b44fa7c7@group-7339E3098941->931f47be-92fd-4e78-8b74-097dddc5e38b: nextIndex: updateUnconditionally 0 -> 0
2019-10-28 08:19:46,054 [main] WARN  scm.XceiverClientRatis (XceiverClientRatis.java:watchForCommit(277)) - 3 way commit failed on pipeline Pipeline[ Id: 66c16d5b-b617-4d7e-9075-7339e3098941, Nodes: 931f47be-92fd-4e78-8b74-097dddc5e38b{ip: 192.168.34.22, host: pr-hdds-1569-5jqvn-3828718746, networkLocation: /rack1, certSerialId: null}c538bdf1-684e-4089-9cc6-6fa0b44fa7c7{ip: 192.168.34.22, host: pr-hdds-1569-5jqvn-3828718746, networkLocation: /rack1, certSerialId: null}491ad50e-3375-4589-a02d-0269379b43b4{ip: 192.168.34.22, host: pr-hdds-1569-5jqvn-3828718746, networkLocation: /rack1, certSerialId: null}, Type:RATIS, Factor:THREE, State:OPEN]
java.util.concurrent.TimeoutException
	at java.util.concurrent.CompletableFuture.timedGet(CompletableFuture.java:1771)
	at java.util.concurrent.CompletableFuture.get(CompletableFuture.java:1915)
	at org.apache.hadoop.hdds.scm.XceiverClientRatis.watchForCommit(XceiverClientRatis.java:274)
	at org.apache.hadoop.hdds.scm.storage.CommitWatcher.watchForCommit(CommitWatcher.java:198)
	at org.apache.hadoop.hdds.scm.storage.CommitWatcher.watchOnLastIndex(CommitWatcher.java:161)
	at org.apache.hadoop.hdds.scm.storage.BlockOutputStream.watchForCommit(BlockOutputStream.java:346)
	at org.apache.hadoop.hdds.scm.storage.BlockOutputStream.handleFlush(BlockOutputStream.java:482)
	at org.apache.hadoop.hdds.scm.storage.BlockOutputStream.flush(BlockOutputStream.java:431)
	at org.apache.hadoop.ozone.client.io.BlockOutputStreamEntry.flush(BlockOutputStreamEntry.java:136)
	at org.apache.hadoop.ozone.client.io.KeyOutputStream.handleFlushOrClose(KeyOutputStream.java:443)
	at org.apache.hadoop.ozone.client.io.KeyOutputStream.flush(KeyOutputStream.java:397)
	at org.apache.hadoop.ozone.client.io.OzoneOutputStream.flush(OzoneOutputStream.java:54)
	at org.apache.hadoop.ozone.client.rpc.TestFailureHandlingByClient.testDatanodeExclusionWithMajorityCommit(TestFailureHandlingByClient.java:318)
	at sun.reflect.NativeMethodAccessorImpl.invoke0(Native Method)
	at sun.reflect.NativeMethodAccessorImpl.invoke(NativeMethodAccessorImpl.java:62)
	at sun.reflect.DelegatingMethodAccessorImpl.invoke(DelegatingMethodAccessorImpl.java:43)
	at java.lang.reflect.Method.invoke(Method.java:498)
	at org.junit.runners.model.FrameworkMethod$1.runReflectiveCall(FrameworkMethod.java:47)
	at org.junit.internal.runners.model.ReflectiveCallable.run(ReflectiveCallable.java:12)
	at org.junit.runners.model.FrameworkMethod.invokeExplosively(FrameworkMethod.java:44)
	at org.junit.internal.runners.statements.InvokeMethod.evaluate(InvokeMethod.java:17)
	at org.junit.internal.runners.statements.RunAfters.evaluate(RunAfters.java:27)
	at org.junit.runners.ParentRunner.runLeaf(ParentRunner.java:271)
	at org.junit.runners.BlockJUnit4ClassRunner.runChild(BlockJUnit4ClassRunner.java:70)
	at org.junit.runners.BlockJUnit4ClassRunner.runChild(BlockJUnit4ClassRunner.java:50)
	at org.junit.runners.ParentRunner$3.run(ParentRunner.java:238)
	at org.junit.runners.ParentRunner$1.schedule(ParentRunner.java:63)
	at org.junit.runners.ParentRunner.runChildren(ParentRunner.java:236)
	at org.junit.runners.ParentRunner.access$000(ParentRunner.java:53)
	at org.junit.runners.ParentRunner$2.evaluate(ParentRunner.java:229)
	at org.junit.runners.ParentRunner.run(ParentRunner.java:309)
	at org.apache.maven.surefire.junit4.JUnit4Provider.execute(JUnit4Provider.java:365)
	at org.apache.maven.surefire.junit4.JUnit4Provider.executeWithRerun(JUnit4Provider.java:273)
	at org.apache.maven.surefire.junit4.JUnit4Provider.executeTestSet(JUnit4Provider.java:238)
	at org.apache.maven.surefire.junit4.JUnit4Provider.invoke(JUnit4Provider.java:159)
	at org.apache.maven.surefire.booter.ForkedBooter.invokeProviderInSameClassLoader(ForkedBooter.java:384)
	at org.apache.maven.surefire.booter.ForkedBooter.runSuitesInProcess(ForkedBooter.java:345)
	at org.apache.maven.surefire.booter.ForkedBooter.execute(ForkedBooter.java:126)
	at org.apache.maven.surefire.booter.ForkedBooter.main(ForkedBooter.java:418)
2019-10-28 08:19:46,527 [grpc-default-executor-9] WARN  server.GrpcLogAppender (LogUtils.java:warn(134)) - c538bdf1-684e-4089-9cc6-6fa0b44fa7c7@group-7339E3098941->931f47be-92fd-4e78-8b74-097dddc5e38b-AppendLogResponseHandler: Failed appendEntries: org.apache.ratis.thirdparty.io.grpc.StatusRuntimeException: UNAVAILABLE: io exception
2019-10-28 08:19:46,527 [grpc-default-executor-9] INFO  impl.FollowerInfo (FollowerInfo.java:lambda$new$0(51)) - c538bdf1-684e-4089-9cc6-6fa0b44fa7c7@group-7339E3098941->931f47be-92fd-4e78-8b74-097dddc5e38b: nextIndex: updateUnconditionally 0 -> 0
2019-10-28 08:19:47,027 [grpc-default-executor-10] WARN  server.GrpcLogAppender (LogUtils.java:warn(134)) - c538bdf1-684e-4089-9cc6-6fa0b44fa7c7@group-7339E3098941->931f47be-92fd-4e78-8b74-097dddc5e38b-AppendLogResponseHandler: Failed appendEntries: org.apache.ratis.thirdparty.io.grpc.StatusRuntimeException: UNAVAILABLE: io exception
2019-10-28 08:19:47,027 [grpc-default-executor-10] INFO  impl.FollowerInfo (FollowerInfo.java:lambda$new$0(51)) - c538bdf1-684e-4089-9cc6-6fa0b44fa7c7@group-7339E3098941->931f47be-92fd-4e78-8b74-097dddc5e38b: nextIndex: updateUnconditionally 0 -> 0
2019-10-28 08:19:47,528 [grpc-default-executor-1] WARN  server.GrpcLogAppender (LogUtils.java:warn(134)) - c538bdf1-684e-4089-9cc6-6fa0b44fa7c7@group-7339E3098941->931f47be-92fd-4e78-8b74-097dddc5e38b-AppendLogResponseHandler: Failed appendEntries: org.apache.ratis.thirdparty.io.grpc.StatusRuntimeException: UNAVAILABLE: io exception
2019-10-28 08:19:47,529 [grpc-default-executor-1] INFO  impl.FollowerInfo (FollowerInfo.java:lambda$new$0(51)) - c538bdf1-684e-4089-9cc6-6fa0b44fa7c7@group-7339E3098941->931f47be-92fd-4e78-8b74-097dddc5e38b: nextIndex: updateUnconditionally 0 -> 0
2019-10-28 08:19:48,029 [grpc-default-executor-10] WARN  server.GrpcLogAppender (LogUtils.java:warn(134)) - c538bdf1-684e-4089-9cc6-6fa0b44fa7c7@group-7339E3098941->931f47be-92fd-4e78-8b74-097dddc5e38b-AppendLogResponseHandler: Failed appendEntries: org.apache.ratis.thirdparty.io.grpc.StatusRuntimeException: UNAVAILABLE: io exception
2019-10-28 08:19:48,029 [grpc-default-executor-10] INFO  impl.FollowerInfo (FollowerInfo.java:lambda$new$0(51)) - c538bdf1-684e-4089-9cc6-6fa0b44fa7c7@group-7339E3098941->931f47be-92fd-4e78-8b74-097dddc5e38b: nextIndex: updateUnconditionally 0 -> 0
2019-10-28 08:19:48,530 [grpc-default-executor-1] WARN  server.GrpcLogAppender (LogUtils.java:warn(134)) - c538bdf1-684e-4089-9cc6-6fa0b44fa7c7@group-7339E3098941->931f47be-92fd-4e78-8b74-097dddc5e38b-AppendLogResponseHandler: Failed appendEntries: org.apache.ratis.thirdparty.io.grpc.StatusRuntimeException: UNAVAILABLE: io exception
2019-10-28 08:19:48,530 [grpc-default-executor-1] INFO  impl.FollowerInfo (FollowerInfo.java:lambda$new$0(51)) - c538bdf1-684e-4089-9cc6-6fa0b44fa7c7@group-7339E3098941->931f47be-92fd-4e78-8b74-097dddc5e38b: nextIndex: updateUnconditionally 0 -> 0
2019-10-28 08:19:49,033 [grpc-default-executor-1] WARN  server.GrpcLogAppender (LogUtils.java:warn(134)) - c538bdf1-684e-4089-9cc6-6fa0b44fa7c7@group-7339E3098941->931f47be-92fd-4e78-8b74-097dddc5e38b-AppendLogResponseHandler: Failed appendEntries: org.apache.ratis.thirdparty.io.grpc.StatusRuntimeException: UNAVAILABLE: io exception
2019-10-28 08:19:49,034 [grpc-default-executor-1] INFO  impl.FollowerInfo (FollowerInfo.java:lambda$new$0(51)) - c538bdf1-684e-4089-9cc6-6fa0b44fa7c7@group-7339E3098941->931f47be-92fd-4e78-8b74-097dddc5e38b: nextIndex: updateUnconditionally 0 -> 0
2019-10-28 08:19:49,532 [grpc-default-executor-9] WARN  server.GrpcLogAppender (LogUtils.java:warn(134)) - c538bdf1-684e-4089-9cc6-6fa0b44fa7c7@group-7339E3098941->931f47be-92fd-4e78-8b74-097dddc5e38b-AppendLogResponseHandler: Failed appendEntries: org.apache.ratis.thirdparty.io.grpc.StatusRuntimeException: UNAVAILABLE: io exception
2019-10-28 08:19:49,532 [grpc-default-executor-9] INFO  impl.FollowerInfo (FollowerInfo.java:lambda$new$0(51)) - c538bdf1-684e-4089-9cc6-6fa0b44fa7c7@group-7339E3098941->931f47be-92fd-4e78-8b74-097dddc5e38b: nextIndex: updateUnconditionally 0 -> 0
2019-10-28 08:19:50,033 [grpc-default-executor-10] WARN  server.GrpcLogAppender (LogUtils.java:warn(134)) - c538bdf1-684e-4089-9cc6-6fa0b44fa7c7@group-7339E3098941->931f47be-92fd-4e78-8b74-097dddc5e38b-AppendLogResponseHandler: Failed appendEntries: org.apache.ratis.thirdparty.io.grpc.StatusRuntimeException: UNAVAILABLE: io exception
2019-10-28 08:19:50,033 [grpc-default-executor-10] INFO  impl.FollowerInfo (FollowerInfo.java:lambda$new$0(51)) - c538bdf1-684e-4089-9cc6-6fa0b44fa7c7@group-7339E3098941->931f47be-92fd-4e78-8b74-097dddc5e38b: nextIndex: updateUnconditionally 0 -> 0
2019-10-28 08:19:50,061 [Thread-4112] INFO  client.GrpcClientProtocolService (GrpcClientProtocolService.java:lambda$processClientRequest$0(278)) - Failed RaftClientRequest:client-252185C0AF4F->491ad50e-3375-4589-a02d-0269379b43b4@group-7339E3098941, cid=134, seq=0, Watch-ALL_COMMITTED(8), Message:<EMPTY>, reply=RaftClientReply:client-252185C0AF4F->491ad50e-3375-4589-a02d-0269379b43b4@group-7339E3098941, cid=134, FAILED org.apache.ratis.protocol.NotLeaderException: Server 491ad50e-3375-4589-a02d-0269379b43b4@group-7339E3098941 is not the leader c538bdf1-684e-4089-9cc6-6fa0b44fa7c7:192.168.34.22:38247, logIndex=0, commits[491ad50e-3375-4589-a02d-0269379b43b4:c11, 931f47be-92fd-4e78-8b74-097dddc5e38b:c4, c538bdf1-684e-4089-9cc6-6fa0b44fa7c7:c11]
2019-10-28 08:19:50,533 [grpc-default-executor-1] WARN  server.GrpcLogAppender (LogUtils.java:warn(134)) - c538bdf1-684e-4089-9cc6-6fa0b44fa7c7@group-7339E3098941->931f47be-92fd-4e78-8b74-097dddc5e38b-AppendLogResponseHandler: Failed appendEntries: org.apache.ratis.thirdparty.io.grpc.StatusRuntimeException: UNAVAILABLE: io exception
2019-10-28 08:19:50,534 [grpc-default-executor-1] INFO  impl.FollowerInfo (FollowerInfo.java:lambda$new$0(51)) - c538bdf1-684e-4089-9cc6-6fa0b44fa7c7@group-7339E3098941->931f47be-92fd-4e78-8b74-097dddc5e38b: nextIndex: updateUnconditionally 0 -> 0
2019-10-28 08:19:51,035 [grpc-default-executor-1] WARN  server.GrpcLogAppender (LogUtils.java:warn(134)) - c538bdf1-684e-4089-9cc6-6fa0b44fa7c7@group-7339E3098941->931f47be-92fd-4e78-8b74-097dddc5e38b-AppendLogResponseHandler: Failed appendEntries: org.apache.ratis.thirdparty.io.grpc.StatusRuntimeException: UNAVAILABLE: io exception
2019-10-28 08:19:51,036 [grpc-default-executor-1] INFO  impl.FollowerInfo (FollowerInfo.java:lambda$new$0(51)) - c538bdf1-684e-4089-9cc6-6fa0b44fa7c7@group-7339E3098941->931f47be-92fd-4e78-8b74-097dddc5e38b: nextIndex: updateUnconditionally 0 -> 0
2019-10-28 08:19:51,056 [main] WARN  storage.CommitWatcher (CommitWatcher.java:watchForCommit(207)) - watchForCommit failed for index 8
java.util.concurrent.TimeoutException
	at java.util.concurrent.CompletableFuture.timedGet(CompletableFuture.java:1771)
	at java.util.concurrent.CompletableFuture.get(CompletableFuture.java:1915)
	at org.apache.hadoop.hdds.scm.XceiverClientRatis.watchForCommit(XceiverClientRatis.java:283)
	at org.apache.hadoop.hdds.scm.storage.CommitWatcher.watchForCommit(CommitWatcher.java:198)
	at org.apache.hadoop.hdds.scm.storage.CommitWatcher.watchOnLastIndex(CommitWatcher.java:161)
	at org.apache.hadoop.hdds.scm.storage.BlockOutputStream.watchForCommit(BlockOutputStream.java:346)
	at org.apache.hadoop.hdds.scm.storage.BlockOutputStream.handleFlush(BlockOutputStream.java:482)
	at org.apache.hadoop.hdds.scm.storage.BlockOutputStream.flush(BlockOutputStream.java:431)
	at org.apache.hadoop.ozone.client.io.BlockOutputStreamEntry.flush(BlockOutputStreamEntry.java:136)
	at org.apache.hadoop.ozone.client.io.KeyOutputStream.handleFlushOrClose(KeyOutputStream.java:443)
	at org.apache.hadoop.ozone.client.io.KeyOutputStream.flush(KeyOutputStream.java:397)
	at org.apache.hadoop.ozone.client.io.OzoneOutputStream.flush(OzoneOutputStream.java:54)
	at org.apache.hadoop.ozone.client.rpc.TestFailureHandlingByClient.testDatanodeExclusionWithMajorityCommit(TestFailureHandlingByClient.java:318)
	at sun.reflect.NativeMethodAccessorImpl.invoke0(Native Method)
	at sun.reflect.NativeMethodAccessorImpl.invoke(NativeMethodAccessorImpl.java:62)
	at sun.reflect.DelegatingMethodAccessorImpl.invoke(DelegatingMethodAccessorImpl.java:43)
	at java.lang.reflect.Method.invoke(Method.java:498)
	at org.junit.runners.model.FrameworkMethod$1.runReflectiveCall(FrameworkMethod.java:47)
	at org.junit.internal.runners.model.ReflectiveCallable.run(ReflectiveCallable.java:12)
	at org.junit.runners.model.FrameworkMethod.invokeExplosively(FrameworkMethod.java:44)
	at org.junit.internal.runners.statements.InvokeMethod.evaluate(InvokeMethod.java:17)
	at org.junit.internal.runners.statements.RunAfters.evaluate(RunAfters.java:27)
	at org.junit.runners.ParentRunner.runLeaf(ParentRunner.java:271)
	at org.junit.runners.BlockJUnit4ClassRunner.runChild(BlockJUnit4ClassRunner.java:70)
	at org.junit.runners.BlockJUnit4ClassRunner.runChild(BlockJUnit4ClassRunner.java:50)
	at org.junit.runners.ParentRunner$3.run(ParentRunner.java:238)
	at org.junit.runners.ParentRunner$1.schedule(ParentRunner.java:63)
	at org.junit.runners.ParentRunner.runChildren(ParentRunner.java:236)
	at org.junit.runners.ParentRunner.access$000(ParentRunner.java:53)
	at org.junit.runners.ParentRunner$2.evaluate(ParentRunner.java:229)
	at org.junit.runners.ParentRunner.run(ParentRunner.java:309)
	at org.apache.maven.surefire.junit4.JUnit4Provider.execute(JUnit4Provider.java:365)
	at org.apache.maven.surefire.junit4.JUnit4Provider.executeWithRerun(JUnit4Provider.java:273)
	at org.apache.maven.surefire.junit4.JUnit4Provider.executeTestSet(JUnit4Provider.java:238)
	at org.apache.maven.surefire.junit4.JUnit4Provider.invoke(JUnit4Provider.java:159)
	at org.apache.maven.surefire.booter.ForkedBooter.invokeProviderInSameClassLoader(ForkedBooter.java:384)
	at org.apache.maven.surefire.booter.ForkedBooter.runSuitesInProcess(ForkedBooter.java:345)
	at org.apache.maven.surefire.booter.ForkedBooter.execute(ForkedBooter.java:126)
	at org.apache.maven.surefire.booter.ForkedBooter.main(ForkedBooter.java:418)
2019-10-28 08:19:51,058 [main] WARN  io.KeyOutputStream (KeyOutputStream.java:handleException(274)) - Encountered exception java.io.IOException: Unexpected Storage Container Exception: java.io.IOException: Unexpected Storage Container Exception: java.util.concurrent.TimeoutException on the pipeline Pipeline[ Id: 66c16d5b-b617-4d7e-9075-7339e3098941, Nodes: 931f47be-92fd-4e78-8b74-097dddc5e38b{ip: 192.168.34.22, host: pr-hdds-1569-5jqvn-3828718746, networkLocation: /rack1, certSerialId: null}c538bdf1-684e-4089-9cc6-6fa0b44fa7c7{ip: 192.168.34.22, host: pr-hdds-1569-5jqvn-3828718746, networkLocation: /rack1, certSerialId: null}491ad50e-3375-4589-a02d-0269379b43b4{ip: 192.168.34.22, host: pr-hdds-1569-5jqvn-3828718746, networkLocation: /rack1, certSerialId: null}, Type:RATIS, Factor:THREE, State:OPEN]. The last committed block length is 2097152, uncommitted data length is 1048576 retry count 0
2019-10-28 08:19:51,326 [main] INFO  ozone.MiniOzoneClusterImpl (MiniOzoneClusterImpl.java:shutdown(314)) - Shutting down the Mini Ozone Cluster
2019-10-28 08:19:51,327 [main] INFO  ozone.MiniOzoneClusterImpl (MiniOzoneClusterImpl.java:stop(330)) - Stopping the Mini Ozone Cluster
2019-10-28 08:19:51,327 [main] INFO  ozone.MiniOzoneClusterImpl (MiniOzoneClusterImpl.java:stopOM(400)) - Stopping the OzoneManager
2019-10-28 08:19:51,327 [main] INFO  ipc.Server (Server.java:stop(3082)) - Stopping server on 42157
2019-10-28 08:19:51,341 [IPC Server listener on 42157] INFO  ipc.Server (Server.java:run(1185)) - Stopping IPC Server listener on 42157
2019-10-28 08:19:51,345 [IPC Server Responder] INFO  ipc.Server (Server.java:run(1319)) - Stopping IPC Server Responder
2019-10-28 08:19:51,341 [main] INFO  ratis.OzoneManagerDoubleBuffer (OzoneManagerDoubleBuffer.java:stop(250)) - Stopping OMDoubleBuffer flush thread
2019-10-28 08:19:51,348 [OMDoubleBufferFlushThread] INFO  ratis.OzoneManagerDoubleBuffer (OzoneManagerDoubleBuffer.java:flushTransactions(193)) - OMDoubleBuffer flush thread OMDoubleBufferFlushThread is interrupted and will exit. OMDoubleBufferFlushThread
2019-10-28 08:19:51,361 [main] INFO  utils.BackgroundService (BackgroundService.java:shutdown(151)) - Shutting down service KeyDeletingService
2019-10-28 08:19:51,363 [main] INFO  handler.ContextHandler (ContextHandler.java:doStop(910)) - Stopped o.e.j.w.WebAppContext@7f2b584b{/,null,UNAVAILABLE}{/ozoneManager}
2019-10-28 08:19:51,364 [main] INFO  server.AbstractConnector (AbstractConnector.java:doStop(318)) - Stopped ServerConnector@5866731{HTTP/1.1,[http/1.1]}{0.0.0.0:0}
2019-10-28 08:19:51,364 [main] INFO  handler.ContextHandler (ContextHandler.java:doStop(910)) - Stopped o.e.j.s.ServletContextHandler@53016b11{/static,file:///workdir/hadoop-ozone/integration-test/target/test-classes/webapps/static,UNAVAILABLE}
2019-10-28 08:19:51,365 [main] INFO  handler.ContextHandler (ContextHandler.java:doStop(910)) - Stopped o.e.j.s.ServletContextHandler@4ee8051c{/logs,file:///workdir/hadoop-ozone/integration-test/target/log,UNAVAILABLE}
2019-10-28 08:19:51,368 [main] INFO  ozone.MiniOzoneClusterImpl (MiniOzoneClusterImpl.java:stopDatanodes(377)) - Stopping the HddsDatanodes
2019-10-28 08:19:51,534 [grpc-default-executor-1] WARN  server.GrpcLogAppender (LogUtils.java:warn(134)) - c538bdf1-684e-4089-9cc6-6fa0b44fa7c7@group-7339E3098941->931f47be-92fd-4e78-8b74-097dddc5e38b-AppendLogResponseHandler: Failed appendEntries: org.apache.ratis.thirdparty.io.grpc.StatusRuntimeException: UNAVAILABLE: io exception
2019-10-28 08:19:51,535 [grpc-default-executor-1] INFO  impl.FollowerInfo (FollowerInfo.java:lambda$new$0(51)) - c538bdf1-684e-4089-9cc6-6fa0b44fa7c7@group-7339E3098941->931f47be-92fd-4e78-8b74-097dddc5e38b: nextIndex: updateUnconditionally 0 -> 0
2019-10-28 08:19:51,757 [Thread-4151] INFO  client.GrpcClientProtocolService (GrpcClientProtocolService.java:lambda$processClientRequest$0(278)) - Failed RaftClientRequest:client-252185C0AF4F->c538bdf1-684e-4089-9cc6-6fa0b44fa7c7@group-7339E3098941, cid=134, seq=0, Watch-ALL_COMMITTED(8), Message:<EMPTY>, reply=RaftClientReply:client-252185C0AF4F->c538bdf1-684e-4089-9cc6-6fa0b44fa7c7@group-7339E3098941, cid=134, FAILED org.apache.ratis.protocol.NotReplicatedException: Request with call Id 134 and log index 8 is not yet replicated to ALL_COMMITTED, logIndex=8, commits[c538bdf1-684e-4089-9cc6-6fa0b44fa7c7:c11, 931f47be-92fd-4e78-8b74-097dddc5e38b:c4, 491ad50e-3375-4589-a02d-0269379b43b4:c11]
2019-10-28 08:19:51,770 [Datanode State Machine Thread - 0] INFO  statemachine.DatanodeStateMachine (DatanodeStateMachine.java:lambda$startDaemon$0(350)) - Ozone container server started.
2019-10-28 08:19:52,035 [grpc-default-executor-10] WARN  server.GrpcLogAppender (LogUtils.java:warn(134)) - c538bdf1-684e-4089-9cc6-6fa0b44fa7c7@group-7339E3098941->931f47be-92fd-4e78-8b74-097dddc5e38b-AppendLogResponseHandler: Failed appendEntries: org.apache.ratis.thirdparty.io.grpc.StatusRuntimeException: UNAVAILABLE: io exception
2019-10-28 08:19:52,036 [grpc-default-executor-10] INFO  impl.FollowerInfo (FollowerInfo.java:lambda$new$0(51)) - c538bdf1-684e-4089-9cc6-6fa0b44fa7c7@group-7339E3098941->931f47be-92fd-4e78-8b74-097dddc5e38b: nextIndex: updateUnconditionally 0 -> 0
2019-10-28 08:19:52,225 [Datanode State Machine Thread - 0] INFO  statemachine.DatanodeStateMachine (DatanodeStateMachine.java:lambda$startDaemon$0(350)) - Ozone container server started.
2019-10-28 08:19:52,536 [grpc-default-executor-9] WARN  server.GrpcLogAppender (LogUtils.java:warn(134)) - c538bdf1-684e-4089-9cc6-6fa0b44fa7c7@group-7339E3098941->931f47be-92fd-4e78-8b74-097dddc5e38b-AppendLogResponseHandler: Failed appendEntries: org.apache.ratis.thirdparty.io.grpc.StatusRuntimeException: UNAVAILABLE: io exception
2019-10-28 08:19:52,536 [grpc-default-executor-9] INFO  impl.FollowerInfo (FollowerInfo.java:lambda$new$0(51)) - c538bdf1-684e-4089-9cc6-6fa0b44fa7c7@group-7339E3098941->931f47be-92fd-4e78-8b74-097dddc5e38b: nextIndex: updateUnconditionally 0 -> 0
2019-10-28 08:19:52,755 [Thread-4162] INFO  client.GrpcClientProtocolService (GrpcClientProtocolService.java:lambda$processClientRequest$0(278)) - Failed RaftClientRequest:client-252185C0AF4F->c538bdf1-684e-4089-9cc6-6fa0b44fa7c7@group-7339E3098941, cid=132, seq=0, Watch-ALL_COMMITTED(6), Message:<EMPTY>, reply=RaftClientReply:client-252185C0AF4F->c538bdf1-684e-4089-9cc6-6fa0b44fa7c7@group-7339E3098941, cid=132, FAILED org.apache.ratis.protocol.NotReplicatedException: Request with call Id 132 and log index 6 is not yet replicated to ALL_COMMITTED, logIndex=6, commits[c538bdf1-684e-4089-9cc6-6fa0b44fa7c7:c11, 931f47be-92fd-4e78-8b74-097dddc5e38b:c4, 491ad50e-3375-4589-a02d-0269379b43b4:c11]
2019-10-28 08:19:53,036 [grpc-default-executor-10] WARN  server.GrpcLogAppender (LogUtils.java:warn(134)) - c538bdf1-684e-4089-9cc6-6fa0b44fa7c7@group-7339E3098941->931f47be-92fd-4e78-8b74-097dddc5e38b-AppendLogResponseHandler: Failed appendEntries: org.apache.ratis.thirdparty.io.grpc.StatusRuntimeException: UNAVAILABLE: io exception
2019-10-28 08:19:53,037 [grpc-default-executor-10] INFO  impl.FollowerInfo (FollowerInfo.java:lambda$new$0(51)) - c538bdf1-684e-4089-9cc6-6fa0b44fa7c7@group-7339E3098941->931f47be-92fd-4e78-8b74-097dddc5e38b: nextIndex: updateUnconditionally 0 -> 0
2019-10-28 08:19:53,537 [grpc-default-executor-9] WARN  server.GrpcLogAppender (LogUtils.java:warn(134)) - c538bdf1-684e-4089-9cc6-6fa0b44fa7c7@group-7339E3098941->931f47be-92fd-4e78-8b74-097dddc5e38b-AppendLogResponseHandler: Failed appendEntries: org.apache.ratis.thirdparty.io.grpc.StatusRuntimeException: UNAVAILABLE: io exception
2019-10-28 08:19:53,537 [grpc-default-executor-9] INFO  impl.FollowerInfo (FollowerInfo.java:lambda$new$0(51)) - c538bdf1-684e-4089-9cc6-6fa0b44fa7c7@group-7339E3098941->931f47be-92fd-4e78-8b74-097dddc5e38b: nextIndex: updateUnconditionally 0 -> 0
2019-10-28 08:19:54,037 [grpc-default-executor-9] WARN  server.GrpcLogAppender (LogUtils.java:warn(134)) - c538bdf1-684e-4089-9cc6-6fa0b44fa7c7@group-7339E3098941->931f47be-92fd-4e78-8b74-097dddc5e38b-AppendLogResponseHandler: Failed appendEntries: org.apache.ratis.thirdparty.io.grpc.StatusRuntimeException: UNAVAILABLE: io exception
2019-10-28 08:19:54,038 [grpc-default-executor-9] INFO  impl.FollowerInfo (FollowerInfo.java:lambda$new$0(51)) - c538bdf1-684e-4089-9cc6-6fa0b44fa7c7@group-7339E3098941->931f47be-92fd-4e78-8b74-097dddc5e38b: nextIndex: updateUnconditionally 0 -> 0
2019-10-28 08:19:54,538 [grpc-default-executor-1] WARN  server.GrpcLogAppender (LogUtils.java:warn(134)) - c538bdf1-684e-4089-9cc6-6fa0b44fa7c7@group-7339E3098941->931f47be-92fd-4e78-8b74-097dddc5e38b-AppendLogResponseHandler: Failed appendEntries: org.apache.ratis.thirdparty.io.grpc.StatusRuntimeException: UNAVAILABLE: io exception
2019-10-28 08:19:54,538 [grpc-default-executor-1] INFO  impl.FollowerInfo (FollowerInfo.java:lambda$new$0(51)) - c538bdf1-684e-4089-9cc6-6fa0b44fa7c7@group-7339E3098941->931f47be-92fd-4e78-8b74-097dddc5e38b: nextIndex: updateUnconditionally 0 -> 0
2019-10-28 08:19:55,042 [grpc-default-executor-1] WARN  server.GrpcLogAppender (LogUtils.java:warn(134)) - c538bdf1-684e-4089-9cc6-6fa0b44fa7c7@group-7339E3098941->931f47be-92fd-4e78-8b74-097dddc5e38b-AppendLogResponseHandler: Failed appendEntries: org.apache.ratis.thirdparty.io.grpc.StatusRuntimeException: UNAVAILABLE: io exception
2019-10-28 08:19:55,044 [grpc-default-executor-1] INFO  impl.FollowerInfo (FollowerInfo.java:lambda$new$0(51)) - c538bdf1-684e-4089-9cc6-6fa0b44fa7c7@group-7339E3098941->931f47be-92fd-4e78-8b74-097dddc5e38b: nextIndex: updateUnconditionally 0 -> 0
2019-10-28 08:19:55,540 [grpc-default-executor-10] WARN  server.GrpcLogAppender (LogUtils.java:warn(134)) - c538bdf1-684e-4089-9cc6-6fa0b44fa7c7@group-7339E3098941->931f47be-92fd-4e78-8b74-097dddc5e38b-AppendLogResponseHandler: Failed appendEntries: org.apache.ratis.thirdparty.io.grpc.StatusRuntimeException: UNAVAILABLE: io exception
2019-10-28 08:19:55,540 [grpc-default-executor-10] INFO  impl.FollowerInfo (FollowerInfo.java:lambda$new$0(51)) - c538bdf1-684e-4089-9cc6-6fa0b44fa7c7@group-7339E3098941->931f47be-92fd-4e78-8b74-097dddc5e38b: nextIndex: updateUnconditionally 0 -> 0
2019-10-28 08:19:56,041 [grpc-default-executor-1] WARN  server.GrpcLogAppender (LogUtils.java:warn(134)) - c538bdf1-684e-4089-9cc6-6fa0b44fa7c7@group-7339E3098941->931f47be-92fd-4e78-8b74-097dddc5e38b-AppendLogResponseHandler: Failed appendEntries: org.apache.ratis.thirdparty.io.grpc.StatusRuntimeException: UNAVAILABLE: io exception
2019-10-28 08:19:56,041 [grpc-default-executor-1] INFO  impl.FollowerInfo (FollowerInfo.java:lambda$new$0(51)) - c538bdf1-684e-4089-9cc6-6fa0b44fa7c7@group-7339E3098941->931f47be-92fd-4e78-8b74-097dddc5e38b: nextIndex: updateUnconditionally 0 -> 0
2019-10-28 08:19:56,370 [main] INFO  ozoneimpl.OzoneContainer (OzoneContainer.java:stop(227)) - Attempting to stop container services.
2019-10-28 08:19:56,370 [ForkJoinPool.commonPool-worker-1] INFO  ozoneimpl.OzoneContainer (OzoneContainer.java:stop(227)) - Attempting to stop container services.
2019-10-28 08:19:56,371 [main] INFO  impl.RaftServerProxy (RaftServerProxy.java:lambda$close$4(314)) - c538bdf1-684e-4089-9cc6-6fa0b44fa7c7: close
2019-10-28 08:19:56,371 [ForkJoinPool.commonPool-worker-1] INFO  impl.RaftServerProxy (RaftServerProxy.java:lambda$close$4(314)) - 442f1a8c-01a9-4abf-8c25-ed2da4cb70e7: close
2019-10-28 08:19:56,372 [main] INFO  impl.RaftServerImpl (RaftServerImpl.java:lambda$shutdown$3(247)) - c538bdf1-684e-4089-9cc6-6fa0b44fa7c7@group-48A25AF6ED92: shutdown
2019-10-28 08:19:56,372 [ForkJoinPool.commonPool-worker-1] INFO  impl.RaftServerImpl (RaftServerImpl.java:lambda$shutdown$3(247)) - 442f1a8c-01a9-4abf-8c25-ed2da4cb70e7@group-9C5E4C109FD2: shutdown
2019-10-28 08:19:56,372 [main] INFO  util.JmxRegister (JmxRegister.java:unregister(73)) - Successfully un-registered JMX Bean with object name Ratis:service=RaftServer,group=group-48A25AF6ED92,id=c538bdf1-684e-4089-9cc6-6fa0b44fa7c7
2019-10-28 08:19:56,372 [ForkJoinPool.commonPool-worker-1] INFO  util.JmxRegister (JmxRegister.java:unregister(73)) - Successfully un-registered JMX Bean with object name Ratis:service=RaftServer,group=group-9C5E4C109FD2,id=442f1a8c-01a9-4abf-8c25-ed2da4cb70e7
2019-10-28 08:19:56,373 [main] INFO  impl.RoleInfo (RoleInfo.java:shutdownLeaderState(104)) - c538bdf1-684e-4089-9cc6-6fa0b44fa7c7: shutdown LeaderState
2019-10-28 08:19:56,373 [ForkJoinPool.commonPool-worker-1] INFO  impl.RoleInfo (RoleInfo.java:shutdownLeaderState(104)) - 442f1a8c-01a9-4abf-8c25-ed2da4cb70e7: shutdown LeaderState
2019-10-28 08:19:56,373 [main] INFO  impl.PendingRequests (PendingRequests.java:sendNotLeaderResponses(202)) - c538bdf1-684e-4089-9cc6-6fa0b44fa7c7@group-48A25AF6ED92-PendingRequests: sendNotLeaderResponses
2019-10-28 08:19:56,373 [ForkJoinPool.commonPool-worker-1] INFO  impl.PendingRequests (PendingRequests.java:sendNotLeaderResponses(202)) - 442f1a8c-01a9-4abf-8c25-ed2da4cb70e7@group-9C5E4C109FD2-PendingRequests: sendNotLeaderResponses
2019-10-28 08:19:56,374 [ForkJoinPool.commonPool-worker-1] INFO  impl.StateMachineUpdater (StateMachineUpdater.java:stopAndJoin(136)) - 442f1a8c-01a9-4abf-8c25-ed2da4cb70e7@group-9C5E4C109FD2-StateMachineUpdater: set stopIndex = 0
2019-10-28 08:19:56,374 [main] INFO  impl.StateMachineUpdater (StateMachineUpdater.java:stopAndJoin(136)) - c538bdf1-684e-4089-9cc6-6fa0b44fa7c7@group-48A25AF6ED92-StateMachineUpdater: set stopIndex = 0
2019-10-28 08:19:56,375 [main] INFO  impl.RaftServerImpl (ServerState.java:close(387)) - c538bdf1-684e-4089-9cc6-6fa0b44fa7c7@group-48A25AF6ED92: closes. applyIndex: 0
2019-10-28 08:19:56,375 [ForkJoinPool.commonPool-worker-1] INFO  impl.RaftServerImpl (ServerState.java:close(387)) - 442f1a8c-01a9-4abf-8c25-ed2da4cb70e7@group-9C5E4C109FD2: closes. applyIndex: 0
2019-10-28 08:19:56,375 [c538bdf1-684e-4089-9cc6-6fa0b44fa7c7@group-48A25AF6ED92-SegmentedRaftLogWorker] INFO  segmented.SegmentedRaftLogWorker (SegmentedRaftLogWorker.java:run(316)) - c538bdf1-684e-4089-9cc6-6fa0b44fa7c7@group-48A25AF6ED92-SegmentedRaftLogWorker was interrupted, exiting. There are 0 tasks remaining in the queue.
2019-10-28 08:19:56,375 [442f1a8c-01a9-4abf-8c25-ed2da4cb70e7@group-9C5E4C109FD2-SegmentedRaftLogWorker] INFO  segmented.SegmentedRaftLogWorker (SegmentedRaftLogWorker.java:run(316)) - 442f1a8c-01a9-4abf-8c25-ed2da4cb70e7@group-9C5E4C109FD2-SegmentedRaftLogWorker was interrupted, exiting. There are 0 tasks remaining in the queue.
2019-10-28 08:19:56,386 [ForkJoinPool.commonPool-worker-1] INFO  segmented.SegmentedRaftLogWorker (SegmentedRaftLogWorker.java:close(224)) - 442f1a8c-01a9-4abf-8c25-ed2da4cb70e7@group-9C5E4C109FD2-SegmentedRaftLogWorker close()
2019-10-28 08:19:56,386 [main] INFO  segmented.SegmentedRaftLogWorker (SegmentedRaftLogWorker.java:close(224)) - c538bdf1-684e-4089-9cc6-6fa0b44fa7c7@group-48A25AF6ED92-SegmentedRaftLogWorker close()
2019-10-28 08:19:56,391 [ForkJoinPool.commonPool-worker-1] INFO  impl.RaftServerImpl (RaftServerImpl.java:lambda$shutdown$3(247)) - 442f1a8c-01a9-4abf-8c25-ed2da4cb70e7@group-C80DD7B1CD18: shutdown
2019-10-28 08:19:56,396 [main] INFO  impl.RaftServerImpl (RaftServerImpl.java:lambda$shutdown$3(247)) - c538bdf1-684e-4089-9cc6-6fa0b44fa7c7@group-7339E3098941: shutdown
2019-10-28 08:19:56,396 [ForkJoinPool.commonPool-worker-1] INFO  util.JmxRegister (JmxRegister.java:unregister(73)) - Successfully un-registered JMX Bean with object name Ratis:service=RaftServer,group=group-C80DD7B1CD18,id=442f1a8c-01a9-4abf-8c25-ed2da4cb70e7
2019-10-28 08:19:56,397 [main] INFO  util.JmxRegister (JmxRegister.java:unregister(73)) - Successfully un-registered JMX Bean with object name Ratis:service=RaftServer,group=group-7339E3098941,id=c538bdf1-684e-4089-9cc6-6fa0b44fa7c7
2019-10-28 08:19:56,397 [ForkJoinPool.commonPool-worker-1] INFO  impl.RoleInfo (RoleInfo.java:shutdownFollowerState(121)) - 442f1a8c-01a9-4abf-8c25-ed2da4cb70e7: shutdown FollowerState
2019-10-28 08:19:56,397 [main] INFO  impl.RoleInfo (RoleInfo.java:shutdownLeaderState(104)) - c538bdf1-684e-4089-9cc6-6fa0b44fa7c7: shutdown LeaderState
2019-10-28 08:19:56,398 [442f1a8c-01a9-4abf-8c25-ed2da4cb70e7@group-C80DD7B1CD18-StateMachineUpdater] INFO  ratis.ContainerStateMachine (ContainerStateMachine.java:takeSnapshot(294)) - group-C80DD7B1CD18: Taking a snapshot at:(t:1, i:3) file /workdir/hadoop-ozone/integration-test/target/test-dir/MiniOzoneClusterImpl-15e79e0b-a28f-4a98-99e1-aed18379cb8e/datanode-2/data/ratis/31a891bf-d74e-417a-9d39-c80dd7b1cd18/sm/snapshot.1_3
2019-10-28 08:19:56,397 [Thread-3770] INFO  impl.FollowerState (FollowerState.java:run(117)) - 442f1a8c-01a9-4abf-8c25-ed2da4cb70e7@group-C80DD7B1CD18-FollowerState was interrupted: java.lang.InterruptedException: sleep interrupted
2019-10-28 08:19:56,397 [ForkJoinPool.commonPool-worker-1] INFO  impl.StateMachineUpdater (StateMachineUpdater.java:stopAndJoin(136)) - 442f1a8c-01a9-4abf-8c25-ed2da4cb70e7@group-C80DD7B1CD18-StateMachineUpdater: set stopIndex = 4
2019-10-28 08:19:56,402 [org.apache.ratis.server.impl.LogAppender$AppenderDaemon$$Lambda$449/270999738@5b75597e] WARN  server.GrpcLogAppender (GrpcLogAppender.java:mayWait(143)) - c538bdf1-684e-4089-9cc6-6fa0b44fa7c7@group-7339E3098941->931f47be-92fd-4e78-8b74-097dddc5e38b-GrpcLogAppender: Wait interrupted by java.lang.InterruptedException
2019-10-28 08:19:56,402 [main] INFO  impl.PendingRequests (PendingRequests.java:sendNotLeaderResponses(202)) - c538bdf1-684e-4089-9cc6-6fa0b44fa7c7@group-7339E3098941-PendingRequests: sendNotLeaderResponses
2019-10-28 08:19:56,402 [org.apache.ratis.server.impl.LogAppender$AppenderDaemon$$Lambda$449/270999738@32ee3f3b] WARN  server.GrpcLogAppender (GrpcLogAppender.java:mayWait(143)) - c538bdf1-684e-4089-9cc6-6fa0b44fa7c7@group-7339E3098941->491ad50e-3375-4589-a02d-0269379b43b4-GrpcLogAppender: Wait interrupted by java.lang.InterruptedException
2019-10-28 08:19:56,411 [grpc-default-executor-10] INFO  server.GrpcServerProtocolService (GrpcServerProtocolService.java:onCompleted(113)) - 491ad50e-3375-4589-a02d-0269379b43b4: Completed APPEND_ENTRIES, lastRequest: c538bdf1-684e-4089-9cc6-6fa0b44fa7c7->491ad50e-3375-4589-a02d-0269379b43b4#69-t1, previous=(t:1, i:11), leaderCommit=11, initializing? false, entries: <empty>
2019-10-28 08:19:56,411 [main] INFO  impl.StateMachineUpdater (StateMachineUpdater.java:stopAndJoin(136)) - c538bdf1-684e-4089-9cc6-6fa0b44fa7c7@group-7339E3098941-StateMachineUpdater: set stopIndex = 11
2019-10-28 08:19:56,411 [c538bdf1-684e-4089-9cc6-6fa0b44fa7c7@group-7339E3098941-StateMachineUpdater] INFO  ratis.ContainerStateMachine (ContainerStateMachine.java:takeSnapshot(294)) - group-7339E3098941: Taking a snapshot at:(t:1, i:10) file /workdir/hadoop-ozone/integration-test/target/test-dir/MiniOzoneClusterImpl-15e79e0b-a28f-4a98-99e1-aed18379cb8e/datanode-5/data/ratis/66c16d5b-b617-4d7e-9075-7339e3098941/sm/snapshot.1_10
2019-10-28 08:19:56,411 [Thread-4203] INFO  client.GrpcClientProtocolService (GrpcClientProtocolService.java:lambda$processClientRequest$0(278)) - Failed RaftClientRequest:client-252185C0AF4F->c538bdf1-684e-4089-9cc6-6fa0b44fa7c7@group-7339E3098941, cid=134, seq=0, Watch-ALL_COMMITTED(8), Message:<EMPTY>, reply=RaftClientReply:client-252185C0AF4F->c538bdf1-684e-4089-9cc6-6fa0b44fa7c7@group-7339E3098941, cid=134, FAILED org.apache.ratis.protocol.NotLeaderException: Server c538bdf1-684e-4089-9cc6-6fa0b44fa7c7@group-7339E3098941 is not the leader, logIndex=0, commits[c538bdf1-684e-4089-9cc6-6fa0b44fa7c7:c11]
2019-10-28 08:19:56,411 [Thread-4202] INFO  client.GrpcClientProtocolService (GrpcClientProtocolService.java:lambda$processClientRequest$0(278)) - Failed RaftClientRequest:client-252185C0AF4F->c538bdf1-684e-4089-9cc6-6fa0b44fa7c7@group-7339E3098941, cid=132, seq=0, Watch-ALL_COMMITTED(6), Message:<EMPTY>, reply=RaftClientReply:client-252185C0AF4F->c538bdf1-684e-4089-9cc6-6fa0b44fa7c7@group-7339E3098941, cid=132, FAILED org.apache.ratis.protocol.NotLeaderException: Server c538bdf1-684e-4089-9cc6-6fa0b44fa7c7@group-7339E3098941 is not the leader, logIndex=0, commits[c538bdf1-684e-4089-9cc6-6fa0b44fa7c7:c11]
2019-10-28 08:19:56,412 [grpc-default-executor-10] INFO  server.GrpcLogAppender (GrpcLogAppender.java:onCompleted(293)) - c538bdf1-684e-4089-9cc6-6fa0b44fa7c7@group-7339E3098941->491ad50e-3375-4589-a02d-0269379b43b4-AppendLogResponseHandler: follower responses appendEntries COMPLETED
2019-10-28 08:19:56,413 [grpc-default-executor-10] INFO  impl.FollowerInfo (FollowerInfo.java:lambda$new$0(51)) - c538bdf1-684e-4089-9cc6-6fa0b44fa7c7@group-7339E3098941->491ad50e-3375-4589-a02d-0269379b43b4: nextIndex: updateUnconditionally 12 -> 11
2019-10-28 08:19:56,416 [c538bdf1-684e-4089-9cc6-6fa0b44fa7c7@group-7339E3098941-StateMachineUpdater] INFO  ratis.ContainerStateMachine (ContainerStateMachine.java:takeSnapshot(305)) - group-7339E3098941: Finished taking a snapshot at:(t:1, i:10) file:/workdir/hadoop-ozone/integration-test/target/test-dir/MiniOzoneClusterImpl-15e79e0b-a28f-4a98-99e1-aed18379cb8e/datanode-5/data/ratis/66c16d5b-b617-4d7e-9075-7339e3098941/sm/snapshot.1_10 time:5
2019-10-28 08:19:56,416 [442f1a8c-01a9-4abf-8c25-ed2da4cb70e7@group-C80DD7B1CD18-StateMachineUpdater] INFO  ratis.ContainerStateMachine (ContainerStateMachine.java:takeSnapshot(305)) - group-C80DD7B1CD18: Finished taking a snapshot at:(t:1, i:3) file:/workdir/hadoop-ozone/integration-test/target/test-dir/MiniOzoneClusterImpl-15e79e0b-a28f-4a98-99e1-aed18379cb8e/datanode-2/data/ratis/31a891bf-d74e-417a-9d39-c80dd7b1cd18/sm/snapshot.1_3 time:18
2019-10-28 08:19:56,416 [c538bdf1-684e-4089-9cc6-6fa0b44fa7c7@group-7339E3098941-StateMachineUpdater] INFO  impl.StateMachineUpdater (StateMachineUpdater.java:takeSnapshot(269)) - c538bdf1-684e-4089-9cc6-6fa0b44fa7c7@group-7339E3098941-StateMachineUpdater: Took a snapshot at index 10
2019-10-28 08:19:56,416 [c538bdf1-684e-4089-9cc6-6fa0b44fa7c7@group-7339E3098941-StateMachineUpdater] INFO  impl.StateMachineUpdater (StateMachineUpdater.java:lambda$new$0(84)) - c538bdf1-684e-4089-9cc6-6fa0b44fa7c7@group-7339E3098941-StateMachineUpdater: snapshotIndex: updateIncreasingly -1 -> 10
2019-10-28 08:19:56,416 [442f1a8c-01a9-4abf-8c25-ed2da4cb70e7@group-C80DD7B1CD18-StateMachineUpdater] INFO  impl.StateMachineUpdater (StateMachineUpdater.java:takeSnapshot(269)) - 442f1a8c-01a9-4abf-8c25-ed2da4cb70e7@group-C80DD7B1CD18-StateMachineUpdater: Took a snapshot at index 3
2019-10-28 08:19:56,416 [442f1a8c-01a9-4abf-8c25-ed2da4cb70e7@group-C80DD7B1CD18-StateMachineUpdater] INFO  impl.StateMachineUpdater (StateMachineUpdater.java:lambda$new$0(84)) - 442f1a8c-01a9-4abf-8c25-ed2da4cb70e7@group-C80DD7B1CD18-StateMachineUpdater: snapshotIndex: updateIncreasingly -1 -> 3
2019-10-28 08:19:56,417 [c538bdf1-684e-4089-9cc6-6fa0b44fa7c7@group-7339E3098941-StateMachineUpdater] INFO  ratis.ContainerStateMachine (ContainerStateMachine.java:takeSnapshot(294)) - group-7339E3098941: Taking a snapshot at:(t:1, i:10) file /workdir/hadoop-ozone/integration-test/target/test-dir/MiniOzoneClusterImpl-15e79e0b-a28f-4a98-99e1-aed18379cb8e/datanode-5/data/ratis/66c16d5b-b617-4d7e-9075-7339e3098941/sm/snapshot.1_10
2019-10-28 08:19:56,417 [442f1a8c-01a9-4abf-8c25-ed2da4cb70e7@group-C80DD7B1CD18-StateMachineUpdater] INFO  ratis.ContainerStateMachine (ContainerStateMachine.java:takeSnapshot(294)) - group-C80DD7B1CD18: Taking a snapshot at:(t:1, i:3) file /workdir/hadoop-ozone/integration-test/target/test-dir/MiniOzoneClusterImpl-15e79e0b-a28f-4a98-99e1-aed18379cb8e/datanode-2/data/ratis/31a891bf-d74e-417a-9d39-c80dd7b1cd18/sm/snapshot.1_3
2019-10-28 08:19:56,430 [442f1a8c-01a9-4abf-8c25-ed2da4cb70e7@group-C80DD7B1CD18-StateMachineUpdater] INFO  ratis.ContainerStateMachine (ContainerStateMachine.java:takeSnapshot(305)) - group-C80DD7B1CD18: Finished taking a snapshot at:(t:1, i:3) file:/workdir/hadoop-ozone/integration-test/target/test-dir/MiniOzoneClusterImpl-15e79e0b-a28f-4a98-99e1-aed18379cb8e/datanode-2/data/ratis/31a891bf-d74e-417a-9d39-c80dd7b1cd18/sm/snapshot.1_3 time:13
2019-10-28 08:19:56,430 [c538bdf1-684e-4089-9cc6-6fa0b44fa7c7@group-7339E3098941-StateMachineUpdater] INFO  ratis.ContainerStateMachine (ContainerStateMachine.java:takeSnapshot(305)) - group-7339E3098941: Finished taking a snapshot at:(t:1, i:10) file:/workdir/hadoop-ozone/integration-test/target/test-dir/MiniOzoneClusterImpl-15e79e0b-a28f-4a98-99e1-aed18379cb8e/datanode-5/data/ratis/66c16d5b-b617-4d7e-9075-7339e3098941/sm/snapshot.1_10 time:13
2019-10-28 08:19:56,430 [442f1a8c-01a9-4abf-8c25-ed2da4cb70e7@group-C80DD7B1CD18-StateMachineUpdater] INFO  impl.StateMachineUpdater (StateMachineUpdater.java:takeSnapshot(269)) - 442f1a8c-01a9-4abf-8c25-ed2da4cb70e7@group-C80DD7B1CD18-StateMachineUpdater: Took a snapshot at index 3
2019-10-28 08:19:56,430 [442f1a8c-01a9-4abf-8c25-ed2da4cb70e7@group-C80DD7B1CD18-StateMachineUpdater] INFO  impl.StateMachineUpdater (StateMachineUpdater.java:lambda$new$0(84)) - 442f1a8c-01a9-4abf-8c25-ed2da4cb70e7@group-C80DD7B1CD18-StateMachineUpdater: snapshotIndex: updateIncreasingly 3 -> 3
2019-10-28 08:19:56,430 [c538bdf1-684e-4089-9cc6-6fa0b44fa7c7@group-7339E3098941-StateMachineUpdater] INFO  impl.StateMachineUpdater (StateMachineUpdater.java:takeSnapshot(269)) - c538bdf1-684e-4089-9cc6-6fa0b44fa7c7@group-7339E3098941-StateMachineUpdater: Took a snapshot at index 10
2019-10-28 08:19:56,430 [c538bdf1-684e-4089-9cc6-6fa0b44fa7c7@group-7339E3098941-StateMachineUpdater] INFO  impl.StateMachineUpdater (StateMachineUpdater.java:lambda$new$0(84)) - c538bdf1-684e-4089-9cc6-6fa0b44fa7c7@group-7339E3098941-StateMachineUpdater: snapshotIndex: updateIncreasingly 10 -> 10
2019-10-28 08:19:56,430 [ForkJoinPool.commonPool-worker-1] INFO  impl.RaftServerImpl (ServerState.java:close(387)) - 442f1a8c-01a9-4abf-8c25-ed2da4cb70e7@group-C80DD7B1CD18: closes. applyIndex: 4
2019-10-28 08:19:56,431 [main] INFO  impl.RaftServerImpl (ServerState.java:close(387)) - c538bdf1-684e-4089-9cc6-6fa0b44fa7c7@group-7339E3098941: closes. applyIndex: 11
2019-10-28 08:19:56,431 [442f1a8c-01a9-4abf-8c25-ed2da4cb70e7@group-C80DD7B1CD18-SegmentedRaftLogWorker] INFO  segmented.SegmentedRaftLogWorker (SegmentedRaftLogWorker.java:run(316)) - 442f1a8c-01a9-4abf-8c25-ed2da4cb70e7@group-C80DD7B1CD18-SegmentedRaftLogWorker was interrupted, exiting. There are 0 tasks remaining in the queue.
2019-10-28 08:19:56,431 [c538bdf1-684e-4089-9cc6-6fa0b44fa7c7@group-7339E3098941-SegmentedRaftLogWorker] INFO  segmented.SegmentedRaftLogWorker (SegmentedRaftLogWorker.java:run(316)) - c538bdf1-684e-4089-9cc6-6fa0b44fa7c7@group-7339E3098941-SegmentedRaftLogWorker was interrupted, exiting. There are 0 tasks remaining in the queue.
2019-10-28 08:19:56,434 [ForkJoinPool.commonPool-worker-1] INFO  segmented.SegmentedRaftLogWorker (SegmentedRaftLogWorker.java:close(224)) - 442f1a8c-01a9-4abf-8c25-ed2da4cb70e7@group-C80DD7B1CD18-SegmentedRaftLogWorker close()
2019-10-28 08:19:56,437 [main] INFO  segmented.SegmentedRaftLogWorker (SegmentedRaftLogWorker.java:close(224)) - c538bdf1-684e-4089-9cc6-6fa0b44fa7c7@group-7339E3098941-SegmentedRaftLogWorker close()
2019-10-28 08:19:56,441 [ForkJoinPool.commonPool-worker-1] INFO  server.GrpcService (GrpcService.java:closeImpl(164)) - 442f1a8c-01a9-4abf-8c25-ed2da4cb70e7: shutdown server with port 39138 now
2019-10-28 08:19:56,446 [main] INFO  server.GrpcService (GrpcService.java:closeImpl(164)) - c538bdf1-684e-4089-9cc6-6fa0b44fa7c7: shutdown server with port 38247 now
2019-10-28 08:19:56,446 [main] INFO  server.GrpcService (GrpcService.java:closeImpl(172)) - c538bdf1-684e-4089-9cc6-6fa0b44fa7c7: shutdown server with port 38247 successfully
2019-10-28 08:19:56,446 [grpc-default-executor-10] WARN  server.GrpcServerProtocolService (LogUtils.java:warn(134)) - 442f1a8c-01a9-4abf-8c25-ed2da4cb70e7: installSnapshot onError, lastRequest: 00d59604-869a-42b3-a19c-0cd76ca30d07->442f1a8c-01a9-4abf-8c25-ed2da4cb70e7#65-t1, previous=(t:1, i:4), leaderCommit=4, initializing? false, entries: <empty>: org.apache.ratis.thirdparty.io.grpc.StatusRuntimeException: CANCELLED: cancelled before receiving half close
2019-10-28 08:19:56,446 [ForkJoinPool.commonPool-worker-1] INFO  server.GrpcService (GrpcService.java:closeImpl(172)) - 442f1a8c-01a9-4abf-8c25-ed2da4cb70e7: shutdown server with port 39138 successfully
2019-10-28 08:19:56,446 [grpc-default-executor-9] WARN  server.GrpcLogAppender (LogUtils.java:warn(134)) - 00d59604-869a-42b3-a19c-0cd76ca30d07@group-C80DD7B1CD18->442f1a8c-01a9-4abf-8c25-ed2da4cb70e7-AppendLogResponseHandler: Failed appendEntries: org.apache.ratis.thirdparty.io.grpc.StatusRuntimeException: CANCELLED: HTTP/2 error code: CANCEL
Received Rst Stream
2019-10-28 08:19:56,447 [grpc-default-executor-9] INFO  impl.FollowerInfo (FollowerInfo.java:lambda$new$0(51)) - 00d59604-869a-42b3-a19c-0cd76ca30d07@group-C80DD7B1CD18->442f1a8c-01a9-4abf-8c25-ed2da4cb70e7: nextIndex: updateUnconditionally 5 -> 4
2019-10-28 08:19:56,450 [refreshUsed-/workdir/hadoop-ozone/integration-test/target/test-dir/MiniOzoneClusterImpl-15e79e0b-a28f-4a98-99e1-aed18379cb8e/datanode-2/data/containers] WARN  fs.CachingGetSpaceUsed (CachingGetSpaceUsed.java:run(183)) - Thread Interrupted waiting to refresh disk information: sleep interrupted
2019-10-28 08:19:56,454 [refreshUsed-/workdir/hadoop-ozone/integration-test/target/test-dir/MiniOzoneClusterImpl-15e79e0b-a28f-4a98-99e1-aed18379cb8e/datanode-5/data/containers] WARN  fs.CachingGetSpaceUsed (CachingGetSpaceUsed.java:run(183)) - Thread Interrupted waiting to refresh disk information: sleep interrupted
2019-10-28 08:19:56,471 [ForkJoinPool.commonPool-worker-1] INFO  utils.BackgroundService (BackgroundService.java:shutdown(151)) - Shutting down service BlockDeletingService
2019-10-28 08:19:56,495 [ForkJoinPool.commonPool-worker-1] INFO  statemachine.DatanodeStateMachine (DatanodeStateMachine.java:stopDaemon(395)) - Ozone container server stopped.
2019-10-28 08:19:56,498 [main] INFO  utils.BackgroundService (BackgroundService.java:shutdown(151)) - Shutting down service BlockDeletingService
2019-10-28 08:19:56,500 [main] INFO  statemachine.DatanodeStateMachine (DatanodeStateMachine.java:stopDaemon(395)) - Ozone container server stopped.
2019-10-28 08:19:56,502 [ForkJoinPool.commonPool-worker-1] INFO  handler.ContextHandler (ContextHandler.java:doStop(910)) - Stopped o.e.j.w.WebAppContext@448ade1{/,null,UNAVAILABLE}{/hddsDatanode}
2019-10-28 08:19:56,503 [main] INFO  handler.ContextHandler (ContextHandler.java:doStop(910)) - Stopped o.e.j.w.WebAppContext@15a8cebd{/,null,UNAVAILABLE}{/hddsDatanode}
2019-10-28 08:19:56,503 [ForkJoinPool.commonPool-worker-1] INFO  server.AbstractConnector (AbstractConnector.java:doStop(318)) - Stopped ServerConnector@21f9c6ea{HTTP/1.1,[http/1.1]}{0.0.0.0:0}
2019-10-28 08:19:56,505 [ForkJoinPool.commonPool-worker-1] INFO  handler.ContextHandler (ContextHandler.java:doStop(910)) - Stopped o.e.j.s.ServletContextHandler@718989fa{/static,jar:file:/home/user/.m2/repository/org/apache/hadoop/hadoop-hdds-container-service/0.5.0-SNAPSHOT/hadoop-hdds-container-service-0.5.0-SNAPSHOT.jar!/webapps/static,UNAVAILABLE}
2019-10-28 08:19:56,505 [main] INFO  server.AbstractConnector (AbstractConnector.java:doStop(318)) - Stopped ServerConnector@3f6c2763{HTTP/1.1,[http/1.1]}{0.0.0.0:0}
2019-10-28 08:19:56,507 [ForkJoinPool.commonPool-worker-1] INFO  handler.ContextHandler (ContextHandler.java:doStop(910)) - Stopped o.e.j.s.ServletContextHandler@35d7386b{/logs,file:///workdir/hadoop-ozone/integration-test/target/log,UNAVAILABLE}
2019-10-28 08:19:56,507 [main] INFO  handler.ContextHandler (ContextHandler.java:doStop(910)) - Stopped o.e.j.s.ServletContextHandler@a316f6b{/static,jar:file:/home/user/.m2/repository/org/apache/hadoop/hadoop-hdds-container-service/0.5.0-SNAPSHOT/hadoop-hdds-container-service-0.5.0-SNAPSHOT.jar!/webapps/static,UNAVAILABLE}
2019-10-28 08:19:56,508 [main] INFO  handler.ContextHandler (ContextHandler.java:doStop(910)) - Stopped o.e.j.s.ServletContextHandler@33d230ce{/logs,file:///workdir/hadoop-ozone/integration-test/target/log,UNAVAILABLE}
2019-10-28 08:19:56,771 [Datanode State Machine Thread - 0] INFO  statemachine.DatanodeStateMachine (DatanodeStateMachine.java:lambda$startDaemon$0(350)) - Ozone container server started.
2019-10-28 08:19:56,793 [grpc-default-executor-1] WARN  server.GrpcLogAppender (LogUtils.java:warn(134)) - 00d59604-869a-42b3-a19c-0cd76ca30d07@group-C80DD7B1CD18->442f1a8c-01a9-4abf-8c25-ed2da4cb70e7-AppendLogResponseHandler: Failed appendEntries: org.apache.ratis.thirdparty.io.grpc.StatusRuntimeException: UNAVAILABLE: io exception
2019-10-28 08:19:56,793 [grpc-default-executor-1] INFO  impl.FollowerInfo (FollowerInfo.java:lambda$new$0(51)) - 00d59604-869a-42b3-a19c-0cd76ca30d07@group-C80DD7B1CD18->442f1a8c-01a9-4abf-8c25-ed2da4cb70e7: nextIndex: updateUnconditionally 4 -> 3
2019-10-28 08:19:57,109 [Datanode State Machine Thread - 0] INFO  statemachine.DatanodeStateMachine (DatanodeStateMachine.java:lambda$startDaemon$0(350)) - Ozone container server started.
2019-10-28 08:19:57,293 [grpc-default-executor-10] WARN  server.GrpcLogAppender (LogUtils.java:warn(134)) - 00d59604-869a-42b3-a19c-0cd76ca30d07@group-C80DD7B1CD18->442f1a8c-01a9-4abf-8c25-ed2da4cb70e7-AppendLogResponseHandler: Failed appendEntries: org.apache.ratis.thirdparty.io.grpc.StatusRuntimeException: UNAVAILABLE: io exception
2019-10-28 08:19:57,294 [grpc-default-executor-10] INFO  impl.FollowerInfo (FollowerInfo.java:lambda$new$0(51)) - 00d59604-869a-42b3-a19c-0cd76ca30d07@group-C80DD7B1CD18->442f1a8c-01a9-4abf-8c25-ed2da4cb70e7: nextIndex: updateUnconditionally 3 -> 2
2019-10-28 08:19:57,418 [Thread-4211] INFO  client.GrpcClientProtocolService (GrpcClientProtocolService.java:lambda$processClientRequest$0(278)) - Failed RaftClientRequest:client-252185C0AF4F->491ad50e-3375-4589-a02d-0269379b43b4@group-7339E3098941, cid=134, seq=0, Watch-ALL_COMMITTED(8), Message:<EMPTY>, reply=RaftClientReply:client-252185C0AF4F->491ad50e-3375-4589-a02d-0269379b43b4@group-7339E3098941, cid=134, FAILED org.apache.ratis.protocol.NotLeaderException: Server 491ad50e-3375-4589-a02d-0269379b43b4@group-7339E3098941 is not the leader c538bdf1-684e-4089-9cc6-6fa0b44fa7c7:192.168.34.22:38247, logIndex=0, commits[491ad50e-3375-4589-a02d-0269379b43b4:c11, 931f47be-92fd-4e78-8b74-097dddc5e38b:c4, c538bdf1-684e-4089-9cc6-6fa0b44fa7c7:c11]
2019-10-28 08:19:57,419 [Thread-4212] INFO  client.GrpcClientProtocolService (GrpcClientProtocolService.java:lambda$processClientRequest$0(278)) - Failed RaftClientRequest:client-252185C0AF4F->491ad50e-3375-4589-a02d-0269379b43b4@group-7339E3098941, cid=132, seq=0, Watch-ALL_COMMITTED(6), Message:<EMPTY>, reply=RaftClientReply:client-252185C0AF4F->491ad50e-3375-4589-a02d-0269379b43b4@group-7339E3098941, cid=132, FAILED org.apache.ratis.protocol.NotLeaderException: Server 491ad50e-3375-4589-a02d-0269379b43b4@group-7339E3098941 is not the leader c538bdf1-684e-4089-9cc6-6fa0b44fa7c7:192.168.34.22:38247, logIndex=0, commits[491ad50e-3375-4589-a02d-0269379b43b4:c11, 931f47be-92fd-4e78-8b74-097dddc5e38b:c4, c538bdf1-684e-4089-9cc6-6fa0b44fa7c7:c11]
2019-10-28 08:19:57,793 [grpc-default-executor-9] WARN  server.GrpcLogAppender (LogUtils.java:warn(134)) - 00d59604-869a-42b3-a19c-0cd76ca30d07@group-C80DD7B1CD18->442f1a8c-01a9-4abf-8c25-ed2da4cb70e7-AppendLogResponseHandler: Failed appendEntries: org.apache.ratis.thirdparty.io.grpc.StatusRuntimeException: UNAVAILABLE: io exception
2019-10-28 08:19:57,794 [grpc-default-executor-9] INFO  impl.FollowerInfo (FollowerInfo.java:lambda$new$0(51)) - 00d59604-869a-42b3-a19c-0cd76ca30d07@group-C80DD7B1CD18->442f1a8c-01a9-4abf-8c25-ed2da4cb70e7: nextIndex: updateUnconditionally 2 -> 1
2019-10-28 08:19:58,161 [Thread-3813] INFO  impl.FollowerState (FollowerState.java:run(108)) - 491ad50e-3375-4589-a02d-0269379b43b4@group-7339E3098941-FollowerState: change to CANDIDATE, lastRpcTime:2051ms, electionTimeout:1114ms
2019-10-28 08:19:58,162 [Thread-3813] INFO  impl.RoleInfo (RoleInfo.java:shutdownFollowerState(121)) - 491ad50e-3375-4589-a02d-0269379b43b4: shutdown FollowerState
2019-10-28 08:19:58,162 [Thread-3813] INFO  impl.RaftServerImpl (RaftServerImpl.java:setRole(170)) - 491ad50e-3375-4589-a02d-0269379b43b4@group-7339E3098941: changes role from  FOLLOWER to CANDIDATE at term 1 for changeToCandidate
2019-10-28 08:19:58,163 [Thread-3813] INFO  impl.RoleInfo (RoleInfo.java:updateAndGet(143)) - 491ad50e-3375-4589-a02d-0269379b43b4: start LeaderElection
2019-10-28 08:19:58,163 [491ad50e-3375-4589-a02d-0269379b43b4@group-7339E3098941-LeaderElection153] INFO  impl.RaftServerImpl (ServerState.java:setLeader(255)) - 491ad50e-3375-4589-a02d-0269379b43b4@group-7339E3098941: change Leader from c538bdf1-684e-4089-9cc6-6fa0b44fa7c7 to null at term 1 for initElection
2019-10-28 08:19:58,178 [491ad50e-3375-4589-a02d-0269379b43b4@group-7339E3098941-LeaderElection153] INFO  impl.LeaderElection (LeaderElection.java:askForVotes(178)) - 491ad50e-3375-4589-a02d-0269379b43b4@group-7339E3098941-LeaderElection153: begin an election at term 2 for 0: [931f47be-92fd-4e78-8b74-097dddc5e38b:192.168.34.22:34284, c538bdf1-684e-4089-9cc6-6fa0b44fa7c7:192.168.34.22:38247, 491ad50e-3375-4589-a02d-0269379b43b4:192.168.34.22:34561], old=null
2019-10-28 08:19:58,180 [491ad50e-3375-4589-a02d-0269379b43b4@group-7339E3098941-LeaderElection153] INFO  impl.LeaderElection (LogUtils.java:infoOrTrace(149)) - 491ad50e-3375-4589-a02d-0269379b43b4@group-7339E3098941-LeaderElection153 got exception when requesting votes: {}
java.util.concurrent.ExecutionException: org.apache.ratis.thirdparty.io.grpc.StatusRuntimeException: UNAVAILABLE: io exception
	at java.util.concurrent.FutureTask.report(FutureTask.java:122)
	at java.util.concurrent.FutureTask.get(FutureTask.java:192)
	at org.apache.ratis.server.impl.LeaderElection.waitForResults(LeaderElection.java:259)
	at org.apache.ratis.server.impl.LeaderElection.askForVotes(LeaderElection.java:197)
	at org.apache.ratis.server.impl.LeaderElection.run(LeaderElection.java:133)
	at java.lang.Thread.run(Thread.java:748)
Caused by: org.apache.ratis.thirdparty.io.grpc.StatusRuntimeException: UNAVAILABLE: io exception
	at org.apache.ratis.thirdparty.io.grpc.stub.ClientCalls.toStatusRuntimeException(ClientCalls.java:233)
	at org.apache.ratis.thirdparty.io.grpc.stub.ClientCalls.getUnchecked(ClientCalls.java:214)
	at org.apache.ratis.thirdparty.io.grpc.stub.ClientCalls.blockingUnaryCall(ClientCalls.java:139)
	at org.apache.ratis.proto.grpc.RaftServerProtocolServiceGrpc$RaftServerProtocolServiceBlockingStub.requestVote(RaftServerProtocolServiceGrpc.java:265)
	at org.apache.ratis.grpc.server.GrpcServerProtocolClient.requestVote(GrpcServerProtocolClient.java:99)
	at org.apache.ratis.grpc.server.GrpcService.requestVote(GrpcService.java:204)
	at org.apache.ratis.server.impl.LeaderElection.lambda$submitRequests$1(LeaderElection.java:234)
	at java.util.concurrent.FutureTask.run(FutureTask.java:266)
	at java.util.concurrent.Executors$RunnableAdapter.call(Executors.java:511)
	at java.util.concurrent.FutureTask.run(FutureTask.java:266)
	at java.util.concurrent.ThreadPoolExecutor.runWorker(ThreadPoolExecutor.java:1149)
	at java.util.concurrent.ThreadPoolExecutor$Worker.run(ThreadPoolExecutor.java:624)
	... 1 more
Caused by: org.apache.ratis.thirdparty.io.netty.channel.AbstractChannel$AnnotatedConnectException: Connection refused: /192.168.34.22:34284
	at sun.nio.ch.SocketChannelImpl.checkConnect(Native Method)
	at sun.nio.ch.SocketChannelImpl.finishConnect(SocketChannelImpl.java:717)
	at org.apache.ratis.thirdparty.io.netty.channel.socket.nio.NioSocketChannel.doFinishConnect(NioSocketChannel.java:327)
	at org.apache.ratis.thirdparty.io.netty.channel.nio.AbstractNioChannel$AbstractNioUnsafe.finishConnect(AbstractNioChannel.java:340)
	at org.apache.ratis.thirdparty.io.netty.channel.nio.NioEventLoop.processSelectedKey(NioEventLoop.java:632)
	at org.apache.ratis.thirdparty.io.netty.channel.nio.NioEventLoop.processSelectedKeysOptimized(NioEventLoop.java:579)
	at org.apache.ratis.thirdparty.io.netty.channel.nio.NioEventLoop.processSelectedKeys(NioEventLoop.java:496)
	at org.apache.ratis.thirdparty.io.netty.channel.nio.NioEventLoop.run(NioEventLoop.java:458)
	at org.apache.ratis.thirdparty.io.netty.util.concurrent.SingleThreadEventExecutor$5.run(SingleThreadEventExecutor.java:897)
	at org.apache.ratis.thirdparty.io.netty.util.concurrent.FastThreadLocalRunnable.run(FastThreadLocalRunnable.java:30)
	... 1 more
Caused by: java.net.ConnectException: Connection refused
	... 11 more
2019-10-28 08:19:58,181 [491ad50e-3375-4589-a02d-0269379b43b4@group-7339E3098941-LeaderElection153] INFO  impl.LeaderElection (LogUtils.java:infoOrTrace(149)) - 491ad50e-3375-4589-a02d-0269379b43b4@group-7339E3098941-LeaderElection153 got exception when requesting votes: {}
java.util.concurrent.ExecutionException: org.apache.ratis.thirdparty.io.grpc.StatusRuntimeException: UNAVAILABLE: io exception
	at java.util.concurrent.FutureTask.report(FutureTask.java:122)
	at java.util.concurrent.FutureTask.get(FutureTask.java:192)
	at org.apache.ratis.server.impl.LeaderElection.waitForResults(LeaderElection.java:259)
	at org.apache.ratis.server.impl.LeaderElection.askForVotes(LeaderElection.java:197)
	at org.apache.ratis.server.impl.LeaderElection.run(LeaderElection.java:133)
	at java.lang.Thread.run(Thread.java:748)
Caused by: org.apache.ratis.thirdparty.io.grpc.StatusRuntimeException: UNAVAILABLE: io exception
	at org.apache.ratis.thirdparty.io.grpc.stub.ClientCalls.toStatusRuntimeException(ClientCalls.java:233)
	at org.apache.ratis.thirdparty.io.grpc.stub.ClientCalls.getUnchecked(ClientCalls.java:214)
	at org.apache.ratis.thirdparty.io.grpc.stub.ClientCalls.blockingUnaryCall(ClientCalls.java:139)
	at org.apache.ratis.proto.grpc.RaftServerProtocolServiceGrpc$RaftServerProtocolServiceBlockingStub.requestVote(RaftServerProtocolServiceGrpc.java:265)
	at org.apache.ratis.grpc.server.GrpcServerProtocolClient.requestVote(GrpcServerProtocolClient.java:99)
	at org.apache.ratis.grpc.server.GrpcService.requestVote(GrpcService.java:204)
	at org.apache.ratis.server.impl.LeaderElection.lambda$submitRequests$1(LeaderElection.java:234)
	at java.util.concurrent.FutureTask.run(FutureTask.java:266)
	at java.util.concurrent.Executors$RunnableAdapter.call(Executors.java:511)
	at java.util.concurrent.FutureTask.run(FutureTask.java:266)
	at java.util.concurrent.ThreadPoolExecutor.runWorker(ThreadPoolExecutor.java:1149)
	at java.util.concurrent.ThreadPoolExecutor$Worker.run(ThreadPoolExecutor.java:624)
	... 1 more
Caused by: org.apache.ratis.thirdparty.io.netty.channel.AbstractChannel$AnnotatedConnectException: Connection refused: /192.168.34.22:38247
	at sun.nio.ch.SocketChannelImpl.checkConnect(Native Method)
	at sun.nio.ch.SocketChannelImpl.finishConnect(SocketChannelImpl.java:717)
	at org.apache.ratis.thirdparty.io.netty.channel.socket.nio.NioSocketChannel.doFinishConnect(NioSocketChannel.java:327)
	at org.apache.ratis.thirdparty.io.netty.channel.nio.AbstractNioChannel$AbstractNioUnsafe.finishConnect(AbstractNioChannel.java:340)
	at org.apache.ratis.thirdparty.io.netty.channel.nio.NioEventLoop.processSelectedKey(NioEventLoop.java:632)
	at org.apache.ratis.thirdparty.io.netty.channel.nio.NioEventLoop.processSelectedKeysOptimized(NioEventLoop.java:579)
	at org.apache.ratis.thirdparty.io.netty.channel.nio.NioEventLoop.processSelectedKeys(NioEventLoop.java:496)
	at org.apache.ratis.thirdparty.io.netty.channel.nio.NioEventLoop.run(NioEventLoop.java:458)
	at org.apache.ratis.thirdparty.io.netty.util.concurrent.SingleThreadEventExecutor$5.run(SingleThreadEventExecutor.java:897)
	at org.apache.ratis.thirdparty.io.netty.util.concurrent.FastThreadLocalRunnable.run(FastThreadLocalRunnable.java:30)
	... 1 more
Caused by: java.net.ConnectException: Connection refused
	... 11 more
2019-10-28 08:19:58,181 [491ad50e-3375-4589-a02d-0269379b43b4@group-7339E3098941-LeaderElection153] INFO  impl.LeaderElection (LeaderElection.java:logAndReturn(56)) - 491ad50e-3375-4589-a02d-0269379b43b4@group-7339E3098941-LeaderElection153: Election REJECTED; received 0 response(s) [] and 2 exception(s); 491ad50e-3375-4589-a02d-0269379b43b4@group-7339E3098941:t2, leader=null, voted=491ad50e-3375-4589-a02d-0269379b43b4, raftlog=491ad50e-3375-4589-a02d-0269379b43b4@group-7339E3098941-SegmentedRaftLog:OPENED:c11,f11,i11, conf=0: [931f47be-92fd-4e78-8b74-097dddc5e38b:192.168.34.22:34284, c538bdf1-684e-4089-9cc6-6fa0b44fa7c7:192.168.34.22:38247, 491ad50e-3375-4589-a02d-0269379b43b4:192.168.34.22:34561], old=null
2019-10-28 08:19:58,182 [491ad50e-3375-4589-a02d-0269379b43b4@group-7339E3098941-LeaderElection153] INFO  impl.LeaderElection (LogUtils.java:infoOrTrace(149)) -   Exception 0: {}
java.util.concurrent.ExecutionException: org.apache.ratis.thirdparty.io.grpc.StatusRuntimeException: UNAVAILABLE: io exception
	at java.util.concurrent.FutureTask.report(FutureTask.java:122)
	at java.util.concurrent.FutureTask.get(FutureTask.java:192)
	at org.apache.ratis.server.impl.LeaderElection.waitForResults(LeaderElection.java:259)
	at org.apache.ratis.server.impl.LeaderElection.askForVotes(LeaderElection.java:197)
	at org.apache.ratis.server.impl.LeaderElection.run(LeaderElection.java:133)
	at java.lang.Thread.run(Thread.java:748)
Caused by: org.apache.ratis.thirdparty.io.grpc.StatusRuntimeException: UNAVAILABLE: io exception
	at org.apache.ratis.thirdparty.io.grpc.stub.ClientCalls.toStatusRuntimeException(ClientCalls.java:233)
	at org.apache.ratis.thirdparty.io.grpc.stub.ClientCalls.getUnchecked(ClientCalls.java:214)
	at org.apache.ratis.thirdparty.io.grpc.stub.ClientCalls.blockingUnaryCall(ClientCalls.java:139)
	at org.apache.ratis.proto.grpc.RaftServerProtocolServiceGrpc$RaftServerProtocolServiceBlockingStub.requestVote(RaftServerProtocolServiceGrpc.java:265)
	at org.apache.ratis.grpc.server.GrpcServerProtocolClient.requestVote(GrpcServerProtocolClient.java:99)
	at org.apache.ratis.grpc.server.GrpcService.requestVote(GrpcService.java:204)
	at org.apache.ratis.server.impl.LeaderElection.lambda$submitRequests$1(LeaderElection.java:234)
	at java.util.concurrent.FutureTask.run(FutureTask.java:266)
	at java.util.concurrent.Executors$RunnableAdapter.call(Executors.java:511)
	at java.util.concurrent.FutureTask.run(FutureTask.java:266)
	at java.util.concurrent.ThreadPoolExecutor.runWorker(ThreadPoolExecutor.java:1149)
	at java.util.concurrent.ThreadPoolExecutor$Worker.run(ThreadPoolExecutor.java:624)
	... 1 more
Caused by: org.apache.ratis.thirdparty.io.netty.channel.AbstractChannel$AnnotatedConnectException: Connection refused: /192.168.34.22:34284
	at sun.nio.ch.SocketChannelImpl.checkConnect(Native Method)
	at sun.nio.ch.SocketChannelImpl.finishConnect(SocketChannelImpl.java:717)
	at org.apache.ratis.thirdparty.io.netty.channel.socket.nio.NioSocketChannel.doFinishConnect(NioSocketChannel.java:327)
	at org.apache.ratis.thirdparty.io.netty.channel.nio.AbstractNioChannel$AbstractNioUnsafe.finishConnect(AbstractNioChannel.java:340)
	at org.apache.ratis.thirdparty.io.netty.channel.nio.NioEventLoop.processSelectedKey(NioEventLoop.java:632)
	at org.apache.ratis.thirdparty.io.netty.channel.nio.NioEventLoop.processSelectedKeysOptimized(NioEventLoop.java:579)
	at org.apache.ratis.thirdparty.io.netty.channel.nio.NioEventLoop.processSelectedKeys(NioEventLoop.java:496)
	at org.apache.ratis.thirdparty.io.netty.channel.nio.NioEventLoop.run(NioEventLoop.java:458)
	at org.apache.ratis.thirdparty.io.netty.util.concurrent.SingleThreadEventExecutor$5.run(SingleThreadEventExecutor.java:897)
	at org.apache.ratis.thirdparty.io.netty.util.concurrent.FastThreadLocalRunnable.run(FastThreadLocalRunnable.java:30)
	... 1 more
Caused by: java.net.ConnectException: Connection refused
	... 11 more
2019-10-28 08:19:58,182 [491ad50e-3375-4589-a02d-0269379b43b4@group-7339E3098941-LeaderElection153] INFO  impl.LeaderElection (LogUtils.java:infoOrTrace(149)) -   Exception 1: {}
java.util.concurrent.ExecutionException: org.apache.ratis.thirdparty.io.grpc.StatusRuntimeException: UNAVAILABLE: io exception
	at java.util.concurrent.FutureTask.report(FutureTask.java:122)
	at java.util.concurrent.FutureTask.get(FutureTask.java:192)
	at org.apache.ratis.server.impl.LeaderElection.waitForResults(LeaderElection.java:259)
	at org.apache.ratis.server.impl.LeaderElection.askForVotes(LeaderElection.java:197)
	at org.apache.ratis.server.impl.LeaderElection.run(LeaderElection.java:133)
	at java.lang.Thread.run(Thread.java:748)
Caused by: org.apache.ratis.thirdparty.io.grpc.StatusRuntimeException: UNAVAILABLE: io exception
	at org.apache.ratis.thirdparty.io.grpc.stub.ClientCalls.toStatusRuntimeException(ClientCalls.java:233)
	at org.apache.ratis.thirdparty.io.grpc.stub.ClientCalls.getUnchecked(ClientCalls.java:214)
	at org.apache.ratis.thirdparty.io.grpc.stub.ClientCalls.blockingUnaryCall(ClientCalls.java:139)
	at org.apache.ratis.proto.grpc.RaftServerProtocolServiceGrpc$RaftServerProtocolServiceBlockingStub.requestVote(RaftServerProtocolServiceGrpc.java:265)
	at org.apache.ratis.grpc.server.GrpcServerProtocolClient.requestVote(GrpcServerProtocolClient.java:99)
	at org.apache.ratis.grpc.server.GrpcService.requestVote(GrpcService.java:204)
	at org.apache.ratis.server.impl.LeaderElection.lambda$submitRequests$1(LeaderElection.java:234)
	at java.util.concurrent.FutureTask.run(FutureTask.java:266)
	at java.util.concurrent.Executors$RunnableAdapter.call(Executors.java:511)
	at java.util.concurrent.FutureTask.run(FutureTask.java:266)
	at java.util.concurrent.ThreadPoolExecutor.runWorker(ThreadPoolExecutor.java:1149)
	at java.util.concurrent.ThreadPoolExecutor$Worker.run(ThreadPoolExecutor.java:624)
	... 1 more
Caused by: org.apache.ratis.thirdparty.io.netty.channel.AbstractChannel$AnnotatedConnectException: Connection refused: /192.168.34.22:38247
	at sun.nio.ch.SocketChannelImpl.checkConnect(Native Method)
	at sun.nio.ch.SocketChannelImpl.finishConnect(SocketChannelImpl.java:717)
	at org.apache.ratis.thirdparty.io.netty.channel.socket.nio.NioSocketChannel.doFinishConnect(NioSocketChannel.java:327)
	at org.apache.ratis.thirdparty.io.netty.channel.nio.AbstractNioChannel$AbstractNioUnsafe.finishConnect(AbstractNioChannel.java:340)
	at org.apache.ratis.thirdparty.io.netty.channel.nio.NioEventLoop.processSelectedKey(NioEventLoop.java:632)
	at org.apache.ratis.thirdparty.io.netty.channel.nio.NioEventLoop.processSelectedKeysOptimized(NioEventLoop.java:579)
	at org.apache.ratis.thirdparty.io.netty.channel.nio.NioEventLoop.processSelectedKeys(NioEventLoop.java:496)
	at org.apache.ratis.thirdparty.io.netty.channel.nio.NioEventLoop.run(NioEventLoop.java:458)
	at org.apache.ratis.thirdparty.io.netty.util.concurrent.SingleThreadEventExecutor$5.run(SingleThreadEventExecutor.java:897)
	at org.apache.ratis.thirdparty.io.netty.util.concurrent.FastThreadLocalRunnable.run(FastThreadLocalRunnable.java:30)
	... 1 more
Caused by: java.net.ConnectException: Connection refused
	... 11 more
2019-10-28 08:19:58,182 [491ad50e-3375-4589-a02d-0269379b43b4@group-7339E3098941-LeaderElection153] INFO  impl.RaftServerImpl (RaftServerImpl.java:setRole(170)) - 491ad50e-3375-4589-a02d-0269379b43b4@group-7339E3098941: changes role from CANDIDATE to FOLLOWER at term 2 for DISCOVERED_A_NEW_TERM
2019-10-28 08:19:58,182 [491ad50e-3375-4589-a02d-0269379b43b4@group-7339E3098941-LeaderElection153] INFO  impl.RoleInfo (RoleInfo.java:shutdownLeaderElection(134)) - 491ad50e-3375-4589-a02d-0269379b43b4: shutdown LeaderElection
2019-10-28 08:19:58,182 [491ad50e-3375-4589-a02d-0269379b43b4@group-7339E3098941-LeaderElection153] INFO  impl.RoleInfo (RoleInfo.java:updateAndGet(143)) - 491ad50e-3375-4589-a02d-0269379b43b4: start FollowerState
2019-10-28 08:19:58,294 [grpc-default-executor-10] WARN  server.GrpcLogAppender (LogUtils.java:warn(134)) - 00d59604-869a-42b3-a19c-0cd76ca30d07@group-C80DD7B1CD18->442f1a8c-01a9-4abf-8c25-ed2da4cb70e7-AppendLogResponseHandler: Failed appendEntries: org.apache.ratis.thirdparty.io.grpc.StatusRuntimeException: UNAVAILABLE: io exception
2019-10-28 08:19:58,294 [grpc-default-executor-10] INFO  impl.FollowerInfo (FollowerInfo.java:lambda$new$0(51)) - 00d59604-869a-42b3-a19c-0cd76ca30d07@group-C80DD7B1CD18->442f1a8c-01a9-4abf-8c25-ed2da4cb70e7: nextIndex: updateUnconditionally 1 -> 0
2019-10-28 08:19:58,453 [Thread-4229] INFO  client.GrpcClientProtocolService (GrpcClientProtocolService.java:lambda$processClientRequest$0(278)) - Failed RaftClientRequest:client-252185C0AF4F->491ad50e-3375-4589-a02d-0269379b43b4@group-7339E3098941, cid=132, seq=0, Watch-ALL_COMMITTED(6), Message:<EMPTY>, reply=RaftClientReply:client-252185C0AF4F->491ad50e-3375-4589-a02d-0269379b43b4@group-7339E3098941, cid=132, FAILED org.apache.ratis.protocol.NotLeaderException: Server 491ad50e-3375-4589-a02d-0269379b43b4@group-7339E3098941 is not the leader, logIndex=0, commits[491ad50e-3375-4589-a02d-0269379b43b4:c11, 931f47be-92fd-4e78-8b74-097dddc5e38b:c4, c538bdf1-684e-4089-9cc6-6fa0b44fa7c7:c11]
2019-10-28 08:19:58,456 [Thread-4230] INFO  client.GrpcClientProtocolService (GrpcClientProtocolService.java:lambda$processClientRequest$0(278)) - Failed RaftClientRequest:client-252185C0AF4F->491ad50e-3375-4589-a02d-0269379b43b4@group-7339E3098941, cid=134, seq=0, Watch-ALL_COMMITTED(8), Message:<EMPTY>, reply=RaftClientReply:client-252185C0AF4F->491ad50e-3375-4589-a02d-0269379b43b4@group-7339E3098941, cid=134, FAILED org.apache.ratis.protocol.NotLeaderException: Server 491ad50e-3375-4589-a02d-0269379b43b4@group-7339E3098941 is not the leader, logIndex=0, commits[491ad50e-3375-4589-a02d-0269379b43b4:c11, 931f47be-92fd-4e78-8b74-097dddc5e38b:c4, c538bdf1-684e-4089-9cc6-6fa0b44fa7c7:c11]
2019-10-28 08:19:58,794 [grpc-default-executor-9] WARN  server.GrpcLogAppender (LogUtils.java:warn(134)) - 00d59604-869a-42b3-a19c-0cd76ca30d07@group-C80DD7B1CD18->442f1a8c-01a9-4abf-8c25-ed2da4cb70e7-AppendLogResponseHandler: Failed appendEntries: org.apache.ratis.thirdparty.io.grpc.StatusRuntimeException: UNAVAILABLE: io exception
2019-10-28 08:19:58,795 [grpc-default-executor-9] INFO  impl.FollowerInfo (FollowerInfo.java:lambda$new$0(51)) - 00d59604-869a-42b3-a19c-0cd76ca30d07@group-C80DD7B1CD18->442f1a8c-01a9-4abf-8c25-ed2da4cb70e7: nextIndex: updateUnconditionally 0 -> 0
2019-10-28 08:19:59,248 [Thread-4224] INFO  impl.FollowerState (FollowerState.java:run(108)) - 491ad50e-3375-4589-a02d-0269379b43b4@group-7339E3098941-FollowerState: change to CANDIDATE, lastRpcTime:1065ms, electionTimeout:1065ms
2019-10-28 08:19:59,248 [Thread-4224] INFO  impl.RoleInfo (RoleInfo.java:shutdownFollowerState(121)) - 491ad50e-3375-4589-a02d-0269379b43b4: shutdown FollowerState
2019-10-28 08:19:59,248 [Thread-4224] INFO  impl.RaftServerImpl (RaftServerImpl.java:setRole(170)) - 491ad50e-3375-4589-a02d-0269379b43b4@group-7339E3098941: changes role from  FOLLOWER to CANDIDATE at term 2 for changeToCandidate
2019-10-28 08:19:59,249 [Thread-4224] INFO  impl.RoleInfo (RoleInfo.java:updateAndGet(143)) - 491ad50e-3375-4589-a02d-0269379b43b4: start LeaderElection
2019-10-28 08:19:59,263 [491ad50e-3375-4589-a02d-0269379b43b4@group-7339E3098941-LeaderElection154] INFO  impl.LeaderElection (LeaderElection.java:askForVotes(178)) - 491ad50e-3375-4589-a02d-0269379b43b4@group-7339E3098941-LeaderElection154: begin an election at term 3 for 0: [931f47be-92fd-4e78-8b74-097dddc5e38b:192.168.34.22:34284, c538bdf1-684e-4089-9cc6-6fa0b44fa7c7:192.168.34.22:38247, 491ad50e-3375-4589-a02d-0269379b43b4:192.168.34.22:34561], old=null
2019-10-28 08:19:59,264 [491ad50e-3375-4589-a02d-0269379b43b4@group-7339E3098941-LeaderElection154] INFO  impl.LeaderElection (LogUtils.java:infoOrTrace(149)) - 491ad50e-3375-4589-a02d-0269379b43b4@group-7339E3098941-LeaderElection154 got exception when requesting votes: {}
java.util.concurrent.ExecutionException: org.apache.ratis.thirdparty.io.grpc.StatusRuntimeException: UNAVAILABLE: io exception
	at java.util.concurrent.FutureTask.report(FutureTask.java:122)
	at java.util.concurrent.FutureTask.get(FutureTask.java:192)
	at org.apache.ratis.server.impl.LeaderElection.waitForResults(LeaderElection.java:259)
	at org.apache.ratis.server.impl.LeaderElection.askForVotes(LeaderElection.java:197)
	at org.apache.ratis.server.impl.LeaderElection.run(LeaderElection.java:133)
	at java.lang.Thread.run(Thread.java:748)
Caused by: org.apache.ratis.thirdparty.io.grpc.StatusRuntimeException: UNAVAILABLE: io exception
	at org.apache.ratis.thirdparty.io.grpc.stub.ClientCalls.toStatusRuntimeException(ClientCalls.java:233)
	at org.apache.ratis.thirdparty.io.grpc.stub.ClientCalls.getUnchecked(ClientCalls.java:214)
	at org.apache.ratis.thirdparty.io.grpc.stub.ClientCalls.blockingUnaryCall(ClientCalls.java:139)
	at org.apache.ratis.proto.grpc.RaftServerProtocolServiceGrpc$RaftServerProtocolServiceBlockingStub.requestVote(RaftServerProtocolServiceGrpc.java:265)
	at org.apache.ratis.grpc.server.GrpcServerProtocolClient.requestVote(GrpcServerProtocolClient.java:99)
	at org.apache.ratis.grpc.server.GrpcService.requestVote(GrpcService.java:204)
	at org.apache.ratis.server.impl.LeaderElection.lambda$submitRequests$1(LeaderElection.java:234)
	at java.util.concurrent.FutureTask.run(FutureTask.java:266)
	at java.util.concurrent.Executors$RunnableAdapter.call(Executors.java:511)
	at java.util.concurrent.FutureTask.run(FutureTask.java:266)
	at java.util.concurrent.ThreadPoolExecutor.runWorker(ThreadPoolExecutor.java:1149)
	at java.util.concurrent.ThreadPoolExecutor$Worker.run(ThreadPoolExecutor.java:624)
	... 1 more
Caused by: org.apache.ratis.thirdparty.io.netty.channel.AbstractChannel$AnnotatedConnectException: Connection refused: /192.168.34.22:38247
	at sun.nio.ch.SocketChannelImpl.checkConnect(Native Method)
	at sun.nio.ch.SocketChannelImpl.finishConnect(SocketChannelImpl.java:717)
	at org.apache.ratis.thirdparty.io.netty.channel.socket.nio.NioSocketChannel.doFinishConnect(NioSocketChannel.java:327)
	at org.apache.ratis.thirdparty.io.netty.channel.nio.AbstractNioChannel$AbstractNioUnsafe.finishConnect(AbstractNioChannel.java:340)
	at org.apache.ratis.thirdparty.io.netty.channel.nio.NioEventLoop.processSelectedKey(NioEventLoop.java:632)
	at org.apache.ratis.thirdparty.io.netty.channel.nio.NioEventLoop.processSelectedKeysOptimized(NioEventLoop.java:579)
	at org.apache.ratis.thirdparty.io.netty.channel.nio.NioEventLoop.processSelectedKeys(NioEventLoop.java:496)
	at org.apache.ratis.thirdparty.io.netty.channel.nio.NioEventLoop.run(NioEventLoop.java:458)
	at org.apache.ratis.thirdparty.io.netty.util.concurrent.SingleThreadEventExecutor$5.run(SingleThreadEventExecutor.java:897)
	at org.apache.ratis.thirdparty.io.netty.util.concurrent.FastThreadLocalRunnable.run(FastThreadLocalRunnable.java:30)
	... 1 more
Caused by: java.net.ConnectException: Connection refused
	... 11 more
2019-10-28 08:19:59,264 [491ad50e-3375-4589-a02d-0269379b43b4@group-7339E3098941-LeaderElection154] INFO  impl.LeaderElection (LogUtils.java:infoOrTrace(149)) - 491ad50e-3375-4589-a02d-0269379b43b4@group-7339E3098941-LeaderElection154 got exception when requesting votes: {}
java.util.concurrent.ExecutionException: org.apache.ratis.thirdparty.io.grpc.StatusRuntimeException: UNAVAILABLE: io exception
	at java.util.concurrent.FutureTask.report(FutureTask.java:122)
	at java.util.concurrent.FutureTask.get(FutureTask.java:192)
	at org.apache.ratis.server.impl.LeaderElection.waitForResults(LeaderElection.java:259)
	at org.apache.ratis.server.impl.LeaderElection.askForVotes(LeaderElection.java:197)
	at org.apache.ratis.server.impl.LeaderElection.run(LeaderElection.java:133)
	at java.lang.Thread.run(Thread.java:748)
Caused by: org.apache.ratis.thirdparty.io.grpc.StatusRuntimeException: UNAVAILABLE: io exception
	at org.apache.ratis.thirdparty.io.grpc.stub.ClientCalls.toStatusRuntimeException(ClientCalls.java:233)
	at org.apache.ratis.thirdparty.io.grpc.stub.ClientCalls.getUnchecked(ClientCalls.java:214)
	at org.apache.ratis.thirdparty.io.grpc.stub.ClientCalls.blockingUnaryCall(ClientCalls.java:139)
	at org.apache.ratis.proto.grpc.RaftServerProtocolServiceGrpc$RaftServerProtocolServiceBlockingStub.requestVote(RaftServerProtocolServiceGrpc.java:265)
	at org.apache.ratis.grpc.server.GrpcServerProtocolClient.requestVote(GrpcServerProtocolClient.java:99)
	at org.apache.ratis.grpc.server.GrpcService.requestVote(GrpcService.java:204)
	at org.apache.ratis.server.impl.LeaderElection.lambda$submitRequests$1(LeaderElection.java:234)
	at java.util.concurrent.FutureTask.run(FutureTask.java:266)
	at java.util.concurrent.Executors$RunnableAdapter.call(Executors.java:511)
	at java.util.concurrent.FutureTask.run(FutureTask.java:266)
	at java.util.concurrent.ThreadPoolExecutor.runWorker(ThreadPoolExecutor.java:1149)
	at java.util.concurrent.ThreadPoolExecutor$Worker.run(ThreadPoolExecutor.java:624)
	... 1 more
Caused by: org.apache.ratis.thirdparty.io.netty.channel.AbstractChannel$AnnotatedConnectException: Connection refused: /192.168.34.22:34284
	at sun.nio.ch.SocketChannelImpl.checkConnect(Native Method)
	at sun.nio.ch.SocketChannelImpl.finishConnect(SocketChannelImpl.java:717)
	at org.apache.ratis.thirdparty.io.netty.channel.socket.nio.NioSocketChannel.doFinishConnect(NioSocketChannel.java:327)
	at org.apache.ratis.thirdparty.io.netty.channel.nio.AbstractNioChannel$AbstractNioUnsafe.finishConnect(AbstractNioChannel.java:340)
	at org.apache.ratis.thirdparty.io.netty.channel.nio.NioEventLoop.processSelectedKey(NioEventLoop.java:632)
	at org.apache.ratis.thirdparty.io.netty.channel.nio.NioEventLoop.processSelectedKeysOptimized(NioEventLoop.java:579)
	at org.apache.ratis.thirdparty.io.netty.channel.nio.NioEventLoop.processSelectedKeys(NioEventLoop.java:496)
	at org.apache.ratis.thirdparty.io.netty.channel.nio.NioEventLoop.run(NioEventLoop.java:458)
	at org.apache.ratis.thirdparty.io.netty.util.concurrent.SingleThreadEventExecutor$5.run(SingleThreadEventExecutor.java:897)
	at org.apache.ratis.thirdparty.io.netty.util.concurrent.FastThreadLocalRunnable.run(FastThreadLocalRunnable.java:30)
	... 1 more
Caused by: java.net.ConnectException: Connection refused
	... 11 more
2019-10-28 08:19:59,265 [491ad50e-3375-4589-a02d-0269379b43b4@group-7339E3098941-LeaderElection154] INFO  impl.LeaderElection (LeaderElection.java:logAndReturn(56)) - 491ad50e-3375-4589-a02d-0269379b43b4@group-7339E3098941-LeaderElection154: Election REJECTED; received 0 response(s) [] and 2 exception(s); 491ad50e-3375-4589-a02d-0269379b43b4@group-7339E3098941:t3, leader=null, voted=491ad50e-3375-4589-a02d-0269379b43b4, raftlog=491ad50e-3375-4589-a02d-0269379b43b4@group-7339E3098941-SegmentedRaftLog:OPENED:c11,f11,i11, conf=0: [931f47be-92fd-4e78-8b74-097dddc5e38b:192.168.34.22:34284, c538bdf1-684e-4089-9cc6-6fa0b44fa7c7:192.168.34.22:38247, 491ad50e-3375-4589-a02d-0269379b43b4:192.168.34.22:34561], old=null
2019-10-28 08:19:59,265 [491ad50e-3375-4589-a02d-0269379b43b4@group-7339E3098941-LeaderElection154] INFO  impl.LeaderElection (LogUtils.java:infoOrTrace(149)) -   Exception 0: {}
java.util.concurrent.ExecutionException: org.apache.ratis.thirdparty.io.grpc.StatusRuntimeException: UNAVAILABLE: io exception
	at java.util.concurrent.FutureTask.report(FutureTask.java:122)
	at java.util.concurrent.FutureTask.get(FutureTask.java:192)
	at org.apache.ratis.server.impl.LeaderElection.waitForResults(LeaderElection.java:259)
	at org.apache.ratis.server.impl.LeaderElection.askForVotes(LeaderElection.java:197)
	at org.apache.ratis.server.impl.LeaderElection.run(LeaderElection.java:133)
	at java.lang.Thread.run(Thread.java:748)
Caused by: org.apache.ratis.thirdparty.io.grpc.StatusRuntimeException: UNAVAILABLE: io exception
	at org.apache.ratis.thirdparty.io.grpc.stub.ClientCalls.toStatusRuntimeException(ClientCalls.java:233)
	at org.apache.ratis.thirdparty.io.grpc.stub.ClientCalls.getUnchecked(ClientCalls.java:214)
	at org.apache.ratis.thirdparty.io.grpc.stub.ClientCalls.blockingUnaryCall(ClientCalls.java:139)
	at org.apache.ratis.proto.grpc.RaftServerProtocolServiceGrpc$RaftServerProtocolServiceBlockingStub.requestVote(RaftServerProtocolServiceGrpc.java:265)
	at org.apache.ratis.grpc.server.GrpcServerProtocolClient.requestVote(GrpcServerProtocolClient.java:99)
	at org.apache.ratis.grpc.server.GrpcService.requestVote(GrpcService.java:204)
	at org.apache.ratis.server.impl.LeaderElection.lambda$submitRequests$1(LeaderElection.java:234)
	at java.util.concurrent.FutureTask.run(FutureTask.java:266)
	at java.util.concurrent.Executors$RunnableAdapter.call(Executors.java:511)
	at java.util.concurrent.FutureTask.run(FutureTask.java:266)
	at java.util.concurrent.ThreadPoolExecutor.runWorker(ThreadPoolExecutor.java:1149)
	at java.util.concurrent.ThreadPoolExecutor$Worker.run(ThreadPoolExecutor.java:624)
	... 1 more
Caused by: org.apache.ratis.thirdparty.io.netty.channel.AbstractChannel$AnnotatedConnectException: Connection refused: /192.168.34.22:38247
	at sun.nio.ch.SocketChannelImpl.checkConnect(Native Method)
	at sun.nio.ch.SocketChannelImpl.finishConnect(SocketChannelImpl.java:717)
	at org.apache.ratis.thirdparty.io.netty.channel.socket.nio.NioSocketChannel.doFinishConnect(NioSocketChannel.java:327)
	at org.apache.ratis.thirdparty.io.netty.channel.nio.AbstractNioChannel$AbstractNioUnsafe.finishConnect(AbstractNioChannel.java:340)
	at org.apache.ratis.thirdparty.io.netty.channel.nio.NioEventLoop.processSelectedKey(NioEventLoop.java:632)
	at org.apache.ratis.thirdparty.io.netty.channel.nio.NioEventLoop.processSelectedKeysOptimized(NioEventLoop.java:579)
	at org.apache.ratis.thirdparty.io.netty.channel.nio.NioEventLoop.processSelectedKeys(NioEventLoop.java:496)
	at org.apache.ratis.thirdparty.io.netty.channel.nio.NioEventLoop.run(NioEventLoop.java:458)
	at org.apache.ratis.thirdparty.io.netty.util.concurrent.SingleThreadEventExecutor$5.run(SingleThreadEventExecutor.java:897)
	at org.apache.ratis.thirdparty.io.netty.util.concurrent.FastThreadLocalRunnable.run(FastThreadLocalRunnable.java:30)
	... 1 more
Caused by: java.net.ConnectException: Connection refused
	... 11 more
2019-10-28 08:19:59,265 [491ad50e-3375-4589-a02d-0269379b43b4@group-7339E3098941-LeaderElection154] INFO  impl.LeaderElection (LogUtils.java:infoOrTrace(149)) -   Exception 1: {}
java.util.concurrent.ExecutionException: org.apache.ratis.thirdparty.io.grpc.StatusRuntimeException: UNAVAILABLE: io exception
	at java.util.concurrent.FutureTask.report(FutureTask.java:122)
	at java.util.concurrent.FutureTask.get(FutureTask.java:192)
	at org.apache.ratis.server.impl.LeaderElection.waitForResults(LeaderElection.java:259)
	at org.apache.ratis.server.impl.LeaderElection.askForVotes(LeaderElection.java:197)
	at org.apache.ratis.server.impl.LeaderElection.run(LeaderElection.java:133)
	at java.lang.Thread.run(Thread.java:748)
Caused by: org.apache.ratis.thirdparty.io.grpc.StatusRuntimeException: UNAVAILABLE: io exception
	at org.apache.ratis.thirdparty.io.grpc.stub.ClientCalls.toStatusRuntimeException(ClientCalls.java:233)
	at org.apache.ratis.thirdparty.io.grpc.stub.ClientCalls.getUnchecked(ClientCalls.java:214)
	at org.apache.ratis.thirdparty.io.grpc.stub.ClientCalls.blockingUnaryCall(ClientCalls.java:139)
	at org.apache.ratis.proto.grpc.RaftServerProtocolServiceGrpc$RaftServerProtocolServiceBlockingStub.requestVote(RaftServerProtocolServiceGrpc.java:265)
	at org.apache.ratis.grpc.server.GrpcServerProtocolClient.requestVote(GrpcServerProtocolClient.java:99)
	at org.apache.ratis.grpc.server.GrpcService.requestVote(GrpcService.java:204)
	at org.apache.ratis.server.impl.LeaderElection.lambda$submitRequests$1(LeaderElection.java:234)
	at java.util.concurrent.FutureTask.run(FutureTask.java:266)
	at java.util.concurrent.Executors$RunnableAdapter.call(Executors.java:511)
	at java.util.concurrent.FutureTask.run(FutureTask.java:266)
	at java.util.concurrent.ThreadPoolExecutor.runWorker(ThreadPoolExecutor.java:1149)
	at java.util.concurrent.ThreadPoolExecutor$Worker.run(ThreadPoolExecutor.java:624)
	... 1 more
Caused by: org.apache.ratis.thirdparty.io.netty.channel.AbstractChannel$AnnotatedConnectException: Connection refused: /192.168.34.22:34284
	at sun.nio.ch.SocketChannelImpl.checkConnect(Native Method)
	at sun.nio.ch.SocketChannelImpl.finishConnect(SocketChannelImpl.java:717)
	at org.apache.ratis.thirdparty.io.netty.channel.socket.nio.NioSocketChannel.doFinishConnect(NioSocketChannel.java:327)
	at org.apache.ratis.thirdparty.io.netty.channel.nio.AbstractNioChannel$AbstractNioUnsafe.finishConnect(AbstractNioChannel.java:340)
	at org.apache.ratis.thirdparty.io.netty.channel.nio.NioEventLoop.processSelectedKey(NioEventLoop.java:632)
	at org.apache.ratis.thirdparty.io.netty.channel.nio.NioEventLoop.processSelectedKeysOptimized(NioEventLoop.java:579)
	at org.apache.ratis.thirdparty.io.netty.channel.nio.NioEventLoop.processSelectedKeys(NioEventLoop.java:496)
	at org.apache.ratis.thirdparty.io.netty.channel.nio.NioEventLoop.run(NioEventLoop.java:458)
	at org.apache.ratis.thirdparty.io.netty.util.concurrent.SingleThreadEventExecutor$5.run(SingleThreadEventExecutor.java:897)
	at org.apache.ratis.thirdparty.io.netty.util.concurrent.FastThreadLocalRunnable.run(FastThreadLocalRunnable.java:30)
	... 1 more
Caused by: java.net.ConnectException: Connection refused
	... 11 more
2019-10-28 08:19:59,265 [491ad50e-3375-4589-a02d-0269379b43b4@group-7339E3098941-LeaderElection154] INFO  impl.RaftServerImpl (RaftServerImpl.java:setRole(170)) - 491ad50e-3375-4589-a02d-0269379b43b4@group-7339E3098941: changes role from CANDIDATE to FOLLOWER at term 3 for DISCOVERED_A_NEW_TERM
2019-10-28 08:19:59,266 [491ad50e-3375-4589-a02d-0269379b43b4@group-7339E3098941-LeaderElection154] INFO  impl.RoleInfo (RoleInfo.java:shutdownLeaderElection(134)) - 491ad50e-3375-4589-a02d-0269379b43b4: shutdown LeaderElection
2019-10-28 08:19:59,266 [491ad50e-3375-4589-a02d-0269379b43b4@group-7339E3098941-LeaderElection154] INFO  impl.RoleInfo (RoleInfo.java:updateAndGet(143)) - 491ad50e-3375-4589-a02d-0269379b43b4: start FollowerState
2019-10-28 08:19:59,295 [grpc-default-executor-9] WARN  server.GrpcLogAppender (LogUtils.java:warn(134)) - 00d59604-869a-42b3-a19c-0cd76ca30d07@group-C80DD7B1CD18->442f1a8c-01a9-4abf-8c25-ed2da4cb70e7-AppendLogResponseHandler: Failed appendEntries: org.apache.ratis.thirdparty.io.grpc.StatusRuntimeException: UNAVAILABLE: io exception
2019-10-28 08:19:59,296 [grpc-default-executor-9] INFO  impl.FollowerInfo (FollowerInfo.java:lambda$new$0(51)) - 00d59604-869a-42b3-a19c-0cd76ca30d07@group-C80DD7B1CD18->442f1a8c-01a9-4abf-8c25-ed2da4cb70e7: nextIndex: updateUnconditionally 0 -> 0
2019-10-28 08:19:59,796 [grpc-default-executor-9] WARN  server.GrpcLogAppender (LogUtils.java:warn(134)) - 00d59604-869a-42b3-a19c-0cd76ca30d07@group-C80DD7B1CD18->442f1a8c-01a9-4abf-8c25-ed2da4cb70e7-AppendLogResponseHandler: Failed appendEntries: org.apache.ratis.thirdparty.io.grpc.StatusRuntimeException: UNAVAILABLE: io exception
2019-10-28 08:19:59,796 [grpc-default-executor-9] INFO  impl.FollowerInfo (FollowerInfo.java:lambda$new$0(51)) - 00d59604-869a-42b3-a19c-0cd76ca30d07@group-C80DD7B1CD18->442f1a8c-01a9-4abf-8c25-ed2da4cb70e7: nextIndex: updateUnconditionally 0 -> 0
2019-10-28 08:20:00,273 [Thread-4241] INFO  impl.FollowerState (FollowerState.java:run(108)) - 491ad50e-3375-4589-a02d-0269379b43b4@group-7339E3098941-FollowerState: change to CANDIDATE, lastRpcTime:1007ms, electionTimeout:1007ms
2019-10-28 08:20:00,273 [Thread-4241] INFO  impl.RoleInfo (RoleInfo.java:shutdownFollowerState(121)) - 491ad50e-3375-4589-a02d-0269379b43b4: shutdown FollowerState
2019-10-28 08:20:00,273 [Thread-4241] INFO  impl.RaftServerImpl (RaftServerImpl.java:setRole(170)) - 491ad50e-3375-4589-a02d-0269379b43b4@group-7339E3098941: changes role from  FOLLOWER to CANDIDATE at term 3 for changeToCandidate
2019-10-28 08:20:00,273 [Thread-4241] INFO  impl.RoleInfo (RoleInfo.java:updateAndGet(143)) - 491ad50e-3375-4589-a02d-0269379b43b4: start LeaderElection
2019-10-28 08:20:00,296 [491ad50e-3375-4589-a02d-0269379b43b4@group-7339E3098941-LeaderElection155] INFO  impl.LeaderElection (LeaderElection.java:askForVotes(178)) - 491ad50e-3375-4589-a02d-0269379b43b4@group-7339E3098941-LeaderElection155: begin an election at term 4 for 0: [931f47be-92fd-4e78-8b74-097dddc5e38b:192.168.34.22:34284, c538bdf1-684e-4089-9cc6-6fa0b44fa7c7:192.168.34.22:38247, 491ad50e-3375-4589-a02d-0269379b43b4:192.168.34.22:34561], old=null
2019-10-28 08:20:00,297 [grpc-default-executor-10] WARN  server.GrpcLogAppender (LogUtils.java:warn(134)) - 00d59604-869a-42b3-a19c-0cd76ca30d07@group-C80DD7B1CD18->442f1a8c-01a9-4abf-8c25-ed2da4cb70e7-AppendLogResponseHandler: Failed appendEntries: org.apache.ratis.thirdparty.io.grpc.StatusRuntimeException: UNAVAILABLE: io exception
2019-10-28 08:20:00,297 [grpc-default-executor-10] INFO  impl.FollowerInfo (FollowerInfo.java:lambda$new$0(51)) - 00d59604-869a-42b3-a19c-0cd76ca30d07@group-C80DD7B1CD18->442f1a8c-01a9-4abf-8c25-ed2da4cb70e7: nextIndex: updateUnconditionally 0 -> 0
2019-10-28 08:20:00,297 [491ad50e-3375-4589-a02d-0269379b43b4@group-7339E3098941-LeaderElection155] INFO  impl.LeaderElection (LogUtils.java:infoOrTrace(149)) - 491ad50e-3375-4589-a02d-0269379b43b4@group-7339E3098941-LeaderElection155 got exception when requesting votes: {}
java.util.concurrent.ExecutionException: org.apache.ratis.thirdparty.io.grpc.StatusRuntimeException: UNAVAILABLE: io exception
	at java.util.concurrent.FutureTask.report(FutureTask.java:122)
	at java.util.concurrent.FutureTask.get(FutureTask.java:192)
	at org.apache.ratis.server.impl.LeaderElection.waitForResults(LeaderElection.java:259)
	at org.apache.ratis.server.impl.LeaderElection.askForVotes(LeaderElection.java:197)
	at org.apache.ratis.server.impl.LeaderElection.run(LeaderElection.java:133)
	at java.lang.Thread.run(Thread.java:748)
Caused by: org.apache.ratis.thirdparty.io.grpc.StatusRuntimeException: UNAVAILABLE: io exception
	at org.apache.ratis.thirdparty.io.grpc.stub.ClientCalls.toStatusRuntimeException(ClientCalls.java:233)
	at org.apache.ratis.thirdparty.io.grpc.stub.ClientCalls.getUnchecked(ClientCalls.java:214)
	at org.apache.ratis.thirdparty.io.grpc.stub.ClientCalls.blockingUnaryCall(ClientCalls.java:139)
	at org.apache.ratis.proto.grpc.RaftServerProtocolServiceGrpc$RaftServerProtocolServiceBlockingStub.requestVote(RaftServerProtocolServiceGrpc.java:265)
	at org.apache.ratis.grpc.server.GrpcServerProtocolClient.requestVote(GrpcServerProtocolClient.java:99)
	at org.apache.ratis.grpc.server.GrpcService.requestVote(GrpcService.java:204)
	at org.apache.ratis.server.impl.LeaderElection.lambda$submitRequests$1(LeaderElection.java:234)
	at java.util.concurrent.FutureTask.run(FutureTask.java:266)
	at java.util.concurrent.Executors$RunnableAdapter.call(Executors.java:511)
	at java.util.concurrent.FutureTask.run(FutureTask.java:266)
	at java.util.concurrent.ThreadPoolExecutor.runWorker(ThreadPoolExecutor.java:1149)
	at java.util.concurrent.ThreadPoolExecutor$Worker.run(ThreadPoolExecutor.java:624)
	... 1 more
Caused by: org.apache.ratis.thirdparty.io.netty.channel.AbstractChannel$AnnotatedConnectException: Connection refused: /192.168.34.22:34284
	at sun.nio.ch.SocketChannelImpl.checkConnect(Native Method)
	at sun.nio.ch.SocketChannelImpl.finishConnect(SocketChannelImpl.java:717)
	at org.apache.ratis.thirdparty.io.netty.channel.socket.nio.NioSocketChannel.doFinishConnect(NioSocketChannel.java:327)
	at org.apache.ratis.thirdparty.io.netty.channel.nio.AbstractNioChannel$AbstractNioUnsafe.finishConnect(AbstractNioChannel.java:340)
	at org.apache.ratis.thirdparty.io.netty.channel.nio.NioEventLoop.processSelectedKey(NioEventLoop.java:632)
	at org.apache.ratis.thirdparty.io.netty.channel.nio.NioEventLoop.processSelectedKeysOptimized(NioEventLoop.java:579)
	at org.apache.ratis.thirdparty.io.netty.channel.nio.NioEventLoop.processSelectedKeys(NioEventLoop.java:496)
	at org.apache.ratis.thirdparty.io.netty.channel.nio.NioEventLoop.run(NioEventLoop.java:458)
	at org.apache.ratis.thirdparty.io.netty.util.concurrent.SingleThreadEventExecutor$5.run(SingleThreadEventExecutor.java:897)
	at org.apache.ratis.thirdparty.io.netty.util.concurrent.FastThreadLocalRunnable.run(FastThreadLocalRunnable.java:30)
	... 1 more
Caused by: java.net.ConnectException: Connection refused
	... 11 more
2019-10-28 08:20:00,298 [491ad50e-3375-4589-a02d-0269379b43b4@group-7339E3098941-LeaderElection155] INFO  impl.LeaderElection (LogUtils.java:infoOrTrace(149)) - 491ad50e-3375-4589-a02d-0269379b43b4@group-7339E3098941-LeaderElection155 got exception when requesting votes: {}
java.util.concurrent.ExecutionException: org.apache.ratis.thirdparty.io.grpc.StatusRuntimeException: UNAVAILABLE: io exception
	at java.util.concurrent.FutureTask.report(FutureTask.java:122)
	at java.util.concurrent.FutureTask.get(FutureTask.java:192)
	at org.apache.ratis.server.impl.LeaderElection.waitForResults(LeaderElection.java:259)
	at org.apache.ratis.server.impl.LeaderElection.askForVotes(LeaderElection.java:197)
	at org.apache.ratis.server.impl.LeaderElection.run(LeaderElection.java:133)
	at java.lang.Thread.run(Thread.java:748)
Caused by: org.apache.ratis.thirdparty.io.grpc.StatusRuntimeException: UNAVAILABLE: io exception
	at org.apache.ratis.thirdparty.io.grpc.stub.ClientCalls.toStatusRuntimeException(ClientCalls.java:233)
	at org.apache.ratis.thirdparty.io.grpc.stub.ClientCalls.getUnchecked(ClientCalls.java:214)
	at org.apache.ratis.thirdparty.io.grpc.stub.ClientCalls.blockingUnaryCall(ClientCalls.java:139)
	at org.apache.ratis.proto.grpc.RaftServerProtocolServiceGrpc$RaftServerProtocolServiceBlockingStub.requestVote(RaftServerProtocolServiceGrpc.java:265)
	at org.apache.ratis.grpc.server.GrpcServerProtocolClient.requestVote(GrpcServerProtocolClient.java:99)
	at org.apache.ratis.grpc.server.GrpcService.requestVote(GrpcService.java:204)
	at org.apache.ratis.server.impl.LeaderElection.lambda$submitRequests$1(LeaderElection.java:234)
	at java.util.concurrent.FutureTask.run(FutureTask.java:266)
	at java.util.concurrent.Executors$RunnableAdapter.call(Executors.java:511)
	at java.util.concurrent.FutureTask.run(FutureTask.java:266)
	at java.util.concurrent.ThreadPoolExecutor.runWorker(ThreadPoolExecutor.java:1149)
	at java.util.concurrent.ThreadPoolExecutor$Worker.run(ThreadPoolExecutor.java:624)
	... 1 more
Caused by: org.apache.ratis.thirdparty.io.netty.channel.AbstractChannel$AnnotatedConnectException: Connection refused: /192.168.34.22:38247
	at sun.nio.ch.SocketChannelImpl.checkConnect(Native Method)
	at sun.nio.ch.SocketChannelImpl.finishConnect(SocketChannelImpl.java:717)
	at org.apache.ratis.thirdparty.io.netty.channel.socket.nio.NioSocketChannel.doFinishConnect(NioSocketChannel.java:327)
	at org.apache.ratis.thirdparty.io.netty.channel.nio.AbstractNioChannel$AbstractNioUnsafe.finishConnect(AbstractNioChannel.java:340)
	at org.apache.ratis.thirdparty.io.netty.channel.nio.NioEventLoop.processSelectedKey(NioEventLoop.java:632)
	at org.apache.ratis.thirdparty.io.netty.channel.nio.NioEventLoop.processSelectedKeysOptimized(NioEventLoop.java:579)
	at org.apache.ratis.thirdparty.io.netty.channel.nio.NioEventLoop.processSelectedKeys(NioEventLoop.java:496)
	at org.apache.ratis.thirdparty.io.netty.channel.nio.NioEventLoop.run(NioEventLoop.java:458)
	at org.apache.ratis.thirdparty.io.netty.util.concurrent.SingleThreadEventExecutor$5.run(SingleThreadEventExecutor.java:897)
	at org.apache.ratis.thirdparty.io.netty.util.concurrent.FastThreadLocalRunnable.run(FastThreadLocalRunnable.java:30)
	... 1 more
Caused by: java.net.ConnectException: Connection refused
	... 11 more
2019-10-28 08:20:00,298 [491ad50e-3375-4589-a02d-0269379b43b4@group-7339E3098941-LeaderElection155] INFO  impl.LeaderElection (LeaderElection.java:logAndReturn(56)) - 491ad50e-3375-4589-a02d-0269379b43b4@group-7339E3098941-LeaderElection155: Election REJECTED; received 0 response(s) [] and 2 exception(s); 491ad50e-3375-4589-a02d-0269379b43b4@group-7339E3098941:t4, leader=null, voted=491ad50e-3375-4589-a02d-0269379b43b4, raftlog=491ad50e-3375-4589-a02d-0269379b43b4@group-7339E3098941-SegmentedRaftLog:OPENED:c11,f11,i11, conf=0: [931f47be-92fd-4e78-8b74-097dddc5e38b:192.168.34.22:34284, c538bdf1-684e-4089-9cc6-6fa0b44fa7c7:192.168.34.22:38247, 491ad50e-3375-4589-a02d-0269379b43b4:192.168.34.22:34561], old=null
2019-10-28 08:20:00,298 [491ad50e-3375-4589-a02d-0269379b43b4@group-7339E3098941-LeaderElection155] INFO  impl.LeaderElection (LogUtils.java:infoOrTrace(149)) -   Exception 0: {}
java.util.concurrent.ExecutionException: org.apache.ratis.thirdparty.io.grpc.StatusRuntimeException: UNAVAILABLE: io exception
	at java.util.concurrent.FutureTask.report(FutureTask.java:122)
	at java.util.concurrent.FutureTask.get(FutureTask.java:192)
	at org.apache.ratis.server.impl.LeaderElection.waitForResults(LeaderElection.java:259)
	at org.apache.ratis.server.impl.LeaderElection.askForVotes(LeaderElection.java:197)
	at org.apache.ratis.server.impl.LeaderElection.run(LeaderElection.java:133)
	at java.lang.Thread.run(Thread.java:748)
Caused by: org.apache.ratis.thirdparty.io.grpc.StatusRuntimeException: UNAVAILABLE: io exception
	at org.apache.ratis.thirdparty.io.grpc.stub.ClientCalls.toStatusRuntimeException(ClientCalls.java:233)
	at org.apache.ratis.thirdparty.io.grpc.stub.ClientCalls.getUnchecked(ClientCalls.java:214)
	at org.apache.ratis.thirdparty.io.grpc.stub.ClientCalls.blockingUnaryCall(ClientCalls.java:139)
	at org.apache.ratis.proto.grpc.RaftServerProtocolServiceGrpc$RaftServerProtocolServiceBlockingStub.requestVote(RaftServerProtocolServiceGrpc.java:265)
	at org.apache.ratis.grpc.server.GrpcServerProtocolClient.requestVote(GrpcServerProtocolClient.java:99)
	at org.apache.ratis.grpc.server.GrpcService.requestVote(GrpcService.java:204)
	at org.apache.ratis.server.impl.LeaderElection.lambda$submitRequests$1(LeaderElection.java:234)
	at java.util.concurrent.FutureTask.run(FutureTask.java:266)
	at java.util.concurrent.Executors$RunnableAdapter.call(Executors.java:511)
	at java.util.concurrent.FutureTask.run(FutureTask.java:266)
	at java.util.concurrent.ThreadPoolExecutor.runWorker(ThreadPoolExecutor.java:1149)
	at java.util.concurrent.ThreadPoolExecutor$Worker.run(ThreadPoolExecutor.java:624)
	... 1 more
Caused by: org.apache.ratis.thirdparty.io.netty.channel.AbstractChannel$AnnotatedConnectException: Connection refused: /192.168.34.22:34284
	at sun.nio.ch.SocketChannelImpl.checkConnect(Native Method)
	at sun.nio.ch.SocketChannelImpl.finishConnect(SocketChannelImpl.java:717)
	at org.apache.ratis.thirdparty.io.netty.channel.socket.nio.NioSocketChannel.doFinishConnect(NioSocketChannel.java:327)
	at org.apache.ratis.thirdparty.io.netty.channel.nio.AbstractNioChannel$AbstractNioUnsafe.finishConnect(AbstractNioChannel.java:340)
	at org.apache.ratis.thirdparty.io.netty.channel.nio.NioEventLoop.processSelectedKey(NioEventLoop.java:632)
	at org.apache.ratis.thirdparty.io.netty.channel.nio.NioEventLoop.processSelectedKeysOptimized(NioEventLoop.java:579)
	at org.apache.ratis.thirdparty.io.netty.channel.nio.NioEventLoop.processSelectedKeys(NioEventLoop.java:496)
	at org.apache.ratis.thirdparty.io.netty.channel.nio.NioEventLoop.run(NioEventLoop.java:458)
	at org.apache.ratis.thirdparty.io.netty.util.concurrent.SingleThreadEventExecutor$5.run(SingleThreadEventExecutor.java:897)
	at org.apache.ratis.thirdparty.io.netty.util.concurrent.FastThreadLocalRunnable.run(FastThreadLocalRunnable.java:30)
	... 1 more
Caused by: java.net.ConnectException: Connection refused
	... 11 more
2019-10-28 08:20:00,298 [491ad50e-3375-4589-a02d-0269379b43b4@group-7339E3098941-LeaderElection155] INFO  impl.LeaderElection (LogUtils.java:infoOrTrace(149)) -   Exception 1: {}
java.util.concurrent.ExecutionException: org.apache.ratis.thirdparty.io.grpc.StatusRuntimeException: UNAVAILABLE: io exception
	at java.util.concurrent.FutureTask.report(FutureTask.java:122)
	at java.util.concurrent.FutureTask.get(FutureTask.java:192)
	at org.apache.ratis.server.impl.LeaderElection.waitForResults(LeaderElection.java:259)
	at org.apache.ratis.server.impl.LeaderElection.askForVotes(LeaderElection.java:197)
	at org.apache.ratis.server.impl.LeaderElection.run(LeaderElection.java:133)
	at java.lang.Thread.run(Thread.java:748)
Caused by: org.apache.ratis.thirdparty.io.grpc.StatusRuntimeException: UNAVAILABLE: io exception
	at org.apache.ratis.thirdparty.io.grpc.stub.ClientCalls.toStatusRuntimeException(ClientCalls.java:233)
	at org.apache.ratis.thirdparty.io.grpc.stub.ClientCalls.getUnchecked(ClientCalls.java:214)
	at org.apache.ratis.thirdparty.io.grpc.stub.ClientCalls.blockingUnaryCall(ClientCalls.java:139)
	at org.apache.ratis.proto.grpc.RaftServerProtocolServiceGrpc$RaftServerProtocolServiceBlockingStub.requestVote(RaftServerProtocolServiceGrpc.java:265)
	at org.apache.ratis.grpc.server.GrpcServerProtocolClient.requestVote(GrpcServerProtocolClient.java:99)
	at org.apache.ratis.grpc.server.GrpcService.requestVote(GrpcService.java:204)
	at org.apache.ratis.server.impl.LeaderElection.lambda$submitRequests$1(LeaderElection.java:234)
	at java.util.concurrent.FutureTask.run(FutureTask.java:266)
	at java.util.concurrent.Executors$RunnableAdapter.call(Executors.java:511)
	at java.util.concurrent.FutureTask.run(FutureTask.java:266)
	at java.util.concurrent.ThreadPoolExecutor.runWorker(ThreadPoolExecutor.java:1149)
	at java.util.concurrent.ThreadPoolExecutor$Worker.run(ThreadPoolExecutor.java:624)
	... 1 more
Caused by: org.apache.ratis.thirdparty.io.netty.channel.AbstractChannel$AnnotatedConnectException: Connection refused: /192.168.34.22:38247
	at sun.nio.ch.SocketChannelImpl.checkConnect(Native Method)
	at sun.nio.ch.SocketChannelImpl.finishConnect(SocketChannelImpl.java:717)
	at org.apache.ratis.thirdparty.io.netty.channel.socket.nio.NioSocketChannel.doFinishConnect(NioSocketChannel.java:327)
	at org.apache.ratis.thirdparty.io.netty.channel.nio.AbstractNioChannel$AbstractNioUnsafe.finishConnect(AbstractNioChannel.java:340)
	at org.apache.ratis.thirdparty.io.netty.channel.nio.NioEventLoop.processSelectedKey(NioEventLoop.java:632)
	at org.apache.ratis.thirdparty.io.netty.channel.nio.NioEventLoop.processSelectedKeysOptimized(NioEventLoop.java:579)
	at org.apache.ratis.thirdparty.io.netty.channel.nio.NioEventLoop.processSelectedKeys(NioEventLoop.java:496)
	at org.apache.ratis.thirdparty.io.netty.channel.nio.NioEventLoop.run(NioEventLoop.java:458)
	at org.apache.ratis.thirdparty.io.netty.util.concurrent.SingleThreadEventExecutor$5.run(SingleThreadEventExecutor.java:897)
	at org.apache.ratis.thirdparty.io.netty.util.concurrent.FastThreadLocalRunnable.run(FastThreadLocalRunnable.java:30)
	... 1 more
Caused by: java.net.ConnectException: Connection refused
	... 11 more
2019-10-28 08:20:00,299 [491ad50e-3375-4589-a02d-0269379b43b4@group-7339E3098941-LeaderElection155] INFO  impl.RaftServerImpl (RaftServerImpl.java:setRole(170)) - 491ad50e-3375-4589-a02d-0269379b43b4@group-7339E3098941: changes role from CANDIDATE to FOLLOWER at term 4 for DISCOVERED_A_NEW_TERM
2019-10-28 08:20:00,299 [491ad50e-3375-4589-a02d-0269379b43b4@group-7339E3098941-LeaderElection155] INFO  impl.RoleInfo (RoleInfo.java:shutdownLeaderElection(134)) - 491ad50e-3375-4589-a02d-0269379b43b4: shutdown LeaderElection
2019-10-28 08:20:00,299 [491ad50e-3375-4589-a02d-0269379b43b4@group-7339E3098941-LeaderElection155] INFO  impl.RoleInfo (RoleInfo.java:updateAndGet(143)) - 491ad50e-3375-4589-a02d-0269379b43b4: start FollowerState
2019-10-28 08:20:00,486 [Thread-4257] INFO  client.GrpcClientProtocolService (GrpcClientProtocolService.java:lambda$processClientRequest$0(278)) - Failed RaftClientRequest:client-252185C0AF4F->491ad50e-3375-4589-a02d-0269379b43b4@group-7339E3098941, cid=132, seq=0, Watch-ALL_COMMITTED(6), Message:<EMPTY>, reply=RaftClientReply:client-252185C0AF4F->491ad50e-3375-4589-a02d-0269379b43b4@group-7339E3098941, cid=132, FAILED org.apache.ratis.protocol.NotLeaderException: Server 491ad50e-3375-4589-a02d-0269379b43b4@group-7339E3098941 is not the leader, logIndex=0, commits[491ad50e-3375-4589-a02d-0269379b43b4:c11, 931f47be-92fd-4e78-8b74-097dddc5e38b:c4, c538bdf1-684e-4089-9cc6-6fa0b44fa7c7:c11]
2019-10-28 08:20:00,486 [Thread-4258] INFO  client.GrpcClientProtocolService (GrpcClientProtocolService.java:lambda$processClientRequest$0(278)) - Failed RaftClientRequest:client-252185C0AF4F->491ad50e-3375-4589-a02d-0269379b43b4@group-7339E3098941, cid=134, seq=0, Watch-ALL_COMMITTED(8), Message:<EMPTY>, reply=RaftClientReply:client-252185C0AF4F->491ad50e-3375-4589-a02d-0269379b43b4@group-7339E3098941, cid=134, FAILED org.apache.ratis.protocol.NotLeaderException: Server 491ad50e-3375-4589-a02d-0269379b43b4@group-7339E3098941 is not the leader, logIndex=0, commits[491ad50e-3375-4589-a02d-0269379b43b4:c11, 931f47be-92fd-4e78-8b74-097dddc5e38b:c4, c538bdf1-684e-4089-9cc6-6fa0b44fa7c7:c11]
2019-10-28 08:20:00,797 [grpc-default-executor-1] WARN  server.GrpcLogAppender (LogUtils.java:warn(134)) - 00d59604-869a-42b3-a19c-0cd76ca30d07@group-C80DD7B1CD18->442f1a8c-01a9-4abf-8c25-ed2da4cb70e7-AppendLogResponseHandler: Failed appendEntries: org.apache.ratis.thirdparty.io.grpc.StatusRuntimeException: UNAVAILABLE: io exception
2019-10-28 08:20:00,798 [grpc-default-executor-1] INFO  impl.FollowerInfo (FollowerInfo.java:lambda$new$0(51)) - 00d59604-869a-42b3-a19c-0cd76ca30d07@group-C80DD7B1CD18->442f1a8c-01a9-4abf-8c25-ed2da4cb70e7: nextIndex: updateUnconditionally 0 -> 0
2019-10-28 08:20:01,300 [grpc-default-executor-10] WARN  server.GrpcLogAppender (LogUtils.java:warn(134)) - 00d59604-869a-42b3-a19c-0cd76ca30d07@group-C80DD7B1CD18->442f1a8c-01a9-4abf-8c25-ed2da4cb70e7-AppendLogResponseHandler: Failed appendEntries: org.apache.ratis.thirdparty.io.grpc.StatusRuntimeException: UNAVAILABLE: io exception
2019-10-28 08:20:01,301 [grpc-default-executor-10] INFO  impl.FollowerInfo (FollowerInfo.java:lambda$new$0(51)) - 00d59604-869a-42b3-a19c-0cd76ca30d07@group-C80DD7B1CD18->442f1a8c-01a9-4abf-8c25-ed2da4cb70e7: nextIndex: updateUnconditionally 0 -> 0
2019-10-28 08:20:01,382 [Thread-4254] INFO  impl.FollowerState (FollowerState.java:run(108)) - 491ad50e-3375-4589-a02d-0269379b43b4@group-7339E3098941-FollowerState: change to CANDIDATE, lastRpcTime:1082ms, electionTimeout:1082ms
2019-10-28 08:20:01,382 [Thread-4254] INFO  impl.RoleInfo (RoleInfo.java:shutdownFollowerState(121)) - 491ad50e-3375-4589-a02d-0269379b43b4: shutdown FollowerState
2019-10-28 08:20:01,382 [Thread-4254] INFO  impl.RaftServerImpl (RaftServerImpl.java:setRole(170)) - 491ad50e-3375-4589-a02d-0269379b43b4@group-7339E3098941: changes role from  FOLLOWER to CANDIDATE at term 4 for changeToCandidate
2019-10-28 08:20:01,383 [Thread-4254] INFO  impl.RoleInfo (RoleInfo.java:updateAndGet(143)) - 491ad50e-3375-4589-a02d-0269379b43b4: start LeaderElection
2019-10-28 08:20:01,398 [491ad50e-3375-4589-a02d-0269379b43b4@group-7339E3098941-LeaderElection156] INFO  impl.LeaderElection (LeaderElection.java:askForVotes(178)) - 491ad50e-3375-4589-a02d-0269379b43b4@group-7339E3098941-LeaderElection156: begin an election at term 5 for 0: [931f47be-92fd-4e78-8b74-097dddc5e38b:192.168.34.22:34284, c538bdf1-684e-4089-9cc6-6fa0b44fa7c7:192.168.34.22:38247, 491ad50e-3375-4589-a02d-0269379b43b4:192.168.34.22:34561], old=null
2019-10-28 08:20:01,399 [491ad50e-3375-4589-a02d-0269379b43b4@group-7339E3098941-LeaderElection156] INFO  impl.LeaderElection (LogUtils.java:infoOrTrace(149)) - 491ad50e-3375-4589-a02d-0269379b43b4@group-7339E3098941-LeaderElection156 got exception when requesting votes: {}
java.util.concurrent.ExecutionException: org.apache.ratis.thirdparty.io.grpc.StatusRuntimeException: UNAVAILABLE: io exception
	at java.util.concurrent.FutureTask.report(FutureTask.java:122)
	at java.util.concurrent.FutureTask.get(FutureTask.java:192)
	at org.apache.ratis.server.impl.LeaderElection.waitForResults(LeaderElection.java:259)
	at org.apache.ratis.server.impl.LeaderElection.askForVotes(LeaderElection.java:197)
	at org.apache.ratis.server.impl.LeaderElection.run(LeaderElection.java:133)
	at java.lang.Thread.run(Thread.java:748)
Caused by: org.apache.ratis.thirdparty.io.grpc.StatusRuntimeException: UNAVAILABLE: io exception
	at org.apache.ratis.thirdparty.io.grpc.stub.ClientCalls.toStatusRuntimeException(ClientCalls.java:233)
	at org.apache.ratis.thirdparty.io.grpc.stub.ClientCalls.getUnchecked(ClientCalls.java:214)
	at org.apache.ratis.thirdparty.io.grpc.stub.ClientCalls.blockingUnaryCall(ClientCalls.java:139)
	at org.apache.ratis.proto.grpc.RaftServerProtocolServiceGrpc$RaftServerProtocolServiceBlockingStub.requestVote(RaftServerProtocolServiceGrpc.java:265)
	at org.apache.ratis.grpc.server.GrpcServerProtocolClient.requestVote(GrpcServerProtocolClient.java:99)
	at org.apache.ratis.grpc.server.GrpcService.requestVote(GrpcService.java:204)
	at org.apache.ratis.server.impl.LeaderElection.lambda$submitRequests$1(LeaderElection.java:234)
	at java.util.concurrent.FutureTask.run(FutureTask.java:266)
	at java.util.concurrent.Executors$RunnableAdapter.call(Executors.java:511)
	at java.util.concurrent.FutureTask.run(FutureTask.java:266)
	at java.util.concurrent.ThreadPoolExecutor.runWorker(ThreadPoolExecutor.java:1149)
	at java.util.concurrent.ThreadPoolExecutor$Worker.run(ThreadPoolExecutor.java:624)
	... 1 more
Caused by: org.apache.ratis.thirdparty.io.netty.channel.AbstractChannel$AnnotatedConnectException: Connection refused: /192.168.34.22:34284
	at sun.nio.ch.SocketChannelImpl.checkConnect(Native Method)
	at sun.nio.ch.SocketChannelImpl.finishConnect(SocketChannelImpl.java:717)
	at org.apache.ratis.thirdparty.io.netty.channel.socket.nio.NioSocketChannel.doFinishConnect(NioSocketChannel.java:327)
	at org.apache.ratis.thirdparty.io.netty.channel.nio.AbstractNioChannel$AbstractNioUnsafe.finishConnect(AbstractNioChannel.java:340)
	at org.apache.ratis.thirdparty.io.netty.channel.nio.NioEventLoop.processSelectedKey(NioEventLoop.java:632)
	at org.apache.ratis.thirdparty.io.netty.channel.nio.NioEventLoop.processSelectedKeysOptimized(NioEventLoop.java:579)
	at org.apache.ratis.thirdparty.io.netty.channel.nio.NioEventLoop.processSelectedKeys(NioEventLoop.java:496)
	at org.apache.ratis.thirdparty.io.netty.channel.nio.NioEventLoop.run(NioEventLoop.java:458)
	at org.apache.ratis.thirdparty.io.netty.util.concurrent.SingleThreadEventExecutor$5.run(SingleThreadEventExecutor.java:897)
	at org.apache.ratis.thirdparty.io.netty.util.concurrent.FastThreadLocalRunnable.run(FastThreadLocalRunnable.java:30)
	... 1 more
Caused by: java.net.ConnectException: Connection refused
	... 11 more
2019-10-28 08:20:01,400 [491ad50e-3375-4589-a02d-0269379b43b4@group-7339E3098941-LeaderElection156] INFO  impl.LeaderElection (LogUtils.java:infoOrTrace(149)) - 491ad50e-3375-4589-a02d-0269379b43b4@group-7339E3098941-LeaderElection156 got exception when requesting votes: {}
java.util.concurrent.ExecutionException: org.apache.ratis.thirdparty.io.grpc.StatusRuntimeException: UNAVAILABLE: io exception
	at java.util.concurrent.FutureTask.report(FutureTask.java:122)
	at java.util.concurrent.FutureTask.get(FutureTask.java:192)
	at org.apache.ratis.server.impl.LeaderElection.waitForResults(LeaderElection.java:259)
	at org.apache.ratis.server.impl.LeaderElection.askForVotes(LeaderElection.java:197)
	at org.apache.ratis.server.impl.LeaderElection.run(LeaderElection.java:133)
	at java.lang.Thread.run(Thread.java:748)
Caused by: org.apache.ratis.thirdparty.io.grpc.StatusRuntimeException: UNAVAILABLE: io exception
	at org.apache.ratis.thirdparty.io.grpc.stub.ClientCalls.toStatusRuntimeException(ClientCalls.java:233)
	at org.apache.ratis.thirdparty.io.grpc.stub.ClientCalls.getUnchecked(ClientCalls.java:214)
	at org.apache.ratis.thirdparty.io.grpc.stub.ClientCalls.blockingUnaryCall(ClientCalls.java:139)
	at org.apache.ratis.proto.grpc.RaftServerProtocolServiceGrpc$RaftServerProtocolServiceBlockingStub.requestVote(RaftServerProtocolServiceGrpc.java:265)
	at org.apache.ratis.grpc.server.GrpcServerProtocolClient.requestVote(GrpcServerProtocolClient.java:99)
	at org.apache.ratis.grpc.server.GrpcService.requestVote(GrpcService.java:204)
	at org.apache.ratis.server.impl.LeaderElection.lambda$submitRequests$1(LeaderElection.java:234)
	at java.util.concurrent.FutureTask.run(FutureTask.java:266)
	at java.util.concurrent.Executors$RunnableAdapter.call(Executors.java:511)
	at java.util.concurrent.FutureTask.run(FutureTask.java:266)
	at java.util.concurrent.ThreadPoolExecutor.runWorker(ThreadPoolExecutor.java:1149)
	at java.util.concurrent.ThreadPoolExecutor$Worker.run(ThreadPoolExecutor.java:624)
	... 1 more
Caused by: org.apache.ratis.thirdparty.io.netty.channel.AbstractChannel$AnnotatedConnectException: Connection refused: /192.168.34.22:38247
	at sun.nio.ch.SocketChannelImpl.checkConnect(Native Method)
	at sun.nio.ch.SocketChannelImpl.finishConnect(SocketChannelImpl.java:717)
	at org.apache.ratis.thirdparty.io.netty.channel.socket.nio.NioSocketChannel.doFinishConnect(NioSocketChannel.java:327)
	at org.apache.ratis.thirdparty.io.netty.channel.nio.AbstractNioChannel$AbstractNioUnsafe.finishConnect(AbstractNioChannel.java:340)
	at org.apache.ratis.thirdparty.io.netty.channel.nio.NioEventLoop.processSelectedKey(NioEventLoop.java:632)
	at org.apache.ratis.thirdparty.io.netty.channel.nio.NioEventLoop.processSelectedKeysOptimized(NioEventLoop.java:579)
	at org.apache.ratis.thirdparty.io.netty.channel.nio.NioEventLoop.processSelectedKeys(NioEventLoop.java:496)
	at org.apache.ratis.thirdparty.io.netty.channel.nio.NioEventLoop.run(NioEventLoop.java:458)
	at org.apache.ratis.thirdparty.io.netty.util.concurrent.SingleThreadEventExecutor$5.run(SingleThreadEventExecutor.java:897)
	at org.apache.ratis.thirdparty.io.netty.util.concurrent.FastThreadLocalRunnable.run(FastThreadLocalRunnable.java:30)
	... 1 more
Caused by: java.net.ConnectException: Connection refused
	... 11 more
2019-10-28 08:20:01,400 [491ad50e-3375-4589-a02d-0269379b43b4@group-7339E3098941-LeaderElection156] INFO  impl.LeaderElection (LeaderElection.java:logAndReturn(56)) - 491ad50e-3375-4589-a02d-0269379b43b4@group-7339E3098941-LeaderElection156: Election REJECTED; received 0 response(s) [] and 2 exception(s); 491ad50e-3375-4589-a02d-0269379b43b4@group-7339E3098941:t5, leader=null, voted=491ad50e-3375-4589-a02d-0269379b43b4, raftlog=491ad50e-3375-4589-a02d-0269379b43b4@group-7339E3098941-SegmentedRaftLog:OPENED:c11,f11,i11, conf=0: [931f47be-92fd-4e78-8b74-097dddc5e38b:192.168.34.22:34284, c538bdf1-684e-4089-9cc6-6fa0b44fa7c7:192.168.34.22:38247, 491ad50e-3375-4589-a02d-0269379b43b4:192.168.34.22:34561], old=null
2019-10-28 08:20:01,401 [491ad50e-3375-4589-a02d-0269379b43b4@group-7339E3098941-LeaderElection156] INFO  impl.LeaderElection (LogUtils.java:infoOrTrace(149)) -   Exception 0: {}
java.util.concurrent.ExecutionException: org.apache.ratis.thirdparty.io.grpc.StatusRuntimeException: UNAVAILABLE: io exception
	at java.util.concurrent.FutureTask.report(FutureTask.java:122)
	at java.util.concurrent.FutureTask.get(FutureTask.java:192)
	at org.apache.ratis.server.impl.LeaderElection.waitForResults(LeaderElection.java:259)
	at org.apache.ratis.server.impl.LeaderElection.askForVotes(LeaderElection.java:197)
	at org.apache.ratis.server.impl.LeaderElection.run(LeaderElection.java:133)
	at java.lang.Thread.run(Thread.java:748)
Caused by: org.apache.ratis.thirdparty.io.grpc.StatusRuntimeException: UNAVAILABLE: io exception
	at org.apache.ratis.thirdparty.io.grpc.stub.ClientCalls.toStatusRuntimeException(ClientCalls.java:233)
	at org.apache.ratis.thirdparty.io.grpc.stub.ClientCalls.getUnchecked(ClientCalls.java:214)
	at org.apache.ratis.thirdparty.io.grpc.stub.ClientCalls.blockingUnaryCall(ClientCalls.java:139)
	at org.apache.ratis.proto.grpc.RaftServerProtocolServiceGrpc$RaftServerProtocolServiceBlockingStub.requestVote(RaftServerProtocolServiceGrpc.java:265)
	at org.apache.ratis.grpc.server.GrpcServerProtocolClient.requestVote(GrpcServerProtocolClient.java:99)
	at org.apache.ratis.grpc.server.GrpcService.requestVote(GrpcService.java:204)
	at org.apache.ratis.server.impl.LeaderElection.lambda$submitRequests$1(LeaderElection.java:234)
	at java.util.concurrent.FutureTask.run(FutureTask.java:266)
	at java.util.concurrent.Executors$RunnableAdapter.call(Executors.java:511)
	at java.util.concurrent.FutureTask.run(FutureTask.java:266)
	at java.util.concurrent.ThreadPoolExecutor.runWorker(ThreadPoolExecutor.java:1149)
	at java.util.concurrent.ThreadPoolExecutor$Worker.run(ThreadPoolExecutor.java:624)
	... 1 more
Caused by: org.apache.ratis.thirdparty.io.netty.channel.AbstractChannel$AnnotatedConnectException: Connection refused: /192.168.34.22:34284
	at sun.nio.ch.SocketChannelImpl.checkConnect(Native Method)
	at sun.nio.ch.SocketChannelImpl.finishConnect(SocketChannelImpl.java:717)
	at org.apache.ratis.thirdparty.io.netty.channel.socket.nio.NioSocketChannel.doFinishConnect(NioSocketChannel.java:327)
	at org.apache.ratis.thirdparty.io.netty.channel.nio.AbstractNioChannel$AbstractNioUnsafe.finishConnect(AbstractNioChannel.java:340)
	at org.apache.ratis.thirdparty.io.netty.channel.nio.NioEventLoop.processSelectedKey(NioEventLoop.java:632)
	at org.apache.ratis.thirdparty.io.netty.channel.nio.NioEventLoop.processSelectedKeysOptimized(NioEventLoop.java:579)
	at org.apache.ratis.thirdparty.io.netty.channel.nio.NioEventLoop.processSelectedKeys(NioEventLoop.java:496)
	at org.apache.ratis.thirdparty.io.netty.channel.nio.NioEventLoop.run(NioEventLoop.java:458)
	at org.apache.ratis.thirdparty.io.netty.util.concurrent.SingleThreadEventExecutor$5.run(SingleThreadEventExecutor.java:897)
	at org.apache.ratis.thirdparty.io.netty.util.concurrent.FastThreadLocalRunnable.run(FastThreadLocalRunnable.java:30)
	... 1 more
Caused by: java.net.ConnectException: Connection refused
	... 11 more
2019-10-28 08:20:01,401 [491ad50e-3375-4589-a02d-0269379b43b4@group-7339E3098941-LeaderElection156] INFO  impl.LeaderElection (LogUtils.java:infoOrTrace(149)) -   Exception 1: {}
java.util.concurrent.ExecutionException: org.apache.ratis.thirdparty.io.grpc.StatusRuntimeException: UNAVAILABLE: io exception
	at java.util.concurrent.FutureTask.report(FutureTask.java:122)
	at java.util.concurrent.FutureTask.get(FutureTask.java:192)
	at org.apache.ratis.server.impl.LeaderElection.waitForResults(LeaderElection.java:259)
	at org.apache.ratis.server.impl.LeaderElection.askForVotes(LeaderElection.java:197)
	at org.apache.ratis.server.impl.LeaderElection.run(LeaderElection.java:133)
	at java.lang.Thread.run(Thread.java:748)
Caused by: org.apache.ratis.thirdparty.io.grpc.StatusRuntimeException: UNAVAILABLE: io exception
	at org.apache.ratis.thirdparty.io.grpc.stub.ClientCalls.toStatusRuntimeException(ClientCalls.java:233)
	at org.apache.ratis.thirdparty.io.grpc.stub.ClientCalls.getUnchecked(ClientCalls.java:214)
	at org.apache.ratis.thirdparty.io.grpc.stub.ClientCalls.blockingUnaryCall(ClientCalls.java:139)
	at org.apache.ratis.proto.grpc.RaftServerProtocolServiceGrpc$RaftServerProtocolServiceBlockingStub.requestVote(RaftServerProtocolServiceGrpc.java:265)
	at org.apache.ratis.grpc.server.GrpcServerProtocolClient.requestVote(GrpcServerProtocolClient.java:99)
	at org.apache.ratis.grpc.server.GrpcService.requestVote(GrpcService.java:204)
	at org.apache.ratis.server.impl.LeaderElection.lambda$submitRequests$1(LeaderElection.java:234)
	at java.util.concurrent.FutureTask.run(FutureTask.java:266)
	at java.util.concurrent.Executors$RunnableAdapter.call(Executors.java:511)
	at java.util.concurrent.FutureTask.run(FutureTask.java:266)
	at java.util.concurrent.ThreadPoolExecutor.runWorker(ThreadPoolExecutor.java:1149)
	at java.util.concurrent.ThreadPoolExecutor$Worker.run(ThreadPoolExecutor.java:624)
	... 1 more
Caused by: org.apache.ratis.thirdparty.io.netty.channel.AbstractChannel$AnnotatedConnectException: Connection refused: /192.168.34.22:38247
	at sun.nio.ch.SocketChannelImpl.checkConnect(Native Method)
	at sun.nio.ch.SocketChannelImpl.finishConnect(SocketChannelImpl.java:717)
	at org.apache.ratis.thirdparty.io.netty.channel.socket.nio.NioSocketChannel.doFinishConnect(NioSocketChannel.java:327)
	at org.apache.ratis.thirdparty.io.netty.channel.nio.AbstractNioChannel$AbstractNioUnsafe.finishConnect(AbstractNioChannel.java:340)
	at org.apache.ratis.thirdparty.io.netty.channel.nio.NioEventLoop.processSelectedKey(NioEventLoop.java:632)
	at org.apache.ratis.thirdparty.io.netty.channel.nio.NioEventLoop.processSelectedKeysOptimized(NioEventLoop.java:579)
	at org.apache.ratis.thirdparty.io.netty.channel.nio.NioEventLoop.processSelectedKeys(NioEventLoop.java:496)
	at org.apache.ratis.thirdparty.io.netty.channel.nio.NioEventLoop.run(NioEventLoop.java:458)
	at org.apache.ratis.thirdparty.io.netty.util.concurrent.SingleThreadEventExecutor$5.run(SingleThreadEventExecutor.java:897)
	at org.apache.ratis.thirdparty.io.netty.util.concurrent.FastThreadLocalRunnable.run(FastThreadLocalRunnable.java:30)
	... 1 more
Caused by: java.net.ConnectException: Connection refused
	... 11 more
2019-10-28 08:20:01,401 [491ad50e-3375-4589-a02d-0269379b43b4@group-7339E3098941-LeaderElection156] INFO  impl.RaftServerImpl (RaftServerImpl.java:setRole(170)) - 491ad50e-3375-4589-a02d-0269379b43b4@group-7339E3098941: changes role from CANDIDATE to FOLLOWER at term 5 for DISCOVERED_A_NEW_TERM
2019-10-28 08:20:01,402 [491ad50e-3375-4589-a02d-0269379b43b4@group-7339E3098941-LeaderElection156] INFO  impl.RoleInfo (RoleInfo.java:shutdownLeaderElection(134)) - 491ad50e-3375-4589-a02d-0269379b43b4: shutdown LeaderElection
2019-10-28 08:20:01,402 [491ad50e-3375-4589-a02d-0269379b43b4@group-7339E3098941-LeaderElection156] INFO  impl.RoleInfo (RoleInfo.java:updateAndGet(143)) - 491ad50e-3375-4589-a02d-0269379b43b4: start FollowerState
2019-10-28 08:20:01,510 [main] INFO  ozoneimpl.OzoneContainer (OzoneContainer.java:stop(227)) - Attempting to stop container services.
2019-10-28 08:20:01,510 [ForkJoinPool.commonPool-worker-1] INFO  ozoneimpl.OzoneContainer (OzoneContainer.java:stop(227)) - Attempting to stop container services.
2019-10-28 08:20:01,515 [main] INFO  impl.RaftServerProxy (RaftServerProxy.java:lambda$close$4(314)) - 2aa3b7c6-b90d-4752-89e9-33d25dd86bbd: close
2019-10-28 08:20:01,515 [ForkJoinPool.commonPool-worker-1] INFO  impl.RaftServerProxy (RaftServerProxy.java:lambda$close$4(314)) - 2a045742-6ad3-4ae4-8313-0bafe5f9a8d8: close
2019-10-28 08:20:01,515 [main] INFO  impl.RaftServerImpl (RaftServerImpl.java:lambda$shutdown$3(247)) - 2aa3b7c6-b90d-4752-89e9-33d25dd86bbd@group-683C6387B75B: shutdown
2019-10-28 08:20:01,516 [ForkJoinPool.commonPool-worker-1] INFO  impl.RaftServerImpl (RaftServerImpl.java:lambda$shutdown$3(247)) - 2a045742-6ad3-4ae4-8313-0bafe5f9a8d8@group-8820A971D860: shutdown
2019-10-28 08:20:01,516 [main] INFO  util.JmxRegister (JmxRegister.java:unregister(73)) - Successfully un-registered JMX Bean with object name Ratis:service=RaftServer,group=group-683C6387B75B,id=2aa3b7c6-b90d-4752-89e9-33d25dd86bbd
2019-10-28 08:20:01,516 [ForkJoinPool.commonPool-worker-1] INFO  util.JmxRegister (JmxRegister.java:unregister(73)) - Successfully un-registered JMX Bean with object name Ratis:service=RaftServer,group=group-8820A971D860,id=2a045742-6ad3-4ae4-8313-0bafe5f9a8d8
2019-10-28 08:20:01,517 [main] INFO  impl.RoleInfo (RoleInfo.java:shutdownLeaderState(104)) - 2aa3b7c6-b90d-4752-89e9-33d25dd86bbd: shutdown LeaderState
2019-10-28 08:20:01,517 [ForkJoinPool.commonPool-worker-1] INFO  impl.RoleInfo (RoleInfo.java:shutdownLeaderState(104)) - 2a045742-6ad3-4ae4-8313-0bafe5f9a8d8: shutdown LeaderState
2019-10-28 08:20:01,517 [main] INFO  impl.PendingRequests (PendingRequests.java:sendNotLeaderResponses(202)) - 2aa3b7c6-b90d-4752-89e9-33d25dd86bbd@group-683C6387B75B-PendingRequests: sendNotLeaderResponses
2019-10-28 08:20:01,517 [ForkJoinPool.commonPool-worker-1] INFO  impl.PendingRequests (PendingRequests.java:sendNotLeaderResponses(202)) - 2a045742-6ad3-4ae4-8313-0bafe5f9a8d8@group-8820A971D860-PendingRequests: sendNotLeaderResponses
2019-10-28 08:20:01,518 [main] INFO  impl.StateMachineUpdater (StateMachineUpdater.java:stopAndJoin(136)) - 2aa3b7c6-b90d-4752-89e9-33d25dd86bbd@group-683C6387B75B-StateMachineUpdater: set stopIndex = 0
2019-10-28 08:20:01,518 [ForkJoinPool.commonPool-worker-1] INFO  impl.StateMachineUpdater (StateMachineUpdater.java:stopAndJoin(136)) - 2a045742-6ad3-4ae4-8313-0bafe5f9a8d8@group-8820A971D860-StateMachineUpdater: set stopIndex = 0
2019-10-28 08:20:01,518 [ForkJoinPool.commonPool-worker-1] INFO  impl.RaftServerImpl (ServerState.java:close(387)) - 2a045742-6ad3-4ae4-8313-0bafe5f9a8d8@group-8820A971D860: closes. applyIndex: 0
2019-10-28 08:20:01,518 [main] INFO  impl.RaftServerImpl (ServerState.java:close(387)) - 2aa3b7c6-b90d-4752-89e9-33d25dd86bbd@group-683C6387B75B: closes. applyIndex: 0
2019-10-28 08:20:01,519 [2a045742-6ad3-4ae4-8313-0bafe5f9a8d8@group-8820A971D860-SegmentedRaftLogWorker] INFO  segmented.SegmentedRaftLogWorker (SegmentedRaftLogWorker.java:run(316)) - 2a045742-6ad3-4ae4-8313-0bafe5f9a8d8@group-8820A971D860-SegmentedRaftLogWorker was interrupted, exiting. There are 0 tasks remaining in the queue.
2019-10-28 08:20:01,519 [2aa3b7c6-b90d-4752-89e9-33d25dd86bbd@group-683C6387B75B-SegmentedRaftLogWorker] INFO  segmented.SegmentedRaftLogWorker (SegmentedRaftLogWorker.java:run(316)) - 2aa3b7c6-b90d-4752-89e9-33d25dd86bbd@group-683C6387B75B-SegmentedRaftLogWorker was interrupted, exiting. There are 0 tasks remaining in the queue.
2019-10-28 08:20:01,521 [ForkJoinPool.commonPool-worker-1] INFO  segmented.SegmentedRaftLogWorker (SegmentedRaftLogWorker.java:close(224)) - 2a045742-6ad3-4ae4-8313-0bafe5f9a8d8@group-8820A971D860-SegmentedRaftLogWorker close()
2019-10-28 08:20:01,523 [main] INFO  segmented.SegmentedRaftLogWorker (SegmentedRaftLogWorker.java:close(224)) - 2aa3b7c6-b90d-4752-89e9-33d25dd86bbd@group-683C6387B75B-SegmentedRaftLogWorker close()
2019-10-28 08:20:01,527 [ForkJoinPool.commonPool-worker-1] INFO  impl.RaftServerImpl (RaftServerImpl.java:lambda$shutdown$3(247)) - 2a045742-6ad3-4ae4-8313-0bafe5f9a8d8@group-CE3A4ACBD96B: shutdown
2019-10-28 08:20:01,530 [main] INFO  impl.RaftServerImpl (RaftServerImpl.java:lambda$shutdown$3(247)) - 2aa3b7c6-b90d-4752-89e9-33d25dd86bbd@group-CE3A4ACBD96B: shutdown
2019-10-28 08:20:01,530 [ForkJoinPool.commonPool-worker-1] INFO  util.JmxRegister (JmxRegister.java:unregister(73)) - Successfully un-registered JMX Bean with object name Ratis:service=RaftServer,group=group-CE3A4ACBD96B,id=2a045742-6ad3-4ae4-8313-0bafe5f9a8d8
2019-10-28 08:20:01,530 [main] INFO  util.JmxRegister (JmxRegister.java:unregister(73)) - Successfully un-registered JMX Bean with object name Ratis:service=RaftServer,group=group-CE3A4ACBD96B,id=2aa3b7c6-b90d-4752-89e9-33d25dd86bbd
2019-10-28 08:20:01,530 [ForkJoinPool.commonPool-worker-1] INFO  impl.RoleInfo (RoleInfo.java:shutdownLeaderState(104)) - 2a045742-6ad3-4ae4-8313-0bafe5f9a8d8: shutdown LeaderState
2019-10-28 08:20:01,530 [main] INFO  impl.RoleInfo (RoleInfo.java:shutdownFollowerState(121)) - 2aa3b7c6-b90d-4752-89e9-33d25dd86bbd: shutdown FollowerState
2019-10-28 08:20:01,535 [org.apache.ratis.server.impl.LogAppender$AppenderDaemon$$Lambda$449/270999738@645c791] WARN  server.GrpcLogAppender (GrpcLogAppender.java:mayWait(143)) - 2a045742-6ad3-4ae4-8313-0bafe5f9a8d8@group-CE3A4ACBD96B->2aa3b7c6-b90d-4752-89e9-33d25dd86bbd-GrpcLogAppender: Wait interrupted by java.lang.InterruptedException
2019-10-28 08:20:01,535 [org.apache.ratis.server.impl.LogAppender$AppenderDaemon$$Lambda$449/270999738@369dede6] WARN  server.GrpcLogAppender (GrpcLogAppender.java:mayWait(143)) - 2a045742-6ad3-4ae4-8313-0bafe5f9a8d8@group-CE3A4ACBD96B->6f05e68d-03c1-4824-99f0-3d21915cda5b-GrpcLogAppender: Wait interrupted by java.lang.InterruptedException
2019-10-28 08:20:01,535 [main] INFO  impl.StateMachineUpdater (StateMachineUpdater.java:stopAndJoin(136)) - 2aa3b7c6-b90d-4752-89e9-33d25dd86bbd@group-CE3A4ACBD96B-StateMachineUpdater: set stopIndex = 0
2019-10-28 08:20:01,535 [ForkJoinPool.commonPool-worker-1] INFO  impl.PendingRequests (PendingRequests.java:sendNotLeaderResponses(202)) - 2a045742-6ad3-4ae4-8313-0bafe5f9a8d8@group-CE3A4ACBD96B-PendingRequests: sendNotLeaderResponses
2019-10-28 08:20:01,535 [main] INFO  impl.RaftServerImpl (ServerState.java:close(387)) - 2aa3b7c6-b90d-4752-89e9-33d25dd86bbd@group-CE3A4ACBD96B: closes. applyIndex: 0
2019-10-28 08:20:01,535 [Thread-3802] INFO  impl.FollowerState (FollowerState.java:run(117)) - 2aa3b7c6-b90d-4752-89e9-33d25dd86bbd@group-CE3A4ACBD96B-FollowerState was interrupted: java.lang.InterruptedException: sleep interrupted
2019-10-28 08:20:01,536 [ForkJoinPool.commonPool-worker-1] INFO  impl.StateMachineUpdater (StateMachineUpdater.java:stopAndJoin(136)) - 2a045742-6ad3-4ae4-8313-0bafe5f9a8d8@group-CE3A4ACBD96B-StateMachineUpdater: set stopIndex = 0
2019-10-28 08:20:01,536 [ForkJoinPool.commonPool-worker-1] INFO  impl.RaftServerImpl (ServerState.java:close(387)) - 2a045742-6ad3-4ae4-8313-0bafe5f9a8d8@group-CE3A4ACBD96B: closes. applyIndex: 0
2019-10-28 08:20:01,536 [grpc-default-executor-10] INFO  server.GrpcServerProtocolService (GrpcServerProtocolService.java:onCompleted(113)) - 6f05e68d-03c1-4824-99f0-3d21915cda5b: Completed APPEND_ENTRIES, lastRequest: 2a045742-6ad3-4ae4-8313-0bafe5f9a8d8->6f05e68d-03c1-4824-99f0-3d21915cda5b#70-t1, previous=(t:1, i:0), leaderCommit=0, initializing? false, entries: <empty>
2019-10-28 08:20:01,536 [grpc-default-executor-9] INFO  server.GrpcServerProtocolService (GrpcServerProtocolService.java:onCompleted(113)) - 2aa3b7c6-b90d-4752-89e9-33d25dd86bbd: Completed APPEND_ENTRIES, lastRequest: 2a045742-6ad3-4ae4-8313-0bafe5f9a8d8->2aa3b7c6-b90d-4752-89e9-33d25dd86bbd#70-t1, previous=(t:1, i:0), leaderCommit=0, initializing? false, entries: <empty>
2019-10-28 08:20:01,537 [2a045742-6ad3-4ae4-8313-0bafe5f9a8d8@group-CE3A4ACBD96B-SegmentedRaftLogWorker] INFO  segmented.SegmentedRaftLogWorker (SegmentedRaftLogWorker.java:run(316)) - 2a045742-6ad3-4ae4-8313-0bafe5f9a8d8@group-CE3A4ACBD96B-SegmentedRaftLogWorker was interrupted, exiting. There are 0 tasks remaining in the queue.
2019-10-28 08:20:01,536 [2aa3b7c6-b90d-4752-89e9-33d25dd86bbd@group-CE3A4ACBD96B-SegmentedRaftLogWorker] INFO  segmented.SegmentedRaftLogWorker (SegmentedRaftLogWorker.java:run(316)) - 2aa3b7c6-b90d-4752-89e9-33d25dd86bbd@group-CE3A4ACBD96B-SegmentedRaftLogWorker was interrupted, exiting. There are 0 tasks remaining in the queue.
2019-10-28 08:20:01,539 [ForkJoinPool.commonPool-worker-1] INFO  segmented.SegmentedRaftLogWorker (SegmentedRaftLogWorker.java:close(224)) - 2a045742-6ad3-4ae4-8313-0bafe5f9a8d8@group-CE3A4ACBD96B-SegmentedRaftLogWorker close()
2019-10-28 08:20:01,540 [main] INFO  segmented.SegmentedRaftLogWorker (SegmentedRaftLogWorker.java:close(224)) - 2aa3b7c6-b90d-4752-89e9-33d25dd86bbd@group-CE3A4ACBD96B-SegmentedRaftLogWorker close()
2019-10-28 08:20:01,543 [grpc-default-executor-9] INFO  server.GrpcLogAppender (GrpcLogAppender.java:onCompleted(293)) - 2a045742-6ad3-4ae4-8313-0bafe5f9a8d8@group-CE3A4ACBD96B->6f05e68d-03c1-4824-99f0-3d21915cda5b-AppendLogResponseHandler: follower responses appendEntries COMPLETED
2019-10-28 08:20:01,562 [main] INFO  server.GrpcService (GrpcService.java:closeImpl(164)) - 2aa3b7c6-b90d-4752-89e9-33d25dd86bbd: shutdown server with port 43904 now
2019-10-28 08:20:01,543 [grpc-default-executor-10] INFO  server.GrpcLogAppender (GrpcLogAppender.java:onCompleted(293)) - 2a045742-6ad3-4ae4-8313-0bafe5f9a8d8@group-CE3A4ACBD96B->2aa3b7c6-b90d-4752-89e9-33d25dd86bbd-AppendLogResponseHandler: follower responses appendEntries COMPLETED
2019-10-28 08:20:01,543 [ForkJoinPool.commonPool-worker-1] INFO  server.GrpcService (GrpcService.java:closeImpl(164)) - 2a045742-6ad3-4ae4-8313-0bafe5f9a8d8: shutdown server with port 36717 now
2019-10-28 08:20:01,562 [grpc-default-executor-9] INFO  impl.FollowerInfo (FollowerInfo.java:lambda$new$0(51)) - 2a045742-6ad3-4ae4-8313-0bafe5f9a8d8@group-CE3A4ACBD96B->6f05e68d-03c1-4824-99f0-3d21915cda5b: nextIndex: updateUnconditionally 1 -> 0
2019-10-28 08:20:01,563 [grpc-default-executor-10] INFO  impl.FollowerInfo (FollowerInfo.java:lambda$new$0(51)) - 2a045742-6ad3-4ae4-8313-0bafe5f9a8d8@group-CE3A4ACBD96B->2aa3b7c6-b90d-4752-89e9-33d25dd86bbd: nextIndex: updateUnconditionally 1 -> 0
2019-10-28 08:20:01,563 [ForkJoinPool.commonPool-worker-1] INFO  server.GrpcService (GrpcService.java:closeImpl(172)) - 2a045742-6ad3-4ae4-8313-0bafe5f9a8d8: shutdown server with port 36717 successfully
2019-10-28 08:20:01,563 [main] INFO  server.GrpcService (GrpcService.java:closeImpl(172)) - 2aa3b7c6-b90d-4752-89e9-33d25dd86bbd: shutdown server with port 43904 successfully
2019-10-28 08:20:01,567 [refreshUsed-/workdir/hadoop-ozone/integration-test/target/test-dir/MiniOzoneClusterImpl-15e79e0b-a28f-4a98-99e1-aed18379cb8e/datanode-3/data/containers] WARN  fs.CachingGetSpaceUsed (CachingGetSpaceUsed.java:run(183)) - Thread Interrupted waiting to refresh disk information: sleep interrupted
2019-10-28 08:20:01,571 [refreshUsed-/workdir/hadoop-ozone/integration-test/target/test-dir/MiniOzoneClusterImpl-15e79e0b-a28f-4a98-99e1-aed18379cb8e/datanode-6/data/containers] WARN  fs.CachingGetSpaceUsed (CachingGetSpaceUsed.java:run(183)) - Thread Interrupted waiting to refresh disk information: sleep interrupted
2019-10-28 08:20:01,585 [main] INFO  utils.BackgroundService (BackgroundService.java:shutdown(151)) - Shutting down service BlockDeletingService
2019-10-28 08:20:01,587 [main] INFO  statemachine.DatanodeStateMachine (DatanodeStateMachine.java:stopDaemon(395)) - Ozone container server stopped.
2019-10-28 08:20:01,589 [main] INFO  handler.ContextHandler (ContextHandler.java:doStop(910)) - Stopped o.e.j.w.WebAppContext@2fdf22f7{/,null,UNAVAILABLE}{/hddsDatanode}
2019-10-28 08:20:01,589 [main] INFO  server.AbstractConnector (AbstractConnector.java:doStop(318)) - Stopped ServerConnector@3a2546d6{HTTP/1.1,[http/1.1]}{0.0.0.0:0}
2019-10-28 08:20:01,590 [main] INFO  handler.ContextHandler (ContextHandler.java:doStop(910)) - Stopped o.e.j.s.ServletContextHandler@12567179{/static,jar:file:/home/user/.m2/repository/org/apache/hadoop/hadoop-hdds-container-service/0.5.0-SNAPSHOT/hadoop-hdds-container-service-0.5.0-SNAPSHOT.jar!/webapps/static,UNAVAILABLE}
2019-10-28 08:20:01,590 [main] INFO  handler.ContextHandler (ContextHandler.java:doStop(910)) - Stopped o.e.j.s.ServletContextHandler@200d1a3d{/logs,file:///workdir/hadoop-ozone/integration-test/target/log,UNAVAILABLE}
2019-10-28 08:20:01,592 [ForkJoinPool.commonPool-worker-1] INFO  utils.BackgroundService (BackgroundService.java:shutdown(151)) - Shutting down service BlockDeletingService
2019-10-28 08:20:01,594 [ForkJoinPool.commonPool-worker-1] INFO  statemachine.DatanodeStateMachine (DatanodeStateMachine.java:stopDaemon(395)) - Ozone container server stopped.
2019-10-28 08:20:01,598 [ForkJoinPool.commonPool-worker-1] INFO  handler.ContextHandler (ContextHandler.java:doStop(910)) - Stopped o.e.j.w.WebAppContext@720f56e2{/,null,UNAVAILABLE}{/hddsDatanode}
2019-10-28 08:20:01,599 [ForkJoinPool.commonPool-worker-1] INFO  server.AbstractConnector (AbstractConnector.java:doStop(318)) - Stopped ServerConnector@677349fb{HTTP/1.1,[http/1.1]}{0.0.0.0:0}
2019-10-28 08:20:01,600 [ForkJoinPool.commonPool-worker-1] INFO  handler.ContextHandler (ContextHandler.java:doStop(910)) - Stopped o.e.j.s.ServletContextHandler@26fadd98{/static,jar:file:/home/user/.m2/repository/org/apache/hadoop/hadoop-hdds-container-service/0.5.0-SNAPSHOT/hadoop-hdds-container-service-0.5.0-SNAPSHOT.jar!/webapps/static,UNAVAILABLE}
2019-10-28 08:20:01,601 [ForkJoinPool.commonPool-worker-1] INFO  handler.ContextHandler (ContextHandler.java:doStop(910)) - Stopped o.e.j.s.ServletContextHandler@722531ab{/logs,file:///workdir/hadoop-ozone/integration-test/target/log,UNAVAILABLE}
2019-10-28 08:20:01,774 [Datanode State Machine Thread - 0] INFO  statemachine.DatanodeStateMachine (DatanodeStateMachine.java:lambda$startDaemon$0(350)) - Ozone container server started.
2019-10-28 08:20:01,799 [grpc-default-executor-10] WARN  server.GrpcLogAppender (LogUtils.java:warn(134)) - 00d59604-869a-42b3-a19c-0cd76ca30d07@group-C80DD7B1CD18->442f1a8c-01a9-4abf-8c25-ed2da4cb70e7-AppendLogResponseHandler: Failed appendEntries: org.apache.ratis.thirdparty.io.grpc.StatusRuntimeException: UNAVAILABLE: io exception
2019-10-28 08:20:01,799 [grpc-default-executor-10] INFO  impl.FollowerInfo (FollowerInfo.java:lambda$new$0(51)) - 00d59604-869a-42b3-a19c-0cd76ca30d07@group-C80DD7B1CD18->442f1a8c-01a9-4abf-8c25-ed2da4cb70e7: nextIndex: updateUnconditionally 0 -> 0
2019-10-28 08:20:02,227 [Datanode State Machine Thread - 0] INFO  statemachine.DatanodeStateMachine (DatanodeStateMachine.java:lambda$startDaemon$0(350)) - Ozone container server started.
2019-10-28 08:20:02,300 [grpc-default-executor-10] WARN  server.GrpcLogAppender (LogUtils.java:warn(134)) - 00d59604-869a-42b3-a19c-0cd76ca30d07@group-C80DD7B1CD18->442f1a8c-01a9-4abf-8c25-ed2da4cb70e7-AppendLogResponseHandler: Failed appendEntries: org.apache.ratis.thirdparty.io.grpc.StatusRuntimeException: UNAVAILABLE: io exception
2019-10-28 08:20:02,300 [grpc-default-executor-10] INFO  impl.FollowerInfo (FollowerInfo.java:lambda$new$0(51)) - 00d59604-869a-42b3-a19c-0cd76ca30d07@group-C80DD7B1CD18->442f1a8c-01a9-4abf-8c25-ed2da4cb70e7: nextIndex: updateUnconditionally 0 -> 0
2019-10-28 08:20:02,412 [Thread-4270] INFO  impl.FollowerState (FollowerState.java:run(108)) - 491ad50e-3375-4589-a02d-0269379b43b4@group-7339E3098941-FollowerState: change to CANDIDATE, lastRpcTime:1010ms, electionTimeout:1010ms
2019-10-28 08:20:02,412 [Thread-4270] INFO  impl.RoleInfo (RoleInfo.java:shutdownFollowerState(121)) - 491ad50e-3375-4589-a02d-0269379b43b4: shutdown FollowerState
2019-10-28 08:20:02,413 [Thread-4270] INFO  impl.RaftServerImpl (RaftServerImpl.java:setRole(170)) - 491ad50e-3375-4589-a02d-0269379b43b4@group-7339E3098941: changes role from  FOLLOWER to CANDIDATE at term 5 for changeToCandidate
2019-10-28 08:20:02,413 [Thread-4270] INFO  impl.RoleInfo (RoleInfo.java:updateAndGet(143)) - 491ad50e-3375-4589-a02d-0269379b43b4: start LeaderElection
2019-10-28 08:20:02,427 [491ad50e-3375-4589-a02d-0269379b43b4@group-7339E3098941-LeaderElection157] INFO  impl.LeaderElection (LeaderElection.java:askForVotes(178)) - 491ad50e-3375-4589-a02d-0269379b43b4@group-7339E3098941-LeaderElection157: begin an election at term 6 for 0: [931f47be-92fd-4e78-8b74-097dddc5e38b:192.168.34.22:34284, c538bdf1-684e-4089-9cc6-6fa0b44fa7c7:192.168.34.22:38247, 491ad50e-3375-4589-a02d-0269379b43b4:192.168.34.22:34561], old=null
2019-10-28 08:20:02,428 [491ad50e-3375-4589-a02d-0269379b43b4@group-7339E3098941-LeaderElection157] INFO  impl.LeaderElection (LogUtils.java:infoOrTrace(149)) - 491ad50e-3375-4589-a02d-0269379b43b4@group-7339E3098941-LeaderElection157 got exception when requesting votes: {}
java.util.concurrent.ExecutionException: org.apache.ratis.thirdparty.io.grpc.StatusRuntimeException: UNAVAILABLE: io exception
	at java.util.concurrent.FutureTask.report(FutureTask.java:122)
	at java.util.concurrent.FutureTask.get(FutureTask.java:192)
	at org.apache.ratis.server.impl.LeaderElection.waitForResults(LeaderElection.java:259)
	at org.apache.ratis.server.impl.LeaderElection.askForVotes(LeaderElection.java:197)
	at org.apache.ratis.server.impl.LeaderElection.run(LeaderElection.java:133)
	at java.lang.Thread.run(Thread.java:748)
Caused by: org.apache.ratis.thirdparty.io.grpc.StatusRuntimeException: UNAVAILABLE: io exception
	at org.apache.ratis.thirdparty.io.grpc.stub.ClientCalls.toStatusRuntimeException(ClientCalls.java:233)
	at org.apache.ratis.thirdparty.io.grpc.stub.ClientCalls.getUnchecked(ClientCalls.java:214)
	at org.apache.ratis.thirdparty.io.grpc.stub.ClientCalls.blockingUnaryCall(ClientCalls.java:139)
	at org.apache.ratis.proto.grpc.RaftServerProtocolServiceGrpc$RaftServerProtocolServiceBlockingStub.requestVote(RaftServerProtocolServiceGrpc.java:265)
	at org.apache.ratis.grpc.server.GrpcServerProtocolClient.requestVote(GrpcServerProtocolClient.java:99)
	at org.apache.ratis.grpc.server.GrpcService.requestVote(GrpcService.java:204)
	at org.apache.ratis.server.impl.LeaderElection.lambda$submitRequests$1(LeaderElection.java:234)
	at java.util.concurrent.FutureTask.run(FutureTask.java:266)
	at java.util.concurrent.Executors$RunnableAdapter.call(Executors.java:511)
	at java.util.concurrent.FutureTask.run(FutureTask.java:266)
	at java.util.concurrent.ThreadPoolExecutor.runWorker(ThreadPoolExecutor.java:1149)
	at java.util.concurrent.ThreadPoolExecutor$Worker.run(ThreadPoolExecutor.java:624)
	... 1 more
Caused by: org.apache.ratis.thirdparty.io.netty.channel.AbstractChannel$AnnotatedConnectException: Connection refused: /192.168.34.22:34284
	at sun.nio.ch.SocketChannelImpl.checkConnect(Native Method)
	at sun.nio.ch.SocketChannelImpl.finishConnect(SocketChannelImpl.java:717)
	at org.apache.ratis.thirdparty.io.netty.channel.socket.nio.NioSocketChannel.doFinishConnect(NioSocketChannel.java:327)
	at org.apache.ratis.thirdparty.io.netty.channel.nio.AbstractNioChannel$AbstractNioUnsafe.finishConnect(AbstractNioChannel.java:340)
	at org.apache.ratis.thirdparty.io.netty.channel.nio.NioEventLoop.processSelectedKey(NioEventLoop.java:632)
	at org.apache.ratis.thirdparty.io.netty.channel.nio.NioEventLoop.processSelectedKeysOptimized(NioEventLoop.java:579)
	at org.apache.ratis.thirdparty.io.netty.channel.nio.NioEventLoop.processSelectedKeys(NioEventLoop.java:496)
	at org.apache.ratis.thirdparty.io.netty.channel.nio.NioEventLoop.run(NioEventLoop.java:458)
	at org.apache.ratis.thirdparty.io.netty.util.concurrent.SingleThreadEventExecutor$5.run(SingleThreadEventExecutor.java:897)
	at org.apache.ratis.thirdparty.io.netty.util.concurrent.FastThreadLocalRunnable.run(FastThreadLocalRunnable.java:30)
	... 1 more
Caused by: java.net.ConnectException: Connection refused
	... 11 more
2019-10-28 08:20:02,429 [491ad50e-3375-4589-a02d-0269379b43b4@group-7339E3098941-LeaderElection157] INFO  impl.LeaderElection (LogUtils.java:infoOrTrace(149)) - 491ad50e-3375-4589-a02d-0269379b43b4@group-7339E3098941-LeaderElection157 got exception when requesting votes: {}
java.util.concurrent.ExecutionException: org.apache.ratis.thirdparty.io.grpc.StatusRuntimeException: UNAVAILABLE: io exception
	at java.util.concurrent.FutureTask.report(FutureTask.java:122)
	at java.util.concurrent.FutureTask.get(FutureTask.java:192)
	at org.apache.ratis.server.impl.LeaderElection.waitForResults(LeaderElection.java:259)
	at org.apache.ratis.server.impl.LeaderElection.askForVotes(LeaderElection.java:197)
	at org.apache.ratis.server.impl.LeaderElection.run(LeaderElection.java:133)
	at java.lang.Thread.run(Thread.java:748)
Caused by: org.apache.ratis.thirdparty.io.grpc.StatusRuntimeException: UNAVAILABLE: io exception
	at org.apache.ratis.thirdparty.io.grpc.stub.ClientCalls.toStatusRuntimeException(ClientCalls.java:233)
	at org.apache.ratis.thirdparty.io.grpc.stub.ClientCalls.getUnchecked(ClientCalls.java:214)
	at org.apache.ratis.thirdparty.io.grpc.stub.ClientCalls.blockingUnaryCall(ClientCalls.java:139)
	at org.apache.ratis.proto.grpc.RaftServerProtocolServiceGrpc$RaftServerProtocolServiceBlockingStub.requestVote(RaftServerProtocolServiceGrpc.java:265)
	at org.apache.ratis.grpc.server.GrpcServerProtocolClient.requestVote(GrpcServerProtocolClient.java:99)
	at org.apache.ratis.grpc.server.GrpcService.requestVote(GrpcService.java:204)
	at org.apache.ratis.server.impl.LeaderElection.lambda$submitRequests$1(LeaderElection.java:234)
	at java.util.concurrent.FutureTask.run(FutureTask.java:266)
	at java.util.concurrent.Executors$RunnableAdapter.call(Executors.java:511)
	at java.util.concurrent.FutureTask.run(FutureTask.java:266)
	at java.util.concurrent.ThreadPoolExecutor.runWorker(ThreadPoolExecutor.java:1149)
	at java.util.concurrent.ThreadPoolExecutor$Worker.run(ThreadPoolExecutor.java:624)
	... 1 more
Caused by: org.apache.ratis.thirdparty.io.netty.channel.AbstractChannel$AnnotatedConnectException: Connection refused: /192.168.34.22:38247
	at sun.nio.ch.SocketChannelImpl.checkConnect(Native Method)
	at sun.nio.ch.SocketChannelImpl.finishConnect(SocketChannelImpl.java:717)
	at org.apache.ratis.thirdparty.io.netty.channel.socket.nio.NioSocketChannel.doFinishConnect(NioSocketChannel.java:327)
	at org.apache.ratis.thirdparty.io.netty.channel.nio.AbstractNioChannel$AbstractNioUnsafe.finishConnect(AbstractNioChannel.java:340)
	at org.apache.ratis.thirdparty.io.netty.channel.nio.NioEventLoop.processSelectedKey(NioEventLoop.java:632)
	at org.apache.ratis.thirdparty.io.netty.channel.nio.NioEventLoop.processSelectedKeysOptimized(NioEventLoop.java:579)
	at org.apache.ratis.thirdparty.io.netty.channel.nio.NioEventLoop.processSelectedKeys(NioEventLoop.java:496)
	at org.apache.ratis.thirdparty.io.netty.channel.nio.NioEventLoop.run(NioEventLoop.java:458)
	at org.apache.ratis.thirdparty.io.netty.util.concurrent.SingleThreadEventExecutor$5.run(SingleThreadEventExecutor.java:897)
	at org.apache.ratis.thirdparty.io.netty.util.concurrent.FastThreadLocalRunnable.run(FastThreadLocalRunnable.java:30)
	... 1 more
Caused by: java.net.ConnectException: Connection refused
	... 11 more
2019-10-28 08:20:02,429 [491ad50e-3375-4589-a02d-0269379b43b4@group-7339E3098941-LeaderElection157] INFO  impl.LeaderElection (LeaderElection.java:logAndReturn(56)) - 491ad50e-3375-4589-a02d-0269379b43b4@group-7339E3098941-LeaderElection157: Election REJECTED; received 0 response(s) [] and 2 exception(s); 491ad50e-3375-4589-a02d-0269379b43b4@group-7339E3098941:t6, leader=null, voted=491ad50e-3375-4589-a02d-0269379b43b4, raftlog=491ad50e-3375-4589-a02d-0269379b43b4@group-7339E3098941-SegmentedRaftLog:OPENED:c11,f11,i11, conf=0: [931f47be-92fd-4e78-8b74-097dddc5e38b:192.168.34.22:34284, c538bdf1-684e-4089-9cc6-6fa0b44fa7c7:192.168.34.22:38247, 491ad50e-3375-4589-a02d-0269379b43b4:192.168.34.22:34561], old=null
2019-10-28 08:20:02,430 [491ad50e-3375-4589-a02d-0269379b43b4@group-7339E3098941-LeaderElection157] INFO  impl.LeaderElection (LogUtils.java:infoOrTrace(149)) -   Exception 0: {}
java.util.concurrent.ExecutionException: org.apache.ratis.thirdparty.io.grpc.StatusRuntimeException: UNAVAILABLE: io exception
	at java.util.concurrent.FutureTask.report(FutureTask.java:122)
	at java.util.concurrent.FutureTask.get(FutureTask.java:192)
	at org.apache.ratis.server.impl.LeaderElection.waitForResults(LeaderElection.java:259)
	at org.apache.ratis.server.impl.LeaderElection.askForVotes(LeaderElection.java:197)
	at org.apache.ratis.server.impl.LeaderElection.run(LeaderElection.java:133)
	at java.lang.Thread.run(Thread.java:748)
Caused by: org.apache.ratis.thirdparty.io.grpc.StatusRuntimeException: UNAVAILABLE: io exception
	at org.apache.ratis.thirdparty.io.grpc.stub.ClientCalls.toStatusRuntimeException(ClientCalls.java:233)
	at org.apache.ratis.thirdparty.io.grpc.stub.ClientCalls.getUnchecked(ClientCalls.java:214)
	at org.apache.ratis.thirdparty.io.grpc.stub.ClientCalls.blockingUnaryCall(ClientCalls.java:139)
	at org.apache.ratis.proto.grpc.RaftServerProtocolServiceGrpc$RaftServerProtocolServiceBlockingStub.requestVote(RaftServerProtocolServiceGrpc.java:265)
	at org.apache.ratis.grpc.server.GrpcServerProtocolClient.requestVote(GrpcServerProtocolClient.java:99)
	at org.apache.ratis.grpc.server.GrpcService.requestVote(GrpcService.java:204)
	at org.apache.ratis.server.impl.LeaderElection.lambda$submitRequests$1(LeaderElection.java:234)
	at java.util.concurrent.FutureTask.run(FutureTask.java:266)
	at java.util.concurrent.Executors$RunnableAdapter.call(Executors.java:511)
	at java.util.concurrent.FutureTask.run(FutureTask.java:266)
	at java.util.concurrent.ThreadPoolExecutor.runWorker(ThreadPoolExecutor.java:1149)
	at java.util.concurrent.ThreadPoolExecutor$Worker.run(ThreadPoolExecutor.java:624)
	... 1 more
Caused by: org.apache.ratis.thirdparty.io.netty.channel.AbstractChannel$AnnotatedConnectException: Connection refused: /192.168.34.22:34284
	at sun.nio.ch.SocketChannelImpl.checkConnect(Native Method)
	at sun.nio.ch.SocketChannelImpl.finishConnect(SocketChannelImpl.java:717)
	at org.apache.ratis.thirdparty.io.netty.channel.socket.nio.NioSocketChannel.doFinishConnect(NioSocketChannel.java:327)
	at org.apache.ratis.thirdparty.io.netty.channel.nio.AbstractNioChannel$AbstractNioUnsafe.finishConnect(AbstractNioChannel.java:340)
	at org.apache.ratis.thirdparty.io.netty.channel.nio.NioEventLoop.processSelectedKey(NioEventLoop.java:632)
	at org.apache.ratis.thirdparty.io.netty.channel.nio.NioEventLoop.processSelectedKeysOptimized(NioEventLoop.java:579)
	at org.apache.ratis.thirdparty.io.netty.channel.nio.NioEventLoop.processSelectedKeys(NioEventLoop.java:496)
	at org.apache.ratis.thirdparty.io.netty.channel.nio.NioEventLoop.run(NioEventLoop.java:458)
	at org.apache.ratis.thirdparty.io.netty.util.concurrent.SingleThreadEventExecutor$5.run(SingleThreadEventExecutor.java:897)
	at org.apache.ratis.thirdparty.io.netty.util.concurrent.FastThreadLocalRunnable.run(FastThreadLocalRunnable.java:30)
	... 1 more
Caused by: java.net.ConnectException: Connection refused
	... 11 more
2019-10-28 08:20:02,430 [491ad50e-3375-4589-a02d-0269379b43b4@group-7339E3098941-LeaderElection157] INFO  impl.LeaderElection (LogUtils.java:infoOrTrace(149)) -   Exception 1: {}
java.util.concurrent.ExecutionException: org.apache.ratis.thirdparty.io.grpc.StatusRuntimeException: UNAVAILABLE: io exception
	at java.util.concurrent.FutureTask.report(FutureTask.java:122)
	at java.util.concurrent.FutureTask.get(FutureTask.java:192)
	at org.apache.ratis.server.impl.LeaderElection.waitForResults(LeaderElection.java:259)
	at org.apache.ratis.server.impl.LeaderElection.askForVotes(LeaderElection.java:197)
	at org.apache.ratis.server.impl.LeaderElection.run(LeaderElection.java:133)
	at java.lang.Thread.run(Thread.java:748)
Caused by: org.apache.ratis.thirdparty.io.grpc.StatusRuntimeException: UNAVAILABLE: io exception
	at org.apache.ratis.thirdparty.io.grpc.stub.ClientCalls.toStatusRuntimeException(ClientCalls.java:233)
	at org.apache.ratis.thirdparty.io.grpc.stub.ClientCalls.getUnchecked(ClientCalls.java:214)
	at org.apache.ratis.thirdparty.io.grpc.stub.ClientCalls.blockingUnaryCall(ClientCalls.java:139)
	at org.apache.ratis.proto.grpc.RaftServerProtocolServiceGrpc$RaftServerProtocolServiceBlockingStub.requestVote(RaftServerProtocolServiceGrpc.java:265)
	at org.apache.ratis.grpc.server.GrpcServerProtocolClient.requestVote(GrpcServerProtocolClient.java:99)
	at org.apache.ratis.grpc.server.GrpcService.requestVote(GrpcService.java:204)
	at org.apache.ratis.server.impl.LeaderElection.lambda$submitRequests$1(LeaderElection.java:234)
	at java.util.concurrent.FutureTask.run(FutureTask.java:266)
	at java.util.concurrent.Executors$RunnableAdapter.call(Executors.java:511)
	at java.util.concurrent.FutureTask.run(FutureTask.java:266)
	at java.util.concurrent.ThreadPoolExecutor.runWorker(ThreadPoolExecutor.java:1149)
	at java.util.concurrent.ThreadPoolExecutor$Worker.run(ThreadPoolExecutor.java:624)
	... 1 more
Caused by: org.apache.ratis.thirdparty.io.netty.channel.AbstractChannel$AnnotatedConnectException: Connection refused: /192.168.34.22:38247
	at sun.nio.ch.SocketChannelImpl.checkConnect(Native Method)
	at sun.nio.ch.SocketChannelImpl.finishConnect(SocketChannelImpl.java:717)
	at org.apache.ratis.thirdparty.io.netty.channel.socket.nio.NioSocketChannel.doFinishConnect(NioSocketChannel.java:327)
	at org.apache.ratis.thirdparty.io.netty.channel.nio.AbstractNioChannel$AbstractNioUnsafe.finishConnect(AbstractNioChannel.java:340)
	at org.apache.ratis.thirdparty.io.netty.channel.nio.NioEventLoop.processSelectedKey(NioEventLoop.java:632)
	at org.apache.ratis.thirdparty.io.netty.channel.nio.NioEventLoop.processSelectedKeysOptimized(NioEventLoop.java:579)
	at org.apache.ratis.thirdparty.io.netty.channel.nio.NioEventLoop.processSelectedKeys(NioEventLoop.java:496)
	at org.apache.ratis.thirdparty.io.netty.channel.nio.NioEventLoop.run(NioEventLoop.java:458)
	at org.apache.ratis.thirdparty.io.netty.util.concurrent.SingleThreadEventExecutor$5.run(SingleThreadEventExecutor.java:897)
	at org.apache.ratis.thirdparty.io.netty.util.concurrent.FastThreadLocalRunnable.run(FastThreadLocalRunnable.java:30)
	... 1 more
Caused by: java.net.ConnectException: Connection refused
	... 11 more
2019-10-28 08:20:02,430 [491ad50e-3375-4589-a02d-0269379b43b4@group-7339E3098941-LeaderElection157] INFO  impl.RaftServerImpl (RaftServerImpl.java:setRole(170)) - 491ad50e-3375-4589-a02d-0269379b43b4@group-7339E3098941: changes role from CANDIDATE to FOLLOWER at term 6 for DISCOVERED_A_NEW_TERM
2019-10-28 08:20:02,431 [491ad50e-3375-4589-a02d-0269379b43b4@group-7339E3098941-LeaderElection157] INFO  impl.RoleInfo (RoleInfo.java:shutdownLeaderElection(134)) - 491ad50e-3375-4589-a02d-0269379b43b4: shutdown LeaderElection
2019-10-28 08:20:02,431 [491ad50e-3375-4589-a02d-0269379b43b4@group-7339E3098941-LeaderElection157] INFO  impl.RoleInfo (RoleInfo.java:updateAndGet(143)) - 491ad50e-3375-4589-a02d-0269379b43b4: start FollowerState
2019-10-28 08:20:02,642 [Thread-3801] INFO  impl.FollowerState (FollowerState.java:run(108)) - 6f05e68d-03c1-4824-99f0-3d21915cda5b@group-CE3A4ACBD96B-FollowerState: change to CANDIDATE, lastRpcTime:1374ms, electionTimeout:1115ms
2019-10-28 08:20:02,643 [Thread-3801] INFO  impl.RoleInfo (RoleInfo.java:shutdownFollowerState(121)) - 6f05e68d-03c1-4824-99f0-3d21915cda5b: shutdown FollowerState
2019-10-28 08:20:02,643 [Thread-3801] INFO  impl.RaftServerImpl (RaftServerImpl.java:setRole(170)) - 6f05e68d-03c1-4824-99f0-3d21915cda5b@group-CE3A4ACBD96B: changes role from  FOLLOWER to CANDIDATE at term 1 for changeToCandidate
2019-10-28 08:20:02,643 [Thread-3801] INFO  impl.RoleInfo (RoleInfo.java:updateAndGet(143)) - 6f05e68d-03c1-4824-99f0-3d21915cda5b: start LeaderElection
2019-10-28 08:20:02,643 [6f05e68d-03c1-4824-99f0-3d21915cda5b@group-CE3A4ACBD96B-LeaderElection158] INFO  impl.RaftServerImpl (ServerState.java:setLeader(255)) - 6f05e68d-03c1-4824-99f0-3d21915cda5b@group-CE3A4ACBD96B: change Leader from 2a045742-6ad3-4ae4-8313-0bafe5f9a8d8 to null at term 1 for initElection
2019-10-28 08:20:02,656 [6f05e68d-03c1-4824-99f0-3d21915cda5b@group-CE3A4ACBD96B-LeaderElection158] INFO  impl.LeaderElection (LeaderElection.java:askForVotes(178)) - 6f05e68d-03c1-4824-99f0-3d21915cda5b@group-CE3A4ACBD96B-LeaderElection158: begin an election at term 2 for 0: [2aa3b7c6-b90d-4752-89e9-33d25dd86bbd:192.168.34.22:43904, 2a045742-6ad3-4ae4-8313-0bafe5f9a8d8:192.168.34.22:36717, 6f05e68d-03c1-4824-99f0-3d21915cda5b:192.168.34.22:36489], old=null
2019-10-28 08:20:02,658 [6f05e68d-03c1-4824-99f0-3d21915cda5b@group-CE3A4ACBD96B-LeaderElection158] INFO  impl.LeaderElection (LogUtils.java:infoOrTrace(149)) - 6f05e68d-03c1-4824-99f0-3d21915cda5b@group-CE3A4ACBD96B-LeaderElection158 got exception when requesting votes: {}
java.util.concurrent.ExecutionException: org.apache.ratis.thirdparty.io.grpc.StatusRuntimeException: UNAVAILABLE: io exception
	at java.util.concurrent.FutureTask.report(FutureTask.java:122)
	at java.util.concurrent.FutureTask.get(FutureTask.java:192)
	at org.apache.ratis.server.impl.LeaderElection.waitForResults(LeaderElection.java:259)
	at org.apache.ratis.server.impl.LeaderElection.askForVotes(LeaderElection.java:197)
	at org.apache.ratis.server.impl.LeaderElection.run(LeaderElection.java:133)
	at java.lang.Thread.run(Thread.java:748)
Caused by: org.apache.ratis.thirdparty.io.grpc.StatusRuntimeException: UNAVAILABLE: io exception
	at org.apache.ratis.thirdparty.io.grpc.stub.ClientCalls.toStatusRuntimeException(ClientCalls.java:233)
	at org.apache.ratis.thirdparty.io.grpc.stub.ClientCalls.getUnchecked(ClientCalls.java:214)
	at org.apache.ratis.thirdparty.io.grpc.stub.ClientCalls.blockingUnaryCall(ClientCalls.java:139)
	at org.apache.ratis.proto.grpc.RaftServerProtocolServiceGrpc$RaftServerProtocolServiceBlockingStub.requestVote(RaftServerProtocolServiceGrpc.java:265)
	at org.apache.ratis.grpc.server.GrpcServerProtocolClient.requestVote(GrpcServerProtocolClient.java:99)
	at org.apache.ratis.grpc.server.GrpcService.requestVote(GrpcService.java:204)
	at org.apache.ratis.server.impl.LeaderElection.lambda$submitRequests$1(LeaderElection.java:234)
	at java.util.concurrent.FutureTask.run(FutureTask.java:266)
	at java.util.concurrent.Executors$RunnableAdapter.call(Executors.java:511)
	at java.util.concurrent.FutureTask.run(FutureTask.java:266)
	at java.util.concurrent.ThreadPoolExecutor.runWorker(ThreadPoolExecutor.java:1149)
	at java.util.concurrent.ThreadPoolExecutor$Worker.run(ThreadPoolExecutor.java:624)
	... 1 more
Caused by: org.apache.ratis.thirdparty.io.netty.channel.AbstractChannel$AnnotatedConnectException: Connection refused: /192.168.34.22:36717
	at sun.nio.ch.SocketChannelImpl.checkConnect(Native Method)
	at sun.nio.ch.SocketChannelImpl.finishConnect(SocketChannelImpl.java:717)
	at org.apache.ratis.thirdparty.io.netty.channel.socket.nio.NioSocketChannel.doFinishConnect(NioSocketChannel.java:327)
	at org.apache.ratis.thirdparty.io.netty.channel.nio.AbstractNioChannel$AbstractNioUnsafe.finishConnect(AbstractNioChannel.java:340)
	at org.apache.ratis.thirdparty.io.netty.channel.nio.NioEventLoop.processSelectedKey(NioEventLoop.java:632)
	at org.apache.ratis.thirdparty.io.netty.channel.nio.NioEventLoop.processSelectedKeysOptimized(NioEventLoop.java:579)
	at org.apache.ratis.thirdparty.io.netty.channel.nio.NioEventLoop.processSelectedKeys(NioEventLoop.java:496)
	at org.apache.ratis.thirdparty.io.netty.channel.nio.NioEventLoop.run(NioEventLoop.java:458)
	at org.apache.ratis.thirdparty.io.netty.util.concurrent.SingleThreadEventExecutor$5.run(SingleThreadEventExecutor.java:897)
	at org.apache.ratis.thirdparty.io.netty.util.concurrent.FastThreadLocalRunnable.run(FastThreadLocalRunnable.java:30)
	... 1 more
Caused by: java.net.ConnectException: Connection refused
	... 11 more
2019-10-28 08:20:02,658 [6f05e68d-03c1-4824-99f0-3d21915cda5b@group-CE3A4ACBD96B-LeaderElection158] INFO  impl.LeaderElection (LogUtils.java:infoOrTrace(149)) - 6f05e68d-03c1-4824-99f0-3d21915cda5b@group-CE3A4ACBD96B-LeaderElection158 got exception when requesting votes: {}
java.util.concurrent.ExecutionException: org.apache.ratis.thirdparty.io.grpc.StatusRuntimeException: UNAVAILABLE: io exception
	at java.util.concurrent.FutureTask.report(FutureTask.java:122)
	at java.util.concurrent.FutureTask.get(FutureTask.java:192)
	at org.apache.ratis.server.impl.LeaderElection.waitForResults(LeaderElection.java:259)
	at org.apache.ratis.server.impl.LeaderElection.askForVotes(LeaderElection.java:197)
	at org.apache.ratis.server.impl.LeaderElection.run(LeaderElection.java:133)
	at java.lang.Thread.run(Thread.java:748)
Caused by: org.apache.ratis.thirdparty.io.grpc.StatusRuntimeException: UNAVAILABLE: io exception
	at org.apache.ratis.thirdparty.io.grpc.stub.ClientCalls.toStatusRuntimeException(ClientCalls.java:233)
	at org.apache.ratis.thirdparty.io.grpc.stub.ClientCalls.getUnchecked(ClientCalls.java:214)
	at org.apache.ratis.thirdparty.io.grpc.stub.ClientCalls.blockingUnaryCall(ClientCalls.java:139)
	at org.apache.ratis.proto.grpc.RaftServerProtocolServiceGrpc$RaftServerProtocolServiceBlockingStub.requestVote(RaftServerProtocolServiceGrpc.java:265)
	at org.apache.ratis.grpc.server.GrpcServerProtocolClient.requestVote(GrpcServerProtocolClient.java:99)
	at org.apache.ratis.grpc.server.GrpcService.requestVote(GrpcService.java:204)
	at org.apache.ratis.server.impl.LeaderElection.lambda$submitRequests$1(LeaderElection.java:234)
	at java.util.concurrent.FutureTask.run(FutureTask.java:266)
	at java.util.concurrent.Executors$RunnableAdapter.call(Executors.java:511)
	at java.util.concurrent.FutureTask.run(FutureTask.java:266)
	at java.util.concurrent.ThreadPoolExecutor.runWorker(ThreadPoolExecutor.java:1149)
	at java.util.concurrent.ThreadPoolExecutor$Worker.run(ThreadPoolExecutor.java:624)
	... 1 more
Caused by: org.apache.ratis.thirdparty.io.netty.channel.AbstractChannel$AnnotatedConnectException: Connection refused: /192.168.34.22:43904
	at sun.nio.ch.SocketChannelImpl.checkConnect(Native Method)
	at sun.nio.ch.SocketChannelImpl.finishConnect(SocketChannelImpl.java:717)
	at org.apache.ratis.thirdparty.io.netty.channel.socket.nio.NioSocketChannel.doFinishConnect(NioSocketChannel.java:327)
	at org.apache.ratis.thirdparty.io.netty.channel.nio.AbstractNioChannel$AbstractNioUnsafe.finishConnect(AbstractNioChannel.java:340)
	at org.apache.ratis.thirdparty.io.netty.channel.nio.NioEventLoop.processSelectedKey(NioEventLoop.java:632)
	at org.apache.ratis.thirdparty.io.netty.channel.nio.NioEventLoop.processSelectedKeysOptimized(NioEventLoop.java:579)
	at org.apache.ratis.thirdparty.io.netty.channel.nio.NioEventLoop.processSelectedKeys(NioEventLoop.java:496)
	at org.apache.ratis.thirdparty.io.netty.channel.nio.NioEventLoop.run(NioEventLoop.java:458)
	at org.apache.ratis.thirdparty.io.netty.util.concurrent.SingleThreadEventExecutor$5.run(SingleThreadEventExecutor.java:897)
	at org.apache.ratis.thirdparty.io.netty.util.concurrent.FastThreadLocalRunnable.run(FastThreadLocalRunnable.java:30)
	... 1 more
Caused by: java.net.ConnectException: Connection refused
	... 11 more
2019-10-28 08:20:02,659 [6f05e68d-03c1-4824-99f0-3d21915cda5b@group-CE3A4ACBD96B-LeaderElection158] INFO  impl.LeaderElection (LeaderElection.java:logAndReturn(56)) - 6f05e68d-03c1-4824-99f0-3d21915cda5b@group-CE3A4ACBD96B-LeaderElection158: Election REJECTED; received 0 response(s) [] and 2 exception(s); 6f05e68d-03c1-4824-99f0-3d21915cda5b@group-CE3A4ACBD96B:t2, leader=null, voted=6f05e68d-03c1-4824-99f0-3d21915cda5b, raftlog=6f05e68d-03c1-4824-99f0-3d21915cda5b@group-CE3A4ACBD96B-SegmentedRaftLog:OPENED:c0,f0,i0, conf=0: [2aa3b7c6-b90d-4752-89e9-33d25dd86bbd:192.168.34.22:43904, 2a045742-6ad3-4ae4-8313-0bafe5f9a8d8:192.168.34.22:36717, 6f05e68d-03c1-4824-99f0-3d21915cda5b:192.168.34.22:36489], old=null
2019-10-28 08:20:02,659 [6f05e68d-03c1-4824-99f0-3d21915cda5b@group-CE3A4ACBD96B-LeaderElection158] INFO  impl.LeaderElection (LogUtils.java:infoOrTrace(149)) -   Exception 0: {}
java.util.concurrent.ExecutionException: org.apache.ratis.thirdparty.io.grpc.StatusRuntimeException: UNAVAILABLE: io exception
	at java.util.concurrent.FutureTask.report(FutureTask.java:122)
	at java.util.concurrent.FutureTask.get(FutureTask.java:192)
	at org.apache.ratis.server.impl.LeaderElection.waitForResults(LeaderElection.java:259)
	at org.apache.ratis.server.impl.LeaderElection.askForVotes(LeaderElection.java:197)
	at org.apache.ratis.server.impl.LeaderElection.run(LeaderElection.java:133)
	at java.lang.Thread.run(Thread.java:748)
Caused by: org.apache.ratis.thirdparty.io.grpc.StatusRuntimeException: UNAVAILABLE: io exception
	at org.apache.ratis.thirdparty.io.grpc.stub.ClientCalls.toStatusRuntimeException(ClientCalls.java:233)
	at org.apache.ratis.thirdparty.io.grpc.stub.ClientCalls.getUnchecked(ClientCalls.java:214)
	at org.apache.ratis.thirdparty.io.grpc.stub.ClientCalls.blockingUnaryCall(ClientCalls.java:139)
	at org.apache.ratis.proto.grpc.RaftServerProtocolServiceGrpc$RaftServerProtocolServiceBlockingStub.requestVote(RaftServerProtocolServiceGrpc.java:265)
	at org.apache.ratis.grpc.server.GrpcServerProtocolClient.requestVote(GrpcServerProtocolClient.java:99)
	at org.apache.ratis.grpc.server.GrpcService.requestVote(GrpcService.java:204)
	at org.apache.ratis.server.impl.LeaderElection.lambda$submitRequests$1(LeaderElection.java:234)
	at java.util.concurrent.FutureTask.run(FutureTask.java:266)
	at java.util.concurrent.Executors$RunnableAdapter.call(Executors.java:511)
	at java.util.concurrent.FutureTask.run(FutureTask.java:266)
	at java.util.concurrent.ThreadPoolExecutor.runWorker(ThreadPoolExecutor.java:1149)
	at java.util.concurrent.ThreadPoolExecutor$Worker.run(ThreadPoolExecutor.java:624)
	... 1 more
Caused by: org.apache.ratis.thirdparty.io.netty.channel.AbstractChannel$AnnotatedConnectException: Connection refused: /192.168.34.22:36717
	at sun.nio.ch.SocketChannelImpl.checkConnect(Native Method)
	at sun.nio.ch.SocketChannelImpl.finishConnect(SocketChannelImpl.java:717)
	at org.apache.ratis.thirdparty.io.netty.channel.socket.nio.NioSocketChannel.doFinishConnect(NioSocketChannel.java:327)
	at org.apache.ratis.thirdparty.io.netty.channel.nio.AbstractNioChannel$AbstractNioUnsafe.finishConnect(AbstractNioChannel.java:340)
	at org.apache.ratis.thirdparty.io.netty.channel.nio.NioEventLoop.processSelectedKey(NioEventLoop.java:632)
	at org.apache.ratis.thirdparty.io.netty.channel.nio.NioEventLoop.processSelectedKeysOptimized(NioEventLoop.java:579)
	at org.apache.ratis.thirdparty.io.netty.channel.nio.NioEventLoop.processSelectedKeys(NioEventLoop.java:496)
	at org.apache.ratis.thirdparty.io.netty.channel.nio.NioEventLoop.run(NioEventLoop.java:458)
	at org.apache.ratis.thirdparty.io.netty.util.concurrent.SingleThreadEventExecutor$5.run(SingleThreadEventExecutor.java:897)
	at org.apache.ratis.thirdparty.io.netty.util.concurrent.FastThreadLocalRunnable.run(FastThreadLocalRunnable.java:30)
	... 1 more
Caused by: java.net.ConnectException: Connection refused
	... 11 more
2019-10-28 08:20:02,660 [6f05e68d-03c1-4824-99f0-3d21915cda5b@group-CE3A4ACBD96B-LeaderElection158] INFO  impl.LeaderElection (LogUtils.java:infoOrTrace(149)) -   Exception 1: {}
java.util.concurrent.ExecutionException: org.apache.ratis.thirdparty.io.grpc.StatusRuntimeException: UNAVAILABLE: io exception
	at java.util.concurrent.FutureTask.report(FutureTask.java:122)
	at java.util.concurrent.FutureTask.get(FutureTask.java:192)
	at org.apache.ratis.server.impl.LeaderElection.waitForResults(LeaderElection.java:259)
	at org.apache.ratis.server.impl.LeaderElection.askForVotes(LeaderElection.java:197)
	at org.apache.ratis.server.impl.LeaderElection.run(LeaderElection.java:133)
	at java.lang.Thread.run(Thread.java:748)
Caused by: org.apache.ratis.thirdparty.io.grpc.StatusRuntimeException: UNAVAILABLE: io exception
	at org.apache.ratis.thirdparty.io.grpc.stub.ClientCalls.toStatusRuntimeException(ClientCalls.java:233)
	at org.apache.ratis.thirdparty.io.grpc.stub.ClientCalls.getUnchecked(ClientCalls.java:214)
	at org.apache.ratis.thirdparty.io.grpc.stub.ClientCalls.blockingUnaryCall(ClientCalls.java:139)
	at org.apache.ratis.proto.grpc.RaftServerProtocolServiceGrpc$RaftServerProtocolServiceBlockingStub.requestVote(RaftServerProtocolServiceGrpc.java:265)
	at org.apache.ratis.grpc.server.GrpcServerProtocolClient.requestVote(GrpcServerProtocolClient.java:99)
	at org.apache.ratis.grpc.server.GrpcService.requestVote(GrpcService.java:204)
	at org.apache.ratis.server.impl.LeaderElection.lambda$submitRequests$1(LeaderElection.java:234)
	at java.util.concurrent.FutureTask.run(FutureTask.java:266)
	at java.util.concurrent.Executors$RunnableAdapter.call(Executors.java:511)
	at java.util.concurrent.FutureTask.run(FutureTask.java:266)
	at java.util.concurrent.ThreadPoolExecutor.runWorker(ThreadPoolExecutor.java:1149)
	at java.util.concurrent.ThreadPoolExecutor$Worker.run(ThreadPoolExecutor.java:624)
	... 1 more
Caused by: org.apache.ratis.thirdparty.io.netty.channel.AbstractChannel$AnnotatedConnectException: Connection refused: /192.168.34.22:43904
	at sun.nio.ch.SocketChannelImpl.checkConnect(Native Method)
	at sun.nio.ch.SocketChannelImpl.finishConnect(SocketChannelImpl.java:717)
	at org.apache.ratis.thirdparty.io.netty.channel.socket.nio.NioSocketChannel.doFinishConnect(NioSocketChannel.java:327)
	at org.apache.ratis.thirdparty.io.netty.channel.nio.AbstractNioChannel$AbstractNioUnsafe.finishConnect(AbstractNioChannel.java:340)
	at org.apache.ratis.thirdparty.io.netty.channel.nio.NioEventLoop.processSelectedKey(NioEventLoop.java:632)
	at org.apache.ratis.thirdparty.io.netty.channel.nio.NioEventLoop.processSelectedKeysOptimized(NioEventLoop.java:579)
	at org.apache.ratis.thirdparty.io.netty.channel.nio.NioEventLoop.processSelectedKeys(NioEventLoop.java:496)
	at org.apache.ratis.thirdparty.io.netty.channel.nio.NioEventLoop.run(NioEventLoop.java:458)
	at org.apache.ratis.thirdparty.io.netty.util.concurrent.SingleThreadEventExecutor$5.run(SingleThreadEventExecutor.java:897)
	at org.apache.ratis.thirdparty.io.netty.util.concurrent.FastThreadLocalRunnable.run(FastThreadLocalRunnable.java:30)
	... 1 more
Caused by: java.net.ConnectException: Connection refused
	... 11 more
2019-10-28 08:20:02,660 [6f05e68d-03c1-4824-99f0-3d21915cda5b@group-CE3A4ACBD96B-LeaderElection158] INFO  impl.RaftServerImpl (RaftServerImpl.java:setRole(170)) - 6f05e68d-03c1-4824-99f0-3d21915cda5b@group-CE3A4ACBD96B: changes role from CANDIDATE to FOLLOWER at term 2 for DISCOVERED_A_NEW_TERM
2019-10-28 08:20:02,660 [6f05e68d-03c1-4824-99f0-3d21915cda5b@group-CE3A4ACBD96B-LeaderElection158] INFO  impl.RoleInfo (RoleInfo.java:shutdownLeaderElection(134)) - 6f05e68d-03c1-4824-99f0-3d21915cda5b: shutdown LeaderElection
2019-10-28 08:20:02,660 [6f05e68d-03c1-4824-99f0-3d21915cda5b@group-CE3A4ACBD96B-LeaderElection158] INFO  impl.RoleInfo (RoleInfo.java:updateAndGet(143)) - 6f05e68d-03c1-4824-99f0-3d21915cda5b: start FollowerState
2019-10-28 08:20:02,800 [grpc-default-executor-1] WARN  server.GrpcLogAppender (LogUtils.java:warn(134)) - 00d59604-869a-42b3-a19c-0cd76ca30d07@group-C80DD7B1CD18->442f1a8c-01a9-4abf-8c25-ed2da4cb70e7-AppendLogResponseHandler: Failed appendEntries: org.apache.ratis.thirdparty.io.grpc.StatusRuntimeException: UNAVAILABLE: io exception
2019-10-28 08:20:02,800 [grpc-default-executor-1] INFO  impl.FollowerInfo (FollowerInfo.java:lambda$new$0(51)) - 00d59604-869a-42b3-a19c-0cd76ca30d07@group-C80DD7B1CD18->442f1a8c-01a9-4abf-8c25-ed2da4cb70e7: nextIndex: updateUnconditionally 0 -> 0
2019-10-28 08:20:03,301 [grpc-default-executor-9] WARN  server.GrpcLogAppender (LogUtils.java:warn(134)) - 00d59604-869a-42b3-a19c-0cd76ca30d07@group-C80DD7B1CD18->442f1a8c-01a9-4abf-8c25-ed2da4cb70e7-AppendLogResponseHandler: Failed appendEntries: org.apache.ratis.thirdparty.io.grpc.StatusRuntimeException: UNAVAILABLE: io exception
2019-10-28 08:20:03,301 [grpc-default-executor-9] INFO  impl.FollowerInfo (FollowerInfo.java:lambda$new$0(51)) - 00d59604-869a-42b3-a19c-0cd76ca30d07@group-C80DD7B1CD18->442f1a8c-01a9-4abf-8c25-ed2da4cb70e7: nextIndex: updateUnconditionally 0 -> 0
2019-10-28 08:20:03,582 [Thread-4279] INFO  impl.FollowerState (FollowerState.java:run(108)) - 491ad50e-3375-4589-a02d-0269379b43b4@group-7339E3098941-FollowerState: change to CANDIDATE, lastRpcTime:1151ms, electionTimeout:1151ms
2019-10-28 08:20:03,582 [Thread-4279] INFO  impl.RoleInfo (RoleInfo.java:shutdownFollowerState(121)) - 491ad50e-3375-4589-a02d-0269379b43b4: shutdown FollowerState
2019-10-28 08:20:03,582 [Thread-4279] INFO  impl.RaftServerImpl (RaftServerImpl.java:setRole(170)) - 491ad50e-3375-4589-a02d-0269379b43b4@group-7339E3098941: changes role from  FOLLOWER to CANDIDATE at term 6 for changeToCandidate
2019-10-28 08:20:03,583 [Thread-4279] INFO  impl.RoleInfo (RoleInfo.java:updateAndGet(143)) - 491ad50e-3375-4589-a02d-0269379b43b4: start LeaderElection
2019-10-28 08:20:03,597 [491ad50e-3375-4589-a02d-0269379b43b4@group-7339E3098941-LeaderElection159] INFO  impl.LeaderElection (LeaderElection.java:askForVotes(178)) - 491ad50e-3375-4589-a02d-0269379b43b4@group-7339E3098941-LeaderElection159: begin an election at term 7 for 0: [931f47be-92fd-4e78-8b74-097dddc5e38b:192.168.34.22:34284, c538bdf1-684e-4089-9cc6-6fa0b44fa7c7:192.168.34.22:38247, 491ad50e-3375-4589-a02d-0269379b43b4:192.168.34.22:34561], old=null
2019-10-28 08:20:03,598 [491ad50e-3375-4589-a02d-0269379b43b4@group-7339E3098941-LeaderElection159] INFO  impl.LeaderElection (LogUtils.java:infoOrTrace(149)) - 491ad50e-3375-4589-a02d-0269379b43b4@group-7339E3098941-LeaderElection159 got exception when requesting votes: {}
java.util.concurrent.ExecutionException: org.apache.ratis.thirdparty.io.grpc.StatusRuntimeException: UNAVAILABLE: io exception
	at java.util.concurrent.FutureTask.report(FutureTask.java:122)
	at java.util.concurrent.FutureTask.get(FutureTask.java:192)
	at org.apache.ratis.server.impl.LeaderElection.waitForResults(LeaderElection.java:259)
	at org.apache.ratis.server.impl.LeaderElection.askForVotes(LeaderElection.java:197)
	at org.apache.ratis.server.impl.LeaderElection.run(LeaderElection.java:133)
	at java.lang.Thread.run(Thread.java:748)
Caused by: org.apache.ratis.thirdparty.io.grpc.StatusRuntimeException: UNAVAILABLE: io exception
	at org.apache.ratis.thirdparty.io.grpc.stub.ClientCalls.toStatusRuntimeException(ClientCalls.java:233)
	at org.apache.ratis.thirdparty.io.grpc.stub.ClientCalls.getUnchecked(ClientCalls.java:214)
	at org.apache.ratis.thirdparty.io.grpc.stub.ClientCalls.blockingUnaryCall(ClientCalls.java:139)
	at org.apache.ratis.proto.grpc.RaftServerProtocolServiceGrpc$RaftServerProtocolServiceBlockingStub.requestVote(RaftServerProtocolServiceGrpc.java:265)
	at org.apache.ratis.grpc.server.GrpcServerProtocolClient.requestVote(GrpcServerProtocolClient.java:99)
	at org.apache.ratis.grpc.server.GrpcService.requestVote(GrpcService.java:204)
	at org.apache.ratis.server.impl.LeaderElection.lambda$submitRequests$1(LeaderElection.java:234)
	at java.util.concurrent.FutureTask.run(FutureTask.java:266)
	at java.util.concurrent.Executors$RunnableAdapter.call(Executors.java:511)
	at java.util.concurrent.FutureTask.run(FutureTask.java:266)
	at java.util.concurrent.ThreadPoolExecutor.runWorker(ThreadPoolExecutor.java:1149)
	at java.util.concurrent.ThreadPoolExecutor$Worker.run(ThreadPoolExecutor.java:624)
	... 1 more
Caused by: org.apache.ratis.thirdparty.io.netty.channel.AbstractChannel$AnnotatedConnectException: Connection refused: /192.168.34.22:34284
	at sun.nio.ch.SocketChannelImpl.checkConnect(Native Method)
	at sun.nio.ch.SocketChannelImpl.finishConnect(SocketChannelImpl.java:717)
	at org.apache.ratis.thirdparty.io.netty.channel.socket.nio.NioSocketChannel.doFinishConnect(NioSocketChannel.java:327)
	at org.apache.ratis.thirdparty.io.netty.channel.nio.AbstractNioChannel$AbstractNioUnsafe.finishConnect(AbstractNioChannel.java:340)
	at org.apache.ratis.thirdparty.io.netty.channel.nio.NioEventLoop.processSelectedKey(NioEventLoop.java:632)
	at org.apache.ratis.thirdparty.io.netty.channel.nio.NioEventLoop.processSelectedKeysOptimized(NioEventLoop.java:579)
	at org.apache.ratis.thirdparty.io.netty.channel.nio.NioEventLoop.processSelectedKeys(NioEventLoop.java:496)
	at org.apache.ratis.thirdparty.io.netty.channel.nio.NioEventLoop.run(NioEventLoop.java:458)
	at org.apache.ratis.thirdparty.io.netty.util.concurrent.SingleThreadEventExecutor$5.run(SingleThreadEventExecutor.java:897)
	at org.apache.ratis.thirdparty.io.netty.util.concurrent.FastThreadLocalRunnable.run(FastThreadLocalRunnable.java:30)
	... 1 more
Caused by: java.net.ConnectException: Connection refused
	... 11 more
2019-10-28 08:20:03,598 [491ad50e-3375-4589-a02d-0269379b43b4@group-7339E3098941-LeaderElection159] INFO  impl.LeaderElection (LogUtils.java:infoOrTrace(149)) - 491ad50e-3375-4589-a02d-0269379b43b4@group-7339E3098941-LeaderElection159 got exception when requesting votes: {}
java.util.concurrent.ExecutionException: org.apache.ratis.thirdparty.io.grpc.StatusRuntimeException: UNAVAILABLE: io exception
	at java.util.concurrent.FutureTask.report(FutureTask.java:122)
	at java.util.concurrent.FutureTask.get(FutureTask.java:192)
	at org.apache.ratis.server.impl.LeaderElection.waitForResults(LeaderElection.java:259)
	at org.apache.ratis.server.impl.LeaderElection.askForVotes(LeaderElection.java:197)
	at org.apache.ratis.server.impl.LeaderElection.run(LeaderElection.java:133)
	at java.lang.Thread.run(Thread.java:748)
Caused by: org.apache.ratis.thirdparty.io.grpc.StatusRuntimeException: UNAVAILABLE: io exception
	at org.apache.ratis.thirdparty.io.grpc.stub.ClientCalls.toStatusRuntimeException(ClientCalls.java:233)
	at org.apache.ratis.thirdparty.io.grpc.stub.ClientCalls.getUnchecked(ClientCalls.java:214)
	at org.apache.ratis.thirdparty.io.grpc.stub.ClientCalls.blockingUnaryCall(ClientCalls.java:139)
	at org.apache.ratis.proto.grpc.RaftServerProtocolServiceGrpc$RaftServerProtocolServiceBlockingStub.requestVote(RaftServerProtocolServiceGrpc.java:265)
	at org.apache.ratis.grpc.server.GrpcServerProtocolClient.requestVote(GrpcServerProtocolClient.java:99)
	at org.apache.ratis.grpc.server.GrpcService.requestVote(GrpcService.java:204)
	at org.apache.ratis.server.impl.LeaderElection.lambda$submitRequests$1(LeaderElection.java:234)
	at java.util.concurrent.FutureTask.run(FutureTask.java:266)
	at java.util.concurrent.Executors$RunnableAdapter.call(Executors.java:511)
	at java.util.concurrent.FutureTask.run(FutureTask.java:266)
	at java.util.concurrent.ThreadPoolExecutor.runWorker(ThreadPoolExecutor.java:1149)
	at java.util.concurrent.ThreadPoolExecutor$Worker.run(ThreadPoolExecutor.java:624)
	... 1 more
Caused by: org.apache.ratis.thirdparty.io.netty.channel.AbstractChannel$AnnotatedConnectException: Connection refused: /192.168.34.22:38247
	at sun.nio.ch.SocketChannelImpl.checkConnect(Native Method)
	at sun.nio.ch.SocketChannelImpl.finishConnect(SocketChannelImpl.java:717)
	at org.apache.ratis.thirdparty.io.netty.channel.socket.nio.NioSocketChannel.doFinishConnect(NioSocketChannel.java:327)
	at org.apache.ratis.thirdparty.io.netty.channel.nio.AbstractNioChannel$AbstractNioUnsafe.finishConnect(AbstractNioChannel.java:340)
	at org.apache.ratis.thirdparty.io.netty.channel.nio.NioEventLoop.processSelectedKey(NioEventLoop.java:632)
	at org.apache.ratis.thirdparty.io.netty.channel.nio.NioEventLoop.processSelectedKeysOptimized(NioEventLoop.java:579)
	at org.apache.ratis.thirdparty.io.netty.channel.nio.NioEventLoop.processSelectedKeys(NioEventLoop.java:496)
	at org.apache.ratis.thirdparty.io.netty.channel.nio.NioEventLoop.run(NioEventLoop.java:458)
	at org.apache.ratis.thirdparty.io.netty.util.concurrent.SingleThreadEventExecutor$5.run(SingleThreadEventExecutor.java:897)
	at org.apache.ratis.thirdparty.io.netty.util.concurrent.FastThreadLocalRunnable.run(FastThreadLocalRunnable.java:30)
	... 1 more
Caused by: java.net.ConnectException: Connection refused
	... 11 more
2019-10-28 08:20:03,599 [491ad50e-3375-4589-a02d-0269379b43b4@group-7339E3098941-LeaderElection159] INFO  impl.LeaderElection (LeaderElection.java:logAndReturn(56)) - 491ad50e-3375-4589-a02d-0269379b43b4@group-7339E3098941-LeaderElection159: Election REJECTED; received 0 response(s) [] and 2 exception(s); 491ad50e-3375-4589-a02d-0269379b43b4@group-7339E3098941:t7, leader=null, voted=491ad50e-3375-4589-a02d-0269379b43b4, raftlog=491ad50e-3375-4589-a02d-0269379b43b4@group-7339E3098941-SegmentedRaftLog:OPENED:c11,f11,i11, conf=0: [931f47be-92fd-4e78-8b74-097dddc5e38b:192.168.34.22:34284, c538bdf1-684e-4089-9cc6-6fa0b44fa7c7:192.168.34.22:38247, 491ad50e-3375-4589-a02d-0269379b43b4:192.168.34.22:34561], old=null
2019-10-28 08:20:03,599 [491ad50e-3375-4589-a02d-0269379b43b4@group-7339E3098941-LeaderElection159] INFO  impl.LeaderElection (LogUtils.java:infoOrTrace(149)) -   Exception 0: {}
java.util.concurrent.ExecutionException: org.apache.ratis.thirdparty.io.grpc.StatusRuntimeException: UNAVAILABLE: io exception
	at java.util.concurrent.FutureTask.report(FutureTask.java:122)
	at java.util.concurrent.FutureTask.get(FutureTask.java:192)
	at org.apache.ratis.server.impl.LeaderElection.waitForResults(LeaderElection.java:259)
	at org.apache.ratis.server.impl.LeaderElection.askForVotes(LeaderElection.java:197)
	at org.apache.ratis.server.impl.LeaderElection.run(LeaderElection.java:133)
	at java.lang.Thread.run(Thread.java:748)
Caused by: org.apache.ratis.thirdparty.io.grpc.StatusRuntimeException: UNAVAILABLE: io exception
	at org.apache.ratis.thirdparty.io.grpc.stub.ClientCalls.toStatusRuntimeException(ClientCalls.java:233)
	at org.apache.ratis.thirdparty.io.grpc.stub.ClientCalls.getUnchecked(ClientCalls.java:214)
	at org.apache.ratis.thirdparty.io.grpc.stub.ClientCalls.blockingUnaryCall(ClientCalls.java:139)
	at org.apache.ratis.proto.grpc.RaftServerProtocolServiceGrpc$RaftServerProtocolServiceBlockingStub.requestVote(RaftServerProtocolServiceGrpc.java:265)
	at org.apache.ratis.grpc.server.GrpcServerProtocolClient.requestVote(GrpcServerProtocolClient.java:99)
	at org.apache.ratis.grpc.server.GrpcService.requestVote(GrpcService.java:204)
	at org.apache.ratis.server.impl.LeaderElection.lambda$submitRequests$1(LeaderElection.java:234)
	at java.util.concurrent.FutureTask.run(FutureTask.java:266)
	at java.util.concurrent.Executors$RunnableAdapter.call(Executors.java:511)
	at java.util.concurrent.FutureTask.run(FutureTask.java:266)
	at java.util.concurrent.ThreadPoolExecutor.runWorker(ThreadPoolExecutor.java:1149)
	at java.util.concurrent.ThreadPoolExecutor$Worker.run(ThreadPoolExecutor.java:624)
	... 1 more
Caused by: org.apache.ratis.thirdparty.io.netty.channel.AbstractChannel$AnnotatedConnectException: Connection refused: /192.168.34.22:34284
	at sun.nio.ch.SocketChannelImpl.checkConnect(Native Method)
	at sun.nio.ch.SocketChannelImpl.finishConnect(SocketChannelImpl.java:717)
	at org.apache.ratis.thirdparty.io.netty.channel.socket.nio.NioSocketChannel.doFinishConnect(NioSocketChannel.java:327)
	at org.apache.ratis.thirdparty.io.netty.channel.nio.AbstractNioChannel$AbstractNioUnsafe.finishConnect(AbstractNioChannel.java:340)
	at org.apache.ratis.thirdparty.io.netty.channel.nio.NioEventLoop.processSelectedKey(NioEventLoop.java:632)
	at org.apache.ratis.thirdparty.io.netty.channel.nio.NioEventLoop.processSelectedKeysOptimized(NioEventLoop.java:579)
	at org.apache.ratis.thirdparty.io.netty.channel.nio.NioEventLoop.processSelectedKeys(NioEventLoop.java:496)
	at org.apache.ratis.thirdparty.io.netty.channel.nio.NioEventLoop.run(NioEventLoop.java:458)
	at org.apache.ratis.thirdparty.io.netty.util.concurrent.SingleThreadEventExecutor$5.run(SingleThreadEventExecutor.java:897)
	at org.apache.ratis.thirdparty.io.netty.util.concurrent.FastThreadLocalRunnable.run(FastThreadLocalRunnable.java:30)
	... 1 more
Caused by: java.net.ConnectException: Connection refused
	... 11 more
2019-10-28 08:20:03,600 [491ad50e-3375-4589-a02d-0269379b43b4@group-7339E3098941-LeaderElection159] INFO  impl.LeaderElection (LogUtils.java:infoOrTrace(149)) -   Exception 1: {}
java.util.concurrent.ExecutionException: org.apache.ratis.thirdparty.io.grpc.StatusRuntimeException: UNAVAILABLE: io exception
	at java.util.concurrent.FutureTask.report(FutureTask.java:122)
	at java.util.concurrent.FutureTask.get(FutureTask.java:192)
	at org.apache.ratis.server.impl.LeaderElection.waitForResults(LeaderElection.java:259)
	at org.apache.ratis.server.impl.LeaderElection.askForVotes(LeaderElection.java:197)
	at org.apache.ratis.server.impl.LeaderElection.run(LeaderElection.java:133)
	at java.lang.Thread.run(Thread.java:748)
Caused by: org.apache.ratis.thirdparty.io.grpc.StatusRuntimeException: UNAVAILABLE: io exception
	at org.apache.ratis.thirdparty.io.grpc.stub.ClientCalls.toStatusRuntimeException(ClientCalls.java:233)
	at org.apache.ratis.thirdparty.io.grpc.stub.ClientCalls.getUnchecked(ClientCalls.java:214)
	at org.apache.ratis.thirdparty.io.grpc.stub.ClientCalls.blockingUnaryCall(ClientCalls.java:139)
	at org.apache.ratis.proto.grpc.RaftServerProtocolServiceGrpc$RaftServerProtocolServiceBlockingStub.requestVote(RaftServerProtocolServiceGrpc.java:265)
	at org.apache.ratis.grpc.server.GrpcServerProtocolClient.requestVote(GrpcServerProtocolClient.java:99)
	at org.apache.ratis.grpc.server.GrpcService.requestVote(GrpcService.java:204)
	at org.apache.ratis.server.impl.LeaderElection.lambda$submitRequests$1(LeaderElection.java:234)
	at java.util.concurrent.FutureTask.run(FutureTask.java:266)
	at java.util.concurrent.Executors$RunnableAdapter.call(Executors.java:511)
	at java.util.concurrent.FutureTask.run(FutureTask.java:266)
	at java.util.concurrent.ThreadPoolExecutor.runWorker(ThreadPoolExecutor.java:1149)
	at java.util.concurrent.ThreadPoolExecutor$Worker.run(ThreadPoolExecutor.java:624)
	... 1 more
Caused by: org.apache.ratis.thirdparty.io.netty.channel.AbstractChannel$AnnotatedConnectException: Connection refused: /192.168.34.22:38247
	at sun.nio.ch.SocketChannelImpl.checkConnect(Native Method)
	at sun.nio.ch.SocketChannelImpl.finishConnect(SocketChannelImpl.java:717)
	at org.apache.ratis.thirdparty.io.netty.channel.socket.nio.NioSocketChannel.doFinishConnect(NioSocketChannel.java:327)
	at org.apache.ratis.thirdparty.io.netty.channel.nio.AbstractNioChannel$AbstractNioUnsafe.finishConnect(AbstractNioChannel.java:340)
	at org.apache.ratis.thirdparty.io.netty.channel.nio.NioEventLoop.processSelectedKey(NioEventLoop.java:632)
	at org.apache.ratis.thirdparty.io.netty.channel.nio.NioEventLoop.processSelectedKeysOptimized(NioEventLoop.java:579)
	at org.apache.ratis.thirdparty.io.netty.channel.nio.NioEventLoop.processSelectedKeys(NioEventLoop.java:496)
	at org.apache.ratis.thirdparty.io.netty.channel.nio.NioEventLoop.run(NioEventLoop.java:458)
	at org.apache.ratis.thirdparty.io.netty.util.concurrent.SingleThreadEventExecutor$5.run(SingleThreadEventExecutor.java:897)
	at org.apache.ratis.thirdparty.io.netty.util.concurrent.FastThreadLocalRunnable.run(FastThreadLocalRunnable.java:30)
	... 1 more
Caused by: java.net.ConnectException: Connection refused
	... 11 more
2019-10-28 08:20:03,600 [491ad50e-3375-4589-a02d-0269379b43b4@group-7339E3098941-LeaderElection159] INFO  impl.RaftServerImpl (RaftServerImpl.java:setRole(170)) - 491ad50e-3375-4589-a02d-0269379b43b4@group-7339E3098941: changes role from CANDIDATE to FOLLOWER at term 7 for DISCOVERED_A_NEW_TERM
2019-10-28 08:20:03,600 [491ad50e-3375-4589-a02d-0269379b43b4@group-7339E3098941-LeaderElection159] INFO  impl.RoleInfo (RoleInfo.java:shutdownLeaderElection(134)) - 491ad50e-3375-4589-a02d-0269379b43b4: shutdown LeaderElection
2019-10-28 08:20:03,600 [491ad50e-3375-4589-a02d-0269379b43b4@group-7339E3098941-LeaderElection159] INFO  impl.RoleInfo (RoleInfo.java:updateAndGet(143)) - 491ad50e-3375-4589-a02d-0269379b43b4: start FollowerState
2019-10-28 08:20:03,763 [Thread-4285] INFO  impl.FollowerState (FollowerState.java:run(108)) - 6f05e68d-03c1-4824-99f0-3d21915cda5b@group-CE3A4ACBD96B-FollowerState: change to CANDIDATE, lastRpcTime:1102ms, electionTimeout:1102ms
2019-10-28 08:20:03,763 [Thread-4285] INFO  impl.RoleInfo (RoleInfo.java:shutdownFollowerState(121)) - 6f05e68d-03c1-4824-99f0-3d21915cda5b: shutdown FollowerState
2019-10-28 08:20:03,763 [Thread-4285] INFO  impl.RaftServerImpl (RaftServerImpl.java:setRole(170)) - 6f05e68d-03c1-4824-99f0-3d21915cda5b@group-CE3A4ACBD96B: changes role from  FOLLOWER to CANDIDATE at term 2 for changeToCandidate
2019-10-28 08:20:03,763 [Thread-4285] INFO  impl.RoleInfo (RoleInfo.java:updateAndGet(143)) - 6f05e68d-03c1-4824-99f0-3d21915cda5b: start LeaderElection
2019-10-28 08:20:03,776 [6f05e68d-03c1-4824-99f0-3d21915cda5b@group-CE3A4ACBD96B-LeaderElection160] INFO  impl.LeaderElection (LeaderElection.java:askForVotes(178)) - 6f05e68d-03c1-4824-99f0-3d21915cda5b@group-CE3A4ACBD96B-LeaderElection160: begin an election at term 3 for 0: [2aa3b7c6-b90d-4752-89e9-33d25dd86bbd:192.168.34.22:43904, 2a045742-6ad3-4ae4-8313-0bafe5f9a8d8:192.168.34.22:36717, 6f05e68d-03c1-4824-99f0-3d21915cda5b:192.168.34.22:36489], old=null
2019-10-28 08:20:03,777 [6f05e68d-03c1-4824-99f0-3d21915cda5b@group-CE3A4ACBD96B-LeaderElection160] INFO  impl.LeaderElection (LogUtils.java:infoOrTrace(149)) - 6f05e68d-03c1-4824-99f0-3d21915cda5b@group-CE3A4ACBD96B-LeaderElection160 got exception when requesting votes: {}
java.util.concurrent.ExecutionException: org.apache.ratis.thirdparty.io.grpc.StatusRuntimeException: UNAVAILABLE: io exception
	at java.util.concurrent.FutureTask.report(FutureTask.java:122)
	at java.util.concurrent.FutureTask.get(FutureTask.java:192)
	at org.apache.ratis.server.impl.LeaderElection.waitForResults(LeaderElection.java:259)
	at org.apache.ratis.server.impl.LeaderElection.askForVotes(LeaderElection.java:197)
	at org.apache.ratis.server.impl.LeaderElection.run(LeaderElection.java:133)
	at java.lang.Thread.run(Thread.java:748)
Caused by: org.apache.ratis.thirdparty.io.grpc.StatusRuntimeException: UNAVAILABLE: io exception
	at org.apache.ratis.thirdparty.io.grpc.stub.ClientCalls.toStatusRuntimeException(ClientCalls.java:233)
	at org.apache.ratis.thirdparty.io.grpc.stub.ClientCalls.getUnchecked(ClientCalls.java:214)
	at org.apache.ratis.thirdparty.io.grpc.stub.ClientCalls.blockingUnaryCall(ClientCalls.java:139)
	at org.apache.ratis.proto.grpc.RaftServerProtocolServiceGrpc$RaftServerProtocolServiceBlockingStub.requestVote(RaftServerProtocolServiceGrpc.java:265)
	at org.apache.ratis.grpc.server.GrpcServerProtocolClient.requestVote(GrpcServerProtocolClient.java:99)
	at org.apache.ratis.grpc.server.GrpcService.requestVote(GrpcService.java:204)
	at org.apache.ratis.server.impl.LeaderElection.lambda$submitRequests$1(LeaderElection.java:234)
	at java.util.concurrent.FutureTask.run(FutureTask.java:266)
	at java.util.concurrent.Executors$RunnableAdapter.call(Executors.java:511)
	at java.util.concurrent.FutureTask.run(FutureTask.java:266)
	at java.util.concurrent.ThreadPoolExecutor.runWorker(ThreadPoolExecutor.java:1149)
	at java.util.concurrent.ThreadPoolExecutor$Worker.run(ThreadPoolExecutor.java:624)
	... 1 more
Caused by: org.apache.ratis.thirdparty.io.netty.channel.AbstractChannel$AnnotatedConnectException: Connection refused: /192.168.34.22:43904
	at sun.nio.ch.SocketChannelImpl.checkConnect(Native Method)
	at sun.nio.ch.SocketChannelImpl.finishConnect(SocketChannelImpl.java:717)
	at org.apache.ratis.thirdparty.io.netty.channel.socket.nio.NioSocketChannel.doFinishConnect(NioSocketChannel.java:327)
	at org.apache.ratis.thirdparty.io.netty.channel.nio.AbstractNioChannel$AbstractNioUnsafe.finishConnect(AbstractNioChannel.java:340)
	at org.apache.ratis.thirdparty.io.netty.channel.nio.NioEventLoop.processSelectedKey(NioEventLoop.java:632)
	at org.apache.ratis.thirdparty.io.netty.channel.nio.NioEventLoop.processSelectedKeysOptimized(NioEventLoop.java:579)
	at org.apache.ratis.thirdparty.io.netty.channel.nio.NioEventLoop.processSelectedKeys(NioEventLoop.java:496)
	at org.apache.ratis.thirdparty.io.netty.channel.nio.NioEventLoop.run(NioEventLoop.java:458)
	at org.apache.ratis.thirdparty.io.netty.util.concurrent.SingleThreadEventExecutor$5.run(SingleThreadEventExecutor.java:897)
	at org.apache.ratis.thirdparty.io.netty.util.concurrent.FastThreadLocalRunnable.run(FastThreadLocalRunnable.java:30)
	... 1 more
Caused by: java.net.ConnectException: Connection refused
	... 11 more
2019-10-28 08:20:03,778 [6f05e68d-03c1-4824-99f0-3d21915cda5b@group-CE3A4ACBD96B-LeaderElection160] INFO  impl.LeaderElection (LogUtils.java:infoOrTrace(149)) - 6f05e68d-03c1-4824-99f0-3d21915cda5b@group-CE3A4ACBD96B-LeaderElection160 got exception when requesting votes: {}
java.util.concurrent.ExecutionException: org.apache.ratis.thirdparty.io.grpc.StatusRuntimeException: UNAVAILABLE: io exception
	at java.util.concurrent.FutureTask.report(FutureTask.java:122)
	at java.util.concurrent.FutureTask.get(FutureTask.java:192)
	at org.apache.ratis.server.impl.LeaderElection.waitForResults(LeaderElection.java:259)
	at org.apache.ratis.server.impl.LeaderElection.askForVotes(LeaderElection.java:197)
	at org.apache.ratis.server.impl.LeaderElection.run(LeaderElection.java:133)
	at java.lang.Thread.run(Thread.java:748)
Caused by: org.apache.ratis.thirdparty.io.grpc.StatusRuntimeException: UNAVAILABLE: io exception
	at org.apache.ratis.thirdparty.io.grpc.stub.ClientCalls.toStatusRuntimeException(ClientCalls.java:233)
	at org.apache.ratis.thirdparty.io.grpc.stub.ClientCalls.getUnchecked(ClientCalls.java:214)
	at org.apache.ratis.thirdparty.io.grpc.stub.ClientCalls.blockingUnaryCall(ClientCalls.java:139)
	at org.apache.ratis.proto.grpc.RaftServerProtocolServiceGrpc$RaftServerProtocolServiceBlockingStub.requestVote(RaftServerProtocolServiceGrpc.java:265)
	at org.apache.ratis.grpc.server.GrpcServerProtocolClient.requestVote(GrpcServerProtocolClient.java:99)
	at org.apache.ratis.grpc.server.GrpcService.requestVote(GrpcService.java:204)
	at org.apache.ratis.server.impl.LeaderElection.lambda$submitRequests$1(LeaderElection.java:234)
	at java.util.concurrent.FutureTask.run(FutureTask.java:266)
	at java.util.concurrent.Executors$RunnableAdapter.call(Executors.java:511)
	at java.util.concurrent.FutureTask.run(FutureTask.java:266)
	at java.util.concurrent.ThreadPoolExecutor.runWorker(ThreadPoolExecutor.java:1149)
	at java.util.concurrent.ThreadPoolExecutor$Worker.run(ThreadPoolExecutor.java:624)
	... 1 more
Caused by: org.apache.ratis.thirdparty.io.netty.channel.AbstractChannel$AnnotatedConnectException: Connection refused: /192.168.34.22:36717
	at sun.nio.ch.SocketChannelImpl.checkConnect(Native Method)
	at sun.nio.ch.SocketChannelImpl.finishConnect(SocketChannelImpl.java:717)
	at org.apache.ratis.thirdparty.io.netty.channel.socket.nio.NioSocketChannel.doFinishConnect(NioSocketChannel.java:327)
	at org.apache.ratis.thirdparty.io.netty.channel.nio.AbstractNioChannel$AbstractNioUnsafe.finishConnect(AbstractNioChannel.java:340)
	at org.apache.ratis.thirdparty.io.netty.channel.nio.NioEventLoop.processSelectedKey(NioEventLoop.java:632)
	at org.apache.ratis.thirdparty.io.netty.channel.nio.NioEventLoop.processSelectedKeysOptimized(NioEventLoop.java:579)
	at org.apache.ratis.thirdparty.io.netty.channel.nio.NioEventLoop.processSelectedKeys(NioEventLoop.java:496)
	at org.apache.ratis.thirdparty.io.netty.channel.nio.NioEventLoop.run(NioEventLoop.java:458)
	at org.apache.ratis.thirdparty.io.netty.util.concurrent.SingleThreadEventExecutor$5.run(SingleThreadEventExecutor.java:897)
	at org.apache.ratis.thirdparty.io.netty.util.concurrent.FastThreadLocalRunnable.run(FastThreadLocalRunnable.java:30)
	... 1 more
Caused by: java.net.ConnectException: Connection refused
	... 11 more
2019-10-28 08:20:03,778 [6f05e68d-03c1-4824-99f0-3d21915cda5b@group-CE3A4ACBD96B-LeaderElection160] INFO  impl.LeaderElection (LeaderElection.java:logAndReturn(56)) - 6f05e68d-03c1-4824-99f0-3d21915cda5b@group-CE3A4ACBD96B-LeaderElection160: Election REJECTED; received 0 response(s) [] and 2 exception(s); 6f05e68d-03c1-4824-99f0-3d21915cda5b@group-CE3A4ACBD96B:t3, leader=null, voted=6f05e68d-03c1-4824-99f0-3d21915cda5b, raftlog=6f05e68d-03c1-4824-99f0-3d21915cda5b@group-CE3A4ACBD96B-SegmentedRaftLog:OPENED:c0,f0,i0, conf=0: [2aa3b7c6-b90d-4752-89e9-33d25dd86bbd:192.168.34.22:43904, 2a045742-6ad3-4ae4-8313-0bafe5f9a8d8:192.168.34.22:36717, 6f05e68d-03c1-4824-99f0-3d21915cda5b:192.168.34.22:36489], old=null
2019-10-28 08:20:03,778 [6f05e68d-03c1-4824-99f0-3d21915cda5b@group-CE3A4ACBD96B-LeaderElection160] INFO  impl.LeaderElection (LogUtils.java:infoOrTrace(149)) -   Exception 0: {}
java.util.concurrent.ExecutionException: org.apache.ratis.thirdparty.io.grpc.StatusRuntimeException: UNAVAILABLE: io exception
	at java.util.concurrent.FutureTask.report(FutureTask.java:122)
	at java.util.concurrent.FutureTask.get(FutureTask.java:192)
	at org.apache.ratis.server.impl.LeaderElection.waitForResults(LeaderElection.java:259)
	at org.apache.ratis.server.impl.LeaderElection.askForVotes(LeaderElection.java:197)
	at org.apache.ratis.server.impl.LeaderElection.run(LeaderElection.java:133)
	at java.lang.Thread.run(Thread.java:748)
Caused by: org.apache.ratis.thirdparty.io.grpc.StatusRuntimeException: UNAVAILABLE: io exception
	at org.apache.ratis.thirdparty.io.grpc.stub.ClientCalls.toStatusRuntimeException(ClientCalls.java:233)
	at org.apache.ratis.thirdparty.io.grpc.stub.ClientCalls.getUnchecked(ClientCalls.java:214)
	at org.apache.ratis.thirdparty.io.grpc.stub.ClientCalls.blockingUnaryCall(ClientCalls.java:139)
	at org.apache.ratis.proto.grpc.RaftServerProtocolServiceGrpc$RaftServerProtocolServiceBlockingStub.requestVote(RaftServerProtocolServiceGrpc.java:265)
	at org.apache.ratis.grpc.server.GrpcServerProtocolClient.requestVote(GrpcServerProtocolClient.java:99)
	at org.apache.ratis.grpc.server.GrpcService.requestVote(GrpcService.java:204)
	at org.apache.ratis.server.impl.LeaderElection.lambda$submitRequests$1(LeaderElection.java:234)
	at java.util.concurrent.FutureTask.run(FutureTask.java:266)
	at java.util.concurrent.Executors$RunnableAdapter.call(Executors.java:511)
	at java.util.concurrent.FutureTask.run(FutureTask.java:266)
	at java.util.concurrent.ThreadPoolExecutor.runWorker(ThreadPoolExecutor.java:1149)
	at java.util.concurrent.ThreadPoolExecutor$Worker.run(ThreadPoolExecutor.java:624)
	... 1 more
Caused by: org.apache.ratis.thirdparty.io.netty.channel.AbstractChannel$AnnotatedConnectException: Connection refused: /192.168.34.22:43904
	at sun.nio.ch.SocketChannelImpl.checkConnect(Native Method)
	at sun.nio.ch.SocketChannelImpl.finishConnect(SocketChannelImpl.java:717)
	at org.apache.ratis.thirdparty.io.netty.channel.socket.nio.NioSocketChannel.doFinishConnect(NioSocketChannel.java:327)
	at org.apache.ratis.thirdparty.io.netty.channel.nio.AbstractNioChannel$AbstractNioUnsafe.finishConnect(AbstractNioChannel.java:340)
	at org.apache.ratis.thirdparty.io.netty.channel.nio.NioEventLoop.processSelectedKey(NioEventLoop.java:632)
	at org.apache.ratis.thirdparty.io.netty.channel.nio.NioEventLoop.processSelectedKeysOptimized(NioEventLoop.java:579)
	at org.apache.ratis.thirdparty.io.netty.channel.nio.NioEventLoop.processSelectedKeys(NioEventLoop.java:496)
	at org.apache.ratis.thirdparty.io.netty.channel.nio.NioEventLoop.run(NioEventLoop.java:458)
	at org.apache.ratis.thirdparty.io.netty.util.concurrent.SingleThreadEventExecutor$5.run(SingleThreadEventExecutor.java:897)
	at org.apache.ratis.thirdparty.io.netty.util.concurrent.FastThreadLocalRunnable.run(FastThreadLocalRunnable.java:30)
	... 1 more
Caused by: java.net.ConnectException: Connection refused
	... 11 more
2019-10-28 08:20:03,778 [6f05e68d-03c1-4824-99f0-3d21915cda5b@group-CE3A4ACBD96B-LeaderElection160] INFO  impl.LeaderElection (LogUtils.java:infoOrTrace(149)) -   Exception 1: {}
java.util.concurrent.ExecutionException: org.apache.ratis.thirdparty.io.grpc.StatusRuntimeException: UNAVAILABLE: io exception
	at java.util.concurrent.FutureTask.report(FutureTask.java:122)
	at java.util.concurrent.FutureTask.get(FutureTask.java:192)
	at org.apache.ratis.server.impl.LeaderElection.waitForResults(LeaderElection.java:259)
	at org.apache.ratis.server.impl.LeaderElection.askForVotes(LeaderElection.java:197)
	at org.apache.ratis.server.impl.LeaderElection.run(LeaderElection.java:133)
	at java.lang.Thread.run(Thread.java:748)
Caused by: org.apache.ratis.thirdparty.io.grpc.StatusRuntimeException: UNAVAILABLE: io exception
	at org.apache.ratis.thirdparty.io.grpc.stub.ClientCalls.toStatusRuntimeException(ClientCalls.java:233)
	at org.apache.ratis.thirdparty.io.grpc.stub.ClientCalls.getUnchecked(ClientCalls.java:214)
	at org.apache.ratis.thirdparty.io.grpc.stub.ClientCalls.blockingUnaryCall(ClientCalls.java:139)
	at org.apache.ratis.proto.grpc.RaftServerProtocolServiceGrpc$RaftServerProtocolServiceBlockingStub.requestVote(RaftServerProtocolServiceGrpc.java:265)
	at org.apache.ratis.grpc.server.GrpcServerProtocolClient.requestVote(GrpcServerProtocolClient.java:99)
	at org.apache.ratis.grpc.server.GrpcService.requestVote(GrpcService.java:204)
	at org.apache.ratis.server.impl.LeaderElection.lambda$submitRequests$1(LeaderElection.java:234)
	at java.util.concurrent.FutureTask.run(FutureTask.java:266)
	at java.util.concurrent.Executors$RunnableAdapter.call(Executors.java:511)
	at java.util.concurrent.FutureTask.run(FutureTask.java:266)
	at java.util.concurrent.ThreadPoolExecutor.runWorker(ThreadPoolExecutor.java:1149)
	at java.util.concurrent.ThreadPoolExecutor$Worker.run(ThreadPoolExecutor.java:624)
	... 1 more
Caused by: org.apache.ratis.thirdparty.io.netty.channel.AbstractChannel$AnnotatedConnectException: Connection refused: /192.168.34.22:36717
	at sun.nio.ch.SocketChannelImpl.checkConnect(Native Method)
	at sun.nio.ch.SocketChannelImpl.finishConnect(SocketChannelImpl.java:717)
	at org.apache.ratis.thirdparty.io.netty.channel.socket.nio.NioSocketChannel.doFinishConnect(NioSocketChannel.java:327)
	at org.apache.ratis.thirdparty.io.netty.channel.nio.AbstractNioChannel$AbstractNioUnsafe.finishConnect(AbstractNioChannel.java:340)
	at org.apache.ratis.thirdparty.io.netty.channel.nio.NioEventLoop.processSelectedKey(NioEventLoop.java:632)
	at org.apache.ratis.thirdparty.io.netty.channel.nio.NioEventLoop.processSelectedKeysOptimized(NioEventLoop.java:579)
	at org.apache.ratis.thirdparty.io.netty.channel.nio.NioEventLoop.processSelectedKeys(NioEventLoop.java:496)
	at org.apache.ratis.thirdparty.io.netty.channel.nio.NioEventLoop.run(NioEventLoop.java:458)
	at org.apache.ratis.thirdparty.io.netty.util.concurrent.SingleThreadEventExecutor$5.run(SingleThreadEventExecutor.java:897)
	at org.apache.ratis.thirdparty.io.netty.util.concurrent.FastThreadLocalRunnable.run(FastThreadLocalRunnable.java:30)
	... 1 more
Caused by: java.net.ConnectException: Connection refused
	... 11 more
2019-10-28 08:20:03,779 [6f05e68d-03c1-4824-99f0-3d21915cda5b@group-CE3A4ACBD96B-LeaderElection160] INFO  impl.RaftServerImpl (RaftServerImpl.java:setRole(170)) - 6f05e68d-03c1-4824-99f0-3d21915cda5b@group-CE3A4ACBD96B: changes role from CANDIDATE to FOLLOWER at term 3 for DISCOVERED_A_NEW_TERM
2019-10-28 08:20:03,779 [6f05e68d-03c1-4824-99f0-3d21915cda5b@group-CE3A4ACBD96B-LeaderElection160] INFO  impl.RoleInfo (RoleInfo.java:shutdownLeaderElection(134)) - 6f05e68d-03c1-4824-99f0-3d21915cda5b: shutdown LeaderElection
2019-10-28 08:20:03,779 [6f05e68d-03c1-4824-99f0-3d21915cda5b@group-CE3A4ACBD96B-LeaderElection160] INFO  impl.RoleInfo (RoleInfo.java:updateAndGet(143)) - 6f05e68d-03c1-4824-99f0-3d21915cda5b: start FollowerState
2019-10-28 08:20:03,801 [grpc-default-executor-9] WARN  server.GrpcLogAppender (LogUtils.java:warn(134)) - 00d59604-869a-42b3-a19c-0cd76ca30d07@group-C80DD7B1CD18->442f1a8c-01a9-4abf-8c25-ed2da4cb70e7-AppendLogResponseHandler: Failed appendEntries: org.apache.ratis.thirdparty.io.grpc.StatusRuntimeException: UNAVAILABLE: io exception
2019-10-28 08:20:03,801 [grpc-default-executor-9] INFO  impl.FollowerInfo (FollowerInfo.java:lambda$new$0(51)) - 00d59604-869a-42b3-a19c-0cd76ca30d07@group-C80DD7B1CD18->442f1a8c-01a9-4abf-8c25-ed2da4cb70e7: nextIndex: updateUnconditionally 0 -> 0
2019-10-28 08:20:04,302 [grpc-default-executor-9] WARN  server.GrpcLogAppender (LogUtils.java:warn(134)) - 00d59604-869a-42b3-a19c-0cd76ca30d07@group-C80DD7B1CD18->442f1a8c-01a9-4abf-8c25-ed2da4cb70e7-AppendLogResponseHandler: Failed appendEntries: org.apache.ratis.thirdparty.io.grpc.StatusRuntimeException: UNAVAILABLE: io exception
2019-10-28 08:20:04,303 [grpc-default-executor-9] INFO  impl.FollowerInfo (FollowerInfo.java:lambda$new$0(51)) - 00d59604-869a-42b3-a19c-0cd76ca30d07@group-C80DD7B1CD18->442f1a8c-01a9-4abf-8c25-ed2da4cb70e7: nextIndex: updateUnconditionally 0 -> 0
2019-10-28 08:20:04,622 [Thread-4291] INFO  impl.FollowerState (FollowerState.java:run(108)) - 491ad50e-3375-4589-a02d-0269379b43b4@group-7339E3098941-FollowerState: change to CANDIDATE, lastRpcTime:1021ms, electionTimeout:1021ms
2019-10-28 08:20:04,622 [Thread-4291] INFO  impl.RoleInfo (RoleInfo.java:shutdownFollowerState(121)) - 491ad50e-3375-4589-a02d-0269379b43b4: shutdown FollowerState
2019-10-28 08:20:04,622 [Thread-4291] INFO  impl.RaftServerImpl (RaftServerImpl.java:setRole(170)) - 491ad50e-3375-4589-a02d-0269379b43b4@group-7339E3098941: changes role from  FOLLOWER to CANDIDATE at term 7 for changeToCandidate
2019-10-28 08:20:04,622 [Thread-4291] INFO  impl.RoleInfo (RoleInfo.java:updateAndGet(143)) - 491ad50e-3375-4589-a02d-0269379b43b4: start LeaderElection
2019-10-28 08:20:04,637 [491ad50e-3375-4589-a02d-0269379b43b4@group-7339E3098941-LeaderElection161] INFO  impl.LeaderElection (LeaderElection.java:askForVotes(178)) - 491ad50e-3375-4589-a02d-0269379b43b4@group-7339E3098941-LeaderElection161: begin an election at term 8 for 0: [931f47be-92fd-4e78-8b74-097dddc5e38b:192.168.34.22:34284, c538bdf1-684e-4089-9cc6-6fa0b44fa7c7:192.168.34.22:38247, 491ad50e-3375-4589-a02d-0269379b43b4:192.168.34.22:34561], old=null
2019-10-28 08:20:04,638 [491ad50e-3375-4589-a02d-0269379b43b4@group-7339E3098941-LeaderElection161] INFO  impl.LeaderElection (LogUtils.java:infoOrTrace(149)) - 491ad50e-3375-4589-a02d-0269379b43b4@group-7339E3098941-LeaderElection161 got exception when requesting votes: {}
java.util.concurrent.ExecutionException: org.apache.ratis.thirdparty.io.grpc.StatusRuntimeException: UNAVAILABLE: io exception
	at java.util.concurrent.FutureTask.report(FutureTask.java:122)
	at java.util.concurrent.FutureTask.get(FutureTask.java:192)
	at org.apache.ratis.server.impl.LeaderElection.waitForResults(LeaderElection.java:259)
	at org.apache.ratis.server.impl.LeaderElection.askForVotes(LeaderElection.java:197)
	at org.apache.ratis.server.impl.LeaderElection.run(LeaderElection.java:133)
	at java.lang.Thread.run(Thread.java:748)
Caused by: org.apache.ratis.thirdparty.io.grpc.StatusRuntimeException: UNAVAILABLE: io exception
	at org.apache.ratis.thirdparty.io.grpc.stub.ClientCalls.toStatusRuntimeException(ClientCalls.java:233)
	at org.apache.ratis.thirdparty.io.grpc.stub.ClientCalls.getUnchecked(ClientCalls.java:214)
	at org.apache.ratis.thirdparty.io.grpc.stub.ClientCalls.blockingUnaryCall(ClientCalls.java:139)
	at org.apache.ratis.proto.grpc.RaftServerProtocolServiceGrpc$RaftServerProtocolServiceBlockingStub.requestVote(RaftServerProtocolServiceGrpc.java:265)
	at org.apache.ratis.grpc.server.GrpcServerProtocolClient.requestVote(GrpcServerProtocolClient.java:99)
	at org.apache.ratis.grpc.server.GrpcService.requestVote(GrpcService.java:204)
	at org.apache.ratis.server.impl.LeaderElection.lambda$submitRequests$1(LeaderElection.java:234)
	at java.util.concurrent.FutureTask.run(FutureTask.java:266)
	at java.util.concurrent.Executors$RunnableAdapter.call(Executors.java:511)
	at java.util.concurrent.FutureTask.run(FutureTask.java:266)
	at java.util.concurrent.ThreadPoolExecutor.runWorker(ThreadPoolExecutor.java:1149)
	at java.util.concurrent.ThreadPoolExecutor$Worker.run(ThreadPoolExecutor.java:624)
	... 1 more
Caused by: org.apache.ratis.thirdparty.io.netty.channel.AbstractChannel$AnnotatedConnectException: Connection refused: /192.168.34.22:38247
	at sun.nio.ch.SocketChannelImpl.checkConnect(Native Method)
	at sun.nio.ch.SocketChannelImpl.finishConnect(SocketChannelImpl.java:717)
	at org.apache.ratis.thirdparty.io.netty.channel.socket.nio.NioSocketChannel.doFinishConnect(NioSocketChannel.java:327)
	at org.apache.ratis.thirdparty.io.netty.channel.nio.AbstractNioChannel$AbstractNioUnsafe.finishConnect(AbstractNioChannel.java:340)
	at org.apache.ratis.thirdparty.io.netty.channel.nio.NioEventLoop.processSelectedKey(NioEventLoop.java:632)
	at org.apache.ratis.thirdparty.io.netty.channel.nio.NioEventLoop.processSelectedKeysOptimized(NioEventLoop.java:579)
	at org.apache.ratis.thirdparty.io.netty.channel.nio.NioEventLoop.processSelectedKeys(NioEventLoop.java:496)
	at org.apache.ratis.thirdparty.io.netty.channel.nio.NioEventLoop.run(NioEventLoop.java:458)
	at org.apache.ratis.thirdparty.io.netty.util.concurrent.SingleThreadEventExecutor$5.run(SingleThreadEventExecutor.java:897)
	at org.apache.ratis.thirdparty.io.netty.util.concurrent.FastThreadLocalRunnable.run(FastThreadLocalRunnable.java:30)
	... 1 more
Caused by: java.net.ConnectException: Connection refused
	... 11 more
2019-10-28 08:20:04,639 [491ad50e-3375-4589-a02d-0269379b43b4@group-7339E3098941-LeaderElection161] INFO  impl.LeaderElection (LogUtils.java:infoOrTrace(149)) - 491ad50e-3375-4589-a02d-0269379b43b4@group-7339E3098941-LeaderElection161 got exception when requesting votes: {}
java.util.concurrent.ExecutionException: org.apache.ratis.thirdparty.io.grpc.StatusRuntimeException: UNAVAILABLE: io exception
	at java.util.concurrent.FutureTask.report(FutureTask.java:122)
	at java.util.concurrent.FutureTask.get(FutureTask.java:192)
	at org.apache.ratis.server.impl.LeaderElection.waitForResults(LeaderElection.java:259)
	at org.apache.ratis.server.impl.LeaderElection.askForVotes(LeaderElection.java:197)
	at org.apache.ratis.server.impl.LeaderElection.run(LeaderElection.java:133)
	at java.lang.Thread.run(Thread.java:748)
Caused by: org.apache.ratis.thirdparty.io.grpc.StatusRuntimeException: UNAVAILABLE: io exception
	at org.apache.ratis.thirdparty.io.grpc.stub.ClientCalls.toStatusRuntimeException(ClientCalls.java:233)
	at org.apache.ratis.thirdparty.io.grpc.stub.ClientCalls.getUnchecked(ClientCalls.java:214)
	at org.apache.ratis.thirdparty.io.grpc.stub.ClientCalls.blockingUnaryCall(ClientCalls.java:139)
	at org.apache.ratis.proto.grpc.RaftServerProtocolServiceGrpc$RaftServerProtocolServiceBlockingStub.requestVote(RaftServerProtocolServiceGrpc.java:265)
	at org.apache.ratis.grpc.server.GrpcServerProtocolClient.requestVote(GrpcServerProtocolClient.java:99)
	at org.apache.ratis.grpc.server.GrpcService.requestVote(GrpcService.java:204)
	at org.apache.ratis.server.impl.LeaderElection.lambda$submitRequests$1(LeaderElection.java:234)
	at java.util.concurrent.FutureTask.run(FutureTask.java:266)
	at java.util.concurrent.Executors$RunnableAdapter.call(Executors.java:511)
	at java.util.concurrent.FutureTask.run(FutureTask.java:266)
	at java.util.concurrent.ThreadPoolExecutor.runWorker(ThreadPoolExecutor.java:1149)
	at java.util.concurrent.ThreadPoolExecutor$Worker.run(ThreadPoolExecutor.java:624)
	... 1 more
Caused by: org.apache.ratis.thirdparty.io.netty.channel.AbstractChannel$AnnotatedConnectException: Connection refused: /192.168.34.22:34284
	at sun.nio.ch.SocketChannelImpl.checkConnect(Native Method)
	at sun.nio.ch.SocketChannelImpl.finishConnect(SocketChannelImpl.java:717)
	at org.apache.ratis.thirdparty.io.netty.channel.socket.nio.NioSocketChannel.doFinishConnect(NioSocketChannel.java:327)
	at org.apache.ratis.thirdparty.io.netty.channel.nio.AbstractNioChannel$AbstractNioUnsafe.finishConnect(AbstractNioChannel.java:340)
	at org.apache.ratis.thirdparty.io.netty.channel.nio.NioEventLoop.processSelectedKey(NioEventLoop.java:632)
	at org.apache.ratis.thirdparty.io.netty.channel.nio.NioEventLoop.processSelectedKeysOptimized(NioEventLoop.java:579)
	at org.apache.ratis.thirdparty.io.netty.channel.nio.NioEventLoop.processSelectedKeys(NioEventLoop.java:496)
	at org.apache.ratis.thirdparty.io.netty.channel.nio.NioEventLoop.run(NioEventLoop.java:458)
	at org.apache.ratis.thirdparty.io.netty.util.concurrent.SingleThreadEventExecutor$5.run(SingleThreadEventExecutor.java:897)
	at org.apache.ratis.thirdparty.io.netty.util.concurrent.FastThreadLocalRunnable.run(FastThreadLocalRunnable.java:30)
	... 1 more
Caused by: java.net.ConnectException: Connection refused
	... 11 more
2019-10-28 08:20:04,639 [491ad50e-3375-4589-a02d-0269379b43b4@group-7339E3098941-LeaderElection161] INFO  impl.LeaderElection (LeaderElection.java:logAndReturn(56)) - 491ad50e-3375-4589-a02d-0269379b43b4@group-7339E3098941-LeaderElection161: Election REJECTED; received 0 response(s) [] and 2 exception(s); 491ad50e-3375-4589-a02d-0269379b43b4@group-7339E3098941:t8, leader=null, voted=491ad50e-3375-4589-a02d-0269379b43b4, raftlog=491ad50e-3375-4589-a02d-0269379b43b4@group-7339E3098941-SegmentedRaftLog:OPENED:c11,f11,i11, conf=0: [931f47be-92fd-4e78-8b74-097dddc5e38b:192.168.34.22:34284, c538bdf1-684e-4089-9cc6-6fa0b44fa7c7:192.168.34.22:38247, 491ad50e-3375-4589-a02d-0269379b43b4:192.168.34.22:34561], old=null
2019-10-28 08:20:04,639 [491ad50e-3375-4589-a02d-0269379b43b4@group-7339E3098941-LeaderElection161] INFO  impl.LeaderElection (LogUtils.java:infoOrTrace(149)) -   Exception 0: {}
java.util.concurrent.ExecutionException: org.apache.ratis.thirdparty.io.grpc.StatusRuntimeException: UNAVAILABLE: io exception
	at java.util.concurrent.FutureTask.report(FutureTask.java:122)
	at java.util.concurrent.FutureTask.get(FutureTask.java:192)
	at org.apache.ratis.server.impl.LeaderElection.waitForResults(LeaderElection.java:259)
	at org.apache.ratis.server.impl.LeaderElection.askForVotes(LeaderElection.java:197)
	at org.apache.ratis.server.impl.LeaderElection.run(LeaderElection.java:133)
	at java.lang.Thread.run(Thread.java:748)
Caused by: org.apache.ratis.thirdparty.io.grpc.StatusRuntimeException: UNAVAILABLE: io exception
	at org.apache.ratis.thirdparty.io.grpc.stub.ClientCalls.toStatusRuntimeException(ClientCalls.java:233)
	at org.apache.ratis.thirdparty.io.grpc.stub.ClientCalls.getUnchecked(ClientCalls.java:214)
	at org.apache.ratis.thirdparty.io.grpc.stub.ClientCalls.blockingUnaryCall(ClientCalls.java:139)
	at org.apache.ratis.proto.grpc.RaftServerProtocolServiceGrpc$RaftServerProtocolServiceBlockingStub.requestVote(RaftServerProtocolServiceGrpc.java:265)
	at org.apache.ratis.grpc.server.GrpcServerProtocolClient.requestVote(GrpcServerProtocolClient.java:99)
	at org.apache.ratis.grpc.server.GrpcService.requestVote(GrpcService.java:204)
	at org.apache.ratis.server.impl.LeaderElection.lambda$submitRequests$1(LeaderElection.java:234)
	at java.util.concurrent.FutureTask.run(FutureTask.java:266)
	at java.util.concurrent.Executors$RunnableAdapter.call(Executors.java:511)
	at java.util.concurrent.FutureTask.run(FutureTask.java:266)
	at java.util.concurrent.ThreadPoolExecutor.runWorker(ThreadPoolExecutor.java:1149)
	at java.util.concurrent.ThreadPoolExecutor$Worker.run(ThreadPoolExecutor.java:624)
	... 1 more
Caused by: org.apache.ratis.thirdparty.io.netty.channel.AbstractChannel$AnnotatedConnectException: Connection refused: /192.168.34.22:38247
	at sun.nio.ch.SocketChannelImpl.checkConnect(Native Method)
	at sun.nio.ch.SocketChannelImpl.finishConnect(SocketChannelImpl.java:717)
	at org.apache.ratis.thirdparty.io.netty.channel.socket.nio.NioSocketChannel.doFinishConnect(NioSocketChannel.java:327)
	at org.apache.ratis.thirdparty.io.netty.channel.nio.AbstractNioChannel$AbstractNioUnsafe.finishConnect(AbstractNioChannel.java:340)
	at org.apache.ratis.thirdparty.io.netty.channel.nio.NioEventLoop.processSelectedKey(NioEventLoop.java:632)
	at org.apache.ratis.thirdparty.io.netty.channel.nio.NioEventLoop.processSelectedKeysOptimized(NioEventLoop.java:579)
	at org.apache.ratis.thirdparty.io.netty.channel.nio.NioEventLoop.processSelectedKeys(NioEventLoop.java:496)
	at org.apache.ratis.thirdparty.io.netty.channel.nio.NioEventLoop.run(NioEventLoop.java:458)
	at org.apache.ratis.thirdparty.io.netty.util.concurrent.SingleThreadEventExecutor$5.run(SingleThreadEventExecutor.java:897)
	at org.apache.ratis.thirdparty.io.netty.util.concurrent.FastThreadLocalRunnable.run(FastThreadLocalRunnable.java:30)
	... 1 more
Caused by: java.net.ConnectException: Connection refused
	... 11 more
2019-10-28 08:20:04,639 [491ad50e-3375-4589-a02d-0269379b43b4@group-7339E3098941-LeaderElection161] INFO  impl.LeaderElection (LogUtils.java:infoOrTrace(149)) -   Exception 1: {}
java.util.concurrent.ExecutionException: org.apache.ratis.thirdparty.io.grpc.StatusRuntimeException: UNAVAILABLE: io exception
	at java.util.concurrent.FutureTask.report(FutureTask.java:122)
	at java.util.concurrent.FutureTask.get(FutureTask.java:192)
	at org.apache.ratis.server.impl.LeaderElection.waitForResults(LeaderElection.java:259)
	at org.apache.ratis.server.impl.LeaderElection.askForVotes(LeaderElection.java:197)
	at org.apache.ratis.server.impl.LeaderElection.run(LeaderElection.java:133)
	at java.lang.Thread.run(Thread.java:748)
Caused by: org.apache.ratis.thirdparty.io.grpc.StatusRuntimeException: UNAVAILABLE: io exception
	at org.apache.ratis.thirdparty.io.grpc.stub.ClientCalls.toStatusRuntimeException(ClientCalls.java:233)
	at org.apache.ratis.thirdparty.io.grpc.stub.ClientCalls.getUnchecked(ClientCalls.java:214)
	at org.apache.ratis.thirdparty.io.grpc.stub.ClientCalls.blockingUnaryCall(ClientCalls.java:139)
	at org.apache.ratis.proto.grpc.RaftServerProtocolServiceGrpc$RaftServerProtocolServiceBlockingStub.requestVote(RaftServerProtocolServiceGrpc.java:265)
	at org.apache.ratis.grpc.server.GrpcServerProtocolClient.requestVote(GrpcServerProtocolClient.java:99)
	at org.apache.ratis.grpc.server.GrpcService.requestVote(GrpcService.java:204)
	at org.apache.ratis.server.impl.LeaderElection.lambda$submitRequests$1(LeaderElection.java:234)
	at java.util.concurrent.FutureTask.run(FutureTask.java:266)
	at java.util.concurrent.Executors$RunnableAdapter.call(Executors.java:511)
	at java.util.concurrent.FutureTask.run(FutureTask.java:266)
	at java.util.concurrent.ThreadPoolExecutor.runWorker(ThreadPoolExecutor.java:1149)
	at java.util.concurrent.ThreadPoolExecutor$Worker.run(ThreadPoolExecutor.java:624)
	... 1 more
Caused by: org.apache.ratis.thirdparty.io.netty.channel.AbstractChannel$AnnotatedConnectException: Connection refused: /192.168.34.22:34284
	at sun.nio.ch.SocketChannelImpl.checkConnect(Native Method)
	at sun.nio.ch.SocketChannelImpl.finishConnect(SocketChannelImpl.java:717)
	at org.apache.ratis.thirdparty.io.netty.channel.socket.nio.NioSocketChannel.doFinishConnect(NioSocketChannel.java:327)
	at org.apache.ratis.thirdparty.io.netty.channel.nio.AbstractNioChannel$AbstractNioUnsafe.finishConnect(AbstractNioChannel.java:340)
	at org.apache.ratis.thirdparty.io.netty.channel.nio.NioEventLoop.processSelectedKey(NioEventLoop.java:632)
	at org.apache.ratis.thirdparty.io.netty.channel.nio.NioEventLoop.processSelectedKeysOptimized(NioEventLoop.java:579)
	at org.apache.ratis.thirdparty.io.netty.channel.nio.NioEventLoop.processSelectedKeys(NioEventLoop.java:496)
	at org.apache.ratis.thirdparty.io.netty.channel.nio.NioEventLoop.run(NioEventLoop.java:458)
	at org.apache.ratis.thirdparty.io.netty.util.concurrent.SingleThreadEventExecutor$5.run(SingleThreadEventExecutor.java:897)
	at org.apache.ratis.thirdparty.io.netty.util.concurrent.FastThreadLocalRunnable.run(FastThreadLocalRunnable.java:30)
	... 1 more
Caused by: java.net.ConnectException: Connection refused
	... 11 more
2019-10-28 08:20:04,640 [491ad50e-3375-4589-a02d-0269379b43b4@group-7339E3098941-LeaderElection161] INFO  impl.RaftServerImpl (RaftServerImpl.java:setRole(170)) - 491ad50e-3375-4589-a02d-0269379b43b4@group-7339E3098941: changes role from CANDIDATE to FOLLOWER at term 8 for DISCOVERED_A_NEW_TERM
2019-10-28 08:20:04,640 [491ad50e-3375-4589-a02d-0269379b43b4@group-7339E3098941-LeaderElection161] INFO  impl.RoleInfo (RoleInfo.java:shutdownLeaderElection(134)) - 491ad50e-3375-4589-a02d-0269379b43b4: shutdown LeaderElection
2019-10-28 08:20:04,640 [491ad50e-3375-4589-a02d-0269379b43b4@group-7339E3098941-LeaderElection161] INFO  impl.RoleInfo (RoleInfo.java:updateAndGet(143)) - 491ad50e-3375-4589-a02d-0269379b43b4: start FollowerState
2019-10-28 08:20:04,803 [grpc-default-executor-10] WARN  server.GrpcLogAppender (LogUtils.java:warn(134)) - 00d59604-869a-42b3-a19c-0cd76ca30d07@group-C80DD7B1CD18->442f1a8c-01a9-4abf-8c25-ed2da4cb70e7-AppendLogResponseHandler: Failed appendEntries: org.apache.ratis.thirdparty.io.grpc.StatusRuntimeException: UNAVAILABLE: io exception
2019-10-28 08:20:04,803 [grpc-default-executor-10] INFO  impl.FollowerInfo (FollowerInfo.java:lambda$new$0(51)) - 00d59604-869a-42b3-a19c-0cd76ca30d07@group-C80DD7B1CD18->442f1a8c-01a9-4abf-8c25-ed2da4cb70e7: nextIndex: updateUnconditionally 0 -> 0
2019-10-28 08:20:04,908 [Thread-4295] INFO  impl.FollowerState (FollowerState.java:run(108)) - 6f05e68d-03c1-4824-99f0-3d21915cda5b@group-CE3A4ACBD96B-FollowerState: change to CANDIDATE, lastRpcTime:1129ms, electionTimeout:1129ms
2019-10-28 08:20:04,909 [Thread-4295] INFO  impl.RoleInfo (RoleInfo.java:shutdownFollowerState(121)) - 6f05e68d-03c1-4824-99f0-3d21915cda5b: shutdown FollowerState
2019-10-28 08:20:04,909 [Thread-4295] INFO  impl.RaftServerImpl (RaftServerImpl.java:setRole(170)) - 6f05e68d-03c1-4824-99f0-3d21915cda5b@group-CE3A4ACBD96B: changes role from  FOLLOWER to CANDIDATE at term 3 for changeToCandidate
2019-10-28 08:20:04,909 [Thread-4295] INFO  impl.RoleInfo (RoleInfo.java:updateAndGet(143)) - 6f05e68d-03c1-4824-99f0-3d21915cda5b: start LeaderElection
2019-10-28 08:20:04,922 [6f05e68d-03c1-4824-99f0-3d21915cda5b@group-CE3A4ACBD96B-LeaderElection162] INFO  impl.LeaderElection (LeaderElection.java:askForVotes(178)) - 6f05e68d-03c1-4824-99f0-3d21915cda5b@group-CE3A4ACBD96B-LeaderElection162: begin an election at term 4 for 0: [2aa3b7c6-b90d-4752-89e9-33d25dd86bbd:192.168.34.22:43904, 2a045742-6ad3-4ae4-8313-0bafe5f9a8d8:192.168.34.22:36717, 6f05e68d-03c1-4824-99f0-3d21915cda5b:192.168.34.22:36489], old=null
2019-10-28 08:20:04,923 [6f05e68d-03c1-4824-99f0-3d21915cda5b@group-CE3A4ACBD96B-LeaderElection162] INFO  impl.LeaderElection (LogUtils.java:infoOrTrace(149)) - 6f05e68d-03c1-4824-99f0-3d21915cda5b@group-CE3A4ACBD96B-LeaderElection162 got exception when requesting votes: {}
java.util.concurrent.ExecutionException: org.apache.ratis.thirdparty.io.grpc.StatusRuntimeException: UNAVAILABLE: io exception
	at java.util.concurrent.FutureTask.report(FutureTask.java:122)
	at java.util.concurrent.FutureTask.get(FutureTask.java:192)
	at org.apache.ratis.server.impl.LeaderElection.waitForResults(LeaderElection.java:259)
	at org.apache.ratis.server.impl.LeaderElection.askForVotes(LeaderElection.java:197)
	at org.apache.ratis.server.impl.LeaderElection.run(LeaderElection.java:133)
	at java.lang.Thread.run(Thread.java:748)
Caused by: org.apache.ratis.thirdparty.io.grpc.StatusRuntimeException: UNAVAILABLE: io exception
	at org.apache.ratis.thirdparty.io.grpc.stub.ClientCalls.toStatusRuntimeException(ClientCalls.java:233)
	at org.apache.ratis.thirdparty.io.grpc.stub.ClientCalls.getUnchecked(ClientCalls.java:214)
	at org.apache.ratis.thirdparty.io.grpc.stub.ClientCalls.blockingUnaryCall(ClientCalls.java:139)
	at org.apache.ratis.proto.grpc.RaftServerProtocolServiceGrpc$RaftServerProtocolServiceBlockingStub.requestVote(RaftServerProtocolServiceGrpc.java:265)
	at org.apache.ratis.grpc.server.GrpcServerProtocolClient.requestVote(GrpcServerProtocolClient.java:99)
	at org.apache.ratis.grpc.server.GrpcService.requestVote(GrpcService.java:204)
	at org.apache.ratis.server.impl.LeaderElection.lambda$submitRequests$1(LeaderElection.java:234)
	at java.util.concurrent.FutureTask.run(FutureTask.java:266)
	at java.util.concurrent.Executors$RunnableAdapter.call(Executors.java:511)
	at java.util.concurrent.FutureTask.run(FutureTask.java:266)
	at java.util.concurrent.ThreadPoolExecutor.runWorker(ThreadPoolExecutor.java:1149)
	at java.util.concurrent.ThreadPoolExecutor$Worker.run(ThreadPoolExecutor.java:624)
	... 1 more
Caused by: org.apache.ratis.thirdparty.io.netty.channel.AbstractChannel$AnnotatedConnectException: Connection refused: /192.168.34.22:43904
	at sun.nio.ch.SocketChannelImpl.checkConnect(Native Method)
	at sun.nio.ch.SocketChannelImpl.finishConnect(SocketChannelImpl.java:717)
	at org.apache.ratis.thirdparty.io.netty.channel.socket.nio.NioSocketChannel.doFinishConnect(NioSocketChannel.java:327)
	at org.apache.ratis.thirdparty.io.netty.channel.nio.AbstractNioChannel$AbstractNioUnsafe.finishConnect(AbstractNioChannel.java:340)
	at org.apache.ratis.thirdparty.io.netty.channel.nio.NioEventLoop.processSelectedKey(NioEventLoop.java:632)
	at org.apache.ratis.thirdparty.io.netty.channel.nio.NioEventLoop.processSelectedKeysOptimized(NioEventLoop.java:579)
	at org.apache.ratis.thirdparty.io.netty.channel.nio.NioEventLoop.processSelectedKeys(NioEventLoop.java:496)
	at org.apache.ratis.thirdparty.io.netty.channel.nio.NioEventLoop.run(NioEventLoop.java:458)
	at org.apache.ratis.thirdparty.io.netty.util.concurrent.SingleThreadEventExecutor$5.run(SingleThreadEventExecutor.java:897)
	at org.apache.ratis.thirdparty.io.netty.util.concurrent.FastThreadLocalRunnable.run(FastThreadLocalRunnable.java:30)
	... 1 more
Caused by: java.net.ConnectException: Connection refused
	... 11 more
2019-10-28 08:20:04,924 [6f05e68d-03c1-4824-99f0-3d21915cda5b@group-CE3A4ACBD96B-LeaderElection162] INFO  impl.LeaderElection (LogUtils.java:infoOrTrace(149)) - 6f05e68d-03c1-4824-99f0-3d21915cda5b@group-CE3A4ACBD96B-LeaderElection162 got exception when requesting votes: {}
java.util.concurrent.ExecutionException: org.apache.ratis.thirdparty.io.grpc.StatusRuntimeException: UNAVAILABLE: io exception
	at java.util.concurrent.FutureTask.report(FutureTask.java:122)
	at java.util.concurrent.FutureTask.get(FutureTask.java:192)
	at org.apache.ratis.server.impl.LeaderElection.waitForResults(LeaderElection.java:259)
	at org.apache.ratis.server.impl.LeaderElection.askForVotes(LeaderElection.java:197)
	at org.apache.ratis.server.impl.LeaderElection.run(LeaderElection.java:133)
	at java.lang.Thread.run(Thread.java:748)
Caused by: org.apache.ratis.thirdparty.io.grpc.StatusRuntimeException: UNAVAILABLE: io exception
	at org.apache.ratis.thirdparty.io.grpc.stub.ClientCalls.toStatusRuntimeException(ClientCalls.java:233)
	at org.apache.ratis.thirdparty.io.grpc.stub.ClientCalls.getUnchecked(ClientCalls.java:214)
	at org.apache.ratis.thirdparty.io.grpc.stub.ClientCalls.blockingUnaryCall(ClientCalls.java:139)
	at org.apache.ratis.proto.grpc.RaftServerProtocolServiceGrpc$RaftServerProtocolServiceBlockingStub.requestVote(RaftServerProtocolServiceGrpc.java:265)
	at org.apache.ratis.grpc.server.GrpcServerProtocolClient.requestVote(GrpcServerProtocolClient.java:99)
	at org.apache.ratis.grpc.server.GrpcService.requestVote(GrpcService.java:204)
	at org.apache.ratis.server.impl.LeaderElection.lambda$submitRequests$1(LeaderElection.java:234)
	at java.util.concurrent.FutureTask.run(FutureTask.java:266)
	at java.util.concurrent.Executors$RunnableAdapter.call(Executors.java:511)
	at java.util.concurrent.FutureTask.run(FutureTask.java:266)
	at java.util.concurrent.ThreadPoolExecutor.runWorker(ThreadPoolExecutor.java:1149)
	at java.util.concurrent.ThreadPoolExecutor$Worker.run(ThreadPoolExecutor.java:624)
	... 1 more
Caused by: org.apache.ratis.thirdparty.io.netty.channel.AbstractChannel$AnnotatedConnectException: Connection refused: /192.168.34.22:36717
	at sun.nio.ch.SocketChannelImpl.checkConnect(Native Method)
	at sun.nio.ch.SocketChannelImpl.finishConnect(SocketChannelImpl.java:717)
	at org.apache.ratis.thirdparty.io.netty.channel.socket.nio.NioSocketChannel.doFinishConnect(NioSocketChannel.java:327)
	at org.apache.ratis.thirdparty.io.netty.channel.nio.AbstractNioChannel$AbstractNioUnsafe.finishConnect(AbstractNioChannel.java:340)
	at org.apache.ratis.thirdparty.io.netty.channel.nio.NioEventLoop.processSelectedKey(NioEventLoop.java:632)
	at org.apache.ratis.thirdparty.io.netty.channel.nio.NioEventLoop.processSelectedKeysOptimized(NioEventLoop.java:579)
	at org.apache.ratis.thirdparty.io.netty.channel.nio.NioEventLoop.processSelectedKeys(NioEventLoop.java:496)
	at org.apache.ratis.thirdparty.io.netty.channel.nio.NioEventLoop.run(NioEventLoop.java:458)
	at org.apache.ratis.thirdparty.io.netty.util.concurrent.SingleThreadEventExecutor$5.run(SingleThreadEventExecutor.java:897)
	at org.apache.ratis.thirdparty.io.netty.util.concurrent.FastThreadLocalRunnable.run(FastThreadLocalRunnable.java:30)
	... 1 more
Caused by: java.net.ConnectException: Connection refused
	... 11 more
2019-10-28 08:20:04,924 [6f05e68d-03c1-4824-99f0-3d21915cda5b@group-CE3A4ACBD96B-LeaderElection162] INFO  impl.LeaderElection (LeaderElection.java:logAndReturn(56)) - 6f05e68d-03c1-4824-99f0-3d21915cda5b@group-CE3A4ACBD96B-LeaderElection162: Election REJECTED; received 0 response(s) [] and 2 exception(s); 6f05e68d-03c1-4824-99f0-3d21915cda5b@group-CE3A4ACBD96B:t4, leader=null, voted=6f05e68d-03c1-4824-99f0-3d21915cda5b, raftlog=6f05e68d-03c1-4824-99f0-3d21915cda5b@group-CE3A4ACBD96B-SegmentedRaftLog:OPENED:c0,f0,i0, conf=0: [2aa3b7c6-b90d-4752-89e9-33d25dd86bbd:192.168.34.22:43904, 2a045742-6ad3-4ae4-8313-0bafe5f9a8d8:192.168.34.22:36717, 6f05e68d-03c1-4824-99f0-3d21915cda5b:192.168.34.22:36489], old=null
2019-10-28 08:20:04,924 [6f05e68d-03c1-4824-99f0-3d21915cda5b@group-CE3A4ACBD96B-LeaderElection162] INFO  impl.LeaderElection (LogUtils.java:infoOrTrace(149)) -   Exception 0: {}
java.util.concurrent.ExecutionException: org.apache.ratis.thirdparty.io.grpc.StatusRuntimeException: UNAVAILABLE: io exception
	at java.util.concurrent.FutureTask.report(FutureTask.java:122)
	at java.util.concurrent.FutureTask.get(FutureTask.java:192)
	at org.apache.ratis.server.impl.LeaderElection.waitForResults(LeaderElection.java:259)
	at org.apache.ratis.server.impl.LeaderElection.askForVotes(LeaderElection.java:197)
	at org.apache.ratis.server.impl.LeaderElection.run(LeaderElection.java:133)
	at java.lang.Thread.run(Thread.java:748)
Caused by: org.apache.ratis.thirdparty.io.grpc.StatusRuntimeException: UNAVAILABLE: io exception
	at org.apache.ratis.thirdparty.io.grpc.stub.ClientCalls.toStatusRuntimeException(ClientCalls.java:233)
	at org.apache.ratis.thirdparty.io.grpc.stub.ClientCalls.getUnchecked(ClientCalls.java:214)
	at org.apache.ratis.thirdparty.io.grpc.stub.ClientCalls.blockingUnaryCall(ClientCalls.java:139)
	at org.apache.ratis.proto.grpc.RaftServerProtocolServiceGrpc$RaftServerProtocolServiceBlockingStub.requestVote(RaftServerProtocolServiceGrpc.java:265)
	at org.apache.ratis.grpc.server.GrpcServerProtocolClient.requestVote(GrpcServerProtocolClient.java:99)
	at org.apache.ratis.grpc.server.GrpcService.requestVote(GrpcService.java:204)
	at org.apache.ratis.server.impl.LeaderElection.lambda$submitRequests$1(LeaderElection.java:234)
	at java.util.concurrent.FutureTask.run(FutureTask.java:266)
	at java.util.concurrent.Executors$RunnableAdapter.call(Executors.java:511)
	at java.util.concurrent.FutureTask.run(FutureTask.java:266)
	at java.util.concurrent.ThreadPoolExecutor.runWorker(ThreadPoolExecutor.java:1149)
	at java.util.concurrent.ThreadPoolExecutor$Worker.run(ThreadPoolExecutor.java:624)
	... 1 more
Caused by: org.apache.ratis.thirdparty.io.netty.channel.AbstractChannel$AnnotatedConnectException: Connection refused: /192.168.34.22:43904
	at sun.nio.ch.SocketChannelImpl.checkConnect(Native Method)
	at sun.nio.ch.SocketChannelImpl.finishConnect(SocketChannelImpl.java:717)
	at org.apache.ratis.thirdparty.io.netty.channel.socket.nio.NioSocketChannel.doFinishConnect(NioSocketChannel.java:327)
	at org.apache.ratis.thirdparty.io.netty.channel.nio.AbstractNioChannel$AbstractNioUnsafe.finishConnect(AbstractNioChannel.java:340)
	at org.apache.ratis.thirdparty.io.netty.channel.nio.NioEventLoop.processSelectedKey(NioEventLoop.java:632)
	at org.apache.ratis.thirdparty.io.netty.channel.nio.NioEventLoop.processSelectedKeysOptimized(NioEventLoop.java:579)
	at org.apache.ratis.thirdparty.io.netty.channel.nio.NioEventLoop.processSelectedKeys(NioEventLoop.java:496)
	at org.apache.ratis.thirdparty.io.netty.channel.nio.NioEventLoop.run(NioEventLoop.java:458)
	at org.apache.ratis.thirdparty.io.netty.util.concurrent.SingleThreadEventExecutor$5.run(SingleThreadEventExecutor.java:897)
	at org.apache.ratis.thirdparty.io.netty.util.concurrent.FastThreadLocalRunnable.run(FastThreadLocalRunnable.java:30)
	... 1 more
Caused by: java.net.ConnectException: Connection refused
	... 11 more
2019-10-28 08:20:04,925 [6f05e68d-03c1-4824-99f0-3d21915cda5b@group-CE3A4ACBD96B-LeaderElection162] INFO  impl.LeaderElection (LogUtils.java:infoOrTrace(149)) -   Exception 1: {}
java.util.concurrent.ExecutionException: org.apache.ratis.thirdparty.io.grpc.StatusRuntimeException: UNAVAILABLE: io exception
	at java.util.concurrent.FutureTask.report(FutureTask.java:122)
	at java.util.concurrent.FutureTask.get(FutureTask.java:192)
	at org.apache.ratis.server.impl.LeaderElection.waitForResults(LeaderElection.java:259)
	at org.apache.ratis.server.impl.LeaderElection.askForVotes(LeaderElection.java:197)
	at org.apache.ratis.server.impl.LeaderElection.run(LeaderElection.java:133)
	at java.lang.Thread.run(Thread.java:748)
Caused by: org.apache.ratis.thirdparty.io.grpc.StatusRuntimeException: UNAVAILABLE: io exception
	at org.apache.ratis.thirdparty.io.grpc.stub.ClientCalls.toStatusRuntimeException(ClientCalls.java:233)
	at org.apache.ratis.thirdparty.io.grpc.stub.ClientCalls.getUnchecked(ClientCalls.java:214)
	at org.apache.ratis.thirdparty.io.grpc.stub.ClientCalls.blockingUnaryCall(ClientCalls.java:139)
	at org.apache.ratis.proto.grpc.RaftServerProtocolServiceGrpc$RaftServerProtocolServiceBlockingStub.requestVote(RaftServerProtocolServiceGrpc.java:265)
	at org.apache.ratis.grpc.server.GrpcServerProtocolClient.requestVote(GrpcServerProtocolClient.java:99)
	at org.apache.ratis.grpc.server.GrpcService.requestVote(GrpcService.java:204)
	at org.apache.ratis.server.impl.LeaderElection.lambda$submitRequests$1(LeaderElection.java:234)
	at java.util.concurrent.FutureTask.run(FutureTask.java:266)
	at java.util.concurrent.Executors$RunnableAdapter.call(Executors.java:511)
	at java.util.concurrent.FutureTask.run(FutureTask.java:266)
	at java.util.concurrent.ThreadPoolExecutor.runWorker(ThreadPoolExecutor.java:1149)
	at java.util.concurrent.ThreadPoolExecutor$Worker.run(ThreadPoolExecutor.java:624)
	... 1 more
Caused by: org.apache.ratis.thirdparty.io.netty.channel.AbstractChannel$AnnotatedConnectException: Connection refused: /192.168.34.22:36717
	at sun.nio.ch.SocketChannelImpl.checkConnect(Native Method)
	at sun.nio.ch.SocketChannelImpl.finishConnect(SocketChannelImpl.java:717)
	at org.apache.ratis.thirdparty.io.netty.channel.socket.nio.NioSocketChannel.doFinishConnect(NioSocketChannel.java:327)
	at org.apache.ratis.thirdparty.io.netty.channel.nio.AbstractNioChannel$AbstractNioUnsafe.finishConnect(AbstractNioChannel.java:340)
	at org.apache.ratis.thirdparty.io.netty.channel.nio.NioEventLoop.processSelectedKey(NioEventLoop.java:632)
	at org.apache.ratis.thirdparty.io.netty.channel.nio.NioEventLoop.processSelectedKeysOptimized(NioEventLoop.java:579)
	at org.apache.ratis.thirdparty.io.netty.channel.nio.NioEventLoop.processSelectedKeys(NioEventLoop.java:496)
	at org.apache.ratis.thirdparty.io.netty.channel.nio.NioEventLoop.run(NioEventLoop.java:458)
	at org.apache.ratis.thirdparty.io.netty.util.concurrent.SingleThreadEventExecutor$5.run(SingleThreadEventExecutor.java:897)
	at org.apache.ratis.thirdparty.io.netty.util.concurrent.FastThreadLocalRunnable.run(FastThreadLocalRunnable.java:30)
	... 1 more
Caused by: java.net.ConnectException: Connection refused
	... 11 more
2019-10-28 08:20:04,925 [6f05e68d-03c1-4824-99f0-3d21915cda5b@group-CE3A4ACBD96B-LeaderElection162] INFO  impl.RaftServerImpl (RaftServerImpl.java:setRole(170)) - 6f05e68d-03c1-4824-99f0-3d21915cda5b@group-CE3A4ACBD96B: changes role from CANDIDATE to FOLLOWER at term 4 for DISCOVERED_A_NEW_TERM
2019-10-28 08:20:04,927 [6f05e68d-03c1-4824-99f0-3d21915cda5b@group-CE3A4ACBD96B-LeaderElection162] INFO  impl.RoleInfo (RoleInfo.java:shutdownLeaderElection(134)) - 6f05e68d-03c1-4824-99f0-3d21915cda5b: shutdown LeaderElection
2019-10-28 08:20:04,928 [6f05e68d-03c1-4824-99f0-3d21915cda5b@group-CE3A4ACBD96B-LeaderElection162] INFO  impl.RoleInfo (RoleInfo.java:updateAndGet(143)) - 6f05e68d-03c1-4824-99f0-3d21915cda5b: start FollowerState
2019-10-28 08:20:05,307 [grpc-default-executor-10] WARN  server.GrpcLogAppender (LogUtils.java:warn(134)) - 00d59604-869a-42b3-a19c-0cd76ca30d07@group-C80DD7B1CD18->442f1a8c-01a9-4abf-8c25-ed2da4cb70e7-AppendLogResponseHandler: Failed appendEntries: org.apache.ratis.thirdparty.io.grpc.StatusRuntimeException: UNAVAILABLE: io exception
2019-10-28 08:20:05,308 [grpc-default-executor-10] INFO  impl.FollowerInfo (FollowerInfo.java:lambda$new$0(51)) - 00d59604-869a-42b3-a19c-0cd76ca30d07@group-C80DD7B1CD18->442f1a8c-01a9-4abf-8c25-ed2da4cb70e7: nextIndex: updateUnconditionally 0 -> 0
2019-10-28 08:20:05,686 [Thread-4301] INFO  impl.FollowerState (FollowerState.java:run(108)) - 491ad50e-3375-4589-a02d-0269379b43b4@group-7339E3098941-FollowerState: change to CANDIDATE, lastRpcTime:1045ms, electionTimeout:1045ms
2019-10-28 08:20:05,686 [Thread-4301] INFO  impl.RoleInfo (RoleInfo.java:shutdownFollowerState(121)) - 491ad50e-3375-4589-a02d-0269379b43b4: shutdown FollowerState
2019-10-28 08:20:05,687 [Thread-4301] INFO  impl.RaftServerImpl (RaftServerImpl.java:setRole(170)) - 491ad50e-3375-4589-a02d-0269379b43b4@group-7339E3098941: changes role from  FOLLOWER to CANDIDATE at term 8 for changeToCandidate
2019-10-28 08:20:05,687 [Thread-4301] INFO  impl.RoleInfo (RoleInfo.java:updateAndGet(143)) - 491ad50e-3375-4589-a02d-0269379b43b4: start LeaderElection
2019-10-28 08:20:05,704 [491ad50e-3375-4589-a02d-0269379b43b4@group-7339E3098941-LeaderElection163] INFO  impl.LeaderElection (LeaderElection.java:askForVotes(178)) - 491ad50e-3375-4589-a02d-0269379b43b4@group-7339E3098941-LeaderElection163: begin an election at term 9 for 0: [931f47be-92fd-4e78-8b74-097dddc5e38b:192.168.34.22:34284, c538bdf1-684e-4089-9cc6-6fa0b44fa7c7:192.168.34.22:38247, 491ad50e-3375-4589-a02d-0269379b43b4:192.168.34.22:34561], old=null
2019-10-28 08:20:05,706 [491ad50e-3375-4589-a02d-0269379b43b4@group-7339E3098941-LeaderElection163] INFO  impl.LeaderElection (LogUtils.java:infoOrTrace(149)) - 491ad50e-3375-4589-a02d-0269379b43b4@group-7339E3098941-LeaderElection163 got exception when requesting votes: {}
java.util.concurrent.ExecutionException: org.apache.ratis.thirdparty.io.grpc.StatusRuntimeException: UNAVAILABLE: io exception
	at java.util.concurrent.FutureTask.report(FutureTask.java:122)
	at java.util.concurrent.FutureTask.get(FutureTask.java:192)
	at org.apache.ratis.server.impl.LeaderElection.waitForResults(LeaderElection.java:259)
	at org.apache.ratis.server.impl.LeaderElection.askForVotes(LeaderElection.java:197)
	at org.apache.ratis.server.impl.LeaderElection.run(LeaderElection.java:133)
	at java.lang.Thread.run(Thread.java:748)
Caused by: org.apache.ratis.thirdparty.io.grpc.StatusRuntimeException: UNAVAILABLE: io exception
	at org.apache.ratis.thirdparty.io.grpc.stub.ClientCalls.toStatusRuntimeException(ClientCalls.java:233)
	at org.apache.ratis.thirdparty.io.grpc.stub.ClientCalls.getUnchecked(ClientCalls.java:214)
	at org.apache.ratis.thirdparty.io.grpc.stub.ClientCalls.blockingUnaryCall(ClientCalls.java:139)
	at org.apache.ratis.proto.grpc.RaftServerProtocolServiceGrpc$RaftServerProtocolServiceBlockingStub.requestVote(RaftServerProtocolServiceGrpc.java:265)
	at org.apache.ratis.grpc.server.GrpcServerProtocolClient.requestVote(GrpcServerProtocolClient.java:99)
	at org.apache.ratis.grpc.server.GrpcService.requestVote(GrpcService.java:204)
	at org.apache.ratis.server.impl.LeaderElection.lambda$submitRequests$1(LeaderElection.java:234)
	at java.util.concurrent.FutureTask.run(FutureTask.java:266)
	at java.util.concurrent.Executors$RunnableAdapter.call(Executors.java:511)
	at java.util.concurrent.FutureTask.run(FutureTask.java:266)
	at java.util.concurrent.ThreadPoolExecutor.runWorker(ThreadPoolExecutor.java:1149)
	at java.util.concurrent.ThreadPoolExecutor$Worker.run(ThreadPoolExecutor.java:624)
	... 1 more
Caused by: org.apache.ratis.thirdparty.io.netty.channel.AbstractChannel$AnnotatedConnectException: Connection refused: /192.168.34.22:38247
	at sun.nio.ch.SocketChannelImpl.checkConnect(Native Method)
	at sun.nio.ch.SocketChannelImpl.finishConnect(SocketChannelImpl.java:717)
	at org.apache.ratis.thirdparty.io.netty.channel.socket.nio.NioSocketChannel.doFinishConnect(NioSocketChannel.java:327)
	at org.apache.ratis.thirdparty.io.netty.channel.nio.AbstractNioChannel$AbstractNioUnsafe.finishConnect(AbstractNioChannel.java:340)
	at org.apache.ratis.thirdparty.io.netty.channel.nio.NioEventLoop.processSelectedKey(NioEventLoop.java:632)
	at org.apache.ratis.thirdparty.io.netty.channel.nio.NioEventLoop.processSelectedKeysOptimized(NioEventLoop.java:579)
	at org.apache.ratis.thirdparty.io.netty.channel.nio.NioEventLoop.processSelectedKeys(NioEventLoop.java:496)
	at org.apache.ratis.thirdparty.io.netty.channel.nio.NioEventLoop.run(NioEventLoop.java:458)
	at org.apache.ratis.thirdparty.io.netty.util.concurrent.SingleThreadEventExecutor$5.run(SingleThreadEventExecutor.java:897)
	at org.apache.ratis.thirdparty.io.netty.util.concurrent.FastThreadLocalRunnable.run(FastThreadLocalRunnable.java:30)
	... 1 more
Caused by: java.net.ConnectException: Connection refused
	... 11 more
2019-10-28 08:20:05,707 [491ad50e-3375-4589-a02d-0269379b43b4@group-7339E3098941-LeaderElection163] INFO  impl.LeaderElection (LogUtils.java:infoOrTrace(149)) - 491ad50e-3375-4589-a02d-0269379b43b4@group-7339E3098941-LeaderElection163 got exception when requesting votes: {}
java.util.concurrent.ExecutionException: org.apache.ratis.thirdparty.io.grpc.StatusRuntimeException: UNAVAILABLE: io exception
	at java.util.concurrent.FutureTask.report(FutureTask.java:122)
	at java.util.concurrent.FutureTask.get(FutureTask.java:192)
	at org.apache.ratis.server.impl.LeaderElection.waitForResults(LeaderElection.java:259)
	at org.apache.ratis.server.impl.LeaderElection.askForVotes(LeaderElection.java:197)
	at org.apache.ratis.server.impl.LeaderElection.run(LeaderElection.java:133)
	at java.lang.Thread.run(Thread.java:748)
Caused by: org.apache.ratis.thirdparty.io.grpc.StatusRuntimeException: UNAVAILABLE: io exception
	at org.apache.ratis.thirdparty.io.grpc.stub.ClientCalls.toStatusRuntimeException(ClientCalls.java:233)
	at org.apache.ratis.thirdparty.io.grpc.stub.ClientCalls.getUnchecked(ClientCalls.java:214)
	at org.apache.ratis.thirdparty.io.grpc.stub.ClientCalls.blockingUnaryCall(ClientCalls.java:139)
	at org.apache.ratis.proto.grpc.RaftServerProtocolServiceGrpc$RaftServerProtocolServiceBlockingStub.requestVote(RaftServerProtocolServiceGrpc.java:265)
	at org.apache.ratis.grpc.server.GrpcServerProtocolClient.requestVote(GrpcServerProtocolClient.java:99)
	at org.apache.ratis.grpc.server.GrpcService.requestVote(GrpcService.java:204)
	at org.apache.ratis.server.impl.LeaderElection.lambda$submitRequests$1(LeaderElection.java:234)
	at java.util.concurrent.FutureTask.run(FutureTask.java:266)
	at java.util.concurrent.Executors$RunnableAdapter.call(Executors.java:511)
	at java.util.concurrent.FutureTask.run(FutureTask.java:266)
	at java.util.concurrent.ThreadPoolExecutor.runWorker(ThreadPoolExecutor.java:1149)
	at java.util.concurrent.ThreadPoolExecutor$Worker.run(ThreadPoolExecutor.java:624)
	... 1 more
Caused by: org.apache.ratis.thirdparty.io.netty.channel.AbstractChannel$AnnotatedConnectException: Connection refused: /192.168.34.22:34284
	at sun.nio.ch.SocketChannelImpl.checkConnect(Native Method)
	at sun.nio.ch.SocketChannelImpl.finishConnect(SocketChannelImpl.java:717)
	at org.apache.ratis.thirdparty.io.netty.channel.socket.nio.NioSocketChannel.doFinishConnect(NioSocketChannel.java:327)
	at org.apache.ratis.thirdparty.io.netty.channel.nio.AbstractNioChannel$AbstractNioUnsafe.finishConnect(AbstractNioChannel.java:340)
	at org.apache.ratis.thirdparty.io.netty.channel.nio.NioEventLoop.processSelectedKey(NioEventLoop.java:632)
	at org.apache.ratis.thirdparty.io.netty.channel.nio.NioEventLoop.processSelectedKeysOptimized(NioEventLoop.java:579)
	at org.apache.ratis.thirdparty.io.netty.channel.nio.NioEventLoop.processSelectedKeys(NioEventLoop.java:496)
	at org.apache.ratis.thirdparty.io.netty.channel.nio.NioEventLoop.run(NioEventLoop.java:458)
	at org.apache.ratis.thirdparty.io.netty.util.concurrent.SingleThreadEventExecutor$5.run(SingleThreadEventExecutor.java:897)
	at org.apache.ratis.thirdparty.io.netty.util.concurrent.FastThreadLocalRunnable.run(FastThreadLocalRunnable.java:30)
	... 1 more
Caused by: java.net.ConnectException: Connection refused
	... 11 more
2019-10-28 08:20:05,708 [491ad50e-3375-4589-a02d-0269379b43b4@group-7339E3098941-LeaderElection163] INFO  impl.LeaderElection (LeaderElection.java:logAndReturn(56)) - 491ad50e-3375-4589-a02d-0269379b43b4@group-7339E3098941-LeaderElection163: Election REJECTED; received 0 response(s) [] and 2 exception(s); 491ad50e-3375-4589-a02d-0269379b43b4@group-7339E3098941:t9, leader=null, voted=491ad50e-3375-4589-a02d-0269379b43b4, raftlog=491ad50e-3375-4589-a02d-0269379b43b4@group-7339E3098941-SegmentedRaftLog:OPENED:c11,f11,i11, conf=0: [931f47be-92fd-4e78-8b74-097dddc5e38b:192.168.34.22:34284, c538bdf1-684e-4089-9cc6-6fa0b44fa7c7:192.168.34.22:38247, 491ad50e-3375-4589-a02d-0269379b43b4:192.168.34.22:34561], old=null
2019-10-28 08:20:05,708 [491ad50e-3375-4589-a02d-0269379b43b4@group-7339E3098941-LeaderElection163] INFO  impl.LeaderElection (LogUtils.java:infoOrTrace(149)) -   Exception 0: {}
java.util.concurrent.ExecutionException: org.apache.ratis.thirdparty.io.grpc.StatusRuntimeException: UNAVAILABLE: io exception
	at java.util.concurrent.FutureTask.report(FutureTask.java:122)
	at java.util.concurrent.FutureTask.get(FutureTask.java:192)
	at org.apache.ratis.server.impl.LeaderElection.waitForResults(LeaderElection.java:259)
	at org.apache.ratis.server.impl.LeaderElection.askForVotes(LeaderElection.java:197)
	at org.apache.ratis.server.impl.LeaderElection.run(LeaderElection.java:133)
	at java.lang.Thread.run(Thread.java:748)
Caused by: org.apache.ratis.thirdparty.io.grpc.StatusRuntimeException: UNAVAILABLE: io exception
	at org.apache.ratis.thirdparty.io.grpc.stub.ClientCalls.toStatusRuntimeException(ClientCalls.java:233)
	at org.apache.ratis.thirdparty.io.grpc.stub.ClientCalls.getUnchecked(ClientCalls.java:214)
	at org.apache.ratis.thirdparty.io.grpc.stub.ClientCalls.blockingUnaryCall(ClientCalls.java:139)
	at org.apache.ratis.proto.grpc.RaftServerProtocolServiceGrpc$RaftServerProtocolServiceBlockingStub.requestVote(RaftServerProtocolServiceGrpc.java:265)
	at org.apache.ratis.grpc.server.GrpcServerProtocolClient.requestVote(GrpcServerProtocolClient.java:99)
	at org.apache.ratis.grpc.server.GrpcService.requestVote(GrpcService.java:204)
	at org.apache.ratis.server.impl.LeaderElection.lambda$submitRequests$1(LeaderElection.java:234)
	at java.util.concurrent.FutureTask.run(FutureTask.java:266)
	at java.util.concurrent.Executors$RunnableAdapter.call(Executors.java:511)
	at java.util.concurrent.FutureTask.run(FutureTask.java:266)
	at java.util.concurrent.ThreadPoolExecutor.runWorker(ThreadPoolExecutor.java:1149)
	at java.util.concurrent.ThreadPoolExecutor$Worker.run(ThreadPoolExecutor.java:624)
	... 1 more
Caused by: org.apache.ratis.thirdparty.io.netty.channel.AbstractChannel$AnnotatedConnectException: Connection refused: /192.168.34.22:38247
	at sun.nio.ch.SocketChannelImpl.checkConnect(Native Method)
	at sun.nio.ch.SocketChannelImpl.finishConnect(SocketChannelImpl.java:717)
	at org.apache.ratis.thirdparty.io.netty.channel.socket.nio.NioSocketChannel.doFinishConnect(NioSocketChannel.java:327)
	at org.apache.ratis.thirdparty.io.netty.channel.nio.AbstractNioChannel$AbstractNioUnsafe.finishConnect(AbstractNioChannel.java:340)
	at org.apache.ratis.thirdparty.io.netty.channel.nio.NioEventLoop.processSelectedKey(NioEventLoop.java:632)
	at org.apache.ratis.thirdparty.io.netty.channel.nio.NioEventLoop.processSelectedKeysOptimized(NioEventLoop.java:579)
	at org.apache.ratis.thirdparty.io.netty.channel.nio.NioEventLoop.processSelectedKeys(NioEventLoop.java:496)
	at org.apache.ratis.thirdparty.io.netty.channel.nio.NioEventLoop.run(NioEventLoop.java:458)
	at org.apache.ratis.thirdparty.io.netty.util.concurrent.SingleThreadEventExecutor$5.run(SingleThreadEventExecutor.java:897)
	at org.apache.ratis.thirdparty.io.netty.util.concurrent.FastThreadLocalRunnable.run(FastThreadLocalRunnable.java:30)
	... 1 more
Caused by: java.net.ConnectException: Connection refused
	... 11 more
2019-10-28 08:20:05,709 [491ad50e-3375-4589-a02d-0269379b43b4@group-7339E3098941-LeaderElection163] INFO  impl.LeaderElection (LogUtils.java:infoOrTrace(149)) -   Exception 1: {}
java.util.concurrent.ExecutionException: org.apache.ratis.thirdparty.io.grpc.StatusRuntimeException: UNAVAILABLE: io exception
	at java.util.concurrent.FutureTask.report(FutureTask.java:122)
	at java.util.concurrent.FutureTask.get(FutureTask.java:192)
	at org.apache.ratis.server.impl.LeaderElection.waitForResults(LeaderElection.java:259)
	at org.apache.ratis.server.impl.LeaderElection.askForVotes(LeaderElection.java:197)
	at org.apache.ratis.server.impl.LeaderElection.run(LeaderElection.java:133)
	at java.lang.Thread.run(Thread.java:748)
Caused by: org.apache.ratis.thirdparty.io.grpc.StatusRuntimeException: UNAVAILABLE: io exception
	at org.apache.ratis.thirdparty.io.grpc.stub.ClientCalls.toStatusRuntimeException(ClientCalls.java:233)
	at org.apache.ratis.thirdparty.io.grpc.stub.ClientCalls.getUnchecked(ClientCalls.java:214)
	at org.apache.ratis.thirdparty.io.grpc.stub.ClientCalls.blockingUnaryCall(ClientCalls.java:139)
	at org.apache.ratis.proto.grpc.RaftServerProtocolServiceGrpc$RaftServerProtocolServiceBlockingStub.requestVote(RaftServerProtocolServiceGrpc.java:265)
	at org.apache.ratis.grpc.server.GrpcServerProtocolClient.requestVote(GrpcServerProtocolClient.java:99)
	at org.apache.ratis.grpc.server.GrpcService.requestVote(GrpcService.java:204)
	at org.apache.ratis.server.impl.LeaderElection.lambda$submitRequests$1(LeaderElection.java:234)
	at java.util.concurrent.FutureTask.run(FutureTask.java:266)
	at java.util.concurrent.Executors$RunnableAdapter.call(Executors.java:511)
	at java.util.concurrent.FutureTask.run(FutureTask.java:266)
	at java.util.concurrent.ThreadPoolExecutor.runWorker(ThreadPoolExecutor.java:1149)
	at java.util.concurrent.ThreadPoolExecutor$Worker.run(ThreadPoolExecutor.java:624)
	... 1 more
Caused by: org.apache.ratis.thirdparty.io.netty.channel.AbstractChannel$AnnotatedConnectException: Connection refused: /192.168.34.22:34284
	at sun.nio.ch.SocketChannelImpl.checkConnect(Native Method)
	at sun.nio.ch.SocketChannelImpl.finishConnect(SocketChannelImpl.java:717)
	at org.apache.ratis.thirdparty.io.netty.channel.socket.nio.NioSocketChannel.doFinishConnect(NioSocketChannel.java:327)
	at org.apache.ratis.thirdparty.io.netty.channel.nio.AbstractNioChannel$AbstractNioUnsafe.finishConnect(AbstractNioChannel.java:340)
	at org.apache.ratis.thirdparty.io.netty.channel.nio.NioEventLoop.processSelectedKey(NioEventLoop.java:632)
	at org.apache.ratis.thirdparty.io.netty.channel.nio.NioEventLoop.processSelectedKeysOptimized(NioEventLoop.java:579)
	at org.apache.ratis.thirdparty.io.netty.channel.nio.NioEventLoop.processSelectedKeys(NioEventLoop.java:496)
	at org.apache.ratis.thirdparty.io.netty.channel.nio.NioEventLoop.run(NioEventLoop.java:458)
	at org.apache.ratis.thirdparty.io.netty.util.concurrent.SingleThreadEventExecutor$5.run(SingleThreadEventExecutor.java:897)
	at org.apache.ratis.thirdparty.io.netty.util.concurrent.FastThreadLocalRunnable.run(FastThreadLocalRunnable.java:30)
	... 1 more
Caused by: java.net.ConnectException: Connection refused
	... 11 more
2019-10-28 08:20:05,709 [491ad50e-3375-4589-a02d-0269379b43b4@group-7339E3098941-LeaderElection163] INFO  impl.RaftServerImpl (RaftServerImpl.java:setRole(170)) - 491ad50e-3375-4589-a02d-0269379b43b4@group-7339E3098941: changes role from CANDIDATE to FOLLOWER at term 9 for DISCOVERED_A_NEW_TERM
2019-10-28 08:20:05,710 [491ad50e-3375-4589-a02d-0269379b43b4@group-7339E3098941-LeaderElection163] INFO  impl.RoleInfo (RoleInfo.java:shutdownLeaderElection(134)) - 491ad50e-3375-4589-a02d-0269379b43b4: shutdown LeaderElection
2019-10-28 08:20:05,710 [491ad50e-3375-4589-a02d-0269379b43b4@group-7339E3098941-LeaderElection163] INFO  impl.RoleInfo (RoleInfo.java:updateAndGet(143)) - 491ad50e-3375-4589-a02d-0269379b43b4: start FollowerState
2019-10-28 08:20:05,805 [grpc-default-executor-1] WARN  server.GrpcLogAppender (LogUtils.java:warn(134)) - 00d59604-869a-42b3-a19c-0cd76ca30d07@group-C80DD7B1CD18->442f1a8c-01a9-4abf-8c25-ed2da4cb70e7-AppendLogResponseHandler: Failed appendEntries: org.apache.ratis.thirdparty.io.grpc.StatusRuntimeException: UNAVAILABLE: io exception
2019-10-28 08:20:05,805 [grpc-default-executor-1] INFO  impl.FollowerInfo (FollowerInfo.java:lambda$new$0(51)) - 00d59604-869a-42b3-a19c-0cd76ca30d07@group-C80DD7B1CD18->442f1a8c-01a9-4abf-8c25-ed2da4cb70e7: nextIndex: updateUnconditionally 0 -> 0
2019-10-28 08:20:06,082 [Thread-4306] INFO  impl.FollowerState (FollowerState.java:run(108)) - 6f05e68d-03c1-4824-99f0-3d21915cda5b@group-CE3A4ACBD96B-FollowerState: change to CANDIDATE, lastRpcTime:1153ms, electionTimeout:1153ms
2019-10-28 08:20:06,082 [Thread-4306] INFO  impl.RoleInfo (RoleInfo.java:shutdownFollowerState(121)) - 6f05e68d-03c1-4824-99f0-3d21915cda5b: shutdown FollowerState
2019-10-28 08:20:06,082 [Thread-4306] INFO  impl.RaftServerImpl (RaftServerImpl.java:setRole(170)) - 6f05e68d-03c1-4824-99f0-3d21915cda5b@group-CE3A4ACBD96B: changes role from  FOLLOWER to CANDIDATE at term 4 for changeToCandidate
2019-10-28 08:20:06,082 [Thread-4306] INFO  impl.RoleInfo (RoleInfo.java:updateAndGet(143)) - 6f05e68d-03c1-4824-99f0-3d21915cda5b: start LeaderElection
2019-10-28 08:20:06,096 [6f05e68d-03c1-4824-99f0-3d21915cda5b@group-CE3A4ACBD96B-LeaderElection164] INFO  impl.LeaderElection (LeaderElection.java:askForVotes(178)) - 6f05e68d-03c1-4824-99f0-3d21915cda5b@group-CE3A4ACBD96B-LeaderElection164: begin an election at term 5 for 0: [2aa3b7c6-b90d-4752-89e9-33d25dd86bbd:192.168.34.22:43904, 2a045742-6ad3-4ae4-8313-0bafe5f9a8d8:192.168.34.22:36717, 6f05e68d-03c1-4824-99f0-3d21915cda5b:192.168.34.22:36489], old=null
2019-10-28 08:20:06,098 [6f05e68d-03c1-4824-99f0-3d21915cda5b@group-CE3A4ACBD96B-LeaderElection164] INFO  impl.LeaderElection (LogUtils.java:infoOrTrace(149)) - 6f05e68d-03c1-4824-99f0-3d21915cda5b@group-CE3A4ACBD96B-LeaderElection164 got exception when requesting votes: {}
java.util.concurrent.ExecutionException: org.apache.ratis.thirdparty.io.grpc.StatusRuntimeException: UNAVAILABLE: io exception
	at java.util.concurrent.FutureTask.report(FutureTask.java:122)
	at java.util.concurrent.FutureTask.get(FutureTask.java:192)
	at org.apache.ratis.server.impl.LeaderElection.waitForResults(LeaderElection.java:259)
	at org.apache.ratis.server.impl.LeaderElection.askForVotes(LeaderElection.java:197)
	at org.apache.ratis.server.impl.LeaderElection.run(LeaderElection.java:133)
	at java.lang.Thread.run(Thread.java:748)
Caused by: org.apache.ratis.thirdparty.io.grpc.StatusRuntimeException: UNAVAILABLE: io exception
	at org.apache.ratis.thirdparty.io.grpc.stub.ClientCalls.toStatusRuntimeException(ClientCalls.java:233)
	at org.apache.ratis.thirdparty.io.grpc.stub.ClientCalls.getUnchecked(ClientCalls.java:214)
	at org.apache.ratis.thirdparty.io.grpc.stub.ClientCalls.blockingUnaryCall(ClientCalls.java:139)
	at org.apache.ratis.proto.grpc.RaftServerProtocolServiceGrpc$RaftServerProtocolServiceBlockingStub.requestVote(RaftServerProtocolServiceGrpc.java:265)
	at org.apache.ratis.grpc.server.GrpcServerProtocolClient.requestVote(GrpcServerProtocolClient.java:99)
	at org.apache.ratis.grpc.server.GrpcService.requestVote(GrpcService.java:204)
	at org.apache.ratis.server.impl.LeaderElection.lambda$submitRequests$1(LeaderElection.java:234)
	at java.util.concurrent.FutureTask.run(FutureTask.java:266)
	at java.util.concurrent.Executors$RunnableAdapter.call(Executors.java:511)
	at java.util.concurrent.FutureTask.run(FutureTask.java:266)
	at java.util.concurrent.ThreadPoolExecutor.runWorker(ThreadPoolExecutor.java:1149)
	at java.util.concurrent.ThreadPoolExecutor$Worker.run(ThreadPoolExecutor.java:624)
	... 1 more
Caused by: org.apache.ratis.thirdparty.io.netty.channel.AbstractChannel$AnnotatedConnectException: Connection refused: /192.168.34.22:36717
	at sun.nio.ch.SocketChannelImpl.checkConnect(Native Method)
	at sun.nio.ch.SocketChannelImpl.finishConnect(SocketChannelImpl.java:717)
	at org.apache.ratis.thirdparty.io.netty.channel.socket.nio.NioSocketChannel.doFinishConnect(NioSocketChannel.java:327)
	at org.apache.ratis.thirdparty.io.netty.channel.nio.AbstractNioChannel$AbstractNioUnsafe.finishConnect(AbstractNioChannel.java:340)
	at org.apache.ratis.thirdparty.io.netty.channel.nio.NioEventLoop.processSelectedKey(NioEventLoop.java:632)
	at org.apache.ratis.thirdparty.io.netty.channel.nio.NioEventLoop.processSelectedKeysOptimized(NioEventLoop.java:579)
	at org.apache.ratis.thirdparty.io.netty.channel.nio.NioEventLoop.processSelectedKeys(NioEventLoop.java:496)
	at org.apache.ratis.thirdparty.io.netty.channel.nio.NioEventLoop.run(NioEventLoop.java:458)
	at org.apache.ratis.thirdparty.io.netty.util.concurrent.SingleThreadEventExecutor$5.run(SingleThreadEventExecutor.java:897)
	at org.apache.ratis.thirdparty.io.netty.util.concurrent.FastThreadLocalRunnable.run(FastThreadLocalRunnable.java:30)
	... 1 more
Caused by: java.net.ConnectException: Connection refused
	... 11 more
2019-10-28 08:20:06,098 [6f05e68d-03c1-4824-99f0-3d21915cda5b@group-CE3A4ACBD96B-LeaderElection164] INFO  impl.LeaderElection (LogUtils.java:infoOrTrace(149)) - 6f05e68d-03c1-4824-99f0-3d21915cda5b@group-CE3A4ACBD96B-LeaderElection164 got exception when requesting votes: {}
java.util.concurrent.ExecutionException: org.apache.ratis.thirdparty.io.grpc.StatusRuntimeException: UNAVAILABLE: io exception
	at java.util.concurrent.FutureTask.report(FutureTask.java:122)
	at java.util.concurrent.FutureTask.get(FutureTask.java:192)
	at org.apache.ratis.server.impl.LeaderElection.waitForResults(LeaderElection.java:259)
	at org.apache.ratis.server.impl.LeaderElection.askForVotes(LeaderElection.java:197)
	at org.apache.ratis.server.impl.LeaderElection.run(LeaderElection.java:133)
	at java.lang.Thread.run(Thread.java:748)
Caused by: org.apache.ratis.thirdparty.io.grpc.StatusRuntimeException: UNAVAILABLE: io exception
	at org.apache.ratis.thirdparty.io.grpc.stub.ClientCalls.toStatusRuntimeException(ClientCalls.java:233)
	at org.apache.ratis.thirdparty.io.grpc.stub.ClientCalls.getUnchecked(ClientCalls.java:214)
	at org.apache.ratis.thirdparty.io.grpc.stub.ClientCalls.blockingUnaryCall(ClientCalls.java:139)
	at org.apache.ratis.proto.grpc.RaftServerProtocolServiceGrpc$RaftServerProtocolServiceBlockingStub.requestVote(RaftServerProtocolServiceGrpc.java:265)
	at org.apache.ratis.grpc.server.GrpcServerProtocolClient.requestVote(GrpcServerProtocolClient.java:99)
	at org.apache.ratis.grpc.server.GrpcService.requestVote(GrpcService.java:204)
	at org.apache.ratis.server.impl.LeaderElection.lambda$submitRequests$1(LeaderElection.java:234)
	at java.util.concurrent.FutureTask.run(FutureTask.java:266)
	at java.util.concurrent.Executors$RunnableAdapter.call(Executors.java:511)
	at java.util.concurrent.FutureTask.run(FutureTask.java:266)
	at java.util.concurrent.ThreadPoolExecutor.runWorker(ThreadPoolExecutor.java:1149)
	at java.util.concurrent.ThreadPoolExecutor$Worker.run(ThreadPoolExecutor.java:624)
	... 1 more
Caused by: org.apache.ratis.thirdparty.io.netty.channel.AbstractChannel$AnnotatedConnectException: Connection refused: /192.168.34.22:43904
	at sun.nio.ch.SocketChannelImpl.checkConnect(Native Method)
	at sun.nio.ch.SocketChannelImpl.finishConnect(SocketChannelImpl.java:717)
	at org.apache.ratis.thirdparty.io.netty.channel.socket.nio.NioSocketChannel.doFinishConnect(NioSocketChannel.java:327)
	at org.apache.ratis.thirdparty.io.netty.channel.nio.AbstractNioChannel$AbstractNioUnsafe.finishConnect(AbstractNioChannel.java:340)
	at org.apache.ratis.thirdparty.io.netty.channel.nio.NioEventLoop.processSelectedKey(NioEventLoop.java:632)
	at org.apache.ratis.thirdparty.io.netty.channel.nio.NioEventLoop.processSelectedKeysOptimized(NioEventLoop.java:579)
	at org.apache.ratis.thirdparty.io.netty.channel.nio.NioEventLoop.processSelectedKeys(NioEventLoop.java:496)
	at org.apache.ratis.thirdparty.io.netty.channel.nio.NioEventLoop.run(NioEventLoop.java:458)
	at org.apache.ratis.thirdparty.io.netty.util.concurrent.SingleThreadEventExecutor$5.run(SingleThreadEventExecutor.java:897)
	at org.apache.ratis.thirdparty.io.netty.util.concurrent.FastThreadLocalRunnable.run(FastThreadLocalRunnable.java:30)
	... 1 more
Caused by: java.net.ConnectException: Connection refused
	... 11 more
2019-10-28 08:20:06,099 [6f05e68d-03c1-4824-99f0-3d21915cda5b@group-CE3A4ACBD96B-LeaderElection164] INFO  impl.LeaderElection (LeaderElection.java:logAndReturn(56)) - 6f05e68d-03c1-4824-99f0-3d21915cda5b@group-CE3A4ACBD96B-LeaderElection164: Election REJECTED; received 0 response(s) [] and 2 exception(s); 6f05e68d-03c1-4824-99f0-3d21915cda5b@group-CE3A4ACBD96B:t5, leader=null, voted=6f05e68d-03c1-4824-99f0-3d21915cda5b, raftlog=6f05e68d-03c1-4824-99f0-3d21915cda5b@group-CE3A4ACBD96B-SegmentedRaftLog:OPENED:c0,f0,i0, conf=0: [2aa3b7c6-b90d-4752-89e9-33d25dd86bbd:192.168.34.22:43904, 2a045742-6ad3-4ae4-8313-0bafe5f9a8d8:192.168.34.22:36717, 6f05e68d-03c1-4824-99f0-3d21915cda5b:192.168.34.22:36489], old=null
2019-10-28 08:20:06,099 [6f05e68d-03c1-4824-99f0-3d21915cda5b@group-CE3A4ACBD96B-LeaderElection164] INFO  impl.LeaderElection (LogUtils.java:infoOrTrace(149)) -   Exception 0: {}
java.util.concurrent.ExecutionException: org.apache.ratis.thirdparty.io.grpc.StatusRuntimeException: UNAVAILABLE: io exception
	at java.util.concurrent.FutureTask.report(FutureTask.java:122)
	at java.util.concurrent.FutureTask.get(FutureTask.java:192)
	at org.apache.ratis.server.impl.LeaderElection.waitForResults(LeaderElection.java:259)
	at org.apache.ratis.server.impl.LeaderElection.askForVotes(LeaderElection.java:197)
	at org.apache.ratis.server.impl.LeaderElection.run(LeaderElection.java:133)
	at java.lang.Thread.run(Thread.java:748)
Caused by: org.apache.ratis.thirdparty.io.grpc.StatusRuntimeException: UNAVAILABLE: io exception
	at org.apache.ratis.thirdparty.io.grpc.stub.ClientCalls.toStatusRuntimeException(ClientCalls.java:233)
	at org.apache.ratis.thirdparty.io.grpc.stub.ClientCalls.getUnchecked(ClientCalls.java:214)
	at org.apache.ratis.thirdparty.io.grpc.stub.ClientCalls.blockingUnaryCall(ClientCalls.java:139)
	at org.apache.ratis.proto.grpc.RaftServerProtocolServiceGrpc$RaftServerProtocolServiceBlockingStub.requestVote(RaftServerProtocolServiceGrpc.java:265)
	at org.apache.ratis.grpc.server.GrpcServerProtocolClient.requestVote(GrpcServerProtocolClient.java:99)
	at org.apache.ratis.grpc.server.GrpcService.requestVote(GrpcService.java:204)
	at org.apache.ratis.server.impl.LeaderElection.lambda$submitRequests$1(LeaderElection.java:234)
	at java.util.concurrent.FutureTask.run(FutureTask.java:266)
	at java.util.concurrent.Executors$RunnableAdapter.call(Executors.java:511)
	at java.util.concurrent.FutureTask.run(FutureTask.java:266)
	at java.util.concurrent.ThreadPoolExecutor.runWorker(ThreadPoolExecutor.java:1149)
	at java.util.concurrent.ThreadPoolExecutor$Worker.run(ThreadPoolExecutor.java:624)
	... 1 more
Caused by: org.apache.ratis.thirdparty.io.netty.channel.AbstractChannel$AnnotatedConnectException: Connection refused: /192.168.34.22:36717
	at sun.nio.ch.SocketChannelImpl.checkConnect(Native Method)
	at sun.nio.ch.SocketChannelImpl.finishConnect(SocketChannelImpl.java:717)
	at org.apache.ratis.thirdparty.io.netty.channel.socket.nio.NioSocketChannel.doFinishConnect(NioSocketChannel.java:327)
	at org.apache.ratis.thirdparty.io.netty.channel.nio.AbstractNioChannel$AbstractNioUnsafe.finishConnect(AbstractNioChannel.java:340)
	at org.apache.ratis.thirdparty.io.netty.channel.nio.NioEventLoop.processSelectedKey(NioEventLoop.java:632)
	at org.apache.ratis.thirdparty.io.netty.channel.nio.NioEventLoop.processSelectedKeysOptimized(NioEventLoop.java:579)
	at org.apache.ratis.thirdparty.io.netty.channel.nio.NioEventLoop.processSelectedKeys(NioEventLoop.java:496)
	at org.apache.ratis.thirdparty.io.netty.channel.nio.NioEventLoop.run(NioEventLoop.java:458)
	at org.apache.ratis.thirdparty.io.netty.util.concurrent.SingleThreadEventExecutor$5.run(SingleThreadEventExecutor.java:897)
	at org.apache.ratis.thirdparty.io.netty.util.concurrent.FastThreadLocalRunnable.run(FastThreadLocalRunnable.java:30)
	... 1 more
Caused by: java.net.ConnectException: Connection refused
	... 11 more
2019-10-28 08:20:06,099 [6f05e68d-03c1-4824-99f0-3d21915cda5b@group-CE3A4ACBD96B-LeaderElection164] INFO  impl.LeaderElection (LogUtils.java:infoOrTrace(149)) -   Exception 1: {}
java.util.concurrent.ExecutionException: org.apache.ratis.thirdparty.io.grpc.StatusRuntimeException: UNAVAILABLE: io exception
	at java.util.concurrent.FutureTask.report(FutureTask.java:122)
	at java.util.concurrent.FutureTask.get(FutureTask.java:192)
	at org.apache.ratis.server.impl.LeaderElection.waitForResults(LeaderElection.java:259)
	at org.apache.ratis.server.impl.LeaderElection.askForVotes(LeaderElection.java:197)
	at org.apache.ratis.server.impl.LeaderElection.run(LeaderElection.java:133)
	at java.lang.Thread.run(Thread.java:748)
Caused by: org.apache.ratis.thirdparty.io.grpc.StatusRuntimeException: UNAVAILABLE: io exception
	at org.apache.ratis.thirdparty.io.grpc.stub.ClientCalls.toStatusRuntimeException(ClientCalls.java:233)
	at org.apache.ratis.thirdparty.io.grpc.stub.ClientCalls.getUnchecked(ClientCalls.java:214)
	at org.apache.ratis.thirdparty.io.grpc.stub.ClientCalls.blockingUnaryCall(ClientCalls.java:139)
	at org.apache.ratis.proto.grpc.RaftServerProtocolServiceGrpc$RaftServerProtocolServiceBlockingStub.requestVote(RaftServerProtocolServiceGrpc.java:265)
	at org.apache.ratis.grpc.server.GrpcServerProtocolClient.requestVote(GrpcServerProtocolClient.java:99)
	at org.apache.ratis.grpc.server.GrpcService.requestVote(GrpcService.java:204)
	at org.apache.ratis.server.impl.LeaderElection.lambda$submitRequests$1(LeaderElection.java:234)
	at java.util.concurrent.FutureTask.run(FutureTask.java:266)
	at java.util.concurrent.Executors$RunnableAdapter.call(Executors.java:511)
	at java.util.concurrent.FutureTask.run(FutureTask.java:266)
	at java.util.concurrent.ThreadPoolExecutor.runWorker(ThreadPoolExecutor.java:1149)
	at java.util.concurrent.ThreadPoolExecutor$Worker.run(ThreadPoolExecutor.java:624)
	... 1 more
Caused by: org.apache.ratis.thirdparty.io.netty.channel.AbstractChannel$AnnotatedConnectException: Connection refused: /192.168.34.22:43904
	at sun.nio.ch.SocketChannelImpl.checkConnect(Native Method)
	at sun.nio.ch.SocketChannelImpl.finishConnect(SocketChannelImpl.java:717)
	at org.apache.ratis.thirdparty.io.netty.channel.socket.nio.NioSocketChannel.doFinishConnect(NioSocketChannel.java:327)
	at org.apache.ratis.thirdparty.io.netty.channel.nio.AbstractNioChannel$AbstractNioUnsafe.finishConnect(AbstractNioChannel.java:340)
	at org.apache.ratis.thirdparty.io.netty.channel.nio.NioEventLoop.processSelectedKey(NioEventLoop.java:632)
	at org.apache.ratis.thirdparty.io.netty.channel.nio.NioEventLoop.processSelectedKeysOptimized(NioEventLoop.java:579)
	at org.apache.ratis.thirdparty.io.netty.channel.nio.NioEventLoop.processSelectedKeys(NioEventLoop.java:496)
	at org.apache.ratis.thirdparty.io.netty.channel.nio.NioEventLoop.run(NioEventLoop.java:458)
	at org.apache.ratis.thirdparty.io.netty.util.concurrent.SingleThreadEventExecutor$5.run(SingleThreadEventExecutor.java:897)
	at org.apache.ratis.thirdparty.io.netty.util.concurrent.FastThreadLocalRunnable.run(FastThreadLocalRunnable.java:30)
	... 1 more
Caused by: java.net.ConnectException: Connection refused
	... 11 more
2019-10-28 08:20:06,100 [6f05e68d-03c1-4824-99f0-3d21915cda5b@group-CE3A4ACBD96B-LeaderElection164] INFO  impl.RaftServerImpl (RaftServerImpl.java:setRole(170)) - 6f05e68d-03c1-4824-99f0-3d21915cda5b@group-CE3A4ACBD96B: changes role from CANDIDATE to FOLLOWER at term 5 for DISCOVERED_A_NEW_TERM
2019-10-28 08:20:06,100 [6f05e68d-03c1-4824-99f0-3d21915cda5b@group-CE3A4ACBD96B-LeaderElection164] INFO  impl.RoleInfo (RoleInfo.java:shutdownLeaderElection(134)) - 6f05e68d-03c1-4824-99f0-3d21915cda5b: shutdown LeaderElection
2019-10-28 08:20:06,100 [6f05e68d-03c1-4824-99f0-3d21915cda5b@group-CE3A4ACBD96B-LeaderElection164] INFO  impl.RoleInfo (RoleInfo.java:updateAndGet(143)) - 6f05e68d-03c1-4824-99f0-3d21915cda5b: start FollowerState
2019-10-28 08:20:06,306 [grpc-default-executor-9] WARN  server.GrpcLogAppender (LogUtils.java:warn(134)) - 00d59604-869a-42b3-a19c-0cd76ca30d07@group-C80DD7B1CD18->442f1a8c-01a9-4abf-8c25-ed2da4cb70e7-AppendLogResponseHandler: Failed appendEntries: org.apache.ratis.thirdparty.io.grpc.StatusRuntimeException: UNAVAILABLE: io exception
2019-10-28 08:20:06,307 [grpc-default-executor-9] INFO  impl.FollowerInfo (FollowerInfo.java:lambda$new$0(51)) - 00d59604-869a-42b3-a19c-0cd76ca30d07@group-C80DD7B1CD18->442f1a8c-01a9-4abf-8c25-ed2da4cb70e7: nextIndex: updateUnconditionally 0 -> 0
2019-10-28 08:20:06,592 [main] INFO  ozoneimpl.OzoneContainer (OzoneContainer.java:stop(227)) - Attempting to stop container services.
2019-10-28 08:20:06,593 [main] INFO  impl.RaftServerProxy (RaftServerProxy.java:lambda$close$4(314)) - 491ad50e-3375-4589-a02d-0269379b43b4: close
2019-10-28 08:20:06,594 [main] INFO  impl.RaftServerImpl (RaftServerImpl.java:lambda$shutdown$3(247)) - 491ad50e-3375-4589-a02d-0269379b43b4@group-D57F3B3CFE7B: shutdown
2019-10-28 08:20:06,594 [main] INFO  util.JmxRegister (JmxRegister.java:unregister(73)) - Successfully un-registered JMX Bean with object name Ratis:service=RaftServer,group=group-D57F3B3CFE7B,id=491ad50e-3375-4589-a02d-0269379b43b4
2019-10-28 08:20:06,594 [main] INFO  impl.RoleInfo (RoleInfo.java:shutdownLeaderState(104)) - 491ad50e-3375-4589-a02d-0269379b43b4: shutdown LeaderState
2019-10-28 08:20:06,595 [main] INFO  impl.PendingRequests (PendingRequests.java:sendNotLeaderResponses(202)) - 491ad50e-3375-4589-a02d-0269379b43b4@group-D57F3B3CFE7B-PendingRequests: sendNotLeaderResponses
2019-10-28 08:20:06,596 [main] INFO  impl.StateMachineUpdater (StateMachineUpdater.java:stopAndJoin(136)) - 491ad50e-3375-4589-a02d-0269379b43b4@group-D57F3B3CFE7B-StateMachineUpdater: set stopIndex = 0
2019-10-28 08:20:06,596 [main] INFO  impl.RaftServerImpl (ServerState.java:close(387)) - 491ad50e-3375-4589-a02d-0269379b43b4@group-D57F3B3CFE7B: closes. applyIndex: 0
2019-10-28 08:20:06,597 [491ad50e-3375-4589-a02d-0269379b43b4@group-D57F3B3CFE7B-SegmentedRaftLogWorker] INFO  segmented.SegmentedRaftLogWorker (SegmentedRaftLogWorker.java:run(316)) - 491ad50e-3375-4589-a02d-0269379b43b4@group-D57F3B3CFE7B-SegmentedRaftLogWorker was interrupted, exiting. There are 0 tasks remaining in the queue.
2019-10-28 08:20:06,597 [main] INFO  segmented.SegmentedRaftLogWorker (SegmentedRaftLogWorker.java:close(224)) - 491ad50e-3375-4589-a02d-0269379b43b4@group-D57F3B3CFE7B-SegmentedRaftLogWorker close()
2019-10-28 08:20:06,600 [main] INFO  impl.RaftServerImpl (RaftServerImpl.java:lambda$shutdown$3(247)) - 491ad50e-3375-4589-a02d-0269379b43b4@group-7339E3098941: shutdown
2019-10-28 08:20:06,601 [main] INFO  util.JmxRegister (JmxRegister.java:unregister(73)) - Successfully un-registered JMX Bean with object name Ratis:service=RaftServer,group=group-7339E3098941,id=491ad50e-3375-4589-a02d-0269379b43b4
2019-10-28 08:20:06,601 [main] INFO  impl.RoleInfo (RoleInfo.java:shutdownFollowerState(121)) - 491ad50e-3375-4589-a02d-0269379b43b4: shutdown FollowerState
2019-10-28 08:20:06,601 [main] INFO  impl.StateMachineUpdater (StateMachineUpdater.java:stopAndJoin(136)) - 491ad50e-3375-4589-a02d-0269379b43b4@group-7339E3098941-StateMachineUpdater: set stopIndex = 11
2019-10-28 08:20:06,601 [Thread-4311] INFO  impl.FollowerState (FollowerState.java:run(117)) - 491ad50e-3375-4589-a02d-0269379b43b4@group-7339E3098941-FollowerState was interrupted: java.lang.InterruptedException: sleep interrupted
2019-10-28 08:20:06,601 [491ad50e-3375-4589-a02d-0269379b43b4@group-7339E3098941-StateMachineUpdater] INFO  ratis.ContainerStateMachine (ContainerStateMachine.java:takeSnapshot(294)) - group-7339E3098941: Taking a snapshot at:(t:1, i:11) file /workdir/hadoop-ozone/integration-test/target/test-dir/MiniOzoneClusterImpl-15e79e0b-a28f-4a98-99e1-aed18379cb8e/datanode-8/data/ratis/66c16d5b-b617-4d7e-9075-7339e3098941/sm/snapshot.1_11
2019-10-28 08:20:06,602 [ForkJoinPool.commonPool-worker-1] INFO  ozoneimpl.OzoneContainer (OzoneContainer.java:stop(227)) - Attempting to stop container services.
2019-10-28 08:20:06,603 [ForkJoinPool.commonPool-worker-1] INFO  impl.RaftServerProxy (RaftServerProxy.java:lambda$close$4(314)) - 8dd013f2-bbde-4487-bce9-479ed92de2a3: close
2019-10-28 08:20:06,603 [ForkJoinPool.commonPool-worker-1] INFO  impl.RaftServerImpl (RaftServerImpl.java:lambda$shutdown$3(247)) - 8dd013f2-bbde-4487-bce9-479ed92de2a3@group-F5129AA3BD50: shutdown
2019-10-28 08:20:06,603 [ForkJoinPool.commonPool-worker-1] INFO  util.JmxRegister (JmxRegister.java:unregister(73)) - Successfully un-registered JMX Bean with object name Ratis:service=RaftServer,group=group-F5129AA3BD50,id=8dd013f2-bbde-4487-bce9-479ed92de2a3
2019-10-28 08:20:06,603 [ForkJoinPool.commonPool-worker-1] INFO  impl.RoleInfo (RoleInfo.java:shutdownLeaderState(104)) - 8dd013f2-bbde-4487-bce9-479ed92de2a3: shutdown LeaderState
2019-10-28 08:20:06,604 [ForkJoinPool.commonPool-worker-1] INFO  impl.PendingRequests (PendingRequests.java:sendNotLeaderResponses(202)) - 8dd013f2-bbde-4487-bce9-479ed92de2a3@group-F5129AA3BD50-PendingRequests: sendNotLeaderResponses
2019-10-28 08:20:06,604 [ForkJoinPool.commonPool-worker-1] INFO  impl.StateMachineUpdater (StateMachineUpdater.java:stopAndJoin(136)) - 8dd013f2-bbde-4487-bce9-479ed92de2a3@group-F5129AA3BD50-StateMachineUpdater: set stopIndex = 0
2019-10-28 08:20:06,604 [ForkJoinPool.commonPool-worker-1] INFO  impl.RaftServerImpl (ServerState.java:close(387)) - 8dd013f2-bbde-4487-bce9-479ed92de2a3@group-F5129AA3BD50: closes. applyIndex: 0
2019-10-28 08:20:06,605 [8dd013f2-bbde-4487-bce9-479ed92de2a3@group-F5129AA3BD50-SegmentedRaftLogWorker] INFO  segmented.SegmentedRaftLogWorker (SegmentedRaftLogWorker.java:run(316)) - 8dd013f2-bbde-4487-bce9-479ed92de2a3@group-F5129AA3BD50-SegmentedRaftLogWorker was interrupted, exiting. There are 0 tasks remaining in the queue.
2019-10-28 08:20:06,605 [ForkJoinPool.commonPool-worker-1] INFO  segmented.SegmentedRaftLogWorker (SegmentedRaftLogWorker.java:close(224)) - 8dd013f2-bbde-4487-bce9-479ed92de2a3@group-F5129AA3BD50-SegmentedRaftLogWorker close()
2019-10-28 08:20:06,607 [ForkJoinPool.commonPool-worker-1] INFO  impl.RaftServerImpl (RaftServerImpl.java:lambda$shutdown$3(247)) - 8dd013f2-bbde-4487-bce9-479ed92de2a3@group-C80DD7B1CD18: shutdown
2019-10-28 08:20:06,607 [ForkJoinPool.commonPool-worker-1] INFO  util.JmxRegister (JmxRegister.java:unregister(73)) - Successfully un-registered JMX Bean with object name Ratis:service=RaftServer,group=group-C80DD7B1CD18,id=8dd013f2-bbde-4487-bce9-479ed92de2a3
2019-10-28 08:20:06,607 [ForkJoinPool.commonPool-worker-1] INFO  impl.RoleInfo (RoleInfo.java:shutdownFollowerState(121)) - 8dd013f2-bbde-4487-bce9-479ed92de2a3: shutdown FollowerState
2019-10-28 08:20:06,608 [ForkJoinPool.commonPool-worker-1] INFO  impl.StateMachineUpdater (StateMachineUpdater.java:stopAndJoin(136)) - 8dd013f2-bbde-4487-bce9-479ed92de2a3@group-C80DD7B1CD18-StateMachineUpdater: set stopIndex = 4
2019-10-28 08:20:06,608 [Thread-3769] INFO  impl.FollowerState (FollowerState.java:run(117)) - 8dd013f2-bbde-4487-bce9-479ed92de2a3@group-C80DD7B1CD18-FollowerState was interrupted: java.lang.InterruptedException: sleep interrupted
2019-10-28 08:20:06,608 [8dd013f2-bbde-4487-bce9-479ed92de2a3@group-C80DD7B1CD18-StateMachineUpdater] INFO  ratis.ContainerStateMachine (ContainerStateMachine.java:takeSnapshot(294)) - group-C80DD7B1CD18: Taking a snapshot at:(t:1, i:3) file /workdir/hadoop-ozone/integration-test/target/test-dir/MiniOzoneClusterImpl-15e79e0b-a28f-4a98-99e1-aed18379cb8e/datanode-0/data/ratis/31a891bf-d74e-417a-9d39-c80dd7b1cd18/sm/snapshot.1_3
2019-10-28 08:20:06,615 [491ad50e-3375-4589-a02d-0269379b43b4@group-7339E3098941-StateMachineUpdater] INFO  ratis.ContainerStateMachine (ContainerStateMachine.java:takeSnapshot(305)) - group-7339E3098941: Finished taking a snapshot at:(t:1, i:11) file:/workdir/hadoop-ozone/integration-test/target/test-dir/MiniOzoneClusterImpl-15e79e0b-a28f-4a98-99e1-aed18379cb8e/datanode-8/data/ratis/66c16d5b-b617-4d7e-9075-7339e3098941/sm/snapshot.1_11 time:14
2019-10-28 08:20:06,615 [8dd013f2-bbde-4487-bce9-479ed92de2a3@group-C80DD7B1CD18-StateMachineUpdater] INFO  ratis.ContainerStateMachine (ContainerStateMachine.java:takeSnapshot(305)) - group-C80DD7B1CD18: Finished taking a snapshot at:(t:1, i:3) file:/workdir/hadoop-ozone/integration-test/target/test-dir/MiniOzoneClusterImpl-15e79e0b-a28f-4a98-99e1-aed18379cb8e/datanode-0/data/ratis/31a891bf-d74e-417a-9d39-c80dd7b1cd18/sm/snapshot.1_3 time:8
2019-10-28 08:20:06,615 [491ad50e-3375-4589-a02d-0269379b43b4@group-7339E3098941-StateMachineUpdater] INFO  impl.StateMachineUpdater (StateMachineUpdater.java:takeSnapshot(269)) - 491ad50e-3375-4589-a02d-0269379b43b4@group-7339E3098941-StateMachineUpdater: Took a snapshot at index 11
2019-10-28 08:20:06,616 [491ad50e-3375-4589-a02d-0269379b43b4@group-7339E3098941-StateMachineUpdater] INFO  impl.StateMachineUpdater (StateMachineUpdater.java:lambda$new$0(84)) - 491ad50e-3375-4589-a02d-0269379b43b4@group-7339E3098941-StateMachineUpdater: snapshotIndex: updateIncreasingly -1 -> 11
2019-10-28 08:20:06,616 [8dd013f2-bbde-4487-bce9-479ed92de2a3@group-C80DD7B1CD18-StateMachineUpdater] INFO  impl.StateMachineUpdater (StateMachineUpdater.java:takeSnapshot(269)) - 8dd013f2-bbde-4487-bce9-479ed92de2a3@group-C80DD7B1CD18-StateMachineUpdater: Took a snapshot at index 3
2019-10-28 08:20:06,616 [8dd013f2-bbde-4487-bce9-479ed92de2a3@group-C80DD7B1CD18-StateMachineUpdater] INFO  impl.StateMachineUpdater (StateMachineUpdater.java:lambda$new$0(84)) - 8dd013f2-bbde-4487-bce9-479ed92de2a3@group-C80DD7B1CD18-StateMachineUpdater: snapshotIndex: updateIncreasingly -1 -> 3
2019-10-28 08:20:06,616 [8dd013f2-bbde-4487-bce9-479ed92de2a3@group-C80DD7B1CD18-StateMachineUpdater] INFO  ratis.ContainerStateMachine (ContainerStateMachine.java:takeSnapshot(294)) - group-C80DD7B1CD18: Taking a snapshot at:(t:1, i:3) file /workdir/hadoop-ozone/integration-test/target/test-dir/MiniOzoneClusterImpl-15e79e0b-a28f-4a98-99e1-aed18379cb8e/datanode-0/data/ratis/31a891bf-d74e-417a-9d39-c80dd7b1cd18/sm/snapshot.1_3
2019-10-28 08:20:06,616 [main] INFO  impl.RaftServerImpl (ServerState.java:close(387)) - 491ad50e-3375-4589-a02d-0269379b43b4@group-7339E3098941: closes. applyIndex: 11
2019-10-28 08:20:06,617 [491ad50e-3375-4589-a02d-0269379b43b4@group-7339E3098941-SegmentedRaftLogWorker] INFO  segmented.SegmentedRaftLogWorker (SegmentedRaftLogWorker.java:run(316)) - 491ad50e-3375-4589-a02d-0269379b43b4@group-7339E3098941-SegmentedRaftLogWorker was interrupted, exiting. There are 0 tasks remaining in the queue.
2019-10-28 08:20:06,617 [main] INFO  segmented.SegmentedRaftLogWorker (SegmentedRaftLogWorker.java:close(224)) - 491ad50e-3375-4589-a02d-0269379b43b4@group-7339E3098941-SegmentedRaftLogWorker close()
2019-10-28 08:20:06,619 [main] INFO  server.GrpcService (GrpcService.java:closeImpl(164)) - 491ad50e-3375-4589-a02d-0269379b43b4: shutdown server with port 34561 now
2019-10-28 08:20:06,620 [main] INFO  server.GrpcService (GrpcService.java:closeImpl(172)) - 491ad50e-3375-4589-a02d-0269379b43b4: shutdown server with port 34561 successfully
2019-10-28 08:20:06,625 [refreshUsed-/workdir/hadoop-ozone/integration-test/target/test-dir/MiniOzoneClusterImpl-15e79e0b-a28f-4a98-99e1-aed18379cb8e/datanode-8/data/containers] WARN  fs.CachingGetSpaceUsed (CachingGetSpaceUsed.java:run(183)) - Thread Interrupted waiting to refresh disk information: sleep interrupted
2019-10-28 08:20:06,629 [8dd013f2-bbde-4487-bce9-479ed92de2a3@group-C80DD7B1CD18-StateMachineUpdater] INFO  ratis.ContainerStateMachine (ContainerStateMachine.java:takeSnapshot(305)) - group-C80DD7B1CD18: Finished taking a snapshot at:(t:1, i:3) file:/workdir/hadoop-ozone/integration-test/target/test-dir/MiniOzoneClusterImpl-15e79e0b-a28f-4a98-99e1-aed18379cb8e/datanode-0/data/ratis/31a891bf-d74e-417a-9d39-c80dd7b1cd18/sm/snapshot.1_3 time:14
2019-10-28 08:20:06,630 [8dd013f2-bbde-4487-bce9-479ed92de2a3@group-C80DD7B1CD18-StateMachineUpdater] INFO  impl.StateMachineUpdater (StateMachineUpdater.java:takeSnapshot(269)) - 8dd013f2-bbde-4487-bce9-479ed92de2a3@group-C80DD7B1CD18-StateMachineUpdater: Took a snapshot at index 3
2019-10-28 08:20:06,630 [8dd013f2-bbde-4487-bce9-479ed92de2a3@group-C80DD7B1CD18-StateMachineUpdater] INFO  impl.StateMachineUpdater (StateMachineUpdater.java:lambda$new$0(84)) - 8dd013f2-bbde-4487-bce9-479ed92de2a3@group-C80DD7B1CD18-StateMachineUpdater: snapshotIndex: updateIncreasingly 3 -> 3
2019-10-28 08:20:06,630 [ForkJoinPool.commonPool-worker-1] INFO  impl.RaftServerImpl (ServerState.java:close(387)) - 8dd013f2-bbde-4487-bce9-479ed92de2a3@group-C80DD7B1CD18: closes. applyIndex: 4
2019-10-28 08:20:06,631 [8dd013f2-bbde-4487-bce9-479ed92de2a3@group-C80DD7B1CD18-SegmentedRaftLogWorker] INFO  segmented.SegmentedRaftLogWorker (SegmentedRaftLogWorker.java:run(316)) - 8dd013f2-bbde-4487-bce9-479ed92de2a3@group-C80DD7B1CD18-SegmentedRaftLogWorker was interrupted, exiting. There are 0 tasks remaining in the queue.
2019-10-28 08:20:06,631 [ForkJoinPool.commonPool-worker-1] INFO  segmented.SegmentedRaftLogWorker (SegmentedRaftLogWorker.java:close(224)) - 8dd013f2-bbde-4487-bce9-479ed92de2a3@group-C80DD7B1CD18-SegmentedRaftLogWorker close()
2019-10-28 08:20:06,633 [ForkJoinPool.commonPool-worker-1] INFO  server.GrpcService (GrpcService.java:closeImpl(164)) - 8dd013f2-bbde-4487-bce9-479ed92de2a3: shutdown server with port 35242 now
2019-10-28 08:20:06,634 [grpc-default-executor-10] WARN  server.GrpcServerProtocolService (LogUtils.java:warn(134)) - 8dd013f2-bbde-4487-bce9-479ed92de2a3: installSnapshot onError, lastRequest: 00d59604-869a-42b3-a19c-0cd76ca30d07->8dd013f2-bbde-4487-bce9-479ed92de2a3#85-t1, previous=(t:1, i:4), leaderCommit=4, initializing? false, entries: <empty>: org.apache.ratis.thirdparty.io.grpc.StatusRuntimeException: CANCELLED: cancelled before receiving half close
2019-10-28 08:20:06,634 [grpc-default-executor-1] WARN  server.GrpcLogAppender (LogUtils.java:warn(134)) - 00d59604-869a-42b3-a19c-0cd76ca30d07@group-C80DD7B1CD18->8dd013f2-bbde-4487-bce9-479ed92de2a3-AppendLogResponseHandler: Failed appendEntries: org.apache.ratis.thirdparty.io.grpc.StatusRuntimeException: CANCELLED: HTTP/2 error code: CANCEL
Received Rst Stream
2019-10-28 08:20:06,634 [ForkJoinPool.commonPool-worker-1] INFO  server.GrpcService (GrpcService.java:closeImpl(172)) - 8dd013f2-bbde-4487-bce9-479ed92de2a3: shutdown server with port 35242 successfully
2019-10-28 08:20:06,634 [grpc-default-executor-1] INFO  impl.FollowerInfo (FollowerInfo.java:lambda$new$0(51)) - 00d59604-869a-42b3-a19c-0cd76ca30d07@group-C80DD7B1CD18->8dd013f2-bbde-4487-bce9-479ed92de2a3: nextIndex: updateUnconditionally 5 -> 4
2019-10-28 08:20:06,640 [refreshUsed-/workdir/hadoop-ozone/integration-test/target/test-dir/MiniOzoneClusterImpl-15e79e0b-a28f-4a98-99e1-aed18379cb8e/datanode-0/data/containers] WARN  fs.CachingGetSpaceUsed (CachingGetSpaceUsed.java:run(183)) - Thread Interrupted waiting to refresh disk information: sleep interrupted
2019-10-28 08:20:06,647 [main] INFO  utils.BackgroundService (BackgroundService.java:shutdown(151)) - Shutting down service BlockDeletingService
2019-10-28 08:20:06,649 [main] INFO  statemachine.DatanodeStateMachine (DatanodeStateMachine.java:stopDaemon(395)) - Ozone container server stopped.
2019-10-28 08:20:06,659 [ForkJoinPool.commonPool-worker-1] INFO  utils.BackgroundService (BackgroundService.java:shutdown(151)) - Shutting down service BlockDeletingService
2019-10-28 08:20:06,661 [ForkJoinPool.commonPool-worker-1] INFO  statemachine.DatanodeStateMachine (DatanodeStateMachine.java:stopDaemon(395)) - Ozone container server stopped.
2019-10-28 08:20:06,671 [main] INFO  handler.ContextHandler (ContextHandler.java:doStop(910)) - Stopped o.e.j.w.WebAppContext@781dac73{/,null,UNAVAILABLE}{/hddsDatanode}
2019-10-28 08:20:06,676 [ForkJoinPool.commonPool-worker-1] INFO  handler.ContextHandler (ContextHandler.java:doStop(910)) - Stopped o.e.j.w.WebAppContext@42d9e8d2{/,null,UNAVAILABLE}{/hddsDatanode}
2019-10-28 08:20:06,677 [main] INFO  server.AbstractConnector (AbstractConnector.java:doStop(318)) - Stopped ServerConnector@3a4e524{HTTP/1.1,[http/1.1]}{0.0.0.0:0}
2019-10-28 08:20:06,677 [ForkJoinPool.commonPool-worker-1] INFO  server.AbstractConnector (AbstractConnector.java:doStop(318)) - Stopped ServerConnector@4b93dd6a{HTTP/1.1,[http/1.1]}{0.0.0.0:0}
2019-10-28 08:20:06,678 [main] INFO  handler.ContextHandler (ContextHandler.java:doStop(910)) - Stopped o.e.j.s.ServletContextHandler@67763ebe{/static,jar:file:/home/user/.m2/repository/org/apache/hadoop/hadoop-hdds-container-service/0.5.0-SNAPSHOT/hadoop-hdds-container-service-0.5.0-SNAPSHOT.jar!/webapps/static,UNAVAILABLE}
2019-10-28 08:20:06,679 [main] INFO  handler.ContextHandler (ContextHandler.java:doStop(910)) - Stopped o.e.j.s.ServletContextHandler@25567581{/logs,file:///workdir/hadoop-ozone/integration-test/target/log,UNAVAILABLE}
2019-10-28 08:20:06,679 [ForkJoinPool.commonPool-worker-1] INFO  handler.ContextHandler (ContextHandler.java:doStop(910)) - Stopped o.e.j.s.ServletContextHandler@55d8c2c4{/static,jar:file:/home/user/.m2/repository/org/apache/hadoop/hadoop-hdds-container-service/0.5.0-SNAPSHOT/hadoop-hdds-container-service-0.5.0-SNAPSHOT.jar!/webapps/static,UNAVAILABLE}
2019-10-28 08:20:06,681 [ForkJoinPool.commonPool-worker-1] INFO  handler.ContextHandler (ContextHandler.java:doStop(910)) - Stopped o.e.j.s.ServletContextHandler@7ac5b4c{/logs,file:///workdir/hadoop-ozone/integration-test/target/log,UNAVAILABLE}
2019-10-28 08:20:06,807 [grpc-default-executor-10] WARN  server.GrpcLogAppender (LogUtils.java:warn(134)) - 00d59604-869a-42b3-a19c-0cd76ca30d07@group-C80DD7B1CD18->442f1a8c-01a9-4abf-8c25-ed2da4cb70e7-AppendLogResponseHandler: Failed appendEntries: org.apache.ratis.thirdparty.io.grpc.StatusRuntimeException: UNAVAILABLE: io exception
2019-10-28 08:20:06,807 [grpc-default-executor-10] INFO  impl.FollowerInfo (FollowerInfo.java:lambda$new$0(51)) - 00d59604-869a-42b3-a19c-0cd76ca30d07@group-C80DD7B1CD18->442f1a8c-01a9-4abf-8c25-ed2da4cb70e7: nextIndex: updateUnconditionally 0 -> 0
2019-10-28 08:20:06,828 [grpc-default-executor-9] WARN  server.GrpcLogAppender (LogUtils.java:warn(134)) - 00d59604-869a-42b3-a19c-0cd76ca30d07@group-C80DD7B1CD18->8dd013f2-bbde-4487-bce9-479ed92de2a3-AppendLogResponseHandler: Failed appendEntries: org.apache.ratis.thirdparty.io.grpc.StatusRuntimeException: UNAVAILABLE: io exception
2019-10-28 08:20:06,828 [grpc-default-executor-9] INFO  impl.FollowerInfo (FollowerInfo.java:lambda$new$0(51)) - 00d59604-869a-42b3-a19c-0cd76ca30d07@group-C80DD7B1CD18->8dd013f2-bbde-4487-bce9-479ed92de2a3: nextIndex: updateUnconditionally 4 -> 3
2019-10-28 08:20:07,101 [Thread-4316] INFO  impl.FollowerState (FollowerState.java:run(108)) - 6f05e68d-03c1-4824-99f0-3d21915cda5b@group-CE3A4ACBD96B-FollowerState: change to CANDIDATE, lastRpcTime:1001ms, electionTimeout:1001ms
2019-10-28 08:20:07,102 [Thread-4316] INFO  impl.RoleInfo (RoleInfo.java:shutdownFollowerState(121)) - 6f05e68d-03c1-4824-99f0-3d21915cda5b: shutdown FollowerState
2019-10-28 08:20:07,102 [Thread-4316] INFO  impl.RaftServerImpl (RaftServerImpl.java:setRole(170)) - 6f05e68d-03c1-4824-99f0-3d21915cda5b@group-CE3A4ACBD96B: changes role from  FOLLOWER to CANDIDATE at term 5 for changeToCandidate
2019-10-28 08:20:07,102 [Thread-4316] INFO  impl.RoleInfo (RoleInfo.java:updateAndGet(143)) - 6f05e68d-03c1-4824-99f0-3d21915cda5b: start LeaderElection
2019-10-28 08:20:07,116 [6f05e68d-03c1-4824-99f0-3d21915cda5b@group-CE3A4ACBD96B-LeaderElection165] INFO  impl.LeaderElection (LeaderElection.java:askForVotes(178)) - 6f05e68d-03c1-4824-99f0-3d21915cda5b@group-CE3A4ACBD96B-LeaderElection165: begin an election at term 6 for 0: [2aa3b7c6-b90d-4752-89e9-33d25dd86bbd:192.168.34.22:43904, 2a045742-6ad3-4ae4-8313-0bafe5f9a8d8:192.168.34.22:36717, 6f05e68d-03c1-4824-99f0-3d21915cda5b:192.168.34.22:36489], old=null
2019-10-28 08:20:07,118 [6f05e68d-03c1-4824-99f0-3d21915cda5b@group-CE3A4ACBD96B-LeaderElection165] INFO  impl.LeaderElection (LogUtils.java:infoOrTrace(149)) - 6f05e68d-03c1-4824-99f0-3d21915cda5b@group-CE3A4ACBD96B-LeaderElection165 got exception when requesting votes: {}
java.util.concurrent.ExecutionException: org.apache.ratis.thirdparty.io.grpc.StatusRuntimeException: UNAVAILABLE: io exception
	at java.util.concurrent.FutureTask.report(FutureTask.java:122)
	at java.util.concurrent.FutureTask.get(FutureTask.java:192)
	at org.apache.ratis.server.impl.LeaderElection.waitForResults(LeaderElection.java:259)
	at org.apache.ratis.server.impl.LeaderElection.askForVotes(LeaderElection.java:197)
	at org.apache.ratis.server.impl.LeaderElection.run(LeaderElection.java:133)
	at java.lang.Thread.run(Thread.java:748)
Caused by: org.apache.ratis.thirdparty.io.grpc.StatusRuntimeException: UNAVAILABLE: io exception
	at org.apache.ratis.thirdparty.io.grpc.stub.ClientCalls.toStatusRuntimeException(ClientCalls.java:233)
	at org.apache.ratis.thirdparty.io.grpc.stub.ClientCalls.getUnchecked(ClientCalls.java:214)
	at org.apache.ratis.thirdparty.io.grpc.stub.ClientCalls.blockingUnaryCall(ClientCalls.java:139)
	at org.apache.ratis.proto.grpc.RaftServerProtocolServiceGrpc$RaftServerProtocolServiceBlockingStub.requestVote(RaftServerProtocolServiceGrpc.java:265)
	at org.apache.ratis.grpc.server.GrpcServerProtocolClient.requestVote(GrpcServerProtocolClient.java:99)
	at org.apache.ratis.grpc.server.GrpcService.requestVote(GrpcService.java:204)
	at org.apache.ratis.server.impl.LeaderElection.lambda$submitRequests$1(LeaderElection.java:234)
	at java.util.concurrent.FutureTask.run(FutureTask.java:266)
	at java.util.concurrent.Executors$RunnableAdapter.call(Executors.java:511)
	at java.util.concurrent.FutureTask.run(FutureTask.java:266)
	at java.util.concurrent.ThreadPoolExecutor.runWorker(ThreadPoolExecutor.java:1149)
	at java.util.concurrent.ThreadPoolExecutor$Worker.run(ThreadPoolExecutor.java:624)
	... 1 more
Caused by: org.apache.ratis.thirdparty.io.netty.channel.AbstractChannel$AnnotatedConnectException: Connection refused: /192.168.34.22:36717
	at sun.nio.ch.SocketChannelImpl.checkConnect(Native Method)
	at sun.nio.ch.SocketChannelImpl.finishConnect(SocketChannelImpl.java:717)
	at org.apache.ratis.thirdparty.io.netty.channel.socket.nio.NioSocketChannel.doFinishConnect(NioSocketChannel.java:327)
	at org.apache.ratis.thirdparty.io.netty.channel.nio.AbstractNioChannel$AbstractNioUnsafe.finishConnect(AbstractNioChannel.java:340)
	at org.apache.ratis.thirdparty.io.netty.channel.nio.NioEventLoop.processSelectedKey(NioEventLoop.java:632)
	at org.apache.ratis.thirdparty.io.netty.channel.nio.NioEventLoop.processSelectedKeysOptimized(NioEventLoop.java:579)
	at org.apache.ratis.thirdparty.io.netty.channel.nio.NioEventLoop.processSelectedKeys(NioEventLoop.java:496)
	at org.apache.ratis.thirdparty.io.netty.channel.nio.NioEventLoop.run(NioEventLoop.java:458)
	at org.apache.ratis.thirdparty.io.netty.util.concurrent.SingleThreadEventExecutor$5.run(SingleThreadEventExecutor.java:897)
	at org.apache.ratis.thirdparty.io.netty.util.concurrent.FastThreadLocalRunnable.run(FastThreadLocalRunnable.java:30)
	... 1 more
Caused by: java.net.ConnectException: Connection refused
	... 11 more
2019-10-28 08:20:07,118 [6f05e68d-03c1-4824-99f0-3d21915cda5b@group-CE3A4ACBD96B-LeaderElection165] INFO  impl.LeaderElection (LogUtils.java:infoOrTrace(149)) - 6f05e68d-03c1-4824-99f0-3d21915cda5b@group-CE3A4ACBD96B-LeaderElection165 got exception when requesting votes: {}
java.util.concurrent.ExecutionException: org.apache.ratis.thirdparty.io.grpc.StatusRuntimeException: UNAVAILABLE: io exception
	at java.util.concurrent.FutureTask.report(FutureTask.java:122)
	at java.util.concurrent.FutureTask.get(FutureTask.java:192)
	at org.apache.ratis.server.impl.LeaderElection.waitForResults(LeaderElection.java:259)
	at org.apache.ratis.server.impl.LeaderElection.askForVotes(LeaderElection.java:197)
	at org.apache.ratis.server.impl.LeaderElection.run(LeaderElection.java:133)
	at java.lang.Thread.run(Thread.java:748)
Caused by: org.apache.ratis.thirdparty.io.grpc.StatusRuntimeException: UNAVAILABLE: io exception
	at org.apache.ratis.thirdparty.io.grpc.stub.ClientCalls.toStatusRuntimeException(ClientCalls.java:233)
	at org.apache.ratis.thirdparty.io.grpc.stub.ClientCalls.getUnchecked(ClientCalls.java:214)
	at org.apache.ratis.thirdparty.io.grpc.stub.ClientCalls.blockingUnaryCall(ClientCalls.java:139)
	at org.apache.ratis.proto.grpc.RaftServerProtocolServiceGrpc$RaftServerProtocolServiceBlockingStub.requestVote(RaftServerProtocolServiceGrpc.java:265)
	at org.apache.ratis.grpc.server.GrpcServerProtocolClient.requestVote(GrpcServerProtocolClient.java:99)
	at org.apache.ratis.grpc.server.GrpcService.requestVote(GrpcService.java:204)
	at org.apache.ratis.server.impl.LeaderElection.lambda$submitRequests$1(LeaderElection.java:234)
	at java.util.concurrent.FutureTask.run(FutureTask.java:266)
	at java.util.concurrent.Executors$RunnableAdapter.call(Executors.java:511)
	at java.util.concurrent.FutureTask.run(FutureTask.java:266)
	at java.util.concurrent.ThreadPoolExecutor.runWorker(ThreadPoolExecutor.java:1149)
	at java.util.concurrent.ThreadPoolExecutor$Worker.run(ThreadPoolExecutor.java:624)
	... 1 more
Caused by: org.apache.ratis.thirdparty.io.netty.channel.AbstractChannel$AnnotatedConnectException: Connection refused: /192.168.34.22:43904
	at sun.nio.ch.SocketChannelImpl.checkConnect(Native Method)
	at sun.nio.ch.SocketChannelImpl.finishConnect(SocketChannelImpl.java:717)
	at org.apache.ratis.thirdparty.io.netty.channel.socket.nio.NioSocketChannel.doFinishConnect(NioSocketChannel.java:327)
	at org.apache.ratis.thirdparty.io.netty.channel.nio.AbstractNioChannel$AbstractNioUnsafe.finishConnect(AbstractNioChannel.java:340)
	at org.apache.ratis.thirdparty.io.netty.channel.nio.NioEventLoop.processSelectedKey(NioEventLoop.java:632)
	at org.apache.ratis.thirdparty.io.netty.channel.nio.NioEventLoop.processSelectedKeysOptimized(NioEventLoop.java:579)
	at org.apache.ratis.thirdparty.io.netty.channel.nio.NioEventLoop.processSelectedKeys(NioEventLoop.java:496)
	at org.apache.ratis.thirdparty.io.netty.channel.nio.NioEventLoop.run(NioEventLoop.java:458)
	at org.apache.ratis.thirdparty.io.netty.util.concurrent.SingleThreadEventExecutor$5.run(SingleThreadEventExecutor.java:897)
	at org.apache.ratis.thirdparty.io.netty.util.concurrent.FastThreadLocalRunnable.run(FastThreadLocalRunnable.java:30)
	... 1 more
Caused by: java.net.ConnectException: Connection refused
	... 11 more
2019-10-28 08:20:07,119 [6f05e68d-03c1-4824-99f0-3d21915cda5b@group-CE3A4ACBD96B-LeaderElection165] INFO  impl.LeaderElection (LeaderElection.java:logAndReturn(56)) - 6f05e68d-03c1-4824-99f0-3d21915cda5b@group-CE3A4ACBD96B-LeaderElection165: Election REJECTED; received 0 response(s) [] and 2 exception(s); 6f05e68d-03c1-4824-99f0-3d21915cda5b@group-CE3A4ACBD96B:t6, leader=null, voted=6f05e68d-03c1-4824-99f0-3d21915cda5b, raftlog=6f05e68d-03c1-4824-99f0-3d21915cda5b@group-CE3A4ACBD96B-SegmentedRaftLog:OPENED:c0,f0,i0, conf=0: [2aa3b7c6-b90d-4752-89e9-33d25dd86bbd:192.168.34.22:43904, 2a045742-6ad3-4ae4-8313-0bafe5f9a8d8:192.168.34.22:36717, 6f05e68d-03c1-4824-99f0-3d21915cda5b:192.168.34.22:36489], old=null
2019-10-28 08:20:07,119 [6f05e68d-03c1-4824-99f0-3d21915cda5b@group-CE3A4ACBD96B-LeaderElection165] INFO  impl.LeaderElection (LogUtils.java:infoOrTrace(149)) -   Exception 0: {}
java.util.concurrent.ExecutionException: org.apache.ratis.thirdparty.io.grpc.StatusRuntimeException: UNAVAILABLE: io exception
	at java.util.concurrent.FutureTask.report(FutureTask.java:122)
	at java.util.concurrent.FutureTask.get(FutureTask.java:192)
	at org.apache.ratis.server.impl.LeaderElection.waitForResults(LeaderElection.java:259)
	at org.apache.ratis.server.impl.LeaderElection.askForVotes(LeaderElection.java:197)
	at org.apache.ratis.server.impl.LeaderElection.run(LeaderElection.java:133)
	at java.lang.Thread.run(Thread.java:748)
Caused by: org.apache.ratis.thirdparty.io.grpc.StatusRuntimeException: UNAVAILABLE: io exception
	at org.apache.ratis.thirdparty.io.grpc.stub.ClientCalls.toStatusRuntimeException(ClientCalls.java:233)
	at org.apache.ratis.thirdparty.io.grpc.stub.ClientCalls.getUnchecked(ClientCalls.java:214)
	at org.apache.ratis.thirdparty.io.grpc.stub.ClientCalls.blockingUnaryCall(ClientCalls.java:139)
	at org.apache.ratis.proto.grpc.RaftServerProtocolServiceGrpc$RaftServerProtocolServiceBlockingStub.requestVote(RaftServerProtocolServiceGrpc.java:265)
	at org.apache.ratis.grpc.server.GrpcServerProtocolClient.requestVote(GrpcServerProtocolClient.java:99)
	at org.apache.ratis.grpc.server.GrpcService.requestVote(GrpcService.java:204)
	at org.apache.ratis.server.impl.LeaderElection.lambda$submitRequests$1(LeaderElection.java:234)
	at java.util.concurrent.FutureTask.run(FutureTask.java:266)
	at java.util.concurrent.Executors$RunnableAdapter.call(Executors.java:511)
	at java.util.concurrent.FutureTask.run(FutureTask.java:266)
	at java.util.concurrent.ThreadPoolExecutor.runWorker(ThreadPoolExecutor.java:1149)
	at java.util.concurrent.ThreadPoolExecutor$Worker.run(ThreadPoolExecutor.java:624)
	... 1 more
Caused by: org.apache.ratis.thirdparty.io.netty.channel.AbstractChannel$AnnotatedConnectException: Connection refused: /192.168.34.22:36717
	at sun.nio.ch.SocketChannelImpl.checkConnect(Native Method)
	at sun.nio.ch.SocketChannelImpl.finishConnect(SocketChannelImpl.java:717)
	at org.apache.ratis.thirdparty.io.netty.channel.socket.nio.NioSocketChannel.doFinishConnect(NioSocketChannel.java:327)
	at org.apache.ratis.thirdparty.io.netty.channel.nio.AbstractNioChannel$AbstractNioUnsafe.finishConnect(AbstractNioChannel.java:340)
	at org.apache.ratis.thirdparty.io.netty.channel.nio.NioEventLoop.processSelectedKey(NioEventLoop.java:632)
	at org.apache.ratis.thirdparty.io.netty.channel.nio.NioEventLoop.processSelectedKeysOptimized(NioEventLoop.java:579)
	at org.apache.ratis.thirdparty.io.netty.channel.nio.NioEventLoop.processSelectedKeys(NioEventLoop.java:496)
	at org.apache.ratis.thirdparty.io.netty.channel.nio.NioEventLoop.run(NioEventLoop.java:458)
	at org.apache.ratis.thirdparty.io.netty.util.concurrent.SingleThreadEventExecutor$5.run(SingleThreadEventExecutor.java:897)
	at org.apache.ratis.thirdparty.io.netty.util.concurrent.FastThreadLocalRunnable.run(FastThreadLocalRunnable.java:30)
	... 1 more
Caused by: java.net.ConnectException: Connection refused
	... 11 more
2019-10-28 08:20:07,119 [6f05e68d-03c1-4824-99f0-3d21915cda5b@group-CE3A4ACBD96B-LeaderElection165] INFO  impl.LeaderElection (LogUtils.java:infoOrTrace(149)) -   Exception 1: {}
java.util.concurrent.ExecutionException: org.apache.ratis.thirdparty.io.grpc.StatusRuntimeException: UNAVAILABLE: io exception
	at java.util.concurrent.FutureTask.report(FutureTask.java:122)
	at java.util.concurrent.FutureTask.get(FutureTask.java:192)
	at org.apache.ratis.server.impl.LeaderElection.waitForResults(LeaderElection.java:259)
	at org.apache.ratis.server.impl.LeaderElection.askForVotes(LeaderElection.java:197)
	at org.apache.ratis.server.impl.LeaderElection.run(LeaderElection.java:133)
	at java.lang.Thread.run(Thread.java:748)
Caused by: org.apache.ratis.thirdparty.io.grpc.StatusRuntimeException: UNAVAILABLE: io exception
	at org.apache.ratis.thirdparty.io.grpc.stub.ClientCalls.toStatusRuntimeException(ClientCalls.java:233)
	at org.apache.ratis.thirdparty.io.grpc.stub.ClientCalls.getUnchecked(ClientCalls.java:214)
	at org.apache.ratis.thirdparty.io.grpc.stub.ClientCalls.blockingUnaryCall(ClientCalls.java:139)
	at org.apache.ratis.proto.grpc.RaftServerProtocolServiceGrpc$RaftServerProtocolServiceBlockingStub.requestVote(RaftServerProtocolServiceGrpc.java:265)
	at org.apache.ratis.grpc.server.GrpcServerProtocolClient.requestVote(GrpcServerProtocolClient.java:99)
	at org.apache.ratis.grpc.server.GrpcService.requestVote(GrpcService.java:204)
	at org.apache.ratis.server.impl.LeaderElection.lambda$submitRequests$1(LeaderElection.java:234)
	at java.util.concurrent.FutureTask.run(FutureTask.java:266)
	at java.util.concurrent.Executors$RunnableAdapter.call(Executors.java:511)
	at java.util.concurrent.FutureTask.run(FutureTask.java:266)
	at java.util.concurrent.ThreadPoolExecutor.runWorker(ThreadPoolExecutor.java:1149)
	at java.util.concurrent.ThreadPoolExecutor$Worker.run(ThreadPoolExecutor.java:624)
	... 1 more
Caused by: org.apache.ratis.thirdparty.io.netty.channel.AbstractChannel$AnnotatedConnectException: Connection refused: /192.168.34.22:43904
	at sun.nio.ch.SocketChannelImpl.checkConnect(Native Method)
	at sun.nio.ch.SocketChannelImpl.finishConnect(SocketChannelImpl.java:717)
	at org.apache.ratis.thirdparty.io.netty.channel.socket.nio.NioSocketChannel.doFinishConnect(NioSocketChannel.java:327)
	at org.apache.ratis.thirdparty.io.netty.channel.nio.AbstractNioChannel$AbstractNioUnsafe.finishConnect(AbstractNioChannel.java:340)
	at org.apache.ratis.thirdparty.io.netty.channel.nio.NioEventLoop.processSelectedKey(NioEventLoop.java:632)
	at org.apache.ratis.thirdparty.io.netty.channel.nio.NioEventLoop.processSelectedKeysOptimized(NioEventLoop.java:579)
	at org.apache.ratis.thirdparty.io.netty.channel.nio.NioEventLoop.processSelectedKeys(NioEventLoop.java:496)
	at org.apache.ratis.thirdparty.io.netty.channel.nio.NioEventLoop.run(NioEventLoop.java:458)
	at org.apache.ratis.thirdparty.io.netty.util.concurrent.SingleThreadEventExecutor$5.run(SingleThreadEventExecutor.java:897)
	at org.apache.ratis.thirdparty.io.netty.util.concurrent.FastThreadLocalRunnable.run(FastThreadLocalRunnable.java:30)
	... 1 more
Caused by: java.net.ConnectException: Connection refused
	... 11 more
2019-10-28 08:20:07,119 [6f05e68d-03c1-4824-99f0-3d21915cda5b@group-CE3A4ACBD96B-LeaderElection165] INFO  impl.RaftServerImpl (RaftServerImpl.java:setRole(170)) - 6f05e68d-03c1-4824-99f0-3d21915cda5b@group-CE3A4ACBD96B: changes role from CANDIDATE to FOLLOWER at term 6 for DISCOVERED_A_NEW_TERM
2019-10-28 08:20:07,120 [6f05e68d-03c1-4824-99f0-3d21915cda5b@group-CE3A4ACBD96B-LeaderElection165] INFO  impl.RoleInfo (RoleInfo.java:shutdownLeaderElection(134)) - 6f05e68d-03c1-4824-99f0-3d21915cda5b: shutdown LeaderElection
2019-10-28 08:20:07,120 [6f05e68d-03c1-4824-99f0-3d21915cda5b@group-CE3A4ACBD96B-LeaderElection165] INFO  impl.RoleInfo (RoleInfo.java:updateAndGet(143)) - 6f05e68d-03c1-4824-99f0-3d21915cda5b: start FollowerState
2019-10-28 08:20:07,206 [Datanode State Machine Thread - 0] INFO  statemachine.DatanodeStateMachine (DatanodeStateMachine.java:lambda$startDaemon$0(350)) - Ozone container server started.
2019-10-28 08:20:07,226 [Datanode State Machine Thread - 0] INFO  statemachine.DatanodeStateMachine (DatanodeStateMachine.java:lambda$startDaemon$0(350)) - Ozone container server started.
2019-10-28 08:20:07,307 [grpc-default-executor-9] WARN  server.GrpcLogAppender (LogUtils.java:warn(134)) - 00d59604-869a-42b3-a19c-0cd76ca30d07@group-C80DD7B1CD18->442f1a8c-01a9-4abf-8c25-ed2da4cb70e7-AppendLogResponseHandler: Failed appendEntries: org.apache.ratis.thirdparty.io.grpc.StatusRuntimeException: UNAVAILABLE: io exception
2019-10-28 08:20:07,307 [grpc-default-executor-9] INFO  impl.FollowerInfo (FollowerInfo.java:lambda$new$0(51)) - 00d59604-869a-42b3-a19c-0cd76ca30d07@group-C80DD7B1CD18->442f1a8c-01a9-4abf-8c25-ed2da4cb70e7: nextIndex: updateUnconditionally 0 -> 0
2019-10-28 08:20:07,329 [grpc-default-executor-9] WARN  server.GrpcLogAppender (LogUtils.java:warn(134)) - 00d59604-869a-42b3-a19c-0cd76ca30d07@group-C80DD7B1CD18->8dd013f2-bbde-4487-bce9-479ed92de2a3-AppendLogResponseHandler: Failed appendEntries: org.apache.ratis.thirdparty.io.grpc.StatusRuntimeException: UNAVAILABLE: io exception
2019-10-28 08:20:07,329 [grpc-default-executor-9] INFO  impl.FollowerInfo (FollowerInfo.java:lambda$new$0(51)) - 00d59604-869a-42b3-a19c-0cd76ca30d07@group-C80DD7B1CD18->8dd013f2-bbde-4487-bce9-479ed92de2a3: nextIndex: updateUnconditionally 3 -> 2
2019-10-28 08:20:07,807 [grpc-default-executor-9] WARN  server.GrpcLogAppender (LogUtils.java:warn(134)) - 00d59604-869a-42b3-a19c-0cd76ca30d07@group-C80DD7B1CD18->442f1a8c-01a9-4abf-8c25-ed2da4cb70e7-AppendLogResponseHandler: Failed appendEntries: org.apache.ratis.thirdparty.io.grpc.StatusRuntimeException: UNAVAILABLE: io exception
2019-10-28 08:20:07,807 [grpc-default-executor-9] INFO  impl.FollowerInfo (FollowerInfo.java:lambda$new$0(51)) - 00d59604-869a-42b3-a19c-0cd76ca30d07@group-C80DD7B1CD18->442f1a8c-01a9-4abf-8c25-ed2da4cb70e7: nextIndex: updateUnconditionally 0 -> 0
2019-10-28 08:20:07,829 [grpc-default-executor-9] WARN  server.GrpcLogAppender (LogUtils.java:warn(134)) - 00d59604-869a-42b3-a19c-0cd76ca30d07@group-C80DD7B1CD18->8dd013f2-bbde-4487-bce9-479ed92de2a3-AppendLogResponseHandler: Failed appendEntries: org.apache.ratis.thirdparty.io.grpc.StatusRuntimeException: UNAVAILABLE: io exception
2019-10-28 08:20:07,829 [grpc-default-executor-9] INFO  impl.FollowerInfo (FollowerInfo.java:lambda$new$0(51)) - 00d59604-869a-42b3-a19c-0cd76ca30d07@group-C80DD7B1CD18->8dd013f2-bbde-4487-bce9-479ed92de2a3: nextIndex: updateUnconditionally 2 -> 1
2019-10-28 08:20:08,122 [Thread-4321] INFO  impl.FollowerState (FollowerState.java:run(108)) - 6f05e68d-03c1-4824-99f0-3d21915cda5b@group-CE3A4ACBD96B-FollowerState: change to CANDIDATE, lastRpcTime:1002ms, electionTimeout:1002ms
2019-10-28 08:20:08,122 [Thread-4321] INFO  impl.RoleInfo (RoleInfo.java:shutdownFollowerState(121)) - 6f05e68d-03c1-4824-99f0-3d21915cda5b: shutdown FollowerState
2019-10-28 08:20:08,122 [Thread-4321] INFO  impl.RaftServerImpl (RaftServerImpl.java:setRole(170)) - 6f05e68d-03c1-4824-99f0-3d21915cda5b@group-CE3A4ACBD96B: changes role from  FOLLOWER to CANDIDATE at term 6 for changeToCandidate
2019-10-28 08:20:08,123 [Thread-4321] INFO  impl.RoleInfo (RoleInfo.java:updateAndGet(143)) - 6f05e68d-03c1-4824-99f0-3d21915cda5b: start LeaderElection
2019-10-28 08:20:08,136 [6f05e68d-03c1-4824-99f0-3d21915cda5b@group-CE3A4ACBD96B-LeaderElection166] INFO  impl.LeaderElection (LeaderElection.java:askForVotes(178)) - 6f05e68d-03c1-4824-99f0-3d21915cda5b@group-CE3A4ACBD96B-LeaderElection166: begin an election at term 7 for 0: [2aa3b7c6-b90d-4752-89e9-33d25dd86bbd:192.168.34.22:43904, 2a045742-6ad3-4ae4-8313-0bafe5f9a8d8:192.168.34.22:36717, 6f05e68d-03c1-4824-99f0-3d21915cda5b:192.168.34.22:36489], old=null
2019-10-28 08:20:08,137 [6f05e68d-03c1-4824-99f0-3d21915cda5b@group-CE3A4ACBD96B-LeaderElection166] INFO  impl.LeaderElection (LogUtils.java:infoOrTrace(149)) - 6f05e68d-03c1-4824-99f0-3d21915cda5b@group-CE3A4ACBD96B-LeaderElection166 got exception when requesting votes: {}
java.util.concurrent.ExecutionException: org.apache.ratis.thirdparty.io.grpc.StatusRuntimeException: UNAVAILABLE: io exception
	at java.util.concurrent.FutureTask.report(FutureTask.java:122)
	at java.util.concurrent.FutureTask.get(FutureTask.java:192)
	at org.apache.ratis.server.impl.LeaderElection.waitForResults(LeaderElection.java:259)
	at org.apache.ratis.server.impl.LeaderElection.askForVotes(LeaderElection.java:197)
	at org.apache.ratis.server.impl.LeaderElection.run(LeaderElection.java:133)
	at java.lang.Thread.run(Thread.java:748)
Caused by: org.apache.ratis.thirdparty.io.grpc.StatusRuntimeException: UNAVAILABLE: io exception
	at org.apache.ratis.thirdparty.io.grpc.stub.ClientCalls.toStatusRuntimeException(ClientCalls.java:233)
	at org.apache.ratis.thirdparty.io.grpc.stub.ClientCalls.getUnchecked(ClientCalls.java:214)
	at org.apache.ratis.thirdparty.io.grpc.stub.ClientCalls.blockingUnaryCall(ClientCalls.java:139)
	at org.apache.ratis.proto.grpc.RaftServerProtocolServiceGrpc$RaftServerProtocolServiceBlockingStub.requestVote(RaftServerProtocolServiceGrpc.java:265)
	at org.apache.ratis.grpc.server.GrpcServerProtocolClient.requestVote(GrpcServerProtocolClient.java:99)
	at org.apache.ratis.grpc.server.GrpcService.requestVote(GrpcService.java:204)
	at org.apache.ratis.server.impl.LeaderElection.lambda$submitRequests$1(LeaderElection.java:234)
	at java.util.concurrent.FutureTask.run(FutureTask.java:266)
	at java.util.concurrent.Executors$RunnableAdapter.call(Executors.java:511)
	at java.util.concurrent.FutureTask.run(FutureTask.java:266)
	at java.util.concurrent.ThreadPoolExecutor.runWorker(ThreadPoolExecutor.java:1149)
	at java.util.concurrent.ThreadPoolExecutor$Worker.run(ThreadPoolExecutor.java:624)
	... 1 more
Caused by: org.apache.ratis.thirdparty.io.netty.channel.AbstractChannel$AnnotatedConnectException: Connection refused: /192.168.34.22:43904
	at sun.nio.ch.SocketChannelImpl.checkConnect(Native Method)
	at sun.nio.ch.SocketChannelImpl.finishConnect(SocketChannelImpl.java:717)
	at org.apache.ratis.thirdparty.io.netty.channel.socket.nio.NioSocketChannel.doFinishConnect(NioSocketChannel.java:327)
	at org.apache.ratis.thirdparty.io.netty.channel.nio.AbstractNioChannel$AbstractNioUnsafe.finishConnect(AbstractNioChannel.java:340)
	at org.apache.ratis.thirdparty.io.netty.channel.nio.NioEventLoop.processSelectedKey(NioEventLoop.java:632)
	at org.apache.ratis.thirdparty.io.netty.channel.nio.NioEventLoop.processSelectedKeysOptimized(NioEventLoop.java:579)
	at org.apache.ratis.thirdparty.io.netty.channel.nio.NioEventLoop.processSelectedKeys(NioEventLoop.java:496)
	at org.apache.ratis.thirdparty.io.netty.channel.nio.NioEventLoop.run(NioEventLoop.java:458)
	at org.apache.ratis.thirdparty.io.netty.util.concurrent.SingleThreadEventExecutor$5.run(SingleThreadEventExecutor.java:897)
	at org.apache.ratis.thirdparty.io.netty.util.concurrent.FastThreadLocalRunnable.run(FastThreadLocalRunnable.java:30)
	... 1 more
Caused by: java.net.ConnectException: Connection refused
	... 11 more
2019-10-28 08:20:08,138 [6f05e68d-03c1-4824-99f0-3d21915cda5b@group-CE3A4ACBD96B-LeaderElection166] INFO  impl.LeaderElection (LogUtils.java:infoOrTrace(149)) - 6f05e68d-03c1-4824-99f0-3d21915cda5b@group-CE3A4ACBD96B-LeaderElection166 got exception when requesting votes: {}
java.util.concurrent.ExecutionException: org.apache.ratis.thirdparty.io.grpc.StatusRuntimeException: UNAVAILABLE: io exception
	at java.util.concurrent.FutureTask.report(FutureTask.java:122)
	at java.util.concurrent.FutureTask.get(FutureTask.java:192)
	at org.apache.ratis.server.impl.LeaderElection.waitForResults(LeaderElection.java:259)
	at org.apache.ratis.server.impl.LeaderElection.askForVotes(LeaderElection.java:197)
	at org.apache.ratis.server.impl.LeaderElection.run(LeaderElection.java:133)
	at java.lang.Thread.run(Thread.java:748)
Caused by: org.apache.ratis.thirdparty.io.grpc.StatusRuntimeException: UNAVAILABLE: io exception
	at org.apache.ratis.thirdparty.io.grpc.stub.ClientCalls.toStatusRuntimeException(ClientCalls.java:233)
	at org.apache.ratis.thirdparty.io.grpc.stub.ClientCalls.getUnchecked(ClientCalls.java:214)
	at org.apache.ratis.thirdparty.io.grpc.stub.ClientCalls.blockingUnaryCall(ClientCalls.java:139)
	at org.apache.ratis.proto.grpc.RaftServerProtocolServiceGrpc$RaftServerProtocolServiceBlockingStub.requestVote(RaftServerProtocolServiceGrpc.java:265)
	at org.apache.ratis.grpc.server.GrpcServerProtocolClient.requestVote(GrpcServerProtocolClient.java:99)
	at org.apache.ratis.grpc.server.GrpcService.requestVote(GrpcService.java:204)
	at org.apache.ratis.server.impl.LeaderElection.lambda$submitRequests$1(LeaderElection.java:234)
	at java.util.concurrent.FutureTask.run(FutureTask.java:266)
	at java.util.concurrent.Executors$RunnableAdapter.call(Executors.java:511)
	at java.util.concurrent.FutureTask.run(FutureTask.java:266)
	at java.util.concurrent.ThreadPoolExecutor.runWorker(ThreadPoolExecutor.java:1149)
	at java.util.concurrent.ThreadPoolExecutor$Worker.run(ThreadPoolExecutor.java:624)
	... 1 more
Caused by: org.apache.ratis.thirdparty.io.netty.channel.AbstractChannel$AnnotatedConnectException: Connection refused: /192.168.34.22:36717
	at sun.nio.ch.SocketChannelImpl.checkConnect(Native Method)
	at sun.nio.ch.SocketChannelImpl.finishConnect(SocketChannelImpl.java:717)
	at org.apache.ratis.thirdparty.io.netty.channel.socket.nio.NioSocketChannel.doFinishConnect(NioSocketChannel.java:327)
	at org.apache.ratis.thirdparty.io.netty.channel.nio.AbstractNioChannel$AbstractNioUnsafe.finishConnect(AbstractNioChannel.java:340)
	at org.apache.ratis.thirdparty.io.netty.channel.nio.NioEventLoop.processSelectedKey(NioEventLoop.java:632)
	at org.apache.ratis.thirdparty.io.netty.channel.nio.NioEventLoop.processSelectedKeysOptimized(NioEventLoop.java:579)
	at org.apache.ratis.thirdparty.io.netty.channel.nio.NioEventLoop.processSelectedKeys(NioEventLoop.java:496)
	at org.apache.ratis.thirdparty.io.netty.channel.nio.NioEventLoop.run(NioEventLoop.java:458)
	at org.apache.ratis.thirdparty.io.netty.util.concurrent.SingleThreadEventExecutor$5.run(SingleThreadEventExecutor.java:897)
	at org.apache.ratis.thirdparty.io.netty.util.concurrent.FastThreadLocalRunnable.run(FastThreadLocalRunnable.java:30)
	... 1 more
Caused by: java.net.ConnectException: Connection refused
	... 11 more
2019-10-28 08:20:08,138 [6f05e68d-03c1-4824-99f0-3d21915cda5b@group-CE3A4ACBD96B-LeaderElection166] INFO  impl.LeaderElection (LeaderElection.java:logAndReturn(56)) - 6f05e68d-03c1-4824-99f0-3d21915cda5b@group-CE3A4ACBD96B-LeaderElection166: Election REJECTED; received 0 response(s) [] and 2 exception(s); 6f05e68d-03c1-4824-99f0-3d21915cda5b@group-CE3A4ACBD96B:t7, leader=null, voted=6f05e68d-03c1-4824-99f0-3d21915cda5b, raftlog=6f05e68d-03c1-4824-99f0-3d21915cda5b@group-CE3A4ACBD96B-SegmentedRaftLog:OPENED:c0,f0,i0, conf=0: [2aa3b7c6-b90d-4752-89e9-33d25dd86bbd:192.168.34.22:43904, 2a045742-6ad3-4ae4-8313-0bafe5f9a8d8:192.168.34.22:36717, 6f05e68d-03c1-4824-99f0-3d21915cda5b:192.168.34.22:36489], old=null
2019-10-28 08:20:08,138 [6f05e68d-03c1-4824-99f0-3d21915cda5b@group-CE3A4ACBD96B-LeaderElection166] INFO  impl.LeaderElection (LogUtils.java:infoOrTrace(149)) -   Exception 0: {}
java.util.concurrent.ExecutionException: org.apache.ratis.thirdparty.io.grpc.StatusRuntimeException: UNAVAILABLE: io exception
	at java.util.concurrent.FutureTask.report(FutureTask.java:122)
	at java.util.concurrent.FutureTask.get(FutureTask.java:192)
	at org.apache.ratis.server.impl.LeaderElection.waitForResults(LeaderElection.java:259)
	at org.apache.ratis.server.impl.LeaderElection.askForVotes(LeaderElection.java:197)
	at org.apache.ratis.server.impl.LeaderElection.run(LeaderElection.java:133)
	at java.lang.Thread.run(Thread.java:748)
Caused by: org.apache.ratis.thirdparty.io.grpc.StatusRuntimeException: UNAVAILABLE: io exception
	at org.apache.ratis.thirdparty.io.grpc.stub.ClientCalls.toStatusRuntimeException(ClientCalls.java:233)
	at org.apache.ratis.thirdparty.io.grpc.stub.ClientCalls.getUnchecked(ClientCalls.java:214)
	at org.apache.ratis.thirdparty.io.grpc.stub.ClientCalls.blockingUnaryCall(ClientCalls.java:139)
	at org.apache.ratis.proto.grpc.RaftServerProtocolServiceGrpc$RaftServerProtocolServiceBlockingStub.requestVote(RaftServerProtocolServiceGrpc.java:265)
	at org.apache.ratis.grpc.server.GrpcServerProtocolClient.requestVote(GrpcServerProtocolClient.java:99)
	at org.apache.ratis.grpc.server.GrpcService.requestVote(GrpcService.java:204)
	at org.apache.ratis.server.impl.LeaderElection.lambda$submitRequests$1(LeaderElection.java:234)
	at java.util.concurrent.FutureTask.run(FutureTask.java:266)
	at java.util.concurrent.Executors$RunnableAdapter.call(Executors.java:511)
	at java.util.concurrent.FutureTask.run(FutureTask.java:266)
	at java.util.concurrent.ThreadPoolExecutor.runWorker(ThreadPoolExecutor.java:1149)
	at java.util.concurrent.ThreadPoolExecutor$Worker.run(ThreadPoolExecutor.java:624)
	... 1 more
Caused by: org.apache.ratis.thirdparty.io.netty.channel.AbstractChannel$AnnotatedConnectException: Connection refused: /192.168.34.22:43904
	at sun.nio.ch.SocketChannelImpl.checkConnect(Native Method)
	at sun.nio.ch.SocketChannelImpl.finishConnect(SocketChannelImpl.java:717)
	at org.apache.ratis.thirdparty.io.netty.channel.socket.nio.NioSocketChannel.doFinishConnect(NioSocketChannel.java:327)
	at org.apache.ratis.thirdparty.io.netty.channel.nio.AbstractNioChannel$AbstractNioUnsafe.finishConnect(AbstractNioChannel.java:340)
	at org.apache.ratis.thirdparty.io.netty.channel.nio.NioEventLoop.processSelectedKey(NioEventLoop.java:632)
	at org.apache.ratis.thirdparty.io.netty.channel.nio.NioEventLoop.processSelectedKeysOptimized(NioEventLoop.java:579)
	at org.apache.ratis.thirdparty.io.netty.channel.nio.NioEventLoop.processSelectedKeys(NioEventLoop.java:496)
	at org.apache.ratis.thirdparty.io.netty.channel.nio.NioEventLoop.run(NioEventLoop.java:458)
	at org.apache.ratis.thirdparty.io.netty.util.concurrent.SingleThreadEventExecutor$5.run(SingleThreadEventExecutor.java:897)
	at org.apache.ratis.thirdparty.io.netty.util.concurrent.FastThreadLocalRunnable.run(FastThreadLocalRunnable.java:30)
	... 1 more
Caused by: java.net.ConnectException: Connection refused
	... 11 more
2019-10-28 08:20:08,139 [6f05e68d-03c1-4824-99f0-3d21915cda5b@group-CE3A4ACBD96B-LeaderElection166] INFO  impl.LeaderElection (LogUtils.java:infoOrTrace(149)) -   Exception 1: {}
java.util.concurrent.ExecutionException: org.apache.ratis.thirdparty.io.grpc.StatusRuntimeException: UNAVAILABLE: io exception
	at java.util.concurrent.FutureTask.report(FutureTask.java:122)
	at java.util.concurrent.FutureTask.get(FutureTask.java:192)
	at org.apache.ratis.server.impl.LeaderElection.waitForResults(LeaderElection.java:259)
	at org.apache.ratis.server.impl.LeaderElection.askForVotes(LeaderElection.java:197)
	at org.apache.ratis.server.impl.LeaderElection.run(LeaderElection.java:133)
	at java.lang.Thread.run(Thread.java:748)
Caused by: org.apache.ratis.thirdparty.io.grpc.StatusRuntimeException: UNAVAILABLE: io exception
	at org.apache.ratis.thirdparty.io.grpc.stub.ClientCalls.toStatusRuntimeException(ClientCalls.java:233)
	at org.apache.ratis.thirdparty.io.grpc.stub.ClientCalls.getUnchecked(ClientCalls.java:214)
	at org.apache.ratis.thirdparty.io.grpc.stub.ClientCalls.blockingUnaryCall(ClientCalls.java:139)
	at org.apache.ratis.proto.grpc.RaftServerProtocolServiceGrpc$RaftServerProtocolServiceBlockingStub.requestVote(RaftServerProtocolServiceGrpc.java:265)
	at org.apache.ratis.grpc.server.GrpcServerProtocolClient.requestVote(GrpcServerProtocolClient.java:99)
	at org.apache.ratis.grpc.server.GrpcService.requestVote(GrpcService.java:204)
	at org.apache.ratis.server.impl.LeaderElection.lambda$submitRequests$1(LeaderElection.java:234)
	at java.util.concurrent.FutureTask.run(FutureTask.java:266)
	at java.util.concurrent.Executors$RunnableAdapter.call(Executors.java:511)
	at java.util.concurrent.FutureTask.run(FutureTask.java:266)
	at java.util.concurrent.ThreadPoolExecutor.runWorker(ThreadPoolExecutor.java:1149)
	at java.util.concurrent.ThreadPoolExecutor$Worker.run(ThreadPoolExecutor.java:624)
	... 1 more
Caused by: org.apache.ratis.thirdparty.io.netty.channel.AbstractChannel$AnnotatedConnectException: Connection refused: /192.168.34.22:36717
	at sun.nio.ch.SocketChannelImpl.checkConnect(Native Method)
	at sun.nio.ch.SocketChannelImpl.finishConnect(SocketChannelImpl.java:717)
	at org.apache.ratis.thirdparty.io.netty.channel.socket.nio.NioSocketChannel.doFinishConnect(NioSocketChannel.java:327)
	at org.apache.ratis.thirdparty.io.netty.channel.nio.AbstractNioChannel$AbstractNioUnsafe.finishConnect(AbstractNioChannel.java:340)
	at org.apache.ratis.thirdparty.io.netty.channel.nio.NioEventLoop.processSelectedKey(NioEventLoop.java:632)
	at org.apache.ratis.thirdparty.io.netty.channel.nio.NioEventLoop.processSelectedKeysOptimized(NioEventLoop.java:579)
	at org.apache.ratis.thirdparty.io.netty.channel.nio.NioEventLoop.processSelectedKeys(NioEventLoop.java:496)
	at org.apache.ratis.thirdparty.io.netty.channel.nio.NioEventLoop.run(NioEventLoop.java:458)
	at org.apache.ratis.thirdparty.io.netty.util.concurrent.SingleThreadEventExecutor$5.run(SingleThreadEventExecutor.java:897)
	at org.apache.ratis.thirdparty.io.netty.util.concurrent.FastThreadLocalRunnable.run(FastThreadLocalRunnable.java:30)
	... 1 more
Caused by: java.net.ConnectException: Connection refused
	... 11 more
2019-10-28 08:20:08,139 [6f05e68d-03c1-4824-99f0-3d21915cda5b@group-CE3A4ACBD96B-LeaderElection166] INFO  impl.RaftServerImpl (RaftServerImpl.java:setRole(170)) - 6f05e68d-03c1-4824-99f0-3d21915cda5b@group-CE3A4ACBD96B: changes role from CANDIDATE to FOLLOWER at term 7 for DISCOVERED_A_NEW_TERM
2019-10-28 08:20:08,139 [6f05e68d-03c1-4824-99f0-3d21915cda5b@group-CE3A4ACBD96B-LeaderElection166] INFO  impl.RoleInfo (RoleInfo.java:shutdownLeaderElection(134)) - 6f05e68d-03c1-4824-99f0-3d21915cda5b: shutdown LeaderElection
2019-10-28 08:20:08,139 [6f05e68d-03c1-4824-99f0-3d21915cda5b@group-CE3A4ACBD96B-LeaderElection166] INFO  impl.RoleInfo (RoleInfo.java:updateAndGet(143)) - 6f05e68d-03c1-4824-99f0-3d21915cda5b: start FollowerState
2019-10-28 08:20:08,308 [grpc-default-executor-1] WARN  server.GrpcLogAppender (LogUtils.java:warn(134)) - 00d59604-869a-42b3-a19c-0cd76ca30d07@group-C80DD7B1CD18->442f1a8c-01a9-4abf-8c25-ed2da4cb70e7-AppendLogResponseHandler: Failed appendEntries: org.apache.ratis.thirdparty.io.grpc.StatusRuntimeException: UNAVAILABLE: io exception
2019-10-28 08:20:08,308 [grpc-default-executor-1] INFO  impl.FollowerInfo (FollowerInfo.java:lambda$new$0(51)) - 00d59604-869a-42b3-a19c-0cd76ca30d07@group-C80DD7B1CD18->442f1a8c-01a9-4abf-8c25-ed2da4cb70e7: nextIndex: updateUnconditionally 0 -> 0
2019-10-28 08:20:08,329 [grpc-default-executor-9] WARN  server.GrpcLogAppender (LogUtils.java:warn(134)) - 00d59604-869a-42b3-a19c-0cd76ca30d07@group-C80DD7B1CD18->8dd013f2-bbde-4487-bce9-479ed92de2a3-AppendLogResponseHandler: Failed appendEntries: org.apache.ratis.thirdparty.io.grpc.StatusRuntimeException: UNAVAILABLE: io exception
2019-10-28 08:20:08,330 [grpc-default-executor-9] INFO  impl.FollowerInfo (FollowerInfo.java:lambda$new$0(51)) - 00d59604-869a-42b3-a19c-0cd76ca30d07@group-C80DD7B1CD18->8dd013f2-bbde-4487-bce9-479ed92de2a3: nextIndex: updateUnconditionally 1 -> 0
2019-10-28 08:20:08,809 [grpc-default-executor-10] WARN  server.GrpcLogAppender (LogUtils.java:warn(134)) - 00d59604-869a-42b3-a19c-0cd76ca30d07@group-C80DD7B1CD18->442f1a8c-01a9-4abf-8c25-ed2da4cb70e7-AppendLogResponseHandler: Failed appendEntries: org.apache.ratis.thirdparty.io.grpc.StatusRuntimeException: UNAVAILABLE: io exception
2019-10-28 08:20:08,809 [grpc-default-executor-10] INFO  impl.FollowerInfo (FollowerInfo.java:lambda$new$0(51)) - 00d59604-869a-42b3-a19c-0cd76ca30d07@group-C80DD7B1CD18->442f1a8c-01a9-4abf-8c25-ed2da4cb70e7: nextIndex: updateUnconditionally 0 -> 0
2019-10-28 08:20:08,830 [grpc-default-executor-10] WARN  server.GrpcLogAppender (LogUtils.java:warn(134)) - 00d59604-869a-42b3-a19c-0cd76ca30d07@group-C80DD7B1CD18->8dd013f2-bbde-4487-bce9-479ed92de2a3-AppendLogResponseHandler: Failed appendEntries: org.apache.ratis.thirdparty.io.grpc.StatusRuntimeException: UNAVAILABLE: io exception
2019-10-28 08:20:08,830 [grpc-default-executor-10] INFO  impl.FollowerInfo (FollowerInfo.java:lambda$new$0(51)) - 00d59604-869a-42b3-a19c-0cd76ca30d07@group-C80DD7B1CD18->8dd013f2-bbde-4487-bce9-479ed92de2a3: nextIndex: updateUnconditionally 0 -> 0
2019-10-28 08:20:09,174 [Thread-4325] INFO  impl.FollowerState (FollowerState.java:run(108)) - 6f05e68d-03c1-4824-99f0-3d21915cda5b@group-CE3A4ACBD96B-FollowerState: change to CANDIDATE, lastRpcTime:1034ms, electionTimeout:1034ms
2019-10-28 08:20:09,174 [Thread-4325] INFO  impl.RoleInfo (RoleInfo.java:shutdownFollowerState(121)) - 6f05e68d-03c1-4824-99f0-3d21915cda5b: shutdown FollowerState
2019-10-28 08:20:09,175 [Thread-4325] INFO  impl.RaftServerImpl (RaftServerImpl.java:setRole(170)) - 6f05e68d-03c1-4824-99f0-3d21915cda5b@group-CE3A4ACBD96B: changes role from  FOLLOWER to CANDIDATE at term 7 for changeToCandidate
2019-10-28 08:20:09,175 [Thread-4325] INFO  impl.RoleInfo (RoleInfo.java:updateAndGet(143)) - 6f05e68d-03c1-4824-99f0-3d21915cda5b: start LeaderElection
2019-10-28 08:20:09,189 [6f05e68d-03c1-4824-99f0-3d21915cda5b@group-CE3A4ACBD96B-LeaderElection167] INFO  impl.LeaderElection (LeaderElection.java:askForVotes(178)) - 6f05e68d-03c1-4824-99f0-3d21915cda5b@group-CE3A4ACBD96B-LeaderElection167: begin an election at term 8 for 0: [2aa3b7c6-b90d-4752-89e9-33d25dd86bbd:192.168.34.22:43904, 2a045742-6ad3-4ae4-8313-0bafe5f9a8d8:192.168.34.22:36717, 6f05e68d-03c1-4824-99f0-3d21915cda5b:192.168.34.22:36489], old=null
2019-10-28 08:20:09,191 [6f05e68d-03c1-4824-99f0-3d21915cda5b@group-CE3A4ACBD96B-LeaderElection167] INFO  impl.LeaderElection (LogUtils.java:infoOrTrace(149)) - 6f05e68d-03c1-4824-99f0-3d21915cda5b@group-CE3A4ACBD96B-LeaderElection167 got exception when requesting votes: {}
java.util.concurrent.ExecutionException: org.apache.ratis.thirdparty.io.grpc.StatusRuntimeException: UNAVAILABLE: io exception
	at java.util.concurrent.FutureTask.report(FutureTask.java:122)
	at java.util.concurrent.FutureTask.get(FutureTask.java:192)
	at org.apache.ratis.server.impl.LeaderElection.waitForResults(LeaderElection.java:259)
	at org.apache.ratis.server.impl.LeaderElection.askForVotes(LeaderElection.java:197)
	at org.apache.ratis.server.impl.LeaderElection.run(LeaderElection.java:133)
	at java.lang.Thread.run(Thread.java:748)
Caused by: org.apache.ratis.thirdparty.io.grpc.StatusRuntimeException: UNAVAILABLE: io exception
	at org.apache.ratis.thirdparty.io.grpc.stub.ClientCalls.toStatusRuntimeException(ClientCalls.java:233)
	at org.apache.ratis.thirdparty.io.grpc.stub.ClientCalls.getUnchecked(ClientCalls.java:214)
	at org.apache.ratis.thirdparty.io.grpc.stub.ClientCalls.blockingUnaryCall(ClientCalls.java:139)
	at org.apache.ratis.proto.grpc.RaftServerProtocolServiceGrpc$RaftServerProtocolServiceBlockingStub.requestVote(RaftServerProtocolServiceGrpc.java:265)
	at org.apache.ratis.grpc.server.GrpcServerProtocolClient.requestVote(GrpcServerProtocolClient.java:99)
	at org.apache.ratis.grpc.server.GrpcService.requestVote(GrpcService.java:204)
	at org.apache.ratis.server.impl.LeaderElection.lambda$submitRequests$1(LeaderElection.java:234)
	at java.util.concurrent.FutureTask.run(FutureTask.java:266)
	at java.util.concurrent.Executors$RunnableAdapter.call(Executors.java:511)
	at java.util.concurrent.FutureTask.run(FutureTask.java:266)
	at java.util.concurrent.ThreadPoolExecutor.runWorker(ThreadPoolExecutor.java:1149)
	at java.util.concurrent.ThreadPoolExecutor$Worker.run(ThreadPoolExecutor.java:624)
	... 1 more
Caused by: org.apache.ratis.thirdparty.io.netty.channel.AbstractChannel$AnnotatedConnectException: Connection refused: /192.168.34.22:36717
	at sun.nio.ch.SocketChannelImpl.checkConnect(Native Method)
	at sun.nio.ch.SocketChannelImpl.finishConnect(SocketChannelImpl.java:717)
	at org.apache.ratis.thirdparty.io.netty.channel.socket.nio.NioSocketChannel.doFinishConnect(NioSocketChannel.java:327)
	at org.apache.ratis.thirdparty.io.netty.channel.nio.AbstractNioChannel$AbstractNioUnsafe.finishConnect(AbstractNioChannel.java:340)
	at org.apache.ratis.thirdparty.io.netty.channel.nio.NioEventLoop.processSelectedKey(NioEventLoop.java:632)
	at org.apache.ratis.thirdparty.io.netty.channel.nio.NioEventLoop.processSelectedKeysOptimized(NioEventLoop.java:579)
	at org.apache.ratis.thirdparty.io.netty.channel.nio.NioEventLoop.processSelectedKeys(NioEventLoop.java:496)
	at org.apache.ratis.thirdparty.io.netty.channel.nio.NioEventLoop.run(NioEventLoop.java:458)
	at org.apache.ratis.thirdparty.io.netty.util.concurrent.SingleThreadEventExecutor$5.run(SingleThreadEventExecutor.java:897)
	at org.apache.ratis.thirdparty.io.netty.util.concurrent.FastThreadLocalRunnable.run(FastThreadLocalRunnable.java:30)
	... 1 more
Caused by: java.net.ConnectException: Connection refused
	... 11 more
2019-10-28 08:20:09,191 [6f05e68d-03c1-4824-99f0-3d21915cda5b@group-CE3A4ACBD96B-LeaderElection167] INFO  impl.LeaderElection (LogUtils.java:infoOrTrace(149)) - 6f05e68d-03c1-4824-99f0-3d21915cda5b@group-CE3A4ACBD96B-LeaderElection167 got exception when requesting votes: {}
java.util.concurrent.ExecutionException: org.apache.ratis.thirdparty.io.grpc.StatusRuntimeException: UNAVAILABLE: io exception
	at java.util.concurrent.FutureTask.report(FutureTask.java:122)
	at java.util.concurrent.FutureTask.get(FutureTask.java:192)
	at org.apache.ratis.server.impl.LeaderElection.waitForResults(LeaderElection.java:259)
	at org.apache.ratis.server.impl.LeaderElection.askForVotes(LeaderElection.java:197)
	at org.apache.ratis.server.impl.LeaderElection.run(LeaderElection.java:133)
	at java.lang.Thread.run(Thread.java:748)
Caused by: org.apache.ratis.thirdparty.io.grpc.StatusRuntimeException: UNAVAILABLE: io exception
	at org.apache.ratis.thirdparty.io.grpc.stub.ClientCalls.toStatusRuntimeException(ClientCalls.java:233)
	at org.apache.ratis.thirdparty.io.grpc.stub.ClientCalls.getUnchecked(ClientCalls.java:214)
	at org.apache.ratis.thirdparty.io.grpc.stub.ClientCalls.blockingUnaryCall(ClientCalls.java:139)
	at org.apache.ratis.proto.grpc.RaftServerProtocolServiceGrpc$RaftServerProtocolServiceBlockingStub.requestVote(RaftServerProtocolServiceGrpc.java:265)
	at org.apache.ratis.grpc.server.GrpcServerProtocolClient.requestVote(GrpcServerProtocolClient.java:99)
	at org.apache.ratis.grpc.server.GrpcService.requestVote(GrpcService.java:204)
	at org.apache.ratis.server.impl.LeaderElection.lambda$submitRequests$1(LeaderElection.java:234)
	at java.util.concurrent.FutureTask.run(FutureTask.java:266)
	at java.util.concurrent.Executors$RunnableAdapter.call(Executors.java:511)
	at java.util.concurrent.FutureTask.run(FutureTask.java:266)
	at java.util.concurrent.ThreadPoolExecutor.runWorker(ThreadPoolExecutor.java:1149)
	at java.util.concurrent.ThreadPoolExecutor$Worker.run(ThreadPoolExecutor.java:624)
	... 1 more
Caused by: org.apache.ratis.thirdparty.io.netty.channel.AbstractChannel$AnnotatedConnectException: Connection refused: /192.168.34.22:43904
	at sun.nio.ch.SocketChannelImpl.checkConnect(Native Method)
	at sun.nio.ch.SocketChannelImpl.finishConnect(SocketChannelImpl.java:717)
	at org.apache.ratis.thirdparty.io.netty.channel.socket.nio.NioSocketChannel.doFinishConnect(NioSocketChannel.java:327)
	at org.apache.ratis.thirdparty.io.netty.channel.nio.AbstractNioChannel$AbstractNioUnsafe.finishConnect(AbstractNioChannel.java:340)
	at org.apache.ratis.thirdparty.io.netty.channel.nio.NioEventLoop.processSelectedKey(NioEventLoop.java:632)
	at org.apache.ratis.thirdparty.io.netty.channel.nio.NioEventLoop.processSelectedKeysOptimized(NioEventLoop.java:579)
	at org.apache.ratis.thirdparty.io.netty.channel.nio.NioEventLoop.processSelectedKeys(NioEventLoop.java:496)
	at org.apache.ratis.thirdparty.io.netty.channel.nio.NioEventLoop.run(NioEventLoop.java:458)
	at org.apache.ratis.thirdparty.io.netty.util.concurrent.SingleThreadEventExecutor$5.run(SingleThreadEventExecutor.java:897)
	at org.apache.ratis.thirdparty.io.netty.util.concurrent.FastThreadLocalRunnable.run(FastThreadLocalRunnable.java:30)
	... 1 more
Caused by: java.net.ConnectException: Connection refused
	... 11 more
2019-10-28 08:20:09,192 [6f05e68d-03c1-4824-99f0-3d21915cda5b@group-CE3A4ACBD96B-LeaderElection167] INFO  impl.LeaderElection (LeaderElection.java:logAndReturn(56)) - 6f05e68d-03c1-4824-99f0-3d21915cda5b@group-CE3A4ACBD96B-LeaderElection167: Election REJECTED; received 0 response(s) [] and 2 exception(s); 6f05e68d-03c1-4824-99f0-3d21915cda5b@group-CE3A4ACBD96B:t8, leader=null, voted=6f05e68d-03c1-4824-99f0-3d21915cda5b, raftlog=6f05e68d-03c1-4824-99f0-3d21915cda5b@group-CE3A4ACBD96B-SegmentedRaftLog:OPENED:c0,f0,i0, conf=0: [2aa3b7c6-b90d-4752-89e9-33d25dd86bbd:192.168.34.22:43904, 2a045742-6ad3-4ae4-8313-0bafe5f9a8d8:192.168.34.22:36717, 6f05e68d-03c1-4824-99f0-3d21915cda5b:192.168.34.22:36489], old=null
2019-10-28 08:20:09,192 [6f05e68d-03c1-4824-99f0-3d21915cda5b@group-CE3A4ACBD96B-LeaderElection167] INFO  impl.LeaderElection (LogUtils.java:infoOrTrace(149)) -   Exception 0: {}
java.util.concurrent.ExecutionException: org.apache.ratis.thirdparty.io.grpc.StatusRuntimeException: UNAVAILABLE: io exception
	at java.util.concurrent.FutureTask.report(FutureTask.java:122)
	at java.util.concurrent.FutureTask.get(FutureTask.java:192)
	at org.apache.ratis.server.impl.LeaderElection.waitForResults(LeaderElection.java:259)
	at org.apache.ratis.server.impl.LeaderElection.askForVotes(LeaderElection.java:197)
	at org.apache.ratis.server.impl.LeaderElection.run(LeaderElection.java:133)
	at java.lang.Thread.run(Thread.java:748)
Caused by: org.apache.ratis.thirdparty.io.grpc.StatusRuntimeException: UNAVAILABLE: io exception
	at org.apache.ratis.thirdparty.io.grpc.stub.ClientCalls.toStatusRuntimeException(ClientCalls.java:233)
	at org.apache.ratis.thirdparty.io.grpc.stub.ClientCalls.getUnchecked(ClientCalls.java:214)
	at org.apache.ratis.thirdparty.io.grpc.stub.ClientCalls.blockingUnaryCall(ClientCalls.java:139)
	at org.apache.ratis.proto.grpc.RaftServerProtocolServiceGrpc$RaftServerProtocolServiceBlockingStub.requestVote(RaftServerProtocolServiceGrpc.java:265)
	at org.apache.ratis.grpc.server.GrpcServerProtocolClient.requestVote(GrpcServerProtocolClient.java:99)
	at org.apache.ratis.grpc.server.GrpcService.requestVote(GrpcService.java:204)
	at org.apache.ratis.server.impl.LeaderElection.lambda$submitRequests$1(LeaderElection.java:234)
	at java.util.concurrent.FutureTask.run(FutureTask.java:266)
	at java.util.concurrent.Executors$RunnableAdapter.call(Executors.java:511)
	at java.util.concurrent.FutureTask.run(FutureTask.java:266)
	at java.util.concurrent.ThreadPoolExecutor.runWorker(ThreadPoolExecutor.java:1149)
	at java.util.concurrent.ThreadPoolExecutor$Worker.run(ThreadPoolExecutor.java:624)
	... 1 more
Caused by: org.apache.ratis.thirdparty.io.netty.channel.AbstractChannel$AnnotatedConnectException: Connection refused: /192.168.34.22:36717
	at sun.nio.ch.SocketChannelImpl.checkConnect(Native Method)
	at sun.nio.ch.SocketChannelImpl.finishConnect(SocketChannelImpl.java:717)
	at org.apache.ratis.thirdparty.io.netty.channel.socket.nio.NioSocketChannel.doFinishConnect(NioSocketChannel.java:327)
	at org.apache.ratis.thirdparty.io.netty.channel.nio.AbstractNioChannel$AbstractNioUnsafe.finishConnect(AbstractNioChannel.java:340)
	at org.apache.ratis.thirdparty.io.netty.channel.nio.NioEventLoop.processSelectedKey(NioEventLoop.java:632)
	at org.apache.ratis.thirdparty.io.netty.channel.nio.NioEventLoop.processSelectedKeysOptimized(NioEventLoop.java:579)
	at org.apache.ratis.thirdparty.io.netty.channel.nio.NioEventLoop.processSelectedKeys(NioEventLoop.java:496)
	at org.apache.ratis.thirdparty.io.netty.channel.nio.NioEventLoop.run(NioEventLoop.java:458)
	at org.apache.ratis.thirdparty.io.netty.util.concurrent.SingleThreadEventExecutor$5.run(SingleThreadEventExecutor.java:897)
	at org.apache.ratis.thirdparty.io.netty.util.concurrent.FastThreadLocalRunnable.run(FastThreadLocalRunnable.java:30)
	... 1 more
Caused by: java.net.ConnectException: Connection refused
	... 11 more
2019-10-28 08:20:09,192 [6f05e68d-03c1-4824-99f0-3d21915cda5b@group-CE3A4ACBD96B-LeaderElection167] INFO  impl.LeaderElection (LogUtils.java:infoOrTrace(149)) -   Exception 1: {}
java.util.concurrent.ExecutionException: org.apache.ratis.thirdparty.io.grpc.StatusRuntimeException: UNAVAILABLE: io exception
	at java.util.concurrent.FutureTask.report(FutureTask.java:122)
	at java.util.concurrent.FutureTask.get(FutureTask.java:192)
	at org.apache.ratis.server.impl.LeaderElection.waitForResults(LeaderElection.java:259)
	at org.apache.ratis.server.impl.LeaderElection.askForVotes(LeaderElection.java:197)
	at org.apache.ratis.server.impl.LeaderElection.run(LeaderElection.java:133)
	at java.lang.Thread.run(Thread.java:748)
Caused by: org.apache.ratis.thirdparty.io.grpc.StatusRuntimeException: UNAVAILABLE: io exception
	at org.apache.ratis.thirdparty.io.grpc.stub.ClientCalls.toStatusRuntimeException(ClientCalls.java:233)
	at org.apache.ratis.thirdparty.io.grpc.stub.ClientCalls.getUnchecked(ClientCalls.java:214)
	at org.apache.ratis.thirdparty.io.grpc.stub.ClientCalls.blockingUnaryCall(ClientCalls.java:139)
	at org.apache.ratis.proto.grpc.RaftServerProtocolServiceGrpc$RaftServerProtocolServiceBlockingStub.requestVote(RaftServerProtocolServiceGrpc.java:265)
	at org.apache.ratis.grpc.server.GrpcServerProtocolClient.requestVote(GrpcServerProtocolClient.java:99)
	at org.apache.ratis.grpc.server.GrpcService.requestVote(GrpcService.java:204)
	at org.apache.ratis.server.impl.LeaderElection.lambda$submitRequests$1(LeaderElection.java:234)
	at java.util.concurrent.FutureTask.run(FutureTask.java:266)
	at java.util.concurrent.Executors$RunnableAdapter.call(Executors.java:511)
	at java.util.concurrent.FutureTask.run(FutureTask.java:266)
	at java.util.concurrent.ThreadPoolExecutor.runWorker(ThreadPoolExecutor.java:1149)
	at java.util.concurrent.ThreadPoolExecutor$Worker.run(ThreadPoolExecutor.java:624)
	... 1 more
Caused by: org.apache.ratis.thirdparty.io.netty.channel.AbstractChannel$AnnotatedConnectException: Connection refused: /192.168.34.22:43904
	at sun.nio.ch.SocketChannelImpl.checkConnect(Native Method)
	at sun.nio.ch.SocketChannelImpl.finishConnect(SocketChannelImpl.java:717)
	at org.apache.ratis.thirdparty.io.netty.channel.socket.nio.NioSocketChannel.doFinishConnect(NioSocketChannel.java:327)
	at org.apache.ratis.thirdparty.io.netty.channel.nio.AbstractNioChannel$AbstractNioUnsafe.finishConnect(AbstractNioChannel.java:340)
	at org.apache.ratis.thirdparty.io.netty.channel.nio.NioEventLoop.processSelectedKey(NioEventLoop.java:632)
	at org.apache.ratis.thirdparty.io.netty.channel.nio.NioEventLoop.processSelectedKeysOptimized(NioEventLoop.java:579)
	at org.apache.ratis.thirdparty.io.netty.channel.nio.NioEventLoop.processSelectedKeys(NioEventLoop.java:496)
	at org.apache.ratis.thirdparty.io.netty.channel.nio.NioEventLoop.run(NioEventLoop.java:458)
	at org.apache.ratis.thirdparty.io.netty.util.concurrent.SingleThreadEventExecutor$5.run(SingleThreadEventExecutor.java:897)
	at org.apache.ratis.thirdparty.io.netty.util.concurrent.FastThreadLocalRunnable.run(FastThreadLocalRunnable.java:30)
	... 1 more
Caused by: java.net.ConnectException: Connection refused
	... 11 more
2019-10-28 08:20:09,193 [6f05e68d-03c1-4824-99f0-3d21915cda5b@group-CE3A4ACBD96B-LeaderElection167] INFO  impl.RaftServerImpl (RaftServerImpl.java:setRole(170)) - 6f05e68d-03c1-4824-99f0-3d21915cda5b@group-CE3A4ACBD96B: changes role from CANDIDATE to FOLLOWER at term 8 for DISCOVERED_A_NEW_TERM
2019-10-28 08:20:09,193 [6f05e68d-03c1-4824-99f0-3d21915cda5b@group-CE3A4ACBD96B-LeaderElection167] INFO  impl.RoleInfo (RoleInfo.java:shutdownLeaderElection(134)) - 6f05e68d-03c1-4824-99f0-3d21915cda5b: shutdown LeaderElection
2019-10-28 08:20:09,193 [6f05e68d-03c1-4824-99f0-3d21915cda5b@group-CE3A4ACBD96B-LeaderElection167] INFO  impl.RoleInfo (RoleInfo.java:updateAndGet(143)) - 6f05e68d-03c1-4824-99f0-3d21915cda5b: start FollowerState
2019-10-28 08:20:09,309 [grpc-default-executor-1] WARN  server.GrpcLogAppender (LogUtils.java:warn(134)) - 00d59604-869a-42b3-a19c-0cd76ca30d07@group-C80DD7B1CD18->442f1a8c-01a9-4abf-8c25-ed2da4cb70e7-AppendLogResponseHandler: Failed appendEntries: org.apache.ratis.thirdparty.io.grpc.StatusRuntimeException: UNAVAILABLE: io exception
2019-10-28 08:20:09,310 [grpc-default-executor-1] INFO  impl.FollowerInfo (FollowerInfo.java:lambda$new$0(51)) - 00d59604-869a-42b3-a19c-0cd76ca30d07@group-C80DD7B1CD18->442f1a8c-01a9-4abf-8c25-ed2da4cb70e7: nextIndex: updateUnconditionally 0 -> 0
2019-10-28 08:20:09,330 [grpc-default-executor-9] WARN  server.GrpcLogAppender (LogUtils.java:warn(134)) - 00d59604-869a-42b3-a19c-0cd76ca30d07@group-C80DD7B1CD18->8dd013f2-bbde-4487-bce9-479ed92de2a3-AppendLogResponseHandler: Failed appendEntries: org.apache.ratis.thirdparty.io.grpc.StatusRuntimeException: UNAVAILABLE: io exception
2019-10-28 08:20:09,330 [grpc-default-executor-9] INFO  impl.FollowerInfo (FollowerInfo.java:lambda$new$0(51)) - 00d59604-869a-42b3-a19c-0cd76ca30d07@group-C80DD7B1CD18->8dd013f2-bbde-4487-bce9-479ed92de2a3: nextIndex: updateUnconditionally 0 -> 0
2019-10-28 08:20:09,813 [grpc-default-executor-9] WARN  server.GrpcLogAppender (LogUtils.java:warn(134)) - 00d59604-869a-42b3-a19c-0cd76ca30d07@group-C80DD7B1CD18->442f1a8c-01a9-4abf-8c25-ed2da4cb70e7-AppendLogResponseHandler: Failed appendEntries: org.apache.ratis.thirdparty.io.grpc.StatusRuntimeException: UNAVAILABLE: io exception
2019-10-28 08:20:09,814 [grpc-default-executor-9] INFO  impl.FollowerInfo (FollowerInfo.java:lambda$new$0(51)) - 00d59604-869a-42b3-a19c-0cd76ca30d07@group-C80DD7B1CD18->442f1a8c-01a9-4abf-8c25-ed2da4cb70e7: nextIndex: updateUnconditionally 0 -> 0
2019-10-28 08:20:09,831 [grpc-default-executor-10] WARN  server.GrpcLogAppender (LogUtils.java:warn(134)) - 00d59604-869a-42b3-a19c-0cd76ca30d07@group-C80DD7B1CD18->8dd013f2-bbde-4487-bce9-479ed92de2a3-AppendLogResponseHandler: Failed appendEntries: org.apache.ratis.thirdparty.io.grpc.StatusRuntimeException: UNAVAILABLE: io exception
2019-10-28 08:20:09,831 [grpc-default-executor-10] INFO  impl.FollowerInfo (FollowerInfo.java:lambda$new$0(51)) - 00d59604-869a-42b3-a19c-0cd76ca30d07@group-C80DD7B1CD18->8dd013f2-bbde-4487-bce9-479ed92de2a3: nextIndex: updateUnconditionally 0 -> 0
2019-10-28 08:20:10,312 [grpc-default-executor-10] WARN  server.GrpcLogAppender (LogUtils.java:warn(134)) - 00d59604-869a-42b3-a19c-0cd76ca30d07@group-C80DD7B1CD18->442f1a8c-01a9-4abf-8c25-ed2da4cb70e7-AppendLogResponseHandler: Failed appendEntries: org.apache.ratis.thirdparty.io.grpc.StatusRuntimeException: UNAVAILABLE: io exception
2019-10-28 08:20:10,313 [grpc-default-executor-10] INFO  impl.FollowerInfo (FollowerInfo.java:lambda$new$0(51)) - 00d59604-869a-42b3-a19c-0cd76ca30d07@group-C80DD7B1CD18->442f1a8c-01a9-4abf-8c25-ed2da4cb70e7: nextIndex: updateUnconditionally 0 -> 0
2019-10-28 08:20:10,331 [grpc-default-executor-10] WARN  server.GrpcLogAppender (LogUtils.java:warn(134)) - 00d59604-869a-42b3-a19c-0cd76ca30d07@group-C80DD7B1CD18->8dd013f2-bbde-4487-bce9-479ed92de2a3-AppendLogResponseHandler: Failed appendEntries: org.apache.ratis.thirdparty.io.grpc.StatusRuntimeException: UNAVAILABLE: io exception
2019-10-28 08:20:10,331 [grpc-default-executor-10] INFO  impl.FollowerInfo (FollowerInfo.java:lambda$new$0(51)) - 00d59604-869a-42b3-a19c-0cd76ca30d07@group-C80DD7B1CD18->8dd013f2-bbde-4487-bce9-479ed92de2a3: nextIndex: updateUnconditionally 0 -> 0
2019-10-28 08:20:10,352 [Thread-4329] INFO  impl.FollowerState (FollowerState.java:run(108)) - 6f05e68d-03c1-4824-99f0-3d21915cda5b@group-CE3A4ACBD96B-FollowerState: change to CANDIDATE, lastRpcTime:1158ms, electionTimeout:1158ms
2019-10-28 08:20:10,352 [Thread-4329] INFO  impl.RoleInfo (RoleInfo.java:shutdownFollowerState(121)) - 6f05e68d-03c1-4824-99f0-3d21915cda5b: shutdown FollowerState
2019-10-28 08:20:10,352 [Thread-4329] INFO  impl.RaftServerImpl (RaftServerImpl.java:setRole(170)) - 6f05e68d-03c1-4824-99f0-3d21915cda5b@group-CE3A4ACBD96B: changes role from  FOLLOWER to CANDIDATE at term 8 for changeToCandidate
2019-10-28 08:20:10,352 [Thread-4329] INFO  impl.RoleInfo (RoleInfo.java:updateAndGet(143)) - 6f05e68d-03c1-4824-99f0-3d21915cda5b: start LeaderElection
2019-10-28 08:20:10,367 [6f05e68d-03c1-4824-99f0-3d21915cda5b@group-CE3A4ACBD96B-LeaderElection168] INFO  impl.LeaderElection (LeaderElection.java:askForVotes(178)) - 6f05e68d-03c1-4824-99f0-3d21915cda5b@group-CE3A4ACBD96B-LeaderElection168: begin an election at term 9 for 0: [2aa3b7c6-b90d-4752-89e9-33d25dd86bbd:192.168.34.22:43904, 2a045742-6ad3-4ae4-8313-0bafe5f9a8d8:192.168.34.22:36717, 6f05e68d-03c1-4824-99f0-3d21915cda5b:192.168.34.22:36489], old=null
2019-10-28 08:20:10,368 [6f05e68d-03c1-4824-99f0-3d21915cda5b@group-CE3A4ACBD96B-LeaderElection168] INFO  impl.LeaderElection (LogUtils.java:infoOrTrace(149)) - 6f05e68d-03c1-4824-99f0-3d21915cda5b@group-CE3A4ACBD96B-LeaderElection168 got exception when requesting votes: {}
java.util.concurrent.ExecutionException: org.apache.ratis.thirdparty.io.grpc.StatusRuntimeException: UNAVAILABLE: io exception
	at java.util.concurrent.FutureTask.report(FutureTask.java:122)
	at java.util.concurrent.FutureTask.get(FutureTask.java:192)
	at org.apache.ratis.server.impl.LeaderElection.waitForResults(LeaderElection.java:259)
	at org.apache.ratis.server.impl.LeaderElection.askForVotes(LeaderElection.java:197)
	at org.apache.ratis.server.impl.LeaderElection.run(LeaderElection.java:133)
	at java.lang.Thread.run(Thread.java:748)
Caused by: org.apache.ratis.thirdparty.io.grpc.StatusRuntimeException: UNAVAILABLE: io exception
	at org.apache.ratis.thirdparty.io.grpc.stub.ClientCalls.toStatusRuntimeException(ClientCalls.java:233)
	at org.apache.ratis.thirdparty.io.grpc.stub.ClientCalls.getUnchecked(ClientCalls.java:214)
	at org.apache.ratis.thirdparty.io.grpc.stub.ClientCalls.blockingUnaryCall(ClientCalls.java:139)
	at org.apache.ratis.proto.grpc.RaftServerProtocolServiceGrpc$RaftServerProtocolServiceBlockingStub.requestVote(RaftServerProtocolServiceGrpc.java:265)
	at org.apache.ratis.grpc.server.GrpcServerProtocolClient.requestVote(GrpcServerProtocolClient.java:99)
	at org.apache.ratis.grpc.server.GrpcService.requestVote(GrpcService.java:204)
	at org.apache.ratis.server.impl.LeaderElection.lambda$submitRequests$1(LeaderElection.java:234)
	at java.util.concurrent.FutureTask.run(FutureTask.java:266)
	at java.util.concurrent.Executors$RunnableAdapter.call(Executors.java:511)
	at java.util.concurrent.FutureTask.run(FutureTask.java:266)
	at java.util.concurrent.ThreadPoolExecutor.runWorker(ThreadPoolExecutor.java:1149)
	at java.util.concurrent.ThreadPoolExecutor$Worker.run(ThreadPoolExecutor.java:624)
	... 1 more
Caused by: org.apache.ratis.thirdparty.io.netty.channel.AbstractChannel$AnnotatedConnectException: Connection refused: /192.168.34.22:36717
	at sun.nio.ch.SocketChannelImpl.checkConnect(Native Method)
	at sun.nio.ch.SocketChannelImpl.finishConnect(SocketChannelImpl.java:717)
	at org.apache.ratis.thirdparty.io.netty.channel.socket.nio.NioSocketChannel.doFinishConnect(NioSocketChannel.java:327)
	at org.apache.ratis.thirdparty.io.netty.channel.nio.AbstractNioChannel$AbstractNioUnsafe.finishConnect(AbstractNioChannel.java:340)
	at org.apache.ratis.thirdparty.io.netty.channel.nio.NioEventLoop.processSelectedKey(NioEventLoop.java:632)
	at org.apache.ratis.thirdparty.io.netty.channel.nio.NioEventLoop.processSelectedKeysOptimized(NioEventLoop.java:579)
	at org.apache.ratis.thirdparty.io.netty.channel.nio.NioEventLoop.processSelectedKeys(NioEventLoop.java:496)
	at org.apache.ratis.thirdparty.io.netty.channel.nio.NioEventLoop.run(NioEventLoop.java:458)
	at org.apache.ratis.thirdparty.io.netty.util.concurrent.SingleThreadEventExecutor$5.run(SingleThreadEventExecutor.java:897)
	at org.apache.ratis.thirdparty.io.netty.util.concurrent.FastThreadLocalRunnable.run(FastThreadLocalRunnable.java:30)
	... 1 more
Caused by: java.net.ConnectException: Connection refused
	... 11 more
2019-10-28 08:20:10,369 [6f05e68d-03c1-4824-99f0-3d21915cda5b@group-CE3A4ACBD96B-LeaderElection168] INFO  impl.LeaderElection (LogUtils.java:infoOrTrace(149)) - 6f05e68d-03c1-4824-99f0-3d21915cda5b@group-CE3A4ACBD96B-LeaderElection168 got exception when requesting votes: {}
java.util.concurrent.ExecutionException: org.apache.ratis.thirdparty.io.grpc.StatusRuntimeException: UNAVAILABLE: io exception
	at java.util.concurrent.FutureTask.report(FutureTask.java:122)
	at java.util.concurrent.FutureTask.get(FutureTask.java:192)
	at org.apache.ratis.server.impl.LeaderElection.waitForResults(LeaderElection.java:259)
	at org.apache.ratis.server.impl.LeaderElection.askForVotes(LeaderElection.java:197)
	at org.apache.ratis.server.impl.LeaderElection.run(LeaderElection.java:133)
	at java.lang.Thread.run(Thread.java:748)
Caused by: org.apache.ratis.thirdparty.io.grpc.StatusRuntimeException: UNAVAILABLE: io exception
	at org.apache.ratis.thirdparty.io.grpc.stub.ClientCalls.toStatusRuntimeException(ClientCalls.java:233)
	at org.apache.ratis.thirdparty.io.grpc.stub.ClientCalls.getUnchecked(ClientCalls.java:214)
	at org.apache.ratis.thirdparty.io.grpc.stub.ClientCalls.blockingUnaryCall(ClientCalls.java:139)
	at org.apache.ratis.proto.grpc.RaftServerProtocolServiceGrpc$RaftServerProtocolServiceBlockingStub.requestVote(RaftServerProtocolServiceGrpc.java:265)
	at org.apache.ratis.grpc.server.GrpcServerProtocolClient.requestVote(GrpcServerProtocolClient.java:99)
	at org.apache.ratis.grpc.server.GrpcService.requestVote(GrpcService.java:204)
	at org.apache.ratis.server.impl.LeaderElection.lambda$submitRequests$1(LeaderElection.java:234)
	at java.util.concurrent.FutureTask.run(FutureTask.java:266)
	at java.util.concurrent.Executors$RunnableAdapter.call(Executors.java:511)
	at java.util.concurrent.FutureTask.run(FutureTask.java:266)
	at java.util.concurrent.ThreadPoolExecutor.runWorker(ThreadPoolExecutor.java:1149)
	at java.util.concurrent.ThreadPoolExecutor$Worker.run(ThreadPoolExecutor.java:624)
	... 1 more
Caused by: org.apache.ratis.thirdparty.io.netty.channel.AbstractChannel$AnnotatedConnectException: Connection refused: /192.168.34.22:43904
	at sun.nio.ch.SocketChannelImpl.checkConnect(Native Method)
	at sun.nio.ch.SocketChannelImpl.finishConnect(SocketChannelImpl.java:717)
	at org.apache.ratis.thirdparty.io.netty.channel.socket.nio.NioSocketChannel.doFinishConnect(NioSocketChannel.java:327)
	at org.apache.ratis.thirdparty.io.netty.channel.nio.AbstractNioChannel$AbstractNioUnsafe.finishConnect(AbstractNioChannel.java:340)
	at org.apache.ratis.thirdparty.io.netty.channel.nio.NioEventLoop.processSelectedKey(NioEventLoop.java:632)
	at org.apache.ratis.thirdparty.io.netty.channel.nio.NioEventLoop.processSelectedKeysOptimized(NioEventLoop.java:579)
	at org.apache.ratis.thirdparty.io.netty.channel.nio.NioEventLoop.processSelectedKeys(NioEventLoop.java:496)
	at org.apache.ratis.thirdparty.io.netty.channel.nio.NioEventLoop.run(NioEventLoop.java:458)
	at org.apache.ratis.thirdparty.io.netty.util.concurrent.SingleThreadEventExecutor$5.run(SingleThreadEventExecutor.java:897)
	at org.apache.ratis.thirdparty.io.netty.util.concurrent.FastThreadLocalRunnable.run(FastThreadLocalRunnable.java:30)
	... 1 more
Caused by: java.net.ConnectException: Connection refused
	... 11 more
2019-10-28 08:20:10,369 [6f05e68d-03c1-4824-99f0-3d21915cda5b@group-CE3A4ACBD96B-LeaderElection168] INFO  impl.LeaderElection (LeaderElection.java:logAndReturn(56)) - 6f05e68d-03c1-4824-99f0-3d21915cda5b@group-CE3A4ACBD96B-LeaderElection168: Election REJECTED; received 0 response(s) [] and 2 exception(s); 6f05e68d-03c1-4824-99f0-3d21915cda5b@group-CE3A4ACBD96B:t9, leader=null, voted=6f05e68d-03c1-4824-99f0-3d21915cda5b, raftlog=6f05e68d-03c1-4824-99f0-3d21915cda5b@group-CE3A4ACBD96B-SegmentedRaftLog:OPENED:c0,f0,i0, conf=0: [2aa3b7c6-b90d-4752-89e9-33d25dd86bbd:192.168.34.22:43904, 2a045742-6ad3-4ae4-8313-0bafe5f9a8d8:192.168.34.22:36717, 6f05e68d-03c1-4824-99f0-3d21915cda5b:192.168.34.22:36489], old=null
2019-10-28 08:20:10,369 [6f05e68d-03c1-4824-99f0-3d21915cda5b@group-CE3A4ACBD96B-LeaderElection168] INFO  impl.LeaderElection (LogUtils.java:infoOrTrace(149)) -   Exception 0: {}
java.util.concurrent.ExecutionException: org.apache.ratis.thirdparty.io.grpc.StatusRuntimeException: UNAVAILABLE: io exception
	at java.util.concurrent.FutureTask.report(FutureTask.java:122)
	at java.util.concurrent.FutureTask.get(FutureTask.java:192)
	at org.apache.ratis.server.impl.LeaderElection.waitForResults(LeaderElection.java:259)
	at org.apache.ratis.server.impl.LeaderElection.askForVotes(LeaderElection.java:197)
	at org.apache.ratis.server.impl.LeaderElection.run(LeaderElection.java:133)
	at java.lang.Thread.run(Thread.java:748)
Caused by: org.apache.ratis.thirdparty.io.grpc.StatusRuntimeException: UNAVAILABLE: io exception
	at org.apache.ratis.thirdparty.io.grpc.stub.ClientCalls.toStatusRuntimeException(ClientCalls.java:233)
	at org.apache.ratis.thirdparty.io.grpc.stub.ClientCalls.getUnchecked(ClientCalls.java:214)
	at org.apache.ratis.thirdparty.io.grpc.stub.ClientCalls.blockingUnaryCall(ClientCalls.java:139)
	at org.apache.ratis.proto.grpc.RaftServerProtocolServiceGrpc$RaftServerProtocolServiceBlockingStub.requestVote(RaftServerProtocolServiceGrpc.java:265)
	at org.apache.ratis.grpc.server.GrpcServerProtocolClient.requestVote(GrpcServerProtocolClient.java:99)
	at org.apache.ratis.grpc.server.GrpcService.requestVote(GrpcService.java:204)
	at org.apache.ratis.server.impl.LeaderElection.lambda$submitRequests$1(LeaderElection.java:234)
	at java.util.concurrent.FutureTask.run(FutureTask.java:266)
	at java.util.concurrent.Executors$RunnableAdapter.call(Executors.java:511)
	at java.util.concurrent.FutureTask.run(FutureTask.java:266)
	at java.util.concurrent.ThreadPoolExecutor.runWorker(ThreadPoolExecutor.java:1149)
	at java.util.concurrent.ThreadPoolExecutor$Worker.run(ThreadPoolExecutor.java:624)
	... 1 more
Caused by: org.apache.ratis.thirdparty.io.netty.channel.AbstractChannel$AnnotatedConnectException: Connection refused: /192.168.34.22:36717
	at sun.nio.ch.SocketChannelImpl.checkConnect(Native Method)
	at sun.nio.ch.SocketChannelImpl.finishConnect(SocketChannelImpl.java:717)
	at org.apache.ratis.thirdparty.io.netty.channel.socket.nio.NioSocketChannel.doFinishConnect(NioSocketChannel.java:327)
	at org.apache.ratis.thirdparty.io.netty.channel.nio.AbstractNioChannel$AbstractNioUnsafe.finishConnect(AbstractNioChannel.java:340)
	at org.apache.ratis.thirdparty.io.netty.channel.nio.NioEventLoop.processSelectedKey(NioEventLoop.java:632)
	at org.apache.ratis.thirdparty.io.netty.channel.nio.NioEventLoop.processSelectedKeysOptimized(NioEventLoop.java:579)
	at org.apache.ratis.thirdparty.io.netty.channel.nio.NioEventLoop.processSelectedKeys(NioEventLoop.java:496)
	at org.apache.ratis.thirdparty.io.netty.channel.nio.NioEventLoop.run(NioEventLoop.java:458)
	at org.apache.ratis.thirdparty.io.netty.util.concurrent.SingleThreadEventExecutor$5.run(SingleThreadEventExecutor.java:897)
	at org.apache.ratis.thirdparty.io.netty.util.concurrent.FastThreadLocalRunnable.run(FastThreadLocalRunnable.java:30)
	... 1 more
Caused by: java.net.ConnectException: Connection refused
	... 11 more
2019-10-28 08:20:10,370 [6f05e68d-03c1-4824-99f0-3d21915cda5b@group-CE3A4ACBD96B-LeaderElection168] INFO  impl.LeaderElection (LogUtils.java:infoOrTrace(149)) -   Exception 1: {}
java.util.concurrent.ExecutionException: org.apache.ratis.thirdparty.io.grpc.StatusRuntimeException: UNAVAILABLE: io exception
	at java.util.concurrent.FutureTask.report(FutureTask.java:122)
	at java.util.concurrent.FutureTask.get(FutureTask.java:192)
	at org.apache.ratis.server.impl.LeaderElection.waitForResults(LeaderElection.java:259)
	at org.apache.ratis.server.impl.LeaderElection.askForVotes(LeaderElection.java:197)
	at org.apache.ratis.server.impl.LeaderElection.run(LeaderElection.java:133)
	at java.lang.Thread.run(Thread.java:748)
Caused by: org.apache.ratis.thirdparty.io.grpc.StatusRuntimeException: UNAVAILABLE: io exception
	at org.apache.ratis.thirdparty.io.grpc.stub.ClientCalls.toStatusRuntimeException(ClientCalls.java:233)
	at org.apache.ratis.thirdparty.io.grpc.stub.ClientCalls.getUnchecked(ClientCalls.java:214)
	at org.apache.ratis.thirdparty.io.grpc.stub.ClientCalls.blockingUnaryCall(ClientCalls.java:139)
	at org.apache.ratis.proto.grpc.RaftServerProtocolServiceGrpc$RaftServerProtocolServiceBlockingStub.requestVote(RaftServerProtocolServiceGrpc.java:265)
	at org.apache.ratis.grpc.server.GrpcServerProtocolClient.requestVote(GrpcServerProtocolClient.java:99)
	at org.apache.ratis.grpc.server.GrpcService.requestVote(GrpcService.java:204)
	at org.apache.ratis.server.impl.LeaderElection.lambda$submitRequests$1(LeaderElection.java:234)
	at java.util.concurrent.FutureTask.run(FutureTask.java:266)
	at java.util.concurrent.Executors$RunnableAdapter.call(Executors.java:511)
	at java.util.concurrent.FutureTask.run(FutureTask.java:266)
	at java.util.concurrent.ThreadPoolExecutor.runWorker(ThreadPoolExecutor.java:1149)
	at java.util.concurrent.ThreadPoolExecutor$Worker.run(ThreadPoolExecutor.java:624)
	... 1 more
Caused by: org.apache.ratis.thirdparty.io.netty.channel.AbstractChannel$AnnotatedConnectException: Connection refused: /192.168.34.22:43904
	at sun.nio.ch.SocketChannelImpl.checkConnect(Native Method)
	at sun.nio.ch.SocketChannelImpl.finishConnect(SocketChannelImpl.java:717)
	at org.apache.ratis.thirdparty.io.netty.channel.socket.nio.NioSocketChannel.doFinishConnect(NioSocketChannel.java:327)
	at org.apache.ratis.thirdparty.io.netty.channel.nio.AbstractNioChannel$AbstractNioUnsafe.finishConnect(AbstractNioChannel.java:340)
	at org.apache.ratis.thirdparty.io.netty.channel.nio.NioEventLoop.processSelectedKey(NioEventLoop.java:632)
	at org.apache.ratis.thirdparty.io.netty.channel.nio.NioEventLoop.processSelectedKeysOptimized(NioEventLoop.java:579)
	at org.apache.ratis.thirdparty.io.netty.channel.nio.NioEventLoop.processSelectedKeys(NioEventLoop.java:496)
	at org.apache.ratis.thirdparty.io.netty.channel.nio.NioEventLoop.run(NioEventLoop.java:458)
	at org.apache.ratis.thirdparty.io.netty.util.concurrent.SingleThreadEventExecutor$5.run(SingleThreadEventExecutor.java:897)
	at org.apache.ratis.thirdparty.io.netty.util.concurrent.FastThreadLocalRunnable.run(FastThreadLocalRunnable.java:30)
	... 1 more
Caused by: java.net.ConnectException: Connection refused
	... 11 more
2019-10-28 08:20:10,370 [6f05e68d-03c1-4824-99f0-3d21915cda5b@group-CE3A4ACBD96B-LeaderElection168] INFO  impl.RaftServerImpl (RaftServerImpl.java:setRole(170)) - 6f05e68d-03c1-4824-99f0-3d21915cda5b@group-CE3A4ACBD96B: changes role from CANDIDATE to FOLLOWER at term 9 for DISCOVERED_A_NEW_TERM
2019-10-28 08:20:10,370 [6f05e68d-03c1-4824-99f0-3d21915cda5b@group-CE3A4ACBD96B-LeaderElection168] INFO  impl.RoleInfo (RoleInfo.java:shutdownLeaderElection(134)) - 6f05e68d-03c1-4824-99f0-3d21915cda5b: shutdown LeaderElection
2019-10-28 08:20:10,371 [6f05e68d-03c1-4824-99f0-3d21915cda5b@group-CE3A4ACBD96B-LeaderElection168] INFO  impl.RoleInfo (RoleInfo.java:updateAndGet(143)) - 6f05e68d-03c1-4824-99f0-3d21915cda5b: start FollowerState
2019-10-28 08:20:10,813 [grpc-default-executor-1] WARN  server.GrpcLogAppender (LogUtils.java:warn(134)) - 00d59604-869a-42b3-a19c-0cd76ca30d07@group-C80DD7B1CD18->442f1a8c-01a9-4abf-8c25-ed2da4cb70e7-AppendLogResponseHandler: Failed appendEntries: org.apache.ratis.thirdparty.io.grpc.StatusRuntimeException: UNAVAILABLE: io exception
2019-10-28 08:20:10,813 [grpc-default-executor-1] INFO  impl.FollowerInfo (FollowerInfo.java:lambda$new$0(51)) - 00d59604-869a-42b3-a19c-0cd76ca30d07@group-C80DD7B1CD18->442f1a8c-01a9-4abf-8c25-ed2da4cb70e7: nextIndex: updateUnconditionally 0 -> 0
2019-10-28 08:20:10,831 [grpc-default-executor-9] WARN  server.GrpcLogAppender (LogUtils.java:warn(134)) - 00d59604-869a-42b3-a19c-0cd76ca30d07@group-C80DD7B1CD18->8dd013f2-bbde-4487-bce9-479ed92de2a3-AppendLogResponseHandler: Failed appendEntries: org.apache.ratis.thirdparty.io.grpc.StatusRuntimeException: UNAVAILABLE: io exception
2019-10-28 08:20:10,831 [grpc-default-executor-9] INFO  impl.FollowerInfo (FollowerInfo.java:lambda$new$0(51)) - 00d59604-869a-42b3-a19c-0cd76ca30d07@group-C80DD7B1CD18->8dd013f2-bbde-4487-bce9-479ed92de2a3: nextIndex: updateUnconditionally 0 -> 0
2019-10-28 08:20:11,313 [grpc-default-executor-10] WARN  server.GrpcLogAppender (LogUtils.java:warn(134)) - 00d59604-869a-42b3-a19c-0cd76ca30d07@group-C80DD7B1CD18->442f1a8c-01a9-4abf-8c25-ed2da4cb70e7-AppendLogResponseHandler: Failed appendEntries: org.apache.ratis.thirdparty.io.grpc.StatusRuntimeException: UNAVAILABLE: io exception
2019-10-28 08:20:11,314 [grpc-default-executor-10] INFO  impl.FollowerInfo (FollowerInfo.java:lambda$new$0(51)) - 00d59604-869a-42b3-a19c-0cd76ca30d07@group-C80DD7B1CD18->442f1a8c-01a9-4abf-8c25-ed2da4cb70e7: nextIndex: updateUnconditionally 0 -> 0
2019-10-28 08:20:11,331 [grpc-default-executor-1] WARN  server.GrpcLogAppender (LogUtils.java:warn(134)) - 00d59604-869a-42b3-a19c-0cd76ca30d07@group-C80DD7B1CD18->8dd013f2-bbde-4487-bce9-479ed92de2a3-AppendLogResponseHandler: Failed appendEntries: org.apache.ratis.thirdparty.io.grpc.StatusRuntimeException: UNAVAILABLE: io exception
2019-10-28 08:20:11,331 [grpc-default-executor-1] INFO  impl.FollowerInfo (FollowerInfo.java:lambda$new$0(51)) - 00d59604-869a-42b3-a19c-0cd76ca30d07@group-C80DD7B1CD18->8dd013f2-bbde-4487-bce9-479ed92de2a3: nextIndex: updateUnconditionally 0 -> 0
2019-10-28 08:20:11,544 [Thread-4333] INFO  impl.FollowerState (FollowerState.java:run(108)) - 6f05e68d-03c1-4824-99f0-3d21915cda5b@group-CE3A4ACBD96B-FollowerState: change to CANDIDATE, lastRpcTime:1173ms, electionTimeout:1173ms
2019-10-28 08:20:11,544 [Thread-4333] INFO  impl.RoleInfo (RoleInfo.java:shutdownFollowerState(121)) - 6f05e68d-03c1-4824-99f0-3d21915cda5b: shutdown FollowerState
2019-10-28 08:20:11,545 [Thread-4333] INFO  impl.RaftServerImpl (RaftServerImpl.java:setRole(170)) - 6f05e68d-03c1-4824-99f0-3d21915cda5b@group-CE3A4ACBD96B: changes role from  FOLLOWER to CANDIDATE at term 9 for changeToCandidate
2019-10-28 08:20:11,545 [Thread-4333] INFO  impl.RoleInfo (RoleInfo.java:updateAndGet(143)) - 6f05e68d-03c1-4824-99f0-3d21915cda5b: start LeaderElection
2019-10-28 08:20:11,559 [6f05e68d-03c1-4824-99f0-3d21915cda5b@group-CE3A4ACBD96B-LeaderElection169] INFO  impl.LeaderElection (LeaderElection.java:askForVotes(178)) - 6f05e68d-03c1-4824-99f0-3d21915cda5b@group-CE3A4ACBD96B-LeaderElection169: begin an election at term 10 for 0: [2aa3b7c6-b90d-4752-89e9-33d25dd86bbd:192.168.34.22:43904, 2a045742-6ad3-4ae4-8313-0bafe5f9a8d8:192.168.34.22:36717, 6f05e68d-03c1-4824-99f0-3d21915cda5b:192.168.34.22:36489], old=null
2019-10-28 08:20:11,560 [6f05e68d-03c1-4824-99f0-3d21915cda5b@group-CE3A4ACBD96B-LeaderElection169] INFO  impl.LeaderElection (LogUtils.java:infoOrTrace(149)) - 6f05e68d-03c1-4824-99f0-3d21915cda5b@group-CE3A4ACBD96B-LeaderElection169 got exception when requesting votes: {}
java.util.concurrent.ExecutionException: org.apache.ratis.thirdparty.io.grpc.StatusRuntimeException: UNAVAILABLE: io exception
	at java.util.concurrent.FutureTask.report(FutureTask.java:122)
	at java.util.concurrent.FutureTask.get(FutureTask.java:192)
	at org.apache.ratis.server.impl.LeaderElection.waitForResults(LeaderElection.java:259)
	at org.apache.ratis.server.impl.LeaderElection.askForVotes(LeaderElection.java:197)
	at org.apache.ratis.server.impl.LeaderElection.run(LeaderElection.java:133)
	at java.lang.Thread.run(Thread.java:748)
Caused by: org.apache.ratis.thirdparty.io.grpc.StatusRuntimeException: UNAVAILABLE: io exception
	at org.apache.ratis.thirdparty.io.grpc.stub.ClientCalls.toStatusRuntimeException(ClientCalls.java:233)
	at org.apache.ratis.thirdparty.io.grpc.stub.ClientCalls.getUnchecked(ClientCalls.java:214)
	at org.apache.ratis.thirdparty.io.grpc.stub.ClientCalls.blockingUnaryCall(ClientCalls.java:139)
	at org.apache.ratis.proto.grpc.RaftServerProtocolServiceGrpc$RaftServerProtocolServiceBlockingStub.requestVote(RaftServerProtocolServiceGrpc.java:265)
	at org.apache.ratis.grpc.server.GrpcServerProtocolClient.requestVote(GrpcServerProtocolClient.java:99)
	at org.apache.ratis.grpc.server.GrpcService.requestVote(GrpcService.java:204)
	at org.apache.ratis.server.impl.LeaderElection.lambda$submitRequests$1(LeaderElection.java:234)
	at java.util.concurrent.FutureTask.run(FutureTask.java:266)
	at java.util.concurrent.Executors$RunnableAdapter.call(Executors.java:511)
	at java.util.concurrent.FutureTask.run(FutureTask.java:266)
	at java.util.concurrent.ThreadPoolExecutor.runWorker(ThreadPoolExecutor.java:1149)
	at java.util.concurrent.ThreadPoolExecutor$Worker.run(ThreadPoolExecutor.java:624)
	... 1 more
Caused by: org.apache.ratis.thirdparty.io.netty.channel.AbstractChannel$AnnotatedConnectException: Connection refused: /192.168.34.22:43904
	at sun.nio.ch.SocketChannelImpl.checkConnect(Native Method)
	at sun.nio.ch.SocketChannelImpl.finishConnect(SocketChannelImpl.java:717)
	at org.apache.ratis.thirdparty.io.netty.channel.socket.nio.NioSocketChannel.doFinishConnect(NioSocketChannel.java:327)
	at org.apache.ratis.thirdparty.io.netty.channel.nio.AbstractNioChannel$AbstractNioUnsafe.finishConnect(AbstractNioChannel.java:340)
	at org.apache.ratis.thirdparty.io.netty.channel.nio.NioEventLoop.processSelectedKey(NioEventLoop.java:632)
	at org.apache.ratis.thirdparty.io.netty.channel.nio.NioEventLoop.processSelectedKeysOptimized(NioEventLoop.java:579)
	at org.apache.ratis.thirdparty.io.netty.channel.nio.NioEventLoop.processSelectedKeys(NioEventLoop.java:496)
	at org.apache.ratis.thirdparty.io.netty.channel.nio.NioEventLoop.run(NioEventLoop.java:458)
	at org.apache.ratis.thirdparty.io.netty.util.concurrent.SingleThreadEventExecutor$5.run(SingleThreadEventExecutor.java:897)
	at org.apache.ratis.thirdparty.io.netty.util.concurrent.FastThreadLocalRunnable.run(FastThreadLocalRunnable.java:30)
	... 1 more
Caused by: java.net.ConnectException: Connection refused
	... 11 more
2019-10-28 08:20:11,561 [6f05e68d-03c1-4824-99f0-3d21915cda5b@group-CE3A4ACBD96B-LeaderElection169] INFO  impl.LeaderElection (LogUtils.java:infoOrTrace(149)) - 6f05e68d-03c1-4824-99f0-3d21915cda5b@group-CE3A4ACBD96B-LeaderElection169 got exception when requesting votes: {}
java.util.concurrent.ExecutionException: org.apache.ratis.thirdparty.io.grpc.StatusRuntimeException: UNAVAILABLE: io exception
	at java.util.concurrent.FutureTask.report(FutureTask.java:122)
	at java.util.concurrent.FutureTask.get(FutureTask.java:192)
	at org.apache.ratis.server.impl.LeaderElection.waitForResults(LeaderElection.java:259)
	at org.apache.ratis.server.impl.LeaderElection.askForVotes(LeaderElection.java:197)
	at org.apache.ratis.server.impl.LeaderElection.run(LeaderElection.java:133)
	at java.lang.Thread.run(Thread.java:748)
Caused by: org.apache.ratis.thirdparty.io.grpc.StatusRuntimeException: UNAVAILABLE: io exception
	at org.apache.ratis.thirdparty.io.grpc.stub.ClientCalls.toStatusRuntimeException(ClientCalls.java:233)
	at org.apache.ratis.thirdparty.io.grpc.stub.ClientCalls.getUnchecked(ClientCalls.java:214)
	at org.apache.ratis.thirdparty.io.grpc.stub.ClientCalls.blockingUnaryCall(ClientCalls.java:139)
	at org.apache.ratis.proto.grpc.RaftServerProtocolServiceGrpc$RaftServerProtocolServiceBlockingStub.requestVote(RaftServerProtocolServiceGrpc.java:265)
	at org.apache.ratis.grpc.server.GrpcServerProtocolClient.requestVote(GrpcServerProtocolClient.java:99)
	at org.apache.ratis.grpc.server.GrpcService.requestVote(GrpcService.java:204)
	at org.apache.ratis.server.impl.LeaderElection.lambda$submitRequests$1(LeaderElection.java:234)
	at java.util.concurrent.FutureTask.run(FutureTask.java:266)
	at java.util.concurrent.Executors$RunnableAdapter.call(Executors.java:511)
	at java.util.concurrent.FutureTask.run(FutureTask.java:266)
	at java.util.concurrent.ThreadPoolExecutor.runWorker(ThreadPoolExecutor.java:1149)
	at java.util.concurrent.ThreadPoolExecutor$Worker.run(ThreadPoolExecutor.java:624)
	... 1 more
Caused by: org.apache.ratis.thirdparty.io.netty.channel.AbstractChannel$AnnotatedConnectException: Connection refused: /192.168.34.22:36717
	at sun.nio.ch.SocketChannelImpl.checkConnect(Native Method)
	at sun.nio.ch.SocketChannelImpl.finishConnect(SocketChannelImpl.java:717)
	at org.apache.ratis.thirdparty.io.netty.channel.socket.nio.NioSocketChannel.doFinishConnect(NioSocketChannel.java:327)
	at org.apache.ratis.thirdparty.io.netty.channel.nio.AbstractNioChannel$AbstractNioUnsafe.finishConnect(AbstractNioChannel.java:340)
	at org.apache.ratis.thirdparty.io.netty.channel.nio.NioEventLoop.processSelectedKey(NioEventLoop.java:632)
	at org.apache.ratis.thirdparty.io.netty.channel.nio.NioEventLoop.processSelectedKeysOptimized(NioEventLoop.java:579)
	at org.apache.ratis.thirdparty.io.netty.channel.nio.NioEventLoop.processSelectedKeys(NioEventLoop.java:496)
	at org.apache.ratis.thirdparty.io.netty.channel.nio.NioEventLoop.run(NioEventLoop.java:458)
	at org.apache.ratis.thirdparty.io.netty.util.concurrent.SingleThreadEventExecutor$5.run(SingleThreadEventExecutor.java:897)
	at org.apache.ratis.thirdparty.io.netty.util.concurrent.FastThreadLocalRunnable.run(FastThreadLocalRunnable.java:30)
	... 1 more
Caused by: java.net.ConnectException: Connection refused
	... 11 more
2019-10-28 08:20:11,561 [6f05e68d-03c1-4824-99f0-3d21915cda5b@group-CE3A4ACBD96B-LeaderElection169] INFO  impl.LeaderElection (LeaderElection.java:logAndReturn(56)) - 6f05e68d-03c1-4824-99f0-3d21915cda5b@group-CE3A4ACBD96B-LeaderElection169: Election REJECTED; received 0 response(s) [] and 2 exception(s); 6f05e68d-03c1-4824-99f0-3d21915cda5b@group-CE3A4ACBD96B:t10, leader=null, voted=6f05e68d-03c1-4824-99f0-3d21915cda5b, raftlog=6f05e68d-03c1-4824-99f0-3d21915cda5b@group-CE3A4ACBD96B-SegmentedRaftLog:OPENED:c0,f0,i0, conf=0: [2aa3b7c6-b90d-4752-89e9-33d25dd86bbd:192.168.34.22:43904, 2a045742-6ad3-4ae4-8313-0bafe5f9a8d8:192.168.34.22:36717, 6f05e68d-03c1-4824-99f0-3d21915cda5b:192.168.34.22:36489], old=null
2019-10-28 08:20:11,562 [6f05e68d-03c1-4824-99f0-3d21915cda5b@group-CE3A4ACBD96B-LeaderElection169] INFO  impl.LeaderElection (LogUtils.java:infoOrTrace(149)) -   Exception 0: {}
java.util.concurrent.ExecutionException: org.apache.ratis.thirdparty.io.grpc.StatusRuntimeException: UNAVAILABLE: io exception
	at java.util.concurrent.FutureTask.report(FutureTask.java:122)
	at java.util.concurrent.FutureTask.get(FutureTask.java:192)
	at org.apache.ratis.server.impl.LeaderElection.waitForResults(LeaderElection.java:259)
	at org.apache.ratis.server.impl.LeaderElection.askForVotes(LeaderElection.java:197)
	at org.apache.ratis.server.impl.LeaderElection.run(LeaderElection.java:133)
	at java.lang.Thread.run(Thread.java:748)
Caused by: org.apache.ratis.thirdparty.io.grpc.StatusRuntimeException: UNAVAILABLE: io exception
	at org.apache.ratis.thirdparty.io.grpc.stub.ClientCalls.toStatusRuntimeException(ClientCalls.java:233)
	at org.apache.ratis.thirdparty.io.grpc.stub.ClientCalls.getUnchecked(ClientCalls.java:214)
	at org.apache.ratis.thirdparty.io.grpc.stub.ClientCalls.blockingUnaryCall(ClientCalls.java:139)
	at org.apache.ratis.proto.grpc.RaftServerProtocolServiceGrpc$RaftServerProtocolServiceBlockingStub.requestVote(RaftServerProtocolServiceGrpc.java:265)
	at org.apache.ratis.grpc.server.GrpcServerProtocolClient.requestVote(GrpcServerProtocolClient.java:99)
	at org.apache.ratis.grpc.server.GrpcService.requestVote(GrpcService.java:204)
	at org.apache.ratis.server.impl.LeaderElection.lambda$submitRequests$1(LeaderElection.java:234)
	at java.util.concurrent.FutureTask.run(FutureTask.java:266)
	at java.util.concurrent.Executors$RunnableAdapter.call(Executors.java:511)
	at java.util.concurrent.FutureTask.run(FutureTask.java:266)
	at java.util.concurrent.ThreadPoolExecutor.runWorker(ThreadPoolExecutor.java:1149)
	at java.util.concurrent.ThreadPoolExecutor$Worker.run(ThreadPoolExecutor.java:624)
	... 1 more
Caused by: org.apache.ratis.thirdparty.io.netty.channel.AbstractChannel$AnnotatedConnectException: Connection refused: /192.168.34.22:43904
	at sun.nio.ch.SocketChannelImpl.checkConnect(Native Method)
	at sun.nio.ch.SocketChannelImpl.finishConnect(SocketChannelImpl.java:717)
	at org.apache.ratis.thirdparty.io.netty.channel.socket.nio.NioSocketChannel.doFinishConnect(NioSocketChannel.java:327)
	at org.apache.ratis.thirdparty.io.netty.channel.nio.AbstractNioChannel$AbstractNioUnsafe.finishConnect(AbstractNioChannel.java:340)
	at org.apache.ratis.thirdparty.io.netty.channel.nio.NioEventLoop.processSelectedKey(NioEventLoop.java:632)
	at org.apache.ratis.thirdparty.io.netty.channel.nio.NioEventLoop.processSelectedKeysOptimized(NioEventLoop.java:579)
	at org.apache.ratis.thirdparty.io.netty.channel.nio.NioEventLoop.processSelectedKeys(NioEventLoop.java:496)
	at org.apache.ratis.thirdparty.io.netty.channel.nio.NioEventLoop.run(NioEventLoop.java:458)
	at org.apache.ratis.thirdparty.io.netty.util.concurrent.SingleThreadEventExecutor$5.run(SingleThreadEventExecutor.java:897)
	at org.apache.ratis.thirdparty.io.netty.util.concurrent.FastThreadLocalRunnable.run(FastThreadLocalRunnable.java:30)
	... 1 more
Caused by: java.net.ConnectException: Connection refused
	... 11 more
2019-10-28 08:20:11,562 [6f05e68d-03c1-4824-99f0-3d21915cda5b@group-CE3A4ACBD96B-LeaderElection169] INFO  impl.LeaderElection (LogUtils.java:infoOrTrace(149)) -   Exception 1: {}
java.util.concurrent.ExecutionException: org.apache.ratis.thirdparty.io.grpc.StatusRuntimeException: UNAVAILABLE: io exception
	at java.util.concurrent.FutureTask.report(FutureTask.java:122)
	at java.util.concurrent.FutureTask.get(FutureTask.java:192)
	at org.apache.ratis.server.impl.LeaderElection.waitForResults(LeaderElection.java:259)
	at org.apache.ratis.server.impl.LeaderElection.askForVotes(LeaderElection.java:197)
	at org.apache.ratis.server.impl.LeaderElection.run(LeaderElection.java:133)
	at java.lang.Thread.run(Thread.java:748)
Caused by: org.apache.ratis.thirdparty.io.grpc.StatusRuntimeException: UNAVAILABLE: io exception
	at org.apache.ratis.thirdparty.io.grpc.stub.ClientCalls.toStatusRuntimeException(ClientCalls.java:233)
	at org.apache.ratis.thirdparty.io.grpc.stub.ClientCalls.getUnchecked(ClientCalls.java:214)
	at org.apache.ratis.thirdparty.io.grpc.stub.ClientCalls.blockingUnaryCall(ClientCalls.java:139)
	at org.apache.ratis.proto.grpc.RaftServerProtocolServiceGrpc$RaftServerProtocolServiceBlockingStub.requestVote(RaftServerProtocolServiceGrpc.java:265)
	at org.apache.ratis.grpc.server.GrpcServerProtocolClient.requestVote(GrpcServerProtocolClient.java:99)
	at org.apache.ratis.grpc.server.GrpcService.requestVote(GrpcService.java:204)
	at org.apache.ratis.server.impl.LeaderElection.lambda$submitRequests$1(LeaderElection.java:234)
	at java.util.concurrent.FutureTask.run(FutureTask.java:266)
	at java.util.concurrent.Executors$RunnableAdapter.call(Executors.java:511)
	at java.util.concurrent.FutureTask.run(FutureTask.java:266)
	at java.util.concurrent.ThreadPoolExecutor.runWorker(ThreadPoolExecutor.java:1149)
	at java.util.concurrent.ThreadPoolExecutor$Worker.run(ThreadPoolExecutor.java:624)
	... 1 more
Caused by: org.apache.ratis.thirdparty.io.netty.channel.AbstractChannel$AnnotatedConnectException: Connection refused: /192.168.34.22:36717
	at sun.nio.ch.SocketChannelImpl.checkConnect(Native Method)
	at sun.nio.ch.SocketChannelImpl.finishConnect(SocketChannelImpl.java:717)
	at org.apache.ratis.thirdparty.io.netty.channel.socket.nio.NioSocketChannel.doFinishConnect(NioSocketChannel.java:327)
	at org.apache.ratis.thirdparty.io.netty.channel.nio.AbstractNioChannel$AbstractNioUnsafe.finishConnect(AbstractNioChannel.java:340)
	at org.apache.ratis.thirdparty.io.netty.channel.nio.NioEventLoop.processSelectedKey(NioEventLoop.java:632)
	at org.apache.ratis.thirdparty.io.netty.channel.nio.NioEventLoop.processSelectedKeysOptimized(NioEventLoop.java:579)
	at org.apache.ratis.thirdparty.io.netty.channel.nio.NioEventLoop.processSelectedKeys(NioEventLoop.java:496)
	at org.apache.ratis.thirdparty.io.netty.channel.nio.NioEventLoop.run(NioEventLoop.java:458)
	at org.apache.ratis.thirdparty.io.netty.util.concurrent.SingleThreadEventExecutor$5.run(SingleThreadEventExecutor.java:897)
	at org.apache.ratis.thirdparty.io.netty.util.concurrent.FastThreadLocalRunnable.run(FastThreadLocalRunnable.java:30)
	... 1 more
Caused by: java.net.ConnectException: Connection refused
	... 11 more
2019-10-28 08:20:11,563 [6f05e68d-03c1-4824-99f0-3d21915cda5b@group-CE3A4ACBD96B-LeaderElection169] INFO  impl.RaftServerImpl (RaftServerImpl.java:setRole(170)) - 6f05e68d-03c1-4824-99f0-3d21915cda5b@group-CE3A4ACBD96B: changes role from CANDIDATE to FOLLOWER at term 10 for DISCOVERED_A_NEW_TERM
2019-10-28 08:20:11,563 [6f05e68d-03c1-4824-99f0-3d21915cda5b@group-CE3A4ACBD96B-LeaderElection169] INFO  impl.RoleInfo (RoleInfo.java:shutdownLeaderElection(134)) - 6f05e68d-03c1-4824-99f0-3d21915cda5b: shutdown LeaderElection
2019-10-28 08:20:11,563 [6f05e68d-03c1-4824-99f0-3d21915cda5b@group-CE3A4ACBD96B-LeaderElection169] INFO  impl.RoleInfo (RoleInfo.java:updateAndGet(143)) - 6f05e68d-03c1-4824-99f0-3d21915cda5b: start FollowerState
2019-10-28 08:20:11,682 [main] INFO  ozoneimpl.OzoneContainer (OzoneContainer.java:stop(227)) - Attempting to stop container services.
2019-10-28 08:20:11,683 [ForkJoinPool.commonPool-worker-1] INFO  ozoneimpl.OzoneContainer (OzoneContainer.java:stop(227)) - Attempting to stop container services.
2019-10-28 08:20:11,684 [main] INFO  impl.RaftServerProxy (RaftServerProxy.java:lambda$close$4(314)) - 6f05e68d-03c1-4824-99f0-3d21915cda5b: close
2019-10-28 08:20:11,684 [ForkJoinPool.commonPool-worker-1] INFO  impl.RaftServerProxy (RaftServerProxy.java:lambda$close$4(314)) - 00d59604-869a-42b3-a19c-0cd76ca30d07: close
2019-10-28 08:20:11,684 [main] INFO  impl.RaftServerImpl (RaftServerImpl.java:lambda$shutdown$3(247)) - 6f05e68d-03c1-4824-99f0-3d21915cda5b@group-DAAD082E1ED7: shutdown
2019-10-28 08:20:11,684 [ForkJoinPool.commonPool-worker-1] INFO  impl.RaftServerImpl (RaftServerImpl.java:lambda$shutdown$3(247)) - 00d59604-869a-42b3-a19c-0cd76ca30d07@group-894347CC7C6E: shutdown
2019-10-28 08:20:11,685 [main] INFO  util.JmxRegister (JmxRegister.java:unregister(73)) - Successfully un-registered JMX Bean with object name Ratis:service=RaftServer,group=group-DAAD082E1ED7,id=6f05e68d-03c1-4824-99f0-3d21915cda5b
2019-10-28 08:20:11,685 [ForkJoinPool.commonPool-worker-1] INFO  util.JmxRegister (JmxRegister.java:unregister(73)) - Successfully un-registered JMX Bean with object name Ratis:service=RaftServer,group=group-894347CC7C6E,id=00d59604-869a-42b3-a19c-0cd76ca30d07
2019-10-28 08:20:11,685 [main] INFO  impl.RoleInfo (RoleInfo.java:shutdownLeaderState(104)) - 6f05e68d-03c1-4824-99f0-3d21915cda5b: shutdown LeaderState
2019-10-28 08:20:11,685 [ForkJoinPool.commonPool-worker-1] INFO  impl.RoleInfo (RoleInfo.java:shutdownLeaderState(104)) - 00d59604-869a-42b3-a19c-0cd76ca30d07: shutdown LeaderState
2019-10-28 08:20:11,686 [main] INFO  impl.PendingRequests (PendingRequests.java:sendNotLeaderResponses(202)) - 6f05e68d-03c1-4824-99f0-3d21915cda5b@group-DAAD082E1ED7-PendingRequests: sendNotLeaderResponses
2019-10-28 08:20:11,686 [ForkJoinPool.commonPool-worker-1] INFO  impl.PendingRequests (PendingRequests.java:sendNotLeaderResponses(202)) - 00d59604-869a-42b3-a19c-0cd76ca30d07@group-894347CC7C6E-PendingRequests: sendNotLeaderResponses
2019-10-28 08:20:11,686 [main] INFO  impl.StateMachineUpdater (StateMachineUpdater.java:stopAndJoin(136)) - 6f05e68d-03c1-4824-99f0-3d21915cda5b@group-DAAD082E1ED7-StateMachineUpdater: set stopIndex = 0
2019-10-28 08:20:11,686 [ForkJoinPool.commonPool-worker-1] INFO  impl.StateMachineUpdater (StateMachineUpdater.java:stopAndJoin(136)) - 00d59604-869a-42b3-a19c-0cd76ca30d07@group-894347CC7C6E-StateMachineUpdater: set stopIndex = 0
2019-10-28 08:20:11,687 [ForkJoinPool.commonPool-worker-1] INFO  impl.RaftServerImpl (ServerState.java:close(387)) - 00d59604-869a-42b3-a19c-0cd76ca30d07@group-894347CC7C6E: closes. applyIndex: 0
2019-10-28 08:20:11,687 [main] INFO  impl.RaftServerImpl (ServerState.java:close(387)) - 6f05e68d-03c1-4824-99f0-3d21915cda5b@group-DAAD082E1ED7: closes. applyIndex: 0
2019-10-28 08:20:11,688 [00d59604-869a-42b3-a19c-0cd76ca30d07@group-894347CC7C6E-SegmentedRaftLogWorker] INFO  segmented.SegmentedRaftLogWorker (SegmentedRaftLogWorker.java:run(316)) - 00d59604-869a-42b3-a19c-0cd76ca30d07@group-894347CC7C6E-SegmentedRaftLogWorker was interrupted, exiting. There are 0 tasks remaining in the queue.
2019-10-28 08:20:11,688 [6f05e68d-03c1-4824-99f0-3d21915cda5b@group-DAAD082E1ED7-SegmentedRaftLogWorker] INFO  segmented.SegmentedRaftLogWorker (SegmentedRaftLogWorker.java:run(316)) - 6f05e68d-03c1-4824-99f0-3d21915cda5b@group-DAAD082E1ED7-SegmentedRaftLogWorker was interrupted, exiting. There are 0 tasks remaining in the queue.
2019-10-28 08:20:11,689 [ForkJoinPool.commonPool-worker-1] INFO  segmented.SegmentedRaftLogWorker (SegmentedRaftLogWorker.java:close(224)) - 00d59604-869a-42b3-a19c-0cd76ca30d07@group-894347CC7C6E-SegmentedRaftLogWorker close()
2019-10-28 08:20:11,689 [main] INFO  segmented.SegmentedRaftLogWorker (SegmentedRaftLogWorker.java:close(224)) - 6f05e68d-03c1-4824-99f0-3d21915cda5b@group-DAAD082E1ED7-SegmentedRaftLogWorker close()
2019-10-28 08:20:11,693 [ForkJoinPool.commonPool-worker-1] INFO  impl.RaftServerImpl (RaftServerImpl.java:lambda$shutdown$3(247)) - 00d59604-869a-42b3-a19c-0cd76ca30d07@group-C80DD7B1CD18: shutdown
2019-10-28 08:20:11,695 [main] INFO  impl.RaftServerImpl (RaftServerImpl.java:lambda$shutdown$3(247)) - 6f05e68d-03c1-4824-99f0-3d21915cda5b@group-CE3A4ACBD96B: shutdown
2019-10-28 08:20:11,695 [ForkJoinPool.commonPool-worker-1] INFO  util.JmxRegister (JmxRegister.java:unregister(73)) - Successfully un-registered JMX Bean with object name Ratis:service=RaftServer,group=group-C80DD7B1CD18,id=00d59604-869a-42b3-a19c-0cd76ca30d07
2019-10-28 08:20:11,695 [main] INFO  util.JmxRegister (JmxRegister.java:unregister(73)) - Successfully un-registered JMX Bean with object name Ratis:service=RaftServer,group=group-CE3A4ACBD96B,id=6f05e68d-03c1-4824-99f0-3d21915cda5b
2019-10-28 08:20:11,696 [ForkJoinPool.commonPool-worker-1] INFO  impl.RoleInfo (RoleInfo.java:shutdownLeaderState(104)) - 00d59604-869a-42b3-a19c-0cd76ca30d07: shutdown LeaderState
2019-10-28 08:20:11,696 [main] INFO  impl.RoleInfo (RoleInfo.java:shutdownFollowerState(121)) - 6f05e68d-03c1-4824-99f0-3d21915cda5b: shutdown FollowerState
2019-10-28 08:20:11,699 [org.apache.ratis.server.impl.LogAppender$AppenderDaemon$$Lambda$449/270999738@7ca5a461] WARN  server.GrpcLogAppender (GrpcLogAppender.java:mayWait(143)) - 00d59604-869a-42b3-a19c-0cd76ca30d07@group-C80DD7B1CD18->8dd013f2-bbde-4487-bce9-479ed92de2a3-GrpcLogAppender: Wait interrupted by java.lang.InterruptedException
2019-10-28 08:20:11,699 [org.apache.ratis.server.impl.LogAppender$AppenderDaemon$$Lambda$449/270999738@358108ea] WARN  server.GrpcLogAppender (GrpcLogAppender.java:mayWait(143)) - 00d59604-869a-42b3-a19c-0cd76ca30d07@group-C80DD7B1CD18->442f1a8c-01a9-4abf-8c25-ed2da4cb70e7-GrpcLogAppender: Wait interrupted by java.lang.InterruptedException
2019-10-28 08:20:11,699 [ForkJoinPool.commonPool-worker-1] INFO  impl.PendingRequests (PendingRequests.java:sendNotLeaderResponses(202)) - 00d59604-869a-42b3-a19c-0cd76ca30d07@group-C80DD7B1CD18-PendingRequests: sendNotLeaderResponses
2019-10-28 08:20:11,699 [Thread-4337] INFO  impl.FollowerState (FollowerState.java:run(117)) - 6f05e68d-03c1-4824-99f0-3d21915cda5b@group-CE3A4ACBD96B-FollowerState was interrupted: java.lang.InterruptedException: sleep interrupted
2019-10-28 08:20:11,699 [main] INFO  impl.StateMachineUpdater (StateMachineUpdater.java:stopAndJoin(136)) - 6f05e68d-03c1-4824-99f0-3d21915cda5b@group-CE3A4ACBD96B-StateMachineUpdater: set stopIndex = 0
2019-10-28 08:20:11,705 [main] INFO  impl.RaftServerImpl (ServerState.java:close(387)) - 6f05e68d-03c1-4824-99f0-3d21915cda5b@group-CE3A4ACBD96B: closes. applyIndex: 0
2019-10-28 08:20:11,706 [00d59604-869a-42b3-a19c-0cd76ca30d07@group-C80DD7B1CD18-StateMachineUpdater] INFO  ratis.ContainerStateMachine (ContainerStateMachine.java:takeSnapshot(294)) - group-C80DD7B1CD18: Taking a snapshot at:(t:1, i:4) file /workdir/hadoop-ozone/integration-test/target/test-dir/MiniOzoneClusterImpl-15e79e0b-a28f-4a98-99e1-aed18379cb8e/datanode-1/data/ratis/31a891bf-d74e-417a-9d39-c80dd7b1cd18/sm/snapshot.1_4
2019-10-28 08:20:11,706 [6f05e68d-03c1-4824-99f0-3d21915cda5b@group-CE3A4ACBD96B-SegmentedRaftLogWorker] INFO  segmented.SegmentedRaftLogWorker (SegmentedRaftLogWorker.java:run(316)) - 6f05e68d-03c1-4824-99f0-3d21915cda5b@group-CE3A4ACBD96B-SegmentedRaftLogWorker was interrupted, exiting. There are 0 tasks remaining in the queue.
2019-10-28 08:20:11,705 [ForkJoinPool.commonPool-worker-1] INFO  impl.StateMachineUpdater (StateMachineUpdater.java:stopAndJoin(136)) - 00d59604-869a-42b3-a19c-0cd76ca30d07@group-C80DD7B1CD18-StateMachineUpdater: set stopIndex = 4
2019-10-28 08:20:11,706 [main] INFO  segmented.SegmentedRaftLogWorker (SegmentedRaftLogWorker.java:close(224)) - 6f05e68d-03c1-4824-99f0-3d21915cda5b@group-CE3A4ACBD96B-SegmentedRaftLogWorker close()
2019-10-28 08:20:11,708 [main] INFO  server.GrpcService (GrpcService.java:closeImpl(164)) - 6f05e68d-03c1-4824-99f0-3d21915cda5b: shutdown server with port 36489 now
2019-10-28 08:20:11,709 [main] INFO  server.GrpcService (GrpcService.java:closeImpl(172)) - 6f05e68d-03c1-4824-99f0-3d21915cda5b: shutdown server with port 36489 successfully
2019-10-28 08:20:11,715 [refreshUsed-/workdir/hadoop-ozone/integration-test/target/test-dir/MiniOzoneClusterImpl-15e79e0b-a28f-4a98-99e1-aed18379cb8e/datanode-9/data/containers] WARN  fs.CachingGetSpaceUsed (CachingGetSpaceUsed.java:run(183)) - Thread Interrupted waiting to refresh disk information: sleep interrupted
2019-10-28 08:20:11,720 [00d59604-869a-42b3-a19c-0cd76ca30d07@group-C80DD7B1CD18-StateMachineUpdater] INFO  ratis.ContainerStateMachine (ContainerStateMachine.java:takeSnapshot(305)) - group-C80DD7B1CD18: Finished taking a snapshot at:(t:1, i:4) file:/workdir/hadoop-ozone/integration-test/target/test-dir/MiniOzoneClusterImpl-15e79e0b-a28f-4a98-99e1-aed18379cb8e/datanode-1/data/ratis/31a891bf-d74e-417a-9d39-c80dd7b1cd18/sm/snapshot.1_4 time:14
2019-10-28 08:20:11,720 [00d59604-869a-42b3-a19c-0cd76ca30d07@group-C80DD7B1CD18-StateMachineUpdater] INFO  impl.StateMachineUpdater (StateMachineUpdater.java:takeSnapshot(269)) - 00d59604-869a-42b3-a19c-0cd76ca30d07@group-C80DD7B1CD18-StateMachineUpdater: Took a snapshot at index 4
2019-10-28 08:20:11,720 [00d59604-869a-42b3-a19c-0cd76ca30d07@group-C80DD7B1CD18-StateMachineUpdater] INFO  impl.StateMachineUpdater (StateMachineUpdater.java:lambda$new$0(84)) - 00d59604-869a-42b3-a19c-0cd76ca30d07@group-C80DD7B1CD18-StateMachineUpdater: snapshotIndex: updateIncreasingly -1 -> 4
2019-10-28 08:20:11,721 [ForkJoinPool.commonPool-worker-1] INFO  impl.RaftServerImpl (ServerState.java:close(387)) - 00d59604-869a-42b3-a19c-0cd76ca30d07@group-C80DD7B1CD18: closes. applyIndex: 4
2019-10-28 08:20:11,721 [00d59604-869a-42b3-a19c-0cd76ca30d07@group-C80DD7B1CD18-SegmentedRaftLogWorker] INFO  segmented.SegmentedRaftLogWorker (SegmentedRaftLogWorker.java:run(316)) - 00d59604-869a-42b3-a19c-0cd76ca30d07@group-C80DD7B1CD18-SegmentedRaftLogWorker was interrupted, exiting. There are 0 tasks remaining in the queue.
2019-10-28 08:20:11,721 [ForkJoinPool.commonPool-worker-1] INFO  segmented.SegmentedRaftLogWorker (SegmentedRaftLogWorker.java:close(224)) - 00d59604-869a-42b3-a19c-0cd76ca30d07@group-C80DD7B1CD18-SegmentedRaftLogWorker close()
2019-10-28 08:20:11,723 [ForkJoinPool.commonPool-worker-1] INFO  server.GrpcService (GrpcService.java:closeImpl(164)) - 00d59604-869a-42b3-a19c-0cd76ca30d07: shutdown server with port 38783 now
2019-10-28 08:20:11,724 [ForkJoinPool.commonPool-worker-1] INFO  server.GrpcService (GrpcService.java:closeImpl(172)) - 00d59604-869a-42b3-a19c-0cd76ca30d07: shutdown server with port 38783 successfully
2019-10-28 08:20:11,725 [refreshUsed-/workdir/hadoop-ozone/integration-test/target/test-dir/MiniOzoneClusterImpl-15e79e0b-a28f-4a98-99e1-aed18379cb8e/datanode-1/data/containers] WARN  fs.CachingGetSpaceUsed (CachingGetSpaceUsed.java:run(183)) - Thread Interrupted waiting to refresh disk information: sleep interrupted
2019-10-28 08:20:11,737 [main] INFO  utils.BackgroundService (BackgroundService.java:shutdown(151)) - Shutting down service BlockDeletingService
2019-10-28 08:20:11,739 [main] INFO  statemachine.DatanodeStateMachine (DatanodeStateMachine.java:stopDaemon(395)) - Ozone container server stopped.
2019-10-28 08:20:11,742 [ForkJoinPool.commonPool-worker-1] INFO  utils.BackgroundService (BackgroundService.java:shutdown(151)) - Shutting down service BlockDeletingService
2019-10-28 08:20:11,743 [ForkJoinPool.commonPool-worker-1] INFO  statemachine.DatanodeStateMachine (DatanodeStateMachine.java:stopDaemon(395)) - Ozone container server stopped.
2019-10-28 08:20:11,752 [ForkJoinPool.commonPool-worker-1] INFO  handler.ContextHandler (ContextHandler.java:doStop(910)) - Stopped o.e.j.w.WebAppContext@359ceb13{/,null,UNAVAILABLE}{/hddsDatanode}
2019-10-28 08:20:11,752 [main] INFO  handler.ContextHandler (ContextHandler.java:doStop(910)) - Stopped o.e.j.w.WebAppContext@71567f33{/,null,UNAVAILABLE}{/hddsDatanode}
2019-10-28 08:20:11,752 [ForkJoinPool.commonPool-worker-1] INFO  server.AbstractConnector (AbstractConnector.java:doStop(318)) - Stopped ServerConnector@1068176{HTTP/1.1,[http/1.1]}{0.0.0.0:0}
2019-10-28 08:20:11,753 [main] INFO  server.AbstractConnector (AbstractConnector.java:doStop(318)) - Stopped ServerConnector@71369e1a{HTTP/1.1,[http/1.1]}{0.0.0.0:0}
2019-10-28 08:20:11,754 [ForkJoinPool.commonPool-worker-1] INFO  handler.ContextHandler (ContextHandler.java:doStop(910)) - Stopped o.e.j.s.ServletContextHandler@79be91eb{/static,jar:file:/home/user/.m2/repository/org/apache/hadoop/hadoop-hdds-container-service/0.5.0-SNAPSHOT/hadoop-hdds-container-service-0.5.0-SNAPSHOT.jar!/webapps/static,UNAVAILABLE}
2019-10-28 08:20:11,754 [main] INFO  handler.ContextHandler (ContextHandler.java:doStop(910)) - Stopped o.e.j.s.ServletContextHandler@7e0f9528{/static,jar:file:/home/user/.m2/repository/org/apache/hadoop/hadoop-hdds-container-service/0.5.0-SNAPSHOT/hadoop-hdds-container-service-0.5.0-SNAPSHOT.jar!/webapps/static,UNAVAILABLE}
2019-10-28 08:20:11,755 [ForkJoinPool.commonPool-worker-1] INFO  handler.ContextHandler (ContextHandler.java:doStop(910)) - Stopped o.e.j.s.ServletContextHandler@19526f1d{/logs,file:///workdir/hadoop-ozone/integration-test/target/log,UNAVAILABLE}
2019-10-28 08:20:11,756 [main] INFO  handler.ContextHandler (ContextHandler.java:doStop(910)) - Stopped o.e.j.s.ServletContextHandler@401788d5{/logs,file:///workdir/hadoop-ozone/integration-test/target/log,UNAVAILABLE}
2019-10-28 08:20:12,111 [Datanode State Machine Thread - 0] INFO  statemachine.DatanodeStateMachine (DatanodeStateMachine.java:lambda$startDaemon$0(350)) - Ozone container server started.
2019-10-28 08:20:16,759 [main] INFO  ozoneimpl.OzoneContainer (OzoneContainer.java:stop(227)) - Attempting to stop container services.
2019-10-28 08:20:16,760 [main] INFO  impl.RaftServerProxy (RaftServerProxy.java:lambda$close$4(314)) - 32ed66cf-8488-4ba5-9500-337fd38aaa15: close
2019-10-28 08:20:16,761 [main] INFO  impl.RaftServerImpl (RaftServerImpl.java:lambda$shutdown$3(247)) - 32ed66cf-8488-4ba5-9500-337fd38aaa15@group-32B83D615E62: shutdown
2019-10-28 08:20:16,761 [main] INFO  util.JmxRegister (JmxRegister.java:unregister(73)) - Successfully un-registered JMX Bean with object name Ratis:service=RaftServer,group=group-32B83D615E62,id=32ed66cf-8488-4ba5-9500-337fd38aaa15
2019-10-28 08:20:16,762 [main] INFO  impl.RoleInfo (RoleInfo.java:shutdownLeaderState(104)) - 32ed66cf-8488-4ba5-9500-337fd38aaa15: shutdown LeaderState
2019-10-28 08:20:16,762 [main] INFO  impl.PendingRequests (PendingRequests.java:sendNotLeaderResponses(202)) - 32ed66cf-8488-4ba5-9500-337fd38aaa15@group-32B83D615E62-PendingRequests: sendNotLeaderResponses
2019-10-28 08:20:16,763 [main] INFO  impl.StateMachineUpdater (StateMachineUpdater.java:stopAndJoin(136)) - 32ed66cf-8488-4ba5-9500-337fd38aaa15@group-32B83D615E62-StateMachineUpdater: set stopIndex = 0
2019-10-28 08:20:16,767 [main] INFO  impl.RaftServerImpl (ServerState.java:close(387)) - 32ed66cf-8488-4ba5-9500-337fd38aaa15@group-32B83D615E62: closes. applyIndex: 0
2019-10-28 08:20:16,768 [32ed66cf-8488-4ba5-9500-337fd38aaa15@group-32B83D615E62-SegmentedRaftLogWorker] INFO  segmented.SegmentedRaftLogWorker (SegmentedRaftLogWorker.java:run(316)) - 32ed66cf-8488-4ba5-9500-337fd38aaa15@group-32B83D615E62-SegmentedRaftLogWorker was interrupted, exiting. There are 0 tasks remaining in the queue.
2019-10-28 08:20:16,769 [main] INFO  segmented.SegmentedRaftLogWorker (SegmentedRaftLogWorker.java:close(224)) - 32ed66cf-8488-4ba5-9500-337fd38aaa15@group-32B83D615E62-SegmentedRaftLogWorker close()
2019-10-28 08:20:16,773 [main] INFO  server.GrpcService (GrpcService.java:closeImpl(164)) - 32ed66cf-8488-4ba5-9500-337fd38aaa15: shutdown server with port 44586 now
2019-10-28 08:20:16,775 [main] INFO  server.GrpcService (GrpcService.java:closeImpl(172)) - 32ed66cf-8488-4ba5-9500-337fd38aaa15: shutdown server with port 44586 successfully
2019-10-28 08:20:16,782 [refreshUsed-/workdir/hadoop-ozone/integration-test/target/test-dir/MiniOzoneClusterImpl-15e79e0b-a28f-4a98-99e1-aed18379cb8e/datanode-7/data/containers] WARN  fs.CachingGetSpaceUsed (CachingGetSpaceUsed.java:run(183)) - Thread Interrupted waiting to refresh disk information: sleep interrupted
2019-10-28 08:20:16,798 [main] INFO  utils.BackgroundService (BackgroundService.java:shutdown(151)) - Shutting down service BlockDeletingService
2019-10-28 08:20:16,800 [main] INFO  statemachine.DatanodeStateMachine (DatanodeStateMachine.java:stopDaemon(395)) - Ozone container server stopped.
2019-10-28 08:20:16,801 [main] INFO  handler.ContextHandler (ContextHandler.java:doStop(910)) - Stopped o.e.j.w.WebAppContext@2e2f20b8{/,null,UNAVAILABLE}{/hddsDatanode}
2019-10-28 08:20:16,802 [main] INFO  server.AbstractConnector (AbstractConnector.java:doStop(318)) - Stopped ServerConnector@504497fa{HTTP/1.1,[http/1.1]}{0.0.0.0:0}
2019-10-28 08:20:16,803 [main] INFO  handler.ContextHandler (ContextHandler.java:doStop(910)) - Stopped o.e.j.s.ServletContextHandler@4e4395c{/static,jar:file:/home/user/.m2/repository/org/apache/hadoop/hadoop-hdds-container-service/0.5.0-SNAPSHOT/hadoop-hdds-container-service-0.5.0-SNAPSHOT.jar!/webapps/static,UNAVAILABLE}
2019-10-28 08:20:16,803 [main] INFO  handler.ContextHandler (ContextHandler.java:doStop(910)) - Stopped o.e.j.s.ServletContextHandler@177ede17{/logs,file:///workdir/hadoop-ozone/integration-test/target/log,UNAVAILABLE}
2019-10-28 08:20:16,804 [main] INFO  ozone.MiniOzoneClusterImpl (MiniOzoneClusterImpl.java:stopSCM(392)) - Stopping the StorageContainerManager
2019-10-28 08:20:16,804 [main] INFO  server.StorageContainerManager (StorageContainerManager.java:stop(810)) - Stopping Replication Manager Service.
2019-10-28 08:20:16,805 [main] INFO  container.ReplicationManager (ReplicationManager.java:stop(204)) - Stopping Replication Monitor Thread.
2019-10-28 08:20:16,805 [main] INFO  server.StorageContainerManager (StorageContainerManager.java:stop(817)) - Stopping Lease Manager of the command watchers
2019-10-28 08:20:16,805 [main] INFO  server.StorageContainerManager (StorageContainerManager.java:stop(824)) - Stopping datanode service RPC server
2019-10-28 08:20:16,805 [main] INFO  server.SCMDatanodeProtocolServer (SCMDatanodeProtocolServer.java:stop(346)) - Stopping the RPC server for DataNodes
2019-10-28 08:20:16,805 [main] INFO  ipc.Server (Server.java:stop(3082)) - Stopping server on 46334
2019-10-28 08:20:16,808 [IPC Server listener on 46334] INFO  ipc.Server (Server.java:run(1185)) - Stopping IPC Server listener on 46334
2019-10-28 08:20:16,808 [IPC Server Responder] INFO  ipc.Server (Server.java:run(1319)) - Stopping IPC Server Responder
2019-10-28 08:20:16,818 [SCM Heartbeat Processing Thread - 0] WARN  node.NodeStateManager (NodeStateManager.java:scheduleNextHealthCheck(655)) - Current Thread is interrupted, shutting down HB processing thread for Node Manager.
2019-10-28 08:20:16,818 [main] INFO  server.StorageContainerManager (StorageContainerManager.java:stop(832)) - Stopping block service RPC server
2019-10-28 08:20:16,818 [main] INFO  server.SCMBlockProtocolServer (SCMBlockProtocolServer.java:stop(155)) - Stopping the RPC server for Block Protocol
2019-10-28 08:20:16,819 [main] INFO  ipc.Server (Server.java:stop(3082)) - Stopping server on 38320
2019-10-28 08:20:16,821 [IPC Server listener on 38320] INFO  ipc.Server (Server.java:run(1185)) - Stopping IPC Server listener on 38320
2019-10-28 08:20:16,821 [main] INFO  server.StorageContainerManager (StorageContainerManager.java:stop(839)) - Stopping the StorageContainerLocationProtocol RPC server
2019-10-28 08:20:16,821 [IPC Server Responder] INFO  ipc.Server (Server.java:run(1319)) - Stopping IPC Server Responder
2019-10-28 08:20:16,822 [main] INFO  server.SCMClientProtocolServer (SCMClientProtocolServer.java:stop(168)) - Stopping the RPC server for Client Protocol
2019-10-28 08:20:16,823 [main] INFO  ipc.Server (Server.java:stop(3082)) - Stopping server on 33079
2019-10-28 08:20:16,825 [main] INFO  server.StorageContainerManager (StorageContainerManager.java:stop(846)) - Stopping Storage Container Manager HTTP server.
2019-10-28 08:20:16,825 [IPC Server listener on 33079] INFO  ipc.Server (Server.java:run(1185)) - Stopping IPC Server listener on 33079
2019-10-28 08:20:16,826 [IPC Server Responder] INFO  ipc.Server (Server.java:run(1319)) - Stopping IPC Server Responder
2019-10-28 08:20:16,828 [main] INFO  handler.ContextHandler (ContextHandler.java:doStop(910)) - Stopped o.e.j.w.WebAppContext@256589a1{/,null,UNAVAILABLE}{/scm}
2019-10-28 08:20:16,828 [main] INFO  server.AbstractConnector (AbstractConnector.java:doStop(318)) - Stopped ServerConnector@935493d{HTTP/1.1,[http/1.1]}{0.0.0.0:0}
2019-10-28 08:20:16,828 [main] INFO  handler.ContextHandler (ContextHandler.java:doStop(910)) - Stopped o.e.j.s.ServletContextHandler@37d3e140{/static,file:///workdir/hadoop-ozone/integration-test/target/test-classes/webapps/static,UNAVAILABLE}
2019-10-28 08:20:16,829 [main] INFO  handler.ContextHandler (ContextHandler.java:doStop(910)) - Stopped o.e.j.s.ServletContextHandler@584ca390{/logs,file:///workdir/hadoop-ozone/integration-test/target/log,UNAVAILABLE}
2019-10-28 08:20:16,829 [main] INFO  server.StorageContainerManager (StorageContainerManager.java:stop(857)) - Stopping Block Manager Service.
2019-10-28 08:20:16,830 [main] INFO  utils.BackgroundService (BackgroundService.java:shutdown(151)) - Shutting down service SCMBlockDeletingService
2019-10-28 08:20:16,830 [main] INFO  utils.BackgroundService (BackgroundService.java:shutdown(151)) - Shutting down service SCMBlockDeletingService
2019-10-28 08:20:16,831 [main] INFO  server.StorageContainerManager (StorageContainerManager.java:stop(879)) - Stopping SCM Event Queue.
2019-10-28 08:20:16,837 [main] INFO  impl.MetricsSystemImpl (MetricsSystemImpl.java:stop(210)) - Stopping HddsDatanode metrics system...
2019-10-28 08:20:16,869 [main] INFO  impl.MetricsSystemImpl (MetricsSystemImpl.java:stop(216)) - HddsDatanode metrics system stopped.
]]></system-out>
    <system-err><![CDATA[Oct 28, 2019 8:19:24 AM org.apache.ratis.thirdparty.io.grpc.internal.ManagedChannelOrphanWrapper$ManagedChannelReference cleanQueue
SEVERE: *~*~*~ Channel ManagedChannelImpl{logId=3282, target=192.168.34.22:36119} was not shutdown properly!!! ~*~*~*
    Make sure to call shutdown()/shutdownNow() and wait until awaitTermination() returns true.
java.lang.RuntimeException: ManagedChannel allocation site
	at org.apache.ratis.thirdparty.io.grpc.internal.ManagedChannelOrphanWrapper$ManagedChannelReference.<init>(ManagedChannelOrphanWrapper.java:103)
	at org.apache.ratis.thirdparty.io.grpc.internal.ManagedChannelOrphanWrapper.<init>(ManagedChannelOrphanWrapper.java:53)
	at org.apache.ratis.thirdparty.io.grpc.internal.ManagedChannelOrphanWrapper.<init>(ManagedChannelOrphanWrapper.java:44)
	at org.apache.ratis.thirdparty.io.grpc.internal.AbstractManagedChannelImplBuilder.build(AbstractManagedChannelImplBuilder.java:411)
	at org.apache.hadoop.hdds.scm.XceiverClientGrpc.connectToDatanode(XceiverClientGrpc.java:183)
	at org.apache.hadoop.hdds.scm.XceiverClientGrpc.reconnect(XceiverClientGrpc.java:434)
	at org.apache.hadoop.hdds.scm.XceiverClientGrpc.sendCommandAsync(XceiverClientGrpc.java:382)
	at org.apache.hadoop.hdds.scm.XceiverClientGrpc.sendCommandWithRetry(XceiverClientGrpc.java:295)
	at org.apache.hadoop.hdds.scm.XceiverClientGrpc.sendCommandWithTraceIDAndRetry(XceiverClientGrpc.java:259)
	at org.apache.hadoop.hdds.scm.XceiverClientGrpc.sendCommand(XceiverClientGrpc.java:242)
	at org.apache.hadoop.hdds.scm.storage.ContainerProtocolCalls.getBlock(ContainerProtocolCalls.java:118)
	at org.apache.hadoop.hdds.scm.storage.BlockInputStream.getChunkInfos(BlockInputStream.java:169)
	at org.apache.hadoop.hdds.scm.storage.BlockInputStream.initialize(BlockInputStream.java:118)
	at org.apache.hadoop.hdds.scm.storage.BlockInputStream.read(BlockInputStream.java:224)
	at org.apache.hadoop.ozone.client.io.KeyInputStream.read(KeyInputStream.java:173)
	at org.apache.hadoop.ozone.client.io.OzoneInputStream.read(OzoneInputStream.java:47)
	at java.io.InputStream.read(InputStream.java:101)
	at org.apache.hadoop.ozone.container.ContainerTestHelper.validateData(ContainerTestHelper.java:715)
	at org.apache.hadoop.ozone.client.rpc.TestFailureHandlingByClient.validateData(TestFailureHandlingByClient.java:415)
	at org.apache.hadoop.ozone.client.rpc.TestFailureHandlingByClient.testBlockWritesWithDnFailures(TestFailureHandlingByClient.java:174)
	at sun.reflect.NativeMethodAccessorImpl.invoke0(Native Method)
	at sun.reflect.NativeMethodAccessorImpl.invoke(NativeMethodAccessorImpl.java:62)
	at sun.reflect.DelegatingMethodAccessorImpl.invoke(DelegatingMethodAccessorImpl.java:43)
	at java.lang.reflect.Method.invoke(Method.java:498)
	at org.junit.runners.model.FrameworkMethod$1.runReflectiveCall(FrameworkMethod.java:47)
	at org.junit.internal.runners.model.ReflectiveCallable.run(ReflectiveCallable.java:12)
	at org.junit.runners.model.FrameworkMethod.invokeExplosively(FrameworkMethod.java:44)
	at org.junit.internal.runners.statements.InvokeMethod.evaluate(InvokeMethod.java:17)
	at org.junit.internal.runners.statements.RunAfters.evaluate(RunAfters.java:27)
	at org.junit.runners.ParentRunner.runLeaf(ParentRunner.java:271)
	at org.junit.runners.BlockJUnit4ClassRunner.runChild(BlockJUnit4ClassRunner.java:70)
	at org.junit.runners.BlockJUnit4ClassRunner.runChild(BlockJUnit4ClassRunner.java:50)
	at org.junit.runners.ParentRunner$3.run(ParentRunner.java:238)
	at org.junit.runners.ParentRunner$1.schedule(ParentRunner.java:63)
	at org.junit.runners.ParentRunner.runChildren(ParentRunner.java:236)
	at org.junit.runners.ParentRunner.access$000(ParentRunner.java:53)
	at org.junit.runners.ParentRunner$2.evaluate(ParentRunner.java:229)
	at org.junit.runners.ParentRunner.run(ParentRunner.java:309)
	at org.apache.maven.surefire.junit4.JUnit4Provider.execute(JUnit4Provider.java:365)
	at org.apache.maven.surefire.junit4.JUnit4Provider.executeWithRerun(JUnit4Provider.java:273)
	at org.apache.maven.surefire.junit4.JUnit4Provider.executeTestSet(JUnit4Provider.java:238)
	at org.apache.maven.surefire.junit4.JUnit4Provider.invoke(JUnit4Provider.java:159)
	at org.apache.maven.surefire.booter.ForkedBooter.invokeProviderInSameClassLoader(ForkedBooter.java:384)
	at org.apache.maven.surefire.booter.ForkedBooter.runSuitesInProcess(ForkedBooter.java:345)
	at org.apache.maven.surefire.booter.ForkedBooter.execute(ForkedBooter.java:126)
	at org.apache.maven.surefire.booter.ForkedBooter.main(ForkedBooter.java:418)

Oct 28, 2019 8:19:24 AM org.apache.ratis.thirdparty.io.grpc.internal.ManagedChannelOrphanWrapper$ManagedChannelReference cleanQueue
SEVERE: *~*~*~ Channel ManagedChannelImpl{logId=3270, target=192.168.34.22:37206} was not shutdown properly!!! ~*~*~*
    Make sure to call shutdown()/shutdownNow() and wait until awaitTermination() returns true.
java.lang.RuntimeException: ManagedChannel allocation site
	at org.apache.ratis.thirdparty.io.grpc.internal.ManagedChannelOrphanWrapper$ManagedChannelReference.<init>(ManagedChannelOrphanWrapper.java:103)
	at org.apache.ratis.thirdparty.io.grpc.internal.ManagedChannelOrphanWrapper.<init>(ManagedChannelOrphanWrapper.java:53)
	at org.apache.ratis.thirdparty.io.grpc.internal.ManagedChannelOrphanWrapper.<init>(ManagedChannelOrphanWrapper.java:44)
	at org.apache.ratis.thirdparty.io.grpc.internal.AbstractManagedChannelImplBuilder.build(AbstractManagedChannelImplBuilder.java:411)
	at org.apache.ratis.grpc.client.GrpcClientProtocolClient.<init>(GrpcClientProtocolClient.java:128)
	at org.apache.ratis.grpc.client.GrpcClientRpc.lambda$new$0(GrpcClientRpc.java:55)
	at org.apache.ratis.util.PeerProxyMap$PeerAndProxy.lambda$getProxy$0(PeerProxyMap.java:61)
	at org.apache.ratis.util.LifeCycle.startAndTransition(LifeCycle.java:202)
	at org.apache.ratis.util.PeerProxyMap$PeerAndProxy.getProxy(PeerProxyMap.java:60)
	at org.apache.ratis.util.PeerProxyMap.getProxy(PeerProxyMap.java:108)
	at org.apache.ratis.grpc.client.GrpcClientRpc.sendRequestAsync(GrpcClientRpc.java:66)
	at org.apache.ratis.client.impl.OrderedAsync.sendRequest(OrderedAsync.java:208)
	at org.apache.ratis.client.impl.OrderedAsync.sendRequestWithRetry(OrderedAsync.java:169)
	at org.apache.ratis.util.SlidingWindow$Client.sendOrDelayRequest(SlidingWindow.java:278)
	at org.apache.ratis.util.SlidingWindow$Client.retry(SlidingWindow.java:294)
	at org.apache.ratis.client.impl.OrderedAsync.lambda$scheduleWithTimeout$7(OrderedAsync.java:195)
	at org.apache.ratis.util.TimeoutScheduler.lambda$onTimeout$0(TimeoutScheduler.java:113)
	at org.apache.ratis.util.TimeoutScheduler.lambda$onTimeout$1(TimeoutScheduler.java:133)
	at org.apache.ratis.util.LogUtils.runAndLog(LogUtils.java:50)
	at org.apache.ratis.util.LogUtils$1.run(LogUtils.java:91)
	at java.util.concurrent.Executors$RunnableAdapter.call(Executors.java:511)
	at java.util.concurrent.FutureTask.run(FutureTask.java:266)
	at java.util.concurrent.ScheduledThreadPoolExecutor$ScheduledFutureTask.access$201(ScheduledThreadPoolExecutor.java:180)
	at java.util.concurrent.ScheduledThreadPoolExecutor$ScheduledFutureTask.run(ScheduledThreadPoolExecutor.java:293)
	at java.util.concurrent.ThreadPoolExecutor.runWorker(ThreadPoolExecutor.java:1149)
	at java.util.concurrent.ThreadPoolExecutor$Worker.run(ThreadPoolExecutor.java:624)
	at java.lang.Thread.run(Thread.java:748)

Oct 28, 2019 8:19:24 AM org.apache.ratis.thirdparty.io.grpc.internal.ManagedChannelOrphanWrapper$ManagedChannelReference cleanQueue
SEVERE: *~*~*~ Channel ManagedChannelImpl{logId=3287, target=192.168.34.22:44307} was not shutdown properly!!! ~*~*~*
    Make sure to call shutdown()/shutdownNow() and wait until awaitTermination() returns true.
java.lang.RuntimeException: ManagedChannel allocation site
	at org.apache.ratis.thirdparty.io.grpc.internal.ManagedChannelOrphanWrapper$ManagedChannelReference.<init>(ManagedChannelOrphanWrapper.java:103)
	at org.apache.ratis.thirdparty.io.grpc.internal.ManagedChannelOrphanWrapper.<init>(ManagedChannelOrphanWrapper.java:53)
	at org.apache.ratis.thirdparty.io.grpc.internal.ManagedChannelOrphanWrapper.<init>(ManagedChannelOrphanWrapper.java:44)
	at org.apache.ratis.thirdparty.io.grpc.internal.AbstractManagedChannelImplBuilder.build(AbstractManagedChannelImplBuilder.java:411)
	at org.apache.hadoop.hdds.scm.XceiverClientGrpc.connectToDatanode(XceiverClientGrpc.java:183)
	at org.apache.hadoop.hdds.scm.XceiverClientGrpc.reconnect(XceiverClientGrpc.java:434)
	at org.apache.hadoop.hdds.scm.XceiverClientGrpc.sendCommandAsync(XceiverClientGrpc.java:382)
	at org.apache.hadoop.hdds.scm.XceiverClientGrpc.sendCommandWithRetry(XceiverClientGrpc.java:295)
	at org.apache.hadoop.hdds.scm.XceiverClientGrpc.sendCommandWithTraceIDAndRetry(XceiverClientGrpc.java:259)
	at org.apache.hadoop.hdds.scm.XceiverClientGrpc.sendCommand(XceiverClientGrpc.java:242)
	at org.apache.hadoop.hdds.scm.storage.ContainerProtocolCalls.readChunk(ContainerProtocolCalls.java:245)
	at org.apache.hadoop.hdds.scm.storage.ChunkInputStream.readChunk(ChunkInputStream.java:335)
	at org.apache.hadoop.hdds.scm.storage.ChunkInputStream.readChunkFromContainer(ChunkInputStream.java:307)
	at org.apache.hadoop.hdds.scm.storage.ChunkInputStream.prepareRead(ChunkInputStream.java:259)
	at org.apache.hadoop.hdds.scm.storage.ChunkInputStream.read(ChunkInputStream.java:144)
	at org.apache.hadoop.hdds.scm.storage.BlockInputStream.read(BlockInputStream.java:241)
	at org.apache.hadoop.ozone.client.io.KeyInputStream.read(KeyInputStream.java:173)
	at org.apache.hadoop.ozone.client.io.OzoneInputStream.read(OzoneInputStream.java:47)
	at java.io.InputStream.read(InputStream.java:101)
	at org.apache.hadoop.ozone.container.ContainerTestHelper.validateData(ContainerTestHelper.java:715)
	at org.apache.hadoop.ozone.client.rpc.TestFailureHandlingByClient.validateData(TestFailureHandlingByClient.java:415)
	at org.apache.hadoop.ozone.client.rpc.TestFailureHandlingByClient.testBlockWritesWithDnFailures(TestFailureHandlingByClient.java:174)
	at sun.reflect.NativeMethodAccessorImpl.invoke0(Native Method)
	at sun.reflect.NativeMethodAccessorImpl.invoke(NativeMethodAccessorImpl.java:62)
	at sun.reflect.DelegatingMethodAccessorImpl.invoke(DelegatingMethodAccessorImpl.java:43)
	at java.lang.reflect.Method.invoke(Method.java:498)
	at org.junit.runners.model.FrameworkMethod$1.runReflectiveCall(FrameworkMethod.java:47)
	at org.junit.internal.runners.model.ReflectiveCallable.run(ReflectiveCallable.java:12)
	at org.junit.runners.model.FrameworkMethod.invokeExplosively(FrameworkMethod.java:44)
	at org.junit.internal.runners.statements.InvokeMethod.evaluate(InvokeMethod.java:17)
	at org.junit.internal.runners.statements.RunAfters.evaluate(RunAfters.java:27)
	at org.junit.runners.ParentRunner.runLeaf(ParentRunner.java:271)
	at org.junit.runners.BlockJUnit4ClassRunner.runChild(BlockJUnit4ClassRunner.java:70)
	at org.junit.runners.BlockJUnit4ClassRunner.runChild(BlockJUnit4ClassRunner.java:50)
	at org.junit.runners.ParentRunner$3.run(ParentRunner.java:238)
	at org.junit.runners.ParentRunner$1.schedule(ParentRunner.java:63)
	at org.junit.runners.ParentRunner.runChildren(ParentRunner.java:236)
	at org.junit.runners.ParentRunner.access$000(ParentRunner.java:53)
	at org.junit.runners.ParentRunner$2.evaluate(ParentRunner.java:229)
	at org.junit.runners.ParentRunner.run(ParentRunner.java:309)
	at org.apache.maven.surefire.junit4.JUnit4Provider.execute(JUnit4Provider.java:365)
	at org.apache.maven.surefire.junit4.JUnit4Provider.executeWithRerun(JUnit4Provider.java:273)
	at org.apache.maven.surefire.junit4.JUnit4Provider.executeTestSet(JUnit4Provider.java:238)
	at org.apache.maven.surefire.junit4.JUnit4Provider.invoke(JUnit4Provider.java:159)
	at org.apache.maven.surefire.booter.ForkedBooter.invokeProviderInSameClassLoader(ForkedBooter.java:384)
	at org.apache.maven.surefire.booter.ForkedBooter.runSuitesInProcess(ForkedBooter.java:345)
	at org.apache.maven.surefire.booter.ForkedBooter.execute(ForkedBooter.java:126)
	at org.apache.maven.surefire.booter.ForkedBooter.main(ForkedBooter.java:418)

Oct 28, 2019 8:19:24 AM org.apache.ratis.thirdparty.io.grpc.internal.ManagedChannelOrphanWrapper$ManagedChannelReference cleanQueue
SEVERE: *~*~*~ Channel ManagedChannelImpl{logId=3291, target=192.168.34.22:41860} was not shutdown properly!!! ~*~*~*
    Make sure to call shutdown()/shutdownNow() and wait until awaitTermination() returns true.
java.lang.RuntimeException: ManagedChannel allocation site
	at org.apache.ratis.thirdparty.io.grpc.internal.ManagedChannelOrphanWrapper$ManagedChannelReference.<init>(ManagedChannelOrphanWrapper.java:103)
	at org.apache.ratis.thirdparty.io.grpc.internal.ManagedChannelOrphanWrapper.<init>(ManagedChannelOrphanWrapper.java:53)
	at org.apache.ratis.thirdparty.io.grpc.internal.ManagedChannelOrphanWrapper.<init>(ManagedChannelOrphanWrapper.java:44)
	at org.apache.ratis.thirdparty.io.grpc.internal.AbstractManagedChannelImplBuilder.build(AbstractManagedChannelImplBuilder.java:411)
	at org.apache.hadoop.hdds.scm.XceiverClientGrpc.connectToDatanode(XceiverClientGrpc.java:183)
	at org.apache.hadoop.hdds.scm.XceiverClientGrpc.reconnect(XceiverClientGrpc.java:434)
	at org.apache.hadoop.hdds.scm.XceiverClientGrpc.sendCommandAsync(XceiverClientGrpc.java:382)
	at org.apache.hadoop.hdds.scm.XceiverClientGrpc.sendCommandWithRetry(XceiverClientGrpc.java:295)
	at org.apache.hadoop.hdds.scm.XceiverClientGrpc.sendCommandWithTraceIDAndRetry(XceiverClientGrpc.java:259)
	at org.apache.hadoop.hdds.scm.XceiverClientGrpc.sendCommand(XceiverClientGrpc.java:242)
	at org.apache.hadoop.hdds.scm.storage.ContainerProtocolCalls.readChunk(ContainerProtocolCalls.java:245)
	at org.apache.hadoop.hdds.scm.storage.ChunkInputStream.readChunk(ChunkInputStream.java:335)
	at org.apache.hadoop.hdds.scm.storage.ChunkInputStream.readChunkFromContainer(ChunkInputStream.java:307)
	at org.apache.hadoop.hdds.scm.storage.ChunkInputStream.prepareRead(ChunkInputStream.java:259)
	at org.apache.hadoop.hdds.scm.storage.ChunkInputStream.read(ChunkInputStream.java:144)
	at org.apache.hadoop.hdds.scm.storage.BlockInputStream.read(BlockInputStream.java:241)
	at org.apache.hadoop.ozone.client.io.KeyInputStream.read(KeyInputStream.java:173)
	at org.apache.hadoop.ozone.client.io.OzoneInputStream.read(OzoneInputStream.java:47)
	at java.io.InputStream.read(InputStream.java:101)
	at org.apache.hadoop.ozone.container.ContainerTestHelper.validateData(ContainerTestHelper.java:715)
	at org.apache.hadoop.ozone.client.rpc.TestFailureHandlingByClient.validateData(TestFailureHandlingByClient.java:415)
	at org.apache.hadoop.ozone.client.rpc.TestFailureHandlingByClient.testBlockWritesWithDnFailures(TestFailureHandlingByClient.java:174)
	at sun.reflect.NativeMethodAccessorImpl.invoke0(Native Method)
	at sun.reflect.NativeMethodAccessorImpl.invoke(NativeMethodAccessorImpl.java:62)
	at sun.reflect.DelegatingMethodAccessorImpl.invoke(DelegatingMethodAccessorImpl.java:43)
	at java.lang.reflect.Method.invoke(Method.java:498)
	at org.junit.runners.model.FrameworkMethod$1.runReflectiveCall(FrameworkMethod.java:47)
	at org.junit.internal.runners.model.ReflectiveCallable.run(ReflectiveCallable.java:12)
	at org.junit.runners.model.FrameworkMethod.invokeExplosively(FrameworkMethod.java:44)
	at org.junit.internal.runners.statements.InvokeMethod.evaluate(InvokeMethod.java:17)
	at org.junit.internal.runners.statements.RunAfters.evaluate(RunAfters.java:27)
	at org.junit.runners.ParentRunner.runLeaf(ParentRunner.java:271)
	at org.junit.runners.BlockJUnit4ClassRunner.runChild(BlockJUnit4ClassRunner.java:70)
	at org.junit.runners.BlockJUnit4ClassRunner.runChild(BlockJUnit4ClassRunner.java:50)
	at org.junit.runners.ParentRunner$3.run(ParentRunner.java:238)
	at org.junit.runners.ParentRunner$1.schedule(ParentRunner.java:63)
	at org.junit.runners.ParentRunner.runChildren(ParentRunner.java:236)
	at org.junit.runners.ParentRunner.access$000(ParentRunner.java:53)
	at org.junit.runners.ParentRunner$2.evaluate(ParentRunner.java:229)
	at org.junit.runners.ParentRunner.run(ParentRunner.java:309)
	at org.apache.maven.surefire.junit4.JUnit4Provider.execute(JUnit4Provider.java:365)
	at org.apache.maven.surefire.junit4.JUnit4Provider.executeWithRerun(JUnit4Provider.java:273)
	at org.apache.maven.surefire.junit4.JUnit4Provider.executeTestSet(JUnit4Provider.java:238)
	at org.apache.maven.surefire.junit4.JUnit4Provider.invoke(JUnit4Provider.java:159)
	at org.apache.maven.surefire.booter.ForkedBooter.invokeProviderInSameClassLoader(ForkedBooter.java:384)
	at org.apache.maven.surefire.booter.ForkedBooter.runSuitesInProcess(ForkedBooter.java:345)
	at org.apache.maven.surefire.booter.ForkedBooter.execute(ForkedBooter.java:126)
	at org.apache.maven.surefire.booter.ForkedBooter.main(ForkedBooter.java:418)

Oct 28, 2019 8:19:24 AM org.apache.ratis.thirdparty.io.grpc.internal.ManagedChannelOrphanWrapper$ManagedChannelReference cleanQueue
SEVERE: *~*~*~ Channel ManagedChannelImpl{logId=3276, target=192.168.34.22:43044} was not shutdown properly!!! ~*~*~*
    Make sure to call shutdown()/shutdownNow() and wait until awaitTermination() returns true.
java.lang.RuntimeException: ManagedChannel allocation site
	at org.apache.ratis.thirdparty.io.grpc.internal.ManagedChannelOrphanWrapper$ManagedChannelReference.<init>(ManagedChannelOrphanWrapper.java:103)
	at org.apache.ratis.thirdparty.io.grpc.internal.ManagedChannelOrphanWrapper.<init>(ManagedChannelOrphanWrapper.java:53)
	at org.apache.ratis.thirdparty.io.grpc.internal.ManagedChannelOrphanWrapper.<init>(ManagedChannelOrphanWrapper.java:44)
	at org.apache.ratis.thirdparty.io.grpc.internal.AbstractManagedChannelImplBuilder.build(AbstractManagedChannelImplBuilder.java:411)
	at org.apache.ratis.grpc.client.GrpcClientProtocolClient.<init>(GrpcClientProtocolClient.java:128)
	at org.apache.ratis.grpc.client.GrpcClientRpc.lambda$new$0(GrpcClientRpc.java:55)
	at org.apache.ratis.util.PeerProxyMap$PeerAndProxy.lambda$getProxy$0(PeerProxyMap.java:61)
	at org.apache.ratis.util.LifeCycle.startAndTransition(LifeCycle.java:202)
	at org.apache.ratis.util.PeerProxyMap$PeerAndProxy.getProxy(PeerProxyMap.java:60)
	at org.apache.ratis.util.PeerProxyMap.getProxy(PeerProxyMap.java:108)
	at org.apache.ratis.grpc.client.GrpcClientRpc.sendRequestAsync(GrpcClientRpc.java:66)
	at org.apache.ratis.client.impl.OrderedAsync.sendRequest(OrderedAsync.java:208)
	at org.apache.ratis.client.impl.OrderedAsync.sendRequestWithRetry(OrderedAsync.java:169)
	at org.apache.ratis.util.SlidingWindow$Client.sendOrDelayRequest(SlidingWindow.java:278)
	at org.apache.ratis.util.SlidingWindow$Client.submitNewRequest(SlidingWindow.java:257)
	at org.apache.ratis.client.impl.OrderedAsync.send(OrderedAsync.java:155)
	at org.apache.ratis.client.impl.RaftClientImpl.sendAsync(RaftClientImpl.java:144)
	at org.apache.ratis.client.impl.RaftClientImpl.sendAsync(RaftClientImpl.java:124)
	at org.apache.hadoop.hdds.scm.XceiverClientRatis.sendRequestAsync(XceiverClientRatis.java:236)
	at org.apache.hadoop.hdds.scm.XceiverClientRatis.sendCommandAsync(XceiverClientRatis.java:317)
	at org.apache.hadoop.hdds.scm.storage.ContainerProtocolCalls.writeChunkAsync(ContainerProtocolCalls.java:310)
	at org.apache.hadoop.hdds.scm.storage.BlockOutputStream.writeChunkToContainer(BlockOutputStream.java:604)
	at org.apache.hadoop.hdds.scm.storage.BlockOutputStream.writeChunk(BlockOutputStream.java:462)
	at org.apache.hadoop.hdds.scm.storage.BlockOutputStream.handleFlush(BlockOutputStream.java:473)
	at org.apache.hadoop.hdds.scm.storage.BlockOutputStream.close(BlockOutputStream.java:496)
	at org.apache.hadoop.ozone.client.io.BlockOutputStreamEntry.close(BlockOutputStreamEntry.java:143)
	at org.apache.hadoop.ozone.client.io.KeyOutputStream.handleFlushOrClose(KeyOutputStream.java:435)
	at org.apache.hadoop.ozone.client.io.KeyOutputStream.close(KeyOutputStream.java:473)
	at org.apache.hadoop.ozone.client.io.OzoneOutputStream.close(OzoneOutputStream.java:60)
	at org.apache.hadoop.ozone.client.rpc.TestFailureHandlingByClient.testBlockWritesWithDnFailures(TestFailureHandlingByClient.java:165)
	at sun.reflect.NativeMethodAccessorImpl.invoke0(Native Method)
	at sun.reflect.NativeMethodAccessorImpl.invoke(NativeMethodAccessorImpl.java:62)
	at sun.reflect.DelegatingMethodAccessorImpl.invoke(DelegatingMethodAccessorImpl.java:43)
	at java.lang.reflect.Method.invoke(Method.java:498)
	at org.junit.runners.model.FrameworkMethod$1.runReflectiveCall(FrameworkMethod.java:47)
	at org.junit.internal.runners.model.ReflectiveCallable.run(ReflectiveCallable.java:12)
	at org.junit.runners.model.FrameworkMethod.invokeExplosively(FrameworkMethod.java:44)
	at org.junit.internal.runners.statements.InvokeMethod.evaluate(InvokeMethod.java:17)
	at org.junit.internal.runners.statements.RunAfters.evaluate(RunAfters.java:27)
	at org.junit.runners.ParentRunner.runLeaf(ParentRunner.java:271)
	at org.junit.runners.BlockJUnit4ClassRunner.runChild(BlockJUnit4ClassRunner.java:70)
	at org.junit.runners.BlockJUnit4ClassRunner.runChild(BlockJUnit4ClassRunner.java:50)
	at org.junit.runners.ParentRunner$3.run(ParentRunner.java:238)
	at org.junit.runners.ParentRunner$1.schedule(ParentRunner.java:63)
	at org.junit.runners.ParentRunner.runChildren(ParentRunner.java:236)
	at org.junit.runners.ParentRunner.access$000(ParentRunner.java:53)
	at org.junit.runners.ParentRunner$2.evaluate(ParentRunner.java:229)
	at org.junit.runners.ParentRunner.run(ParentRunner.java:309)
	at org.apache.maven.surefire.junit4.JUnit4Provider.execute(JUnit4Provider.java:365)
	at org.apache.maven.surefire.junit4.JUnit4Provider.executeWithRerun(JUnit4Provider.java:273)
	at org.apache.maven.surefire.junit4.JUnit4Provider.executeTestSet(JUnit4Provider.java:238)
	at org.apache.maven.surefire.junit4.JUnit4Provider.invoke(JUnit4Provider.java:159)
	at org.apache.maven.surefire.booter.ForkedBooter.invokeProviderInSameClassLoader(ForkedBooter.java:384)
	at org.apache.maven.surefire.booter.ForkedBooter.runSuitesInProcess(ForkedBooter.java:345)
	at org.apache.maven.surefire.booter.ForkedBooter.execute(ForkedBooter.java:126)
	at org.apache.maven.surefire.booter.ForkedBooter.main(ForkedBooter.java:418)

Oct 28, 2019 8:19:24 AM org.apache.ratis.thirdparty.io.grpc.internal.ManagedChannelOrphanWrapper$ManagedChannelReference cleanQueue
SEVERE: *~*~*~ Channel ManagedChannelImpl{logId=3295, target=192.168.34.22:36431} was not shutdown properly!!! ~*~*~*
    Make sure to call shutdown()/shutdownNow() and wait until awaitTermination() returns true.
java.lang.RuntimeException: ManagedChannel allocation site
	at org.apache.ratis.thirdparty.io.grpc.internal.ManagedChannelOrphanWrapper$ManagedChannelReference.<init>(ManagedChannelOrphanWrapper.java:103)
	at org.apache.ratis.thirdparty.io.grpc.internal.ManagedChannelOrphanWrapper.<init>(ManagedChannelOrphanWrapper.java:53)
	at org.apache.ratis.thirdparty.io.grpc.internal.ManagedChannelOrphanWrapper.<init>(ManagedChannelOrphanWrapper.java:44)
	at org.apache.ratis.thirdparty.io.grpc.internal.AbstractManagedChannelImplBuilder.build(AbstractManagedChannelImplBuilder.java:411)
	at org.apache.hadoop.hdds.scm.XceiverClientGrpc.connectToDatanode(XceiverClientGrpc.java:183)
	at org.apache.hadoop.hdds.scm.XceiverClientGrpc.reconnect(XceiverClientGrpc.java:434)
	at org.apache.hadoop.hdds.scm.XceiverClientGrpc.sendCommandAsync(XceiverClientGrpc.java:382)
	at org.apache.hadoop.hdds.scm.XceiverClientGrpc.sendCommandWithRetry(XceiverClientGrpc.java:295)
	at org.apache.hadoop.hdds.scm.XceiverClientGrpc.sendCommandWithTraceIDAndRetry(XceiverClientGrpc.java:259)
	at org.apache.hadoop.hdds.scm.XceiverClientGrpc.sendCommand(XceiverClientGrpc.java:242)
	at org.apache.hadoop.hdds.scm.storage.ContainerProtocolCalls.getBlock(ContainerProtocolCalls.java:118)
	at org.apache.hadoop.hdds.scm.storage.BlockInputStream.getChunkInfos(BlockInputStream.java:169)
	at org.apache.hadoop.hdds.scm.storage.BlockInputStream.initialize(BlockInputStream.java:118)
	at org.apache.hadoop.hdds.scm.storage.BlockInputStream.read(BlockInputStream.java:224)
	at org.apache.hadoop.ozone.client.io.KeyInputStream.read(KeyInputStream.java:173)
	at org.apache.hadoop.ozone.client.io.OzoneInputStream.read(OzoneInputStream.java:47)
	at java.io.InputStream.read(InputStream.java:101)
	at org.apache.hadoop.ozone.container.ContainerTestHelper.validateData(ContainerTestHelper.java:715)
	at org.apache.hadoop.ozone.client.rpc.TestFailureHandlingByClient.validateData(TestFailureHandlingByClient.java:415)
	at org.apache.hadoop.ozone.client.rpc.TestFailureHandlingByClient.testBlockWritesWithDnFailures(TestFailureHandlingByClient.java:174)
	at sun.reflect.NativeMethodAccessorImpl.invoke0(Native Method)
	at sun.reflect.NativeMethodAccessorImpl.invoke(NativeMethodAccessorImpl.java:62)
	at sun.reflect.DelegatingMethodAccessorImpl.invoke(DelegatingMethodAccessorImpl.java:43)
	at java.lang.reflect.Method.invoke(Method.java:498)
	at org.junit.runners.model.FrameworkMethod$1.runReflectiveCall(FrameworkMethod.java:47)
	at org.junit.internal.runners.model.ReflectiveCallable.run(ReflectiveCallable.java:12)
	at org.junit.runners.model.FrameworkMethod.invokeExplosively(FrameworkMethod.java:44)
	at org.junit.internal.runners.statements.InvokeMethod.evaluate(InvokeMethod.java:17)
	at org.junit.internal.runners.statements.RunAfters.evaluate(RunAfters.java:27)
	at org.junit.runners.ParentRunner.runLeaf(ParentRunner.java:271)
	at org.junit.runners.BlockJUnit4ClassRunner.runChild(BlockJUnit4ClassRunner.java:70)
	at org.junit.runners.BlockJUnit4ClassRunner.runChild(BlockJUnit4ClassRunner.java:50)
	at org.junit.runners.ParentRunner$3.run(ParentRunner.java:238)
	at org.junit.runners.ParentRunner$1.schedule(ParentRunner.java:63)
	at org.junit.runners.ParentRunner.runChildren(ParentRunner.java:236)
	at org.junit.runners.ParentRunner.access$000(ParentRunner.java:53)
	at org.junit.runners.ParentRunner$2.evaluate(ParentRunner.java:229)
	at org.junit.runners.ParentRunner.run(ParentRunner.java:309)
	at org.apache.maven.surefire.junit4.JUnit4Provider.execute(JUnit4Provider.java:365)
	at org.apache.maven.surefire.junit4.JUnit4Provider.executeWithRerun(JUnit4Provider.java:273)
	at org.apache.maven.surefire.junit4.JUnit4Provider.executeTestSet(JUnit4Provider.java:238)
	at org.apache.maven.surefire.junit4.JUnit4Provider.invoke(JUnit4Provider.java:159)
	at org.apache.maven.surefire.booter.ForkedBooter.invokeProviderInSameClassLoader(ForkedBooter.java:384)
	at org.apache.maven.surefire.booter.ForkedBooter.runSuitesInProcess(ForkedBooter.java:345)
	at org.apache.maven.surefire.booter.ForkedBooter.execute(ForkedBooter.java:126)
	at org.apache.maven.surefire.booter.ForkedBooter.main(ForkedBooter.java:418)

Oct 28, 2019 8:19:32 AM org.apache.ratis.thirdparty.io.grpc.internal.SerializingExecutor run
SEVERE: Exception while executing runnable org.apache.ratis.thirdparty.io.grpc.internal.ServerImpl$JumpToApplicationThreadServerStreamListener$1Closed@7702c906
org.apache.ratis.thirdparty.io.grpc.StatusRuntimeException: CANCELLED: call already cancelled
	at org.apache.ratis.thirdparty.io.grpc.Status.asRuntimeException(Status.java:517)
	at org.apache.ratis.thirdparty.io.grpc.stub.ServerCalls$ServerCallStreamObserverImpl.onCompleted(ServerCalls.java:356)
	at org.apache.ratis.grpc.server.GrpcServerProtocolService$ServerRequestStreamObserver.onError(GrpcServerProtocolService.java:121)
	at org.apache.ratis.thirdparty.io.grpc.stub.ServerCalls$StreamingServerCallHandler$StreamingServerCallListener.onCancel(ServerCalls.java:269)
	at org.apache.ratis.thirdparty.io.grpc.internal.ServerCallImpl$ServerStreamListenerImpl.closed(ServerCallImpl.java:293)
	at org.apache.ratis.thirdparty.io.grpc.internal.ServerImpl$JumpToApplicationThreadServerStreamListener$1Closed.runInContext(ServerImpl.java:741)
	at org.apache.ratis.thirdparty.io.grpc.internal.ContextRunnable.run(ContextRunnable.java:37)
	at org.apache.ratis.thirdparty.io.grpc.internal.SerializingExecutor.run(SerializingExecutor.java:123)
	at java.util.concurrent.ThreadPoolExecutor.runWorker(ThreadPoolExecutor.java:1149)
	at java.util.concurrent.ThreadPoolExecutor$Worker.run(ThreadPoolExecutor.java:624)
	at java.lang.Thread.run(Thread.java:748)

Oct 28, 2019 8:19:56 AM org.apache.ratis.thirdparty.io.grpc.internal.SerializingExecutor run
SEVERE: Exception while executing runnable org.apache.ratis.thirdparty.io.grpc.internal.ServerImpl$JumpToApplicationThreadServerStreamListener$1Closed@3c605294
org.apache.ratis.thirdparty.io.grpc.StatusRuntimeException: CANCELLED: call already cancelled
	at org.apache.ratis.thirdparty.io.grpc.Status.asRuntimeException(Status.java:517)
	at org.apache.ratis.thirdparty.io.grpc.stub.ServerCalls$ServerCallStreamObserverImpl.onCompleted(ServerCalls.java:356)
	at org.apache.ratis.grpc.server.GrpcServerProtocolService$ServerRequestStreamObserver.onError(GrpcServerProtocolService.java:121)
	at org.apache.ratis.thirdparty.io.grpc.stub.ServerCalls$StreamingServerCallHandler$StreamingServerCallListener.onCancel(ServerCalls.java:269)
	at org.apache.ratis.thirdparty.io.grpc.internal.ServerCallImpl$ServerStreamListenerImpl.closed(ServerCallImpl.java:293)
	at org.apache.ratis.thirdparty.io.grpc.internal.ServerImpl$JumpToApplicationThreadServerStreamListener$1Closed.runInContext(ServerImpl.java:741)
	at org.apache.ratis.thirdparty.io.grpc.internal.ContextRunnable.run(ContextRunnable.java:37)
	at org.apache.ratis.thirdparty.io.grpc.internal.SerializingExecutor.run(SerializingExecutor.java:123)
	at java.util.concurrent.ThreadPoolExecutor.runWorker(ThreadPoolExecutor.java:1149)
	at java.util.concurrent.ThreadPoolExecutor$Worker.run(ThreadPoolExecutor.java:624)
	at java.lang.Thread.run(Thread.java:748)

Oct 28, 2019 8:20:06 AM org.apache.ratis.thirdparty.io.grpc.internal.SerializingExecutor run
SEVERE: Exception while executing runnable org.apache.ratis.thirdparty.io.grpc.internal.ServerImpl$JumpToApplicationThreadServerStreamListener$1Closed@3e32e432
org.apache.ratis.thirdparty.io.grpc.StatusRuntimeException: CANCELLED: call already cancelled
	at org.apache.ratis.thirdparty.io.grpc.Status.asRuntimeException(Status.java:517)
	at org.apache.ratis.thirdparty.io.grpc.stub.ServerCalls$ServerCallStreamObserverImpl.onCompleted(ServerCalls.java:356)
	at org.apache.ratis.grpc.server.GrpcServerProtocolService$ServerRequestStreamObserver.onError(GrpcServerProtocolService.java:121)
	at org.apache.ratis.thirdparty.io.grpc.stub.ServerCalls$StreamingServerCallHandler$StreamingServerCallListener.onCancel(ServerCalls.java:269)
	at org.apache.ratis.thirdparty.io.grpc.internal.ServerCallImpl$ServerStreamListenerImpl.closed(ServerCallImpl.java:293)
	at org.apache.ratis.thirdparty.io.grpc.internal.ServerImpl$JumpToApplicationThreadServerStreamListener$1Closed.runInContext(ServerImpl.java:741)
	at org.apache.ratis.thirdparty.io.grpc.internal.ContextRunnable.run(ContextRunnable.java:37)
	at org.apache.ratis.thirdparty.io.grpc.internal.SerializingExecutor.run(SerializingExecutor.java:123)
	at java.util.concurrent.ThreadPoolExecutor.runWorker(ThreadPoolExecutor.java:1149)
	at java.util.concurrent.ThreadPoolExecutor$Worker.run(ThreadPoolExecutor.java:624)
	at java.lang.Thread.run(Thread.java:748)

]]></system-err>
  </testcase>
</testsuite>