<?xml version="1.0" encoding="UTF-8"?>
<testsuite xmlns:xsi="http://www.w3.org/2001/XMLSchema-instance" xsi:noNamespaceSchemaLocation="https://maven.apache.org/surefire/maven-surefire-plugin/xsd/surefire-test-report.xsd" name="org.apache.hadoop.ozone.freon.TestFreonWithPipelineDestroy" time="47.049" tests="1" errors="1" skipped="0" failures="0">
  <properties>
    <property name="awt.toolkit" value="sun.awt.X11.XToolkit"/>
    <property name="file.encoding.pkg" value="sun.io"/>
    <property name="java.specification.version" value="1.8"/>
    <property name="sun.cpu.isalist" value=""/>
    <property name="sun.jnu.encoding" value="ANSI_X3.4-1968"/>
    <property name="java.class.path" value="/workdir/hadoop-ozone/tools/target/test-classes:/workdir/hadoop-ozone/tools/target/classes:/home/user/.m2/repository/org/apache/hadoop/hadoop-ozone-ozone-manager/0.5.0-SNAPSHOT/hadoop-ozone-ozone-manager-0.5.0-SNAPSHOT.jar:/home/user/.m2/repository/org/apache/hadoop/hadoop-hdds-docs/0.5.0-SNAPSHOT/hadoop-hdds-docs-0.5.0-SNAPSHOT.jar:/home/user/.m2/repository/org/bouncycastle/bcprov-jdk15on/1.60/bcprov-jdk15on-1.60.jar:/home/user/.m2/repository/org/apache/hadoop/hadoop-ozone-common/0.5.0-SNAPSHOT/hadoop-ozone-common-0.5.0-SNAPSHOT.jar:/home/user/.m2/repository/org/apache/commons/commons-compress/1.4.1/commons-compress-1.4.1.jar:/home/user/.m2/repository/org/tukaani/xz/1.0/xz-1.0.jar:/home/user/.m2/repository/org/apache/hadoop/hadoop-hdfs-client/3.2.0/hadoop-hdfs-client-3.2.0.jar:/home/user/.m2/repository/com/fasterxml/jackson/core/jackson-annotations/2.9.9/jackson-annotations-2.9.9.jar:/home/user/.m2/repository/org/apache/hadoop/hadoop-hdds-common/0.5.0-SNAPSHOT/hadoop-hdds-common-0.5.0-SNAPSHOT.jar:/home/user/.m2/repository/org/apache/hadoop/hadoop-hdds-config/0.5.0-SNAPSHOT/hadoop-hdds-config-0.5.0-SNAPSHOT.jar:/home/user/.m2/repository/javax/annotation/javax.annotation-api/1.2/javax.annotation-api-1.2.jar:/home/user/.m2/repository/org/apache/ratis/ratis-server/0.5.0-d6d58d0-SNAPSHOT/ratis-server-0.5.0-d6d58d0-SNAPSHOT.jar:/home/user/.m2/repository/org/apache/ratis/ratis-thirdparty-misc/0.2.0/ratis-thirdparty-misc-0.2.0.jar:/home/user/.m2/repository/org/apache/ratis/ratis-proto/0.5.0-d6d58d0-SNAPSHOT/ratis-proto-0.5.0-d6d58d0-SNAPSHOT.jar:/home/user/.m2/repository/org/apache/ratis/ratis-common/0.5.0-d6d58d0-SNAPSHOT/ratis-common-0.5.0-d6d58d0-SNAPSHOT.jar:/home/user/.m2/repository/org/apache/ratis/ratis-client/0.5.0-d6d58d0-SNAPSHOT/ratis-client-0.5.0-d6d58d0-SNAPSHOT.jar:/home/user/.m2/repository/org/apache/ratis/ratis-metrics/0.5.0-d6d58d0-SNAPSHOT/ratis-metrics-0.5.0-d6d58d0-SNAPSHOT.jar:/home/user/.m2/repository/org/apache/ratis/ratis-netty/0.5.0-d6d58d0-SNAPSHOT/ratis-netty-0.5.0-d6d58d0-SNAPSHOT.jar:/home/user/.m2/repository/org/apache/ratis/ratis-grpc/0.5.0-d6d58d0-SNAPSHOT/ratis-grpc-0.5.0-d6d58d0-SNAPSHOT.jar:/home/user/.m2/repository/org/rocksdb/rocksdbjni/6.0.1/rocksdbjni-6.0.1.jar:/home/user/.m2/repository/org/apache/logging/log4j/log4j-api/2.11.0/log4j-api-2.11.0.jar:/home/user/.m2/repository/org/apache/logging/log4j/log4j-core/2.11.0/log4j-core-2.11.0.jar:/home/user/.m2/repository/com/lmax/disruptor/3.4.2/disruptor-3.4.2.jar:/home/user/.m2/repository/org/apache/commons/commons-pool2/2.6.0/commons-pool2-2.6.0.jar:/home/user/.m2/repository/org/bouncycastle/bcpkix-jdk15on/1.60/bcpkix-jdk15on-1.60.jar:/home/user/.m2/repository/commons-validator/commons-validator/1.6/commons-validator-1.6.jar:/home/user/.m2/repository/commons-digester/commons-digester/1.8.1/commons-digester-1.8.1.jar:/home/user/.m2/repository/io/jaegertracing/jaeger-client/0.34.0/jaeger-client-0.34.0.jar:/home/user/.m2/repository/io/jaegertracing/jaeger-thrift/0.34.0/jaeger-thrift-0.34.0.jar:/home/user/.m2/repository/org/apache/thrift/libthrift/0.12.0/libthrift-0.12.0.jar:/home/user/.m2/repository/com/squareup/okhttp3/okhttp/3.9.0/okhttp-3.9.0.jar:/home/user/.m2/repository/com/squareup/okio/okio/1.13.0/okio-1.13.0.jar:/home/user/.m2/repository/io/jaegertracing/jaeger-core/0.34.0/jaeger-core-0.34.0.jar:/home/user/.m2/repository/io/jaegertracing/jaeger-tracerresolver/0.34.0/jaeger-tracerresolver-0.34.0.jar:/home/user/.m2/repository/io/opentracing/contrib/opentracing-tracerresolver/0.1.5/opentracing-tracerresolver-0.1.5.jar:/home/user/.m2/repository/io/opentracing/opentracing-util/0.31.0/opentracing-util-0.31.0.jar:/home/user/.m2/repository/io/opentracing/opentracing-api/0.31.0/opentracing-api-0.31.0.jar:/home/user/.m2/repository/io/opentracing/opentracing-noop/0.31.0/opentracing-noop-0.31.0.jar:/home/user/.m2/repository/org/yaml/snakeyaml/1.16/snakeyaml-1.16.jar:/home/user/.m2/repository/org/apache/hadoop/hadoop-hdds-container-service/0.5.0-SNAPSHOT/hadoop-hdds-container-service-0.5.0-SNAPSHOT.jar:/home/user/.m2/repository/org/apache/hadoop/hadoop-hdds-client/0.5.0-SNAPSHOT/hadoop-hdds-client-0.5.0-SNAPSHOT.jar:/home/user/.m2/repository/org/apache/hadoop/hadoop-hdds-tools/0.5.0-SNAPSHOT/hadoop-hdds-tools-0.5.0-SNAPSHOT.jar:/home/user/.m2/repository/org/xerial/sqlite-jdbc/3.25.2/sqlite-jdbc-3.25.2.jar:/home/user/.m2/repository/org/apache/hadoop/hadoop-hdds-server-scm/0.5.0-SNAPSHOT/hadoop-hdds-server-scm-0.5.0-SNAPSHOT.jar:/home/user/.m2/repository/org/hamcrest/hamcrest-all/1.3/hamcrest-all-1.3.jar:/home/user/.m2/repository/info/picocli/picocli/3.9.6/picocli-3.9.6.jar:/home/user/.m2/repository/com/google/protobuf/protobuf-java/2.5.0/protobuf-java-2.5.0.jar:/home/user/.m2/repository/com/google/guava/guava/11.0.2/guava-11.0.2.jar:/home/user/.m2/repository/org/apache/hadoop/hadoop-ozone-client/0.5.0-SNAPSHOT/hadoop-ozone-client-0.5.0-SNAPSHOT.jar:/workdir/hadoop-ozone/ozonefs/target/classes:/home/user/.m2/repository/org/apache/httpcomponents/httpclient/4.5.2/httpclient-4.5.2.jar:/home/user/.m2/repository/org/apache/httpcomponents/httpcore/4.4.4/httpcore-4.4.4.jar:/home/user/.m2/repository/org/apache/hadoop/hadoop-hdds-server-framework/0.5.0-SNAPSHOT/hadoop-hdds-server-framework-0.5.0-SNAPSHOT.jar:/home/user/.m2/repository/org/apache/hadoop/hadoop-common/3.2.0/hadoop-common-3.2.0.jar:/home/user/.m2/repository/org/apache/hadoop/hadoop-annotations/3.2.0/hadoop-annotations-3.2.0.jar:/usr/lib/jvm/java-1.8.0-openjdk-1.8.0.222.b10-1.el7_7.x86_64/jre/../lib/tools.jar:/home/user/.m2/repository/commons-cli/commons-cli/1.2/commons-cli-1.2.jar:/home/user/.m2/repository/org/apache/commons/commons-math3/3.1.1/commons-math3-3.1.1.jar:/home/user/.m2/repository/commons-codec/commons-codec/1.11/commons-codec-1.11.jar:/home/user/.m2/repository/commons-io/commons-io/2.5/commons-io-2.5.jar:/home/user/.m2/repository/commons-net/commons-net/3.6/commons-net-3.6.jar:/home/user/.m2/repository/commons-collections/commons-collections/3.2.2/commons-collections-3.2.2.jar:/home/user/.m2/repository/javax/servlet/javax.servlet-api/3.1.0/javax.servlet-api-3.1.0.jar:/home/user/.m2/repository/org/eclipse/jetty/jetty-server/9.3.25.v20180904/jetty-server-9.3.25.v20180904.jar:/home/user/.m2/repository/org/eclipse/jetty/jetty-http/9.3.25.v20180904/jetty-http-9.3.25.v20180904.jar:/home/user/.m2/repository/org/eclipse/jetty/jetty-io/9.3.25.v20180904/jetty-io-9.3.25.v20180904.jar:/home/user/.m2/repository/org/eclipse/jetty/jetty-util/9.3.25.v20180904/jetty-util-9.3.25.v20180904.jar:/home/user/.m2/repository/org/eclipse/jetty/jetty-servlet/9.3.25.v20180904/jetty-servlet-9.3.25.v20180904.jar:/home/user/.m2/repository/org/eclipse/jetty/jetty-security/9.3.25.v20180904/jetty-security-9.3.25.v20180904.jar:/home/user/.m2/repository/org/eclipse/jetty/jetty-webapp/9.3.25.v20180904/jetty-webapp-9.3.25.v20180904.jar:/home/user/.m2/repository/org/eclipse/jetty/jetty-xml/9.3.25.v20180904/jetty-xml-9.3.25.v20180904.jar:/home/user/.m2/repository/javax/servlet/jsp/jsp-api/2.1/jsp-api-2.1.jar:/home/user/.m2/repository/com/sun/jersey/jersey-core/1.19/jersey-core-1.19.jar:/home/user/.m2/repository/javax/ws/rs/jsr311-api/1.1.1/jsr311-api-1.1.1.jar:/home/user/.m2/repository/com/sun/jersey/jersey-servlet/1.19/jersey-servlet-1.19.jar:/home/user/.m2/repository/com/sun/jersey/jersey-json/1.19/jersey-json-1.19.jar:/home/user/.m2/repository/org/codehaus/jettison/jettison/1.1/jettison-1.1.jar:/home/user/.m2/repository/com/sun/xml/bind/jaxb-impl/2.3.0.1/jaxb-impl-2.3.0.1.jar:/home/user/.m2/repository/org/codehaus/jackson/jackson-core-asl/1.9.13/jackson-core-asl-1.9.13.jar:/home/user/.m2/repository/org/codehaus/jackson/jackson-mapper-asl/1.9.13/jackson-mapper-asl-1.9.13.jar:/home/user/.m2/repository/org/codehaus/jackson/jackson-jaxrs/1.9.13/jackson-jaxrs-1.9.13.jar:/home/user/.m2/repository/org/codehaus/jackson/jackson-xc/1.9.13/jackson-xc-1.9.13.jar:/home/user/.m2/repository/com/sun/jersey/jersey-server/1.19/jersey-server-1.19.jar:/home/user/.m2/repository/commons-logging/commons-logging/1.1.3/commons-logging-1.1.3.jar:/home/user/.m2/repository/log4j/log4j/1.2.17/log4j-1.2.17.jar:/home/user/.m2/repository/commons-beanutils/commons-beanutils/1.9.4/commons-beanutils-1.9.4.jar:/home/user/.m2/repository/org/apache/commons/commons-configuration2/2.1.1/commons-configuration2-2.1.1.jar:/home/user/.m2/repository/org/apache/commons/commons-lang3/3.7/commons-lang3-3.7.jar:/home/user/.m2/repository/org/apache/commons/commons-text/1.4/commons-text-1.4.jar:/home/user/.m2/repository/org/slf4j/slf4j-api/1.7.25/slf4j-api-1.7.25.jar:/home/user/.m2/repository/org/slf4j/slf4j-log4j12/1.7.25/slf4j-log4j12-1.7.25.jar:/home/user/.m2/repository/org/apache/avro/avro/1.7.7/avro-1.7.7.jar:/home/user/.m2/repository/com/thoughtworks/paranamer/paranamer/2.3/paranamer-2.3.jar:/home/user/.m2/repository/org/xerial/snappy/snappy-java/1.0.5/snappy-java-1.0.5.jar:/home/user/.m2/repository/com/google/re2j/re2j/1.1/re2j-1.1.jar:/home/user/.m2/repository/com/google/code/gson/gson/2.2.4/gson-2.2.4.jar:/home/user/.m2/repository/org/apache/hadoop/hadoop-auth/3.2.0/hadoop-auth-3.2.0.jar:/home/user/.m2/repository/com/nimbusds/nimbus-jose-jwt/4.41.1/nimbus-jose-jwt-4.41.1.jar:/home/user/.m2/repository/com/github/stephenc/jcip/jcip-annotations/1.0-1/jcip-annotations-1.0-1.jar:/home/user/.m2/repository/net/minidev/json-smart/2.3/json-smart-2.3.jar:/home/user/.m2/repository/net/minidev/accessors-smart/1.2/accessors-smart-1.2.jar:/home/user/.m2/repository/org/apache/curator/curator-framework/2.12.0/curator-framework-2.12.0.jar:/home/user/.m2/repository/com/jcraft/jsch/0.1.54/jsch-0.1.54.jar:/home/user/.m2/repository/org/apache/curator/curator-client/2.12.0/curator-client-2.12.0.jar:/home/user/.m2/repository/org/apache/curator/curator-recipes/2.12.0/curator-recipes-2.12.0.jar:/home/user/.m2/repository/com/google/code/findbugs/jsr305/3.0.0/jsr305-3.0.0.jar:/home/user/.m2/repository/org/apache/htrace/htrace-core4/4.1.0-incubating/htrace-core4-4.1.0-incubating.jar:/home/user/.m2/repository/org/apache/zookeeper/zookeeper/3.4.13/zookeeper-3.4.13.jar:/home/user/.m2/repository/jline/jline/0.9.94/jline-0.9.94.jar:/home/user/.m2/repository/org/apache/yetus/audience-annotations/0.5.0/audience-annotations-0.5.0.jar:/home/user/.m2/repository/org/apache/kerby/kerb-simplekdc/1.0.1/kerb-simplekdc-1.0.1.jar:/home/user/.m2/repository/org/apache/kerby/kerb-client/1.0.1/kerb-client-1.0.1.jar:/home/user/.m2/repository/org/apache/kerby/kerby-config/1.0.1/kerby-config-1.0.1.jar:/home/user/.m2/repository/org/apache/kerby/kerb-core/1.0.1/kerb-core-1.0.1.jar:/home/user/.m2/repository/org/apache/kerby/kerby-pkix/1.0.1/kerby-pkix-1.0.1.jar:/home/user/.m2/repository/org/apache/kerby/kerby-asn1/1.0.1/kerby-asn1-1.0.1.jar:/home/user/.m2/repository/org/apache/kerby/kerby-util/1.0.1/kerby-util-1.0.1.jar:/home/user/.m2/repository/org/apache/kerby/kerb-common/1.0.1/kerb-common-1.0.1.jar:/home/user/.m2/repository/org/apache/kerby/kerb-crypto/1.0.1/kerb-crypto-1.0.1.jar:/home/user/.m2/repository/org/apache/kerby/kerb-util/1.0.1/kerb-util-1.0.1.jar:/home/user/.m2/repository/org/apache/kerby/token-provider/1.0.1/token-provider-1.0.1.jar:/home/user/.m2/repository/org/apache/kerby/kerb-admin/1.0.1/kerb-admin-1.0.1.jar:/home/user/.m2/repository/org/apache/kerby/kerb-server/1.0.1/kerb-server-1.0.1.jar:/home/user/.m2/repository/org/apache/kerby/kerb-identity/1.0.1/kerb-identity-1.0.1.jar:/home/user/.m2/repository/org/apache/kerby/kerby-xdr/1.0.1/kerby-xdr-1.0.1.jar:/home/user/.m2/repository/com/fasterxml/jackson/core/jackson-databind/2.9.9/jackson-databind-2.9.9.jar:/home/user/.m2/repository/com/fasterxml/jackson/core/jackson-core/2.9.9/jackson-core-2.9.9.jar:/home/user/.m2/repository/org/codehaus/woodstox/stax2-api/3.1.4/stax2-api-3.1.4.jar:/home/user/.m2/repository/com/fasterxml/woodstox/woodstox-core/5.0.3/woodstox-core-5.0.3.jar:/home/user/.m2/repository/dnsjava/dnsjava/2.1.7/dnsjava-2.1.7.jar:/home/user/.m2/repository/org/apache/hadoop/hadoop-hdfs/3.2.0/hadoop-hdfs-3.2.0.jar:/home/user/.m2/repository/org/eclipse/jetty/jetty-util-ajax/9.3.25.v20180904/jetty-util-ajax-9.3.25.v20180904.jar:/home/user/.m2/repository/commons-daemon/commons-daemon/1.0.13/commons-daemon-1.0.13.jar:/home/user/.m2/repository/io/netty/netty/3.10.5.Final/netty-3.10.5.Final.jar:/home/user/.m2/repository/io/netty/netty-all/4.0.52.Final/netty-all-4.0.52.Final.jar:/home/user/.m2/repository/org/fusesource/leveldbjni/leveldbjni-all/1.8/leveldbjni-all-1.8.jar:/home/user/.m2/repository/com/sun/xml/bind/jaxb-core/2.3.0.1/jaxb-core-2.3.0.1.jar:/home/user/.m2/repository/javax/xml/bind/jaxb-api/2.3.0/jaxb-api-2.3.0.jar:/home/user/.m2/repository/javax/activation/activation/1.1.1/activation-1.1.1.jar:/home/user/.m2/repository/org/openjdk/jmh/jmh-core/1.19/jmh-core-1.19.jar:/home/user/.m2/repository/net/sf/jopt-simple/jopt-simple/4.6/jopt-simple-4.6.jar:/home/user/.m2/repository/org/openjdk/jmh/jmh-generator-annprocess/1.19/jmh-generator-annprocess-1.19.jar:/home/user/.m2/repository/io/dropwizard/metrics/metrics-core/3.2.4/metrics-core-3.2.4.jar:/home/user/.m2/repository/com/amazonaws/aws-java-sdk-s3/1.11.615/aws-java-sdk-s3-1.11.615.jar:/home/user/.m2/repository/com/amazonaws/aws-java-sdk-kms/1.11.615/aws-java-sdk-kms-1.11.615.jar:/home/user/.m2/repository/com/amazonaws/aws-java-sdk-core/1.11.615/aws-java-sdk-core-1.11.615.jar:/home/user/.m2/repository/software/amazon/ion/ion-java/1.0.2/ion-java-1.0.2.jar:/home/user/.m2/repository/com/fasterxml/jackson/dataformat/jackson-dataformat-cbor/2.9.9/jackson-dataformat-cbor-2.9.9.jar:/home/user/.m2/repository/joda-time/joda-time/2.9.9/joda-time-2.9.9.jar:/home/user/.m2/repository/com/amazonaws/jmespath-java/1.11.615/jmespath-java-1.11.615.jar:/home/user/.m2/repository/com/github/spotbugs/spotbugs/3.1.12/spotbugs-3.1.12.jar:/home/user/.m2/repository/org/ow2/asm/asm/5.0.4/asm-5.0.4.jar:/home/user/.m2/repository/org/ow2/asm/asm-analysis/7.0/asm-analysis-7.0.jar:/home/user/.m2/repository/org/ow2/asm/asm-commons/7.0/asm-commons-7.0.jar:/home/user/.m2/repository/org/ow2/asm/asm-tree/7.0/asm-tree-7.0.jar:/home/user/.m2/repository/org/ow2/asm/asm-util/7.0/asm-util-7.0.jar:/home/user/.m2/repository/org/apache/bcel/bcel/6.3/bcel-6.3.jar:/home/user/.m2/repository/net/jcip/jcip-annotations/1.0/jcip-annotations-1.0.jar:/home/user/.m2/repository/org/dom4j/dom4j/2.1.1/dom4j-2.1.1.jar:/home/user/.m2/repository/jaxen/jaxen/1.1.6/jaxen-1.1.6.jar:/home/user/.m2/repository/commons-lang/commons-lang/2.6/commons-lang-2.6.jar:/home/user/.m2/repository/com/github/spotbugs/spotbugs-annotations/3.1.12/spotbugs-annotations-3.1.12.jar:/home/user/.m2/repository/junit/junit/4.11/junit-4.11.jar:/home/user/.m2/repository/org/hamcrest/hamcrest-core/1.3/hamcrest-core-1.3.jar:/home/user/.m2/repository/org/apache/hadoop/hadoop-common/3.2.0/hadoop-common-3.2.0-tests.jar:/workdir/hadoop-ozone/integration-test/target/test-classes:/home/user/.m2/repository/org/apache/hadoop/hadoop-ozone-s3gateway/0.5.0-SNAPSHOT/hadoop-ozone-s3gateway-0.5.0-SNAPSHOT.jar:/home/user/.m2/repository/org/jboss/weld/servlet/weld-servlet/2.4.7.Final/weld-servlet-2.4.7.Final.jar:/home/user/.m2/repository/org/glassfish/jersey/containers/jersey-container-servlet-core/2.27/jersey-container-servlet-core-2.27.jar:/home/user/.m2/repository/org/glassfish/hk2/external/javax.inject/2.5.0-b42/javax.inject-2.5.0-b42.jar:/home/user/.m2/repository/org/glassfish/jersey/core/jersey-common/2.27/jersey-common-2.27.jar:/home/user/.m2/repository/org/glassfish/hk2/osgi-resource-locator/1.0.1/osgi-resource-locator-1.0.1.jar:/home/user/.m2/repository/javax/ws/rs/javax.ws.rs-api/2.1/javax.ws.rs-api-2.1.jar:/home/user/.m2/repository/org/glassfish/jersey/ext/cdi/jersey-cdi1x/2.27/jersey-cdi1x-2.27.jar:/home/user/.m2/repository/org/glassfish/jersey/inject/jersey-hk2/2.27/jersey-hk2-2.27.jar:/home/user/.m2/repository/org/glassfish/hk2/hk2-locator/2.5.0-b42/hk2-locator-2.5.0-b42.jar:/home/user/.m2/repository/org/javassist/javassist/3.22.0-CR2/javassist-3.22.0-CR2.jar:/home/user/.m2/repository/org/glassfish/hk2/hk2-api/2.5.0/hk2-api-2.5.0.jar:/home/user/.m2/repository/org/glassfish/hk2/external/jakarta.inject/2.5.0/jakarta.inject-2.5.0.jar:/home/user/.m2/repository/org/glassfish/hk2/hk2-utils/2.5.0/hk2-utils-2.5.0.jar:/home/user/.m2/repository/jakarta/annotation/jakarta.annotation-api/1.3.4/jakarta.annotation-api-1.3.4.jar:/home/user/.m2/repository/org/glassfish/hk2/external/aopalliance-repackaged/2.5.0/aopalliance-repackaged-2.5.0.jar:/home/user/.m2/repository/com/fasterxml/jackson/dataformat/jackson-dataformat-xml/2.9.0/jackson-dataformat-xml-2.9.0.jar:/home/user/.m2/repository/com/fasterxml/jackson/module/jackson-module-jaxb-annotations/2.9.9/jackson-module-jaxb-annotations-2.9.9.jar:/home/user/.m2/repository/javax/enterprise/cdi-api/1.2/cdi-api-1.2.jar:/home/user/.m2/repository/javax/el/javax.el-api/3.0.0/javax.el-api-3.0.0.jar:/home/user/.m2/repository/javax/interceptor/javax.interceptor-api/1.2/javax.interceptor-api-1.2.jar:/home/user/.m2/repository/javax/inject/javax.inject/1/javax.inject-1.jar:/home/user/.m2/repository/org/apache/hadoop/hadoop-ozone-csi/0.5.0-SNAPSHOT/hadoop-ozone-csi-0.5.0-SNAPSHOT.jar:/home/user/.m2/repository/com/google/protobuf/protobuf-java-util/3.5.1/protobuf-java-util-3.5.1.jar:/home/user/.m2/repository/io/grpc/grpc-netty/1.17.1/grpc-netty-1.17.1.jar:/home/user/.m2/repository/io/grpc/grpc-core/1.17.1/grpc-core-1.17.1.jar:/home/user/.m2/repository/io/grpc/grpc-context/1.17.1/grpc-context-1.17.1.jar:/home/user/.m2/repository/com/google/errorprone/error_prone_annotations/2.2.0/error_prone_annotations-2.2.0.jar:/home/user/.m2/repository/org/codehaus/mojo/animal-sniffer-annotations/1.17/animal-sniffer-annotations-1.17.jar:/home/user/.m2/repository/io/opencensus/opencensus-api/0.17.0/opencensus-api-0.17.0.jar:/home/user/.m2/repository/io/opencensus/opencensus-contrib-grpc-metrics/0.17.0/opencensus-contrib-grpc-metrics-0.17.0.jar:/home/user/.m2/repository/io/netty/netty-codec-http2/4.1.30.Final/netty-codec-http2-4.1.30.Final.jar:/home/user/.m2/repository/io/netty/netty-codec-http/4.1.30.Final/netty-codec-http-4.1.30.Final.jar:/home/user/.m2/repository/io/netty/netty-codec/4.1.30.Final/netty-codec-4.1.30.Final.jar:/home/user/.m2/repository/io/netty/netty-handler/4.1.30.Final/netty-handler-4.1.30.Final.jar:/home/user/.m2/repository/io/netty/netty-handler-proxy/4.1.30.Final/netty-handler-proxy-4.1.30.Final.jar:/home/user/.m2/repository/io/netty/netty-codec-socks/4.1.30.Final/netty-codec-socks-4.1.30.Final.jar:/home/user/.m2/repository/io/netty/netty-transport-native-epoll/4.1.30.Final/netty-transport-native-epoll-4.1.30.Final.jar:/home/user/.m2/repository/io/netty/netty-common/4.1.30.Final/netty-common-4.1.30.Final.jar:/home/user/.m2/repository/io/netty/netty-buffer/4.1.30.Final/netty-buffer-4.1.30.Final.jar:/home/user/.m2/repository/io/netty/netty-transport/4.1.30.Final/netty-transport-4.1.30.Final.jar:/home/user/.m2/repository/io/netty/netty-resolver/4.1.30.Final/netty-resolver-4.1.30.Final.jar:/home/user/.m2/repository/io/netty/netty-transport-native-unix-common/4.1.30.Final/netty-transport-native-unix-common-4.1.30.Final.jar:/home/user/.m2/repository/io/grpc/grpc-protobuf/1.17.1/grpc-protobuf-1.17.1.jar:/home/user/.m2/repository/com/google/api/grpc/proto-google-common-protos/1.0.0/proto-google-common-protos-1.0.0.jar:/home/user/.m2/repository/io/grpc/grpc-protobuf-lite/1.17.1/grpc-protobuf-lite-1.17.1.jar:/home/user/.m2/repository/io/grpc/grpc-stub/1.17.1/grpc-stub-1.17.1.jar:/home/user/.m2/repository/org/apache/hadoop/hadoop-ozone-recon/0.5.0-SNAPSHOT/hadoop-ozone-recon-0.5.0-SNAPSHOT.jar:/home/user/.m2/repository/org/apache/hadoop/hadoop-ozone-reconcodegen/0.5.0-SNAPSHOT/hadoop-ozone-reconcodegen-0.5.0-SNAPSHOT.jar:/home/user/.m2/repository/com/google/inject/extensions/guice-multibindings/4.0/guice-multibindings-4.0.jar:/home/user/.m2/repository/com/google/inject/guice/4.0/guice-4.0.jar:/home/user/.m2/repository/aopalliance/aopalliance/1.0/aopalliance-1.0.jar:/home/user/.m2/repository/com/google/inject/extensions/guice-servlet/4.0/guice-servlet-4.0.jar:/home/user/.m2/repository/org/glassfish/jersey/containers/jersey-container-servlet/2.27/jersey-container-servlet-2.27.jar:/home/user/.m2/repository/org/glassfish/hk2/guice-bridge/2.5.0/guice-bridge-2.5.0.jar:/home/user/.m2/repository/org/glassfish/jersey/core/jersey-server/2.27/jersey-server-2.27.jar:/home/user/.m2/repository/org/glassfish/jersey/core/jersey-client/2.27/jersey-client-2.27.jar:/home/user/.m2/repository/org/glassfish/jersey/media/jersey-media-jaxb/2.27/jersey-media-jaxb-2.27.jar:/home/user/.m2/repository/javax/validation/validation-api/1.1.0.Final/validation-api-1.1.0.Final.jar:/home/user/.m2/repository/org/glassfish/jersey/media/jersey-media-json-jackson/2.27/jersey-media-json-jackson-2.27.jar:/home/user/.m2/repository/org/glassfish/jersey/ext/jersey-entity-filtering/2.27/jersey-entity-filtering-2.27.jar:/home/user/.m2/repository/com/google/inject/extensions/guice-assistedinject/4.0/guice-assistedinject-4.0.jar:/home/user/.m2/repository/org/jooq/jooq/3.11.10/jooq-3.11.10.jar:/home/user/.m2/repository/org/jooq/jooq-meta/3.11.10/jooq-meta-3.11.10.jar:/home/user/.m2/repository/org/jooq/jooq-codegen/3.11.10/jooq-codegen-3.11.10.jar:/home/user/.m2/repository/com/jolbox/bonecp/0.8.0.RELEASE/bonecp-0.8.0.RELEASE.jar:/home/user/.m2/repository/org/springframework/spring-jdbc/5.1.3.RELEASE/spring-jdbc-5.1.3.RELEASE.jar:/home/user/.m2/repository/org/springframework/spring-beans/5.1.3.RELEASE/spring-beans-5.1.3.RELEASE.jar:/home/user/.m2/repository/org/springframework/spring-core/5.1.3.RELEASE/spring-core-5.1.3.RELEASE.jar:/home/user/.m2/repository/org/springframework/spring-jcl/5.1.3.RELEASE/spring-jcl-5.1.3.RELEASE.jar:/home/user/.m2/repository/org/springframework/spring-tx/5.1.3.RELEASE/spring-tx-5.1.3.RELEASE.jar:/home/user/.m2/repository/org/mockito/mockito-core/2.15.0/mockito-core-2.15.0.jar:/home/user/.m2/repository/net/bytebuddy/byte-buddy/1.7.9/byte-buddy-1.7.9.jar:/home/user/.m2/repository/net/bytebuddy/byte-buddy-agent/1.7.9/byte-buddy-agent-1.7.9.jar:/home/user/.m2/repository/org/objenesis/objenesis/1.0/objenesis-1.0.jar:"/>
    <property name="java.vm.vendor" value="Oracle Corporation"/>
    <property name="sun.arch.data.model" value="64"/>
    <property name="test.build.dir" value="/workdir/hadoop-ozone/tools/target/test-dir"/>
    <property name="test.cache.data" value=""/>
    <property name="java.vendor.url" value="http://java.oracle.com/"/>
    <property name="user.timezone" value=""/>
    <property name="java.vm.specification.version" value="1.8"/>
    <property name="os.name" value="Linux"/>
    <property name="test.build.data" value="/workdir/hadoop-ozone/tools/target/test-dir"/>
    <property name="user.country" value="US"/>
    <property name="sun.java.launcher" value="SUN_STANDARD"/>
    <property name="sun.boot.library.path" value="/usr/lib/jvm/java-1.8.0-openjdk-1.8.0.222.b10-1.el7_7.x86_64/jre/lib/amd64"/>
    <property name="sun.java.command" value="/workdir/hadoop-ozone/tools/target/surefire/surefirebooter6771725773270020791.jar /workdir/hadoop-ozone/tools/target/surefire 2019-11-13T17-58-28_590-jvmRun1 surefire2160058271060178884tmp surefire_993528372573149484610tmp"/>
    <property name="surefire.test.class.path" value="/workdir/hadoop-ozone/tools/target/test-classes:/workdir/hadoop-ozone/tools/target/classes:/home/user/.m2/repository/org/apache/hadoop/hadoop-ozone-ozone-manager/0.5.0-SNAPSHOT/hadoop-ozone-ozone-manager-0.5.0-SNAPSHOT.jar:/home/user/.m2/repository/org/apache/hadoop/hadoop-hdds-docs/0.5.0-SNAPSHOT/hadoop-hdds-docs-0.5.0-SNAPSHOT.jar:/home/user/.m2/repository/org/bouncycastle/bcprov-jdk15on/1.60/bcprov-jdk15on-1.60.jar:/home/user/.m2/repository/org/apache/hadoop/hadoop-ozone-common/0.5.0-SNAPSHOT/hadoop-ozone-common-0.5.0-SNAPSHOT.jar:/home/user/.m2/repository/org/apache/commons/commons-compress/1.4.1/commons-compress-1.4.1.jar:/home/user/.m2/repository/org/tukaani/xz/1.0/xz-1.0.jar:/home/user/.m2/repository/org/apache/hadoop/hadoop-hdfs-client/3.2.0/hadoop-hdfs-client-3.2.0.jar:/home/user/.m2/repository/com/fasterxml/jackson/core/jackson-annotations/2.9.9/jackson-annotations-2.9.9.jar:/home/user/.m2/repository/org/apache/hadoop/hadoop-hdds-common/0.5.0-SNAPSHOT/hadoop-hdds-common-0.5.0-SNAPSHOT.jar:/home/user/.m2/repository/org/apache/hadoop/hadoop-hdds-config/0.5.0-SNAPSHOT/hadoop-hdds-config-0.5.0-SNAPSHOT.jar:/home/user/.m2/repository/javax/annotation/javax.annotation-api/1.2/javax.annotation-api-1.2.jar:/home/user/.m2/repository/org/apache/ratis/ratis-server/0.5.0-d6d58d0-SNAPSHOT/ratis-server-0.5.0-d6d58d0-SNAPSHOT.jar:/home/user/.m2/repository/org/apache/ratis/ratis-thirdparty-misc/0.2.0/ratis-thirdparty-misc-0.2.0.jar:/home/user/.m2/repository/org/apache/ratis/ratis-proto/0.5.0-d6d58d0-SNAPSHOT/ratis-proto-0.5.0-d6d58d0-SNAPSHOT.jar:/home/user/.m2/repository/org/apache/ratis/ratis-common/0.5.0-d6d58d0-SNAPSHOT/ratis-common-0.5.0-d6d58d0-SNAPSHOT.jar:/home/user/.m2/repository/org/apache/ratis/ratis-client/0.5.0-d6d58d0-SNAPSHOT/ratis-client-0.5.0-d6d58d0-SNAPSHOT.jar:/home/user/.m2/repository/org/apache/ratis/ratis-metrics/0.5.0-d6d58d0-SNAPSHOT/ratis-metrics-0.5.0-d6d58d0-SNAPSHOT.jar:/home/user/.m2/repository/org/apache/ratis/ratis-netty/0.5.0-d6d58d0-SNAPSHOT/ratis-netty-0.5.0-d6d58d0-SNAPSHOT.jar:/home/user/.m2/repository/org/apache/ratis/ratis-grpc/0.5.0-d6d58d0-SNAPSHOT/ratis-grpc-0.5.0-d6d58d0-SNAPSHOT.jar:/home/user/.m2/repository/org/rocksdb/rocksdbjni/6.0.1/rocksdbjni-6.0.1.jar:/home/user/.m2/repository/org/apache/logging/log4j/log4j-api/2.11.0/log4j-api-2.11.0.jar:/home/user/.m2/repository/org/apache/logging/log4j/log4j-core/2.11.0/log4j-core-2.11.0.jar:/home/user/.m2/repository/com/lmax/disruptor/3.4.2/disruptor-3.4.2.jar:/home/user/.m2/repository/org/apache/commons/commons-pool2/2.6.0/commons-pool2-2.6.0.jar:/home/user/.m2/repository/org/bouncycastle/bcpkix-jdk15on/1.60/bcpkix-jdk15on-1.60.jar:/home/user/.m2/repository/commons-validator/commons-validator/1.6/commons-validator-1.6.jar:/home/user/.m2/repository/commons-digester/commons-digester/1.8.1/commons-digester-1.8.1.jar:/home/user/.m2/repository/io/jaegertracing/jaeger-client/0.34.0/jaeger-client-0.34.0.jar:/home/user/.m2/repository/io/jaegertracing/jaeger-thrift/0.34.0/jaeger-thrift-0.34.0.jar:/home/user/.m2/repository/org/apache/thrift/libthrift/0.12.0/libthrift-0.12.0.jar:/home/user/.m2/repository/com/squareup/okhttp3/okhttp/3.9.0/okhttp-3.9.0.jar:/home/user/.m2/repository/com/squareup/okio/okio/1.13.0/okio-1.13.0.jar:/home/user/.m2/repository/io/jaegertracing/jaeger-core/0.34.0/jaeger-core-0.34.0.jar:/home/user/.m2/repository/io/jaegertracing/jaeger-tracerresolver/0.34.0/jaeger-tracerresolver-0.34.0.jar:/home/user/.m2/repository/io/opentracing/contrib/opentracing-tracerresolver/0.1.5/opentracing-tracerresolver-0.1.5.jar:/home/user/.m2/repository/io/opentracing/opentracing-util/0.31.0/opentracing-util-0.31.0.jar:/home/user/.m2/repository/io/opentracing/opentracing-api/0.31.0/opentracing-api-0.31.0.jar:/home/user/.m2/repository/io/opentracing/opentracing-noop/0.31.0/opentracing-noop-0.31.0.jar:/home/user/.m2/repository/org/yaml/snakeyaml/1.16/snakeyaml-1.16.jar:/home/user/.m2/repository/org/apache/hadoop/hadoop-hdds-container-service/0.5.0-SNAPSHOT/hadoop-hdds-container-service-0.5.0-SNAPSHOT.jar:/home/user/.m2/repository/org/apache/hadoop/hadoop-hdds-client/0.5.0-SNAPSHOT/hadoop-hdds-client-0.5.0-SNAPSHOT.jar:/home/user/.m2/repository/org/apache/hadoop/hadoop-hdds-tools/0.5.0-SNAPSHOT/hadoop-hdds-tools-0.5.0-SNAPSHOT.jar:/home/user/.m2/repository/org/xerial/sqlite-jdbc/3.25.2/sqlite-jdbc-3.25.2.jar:/home/user/.m2/repository/org/apache/hadoop/hadoop-hdds-server-scm/0.5.0-SNAPSHOT/hadoop-hdds-server-scm-0.5.0-SNAPSHOT.jar:/home/user/.m2/repository/org/hamcrest/hamcrest-all/1.3/hamcrest-all-1.3.jar:/home/user/.m2/repository/info/picocli/picocli/3.9.6/picocli-3.9.6.jar:/home/user/.m2/repository/com/google/protobuf/protobuf-java/2.5.0/protobuf-java-2.5.0.jar:/home/user/.m2/repository/com/google/guava/guava/11.0.2/guava-11.0.2.jar:/home/user/.m2/repository/org/apache/hadoop/hadoop-ozone-client/0.5.0-SNAPSHOT/hadoop-ozone-client-0.5.0-SNAPSHOT.jar:/workdir/hadoop-ozone/ozonefs/target/classes:/home/user/.m2/repository/org/apache/httpcomponents/httpclient/4.5.2/httpclient-4.5.2.jar:/home/user/.m2/repository/org/apache/httpcomponents/httpcore/4.4.4/httpcore-4.4.4.jar:/home/user/.m2/repository/org/apache/hadoop/hadoop-hdds-server-framework/0.5.0-SNAPSHOT/hadoop-hdds-server-framework-0.5.0-SNAPSHOT.jar:/home/user/.m2/repository/org/apache/hadoop/hadoop-common/3.2.0/hadoop-common-3.2.0.jar:/home/user/.m2/repository/org/apache/hadoop/hadoop-annotations/3.2.0/hadoop-annotations-3.2.0.jar:/usr/lib/jvm/java-1.8.0-openjdk-1.8.0.222.b10-1.el7_7.x86_64/jre/../lib/tools.jar:/home/user/.m2/repository/commons-cli/commons-cli/1.2/commons-cli-1.2.jar:/home/user/.m2/repository/org/apache/commons/commons-math3/3.1.1/commons-math3-3.1.1.jar:/home/user/.m2/repository/commons-codec/commons-codec/1.11/commons-codec-1.11.jar:/home/user/.m2/repository/commons-io/commons-io/2.5/commons-io-2.5.jar:/home/user/.m2/repository/commons-net/commons-net/3.6/commons-net-3.6.jar:/home/user/.m2/repository/commons-collections/commons-collections/3.2.2/commons-collections-3.2.2.jar:/home/user/.m2/repository/javax/servlet/javax.servlet-api/3.1.0/javax.servlet-api-3.1.0.jar:/home/user/.m2/repository/org/eclipse/jetty/jetty-server/9.3.25.v20180904/jetty-server-9.3.25.v20180904.jar:/home/user/.m2/repository/org/eclipse/jetty/jetty-http/9.3.25.v20180904/jetty-http-9.3.25.v20180904.jar:/home/user/.m2/repository/org/eclipse/jetty/jetty-io/9.3.25.v20180904/jetty-io-9.3.25.v20180904.jar:/home/user/.m2/repository/org/eclipse/jetty/jetty-util/9.3.25.v20180904/jetty-util-9.3.25.v20180904.jar:/home/user/.m2/repository/org/eclipse/jetty/jetty-servlet/9.3.25.v20180904/jetty-servlet-9.3.25.v20180904.jar:/home/user/.m2/repository/org/eclipse/jetty/jetty-security/9.3.25.v20180904/jetty-security-9.3.25.v20180904.jar:/home/user/.m2/repository/org/eclipse/jetty/jetty-webapp/9.3.25.v20180904/jetty-webapp-9.3.25.v20180904.jar:/home/user/.m2/repository/org/eclipse/jetty/jetty-xml/9.3.25.v20180904/jetty-xml-9.3.25.v20180904.jar:/home/user/.m2/repository/javax/servlet/jsp/jsp-api/2.1/jsp-api-2.1.jar:/home/user/.m2/repository/com/sun/jersey/jersey-core/1.19/jersey-core-1.19.jar:/home/user/.m2/repository/javax/ws/rs/jsr311-api/1.1.1/jsr311-api-1.1.1.jar:/home/user/.m2/repository/com/sun/jersey/jersey-servlet/1.19/jersey-servlet-1.19.jar:/home/user/.m2/repository/com/sun/jersey/jersey-json/1.19/jersey-json-1.19.jar:/home/user/.m2/repository/org/codehaus/jettison/jettison/1.1/jettison-1.1.jar:/home/user/.m2/repository/com/sun/xml/bind/jaxb-impl/2.3.0.1/jaxb-impl-2.3.0.1.jar:/home/user/.m2/repository/org/codehaus/jackson/jackson-core-asl/1.9.13/jackson-core-asl-1.9.13.jar:/home/user/.m2/repository/org/codehaus/jackson/jackson-mapper-asl/1.9.13/jackson-mapper-asl-1.9.13.jar:/home/user/.m2/repository/org/codehaus/jackson/jackson-jaxrs/1.9.13/jackson-jaxrs-1.9.13.jar:/home/user/.m2/repository/org/codehaus/jackson/jackson-xc/1.9.13/jackson-xc-1.9.13.jar:/home/user/.m2/repository/com/sun/jersey/jersey-server/1.19/jersey-server-1.19.jar:/home/user/.m2/repository/commons-logging/commons-logging/1.1.3/commons-logging-1.1.3.jar:/home/user/.m2/repository/log4j/log4j/1.2.17/log4j-1.2.17.jar:/home/user/.m2/repository/commons-beanutils/commons-beanutils/1.9.4/commons-beanutils-1.9.4.jar:/home/user/.m2/repository/org/apache/commons/commons-configuration2/2.1.1/commons-configuration2-2.1.1.jar:/home/user/.m2/repository/org/apache/commons/commons-lang3/3.7/commons-lang3-3.7.jar:/home/user/.m2/repository/org/apache/commons/commons-text/1.4/commons-text-1.4.jar:/home/user/.m2/repository/org/slf4j/slf4j-api/1.7.25/slf4j-api-1.7.25.jar:/home/user/.m2/repository/org/slf4j/slf4j-log4j12/1.7.25/slf4j-log4j12-1.7.25.jar:/home/user/.m2/repository/org/apache/avro/avro/1.7.7/avro-1.7.7.jar:/home/user/.m2/repository/com/thoughtworks/paranamer/paranamer/2.3/paranamer-2.3.jar:/home/user/.m2/repository/org/xerial/snappy/snappy-java/1.0.5/snappy-java-1.0.5.jar:/home/user/.m2/repository/com/google/re2j/re2j/1.1/re2j-1.1.jar:/home/user/.m2/repository/com/google/code/gson/gson/2.2.4/gson-2.2.4.jar:/home/user/.m2/repository/org/apache/hadoop/hadoop-auth/3.2.0/hadoop-auth-3.2.0.jar:/home/user/.m2/repository/com/nimbusds/nimbus-jose-jwt/4.41.1/nimbus-jose-jwt-4.41.1.jar:/home/user/.m2/repository/com/github/stephenc/jcip/jcip-annotations/1.0-1/jcip-annotations-1.0-1.jar:/home/user/.m2/repository/net/minidev/json-smart/2.3/json-smart-2.3.jar:/home/user/.m2/repository/net/minidev/accessors-smart/1.2/accessors-smart-1.2.jar:/home/user/.m2/repository/org/apache/curator/curator-framework/2.12.0/curator-framework-2.12.0.jar:/home/user/.m2/repository/com/jcraft/jsch/0.1.54/jsch-0.1.54.jar:/home/user/.m2/repository/org/apache/curator/curator-client/2.12.0/curator-client-2.12.0.jar:/home/user/.m2/repository/org/apache/curator/curator-recipes/2.12.0/curator-recipes-2.12.0.jar:/home/user/.m2/repository/com/google/code/findbugs/jsr305/3.0.0/jsr305-3.0.0.jar:/home/user/.m2/repository/org/apache/htrace/htrace-core4/4.1.0-incubating/htrace-core4-4.1.0-incubating.jar:/home/user/.m2/repository/org/apache/zookeeper/zookeeper/3.4.13/zookeeper-3.4.13.jar:/home/user/.m2/repository/jline/jline/0.9.94/jline-0.9.94.jar:/home/user/.m2/repository/org/apache/yetus/audience-annotations/0.5.0/audience-annotations-0.5.0.jar:/home/user/.m2/repository/org/apache/kerby/kerb-simplekdc/1.0.1/kerb-simplekdc-1.0.1.jar:/home/user/.m2/repository/org/apache/kerby/kerb-client/1.0.1/kerb-client-1.0.1.jar:/home/user/.m2/repository/org/apache/kerby/kerby-config/1.0.1/kerby-config-1.0.1.jar:/home/user/.m2/repository/org/apache/kerby/kerb-core/1.0.1/kerb-core-1.0.1.jar:/home/user/.m2/repository/org/apache/kerby/kerby-pkix/1.0.1/kerby-pkix-1.0.1.jar:/home/user/.m2/repository/org/apache/kerby/kerby-asn1/1.0.1/kerby-asn1-1.0.1.jar:/home/user/.m2/repository/org/apache/kerby/kerby-util/1.0.1/kerby-util-1.0.1.jar:/home/user/.m2/repository/org/apache/kerby/kerb-common/1.0.1/kerb-common-1.0.1.jar:/home/user/.m2/repository/org/apache/kerby/kerb-crypto/1.0.1/kerb-crypto-1.0.1.jar:/home/user/.m2/repository/org/apache/kerby/kerb-util/1.0.1/kerb-util-1.0.1.jar:/home/user/.m2/repository/org/apache/kerby/token-provider/1.0.1/token-provider-1.0.1.jar:/home/user/.m2/repository/org/apache/kerby/kerb-admin/1.0.1/kerb-admin-1.0.1.jar:/home/user/.m2/repository/org/apache/kerby/kerb-server/1.0.1/kerb-server-1.0.1.jar:/home/user/.m2/repository/org/apache/kerby/kerb-identity/1.0.1/kerb-identity-1.0.1.jar:/home/user/.m2/repository/org/apache/kerby/kerby-xdr/1.0.1/kerby-xdr-1.0.1.jar:/home/user/.m2/repository/com/fasterxml/jackson/core/jackson-databind/2.9.9/jackson-databind-2.9.9.jar:/home/user/.m2/repository/com/fasterxml/jackson/core/jackson-core/2.9.9/jackson-core-2.9.9.jar:/home/user/.m2/repository/org/codehaus/woodstox/stax2-api/3.1.4/stax2-api-3.1.4.jar:/home/user/.m2/repository/com/fasterxml/woodstox/woodstox-core/5.0.3/woodstox-core-5.0.3.jar:/home/user/.m2/repository/dnsjava/dnsjava/2.1.7/dnsjava-2.1.7.jar:/home/user/.m2/repository/org/apache/hadoop/hadoop-hdfs/3.2.0/hadoop-hdfs-3.2.0.jar:/home/user/.m2/repository/org/eclipse/jetty/jetty-util-ajax/9.3.25.v20180904/jetty-util-ajax-9.3.25.v20180904.jar:/home/user/.m2/repository/commons-daemon/commons-daemon/1.0.13/commons-daemon-1.0.13.jar:/home/user/.m2/repository/io/netty/netty/3.10.5.Final/netty-3.10.5.Final.jar:/home/user/.m2/repository/io/netty/netty-all/4.0.52.Final/netty-all-4.0.52.Final.jar:/home/user/.m2/repository/org/fusesource/leveldbjni/leveldbjni-all/1.8/leveldbjni-all-1.8.jar:/home/user/.m2/repository/com/sun/xml/bind/jaxb-core/2.3.0.1/jaxb-core-2.3.0.1.jar:/home/user/.m2/repository/javax/xml/bind/jaxb-api/2.3.0/jaxb-api-2.3.0.jar:/home/user/.m2/repository/javax/activation/activation/1.1.1/activation-1.1.1.jar:/home/user/.m2/repository/org/openjdk/jmh/jmh-core/1.19/jmh-core-1.19.jar:/home/user/.m2/repository/net/sf/jopt-simple/jopt-simple/4.6/jopt-simple-4.6.jar:/home/user/.m2/repository/org/openjdk/jmh/jmh-generator-annprocess/1.19/jmh-generator-annprocess-1.19.jar:/home/user/.m2/repository/io/dropwizard/metrics/metrics-core/3.2.4/metrics-core-3.2.4.jar:/home/user/.m2/repository/com/amazonaws/aws-java-sdk-s3/1.11.615/aws-java-sdk-s3-1.11.615.jar:/home/user/.m2/repository/com/amazonaws/aws-java-sdk-kms/1.11.615/aws-java-sdk-kms-1.11.615.jar:/home/user/.m2/repository/com/amazonaws/aws-java-sdk-core/1.11.615/aws-java-sdk-core-1.11.615.jar:/home/user/.m2/repository/software/amazon/ion/ion-java/1.0.2/ion-java-1.0.2.jar:/home/user/.m2/repository/com/fasterxml/jackson/dataformat/jackson-dataformat-cbor/2.9.9/jackson-dataformat-cbor-2.9.9.jar:/home/user/.m2/repository/joda-time/joda-time/2.9.9/joda-time-2.9.9.jar:/home/user/.m2/repository/com/amazonaws/jmespath-java/1.11.615/jmespath-java-1.11.615.jar:/home/user/.m2/repository/com/github/spotbugs/spotbugs/3.1.12/spotbugs-3.1.12.jar:/home/user/.m2/repository/org/ow2/asm/asm/5.0.4/asm-5.0.4.jar:/home/user/.m2/repository/org/ow2/asm/asm-analysis/7.0/asm-analysis-7.0.jar:/home/user/.m2/repository/org/ow2/asm/asm-commons/7.0/asm-commons-7.0.jar:/home/user/.m2/repository/org/ow2/asm/asm-tree/7.0/asm-tree-7.0.jar:/home/user/.m2/repository/org/ow2/asm/asm-util/7.0/asm-util-7.0.jar:/home/user/.m2/repository/org/apache/bcel/bcel/6.3/bcel-6.3.jar:/home/user/.m2/repository/net/jcip/jcip-annotations/1.0/jcip-annotations-1.0.jar:/home/user/.m2/repository/org/dom4j/dom4j/2.1.1/dom4j-2.1.1.jar:/home/user/.m2/repository/jaxen/jaxen/1.1.6/jaxen-1.1.6.jar:/home/user/.m2/repository/commons-lang/commons-lang/2.6/commons-lang-2.6.jar:/home/user/.m2/repository/com/github/spotbugs/spotbugs-annotations/3.1.12/spotbugs-annotations-3.1.12.jar:/home/user/.m2/repository/junit/junit/4.11/junit-4.11.jar:/home/user/.m2/repository/org/hamcrest/hamcrest-core/1.3/hamcrest-core-1.3.jar:/home/user/.m2/repository/org/apache/hadoop/hadoop-common/3.2.0/hadoop-common-3.2.0-tests.jar:/workdir/hadoop-ozone/integration-test/target/test-classes:/home/user/.m2/repository/org/apache/hadoop/hadoop-ozone-s3gateway/0.5.0-SNAPSHOT/hadoop-ozone-s3gateway-0.5.0-SNAPSHOT.jar:/home/user/.m2/repository/org/jboss/weld/servlet/weld-servlet/2.4.7.Final/weld-servlet-2.4.7.Final.jar:/home/user/.m2/repository/org/glassfish/jersey/containers/jersey-container-servlet-core/2.27/jersey-container-servlet-core-2.27.jar:/home/user/.m2/repository/org/glassfish/hk2/external/javax.inject/2.5.0-b42/javax.inject-2.5.0-b42.jar:/home/user/.m2/repository/org/glassfish/jersey/core/jersey-common/2.27/jersey-common-2.27.jar:/home/user/.m2/repository/org/glassfish/hk2/osgi-resource-locator/1.0.1/osgi-resource-locator-1.0.1.jar:/home/user/.m2/repository/javax/ws/rs/javax.ws.rs-api/2.1/javax.ws.rs-api-2.1.jar:/home/user/.m2/repository/org/glassfish/jersey/ext/cdi/jersey-cdi1x/2.27/jersey-cdi1x-2.27.jar:/home/user/.m2/repository/org/glassfish/jersey/inject/jersey-hk2/2.27/jersey-hk2-2.27.jar:/home/user/.m2/repository/org/glassfish/hk2/hk2-locator/2.5.0-b42/hk2-locator-2.5.0-b42.jar:/home/user/.m2/repository/org/javassist/javassist/3.22.0-CR2/javassist-3.22.0-CR2.jar:/home/user/.m2/repository/org/glassfish/hk2/hk2-api/2.5.0/hk2-api-2.5.0.jar:/home/user/.m2/repository/org/glassfish/hk2/external/jakarta.inject/2.5.0/jakarta.inject-2.5.0.jar:/home/user/.m2/repository/org/glassfish/hk2/hk2-utils/2.5.0/hk2-utils-2.5.0.jar:/home/user/.m2/repository/jakarta/annotation/jakarta.annotation-api/1.3.4/jakarta.annotation-api-1.3.4.jar:/home/user/.m2/repository/org/glassfish/hk2/external/aopalliance-repackaged/2.5.0/aopalliance-repackaged-2.5.0.jar:/home/user/.m2/repository/com/fasterxml/jackson/dataformat/jackson-dataformat-xml/2.9.0/jackson-dataformat-xml-2.9.0.jar:/home/user/.m2/repository/com/fasterxml/jackson/module/jackson-module-jaxb-annotations/2.9.9/jackson-module-jaxb-annotations-2.9.9.jar:/home/user/.m2/repository/javax/enterprise/cdi-api/1.2/cdi-api-1.2.jar:/home/user/.m2/repository/javax/el/javax.el-api/3.0.0/javax.el-api-3.0.0.jar:/home/user/.m2/repository/javax/interceptor/javax.interceptor-api/1.2/javax.interceptor-api-1.2.jar:/home/user/.m2/repository/javax/inject/javax.inject/1/javax.inject-1.jar:/home/user/.m2/repository/org/apache/hadoop/hadoop-ozone-csi/0.5.0-SNAPSHOT/hadoop-ozone-csi-0.5.0-SNAPSHOT.jar:/home/user/.m2/repository/com/google/protobuf/protobuf-java-util/3.5.1/protobuf-java-util-3.5.1.jar:/home/user/.m2/repository/io/grpc/grpc-netty/1.17.1/grpc-netty-1.17.1.jar:/home/user/.m2/repository/io/grpc/grpc-core/1.17.1/grpc-core-1.17.1.jar:/home/user/.m2/repository/io/grpc/grpc-context/1.17.1/grpc-context-1.17.1.jar:/home/user/.m2/repository/com/google/errorprone/error_prone_annotations/2.2.0/error_prone_annotations-2.2.0.jar:/home/user/.m2/repository/org/codehaus/mojo/animal-sniffer-annotations/1.17/animal-sniffer-annotations-1.17.jar:/home/user/.m2/repository/io/opencensus/opencensus-api/0.17.0/opencensus-api-0.17.0.jar:/home/user/.m2/repository/io/opencensus/opencensus-contrib-grpc-metrics/0.17.0/opencensus-contrib-grpc-metrics-0.17.0.jar:/home/user/.m2/repository/io/netty/netty-codec-http2/4.1.30.Final/netty-codec-http2-4.1.30.Final.jar:/home/user/.m2/repository/io/netty/netty-codec-http/4.1.30.Final/netty-codec-http-4.1.30.Final.jar:/home/user/.m2/repository/io/netty/netty-codec/4.1.30.Final/netty-codec-4.1.30.Final.jar:/home/user/.m2/repository/io/netty/netty-handler/4.1.30.Final/netty-handler-4.1.30.Final.jar:/home/user/.m2/repository/io/netty/netty-handler-proxy/4.1.30.Final/netty-handler-proxy-4.1.30.Final.jar:/home/user/.m2/repository/io/netty/netty-codec-socks/4.1.30.Final/netty-codec-socks-4.1.30.Final.jar:/home/user/.m2/repository/io/netty/netty-transport-native-epoll/4.1.30.Final/netty-transport-native-epoll-4.1.30.Final.jar:/home/user/.m2/repository/io/netty/netty-common/4.1.30.Final/netty-common-4.1.30.Final.jar:/home/user/.m2/repository/io/netty/netty-buffer/4.1.30.Final/netty-buffer-4.1.30.Final.jar:/home/user/.m2/repository/io/netty/netty-transport/4.1.30.Final/netty-transport-4.1.30.Final.jar:/home/user/.m2/repository/io/netty/netty-resolver/4.1.30.Final/netty-resolver-4.1.30.Final.jar:/home/user/.m2/repository/io/netty/netty-transport-native-unix-common/4.1.30.Final/netty-transport-native-unix-common-4.1.30.Final.jar:/home/user/.m2/repository/io/grpc/grpc-protobuf/1.17.1/grpc-protobuf-1.17.1.jar:/home/user/.m2/repository/com/google/api/grpc/proto-google-common-protos/1.0.0/proto-google-common-protos-1.0.0.jar:/home/user/.m2/repository/io/grpc/grpc-protobuf-lite/1.17.1/grpc-protobuf-lite-1.17.1.jar:/home/user/.m2/repository/io/grpc/grpc-stub/1.17.1/grpc-stub-1.17.1.jar:/home/user/.m2/repository/org/apache/hadoop/hadoop-ozone-recon/0.5.0-SNAPSHOT/hadoop-ozone-recon-0.5.0-SNAPSHOT.jar:/home/user/.m2/repository/org/apache/hadoop/hadoop-ozone-reconcodegen/0.5.0-SNAPSHOT/hadoop-ozone-reconcodegen-0.5.0-SNAPSHOT.jar:/home/user/.m2/repository/com/google/inject/extensions/guice-multibindings/4.0/guice-multibindings-4.0.jar:/home/user/.m2/repository/com/google/inject/guice/4.0/guice-4.0.jar:/home/user/.m2/repository/aopalliance/aopalliance/1.0/aopalliance-1.0.jar:/home/user/.m2/repository/com/google/inject/extensions/guice-servlet/4.0/guice-servlet-4.0.jar:/home/user/.m2/repository/org/glassfish/jersey/containers/jersey-container-servlet/2.27/jersey-container-servlet-2.27.jar:/home/user/.m2/repository/org/glassfish/hk2/guice-bridge/2.5.0/guice-bridge-2.5.0.jar:/home/user/.m2/repository/org/glassfish/jersey/core/jersey-server/2.27/jersey-server-2.27.jar:/home/user/.m2/repository/org/glassfish/jersey/core/jersey-client/2.27/jersey-client-2.27.jar:/home/user/.m2/repository/org/glassfish/jersey/media/jersey-media-jaxb/2.27/jersey-media-jaxb-2.27.jar:/home/user/.m2/repository/javax/validation/validation-api/1.1.0.Final/validation-api-1.1.0.Final.jar:/home/user/.m2/repository/org/glassfish/jersey/media/jersey-media-json-jackson/2.27/jersey-media-json-jackson-2.27.jar:/home/user/.m2/repository/org/glassfish/jersey/ext/jersey-entity-filtering/2.27/jersey-entity-filtering-2.27.jar:/home/user/.m2/repository/com/google/inject/extensions/guice-assistedinject/4.0/guice-assistedinject-4.0.jar:/home/user/.m2/repository/org/jooq/jooq/3.11.10/jooq-3.11.10.jar:/home/user/.m2/repository/org/jooq/jooq-meta/3.11.10/jooq-meta-3.11.10.jar:/home/user/.m2/repository/org/jooq/jooq-codegen/3.11.10/jooq-codegen-3.11.10.jar:/home/user/.m2/repository/com/jolbox/bonecp/0.8.0.RELEASE/bonecp-0.8.0.RELEASE.jar:/home/user/.m2/repository/org/springframework/spring-jdbc/5.1.3.RELEASE/spring-jdbc-5.1.3.RELEASE.jar:/home/user/.m2/repository/org/springframework/spring-beans/5.1.3.RELEASE/spring-beans-5.1.3.RELEASE.jar:/home/user/.m2/repository/org/springframework/spring-core/5.1.3.RELEASE/spring-core-5.1.3.RELEASE.jar:/home/user/.m2/repository/org/springframework/spring-jcl/5.1.3.RELEASE/spring-jcl-5.1.3.RELEASE.jar:/home/user/.m2/repository/org/springframework/spring-tx/5.1.3.RELEASE/spring-tx-5.1.3.RELEASE.jar:/home/user/.m2/repository/org/mockito/mockito-core/2.15.0/mockito-core-2.15.0.jar:/home/user/.m2/repository/net/bytebuddy/byte-buddy/1.7.9/byte-buddy-1.7.9.jar:/home/user/.m2/repository/net/bytebuddy/byte-buddy-agent/1.7.9/byte-buddy-agent-1.7.9.jar:/home/user/.m2/repository/org/objenesis/objenesis/1.0/objenesis-1.0.jar:"/>
    <property name="sun.cpu.endian" value="little"/>
    <property name="user.home" value="/home/user"/>
    <property name="user.language" value="en"/>
    <property name="java.specification.vendor" value="Oracle Corporation"/>
    <property name="java.home" value="/usr/lib/jvm/java-1.8.0-openjdk-1.8.0.222.b10-1.el7_7.x86_64/jre"/>
    <property name="surefire.excludesFile" value="/tools/ozone-bad-unit-tests"/>
    <property name="java.security.krb5.conf" value="/workdir/hadoop-ozone/tools/target/test-classes/krb5.conf"/>
    <property name="basedir" value="/workdir/hadoop-ozone/tools"/>
    <property name="file.separator" value="/"/>
    <property name="line.separator" value="&#10;"/>
    <property name="java.vm.specification.vendor" value="Oracle Corporation"/>
    <property name="java.specification.name" value="Java Platform API Specification"/>
    <property name="java.awt.graphicsenv" value="sun.awt.X11GraphicsEnvironment"/>
    <property name="surefire.real.class.path" value="/workdir/hadoop-ozone/tools/target/surefire/surefirebooter6771725773270020791.jar"/>
    <property name="hadoop.log.dir" value="/workdir/hadoop-ozone/tools/target/log"/>
    <property name="sun.boot.class.path" value="/usr/lib/jvm/java-1.8.0-openjdk-1.8.0.222.b10-1.el7_7.x86_64/jre/lib/resources.jar:/usr/lib/jvm/java-1.8.0-openjdk-1.8.0.222.b10-1.el7_7.x86_64/jre/lib/rt.jar:/usr/lib/jvm/java-1.8.0-openjdk-1.8.0.222.b10-1.el7_7.x86_64/jre/lib/sunrsasign.jar:/usr/lib/jvm/java-1.8.0-openjdk-1.8.0.222.b10-1.el7_7.x86_64/jre/lib/jsse.jar:/usr/lib/jvm/java-1.8.0-openjdk-1.8.0.222.b10-1.el7_7.x86_64/jre/lib/jce.jar:/usr/lib/jvm/java-1.8.0-openjdk-1.8.0.222.b10-1.el7_7.x86_64/jre/lib/charsets.jar:/usr/lib/jvm/java-1.8.0-openjdk-1.8.0.222.b10-1.el7_7.x86_64/jre/lib/jfr.jar:/usr/lib/jvm/java-1.8.0-openjdk-1.8.0.222.b10-1.el7_7.x86_64/jre/classes"/>
    <property name="sun.management.compiler" value="HotSpot 64-Bit Tiered Compilers"/>
    <property name="java.runtime.version" value="1.8.0_222-b10"/>
    <property name="java.net.preferIPv4Stack" value="true"/>
    <property name="user.name" value="jenkins1000"/>
    <property name="path.separator" value=":"/>
    <property name="java.security.egd" value="file:///dev/urandom"/>
    <property name="os.version" value="3.10.0-957.12.2.el7.x86_64"/>
    <property name="java.endorsed.dirs" value="/usr/lib/jvm/java-1.8.0-openjdk-1.8.0.222.b10-1.el7_7.x86_64/jre/lib/endorsed"/>
    <property name="java.runtime.name" value="OpenJDK Runtime Environment"/>
    <property name="file.encoding" value="ANSI_X3.4-1968"/>
    <property name="java.vm.name" value="OpenJDK 64-Bit Server VM"/>
    <property name="test.build.webapps" value=""/>
    <property name="localRepository" value="/home/user/.m2/repository"/>
    <property name="java.vendor.url.bug" value="http://bugreport.sun.com/bugreport/"/>
    <property name="java.io.tmpdir" value="/tmp"/>
    <property name="require.test.libhadoop" value=""/>
    <property name="java.version" value="1.8.0_222"/>
    <property name="user.dir" value="/workdir/hadoop-ozone/tools"/>
    <property name="os.arch" value="amd64"/>
    <property name="java.vm.specification.name" value="Java Virtual Machine Specification"/>
    <property name="test.build.classes" value="/workdir/hadoop-ozone/tools/target/test-classes"/>
    <property name="java.awt.printerjob" value="sun.print.PSPrinterJob"/>
    <property name="sun.os.patch.level" value="unknown"/>
    <property name="hadoop.tmp.dir" value="/workdir/hadoop-ozone/tools/target/tmp"/>
    <property name="java.library.path" value="/usr/lib:/workdir/hadoop-ozone/tools/target/native/target/usr/local/lib:/workdir/hadoop-ozone/tools/../../hadoop-common-project/hadoop-common/target/native/target/usr/local/lib:/usr/java/packages/lib/amd64:/usr/lib64:/lib64:/lib:/usr/lib"/>
    <property name="java.vm.info" value="mixed mode"/>
    <property name="java.vendor" value="Oracle Corporation"/>
    <property name="java.vm.version" value="25.222-b10"/>
    <property name="java.ext.dirs" value="/usr/lib/jvm/java-1.8.0-openjdk-1.8.0.222.b10-1.el7_7.x86_64/jre/lib/ext:/usr/java/packages/lib/ext"/>
    <property name="sun.io.unicode.encoding" value="UnicodeLittle"/>
    <property name="java.class.version" value="52.0"/>
  </properties>
  <testcase name="testRestart" classname="org.apache.hadoop.ozone.freon.TestFreonWithPipelineDestroy" time="18.78">
    <error message="INTERNAL_ERROR org.apache.hadoop.ozone.om.exceptions.OMException: Allocated 0 blocks. Requested 5 blocks" type="java.lang.RuntimeException">java.lang.RuntimeException: INTERNAL_ERROR org.apache.hadoop.ozone.om.exceptions.OMException: Allocated 0 blocks. Requested 5 blocks
	at org.apache.hadoop.ozone.freon.RandomKeyGenerator.call(RandomKeyGenerator.java:341)
	at org.apache.hadoop.ozone.freon.TestFreonWithPipelineDestroy.startFreon(TestFreonWithPipelineDestroy.java:87)
	at org.apache.hadoop.ozone.freon.TestFreonWithPipelineDestroy.testRestart(TestFreonWithPipelineDestroy.java:74)
	at sun.reflect.NativeMethodAccessorImpl.invoke0(Native Method)
	at sun.reflect.NativeMethodAccessorImpl.invoke(NativeMethodAccessorImpl.java:62)
	at sun.reflect.DelegatingMethodAccessorImpl.invoke(DelegatingMethodAccessorImpl.java:43)
	at java.lang.reflect.Method.invoke(Method.java:498)
	at org.junit.runners.model.FrameworkMethod$1.runReflectiveCall(FrameworkMethod.java:47)
	at org.junit.internal.runners.model.ReflectiveCallable.run(ReflectiveCallable.java:12)
	at org.junit.runners.model.FrameworkMethod.invokeExplosively(FrameworkMethod.java:44)
	at org.junit.internal.runners.statements.InvokeMethod.evaluate(InvokeMethod.java:17)
	at org.junit.runners.ParentRunner.runLeaf(ParentRunner.java:271)
	at org.junit.runners.BlockJUnit4ClassRunner.runChild(BlockJUnit4ClassRunner.java:70)
	at org.junit.runners.BlockJUnit4ClassRunner.runChild(BlockJUnit4ClassRunner.java:50)
	at org.junit.runners.ParentRunner$3.run(ParentRunner.java:238)
	at org.junit.runners.ParentRunner$1.schedule(ParentRunner.java:63)
	at org.junit.runners.ParentRunner.runChildren(ParentRunner.java:236)
	at org.junit.runners.ParentRunner.access$000(ParentRunner.java:53)
	at org.junit.runners.ParentRunner$2.evaluate(ParentRunner.java:229)
	at org.junit.internal.runners.statements.RunBefores.evaluate(RunBefores.java:26)
	at org.junit.internal.runners.statements.RunAfters.evaluate(RunAfters.java:27)
	at org.junit.runners.ParentRunner.run(ParentRunner.java:309)
	at org.apache.maven.surefire.junit4.JUnit4Provider.execute(JUnit4Provider.java:365)
	at org.apache.maven.surefire.junit4.JUnit4Provider.executeWithRerun(JUnit4Provider.java:273)
	at org.apache.maven.surefire.junit4.JUnit4Provider.executeTestSet(JUnit4Provider.java:238)
	at org.apache.maven.surefire.junit4.JUnit4Provider.invoke(JUnit4Provider.java:159)
	at org.apache.maven.surefire.booter.ForkedBooter.invokeProviderInSameClassLoader(ForkedBooter.java:384)
	at org.apache.maven.surefire.booter.ForkedBooter.runSuitesInProcess(ForkedBooter.java:345)
	at org.apache.maven.surefire.booter.ForkedBooter.execute(ForkedBooter.java:126)
	at org.apache.maven.surefire.booter.ForkedBooter.main(ForkedBooter.java:418)
Caused by: INTERNAL_ERROR org.apache.hadoop.ozone.om.exceptions.OMException: Allocated 0 blocks. Requested 5 blocks
	at org.apache.hadoop.ozone.om.protocolPB.OzoneManagerProtocolClientSideTranslatorPB.handleError(OzoneManagerProtocolClientSideTranslatorPB.java:761)
	at org.apache.hadoop.ozone.om.protocolPB.OzoneManagerProtocolClientSideTranslatorPB.openKey(OzoneManagerProtocolClientSideTranslatorPB.java:752)
	at sun.reflect.NativeMethodAccessorImpl.invoke0(Native Method)
	at sun.reflect.NativeMethodAccessorImpl.invoke(NativeMethodAccessorImpl.java:62)
	at sun.reflect.DelegatingMethodAccessorImpl.invoke(DelegatingMethodAccessorImpl.java:43)
	at java.lang.reflect.Method.invoke(Method.java:498)
	at org.apache.hadoop.hdds.tracing.TraceAllMethod.invoke(TraceAllMethod.java:66)
	at com.sun.proxy.$Proxy37.openKey(Unknown Source)
	at org.apache.hadoop.ozone.client.rpc.RpcClient.createKey(RpcClient.java:634)
	at org.apache.hadoop.ozone.client.OzoneBucket.createKey(OzoneBucket.java:325)
	at org.apache.hadoop.ozone.freon.RandomKeyGenerator.createKey(RandomKeyGenerator.java:697)
	at org.apache.hadoop.ozone.freon.RandomKeyGenerator.access$1100(RandomKeyGenerator.java:88)
	at org.apache.hadoop.ozone.freon.RandomKeyGenerator$ObjectCreator.run(RandomKeyGenerator.java:615)
	at java.util.concurrent.Executors$RunnableAdapter.call(Executors.java:511)
	at java.util.concurrent.FutureTask.run(FutureTask.java:266)
	at java.util.concurrent.ThreadPoolExecutor.runWorker(ThreadPoolExecutor.java:1149)
	at java.util.concurrent.ThreadPoolExecutor$Worker.run(ThreadPoolExecutor.java:624)
	at java.lang.Thread.run(Thread.java:748)
</error>
    <system-out><![CDATA[2019-11-13 19:47:15,542 [main] WARN  server.ServerUtils (ServerUtils.java:getScmDbDir(145)) - ozone.scm.db.dirs is not configured. We recommend adding this setting. Falling back to ozone.metadata.dirs instead.
2019-11-13 19:47:15,687 [main] WARN  server.ServerUtils (ServerUtils.java:getScmDbDir(145)) - ozone.scm.db.dirs is not configured. We recommend adding this setting. Falling back to ozone.metadata.dirs instead.
2019-11-13 19:47:15,690 [main] WARN  server.ServerUtils (ServerUtils.java:getScmDbDir(145)) - ozone.scm.db.dirs is not configured. We recommend adding this setting. Falling back to ozone.metadata.dirs instead.
2019-11-13 19:47:15,719 [main] INFO  util.log (Log.java:initialized(192)) - Logging initialized @851ms
2019-11-13 19:47:15,802 [main] INFO  db.DBStoreBuilder (DBStoreBuilder.java:addTable(127)) - using custom profile for table: deletedBlocks
2019-11-13 19:47:15,803 [main] INFO  db.DBStoreBuilder (DBStoreBuilder.java:processTables(183)) - Using default column profile:DBProfile.DISK for Table:deletedBlocks
2019-11-13 19:47:15,803 [main] INFO  db.DBStoreBuilder (DBStoreBuilder.java:addTable(127)) - using custom profile for table: validCerts
2019-11-13 19:47:15,803 [main] INFO  db.DBStoreBuilder (DBStoreBuilder.java:processTables(183)) - Using default column profile:DBProfile.DISK for Table:validCerts
2019-11-13 19:47:15,804 [main] INFO  db.DBStoreBuilder (DBStoreBuilder.java:addTable(127)) - using custom profile for table: revokedCerts
2019-11-13 19:47:15,804 [main] INFO  db.DBStoreBuilder (DBStoreBuilder.java:processTables(183)) - Using default column profile:DBProfile.DISK for Table:revokedCerts
2019-11-13 19:47:15,813 [main] INFO  db.DBStoreBuilder (DBStoreBuilder.java:addTable(127)) - using custom profile for table: default
2019-11-13 19:47:15,814 [main] INFO  db.DBStoreBuilder (DBStoreBuilder.java:processTables(189)) - Using default column profile:DBProfile.DISK for Table:default
2019-11-13 19:47:15,815 [main] INFO  db.DBStoreBuilder (DBStoreBuilder.java:getDbProfile(220)) - Using default options. DBProfile.DISK
2019-11-13 19:47:16,096 [main] INFO  net.NodeSchemaLoader (NodeSchemaLoader.java:loadSchemaFromFile(125)) - Loading file from sun.misc.CompoundEnumeration@618b19ad
2019-11-13 19:47:16,098 [main] INFO  net.NodeSchemaLoader (NodeSchemaLoader.java:loadSchema(171)) - Loading network topology layer schema file
2019-11-13 19:47:16,162 [main] INFO  node.SCMNodeManager (SCMNodeManager.java:<init>(116)) - Entering startup safe mode.
2019-11-13 19:47:16,224 [main] INFO  algorithms.ContainerPlacementPolicyFactory (ContainerPlacementPolicyFactory.java:getPolicy(57)) - Create container placement policy of type org.apache.hadoop.hdds.scm.container.placement.algorithms.SCMContainerPlacementRandom
2019-11-13 19:47:16,238 [main] WARN  server.ServerUtils (ServerUtils.java:getScmDbDir(145)) - ozone.scm.db.dirs is not configured. We recommend adding this setting. Falling back to ozone.metadata.dirs instead.
2019-11-13 19:47:16,317 [main] INFO  pipeline.SCMPipelineManager (SCMPipelineManager.java:initializePipelineState(132)) - No pipeline exists in current db
2019-11-13 19:47:16,319 [main] WARN  server.ServerUtils (ServerUtils.java:getScmDbDir(145)) - ozone.scm.db.dirs is not configured. We recommend adding this setting. Falling back to ozone.metadata.dirs instead.
2019-11-13 19:47:16,479 [main] WARN  events.EventQueue (EventQueue.java:fireEvent(183)) - No event handler registered for event TypedEvent{payloadType=SafeModeStatus, name='SafeModeStatus'}
2019-11-13 19:47:16,836 [main] INFO  ipc.CallQueueManager (CallQueueManager.java:<init>(84)) - Using callQueue: class java.util.concurrent.LinkedBlockingQueue, queueCapacity: 2000, scheduler: class org.apache.hadoop.ipc.DefaultRpcScheduler, ipcBackoff: false.
2019-11-13 19:47:16,861 [Socket Reader #1 for port 45447] INFO  ipc.Server (Server.java:run(1074)) - Starting Socket Reader #1 for port 45447
2019-11-13 19:47:17,000 [main] INFO  ipc.CallQueueManager (CallQueueManager.java:<init>(84)) - Using callQueue: class java.util.concurrent.LinkedBlockingQueue, queueCapacity: 2000, scheduler: class org.apache.hadoop.ipc.DefaultRpcScheduler, ipcBackoff: false.
2019-11-13 19:47:17,002 [Socket Reader #1 for port 44618] INFO  ipc.Server (Server.java:run(1074)) - Starting Socket Reader #1 for port 44618
2019-11-13 19:47:17,012 [main] INFO  ipc.CallQueueManager (CallQueueManager.java:<init>(84)) - Using callQueue: class java.util.concurrent.LinkedBlockingQueue, queueCapacity: 2000, scheduler: class org.apache.hadoop.ipc.DefaultRpcScheduler, ipcBackoff: false.
2019-11-13 19:47:17,013 [Socket Reader #1 for port 45553] INFO  ipc.Server (Server.java:run(1074)) - Starting Socket Reader #1 for port 45553
2019-11-13 19:47:17,043 [main] INFO  hdfs.DFSUtil (DFSUtil.java:httpServerTemplateForNNAndJN(1641)) - Starting Web-server for scm at: http://0.0.0.0:0
2019-11-13 19:47:17,199 [main] INFO  server.AuthenticationFilter (AuthenticationFilter.java:constructSecretProvider(240)) - Unable to initialize FileSignerSecretProvider, falling back to use random secrets.
2019-11-13 19:47:17,217 [main] WARN  http.HttpRequestLog (HttpRequestLog.java:getRequestLog(97)) - Jetty request log can only be enabled using Log4j
2019-11-13 19:47:17,227 [main] INFO  http.HttpServer2 (HttpServer2.java:addGlobalFilter(975)) - Added global filter 'safety' (class=org.apache.hadoop.http.HttpServer2$QuotingInputFilter)
2019-11-13 19:47:17,231 [main] INFO  http.HttpServer2 (HttpServer2.java:addFilter(948)) - Added filter static_user_filter (class=org.apache.hadoop.http.lib.StaticUserWebFilter$StaticUserFilter) to context scm
2019-11-13 19:47:17,231 [main] INFO  http.HttpServer2 (HttpServer2.java:addFilter(958)) - Added filter static_user_filter (class=org.apache.hadoop.http.lib.StaticUserWebFilter$StaticUserFilter) to context static
2019-11-13 19:47:17,231 [main] INFO  http.HttpServer2 (HttpServer2.java:addFilter(958)) - Added filter static_user_filter (class=org.apache.hadoop.http.lib.StaticUserWebFilter$StaticUserFilter) to context logs
2019-11-13 19:47:17,260 [main] INFO  server.StorageContainerManager (StorageContainerManager.java:start(764)) - StorageContainerLocationProtocol RPC server is listening at /0.0.0.0:45553
2019-11-13 19:47:17,315 [main] WARN  impl.MetricsConfig (MetricsConfig.java:loadFirst(134)) - Cannot locate configuration: tried hadoop-metrics2-storagecontainermanager.properties,hadoop-metrics2.properties
2019-11-13 19:47:17,330 [main] INFO  impl.MetricsSystemImpl (MetricsSystemImpl.java:startTimer(374)) - Scheduled Metric snapshot period at 10 second(s).
2019-11-13 19:47:17,330 [main] INFO  impl.MetricsSystemImpl (MetricsSystemImpl.java:start(191)) - StorageContainerManager metrics system started
2019-11-13 19:47:17,610 [main] INFO  server.SCMClientProtocolServer (SCMClientProtocolServer.java:start(160)) - RPC server for Client  is listening at /0.0.0.0:45553
2019-11-13 19:47:17,611 [IPC Server listener on 45553] INFO  ipc.Server (Server.java:run(1153)) - IPC Server listener on 45553: starting
2019-11-13 19:47:17,611 [IPC Server Responder] INFO  ipc.Server (Server.java:run(1314)) - IPC Server Responder: starting
2019-11-13 19:47:17,614 [main] INFO  server.StorageContainerManager (StorageContainerManager.java:start(774)) - ScmBlockLocationProtocol RPC server is listening at /0.0.0.0:44618
2019-11-13 19:47:17,615 [main] INFO  server.SCMBlockProtocolServer (SCMBlockProtocolServer.java:start(146)) - RPC server for Block Protocol is listening at /0.0.0.0:44618
2019-11-13 19:47:17,615 [IPC Server Responder] INFO  ipc.Server (Server.java:run(1314)) - IPC Server Responder: starting
2019-11-13 19:47:17,615 [IPC Server listener on 44618] INFO  ipc.Server (Server.java:run(1153)) - IPC Server listener on 44618: starting
2019-11-13 19:47:17,618 [main] INFO  server.StorageContainerManager (StorageContainerManager.java:start(778)) - ScmDatanodeProtocl RPC server is listening at /0.0.0.0:45447
2019-11-13 19:47:17,618 [main] INFO  server.SCMDatanodeProtocolServer (SCMDatanodeProtocolServer.java:start(169)) - RPC server for DataNodes is listening at /0.0.0.0:45447
2019-11-13 19:47:17,619 [IPC Server Responder] INFO  ipc.Server (Server.java:run(1314)) - IPC Server Responder: starting
2019-11-13 19:47:17,619 [IPC Server listener on 45447] INFO  ipc.Server (Server.java:run(1153)) - IPC Server listener on 45447: starting
2019-11-13 19:47:17,623 [main] INFO  http.HttpServer2 (HttpServer2.java:bindListener(1191)) - Jetty bound to port 43977
2019-11-13 19:47:17,624 [main] INFO  server.Server (Server.java:doStart(351)) - jetty-9.3.25.v20180904, build timestamp: 2018-09-04T21:11:46Z, git hash: 3ce520221d0240229c862b122d2b06c12a625732
2019-11-13 19:47:17,659 [main] INFO  handler.ContextHandler (ContextHandler.java:doStart(781)) - Started o.e.j.s.ServletContextHandler@293a5f75{/logs,file:///workdir/hadoop-ozone/tools/target/log,AVAILABLE}
2019-11-13 19:47:17,660 [main] INFO  handler.ContextHandler (ContextHandler.java:doStart(781)) - Started o.e.j.s.ServletContextHandler@2dd29a59{/static,jar:file:/home/user/.m2/repository/org/apache/hadoop/hadoop-hdds-server-scm/0.5.0-SNAPSHOT/hadoop-hdds-server-scm-0.5.0-SNAPSHOT.jar!/webapps/static,AVAILABLE}
2019-11-13 19:47:17,729 [main] INFO  handler.ContextHandler (ContextHandler.java:doStart(781)) - Started o.e.j.w.WebAppContext@6815c5f2{/,file:///tmp/jetty-0.0.0.0-43977-scm-_-any-8727392818885767922.dir/webapp/,AVAILABLE}{/scm}
2019-11-13 19:47:17,734 [main] INFO  server.AbstractConnector (AbstractConnector.java:doStart(278)) - Started ServerConnector@7689ddef{HTTP/1.1,[http/1.1]}{0.0.0.0:43977}
2019-11-13 19:47:17,734 [main] INFO  server.Server (Server.java:doStart(419)) - Started @2866ms
2019-11-13 19:47:17,736 [main] INFO  impl.MetricsSinkAdapter (MetricsSinkAdapter.java:start(204)) - Sink prometheus started
2019-11-13 19:47:17,736 [main] INFO  impl.MetricsSystemImpl (MetricsSystemImpl.java:registerSink(301)) - Registered sink prometheus
2019-11-13 19:47:17,738 [main] INFO  server.BaseHttpServer (BaseHttpServer.java:updateConnectorAddress(215)) - HTTP server of SCM is listening at http://0.0.0.0:43977
2019-11-13 19:47:17,748 [org.apache.hadoop.util.JvmPauseMonitor$Monitor@27eb3298] INFO  util.JvmPauseMonitor (JvmPauseMonitor.java:run(188)) - Starting JVM pause monitor
2019-11-13 19:47:17,754 [main] WARN  server.ServerUtils (ServerUtils.java:getDBPath(222)) - ozone.om.db.dirs is not configured. We recommend adding this setting. Falling back to ozone.metadata.dirs instead.
2019-11-13 19:47:17,885 [main] INFO  ha.OMHANodeDetails (OMHANodeDetails.java:loadOMHAConfig(190)) - Configuration either no ozone.om.address set. Falling back to the default OM address /127.0.0.1:0
2019-11-13 19:47:17,885 [main] INFO  ha.OMHANodeDetails (OMHANodeDetails.java:getOMNodeDetails(220)) - OM Service ID is not set. Setting it to the default ID: omServiceIdDefault
2019-11-13 19:47:17,887 [main] WARN  server.ServerUtils (ServerUtils.java:getDBPath(222)) - ozone.om.db.dirs is not configured. We recommend adding this setting. Falling back to ozone.metadata.dirs instead.
2019-11-13 19:47:17,888 [main] WARN  server.ServerUtils (ServerUtils.java:getDBPath(222)) - ozone.om.db.dirs is not configured. We recommend adding this setting. Falling back to ozone.metadata.dirs instead.
2019-11-13 19:47:18,534 [main] WARN  server.ServerUtils (ServerUtils.java:getDBPath(222)) - ozone.om.db.dirs is not configured. We recommend adding this setting. Falling back to ozone.metadata.dirs instead.
2019-11-13 19:47:18,543 [main] INFO  db.DBStoreBuilder (DBStoreBuilder.java:addTable(127)) - using custom profile for table: userTable
2019-11-13 19:47:18,543 [main] INFO  db.DBStoreBuilder (DBStoreBuilder.java:processTables(183)) - Using default column profile:DBProfile.DISK for Table:userTable
2019-11-13 19:47:18,543 [main] INFO  db.DBStoreBuilder (DBStoreBuilder.java:addTable(127)) - using custom profile for table: volumeTable
2019-11-13 19:47:18,543 [main] INFO  db.DBStoreBuilder (DBStoreBuilder.java:processTables(183)) - Using default column profile:DBProfile.DISK for Table:volumeTable
2019-11-13 19:47:18,544 [main] INFO  db.DBStoreBuilder (DBStoreBuilder.java:addTable(127)) - using custom profile for table: bucketTable
2019-11-13 19:47:18,544 [main] INFO  db.DBStoreBuilder (DBStoreBuilder.java:processTables(183)) - Using default column profile:DBProfile.DISK for Table:bucketTable
2019-11-13 19:47:18,544 [main] INFO  db.DBStoreBuilder (DBStoreBuilder.java:addTable(127)) - using custom profile for table: keyTable
2019-11-13 19:47:18,544 [main] INFO  db.DBStoreBuilder (DBStoreBuilder.java:processTables(183)) - Using default column profile:DBProfile.DISK for Table:keyTable
2019-11-13 19:47:18,544 [main] INFO  db.DBStoreBuilder (DBStoreBuilder.java:addTable(127)) - using custom profile for table: deletedTable
2019-11-13 19:47:18,545 [main] INFO  db.DBStoreBuilder (DBStoreBuilder.java:processTables(183)) - Using default column profile:DBProfile.DISK for Table:deletedTable
2019-11-13 19:47:18,545 [main] INFO  db.DBStoreBuilder (DBStoreBuilder.java:addTable(127)) - using custom profile for table: openKeyTable
2019-11-13 19:47:18,545 [main] INFO  db.DBStoreBuilder (DBStoreBuilder.java:processTables(183)) - Using default column profile:DBProfile.DISK for Table:openKeyTable
2019-11-13 19:47:18,545 [main] INFO  db.DBStoreBuilder (DBStoreBuilder.java:addTable(127)) - using custom profile for table: s3Table
2019-11-13 19:47:18,546 [main] INFO  db.DBStoreBuilder (DBStoreBuilder.java:processTables(183)) - Using default column profile:DBProfile.DISK for Table:s3Table
2019-11-13 19:47:18,546 [main] INFO  db.DBStoreBuilder (DBStoreBuilder.java:addTable(127)) - using custom profile for table: multipartInfoTable
2019-11-13 19:47:18,546 [main] INFO  db.DBStoreBuilder (DBStoreBuilder.java:processTables(183)) - Using default column profile:DBProfile.DISK for Table:multipartInfoTable
2019-11-13 19:47:18,546 [main] INFO  db.DBStoreBuilder (DBStoreBuilder.java:addTable(127)) - using custom profile for table: dTokenTable
2019-11-13 19:47:18,546 [main] INFO  db.DBStoreBuilder (DBStoreBuilder.java:processTables(183)) - Using default column profile:DBProfile.DISK for Table:dTokenTable
2019-11-13 19:47:18,547 [main] INFO  db.DBStoreBuilder (DBStoreBuilder.java:addTable(127)) - using custom profile for table: s3SecretTable
2019-11-13 19:47:18,547 [main] INFO  db.DBStoreBuilder (DBStoreBuilder.java:processTables(183)) - Using default column profile:DBProfile.DISK for Table:s3SecretTable
2019-11-13 19:47:18,547 [main] INFO  db.DBStoreBuilder (DBStoreBuilder.java:addTable(127)) - using custom profile for table: prefixTable
2019-11-13 19:47:18,547 [main] INFO  db.DBStoreBuilder (DBStoreBuilder.java:processTables(183)) - Using default column profile:DBProfile.DISK for Table:prefixTable
2019-11-13 19:47:18,548 [main] INFO  db.DBStoreBuilder (DBStoreBuilder.java:addTable(127)) - using custom profile for table: default
2019-11-13 19:47:18,548 [main] INFO  db.DBStoreBuilder (DBStoreBuilder.java:processTables(189)) - Using default column profile:DBProfile.DISK for Table:default
2019-11-13 19:47:18,548 [main] INFO  db.DBStoreBuilder (DBStoreBuilder.java:getDbProfile(220)) - Using default options. DBProfile.DISK
2019-11-13 19:47:19,025 [main] INFO  ipc.CallQueueManager (CallQueueManager.java:<init>(84)) - Using callQueue: class java.util.concurrent.LinkedBlockingQueue, queueCapacity: 2000, scheduler: class org.apache.hadoop.ipc.DefaultRpcScheduler, ipcBackoff: false.
2019-11-13 19:47:19,027 [Socket Reader #1 for port 39608] INFO  ipc.Server (Server.java:run(1074)) - Starting Socket Reader #1 for port 39608
2019-11-13 19:47:19,054 [main] INFO  om.OzoneManager (OzoneManager.java:start(1077)) - OzoneManager RPC server is listening at localhost/127.0.0.1:39608
2019-11-13 19:47:19,054 [main] INFO  impl.MetricsSystemImpl (MetricsSystemImpl.java:init(158)) - OzoneManager metrics system started (again)
2019-11-13 19:47:19,062 [IPC Server Responder] INFO  ipc.Server (Server.java:run(1314)) - IPC Server Responder: starting
2019-11-13 19:47:19,063 [IPC Server listener on 39608] INFO  ipc.Server (Server.java:run(1153)) - IPC Server listener on 39608: starting
2019-11-13 19:47:19,072 [main] INFO  hdfs.DFSUtil (DFSUtil.java:httpServerTemplateForNNAndJN(1641)) - Starting Web-server for ozoneManager at: http://0.0.0.0:0
2019-11-13 19:47:19,075 [main] INFO  server.AuthenticationFilter (AuthenticationFilter.java:constructSecretProvider(240)) - Unable to initialize FileSignerSecretProvider, falling back to use random secrets.
2019-11-13 19:47:19,075 [main] WARN  http.HttpRequestLog (HttpRequestLog.java:getRequestLog(97)) - Jetty request log can only be enabled using Log4j
2019-11-13 19:47:19,079 [main] INFO  http.HttpServer2 (HttpServer2.java:addGlobalFilter(975)) - Added global filter 'safety' (class=org.apache.hadoop.http.HttpServer2$QuotingInputFilter)
2019-11-13 19:47:19,080 [main] INFO  http.HttpServer2 (HttpServer2.java:addFilter(948)) - Added filter static_user_filter (class=org.apache.hadoop.http.lib.StaticUserWebFilter$StaticUserFilter) to context ozoneManager
2019-11-13 19:47:19,081 [main] INFO  http.HttpServer2 (HttpServer2.java:addFilter(958)) - Added filter static_user_filter (class=org.apache.hadoop.http.lib.StaticUserWebFilter$StaticUserFilter) to context logs
2019-11-13 19:47:19,081 [main] INFO  http.HttpServer2 (HttpServer2.java:addFilter(958)) - Added filter static_user_filter (class=org.apache.hadoop.http.lib.StaticUserWebFilter$StaticUserFilter) to context static
2019-11-13 19:47:19,084 [main] INFO  http.HttpServer2 (HttpServer2.java:bindListener(1191)) - Jetty bound to port 33012
2019-11-13 19:47:19,085 [main] INFO  server.Server (Server.java:doStart(351)) - jetty-9.3.25.v20180904, build timestamp: 2018-09-04T21:11:46Z, git hash: 3ce520221d0240229c862b122d2b06c12a625732
2019-11-13 19:47:19,088 [main] INFO  handler.ContextHandler (ContextHandler.java:doStart(781)) - Started o.e.j.s.ServletContextHandler@7578e06a{/logs,file:///workdir/hadoop-ozone/tools/target/log,AVAILABLE}
2019-11-13 19:47:19,088 [main] INFO  handler.ContextHandler (ContextHandler.java:doStart(781)) - Started o.e.j.s.ServletContextHandler@56da52a7{/static,jar:file:/home/user/.m2/repository/org/apache/hadoop/hadoop-ozone-ozone-manager/0.5.0-SNAPSHOT/hadoop-ozone-ozone-manager-0.5.0-SNAPSHOT.jar!/webapps/static,AVAILABLE}
2019-11-13 19:47:19,162 [main] INFO  handler.ContextHandler (ContextHandler.java:doStart(781)) - Started o.e.j.w.WebAppContext@79a1728c{/,file:///tmp/jetty-0.0.0.0-33012-ozoneManager-_-any-4147034573205039272.dir/webapp/,AVAILABLE}{/ozoneManager}
2019-11-13 19:47:19,163 [main] INFO  server.AbstractConnector (AbstractConnector.java:doStart(278)) - Started ServerConnector@a7f0ab6{HTTP/1.1,[http/1.1]}{0.0.0.0:33012}
2019-11-13 19:47:19,163 [main] INFO  server.Server (Server.java:doStart(419)) - Started @4295ms
2019-11-13 19:47:19,164 [main] WARN  impl.MetricsSystemImpl (MetricsSystemImpl.java:register(276)) - Sink prometheus already exists!
2019-11-13 19:47:19,165 [main] INFO  server.BaseHttpServer (BaseHttpServer.java:updateConnectorAddress(215)) - HTTP server of OZONEMANAGER is listening at http://0.0.0.0:33012
2019-11-13 19:47:19,437 [main] INFO  impl.MetricsSystemImpl (MetricsSystemImpl.java:init(158)) - HddsDatanode metrics system started (again)
2019-11-13 19:47:19,482 [main] INFO  ozone.HddsDatanodeService (HddsDatanodeService.java:start(186)) - HddsDatanodeService host:pr-hdds-1940-7lghg-363871468 ip:192.168.164.219
2019-11-13 19:47:19,517 [main] INFO  volume.HddsVolume (HddsVolume.java:<init>(176)) - Creating Volume: /workdir/hadoop-ozone/tools/target/test-dir/MiniOzoneClusterImpl-3d16d092-b9b0-488c-8c1c-2b0a872ac8b1/datanode-0/data/containers/hdds of  storage type : DISK and capacity : 1482555576320
2019-11-13 19:47:19,518 [main] INFO  volume.VolumeSet (VolumeSet.java:initializeVolumeSet(170)) - Added Volume : /workdir/hadoop-ozone/tools/target/test-dir/MiniOzoneClusterImpl-3d16d092-b9b0-488c-8c1c-2b0a872ac8b1/datanode-0/data/containers/hdds to VolumeSet
2019-11-13 19:47:19,521 [main] INFO  volume.ThrottledAsyncChecker (ThrottledAsyncChecker.java:schedule(141)) - Scheduling a check for /workdir/hadoop-ozone/tools/target/test-dir/MiniOzoneClusterImpl-3d16d092-b9b0-488c-8c1c-2b0a872ac8b1/datanode-0/data/containers/hdds
2019-11-13 19:47:19,537 [main] INFO  volume.HddsVolumeChecker (HddsVolumeChecker.java:checkAllVolumes(204)) - Scheduled health check for volume /workdir/hadoop-ozone/tools/target/test-dir/MiniOzoneClusterImpl-3d16d092-b9b0-488c-8c1c-2b0a872ac8b1/datanode-0/data/containers/hdds
2019-11-13 19:47:19,644 [main] INFO  impl.RaftServerProxy (ConfUtils.java:logGet(43)) - raft.rpc.type = GRPC (default)
2019-11-13 19:47:19,708 [main] INFO  grpc.GrpcFactory (GrpcFactory.java:checkPooledByteBufAllocatorUseCacheForAllThreads(45)) - PERFORMANCE WARNING: useCacheForAllThreads is true that may cause Netty to create a lot garbage objects and, as a result, trigger GC.
	It is recommended to disable useCacheForAllThreads by setting -Dorg.apache.ratis.thirdparty.io.netty.allocator.useCacheForAllThreads=false in command line.
2019-11-13 19:47:19,714 [main] INFO  grpc.GrpcConfigKeys$Server (ConfUtils.java:logGet(43)) - raft.grpc.server.port = 0 (default)
2019-11-13 19:47:19,715 [main] INFO  server.GrpcService (ConfUtils.java:logGet(43)) - raft.grpc.message.size.max = 33570816 (custom)
2019-11-13 19:47:19,717 [main] INFO  server.RaftServerConfigKeys (ConfUtils.java:logGet(43)) - raft.server.log.appender.buffer.byte-limit = 33554432 (custom)
2019-11-13 19:47:19,717 [main] INFO  server.GrpcService (ConfUtils.java:logGet(43)) - raft.grpc.flow.control.window = 1MB (=1048576) (default)
2019-11-13 19:47:19,718 [main] INFO  server.RaftServerConfigKeys (ConfUtils.java:logGet(43)) - raft.server.rpc.request.timeout = 3000ms (default)
2019-11-13 19:47:19,895 [main] INFO  server.RaftServerConfigKeys (ConfUtils.java:logGet(43)) - raft.server.storage.dir = [/workdir/hadoop-ozone/tools/target/test-dir/MiniOzoneClusterImpl-3d16d092-b9b0-488c-8c1c-2b0a872ac8b1/datanode-0/data/ratis] (custom)
2019-11-13 19:47:19,948 [main] INFO  hdfs.DFSUtil (DFSUtil.java:httpServerTemplateForNNAndJN(1641)) - Starting Web-server for hddsDatanode at: http://0.0.0.0:0
2019-11-13 19:47:19,951 [main] INFO  server.AuthenticationFilter (AuthenticationFilter.java:constructSecretProvider(240)) - Unable to initialize FileSignerSecretProvider, falling back to use random secrets.
2019-11-13 19:47:19,952 [main] WARN  http.HttpRequestLog (HttpRequestLog.java:getRequestLog(97)) - Jetty request log can only be enabled using Log4j
2019-11-13 19:47:19,955 [main] INFO  http.HttpServer2 (HttpServer2.java:addGlobalFilter(975)) - Added global filter 'safety' (class=org.apache.hadoop.http.HttpServer2$QuotingInputFilter)
2019-11-13 19:47:19,956 [main] INFO  http.HttpServer2 (HttpServer2.java:addFilter(948)) - Added filter static_user_filter (class=org.apache.hadoop.http.lib.StaticUserWebFilter$StaticUserFilter) to context hddsDatanode
2019-11-13 19:47:19,957 [main] INFO  http.HttpServer2 (HttpServer2.java:addFilter(958)) - Added filter static_user_filter (class=org.apache.hadoop.http.lib.StaticUserWebFilter$StaticUserFilter) to context static
2019-11-13 19:47:19,957 [main] INFO  http.HttpServer2 (HttpServer2.java:addFilter(958)) - Added filter static_user_filter (class=org.apache.hadoop.http.lib.StaticUserWebFilter$StaticUserFilter) to context logs
2019-11-13 19:47:19,958 [main] INFO  http.HttpServer2 (HttpServer2.java:bindListener(1191)) - Jetty bound to port 43249
2019-11-13 19:47:19,958 [main] INFO  server.Server (Server.java:doStart(351)) - jetty-9.3.25.v20180904, build timestamp: 2018-09-04T21:11:46Z, git hash: 3ce520221d0240229c862b122d2b06c12a625732
2019-11-13 19:47:19,962 [main] INFO  handler.ContextHandler (ContextHandler.java:doStart(781)) - Started o.e.j.s.ServletContextHandler@33899f7a{/logs,file:///workdir/hadoop-ozone/tools/target/log,AVAILABLE}
2019-11-13 19:47:19,963 [main] INFO  handler.ContextHandler (ContextHandler.java:doStart(781)) - Started o.e.j.s.ServletContextHandler@290d10ef{/static,jar:file:/home/user/.m2/repository/org/apache/hadoop/hadoop-hdds-container-service/0.5.0-SNAPSHOT/hadoop-hdds-container-service-0.5.0-SNAPSHOT.jar!/webapps/static,AVAILABLE}
2019-11-13 19:47:20,010 [main] INFO  handler.ContextHandler (ContextHandler.java:doStart(781)) - Started o.e.j.w.WebAppContext@4b790d86{/,file:///tmp/jetty-0.0.0.0-43249-hddsDatanode-_-any-2347075178784812041.dir/webapp/,AVAILABLE}{/hddsDatanode}
2019-11-13 19:47:20,013 [main] INFO  server.AbstractConnector (AbstractConnector.java:doStart(278)) - Started ServerConnector@7e7f0216{HTTP/1.1,[http/1.1]}{0.0.0.0:43249}
2019-11-13 19:47:20,014 [main] INFO  server.Server (Server.java:doStart(419)) - Started @5146ms
2019-11-13 19:47:20,014 [main] WARN  impl.MetricsSystemImpl (MetricsSystemImpl.java:register(276)) - Sink prometheus already exists!
2019-11-13 19:47:20,015 [main] INFO  server.BaseHttpServer (BaseHttpServer.java:updateConnectorAddress(215)) - HTTP server of HDDSDATANODE is listening at http://0.0.0.0:43249
2019-11-13 19:47:20,017 [main] INFO  impl.MetricsSystemImpl (MetricsSystemImpl.java:init(158)) - HddsDatanode metrics system started (again)
2019-11-13 19:47:20,021 [main] INFO  ozone.HddsDatanodeService (HddsDatanodeService.java:start(186)) - HddsDatanodeService host:pr-hdds-1940-7lghg-363871468 ip:192.168.164.219
2019-11-13 19:47:20,023 [org.apache.hadoop.util.JvmPauseMonitor$Monitor@15fb0c43] INFO  util.JvmPauseMonitor (JvmPauseMonitor.java:run(188)) - Starting JVM pause monitor
2019-11-13 19:47:20,031 [main] INFO  volume.HddsVolume (HddsVolume.java:<init>(176)) - Creating Volume: /workdir/hadoop-ozone/tools/target/test-dir/MiniOzoneClusterImpl-3d16d092-b9b0-488c-8c1c-2b0a872ac8b1/datanode-1/data/containers/hdds of  storage type : DISK and capacity : 1482555576320
2019-11-13 19:47:20,032 [main] INFO  volume.VolumeSet (VolumeSet.java:initializeVolumeSet(170)) - Added Volume : /workdir/hadoop-ozone/tools/target/test-dir/MiniOzoneClusterImpl-3d16d092-b9b0-488c-8c1c-2b0a872ac8b1/datanode-1/data/containers/hdds to VolumeSet
2019-11-13 19:47:20,032 [main] INFO  volume.ThrottledAsyncChecker (ThrottledAsyncChecker.java:schedule(141)) - Scheduling a check for /workdir/hadoop-ozone/tools/target/test-dir/MiniOzoneClusterImpl-3d16d092-b9b0-488c-8c1c-2b0a872ac8b1/datanode-1/data/containers/hdds
2019-11-13 19:47:20,033 [main] INFO  volume.HddsVolumeChecker (HddsVolumeChecker.java:checkAllVolumes(204)) - Scheduled health check for volume /workdir/hadoop-ozone/tools/target/test-dir/MiniOzoneClusterImpl-3d16d092-b9b0-488c-8c1c-2b0a872ac8b1/datanode-1/data/containers/hdds
2019-11-13 19:47:20,057 [main] INFO  impl.RaftServerProxy (ConfUtils.java:logGet(43)) - raft.rpc.type = GRPC (default)
2019-11-13 19:47:20,057 [main] INFO  grpc.GrpcFactory (GrpcFactory.java:checkPooledByteBufAllocatorUseCacheForAllThreads(45)) - PERFORMANCE WARNING: useCacheForAllThreads is true that may cause Netty to create a lot garbage objects and, as a result, trigger GC.
	It is recommended to disable useCacheForAllThreads by setting -Dorg.apache.ratis.thirdparty.io.netty.allocator.useCacheForAllThreads=false in command line.
2019-11-13 19:47:20,058 [main] INFO  grpc.GrpcConfigKeys$Server (ConfUtils.java:logGet(43)) - raft.grpc.server.port = 0 (default)
2019-11-13 19:47:20,058 [main] INFO  server.GrpcService (ConfUtils.java:logGet(43)) - raft.grpc.message.size.max = 33570816 (custom)
2019-11-13 19:47:20,059 [main] INFO  server.RaftServerConfigKeys (ConfUtils.java:logGet(43)) - raft.server.log.appender.buffer.byte-limit = 33554432 (custom)
2019-11-13 19:47:20,059 [main] INFO  server.GrpcService (ConfUtils.java:logGet(43)) - raft.grpc.flow.control.window = 1MB (=1048576) (default)
2019-11-13 19:47:20,059 [main] INFO  server.RaftServerConfigKeys (ConfUtils.java:logGet(43)) - raft.server.rpc.request.timeout = 3000ms (default)
2019-11-13 19:47:20,060 [main] INFO  server.RaftServerConfigKeys (ConfUtils.java:logGet(43)) - raft.server.storage.dir = [/workdir/hadoop-ozone/tools/target/test-dir/MiniOzoneClusterImpl-3d16d092-b9b0-488c-8c1c-2b0a872ac8b1/datanode-1/data/ratis] (custom)
2019-11-13 19:47:20,063 [main] INFO  hdfs.DFSUtil (DFSUtil.java:httpServerTemplateForNNAndJN(1641)) - Starting Web-server for hddsDatanode at: http://0.0.0.0:0
2019-11-13 19:47:20,065 [main] INFO  server.AuthenticationFilter (AuthenticationFilter.java:constructSecretProvider(240)) - Unable to initialize FileSignerSecretProvider, falling back to use random secrets.
2019-11-13 19:47:20,066 [main] WARN  http.HttpRequestLog (HttpRequestLog.java:getRequestLog(97)) - Jetty request log can only be enabled using Log4j
2019-11-13 19:47:20,069 [main] INFO  http.HttpServer2 (HttpServer2.java:addGlobalFilter(975)) - Added global filter 'safety' (class=org.apache.hadoop.http.HttpServer2$QuotingInputFilter)
2019-11-13 19:47:20,070 [main] INFO  http.HttpServer2 (HttpServer2.java:addFilter(948)) - Added filter static_user_filter (class=org.apache.hadoop.http.lib.StaticUserWebFilter$StaticUserFilter) to context hddsDatanode
2019-11-13 19:47:20,070 [main] INFO  http.HttpServer2 (HttpServer2.java:addFilter(958)) - Added filter static_user_filter (class=org.apache.hadoop.http.lib.StaticUserWebFilter$StaticUserFilter) to context logs
2019-11-13 19:47:20,070 [main] INFO  http.HttpServer2 (HttpServer2.java:addFilter(958)) - Added filter static_user_filter (class=org.apache.hadoop.http.lib.StaticUserWebFilter$StaticUserFilter) to context static
2019-11-13 19:47:20,071 [main] INFO  http.HttpServer2 (HttpServer2.java:bindListener(1191)) - Jetty bound to port 38501
2019-11-13 19:47:20,072 [main] INFO  server.Server (Server.java:doStart(351)) - jetty-9.3.25.v20180904, build timestamp: 2018-09-04T21:11:46Z, git hash: 3ce520221d0240229c862b122d2b06c12a625732
2019-11-13 19:47:20,076 [main] INFO  handler.ContextHandler (ContextHandler.java:doStart(781)) - Started o.e.j.s.ServletContextHandler@6eb17ec8{/logs,file:///workdir/hadoop-ozone/tools/target/log,AVAILABLE}
2019-11-13 19:47:20,078 [main] INFO  handler.ContextHandler (ContextHandler.java:doStart(781)) - Started o.e.j.s.ServletContextHandler@277bf091{/static,jar:file:/home/user/.m2/repository/org/apache/hadoop/hadoop-hdds-container-service/0.5.0-SNAPSHOT/hadoop-hdds-container-service-0.5.0-SNAPSHOT.jar!/webapps/static,AVAILABLE}
2019-11-13 19:47:20,109 [Datanode State Machine Thread - 0] INFO  datanode.InitDatanodeState (InitDatanodeState.java:persistContainerDatanodeDetails(140)) - DatanodeDetails is persisted to /workdir/hadoop-ozone/tools/target/test-dir/MiniOzoneClusterImpl-3d16d092-b9b0-488c-8c1c-2b0a872ac8b1/datanode-0/meta/datanode.id
2019-11-13 19:47:20,122 [main] INFO  handler.ContextHandler (ContextHandler.java:doStart(781)) - Started o.e.j.w.WebAppContext@4ac86d6a{/,file:///tmp/jetty-0.0.0.0-38501-hddsDatanode-_-any-6307810364686724928.dir/webapp/,AVAILABLE}{/hddsDatanode}
2019-11-13 19:47:20,123 [main] INFO  server.AbstractConnector (AbstractConnector.java:doStart(278)) - Started ServerConnector@3d904e9c{HTTP/1.1,[http/1.1]}{0.0.0.0:38501}
2019-11-13 19:47:20,124 [main] INFO  server.Server (Server.java:doStart(419)) - Started @5255ms
2019-11-13 19:47:20,124 [main] WARN  impl.MetricsSystemImpl (MetricsSystemImpl.java:register(276)) - Sink prometheus already exists!
2019-11-13 19:47:20,126 [main] INFO  server.BaseHttpServer (BaseHttpServer.java:updateConnectorAddress(215)) - HTTP server of HDDSDATANODE is listening at http://0.0.0.0:38501
2019-11-13 19:47:20,126 [main] INFO  impl.MetricsSystemImpl (MetricsSystemImpl.java:init(158)) - HddsDatanode metrics system started (again)
2019-11-13 19:47:20,129 [org.apache.hadoop.util.JvmPauseMonitor$Monitor@3b9ebf8a] INFO  util.JvmPauseMonitor (JvmPauseMonitor.java:run(188)) - Starting JVM pause monitor
2019-11-13 19:47:20,129 [main] INFO  ozone.HddsDatanodeService (HddsDatanodeService.java:start(186)) - HddsDatanodeService host:pr-hdds-1940-7lghg-363871468 ip:192.168.164.219
2019-11-13 19:47:20,133 [Datanode State Machine Thread - 0] INFO  datanode.InitDatanodeState (InitDatanodeState.java:persistContainerDatanodeDetails(140)) - DatanodeDetails is persisted to /workdir/hadoop-ozone/tools/target/test-dir/MiniOzoneClusterImpl-3d16d092-b9b0-488c-8c1c-2b0a872ac8b1/datanode-1/meta/datanode.id
2019-11-13 19:47:20,140 [main] INFO  volume.HddsVolume (HddsVolume.java:<init>(176)) - Creating Volume: /workdir/hadoop-ozone/tools/target/test-dir/MiniOzoneClusterImpl-3d16d092-b9b0-488c-8c1c-2b0a872ac8b1/datanode-2/data/containers/hdds of  storage type : DISK and capacity : 1482555576320
2019-11-13 19:47:20,141 [main] INFO  volume.VolumeSet (VolumeSet.java:initializeVolumeSet(170)) - Added Volume : /workdir/hadoop-ozone/tools/target/test-dir/MiniOzoneClusterImpl-3d16d092-b9b0-488c-8c1c-2b0a872ac8b1/datanode-2/data/containers/hdds to VolumeSet
2019-11-13 19:47:20,141 [main] INFO  volume.ThrottledAsyncChecker (ThrottledAsyncChecker.java:schedule(141)) - Scheduling a check for /workdir/hadoop-ozone/tools/target/test-dir/MiniOzoneClusterImpl-3d16d092-b9b0-488c-8c1c-2b0a872ac8b1/datanode-2/data/containers/hdds
2019-11-13 19:47:20,142 [main] INFO  volume.HddsVolumeChecker (HddsVolumeChecker.java:checkAllVolumes(204)) - Scheduled health check for volume /workdir/hadoop-ozone/tools/target/test-dir/MiniOzoneClusterImpl-3d16d092-b9b0-488c-8c1c-2b0a872ac8b1/datanode-2/data/containers/hdds
2019-11-13 19:47:20,160 [main] INFO  impl.RaftServerProxy (ConfUtils.java:logGet(43)) - raft.rpc.type = GRPC (default)
2019-11-13 19:47:20,160 [main] INFO  grpc.GrpcFactory (GrpcFactory.java:checkPooledByteBufAllocatorUseCacheForAllThreads(45)) - PERFORMANCE WARNING: useCacheForAllThreads is true that may cause Netty to create a lot garbage objects and, as a result, trigger GC.
	It is recommended to disable useCacheForAllThreads by setting -Dorg.apache.ratis.thirdparty.io.netty.allocator.useCacheForAllThreads=false in command line.
2019-11-13 19:47:20,160 [main] INFO  grpc.GrpcConfigKeys$Server (ConfUtils.java:logGet(43)) - raft.grpc.server.port = 0 (default)
2019-11-13 19:47:20,161 [main] INFO  server.GrpcService (ConfUtils.java:logGet(43)) - raft.grpc.message.size.max = 33570816 (custom)
2019-11-13 19:47:20,161 [main] INFO  server.RaftServerConfigKeys (ConfUtils.java:logGet(43)) - raft.server.log.appender.buffer.byte-limit = 33554432 (custom)
2019-11-13 19:47:20,161 [main] INFO  server.GrpcService (ConfUtils.java:logGet(43)) - raft.grpc.flow.control.window = 1MB (=1048576) (default)
2019-11-13 19:47:20,161 [main] INFO  server.RaftServerConfigKeys (ConfUtils.java:logGet(43)) - raft.server.rpc.request.timeout = 3000ms (default)
2019-11-13 19:47:20,162 [main] INFO  server.RaftServerConfigKeys (ConfUtils.java:logGet(43)) - raft.server.storage.dir = [/workdir/hadoop-ozone/tools/target/test-dir/MiniOzoneClusterImpl-3d16d092-b9b0-488c-8c1c-2b0a872ac8b1/datanode-2/data/ratis] (custom)
2019-11-13 19:47:20,164 [main] INFO  hdfs.DFSUtil (DFSUtil.java:httpServerTemplateForNNAndJN(1641)) - Starting Web-server for hddsDatanode at: http://0.0.0.0:0
2019-11-13 19:47:20,166 [main] INFO  server.AuthenticationFilter (AuthenticationFilter.java:constructSecretProvider(240)) - Unable to initialize FileSignerSecretProvider, falling back to use random secrets.
2019-11-13 19:47:20,167 [main] WARN  http.HttpRequestLog (HttpRequestLog.java:getRequestLog(97)) - Jetty request log can only be enabled using Log4j
2019-11-13 19:47:20,169 [main] INFO  http.HttpServer2 (HttpServer2.java:addGlobalFilter(975)) - Added global filter 'safety' (class=org.apache.hadoop.http.HttpServer2$QuotingInputFilter)
2019-11-13 19:47:20,170 [main] INFO  http.HttpServer2 (HttpServer2.java:addFilter(948)) - Added filter static_user_filter (class=org.apache.hadoop.http.lib.StaticUserWebFilter$StaticUserFilter) to context hddsDatanode
2019-11-13 19:47:20,170 [main] INFO  http.HttpServer2 (HttpServer2.java:addFilter(958)) - Added filter static_user_filter (class=org.apache.hadoop.http.lib.StaticUserWebFilter$StaticUserFilter) to context static
2019-11-13 19:47:20,170 [main] INFO  http.HttpServer2 (HttpServer2.java:addFilter(958)) - Added filter static_user_filter (class=org.apache.hadoop.http.lib.StaticUserWebFilter$StaticUserFilter) to context logs
2019-11-13 19:47:20,171 [main] INFO  http.HttpServer2 (HttpServer2.java:bindListener(1191)) - Jetty bound to port 45644
2019-11-13 19:47:20,172 [main] INFO  server.Server (Server.java:doStart(351)) - jetty-9.3.25.v20180904, build timestamp: 2018-09-04T21:11:46Z, git hash: 3ce520221d0240229c862b122d2b06c12a625732
2019-11-13 19:47:20,174 [main] INFO  handler.ContextHandler (ContextHandler.java:doStart(781)) - Started o.e.j.s.ServletContextHandler@6403e24c{/logs,file:///workdir/hadoop-ozone/tools/target/log,AVAILABLE}
2019-11-13 19:47:20,175 [main] INFO  handler.ContextHandler (ContextHandler.java:doStart(781)) - Started o.e.j.s.ServletContextHandler@4eba373c{/static,jar:file:/home/user/.m2/repository/org/apache/hadoop/hadoop-hdds-container-service/0.5.0-SNAPSHOT/hadoop-hdds-container-service-0.5.0-SNAPSHOT.jar!/webapps/static,AVAILABLE}
2019-11-13 19:47:20,217 [main] INFO  handler.ContextHandler (ContextHandler.java:doStart(781)) - Started o.e.j.w.WebAppContext@895416d{/,file:///tmp/jetty-0.0.0.0-45644-hddsDatanode-_-any-8109232836880861971.dir/webapp/,AVAILABLE}{/hddsDatanode}
2019-11-13 19:47:20,218 [main] INFO  server.AbstractConnector (AbstractConnector.java:doStart(278)) - Started ServerConnector@71a06021{HTTP/1.1,[http/1.1]}{0.0.0.0:45644}
2019-11-13 19:47:20,218 [main] INFO  server.Server (Server.java:doStart(419)) - Started @5350ms
2019-11-13 19:47:20,219 [main] WARN  impl.MetricsSystemImpl (MetricsSystemImpl.java:register(276)) - Sink prometheus already exists!
2019-11-13 19:47:20,220 [main] INFO  server.BaseHttpServer (BaseHttpServer.java:updateConnectorAddress(215)) - HTTP server of HDDSDATANODE is listening at http://0.0.0.0:45644
2019-11-13 19:47:20,222 [main] INFO  ozone.MiniOzoneClusterImpl (MiniOzoneClusterImpl.java:lambda$waitForClusterToBeReady$2(171)) - Waiting for cluster to be ready. Got 0 of 3 DN Heartbeats.
2019-11-13 19:47:20,224 [org.apache.hadoop.util.JvmPauseMonitor$Monitor@4e13bc4c] INFO  util.JvmPauseMonitor (JvmPauseMonitor.java:run(188)) - Starting JVM pause monitor
2019-11-13 19:47:20,227 [Datanode State Machine Thread - 0] INFO  datanode.InitDatanodeState (InitDatanodeState.java:persistContainerDatanodeDetails(140)) - DatanodeDetails is persisted to /workdir/hadoop-ozone/tools/target/test-dir/MiniOzoneClusterImpl-3d16d092-b9b0-488c-8c1c-2b0a872ac8b1/datanode-2/meta/datanode.id
2019-11-13 19:47:21,223 [main] INFO  ozone.MiniOzoneClusterImpl (MiniOzoneClusterImpl.java:lambda$waitForClusterToBeReady$2(171)) - Waiting for cluster to be ready. Got 0 of 3 DN Heartbeats.
2019-11-13 19:47:22,110 [Datanode State Machine Thread - 0] INFO  ozoneimpl.OzoneContainer (OzoneContainer.java:start(230)) - Attempting to start container services.
2019-11-13 19:47:22,113 [Datanode State Machine Thread - 0] INFO  ozoneimpl.OzoneContainer (OzoneContainer.java:startContainerScrub(194)) - Background container scanner has been disabled.
2019-11-13 19:47:22,113 [Datanode State Machine Thread - 0] INFO  ratis.XceiverServerRatis (XceiverServerRatis.java:start(421)) - Starting XceiverServerRatis 99a25fb9-47c0-4443-afd7-9fccc5c7cead at port 0
2019-11-13 19:47:22,146 [Datanode State Machine Thread - 0] INFO  impl.RaftServerProxy (RaftServerProxy.java:lambda$start$3(299)) - 99a25fb9-47c0-4443-afd7-9fccc5c7cead: start RPC server
2019-11-13 19:47:22,148 [Datanode State Machine Thread - 0] INFO  ozoneimpl.OzoneContainer (OzoneContainer.java:start(230)) - Attempting to start container services.
2019-11-13 19:47:22,153 [Datanode State Machine Thread - 0] INFO  ozoneimpl.OzoneContainer (OzoneContainer.java:startContainerScrub(194)) - Background container scanner has been disabled.
2019-11-13 19:47:22,153 [Datanode State Machine Thread - 0] INFO  ratis.XceiverServerRatis (XceiverServerRatis.java:start(421)) - Starting XceiverServerRatis b8c81196-debe-4950-9544-de451655d31f at port 0
2019-11-13 19:47:22,164 [Datanode State Machine Thread - 0] INFO  impl.RaftServerProxy (RaftServerProxy.java:lambda$start$3(299)) - b8c81196-debe-4950-9544-de451655d31f: start RPC server
2019-11-13 19:47:22,223 [main] INFO  ozone.MiniOzoneClusterImpl (MiniOzoneClusterImpl.java:lambda$waitForClusterToBeReady$2(171)) - Waiting for cluster to be ready. Got 0 of 3 DN Heartbeats.
2019-11-13 19:47:22,239 [Datanode State Machine Thread - 0] INFO  ozoneimpl.OzoneContainer (OzoneContainer.java:start(230)) - Attempting to start container services.
2019-11-13 19:47:22,241 [Datanode State Machine Thread - 0] INFO  ozoneimpl.OzoneContainer (OzoneContainer.java:startContainerScrub(194)) - Background container scanner has been disabled.
2019-11-13 19:47:22,241 [Datanode State Machine Thread - 0] INFO  ratis.XceiverServerRatis (XceiverServerRatis.java:start(421)) - Starting XceiverServerRatis 17aeddd7-e61a-46f8-b584-b2ca2adc027c at port 0
2019-11-13 19:47:22,255 [Datanode State Machine Thread - 0] INFO  impl.RaftServerProxy (RaftServerProxy.java:lambda$start$3(299)) - 17aeddd7-e61a-46f8-b584-b2ca2adc027c: start RPC server
2019-11-13 19:47:22,268 [Datanode State Machine Thread - 0] INFO  server.GrpcService (GrpcService.java:startImpl(158)) - b8c81196-debe-4950-9544-de451655d31f: GrpcService started, listening on 0.0.0.0/0.0.0.0:40129
2019-11-13 19:47:22,268 [Datanode State Machine Thread - 0] INFO  server.GrpcService (GrpcService.java:startImpl(158)) - 17aeddd7-e61a-46f8-b584-b2ca2adc027c: GrpcService started, listening on 0.0.0.0/0.0.0.0:33406
2019-11-13 19:47:22,268 [Datanode State Machine Thread - 0] INFO  server.GrpcService (GrpcService.java:startImpl(158)) - 99a25fb9-47c0-4443-afd7-9fccc5c7cead: GrpcService started, listening on 0.0.0.0/0.0.0.0:43664
2019-11-13 19:47:22,269 [Datanode State Machine Thread - 0] INFO  ratis.XceiverServerRatis (XceiverServerRatis.java:start(431)) - XceiverServerRatis 17aeddd7-e61a-46f8-b584-b2ca2adc027c is started using port 33406
2019-11-13 19:47:22,269 [Datanode State Machine Thread - 0] INFO  ratis.XceiverServerRatis (XceiverServerRatis.java:start(431)) - XceiverServerRatis b8c81196-debe-4950-9544-de451655d31f is started using port 40129
2019-11-13 19:47:22,269 [Datanode State Machine Thread - 0] INFO  ratis.XceiverServerRatis (XceiverServerRatis.java:start(431)) - XceiverServerRatis 99a25fb9-47c0-4443-afd7-9fccc5c7cead is started using port 43664
2019-11-13 19:47:22,274 [Datanode State Machine Thread - 0] INFO  server.XceiverServerGrpc (XceiverServerGrpc.java:start(145)) - XceiverServerGrpc 99a25fb9-47c0-4443-afd7-9fccc5c7cead is started using port 39126
2019-11-13 19:47:22,274 [Datanode State Machine Thread - 0] INFO  server.XceiverServerGrpc (XceiverServerGrpc.java:start(145)) - XceiverServerGrpc 17aeddd7-e61a-46f8-b584-b2ca2adc027c is started using port 33227
2019-11-13 19:47:22,274 [Datanode State Machine Thread - 0] INFO  server.XceiverServerGrpc (XceiverServerGrpc.java:start(145)) - XceiverServerGrpc b8c81196-debe-4950-9544-de451655d31f is started using port 34570
2019-11-13 19:47:23,224 [main] INFO  ozone.MiniOzoneClusterImpl (MiniOzoneClusterImpl.java:lambda$waitForClusterToBeReady$2(171)) - Waiting for cluster to be ready. Got 0 of 3 DN Heartbeats.
2019-11-13 19:47:24,066 [IPC Server handler 0 on 45447] INFO  net.NetworkTopology (NetworkTopologyImpl.java:add(111)) - Added a new node: /default-rack/99a25fb9-47c0-4443-afd7-9fccc5c7cead
2019-11-13 19:47:24,067 [IPC Server handler 0 on 45447] INFO  node.SCMNodeManager (SCMNodeManager.java:register(267)) - Registered Data node : 99a25fb9-47c0-4443-afd7-9fccc5c7cead{ip: 192.168.164.219, host: pr-hdds-1940-7lghg-363871468, networkLocation: /default-rack, certSerialId: null}
2019-11-13 19:47:24,070 [EventQueue-NodeRegistrationContainerReportForDataNodeSafeModeRule] INFO  safemode.SCMSafeModeManager (DataNodeSafeModeRule.java:process(71)) - SCM in safe mode. 1 DataNodes registered, 1 required.
2019-11-13 19:47:24,070 [EventQueue-NodeRegistrationContainerReportForDataNodeSafeModeRule] INFO  safemode.SCMSafeModeManager (SCMSafeModeManager.java:validateSafeModeExitRules(177)) - ScmSafeModeManager, all rules are successfully validated
2019-11-13 19:47:24,070 [EventQueue-NodeRegistrationContainerReportForDataNodeSafeModeRule] INFO  safemode.SCMSafeModeManager (SCMSafeModeManager.java:exitSafeMode(193)) - SCM exiting safe mode.
2019-11-13 19:47:24,132 [IPC Server handler 1 on 45447] INFO  net.NetworkTopology (NetworkTopologyImpl.java:add(111)) - Added a new node: /default-rack/b8c81196-debe-4950-9544-de451655d31f
2019-11-13 19:47:24,132 [IPC Server handler 1 on 45447] INFO  node.SCMNodeManager (SCMNodeManager.java:register(267)) - Registered Data node : b8c81196-debe-4950-9544-de451655d31f{ip: 192.168.164.219, host: pr-hdds-1940-7lghg-363871468, networkLocation: /default-rack, certSerialId: null}
2019-11-13 19:47:24,227 [IPC Server handler 2 on 45447] INFO  net.NetworkTopology (NetworkTopologyImpl.java:add(111)) - Added a new node: /default-rack/17aeddd7-e61a-46f8-b584-b2ca2adc027c
2019-11-13 19:47:24,227 [IPC Server handler 2 on 45447] INFO  node.SCMNodeManager (SCMNodeManager.java:register(267)) - Registered Data node : 17aeddd7-e61a-46f8-b584-b2ca2adc027c{ip: 192.168.164.219, host: pr-hdds-1940-7lghg-363871468, networkLocation: /default-rack, certSerialId: null}
2019-11-13 19:47:24,519 [grpc-default-executor-0] INFO  impl.RaftServerProxy (RaftServerProxy.java:addNew(89)) - 99a25fb9-47c0-4443-afd7-9fccc5c7cead: addNew group-D9398E60D30E:[99a25fb9-47c0-4443-afd7-9fccc5c7cead:192.168.164.219:43664] returns group-D9398E60D30E:java.util.concurrent.CompletableFuture@4bd1a835[Not completed]
2019-11-13 19:47:24,531 [pool-27-thread-1] INFO  impl.RaftServerImpl (RaftServerImpl.java:<init>(98)) - 99a25fb9-47c0-4443-afd7-9fccc5c7cead: new RaftServerImpl for group-D9398E60D30E:[99a25fb9-47c0-4443-afd7-9fccc5c7cead:192.168.164.219:43664] with ContainerStateMachine:uninitialized
2019-11-13 19:47:24,533 [pool-27-thread-1] INFO  server.RaftServerConfigKeys (ConfUtils.java:logGet(43)) - raft.server.rpc.timeout.min = 5s (custom)
2019-11-13 19:47:24,534 [pool-27-thread-1] INFO  server.RaftServerConfigKeys (ConfUtils.java:logGet(43)) - raft.server.rpc.timeout.max = 5200ms (custom)
2019-11-13 19:47:24,534 [pool-27-thread-1] INFO  server.RaftServerConfigKeys (ConfUtils.java:logGet(43)) - raft.server.rpcslowness.timeout = 120s (custom)
2019-11-13 19:47:24,534 [pool-27-thread-1] INFO  server.RaftServerConfigKeys (ConfUtils.java:logGet(43)) - raft.server.sleep.deviation.threshold = 300 (default)
2019-11-13 19:47:24,535 [pool-27-thread-1] INFO  server.RaftServerConfigKeys (ConfUtils.java:logGet(43)) - raft.server.log.appender.install.snapshot.enabled = false (custom)
2019-11-13 19:47:24,543 [pool-27-thread-1] INFO  impl.RaftServerImpl (ServerState.java:<init>(103)) - 99a25fb9-47c0-4443-afd7-9fccc5c7cead@group-D9398E60D30E: ConfigurationManager, init=-1: [99a25fb9-47c0-4443-afd7-9fccc5c7cead:192.168.164.219:43664], old=null, confs=<EMPTY_MAP>
2019-11-13 19:47:24,543 [pool-27-thread-1] INFO  server.RaftServerConfigKeys (ConfUtils.java:logGet(43)) - raft.server.storage.dir = [/workdir/hadoop-ozone/tools/target/test-dir/MiniOzoneClusterImpl-3d16d092-b9b0-488c-8c1c-2b0a872ac8b1/datanode-0/data/ratis] (custom)
2019-11-13 19:47:24,549 [pool-27-thread-1] INFO  server.RaftServerConfigKeys (ConfUtils.java:logGet(43)) - raft.server.log.corruption.policy = EXCEPTION (default)
2019-11-13 19:47:24,551 [pool-27-thread-1] INFO  storage.RaftStorageDirectory (RaftStorageDirectory.java:analyzeStorage(246)) - The storage directory /workdir/hadoop-ozone/tools/target/test-dir/MiniOzoneClusterImpl-3d16d092-b9b0-488c-8c1c-2b0a872ac8b1/datanode-0/data/ratis/9c6163eb-8d67-4142-a73e-d9398e60d30e does not exist. Creating ...
2019-11-13 19:47:24,568 [pool-27-thread-1] INFO  storage.RaftStorageDirectory (RaftStorageDirectory.java:tryLock(328)) - Lock on /workdir/hadoop-ozone/tools/target/test-dir/MiniOzoneClusterImpl-3d16d092-b9b0-488c-8c1c-2b0a872ac8b1/datanode-0/data/ratis/9c6163eb-8d67-4142-a73e-d9398e60d30e/in_use.lock acquired by nodename 12686@pr-hdds-1940-7lghg-363871468
2019-11-13 19:47:24,583 [pool-27-thread-1] INFO  storage.RaftStorage (RaftStorage.java:format(84)) - Storage directory /workdir/hadoop-ozone/tools/target/test-dir/MiniOzoneClusterImpl-3d16d092-b9b0-488c-8c1c-2b0a872ac8b1/datanode-0/data/ratis/9c6163eb-8d67-4142-a73e-d9398e60d30e has been successfully formatted.
2019-11-13 19:47:24,585 [pool-27-thread-1] INFO  ratis.ContainerStateMachine (ContainerStateMachine.java:loadSnapshot(223)) - group-D9398E60D30E: The snapshot info is null. Setting the last applied indexto:(t:0, i:~)
2019-11-13 19:47:24,585 [pool-27-thread-1] INFO  server.RaftServerConfigKeys (ConfUtils.java:logGet(43)) - raft.server.notification.no-leader.timeout = 120s (custom)
2019-11-13 19:47:24,587 [pool-27-thread-1] INFO  server.RaftServerConfigKeys (ConfUtils.java:logGet(43)) - raft.server.log.use.memory = false (default)
2019-11-13 19:47:24,592 [pool-27-thread-1] INFO  server.RaftServerConfigKeys (ConfUtils.java:logGet(43)) - raft.server.log.purge.gap = 1000000 (custom)
2019-11-13 19:47:24,594 [pool-27-thread-1] INFO  server.RaftServerConfigKeys (ConfUtils.java:logGet(43)) - raft.server.log.appender.buffer.byte-limit = 33554432 (custom)
2019-11-13 19:47:24,602 [pool-27-thread-1] INFO  server.RaftServerConfigKeys (ConfUtils.java:logGet(43)) - raft.server.log.segment.size.max = 1048576 (custom)
2019-11-13 19:47:24,613 [pool-27-thread-1] INFO  metrics.MetricRegistries (MetricRegistriesLoader.java:load(64)) - Loaded MetricRegistries class org.apache.ratis.metrics.impl.MetricRegistriesImpl
2019-11-13 19:47:24,618 [pool-27-thread-1] WARN  impl.MetricRegistriesImpl (MetricRegistriesImpl.java:lambda$create$1(61)) - First MetricRegistry has been created without registering reporters. You may need to call MetricRegistries.global().addReportRegistration(...) before.
2019-11-13 19:47:24,624 [pool-27-thread-1] INFO  server.RaftServerConfigKeys (ConfUtils.java:logGet(43)) - raft.server.log.segment.cache.num.max = 2 (custom)
2019-11-13 19:47:24,630 [pool-27-thread-1] INFO  segmented.SegmentedRaftLogWorker (SegmentedRaftLogWorker.java:<init>(173)) - new 99a25fb9-47c0-4443-afd7-9fccc5c7cead@group-D9398E60D30E-SegmentedRaftLogWorker for RaftStorage:Storage Directory /workdir/hadoop-ozone/tools/target/test-dir/MiniOzoneClusterImpl-3d16d092-b9b0-488c-8c1c-2b0a872ac8b1/datanode-0/data/ratis/9c6163eb-8d67-4142-a73e-d9398e60d30e
2019-11-13 19:47:24,630 [pool-27-thread-1] INFO  server.RaftServerConfigKeys (ConfUtils.java:logGet(43)) - raft.server.log.queue.byte-limit = 2147483647 (custom)
2019-11-13 19:47:24,630 [pool-27-thread-1] INFO  server.RaftServerConfigKeys (ConfUtils.java:logGet(43)) - raft.server.log.queue.element-limit = 1024 (custom)
2019-11-13 19:47:24,632 [pool-27-thread-1] INFO  server.RaftServerConfigKeys (ConfUtils.java:logGet(43)) - raft.server.log.segment.size.max = 1048576 (custom)
2019-11-13 19:47:24,632 [pool-27-thread-1] INFO  server.RaftServerConfigKeys (ConfUtils.java:logGet(43)) - raft.server.log.preallocated.size = 16384 (custom)
2019-11-13 19:47:24,633 [pool-27-thread-1] INFO  server.RaftServerConfigKeys (ConfUtils.java:logGet(43)) - raft.server.log.write.buffer.size = 33554432 (custom)
2019-11-13 19:47:24,633 [pool-27-thread-1] INFO  server.RaftServerConfigKeys (ConfUtils.java:logGet(43)) - raft.server.log.force.sync.num = 128 (default)
2019-11-13 19:47:24,634 [pool-27-thread-1] INFO  server.RaftServerConfigKeys (ConfUtils.java:logGet(43)) - raft.server.log.statemachine.data.sync = true (default)
2019-11-13 19:47:24,635 [pool-27-thread-1] INFO  server.RaftServerConfigKeys (ConfUtils.java:logGet(43)) - raft.server.log.statemachine.data.sync.timeout = 10s (default)
2019-11-13 19:47:24,635 [pool-27-thread-1] INFO  server.RaftServerConfigKeys (ConfUtils.java:logGet(43)) - raft.server.log.statemachine.data.sync.timeout.retry = -1 (default)
2019-11-13 19:47:24,649 [pool-27-thread-1] INFO  server.RaftServerConfigKeys (ConfUtils.java:logGet(43)) - raft.server.log.statemachine.data.caching.enabled = true (custom)
2019-11-13 19:47:24,654 [pool-27-thread-1] INFO  segmented.SegmentedRaftLogWorker (SegmentedRaftLogWorker.java:lambda$new$0(128)) - 99a25fb9-47c0-4443-afd7-9fccc5c7cead@group-D9398E60D30E-SegmentedRaftLogWorker: flushIndex: setUnconditionally 0 -> -1
2019-11-13 19:47:24,658 [pool-27-thread-1] INFO  server.RaftServerConfigKeys (ConfUtils.java:logGet(43)) - raft.server.snapshot.auto.trigger.enabled = true (custom)
2019-11-13 19:47:24,659 [pool-27-thread-1] INFO  server.RaftServerConfigKeys (ConfUtils.java:logGet(43)) - raft.server.snapshot.auto.trigger.threshold = 10000 (custom)
2019-11-13 19:47:24,660 [pool-27-thread-1] INFO  server.RaftServerConfigKeys (ConfUtils.java:logGet(43)) - raft.server.snapshot.retention.file.num = 5 (custom)
2019-11-13 19:47:24,660 [pool-27-thread-1] INFO  server.RaftServerConfigKeys (ConfUtils.java:logGet(43)) - raft.server.retrycache.expirytime = 600000ms (custom)
2019-11-13 19:47:24,680 [pool-27-thread-1] WARN  impl.MetricRegistriesImpl (MetricRegistriesImpl.java:lambda$create$1(61)) - First MetricRegistry has been created without registering reporters. You may need to call MetricRegistries.global().addReportRegistration(...) before.
2019-11-13 19:47:24,682 [pool-27-thread-1] WARN  impl.MetricRegistriesImpl (MetricRegistriesImpl.java:lambda$create$1(61)) - First MetricRegistry has been created without registering reporters. You may need to call MetricRegistries.global().addReportRegistration(...) before.
2019-11-13 19:47:24,684 [pool-27-thread-1] INFO  impl.RaftServerImpl (RaftServerImpl.java:start(184)) - 99a25fb9-47c0-4443-afd7-9fccc5c7cead@group-D9398E60D30E: start as a follower, conf=-1: [99a25fb9-47c0-4443-afd7-9fccc5c7cead:192.168.164.219:43664], old=null
2019-11-13 19:47:24,685 [pool-27-thread-1] INFO  impl.RaftServerImpl (RaftServerImpl.java:setRole(173)) - 99a25fb9-47c0-4443-afd7-9fccc5c7cead@group-D9398E60D30E: changes role from      null to FOLLOWER at term 0 for startAsFollower
2019-11-13 19:47:24,686 [pool-27-thread-1] INFO  impl.RoleInfo (RoleInfo.java:updateAndGet(143)) - 99a25fb9-47c0-4443-afd7-9fccc5c7cead: start FollowerState
2019-11-13 19:47:24,689 [pool-27-thread-1] INFO  util.JmxRegister (JmxRegister.java:tryRegister(44)) - Successfully registered JMX Bean with object name Ratis:service=RaftServer,group=group-D9398E60D30E,id=99a25fb9-47c0-4443-afd7-9fccc5c7cead
2019-11-13 19:47:24,691 [pool-27-thread-1] WARN  impl.MetricRegistriesImpl (MetricRegistriesImpl.java:lambda$create$1(61)) - First MetricRegistry has been created without registering reporters. You may need to call MetricRegistries.global().addReportRegistration(...) before.
2019-11-13 19:47:24,746 [RatisPipelineUtilsThread] INFO  pipeline.PipelineStateManager (PipelineStateManager.java:addPipeline(55)) - Created pipeline Pipeline[ Id: 9c6163eb-8d67-4142-a73e-d9398e60d30e, Nodes: 99a25fb9-47c0-4443-afd7-9fccc5c7cead{ip: 192.168.164.219, host: pr-hdds-1940-7lghg-363871468, networkLocation: /default-rack, certSerialId: null}, Type:RATIS, Factor:ONE, State:ALLOCATED]
2019-11-13 19:47:24,763 [grpc-default-executor-0] INFO  impl.RaftServerProxy (RaftServerProxy.java:addNew(89)) - 17aeddd7-e61a-46f8-b584-b2ca2adc027c: addNew group-5B1A6A5071D9:[17aeddd7-e61a-46f8-b584-b2ca2adc027c:192.168.164.219:33406] returns group-5B1A6A5071D9:java.util.concurrent.CompletableFuture@4e4d433a[Not completed]
2019-11-13 19:47:24,783 [pool-47-thread-1] INFO  impl.RaftServerImpl (RaftServerImpl.java:<init>(98)) - 17aeddd7-e61a-46f8-b584-b2ca2adc027c: new RaftServerImpl for group-5B1A6A5071D9:[17aeddd7-e61a-46f8-b584-b2ca2adc027c:192.168.164.219:33406] with ContainerStateMachine:uninitialized
2019-11-13 19:47:24,784 [pool-47-thread-1] INFO  server.RaftServerConfigKeys (ConfUtils.java:logGet(43)) - raft.server.rpc.timeout.min = 5s (custom)
2019-11-13 19:47:24,784 [pool-47-thread-1] INFO  server.RaftServerConfigKeys (ConfUtils.java:logGet(43)) - raft.server.rpc.timeout.max = 5200ms (custom)
2019-11-13 19:47:24,784 [pool-47-thread-1] INFO  server.RaftServerConfigKeys (ConfUtils.java:logGet(43)) - raft.server.rpcslowness.timeout = 120s (custom)
2019-11-13 19:47:24,784 [pool-47-thread-1] INFO  server.RaftServerConfigKeys (ConfUtils.java:logGet(43)) - raft.server.sleep.deviation.threshold = 300 (default)
2019-11-13 19:47:24,785 [pool-47-thread-1] INFO  server.RaftServerConfigKeys (ConfUtils.java:logGet(43)) - raft.server.log.appender.install.snapshot.enabled = false (custom)
2019-11-13 19:47:24,785 [pool-47-thread-1] INFO  impl.RaftServerImpl (ServerState.java:<init>(103)) - 17aeddd7-e61a-46f8-b584-b2ca2adc027c@group-5B1A6A5071D9: ConfigurationManager, init=-1: [17aeddd7-e61a-46f8-b584-b2ca2adc027c:192.168.164.219:33406], old=null, confs=<EMPTY_MAP>
2019-11-13 19:47:24,785 [pool-47-thread-1] INFO  server.RaftServerConfigKeys (ConfUtils.java:logGet(43)) - raft.server.storage.dir = [/workdir/hadoop-ozone/tools/target/test-dir/MiniOzoneClusterImpl-3d16d092-b9b0-488c-8c1c-2b0a872ac8b1/datanode-2/data/ratis] (custom)
2019-11-13 19:47:24,785 [pool-47-thread-1] INFO  server.RaftServerConfigKeys (ConfUtils.java:logGet(43)) - raft.server.log.corruption.policy = EXCEPTION (default)
2019-11-13 19:47:24,785 [pool-47-thread-1] INFO  storage.RaftStorageDirectory (RaftStorageDirectory.java:analyzeStorage(246)) - The storage directory /workdir/hadoop-ozone/tools/target/test-dir/MiniOzoneClusterImpl-3d16d092-b9b0-488c-8c1c-2b0a872ac8b1/datanode-2/data/ratis/6737c56d-1105-4b60-8d94-5b1a6a5071d9 does not exist. Creating ...
2019-11-13 19:47:24,799 [pool-47-thread-1] INFO  storage.RaftStorageDirectory (RaftStorageDirectory.java:tryLock(328)) - Lock on /workdir/hadoop-ozone/tools/target/test-dir/MiniOzoneClusterImpl-3d16d092-b9b0-488c-8c1c-2b0a872ac8b1/datanode-2/data/ratis/6737c56d-1105-4b60-8d94-5b1a6a5071d9/in_use.lock acquired by nodename 12686@pr-hdds-1940-7lghg-363871468
2019-11-13 19:47:24,812 [pool-47-thread-1] INFO  storage.RaftStorage (RaftStorage.java:format(84)) - Storage directory /workdir/hadoop-ozone/tools/target/test-dir/MiniOzoneClusterImpl-3d16d092-b9b0-488c-8c1c-2b0a872ac8b1/datanode-2/data/ratis/6737c56d-1105-4b60-8d94-5b1a6a5071d9 has been successfully formatted.
2019-11-13 19:47:24,813 [pool-47-thread-1] INFO  ratis.ContainerStateMachine (ContainerStateMachine.java:loadSnapshot(223)) - group-5B1A6A5071D9: The snapshot info is null. Setting the last applied indexto:(t:0, i:~)
2019-11-13 19:47:24,814 [pool-47-thread-1] INFO  server.RaftServerConfigKeys (ConfUtils.java:logGet(43)) - raft.server.notification.no-leader.timeout = 120s (custom)
2019-11-13 19:47:24,814 [pool-47-thread-1] INFO  server.RaftServerConfigKeys (ConfUtils.java:logGet(43)) - raft.server.log.use.memory = false (default)
2019-11-13 19:47:24,814 [pool-47-thread-1] INFO  server.RaftServerConfigKeys (ConfUtils.java:logGet(43)) - raft.server.log.purge.gap = 1000000 (custom)
2019-11-13 19:47:24,814 [pool-47-thread-1] INFO  server.RaftServerConfigKeys (ConfUtils.java:logGet(43)) - raft.server.log.appender.buffer.byte-limit = 33554432 (custom)
2019-11-13 19:47:24,815 [pool-47-thread-1] INFO  server.RaftServerConfigKeys (ConfUtils.java:logGet(43)) - raft.server.log.segment.size.max = 1048576 (custom)
2019-11-13 19:47:24,815 [pool-47-thread-1] WARN  impl.MetricRegistriesImpl (MetricRegistriesImpl.java:lambda$create$1(61)) - First MetricRegistry has been created without registering reporters. You may need to call MetricRegistries.global().addReportRegistration(...) before.
2019-11-13 19:47:24,815 [pool-47-thread-1] INFO  server.RaftServerConfigKeys (ConfUtils.java:logGet(43)) - raft.server.log.segment.cache.num.max = 2 (custom)
2019-11-13 19:47:24,815 [pool-47-thread-1] INFO  segmented.SegmentedRaftLogWorker (SegmentedRaftLogWorker.java:<init>(173)) - new 17aeddd7-e61a-46f8-b584-b2ca2adc027c@group-5B1A6A5071D9-SegmentedRaftLogWorker for RaftStorage:Storage Directory /workdir/hadoop-ozone/tools/target/test-dir/MiniOzoneClusterImpl-3d16d092-b9b0-488c-8c1c-2b0a872ac8b1/datanode-2/data/ratis/6737c56d-1105-4b60-8d94-5b1a6a5071d9
2019-11-13 19:47:24,816 [pool-47-thread-1] INFO  server.RaftServerConfigKeys (ConfUtils.java:logGet(43)) - raft.server.log.queue.byte-limit = 2147483647 (custom)
2019-11-13 19:47:24,816 [pool-47-thread-1] INFO  server.RaftServerConfigKeys (ConfUtils.java:logGet(43)) - raft.server.log.queue.element-limit = 1024 (custom)
2019-11-13 19:47:24,816 [pool-47-thread-1] INFO  server.RaftServerConfigKeys (ConfUtils.java:logGet(43)) - raft.server.log.segment.size.max = 1048576 (custom)
2019-11-13 19:47:24,816 [pool-47-thread-1] INFO  server.RaftServerConfigKeys (ConfUtils.java:logGet(43)) - raft.server.log.preallocated.size = 16384 (custom)
2019-11-13 19:47:24,816 [pool-47-thread-1] INFO  server.RaftServerConfigKeys (ConfUtils.java:logGet(43)) - raft.server.log.write.buffer.size = 33554432 (custom)
2019-11-13 19:47:24,817 [pool-47-thread-1] INFO  server.RaftServerConfigKeys (ConfUtils.java:logGet(43)) - raft.server.log.force.sync.num = 128 (default)
2019-11-13 19:47:24,817 [pool-47-thread-1] INFO  server.RaftServerConfigKeys (ConfUtils.java:logGet(43)) - raft.server.log.statemachine.data.sync = true (default)
2019-11-13 19:47:24,817 [pool-47-thread-1] INFO  server.RaftServerConfigKeys (ConfUtils.java:logGet(43)) - raft.server.log.statemachine.data.sync.timeout = 10s (default)
2019-11-13 19:47:24,817 [pool-47-thread-1] INFO  server.RaftServerConfigKeys (ConfUtils.java:logGet(43)) - raft.server.log.statemachine.data.sync.timeout.retry = -1 (default)
2019-11-13 19:47:24,817 [pool-47-thread-1] INFO  server.RaftServerConfigKeys (ConfUtils.java:logGet(43)) - raft.server.log.statemachine.data.caching.enabled = true (custom)
2019-11-13 19:47:24,818 [pool-47-thread-1] INFO  segmented.SegmentedRaftLogWorker (SegmentedRaftLogWorker.java:lambda$new$0(128)) - 17aeddd7-e61a-46f8-b584-b2ca2adc027c@group-5B1A6A5071D9-SegmentedRaftLogWorker: flushIndex: setUnconditionally 0 -> -1
2019-11-13 19:47:24,818 [pool-47-thread-1] INFO  server.RaftServerConfigKeys (ConfUtils.java:logGet(43)) - raft.server.snapshot.auto.trigger.enabled = true (custom)
2019-11-13 19:47:24,818 [pool-47-thread-1] INFO  server.RaftServerConfigKeys (ConfUtils.java:logGet(43)) - raft.server.snapshot.auto.trigger.threshold = 10000 (custom)
2019-11-13 19:47:24,818 [pool-47-thread-1] INFO  server.RaftServerConfigKeys (ConfUtils.java:logGet(43)) - raft.server.snapshot.retention.file.num = 5 (custom)
2019-11-13 19:47:24,818 [pool-47-thread-1] INFO  server.RaftServerConfigKeys (ConfUtils.java:logGet(43)) - raft.server.retrycache.expirytime = 600000ms (custom)
2019-11-13 19:47:24,818 [pool-47-thread-1] WARN  impl.MetricRegistriesImpl (MetricRegistriesImpl.java:lambda$create$1(61)) - First MetricRegistry has been created without registering reporters. You may need to call MetricRegistries.global().addReportRegistration(...) before.
2019-11-13 19:47:24,819 [pool-47-thread-1] WARN  impl.MetricRegistriesImpl (MetricRegistriesImpl.java:lambda$create$1(61)) - First MetricRegistry has been created without registering reporters. You may need to call MetricRegistries.global().addReportRegistration(...) before.
2019-11-13 19:47:24,819 [pool-47-thread-1] INFO  impl.RaftServerImpl (RaftServerImpl.java:start(184)) - 17aeddd7-e61a-46f8-b584-b2ca2adc027c@group-5B1A6A5071D9: start as a follower, conf=-1: [17aeddd7-e61a-46f8-b584-b2ca2adc027c:192.168.164.219:33406], old=null
2019-11-13 19:47:24,819 [pool-47-thread-1] INFO  impl.RaftServerImpl (RaftServerImpl.java:setRole(173)) - 17aeddd7-e61a-46f8-b584-b2ca2adc027c@group-5B1A6A5071D9: changes role from      null to FOLLOWER at term 0 for startAsFollower
2019-11-13 19:47:24,819 [pool-47-thread-1] INFO  impl.RoleInfo (RoleInfo.java:updateAndGet(143)) - 17aeddd7-e61a-46f8-b584-b2ca2adc027c: start FollowerState
2019-11-13 19:47:24,820 [pool-47-thread-1] INFO  util.JmxRegister (JmxRegister.java:tryRegister(44)) - Successfully registered JMX Bean with object name Ratis:service=RaftServer,group=group-5B1A6A5071D9,id=17aeddd7-e61a-46f8-b584-b2ca2adc027c
2019-11-13 19:47:24,821 [pool-47-thread-1] WARN  impl.MetricRegistriesImpl (MetricRegistriesImpl.java:lambda$create$1(61)) - First MetricRegistry has been created without registering reporters. You may need to call MetricRegistries.global().addReportRegistration(...) before.
2019-11-13 19:47:24,832 [RatisPipelineUtilsThread] INFO  pipeline.PipelineStateManager (PipelineStateManager.java:addPipeline(55)) - Created pipeline Pipeline[ Id: 6737c56d-1105-4b60-8d94-5b1a6a5071d9, Nodes: 17aeddd7-e61a-46f8-b584-b2ca2adc027c{ip: 192.168.164.219, host: pr-hdds-1940-7lghg-363871468, networkLocation: /default-rack, certSerialId: null}, Type:RATIS, Factor:ONE, State:ALLOCATED]
2019-11-13 19:47:24,847 [grpc-default-executor-0] INFO  impl.RaftServerProxy (RaftServerProxy.java:addNew(89)) - b8c81196-debe-4950-9544-de451655d31f: addNew group-685D6D1956A1:[b8c81196-debe-4950-9544-de451655d31f:192.168.164.219:40129] returns group-685D6D1956A1:java.util.concurrent.CompletableFuture@5d71c94c[Not completed]
2019-11-13 19:47:24,860 [pool-37-thread-1] INFO  impl.RaftServerImpl (RaftServerImpl.java:<init>(98)) - b8c81196-debe-4950-9544-de451655d31f: new RaftServerImpl for group-685D6D1956A1:[b8c81196-debe-4950-9544-de451655d31f:192.168.164.219:40129] with ContainerStateMachine:uninitialized
2019-11-13 19:47:24,861 [pool-37-thread-1] INFO  server.RaftServerConfigKeys (ConfUtils.java:logGet(43)) - raft.server.rpc.timeout.min = 5s (custom)
2019-11-13 19:47:24,861 [pool-37-thread-1] INFO  server.RaftServerConfigKeys (ConfUtils.java:logGet(43)) - raft.server.rpc.timeout.max = 5200ms (custom)
2019-11-13 19:47:24,861 [pool-37-thread-1] INFO  server.RaftServerConfigKeys (ConfUtils.java:logGet(43)) - raft.server.rpcslowness.timeout = 120s (custom)
2019-11-13 19:47:24,861 [pool-37-thread-1] INFO  server.RaftServerConfigKeys (ConfUtils.java:logGet(43)) - raft.server.sleep.deviation.threshold = 300 (default)
2019-11-13 19:47:24,861 [pool-37-thread-1] INFO  server.RaftServerConfigKeys (ConfUtils.java:logGet(43)) - raft.server.log.appender.install.snapshot.enabled = false (custom)
2019-11-13 19:47:24,862 [pool-37-thread-1] INFO  impl.RaftServerImpl (ServerState.java:<init>(103)) - b8c81196-debe-4950-9544-de451655d31f@group-685D6D1956A1: ConfigurationManager, init=-1: [b8c81196-debe-4950-9544-de451655d31f:192.168.164.219:40129], old=null, confs=<EMPTY_MAP>
2019-11-13 19:47:24,862 [pool-37-thread-1] INFO  server.RaftServerConfigKeys (ConfUtils.java:logGet(43)) - raft.server.storage.dir = [/workdir/hadoop-ozone/tools/target/test-dir/MiniOzoneClusterImpl-3d16d092-b9b0-488c-8c1c-2b0a872ac8b1/datanode-1/data/ratis] (custom)
2019-11-13 19:47:24,862 [pool-37-thread-1] INFO  server.RaftServerConfigKeys (ConfUtils.java:logGet(43)) - raft.server.log.corruption.policy = EXCEPTION (default)
2019-11-13 19:47:24,862 [pool-37-thread-1] INFO  storage.RaftStorageDirectory (RaftStorageDirectory.java:analyzeStorage(246)) - The storage directory /workdir/hadoop-ozone/tools/target/test-dir/MiniOzoneClusterImpl-3d16d092-b9b0-488c-8c1c-2b0a872ac8b1/datanode-1/data/ratis/389df46d-08d5-462a-a445-685d6d1956a1 does not exist. Creating ...
2019-11-13 19:47:24,877 [pool-37-thread-1] INFO  storage.RaftStorageDirectory (RaftStorageDirectory.java:tryLock(328)) - Lock on /workdir/hadoop-ozone/tools/target/test-dir/MiniOzoneClusterImpl-3d16d092-b9b0-488c-8c1c-2b0a872ac8b1/datanode-1/data/ratis/389df46d-08d5-462a-a445-685d6d1956a1/in_use.lock acquired by nodename 12686@pr-hdds-1940-7lghg-363871468
2019-11-13 19:47:24,889 [pool-37-thread-1] INFO  storage.RaftStorage (RaftStorage.java:format(84)) - Storage directory /workdir/hadoop-ozone/tools/target/test-dir/MiniOzoneClusterImpl-3d16d092-b9b0-488c-8c1c-2b0a872ac8b1/datanode-1/data/ratis/389df46d-08d5-462a-a445-685d6d1956a1 has been successfully formatted.
2019-11-13 19:47:24,890 [pool-37-thread-1] INFO  ratis.ContainerStateMachine (ContainerStateMachine.java:loadSnapshot(223)) - group-685D6D1956A1: The snapshot info is null. Setting the last applied indexto:(t:0, i:~)
2019-11-13 19:47:24,890 [pool-37-thread-1] INFO  server.RaftServerConfigKeys (ConfUtils.java:logGet(43)) - raft.server.notification.no-leader.timeout = 120s (custom)
2019-11-13 19:47:24,890 [pool-37-thread-1] INFO  server.RaftServerConfigKeys (ConfUtils.java:logGet(43)) - raft.server.log.use.memory = false (default)
2019-11-13 19:47:24,890 [pool-37-thread-1] INFO  server.RaftServerConfigKeys (ConfUtils.java:logGet(43)) - raft.server.log.purge.gap = 1000000 (custom)
2019-11-13 19:47:24,891 [pool-37-thread-1] INFO  server.RaftServerConfigKeys (ConfUtils.java:logGet(43)) - raft.server.log.appender.buffer.byte-limit = 33554432 (custom)
2019-11-13 19:47:24,891 [pool-37-thread-1] INFO  server.RaftServerConfigKeys (ConfUtils.java:logGet(43)) - raft.server.log.segment.size.max = 1048576 (custom)
2019-11-13 19:47:24,891 [pool-37-thread-1] WARN  impl.MetricRegistriesImpl (MetricRegistriesImpl.java:lambda$create$1(61)) - First MetricRegistry has been created without registering reporters. You may need to call MetricRegistries.global().addReportRegistration(...) before.
2019-11-13 19:47:24,891 [pool-37-thread-1] INFO  server.RaftServerConfigKeys (ConfUtils.java:logGet(43)) - raft.server.log.segment.cache.num.max = 2 (custom)
2019-11-13 19:47:24,891 [pool-37-thread-1] INFO  segmented.SegmentedRaftLogWorker (SegmentedRaftLogWorker.java:<init>(173)) - new b8c81196-debe-4950-9544-de451655d31f@group-685D6D1956A1-SegmentedRaftLogWorker for RaftStorage:Storage Directory /workdir/hadoop-ozone/tools/target/test-dir/MiniOzoneClusterImpl-3d16d092-b9b0-488c-8c1c-2b0a872ac8b1/datanode-1/data/ratis/389df46d-08d5-462a-a445-685d6d1956a1
2019-11-13 19:47:24,891 [pool-37-thread-1] INFO  server.RaftServerConfigKeys (ConfUtils.java:logGet(43)) - raft.server.log.queue.byte-limit = 2147483647 (custom)
2019-11-13 19:47:24,891 [pool-37-thread-1] INFO  server.RaftServerConfigKeys (ConfUtils.java:logGet(43)) - raft.server.log.queue.element-limit = 1024 (custom)
2019-11-13 19:47:24,892 [pool-37-thread-1] INFO  server.RaftServerConfigKeys (ConfUtils.java:logGet(43)) - raft.server.log.segment.size.max = 1048576 (custom)
2019-11-13 19:47:24,892 [pool-37-thread-1] INFO  server.RaftServerConfigKeys (ConfUtils.java:logGet(43)) - raft.server.log.preallocated.size = 16384 (custom)
2019-11-13 19:47:24,892 [pool-37-thread-1] INFO  server.RaftServerConfigKeys (ConfUtils.java:logGet(43)) - raft.server.log.write.buffer.size = 33554432 (custom)
2019-11-13 19:47:24,892 [pool-37-thread-1] INFO  server.RaftServerConfigKeys (ConfUtils.java:logGet(43)) - raft.server.log.force.sync.num = 128 (default)
2019-11-13 19:47:24,892 [pool-37-thread-1] INFO  server.RaftServerConfigKeys (ConfUtils.java:logGet(43)) - raft.server.log.statemachine.data.sync = true (default)
2019-11-13 19:47:24,892 [pool-37-thread-1] INFO  server.RaftServerConfigKeys (ConfUtils.java:logGet(43)) - raft.server.log.statemachine.data.sync.timeout = 10s (default)
2019-11-13 19:47:24,892 [pool-37-thread-1] INFO  server.RaftServerConfigKeys (ConfUtils.java:logGet(43)) - raft.server.log.statemachine.data.sync.timeout.retry = -1 (default)
2019-11-13 19:47:24,893 [pool-37-thread-1] INFO  server.RaftServerConfigKeys (ConfUtils.java:logGet(43)) - raft.server.log.statemachine.data.caching.enabled = true (custom)
2019-11-13 19:47:24,893 [pool-37-thread-1] INFO  segmented.SegmentedRaftLogWorker (SegmentedRaftLogWorker.java:lambda$new$0(128)) - b8c81196-debe-4950-9544-de451655d31f@group-685D6D1956A1-SegmentedRaftLogWorker: flushIndex: setUnconditionally 0 -> -1
2019-11-13 19:47:24,893 [pool-37-thread-1] INFO  server.RaftServerConfigKeys (ConfUtils.java:logGet(43)) - raft.server.snapshot.auto.trigger.enabled = true (custom)
2019-11-13 19:47:24,894 [pool-37-thread-1] INFO  server.RaftServerConfigKeys (ConfUtils.java:logGet(43)) - raft.server.snapshot.auto.trigger.threshold = 10000 (custom)
2019-11-13 19:47:24,894 [pool-37-thread-1] INFO  server.RaftServerConfigKeys (ConfUtils.java:logGet(43)) - raft.server.snapshot.retention.file.num = 5 (custom)
2019-11-13 19:47:24,894 [pool-37-thread-1] INFO  server.RaftServerConfigKeys (ConfUtils.java:logGet(43)) - raft.server.retrycache.expirytime = 600000ms (custom)
2019-11-13 19:47:24,894 [pool-37-thread-1] WARN  impl.MetricRegistriesImpl (MetricRegistriesImpl.java:lambda$create$1(61)) - First MetricRegistry has been created without registering reporters. You may need to call MetricRegistries.global().addReportRegistration(...) before.
2019-11-13 19:47:24,894 [pool-37-thread-1] WARN  impl.MetricRegistriesImpl (MetricRegistriesImpl.java:lambda$create$1(61)) - First MetricRegistry has been created without registering reporters. You may need to call MetricRegistries.global().addReportRegistration(...) before.
2019-11-13 19:47:24,895 [pool-37-thread-1] INFO  impl.RaftServerImpl (RaftServerImpl.java:start(184)) - b8c81196-debe-4950-9544-de451655d31f@group-685D6D1956A1: start as a follower, conf=-1: [b8c81196-debe-4950-9544-de451655d31f:192.168.164.219:40129], old=null
2019-11-13 19:47:24,895 [pool-37-thread-1] INFO  impl.RaftServerImpl (RaftServerImpl.java:setRole(173)) - b8c81196-debe-4950-9544-de451655d31f@group-685D6D1956A1: changes role from      null to FOLLOWER at term 0 for startAsFollower
2019-11-13 19:47:24,895 [pool-37-thread-1] INFO  impl.RoleInfo (RoleInfo.java:updateAndGet(143)) - b8c81196-debe-4950-9544-de451655d31f: start FollowerState
2019-11-13 19:47:24,895 [pool-37-thread-1] INFO  util.JmxRegister (JmxRegister.java:tryRegister(44)) - Successfully registered JMX Bean with object name Ratis:service=RaftServer,group=group-685D6D1956A1,id=b8c81196-debe-4950-9544-de451655d31f
2019-11-13 19:47:24,896 [pool-37-thread-1] WARN  impl.MetricRegistriesImpl (MetricRegistriesImpl.java:lambda$create$1(61)) - First MetricRegistry has been created without registering reporters. You may need to call MetricRegistries.global().addReportRegistration(...) before.
2019-11-13 19:47:24,905 [RatisPipelineUtilsThread] INFO  pipeline.PipelineStateManager (PipelineStateManager.java:addPipeline(55)) - Created pipeline Pipeline[ Id: 389df46d-08d5-462a-a445-685d6d1956a1, Nodes: b8c81196-debe-4950-9544-de451655d31f{ip: 192.168.164.219, host: pr-hdds-1940-7lghg-363871468, networkLocation: /default-rack, certSerialId: null}, Type:RATIS, Factor:ONE, State:ALLOCATED]
2019-11-13 19:47:24,930 [grpc-default-executor-2] INFO  impl.RaftServerProxy (RaftServerProxy.java:addNew(89)) - b8c81196-debe-4950-9544-de451655d31f: addNew group-7A2B1967B06E:[99a25fb9-47c0-4443-afd7-9fccc5c7cead:192.168.164.219:43664, 17aeddd7-e61a-46f8-b584-b2ca2adc027c:192.168.164.219:33406, b8c81196-debe-4950-9544-de451655d31f:192.168.164.219:40129] returns group-7A2B1967B06E:java.util.concurrent.CompletableFuture@18b8a750[Not completed]
2019-11-13 19:47:24,931 [grpc-default-executor-1] INFO  impl.RaftServerProxy (RaftServerProxy.java:addNew(89)) - 17aeddd7-e61a-46f8-b584-b2ca2adc027c: addNew group-7A2B1967B06E:[99a25fb9-47c0-4443-afd7-9fccc5c7cead:192.168.164.219:43664, 17aeddd7-e61a-46f8-b584-b2ca2adc027c:192.168.164.219:33406, b8c81196-debe-4950-9544-de451655d31f:192.168.164.219:40129] returns group-7A2B1967B06E:java.util.concurrent.CompletableFuture@1af2abe3[Not completed]
2019-11-13 19:47:24,932 [grpc-default-executor-2] INFO  impl.RaftServerProxy (RaftServerProxy.java:addNew(89)) - 99a25fb9-47c0-4443-afd7-9fccc5c7cead: addNew group-7A2B1967B06E:[99a25fb9-47c0-4443-afd7-9fccc5c7cead:192.168.164.219:43664, 17aeddd7-e61a-46f8-b584-b2ca2adc027c:192.168.164.219:33406, b8c81196-debe-4950-9544-de451655d31f:192.168.164.219:40129] returns group-7A2B1967B06E:java.util.concurrent.CompletableFuture@5985ad6b[Not completed]
2019-11-13 19:47:24,933 [pool-37-thread-1] INFO  impl.RaftServerImpl (RaftServerImpl.java:<init>(98)) - b8c81196-debe-4950-9544-de451655d31f: new RaftServerImpl for group-7A2B1967B06E:[99a25fb9-47c0-4443-afd7-9fccc5c7cead:192.168.164.219:43664, 17aeddd7-e61a-46f8-b584-b2ca2adc027c:192.168.164.219:33406, b8c81196-debe-4950-9544-de451655d31f:192.168.164.219:40129] with ContainerStateMachine:uninitialized
2019-11-13 19:47:24,933 [pool-37-thread-1] INFO  server.RaftServerConfigKeys (ConfUtils.java:logGet(43)) - raft.server.rpc.timeout.min = 5s (custom)
2019-11-13 19:47:24,934 [pool-37-thread-1] INFO  server.RaftServerConfigKeys (ConfUtils.java:logGet(43)) - raft.server.rpc.timeout.max = 5200ms (custom)
2019-11-13 19:47:24,934 [pool-37-thread-1] INFO  server.RaftServerConfigKeys (ConfUtils.java:logGet(43)) - raft.server.rpcslowness.timeout = 120s (custom)
2019-11-13 19:47:24,934 [pool-37-thread-1] INFO  server.RaftServerConfigKeys (ConfUtils.java:logGet(43)) - raft.server.sleep.deviation.threshold = 300 (default)
2019-11-13 19:47:24,934 [pool-37-thread-1] INFO  server.RaftServerConfigKeys (ConfUtils.java:logGet(43)) - raft.server.log.appender.install.snapshot.enabled = false (custom)
2019-11-13 19:47:24,934 [pool-27-thread-1] INFO  impl.RaftServerImpl (RaftServerImpl.java:<init>(98)) - 99a25fb9-47c0-4443-afd7-9fccc5c7cead: new RaftServerImpl for group-7A2B1967B06E:[99a25fb9-47c0-4443-afd7-9fccc5c7cead:192.168.164.219:43664, 17aeddd7-e61a-46f8-b584-b2ca2adc027c:192.168.164.219:33406, b8c81196-debe-4950-9544-de451655d31f:192.168.164.219:40129] with ContainerStateMachine:uninitialized
2019-11-13 19:47:24,934 [pool-37-thread-1] INFO  impl.RaftServerImpl (ServerState.java:<init>(103)) - b8c81196-debe-4950-9544-de451655d31f@group-7A2B1967B06E: ConfigurationManager, init=-1: [99a25fb9-47c0-4443-afd7-9fccc5c7cead:192.168.164.219:43664, 17aeddd7-e61a-46f8-b584-b2ca2adc027c:192.168.164.219:33406, b8c81196-debe-4950-9544-de451655d31f:192.168.164.219:40129], old=null, confs=<EMPTY_MAP>
2019-11-13 19:47:24,934 [pool-27-thread-1] INFO  server.RaftServerConfigKeys (ConfUtils.java:logGet(43)) - raft.server.rpc.timeout.min = 5s (custom)
2019-11-13 19:47:24,935 [pool-27-thread-1] INFO  server.RaftServerConfigKeys (ConfUtils.java:logGet(43)) - raft.server.rpc.timeout.max = 5200ms (custom)
2019-11-13 19:47:24,935 [pool-37-thread-1] INFO  server.RaftServerConfigKeys (ConfUtils.java:logGet(43)) - raft.server.storage.dir = [/workdir/hadoop-ozone/tools/target/test-dir/MiniOzoneClusterImpl-3d16d092-b9b0-488c-8c1c-2b0a872ac8b1/datanode-1/data/ratis] (custom)
2019-11-13 19:47:24,935 [pool-27-thread-1] INFO  server.RaftServerConfigKeys (ConfUtils.java:logGet(43)) - raft.server.rpcslowness.timeout = 120s (custom)
2019-11-13 19:47:24,935 [pool-47-thread-1] INFO  impl.RaftServerImpl (RaftServerImpl.java:<init>(98)) - 17aeddd7-e61a-46f8-b584-b2ca2adc027c: new RaftServerImpl for group-7A2B1967B06E:[99a25fb9-47c0-4443-afd7-9fccc5c7cead:192.168.164.219:43664, 17aeddd7-e61a-46f8-b584-b2ca2adc027c:192.168.164.219:33406, b8c81196-debe-4950-9544-de451655d31f:192.168.164.219:40129] with ContainerStateMachine:uninitialized
2019-11-13 19:47:24,935 [pool-27-thread-1] INFO  server.RaftServerConfigKeys (ConfUtils.java:logGet(43)) - raft.server.sleep.deviation.threshold = 300 (default)
2019-11-13 19:47:24,935 [pool-47-thread-1] INFO  server.RaftServerConfigKeys (ConfUtils.java:logGet(43)) - raft.server.rpc.timeout.min = 5s (custom)
2019-11-13 19:47:24,935 [pool-37-thread-1] INFO  server.RaftServerConfigKeys (ConfUtils.java:logGet(43)) - raft.server.log.corruption.policy = EXCEPTION (default)
2019-11-13 19:47:24,936 [pool-47-thread-1] INFO  server.RaftServerConfigKeys (ConfUtils.java:logGet(43)) - raft.server.rpc.timeout.max = 5200ms (custom)
2019-11-13 19:47:24,936 [pool-37-thread-1] INFO  storage.RaftStorageDirectory (RaftStorageDirectory.java:analyzeStorage(246)) - The storage directory /workdir/hadoop-ozone/tools/target/test-dir/MiniOzoneClusterImpl-3d16d092-b9b0-488c-8c1c-2b0a872ac8b1/datanode-1/data/ratis/137c0f37-0ba9-43d6-86e2-7a2b1967b06e does not exist. Creating ...
2019-11-13 19:47:24,936 [pool-27-thread-1] INFO  server.RaftServerConfigKeys (ConfUtils.java:logGet(43)) - raft.server.log.appender.install.snapshot.enabled = false (custom)
2019-11-13 19:47:24,936 [pool-47-thread-1] INFO  server.RaftServerConfigKeys (ConfUtils.java:logGet(43)) - raft.server.rpcslowness.timeout = 120s (custom)
2019-11-13 19:47:24,936 [pool-27-thread-1] INFO  impl.RaftServerImpl (ServerState.java:<init>(103)) - 99a25fb9-47c0-4443-afd7-9fccc5c7cead@group-7A2B1967B06E: ConfigurationManager, init=-1: [99a25fb9-47c0-4443-afd7-9fccc5c7cead:192.168.164.219:43664, 17aeddd7-e61a-46f8-b584-b2ca2adc027c:192.168.164.219:33406, b8c81196-debe-4950-9544-de451655d31f:192.168.164.219:40129], old=null, confs=<EMPTY_MAP>
2019-11-13 19:47:24,937 [pool-47-thread-1] INFO  server.RaftServerConfigKeys (ConfUtils.java:logGet(43)) - raft.server.sleep.deviation.threshold = 300 (default)
2019-11-13 19:47:24,937 [pool-27-thread-1] INFO  server.RaftServerConfigKeys (ConfUtils.java:logGet(43)) - raft.server.storage.dir = [/workdir/hadoop-ozone/tools/target/test-dir/MiniOzoneClusterImpl-3d16d092-b9b0-488c-8c1c-2b0a872ac8b1/datanode-0/data/ratis] (custom)
2019-11-13 19:47:24,937 [pool-47-thread-1] INFO  server.RaftServerConfigKeys (ConfUtils.java:logGet(43)) - raft.server.log.appender.install.snapshot.enabled = false (custom)
2019-11-13 19:47:24,937 [pool-47-thread-1] INFO  impl.RaftServerImpl (ServerState.java:<init>(103)) - 17aeddd7-e61a-46f8-b584-b2ca2adc027c@group-7A2B1967B06E: ConfigurationManager, init=-1: [99a25fb9-47c0-4443-afd7-9fccc5c7cead:192.168.164.219:43664, 17aeddd7-e61a-46f8-b584-b2ca2adc027c:192.168.164.219:33406, b8c81196-debe-4950-9544-de451655d31f:192.168.164.219:40129], old=null, confs=<EMPTY_MAP>
2019-11-13 19:47:24,937 [pool-27-thread-1] INFO  server.RaftServerConfigKeys (ConfUtils.java:logGet(43)) - raft.server.log.corruption.policy = EXCEPTION (default)
2019-11-13 19:47:24,937 [pool-47-thread-1] INFO  server.RaftServerConfigKeys (ConfUtils.java:logGet(43)) - raft.server.storage.dir = [/workdir/hadoop-ozone/tools/target/test-dir/MiniOzoneClusterImpl-3d16d092-b9b0-488c-8c1c-2b0a872ac8b1/datanode-2/data/ratis] (custom)
2019-11-13 19:47:24,938 [pool-27-thread-1] INFO  storage.RaftStorageDirectory (RaftStorageDirectory.java:analyzeStorage(246)) - The storage directory /workdir/hadoop-ozone/tools/target/test-dir/MiniOzoneClusterImpl-3d16d092-b9b0-488c-8c1c-2b0a872ac8b1/datanode-0/data/ratis/137c0f37-0ba9-43d6-86e2-7a2b1967b06e does not exist. Creating ...
2019-11-13 19:47:24,938 [pool-47-thread-1] INFO  server.RaftServerConfigKeys (ConfUtils.java:logGet(43)) - raft.server.log.corruption.policy = EXCEPTION (default)
2019-11-13 19:47:24,938 [pool-47-thread-1] INFO  storage.RaftStorageDirectory (RaftStorageDirectory.java:analyzeStorage(246)) - The storage directory /workdir/hadoop-ozone/tools/target/test-dir/MiniOzoneClusterImpl-3d16d092-b9b0-488c-8c1c-2b0a872ac8b1/datanode-2/data/ratis/137c0f37-0ba9-43d6-86e2-7a2b1967b06e does not exist. Creating ...
2019-11-13 19:47:24,949 [pool-27-thread-1] INFO  storage.RaftStorageDirectory (RaftStorageDirectory.java:tryLock(328)) - Lock on /workdir/hadoop-ozone/tools/target/test-dir/MiniOzoneClusterImpl-3d16d092-b9b0-488c-8c1c-2b0a872ac8b1/datanode-0/data/ratis/137c0f37-0ba9-43d6-86e2-7a2b1967b06e/in_use.lock acquired by nodename 12686@pr-hdds-1940-7lghg-363871468
2019-11-13 19:47:24,949 [pool-47-thread-1] INFO  storage.RaftStorageDirectory (RaftStorageDirectory.java:tryLock(328)) - Lock on /workdir/hadoop-ozone/tools/target/test-dir/MiniOzoneClusterImpl-3d16d092-b9b0-488c-8c1c-2b0a872ac8b1/datanode-2/data/ratis/137c0f37-0ba9-43d6-86e2-7a2b1967b06e/in_use.lock acquired by nodename 12686@pr-hdds-1940-7lghg-363871468
2019-11-13 19:47:24,949 [pool-37-thread-1] INFO  storage.RaftStorageDirectory (RaftStorageDirectory.java:tryLock(328)) - Lock on /workdir/hadoop-ozone/tools/target/test-dir/MiniOzoneClusterImpl-3d16d092-b9b0-488c-8c1c-2b0a872ac8b1/datanode-1/data/ratis/137c0f37-0ba9-43d6-86e2-7a2b1967b06e/in_use.lock acquired by nodename 12686@pr-hdds-1940-7lghg-363871468
2019-11-13 19:47:24,975 [pool-47-thread-1] INFO  storage.RaftStorage (RaftStorage.java:format(84)) - Storage directory /workdir/hadoop-ozone/tools/target/test-dir/MiniOzoneClusterImpl-3d16d092-b9b0-488c-8c1c-2b0a872ac8b1/datanode-2/data/ratis/137c0f37-0ba9-43d6-86e2-7a2b1967b06e has been successfully formatted.
2019-11-13 19:47:24,975 [pool-37-thread-1] INFO  storage.RaftStorage (RaftStorage.java:format(84)) - Storage directory /workdir/hadoop-ozone/tools/target/test-dir/MiniOzoneClusterImpl-3d16d092-b9b0-488c-8c1c-2b0a872ac8b1/datanode-1/data/ratis/137c0f37-0ba9-43d6-86e2-7a2b1967b06e has been successfully formatted.
2019-11-13 19:47:24,975 [pool-27-thread-1] INFO  storage.RaftStorage (RaftStorage.java:format(84)) - Storage directory /workdir/hadoop-ozone/tools/target/test-dir/MiniOzoneClusterImpl-3d16d092-b9b0-488c-8c1c-2b0a872ac8b1/datanode-0/data/ratis/137c0f37-0ba9-43d6-86e2-7a2b1967b06e has been successfully formatted.
2019-11-13 19:47:24,976 [pool-47-thread-1] INFO  ratis.ContainerStateMachine (ContainerStateMachine.java:loadSnapshot(223)) - group-7A2B1967B06E: The snapshot info is null. Setting the last applied indexto:(t:0, i:~)
2019-11-13 19:47:24,976 [pool-37-thread-1] INFO  ratis.ContainerStateMachine (ContainerStateMachine.java:loadSnapshot(223)) - group-7A2B1967B06E: The snapshot info is null. Setting the last applied indexto:(t:0, i:~)
2019-11-13 19:47:24,976 [pool-27-thread-1] INFO  ratis.ContainerStateMachine (ContainerStateMachine.java:loadSnapshot(223)) - group-7A2B1967B06E: The snapshot info is null. Setting the last applied indexto:(t:0, i:~)
2019-11-13 19:47:24,976 [pool-47-thread-1] INFO  server.RaftServerConfigKeys (ConfUtils.java:logGet(43)) - raft.server.notification.no-leader.timeout = 120s (custom)
2019-11-13 19:47:24,976 [pool-27-thread-1] INFO  server.RaftServerConfigKeys (ConfUtils.java:logGet(43)) - raft.server.notification.no-leader.timeout = 120s (custom)
2019-11-13 19:47:24,976 [pool-37-thread-1] INFO  server.RaftServerConfigKeys (ConfUtils.java:logGet(43)) - raft.server.notification.no-leader.timeout = 120s (custom)
2019-11-13 19:47:24,977 [pool-27-thread-1] INFO  server.RaftServerConfigKeys (ConfUtils.java:logGet(43)) - raft.server.log.use.memory = false (default)
2019-11-13 19:47:24,976 [pool-47-thread-1] INFO  server.RaftServerConfigKeys (ConfUtils.java:logGet(43)) - raft.server.log.use.memory = false (default)
2019-11-13 19:47:24,977 [pool-27-thread-1] INFO  server.RaftServerConfigKeys (ConfUtils.java:logGet(43)) - raft.server.log.purge.gap = 1000000 (custom)
2019-11-13 19:47:24,977 [pool-37-thread-1] INFO  server.RaftServerConfigKeys (ConfUtils.java:logGet(43)) - raft.server.log.use.memory = false (default)
2019-11-13 19:47:24,977 [pool-27-thread-1] INFO  server.RaftServerConfigKeys (ConfUtils.java:logGet(43)) - raft.server.log.appender.buffer.byte-limit = 33554432 (custom)
2019-11-13 19:47:24,977 [pool-47-thread-1] INFO  server.RaftServerConfigKeys (ConfUtils.java:logGet(43)) - raft.server.log.purge.gap = 1000000 (custom)
2019-11-13 19:47:24,978 [pool-27-thread-1] INFO  server.RaftServerConfigKeys (ConfUtils.java:logGet(43)) - raft.server.log.segment.size.max = 1048576 (custom)
2019-11-13 19:47:24,978 [pool-37-thread-1] INFO  server.RaftServerConfigKeys (ConfUtils.java:logGet(43)) - raft.server.log.purge.gap = 1000000 (custom)
2019-11-13 19:47:24,978 [pool-27-thread-1] INFO  server.RaftServerConfigKeys (ConfUtils.java:logGet(43)) - raft.server.log.segment.cache.num.max = 2 (custom)
2019-11-13 19:47:24,978 [pool-47-thread-1] INFO  server.RaftServerConfigKeys (ConfUtils.java:logGet(43)) - raft.server.log.appender.buffer.byte-limit = 33554432 (custom)
2019-11-13 19:47:24,978 [pool-27-thread-1] INFO  segmented.SegmentedRaftLogWorker (SegmentedRaftLogWorker.java:<init>(173)) - new 99a25fb9-47c0-4443-afd7-9fccc5c7cead@group-7A2B1967B06E-SegmentedRaftLogWorker for RaftStorage:Storage Directory /workdir/hadoop-ozone/tools/target/test-dir/MiniOzoneClusterImpl-3d16d092-b9b0-488c-8c1c-2b0a872ac8b1/datanode-0/data/ratis/137c0f37-0ba9-43d6-86e2-7a2b1967b06e
2019-11-13 19:47:24,978 [pool-37-thread-1] INFO  server.RaftServerConfigKeys (ConfUtils.java:logGet(43)) - raft.server.log.appender.buffer.byte-limit = 33554432 (custom)
2019-11-13 19:47:24,979 [pool-27-thread-1] INFO  server.RaftServerConfigKeys (ConfUtils.java:logGet(43)) - raft.server.log.queue.byte-limit = 2147483647 (custom)
2019-11-13 19:47:24,978 [pool-47-thread-1] INFO  server.RaftServerConfigKeys (ConfUtils.java:logGet(43)) - raft.server.log.segment.size.max = 1048576 (custom)
2019-11-13 19:47:24,979 [pool-27-thread-1] INFO  server.RaftServerConfigKeys (ConfUtils.java:logGet(43)) - raft.server.log.queue.element-limit = 1024 (custom)
2019-11-13 19:47:24,979 [pool-37-thread-1] INFO  server.RaftServerConfigKeys (ConfUtils.java:logGet(43)) - raft.server.log.segment.size.max = 1048576 (custom)
2019-11-13 19:47:24,979 [pool-27-thread-1] INFO  server.RaftServerConfigKeys (ConfUtils.java:logGet(43)) - raft.server.log.segment.size.max = 1048576 (custom)
2019-11-13 19:47:24,979 [pool-47-thread-1] INFO  server.RaftServerConfigKeys (ConfUtils.java:logGet(43)) - raft.server.log.segment.cache.num.max = 2 (custom)
2019-11-13 19:47:24,980 [pool-27-thread-1] INFO  server.RaftServerConfigKeys (ConfUtils.java:logGet(43)) - raft.server.log.preallocated.size = 16384 (custom)
2019-11-13 19:47:24,980 [pool-37-thread-1] INFO  server.RaftServerConfigKeys (ConfUtils.java:logGet(43)) - raft.server.log.segment.cache.num.max = 2 (custom)
2019-11-13 19:47:24,980 [pool-27-thread-1] INFO  server.RaftServerConfigKeys (ConfUtils.java:logGet(43)) - raft.server.log.write.buffer.size = 33554432 (custom)
2019-11-13 19:47:24,980 [pool-47-thread-1] INFO  segmented.SegmentedRaftLogWorker (SegmentedRaftLogWorker.java:<init>(173)) - new 17aeddd7-e61a-46f8-b584-b2ca2adc027c@group-7A2B1967B06E-SegmentedRaftLogWorker for RaftStorage:Storage Directory /workdir/hadoop-ozone/tools/target/test-dir/MiniOzoneClusterImpl-3d16d092-b9b0-488c-8c1c-2b0a872ac8b1/datanode-2/data/ratis/137c0f37-0ba9-43d6-86e2-7a2b1967b06e
2019-11-13 19:47:24,980 [pool-27-thread-1] INFO  server.RaftServerConfigKeys (ConfUtils.java:logGet(43)) - raft.server.log.force.sync.num = 128 (default)
2019-11-13 19:47:24,980 [pool-37-thread-1] INFO  segmented.SegmentedRaftLogWorker (SegmentedRaftLogWorker.java:<init>(173)) - new b8c81196-debe-4950-9544-de451655d31f@group-7A2B1967B06E-SegmentedRaftLogWorker for RaftStorage:Storage Directory /workdir/hadoop-ozone/tools/target/test-dir/MiniOzoneClusterImpl-3d16d092-b9b0-488c-8c1c-2b0a872ac8b1/datanode-1/data/ratis/137c0f37-0ba9-43d6-86e2-7a2b1967b06e
2019-11-13 19:47:24,981 [pool-27-thread-1] INFO  server.RaftServerConfigKeys (ConfUtils.java:logGet(43)) - raft.server.log.statemachine.data.sync = true (default)
2019-11-13 19:47:24,980 [pool-47-thread-1] INFO  server.RaftServerConfigKeys (ConfUtils.java:logGet(43)) - raft.server.log.queue.byte-limit = 2147483647 (custom)
2019-11-13 19:47:24,981 [pool-27-thread-1] INFO  server.RaftServerConfigKeys (ConfUtils.java:logGet(43)) - raft.server.log.statemachine.data.sync.timeout = 10s (default)
2019-11-13 19:47:24,981 [pool-37-thread-1] INFO  server.RaftServerConfigKeys (ConfUtils.java:logGet(43)) - raft.server.log.queue.byte-limit = 2147483647 (custom)
2019-11-13 19:47:24,981 [pool-27-thread-1] INFO  server.RaftServerConfigKeys (ConfUtils.java:logGet(43)) - raft.server.log.statemachine.data.sync.timeout.retry = -1 (default)
2019-11-13 19:47:24,981 [pool-47-thread-1] INFO  server.RaftServerConfigKeys (ConfUtils.java:logGet(43)) - raft.server.log.queue.element-limit = 1024 (custom)
2019-11-13 19:47:24,982 [pool-37-thread-1] INFO  server.RaftServerConfigKeys (ConfUtils.java:logGet(43)) - raft.server.log.queue.element-limit = 1024 (custom)
2019-11-13 19:47:24,982 [pool-47-thread-1] INFO  server.RaftServerConfigKeys (ConfUtils.java:logGet(43)) - raft.server.log.segment.size.max = 1048576 (custom)
2019-11-13 19:47:24,982 [pool-27-thread-1] INFO  server.RaftServerConfigKeys (ConfUtils.java:logGet(43)) - raft.server.log.statemachine.data.caching.enabled = true (custom)
2019-11-13 19:47:24,982 [pool-47-thread-1] INFO  server.RaftServerConfigKeys (ConfUtils.java:logGet(43)) - raft.server.log.preallocated.size = 16384 (custom)
2019-11-13 19:47:24,982 [pool-37-thread-1] INFO  server.RaftServerConfigKeys (ConfUtils.java:logGet(43)) - raft.server.log.segment.size.max = 1048576 (custom)
2019-11-13 19:47:24,983 [pool-27-thread-1] INFO  segmented.SegmentedRaftLogWorker (SegmentedRaftLogWorker.java:lambda$new$0(128)) - 99a25fb9-47c0-4443-afd7-9fccc5c7cead@group-7A2B1967B06E-SegmentedRaftLogWorker: flushIndex: setUnconditionally 0 -> -1
2019-11-13 19:47:24,983 [pool-47-thread-1] INFO  server.RaftServerConfigKeys (ConfUtils.java:logGet(43)) - raft.server.log.write.buffer.size = 33554432 (custom)
2019-11-13 19:47:24,983 [pool-37-thread-1] INFO  server.RaftServerConfigKeys (ConfUtils.java:logGet(43)) - raft.server.log.preallocated.size = 16384 (custom)
2019-11-13 19:47:24,983 [pool-47-thread-1] INFO  server.RaftServerConfigKeys (ConfUtils.java:logGet(43)) - raft.server.log.force.sync.num = 128 (default)
2019-11-13 19:47:24,983 [pool-37-thread-1] INFO  server.RaftServerConfigKeys (ConfUtils.java:logGet(43)) - raft.server.log.write.buffer.size = 33554432 (custom)
2019-11-13 19:47:24,983 [pool-27-thread-1] INFO  server.RaftServerConfigKeys (ConfUtils.java:logGet(43)) - raft.server.snapshot.auto.trigger.enabled = true (custom)
2019-11-13 19:47:24,984 [pool-37-thread-1] INFO  server.RaftServerConfigKeys (ConfUtils.java:logGet(43)) - raft.server.log.force.sync.num = 128 (default)
2019-11-13 19:47:24,984 [pool-47-thread-1] INFO  server.RaftServerConfigKeys (ConfUtils.java:logGet(43)) - raft.server.log.statemachine.data.sync = true (default)
2019-11-13 19:47:24,984 [pool-37-thread-1] INFO  server.RaftServerConfigKeys (ConfUtils.java:logGet(43)) - raft.server.log.statemachine.data.sync = true (default)
2019-11-13 19:47:24,984 [pool-27-thread-1] INFO  server.RaftServerConfigKeys (ConfUtils.java:logGet(43)) - raft.server.snapshot.auto.trigger.threshold = 10000 (custom)
2019-11-13 19:47:24,984 [pool-37-thread-1] INFO  server.RaftServerConfigKeys (ConfUtils.java:logGet(43)) - raft.server.log.statemachine.data.sync.timeout = 10s (default)
2019-11-13 19:47:24,984 [pool-47-thread-1] INFO  server.RaftServerConfigKeys (ConfUtils.java:logGet(43)) - raft.server.log.statemachine.data.sync.timeout = 10s (default)
2019-11-13 19:47:24,985 [pool-37-thread-1] INFO  server.RaftServerConfigKeys (ConfUtils.java:logGet(43)) - raft.server.log.statemachine.data.sync.timeout.retry = -1 (default)
2019-11-13 19:47:24,985 [pool-27-thread-1] INFO  server.RaftServerConfigKeys (ConfUtils.java:logGet(43)) - raft.server.snapshot.retention.file.num = 5 (custom)
2019-11-13 19:47:24,985 [pool-47-thread-1] INFO  server.RaftServerConfigKeys (ConfUtils.java:logGet(43)) - raft.server.log.statemachine.data.sync.timeout.retry = -1 (default)
2019-11-13 19:47:24,985 [pool-27-thread-1] INFO  server.RaftServerConfigKeys (ConfUtils.java:logGet(43)) - raft.server.retrycache.expirytime = 600000ms (custom)
2019-11-13 19:47:24,985 [pool-37-thread-1] INFO  server.RaftServerConfigKeys (ConfUtils.java:logGet(43)) - raft.server.log.statemachine.data.caching.enabled = true (custom)
2019-11-13 19:47:24,986 [pool-27-thread-1] WARN  impl.MetricRegistriesImpl (MetricRegistriesImpl.java:lambda$create$1(61)) - First MetricRegistry has been created without registering reporters. You may need to call MetricRegistries.global().addReportRegistration(...) before.
2019-11-13 19:47:24,986 [pool-47-thread-1] INFO  server.RaftServerConfigKeys (ConfUtils.java:logGet(43)) - raft.server.log.statemachine.data.caching.enabled = true (custom)
2019-11-13 19:47:24,986 [pool-37-thread-1] INFO  segmented.SegmentedRaftLogWorker (SegmentedRaftLogWorker.java:lambda$new$0(128)) - b8c81196-debe-4950-9544-de451655d31f@group-7A2B1967B06E-SegmentedRaftLogWorker: flushIndex: setUnconditionally 0 -> -1
2019-11-13 19:47:24,986 [pool-27-thread-1] WARN  impl.MetricRegistriesImpl (MetricRegistriesImpl.java:lambda$create$1(61)) - First MetricRegistry has been created without registering reporters. You may need to call MetricRegistries.global().addReportRegistration(...) before.
2019-11-13 19:47:24,986 [pool-47-thread-1] INFO  segmented.SegmentedRaftLogWorker (SegmentedRaftLogWorker.java:lambda$new$0(128)) - 17aeddd7-e61a-46f8-b584-b2ca2adc027c@group-7A2B1967B06E-SegmentedRaftLogWorker: flushIndex: setUnconditionally 0 -> -1
2019-11-13 19:47:24,986 [pool-27-thread-1] INFO  impl.RaftServerImpl (RaftServerImpl.java:start(184)) - 99a25fb9-47c0-4443-afd7-9fccc5c7cead@group-7A2B1967B06E: start as a follower, conf=-1: [99a25fb9-47c0-4443-afd7-9fccc5c7cead:192.168.164.219:43664, 17aeddd7-e61a-46f8-b584-b2ca2adc027c:192.168.164.219:33406, b8c81196-debe-4950-9544-de451655d31f:192.168.164.219:40129], old=null
2019-11-13 19:47:24,986 [pool-37-thread-1] INFO  server.RaftServerConfigKeys (ConfUtils.java:logGet(43)) - raft.server.snapshot.auto.trigger.enabled = true (custom)
2019-11-13 19:47:24,987 [pool-47-thread-1] INFO  server.RaftServerConfigKeys (ConfUtils.java:logGet(43)) - raft.server.snapshot.auto.trigger.enabled = true (custom)
2019-11-13 19:47:24,987 [pool-27-thread-1] INFO  impl.RaftServerImpl (RaftServerImpl.java:setRole(173)) - 99a25fb9-47c0-4443-afd7-9fccc5c7cead@group-7A2B1967B06E: changes role from      null to FOLLOWER at term 0 for startAsFollower
2019-11-13 19:47:24,987 [pool-47-thread-1] INFO  server.RaftServerConfigKeys (ConfUtils.java:logGet(43)) - raft.server.snapshot.auto.trigger.threshold = 10000 (custom)
2019-11-13 19:47:24,987 [pool-37-thread-1] INFO  server.RaftServerConfigKeys (ConfUtils.java:logGet(43)) - raft.server.snapshot.auto.trigger.threshold = 10000 (custom)
2019-11-13 19:47:24,987 [pool-47-thread-1] INFO  server.RaftServerConfigKeys (ConfUtils.java:logGet(43)) - raft.server.snapshot.retention.file.num = 5 (custom)
2019-11-13 19:47:24,987 [pool-27-thread-1] INFO  impl.RoleInfo (RoleInfo.java:updateAndGet(143)) - 99a25fb9-47c0-4443-afd7-9fccc5c7cead: start FollowerState
2019-11-13 19:47:24,988 [pool-47-thread-1] INFO  server.RaftServerConfigKeys (ConfUtils.java:logGet(43)) - raft.server.retrycache.expirytime = 600000ms (custom)
2019-11-13 19:47:24,987 [pool-37-thread-1] INFO  server.RaftServerConfigKeys (ConfUtils.java:logGet(43)) - raft.server.snapshot.retention.file.num = 5 (custom)
2019-11-13 19:47:24,988 [pool-47-thread-1] WARN  impl.MetricRegistriesImpl (MetricRegistriesImpl.java:lambda$create$1(61)) - First MetricRegistry has been created without registering reporters. You may need to call MetricRegistries.global().addReportRegistration(...) before.
2019-11-13 19:47:24,988 [pool-37-thread-1] INFO  server.RaftServerConfigKeys (ConfUtils.java:logGet(43)) - raft.server.retrycache.expirytime = 600000ms (custom)
2019-11-13 19:47:24,988 [pool-27-thread-1] INFO  util.JmxRegister (JmxRegister.java:tryRegister(44)) - Successfully registered JMX Bean with object name Ratis:service=RaftServer,group=group-7A2B1967B06E,id=99a25fb9-47c0-4443-afd7-9fccc5c7cead
2019-11-13 19:47:24,988 [pool-37-thread-1] WARN  impl.MetricRegistriesImpl (MetricRegistriesImpl.java:lambda$create$1(61)) - First MetricRegistry has been created without registering reporters. You may need to call MetricRegistries.global().addReportRegistration(...) before.
2019-11-13 19:47:24,988 [pool-47-thread-1] WARN  impl.MetricRegistriesImpl (MetricRegistriesImpl.java:lambda$create$1(61)) - First MetricRegistry has been created without registering reporters. You may need to call MetricRegistries.global().addReportRegistration(...) before.
2019-11-13 19:47:24,989 [pool-37-thread-1] WARN  impl.MetricRegistriesImpl (MetricRegistriesImpl.java:lambda$create$1(61)) - First MetricRegistry has been created without registering reporters. You may need to call MetricRegistries.global().addReportRegistration(...) before.
2019-11-13 19:47:24,988 [pool-27-thread-1] WARN  impl.MetricRegistriesImpl (MetricRegistriesImpl.java:lambda$create$1(61)) - First MetricRegistry has been created without registering reporters. You may need to call MetricRegistries.global().addReportRegistration(...) before.
2019-11-13 19:47:24,989 [pool-37-thread-1] INFO  impl.RaftServerImpl (RaftServerImpl.java:start(184)) - b8c81196-debe-4950-9544-de451655d31f@group-7A2B1967B06E: start as a follower, conf=-1: [99a25fb9-47c0-4443-afd7-9fccc5c7cead:192.168.164.219:43664, 17aeddd7-e61a-46f8-b584-b2ca2adc027c:192.168.164.219:33406, b8c81196-debe-4950-9544-de451655d31f:192.168.164.219:40129], old=null
2019-11-13 19:47:24,989 [pool-47-thread-1] INFO  impl.RaftServerImpl (RaftServerImpl.java:start(184)) - 17aeddd7-e61a-46f8-b584-b2ca2adc027c@group-7A2B1967B06E: start as a follower, conf=-1: [99a25fb9-47c0-4443-afd7-9fccc5c7cead:192.168.164.219:43664, 17aeddd7-e61a-46f8-b584-b2ca2adc027c:192.168.164.219:33406, b8c81196-debe-4950-9544-de451655d31f:192.168.164.219:40129], old=null
2019-11-13 19:47:24,989 [pool-37-thread-1] INFO  impl.RaftServerImpl (RaftServerImpl.java:setRole(173)) - b8c81196-debe-4950-9544-de451655d31f@group-7A2B1967B06E: changes role from      null to FOLLOWER at term 0 for startAsFollower
2019-11-13 19:47:24,989 [pool-47-thread-1] INFO  impl.RaftServerImpl (RaftServerImpl.java:setRole(173)) - 17aeddd7-e61a-46f8-b584-b2ca2adc027c@group-7A2B1967B06E: changes role from      null to FOLLOWER at term 0 for startAsFollower
2019-11-13 19:47:24,990 [pool-37-thread-1] INFO  impl.RoleInfo (RoleInfo.java:updateAndGet(143)) - b8c81196-debe-4950-9544-de451655d31f: start FollowerState
2019-11-13 19:47:24,990 [pool-47-thread-1] INFO  impl.RoleInfo (RoleInfo.java:updateAndGet(143)) - 17aeddd7-e61a-46f8-b584-b2ca2adc027c: start FollowerState
2019-11-13 19:47:24,991 [pool-37-thread-1] INFO  util.JmxRegister (JmxRegister.java:tryRegister(44)) - Successfully registered JMX Bean with object name Ratis:service=RaftServer,group=group-7A2B1967B06E,id=b8c81196-debe-4950-9544-de451655d31f
2019-11-13 19:47:24,992 [pool-37-thread-1] WARN  impl.MetricRegistriesImpl (MetricRegistriesImpl.java:lambda$create$1(61)) - First MetricRegistry has been created without registering reporters. You may need to call MetricRegistries.global().addReportRegistration(...) before.
2019-11-13 19:47:24,992 [pool-47-thread-1] INFO  util.JmxRegister (JmxRegister.java:tryRegister(44)) - Successfully registered JMX Bean with object name Ratis:service=RaftServer,group=group-7A2B1967B06E,id=17aeddd7-e61a-46f8-b584-b2ca2adc027c
2019-11-13 19:47:24,992 [pool-47-thread-1] WARN  impl.MetricRegistriesImpl (MetricRegistriesImpl.java:lambda$create$1(61)) - First MetricRegistry has been created without registering reporters. You may need to call MetricRegistries.global().addReportRegistration(...) before.
2019-11-13 19:47:25,017 [RatisPipelineUtilsThread] INFO  pipeline.PipelineStateManager (PipelineStateManager.java:addPipeline(55)) - Created pipeline Pipeline[ Id: 137c0f37-0ba9-43d6-86e2-7a2b1967b06e, Nodes: 17aeddd7-e61a-46f8-b584-b2ca2adc027c{ip: 192.168.164.219, host: pr-hdds-1940-7lghg-363871468, networkLocation: /default-rack, certSerialId: null}99a25fb9-47c0-4443-afd7-9fccc5c7cead{ip: 192.168.164.219, host: pr-hdds-1940-7lghg-363871468, networkLocation: /default-rack, certSerialId: null}b8c81196-debe-4950-9544-de451655d31f{ip: 192.168.164.219, host: pr-hdds-1940-7lghg-363871468, networkLocation: /default-rack, certSerialId: null}, Type:RATIS, Factor:THREE, State:ALLOCATED]
2019-11-13 19:47:25,020 [main] INFO  ozone.MiniOzoneClusterImpl (MiniOzoneClusterImpl.java:lambda$waitForClusterToBeReady$2(163)) - Waiting for 4 number of pipelines out of 4, to report a leader.
2019-11-13 19:47:26,021 [main] INFO  ozone.MiniOzoneClusterImpl (MiniOzoneClusterImpl.java:lambda$waitForClusterToBeReady$2(163)) - Waiting for 4 number of pipelines out of 4, to report a leader.
2019-11-13 19:47:27,022 [main] INFO  ozone.MiniOzoneClusterImpl (MiniOzoneClusterImpl.java:lambda$waitForClusterToBeReady$2(163)) - Waiting for 4 number of pipelines out of 4, to report a leader.
2019-11-13 19:47:27,077 [Thread-178] INFO  container.ReplicationManager (ReplicationManager.java:start(162)) - Starting Replication Monitor Thread.
2019-11-13 19:47:27,081 [Thread-178] INFO  pipeline.SCMPipelineManager (SCMPipelineManager.java:finalizeAndDestroyPipeline(315)) - destroying pipeline:Pipeline[ Id: 137c0f37-0ba9-43d6-86e2-7a2b1967b06e, Nodes: 17aeddd7-e61a-46f8-b584-b2ca2adc027c{ip: 192.168.164.219, host: pr-hdds-1940-7lghg-363871468, networkLocation: /default-rack, certSerialId: null}99a25fb9-47c0-4443-afd7-9fccc5c7cead{ip: 192.168.164.219, host: pr-hdds-1940-7lghg-363871468, networkLocation: /default-rack, certSerialId: null}b8c81196-debe-4950-9544-de451655d31f{ip: 192.168.164.219, host: pr-hdds-1940-7lghg-363871468, networkLocation: /default-rack, certSerialId: null}, Type:RATIS, Factor:THREE, State:ALLOCATED]
2019-11-13 19:47:27,081 [ReplicationMonitor] INFO  container.ReplicationManager (ReplicationManager.java:run(225)) - Replication Monitor Thread took 1 milliseconds for processing 0 containers.
2019-11-13 19:47:27,082 [Thread-178] INFO  pipeline.PipelineStateManager (PipelineStateManager.java:finalizePipeline(121)) - Pipeline Pipeline[ Id: 137c0f37-0ba9-43d6-86e2-7a2b1967b06e, Nodes: 17aeddd7-e61a-46f8-b584-b2ca2adc027c{ip: 192.168.164.219, host: pr-hdds-1940-7lghg-363871468, networkLocation: /default-rack, certSerialId: null}99a25fb9-47c0-4443-afd7-9fccc5c7cead{ip: 192.168.164.219, host: pr-hdds-1940-7lghg-363871468, networkLocation: /default-rack, certSerialId: null}b8c81196-debe-4950-9544-de451655d31f{ip: 192.168.164.219, host: pr-hdds-1940-7lghg-363871468, networkLocation: /default-rack, certSerialId: null}, Type:RATIS, Factor:THREE, State:CLOSED] moved to CLOSED state
2019-11-13 19:47:27,112 [grpc-default-executor-2] INFO  impl.RaftServerProxy (RaftServerProxy.java:remove(95)) - 17aeddd7-e61a-46f8-b584-b2ca2adc027c: remove  FOLLOWER 17aeddd7-e61a-46f8-b584-b2ca2adc027c@group-7A2B1967B06E:t0, leader=null, voted=null, raftlog=17aeddd7-e61a-46f8-b584-b2ca2adc027c@group-7A2B1967B06E-SegmentedRaftLog:OPENED:c-1,f-1,i0, conf=-1: [99a25fb9-47c0-4443-afd7-9fccc5c7cead:192.168.164.219:43664, 17aeddd7-e61a-46f8-b584-b2ca2adc027c:192.168.164.219:33406, b8c81196-debe-4950-9544-de451655d31f:192.168.164.219:40129], old=null RUNNING
2019-11-13 19:47:27,116 [grpc-default-executor-2] INFO  impl.RaftServerImpl (RaftServerImpl.java:lambda$shutdown$3(250)) - 17aeddd7-e61a-46f8-b584-b2ca2adc027c@group-7A2B1967B06E: shutdown
2019-11-13 19:47:27,116 [grpc-default-executor-2] INFO  util.JmxRegister (JmxRegister.java:unregister(73)) - Successfully un-registered JMX Bean with object name Ratis:service=RaftServer,group=group-7A2B1967B06E,id=17aeddd7-e61a-46f8-b584-b2ca2adc027c
2019-11-13 19:47:27,116 [grpc-default-executor-2] INFO  impl.RoleInfo (RoleInfo.java:shutdownFollowerState(121)) - 17aeddd7-e61a-46f8-b584-b2ca2adc027c: shutdown FollowerState
2019-11-13 19:47:27,117 [grpc-default-executor-2] INFO  impl.StateMachineUpdater (StateMachineUpdater.java:stopAndJoin(136)) - 17aeddd7-e61a-46f8-b584-b2ca2adc027c@group-7A2B1967B06E-StateMachineUpdater: set stopIndex = -1
2019-11-13 19:47:27,117 [Thread-194] INFO  impl.FollowerState (FollowerState.java:run(120)) - 17aeddd7-e61a-46f8-b584-b2ca2adc027c@group-7A2B1967B06E-FollowerState was interrupted: java.lang.InterruptedException: sleep interrupted
2019-11-13 19:47:27,119 [grpc-default-executor-2] INFO  impl.RaftServerImpl (ServerState.java:close(387)) - 17aeddd7-e61a-46f8-b584-b2ca2adc027c@group-7A2B1967B06E: closes. applyIndex: -1
2019-11-13 19:47:27,124 [17aeddd7-e61a-46f8-b584-b2ca2adc027c@group-7A2B1967B06E-SegmentedRaftLogWorker] INFO  segmented.SegmentedRaftLogWorker (SegmentedRaftLogWorker.java:run(316)) - 17aeddd7-e61a-46f8-b584-b2ca2adc027c@group-7A2B1967B06E-SegmentedRaftLogWorker was interrupted, exiting. There are 0 tasks remaining in the queue.
2019-11-13 19:47:27,125 [grpc-default-executor-2] INFO  segmented.SegmentedRaftLogWorker (SegmentedRaftLogWorker.java:close(224)) - 17aeddd7-e61a-46f8-b584-b2ca2adc027c@group-7A2B1967B06E-SegmentedRaftLogWorker close()
2019-11-13 19:47:27,160 [grpc-default-executor-2] INFO  impl.RaftServerProxy (RaftServerProxy.java:remove(95)) - 99a25fb9-47c0-4443-afd7-9fccc5c7cead: remove  FOLLOWER 99a25fb9-47c0-4443-afd7-9fccc5c7cead@group-7A2B1967B06E:t0, leader=null, voted=null, raftlog=99a25fb9-47c0-4443-afd7-9fccc5c7cead@group-7A2B1967B06E-SegmentedRaftLog:OPENED:c-1,f-1,i0, conf=-1: [99a25fb9-47c0-4443-afd7-9fccc5c7cead:192.168.164.219:43664, 17aeddd7-e61a-46f8-b584-b2ca2adc027c:192.168.164.219:33406, b8c81196-debe-4950-9544-de451655d31f:192.168.164.219:40129], old=null RUNNING
2019-11-13 19:47:27,161 [grpc-default-executor-2] INFO  impl.RaftServerImpl (RaftServerImpl.java:lambda$shutdown$3(250)) - 99a25fb9-47c0-4443-afd7-9fccc5c7cead@group-7A2B1967B06E: shutdown
2019-11-13 19:47:27,161 [grpc-default-executor-2] INFO  util.JmxRegister (JmxRegister.java:unregister(73)) - Successfully un-registered JMX Bean with object name Ratis:service=RaftServer,group=group-7A2B1967B06E,id=99a25fb9-47c0-4443-afd7-9fccc5c7cead
2019-11-13 19:47:27,161 [grpc-default-executor-2] INFO  impl.RoleInfo (RoleInfo.java:shutdownFollowerState(121)) - 99a25fb9-47c0-4443-afd7-9fccc5c7cead: shutdown FollowerState
2019-11-13 19:47:27,162 [grpc-default-executor-2] INFO  impl.StateMachineUpdater (StateMachineUpdater.java:stopAndJoin(136)) - 99a25fb9-47c0-4443-afd7-9fccc5c7cead@group-7A2B1967B06E-StateMachineUpdater: set stopIndex = -1
2019-11-13 19:47:27,162 [Thread-189] INFO  impl.FollowerState (FollowerState.java:run(120)) - 99a25fb9-47c0-4443-afd7-9fccc5c7cead@group-7A2B1967B06E-FollowerState was interrupted: java.lang.InterruptedException: sleep interrupted
2019-11-13 19:47:27,164 [grpc-default-executor-2] INFO  impl.RaftServerImpl (ServerState.java:close(387)) - 99a25fb9-47c0-4443-afd7-9fccc5c7cead@group-7A2B1967B06E: closes. applyIndex: -1
2019-11-13 19:47:27,165 [99a25fb9-47c0-4443-afd7-9fccc5c7cead@group-7A2B1967B06E-SegmentedRaftLogWorker] INFO  segmented.SegmentedRaftLogWorker (SegmentedRaftLogWorker.java:run(316)) - 99a25fb9-47c0-4443-afd7-9fccc5c7cead@group-7A2B1967B06E-SegmentedRaftLogWorker was interrupted, exiting. There are 0 tasks remaining in the queue.
2019-11-13 19:47:27,165 [grpc-default-executor-2] INFO  segmented.SegmentedRaftLogWorker (SegmentedRaftLogWorker.java:close(224)) - 99a25fb9-47c0-4443-afd7-9fccc5c7cead@group-7A2B1967B06E-SegmentedRaftLogWorker close()
2019-11-13 19:47:27,187 [grpc-default-executor-2] INFO  impl.RaftServerProxy (RaftServerProxy.java:remove(95)) - b8c81196-debe-4950-9544-de451655d31f: remove  FOLLOWER b8c81196-debe-4950-9544-de451655d31f@group-7A2B1967B06E:t0, leader=null, voted=null, raftlog=b8c81196-debe-4950-9544-de451655d31f@group-7A2B1967B06E-SegmentedRaftLog:OPENED:c-1,f-1,i0, conf=-1: [99a25fb9-47c0-4443-afd7-9fccc5c7cead:192.168.164.219:43664, 17aeddd7-e61a-46f8-b584-b2ca2adc027c:192.168.164.219:33406, b8c81196-debe-4950-9544-de451655d31f:192.168.164.219:40129], old=null RUNNING
2019-11-13 19:47:27,187 [grpc-default-executor-2] INFO  impl.RaftServerImpl (RaftServerImpl.java:lambda$shutdown$3(250)) - b8c81196-debe-4950-9544-de451655d31f@group-7A2B1967B06E: shutdown
2019-11-13 19:47:27,187 [grpc-default-executor-2] INFO  util.JmxRegister (JmxRegister.java:unregister(73)) - Successfully un-registered JMX Bean with object name Ratis:service=RaftServer,group=group-7A2B1967B06E,id=b8c81196-debe-4950-9544-de451655d31f
2019-11-13 19:47:27,187 [grpc-default-executor-2] INFO  impl.RoleInfo (RoleInfo.java:shutdownFollowerState(121)) - b8c81196-debe-4950-9544-de451655d31f: shutdown FollowerState
2019-11-13 19:47:27,188 [grpc-default-executor-2] INFO  impl.StateMachineUpdater (StateMachineUpdater.java:stopAndJoin(136)) - b8c81196-debe-4950-9544-de451655d31f@group-7A2B1967B06E-StateMachineUpdater: set stopIndex = -1
2019-11-13 19:47:27,188 [Thread-193] INFO  impl.FollowerState (FollowerState.java:run(120)) - b8c81196-debe-4950-9544-de451655d31f@group-7A2B1967B06E-FollowerState was interrupted: java.lang.InterruptedException: sleep interrupted
2019-11-13 19:47:27,189 [grpc-default-executor-2] INFO  impl.RaftServerImpl (ServerState.java:close(387)) - b8c81196-debe-4950-9544-de451655d31f@group-7A2B1967B06E: closes. applyIndex: -1
2019-11-13 19:47:27,190 [b8c81196-debe-4950-9544-de451655d31f@group-7A2B1967B06E-SegmentedRaftLogWorker] INFO  segmented.SegmentedRaftLogWorker (SegmentedRaftLogWorker.java:run(316)) - b8c81196-debe-4950-9544-de451655d31f@group-7A2B1967B06E-SegmentedRaftLogWorker was interrupted, exiting. There are 0 tasks remaining in the queue.
2019-11-13 19:47:27,190 [grpc-default-executor-2] INFO  segmented.SegmentedRaftLogWorker (SegmentedRaftLogWorker.java:close(224)) - b8c81196-debe-4950-9544-de451655d31f@group-7A2B1967B06E-SegmentedRaftLogWorker close()
2019-11-13 19:47:27,200 [Thread-178] INFO  pipeline.PipelineStateManager (PipelineStateManager.java:removePipeline(106)) - Pipeline Pipeline[ Id: 137c0f37-0ba9-43d6-86e2-7a2b1967b06e, Nodes: 17aeddd7-e61a-46f8-b584-b2ca2adc027c{ip: 192.168.164.219, host: pr-hdds-1940-7lghg-363871468, networkLocation: /default-rack, certSerialId: null}99a25fb9-47c0-4443-afd7-9fccc5c7cead{ip: 192.168.164.219, host: pr-hdds-1940-7lghg-363871468, networkLocation: /default-rack, certSerialId: null}b8c81196-debe-4950-9544-de451655d31f{ip: 192.168.164.219, host: pr-hdds-1940-7lghg-363871468, networkLocation: /default-rack, certSerialId: null}, Type:RATIS, Factor:THREE, State:CLOSED] removed from db
2019-11-13 19:47:27,203 [Thread-178] INFO  pipeline.SCMPipelineManager (SCMPipelineManager.java:finalizeAndDestroyPipeline(315)) - destroying pipeline:Pipeline[ Id: 9c6163eb-8d67-4142-a73e-d9398e60d30e, Nodes: 99a25fb9-47c0-4443-afd7-9fccc5c7cead{ip: 192.168.164.219, host: pr-hdds-1940-7lghg-363871468, networkLocation: /default-rack, certSerialId: null}, Type:RATIS, Factor:ONE, State:ALLOCATED]
2019-11-13 19:47:27,224 [grpc-default-executor-0] INFO  impl.RaftServerProxy (RaftServerProxy.java:addNew(89)) - b8c81196-debe-4950-9544-de451655d31f: addNew group-013DB60B82FB:[99a25fb9-47c0-4443-afd7-9fccc5c7cead:192.168.164.219:43664, 17aeddd7-e61a-46f8-b584-b2ca2adc027c:192.168.164.219:33406, b8c81196-debe-4950-9544-de451655d31f:192.168.164.219:40129] returns group-013DB60B82FB:java.util.concurrent.CompletableFuture@65974fcf[Not completed]
2019-11-13 19:47:27,225 [grpc-default-executor-1] INFO  impl.RaftServerProxy (RaftServerProxy.java:addNew(89)) - 99a25fb9-47c0-4443-afd7-9fccc5c7cead: addNew group-013DB60B82FB:[99a25fb9-47c0-4443-afd7-9fccc5c7cead:192.168.164.219:43664, 17aeddd7-e61a-46f8-b584-b2ca2adc027c:192.168.164.219:33406, b8c81196-debe-4950-9544-de451655d31f:192.168.164.219:40129] returns group-013DB60B82FB:java.util.concurrent.CompletableFuture@5bcfa1d8[Not completed]
2019-11-13 19:47:27,225 [grpc-default-executor-2] INFO  impl.RaftServerProxy (RaftServerProxy.java:addNew(89)) - 17aeddd7-e61a-46f8-b584-b2ca2adc027c: addNew group-013DB60B82FB:[99a25fb9-47c0-4443-afd7-9fccc5c7cead:192.168.164.219:43664, 17aeddd7-e61a-46f8-b584-b2ca2adc027c:192.168.164.219:33406, b8c81196-debe-4950-9544-de451655d31f:192.168.164.219:40129] returns group-013DB60B82FB:java.util.concurrent.CompletableFuture@59f0ed43[Not completed]
2019-11-13 19:47:27,230 [pool-37-thread-1] INFO  impl.RaftServerImpl (RaftServerImpl.java:<init>(98)) - b8c81196-debe-4950-9544-de451655d31f: new RaftServerImpl for group-013DB60B82FB:[99a25fb9-47c0-4443-afd7-9fccc5c7cead:192.168.164.219:43664, 17aeddd7-e61a-46f8-b584-b2ca2adc027c:192.168.164.219:33406, b8c81196-debe-4950-9544-de451655d31f:192.168.164.219:40129] with ContainerStateMachine:uninitialized
2019-11-13 19:47:27,230 [pool-37-thread-1] INFO  server.RaftServerConfigKeys (ConfUtils.java:logGet(43)) - raft.server.rpc.timeout.min = 5s (custom)
2019-11-13 19:47:27,231 [pool-37-thread-1] INFO  server.RaftServerConfigKeys (ConfUtils.java:logGet(43)) - raft.server.rpc.timeout.max = 5200ms (custom)
2019-11-13 19:47:27,231 [pool-37-thread-1] INFO  server.RaftServerConfigKeys (ConfUtils.java:logGet(43)) - raft.server.rpcslowness.timeout = 120s (custom)
2019-11-13 19:47:27,231 [pool-37-thread-1] INFO  server.RaftServerConfigKeys (ConfUtils.java:logGet(43)) - raft.server.sleep.deviation.threshold = 300 (default)
2019-11-13 19:47:27,231 [pool-47-thread-1] INFO  impl.RaftServerImpl (RaftServerImpl.java:<init>(98)) - 17aeddd7-e61a-46f8-b584-b2ca2adc027c: new RaftServerImpl for group-013DB60B82FB:[99a25fb9-47c0-4443-afd7-9fccc5c7cead:192.168.164.219:43664, 17aeddd7-e61a-46f8-b584-b2ca2adc027c:192.168.164.219:33406, b8c81196-debe-4950-9544-de451655d31f:192.168.164.219:40129] with ContainerStateMachine:uninitialized
2019-11-13 19:47:27,231 [pool-37-thread-1] INFO  server.RaftServerConfigKeys (ConfUtils.java:logGet(43)) - raft.server.log.appender.install.snapshot.enabled = false (custom)
2019-11-13 19:47:27,231 [pool-47-thread-1] INFO  server.RaftServerConfigKeys (ConfUtils.java:logGet(43)) - raft.server.rpc.timeout.min = 5s (custom)
2019-11-13 19:47:27,232 [pool-37-thread-1] INFO  impl.RaftServerImpl (ServerState.java:<init>(103)) - b8c81196-debe-4950-9544-de451655d31f@group-013DB60B82FB: ConfigurationManager, init=-1: [99a25fb9-47c0-4443-afd7-9fccc5c7cead:192.168.164.219:43664, 17aeddd7-e61a-46f8-b584-b2ca2adc027c:192.168.164.219:33406, b8c81196-debe-4950-9544-de451655d31f:192.168.164.219:40129], old=null, confs=<EMPTY_MAP>
2019-11-13 19:47:27,232 [pool-47-thread-1] INFO  server.RaftServerConfigKeys (ConfUtils.java:logGet(43)) - raft.server.rpc.timeout.max = 5200ms (custom)
2019-11-13 19:47:27,232 [pool-47-thread-1] INFO  server.RaftServerConfigKeys (ConfUtils.java:logGet(43)) - raft.server.rpcslowness.timeout = 120s (custom)
2019-11-13 19:47:27,232 [pool-37-thread-1] INFO  server.RaftServerConfigKeys (ConfUtils.java:logGet(43)) - raft.server.storage.dir = [/workdir/hadoop-ozone/tools/target/test-dir/MiniOzoneClusterImpl-3d16d092-b9b0-488c-8c1c-2b0a872ac8b1/datanode-1/data/ratis] (custom)
2019-11-13 19:47:27,232 [pool-47-thread-1] INFO  server.RaftServerConfigKeys (ConfUtils.java:logGet(43)) - raft.server.sleep.deviation.threshold = 300 (default)
2019-11-13 19:47:27,232 [pool-27-thread-1] INFO  impl.RaftServerImpl (RaftServerImpl.java:<init>(98)) - 99a25fb9-47c0-4443-afd7-9fccc5c7cead: new RaftServerImpl for group-013DB60B82FB:[99a25fb9-47c0-4443-afd7-9fccc5c7cead:192.168.164.219:43664, 17aeddd7-e61a-46f8-b584-b2ca2adc027c:192.168.164.219:33406, b8c81196-debe-4950-9544-de451655d31f:192.168.164.219:40129] with ContainerStateMachine:uninitialized
2019-11-13 19:47:27,232 [pool-47-thread-1] INFO  server.RaftServerConfigKeys (ConfUtils.java:logGet(43)) - raft.server.log.appender.install.snapshot.enabled = false (custom)
2019-11-13 19:47:27,233 [pool-27-thread-1] INFO  server.RaftServerConfigKeys (ConfUtils.java:logGet(43)) - raft.server.rpc.timeout.min = 5s (custom)
2019-11-13 19:47:27,233 [pool-47-thread-1] INFO  impl.RaftServerImpl (ServerState.java:<init>(103)) - 17aeddd7-e61a-46f8-b584-b2ca2adc027c@group-013DB60B82FB: ConfigurationManager, init=-1: [99a25fb9-47c0-4443-afd7-9fccc5c7cead:192.168.164.219:43664, 17aeddd7-e61a-46f8-b584-b2ca2adc027c:192.168.164.219:33406, b8c81196-debe-4950-9544-de451655d31f:192.168.164.219:40129], old=null, confs=<EMPTY_MAP>
2019-11-13 19:47:27,233 [pool-37-thread-1] INFO  server.RaftServerConfigKeys (ConfUtils.java:logGet(43)) - raft.server.log.corruption.policy = EXCEPTION (default)
2019-11-13 19:47:27,233 [pool-47-thread-1] INFO  server.RaftServerConfigKeys (ConfUtils.java:logGet(43)) - raft.server.storage.dir = [/workdir/hadoop-ozone/tools/target/test-dir/MiniOzoneClusterImpl-3d16d092-b9b0-488c-8c1c-2b0a872ac8b1/datanode-2/data/ratis] (custom)
2019-11-13 19:47:27,233 [pool-27-thread-1] INFO  server.RaftServerConfigKeys (ConfUtils.java:logGet(43)) - raft.server.rpc.timeout.max = 5200ms (custom)
2019-11-13 19:47:27,233 [pool-37-thread-1] INFO  storage.RaftStorageDirectory (RaftStorageDirectory.java:analyzeStorage(246)) - The storage directory /workdir/hadoop-ozone/tools/target/test-dir/MiniOzoneClusterImpl-3d16d092-b9b0-488c-8c1c-2b0a872ac8b1/datanode-1/data/ratis/ffcbeb03-4342-4610-83d4-013db60b82fb does not exist. Creating ...
2019-11-13 19:47:27,233 [pool-47-thread-1] INFO  server.RaftServerConfigKeys (ConfUtils.java:logGet(43)) - raft.server.log.corruption.policy = EXCEPTION (default)
2019-11-13 19:47:27,233 [pool-27-thread-1] INFO  server.RaftServerConfigKeys (ConfUtils.java:logGet(43)) - raft.server.rpcslowness.timeout = 120s (custom)
2019-11-13 19:47:27,234 [pool-47-thread-1] INFO  storage.RaftStorageDirectory (RaftStorageDirectory.java:analyzeStorage(246)) - The storage directory /workdir/hadoop-ozone/tools/target/test-dir/MiniOzoneClusterImpl-3d16d092-b9b0-488c-8c1c-2b0a872ac8b1/datanode-2/data/ratis/ffcbeb03-4342-4610-83d4-013db60b82fb does not exist. Creating ...
2019-11-13 19:47:27,234 [pool-27-thread-1] INFO  server.RaftServerConfigKeys (ConfUtils.java:logGet(43)) - raft.server.sleep.deviation.threshold = 300 (default)
2019-11-13 19:47:27,234 [pool-27-thread-1] INFO  server.RaftServerConfigKeys (ConfUtils.java:logGet(43)) - raft.server.log.appender.install.snapshot.enabled = false (custom)
2019-11-13 19:47:27,234 [pool-27-thread-1] INFO  impl.RaftServerImpl (ServerState.java:<init>(103)) - 99a25fb9-47c0-4443-afd7-9fccc5c7cead@group-013DB60B82FB: ConfigurationManager, init=-1: [99a25fb9-47c0-4443-afd7-9fccc5c7cead:192.168.164.219:43664, 17aeddd7-e61a-46f8-b584-b2ca2adc027c:192.168.164.219:33406, b8c81196-debe-4950-9544-de451655d31f:192.168.164.219:40129], old=null, confs=<EMPTY_MAP>
2019-11-13 19:47:27,235 [pool-27-thread-1] INFO  server.RaftServerConfigKeys (ConfUtils.java:logGet(43)) - raft.server.storage.dir = [/workdir/hadoop-ozone/tools/target/test-dir/MiniOzoneClusterImpl-3d16d092-b9b0-488c-8c1c-2b0a872ac8b1/datanode-0/data/ratis] (custom)
2019-11-13 19:47:27,235 [pool-27-thread-1] INFO  server.RaftServerConfigKeys (ConfUtils.java:logGet(43)) - raft.server.log.corruption.policy = EXCEPTION (default)
2019-11-13 19:47:27,235 [pool-27-thread-1] INFO  storage.RaftStorageDirectory (RaftStorageDirectory.java:analyzeStorage(246)) - The storage directory /workdir/hadoop-ozone/tools/target/test-dir/MiniOzoneClusterImpl-3d16d092-b9b0-488c-8c1c-2b0a872ac8b1/datanode-0/data/ratis/ffcbeb03-4342-4610-83d4-013db60b82fb does not exist. Creating ...
2019-11-13 19:47:27,260 [pool-47-thread-1] INFO  storage.RaftStorageDirectory (RaftStorageDirectory.java:tryLock(328)) - Lock on /workdir/hadoop-ozone/tools/target/test-dir/MiniOzoneClusterImpl-3d16d092-b9b0-488c-8c1c-2b0a872ac8b1/datanode-2/data/ratis/ffcbeb03-4342-4610-83d4-013db60b82fb/in_use.lock acquired by nodename 12686@pr-hdds-1940-7lghg-363871468
2019-11-13 19:47:27,260 [pool-27-thread-1] INFO  storage.RaftStorageDirectory (RaftStorageDirectory.java:tryLock(328)) - Lock on /workdir/hadoop-ozone/tools/target/test-dir/MiniOzoneClusterImpl-3d16d092-b9b0-488c-8c1c-2b0a872ac8b1/datanode-0/data/ratis/ffcbeb03-4342-4610-83d4-013db60b82fb/in_use.lock acquired by nodename 12686@pr-hdds-1940-7lghg-363871468
2019-11-13 19:47:27,260 [pool-37-thread-1] INFO  storage.RaftStorageDirectory (RaftStorageDirectory.java:tryLock(328)) - Lock on /workdir/hadoop-ozone/tools/target/test-dir/MiniOzoneClusterImpl-3d16d092-b9b0-488c-8c1c-2b0a872ac8b1/datanode-1/data/ratis/ffcbeb03-4342-4610-83d4-013db60b82fb/in_use.lock acquired by nodename 12686@pr-hdds-1940-7lghg-363871468
2019-11-13 19:47:27,286 [pool-37-thread-1] INFO  storage.RaftStorage (RaftStorage.java:format(84)) - Storage directory /workdir/hadoop-ozone/tools/target/test-dir/MiniOzoneClusterImpl-3d16d092-b9b0-488c-8c1c-2b0a872ac8b1/datanode-1/data/ratis/ffcbeb03-4342-4610-83d4-013db60b82fb has been successfully formatted.
2019-11-13 19:47:27,286 [pool-27-thread-1] INFO  storage.RaftStorage (RaftStorage.java:format(84)) - Storage directory /workdir/hadoop-ozone/tools/target/test-dir/MiniOzoneClusterImpl-3d16d092-b9b0-488c-8c1c-2b0a872ac8b1/datanode-0/data/ratis/ffcbeb03-4342-4610-83d4-013db60b82fb has been successfully formatted.
2019-11-13 19:47:27,286 [pool-47-thread-1] INFO  storage.RaftStorage (RaftStorage.java:format(84)) - Storage directory /workdir/hadoop-ozone/tools/target/test-dir/MiniOzoneClusterImpl-3d16d092-b9b0-488c-8c1c-2b0a872ac8b1/datanode-2/data/ratis/ffcbeb03-4342-4610-83d4-013db60b82fb has been successfully formatted.
2019-11-13 19:47:27,287 [pool-37-thread-1] INFO  ratis.ContainerStateMachine (ContainerStateMachine.java:loadSnapshot(223)) - group-013DB60B82FB: The snapshot info is null. Setting the last applied indexto:(t:0, i:~)
2019-11-13 19:47:27,287 [pool-27-thread-1] INFO  ratis.ContainerStateMachine (ContainerStateMachine.java:loadSnapshot(223)) - group-013DB60B82FB: The snapshot info is null. Setting the last applied indexto:(t:0, i:~)
2019-11-13 19:47:27,287 [pool-37-thread-1] INFO  server.RaftServerConfigKeys (ConfUtils.java:logGet(43)) - raft.server.notification.no-leader.timeout = 120s (custom)
2019-11-13 19:47:27,287 [pool-47-thread-1] INFO  ratis.ContainerStateMachine (ContainerStateMachine.java:loadSnapshot(223)) - group-013DB60B82FB: The snapshot info is null. Setting the last applied indexto:(t:0, i:~)
2019-11-13 19:47:27,287 [pool-37-thread-1] INFO  server.RaftServerConfigKeys (ConfUtils.java:logGet(43)) - raft.server.log.use.memory = false (default)
2019-11-13 19:47:27,287 [pool-27-thread-1] INFO  server.RaftServerConfigKeys (ConfUtils.java:logGet(43)) - raft.server.notification.no-leader.timeout = 120s (custom)
2019-11-13 19:47:27,288 [pool-37-thread-1] INFO  server.RaftServerConfigKeys (ConfUtils.java:logGet(43)) - raft.server.log.purge.gap = 1000000 (custom)
2019-11-13 19:47:27,287 [pool-47-thread-1] INFO  server.RaftServerConfigKeys (ConfUtils.java:logGet(43)) - raft.server.notification.no-leader.timeout = 120s (custom)
2019-11-13 19:47:27,288 [pool-37-thread-1] INFO  server.RaftServerConfigKeys (ConfUtils.java:logGet(43)) - raft.server.log.appender.buffer.byte-limit = 33554432 (custom)
2019-11-13 19:47:27,288 [pool-27-thread-1] INFO  server.RaftServerConfigKeys (ConfUtils.java:logGet(43)) - raft.server.log.use.memory = false (default)
2019-11-13 19:47:27,288 [pool-37-thread-1] INFO  server.RaftServerConfigKeys (ConfUtils.java:logGet(43)) - raft.server.log.segment.size.max = 1048576 (custom)
2019-11-13 19:47:27,288 [pool-47-thread-1] INFO  server.RaftServerConfigKeys (ConfUtils.java:logGet(43)) - raft.server.log.use.memory = false (default)
2019-11-13 19:47:27,289 [pool-37-thread-1] INFO  server.RaftServerConfigKeys (ConfUtils.java:logGet(43)) - raft.server.log.segment.cache.num.max = 2 (custom)
2019-11-13 19:47:27,288 [pool-27-thread-1] INFO  server.RaftServerConfigKeys (ConfUtils.java:logGet(43)) - raft.server.log.purge.gap = 1000000 (custom)
2019-11-13 19:47:27,289 [pool-47-thread-1] INFO  server.RaftServerConfigKeys (ConfUtils.java:logGet(43)) - raft.server.log.purge.gap = 1000000 (custom)
2019-11-13 19:47:27,289 [pool-37-thread-1] INFO  segmented.SegmentedRaftLogWorker (SegmentedRaftLogWorker.java:<init>(173)) - new b8c81196-debe-4950-9544-de451655d31f@group-013DB60B82FB-SegmentedRaftLogWorker for RaftStorage:Storage Directory /workdir/hadoop-ozone/tools/target/test-dir/MiniOzoneClusterImpl-3d16d092-b9b0-488c-8c1c-2b0a872ac8b1/datanode-1/data/ratis/ffcbeb03-4342-4610-83d4-013db60b82fb
2019-11-13 19:47:27,289 [pool-47-thread-1] INFO  server.RaftServerConfigKeys (ConfUtils.java:logGet(43)) - raft.server.log.appender.buffer.byte-limit = 33554432 (custom)
2019-11-13 19:47:27,289 [pool-27-thread-1] INFO  server.RaftServerConfigKeys (ConfUtils.java:logGet(43)) - raft.server.log.appender.buffer.byte-limit = 33554432 (custom)
2019-11-13 19:47:27,289 [pool-47-thread-1] INFO  server.RaftServerConfigKeys (ConfUtils.java:logGet(43)) - raft.server.log.segment.size.max = 1048576 (custom)
2019-11-13 19:47:27,289 [pool-37-thread-1] INFO  server.RaftServerConfigKeys (ConfUtils.java:logGet(43)) - raft.server.log.queue.byte-limit = 2147483647 (custom)
2019-11-13 19:47:27,290 [pool-47-thread-1] INFO  server.RaftServerConfigKeys (ConfUtils.java:logGet(43)) - raft.server.log.segment.cache.num.max = 2 (custom)
2019-11-13 19:47:27,290 [pool-27-thread-1] INFO  server.RaftServerConfigKeys (ConfUtils.java:logGet(43)) - raft.server.log.segment.size.max = 1048576 (custom)
2019-11-13 19:47:27,290 [pool-47-thread-1] INFO  segmented.SegmentedRaftLogWorker (SegmentedRaftLogWorker.java:<init>(173)) - new 17aeddd7-e61a-46f8-b584-b2ca2adc027c@group-013DB60B82FB-SegmentedRaftLogWorker for RaftStorage:Storage Directory /workdir/hadoop-ozone/tools/target/test-dir/MiniOzoneClusterImpl-3d16d092-b9b0-488c-8c1c-2b0a872ac8b1/datanode-2/data/ratis/ffcbeb03-4342-4610-83d4-013db60b82fb
2019-11-13 19:47:27,290 [pool-37-thread-1] INFO  server.RaftServerConfigKeys (ConfUtils.java:logGet(43)) - raft.server.log.queue.element-limit = 1024 (custom)
2019-11-13 19:47:27,290 [pool-47-thread-1] INFO  server.RaftServerConfigKeys (ConfUtils.java:logGet(43)) - raft.server.log.queue.byte-limit = 2147483647 (custom)
2019-11-13 19:47:27,290 [pool-27-thread-1] INFO  server.RaftServerConfigKeys (ConfUtils.java:logGet(43)) - raft.server.log.segment.cache.num.max = 2 (custom)
2019-11-13 19:47:27,291 [pool-47-thread-1] INFO  server.RaftServerConfigKeys (ConfUtils.java:logGet(43)) - raft.server.log.queue.element-limit = 1024 (custom)
2019-11-13 19:47:27,290 [pool-37-thread-1] INFO  server.RaftServerConfigKeys (ConfUtils.java:logGet(43)) - raft.server.log.segment.size.max = 1048576 (custom)
2019-11-13 19:47:27,291 [pool-47-thread-1] INFO  server.RaftServerConfigKeys (ConfUtils.java:logGet(43)) - raft.server.log.segment.size.max = 1048576 (custom)
2019-11-13 19:47:27,291 [pool-27-thread-1] INFO  segmented.SegmentedRaftLogWorker (SegmentedRaftLogWorker.java:<init>(173)) - new 99a25fb9-47c0-4443-afd7-9fccc5c7cead@group-013DB60B82FB-SegmentedRaftLogWorker for RaftStorage:Storage Directory /workdir/hadoop-ozone/tools/target/test-dir/MiniOzoneClusterImpl-3d16d092-b9b0-488c-8c1c-2b0a872ac8b1/datanode-0/data/ratis/ffcbeb03-4342-4610-83d4-013db60b82fb
2019-11-13 19:47:27,291 [pool-47-thread-1] INFO  server.RaftServerConfigKeys (ConfUtils.java:logGet(43)) - raft.server.log.preallocated.size = 16384 (custom)
2019-11-13 19:47:27,291 [pool-37-thread-1] INFO  server.RaftServerConfigKeys (ConfUtils.java:logGet(43)) - raft.server.log.preallocated.size = 16384 (custom)
2019-11-13 19:47:27,292 [pool-47-thread-1] INFO  server.RaftServerConfigKeys (ConfUtils.java:logGet(43)) - raft.server.log.write.buffer.size = 33554432 (custom)
2019-11-13 19:47:27,291 [pool-27-thread-1] INFO  server.RaftServerConfigKeys (ConfUtils.java:logGet(43)) - raft.server.log.queue.byte-limit = 2147483647 (custom)
2019-11-13 19:47:27,292 [pool-47-thread-1] INFO  server.RaftServerConfigKeys (ConfUtils.java:logGet(43)) - raft.server.log.force.sync.num = 128 (default)
2019-11-13 19:47:27,292 [pool-37-thread-1] INFO  server.RaftServerConfigKeys (ConfUtils.java:logGet(43)) - raft.server.log.write.buffer.size = 33554432 (custom)
2019-11-13 19:47:27,292 [pool-47-thread-1] INFO  server.RaftServerConfigKeys (ConfUtils.java:logGet(43)) - raft.server.log.statemachine.data.sync = true (default)
2019-11-13 19:47:27,292 [pool-27-thread-1] INFO  server.RaftServerConfigKeys (ConfUtils.java:logGet(43)) - raft.server.log.queue.element-limit = 1024 (custom)
2019-11-13 19:47:27,293 [pool-47-thread-1] INFO  server.RaftServerConfigKeys (ConfUtils.java:logGet(43)) - raft.server.log.statemachine.data.sync.timeout = 10s (default)
2019-11-13 19:47:27,292 [pool-37-thread-1] INFO  server.RaftServerConfigKeys (ConfUtils.java:logGet(43)) - raft.server.log.force.sync.num = 128 (default)
2019-11-13 19:47:27,293 [pool-47-thread-1] INFO  server.RaftServerConfigKeys (ConfUtils.java:logGet(43)) - raft.server.log.statemachine.data.sync.timeout.retry = -1 (default)
2019-11-13 19:47:27,293 [pool-27-thread-1] INFO  server.RaftServerConfigKeys (ConfUtils.java:logGet(43)) - raft.server.log.segment.size.max = 1048576 (custom)
2019-11-13 19:47:27,293 [pool-37-thread-1] INFO  server.RaftServerConfigKeys (ConfUtils.java:logGet(43)) - raft.server.log.statemachine.data.sync = true (default)
2019-11-13 19:47:27,293 [pool-47-thread-1] INFO  server.RaftServerConfigKeys (ConfUtils.java:logGet(43)) - raft.server.log.statemachine.data.caching.enabled = true (custom)
2019-11-13 19:47:27,293 [pool-27-thread-1] INFO  server.RaftServerConfigKeys (ConfUtils.java:logGet(43)) - raft.server.log.preallocated.size = 16384 (custom)
2019-11-13 19:47:27,294 [pool-37-thread-1] INFO  server.RaftServerConfigKeys (ConfUtils.java:logGet(43)) - raft.server.log.statemachine.data.sync.timeout = 10s (default)
2019-11-13 19:47:27,294 [pool-27-thread-1] INFO  server.RaftServerConfigKeys (ConfUtils.java:logGet(43)) - raft.server.log.write.buffer.size = 33554432 (custom)
2019-11-13 19:47:27,294 [pool-37-thread-1] INFO  server.RaftServerConfigKeys (ConfUtils.java:logGet(43)) - raft.server.log.statemachine.data.sync.timeout.retry = -1 (default)
2019-11-13 19:47:27,294 [pool-27-thread-1] INFO  server.RaftServerConfigKeys (ConfUtils.java:logGet(43)) - raft.server.log.force.sync.num = 128 (default)
2019-11-13 19:47:27,294 [pool-47-thread-1] INFO  segmented.SegmentedRaftLogWorker (SegmentedRaftLogWorker.java:lambda$new$0(128)) - 17aeddd7-e61a-46f8-b584-b2ca2adc027c@group-013DB60B82FB-SegmentedRaftLogWorker: flushIndex: setUnconditionally 0 -> -1
2019-11-13 19:47:27,294 [pool-27-thread-1] INFO  server.RaftServerConfigKeys (ConfUtils.java:logGet(43)) - raft.server.log.statemachine.data.sync = true (default)
2019-11-13 19:47:27,294 [pool-37-thread-1] INFO  server.RaftServerConfigKeys (ConfUtils.java:logGet(43)) - raft.server.log.statemachine.data.caching.enabled = true (custom)
2019-11-13 19:47:27,295 [pool-47-thread-1] INFO  server.RaftServerConfigKeys (ConfUtils.java:logGet(43)) - raft.server.snapshot.auto.trigger.enabled = true (custom)
2019-11-13 19:47:27,295 [pool-27-thread-1] INFO  server.RaftServerConfigKeys (ConfUtils.java:logGet(43)) - raft.server.log.statemachine.data.sync.timeout = 10s (default)
2019-11-13 19:47:27,295 [pool-37-thread-1] INFO  segmented.SegmentedRaftLogWorker (SegmentedRaftLogWorker.java:lambda$new$0(128)) - b8c81196-debe-4950-9544-de451655d31f@group-013DB60B82FB-SegmentedRaftLogWorker: flushIndex: setUnconditionally 0 -> -1
2019-11-13 19:47:27,295 [pool-47-thread-1] INFO  server.RaftServerConfigKeys (ConfUtils.java:logGet(43)) - raft.server.snapshot.auto.trigger.threshold = 10000 (custom)
2019-11-13 19:47:27,295 [pool-27-thread-1] INFO  server.RaftServerConfigKeys (ConfUtils.java:logGet(43)) - raft.server.log.statemachine.data.sync.timeout.retry = -1 (default)
2019-11-13 19:47:27,296 [pool-47-thread-1] INFO  server.RaftServerConfigKeys (ConfUtils.java:logGet(43)) - raft.server.snapshot.retention.file.num = 5 (custom)
2019-11-13 19:47:27,296 [pool-37-thread-1] INFO  server.RaftServerConfigKeys (ConfUtils.java:logGet(43)) - raft.server.snapshot.auto.trigger.enabled = true (custom)
2019-11-13 19:47:27,296 [pool-27-thread-1] INFO  server.RaftServerConfigKeys (ConfUtils.java:logGet(43)) - raft.server.log.statemachine.data.caching.enabled = true (custom)
2019-11-13 19:47:27,296 [pool-37-thread-1] INFO  server.RaftServerConfigKeys (ConfUtils.java:logGet(43)) - raft.server.snapshot.auto.trigger.threshold = 10000 (custom)
2019-11-13 19:47:27,296 [pool-47-thread-1] INFO  server.RaftServerConfigKeys (ConfUtils.java:logGet(43)) - raft.server.retrycache.expirytime = 600000ms (custom)
2019-11-13 19:47:27,296 [pool-37-thread-1] INFO  server.RaftServerConfigKeys (ConfUtils.java:logGet(43)) - raft.server.snapshot.retention.file.num = 5 (custom)
2019-11-13 19:47:27,297 [pool-27-thread-1] INFO  segmented.SegmentedRaftLogWorker (SegmentedRaftLogWorker.java:lambda$new$0(128)) - 99a25fb9-47c0-4443-afd7-9fccc5c7cead@group-013DB60B82FB-SegmentedRaftLogWorker: flushIndex: setUnconditionally 0 -> -1
2019-11-13 19:47:27,297 [pool-37-thread-1] INFO  server.RaftServerConfigKeys (ConfUtils.java:logGet(43)) - raft.server.retrycache.expirytime = 600000ms (custom)
2019-11-13 19:47:27,297 [pool-47-thread-1] WARN  impl.MetricRegistriesImpl (MetricRegistriesImpl.java:lambda$create$1(61)) - First MetricRegistry has been created without registering reporters. You may need to call MetricRegistries.global().addReportRegistration(...) before.
2019-11-13 19:47:27,297 [pool-27-thread-1] INFO  server.RaftServerConfigKeys (ConfUtils.java:logGet(43)) - raft.server.snapshot.auto.trigger.enabled = true (custom)
2019-11-13 19:47:27,297 [pool-37-thread-1] WARN  impl.MetricRegistriesImpl (MetricRegistriesImpl.java:lambda$create$1(61)) - First MetricRegistry has been created without registering reporters. You may need to call MetricRegistries.global().addReportRegistration(...) before.
2019-11-13 19:47:27,297 [pool-27-thread-1] INFO  server.RaftServerConfigKeys (ConfUtils.java:logGet(43)) - raft.server.snapshot.auto.trigger.threshold = 10000 (custom)
2019-11-13 19:47:27,297 [pool-47-thread-1] WARN  impl.MetricRegistriesImpl (MetricRegistriesImpl.java:lambda$create$1(61)) - First MetricRegistry has been created without registering reporters. You may need to call MetricRegistries.global().addReportRegistration(...) before.
2019-11-13 19:47:27,298 [pool-27-thread-1] INFO  server.RaftServerConfigKeys (ConfUtils.java:logGet(43)) - raft.server.snapshot.retention.file.num = 5 (custom)
2019-11-13 19:47:27,298 [pool-37-thread-1] WARN  impl.MetricRegistriesImpl (MetricRegistriesImpl.java:lambda$create$1(61)) - First MetricRegistry has been created without registering reporters. You may need to call MetricRegistries.global().addReportRegistration(...) before.
2019-11-13 19:47:27,300 [pool-27-thread-1] INFO  server.RaftServerConfigKeys (ConfUtils.java:logGet(43)) - raft.server.retrycache.expirytime = 600000ms (custom)
2019-11-13 19:47:27,300 [pool-27-thread-1] WARN  impl.MetricRegistriesImpl (MetricRegistriesImpl.java:lambda$create$1(61)) - First MetricRegistry has been created without registering reporters. You may need to call MetricRegistries.global().addReportRegistration(...) before.
2019-11-13 19:47:27,300 [pool-47-thread-1] INFO  impl.RaftServerImpl (RaftServerImpl.java:start(184)) - 17aeddd7-e61a-46f8-b584-b2ca2adc027c@group-013DB60B82FB: start as a follower, conf=-1: [99a25fb9-47c0-4443-afd7-9fccc5c7cead:192.168.164.219:43664, 17aeddd7-e61a-46f8-b584-b2ca2adc027c:192.168.164.219:33406, b8c81196-debe-4950-9544-de451655d31f:192.168.164.219:40129], old=null
2019-11-13 19:47:27,300 [pool-37-thread-1] INFO  impl.RaftServerImpl (RaftServerImpl.java:start(184)) - b8c81196-debe-4950-9544-de451655d31f@group-013DB60B82FB: start as a follower, conf=-1: [99a25fb9-47c0-4443-afd7-9fccc5c7cead:192.168.164.219:43664, 17aeddd7-e61a-46f8-b584-b2ca2adc027c:192.168.164.219:33406, b8c81196-debe-4950-9544-de451655d31f:192.168.164.219:40129], old=null
2019-11-13 19:47:27,300 [pool-47-thread-1] INFO  impl.RaftServerImpl (RaftServerImpl.java:setRole(173)) - 17aeddd7-e61a-46f8-b584-b2ca2adc027c@group-013DB60B82FB: changes role from      null to FOLLOWER at term 0 for startAsFollower
2019-11-13 19:47:27,300 [pool-27-thread-1] WARN  impl.MetricRegistriesImpl (MetricRegistriesImpl.java:lambda$create$1(61)) - First MetricRegistry has been created without registering reporters. You may need to call MetricRegistries.global().addReportRegistration(...) before.
2019-11-13 19:47:27,300 [pool-37-thread-1] INFO  impl.RaftServerImpl (RaftServerImpl.java:setRole(173)) - b8c81196-debe-4950-9544-de451655d31f@group-013DB60B82FB: changes role from      null to FOLLOWER at term 0 for startAsFollower
2019-11-13 19:47:27,301 [pool-47-thread-1] INFO  impl.RoleInfo (RoleInfo.java:updateAndGet(143)) - 17aeddd7-e61a-46f8-b584-b2ca2adc027c: start FollowerState
2019-11-13 19:47:27,301 [pool-37-thread-1] INFO  impl.RoleInfo (RoleInfo.java:updateAndGet(143)) - b8c81196-debe-4950-9544-de451655d31f: start FollowerState
2019-11-13 19:47:27,301 [pool-27-thread-1] INFO  impl.RaftServerImpl (RaftServerImpl.java:start(184)) - 99a25fb9-47c0-4443-afd7-9fccc5c7cead@group-013DB60B82FB: start as a follower, conf=-1: [99a25fb9-47c0-4443-afd7-9fccc5c7cead:192.168.164.219:43664, 17aeddd7-e61a-46f8-b584-b2ca2adc027c:192.168.164.219:33406, b8c81196-debe-4950-9544-de451655d31f:192.168.164.219:40129], old=null
2019-11-13 19:47:27,301 [pool-27-thread-1] INFO  impl.RaftServerImpl (RaftServerImpl.java:setRole(173)) - 99a25fb9-47c0-4443-afd7-9fccc5c7cead@group-013DB60B82FB: changes role from      null to FOLLOWER at term 0 for startAsFollower
2019-11-13 19:47:27,301 [pool-37-thread-1] INFO  util.JmxRegister (JmxRegister.java:tryRegister(44)) - Successfully registered JMX Bean with object name Ratis:service=RaftServer,group=group-013DB60B82FB,id=b8c81196-debe-4950-9544-de451655d31f
2019-11-13 19:47:27,301 [pool-27-thread-1] INFO  impl.RoleInfo (RoleInfo.java:updateAndGet(143)) - 99a25fb9-47c0-4443-afd7-9fccc5c7cead: start FollowerState
2019-11-13 19:47:27,301 [pool-47-thread-1] INFO  util.JmxRegister (JmxRegister.java:tryRegister(44)) - Successfully registered JMX Bean with object name Ratis:service=RaftServer,group=group-013DB60B82FB,id=17aeddd7-e61a-46f8-b584-b2ca2adc027c
2019-11-13 19:47:27,302 [pool-37-thread-1] WARN  impl.MetricRegistriesImpl (MetricRegistriesImpl.java:lambda$create$1(61)) - First MetricRegistry has been created without registering reporters. You may need to call MetricRegistries.global().addReportRegistration(...) before.
2019-11-13 19:47:27,302 [pool-47-thread-1] WARN  impl.MetricRegistriesImpl (MetricRegistriesImpl.java:lambda$create$1(61)) - First MetricRegistry has been created without registering reporters. You may need to call MetricRegistries.global().addReportRegistration(...) before.
2019-11-13 19:47:27,302 [pool-27-thread-1] INFO  util.JmxRegister (JmxRegister.java:tryRegister(44)) - Successfully registered JMX Bean with object name Ratis:service=RaftServer,group=group-013DB60B82FB,id=99a25fb9-47c0-4443-afd7-9fccc5c7cead
2019-11-13 19:47:27,302 [pool-27-thread-1] WARN  impl.MetricRegistriesImpl (MetricRegistriesImpl.java:lambda$create$1(61)) - First MetricRegistry has been created without registering reporters. You may need to call MetricRegistries.global().addReportRegistration(...) before.
2019-11-13 19:47:27,317 [RatisPipelineUtilsThread] INFO  pipeline.PipelineStateManager (PipelineStateManager.java:addPipeline(55)) - Created pipeline Pipeline[ Id: ffcbeb03-4342-4610-83d4-013db60b82fb, Nodes: 17aeddd7-e61a-46f8-b584-b2ca2adc027c{ip: 192.168.164.219, host: pr-hdds-1940-7lghg-363871468, networkLocation: /default-rack, certSerialId: null}99a25fb9-47c0-4443-afd7-9fccc5c7cead{ip: 192.168.164.219, host: pr-hdds-1940-7lghg-363871468, networkLocation: /default-rack, certSerialId: null}b8c81196-debe-4950-9544-de451655d31f{ip: 192.168.164.219, host: pr-hdds-1940-7lghg-363871468, networkLocation: /default-rack, certSerialId: null}, Type:RATIS, Factor:THREE, State:ALLOCATED]
2019-11-13 19:47:27,318 [Thread-178] INFO  pipeline.PipelineStateManager (PipelineStateManager.java:finalizePipeline(121)) - Pipeline Pipeline[ Id: 9c6163eb-8d67-4142-a73e-d9398e60d30e, Nodes: 99a25fb9-47c0-4443-afd7-9fccc5c7cead{ip: 192.168.164.219, host: pr-hdds-1940-7lghg-363871468, networkLocation: /default-rack, certSerialId: null}, Type:RATIS, Factor:ONE, State:CLOSED] moved to CLOSED state
2019-11-13 19:47:27,330 [grpc-default-executor-1] INFO  impl.RaftServerProxy (RaftServerProxy.java:remove(95)) - 99a25fb9-47c0-4443-afd7-9fccc5c7cead: remove  FOLLOWER 99a25fb9-47c0-4443-afd7-9fccc5c7cead@group-D9398E60D30E:t0, leader=null, voted=null, raftlog=99a25fb9-47c0-4443-afd7-9fccc5c7cead@group-D9398E60D30E-SegmentedRaftLog:OPENED:c-1,f-1,i0, conf=-1: [99a25fb9-47c0-4443-afd7-9fccc5c7cead:192.168.164.219:43664], old=null RUNNING
2019-11-13 19:47:27,331 [grpc-default-executor-1] INFO  impl.RaftServerImpl (RaftServerImpl.java:lambda$shutdown$3(250)) - 99a25fb9-47c0-4443-afd7-9fccc5c7cead@group-D9398E60D30E: shutdown
2019-11-13 19:47:27,332 [grpc-default-executor-1] INFO  util.JmxRegister (JmxRegister.java:unregister(73)) - Successfully un-registered JMX Bean with object name Ratis:service=RaftServer,group=group-D9398E60D30E,id=99a25fb9-47c0-4443-afd7-9fccc5c7cead
2019-11-13 19:47:27,332 [grpc-default-executor-1] INFO  impl.RoleInfo (RoleInfo.java:shutdownFollowerState(121)) - 99a25fb9-47c0-4443-afd7-9fccc5c7cead: shutdown FollowerState
2019-11-13 19:47:27,333 [Thread-180] INFO  impl.FollowerState (FollowerState.java:run(120)) - 99a25fb9-47c0-4443-afd7-9fccc5c7cead@group-D9398E60D30E-FollowerState was interrupted: java.lang.InterruptedException: sleep interrupted
2019-11-13 19:47:27,332 [grpc-default-executor-1] INFO  impl.StateMachineUpdater (StateMachineUpdater.java:stopAndJoin(136)) - 99a25fb9-47c0-4443-afd7-9fccc5c7cead@group-D9398E60D30E-StateMachineUpdater: set stopIndex = -1
2019-11-13 19:47:27,337 [grpc-default-executor-1] INFO  impl.RaftServerImpl (ServerState.java:close(387)) - 99a25fb9-47c0-4443-afd7-9fccc5c7cead@group-D9398E60D30E: closes. applyIndex: -1
2019-11-13 19:47:27,338 [99a25fb9-47c0-4443-afd7-9fccc5c7cead@group-D9398E60D30E-SegmentedRaftLogWorker] INFO  segmented.SegmentedRaftLogWorker (SegmentedRaftLogWorker.java:run(316)) - 99a25fb9-47c0-4443-afd7-9fccc5c7cead@group-D9398E60D30E-SegmentedRaftLogWorker was interrupted, exiting. There are 0 tasks remaining in the queue.
2019-11-13 19:47:27,338 [grpc-default-executor-1] INFO  segmented.SegmentedRaftLogWorker (SegmentedRaftLogWorker.java:close(224)) - 99a25fb9-47c0-4443-afd7-9fccc5c7cead@group-D9398E60D30E-SegmentedRaftLogWorker close()
2019-11-13 19:47:27,348 [Thread-178] INFO  pipeline.PipelineStateManager (PipelineStateManager.java:removePipeline(106)) - Pipeline Pipeline[ Id: 9c6163eb-8d67-4142-a73e-d9398e60d30e, Nodes: 99a25fb9-47c0-4443-afd7-9fccc5c7cead{ip: 192.168.164.219, host: pr-hdds-1940-7lghg-363871468, networkLocation: /default-rack, certSerialId: null}, Type:RATIS, Factor:ONE, State:CLOSED] removed from db
2019-11-13 19:47:27,348 [Thread-178] INFO  pipeline.SCMPipelineManager (SCMPipelineManager.java:finalizeAndDestroyPipeline(315)) - destroying pipeline:Pipeline[ Id: 6737c56d-1105-4b60-8d94-5b1a6a5071d9, Nodes: 17aeddd7-e61a-46f8-b584-b2ca2adc027c{ip: 192.168.164.219, host: pr-hdds-1940-7lghg-363871468, networkLocation: /default-rack, certSerialId: null}, Type:RATIS, Factor:ONE, State:ALLOCATED]
2019-11-13 19:47:27,363 [grpc-default-executor-1] INFO  impl.RaftServerProxy (RaftServerProxy.java:addNew(89)) - 99a25fb9-47c0-4443-afd7-9fccc5c7cead: addNew group-C9D3333A5E89:[99a25fb9-47c0-4443-afd7-9fccc5c7cead:192.168.164.219:43664] returns group-C9D3333A5E89:java.util.concurrent.CompletableFuture@1d87ed9e[Not completed]
2019-11-13 19:47:27,401 [pool-27-thread-1] INFO  impl.RaftServerImpl (RaftServerImpl.java:<init>(98)) - 99a25fb9-47c0-4443-afd7-9fccc5c7cead: new RaftServerImpl for group-C9D3333A5E89:[99a25fb9-47c0-4443-afd7-9fccc5c7cead:192.168.164.219:43664] with ContainerStateMachine:uninitialized
2019-11-13 19:47:27,401 [pool-27-thread-1] INFO  server.RaftServerConfigKeys (ConfUtils.java:logGet(43)) - raft.server.rpc.timeout.min = 5s (custom)
2019-11-13 19:47:27,401 [pool-27-thread-1] INFO  server.RaftServerConfigKeys (ConfUtils.java:logGet(43)) - raft.server.rpc.timeout.max = 5200ms (custom)
2019-11-13 19:47:27,402 [pool-27-thread-1] INFO  server.RaftServerConfigKeys (ConfUtils.java:logGet(43)) - raft.server.rpcslowness.timeout = 120s (custom)
2019-11-13 19:47:27,402 [pool-27-thread-1] INFO  server.RaftServerConfigKeys (ConfUtils.java:logGet(43)) - raft.server.sleep.deviation.threshold = 300 (default)
2019-11-13 19:47:27,402 [pool-27-thread-1] INFO  server.RaftServerConfigKeys (ConfUtils.java:logGet(43)) - raft.server.log.appender.install.snapshot.enabled = false (custom)
2019-11-13 19:47:27,402 [pool-27-thread-1] INFO  impl.RaftServerImpl (ServerState.java:<init>(103)) - 99a25fb9-47c0-4443-afd7-9fccc5c7cead@group-C9D3333A5E89: ConfigurationManager, init=-1: [99a25fb9-47c0-4443-afd7-9fccc5c7cead:192.168.164.219:43664], old=null, confs=<EMPTY_MAP>
2019-11-13 19:47:27,402 [pool-27-thread-1] INFO  server.RaftServerConfigKeys (ConfUtils.java:logGet(43)) - raft.server.storage.dir = [/workdir/hadoop-ozone/tools/target/test-dir/MiniOzoneClusterImpl-3d16d092-b9b0-488c-8c1c-2b0a872ac8b1/datanode-0/data/ratis] (custom)
2019-11-13 19:47:27,403 [pool-27-thread-1] INFO  server.RaftServerConfigKeys (ConfUtils.java:logGet(43)) - raft.server.log.corruption.policy = EXCEPTION (default)
2019-11-13 19:47:27,403 [pool-27-thread-1] INFO  storage.RaftStorageDirectory (RaftStorageDirectory.java:analyzeStorage(246)) - The storage directory /workdir/hadoop-ozone/tools/target/test-dir/MiniOzoneClusterImpl-3d16d092-b9b0-488c-8c1c-2b0a872ac8b1/datanode-0/data/ratis/22884518-420d-4fc7-b536-c9d3333a5e89 does not exist. Creating ...
2019-11-13 19:47:27,416 [pool-27-thread-1] INFO  storage.RaftStorageDirectory (RaftStorageDirectory.java:tryLock(328)) - Lock on /workdir/hadoop-ozone/tools/target/test-dir/MiniOzoneClusterImpl-3d16d092-b9b0-488c-8c1c-2b0a872ac8b1/datanode-0/data/ratis/22884518-420d-4fc7-b536-c9d3333a5e89/in_use.lock acquired by nodename 12686@pr-hdds-1940-7lghg-363871468
2019-11-13 19:47:27,430 [pool-27-thread-1] INFO  storage.RaftStorage (RaftStorage.java:format(84)) - Storage directory /workdir/hadoop-ozone/tools/target/test-dir/MiniOzoneClusterImpl-3d16d092-b9b0-488c-8c1c-2b0a872ac8b1/datanode-0/data/ratis/22884518-420d-4fc7-b536-c9d3333a5e89 has been successfully formatted.
2019-11-13 19:47:27,430 [pool-27-thread-1] INFO  ratis.ContainerStateMachine (ContainerStateMachine.java:loadSnapshot(223)) - group-C9D3333A5E89: The snapshot info is null. Setting the last applied indexto:(t:0, i:~)
2019-11-13 19:47:27,430 [pool-27-thread-1] INFO  server.RaftServerConfigKeys (ConfUtils.java:logGet(43)) - raft.server.notification.no-leader.timeout = 120s (custom)
2019-11-13 19:47:27,431 [pool-27-thread-1] INFO  server.RaftServerConfigKeys (ConfUtils.java:logGet(43)) - raft.server.log.use.memory = false (default)
2019-11-13 19:47:27,431 [pool-27-thread-1] INFO  server.RaftServerConfigKeys (ConfUtils.java:logGet(43)) - raft.server.log.purge.gap = 1000000 (custom)
2019-11-13 19:47:27,431 [pool-27-thread-1] INFO  server.RaftServerConfigKeys (ConfUtils.java:logGet(43)) - raft.server.log.appender.buffer.byte-limit = 33554432 (custom)
2019-11-13 19:47:27,431 [pool-27-thread-1] INFO  server.RaftServerConfigKeys (ConfUtils.java:logGet(43)) - raft.server.log.segment.size.max = 1048576 (custom)
2019-11-13 19:47:27,431 [pool-27-thread-1] INFO  server.RaftServerConfigKeys (ConfUtils.java:logGet(43)) - raft.server.log.segment.cache.num.max = 2 (custom)
2019-11-13 19:47:27,432 [pool-27-thread-1] INFO  segmented.SegmentedRaftLogWorker (SegmentedRaftLogWorker.java:<init>(173)) - new 99a25fb9-47c0-4443-afd7-9fccc5c7cead@group-C9D3333A5E89-SegmentedRaftLogWorker for RaftStorage:Storage Directory /workdir/hadoop-ozone/tools/target/test-dir/MiniOzoneClusterImpl-3d16d092-b9b0-488c-8c1c-2b0a872ac8b1/datanode-0/data/ratis/22884518-420d-4fc7-b536-c9d3333a5e89
2019-11-13 19:47:27,432 [pool-27-thread-1] INFO  server.RaftServerConfigKeys (ConfUtils.java:logGet(43)) - raft.server.log.queue.byte-limit = 2147483647 (custom)
2019-11-13 19:47:27,432 [pool-27-thread-1] INFO  server.RaftServerConfigKeys (ConfUtils.java:logGet(43)) - raft.server.log.queue.element-limit = 1024 (custom)
2019-11-13 19:47:27,432 [pool-27-thread-1] INFO  server.RaftServerConfigKeys (ConfUtils.java:logGet(43)) - raft.server.log.segment.size.max = 1048576 (custom)
2019-11-13 19:47:27,432 [pool-27-thread-1] INFO  server.RaftServerConfigKeys (ConfUtils.java:logGet(43)) - raft.server.log.preallocated.size = 16384 (custom)
2019-11-13 19:47:27,432 [pool-27-thread-1] INFO  server.RaftServerConfigKeys (ConfUtils.java:logGet(43)) - raft.server.log.write.buffer.size = 33554432 (custom)
2019-11-13 19:47:27,432 [pool-27-thread-1] INFO  server.RaftServerConfigKeys (ConfUtils.java:logGet(43)) - raft.server.log.force.sync.num = 128 (default)
2019-11-13 19:47:27,433 [pool-27-thread-1] INFO  server.RaftServerConfigKeys (ConfUtils.java:logGet(43)) - raft.server.log.statemachine.data.sync = true (default)
2019-11-13 19:47:27,433 [pool-27-thread-1] INFO  server.RaftServerConfigKeys (ConfUtils.java:logGet(43)) - raft.server.log.statemachine.data.sync.timeout = 10s (default)
2019-11-13 19:47:27,433 [pool-27-thread-1] INFO  server.RaftServerConfigKeys (ConfUtils.java:logGet(43)) - raft.server.log.statemachine.data.sync.timeout.retry = -1 (default)
2019-11-13 19:47:27,433 [pool-27-thread-1] INFO  server.RaftServerConfigKeys (ConfUtils.java:logGet(43)) - raft.server.log.statemachine.data.caching.enabled = true (custom)
2019-11-13 19:47:27,434 [pool-27-thread-1] INFO  segmented.SegmentedRaftLogWorker (SegmentedRaftLogWorker.java:lambda$new$0(128)) - 99a25fb9-47c0-4443-afd7-9fccc5c7cead@group-C9D3333A5E89-SegmentedRaftLogWorker: flushIndex: setUnconditionally 0 -> -1
2019-11-13 19:47:27,434 [pool-27-thread-1] INFO  server.RaftServerConfigKeys (ConfUtils.java:logGet(43)) - raft.server.snapshot.auto.trigger.enabled = true (custom)
2019-11-13 19:47:27,434 [pool-27-thread-1] INFO  server.RaftServerConfigKeys (ConfUtils.java:logGet(43)) - raft.server.snapshot.auto.trigger.threshold = 10000 (custom)
2019-11-13 19:47:27,434 [pool-27-thread-1] INFO  server.RaftServerConfigKeys (ConfUtils.java:logGet(43)) - raft.server.snapshot.retention.file.num = 5 (custom)
2019-11-13 19:47:27,435 [pool-27-thread-1] INFO  server.RaftServerConfigKeys (ConfUtils.java:logGet(43)) - raft.server.retrycache.expirytime = 600000ms (custom)
2019-11-13 19:47:27,435 [pool-27-thread-1] WARN  impl.MetricRegistriesImpl (MetricRegistriesImpl.java:lambda$create$1(61)) - First MetricRegistry has been created without registering reporters. You may need to call MetricRegistries.global().addReportRegistration(...) before.
2019-11-13 19:47:27,435 [pool-27-thread-1] WARN  impl.MetricRegistriesImpl (MetricRegistriesImpl.java:lambda$create$1(61)) - First MetricRegistry has been created without registering reporters. You may need to call MetricRegistries.global().addReportRegistration(...) before.
2019-11-13 19:47:27,435 [pool-27-thread-1] INFO  impl.RaftServerImpl (RaftServerImpl.java:start(184)) - 99a25fb9-47c0-4443-afd7-9fccc5c7cead@group-C9D3333A5E89: start as a follower, conf=-1: [99a25fb9-47c0-4443-afd7-9fccc5c7cead:192.168.164.219:43664], old=null
2019-11-13 19:47:27,436 [pool-27-thread-1] INFO  impl.RaftServerImpl (RaftServerImpl.java:setRole(173)) - 99a25fb9-47c0-4443-afd7-9fccc5c7cead@group-C9D3333A5E89: changes role from      null to FOLLOWER at term 0 for startAsFollower
2019-11-13 19:47:27,436 [pool-27-thread-1] INFO  impl.RoleInfo (RoleInfo.java:updateAndGet(143)) - 99a25fb9-47c0-4443-afd7-9fccc5c7cead: start FollowerState
2019-11-13 19:47:27,436 [pool-27-thread-1] INFO  util.JmxRegister (JmxRegister.java:tryRegister(44)) - Successfully registered JMX Bean with object name Ratis:service=RaftServer,group=group-C9D3333A5E89,id=99a25fb9-47c0-4443-afd7-9fccc5c7cead
2019-11-13 19:47:27,437 [pool-27-thread-1] WARN  impl.MetricRegistriesImpl (MetricRegistriesImpl.java:lambda$create$1(61)) - First MetricRegistry has been created without registering reporters. You may need to call MetricRegistries.global().addReportRegistration(...) before.
2019-11-13 19:47:27,448 [RatisPipelineUtilsThread] INFO  pipeline.PipelineStateManager (PipelineStateManager.java:addPipeline(55)) - Created pipeline Pipeline[ Id: 22884518-420d-4fc7-b536-c9d3333a5e89, Nodes: 99a25fb9-47c0-4443-afd7-9fccc5c7cead{ip: 192.168.164.219, host: pr-hdds-1940-7lghg-363871468, networkLocation: /default-rack, certSerialId: null}, Type:RATIS, Factor:ONE, State:ALLOCATED]
2019-11-13 19:47:27,450 [Thread-178] INFO  pipeline.PipelineStateManager (PipelineStateManager.java:finalizePipeline(121)) - Pipeline Pipeline[ Id: 6737c56d-1105-4b60-8d94-5b1a6a5071d9, Nodes: 17aeddd7-e61a-46f8-b584-b2ca2adc027c{ip: 192.168.164.219, host: pr-hdds-1940-7lghg-363871468, networkLocation: /default-rack, certSerialId: null}, Type:RATIS, Factor:ONE, State:CLOSED] moved to CLOSED state
2019-11-13 19:47:27,462 [grpc-default-executor-1] INFO  impl.RaftServerProxy (RaftServerProxy.java:remove(95)) - 17aeddd7-e61a-46f8-b584-b2ca2adc027c: remove  FOLLOWER 17aeddd7-e61a-46f8-b584-b2ca2adc027c@group-5B1A6A5071D9:t0, leader=null, voted=null, raftlog=17aeddd7-e61a-46f8-b584-b2ca2adc027c@group-5B1A6A5071D9-SegmentedRaftLog:OPENED:c-1,f-1,i0, conf=-1: [17aeddd7-e61a-46f8-b584-b2ca2adc027c:192.168.164.219:33406], old=null RUNNING
2019-11-13 19:47:27,462 [grpc-default-executor-1] INFO  impl.RaftServerImpl (RaftServerImpl.java:lambda$shutdown$3(250)) - 17aeddd7-e61a-46f8-b584-b2ca2adc027c@group-5B1A6A5071D9: shutdown
2019-11-13 19:47:27,463 [grpc-default-executor-1] INFO  util.JmxRegister (JmxRegister.java:unregister(73)) - Successfully un-registered JMX Bean with object name Ratis:service=RaftServer,group=group-5B1A6A5071D9,id=17aeddd7-e61a-46f8-b584-b2ca2adc027c
2019-11-13 19:47:27,463 [grpc-default-executor-1] INFO  impl.RoleInfo (RoleInfo.java:shutdownFollowerState(121)) - 17aeddd7-e61a-46f8-b584-b2ca2adc027c: shutdown FollowerState
2019-11-13 19:47:27,463 [grpc-default-executor-1] INFO  impl.StateMachineUpdater (StateMachineUpdater.java:stopAndJoin(136)) - 17aeddd7-e61a-46f8-b584-b2ca2adc027c@group-5B1A6A5071D9-StateMachineUpdater: set stopIndex = -1
2019-11-13 19:47:27,463 [Thread-183] INFO  impl.FollowerState (FollowerState.java:run(120)) - 17aeddd7-e61a-46f8-b584-b2ca2adc027c@group-5B1A6A5071D9-FollowerState was interrupted: java.lang.InterruptedException: sleep interrupted
2019-11-13 19:47:27,464 [grpc-default-executor-1] INFO  impl.RaftServerImpl (ServerState.java:close(387)) - 17aeddd7-e61a-46f8-b584-b2ca2adc027c@group-5B1A6A5071D9: closes. applyIndex: -1
2019-11-13 19:47:27,465 [17aeddd7-e61a-46f8-b584-b2ca2adc027c@group-5B1A6A5071D9-SegmentedRaftLogWorker] INFO  segmented.SegmentedRaftLogWorker (SegmentedRaftLogWorker.java:run(316)) - 17aeddd7-e61a-46f8-b584-b2ca2adc027c@group-5B1A6A5071D9-SegmentedRaftLogWorker was interrupted, exiting. There are 0 tasks remaining in the queue.
2019-11-13 19:47:27,465 [grpc-default-executor-1] INFO  segmented.SegmentedRaftLogWorker (SegmentedRaftLogWorker.java:close(224)) - 17aeddd7-e61a-46f8-b584-b2ca2adc027c@group-5B1A6A5071D9-SegmentedRaftLogWorker close()
2019-11-13 19:47:27,473 [Thread-178] INFO  pipeline.PipelineStateManager (PipelineStateManager.java:removePipeline(106)) - Pipeline Pipeline[ Id: 6737c56d-1105-4b60-8d94-5b1a6a5071d9, Nodes: 17aeddd7-e61a-46f8-b584-b2ca2adc027c{ip: 192.168.164.219, host: pr-hdds-1940-7lghg-363871468, networkLocation: /default-rack, certSerialId: null}, Type:RATIS, Factor:ONE, State:CLOSED] removed from db
2019-11-13 19:47:27,473 [Thread-178] INFO  pipeline.SCMPipelineManager (SCMPipelineManager.java:finalizeAndDestroyPipeline(315)) - destroying pipeline:Pipeline[ Id: 389df46d-08d5-462a-a445-685d6d1956a1, Nodes: b8c81196-debe-4950-9544-de451655d31f{ip: 192.168.164.219, host: pr-hdds-1940-7lghg-363871468, networkLocation: /default-rack, certSerialId: null}, Type:RATIS, Factor:ONE, State:ALLOCATED]
2019-11-13 19:47:27,485 [grpc-default-executor-1] INFO  impl.RaftServerProxy (RaftServerProxy.java:addNew(89)) - 17aeddd7-e61a-46f8-b584-b2ca2adc027c: addNew group-32C8EE89E802:[17aeddd7-e61a-46f8-b584-b2ca2adc027c:192.168.164.219:33406] returns group-32C8EE89E802:java.util.concurrent.CompletableFuture@3fae01ce[Not completed]
2019-11-13 19:47:27,487 [pool-47-thread-1] INFO  impl.RaftServerImpl (RaftServerImpl.java:<init>(98)) - 17aeddd7-e61a-46f8-b584-b2ca2adc027c: new RaftServerImpl for group-32C8EE89E802:[17aeddd7-e61a-46f8-b584-b2ca2adc027c:192.168.164.219:33406] with ContainerStateMachine:uninitialized
2019-11-13 19:47:27,487 [pool-47-thread-1] INFO  server.RaftServerConfigKeys (ConfUtils.java:logGet(43)) - raft.server.rpc.timeout.min = 5s (custom)
2019-11-13 19:47:27,487 [pool-47-thread-1] INFO  server.RaftServerConfigKeys (ConfUtils.java:logGet(43)) - raft.server.rpc.timeout.max = 5200ms (custom)
2019-11-13 19:47:27,487 [pool-47-thread-1] INFO  server.RaftServerConfigKeys (ConfUtils.java:logGet(43)) - raft.server.rpcslowness.timeout = 120s (custom)
2019-11-13 19:47:27,487 [pool-47-thread-1] INFO  server.RaftServerConfigKeys (ConfUtils.java:logGet(43)) - raft.server.sleep.deviation.threshold = 300 (default)
2019-11-13 19:47:27,487 [pool-47-thread-1] INFO  server.RaftServerConfigKeys (ConfUtils.java:logGet(43)) - raft.server.log.appender.install.snapshot.enabled = false (custom)
2019-11-13 19:47:27,488 [pool-47-thread-1] INFO  impl.RaftServerImpl (ServerState.java:<init>(103)) - 17aeddd7-e61a-46f8-b584-b2ca2adc027c@group-32C8EE89E802: ConfigurationManager, init=-1: [17aeddd7-e61a-46f8-b584-b2ca2adc027c:192.168.164.219:33406], old=null, confs=<EMPTY_MAP>
2019-11-13 19:47:27,488 [pool-47-thread-1] INFO  server.RaftServerConfigKeys (ConfUtils.java:logGet(43)) - raft.server.storage.dir = [/workdir/hadoop-ozone/tools/target/test-dir/MiniOzoneClusterImpl-3d16d092-b9b0-488c-8c1c-2b0a872ac8b1/datanode-2/data/ratis] (custom)
2019-11-13 19:47:27,488 [pool-47-thread-1] INFO  server.RaftServerConfigKeys (ConfUtils.java:logGet(43)) - raft.server.log.corruption.policy = EXCEPTION (default)
2019-11-13 19:47:27,488 [pool-47-thread-1] INFO  storage.RaftStorageDirectory (RaftStorageDirectory.java:analyzeStorage(246)) - The storage directory /workdir/hadoop-ozone/tools/target/test-dir/MiniOzoneClusterImpl-3d16d092-b9b0-488c-8c1c-2b0a872ac8b1/datanode-2/data/ratis/0e16100e-a5eb-42f9-a722-32c8ee89e802 does not exist. Creating ...
2019-11-13 19:47:27,501 [pool-47-thread-1] INFO  storage.RaftStorageDirectory (RaftStorageDirectory.java:tryLock(328)) - Lock on /workdir/hadoop-ozone/tools/target/test-dir/MiniOzoneClusterImpl-3d16d092-b9b0-488c-8c1c-2b0a872ac8b1/datanode-2/data/ratis/0e16100e-a5eb-42f9-a722-32c8ee89e802/in_use.lock acquired by nodename 12686@pr-hdds-1940-7lghg-363871468
2019-11-13 19:47:27,526 [pool-47-thread-1] INFO  storage.RaftStorage (RaftStorage.java:format(84)) - Storage directory /workdir/hadoop-ozone/tools/target/test-dir/MiniOzoneClusterImpl-3d16d092-b9b0-488c-8c1c-2b0a872ac8b1/datanode-2/data/ratis/0e16100e-a5eb-42f9-a722-32c8ee89e802 has been successfully formatted.
2019-11-13 19:47:27,527 [pool-47-thread-1] INFO  ratis.ContainerStateMachine (ContainerStateMachine.java:loadSnapshot(223)) - group-32C8EE89E802: The snapshot info is null. Setting the last applied indexto:(t:0, i:~)
2019-11-13 19:47:27,527 [pool-47-thread-1] INFO  server.RaftServerConfigKeys (ConfUtils.java:logGet(43)) - raft.server.notification.no-leader.timeout = 120s (custom)
2019-11-13 19:47:27,527 [pool-47-thread-1] INFO  server.RaftServerConfigKeys (ConfUtils.java:logGet(43)) - raft.server.log.use.memory = false (default)
2019-11-13 19:47:27,527 [pool-47-thread-1] INFO  server.RaftServerConfigKeys (ConfUtils.java:logGet(43)) - raft.server.log.purge.gap = 1000000 (custom)
2019-11-13 19:47:27,528 [pool-47-thread-1] INFO  server.RaftServerConfigKeys (ConfUtils.java:logGet(43)) - raft.server.log.appender.buffer.byte-limit = 33554432 (custom)
2019-11-13 19:47:27,528 [pool-47-thread-1] INFO  server.RaftServerConfigKeys (ConfUtils.java:logGet(43)) - raft.server.log.segment.size.max = 1048576 (custom)
2019-11-13 19:47:27,528 [pool-47-thread-1] INFO  server.RaftServerConfigKeys (ConfUtils.java:logGet(43)) - raft.server.log.segment.cache.num.max = 2 (custom)
2019-11-13 19:47:27,528 [pool-47-thread-1] INFO  segmented.SegmentedRaftLogWorker (SegmentedRaftLogWorker.java:<init>(173)) - new 17aeddd7-e61a-46f8-b584-b2ca2adc027c@group-32C8EE89E802-SegmentedRaftLogWorker for RaftStorage:Storage Directory /workdir/hadoop-ozone/tools/target/test-dir/MiniOzoneClusterImpl-3d16d092-b9b0-488c-8c1c-2b0a872ac8b1/datanode-2/data/ratis/0e16100e-a5eb-42f9-a722-32c8ee89e802
2019-11-13 19:47:27,528 [pool-47-thread-1] INFO  server.RaftServerConfigKeys (ConfUtils.java:logGet(43)) - raft.server.log.queue.byte-limit = 2147483647 (custom)
2019-11-13 19:47:27,528 [pool-47-thread-1] INFO  server.RaftServerConfigKeys (ConfUtils.java:logGet(43)) - raft.server.log.queue.element-limit = 1024 (custom)
2019-11-13 19:47:27,528 [pool-47-thread-1] INFO  server.RaftServerConfigKeys (ConfUtils.java:logGet(43)) - raft.server.log.segment.size.max = 1048576 (custom)
2019-11-13 19:47:27,529 [pool-47-thread-1] INFO  server.RaftServerConfigKeys (ConfUtils.java:logGet(43)) - raft.server.log.preallocated.size = 16384 (custom)
2019-11-13 19:47:27,529 [pool-47-thread-1] INFO  server.RaftServerConfigKeys (ConfUtils.java:logGet(43)) - raft.server.log.write.buffer.size = 33554432 (custom)
2019-11-13 19:47:27,529 [pool-47-thread-1] INFO  server.RaftServerConfigKeys (ConfUtils.java:logGet(43)) - raft.server.log.force.sync.num = 128 (default)
2019-11-13 19:47:27,529 [pool-47-thread-1] INFO  server.RaftServerConfigKeys (ConfUtils.java:logGet(43)) - raft.server.log.statemachine.data.sync = true (default)
2019-11-13 19:47:27,529 [pool-47-thread-1] INFO  server.RaftServerConfigKeys (ConfUtils.java:logGet(43)) - raft.server.log.statemachine.data.sync.timeout = 10s (default)
2019-11-13 19:47:27,529 [pool-47-thread-1] INFO  server.RaftServerConfigKeys (ConfUtils.java:logGet(43)) - raft.server.log.statemachine.data.sync.timeout.retry = -1 (default)
2019-11-13 19:47:27,529 [pool-47-thread-1] INFO  server.RaftServerConfigKeys (ConfUtils.java:logGet(43)) - raft.server.log.statemachine.data.caching.enabled = true (custom)
2019-11-13 19:47:27,530 [pool-47-thread-1] INFO  segmented.SegmentedRaftLogWorker (SegmentedRaftLogWorker.java:lambda$new$0(128)) - 17aeddd7-e61a-46f8-b584-b2ca2adc027c@group-32C8EE89E802-SegmentedRaftLogWorker: flushIndex: setUnconditionally 0 -> -1
2019-11-13 19:47:27,530 [pool-47-thread-1] INFO  server.RaftServerConfigKeys (ConfUtils.java:logGet(43)) - raft.server.snapshot.auto.trigger.enabled = true (custom)
2019-11-13 19:47:27,530 [pool-47-thread-1] INFO  server.RaftServerConfigKeys (ConfUtils.java:logGet(43)) - raft.server.snapshot.auto.trigger.threshold = 10000 (custom)
2019-11-13 19:47:27,530 [pool-47-thread-1] INFO  server.RaftServerConfigKeys (ConfUtils.java:logGet(43)) - raft.server.snapshot.retention.file.num = 5 (custom)
2019-11-13 19:47:27,531 [pool-47-thread-1] INFO  server.RaftServerConfigKeys (ConfUtils.java:logGet(43)) - raft.server.retrycache.expirytime = 600000ms (custom)
2019-11-13 19:47:27,531 [pool-47-thread-1] WARN  impl.MetricRegistriesImpl (MetricRegistriesImpl.java:lambda$create$1(61)) - First MetricRegistry has been created without registering reporters. You may need to call MetricRegistries.global().addReportRegistration(...) before.
2019-11-13 19:47:27,531 [pool-47-thread-1] WARN  impl.MetricRegistriesImpl (MetricRegistriesImpl.java:lambda$create$1(61)) - First MetricRegistry has been created without registering reporters. You may need to call MetricRegistries.global().addReportRegistration(...) before.
2019-11-13 19:47:27,531 [pool-47-thread-1] INFO  impl.RaftServerImpl (RaftServerImpl.java:start(184)) - 17aeddd7-e61a-46f8-b584-b2ca2adc027c@group-32C8EE89E802: start as a follower, conf=-1: [17aeddd7-e61a-46f8-b584-b2ca2adc027c:192.168.164.219:33406], old=null
2019-11-13 19:47:27,531 [pool-47-thread-1] INFO  impl.RaftServerImpl (RaftServerImpl.java:setRole(173)) - 17aeddd7-e61a-46f8-b584-b2ca2adc027c@group-32C8EE89E802: changes role from      null to FOLLOWER at term 0 for startAsFollower
2019-11-13 19:47:27,532 [pool-47-thread-1] INFO  impl.RoleInfo (RoleInfo.java:updateAndGet(143)) - 17aeddd7-e61a-46f8-b584-b2ca2adc027c: start FollowerState
2019-11-13 19:47:27,532 [pool-47-thread-1] INFO  util.JmxRegister (JmxRegister.java:tryRegister(44)) - Successfully registered JMX Bean with object name Ratis:service=RaftServer,group=group-32C8EE89E802,id=17aeddd7-e61a-46f8-b584-b2ca2adc027c
2019-11-13 19:47:27,532 [pool-47-thread-1] WARN  impl.MetricRegistriesImpl (MetricRegistriesImpl.java:lambda$create$1(61)) - First MetricRegistry has been created without registering reporters. You may need to call MetricRegistries.global().addReportRegistration(...) before.
2019-11-13 19:47:27,538 [RatisPipelineUtilsThread] INFO  pipeline.PipelineStateManager (PipelineStateManager.java:addPipeline(55)) - Created pipeline Pipeline[ Id: 0e16100e-a5eb-42f9-a722-32c8ee89e802, Nodes: 17aeddd7-e61a-46f8-b584-b2ca2adc027c{ip: 192.168.164.219, host: pr-hdds-1940-7lghg-363871468, networkLocation: /default-rack, certSerialId: null}, Type:RATIS, Factor:ONE, State:ALLOCATED]
2019-11-13 19:47:27,539 [Thread-178] INFO  pipeline.PipelineStateManager (PipelineStateManager.java:finalizePipeline(121)) - Pipeline Pipeline[ Id: 389df46d-08d5-462a-a445-685d6d1956a1, Nodes: b8c81196-debe-4950-9544-de451655d31f{ip: 192.168.164.219, host: pr-hdds-1940-7lghg-363871468, networkLocation: /default-rack, certSerialId: null}, Type:RATIS, Factor:ONE, State:CLOSED] moved to CLOSED state
2019-11-13 19:47:27,552 [grpc-default-executor-1] INFO  impl.RaftServerProxy (RaftServerProxy.java:remove(95)) - b8c81196-debe-4950-9544-de451655d31f: remove  FOLLOWER b8c81196-debe-4950-9544-de451655d31f@group-685D6D1956A1:t0, leader=null, voted=null, raftlog=b8c81196-debe-4950-9544-de451655d31f@group-685D6D1956A1-SegmentedRaftLog:OPENED:c-1,f-1,i0, conf=-1: [b8c81196-debe-4950-9544-de451655d31f:192.168.164.219:40129], old=null RUNNING
2019-11-13 19:47:27,553 [grpc-default-executor-1] INFO  impl.RaftServerImpl (RaftServerImpl.java:lambda$shutdown$3(250)) - b8c81196-debe-4950-9544-de451655d31f@group-685D6D1956A1: shutdown
2019-11-13 19:47:27,553 [grpc-default-executor-1] INFO  util.JmxRegister (JmxRegister.java:unregister(73)) - Successfully un-registered JMX Bean with object name Ratis:service=RaftServer,group=group-685D6D1956A1,id=b8c81196-debe-4950-9544-de451655d31f
2019-11-13 19:47:27,553 [grpc-default-executor-1] INFO  impl.RoleInfo (RoleInfo.java:shutdownFollowerState(121)) - b8c81196-debe-4950-9544-de451655d31f: shutdown FollowerState
2019-11-13 19:47:27,553 [grpc-default-executor-1] INFO  impl.StateMachineUpdater (StateMachineUpdater.java:stopAndJoin(136)) - b8c81196-debe-4950-9544-de451655d31f@group-685D6D1956A1-StateMachineUpdater: set stopIndex = -1
2019-11-13 19:47:27,553 [Thread-186] INFO  impl.FollowerState (FollowerState.java:run(120)) - b8c81196-debe-4950-9544-de451655d31f@group-685D6D1956A1-FollowerState was interrupted: java.lang.InterruptedException: sleep interrupted
2019-11-13 19:47:27,555 [grpc-default-executor-1] INFO  impl.RaftServerImpl (ServerState.java:close(387)) - b8c81196-debe-4950-9544-de451655d31f@group-685D6D1956A1: closes. applyIndex: -1
2019-11-13 19:47:27,555 [b8c81196-debe-4950-9544-de451655d31f@group-685D6D1956A1-SegmentedRaftLogWorker] INFO  segmented.SegmentedRaftLogWorker (SegmentedRaftLogWorker.java:run(316)) - b8c81196-debe-4950-9544-de451655d31f@group-685D6D1956A1-SegmentedRaftLogWorker was interrupted, exiting. There are 0 tasks remaining in the queue.
2019-11-13 19:47:27,555 [grpc-default-executor-1] INFO  segmented.SegmentedRaftLogWorker (SegmentedRaftLogWorker.java:close(224)) - b8c81196-debe-4950-9544-de451655d31f@group-685D6D1956A1-SegmentedRaftLogWorker close()
2019-11-13 19:47:27,561 [Thread-178] INFO  pipeline.PipelineStateManager (PipelineStateManager.java:removePipeline(106)) - Pipeline Pipeline[ Id: 389df46d-08d5-462a-a445-685d6d1956a1, Nodes: b8c81196-debe-4950-9544-de451655d31f{ip: 192.168.164.219, host: pr-hdds-1940-7lghg-363871468, networkLocation: /default-rack, certSerialId: null}, Type:RATIS, Factor:ONE, State:CLOSED] removed from db
2019-11-13 19:47:27,569 [grpc-default-executor-1] INFO  impl.RaftServerProxy (RaftServerProxy.java:addNew(89)) - b8c81196-debe-4950-9544-de451655d31f: addNew group-ACB4C92EF263:[b8c81196-debe-4950-9544-de451655d31f:192.168.164.219:40129] returns group-ACB4C92EF263:java.util.concurrent.CompletableFuture@1ad7042[Not completed]
2019-11-13 19:47:27,571 [pool-37-thread-1] INFO  impl.RaftServerImpl (RaftServerImpl.java:<init>(98)) - b8c81196-debe-4950-9544-de451655d31f: new RaftServerImpl for group-ACB4C92EF263:[b8c81196-debe-4950-9544-de451655d31f:192.168.164.219:40129] with ContainerStateMachine:uninitialized
2019-11-13 19:47:27,571 [pool-37-thread-1] INFO  server.RaftServerConfigKeys (ConfUtils.java:logGet(43)) - raft.server.rpc.timeout.min = 5s (custom)
2019-11-13 19:47:27,571 [pool-37-thread-1] INFO  server.RaftServerConfigKeys (ConfUtils.java:logGet(43)) - raft.server.rpc.timeout.max = 5200ms (custom)
2019-11-13 19:47:27,572 [pool-37-thread-1] INFO  server.RaftServerConfigKeys (ConfUtils.java:logGet(43)) - raft.server.rpcslowness.timeout = 120s (custom)
2019-11-13 19:47:27,572 [pool-37-thread-1] INFO  server.RaftServerConfigKeys (ConfUtils.java:logGet(43)) - raft.server.sleep.deviation.threshold = 300 (default)
2019-11-13 19:47:27,572 [pool-37-thread-1] INFO  server.RaftServerConfigKeys (ConfUtils.java:logGet(43)) - raft.server.log.appender.install.snapshot.enabled = false (custom)
2019-11-13 19:47:27,572 [pool-37-thread-1] INFO  impl.RaftServerImpl (ServerState.java:<init>(103)) - b8c81196-debe-4950-9544-de451655d31f@group-ACB4C92EF263: ConfigurationManager, init=-1: [b8c81196-debe-4950-9544-de451655d31f:192.168.164.219:40129], old=null, confs=<EMPTY_MAP>
2019-11-13 19:47:27,572 [pool-37-thread-1] INFO  server.RaftServerConfigKeys (ConfUtils.java:logGet(43)) - raft.server.storage.dir = [/workdir/hadoop-ozone/tools/target/test-dir/MiniOzoneClusterImpl-3d16d092-b9b0-488c-8c1c-2b0a872ac8b1/datanode-1/data/ratis] (custom)
2019-11-13 19:47:27,572 [pool-37-thread-1] INFO  server.RaftServerConfigKeys (ConfUtils.java:logGet(43)) - raft.server.log.corruption.policy = EXCEPTION (default)
2019-11-13 19:47:27,573 [pool-37-thread-1] INFO  storage.RaftStorageDirectory (RaftStorageDirectory.java:analyzeStorage(246)) - The storage directory /workdir/hadoop-ozone/tools/target/test-dir/MiniOzoneClusterImpl-3d16d092-b9b0-488c-8c1c-2b0a872ac8b1/datanode-1/data/ratis/3292cf53-e750-42f9-b49a-acb4c92ef263 does not exist. Creating ...
2019-11-13 19:47:27,586 [pool-37-thread-1] INFO  storage.RaftStorageDirectory (RaftStorageDirectory.java:tryLock(328)) - Lock on /workdir/hadoop-ozone/tools/target/test-dir/MiniOzoneClusterImpl-3d16d092-b9b0-488c-8c1c-2b0a872ac8b1/datanode-1/data/ratis/3292cf53-e750-42f9-b49a-acb4c92ef263/in_use.lock acquired by nodename 12686@pr-hdds-1940-7lghg-363871468
2019-11-13 19:47:27,600 [pool-37-thread-1] INFO  storage.RaftStorage (RaftStorage.java:format(84)) - Storage directory /workdir/hadoop-ozone/tools/target/test-dir/MiniOzoneClusterImpl-3d16d092-b9b0-488c-8c1c-2b0a872ac8b1/datanode-1/data/ratis/3292cf53-e750-42f9-b49a-acb4c92ef263 has been successfully formatted.
2019-11-13 19:47:27,600 [pool-37-thread-1] INFO  ratis.ContainerStateMachine (ContainerStateMachine.java:loadSnapshot(223)) - group-ACB4C92EF263: The snapshot info is null. Setting the last applied indexto:(t:0, i:~)
2019-11-13 19:47:27,601 [pool-37-thread-1] INFO  server.RaftServerConfigKeys (ConfUtils.java:logGet(43)) - raft.server.notification.no-leader.timeout = 120s (custom)
2019-11-13 19:47:27,601 [pool-37-thread-1] INFO  server.RaftServerConfigKeys (ConfUtils.java:logGet(43)) - raft.server.log.use.memory = false (default)
2019-11-13 19:47:27,601 [pool-37-thread-1] INFO  server.RaftServerConfigKeys (ConfUtils.java:logGet(43)) - raft.server.log.purge.gap = 1000000 (custom)
2019-11-13 19:47:27,601 [pool-37-thread-1] INFO  server.RaftServerConfigKeys (ConfUtils.java:logGet(43)) - raft.server.log.appender.buffer.byte-limit = 33554432 (custom)
2019-11-13 19:47:27,601 [pool-37-thread-1] INFO  server.RaftServerConfigKeys (ConfUtils.java:logGet(43)) - raft.server.log.segment.size.max = 1048576 (custom)
2019-11-13 19:47:27,601 [pool-37-thread-1] INFO  server.RaftServerConfigKeys (ConfUtils.java:logGet(43)) - raft.server.log.segment.cache.num.max = 2 (custom)
2019-11-13 19:47:27,601 [pool-37-thread-1] INFO  segmented.SegmentedRaftLogWorker (SegmentedRaftLogWorker.java:<init>(173)) - new b8c81196-debe-4950-9544-de451655d31f@group-ACB4C92EF263-SegmentedRaftLogWorker for RaftStorage:Storage Directory /workdir/hadoop-ozone/tools/target/test-dir/MiniOzoneClusterImpl-3d16d092-b9b0-488c-8c1c-2b0a872ac8b1/datanode-1/data/ratis/3292cf53-e750-42f9-b49a-acb4c92ef263
2019-11-13 19:47:27,601 [pool-37-thread-1] INFO  server.RaftServerConfigKeys (ConfUtils.java:logGet(43)) - raft.server.log.queue.byte-limit = 2147483647 (custom)
2019-11-13 19:47:27,602 [pool-37-thread-1] INFO  server.RaftServerConfigKeys (ConfUtils.java:logGet(43)) - raft.server.log.queue.element-limit = 1024 (custom)
2019-11-13 19:47:27,602 [pool-37-thread-1] INFO  server.RaftServerConfigKeys (ConfUtils.java:logGet(43)) - raft.server.log.segment.size.max = 1048576 (custom)
2019-11-13 19:47:27,602 [pool-37-thread-1] INFO  server.RaftServerConfigKeys (ConfUtils.java:logGet(43)) - raft.server.log.preallocated.size = 16384 (custom)
2019-11-13 19:47:27,602 [pool-37-thread-1] INFO  server.RaftServerConfigKeys (ConfUtils.java:logGet(43)) - raft.server.log.write.buffer.size = 33554432 (custom)
2019-11-13 19:47:27,602 [pool-37-thread-1] INFO  server.RaftServerConfigKeys (ConfUtils.java:logGet(43)) - raft.server.log.force.sync.num = 128 (default)
2019-11-13 19:47:27,602 [pool-37-thread-1] INFO  server.RaftServerConfigKeys (ConfUtils.java:logGet(43)) - raft.server.log.statemachine.data.sync = true (default)
2019-11-13 19:47:27,602 [pool-37-thread-1] INFO  server.RaftServerConfigKeys (ConfUtils.java:logGet(43)) - raft.server.log.statemachine.data.sync.timeout = 10s (default)
2019-11-13 19:47:27,602 [pool-37-thread-1] INFO  server.RaftServerConfigKeys (ConfUtils.java:logGet(43)) - raft.server.log.statemachine.data.sync.timeout.retry = -1 (default)
2019-11-13 19:47:27,603 [pool-37-thread-1] INFO  server.RaftServerConfigKeys (ConfUtils.java:logGet(43)) - raft.server.log.statemachine.data.caching.enabled = true (custom)
2019-11-13 19:47:27,603 [pool-37-thread-1] INFO  segmented.SegmentedRaftLogWorker (SegmentedRaftLogWorker.java:lambda$new$0(128)) - b8c81196-debe-4950-9544-de451655d31f@group-ACB4C92EF263-SegmentedRaftLogWorker: flushIndex: setUnconditionally 0 -> -1
2019-11-13 19:47:27,603 [pool-37-thread-1] INFO  server.RaftServerConfigKeys (ConfUtils.java:logGet(43)) - raft.server.snapshot.auto.trigger.enabled = true (custom)
2019-11-13 19:47:27,603 [pool-37-thread-1] INFO  server.RaftServerConfigKeys (ConfUtils.java:logGet(43)) - raft.server.snapshot.auto.trigger.threshold = 10000 (custom)
2019-11-13 19:47:27,604 [pool-37-thread-1] INFO  server.RaftServerConfigKeys (ConfUtils.java:logGet(43)) - raft.server.snapshot.retention.file.num = 5 (custom)
2019-11-13 19:47:27,604 [pool-37-thread-1] INFO  server.RaftServerConfigKeys (ConfUtils.java:logGet(43)) - raft.server.retrycache.expirytime = 600000ms (custom)
2019-11-13 19:47:27,604 [pool-37-thread-1] WARN  impl.MetricRegistriesImpl (MetricRegistriesImpl.java:lambda$create$1(61)) - First MetricRegistry has been created without registering reporters. You may need to call MetricRegistries.global().addReportRegistration(...) before.
2019-11-13 19:47:27,604 [pool-37-thread-1] WARN  impl.MetricRegistriesImpl (MetricRegistriesImpl.java:lambda$create$1(61)) - First MetricRegistry has been created without registering reporters. You may need to call MetricRegistries.global().addReportRegistration(...) before.
2019-11-13 19:47:27,604 [pool-37-thread-1] INFO  impl.RaftServerImpl (RaftServerImpl.java:start(184)) - b8c81196-debe-4950-9544-de451655d31f@group-ACB4C92EF263: start as a follower, conf=-1: [b8c81196-debe-4950-9544-de451655d31f:192.168.164.219:40129], old=null
2019-11-13 19:47:27,605 [pool-37-thread-1] INFO  impl.RaftServerImpl (RaftServerImpl.java:setRole(173)) - b8c81196-debe-4950-9544-de451655d31f@group-ACB4C92EF263: changes role from      null to FOLLOWER at term 0 for startAsFollower
2019-11-13 19:47:27,605 [pool-37-thread-1] INFO  impl.RoleInfo (RoleInfo.java:updateAndGet(143)) - b8c81196-debe-4950-9544-de451655d31f: start FollowerState
2019-11-13 19:47:27,605 [pool-37-thread-1] INFO  util.JmxRegister (JmxRegister.java:tryRegister(44)) - Successfully registered JMX Bean with object name Ratis:service=RaftServer,group=group-ACB4C92EF263,id=b8c81196-debe-4950-9544-de451655d31f
2019-11-13 19:47:27,605 [pool-37-thread-1] WARN  impl.MetricRegistriesImpl (MetricRegistriesImpl.java:lambda$create$1(61)) - First MetricRegistry has been created without registering reporters. You may need to call MetricRegistries.global().addReportRegistration(...) before.
2019-11-13 19:47:27,611 [RatisPipelineUtilsThread] INFO  pipeline.PipelineStateManager (PipelineStateManager.java:addPipeline(55)) - Created pipeline Pipeline[ Id: 3292cf53-e750-42f9-b49a-acb4c92ef263, Nodes: b8c81196-debe-4950-9544-de451655d31f{ip: 192.168.164.219, host: pr-hdds-1940-7lghg-363871468, networkLocation: /default-rack, certSerialId: null}, Type:RATIS, Factor:ONE, State:ALLOCATED]
2019-11-13 19:47:28,023 [main] INFO  ozone.MiniOzoneClusterImpl (MiniOzoneClusterImpl.java:lambda$waitForClusterToBeReady$2(163)) - Waiting for 4 number of pipelines out of 4, to report a leader.
2019-11-13 19:47:29,024 [main] INFO  ozone.MiniOzoneClusterImpl (MiniOzoneClusterImpl.java:lambda$waitForClusterToBeReady$2(163)) - Waiting for 4 number of pipelines out of 4, to report a leader.
2019-11-13 19:47:30,025 [main] INFO  ozone.MiniOzoneClusterImpl (MiniOzoneClusterImpl.java:lambda$waitForClusterToBeReady$2(163)) - Waiting for 4 number of pipelines out of 4, to report a leader.
2019-11-13 19:47:31,026 [main] INFO  ozone.MiniOzoneClusterImpl (MiniOzoneClusterImpl.java:lambda$waitForClusterToBeReady$2(163)) - Waiting for 4 number of pipelines out of 4, to report a leader.
2019-11-13 19:47:32,028 [main] INFO  ozone.MiniOzoneClusterImpl (MiniOzoneClusterImpl.java:lambda$waitForClusterToBeReady$2(163)) - Waiting for 4 number of pipelines out of 4, to report a leader.
2019-11-13 19:47:32,309 [Thread-205] INFO  impl.FollowerState (FollowerState.java:run(111)) - b8c81196-debe-4950-9544-de451655d31f@group-013DB60B82FB-FollowerState: change to CANDIDATE, lastRpcTime:5008ms, electionTimeout:5008ms
2019-11-13 19:47:32,312 [Thread-205] INFO  impl.RoleInfo (RoleInfo.java:shutdownFollowerState(121)) - b8c81196-debe-4950-9544-de451655d31f: shutdown FollowerState
2019-11-13 19:47:32,312 [Thread-205] INFO  impl.RaftServerImpl (RaftServerImpl.java:setRole(173)) - b8c81196-debe-4950-9544-de451655d31f@group-013DB60B82FB: changes role from  FOLLOWER to CANDIDATE at term 0 for changeToCandidate
2019-11-13 19:47:32,318 [Thread-205] INFO  impl.RoleInfo (RoleInfo.java:updateAndGet(143)) - b8c81196-debe-4950-9544-de451655d31f: start LeaderElection
2019-11-13 19:47:32,339 [Thread-206] INFO  impl.FollowerState (FollowerState.java:run(111)) - 99a25fb9-47c0-4443-afd7-9fccc5c7cead@group-013DB60B82FB-FollowerState: change to CANDIDATE, lastRpcTime:5037ms, electionTimeout:5037ms
2019-11-13 19:47:32,339 [Thread-206] INFO  impl.RoleInfo (RoleInfo.java:shutdownFollowerState(121)) - 99a25fb9-47c0-4443-afd7-9fccc5c7cead: shutdown FollowerState
2019-11-13 19:47:32,339 [Thread-206] INFO  impl.RaftServerImpl (RaftServerImpl.java:setRole(173)) - 99a25fb9-47c0-4443-afd7-9fccc5c7cead@group-013DB60B82FB: changes role from  FOLLOWER to CANDIDATE at term 0 for changeToCandidate
2019-11-13 19:47:32,340 [Thread-206] INFO  impl.RoleInfo (RoleInfo.java:updateAndGet(143)) - 99a25fb9-47c0-4443-afd7-9fccc5c7cead: start LeaderElection
2019-11-13 19:47:32,347 [b8c81196-debe-4950-9544-de451655d31f@group-013DB60B82FB-LeaderElection1] INFO  impl.LeaderElection (LeaderElection.java:askForVotes(178)) - b8c81196-debe-4950-9544-de451655d31f@group-013DB60B82FB-LeaderElection1: begin an election at term 1 for -1: [99a25fb9-47c0-4443-afd7-9fccc5c7cead:192.168.164.219:43664, 17aeddd7-e61a-46f8-b584-b2ca2adc027c:192.168.164.219:33406, b8c81196-debe-4950-9544-de451655d31f:192.168.164.219:40129], old=null
2019-11-13 19:47:32,350 [99a25fb9-47c0-4443-afd7-9fccc5c7cead@group-013DB60B82FB-LeaderElection2] INFO  impl.LeaderElection (LeaderElection.java:askForVotes(178)) - 99a25fb9-47c0-4443-afd7-9fccc5c7cead@group-013DB60B82FB-LeaderElection2: begin an election at term 1 for -1: [99a25fb9-47c0-4443-afd7-9fccc5c7cead:192.168.164.219:43664, 17aeddd7-e61a-46f8-b584-b2ca2adc027c:192.168.164.219:33406, b8c81196-debe-4950-9544-de451655d31f:192.168.164.219:40129], old=null
2019-11-13 19:47:32,387 [grpc-default-executor-1] INFO  impl.RaftServerImpl (RaftServerImpl.java:setRole(173)) - 17aeddd7-e61a-46f8-b584-b2ca2adc027c@group-013DB60B82FB: changes role from  FOLLOWER to FOLLOWER at term 1 for recognizeCandidate:b8c81196-debe-4950-9544-de451655d31f
2019-11-13 19:47:32,388 [grpc-default-executor-1] INFO  impl.RoleInfo (RoleInfo.java:shutdownFollowerState(121)) - 17aeddd7-e61a-46f8-b584-b2ca2adc027c: shutdown FollowerState
2019-11-13 19:47:32,388 [Thread-204] INFO  impl.FollowerState (FollowerState.java:run(120)) - 17aeddd7-e61a-46f8-b584-b2ca2adc027c@group-013DB60B82FB-FollowerState was interrupted: java.lang.InterruptedException: sleep interrupted
2019-11-13 19:47:32,388 [grpc-default-executor-1] INFO  impl.RoleInfo (RoleInfo.java:updateAndGet(143)) - 17aeddd7-e61a-46f8-b584-b2ca2adc027c: start FollowerState
2019-11-13 19:47:32,414 [b8c81196-debe-4950-9544-de451655d31f@group-013DB60B82FB-LeaderElection1] INFO  impl.LeaderElection (LeaderElection.java:logAndReturn(56)) - b8c81196-debe-4950-9544-de451655d31f@group-013DB60B82FB-LeaderElection1: Election PASSED; received 2 response(s) [b8c81196-debe-4950-9544-de451655d31f<-99a25fb9-47c0-4443-afd7-9fccc5c7cead#0:FAIL-t1, b8c81196-debe-4950-9544-de451655d31f<-17aeddd7-e61a-46f8-b584-b2ca2adc027c#0:OK-t1] and 0 exception(s); b8c81196-debe-4950-9544-de451655d31f@group-013DB60B82FB:t1, leader=null, voted=b8c81196-debe-4950-9544-de451655d31f, raftlog=b8c81196-debe-4950-9544-de451655d31f@group-013DB60B82FB-SegmentedRaftLog:OPENED:c-1,f-1,i0, conf=-1: [99a25fb9-47c0-4443-afd7-9fccc5c7cead:192.168.164.219:43664, 17aeddd7-e61a-46f8-b584-b2ca2adc027c:192.168.164.219:33406, b8c81196-debe-4950-9544-de451655d31f:192.168.164.219:40129], old=null
2019-11-13 19:47:32,414 [99a25fb9-47c0-4443-afd7-9fccc5c7cead@group-013DB60B82FB-LeaderElection2] INFO  impl.LeaderElection (LeaderElection.java:logAndReturn(56)) - 99a25fb9-47c0-4443-afd7-9fccc5c7cead@group-013DB60B82FB-LeaderElection2: Election REJECTED; received 2 response(s) [99a25fb9-47c0-4443-afd7-9fccc5c7cead<-17aeddd7-e61a-46f8-b584-b2ca2adc027c#0:FAIL-t1, 99a25fb9-47c0-4443-afd7-9fccc5c7cead<-b8c81196-debe-4950-9544-de451655d31f#0:FAIL-t1] and 0 exception(s); 99a25fb9-47c0-4443-afd7-9fccc5c7cead@group-013DB60B82FB:t1, leader=null, voted=99a25fb9-47c0-4443-afd7-9fccc5c7cead, raftlog=99a25fb9-47c0-4443-afd7-9fccc5c7cead@group-013DB60B82FB-SegmentedRaftLog:OPENED:c-1,f-1,i0, conf=-1: [99a25fb9-47c0-4443-afd7-9fccc5c7cead:192.168.164.219:43664, 17aeddd7-e61a-46f8-b584-b2ca2adc027c:192.168.164.219:33406, b8c81196-debe-4950-9544-de451655d31f:192.168.164.219:40129], old=null
2019-11-13 19:47:32,418 [b8c81196-debe-4950-9544-de451655d31f@group-013DB60B82FB-LeaderElection1] INFO  impl.RoleInfo (RoleInfo.java:shutdownLeaderElection(134)) - b8c81196-debe-4950-9544-de451655d31f: shutdown LeaderElection
2019-11-13 19:47:32,418 [99a25fb9-47c0-4443-afd7-9fccc5c7cead@group-013DB60B82FB-LeaderElection2] INFO  impl.RaftServerImpl (RaftServerImpl.java:setRole(173)) - 99a25fb9-47c0-4443-afd7-9fccc5c7cead@group-013DB60B82FB: changes role from CANDIDATE to FOLLOWER at term 1 for DISCOVERED_A_NEW_TERM
2019-11-13 19:47:32,419 [99a25fb9-47c0-4443-afd7-9fccc5c7cead@group-013DB60B82FB-LeaderElection2] INFO  impl.RoleInfo (RoleInfo.java:shutdownLeaderElection(134)) - 99a25fb9-47c0-4443-afd7-9fccc5c7cead: shutdown LeaderElection
2019-11-13 19:47:32,420 [b8c81196-debe-4950-9544-de451655d31f@group-013DB60B82FB-LeaderElection1] INFO  impl.RaftServerImpl (RaftServerImpl.java:setRole(173)) - b8c81196-debe-4950-9544-de451655d31f@group-013DB60B82FB: changes role from CANDIDATE to LEADER at term 1 for changeToLeader
2019-11-13 19:47:32,420 [99a25fb9-47c0-4443-afd7-9fccc5c7cead@group-013DB60B82FB-LeaderElection2] INFO  impl.RoleInfo (RoleInfo.java:updateAndGet(143)) - 99a25fb9-47c0-4443-afd7-9fccc5c7cead: start FollowerState
2019-11-13 19:47:32,420 [b8c81196-debe-4950-9544-de451655d31f@group-013DB60B82FB-LeaderElection1] INFO  ratis.XceiverServerRatis (XceiverServerRatis.java:handleLeaderChangedNotification(697)) - Leader change notification received for group: group-013DB60B82FB with new leaderId: b8c81196-debe-4950-9544-de451655d31f
2019-11-13 19:47:32,425 [b8c81196-debe-4950-9544-de451655d31f@group-013DB60B82FB-LeaderElection1] INFO  impl.RaftServerImpl (ServerState.java:setLeader(255)) - b8c81196-debe-4950-9544-de451655d31f@group-013DB60B82FB: change Leader from null to b8c81196-debe-4950-9544-de451655d31f at term 1 for becomeLeader, leader elected after 5133ms
2019-11-13 19:47:32,432 [b8c81196-debe-4950-9544-de451655d31f@group-013DB60B82FB-LeaderElection1] INFO  server.RaftServerConfigKeys (ConfUtils.java:logGet(43)) - raft.server.staging.catchup.gap = 1000 (default)
2019-11-13 19:47:32,433 [b8c81196-debe-4950-9544-de451655d31f@group-013DB60B82FB-LeaderElection1] INFO  server.RaftServerConfigKeys (ConfUtils.java:logGet(43)) - raft.server.rpc.sleep.time = 25ms (default)
2019-11-13 19:47:32,438 [b8c81196-debe-4950-9544-de451655d31f@group-013DB60B82FB-LeaderElection1] INFO  server.RaftServerConfigKeys (ConfUtils.java:logGet(43)) - raft.server.write.element-limit = 4096 (default)
2019-11-13 19:47:32,442 [b8c81196-debe-4950-9544-de451655d31f@group-013DB60B82FB-LeaderElection1] INFO  server.RaftServerConfigKeys (ConfUtils.java:logGet(43)) - raft.server.watch.timeout = 10s (default)
2019-11-13 19:47:32,442 [b8c81196-debe-4950-9544-de451655d31f@group-013DB60B82FB-LeaderElection1] INFO  server.RaftServerConfigKeys (ConfUtils.java:logGet(43)) - raft.server.watch.timeout.denomination = 1s (default)
2019-11-13 19:47:32,443 [b8c81196-debe-4950-9544-de451655d31f@group-013DB60B82FB-LeaderElection1] INFO  server.RaftServerConfigKeys (ConfUtils.java:logGet(43)) - raft.server.watch.element-limit = 65536 (default)
2019-11-13 19:47:32,447 [EventQueue-PipelineReportForPipelineReportHandler] INFO  pipeline.PipelineStateManager (PipelineStateManager.java:openPipeline(134)) - Pipeline Pipeline[ Id: ffcbeb03-4342-4610-83d4-013db60b82fb, Nodes: 17aeddd7-e61a-46f8-b584-b2ca2adc027c{ip: 192.168.164.219, host: pr-hdds-1940-7lghg-363871468, networkLocation: /default-rack, certSerialId: null}99a25fb9-47c0-4443-afd7-9fccc5c7cead{ip: 192.168.164.219, host: pr-hdds-1940-7lghg-363871468, networkLocation: /default-rack, certSerialId: null}b8c81196-debe-4950-9544-de451655d31f{ip: 192.168.164.219, host: pr-hdds-1940-7lghg-363871468, networkLocation: /default-rack, certSerialId: null}, Type:RATIS, Factor:THREE, State:OPEN] moved to OPEN state
2019-11-13 19:47:32,456 [b8c81196-debe-4950-9544-de451655d31f@group-013DB60B82FB-LeaderElection1] INFO  server.RaftServerConfigKeys (ConfUtils.java:logGet(43)) - raft.server.log.appender.snapshot.chunk.size.max = 16MB (=16777216) (default)
2019-11-13 19:47:32,457 [b8c81196-debe-4950-9544-de451655d31f@group-013DB60B82FB-LeaderElection1] INFO  server.RaftServerConfigKeys (ConfUtils.java:logGet(43)) - raft.server.log.appender.buffer.byte-limit = 33554432 (custom)
2019-11-13 19:47:32,457 [b8c81196-debe-4950-9544-de451655d31f@group-013DB60B82FB-LeaderElection1] INFO  server.RaftServerConfigKeys (ConfUtils.java:logGet(43)) - raft.server.log.appender.buffer.element-limit = 1 (custom)
2019-11-13 19:47:32,461 [b8c81196-debe-4950-9544-de451655d31f@group-013DB60B82FB-LeaderElection1] INFO  grpc.GrpcConfigKeys$Server (ConfUtils.java:logGet(43)) - raft.grpc.server.leader.outstanding.appends.max = 128 (default)
2019-11-13 19:47:32,461 [b8c81196-debe-4950-9544-de451655d31f@group-013DB60B82FB-LeaderElection1] INFO  server.RaftServerConfigKeys (ConfUtils.java:logGet(43)) - raft.server.rpc.request.timeout = 3000ms (default)
2019-11-13 19:47:32,462 [b8c81196-debe-4950-9544-de451655d31f@group-013DB60B82FB-LeaderElection1] INFO  server.RaftServerConfigKeys (ConfUtils.java:logGet(43)) - raft.server.log.appender.install.snapshot.enabled = false (custom)
2019-11-13 19:47:32,463 [b8c81196-debe-4950-9544-de451655d31f@group-013DB60B82FB-LeaderElection1] WARN  impl.MetricRegistriesImpl (MetricRegistriesImpl.java:lambda$create$1(61)) - First MetricRegistry has been created without registering reporters. You may need to call MetricRegistries.global().addReportRegistration(...) before.
2019-11-13 19:47:32,464 [b8c81196-debe-4950-9544-de451655d31f@group-013DB60B82FB-LeaderElection1] INFO  server.RaftServerConfigKeys (ConfUtils.java:logGet(43)) - raft.server.log.appender.snapshot.chunk.size.max = 16MB (=16777216) (default)
2019-11-13 19:47:32,465 [b8c81196-debe-4950-9544-de451655d31f@group-013DB60B82FB-LeaderElection1] INFO  server.RaftServerConfigKeys (ConfUtils.java:logGet(43)) - raft.server.log.appender.buffer.byte-limit = 33554432 (custom)
2019-11-13 19:47:32,465 [b8c81196-debe-4950-9544-de451655d31f@group-013DB60B82FB-LeaderElection1] INFO  server.RaftServerConfigKeys (ConfUtils.java:logGet(43)) - raft.server.log.appender.buffer.element-limit = 1 (custom)
2019-11-13 19:47:32,465 [b8c81196-debe-4950-9544-de451655d31f@group-013DB60B82FB-LeaderElection1] INFO  grpc.GrpcConfigKeys$Server (ConfUtils.java:logGet(43)) - raft.grpc.server.leader.outstanding.appends.max = 128 (default)
2019-11-13 19:47:32,465 [b8c81196-debe-4950-9544-de451655d31f@group-013DB60B82FB-LeaderElection1] INFO  server.RaftServerConfigKeys (ConfUtils.java:logGet(43)) - raft.server.rpc.request.timeout = 3000ms (default)
2019-11-13 19:47:32,465 [b8c81196-debe-4950-9544-de451655d31f@group-013DB60B82FB-LeaderElection1] INFO  server.RaftServerConfigKeys (ConfUtils.java:logGet(43)) - raft.server.log.appender.install.snapshot.enabled = false (custom)
2019-11-13 19:47:32,470 [b8c81196-debe-4950-9544-de451655d31f@group-013DB60B82FB-LeaderElection1] INFO  impl.RoleInfo (RoleInfo.java:updateAndGet(143)) - b8c81196-debe-4950-9544-de451655d31f: start LeaderState
2019-11-13 19:47:32,489 [b8c81196-debe-4950-9544-de451655d31f@group-013DB60B82FB-LeaderElection1] INFO  segmented.SegmentedRaftLogWorker (SegmentedRaftLogWorker.java:startLogSegment(385)) - b8c81196-debe-4950-9544-de451655d31f@group-013DB60B82FB-SegmentedRaftLogWorker: Starting segment from index:0
2019-11-13 19:47:32,501 [b8c81196-debe-4950-9544-de451655d31f@group-013DB60B82FB-LeaderElection1] INFO  impl.RaftServerImpl (ServerState.java:setRaftConf(356)) - b8c81196-debe-4950-9544-de451655d31f@group-013DB60B82FB: set configuration 0: [99a25fb9-47c0-4443-afd7-9fccc5c7cead:192.168.164.219:43664, 17aeddd7-e61a-46f8-b584-b2ca2adc027c:192.168.164.219:33406, b8c81196-debe-4950-9544-de451655d31f:192.168.164.219:40129], old=null at 0
2019-11-13 19:47:32,533 [grpc-default-executor-3] INFO  ratis.XceiverServerRatis (XceiverServerRatis.java:handleLeaderChangedNotification(697)) - Leader change notification received for group: group-013DB60B82FB with new leaderId: b8c81196-debe-4950-9544-de451655d31f
2019-11-13 19:47:32,533 [grpc-default-executor-0] INFO  ratis.XceiverServerRatis (XceiverServerRatis.java:handleLeaderChangedNotification(697)) - Leader change notification received for group: group-013DB60B82FB with new leaderId: b8c81196-debe-4950-9544-de451655d31f
2019-11-13 19:47:32,534 [grpc-default-executor-3] INFO  impl.RaftServerImpl (ServerState.java:setLeader(255)) - 17aeddd7-e61a-46f8-b584-b2ca2adc027c@group-013DB60B82FB: change Leader from null to b8c81196-debe-4950-9544-de451655d31f at term 1 for appendEntries, leader elected after 5245ms
2019-11-13 19:47:32,534 [grpc-default-executor-0] INFO  impl.RaftServerImpl (ServerState.java:setLeader(255)) - 99a25fb9-47c0-4443-afd7-9fccc5c7cead@group-013DB60B82FB: change Leader from null to b8c81196-debe-4950-9544-de451655d31f at term 1 for appendEntries, leader elected after 5245ms
2019-11-13 19:47:32,542 [Thread-212] INFO  impl.FollowerState (FollowerState.java:run(111)) - 99a25fb9-47c0-4443-afd7-9fccc5c7cead@group-C9D3333A5E89-FollowerState: change to CANDIDATE, lastRpcTime:5106ms, electionTimeout:5106ms
2019-11-13 19:47:32,543 [Thread-212] INFO  impl.RoleInfo (RoleInfo.java:shutdownFollowerState(121)) - 99a25fb9-47c0-4443-afd7-9fccc5c7cead: shutdown FollowerState
2019-11-13 19:47:32,543 [Thread-212] INFO  impl.RaftServerImpl (RaftServerImpl.java:setRole(173)) - 99a25fb9-47c0-4443-afd7-9fccc5c7cead@group-C9D3333A5E89: changes role from  FOLLOWER to CANDIDATE at term 0 for changeToCandidate
2019-11-13 19:47:32,543 [Thread-212] INFO  impl.RoleInfo (RoleInfo.java:updateAndGet(143)) - 99a25fb9-47c0-4443-afd7-9fccc5c7cead: start LeaderElection
2019-11-13 19:47:32,560 [99a25fb9-47c0-4443-afd7-9fccc5c7cead@group-C9D3333A5E89-LeaderElection3] INFO  impl.LeaderElection (LeaderElection.java:askForVotes(178)) - 99a25fb9-47c0-4443-afd7-9fccc5c7cead@group-C9D3333A5E89-LeaderElection3: begin an election at term 1 for -1: [99a25fb9-47c0-4443-afd7-9fccc5c7cead:192.168.164.219:43664], old=null
2019-11-13 19:47:32,560 [99a25fb9-47c0-4443-afd7-9fccc5c7cead@group-C9D3333A5E89-LeaderElection3] INFO  impl.RoleInfo (RoleInfo.java:shutdownLeaderElection(134)) - 99a25fb9-47c0-4443-afd7-9fccc5c7cead: shutdown LeaderElection
2019-11-13 19:47:32,560 [99a25fb9-47c0-4443-afd7-9fccc5c7cead@group-C9D3333A5E89-LeaderElection3] INFO  impl.RaftServerImpl (RaftServerImpl.java:setRole(173)) - 99a25fb9-47c0-4443-afd7-9fccc5c7cead@group-C9D3333A5E89: changes role from CANDIDATE to LEADER at term 1 for changeToLeader
2019-11-13 19:47:32,560 [99a25fb9-47c0-4443-afd7-9fccc5c7cead@group-C9D3333A5E89-LeaderElection3] INFO  ratis.XceiverServerRatis (XceiverServerRatis.java:handleLeaderChangedNotification(697)) - Leader change notification received for group: group-C9D3333A5E89 with new leaderId: 99a25fb9-47c0-4443-afd7-9fccc5c7cead
2019-11-13 19:47:32,561 [99a25fb9-47c0-4443-afd7-9fccc5c7cead@group-C9D3333A5E89-LeaderElection3] INFO  impl.RaftServerImpl (ServerState.java:setLeader(255)) - 99a25fb9-47c0-4443-afd7-9fccc5c7cead@group-C9D3333A5E89: change Leader from null to 99a25fb9-47c0-4443-afd7-9fccc5c7cead at term 1 for becomeLeader, leader elected after 5129ms
2019-11-13 19:47:32,562 [99a25fb9-47c0-4443-afd7-9fccc5c7cead@group-C9D3333A5E89-LeaderElection3] INFO  server.RaftServerConfigKeys (ConfUtils.java:logGet(43)) - raft.server.staging.catchup.gap = 1000 (default)
2019-11-13 19:47:32,562 [99a25fb9-47c0-4443-afd7-9fccc5c7cead@group-C9D3333A5E89-LeaderElection3] INFO  server.RaftServerConfigKeys (ConfUtils.java:logGet(43)) - raft.server.rpc.sleep.time = 25ms (default)
2019-11-13 19:47:32,562 [99a25fb9-47c0-4443-afd7-9fccc5c7cead@group-C9D3333A5E89-LeaderElection3] INFO  server.RaftServerConfigKeys (ConfUtils.java:logGet(43)) - raft.server.write.element-limit = 4096 (default)
2019-11-13 19:47:32,562 [99a25fb9-47c0-4443-afd7-9fccc5c7cead@group-C9D3333A5E89-LeaderElection3] INFO  server.RaftServerConfigKeys (ConfUtils.java:logGet(43)) - raft.server.watch.timeout = 10s (default)
2019-11-13 19:47:32,563 [99a25fb9-47c0-4443-afd7-9fccc5c7cead@group-C9D3333A5E89-LeaderElection3] INFO  server.RaftServerConfigKeys (ConfUtils.java:logGet(43)) - raft.server.watch.timeout.denomination = 1s (default)
2019-11-13 19:47:32,563 [99a25fb9-47c0-4443-afd7-9fccc5c7cead@group-C9D3333A5E89-LeaderElection3] INFO  server.RaftServerConfigKeys (ConfUtils.java:logGet(43)) - raft.server.watch.element-limit = 65536 (default)
2019-11-13 19:47:32,564 [99a25fb9-47c0-4443-afd7-9fccc5c7cead@group-C9D3333A5E89-LeaderElection3] INFO  impl.RoleInfo (RoleInfo.java:updateAndGet(143)) - 99a25fb9-47c0-4443-afd7-9fccc5c7cead: start LeaderState
2019-11-13 19:47:32,564 [99a25fb9-47c0-4443-afd7-9fccc5c7cead@group-C9D3333A5E89-LeaderElection3] INFO  segmented.SegmentedRaftLogWorker (SegmentedRaftLogWorker.java:startLogSegment(385)) - 99a25fb9-47c0-4443-afd7-9fccc5c7cead@group-C9D3333A5E89-SegmentedRaftLogWorker: Starting segment from index:0
2019-11-13 19:47:32,565 [EventQueue-PipelineReportForPipelineReportHandler] INFO  pipeline.PipelineStateManager (PipelineStateManager.java:openPipeline(134)) - Pipeline Pipeline[ Id: 22884518-420d-4fc7-b536-c9d3333a5e89, Nodes: 99a25fb9-47c0-4443-afd7-9fccc5c7cead{ip: 192.168.164.219, host: pr-hdds-1940-7lghg-363871468, networkLocation: /default-rack, certSerialId: null}, Type:RATIS, Factor:ONE, State:OPEN] moved to OPEN state
2019-11-13 19:47:32,565 [99a25fb9-47c0-4443-afd7-9fccc5c7cead@group-C9D3333A5E89-LeaderElection3] INFO  impl.RaftServerImpl (ServerState.java:setRaftConf(356)) - 99a25fb9-47c0-4443-afd7-9fccc5c7cead@group-C9D3333A5E89: set configuration 0: [99a25fb9-47c0-4443-afd7-9fccc5c7cead:192.168.164.219:43664], old=null at 0
2019-11-13 19:47:32,572 [grpc-default-executor-0] INFO  impl.RaftServerImpl (ServerState.java:setRaftConf(356)) - 17aeddd7-e61a-46f8-b584-b2ca2adc027c@group-013DB60B82FB: set configuration 0: [99a25fb9-47c0-4443-afd7-9fccc5c7cead:192.168.164.219:43664, 17aeddd7-e61a-46f8-b584-b2ca2adc027c:192.168.164.219:33406, b8c81196-debe-4950-9544-de451655d31f:192.168.164.219:40129], old=null at 0
2019-11-13 19:47:32,572 [grpc-default-executor-3] INFO  impl.RaftServerImpl (ServerState.java:setRaftConf(356)) - 99a25fb9-47c0-4443-afd7-9fccc5c7cead@group-013DB60B82FB: set configuration 0: [99a25fb9-47c0-4443-afd7-9fccc5c7cead:192.168.164.219:43664, 17aeddd7-e61a-46f8-b584-b2ca2adc027c:192.168.164.219:33406, b8c81196-debe-4950-9544-de451655d31f:192.168.164.219:40129], old=null at 0
2019-11-13 19:47:32,572 [grpc-default-executor-0] INFO  segmented.SegmentedRaftLogWorker (SegmentedRaftLogWorker.java:startLogSegment(385)) - 17aeddd7-e61a-46f8-b584-b2ca2adc027c@group-013DB60B82FB-SegmentedRaftLogWorker: Starting segment from index:0
2019-11-13 19:47:32,572 [grpc-default-executor-3] INFO  segmented.SegmentedRaftLogWorker (SegmentedRaftLogWorker.java:startLogSegment(385)) - 99a25fb9-47c0-4443-afd7-9fccc5c7cead@group-013DB60B82FB-SegmentedRaftLogWorker: Starting segment from index:0
2019-11-13 19:47:32,694 [Thread-216] INFO  impl.FollowerState (FollowerState.java:run(111)) - 17aeddd7-e61a-46f8-b584-b2ca2adc027c@group-32C8EE89E802-FollowerState: change to CANDIDATE, lastRpcTime:5162ms, electionTimeout:5162ms
2019-11-13 19:47:32,694 [Thread-216] INFO  impl.RoleInfo (RoleInfo.java:shutdownFollowerState(121)) - 17aeddd7-e61a-46f8-b584-b2ca2adc027c: shutdown FollowerState
2019-11-13 19:47:32,695 [Thread-216] INFO  impl.RaftServerImpl (RaftServerImpl.java:setRole(173)) - 17aeddd7-e61a-46f8-b584-b2ca2adc027c@group-32C8EE89E802: changes role from  FOLLOWER to CANDIDATE at term 0 for changeToCandidate
2019-11-13 19:47:32,695 [Thread-216] INFO  impl.RoleInfo (RoleInfo.java:updateAndGet(143)) - 17aeddd7-e61a-46f8-b584-b2ca2adc027c: start LeaderElection
2019-11-13 19:47:32,700 [99a25fb9-47c0-4443-afd7-9fccc5c7cead@group-C9D3333A5E89-SegmentedRaftLogWorker] INFO  segmented.SegmentedRaftLogWorker (SegmentedRaftLogWorker.java:execute(576)) - 99a25fb9-47c0-4443-afd7-9fccc5c7cead@group-C9D3333A5E89-SegmentedRaftLogWorker: created new log segment /workdir/hadoop-ozone/tools/target/test-dir/MiniOzoneClusterImpl-3d16d092-b9b0-488c-8c1c-2b0a872ac8b1/datanode-0/data/ratis/22884518-420d-4fc7-b536-c9d3333a5e89/current/log_inprogress_0
2019-11-13 19:47:32,700 [b8c81196-debe-4950-9544-de451655d31f@group-013DB60B82FB-SegmentedRaftLogWorker] INFO  segmented.SegmentedRaftLogWorker (SegmentedRaftLogWorker.java:execute(576)) - b8c81196-debe-4950-9544-de451655d31f@group-013DB60B82FB-SegmentedRaftLogWorker: created new log segment /workdir/hadoop-ozone/tools/target/test-dir/MiniOzoneClusterImpl-3d16d092-b9b0-488c-8c1c-2b0a872ac8b1/datanode-1/data/ratis/ffcbeb03-4342-4610-83d4-013db60b82fb/current/log_inprogress_0
2019-11-13 19:47:32,700 [99a25fb9-47c0-4443-afd7-9fccc5c7cead@group-013DB60B82FB-SegmentedRaftLogWorker] INFO  segmented.SegmentedRaftLogWorker (SegmentedRaftLogWorker.java:execute(576)) - 99a25fb9-47c0-4443-afd7-9fccc5c7cead@group-013DB60B82FB-SegmentedRaftLogWorker: created new log segment /workdir/hadoop-ozone/tools/target/test-dir/MiniOzoneClusterImpl-3d16d092-b9b0-488c-8c1c-2b0a872ac8b1/datanode-0/data/ratis/ffcbeb03-4342-4610-83d4-013db60b82fb/current/log_inprogress_0
2019-11-13 19:47:32,700 [17aeddd7-e61a-46f8-b584-b2ca2adc027c@group-013DB60B82FB-SegmentedRaftLogWorker] INFO  segmented.SegmentedRaftLogWorker (SegmentedRaftLogWorker.java:execute(576)) - 17aeddd7-e61a-46f8-b584-b2ca2adc027c@group-013DB60B82FB-SegmentedRaftLogWorker: created new log segment /workdir/hadoop-ozone/tools/target/test-dir/MiniOzoneClusterImpl-3d16d092-b9b0-488c-8c1c-2b0a872ac8b1/datanode-2/data/ratis/ffcbeb03-4342-4610-83d4-013db60b82fb/current/log_inprogress_0
2019-11-13 19:47:32,702 [17aeddd7-e61a-46f8-b584-b2ca2adc027c@group-32C8EE89E802-LeaderElection4] INFO  impl.LeaderElection (LeaderElection.java:askForVotes(178)) - 17aeddd7-e61a-46f8-b584-b2ca2adc027c@group-32C8EE89E802-LeaderElection4: begin an election at term 1 for -1: [17aeddd7-e61a-46f8-b584-b2ca2adc027c:192.168.164.219:33406], old=null
2019-11-13 19:47:32,702 [17aeddd7-e61a-46f8-b584-b2ca2adc027c@group-32C8EE89E802-LeaderElection4] INFO  impl.RoleInfo (RoleInfo.java:shutdownLeaderElection(134)) - 17aeddd7-e61a-46f8-b584-b2ca2adc027c: shutdown LeaderElection
2019-11-13 19:47:32,702 [17aeddd7-e61a-46f8-b584-b2ca2adc027c@group-32C8EE89E802-LeaderElection4] INFO  impl.RaftServerImpl (RaftServerImpl.java:setRole(173)) - 17aeddd7-e61a-46f8-b584-b2ca2adc027c@group-32C8EE89E802: changes role from CANDIDATE to LEADER at term 1 for changeToLeader
2019-11-13 19:47:32,702 [17aeddd7-e61a-46f8-b584-b2ca2adc027c@group-32C8EE89E802-LeaderElection4] INFO  ratis.XceiverServerRatis (XceiverServerRatis.java:handleLeaderChangedNotification(697)) - Leader change notification received for group: group-32C8EE89E802 with new leaderId: 17aeddd7-e61a-46f8-b584-b2ca2adc027c
2019-11-13 19:47:32,703 [17aeddd7-e61a-46f8-b584-b2ca2adc027c@group-32C8EE89E802-LeaderElection4] INFO  impl.RaftServerImpl (ServerState.java:setLeader(255)) - 17aeddd7-e61a-46f8-b584-b2ca2adc027c@group-32C8EE89E802: change Leader from null to 17aeddd7-e61a-46f8-b584-b2ca2adc027c at term 1 for becomeLeader, leader elected after 5175ms
2019-11-13 19:47:32,703 [17aeddd7-e61a-46f8-b584-b2ca2adc027c@group-32C8EE89E802-LeaderElection4] INFO  server.RaftServerConfigKeys (ConfUtils.java:logGet(43)) - raft.server.staging.catchup.gap = 1000 (default)
2019-11-13 19:47:32,704 [17aeddd7-e61a-46f8-b584-b2ca2adc027c@group-32C8EE89E802-LeaderElection4] INFO  server.RaftServerConfigKeys (ConfUtils.java:logGet(43)) - raft.server.rpc.sleep.time = 25ms (default)
2019-11-13 19:47:32,704 [17aeddd7-e61a-46f8-b584-b2ca2adc027c@group-32C8EE89E802-LeaderElection4] INFO  server.RaftServerConfigKeys (ConfUtils.java:logGet(43)) - raft.server.write.element-limit = 4096 (default)
2019-11-13 19:47:32,704 [17aeddd7-e61a-46f8-b584-b2ca2adc027c@group-32C8EE89E802-LeaderElection4] INFO  server.RaftServerConfigKeys (ConfUtils.java:logGet(43)) - raft.server.watch.timeout = 10s (default)
2019-11-13 19:47:32,704 [17aeddd7-e61a-46f8-b584-b2ca2adc027c@group-32C8EE89E802-LeaderElection4] INFO  server.RaftServerConfigKeys (ConfUtils.java:logGet(43)) - raft.server.watch.timeout.denomination = 1s (default)
2019-11-13 19:47:32,704 [17aeddd7-e61a-46f8-b584-b2ca2adc027c@group-32C8EE89E802-LeaderElection4] INFO  server.RaftServerConfigKeys (ConfUtils.java:logGet(43)) - raft.server.watch.element-limit = 65536 (default)
2019-11-13 19:47:32,705 [17aeddd7-e61a-46f8-b584-b2ca2adc027c@group-32C8EE89E802-LeaderElection4] INFO  impl.RoleInfo (RoleInfo.java:updateAndGet(143)) - 17aeddd7-e61a-46f8-b584-b2ca2adc027c: start LeaderState
2019-11-13 19:47:32,705 [17aeddd7-e61a-46f8-b584-b2ca2adc027c@group-32C8EE89E802-LeaderElection4] INFO  segmented.SegmentedRaftLogWorker (SegmentedRaftLogWorker.java:startLogSegment(385)) - 17aeddd7-e61a-46f8-b584-b2ca2adc027c@group-32C8EE89E802-SegmentedRaftLogWorker: Starting segment from index:0
2019-11-13 19:47:32,706 [17aeddd7-e61a-46f8-b584-b2ca2adc027c@group-32C8EE89E802-LeaderElection4] INFO  impl.RaftServerImpl (ServerState.java:setRaftConf(356)) - 17aeddd7-e61a-46f8-b584-b2ca2adc027c@group-32C8EE89E802: set configuration 0: [17aeddd7-e61a-46f8-b584-b2ca2adc027c:192.168.164.219:33406], old=null at 0
2019-11-13 19:47:32,741 [Thread-220] INFO  impl.FollowerState (FollowerState.java:run(111)) - b8c81196-debe-4950-9544-de451655d31f@group-ACB4C92EF263-FollowerState: change to CANDIDATE, lastRpcTime:5135ms, electionTimeout:5117ms
2019-11-13 19:47:32,741 [Thread-220] INFO  impl.RoleInfo (RoleInfo.java:shutdownFollowerState(121)) - b8c81196-debe-4950-9544-de451655d31f: shutdown FollowerState
2019-11-13 19:47:32,741 [Thread-220] INFO  impl.RaftServerImpl (RaftServerImpl.java:setRole(173)) - b8c81196-debe-4950-9544-de451655d31f@group-ACB4C92EF263: changes role from  FOLLOWER to CANDIDATE at term 0 for changeToCandidate
2019-11-13 19:47:32,741 [EventQueue-PipelineReportForPipelineReportHandler] INFO  pipeline.PipelineStateManager (PipelineStateManager.java:openPipeline(134)) - Pipeline Pipeline[ Id: 0e16100e-a5eb-42f9-a722-32c8ee89e802, Nodes: 17aeddd7-e61a-46f8-b584-b2ca2adc027c{ip: 192.168.164.219, host: pr-hdds-1940-7lghg-363871468, networkLocation: /default-rack, certSerialId: null}, Type:RATIS, Factor:ONE, State:OPEN] moved to OPEN state
2019-11-13 19:47:32,741 [Thread-220] INFO  impl.RoleInfo (RoleInfo.java:updateAndGet(143)) - b8c81196-debe-4950-9544-de451655d31f: start LeaderElection
2019-11-13 19:47:32,749 [17aeddd7-e61a-46f8-b584-b2ca2adc027c@group-32C8EE89E802-SegmentedRaftLogWorker] INFO  segmented.SegmentedRaftLogWorker (SegmentedRaftLogWorker.java:execute(576)) - 17aeddd7-e61a-46f8-b584-b2ca2adc027c@group-32C8EE89E802-SegmentedRaftLogWorker: created new log segment /workdir/hadoop-ozone/tools/target/test-dir/MiniOzoneClusterImpl-3d16d092-b9b0-488c-8c1c-2b0a872ac8b1/datanode-2/data/ratis/0e16100e-a5eb-42f9-a722-32c8ee89e802/current/log_inprogress_0
2019-11-13 19:47:32,749 [b8c81196-debe-4950-9544-de451655d31f@group-ACB4C92EF263-LeaderElection5] INFO  impl.LeaderElection (LeaderElection.java:askForVotes(178)) - b8c81196-debe-4950-9544-de451655d31f@group-ACB4C92EF263-LeaderElection5: begin an election at term 1 for -1: [b8c81196-debe-4950-9544-de451655d31f:192.168.164.219:40129], old=null
2019-11-13 19:47:32,749 [b8c81196-debe-4950-9544-de451655d31f@group-ACB4C92EF263-LeaderElection5] INFO  impl.RoleInfo (RoleInfo.java:shutdownLeaderElection(134)) - b8c81196-debe-4950-9544-de451655d31f: shutdown LeaderElection
2019-11-13 19:47:32,749 [b8c81196-debe-4950-9544-de451655d31f@group-ACB4C92EF263-LeaderElection5] INFO  impl.RaftServerImpl (RaftServerImpl.java:setRole(173)) - b8c81196-debe-4950-9544-de451655d31f@group-ACB4C92EF263: changes role from CANDIDATE to LEADER at term 1 for changeToLeader
2019-11-13 19:47:32,750 [b8c81196-debe-4950-9544-de451655d31f@group-ACB4C92EF263-LeaderElection5] INFO  ratis.XceiverServerRatis (XceiverServerRatis.java:handleLeaderChangedNotification(697)) - Leader change notification received for group: group-ACB4C92EF263 with new leaderId: b8c81196-debe-4950-9544-de451655d31f
2019-11-13 19:47:32,750 [b8c81196-debe-4950-9544-de451655d31f@group-ACB4C92EF263-LeaderElection5] INFO  impl.RaftServerImpl (ServerState.java:setLeader(255)) - b8c81196-debe-4950-9544-de451655d31f@group-ACB4C92EF263: change Leader from null to b8c81196-debe-4950-9544-de451655d31f at term 1 for becomeLeader, leader elected after 5149ms
2019-11-13 19:47:32,750 [b8c81196-debe-4950-9544-de451655d31f@group-ACB4C92EF263-LeaderElection5] INFO  server.RaftServerConfigKeys (ConfUtils.java:logGet(43)) - raft.server.staging.catchup.gap = 1000 (default)
2019-11-13 19:47:32,750 [b8c81196-debe-4950-9544-de451655d31f@group-ACB4C92EF263-LeaderElection5] INFO  server.RaftServerConfigKeys (ConfUtils.java:logGet(43)) - raft.server.rpc.sleep.time = 25ms (default)
2019-11-13 19:47:32,750 [b8c81196-debe-4950-9544-de451655d31f@group-ACB4C92EF263-LeaderElection5] INFO  server.RaftServerConfigKeys (ConfUtils.java:logGet(43)) - raft.server.write.element-limit = 4096 (default)
2019-11-13 19:47:32,751 [b8c81196-debe-4950-9544-de451655d31f@group-ACB4C92EF263-LeaderElection5] INFO  server.RaftServerConfigKeys (ConfUtils.java:logGet(43)) - raft.server.watch.timeout = 10s (default)
2019-11-13 19:47:32,751 [b8c81196-debe-4950-9544-de451655d31f@group-ACB4C92EF263-LeaderElection5] INFO  server.RaftServerConfigKeys (ConfUtils.java:logGet(43)) - raft.server.watch.timeout.denomination = 1s (default)
2019-11-13 19:47:32,751 [b8c81196-debe-4950-9544-de451655d31f@group-ACB4C92EF263-LeaderElection5] INFO  server.RaftServerConfigKeys (ConfUtils.java:logGet(43)) - raft.server.watch.element-limit = 65536 (default)
2019-11-13 19:47:32,752 [b8c81196-debe-4950-9544-de451655d31f@group-ACB4C92EF263-LeaderElection5] INFO  impl.RoleInfo (RoleInfo.java:updateAndGet(143)) - b8c81196-debe-4950-9544-de451655d31f: start LeaderState
2019-11-13 19:47:32,752 [b8c81196-debe-4950-9544-de451655d31f@group-ACB4C92EF263-LeaderElection5] INFO  segmented.SegmentedRaftLogWorker (SegmentedRaftLogWorker.java:startLogSegment(385)) - b8c81196-debe-4950-9544-de451655d31f@group-ACB4C92EF263-SegmentedRaftLogWorker: Starting segment from index:0
2019-11-13 19:47:32,753 [b8c81196-debe-4950-9544-de451655d31f@group-ACB4C92EF263-LeaderElection5] INFO  impl.RaftServerImpl (ServerState.java:setRaftConf(356)) - b8c81196-debe-4950-9544-de451655d31f@group-ACB4C92EF263: set configuration 0: [b8c81196-debe-4950-9544-de451655d31f:192.168.164.219:40129], old=null at 0
2019-11-13 19:47:32,753 [EventQueue-PipelineReportForPipelineReportHandler] INFO  pipeline.PipelineStateManager (PipelineStateManager.java:openPipeline(134)) - Pipeline Pipeline[ Id: 3292cf53-e750-42f9-b49a-acb4c92ef263, Nodes: b8c81196-debe-4950-9544-de451655d31f{ip: 192.168.164.219, host: pr-hdds-1940-7lghg-363871468, networkLocation: /default-rack, certSerialId: null}, Type:RATIS, Factor:ONE, State:OPEN] moved to OPEN state
2019-11-13 19:47:32,797 [b8c81196-debe-4950-9544-de451655d31f@group-ACB4C92EF263-SegmentedRaftLogWorker] INFO  segmented.SegmentedRaftLogWorker (SegmentedRaftLogWorker.java:execute(576)) - b8c81196-debe-4950-9544-de451655d31f@group-ACB4C92EF263-SegmentedRaftLogWorker: created new log segment /workdir/hadoop-ozone/tools/target/test-dir/MiniOzoneClusterImpl-3d16d092-b9b0-488c-8c1c-2b0a872ac8b1/datanode-1/data/ratis/3292cf53-e750-42f9-b49a-acb4c92ef263/current/log_inprogress_0
2019-11-13 19:47:33,029 [main] INFO  ozone.MiniOzoneClusterImpl (MiniOzoneClusterImpl.java:lambda$waitForClusterToBeReady$2(171)) - Cluster is ready. Got 3 of 3 DN Heartbeats.
2019-11-13 19:47:33,915 [main] INFO  freon.RandomKeyGenerator (RandomKeyGenerator.java:call(283)) - Number of Threads: 10
2019-11-13 19:47:33,917 [main] INFO  freon.RandomKeyGenerator (RandomKeyGenerator.java:call(288)) - Number of Volumes: 1.
2019-11-13 19:47:33,917 [main] INFO  freon.RandomKeyGenerator (RandomKeyGenerator.java:call(289)) - Number of Buckets per Volume: 1.
2019-11-13 19:47:33,917 [main] INFO  freon.RandomKeyGenerator (RandomKeyGenerator.java:call(290)) - Number of Keys per Bucket: 1.
2019-11-13 19:47:33,917 [main] INFO  freon.RandomKeyGenerator (RandomKeyGenerator.java:call(291)) - Key size: 20971520 bytes
2019-11-13 19:47:33,917 [main] INFO  freon.RandomKeyGenerator (RandomKeyGenerator.java:call(292)) - Buffer size: 4096 bytes
2019-11-13 19:47:33,917 [main] INFO  freon.RandomKeyGenerator (RandomKeyGenerator.java:call(293)) - validateWrites : true
2019-11-13 19:47:33,922 [main] INFO  freon.RandomKeyGenerator (RandomKeyGenerator.java:call(307)) - Data validation is enabled.
2019-11-13 19:47:33,924 [main] INFO  freon.RandomKeyGenerator (RandomKeyGenerator.java:call(313)) - Starting progress bar Thread.

 0.00% |?                                                                                                    |  0/1 Time: 0:00:002019-11-13 19:47:33,946 [pool-53-thread-1] INFO  rpc.RpcClient (RpcClient.java:createVolume(292)) - Creating Volume: vol-0-88049, with jenkins1000 as owner.
2019-11-13 19:47:34,038 [IPC Server handler 1 on 39608] INFO  volume.OMVolumeCreateRequest (OMVolumeCreateRequest.java:validateAndUpdateCache(193)) - created volume:vol-0-88049 for user:jenkins1000
2019-11-13 19:47:34,085 [pool-53-thread-2] INFO  rpc.RpcClient (RpcClient.java:createBucket(431)) - Creating Bucket: vol-0-88049/bucket-0-59541, with Versioning false and Storage Type set to DISK and Encryption set to false 
2019-11-13 19:47:34,293 [pool-53-thread-3] INFO  impl.MetricsSystemImpl (MetricsSystemImpl.java:init(158)) - XceiverClientMetrics metrics system started (again)
 0.00% |?                                                                                                    |  0/1 Time: 0:00:01 100.00% |?????????????????????????????????????????????????????????????????????????????????????????????????????|  1/1 Time: 0:00:02
2019-11-13 19:47:41,238 [main] INFO  pipeline.SCMPipelineManager (SCMPipelineManager.java:finalizeAndDestroyPipeline(315)) - destroying pipeline:Pipeline[ Id: ffcbeb03-4342-4610-83d4-013db60b82fb, Nodes: 17aeddd7-e61a-46f8-b584-b2ca2adc027c{ip: 192.168.164.219, host: pr-hdds-1940-7lghg-363871468, networkLocation: /default-rack, certSerialId: null}99a25fb9-47c0-4443-afd7-9fccc5c7cead{ip: 192.168.164.219, host: pr-hdds-1940-7lghg-363871468, networkLocation: /default-rack, certSerialId: null}b8c81196-debe-4950-9544-de451655d31f{ip: 192.168.164.219, host: pr-hdds-1940-7lghg-363871468, networkLocation: /default-rack, certSerialId: null}, Type:RATIS, Factor:THREE, State:OPEN]
2019-11-13 19:47:41,239 [main] INFO  pipeline.PipelineStateManager (PipelineStateManager.java:finalizePipeline(121)) - Pipeline Pipeline[ Id: ffcbeb03-4342-4610-83d4-013db60b82fb, Nodes: 17aeddd7-e61a-46f8-b584-b2ca2adc027c{ip: 192.168.164.219, host: pr-hdds-1940-7lghg-363871468, networkLocation: /default-rack, certSerialId: null}99a25fb9-47c0-4443-afd7-9fccc5c7cead{ip: 192.168.164.219, host: pr-hdds-1940-7lghg-363871468, networkLocation: /default-rack, certSerialId: null}b8c81196-debe-4950-9544-de451655d31f{ip: 192.168.164.219, host: pr-hdds-1940-7lghg-363871468, networkLocation: /default-rack, certSerialId: null}, Type:RATIS, Factor:THREE, State:CLOSED] moved to CLOSED state
2019-11-13 19:47:41,240 [EventQueue-CloseContainerForCloseContainerEventHandler] INFO  container.CloseContainerEventHandler (CloseContainerEventHandler.java:onMessage(61)) - Close container Event triggered for container : #1
2019-11-13 19:47:41,248 [EventQueue-CloseContainerForCloseContainerEventHandler] INFO  container.CloseContainerEventHandler (CloseContainerEventHandler.java:onMessage(61)) - Close container Event triggered for container : #2
2019-11-13 19:47:41,249 [EventQueue-CloseContainerForCloseContainerEventHandler] INFO  container.CloseContainerEventHandler (CloseContainerEventHandler.java:onMessage(61)) - Close container Event triggered for container : #3
2019-11-13 19:47:41,253 [grpc-default-executor-2] INFO  impl.RaftServerProxy (RaftServerProxy.java:remove(95)) - 17aeddd7-e61a-46f8-b584-b2ca2adc027c: remove  FOLLOWER 17aeddd7-e61a-46f8-b584-b2ca2adc027c@group-013DB60B82FB:t1, leader=b8c81196-debe-4950-9544-de451655d31f, voted=b8c81196-debe-4950-9544-de451655d31f, raftlog=17aeddd7-e61a-46f8-b584-b2ca2adc027c@group-013DB60B82FB-SegmentedRaftLog:OPENED:c78,f78,i78, conf=0: [99a25fb9-47c0-4443-afd7-9fccc5c7cead:192.168.164.219:43664, 17aeddd7-e61a-46f8-b584-b2ca2adc027c:192.168.164.219:33406, b8c81196-debe-4950-9544-de451655d31f:192.168.164.219:40129], old=null RUNNING
2019-11-13 19:47:41,255 [grpc-default-executor-2] INFO  impl.RaftServerImpl (RaftServerImpl.java:lambda$shutdown$3(250)) - 17aeddd7-e61a-46f8-b584-b2ca2adc027c@group-013DB60B82FB: shutdown
2019-11-13 19:47:41,255 [grpc-default-executor-2] INFO  util.JmxRegister (JmxRegister.java:unregister(73)) - Successfully un-registered JMX Bean with object name Ratis:service=RaftServer,group=group-013DB60B82FB,id=17aeddd7-e61a-46f8-b584-b2ca2adc027c
2019-11-13 19:47:41,255 [grpc-default-executor-2] INFO  impl.RoleInfo (RoleInfo.java:shutdownFollowerState(121)) - 17aeddd7-e61a-46f8-b584-b2ca2adc027c: shutdown FollowerState
2019-11-13 19:47:41,255 [grpc-default-executor-2] INFO  impl.StateMachineUpdater (StateMachineUpdater.java:stopAndJoin(136)) - 17aeddd7-e61a-46f8-b584-b2ca2adc027c@group-013DB60B82FB-StateMachineUpdater: set stopIndex = 78
2019-11-13 19:47:41,256 [Thread-228] INFO  impl.FollowerState (FollowerState.java:run(120)) - 17aeddd7-e61a-46f8-b584-b2ca2adc027c@group-013DB60B82FB-FollowerState was interrupted: java.lang.InterruptedException: sleep interrupted
2019-11-13 19:47:41,258 [17aeddd7-e61a-46f8-b584-b2ca2adc027c@group-013DB60B82FB-StateMachineUpdater] INFO  ratis.ContainerStateMachine (ContainerStateMachine.java:takeSnapshot(285)) - group-013DB60B82FB: Taking a snapshot at:(t:1, i:76) file /workdir/hadoop-ozone/tools/target/test-dir/MiniOzoneClusterImpl-3d16d092-b9b0-488c-8c1c-2b0a872ac8b1/datanode-2/data/ratis/ffcbeb03-4342-4610-83d4-013db60b82fb/sm/snapshot.1_76
2019-11-13 19:47:41,290 [17aeddd7-e61a-46f8-b584-b2ca2adc027c@group-013DB60B82FB-StateMachineUpdater] INFO  ratis.ContainerStateMachine (ContainerStateMachine.java:takeSnapshot(296)) - group-013DB60B82FB: Finished taking a snapshot at:(t:1, i:76) file:/workdir/hadoop-ozone/tools/target/test-dir/MiniOzoneClusterImpl-3d16d092-b9b0-488c-8c1c-2b0a872ac8b1/datanode-2/data/ratis/ffcbeb03-4342-4610-83d4-013db60b82fb/sm/snapshot.1_76 time:34
2019-11-13 19:47:41,292 [17aeddd7-e61a-46f8-b584-b2ca2adc027c@group-013DB60B82FB-StateMachineUpdater] INFO  impl.StateMachineUpdater (StateMachineUpdater.java:takeSnapshot(269)) - 17aeddd7-e61a-46f8-b584-b2ca2adc027c@group-013DB60B82FB-StateMachineUpdater: Took a snapshot at index 76
2019-11-13 19:47:41,293 [17aeddd7-e61a-46f8-b584-b2ca2adc027c@group-013DB60B82FB-StateMachineUpdater] INFO  impl.StateMachineUpdater (StateMachineUpdater.java:lambda$new$0(84)) - 17aeddd7-e61a-46f8-b584-b2ca2adc027c@group-013DB60B82FB-StateMachineUpdater: snapshotIndex: updateIncreasingly -1 -> 76
2019-11-13 19:47:41,298 [17aeddd7-e61a-46f8-b584-b2ca2adc027c@group-013DB60B82FB-StateMachineUpdater] INFO  ratis.ContainerStateMachine (ContainerStateMachine.java:takeSnapshot(285)) - group-013DB60B82FB: Taking a snapshot at:(t:1, i:76) file /workdir/hadoop-ozone/tools/target/test-dir/MiniOzoneClusterImpl-3d16d092-b9b0-488c-8c1c-2b0a872ac8b1/datanode-2/data/ratis/ffcbeb03-4342-4610-83d4-013db60b82fb/sm/snapshot.1_76
2019-11-13 19:47:41,323 [17aeddd7-e61a-46f8-b584-b2ca2adc027c@group-013DB60B82FB-StateMachineUpdater] INFO  ratis.ContainerStateMachine (ContainerStateMachine.java:takeSnapshot(296)) - group-013DB60B82FB: Finished taking a snapshot at:(t:1, i:76) file:/workdir/hadoop-ozone/tools/target/test-dir/MiniOzoneClusterImpl-3d16d092-b9b0-488c-8c1c-2b0a872ac8b1/datanode-2/data/ratis/ffcbeb03-4342-4610-83d4-013db60b82fb/sm/snapshot.1_76 time:25
2019-11-13 19:47:41,323 [17aeddd7-e61a-46f8-b584-b2ca2adc027c@group-013DB60B82FB-StateMachineUpdater] INFO  impl.StateMachineUpdater (StateMachineUpdater.java:takeSnapshot(269)) - 17aeddd7-e61a-46f8-b584-b2ca2adc027c@group-013DB60B82FB-StateMachineUpdater: Took a snapshot at index 76
2019-11-13 19:47:41,323 [17aeddd7-e61a-46f8-b584-b2ca2adc027c@group-013DB60B82FB-StateMachineUpdater] INFO  impl.StateMachineUpdater (StateMachineUpdater.java:lambda$new$0(84)) - 17aeddd7-e61a-46f8-b584-b2ca2adc027c@group-013DB60B82FB-StateMachineUpdater: snapshotIndex: updateIncreasingly 76 -> 76
2019-11-13 19:47:41,324 [grpc-default-executor-2] INFO  impl.RaftServerImpl (ServerState.java:close(387)) - 17aeddd7-e61a-46f8-b584-b2ca2adc027c@group-013DB60B82FB: closes. applyIndex: 78
2019-11-13 19:47:41,325 [17aeddd7-e61a-46f8-b584-b2ca2adc027c@group-013DB60B82FB-SegmentedRaftLogWorker] INFO  segmented.SegmentedRaftLogWorker (SegmentedRaftLogWorker.java:run(316)) - 17aeddd7-e61a-46f8-b584-b2ca2adc027c@group-013DB60B82FB-SegmentedRaftLogWorker was interrupted, exiting. There are 0 tasks remaining in the queue.
2019-11-13 19:47:41,327 [grpc-default-executor-2] INFO  segmented.SegmentedRaftLogWorker (SegmentedRaftLogWorker.java:close(224)) - 17aeddd7-e61a-46f8-b584-b2ca2adc027c@group-013DB60B82FB-SegmentedRaftLogWorker close()
2019-11-13 19:47:41,353 [grpc-default-executor-2] INFO  interfaces.Container (KeyValueContainer.java:flushAndSyncDB(400)) - Container 1 is synced with bcsId 60.
2019-11-13 19:47:41,354 [grpc-default-executor-2] INFO  interfaces.Container (KeyValueContainer.java:flushAndSyncDB(400)) - Container 1 is synced with bcsId 60.
2019-11-13 19:47:41,371 [EventQueue-IncrementalContainerReportForIncrementalContainerReportHandler] INFO  container.IncrementalContainerReportHandler (AbstractContainerReportHandler.java:updateContainerState(171)) - Moving container #1 to QUASI_CLOSED state, datanode 17aeddd7-e61a-46f8-b584-b2ca2adc027c{ip: 192.168.164.219, host: pr-hdds-1940-7lghg-363871468, networkLocation: /default-rack, certSerialId: null} reported QUASI_CLOSED replica.
2019-11-13 19:47:41,385 [grpc-default-executor-2] INFO  interfaces.Container (KeyValueContainer.java:flushAndSyncDB(400)) - Container 2 is synced with bcsId 76.
2019-11-13 19:47:41,385 [grpc-default-executor-2] INFO  interfaces.Container (KeyValueContainer.java:flushAndSyncDB(400)) - Container 2 is synced with bcsId 76.
2019-11-13 19:47:41,400 [EventQueue-IncrementalContainerReportForIncrementalContainerReportHandler] INFO  container.IncrementalContainerReportHandler (AbstractContainerReportHandler.java:updateContainerState(171)) - Moving container #2 to QUASI_CLOSED state, datanode 17aeddd7-e61a-46f8-b584-b2ca2adc027c{ip: 192.168.164.219, host: pr-hdds-1940-7lghg-363871468, networkLocation: /default-rack, certSerialId: null} reported QUASI_CLOSED replica.
2019-11-13 19:47:41,414 [grpc-default-executor-2] INFO  interfaces.Container (KeyValueContainer.java:flushAndSyncDB(400)) - Container 3 is synced with bcsId 42.
2019-11-13 19:47:41,414 [grpc-default-executor-2] INFO  interfaces.Container (KeyValueContainer.java:flushAndSyncDB(400)) - Container 3 is synced with bcsId 42.
2019-11-13 19:47:41,430 [EventQueue-IncrementalContainerReportForIncrementalContainerReportHandler] INFO  container.IncrementalContainerReportHandler (AbstractContainerReportHandler.java:updateContainerState(171)) - Moving container #3 to QUASI_CLOSED state, datanode 17aeddd7-e61a-46f8-b584-b2ca2adc027c{ip: 192.168.164.219, host: pr-hdds-1940-7lghg-363871468, networkLocation: /default-rack, certSerialId: null} reported QUASI_CLOSED replica.
2019-11-13 19:47:41,442 [grpc-default-executor-2] INFO  impl.RaftServerProxy (RaftServerProxy.java:remove(95)) - 99a25fb9-47c0-4443-afd7-9fccc5c7cead: remove  FOLLOWER 99a25fb9-47c0-4443-afd7-9fccc5c7cead@group-013DB60B82FB:t1, leader=b8c81196-debe-4950-9544-de451655d31f, voted=99a25fb9-47c0-4443-afd7-9fccc5c7cead, raftlog=99a25fb9-47c0-4443-afd7-9fccc5c7cead@group-013DB60B82FB-SegmentedRaftLog:OPENED:c78,f78,i78, conf=0: [99a25fb9-47c0-4443-afd7-9fccc5c7cead:192.168.164.219:43664, 17aeddd7-e61a-46f8-b584-b2ca2adc027c:192.168.164.219:33406, b8c81196-debe-4950-9544-de451655d31f:192.168.164.219:40129], old=null RUNNING
2019-11-13 19:47:41,442 [grpc-default-executor-2] INFO  impl.RaftServerImpl (RaftServerImpl.java:lambda$shutdown$3(250)) - 99a25fb9-47c0-4443-afd7-9fccc5c7cead@group-013DB60B82FB: shutdown
2019-11-13 19:47:41,442 [grpc-default-executor-2] INFO  util.JmxRegister (JmxRegister.java:unregister(73)) - Successfully un-registered JMX Bean with object name Ratis:service=RaftServer,group=group-013DB60B82FB,id=99a25fb9-47c0-4443-afd7-9fccc5c7cead
2019-11-13 19:47:41,442 [grpc-default-executor-2] INFO  impl.RoleInfo (RoleInfo.java:shutdownFollowerState(121)) - 99a25fb9-47c0-4443-afd7-9fccc5c7cead: shutdown FollowerState
2019-11-13 19:47:41,442 [grpc-default-executor-2] INFO  impl.StateMachineUpdater (StateMachineUpdater.java:stopAndJoin(136)) - 99a25fb9-47c0-4443-afd7-9fccc5c7cead@group-013DB60B82FB-StateMachineUpdater: set stopIndex = 78
2019-11-13 19:47:41,444 [Thread-229] INFO  impl.FollowerState (FollowerState.java:run(120)) - 99a25fb9-47c0-4443-afd7-9fccc5c7cead@group-013DB60B82FB-FollowerState was interrupted: java.lang.InterruptedException: sleep interrupted
2019-11-13 19:47:41,445 [99a25fb9-47c0-4443-afd7-9fccc5c7cead@group-013DB60B82FB-StateMachineUpdater] INFO  ratis.ContainerStateMachine (ContainerStateMachine.java:takeSnapshot(285)) - group-013DB60B82FB: Taking a snapshot at:(t:1, i:76) file /workdir/hadoop-ozone/tools/target/test-dir/MiniOzoneClusterImpl-3d16d092-b9b0-488c-8c1c-2b0a872ac8b1/datanode-0/data/ratis/ffcbeb03-4342-4610-83d4-013db60b82fb/sm/snapshot.1_76
2019-11-13 19:47:41,458 [99a25fb9-47c0-4443-afd7-9fccc5c7cead@group-013DB60B82FB-StateMachineUpdater] INFO  ratis.ContainerStateMachine (ContainerStateMachine.java:takeSnapshot(296)) - group-013DB60B82FB: Finished taking a snapshot at:(t:1, i:76) file:/workdir/hadoop-ozone/tools/target/test-dir/MiniOzoneClusterImpl-3d16d092-b9b0-488c-8c1c-2b0a872ac8b1/datanode-0/data/ratis/ffcbeb03-4342-4610-83d4-013db60b82fb/sm/snapshot.1_76 time:15
2019-11-13 19:47:41,459 [99a25fb9-47c0-4443-afd7-9fccc5c7cead@group-013DB60B82FB-StateMachineUpdater] INFO  impl.StateMachineUpdater (StateMachineUpdater.java:takeSnapshot(269)) - 99a25fb9-47c0-4443-afd7-9fccc5c7cead@group-013DB60B82FB-StateMachineUpdater: Took a snapshot at index 76
2019-11-13 19:47:41,459 [99a25fb9-47c0-4443-afd7-9fccc5c7cead@group-013DB60B82FB-StateMachineUpdater] INFO  impl.StateMachineUpdater (StateMachineUpdater.java:lambda$new$0(84)) - 99a25fb9-47c0-4443-afd7-9fccc5c7cead@group-013DB60B82FB-StateMachineUpdater: snapshotIndex: updateIncreasingly -1 -> 76
2019-11-13 19:47:41,459 [99a25fb9-47c0-4443-afd7-9fccc5c7cead@group-013DB60B82FB-StateMachineUpdater] INFO  ratis.ContainerStateMachine (ContainerStateMachine.java:takeSnapshot(285)) - group-013DB60B82FB: Taking a snapshot at:(t:1, i:76) file /workdir/hadoop-ozone/tools/target/test-dir/MiniOzoneClusterImpl-3d16d092-b9b0-488c-8c1c-2b0a872ac8b1/datanode-0/data/ratis/ffcbeb03-4342-4610-83d4-013db60b82fb/sm/snapshot.1_76
2019-11-13 19:47:41,471 [99a25fb9-47c0-4443-afd7-9fccc5c7cead@group-013DB60B82FB-StateMachineUpdater] INFO  ratis.ContainerStateMachine (ContainerStateMachine.java:takeSnapshot(296)) - group-013DB60B82FB: Finished taking a snapshot at:(t:1, i:76) file:/workdir/hadoop-ozone/tools/target/test-dir/MiniOzoneClusterImpl-3d16d092-b9b0-488c-8c1c-2b0a872ac8b1/datanode-0/data/ratis/ffcbeb03-4342-4610-83d4-013db60b82fb/sm/snapshot.1_76 time:13
2019-11-13 19:47:41,472 [99a25fb9-47c0-4443-afd7-9fccc5c7cead@group-013DB60B82FB-StateMachineUpdater] INFO  impl.StateMachineUpdater (StateMachineUpdater.java:takeSnapshot(269)) - 99a25fb9-47c0-4443-afd7-9fccc5c7cead@group-013DB60B82FB-StateMachineUpdater: Took a snapshot at index 76
2019-11-13 19:47:41,472 [99a25fb9-47c0-4443-afd7-9fccc5c7cead@group-013DB60B82FB-StateMachineUpdater] INFO  impl.StateMachineUpdater (StateMachineUpdater.java:lambda$new$0(84)) - 99a25fb9-47c0-4443-afd7-9fccc5c7cead@group-013DB60B82FB-StateMachineUpdater: snapshotIndex: updateIncreasingly 76 -> 76
2019-11-13 19:47:41,472 [grpc-default-executor-2] INFO  impl.RaftServerImpl (ServerState.java:close(387)) - 99a25fb9-47c0-4443-afd7-9fccc5c7cead@group-013DB60B82FB: closes. applyIndex: 78
2019-11-13 19:47:41,473 [99a25fb9-47c0-4443-afd7-9fccc5c7cead@group-013DB60B82FB-SegmentedRaftLogWorker] INFO  segmented.SegmentedRaftLogWorker (SegmentedRaftLogWorker.java:run(316)) - 99a25fb9-47c0-4443-afd7-9fccc5c7cead@group-013DB60B82FB-SegmentedRaftLogWorker was interrupted, exiting. There are 0 tasks remaining in the queue.
2019-11-13 19:47:41,474 [grpc-default-executor-2] INFO  segmented.SegmentedRaftLogWorker (SegmentedRaftLogWorker.java:close(224)) - 99a25fb9-47c0-4443-afd7-9fccc5c7cead@group-013DB60B82FB-SegmentedRaftLogWorker close()
2019-11-13 19:47:41,492 [grpc-default-executor-2] INFO  interfaces.Container (KeyValueContainer.java:flushAndSyncDB(400)) - Container 1 is synced with bcsId 60.
2019-11-13 19:47:41,493 [grpc-default-executor-2] INFO  interfaces.Container (KeyValueContainer.java:flushAndSyncDB(400)) - Container 1 is synced with bcsId 60.
2019-11-13 19:47:41,504 [grpc-default-executor-2] INFO  interfaces.Container (KeyValueContainer.java:flushAndSyncDB(400)) - Container 2 is synced with bcsId 76.
2019-11-13 19:47:41,504 [grpc-default-executor-2] INFO  interfaces.Container (KeyValueContainer.java:flushAndSyncDB(400)) - Container 2 is synced with bcsId 76.
2019-11-13 19:47:41,518 [grpc-default-executor-2] INFO  interfaces.Container (KeyValueContainer.java:flushAndSyncDB(400)) - Container 3 is synced with bcsId 42.
2019-11-13 19:47:41,518 [grpc-default-executor-2] INFO  interfaces.Container (KeyValueContainer.java:flushAndSyncDB(400)) - Container 3 is synced with bcsId 42.
2019-11-13 19:47:41,533 [grpc-default-executor-2] INFO  impl.RaftServerProxy (RaftServerProxy.java:remove(95)) - b8c81196-debe-4950-9544-de451655d31f: remove    LEADER b8c81196-debe-4950-9544-de451655d31f@group-013DB60B82FB:t1, leader=b8c81196-debe-4950-9544-de451655d31f, voted=b8c81196-debe-4950-9544-de451655d31f, raftlog=b8c81196-debe-4950-9544-de451655d31f@group-013DB60B82FB-SegmentedRaftLog:OPENED:c78,f78,i78, conf=0: [99a25fb9-47c0-4443-afd7-9fccc5c7cead:192.168.164.219:43664, 17aeddd7-e61a-46f8-b584-b2ca2adc027c:192.168.164.219:33406, b8c81196-debe-4950-9544-de451655d31f:192.168.164.219:40129], old=null RUNNING
2019-11-13 19:47:41,533 [grpc-default-executor-2] INFO  impl.RaftServerImpl (RaftServerImpl.java:lambda$shutdown$3(250)) - b8c81196-debe-4950-9544-de451655d31f@group-013DB60B82FB: shutdown
2019-11-13 19:47:41,533 [grpc-default-executor-2] INFO  util.JmxRegister (JmxRegister.java:unregister(73)) - Successfully un-registered JMX Bean with object name Ratis:service=RaftServer,group=group-013DB60B82FB,id=b8c81196-debe-4950-9544-de451655d31f
2019-11-13 19:47:41,533 [grpc-default-executor-2] INFO  impl.RoleInfo (RoleInfo.java:shutdownLeaderState(104)) - b8c81196-debe-4950-9544-de451655d31f: shutdown LeaderState
2019-11-13 19:47:41,535 [grpc-default-executor-2] INFO  impl.PendingRequests (PendingRequests.java:sendNotLeaderResponses(206)) - b8c81196-debe-4950-9544-de451655d31f@group-013DB60B82FB-PendingRequests: sendNotLeaderResponses
2019-11-13 19:47:41,536 [org.apache.ratis.server.impl.LogAppender$AppenderDaemon$$Lambda$383/679419734@36ef666a] WARN  server.GrpcLogAppender (GrpcLogAppender.java:mayWait(151)) - b8c81196-debe-4950-9544-de451655d31f@group-013DB60B82FB->17aeddd7-e61a-46f8-b584-b2ca2adc027c-GrpcLogAppender: Wait interrupted by java.lang.InterruptedException
2019-11-13 19:47:41,536 [org.apache.ratis.server.impl.LogAppender$AppenderDaemon$$Lambda$383/679419734@72abc965] WARN  server.GrpcLogAppender (GrpcLogAppender.java:mayWait(151)) - b8c81196-debe-4950-9544-de451655d31f@group-013DB60B82FB->99a25fb9-47c0-4443-afd7-9fccc5c7cead-GrpcLogAppender: Wait interrupted by java.lang.InterruptedException
2019-11-13 19:47:41,545 [grpc-default-executor-2] INFO  impl.StateMachineUpdater (StateMachineUpdater.java:stopAndJoin(136)) - b8c81196-debe-4950-9544-de451655d31f@group-013DB60B82FB-StateMachineUpdater: set stopIndex = 78
2019-11-13 19:47:41,545 [b8c81196-debe-4950-9544-de451655d31f@group-013DB60B82FB-StateMachineUpdater] INFO  ratis.ContainerStateMachine (ContainerStateMachine.java:takeSnapshot(285)) - group-013DB60B82FB: Taking a snapshot at:(t:1, i:76) file /workdir/hadoop-ozone/tools/target/test-dir/MiniOzoneClusterImpl-3d16d092-b9b0-488c-8c1c-2b0a872ac8b1/datanode-1/data/ratis/ffcbeb03-4342-4610-83d4-013db60b82fb/sm/snapshot.1_76
2019-11-13 19:47:41,546 [grpc-default-executor-1] INFO  server.GrpcServerProtocolService (GrpcServerProtocolService.java:onCompleted(113)) - 17aeddd7-e61a-46f8-b584-b2ca2adc027c: Completed APPEND_ENTRIES, lastRequest: b8c81196-debe-4950-9544-de451655d31f->17aeddd7-e61a-46f8-b584-b2ca2adc027c#81-t1, previous=(t:1, i:78), leaderCommit=78, initializing? false, entries: <empty>
2019-11-13 19:47:41,546 [grpc-default-executor-0] INFO  server.GrpcServerProtocolService (GrpcServerProtocolService.java:onCompleted(113)) - 99a25fb9-47c0-4443-afd7-9fccc5c7cead: Completed APPEND_ENTRIES, lastRequest: b8c81196-debe-4950-9544-de451655d31f->99a25fb9-47c0-4443-afd7-9fccc5c7cead#81-t1, previous=(t:1, i:78), leaderCommit=78, initializing? false, entries: <empty>
2019-11-13 19:47:41,548 [grpc-default-executor-0] INFO  server.GrpcLogAppender (GrpcLogAppender.java:onCompleted(308)) - b8c81196-debe-4950-9544-de451655d31f@group-013DB60B82FB->17aeddd7-e61a-46f8-b584-b2ca2adc027c-AppendLogResponseHandler: follower responses appendEntries COMPLETED
2019-11-13 19:47:41,548 [grpc-default-executor-1] INFO  server.GrpcLogAppender (GrpcLogAppender.java:onCompleted(308)) - b8c81196-debe-4950-9544-de451655d31f@group-013DB60B82FB->99a25fb9-47c0-4443-afd7-9fccc5c7cead-AppendLogResponseHandler: follower responses appendEntries COMPLETED
2019-11-13 19:47:41,549 [b8c81196-debe-4950-9544-de451655d31f@group-013DB60B82FB-StateMachineUpdater] INFO  ratis.ContainerStateMachine (ContainerStateMachine.java:takeSnapshot(296)) - group-013DB60B82FB: Finished taking a snapshot at:(t:1, i:76) file:/workdir/hadoop-ozone/tools/target/test-dir/MiniOzoneClusterImpl-3d16d092-b9b0-488c-8c1c-2b0a872ac8b1/datanode-1/data/ratis/ffcbeb03-4342-4610-83d4-013db60b82fb/sm/snapshot.1_76 time:4
2019-11-13 19:47:41,550 [b8c81196-debe-4950-9544-de451655d31f@group-013DB60B82FB-StateMachineUpdater] INFO  impl.StateMachineUpdater (StateMachineUpdater.java:takeSnapshot(269)) - b8c81196-debe-4950-9544-de451655d31f@group-013DB60B82FB-StateMachineUpdater: Took a snapshot at index 76
2019-11-13 19:47:41,550 [b8c81196-debe-4950-9544-de451655d31f@group-013DB60B82FB-StateMachineUpdater] INFO  impl.StateMachineUpdater (StateMachineUpdater.java:lambda$new$0(84)) - b8c81196-debe-4950-9544-de451655d31f@group-013DB60B82FB-StateMachineUpdater: snapshotIndex: updateIncreasingly -1 -> 76
2019-11-13 19:47:41,550 [b8c81196-debe-4950-9544-de451655d31f@group-013DB60B82FB-StateMachineUpdater] INFO  ratis.ContainerStateMachine (ContainerStateMachine.java:takeSnapshot(285)) - group-013DB60B82FB: Taking a snapshot at:(t:1, i:76) file /workdir/hadoop-ozone/tools/target/test-dir/MiniOzoneClusterImpl-3d16d092-b9b0-488c-8c1c-2b0a872ac8b1/datanode-1/data/ratis/ffcbeb03-4342-4610-83d4-013db60b82fb/sm/snapshot.1_76
2019-11-13 19:47:41,551 [grpc-default-executor-0] INFO  impl.FollowerInfo (FollowerInfo.java:lambda$new$0(51)) - b8c81196-debe-4950-9544-de451655d31f@group-013DB60B82FB->17aeddd7-e61a-46f8-b584-b2ca2adc027c: nextIndex: updateUnconditionally 79 -> 78
2019-11-13 19:47:41,551 [grpc-default-executor-1] INFO  impl.FollowerInfo (FollowerInfo.java:lambda$new$0(51)) - b8c81196-debe-4950-9544-de451655d31f@group-013DB60B82FB->99a25fb9-47c0-4443-afd7-9fccc5c7cead: nextIndex: updateUnconditionally 79 -> 78
2019-11-13 19:47:41,571 [b8c81196-debe-4950-9544-de451655d31f@group-013DB60B82FB-StateMachineUpdater] INFO  ratis.ContainerStateMachine (ContainerStateMachine.java:takeSnapshot(296)) - group-013DB60B82FB: Finished taking a snapshot at:(t:1, i:76) file:/workdir/hadoop-ozone/tools/target/test-dir/MiniOzoneClusterImpl-3d16d092-b9b0-488c-8c1c-2b0a872ac8b1/datanode-1/data/ratis/ffcbeb03-4342-4610-83d4-013db60b82fb/sm/snapshot.1_76 time:21
2019-11-13 19:47:41,572 [b8c81196-debe-4950-9544-de451655d31f@group-013DB60B82FB-StateMachineUpdater] INFO  impl.StateMachineUpdater (StateMachineUpdater.java:takeSnapshot(269)) - b8c81196-debe-4950-9544-de451655d31f@group-013DB60B82FB-StateMachineUpdater: Took a snapshot at index 76
2019-11-13 19:47:41,572 [b8c81196-debe-4950-9544-de451655d31f@group-013DB60B82FB-StateMachineUpdater] INFO  impl.StateMachineUpdater (StateMachineUpdater.java:lambda$new$0(84)) - b8c81196-debe-4950-9544-de451655d31f@group-013DB60B82FB-StateMachineUpdater: snapshotIndex: updateIncreasingly 76 -> 76
2019-11-13 19:47:41,572 [grpc-default-executor-2] INFO  impl.RaftServerImpl (ServerState.java:close(387)) - b8c81196-debe-4950-9544-de451655d31f@group-013DB60B82FB: closes. applyIndex: 78
2019-11-13 19:47:41,573 [b8c81196-debe-4950-9544-de451655d31f@group-013DB60B82FB-SegmentedRaftLogWorker] INFO  segmented.SegmentedRaftLogWorker (SegmentedRaftLogWorker.java:run(316)) - b8c81196-debe-4950-9544-de451655d31f@group-013DB60B82FB-SegmentedRaftLogWorker was interrupted, exiting. There are 0 tasks remaining in the queue.
2019-11-13 19:47:41,574 [grpc-default-executor-2] INFO  segmented.SegmentedRaftLogWorker (SegmentedRaftLogWorker.java:close(224)) - b8c81196-debe-4950-9544-de451655d31f@group-013DB60B82FB-SegmentedRaftLogWorker close()
2019-11-13 19:47:41,591 [grpc-default-executor-2] INFO  interfaces.Container (KeyValueContainer.java:flushAndSyncDB(400)) - Container 1 is synced with bcsId 60.
2019-11-13 19:47:41,592 [grpc-default-executor-2] INFO  interfaces.Container (KeyValueContainer.java:flushAndSyncDB(400)) - Container 1 is synced with bcsId 60.
2019-11-13 19:47:41,620 [grpc-default-executor-2] INFO  interfaces.Container (KeyValueContainer.java:flushAndSyncDB(400)) - Container 2 is synced with bcsId 76.
2019-11-13 19:47:41,620 [grpc-default-executor-2] INFO  interfaces.Container (KeyValueContainer.java:flushAndSyncDB(400)) - Container 2 is synced with bcsId 76.
2019-11-13 19:47:41,648 [grpc-default-executor-2] INFO  interfaces.Container (KeyValueContainer.java:flushAndSyncDB(400)) - Container 3 is synced with bcsId 42.
2019-11-13 19:47:41,648 [grpc-default-executor-2] INFO  interfaces.Container (KeyValueContainer.java:flushAndSyncDB(400)) - Container 3 is synced with bcsId 42.
2019-11-13 19:47:41,666 [main] INFO  pipeline.PipelineStateManager (PipelineStateManager.java:removePipeline(106)) - Pipeline Pipeline[ Id: ffcbeb03-4342-4610-83d4-013db60b82fb, Nodes: 17aeddd7-e61a-46f8-b584-b2ca2adc027c{ip: 192.168.164.219, host: pr-hdds-1940-7lghg-363871468, networkLocation: /default-rack, certSerialId: null}99a25fb9-47c0-4443-afd7-9fccc5c7cead{ip: 192.168.164.219, host: pr-hdds-1940-7lghg-363871468, networkLocation: /default-rack, certSerialId: null}b8c81196-debe-4950-9544-de451655d31f{ip: 192.168.164.219, host: pr-hdds-1940-7lghg-363871468, networkLocation: /default-rack, certSerialId: null}, Type:RATIS, Factor:THREE, State:CLOSED] removed from db
2019-11-13 19:47:41,683 [grpc-default-executor-2] INFO  impl.RaftServerProxy (RaftServerProxy.java:addNew(89)) - b8c81196-debe-4950-9544-de451655d31f: addNew group-B57EB2B6E502:[99a25fb9-47c0-4443-afd7-9fccc5c7cead:192.168.164.219:43664, 17aeddd7-e61a-46f8-b584-b2ca2adc027c:192.168.164.219:33406, b8c81196-debe-4950-9544-de451655d31f:192.168.164.219:40129] returns group-B57EB2B6E502:java.util.concurrent.CompletableFuture@1bdded35[Not completed]
2019-11-13 19:47:41,685 [grpc-default-executor-2] INFO  impl.RaftServerProxy (RaftServerProxy.java:addNew(89)) - 17aeddd7-e61a-46f8-b584-b2ca2adc027c: addNew group-B57EB2B6E502:[99a25fb9-47c0-4443-afd7-9fccc5c7cead:192.168.164.219:43664, 17aeddd7-e61a-46f8-b584-b2ca2adc027c:192.168.164.219:33406, b8c81196-debe-4950-9544-de451655d31f:192.168.164.219:40129] returns group-B57EB2B6E502:java.util.concurrent.CompletableFuture@79956237[Not completed]
2019-11-13 19:47:41,686 [grpc-default-executor-1] INFO  impl.RaftServerProxy (RaftServerProxy.java:addNew(89)) - 99a25fb9-47c0-4443-afd7-9fccc5c7cead: addNew group-B57EB2B6E502:[99a25fb9-47c0-4443-afd7-9fccc5c7cead:192.168.164.219:43664, 17aeddd7-e61a-46f8-b584-b2ca2adc027c:192.168.164.219:33406, b8c81196-debe-4950-9544-de451655d31f:192.168.164.219:40129] returns group-B57EB2B6E502:java.util.concurrent.CompletableFuture@50e691d5[Not completed]
2019-11-13 19:47:41,692 [pool-37-thread-1] INFO  impl.RaftServerImpl (RaftServerImpl.java:<init>(98)) - b8c81196-debe-4950-9544-de451655d31f: new RaftServerImpl for group-B57EB2B6E502:[99a25fb9-47c0-4443-afd7-9fccc5c7cead:192.168.164.219:43664, 17aeddd7-e61a-46f8-b584-b2ca2adc027c:192.168.164.219:33406, b8c81196-debe-4950-9544-de451655d31f:192.168.164.219:40129] with ContainerStateMachine:uninitialized
2019-11-13 19:47:41,692 [pool-37-thread-1] INFO  server.RaftServerConfigKeys (ConfUtils.java:logGet(43)) - raft.server.rpc.timeout.min = 5s (custom)
2019-11-13 19:47:41,693 [pool-37-thread-1] INFO  server.RaftServerConfigKeys (ConfUtils.java:logGet(43)) - raft.server.rpc.timeout.max = 5200ms (custom)
2019-11-13 19:47:41,693 [pool-37-thread-1] INFO  server.RaftServerConfigKeys (ConfUtils.java:logGet(43)) - raft.server.rpcslowness.timeout = 120s (custom)
2019-11-13 19:47:41,693 [pool-37-thread-1] INFO  server.RaftServerConfigKeys (ConfUtils.java:logGet(43)) - raft.server.sleep.deviation.threshold = 300 (default)
2019-11-13 19:47:41,693 [pool-37-thread-1] INFO  server.RaftServerConfigKeys (ConfUtils.java:logGet(43)) - raft.server.log.appender.install.snapshot.enabled = false (custom)
2019-11-13 19:47:41,694 [pool-37-thread-1] INFO  impl.RaftServerImpl (ServerState.java:<init>(103)) - b8c81196-debe-4950-9544-de451655d31f@group-B57EB2B6E502: ConfigurationManager, init=-1: [99a25fb9-47c0-4443-afd7-9fccc5c7cead:192.168.164.219:43664, 17aeddd7-e61a-46f8-b584-b2ca2adc027c:192.168.164.219:33406, b8c81196-debe-4950-9544-de451655d31f:192.168.164.219:40129], old=null, confs=<EMPTY_MAP>
2019-11-13 19:47:41,694 [pool-37-thread-1] INFO  server.RaftServerConfigKeys (ConfUtils.java:logGet(43)) - raft.server.storage.dir = [/workdir/hadoop-ozone/tools/target/test-dir/MiniOzoneClusterImpl-3d16d092-b9b0-488c-8c1c-2b0a872ac8b1/datanode-1/data/ratis] (custom)
2019-11-13 19:47:41,694 [pool-27-thread-1] INFO  impl.RaftServerImpl (RaftServerImpl.java:<init>(98)) - 99a25fb9-47c0-4443-afd7-9fccc5c7cead: new RaftServerImpl for group-B57EB2B6E502:[99a25fb9-47c0-4443-afd7-9fccc5c7cead:192.168.164.219:43664, 17aeddd7-e61a-46f8-b584-b2ca2adc027c:192.168.164.219:33406, b8c81196-debe-4950-9544-de451655d31f:192.168.164.219:40129] with ContainerStateMachine:uninitialized
2019-11-13 19:47:41,695 [pool-27-thread-1] INFO  server.RaftServerConfigKeys (ConfUtils.java:logGet(43)) - raft.server.rpc.timeout.min = 5s (custom)
2019-11-13 19:47:41,695 [pool-37-thread-1] INFO  server.RaftServerConfigKeys (ConfUtils.java:logGet(43)) - raft.server.log.corruption.policy = EXCEPTION (default)
2019-11-13 19:47:41,695 [pool-27-thread-1] INFO  server.RaftServerConfigKeys (ConfUtils.java:logGet(43)) - raft.server.rpc.timeout.max = 5200ms (custom)
2019-11-13 19:47:41,695 [pool-37-thread-1] INFO  storage.RaftStorageDirectory (RaftStorageDirectory.java:analyzeStorage(246)) - The storage directory /workdir/hadoop-ozone/tools/target/test-dir/MiniOzoneClusterImpl-3d16d092-b9b0-488c-8c1c-2b0a872ac8b1/datanode-1/data/ratis/3eda0bf8-3bc1-4769-b73a-b57eb2b6e502 does not exist. Creating ...
2019-11-13 19:47:41,695 [pool-27-thread-1] INFO  server.RaftServerConfigKeys (ConfUtils.java:logGet(43)) - raft.server.rpcslowness.timeout = 120s (custom)
2019-11-13 19:47:41,696 [pool-27-thread-1] INFO  server.RaftServerConfigKeys (ConfUtils.java:logGet(43)) - raft.server.sleep.deviation.threshold = 300 (default)
2019-11-13 19:47:41,696 [pool-47-thread-1] INFO  impl.RaftServerImpl (RaftServerImpl.java:<init>(98)) - 17aeddd7-e61a-46f8-b584-b2ca2adc027c: new RaftServerImpl for group-B57EB2B6E502:[99a25fb9-47c0-4443-afd7-9fccc5c7cead:192.168.164.219:43664, 17aeddd7-e61a-46f8-b584-b2ca2adc027c:192.168.164.219:33406, b8c81196-debe-4950-9544-de451655d31f:192.168.164.219:40129] with ContainerStateMachine:uninitialized
2019-11-13 19:47:41,696 [pool-27-thread-1] INFO  server.RaftServerConfigKeys (ConfUtils.java:logGet(43)) - raft.server.log.appender.install.snapshot.enabled = false (custom)
2019-11-13 19:47:41,696 [pool-47-thread-1] INFO  server.RaftServerConfigKeys (ConfUtils.java:logGet(43)) - raft.server.rpc.timeout.min = 5s (custom)
2019-11-13 19:47:41,696 [pool-27-thread-1] INFO  impl.RaftServerImpl (ServerState.java:<init>(103)) - 99a25fb9-47c0-4443-afd7-9fccc5c7cead@group-B57EB2B6E502: ConfigurationManager, init=-1: [99a25fb9-47c0-4443-afd7-9fccc5c7cead:192.168.164.219:43664, 17aeddd7-e61a-46f8-b584-b2ca2adc027c:192.168.164.219:33406, b8c81196-debe-4950-9544-de451655d31f:192.168.164.219:40129], old=null, confs=<EMPTY_MAP>
2019-11-13 19:47:41,697 [pool-47-thread-1] INFO  server.RaftServerConfigKeys (ConfUtils.java:logGet(43)) - raft.server.rpc.timeout.max = 5200ms (custom)
2019-11-13 19:47:41,697 [pool-27-thread-1] INFO  server.RaftServerConfigKeys (ConfUtils.java:logGet(43)) - raft.server.storage.dir = [/workdir/hadoop-ozone/tools/target/test-dir/MiniOzoneClusterImpl-3d16d092-b9b0-488c-8c1c-2b0a872ac8b1/datanode-0/data/ratis] (custom)
2019-11-13 19:47:41,697 [pool-47-thread-1] INFO  server.RaftServerConfigKeys (ConfUtils.java:logGet(43)) - raft.server.rpcslowness.timeout = 120s (custom)
2019-11-13 19:47:41,697 [pool-47-thread-1] INFO  server.RaftServerConfigKeys (ConfUtils.java:logGet(43)) - raft.server.sleep.deviation.threshold = 300 (default)
2019-11-13 19:47:41,697 [pool-27-thread-1] INFO  server.RaftServerConfigKeys (ConfUtils.java:logGet(43)) - raft.server.log.corruption.policy = EXCEPTION (default)
2019-11-13 19:47:41,697 [pool-47-thread-1] INFO  server.RaftServerConfigKeys (ConfUtils.java:logGet(43)) - raft.server.log.appender.install.snapshot.enabled = false (custom)
2019-11-13 19:47:41,697 [pool-27-thread-1] INFO  storage.RaftStorageDirectory (RaftStorageDirectory.java:analyzeStorage(246)) - The storage directory /workdir/hadoop-ozone/tools/target/test-dir/MiniOzoneClusterImpl-3d16d092-b9b0-488c-8c1c-2b0a872ac8b1/datanode-0/data/ratis/3eda0bf8-3bc1-4769-b73a-b57eb2b6e502 does not exist. Creating ...
2019-11-13 19:47:41,698 [pool-47-thread-1] INFO  impl.RaftServerImpl (ServerState.java:<init>(103)) - 17aeddd7-e61a-46f8-b584-b2ca2adc027c@group-B57EB2B6E502: ConfigurationManager, init=-1: [99a25fb9-47c0-4443-afd7-9fccc5c7cead:192.168.164.219:43664, 17aeddd7-e61a-46f8-b584-b2ca2adc027c:192.168.164.219:33406, b8c81196-debe-4950-9544-de451655d31f:192.168.164.219:40129], old=null, confs=<EMPTY_MAP>
2019-11-13 19:47:41,698 [pool-47-thread-1] INFO  server.RaftServerConfigKeys (ConfUtils.java:logGet(43)) - raft.server.storage.dir = [/workdir/hadoop-ozone/tools/target/test-dir/MiniOzoneClusterImpl-3d16d092-b9b0-488c-8c1c-2b0a872ac8b1/datanode-2/data/ratis] (custom)
2019-11-13 19:47:41,698 [pool-47-thread-1] INFO  server.RaftServerConfigKeys (ConfUtils.java:logGet(43)) - raft.server.log.corruption.policy = EXCEPTION (default)
2019-11-13 19:47:41,698 [pool-47-thread-1] INFO  storage.RaftStorageDirectory (RaftStorageDirectory.java:analyzeStorage(246)) - The storage directory /workdir/hadoop-ozone/tools/target/test-dir/MiniOzoneClusterImpl-3d16d092-b9b0-488c-8c1c-2b0a872ac8b1/datanode-2/data/ratis/3eda0bf8-3bc1-4769-b73a-b57eb2b6e502 does not exist. Creating ...
2019-11-13 19:47:41,709 [pool-37-thread-1] INFO  storage.RaftStorageDirectory (RaftStorageDirectory.java:tryLock(328)) - Lock on /workdir/hadoop-ozone/tools/target/test-dir/MiniOzoneClusterImpl-3d16d092-b9b0-488c-8c1c-2b0a872ac8b1/datanode-1/data/ratis/3eda0bf8-3bc1-4769-b73a-b57eb2b6e502/in_use.lock acquired by nodename 12686@pr-hdds-1940-7lghg-363871468
2019-11-13 19:47:41,709 [pool-47-thread-1] INFO  storage.RaftStorageDirectory (RaftStorageDirectory.java:tryLock(328)) - Lock on /workdir/hadoop-ozone/tools/target/test-dir/MiniOzoneClusterImpl-3d16d092-b9b0-488c-8c1c-2b0a872ac8b1/datanode-2/data/ratis/3eda0bf8-3bc1-4769-b73a-b57eb2b6e502/in_use.lock acquired by nodename 12686@pr-hdds-1940-7lghg-363871468
2019-11-13 19:47:41,709 [pool-27-thread-1] INFO  storage.RaftStorageDirectory (RaftStorageDirectory.java:tryLock(328)) - Lock on /workdir/hadoop-ozone/tools/target/test-dir/MiniOzoneClusterImpl-3d16d092-b9b0-488c-8c1c-2b0a872ac8b1/datanode-0/data/ratis/3eda0bf8-3bc1-4769-b73a-b57eb2b6e502/in_use.lock acquired by nodename 12686@pr-hdds-1940-7lghg-363871468
2019-11-13 19:47:41,724 [pool-37-thread-1] INFO  storage.RaftStorage (RaftStorage.java:format(84)) - Storage directory /workdir/hadoop-ozone/tools/target/test-dir/MiniOzoneClusterImpl-3d16d092-b9b0-488c-8c1c-2b0a872ac8b1/datanode-1/data/ratis/3eda0bf8-3bc1-4769-b73a-b57eb2b6e502 has been successfully formatted.
2019-11-13 19:47:41,724 [pool-27-thread-1] INFO  storage.RaftStorage (RaftStorage.java:format(84)) - Storage directory /workdir/hadoop-ozone/tools/target/test-dir/MiniOzoneClusterImpl-3d16d092-b9b0-488c-8c1c-2b0a872ac8b1/datanode-0/data/ratis/3eda0bf8-3bc1-4769-b73a-b57eb2b6e502 has been successfully formatted.
2019-11-13 19:47:41,724 [pool-37-thread-1] INFO  ratis.ContainerStateMachine (ContainerStateMachine.java:loadSnapshot(223)) - group-B57EB2B6E502: The snapshot info is null. Setting the last applied indexto:(t:0, i:~)
2019-11-13 19:47:41,724 [pool-47-thread-1] INFO  storage.RaftStorage (RaftStorage.java:format(84)) - Storage directory /workdir/hadoop-ozone/tools/target/test-dir/MiniOzoneClusterImpl-3d16d092-b9b0-488c-8c1c-2b0a872ac8b1/datanode-2/data/ratis/3eda0bf8-3bc1-4769-b73a-b57eb2b6e502 has been successfully formatted.
2019-11-13 19:47:41,724 [pool-37-thread-1] INFO  server.RaftServerConfigKeys (ConfUtils.java:logGet(43)) - raft.server.notification.no-leader.timeout = 120s (custom)
2019-11-13 19:47:41,724 [pool-27-thread-1] INFO  ratis.ContainerStateMachine (ContainerStateMachine.java:loadSnapshot(223)) - group-B57EB2B6E502: The snapshot info is null. Setting the last applied indexto:(t:0, i:~)
2019-11-13 19:47:41,724 [pool-37-thread-1] INFO  server.RaftServerConfigKeys (ConfUtils.java:logGet(43)) - raft.server.log.use.memory = false (default)
2019-11-13 19:47:41,724 [pool-47-thread-1] INFO  ratis.ContainerStateMachine (ContainerStateMachine.java:loadSnapshot(223)) - group-B57EB2B6E502: The snapshot info is null. Setting the last applied indexto:(t:0, i:~)
2019-11-13 19:47:41,725 [pool-37-thread-1] INFO  server.RaftServerConfigKeys (ConfUtils.java:logGet(43)) - raft.server.log.purge.gap = 1000000 (custom)
2019-11-13 19:47:41,724 [pool-27-thread-1] INFO  server.RaftServerConfigKeys (ConfUtils.java:logGet(43)) - raft.server.notification.no-leader.timeout = 120s (custom)
2019-11-13 19:47:41,725 [pool-37-thread-1] INFO  server.RaftServerConfigKeys (ConfUtils.java:logGet(43)) - raft.server.log.appender.buffer.byte-limit = 33554432 (custom)
2019-11-13 19:47:41,725 [pool-47-thread-1] INFO  server.RaftServerConfigKeys (ConfUtils.java:logGet(43)) - raft.server.notification.no-leader.timeout = 120s (custom)
2019-11-13 19:47:41,725 [pool-37-thread-1] INFO  server.RaftServerConfigKeys (ConfUtils.java:logGet(43)) - raft.server.log.segment.size.max = 1048576 (custom)
2019-11-13 19:47:41,725 [pool-27-thread-1] INFO  server.RaftServerConfigKeys (ConfUtils.java:logGet(43)) - raft.server.log.use.memory = false (default)
2019-11-13 19:47:41,725 [pool-37-thread-1] INFO  server.RaftServerConfigKeys (ConfUtils.java:logGet(43)) - raft.server.log.segment.cache.num.max = 2 (custom)
2019-11-13 19:47:41,725 [pool-47-thread-1] INFO  server.RaftServerConfigKeys (ConfUtils.java:logGet(43)) - raft.server.log.use.memory = false (default)
2019-11-13 19:47:41,726 [pool-37-thread-1] INFO  segmented.SegmentedRaftLogWorker (SegmentedRaftLogWorker.java:<init>(173)) - new b8c81196-debe-4950-9544-de451655d31f@group-B57EB2B6E502-SegmentedRaftLogWorker for RaftStorage:Storage Directory /workdir/hadoop-ozone/tools/target/test-dir/MiniOzoneClusterImpl-3d16d092-b9b0-488c-8c1c-2b0a872ac8b1/datanode-1/data/ratis/3eda0bf8-3bc1-4769-b73a-b57eb2b6e502
2019-11-13 19:47:41,726 [pool-27-thread-1] INFO  server.RaftServerConfigKeys (ConfUtils.java:logGet(43)) - raft.server.log.purge.gap = 1000000 (custom)
2019-11-13 19:47:41,726 [pool-37-thread-1] INFO  server.RaftServerConfigKeys (ConfUtils.java:logGet(43)) - raft.server.log.queue.byte-limit = 2147483647 (custom)
2019-11-13 19:47:41,726 [pool-47-thread-1] INFO  server.RaftServerConfigKeys (ConfUtils.java:logGet(43)) - raft.server.log.purge.gap = 1000000 (custom)
2019-11-13 19:47:41,726 [pool-37-thread-1] INFO  server.RaftServerConfigKeys (ConfUtils.java:logGet(43)) - raft.server.log.queue.element-limit = 1024 (custom)
2019-11-13 19:47:41,726 [pool-27-thread-1] INFO  server.RaftServerConfigKeys (ConfUtils.java:logGet(43)) - raft.server.log.appender.buffer.byte-limit = 33554432 (custom)
2019-11-13 19:47:41,726 [pool-37-thread-1] INFO  server.RaftServerConfigKeys (ConfUtils.java:logGet(43)) - raft.server.log.segment.size.max = 1048576 (custom)
2019-11-13 19:47:41,726 [pool-47-thread-1] INFO  server.RaftServerConfigKeys (ConfUtils.java:logGet(43)) - raft.server.log.appender.buffer.byte-limit = 33554432 (custom)
2019-11-13 19:47:41,727 [pool-37-thread-1] INFO  server.RaftServerConfigKeys (ConfUtils.java:logGet(43)) - raft.server.log.preallocated.size = 16384 (custom)
2019-11-13 19:47:41,727 [pool-27-thread-1] INFO  server.RaftServerConfigKeys (ConfUtils.java:logGet(43)) - raft.server.log.segment.size.max = 1048576 (custom)
2019-11-13 19:47:41,727 [pool-37-thread-1] INFO  server.RaftServerConfigKeys (ConfUtils.java:logGet(43)) - raft.server.log.write.buffer.size = 33554432 (custom)
2019-11-13 19:47:41,727 [pool-47-thread-1] INFO  server.RaftServerConfigKeys (ConfUtils.java:logGet(43)) - raft.server.log.segment.size.max = 1048576 (custom)
2019-11-13 19:47:41,727 [pool-37-thread-1] INFO  server.RaftServerConfigKeys (ConfUtils.java:logGet(43)) - raft.server.log.force.sync.num = 128 (default)
2019-11-13 19:47:41,727 [pool-27-thread-1] INFO  server.RaftServerConfigKeys (ConfUtils.java:logGet(43)) - raft.server.log.segment.cache.num.max = 2 (custom)
2019-11-13 19:47:41,727 [pool-37-thread-1] INFO  server.RaftServerConfigKeys (ConfUtils.java:logGet(43)) - raft.server.log.statemachine.data.sync = true (default)
2019-11-13 19:47:41,727 [pool-47-thread-1] INFO  server.RaftServerConfigKeys (ConfUtils.java:logGet(43)) - raft.server.log.segment.cache.num.max = 2 (custom)
2019-11-13 19:47:41,728 [pool-37-thread-1] INFO  server.RaftServerConfigKeys (ConfUtils.java:logGet(43)) - raft.server.log.statemachine.data.sync.timeout = 10s (default)
2019-11-13 19:47:41,728 [pool-27-thread-1] INFO  segmented.SegmentedRaftLogWorker (SegmentedRaftLogWorker.java:<init>(173)) - new 99a25fb9-47c0-4443-afd7-9fccc5c7cead@group-B57EB2B6E502-SegmentedRaftLogWorker for RaftStorage:Storage Directory /workdir/hadoop-ozone/tools/target/test-dir/MiniOzoneClusterImpl-3d16d092-b9b0-488c-8c1c-2b0a872ac8b1/datanode-0/data/ratis/3eda0bf8-3bc1-4769-b73a-b57eb2b6e502
2019-11-13 19:47:41,728 [pool-37-thread-1] INFO  server.RaftServerConfigKeys (ConfUtils.java:logGet(43)) - raft.server.log.statemachine.data.sync.timeout.retry = -1 (default)
2019-11-13 19:47:41,728 [pool-47-thread-1] INFO  segmented.SegmentedRaftLogWorker (SegmentedRaftLogWorker.java:<init>(173)) - new 17aeddd7-e61a-46f8-b584-b2ca2adc027c@group-B57EB2B6E502-SegmentedRaftLogWorker for RaftStorage:Storage Directory /workdir/hadoop-ozone/tools/target/test-dir/MiniOzoneClusterImpl-3d16d092-b9b0-488c-8c1c-2b0a872ac8b1/datanode-2/data/ratis/3eda0bf8-3bc1-4769-b73a-b57eb2b6e502
2019-11-13 19:47:41,728 [pool-27-thread-1] INFO  server.RaftServerConfigKeys (ConfUtils.java:logGet(43)) - raft.server.log.queue.byte-limit = 2147483647 (custom)
2019-11-13 19:47:41,728 [pool-47-thread-1] INFO  server.RaftServerConfigKeys (ConfUtils.java:logGet(43)) - raft.server.log.queue.byte-limit = 2147483647 (custom)
2019-11-13 19:47:41,728 [pool-37-thread-1] INFO  server.RaftServerConfigKeys (ConfUtils.java:logGet(43)) - raft.server.log.statemachine.data.caching.enabled = true (custom)
2019-11-13 19:47:41,729 [pool-47-thread-1] INFO  server.RaftServerConfigKeys (ConfUtils.java:logGet(43)) - raft.server.log.queue.element-limit = 1024 (custom)
2019-11-13 19:47:41,729 [pool-27-thread-1] INFO  server.RaftServerConfigKeys (ConfUtils.java:logGet(43)) - raft.server.log.queue.element-limit = 1024 (custom)
2019-11-13 19:47:41,729 [pool-47-thread-1] INFO  server.RaftServerConfigKeys (ConfUtils.java:logGet(43)) - raft.server.log.segment.size.max = 1048576 (custom)
2019-11-13 19:47:41,729 [pool-27-thread-1] INFO  server.RaftServerConfigKeys (ConfUtils.java:logGet(43)) - raft.server.log.segment.size.max = 1048576 (custom)
2019-11-13 19:47:41,729 [pool-37-thread-1] INFO  segmented.SegmentedRaftLogWorker (SegmentedRaftLogWorker.java:lambda$new$0(128)) - b8c81196-debe-4950-9544-de451655d31f@group-B57EB2B6E502-SegmentedRaftLogWorker: flushIndex: setUnconditionally 0 -> -1
2019-11-13 19:47:41,729 [pool-27-thread-1] INFO  server.RaftServerConfigKeys (ConfUtils.java:logGet(43)) - raft.server.log.preallocated.size = 16384 (custom)
2019-11-13 19:47:41,729 [pool-47-thread-1] INFO  server.RaftServerConfigKeys (ConfUtils.java:logGet(43)) - raft.server.log.preallocated.size = 16384 (custom)
2019-11-13 19:47:41,730 [pool-37-thread-1] INFO  server.RaftServerConfigKeys (ConfUtils.java:logGet(43)) - raft.server.snapshot.auto.trigger.enabled = true (custom)
2019-11-13 19:47:41,730 [pool-27-thread-1] INFO  server.RaftServerConfigKeys (ConfUtils.java:logGet(43)) - raft.server.log.write.buffer.size = 33554432 (custom)
2019-11-13 19:47:41,730 [pool-37-thread-1] INFO  server.RaftServerConfigKeys (ConfUtils.java:logGet(43)) - raft.server.snapshot.auto.trigger.threshold = 10000 (custom)
2019-11-13 19:47:41,730 [pool-47-thread-1] INFO  server.RaftServerConfigKeys (ConfUtils.java:logGet(43)) - raft.server.log.write.buffer.size = 33554432 (custom)
2019-11-13 19:47:41,730 [pool-37-thread-1] INFO  server.RaftServerConfigKeys (ConfUtils.java:logGet(43)) - raft.server.snapshot.retention.file.num = 5 (custom)
2019-11-13 19:47:41,730 [pool-27-thread-1] INFO  server.RaftServerConfigKeys (ConfUtils.java:logGet(43)) - raft.server.log.force.sync.num = 128 (default)
2019-11-13 19:47:41,731 [pool-37-thread-1] INFO  server.RaftServerConfigKeys (ConfUtils.java:logGet(43)) - raft.server.retrycache.expirytime = 600000ms (custom)
2019-11-13 19:47:41,730 [pool-47-thread-1] INFO  server.RaftServerConfigKeys (ConfUtils.java:logGet(43)) - raft.server.log.force.sync.num = 128 (default)
2019-11-13 19:47:41,731 [pool-27-thread-1] INFO  server.RaftServerConfigKeys (ConfUtils.java:logGet(43)) - raft.server.log.statemachine.data.sync = true (default)
2019-11-13 19:47:41,731 [pool-47-thread-1] INFO  server.RaftServerConfigKeys (ConfUtils.java:logGet(43)) - raft.server.log.statemachine.data.sync = true (default)
2019-11-13 19:47:41,731 [pool-37-thread-1] WARN  impl.MetricRegistriesImpl (MetricRegistriesImpl.java:lambda$create$1(61)) - First MetricRegistry has been created without registering reporters. You may need to call MetricRegistries.global().addReportRegistration(...) before.
2019-11-13 19:47:41,731 [pool-47-thread-1] INFO  server.RaftServerConfigKeys (ConfUtils.java:logGet(43)) - raft.server.log.statemachine.data.sync.timeout = 10s (default)
2019-11-13 19:47:41,731 [pool-27-thread-1] INFO  server.RaftServerConfigKeys (ConfUtils.java:logGet(43)) - raft.server.log.statemachine.data.sync.timeout = 10s (default)
2019-11-13 19:47:41,732 [pool-47-thread-1] INFO  server.RaftServerConfigKeys (ConfUtils.java:logGet(43)) - raft.server.log.statemachine.data.sync.timeout.retry = -1 (default)
2019-11-13 19:47:41,731 [pool-37-thread-1] WARN  impl.MetricRegistriesImpl (MetricRegistriesImpl.java:lambda$create$1(61)) - First MetricRegistry has been created without registering reporters. You may need to call MetricRegistries.global().addReportRegistration(...) before.
2019-11-13 19:47:41,732 [pool-47-thread-1] INFO  server.RaftServerConfigKeys (ConfUtils.java:logGet(43)) - raft.server.log.statemachine.data.caching.enabled = true (custom)
2019-11-13 19:47:41,732 [pool-27-thread-1] INFO  server.RaftServerConfigKeys (ConfUtils.java:logGet(43)) - raft.server.log.statemachine.data.sync.timeout.retry = -1 (default)
2019-11-13 19:47:41,732 [pool-37-thread-1] INFO  impl.RaftServerImpl (RaftServerImpl.java:start(184)) - b8c81196-debe-4950-9544-de451655d31f@group-B57EB2B6E502: start as a follower, conf=-1: [99a25fb9-47c0-4443-afd7-9fccc5c7cead:192.168.164.219:43664, 17aeddd7-e61a-46f8-b584-b2ca2adc027c:192.168.164.219:33406, b8c81196-debe-4950-9544-de451655d31f:192.168.164.219:40129], old=null
2019-11-13 19:47:41,732 [pool-27-thread-1] INFO  server.RaftServerConfigKeys (ConfUtils.java:logGet(43)) - raft.server.log.statemachine.data.caching.enabled = true (custom)
2019-11-13 19:47:41,732 [pool-47-thread-1] INFO  segmented.SegmentedRaftLogWorker (SegmentedRaftLogWorker.java:lambda$new$0(128)) - 17aeddd7-e61a-46f8-b584-b2ca2adc027c@group-B57EB2B6E502-SegmentedRaftLogWorker: flushIndex: setUnconditionally 0 -> -1
2019-11-13 19:47:41,732 [pool-37-thread-1] INFO  impl.RaftServerImpl (RaftServerImpl.java:setRole(173)) - b8c81196-debe-4950-9544-de451655d31f@group-B57EB2B6E502: changes role from      null to FOLLOWER at term 0 for startAsFollower
2019-11-13 19:47:41,733 [pool-27-thread-1] INFO  segmented.SegmentedRaftLogWorker (SegmentedRaftLogWorker.java:lambda$new$0(128)) - 99a25fb9-47c0-4443-afd7-9fccc5c7cead@group-B57EB2B6E502-SegmentedRaftLogWorker: flushIndex: setUnconditionally 0 -> -1
2019-11-13 19:47:41,733 [pool-47-thread-1] INFO  server.RaftServerConfigKeys (ConfUtils.java:logGet(43)) - raft.server.snapshot.auto.trigger.enabled = true (custom)
2019-11-13 19:47:41,733 [pool-37-thread-1] INFO  impl.RoleInfo (RoleInfo.java:updateAndGet(143)) - b8c81196-debe-4950-9544-de451655d31f: start FollowerState
2019-11-13 19:47:41,733 [pool-27-thread-1] INFO  server.RaftServerConfigKeys (ConfUtils.java:logGet(43)) - raft.server.snapshot.auto.trigger.enabled = true (custom)
2019-11-13 19:47:41,733 [pool-47-thread-1] INFO  server.RaftServerConfigKeys (ConfUtils.java:logGet(43)) - raft.server.snapshot.auto.trigger.threshold = 10000 (custom)
2019-11-13 19:47:41,733 [pool-27-thread-1] INFO  server.RaftServerConfigKeys (ConfUtils.java:logGet(43)) - raft.server.snapshot.auto.trigger.threshold = 10000 (custom)
2019-11-13 19:47:41,733 [pool-47-thread-1] INFO  server.RaftServerConfigKeys (ConfUtils.java:logGet(43)) - raft.server.snapshot.retention.file.num = 5 (custom)
2019-11-13 19:47:41,734 [pool-37-thread-1] INFO  util.JmxRegister (JmxRegister.java:tryRegister(44)) - Successfully registered JMX Bean with object name Ratis:service=RaftServer,group=group-B57EB2B6E502,id=b8c81196-debe-4950-9544-de451655d31f
2019-11-13 19:47:41,734 [pool-27-thread-1] INFO  server.RaftServerConfigKeys (ConfUtils.java:logGet(43)) - raft.server.snapshot.retention.file.num = 5 (custom)
2019-11-13 19:47:41,734 [pool-37-thread-1] WARN  impl.MetricRegistriesImpl (MetricRegistriesImpl.java:lambda$create$1(61)) - First MetricRegistry has been created without registering reporters. You may need to call MetricRegistries.global().addReportRegistration(...) before.
2019-11-13 19:47:41,734 [pool-47-thread-1] INFO  server.RaftServerConfigKeys (ConfUtils.java:logGet(43)) - raft.server.retrycache.expirytime = 600000ms (custom)
2019-11-13 19:47:41,734 [pool-27-thread-1] INFO  server.RaftServerConfigKeys (ConfUtils.java:logGet(43)) - raft.server.retrycache.expirytime = 600000ms (custom)
2019-11-13 19:47:41,734 [pool-47-thread-1] WARN  impl.MetricRegistriesImpl (MetricRegistriesImpl.java:lambda$create$1(61)) - First MetricRegistry has been created without registering reporters. You may need to call MetricRegistries.global().addReportRegistration(...) before.
2019-11-13 19:47:41,734 [pool-27-thread-1] WARN  impl.MetricRegistriesImpl (MetricRegistriesImpl.java:lambda$create$1(61)) - First MetricRegistry has been created without registering reporters. You may need to call MetricRegistries.global().addReportRegistration(...) before.
2019-11-13 19:47:41,734 [pool-47-thread-1] WARN  impl.MetricRegistriesImpl (MetricRegistriesImpl.java:lambda$create$1(61)) - First MetricRegistry has been created without registering reporters. You may need to call MetricRegistries.global().addReportRegistration(...) before.
2019-11-13 19:47:41,735 [pool-27-thread-1] WARN  impl.MetricRegistriesImpl (MetricRegistriesImpl.java:lambda$create$1(61)) - First MetricRegistry has been created without registering reporters. You may need to call MetricRegistries.global().addReportRegistration(...) before.
2019-11-13 19:47:41,735 [pool-47-thread-1] INFO  impl.RaftServerImpl (RaftServerImpl.java:start(184)) - 17aeddd7-e61a-46f8-b584-b2ca2adc027c@group-B57EB2B6E502: start as a follower, conf=-1: [99a25fb9-47c0-4443-afd7-9fccc5c7cead:192.168.164.219:43664, 17aeddd7-e61a-46f8-b584-b2ca2adc027c:192.168.164.219:33406, b8c81196-debe-4950-9544-de451655d31f:192.168.164.219:40129], old=null
2019-11-13 19:47:41,735 [pool-27-thread-1] INFO  impl.RaftServerImpl (RaftServerImpl.java:start(184)) - 99a25fb9-47c0-4443-afd7-9fccc5c7cead@group-B57EB2B6E502: start as a follower, conf=-1: [99a25fb9-47c0-4443-afd7-9fccc5c7cead:192.168.164.219:43664, 17aeddd7-e61a-46f8-b584-b2ca2adc027c:192.168.164.219:33406, b8c81196-debe-4950-9544-de451655d31f:192.168.164.219:40129], old=null
2019-11-13 19:47:41,735 [pool-47-thread-1] INFO  impl.RaftServerImpl (RaftServerImpl.java:setRole(173)) - 17aeddd7-e61a-46f8-b584-b2ca2adc027c@group-B57EB2B6E502: changes role from      null to FOLLOWER at term 0 for startAsFollower
2019-11-13 19:47:41,735 [pool-27-thread-1] INFO  impl.RaftServerImpl (RaftServerImpl.java:setRole(173)) - 99a25fb9-47c0-4443-afd7-9fccc5c7cead@group-B57EB2B6E502: changes role from      null to FOLLOWER at term 0 for startAsFollower
2019-11-13 19:47:41,735 [pool-47-thread-1] INFO  impl.RoleInfo (RoleInfo.java:updateAndGet(143)) - 17aeddd7-e61a-46f8-b584-b2ca2adc027c: start FollowerState
2019-11-13 19:47:41,735 [pool-27-thread-1] INFO  impl.RoleInfo (RoleInfo.java:updateAndGet(143)) - 99a25fb9-47c0-4443-afd7-9fccc5c7cead: start FollowerState
2019-11-13 19:47:41,737 [pool-47-thread-1] INFO  util.JmxRegister (JmxRegister.java:tryRegister(44)) - Successfully registered JMX Bean with object name Ratis:service=RaftServer,group=group-B57EB2B6E502,id=17aeddd7-e61a-46f8-b584-b2ca2adc027c
2019-11-13 19:47:41,737 [pool-47-thread-1] WARN  impl.MetricRegistriesImpl (MetricRegistriesImpl.java:lambda$create$1(61)) - First MetricRegistry has been created without registering reporters. You may need to call MetricRegistries.global().addReportRegistration(...) before.
2019-11-13 19:47:41,737 [pool-27-thread-1] INFO  util.JmxRegister (JmxRegister.java:tryRegister(44)) - Successfully registered JMX Bean with object name Ratis:service=RaftServer,group=group-B57EB2B6E502,id=99a25fb9-47c0-4443-afd7-9fccc5c7cead
2019-11-13 19:47:41,737 [pool-27-thread-1] WARN  impl.MetricRegistriesImpl (MetricRegistriesImpl.java:lambda$create$1(61)) - First MetricRegistry has been created without registering reporters. You may need to call MetricRegistries.global().addReportRegistration(...) before.
2019-11-13 19:47:41,742 [RatisPipelineUtilsThread] INFO  pipeline.PipelineStateManager (PipelineStateManager.java:addPipeline(55)) - Created pipeline Pipeline[ Id: 3eda0bf8-3bc1-4769-b73a-b57eb2b6e502, Nodes: 17aeddd7-e61a-46f8-b584-b2ca2adc027c{ip: 192.168.164.219, host: pr-hdds-1940-7lghg-363871468, networkLocation: /default-rack, certSerialId: null}99a25fb9-47c0-4443-afd7-9fccc5c7cead{ip: 192.168.164.219, host: pr-hdds-1940-7lghg-363871468, networkLocation: /default-rack, certSerialId: null}b8c81196-debe-4950-9544-de451655d31f{ip: 192.168.164.219, host: pr-hdds-1940-7lghg-363871468, networkLocation: /default-rack, certSerialId: null}, Type:RATIS, Factor:THREE, State:ALLOCATED]
2019-11-13 19:47:41,794 [main] INFO  freon.RandomKeyGenerator (RandomKeyGenerator.java:call(283)) - Number of Threads: 10
2019-11-13 19:47:41,795 [main] INFO  freon.RandomKeyGenerator (RandomKeyGenerator.java:call(288)) - Number of Volumes: 1.
2019-11-13 19:47:41,795 [main] INFO  freon.RandomKeyGenerator (RandomKeyGenerator.java:call(289)) - Number of Buckets per Volume: 1.
2019-11-13 19:47:41,795 [main] INFO  freon.RandomKeyGenerator (RandomKeyGenerator.java:call(290)) - Number of Keys per Bucket: 1.
2019-11-13 19:47:41,795 [main] INFO  freon.RandomKeyGenerator (RandomKeyGenerator.java:call(291)) - Key size: 20971520 bytes
2019-11-13 19:47:41,795 [main] INFO  freon.RandomKeyGenerator (RandomKeyGenerator.java:call(292)) - Buffer size: 4096 bytes
2019-11-13 19:47:41,795 [main] INFO  freon.RandomKeyGenerator (RandomKeyGenerator.java:call(293)) - validateWrites : true
2019-11-13 19:47:41,797 [main] INFO  freon.RandomKeyGenerator (RandomKeyGenerator.java:call(307)) - Data validation is enabled.
2019-11-13 19:47:41,797 [main] INFO  freon.RandomKeyGenerator (RandomKeyGenerator.java:call(313)) - Starting progress bar Thread.

 0.00% |?                                                                                                    |  0/1 Time: 0:00:002019-11-13 19:47:41,797 [pool-59-thread-1] INFO  rpc.RpcClient (RpcClient.java:createVolume(292)) - Creating Volume: vol-0-57457, with jenkins1000 as owner.
2019-11-13 19:47:41,805 [IPC Server handler 5 on 39608] INFO  volume.OMVolumeCreateRequest (OMVolumeCreateRequest.java:validateAndUpdateCache(193)) - created volume:vol-0-57457 for user:jenkins1000
2019-11-13 19:47:41,827 [pool-59-thread-3] INFO  rpc.RpcClient (RpcClient.java:createBucket(431)) - Creating Bucket: vol-0-57457/bucket-0-59906, with Versioning false and Storage Type set to DISK and Encryption set to false 
2019-11-13 19:47:41,862 [IPC Server handler 0 on 44618] WARN  block.BlockManagerImpl (BlockManagerImpl.java:allocateBlock(200)) - Pipeline creation failed for type:RATIS factor:THREE. Retrying get pipelines call once.
org.apache.hadoop.hdds.scm.pipeline.InsufficientDatanodesException: Cannot create pipeline of factor 3 using 0 nodes.
	at org.apache.hadoop.hdds.scm.pipeline.RatisPipelineProvider.create(RatisPipelineProvider.java:153)
	at org.apache.hadoop.hdds.scm.pipeline.PipelineFactory.create(PipelineFactory.java:58)
	at org.apache.hadoop.hdds.scm.pipeline.SCMPipelineManager.createPipeline(SCMPipelineManager.java:155)
	at org.apache.hadoop.hdds.scm.block.BlockManagerImpl.allocateBlock(BlockManagerImpl.java:198)
	at org.apache.hadoop.hdds.scm.server.SCMBlockProtocolServer.allocateBlock(SCMBlockProtocolServer.java:187)
	at org.apache.hadoop.hdds.scm.protocol.ScmBlockLocationProtocolServerSideTranslatorPB.allocateScmBlock(ScmBlockLocationProtocolServerSideTranslatorPB.java:159)
	at org.apache.hadoop.hdds.scm.protocol.ScmBlockLocationProtocolServerSideTranslatorPB.processMessage(ScmBlockLocationProtocolServerSideTranslatorPB.java:117)
	at org.apache.hadoop.hdds.server.OzoneProtocolMessageDispatcher.processRequest(OzoneProtocolMessageDispatcher.java:72)
	at org.apache.hadoop.hdds.scm.protocol.ScmBlockLocationProtocolServerSideTranslatorPB.send(ScmBlockLocationProtocolServerSideTranslatorPB.java:98)
	at org.apache.hadoop.hdds.protocol.proto.ScmBlockLocationProtocolProtos$ScmBlockLocationProtocolService$2.callBlockingMethod(ScmBlockLocationProtocolProtos.java:13157)
	at org.apache.hadoop.ipc.ProtobufRpcEngine$Server$ProtoBufRpcInvoker.call(ProtobufRpcEngine.java:524)
	at org.apache.hadoop.ipc.RPC$Server.call(RPC.java:1025)
	at org.apache.hadoop.ipc.Server$RpcCall.run(Server.java:876)
	at org.apache.hadoop.ipc.Server$RpcCall.run(Server.java:822)
	at java.security.AccessController.doPrivileged(Native Method)
	at javax.security.auth.Subject.doAs(Subject.java:422)
	at org.apache.hadoop.security.UserGroupInformation.doAs(UserGroupInformation.java:1730)
	at org.apache.hadoop.ipc.Server$Handler.run(Server.java:2682)
2019-11-13 19:47:41,864 [IPC Server handler 0 on 44618] INFO  block.BlockManagerImpl (BlockManagerImpl.java:allocateBlock(212)) - Could not find available pipeline of type:RATIS and factor:THREE even after retrying
2019-11-13 19:47:41,864 [IPC Server handler 0 on 44618] ERROR block.BlockManagerImpl (BlockManagerImpl.java:allocateBlock(236)) - Unable to allocate a block for the size: 4194304, type: RATIS, factor: THREE
2019-11-13 19:47:41,865 [IPC Server handler 0 on 44618] WARN  block.BlockManagerImpl (BlockManagerImpl.java:allocateBlock(200)) - Pipeline creation failed for type:RATIS factor:THREE. Retrying get pipelines call once.
org.apache.hadoop.hdds.scm.pipeline.InsufficientDatanodesException: Cannot create pipeline of factor 3 using 0 nodes.
	at org.apache.hadoop.hdds.scm.pipeline.RatisPipelineProvider.create(RatisPipelineProvider.java:153)
	at org.apache.hadoop.hdds.scm.pipeline.PipelineFactory.create(PipelineFactory.java:58)
	at org.apache.hadoop.hdds.scm.pipeline.SCMPipelineManager.createPipeline(SCMPipelineManager.java:155)
	at org.apache.hadoop.hdds.scm.block.BlockManagerImpl.allocateBlock(BlockManagerImpl.java:198)
	at org.apache.hadoop.hdds.scm.server.SCMBlockProtocolServer.allocateBlock(SCMBlockProtocolServer.java:187)
	at org.apache.hadoop.hdds.scm.protocol.ScmBlockLocationProtocolServerSideTranslatorPB.allocateScmBlock(ScmBlockLocationProtocolServerSideTranslatorPB.java:159)
	at org.apache.hadoop.hdds.scm.protocol.ScmBlockLocationProtocolServerSideTranslatorPB.processMessage(ScmBlockLocationProtocolServerSideTranslatorPB.java:117)
	at org.apache.hadoop.hdds.server.OzoneProtocolMessageDispatcher.processRequest(OzoneProtocolMessageDispatcher.java:72)
	at org.apache.hadoop.hdds.scm.protocol.ScmBlockLocationProtocolServerSideTranslatorPB.send(ScmBlockLocationProtocolServerSideTranslatorPB.java:98)
	at org.apache.hadoop.hdds.protocol.proto.ScmBlockLocationProtocolProtos$ScmBlockLocationProtocolService$2.callBlockingMethod(ScmBlockLocationProtocolProtos.java:13157)
	at org.apache.hadoop.ipc.ProtobufRpcEngine$Server$ProtoBufRpcInvoker.call(ProtobufRpcEngine.java:524)
	at org.apache.hadoop.ipc.RPC$Server.call(RPC.java:1025)
	at org.apache.hadoop.ipc.Server$RpcCall.run(Server.java:876)
	at org.apache.hadoop.ipc.Server$RpcCall.run(Server.java:822)
	at java.security.AccessController.doPrivileged(Native Method)
	at javax.security.auth.Subject.doAs(Subject.java:422)
	at org.apache.hadoop.security.UserGroupInformation.doAs(UserGroupInformation.java:1730)
	at org.apache.hadoop.ipc.Server$Handler.run(Server.java:2682)
2019-11-13 19:47:41,865 [IPC Server handler 0 on 44618] INFO  block.BlockManagerImpl (BlockManagerImpl.java:allocateBlock(212)) - Could not find available pipeline of type:RATIS and factor:THREE even after retrying
2019-11-13 19:47:41,865 [IPC Server handler 0 on 44618] ERROR block.BlockManagerImpl (BlockManagerImpl.java:allocateBlock(236)) - Unable to allocate a block for the size: 4194304, type: RATIS, factor: THREE
2019-11-13 19:47:41,865 [IPC Server handler 0 on 44618] WARN  block.BlockManagerImpl (BlockManagerImpl.java:allocateBlock(200)) - Pipeline creation failed for type:RATIS factor:THREE. Retrying get pipelines call once.
org.apache.hadoop.hdds.scm.pipeline.InsufficientDatanodesException: Cannot create pipeline of factor 3 using 0 nodes.
	at org.apache.hadoop.hdds.scm.pipeline.RatisPipelineProvider.create(RatisPipelineProvider.java:153)
	at org.apache.hadoop.hdds.scm.pipeline.PipelineFactory.create(PipelineFactory.java:58)
	at org.apache.hadoop.hdds.scm.pipeline.SCMPipelineManager.createPipeline(SCMPipelineManager.java:155)
	at org.apache.hadoop.hdds.scm.block.BlockManagerImpl.allocateBlock(BlockManagerImpl.java:198)
	at org.apache.hadoop.hdds.scm.server.SCMBlockProtocolServer.allocateBlock(SCMBlockProtocolServer.java:187)
	at org.apache.hadoop.hdds.scm.protocol.ScmBlockLocationProtocolServerSideTranslatorPB.allocateScmBlock(ScmBlockLocationProtocolServerSideTranslatorPB.java:159)
	at org.apache.hadoop.hdds.scm.protocol.ScmBlockLocationProtocolServerSideTranslatorPB.processMessage(ScmBlockLocationProtocolServerSideTranslatorPB.java:117)
	at org.apache.hadoop.hdds.server.OzoneProtocolMessageDispatcher.processRequest(OzoneProtocolMessageDispatcher.java:72)
	at org.apache.hadoop.hdds.scm.protocol.ScmBlockLocationProtocolServerSideTranslatorPB.send(ScmBlockLocationProtocolServerSideTranslatorPB.java:98)
	at org.apache.hadoop.hdds.protocol.proto.ScmBlockLocationProtocolProtos$ScmBlockLocationProtocolService$2.callBlockingMethod(ScmBlockLocationProtocolProtos.java:13157)
	at org.apache.hadoop.ipc.ProtobufRpcEngine$Server$ProtoBufRpcInvoker.call(ProtobufRpcEngine.java:524)
	at org.apache.hadoop.ipc.RPC$Server.call(RPC.java:1025)
	at org.apache.hadoop.ipc.Server$RpcCall.run(Server.java:876)
	at org.apache.hadoop.ipc.Server$RpcCall.run(Server.java:822)
	at java.security.AccessController.doPrivileged(Native Method)
	at javax.security.auth.Subject.doAs(Subject.java:422)
	at org.apache.hadoop.security.UserGroupInformation.doAs(UserGroupInformation.java:1730)
	at org.apache.hadoop.ipc.Server$Handler.run(Server.java:2682)
2019-11-13 19:47:41,866 [IPC Server handler 0 on 44618] INFO  block.BlockManagerImpl (BlockManagerImpl.java:allocateBlock(212)) - Could not find available pipeline of type:RATIS and factor:THREE even after retrying
2019-11-13 19:47:41,866 [IPC Server handler 0 on 44618] ERROR block.BlockManagerImpl (BlockManagerImpl.java:allocateBlock(236)) - Unable to allocate a block for the size: 4194304, type: RATIS, factor: THREE
2019-11-13 19:47:41,868 [IPC Server handler 0 on 44618] WARN  block.BlockManagerImpl (BlockManagerImpl.java:allocateBlock(200)) - Pipeline creation failed for type:RATIS factor:THREE. Retrying get pipelines call once.
org.apache.hadoop.hdds.scm.pipeline.InsufficientDatanodesException: Cannot create pipeline of factor 3 using 0 nodes.
	at org.apache.hadoop.hdds.scm.pipeline.RatisPipelineProvider.create(RatisPipelineProvider.java:153)
	at org.apache.hadoop.hdds.scm.pipeline.PipelineFactory.create(PipelineFactory.java:58)
	at org.apache.hadoop.hdds.scm.pipeline.SCMPipelineManager.createPipeline(SCMPipelineManager.java:155)
	at org.apache.hadoop.hdds.scm.block.BlockManagerImpl.allocateBlock(BlockManagerImpl.java:198)
	at org.apache.hadoop.hdds.scm.server.SCMBlockProtocolServer.allocateBlock(SCMBlockProtocolServer.java:187)
	at org.apache.hadoop.hdds.scm.protocol.ScmBlockLocationProtocolServerSideTranslatorPB.allocateScmBlock(ScmBlockLocationProtocolServerSideTranslatorPB.java:159)
	at org.apache.hadoop.hdds.scm.protocol.ScmBlockLocationProtocolServerSideTranslatorPB.processMessage(ScmBlockLocationProtocolServerSideTranslatorPB.java:117)
	at org.apache.hadoop.hdds.server.OzoneProtocolMessageDispatcher.processRequest(OzoneProtocolMessageDispatcher.java:72)
	at org.apache.hadoop.hdds.scm.protocol.ScmBlockLocationProtocolServerSideTranslatorPB.send(ScmBlockLocationProtocolServerSideTranslatorPB.java:98)
	at org.apache.hadoop.hdds.protocol.proto.ScmBlockLocationProtocolProtos$ScmBlockLocationProtocolService$2.callBlockingMethod(ScmBlockLocationProtocolProtos.java:13157)
	at org.apache.hadoop.ipc.ProtobufRpcEngine$Server$ProtoBufRpcInvoker.call(ProtobufRpcEngine.java:524)
	at org.apache.hadoop.ipc.RPC$Server.call(RPC.java:1025)
	at org.apache.hadoop.ipc.Server$RpcCall.run(Server.java:876)
	at org.apache.hadoop.ipc.Server$RpcCall.run(Server.java:822)
	at java.security.AccessController.doPrivileged(Native Method)
	at javax.security.auth.Subject.doAs(Subject.java:422)
	at org.apache.hadoop.security.UserGroupInformation.doAs(UserGroupInformation.java:1730)
	at org.apache.hadoop.ipc.Server$Handler.run(Server.java:2682)
2019-11-13 19:47:41,868 [IPC Server handler 0 on 44618] INFO  block.BlockManagerImpl (BlockManagerImpl.java:allocateBlock(212)) - Could not find available pipeline of type:RATIS and factor:THREE even after retrying
2019-11-13 19:47:41,868 [IPC Server handler 0 on 44618] ERROR block.BlockManagerImpl (BlockManagerImpl.java:allocateBlock(236)) - Unable to allocate a block for the size: 4194304, type: RATIS, factor: THREE
2019-11-13 19:47:41,872 [IPC Server handler 0 on 44618] WARN  block.BlockManagerImpl (BlockManagerImpl.java:allocateBlock(200)) - Pipeline creation failed for type:RATIS factor:THREE. Retrying get pipelines call once.
org.apache.hadoop.hdds.scm.pipeline.InsufficientDatanodesException: Cannot create pipeline of factor 3 using 0 nodes.
	at org.apache.hadoop.hdds.scm.pipeline.RatisPipelineProvider.create(RatisPipelineProvider.java:153)
	at org.apache.hadoop.hdds.scm.pipeline.PipelineFactory.create(PipelineFactory.java:58)
	at org.apache.hadoop.hdds.scm.pipeline.SCMPipelineManager.createPipeline(SCMPipelineManager.java:155)
	at org.apache.hadoop.hdds.scm.block.BlockManagerImpl.allocateBlock(BlockManagerImpl.java:198)
	at org.apache.hadoop.hdds.scm.server.SCMBlockProtocolServer.allocateBlock(SCMBlockProtocolServer.java:187)
	at org.apache.hadoop.hdds.scm.protocol.ScmBlockLocationProtocolServerSideTranslatorPB.allocateScmBlock(ScmBlockLocationProtocolServerSideTranslatorPB.java:159)
	at org.apache.hadoop.hdds.scm.protocol.ScmBlockLocationProtocolServerSideTranslatorPB.processMessage(ScmBlockLocationProtocolServerSideTranslatorPB.java:117)
	at org.apache.hadoop.hdds.server.OzoneProtocolMessageDispatcher.processRequest(OzoneProtocolMessageDispatcher.java:72)
	at org.apache.hadoop.hdds.scm.protocol.ScmBlockLocationProtocolServerSideTranslatorPB.send(ScmBlockLocationProtocolServerSideTranslatorPB.java:98)
	at org.apache.hadoop.hdds.protocol.proto.ScmBlockLocationProtocolProtos$ScmBlockLocationProtocolService$2.callBlockingMethod(ScmBlockLocationProtocolProtos.java:13157)
	at org.apache.hadoop.ipc.ProtobufRpcEngine$Server$ProtoBufRpcInvoker.call(ProtobufRpcEngine.java:524)
	at org.apache.hadoop.ipc.RPC$Server.call(RPC.java:1025)
	at org.apache.hadoop.ipc.Server$RpcCall.run(Server.java:876)
	at org.apache.hadoop.ipc.Server$RpcCall.run(Server.java:822)
	at java.security.AccessController.doPrivileged(Native Method)
	at javax.security.auth.Subject.doAs(Subject.java:422)
	at org.apache.hadoop.security.UserGroupInformation.doAs(UserGroupInformation.java:1730)
	at org.apache.hadoop.ipc.Server$Handler.run(Server.java:2682)
2019-11-13 19:47:41,872 [IPC Server handler 0 on 44618] INFO  block.BlockManagerImpl (BlockManagerImpl.java:allocateBlock(212)) - Could not find available pipeline of type:RATIS and factor:THREE even after retrying
2019-11-13 19:47:41,873 [IPC Server handler 0 on 44618] ERROR block.BlockManagerImpl (BlockManagerImpl.java:allocateBlock(236)) - Unable to allocate a block for the size: 4194304, type: RATIS, factor: THREE
2019-11-13 19:47:41,877 [pool-59-thread-2] ERROR freon.RandomKeyGenerator (RandomKeyGenerator.java:createKey(735)) - Exception while adding key: key-0-67523 in bucket: bucket-0-59906 of volume: vol-0-57457.
INTERNAL_ERROR org.apache.hadoop.ozone.om.exceptions.OMException: Allocated 0 blocks. Requested 5 blocks
	at org.apache.hadoop.ozone.om.protocolPB.OzoneManagerProtocolClientSideTranslatorPB.handleError(OzoneManagerProtocolClientSideTranslatorPB.java:761)
	at org.apache.hadoop.ozone.om.protocolPB.OzoneManagerProtocolClientSideTranslatorPB.openKey(OzoneManagerProtocolClientSideTranslatorPB.java:752)
	at sun.reflect.NativeMethodAccessorImpl.invoke0(Native Method)
	at sun.reflect.NativeMethodAccessorImpl.invoke(NativeMethodAccessorImpl.java:62)
	at sun.reflect.DelegatingMethodAccessorImpl.invoke(DelegatingMethodAccessorImpl.java:43)
	at java.lang.reflect.Method.invoke(Method.java:498)
	at org.apache.hadoop.hdds.tracing.TraceAllMethod.invoke(TraceAllMethod.java:66)
	at com.sun.proxy.$Proxy37.openKey(Unknown Source)
	at org.apache.hadoop.ozone.client.rpc.RpcClient.createKey(RpcClient.java:634)
	at org.apache.hadoop.ozone.client.OzoneBucket.createKey(OzoneBucket.java:325)
	at org.apache.hadoop.ozone.freon.RandomKeyGenerator.createKey(RandomKeyGenerator.java:697)
	at org.apache.hadoop.ozone.freon.RandomKeyGenerator.access$1100(RandomKeyGenerator.java:88)
	at org.apache.hadoop.ozone.freon.RandomKeyGenerator$ObjectCreator.run(RandomKeyGenerator.java:615)
	at java.util.concurrent.Executors$RunnableAdapter.call(Executors.java:511)
	at java.util.concurrent.FutureTask.run(FutureTask.java:266)
	at java.util.concurrent.ThreadPoolExecutor.runWorker(ThreadPoolExecutor.java:1149)
	at java.util.concurrent.ThreadPoolExecutor$Worker.run(ThreadPoolExecutor.java:624)
	at java.lang.Thread.run(Thread.java:748)
 0.00% |?                                                                                                    |  0/1 Time: 0:00:01 0.00% |?                                                                                                    |  0/1 Time: 0:00:02 0.00% |?                                                                                                    |  0/1 Time: 0:00:03 0.00% |?                                                                                                    |  0/1 Time: 0:00:042019-11-13 19:47:46,767 [Thread-488] INFO  impl.FollowerState (FollowerState.java:run(111)) - 17aeddd7-e61a-46f8-b584-b2ca2adc027c@group-B57EB2B6E502-FollowerState: change to CANDIDATE, lastRpcTime:5031ms, electionTimeout:5030ms
2019-11-13 19:47:46,769 [Thread-488] INFO  impl.RoleInfo (RoleInfo.java:shutdownFollowerState(121)) - 17aeddd7-e61a-46f8-b584-b2ca2adc027c: shutdown FollowerState
2019-11-13 19:47:46,769 [Thread-488] INFO  impl.RaftServerImpl (RaftServerImpl.java:setRole(173)) - 17aeddd7-e61a-46f8-b584-b2ca2adc027c@group-B57EB2B6E502: changes role from  FOLLOWER to CANDIDATE at term 0 for changeToCandidate
2019-11-13 19:47:46,770 [Thread-488] INFO  impl.RoleInfo (RoleInfo.java:updateAndGet(143)) - 17aeddd7-e61a-46f8-b584-b2ca2adc027c: start LeaderElection
2019-11-13 19:47:46,788 [17aeddd7-e61a-46f8-b584-b2ca2adc027c@group-B57EB2B6E502-LeaderElection6] INFO  impl.LeaderElection (LeaderElection.java:askForVotes(178)) - 17aeddd7-e61a-46f8-b584-b2ca2adc027c@group-B57EB2B6E502-LeaderElection6: begin an election at term 1 for -1: [99a25fb9-47c0-4443-afd7-9fccc5c7cead:192.168.164.219:43664, 17aeddd7-e61a-46f8-b584-b2ca2adc027c:192.168.164.219:33406, b8c81196-debe-4950-9544-de451655d31f:192.168.164.219:40129], old=null
 100.00% |?????????????????????????????????????????????????????????????????????????????????????????????????????|  1/1 Time: 0:00:05
2019-11-13 19:47:46,819 [grpc-default-executor-2] INFO  impl.RaftServerImpl (RaftServerImpl.java:setRole(173)) - 99a25fb9-47c0-4443-afd7-9fccc5c7cead@group-B57EB2B6E502: changes role from  FOLLOWER to FOLLOWER at term 1 for recognizeCandidate:17aeddd7-e61a-46f8-b584-b2ca2adc027c
2019-11-13 19:47:46,819 [grpc-default-executor-2] INFO  impl.RoleInfo (RoleInfo.java:shutdownFollowerState(121)) - 99a25fb9-47c0-4443-afd7-9fccc5c7cead: shutdown FollowerState
2019-11-13 19:47:46,819 [grpc-default-executor-1] INFO  impl.RaftServerImpl (RaftServerImpl.java:setRole(173)) - b8c81196-debe-4950-9544-de451655d31f@group-B57EB2B6E502: changes role from  FOLLOWER to FOLLOWER at term 1 for recognizeCandidate:17aeddd7-e61a-46f8-b584-b2ca2adc027c
2019-11-13 19:47:46,819 [grpc-default-executor-1] INFO  impl.RoleInfo (RoleInfo.java:shutdownFollowerState(121)) - b8c81196-debe-4950-9544-de451655d31f: shutdown FollowerState
2019-11-13 19:47:46,820 [grpc-default-executor-2] INFO  impl.RoleInfo (RoleInfo.java:updateAndGet(143)) - 99a25fb9-47c0-4443-afd7-9fccc5c7cead: start FollowerState
2019-11-13 19:47:46,820 [grpc-default-executor-1] INFO  impl.RoleInfo (RoleInfo.java:updateAndGet(143)) - b8c81196-debe-4950-9544-de451655d31f: start FollowerState
2019-11-13 19:47:46,819 [Thread-489] INFO  impl.FollowerState (FollowerState.java:run(120)) - 99a25fb9-47c0-4443-afd7-9fccc5c7cead@group-B57EB2B6E502-FollowerState was interrupted: java.lang.InterruptedException: sleep interrupted
2019-11-13 19:47:46,820 [Thread-484] INFO  impl.FollowerState (FollowerState.java:run(120)) - b8c81196-debe-4950-9544-de451655d31f@group-B57EB2B6E502-FollowerState was interrupted: java.lang.InterruptedException: sleep interrupted
2019-11-13 19:47:46,840 [17aeddd7-e61a-46f8-b584-b2ca2adc027c@group-B57EB2B6E502-LeaderElection6] INFO  impl.LeaderElection (LeaderElection.java:logAndReturn(56)) - 17aeddd7-e61a-46f8-b584-b2ca2adc027c@group-B57EB2B6E502-LeaderElection6: Election PASSED; received 1 response(s) [17aeddd7-e61a-46f8-b584-b2ca2adc027c<-99a25fb9-47c0-4443-afd7-9fccc5c7cead#0:OK-t1] and 0 exception(s); 17aeddd7-e61a-46f8-b584-b2ca2adc027c@group-B57EB2B6E502:t1, leader=null, voted=17aeddd7-e61a-46f8-b584-b2ca2adc027c, raftlog=17aeddd7-e61a-46f8-b584-b2ca2adc027c@group-B57EB2B6E502-SegmentedRaftLog:OPENED:c-1,f-1,i0, conf=-1: [99a25fb9-47c0-4443-afd7-9fccc5c7cead:192.168.164.219:43664, 17aeddd7-e61a-46f8-b584-b2ca2adc027c:192.168.164.219:33406, b8c81196-debe-4950-9544-de451655d31f:192.168.164.219:40129], old=null
2019-11-13 19:47:46,840 [17aeddd7-e61a-46f8-b584-b2ca2adc027c@group-B57EB2B6E502-LeaderElection6] INFO  impl.RoleInfo (RoleInfo.java:shutdownLeaderElection(134)) - 17aeddd7-e61a-46f8-b584-b2ca2adc027c: shutdown LeaderElection
2019-11-13 19:47:46,841 [17aeddd7-e61a-46f8-b584-b2ca2adc027c@group-B57EB2B6E502-LeaderElection6] INFO  impl.RaftServerImpl (RaftServerImpl.java:setRole(173)) - 17aeddd7-e61a-46f8-b584-b2ca2adc027c@group-B57EB2B6E502: changes role from CANDIDATE to LEADER at term 1 for changeToLeader
2019-11-13 19:47:46,841 [17aeddd7-e61a-46f8-b584-b2ca2adc027c@group-B57EB2B6E502-LeaderElection6] INFO  ratis.XceiverServerRatis (XceiverServerRatis.java:handleLeaderChangedNotification(697)) - Leader change notification received for group: group-B57EB2B6E502 with new leaderId: 17aeddd7-e61a-46f8-b584-b2ca2adc027c
2019-11-13 19:47:46,842 [17aeddd7-e61a-46f8-b584-b2ca2adc027c@group-B57EB2B6E502-LeaderElection6] INFO  impl.RaftServerImpl (ServerState.java:setLeader(255)) - 17aeddd7-e61a-46f8-b584-b2ca2adc027c@group-B57EB2B6E502: change Leader from null to 17aeddd7-e61a-46f8-b584-b2ca2adc027c at term 1 for becomeLeader, leader elected after 5116ms
2019-11-13 19:47:46,842 [17aeddd7-e61a-46f8-b584-b2ca2adc027c@group-B57EB2B6E502-LeaderElection6] INFO  server.RaftServerConfigKeys (ConfUtils.java:logGet(43)) - raft.server.staging.catchup.gap = 1000 (default)
2019-11-13 19:47:46,843 [17aeddd7-e61a-46f8-b584-b2ca2adc027c@group-B57EB2B6E502-LeaderElection6] INFO  server.RaftServerConfigKeys (ConfUtils.java:logGet(43)) - raft.server.rpc.sleep.time = 25ms (default)
2019-11-13 19:47:46,843 [17aeddd7-e61a-46f8-b584-b2ca2adc027c@group-B57EB2B6E502-LeaderElection6] INFO  server.RaftServerConfigKeys (ConfUtils.java:logGet(43)) - raft.server.write.element-limit = 4096 (default)
2019-11-13 19:47:46,843 [17aeddd7-e61a-46f8-b584-b2ca2adc027c@group-B57EB2B6E502-LeaderElection6] INFO  server.RaftServerConfigKeys (ConfUtils.java:logGet(43)) - raft.server.watch.timeout = 10s (default)
2019-11-13 19:47:46,843 [17aeddd7-e61a-46f8-b584-b2ca2adc027c@group-B57EB2B6E502-LeaderElection6] INFO  server.RaftServerConfigKeys (ConfUtils.java:logGet(43)) - raft.server.watch.timeout.denomination = 1s (default)
2019-11-13 19:47:46,844 [17aeddd7-e61a-46f8-b584-b2ca2adc027c@group-B57EB2B6E502-LeaderElection6] INFO  server.RaftServerConfigKeys (ConfUtils.java:logGet(43)) - raft.server.watch.element-limit = 65536 (default)
2019-11-13 19:47:46,844 [17aeddd7-e61a-46f8-b584-b2ca2adc027c@group-B57EB2B6E502-LeaderElection6] INFO  server.RaftServerConfigKeys (ConfUtils.java:logGet(43)) - raft.server.log.appender.snapshot.chunk.size.max = 16MB (=16777216) (default)
2019-11-13 19:47:46,844 [17aeddd7-e61a-46f8-b584-b2ca2adc027c@group-B57EB2B6E502-LeaderElection6] INFO  server.RaftServerConfigKeys (ConfUtils.java:logGet(43)) - raft.server.log.appender.buffer.byte-limit = 33554432 (custom)
2019-11-13 19:47:46,845 [17aeddd7-e61a-46f8-b584-b2ca2adc027c@group-B57EB2B6E502-LeaderElection6] INFO  server.RaftServerConfigKeys (ConfUtils.java:logGet(43)) - raft.server.log.appender.buffer.element-limit = 1 (custom)
2019-11-13 19:47:46,845 [EventQueue-PipelineReportForPipelineReportHandler] INFO  pipeline.PipelineStateManager (PipelineStateManager.java:openPipeline(134)) - Pipeline Pipeline[ Id: 3eda0bf8-3bc1-4769-b73a-b57eb2b6e502, Nodes: 17aeddd7-e61a-46f8-b584-b2ca2adc027c{ip: 192.168.164.219, host: pr-hdds-1940-7lghg-363871468, networkLocation: /default-rack, certSerialId: null}99a25fb9-47c0-4443-afd7-9fccc5c7cead{ip: 192.168.164.219, host: pr-hdds-1940-7lghg-363871468, networkLocation: /default-rack, certSerialId: null}b8c81196-debe-4950-9544-de451655d31f{ip: 192.168.164.219, host: pr-hdds-1940-7lghg-363871468, networkLocation: /default-rack, certSerialId: null}, Type:RATIS, Factor:THREE, State:OPEN] moved to OPEN state
2019-11-13 19:47:46,846 [17aeddd7-e61a-46f8-b584-b2ca2adc027c@group-B57EB2B6E502-LeaderElection6] INFO  grpc.GrpcConfigKeys$Server (ConfUtils.java:logGet(43)) - raft.grpc.server.leader.outstanding.appends.max = 128 (default)
2019-11-13 19:47:46,848 [17aeddd7-e61a-46f8-b584-b2ca2adc027c@group-B57EB2B6E502-LeaderElection6] INFO  server.RaftServerConfigKeys (ConfUtils.java:logGet(43)) - raft.server.rpc.request.timeout = 3000ms (default)
2019-11-13 19:47:46,848 [17aeddd7-e61a-46f8-b584-b2ca2adc027c@group-B57EB2B6E502-LeaderElection6] INFO  server.RaftServerConfigKeys (ConfUtils.java:logGet(43)) - raft.server.log.appender.install.snapshot.enabled = false (custom)
2019-11-13 19:47:46,848 [17aeddd7-e61a-46f8-b584-b2ca2adc027c@group-B57EB2B6E502-LeaderElection6] WARN  impl.MetricRegistriesImpl (MetricRegistriesImpl.java:lambda$create$1(61)) - First MetricRegistry has been created without registering reporters. You may need to call MetricRegistries.global().addReportRegistration(...) before.
2019-11-13 19:47:46,848 [17aeddd7-e61a-46f8-b584-b2ca2adc027c@group-B57EB2B6E502-LeaderElection6] INFO  server.RaftServerConfigKeys (ConfUtils.java:logGet(43)) - raft.server.log.appender.snapshot.chunk.size.max = 16MB (=16777216) (default)
2019-11-13 19:47:46,849 [17aeddd7-e61a-46f8-b584-b2ca2adc027c@group-B57EB2B6E502-LeaderElection6] INFO  server.RaftServerConfigKeys (ConfUtils.java:logGet(43)) - raft.server.log.appender.buffer.byte-limit = 33554432 (custom)
2019-11-13 19:47:46,849 [17aeddd7-e61a-46f8-b584-b2ca2adc027c@group-B57EB2B6E502-LeaderElection6] INFO  server.RaftServerConfigKeys (ConfUtils.java:logGet(43)) - raft.server.log.appender.buffer.element-limit = 1 (custom)
2019-11-13 19:47:46,849 [17aeddd7-e61a-46f8-b584-b2ca2adc027c@group-B57EB2B6E502-LeaderElection6] INFO  grpc.GrpcConfigKeys$Server (ConfUtils.java:logGet(43)) - raft.grpc.server.leader.outstanding.appends.max = 128 (default)
2019-11-13 19:47:46,849 [17aeddd7-e61a-46f8-b584-b2ca2adc027c@group-B57EB2B6E502-LeaderElection6] INFO  server.RaftServerConfigKeys (ConfUtils.java:logGet(43)) - raft.server.rpc.request.timeout = 3000ms (default)
2019-11-13 19:47:46,850 [17aeddd7-e61a-46f8-b584-b2ca2adc027c@group-B57EB2B6E502-LeaderElection6] INFO  server.RaftServerConfigKeys (ConfUtils.java:logGet(43)) - raft.server.log.appender.install.snapshot.enabled = false (custom)
2019-11-13 19:47:46,850 [17aeddd7-e61a-46f8-b584-b2ca2adc027c@group-B57EB2B6E502-LeaderElection6] INFO  impl.RoleInfo (RoleInfo.java:updateAndGet(143)) - 17aeddd7-e61a-46f8-b584-b2ca2adc027c: start LeaderState
2019-11-13 19:47:46,851 [17aeddd7-e61a-46f8-b584-b2ca2adc027c@group-B57EB2B6E502-LeaderElection6] INFO  segmented.SegmentedRaftLogWorker (SegmentedRaftLogWorker.java:startLogSegment(385)) - 17aeddd7-e61a-46f8-b584-b2ca2adc027c@group-B57EB2B6E502-SegmentedRaftLogWorker: Starting segment from index:0
2019-11-13 19:47:46,853 [17aeddd7-e61a-46f8-b584-b2ca2adc027c@group-B57EB2B6E502-LeaderElection6] INFO  impl.RaftServerImpl (ServerState.java:setRaftConf(356)) - 17aeddd7-e61a-46f8-b584-b2ca2adc027c@group-B57EB2B6E502: set configuration 0: [99a25fb9-47c0-4443-afd7-9fccc5c7cead:192.168.164.219:43664, 17aeddd7-e61a-46f8-b584-b2ca2adc027c:192.168.164.219:33406, b8c81196-debe-4950-9544-de451655d31f:192.168.164.219:40129], old=null at 0
2019-11-13 19:47:46,893 [grpc-default-executor-1] INFO  ratis.XceiverServerRatis (XceiverServerRatis.java:handleLeaderChangedNotification(697)) - Leader change notification received for group: group-B57EB2B6E502 with new leaderId: 17aeddd7-e61a-46f8-b584-b2ca2adc027c
2019-11-13 19:47:46,894 [grpc-default-executor-2] INFO  ratis.XceiverServerRatis (XceiverServerRatis.java:handleLeaderChangedNotification(697)) - Leader change notification received for group: group-B57EB2B6E502 with new leaderId: 17aeddd7-e61a-46f8-b584-b2ca2adc027c
2019-11-13 19:47:46,894 [grpc-default-executor-1] INFO  impl.RaftServerImpl (ServerState.java:setLeader(255)) - 99a25fb9-47c0-4443-afd7-9fccc5c7cead@group-B57EB2B6E502: change Leader from null to 17aeddd7-e61a-46f8-b584-b2ca2adc027c at term 1 for appendEntries, leader elected after 5168ms
2019-11-13 19:47:46,894 [grpc-default-executor-2] INFO  impl.RaftServerImpl (ServerState.java:setLeader(255)) - b8c81196-debe-4950-9544-de451655d31f@group-B57EB2B6E502: change Leader from null to 17aeddd7-e61a-46f8-b584-b2ca2adc027c at term 1 for appendEntries, leader elected after 5169ms
2019-11-13 19:47:46,897 [grpc-default-executor-1] INFO  impl.RaftServerImpl (ServerState.java:setRaftConf(356)) - 99a25fb9-47c0-4443-afd7-9fccc5c7cead@group-B57EB2B6E502: set configuration 0: [99a25fb9-47c0-4443-afd7-9fccc5c7cead:192.168.164.219:43664, 17aeddd7-e61a-46f8-b584-b2ca2adc027c:192.168.164.219:33406, b8c81196-debe-4950-9544-de451655d31f:192.168.164.219:40129], old=null at 0
2019-11-13 19:47:46,897 [grpc-default-executor-2] INFO  impl.RaftServerImpl (ServerState.java:setRaftConf(356)) - b8c81196-debe-4950-9544-de451655d31f@group-B57EB2B6E502: set configuration 0: [99a25fb9-47c0-4443-afd7-9fccc5c7cead:192.168.164.219:43664, 17aeddd7-e61a-46f8-b584-b2ca2adc027c:192.168.164.219:33406, b8c81196-debe-4950-9544-de451655d31f:192.168.164.219:40129], old=null at 0
2019-11-13 19:47:46,898 [grpc-default-executor-1] INFO  segmented.SegmentedRaftLogWorker (SegmentedRaftLogWorker.java:startLogSegment(385)) - 99a25fb9-47c0-4443-afd7-9fccc5c7cead@group-B57EB2B6E502-SegmentedRaftLogWorker: Starting segment from index:0
2019-11-13 19:47:46,898 [grpc-default-executor-2] INFO  segmented.SegmentedRaftLogWorker (SegmentedRaftLogWorker.java:startLogSegment(385)) - b8c81196-debe-4950-9544-de451655d31f@group-B57EB2B6E502-SegmentedRaftLogWorker: Starting segment from index:0
2019-11-13 19:47:46,929 [17aeddd7-e61a-46f8-b584-b2ca2adc027c@group-B57EB2B6E502-SegmentedRaftLogWorker] INFO  segmented.SegmentedRaftLogWorker (SegmentedRaftLogWorker.java:execute(576)) - 17aeddd7-e61a-46f8-b584-b2ca2adc027c@group-B57EB2B6E502-SegmentedRaftLogWorker: created new log segment /workdir/hadoop-ozone/tools/target/test-dir/MiniOzoneClusterImpl-3d16d092-b9b0-488c-8c1c-2b0a872ac8b1/datanode-2/data/ratis/3eda0bf8-3bc1-4769-b73a-b57eb2b6e502/current/log_inprogress_0
2019-11-13 19:47:46,942 [b8c81196-debe-4950-9544-de451655d31f@group-B57EB2B6E502-SegmentedRaftLogWorker] INFO  segmented.SegmentedRaftLogWorker (SegmentedRaftLogWorker.java:execute(576)) - b8c81196-debe-4950-9544-de451655d31f@group-B57EB2B6E502-SegmentedRaftLogWorker: created new log segment /workdir/hadoop-ozone/tools/target/test-dir/MiniOzoneClusterImpl-3d16d092-b9b0-488c-8c1c-2b0a872ac8b1/datanode-1/data/ratis/3eda0bf8-3bc1-4769-b73a-b57eb2b6e502/current/log_inprogress_0
2019-11-13 19:47:46,942 [99a25fb9-47c0-4443-afd7-9fccc5c7cead@group-B57EB2B6E502-SegmentedRaftLogWorker] INFO  segmented.SegmentedRaftLogWorker (SegmentedRaftLogWorker.java:execute(576)) - 99a25fb9-47c0-4443-afd7-9fccc5c7cead@group-B57EB2B6E502-SegmentedRaftLogWorker: created new log segment /workdir/hadoop-ozone/tools/target/test-dir/MiniOzoneClusterImpl-3d16d092-b9b0-488c-8c1c-2b0a872ac8b1/datanode-0/data/ratis/3eda0bf8-3bc1-4769-b73a-b57eb2b6e502/current/log_inprogress_0
]]></system-out>
    <system-err><![CDATA[ERROR StatusLogger No Log4j 2 configuration file found. Using default configuration (logging only errors to the console), or user programmatically provided configurations. Set system property 'log4j2.debug' to show Log4j 2 internal initialization logging. See https://logging.apache.org/log4j/2.x/manual/configuration.html for instructions on how to configure Log4j 2
]]></system-err>
  </testcase>
</testsuite>