<?xml version="1.0" encoding="UTF-8"?>
<testsuite xmlns:xsi="http://www.w3.org/2001/XMLSchema-instance" xsi:noNamespaceSchemaLocation="https://maven.apache.org/surefire/maven-surefire-plugin/xsd/surefire-test-report.xsd" name="org.apache.hadoop.ozone.om.TestOzoneManagerHA" time="827.466" tests="27" errors="1" skipped="0" failures="0">
  <properties>
    <property name="awt.toolkit" value="sun.awt.X11.XToolkit"/>
    <property name="file.encoding.pkg" value="sun.io"/>
    <property name="java.specification.version" value="1.8"/>
    <property name="sun.cpu.isalist" value=""/>
    <property name="sun.jnu.encoding" value="ANSI_X3.4-1968"/>
    <property name="java.class.path" value="/workdir/hadoop-ozone/integration-test/target/test-classes:/workdir/hadoop-ozone/integration-test/target/classes:/home/user/.m2/repository/org/apache/hadoop/hadoop-ozone-common/0.5.0-SNAPSHOT/hadoop-ozone-common-0.5.0-SNAPSHOT.jar:/home/user/.m2/repository/org/apache/commons/commons-compress/1.4.1/commons-compress-1.4.1.jar:/home/user/.m2/repository/org/tukaani/xz/1.0/xz-1.0.jar:/home/user/.m2/repository/org/apache/hadoop/hadoop-common/3.2.0/hadoop-common-3.2.0.jar:/home/user/.m2/repository/org/apache/hadoop/hadoop-hdfs/3.2.0/hadoop-hdfs-3.2.0.jar:/home/user/.m2/repository/org/apache/hadoop/hadoop-hdfs-client/3.2.0/hadoop-hdfs-client-3.2.0.jar:/home/user/.m2/repository/com/fasterxml/jackson/core/jackson-annotations/2.9.9/jackson-annotations-2.9.9.jar:/home/user/.m2/repository/org/apache/hadoop/hadoop-hdds-common/0.5.0-SNAPSHOT/hadoop-hdds-common-0.5.0-SNAPSHOT.jar:/home/user/.m2/repository/javax/annotation/javax.annotation-api/1.2/javax.annotation-api-1.2.jar:/home/user/.m2/repository/org/apache/ratis/ratis-server/0.5.0-d6d58d0-SNAPSHOT/ratis-server-0.5.0-d6d58d0-SNAPSHOT.jar:/home/user/.m2/repository/org/apache/ratis/ratis-thirdparty-misc/0.2.0/ratis-thirdparty-misc-0.2.0.jar:/home/user/.m2/repository/org/apache/ratis/ratis-proto/0.5.0-d6d58d0-SNAPSHOT/ratis-proto-0.5.0-d6d58d0-SNAPSHOT.jar:/home/user/.m2/repository/org/apache/ratis/ratis-common/0.5.0-d6d58d0-SNAPSHOT/ratis-common-0.5.0-d6d58d0-SNAPSHOT.jar:/home/user/.m2/repository/org/apache/ratis/ratis-client/0.5.0-d6d58d0-SNAPSHOT/ratis-client-0.5.0-d6d58d0-SNAPSHOT.jar:/home/user/.m2/repository/org/apache/ratis/ratis-metrics/0.5.0-d6d58d0-SNAPSHOT/ratis-metrics-0.5.0-d6d58d0-SNAPSHOT.jar:/home/user/.m2/repository/org/apache/ratis/ratis-netty/0.5.0-d6d58d0-SNAPSHOT/ratis-netty-0.5.0-d6d58d0-SNAPSHOT.jar:/home/user/.m2/repository/org/apache/ratis/ratis-grpc/0.5.0-d6d58d0-SNAPSHOT/ratis-grpc-0.5.0-d6d58d0-SNAPSHOT.jar:/home/user/.m2/repository/org/rocksdb/rocksdbjni/6.0.1/rocksdbjni-6.0.1.jar:/home/user/.m2/repository/org/apache/logging/log4j/log4j-api/2.11.0/log4j-api-2.11.0.jar:/home/user/.m2/repository/org/apache/logging/log4j/log4j-core/2.11.0/log4j-core-2.11.0.jar:/home/user/.m2/repository/com/lmax/disruptor/3.4.2/disruptor-3.4.2.jar:/home/user/.m2/repository/org/apache/commons/commons-pool2/2.6.0/commons-pool2-2.6.0.jar:/home/user/.m2/repository/org/bouncycastle/bcpkix-jdk15on/1.60/bcpkix-jdk15on-1.60.jar:/home/user/.m2/repository/commons-validator/commons-validator/1.6/commons-validator-1.6.jar:/home/user/.m2/repository/commons-digester/commons-digester/1.8.1/commons-digester-1.8.1.jar:/home/user/.m2/repository/io/jaegertracing/jaeger-client/0.34.0/jaeger-client-0.34.0.jar:/home/user/.m2/repository/io/jaegertracing/jaeger-thrift/0.34.0/jaeger-thrift-0.34.0.jar:/home/user/.m2/repository/org/apache/thrift/libthrift/0.12.0/libthrift-0.12.0.jar:/home/user/.m2/repository/com/squareup/okhttp3/okhttp/3.9.0/okhttp-3.9.0.jar:/home/user/.m2/repository/com/squareup/okio/okio/1.13.0/okio-1.13.0.jar:/home/user/.m2/repository/io/jaegertracing/jaeger-core/0.34.0/jaeger-core-0.34.0.jar:/home/user/.m2/repository/io/jaegertracing/jaeger-tracerresolver/0.34.0/jaeger-tracerresolver-0.34.0.jar:/home/user/.m2/repository/io/opentracing/contrib/opentracing-tracerresolver/0.1.5/opentracing-tracerresolver-0.1.5.jar:/home/user/.m2/repository/io/opentracing/opentracing-util/0.31.0/opentracing-util-0.31.0.jar:/home/user/.m2/repository/io/opentracing/opentracing-api/0.31.0/opentracing-api-0.31.0.jar:/home/user/.m2/repository/io/opentracing/opentracing-noop/0.31.0/opentracing-noop-0.31.0.jar:/home/user/.m2/repository/org/apache/hadoop/hadoop-hdds-server-framework/0.5.0-SNAPSHOT/hadoop-hdds-server-framework-0.5.0-SNAPSHOT.jar:/home/user/.m2/repository/org/apache/hadoop/hadoop-hdds-container-service/0.5.0-SNAPSHOT/hadoop-hdds-container-service-0.5.0-SNAPSHOT.jar:/home/user/.m2/repository/org/apache/hadoop/hadoop-hdds-client/0.5.0-SNAPSHOT/hadoop-hdds-client-0.5.0-SNAPSHOT.jar:/home/user/.m2/repository/org/apache/hadoop/hadoop-hdds-tools/0.5.0-SNAPSHOT/hadoop-hdds-tools-0.5.0-SNAPSHOT.jar:/home/user/.m2/repository/org/apache/hadoop/hadoop-hdds-server-scm/0.5.0-SNAPSHOT/hadoop-hdds-server-scm-0.5.0-SNAPSHOT.jar:/home/user/.m2/repository/org/apache/hadoop/hadoop-hdds-docs/0.5.0-SNAPSHOT/hadoop-hdds-docs-0.5.0-SNAPSHOT.jar:/home/user/.m2/repository/io/dropwizard/metrics/metrics-core/3.2.4/metrics-core-3.2.4.jar:/home/user/.m2/repository/org/hamcrest/hamcrest-all/1.3/hamcrest-all-1.3.jar:/home/user/.m2/repository/org/bouncycastle/bcprov-jdk15on/1.60/bcprov-jdk15on-1.60.jar:/home/user/.m2/repository/info/picocli/picocli/3.9.6/picocli-3.9.6.jar:/home/user/.m2/repository/com/google/protobuf/protobuf-java/2.5.0/protobuf-java-2.5.0.jar:/home/user/.m2/repository/com/google/guava/guava/11.0.2/guava-11.0.2.jar:/home/user/.m2/repository/org/apache/hadoop/hadoop-ozone-ozone-manager/0.5.0-SNAPSHOT/hadoop-ozone-ozone-manager-0.5.0-SNAPSHOT.jar:/home/user/.m2/repository/org/apache/hadoop/hadoop-minikdc/3.2.0/hadoop-minikdc-3.2.0.jar:/home/user/.m2/repository/commons-io/commons-io/2.5/commons-io-2.5.jar:/home/user/.m2/repository/org/apache/kerby/kerb-simplekdc/1.0.1/kerb-simplekdc-1.0.1.jar:/home/user/.m2/repository/org/apache/kerby/kerb-client/1.0.1/kerb-client-1.0.1.jar:/home/user/.m2/repository/org/apache/kerby/kerby-config/1.0.1/kerby-config-1.0.1.jar:/home/user/.m2/repository/org/apache/kerby/kerb-core/1.0.1/kerb-core-1.0.1.jar:/home/user/.m2/repository/org/apache/kerby/kerby-pkix/1.0.1/kerby-pkix-1.0.1.jar:/home/user/.m2/repository/org/apache/kerby/kerby-asn1/1.0.1/kerby-asn1-1.0.1.jar:/home/user/.m2/repository/org/apache/kerby/kerby-util/1.0.1/kerby-util-1.0.1.jar:/home/user/.m2/repository/org/apache/kerby/kerb-common/1.0.1/kerb-common-1.0.1.jar:/home/user/.m2/repository/org/apache/kerby/kerb-crypto/1.0.1/kerb-crypto-1.0.1.jar:/home/user/.m2/repository/org/apache/kerby/kerb-util/1.0.1/kerb-util-1.0.1.jar:/home/user/.m2/repository/org/apache/kerby/token-provider/1.0.1/token-provider-1.0.1.jar:/home/user/.m2/repository/org/apache/kerby/kerb-admin/1.0.1/kerb-admin-1.0.1.jar:/home/user/.m2/repository/org/apache/kerby/kerb-server/1.0.1/kerb-server-1.0.1.jar:/home/user/.m2/repository/org/apache/kerby/kerb-identity/1.0.1/kerb-identity-1.0.1.jar:/home/user/.m2/repository/org/apache/kerby/kerby-xdr/1.0.1/kerby-xdr-1.0.1.jar:/home/user/.m2/repository/org/slf4j/slf4j-log4j12/1.7.25/slf4j-log4j12-1.7.25.jar:/home/user/.m2/repository/org/apache/hadoop/hadoop-ozone-s3gateway/0.5.0-SNAPSHOT/hadoop-ozone-s3gateway-0.5.0-SNAPSHOT.jar:/home/user/.m2/repository/org/jboss/weld/servlet/weld-servlet/2.4.7.Final/weld-servlet-2.4.7.Final.jar:/home/user/.m2/repository/org/glassfish/jersey/containers/jersey-container-servlet-core/2.27/jersey-container-servlet-core-2.27.jar:/home/user/.m2/repository/org/glassfish/hk2/external/javax.inject/2.5.0-b42/javax.inject-2.5.0-b42.jar:/home/user/.m2/repository/org/glassfish/jersey/core/jersey-common/2.27/jersey-common-2.27.jar:/home/user/.m2/repository/org/glassfish/hk2/osgi-resource-locator/1.0.1/osgi-resource-locator-1.0.1.jar:/home/user/.m2/repository/javax/ws/rs/javax.ws.rs-api/2.1/javax.ws.rs-api-2.1.jar:/home/user/.m2/repository/org/glassfish/jersey/ext/cdi/jersey-cdi1x/2.27/jersey-cdi1x-2.27.jar:/home/user/.m2/repository/org/glassfish/jersey/inject/jersey-hk2/2.27/jersey-hk2-2.27.jar:/home/user/.m2/repository/org/glassfish/hk2/hk2-locator/2.5.0-b42/hk2-locator-2.5.0-b42.jar:/home/user/.m2/repository/org/javassist/javassist/3.22.0-CR2/javassist-3.22.0-CR2.jar:/home/user/.m2/repository/org/glassfish/hk2/hk2-api/2.5.0/hk2-api-2.5.0.jar:/home/user/.m2/repository/org/glassfish/hk2/external/jakarta.inject/2.5.0/jakarta.inject-2.5.0.jar:/home/user/.m2/repository/org/glassfish/hk2/hk2-utils/2.5.0/hk2-utils-2.5.0.jar:/home/user/.m2/repository/jakarta/annotation/jakarta.annotation-api/1.3.4/jakarta.annotation-api-1.3.4.jar:/home/user/.m2/repository/org/glassfish/hk2/external/aopalliance-repackaged/2.5.0/aopalliance-repackaged-2.5.0.jar:/home/user/.m2/repository/com/fasterxml/jackson/dataformat/jackson-dataformat-xml/2.9.0/jackson-dataformat-xml-2.9.0.jar:/home/user/.m2/repository/com/fasterxml/jackson/core/jackson-core/2.9.9/jackson-core-2.9.9.jar:/home/user/.m2/repository/com/fasterxml/jackson/module/jackson-module-jaxb-annotations/2.9.9/jackson-module-jaxb-annotations-2.9.9.jar:/home/user/.m2/repository/javax/enterprise/cdi-api/1.2/cdi-api-1.2.jar:/home/user/.m2/repository/javax/el/javax.el-api/3.0.0/javax.el-api-3.0.0.jar:/home/user/.m2/repository/javax/interceptor/javax.interceptor-api/1.2/javax.interceptor-api-1.2.jar:/home/user/.m2/repository/javax/inject/javax.inject/1/javax.inject-1.jar:/home/user/.m2/repository/com/sun/xml/bind/jaxb-impl/2.3.0.1/jaxb-impl-2.3.0.1.jar:/home/user/.m2/repository/com/sun/xml/bind/jaxb-core/2.3.0.1/jaxb-core-2.3.0.1.jar:/home/user/.m2/repository/javax/xml/bind/jaxb-api/2.3.0/jaxb-api-2.3.0.jar:/home/user/.m2/repository/javax/activation/activation/1.1.1/activation-1.1.1.jar:/home/user/.m2/repository/org/apache/hadoop/hadoop-ozone-csi/0.5.0-SNAPSHOT/hadoop-ozone-csi-0.5.0-SNAPSHOT.jar:/home/user/.m2/repository/com/google/protobuf/protobuf-java-util/3.5.1/protobuf-java-util-3.5.1.jar:/home/user/.m2/repository/org/apache/hadoop/hadoop-hdds-config/0.5.0-SNAPSHOT/hadoop-hdds-config-0.5.0-SNAPSHOT.jar:/home/user/.m2/repository/io/grpc/grpc-netty/1.17.1/grpc-netty-1.17.1.jar:/home/user/.m2/repository/io/grpc/grpc-core/1.17.1/grpc-core-1.17.1.jar:/home/user/.m2/repository/io/grpc/grpc-context/1.17.1/grpc-context-1.17.1.jar:/home/user/.m2/repository/com/google/errorprone/error_prone_annotations/2.2.0/error_prone_annotations-2.2.0.jar:/home/user/.m2/repository/org/codehaus/mojo/animal-sniffer-annotations/1.17/animal-sniffer-annotations-1.17.jar:/home/user/.m2/repository/io/opencensus/opencensus-api/0.17.0/opencensus-api-0.17.0.jar:/home/user/.m2/repository/io/opencensus/opencensus-contrib-grpc-metrics/0.17.0/opencensus-contrib-grpc-metrics-0.17.0.jar:/home/user/.m2/repository/io/netty/netty-codec-http2/4.1.30.Final/netty-codec-http2-4.1.30.Final.jar:/home/user/.m2/repository/io/netty/netty-codec-http/4.1.30.Final/netty-codec-http-4.1.30.Final.jar:/home/user/.m2/repository/io/netty/netty-codec/4.1.30.Final/netty-codec-4.1.30.Final.jar:/home/user/.m2/repository/io/netty/netty-handler/4.1.30.Final/netty-handler-4.1.30.Final.jar:/home/user/.m2/repository/io/netty/netty-handler-proxy/4.1.30.Final/netty-handler-proxy-4.1.30.Final.jar:/home/user/.m2/repository/io/netty/netty-codec-socks/4.1.30.Final/netty-codec-socks-4.1.30.Final.jar:/home/user/.m2/repository/io/netty/netty-transport-native-epoll/4.1.30.Final/netty-transport-native-epoll-4.1.30.Final.jar:/home/user/.m2/repository/io/netty/netty-common/4.1.30.Final/netty-common-4.1.30.Final.jar:/home/user/.m2/repository/io/netty/netty-buffer/4.1.30.Final/netty-buffer-4.1.30.Final.jar:/home/user/.m2/repository/io/netty/netty-transport/4.1.30.Final/netty-transport-4.1.30.Final.jar:/home/user/.m2/repository/io/netty/netty-resolver/4.1.30.Final/netty-resolver-4.1.30.Final.jar:/home/user/.m2/repository/io/netty/netty-transport-native-unix-common/4.1.30.Final/netty-transport-native-unix-common-4.1.30.Final.jar:/home/user/.m2/repository/io/grpc/grpc-protobuf/1.17.1/grpc-protobuf-1.17.1.jar:/home/user/.m2/repository/com/google/api/grpc/proto-google-common-protos/1.0.0/proto-google-common-protos-1.0.0.jar:/home/user/.m2/repository/io/grpc/grpc-protobuf-lite/1.17.1/grpc-protobuf-lite-1.17.1.jar:/home/user/.m2/repository/io/grpc/grpc-stub/1.17.1/grpc-stub-1.17.1.jar:/home/user/.m2/repository/org/apache/hadoop/hadoop-ozone-recon/0.5.0-SNAPSHOT/hadoop-ozone-recon-0.5.0-SNAPSHOT.jar:/home/user/.m2/repository/org/apache/hadoop/hadoop-ozone-reconcodegen/0.5.0-SNAPSHOT/hadoop-ozone-reconcodegen-0.5.0-SNAPSHOT.jar:/home/user/.m2/repository/com/google/inject/extensions/guice-multibindings/4.0/guice-multibindings-4.0.jar:/home/user/.m2/repository/com/google/inject/guice/4.0/guice-4.0.jar:/home/user/.m2/repository/aopalliance/aopalliance/1.0/aopalliance-1.0.jar:/home/user/.m2/repository/com/google/inject/extensions/guice-servlet/4.0/guice-servlet-4.0.jar:/home/user/.m2/repository/org/glassfish/jersey/containers/jersey-container-servlet/2.27/jersey-container-servlet-2.27.jar:/home/user/.m2/repository/org/glassfish/hk2/guice-bridge/2.5.0/guice-bridge-2.5.0.jar:/home/user/.m2/repository/org/glassfish/jersey/core/jersey-server/2.27/jersey-server-2.27.jar:/home/user/.m2/repository/org/glassfish/jersey/core/jersey-client/2.27/jersey-client-2.27.jar:/home/user/.m2/repository/org/glassfish/jersey/media/jersey-media-jaxb/2.27/jersey-media-jaxb-2.27.jar:/home/user/.m2/repository/javax/validation/validation-api/1.1.0.Final/validation-api-1.1.0.Final.jar:/home/user/.m2/repository/org/glassfish/jersey/media/jersey-media-json-jackson/2.27/jersey-media-json-jackson-2.27.jar:/home/user/.m2/repository/org/glassfish/jersey/ext/jersey-entity-filtering/2.27/jersey-entity-filtering-2.27.jar:/home/user/.m2/repository/com/google/inject/extensions/guice-assistedinject/4.0/guice-assistedinject-4.0.jar:/home/user/.m2/repository/org/jooq/jooq/3.11.10/jooq-3.11.10.jar:/home/user/.m2/repository/org/jooq/jooq-meta/3.11.10/jooq-meta-3.11.10.jar:/home/user/.m2/repository/org/jooq/jooq-codegen/3.11.10/jooq-codegen-3.11.10.jar:/home/user/.m2/repository/com/jolbox/bonecp/0.8.0.RELEASE/bonecp-0.8.0.RELEASE.jar:/home/user/.m2/repository/org/xerial/sqlite-jdbc/3.25.2/sqlite-jdbc-3.25.2.jar:/home/user/.m2/repository/org/springframework/spring-jdbc/5.1.3.RELEASE/spring-jdbc-5.1.3.RELEASE.jar:/home/user/.m2/repository/org/springframework/spring-beans/5.1.3.RELEASE/spring-beans-5.1.3.RELEASE.jar:/home/user/.m2/repository/org/springframework/spring-core/5.1.3.RELEASE/spring-core-5.1.3.RELEASE.jar:/home/user/.m2/repository/org/springframework/spring-jcl/5.1.3.RELEASE/spring-jcl-5.1.3.RELEASE.jar:/home/user/.m2/repository/org/springframework/spring-tx/5.1.3.RELEASE/spring-tx-5.1.3.RELEASE.jar:/home/user/.m2/repository/org/apache/hadoop/hadoop-ozone-client/0.5.0-SNAPSHOT/hadoop-ozone-client-0.5.0-SNAPSHOT.jar:/home/user/.m2/repository/commons-lang/commons-lang/2.6/commons-lang-2.6.jar:/home/user/.m2/repository/org/apache/hadoop/hadoop-ozone-ozone-manager/0.5.0-SNAPSHOT/hadoop-ozone-ozone-manager-0.5.0-SNAPSHOT-tests.jar:/home/user/.m2/repository/junit/junit/4.11/junit-4.11.jar:/home/user/.m2/repository/org/hamcrest/hamcrest-core/1.3/hamcrest-core-1.3.jar:/home/user/.m2/repository/org/openjdk/jmh/jmh-core/1.19/jmh-core-1.19.jar:/home/user/.m2/repository/net/sf/jopt-simple/jopt-simple/4.6/jopt-simple-4.6.jar:/home/user/.m2/repository/org/apache/commons/commons-math3/3.1.1/commons-math3-3.1.1.jar:/home/user/.m2/repository/org/openjdk/jmh/jmh-generator-annprocess/1.19/jmh-generator-annprocess-1.19.jar:/home/user/.m2/repository/org/mockito/mockito-all/1.8.5/mockito-all-1.8.5.jar:/home/user/.m2/repository/org/apache/hadoop/hadoop-kms/3.2.0/hadoop-kms-3.2.0.jar:/home/user/.m2/repository/org/apache/hadoop/hadoop-auth/3.2.0/hadoop-auth-3.2.0.jar:/home/user/.m2/repository/com/nimbusds/nimbus-jose-jwt/4.41.1/nimbus-jose-jwt-4.41.1.jar:/home/user/.m2/repository/com/github/stephenc/jcip/jcip-annotations/1.0-1/jcip-annotations-1.0-1.jar:/home/user/.m2/repository/net/minidev/json-smart/2.3/json-smart-2.3.jar:/home/user/.m2/repository/net/minidev/accessors-smart/1.2/accessors-smart-1.2.jar:/home/user/.m2/repository/org/ow2/asm/asm/5.0.4/asm-5.0.4.jar:/home/user/.m2/repository/org/apache/curator/curator-framework/2.12.0/curator-framework-2.12.0.jar:/home/user/.m2/repository/com/sun/jersey/jersey-core/1.19/jersey-core-1.19.jar:/home/user/.m2/repository/javax/ws/rs/jsr311-api/1.1.1/jsr311-api-1.1.1.jar:/home/user/.m2/repository/com/sun/jersey/jersey-server/1.19/jersey-server-1.19.jar:/home/user/.m2/repository/javax/servlet/javax.servlet-api/3.1.0/javax.servlet-api-3.1.0.jar:/home/user/.m2/repository/org/eclipse/jetty/jetty-server/9.3.25.v20180904/jetty-server-9.3.25.v20180904.jar:/home/user/.m2/repository/org/eclipse/jetty/jetty-http/9.3.25.v20180904/jetty-http-9.3.25.v20180904.jar:/home/user/.m2/repository/org/eclipse/jetty/jetty-io/9.3.25.v20180904/jetty-io-9.3.25.v20180904.jar:/home/user/.m2/repository/org/eclipse/jetty/jetty-webapp/9.3.25.v20180904/jetty-webapp-9.3.25.v20180904.jar:/home/user/.m2/repository/org/eclipse/jetty/jetty-xml/9.3.25.v20180904/jetty-xml-9.3.25.v20180904.jar:/home/user/.m2/repository/log4j/log4j/1.2.17/log4j-1.2.17.jar:/home/user/.m2/repository/org/slf4j/slf4j-api/1.7.25/slf4j-api-1.7.25.jar:/home/user/.m2/repository/org/slf4j/jul-to-slf4j/1.7.25/jul-to-slf4j-1.7.25.jar:/home/user/.m2/repository/org/eclipse/jetty/jetty-util/9.3.25.v20180904/jetty-util-9.3.25.v20180904.jar:/home/user/.m2/repository/com/fasterxml/jackson/core/jackson-databind/2.9.9/jackson-databind-2.9.9.jar:/home/user/.m2/repository/org/apache/hadoop/hadoop-kms/3.2.0/hadoop-kms-3.2.0-tests.jar:/home/user/.m2/repository/org/apache/hadoop/hadoop-hdds-server-scm/0.5.0-SNAPSHOT/hadoop-hdds-server-scm-0.5.0-SNAPSHOT-tests.jar:/home/user/.m2/repository/org/apache/hadoop/hadoop-hdds-container-service/0.5.0-SNAPSHOT/hadoop-hdds-container-service-0.5.0-SNAPSHOT-tests.jar:/home/user/.m2/repository/org/yaml/snakeyaml/1.16/snakeyaml-1.16.jar:/home/user/.m2/repository/org/apache/hadoop/hadoop-common/3.2.0/hadoop-common-3.2.0-tests.jar:/home/user/.m2/repository/org/apache/hadoop/hadoop-annotations/3.2.0/hadoop-annotations-3.2.0.jar:/usr/lib/jvm/java-1.8.0-openjdk-1.8.0.222.b10-1.el7_7.x86_64/jre/../lib/tools.jar:/home/user/.m2/repository/commons-cli/commons-cli/1.2/commons-cli-1.2.jar:/home/user/.m2/repository/org/apache/httpcomponents/httpclient/4.5.2/httpclient-4.5.2.jar:/home/user/.m2/repository/org/apache/httpcomponents/httpcore/4.4.4/httpcore-4.4.4.jar:/home/user/.m2/repository/commons-codec/commons-codec/1.11/commons-codec-1.11.jar:/home/user/.m2/repository/commons-net/commons-net/3.6/commons-net-3.6.jar:/home/user/.m2/repository/commons-collections/commons-collections/3.2.2/commons-collections-3.2.2.jar:/home/user/.m2/repository/org/eclipse/jetty/jetty-servlet/9.3.25.v20180904/jetty-servlet-9.3.25.v20180904.jar:/home/user/.m2/repository/org/eclipse/jetty/jetty-security/9.3.25.v20180904/jetty-security-9.3.25.v20180904.jar:/home/user/.m2/repository/javax/servlet/jsp/jsp-api/2.1/jsp-api-2.1.jar:/home/user/.m2/repository/com/sun/jersey/jersey-servlet/1.19/jersey-servlet-1.19.jar:/home/user/.m2/repository/com/sun/jersey/jersey-json/1.19/jersey-json-1.19.jar:/home/user/.m2/repository/org/codehaus/jettison/jettison/1.1/jettison-1.1.jar:/home/user/.m2/repository/org/codehaus/jackson/jackson-core-asl/1.9.13/jackson-core-asl-1.9.13.jar:/home/user/.m2/repository/org/codehaus/jackson/jackson-mapper-asl/1.9.13/jackson-mapper-asl-1.9.13.jar:/home/user/.m2/repository/org/codehaus/jackson/jackson-jaxrs/1.9.13/jackson-jaxrs-1.9.13.jar:/home/user/.m2/repository/org/codehaus/jackson/jackson-xc/1.9.13/jackson-xc-1.9.13.jar:/home/user/.m2/repository/commons-logging/commons-logging/1.1.3/commons-logging-1.1.3.jar:/home/user/.m2/repository/commons-beanutils/commons-beanutils/1.9.4/commons-beanutils-1.9.4.jar:/home/user/.m2/repository/org/apache/commons/commons-configuration2/2.1.1/commons-configuration2-2.1.1.jar:/home/user/.m2/repository/org/apache/commons/commons-lang3/3.7/commons-lang3-3.7.jar:/home/user/.m2/repository/org/apache/commons/commons-text/1.4/commons-text-1.4.jar:/home/user/.m2/repository/org/apache/avro/avro/1.7.7/avro-1.7.7.jar:/home/user/.m2/repository/com/thoughtworks/paranamer/paranamer/2.3/paranamer-2.3.jar:/home/user/.m2/repository/org/xerial/snappy/snappy-java/1.0.5/snappy-java-1.0.5.jar:/home/user/.m2/repository/com/google/re2j/re2j/1.1/re2j-1.1.jar:/home/user/.m2/repository/com/google/code/gson/gson/2.2.4/gson-2.2.4.jar:/home/user/.m2/repository/com/jcraft/jsch/0.1.54/jsch-0.1.54.jar:/home/user/.m2/repository/org/apache/curator/curator-client/2.12.0/curator-client-2.12.0.jar:/home/user/.m2/repository/org/apache/curator/curator-recipes/2.12.0/curator-recipes-2.12.0.jar:/home/user/.m2/repository/com/google/code/findbugs/jsr305/3.0.0/jsr305-3.0.0.jar:/home/user/.m2/repository/org/apache/htrace/htrace-core4/4.1.0-incubating/htrace-core4-4.1.0-incubating.jar:/home/user/.m2/repository/org/apache/zookeeper/zookeeper/3.4.13/zookeeper-3.4.13.jar:/home/user/.m2/repository/jline/jline/0.9.94/jline-0.9.94.jar:/home/user/.m2/repository/org/apache/yetus/audience-annotations/0.5.0/audience-annotations-0.5.0.jar:/home/user/.m2/repository/org/codehaus/woodstox/stax2-api/3.1.4/stax2-api-3.1.4.jar:/home/user/.m2/repository/com/fasterxml/woodstox/woodstox-core/5.0.3/woodstox-core-5.0.3.jar:/home/user/.m2/repository/dnsjava/dnsjava/2.1.7/dnsjava-2.1.7.jar:/home/user/.m2/repository/org/apache/hadoop/hadoop-hdfs/3.2.0/hadoop-hdfs-3.2.0-tests.jar:/home/user/.m2/repository/org/eclipse/jetty/jetty-util-ajax/9.3.25.v20180904/jetty-util-ajax-9.3.25.v20180904.jar:/home/user/.m2/repository/commons-daemon/commons-daemon/1.0.13/commons-daemon-1.0.13.jar:/home/user/.m2/repository/io/netty/netty/3.10.5.Final/netty-3.10.5.Final.jar:/home/user/.m2/repository/io/netty/netty-all/4.0.52.Final/netty-all-4.0.52.Final.jar:/home/user/.m2/repository/org/fusesource/leveldbjni/leveldbjni-all/1.8/leveldbjni-all-1.8.jar:"/>
    <property name="java.vm.vendor" value="Oracle Corporation"/>
    <property name="sun.arch.data.model" value="64"/>
    <property name="test.build.dir" value="/workdir/hadoop-ozone/integration-test/target/test-dir"/>
    <property name="test.cache.data" value=""/>
    <property name="java.vendor.url" value="http://java.oracle.com/"/>
    <property name="user.timezone" value=""/>
    <property name="java.vm.specification.version" value="1.8"/>
    <property name="os.name" value="Linux"/>
    <property name="test.build.data" value="/workdir/hadoop-ozone/integration-test/target/test-dir"/>
    <property name="user.country" value="US"/>
    <property name="sun.java.launcher" value="SUN_STANDARD"/>
    <property name="sun.boot.library.path" value="/usr/lib/jvm/java-1.8.0-openjdk-1.8.0.222.b10-1.el7_7.x86_64/jre/lib/amd64"/>
    <property name="sun.java.command" value="/workdir/hadoop-ozone/integration-test/target/surefire/surefirebooter3830987571099572088.jar /workdir/hadoop-ozone/integration-test/target/surefire 2019-11-15T11-34-40_681-jvmRun1 surefire5446373703504265069tmp surefire_81896614684673422205tmp"/>
    <property name="surefire.test.class.path" value="/workdir/hadoop-ozone/integration-test/target/test-classes:/workdir/hadoop-ozone/integration-test/target/classes:/home/user/.m2/repository/org/apache/hadoop/hadoop-ozone-common/0.5.0-SNAPSHOT/hadoop-ozone-common-0.5.0-SNAPSHOT.jar:/home/user/.m2/repository/org/apache/commons/commons-compress/1.4.1/commons-compress-1.4.1.jar:/home/user/.m2/repository/org/tukaani/xz/1.0/xz-1.0.jar:/home/user/.m2/repository/org/apache/hadoop/hadoop-common/3.2.0/hadoop-common-3.2.0.jar:/home/user/.m2/repository/org/apache/hadoop/hadoop-hdfs/3.2.0/hadoop-hdfs-3.2.0.jar:/home/user/.m2/repository/org/apache/hadoop/hadoop-hdfs-client/3.2.0/hadoop-hdfs-client-3.2.0.jar:/home/user/.m2/repository/com/fasterxml/jackson/core/jackson-annotations/2.9.9/jackson-annotations-2.9.9.jar:/home/user/.m2/repository/org/apache/hadoop/hadoop-hdds-common/0.5.0-SNAPSHOT/hadoop-hdds-common-0.5.0-SNAPSHOT.jar:/home/user/.m2/repository/javax/annotation/javax.annotation-api/1.2/javax.annotation-api-1.2.jar:/home/user/.m2/repository/org/apache/ratis/ratis-server/0.5.0-d6d58d0-SNAPSHOT/ratis-server-0.5.0-d6d58d0-SNAPSHOT.jar:/home/user/.m2/repository/org/apache/ratis/ratis-thirdparty-misc/0.2.0/ratis-thirdparty-misc-0.2.0.jar:/home/user/.m2/repository/org/apache/ratis/ratis-proto/0.5.0-d6d58d0-SNAPSHOT/ratis-proto-0.5.0-d6d58d0-SNAPSHOT.jar:/home/user/.m2/repository/org/apache/ratis/ratis-common/0.5.0-d6d58d0-SNAPSHOT/ratis-common-0.5.0-d6d58d0-SNAPSHOT.jar:/home/user/.m2/repository/org/apache/ratis/ratis-client/0.5.0-d6d58d0-SNAPSHOT/ratis-client-0.5.0-d6d58d0-SNAPSHOT.jar:/home/user/.m2/repository/org/apache/ratis/ratis-metrics/0.5.0-d6d58d0-SNAPSHOT/ratis-metrics-0.5.0-d6d58d0-SNAPSHOT.jar:/home/user/.m2/repository/org/apache/ratis/ratis-netty/0.5.0-d6d58d0-SNAPSHOT/ratis-netty-0.5.0-d6d58d0-SNAPSHOT.jar:/home/user/.m2/repository/org/apache/ratis/ratis-grpc/0.5.0-d6d58d0-SNAPSHOT/ratis-grpc-0.5.0-d6d58d0-SNAPSHOT.jar:/home/user/.m2/repository/org/rocksdb/rocksdbjni/6.0.1/rocksdbjni-6.0.1.jar:/home/user/.m2/repository/org/apache/logging/log4j/log4j-api/2.11.0/log4j-api-2.11.0.jar:/home/user/.m2/repository/org/apache/logging/log4j/log4j-core/2.11.0/log4j-core-2.11.0.jar:/home/user/.m2/repository/com/lmax/disruptor/3.4.2/disruptor-3.4.2.jar:/home/user/.m2/repository/org/apache/commons/commons-pool2/2.6.0/commons-pool2-2.6.0.jar:/home/user/.m2/repository/org/bouncycastle/bcpkix-jdk15on/1.60/bcpkix-jdk15on-1.60.jar:/home/user/.m2/repository/commons-validator/commons-validator/1.6/commons-validator-1.6.jar:/home/user/.m2/repository/commons-digester/commons-digester/1.8.1/commons-digester-1.8.1.jar:/home/user/.m2/repository/io/jaegertracing/jaeger-client/0.34.0/jaeger-client-0.34.0.jar:/home/user/.m2/repository/io/jaegertracing/jaeger-thrift/0.34.0/jaeger-thrift-0.34.0.jar:/home/user/.m2/repository/org/apache/thrift/libthrift/0.12.0/libthrift-0.12.0.jar:/home/user/.m2/repository/com/squareup/okhttp3/okhttp/3.9.0/okhttp-3.9.0.jar:/home/user/.m2/repository/com/squareup/okio/okio/1.13.0/okio-1.13.0.jar:/home/user/.m2/repository/io/jaegertracing/jaeger-core/0.34.0/jaeger-core-0.34.0.jar:/home/user/.m2/repository/io/jaegertracing/jaeger-tracerresolver/0.34.0/jaeger-tracerresolver-0.34.0.jar:/home/user/.m2/repository/io/opentracing/contrib/opentracing-tracerresolver/0.1.5/opentracing-tracerresolver-0.1.5.jar:/home/user/.m2/repository/io/opentracing/opentracing-util/0.31.0/opentracing-util-0.31.0.jar:/home/user/.m2/repository/io/opentracing/opentracing-api/0.31.0/opentracing-api-0.31.0.jar:/home/user/.m2/repository/io/opentracing/opentracing-noop/0.31.0/opentracing-noop-0.31.0.jar:/home/user/.m2/repository/org/apache/hadoop/hadoop-hdds-server-framework/0.5.0-SNAPSHOT/hadoop-hdds-server-framework-0.5.0-SNAPSHOT.jar:/home/user/.m2/repository/org/apache/hadoop/hadoop-hdds-container-service/0.5.0-SNAPSHOT/hadoop-hdds-container-service-0.5.0-SNAPSHOT.jar:/home/user/.m2/repository/org/apache/hadoop/hadoop-hdds-client/0.5.0-SNAPSHOT/hadoop-hdds-client-0.5.0-SNAPSHOT.jar:/home/user/.m2/repository/org/apache/hadoop/hadoop-hdds-tools/0.5.0-SNAPSHOT/hadoop-hdds-tools-0.5.0-SNAPSHOT.jar:/home/user/.m2/repository/org/apache/hadoop/hadoop-hdds-server-scm/0.5.0-SNAPSHOT/hadoop-hdds-server-scm-0.5.0-SNAPSHOT.jar:/home/user/.m2/repository/org/apache/hadoop/hadoop-hdds-docs/0.5.0-SNAPSHOT/hadoop-hdds-docs-0.5.0-SNAPSHOT.jar:/home/user/.m2/repository/io/dropwizard/metrics/metrics-core/3.2.4/metrics-core-3.2.4.jar:/home/user/.m2/repository/org/hamcrest/hamcrest-all/1.3/hamcrest-all-1.3.jar:/home/user/.m2/repository/org/bouncycastle/bcprov-jdk15on/1.60/bcprov-jdk15on-1.60.jar:/home/user/.m2/repository/info/picocli/picocli/3.9.6/picocli-3.9.6.jar:/home/user/.m2/repository/com/google/protobuf/protobuf-java/2.5.0/protobuf-java-2.5.0.jar:/home/user/.m2/repository/com/google/guava/guava/11.0.2/guava-11.0.2.jar:/home/user/.m2/repository/org/apache/hadoop/hadoop-ozone-ozone-manager/0.5.0-SNAPSHOT/hadoop-ozone-ozone-manager-0.5.0-SNAPSHOT.jar:/home/user/.m2/repository/org/apache/hadoop/hadoop-minikdc/3.2.0/hadoop-minikdc-3.2.0.jar:/home/user/.m2/repository/commons-io/commons-io/2.5/commons-io-2.5.jar:/home/user/.m2/repository/org/apache/kerby/kerb-simplekdc/1.0.1/kerb-simplekdc-1.0.1.jar:/home/user/.m2/repository/org/apache/kerby/kerb-client/1.0.1/kerb-client-1.0.1.jar:/home/user/.m2/repository/org/apache/kerby/kerby-config/1.0.1/kerby-config-1.0.1.jar:/home/user/.m2/repository/org/apache/kerby/kerb-core/1.0.1/kerb-core-1.0.1.jar:/home/user/.m2/repository/org/apache/kerby/kerby-pkix/1.0.1/kerby-pkix-1.0.1.jar:/home/user/.m2/repository/org/apache/kerby/kerby-asn1/1.0.1/kerby-asn1-1.0.1.jar:/home/user/.m2/repository/org/apache/kerby/kerby-util/1.0.1/kerby-util-1.0.1.jar:/home/user/.m2/repository/org/apache/kerby/kerb-common/1.0.1/kerb-common-1.0.1.jar:/home/user/.m2/repository/org/apache/kerby/kerb-crypto/1.0.1/kerb-crypto-1.0.1.jar:/home/user/.m2/repository/org/apache/kerby/kerb-util/1.0.1/kerb-util-1.0.1.jar:/home/user/.m2/repository/org/apache/kerby/token-provider/1.0.1/token-provider-1.0.1.jar:/home/user/.m2/repository/org/apache/kerby/kerb-admin/1.0.1/kerb-admin-1.0.1.jar:/home/user/.m2/repository/org/apache/kerby/kerb-server/1.0.1/kerb-server-1.0.1.jar:/home/user/.m2/repository/org/apache/kerby/kerb-identity/1.0.1/kerb-identity-1.0.1.jar:/home/user/.m2/repository/org/apache/kerby/kerby-xdr/1.0.1/kerby-xdr-1.0.1.jar:/home/user/.m2/repository/org/slf4j/slf4j-log4j12/1.7.25/slf4j-log4j12-1.7.25.jar:/home/user/.m2/repository/org/apache/hadoop/hadoop-ozone-s3gateway/0.5.0-SNAPSHOT/hadoop-ozone-s3gateway-0.5.0-SNAPSHOT.jar:/home/user/.m2/repository/org/jboss/weld/servlet/weld-servlet/2.4.7.Final/weld-servlet-2.4.7.Final.jar:/home/user/.m2/repository/org/glassfish/jersey/containers/jersey-container-servlet-core/2.27/jersey-container-servlet-core-2.27.jar:/home/user/.m2/repository/org/glassfish/hk2/external/javax.inject/2.5.0-b42/javax.inject-2.5.0-b42.jar:/home/user/.m2/repository/org/glassfish/jersey/core/jersey-common/2.27/jersey-common-2.27.jar:/home/user/.m2/repository/org/glassfish/hk2/osgi-resource-locator/1.0.1/osgi-resource-locator-1.0.1.jar:/home/user/.m2/repository/javax/ws/rs/javax.ws.rs-api/2.1/javax.ws.rs-api-2.1.jar:/home/user/.m2/repository/org/glassfish/jersey/ext/cdi/jersey-cdi1x/2.27/jersey-cdi1x-2.27.jar:/home/user/.m2/repository/org/glassfish/jersey/inject/jersey-hk2/2.27/jersey-hk2-2.27.jar:/home/user/.m2/repository/org/glassfish/hk2/hk2-locator/2.5.0-b42/hk2-locator-2.5.0-b42.jar:/home/user/.m2/repository/org/javassist/javassist/3.22.0-CR2/javassist-3.22.0-CR2.jar:/home/user/.m2/repository/org/glassfish/hk2/hk2-api/2.5.0/hk2-api-2.5.0.jar:/home/user/.m2/repository/org/glassfish/hk2/external/jakarta.inject/2.5.0/jakarta.inject-2.5.0.jar:/home/user/.m2/repository/org/glassfish/hk2/hk2-utils/2.5.0/hk2-utils-2.5.0.jar:/home/user/.m2/repository/jakarta/annotation/jakarta.annotation-api/1.3.4/jakarta.annotation-api-1.3.4.jar:/home/user/.m2/repository/org/glassfish/hk2/external/aopalliance-repackaged/2.5.0/aopalliance-repackaged-2.5.0.jar:/home/user/.m2/repository/com/fasterxml/jackson/dataformat/jackson-dataformat-xml/2.9.0/jackson-dataformat-xml-2.9.0.jar:/home/user/.m2/repository/com/fasterxml/jackson/core/jackson-core/2.9.9/jackson-core-2.9.9.jar:/home/user/.m2/repository/com/fasterxml/jackson/module/jackson-module-jaxb-annotations/2.9.9/jackson-module-jaxb-annotations-2.9.9.jar:/home/user/.m2/repository/javax/enterprise/cdi-api/1.2/cdi-api-1.2.jar:/home/user/.m2/repository/javax/el/javax.el-api/3.0.0/javax.el-api-3.0.0.jar:/home/user/.m2/repository/javax/interceptor/javax.interceptor-api/1.2/javax.interceptor-api-1.2.jar:/home/user/.m2/repository/javax/inject/javax.inject/1/javax.inject-1.jar:/home/user/.m2/repository/com/sun/xml/bind/jaxb-impl/2.3.0.1/jaxb-impl-2.3.0.1.jar:/home/user/.m2/repository/com/sun/xml/bind/jaxb-core/2.3.0.1/jaxb-core-2.3.0.1.jar:/home/user/.m2/repository/javax/xml/bind/jaxb-api/2.3.0/jaxb-api-2.3.0.jar:/home/user/.m2/repository/javax/activation/activation/1.1.1/activation-1.1.1.jar:/home/user/.m2/repository/org/apache/hadoop/hadoop-ozone-csi/0.5.0-SNAPSHOT/hadoop-ozone-csi-0.5.0-SNAPSHOT.jar:/home/user/.m2/repository/com/google/protobuf/protobuf-java-util/3.5.1/protobuf-java-util-3.5.1.jar:/home/user/.m2/repository/org/apache/hadoop/hadoop-hdds-config/0.5.0-SNAPSHOT/hadoop-hdds-config-0.5.0-SNAPSHOT.jar:/home/user/.m2/repository/io/grpc/grpc-netty/1.17.1/grpc-netty-1.17.1.jar:/home/user/.m2/repository/io/grpc/grpc-core/1.17.1/grpc-core-1.17.1.jar:/home/user/.m2/repository/io/grpc/grpc-context/1.17.1/grpc-context-1.17.1.jar:/home/user/.m2/repository/com/google/errorprone/error_prone_annotations/2.2.0/error_prone_annotations-2.2.0.jar:/home/user/.m2/repository/org/codehaus/mojo/animal-sniffer-annotations/1.17/animal-sniffer-annotations-1.17.jar:/home/user/.m2/repository/io/opencensus/opencensus-api/0.17.0/opencensus-api-0.17.0.jar:/home/user/.m2/repository/io/opencensus/opencensus-contrib-grpc-metrics/0.17.0/opencensus-contrib-grpc-metrics-0.17.0.jar:/home/user/.m2/repository/io/netty/netty-codec-http2/4.1.30.Final/netty-codec-http2-4.1.30.Final.jar:/home/user/.m2/repository/io/netty/netty-codec-http/4.1.30.Final/netty-codec-http-4.1.30.Final.jar:/home/user/.m2/repository/io/netty/netty-codec/4.1.30.Final/netty-codec-4.1.30.Final.jar:/home/user/.m2/repository/io/netty/netty-handler/4.1.30.Final/netty-handler-4.1.30.Final.jar:/home/user/.m2/repository/io/netty/netty-handler-proxy/4.1.30.Final/netty-handler-proxy-4.1.30.Final.jar:/home/user/.m2/repository/io/netty/netty-codec-socks/4.1.30.Final/netty-codec-socks-4.1.30.Final.jar:/home/user/.m2/repository/io/netty/netty-transport-native-epoll/4.1.30.Final/netty-transport-native-epoll-4.1.30.Final.jar:/home/user/.m2/repository/io/netty/netty-common/4.1.30.Final/netty-common-4.1.30.Final.jar:/home/user/.m2/repository/io/netty/netty-buffer/4.1.30.Final/netty-buffer-4.1.30.Final.jar:/home/user/.m2/repository/io/netty/netty-transport/4.1.30.Final/netty-transport-4.1.30.Final.jar:/home/user/.m2/repository/io/netty/netty-resolver/4.1.30.Final/netty-resolver-4.1.30.Final.jar:/home/user/.m2/repository/io/netty/netty-transport-native-unix-common/4.1.30.Final/netty-transport-native-unix-common-4.1.30.Final.jar:/home/user/.m2/repository/io/grpc/grpc-protobuf/1.17.1/grpc-protobuf-1.17.1.jar:/home/user/.m2/repository/com/google/api/grpc/proto-google-common-protos/1.0.0/proto-google-common-protos-1.0.0.jar:/home/user/.m2/repository/io/grpc/grpc-protobuf-lite/1.17.1/grpc-protobuf-lite-1.17.1.jar:/home/user/.m2/repository/io/grpc/grpc-stub/1.17.1/grpc-stub-1.17.1.jar:/home/user/.m2/repository/org/apache/hadoop/hadoop-ozone-recon/0.5.0-SNAPSHOT/hadoop-ozone-recon-0.5.0-SNAPSHOT.jar:/home/user/.m2/repository/org/apache/hadoop/hadoop-ozone-reconcodegen/0.5.0-SNAPSHOT/hadoop-ozone-reconcodegen-0.5.0-SNAPSHOT.jar:/home/user/.m2/repository/com/google/inject/extensions/guice-multibindings/4.0/guice-multibindings-4.0.jar:/home/user/.m2/repository/com/google/inject/guice/4.0/guice-4.0.jar:/home/user/.m2/repository/aopalliance/aopalliance/1.0/aopalliance-1.0.jar:/home/user/.m2/repository/com/google/inject/extensions/guice-servlet/4.0/guice-servlet-4.0.jar:/home/user/.m2/repository/org/glassfish/jersey/containers/jersey-container-servlet/2.27/jersey-container-servlet-2.27.jar:/home/user/.m2/repository/org/glassfish/hk2/guice-bridge/2.5.0/guice-bridge-2.5.0.jar:/home/user/.m2/repository/org/glassfish/jersey/core/jersey-server/2.27/jersey-server-2.27.jar:/home/user/.m2/repository/org/glassfish/jersey/core/jersey-client/2.27/jersey-client-2.27.jar:/home/user/.m2/repository/org/glassfish/jersey/media/jersey-media-jaxb/2.27/jersey-media-jaxb-2.27.jar:/home/user/.m2/repository/javax/validation/validation-api/1.1.0.Final/validation-api-1.1.0.Final.jar:/home/user/.m2/repository/org/glassfish/jersey/media/jersey-media-json-jackson/2.27/jersey-media-json-jackson-2.27.jar:/home/user/.m2/repository/org/glassfish/jersey/ext/jersey-entity-filtering/2.27/jersey-entity-filtering-2.27.jar:/home/user/.m2/repository/com/google/inject/extensions/guice-assistedinject/4.0/guice-assistedinject-4.0.jar:/home/user/.m2/repository/org/jooq/jooq/3.11.10/jooq-3.11.10.jar:/home/user/.m2/repository/org/jooq/jooq-meta/3.11.10/jooq-meta-3.11.10.jar:/home/user/.m2/repository/org/jooq/jooq-codegen/3.11.10/jooq-codegen-3.11.10.jar:/home/user/.m2/repository/com/jolbox/bonecp/0.8.0.RELEASE/bonecp-0.8.0.RELEASE.jar:/home/user/.m2/repository/org/xerial/sqlite-jdbc/3.25.2/sqlite-jdbc-3.25.2.jar:/home/user/.m2/repository/org/springframework/spring-jdbc/5.1.3.RELEASE/spring-jdbc-5.1.3.RELEASE.jar:/home/user/.m2/repository/org/springframework/spring-beans/5.1.3.RELEASE/spring-beans-5.1.3.RELEASE.jar:/home/user/.m2/repository/org/springframework/spring-core/5.1.3.RELEASE/spring-core-5.1.3.RELEASE.jar:/home/user/.m2/repository/org/springframework/spring-jcl/5.1.3.RELEASE/spring-jcl-5.1.3.RELEASE.jar:/home/user/.m2/repository/org/springframework/spring-tx/5.1.3.RELEASE/spring-tx-5.1.3.RELEASE.jar:/home/user/.m2/repository/org/apache/hadoop/hadoop-ozone-client/0.5.0-SNAPSHOT/hadoop-ozone-client-0.5.0-SNAPSHOT.jar:/home/user/.m2/repository/commons-lang/commons-lang/2.6/commons-lang-2.6.jar:/home/user/.m2/repository/org/apache/hadoop/hadoop-ozone-ozone-manager/0.5.0-SNAPSHOT/hadoop-ozone-ozone-manager-0.5.0-SNAPSHOT-tests.jar:/home/user/.m2/repository/junit/junit/4.11/junit-4.11.jar:/home/user/.m2/repository/org/hamcrest/hamcrest-core/1.3/hamcrest-core-1.3.jar:/home/user/.m2/repository/org/openjdk/jmh/jmh-core/1.19/jmh-core-1.19.jar:/home/user/.m2/repository/net/sf/jopt-simple/jopt-simple/4.6/jopt-simple-4.6.jar:/home/user/.m2/repository/org/apache/commons/commons-math3/3.1.1/commons-math3-3.1.1.jar:/home/user/.m2/repository/org/openjdk/jmh/jmh-generator-annprocess/1.19/jmh-generator-annprocess-1.19.jar:/home/user/.m2/repository/org/mockito/mockito-all/1.8.5/mockito-all-1.8.5.jar:/home/user/.m2/repository/org/apache/hadoop/hadoop-kms/3.2.0/hadoop-kms-3.2.0.jar:/home/user/.m2/repository/org/apache/hadoop/hadoop-auth/3.2.0/hadoop-auth-3.2.0.jar:/home/user/.m2/repository/com/nimbusds/nimbus-jose-jwt/4.41.1/nimbus-jose-jwt-4.41.1.jar:/home/user/.m2/repository/com/github/stephenc/jcip/jcip-annotations/1.0-1/jcip-annotations-1.0-1.jar:/home/user/.m2/repository/net/minidev/json-smart/2.3/json-smart-2.3.jar:/home/user/.m2/repository/net/minidev/accessors-smart/1.2/accessors-smart-1.2.jar:/home/user/.m2/repository/org/ow2/asm/asm/5.0.4/asm-5.0.4.jar:/home/user/.m2/repository/org/apache/curator/curator-framework/2.12.0/curator-framework-2.12.0.jar:/home/user/.m2/repository/com/sun/jersey/jersey-core/1.19/jersey-core-1.19.jar:/home/user/.m2/repository/javax/ws/rs/jsr311-api/1.1.1/jsr311-api-1.1.1.jar:/home/user/.m2/repository/com/sun/jersey/jersey-server/1.19/jersey-server-1.19.jar:/home/user/.m2/repository/javax/servlet/javax.servlet-api/3.1.0/javax.servlet-api-3.1.0.jar:/home/user/.m2/repository/org/eclipse/jetty/jetty-server/9.3.25.v20180904/jetty-server-9.3.25.v20180904.jar:/home/user/.m2/repository/org/eclipse/jetty/jetty-http/9.3.25.v20180904/jetty-http-9.3.25.v20180904.jar:/home/user/.m2/repository/org/eclipse/jetty/jetty-io/9.3.25.v20180904/jetty-io-9.3.25.v20180904.jar:/home/user/.m2/repository/org/eclipse/jetty/jetty-webapp/9.3.25.v20180904/jetty-webapp-9.3.25.v20180904.jar:/home/user/.m2/repository/org/eclipse/jetty/jetty-xml/9.3.25.v20180904/jetty-xml-9.3.25.v20180904.jar:/home/user/.m2/repository/log4j/log4j/1.2.17/log4j-1.2.17.jar:/home/user/.m2/repository/org/slf4j/slf4j-api/1.7.25/slf4j-api-1.7.25.jar:/home/user/.m2/repository/org/slf4j/jul-to-slf4j/1.7.25/jul-to-slf4j-1.7.25.jar:/home/user/.m2/repository/org/eclipse/jetty/jetty-util/9.3.25.v20180904/jetty-util-9.3.25.v20180904.jar:/home/user/.m2/repository/com/fasterxml/jackson/core/jackson-databind/2.9.9/jackson-databind-2.9.9.jar:/home/user/.m2/repository/org/apache/hadoop/hadoop-kms/3.2.0/hadoop-kms-3.2.0-tests.jar:/home/user/.m2/repository/org/apache/hadoop/hadoop-hdds-server-scm/0.5.0-SNAPSHOT/hadoop-hdds-server-scm-0.5.0-SNAPSHOT-tests.jar:/home/user/.m2/repository/org/apache/hadoop/hadoop-hdds-container-service/0.5.0-SNAPSHOT/hadoop-hdds-container-service-0.5.0-SNAPSHOT-tests.jar:/home/user/.m2/repository/org/yaml/snakeyaml/1.16/snakeyaml-1.16.jar:/home/user/.m2/repository/org/apache/hadoop/hadoop-common/3.2.0/hadoop-common-3.2.0-tests.jar:/home/user/.m2/repository/org/apache/hadoop/hadoop-annotations/3.2.0/hadoop-annotations-3.2.0.jar:/usr/lib/jvm/java-1.8.0-openjdk-1.8.0.222.b10-1.el7_7.x86_64/jre/../lib/tools.jar:/home/user/.m2/repository/commons-cli/commons-cli/1.2/commons-cli-1.2.jar:/home/user/.m2/repository/org/apache/httpcomponents/httpclient/4.5.2/httpclient-4.5.2.jar:/home/user/.m2/repository/org/apache/httpcomponents/httpcore/4.4.4/httpcore-4.4.4.jar:/home/user/.m2/repository/commons-codec/commons-codec/1.11/commons-codec-1.11.jar:/home/user/.m2/repository/commons-net/commons-net/3.6/commons-net-3.6.jar:/home/user/.m2/repository/commons-collections/commons-collections/3.2.2/commons-collections-3.2.2.jar:/home/user/.m2/repository/org/eclipse/jetty/jetty-servlet/9.3.25.v20180904/jetty-servlet-9.3.25.v20180904.jar:/home/user/.m2/repository/org/eclipse/jetty/jetty-security/9.3.25.v20180904/jetty-security-9.3.25.v20180904.jar:/home/user/.m2/repository/javax/servlet/jsp/jsp-api/2.1/jsp-api-2.1.jar:/home/user/.m2/repository/com/sun/jersey/jersey-servlet/1.19/jersey-servlet-1.19.jar:/home/user/.m2/repository/com/sun/jersey/jersey-json/1.19/jersey-json-1.19.jar:/home/user/.m2/repository/org/codehaus/jettison/jettison/1.1/jettison-1.1.jar:/home/user/.m2/repository/org/codehaus/jackson/jackson-core-asl/1.9.13/jackson-core-asl-1.9.13.jar:/home/user/.m2/repository/org/codehaus/jackson/jackson-mapper-asl/1.9.13/jackson-mapper-asl-1.9.13.jar:/home/user/.m2/repository/org/codehaus/jackson/jackson-jaxrs/1.9.13/jackson-jaxrs-1.9.13.jar:/home/user/.m2/repository/org/codehaus/jackson/jackson-xc/1.9.13/jackson-xc-1.9.13.jar:/home/user/.m2/repository/commons-logging/commons-logging/1.1.3/commons-logging-1.1.3.jar:/home/user/.m2/repository/commons-beanutils/commons-beanutils/1.9.4/commons-beanutils-1.9.4.jar:/home/user/.m2/repository/org/apache/commons/commons-configuration2/2.1.1/commons-configuration2-2.1.1.jar:/home/user/.m2/repository/org/apache/commons/commons-lang3/3.7/commons-lang3-3.7.jar:/home/user/.m2/repository/org/apache/commons/commons-text/1.4/commons-text-1.4.jar:/home/user/.m2/repository/org/apache/avro/avro/1.7.7/avro-1.7.7.jar:/home/user/.m2/repository/com/thoughtworks/paranamer/paranamer/2.3/paranamer-2.3.jar:/home/user/.m2/repository/org/xerial/snappy/snappy-java/1.0.5/snappy-java-1.0.5.jar:/home/user/.m2/repository/com/google/re2j/re2j/1.1/re2j-1.1.jar:/home/user/.m2/repository/com/google/code/gson/gson/2.2.4/gson-2.2.4.jar:/home/user/.m2/repository/com/jcraft/jsch/0.1.54/jsch-0.1.54.jar:/home/user/.m2/repository/org/apache/curator/curator-client/2.12.0/curator-client-2.12.0.jar:/home/user/.m2/repository/org/apache/curator/curator-recipes/2.12.0/curator-recipes-2.12.0.jar:/home/user/.m2/repository/com/google/code/findbugs/jsr305/3.0.0/jsr305-3.0.0.jar:/home/user/.m2/repository/org/apache/htrace/htrace-core4/4.1.0-incubating/htrace-core4-4.1.0-incubating.jar:/home/user/.m2/repository/org/apache/zookeeper/zookeeper/3.4.13/zookeeper-3.4.13.jar:/home/user/.m2/repository/jline/jline/0.9.94/jline-0.9.94.jar:/home/user/.m2/repository/org/apache/yetus/audience-annotations/0.5.0/audience-annotations-0.5.0.jar:/home/user/.m2/repository/org/codehaus/woodstox/stax2-api/3.1.4/stax2-api-3.1.4.jar:/home/user/.m2/repository/com/fasterxml/woodstox/woodstox-core/5.0.3/woodstox-core-5.0.3.jar:/home/user/.m2/repository/dnsjava/dnsjava/2.1.7/dnsjava-2.1.7.jar:/home/user/.m2/repository/org/apache/hadoop/hadoop-hdfs/3.2.0/hadoop-hdfs-3.2.0-tests.jar:/home/user/.m2/repository/org/eclipse/jetty/jetty-util-ajax/9.3.25.v20180904/jetty-util-ajax-9.3.25.v20180904.jar:/home/user/.m2/repository/commons-daemon/commons-daemon/1.0.13/commons-daemon-1.0.13.jar:/home/user/.m2/repository/io/netty/netty/3.10.5.Final/netty-3.10.5.Final.jar:/home/user/.m2/repository/io/netty/netty-all/4.0.52.Final/netty-all-4.0.52.Final.jar:/home/user/.m2/repository/org/fusesource/leveldbjni/leveldbjni-all/1.8/leveldbjni-all-1.8.jar:"/>
    <property name="sun.cpu.endian" value="little"/>
    <property name="user.home" value="/home/user"/>
    <property name="user.language" value="en"/>
    <property name="java.specification.vendor" value="Oracle Corporation"/>
    <property name="java.home" value="/usr/lib/jvm/java-1.8.0-openjdk-1.8.0.222.b10-1.el7_7.x86_64/jre"/>
    <property name="surefire.excludesFile" value="/tools/ozone-bad-unit-tests"/>
    <property name="java.security.krb5.conf" value="/workdir/hadoop-ozone/integration-test/target/test-classes/krb5.conf"/>
    <property name="basedir" value="/workdir/hadoop-ozone/integration-test"/>
    <property name="file.separator" value="/"/>
    <property name="line.separator" value="&#10;"/>
    <property name="java.vm.specification.vendor" value="Oracle Corporation"/>
    <property name="java.specification.name" value="Java Platform API Specification"/>
    <property name="java.awt.graphicsenv" value="sun.awt.X11GraphicsEnvironment"/>
    <property name="surefire.real.class.path" value="/workdir/hadoop-ozone/integration-test/target/surefire/surefirebooter3830987571099572088.jar"/>
    <property name="hadoop.log.dir" value="/workdir/hadoop-ozone/integration-test/target/log"/>
    <property name="sun.boot.class.path" value="/usr/lib/jvm/java-1.8.0-openjdk-1.8.0.222.b10-1.el7_7.x86_64/jre/lib/resources.jar:/usr/lib/jvm/java-1.8.0-openjdk-1.8.0.222.b10-1.el7_7.x86_64/jre/lib/rt.jar:/usr/lib/jvm/java-1.8.0-openjdk-1.8.0.222.b10-1.el7_7.x86_64/jre/lib/sunrsasign.jar:/usr/lib/jvm/java-1.8.0-openjdk-1.8.0.222.b10-1.el7_7.x86_64/jre/lib/jsse.jar:/usr/lib/jvm/java-1.8.0-openjdk-1.8.0.222.b10-1.el7_7.x86_64/jre/lib/jce.jar:/usr/lib/jvm/java-1.8.0-openjdk-1.8.0.222.b10-1.el7_7.x86_64/jre/lib/charsets.jar:/usr/lib/jvm/java-1.8.0-openjdk-1.8.0.222.b10-1.el7_7.x86_64/jre/lib/jfr.jar:/usr/lib/jvm/java-1.8.0-openjdk-1.8.0.222.b10-1.el7_7.x86_64/jre/classes"/>
    <property name="sun.management.compiler" value="HotSpot 64-Bit Tiered Compilers"/>
    <property name="java.runtime.version" value="1.8.0_222-b10"/>
    <property name="java.net.preferIPv4Stack" value="true"/>
    <property name="user.name" value="jenkins1000"/>
    <property name="path.separator" value=":"/>
    <property name="java.security.egd" value="file:///dev/urandom"/>
    <property name="os.version" value="3.10.0-957.12.2.el7.x86_64"/>
    <property name="java.endorsed.dirs" value="/usr/lib/jvm/java-1.8.0-openjdk-1.8.0.222.b10-1.el7_7.x86_64/jre/lib/endorsed"/>
    <property name="java.runtime.name" value="OpenJDK Runtime Environment"/>
    <property name="file.encoding" value="ANSI_X3.4-1968"/>
    <property name="java.vm.name" value="OpenJDK 64-Bit Server VM"/>
    <property name="test.build.webapps" value=""/>
    <property name="localRepository" value="/home/user/.m2/repository"/>
    <property name="java.vendor.url.bug" value="http://bugreport.sun.com/bugreport/"/>
    <property name="java.io.tmpdir" value="/tmp"/>
    <property name="require.test.libhadoop" value=""/>
    <property name="java.version" value="1.8.0_222"/>
    <property name="user.dir" value="/workdir/hadoop-ozone/integration-test"/>
    <property name="os.arch" value="amd64"/>
    <property name="java.vm.specification.name" value="Java Virtual Machine Specification"/>
    <property name="test.build.classes" value="/workdir/hadoop-ozone/integration-test/target/test-classes"/>
    <property name="java.awt.printerjob" value="sun.print.PSPrinterJob"/>
    <property name="sun.os.patch.level" value="unknown"/>
    <property name="hadoop.tmp.dir" value="/workdir/hadoop-ozone/integration-test/target/tmp"/>
    <property name="java.library.path" value="/usr/lib:/workdir/hadoop-ozone/integration-test/target/native/target/usr/local/lib:/workdir/hadoop-ozone/integration-test/../../hadoop-common-project/hadoop-common/target/native/target/usr/local/lib:/usr/java/packages/lib/amd64:/usr/lib64:/lib64:/lib:/usr/lib"/>
    <property name="java.vm.info" value="mixed mode"/>
    <property name="java.vendor" value="Oracle Corporation"/>
    <property name="java.vm.version" value="25.222-b10"/>
    <property name="java.ext.dirs" value="/usr/lib/jvm/java-1.8.0-openjdk-1.8.0.222.b10-1.el7_7.x86_64/jre/lib/ext:/usr/java/packages/lib/ext"/>
    <property name="sun.io.unicode.encoding" value="UnicodeLittle"/>
    <property name="java.class.version" value="52.0"/>
  </properties>
  <testcase name="testMultipartUpload" classname="org.apache.hadoop.ozone.om.TestOzoneManagerHA" time="32.435"/>
  <testcase name="testOMRatisSnapshot" classname="org.apache.hadoop.ozone.om.TestOzoneManagerHA" time="28.309"/>
  <testcase name="testFileOperationsWithRecursive" classname="org.apache.hadoop.ozone.om.TestOzoneManagerHA" time="29.274"/>
  <testcase name="testOMRetryProxy" classname="org.apache.hadoop.ozone.om.TestOzoneManagerHA" time="36.464"/>
  <testcase name="testOMProxyProviderFailoverToCurrentLeader" classname="org.apache.hadoop.ozone.om.TestOzoneManagerHA" time="28.813"/>
  <testcase name="testAddBucketAcl" classname="org.apache.hadoop.ozone.om.TestOzoneManagerHA" time="26.898"/>
  <testcase name="testMultipartUploadWithOneOmNodeDown" classname="org.apache.hadoop.ozone.om.TestOzoneManagerHA" time="30.7"/>
  <testcase name="testAllBucketOperations" classname="org.apache.hadoop.ozone.om.TestOzoneManagerHA" time="31.735"/>
  <testcase name="testOMProxyProviderFailoverOnConnectionFailure" classname="org.apache.hadoop.ozone.om.TestOzoneManagerHA" time="30.742">
    <error message="Call From pr-hdds-2448-del-container-94542-2491966341/192.168.157.228 to localhost:11976 failed on connection exception: java.net.ConnectException: Connection refused; For more details see:  http://wiki.apache.org/hadoop/ConnectionRefused" type="java.net.ConnectException">java.net.ConnectException: Call From pr-hdds-2448-del-container-94542-2491966341/192.168.157.228 to localhost:11976 failed on connection exception: java.net.ConnectException: Connection refused; For more details see:  http://wiki.apache.org/hadoop/ConnectionRefused
	at sun.reflect.NativeConstructorAccessorImpl.newInstance0(Native Method)
	at sun.reflect.NativeConstructorAccessorImpl.newInstance(NativeConstructorAccessorImpl.java:62)
	at sun.reflect.DelegatingConstructorAccessorImpl.newInstance(DelegatingConstructorAccessorImpl.java:45)
	at java.lang.reflect.Constructor.newInstance(Constructor.java:423)
	at org.apache.hadoop.net.NetUtils.wrapWithMessage(NetUtils.java:831)
	at org.apache.hadoop.net.NetUtils.wrapException(NetUtils.java:755)
	at org.apache.hadoop.ipc.Client.getRpcResponse(Client.java:1515)
	at org.apache.hadoop.ipc.Client.call(Client.java:1457)
	at org.apache.hadoop.ipc.Client.call(Client.java:1367)
	at org.apache.hadoop.ipc.ProtobufRpcEngine$Invoker.invoke(ProtobufRpcEngine.java:228)
	at org.apache.hadoop.ipc.ProtobufRpcEngine$Invoker.invoke(ProtobufRpcEngine.java:116)
	at com.sun.proxy.$Proxy37.submitRequest(Unknown Source)
	at sun.reflect.GeneratedMethodAccessor38.invoke(Unknown Source)
	at sun.reflect.DelegatingMethodAccessorImpl.invoke(DelegatingMethodAccessorImpl.java:43)
	at java.lang.reflect.Method.invoke(Method.java:498)
	at org.apache.hadoop.io.retry.RetryInvocationHandler.invokeMethod(RetryInvocationHandler.java:422)
	at org.apache.hadoop.io.retry.RetryInvocationHandler$Call.invokeMethod(RetryInvocationHandler.java:165)
	at org.apache.hadoop.io.retry.RetryInvocationHandler$Call.invoke(RetryInvocationHandler.java:157)
	at org.apache.hadoop.io.retry.RetryInvocationHandler$Call.invokeOnce(RetryInvocationHandler.java:95)
	at org.apache.hadoop.io.retry.RetryInvocationHandler.invoke(RetryInvocationHandler.java:359)
	at com.sun.proxy.$Proxy37.submitRequest(Unknown Source)
	at org.apache.hadoop.ozone.om.protocolPB.OzoneManagerProtocolClientSideTranslatorPB.submitRequest(OzoneManagerProtocolClientSideTranslatorPB.java:361)
	at org.apache.hadoop.ozone.om.protocolPB.OzoneManagerProtocolClientSideTranslatorPB.createVolume(OzoneManagerProtocolClientSideTranslatorPB.java:400)
	at sun.reflect.NativeMethodAccessorImpl.invoke0(Native Method)
	at sun.reflect.NativeMethodAccessorImpl.invoke(NativeMethodAccessorImpl.java:62)
	at sun.reflect.DelegatingMethodAccessorImpl.invoke(DelegatingMethodAccessorImpl.java:43)
	at java.lang.reflect.Method.invoke(Method.java:498)
	at org.apache.hadoop.hdds.tracing.TraceAllMethod.invoke(TraceAllMethod.java:66)
	at com.sun.proxy.$Proxy38.createVolume(Unknown Source)
	at org.apache.hadoop.ozone.client.rpc.RpcClient.createVolume(RpcClient.java:297)
	at sun.reflect.NativeMethodAccessorImpl.invoke0(Native Method)
	at sun.reflect.NativeMethodAccessorImpl.invoke(NativeMethodAccessorImpl.java:62)
	at sun.reflect.DelegatingMethodAccessorImpl.invoke(DelegatingMethodAccessorImpl.java:43)
	at java.lang.reflect.Method.invoke(Method.java:498)
	at org.apache.hadoop.ozone.client.OzoneClientInvocationHandler.invoke(OzoneClientInvocationHandler.java:54)
	at com.sun.proxy.$Proxy40.createVolume(Unknown Source)
	at sun.reflect.NativeMethodAccessorImpl.invoke0(Native Method)
	at sun.reflect.NativeMethodAccessorImpl.invoke(NativeMethodAccessorImpl.java:62)
	at sun.reflect.DelegatingMethodAccessorImpl.invoke(DelegatingMethodAccessorImpl.java:43)
	at java.lang.reflect.Method.invoke(Method.java:498)
	at org.apache.hadoop.hdds.tracing.TraceAllMethod.invoke(TraceAllMethod.java:66)
	at com.sun.proxy.$Proxy40.createVolume(Unknown Source)
	at org.apache.hadoop.ozone.client.ObjectStore.createVolume(ObjectStore.java:102)
	at org.apache.hadoop.ozone.om.TestOzoneManagerHA.createVolumeTest(TestOzoneManagerHA.java:606)
	at org.apache.hadoop.ozone.om.TestOzoneManagerHA.testOMProxyProviderFailoverOnConnectionFailure(TestOzoneManagerHA.java:681)
	at sun.reflect.NativeMethodAccessorImpl.invoke0(Native Method)
	at sun.reflect.NativeMethodAccessorImpl.invoke(NativeMethodAccessorImpl.java:62)
	at sun.reflect.DelegatingMethodAccessorImpl.invoke(DelegatingMethodAccessorImpl.java:43)
	at java.lang.reflect.Method.invoke(Method.java:498)
	at org.junit.runners.model.FrameworkMethod$1.runReflectiveCall(FrameworkMethod.java:47)
	at org.junit.internal.runners.model.ReflectiveCallable.run(ReflectiveCallable.java:12)
	at org.junit.runners.model.FrameworkMethod.invokeExplosively(FrameworkMethod.java:44)
	at org.junit.internal.runners.statements.InvokeMethod.evaluate(InvokeMethod.java:17)
	at org.junit.internal.runners.statements.RunBefores.evaluate(RunBefores.java:26)
	at org.junit.internal.runners.statements.RunAfters.evaluate(RunAfters.java:27)
	at org.junit.rules.ExpectedException$ExpectedExceptionStatement.evaluate(ExpectedException.java:168)
	at org.junit.internal.runners.statements.FailOnTimeout$StatementThread.run(FailOnTimeout.java:74)
Caused by: java.net.ConnectException: Connection refused
	at sun.nio.ch.SocketChannelImpl.checkConnect(Native Method)
	at sun.nio.ch.SocketChannelImpl.finishConnect(SocketChannelImpl.java:717)
	at org.apache.hadoop.net.SocketIOWithTimeout.connect(SocketIOWithTimeout.java:206)
	at org.apache.hadoop.net.NetUtils.connect(NetUtils.java:531)
	at org.apache.hadoop.ipc.Client$Connection.setupConnection(Client.java:690)
	at org.apache.hadoop.ipc.Client$Connection.setupIOstreams(Client.java:794)
	at org.apache.hadoop.ipc.Client$Connection.access$3700(Client.java:411)
	at org.apache.hadoop.ipc.Client.getConnection(Client.java:1572)
	at org.apache.hadoop.ipc.Client.call(Client.java:1403)
	... 49 more
</error>
    <system-out><![CDATA[2019-11-15 13:01:34,251 [Thread-3499] WARN  server.ServerUtils (ServerUtils.java:getScmDbDir(145)) - ozone.scm.db.dirs is not configured. We recommend adding this setting. Falling back to ozone.metadata.dirs instead.
2019-11-15 13:01:34,278 [Thread-3499] WARN  server.ServerUtils (ServerUtils.java:getScmDbDir(145)) - ozone.scm.db.dirs is not configured. We recommend adding this setting. Falling back to ozone.metadata.dirs instead.
2019-11-15 13:01:34,278 [Thread-3499] WARN  server.ServerUtils (ServerUtils.java:getScmDbDir(145)) - ozone.scm.db.dirs is not configured. We recommend adding this setting. Falling back to ozone.metadata.dirs instead.
2019-11-15 13:01:34,279 [Thread-3499] INFO  db.DBStoreBuilder (DBStoreBuilder.java:addTable(127)) - using custom profile for table: deletedBlocks
2019-11-15 13:01:34,280 [Thread-3499] INFO  db.DBStoreBuilder (DBStoreBuilder.java:processTables(183)) - Using default column profile:DBProfile.DISK for Table:deletedBlocks
2019-11-15 13:01:34,280 [Thread-3499] INFO  db.DBStoreBuilder (DBStoreBuilder.java:addTable(127)) - using custom profile for table: validCerts
2019-11-15 13:01:34,280 [Thread-3499] INFO  db.DBStoreBuilder (DBStoreBuilder.java:processTables(183)) - Using default column profile:DBProfile.DISK for Table:validCerts
2019-11-15 13:01:34,280 [Thread-3499] INFO  db.DBStoreBuilder (DBStoreBuilder.java:addTable(127)) - using custom profile for table: revokedCerts
2019-11-15 13:01:34,281 [Thread-3499] INFO  db.DBStoreBuilder (DBStoreBuilder.java:processTables(183)) - Using default column profile:DBProfile.DISK for Table:revokedCerts
2019-11-15 13:01:34,281 [Thread-3499] INFO  db.DBStoreBuilder (DBStoreBuilder.java:addTable(127)) - using custom profile for table: default
2019-11-15 13:01:34,281 [Thread-3499] INFO  db.DBStoreBuilder (DBStoreBuilder.java:processTables(189)) - Using default column profile:DBProfile.DISK for Table:default
2019-11-15 13:01:34,281 [Thread-3499] INFO  db.DBStoreBuilder (DBStoreBuilder.java:getDbProfile(220)) - Using default options. DBProfile.DISK
2019-11-15 13:01:34,529 [Thread-3499] INFO  net.NodeSchemaLoader (NodeSchemaLoader.java:loadSchemaFromFile(125)) - Loading file from sun.misc.CompoundEnumeration@7e3c0faf
2019-11-15 13:01:34,530 [Thread-3499] INFO  net.NodeSchemaLoader (NodeSchemaLoader.java:loadSchema(171)) - Loading network topology layer schema file
2019-11-15 13:01:34,536 [Thread-3499] WARN  server.ServerUtils (ServerUtils.java:sanitizeUserArgs(70)) - ozone.scm.stale.node.interval value = 300000 is larger than max = 100000 based on the key value of ozone.scm.heartbeat.thread.interval, reset to the max value 100000.
2019-11-15 13:01:34,536 [Thread-3499] WARN  server.ServerUtils (ServerUtils.java:sanitizeUserArgs(70)) - ozone.scm.stale.node.interval value = 300000 is larger than max = 100000 based on the key value of ozone.scm.heartbeat.thread.interval, reset to the max value 100000.
2019-11-15 13:01:34,537 [Thread-3499] INFO  node.SCMNodeManager (SCMNodeManager.java:<init>(116)) - Entering startup safe mode.
2019-11-15 13:01:34,538 [Thread-3499] INFO  algorithms.ContainerPlacementPolicyFactory (ContainerPlacementPolicyFactory.java:getPolicy(57)) - Create container placement policy of type org.apache.hadoop.hdds.scm.container.placement.algorithms.SCMContainerPlacementRandom
2019-11-15 13:01:34,538 [Thread-3499] WARN  server.ServerUtils (ServerUtils.java:getScmDbDir(145)) - ozone.scm.db.dirs is not configured. We recommend adding this setting. Falling back to ozone.metadata.dirs instead.
2019-11-15 13:01:34,667 [Thread-3499] INFO  pipeline.SCMPipelineManager (SCMPipelineManager.java:initializePipelineState(136)) - No pipeline exists in current db
2019-11-15 13:01:34,667 [Thread-3499] WARN  server.ServerUtils (ServerUtils.java:getScmDbDir(145)) - ozone.scm.db.dirs is not configured. We recommend adding this setting. Falling back to ozone.metadata.dirs instead.
2019-11-15 13:01:34,771 [Thread-3499] INFO  safemode.HealthyPipelineSafeModeRule (HealthyPipelineSafeModeRule.java:<init>(92)) -  Total pipeline count is 0, healthy pipeline threshold count is 1
2019-11-15 13:01:34,772 [Thread-3499] INFO  safemode.OneReplicaPipelineSafeModeRule (OneReplicaPipelineSafeModeRule.java:<init>(79)) - Total pipeline count is 0, pipeline's with at least one datanode reported threshold count is 0
2019-11-15 13:01:34,772 [Thread-3499] WARN  events.EventQueue (EventQueue.java:fireEvent(183)) - No event handler registered for event TypedEvent{payloadType=SafeModeStatus, name='SafeModeStatus'}
2019-11-15 13:01:34,773 [Thread-3499] INFO  ipc.CallQueueManager (CallQueueManager.java:<init>(84)) - Using callQueue: class java.util.concurrent.LinkedBlockingQueue, queueCapacity: 2000, scheduler: class org.apache.hadoop.ipc.DefaultRpcScheduler, ipcBackoff: false.
2019-11-15 13:01:34,775 [Socket Reader #1 for port 42401] INFO  ipc.Server (Server.java:run(1074)) - Starting Socket Reader #1 for port 42401
2019-11-15 13:01:34,777 [Thread-3499] INFO  ipc.CallQueueManager (CallQueueManager.java:<init>(84)) - Using callQueue: class java.util.concurrent.LinkedBlockingQueue, queueCapacity: 2000, scheduler: class org.apache.hadoop.ipc.DefaultRpcScheduler, ipcBackoff: false.
2019-11-15 13:01:34,778 [Socket Reader #1 for port 34819] INFO  ipc.Server (Server.java:run(1074)) - Starting Socket Reader #1 for port 34819
2019-11-15 13:01:34,780 [Thread-3499] INFO  ipc.CallQueueManager (CallQueueManager.java:<init>(84)) - Using callQueue: class java.util.concurrent.LinkedBlockingQueue, queueCapacity: 2000, scheduler: class org.apache.hadoop.ipc.DefaultRpcScheduler, ipcBackoff: false.
2019-11-15 13:01:34,780 [Socket Reader #1 for port 33174] INFO  ipc.Server (Server.java:run(1074)) - Starting Socket Reader #1 for port 33174
2019-11-15 13:01:34,784 [Thread-3499] INFO  hdfs.DFSUtil (DFSUtil.java:httpServerTemplateForNNAndJN(1641)) - Starting Web-server for scm at: http://0.0.0.0:0
2019-11-15 13:01:34,787 [Thread-3499] INFO  server.AuthenticationFilter (AuthenticationFilter.java:constructSecretProvider(240)) - Unable to initialize FileSignerSecretProvider, falling back to use random secrets.
2019-11-15 13:01:34,788 [Thread-3499] WARN  http.HttpRequestLog (HttpRequestLog.java:getRequestLog(97)) - Jetty request log can only be enabled using Log4j
2019-11-15 13:01:34,790 [Thread-3499] INFO  http.HttpServer2 (HttpServer2.java:addGlobalFilter(975)) - Added global filter 'safety' (class=org.apache.hadoop.http.HttpServer2$QuotingInputFilter)
2019-11-15 13:01:34,790 [Thread-3499] INFO  http.HttpServer2 (HttpServer2.java:addFilter(948)) - Added filter static_user_filter (class=org.apache.hadoop.http.lib.StaticUserWebFilter$StaticUserFilter) to context scm
2019-11-15 13:01:34,791 [Thread-3499] INFO  http.HttpServer2 (HttpServer2.java:addFilter(958)) - Added filter static_user_filter (class=org.apache.hadoop.http.lib.StaticUserWebFilter$StaticUserFilter) to context logs
2019-11-15 13:01:34,791 [Thread-3499] INFO  http.HttpServer2 (HttpServer2.java:addFilter(958)) - Added filter static_user_filter (class=org.apache.hadoop.http.lib.StaticUserWebFilter$StaticUserFilter) to context static
2019-11-15 13:01:34,793 [Thread-3499] INFO  server.StorageContainerManager (StorageContainerManager.java:start(765)) - StorageContainerLocationProtocol RPC server is listening at /0.0.0.0:33174
2019-11-15 13:01:34,796 [Thread-3499] WARN  impl.MetricsConfig (MetricsConfig.java:loadFirst(134)) - Cannot locate configuration: tried hadoop-metrics2-storagecontainermanager.properties,hadoop-metrics2.properties
2019-11-15 13:01:34,797 [Thread-3499] INFO  impl.MetricsSystemImpl (MetricsSystemImpl.java:startTimer(374)) - Scheduled Metric snapshot period at 10 second(s).
2019-11-15 13:01:34,797 [Thread-3499] INFO  impl.MetricsSystemImpl (MetricsSystemImpl.java:start(191)) - StorageContainerManager metrics system started
2019-11-15 13:01:34,847 [Thread-3499] WARN  impl.MetricsSystemImpl (MetricsSystemImpl.java:register(276)) - Sink prometheus already exists!
2019-11-15 13:01:34,934 [Thread-3499] INFO  server.SCMClientProtocolServer (SCMClientProtocolServer.java:start(160)) - RPC server for Client  is listening at /0.0.0.0:33174
2019-11-15 13:01:34,935 [IPC Server Responder] INFO  ipc.Server (Server.java:run(1314)) - IPC Server Responder: starting
2019-11-15 13:01:34,935 [IPC Server listener on 33174] INFO  ipc.Server (Server.java:run(1153)) - IPC Server listener on 33174: starting
2019-11-15 13:01:34,939 [Thread-3499] INFO  server.StorageContainerManager (StorageContainerManager.java:start(775)) - ScmBlockLocationProtocol RPC server is listening at /0.0.0.0:34819
2019-11-15 13:01:34,939 [Thread-3499] INFO  server.SCMBlockProtocolServer (SCMBlockProtocolServer.java:start(146)) - RPC server for Block Protocol is listening at /0.0.0.0:34819
2019-11-15 13:01:34,939 [IPC Server Responder] INFO  ipc.Server (Server.java:run(1314)) - IPC Server Responder: starting
2019-11-15 13:01:34,939 [IPC Server listener on 34819] INFO  ipc.Server (Server.java:run(1153)) - IPC Server listener on 34819: starting
2019-11-15 13:01:34,943 [Thread-3499] INFO  server.StorageContainerManager (StorageContainerManager.java:start(779)) - ScmDatanodeProtocl RPC server is listening at /0.0.0.0:42401
2019-11-15 13:01:34,943 [Thread-3499] INFO  server.SCMDatanodeProtocolServer (SCMDatanodeProtocolServer.java:start(177)) - RPC server for DataNodes is listening at /0.0.0.0:42401
2019-11-15 13:01:34,943 [IPC Server Responder] INFO  ipc.Server (Server.java:run(1314)) - IPC Server Responder: starting
2019-11-15 13:01:34,943 [IPC Server listener on 42401] INFO  ipc.Server (Server.java:run(1153)) - IPC Server listener on 42401: starting
2019-11-15 13:01:34,947 [Thread-3499] INFO  http.HttpServer2 (HttpServer2.java:bindListener(1191)) - Jetty bound to port 38138
2019-11-15 13:01:34,947 [Thread-3499] INFO  server.Server (Server.java:doStart(351)) - jetty-9.3.25.v20180904, build timestamp: 2018-09-04T21:11:46Z, git hash: 3ce520221d0240229c862b122d2b06c12a625732
2019-11-15 13:01:34,949 [Thread-3499] INFO  handler.ContextHandler (ContextHandler.java:doStart(781)) - Started o.e.j.s.ServletContextHandler@73de124f{/logs,file:///workdir/hadoop-ozone/integration-test/target/log,AVAILABLE}
2019-11-15 13:01:34,949 [Thread-3499] INFO  handler.ContextHandler (ContextHandler.java:doStart(781)) - Started o.e.j.s.ServletContextHandler@4082c973{/static,file:///workdir/hadoop-ozone/integration-test/target/test-classes/webapps/static,AVAILABLE}
2019-11-15 13:01:34,952 [Thread-3499] INFO  handler.ContextHandler (ContextHandler.java:doStart(781)) - Started o.e.j.w.WebAppContext@3c9e49f0{/,file:///workdir/hadoop-ozone/integration-test/target/test-classes/webapps/scm/,AVAILABLE}{/scm}
2019-11-15 13:01:34,953 [Thread-3499] INFO  server.AbstractConnector (AbstractConnector.java:doStart(278)) - Started ServerConnector@43da36c6{HTTP/1.1,[http/1.1]}{0.0.0.0:38138}
2019-11-15 13:01:34,953 [Thread-3499] INFO  server.Server (Server.java:doStart(419)) - Started @245773ms
2019-11-15 13:01:34,953 [Thread-3499] WARN  impl.MetricsSystemImpl (MetricsSystemImpl.java:register(276)) - Sink prometheus already exists!
2019-11-15 13:01:34,955 [Thread-3499] INFO  server.BaseHttpServer (BaseHttpServer.java:updateConnectorAddress(215)) - HTTP server of SCM is listening at http://0.0.0.0:38138
2019-11-15 13:01:34,956 [org.apache.hadoop.util.JvmPauseMonitor$Monitor@2d108904] INFO  util.JvmPauseMonitor (JvmPauseMonitor.java:run(188)) - Starting JVM pause monitor
2019-11-15 13:01:34,957 [Thread-3499] WARN  server.ServerUtils (ServerUtils.java:getDBPath(222)) - ozone.om.db.dirs is not configured. We recommend adding this setting. Falling back to ozone.metadata.dirs instead.
2019-11-15 13:01:34,990 [Thread-3499] INFO  ha.OMHANodeDetails (OMHANodeDetails.java:loadOMHAConfig(165)) - Found matching OM address with OMServiceId: om-service-test1, OMNodeId: omNode-1, RPC Address: localhost:11976 and Ratis port: 11980
2019-11-15 13:01:34,990 [Thread-3499] INFO  ha.OMHANodeDetails (OMHANodeDetails.java:setOMNodeSpecificConfigs(298)) - Setting configuration key ozone.om.http-address with value of key ozone.om.http-address.omNode-1: 127.0.0.1:11978
2019-11-15 13:01:34,990 [Thread-3499] INFO  ha.OMHANodeDetails (OMHANodeDetails.java:setOMNodeSpecificConfigs(298)) - Setting configuration key ozone.om.https-address with value of key ozone.om.https-address.omNode-1: 127.0.0.1:11979
2019-11-15 13:01:34,990 [Thread-3499] INFO  ha.OMHANodeDetails (OMHANodeDetails.java:setOMNodeSpecificConfigs(298)) - Setting configuration key ozone.om.address with value of key ozone.om.address.omNode-1: 127.0.0.1:11976
2019-11-15 13:01:34,990 [Thread-3499] WARN  server.ServerUtils (ServerUtils.java:getDBPath(222)) - ozone.om.db.dirs is not configured. We recommend adding this setting. Falling back to ozone.metadata.dirs instead.
2019-11-15 13:01:34,991 [Thread-3499] WARN  server.ServerUtils (ServerUtils.java:getDBPath(222)) - ozone.om.db.dirs is not configured. We recommend adding this setting. Falling back to ozone.metadata.dirs instead.
2019-11-15 13:01:35,000 [Thread-3499] WARN  server.ServerUtils (ServerUtils.java:getDBPath(222)) - ozone.om.db.dirs is not configured. We recommend adding this setting. Falling back to ozone.metadata.dirs instead.
2019-11-15 13:01:35,001 [Thread-3499] INFO  db.DBStoreBuilder (DBStoreBuilder.java:addTable(127)) - using custom profile for table: userTable
2019-11-15 13:01:35,001 [Thread-3499] INFO  db.DBStoreBuilder (DBStoreBuilder.java:processTables(183)) - Using default column profile:DBProfile.DISK for Table:userTable
2019-11-15 13:01:35,001 [Thread-3499] INFO  db.DBStoreBuilder (DBStoreBuilder.java:addTable(127)) - using custom profile for table: volumeTable
2019-11-15 13:01:35,001 [Thread-3499] INFO  db.DBStoreBuilder (DBStoreBuilder.java:processTables(183)) - Using default column profile:DBProfile.DISK for Table:volumeTable
2019-11-15 13:01:35,001 [Thread-3499] INFO  db.DBStoreBuilder (DBStoreBuilder.java:addTable(127)) - using custom profile for table: bucketTable
2019-11-15 13:01:35,002 [Thread-3499] INFO  db.DBStoreBuilder (DBStoreBuilder.java:processTables(183)) - Using default column profile:DBProfile.DISK for Table:bucketTable
2019-11-15 13:01:35,002 [Thread-3499] INFO  db.DBStoreBuilder (DBStoreBuilder.java:addTable(127)) - using custom profile for table: keyTable
2019-11-15 13:01:35,002 [Thread-3499] INFO  db.DBStoreBuilder (DBStoreBuilder.java:processTables(183)) - Using default column profile:DBProfile.DISK for Table:keyTable
2019-11-15 13:01:35,002 [Thread-3499] INFO  db.DBStoreBuilder (DBStoreBuilder.java:addTable(127)) - using custom profile for table: deletedTable
2019-11-15 13:01:35,002 [Thread-3499] INFO  db.DBStoreBuilder (DBStoreBuilder.java:processTables(183)) - Using default column profile:DBProfile.DISK for Table:deletedTable
2019-11-15 13:01:35,002 [Thread-3499] INFO  db.DBStoreBuilder (DBStoreBuilder.java:addTable(127)) - using custom profile for table: openKeyTable
2019-11-15 13:01:35,002 [Thread-3499] INFO  db.DBStoreBuilder (DBStoreBuilder.java:processTables(183)) - Using default column profile:DBProfile.DISK for Table:openKeyTable
2019-11-15 13:01:35,003 [Thread-3499] INFO  db.DBStoreBuilder (DBStoreBuilder.java:addTable(127)) - using custom profile for table: s3Table
2019-11-15 13:01:35,003 [Thread-3499] INFO  db.DBStoreBuilder (DBStoreBuilder.java:processTables(183)) - Using default column profile:DBProfile.DISK for Table:s3Table
2019-11-15 13:01:35,003 [Thread-3499] INFO  db.DBStoreBuilder (DBStoreBuilder.java:addTable(127)) - using custom profile for table: multipartInfoTable
2019-11-15 13:01:35,003 [Thread-3499] INFO  db.DBStoreBuilder (DBStoreBuilder.java:processTables(183)) - Using default column profile:DBProfile.DISK for Table:multipartInfoTable
2019-11-15 13:01:35,003 [Thread-3499] INFO  db.DBStoreBuilder (DBStoreBuilder.java:addTable(127)) - using custom profile for table: dTokenTable
2019-11-15 13:01:35,003 [Thread-3499] INFO  db.DBStoreBuilder (DBStoreBuilder.java:processTables(183)) - Using default column profile:DBProfile.DISK for Table:dTokenTable
2019-11-15 13:01:35,004 [Thread-3499] INFO  db.DBStoreBuilder (DBStoreBuilder.java:addTable(127)) - using custom profile for table: s3SecretTable
2019-11-15 13:01:35,004 [Thread-3499] INFO  db.DBStoreBuilder (DBStoreBuilder.java:processTables(183)) - Using default column profile:DBProfile.DISK for Table:s3SecretTable
2019-11-15 13:01:35,004 [Thread-3499] INFO  db.DBStoreBuilder (DBStoreBuilder.java:addTable(127)) - using custom profile for table: prefixTable
2019-11-15 13:01:35,004 [Thread-3499] INFO  db.DBStoreBuilder (DBStoreBuilder.java:processTables(183)) - Using default column profile:DBProfile.DISK for Table:prefixTable
2019-11-15 13:01:35,004 [Thread-3499] INFO  db.DBStoreBuilder (DBStoreBuilder.java:addTable(127)) - using custom profile for table: default
2019-11-15 13:01:35,004 [Thread-3499] INFO  db.DBStoreBuilder (DBStoreBuilder.java:processTables(189)) - Using default column profile:DBProfile.DISK for Table:default
2019-11-15 13:01:35,004 [Thread-3499] INFO  db.DBStoreBuilder (DBStoreBuilder.java:getDbProfile(220)) - Using default options. DBProfile.DISK
2019-11-15 13:01:35,694 [Thread-3499] WARN  scm.HddsServerUtil (HddsServerUtil.java:getDefaultRatisDirectory(354)) - Storage directory for Ratis is not configured. It is a good idea to map this to an SSD disk. Falling back to ozone.metadata.dirs
2019-11-15 13:01:35,696 [Thread-3499] INFO  ratis.OzoneManagerRatisServer (OzoneManagerRatisServer.java:<init>(243)) - Instantiating OM Ratis server with GroupID: om-service-test1 and Raft Peers: localhost:11980, localhost:11986, localhost:11992
2019-11-15 13:01:35,696 [Thread-3499] INFO  impl.RaftServerProxy (ConfUtils.java:logGet(43)) - raft.rpc.type = GRPC (default)
2019-11-15 13:01:35,697 [Thread-3499] INFO  grpc.GrpcFactory (GrpcFactory.java:checkPooledByteBufAllocatorUseCacheForAllThreads(45)) - PERFORMANCE WARNING: useCacheForAllThreads is true that may cause Netty to create a lot garbage objects and, as a result, trigger GC.
	It is recommended to disable useCacheForAllThreads by setting -Dorg.apache.ratis.thirdparty.io.netty.allocator.useCacheForAllThreads=false in command line.
2019-11-15 13:01:35,697 [Thread-3499] INFO  grpc.GrpcConfigKeys$Server (ConfUtils.java:logGet(43)) - raft.grpc.server.port = 11980 (custom)
2019-11-15 13:01:35,697 [Thread-3499] INFO  server.GrpcService (ConfUtils.java:logGet(43)) - raft.grpc.message.size.max = 33554432 (custom)
2019-11-15 13:01:35,698 [Thread-3499] INFO  server.RaftServerConfigKeys (ConfUtils.java:logGet(43)) - raft.server.log.appender.buffer.byte-limit = 33554432 (custom)
2019-11-15 13:01:35,698 [Thread-3499] INFO  server.GrpcService (ConfUtils.java:logGet(43)) - raft.grpc.flow.control.window = 1MB (=1048576) (default)
2019-11-15 13:01:35,698 [Thread-3499] INFO  server.RaftServerConfigKeys (ConfUtils.java:logGet(43)) - raft.server.rpc.request.timeout = 3000ms (default)
2019-11-15 13:01:35,699 [Thread-3499] INFO  server.RaftServerConfigKeys (ConfUtils.java:logGet(43)) - raft.server.storage.dir = [/workdir/hadoop-ozone/integration-test/target/test-dir/MiniOzoneClusterImpl-8dc4e64a-e7f2-467c-840f-7d8b418ee89f/omNode-1/ratis] (custom)
2019-11-15 13:01:35,699 [Thread-3499] INFO  impl.RaftServerProxy (RaftServerProxy.java:addNew(89)) - omNode-1: addNew group-523986131536:[omNode-3:localhost:11992, omNode-1:localhost:11980, omNode-2:localhost:11986] returns group-523986131536:java.util.concurrent.CompletableFuture@2064d911[Not completed]
2019-11-15 13:01:35,700 [pool-751-thread-1] INFO  impl.RaftServerImpl (RaftServerImpl.java:<init>(98)) - omNode-1: new RaftServerImpl for group-523986131536:[omNode-3:localhost:11992, omNode-1:localhost:11980, omNode-2:localhost:11986] with OzoneManagerStateMachine:uninitialized
2019-11-15 13:01:35,700 [Thread-3499] INFO  om.OzoneManager (OzoneManager.java:initializeRatisServer(1223)) - OzoneManager Ratis server initialized at port 11980
2019-11-15 13:01:35,700 [pool-751-thread-1] INFO  server.RaftServerConfigKeys (ConfUtils.java:logGet(43)) - raft.server.rpc.timeout.min = 1s (custom)
2019-11-15 13:01:35,700 [Thread-3499] WARN  scm.HddsServerUtil (HddsServerUtil.java:getDefaultRatisDirectory(354)) - Storage directory for Ratis is not configured. It is a good idea to map this to an SSD disk. Falling back to ozone.metadata.dirs
2019-11-15 13:01:35,700 [pool-751-thread-1] INFO  server.RaftServerConfigKeys (ConfUtils.java:logGet(43)) - raft.server.rpc.timeout.max = 1200ms (custom)
2019-11-15 13:01:35,701 [pool-751-thread-1] INFO  server.RaftServerConfigKeys (ConfUtils.java:logGet(43)) - raft.server.rpcslowness.timeout = 2s (custom)
2019-11-15 13:01:35,701 [Thread-3499] WARN  scm.HddsServerUtil (HddsServerUtil.java:getDefaultRatisDirectory(354)) - Storage directory for Ratis is not configured. It is a good idea to map this to an SSD disk. Falling back to ozone.metadata.dirs
2019-11-15 13:01:35,701 [pool-751-thread-1] INFO  server.RaftServerConfigKeys (ConfUtils.java:logGet(43)) - raft.server.sleep.deviation.threshold = 300 (default)
2019-11-15 13:01:35,701 [pool-751-thread-1] INFO  server.RaftServerConfigKeys (ConfUtils.java:logGet(43)) - raft.server.log.appender.install.snapshot.enabled = false (custom)
2019-11-15 13:01:35,701 [Thread-3499] INFO  snapshot.OzoneManagerSnapshotProvider (OzoneManagerSnapshotProvider.java:<init>(81)) - Initializing OM Snapshot Provider
2019-11-15 13:01:35,701 [pool-751-thread-1] INFO  impl.RaftServerImpl (ServerState.java:<init>(103)) - omNode-1@group-523986131536: ConfigurationManager, init=-1: [omNode-3:localhost:11992, omNode-1:localhost:11980, omNode-2:localhost:11986], old=null, confs=<EMPTY_MAP>
2019-11-15 13:01:35,701 [pool-751-thread-1] INFO  server.RaftServerConfigKeys (ConfUtils.java:logGet(43)) - raft.server.storage.dir = [/workdir/hadoop-ozone/integration-test/target/test-dir/MiniOzoneClusterImpl-8dc4e64a-e7f2-467c-840f-7d8b418ee89f/omNode-1/ratis] (custom)
2019-11-15 13:01:35,702 [pool-751-thread-1] INFO  server.RaftServerConfigKeys (ConfUtils.java:logGet(43)) - raft.server.log.corruption.policy = EXCEPTION (default)
2019-11-15 13:01:35,702 [pool-751-thread-1] INFO  storage.RaftStorageDirectory (RaftStorageDirectory.java:analyzeStorage(246)) - The storage directory /workdir/hadoop-ozone/integration-test/target/test-dir/MiniOzoneClusterImpl-8dc4e64a-e7f2-467c-840f-7d8b418ee89f/omNode-1/ratis/c9bc4cf4-3bc3-3c60-a66b-523986131536 does not exist. Creating ...
2019-11-15 13:01:35,703 [Thread-3499] INFO  ipc.CallQueueManager (CallQueueManager.java:<init>(84)) - Using callQueue: class java.util.concurrent.LinkedBlockingQueue, queueCapacity: 2000, scheduler: class org.apache.hadoop.ipc.DefaultRpcScheduler, ipcBackoff: false.
2019-11-15 13:01:35,704 [Socket Reader #1 for port 11976] INFO  ipc.Server (Server.java:run(1074)) - Starting Socket Reader #1 for port 11976
2019-11-15 13:01:35,724 [Thread-3499] INFO  om.OzoneManager (OzoneManager.java:start(1077)) - OzoneManager RPC server is listening at localhost/127.0.0.1:11976
2019-11-15 13:01:35,724 [Thread-3499] INFO  impl.MetricsSystemImpl (MetricsSystemImpl.java:init(158)) - OzoneManager metrics system started (again)
2019-11-15 13:01:35,724 [Thread-3499] INFO  ratis.OzoneManagerRatisServer (OzoneManagerRatisServer.java:start(333)) - Starting OzoneManagerRatisServer omNode-1 at port 11980
2019-11-15 13:01:35,727 [pool-751-thread-1] INFO  storage.RaftStorageDirectory (RaftStorageDirectory.java:tryLock(328)) - Lock on /workdir/hadoop-ozone/integration-test/target/test-dir/MiniOzoneClusterImpl-8dc4e64a-e7f2-467c-840f-7d8b418ee89f/omNode-1/ratis/c9bc4cf4-3bc3-3c60-a66b-523986131536/in_use.lock acquired by nodename 22752@pr-hdds-2448-del-container-94542-2491966341
2019-11-15 13:01:35,751 [pool-751-thread-1] INFO  storage.RaftStorage (RaftStorage.java:format(84)) - Storage directory /workdir/hadoop-ozone/integration-test/target/test-dir/MiniOzoneClusterImpl-8dc4e64a-e7f2-467c-840f-7d8b418ee89f/omNode-1/ratis/c9bc4cf4-3bc3-3c60-a66b-523986131536 has been successfully formatted.
2019-11-15 13:01:35,751 [pool-751-thread-1] INFO  server.RaftServerConfigKeys (ConfUtils.java:logGet(43)) - raft.server.notification.no-leader.timeout = 2s (custom)
2019-11-15 13:01:35,751 [pool-751-thread-1] INFO  server.RaftServerConfigKeys (ConfUtils.java:logGet(43)) - raft.server.log.use.memory = false (default)
2019-11-15 13:01:35,751 [pool-751-thread-1] INFO  server.RaftServerConfigKeys (ConfUtils.java:logGet(43)) - raft.server.log.purge.gap = 50 (custom)
2019-11-15 13:01:35,752 [pool-751-thread-1] INFO  server.RaftServerConfigKeys (ConfUtils.java:logGet(43)) - raft.server.log.appender.buffer.byte-limit = 33554432 (custom)
2019-11-15 13:01:35,752 [pool-751-thread-1] INFO  server.RaftServerConfigKeys (ConfUtils.java:logGet(43)) - raft.server.log.segment.size.max = 16384 (custom)
2019-11-15 13:01:35,752 [pool-751-thread-1] INFO  server.RaftServerConfigKeys (ConfUtils.java:logGet(43)) - raft.server.log.segment.cache.num.max = 2 (custom)
2019-11-15 13:01:35,752 [pool-751-thread-1] INFO  segmented.SegmentedRaftLogWorker (SegmentedRaftLogWorker.java:<init>(173)) - new omNode-1@group-523986131536-SegmentedRaftLogWorker for RaftStorage:Storage Directory /workdir/hadoop-ozone/integration-test/target/test-dir/MiniOzoneClusterImpl-8dc4e64a-e7f2-467c-840f-7d8b418ee89f/omNode-1/ratis/c9bc4cf4-3bc3-3c60-a66b-523986131536
2019-11-15 13:01:35,752 [pool-751-thread-1] INFO  server.RaftServerConfigKeys (ConfUtils.java:logGet(43)) - raft.server.log.queue.byte-limit = 64MB (=67108864) (default)
2019-11-15 13:01:35,752 [pool-751-thread-1] INFO  server.RaftServerConfigKeys (ConfUtils.java:logGet(43)) - raft.server.log.queue.element-limit = 4096 (default)
2019-11-15 13:01:35,752 [pool-751-thread-1] INFO  server.RaftServerConfigKeys (ConfUtils.java:logGet(43)) - raft.server.log.segment.size.max = 16384 (custom)
2019-11-15 13:01:35,753 [pool-751-thread-1] INFO  server.RaftServerConfigKeys (ConfUtils.java:logGet(43)) - raft.server.log.preallocated.size = 16384 (custom)
2019-11-15 13:01:35,753 [pool-751-thread-1] INFO  server.RaftServerConfigKeys (ConfUtils.java:logGet(43)) - raft.server.log.write.buffer.size = 64KB (=65536) (default)
2019-11-15 13:01:35,753 [pool-751-thread-1] INFO  server.RaftServerConfigKeys (ConfUtils.java:logGet(43)) - raft.server.log.force.sync.num = 128 (default)
2019-11-15 13:01:35,753 [pool-751-thread-1] INFO  server.RaftServerConfigKeys (ConfUtils.java:logGet(43)) - raft.server.log.statemachine.data.sync = true (default)
2019-11-15 13:01:35,753 [pool-751-thread-1] INFO  server.RaftServerConfigKeys (ConfUtils.java:logGet(43)) - raft.server.log.statemachine.data.sync.timeout = 10s (default)
2019-11-15 13:01:35,753 [pool-751-thread-1] INFO  server.RaftServerConfigKeys (ConfUtils.java:logGet(43)) - raft.server.log.statemachine.data.sync.timeout.retry = -1 (default)
2019-11-15 13:01:35,754 [pool-751-thread-1] INFO  server.RaftServerConfigKeys (ConfUtils.java:logGet(43)) - raft.server.log.statemachine.data.caching.enabled = false (default)
2019-11-15 13:01:35,754 [pool-751-thread-1] INFO  segmented.SegmentedRaftLogWorker (SegmentedRaftLogWorker.java:lambda$new$0(128)) - omNode-1@group-523986131536-SegmentedRaftLogWorker: flushIndex: setUnconditionally 0 -> -1
2019-11-15 13:01:35,754 [pool-751-thread-1] INFO  server.RaftServerConfigKeys (ConfUtils.java:logGet(43)) - raft.server.snapshot.auto.trigger.enabled = true (custom)
2019-11-15 13:01:35,755 [pool-751-thread-1] INFO  server.RaftServerConfigKeys (ConfUtils.java:logGet(43)) - raft.server.snapshot.auto.trigger.threshold = 50 (custom)
2019-11-15 13:01:35,755 [pool-751-thread-1] INFO  server.RaftServerConfigKeys (ConfUtils.java:logGet(43)) - raft.server.snapshot.retention.file.num = -1 (default)
2019-11-15 13:01:35,755 [pool-751-thread-1] INFO  server.RaftServerConfigKeys (ConfUtils.java:logGet(43)) - raft.server.retrycache.expirytime = 600000ms (custom)
2019-11-15 13:01:35,757 [Thread-3499] INFO  impl.RaftServerImpl (RaftServerImpl.java:start(184)) - omNode-1@group-523986131536: start as a follower, conf=-1: [omNode-3:localhost:11992, omNode-1:localhost:11980, omNode-2:localhost:11986], old=null
2019-11-15 13:01:35,757 [Thread-3499] INFO  impl.RaftServerImpl (RaftServerImpl.java:setRole(173)) - omNode-1@group-523986131536: changes role from      null to FOLLOWER at term 0 for startAsFollower
2019-11-15 13:01:35,757 [Thread-3499] INFO  impl.RoleInfo (RoleInfo.java:updateAndGet(143)) - omNode-1: start FollowerState
2019-11-15 13:01:35,758 [Thread-3499] INFO  util.JmxRegister (JmxRegister.java:tryRegister(44)) - Successfully registered JMX Bean with object name Ratis:service=RaftServer,group=group-523986131536,id=omNode-1
2019-11-15 13:01:35,758 [Thread-3499] INFO  impl.RaftServerProxy (RaftServerProxy.java:lambda$start$3(299)) - omNode-1: start RPC server
2019-11-15 13:01:35,760 [Thread-3499] INFO  server.GrpcService (GrpcService.java:startImpl(158)) - omNode-1: GrpcService started, listening on 0.0.0.0/0.0.0.0:11980
2019-11-15 13:01:35,762 [IPC Server Responder] INFO  ipc.Server (Server.java:run(1314)) - IPC Server Responder: starting
2019-11-15 13:01:35,764 [IPC Server listener on 11976] INFO  ipc.Server (Server.java:run(1153)) - IPC Server listener on 11976: starting
2019-11-15 13:01:35,771 [Thread-3499] INFO  hdfs.DFSUtil (DFSUtil.java:httpServerTemplateForNNAndJN(1641)) - Starting Web-server for ozoneManager at: http://0.0.0.0:11978
2019-11-15 13:01:35,772 [Thread-3499] INFO  server.AuthenticationFilter (AuthenticationFilter.java:constructSecretProvider(240)) - Unable to initialize FileSignerSecretProvider, falling back to use random secrets.
2019-11-15 13:01:35,773 [Thread-3499] WARN  http.HttpRequestLog (HttpRequestLog.java:getRequestLog(97)) - Jetty request log can only be enabled using Log4j
2019-11-15 13:01:35,774 [Thread-3499] INFO  http.HttpServer2 (HttpServer2.java:addGlobalFilter(975)) - Added global filter 'safety' (class=org.apache.hadoop.http.HttpServer2$QuotingInputFilter)
2019-11-15 13:01:35,775 [Thread-3499] INFO  http.HttpServer2 (HttpServer2.java:addFilter(948)) - Added filter static_user_filter (class=org.apache.hadoop.http.lib.StaticUserWebFilter$StaticUserFilter) to context ozoneManager
2019-11-15 13:01:35,775 [Thread-3499] INFO  http.HttpServer2 (HttpServer2.java:addFilter(958)) - Added filter static_user_filter (class=org.apache.hadoop.http.lib.StaticUserWebFilter$StaticUserFilter) to context logs
2019-11-15 13:01:35,775 [Thread-3499] INFO  http.HttpServer2 (HttpServer2.java:addFilter(958)) - Added filter static_user_filter (class=org.apache.hadoop.http.lib.StaticUserWebFilter$StaticUserFilter) to context static
2019-11-15 13:01:35,776 [Thread-3499] INFO  http.HttpServer2 (HttpServer2.java:bindListener(1191)) - Jetty bound to port 11978
2019-11-15 13:01:35,776 [Thread-3499] INFO  server.Server (Server.java:doStart(351)) - jetty-9.3.25.v20180904, build timestamp: 2018-09-04T21:11:46Z, git hash: 3ce520221d0240229c862b122d2b06c12a625732
2019-11-15 13:01:35,778 [Thread-3499] INFO  handler.ContextHandler (ContextHandler.java:doStart(781)) - Started o.e.j.s.ServletContextHandler@1aeaf20a{/logs,file:///workdir/hadoop-ozone/integration-test/target/log,AVAILABLE}
2019-11-15 13:01:35,778 [Thread-3499] INFO  handler.ContextHandler (ContextHandler.java:doStart(781)) - Started o.e.j.s.ServletContextHandler@e94b676{/static,file:///workdir/hadoop-ozone/integration-test/target/test-classes/webapps/static,AVAILABLE}
2019-11-15 13:01:35,782 [Thread-3499] INFO  handler.ContextHandler (ContextHandler.java:doStart(781)) - Started o.e.j.w.WebAppContext@152d48b5{/,file:///workdir/hadoop-ozone/integration-test/target/test-classes/webapps/ozoneManager/,AVAILABLE}{/ozoneManager}
2019-11-15 13:01:35,782 [Thread-3499] INFO  server.AbstractConnector (AbstractConnector.java:doStart(278)) - Started ServerConnector@5f97da32{HTTP/1.1,[http/1.1]}{0.0.0.0:11978}
2019-11-15 13:01:35,782 [Thread-3499] INFO  server.Server (Server.java:doStart(419)) - Started @246603ms
2019-11-15 13:01:35,784 [Thread-3499] WARN  impl.MetricsSystemImpl (MetricsSystemImpl.java:register(276)) - Sink prometheus already exists!
2019-11-15 13:01:35,785 [Thread-3499] INFO  server.BaseHttpServer (BaseHttpServer.java:updateConnectorAddress(215)) - HTTP server of OZONEMANAGER is listening at http://0.0.0.0:11978
2019-11-15 13:01:35,785 [Thread-3499] INFO  ozone.MiniOzoneHAClusterImpl (MiniOzoneHAClusterImpl.java:createOMService(274)) - Started OzoneManager RPC server at localhost/127.0.0.1:11976
2019-11-15 13:01:35,786 [Thread-3499] WARN  server.ServerUtils (ServerUtils.java:getDBPath(222)) - ozone.om.db.dirs is not configured. We recommend adding this setting. Falling back to ozone.metadata.dirs instead.
2019-11-15 13:01:35,810 [Thread-3499] INFO  ha.OMHANodeDetails (OMHANodeDetails.java:loadOMHAConfig(165)) - Found matching OM address with OMServiceId: om-service-test1, OMNodeId: omNode-2, RPC Address: localhost:11982 and Ratis port: 11986
2019-11-15 13:01:35,810 [Thread-3499] INFO  ha.OMHANodeDetails (OMHANodeDetails.java:setOMNodeSpecificConfigs(298)) - Setting configuration key ozone.om.http-address with value of key ozone.om.http-address.omNode-2: 127.0.0.1:11984
2019-11-15 13:01:35,810 [Thread-3499] INFO  ha.OMHANodeDetails (OMHANodeDetails.java:setOMNodeSpecificConfigs(298)) - Setting configuration key ozone.om.https-address with value of key ozone.om.https-address.omNode-2: 127.0.0.1:11985
2019-11-15 13:01:35,810 [Thread-3499] INFO  ha.OMHANodeDetails (OMHANodeDetails.java:setOMNodeSpecificConfigs(298)) - Setting configuration key ozone.om.address with value of key ozone.om.address.omNode-2: 127.0.0.1:11982
2019-11-15 13:01:35,811 [Thread-3499] WARN  server.ServerUtils (ServerUtils.java:getDBPath(222)) - ozone.om.db.dirs is not configured. We recommend adding this setting. Falling back to ozone.metadata.dirs instead.
2019-11-15 13:01:35,811 [Thread-3499] WARN  server.ServerUtils (ServerUtils.java:getDBPath(222)) - ozone.om.db.dirs is not configured. We recommend adding this setting. Falling back to ozone.metadata.dirs instead.
2019-11-15 13:01:35,818 [Thread-3499] WARN  server.ServerUtils (ServerUtils.java:getDBPath(222)) - ozone.om.db.dirs is not configured. We recommend adding this setting. Falling back to ozone.metadata.dirs instead.
2019-11-15 13:01:35,819 [Thread-3499] INFO  db.DBStoreBuilder (DBStoreBuilder.java:addTable(127)) - using custom profile for table: userTable
2019-11-15 13:01:35,819 [Thread-3499] INFO  db.DBStoreBuilder (DBStoreBuilder.java:processTables(183)) - Using default column profile:DBProfile.DISK for Table:userTable
2019-11-15 13:01:35,819 [Thread-3499] INFO  db.DBStoreBuilder (DBStoreBuilder.java:addTable(127)) - using custom profile for table: volumeTable
2019-11-15 13:01:35,819 [Thread-3499] INFO  db.DBStoreBuilder (DBStoreBuilder.java:processTables(183)) - Using default column profile:DBProfile.DISK for Table:volumeTable
2019-11-15 13:01:35,820 [Thread-3499] INFO  db.DBStoreBuilder (DBStoreBuilder.java:addTable(127)) - using custom profile for table: bucketTable
2019-11-15 13:01:35,820 [Thread-3499] INFO  db.DBStoreBuilder (DBStoreBuilder.java:processTables(183)) - Using default column profile:DBProfile.DISK for Table:bucketTable
2019-11-15 13:01:35,820 [Thread-3499] INFO  db.DBStoreBuilder (DBStoreBuilder.java:addTable(127)) - using custom profile for table: keyTable
2019-11-15 13:01:35,820 [Thread-3499] INFO  db.DBStoreBuilder (DBStoreBuilder.java:processTables(183)) - Using default column profile:DBProfile.DISK for Table:keyTable
2019-11-15 13:01:35,821 [Thread-3499] INFO  db.DBStoreBuilder (DBStoreBuilder.java:addTable(127)) - using custom profile for table: deletedTable
2019-11-15 13:01:35,821 [Thread-3499] INFO  db.DBStoreBuilder (DBStoreBuilder.java:processTables(183)) - Using default column profile:DBProfile.DISK for Table:deletedTable
2019-11-15 13:01:35,821 [Thread-3499] INFO  db.DBStoreBuilder (DBStoreBuilder.java:addTable(127)) - using custom profile for table: openKeyTable
2019-11-15 13:01:35,821 [Thread-3499] INFO  db.DBStoreBuilder (DBStoreBuilder.java:processTables(183)) - Using default column profile:DBProfile.DISK for Table:openKeyTable
2019-11-15 13:01:35,822 [Thread-3499] INFO  db.DBStoreBuilder (DBStoreBuilder.java:addTable(127)) - using custom profile for table: s3Table
2019-11-15 13:01:35,822 [Thread-3499] INFO  db.DBStoreBuilder (DBStoreBuilder.java:processTables(183)) - Using default column profile:DBProfile.DISK for Table:s3Table
2019-11-15 13:01:35,822 [Thread-3499] INFO  db.DBStoreBuilder (DBStoreBuilder.java:addTable(127)) - using custom profile for table: multipartInfoTable
2019-11-15 13:01:35,822 [Thread-3499] INFO  db.DBStoreBuilder (DBStoreBuilder.java:processTables(183)) - Using default column profile:DBProfile.DISK for Table:multipartInfoTable
2019-11-15 13:01:35,823 [Thread-3499] INFO  db.DBStoreBuilder (DBStoreBuilder.java:addTable(127)) - using custom profile for table: dTokenTable
2019-11-15 13:01:35,823 [Thread-3499] INFO  db.DBStoreBuilder (DBStoreBuilder.java:processTables(183)) - Using default column profile:DBProfile.DISK for Table:dTokenTable
2019-11-15 13:01:35,823 [Thread-3499] INFO  db.DBStoreBuilder (DBStoreBuilder.java:addTable(127)) - using custom profile for table: s3SecretTable
2019-11-15 13:01:35,823 [Thread-3499] INFO  db.DBStoreBuilder (DBStoreBuilder.java:processTables(183)) - Using default column profile:DBProfile.DISK for Table:s3SecretTable
2019-11-15 13:01:35,824 [Thread-3499] INFO  db.DBStoreBuilder (DBStoreBuilder.java:addTable(127)) - using custom profile for table: prefixTable
2019-11-15 13:01:35,824 [Thread-3499] INFO  db.DBStoreBuilder (DBStoreBuilder.java:processTables(183)) - Using default column profile:DBProfile.DISK for Table:prefixTable
2019-11-15 13:01:35,824 [Thread-3499] INFO  db.DBStoreBuilder (DBStoreBuilder.java:addTable(127)) - using custom profile for table: default
2019-11-15 13:01:35,824 [Thread-3499] INFO  db.DBStoreBuilder (DBStoreBuilder.java:processTables(189)) - Using default column profile:DBProfile.DISK for Table:default
2019-11-15 13:01:35,824 [Thread-3499] INFO  db.DBStoreBuilder (DBStoreBuilder.java:getDbProfile(220)) - Using default options. DBProfile.DISK
2019-11-15 13:01:36,499 [Thread-3499] WARN  scm.HddsServerUtil (HddsServerUtil.java:getDefaultRatisDirectory(354)) - Storage directory for Ratis is not configured. It is a good idea to map this to an SSD disk. Falling back to ozone.metadata.dirs
2019-11-15 13:01:36,500 [Thread-3499] INFO  ratis.OzoneManagerRatisServer (OzoneManagerRatisServer.java:<init>(243)) - Instantiating OM Ratis server with GroupID: om-service-test1 and Raft Peers: localhost:11986, localhost:11980, localhost:11992
2019-11-15 13:01:36,500 [Thread-3499] INFO  impl.RaftServerProxy (ConfUtils.java:logGet(43)) - raft.rpc.type = GRPC (default)
2019-11-15 13:01:36,501 [Thread-3499] INFO  grpc.GrpcFactory (GrpcFactory.java:checkPooledByteBufAllocatorUseCacheForAllThreads(45)) - PERFORMANCE WARNING: useCacheForAllThreads is true that may cause Netty to create a lot garbage objects and, as a result, trigger GC.
	It is recommended to disable useCacheForAllThreads by setting -Dorg.apache.ratis.thirdparty.io.netty.allocator.useCacheForAllThreads=false in command line.
2019-11-15 13:01:36,501 [Thread-3499] INFO  grpc.GrpcConfigKeys$Server (ConfUtils.java:logGet(43)) - raft.grpc.server.port = 11986 (custom)
2019-11-15 13:01:36,501 [Thread-3499] INFO  server.GrpcService (ConfUtils.java:logGet(43)) - raft.grpc.message.size.max = 33554432 (custom)
2019-11-15 13:01:36,502 [Thread-3499] INFO  server.RaftServerConfigKeys (ConfUtils.java:logGet(43)) - raft.server.log.appender.buffer.byte-limit = 33554432 (custom)
2019-11-15 13:01:36,502 [Thread-3499] INFO  server.GrpcService (ConfUtils.java:logGet(43)) - raft.grpc.flow.control.window = 1MB (=1048576) (default)
2019-11-15 13:01:36,502 [Thread-3499] INFO  server.RaftServerConfigKeys (ConfUtils.java:logGet(43)) - raft.server.rpc.request.timeout = 3000ms (default)
2019-11-15 13:01:36,503 [Thread-3499] INFO  server.RaftServerConfigKeys (ConfUtils.java:logGet(43)) - raft.server.storage.dir = [/workdir/hadoop-ozone/integration-test/target/test-dir/MiniOzoneClusterImpl-8dc4e64a-e7f2-467c-840f-7d8b418ee89f/omNode-2/ratis] (custom)
2019-11-15 13:01:36,503 [Thread-3499] INFO  impl.RaftServerProxy (RaftServerProxy.java:addNew(89)) - omNode-2: addNew group-523986131536:[omNode-3:localhost:11992, omNode-1:localhost:11980, omNode-2:localhost:11986] returns group-523986131536:java.util.concurrent.CompletableFuture@2223c92b[Not completed]
2019-11-15 13:01:36,504 [pool-767-thread-1] INFO  impl.RaftServerImpl (RaftServerImpl.java:<init>(98)) - omNode-2: new RaftServerImpl for group-523986131536:[omNode-3:localhost:11992, omNode-1:localhost:11980, omNode-2:localhost:11986] with OzoneManagerStateMachine:uninitialized
2019-11-15 13:01:36,504 [pool-767-thread-1] INFO  server.RaftServerConfigKeys (ConfUtils.java:logGet(43)) - raft.server.rpc.timeout.min = 1s (custom)
2019-11-15 13:01:36,504 [Thread-3499] INFO  om.OzoneManager (OzoneManager.java:initializeRatisServer(1223)) - OzoneManager Ratis server initialized at port 11986
2019-11-15 13:01:36,504 [pool-767-thread-1] INFO  server.RaftServerConfigKeys (ConfUtils.java:logGet(43)) - raft.server.rpc.timeout.max = 1200ms (custom)
2019-11-15 13:01:36,504 [Thread-3499] WARN  scm.HddsServerUtil (HddsServerUtil.java:getDefaultRatisDirectory(354)) - Storage directory for Ratis is not configured. It is a good idea to map this to an SSD disk. Falling back to ozone.metadata.dirs
2019-11-15 13:01:36,504 [pool-767-thread-1] INFO  server.RaftServerConfigKeys (ConfUtils.java:logGet(43)) - raft.server.rpcslowness.timeout = 2s (custom)
2019-11-15 13:01:36,505 [pool-767-thread-1] INFO  server.RaftServerConfigKeys (ConfUtils.java:logGet(43)) - raft.server.sleep.deviation.threshold = 300 (default)
2019-11-15 13:01:36,505 [Thread-3499] WARN  scm.HddsServerUtil (HddsServerUtil.java:getDefaultRatisDirectory(354)) - Storage directory for Ratis is not configured. It is a good idea to map this to an SSD disk. Falling back to ozone.metadata.dirs
2019-11-15 13:01:36,505 [pool-767-thread-1] INFO  server.RaftServerConfigKeys (ConfUtils.java:logGet(43)) - raft.server.log.appender.install.snapshot.enabled = false (custom)
2019-11-15 13:01:36,505 [pool-767-thread-1] INFO  impl.RaftServerImpl (ServerState.java:<init>(103)) - omNode-2@group-523986131536: ConfigurationManager, init=-1: [omNode-3:localhost:11992, omNode-1:localhost:11980, omNode-2:localhost:11986], old=null, confs=<EMPTY_MAP>
2019-11-15 13:01:36,505 [Thread-3499] INFO  snapshot.OzoneManagerSnapshotProvider (OzoneManagerSnapshotProvider.java:<init>(81)) - Initializing OM Snapshot Provider
2019-11-15 13:01:36,505 [pool-767-thread-1] INFO  server.RaftServerConfigKeys (ConfUtils.java:logGet(43)) - raft.server.storage.dir = [/workdir/hadoop-ozone/integration-test/target/test-dir/MiniOzoneClusterImpl-8dc4e64a-e7f2-467c-840f-7d8b418ee89f/omNode-2/ratis] (custom)
2019-11-15 13:01:36,506 [pool-767-thread-1] INFO  server.RaftServerConfigKeys (ConfUtils.java:logGet(43)) - raft.server.log.corruption.policy = EXCEPTION (default)
2019-11-15 13:01:36,506 [pool-767-thread-1] INFO  storage.RaftStorageDirectory (RaftStorageDirectory.java:analyzeStorage(246)) - The storage directory /workdir/hadoop-ozone/integration-test/target/test-dir/MiniOzoneClusterImpl-8dc4e64a-e7f2-467c-840f-7d8b418ee89f/omNode-2/ratis/c9bc4cf4-3bc3-3c60-a66b-523986131536 does not exist. Creating ...
2019-11-15 13:01:36,507 [Thread-3499] INFO  ipc.CallQueueManager (CallQueueManager.java:<init>(84)) - Using callQueue: class java.util.concurrent.LinkedBlockingQueue, queueCapacity: 2000, scheduler: class org.apache.hadoop.ipc.DefaultRpcScheduler, ipcBackoff: false.
2019-11-15 13:01:36,508 [Socket Reader #1 for port 11982] INFO  ipc.Server (Server.java:run(1074)) - Starting Socket Reader #1 for port 11982
2019-11-15 13:01:36,525 [Thread-3499] INFO  om.OzoneManager (OzoneManager.java:start(1077)) - OzoneManager RPC server is listening at localhost/127.0.0.1:11982
2019-11-15 13:01:36,525 [Thread-3499] INFO  impl.MetricsSystemImpl (MetricsSystemImpl.java:init(158)) - OzoneManager metrics system started (again)
2019-11-15 13:01:36,525 [Thread-3499] INFO  ratis.OzoneManagerRatisServer (OzoneManagerRatisServer.java:start(333)) - Starting OzoneManagerRatisServer omNode-2 at port 11986
2019-11-15 13:01:36,530 [pool-767-thread-1] INFO  storage.RaftStorageDirectory (RaftStorageDirectory.java:tryLock(328)) - Lock on /workdir/hadoop-ozone/integration-test/target/test-dir/MiniOzoneClusterImpl-8dc4e64a-e7f2-467c-840f-7d8b418ee89f/omNode-2/ratis/c9bc4cf4-3bc3-3c60-a66b-523986131536/in_use.lock acquired by nodename 22752@pr-hdds-2448-del-container-94542-2491966341
2019-11-15 13:01:36,562 [pool-767-thread-1] INFO  storage.RaftStorage (RaftStorage.java:format(84)) - Storage directory /workdir/hadoop-ozone/integration-test/target/test-dir/MiniOzoneClusterImpl-8dc4e64a-e7f2-467c-840f-7d8b418ee89f/omNode-2/ratis/c9bc4cf4-3bc3-3c60-a66b-523986131536 has been successfully formatted.
2019-11-15 13:01:36,562 [pool-767-thread-1] INFO  server.RaftServerConfigKeys (ConfUtils.java:logGet(43)) - raft.server.notification.no-leader.timeout = 2s (custom)
2019-11-15 13:01:36,562 [pool-767-thread-1] INFO  server.RaftServerConfigKeys (ConfUtils.java:logGet(43)) - raft.server.log.use.memory = false (default)
2019-11-15 13:01:36,563 [pool-767-thread-1] INFO  server.RaftServerConfigKeys (ConfUtils.java:logGet(43)) - raft.server.log.purge.gap = 50 (custom)
2019-11-15 13:01:36,563 [pool-767-thread-1] INFO  server.RaftServerConfigKeys (ConfUtils.java:logGet(43)) - raft.server.log.appender.buffer.byte-limit = 33554432 (custom)
2019-11-15 13:01:36,563 [pool-767-thread-1] INFO  server.RaftServerConfigKeys (ConfUtils.java:logGet(43)) - raft.server.log.segment.size.max = 16384 (custom)
2019-11-15 13:01:36,563 [pool-767-thread-1] INFO  server.RaftServerConfigKeys (ConfUtils.java:logGet(43)) - raft.server.log.segment.cache.num.max = 2 (custom)
2019-11-15 13:01:36,563 [pool-767-thread-1] INFO  segmented.SegmentedRaftLogWorker (SegmentedRaftLogWorker.java:<init>(173)) - new omNode-2@group-523986131536-SegmentedRaftLogWorker for RaftStorage:Storage Directory /workdir/hadoop-ozone/integration-test/target/test-dir/MiniOzoneClusterImpl-8dc4e64a-e7f2-467c-840f-7d8b418ee89f/omNode-2/ratis/c9bc4cf4-3bc3-3c60-a66b-523986131536
2019-11-15 13:01:36,564 [pool-767-thread-1] INFO  server.RaftServerConfigKeys (ConfUtils.java:logGet(43)) - raft.server.log.queue.byte-limit = 64MB (=67108864) (default)
2019-11-15 13:01:36,564 [pool-767-thread-1] INFO  server.RaftServerConfigKeys (ConfUtils.java:logGet(43)) - raft.server.log.queue.element-limit = 4096 (default)
2019-11-15 13:01:36,564 [pool-767-thread-1] INFO  server.RaftServerConfigKeys (ConfUtils.java:logGet(43)) - raft.server.log.segment.size.max = 16384 (custom)
2019-11-15 13:01:36,564 [pool-767-thread-1] INFO  server.RaftServerConfigKeys (ConfUtils.java:logGet(43)) - raft.server.log.preallocated.size = 16384 (custom)
2019-11-15 13:01:36,564 [pool-767-thread-1] INFO  server.RaftServerConfigKeys (ConfUtils.java:logGet(43)) - raft.server.log.write.buffer.size = 64KB (=65536) (default)
2019-11-15 13:01:36,564 [pool-767-thread-1] INFO  server.RaftServerConfigKeys (ConfUtils.java:logGet(43)) - raft.server.log.force.sync.num = 128 (default)
2019-11-15 13:01:36,565 [pool-767-thread-1] INFO  server.RaftServerConfigKeys (ConfUtils.java:logGet(43)) - raft.server.log.statemachine.data.sync = true (default)
2019-11-15 13:01:36,565 [pool-767-thread-1] INFO  server.RaftServerConfigKeys (ConfUtils.java:logGet(43)) - raft.server.log.statemachine.data.sync.timeout = 10s (default)
2019-11-15 13:01:36,565 [pool-767-thread-1] INFO  server.RaftServerConfigKeys (ConfUtils.java:logGet(43)) - raft.server.log.statemachine.data.sync.timeout.retry = -1 (default)
2019-11-15 13:01:36,565 [pool-767-thread-1] INFO  server.RaftServerConfigKeys (ConfUtils.java:logGet(43)) - raft.server.log.statemachine.data.caching.enabled = false (default)
2019-11-15 13:01:36,565 [pool-767-thread-1] INFO  segmented.SegmentedRaftLogWorker (SegmentedRaftLogWorker.java:lambda$new$0(128)) - omNode-2@group-523986131536-SegmentedRaftLogWorker: flushIndex: setUnconditionally 0 -> -1
2019-11-15 13:01:36,566 [pool-767-thread-1] INFO  server.RaftServerConfigKeys (ConfUtils.java:logGet(43)) - raft.server.snapshot.auto.trigger.enabled = true (custom)
2019-11-15 13:01:36,566 [pool-767-thread-1] INFO  server.RaftServerConfigKeys (ConfUtils.java:logGet(43)) - raft.server.snapshot.auto.trigger.threshold = 50 (custom)
2019-11-15 13:01:36,566 [pool-767-thread-1] INFO  server.RaftServerConfigKeys (ConfUtils.java:logGet(43)) - raft.server.snapshot.retention.file.num = -1 (default)
2019-11-15 13:01:36,566 [pool-767-thread-1] INFO  server.RaftServerConfigKeys (ConfUtils.java:logGet(43)) - raft.server.retrycache.expirytime = 600000ms (custom)
2019-11-15 13:01:36,572 [Thread-3499] INFO  impl.RaftServerImpl (RaftServerImpl.java:start(184)) - omNode-2@group-523986131536: start as a follower, conf=-1: [omNode-3:localhost:11992, omNode-1:localhost:11980, omNode-2:localhost:11986], old=null
2019-11-15 13:01:36,572 [Thread-3499] INFO  impl.RaftServerImpl (RaftServerImpl.java:setRole(173)) - omNode-2@group-523986131536: changes role from      null to FOLLOWER at term 0 for startAsFollower
2019-11-15 13:01:36,572 [Thread-3499] INFO  impl.RoleInfo (RoleInfo.java:updateAndGet(143)) - omNode-2: start FollowerState
2019-11-15 13:01:36,576 [Thread-3499] INFO  util.JmxRegister (JmxRegister.java:tryRegister(44)) - Successfully registered JMX Bean with object name Ratis:service=RaftServer,group=group-523986131536,id=omNode-2
2019-11-15 13:01:36,576 [Thread-3499] INFO  impl.RaftServerProxy (RaftServerProxy.java:lambda$start$3(299)) - omNode-2: start RPC server
2019-11-15 13:01:36,584 [Thread-3499] INFO  server.GrpcService (GrpcService.java:startImpl(158)) - omNode-2: GrpcService started, listening on 0.0.0.0/0.0.0.0:11986
2019-11-15 13:01:36,587 [IPC Server Responder] INFO  ipc.Server (Server.java:run(1314)) - IPC Server Responder: starting
2019-11-15 13:01:36,588 [IPC Server listener on 11982] INFO  ipc.Server (Server.java:run(1153)) - IPC Server listener on 11982: starting
2019-11-15 13:01:36,595 [Thread-3499] INFO  hdfs.DFSUtil (DFSUtil.java:httpServerTemplateForNNAndJN(1641)) - Starting Web-server for ozoneManager at: http://0.0.0.0:11984
2019-11-15 13:01:36,597 [Thread-3499] INFO  server.AuthenticationFilter (AuthenticationFilter.java:constructSecretProvider(240)) - Unable to initialize FileSignerSecretProvider, falling back to use random secrets.
2019-11-15 13:01:36,598 [Thread-3499] WARN  http.HttpRequestLog (HttpRequestLog.java:getRequestLog(97)) - Jetty request log can only be enabled using Log4j
2019-11-15 13:01:36,600 [Thread-3499] INFO  http.HttpServer2 (HttpServer2.java:addGlobalFilter(975)) - Added global filter 'safety' (class=org.apache.hadoop.http.HttpServer2$QuotingInputFilter)
2019-11-15 13:01:36,600 [Thread-3499] INFO  http.HttpServer2 (HttpServer2.java:addFilter(948)) - Added filter static_user_filter (class=org.apache.hadoop.http.lib.StaticUserWebFilter$StaticUserFilter) to context ozoneManager
2019-11-15 13:01:36,601 [Thread-3499] INFO  http.HttpServer2 (HttpServer2.java:addFilter(958)) - Added filter static_user_filter (class=org.apache.hadoop.http.lib.StaticUserWebFilter$StaticUserFilter) to context static
2019-11-15 13:01:36,601 [Thread-3499] INFO  http.HttpServer2 (HttpServer2.java:addFilter(958)) - Added filter static_user_filter (class=org.apache.hadoop.http.lib.StaticUserWebFilter$StaticUserFilter) to context logs
2019-11-15 13:01:36,602 [Thread-3499] INFO  http.HttpServer2 (HttpServer2.java:bindListener(1191)) - Jetty bound to port 11984
2019-11-15 13:01:36,602 [Thread-3499] INFO  server.Server (Server.java:doStart(351)) - jetty-9.3.25.v20180904, build timestamp: 2018-09-04T21:11:46Z, git hash: 3ce520221d0240229c862b122d2b06c12a625732
2019-11-15 13:01:36,604 [Thread-3499] INFO  handler.ContextHandler (ContextHandler.java:doStart(781)) - Started o.e.j.s.ServletContextHandler@6587b001{/logs,file:///workdir/hadoop-ozone/integration-test/target/log,AVAILABLE}
2019-11-15 13:01:36,604 [Thread-3499] INFO  handler.ContextHandler (ContextHandler.java:doStart(781)) - Started o.e.j.s.ServletContextHandler@bc6fd07{/static,file:///workdir/hadoop-ozone/integration-test/target/test-classes/webapps/static,AVAILABLE}
2019-11-15 13:01:36,609 [Thread-3499] INFO  handler.ContextHandler (ContextHandler.java:doStart(781)) - Started o.e.j.w.WebAppContext@5df2e11b{/,file:///workdir/hadoop-ozone/integration-test/target/test-classes/webapps/ozoneManager/,AVAILABLE}{/ozoneManager}
2019-11-15 13:01:36,610 [Thread-3499] INFO  server.AbstractConnector (AbstractConnector.java:doStart(278)) - Started ServerConnector@3104ae5b{HTTP/1.1,[http/1.1]}{0.0.0.0:11984}
2019-11-15 13:01:36,610 [Thread-3499] INFO  server.Server (Server.java:doStart(419)) - Started @247431ms
2019-11-15 13:01:36,611 [Thread-3499] WARN  impl.MetricsSystemImpl (MetricsSystemImpl.java:register(276)) - Sink prometheus already exists!
2019-11-15 13:01:36,612 [Thread-3499] INFO  server.BaseHttpServer (BaseHttpServer.java:updateConnectorAddress(215)) - HTTP server of OZONEMANAGER is listening at http://0.0.0.0:11984
2019-11-15 13:01:36,612 [Thread-3499] INFO  ozone.MiniOzoneHAClusterImpl (MiniOzoneHAClusterImpl.java:createOMService(274)) - Started OzoneManager RPC server at localhost/127.0.0.1:11982
2019-11-15 13:01:36,613 [Thread-3499] WARN  server.ServerUtils (ServerUtils.java:getDBPath(222)) - ozone.om.db.dirs is not configured. We recommend adding this setting. Falling back to ozone.metadata.dirs instead.
2019-11-15 13:01:36,639 [Thread-3499] INFO  ha.OMHANodeDetails (OMHANodeDetails.java:loadOMHAConfig(165)) - Found matching OM address with OMServiceId: om-service-test1, OMNodeId: omNode-3, RPC Address: localhost:11988 and Ratis port: 11992
2019-11-15 13:01:36,639 [Thread-3499] INFO  ha.OMHANodeDetails (OMHANodeDetails.java:setOMNodeSpecificConfigs(298)) - Setting configuration key ozone.om.http-address with value of key ozone.om.http-address.omNode-3: 127.0.0.1:11990
2019-11-15 13:01:36,639 [Thread-3499] INFO  ha.OMHANodeDetails (OMHANodeDetails.java:setOMNodeSpecificConfigs(298)) - Setting configuration key ozone.om.https-address with value of key ozone.om.https-address.omNode-3: 127.0.0.1:11991
2019-11-15 13:01:36,639 [Thread-3499] INFO  ha.OMHANodeDetails (OMHANodeDetails.java:setOMNodeSpecificConfigs(298)) - Setting configuration key ozone.om.address with value of key ozone.om.address.omNode-3: 127.0.0.1:11988
2019-11-15 13:01:36,639 [Thread-3499] WARN  server.ServerUtils (ServerUtils.java:getDBPath(222)) - ozone.om.db.dirs is not configured. We recommend adding this setting. Falling back to ozone.metadata.dirs instead.
2019-11-15 13:01:36,640 [Thread-3499] WARN  server.ServerUtils (ServerUtils.java:getDBPath(222)) - ozone.om.db.dirs is not configured. We recommend adding this setting. Falling back to ozone.metadata.dirs instead.
2019-11-15 13:01:36,644 [Thread-3499] WARN  server.ServerUtils (ServerUtils.java:getDBPath(222)) - ozone.om.db.dirs is not configured. We recommend adding this setting. Falling back to ozone.metadata.dirs instead.
2019-11-15 13:01:36,644 [Thread-3499] INFO  db.DBStoreBuilder (DBStoreBuilder.java:addTable(127)) - using custom profile for table: userTable
2019-11-15 13:01:36,645 [Thread-3499] INFO  db.DBStoreBuilder (DBStoreBuilder.java:processTables(183)) - Using default column profile:DBProfile.DISK for Table:userTable
2019-11-15 13:01:36,645 [Thread-3499] INFO  db.DBStoreBuilder (DBStoreBuilder.java:addTable(127)) - using custom profile for table: volumeTable
2019-11-15 13:01:36,645 [Thread-3499] INFO  db.DBStoreBuilder (DBStoreBuilder.java:processTables(183)) - Using default column profile:DBProfile.DISK for Table:volumeTable
2019-11-15 13:01:36,645 [Thread-3499] INFO  db.DBStoreBuilder (DBStoreBuilder.java:addTable(127)) - using custom profile for table: bucketTable
2019-11-15 13:01:36,645 [Thread-3499] INFO  db.DBStoreBuilder (DBStoreBuilder.java:processTables(183)) - Using default column profile:DBProfile.DISK for Table:bucketTable
2019-11-15 13:01:36,645 [Thread-3499] INFO  db.DBStoreBuilder (DBStoreBuilder.java:addTable(127)) - using custom profile for table: keyTable
2019-11-15 13:01:36,645 [Thread-3499] INFO  db.DBStoreBuilder (DBStoreBuilder.java:processTables(183)) - Using default column profile:DBProfile.DISK for Table:keyTable
2019-11-15 13:01:36,646 [Thread-3499] INFO  db.DBStoreBuilder (DBStoreBuilder.java:addTable(127)) - using custom profile for table: deletedTable
2019-11-15 13:01:36,646 [Thread-3499] INFO  db.DBStoreBuilder (DBStoreBuilder.java:processTables(183)) - Using default column profile:DBProfile.DISK for Table:deletedTable
2019-11-15 13:01:36,646 [Thread-3499] INFO  db.DBStoreBuilder (DBStoreBuilder.java:addTable(127)) - using custom profile for table: openKeyTable
2019-11-15 13:01:36,646 [Thread-3499] INFO  db.DBStoreBuilder (DBStoreBuilder.java:processTables(183)) - Using default column profile:DBProfile.DISK for Table:openKeyTable
2019-11-15 13:01:36,646 [Thread-3499] INFO  db.DBStoreBuilder (DBStoreBuilder.java:addTable(127)) - using custom profile for table: s3Table
2019-11-15 13:01:36,646 [Thread-3499] INFO  db.DBStoreBuilder (DBStoreBuilder.java:processTables(183)) - Using default column profile:DBProfile.DISK for Table:s3Table
2019-11-15 13:01:36,646 [Thread-3499] INFO  db.DBStoreBuilder (DBStoreBuilder.java:addTable(127)) - using custom profile for table: multipartInfoTable
2019-11-15 13:01:36,646 [Thread-3499] INFO  db.DBStoreBuilder (DBStoreBuilder.java:processTables(183)) - Using default column profile:DBProfile.DISK for Table:multipartInfoTable
2019-11-15 13:01:36,647 [Thread-3499] INFO  db.DBStoreBuilder (DBStoreBuilder.java:addTable(127)) - using custom profile for table: dTokenTable
2019-11-15 13:01:36,647 [Thread-3499] INFO  db.DBStoreBuilder (DBStoreBuilder.java:processTables(183)) - Using default column profile:DBProfile.DISK for Table:dTokenTable
2019-11-15 13:01:36,647 [Thread-3499] INFO  db.DBStoreBuilder (DBStoreBuilder.java:addTable(127)) - using custom profile for table: s3SecretTable
2019-11-15 13:01:36,647 [Thread-3499] INFO  db.DBStoreBuilder (DBStoreBuilder.java:processTables(183)) - Using default column profile:DBProfile.DISK for Table:s3SecretTable
2019-11-15 13:01:36,647 [Thread-3499] INFO  db.DBStoreBuilder (DBStoreBuilder.java:addTable(127)) - using custom profile for table: prefixTable
2019-11-15 13:01:36,647 [Thread-3499] INFO  db.DBStoreBuilder (DBStoreBuilder.java:processTables(183)) - Using default column profile:DBProfile.DISK for Table:prefixTable
2019-11-15 13:01:36,647 [Thread-3499] INFO  db.DBStoreBuilder (DBStoreBuilder.java:addTable(127)) - using custom profile for table: default
2019-11-15 13:01:36,648 [Thread-3499] INFO  db.DBStoreBuilder (DBStoreBuilder.java:processTables(189)) - Using default column profile:DBProfile.DISK for Table:default
2019-11-15 13:01:36,648 [Thread-3499] INFO  db.DBStoreBuilder (DBStoreBuilder.java:getDbProfile(220)) - Using default options. DBProfile.DISK
2019-11-15 13:01:36,868 [Thread-3593] INFO  impl.FollowerState (FollowerState.java:run(111)) - omNode-1@group-523986131536-FollowerState: change to CANDIDATE, lastRpcTime:1110ms, electionTimeout:1110ms
2019-11-15 13:01:36,868 [Thread-3593] INFO  impl.RoleInfo (RoleInfo.java:shutdownFollowerState(121)) - omNode-1: shutdown FollowerState
2019-11-15 13:01:36,868 [Thread-3593] INFO  impl.RaftServerImpl (RaftServerImpl.java:setRole(173)) - omNode-1@group-523986131536: changes role from  FOLLOWER to CANDIDATE at term 0 for changeToCandidate
2019-11-15 13:01:36,868 [Thread-3593] INFO  impl.RoleInfo (RoleInfo.java:updateAndGet(143)) - omNode-1: start LeaderElection
2019-11-15 13:01:36,889 [omNode-1@group-523986131536-LeaderElection55] INFO  impl.LeaderElection (LeaderElection.java:askForVotes(178)) - omNode-1@group-523986131536-LeaderElection55: begin an election at term 1 for -1: [omNode-3:localhost:11992, omNode-1:localhost:11980, omNode-2:localhost:11986], old=null
2019-11-15 13:01:36,895 [omNode-1@group-523986131536-LeaderElection55] INFO  impl.LeaderElection (LogUtils.java:infoOrTrace(149)) - omNode-1@group-523986131536-LeaderElection55 got exception when requesting votes: {}
java.util.concurrent.ExecutionException: org.apache.ratis.thirdparty.io.grpc.StatusRuntimeException: UNAVAILABLE: io exception
	at java.util.concurrent.FutureTask.report(FutureTask.java:122)
	at java.util.concurrent.FutureTask.get(FutureTask.java:192)
	at org.apache.ratis.server.impl.LeaderElection.waitForResults(LeaderElection.java:259)
	at org.apache.ratis.server.impl.LeaderElection.askForVotes(LeaderElection.java:197)
	at org.apache.ratis.server.impl.LeaderElection.run(LeaderElection.java:133)
	at java.lang.Thread.run(Thread.java:748)
Caused by: org.apache.ratis.thirdparty.io.grpc.StatusRuntimeException: UNAVAILABLE: io exception
	at org.apache.ratis.thirdparty.io.grpc.stub.ClientCalls.toStatusRuntimeException(ClientCalls.java:233)
	at org.apache.ratis.thirdparty.io.grpc.stub.ClientCalls.getUnchecked(ClientCalls.java:214)
	at org.apache.ratis.thirdparty.io.grpc.stub.ClientCalls.blockingUnaryCall(ClientCalls.java:139)
	at org.apache.ratis.proto.grpc.RaftServerProtocolServiceGrpc$RaftServerProtocolServiceBlockingStub.requestVote(RaftServerProtocolServiceGrpc.java:265)
	at org.apache.ratis.grpc.server.GrpcServerProtocolClient.requestVote(GrpcServerProtocolClient.java:99)
	at org.apache.ratis.grpc.server.GrpcService.requestVote(GrpcService.java:204)
	at org.apache.ratis.server.impl.LeaderElection.lambda$submitRequests$1(LeaderElection.java:234)
	at java.util.concurrent.FutureTask.run(FutureTask.java:266)
	at java.util.concurrent.Executors$RunnableAdapter.call(Executors.java:511)
	at java.util.concurrent.FutureTask.run(FutureTask.java:266)
	at java.util.concurrent.ThreadPoolExecutor.runWorker(ThreadPoolExecutor.java:1149)
	at java.util.concurrent.ThreadPoolExecutor$Worker.run(ThreadPoolExecutor.java:624)
	... 1 more
Caused by: org.apache.ratis.thirdparty.io.netty.channel.AbstractChannel$AnnotatedConnectException: Connection refused: localhost/127.0.0.1:11992
	at sun.nio.ch.SocketChannelImpl.checkConnect(Native Method)
	at sun.nio.ch.SocketChannelImpl.finishConnect(SocketChannelImpl.java:717)
	at org.apache.ratis.thirdparty.io.netty.channel.socket.nio.NioSocketChannel.doFinishConnect(NioSocketChannel.java:327)
	at org.apache.ratis.thirdparty.io.netty.channel.nio.AbstractNioChannel$AbstractNioUnsafe.finishConnect(AbstractNioChannel.java:340)
	at org.apache.ratis.thirdparty.io.netty.channel.nio.NioEventLoop.processSelectedKey(NioEventLoop.java:632)
	at org.apache.ratis.thirdparty.io.netty.channel.nio.NioEventLoop.processSelectedKeysOptimized(NioEventLoop.java:579)
	at org.apache.ratis.thirdparty.io.netty.channel.nio.NioEventLoop.processSelectedKeys(NioEventLoop.java:496)
	at org.apache.ratis.thirdparty.io.netty.channel.nio.NioEventLoop.run(NioEventLoop.java:458)
	at org.apache.ratis.thirdparty.io.netty.util.concurrent.SingleThreadEventExecutor$5.run(SingleThreadEventExecutor.java:897)
	at org.apache.ratis.thirdparty.io.netty.util.concurrent.FastThreadLocalRunnable.run(FastThreadLocalRunnable.java:30)
	... 1 more
Caused by: java.net.ConnectException: Connection refused
	... 11 more
2019-11-15 13:01:36,899 [grpc-default-executor-1] INFO  impl.RaftServerImpl (RaftServerImpl.java:setRole(173)) - omNode-2@group-523986131536: changes role from  FOLLOWER to FOLLOWER at term 1 for recognizeCandidate:omNode-1
2019-11-15 13:01:36,900 [grpc-default-executor-1] INFO  impl.RoleInfo (RoleInfo.java:shutdownFollowerState(121)) - omNode-2: shutdown FollowerState
2019-11-15 13:01:36,900 [grpc-default-executor-1] INFO  impl.RoleInfo (RoleInfo.java:updateAndGet(143)) - omNode-2: start FollowerState
2019-11-15 13:01:36,900 [Thread-3633] INFO  impl.FollowerState (FollowerState.java:run(120)) - omNode-2@group-523986131536-FollowerState was interrupted: java.lang.InterruptedException: sleep interrupted
2019-11-15 13:01:36,926 [omNode-1@group-523986131536-LeaderElection55] INFO  impl.LeaderElection (LeaderElection.java:logAndReturn(56)) - omNode-1@group-523986131536-LeaderElection55: Election PASSED; received 1 response(s) [omNode-1<-omNode-2#0:OK-t1] and 1 exception(s); omNode-1@group-523986131536:t1, leader=null, voted=omNode-1, raftlog=omNode-1@group-523986131536-SegmentedRaftLog:OPENED:c-1,f-1,i0, conf=-1: [omNode-3:localhost:11992, omNode-1:localhost:11980, omNode-2:localhost:11986], old=null
2019-11-15 13:01:36,926 [omNode-1@group-523986131536-LeaderElection55] INFO  impl.LeaderElection (LogUtils.java:infoOrTrace(149)) -   Exception 0: {}
java.util.concurrent.ExecutionException: org.apache.ratis.thirdparty.io.grpc.StatusRuntimeException: UNAVAILABLE: io exception
	at java.util.concurrent.FutureTask.report(FutureTask.java:122)
	at java.util.concurrent.FutureTask.get(FutureTask.java:192)
	at org.apache.ratis.server.impl.LeaderElection.waitForResults(LeaderElection.java:259)
	at org.apache.ratis.server.impl.LeaderElection.askForVotes(LeaderElection.java:197)
	at org.apache.ratis.server.impl.LeaderElection.run(LeaderElection.java:133)
	at java.lang.Thread.run(Thread.java:748)
Caused by: org.apache.ratis.thirdparty.io.grpc.StatusRuntimeException: UNAVAILABLE: io exception
	at org.apache.ratis.thirdparty.io.grpc.stub.ClientCalls.toStatusRuntimeException(ClientCalls.java:233)
	at org.apache.ratis.thirdparty.io.grpc.stub.ClientCalls.getUnchecked(ClientCalls.java:214)
	at org.apache.ratis.thirdparty.io.grpc.stub.ClientCalls.blockingUnaryCall(ClientCalls.java:139)
	at org.apache.ratis.proto.grpc.RaftServerProtocolServiceGrpc$RaftServerProtocolServiceBlockingStub.requestVote(RaftServerProtocolServiceGrpc.java:265)
	at org.apache.ratis.grpc.server.GrpcServerProtocolClient.requestVote(GrpcServerProtocolClient.java:99)
	at org.apache.ratis.grpc.server.GrpcService.requestVote(GrpcService.java:204)
	at org.apache.ratis.server.impl.LeaderElection.lambda$submitRequests$1(LeaderElection.java:234)
	at java.util.concurrent.FutureTask.run(FutureTask.java:266)
	at java.util.concurrent.Executors$RunnableAdapter.call(Executors.java:511)
	at java.util.concurrent.FutureTask.run(FutureTask.java:266)
	at java.util.concurrent.ThreadPoolExecutor.runWorker(ThreadPoolExecutor.java:1149)
	at java.util.concurrent.ThreadPoolExecutor$Worker.run(ThreadPoolExecutor.java:624)
	... 1 more
Caused by: org.apache.ratis.thirdparty.io.netty.channel.AbstractChannel$AnnotatedConnectException: Connection refused: localhost/127.0.0.1:11992
	at sun.nio.ch.SocketChannelImpl.checkConnect(Native Method)
	at sun.nio.ch.SocketChannelImpl.finishConnect(SocketChannelImpl.java:717)
	at org.apache.ratis.thirdparty.io.netty.channel.socket.nio.NioSocketChannel.doFinishConnect(NioSocketChannel.java:327)
	at org.apache.ratis.thirdparty.io.netty.channel.nio.AbstractNioChannel$AbstractNioUnsafe.finishConnect(AbstractNioChannel.java:340)
	at org.apache.ratis.thirdparty.io.netty.channel.nio.NioEventLoop.processSelectedKey(NioEventLoop.java:632)
	at org.apache.ratis.thirdparty.io.netty.channel.nio.NioEventLoop.processSelectedKeysOptimized(NioEventLoop.java:579)
	at org.apache.ratis.thirdparty.io.netty.channel.nio.NioEventLoop.processSelectedKeys(NioEventLoop.java:496)
	at org.apache.ratis.thirdparty.io.netty.channel.nio.NioEventLoop.run(NioEventLoop.java:458)
	at org.apache.ratis.thirdparty.io.netty.util.concurrent.SingleThreadEventExecutor$5.run(SingleThreadEventExecutor.java:897)
	at org.apache.ratis.thirdparty.io.netty.util.concurrent.FastThreadLocalRunnable.run(FastThreadLocalRunnable.java:30)
	... 1 more
Caused by: java.net.ConnectException: Connection refused
	... 11 more
2019-11-15 13:01:36,927 [omNode-1@group-523986131536-LeaderElection55] INFO  impl.RoleInfo (RoleInfo.java:shutdownLeaderElection(134)) - omNode-1: shutdown LeaderElection
2019-11-15 13:01:36,927 [omNode-1@group-523986131536-LeaderElection55] INFO  impl.RaftServerImpl (RaftServerImpl.java:setRole(173)) - omNode-1@group-523986131536: changes role from CANDIDATE to LEADER at term 1 for changeToLeader
2019-11-15 13:01:36,927 [omNode-1@group-523986131536-LeaderElection55] INFO  impl.RaftServerImpl (ServerState.java:setLeader(255)) - omNode-1@group-523986131536: change Leader from null to omNode-1 at term 1 for becomeLeader, leader elected after 1175ms
2019-11-15 13:01:36,927 [omNode-1@group-523986131536-LeaderElection55] INFO  server.RaftServerConfigKeys (ConfUtils.java:logGet(43)) - raft.server.staging.catchup.gap = 1000 (default)
2019-11-15 13:01:36,927 [omNode-1@group-523986131536-LeaderElection55] INFO  server.RaftServerConfigKeys (ConfUtils.java:logGet(43)) - raft.server.rpc.sleep.time = 25ms (default)
2019-11-15 13:01:36,927 [omNode-1@group-523986131536-LeaderElection55] INFO  server.RaftServerConfigKeys (ConfUtils.java:logGet(43)) - raft.server.write.element-limit = 4096 (default)
2019-11-15 13:01:36,928 [omNode-1@group-523986131536-LeaderElection55] INFO  server.RaftServerConfigKeys (ConfUtils.java:logGet(43)) - raft.server.watch.timeout = 10s (default)
2019-11-15 13:01:36,928 [omNode-1@group-523986131536-LeaderElection55] INFO  server.RaftServerConfigKeys (ConfUtils.java:logGet(43)) - raft.server.watch.timeout.denomination = 1s (default)
2019-11-15 13:01:36,928 [omNode-1@group-523986131536-LeaderElection55] INFO  server.RaftServerConfigKeys (ConfUtils.java:logGet(43)) - raft.server.watch.element-limit = 65536 (default)
2019-11-15 13:01:36,928 [omNode-1@group-523986131536-LeaderElection55] INFO  server.RaftServerConfigKeys (ConfUtils.java:logGet(43)) - raft.server.log.appender.snapshot.chunk.size.max = 16MB (=16777216) (default)
2019-11-15 13:01:36,928 [omNode-1@group-523986131536-LeaderElection55] INFO  server.RaftServerConfigKeys (ConfUtils.java:logGet(43)) - raft.server.log.appender.buffer.byte-limit = 33554432 (custom)
2019-11-15 13:01:36,929 [omNode-1@group-523986131536-LeaderElection55] INFO  server.RaftServerConfigKeys (ConfUtils.java:logGet(43)) - raft.server.log.appender.buffer.element-limit = 1024 (custom)
2019-11-15 13:01:36,929 [omNode-1@group-523986131536-LeaderElection55] INFO  grpc.GrpcConfigKeys$Server (ConfUtils.java:logGet(43)) - raft.grpc.server.leader.outstanding.appends.max = 128 (default)
2019-11-15 13:01:36,929 [omNode-1@group-523986131536-LeaderElection55] INFO  server.RaftServerConfigKeys (ConfUtils.java:logGet(43)) - raft.server.rpc.request.timeout = 3000ms (default)
2019-11-15 13:01:36,929 [omNode-1@group-523986131536-LeaderElection55] INFO  server.RaftServerConfigKeys (ConfUtils.java:logGet(43)) - raft.server.log.appender.install.snapshot.enabled = false (custom)
2019-11-15 13:01:36,929 [omNode-1@group-523986131536-LeaderElection55] INFO  server.RaftServerConfigKeys (ConfUtils.java:logGet(43)) - raft.server.log.appender.snapshot.chunk.size.max = 16MB (=16777216) (default)
2019-11-15 13:01:36,930 [omNode-1@group-523986131536-LeaderElection55] INFO  server.RaftServerConfigKeys (ConfUtils.java:logGet(43)) - raft.server.log.appender.buffer.byte-limit = 33554432 (custom)
2019-11-15 13:01:36,930 [omNode-1@group-523986131536-LeaderElection55] INFO  server.RaftServerConfigKeys (ConfUtils.java:logGet(43)) - raft.server.log.appender.buffer.element-limit = 1024 (custom)
2019-11-15 13:01:36,930 [omNode-1@group-523986131536-LeaderElection55] INFO  grpc.GrpcConfigKeys$Server (ConfUtils.java:logGet(43)) - raft.grpc.server.leader.outstanding.appends.max = 128 (default)
2019-11-15 13:01:36,930 [omNode-1@group-523986131536-LeaderElection55] INFO  server.RaftServerConfigKeys (ConfUtils.java:logGet(43)) - raft.server.rpc.request.timeout = 3000ms (default)
2019-11-15 13:01:36,930 [omNode-1@group-523986131536-LeaderElection55] INFO  server.RaftServerConfigKeys (ConfUtils.java:logGet(43)) - raft.server.log.appender.install.snapshot.enabled = false (custom)
2019-11-15 13:01:36,931 [omNode-1@group-523986131536-LeaderElection55] INFO  impl.RoleInfo (RoleInfo.java:updateAndGet(143)) - omNode-1: start LeaderState
2019-11-15 13:01:36,931 [omNode-1@group-523986131536-LeaderElection55] INFO  segmented.SegmentedRaftLogWorker (SegmentedRaftLogWorker.java:startLogSegment(385)) - omNode-1@group-523986131536-SegmentedRaftLogWorker: Starting segment from index:0
2019-11-15 13:01:36,932 [omNode-1@group-523986131536-LeaderElection55] INFO  impl.RaftServerImpl (ServerState.java:setRaftConf(356)) - omNode-1@group-523986131536: set configuration 0: [omNode-3:localhost:11992, omNode-1:localhost:11980, omNode-2:localhost:11986], old=null at 0
2019-11-15 13:01:36,932 [grpc-default-executor-1] WARN  server.GrpcLogAppender (LogUtils.java:warn(134)) - omNode-1@group-523986131536->omNode-3-AppendLogResponseHandler: Failed appendEntries: org.apache.ratis.thirdparty.io.grpc.StatusRuntimeException: UNAVAILABLE: io exception
2019-11-15 13:01:36,934 [grpc-default-executor-1] INFO  impl.FollowerInfo (FollowerInfo.java:lambda$new$0(51)) - omNode-1@group-523986131536->omNode-3: nextIndex: updateUnconditionally 0 -> 0
2019-11-15 13:01:36,939 [grpc-default-executor-0] INFO  impl.RaftServerImpl (ServerState.java:setLeader(255)) - omNode-2@group-523986131536: change Leader from null to omNode-1 at term 1 for appendEntries, leader elected after 376ms
2019-11-15 13:01:36,942 [grpc-default-executor-0] INFO  impl.RaftServerImpl (ServerState.java:setRaftConf(356)) - omNode-2@group-523986131536: set configuration 0: [omNode-3:localhost:11992, omNode-1:localhost:11980, omNode-2:localhost:11986], old=null at 0
2019-11-15 13:01:36,943 [grpc-default-executor-0] INFO  segmented.SegmentedRaftLogWorker (SegmentedRaftLogWorker.java:startLogSegment(385)) - omNode-2@group-523986131536-SegmentedRaftLogWorker: Starting segment from index:0
2019-11-15 13:01:36,953 [omNode-1@group-523986131536-SegmentedRaftLogWorker] INFO  segmented.SegmentedRaftLogWorker (SegmentedRaftLogWorker.java:execute(576)) - omNode-1@group-523986131536-SegmentedRaftLogWorker: created new log segment /workdir/hadoop-ozone/integration-test/target/test-dir/MiniOzoneClusterImpl-8dc4e64a-e7f2-467c-840f-7d8b418ee89f/omNode-1/ratis/c9bc4cf4-3bc3-3c60-a66b-523986131536/current/log_inprogress_0
2019-11-15 13:01:36,967 [omNode-2@group-523986131536-SegmentedRaftLogWorker] INFO  segmented.SegmentedRaftLogWorker (SegmentedRaftLogWorker.java:execute(576)) - omNode-2@group-523986131536-SegmentedRaftLogWorker: created new log segment /workdir/hadoop-ozone/integration-test/target/test-dir/MiniOzoneClusterImpl-8dc4e64a-e7f2-467c-840f-7d8b418ee89f/omNode-2/ratis/c9bc4cf4-3bc3-3c60-a66b-523986131536/current/log_inprogress_0
2019-11-15 13:01:36,968 [grpc-default-executor-4] WARN  server.GrpcLogAppender (LogUtils.java:warn(134)) - omNode-1@group-523986131536->omNode-3-AppendLogResponseHandler: Failed appendEntries: org.apache.ratis.thirdparty.io.grpc.StatusRuntimeException: UNAVAILABLE: io exception
2019-11-15 13:01:36,969 [grpc-default-executor-4] INFO  impl.FollowerInfo (FollowerInfo.java:lambda$new$0(51)) - omNode-1@group-523986131536->omNode-3: nextIndex: updateUnconditionally 1 -> 0
2019-11-15 13:01:37,346 [Thread-3499] WARN  scm.HddsServerUtil (HddsServerUtil.java:getDefaultRatisDirectory(354)) - Storage directory for Ratis is not configured. It is a good idea to map this to an SSD disk. Falling back to ozone.metadata.dirs
2019-11-15 13:01:37,347 [Thread-3499] INFO  ratis.OzoneManagerRatisServer (OzoneManagerRatisServer.java:<init>(243)) - Instantiating OM Ratis server with GroupID: om-service-test1 and Raft Peers: localhost:11992, localhost:11980, localhost:11986
2019-11-15 13:01:37,348 [Thread-3499] INFO  impl.RaftServerProxy (ConfUtils.java:logGet(43)) - raft.rpc.type = GRPC (default)
2019-11-15 13:01:37,348 [Thread-3499] INFO  grpc.GrpcFactory (GrpcFactory.java:checkPooledByteBufAllocatorUseCacheForAllThreads(45)) - PERFORMANCE WARNING: useCacheForAllThreads is true that may cause Netty to create a lot garbage objects and, as a result, trigger GC.
	It is recommended to disable useCacheForAllThreads by setting -Dorg.apache.ratis.thirdparty.io.netty.allocator.useCacheForAllThreads=false in command line.
2019-11-15 13:01:37,348 [Thread-3499] INFO  grpc.GrpcConfigKeys$Server (ConfUtils.java:logGet(43)) - raft.grpc.server.port = 11992 (custom)
2019-11-15 13:01:37,348 [Thread-3499] INFO  server.GrpcService (ConfUtils.java:logGet(43)) - raft.grpc.message.size.max = 33554432 (custom)
2019-11-15 13:01:37,349 [Thread-3499] INFO  server.RaftServerConfigKeys (ConfUtils.java:logGet(43)) - raft.server.log.appender.buffer.byte-limit = 33554432 (custom)
2019-11-15 13:01:37,349 [Thread-3499] INFO  server.GrpcService (ConfUtils.java:logGet(43)) - raft.grpc.flow.control.window = 1MB (=1048576) (default)
2019-11-15 13:01:37,349 [Thread-3499] INFO  server.RaftServerConfigKeys (ConfUtils.java:logGet(43)) - raft.server.rpc.request.timeout = 3000ms (default)
2019-11-15 13:01:37,350 [Thread-3499] INFO  server.RaftServerConfigKeys (ConfUtils.java:logGet(43)) - raft.server.storage.dir = [/workdir/hadoop-ozone/integration-test/target/test-dir/MiniOzoneClusterImpl-8dc4e64a-e7f2-467c-840f-7d8b418ee89f/omNode-3/ratis] (custom)
2019-11-15 13:01:37,350 [Thread-3499] INFO  impl.RaftServerProxy (RaftServerProxy.java:addNew(89)) - omNode-3: addNew group-523986131536:[omNode-3:localhost:11992, omNode-1:localhost:11980, omNode-2:localhost:11986] returns group-523986131536:java.util.concurrent.CompletableFuture@43efe629[Not completed]
2019-11-15 13:01:37,350 [pool-783-thread-1] INFO  impl.RaftServerImpl (RaftServerImpl.java:<init>(98)) - omNode-3: new RaftServerImpl for group-523986131536:[omNode-3:localhost:11992, omNode-1:localhost:11980, omNode-2:localhost:11986] with OzoneManagerStateMachine:uninitialized
2019-11-15 13:01:37,351 [Thread-3499] INFO  om.OzoneManager (OzoneManager.java:initializeRatisServer(1223)) - OzoneManager Ratis server initialized at port 11992
2019-11-15 13:01:37,351 [pool-783-thread-1] INFO  server.RaftServerConfigKeys (ConfUtils.java:logGet(43)) - raft.server.rpc.timeout.min = 1s (custom)
2019-11-15 13:01:37,351 [Thread-3499] WARN  scm.HddsServerUtil (HddsServerUtil.java:getDefaultRatisDirectory(354)) - Storage directory for Ratis is not configured. It is a good idea to map this to an SSD disk. Falling back to ozone.metadata.dirs
2019-11-15 13:01:37,351 [pool-783-thread-1] INFO  server.RaftServerConfigKeys (ConfUtils.java:logGet(43)) - raft.server.rpc.timeout.max = 1200ms (custom)
2019-11-15 13:01:37,351 [pool-783-thread-1] INFO  server.RaftServerConfigKeys (ConfUtils.java:logGet(43)) - raft.server.rpcslowness.timeout = 2s (custom)
2019-11-15 13:01:37,351 [pool-783-thread-1] INFO  server.RaftServerConfigKeys (ConfUtils.java:logGet(43)) - raft.server.sleep.deviation.threshold = 300 (default)
2019-11-15 13:01:37,351 [Thread-3499] WARN  scm.HddsServerUtil (HddsServerUtil.java:getDefaultRatisDirectory(354)) - Storage directory for Ratis is not configured. It is a good idea to map this to an SSD disk. Falling back to ozone.metadata.dirs
2019-11-15 13:01:37,351 [pool-783-thread-1] INFO  server.RaftServerConfigKeys (ConfUtils.java:logGet(43)) - raft.server.log.appender.install.snapshot.enabled = false (custom)
2019-11-15 13:01:37,352 [Thread-3499] INFO  snapshot.OzoneManagerSnapshotProvider (OzoneManagerSnapshotProvider.java:<init>(81)) - Initializing OM Snapshot Provider
2019-11-15 13:01:37,352 [pool-783-thread-1] INFO  impl.RaftServerImpl (ServerState.java:<init>(103)) - omNode-3@group-523986131536: ConfigurationManager, init=-1: [omNode-3:localhost:11992, omNode-1:localhost:11980, omNode-2:localhost:11986], old=null, confs=<EMPTY_MAP>
2019-11-15 13:01:37,352 [pool-783-thread-1] INFO  server.RaftServerConfigKeys (ConfUtils.java:logGet(43)) - raft.server.storage.dir = [/workdir/hadoop-ozone/integration-test/target/test-dir/MiniOzoneClusterImpl-8dc4e64a-e7f2-467c-840f-7d8b418ee89f/omNode-3/ratis] (custom)
2019-11-15 13:01:37,353 [pool-783-thread-1] INFO  server.RaftServerConfigKeys (ConfUtils.java:logGet(43)) - raft.server.log.corruption.policy = EXCEPTION (default)
2019-11-15 13:01:37,353 [pool-783-thread-1] INFO  storage.RaftStorageDirectory (RaftStorageDirectory.java:analyzeStorage(246)) - The storage directory /workdir/hadoop-ozone/integration-test/target/test-dir/MiniOzoneClusterImpl-8dc4e64a-e7f2-467c-840f-7d8b418ee89f/omNode-3/ratis/c9bc4cf4-3bc3-3c60-a66b-523986131536 does not exist. Creating ...
2019-11-15 13:01:37,354 [Thread-3499] INFO  ipc.CallQueueManager (CallQueueManager.java:<init>(84)) - Using callQueue: class java.util.concurrent.LinkedBlockingQueue, queueCapacity: 2000, scheduler: class org.apache.hadoop.ipc.DefaultRpcScheduler, ipcBackoff: false.
2019-11-15 13:01:37,355 [Socket Reader #1 for port 11988] INFO  ipc.Server (Server.java:run(1074)) - Starting Socket Reader #1 for port 11988
2019-11-15 13:01:37,374 [Thread-3499] INFO  om.OzoneManager (OzoneManager.java:start(1077)) - OzoneManager RPC server is listening at localhost/127.0.0.1:11988
2019-11-15 13:01:37,375 [Thread-3499] INFO  impl.MetricsSystemImpl (MetricsSystemImpl.java:init(158)) - OzoneManager metrics system started (again)
2019-11-15 13:01:37,375 [Thread-3499] INFO  ratis.OzoneManagerRatisServer (OzoneManagerRatisServer.java:start(333)) - Starting OzoneManagerRatisServer omNode-3 at port 11992
2019-11-15 13:01:37,376 [pool-783-thread-1] INFO  storage.RaftStorageDirectory (RaftStorageDirectory.java:tryLock(328)) - Lock on /workdir/hadoop-ozone/integration-test/target/test-dir/MiniOzoneClusterImpl-8dc4e64a-e7f2-467c-840f-7d8b418ee89f/omNode-3/ratis/c9bc4cf4-3bc3-3c60-a66b-523986131536/in_use.lock acquired by nodename 22752@pr-hdds-2448-del-container-94542-2491966341
2019-11-15 13:01:37,407 [pool-783-thread-1] INFO  storage.RaftStorage (RaftStorage.java:format(84)) - Storage directory /workdir/hadoop-ozone/integration-test/target/test-dir/MiniOzoneClusterImpl-8dc4e64a-e7f2-467c-840f-7d8b418ee89f/omNode-3/ratis/c9bc4cf4-3bc3-3c60-a66b-523986131536 has been successfully formatted.
2019-11-15 13:01:37,407 [pool-783-thread-1] INFO  server.RaftServerConfigKeys (ConfUtils.java:logGet(43)) - raft.server.notification.no-leader.timeout = 2s (custom)
2019-11-15 13:01:37,407 [pool-783-thread-1] INFO  server.RaftServerConfigKeys (ConfUtils.java:logGet(43)) - raft.server.log.use.memory = false (default)
2019-11-15 13:01:37,408 [pool-783-thread-1] INFO  server.RaftServerConfigKeys (ConfUtils.java:logGet(43)) - raft.server.log.purge.gap = 50 (custom)
2019-11-15 13:01:37,408 [pool-783-thread-1] INFO  server.RaftServerConfigKeys (ConfUtils.java:logGet(43)) - raft.server.log.appender.buffer.byte-limit = 33554432 (custom)
2019-11-15 13:01:37,408 [pool-783-thread-1] INFO  server.RaftServerConfigKeys (ConfUtils.java:logGet(43)) - raft.server.log.segment.size.max = 16384 (custom)
2019-11-15 13:01:37,408 [pool-783-thread-1] INFO  server.RaftServerConfigKeys (ConfUtils.java:logGet(43)) - raft.server.log.segment.cache.num.max = 2 (custom)
2019-11-15 13:01:37,408 [pool-783-thread-1] INFO  segmented.SegmentedRaftLogWorker (SegmentedRaftLogWorker.java:<init>(173)) - new omNode-3@group-523986131536-SegmentedRaftLogWorker for RaftStorage:Storage Directory /workdir/hadoop-ozone/integration-test/target/test-dir/MiniOzoneClusterImpl-8dc4e64a-e7f2-467c-840f-7d8b418ee89f/omNode-3/ratis/c9bc4cf4-3bc3-3c60-a66b-523986131536
2019-11-15 13:01:37,408 [pool-783-thread-1] INFO  server.RaftServerConfigKeys (ConfUtils.java:logGet(43)) - raft.server.log.queue.byte-limit = 64MB (=67108864) (default)
2019-11-15 13:01:37,408 [pool-783-thread-1] INFO  server.RaftServerConfigKeys (ConfUtils.java:logGet(43)) - raft.server.log.queue.element-limit = 4096 (default)
2019-11-15 13:01:37,409 [pool-783-thread-1] INFO  server.RaftServerConfigKeys (ConfUtils.java:logGet(43)) - raft.server.log.segment.size.max = 16384 (custom)
2019-11-15 13:01:37,409 [pool-783-thread-1] INFO  server.RaftServerConfigKeys (ConfUtils.java:logGet(43)) - raft.server.log.preallocated.size = 16384 (custom)
2019-11-15 13:01:37,409 [pool-783-thread-1] INFO  server.RaftServerConfigKeys (ConfUtils.java:logGet(43)) - raft.server.log.write.buffer.size = 64KB (=65536) (default)
2019-11-15 13:01:37,409 [pool-783-thread-1] INFO  server.RaftServerConfigKeys (ConfUtils.java:logGet(43)) - raft.server.log.force.sync.num = 128 (default)
2019-11-15 13:01:37,409 [pool-783-thread-1] INFO  server.RaftServerConfigKeys (ConfUtils.java:logGet(43)) - raft.server.log.statemachine.data.sync = true (default)
2019-11-15 13:01:37,409 [pool-783-thread-1] INFO  server.RaftServerConfigKeys (ConfUtils.java:logGet(43)) - raft.server.log.statemachine.data.sync.timeout = 10s (default)
2019-11-15 13:01:37,409 [pool-783-thread-1] INFO  server.RaftServerConfigKeys (ConfUtils.java:logGet(43)) - raft.server.log.statemachine.data.sync.timeout.retry = -1 (default)
2019-11-15 13:01:37,409 [pool-783-thread-1] INFO  server.RaftServerConfigKeys (ConfUtils.java:logGet(43)) - raft.server.log.statemachine.data.caching.enabled = false (default)
2019-11-15 13:01:37,410 [pool-783-thread-1] INFO  segmented.SegmentedRaftLogWorker (SegmentedRaftLogWorker.java:lambda$new$0(128)) - omNode-3@group-523986131536-SegmentedRaftLogWorker: flushIndex: setUnconditionally 0 -> -1
2019-11-15 13:01:37,410 [pool-783-thread-1] INFO  server.RaftServerConfigKeys (ConfUtils.java:logGet(43)) - raft.server.snapshot.auto.trigger.enabled = true (custom)
2019-11-15 13:01:37,410 [pool-783-thread-1] INFO  server.RaftServerConfigKeys (ConfUtils.java:logGet(43)) - raft.server.snapshot.auto.trigger.threshold = 50 (custom)
2019-11-15 13:01:37,410 [pool-783-thread-1] INFO  server.RaftServerConfigKeys (ConfUtils.java:logGet(43)) - raft.server.snapshot.retention.file.num = -1 (default)
2019-11-15 13:01:37,410 [pool-783-thread-1] INFO  server.RaftServerConfigKeys (ConfUtils.java:logGet(43)) - raft.server.retrycache.expirytime = 600000ms (custom)
2019-11-15 13:01:37,412 [Thread-3499] INFO  impl.RaftServerImpl (RaftServerImpl.java:start(184)) - omNode-3@group-523986131536: start as a follower, conf=-1: [omNode-3:localhost:11992, omNode-1:localhost:11980, omNode-2:localhost:11986], old=null
2019-11-15 13:01:37,412 [Thread-3499] INFO  impl.RaftServerImpl (RaftServerImpl.java:setRole(173)) - omNode-3@group-523986131536: changes role from      null to FOLLOWER at term 0 for startAsFollower
2019-11-15 13:01:37,413 [Thread-3499] INFO  impl.RoleInfo (RoleInfo.java:updateAndGet(143)) - omNode-3: start FollowerState
2019-11-15 13:01:37,413 [Thread-3499] INFO  util.JmxRegister (JmxRegister.java:tryRegister(44)) - Successfully registered JMX Bean with object name Ratis:service=RaftServer,group=group-523986131536,id=omNode-3
2019-11-15 13:01:37,414 [Thread-3499] INFO  impl.RaftServerProxy (RaftServerProxy.java:lambda$start$3(299)) - omNode-3: start RPC server
2019-11-15 13:01:37,414 [Thread-3499] INFO  server.GrpcService (GrpcService.java:startImpl(158)) - omNode-3: GrpcService started, listening on 0.0.0.0/0.0.0.0:11992
2019-11-15 13:01:37,421 [IPC Server Responder] INFO  ipc.Server (Server.java:run(1314)) - IPC Server Responder: starting
2019-11-15 13:01:37,422 [IPC Server listener on 11988] INFO  ipc.Server (Server.java:run(1153)) - IPC Server listener on 11988: starting
2019-11-15 13:01:37,428 [Thread-3499] INFO  hdfs.DFSUtil (DFSUtil.java:httpServerTemplateForNNAndJN(1641)) - Starting Web-server for ozoneManager at: http://0.0.0.0:11990
2019-11-15 13:01:37,430 [Thread-3499] INFO  server.AuthenticationFilter (AuthenticationFilter.java:constructSecretProvider(240)) - Unable to initialize FileSignerSecretProvider, falling back to use random secrets.
2019-11-15 13:01:37,431 [Thread-3499] WARN  http.HttpRequestLog (HttpRequestLog.java:getRequestLog(97)) - Jetty request log can only be enabled using Log4j
2019-11-15 13:01:37,433 [Thread-3499] INFO  http.HttpServer2 (HttpServer2.java:addGlobalFilter(975)) - Added global filter 'safety' (class=org.apache.hadoop.http.HttpServer2$QuotingInputFilter)
2019-11-15 13:01:37,433 [Thread-3499] INFO  http.HttpServer2 (HttpServer2.java:addFilter(948)) - Added filter static_user_filter (class=org.apache.hadoop.http.lib.StaticUserWebFilter$StaticUserFilter) to context ozoneManager
2019-11-15 13:01:37,434 [Thread-3499] INFO  http.HttpServer2 (HttpServer2.java:addFilter(958)) - Added filter static_user_filter (class=org.apache.hadoop.http.lib.StaticUserWebFilter$StaticUserFilter) to context logs
2019-11-15 13:01:37,434 [Thread-3499] INFO  http.HttpServer2 (HttpServer2.java:addFilter(958)) - Added filter static_user_filter (class=org.apache.hadoop.http.lib.StaticUserWebFilter$StaticUserFilter) to context static
2019-11-15 13:01:37,435 [Thread-3499] INFO  http.HttpServer2 (HttpServer2.java:bindListener(1191)) - Jetty bound to port 11990
2019-11-15 13:01:37,435 [Thread-3499] INFO  server.Server (Server.java:doStart(351)) - jetty-9.3.25.v20180904, build timestamp: 2018-09-04T21:11:46Z, git hash: 3ce520221d0240229c862b122d2b06c12a625732
2019-11-15 13:01:37,437 [Thread-3499] INFO  handler.ContextHandler (ContextHandler.java:doStart(781)) - Started o.e.j.s.ServletContextHandler@5403a580{/logs,file:///workdir/hadoop-ozone/integration-test/target/log,AVAILABLE}
2019-11-15 13:01:37,437 [Thread-3499] INFO  handler.ContextHandler (ContextHandler.java:doStart(781)) - Started o.e.j.s.ServletContextHandler@39f70fcf{/static,file:///workdir/hadoop-ozone/integration-test/target/test-classes/webapps/static,AVAILABLE}
2019-11-15 13:01:37,442 [Thread-3499] INFO  handler.ContextHandler (ContextHandler.java:doStart(781)) - Started o.e.j.w.WebAppContext@1f71af1{/,file:///workdir/hadoop-ozone/integration-test/target/test-classes/webapps/ozoneManager/,AVAILABLE}{/ozoneManager}
2019-11-15 13:01:37,443 [Thread-3499] INFO  server.AbstractConnector (AbstractConnector.java:doStart(278)) - Started ServerConnector@7488e500{HTTP/1.1,[http/1.1]}{0.0.0.0:11990}
2019-11-15 13:01:37,444 [Thread-3499] INFO  server.Server (Server.java:doStart(419)) - Started @248264ms
2019-11-15 13:01:37,444 [Thread-3499] WARN  impl.MetricsSystemImpl (MetricsSystemImpl.java:register(276)) - Sink prometheus already exists!
2019-11-15 13:01:37,445 [Thread-3499] INFO  server.BaseHttpServer (BaseHttpServer.java:updateConnectorAddress(215)) - HTTP server of OZONEMANAGER is listening at http://0.0.0.0:11990
2019-11-15 13:01:37,445 [Thread-3499] INFO  ozone.MiniOzoneHAClusterImpl (MiniOzoneHAClusterImpl.java:createOMService(274)) - Started OzoneManager RPC server at localhost/127.0.0.1:11988
2019-11-15 13:01:37,468 [Thread-3499] INFO  impl.MetricsSystemImpl (MetricsSystemImpl.java:init(158)) - HddsDatanode metrics system started (again)
2019-11-15 13:01:37,474 [Thread-3499] INFO  ozone.HddsDatanodeService (HddsDatanodeService.java:start(186)) - HddsDatanodeService host:pr-hdds-2448-del-container-94542-2491966341 ip:192.168.157.228
2019-11-15 13:01:37,483 [Thread-3499] INFO  volume.HddsVolume (HddsVolume.java:<init>(176)) - Creating Volume: /workdir/hadoop-ozone/integration-test/target/test-dir/MiniOzoneClusterImpl-8dc4e64a-e7f2-467c-840f-7d8b418ee89f/datanode-0/data/containers/hdds of  storage type : DISK and capacity : 1482555576320
2019-11-15 13:01:37,494 [Thread-3499] INFO  volume.VolumeSet (VolumeSet.java:initializeVolumeSet(170)) - Added Volume : /workdir/hadoop-ozone/integration-test/target/test-dir/MiniOzoneClusterImpl-8dc4e64a-e7f2-467c-840f-7d8b418ee89f/datanode-0/data/containers/hdds to VolumeSet
2019-11-15 13:01:37,494 [Thread-3499] INFO  volume.ThrottledAsyncChecker (ThrottledAsyncChecker.java:schedule(141)) - Scheduling a check for /workdir/hadoop-ozone/integration-test/target/test-dir/MiniOzoneClusterImpl-8dc4e64a-e7f2-467c-840f-7d8b418ee89f/datanode-0/data/containers/hdds
2019-11-15 13:01:37,495 [grpc-default-executor-4] INFO  impl.RaftServerImpl (ServerState.java:setLeader(255)) - omNode-3@group-523986131536: change Leader from null to omNode-1 at term 1 for appendEntries, leader elected after 87ms
2019-11-15 13:01:37,495 [Thread-3499] INFO  volume.HddsVolumeChecker (HddsVolumeChecker.java:checkAllVolumes(204)) - Scheduled health check for volume /workdir/hadoop-ozone/integration-test/target/test-dir/MiniOzoneClusterImpl-8dc4e64a-e7f2-467c-840f-7d8b418ee89f/datanode-0/data/containers/hdds
2019-11-15 13:01:37,501 [grpc-default-executor-4] INFO  impl.RaftServerImpl (ServerState.java:setRaftConf(356)) - omNode-3@group-523986131536: set configuration 0: [omNode-3:localhost:11992, omNode-1:localhost:11980, omNode-2:localhost:11986], old=null at 0
2019-11-15 13:01:37,501 [grpc-default-executor-4] INFO  segmented.SegmentedRaftLogWorker (SegmentedRaftLogWorker.java:startLogSegment(385)) - omNode-3@group-523986131536-SegmentedRaftLogWorker: Starting segment from index:0
2019-11-15 13:01:37,531 [omNode-3@group-523986131536-SegmentedRaftLogWorker] INFO  segmented.SegmentedRaftLogWorker (SegmentedRaftLogWorker.java:execute(576)) - omNode-3@group-523986131536-SegmentedRaftLogWorker: created new log segment /workdir/hadoop-ozone/integration-test/target/test-dir/MiniOzoneClusterImpl-8dc4e64a-e7f2-467c-840f-7d8b418ee89f/omNode-3/ratis/c9bc4cf4-3bc3-3c60-a66b-523986131536/current/log_inprogress_0
2019-11-15 13:01:37,532 [Thread-3499] INFO  impl.RaftServerProxy (ConfUtils.java:logGet(43)) - raft.rpc.type = GRPC (default)
2019-11-15 13:01:37,532 [Thread-3499] INFO  grpc.GrpcFactory (GrpcFactory.java:checkPooledByteBufAllocatorUseCacheForAllThreads(45)) - PERFORMANCE WARNING: useCacheForAllThreads is true that may cause Netty to create a lot garbage objects and, as a result, trigger GC.
	It is recommended to disable useCacheForAllThreads by setting -Dorg.apache.ratis.thirdparty.io.netty.allocator.useCacheForAllThreads=false in command line.
2019-11-15 13:01:37,532 [Thread-3499] INFO  grpc.GrpcConfigKeys$Server (ConfUtils.java:logGet(43)) - raft.grpc.server.port = 0 (default)
2019-11-15 13:01:37,533 [Thread-3499] INFO  server.GrpcService (ConfUtils.java:logGet(43)) - raft.grpc.message.size.max = 33570816 (custom)
2019-11-15 13:01:37,533 [Thread-3499] INFO  server.RaftServerConfigKeys (ConfUtils.java:logGet(43)) - raft.server.log.appender.buffer.byte-limit = 33554432 (custom)
2019-11-15 13:01:37,533 [Thread-3499] INFO  server.GrpcService (ConfUtils.java:logGet(43)) - raft.grpc.flow.control.window = 1MB (=1048576) (default)
2019-11-15 13:01:37,533 [Thread-3499] INFO  server.RaftServerConfigKeys (ConfUtils.java:logGet(43)) - raft.server.rpc.request.timeout = 3000ms (default)
2019-11-15 13:01:37,534 [Thread-3499] INFO  server.RaftServerConfigKeys (ConfUtils.java:logGet(43)) - raft.server.storage.dir = [/workdir/hadoop-ozone/integration-test/target/test-dir/MiniOzoneClusterImpl-8dc4e64a-e7f2-467c-840f-7d8b418ee89f/datanode-0/data/ratis] (custom)
2019-11-15 13:01:37,535 [Thread-3499] INFO  hdfs.DFSUtil (DFSUtil.java:httpServerTemplateForNNAndJN(1641)) - Starting Web-server for hddsDatanode at: http://0.0.0.0:0
2019-11-15 13:01:37,537 [Thread-3499] INFO  server.AuthenticationFilter (AuthenticationFilter.java:constructSecretProvider(240)) - Unable to initialize FileSignerSecretProvider, falling back to use random secrets.
2019-11-15 13:01:37,537 [Thread-3499] WARN  http.HttpRequestLog (HttpRequestLog.java:getRequestLog(97)) - Jetty request log can only be enabled using Log4j
2019-11-15 13:01:37,539 [Thread-3499] INFO  http.HttpServer2 (HttpServer2.java:addGlobalFilter(975)) - Added global filter 'safety' (class=org.apache.hadoop.http.HttpServer2$QuotingInputFilter)
2019-11-15 13:01:37,540 [Thread-3499] INFO  http.HttpServer2 (HttpServer2.java:addFilter(948)) - Added filter static_user_filter (class=org.apache.hadoop.http.lib.StaticUserWebFilter$StaticUserFilter) to context hddsDatanode
2019-11-15 13:01:37,540 [Thread-3499] INFO  http.HttpServer2 (HttpServer2.java:addFilter(958)) - Added filter static_user_filter (class=org.apache.hadoop.http.lib.StaticUserWebFilter$StaticUserFilter) to context static
2019-11-15 13:01:37,540 [Thread-3499] INFO  http.HttpServer2 (HttpServer2.java:addFilter(958)) - Added filter static_user_filter (class=org.apache.hadoop.http.lib.StaticUserWebFilter$StaticUserFilter) to context logs
2019-11-15 13:01:37,541 [Thread-3499] INFO  http.HttpServer2 (HttpServer2.java:bindListener(1191)) - Jetty bound to port 39478
2019-11-15 13:01:37,541 [Thread-3499] INFO  server.Server (Server.java:doStart(351)) - jetty-9.3.25.v20180904, build timestamp: 2018-09-04T21:11:46Z, git hash: 3ce520221d0240229c862b122d2b06c12a625732
2019-11-15 13:01:37,543 [Thread-3499] INFO  handler.ContextHandler (ContextHandler.java:doStart(781)) - Started o.e.j.s.ServletContextHandler@6b50420d{/logs,file:///workdir/hadoop-ozone/integration-test/target/log,AVAILABLE}
2019-11-15 13:01:37,543 [Thread-3499] INFO  handler.ContextHandler (ContextHandler.java:doStart(781)) - Started o.e.j.s.ServletContextHandler@7ea035c1{/static,jar:file:/home/user/.m2/repository/org/apache/hadoop/hadoop-hdds-container-service/0.5.0-SNAPSHOT/hadoop-hdds-container-service-0.5.0-SNAPSHOT.jar!/webapps/static,AVAILABLE}
2019-11-15 13:01:37,580 [Thread-3499] INFO  handler.ContextHandler (ContextHandler.java:doStart(781)) - Started o.e.j.w.WebAppContext@2da4768{/,file:///tmp/jetty-0.0.0.0-39478-hddsDatanode-_-any-7269729316769985967.dir/webapp/,AVAILABLE}{/hddsDatanode}
2019-11-15 13:01:37,581 [Thread-3499] INFO  server.AbstractConnector (AbstractConnector.java:doStart(278)) - Started ServerConnector@57d0016b{HTTP/1.1,[http/1.1]}{0.0.0.0:39478}
2019-11-15 13:01:37,581 [Thread-3499] INFO  server.Server (Server.java:doStart(419)) - Started @248401ms
2019-11-15 13:01:37,581 [Thread-3499] WARN  impl.MetricsSystemImpl (MetricsSystemImpl.java:register(276)) - Sink prometheus already exists!
2019-11-15 13:01:37,583 [Thread-3499] INFO  server.BaseHttpServer (BaseHttpServer.java:updateConnectorAddress(215)) - HTTP server of HDDSDATANODE is listening at http://0.0.0.0:39478
2019-11-15 13:01:37,584 [Thread-3499] INFO  impl.MetricsSystemImpl (MetricsSystemImpl.java:init(158)) - HddsDatanode metrics system started (again)
2019-11-15 13:01:37,592 [org.apache.hadoop.util.JvmPauseMonitor$Monitor@5d67b976] INFO  util.JvmPauseMonitor (JvmPauseMonitor.java:run(188)) - Starting JVM pause monitor
2019-11-15 13:01:37,593 [Thread-3499] INFO  ozone.HddsDatanodeService (HddsDatanodeService.java:start(186)) - HddsDatanodeService host:pr-hdds-2448-del-container-94542-2491966341 ip:192.168.157.228
2019-11-15 13:01:37,595 [Datanode State Machine Thread - 0] INFO  datanode.InitDatanodeState (InitDatanodeState.java:persistContainerDatanodeDetails(140)) - DatanodeDetails is persisted to /workdir/hadoop-ozone/integration-test/target/test-dir/MiniOzoneClusterImpl-8dc4e64a-e7f2-467c-840f-7d8b418ee89f/datanode-0/meta/datanode.id
2019-11-15 13:01:37,602 [Thread-3499] INFO  volume.HddsVolume (HddsVolume.java:<init>(176)) - Creating Volume: /workdir/hadoop-ozone/integration-test/target/test-dir/MiniOzoneClusterImpl-8dc4e64a-e7f2-467c-840f-7d8b418ee89f/datanode-1/data/containers/hdds of  storage type : DISK and capacity : 1482555576320
2019-11-15 13:01:37,602 [Thread-3499] INFO  volume.VolumeSet (VolumeSet.java:initializeVolumeSet(170)) - Added Volume : /workdir/hadoop-ozone/integration-test/target/test-dir/MiniOzoneClusterImpl-8dc4e64a-e7f2-467c-840f-7d8b418ee89f/datanode-1/data/containers/hdds to VolumeSet
2019-11-15 13:01:37,603 [Thread-3499] INFO  volume.ThrottledAsyncChecker (ThrottledAsyncChecker.java:schedule(141)) - Scheduling a check for /workdir/hadoop-ozone/integration-test/target/test-dir/MiniOzoneClusterImpl-8dc4e64a-e7f2-467c-840f-7d8b418ee89f/datanode-1/data/containers/hdds
2019-11-15 13:01:37,603 [Thread-3499] INFO  volume.HddsVolumeChecker (HddsVolumeChecker.java:checkAllVolumes(204)) - Scheduled health check for volume /workdir/hadoop-ozone/integration-test/target/test-dir/MiniOzoneClusterImpl-8dc4e64a-e7f2-467c-840f-7d8b418ee89f/datanode-1/data/containers/hdds
2019-11-15 13:01:37,621 [Thread-3499] INFO  impl.RaftServerProxy (ConfUtils.java:logGet(43)) - raft.rpc.type = GRPC (default)
2019-11-15 13:01:37,621 [Thread-3499] INFO  grpc.GrpcFactory (GrpcFactory.java:checkPooledByteBufAllocatorUseCacheForAllThreads(45)) - PERFORMANCE WARNING: useCacheForAllThreads is true that may cause Netty to create a lot garbage objects and, as a result, trigger GC.
	It is recommended to disable useCacheForAllThreads by setting -Dorg.apache.ratis.thirdparty.io.netty.allocator.useCacheForAllThreads=false in command line.
2019-11-15 13:01:37,621 [Thread-3499] INFO  grpc.GrpcConfigKeys$Server (ConfUtils.java:logGet(43)) - raft.grpc.server.port = 0 (default)
2019-11-15 13:01:37,621 [Thread-3499] INFO  server.GrpcService (ConfUtils.java:logGet(43)) - raft.grpc.message.size.max = 33570816 (custom)
2019-11-15 13:01:37,621 [Thread-3499] INFO  server.RaftServerConfigKeys (ConfUtils.java:logGet(43)) - raft.server.log.appender.buffer.byte-limit = 33554432 (custom)
2019-11-15 13:01:37,622 [Thread-3499] INFO  server.GrpcService (ConfUtils.java:logGet(43)) - raft.grpc.flow.control.window = 1MB (=1048576) (default)
2019-11-15 13:01:37,622 [Thread-3499] INFO  server.RaftServerConfigKeys (ConfUtils.java:logGet(43)) - raft.server.rpc.request.timeout = 3000ms (default)
2019-11-15 13:01:37,622 [Thread-3499] INFO  server.RaftServerConfigKeys (ConfUtils.java:logGet(43)) - raft.server.storage.dir = [/workdir/hadoop-ozone/integration-test/target/test-dir/MiniOzoneClusterImpl-8dc4e64a-e7f2-467c-840f-7d8b418ee89f/datanode-1/data/ratis] (custom)
2019-11-15 13:01:37,624 [Thread-3499] INFO  hdfs.DFSUtil (DFSUtil.java:httpServerTemplateForNNAndJN(1641)) - Starting Web-server for hddsDatanode at: http://0.0.0.0:0
2019-11-15 13:01:37,625 [Thread-3499] INFO  server.AuthenticationFilter (AuthenticationFilter.java:constructSecretProvider(240)) - Unable to initialize FileSignerSecretProvider, falling back to use random secrets.
2019-11-15 13:01:37,626 [Thread-3499] WARN  http.HttpRequestLog (HttpRequestLog.java:getRequestLog(97)) - Jetty request log can only be enabled using Log4j
2019-11-15 13:01:37,627 [Thread-3499] INFO  http.HttpServer2 (HttpServer2.java:addGlobalFilter(975)) - Added global filter 'safety' (class=org.apache.hadoop.http.HttpServer2$QuotingInputFilter)
2019-11-15 13:01:37,628 [Thread-3499] INFO  http.HttpServer2 (HttpServer2.java:addFilter(948)) - Added filter static_user_filter (class=org.apache.hadoop.http.lib.StaticUserWebFilter$StaticUserFilter) to context hddsDatanode
2019-11-15 13:01:37,628 [Thread-3499] INFO  http.HttpServer2 (HttpServer2.java:addFilter(958)) - Added filter static_user_filter (class=org.apache.hadoop.http.lib.StaticUserWebFilter$StaticUserFilter) to context logs
2019-11-15 13:01:37,628 [Thread-3499] INFO  http.HttpServer2 (HttpServer2.java:addFilter(958)) - Added filter static_user_filter (class=org.apache.hadoop.http.lib.StaticUserWebFilter$StaticUserFilter) to context static
2019-11-15 13:01:37,629 [Thread-3499] INFO  http.HttpServer2 (HttpServer2.java:bindListener(1191)) - Jetty bound to port 46463
2019-11-15 13:01:37,629 [Thread-3499] INFO  server.Server (Server.java:doStart(351)) - jetty-9.3.25.v20180904, build timestamp: 2018-09-04T21:11:46Z, git hash: 3ce520221d0240229c862b122d2b06c12a625732
2019-11-15 13:01:37,630 [Thread-3499] INFO  handler.ContextHandler (ContextHandler.java:doStart(781)) - Started o.e.j.s.ServletContextHandler@21b5839{/logs,file:///workdir/hadoop-ozone/integration-test/target/log,AVAILABLE}
2019-11-15 13:01:37,631 [Thread-3499] INFO  handler.ContextHandler (ContextHandler.java:doStart(781)) - Started o.e.j.s.ServletContextHandler@6da280ee{/static,jar:file:/home/user/.m2/repository/org/apache/hadoop/hadoop-hdds-container-service/0.5.0-SNAPSHOT/hadoop-hdds-container-service-0.5.0-SNAPSHOT.jar!/webapps/static,AVAILABLE}
2019-11-15 13:01:37,669 [Thread-3499] INFO  handler.ContextHandler (ContextHandler.java:doStart(781)) - Started o.e.j.w.WebAppContext@b796e2e{/,file:///tmp/jetty-0.0.0.0-46463-hddsDatanode-_-any-2645972756859214061.dir/webapp/,AVAILABLE}{/hddsDatanode}
2019-11-15 13:01:37,670 [Thread-3499] INFO  server.AbstractConnector (AbstractConnector.java:doStart(278)) - Started ServerConnector@3f1cd07{HTTP/1.1,[http/1.1]}{0.0.0.0:46463}
2019-11-15 13:01:37,670 [Thread-3499] INFO  server.Server (Server.java:doStart(419)) - Started @248490ms
2019-11-15 13:01:37,670 [Thread-3499] WARN  impl.MetricsSystemImpl (MetricsSystemImpl.java:register(276)) - Sink prometheus already exists!
2019-11-15 13:01:37,672 [Thread-3499] INFO  server.BaseHttpServer (BaseHttpServer.java:updateConnectorAddress(215)) - HTTP server of HDDSDATANODE is listening at http://0.0.0.0:46463
2019-11-15 13:01:37,672 [Thread-3499] INFO  impl.MetricsSystemImpl (MetricsSystemImpl.java:init(158)) - HddsDatanode metrics system started (again)
2019-11-15 13:01:37,679 [org.apache.hadoop.util.JvmPauseMonitor$Monitor@2814030d] INFO  util.JvmPauseMonitor (JvmPauseMonitor.java:run(188)) - Starting JVM pause monitor
2019-11-15 13:01:37,679 [Thread-3499] INFO  ozone.HddsDatanodeService (HddsDatanodeService.java:start(186)) - HddsDatanodeService host:pr-hdds-2448-del-container-94542-2491966341 ip:192.168.157.228
2019-11-15 13:01:37,680 [Datanode State Machine Thread - 0] INFO  datanode.InitDatanodeState (InitDatanodeState.java:persistContainerDatanodeDetails(140)) - DatanodeDetails is persisted to /workdir/hadoop-ozone/integration-test/target/test-dir/MiniOzoneClusterImpl-8dc4e64a-e7f2-467c-840f-7d8b418ee89f/datanode-1/meta/datanode.id
2019-11-15 13:01:37,687 [Thread-3499] INFO  volume.HddsVolume (HddsVolume.java:<init>(176)) - Creating Volume: /workdir/hadoop-ozone/integration-test/target/test-dir/MiniOzoneClusterImpl-8dc4e64a-e7f2-467c-840f-7d8b418ee89f/datanode-2/data/containers/hdds of  storage type : DISK and capacity : 1482555576320
2019-11-15 13:01:37,687 [Thread-3499] INFO  volume.VolumeSet (VolumeSet.java:initializeVolumeSet(170)) - Added Volume : /workdir/hadoop-ozone/integration-test/target/test-dir/MiniOzoneClusterImpl-8dc4e64a-e7f2-467c-840f-7d8b418ee89f/datanode-2/data/containers/hdds to VolumeSet
2019-11-15 13:01:37,687 [Thread-3499] INFO  volume.ThrottledAsyncChecker (ThrottledAsyncChecker.java:schedule(141)) - Scheduling a check for /workdir/hadoop-ozone/integration-test/target/test-dir/MiniOzoneClusterImpl-8dc4e64a-e7f2-467c-840f-7d8b418ee89f/datanode-2/data/containers/hdds
2019-11-15 13:01:37,688 [Thread-3499] INFO  volume.HddsVolumeChecker (HddsVolumeChecker.java:checkAllVolumes(204)) - Scheduled health check for volume /workdir/hadoop-ozone/integration-test/target/test-dir/MiniOzoneClusterImpl-8dc4e64a-e7f2-467c-840f-7d8b418ee89f/datanode-2/data/containers/hdds
2019-11-15 13:01:37,700 [Thread-3499] INFO  impl.RaftServerProxy (ConfUtils.java:logGet(43)) - raft.rpc.type = GRPC (default)
2019-11-15 13:01:37,701 [Thread-3499] INFO  grpc.GrpcFactory (GrpcFactory.java:checkPooledByteBufAllocatorUseCacheForAllThreads(45)) - PERFORMANCE WARNING: useCacheForAllThreads is true that may cause Netty to create a lot garbage objects and, as a result, trigger GC.
	It is recommended to disable useCacheForAllThreads by setting -Dorg.apache.ratis.thirdparty.io.netty.allocator.useCacheForAllThreads=false in command line.
2019-11-15 13:01:37,701 [Thread-3499] INFO  grpc.GrpcConfigKeys$Server (ConfUtils.java:logGet(43)) - raft.grpc.server.port = 0 (default)
2019-11-15 13:01:37,701 [Thread-3499] INFO  server.GrpcService (ConfUtils.java:logGet(43)) - raft.grpc.message.size.max = 33570816 (custom)
2019-11-15 13:01:37,701 [Thread-3499] INFO  server.RaftServerConfigKeys (ConfUtils.java:logGet(43)) - raft.server.log.appender.buffer.byte-limit = 33554432 (custom)
2019-11-15 13:01:37,701 [Thread-3499] INFO  server.GrpcService (ConfUtils.java:logGet(43)) - raft.grpc.flow.control.window = 1MB (=1048576) (default)
2019-11-15 13:01:37,701 [Thread-3499] INFO  server.RaftServerConfigKeys (ConfUtils.java:logGet(43)) - raft.server.rpc.request.timeout = 3000ms (default)
2019-11-15 13:01:37,702 [Thread-3499] INFO  server.RaftServerConfigKeys (ConfUtils.java:logGet(43)) - raft.server.storage.dir = [/workdir/hadoop-ozone/integration-test/target/test-dir/MiniOzoneClusterImpl-8dc4e64a-e7f2-467c-840f-7d8b418ee89f/datanode-2/data/ratis] (custom)
2019-11-15 13:01:37,703 [Thread-3499] INFO  hdfs.DFSUtil (DFSUtil.java:httpServerTemplateForNNAndJN(1641)) - Starting Web-server for hddsDatanode at: http://0.0.0.0:0
2019-11-15 13:01:37,708 [Thread-3499] INFO  server.AuthenticationFilter (AuthenticationFilter.java:constructSecretProvider(240)) - Unable to initialize FileSignerSecretProvider, falling back to use random secrets.
2019-11-15 13:01:37,709 [Thread-3499] WARN  http.HttpRequestLog (HttpRequestLog.java:getRequestLog(97)) - Jetty request log can only be enabled using Log4j
2019-11-15 13:01:37,710 [Thread-3499] INFO  http.HttpServer2 (HttpServer2.java:addGlobalFilter(975)) - Added global filter 'safety' (class=org.apache.hadoop.http.HttpServer2$QuotingInputFilter)
2019-11-15 13:01:37,710 [Thread-3499] INFO  http.HttpServer2 (HttpServer2.java:addFilter(948)) - Added filter static_user_filter (class=org.apache.hadoop.http.lib.StaticUserWebFilter$StaticUserFilter) to context hddsDatanode
2019-11-15 13:01:37,710 [Thread-3499] INFO  http.HttpServer2 (HttpServer2.java:addFilter(958)) - Added filter static_user_filter (class=org.apache.hadoop.http.lib.StaticUserWebFilter$StaticUserFilter) to context logs
2019-11-15 13:01:37,710 [Thread-3499] INFO  http.HttpServer2 (HttpServer2.java:addFilter(958)) - Added filter static_user_filter (class=org.apache.hadoop.http.lib.StaticUserWebFilter$StaticUserFilter) to context static
2019-11-15 13:01:37,711 [Thread-3499] INFO  http.HttpServer2 (HttpServer2.java:bindListener(1191)) - Jetty bound to port 38808
2019-11-15 13:01:37,711 [Thread-3499] INFO  server.Server (Server.java:doStart(351)) - jetty-9.3.25.v20180904, build timestamp: 2018-09-04T21:11:46Z, git hash: 3ce520221d0240229c862b122d2b06c12a625732
2019-11-15 13:01:37,712 [Thread-3499] INFO  handler.ContextHandler (ContextHandler.java:doStart(781)) - Started o.e.j.s.ServletContextHandler@34887386{/logs,file:///workdir/hadoop-ozone/integration-test/target/log,AVAILABLE}
2019-11-15 13:01:37,713 [Thread-3499] INFO  handler.ContextHandler (ContextHandler.java:doStart(781)) - Started o.e.j.s.ServletContextHandler@356dfdc3{/static,jar:file:/home/user/.m2/repository/org/apache/hadoop/hadoop-hdds-container-service/0.5.0-SNAPSHOT/hadoop-hdds-container-service-0.5.0-SNAPSHOT.jar!/webapps/static,AVAILABLE}
2019-11-15 13:01:37,742 [Thread-3499] INFO  handler.ContextHandler (ContextHandler.java:doStart(781)) - Started o.e.j.w.WebAppContext@6b62c18{/,file:///tmp/jetty-0.0.0.0-38808-hddsDatanode-_-any-710880599069573174.dir/webapp/,AVAILABLE}{/hddsDatanode}
2019-11-15 13:01:37,743 [Thread-3499] INFO  server.AbstractConnector (AbstractConnector.java:doStart(278)) - Started ServerConnector@43848086{HTTP/1.1,[http/1.1]}{0.0.0.0:38808}
2019-11-15 13:01:37,743 [Thread-3499] INFO  server.Server (Server.java:doStart(419)) - Started @248563ms
2019-11-15 13:01:37,743 [Thread-3499] WARN  impl.MetricsSystemImpl (MetricsSystemImpl.java:register(276)) - Sink prometheus already exists!
2019-11-15 13:01:37,748 [Thread-3499] INFO  server.BaseHttpServer (BaseHttpServer.java:updateConnectorAddress(215)) - HTTP server of HDDSDATANODE is listening at http://0.0.0.0:38808
2019-11-15 13:01:37,748 [Thread-3499] INFO  ozone.MiniOzoneClusterImpl (MiniOzoneClusterImpl.java:lambda$waitForClusterToBeReady$0(150)) - Waiting for nodes to be ready. Got 0 of 3 DN Heartbeats.
2019-11-15 13:01:37,748 [Thread-3499] INFO  ozone.MiniOzoneClusterImpl (MiniOzoneClusterImpl.java:lambda$waitForClusterToBeReady$0(153)) - Waiting for cluster to exit safe mode
2019-11-15 13:01:37,750 [org.apache.hadoop.util.JvmPauseMonitor$Monitor@1a1d69eb] INFO  util.JvmPauseMonitor (JvmPauseMonitor.java:run(188)) - Starting JVM pause monitor
2019-11-15 13:01:37,751 [Datanode State Machine Thread - 0] INFO  datanode.InitDatanodeState (InitDatanodeState.java:persistContainerDatanodeDetails(140)) - DatanodeDetails is persisted to /workdir/hadoop-ozone/integration-test/target/test-dir/MiniOzoneClusterImpl-8dc4e64a-e7f2-467c-840f-7d8b418ee89f/datanode-2/meta/datanode.id
2019-11-15 13:01:38,753 [Thread-3499] INFO  ozone.MiniOzoneClusterImpl (MiniOzoneClusterImpl.java:lambda$waitForClusterToBeReady$0(150)) - Waiting for nodes to be ready. Got 0 of 3 DN Heartbeats.
2019-11-15 13:01:38,754 [Thread-3499] INFO  ozone.MiniOzoneClusterImpl (MiniOzoneClusterImpl.java:lambda$waitForClusterToBeReady$0(153)) - Waiting for cluster to exit safe mode
2019-11-15 13:01:39,640 [Datanode State Machine Thread - 0] INFO  ozoneimpl.OzoneContainer (OzoneContainer.java:start(230)) - Attempting to start container services.
2019-11-15 13:01:39,641 [Datanode State Machine Thread - 0] INFO  ozoneimpl.OzoneContainer (OzoneContainer.java:startContainerScrub(194)) - Background container scanner has been disabled.
2019-11-15 13:01:39,641 [Datanode State Machine Thread - 0] INFO  ratis.XceiverServerRatis (XceiverServerRatis.java:start(422)) - Starting XceiverServerRatis 56d2de60-b1b3-4076-aa6f-99b123aebd62 at port 0
2019-11-15 13:01:39,650 [Datanode State Machine Thread - 0] INFO  impl.RaftServerProxy (RaftServerProxy.java:lambda$start$3(299)) - 56d2de60-b1b3-4076-aa6f-99b123aebd62: start RPC server
2019-11-15 13:01:39,652 [Datanode State Machine Thread - 0] INFO  server.GrpcService (GrpcService.java:startImpl(158)) - 56d2de60-b1b3-4076-aa6f-99b123aebd62: GrpcService started, listening on 0.0.0.0/0.0.0.0:37082
2019-11-15 13:01:39,652 [Datanode State Machine Thread - 0] INFO  ratis.XceiverServerRatis (XceiverServerRatis.java:start(432)) - XceiverServerRatis 56d2de60-b1b3-4076-aa6f-99b123aebd62 is started using port 37082
2019-11-15 13:01:39,655 [Datanode State Machine Thread - 0] INFO  server.XceiverServerGrpc (XceiverServerGrpc.java:start(145)) - XceiverServerGrpc 56d2de60-b1b3-4076-aa6f-99b123aebd62 is started using port 38263
2019-11-15 13:01:39,707 [Datanode State Machine Thread - 0] INFO  ozoneimpl.OzoneContainer (OzoneContainer.java:start(230)) - Attempting to start container services.
2019-11-15 13:01:39,708 [Datanode State Machine Thread - 0] INFO  ozoneimpl.OzoneContainer (OzoneContainer.java:startContainerScrub(194)) - Background container scanner has been disabled.
2019-11-15 13:01:39,708 [Datanode State Machine Thread - 0] INFO  ratis.XceiverServerRatis (XceiverServerRatis.java:start(422)) - Starting XceiverServerRatis 76baf177-36d8-409e-a7c9-e1ee96baf7e8 at port 0
2019-11-15 13:01:39,717 [Datanode State Machine Thread - 0] INFO  impl.RaftServerProxy (RaftServerProxy.java:lambda$start$3(299)) - 76baf177-36d8-409e-a7c9-e1ee96baf7e8: start RPC server
2019-11-15 13:01:39,718 [Datanode State Machine Thread - 0] INFO  server.GrpcService (GrpcService.java:startImpl(158)) - 76baf177-36d8-409e-a7c9-e1ee96baf7e8: GrpcService started, listening on 0.0.0.0/0.0.0.0:42617
2019-11-15 13:01:39,718 [Datanode State Machine Thread - 0] INFO  ratis.XceiverServerRatis (XceiverServerRatis.java:start(432)) - XceiverServerRatis 76baf177-36d8-409e-a7c9-e1ee96baf7e8 is started using port 42617
2019-11-15 13:01:39,718 [Datanode State Machine Thread - 0] INFO  server.XceiverServerGrpc (XceiverServerGrpc.java:start(145)) - XceiverServerGrpc 76baf177-36d8-409e-a7c9-e1ee96baf7e8 is started using port 43236
2019-11-15 13:01:39,754 [Thread-3499] INFO  ozone.MiniOzoneClusterImpl (MiniOzoneClusterImpl.java:lambda$waitForClusterToBeReady$0(150)) - Waiting for nodes to be ready. Got 0 of 3 DN Heartbeats.
2019-11-15 13:01:39,755 [Thread-3499] INFO  ozone.MiniOzoneClusterImpl (MiniOzoneClusterImpl.java:lambda$waitForClusterToBeReady$0(153)) - Waiting for cluster to exit safe mode
2019-11-15 13:01:39,774 [Datanode State Machine Thread - 0] INFO  ozoneimpl.OzoneContainer (OzoneContainer.java:start(230)) - Attempting to start container services.
2019-11-15 13:01:39,774 [Datanode State Machine Thread - 0] INFO  ozoneimpl.OzoneContainer (OzoneContainer.java:startContainerScrub(194)) - Background container scanner has been disabled.
2019-11-15 13:01:39,774 [Datanode State Machine Thread - 0] INFO  ratis.XceiverServerRatis (XceiverServerRatis.java:start(422)) - Starting XceiverServerRatis a8f70695-1c42-4d96-925b-c3fcf2432bdd at port 0
2019-11-15 13:01:39,783 [Datanode State Machine Thread - 0] INFO  impl.RaftServerProxy (RaftServerProxy.java:lambda$start$3(299)) - a8f70695-1c42-4d96-925b-c3fcf2432bdd: start RPC server
2019-11-15 13:01:39,786 [Datanode State Machine Thread - 0] INFO  server.GrpcService (GrpcService.java:startImpl(158)) - a8f70695-1c42-4d96-925b-c3fcf2432bdd: GrpcService started, listening on 0.0.0.0/0.0.0.0:36381
2019-11-15 13:01:39,787 [Datanode State Machine Thread - 0] INFO  ratis.XceiverServerRatis (XceiverServerRatis.java:start(432)) - XceiverServerRatis a8f70695-1c42-4d96-925b-c3fcf2432bdd is started using port 36381
2019-11-15 13:01:39,787 [Datanode State Machine Thread - 0] INFO  server.XceiverServerGrpc (XceiverServerGrpc.java:start(145)) - XceiverServerGrpc a8f70695-1c42-4d96-925b-c3fcf2432bdd is started using port 45490
2019-11-15 13:01:40,755 [Thread-3499] INFO  ozone.MiniOzoneClusterImpl (MiniOzoneClusterImpl.java:lambda$waitForClusterToBeReady$0(150)) - Waiting for nodes to be ready. Got 0 of 3 DN Heartbeats.
2019-11-15 13:01:40,755 [Thread-3499] INFO  ozone.MiniOzoneClusterImpl (MiniOzoneClusterImpl.java:lambda$waitForClusterToBeReady$0(153)) - Waiting for cluster to exit safe mode
2019-11-15 13:01:41,603 [IPC Server handler 0 on 42401] INFO  net.NetworkTopology (NetworkTopologyImpl.java:add(111)) - Added a new node: /default-rack/56d2de60-b1b3-4076-aa6f-99b123aebd62
2019-11-15 13:01:41,604 [IPC Server handler 0 on 42401] INFO  node.SCMNodeManager (SCMNodeManager.java:register(267)) - Registered Data node : 56d2de60-b1b3-4076-aa6f-99b123aebd62{ip: 192.168.157.228, host: pr-hdds-2448-del-container-94542-2491966341, networkLocation: /default-rack, certSerialId: null}
2019-11-15 13:01:41,604 [RatisPipelineUtilsThread] INFO  pipeline.RatisPipelineProvider (RatisPipelineProvider.java:lambda$create$4(163)) - Send pipeline:PipelineID=1c905915-c5bf-46a6-871f-11a8538d5111 create command to datanode 56d2de60-b1b3-4076-aa6f-99b123aebd62
2019-11-15 13:01:41,605 [EventQueue-NodeRegistrationContainerReportForContainerSafeModeRule] INFO  safemode.SCMSafeModeManager (SCMSafeModeManager.java:validateSafeModeExitRules(176)) - ContainerSafeModeRule rule is successfully validated
2019-11-15 13:01:41,605 [EventQueue-NodeRegistrationContainerReportForDataNodeSafeModeRule] INFO  safemode.SCMSafeModeManager (DataNodeSafeModeRule.java:process(71)) - SCM in safe mode. 1 DataNodes registered, 1 required.
2019-11-15 13:01:41,607 [EventQueue-NodeRegistrationContainerReportForDataNodeSafeModeRule] INFO  safemode.SCMSafeModeManager (SCMSafeModeManager.java:validateSafeModeExitRules(176)) - DataNodeSafeModeRule rule is successfully validated
2019-11-15 13:01:41,607 [RatisPipelineUtilsThread] INFO  pipeline.PipelineStateManager (PipelineStateManager.java:addPipeline(55)) - Created pipeline Pipeline[ Id: 1c905915-c5bf-46a6-871f-11a8538d5111, Nodes: 56d2de60-b1b3-4076-aa6f-99b123aebd62{ip: 192.168.157.228, host: pr-hdds-2448-del-container-94542-2491966341, networkLocation: /default-rack, certSerialId: null}, Type:RATIS, Factor:ONE, State:ALLOCATED]
2019-11-15 13:01:41,680 [IPC Server handler 2 on 42401] INFO  net.NetworkTopology (NetworkTopologyImpl.java:add(111)) - Added a new node: /default-rack/76baf177-36d8-409e-a7c9-e1ee96baf7e8
2019-11-15 13:01:41,680 [IPC Server handler 2 on 42401] INFO  node.SCMNodeManager (SCMNodeManager.java:register(267)) - Registered Data node : 76baf177-36d8-409e-a7c9-e1ee96baf7e8{ip: 192.168.157.228, host: pr-hdds-2448-del-container-94542-2491966341, networkLocation: /default-rack, certSerialId: null}
2019-11-15 13:01:41,681 [EventQueue-NodeRegistrationContainerReportForContainerSafeModeRule] INFO  safemode.SCMSafeModeManager (SCMSafeModeManager.java:validateSafeModeExitRules(176)) - ContainerSafeModeRule rule is successfully validated
2019-11-15 13:01:41,681 [EventQueue-NodeRegistrationContainerReportForDataNodeSafeModeRule] INFO  safemode.SCMSafeModeManager (SCMSafeModeManager.java:validateSafeModeExitRules(176)) - DataNodeSafeModeRule rule is successfully validated
2019-11-15 13:01:41,681 [RatisPipelineUtilsThread] INFO  pipeline.RatisPipelineProvider (RatisPipelineProvider.java:lambda$create$4(163)) - Send pipeline:PipelineID=569c7b6d-88a7-476c-b0ef-6c71d7258dab create command to datanode 76baf177-36d8-409e-a7c9-e1ee96baf7e8
2019-11-15 13:01:41,681 [RatisPipelineUtilsThread] INFO  pipeline.PipelineStateManager (PipelineStateManager.java:addPipeline(55)) - Created pipeline Pipeline[ Id: 569c7b6d-88a7-476c-b0ef-6c71d7258dab, Nodes: 76baf177-36d8-409e-a7c9-e1ee96baf7e8{ip: 192.168.157.228, host: pr-hdds-2448-del-container-94542-2491966341, networkLocation: /default-rack, certSerialId: null}, Type:RATIS, Factor:ONE, State:ALLOCATED]
2019-11-15 13:01:41,751 [IPC Server handler 3 on 42401] INFO  net.NetworkTopology (NetworkTopologyImpl.java:add(111)) - Added a new node: /default-rack/a8f70695-1c42-4d96-925b-c3fcf2432bdd
2019-11-15 13:01:41,751 [IPC Server handler 3 on 42401] INFO  node.SCMNodeManager (SCMNodeManager.java:register(267)) - Registered Data node : a8f70695-1c42-4d96-925b-c3fcf2432bdd{ip: 192.168.157.228, host: pr-hdds-2448-del-container-94542-2491966341, networkLocation: /default-rack, certSerialId: null}
2019-11-15 13:01:41,753 [RatisPipelineUtilsThread] INFO  pipeline.RatisPipelineProvider (RatisPipelineProvider.java:lambda$create$4(163)) - Send pipeline:PipelineID=2ec72d36-685e-4a96-9025-fed5a775d979 create command to datanode a8f70695-1c42-4d96-925b-c3fcf2432bdd
2019-11-15 13:01:41,753 [EventQueue-NodeRegistrationContainerReportForContainerSafeModeRule] INFO  safemode.SCMSafeModeManager (SCMSafeModeManager.java:validateSafeModeExitRules(176)) - ContainerSafeModeRule rule is successfully validated
2019-11-15 13:01:41,753 [EventQueue-NodeRegistrationContainerReportForDataNodeSafeModeRule] INFO  safemode.SCMSafeModeManager (SCMSafeModeManager.java:validateSafeModeExitRules(176)) - DataNodeSafeModeRule rule is successfully validated
2019-11-15 13:01:41,753 [RatisPipelineUtilsThread] INFO  pipeline.PipelineStateManager (PipelineStateManager.java:addPipeline(55)) - Created pipeline Pipeline[ Id: 2ec72d36-685e-4a96-9025-fed5a775d979, Nodes: a8f70695-1c42-4d96-925b-c3fcf2432bdd{ip: 192.168.157.228, host: pr-hdds-2448-del-container-94542-2491966341, networkLocation: /default-rack, certSerialId: null}, Type:RATIS, Factor:ONE, State:ALLOCATED]
2019-11-15 13:01:41,760 [Thread-3499] INFO  ozone.MiniOzoneClusterImpl (MiniOzoneClusterImpl.java:lambda$waitForClusterToBeReady$0(150)) - Nodes are ready. Got 3 of 3 DN Heartbeats.
2019-11-15 13:01:41,760 [Thread-3499] INFO  ozone.MiniOzoneClusterImpl (MiniOzoneClusterImpl.java:lambda$waitForClusterToBeReady$0(153)) - Waiting for cluster to exit safe mode
2019-11-15 13:01:41,762 [RatisPipelineUtilsThread] INFO  pipeline.RatisPipelineProvider (RatisPipelineProvider.java:lambda$create$4(163)) - Send pipeline:PipelineID=fe73d8b8-8e90-4aaa-9755-be2ecf6f0d9a create command to datanode 56d2de60-b1b3-4076-aa6f-99b123aebd62
2019-11-15 13:01:41,762 [RatisPipelineUtilsThread] INFO  pipeline.RatisPipelineProvider (RatisPipelineProvider.java:lambda$create$4(163)) - Send pipeline:PipelineID=fe73d8b8-8e90-4aaa-9755-be2ecf6f0d9a create command to datanode 76baf177-36d8-409e-a7c9-e1ee96baf7e8
2019-11-15 13:01:41,763 [RatisPipelineUtilsThread] INFO  pipeline.RatisPipelineProvider (RatisPipelineProvider.java:lambda$create$4(163)) - Send pipeline:PipelineID=fe73d8b8-8e90-4aaa-9755-be2ecf6f0d9a create command to datanode a8f70695-1c42-4d96-925b-c3fcf2432bdd
2019-11-15 13:01:41,763 [RatisPipelineUtilsThread] INFO  pipeline.PipelineStateManager (PipelineStateManager.java:addPipeline(55)) - Created pipeline Pipeline[ Id: fe73d8b8-8e90-4aaa-9755-be2ecf6f0d9a, Nodes: 56d2de60-b1b3-4076-aa6f-99b123aebd62{ip: 192.168.157.228, host: pr-hdds-2448-del-container-94542-2491966341, networkLocation: /default-rack, certSerialId: null}76baf177-36d8-409e-a7c9-e1ee96baf7e8{ip: 192.168.157.228, host: pr-hdds-2448-del-container-94542-2491966341, networkLocation: /default-rack, certSerialId: null}a8f70695-1c42-4d96-925b-c3fcf2432bdd{ip: 192.168.157.228, host: pr-hdds-2448-del-container-94542-2491966341, networkLocation: /default-rack, certSerialId: null}, Type:RATIS, Factor:THREE, State:ALLOCATED]
2019-11-15 13:01:42,761 [Thread-3499] INFO  ozone.MiniOzoneClusterImpl (MiniOzoneClusterImpl.java:lambda$waitForClusterToBeReady$0(150)) - Nodes are ready. Got 3 of 3 DN Heartbeats.
2019-11-15 13:01:42,761 [Thread-3499] INFO  ozone.MiniOzoneClusterImpl (MiniOzoneClusterImpl.java:lambda$waitForClusterToBeReady$0(153)) - Waiting for cluster to exit safe mode
2019-11-15 13:01:43,761 [Thread-3499] INFO  ozone.MiniOzoneClusterImpl (MiniOzoneClusterImpl.java:lambda$waitForClusterToBeReady$0(150)) - Nodes are ready. Got 3 of 3 DN Heartbeats.
2019-11-15 13:01:43,762 [Thread-3499] INFO  ozone.MiniOzoneClusterImpl (MiniOzoneClusterImpl.java:lambda$waitForClusterToBeReady$0(153)) - Waiting for cluster to exit safe mode
2019-11-15 13:01:44,597 [Command processor thread] INFO  impl.RaftServerProxy (RaftServerProxy.java:addNew(89)) - 56d2de60-b1b3-4076-aa6f-99b123aebd62: addNew group-11A8538D5111:[56d2de60-b1b3-4076-aa6f-99b123aebd62:192.168.157.228:37082] returns group-11A8538D5111:java.util.concurrent.CompletableFuture@92b87dd[Not completed]
2019-11-15 13:01:44,602 [pool-791-thread-1] INFO  impl.RaftServerImpl (RaftServerImpl.java:<init>(98)) - 56d2de60-b1b3-4076-aa6f-99b123aebd62: new RaftServerImpl for group-11A8538D5111:[56d2de60-b1b3-4076-aa6f-99b123aebd62:192.168.157.228:37082] with ContainerStateMachine:uninitialized
2019-11-15 13:01:44,603 [pool-791-thread-1] INFO  server.RaftServerConfigKeys (ConfUtils.java:logGet(43)) - raft.server.rpc.timeout.min = 5s (custom)
2019-11-15 13:01:44,603 [pool-791-thread-1] INFO  server.RaftServerConfigKeys (ConfUtils.java:logGet(43)) - raft.server.rpc.timeout.max = 5200ms (custom)
2019-11-15 13:01:44,603 [pool-791-thread-1] INFO  server.RaftServerConfigKeys (ConfUtils.java:logGet(43)) - raft.server.rpcslowness.timeout = 120s (custom)
2019-11-15 13:01:44,603 [pool-791-thread-1] INFO  server.RaftServerConfigKeys (ConfUtils.java:logGet(43)) - raft.server.sleep.deviation.threshold = 300 (default)
2019-11-15 13:01:44,603 [pool-791-thread-1] INFO  server.RaftServerConfigKeys (ConfUtils.java:logGet(43)) - raft.server.log.appender.install.snapshot.enabled = false (custom)
2019-11-15 13:01:44,604 [pool-791-thread-1] INFO  impl.RaftServerImpl (ServerState.java:<init>(103)) - 56d2de60-b1b3-4076-aa6f-99b123aebd62@group-11A8538D5111: ConfigurationManager, init=-1: [56d2de60-b1b3-4076-aa6f-99b123aebd62:192.168.157.228:37082], old=null, confs=<EMPTY_MAP>
2019-11-15 13:01:44,604 [pool-791-thread-1] INFO  server.RaftServerConfigKeys (ConfUtils.java:logGet(43)) - raft.server.storage.dir = [/workdir/hadoop-ozone/integration-test/target/test-dir/MiniOzoneClusterImpl-8dc4e64a-e7f2-467c-840f-7d8b418ee89f/datanode-0/data/ratis] (custom)
2019-11-15 13:01:44,605 [pool-791-thread-1] INFO  server.RaftServerConfigKeys (ConfUtils.java:logGet(43)) - raft.server.log.corruption.policy = EXCEPTION (default)
2019-11-15 13:01:44,605 [pool-791-thread-1] INFO  storage.RaftStorageDirectory (RaftStorageDirectory.java:analyzeStorage(246)) - The storage directory /workdir/hadoop-ozone/integration-test/target/test-dir/MiniOzoneClusterImpl-8dc4e64a-e7f2-467c-840f-7d8b418ee89f/datanode-0/data/ratis/1c905915-c5bf-46a6-871f-11a8538d5111 does not exist. Creating ...
2019-11-15 13:01:44,630 [pool-791-thread-1] INFO  storage.RaftStorageDirectory (RaftStorageDirectory.java:tryLock(328)) - Lock on /workdir/hadoop-ozone/integration-test/target/test-dir/MiniOzoneClusterImpl-8dc4e64a-e7f2-467c-840f-7d8b418ee89f/datanode-0/data/ratis/1c905915-c5bf-46a6-871f-11a8538d5111/in_use.lock acquired by nodename 22752@pr-hdds-2448-del-container-94542-2491966341
2019-11-15 13:01:44,655 [pool-791-thread-1] INFO  storage.RaftStorage (RaftStorage.java:format(84)) - Storage directory /workdir/hadoop-ozone/integration-test/target/test-dir/MiniOzoneClusterImpl-8dc4e64a-e7f2-467c-840f-7d8b418ee89f/datanode-0/data/ratis/1c905915-c5bf-46a6-871f-11a8538d5111 has been successfully formatted.
2019-11-15 13:01:44,655 [pool-791-thread-1] INFO  ratis.ContainerStateMachine (ContainerStateMachine.java:loadSnapshot(223)) - group-11A8538D5111: The snapshot info is null. Setting the last applied indexto:(t:0, i:~)
2019-11-15 13:01:44,655 [pool-791-thread-1] INFO  server.RaftServerConfigKeys (ConfUtils.java:logGet(43)) - raft.server.notification.no-leader.timeout = 120s (custom)
2019-11-15 13:01:44,656 [pool-791-thread-1] INFO  server.RaftServerConfigKeys (ConfUtils.java:logGet(43)) - raft.server.log.use.memory = false (default)
2019-11-15 13:01:44,656 [pool-791-thread-1] INFO  server.RaftServerConfigKeys (ConfUtils.java:logGet(43)) - raft.server.log.purge.gap = 1000000 (custom)
2019-11-15 13:01:44,656 [pool-791-thread-1] INFO  server.RaftServerConfigKeys (ConfUtils.java:logGet(43)) - raft.server.log.appender.buffer.byte-limit = 33554432 (custom)
2019-11-15 13:01:44,656 [pool-791-thread-1] INFO  server.RaftServerConfigKeys (ConfUtils.java:logGet(43)) - raft.server.log.segment.size.max = 1048576 (custom)
2019-11-15 13:01:44,657 [pool-791-thread-1] WARN  impl.MetricRegistriesImpl (MetricRegistriesImpl.java:lambda$create$1(61)) - First MetricRegistry has been created without registering reporters. You may need to call MetricRegistries.global().addReportRegistration(...) before.
2019-11-15 13:01:44,657 [pool-791-thread-1] INFO  server.RaftServerConfigKeys (ConfUtils.java:logGet(43)) - raft.server.log.segment.cache.num.max = 2 (custom)
2019-11-15 13:01:44,657 [pool-791-thread-1] INFO  segmented.SegmentedRaftLogWorker (SegmentedRaftLogWorker.java:<init>(173)) - new 56d2de60-b1b3-4076-aa6f-99b123aebd62@group-11A8538D5111-SegmentedRaftLogWorker for RaftStorage:Storage Directory /workdir/hadoop-ozone/integration-test/target/test-dir/MiniOzoneClusterImpl-8dc4e64a-e7f2-467c-840f-7d8b418ee89f/datanode-0/data/ratis/1c905915-c5bf-46a6-871f-11a8538d5111
2019-11-15 13:01:44,657 [pool-791-thread-1] INFO  server.RaftServerConfigKeys (ConfUtils.java:logGet(43)) - raft.server.log.queue.byte-limit = 2147483647 (custom)
2019-11-15 13:01:44,657 [pool-791-thread-1] INFO  server.RaftServerConfigKeys (ConfUtils.java:logGet(43)) - raft.server.log.queue.element-limit = 1024 (custom)
2019-11-15 13:01:44,658 [pool-791-thread-1] INFO  server.RaftServerConfigKeys (ConfUtils.java:logGet(43)) - raft.server.log.segment.size.max = 1048576 (custom)
2019-11-15 13:01:44,658 [pool-791-thread-1] INFO  server.RaftServerConfigKeys (ConfUtils.java:logGet(43)) - raft.server.log.preallocated.size = 16384 (custom)
2019-11-15 13:01:44,658 [pool-791-thread-1] INFO  server.RaftServerConfigKeys (ConfUtils.java:logGet(43)) - raft.server.log.write.buffer.size = 33554432 (custom)
2019-11-15 13:01:44,658 [pool-791-thread-1] INFO  server.RaftServerConfigKeys (ConfUtils.java:logGet(43)) - raft.server.log.force.sync.num = 128 (default)
2019-11-15 13:01:44,658 [pool-791-thread-1] INFO  server.RaftServerConfigKeys (ConfUtils.java:logGet(43)) - raft.server.log.statemachine.data.sync = true (default)
2019-11-15 13:01:44,658 [pool-791-thread-1] INFO  server.RaftServerConfigKeys (ConfUtils.java:logGet(43)) - raft.server.log.statemachine.data.sync.timeout = 10s (default)
2019-11-15 13:01:44,659 [pool-791-thread-1] INFO  server.RaftServerConfigKeys (ConfUtils.java:logGet(43)) - raft.server.log.statemachine.data.sync.timeout.retry = -1 (default)
2019-11-15 13:01:44,659 [pool-791-thread-1] INFO  server.RaftServerConfigKeys (ConfUtils.java:logGet(43)) - raft.server.log.statemachine.data.caching.enabled = true (custom)
2019-11-15 13:01:44,659 [pool-791-thread-1] INFO  segmented.SegmentedRaftLogWorker (SegmentedRaftLogWorker.java:lambda$new$0(128)) - 56d2de60-b1b3-4076-aa6f-99b123aebd62@group-11A8538D5111-SegmentedRaftLogWorker: flushIndex: setUnconditionally 0 -> -1
2019-11-15 13:01:44,660 [pool-791-thread-1] INFO  server.RaftServerConfigKeys (ConfUtils.java:logGet(43)) - raft.server.snapshot.auto.trigger.enabled = true (custom)
2019-11-15 13:01:44,660 [pool-791-thread-1] INFO  server.RaftServerConfigKeys (ConfUtils.java:logGet(43)) - raft.server.snapshot.auto.trigger.threshold = 10000 (custom)
2019-11-15 13:01:44,660 [pool-791-thread-1] INFO  server.RaftServerConfigKeys (ConfUtils.java:logGet(43)) - raft.server.snapshot.retention.file.num = 5 (custom)
2019-11-15 13:01:44,661 [pool-791-thread-1] INFO  server.RaftServerConfigKeys (ConfUtils.java:logGet(43)) - raft.server.retrycache.expirytime = 600000ms (custom)
2019-11-15 13:01:44,661 [pool-791-thread-1] WARN  impl.MetricRegistriesImpl (MetricRegistriesImpl.java:lambda$create$1(61)) - First MetricRegistry has been created without registering reporters. You may need to call MetricRegistries.global().addReportRegistration(...) before.
2019-11-15 13:01:44,662 [pool-791-thread-1] WARN  impl.MetricRegistriesImpl (MetricRegistriesImpl.java:lambda$create$1(61)) - First MetricRegistry has been created without registering reporters. You may need to call MetricRegistries.global().addReportRegistration(...) before.
2019-11-15 13:01:44,662 [pool-791-thread-1] INFO  impl.RaftServerImpl (RaftServerImpl.java:start(184)) - 56d2de60-b1b3-4076-aa6f-99b123aebd62@group-11A8538D5111: start as a follower, conf=-1: [56d2de60-b1b3-4076-aa6f-99b123aebd62:192.168.157.228:37082], old=null
2019-11-15 13:01:44,662 [pool-791-thread-1] INFO  impl.RaftServerImpl (RaftServerImpl.java:setRole(173)) - 56d2de60-b1b3-4076-aa6f-99b123aebd62@group-11A8538D5111: changes role from      null to FOLLOWER at term 0 for startAsFollower
2019-11-15 13:01:44,662 [pool-791-thread-1] INFO  impl.RoleInfo (RoleInfo.java:updateAndGet(143)) - 56d2de60-b1b3-4076-aa6f-99b123aebd62: start FollowerState
2019-11-15 13:01:44,663 [pool-791-thread-1] INFO  util.JmxRegister (JmxRegister.java:tryRegister(44)) - Successfully registered JMX Bean with object name Ratis:service=RaftServer,group=group-11A8538D5111,id=56d2de60-b1b3-4076-aa6f-99b123aebd62
2019-11-15 13:01:44,663 [pool-791-thread-1] WARN  impl.MetricRegistriesImpl (MetricRegistriesImpl.java:lambda$create$1(61)) - First MetricRegistry has been created without registering reporters. You may need to call MetricRegistries.global().addReportRegistration(...) before.
2019-11-15 13:01:44,664 [Command processor thread] INFO  commandhandler.CreatePipelineCommandHandler (CreatePipelineCommandHandler.java:handle(86)) - Create Pipeline RATIS ONE #id: "1c905915-c5bf-46a6-871f-11a8538d5111"
 command succeed on datanode 56d2de60-b1b3-4076-aa6f-99b123aebd62.
2019-11-15 13:01:44,666 [Command processor thread] INFO  impl.RaftServerProxy (RaftServerProxy.java:addNew(89)) - 56d2de60-b1b3-4076-aa6f-99b123aebd62: addNew group-BE2ECF6F0D9A:[a8f70695-1c42-4d96-925b-c3fcf2432bdd:192.168.157.228:36381, 56d2de60-b1b3-4076-aa6f-99b123aebd62:192.168.157.228:37082, 76baf177-36d8-409e-a7c9-e1ee96baf7e8:192.168.157.228:42617] returns group-BE2ECF6F0D9A:java.util.concurrent.CompletableFuture@d141220[Not completed]
2019-11-15 13:01:44,667 [EventQueue-PipelineReportForPipelineReportHandler] INFO  pipeline.PipelineReportHandler (PipelineReportHandler.java:processPipelineReport(113)) - Pipeline ONE PipelineID=1c905915-c5bf-46a6-871f-11a8538d5111 reported by 56d2de60-b1b3-4076-aa6f-99b123aebd62{ip: 192.168.157.228, host: pr-hdds-2448-del-container-94542-2491966341, networkLocation: /default-rack, certSerialId: null}
2019-11-15 13:01:44,667 [EventQueue-PipelineReportForPipelineReportHandler] INFO  pipeline.PipelineStateManager (PipelineStateManager.java:openPipeline(132)) - Pipeline Pipeline[ Id: 1c905915-c5bf-46a6-871f-11a8538d5111, Nodes: 56d2de60-b1b3-4076-aa6f-99b123aebd62{ip: 192.168.157.228, host: pr-hdds-2448-del-container-94542-2491966341, networkLocation: /default-rack, certSerialId: null}, Type:RATIS, Factor:ONE, State:ALLOCATED] moved to OPEN state
2019-11-15 13:01:44,667 [pool-791-thread-1] INFO  impl.RaftServerImpl (RaftServerImpl.java:<init>(98)) - 56d2de60-b1b3-4076-aa6f-99b123aebd62: new RaftServerImpl for group-BE2ECF6F0D9A:[a8f70695-1c42-4d96-925b-c3fcf2432bdd:192.168.157.228:36381, 56d2de60-b1b3-4076-aa6f-99b123aebd62:192.168.157.228:37082, 76baf177-36d8-409e-a7c9-e1ee96baf7e8:192.168.157.228:42617] with ContainerStateMachine:uninitialized
2019-11-15 13:01:44,667 [pool-791-thread-1] INFO  server.RaftServerConfigKeys (ConfUtils.java:logGet(43)) - raft.server.rpc.timeout.min = 5s (custom)
2019-11-15 13:01:44,671 [pool-791-thread-1] INFO  server.RaftServerConfigKeys (ConfUtils.java:logGet(43)) - raft.server.rpc.timeout.max = 5200ms (custom)
2019-11-15 13:01:44,671 [pool-791-thread-1] INFO  server.RaftServerConfigKeys (ConfUtils.java:logGet(43)) - raft.server.rpcslowness.timeout = 120s (custom)
2019-11-15 13:01:44,671 [pool-791-thread-1] INFO  server.RaftServerConfigKeys (ConfUtils.java:logGet(43)) - raft.server.sleep.deviation.threshold = 300 (default)
2019-11-15 13:01:44,671 [EventQueue-OpenPipelineForHealthyPipelineSafeModeRule] INFO  safemode.SCMSafeModeManager (HealthyPipelineSafeModeRule.java:process(132)) - SCM in safe mode. Healthy pipelines reported count is 0, required healthy pipeline reported count is 1
2019-11-15 13:01:44,671 [pool-791-thread-1] INFO  server.RaftServerConfigKeys (ConfUtils.java:logGet(43)) - raft.server.log.appender.install.snapshot.enabled = false (custom)
2019-11-15 13:01:44,671 [EventQueue-OpenPipelineForOneReplicaPipelineSafeModeRule] INFO  safemode.SCMSafeModeManager (SCMSafeModeManager.java:validateSafeModeExitRules(176)) - AtleastOneDatanodeReportedRule rule is successfully validated
2019-11-15 13:01:44,671 [pool-791-thread-1] INFO  impl.RaftServerImpl (ServerState.java:<init>(103)) - 56d2de60-b1b3-4076-aa6f-99b123aebd62@group-BE2ECF6F0D9A: ConfigurationManager, init=-1: [a8f70695-1c42-4d96-925b-c3fcf2432bdd:192.168.157.228:36381, 56d2de60-b1b3-4076-aa6f-99b123aebd62:192.168.157.228:37082, 76baf177-36d8-409e-a7c9-e1ee96baf7e8:192.168.157.228:42617], old=null, confs=<EMPTY_MAP>
2019-11-15 13:01:44,672 [pool-791-thread-1] INFO  server.RaftServerConfigKeys (ConfUtils.java:logGet(43)) - raft.server.storage.dir = [/workdir/hadoop-ozone/integration-test/target/test-dir/MiniOzoneClusterImpl-8dc4e64a-e7f2-467c-840f-7d8b418ee89f/datanode-0/data/ratis] (custom)
2019-11-15 13:01:44,672 [pool-791-thread-1] INFO  server.RaftServerConfigKeys (ConfUtils.java:logGet(43)) - raft.server.log.corruption.policy = EXCEPTION (default)
2019-11-15 13:01:44,672 [pool-791-thread-1] INFO  storage.RaftStorageDirectory (RaftStorageDirectory.java:analyzeStorage(246)) - The storage directory /workdir/hadoop-ozone/integration-test/target/test-dir/MiniOzoneClusterImpl-8dc4e64a-e7f2-467c-840f-7d8b418ee89f/datanode-0/data/ratis/fe73d8b8-8e90-4aaa-9755-be2ecf6f0d9a does not exist. Creating ...
2019-11-15 13:01:44,681 [Command processor thread] INFO  impl.RaftServerProxy (RaftServerProxy.java:addNew(89)) - 76baf177-36d8-409e-a7c9-e1ee96baf7e8: addNew group-6C71D7258DAB:[76baf177-36d8-409e-a7c9-e1ee96baf7e8:192.168.157.228:42617] returns group-6C71D7258DAB:java.util.concurrent.CompletableFuture@c3aa0ab[Not completed]
2019-11-15 13:01:44,682 [pool-802-thread-1] INFO  impl.RaftServerImpl (RaftServerImpl.java:<init>(98)) - 76baf177-36d8-409e-a7c9-e1ee96baf7e8: new RaftServerImpl for group-6C71D7258DAB:[76baf177-36d8-409e-a7c9-e1ee96baf7e8:192.168.157.228:42617] with ContainerStateMachine:uninitialized
2019-11-15 13:01:44,682 [pool-802-thread-1] INFO  server.RaftServerConfigKeys (ConfUtils.java:logGet(43)) - raft.server.rpc.timeout.min = 5s (custom)
2019-11-15 13:01:44,682 [pool-802-thread-1] INFO  server.RaftServerConfigKeys (ConfUtils.java:logGet(43)) - raft.server.rpc.timeout.max = 5200ms (custom)
2019-11-15 13:01:44,683 [pool-802-thread-1] INFO  server.RaftServerConfigKeys (ConfUtils.java:logGet(43)) - raft.server.rpcslowness.timeout = 120s (custom)
2019-11-15 13:01:44,683 [pool-802-thread-1] INFO  server.RaftServerConfigKeys (ConfUtils.java:logGet(43)) - raft.server.sleep.deviation.threshold = 300 (default)
2019-11-15 13:01:44,683 [pool-802-thread-1] INFO  server.RaftServerConfigKeys (ConfUtils.java:logGet(43)) - raft.server.log.appender.install.snapshot.enabled = false (custom)
2019-11-15 13:01:44,683 [pool-802-thread-1] INFO  impl.RaftServerImpl (ServerState.java:<init>(103)) - 76baf177-36d8-409e-a7c9-e1ee96baf7e8@group-6C71D7258DAB: ConfigurationManager, init=-1: [76baf177-36d8-409e-a7c9-e1ee96baf7e8:192.168.157.228:42617], old=null, confs=<EMPTY_MAP>
2019-11-15 13:01:44,683 [pool-802-thread-1] INFO  server.RaftServerConfigKeys (ConfUtils.java:logGet(43)) - raft.server.storage.dir = [/workdir/hadoop-ozone/integration-test/target/test-dir/MiniOzoneClusterImpl-8dc4e64a-e7f2-467c-840f-7d8b418ee89f/datanode-1/data/ratis] (custom)
2019-11-15 13:01:44,683 [pool-802-thread-1] INFO  server.RaftServerConfigKeys (ConfUtils.java:logGet(43)) - raft.server.log.corruption.policy = EXCEPTION (default)
2019-11-15 13:01:44,684 [pool-802-thread-1] INFO  storage.RaftStorageDirectory (RaftStorageDirectory.java:analyzeStorage(246)) - The storage directory /workdir/hadoop-ozone/integration-test/target/test-dir/MiniOzoneClusterImpl-8dc4e64a-e7f2-467c-840f-7d8b418ee89f/datanode-1/data/ratis/569c7b6d-88a7-476c-b0ef-6c71d7258dab does not exist. Creating ...
2019-11-15 13:01:44,695 [pool-791-thread-1] INFO  storage.RaftStorageDirectory (RaftStorageDirectory.java:tryLock(328)) - Lock on /workdir/hadoop-ozone/integration-test/target/test-dir/MiniOzoneClusterImpl-8dc4e64a-e7f2-467c-840f-7d8b418ee89f/datanode-0/data/ratis/fe73d8b8-8e90-4aaa-9755-be2ecf6f0d9a/in_use.lock acquired by nodename 22752@pr-hdds-2448-del-container-94542-2491966341
2019-11-15 13:01:44,717 [pool-802-thread-1] INFO  storage.RaftStorageDirectory (RaftStorageDirectory.java:tryLock(328)) - Lock on /workdir/hadoop-ozone/integration-test/target/test-dir/MiniOzoneClusterImpl-8dc4e64a-e7f2-467c-840f-7d8b418ee89f/datanode-1/data/ratis/569c7b6d-88a7-476c-b0ef-6c71d7258dab/in_use.lock acquired by nodename 22752@pr-hdds-2448-del-container-94542-2491966341
2019-11-15 13:01:44,717 [pool-791-thread-1] INFO  storage.RaftStorage (RaftStorage.java:format(84)) - Storage directory /workdir/hadoop-ozone/integration-test/target/test-dir/MiniOzoneClusterImpl-8dc4e64a-e7f2-467c-840f-7d8b418ee89f/datanode-0/data/ratis/fe73d8b8-8e90-4aaa-9755-be2ecf6f0d9a has been successfully formatted.
2019-11-15 13:01:44,718 [pool-791-thread-1] INFO  ratis.ContainerStateMachine (ContainerStateMachine.java:loadSnapshot(223)) - group-BE2ECF6F0D9A: The snapshot info is null. Setting the last applied indexto:(t:0, i:~)
2019-11-15 13:01:44,718 [pool-791-thread-1] INFO  server.RaftServerConfigKeys (ConfUtils.java:logGet(43)) - raft.server.notification.no-leader.timeout = 120s (custom)
2019-11-15 13:01:44,718 [pool-791-thread-1] INFO  server.RaftServerConfigKeys (ConfUtils.java:logGet(43)) - raft.server.log.use.memory = false (default)
2019-11-15 13:01:44,718 [pool-791-thread-1] INFO  server.RaftServerConfigKeys (ConfUtils.java:logGet(43)) - raft.server.log.purge.gap = 1000000 (custom)
2019-11-15 13:01:44,718 [pool-791-thread-1] INFO  server.RaftServerConfigKeys (ConfUtils.java:logGet(43)) - raft.server.log.appender.buffer.byte-limit = 33554432 (custom)
2019-11-15 13:01:44,718 [pool-791-thread-1] INFO  server.RaftServerConfigKeys (ConfUtils.java:logGet(43)) - raft.server.log.segment.size.max = 1048576 (custom)
2019-11-15 13:01:44,719 [pool-791-thread-1] INFO  server.RaftServerConfigKeys (ConfUtils.java:logGet(43)) - raft.server.log.segment.cache.num.max = 2 (custom)
2019-11-15 13:01:44,719 [pool-791-thread-1] INFO  segmented.SegmentedRaftLogWorker (SegmentedRaftLogWorker.java:<init>(173)) - new 56d2de60-b1b3-4076-aa6f-99b123aebd62@group-BE2ECF6F0D9A-SegmentedRaftLogWorker for RaftStorage:Storage Directory /workdir/hadoop-ozone/integration-test/target/test-dir/MiniOzoneClusterImpl-8dc4e64a-e7f2-467c-840f-7d8b418ee89f/datanode-0/data/ratis/fe73d8b8-8e90-4aaa-9755-be2ecf6f0d9a
2019-11-15 13:01:44,719 [pool-791-thread-1] INFO  server.RaftServerConfigKeys (ConfUtils.java:logGet(43)) - raft.server.log.queue.byte-limit = 2147483647 (custom)
2019-11-15 13:01:44,719 [pool-791-thread-1] INFO  server.RaftServerConfigKeys (ConfUtils.java:logGet(43)) - raft.server.log.queue.element-limit = 1024 (custom)
2019-11-15 13:01:44,719 [pool-791-thread-1] INFO  server.RaftServerConfigKeys (ConfUtils.java:logGet(43)) - raft.server.log.segment.size.max = 1048576 (custom)
2019-11-15 13:01:44,719 [pool-791-thread-1] INFO  server.RaftServerConfigKeys (ConfUtils.java:logGet(43)) - raft.server.log.preallocated.size = 16384 (custom)
2019-11-15 13:01:44,719 [pool-791-thread-1] INFO  server.RaftServerConfigKeys (ConfUtils.java:logGet(43)) - raft.server.log.write.buffer.size = 33554432 (custom)
2019-11-15 13:01:44,719 [pool-791-thread-1] INFO  server.RaftServerConfigKeys (ConfUtils.java:logGet(43)) - raft.server.log.force.sync.num = 128 (default)
2019-11-15 13:01:44,720 [pool-791-thread-1] INFO  server.RaftServerConfigKeys (ConfUtils.java:logGet(43)) - raft.server.log.statemachine.data.sync = true (default)
2019-11-15 13:01:44,720 [pool-791-thread-1] INFO  server.RaftServerConfigKeys (ConfUtils.java:logGet(43)) - raft.server.log.statemachine.data.sync.timeout = 10s (default)
2019-11-15 13:01:44,720 [pool-791-thread-1] INFO  server.RaftServerConfigKeys (ConfUtils.java:logGet(43)) - raft.server.log.statemachine.data.sync.timeout.retry = -1 (default)
2019-11-15 13:01:44,720 [pool-791-thread-1] INFO  server.RaftServerConfigKeys (ConfUtils.java:logGet(43)) - raft.server.log.statemachine.data.caching.enabled = true (custom)
2019-11-15 13:01:44,720 [pool-791-thread-1] INFO  segmented.SegmentedRaftLogWorker (SegmentedRaftLogWorker.java:lambda$new$0(128)) - 56d2de60-b1b3-4076-aa6f-99b123aebd62@group-BE2ECF6F0D9A-SegmentedRaftLogWorker: flushIndex: setUnconditionally 0 -> -1
2019-11-15 13:01:44,721 [pool-791-thread-1] INFO  server.RaftServerConfigKeys (ConfUtils.java:logGet(43)) - raft.server.snapshot.auto.trigger.enabled = true (custom)
2019-11-15 13:01:44,721 [pool-791-thread-1] INFO  server.RaftServerConfigKeys (ConfUtils.java:logGet(43)) - raft.server.snapshot.auto.trigger.threshold = 10000 (custom)
2019-11-15 13:01:44,721 [pool-791-thread-1] INFO  server.RaftServerConfigKeys (ConfUtils.java:logGet(43)) - raft.server.snapshot.retention.file.num = 5 (custom)
2019-11-15 13:01:44,721 [pool-791-thread-1] INFO  server.RaftServerConfigKeys (ConfUtils.java:logGet(43)) - raft.server.retrycache.expirytime = 600000ms (custom)
2019-11-15 13:01:44,721 [pool-791-thread-1] WARN  impl.MetricRegistriesImpl (MetricRegistriesImpl.java:lambda$create$1(61)) - First MetricRegistry has been created without registering reporters. You may need to call MetricRegistries.global().addReportRegistration(...) before.
2019-11-15 13:01:44,721 [pool-791-thread-1] WARN  impl.MetricRegistriesImpl (MetricRegistriesImpl.java:lambda$create$1(61)) - First MetricRegistry has been created without registering reporters. You may need to call MetricRegistries.global().addReportRegistration(...) before.
2019-11-15 13:01:44,722 [pool-791-thread-1] INFO  impl.RaftServerImpl (RaftServerImpl.java:start(184)) - 56d2de60-b1b3-4076-aa6f-99b123aebd62@group-BE2ECF6F0D9A: start as a follower, conf=-1: [a8f70695-1c42-4d96-925b-c3fcf2432bdd:192.168.157.228:36381, 56d2de60-b1b3-4076-aa6f-99b123aebd62:192.168.157.228:37082, 76baf177-36d8-409e-a7c9-e1ee96baf7e8:192.168.157.228:42617], old=null
2019-11-15 13:01:44,722 [pool-791-thread-1] INFO  impl.RaftServerImpl (RaftServerImpl.java:setRole(173)) - 56d2de60-b1b3-4076-aa6f-99b123aebd62@group-BE2ECF6F0D9A: changes role from      null to FOLLOWER at term 0 for startAsFollower
2019-11-15 13:01:44,722 [pool-791-thread-1] INFO  impl.RoleInfo (RoleInfo.java:updateAndGet(143)) - 56d2de60-b1b3-4076-aa6f-99b123aebd62: start FollowerState
2019-11-15 13:01:44,722 [pool-791-thread-1] INFO  util.JmxRegister (JmxRegister.java:tryRegister(44)) - Successfully registered JMX Bean with object name Ratis:service=RaftServer,group=group-BE2ECF6F0D9A,id=56d2de60-b1b3-4076-aa6f-99b123aebd62
2019-11-15 13:01:44,723 [pool-791-thread-1] WARN  impl.MetricRegistriesImpl (MetricRegistriesImpl.java:lambda$create$1(61)) - First MetricRegistry has been created without registering reporters. You may need to call MetricRegistries.global().addReportRegistration(...) before.
2019-11-15 13:01:44,723 [Command processor thread] INFO  commandhandler.CreatePipelineCommandHandler (CreatePipelineCommandHandler.java:handle(86)) - Create Pipeline RATIS THREE #id: "fe73d8b8-8e90-4aaa-9755-be2ecf6f0d9a"
 command succeed on datanode 56d2de60-b1b3-4076-aa6f-99b123aebd62.
2019-11-15 13:01:44,724 [EventQueue-PipelineReportForPipelineReportHandler] INFO  pipeline.PipelineReportHandler (PipelineReportHandler.java:processPipelineReport(113)) - Pipeline THREE PipelineID=fe73d8b8-8e90-4aaa-9755-be2ecf6f0d9a reported by 56d2de60-b1b3-4076-aa6f-99b123aebd62{ip: 192.168.157.228, host: pr-hdds-2448-del-container-94542-2491966341, networkLocation: /default-rack, certSerialId: null}
2019-11-15 13:01:44,741 [pool-802-thread-1] INFO  storage.RaftStorage (RaftStorage.java:format(84)) - Storage directory /workdir/hadoop-ozone/integration-test/target/test-dir/MiniOzoneClusterImpl-8dc4e64a-e7f2-467c-840f-7d8b418ee89f/datanode-1/data/ratis/569c7b6d-88a7-476c-b0ef-6c71d7258dab has been successfully formatted.
2019-11-15 13:01:44,741 [pool-802-thread-1] INFO  ratis.ContainerStateMachine (ContainerStateMachine.java:loadSnapshot(223)) - group-6C71D7258DAB: The snapshot info is null. Setting the last applied indexto:(t:0, i:~)
2019-11-15 13:01:44,741 [pool-802-thread-1] INFO  server.RaftServerConfigKeys (ConfUtils.java:logGet(43)) - raft.server.notification.no-leader.timeout = 120s (custom)
2019-11-15 13:01:44,741 [pool-802-thread-1] INFO  server.RaftServerConfigKeys (ConfUtils.java:logGet(43)) - raft.server.log.use.memory = false (default)
2019-11-15 13:01:44,741 [pool-802-thread-1] INFO  server.RaftServerConfigKeys (ConfUtils.java:logGet(43)) - raft.server.log.purge.gap = 1000000 (custom)
2019-11-15 13:01:44,742 [pool-802-thread-1] INFO  server.RaftServerConfigKeys (ConfUtils.java:logGet(43)) - raft.server.log.appender.buffer.byte-limit = 33554432 (custom)
2019-11-15 13:01:44,742 [pool-802-thread-1] INFO  server.RaftServerConfigKeys (ConfUtils.java:logGet(43)) - raft.server.log.segment.size.max = 1048576 (custom)
2019-11-15 13:01:44,742 [pool-802-thread-1] WARN  impl.MetricRegistriesImpl (MetricRegistriesImpl.java:lambda$create$1(61)) - First MetricRegistry has been created without registering reporters. You may need to call MetricRegistries.global().addReportRegistration(...) before.
2019-11-15 13:01:44,742 [pool-802-thread-1] INFO  server.RaftServerConfigKeys (ConfUtils.java:logGet(43)) - raft.server.log.segment.cache.num.max = 2 (custom)
2019-11-15 13:01:44,742 [pool-802-thread-1] INFO  segmented.SegmentedRaftLogWorker (SegmentedRaftLogWorker.java:<init>(173)) - new 76baf177-36d8-409e-a7c9-e1ee96baf7e8@group-6C71D7258DAB-SegmentedRaftLogWorker for RaftStorage:Storage Directory /workdir/hadoop-ozone/integration-test/target/test-dir/MiniOzoneClusterImpl-8dc4e64a-e7f2-467c-840f-7d8b418ee89f/datanode-1/data/ratis/569c7b6d-88a7-476c-b0ef-6c71d7258dab
2019-11-15 13:01:44,742 [pool-802-thread-1] INFO  server.RaftServerConfigKeys (ConfUtils.java:logGet(43)) - raft.server.log.queue.byte-limit = 2147483647 (custom)
2019-11-15 13:01:44,742 [pool-802-thread-1] INFO  server.RaftServerConfigKeys (ConfUtils.java:logGet(43)) - raft.server.log.queue.element-limit = 1024 (custom)
2019-11-15 13:01:44,742 [pool-802-thread-1] INFO  server.RaftServerConfigKeys (ConfUtils.java:logGet(43)) - raft.server.log.segment.size.max = 1048576 (custom)
2019-11-15 13:01:44,742 [pool-802-thread-1] INFO  server.RaftServerConfigKeys (ConfUtils.java:logGet(43)) - raft.server.log.preallocated.size = 16384 (custom)
2019-11-15 13:01:44,743 [pool-802-thread-1] INFO  server.RaftServerConfigKeys (ConfUtils.java:logGet(43)) - raft.server.log.write.buffer.size = 33554432 (custom)
2019-11-15 13:01:44,743 [pool-802-thread-1] INFO  server.RaftServerConfigKeys (ConfUtils.java:logGet(43)) - raft.server.log.force.sync.num = 128 (default)
2019-11-15 13:01:44,743 [pool-802-thread-1] INFO  server.RaftServerConfigKeys (ConfUtils.java:logGet(43)) - raft.server.log.statemachine.data.sync = true (default)
2019-11-15 13:01:44,743 [pool-802-thread-1] INFO  server.RaftServerConfigKeys (ConfUtils.java:logGet(43)) - raft.server.log.statemachine.data.sync.timeout = 10s (default)
2019-11-15 13:01:44,743 [pool-802-thread-1] INFO  server.RaftServerConfigKeys (ConfUtils.java:logGet(43)) - raft.server.log.statemachine.data.sync.timeout.retry = -1 (default)
2019-11-15 13:01:44,743 [pool-802-thread-1] INFO  server.RaftServerConfigKeys (ConfUtils.java:logGet(43)) - raft.server.log.statemachine.data.caching.enabled = true (custom)
2019-11-15 13:01:44,743 [pool-802-thread-1] INFO  segmented.SegmentedRaftLogWorker (SegmentedRaftLogWorker.java:lambda$new$0(128)) - 76baf177-36d8-409e-a7c9-e1ee96baf7e8@group-6C71D7258DAB-SegmentedRaftLogWorker: flushIndex: setUnconditionally 0 -> -1
2019-11-15 13:01:44,744 [pool-802-thread-1] INFO  server.RaftServerConfigKeys (ConfUtils.java:logGet(43)) - raft.server.snapshot.auto.trigger.enabled = true (custom)
2019-11-15 13:01:44,744 [pool-802-thread-1] INFO  server.RaftServerConfigKeys (ConfUtils.java:logGet(43)) - raft.server.snapshot.auto.trigger.threshold = 10000 (custom)
2019-11-15 13:01:44,744 [pool-802-thread-1] INFO  server.RaftServerConfigKeys (ConfUtils.java:logGet(43)) - raft.server.snapshot.retention.file.num = 5 (custom)
2019-11-15 13:01:44,744 [pool-802-thread-1] INFO  server.RaftServerConfigKeys (ConfUtils.java:logGet(43)) - raft.server.retrycache.expirytime = 600000ms (custom)
2019-11-15 13:01:44,744 [pool-802-thread-1] WARN  impl.MetricRegistriesImpl (MetricRegistriesImpl.java:lambda$create$1(61)) - First MetricRegistry has been created without registering reporters. You may need to call MetricRegistries.global().addReportRegistration(...) before.
2019-11-15 13:01:44,744 [pool-802-thread-1] WARN  impl.MetricRegistriesImpl (MetricRegistriesImpl.java:lambda$create$1(61)) - First MetricRegistry has been created without registering reporters. You may need to call MetricRegistries.global().addReportRegistration(...) before.
2019-11-15 13:01:44,744 [pool-802-thread-1] INFO  impl.RaftServerImpl (RaftServerImpl.java:start(184)) - 76baf177-36d8-409e-a7c9-e1ee96baf7e8@group-6C71D7258DAB: start as a follower, conf=-1: [76baf177-36d8-409e-a7c9-e1ee96baf7e8:192.168.157.228:42617], old=null
2019-11-15 13:01:44,745 [pool-802-thread-1] INFO  impl.RaftServerImpl (RaftServerImpl.java:setRole(173)) - 76baf177-36d8-409e-a7c9-e1ee96baf7e8@group-6C71D7258DAB: changes role from      null to FOLLOWER at term 0 for startAsFollower
2019-11-15 13:01:44,745 [pool-802-thread-1] INFO  impl.RoleInfo (RoleInfo.java:updateAndGet(143)) - 76baf177-36d8-409e-a7c9-e1ee96baf7e8: start FollowerState
2019-11-15 13:01:44,745 [pool-802-thread-1] INFO  util.JmxRegister (JmxRegister.java:tryRegister(44)) - Successfully registered JMX Bean with object name Ratis:service=RaftServer,group=group-6C71D7258DAB,id=76baf177-36d8-409e-a7c9-e1ee96baf7e8
2019-11-15 13:01:44,745 [pool-802-thread-1] WARN  impl.MetricRegistriesImpl (MetricRegistriesImpl.java:lambda$create$1(61)) - First MetricRegistry has been created without registering reporters. You may need to call MetricRegistries.global().addReportRegistration(...) before.
2019-11-15 13:01:44,746 [Command processor thread] INFO  commandhandler.CreatePipelineCommandHandler (CreatePipelineCommandHandler.java:handle(86)) - Create Pipeline RATIS ONE #id: "569c7b6d-88a7-476c-b0ef-6c71d7258dab"
 command succeed on datanode 76baf177-36d8-409e-a7c9-e1ee96baf7e8.
2019-11-15 13:01:44,748 [Command processor thread] INFO  impl.RaftServerProxy (RaftServerProxy.java:addNew(89)) - 76baf177-36d8-409e-a7c9-e1ee96baf7e8: addNew group-BE2ECF6F0D9A:[a8f70695-1c42-4d96-925b-c3fcf2432bdd:192.168.157.228:36381, 56d2de60-b1b3-4076-aa6f-99b123aebd62:192.168.157.228:37082, 76baf177-36d8-409e-a7c9-e1ee96baf7e8:192.168.157.228:42617] returns group-BE2ECF6F0D9A:java.util.concurrent.CompletableFuture@80535f4[Not completed]
2019-11-15 13:01:44,748 [EventQueue-PipelineReportForPipelineReportHandler] INFO  pipeline.PipelineReportHandler (PipelineReportHandler.java:processPipelineReport(113)) - Pipeline ONE PipelineID=569c7b6d-88a7-476c-b0ef-6c71d7258dab reported by 76baf177-36d8-409e-a7c9-e1ee96baf7e8{ip: 192.168.157.228, host: pr-hdds-2448-del-container-94542-2491966341, networkLocation: /default-rack, certSerialId: null}
2019-11-15 13:01:44,749 [EventQueue-PipelineReportForPipelineReportHandler] INFO  pipeline.PipelineStateManager (PipelineStateManager.java:openPipeline(132)) - Pipeline Pipeline[ Id: 569c7b6d-88a7-476c-b0ef-6c71d7258dab, Nodes: 76baf177-36d8-409e-a7c9-e1ee96baf7e8{ip: 192.168.157.228, host: pr-hdds-2448-del-container-94542-2491966341, networkLocation: /default-rack, certSerialId: null}, Type:RATIS, Factor:ONE, State:ALLOCATED] moved to OPEN state
2019-11-15 13:01:44,749 [EventQueue-OpenPipelineForHealthyPipelineSafeModeRule] INFO  safemode.SCMSafeModeManager (HealthyPipelineSafeModeRule.java:process(132)) - SCM in safe mode. Healthy pipelines reported count is 0, required healthy pipeline reported count is 1
2019-11-15 13:01:44,749 [EventQueue-OpenPipelineForOneReplicaPipelineSafeModeRule] INFO  safemode.SCMSafeModeManager (SCMSafeModeManager.java:validateSafeModeExitRules(176)) - AtleastOneDatanodeReportedRule rule is successfully validated
2019-11-15 13:01:44,749 [pool-802-thread-1] INFO  impl.RaftServerImpl (RaftServerImpl.java:<init>(98)) - 76baf177-36d8-409e-a7c9-e1ee96baf7e8: new RaftServerImpl for group-BE2ECF6F0D9A:[a8f70695-1c42-4d96-925b-c3fcf2432bdd:192.168.157.228:36381, 56d2de60-b1b3-4076-aa6f-99b123aebd62:192.168.157.228:37082, 76baf177-36d8-409e-a7c9-e1ee96baf7e8:192.168.157.228:42617] with ContainerStateMachine:uninitialized
2019-11-15 13:01:44,749 [pool-802-thread-1] INFO  server.RaftServerConfigKeys (ConfUtils.java:logGet(43)) - raft.server.rpc.timeout.min = 5s (custom)
2019-11-15 13:01:44,749 [pool-802-thread-1] INFO  server.RaftServerConfigKeys (ConfUtils.java:logGet(43)) - raft.server.rpc.timeout.max = 5200ms (custom)
2019-11-15 13:01:44,750 [pool-802-thread-1] INFO  server.RaftServerConfigKeys (ConfUtils.java:logGet(43)) - raft.server.rpcslowness.timeout = 120s (custom)
2019-11-15 13:01:44,750 [pool-802-thread-1] INFO  server.RaftServerConfigKeys (ConfUtils.java:logGet(43)) - raft.server.sleep.deviation.threshold = 300 (default)
2019-11-15 13:01:44,750 [pool-802-thread-1] INFO  server.RaftServerConfigKeys (ConfUtils.java:logGet(43)) - raft.server.log.appender.install.snapshot.enabled = false (custom)
2019-11-15 13:01:44,750 [pool-802-thread-1] INFO  impl.RaftServerImpl (ServerState.java:<init>(103)) - 76baf177-36d8-409e-a7c9-e1ee96baf7e8@group-BE2ECF6F0D9A: ConfigurationManager, init=-1: [a8f70695-1c42-4d96-925b-c3fcf2432bdd:192.168.157.228:36381, 56d2de60-b1b3-4076-aa6f-99b123aebd62:192.168.157.228:37082, 76baf177-36d8-409e-a7c9-e1ee96baf7e8:192.168.157.228:42617], old=null, confs=<EMPTY_MAP>
2019-11-15 13:01:44,750 [pool-802-thread-1] INFO  server.RaftServerConfigKeys (ConfUtils.java:logGet(43)) - raft.server.storage.dir = [/workdir/hadoop-ozone/integration-test/target/test-dir/MiniOzoneClusterImpl-8dc4e64a-e7f2-467c-840f-7d8b418ee89f/datanode-1/data/ratis] (custom)
2019-11-15 13:01:44,752 [pool-802-thread-1] INFO  server.RaftServerConfigKeys (ConfUtils.java:logGet(43)) - raft.server.log.corruption.policy = EXCEPTION (default)
2019-11-15 13:01:44,752 [Command processor thread] INFO  impl.RaftServerProxy (RaftServerProxy.java:addNew(89)) - a8f70695-1c42-4d96-925b-c3fcf2432bdd: addNew group-FED5A775D979:[a8f70695-1c42-4d96-925b-c3fcf2432bdd:192.168.157.228:36381] returns group-FED5A775D979:java.util.concurrent.CompletableFuture@39731419[Not completed]
2019-11-15 13:01:44,752 [pool-802-thread-1] INFO  storage.RaftStorageDirectory (RaftStorageDirectory.java:analyzeStorage(246)) - The storage directory /workdir/hadoop-ozone/integration-test/target/test-dir/MiniOzoneClusterImpl-8dc4e64a-e7f2-467c-840f-7d8b418ee89f/datanode-1/data/ratis/fe73d8b8-8e90-4aaa-9755-be2ecf6f0d9a does not exist. Creating ...
2019-11-15 13:01:44,753 [pool-813-thread-1] INFO  impl.RaftServerImpl (RaftServerImpl.java:<init>(98)) - a8f70695-1c42-4d96-925b-c3fcf2432bdd: new RaftServerImpl for group-FED5A775D979:[a8f70695-1c42-4d96-925b-c3fcf2432bdd:192.168.157.228:36381] with ContainerStateMachine:uninitialized
2019-11-15 13:01:44,753 [pool-813-thread-1] INFO  server.RaftServerConfigKeys (ConfUtils.java:logGet(43)) - raft.server.rpc.timeout.min = 5s (custom)
2019-11-15 13:01:44,754 [pool-813-thread-1] INFO  server.RaftServerConfigKeys (ConfUtils.java:logGet(43)) - raft.server.rpc.timeout.max = 5200ms (custom)
2019-11-15 13:01:44,754 [pool-813-thread-1] INFO  server.RaftServerConfigKeys (ConfUtils.java:logGet(43)) - raft.server.rpcslowness.timeout = 120s (custom)
2019-11-15 13:01:44,754 [pool-813-thread-1] INFO  server.RaftServerConfigKeys (ConfUtils.java:logGet(43)) - raft.server.sleep.deviation.threshold = 300 (default)
2019-11-15 13:01:44,754 [pool-813-thread-1] INFO  server.RaftServerConfigKeys (ConfUtils.java:logGet(43)) - raft.server.log.appender.install.snapshot.enabled = false (custom)
2019-11-15 13:01:44,754 [pool-813-thread-1] INFO  impl.RaftServerImpl (ServerState.java:<init>(103)) - a8f70695-1c42-4d96-925b-c3fcf2432bdd@group-FED5A775D979: ConfigurationManager, init=-1: [a8f70695-1c42-4d96-925b-c3fcf2432bdd:192.168.157.228:36381], old=null, confs=<EMPTY_MAP>
2019-11-15 13:01:44,754 [pool-813-thread-1] INFO  server.RaftServerConfigKeys (ConfUtils.java:logGet(43)) - raft.server.storage.dir = [/workdir/hadoop-ozone/integration-test/target/test-dir/MiniOzoneClusterImpl-8dc4e64a-e7f2-467c-840f-7d8b418ee89f/datanode-2/data/ratis] (custom)
2019-11-15 13:01:44,754 [pool-813-thread-1] INFO  server.RaftServerConfigKeys (ConfUtils.java:logGet(43)) - raft.server.log.corruption.policy = EXCEPTION (default)
2019-11-15 13:01:44,755 [pool-813-thread-1] INFO  storage.RaftStorageDirectory (RaftStorageDirectory.java:analyzeStorage(246)) - The storage directory /workdir/hadoop-ozone/integration-test/target/test-dir/MiniOzoneClusterImpl-8dc4e64a-e7f2-467c-840f-7d8b418ee89f/datanode-2/data/ratis/2ec72d36-685e-4a96-9025-fed5a775d979 does not exist. Creating ...
2019-11-15 13:01:44,762 [Thread-3499] INFO  ozone.MiniOzoneClusterImpl (MiniOzoneClusterImpl.java:lambda$waitForClusterToBeReady$0(150)) - Nodes are ready. Got 3 of 3 DN Heartbeats.
2019-11-15 13:01:44,762 [Thread-3499] INFO  ozone.MiniOzoneClusterImpl (MiniOzoneClusterImpl.java:lambda$waitForClusterToBeReady$0(153)) - Waiting for cluster to exit safe mode
2019-11-15 13:01:44,775 [pool-802-thread-1] INFO  storage.RaftStorageDirectory (RaftStorageDirectory.java:tryLock(328)) - Lock on /workdir/hadoop-ozone/integration-test/target/test-dir/MiniOzoneClusterImpl-8dc4e64a-e7f2-467c-840f-7d8b418ee89f/datanode-1/data/ratis/fe73d8b8-8e90-4aaa-9755-be2ecf6f0d9a/in_use.lock acquired by nodename 22752@pr-hdds-2448-del-container-94542-2491966341
2019-11-15 13:01:44,775 [pool-813-thread-1] INFO  storage.RaftStorageDirectory (RaftStorageDirectory.java:tryLock(328)) - Lock on /workdir/hadoop-ozone/integration-test/target/test-dir/MiniOzoneClusterImpl-8dc4e64a-e7f2-467c-840f-7d8b418ee89f/datanode-2/data/ratis/2ec72d36-685e-4a96-9025-fed5a775d979/in_use.lock acquired by nodename 22752@pr-hdds-2448-del-container-94542-2491966341
2019-11-15 13:01:44,798 [pool-802-thread-1] INFO  storage.RaftStorage (RaftStorage.java:format(84)) - Storage directory /workdir/hadoop-ozone/integration-test/target/test-dir/MiniOzoneClusterImpl-8dc4e64a-e7f2-467c-840f-7d8b418ee89f/datanode-1/data/ratis/fe73d8b8-8e90-4aaa-9755-be2ecf6f0d9a has been successfully formatted.
2019-11-15 13:01:44,798 [pool-813-thread-1] INFO  storage.RaftStorage (RaftStorage.java:format(84)) - Storage directory /workdir/hadoop-ozone/integration-test/target/test-dir/MiniOzoneClusterImpl-8dc4e64a-e7f2-467c-840f-7d8b418ee89f/datanode-2/data/ratis/2ec72d36-685e-4a96-9025-fed5a775d979 has been successfully formatted.
2019-11-15 13:01:44,799 [pool-802-thread-1] INFO  ratis.ContainerStateMachine (ContainerStateMachine.java:loadSnapshot(223)) - group-BE2ECF6F0D9A: The snapshot info is null. Setting the last applied indexto:(t:0, i:~)
2019-11-15 13:01:44,799 [pool-813-thread-1] INFO  ratis.ContainerStateMachine (ContainerStateMachine.java:loadSnapshot(223)) - group-FED5A775D979: The snapshot info is null. Setting the last applied indexto:(t:0, i:~)
2019-11-15 13:01:44,799 [pool-802-thread-1] INFO  server.RaftServerConfigKeys (ConfUtils.java:logGet(43)) - raft.server.notification.no-leader.timeout = 120s (custom)
2019-11-15 13:01:44,799 [pool-813-thread-1] INFO  server.RaftServerConfigKeys (ConfUtils.java:logGet(43)) - raft.server.notification.no-leader.timeout = 120s (custom)
2019-11-15 13:01:44,799 [pool-802-thread-1] INFO  server.RaftServerConfigKeys (ConfUtils.java:logGet(43)) - raft.server.log.use.memory = false (default)
2019-11-15 13:01:44,799 [pool-813-thread-1] INFO  server.RaftServerConfigKeys (ConfUtils.java:logGet(43)) - raft.server.log.use.memory = false (default)
2019-11-15 13:01:44,799 [pool-802-thread-1] INFO  server.RaftServerConfigKeys (ConfUtils.java:logGet(43)) - raft.server.log.purge.gap = 1000000 (custom)
2019-11-15 13:01:44,800 [pool-813-thread-1] INFO  server.RaftServerConfigKeys (ConfUtils.java:logGet(43)) - raft.server.log.purge.gap = 1000000 (custom)
2019-11-15 13:01:44,800 [pool-802-thread-1] INFO  server.RaftServerConfigKeys (ConfUtils.java:logGet(43)) - raft.server.log.appender.buffer.byte-limit = 33554432 (custom)
2019-11-15 13:01:44,800 [pool-813-thread-1] INFO  server.RaftServerConfigKeys (ConfUtils.java:logGet(43)) - raft.server.log.appender.buffer.byte-limit = 33554432 (custom)
2019-11-15 13:01:44,800 [pool-802-thread-1] INFO  server.RaftServerConfigKeys (ConfUtils.java:logGet(43)) - raft.server.log.segment.size.max = 1048576 (custom)
2019-11-15 13:01:44,800 [pool-813-thread-1] INFO  server.RaftServerConfigKeys (ConfUtils.java:logGet(43)) - raft.server.log.segment.size.max = 1048576 (custom)
2019-11-15 13:01:44,800 [pool-802-thread-1] INFO  server.RaftServerConfigKeys (ConfUtils.java:logGet(43)) - raft.server.log.segment.cache.num.max = 2 (custom)
2019-11-15 13:01:44,800 [pool-813-thread-1] WARN  impl.MetricRegistriesImpl (MetricRegistriesImpl.java:lambda$create$1(61)) - First MetricRegistry has been created without registering reporters. You may need to call MetricRegistries.global().addReportRegistration(...) before.
2019-11-15 13:01:44,800 [pool-802-thread-1] INFO  segmented.SegmentedRaftLogWorker (SegmentedRaftLogWorker.java:<init>(173)) - new 76baf177-36d8-409e-a7c9-e1ee96baf7e8@group-BE2ECF6F0D9A-SegmentedRaftLogWorker for RaftStorage:Storage Directory /workdir/hadoop-ozone/integration-test/target/test-dir/MiniOzoneClusterImpl-8dc4e64a-e7f2-467c-840f-7d8b418ee89f/datanode-1/data/ratis/fe73d8b8-8e90-4aaa-9755-be2ecf6f0d9a
2019-11-15 13:01:44,800 [pool-813-thread-1] INFO  server.RaftServerConfigKeys (ConfUtils.java:logGet(43)) - raft.server.log.segment.cache.num.max = 2 (custom)
2019-11-15 13:01:44,801 [pool-802-thread-1] INFO  server.RaftServerConfigKeys (ConfUtils.java:logGet(43)) - raft.server.log.queue.byte-limit = 2147483647 (custom)
2019-11-15 13:01:44,801 [pool-813-thread-1] INFO  segmented.SegmentedRaftLogWorker (SegmentedRaftLogWorker.java:<init>(173)) - new a8f70695-1c42-4d96-925b-c3fcf2432bdd@group-FED5A775D979-SegmentedRaftLogWorker for RaftStorage:Storage Directory /workdir/hadoop-ozone/integration-test/target/test-dir/MiniOzoneClusterImpl-8dc4e64a-e7f2-467c-840f-7d8b418ee89f/datanode-2/data/ratis/2ec72d36-685e-4a96-9025-fed5a775d979
2019-11-15 13:01:44,801 [pool-802-thread-1] INFO  server.RaftServerConfigKeys (ConfUtils.java:logGet(43)) - raft.server.log.queue.element-limit = 1024 (custom)
2019-11-15 13:01:44,801 [pool-813-thread-1] INFO  server.RaftServerConfigKeys (ConfUtils.java:logGet(43)) - raft.server.log.queue.byte-limit = 2147483647 (custom)
2019-11-15 13:01:44,801 [pool-802-thread-1] INFO  server.RaftServerConfigKeys (ConfUtils.java:logGet(43)) - raft.server.log.segment.size.max = 1048576 (custom)
2019-11-15 13:01:44,801 [pool-813-thread-1] INFO  server.RaftServerConfigKeys (ConfUtils.java:logGet(43)) - raft.server.log.queue.element-limit = 1024 (custom)
2019-11-15 13:01:44,801 [pool-802-thread-1] INFO  server.RaftServerConfigKeys (ConfUtils.java:logGet(43)) - raft.server.log.preallocated.size = 16384 (custom)
2019-11-15 13:01:44,801 [pool-813-thread-1] INFO  server.RaftServerConfigKeys (ConfUtils.java:logGet(43)) - raft.server.log.segment.size.max = 1048576 (custom)
2019-11-15 13:01:44,802 [pool-802-thread-1] INFO  server.RaftServerConfigKeys (ConfUtils.java:logGet(43)) - raft.server.log.write.buffer.size = 33554432 (custom)
2019-11-15 13:01:44,802 [pool-813-thread-1] INFO  server.RaftServerConfigKeys (ConfUtils.java:logGet(43)) - raft.server.log.preallocated.size = 16384 (custom)
2019-11-15 13:01:44,802 [pool-802-thread-1] INFO  server.RaftServerConfigKeys (ConfUtils.java:logGet(43)) - raft.server.log.force.sync.num = 128 (default)
2019-11-15 13:01:44,802 [pool-813-thread-1] INFO  server.RaftServerConfigKeys (ConfUtils.java:logGet(43)) - raft.server.log.write.buffer.size = 33554432 (custom)
2019-11-15 13:01:44,802 [pool-802-thread-1] INFO  server.RaftServerConfigKeys (ConfUtils.java:logGet(43)) - raft.server.log.statemachine.data.sync = true (default)
2019-11-15 13:01:44,802 [pool-813-thread-1] INFO  server.RaftServerConfigKeys (ConfUtils.java:logGet(43)) - raft.server.log.force.sync.num = 128 (default)
2019-11-15 13:01:44,802 [pool-802-thread-1] INFO  server.RaftServerConfigKeys (ConfUtils.java:logGet(43)) - raft.server.log.statemachine.data.sync.timeout = 10s (default)
2019-11-15 13:01:44,802 [pool-813-thread-1] INFO  server.RaftServerConfigKeys (ConfUtils.java:logGet(43)) - raft.server.log.statemachine.data.sync = true (default)
2019-11-15 13:01:44,803 [pool-802-thread-1] INFO  server.RaftServerConfigKeys (ConfUtils.java:logGet(43)) - raft.server.log.statemachine.data.sync.timeout.retry = -1 (default)
2019-11-15 13:01:44,803 [pool-813-thread-1] INFO  server.RaftServerConfigKeys (ConfUtils.java:logGet(43)) - raft.server.log.statemachine.data.sync.timeout = 10s (default)
2019-11-15 13:01:44,803 [pool-802-thread-1] INFO  server.RaftServerConfigKeys (ConfUtils.java:logGet(43)) - raft.server.log.statemachine.data.caching.enabled = true (custom)
2019-11-15 13:01:44,803 [pool-813-thread-1] INFO  server.RaftServerConfigKeys (ConfUtils.java:logGet(43)) - raft.server.log.statemachine.data.sync.timeout.retry = -1 (default)
2019-11-15 13:01:44,803 [pool-813-thread-1] INFO  server.RaftServerConfigKeys (ConfUtils.java:logGet(43)) - raft.server.log.statemachine.data.caching.enabled = true (custom)
2019-11-15 13:01:44,803 [pool-802-thread-1] INFO  segmented.SegmentedRaftLogWorker (SegmentedRaftLogWorker.java:lambda$new$0(128)) - 76baf177-36d8-409e-a7c9-e1ee96baf7e8@group-BE2ECF6F0D9A-SegmentedRaftLogWorker: flushIndex: setUnconditionally 0 -> -1
2019-11-15 13:01:44,803 [pool-813-thread-1] INFO  segmented.SegmentedRaftLogWorker (SegmentedRaftLogWorker.java:lambda$new$0(128)) - a8f70695-1c42-4d96-925b-c3fcf2432bdd@group-FED5A775D979-SegmentedRaftLogWorker: flushIndex: setUnconditionally 0 -> -1
2019-11-15 13:01:44,804 [pool-802-thread-1] INFO  server.RaftServerConfigKeys (ConfUtils.java:logGet(43)) - raft.server.snapshot.auto.trigger.enabled = true (custom)
2019-11-15 13:01:44,804 [pool-802-thread-1] INFO  server.RaftServerConfigKeys (ConfUtils.java:logGet(43)) - raft.server.snapshot.auto.trigger.threshold = 10000 (custom)
2019-11-15 13:01:44,804 [pool-813-thread-1] INFO  server.RaftServerConfigKeys (ConfUtils.java:logGet(43)) - raft.server.snapshot.auto.trigger.enabled = true (custom)
2019-11-15 13:01:44,804 [pool-802-thread-1] INFO  server.RaftServerConfigKeys (ConfUtils.java:logGet(43)) - raft.server.snapshot.retention.file.num = 5 (custom)
2019-11-15 13:01:44,804 [pool-813-thread-1] INFO  server.RaftServerConfigKeys (ConfUtils.java:logGet(43)) - raft.server.snapshot.auto.trigger.threshold = 10000 (custom)
2019-11-15 13:01:44,804 [pool-802-thread-1] INFO  server.RaftServerConfigKeys (ConfUtils.java:logGet(43)) - raft.server.retrycache.expirytime = 600000ms (custom)
2019-11-15 13:01:44,804 [pool-813-thread-1] INFO  server.RaftServerConfigKeys (ConfUtils.java:logGet(43)) - raft.server.snapshot.retention.file.num = 5 (custom)
2019-11-15 13:01:44,804 [pool-802-thread-1] WARN  impl.MetricRegistriesImpl (MetricRegistriesImpl.java:lambda$create$1(61)) - First MetricRegistry has been created without registering reporters. You may need to call MetricRegistries.global().addReportRegistration(...) before.
2019-11-15 13:01:44,805 [pool-813-thread-1] INFO  server.RaftServerConfigKeys (ConfUtils.java:logGet(43)) - raft.server.retrycache.expirytime = 600000ms (custom)
2019-11-15 13:01:44,805 [pool-802-thread-1] WARN  impl.MetricRegistriesImpl (MetricRegistriesImpl.java:lambda$create$1(61)) - First MetricRegistry has been created without registering reporters. You may need to call MetricRegistries.global().addReportRegistration(...) before.
2019-11-15 13:01:44,805 [pool-813-thread-1] WARN  impl.MetricRegistriesImpl (MetricRegistriesImpl.java:lambda$create$1(61)) - First MetricRegistry has been created without registering reporters. You may need to call MetricRegistries.global().addReportRegistration(...) before.
2019-11-15 13:01:44,805 [pool-802-thread-1] INFO  impl.RaftServerImpl (RaftServerImpl.java:start(184)) - 76baf177-36d8-409e-a7c9-e1ee96baf7e8@group-BE2ECF6F0D9A: start as a follower, conf=-1: [a8f70695-1c42-4d96-925b-c3fcf2432bdd:192.168.157.228:36381, 56d2de60-b1b3-4076-aa6f-99b123aebd62:192.168.157.228:37082, 76baf177-36d8-409e-a7c9-e1ee96baf7e8:192.168.157.228:42617], old=null
2019-11-15 13:01:44,805 [pool-813-thread-1] WARN  impl.MetricRegistriesImpl (MetricRegistriesImpl.java:lambda$create$1(61)) - First MetricRegistry has been created without registering reporters. You may need to call MetricRegistries.global().addReportRegistration(...) before.
2019-11-15 13:01:44,805 [pool-802-thread-1] INFO  impl.RaftServerImpl (RaftServerImpl.java:setRole(173)) - 76baf177-36d8-409e-a7c9-e1ee96baf7e8@group-BE2ECF6F0D9A: changes role from      null to FOLLOWER at term 0 for startAsFollower
2019-11-15 13:01:44,805 [pool-813-thread-1] INFO  impl.RaftServerImpl (RaftServerImpl.java:start(184)) - a8f70695-1c42-4d96-925b-c3fcf2432bdd@group-FED5A775D979: start as a follower, conf=-1: [a8f70695-1c42-4d96-925b-c3fcf2432bdd:192.168.157.228:36381], old=null
2019-11-15 13:01:44,805 [pool-802-thread-1] INFO  impl.RoleInfo (RoleInfo.java:updateAndGet(143)) - 76baf177-36d8-409e-a7c9-e1ee96baf7e8: start FollowerState
2019-11-15 13:01:44,805 [pool-813-thread-1] INFO  impl.RaftServerImpl (RaftServerImpl.java:setRole(173)) - a8f70695-1c42-4d96-925b-c3fcf2432bdd@group-FED5A775D979: changes role from      null to FOLLOWER at term 0 for startAsFollower
2019-11-15 13:01:44,806 [pool-813-thread-1] INFO  impl.RoleInfo (RoleInfo.java:updateAndGet(143)) - a8f70695-1c42-4d96-925b-c3fcf2432bdd: start FollowerState
2019-11-15 13:01:44,806 [pool-802-thread-1] INFO  util.JmxRegister (JmxRegister.java:tryRegister(44)) - Successfully registered JMX Bean with object name Ratis:service=RaftServer,group=group-BE2ECF6F0D9A,id=76baf177-36d8-409e-a7c9-e1ee96baf7e8
2019-11-15 13:01:44,806 [pool-802-thread-1] WARN  impl.MetricRegistriesImpl (MetricRegistriesImpl.java:lambda$create$1(61)) - First MetricRegistry has been created without registering reporters. You may need to call MetricRegistries.global().addReportRegistration(...) before.
2019-11-15 13:01:44,806 [pool-813-thread-1] INFO  util.JmxRegister (JmxRegister.java:tryRegister(44)) - Successfully registered JMX Bean with object name Ratis:service=RaftServer,group=group-FED5A775D979,id=a8f70695-1c42-4d96-925b-c3fcf2432bdd
2019-11-15 13:01:44,806 [pool-813-thread-1] WARN  impl.MetricRegistriesImpl (MetricRegistriesImpl.java:lambda$create$1(61)) - First MetricRegistry has been created without registering reporters. You may need to call MetricRegistries.global().addReportRegistration(...) before.
2019-11-15 13:01:44,806 [Command processor thread] INFO  commandhandler.CreatePipelineCommandHandler (CreatePipelineCommandHandler.java:handle(86)) - Create Pipeline RATIS THREE #id: "fe73d8b8-8e90-4aaa-9755-be2ecf6f0d9a"
 command succeed on datanode 76baf177-36d8-409e-a7c9-e1ee96baf7e8.
2019-11-15 13:01:44,807 [Command processor thread] INFO  commandhandler.CreatePipelineCommandHandler (CreatePipelineCommandHandler.java:handle(86)) - Create Pipeline RATIS ONE #id: "2ec72d36-685e-4a96-9025-fed5a775d979"
 command succeed on datanode a8f70695-1c42-4d96-925b-c3fcf2432bdd.
2019-11-15 13:01:44,809 [Command processor thread] INFO  impl.RaftServerProxy (RaftServerProxy.java:addNew(89)) - a8f70695-1c42-4d96-925b-c3fcf2432bdd: addNew group-BE2ECF6F0D9A:[a8f70695-1c42-4d96-925b-c3fcf2432bdd:192.168.157.228:36381, 56d2de60-b1b3-4076-aa6f-99b123aebd62:192.168.157.228:37082, 76baf177-36d8-409e-a7c9-e1ee96baf7e8:192.168.157.228:42617] returns group-BE2ECF6F0D9A:java.util.concurrent.CompletableFuture@3d4c87ef[Not completed]
2019-11-15 13:01:44,810 [EventQueue-PipelineReportForPipelineReportHandler] INFO  pipeline.PipelineReportHandler (PipelineReportHandler.java:processPipelineReport(113)) - Pipeline THREE PipelineID=fe73d8b8-8e90-4aaa-9755-be2ecf6f0d9a reported by 76baf177-36d8-409e-a7c9-e1ee96baf7e8{ip: 192.168.157.228, host: pr-hdds-2448-del-container-94542-2491966341, networkLocation: /default-rack, certSerialId: null}
2019-11-15 13:01:44,810 [EventQueue-PipelineReportForPipelineReportHandler] INFO  pipeline.PipelineReportHandler (PipelineReportHandler.java:processPipelineReport(113)) - Pipeline ONE PipelineID=2ec72d36-685e-4a96-9025-fed5a775d979 reported by a8f70695-1c42-4d96-925b-c3fcf2432bdd{ip: 192.168.157.228, host: pr-hdds-2448-del-container-94542-2491966341, networkLocation: /default-rack, certSerialId: null}
2019-11-15 13:01:44,810 [EventQueue-PipelineReportForPipelineReportHandler] INFO  pipeline.PipelineStateManager (PipelineStateManager.java:openPipeline(132)) - Pipeline Pipeline[ Id: 2ec72d36-685e-4a96-9025-fed5a775d979, Nodes: a8f70695-1c42-4d96-925b-c3fcf2432bdd{ip: 192.168.157.228, host: pr-hdds-2448-del-container-94542-2491966341, networkLocation: /default-rack, certSerialId: null}, Type:RATIS, Factor:ONE, State:ALLOCATED] moved to OPEN state
2019-11-15 13:01:44,810 [EventQueue-OpenPipelineForHealthyPipelineSafeModeRule] INFO  safemode.SCMSafeModeManager (HealthyPipelineSafeModeRule.java:process(132)) - SCM in safe mode. Healthy pipelines reported count is 0, required healthy pipeline reported count is 1
2019-11-15 13:01:44,810 [EventQueue-OpenPipelineForOneReplicaPipelineSafeModeRule] INFO  safemode.SCMSafeModeManager (SCMSafeModeManager.java:validateSafeModeExitRules(176)) - AtleastOneDatanodeReportedRule rule is successfully validated
2019-11-15 13:01:44,813 [pool-813-thread-1] INFO  impl.RaftServerImpl (RaftServerImpl.java:<init>(98)) - a8f70695-1c42-4d96-925b-c3fcf2432bdd: new RaftServerImpl for group-BE2ECF6F0D9A:[a8f70695-1c42-4d96-925b-c3fcf2432bdd:192.168.157.228:36381, 56d2de60-b1b3-4076-aa6f-99b123aebd62:192.168.157.228:37082, 76baf177-36d8-409e-a7c9-e1ee96baf7e8:192.168.157.228:42617] with ContainerStateMachine:uninitialized
2019-11-15 13:01:44,813 [pool-813-thread-1] INFO  server.RaftServerConfigKeys (ConfUtils.java:logGet(43)) - raft.server.rpc.timeout.min = 5s (custom)
2019-11-15 13:01:44,813 [pool-813-thread-1] INFO  server.RaftServerConfigKeys (ConfUtils.java:logGet(43)) - raft.server.rpc.timeout.max = 5200ms (custom)
2019-11-15 13:01:44,813 [pool-813-thread-1] INFO  server.RaftServerConfigKeys (ConfUtils.java:logGet(43)) - raft.server.rpcslowness.timeout = 120s (custom)
2019-11-15 13:01:44,813 [pool-813-thread-1] INFO  server.RaftServerConfigKeys (ConfUtils.java:logGet(43)) - raft.server.sleep.deviation.threshold = 300 (default)
2019-11-15 13:01:44,813 [pool-813-thread-1] INFO  server.RaftServerConfigKeys (ConfUtils.java:logGet(43)) - raft.server.log.appender.install.snapshot.enabled = false (custom)
2019-11-15 13:01:44,813 [pool-813-thread-1] INFO  impl.RaftServerImpl (ServerState.java:<init>(103)) - a8f70695-1c42-4d96-925b-c3fcf2432bdd@group-BE2ECF6F0D9A: ConfigurationManager, init=-1: [a8f70695-1c42-4d96-925b-c3fcf2432bdd:192.168.157.228:36381, 56d2de60-b1b3-4076-aa6f-99b123aebd62:192.168.157.228:37082, 76baf177-36d8-409e-a7c9-e1ee96baf7e8:192.168.157.228:42617], old=null, confs=<EMPTY_MAP>
2019-11-15 13:01:44,813 [pool-813-thread-1] INFO  server.RaftServerConfigKeys (ConfUtils.java:logGet(43)) - raft.server.storage.dir = [/workdir/hadoop-ozone/integration-test/target/test-dir/MiniOzoneClusterImpl-8dc4e64a-e7f2-467c-840f-7d8b418ee89f/datanode-2/data/ratis] (custom)
2019-11-15 13:01:44,814 [pool-813-thread-1] INFO  server.RaftServerConfigKeys (ConfUtils.java:logGet(43)) - raft.server.log.corruption.policy = EXCEPTION (default)
2019-11-15 13:01:44,814 [pool-813-thread-1] INFO  storage.RaftStorageDirectory (RaftStorageDirectory.java:analyzeStorage(246)) - The storage directory /workdir/hadoop-ozone/integration-test/target/test-dir/MiniOzoneClusterImpl-8dc4e64a-e7f2-467c-840f-7d8b418ee89f/datanode-2/data/ratis/fe73d8b8-8e90-4aaa-9755-be2ecf6f0d9a does not exist. Creating ...
2019-11-15 13:01:44,853 [pool-813-thread-1] INFO  storage.RaftStorageDirectory (RaftStorageDirectory.java:tryLock(328)) - Lock on /workdir/hadoop-ozone/integration-test/target/test-dir/MiniOzoneClusterImpl-8dc4e64a-e7f2-467c-840f-7d8b418ee89f/datanode-2/data/ratis/fe73d8b8-8e90-4aaa-9755-be2ecf6f0d9a/in_use.lock acquired by nodename 22752@pr-hdds-2448-del-container-94542-2491966341
2019-11-15 13:01:44,878 [pool-813-thread-1] INFO  storage.RaftStorage (RaftStorage.java:format(84)) - Storage directory /workdir/hadoop-ozone/integration-test/target/test-dir/MiniOzoneClusterImpl-8dc4e64a-e7f2-467c-840f-7d8b418ee89f/datanode-2/data/ratis/fe73d8b8-8e90-4aaa-9755-be2ecf6f0d9a has been successfully formatted.
2019-11-15 13:01:44,879 [pool-813-thread-1] INFO  ratis.ContainerStateMachine (ContainerStateMachine.java:loadSnapshot(223)) - group-BE2ECF6F0D9A: The snapshot info is null. Setting the last applied indexto:(t:0, i:~)
2019-11-15 13:01:44,879 [pool-813-thread-1] INFO  server.RaftServerConfigKeys (ConfUtils.java:logGet(43)) - raft.server.notification.no-leader.timeout = 120s (custom)
2019-11-15 13:01:44,879 [pool-813-thread-1] INFO  server.RaftServerConfigKeys (ConfUtils.java:logGet(43)) - raft.server.log.use.memory = false (default)
2019-11-15 13:01:44,879 [pool-813-thread-1] INFO  server.RaftServerConfigKeys (ConfUtils.java:logGet(43)) - raft.server.log.purge.gap = 1000000 (custom)
2019-11-15 13:01:44,879 [pool-813-thread-1] INFO  server.RaftServerConfigKeys (ConfUtils.java:logGet(43)) - raft.server.log.appender.buffer.byte-limit = 33554432 (custom)
2019-11-15 13:01:44,879 [pool-813-thread-1] INFO  server.RaftServerConfigKeys (ConfUtils.java:logGet(43)) - raft.server.log.segment.size.max = 1048576 (custom)
2019-11-15 13:01:44,879 [pool-813-thread-1] INFO  server.RaftServerConfigKeys (ConfUtils.java:logGet(43)) - raft.server.log.segment.cache.num.max = 2 (custom)
2019-11-15 13:01:44,880 [pool-813-thread-1] INFO  segmented.SegmentedRaftLogWorker (SegmentedRaftLogWorker.java:<init>(173)) - new a8f70695-1c42-4d96-925b-c3fcf2432bdd@group-BE2ECF6F0D9A-SegmentedRaftLogWorker for RaftStorage:Storage Directory /workdir/hadoop-ozone/integration-test/target/test-dir/MiniOzoneClusterImpl-8dc4e64a-e7f2-467c-840f-7d8b418ee89f/datanode-2/data/ratis/fe73d8b8-8e90-4aaa-9755-be2ecf6f0d9a
2019-11-15 13:01:44,880 [pool-813-thread-1] INFO  server.RaftServerConfigKeys (ConfUtils.java:logGet(43)) - raft.server.log.queue.byte-limit = 2147483647 (custom)
2019-11-15 13:01:44,880 [pool-813-thread-1] INFO  server.RaftServerConfigKeys (ConfUtils.java:logGet(43)) - raft.server.log.queue.element-limit = 1024 (custom)
2019-11-15 13:01:44,880 [pool-813-thread-1] INFO  server.RaftServerConfigKeys (ConfUtils.java:logGet(43)) - raft.server.log.segment.size.max = 1048576 (custom)
2019-11-15 13:01:44,880 [pool-813-thread-1] INFO  server.RaftServerConfigKeys (ConfUtils.java:logGet(43)) - raft.server.log.preallocated.size = 16384 (custom)
2019-11-15 13:01:44,880 [pool-813-thread-1] INFO  server.RaftServerConfigKeys (ConfUtils.java:logGet(43)) - raft.server.log.write.buffer.size = 33554432 (custom)
2019-11-15 13:01:44,880 [pool-813-thread-1] INFO  server.RaftServerConfigKeys (ConfUtils.java:logGet(43)) - raft.server.log.force.sync.num = 128 (default)
2019-11-15 13:01:44,880 [pool-813-thread-1] INFO  server.RaftServerConfigKeys (ConfUtils.java:logGet(43)) - raft.server.log.statemachine.data.sync = true (default)
2019-11-15 13:01:44,880 [pool-813-thread-1] INFO  server.RaftServerConfigKeys (ConfUtils.java:logGet(43)) - raft.server.log.statemachine.data.sync.timeout = 10s (default)
2019-11-15 13:01:44,881 [pool-813-thread-1] INFO  server.RaftServerConfigKeys (ConfUtils.java:logGet(43)) - raft.server.log.statemachine.data.sync.timeout.retry = -1 (default)
2019-11-15 13:01:44,881 [pool-813-thread-1] INFO  server.RaftServerConfigKeys (ConfUtils.java:logGet(43)) - raft.server.log.statemachine.data.caching.enabled = true (custom)
2019-11-15 13:01:44,882 [pool-813-thread-1] INFO  segmented.SegmentedRaftLogWorker (SegmentedRaftLogWorker.java:lambda$new$0(128)) - a8f70695-1c42-4d96-925b-c3fcf2432bdd@group-BE2ECF6F0D9A-SegmentedRaftLogWorker: flushIndex: setUnconditionally 0 -> -1
2019-11-15 13:01:44,883 [pool-813-thread-1] INFO  server.RaftServerConfigKeys (ConfUtils.java:logGet(43)) - raft.server.snapshot.auto.trigger.enabled = true (custom)
2019-11-15 13:01:44,883 [pool-813-thread-1] INFO  server.RaftServerConfigKeys (ConfUtils.java:logGet(43)) - raft.server.snapshot.auto.trigger.threshold = 10000 (custom)
2019-11-15 13:01:44,883 [pool-813-thread-1] INFO  server.RaftServerConfigKeys (ConfUtils.java:logGet(43)) - raft.server.snapshot.retention.file.num = 5 (custom)
2019-11-15 13:01:44,883 [pool-813-thread-1] INFO  server.RaftServerConfigKeys (ConfUtils.java:logGet(43)) - raft.server.retrycache.expirytime = 600000ms (custom)
2019-11-15 13:01:44,883 [pool-813-thread-1] WARN  impl.MetricRegistriesImpl (MetricRegistriesImpl.java:lambda$create$1(61)) - First MetricRegistry has been created without registering reporters. You may need to call MetricRegistries.global().addReportRegistration(...) before.
2019-11-15 13:01:44,883 [pool-813-thread-1] WARN  impl.MetricRegistriesImpl (MetricRegistriesImpl.java:lambda$create$1(61)) - First MetricRegistry has been created without registering reporters. You may need to call MetricRegistries.global().addReportRegistration(...) before.
2019-11-15 13:01:44,884 [pool-813-thread-1] INFO  impl.RaftServerImpl (RaftServerImpl.java:start(184)) - a8f70695-1c42-4d96-925b-c3fcf2432bdd@group-BE2ECF6F0D9A: start as a follower, conf=-1: [a8f70695-1c42-4d96-925b-c3fcf2432bdd:192.168.157.228:36381, 56d2de60-b1b3-4076-aa6f-99b123aebd62:192.168.157.228:37082, 76baf177-36d8-409e-a7c9-e1ee96baf7e8:192.168.157.228:42617], old=null
2019-11-15 13:01:44,884 [pool-813-thread-1] INFO  impl.RaftServerImpl (RaftServerImpl.java:setRole(173)) - a8f70695-1c42-4d96-925b-c3fcf2432bdd@group-BE2ECF6F0D9A: changes role from      null to FOLLOWER at term 0 for startAsFollower
2019-11-15 13:01:44,884 [pool-813-thread-1] INFO  impl.RoleInfo (RoleInfo.java:updateAndGet(143)) - a8f70695-1c42-4d96-925b-c3fcf2432bdd: start FollowerState
2019-11-15 13:01:44,884 [pool-813-thread-1] INFO  util.JmxRegister (JmxRegister.java:tryRegister(44)) - Successfully registered JMX Bean with object name Ratis:service=RaftServer,group=group-BE2ECF6F0D9A,id=a8f70695-1c42-4d96-925b-c3fcf2432bdd
2019-11-15 13:01:44,884 [pool-813-thread-1] WARN  impl.MetricRegistriesImpl (MetricRegistriesImpl.java:lambda$create$1(61)) - First MetricRegistry has been created without registering reporters. You may need to call MetricRegistries.global().addReportRegistration(...) before.
2019-11-15 13:01:44,885 [Command processor thread] INFO  commandhandler.CreatePipelineCommandHandler (CreatePipelineCommandHandler.java:handle(86)) - Create Pipeline RATIS THREE #id: "fe73d8b8-8e90-4aaa-9755-be2ecf6f0d9a"
 command succeed on datanode a8f70695-1c42-4d96-925b-c3fcf2432bdd.
2019-11-15 13:01:44,886 [EventQueue-PipelineReportForPipelineReportHandler] INFO  pipeline.PipelineReportHandler (PipelineReportHandler.java:processPipelineReport(113)) - Pipeline THREE PipelineID=fe73d8b8-8e90-4aaa-9755-be2ecf6f0d9a reported by a8f70695-1c42-4d96-925b-c3fcf2432bdd{ip: 192.168.157.228, host: pr-hdds-2448-del-container-94542-2491966341, networkLocation: /default-rack, certSerialId: null}
2019-11-15 13:01:45,763 [Thread-3499] INFO  ozone.MiniOzoneClusterImpl (MiniOzoneClusterImpl.java:lambda$waitForClusterToBeReady$0(150)) - Nodes are ready. Got 3 of 3 DN Heartbeats.
2019-11-15 13:01:45,763 [Thread-3499] INFO  ozone.MiniOzoneClusterImpl (MiniOzoneClusterImpl.java:lambda$waitForClusterToBeReady$0(153)) - Waiting for cluster to exit safe mode
2019-11-15 13:01:46,763 [Thread-3499] INFO  ozone.MiniOzoneClusterImpl (MiniOzoneClusterImpl.java:lambda$waitForClusterToBeReady$0(150)) - Nodes are ready. Got 3 of 3 DN Heartbeats.
2019-11-15 13:01:46,763 [Thread-3499] INFO  ozone.MiniOzoneClusterImpl (MiniOzoneClusterImpl.java:lambda$waitForClusterToBeReady$0(153)) - Waiting for cluster to exit safe mode
2019-11-15 13:01:47,764 [Thread-3499] INFO  ozone.MiniOzoneClusterImpl (MiniOzoneClusterImpl.java:lambda$waitForClusterToBeReady$0(150)) - Nodes are ready. Got 3 of 3 DN Heartbeats.
2019-11-15 13:01:47,764 [Thread-3499] INFO  ozone.MiniOzoneClusterImpl (MiniOzoneClusterImpl.java:lambda$waitForClusterToBeReady$0(153)) - Waiting for cluster to exit safe mode
2019-11-15 13:01:48,764 [Thread-3499] INFO  ozone.MiniOzoneClusterImpl (MiniOzoneClusterImpl.java:lambda$waitForClusterToBeReady$0(150)) - Nodes are ready. Got 3 of 3 DN Heartbeats.
2019-11-15 13:01:48,764 [Thread-3499] INFO  ozone.MiniOzoneClusterImpl (MiniOzoneClusterImpl.java:lambda$waitForClusterToBeReady$0(153)) - Waiting for cluster to exit safe mode
2019-11-15 13:01:49,732 [Thread-3800] INFO  impl.FollowerState (FollowerState.java:run(111)) - 56d2de60-b1b3-4076-aa6f-99b123aebd62@group-11A8538D5111-FollowerState: change to CANDIDATE, lastRpcTime:5069ms, electionTimeout:5069ms
2019-11-15 13:01:49,732 [Thread-3800] INFO  impl.RoleInfo (RoleInfo.java:shutdownFollowerState(121)) - 56d2de60-b1b3-4076-aa6f-99b123aebd62: shutdown FollowerState
2019-11-15 13:01:49,732 [Thread-3800] INFO  impl.RaftServerImpl (RaftServerImpl.java:setRole(173)) - 56d2de60-b1b3-4076-aa6f-99b123aebd62@group-11A8538D5111: changes role from  FOLLOWER to CANDIDATE at term 0 for changeToCandidate
2019-11-15 13:01:49,732 [Thread-3800] INFO  impl.RoleInfo (RoleInfo.java:updateAndGet(143)) - 56d2de60-b1b3-4076-aa6f-99b123aebd62: start LeaderElection
2019-11-15 13:01:49,763 [56d2de60-b1b3-4076-aa6f-99b123aebd62@group-11A8538D5111-LeaderElection56] INFO  impl.LeaderElection (LeaderElection.java:askForVotes(178)) - 56d2de60-b1b3-4076-aa6f-99b123aebd62@group-11A8538D5111-LeaderElection56: begin an election at term 1 for -1: [56d2de60-b1b3-4076-aa6f-99b123aebd62:192.168.157.228:37082], old=null
2019-11-15 13:01:49,763 [56d2de60-b1b3-4076-aa6f-99b123aebd62@group-11A8538D5111-LeaderElection56] INFO  impl.RoleInfo (RoleInfo.java:shutdownLeaderElection(134)) - 56d2de60-b1b3-4076-aa6f-99b123aebd62: shutdown LeaderElection
2019-11-15 13:01:49,763 [56d2de60-b1b3-4076-aa6f-99b123aebd62@group-11A8538D5111-LeaderElection56] INFO  impl.RaftServerImpl (RaftServerImpl.java:setRole(173)) - 56d2de60-b1b3-4076-aa6f-99b123aebd62@group-11A8538D5111: changes role from CANDIDATE to LEADER at term 1 for changeToLeader
2019-11-15 13:01:49,763 [56d2de60-b1b3-4076-aa6f-99b123aebd62@group-11A8538D5111-LeaderElection56] INFO  ratis.XceiverServerRatis (XceiverServerRatis.java:handleLeaderChangedNotification(733)) - Leader change notification received for group: group-11A8538D5111 with new leaderId: 56d2de60-b1b3-4076-aa6f-99b123aebd62
2019-11-15 13:01:49,764 [56d2de60-b1b3-4076-aa6f-99b123aebd62@group-11A8538D5111-LeaderElection56] INFO  impl.RaftServerImpl (ServerState.java:setLeader(255)) - 56d2de60-b1b3-4076-aa6f-99b123aebd62@group-11A8538D5111: change Leader from null to 56d2de60-b1b3-4076-aa6f-99b123aebd62 at term 1 for becomeLeader, leader elected after 5107ms
2019-11-15 13:01:49,764 [56d2de60-b1b3-4076-aa6f-99b123aebd62@group-11A8538D5111-LeaderElection56] INFO  server.RaftServerConfigKeys (ConfUtils.java:logGet(43)) - raft.server.staging.catchup.gap = 1000 (default)
2019-11-15 13:01:49,764 [56d2de60-b1b3-4076-aa6f-99b123aebd62@group-11A8538D5111-LeaderElection56] INFO  server.RaftServerConfigKeys (ConfUtils.java:logGet(43)) - raft.server.rpc.sleep.time = 25ms (default)
2019-11-15 13:01:49,764 [56d2de60-b1b3-4076-aa6f-99b123aebd62@group-11A8538D5111-LeaderElection56] INFO  server.RaftServerConfigKeys (ConfUtils.java:logGet(43)) - raft.server.write.element-limit = 4096 (default)
2019-11-15 13:01:49,764 [56d2de60-b1b3-4076-aa6f-99b123aebd62@group-11A8538D5111-LeaderElection56] INFO  server.RaftServerConfigKeys (ConfUtils.java:logGet(43)) - raft.server.watch.timeout = 10s (default)
2019-11-15 13:01:49,765 [56d2de60-b1b3-4076-aa6f-99b123aebd62@group-11A8538D5111-LeaderElection56] INFO  server.RaftServerConfigKeys (ConfUtils.java:logGet(43)) - raft.server.watch.timeout.denomination = 1s (default)
2019-11-15 13:01:49,765 [Thread-3499] INFO  ozone.MiniOzoneClusterImpl (MiniOzoneClusterImpl.java:lambda$waitForClusterToBeReady$0(150)) - Nodes are ready. Got 3 of 3 DN Heartbeats.
2019-11-15 13:01:49,765 [56d2de60-b1b3-4076-aa6f-99b123aebd62@group-11A8538D5111-LeaderElection56] INFO  server.RaftServerConfigKeys (ConfUtils.java:logGet(43)) - raft.server.watch.element-limit = 65536 (default)
2019-11-15 13:01:49,765 [EventQueue-PipelineReportForPipelineReportHandler] INFO  pipeline.PipelineReportHandler (PipelineReportHandler.java:processPipelineReport(113)) - Pipeline THREE PipelineID=fe73d8b8-8e90-4aaa-9755-be2ecf6f0d9a reported by 56d2de60-b1b3-4076-aa6f-99b123aebd62{ip: 192.168.157.228, host: pr-hdds-2448-del-container-94542-2491966341, networkLocation: /default-rack, certSerialId: null}
2019-11-15 13:01:49,765 [Thread-3499] INFO  ozone.MiniOzoneClusterImpl (MiniOzoneClusterImpl.java:lambda$waitForClusterToBeReady$0(153)) - Waiting for cluster to exit safe mode
2019-11-15 13:01:49,765 [56d2de60-b1b3-4076-aa6f-99b123aebd62@group-11A8538D5111-LeaderElection56] INFO  impl.RoleInfo (RoleInfo.java:updateAndGet(143)) - 56d2de60-b1b3-4076-aa6f-99b123aebd62: start LeaderState
2019-11-15 13:01:49,766 [56d2de60-b1b3-4076-aa6f-99b123aebd62@group-11A8538D5111-LeaderElection56] INFO  segmented.SegmentedRaftLogWorker (SegmentedRaftLogWorker.java:startLogSegment(385)) - 56d2de60-b1b3-4076-aa6f-99b123aebd62@group-11A8538D5111-SegmentedRaftLogWorker: Starting segment from index:0
2019-11-15 13:01:49,766 [56d2de60-b1b3-4076-aa6f-99b123aebd62@group-11A8538D5111-LeaderElection56] INFO  impl.RaftServerImpl (ServerState.java:setRaftConf(356)) - 56d2de60-b1b3-4076-aa6f-99b123aebd62@group-11A8538D5111: set configuration 0: [56d2de60-b1b3-4076-aa6f-99b123aebd62:192.168.157.228:37082], old=null at 0
2019-11-15 13:01:49,841 [Thread-3810] INFO  impl.FollowerState (FollowerState.java:run(111)) - a8f70695-1c42-4d96-925b-c3fcf2432bdd@group-FED5A775D979-FollowerState: change to CANDIDATE, lastRpcTime:5035ms, electionTimeout:5035ms
2019-11-15 13:01:49,841 [Thread-3810] INFO  impl.RoleInfo (RoleInfo.java:shutdownFollowerState(121)) - a8f70695-1c42-4d96-925b-c3fcf2432bdd: shutdown FollowerState
2019-11-15 13:01:49,842 [Thread-3810] INFO  impl.RaftServerImpl (RaftServerImpl.java:setRole(173)) - a8f70695-1c42-4d96-925b-c3fcf2432bdd@group-FED5A775D979: changes role from  FOLLOWER to CANDIDATE at term 0 for changeToCandidate
2019-11-15 13:01:49,842 [Thread-3810] INFO  impl.RoleInfo (RoleInfo.java:updateAndGet(143)) - a8f70695-1c42-4d96-925b-c3fcf2432bdd: start LeaderElection
2019-11-15 13:01:49,856 [56d2de60-b1b3-4076-aa6f-99b123aebd62@group-11A8538D5111-SegmentedRaftLogWorker] INFO  segmented.SegmentedRaftLogWorker (SegmentedRaftLogWorker.java:execute(576)) - 56d2de60-b1b3-4076-aa6f-99b123aebd62@group-11A8538D5111-SegmentedRaftLogWorker: created new log segment /workdir/hadoop-ozone/integration-test/target/test-dir/MiniOzoneClusterImpl-8dc4e64a-e7f2-467c-840f-7d8b418ee89f/datanode-0/data/ratis/1c905915-c5bf-46a6-871f-11a8538d5111/current/log_inprogress_0
2019-11-15 13:01:49,870 [a8f70695-1c42-4d96-925b-c3fcf2432bdd@group-FED5A775D979-LeaderElection57] INFO  impl.LeaderElection (LeaderElection.java:askForVotes(178)) - a8f70695-1c42-4d96-925b-c3fcf2432bdd@group-FED5A775D979-LeaderElection57: begin an election at term 1 for -1: [a8f70695-1c42-4d96-925b-c3fcf2432bdd:192.168.157.228:36381], old=null
2019-11-15 13:01:49,870 [a8f70695-1c42-4d96-925b-c3fcf2432bdd@group-FED5A775D979-LeaderElection57] INFO  impl.RoleInfo (RoleInfo.java:shutdownLeaderElection(134)) - a8f70695-1c42-4d96-925b-c3fcf2432bdd: shutdown LeaderElection
2019-11-15 13:01:49,871 [a8f70695-1c42-4d96-925b-c3fcf2432bdd@group-FED5A775D979-LeaderElection57] INFO  impl.RaftServerImpl (RaftServerImpl.java:setRole(173)) - a8f70695-1c42-4d96-925b-c3fcf2432bdd@group-FED5A775D979: changes role from CANDIDATE to LEADER at term 1 for changeToLeader
2019-11-15 13:01:49,871 [a8f70695-1c42-4d96-925b-c3fcf2432bdd@group-FED5A775D979-LeaderElection57] INFO  ratis.XceiverServerRatis (XceiverServerRatis.java:handleLeaderChangedNotification(733)) - Leader change notification received for group: group-FED5A775D979 with new leaderId: a8f70695-1c42-4d96-925b-c3fcf2432bdd
2019-11-15 13:01:49,871 [a8f70695-1c42-4d96-925b-c3fcf2432bdd@group-FED5A775D979-LeaderElection57] INFO  impl.RaftServerImpl (ServerState.java:setLeader(255)) - a8f70695-1c42-4d96-925b-c3fcf2432bdd@group-FED5A775D979: change Leader from null to a8f70695-1c42-4d96-925b-c3fcf2432bdd at term 1 for becomeLeader, leader elected after 5071ms
2019-11-15 13:01:49,871 [a8f70695-1c42-4d96-925b-c3fcf2432bdd@group-FED5A775D979-LeaderElection57] INFO  server.RaftServerConfigKeys (ConfUtils.java:logGet(43)) - raft.server.staging.catchup.gap = 1000 (default)
2019-11-15 13:01:49,871 [a8f70695-1c42-4d96-925b-c3fcf2432bdd@group-FED5A775D979-LeaderElection57] INFO  server.RaftServerConfigKeys (ConfUtils.java:logGet(43)) - raft.server.rpc.sleep.time = 25ms (default)
2019-11-15 13:01:49,871 [a8f70695-1c42-4d96-925b-c3fcf2432bdd@group-FED5A775D979-LeaderElection57] INFO  server.RaftServerConfigKeys (ConfUtils.java:logGet(43)) - raft.server.write.element-limit = 4096 (default)
2019-11-15 13:01:49,871 [a8f70695-1c42-4d96-925b-c3fcf2432bdd@group-FED5A775D979-LeaderElection57] INFO  server.RaftServerConfigKeys (ConfUtils.java:logGet(43)) - raft.server.watch.timeout = 10s (default)
2019-11-15 13:01:49,871 [a8f70695-1c42-4d96-925b-c3fcf2432bdd@group-FED5A775D979-LeaderElection57] INFO  server.RaftServerConfigKeys (ConfUtils.java:logGet(43)) - raft.server.watch.timeout.denomination = 1s (default)
2019-11-15 13:01:49,871 [Thread-3804] INFO  impl.FollowerState (FollowerState.java:run(111)) - 56d2de60-b1b3-4076-aa6f-99b123aebd62@group-BE2ECF6F0D9A-FollowerState: change to CANDIDATE, lastRpcTime:5149ms, electionTimeout:5149ms
2019-11-15 13:01:49,871 [a8f70695-1c42-4d96-925b-c3fcf2432bdd@group-FED5A775D979-LeaderElection57] INFO  server.RaftServerConfigKeys (ConfUtils.java:logGet(43)) - raft.server.watch.element-limit = 65536 (default)
2019-11-15 13:01:49,872 [Thread-3804] INFO  impl.RoleInfo (RoleInfo.java:shutdownFollowerState(121)) - 56d2de60-b1b3-4076-aa6f-99b123aebd62: shutdown FollowerState
2019-11-15 13:01:49,872 [a8f70695-1c42-4d96-925b-c3fcf2432bdd@group-FED5A775D979-LeaderElection57] INFO  impl.RoleInfo (RoleInfo.java:updateAndGet(143)) - a8f70695-1c42-4d96-925b-c3fcf2432bdd: start LeaderState
2019-11-15 13:01:49,872 [Thread-3804] INFO  impl.RaftServerImpl (RaftServerImpl.java:setRole(173)) - 56d2de60-b1b3-4076-aa6f-99b123aebd62@group-BE2ECF6F0D9A: changes role from  FOLLOWER to CANDIDATE at term 0 for changeToCandidate
2019-11-15 13:01:49,872 [EventQueue-PipelineReportForPipelineReportHandler] INFO  pipeline.PipelineReportHandler (PipelineReportHandler.java:processPipelineReport(113)) - Pipeline THREE PipelineID=fe73d8b8-8e90-4aaa-9755-be2ecf6f0d9a reported by a8f70695-1c42-4d96-925b-c3fcf2432bdd{ip: 192.168.157.228, host: pr-hdds-2448-del-container-94542-2491966341, networkLocation: /default-rack, certSerialId: null}
2019-11-15 13:01:49,872 [a8f70695-1c42-4d96-925b-c3fcf2432bdd@group-FED5A775D979-LeaderElection57] INFO  segmented.SegmentedRaftLogWorker (SegmentedRaftLogWorker.java:startLogSegment(385)) - a8f70695-1c42-4d96-925b-c3fcf2432bdd@group-FED5A775D979-SegmentedRaftLogWorker: Starting segment from index:0
2019-11-15 13:01:49,872 [Thread-3804] INFO  impl.RoleInfo (RoleInfo.java:updateAndGet(143)) - 56d2de60-b1b3-4076-aa6f-99b123aebd62: start LeaderElection
2019-11-15 13:01:49,873 [a8f70695-1c42-4d96-925b-c3fcf2432bdd@group-FED5A775D979-LeaderElection57] INFO  impl.RaftServerImpl (ServerState.java:setRaftConf(356)) - a8f70695-1c42-4d96-925b-c3fcf2432bdd@group-FED5A775D979: set configuration 0: [a8f70695-1c42-4d96-925b-c3fcf2432bdd:192.168.157.228:36381], old=null at 0
2019-11-15 13:01:49,905 [Thread-3806] INFO  impl.FollowerState (FollowerState.java:run(111)) - 76baf177-36d8-409e-a7c9-e1ee96baf7e8@group-6C71D7258DAB-FollowerState: change to CANDIDATE, lastRpcTime:5160ms, electionTimeout:5157ms
2019-11-15 13:01:49,906 [Thread-3806] INFO  impl.RoleInfo (RoleInfo.java:shutdownFollowerState(121)) - 76baf177-36d8-409e-a7c9-e1ee96baf7e8: shutdown FollowerState
2019-11-15 13:01:49,906 [Thread-3806] INFO  impl.RaftServerImpl (RaftServerImpl.java:setRole(173)) - 76baf177-36d8-409e-a7c9-e1ee96baf7e8@group-6C71D7258DAB: changes role from  FOLLOWER to CANDIDATE at term 0 for changeToCandidate
2019-11-15 13:01:49,907 [Thread-3806] INFO  impl.RoleInfo (RoleInfo.java:updateAndGet(143)) - 76baf177-36d8-409e-a7c9-e1ee96baf7e8: start LeaderElection
2019-11-15 13:01:49,927 [a8f70695-1c42-4d96-925b-c3fcf2432bdd@group-FED5A775D979-SegmentedRaftLogWorker] INFO  segmented.SegmentedRaftLogWorker (SegmentedRaftLogWorker.java:execute(576)) - a8f70695-1c42-4d96-925b-c3fcf2432bdd@group-FED5A775D979-SegmentedRaftLogWorker: created new log segment /workdir/hadoop-ozone/integration-test/target/test-dir/MiniOzoneClusterImpl-8dc4e64a-e7f2-467c-840f-7d8b418ee89f/datanode-2/data/ratis/2ec72d36-685e-4a96-9025-fed5a775d979/current/log_inprogress_0
2019-11-15 13:01:49,927 [56d2de60-b1b3-4076-aa6f-99b123aebd62@group-BE2ECF6F0D9A-LeaderElection58] INFO  impl.LeaderElection (LeaderElection.java:askForVotes(178)) - 56d2de60-b1b3-4076-aa6f-99b123aebd62@group-BE2ECF6F0D9A-LeaderElection58: begin an election at term 1 for -1: [a8f70695-1c42-4d96-925b-c3fcf2432bdd:192.168.157.228:36381, 56d2de60-b1b3-4076-aa6f-99b123aebd62:192.168.157.228:37082, 76baf177-36d8-409e-a7c9-e1ee96baf7e8:192.168.157.228:42617], old=null
2019-11-15 13:01:49,927 [76baf177-36d8-409e-a7c9-e1ee96baf7e8@group-6C71D7258DAB-LeaderElection59] INFO  impl.LeaderElection (LeaderElection.java:askForVotes(178)) - 76baf177-36d8-409e-a7c9-e1ee96baf7e8@group-6C71D7258DAB-LeaderElection59: begin an election at term 1 for -1: [76baf177-36d8-409e-a7c9-e1ee96baf7e8:192.168.157.228:42617], old=null
2019-11-15 13:01:49,928 [76baf177-36d8-409e-a7c9-e1ee96baf7e8@group-6C71D7258DAB-LeaderElection59] INFO  impl.RoleInfo (RoleInfo.java:shutdownLeaderElection(134)) - 76baf177-36d8-409e-a7c9-e1ee96baf7e8: shutdown LeaderElection
2019-11-15 13:01:49,928 [76baf177-36d8-409e-a7c9-e1ee96baf7e8@group-6C71D7258DAB-LeaderElection59] INFO  impl.RaftServerImpl (RaftServerImpl.java:setRole(173)) - 76baf177-36d8-409e-a7c9-e1ee96baf7e8@group-6C71D7258DAB: changes role from CANDIDATE to LEADER at term 1 for changeToLeader
2019-11-15 13:01:49,928 [76baf177-36d8-409e-a7c9-e1ee96baf7e8@group-6C71D7258DAB-LeaderElection59] INFO  ratis.XceiverServerRatis (XceiverServerRatis.java:handleLeaderChangedNotification(733)) - Leader change notification received for group: group-6C71D7258DAB with new leaderId: 76baf177-36d8-409e-a7c9-e1ee96baf7e8
2019-11-15 13:01:49,928 [76baf177-36d8-409e-a7c9-e1ee96baf7e8@group-6C71D7258DAB-LeaderElection59] INFO  impl.RaftServerImpl (ServerState.java:setLeader(255)) - 76baf177-36d8-409e-a7c9-e1ee96baf7e8@group-6C71D7258DAB: change Leader from null to 76baf177-36d8-409e-a7c9-e1ee96baf7e8 at term 1 for becomeLeader, leader elected after 5186ms
2019-11-15 13:01:49,928 [76baf177-36d8-409e-a7c9-e1ee96baf7e8@group-6C71D7258DAB-LeaderElection59] INFO  server.RaftServerConfigKeys (ConfUtils.java:logGet(43)) - raft.server.staging.catchup.gap = 1000 (default)
2019-11-15 13:01:49,928 [76baf177-36d8-409e-a7c9-e1ee96baf7e8@group-6C71D7258DAB-LeaderElection59] INFO  server.RaftServerConfigKeys (ConfUtils.java:logGet(43)) - raft.server.rpc.sleep.time = 25ms (default)
2019-11-15 13:01:49,929 [76baf177-36d8-409e-a7c9-e1ee96baf7e8@group-6C71D7258DAB-LeaderElection59] INFO  server.RaftServerConfigKeys (ConfUtils.java:logGet(43)) - raft.server.write.element-limit = 4096 (default)
2019-11-15 13:01:49,929 [76baf177-36d8-409e-a7c9-e1ee96baf7e8@group-6C71D7258DAB-LeaderElection59] INFO  server.RaftServerConfigKeys (ConfUtils.java:logGet(43)) - raft.server.watch.timeout = 10s (default)
2019-11-15 13:01:49,929 [76baf177-36d8-409e-a7c9-e1ee96baf7e8@group-6C71D7258DAB-LeaderElection59] INFO  server.RaftServerConfigKeys (ConfUtils.java:logGet(43)) - raft.server.watch.timeout.denomination = 1s (default)
2019-11-15 13:01:49,929 [76baf177-36d8-409e-a7c9-e1ee96baf7e8@group-6C71D7258DAB-LeaderElection59] INFO  server.RaftServerConfigKeys (ConfUtils.java:logGet(43)) - raft.server.watch.element-limit = 65536 (default)
2019-11-15 13:01:49,931 [76baf177-36d8-409e-a7c9-e1ee96baf7e8@group-6C71D7258DAB-LeaderElection59] INFO  impl.RoleInfo (RoleInfo.java:updateAndGet(143)) - 76baf177-36d8-409e-a7c9-e1ee96baf7e8: start LeaderState
2019-11-15 13:01:49,932 [EventQueue-PipelineReportForPipelineReportHandler] INFO  pipeline.PipelineReportHandler (PipelineReportHandler.java:processPipelineReport(113)) - Pipeline THREE PipelineID=fe73d8b8-8e90-4aaa-9755-be2ecf6f0d9a reported by 76baf177-36d8-409e-a7c9-e1ee96baf7e8{ip: 192.168.157.228, host: pr-hdds-2448-del-container-94542-2491966341, networkLocation: /default-rack, certSerialId: null}
2019-11-15 13:01:49,932 [76baf177-36d8-409e-a7c9-e1ee96baf7e8@group-6C71D7258DAB-LeaderElection59] INFO  segmented.SegmentedRaftLogWorker (SegmentedRaftLogWorker.java:startLogSegment(385)) - 76baf177-36d8-409e-a7c9-e1ee96baf7e8@group-6C71D7258DAB-SegmentedRaftLogWorker: Starting segment from index:0
2019-11-15 13:01:49,933 [76baf177-36d8-409e-a7c9-e1ee96baf7e8@group-6C71D7258DAB-LeaderElection59] INFO  impl.RaftServerImpl (ServerState.java:setRaftConf(356)) - 76baf177-36d8-409e-a7c9-e1ee96baf7e8@group-6C71D7258DAB: set configuration 0: [76baf177-36d8-409e-a7c9-e1ee96baf7e8:192.168.157.228:42617], old=null at 0
2019-11-15 13:01:49,969 [Thread-3809] INFO  impl.FollowerState (FollowerState.java:run(111)) - 76baf177-36d8-409e-a7c9-e1ee96baf7e8@group-BE2ECF6F0D9A-FollowerState: change to CANDIDATE, lastRpcTime:5163ms, electionTimeout:5156ms
2019-11-15 13:01:49,970 [grpc-default-executor-0] INFO  impl.RaftServerImpl (RaftServerImpl.java:setRole(173)) - a8f70695-1c42-4d96-925b-c3fcf2432bdd@group-BE2ECF6F0D9A: changes role from  FOLLOWER to FOLLOWER at term 1 for recognizeCandidate:56d2de60-b1b3-4076-aa6f-99b123aebd62
2019-11-15 13:01:49,973 [Thread-3809] INFO  impl.RoleInfo (RoleInfo.java:shutdownFollowerState(121)) - 76baf177-36d8-409e-a7c9-e1ee96baf7e8: shutdown FollowerState
2019-11-15 13:01:49,973 [grpc-default-executor-0] INFO  impl.RoleInfo (RoleInfo.java:shutdownFollowerState(121)) - a8f70695-1c42-4d96-925b-c3fcf2432bdd: shutdown FollowerState
2019-11-15 13:01:49,973 [Thread-3809] INFO  impl.RaftServerImpl (RaftServerImpl.java:setRole(173)) - 76baf177-36d8-409e-a7c9-e1ee96baf7e8@group-BE2ECF6F0D9A: changes role from  FOLLOWER to CANDIDATE at term 0 for changeToCandidate
2019-11-15 13:01:49,973 [grpc-default-executor-0] INFO  impl.RoleInfo (RoleInfo.java:updateAndGet(143)) - a8f70695-1c42-4d96-925b-c3fcf2432bdd: start FollowerState
2019-11-15 13:01:49,973 [Thread-3809] INFO  impl.RoleInfo (RoleInfo.java:updateAndGet(143)) - 76baf177-36d8-409e-a7c9-e1ee96baf7e8: start LeaderElection
2019-11-15 13:01:49,977 [grpc-default-executor-4] INFO  impl.RaftServerImpl (RaftServerImpl.java:setRole(173)) - 76baf177-36d8-409e-a7c9-e1ee96baf7e8@group-BE2ECF6F0D9A: changes role from CANDIDATE to FOLLOWER at term 1 for recognizeCandidate:56d2de60-b1b3-4076-aa6f-99b123aebd62
2019-11-15 13:01:49,977 [grpc-default-executor-4] INFO  impl.RoleInfo (RoleInfo.java:shutdownLeaderElection(134)) - 76baf177-36d8-409e-a7c9-e1ee96baf7e8: shutdown LeaderElection
2019-11-15 13:01:49,977 [grpc-default-executor-4] INFO  impl.RoleInfo (RoleInfo.java:updateAndGet(143)) - 76baf177-36d8-409e-a7c9-e1ee96baf7e8: start FollowerState
2019-11-15 13:01:49,995 [76baf177-36d8-409e-a7c9-e1ee96baf7e8@group-6C71D7258DAB-SegmentedRaftLogWorker] INFO  segmented.SegmentedRaftLogWorker (SegmentedRaftLogWorker.java:execute(576)) - 76baf177-36d8-409e-a7c9-e1ee96baf7e8@group-6C71D7258DAB-SegmentedRaftLogWorker: created new log segment /workdir/hadoop-ozone/integration-test/target/test-dir/MiniOzoneClusterImpl-8dc4e64a-e7f2-467c-840f-7d8b418ee89f/datanode-1/data/ratis/569c7b6d-88a7-476c-b0ef-6c71d7258dab/current/log_inprogress_0
2019-11-15 13:01:50,001 [56d2de60-b1b3-4076-aa6f-99b123aebd62@group-BE2ECF6F0D9A-LeaderElection58] INFO  impl.LeaderElection (LeaderElection.java:logAndReturn(56)) - 56d2de60-b1b3-4076-aa6f-99b123aebd62@group-BE2ECF6F0D9A-LeaderElection58: Election PASSED; received 1 response(s) [56d2de60-b1b3-4076-aa6f-99b123aebd62<-a8f70695-1c42-4d96-925b-c3fcf2432bdd#0:OK-t1] and 0 exception(s); 56d2de60-b1b3-4076-aa6f-99b123aebd62@group-BE2ECF6F0D9A:t1, leader=null, voted=56d2de60-b1b3-4076-aa6f-99b123aebd62, raftlog=56d2de60-b1b3-4076-aa6f-99b123aebd62@group-BE2ECF6F0D9A-SegmentedRaftLog:OPENED:c-1,f-1,i0, conf=-1: [a8f70695-1c42-4d96-925b-c3fcf2432bdd:192.168.157.228:36381, 56d2de60-b1b3-4076-aa6f-99b123aebd62:192.168.157.228:37082, 76baf177-36d8-409e-a7c9-e1ee96baf7e8:192.168.157.228:42617], old=null
2019-11-15 13:01:50,001 [56d2de60-b1b3-4076-aa6f-99b123aebd62@group-BE2ECF6F0D9A-LeaderElection58] INFO  impl.RoleInfo (RoleInfo.java:shutdownLeaderElection(134)) - 56d2de60-b1b3-4076-aa6f-99b123aebd62: shutdown LeaderElection
2019-11-15 13:01:50,001 [56d2de60-b1b3-4076-aa6f-99b123aebd62@group-BE2ECF6F0D9A-LeaderElection58] INFO  impl.RaftServerImpl (RaftServerImpl.java:setRole(173)) - 56d2de60-b1b3-4076-aa6f-99b123aebd62@group-BE2ECF6F0D9A: changes role from CANDIDATE to LEADER at term 1 for changeToLeader
2019-11-15 13:01:50,001 [56d2de60-b1b3-4076-aa6f-99b123aebd62@group-BE2ECF6F0D9A-LeaderElection58] INFO  ratis.XceiverServerRatis (XceiverServerRatis.java:handleLeaderChangedNotification(733)) - Leader change notification received for group: group-BE2ECF6F0D9A with new leaderId: 56d2de60-b1b3-4076-aa6f-99b123aebd62
2019-11-15 13:01:50,001 [56d2de60-b1b3-4076-aa6f-99b123aebd62@group-BE2ECF6F0D9A-LeaderElection58] INFO  impl.RaftServerImpl (ServerState.java:setLeader(255)) - 56d2de60-b1b3-4076-aa6f-99b123aebd62@group-BE2ECF6F0D9A: change Leader from null to 56d2de60-b1b3-4076-aa6f-99b123aebd62 at term 1 for becomeLeader, leader elected after 5283ms
2019-11-15 13:01:50,002 [56d2de60-b1b3-4076-aa6f-99b123aebd62@group-BE2ECF6F0D9A-LeaderElection58] INFO  server.RaftServerConfigKeys (ConfUtils.java:logGet(43)) - raft.server.staging.catchup.gap = 1000 (default)
2019-11-15 13:01:50,002 [56d2de60-b1b3-4076-aa6f-99b123aebd62@group-BE2ECF6F0D9A-LeaderElection58] INFO  server.RaftServerConfigKeys (ConfUtils.java:logGet(43)) - raft.server.rpc.sleep.time = 25ms (default)
2019-11-15 13:01:50,002 [56d2de60-b1b3-4076-aa6f-99b123aebd62@group-BE2ECF6F0D9A-LeaderElection58] INFO  server.RaftServerConfigKeys (ConfUtils.java:logGet(43)) - raft.server.write.element-limit = 4096 (default)
2019-11-15 13:01:50,002 [56d2de60-b1b3-4076-aa6f-99b123aebd62@group-BE2ECF6F0D9A-LeaderElection58] INFO  server.RaftServerConfigKeys (ConfUtils.java:logGet(43)) - raft.server.watch.timeout = 10s (default)
2019-11-15 13:01:50,002 [56d2de60-b1b3-4076-aa6f-99b123aebd62@group-BE2ECF6F0D9A-LeaderElection58] INFO  server.RaftServerConfigKeys (ConfUtils.java:logGet(43)) - raft.server.watch.timeout.denomination = 1s (default)
2019-11-15 13:01:50,002 [56d2de60-b1b3-4076-aa6f-99b123aebd62@group-BE2ECF6F0D9A-LeaderElection58] INFO  server.RaftServerConfigKeys (ConfUtils.java:logGet(43)) - raft.server.watch.element-limit = 65536 (default)
2019-11-15 13:01:50,002 [56d2de60-b1b3-4076-aa6f-99b123aebd62@group-BE2ECF6F0D9A-LeaderElection58] INFO  server.RaftServerConfigKeys (ConfUtils.java:logGet(43)) - raft.server.log.appender.snapshot.chunk.size.max = 16MB (=16777216) (default)
2019-11-15 13:01:50,002 [EventQueue-PipelineReportForPipelineReportHandler] INFO  pipeline.PipelineReportHandler (PipelineReportHandler.java:processPipelineReport(113)) - Pipeline THREE PipelineID=fe73d8b8-8e90-4aaa-9755-be2ecf6f0d9a reported by 56d2de60-b1b3-4076-aa6f-99b123aebd62{ip: 192.168.157.228, host: pr-hdds-2448-del-container-94542-2491966341, networkLocation: /default-rack, certSerialId: null}
2019-11-15 13:01:50,003 [56d2de60-b1b3-4076-aa6f-99b123aebd62@group-BE2ECF6F0D9A-LeaderElection58] INFO  server.RaftServerConfigKeys (ConfUtils.java:logGet(43)) - raft.server.log.appender.buffer.byte-limit = 33554432 (custom)
2019-11-15 13:01:50,004 [EventQueue-PipelineReportForPipelineReportHandler] INFO  pipeline.PipelineStateManager (PipelineStateManager.java:openPipeline(132)) - Pipeline Pipeline[ Id: fe73d8b8-8e90-4aaa-9755-be2ecf6f0d9a, Nodes: 56d2de60-b1b3-4076-aa6f-99b123aebd62{ip: 192.168.157.228, host: pr-hdds-2448-del-container-94542-2491966341, networkLocation: /default-rack, certSerialId: null}76baf177-36d8-409e-a7c9-e1ee96baf7e8{ip: 192.168.157.228, host: pr-hdds-2448-del-container-94542-2491966341, networkLocation: /default-rack, certSerialId: null}a8f70695-1c42-4d96-925b-c3fcf2432bdd{ip: 192.168.157.228, host: pr-hdds-2448-del-container-94542-2491966341, networkLocation: /default-rack, certSerialId: null}, Type:RATIS, Factor:THREE, State:ALLOCATED] moved to OPEN state
2019-11-15 13:01:50,004 [56d2de60-b1b3-4076-aa6f-99b123aebd62@group-BE2ECF6F0D9A-LeaderElection58] INFO  server.RaftServerConfigKeys (ConfUtils.java:logGet(43)) - raft.server.log.appender.buffer.element-limit = 1 (custom)
2019-11-15 13:01:50,005 [EventQueue-OpenPipelineForOneReplicaPipelineSafeModeRule] INFO  safemode.SCMSafeModeManager (SCMSafeModeManager.java:validateSafeModeExitRules(176)) - AtleastOneDatanodeReportedRule rule is successfully validated
2019-11-15 13:01:50,005 [EventQueue-OpenPipelineForHealthyPipelineSafeModeRule] INFO  safemode.SCMSafeModeManager (HealthyPipelineSafeModeRule.java:process(132)) - SCM in safe mode. Healthy pipelines reported count is 1, required healthy pipeline reported count is 1
2019-11-15 13:01:50,007 [EventQueue-OpenPipelineForHealthyPipelineSafeModeRule] INFO  safemode.SCMSafeModeManager (SCMSafeModeManager.java:validateSafeModeExitRules(176)) - HealthyPipelineSafeModeRule rule is successfully validated
2019-11-15 13:01:50,007 [EventQueue-OpenPipelineForHealthyPipelineSafeModeRule] INFO  safemode.SCMSafeModeManager (SCMSafeModeManager.java:validateSafeModeExitRules(185)) - ScmSafeModeManager, all rules are successfully validated
2019-11-15 13:01:50,007 [EventQueue-OpenPipelineForHealthyPipelineSafeModeRule] INFO  safemode.SCMSafeModeManager (SCMSafeModeManager.java:exitSafeMode(201)) - SCM exiting safe mode.
2019-11-15 13:01:50,007 [56d2de60-b1b3-4076-aa6f-99b123aebd62@group-BE2ECF6F0D9A-LeaderElection58] INFO  grpc.GrpcConfigKeys$Server (ConfUtils.java:logGet(43)) - raft.grpc.server.leader.outstanding.appends.max = 128 (default)
2019-11-15 13:01:50,007 [56d2de60-b1b3-4076-aa6f-99b123aebd62@group-BE2ECF6F0D9A-LeaderElection58] INFO  server.RaftServerConfigKeys (ConfUtils.java:logGet(43)) - raft.server.rpc.request.timeout = 3000ms (default)
2019-11-15 13:01:50,009 [56d2de60-b1b3-4076-aa6f-99b123aebd62@group-BE2ECF6F0D9A-LeaderElection58] INFO  server.RaftServerConfigKeys (ConfUtils.java:logGet(43)) - raft.server.log.appender.install.snapshot.enabled = false (custom)
2019-11-15 13:01:50,009 [56d2de60-b1b3-4076-aa6f-99b123aebd62@group-BE2ECF6F0D9A-LeaderElection58] WARN  impl.MetricRegistriesImpl (MetricRegistriesImpl.java:lambda$create$1(61)) - First MetricRegistry has been created without registering reporters. You may need to call MetricRegistries.global().addReportRegistration(...) before.
2019-11-15 13:01:50,009 [56d2de60-b1b3-4076-aa6f-99b123aebd62@group-BE2ECF6F0D9A-LeaderElection58] INFO  server.RaftServerConfigKeys (ConfUtils.java:logGet(43)) - raft.server.log.appender.snapshot.chunk.size.max = 16MB (=16777216) (default)
2019-11-15 13:01:50,009 [56d2de60-b1b3-4076-aa6f-99b123aebd62@group-BE2ECF6F0D9A-LeaderElection58] INFO  server.RaftServerConfigKeys (ConfUtils.java:logGet(43)) - raft.server.log.appender.buffer.byte-limit = 33554432 (custom)
2019-11-15 13:01:50,009 [56d2de60-b1b3-4076-aa6f-99b123aebd62@group-BE2ECF6F0D9A-LeaderElection58] INFO  server.RaftServerConfigKeys (ConfUtils.java:logGet(43)) - raft.server.log.appender.buffer.element-limit = 1 (custom)
2019-11-15 13:01:50,010 [56d2de60-b1b3-4076-aa6f-99b123aebd62@group-BE2ECF6F0D9A-LeaderElection58] INFO  grpc.GrpcConfigKeys$Server (ConfUtils.java:logGet(43)) - raft.grpc.server.leader.outstanding.appends.max = 128 (default)
2019-11-15 13:01:50,010 [56d2de60-b1b3-4076-aa6f-99b123aebd62@group-BE2ECF6F0D9A-LeaderElection58] INFO  server.RaftServerConfigKeys (ConfUtils.java:logGet(43)) - raft.server.rpc.request.timeout = 3000ms (default)
2019-11-15 13:01:50,010 [56d2de60-b1b3-4076-aa6f-99b123aebd62@group-BE2ECF6F0D9A-LeaderElection58] INFO  server.RaftServerConfigKeys (ConfUtils.java:logGet(43)) - raft.server.log.appender.install.snapshot.enabled = false (custom)
2019-11-15 13:01:50,010 [56d2de60-b1b3-4076-aa6f-99b123aebd62@group-BE2ECF6F0D9A-LeaderElection58] INFO  impl.RoleInfo (RoleInfo.java:updateAndGet(143)) - 56d2de60-b1b3-4076-aa6f-99b123aebd62: start LeaderState
2019-11-15 13:01:50,011 [56d2de60-b1b3-4076-aa6f-99b123aebd62@group-BE2ECF6F0D9A-LeaderElection58] INFO  segmented.SegmentedRaftLogWorker (SegmentedRaftLogWorker.java:startLogSegment(385)) - 56d2de60-b1b3-4076-aa6f-99b123aebd62@group-BE2ECF6F0D9A-SegmentedRaftLogWorker: Starting segment from index:0
2019-11-15 13:01:50,011 [56d2de60-b1b3-4076-aa6f-99b123aebd62@group-BE2ECF6F0D9A-LeaderElection58] INFO  impl.RaftServerImpl (ServerState.java:setRaftConf(356)) - 56d2de60-b1b3-4076-aa6f-99b123aebd62@group-BE2ECF6F0D9A: set configuration 0: [a8f70695-1c42-4d96-925b-c3fcf2432bdd:192.168.157.228:36381, 56d2de60-b1b3-4076-aa6f-99b123aebd62:192.168.157.228:37082, 76baf177-36d8-409e-a7c9-e1ee96baf7e8:192.168.157.228:42617], old=null at 0
2019-11-15 13:01:50,013 [grpc-default-executor-4] INFO  ratis.XceiverServerRatis (XceiverServerRatis.java:handleLeaderChangedNotification(733)) - Leader change notification received for group: group-BE2ECF6F0D9A with new leaderId: 56d2de60-b1b3-4076-aa6f-99b123aebd62
2019-11-15 13:01:50,013 [grpc-default-executor-4] INFO  impl.RaftServerImpl (ServerState.java:setLeader(255)) - a8f70695-1c42-4d96-925b-c3fcf2432bdd@group-BE2ECF6F0D9A: change Leader from null to 56d2de60-b1b3-4076-aa6f-99b123aebd62 at term 1 for appendEntries, leader elected after 5133ms
2019-11-15 13:01:50,015 [grpc-default-executor-4] INFO  impl.RaftServerImpl (ServerState.java:setRaftConf(356)) - a8f70695-1c42-4d96-925b-c3fcf2432bdd@group-BE2ECF6F0D9A: set configuration 0: [a8f70695-1c42-4d96-925b-c3fcf2432bdd:192.168.157.228:36381, 56d2de60-b1b3-4076-aa6f-99b123aebd62:192.168.157.228:37082, 76baf177-36d8-409e-a7c9-e1ee96baf7e8:192.168.157.228:42617], old=null at 0
2019-11-15 13:01:50,015 [grpc-default-executor-4] INFO  segmented.SegmentedRaftLogWorker (SegmentedRaftLogWorker.java:startLogSegment(385)) - a8f70695-1c42-4d96-925b-c3fcf2432bdd@group-BE2ECF6F0D9A-SegmentedRaftLogWorker: Starting segment from index:0
2019-11-15 13:01:50,018 [76baf177-36d8-409e-a7c9-e1ee96baf7e8@group-BE2ECF6F0D9A-LeaderElection60] INFO  impl.LeaderElection (LeaderElection.java:askForVotes(178)) - 76baf177-36d8-409e-a7c9-e1ee96baf7e8@group-BE2ECF6F0D9A-LeaderElection60: begin an election at term 2 for -1: [a8f70695-1c42-4d96-925b-c3fcf2432bdd:192.168.157.228:36381, 56d2de60-b1b3-4076-aa6f-99b123aebd62:192.168.157.228:37082, 76baf177-36d8-409e-a7c9-e1ee96baf7e8:192.168.157.228:42617], old=null
2019-11-15 13:01:50,019 [76baf177-36d8-409e-a7c9-e1ee96baf7e8@group-BE2ECF6F0D9A-LeaderElection60] INFO  impl.LeaderElection (LeaderElection.java:logAndReturn(56)) - 76baf177-36d8-409e-a7c9-e1ee96baf7e8@group-BE2ECF6F0D9A-LeaderElection60: Election REJECTED; received 0 response(s) [] and 0 exception(s); 76baf177-36d8-409e-a7c9-e1ee96baf7e8@group-BE2ECF6F0D9A:t2, leader=null, voted=76baf177-36d8-409e-a7c9-e1ee96baf7e8, raftlog=76baf177-36d8-409e-a7c9-e1ee96baf7e8@group-BE2ECF6F0D9A-SegmentedRaftLog:OPENED:c-1,f-1,i0, conf=-1: [a8f70695-1c42-4d96-925b-c3fcf2432bdd:192.168.157.228:36381, 56d2de60-b1b3-4076-aa6f-99b123aebd62:192.168.157.228:37082, 76baf177-36d8-409e-a7c9-e1ee96baf7e8:192.168.157.228:42617], old=null
2019-11-15 13:01:50,046 [Thread-3850] INFO  impl.RaftServerImpl (ServerState.java:setLeader(255)) - 56d2de60-b1b3-4076-aa6f-99b123aebd62@group-BE2ECF6F0D9A: change Leader from 56d2de60-b1b3-4076-aa6f-99b123aebd62 to null at term 2 for updateCurrentTerm
2019-11-15 13:01:50,048 [Thread-3850] INFO  impl.RaftServerImpl (RaftServerImpl.java:setRole(173)) - 56d2de60-b1b3-4076-aa6f-99b123aebd62@group-BE2ECF6F0D9A: changes role from    LEADER to FOLLOWER at term 2 for stepDown
2019-11-15 13:01:50,048 [Thread-3850] INFO  impl.RoleInfo (RoleInfo.java:shutdownLeaderState(104)) - 56d2de60-b1b3-4076-aa6f-99b123aebd62: shutdown LeaderState
2019-11-15 13:01:50,052 [org.apache.ratis.server.impl.LogAppender$AppenderDaemon$$Lambda$272/687360200@69dd15] WARN  server.GrpcLogAppender (GrpcLogAppender.java:mayWait(151)) - 56d2de60-b1b3-4076-aa6f-99b123aebd62@group-BE2ECF6F0D9A->a8f70695-1c42-4d96-925b-c3fcf2432bdd-GrpcLogAppender: Wait interrupted by java.lang.InterruptedException
2019-11-15 13:01:50,054 [Thread-3850] INFO  impl.PendingRequests (PendingRequests.java:sendNotLeaderResponses(206)) - 56d2de60-b1b3-4076-aa6f-99b123aebd62@group-BE2ECF6F0D9A-PendingRequests: sendNotLeaderResponses
2019-11-15 13:01:50,052 [org.apache.ratis.server.impl.LogAppender$AppenderDaemon$$Lambda$272/687360200@456b437c] WARN  server.GrpcLogAppender (GrpcLogAppender.java:mayWait(151)) - 56d2de60-b1b3-4076-aa6f-99b123aebd62@group-BE2ECF6F0D9A->76baf177-36d8-409e-a7c9-e1ee96baf7e8-GrpcLogAppender: Wait interrupted by java.lang.InterruptedException
2019-11-15 13:01:50,055 [Thread-3850] INFO  impl.RoleInfo (RoleInfo.java:updateAndGet(143)) - 56d2de60-b1b3-4076-aa6f-99b123aebd62: start FollowerState
2019-11-15 13:01:50,056 [grpc-default-executor-1] INFO  server.GrpcServerProtocolService (GrpcServerProtocolService.java:onCompleted(113)) - a8f70695-1c42-4d96-925b-c3fcf2432bdd: Completed APPEND_ENTRIES, lastRequest: 56d2de60-b1b3-4076-aa6f-99b123aebd62->a8f70695-1c42-4d96-925b-c3fcf2432bdd#1-t1, previous=(t:0, i:0), leaderCommit=-1, initializing? false, entries: size=1, first=(t:1, i:0), CONFIGURATIONENTRY
2019-11-15 13:01:50,056 [grpc-default-executor-1] INFO  server.GrpcServerProtocolService (GrpcServerProtocolService.java:onCompleted(113)) - 76baf177-36d8-409e-a7c9-e1ee96baf7e8: Completed APPEND_ENTRIES, lastRequest: 56d2de60-b1b3-4076-aa6f-99b123aebd62->76baf177-36d8-409e-a7c9-e1ee96baf7e8#0-t1, previous=(t:0, i:0), leaderCommit=-1, initializing? false, entries: <empty>
2019-11-15 13:01:50,058 [grpc-default-executor-4] INFO  server.GrpcLogAppender (GrpcLogAppender.java:onCompleted(308)) - 56d2de60-b1b3-4076-aa6f-99b123aebd62@group-BE2ECF6F0D9A->a8f70695-1c42-4d96-925b-c3fcf2432bdd-AppendLogResponseHandler: follower responses appendEntries COMPLETED
2019-11-15 13:01:50,060 [grpc-default-executor-3] INFO  server.GrpcLogAppender (GrpcLogAppender.java:onCompleted(308)) - 56d2de60-b1b3-4076-aa6f-99b123aebd62@group-BE2ECF6F0D9A->76baf177-36d8-409e-a7c9-e1ee96baf7e8-AppendLogResponseHandler: follower responses appendEntries COMPLETED
2019-11-15 13:01:50,062 [grpc-default-executor-4] INFO  impl.FollowerInfo (FollowerInfo.java:lambda$new$0(51)) - 56d2de60-b1b3-4076-aa6f-99b123aebd62@group-BE2ECF6F0D9A->a8f70695-1c42-4d96-925b-c3fcf2432bdd: nextIndex: updateUnconditionally 1 -> 0
2019-11-15 13:01:50,062 [grpc-default-executor-3] INFO  impl.FollowerInfo (FollowerInfo.java:lambda$new$0(51)) - 56d2de60-b1b3-4076-aa6f-99b123aebd62@group-BE2ECF6F0D9A->76baf177-36d8-409e-a7c9-e1ee96baf7e8: nextIndex: updateUnconditionally 0 -> 0
2019-11-15 13:01:50,065 [grpc-default-executor-3] INFO  impl.RaftServerImpl (ServerState.java:setLeader(255)) - a8f70695-1c42-4d96-925b-c3fcf2432bdd@group-BE2ECF6F0D9A: change Leader from 56d2de60-b1b3-4076-aa6f-99b123aebd62 to null at term 2 for updateCurrentTerm
2019-11-15 13:01:50,065 [grpc-default-executor-3] INFO  impl.RaftServerImpl (RaftServerImpl.java:setRole(173)) - a8f70695-1c42-4d96-925b-c3fcf2432bdd@group-BE2ECF6F0D9A: changes role from  FOLLOWER to FOLLOWER at term 2 for recognizeCandidate:76baf177-36d8-409e-a7c9-e1ee96baf7e8
2019-11-15 13:01:50,065 [grpc-default-executor-3] INFO  impl.RoleInfo (RoleInfo.java:shutdownFollowerState(121)) - a8f70695-1c42-4d96-925b-c3fcf2432bdd: shutdown FollowerState
2019-11-15 13:01:50,065 [grpc-default-executor-3] INFO  impl.RoleInfo (RoleInfo.java:updateAndGet(143)) - a8f70695-1c42-4d96-925b-c3fcf2432bdd: start FollowerState
2019-11-15 13:01:50,065 [Thread-3847] INFO  impl.FollowerState (FollowerState.java:run(120)) - a8f70695-1c42-4d96-925b-c3fcf2432bdd@group-BE2ECF6F0D9A-FollowerState was interrupted: java.lang.InterruptedException: sleep interrupted
2019-11-15 13:01:50,067 [56d2de60-b1b3-4076-aa6f-99b123aebd62@group-BE2ECF6F0D9A-SegmentedRaftLogWorker] INFO  segmented.SegmentedRaftLogWorker (SegmentedRaftLogWorker.java:execute(576)) - 56d2de60-b1b3-4076-aa6f-99b123aebd62@group-BE2ECF6F0D9A-SegmentedRaftLogWorker: created new log segment /workdir/hadoop-ozone/integration-test/target/test-dir/MiniOzoneClusterImpl-8dc4e64a-e7f2-467c-840f-7d8b418ee89f/datanode-0/data/ratis/fe73d8b8-8e90-4aaa-9755-be2ecf6f0d9a/current/log_inprogress_0
2019-11-15 13:01:50,067 [a8f70695-1c42-4d96-925b-c3fcf2432bdd@group-BE2ECF6F0D9A-SegmentedRaftLogWorker] INFO  segmented.SegmentedRaftLogWorker (SegmentedRaftLogWorker.java:execute(576)) - a8f70695-1c42-4d96-925b-c3fcf2432bdd@group-BE2ECF6F0D9A-SegmentedRaftLogWorker: created new log segment /workdir/hadoop-ozone/integration-test/target/test-dir/MiniOzoneClusterImpl-8dc4e64a-e7f2-467c-840f-7d8b418ee89f/datanode-2/data/ratis/fe73d8b8-8e90-4aaa-9755-be2ecf6f0d9a/current/log_inprogress_0
2019-11-15 13:01:50,089 [grpc-default-executor-1] INFO  impl.RaftServerImpl (RaftServerImpl.java:setRole(173)) - 56d2de60-b1b3-4076-aa6f-99b123aebd62@group-BE2ECF6F0D9A: changes role from  FOLLOWER to FOLLOWER at term 2 for recognizeCandidate:76baf177-36d8-409e-a7c9-e1ee96baf7e8
2019-11-15 13:01:50,091 [grpc-default-executor-1] INFO  impl.RoleInfo (RoleInfo.java:shutdownFollowerState(121)) - 56d2de60-b1b3-4076-aa6f-99b123aebd62: shutdown FollowerState
2019-11-15 13:01:50,091 [grpc-default-executor-1] INFO  impl.RoleInfo (RoleInfo.java:updateAndGet(143)) - 56d2de60-b1b3-4076-aa6f-99b123aebd62: start FollowerState
2019-11-15 13:01:50,091 [Thread-3859] INFO  impl.FollowerState (FollowerState.java:run(120)) - 56d2de60-b1b3-4076-aa6f-99b123aebd62@group-BE2ECF6F0D9A-FollowerState was interrupted: java.lang.InterruptedException: sleep interrupted
2019-11-15 13:01:50,766 [Thread-3499] INFO  ozone.MiniOzoneClusterImpl (MiniOzoneClusterImpl.java:lambda$waitForClusterToBeReady$0(150)) - Nodes are ready. Got 3 of 3 DN Heartbeats.
2019-11-15 13:01:50,768 [Thread-3499] INFO  ozone.MiniOzoneClusterImpl (MiniOzoneClusterImpl.java:lambda$waitForClusterToBeReady$0(153)) - Cluster exits safe mode
2019-11-15 13:01:50,845 [Thread-3499] INFO  rpc.RpcClient (RpcClient.java:createVolume(292)) - Creating Volume: volume75650, with user28157 as owner.
2019-11-15 13:01:50,866 [OM StateMachine ApplyTransaction Thread - 0] INFO  volume.OMVolumeCreateRequest (OMVolumeCreateRequest.java:validateAndUpdateCache(193)) - created volume:volume75650 for user:user28157
2019-11-15 13:01:50,878 [Thread-3499] INFO  ipc.Server (Server.java:stop(3082)) - Stopping server on 11976
2019-11-15 13:01:50,890 [IPC Server listener on 11976] INFO  ipc.Server (Server.java:run(1185)) - Stopping IPC Server listener on 11976
2019-11-15 13:01:50,890 [OM StateMachine ApplyTransaction Thread - 0] INFO  volume.OMVolumeCreateRequest (OMVolumeCreateRequest.java:validateAndUpdateCache(193)) - created volume:volume75650 for user:user28157
2019-11-15 13:01:50,890 [OM StateMachine ApplyTransaction Thread - 0] INFO  volume.OMVolumeCreateRequest (OMVolumeCreateRequest.java:validateAndUpdateCache(193)) - created volume:volume75650 for user:user28157
2019-11-15 13:01:50,900 [IPC Server Responder] INFO  ipc.Server (Server.java:run(1319)) - Stopping IPC Server Responder
2019-11-15 13:01:50,904 [Thread-3499] INFO  impl.RaftServerProxy (RaftServerProxy.java:lambda$close$4(314)) - omNode-1: close
2019-11-15 13:01:50,916 [Thread-3499] INFO  impl.RaftServerImpl (RaftServerImpl.java:lambda$shutdown$3(250)) - omNode-1@group-523986131536: shutdown
2019-11-15 13:01:50,918 [Thread-3499] INFO  util.JmxRegister (JmxRegister.java:unregister(73)) - Successfully un-registered JMX Bean with object name Ratis:service=RaftServer,group=group-523986131536,id=omNode-1
2019-11-15 13:01:50,918 [Thread-3499] INFO  impl.RoleInfo (RoleInfo.java:shutdownLeaderState(104)) - omNode-1: shutdown LeaderState
2019-11-15 13:01:50,921 [Thread-3499] INFO  impl.PendingRequests (PendingRequests.java:sendNotLeaderResponses(206)) - omNode-1@group-523986131536-PendingRequests: sendNotLeaderResponses
2019-11-15 13:01:50,921 [org.apache.ratis.server.impl.LogAppender$AppenderDaemon$$Lambda$272/687360200@4b7adf83] WARN  server.GrpcLogAppender (GrpcLogAppender.java:mayWait(151)) - omNode-1@group-523986131536->omNode-3-GrpcLogAppender: Wait interrupted by java.lang.InterruptedException
2019-11-15 13:01:50,921 [org.apache.ratis.server.impl.LogAppender$AppenderDaemon$$Lambda$272/687360200@613023] WARN  server.GrpcLogAppender (GrpcLogAppender.java:mayWait(151)) - omNode-1@group-523986131536->omNode-2-GrpcLogAppender: Wait interrupted by java.lang.InterruptedException
2019-11-15 13:01:50,929 [Thread-3499] INFO  impl.StateMachineUpdater (StateMachineUpdater.java:stopAndJoin(136)) - omNode-1@group-523986131536-StateMachineUpdater: set stopIndex = 2
2019-11-15 13:01:50,929 [omNode-1@group-523986131536-StateMachineUpdater] INFO  ratis.OzoneManagerStateMachine (OzoneManagerStateMachine.java:takeSnapshot(254)) - Saving Ratis snapshot on the OM.
2019-11-15 13:01:50,929 [grpc-default-executor-1] INFO  server.GrpcServerProtocolService (GrpcServerProtocolService.java:onCompleted(113)) - omNode-2: Completed APPEND_ENTRIES, lastRequest: omNode-1->omNode-2#30-t1, previous=(t:1, i:1), leaderCommit=1, initializing? false, entries: size=1, first=(t:1, i:2), METADATAENTRY(c1)
2019-11-15 13:01:50,929 [grpc-default-executor-3] INFO  server.GrpcServerProtocolService (GrpcServerProtocolService.java:onCompleted(113)) - omNode-3: Completed APPEND_ENTRIES, lastRequest: omNode-1->omNode-3#31-t1, previous=(t:1, i:1), leaderCommit=1, initializing? false, entries: size=1, first=(t:1, i:2), METADATAENTRY(c1)
2019-11-15 13:01:50,932 [grpc-default-executor-3] INFO  server.GrpcLogAppender (GrpcLogAppender.java:onCompleted(308)) - omNode-1@group-523986131536->omNode-3-AppendLogResponseHandler: follower responses appendEntries COMPLETED
2019-11-15 13:01:50,932 [grpc-default-executor-1] INFO  server.GrpcLogAppender (GrpcLogAppender.java:onCompleted(308)) - omNode-1@group-523986131536->omNode-2-AppendLogResponseHandler: follower responses appendEntries COMPLETED
2019-11-15 13:01:50,936 [omNode-1@group-523986131536-StateMachineUpdater] INFO  ratis.OMRatisSnapshotInfo (OMRatisSnapshotInfo.java:saveRatisSnapshotToDisk(107)) - Saved Ratis Snapshot on the OM with snapshotIndex 1
2019-11-15 13:01:50,936 [omNode-1@group-523986131536-StateMachineUpdater] INFO  impl.StateMachineUpdater (StateMachineUpdater.java:takeSnapshot(269)) - omNode-1@group-523986131536-StateMachineUpdater: Took a snapshot at index 1
2019-11-15 13:01:50,936 [omNode-1@group-523986131536-StateMachineUpdater] INFO  impl.StateMachineUpdater (StateMachineUpdater.java:lambda$new$0(84)) - omNode-1@group-523986131536-StateMachineUpdater: snapshotIndex: updateIncreasingly -1 -> 1
2019-11-15 13:01:50,936 [omNode-1@group-523986131536-StateMachineUpdater] INFO  ratis.OzoneManagerStateMachine (OzoneManagerStateMachine.java:takeSnapshot(254)) - Saving Ratis snapshot on the OM.
2019-11-15 13:01:50,936 [grpc-default-executor-3] INFO  impl.FollowerInfo (FollowerInfo.java:lambda$new$0(51)) - omNode-1@group-523986131536->omNode-3: nextIndex: updateUnconditionally 3 -> 2
2019-11-15 13:01:50,936 [grpc-default-executor-1] INFO  impl.FollowerInfo (FollowerInfo.java:lambda$new$0(51)) - omNode-1@group-523986131536->omNode-2: nextIndex: updateUnconditionally 3 -> 2
2019-11-15 13:01:50,937 [omNode-1@group-523986131536-StateMachineUpdater] INFO  ratis.OMRatisSnapshotInfo (OMRatisSnapshotInfo.java:saveRatisSnapshotToDisk(107)) - Saved Ratis Snapshot on the OM with snapshotIndex 1
2019-11-15 13:01:50,937 [omNode-1@group-523986131536-StateMachineUpdater] INFO  impl.StateMachineUpdater (StateMachineUpdater.java:takeSnapshot(269)) - omNode-1@group-523986131536-StateMachineUpdater: Took a snapshot at index 1
2019-11-15 13:01:50,937 [omNode-1@group-523986131536-StateMachineUpdater] INFO  impl.StateMachineUpdater (StateMachineUpdater.java:lambda$new$0(84)) - omNode-1@group-523986131536-StateMachineUpdater: snapshotIndex: updateIncreasingly 1 -> 1
2019-11-15 13:01:50,937 [Thread-3499] INFO  impl.RaftServerImpl (ServerState.java:close(387)) - omNode-1@group-523986131536: closes. applyIndex: 2
2019-11-15 13:01:50,937 [omNode-1@group-523986131536-SegmentedRaftLogWorker] INFO  segmented.SegmentedRaftLogWorker (SegmentedRaftLogWorker.java:run(316)) - omNode-1@group-523986131536-SegmentedRaftLogWorker was interrupted, exiting. There are 0 tasks remaining in the queue.
2019-11-15 13:01:50,939 [Thread-3499] INFO  segmented.SegmentedRaftLogWorker (SegmentedRaftLogWorker.java:close(224)) - omNode-1@group-523986131536-SegmentedRaftLogWorker close()
2019-11-15 13:01:50,942 [Thread-3499] INFO  server.GrpcService (GrpcService.java:closeImpl(164)) - omNode-1: shutdown server with port 11980 now
2019-11-15 13:01:50,942 [Thread-3499] INFO  server.GrpcService (GrpcService.java:closeImpl(172)) - omNode-1: shutdown server with port 11980 successfully
2019-11-15 13:01:50,943 [Thread-3499] INFO  ratis.OzoneManagerDoubleBuffer (OzoneManagerDoubleBuffer.java:stop(261)) - Stopping OMDoubleBuffer flush thread
2019-11-15 13:01:50,943 [OMDoubleBufferFlushThread] INFO  ratis.OzoneManagerDoubleBuffer (OzoneManagerDoubleBuffer.java:flushTransactions(199)) - OMDoubleBuffer flush thread OMDoubleBufferFlushThread is interrupted and will exit. OMDoubleBufferFlushThread
2019-11-15 13:01:50,943 [Thread-3499] INFO  utils.BackgroundService (BackgroundService.java:shutdown(151)) - Shutting down service KeyDeletingService
2019-11-15 13:01:50,945 [Thread-3499] INFO  handler.ContextHandler (ContextHandler.java:doStop(910)) - Stopped o.e.j.w.WebAppContext@152d48b5{/,null,UNAVAILABLE}{/ozoneManager}
2019-11-15 13:01:50,946 [Thread-3499] INFO  server.AbstractConnector (AbstractConnector.java:doStop(318)) - Stopped ServerConnector@5f97da32{HTTP/1.1,[http/1.1]}{0.0.0.0:11978}
2019-11-15 13:01:50,946 [Thread-3499] INFO  handler.ContextHandler (ContextHandler.java:doStop(910)) - Stopped o.e.j.s.ServletContextHandler@e94b676{/static,file:///workdir/hadoop-ozone/integration-test/target/test-classes/webapps/static,UNAVAILABLE}
2019-11-15 13:01:50,947 [Thread-3499] INFO  handler.ContextHandler (ContextHandler.java:doStop(910)) - Stopped o.e.j.s.ServletContextHandler@1aeaf20a{/logs,file:///workdir/hadoop-ozone/integration-test/target/log,UNAVAILABLE}
2019-11-15 13:01:52,640 [Thread-3669] INFO  impl.FollowerState (FollowerState.java:run(111)) - omNode-2@group-523986131536-FollowerState: change to CANDIDATE, lastRpcTime:1762ms, electionTimeout:1094ms
2019-11-15 13:01:52,641 [Thread-3669] INFO  impl.RoleInfo (RoleInfo.java:shutdownFollowerState(121)) - omNode-2: shutdown FollowerState
2019-11-15 13:01:52,641 [Thread-3669] INFO  impl.RaftServerImpl (RaftServerImpl.java:setRole(173)) - omNode-2@group-523986131536: changes role from  FOLLOWER to CANDIDATE at term 1 for changeToCandidate
2019-11-15 13:01:52,641 [Thread-3669] INFO  impl.RoleInfo (RoleInfo.java:updateAndGet(143)) - omNode-2: start LeaderElection
2019-11-15 13:01:52,644 [omNode-2@group-523986131536-LeaderElection61] INFO  impl.RaftServerImpl (ServerState.java:setLeader(255)) - omNode-2@group-523986131536: change Leader from omNode-1 to null at term 1 for initElection
2019-11-15 13:01:52,663 [Thread-3682] INFO  impl.FollowerState (FollowerState.java:run(111)) - omNode-3@group-523986131536-FollowerState: change to CANDIDATE, lastRpcTime:1785ms, electionTimeout:1008ms
2019-11-15 13:01:52,663 [Thread-3682] INFO  impl.RoleInfo (RoleInfo.java:shutdownFollowerState(121)) - omNode-3: shutdown FollowerState
2019-11-15 13:01:52,663 [Thread-3682] INFO  impl.RaftServerImpl (RaftServerImpl.java:setRole(173)) - omNode-3@group-523986131536: changes role from  FOLLOWER to CANDIDATE at term 1 for changeToCandidate
2019-11-15 13:01:52,663 [Thread-3682] INFO  impl.RoleInfo (RoleInfo.java:updateAndGet(143)) - omNode-3: start LeaderElection
2019-11-15 13:01:52,665 [omNode-3@group-523986131536-LeaderElection62] INFO  impl.RaftServerImpl (ServerState.java:setLeader(255)) - omNode-3@group-523986131536: change Leader from omNode-1 to null at term 1 for initElection
2019-11-15 13:01:52,669 [omNode-2@group-523986131536-LeaderElection61] INFO  impl.LeaderElection (LeaderElection.java:askForVotes(178)) - omNode-2@group-523986131536-LeaderElection61: begin an election at term 2 for 0: [omNode-3:localhost:11992, omNode-1:localhost:11980, omNode-2:localhost:11986], old=null
2019-11-15 13:01:52,676 [omNode-2@group-523986131536-LeaderElection61] INFO  impl.LeaderElection (LogUtils.java:infoOrTrace(149)) - omNode-2@group-523986131536-LeaderElection61 got exception when requesting votes: {}
java.util.concurrent.ExecutionException: org.apache.ratis.thirdparty.io.grpc.StatusRuntimeException: UNAVAILABLE: io exception
	at java.util.concurrent.FutureTask.report(FutureTask.java:122)
	at java.util.concurrent.FutureTask.get(FutureTask.java:192)
	at org.apache.ratis.server.impl.LeaderElection.waitForResults(LeaderElection.java:259)
	at org.apache.ratis.server.impl.LeaderElection.askForVotes(LeaderElection.java:197)
	at org.apache.ratis.server.impl.LeaderElection.run(LeaderElection.java:133)
	at java.lang.Thread.run(Thread.java:748)
Caused by: org.apache.ratis.thirdparty.io.grpc.StatusRuntimeException: UNAVAILABLE: io exception
	at org.apache.ratis.thirdparty.io.grpc.stub.ClientCalls.toStatusRuntimeException(ClientCalls.java:233)
	at org.apache.ratis.thirdparty.io.grpc.stub.ClientCalls.getUnchecked(ClientCalls.java:214)
	at org.apache.ratis.thirdparty.io.grpc.stub.ClientCalls.blockingUnaryCall(ClientCalls.java:139)
	at org.apache.ratis.proto.grpc.RaftServerProtocolServiceGrpc$RaftServerProtocolServiceBlockingStub.requestVote(RaftServerProtocolServiceGrpc.java:265)
	at org.apache.ratis.grpc.server.GrpcServerProtocolClient.requestVote(GrpcServerProtocolClient.java:99)
	at org.apache.ratis.grpc.server.GrpcService.requestVote(GrpcService.java:204)
	at org.apache.ratis.server.impl.LeaderElection.lambda$submitRequests$1(LeaderElection.java:234)
	at java.util.concurrent.FutureTask.run(FutureTask.java:266)
	at java.util.concurrent.Executors$RunnableAdapter.call(Executors.java:511)
	at java.util.concurrent.FutureTask.run(FutureTask.java:266)
	at java.util.concurrent.ThreadPoolExecutor.runWorker(ThreadPoolExecutor.java:1149)
	at java.util.concurrent.ThreadPoolExecutor$Worker.run(ThreadPoolExecutor.java:624)
	... 1 more
Caused by: org.apache.ratis.thirdparty.io.netty.channel.AbstractChannel$AnnotatedConnectException: Connection refused: localhost/127.0.0.1:11980
	at sun.nio.ch.SocketChannelImpl.checkConnect(Native Method)
	at sun.nio.ch.SocketChannelImpl.finishConnect(SocketChannelImpl.java:717)
	at org.apache.ratis.thirdparty.io.netty.channel.socket.nio.NioSocketChannel.doFinishConnect(NioSocketChannel.java:327)
	at org.apache.ratis.thirdparty.io.netty.channel.nio.AbstractNioChannel$AbstractNioUnsafe.finishConnect(AbstractNioChannel.java:340)
	at org.apache.ratis.thirdparty.io.netty.channel.nio.NioEventLoop.processSelectedKey(NioEventLoop.java:632)
	at org.apache.ratis.thirdparty.io.netty.channel.nio.NioEventLoop.processSelectedKeysOptimized(NioEventLoop.java:579)
	at org.apache.ratis.thirdparty.io.netty.channel.nio.NioEventLoop.processSelectedKeys(NioEventLoop.java:496)
	at org.apache.ratis.thirdparty.io.netty.channel.nio.NioEventLoop.run(NioEventLoop.java:458)
	at org.apache.ratis.thirdparty.io.netty.util.concurrent.SingleThreadEventExecutor$5.run(SingleThreadEventExecutor.java:897)
	at org.apache.ratis.thirdparty.io.netty.util.concurrent.FastThreadLocalRunnable.run(FastThreadLocalRunnable.java:30)
	... 1 more
Caused by: java.net.ConnectException: Connection refused
	... 11 more
2019-11-15 13:01:52,691 [omNode-3@group-523986131536-LeaderElection62] INFO  impl.LeaderElection (LeaderElection.java:askForVotes(178)) - omNode-3@group-523986131536-LeaderElection62: begin an election at term 2 for 0: [omNode-3:localhost:11992, omNode-1:localhost:11980, omNode-2:localhost:11986], old=null
2019-11-15 13:01:52,695 [omNode-2@group-523986131536-LeaderElection61] INFO  impl.LeaderElection (LeaderElection.java:logAndReturn(56)) - omNode-2@group-523986131536-LeaderElection61: Election REJECTED; received 1 response(s) [omNode-2<-omNode-3#0:FAIL-t2] and 1 exception(s); omNode-2@group-523986131536:t2, leader=null, voted=omNode-2, raftlog=omNode-2@group-523986131536-SegmentedRaftLog:OPENED:c1,f2,i2, conf=0: [omNode-3:localhost:11992, omNode-1:localhost:11980, omNode-2:localhost:11986], old=null
2019-11-15 13:01:52,695 [omNode-2@group-523986131536-LeaderElection61] INFO  impl.LeaderElection (LogUtils.java:infoOrTrace(149)) -   Exception 0: {}
java.util.concurrent.ExecutionException: org.apache.ratis.thirdparty.io.grpc.StatusRuntimeException: UNAVAILABLE: io exception
	at java.util.concurrent.FutureTask.report(FutureTask.java:122)
	at java.util.concurrent.FutureTask.get(FutureTask.java:192)
	at org.apache.ratis.server.impl.LeaderElection.waitForResults(LeaderElection.java:259)
	at org.apache.ratis.server.impl.LeaderElection.askForVotes(LeaderElection.java:197)
	at org.apache.ratis.server.impl.LeaderElection.run(LeaderElection.java:133)
	at java.lang.Thread.run(Thread.java:748)
Caused by: org.apache.ratis.thirdparty.io.grpc.StatusRuntimeException: UNAVAILABLE: io exception
	at org.apache.ratis.thirdparty.io.grpc.stub.ClientCalls.toStatusRuntimeException(ClientCalls.java:233)
	at org.apache.ratis.thirdparty.io.grpc.stub.ClientCalls.getUnchecked(ClientCalls.java:214)
	at org.apache.ratis.thirdparty.io.grpc.stub.ClientCalls.blockingUnaryCall(ClientCalls.java:139)
	at org.apache.ratis.proto.grpc.RaftServerProtocolServiceGrpc$RaftServerProtocolServiceBlockingStub.requestVote(RaftServerProtocolServiceGrpc.java:265)
	at org.apache.ratis.grpc.server.GrpcServerProtocolClient.requestVote(GrpcServerProtocolClient.java:99)
	at org.apache.ratis.grpc.server.GrpcService.requestVote(GrpcService.java:204)
	at org.apache.ratis.server.impl.LeaderElection.lambda$submitRequests$1(LeaderElection.java:234)
	at java.util.concurrent.FutureTask.run(FutureTask.java:266)
	at java.util.concurrent.Executors$RunnableAdapter.call(Executors.java:511)
	at java.util.concurrent.FutureTask.run(FutureTask.java:266)
	at java.util.concurrent.ThreadPoolExecutor.runWorker(ThreadPoolExecutor.java:1149)
	at java.util.concurrent.ThreadPoolExecutor$Worker.run(ThreadPoolExecutor.java:624)
	... 1 more
Caused by: org.apache.ratis.thirdparty.io.netty.channel.AbstractChannel$AnnotatedConnectException: Connection refused: localhost/127.0.0.1:11980
	at sun.nio.ch.SocketChannelImpl.checkConnect(Native Method)
	at sun.nio.ch.SocketChannelImpl.finishConnect(SocketChannelImpl.java:717)
	at org.apache.ratis.thirdparty.io.netty.channel.socket.nio.NioSocketChannel.doFinishConnect(NioSocketChannel.java:327)
	at org.apache.ratis.thirdparty.io.netty.channel.nio.AbstractNioChannel$AbstractNioUnsafe.finishConnect(AbstractNioChannel.java:340)
	at org.apache.ratis.thirdparty.io.netty.channel.nio.NioEventLoop.processSelectedKey(NioEventLoop.java:632)
	at org.apache.ratis.thirdparty.io.netty.channel.nio.NioEventLoop.processSelectedKeysOptimized(NioEventLoop.java:579)
	at org.apache.ratis.thirdparty.io.netty.channel.nio.NioEventLoop.processSelectedKeys(NioEventLoop.java:496)
	at org.apache.ratis.thirdparty.io.netty.channel.nio.NioEventLoop.run(NioEventLoop.java:458)
	at org.apache.ratis.thirdparty.io.netty.util.concurrent.SingleThreadEventExecutor$5.run(SingleThreadEventExecutor.java:897)
	at org.apache.ratis.thirdparty.io.netty.util.concurrent.FastThreadLocalRunnable.run(FastThreadLocalRunnable.java:30)
	... 1 more
Caused by: java.net.ConnectException: Connection refused
	... 11 more
2019-11-15 13:01:52,696 [omNode-2@group-523986131536-LeaderElection61] INFO  impl.RaftServerImpl (RaftServerImpl.java:setRole(173)) - omNode-2@group-523986131536: changes role from CANDIDATE to FOLLOWER at term 2 for DISCOVERED_A_NEW_TERM
2019-11-15 13:01:52,696 [omNode-2@group-523986131536-LeaderElection61] INFO  impl.RoleInfo (RoleInfo.java:shutdownLeaderElection(134)) - omNode-2: shutdown LeaderElection
2019-11-15 13:01:52,696 [omNode-2@group-523986131536-LeaderElection61] INFO  impl.RoleInfo (RoleInfo.java:updateAndGet(143)) - omNode-2: start FollowerState
2019-11-15 13:01:52,699 [omNode-3@group-523986131536-LeaderElection62] INFO  impl.LeaderElection (LogUtils.java:infoOrTrace(149)) - omNode-3@group-523986131536-LeaderElection62 got exception when requesting votes: {}
java.util.concurrent.ExecutionException: org.apache.ratis.thirdparty.io.grpc.StatusRuntimeException: UNAVAILABLE: io exception
	at java.util.concurrent.FutureTask.report(FutureTask.java:122)
	at java.util.concurrent.FutureTask.get(FutureTask.java:192)
	at org.apache.ratis.server.impl.LeaderElection.waitForResults(LeaderElection.java:259)
	at org.apache.ratis.server.impl.LeaderElection.askForVotes(LeaderElection.java:197)
	at org.apache.ratis.server.impl.LeaderElection.run(LeaderElection.java:133)
	at java.lang.Thread.run(Thread.java:748)
Caused by: org.apache.ratis.thirdparty.io.grpc.StatusRuntimeException: UNAVAILABLE: io exception
	at org.apache.ratis.thirdparty.io.grpc.stub.ClientCalls.toStatusRuntimeException(ClientCalls.java:233)
	at org.apache.ratis.thirdparty.io.grpc.stub.ClientCalls.getUnchecked(ClientCalls.java:214)
	at org.apache.ratis.thirdparty.io.grpc.stub.ClientCalls.blockingUnaryCall(ClientCalls.java:139)
	at org.apache.ratis.proto.grpc.RaftServerProtocolServiceGrpc$RaftServerProtocolServiceBlockingStub.requestVote(RaftServerProtocolServiceGrpc.java:265)
	at org.apache.ratis.grpc.server.GrpcServerProtocolClient.requestVote(GrpcServerProtocolClient.java:99)
	at org.apache.ratis.grpc.server.GrpcService.requestVote(GrpcService.java:204)
	at org.apache.ratis.server.impl.LeaderElection.lambda$submitRequests$1(LeaderElection.java:234)
	at java.util.concurrent.FutureTask.run(FutureTask.java:266)
	at java.util.concurrent.Executors$RunnableAdapter.call(Executors.java:511)
	at java.util.concurrent.FutureTask.run(FutureTask.java:266)
	at java.util.concurrent.ThreadPoolExecutor.runWorker(ThreadPoolExecutor.java:1149)
	at java.util.concurrent.ThreadPoolExecutor$Worker.run(ThreadPoolExecutor.java:624)
	... 1 more
Caused by: org.apache.ratis.thirdparty.io.netty.channel.AbstractChannel$AnnotatedConnectException: Connection refused: localhost/127.0.0.1:11980
	at sun.nio.ch.SocketChannelImpl.checkConnect(Native Method)
	at sun.nio.ch.SocketChannelImpl.finishConnect(SocketChannelImpl.java:717)
	at org.apache.ratis.thirdparty.io.netty.channel.socket.nio.NioSocketChannel.doFinishConnect(NioSocketChannel.java:327)
	at org.apache.ratis.thirdparty.io.netty.channel.nio.AbstractNioChannel$AbstractNioUnsafe.finishConnect(AbstractNioChannel.java:340)
	at org.apache.ratis.thirdparty.io.netty.channel.nio.NioEventLoop.processSelectedKey(NioEventLoop.java:632)
	at org.apache.ratis.thirdparty.io.netty.channel.nio.NioEventLoop.processSelectedKeysOptimized(NioEventLoop.java:579)
	at org.apache.ratis.thirdparty.io.netty.channel.nio.NioEventLoop.processSelectedKeys(NioEventLoop.java:496)
	at org.apache.ratis.thirdparty.io.netty.channel.nio.NioEventLoop.run(NioEventLoop.java:458)
	at org.apache.ratis.thirdparty.io.netty.util.concurrent.SingleThreadEventExecutor$5.run(SingleThreadEventExecutor.java:897)
	at org.apache.ratis.thirdparty.io.netty.util.concurrent.FastThreadLocalRunnable.run(FastThreadLocalRunnable.java:30)
	... 1 more
Caused by: java.net.ConnectException: Connection refused
	... 11 more
2019-11-15 13:01:52,706 [omNode-3@group-523986131536-LeaderElection62] INFO  impl.LeaderElection (LeaderElection.java:logAndReturn(56)) - omNode-3@group-523986131536-LeaderElection62: Election REJECTED; received 1 response(s) [omNode-3<-omNode-2#0:FAIL-t2] and 1 exception(s); omNode-3@group-523986131536:t2, leader=null, voted=omNode-3, raftlog=omNode-3@group-523986131536-SegmentedRaftLog:OPENED:c1,f2,i2, conf=0: [omNode-3:localhost:11992, omNode-1:localhost:11980, omNode-2:localhost:11986], old=null
2019-11-15 13:01:52,706 [omNode-3@group-523986131536-LeaderElection62] INFO  impl.LeaderElection (LogUtils.java:infoOrTrace(149)) -   Exception 0: {}
java.util.concurrent.ExecutionException: org.apache.ratis.thirdparty.io.grpc.StatusRuntimeException: UNAVAILABLE: io exception
	at java.util.concurrent.FutureTask.report(FutureTask.java:122)
	at java.util.concurrent.FutureTask.get(FutureTask.java:192)
	at org.apache.ratis.server.impl.LeaderElection.waitForResults(LeaderElection.java:259)
	at org.apache.ratis.server.impl.LeaderElection.askForVotes(LeaderElection.java:197)
	at org.apache.ratis.server.impl.LeaderElection.run(LeaderElection.java:133)
	at java.lang.Thread.run(Thread.java:748)
Caused by: org.apache.ratis.thirdparty.io.grpc.StatusRuntimeException: UNAVAILABLE: io exception
	at org.apache.ratis.thirdparty.io.grpc.stub.ClientCalls.toStatusRuntimeException(ClientCalls.java:233)
	at org.apache.ratis.thirdparty.io.grpc.stub.ClientCalls.getUnchecked(ClientCalls.java:214)
	at org.apache.ratis.thirdparty.io.grpc.stub.ClientCalls.blockingUnaryCall(ClientCalls.java:139)
	at org.apache.ratis.proto.grpc.RaftServerProtocolServiceGrpc$RaftServerProtocolServiceBlockingStub.requestVote(RaftServerProtocolServiceGrpc.java:265)
	at org.apache.ratis.grpc.server.GrpcServerProtocolClient.requestVote(GrpcServerProtocolClient.java:99)
	at org.apache.ratis.grpc.server.GrpcService.requestVote(GrpcService.java:204)
	at org.apache.ratis.server.impl.LeaderElection.lambda$submitRequests$1(LeaderElection.java:234)
	at java.util.concurrent.FutureTask.run(FutureTask.java:266)
	at java.util.concurrent.Executors$RunnableAdapter.call(Executors.java:511)
	at java.util.concurrent.FutureTask.run(FutureTask.java:266)
	at java.util.concurrent.ThreadPoolExecutor.runWorker(ThreadPoolExecutor.java:1149)
	at java.util.concurrent.ThreadPoolExecutor$Worker.run(ThreadPoolExecutor.java:624)
	... 1 more
Caused by: org.apache.ratis.thirdparty.io.netty.channel.AbstractChannel$AnnotatedConnectException: Connection refused: localhost/127.0.0.1:11980
	at sun.nio.ch.SocketChannelImpl.checkConnect(Native Method)
	at sun.nio.ch.SocketChannelImpl.finishConnect(SocketChannelImpl.java:717)
	at org.apache.ratis.thirdparty.io.netty.channel.socket.nio.NioSocketChannel.doFinishConnect(NioSocketChannel.java:327)
	at org.apache.ratis.thirdparty.io.netty.channel.nio.AbstractNioChannel$AbstractNioUnsafe.finishConnect(AbstractNioChannel.java:340)
	at org.apache.ratis.thirdparty.io.netty.channel.nio.NioEventLoop.processSelectedKey(NioEventLoop.java:632)
	at org.apache.ratis.thirdparty.io.netty.channel.nio.NioEventLoop.processSelectedKeysOptimized(NioEventLoop.java:579)
	at org.apache.ratis.thirdparty.io.netty.channel.nio.NioEventLoop.processSelectedKeys(NioEventLoop.java:496)
	at org.apache.ratis.thirdparty.io.netty.channel.nio.NioEventLoop.run(NioEventLoop.java:458)
	at org.apache.ratis.thirdparty.io.netty.util.concurrent.SingleThreadEventExecutor$5.run(SingleThreadEventExecutor.java:897)
	at org.apache.ratis.thirdparty.io.netty.util.concurrent.FastThreadLocalRunnable.run(FastThreadLocalRunnable.java:30)
	... 1 more
Caused by: java.net.ConnectException: Connection refused
	... 11 more
2019-11-15 13:01:52,707 [omNode-3@group-523986131536-LeaderElection62] INFO  impl.RaftServerImpl (RaftServerImpl.java:setRole(173)) - omNode-3@group-523986131536: changes role from CANDIDATE to FOLLOWER at term 2 for DISCOVERED_A_NEW_TERM
2019-11-15 13:01:52,707 [omNode-3@group-523986131536-LeaderElection62] INFO  impl.RoleInfo (RoleInfo.java:shutdownLeaderElection(134)) - omNode-3: shutdown LeaderElection
2019-11-15 13:01:52,707 [omNode-3@group-523986131536-LeaderElection62] INFO  impl.RoleInfo (RoleInfo.java:updateAndGet(143)) - omNode-3: start FollowerState
2019-11-15 13:01:52,971 [Thread-3499] INFO  rpc.RpcClient (RpcClient.java:createVolume(292)) - Creating Volume: volume40017, with user86475 as owner.
2019-11-15 13:01:52,972 [Thread-3499] INFO  retry.RetryInvocationHandler (RetryInvocationHandler.java:log(411)) - com.google.protobuf.ServiceException: java.io.EOFException: End of File Exception between local host is: "pr-hdds-2448-del-container-94542-2491966341/192.168.157.228"; destination host is: "localhost":11976; : java.io.EOFException; For more details see:  http://wiki.apache.org/hadoop/EOFException, while invoking $Proxy37.submitRequest over nodeId=omNode-1,nodeAddress=127.0.0.1:11976. Trying to failover immediately.
2019-11-15 13:01:52,986 [IPC Server handler 0 on 11982] INFO  ipc.Server (Server.java:logException(2726)) - IPC Server handler 0 on 11982, call Call#686 Retry#1 org.apache.hadoop.ozone.om.protocol.OzoneManagerProtocol.submitRequest from 127.0.0.1:41770
org.apache.hadoop.ozone.om.exceptions.NotLeaderException: OM:omNode-2 is not the leader. Could not determine the leader node.
	at org.apache.hadoop.ozone.protocolPB.OzoneManagerProtocolServerSideTranslatorPB.createNotLeaderException(OzoneManagerProtocolServerSideTranslatorPB.java:190)
	at org.apache.hadoop.ozone.protocolPB.OzoneManagerProtocolServerSideTranslatorPB.processRequest(OzoneManagerProtocolServerSideTranslatorPB.java:128)
	at org.apache.hadoop.hdds.server.OzoneProtocolMessageDispatcher.processRequest(OzoneProtocolMessageDispatcher.java:72)
	at org.apache.hadoop.ozone.protocolPB.OzoneManagerProtocolServerSideTranslatorPB.submitRequest(OzoneManagerProtocolServerSideTranslatorPB.java:100)
	at org.apache.hadoop.ozone.protocol.proto.OzoneManagerProtocolProtos$OzoneManagerService$2.callBlockingMethod(OzoneManagerProtocolProtos.java)
	at org.apache.hadoop.ipc.ProtobufRpcEngine$Server$ProtoBufRpcInvoker.call(ProtobufRpcEngine.java:524)
	at org.apache.hadoop.ipc.RPC$Server.call(RPC.java:1025)
	at org.apache.hadoop.ipc.Server$RpcCall.run(Server.java:876)
	at org.apache.hadoop.ipc.Server$RpcCall.run(Server.java:822)
	at java.security.AccessController.doPrivileged(Native Method)
	at javax.security.auth.Subject.doAs(Subject.java:422)
	at org.apache.hadoop.security.UserGroupInformation.doAs(UserGroupInformation.java:1730)
	at org.apache.hadoop.ipc.Server$Handler.run(Server.java:2682)
2019-11-15 13:01:52,989 [Thread-3499] INFO  retry.RetryInvocationHandler (RetryInvocationHandler.java:log(411)) - com.google.protobuf.ServiceException: org.apache.hadoop.ipc.RemoteException(org.apache.hadoop.ozone.om.exceptions.NotLeaderException): OM:omNode-2 is not the leader. Could not determine the leader node.
	at org.apache.hadoop.ozone.protocolPB.OzoneManagerProtocolServerSideTranslatorPB.createNotLeaderException(OzoneManagerProtocolServerSideTranslatorPB.java:190)
	at org.apache.hadoop.ozone.protocolPB.OzoneManagerProtocolServerSideTranslatorPB.processRequest(OzoneManagerProtocolServerSideTranslatorPB.java:128)
	at org.apache.hadoop.hdds.server.OzoneProtocolMessageDispatcher.processRequest(OzoneProtocolMessageDispatcher.java:72)
	at org.apache.hadoop.ozone.protocolPB.OzoneManagerProtocolServerSideTranslatorPB.submitRequest(OzoneManagerProtocolServerSideTranslatorPB.java:100)
	at org.apache.hadoop.ozone.protocol.proto.OzoneManagerProtocolProtos$OzoneManagerService$2.callBlockingMethod(OzoneManagerProtocolProtos.java)
	at org.apache.hadoop.ipc.ProtobufRpcEngine$Server$ProtoBufRpcInvoker.call(ProtobufRpcEngine.java:524)
	at org.apache.hadoop.ipc.RPC$Server.call(RPC.java:1025)
	at org.apache.hadoop.ipc.Server$RpcCall.run(Server.java:876)
	at org.apache.hadoop.ipc.Server$RpcCall.run(Server.java:822)
	at java.security.AccessController.doPrivileged(Native Method)
	at javax.security.auth.Subject.doAs(Subject.java:422)
	at org.apache.hadoop.security.UserGroupInformation.doAs(UserGroupInformation.java:1730)
	at org.apache.hadoop.ipc.Server$Handler.run(Server.java:2682)
, while invoking $Proxy37.submitRequest over nodeId=omNode-2,nodeAddress=127.0.0.1:11982 after 1 failover attempts. Trying to failover immediately.
2019-11-15 13:01:53,005 [IPC Server handler 0 on 11988] INFO  ipc.Server (Server.java:logException(2726)) - IPC Server handler 0 on 11988, call Call#686 Retry#2 org.apache.hadoop.ozone.om.protocol.OzoneManagerProtocol.submitRequest from 127.0.0.1:40840
org.apache.hadoop.ozone.om.exceptions.NotLeaderException: OM:omNode-3 is not the leader. Could not determine the leader node.
	at org.apache.hadoop.ozone.protocolPB.OzoneManagerProtocolServerSideTranslatorPB.createNotLeaderException(OzoneManagerProtocolServerSideTranslatorPB.java:190)
	at org.apache.hadoop.ozone.protocolPB.OzoneManagerProtocolServerSideTranslatorPB.processRequest(OzoneManagerProtocolServerSideTranslatorPB.java:128)
	at org.apache.hadoop.hdds.server.OzoneProtocolMessageDispatcher.processRequest(OzoneProtocolMessageDispatcher.java:72)
	at org.apache.hadoop.ozone.protocolPB.OzoneManagerProtocolServerSideTranslatorPB.submitRequest(OzoneManagerProtocolServerSideTranslatorPB.java:100)
	at org.apache.hadoop.ozone.protocol.proto.OzoneManagerProtocolProtos$OzoneManagerService$2.callBlockingMethod(OzoneManagerProtocolProtos.java)
	at org.apache.hadoop.ipc.ProtobufRpcEngine$Server$ProtoBufRpcInvoker.call(ProtobufRpcEngine.java:524)
	at org.apache.hadoop.ipc.RPC$Server.call(RPC.java:1025)
	at org.apache.hadoop.ipc.Server$RpcCall.run(Server.java:876)
	at org.apache.hadoop.ipc.Server$RpcCall.run(Server.java:822)
	at java.security.AccessController.doPrivileged(Native Method)
	at javax.security.auth.Subject.doAs(Subject.java:422)
	at org.apache.hadoop.security.UserGroupInformation.doAs(UserGroupInformation.java:1730)
	at org.apache.hadoop.ipc.Server$Handler.run(Server.java:2682)
2019-11-15 13:01:53,007 [Thread-3499] INFO  retry.RetryInvocationHandler (RetryInvocationHandler.java:log(411)) - com.google.protobuf.ServiceException: org.apache.hadoop.ipc.RemoteException(org.apache.hadoop.ozone.om.exceptions.NotLeaderException): OM:omNode-3 is not the leader. Could not determine the leader node.
	at org.apache.hadoop.ozone.protocolPB.OzoneManagerProtocolServerSideTranslatorPB.createNotLeaderException(OzoneManagerProtocolServerSideTranslatorPB.java:190)
	at org.apache.hadoop.ozone.protocolPB.OzoneManagerProtocolServerSideTranslatorPB.processRequest(OzoneManagerProtocolServerSideTranslatorPB.java:128)
	at org.apache.hadoop.hdds.server.OzoneProtocolMessageDispatcher.processRequest(OzoneProtocolMessageDispatcher.java:72)
	at org.apache.hadoop.ozone.protocolPB.OzoneManagerProtocolServerSideTranslatorPB.submitRequest(OzoneManagerProtocolServerSideTranslatorPB.java:100)
	at org.apache.hadoop.ozone.protocol.proto.OzoneManagerProtocolProtos$OzoneManagerService$2.callBlockingMethod(OzoneManagerProtocolProtos.java)
	at org.apache.hadoop.ipc.ProtobufRpcEngine$Server$ProtoBufRpcInvoker.call(ProtobufRpcEngine.java:524)
	at org.apache.hadoop.ipc.RPC$Server.call(RPC.java:1025)
	at org.apache.hadoop.ipc.Server$RpcCall.run(Server.java:876)
	at org.apache.hadoop.ipc.Server$RpcCall.run(Server.java:822)
	at java.security.AccessController.doPrivileged(Native Method)
	at javax.security.auth.Subject.doAs(Subject.java:422)
	at org.apache.hadoop.security.UserGroupInformation.doAs(UserGroupInformation.java:1730)
	at org.apache.hadoop.ipc.Server$Handler.run(Server.java:2682)
, while invoking $Proxy37.submitRequest over nodeId=omNode-3,nodeAddress=127.0.0.1:11988 after 2 failover attempts. Trying to failover immediately.
2019-11-15 13:01:53,010 [Thread-3853] INFO  container.ReplicationManager (ReplicationManager.java:start(162)) - Starting Replication Monitor Thread.
2019-11-15 13:01:53,011 [ReplicationMonitor] INFO  container.ReplicationManager (ReplicationManager.java:run(225)) - Replication Monitor Thread took 0 milliseconds for processing 0 containers.
2019-11-15 13:01:53,209 [Thread-3499] INFO  ipc.Client (Client.java:handleConnectionFailure(948)) - Retrying connect to server: localhost/127.0.0.1:11976. Already tried 0 time(s); retry policy is RetryUpToMaximumCountWithFixedSleep(maxRetries=4, sleepTime=200 MILLISECONDS)
2019-11-15 13:01:53,410 [Thread-3499] INFO  ipc.Client (Client.java:handleConnectionFailure(948)) - Retrying connect to server: localhost/127.0.0.1:11976. Already tried 1 time(s); retry policy is RetryUpToMaximumCountWithFixedSleep(maxRetries=4, sleepTime=200 MILLISECONDS)
2019-11-15 13:01:53,611 [Thread-3499] INFO  ipc.Client (Client.java:handleConnectionFailure(948)) - Retrying connect to server: localhost/127.0.0.1:11976. Already tried 2 time(s); retry policy is RetryUpToMaximumCountWithFixedSleep(maxRetries=4, sleepTime=200 MILLISECONDS)
2019-11-15 13:01:53,768 [Thread-3885] INFO  impl.FollowerState (FollowerState.java:run(111)) - omNode-2@group-523986131536-FollowerState: change to CANDIDATE, lastRpcTime:1071ms, electionTimeout:1069ms
2019-11-15 13:01:53,768 [Thread-3885] INFO  impl.RoleInfo (RoleInfo.java:shutdownFollowerState(121)) - omNode-2: shutdown FollowerState
2019-11-15 13:01:53,768 [Thread-3885] INFO  impl.RaftServerImpl (RaftServerImpl.java:setRole(173)) - omNode-2@group-523986131536: changes role from  FOLLOWER to CANDIDATE at term 2 for changeToCandidate
2019-11-15 13:01:53,768 [Thread-3885] INFO  impl.RoleInfo (RoleInfo.java:updateAndGet(143)) - omNode-2: start LeaderElection
2019-11-15 13:01:53,794 [omNode-2@group-523986131536-LeaderElection63] INFO  impl.LeaderElection (LeaderElection.java:askForVotes(178)) - omNode-2@group-523986131536-LeaderElection63: begin an election at term 3 for 0: [omNode-3:localhost:11992, omNode-1:localhost:11980, omNode-2:localhost:11986], old=null
2019-11-15 13:01:53,795 [omNode-2@group-523986131536-LeaderElection63] INFO  impl.LeaderElection (LogUtils.java:infoOrTrace(149)) - omNode-2@group-523986131536-LeaderElection63 got exception when requesting votes: {}
java.util.concurrent.ExecutionException: org.apache.ratis.thirdparty.io.grpc.StatusRuntimeException: UNAVAILABLE: io exception
	at java.util.concurrent.FutureTask.report(FutureTask.java:122)
	at java.util.concurrent.FutureTask.get(FutureTask.java:192)
	at org.apache.ratis.server.impl.LeaderElection.waitForResults(LeaderElection.java:259)
	at org.apache.ratis.server.impl.LeaderElection.askForVotes(LeaderElection.java:197)
	at org.apache.ratis.server.impl.LeaderElection.run(LeaderElection.java:133)
	at java.lang.Thread.run(Thread.java:748)
Caused by: org.apache.ratis.thirdparty.io.grpc.StatusRuntimeException: UNAVAILABLE: io exception
	at org.apache.ratis.thirdparty.io.grpc.stub.ClientCalls.toStatusRuntimeException(ClientCalls.java:233)
	at org.apache.ratis.thirdparty.io.grpc.stub.ClientCalls.getUnchecked(ClientCalls.java:214)
	at org.apache.ratis.thirdparty.io.grpc.stub.ClientCalls.blockingUnaryCall(ClientCalls.java:139)
	at org.apache.ratis.proto.grpc.RaftServerProtocolServiceGrpc$RaftServerProtocolServiceBlockingStub.requestVote(RaftServerProtocolServiceGrpc.java:265)
	at org.apache.ratis.grpc.server.GrpcServerProtocolClient.requestVote(GrpcServerProtocolClient.java:99)
	at org.apache.ratis.grpc.server.GrpcService.requestVote(GrpcService.java:204)
	at org.apache.ratis.server.impl.LeaderElection.lambda$submitRequests$1(LeaderElection.java:234)
	at java.util.concurrent.FutureTask.run(FutureTask.java:266)
	at java.util.concurrent.Executors$RunnableAdapter.call(Executors.java:511)
	at java.util.concurrent.FutureTask.run(FutureTask.java:266)
	at java.util.concurrent.ThreadPoolExecutor.runWorker(ThreadPoolExecutor.java:1149)
	at java.util.concurrent.ThreadPoolExecutor$Worker.run(ThreadPoolExecutor.java:624)
	... 1 more
Caused by: org.apache.ratis.thirdparty.io.netty.channel.AbstractChannel$AnnotatedConnectException: Connection refused: localhost/127.0.0.1:11980
	at sun.nio.ch.SocketChannelImpl.checkConnect(Native Method)
	at sun.nio.ch.SocketChannelImpl.finishConnect(SocketChannelImpl.java:717)
	at org.apache.ratis.thirdparty.io.netty.channel.socket.nio.NioSocketChannel.doFinishConnect(NioSocketChannel.java:327)
	at org.apache.ratis.thirdparty.io.netty.channel.nio.AbstractNioChannel$AbstractNioUnsafe.finishConnect(AbstractNioChannel.java:340)
	at org.apache.ratis.thirdparty.io.netty.channel.nio.NioEventLoop.processSelectedKey(NioEventLoop.java:632)
	at org.apache.ratis.thirdparty.io.netty.channel.nio.NioEventLoop.processSelectedKeysOptimized(NioEventLoop.java:579)
	at org.apache.ratis.thirdparty.io.netty.channel.nio.NioEventLoop.processSelectedKeys(NioEventLoop.java:496)
	at org.apache.ratis.thirdparty.io.netty.channel.nio.NioEventLoop.run(NioEventLoop.java:458)
	at org.apache.ratis.thirdparty.io.netty.util.concurrent.SingleThreadEventExecutor$5.run(SingleThreadEventExecutor.java:897)
	at org.apache.ratis.thirdparty.io.netty.util.concurrent.FastThreadLocalRunnable.run(FastThreadLocalRunnable.java:30)
	... 1 more
Caused by: java.net.ConnectException: Connection refused
	... 11 more
2019-11-15 13:01:53,799 [grpc-default-executor-3] INFO  impl.RaftServerImpl (RaftServerImpl.java:setRole(173)) - omNode-3@group-523986131536: changes role from  FOLLOWER to FOLLOWER at term 3 for recognizeCandidate:omNode-2
2019-11-15 13:01:53,800 [grpc-default-executor-3] INFO  impl.RoleInfo (RoleInfo.java:shutdownFollowerState(121)) - omNode-3: shutdown FollowerState
2019-11-15 13:01:53,800 [grpc-default-executor-3] INFO  impl.RoleInfo (RoleInfo.java:updateAndGet(143)) - omNode-3: start FollowerState
2019-11-15 13:01:53,800 [Thread-3886] INFO  impl.FollowerState (FollowerState.java:run(120)) - omNode-3@group-523986131536-FollowerState was interrupted: java.lang.InterruptedException: sleep interrupted
2019-11-15 13:01:53,812 [Thread-3499] INFO  ipc.Client (Client.java:handleConnectionFailure(948)) - Retrying connect to server: localhost/127.0.0.1:11976. Already tried 3 time(s); retry policy is RetryUpToMaximumCountWithFixedSleep(maxRetries=4, sleepTime=200 MILLISECONDS)
2019-11-15 13:01:53,813 [Thread-3499] INFO  retry.RetryInvocationHandler (RetryInvocationHandler.java:log(411)) - com.google.protobuf.ServiceException: java.net.ConnectException: Call From pr-hdds-2448-del-container-94542-2491966341/192.168.157.228 to localhost:11976 failed on connection exception: java.net.ConnectException: Connection refused; For more details see:  http://wiki.apache.org/hadoop/ConnectionRefused, while invoking $Proxy37.submitRequest over nodeId=omNode-1,nodeAddress=127.0.0.1:11976 after 3 failover attempts. Trying to failover immediately.
2019-11-15 13:01:53,820 [IPC Server handler 0 on 11982] INFO  ipc.Server (Server.java:logException(2726)) - IPC Server handler 0 on 11982, call Call#686 Retry#4 org.apache.hadoop.ozone.om.protocol.OzoneManagerProtocol.submitRequest from 127.0.0.1:41770
org.apache.hadoop.ozone.om.exceptions.NotLeaderException: OM:omNode-2 is not the leader. Could not determine the leader node.
	at org.apache.hadoop.ozone.protocolPB.OzoneManagerProtocolServerSideTranslatorPB.createNotLeaderException(OzoneManagerProtocolServerSideTranslatorPB.java:190)
	at org.apache.hadoop.ozone.protocolPB.OzoneManagerProtocolServerSideTranslatorPB.processRequest(OzoneManagerProtocolServerSideTranslatorPB.java:128)
	at org.apache.hadoop.hdds.server.OzoneProtocolMessageDispatcher.processRequest(OzoneProtocolMessageDispatcher.java:72)
	at org.apache.hadoop.ozone.protocolPB.OzoneManagerProtocolServerSideTranslatorPB.submitRequest(OzoneManagerProtocolServerSideTranslatorPB.java:100)
	at org.apache.hadoop.ozone.protocol.proto.OzoneManagerProtocolProtos$OzoneManagerService$2.callBlockingMethod(OzoneManagerProtocolProtos.java)
	at org.apache.hadoop.ipc.ProtobufRpcEngine$Server$ProtoBufRpcInvoker.call(ProtobufRpcEngine.java:524)
	at org.apache.hadoop.ipc.RPC$Server.call(RPC.java:1025)
	at org.apache.hadoop.ipc.Server$RpcCall.run(Server.java:876)
	at org.apache.hadoop.ipc.Server$RpcCall.run(Server.java:822)
	at java.security.AccessController.doPrivileged(Native Method)
	at javax.security.auth.Subject.doAs(Subject.java:422)
	at org.apache.hadoop.security.UserGroupInformation.doAs(UserGroupInformation.java:1730)
	at org.apache.hadoop.ipc.Server$Handler.run(Server.java:2682)
2019-11-15 13:01:53,823 [Thread-3499] INFO  retry.RetryInvocationHandler (RetryInvocationHandler.java:log(411)) - com.google.protobuf.ServiceException: org.apache.hadoop.ipc.RemoteException(org.apache.hadoop.ozone.om.exceptions.NotLeaderException): OM:omNode-2 is not the leader. Could not determine the leader node.
	at org.apache.hadoop.ozone.protocolPB.OzoneManagerProtocolServerSideTranslatorPB.createNotLeaderException(OzoneManagerProtocolServerSideTranslatorPB.java:190)
	at org.apache.hadoop.ozone.protocolPB.OzoneManagerProtocolServerSideTranslatorPB.processRequest(OzoneManagerProtocolServerSideTranslatorPB.java:128)
	at org.apache.hadoop.hdds.server.OzoneProtocolMessageDispatcher.processRequest(OzoneProtocolMessageDispatcher.java:72)
	at org.apache.hadoop.ozone.protocolPB.OzoneManagerProtocolServerSideTranslatorPB.submitRequest(OzoneManagerProtocolServerSideTranslatorPB.java:100)
	at org.apache.hadoop.ozone.protocol.proto.OzoneManagerProtocolProtos$OzoneManagerService$2.callBlockingMethod(OzoneManagerProtocolProtos.java)
	at org.apache.hadoop.ipc.ProtobufRpcEngine$Server$ProtoBufRpcInvoker.call(ProtobufRpcEngine.java:524)
	at org.apache.hadoop.ipc.RPC$Server.call(RPC.java:1025)
	at org.apache.hadoop.ipc.Server$RpcCall.run(Server.java:876)
	at org.apache.hadoop.ipc.Server$RpcCall.run(Server.java:822)
	at java.security.AccessController.doPrivileged(Native Method)
	at javax.security.auth.Subject.doAs(Subject.java:422)
	at org.apache.hadoop.security.UserGroupInformation.doAs(UserGroupInformation.java:1730)
	at org.apache.hadoop.ipc.Server$Handler.run(Server.java:2682)
, while invoking $Proxy37.submitRequest over nodeId=omNode-2,nodeAddress=127.0.0.1:11982 after 4 failover attempts. Trying to failover immediately.
2019-11-15 13:01:53,827 [omNode-2@group-523986131536-LeaderElection63] INFO  impl.LeaderElection (LeaderElection.java:logAndReturn(56)) - omNode-2@group-523986131536-LeaderElection63: Election PASSED; received 1 response(s) [omNode-2<-omNode-3#0:OK-t3] and 1 exception(s); omNode-2@group-523986131536:t3, leader=null, voted=omNode-2, raftlog=omNode-2@group-523986131536-SegmentedRaftLog:OPENED:c1,f2,i2, conf=0: [omNode-3:localhost:11992, omNode-1:localhost:11980, omNode-2:localhost:11986], old=null
2019-11-15 13:01:53,827 [omNode-2@group-523986131536-LeaderElection63] INFO  impl.LeaderElection (LogUtils.java:infoOrTrace(149)) -   Exception 0: {}
java.util.concurrent.ExecutionException: org.apache.ratis.thirdparty.io.grpc.StatusRuntimeException: UNAVAILABLE: io exception
	at java.util.concurrent.FutureTask.report(FutureTask.java:122)
	at java.util.concurrent.FutureTask.get(FutureTask.java:192)
	at org.apache.ratis.server.impl.LeaderElection.waitForResults(LeaderElection.java:259)
	at org.apache.ratis.server.impl.LeaderElection.askForVotes(LeaderElection.java:197)
	at org.apache.ratis.server.impl.LeaderElection.run(LeaderElection.java:133)
	at java.lang.Thread.run(Thread.java:748)
Caused by: org.apache.ratis.thirdparty.io.grpc.StatusRuntimeException: UNAVAILABLE: io exception
	at org.apache.ratis.thirdparty.io.grpc.stub.ClientCalls.toStatusRuntimeException(ClientCalls.java:233)
	at org.apache.ratis.thirdparty.io.grpc.stub.ClientCalls.getUnchecked(ClientCalls.java:214)
	at org.apache.ratis.thirdparty.io.grpc.stub.ClientCalls.blockingUnaryCall(ClientCalls.java:139)
	at org.apache.ratis.proto.grpc.RaftServerProtocolServiceGrpc$RaftServerProtocolServiceBlockingStub.requestVote(RaftServerProtocolServiceGrpc.java:265)
	at org.apache.ratis.grpc.server.GrpcServerProtocolClient.requestVote(GrpcServerProtocolClient.java:99)
	at org.apache.ratis.grpc.server.GrpcService.requestVote(GrpcService.java:204)
	at org.apache.ratis.server.impl.LeaderElection.lambda$submitRequests$1(LeaderElection.java:234)
	at java.util.concurrent.FutureTask.run(FutureTask.java:266)
	at java.util.concurrent.Executors$RunnableAdapter.call(Executors.java:511)
	at java.util.concurrent.FutureTask.run(FutureTask.java:266)
	at java.util.concurrent.ThreadPoolExecutor.runWorker(ThreadPoolExecutor.java:1149)
	at java.util.concurrent.ThreadPoolExecutor$Worker.run(ThreadPoolExecutor.java:624)
	... 1 more
Caused by: org.apache.ratis.thirdparty.io.netty.channel.AbstractChannel$AnnotatedConnectException: Connection refused: localhost/127.0.0.1:11980
	at sun.nio.ch.SocketChannelImpl.checkConnect(Native Method)
	at sun.nio.ch.SocketChannelImpl.finishConnect(SocketChannelImpl.java:717)
	at org.apache.ratis.thirdparty.io.netty.channel.socket.nio.NioSocketChannel.doFinishConnect(NioSocketChannel.java:327)
	at org.apache.ratis.thirdparty.io.netty.channel.nio.AbstractNioChannel$AbstractNioUnsafe.finishConnect(AbstractNioChannel.java:340)
	at org.apache.ratis.thirdparty.io.netty.channel.nio.NioEventLoop.processSelectedKey(NioEventLoop.java:632)
	at org.apache.ratis.thirdparty.io.netty.channel.nio.NioEventLoop.processSelectedKeysOptimized(NioEventLoop.java:579)
	at org.apache.ratis.thirdparty.io.netty.channel.nio.NioEventLoop.processSelectedKeys(NioEventLoop.java:496)
	at org.apache.ratis.thirdparty.io.netty.channel.nio.NioEventLoop.run(NioEventLoop.java:458)
	at org.apache.ratis.thirdparty.io.netty.util.concurrent.SingleThreadEventExecutor$5.run(SingleThreadEventExecutor.java:897)
	at org.apache.ratis.thirdparty.io.netty.util.concurrent.FastThreadLocalRunnable.run(FastThreadLocalRunnable.java:30)
	... 1 more
Caused by: java.net.ConnectException: Connection refused
	... 11 more
2019-11-15 13:01:53,827 [IPC Server handler 0 on 11988] INFO  ipc.Server (Server.java:logException(2726)) - IPC Server handler 0 on 11988, call Call#686 Retry#5 org.apache.hadoop.ozone.om.protocol.OzoneManagerProtocol.submitRequest from 127.0.0.1:40840
org.apache.hadoop.ozone.om.exceptions.NotLeaderException: OM:omNode-3 is not the leader. Could not determine the leader node.
	at org.apache.hadoop.ozone.protocolPB.OzoneManagerProtocolServerSideTranslatorPB.createNotLeaderException(OzoneManagerProtocolServerSideTranslatorPB.java:190)
	at org.apache.hadoop.ozone.protocolPB.OzoneManagerProtocolServerSideTranslatorPB.processRequest(OzoneManagerProtocolServerSideTranslatorPB.java:128)
	at org.apache.hadoop.hdds.server.OzoneProtocolMessageDispatcher.processRequest(OzoneProtocolMessageDispatcher.java:72)
	at org.apache.hadoop.ozone.protocolPB.OzoneManagerProtocolServerSideTranslatorPB.submitRequest(OzoneManagerProtocolServerSideTranslatorPB.java:100)
	at org.apache.hadoop.ozone.protocol.proto.OzoneManagerProtocolProtos$OzoneManagerService$2.callBlockingMethod(OzoneManagerProtocolProtos.java)
	at org.apache.hadoop.ipc.ProtobufRpcEngine$Server$ProtoBufRpcInvoker.call(ProtobufRpcEngine.java:524)
	at org.apache.hadoop.ipc.RPC$Server.call(RPC.java:1025)
	at org.apache.hadoop.ipc.Server$RpcCall.run(Server.java:876)
	at org.apache.hadoop.ipc.Server$RpcCall.run(Server.java:822)
	at java.security.AccessController.doPrivileged(Native Method)
	at javax.security.auth.Subject.doAs(Subject.java:422)
	at org.apache.hadoop.security.UserGroupInformation.doAs(UserGroupInformation.java:1730)
	at org.apache.hadoop.ipc.Server$Handler.run(Server.java:2682)
2019-11-15 13:01:53,828 [omNode-2@group-523986131536-LeaderElection63] INFO  impl.RoleInfo (RoleInfo.java:shutdownLeaderElection(134)) - omNode-2: shutdown LeaderElection
2019-11-15 13:01:53,830 [omNode-2@group-523986131536-LeaderElection63] INFO  impl.RaftServerImpl (RaftServerImpl.java:setRole(173)) - omNode-2@group-523986131536: changes role from CANDIDATE to LEADER at term 3 for changeToLeader
2019-11-15 13:01:53,830 [omNode-2@group-523986131536-LeaderElection63] INFO  impl.RaftServerImpl (ServerState.java:setLeader(255)) - omNode-2@group-523986131536: change Leader from null to omNode-2 at term 3 for becomeLeader, leader elected after 1185ms
2019-11-15 13:01:53,832 [omNode-2@group-523986131536-LeaderElection63] INFO  server.RaftServerConfigKeys (ConfUtils.java:logGet(43)) - raft.server.staging.catchup.gap = 1000 (default)
2019-11-15 13:01:53,832 [Thread-3499] INFO  retry.RetryInvocationHandler (RetryInvocationHandler.java:log(411)) - com.google.protobuf.ServiceException: org.apache.hadoop.ipc.RemoteException(org.apache.hadoop.ozone.om.exceptions.NotLeaderException): OM:omNode-3 is not the leader. Could not determine the leader node.
	at org.apache.hadoop.ozone.protocolPB.OzoneManagerProtocolServerSideTranslatorPB.createNotLeaderException(OzoneManagerProtocolServerSideTranslatorPB.java:190)
	at org.apache.hadoop.ozone.protocolPB.OzoneManagerProtocolServerSideTranslatorPB.processRequest(OzoneManagerProtocolServerSideTranslatorPB.java:128)
	at org.apache.hadoop.hdds.server.OzoneProtocolMessageDispatcher.processRequest(OzoneProtocolMessageDispatcher.java:72)
	at org.apache.hadoop.ozone.protocolPB.OzoneManagerProtocolServerSideTranslatorPB.submitRequest(OzoneManagerProtocolServerSideTranslatorPB.java:100)
	at org.apache.hadoop.ozone.protocol.proto.OzoneManagerProtocolProtos$OzoneManagerService$2.callBlockingMethod(OzoneManagerProtocolProtos.java)
	at org.apache.hadoop.ipc.ProtobufRpcEngine$Server$ProtoBufRpcInvoker.call(ProtobufRpcEngine.java:524)
	at org.apache.hadoop.ipc.RPC$Server.call(RPC.java:1025)
	at org.apache.hadoop.ipc.Server$RpcCall.run(Server.java:876)
	at org.apache.hadoop.ipc.Server$RpcCall.run(Server.java:822)
	at java.security.AccessController.doPrivileged(Native Method)
	at javax.security.auth.Subject.doAs(Subject.java:422)
	at org.apache.hadoop.security.UserGroupInformation.doAs(UserGroupInformation.java:1730)
	at org.apache.hadoop.ipc.Server$Handler.run(Server.java:2682)
, while invoking $Proxy37.submitRequest over nodeId=omNode-3,nodeAddress=127.0.0.1:11988 after 5 failover attempts. Trying to failover immediately.
2019-11-15 13:01:53,832 [omNode-2@group-523986131536-LeaderElection63] INFO  server.RaftServerConfigKeys (ConfUtils.java:logGet(43)) - raft.server.rpc.sleep.time = 25ms (default)
2019-11-15 13:01:53,832 [omNode-2@group-523986131536-LeaderElection63] INFO  server.RaftServerConfigKeys (ConfUtils.java:logGet(43)) - raft.server.write.element-limit = 4096 (default)
2019-11-15 13:01:53,833 [omNode-2@group-523986131536-LeaderElection63] INFO  server.RaftServerConfigKeys (ConfUtils.java:logGet(43)) - raft.server.watch.timeout = 10s (default)
2019-11-15 13:01:53,833 [omNode-2@group-523986131536-LeaderElection63] INFO  server.RaftServerConfigKeys (ConfUtils.java:logGet(43)) - raft.server.watch.timeout.denomination = 1s (default)
2019-11-15 13:01:53,833 [omNode-2@group-523986131536-LeaderElection63] INFO  server.RaftServerConfigKeys (ConfUtils.java:logGet(43)) - raft.server.watch.element-limit = 65536 (default)
2019-11-15 13:01:53,834 [omNode-2@group-523986131536-LeaderElection63] INFO  server.RaftServerConfigKeys (ConfUtils.java:logGet(43)) - raft.server.log.appender.snapshot.chunk.size.max = 16MB (=16777216) (default)
2019-11-15 13:01:53,834 [omNode-2@group-523986131536-LeaderElection63] INFO  server.RaftServerConfigKeys (ConfUtils.java:logGet(43)) - raft.server.log.appender.buffer.byte-limit = 33554432 (custom)
2019-11-15 13:01:53,834 [omNode-2@group-523986131536-LeaderElection63] INFO  server.RaftServerConfigKeys (ConfUtils.java:logGet(43)) - raft.server.log.appender.buffer.element-limit = 1024 (custom)
2019-11-15 13:01:53,834 [omNode-2@group-523986131536-LeaderElection63] INFO  grpc.GrpcConfigKeys$Server (ConfUtils.java:logGet(43)) - raft.grpc.server.leader.outstanding.appends.max = 128 (default)
2019-11-15 13:01:53,835 [omNode-2@group-523986131536-LeaderElection63] INFO  server.RaftServerConfigKeys (ConfUtils.java:logGet(43)) - raft.server.rpc.request.timeout = 3000ms (default)
2019-11-15 13:01:53,835 [omNode-2@group-523986131536-LeaderElection63] INFO  server.RaftServerConfigKeys (ConfUtils.java:logGet(43)) - raft.server.log.appender.install.snapshot.enabled = false (custom)
2019-11-15 13:01:53,835 [omNode-2@group-523986131536-LeaderElection63] WARN  impl.MetricRegistriesImpl (MetricRegistriesImpl.java:lambda$create$1(61)) - First MetricRegistry has been created without registering reporters. You may need to call MetricRegistries.global().addReportRegistration(...) before.
2019-11-15 13:01:53,835 [omNode-2@group-523986131536-LeaderElection63] INFO  server.RaftServerConfigKeys (ConfUtils.java:logGet(43)) - raft.server.log.appender.snapshot.chunk.size.max = 16MB (=16777216) (default)
2019-11-15 13:01:53,835 [omNode-2@group-523986131536-LeaderElection63] INFO  server.RaftServerConfigKeys (ConfUtils.java:logGet(43)) - raft.server.log.appender.buffer.byte-limit = 33554432 (custom)
2019-11-15 13:01:53,836 [omNode-2@group-523986131536-LeaderElection63] INFO  server.RaftServerConfigKeys (ConfUtils.java:logGet(43)) - raft.server.log.appender.buffer.element-limit = 1024 (custom)
2019-11-15 13:01:53,836 [omNode-2@group-523986131536-LeaderElection63] INFO  grpc.GrpcConfigKeys$Server (ConfUtils.java:logGet(43)) - raft.grpc.server.leader.outstanding.appends.max = 128 (default)
2019-11-15 13:01:53,836 [omNode-2@group-523986131536-LeaderElection63] INFO  server.RaftServerConfigKeys (ConfUtils.java:logGet(43)) - raft.server.rpc.request.timeout = 3000ms (default)
2019-11-15 13:01:53,836 [omNode-2@group-523986131536-LeaderElection63] INFO  server.RaftServerConfigKeys (ConfUtils.java:logGet(43)) - raft.server.log.appender.install.snapshot.enabled = false (custom)
2019-11-15 13:01:53,836 [omNode-2@group-523986131536-LeaderElection63] INFO  impl.RoleInfo (RoleInfo.java:updateAndGet(143)) - omNode-2: start LeaderState
2019-11-15 13:01:53,837 [omNode-2@group-523986131536-LeaderElection63] INFO  segmented.SegmentedRaftLogWorker (SegmentedRaftLogWorker.java:rollLogSegment(390)) - omNode-2@group-523986131536-SegmentedRaftLogWorker: Rolling segment log-0_2 to index:2
2019-11-15 13:01:53,838 [omNode-2@group-523986131536-LeaderElection63] INFO  impl.RaftServerImpl (ServerState.java:setRaftConf(356)) - omNode-2@group-523986131536: set configuration 3: [omNode-3:localhost:11992, omNode-1:localhost:11980, omNode-2:localhost:11986], old=null at 3
2019-11-15 13:01:53,838 [omNode-2@group-523986131536-SegmentedRaftLogWorker] INFO  segmented.SegmentedRaftLogWorker (SegmentedRaftLogWorker.java:execute(533)) - omNode-2@group-523986131536-SegmentedRaftLogWorker: Rolled log segment from /workdir/hadoop-ozone/integration-test/target/test-dir/MiniOzoneClusterImpl-8dc4e64a-e7f2-467c-840f-7d8b418ee89f/omNode-2/ratis/c9bc4cf4-3bc3-3c60-a66b-523986131536/current/log_inprogress_0 to /workdir/hadoop-ozone/integration-test/target/test-dir/MiniOzoneClusterImpl-8dc4e64a-e7f2-467c-840f-7d8b418ee89f/omNode-2/ratis/c9bc4cf4-3bc3-3c60-a66b-523986131536/current/log_0-2
2019-11-15 13:01:53,845 [grpc-default-executor-3] WARN  server.GrpcLogAppender (LogUtils.java:warn(134)) - omNode-2@group-523986131536->omNode-1-AppendLogResponseHandler: Failed appendEntries: org.apache.ratis.thirdparty.io.grpc.StatusRuntimeException: UNAVAILABLE: io exception
2019-11-15 13:01:53,849 [grpc-default-executor-3] INFO  impl.FollowerInfo (FollowerInfo.java:lambda$new$0(51)) - omNode-2@group-523986131536->omNode-1: nextIndex: updateUnconditionally 3 -> 1
2019-11-15 13:01:53,849 [grpc-default-executor-1] INFO  impl.RaftServerImpl (ServerState.java:setLeader(255)) - omNode-3@group-523986131536: change Leader from null to omNode-2 at term 3 for appendEntries, leader elected after 1183ms
2019-11-15 13:01:53,853 [grpc-default-executor-1] INFO  impl.RaftServerImpl (ServerState.java:setRaftConf(356)) - omNode-3@group-523986131536: set configuration 3: [omNode-3:localhost:11992, omNode-1:localhost:11980, omNode-2:localhost:11986], old=null at 3
2019-11-15 13:01:53,853 [grpc-default-executor-1] INFO  segmented.SegmentedRaftLogWorker (SegmentedRaftLogWorker.java:rollLogSegment(390)) - omNode-3@group-523986131536-SegmentedRaftLogWorker: Rolling segment log-0_2 to index:2
2019-11-15 13:01:53,853 [omNode-3@group-523986131536-SegmentedRaftLogWorker] INFO  segmented.SegmentedRaftLogWorker (SegmentedRaftLogWorker.java:execute(533)) - omNode-3@group-523986131536-SegmentedRaftLogWorker: Rolled log segment from /workdir/hadoop-ozone/integration-test/target/test-dir/MiniOzoneClusterImpl-8dc4e64a-e7f2-467c-840f-7d8b418ee89f/omNode-3/ratis/c9bc4cf4-3bc3-3c60-a66b-523986131536/current/log_inprogress_0 to /workdir/hadoop-ozone/integration-test/target/test-dir/MiniOzoneClusterImpl-8dc4e64a-e7f2-467c-840f-7d8b418ee89f/omNode-3/ratis/c9bc4cf4-3bc3-3c60-a66b-523986131536/current/log_0-2
2019-11-15 13:01:53,872 [omNode-3@group-523986131536-SegmentedRaftLogWorker] INFO  segmented.SegmentedRaftLogWorker (SegmentedRaftLogWorker.java:execute(576)) - omNode-3@group-523986131536-SegmentedRaftLogWorker: created new log segment /workdir/hadoop-ozone/integration-test/target/test-dir/MiniOzoneClusterImpl-8dc4e64a-e7f2-467c-840f-7d8b418ee89f/omNode-3/ratis/c9bc4cf4-3bc3-3c60-a66b-523986131536/current/log_inprogress_3
2019-11-15 13:01:53,872 [omNode-2@group-523986131536-SegmentedRaftLogWorker] INFO  segmented.SegmentedRaftLogWorker (SegmentedRaftLogWorker.java:execute(576)) - omNode-2@group-523986131536-SegmentedRaftLogWorker: created new log segment /workdir/hadoop-ozone/integration-test/target/test-dir/MiniOzoneClusterImpl-8dc4e64a-e7f2-467c-840f-7d8b418ee89f/omNode-2/ratis/c9bc4cf4-3bc3-3c60-a66b-523986131536/current/log_inprogress_3
2019-11-15 13:01:53,889 [grpc-default-executor-4] WARN  server.GrpcLogAppender (LogUtils.java:warn(134)) - omNode-2@group-523986131536->omNode-1-AppendLogResponseHandler: Failed appendEntries: org.apache.ratis.thirdparty.io.grpc.StatusRuntimeException: UNAVAILABLE: io exception
2019-11-15 13:01:53,891 [grpc-default-executor-4] INFO  impl.FollowerInfo (FollowerInfo.java:lambda$new$0(51)) - omNode-2@group-523986131536->omNode-1: nextIndex: updateUnconditionally 5 -> 1
2019-11-15 13:01:53,909 [grpc-default-executor-3] WARN  server.GrpcLogAppender (LogUtils.java:warn(134)) - omNode-2@group-523986131536->omNode-1-AppendLogResponseHandler: Failed appendEntries: org.apache.ratis.thirdparty.io.grpc.StatusRuntimeException: UNAVAILABLE: io exception
2019-11-15 13:01:53,910 [grpc-default-executor-3] INFO  impl.FollowerInfo (FollowerInfo.java:lambda$new$0(51)) - omNode-2@group-523986131536->omNode-1: nextIndex: updateUnconditionally 5 -> 1
2019-11-15 13:01:54,033 [Thread-3499] INFO  ipc.Client (Client.java:handleConnectionFailure(948)) - Retrying connect to server: localhost/127.0.0.1:11976. Already tried 0 time(s); retry policy is RetryUpToMaximumCountWithFixedSleep(maxRetries=4, sleepTime=200 MILLISECONDS)
2019-11-15 13:01:54,234 [Thread-3499] INFO  ipc.Client (Client.java:handleConnectionFailure(948)) - Retrying connect to server: localhost/127.0.0.1:11976. Already tried 1 time(s); retry policy is RetryUpToMaximumCountWithFixedSleep(maxRetries=4, sleepTime=200 MILLISECONDS)
2019-11-15 13:01:54,404 [grpc-default-executor-1] WARN  server.GrpcLogAppender (LogUtils.java:warn(134)) - omNode-2@group-523986131536->omNode-1-AppendLogResponseHandler: Failed appendEntries: org.apache.ratis.thirdparty.io.grpc.StatusRuntimeException: UNAVAILABLE: io exception
2019-11-15 13:01:54,406 [grpc-default-executor-1] INFO  impl.FollowerInfo (FollowerInfo.java:lambda$new$0(51)) - omNode-2@group-523986131536->omNode-1: nextIndex: updateUnconditionally 1 -> 0
2019-11-15 13:01:54,435 [Thread-3499] INFO  ipc.Client (Client.java:handleConnectionFailure(948)) - Retrying connect to server: localhost/127.0.0.1:11976. Already tried 2 time(s); retry policy is RetryUpToMaximumCountWithFixedSleep(maxRetries=4, sleepTime=200 MILLISECONDS)
2019-11-15 13:01:54,635 [Thread-3499] INFO  ipc.Client (Client.java:handleConnectionFailure(948)) - Retrying connect to server: localhost/127.0.0.1:11976. Already tried 3 time(s); retry policy is RetryUpToMaximumCountWithFixedSleep(maxRetries=4, sleepTime=200 MILLISECONDS)
2019-11-15 13:01:54,636 [Thread-3499] ERROR ha.OMFailoverProxyProvider (OzoneManagerProtocolClientSideTranslatorPB.java:getRetryAction(274)) - Failed to connect to OMs: [nodeId=omNode-3,nodeAddress=127.0.0.1:11988, nodeId=omNode-1,nodeAddress=127.0.0.1:11976, nodeId=omNode-2,nodeAddress=127.0.0.1:11982]. Attempted 5 failovers.
2019-11-15 13:01:54,639 [Thread-3499] INFO  ozone.MiniOzoneClusterImpl (MiniOzoneClusterImpl.java:shutdown(334)) - Shutting down the Mini Ozone Cluster
2019-11-15 13:01:54,639 [Thread-3499] INFO  ozone.MiniOzoneHAClusterImpl (MiniOzoneHAClusterImpl.java:stop(147)) - Stopping the OzoneManager omNode-3
2019-11-15 13:01:54,639 [Thread-3499] INFO  ipc.Server (Server.java:stop(3082)) - Stopping server on 11988
2019-11-15 13:01:54,643 [IPC Server listener on 11988] INFO  ipc.Server (Server.java:run(1185)) - Stopping IPC Server listener on 11988
2019-11-15 13:01:54,643 [IPC Server Responder] INFO  ipc.Server (Server.java:run(1319)) - Stopping IPC Server Responder
2019-11-15 13:01:54,644 [Thread-3499] INFO  impl.RaftServerProxy (RaftServerProxy.java:lambda$close$4(314)) - omNode-3: close
2019-11-15 13:01:54,646 [Thread-3499] INFO  impl.RaftServerImpl (RaftServerImpl.java:lambda$shutdown$3(250)) - omNode-3@group-523986131536: shutdown
2019-11-15 13:01:54,646 [Thread-3499] INFO  util.JmxRegister (JmxRegister.java:unregister(73)) - Successfully un-registered JMX Bean with object name Ratis:service=RaftServer,group=group-523986131536,id=omNode-3
2019-11-15 13:01:54,646 [Thread-3499] INFO  impl.RoleInfo (RoleInfo.java:shutdownFollowerState(121)) - omNode-3: shutdown FollowerState
2019-11-15 13:01:54,647 [Thread-3499] INFO  impl.StateMachineUpdater (StateMachineUpdater.java:stopAndJoin(136)) - omNode-3@group-523986131536-StateMachineUpdater: set stopIndex = 4
2019-11-15 13:01:54,647 [omNode-3@group-523986131536-StateMachineUpdater] INFO  ratis.OzoneManagerStateMachine (OzoneManagerStateMachine.java:takeSnapshot(254)) - Saving Ratis snapshot on the OM.
2019-11-15 13:01:54,647 [Thread-3898] INFO  impl.FollowerState (FollowerState.java:run(120)) - omNode-3@group-523986131536-FollowerState was interrupted: java.lang.InterruptedException: sleep interrupted
2019-11-15 13:01:54,650 [omNode-3@group-523986131536-StateMachineUpdater] INFO  ratis.OMRatisSnapshotInfo (OMRatisSnapshotInfo.java:saveRatisSnapshotToDisk(107)) - Saved Ratis Snapshot on the OM with snapshotIndex 1
2019-11-15 13:01:54,650 [omNode-3@group-523986131536-StateMachineUpdater] INFO  impl.StateMachineUpdater (StateMachineUpdater.java:takeSnapshot(269)) - omNode-3@group-523986131536-StateMachineUpdater: Took a snapshot at index 1
2019-11-15 13:01:54,650 [omNode-3@group-523986131536-StateMachineUpdater] INFO  impl.StateMachineUpdater (StateMachineUpdater.java:lambda$new$0(84)) - omNode-3@group-523986131536-StateMachineUpdater: snapshotIndex: updateIncreasingly -1 -> 1
2019-11-15 13:01:54,650 [omNode-3@group-523986131536-StateMachineUpdater] INFO  ratis.OzoneManagerStateMachine (OzoneManagerStateMachine.java:takeSnapshot(254)) - Saving Ratis snapshot on the OM.
2019-11-15 13:01:54,651 [omNode-3@group-523986131536-StateMachineUpdater] INFO  ratis.OMRatisSnapshotInfo (OMRatisSnapshotInfo.java:saveRatisSnapshotToDisk(107)) - Saved Ratis Snapshot on the OM with snapshotIndex 1
2019-11-15 13:01:54,651 [omNode-3@group-523986131536-StateMachineUpdater] INFO  impl.StateMachineUpdater (StateMachineUpdater.java:takeSnapshot(269)) - omNode-3@group-523986131536-StateMachineUpdater: Took a snapshot at index 1
2019-11-15 13:01:54,651 [omNode-3@group-523986131536-StateMachineUpdater] INFO  impl.StateMachineUpdater (StateMachineUpdater.java:lambda$new$0(84)) - omNode-3@group-523986131536-StateMachineUpdater: snapshotIndex: updateIncreasingly 1 -> 1
2019-11-15 13:01:54,651 [Thread-3499] INFO  impl.RaftServerImpl (ServerState.java:close(387)) - omNode-3@group-523986131536: closes. applyIndex: 4
2019-11-15 13:01:54,652 [omNode-3@group-523986131536-SegmentedRaftLogWorker] INFO  segmented.SegmentedRaftLogWorker (SegmentedRaftLogWorker.java:run(316)) - omNode-3@group-523986131536-SegmentedRaftLogWorker was interrupted, exiting. There are 0 tasks remaining in the queue.
2019-11-15 13:01:54,653 [Thread-3499] INFO  segmented.SegmentedRaftLogWorker (SegmentedRaftLogWorker.java:close(224)) - omNode-3@group-523986131536-SegmentedRaftLogWorker close()
2019-11-15 13:01:54,661 [Thread-3499] INFO  server.GrpcService (GrpcService.java:closeImpl(164)) - omNode-3: shutdown server with port 11992 now
2019-11-15 13:01:54,666 [grpc-default-executor-3] WARN  server.GrpcServerProtocolService (LogUtils.java:warn(134)) - omNode-3: installSnapshot onError, lastRequest: omNode-2->omNode-3#3-t3, previous=(t:3, i:4), leaderCommit=4, initializing? false, entries: <empty>: org.apache.ratis.thirdparty.io.grpc.StatusRuntimeException: CANCELLED: cancelled before receiving half close
2019-11-15 13:01:54,668 [Thread-3499] INFO  server.GrpcService (GrpcService.java:closeImpl(172)) - omNode-3: shutdown server with port 11992 successfully
2019-11-15 13:01:54,668 [Thread-3499] INFO  ratis.OzoneManagerDoubleBuffer (OzoneManagerDoubleBuffer.java:stop(261)) - Stopping OMDoubleBuffer flush thread
2019-11-15 13:01:54,668 [grpc-default-executor-1] WARN  server.GrpcLogAppender (LogUtils.java:warn(134)) - omNode-2@group-523986131536->omNode-3-AppendLogResponseHandler: Failed appendEntries: org.apache.ratis.thirdparty.io.grpc.StatusRuntimeException: CANCELLED: HTTP/2 error code: CANCEL
Received Rst Stream
2019-11-15 13:01:54,668 [OMDoubleBufferFlushThread] INFO  ratis.OzoneManagerDoubleBuffer (OzoneManagerDoubleBuffer.java:flushTransactions(199)) - OMDoubleBuffer flush thread OMDoubleBufferFlushThread is interrupted and will exit. OMDoubleBufferFlushThread
2019-11-15 13:01:54,670 [grpc-default-executor-1] INFO  impl.FollowerInfo (FollowerInfo.java:lambda$new$0(51)) - omNode-2@group-523986131536->omNode-3: nextIndex: updateUnconditionally 5 -> 4
2019-11-15 13:01:54,670 [Thread-3499] INFO  utils.BackgroundService (BackgroundService.java:shutdown(151)) - Shutting down service KeyDeletingService
2019-11-15 13:01:54,671 [Thread-3499] INFO  handler.ContextHandler (ContextHandler.java:doStop(910)) - Stopped o.e.j.w.WebAppContext@1f71af1{/,null,UNAVAILABLE}{/ozoneManager}
2019-11-15 13:01:54,672 [Thread-3499] INFO  server.AbstractConnector (AbstractConnector.java:doStop(318)) - Stopped ServerConnector@7488e500{HTTP/1.1,[http/1.1]}{0.0.0.0:11990}
2019-11-15 13:01:54,672 [Thread-3499] INFO  handler.ContextHandler (ContextHandler.java:doStop(910)) - Stopped o.e.j.s.ServletContextHandler@39f70fcf{/static,file:///workdir/hadoop-ozone/integration-test/target/test-classes/webapps/static,UNAVAILABLE}
2019-11-15 13:01:54,672 [Thread-3499] INFO  handler.ContextHandler (ContextHandler.java:doStop(910)) - Stopped o.e.j.s.ServletContextHandler@5403a580{/logs,file:///workdir/hadoop-ozone/integration-test/target/log,UNAVAILABLE}
2019-11-15 13:01:54,675 [Thread-3499] INFO  ozone.MiniOzoneHAClusterImpl (MiniOzoneHAClusterImpl.java:stop(147)) - Stopping the OzoneManager omNode-1
2019-11-15 13:01:54,675 [Thread-3499] INFO  ipc.Server (Server.java:stop(3082)) - Stopping server on 11976
2019-11-15 13:01:54,676 [Thread-3499] INFO  ozone.MiniOzoneHAClusterImpl (MiniOzoneHAClusterImpl.java:stop(147)) - Stopping the OzoneManager omNode-2
2019-11-15 13:01:54,676 [Thread-3499] INFO  ipc.Server (Server.java:stop(3082)) - Stopping server on 11982
2019-11-15 13:01:54,680 [IPC Server listener on 11982] INFO  ipc.Server (Server.java:run(1185)) - Stopping IPC Server listener on 11982
2019-11-15 13:01:54,681 [IPC Server Responder] INFO  ipc.Server (Server.java:run(1319)) - Stopping IPC Server Responder
2019-11-15 13:01:54,682 [Thread-3499] INFO  impl.RaftServerProxy (RaftServerProxy.java:lambda$close$4(314)) - omNode-2: close
2019-11-15 13:01:54,683 [Thread-3499] INFO  impl.RaftServerImpl (RaftServerImpl.java:lambda$shutdown$3(250)) - omNode-2@group-523986131536: shutdown
2019-11-15 13:01:54,684 [Thread-3499] INFO  util.JmxRegister (JmxRegister.java:unregister(73)) - Successfully un-registered JMX Bean with object name Ratis:service=RaftServer,group=group-523986131536,id=omNode-2
2019-11-15 13:01:54,684 [Thread-3499] INFO  impl.RoleInfo (RoleInfo.java:shutdownLeaderState(104)) - omNode-2: shutdown LeaderState
2019-11-15 13:01:54,687 [Thread-3499] INFO  impl.PendingRequests (PendingRequests.java:sendNotLeaderResponses(206)) - omNode-2@group-523986131536-PendingRequests: sendNotLeaderResponses
2019-11-15 13:01:54,687 [org.apache.ratis.server.impl.LogAppender$AppenderDaemon$$Lambda$272/687360200@525eb9e4] WARN  server.GrpcLogAppender (GrpcLogAppender.java:mayWait(151)) - omNode-2@group-523986131536->omNode-1-GrpcLogAppender: Wait interrupted by java.lang.InterruptedException
2019-11-15 13:01:54,687 [org.apache.ratis.server.impl.LogAppender$AppenderDaemon$$Lambda$272/687360200@26e7c8ef] WARN  server.GrpcLogAppender (GrpcLogAppender.java:mayWait(151)) - omNode-2@group-523986131536->omNode-3-GrpcLogAppender: Wait interrupted by java.lang.InterruptedException
2019-11-15 13:01:54,688 [Thread-3499] INFO  impl.StateMachineUpdater (StateMachineUpdater.java:stopAndJoin(136)) - omNode-2@group-523986131536-StateMachineUpdater: set stopIndex = 4
2019-11-15 13:01:54,688 [omNode-2@group-523986131536-StateMachineUpdater] INFO  ratis.OzoneManagerStateMachine (OzoneManagerStateMachine.java:takeSnapshot(254)) - Saving Ratis snapshot on the OM.
2019-11-15 13:01:54,689 [omNode-2@group-523986131536-StateMachineUpdater] INFO  ratis.OMRatisSnapshotInfo (OMRatisSnapshotInfo.java:saveRatisSnapshotToDisk(107)) - Saved Ratis Snapshot on the OM with snapshotIndex 1
2019-11-15 13:01:54,689 [omNode-2@group-523986131536-StateMachineUpdater] INFO  impl.StateMachineUpdater (StateMachineUpdater.java:takeSnapshot(269)) - omNode-2@group-523986131536-StateMachineUpdater: Took a snapshot at index 1
2019-11-15 13:01:54,689 [omNode-2@group-523986131536-StateMachineUpdater] INFO  impl.StateMachineUpdater (StateMachineUpdater.java:lambda$new$0(84)) - omNode-2@group-523986131536-StateMachineUpdater: snapshotIndex: updateIncreasingly -1 -> 1
2019-11-15 13:01:54,689 [omNode-2@group-523986131536-StateMachineUpdater] INFO  ratis.OzoneManagerStateMachine (OzoneManagerStateMachine.java:takeSnapshot(254)) - Saving Ratis snapshot on the OM.
2019-11-15 13:01:54,690 [omNode-2@group-523986131536-StateMachineUpdater] INFO  ratis.OMRatisSnapshotInfo (OMRatisSnapshotInfo.java:saveRatisSnapshotToDisk(107)) - Saved Ratis Snapshot on the OM with snapshotIndex 1
2019-11-15 13:01:54,690 [omNode-2@group-523986131536-StateMachineUpdater] INFO  impl.StateMachineUpdater (StateMachineUpdater.java:takeSnapshot(269)) - omNode-2@group-523986131536-StateMachineUpdater: Took a snapshot at index 1
2019-11-15 13:01:54,690 [omNode-2@group-523986131536-StateMachineUpdater] INFO  impl.StateMachineUpdater (StateMachineUpdater.java:lambda$new$0(84)) - omNode-2@group-523986131536-StateMachineUpdater: snapshotIndex: updateIncreasingly 1 -> 1
2019-11-15 13:01:54,690 [Thread-3499] INFO  impl.RaftServerImpl (ServerState.java:close(387)) - omNode-2@group-523986131536: closes. applyIndex: 4
2019-11-15 13:01:54,691 [omNode-2@group-523986131536-SegmentedRaftLogWorker] INFO  segmented.SegmentedRaftLogWorker (SegmentedRaftLogWorker.java:run(316)) - omNode-2@group-523986131536-SegmentedRaftLogWorker was interrupted, exiting. There are 0 tasks remaining in the queue.
2019-11-15 13:01:54,692 [Thread-3499] INFO  segmented.SegmentedRaftLogWorker (SegmentedRaftLogWorker.java:close(224)) - omNode-2@group-523986131536-SegmentedRaftLogWorker close()
2019-11-15 13:01:54,694 [Thread-3499] INFO  server.GrpcService (GrpcService.java:closeImpl(164)) - omNode-2: shutdown server with port 11986 now
2019-11-15 13:01:54,694 [Thread-3499] INFO  server.GrpcService (GrpcService.java:closeImpl(172)) - omNode-2: shutdown server with port 11986 successfully
2019-11-15 13:01:54,694 [Thread-3499] INFO  ratis.OzoneManagerDoubleBuffer (OzoneManagerDoubleBuffer.java:stop(261)) - Stopping OMDoubleBuffer flush thread
2019-11-15 13:01:54,694 [OMDoubleBufferFlushThread] INFO  ratis.OzoneManagerDoubleBuffer (OzoneManagerDoubleBuffer.java:flushTransactions(199)) - OMDoubleBuffer flush thread OMDoubleBufferFlushThread is interrupted and will exit. OMDoubleBufferFlushThread
2019-11-15 13:01:54,695 [Thread-3499] INFO  utils.BackgroundService (BackgroundService.java:shutdown(151)) - Shutting down service KeyDeletingService
2019-11-15 13:01:54,696 [Thread-3499] INFO  handler.ContextHandler (ContextHandler.java:doStop(910)) - Stopped o.e.j.w.WebAppContext@5df2e11b{/,null,UNAVAILABLE}{/ozoneManager}
2019-11-15 13:01:54,696 [Thread-3499] INFO  server.AbstractConnector (AbstractConnector.java:doStop(318)) - Stopped ServerConnector@3104ae5b{HTTP/1.1,[http/1.1]}{0.0.0.0:11984}
2019-11-15 13:01:54,696 [Thread-3499] INFO  handler.ContextHandler (ContextHandler.java:doStop(910)) - Stopped o.e.j.s.ServletContextHandler@bc6fd07{/static,file:///workdir/hadoop-ozone/integration-test/target/test-classes/webapps/static,UNAVAILABLE}
2019-11-15 13:01:54,697 [Thread-3499] INFO  handler.ContextHandler (ContextHandler.java:doStop(910)) - Stopped o.e.j.s.ServletContextHandler@6587b001{/logs,file:///workdir/hadoop-ozone/integration-test/target/log,UNAVAILABLE}
2019-11-15 13:01:54,700 [Thread-3499] INFO  ozone.MiniOzoneClusterImpl (MiniOzoneClusterImpl.java:stop(350)) - Stopping the Mini Ozone Cluster
2019-11-15 13:01:54,700 [Thread-3499] INFO  ozone.MiniOzoneClusterImpl (MiniOzoneClusterImpl.java:stopDatanodes(397)) - Stopping the HddsDatanodes
2019-11-15 13:01:54,928 [Datanode State Machine Thread - 0] INFO  statemachine.DatanodeStateMachine (DatanodeStateMachine.java:lambda$startDaemon$0(366)) - Ozone container server started.
2019-11-15 13:01:55,002 [Datanode State Machine Thread - 0] INFO  statemachine.DatanodeStateMachine (DatanodeStateMachine.java:lambda$startDaemon$0(366)) - Ozone container server started.
2019-11-15 13:01:55,045 [Thread-3849] INFO  impl.FollowerState (FollowerState.java:run(111)) - 76baf177-36d8-409e-a7c9-e1ee96baf7e8@group-BE2ECF6F0D9A-FollowerState: change to CANDIDATE, lastRpcTime:5067ms, electionTimeout:5067ms
2019-11-15 13:01:55,045 [Thread-3849] INFO  impl.RoleInfo (RoleInfo.java:shutdownFollowerState(121)) - 76baf177-36d8-409e-a7c9-e1ee96baf7e8: shutdown FollowerState
2019-11-15 13:01:55,045 [Thread-3849] INFO  impl.RaftServerImpl (RaftServerImpl.java:setRole(173)) - 76baf177-36d8-409e-a7c9-e1ee96baf7e8@group-BE2ECF6F0D9A: changes role from  FOLLOWER to CANDIDATE at term 2 for changeToCandidate
2019-11-15 13:01:55,045 [Thread-3849] INFO  impl.RoleInfo (RoleInfo.java:updateAndGet(143)) - 76baf177-36d8-409e-a7c9-e1ee96baf7e8: start LeaderElection
2019-11-15 13:01:55,072 [76baf177-36d8-409e-a7c9-e1ee96baf7e8@group-BE2ECF6F0D9A-LeaderElection64] INFO  impl.LeaderElection (LeaderElection.java:askForVotes(178)) - 76baf177-36d8-409e-a7c9-e1ee96baf7e8@group-BE2ECF6F0D9A-LeaderElection64: begin an election at term 3 for -1: [a8f70695-1c42-4d96-925b-c3fcf2432bdd:192.168.157.228:36381, 56d2de60-b1b3-4076-aa6f-99b123aebd62:192.168.157.228:37082, 76baf177-36d8-409e-a7c9-e1ee96baf7e8:192.168.157.228:42617], old=null
2019-11-15 13:01:55,077 [grpc-default-executor-1] INFO  impl.RaftServerImpl (RaftServerImpl.java:setRole(173)) - a8f70695-1c42-4d96-925b-c3fcf2432bdd@group-BE2ECF6F0D9A: changes role from  FOLLOWER to FOLLOWER at term 3 for recognizeCandidate:76baf177-36d8-409e-a7c9-e1ee96baf7e8
2019-11-15 13:01:55,077 [grpc-default-executor-3] INFO  impl.RaftServerImpl (RaftServerImpl.java:setRole(173)) - 56d2de60-b1b3-4076-aa6f-99b123aebd62@group-BE2ECF6F0D9A: changes role from  FOLLOWER to FOLLOWER at term 3 for recognizeCandidate:76baf177-36d8-409e-a7c9-e1ee96baf7e8
2019-11-15 13:01:55,078 [grpc-default-executor-3] INFO  impl.RoleInfo (RoleInfo.java:shutdownFollowerState(121)) - 56d2de60-b1b3-4076-aa6f-99b123aebd62: shutdown FollowerState
2019-11-15 13:01:55,077 [grpc-default-executor-1] INFO  impl.RoleInfo (RoleInfo.java:shutdownFollowerState(121)) - a8f70695-1c42-4d96-925b-c3fcf2432bdd: shutdown FollowerState
2019-11-15 13:01:55,078 [Thread-3862] INFO  impl.FollowerState (FollowerState.java:run(120)) - 56d2de60-b1b3-4076-aa6f-99b123aebd62@group-BE2ECF6F0D9A-FollowerState was interrupted: java.lang.InterruptedException: sleep interrupted
2019-11-15 13:01:55,078 [Thread-3860] INFO  impl.FollowerState (FollowerState.java:run(120)) - a8f70695-1c42-4d96-925b-c3fcf2432bdd@group-BE2ECF6F0D9A-FollowerState was interrupted: java.lang.InterruptedException: sleep interrupted
2019-11-15 13:01:55,078 [grpc-default-executor-3] INFO  impl.RoleInfo (RoleInfo.java:updateAndGet(143)) - 56d2de60-b1b3-4076-aa6f-99b123aebd62: start FollowerState
2019-11-15 13:01:55,078 [grpc-default-executor-1] INFO  impl.RoleInfo (RoleInfo.java:updateAndGet(143)) - a8f70695-1c42-4d96-925b-c3fcf2432bdd: start FollowerState
2019-11-15 13:01:55,108 [76baf177-36d8-409e-a7c9-e1ee96baf7e8@group-BE2ECF6F0D9A-LeaderElection64] INFO  impl.LeaderElection (LeaderElection.java:logAndReturn(56)) - 76baf177-36d8-409e-a7c9-e1ee96baf7e8@group-BE2ECF6F0D9A-LeaderElection64: Election REJECTED; received 2 response(s) [76baf177-36d8-409e-a7c9-e1ee96baf7e8<-a8f70695-1c42-4d96-925b-c3fcf2432bdd#0:FAIL-t3, 76baf177-36d8-409e-a7c9-e1ee96baf7e8<-56d2de60-b1b3-4076-aa6f-99b123aebd62#0:FAIL-t3] and 0 exception(s); 76baf177-36d8-409e-a7c9-e1ee96baf7e8@group-BE2ECF6F0D9A:t3, leader=null, voted=76baf177-36d8-409e-a7c9-e1ee96baf7e8, raftlog=76baf177-36d8-409e-a7c9-e1ee96baf7e8@group-BE2ECF6F0D9A-SegmentedRaftLog:OPENED:c-1,f-1,i0, conf=-1: [a8f70695-1c42-4d96-925b-c3fcf2432bdd:192.168.157.228:36381, 56d2de60-b1b3-4076-aa6f-99b123aebd62:192.168.157.228:37082, 76baf177-36d8-409e-a7c9-e1ee96baf7e8:192.168.157.228:42617], old=null
2019-11-15 13:01:55,109 [76baf177-36d8-409e-a7c9-e1ee96baf7e8@group-BE2ECF6F0D9A-LeaderElection64] INFO  impl.RaftServerImpl (RaftServerImpl.java:setRole(173)) - 76baf177-36d8-409e-a7c9-e1ee96baf7e8@group-BE2ECF6F0D9A: changes role from CANDIDATE to FOLLOWER at term 3 for DISCOVERED_A_NEW_TERM
2019-11-15 13:01:55,109 [76baf177-36d8-409e-a7c9-e1ee96baf7e8@group-BE2ECF6F0D9A-LeaderElection64] INFO  impl.RoleInfo (RoleInfo.java:shutdownLeaderElection(134)) - 76baf177-36d8-409e-a7c9-e1ee96baf7e8: shutdown LeaderElection
2019-11-15 13:01:55,109 [76baf177-36d8-409e-a7c9-e1ee96baf7e8@group-BE2ECF6F0D9A-LeaderElection64] INFO  impl.RoleInfo (RoleInfo.java:updateAndGet(143)) - 76baf177-36d8-409e-a7c9-e1ee96baf7e8: start FollowerState
2019-11-15 13:01:59,701 [ForkJoinPool.commonPool-worker-0] INFO  ozoneimpl.OzoneContainer (OzoneContainer.java:stop(244)) - Attempting to stop container services.
2019-11-15 13:01:59,701 [Thread-3499] INFO  ozoneimpl.OzoneContainer (OzoneContainer.java:stop(244)) - Attempting to stop container services.
2019-11-15 13:01:59,708 [ForkJoinPool.commonPool-worker-0] INFO  impl.RaftServerProxy (RaftServerProxy.java:lambda$close$4(314)) - 56d2de60-b1b3-4076-aa6f-99b123aebd62: close
2019-11-15 13:01:59,708 [Thread-3499] INFO  impl.RaftServerProxy (RaftServerProxy.java:lambda$close$4(314)) - 76baf177-36d8-409e-a7c9-e1ee96baf7e8: close
2019-11-15 13:01:59,708 [ForkJoinPool.commonPool-worker-0] INFO  impl.RaftServerImpl (RaftServerImpl.java:lambda$shutdown$3(250)) - 56d2de60-b1b3-4076-aa6f-99b123aebd62@group-11A8538D5111: shutdown
2019-11-15 13:01:59,708 [Thread-3499] INFO  impl.RaftServerImpl (RaftServerImpl.java:lambda$shutdown$3(250)) - 76baf177-36d8-409e-a7c9-e1ee96baf7e8@group-6C71D7258DAB: shutdown
2019-11-15 13:01:59,709 [ForkJoinPool.commonPool-worker-0] INFO  util.JmxRegister (JmxRegister.java:unregister(73)) - Successfully un-registered JMX Bean with object name Ratis:service=RaftServer,group=group-11A8538D5111,id=56d2de60-b1b3-4076-aa6f-99b123aebd62
2019-11-15 13:01:59,709 [Thread-3499] INFO  util.JmxRegister (JmxRegister.java:unregister(73)) - Successfully un-registered JMX Bean with object name Ratis:service=RaftServer,group=group-6C71D7258DAB,id=76baf177-36d8-409e-a7c9-e1ee96baf7e8
2019-11-15 13:01:59,709 [ForkJoinPool.commonPool-worker-0] INFO  impl.RoleInfo (RoleInfo.java:shutdownLeaderState(104)) - 56d2de60-b1b3-4076-aa6f-99b123aebd62: shutdown LeaderState
2019-11-15 13:01:59,709 [Thread-3499] INFO  impl.RoleInfo (RoleInfo.java:shutdownLeaderState(104)) - 76baf177-36d8-409e-a7c9-e1ee96baf7e8: shutdown LeaderState
2019-11-15 13:01:59,710 [ForkJoinPool.commonPool-worker-0] INFO  impl.PendingRequests (PendingRequests.java:sendNotLeaderResponses(206)) - 56d2de60-b1b3-4076-aa6f-99b123aebd62@group-11A8538D5111-PendingRequests: sendNotLeaderResponses
2019-11-15 13:01:59,710 [Thread-3499] INFO  impl.PendingRequests (PendingRequests.java:sendNotLeaderResponses(206)) - 76baf177-36d8-409e-a7c9-e1ee96baf7e8@group-6C71D7258DAB-PendingRequests: sendNotLeaderResponses
2019-11-15 13:01:59,710 [ForkJoinPool.commonPool-worker-0] INFO  impl.StateMachineUpdater (StateMachineUpdater.java:stopAndJoin(136)) - 56d2de60-b1b3-4076-aa6f-99b123aebd62@group-11A8538D5111-StateMachineUpdater: set stopIndex = 0
2019-11-15 13:01:59,711 [Thread-3499] INFO  impl.StateMachineUpdater (StateMachineUpdater.java:stopAndJoin(136)) - 76baf177-36d8-409e-a7c9-e1ee96baf7e8@group-6C71D7258DAB-StateMachineUpdater: set stopIndex = 0
2019-11-15 13:01:59,711 [Thread-3499] INFO  impl.RaftServerImpl (ServerState.java:close(387)) - 76baf177-36d8-409e-a7c9-e1ee96baf7e8@group-6C71D7258DAB: closes. applyIndex: 0
2019-11-15 13:01:59,711 [ForkJoinPool.commonPool-worker-0] INFO  impl.RaftServerImpl (ServerState.java:close(387)) - 56d2de60-b1b3-4076-aa6f-99b123aebd62@group-11A8538D5111: closes. applyIndex: 0
2019-11-15 13:01:59,712 [76baf177-36d8-409e-a7c9-e1ee96baf7e8@group-6C71D7258DAB-SegmentedRaftLogWorker] INFO  segmented.SegmentedRaftLogWorker (SegmentedRaftLogWorker.java:run(316)) - 76baf177-36d8-409e-a7c9-e1ee96baf7e8@group-6C71D7258DAB-SegmentedRaftLogWorker was interrupted, exiting. There are 0 tasks remaining in the queue.
2019-11-15 13:01:59,712 [56d2de60-b1b3-4076-aa6f-99b123aebd62@group-11A8538D5111-SegmentedRaftLogWorker] INFO  segmented.SegmentedRaftLogWorker (SegmentedRaftLogWorker.java:run(316)) - 56d2de60-b1b3-4076-aa6f-99b123aebd62@group-11A8538D5111-SegmentedRaftLogWorker was interrupted, exiting. There are 0 tasks remaining in the queue.
2019-11-15 13:01:59,714 [Thread-3499] INFO  segmented.SegmentedRaftLogWorker (SegmentedRaftLogWorker.java:close(224)) - 76baf177-36d8-409e-a7c9-e1ee96baf7e8@group-6C71D7258DAB-SegmentedRaftLogWorker close()
2019-11-15 13:01:59,715 [ForkJoinPool.commonPool-worker-0] INFO  segmented.SegmentedRaftLogWorker (SegmentedRaftLogWorker.java:close(224)) - 56d2de60-b1b3-4076-aa6f-99b123aebd62@group-11A8538D5111-SegmentedRaftLogWorker close()
2019-11-15 13:01:59,718 [ForkJoinPool.commonPool-worker-0] INFO  impl.RaftServerImpl (RaftServerImpl.java:lambda$shutdown$3(250)) - 56d2de60-b1b3-4076-aa6f-99b123aebd62@group-BE2ECF6F0D9A: shutdown
2019-11-15 13:01:59,718 [Thread-3499] INFO  impl.RaftServerImpl (RaftServerImpl.java:lambda$shutdown$3(250)) - 76baf177-36d8-409e-a7c9-e1ee96baf7e8@group-BE2ECF6F0D9A: shutdown
2019-11-15 13:01:59,718 [ForkJoinPool.commonPool-worker-0] INFO  util.JmxRegister (JmxRegister.java:unregister(73)) - Successfully un-registered JMX Bean with object name Ratis:service=RaftServer,group=group-BE2ECF6F0D9A,id=56d2de60-b1b3-4076-aa6f-99b123aebd62
2019-11-15 13:01:59,718 [Thread-3499] INFO  util.JmxRegister (JmxRegister.java:unregister(73)) - Successfully un-registered JMX Bean with object name Ratis:service=RaftServer,group=group-BE2ECF6F0D9A,id=76baf177-36d8-409e-a7c9-e1ee96baf7e8
2019-11-15 13:01:59,718 [ForkJoinPool.commonPool-worker-0] INFO  impl.RoleInfo (RoleInfo.java:shutdownFollowerState(121)) - 56d2de60-b1b3-4076-aa6f-99b123aebd62: shutdown FollowerState
2019-11-15 13:01:59,718 [Thread-3499] INFO  impl.RoleInfo (RoleInfo.java:shutdownFollowerState(121)) - 76baf177-36d8-409e-a7c9-e1ee96baf7e8: shutdown FollowerState
2019-11-15 13:01:59,719 [Thread-3914] INFO  impl.FollowerState (FollowerState.java:run(120)) - 56d2de60-b1b3-4076-aa6f-99b123aebd62@group-BE2ECF6F0D9A-FollowerState was interrupted: java.lang.InterruptedException: sleep interrupted
2019-11-15 13:01:59,719 [Thread-3499] INFO  impl.StateMachineUpdater (StateMachineUpdater.java:stopAndJoin(136)) - 76baf177-36d8-409e-a7c9-e1ee96baf7e8@group-BE2ECF6F0D9A-StateMachineUpdater: set stopIndex = -1
2019-11-15 13:01:59,721 [Thread-3499] INFO  impl.RaftServerImpl (ServerState.java:close(387)) - 76baf177-36d8-409e-a7c9-e1ee96baf7e8@group-BE2ECF6F0D9A: closes. applyIndex: -1
2019-11-15 13:01:59,719 [ForkJoinPool.commonPool-worker-0] INFO  impl.StateMachineUpdater (StateMachineUpdater.java:stopAndJoin(136)) - 56d2de60-b1b3-4076-aa6f-99b123aebd62@group-BE2ECF6F0D9A-StateMachineUpdater: set stopIndex = -1
2019-11-15 13:01:59,721 [76baf177-36d8-409e-a7c9-e1ee96baf7e8@group-BE2ECF6F0D9A-SegmentedRaftLogWorker] INFO  segmented.SegmentedRaftLogWorker (SegmentedRaftLogWorker.java:run(316)) - 76baf177-36d8-409e-a7c9-e1ee96baf7e8@group-BE2ECF6F0D9A-SegmentedRaftLogWorker was interrupted, exiting. There are 0 tasks remaining in the queue.
2019-11-15 13:01:59,721 [Thread-3916] INFO  impl.FollowerState (FollowerState.java:run(120)) - 76baf177-36d8-409e-a7c9-e1ee96baf7e8@group-BE2ECF6F0D9A-FollowerState was interrupted: java.lang.InterruptedException: sleep interrupted
2019-11-15 13:01:59,722 [Thread-3499] INFO  segmented.SegmentedRaftLogWorker (SegmentedRaftLogWorker.java:close(224)) - 76baf177-36d8-409e-a7c9-e1ee96baf7e8@group-BE2ECF6F0D9A-SegmentedRaftLogWorker close()
2019-11-15 13:01:59,722 [ForkJoinPool.commonPool-worker-0] INFO  impl.RaftServerImpl (ServerState.java:close(387)) - 56d2de60-b1b3-4076-aa6f-99b123aebd62@group-BE2ECF6F0D9A: closes. applyIndex: -1
2019-11-15 13:01:59,725 [Thread-3499] INFO  server.GrpcService (GrpcService.java:closeImpl(164)) - 76baf177-36d8-409e-a7c9-e1ee96baf7e8: shutdown server with port 42617 now
2019-11-15 13:01:59,725 [56d2de60-b1b3-4076-aa6f-99b123aebd62@group-BE2ECF6F0D9A-SegmentedRaftLogWorker] INFO  segmented.SegmentedRaftLogWorker (SegmentedRaftLogWorker.java:run(316)) - 56d2de60-b1b3-4076-aa6f-99b123aebd62@group-BE2ECF6F0D9A-SegmentedRaftLogWorker was interrupted, exiting. There are 0 tasks remaining in the queue.
2019-11-15 13:01:59,727 [ForkJoinPool.commonPool-worker-0] INFO  segmented.SegmentedRaftLogWorker (SegmentedRaftLogWorker.java:close(224)) - 56d2de60-b1b3-4076-aa6f-99b123aebd62@group-BE2ECF6F0D9A-SegmentedRaftLogWorker close()
2019-11-15 13:01:59,730 [ForkJoinPool.commonPool-worker-0] INFO  server.GrpcService (GrpcService.java:closeImpl(164)) - 56d2de60-b1b3-4076-aa6f-99b123aebd62: shutdown server with port 37082 now
2019-11-15 13:01:59,733 [ForkJoinPool.commonPool-worker-0] INFO  server.GrpcService (GrpcService.java:closeImpl(172)) - 56d2de60-b1b3-4076-aa6f-99b123aebd62: shutdown server with port 37082 successfully
2019-11-15 13:01:59,733 [Thread-3499] INFO  server.GrpcService (GrpcService.java:closeImpl(172)) - 76baf177-36d8-409e-a7c9-e1ee96baf7e8: shutdown server with port 42617 successfully
2019-11-15 13:01:59,736 [refreshUsed-/workdir/hadoop-ozone/integration-test/target/test-dir/MiniOzoneClusterImpl-8dc4e64a-e7f2-467c-840f-7d8b418ee89f/datanode-1/data/containers] WARN  fs.CachingGetSpaceUsed (CachingGetSpaceUsed.java:run(183)) - Thread Interrupted waiting to refresh disk information: sleep interrupted
2019-11-15 13:01:59,736 [refreshUsed-/workdir/hadoop-ozone/integration-test/target/test-dir/MiniOzoneClusterImpl-8dc4e64a-e7f2-467c-840f-7d8b418ee89f/datanode-0/data/containers] WARN  fs.CachingGetSpaceUsed (CachingGetSpaceUsed.java:run(183)) - Thread Interrupted waiting to refresh disk information: sleep interrupted
2019-11-15 13:01:59,757 [Thread-3499] INFO  utils.BackgroundService (BackgroundService.java:shutdown(151)) - Shutting down service BlockDeletingService
2019-11-15 13:01:59,761 [Thread-3499] INFO  statemachine.DatanodeStateMachine (DatanodeStateMachine.java:stopDaemon(411)) - Ozone container server stopped.
2019-11-15 13:01:59,762 [Thread-3499] INFO  handler.ContextHandler (ContextHandler.java:doStop(910)) - Stopped o.e.j.w.WebAppContext@b796e2e{/,null,UNAVAILABLE}{/hddsDatanode}
2019-11-15 13:01:59,762 [ForkJoinPool.commonPool-worker-0] INFO  utils.BackgroundService (BackgroundService.java:shutdown(151)) - Shutting down service BlockDeletingService
2019-11-15 13:01:59,762 [Thread-3499] INFO  server.AbstractConnector (AbstractConnector.java:doStop(318)) - Stopped ServerConnector@3f1cd07{HTTP/1.1,[http/1.1]}{0.0.0.0:0}
2019-11-15 13:01:59,764 [Thread-3499] INFO  handler.ContextHandler (ContextHandler.java:doStop(910)) - Stopped o.e.j.s.ServletContextHandler@6da280ee{/static,jar:file:/home/user/.m2/repository/org/apache/hadoop/hadoop-hdds-container-service/0.5.0-SNAPSHOT/hadoop-hdds-container-service-0.5.0-SNAPSHOT.jar!/webapps/static,UNAVAILABLE}
2019-11-15 13:01:59,766 [ForkJoinPool.commonPool-worker-0] INFO  statemachine.DatanodeStateMachine (DatanodeStateMachine.java:stopDaemon(411)) - Ozone container server stopped.
2019-11-15 13:01:59,766 [Thread-3499] INFO  handler.ContextHandler (ContextHandler.java:doStop(910)) - Stopped o.e.j.s.ServletContextHandler@21b5839{/logs,file:///workdir/hadoop-ozone/integration-test/target/log,UNAVAILABLE}
2019-11-15 13:01:59,771 [ForkJoinPool.commonPool-worker-0] INFO  handler.ContextHandler (ContextHandler.java:doStop(910)) - Stopped o.e.j.w.WebAppContext@2da4768{/,null,UNAVAILABLE}{/hddsDatanode}
2019-11-15 13:01:59,771 [ForkJoinPool.commonPool-worker-0] INFO  server.AbstractConnector (AbstractConnector.java:doStop(318)) - Stopped ServerConnector@57d0016b{HTTP/1.1,[http/1.1]}{0.0.0.0:0}
2019-11-15 13:01:59,772 [ForkJoinPool.commonPool-worker-0] INFO  handler.ContextHandler (ContextHandler.java:doStop(910)) - Stopped o.e.j.s.ServletContextHandler@7ea035c1{/static,jar:file:/home/user/.m2/repository/org/apache/hadoop/hadoop-hdds-container-service/0.5.0-SNAPSHOT/hadoop-hdds-container-service-0.5.0-SNAPSHOT.jar!/webapps/static,UNAVAILABLE}
2019-11-15 13:01:59,773 [ForkJoinPool.commonPool-worker-0] INFO  handler.ContextHandler (ContextHandler.java:doStop(910)) - Stopped o.e.j.s.ServletContextHandler@6b50420d{/logs,file:///workdir/hadoop-ozone/integration-test/target/log,UNAVAILABLE}
2019-11-15 13:01:59,871 [Datanode State Machine Thread - 0] INFO  statemachine.DatanodeStateMachine (DatanodeStateMachine.java:lambda$startDaemon$0(366)) - Ozone container server started.
2019-11-15 13:02:00,096 [Thread-3915] INFO  impl.FollowerState (FollowerState.java:run(111)) - a8f70695-1c42-4d96-925b-c3fcf2432bdd@group-BE2ECF6F0D9A-FollowerState: change to CANDIDATE, lastRpcTime:5017ms, electionTimeout:5015ms
2019-11-15 13:02:00,096 [Thread-3915] INFO  impl.RoleInfo (RoleInfo.java:shutdownFollowerState(121)) - a8f70695-1c42-4d96-925b-c3fcf2432bdd: shutdown FollowerState
2019-11-15 13:02:00,096 [Thread-3915] INFO  impl.RaftServerImpl (RaftServerImpl.java:setRole(173)) - a8f70695-1c42-4d96-925b-c3fcf2432bdd@group-BE2ECF6F0D9A: changes role from  FOLLOWER to CANDIDATE at term 3 for changeToCandidate
2019-11-15 13:02:00,096 [Thread-3915] INFO  impl.RoleInfo (RoleInfo.java:updateAndGet(143)) - a8f70695-1c42-4d96-925b-c3fcf2432bdd: start LeaderElection
2019-11-15 13:02:00,139 [a8f70695-1c42-4d96-925b-c3fcf2432bdd@group-BE2ECF6F0D9A-LeaderElection65] INFO  impl.LeaderElection (LeaderElection.java:askForVotes(178)) - a8f70695-1c42-4d96-925b-c3fcf2432bdd@group-BE2ECF6F0D9A-LeaderElection65: begin an election at term 4 for 0: [a8f70695-1c42-4d96-925b-c3fcf2432bdd:192.168.157.228:36381, 56d2de60-b1b3-4076-aa6f-99b123aebd62:192.168.157.228:37082, 76baf177-36d8-409e-a7c9-e1ee96baf7e8:192.168.157.228:42617], old=null
2019-11-15 13:02:00,145 [a8f70695-1c42-4d96-925b-c3fcf2432bdd@group-BE2ECF6F0D9A-LeaderElection65] INFO  impl.LeaderElection (LogUtils.java:infoOrTrace(149)) - a8f70695-1c42-4d96-925b-c3fcf2432bdd@group-BE2ECF6F0D9A-LeaderElection65 got exception when requesting votes: {}
java.util.concurrent.ExecutionException: org.apache.ratis.thirdparty.io.grpc.StatusRuntimeException: UNAVAILABLE: io exception
	at java.util.concurrent.FutureTask.report(FutureTask.java:122)
	at java.util.concurrent.FutureTask.get(FutureTask.java:192)
	at org.apache.ratis.server.impl.LeaderElection.waitForResults(LeaderElection.java:259)
	at org.apache.ratis.server.impl.LeaderElection.askForVotes(LeaderElection.java:197)
	at org.apache.ratis.server.impl.LeaderElection.run(LeaderElection.java:133)
	at java.lang.Thread.run(Thread.java:748)
Caused by: org.apache.ratis.thirdparty.io.grpc.StatusRuntimeException: UNAVAILABLE: io exception
	at org.apache.ratis.thirdparty.io.grpc.stub.ClientCalls.toStatusRuntimeException(ClientCalls.java:233)
	at org.apache.ratis.thirdparty.io.grpc.stub.ClientCalls.getUnchecked(ClientCalls.java:214)
	at org.apache.ratis.thirdparty.io.grpc.stub.ClientCalls.blockingUnaryCall(ClientCalls.java:139)
	at org.apache.ratis.proto.grpc.RaftServerProtocolServiceGrpc$RaftServerProtocolServiceBlockingStub.requestVote(RaftServerProtocolServiceGrpc.java:265)
	at org.apache.ratis.grpc.server.GrpcServerProtocolClient.requestVote(GrpcServerProtocolClient.java:99)
	at org.apache.ratis.grpc.server.GrpcService.requestVote(GrpcService.java:204)
	at org.apache.ratis.server.impl.LeaderElection.lambda$submitRequests$1(LeaderElection.java:234)
	at java.util.concurrent.FutureTask.run(FutureTask.java:266)
	at java.util.concurrent.Executors$RunnableAdapter.call(Executors.java:511)
	at java.util.concurrent.FutureTask.run(FutureTask.java:266)
	at java.util.concurrent.ThreadPoolExecutor.runWorker(ThreadPoolExecutor.java:1149)
	at java.util.concurrent.ThreadPoolExecutor$Worker.run(ThreadPoolExecutor.java:624)
	... 1 more
Caused by: org.apache.ratis.thirdparty.io.netty.channel.AbstractChannel$AnnotatedConnectException: Connection refused: /192.168.157.228:37082
	at sun.nio.ch.SocketChannelImpl.checkConnect(Native Method)
	at sun.nio.ch.SocketChannelImpl.finishConnect(SocketChannelImpl.java:717)
	at org.apache.ratis.thirdparty.io.netty.channel.socket.nio.NioSocketChannel.doFinishConnect(NioSocketChannel.java:327)
	at org.apache.ratis.thirdparty.io.netty.channel.nio.AbstractNioChannel$AbstractNioUnsafe.finishConnect(AbstractNioChannel.java:340)
	at org.apache.ratis.thirdparty.io.netty.channel.nio.NioEventLoop.processSelectedKey(NioEventLoop.java:632)
	at org.apache.ratis.thirdparty.io.netty.channel.nio.NioEventLoop.processSelectedKeysOptimized(NioEventLoop.java:579)
	at org.apache.ratis.thirdparty.io.netty.channel.nio.NioEventLoop.processSelectedKeys(NioEventLoop.java:496)
	at org.apache.ratis.thirdparty.io.netty.channel.nio.NioEventLoop.run(NioEventLoop.java:458)
	at org.apache.ratis.thirdparty.io.netty.util.concurrent.SingleThreadEventExecutor$5.run(SingleThreadEventExecutor.java:897)
	at org.apache.ratis.thirdparty.io.netty.util.concurrent.FastThreadLocalRunnable.run(FastThreadLocalRunnable.java:30)
	... 1 more
Caused by: java.net.ConnectException: Connection refused
	... 11 more
2019-11-15 13:02:00,157 [a8f70695-1c42-4d96-925b-c3fcf2432bdd@group-BE2ECF6F0D9A-LeaderElection65] INFO  impl.LeaderElection (LogUtils.java:infoOrTrace(149)) - a8f70695-1c42-4d96-925b-c3fcf2432bdd@group-BE2ECF6F0D9A-LeaderElection65 got exception when requesting votes: {}
java.util.concurrent.ExecutionException: org.apache.ratis.thirdparty.io.grpc.StatusRuntimeException: UNAVAILABLE: io exception
	at java.util.concurrent.FutureTask.report(FutureTask.java:122)
	at java.util.concurrent.FutureTask.get(FutureTask.java:192)
	at org.apache.ratis.server.impl.LeaderElection.waitForResults(LeaderElection.java:259)
	at org.apache.ratis.server.impl.LeaderElection.askForVotes(LeaderElection.java:197)
	at org.apache.ratis.server.impl.LeaderElection.run(LeaderElection.java:133)
	at java.lang.Thread.run(Thread.java:748)
Caused by: org.apache.ratis.thirdparty.io.grpc.StatusRuntimeException: UNAVAILABLE: io exception
	at org.apache.ratis.thirdparty.io.grpc.stub.ClientCalls.toStatusRuntimeException(ClientCalls.java:233)
	at org.apache.ratis.thirdparty.io.grpc.stub.ClientCalls.getUnchecked(ClientCalls.java:214)
	at org.apache.ratis.thirdparty.io.grpc.stub.ClientCalls.blockingUnaryCall(ClientCalls.java:139)
	at org.apache.ratis.proto.grpc.RaftServerProtocolServiceGrpc$RaftServerProtocolServiceBlockingStub.requestVote(RaftServerProtocolServiceGrpc.java:265)
	at org.apache.ratis.grpc.server.GrpcServerProtocolClient.requestVote(GrpcServerProtocolClient.java:99)
	at org.apache.ratis.grpc.server.GrpcService.requestVote(GrpcService.java:204)
	at org.apache.ratis.server.impl.LeaderElection.lambda$submitRequests$1(LeaderElection.java:234)
	at java.util.concurrent.FutureTask.run(FutureTask.java:266)
	at java.util.concurrent.Executors$RunnableAdapter.call(Executors.java:511)
	at java.util.concurrent.FutureTask.run(FutureTask.java:266)
	at java.util.concurrent.ThreadPoolExecutor.runWorker(ThreadPoolExecutor.java:1149)
	at java.util.concurrent.ThreadPoolExecutor$Worker.run(ThreadPoolExecutor.java:624)
	... 1 more
Caused by: org.apache.ratis.thirdparty.io.netty.channel.AbstractChannel$AnnotatedConnectException: Connection refused: /192.168.157.228:42617
	at sun.nio.ch.SocketChannelImpl.checkConnect(Native Method)
	at sun.nio.ch.SocketChannelImpl.finishConnect(SocketChannelImpl.java:717)
	at org.apache.ratis.thirdparty.io.netty.channel.socket.nio.NioSocketChannel.doFinishConnect(NioSocketChannel.java:327)
	at org.apache.ratis.thirdparty.io.netty.channel.nio.AbstractNioChannel$AbstractNioUnsafe.finishConnect(AbstractNioChannel.java:340)
	at org.apache.ratis.thirdparty.io.netty.channel.nio.NioEventLoop.processSelectedKey(NioEventLoop.java:632)
	at org.apache.ratis.thirdparty.io.netty.channel.nio.NioEventLoop.processSelectedKeysOptimized(NioEventLoop.java:579)
	at org.apache.ratis.thirdparty.io.netty.channel.nio.NioEventLoop.processSelectedKeys(NioEventLoop.java:496)
	at org.apache.ratis.thirdparty.io.netty.channel.nio.NioEventLoop.run(NioEventLoop.java:458)
	at org.apache.ratis.thirdparty.io.netty.util.concurrent.SingleThreadEventExecutor$5.run(SingleThreadEventExecutor.java:897)
	at org.apache.ratis.thirdparty.io.netty.util.concurrent.FastThreadLocalRunnable.run(FastThreadLocalRunnable.java:30)
	... 1 more
Caused by: java.net.ConnectException: Connection refused
	... 11 more
2019-11-15 13:02:00,159 [a8f70695-1c42-4d96-925b-c3fcf2432bdd@group-BE2ECF6F0D9A-LeaderElection65] INFO  impl.LeaderElection (LeaderElection.java:logAndReturn(56)) - a8f70695-1c42-4d96-925b-c3fcf2432bdd@group-BE2ECF6F0D9A-LeaderElection65: Election REJECTED; received 0 response(s) [] and 2 exception(s); a8f70695-1c42-4d96-925b-c3fcf2432bdd@group-BE2ECF6F0D9A:t4, leader=null, voted=a8f70695-1c42-4d96-925b-c3fcf2432bdd, raftlog=a8f70695-1c42-4d96-925b-c3fcf2432bdd@group-BE2ECF6F0D9A-SegmentedRaftLog:OPENED:c-1,f0,i0, conf=0: [a8f70695-1c42-4d96-925b-c3fcf2432bdd:192.168.157.228:36381, 56d2de60-b1b3-4076-aa6f-99b123aebd62:192.168.157.228:37082, 76baf177-36d8-409e-a7c9-e1ee96baf7e8:192.168.157.228:42617], old=null
2019-11-15 13:02:00,159 [a8f70695-1c42-4d96-925b-c3fcf2432bdd@group-BE2ECF6F0D9A-LeaderElection65] INFO  impl.LeaderElection (LogUtils.java:infoOrTrace(149)) -   Exception 0: {}
java.util.concurrent.ExecutionException: org.apache.ratis.thirdparty.io.grpc.StatusRuntimeException: UNAVAILABLE: io exception
	at java.util.concurrent.FutureTask.report(FutureTask.java:122)
	at java.util.concurrent.FutureTask.get(FutureTask.java:192)
	at org.apache.ratis.server.impl.LeaderElection.waitForResults(LeaderElection.java:259)
	at org.apache.ratis.server.impl.LeaderElection.askForVotes(LeaderElection.java:197)
	at org.apache.ratis.server.impl.LeaderElection.run(LeaderElection.java:133)
	at java.lang.Thread.run(Thread.java:748)
Caused by: org.apache.ratis.thirdparty.io.grpc.StatusRuntimeException: UNAVAILABLE: io exception
	at org.apache.ratis.thirdparty.io.grpc.stub.ClientCalls.toStatusRuntimeException(ClientCalls.java:233)
	at org.apache.ratis.thirdparty.io.grpc.stub.ClientCalls.getUnchecked(ClientCalls.java:214)
	at org.apache.ratis.thirdparty.io.grpc.stub.ClientCalls.blockingUnaryCall(ClientCalls.java:139)
	at org.apache.ratis.proto.grpc.RaftServerProtocolServiceGrpc$RaftServerProtocolServiceBlockingStub.requestVote(RaftServerProtocolServiceGrpc.java:265)
	at org.apache.ratis.grpc.server.GrpcServerProtocolClient.requestVote(GrpcServerProtocolClient.java:99)
	at org.apache.ratis.grpc.server.GrpcService.requestVote(GrpcService.java:204)
	at org.apache.ratis.server.impl.LeaderElection.lambda$submitRequests$1(LeaderElection.java:234)
	at java.util.concurrent.FutureTask.run(FutureTask.java:266)
	at java.util.concurrent.Executors$RunnableAdapter.call(Executors.java:511)
	at java.util.concurrent.FutureTask.run(FutureTask.java:266)
	at java.util.concurrent.ThreadPoolExecutor.runWorker(ThreadPoolExecutor.java:1149)
	at java.util.concurrent.ThreadPoolExecutor$Worker.run(ThreadPoolExecutor.java:624)
	... 1 more
Caused by: org.apache.ratis.thirdparty.io.netty.channel.AbstractChannel$AnnotatedConnectException: Connection refused: /192.168.157.228:37082
	at sun.nio.ch.SocketChannelImpl.checkConnect(Native Method)
	at sun.nio.ch.SocketChannelImpl.finishConnect(SocketChannelImpl.java:717)
	at org.apache.ratis.thirdparty.io.netty.channel.socket.nio.NioSocketChannel.doFinishConnect(NioSocketChannel.java:327)
	at org.apache.ratis.thirdparty.io.netty.channel.nio.AbstractNioChannel$AbstractNioUnsafe.finishConnect(AbstractNioChannel.java:340)
	at org.apache.ratis.thirdparty.io.netty.channel.nio.NioEventLoop.processSelectedKey(NioEventLoop.java:632)
	at org.apache.ratis.thirdparty.io.netty.channel.nio.NioEventLoop.processSelectedKeysOptimized(NioEventLoop.java:579)
	at org.apache.ratis.thirdparty.io.netty.channel.nio.NioEventLoop.processSelectedKeys(NioEventLoop.java:496)
	at org.apache.ratis.thirdparty.io.netty.channel.nio.NioEventLoop.run(NioEventLoop.java:458)
	at org.apache.ratis.thirdparty.io.netty.util.concurrent.SingleThreadEventExecutor$5.run(SingleThreadEventExecutor.java:897)
	at org.apache.ratis.thirdparty.io.netty.util.concurrent.FastThreadLocalRunnable.run(FastThreadLocalRunnable.java:30)
	... 1 more
Caused by: java.net.ConnectException: Connection refused
	... 11 more
2019-11-15 13:02:00,159 [a8f70695-1c42-4d96-925b-c3fcf2432bdd@group-BE2ECF6F0D9A-LeaderElection65] INFO  impl.LeaderElection (LogUtils.java:infoOrTrace(149)) -   Exception 1: {}
java.util.concurrent.ExecutionException: org.apache.ratis.thirdparty.io.grpc.StatusRuntimeException: UNAVAILABLE: io exception
	at java.util.concurrent.FutureTask.report(FutureTask.java:122)
	at java.util.concurrent.FutureTask.get(FutureTask.java:192)
	at org.apache.ratis.server.impl.LeaderElection.waitForResults(LeaderElection.java:259)
	at org.apache.ratis.server.impl.LeaderElection.askForVotes(LeaderElection.java:197)
	at org.apache.ratis.server.impl.LeaderElection.run(LeaderElection.java:133)
	at java.lang.Thread.run(Thread.java:748)
Caused by: org.apache.ratis.thirdparty.io.grpc.StatusRuntimeException: UNAVAILABLE: io exception
	at org.apache.ratis.thirdparty.io.grpc.stub.ClientCalls.toStatusRuntimeException(ClientCalls.java:233)
	at org.apache.ratis.thirdparty.io.grpc.stub.ClientCalls.getUnchecked(ClientCalls.java:214)
	at org.apache.ratis.thirdparty.io.grpc.stub.ClientCalls.blockingUnaryCall(ClientCalls.java:139)
	at org.apache.ratis.proto.grpc.RaftServerProtocolServiceGrpc$RaftServerProtocolServiceBlockingStub.requestVote(RaftServerProtocolServiceGrpc.java:265)
	at org.apache.ratis.grpc.server.GrpcServerProtocolClient.requestVote(GrpcServerProtocolClient.java:99)
	at org.apache.ratis.grpc.server.GrpcService.requestVote(GrpcService.java:204)
	at org.apache.ratis.server.impl.LeaderElection.lambda$submitRequests$1(LeaderElection.java:234)
	at java.util.concurrent.FutureTask.run(FutureTask.java:266)
	at java.util.concurrent.Executors$RunnableAdapter.call(Executors.java:511)
	at java.util.concurrent.FutureTask.run(FutureTask.java:266)
	at java.util.concurrent.ThreadPoolExecutor.runWorker(ThreadPoolExecutor.java:1149)
	at java.util.concurrent.ThreadPoolExecutor$Worker.run(ThreadPoolExecutor.java:624)
	... 1 more
Caused by: org.apache.ratis.thirdparty.io.netty.channel.AbstractChannel$AnnotatedConnectException: Connection refused: /192.168.157.228:42617
	at sun.nio.ch.SocketChannelImpl.checkConnect(Native Method)
	at sun.nio.ch.SocketChannelImpl.finishConnect(SocketChannelImpl.java:717)
	at org.apache.ratis.thirdparty.io.netty.channel.socket.nio.NioSocketChannel.doFinishConnect(NioSocketChannel.java:327)
	at org.apache.ratis.thirdparty.io.netty.channel.nio.AbstractNioChannel$AbstractNioUnsafe.finishConnect(AbstractNioChannel.java:340)
	at org.apache.ratis.thirdparty.io.netty.channel.nio.NioEventLoop.processSelectedKey(NioEventLoop.java:632)
	at org.apache.ratis.thirdparty.io.netty.channel.nio.NioEventLoop.processSelectedKeysOptimized(NioEventLoop.java:579)
	at org.apache.ratis.thirdparty.io.netty.channel.nio.NioEventLoop.processSelectedKeys(NioEventLoop.java:496)
	at org.apache.ratis.thirdparty.io.netty.channel.nio.NioEventLoop.run(NioEventLoop.java:458)
	at org.apache.ratis.thirdparty.io.netty.util.concurrent.SingleThreadEventExecutor$5.run(SingleThreadEventExecutor.java:897)
	at org.apache.ratis.thirdparty.io.netty.util.concurrent.FastThreadLocalRunnable.run(FastThreadLocalRunnable.java:30)
	... 1 more
Caused by: java.net.ConnectException: Connection refused
	... 11 more
2019-11-15 13:02:00,160 [a8f70695-1c42-4d96-925b-c3fcf2432bdd@group-BE2ECF6F0D9A-LeaderElection65] INFO  impl.RaftServerImpl (RaftServerImpl.java:setRole(173)) - a8f70695-1c42-4d96-925b-c3fcf2432bdd@group-BE2ECF6F0D9A: changes role from CANDIDATE to FOLLOWER at term 4 for DISCOVERED_A_NEW_TERM
2019-11-15 13:02:00,160 [a8f70695-1c42-4d96-925b-c3fcf2432bdd@group-BE2ECF6F0D9A-LeaderElection65] INFO  impl.RoleInfo (RoleInfo.java:shutdownLeaderElection(134)) - a8f70695-1c42-4d96-925b-c3fcf2432bdd: shutdown LeaderElection
2019-11-15 13:02:00,160 [a8f70695-1c42-4d96-925b-c3fcf2432bdd@group-BE2ECF6F0D9A-LeaderElection65] INFO  impl.RoleInfo (RoleInfo.java:updateAndGet(143)) - a8f70695-1c42-4d96-925b-c3fcf2432bdd: start FollowerState
2019-11-15 13:02:04,772 [Thread-3499] INFO  ozoneimpl.OzoneContainer (OzoneContainer.java:stop(244)) - Attempting to stop container services.
2019-11-15 13:02:04,779 [Thread-3499] INFO  impl.RaftServerProxy (RaftServerProxy.java:lambda$close$4(314)) - a8f70695-1c42-4d96-925b-c3fcf2432bdd: close
2019-11-15 13:02:04,780 [Thread-3499] INFO  impl.RaftServerImpl (RaftServerImpl.java:lambda$shutdown$3(250)) - a8f70695-1c42-4d96-925b-c3fcf2432bdd@group-FED5A775D979: shutdown
2019-11-15 13:02:04,780 [ForkJoinPool.commonPool-worker-1] INFO  impl.RaftServerImpl (RaftServerImpl.java:lambda$shutdown$3(250)) - a8f70695-1c42-4d96-925b-c3fcf2432bdd@group-BE2ECF6F0D9A: shutdown
2019-11-15 13:02:04,780 [Thread-3499] INFO  util.JmxRegister (JmxRegister.java:unregister(73)) - Successfully un-registered JMX Bean with object name Ratis:service=RaftServer,group=group-FED5A775D979,id=a8f70695-1c42-4d96-925b-c3fcf2432bdd
2019-11-15 13:02:04,781 [ForkJoinPool.commonPool-worker-1] INFO  util.JmxRegister (JmxRegister.java:unregister(73)) - Successfully un-registered JMX Bean with object name Ratis:service=RaftServer,group=group-BE2ECF6F0D9A,id=a8f70695-1c42-4d96-925b-c3fcf2432bdd
2019-11-15 13:02:04,781 [Thread-3499] INFO  impl.RoleInfo (RoleInfo.java:shutdownLeaderState(104)) - a8f70695-1c42-4d96-925b-c3fcf2432bdd: shutdown LeaderState
2019-11-15 13:02:04,781 [ForkJoinPool.commonPool-worker-1] INFO  impl.RoleInfo (RoleInfo.java:shutdownFollowerState(121)) - a8f70695-1c42-4d96-925b-c3fcf2432bdd: shutdown FollowerState
2019-11-15 13:02:04,781 [Thread-3499] INFO  impl.PendingRequests (PendingRequests.java:sendNotLeaderResponses(206)) - a8f70695-1c42-4d96-925b-c3fcf2432bdd@group-FED5A775D979-PendingRequests: sendNotLeaderResponses
2019-11-15 13:02:04,781 [ForkJoinPool.commonPool-worker-1] INFO  impl.StateMachineUpdater (StateMachineUpdater.java:stopAndJoin(136)) - a8f70695-1c42-4d96-925b-c3fcf2432bdd@group-BE2ECF6F0D9A-StateMachineUpdater: set stopIndex = -1
2019-11-15 13:02:04,782 [Thread-3921] INFO  impl.FollowerState (FollowerState.java:run(120)) - a8f70695-1c42-4d96-925b-c3fcf2432bdd@group-BE2ECF6F0D9A-FollowerState was interrupted: java.lang.InterruptedException: sleep interrupted
2019-11-15 13:02:04,782 [ForkJoinPool.commonPool-worker-1] INFO  impl.RaftServerImpl (ServerState.java:close(387)) - a8f70695-1c42-4d96-925b-c3fcf2432bdd@group-BE2ECF6F0D9A: closes. applyIndex: -1
2019-11-15 13:02:04,782 [Thread-3499] INFO  impl.StateMachineUpdater (StateMachineUpdater.java:stopAndJoin(136)) - a8f70695-1c42-4d96-925b-c3fcf2432bdd@group-FED5A775D979-StateMachineUpdater: set stopIndex = 0
2019-11-15 13:02:04,792 [a8f70695-1c42-4d96-925b-c3fcf2432bdd@group-BE2ECF6F0D9A-SegmentedRaftLogWorker] INFO  segmented.SegmentedRaftLogWorker (SegmentedRaftLogWorker.java:run(316)) - a8f70695-1c42-4d96-925b-c3fcf2432bdd@group-BE2ECF6F0D9A-SegmentedRaftLogWorker was interrupted, exiting. There are 0 tasks remaining in the queue.
2019-11-15 13:02:04,792 [Thread-3499] INFO  impl.RaftServerImpl (ServerState.java:close(387)) - a8f70695-1c42-4d96-925b-c3fcf2432bdd@group-FED5A775D979: closes. applyIndex: 0
2019-11-15 13:02:04,793 [a8f70695-1c42-4d96-925b-c3fcf2432bdd@group-FED5A775D979-SegmentedRaftLogWorker] INFO  segmented.SegmentedRaftLogWorker (SegmentedRaftLogWorker.java:run(316)) - a8f70695-1c42-4d96-925b-c3fcf2432bdd@group-FED5A775D979-SegmentedRaftLogWorker was interrupted, exiting. There are 0 tasks remaining in the queue.
2019-11-15 13:02:04,793 [ForkJoinPool.commonPool-worker-1] INFO  segmented.SegmentedRaftLogWorker (SegmentedRaftLogWorker.java:close(224)) - a8f70695-1c42-4d96-925b-c3fcf2432bdd@group-BE2ECF6F0D9A-SegmentedRaftLogWorker close()
2019-11-15 13:02:04,795 [Thread-3499] INFO  segmented.SegmentedRaftLogWorker (SegmentedRaftLogWorker.java:close(224)) - a8f70695-1c42-4d96-925b-c3fcf2432bdd@group-FED5A775D979-SegmentedRaftLogWorker close()
2019-11-15 13:02:04,797 [Thread-3499] INFO  server.GrpcService (GrpcService.java:closeImpl(164)) - a8f70695-1c42-4d96-925b-c3fcf2432bdd: shutdown server with port 36381 now
2019-11-15 13:02:04,801 [Thread-3499] INFO  server.GrpcService (GrpcService.java:closeImpl(172)) - a8f70695-1c42-4d96-925b-c3fcf2432bdd: shutdown server with port 36381 successfully
2019-11-15 13:02:04,810 [refreshUsed-/workdir/hadoop-ozone/integration-test/target/test-dir/MiniOzoneClusterImpl-8dc4e64a-e7f2-467c-840f-7d8b418ee89f/datanode-2/data/containers] WARN  fs.CachingGetSpaceUsed (CachingGetSpaceUsed.java:run(183)) - Thread Interrupted waiting to refresh disk information: sleep interrupted
2019-11-15 13:02:04,832 [Thread-3499] INFO  utils.BackgroundService (BackgroundService.java:shutdown(151)) - Shutting down service BlockDeletingService
2019-11-15 13:02:04,836 [Thread-3499] INFO  statemachine.DatanodeStateMachine (DatanodeStateMachine.java:stopDaemon(411)) - Ozone container server stopped.
2019-11-15 13:02:04,838 [Thread-3499] INFO  handler.ContextHandler (ContextHandler.java:doStop(910)) - Stopped o.e.j.w.WebAppContext@6b62c18{/,null,UNAVAILABLE}{/hddsDatanode}
2019-11-15 13:02:04,841 [Thread-3499] INFO  server.AbstractConnector (AbstractConnector.java:doStop(318)) - Stopped ServerConnector@43848086{HTTP/1.1,[http/1.1]}{0.0.0.0:0}
2019-11-15 13:02:04,841 [Thread-3499] INFO  handler.ContextHandler (ContextHandler.java:doStop(910)) - Stopped o.e.j.s.ServletContextHandler@356dfdc3{/static,jar:file:/home/user/.m2/repository/org/apache/hadoop/hadoop-hdds-container-service/0.5.0-SNAPSHOT/hadoop-hdds-container-service-0.5.0-SNAPSHOT.jar!/webapps/static,UNAVAILABLE}
2019-11-15 13:02:04,842 [Thread-3499] INFO  handler.ContextHandler (ContextHandler.java:doStop(910)) - Stopped o.e.j.s.ServletContextHandler@34887386{/logs,file:///workdir/hadoop-ozone/integration-test/target/log,UNAVAILABLE}
2019-11-15 13:02:04,843 [Thread-3499] INFO  ozone.MiniOzoneClusterImpl (MiniOzoneClusterImpl.java:stopSCM(412)) - Stopping the StorageContainerManager
2019-11-15 13:02:04,843 [Thread-3499] INFO  server.StorageContainerManager (StorageContainerManager.java:stop(803)) - Stopping Replication Manager Service.
2019-11-15 13:02:04,843 [Thread-3499] INFO  container.ReplicationManager (ReplicationManager.java:stop(203)) - Stopping Replication Monitor Thread.
2019-11-15 13:02:04,844 [Thread-3499] INFO  server.StorageContainerManager (StorageContainerManager.java:stop(810)) - Stopping Lease Manager of the command watchers
2019-11-15 13:02:04,844 [Thread-3499] INFO  server.StorageContainerManager (StorageContainerManager.java:stop(817)) - Stopping datanode service RPC server
2019-11-15 13:02:04,844 [Thread-3499] INFO  server.SCMDatanodeProtocolServer (SCMDatanodeProtocolServer.java:stop(366)) - Stopping the RPC server for DataNodes
2019-11-15 13:02:04,844 [Thread-3499] INFO  ipc.Server (Server.java:stop(3082)) - Stopping server on 42401
2019-11-15 13:02:04,847 [IPC Server listener on 42401] INFO  ipc.Server (Server.java:run(1185)) - Stopping IPC Server listener on 42401
2019-11-15 13:02:04,848 [IPC Server Responder] INFO  ipc.Server (Server.java:run(1319)) - Stopping IPC Server Responder
2019-11-15 13:02:04,891 [SCM Heartbeat Processing Thread - 0] WARN  node.NodeStateManager (NodeStateManager.java:scheduleNextHealthCheck(646)) - Current Thread is interrupted, shutting down HB processing thread for Node Manager.
2019-11-15 13:02:04,892 [Thread-3499] INFO  server.StorageContainerManager (StorageContainerManager.java:stop(825)) - Stopping block service RPC server
2019-11-15 13:02:04,892 [Thread-3499] INFO  server.SCMBlockProtocolServer (SCMBlockProtocolServer.java:stop(155)) - Stopping the RPC server for Block Protocol
2019-11-15 13:02:04,892 [Thread-3499] INFO  ipc.Server (Server.java:stop(3082)) - Stopping server on 34819
2019-11-15 13:02:04,896 [IPC Server listener on 34819] INFO  ipc.Server (Server.java:run(1185)) - Stopping IPC Server listener on 34819
2019-11-15 13:02:04,896 [Thread-3499] INFO  server.StorageContainerManager (StorageContainerManager.java:stop(832)) - Stopping the StorageContainerLocationProtocol RPC server
2019-11-15 13:02:04,896 [IPC Server Responder] INFO  ipc.Server (Server.java:run(1319)) - Stopping IPC Server Responder
2019-11-15 13:02:04,896 [Thread-3499] INFO  server.SCMClientProtocolServer (SCMClientProtocolServer.java:stop(169)) - Stopping the RPC server for Client Protocol
2019-11-15 13:02:04,897 [Thread-3499] INFO  ipc.Server (Server.java:stop(3082)) - Stopping server on 33174
2019-11-15 13:02:04,900 [IPC Server listener on 33174] INFO  ipc.Server (Server.java:run(1185)) - Stopping IPC Server listener on 33174
2019-11-15 13:02:04,900 [Thread-3499] INFO  server.StorageContainerManager (StorageContainerManager.java:stop(839)) - Stopping Storage Container Manager HTTP server.
2019-11-15 13:02:04,901 [IPC Server Responder] INFO  ipc.Server (Server.java:run(1319)) - Stopping IPC Server Responder
2019-11-15 13:02:04,903 [Thread-3499] INFO  handler.ContextHandler (ContextHandler.java:doStop(910)) - Stopped o.e.j.w.WebAppContext@3c9e49f0{/,null,UNAVAILABLE}{/scm}
2019-11-15 13:02:04,903 [Thread-3499] INFO  server.AbstractConnector (AbstractConnector.java:doStop(318)) - Stopped ServerConnector@43da36c6{HTTP/1.1,[http/1.1]}{0.0.0.0:0}
2019-11-15 13:02:04,904 [Thread-3499] INFO  handler.ContextHandler (ContextHandler.java:doStop(910)) - Stopped o.e.j.s.ServletContextHandler@4082c973{/static,file:///workdir/hadoop-ozone/integration-test/target/test-classes/webapps/static,UNAVAILABLE}
2019-11-15 13:02:04,904 [Thread-3499] INFO  handler.ContextHandler (ContextHandler.java:doStop(910)) - Stopped o.e.j.s.ServletContextHandler@73de124f{/logs,file:///workdir/hadoop-ozone/integration-test/target/log,UNAVAILABLE}
2019-11-15 13:02:04,905 [Thread-3499] INFO  server.StorageContainerManager (StorageContainerManager.java:stop(850)) - Stopping Block Manager Service.
2019-11-15 13:02:04,906 [Thread-3499] INFO  utils.BackgroundService (BackgroundService.java:shutdown(151)) - Shutting down service SCMBlockDeletingService
2019-11-15 13:02:04,906 [Thread-3499] INFO  utils.BackgroundService (BackgroundService.java:shutdown(151)) - Shutting down service SCMBlockDeletingService
2019-11-15 13:02:04,907 [Thread-3499] INFO  server.StorageContainerManager (StorageContainerManager.java:stop(872)) - Stopping SCM Event Queue.
2019-11-15 13:02:04,915 [Thread-3499] INFO  impl.MetricsSystemImpl (MetricsSystemImpl.java:stop(210)) - Stopping HddsDatanode metrics system...
2019-11-15 13:02:04,932 [Thread-3499] INFO  impl.MetricsSystemImpl (MetricsSystemImpl.java:stop(216)) - HddsDatanode metrics system stopped.
]]></system-out>
    <system-err><![CDATA[Nov 15, 2019 1:01:54 PM org.apache.ratis.thirdparty.io.grpc.internal.SerializingExecutor run
SEVERE: Exception while executing runnable org.apache.ratis.thirdparty.io.grpc.internal.ServerImpl$JumpToApplicationThreadServerStreamListener$1Closed@260feea1
org.apache.ratis.thirdparty.io.grpc.StatusRuntimeException: CANCELLED: call already cancelled
	at org.apache.ratis.thirdparty.io.grpc.Status.asRuntimeException(Status.java:517)
	at org.apache.ratis.thirdparty.io.grpc.stub.ServerCalls$ServerCallStreamObserverImpl.onCompleted(ServerCalls.java:356)
	at org.apache.ratis.grpc.server.GrpcServerProtocolService$ServerRequestStreamObserver.onError(GrpcServerProtocolService.java:121)
	at org.apache.ratis.thirdparty.io.grpc.stub.ServerCalls$StreamingServerCallHandler$StreamingServerCallListener.onCancel(ServerCalls.java:269)
	at org.apache.ratis.thirdparty.io.grpc.internal.ServerCallImpl$ServerStreamListenerImpl.closed(ServerCallImpl.java:293)
	at org.apache.ratis.thirdparty.io.grpc.internal.ServerImpl$JumpToApplicationThreadServerStreamListener$1Closed.runInContext(ServerImpl.java:741)
	at org.apache.ratis.thirdparty.io.grpc.internal.ContextRunnable.run(ContextRunnable.java:37)
	at org.apache.ratis.thirdparty.io.grpc.internal.SerializingExecutor.run(SerializingExecutor.java:123)
	at java.util.concurrent.ThreadPoolExecutor.runWorker(ThreadPoolExecutor.java:1149)
	at java.util.concurrent.ThreadPoolExecutor$Worker.run(ThreadPoolExecutor.java:624)
	at java.lang.Thread.run(Thread.java:748)

]]></system-err>
  </testcase>
  <testcase name="testAllOMNodesRunning" classname="org.apache.hadoop.ozone.om.TestOzoneManagerHA" time="27.066"/>
  <testcase name="testListParts" classname="org.apache.hadoop.ozone.om.TestOzoneManagerHA" time="32.699"/>
  <testcase name="testRemoveBucketAcl" classname="org.apache.hadoop.ozone.om.TestOzoneManagerHA" time="27.124"/>
  <testcase name="testAddPrefixAcl" classname="org.apache.hadoop.ozone.om.TestOzoneManagerHA" time="26.654"/>
  <testcase name="testReadRequest" classname="org.apache.hadoop.ozone.om.TestOzoneManagerHA" time="27.116"/>
  <testcase name="testRemoveKeyAcl" classname="org.apache.hadoop.ozone.om.TestOzoneManagerHA" time="28.132"/>
  <testcase name="testAllVolumeOperations" classname="org.apache.hadoop.ozone.om.TestOzoneManagerHA" time="27.469"/>
  <testcase name="testSetBucketAcl" classname="org.apache.hadoop.ozone.om.TestOzoneManagerHA" time="37.736"/>
  <testcase name="testListVolumes" classname="org.apache.hadoop.ozone.om.TestOzoneManagerHA" time="33.052"/>
  <testcase name="testAddKeyAcl" classname="org.apache.hadoop.ozone.om.TestOzoneManagerHA" time="28.041"/>
  <testcase name="testFileOperationsWithNonRecursive" classname="org.apache.hadoop.ozone.om.TestOzoneManagerHA" time="34.597"/>
  <testcase name="testOMProxyProviderInitialization" classname="org.apache.hadoop.ozone.om.TestOzoneManagerHA" time="28.062"/>
  <testcase name="testRemovePrefixAcl" classname="org.apache.hadoop.ozone.om.TestOzoneManagerHA" time="28.371"/>
  <testcase name="testOneOMNodeDown" classname="org.apache.hadoop.ozone.om.TestOzoneManagerHA" time="32.359"/>
  <testcase name="testSetKeyAcl" classname="org.apache.hadoop.ozone.om.TestOzoneManagerHA" time="28.674"/>
  <testcase name="testTwoOMNodesDown" classname="org.apache.hadoop.ozone.om.TestOzoneManagerHA" time="40.156"/>
  <testcase name="testSetPrefixAcl" classname="org.apache.hadoop.ozone.om.TestOzoneManagerHA" time="28.656"/>
  <testcase name="testOMRestart" classname="org.apache.hadoop.ozone.om.TestOzoneManagerHA" time="36.039"/>
</testsuite>