<?xml version="1.0" encoding="UTF-8"?>
<testsuite xmlns:xsi="http://www.w3.org/2001/XMLSchema-instance" xsi:noNamespaceSchemaLocation="https://maven.apache.org/surefire/maven-surefire-plugin/xsd/surefire-test-report.xsd" name="org.apache.hadoop.ozone.client.rpc.TestFailureHandlingByClient" time="373.41" tests="5" errors="1" skipped="0" failures="0">
  <properties>
    <property name="awt.toolkit" value="sun.awt.X11.XToolkit"/>
    <property name="file.encoding.pkg" value="sun.io"/>
    <property name="java.specification.version" value="1.8"/>
    <property name="sun.cpu.isalist" value=""/>
    <property name="sun.jnu.encoding" value="ANSI_X3.4-1968"/>
    <property name="java.class.path" value="/workdir/hadoop-ozone/integration-test/target/test-classes:/workdir/hadoop-ozone/integration-test/target/classes:/home/user/.m2/repository/org/apache/hadoop/hadoop-ozone-common/0.5.0-SNAPSHOT/hadoop-ozone-common-0.5.0-SNAPSHOT.jar:/home/user/.m2/repository/org/apache/commons/commons-compress/1.4.1/commons-compress-1.4.1.jar:/home/user/.m2/repository/org/tukaani/xz/1.0/xz-1.0.jar:/home/user/.m2/repository/org/apache/hadoop/hadoop-common/3.2.0/hadoop-common-3.2.0.jar:/home/user/.m2/repository/org/apache/hadoop/hadoop-hdfs/3.2.0/hadoop-hdfs-3.2.0.jar:/home/user/.m2/repository/org/apache/hadoop/hadoop-hdfs-client/3.2.0/hadoop-hdfs-client-3.2.0.jar:/home/user/.m2/repository/com/fasterxml/jackson/core/jackson-annotations/2.9.9/jackson-annotations-2.9.9.jar:/home/user/.m2/repository/org/apache/hadoop/hadoop-hdds-common/0.5.0-SNAPSHOT/hadoop-hdds-common-0.5.0-SNAPSHOT.jar:/home/user/.m2/repository/javax/annotation/javax.annotation-api/1.2/javax.annotation-api-1.2.jar:/home/user/.m2/repository/org/apache/ratis/ratis-server/0.5.0-d6d58d0-SNAPSHOT/ratis-server-0.5.0-d6d58d0-SNAPSHOT.jar:/home/user/.m2/repository/org/apache/ratis/ratis-thirdparty-misc/0.2.0/ratis-thirdparty-misc-0.2.0.jar:/home/user/.m2/repository/org/apache/ratis/ratis-proto/0.5.0-d6d58d0-SNAPSHOT/ratis-proto-0.5.0-d6d58d0-SNAPSHOT.jar:/home/user/.m2/repository/org/apache/ratis/ratis-common/0.5.0-d6d58d0-SNAPSHOT/ratis-common-0.5.0-d6d58d0-SNAPSHOT.jar:/home/user/.m2/repository/org/apache/ratis/ratis-client/0.5.0-d6d58d0-SNAPSHOT/ratis-client-0.5.0-d6d58d0-SNAPSHOT.jar:/home/user/.m2/repository/org/apache/ratis/ratis-metrics/0.5.0-d6d58d0-SNAPSHOT/ratis-metrics-0.5.0-d6d58d0-SNAPSHOT.jar:/home/user/.m2/repository/org/apache/ratis/ratis-netty/0.5.0-d6d58d0-SNAPSHOT/ratis-netty-0.5.0-d6d58d0-SNAPSHOT.jar:/home/user/.m2/repository/org/apache/ratis/ratis-grpc/0.5.0-d6d58d0-SNAPSHOT/ratis-grpc-0.5.0-d6d58d0-SNAPSHOT.jar:/home/user/.m2/repository/org/rocksdb/rocksdbjni/6.0.1/rocksdbjni-6.0.1.jar:/home/user/.m2/repository/org/apache/logging/log4j/log4j-api/2.11.0/log4j-api-2.11.0.jar:/home/user/.m2/repository/org/apache/logging/log4j/log4j-core/2.11.0/log4j-core-2.11.0.jar:/home/user/.m2/repository/com/lmax/disruptor/3.4.2/disruptor-3.4.2.jar:/home/user/.m2/repository/org/apache/commons/commons-pool2/2.6.0/commons-pool2-2.6.0.jar:/home/user/.m2/repository/org/bouncycastle/bcpkix-jdk15on/1.60/bcpkix-jdk15on-1.60.jar:/home/user/.m2/repository/commons-validator/commons-validator/1.6/commons-validator-1.6.jar:/home/user/.m2/repository/commons-digester/commons-digester/1.8.1/commons-digester-1.8.1.jar:/home/user/.m2/repository/io/jaegertracing/jaeger-client/0.34.0/jaeger-client-0.34.0.jar:/home/user/.m2/repository/io/jaegertracing/jaeger-thrift/0.34.0/jaeger-thrift-0.34.0.jar:/home/user/.m2/repository/org/apache/thrift/libthrift/0.12.0/libthrift-0.12.0.jar:/home/user/.m2/repository/com/squareup/okhttp3/okhttp/3.9.0/okhttp-3.9.0.jar:/home/user/.m2/repository/com/squareup/okio/okio/1.13.0/okio-1.13.0.jar:/home/user/.m2/repository/io/jaegertracing/jaeger-core/0.34.0/jaeger-core-0.34.0.jar:/home/user/.m2/repository/io/jaegertracing/jaeger-tracerresolver/0.34.0/jaeger-tracerresolver-0.34.0.jar:/home/user/.m2/repository/io/opentracing/contrib/opentracing-tracerresolver/0.1.5/opentracing-tracerresolver-0.1.5.jar:/home/user/.m2/repository/io/opentracing/opentracing-util/0.31.0/opentracing-util-0.31.0.jar:/home/user/.m2/repository/io/opentracing/opentracing-api/0.31.0/opentracing-api-0.31.0.jar:/home/user/.m2/repository/io/opentracing/opentracing-noop/0.31.0/opentracing-noop-0.31.0.jar:/home/user/.m2/repository/org/apache/hadoop/hadoop-hdds-server-framework/0.5.0-SNAPSHOT/hadoop-hdds-server-framework-0.5.0-SNAPSHOT.jar:/home/user/.m2/repository/org/apache/hadoop/hadoop-hdds-container-service/0.5.0-SNAPSHOT/hadoop-hdds-container-service-0.5.0-SNAPSHOT.jar:/home/user/.m2/repository/org/apache/hadoop/hadoop-hdds-client/0.5.0-SNAPSHOT/hadoop-hdds-client-0.5.0-SNAPSHOT.jar:/home/user/.m2/repository/org/apache/hadoop/hadoop-hdds-tools/0.5.0-SNAPSHOT/hadoop-hdds-tools-0.5.0-SNAPSHOT.jar:/home/user/.m2/repository/org/apache/hadoop/hadoop-hdds-server-scm/0.5.0-SNAPSHOT/hadoop-hdds-server-scm-0.5.0-SNAPSHOT.jar:/home/user/.m2/repository/org/apache/hadoop/hadoop-hdds-docs/0.5.0-SNAPSHOT/hadoop-hdds-docs-0.5.0-SNAPSHOT.jar:/home/user/.m2/repository/io/dropwizard/metrics/metrics-core/3.2.4/metrics-core-3.2.4.jar:/home/user/.m2/repository/org/hamcrest/hamcrest-all/1.3/hamcrest-all-1.3.jar:/home/user/.m2/repository/org/bouncycastle/bcprov-jdk15on/1.60/bcprov-jdk15on-1.60.jar:/home/user/.m2/repository/info/picocli/picocli/3.9.6/picocli-3.9.6.jar:/home/user/.m2/repository/com/google/protobuf/protobuf-java/2.5.0/protobuf-java-2.5.0.jar:/home/user/.m2/repository/com/google/guava/guava/11.0.2/guava-11.0.2.jar:/home/user/.m2/repository/org/apache/hadoop/hadoop-ozone-ozone-manager/0.5.0-SNAPSHOT/hadoop-ozone-ozone-manager-0.5.0-SNAPSHOT.jar:/home/user/.m2/repository/org/apache/hadoop/hadoop-minikdc/3.2.0/hadoop-minikdc-3.2.0.jar:/home/user/.m2/repository/commons-io/commons-io/2.5/commons-io-2.5.jar:/home/user/.m2/repository/org/apache/kerby/kerb-simplekdc/1.0.1/kerb-simplekdc-1.0.1.jar:/home/user/.m2/repository/org/apache/kerby/kerb-client/1.0.1/kerb-client-1.0.1.jar:/home/user/.m2/repository/org/apache/kerby/kerby-config/1.0.1/kerby-config-1.0.1.jar:/home/user/.m2/repository/org/apache/kerby/kerb-core/1.0.1/kerb-core-1.0.1.jar:/home/user/.m2/repository/org/apache/kerby/kerby-pkix/1.0.1/kerby-pkix-1.0.1.jar:/home/user/.m2/repository/org/apache/kerby/kerby-asn1/1.0.1/kerby-asn1-1.0.1.jar:/home/user/.m2/repository/org/apache/kerby/kerby-util/1.0.1/kerby-util-1.0.1.jar:/home/user/.m2/repository/org/apache/kerby/kerb-common/1.0.1/kerb-common-1.0.1.jar:/home/user/.m2/repository/org/apache/kerby/kerb-crypto/1.0.1/kerb-crypto-1.0.1.jar:/home/user/.m2/repository/org/apache/kerby/kerb-util/1.0.1/kerb-util-1.0.1.jar:/home/user/.m2/repository/org/apache/kerby/token-provider/1.0.1/token-provider-1.0.1.jar:/home/user/.m2/repository/org/apache/kerby/kerb-admin/1.0.1/kerb-admin-1.0.1.jar:/home/user/.m2/repository/org/apache/kerby/kerb-server/1.0.1/kerb-server-1.0.1.jar:/home/user/.m2/repository/org/apache/kerby/kerb-identity/1.0.1/kerb-identity-1.0.1.jar:/home/user/.m2/repository/org/apache/kerby/kerby-xdr/1.0.1/kerby-xdr-1.0.1.jar:/home/user/.m2/repository/org/slf4j/slf4j-log4j12/1.7.25/slf4j-log4j12-1.7.25.jar:/home/user/.m2/repository/org/apache/hadoop/hadoop-ozone-s3gateway/0.5.0-SNAPSHOT/hadoop-ozone-s3gateway-0.5.0-SNAPSHOT.jar:/home/user/.m2/repository/org/jboss/weld/servlet/weld-servlet/2.4.7.Final/weld-servlet-2.4.7.Final.jar:/home/user/.m2/repository/org/glassfish/jersey/containers/jersey-container-servlet-core/2.27/jersey-container-servlet-core-2.27.jar:/home/user/.m2/repository/org/glassfish/hk2/external/javax.inject/2.5.0-b42/javax.inject-2.5.0-b42.jar:/home/user/.m2/repository/org/glassfish/jersey/core/jersey-common/2.27/jersey-common-2.27.jar:/home/user/.m2/repository/org/glassfish/hk2/osgi-resource-locator/1.0.1/osgi-resource-locator-1.0.1.jar:/home/user/.m2/repository/javax/ws/rs/javax.ws.rs-api/2.1/javax.ws.rs-api-2.1.jar:/home/user/.m2/repository/org/glassfish/jersey/ext/cdi/jersey-cdi1x/2.27/jersey-cdi1x-2.27.jar:/home/user/.m2/repository/org/glassfish/jersey/inject/jersey-hk2/2.27/jersey-hk2-2.27.jar:/home/user/.m2/repository/org/glassfish/hk2/hk2-locator/2.5.0-b42/hk2-locator-2.5.0-b42.jar:/home/user/.m2/repository/org/javassist/javassist/3.22.0-CR2/javassist-3.22.0-CR2.jar:/home/user/.m2/repository/org/glassfish/hk2/hk2-api/2.5.0/hk2-api-2.5.0.jar:/home/user/.m2/repository/org/glassfish/hk2/external/jakarta.inject/2.5.0/jakarta.inject-2.5.0.jar:/home/user/.m2/repository/org/glassfish/hk2/hk2-utils/2.5.0/hk2-utils-2.5.0.jar:/home/user/.m2/repository/jakarta/annotation/jakarta.annotation-api/1.3.4/jakarta.annotation-api-1.3.4.jar:/home/user/.m2/repository/org/glassfish/hk2/external/aopalliance-repackaged/2.5.0/aopalliance-repackaged-2.5.0.jar:/home/user/.m2/repository/com/fasterxml/jackson/dataformat/jackson-dataformat-xml/2.9.0/jackson-dataformat-xml-2.9.0.jar:/home/user/.m2/repository/com/fasterxml/jackson/core/jackson-core/2.9.9/jackson-core-2.9.9.jar:/home/user/.m2/repository/com/fasterxml/jackson/module/jackson-module-jaxb-annotations/2.9.9/jackson-module-jaxb-annotations-2.9.9.jar:/home/user/.m2/repository/javax/enterprise/cdi-api/1.2/cdi-api-1.2.jar:/home/user/.m2/repository/javax/el/javax.el-api/3.0.0/javax.el-api-3.0.0.jar:/home/user/.m2/repository/javax/interceptor/javax.interceptor-api/1.2/javax.interceptor-api-1.2.jar:/home/user/.m2/repository/javax/inject/javax.inject/1/javax.inject-1.jar:/home/user/.m2/repository/com/sun/xml/bind/jaxb-impl/2.3.0.1/jaxb-impl-2.3.0.1.jar:/home/user/.m2/repository/com/sun/xml/bind/jaxb-core/2.3.0.1/jaxb-core-2.3.0.1.jar:/home/user/.m2/repository/javax/xml/bind/jaxb-api/2.3.0/jaxb-api-2.3.0.jar:/home/user/.m2/repository/javax/activation/activation/1.1.1/activation-1.1.1.jar:/home/user/.m2/repository/org/apache/hadoop/hadoop-ozone-csi/0.5.0-SNAPSHOT/hadoop-ozone-csi-0.5.0-SNAPSHOT.jar:/home/user/.m2/repository/com/google/protobuf/protobuf-java-util/3.5.1/protobuf-java-util-3.5.1.jar:/home/user/.m2/repository/org/apache/hadoop/hadoop-hdds-config/0.5.0-SNAPSHOT/hadoop-hdds-config-0.5.0-SNAPSHOT.jar:/home/user/.m2/repository/io/grpc/grpc-netty/1.17.1/grpc-netty-1.17.1.jar:/home/user/.m2/repository/io/grpc/grpc-core/1.17.1/grpc-core-1.17.1.jar:/home/user/.m2/repository/io/grpc/grpc-context/1.17.1/grpc-context-1.17.1.jar:/home/user/.m2/repository/com/google/errorprone/error_prone_annotations/2.2.0/error_prone_annotations-2.2.0.jar:/home/user/.m2/repository/org/codehaus/mojo/animal-sniffer-annotations/1.17/animal-sniffer-annotations-1.17.jar:/home/user/.m2/repository/io/opencensus/opencensus-api/0.17.0/opencensus-api-0.17.0.jar:/home/user/.m2/repository/io/opencensus/opencensus-contrib-grpc-metrics/0.17.0/opencensus-contrib-grpc-metrics-0.17.0.jar:/home/user/.m2/repository/io/netty/netty-codec-http2/4.1.30.Final/netty-codec-http2-4.1.30.Final.jar:/home/user/.m2/repository/io/netty/netty-codec-http/4.1.30.Final/netty-codec-http-4.1.30.Final.jar:/home/user/.m2/repository/io/netty/netty-codec/4.1.30.Final/netty-codec-4.1.30.Final.jar:/home/user/.m2/repository/io/netty/netty-handler/4.1.30.Final/netty-handler-4.1.30.Final.jar:/home/user/.m2/repository/io/netty/netty-handler-proxy/4.1.30.Final/netty-handler-proxy-4.1.30.Final.jar:/home/user/.m2/repository/io/netty/netty-codec-socks/4.1.30.Final/netty-codec-socks-4.1.30.Final.jar:/home/user/.m2/repository/io/netty/netty-transport-native-epoll/4.1.30.Final/netty-transport-native-epoll-4.1.30.Final.jar:/home/user/.m2/repository/io/netty/netty-common/4.1.30.Final/netty-common-4.1.30.Final.jar:/home/user/.m2/repository/io/netty/netty-buffer/4.1.30.Final/netty-buffer-4.1.30.Final.jar:/home/user/.m2/repository/io/netty/netty-transport/4.1.30.Final/netty-transport-4.1.30.Final.jar:/home/user/.m2/repository/io/netty/netty-resolver/4.1.30.Final/netty-resolver-4.1.30.Final.jar:/home/user/.m2/repository/io/netty/netty-transport-native-unix-common/4.1.30.Final/netty-transport-native-unix-common-4.1.30.Final.jar:/home/user/.m2/repository/io/grpc/grpc-protobuf/1.17.1/grpc-protobuf-1.17.1.jar:/home/user/.m2/repository/com/google/api/grpc/proto-google-common-protos/1.0.0/proto-google-common-protos-1.0.0.jar:/home/user/.m2/repository/io/grpc/grpc-protobuf-lite/1.17.1/grpc-protobuf-lite-1.17.1.jar:/home/user/.m2/repository/io/grpc/grpc-stub/1.17.1/grpc-stub-1.17.1.jar:/home/user/.m2/repository/org/apache/hadoop/hadoop-ozone-recon/0.5.0-SNAPSHOT/hadoop-ozone-recon-0.5.0-SNAPSHOT.jar:/home/user/.m2/repository/org/apache/hadoop/hadoop-ozone-reconcodegen/0.5.0-SNAPSHOT/hadoop-ozone-reconcodegen-0.5.0-SNAPSHOT.jar:/home/user/.m2/repository/com/google/inject/extensions/guice-multibindings/4.0/guice-multibindings-4.0.jar:/home/user/.m2/repository/com/google/inject/guice/4.0/guice-4.0.jar:/home/user/.m2/repository/aopalliance/aopalliance/1.0/aopalliance-1.0.jar:/home/user/.m2/repository/com/google/inject/extensions/guice-servlet/4.0/guice-servlet-4.0.jar:/home/user/.m2/repository/org/glassfish/jersey/containers/jersey-container-servlet/2.27/jersey-container-servlet-2.27.jar:/home/user/.m2/repository/org/glassfish/hk2/guice-bridge/2.5.0/guice-bridge-2.5.0.jar:/home/user/.m2/repository/org/glassfish/jersey/core/jersey-server/2.27/jersey-server-2.27.jar:/home/user/.m2/repository/org/glassfish/jersey/core/jersey-client/2.27/jersey-client-2.27.jar:/home/user/.m2/repository/org/glassfish/jersey/media/jersey-media-jaxb/2.27/jersey-media-jaxb-2.27.jar:/home/user/.m2/repository/javax/validation/validation-api/1.1.0.Final/validation-api-1.1.0.Final.jar:/home/user/.m2/repository/org/glassfish/jersey/media/jersey-media-json-jackson/2.27/jersey-media-json-jackson-2.27.jar:/home/user/.m2/repository/org/glassfish/jersey/ext/jersey-entity-filtering/2.27/jersey-entity-filtering-2.27.jar:/home/user/.m2/repository/com/google/inject/extensions/guice-assistedinject/4.0/guice-assistedinject-4.0.jar:/home/user/.m2/repository/org/jooq/jooq/3.11.10/jooq-3.11.10.jar:/home/user/.m2/repository/org/jooq/jooq-meta/3.11.10/jooq-meta-3.11.10.jar:/home/user/.m2/repository/org/jooq/jooq-codegen/3.11.10/jooq-codegen-3.11.10.jar:/home/user/.m2/repository/com/jolbox/bonecp/0.8.0.RELEASE/bonecp-0.8.0.RELEASE.jar:/home/user/.m2/repository/org/xerial/sqlite-jdbc/3.25.2/sqlite-jdbc-3.25.2.jar:/home/user/.m2/repository/org/springframework/spring-jdbc/5.1.3.RELEASE/spring-jdbc-5.1.3.RELEASE.jar:/home/user/.m2/repository/org/springframework/spring-beans/5.1.3.RELEASE/spring-beans-5.1.3.RELEASE.jar:/home/user/.m2/repository/org/springframework/spring-core/5.1.3.RELEASE/spring-core-5.1.3.RELEASE.jar:/home/user/.m2/repository/org/springframework/spring-jcl/5.1.3.RELEASE/spring-jcl-5.1.3.RELEASE.jar:/home/user/.m2/repository/org/springframework/spring-tx/5.1.3.RELEASE/spring-tx-5.1.3.RELEASE.jar:/home/user/.m2/repository/org/apache/hadoop/hadoop-ozone-client/0.5.0-SNAPSHOT/hadoop-ozone-client-0.5.0-SNAPSHOT.jar:/home/user/.m2/repository/commons-lang/commons-lang/2.6/commons-lang-2.6.jar:/home/user/.m2/repository/org/apache/hadoop/hadoop-ozone-ozone-manager/0.5.0-SNAPSHOT/hadoop-ozone-ozone-manager-0.5.0-SNAPSHOT-tests.jar:/home/user/.m2/repository/junit/junit/4.11/junit-4.11.jar:/home/user/.m2/repository/org/hamcrest/hamcrest-core/1.3/hamcrest-core-1.3.jar:/home/user/.m2/repository/org/openjdk/jmh/jmh-core/1.19/jmh-core-1.19.jar:/home/user/.m2/repository/net/sf/jopt-simple/jopt-simple/4.6/jopt-simple-4.6.jar:/home/user/.m2/repository/org/apache/commons/commons-math3/3.1.1/commons-math3-3.1.1.jar:/home/user/.m2/repository/org/openjdk/jmh/jmh-generator-annprocess/1.19/jmh-generator-annprocess-1.19.jar:/home/user/.m2/repository/org/mockito/mockito-all/1.8.5/mockito-all-1.8.5.jar:/home/user/.m2/repository/org/apache/hadoop/hadoop-kms/3.2.0/hadoop-kms-3.2.0.jar:/home/user/.m2/repository/org/apache/hadoop/hadoop-auth/3.2.0/hadoop-auth-3.2.0.jar:/home/user/.m2/repository/com/nimbusds/nimbus-jose-jwt/4.41.1/nimbus-jose-jwt-4.41.1.jar:/home/user/.m2/repository/com/github/stephenc/jcip/jcip-annotations/1.0-1/jcip-annotations-1.0-1.jar:/home/user/.m2/repository/net/minidev/json-smart/2.3/json-smart-2.3.jar:/home/user/.m2/repository/net/minidev/accessors-smart/1.2/accessors-smart-1.2.jar:/home/user/.m2/repository/org/ow2/asm/asm/5.0.4/asm-5.0.4.jar:/home/user/.m2/repository/org/apache/curator/curator-framework/2.12.0/curator-framework-2.12.0.jar:/home/user/.m2/repository/com/sun/jersey/jersey-core/1.19/jersey-core-1.19.jar:/home/user/.m2/repository/javax/ws/rs/jsr311-api/1.1.1/jsr311-api-1.1.1.jar:/home/user/.m2/repository/com/sun/jersey/jersey-server/1.19/jersey-server-1.19.jar:/home/user/.m2/repository/javax/servlet/javax.servlet-api/3.1.0/javax.servlet-api-3.1.0.jar:/home/user/.m2/repository/org/eclipse/jetty/jetty-server/9.3.25.v20180904/jetty-server-9.3.25.v20180904.jar:/home/user/.m2/repository/org/eclipse/jetty/jetty-http/9.3.25.v20180904/jetty-http-9.3.25.v20180904.jar:/home/user/.m2/repository/org/eclipse/jetty/jetty-io/9.3.25.v20180904/jetty-io-9.3.25.v20180904.jar:/home/user/.m2/repository/org/eclipse/jetty/jetty-webapp/9.3.25.v20180904/jetty-webapp-9.3.25.v20180904.jar:/home/user/.m2/repository/org/eclipse/jetty/jetty-xml/9.3.25.v20180904/jetty-xml-9.3.25.v20180904.jar:/home/user/.m2/repository/log4j/log4j/1.2.17/log4j-1.2.17.jar:/home/user/.m2/repository/org/slf4j/slf4j-api/1.7.25/slf4j-api-1.7.25.jar:/home/user/.m2/repository/org/slf4j/jul-to-slf4j/1.7.25/jul-to-slf4j-1.7.25.jar:/home/user/.m2/repository/org/eclipse/jetty/jetty-util/9.3.25.v20180904/jetty-util-9.3.25.v20180904.jar:/home/user/.m2/repository/com/fasterxml/jackson/core/jackson-databind/2.9.9/jackson-databind-2.9.9.jar:/home/user/.m2/repository/org/apache/hadoop/hadoop-kms/3.2.0/hadoop-kms-3.2.0-tests.jar:/home/user/.m2/repository/org/apache/hadoop/hadoop-hdds-server-scm/0.5.0-SNAPSHOT/hadoop-hdds-server-scm-0.5.0-SNAPSHOT-tests.jar:/home/user/.m2/repository/org/apache/hadoop/hadoop-hdds-container-service/0.5.0-SNAPSHOT/hadoop-hdds-container-service-0.5.0-SNAPSHOT-tests.jar:/home/user/.m2/repository/org/yaml/snakeyaml/1.16/snakeyaml-1.16.jar:/home/user/.m2/repository/org/apache/hadoop/hadoop-common/3.2.0/hadoop-common-3.2.0-tests.jar:/home/user/.m2/repository/org/apache/hadoop/hadoop-annotations/3.2.0/hadoop-annotations-3.2.0.jar:/usr/lib/jvm/java-1.8.0-openjdk-1.8.0.222.b10-1.el7_7.x86_64/jre/../lib/tools.jar:/home/user/.m2/repository/commons-cli/commons-cli/1.2/commons-cli-1.2.jar:/home/user/.m2/repository/org/apache/httpcomponents/httpclient/4.5.2/httpclient-4.5.2.jar:/home/user/.m2/repository/org/apache/httpcomponents/httpcore/4.4.4/httpcore-4.4.4.jar:/home/user/.m2/repository/commons-codec/commons-codec/1.11/commons-codec-1.11.jar:/home/user/.m2/repository/commons-net/commons-net/3.6/commons-net-3.6.jar:/home/user/.m2/repository/commons-collections/commons-collections/3.2.2/commons-collections-3.2.2.jar:/home/user/.m2/repository/org/eclipse/jetty/jetty-servlet/9.3.25.v20180904/jetty-servlet-9.3.25.v20180904.jar:/home/user/.m2/repository/org/eclipse/jetty/jetty-security/9.3.25.v20180904/jetty-security-9.3.25.v20180904.jar:/home/user/.m2/repository/javax/servlet/jsp/jsp-api/2.1/jsp-api-2.1.jar:/home/user/.m2/repository/com/sun/jersey/jersey-servlet/1.19/jersey-servlet-1.19.jar:/home/user/.m2/repository/com/sun/jersey/jersey-json/1.19/jersey-json-1.19.jar:/home/user/.m2/repository/org/codehaus/jettison/jettison/1.1/jettison-1.1.jar:/home/user/.m2/repository/org/codehaus/jackson/jackson-core-asl/1.9.13/jackson-core-asl-1.9.13.jar:/home/user/.m2/repository/org/codehaus/jackson/jackson-mapper-asl/1.9.13/jackson-mapper-asl-1.9.13.jar:/home/user/.m2/repository/org/codehaus/jackson/jackson-jaxrs/1.9.13/jackson-jaxrs-1.9.13.jar:/home/user/.m2/repository/org/codehaus/jackson/jackson-xc/1.9.13/jackson-xc-1.9.13.jar:/home/user/.m2/repository/commons-logging/commons-logging/1.1.3/commons-logging-1.1.3.jar:/home/user/.m2/repository/commons-beanutils/commons-beanutils/1.9.4/commons-beanutils-1.9.4.jar:/home/user/.m2/repository/org/apache/commons/commons-configuration2/2.1.1/commons-configuration2-2.1.1.jar:/home/user/.m2/repository/org/apache/commons/commons-lang3/3.7/commons-lang3-3.7.jar:/home/user/.m2/repository/org/apache/commons/commons-text/1.4/commons-text-1.4.jar:/home/user/.m2/repository/org/apache/avro/avro/1.7.7/avro-1.7.7.jar:/home/user/.m2/repository/com/thoughtworks/paranamer/paranamer/2.3/paranamer-2.3.jar:/home/user/.m2/repository/org/xerial/snappy/snappy-java/1.0.5/snappy-java-1.0.5.jar:/home/user/.m2/repository/com/google/re2j/re2j/1.1/re2j-1.1.jar:/home/user/.m2/repository/com/google/code/gson/gson/2.2.4/gson-2.2.4.jar:/home/user/.m2/repository/com/jcraft/jsch/0.1.54/jsch-0.1.54.jar:/home/user/.m2/repository/org/apache/curator/curator-client/2.12.0/curator-client-2.12.0.jar:/home/user/.m2/repository/org/apache/curator/curator-recipes/2.12.0/curator-recipes-2.12.0.jar:/home/user/.m2/repository/com/google/code/findbugs/jsr305/3.0.0/jsr305-3.0.0.jar:/home/user/.m2/repository/org/apache/htrace/htrace-core4/4.1.0-incubating/htrace-core4-4.1.0-incubating.jar:/home/user/.m2/repository/org/apache/zookeeper/zookeeper/3.4.13/zookeeper-3.4.13.jar:/home/user/.m2/repository/jline/jline/0.9.94/jline-0.9.94.jar:/home/user/.m2/repository/org/apache/yetus/audience-annotations/0.5.0/audience-annotations-0.5.0.jar:/home/user/.m2/repository/org/codehaus/woodstox/stax2-api/3.1.4/stax2-api-3.1.4.jar:/home/user/.m2/repository/com/fasterxml/woodstox/woodstox-core/5.0.3/woodstox-core-5.0.3.jar:/home/user/.m2/repository/dnsjava/dnsjava/2.1.7/dnsjava-2.1.7.jar:/home/user/.m2/repository/org/apache/hadoop/hadoop-hdfs/3.2.0/hadoop-hdfs-3.2.0-tests.jar:/home/user/.m2/repository/org/eclipse/jetty/jetty-util-ajax/9.3.25.v20180904/jetty-util-ajax-9.3.25.v20180904.jar:/home/user/.m2/repository/commons-daemon/commons-daemon/1.0.13/commons-daemon-1.0.13.jar:/home/user/.m2/repository/io/netty/netty/3.10.5.Final/netty-3.10.5.Final.jar:/home/user/.m2/repository/io/netty/netty-all/4.0.52.Final/netty-all-4.0.52.Final.jar:/home/user/.m2/repository/org/fusesource/leveldbjni/leveldbjni-all/1.8/leveldbjni-all-1.8.jar:"/>
    <property name="java.vm.vendor" value="Oracle Corporation"/>
    <property name="sun.arch.data.model" value="64"/>
    <property name="test.build.dir" value="/workdir/hadoop-ozone/integration-test/target/test-dir"/>
    <property name="test.cache.data" value=""/>
    <property name="java.vendor.url" value="http://java.oracle.com/"/>
    <property name="user.timezone" value=""/>
    <property name="java.vm.specification.version" value="1.8"/>
    <property name="os.name" value="Linux"/>
    <property name="test.build.data" value="/workdir/hadoop-ozone/integration-test/target/test-dir"/>
    <property name="user.country" value="US"/>
    <property name="sun.java.launcher" value="SUN_STANDARD"/>
    <property name="sun.boot.library.path" value="/usr/lib/jvm/java-1.8.0-openjdk-1.8.0.222.b10-1.el7_7.x86_64/jre/lib/amd64"/>
    <property name="sun.java.command" value="/workdir/hadoop-ozone/integration-test/target/surefire/surefirebooter5627017856945038561.jar /workdir/hadoop-ozone/integration-test/target/surefire 2019-11-08T15-43-00_835-jvmRun1 surefire8184218972188822951tmp surefire_25576167409442650496tmp"/>
    <property name="surefire.test.class.path" value="/workdir/hadoop-ozone/integration-test/target/test-classes:/workdir/hadoop-ozone/integration-test/target/classes:/home/user/.m2/repository/org/apache/hadoop/hadoop-ozone-common/0.5.0-SNAPSHOT/hadoop-ozone-common-0.5.0-SNAPSHOT.jar:/home/user/.m2/repository/org/apache/commons/commons-compress/1.4.1/commons-compress-1.4.1.jar:/home/user/.m2/repository/org/tukaani/xz/1.0/xz-1.0.jar:/home/user/.m2/repository/org/apache/hadoop/hadoop-common/3.2.0/hadoop-common-3.2.0.jar:/home/user/.m2/repository/org/apache/hadoop/hadoop-hdfs/3.2.0/hadoop-hdfs-3.2.0.jar:/home/user/.m2/repository/org/apache/hadoop/hadoop-hdfs-client/3.2.0/hadoop-hdfs-client-3.2.0.jar:/home/user/.m2/repository/com/fasterxml/jackson/core/jackson-annotations/2.9.9/jackson-annotations-2.9.9.jar:/home/user/.m2/repository/org/apache/hadoop/hadoop-hdds-common/0.5.0-SNAPSHOT/hadoop-hdds-common-0.5.0-SNAPSHOT.jar:/home/user/.m2/repository/javax/annotation/javax.annotation-api/1.2/javax.annotation-api-1.2.jar:/home/user/.m2/repository/org/apache/ratis/ratis-server/0.5.0-d6d58d0-SNAPSHOT/ratis-server-0.5.0-d6d58d0-SNAPSHOT.jar:/home/user/.m2/repository/org/apache/ratis/ratis-thirdparty-misc/0.2.0/ratis-thirdparty-misc-0.2.0.jar:/home/user/.m2/repository/org/apache/ratis/ratis-proto/0.5.0-d6d58d0-SNAPSHOT/ratis-proto-0.5.0-d6d58d0-SNAPSHOT.jar:/home/user/.m2/repository/org/apache/ratis/ratis-common/0.5.0-d6d58d0-SNAPSHOT/ratis-common-0.5.0-d6d58d0-SNAPSHOT.jar:/home/user/.m2/repository/org/apache/ratis/ratis-client/0.5.0-d6d58d0-SNAPSHOT/ratis-client-0.5.0-d6d58d0-SNAPSHOT.jar:/home/user/.m2/repository/org/apache/ratis/ratis-metrics/0.5.0-d6d58d0-SNAPSHOT/ratis-metrics-0.5.0-d6d58d0-SNAPSHOT.jar:/home/user/.m2/repository/org/apache/ratis/ratis-netty/0.5.0-d6d58d0-SNAPSHOT/ratis-netty-0.5.0-d6d58d0-SNAPSHOT.jar:/home/user/.m2/repository/org/apache/ratis/ratis-grpc/0.5.0-d6d58d0-SNAPSHOT/ratis-grpc-0.5.0-d6d58d0-SNAPSHOT.jar:/home/user/.m2/repository/org/rocksdb/rocksdbjni/6.0.1/rocksdbjni-6.0.1.jar:/home/user/.m2/repository/org/apache/logging/log4j/log4j-api/2.11.0/log4j-api-2.11.0.jar:/home/user/.m2/repository/org/apache/logging/log4j/log4j-core/2.11.0/log4j-core-2.11.0.jar:/home/user/.m2/repository/com/lmax/disruptor/3.4.2/disruptor-3.4.2.jar:/home/user/.m2/repository/org/apache/commons/commons-pool2/2.6.0/commons-pool2-2.6.0.jar:/home/user/.m2/repository/org/bouncycastle/bcpkix-jdk15on/1.60/bcpkix-jdk15on-1.60.jar:/home/user/.m2/repository/commons-validator/commons-validator/1.6/commons-validator-1.6.jar:/home/user/.m2/repository/commons-digester/commons-digester/1.8.1/commons-digester-1.8.1.jar:/home/user/.m2/repository/io/jaegertracing/jaeger-client/0.34.0/jaeger-client-0.34.0.jar:/home/user/.m2/repository/io/jaegertracing/jaeger-thrift/0.34.0/jaeger-thrift-0.34.0.jar:/home/user/.m2/repository/org/apache/thrift/libthrift/0.12.0/libthrift-0.12.0.jar:/home/user/.m2/repository/com/squareup/okhttp3/okhttp/3.9.0/okhttp-3.9.0.jar:/home/user/.m2/repository/com/squareup/okio/okio/1.13.0/okio-1.13.0.jar:/home/user/.m2/repository/io/jaegertracing/jaeger-core/0.34.0/jaeger-core-0.34.0.jar:/home/user/.m2/repository/io/jaegertracing/jaeger-tracerresolver/0.34.0/jaeger-tracerresolver-0.34.0.jar:/home/user/.m2/repository/io/opentracing/contrib/opentracing-tracerresolver/0.1.5/opentracing-tracerresolver-0.1.5.jar:/home/user/.m2/repository/io/opentracing/opentracing-util/0.31.0/opentracing-util-0.31.0.jar:/home/user/.m2/repository/io/opentracing/opentracing-api/0.31.0/opentracing-api-0.31.0.jar:/home/user/.m2/repository/io/opentracing/opentracing-noop/0.31.0/opentracing-noop-0.31.0.jar:/home/user/.m2/repository/org/apache/hadoop/hadoop-hdds-server-framework/0.5.0-SNAPSHOT/hadoop-hdds-server-framework-0.5.0-SNAPSHOT.jar:/home/user/.m2/repository/org/apache/hadoop/hadoop-hdds-container-service/0.5.0-SNAPSHOT/hadoop-hdds-container-service-0.5.0-SNAPSHOT.jar:/home/user/.m2/repository/org/apache/hadoop/hadoop-hdds-client/0.5.0-SNAPSHOT/hadoop-hdds-client-0.5.0-SNAPSHOT.jar:/home/user/.m2/repository/org/apache/hadoop/hadoop-hdds-tools/0.5.0-SNAPSHOT/hadoop-hdds-tools-0.5.0-SNAPSHOT.jar:/home/user/.m2/repository/org/apache/hadoop/hadoop-hdds-server-scm/0.5.0-SNAPSHOT/hadoop-hdds-server-scm-0.5.0-SNAPSHOT.jar:/home/user/.m2/repository/org/apache/hadoop/hadoop-hdds-docs/0.5.0-SNAPSHOT/hadoop-hdds-docs-0.5.0-SNAPSHOT.jar:/home/user/.m2/repository/io/dropwizard/metrics/metrics-core/3.2.4/metrics-core-3.2.4.jar:/home/user/.m2/repository/org/hamcrest/hamcrest-all/1.3/hamcrest-all-1.3.jar:/home/user/.m2/repository/org/bouncycastle/bcprov-jdk15on/1.60/bcprov-jdk15on-1.60.jar:/home/user/.m2/repository/info/picocli/picocli/3.9.6/picocli-3.9.6.jar:/home/user/.m2/repository/com/google/protobuf/protobuf-java/2.5.0/protobuf-java-2.5.0.jar:/home/user/.m2/repository/com/google/guava/guava/11.0.2/guava-11.0.2.jar:/home/user/.m2/repository/org/apache/hadoop/hadoop-ozone-ozone-manager/0.5.0-SNAPSHOT/hadoop-ozone-ozone-manager-0.5.0-SNAPSHOT.jar:/home/user/.m2/repository/org/apache/hadoop/hadoop-minikdc/3.2.0/hadoop-minikdc-3.2.0.jar:/home/user/.m2/repository/commons-io/commons-io/2.5/commons-io-2.5.jar:/home/user/.m2/repository/org/apache/kerby/kerb-simplekdc/1.0.1/kerb-simplekdc-1.0.1.jar:/home/user/.m2/repository/org/apache/kerby/kerb-client/1.0.1/kerb-client-1.0.1.jar:/home/user/.m2/repository/org/apache/kerby/kerby-config/1.0.1/kerby-config-1.0.1.jar:/home/user/.m2/repository/org/apache/kerby/kerb-core/1.0.1/kerb-core-1.0.1.jar:/home/user/.m2/repository/org/apache/kerby/kerby-pkix/1.0.1/kerby-pkix-1.0.1.jar:/home/user/.m2/repository/org/apache/kerby/kerby-asn1/1.0.1/kerby-asn1-1.0.1.jar:/home/user/.m2/repository/org/apache/kerby/kerby-util/1.0.1/kerby-util-1.0.1.jar:/home/user/.m2/repository/org/apache/kerby/kerb-common/1.0.1/kerb-common-1.0.1.jar:/home/user/.m2/repository/org/apache/kerby/kerb-crypto/1.0.1/kerb-crypto-1.0.1.jar:/home/user/.m2/repository/org/apache/kerby/kerb-util/1.0.1/kerb-util-1.0.1.jar:/home/user/.m2/repository/org/apache/kerby/token-provider/1.0.1/token-provider-1.0.1.jar:/home/user/.m2/repository/org/apache/kerby/kerb-admin/1.0.1/kerb-admin-1.0.1.jar:/home/user/.m2/repository/org/apache/kerby/kerb-server/1.0.1/kerb-server-1.0.1.jar:/home/user/.m2/repository/org/apache/kerby/kerb-identity/1.0.1/kerb-identity-1.0.1.jar:/home/user/.m2/repository/org/apache/kerby/kerby-xdr/1.0.1/kerby-xdr-1.0.1.jar:/home/user/.m2/repository/org/slf4j/slf4j-log4j12/1.7.25/slf4j-log4j12-1.7.25.jar:/home/user/.m2/repository/org/apache/hadoop/hadoop-ozone-s3gateway/0.5.0-SNAPSHOT/hadoop-ozone-s3gateway-0.5.0-SNAPSHOT.jar:/home/user/.m2/repository/org/jboss/weld/servlet/weld-servlet/2.4.7.Final/weld-servlet-2.4.7.Final.jar:/home/user/.m2/repository/org/glassfish/jersey/containers/jersey-container-servlet-core/2.27/jersey-container-servlet-core-2.27.jar:/home/user/.m2/repository/org/glassfish/hk2/external/javax.inject/2.5.0-b42/javax.inject-2.5.0-b42.jar:/home/user/.m2/repository/org/glassfish/jersey/core/jersey-common/2.27/jersey-common-2.27.jar:/home/user/.m2/repository/org/glassfish/hk2/osgi-resource-locator/1.0.1/osgi-resource-locator-1.0.1.jar:/home/user/.m2/repository/javax/ws/rs/javax.ws.rs-api/2.1/javax.ws.rs-api-2.1.jar:/home/user/.m2/repository/org/glassfish/jersey/ext/cdi/jersey-cdi1x/2.27/jersey-cdi1x-2.27.jar:/home/user/.m2/repository/org/glassfish/jersey/inject/jersey-hk2/2.27/jersey-hk2-2.27.jar:/home/user/.m2/repository/org/glassfish/hk2/hk2-locator/2.5.0-b42/hk2-locator-2.5.0-b42.jar:/home/user/.m2/repository/org/javassist/javassist/3.22.0-CR2/javassist-3.22.0-CR2.jar:/home/user/.m2/repository/org/glassfish/hk2/hk2-api/2.5.0/hk2-api-2.5.0.jar:/home/user/.m2/repository/org/glassfish/hk2/external/jakarta.inject/2.5.0/jakarta.inject-2.5.0.jar:/home/user/.m2/repository/org/glassfish/hk2/hk2-utils/2.5.0/hk2-utils-2.5.0.jar:/home/user/.m2/repository/jakarta/annotation/jakarta.annotation-api/1.3.4/jakarta.annotation-api-1.3.4.jar:/home/user/.m2/repository/org/glassfish/hk2/external/aopalliance-repackaged/2.5.0/aopalliance-repackaged-2.5.0.jar:/home/user/.m2/repository/com/fasterxml/jackson/dataformat/jackson-dataformat-xml/2.9.0/jackson-dataformat-xml-2.9.0.jar:/home/user/.m2/repository/com/fasterxml/jackson/core/jackson-core/2.9.9/jackson-core-2.9.9.jar:/home/user/.m2/repository/com/fasterxml/jackson/module/jackson-module-jaxb-annotations/2.9.9/jackson-module-jaxb-annotations-2.9.9.jar:/home/user/.m2/repository/javax/enterprise/cdi-api/1.2/cdi-api-1.2.jar:/home/user/.m2/repository/javax/el/javax.el-api/3.0.0/javax.el-api-3.0.0.jar:/home/user/.m2/repository/javax/interceptor/javax.interceptor-api/1.2/javax.interceptor-api-1.2.jar:/home/user/.m2/repository/javax/inject/javax.inject/1/javax.inject-1.jar:/home/user/.m2/repository/com/sun/xml/bind/jaxb-impl/2.3.0.1/jaxb-impl-2.3.0.1.jar:/home/user/.m2/repository/com/sun/xml/bind/jaxb-core/2.3.0.1/jaxb-core-2.3.0.1.jar:/home/user/.m2/repository/javax/xml/bind/jaxb-api/2.3.0/jaxb-api-2.3.0.jar:/home/user/.m2/repository/javax/activation/activation/1.1.1/activation-1.1.1.jar:/home/user/.m2/repository/org/apache/hadoop/hadoop-ozone-csi/0.5.0-SNAPSHOT/hadoop-ozone-csi-0.5.0-SNAPSHOT.jar:/home/user/.m2/repository/com/google/protobuf/protobuf-java-util/3.5.1/protobuf-java-util-3.5.1.jar:/home/user/.m2/repository/org/apache/hadoop/hadoop-hdds-config/0.5.0-SNAPSHOT/hadoop-hdds-config-0.5.0-SNAPSHOT.jar:/home/user/.m2/repository/io/grpc/grpc-netty/1.17.1/grpc-netty-1.17.1.jar:/home/user/.m2/repository/io/grpc/grpc-core/1.17.1/grpc-core-1.17.1.jar:/home/user/.m2/repository/io/grpc/grpc-context/1.17.1/grpc-context-1.17.1.jar:/home/user/.m2/repository/com/google/errorprone/error_prone_annotations/2.2.0/error_prone_annotations-2.2.0.jar:/home/user/.m2/repository/org/codehaus/mojo/animal-sniffer-annotations/1.17/animal-sniffer-annotations-1.17.jar:/home/user/.m2/repository/io/opencensus/opencensus-api/0.17.0/opencensus-api-0.17.0.jar:/home/user/.m2/repository/io/opencensus/opencensus-contrib-grpc-metrics/0.17.0/opencensus-contrib-grpc-metrics-0.17.0.jar:/home/user/.m2/repository/io/netty/netty-codec-http2/4.1.30.Final/netty-codec-http2-4.1.30.Final.jar:/home/user/.m2/repository/io/netty/netty-codec-http/4.1.30.Final/netty-codec-http-4.1.30.Final.jar:/home/user/.m2/repository/io/netty/netty-codec/4.1.30.Final/netty-codec-4.1.30.Final.jar:/home/user/.m2/repository/io/netty/netty-handler/4.1.30.Final/netty-handler-4.1.30.Final.jar:/home/user/.m2/repository/io/netty/netty-handler-proxy/4.1.30.Final/netty-handler-proxy-4.1.30.Final.jar:/home/user/.m2/repository/io/netty/netty-codec-socks/4.1.30.Final/netty-codec-socks-4.1.30.Final.jar:/home/user/.m2/repository/io/netty/netty-transport-native-epoll/4.1.30.Final/netty-transport-native-epoll-4.1.30.Final.jar:/home/user/.m2/repository/io/netty/netty-common/4.1.30.Final/netty-common-4.1.30.Final.jar:/home/user/.m2/repository/io/netty/netty-buffer/4.1.30.Final/netty-buffer-4.1.30.Final.jar:/home/user/.m2/repository/io/netty/netty-transport/4.1.30.Final/netty-transport-4.1.30.Final.jar:/home/user/.m2/repository/io/netty/netty-resolver/4.1.30.Final/netty-resolver-4.1.30.Final.jar:/home/user/.m2/repository/io/netty/netty-transport-native-unix-common/4.1.30.Final/netty-transport-native-unix-common-4.1.30.Final.jar:/home/user/.m2/repository/io/grpc/grpc-protobuf/1.17.1/grpc-protobuf-1.17.1.jar:/home/user/.m2/repository/com/google/api/grpc/proto-google-common-protos/1.0.0/proto-google-common-protos-1.0.0.jar:/home/user/.m2/repository/io/grpc/grpc-protobuf-lite/1.17.1/grpc-protobuf-lite-1.17.1.jar:/home/user/.m2/repository/io/grpc/grpc-stub/1.17.1/grpc-stub-1.17.1.jar:/home/user/.m2/repository/org/apache/hadoop/hadoop-ozone-recon/0.5.0-SNAPSHOT/hadoop-ozone-recon-0.5.0-SNAPSHOT.jar:/home/user/.m2/repository/org/apache/hadoop/hadoop-ozone-reconcodegen/0.5.0-SNAPSHOT/hadoop-ozone-reconcodegen-0.5.0-SNAPSHOT.jar:/home/user/.m2/repository/com/google/inject/extensions/guice-multibindings/4.0/guice-multibindings-4.0.jar:/home/user/.m2/repository/com/google/inject/guice/4.0/guice-4.0.jar:/home/user/.m2/repository/aopalliance/aopalliance/1.0/aopalliance-1.0.jar:/home/user/.m2/repository/com/google/inject/extensions/guice-servlet/4.0/guice-servlet-4.0.jar:/home/user/.m2/repository/org/glassfish/jersey/containers/jersey-container-servlet/2.27/jersey-container-servlet-2.27.jar:/home/user/.m2/repository/org/glassfish/hk2/guice-bridge/2.5.0/guice-bridge-2.5.0.jar:/home/user/.m2/repository/org/glassfish/jersey/core/jersey-server/2.27/jersey-server-2.27.jar:/home/user/.m2/repository/org/glassfish/jersey/core/jersey-client/2.27/jersey-client-2.27.jar:/home/user/.m2/repository/org/glassfish/jersey/media/jersey-media-jaxb/2.27/jersey-media-jaxb-2.27.jar:/home/user/.m2/repository/javax/validation/validation-api/1.1.0.Final/validation-api-1.1.0.Final.jar:/home/user/.m2/repository/org/glassfish/jersey/media/jersey-media-json-jackson/2.27/jersey-media-json-jackson-2.27.jar:/home/user/.m2/repository/org/glassfish/jersey/ext/jersey-entity-filtering/2.27/jersey-entity-filtering-2.27.jar:/home/user/.m2/repository/com/google/inject/extensions/guice-assistedinject/4.0/guice-assistedinject-4.0.jar:/home/user/.m2/repository/org/jooq/jooq/3.11.10/jooq-3.11.10.jar:/home/user/.m2/repository/org/jooq/jooq-meta/3.11.10/jooq-meta-3.11.10.jar:/home/user/.m2/repository/org/jooq/jooq-codegen/3.11.10/jooq-codegen-3.11.10.jar:/home/user/.m2/repository/com/jolbox/bonecp/0.8.0.RELEASE/bonecp-0.8.0.RELEASE.jar:/home/user/.m2/repository/org/xerial/sqlite-jdbc/3.25.2/sqlite-jdbc-3.25.2.jar:/home/user/.m2/repository/org/springframework/spring-jdbc/5.1.3.RELEASE/spring-jdbc-5.1.3.RELEASE.jar:/home/user/.m2/repository/org/springframework/spring-beans/5.1.3.RELEASE/spring-beans-5.1.3.RELEASE.jar:/home/user/.m2/repository/org/springframework/spring-core/5.1.3.RELEASE/spring-core-5.1.3.RELEASE.jar:/home/user/.m2/repository/org/springframework/spring-jcl/5.1.3.RELEASE/spring-jcl-5.1.3.RELEASE.jar:/home/user/.m2/repository/org/springframework/spring-tx/5.1.3.RELEASE/spring-tx-5.1.3.RELEASE.jar:/home/user/.m2/repository/org/apache/hadoop/hadoop-ozone-client/0.5.0-SNAPSHOT/hadoop-ozone-client-0.5.0-SNAPSHOT.jar:/home/user/.m2/repository/commons-lang/commons-lang/2.6/commons-lang-2.6.jar:/home/user/.m2/repository/org/apache/hadoop/hadoop-ozone-ozone-manager/0.5.0-SNAPSHOT/hadoop-ozone-ozone-manager-0.5.0-SNAPSHOT-tests.jar:/home/user/.m2/repository/junit/junit/4.11/junit-4.11.jar:/home/user/.m2/repository/org/hamcrest/hamcrest-core/1.3/hamcrest-core-1.3.jar:/home/user/.m2/repository/org/openjdk/jmh/jmh-core/1.19/jmh-core-1.19.jar:/home/user/.m2/repository/net/sf/jopt-simple/jopt-simple/4.6/jopt-simple-4.6.jar:/home/user/.m2/repository/org/apache/commons/commons-math3/3.1.1/commons-math3-3.1.1.jar:/home/user/.m2/repository/org/openjdk/jmh/jmh-generator-annprocess/1.19/jmh-generator-annprocess-1.19.jar:/home/user/.m2/repository/org/mockito/mockito-all/1.8.5/mockito-all-1.8.5.jar:/home/user/.m2/repository/org/apache/hadoop/hadoop-kms/3.2.0/hadoop-kms-3.2.0.jar:/home/user/.m2/repository/org/apache/hadoop/hadoop-auth/3.2.0/hadoop-auth-3.2.0.jar:/home/user/.m2/repository/com/nimbusds/nimbus-jose-jwt/4.41.1/nimbus-jose-jwt-4.41.1.jar:/home/user/.m2/repository/com/github/stephenc/jcip/jcip-annotations/1.0-1/jcip-annotations-1.0-1.jar:/home/user/.m2/repository/net/minidev/json-smart/2.3/json-smart-2.3.jar:/home/user/.m2/repository/net/minidev/accessors-smart/1.2/accessors-smart-1.2.jar:/home/user/.m2/repository/org/ow2/asm/asm/5.0.4/asm-5.0.4.jar:/home/user/.m2/repository/org/apache/curator/curator-framework/2.12.0/curator-framework-2.12.0.jar:/home/user/.m2/repository/com/sun/jersey/jersey-core/1.19/jersey-core-1.19.jar:/home/user/.m2/repository/javax/ws/rs/jsr311-api/1.1.1/jsr311-api-1.1.1.jar:/home/user/.m2/repository/com/sun/jersey/jersey-server/1.19/jersey-server-1.19.jar:/home/user/.m2/repository/javax/servlet/javax.servlet-api/3.1.0/javax.servlet-api-3.1.0.jar:/home/user/.m2/repository/org/eclipse/jetty/jetty-server/9.3.25.v20180904/jetty-server-9.3.25.v20180904.jar:/home/user/.m2/repository/org/eclipse/jetty/jetty-http/9.3.25.v20180904/jetty-http-9.3.25.v20180904.jar:/home/user/.m2/repository/org/eclipse/jetty/jetty-io/9.3.25.v20180904/jetty-io-9.3.25.v20180904.jar:/home/user/.m2/repository/org/eclipse/jetty/jetty-webapp/9.3.25.v20180904/jetty-webapp-9.3.25.v20180904.jar:/home/user/.m2/repository/org/eclipse/jetty/jetty-xml/9.3.25.v20180904/jetty-xml-9.3.25.v20180904.jar:/home/user/.m2/repository/log4j/log4j/1.2.17/log4j-1.2.17.jar:/home/user/.m2/repository/org/slf4j/slf4j-api/1.7.25/slf4j-api-1.7.25.jar:/home/user/.m2/repository/org/slf4j/jul-to-slf4j/1.7.25/jul-to-slf4j-1.7.25.jar:/home/user/.m2/repository/org/eclipse/jetty/jetty-util/9.3.25.v20180904/jetty-util-9.3.25.v20180904.jar:/home/user/.m2/repository/com/fasterxml/jackson/core/jackson-databind/2.9.9/jackson-databind-2.9.9.jar:/home/user/.m2/repository/org/apache/hadoop/hadoop-kms/3.2.0/hadoop-kms-3.2.0-tests.jar:/home/user/.m2/repository/org/apache/hadoop/hadoop-hdds-server-scm/0.5.0-SNAPSHOT/hadoop-hdds-server-scm-0.5.0-SNAPSHOT-tests.jar:/home/user/.m2/repository/org/apache/hadoop/hadoop-hdds-container-service/0.5.0-SNAPSHOT/hadoop-hdds-container-service-0.5.0-SNAPSHOT-tests.jar:/home/user/.m2/repository/org/yaml/snakeyaml/1.16/snakeyaml-1.16.jar:/home/user/.m2/repository/org/apache/hadoop/hadoop-common/3.2.0/hadoop-common-3.2.0-tests.jar:/home/user/.m2/repository/org/apache/hadoop/hadoop-annotations/3.2.0/hadoop-annotations-3.2.0.jar:/usr/lib/jvm/java-1.8.0-openjdk-1.8.0.222.b10-1.el7_7.x86_64/jre/../lib/tools.jar:/home/user/.m2/repository/commons-cli/commons-cli/1.2/commons-cli-1.2.jar:/home/user/.m2/repository/org/apache/httpcomponents/httpclient/4.5.2/httpclient-4.5.2.jar:/home/user/.m2/repository/org/apache/httpcomponents/httpcore/4.4.4/httpcore-4.4.4.jar:/home/user/.m2/repository/commons-codec/commons-codec/1.11/commons-codec-1.11.jar:/home/user/.m2/repository/commons-net/commons-net/3.6/commons-net-3.6.jar:/home/user/.m2/repository/commons-collections/commons-collections/3.2.2/commons-collections-3.2.2.jar:/home/user/.m2/repository/org/eclipse/jetty/jetty-servlet/9.3.25.v20180904/jetty-servlet-9.3.25.v20180904.jar:/home/user/.m2/repository/org/eclipse/jetty/jetty-security/9.3.25.v20180904/jetty-security-9.3.25.v20180904.jar:/home/user/.m2/repository/javax/servlet/jsp/jsp-api/2.1/jsp-api-2.1.jar:/home/user/.m2/repository/com/sun/jersey/jersey-servlet/1.19/jersey-servlet-1.19.jar:/home/user/.m2/repository/com/sun/jersey/jersey-json/1.19/jersey-json-1.19.jar:/home/user/.m2/repository/org/codehaus/jettison/jettison/1.1/jettison-1.1.jar:/home/user/.m2/repository/org/codehaus/jackson/jackson-core-asl/1.9.13/jackson-core-asl-1.9.13.jar:/home/user/.m2/repository/org/codehaus/jackson/jackson-mapper-asl/1.9.13/jackson-mapper-asl-1.9.13.jar:/home/user/.m2/repository/org/codehaus/jackson/jackson-jaxrs/1.9.13/jackson-jaxrs-1.9.13.jar:/home/user/.m2/repository/org/codehaus/jackson/jackson-xc/1.9.13/jackson-xc-1.9.13.jar:/home/user/.m2/repository/commons-logging/commons-logging/1.1.3/commons-logging-1.1.3.jar:/home/user/.m2/repository/commons-beanutils/commons-beanutils/1.9.4/commons-beanutils-1.9.4.jar:/home/user/.m2/repository/org/apache/commons/commons-configuration2/2.1.1/commons-configuration2-2.1.1.jar:/home/user/.m2/repository/org/apache/commons/commons-lang3/3.7/commons-lang3-3.7.jar:/home/user/.m2/repository/org/apache/commons/commons-text/1.4/commons-text-1.4.jar:/home/user/.m2/repository/org/apache/avro/avro/1.7.7/avro-1.7.7.jar:/home/user/.m2/repository/com/thoughtworks/paranamer/paranamer/2.3/paranamer-2.3.jar:/home/user/.m2/repository/org/xerial/snappy/snappy-java/1.0.5/snappy-java-1.0.5.jar:/home/user/.m2/repository/com/google/re2j/re2j/1.1/re2j-1.1.jar:/home/user/.m2/repository/com/google/code/gson/gson/2.2.4/gson-2.2.4.jar:/home/user/.m2/repository/com/jcraft/jsch/0.1.54/jsch-0.1.54.jar:/home/user/.m2/repository/org/apache/curator/curator-client/2.12.0/curator-client-2.12.0.jar:/home/user/.m2/repository/org/apache/curator/curator-recipes/2.12.0/curator-recipes-2.12.0.jar:/home/user/.m2/repository/com/google/code/findbugs/jsr305/3.0.0/jsr305-3.0.0.jar:/home/user/.m2/repository/org/apache/htrace/htrace-core4/4.1.0-incubating/htrace-core4-4.1.0-incubating.jar:/home/user/.m2/repository/org/apache/zookeeper/zookeeper/3.4.13/zookeeper-3.4.13.jar:/home/user/.m2/repository/jline/jline/0.9.94/jline-0.9.94.jar:/home/user/.m2/repository/org/apache/yetus/audience-annotations/0.5.0/audience-annotations-0.5.0.jar:/home/user/.m2/repository/org/codehaus/woodstox/stax2-api/3.1.4/stax2-api-3.1.4.jar:/home/user/.m2/repository/com/fasterxml/woodstox/woodstox-core/5.0.3/woodstox-core-5.0.3.jar:/home/user/.m2/repository/dnsjava/dnsjava/2.1.7/dnsjava-2.1.7.jar:/home/user/.m2/repository/org/apache/hadoop/hadoop-hdfs/3.2.0/hadoop-hdfs-3.2.0-tests.jar:/home/user/.m2/repository/org/eclipse/jetty/jetty-util-ajax/9.3.25.v20180904/jetty-util-ajax-9.3.25.v20180904.jar:/home/user/.m2/repository/commons-daemon/commons-daemon/1.0.13/commons-daemon-1.0.13.jar:/home/user/.m2/repository/io/netty/netty/3.10.5.Final/netty-3.10.5.Final.jar:/home/user/.m2/repository/io/netty/netty-all/4.0.52.Final/netty-all-4.0.52.Final.jar:/home/user/.m2/repository/org/fusesource/leveldbjni/leveldbjni-all/1.8/leveldbjni-all-1.8.jar:"/>
    <property name="sun.cpu.endian" value="little"/>
    <property name="user.home" value="/home/user"/>
    <property name="user.language" value="en"/>
    <property name="java.specification.vendor" value="Oracle Corporation"/>
    <property name="java.home" value="/usr/lib/jvm/java-1.8.0-openjdk-1.8.0.222.b10-1.el7_7.x86_64/jre"/>
    <property name="surefire.excludesFile" value="/tools/ozone-bad-unit-tests"/>
    <property name="java.security.krb5.conf" value="/workdir/hadoop-ozone/integration-test/target/test-classes/krb5.conf"/>
    <property name="basedir" value="/workdir/hadoop-ozone/integration-test"/>
    <property name="file.separator" value="/"/>
    <property name="line.separator" value="&#10;"/>
    <property name="java.vm.specification.vendor" value="Oracle Corporation"/>
    <property name="java.specification.name" value="Java Platform API Specification"/>
    <property name="java.awt.graphicsenv" value="sun.awt.X11GraphicsEnvironment"/>
    <property name="surefire.real.class.path" value="/workdir/hadoop-ozone/integration-test/target/surefire/surefirebooter5627017856945038561.jar"/>
    <property name="hadoop.log.dir" value="/workdir/hadoop-ozone/integration-test/target/log"/>
    <property name="sun.boot.class.path" value="/usr/lib/jvm/java-1.8.0-openjdk-1.8.0.222.b10-1.el7_7.x86_64/jre/lib/resources.jar:/usr/lib/jvm/java-1.8.0-openjdk-1.8.0.222.b10-1.el7_7.x86_64/jre/lib/rt.jar:/usr/lib/jvm/java-1.8.0-openjdk-1.8.0.222.b10-1.el7_7.x86_64/jre/lib/sunrsasign.jar:/usr/lib/jvm/java-1.8.0-openjdk-1.8.0.222.b10-1.el7_7.x86_64/jre/lib/jsse.jar:/usr/lib/jvm/java-1.8.0-openjdk-1.8.0.222.b10-1.el7_7.x86_64/jre/lib/jce.jar:/usr/lib/jvm/java-1.8.0-openjdk-1.8.0.222.b10-1.el7_7.x86_64/jre/lib/charsets.jar:/usr/lib/jvm/java-1.8.0-openjdk-1.8.0.222.b10-1.el7_7.x86_64/jre/lib/jfr.jar:/usr/lib/jvm/java-1.8.0-openjdk-1.8.0.222.b10-1.el7_7.x86_64/jre/classes"/>
    <property name="sun.management.compiler" value="HotSpot 64-Bit Tiered Compilers"/>
    <property name="java.runtime.version" value="1.8.0_222-b10"/>
    <property name="java.net.preferIPv4Stack" value="true"/>
    <property name="user.name" value="jenkins1000"/>
    <property name="path.separator" value=":"/>
    <property name="java.security.egd" value="file:///dev/urandom"/>
    <property name="os.version" value="3.10.0-957.12.2.el7.x86_64"/>
    <property name="java.endorsed.dirs" value="/usr/lib/jvm/java-1.8.0-openjdk-1.8.0.222.b10-1.el7_7.x86_64/jre/lib/endorsed"/>
    <property name="java.runtime.name" value="OpenJDK Runtime Environment"/>
    <property name="file.encoding" value="ANSI_X3.4-1968"/>
    <property name="java.vm.name" value="OpenJDK 64-Bit Server VM"/>
    <property name="test.build.webapps" value=""/>
    <property name="localRepository" value="/home/user/.m2/repository"/>
    <property name="java.vendor.url.bug" value="http://bugreport.sun.com/bugreport/"/>
    <property name="java.io.tmpdir" value="/tmp"/>
    <property name="require.test.libhadoop" value=""/>
    <property name="java.version" value="1.8.0_222"/>
    <property name="user.dir" value="/workdir/hadoop-ozone/integration-test"/>
    <property name="os.arch" value="amd64"/>
    <property name="java.vm.specification.name" value="Java Virtual Machine Specification"/>
    <property name="test.build.classes" value="/workdir/hadoop-ozone/integration-test/target/test-classes"/>
    <property name="java.awt.printerjob" value="sun.print.PSPrinterJob"/>
    <property name="sun.os.patch.level" value="unknown"/>
    <property name="hadoop.tmp.dir" value="/workdir/hadoop-ozone/integration-test/target/tmp"/>
    <property name="java.library.path" value="/usr/lib:/workdir/hadoop-ozone/integration-test/target/native/target/usr/local/lib:/workdir/hadoop-ozone/integration-test/../../hadoop-common-project/hadoop-common/target/native/target/usr/local/lib:/usr/java/packages/lib/amd64:/usr/lib64:/lib64:/lib:/usr/lib"/>
    <property name="java.vm.info" value="mixed mode"/>
    <property name="java.vendor" value="Oracle Corporation"/>
    <property name="java.vm.version" value="25.222-b10"/>
    <property name="java.ext.dirs" value="/usr/lib/jvm/java-1.8.0-openjdk-1.8.0.222.b10-1.el7_7.x86_64/jre/lib/ext:/usr/java/packages/lib/ext"/>
    <property name="sun.io.unicode.encoding" value="UnicodeLittle"/>
    <property name="java.class.version" value="52.0"/>
  </properties>
  <testcase name="testPipelineExclusionWithPipelineFailure" classname="org.apache.hadoop.ozone.client.rpc.TestFailureHandlingByClient" time="54.413"/>
  <testcase name="testContainerExclusionWithClosedContainerException" classname="org.apache.hadoop.ozone.client.rpc.TestFailureHandlingByClient" time="39.492"/>
  <testcase name="testWriteSmallFile" classname="org.apache.hadoop.ozone.client.rpc.TestFailureHandlingByClient" time="73.088">
    <error message="Allocated 0 blocks. Requested 1 blocks" type="INTERNAL_ERROR org.apache.hadoop.ozone.om.exceptions.OMException">INTERNAL_ERROR org.apache.hadoop.ozone.om.exceptions.OMException: Allocated 0 blocks. Requested 1 blocks
	at org.apache.hadoop.ozone.om.protocolPB.OzoneManagerProtocolClientSideTranslatorPB.handleError(OzoneManagerProtocolClientSideTranslatorPB.java:758)
	at org.apache.hadoop.ozone.om.protocolPB.OzoneManagerProtocolClientSideTranslatorPB.openKey(OzoneManagerProtocolClientSideTranslatorPB.java:749)
	at sun.reflect.NativeMethodAccessorImpl.invoke0(Native Method)
	at sun.reflect.NativeMethodAccessorImpl.invoke(NativeMethodAccessorImpl.java:62)
	at sun.reflect.DelegatingMethodAccessorImpl.invoke(DelegatingMethodAccessorImpl.java:43)
	at java.lang.reflect.Method.invoke(Method.java:498)
	at org.apache.hadoop.hdds.tracing.TraceAllMethod.invoke(TraceAllMethod.java:66)
	at com.sun.proxy.$Proxy36.openKey(Unknown Source)
	at org.apache.hadoop.ozone.client.rpc.RpcClient.createKey(RpcClient.java:633)
	at org.apache.hadoop.ozone.client.OzoneBucket.createKey(OzoneBucket.java:325)
	at org.apache.hadoop.ozone.container.ContainerTestHelper.createKey(ContainerTestHelper.java:735)
	at org.apache.hadoop.ozone.client.rpc.TestFailureHandlingByClient.createKey(TestFailureHandlingByClient.java:408)
	at org.apache.hadoop.ozone.client.rpc.TestFailureHandlingByClient.testWriteSmallFile(TestFailureHandlingByClient.java:180)
	at sun.reflect.NativeMethodAccessorImpl.invoke0(Native Method)
	at sun.reflect.NativeMethodAccessorImpl.invoke(NativeMethodAccessorImpl.java:62)
	at sun.reflect.DelegatingMethodAccessorImpl.invoke(DelegatingMethodAccessorImpl.java:43)
	at java.lang.reflect.Method.invoke(Method.java:498)
	at org.junit.runners.model.FrameworkMethod$1.runReflectiveCall(FrameworkMethod.java:47)
	at org.junit.internal.runners.model.ReflectiveCallable.run(ReflectiveCallable.java:12)
	at org.junit.runners.model.FrameworkMethod.invokeExplosively(FrameworkMethod.java:44)
	at org.junit.internal.runners.statements.InvokeMethod.evaluate(InvokeMethod.java:17)
	at org.junit.internal.runners.statements.RunAfters.evaluate(RunAfters.java:27)
	at org.junit.runners.ParentRunner.runLeaf(ParentRunner.java:271)
	at org.junit.runners.BlockJUnit4ClassRunner.runChild(BlockJUnit4ClassRunner.java:70)
	at org.junit.runners.BlockJUnit4ClassRunner.runChild(BlockJUnit4ClassRunner.java:50)
	at org.junit.runners.ParentRunner$3.run(ParentRunner.java:238)
	at org.junit.runners.ParentRunner$1.schedule(ParentRunner.java:63)
	at org.junit.runners.ParentRunner.runChildren(ParentRunner.java:236)
	at org.junit.runners.ParentRunner.access$000(ParentRunner.java:53)
	at org.junit.runners.ParentRunner$2.evaluate(ParentRunner.java:229)
	at org.junit.runners.ParentRunner.run(ParentRunner.java:309)
	at org.apache.maven.surefire.junit4.JUnit4Provider.execute(JUnit4Provider.java:365)
	at org.apache.maven.surefire.junit4.JUnit4Provider.executeWithRerun(JUnit4Provider.java:273)
	at org.apache.maven.surefire.junit4.JUnit4Provider.executeTestSet(JUnit4Provider.java:238)
	at org.apache.maven.surefire.junit4.JUnit4Provider.invoke(JUnit4Provider.java:159)
	at org.apache.maven.surefire.booter.ForkedBooter.invokeProviderInSameClassLoader(ForkedBooter.java:384)
	at org.apache.maven.surefire.booter.ForkedBooter.runSuitesInProcess(ForkedBooter.java:345)
	at org.apache.maven.surefire.booter.ForkedBooter.execute(ForkedBooter.java:126)
	at org.apache.maven.surefire.booter.ForkedBooter.main(ForkedBooter.java:418)
</error>
    <system-out><![CDATA[2019-11-08 16:12:30,222 [main] WARN  server.ServerUtils (ServerUtils.java:getScmDbDir(145)) - ozone.scm.db.dirs is not configured. We recommend adding this setting. Falling back to ozone.metadata.dirs instead.
2019-11-08 16:12:30,253 [main] WARN  server.ServerUtils (ServerUtils.java:getScmDbDir(145)) - ozone.scm.db.dirs is not configured. We recommend adding this setting. Falling back to ozone.metadata.dirs instead.
2019-11-08 16:12:30,254 [main] WARN  server.ServerUtils (ServerUtils.java:getScmDbDir(145)) - ozone.scm.db.dirs is not configured. We recommend adding this setting. Falling back to ozone.metadata.dirs instead.
2019-11-08 16:12:30,254 [main] INFO  db.DBStoreBuilder (DBStoreBuilder.java:addTable(127)) - using custom profile for table: deletedBlocks
2019-11-08 16:12:30,255 [main] INFO  db.DBStoreBuilder (DBStoreBuilder.java:processTables(183)) - Using default column profile:DBProfile.DISK for Table:deletedBlocks
2019-11-08 16:12:30,255 [main] INFO  db.DBStoreBuilder (DBStoreBuilder.java:addTable(127)) - using custom profile for table: validCerts
2019-11-08 16:12:30,255 [main] INFO  db.DBStoreBuilder (DBStoreBuilder.java:processTables(183)) - Using default column profile:DBProfile.DISK for Table:validCerts
2019-11-08 16:12:30,255 [main] INFO  db.DBStoreBuilder (DBStoreBuilder.java:addTable(127)) - using custom profile for table: revokedCerts
2019-11-08 16:12:30,255 [main] INFO  db.DBStoreBuilder (DBStoreBuilder.java:processTables(183)) - Using default column profile:DBProfile.DISK for Table:revokedCerts
2019-11-08 16:12:30,255 [main] INFO  db.DBStoreBuilder (DBStoreBuilder.java:addTable(127)) - using custom profile for table: default
2019-11-08 16:12:30,256 [main] INFO  db.DBStoreBuilder (DBStoreBuilder.java:processTables(189)) - Using default column profile:DBProfile.DISK for Table:default
2019-11-08 16:12:30,256 [main] INFO  db.DBStoreBuilder (DBStoreBuilder.java:getDbProfile(220)) - Using default options. DBProfile.DISK
2019-11-08 16:12:30,537 [main] INFO  net.NodeSchemaLoader (NodeSchemaLoader.java:loadSchemaFromFile(125)) - Loading file from sun.misc.CompoundEnumeration@461c3709
2019-11-08 16:12:30,537 [main] INFO  net.NodeSchemaLoader (NodeSchemaLoader.java:loadSchema(171)) - Loading network topology layer schema file
2019-11-08 16:12:30,543 [main] INFO  node.SCMNodeManager (SCMNodeManager.java:<init>(116)) - Entering startup safe mode.
2019-11-08 16:12:30,544 [main] INFO  algorithms.ContainerPlacementPolicyFactory (ContainerPlacementPolicyFactory.java:getPolicy(57)) - Create container placement policy of type org.apache.hadoop.hdds.scm.container.placement.algorithms.SCMContainerPlacementRandom
2019-11-08 16:12:30,544 [main] WARN  server.ServerUtils (ServerUtils.java:getScmDbDir(145)) - ozone.scm.db.dirs is not configured. We recommend adding this setting. Falling back to ozone.metadata.dirs instead.
2019-11-08 16:12:30,637 [main] INFO  pipeline.SCMPipelineManager (SCMPipelineManager.java:initializePipelineState(132)) - No pipeline exists in current db
2019-11-08 16:12:30,637 [main] WARN  server.ServerUtils (ServerUtils.java:getScmDbDir(145)) - ozone.scm.db.dirs is not configured. We recommend adding this setting. Falling back to ozone.metadata.dirs instead.
2019-11-08 16:12:30,876 [main] WARN  events.EventQueue (EventQueue.java:fireEvent(183)) - No event handler registered for event TypedEvent{payloadType=SafeModeStatus, name='SafeModeStatus'}
2019-11-08 16:12:30,877 [main] INFO  ipc.CallQueueManager (CallQueueManager.java:<init>(84)) - Using callQueue: class java.util.concurrent.LinkedBlockingQueue, queueCapacity: 2000, scheduler: class org.apache.hadoop.ipc.DefaultRpcScheduler, ipcBackoff: false.
2019-11-08 16:12:30,878 [Socket Reader #1 for port 33429] INFO  ipc.Server (Server.java:run(1074)) - Starting Socket Reader #1 for port 33429
2019-11-08 16:12:30,879 [main] INFO  ipc.CallQueueManager (CallQueueManager.java:<init>(84)) - Using callQueue: class java.util.concurrent.LinkedBlockingQueue, queueCapacity: 2000, scheduler: class org.apache.hadoop.ipc.DefaultRpcScheduler, ipcBackoff: false.
2019-11-08 16:12:30,880 [Socket Reader #1 for port 37031] INFO  ipc.Server (Server.java:run(1074)) - Starting Socket Reader #1 for port 37031
2019-11-08 16:12:30,881 [main] INFO  ipc.CallQueueManager (CallQueueManager.java:<init>(84)) - Using callQueue: class java.util.concurrent.LinkedBlockingQueue, queueCapacity: 2000, scheduler: class org.apache.hadoop.ipc.DefaultRpcScheduler, ipcBackoff: false.
2019-11-08 16:12:30,881 [Socket Reader #1 for port 41440] INFO  ipc.Server (Server.java:run(1074)) - Starting Socket Reader #1 for port 41440
2019-11-08 16:12:30,883 [main] INFO  hdfs.DFSUtil (DFSUtil.java:httpServerTemplateForNNAndJN(1641)) - Starting Web-server for scm at: http://0.0.0.0:0
2019-11-08 16:12:30,886 [main] INFO  server.AuthenticationFilter (AuthenticationFilter.java:constructSecretProvider(240)) - Unable to initialize FileSignerSecretProvider, falling back to use random secrets.
2019-11-08 16:12:30,886 [main] WARN  http.HttpRequestLog (HttpRequestLog.java:getRequestLog(97)) - Jetty request log can only be enabled using Log4j
2019-11-08 16:12:30,888 [main] INFO  http.HttpServer2 (HttpServer2.java:addGlobalFilter(975)) - Added global filter 'safety' (class=org.apache.hadoop.http.HttpServer2$QuotingInputFilter)
2019-11-08 16:12:30,889 [main] INFO  http.HttpServer2 (HttpServer2.java:addFilter(948)) - Added filter static_user_filter (class=org.apache.hadoop.http.lib.StaticUserWebFilter$StaticUserFilter) to context scm
2019-11-08 16:12:30,889 [main] INFO  http.HttpServer2 (HttpServer2.java:addFilter(958)) - Added filter static_user_filter (class=org.apache.hadoop.http.lib.StaticUserWebFilter$StaticUserFilter) to context logs
2019-11-08 16:12:30,889 [main] INFO  http.HttpServer2 (HttpServer2.java:addFilter(958)) - Added filter static_user_filter (class=org.apache.hadoop.http.lib.StaticUserWebFilter$StaticUserFilter) to context static
2019-11-08 16:12:30,892 [main] INFO  server.StorageContainerManager (StorageContainerManager.java:start(764)) - StorageContainerLocationProtocol RPC server is listening at /0.0.0.0:41440
2019-11-08 16:12:30,895 [main] WARN  impl.MetricsConfig (MetricsConfig.java:loadFirst(134)) - Cannot locate configuration: tried hadoop-metrics2-storagecontainermanager.properties,hadoop-metrics2.properties
2019-11-08 16:12:30,896 [main] INFO  impl.MetricsSystemImpl (MetricsSystemImpl.java:startTimer(374)) - Scheduled Metric snapshot period at 10 second(s).
2019-11-08 16:12:30,896 [main] INFO  impl.MetricsSystemImpl (MetricsSystemImpl.java:start(191)) - StorageContainerManager metrics system started
2019-11-08 16:12:30,957 [main] WARN  impl.MetricsSystemImpl (MetricsSystemImpl.java:register(276)) - Sink prometheus already exists!
2019-11-08 16:12:30,966 [main] INFO  server.SCMClientProtocolServer (SCMClientProtocolServer.java:start(159)) - RPC server for Client  is listening at /0.0.0.0:41440
2019-11-08 16:12:30,967 [IPC Server Responder] INFO  ipc.Server (Server.java:run(1314)) - IPC Server Responder: starting
2019-11-08 16:12:30,967 [IPC Server listener on 41440] INFO  ipc.Server (Server.java:run(1153)) - IPC Server listener on 41440: starting
2019-11-08 16:12:30,970 [main] INFO  server.StorageContainerManager (StorageContainerManager.java:start(774)) - ScmBlockLocationProtocol RPC server is listening at /0.0.0.0:37031
2019-11-08 16:12:30,971 [main] INFO  server.SCMBlockProtocolServer (SCMBlockProtocolServer.java:start(146)) - RPC server for Block Protocol is listening at /0.0.0.0:37031
2019-11-08 16:12:30,972 [IPC Server Responder] INFO  ipc.Server (Server.java:run(1314)) - IPC Server Responder: starting
2019-11-08 16:12:30,972 [IPC Server listener on 37031] INFO  ipc.Server (Server.java:run(1153)) - IPC Server listener on 37031: starting
2019-11-08 16:12:30,975 [main] INFO  server.StorageContainerManager (StorageContainerManager.java:start(778)) - ScmDatanodeProtocl RPC server is listening at /0.0.0.0:33429
2019-11-08 16:12:30,975 [main] INFO  server.SCMDatanodeProtocolServer (SCMDatanodeProtocolServer.java:start(169)) - RPC server for DataNodes is listening at /0.0.0.0:33429
2019-11-08 16:12:30,977 [IPC Server Responder] INFO  ipc.Server (Server.java:run(1314)) - IPC Server Responder: starting
2019-11-08 16:12:30,977 [IPC Server listener on 33429] INFO  ipc.Server (Server.java:run(1153)) - IPC Server listener on 33429: starting
2019-11-08 16:12:30,980 [main] INFO  http.HttpServer2 (HttpServer2.java:bindListener(1191)) - Jetty bound to port 43424
2019-11-08 16:12:30,981 [main] INFO  server.Server (Server.java:doStart(351)) - jetty-9.3.25.v20180904, build timestamp: 2018-09-04T21:11:46Z, git hash: 3ce520221d0240229c862b122d2b06c12a625732
2019-11-08 16:12:30,983 [main] INFO  handler.ContextHandler (ContextHandler.java:doStart(781)) - Started o.e.j.s.ServletContextHandler@180b3819{/logs,file:///workdir/hadoop-ozone/integration-test/target/log,AVAILABLE}
2019-11-08 16:12:30,984 [main] INFO  handler.ContextHandler (ContextHandler.java:doStart(781)) - Started o.e.j.s.ServletContextHandler@47272cd3{/static,file:///workdir/hadoop-ozone/integration-test/target/test-classes/webapps/static,AVAILABLE}
2019-11-08 16:12:30,991 [main] INFO  handler.ContextHandler (ContextHandler.java:doStart(781)) - Started o.e.j.w.WebAppContext@5cd96b41{/,file:///workdir/hadoop-ozone/integration-test/target/test-classes/webapps/scm/,AVAILABLE}{/scm}
2019-11-08 16:12:30,991 [main] INFO  server.AbstractConnector (AbstractConnector.java:doStart(278)) - Started ServerConnector@7e1ffe70{HTTP/1.1,[http/1.1]}{0.0.0.0:43424}
2019-11-08 16:12:30,992 [main] INFO  server.Server (Server.java:doStart(419)) - Started @95089ms
2019-11-08 16:12:30,992 [main] WARN  impl.MetricsSystemImpl (MetricsSystemImpl.java:register(276)) - Sink prometheus already exists!
2019-11-08 16:12:30,994 [main] INFO  server.BaseHttpServer (BaseHttpServer.java:updateConnectorAddress(215)) - HTTP server of SCM is listening at http://0.0.0.0:43424
2019-11-08 16:12:30,995 [main] WARN  server.ServerUtils (ServerUtils.java:getDBPath(222)) - ozone.om.db.dirs is not configured. We recommend adding this setting. Falling back to ozone.metadata.dirs instead.
2019-11-08 16:12:30,995 [org.apache.hadoop.util.JvmPauseMonitor$Monitor@1235151c] INFO  util.JvmPauseMonitor (JvmPauseMonitor.java:run(188)) - Starting JVM pause monitor
2019-11-08 16:12:31,023 [main] INFO  ha.OMHANodeDetails (OMHANodeDetails.java:loadOMHAConfig(190)) - Configuration either no ozone.om.address set. Falling back to the default OM address /127.0.0.1:0
2019-11-08 16:12:31,024 [main] INFO  ha.OMHANodeDetails (OMHANodeDetails.java:getOMNodeDetails(220)) - OM Service ID is not set. Setting it to the default ID: omServiceIdDefault
2019-11-08 16:12:31,024 [main] WARN  server.ServerUtils (ServerUtils.java:getDBPath(222)) - ozone.om.db.dirs is not configured. We recommend adding this setting. Falling back to ozone.metadata.dirs instead.
2019-11-08 16:12:31,024 [main] WARN  server.ServerUtils (ServerUtils.java:getDBPath(222)) - ozone.om.db.dirs is not configured. We recommend adding this setting. Falling back to ozone.metadata.dirs instead.
2019-11-08 16:12:31,031 [main] WARN  server.ServerUtils (ServerUtils.java:getDBPath(222)) - ozone.om.db.dirs is not configured. We recommend adding this setting. Falling back to ozone.metadata.dirs instead.
2019-11-08 16:12:31,032 [main] INFO  db.DBStoreBuilder (DBStoreBuilder.java:addTable(127)) - using custom profile for table: userTable
2019-11-08 16:12:31,032 [main] INFO  db.DBStoreBuilder (DBStoreBuilder.java:processTables(183)) - Using default column profile:DBProfile.DISK for Table:userTable
2019-11-08 16:12:31,032 [main] INFO  db.DBStoreBuilder (DBStoreBuilder.java:addTable(127)) - using custom profile for table: volumeTable
2019-11-08 16:12:31,032 [main] INFO  db.DBStoreBuilder (DBStoreBuilder.java:processTables(183)) - Using default column profile:DBProfile.DISK for Table:volumeTable
2019-11-08 16:12:31,032 [main] INFO  db.DBStoreBuilder (DBStoreBuilder.java:addTable(127)) - using custom profile for table: bucketTable
2019-11-08 16:12:31,033 [main] INFO  db.DBStoreBuilder (DBStoreBuilder.java:processTables(183)) - Using default column profile:DBProfile.DISK for Table:bucketTable
2019-11-08 16:12:31,033 [main] INFO  db.DBStoreBuilder (DBStoreBuilder.java:addTable(127)) - using custom profile for table: keyTable
2019-11-08 16:12:31,033 [main] INFO  db.DBStoreBuilder (DBStoreBuilder.java:processTables(183)) - Using default column profile:DBProfile.DISK for Table:keyTable
2019-11-08 16:12:31,033 [main] INFO  db.DBStoreBuilder (DBStoreBuilder.java:addTable(127)) - using custom profile for table: deletedTable
2019-11-08 16:12:31,033 [main] INFO  db.DBStoreBuilder (DBStoreBuilder.java:processTables(183)) - Using default column profile:DBProfile.DISK for Table:deletedTable
2019-11-08 16:12:31,034 [main] INFO  db.DBStoreBuilder (DBStoreBuilder.java:addTable(127)) - using custom profile for table: openKeyTable
2019-11-08 16:12:31,034 [main] INFO  db.DBStoreBuilder (DBStoreBuilder.java:processTables(183)) - Using default column profile:DBProfile.DISK for Table:openKeyTable
2019-11-08 16:12:31,034 [main] INFO  db.DBStoreBuilder (DBStoreBuilder.java:addTable(127)) - using custom profile for table: s3Table
2019-11-08 16:12:31,034 [main] INFO  db.DBStoreBuilder (DBStoreBuilder.java:processTables(183)) - Using default column profile:DBProfile.DISK for Table:s3Table
2019-11-08 16:12:31,035 [main] INFO  db.DBStoreBuilder (DBStoreBuilder.java:addTable(127)) - using custom profile for table: multipartInfoTable
2019-11-08 16:12:31,035 [main] INFO  db.DBStoreBuilder (DBStoreBuilder.java:processTables(183)) - Using default column profile:DBProfile.DISK for Table:multipartInfoTable
2019-11-08 16:12:31,035 [main] INFO  db.DBStoreBuilder (DBStoreBuilder.java:addTable(127)) - using custom profile for table: dTokenTable
2019-11-08 16:12:31,035 [main] INFO  db.DBStoreBuilder (DBStoreBuilder.java:processTables(183)) - Using default column profile:DBProfile.DISK for Table:dTokenTable
2019-11-08 16:12:31,035 [main] INFO  db.DBStoreBuilder (DBStoreBuilder.java:addTable(127)) - using custom profile for table: s3SecretTable
2019-11-08 16:12:31,035 [main] INFO  db.DBStoreBuilder (DBStoreBuilder.java:processTables(183)) - Using default column profile:DBProfile.DISK for Table:s3SecretTable
2019-11-08 16:12:31,036 [main] INFO  db.DBStoreBuilder (DBStoreBuilder.java:addTable(127)) - using custom profile for table: prefixTable
2019-11-08 16:12:31,036 [main] INFO  db.DBStoreBuilder (DBStoreBuilder.java:processTables(183)) - Using default column profile:DBProfile.DISK for Table:prefixTable
2019-11-08 16:12:31,036 [main] INFO  db.DBStoreBuilder (DBStoreBuilder.java:addTable(127)) - using custom profile for table: default
2019-11-08 16:12:31,036 [main] INFO  db.DBStoreBuilder (DBStoreBuilder.java:processTables(189)) - Using default column profile:DBProfile.DISK for Table:default
2019-11-08 16:12:31,036 [main] INFO  db.DBStoreBuilder (DBStoreBuilder.java:getDbProfile(220)) - Using default options. DBProfile.DISK
2019-11-08 16:12:31,990 [main] INFO  ipc.CallQueueManager (CallQueueManager.java:<init>(84)) - Using callQueue: class java.util.concurrent.LinkedBlockingQueue, queueCapacity: 2000, scheduler: class org.apache.hadoop.ipc.DefaultRpcScheduler, ipcBackoff: false.
2019-11-08 16:12:31,991 [Socket Reader #1 for port 46632] INFO  ipc.Server (Server.java:run(1074)) - Starting Socket Reader #1 for port 46632
2019-11-08 16:12:32,004 [main] INFO  om.OzoneManager (OzoneManager.java:start(1076)) - OzoneManager RPC server is listening at localhost/127.0.0.1:46632
2019-11-08 16:12:32,005 [main] INFO  impl.MetricsSystemImpl (MetricsSystemImpl.java:init(158)) - OzoneManager metrics system started (again)
2019-11-08 16:12:32,006 [IPC Server Responder] INFO  ipc.Server (Server.java:run(1314)) - IPC Server Responder: starting
2019-11-08 16:12:32,007 [IPC Server listener on 46632] INFO  ipc.Server (Server.java:run(1153)) - IPC Server listener on 46632: starting
2019-11-08 16:12:32,011 [main] INFO  hdfs.DFSUtil (DFSUtil.java:httpServerTemplateForNNAndJN(1641)) - Starting Web-server for ozoneManager at: http://0.0.0.0:0
2019-11-08 16:12:32,012 [main] INFO  server.AuthenticationFilter (AuthenticationFilter.java:constructSecretProvider(240)) - Unable to initialize FileSignerSecretProvider, falling back to use random secrets.
2019-11-08 16:12:32,013 [main] WARN  http.HttpRequestLog (HttpRequestLog.java:getRequestLog(97)) - Jetty request log can only be enabled using Log4j
2019-11-08 16:12:32,014 [main] INFO  http.HttpServer2 (HttpServer2.java:addGlobalFilter(975)) - Added global filter 'safety' (class=org.apache.hadoop.http.HttpServer2$QuotingInputFilter)
2019-11-08 16:12:32,014 [main] INFO  http.HttpServer2 (HttpServer2.java:addFilter(948)) - Added filter static_user_filter (class=org.apache.hadoop.http.lib.StaticUserWebFilter$StaticUserFilter) to context ozoneManager
2019-11-08 16:12:32,015 [main] INFO  http.HttpServer2 (HttpServer2.java:addFilter(958)) - Added filter static_user_filter (class=org.apache.hadoop.http.lib.StaticUserWebFilter$StaticUserFilter) to context static
2019-11-08 16:12:32,015 [main] INFO  http.HttpServer2 (HttpServer2.java:addFilter(958)) - Added filter static_user_filter (class=org.apache.hadoop.http.lib.StaticUserWebFilter$StaticUserFilter) to context logs
2019-11-08 16:12:32,015 [main] INFO  http.HttpServer2 (HttpServer2.java:bindListener(1191)) - Jetty bound to port 41033
2019-11-08 16:12:32,016 [main] INFO  server.Server (Server.java:doStart(351)) - jetty-9.3.25.v20180904, build timestamp: 2018-09-04T21:11:46Z, git hash: 3ce520221d0240229c862b122d2b06c12a625732
2019-11-08 16:12:32,017 [main] INFO  handler.ContextHandler (ContextHandler.java:doStart(781)) - Started o.e.j.s.ServletContextHandler@4dcbae55{/logs,file:///workdir/hadoop-ozone/integration-test/target/log,AVAILABLE}
2019-11-08 16:12:32,017 [main] INFO  handler.ContextHandler (ContextHandler.java:doStart(781)) - Started o.e.j.s.ServletContextHandler@7ca16adc{/static,file:///workdir/hadoop-ozone/integration-test/target/test-classes/webapps/static,AVAILABLE}
2019-11-08 16:12:32,021 [main] INFO  handler.ContextHandler (ContextHandler.java:doStart(781)) - Started o.e.j.w.WebAppContext@72543547{/,file:///workdir/hadoop-ozone/integration-test/target/test-classes/webapps/ozoneManager/,AVAILABLE}{/ozoneManager}
2019-11-08 16:12:32,021 [main] INFO  server.AbstractConnector (AbstractConnector.java:doStart(278)) - Started ServerConnector@3d88e6b9{HTTP/1.1,[http/1.1]}{0.0.0.0:41033}
2019-11-08 16:12:32,022 [main] INFO  server.Server (Server.java:doStart(419)) - Started @96119ms
2019-11-08 16:12:32,022 [main] WARN  impl.MetricsSystemImpl (MetricsSystemImpl.java:register(276)) - Sink prometheus already exists!
2019-11-08 16:12:32,023 [main] INFO  server.BaseHttpServer (BaseHttpServer.java:updateConnectorAddress(215)) - HTTP server of OZONEMANAGER is listening at http://0.0.0.0:41033
2019-11-08 16:12:32,043 [main] INFO  impl.MetricsSystemImpl (MetricsSystemImpl.java:init(158)) - HddsDatanode metrics system started (again)
2019-11-08 16:12:32,045 [main] INFO  ozone.HddsDatanodeService (HddsDatanodeService.java:start(186)) - HddsDatanodeService host:pr-hdds-2375-v4kv9-2954650390 ip:192.168.69.121
2019-11-08 16:12:32,050 [main] INFO  volume.HddsVolume (HddsVolume.java:<init>(176)) - Creating Volume: /workdir/hadoop-ozone/integration-test/target/test-dir/MiniOzoneClusterImpl-d855ef0a-1308-4748-ba6a-889d1c87fb48/datanode-0/data/containers/hdds of  storage type : DISK and capacity : 1482555576320
2019-11-08 16:12:32,050 [main] INFO  volume.VolumeSet (VolumeSet.java:initializeVolumeSet(170)) - Added Volume : /workdir/hadoop-ozone/integration-test/target/test-dir/MiniOzoneClusterImpl-d855ef0a-1308-4748-ba6a-889d1c87fb48/datanode-0/data/containers/hdds to VolumeSet
2019-11-08 16:12:32,050 [main] INFO  volume.ThrottledAsyncChecker (ThrottledAsyncChecker.java:schedule(141)) - Scheduling a check for /workdir/hadoop-ozone/integration-test/target/test-dir/MiniOzoneClusterImpl-d855ef0a-1308-4748-ba6a-889d1c87fb48/datanode-0/data/containers/hdds
2019-11-08 16:12:32,051 [main] INFO  volume.HddsVolumeChecker (HddsVolumeChecker.java:checkAllVolumes(204)) - Scheduled health check for volume /workdir/hadoop-ozone/integration-test/target/test-dir/MiniOzoneClusterImpl-d855ef0a-1308-4748-ba6a-889d1c87fb48/datanode-0/data/containers/hdds
2019-11-08 16:12:32,063 [main] INFO  impl.RaftServerProxy (ConfUtils.java:logGet(43)) - raft.rpc.type = GRPC (default)
2019-11-08 16:12:32,063 [main] INFO  grpc.GrpcFactory (GrpcFactory.java:checkPooledByteBufAllocatorUseCacheForAllThreads(45)) - PERFORMANCE WARNING: useCacheForAllThreads is true that may cause Netty to create a lot garbage objects and, as a result, trigger GC.
	It is recommended to disable useCacheForAllThreads by setting -Dorg.apache.ratis.thirdparty.io.netty.allocator.useCacheForAllThreads=false in command line.
2019-11-08 16:12:32,063 [main] INFO  grpc.GrpcConfigKeys$Server (ConfUtils.java:logGet(43)) - raft.grpc.server.port = 0 (default)
2019-11-08 16:12:32,063 [main] INFO  server.GrpcService (ConfUtils.java:logGet(43)) - raft.grpc.message.size.max = 33570816 (custom)
2019-11-08 16:12:32,064 [main] INFO  server.RaftServerConfigKeys (ConfUtils.java:logGet(43)) - raft.server.log.appender.buffer.byte-limit = 33554432 (custom)
2019-11-08 16:12:32,064 [main] INFO  server.GrpcService (ConfUtils.java:logGet(43)) - raft.grpc.flow.control.window = 1MB (=1048576) (default)
2019-11-08 16:12:32,064 [main] INFO  server.RaftServerConfigKeys (ConfUtils.java:logGet(43)) - raft.server.rpc.request.timeout = 3000ms (default)
2019-11-08 16:12:32,064 [main] INFO  server.RaftServerConfigKeys (ConfUtils.java:logGet(43)) - raft.server.storage.dir = [/workdir/hadoop-ozone/integration-test/target/test-dir/MiniOzoneClusterImpl-d855ef0a-1308-4748-ba6a-889d1c87fb48/datanode-0/data/ratis] (custom)
2019-11-08 16:12:32,066 [main] INFO  hdfs.DFSUtil (DFSUtil.java:httpServerTemplateForNNAndJN(1641)) - Starting Web-server for hddsDatanode at: http://0.0.0.0:0
2019-11-08 16:12:32,067 [main] INFO  server.AuthenticationFilter (AuthenticationFilter.java:constructSecretProvider(240)) - Unable to initialize FileSignerSecretProvider, falling back to use random secrets.
2019-11-08 16:12:32,068 [main] WARN  http.HttpRequestLog (HttpRequestLog.java:getRequestLog(97)) - Jetty request log can only be enabled using Log4j
2019-11-08 16:12:32,069 [main] INFO  http.HttpServer2 (HttpServer2.java:addGlobalFilter(975)) - Added global filter 'safety' (class=org.apache.hadoop.http.HttpServer2$QuotingInputFilter)
2019-11-08 16:12:32,069 [main] INFO  http.HttpServer2 (HttpServer2.java:addFilter(948)) - Added filter static_user_filter (class=org.apache.hadoop.http.lib.StaticUserWebFilter$StaticUserFilter) to context hddsDatanode
2019-11-08 16:12:32,070 [main] INFO  http.HttpServer2 (HttpServer2.java:addFilter(958)) - Added filter static_user_filter (class=org.apache.hadoop.http.lib.StaticUserWebFilter$StaticUserFilter) to context logs
2019-11-08 16:12:32,070 [main] INFO  http.HttpServer2 (HttpServer2.java:addFilter(958)) - Added filter static_user_filter (class=org.apache.hadoop.http.lib.StaticUserWebFilter$StaticUserFilter) to context static
2019-11-08 16:12:32,070 [main] INFO  http.HttpServer2 (HttpServer2.java:bindListener(1191)) - Jetty bound to port 35431
2019-11-08 16:12:32,070 [main] INFO  server.Server (Server.java:doStart(351)) - jetty-9.3.25.v20180904, build timestamp: 2018-09-04T21:11:46Z, git hash: 3ce520221d0240229c862b122d2b06c12a625732
2019-11-08 16:12:32,072 [main] INFO  handler.ContextHandler (ContextHandler.java:doStart(781)) - Started o.e.j.s.ServletContextHandler@750f64fe{/logs,file:///workdir/hadoop-ozone/integration-test/target/log,AVAILABLE}
2019-11-08 16:12:32,072 [main] INFO  handler.ContextHandler (ContextHandler.java:doStart(781)) - Started o.e.j.s.ServletContextHandler@4fc165f6{/static,jar:file:/home/user/.m2/repository/org/apache/hadoop/hadoop-hdds-container-service/0.5.0-SNAPSHOT/hadoop-hdds-container-service-0.5.0-SNAPSHOT.jar!/webapps/static,AVAILABLE}
2019-11-08 16:12:32,101 [main] INFO  handler.ContextHandler (ContextHandler.java:doStart(781)) - Started o.e.j.w.WebAppContext@4dfe8b37{/,file:///tmp/jetty-0.0.0.0-35431-hddsDatanode-_-any-2703554744282196984.dir/webapp/,AVAILABLE}{/hddsDatanode}
2019-11-08 16:12:32,101 [main] INFO  server.AbstractConnector (AbstractConnector.java:doStart(278)) - Started ServerConnector@11dcd42c{HTTP/1.1,[http/1.1]}{0.0.0.0:35431}
2019-11-08 16:12:32,102 [main] INFO  server.Server (Server.java:doStart(419)) - Started @96199ms
2019-11-08 16:12:32,102 [main] WARN  impl.MetricsSystemImpl (MetricsSystemImpl.java:register(276)) - Sink prometheus already exists!
2019-11-08 16:12:32,103 [main] INFO  server.BaseHttpServer (BaseHttpServer.java:updateConnectorAddress(215)) - HTTP server of HDDSDATANODE is listening at http://0.0.0.0:35431
2019-11-08 16:12:32,104 [main] INFO  impl.MetricsSystemImpl (MetricsSystemImpl.java:init(158)) - HddsDatanode metrics system started (again)
2019-11-08 16:12:32,106 [org.apache.hadoop.util.JvmPauseMonitor$Monitor@f430f7] INFO  util.JvmPauseMonitor (JvmPauseMonitor.java:run(188)) - Starting JVM pause monitor
2019-11-08 16:12:32,106 [main] INFO  ozone.HddsDatanodeService (HddsDatanodeService.java:start(186)) - HddsDatanodeService host:pr-hdds-2375-v4kv9-2954650390 ip:192.168.69.121
2019-11-08 16:12:32,107 [Datanode State Machine Thread - 0] INFO  datanode.InitDatanodeState (InitDatanodeState.java:persistContainerDatanodeDetails(140)) - DatanodeDetails is persisted to /workdir/hadoop-ozone/integration-test/target/test-dir/MiniOzoneClusterImpl-d855ef0a-1308-4748-ba6a-889d1c87fb48/datanode-0/meta/datanode.id
2019-11-08 16:12:32,111 [main] INFO  volume.HddsVolume (HddsVolume.java:<init>(176)) - Creating Volume: /workdir/hadoop-ozone/integration-test/target/test-dir/MiniOzoneClusterImpl-d855ef0a-1308-4748-ba6a-889d1c87fb48/datanode-1/data/containers/hdds of  storage type : DISK and capacity : 1482555576320
2019-11-08 16:12:32,111 [main] INFO  volume.VolumeSet (VolumeSet.java:initializeVolumeSet(170)) - Added Volume : /workdir/hadoop-ozone/integration-test/target/test-dir/MiniOzoneClusterImpl-d855ef0a-1308-4748-ba6a-889d1c87fb48/datanode-1/data/containers/hdds to VolumeSet
2019-11-08 16:12:32,111 [main] INFO  volume.ThrottledAsyncChecker (ThrottledAsyncChecker.java:schedule(141)) - Scheduling a check for /workdir/hadoop-ozone/integration-test/target/test-dir/MiniOzoneClusterImpl-d855ef0a-1308-4748-ba6a-889d1c87fb48/datanode-1/data/containers/hdds
2019-11-08 16:12:32,112 [main] INFO  volume.HddsVolumeChecker (HddsVolumeChecker.java:checkAllVolumes(204)) - Scheduled health check for volume /workdir/hadoop-ozone/integration-test/target/test-dir/MiniOzoneClusterImpl-d855ef0a-1308-4748-ba6a-889d1c87fb48/datanode-1/data/containers/hdds
2019-11-08 16:12:32,123 [main] INFO  impl.RaftServerProxy (ConfUtils.java:logGet(43)) - raft.rpc.type = GRPC (default)
2019-11-08 16:12:32,123 [main] INFO  grpc.GrpcFactory (GrpcFactory.java:checkPooledByteBufAllocatorUseCacheForAllThreads(45)) - PERFORMANCE WARNING: useCacheForAllThreads is true that may cause Netty to create a lot garbage objects and, as a result, trigger GC.
	It is recommended to disable useCacheForAllThreads by setting -Dorg.apache.ratis.thirdparty.io.netty.allocator.useCacheForAllThreads=false in command line.
2019-11-08 16:12:32,124 [main] INFO  grpc.GrpcConfigKeys$Server (ConfUtils.java:logGet(43)) - raft.grpc.server.port = 0 (default)
2019-11-08 16:12:32,124 [main] INFO  server.GrpcService (ConfUtils.java:logGet(43)) - raft.grpc.message.size.max = 33570816 (custom)
2019-11-08 16:12:32,124 [main] INFO  server.RaftServerConfigKeys (ConfUtils.java:logGet(43)) - raft.server.log.appender.buffer.byte-limit = 33554432 (custom)
2019-11-08 16:12:32,124 [main] INFO  server.GrpcService (ConfUtils.java:logGet(43)) - raft.grpc.flow.control.window = 1MB (=1048576) (default)
2019-11-08 16:12:32,124 [main] INFO  server.RaftServerConfigKeys (ConfUtils.java:logGet(43)) - raft.server.rpc.request.timeout = 3000ms (default)
2019-11-08 16:12:32,125 [main] INFO  server.RaftServerConfigKeys (ConfUtils.java:logGet(43)) - raft.server.storage.dir = [/workdir/hadoop-ozone/integration-test/target/test-dir/MiniOzoneClusterImpl-d855ef0a-1308-4748-ba6a-889d1c87fb48/datanode-1/data/ratis] (custom)
2019-11-08 16:12:32,126 [main] INFO  hdfs.DFSUtil (DFSUtil.java:httpServerTemplateForNNAndJN(1641)) - Starting Web-server for hddsDatanode at: http://0.0.0.0:0
2019-11-08 16:12:32,127 [main] INFO  server.AuthenticationFilter (AuthenticationFilter.java:constructSecretProvider(240)) - Unable to initialize FileSignerSecretProvider, falling back to use random secrets.
2019-11-08 16:12:32,127 [main] WARN  http.HttpRequestLog (HttpRequestLog.java:getRequestLog(97)) - Jetty request log can only be enabled using Log4j
2019-11-08 16:12:32,129 [main] INFO  http.HttpServer2 (HttpServer2.java:addGlobalFilter(975)) - Added global filter 'safety' (class=org.apache.hadoop.http.HttpServer2$QuotingInputFilter)
2019-11-08 16:12:32,129 [main] INFO  http.HttpServer2 (HttpServer2.java:addFilter(948)) - Added filter static_user_filter (class=org.apache.hadoop.http.lib.StaticUserWebFilter$StaticUserFilter) to context hddsDatanode
2019-11-08 16:12:32,129 [main] INFO  http.HttpServer2 (HttpServer2.java:addFilter(958)) - Added filter static_user_filter (class=org.apache.hadoop.http.lib.StaticUserWebFilter$StaticUserFilter) to context logs
2019-11-08 16:12:32,130 [main] INFO  http.HttpServer2 (HttpServer2.java:addFilter(958)) - Added filter static_user_filter (class=org.apache.hadoop.http.lib.StaticUserWebFilter$StaticUserFilter) to context static
2019-11-08 16:12:32,130 [main] INFO  http.HttpServer2 (HttpServer2.java:bindListener(1191)) - Jetty bound to port 33836
2019-11-08 16:12:32,130 [main] INFO  server.Server (Server.java:doStart(351)) - jetty-9.3.25.v20180904, build timestamp: 2018-09-04T21:11:46Z, git hash: 3ce520221d0240229c862b122d2b06c12a625732
2019-11-08 16:12:32,132 [main] INFO  handler.ContextHandler (ContextHandler.java:doStart(781)) - Started o.e.j.s.ServletContextHandler@3f1a9a53{/logs,file:///workdir/hadoop-ozone/integration-test/target/log,AVAILABLE}
2019-11-08 16:12:32,132 [main] INFO  handler.ContextHandler (ContextHandler.java:doStart(781)) - Started o.e.j.s.ServletContextHandler@2287395{/static,jar:file:/home/user/.m2/repository/org/apache/hadoop/hadoop-hdds-container-service/0.5.0-SNAPSHOT/hadoop-hdds-container-service-0.5.0-SNAPSHOT.jar!/webapps/static,AVAILABLE}
2019-11-08 16:12:32,159 [main] INFO  handler.ContextHandler (ContextHandler.java:doStart(781)) - Started o.e.j.w.WebAppContext@3d8d17a3{/,file:///tmp/jetty-0.0.0.0-33836-hddsDatanode-_-any-3917820080784374296.dir/webapp/,AVAILABLE}{/hddsDatanode}
2019-11-08 16:12:32,159 [main] INFO  server.AbstractConnector (AbstractConnector.java:doStart(278)) - Started ServerConnector@ac91282{HTTP/1.1,[http/1.1]}{0.0.0.0:33836}
2019-11-08 16:12:32,160 [main] INFO  server.Server (Server.java:doStart(419)) - Started @96257ms
2019-11-08 16:12:32,160 [main] WARN  impl.MetricsSystemImpl (MetricsSystemImpl.java:register(276)) - Sink prometheus already exists!
2019-11-08 16:12:32,161 [main] INFO  server.BaseHttpServer (BaseHttpServer.java:updateConnectorAddress(215)) - HTTP server of HDDSDATANODE is listening at http://0.0.0.0:33836
2019-11-08 16:12:32,161 [main] INFO  impl.MetricsSystemImpl (MetricsSystemImpl.java:init(158)) - HddsDatanode metrics system started (again)
2019-11-08 16:12:32,163 [main] INFO  ozone.HddsDatanodeService (HddsDatanodeService.java:start(186)) - HddsDatanodeService host:pr-hdds-2375-v4kv9-2954650390 ip:192.168.69.121
2019-11-08 16:12:32,164 [org.apache.hadoop.util.JvmPauseMonitor$Monitor@5e3011b1] INFO  util.JvmPauseMonitor (JvmPauseMonitor.java:run(188)) - Starting JVM pause monitor
2019-11-08 16:12:32,165 [Datanode State Machine Thread - 0] INFO  datanode.InitDatanodeState (InitDatanodeState.java:persistContainerDatanodeDetails(140)) - DatanodeDetails is persisted to /workdir/hadoop-ozone/integration-test/target/test-dir/MiniOzoneClusterImpl-d855ef0a-1308-4748-ba6a-889d1c87fb48/datanode-1/meta/datanode.id
2019-11-08 16:12:32,169 [main] INFO  volume.HddsVolume (HddsVolume.java:<init>(176)) - Creating Volume: /workdir/hadoop-ozone/integration-test/target/test-dir/MiniOzoneClusterImpl-d855ef0a-1308-4748-ba6a-889d1c87fb48/datanode-2/data/containers/hdds of  storage type : DISK and capacity : 1482555576320
2019-11-08 16:12:32,170 [main] INFO  volume.VolumeSet (VolumeSet.java:initializeVolumeSet(170)) - Added Volume : /workdir/hadoop-ozone/integration-test/target/test-dir/MiniOzoneClusterImpl-d855ef0a-1308-4748-ba6a-889d1c87fb48/datanode-2/data/containers/hdds to VolumeSet
2019-11-08 16:12:32,170 [main] INFO  volume.ThrottledAsyncChecker (ThrottledAsyncChecker.java:schedule(141)) - Scheduling a check for /workdir/hadoop-ozone/integration-test/target/test-dir/MiniOzoneClusterImpl-d855ef0a-1308-4748-ba6a-889d1c87fb48/datanode-2/data/containers/hdds
2019-11-08 16:12:32,170 [main] INFO  volume.HddsVolumeChecker (HddsVolumeChecker.java:checkAllVolumes(204)) - Scheduled health check for volume /workdir/hadoop-ozone/integration-test/target/test-dir/MiniOzoneClusterImpl-d855ef0a-1308-4748-ba6a-889d1c87fb48/datanode-2/data/containers/hdds
2019-11-08 16:12:32,181 [main] INFO  impl.RaftServerProxy (ConfUtils.java:logGet(43)) - raft.rpc.type = GRPC (default)
2019-11-08 16:12:32,181 [main] INFO  grpc.GrpcFactory (GrpcFactory.java:checkPooledByteBufAllocatorUseCacheForAllThreads(45)) - PERFORMANCE WARNING: useCacheForAllThreads is true that may cause Netty to create a lot garbage objects and, as a result, trigger GC.
	It is recommended to disable useCacheForAllThreads by setting -Dorg.apache.ratis.thirdparty.io.netty.allocator.useCacheForAllThreads=false in command line.
2019-11-08 16:12:32,182 [main] INFO  grpc.GrpcConfigKeys$Server (ConfUtils.java:logGet(43)) - raft.grpc.server.port = 0 (default)
2019-11-08 16:12:32,182 [main] INFO  server.GrpcService (ConfUtils.java:logGet(43)) - raft.grpc.message.size.max = 33570816 (custom)
2019-11-08 16:12:32,182 [main] INFO  server.RaftServerConfigKeys (ConfUtils.java:logGet(43)) - raft.server.log.appender.buffer.byte-limit = 33554432 (custom)
2019-11-08 16:12:32,182 [main] INFO  server.GrpcService (ConfUtils.java:logGet(43)) - raft.grpc.flow.control.window = 1MB (=1048576) (default)
2019-11-08 16:12:32,182 [main] INFO  server.RaftServerConfigKeys (ConfUtils.java:logGet(43)) - raft.server.rpc.request.timeout = 3000ms (default)
2019-11-08 16:12:32,183 [main] INFO  server.RaftServerConfigKeys (ConfUtils.java:logGet(43)) - raft.server.storage.dir = [/workdir/hadoop-ozone/integration-test/target/test-dir/MiniOzoneClusterImpl-d855ef0a-1308-4748-ba6a-889d1c87fb48/datanode-2/data/ratis] (custom)
2019-11-08 16:12:32,184 [main] INFO  hdfs.DFSUtil (DFSUtil.java:httpServerTemplateForNNAndJN(1641)) - Starting Web-server for hddsDatanode at: http://0.0.0.0:0
2019-11-08 16:12:32,185 [main] INFO  server.AuthenticationFilter (AuthenticationFilter.java:constructSecretProvider(240)) - Unable to initialize FileSignerSecretProvider, falling back to use random secrets.
2019-11-08 16:12:32,185 [main] WARN  http.HttpRequestLog (HttpRequestLog.java:getRequestLog(97)) - Jetty request log can only be enabled using Log4j
2019-11-08 16:12:32,186 [main] INFO  http.HttpServer2 (HttpServer2.java:addGlobalFilter(975)) - Added global filter 'safety' (class=org.apache.hadoop.http.HttpServer2$QuotingInputFilter)
2019-11-08 16:12:32,187 [main] INFO  http.HttpServer2 (HttpServer2.java:addFilter(948)) - Added filter static_user_filter (class=org.apache.hadoop.http.lib.StaticUserWebFilter$StaticUserFilter) to context hddsDatanode
2019-11-08 16:12:32,187 [main] INFO  http.HttpServer2 (HttpServer2.java:addFilter(958)) - Added filter static_user_filter (class=org.apache.hadoop.http.lib.StaticUserWebFilter$StaticUserFilter) to context logs
2019-11-08 16:12:32,187 [main] INFO  http.HttpServer2 (HttpServer2.java:addFilter(958)) - Added filter static_user_filter (class=org.apache.hadoop.http.lib.StaticUserWebFilter$StaticUserFilter) to context static
2019-11-08 16:12:32,188 [main] INFO  http.HttpServer2 (HttpServer2.java:bindListener(1191)) - Jetty bound to port 36193
2019-11-08 16:12:32,188 [main] INFO  server.Server (Server.java:doStart(351)) - jetty-9.3.25.v20180904, build timestamp: 2018-09-04T21:11:46Z, git hash: 3ce520221d0240229c862b122d2b06c12a625732
2019-11-08 16:12:32,190 [main] INFO  handler.ContextHandler (ContextHandler.java:doStart(781)) - Started o.e.j.s.ServletContextHandler@7c1a8f0f{/logs,file:///workdir/hadoop-ozone/integration-test/target/log,AVAILABLE}
2019-11-08 16:12:32,190 [main] INFO  handler.ContextHandler (ContextHandler.java:doStart(781)) - Started o.e.j.s.ServletContextHandler@7730ef88{/static,jar:file:/home/user/.m2/repository/org/apache/hadoop/hadoop-hdds-container-service/0.5.0-SNAPSHOT/hadoop-hdds-container-service-0.5.0-SNAPSHOT.jar!/webapps/static,AVAILABLE}
2019-11-08 16:12:32,217 [main] INFO  handler.ContextHandler (ContextHandler.java:doStart(781)) - Started o.e.j.w.WebAppContext@3a7b2e2{/,file:///tmp/jetty-0.0.0.0-36193-hddsDatanode-_-any-2050087078825951337.dir/webapp/,AVAILABLE}{/hddsDatanode}
2019-11-08 16:12:32,217 [main] INFO  server.AbstractConnector (AbstractConnector.java:doStart(278)) - Started ServerConnector@337a6d30{HTTP/1.1,[http/1.1]}{0.0.0.0:36193}
2019-11-08 16:12:32,218 [main] INFO  server.Server (Server.java:doStart(419)) - Started @96315ms
2019-11-08 16:12:32,218 [main] WARN  impl.MetricsSystemImpl (MetricsSystemImpl.java:register(276)) - Sink prometheus already exists!
2019-11-08 16:12:32,219 [main] INFO  server.BaseHttpServer (BaseHttpServer.java:updateConnectorAddress(215)) - HTTP server of HDDSDATANODE is listening at http://0.0.0.0:36193
2019-11-08 16:12:32,220 [main] INFO  impl.MetricsSystemImpl (MetricsSystemImpl.java:init(158)) - HddsDatanode metrics system started (again)
2019-11-08 16:12:32,222 [org.apache.hadoop.util.JvmPauseMonitor$Monitor@79aa0257] INFO  util.JvmPauseMonitor (JvmPauseMonitor.java:run(188)) - Starting JVM pause monitor
2019-11-08 16:12:32,222 [main] INFO  ozone.HddsDatanodeService (HddsDatanodeService.java:start(186)) - HddsDatanodeService host:pr-hdds-2375-v4kv9-2954650390 ip:192.168.69.121
2019-11-08 16:12:32,223 [Datanode State Machine Thread - 0] INFO  datanode.InitDatanodeState (InitDatanodeState.java:persistContainerDatanodeDetails(140)) - DatanodeDetails is persisted to /workdir/hadoop-ozone/integration-test/target/test-dir/MiniOzoneClusterImpl-d855ef0a-1308-4748-ba6a-889d1c87fb48/datanode-2/meta/datanode.id
2019-11-08 16:12:32,228 [main] INFO  volume.HddsVolume (HddsVolume.java:<init>(176)) - Creating Volume: /workdir/hadoop-ozone/integration-test/target/test-dir/MiniOzoneClusterImpl-d855ef0a-1308-4748-ba6a-889d1c87fb48/datanode-3/data/containers/hdds of  storage type : DISK and capacity : 1482555576320
2019-11-08 16:12:32,228 [main] INFO  volume.VolumeSet (VolumeSet.java:initializeVolumeSet(170)) - Added Volume : /workdir/hadoop-ozone/integration-test/target/test-dir/MiniOzoneClusterImpl-d855ef0a-1308-4748-ba6a-889d1c87fb48/datanode-3/data/containers/hdds to VolumeSet
2019-11-08 16:12:32,229 [main] INFO  volume.ThrottledAsyncChecker (ThrottledAsyncChecker.java:schedule(141)) - Scheduling a check for /workdir/hadoop-ozone/integration-test/target/test-dir/MiniOzoneClusterImpl-d855ef0a-1308-4748-ba6a-889d1c87fb48/datanode-3/data/containers/hdds
2019-11-08 16:12:32,229 [main] INFO  volume.HddsVolumeChecker (HddsVolumeChecker.java:checkAllVolumes(204)) - Scheduled health check for volume /workdir/hadoop-ozone/integration-test/target/test-dir/MiniOzoneClusterImpl-d855ef0a-1308-4748-ba6a-889d1c87fb48/datanode-3/data/containers/hdds
2019-11-08 16:12:32,241 [main] INFO  impl.RaftServerProxy (ConfUtils.java:logGet(43)) - raft.rpc.type = GRPC (default)
2019-11-08 16:12:32,241 [main] INFO  grpc.GrpcFactory (GrpcFactory.java:checkPooledByteBufAllocatorUseCacheForAllThreads(45)) - PERFORMANCE WARNING: useCacheForAllThreads is true that may cause Netty to create a lot garbage objects and, as a result, trigger GC.
	It is recommended to disable useCacheForAllThreads by setting -Dorg.apache.ratis.thirdparty.io.netty.allocator.useCacheForAllThreads=false in command line.
2019-11-08 16:12:32,242 [main] INFO  grpc.GrpcConfigKeys$Server (ConfUtils.java:logGet(43)) - raft.grpc.server.port = 0 (default)
2019-11-08 16:12:32,242 [main] INFO  server.GrpcService (ConfUtils.java:logGet(43)) - raft.grpc.message.size.max = 33570816 (custom)
2019-11-08 16:12:32,242 [main] INFO  server.RaftServerConfigKeys (ConfUtils.java:logGet(43)) - raft.server.log.appender.buffer.byte-limit = 33554432 (custom)
2019-11-08 16:12:32,242 [main] INFO  server.GrpcService (ConfUtils.java:logGet(43)) - raft.grpc.flow.control.window = 1MB (=1048576) (default)
2019-11-08 16:12:32,242 [main] INFO  server.RaftServerConfigKeys (ConfUtils.java:logGet(43)) - raft.server.rpc.request.timeout = 3000ms (default)
2019-11-08 16:12:32,243 [main] INFO  server.RaftServerConfigKeys (ConfUtils.java:logGet(43)) - raft.server.storage.dir = [/workdir/hadoop-ozone/integration-test/target/test-dir/MiniOzoneClusterImpl-d855ef0a-1308-4748-ba6a-889d1c87fb48/datanode-3/data/ratis] (custom)
2019-11-08 16:12:32,245 [main] INFO  hdfs.DFSUtil (DFSUtil.java:httpServerTemplateForNNAndJN(1641)) - Starting Web-server for hddsDatanode at: http://0.0.0.0:0
2019-11-08 16:12:32,246 [main] INFO  server.AuthenticationFilter (AuthenticationFilter.java:constructSecretProvider(240)) - Unable to initialize FileSignerSecretProvider, falling back to use random secrets.
2019-11-08 16:12:32,247 [main] WARN  http.HttpRequestLog (HttpRequestLog.java:getRequestLog(97)) - Jetty request log can only be enabled using Log4j
2019-11-08 16:12:32,248 [main] INFO  http.HttpServer2 (HttpServer2.java:addGlobalFilter(975)) - Added global filter 'safety' (class=org.apache.hadoop.http.HttpServer2$QuotingInputFilter)
2019-11-08 16:12:32,249 [main] INFO  http.HttpServer2 (HttpServer2.java:addFilter(948)) - Added filter static_user_filter (class=org.apache.hadoop.http.lib.StaticUserWebFilter$StaticUserFilter) to context hddsDatanode
2019-11-08 16:12:32,249 [main] INFO  http.HttpServer2 (HttpServer2.java:addFilter(958)) - Added filter static_user_filter (class=org.apache.hadoop.http.lib.StaticUserWebFilter$StaticUserFilter) to context static
2019-11-08 16:12:32,249 [main] INFO  http.HttpServer2 (HttpServer2.java:addFilter(958)) - Added filter static_user_filter (class=org.apache.hadoop.http.lib.StaticUserWebFilter$StaticUserFilter) to context logs
2019-11-08 16:12:32,250 [main] INFO  http.HttpServer2 (HttpServer2.java:bindListener(1191)) - Jetty bound to port 40021
2019-11-08 16:12:32,250 [main] INFO  server.Server (Server.java:doStart(351)) - jetty-9.3.25.v20180904, build timestamp: 2018-09-04T21:11:46Z, git hash: 3ce520221d0240229c862b122d2b06c12a625732
2019-11-08 16:12:32,252 [main] INFO  handler.ContextHandler (ContextHandler.java:doStart(781)) - Started o.e.j.s.ServletContextHandler@75fe1619{/logs,file:///workdir/hadoop-ozone/integration-test/target/log,AVAILABLE}
2019-11-08 16:12:32,253 [main] INFO  handler.ContextHandler (ContextHandler.java:doStart(781)) - Started o.e.j.s.ServletContextHandler@5d66e944{/static,jar:file:/home/user/.m2/repository/org/apache/hadoop/hadoop-hdds-container-service/0.5.0-SNAPSHOT/hadoop-hdds-container-service-0.5.0-SNAPSHOT.jar!/webapps/static,AVAILABLE}
2019-11-08 16:12:32,285 [main] INFO  handler.ContextHandler (ContextHandler.java:doStart(781)) - Started o.e.j.w.WebAppContext@5e593b08{/,file:///tmp/jetty-0.0.0.0-40021-hddsDatanode-_-any-3016600538356456949.dir/webapp/,AVAILABLE}{/hddsDatanode}
2019-11-08 16:12:32,285 [main] INFO  server.AbstractConnector (AbstractConnector.java:doStart(278)) - Started ServerConnector@3946075{HTTP/1.1,[http/1.1]}{0.0.0.0:40021}
2019-11-08 16:12:32,287 [main] INFO  server.Server (Server.java:doStart(419)) - Started @96383ms
2019-11-08 16:12:32,287 [main] WARN  impl.MetricsSystemImpl (MetricsSystemImpl.java:register(276)) - Sink prometheus already exists!
2019-11-08 16:12:32,288 [main] INFO  server.BaseHttpServer (BaseHttpServer.java:updateConnectorAddress(215)) - HTTP server of HDDSDATANODE is listening at http://0.0.0.0:40021
2019-11-08 16:12:32,288 [main] INFO  impl.MetricsSystemImpl (MetricsSystemImpl.java:init(158)) - HddsDatanode metrics system started (again)
2019-11-08 16:12:32,291 [org.apache.hadoop.util.JvmPauseMonitor$Monitor@31e22c02] INFO  util.JvmPauseMonitor (JvmPauseMonitor.java:run(188)) - Starting JVM pause monitor
2019-11-08 16:12:32,291 [main] INFO  ozone.HddsDatanodeService (HddsDatanodeService.java:start(186)) - HddsDatanodeService host:pr-hdds-2375-v4kv9-2954650390 ip:192.168.69.121
2019-11-08 16:12:32,292 [Datanode State Machine Thread - 0] INFO  datanode.InitDatanodeState (InitDatanodeState.java:persistContainerDatanodeDetails(140)) - DatanodeDetails is persisted to /workdir/hadoop-ozone/integration-test/target/test-dir/MiniOzoneClusterImpl-d855ef0a-1308-4748-ba6a-889d1c87fb48/datanode-3/meta/datanode.id
2019-11-08 16:12:32,296 [main] INFO  volume.HddsVolume (HddsVolume.java:<init>(176)) - Creating Volume: /workdir/hadoop-ozone/integration-test/target/test-dir/MiniOzoneClusterImpl-d855ef0a-1308-4748-ba6a-889d1c87fb48/datanode-4/data/containers/hdds of  storage type : DISK and capacity : 1482555576320
2019-11-08 16:12:32,297 [main] INFO  volume.VolumeSet (VolumeSet.java:initializeVolumeSet(170)) - Added Volume : /workdir/hadoop-ozone/integration-test/target/test-dir/MiniOzoneClusterImpl-d855ef0a-1308-4748-ba6a-889d1c87fb48/datanode-4/data/containers/hdds to VolumeSet
2019-11-08 16:12:32,297 [main] INFO  volume.ThrottledAsyncChecker (ThrottledAsyncChecker.java:schedule(141)) - Scheduling a check for /workdir/hadoop-ozone/integration-test/target/test-dir/MiniOzoneClusterImpl-d855ef0a-1308-4748-ba6a-889d1c87fb48/datanode-4/data/containers/hdds
2019-11-08 16:12:32,297 [main] INFO  volume.HddsVolumeChecker (HddsVolumeChecker.java:checkAllVolumes(204)) - Scheduled health check for volume /workdir/hadoop-ozone/integration-test/target/test-dir/MiniOzoneClusterImpl-d855ef0a-1308-4748-ba6a-889d1c87fb48/datanode-4/data/containers/hdds
2019-11-08 16:12:32,307 [main] INFO  impl.RaftServerProxy (ConfUtils.java:logGet(43)) - raft.rpc.type = GRPC (default)
2019-11-08 16:12:32,307 [main] INFO  grpc.GrpcFactory (GrpcFactory.java:checkPooledByteBufAllocatorUseCacheForAllThreads(45)) - PERFORMANCE WARNING: useCacheForAllThreads is true that may cause Netty to create a lot garbage objects and, as a result, trigger GC.
	It is recommended to disable useCacheForAllThreads by setting -Dorg.apache.ratis.thirdparty.io.netty.allocator.useCacheForAllThreads=false in command line.
2019-11-08 16:12:32,308 [main] INFO  grpc.GrpcConfigKeys$Server (ConfUtils.java:logGet(43)) - raft.grpc.server.port = 0 (default)
2019-11-08 16:12:32,308 [main] INFO  server.GrpcService (ConfUtils.java:logGet(43)) - raft.grpc.message.size.max = 33570816 (custom)
2019-11-08 16:12:32,308 [main] INFO  server.RaftServerConfigKeys (ConfUtils.java:logGet(43)) - raft.server.log.appender.buffer.byte-limit = 33554432 (custom)
2019-11-08 16:12:32,308 [main] INFO  server.GrpcService (ConfUtils.java:logGet(43)) - raft.grpc.flow.control.window = 1MB (=1048576) (default)
2019-11-08 16:12:32,308 [main] INFO  server.RaftServerConfigKeys (ConfUtils.java:logGet(43)) - raft.server.rpc.request.timeout = 3000ms (default)
2019-11-08 16:12:32,309 [main] INFO  server.RaftServerConfigKeys (ConfUtils.java:logGet(43)) - raft.server.storage.dir = [/workdir/hadoop-ozone/integration-test/target/test-dir/MiniOzoneClusterImpl-d855ef0a-1308-4748-ba6a-889d1c87fb48/datanode-4/data/ratis] (custom)
2019-11-08 16:12:32,310 [main] INFO  hdfs.DFSUtil (DFSUtil.java:httpServerTemplateForNNAndJN(1641)) - Starting Web-server for hddsDatanode at: http://0.0.0.0:0
2019-11-08 16:12:32,311 [main] INFO  server.AuthenticationFilter (AuthenticationFilter.java:constructSecretProvider(240)) - Unable to initialize FileSignerSecretProvider, falling back to use random secrets.
2019-11-08 16:12:32,311 [main] WARN  http.HttpRequestLog (HttpRequestLog.java:getRequestLog(97)) - Jetty request log can only be enabled using Log4j
2019-11-08 16:12:32,312 [main] INFO  http.HttpServer2 (HttpServer2.java:addGlobalFilter(975)) - Added global filter 'safety' (class=org.apache.hadoop.http.HttpServer2$QuotingInputFilter)
2019-11-08 16:12:32,313 [main] INFO  http.HttpServer2 (HttpServer2.java:addFilter(948)) - Added filter static_user_filter (class=org.apache.hadoop.http.lib.StaticUserWebFilter$StaticUserFilter) to context hddsDatanode
2019-11-08 16:12:32,313 [main] INFO  http.HttpServer2 (HttpServer2.java:addFilter(958)) - Added filter static_user_filter (class=org.apache.hadoop.http.lib.StaticUserWebFilter$StaticUserFilter) to context logs
2019-11-08 16:12:32,313 [main] INFO  http.HttpServer2 (HttpServer2.java:addFilter(958)) - Added filter static_user_filter (class=org.apache.hadoop.http.lib.StaticUserWebFilter$StaticUserFilter) to context static
2019-11-08 16:12:32,314 [main] INFO  http.HttpServer2 (HttpServer2.java:bindListener(1191)) - Jetty bound to port 34345
2019-11-08 16:12:32,314 [main] INFO  server.Server (Server.java:doStart(351)) - jetty-9.3.25.v20180904, build timestamp: 2018-09-04T21:11:46Z, git hash: 3ce520221d0240229c862b122d2b06c12a625732
2019-11-08 16:12:32,315 [main] INFO  handler.ContextHandler (ContextHandler.java:doStart(781)) - Started o.e.j.s.ServletContextHandler@13ed066e{/logs,file:///workdir/hadoop-ozone/integration-test/target/log,AVAILABLE}
2019-11-08 16:12:32,315 [main] INFO  handler.ContextHandler (ContextHandler.java:doStart(781)) - Started o.e.j.s.ServletContextHandler@590765c4{/static,jar:file:/home/user/.m2/repository/org/apache/hadoop/hadoop-hdds-container-service/0.5.0-SNAPSHOT/hadoop-hdds-container-service-0.5.0-SNAPSHOT.jar!/webapps/static,AVAILABLE}
2019-11-08 16:12:32,341 [main] INFO  handler.ContextHandler (ContextHandler.java:doStart(781)) - Started o.e.j.w.WebAppContext@131a7516{/,file:///tmp/jetty-0.0.0.0-34345-hddsDatanode-_-any-8574942660232654040.dir/webapp/,AVAILABLE}{/hddsDatanode}
2019-11-08 16:12:32,341 [main] INFO  server.AbstractConnector (AbstractConnector.java:doStart(278)) - Started ServerConnector@5ae15{HTTP/1.1,[http/1.1]}{0.0.0.0:34345}
2019-11-08 16:12:32,342 [main] INFO  server.Server (Server.java:doStart(419)) - Started @96439ms
2019-11-08 16:12:32,343 [main] WARN  impl.MetricsSystemImpl (MetricsSystemImpl.java:register(276)) - Sink prometheus already exists!
2019-11-08 16:12:32,344 [main] INFO  server.BaseHttpServer (BaseHttpServer.java:updateConnectorAddress(215)) - HTTP server of HDDSDATANODE is listening at http://0.0.0.0:34345
2019-11-08 16:12:32,345 [main] INFO  impl.MetricsSystemImpl (MetricsSystemImpl.java:init(158)) - HddsDatanode metrics system started (again)
2019-11-08 16:12:32,347 [org.apache.hadoop.util.JvmPauseMonitor$Monitor@167d55f3] INFO  util.JvmPauseMonitor (JvmPauseMonitor.java:run(188)) - Starting JVM pause monitor
2019-11-08 16:12:32,347 [main] INFO  ozone.HddsDatanodeService (HddsDatanodeService.java:start(186)) - HddsDatanodeService host:pr-hdds-2375-v4kv9-2954650390 ip:192.168.69.121
2019-11-08 16:12:32,348 [Datanode State Machine Thread - 0] INFO  datanode.InitDatanodeState (InitDatanodeState.java:persistContainerDatanodeDetails(140)) - DatanodeDetails is persisted to /workdir/hadoop-ozone/integration-test/target/test-dir/MiniOzoneClusterImpl-d855ef0a-1308-4748-ba6a-889d1c87fb48/datanode-4/meta/datanode.id
2019-11-08 16:12:32,352 [main] INFO  volume.HddsVolume (HddsVolume.java:<init>(176)) - Creating Volume: /workdir/hadoop-ozone/integration-test/target/test-dir/MiniOzoneClusterImpl-d855ef0a-1308-4748-ba6a-889d1c87fb48/datanode-5/data/containers/hdds of  storage type : DISK and capacity : 1482555576320
2019-11-08 16:12:32,353 [main] INFO  volume.VolumeSet (VolumeSet.java:initializeVolumeSet(170)) - Added Volume : /workdir/hadoop-ozone/integration-test/target/test-dir/MiniOzoneClusterImpl-d855ef0a-1308-4748-ba6a-889d1c87fb48/datanode-5/data/containers/hdds to VolumeSet
2019-11-08 16:12:32,353 [main] INFO  volume.ThrottledAsyncChecker (ThrottledAsyncChecker.java:schedule(141)) - Scheduling a check for /workdir/hadoop-ozone/integration-test/target/test-dir/MiniOzoneClusterImpl-d855ef0a-1308-4748-ba6a-889d1c87fb48/datanode-5/data/containers/hdds
2019-11-08 16:12:32,353 [main] INFO  volume.HddsVolumeChecker (HddsVolumeChecker.java:checkAllVolumes(204)) - Scheduled health check for volume /workdir/hadoop-ozone/integration-test/target/test-dir/MiniOzoneClusterImpl-d855ef0a-1308-4748-ba6a-889d1c87fb48/datanode-5/data/containers/hdds
2019-11-08 16:12:32,363 [main] INFO  impl.RaftServerProxy (ConfUtils.java:logGet(43)) - raft.rpc.type = GRPC (default)
2019-11-08 16:12:32,363 [main] INFO  grpc.GrpcFactory (GrpcFactory.java:checkPooledByteBufAllocatorUseCacheForAllThreads(45)) - PERFORMANCE WARNING: useCacheForAllThreads is true that may cause Netty to create a lot garbage objects and, as a result, trigger GC.
	It is recommended to disable useCacheForAllThreads by setting -Dorg.apache.ratis.thirdparty.io.netty.allocator.useCacheForAllThreads=false in command line.
2019-11-08 16:12:32,363 [main] INFO  grpc.GrpcConfigKeys$Server (ConfUtils.java:logGet(43)) - raft.grpc.server.port = 0 (default)
2019-11-08 16:12:32,363 [main] INFO  server.GrpcService (ConfUtils.java:logGet(43)) - raft.grpc.message.size.max = 33570816 (custom)
2019-11-08 16:12:32,364 [main] INFO  server.RaftServerConfigKeys (ConfUtils.java:logGet(43)) - raft.server.log.appender.buffer.byte-limit = 33554432 (custom)
2019-11-08 16:12:32,364 [main] INFO  server.GrpcService (ConfUtils.java:logGet(43)) - raft.grpc.flow.control.window = 1MB (=1048576) (default)
2019-11-08 16:12:32,364 [main] INFO  server.RaftServerConfigKeys (ConfUtils.java:logGet(43)) - raft.server.rpc.request.timeout = 3000ms (default)
2019-11-08 16:12:32,364 [main] INFO  server.RaftServerConfigKeys (ConfUtils.java:logGet(43)) - raft.server.storage.dir = [/workdir/hadoop-ozone/integration-test/target/test-dir/MiniOzoneClusterImpl-d855ef0a-1308-4748-ba6a-889d1c87fb48/datanode-5/data/ratis] (custom)
2019-11-08 16:12:32,366 [main] INFO  hdfs.DFSUtil (DFSUtil.java:httpServerTemplateForNNAndJN(1641)) - Starting Web-server for hddsDatanode at: http://0.0.0.0:0
2019-11-08 16:12:32,367 [main] INFO  server.AuthenticationFilter (AuthenticationFilter.java:constructSecretProvider(240)) - Unable to initialize FileSignerSecretProvider, falling back to use random secrets.
2019-11-08 16:12:32,368 [main] WARN  http.HttpRequestLog (HttpRequestLog.java:getRequestLog(97)) - Jetty request log can only be enabled using Log4j
2019-11-08 16:12:32,369 [main] INFO  http.HttpServer2 (HttpServer2.java:addGlobalFilter(975)) - Added global filter 'safety' (class=org.apache.hadoop.http.HttpServer2$QuotingInputFilter)
2019-11-08 16:12:32,370 [main] INFO  http.HttpServer2 (HttpServer2.java:addFilter(948)) - Added filter static_user_filter (class=org.apache.hadoop.http.lib.StaticUserWebFilter$StaticUserFilter) to context hddsDatanode
2019-11-08 16:12:32,370 [main] INFO  http.HttpServer2 (HttpServer2.java:addFilter(958)) - Added filter static_user_filter (class=org.apache.hadoop.http.lib.StaticUserWebFilter$StaticUserFilter) to context logs
2019-11-08 16:12:32,370 [main] INFO  http.HttpServer2 (HttpServer2.java:addFilter(958)) - Added filter static_user_filter (class=org.apache.hadoop.http.lib.StaticUserWebFilter$StaticUserFilter) to context static
2019-11-08 16:12:32,371 [main] INFO  http.HttpServer2 (HttpServer2.java:bindListener(1191)) - Jetty bound to port 39822
2019-11-08 16:12:32,371 [main] INFO  server.Server (Server.java:doStart(351)) - jetty-9.3.25.v20180904, build timestamp: 2018-09-04T21:11:46Z, git hash: 3ce520221d0240229c862b122d2b06c12a625732
2019-11-08 16:12:32,373 [main] INFO  handler.ContextHandler (ContextHandler.java:doStart(781)) - Started o.e.j.s.ServletContextHandler@44286963{/logs,file:///workdir/hadoop-ozone/integration-test/target/log,AVAILABLE}
2019-11-08 16:12:32,373 [main] INFO  handler.ContextHandler (ContextHandler.java:doStart(781)) - Started o.e.j.s.ServletContextHandler@2b736fee{/static,jar:file:/home/user/.m2/repository/org/apache/hadoop/hadoop-hdds-container-service/0.5.0-SNAPSHOT/hadoop-hdds-container-service-0.5.0-SNAPSHOT.jar!/webapps/static,AVAILABLE}
2019-11-08 16:12:32,400 [main] INFO  handler.ContextHandler (ContextHandler.java:doStart(781)) - Started o.e.j.w.WebAppContext@29079032{/,file:///tmp/jetty-0.0.0.0-39822-hddsDatanode-_-any-8027856481769383175.dir/webapp/,AVAILABLE}{/hddsDatanode}
2019-11-08 16:12:32,400 [main] INFO  server.AbstractConnector (AbstractConnector.java:doStart(278)) - Started ServerConnector@7e7743ec{HTTP/1.1,[http/1.1]}{0.0.0.0:39822}
2019-11-08 16:12:32,401 [main] INFO  server.Server (Server.java:doStart(419)) - Started @96498ms
2019-11-08 16:12:32,402 [main] WARN  impl.MetricsSystemImpl (MetricsSystemImpl.java:register(276)) - Sink prometheus already exists!
2019-11-08 16:12:32,402 [main] INFO  server.BaseHttpServer (BaseHttpServer.java:updateConnectorAddress(215)) - HTTP server of HDDSDATANODE is listening at http://0.0.0.0:39822
2019-11-08 16:12:32,403 [main] INFO  impl.MetricsSystemImpl (MetricsSystemImpl.java:init(158)) - HddsDatanode metrics system started (again)
2019-11-08 16:12:32,405 [org.apache.hadoop.util.JvmPauseMonitor$Monitor@73052fff] INFO  util.JvmPauseMonitor (JvmPauseMonitor.java:run(188)) - Starting JVM pause monitor
2019-11-08 16:12:32,406 [main] INFO  ozone.HddsDatanodeService (HddsDatanodeService.java:start(186)) - HddsDatanodeService host:pr-hdds-2375-v4kv9-2954650390 ip:192.168.69.121
2019-11-08 16:12:32,406 [Datanode State Machine Thread - 0] INFO  datanode.InitDatanodeState (InitDatanodeState.java:persistContainerDatanodeDetails(140)) - DatanodeDetails is persisted to /workdir/hadoop-ozone/integration-test/target/test-dir/MiniOzoneClusterImpl-d855ef0a-1308-4748-ba6a-889d1c87fb48/datanode-5/meta/datanode.id
2019-11-08 16:12:32,411 [main] INFO  volume.HddsVolume (HddsVolume.java:<init>(176)) - Creating Volume: /workdir/hadoop-ozone/integration-test/target/test-dir/MiniOzoneClusterImpl-d855ef0a-1308-4748-ba6a-889d1c87fb48/datanode-6/data/containers/hdds of  storage type : DISK and capacity : 1482555576320
2019-11-08 16:12:32,411 [main] INFO  volume.VolumeSet (VolumeSet.java:initializeVolumeSet(170)) - Added Volume : /workdir/hadoop-ozone/integration-test/target/test-dir/MiniOzoneClusterImpl-d855ef0a-1308-4748-ba6a-889d1c87fb48/datanode-6/data/containers/hdds to VolumeSet
2019-11-08 16:12:32,411 [main] INFO  volume.ThrottledAsyncChecker (ThrottledAsyncChecker.java:schedule(141)) - Scheduling a check for /workdir/hadoop-ozone/integration-test/target/test-dir/MiniOzoneClusterImpl-d855ef0a-1308-4748-ba6a-889d1c87fb48/datanode-6/data/containers/hdds
2019-11-08 16:12:32,411 [main] INFO  volume.HddsVolumeChecker (HddsVolumeChecker.java:checkAllVolumes(204)) - Scheduled health check for volume /workdir/hadoop-ozone/integration-test/target/test-dir/MiniOzoneClusterImpl-d855ef0a-1308-4748-ba6a-889d1c87fb48/datanode-6/data/containers/hdds
2019-11-08 16:12:32,423 [main] INFO  impl.RaftServerProxy (ConfUtils.java:logGet(43)) - raft.rpc.type = GRPC (default)
2019-11-08 16:12:32,423 [main] INFO  grpc.GrpcFactory (GrpcFactory.java:checkPooledByteBufAllocatorUseCacheForAllThreads(45)) - PERFORMANCE WARNING: useCacheForAllThreads is true that may cause Netty to create a lot garbage objects and, as a result, trigger GC.
	It is recommended to disable useCacheForAllThreads by setting -Dorg.apache.ratis.thirdparty.io.netty.allocator.useCacheForAllThreads=false in command line.
2019-11-08 16:12:32,423 [main] INFO  grpc.GrpcConfigKeys$Server (ConfUtils.java:logGet(43)) - raft.grpc.server.port = 0 (default)
2019-11-08 16:12:32,423 [main] INFO  server.GrpcService (ConfUtils.java:logGet(43)) - raft.grpc.message.size.max = 33570816 (custom)
2019-11-08 16:12:32,424 [main] INFO  server.RaftServerConfigKeys (ConfUtils.java:logGet(43)) - raft.server.log.appender.buffer.byte-limit = 33554432 (custom)
2019-11-08 16:12:32,424 [main] INFO  server.GrpcService (ConfUtils.java:logGet(43)) - raft.grpc.flow.control.window = 1MB (=1048576) (default)
2019-11-08 16:12:32,424 [main] INFO  server.RaftServerConfigKeys (ConfUtils.java:logGet(43)) - raft.server.rpc.request.timeout = 3000ms (default)
2019-11-08 16:12:32,424 [main] INFO  server.RaftServerConfigKeys (ConfUtils.java:logGet(43)) - raft.server.storage.dir = [/workdir/hadoop-ozone/integration-test/target/test-dir/MiniOzoneClusterImpl-d855ef0a-1308-4748-ba6a-889d1c87fb48/datanode-6/data/ratis] (custom)
2019-11-08 16:12:32,426 [main] INFO  hdfs.DFSUtil (DFSUtil.java:httpServerTemplateForNNAndJN(1641)) - Starting Web-server for hddsDatanode at: http://0.0.0.0:0
2019-11-08 16:12:32,427 [main] INFO  server.AuthenticationFilter (AuthenticationFilter.java:constructSecretProvider(240)) - Unable to initialize FileSignerSecretProvider, falling back to use random secrets.
2019-11-08 16:12:32,427 [main] WARN  http.HttpRequestLog (HttpRequestLog.java:getRequestLog(97)) - Jetty request log can only be enabled using Log4j
2019-11-08 16:12:32,429 [main] INFO  http.HttpServer2 (HttpServer2.java:addGlobalFilter(975)) - Added global filter 'safety' (class=org.apache.hadoop.http.HttpServer2$QuotingInputFilter)
2019-11-08 16:12:32,429 [main] INFO  http.HttpServer2 (HttpServer2.java:addFilter(948)) - Added filter static_user_filter (class=org.apache.hadoop.http.lib.StaticUserWebFilter$StaticUserFilter) to context hddsDatanode
2019-11-08 16:12:32,429 [main] INFO  http.HttpServer2 (HttpServer2.java:addFilter(958)) - Added filter static_user_filter (class=org.apache.hadoop.http.lib.StaticUserWebFilter$StaticUserFilter) to context static
2019-11-08 16:12:32,429 [main] INFO  http.HttpServer2 (HttpServer2.java:addFilter(958)) - Added filter static_user_filter (class=org.apache.hadoop.http.lib.StaticUserWebFilter$StaticUserFilter) to context logs
2019-11-08 16:12:32,430 [main] INFO  http.HttpServer2 (HttpServer2.java:bindListener(1191)) - Jetty bound to port 40137
2019-11-08 16:12:32,430 [main] INFO  server.Server (Server.java:doStart(351)) - jetty-9.3.25.v20180904, build timestamp: 2018-09-04T21:11:46Z, git hash: 3ce520221d0240229c862b122d2b06c12a625732
2019-11-08 16:12:32,431 [main] INFO  handler.ContextHandler (ContextHandler.java:doStart(781)) - Started o.e.j.s.ServletContextHandler@f5a7226{/logs,file:///workdir/hadoop-ozone/integration-test/target/log,AVAILABLE}
2019-11-08 16:12:32,432 [main] INFO  handler.ContextHandler (ContextHandler.java:doStart(781)) - Started o.e.j.s.ServletContextHandler@6ad1701a{/static,jar:file:/home/user/.m2/repository/org/apache/hadoop/hadoop-hdds-container-service/0.5.0-SNAPSHOT/hadoop-hdds-container-service-0.5.0-SNAPSHOT.jar!/webapps/static,AVAILABLE}
2019-11-08 16:12:32,458 [main] INFO  handler.ContextHandler (ContextHandler.java:doStart(781)) - Started o.e.j.w.WebAppContext@66e21568{/,file:///tmp/jetty-0.0.0.0-40137-hddsDatanode-_-any-4368466065359625887.dir/webapp/,AVAILABLE}{/hddsDatanode}
2019-11-08 16:12:32,458 [main] INFO  server.AbstractConnector (AbstractConnector.java:doStart(278)) - Started ServerConnector@7f73ce28{HTTP/1.1,[http/1.1]}{0.0.0.0:40137}
2019-11-08 16:12:32,460 [main] INFO  server.Server (Server.java:doStart(419)) - Started @96557ms
2019-11-08 16:12:32,460 [main] WARN  impl.MetricsSystemImpl (MetricsSystemImpl.java:register(276)) - Sink prometheus already exists!
2019-11-08 16:12:32,461 [main] INFO  server.BaseHttpServer (BaseHttpServer.java:updateConnectorAddress(215)) - HTTP server of HDDSDATANODE is listening at http://0.0.0.0:40137
2019-11-08 16:12:32,461 [main] INFO  impl.MetricsSystemImpl (MetricsSystemImpl.java:init(158)) - HddsDatanode metrics system started (again)
2019-11-08 16:12:32,464 [org.apache.hadoop.util.JvmPauseMonitor$Monitor@34f4f69f] INFO  util.JvmPauseMonitor (JvmPauseMonitor.java:run(188)) - Starting JVM pause monitor
2019-11-08 16:12:32,464 [main] INFO  ozone.HddsDatanodeService (HddsDatanodeService.java:start(186)) - HddsDatanodeService host:pr-hdds-2375-v4kv9-2954650390 ip:192.168.69.121
2019-11-08 16:12:32,465 [Datanode State Machine Thread - 0] INFO  datanode.InitDatanodeState (InitDatanodeState.java:persistContainerDatanodeDetails(140)) - DatanodeDetails is persisted to /workdir/hadoop-ozone/integration-test/target/test-dir/MiniOzoneClusterImpl-d855ef0a-1308-4748-ba6a-889d1c87fb48/datanode-6/meta/datanode.id
2019-11-08 16:12:32,469 [main] INFO  volume.HddsVolume (HddsVolume.java:<init>(176)) - Creating Volume: /workdir/hadoop-ozone/integration-test/target/test-dir/MiniOzoneClusterImpl-d855ef0a-1308-4748-ba6a-889d1c87fb48/datanode-7/data/containers/hdds of  storage type : DISK and capacity : 1482555576320
2019-11-08 16:12:32,470 [main] INFO  volume.VolumeSet (VolumeSet.java:initializeVolumeSet(170)) - Added Volume : /workdir/hadoop-ozone/integration-test/target/test-dir/MiniOzoneClusterImpl-d855ef0a-1308-4748-ba6a-889d1c87fb48/datanode-7/data/containers/hdds to VolumeSet
2019-11-08 16:12:32,470 [main] INFO  volume.ThrottledAsyncChecker (ThrottledAsyncChecker.java:schedule(141)) - Scheduling a check for /workdir/hadoop-ozone/integration-test/target/test-dir/MiniOzoneClusterImpl-d855ef0a-1308-4748-ba6a-889d1c87fb48/datanode-7/data/containers/hdds
2019-11-08 16:12:32,470 [main] INFO  volume.HddsVolumeChecker (HddsVolumeChecker.java:checkAllVolumes(204)) - Scheduled health check for volume /workdir/hadoop-ozone/integration-test/target/test-dir/MiniOzoneClusterImpl-d855ef0a-1308-4748-ba6a-889d1c87fb48/datanode-7/data/containers/hdds
2019-11-08 16:12:32,480 [main] INFO  impl.RaftServerProxy (ConfUtils.java:logGet(43)) - raft.rpc.type = GRPC (default)
2019-11-08 16:12:32,480 [main] INFO  grpc.GrpcFactory (GrpcFactory.java:checkPooledByteBufAllocatorUseCacheForAllThreads(45)) - PERFORMANCE WARNING: useCacheForAllThreads is true that may cause Netty to create a lot garbage objects and, as a result, trigger GC.
	It is recommended to disable useCacheForAllThreads by setting -Dorg.apache.ratis.thirdparty.io.netty.allocator.useCacheForAllThreads=false in command line.
2019-11-08 16:12:32,480 [main] INFO  grpc.GrpcConfigKeys$Server (ConfUtils.java:logGet(43)) - raft.grpc.server.port = 0 (default)
2019-11-08 16:12:32,480 [main] INFO  server.GrpcService (ConfUtils.java:logGet(43)) - raft.grpc.message.size.max = 33570816 (custom)
2019-11-08 16:12:32,481 [main] INFO  server.RaftServerConfigKeys (ConfUtils.java:logGet(43)) - raft.server.log.appender.buffer.byte-limit = 33554432 (custom)
2019-11-08 16:12:32,481 [main] INFO  server.GrpcService (ConfUtils.java:logGet(43)) - raft.grpc.flow.control.window = 1MB (=1048576) (default)
2019-11-08 16:12:32,481 [main] INFO  server.RaftServerConfigKeys (ConfUtils.java:logGet(43)) - raft.server.rpc.request.timeout = 3000ms (default)
2019-11-08 16:12:32,481 [main] INFO  server.RaftServerConfigKeys (ConfUtils.java:logGet(43)) - raft.server.storage.dir = [/workdir/hadoop-ozone/integration-test/target/test-dir/MiniOzoneClusterImpl-d855ef0a-1308-4748-ba6a-889d1c87fb48/datanode-7/data/ratis] (custom)
2019-11-08 16:12:32,483 [main] INFO  hdfs.DFSUtil (DFSUtil.java:httpServerTemplateForNNAndJN(1641)) - Starting Web-server for hddsDatanode at: http://0.0.0.0:0
2019-11-08 16:12:32,484 [main] INFO  server.AuthenticationFilter (AuthenticationFilter.java:constructSecretProvider(240)) - Unable to initialize FileSignerSecretProvider, falling back to use random secrets.
2019-11-08 16:12:32,484 [main] WARN  http.HttpRequestLog (HttpRequestLog.java:getRequestLog(97)) - Jetty request log can only be enabled using Log4j
2019-11-08 16:12:32,485 [main] INFO  http.HttpServer2 (HttpServer2.java:addGlobalFilter(975)) - Added global filter 'safety' (class=org.apache.hadoop.http.HttpServer2$QuotingInputFilter)
2019-11-08 16:12:32,486 [main] INFO  http.HttpServer2 (HttpServer2.java:addFilter(948)) - Added filter static_user_filter (class=org.apache.hadoop.http.lib.StaticUserWebFilter$StaticUserFilter) to context hddsDatanode
2019-11-08 16:12:32,486 [main] INFO  http.HttpServer2 (HttpServer2.java:addFilter(958)) - Added filter static_user_filter (class=org.apache.hadoop.http.lib.StaticUserWebFilter$StaticUserFilter) to context static
2019-11-08 16:12:32,486 [main] INFO  http.HttpServer2 (HttpServer2.java:addFilter(958)) - Added filter static_user_filter (class=org.apache.hadoop.http.lib.StaticUserWebFilter$StaticUserFilter) to context logs
2019-11-08 16:12:32,487 [main] INFO  http.HttpServer2 (HttpServer2.java:bindListener(1191)) - Jetty bound to port 46196
2019-11-08 16:12:32,488 [main] INFO  server.Server (Server.java:doStart(351)) - jetty-9.3.25.v20180904, build timestamp: 2018-09-04T21:11:46Z, git hash: 3ce520221d0240229c862b122d2b06c12a625732
2019-11-08 16:12:32,489 [main] INFO  handler.ContextHandler (ContextHandler.java:doStart(781)) - Started o.e.j.s.ServletContextHandler@3dce6dd8{/logs,file:///workdir/hadoop-ozone/integration-test/target/log,AVAILABLE}
2019-11-08 16:12:32,490 [main] INFO  handler.ContextHandler (ContextHandler.java:doStart(781)) - Started o.e.j.s.ServletContextHandler@13803a94{/static,jar:file:/home/user/.m2/repository/org/apache/hadoop/hadoop-hdds-container-service/0.5.0-SNAPSHOT/hadoop-hdds-container-service-0.5.0-SNAPSHOT.jar!/webapps/static,AVAILABLE}
2019-11-08 16:12:32,518 [main] INFO  handler.ContextHandler (ContextHandler.java:doStart(781)) - Started o.e.j.w.WebAppContext@661d6bb6{/,file:///tmp/jetty-0.0.0.0-46196-hddsDatanode-_-any-3011531553306417968.dir/webapp/,AVAILABLE}{/hddsDatanode}
2019-11-08 16:12:32,519 [main] INFO  server.AbstractConnector (AbstractConnector.java:doStart(278)) - Started ServerConnector@733fb462{HTTP/1.1,[http/1.1]}{0.0.0.0:46196}
2019-11-08 16:12:32,520 [main] INFO  server.Server (Server.java:doStart(419)) - Started @96617ms
2019-11-08 16:12:32,520 [main] WARN  impl.MetricsSystemImpl (MetricsSystemImpl.java:register(276)) - Sink prometheus already exists!
2019-11-08 16:12:32,521 [main] INFO  server.BaseHttpServer (BaseHttpServer.java:updateConnectorAddress(215)) - HTTP server of HDDSDATANODE is listening at http://0.0.0.0:46196
2019-11-08 16:12:32,522 [main] INFO  impl.MetricsSystemImpl (MetricsSystemImpl.java:init(158)) - HddsDatanode metrics system started (again)
2019-11-08 16:12:32,525 [org.apache.hadoop.util.JvmPauseMonitor$Monitor@60f9fd1a] INFO  util.JvmPauseMonitor (JvmPauseMonitor.java:run(188)) - Starting JVM pause monitor
2019-11-08 16:12:32,525 [main] INFO  ozone.HddsDatanodeService (HddsDatanodeService.java:start(186)) - HddsDatanodeService host:pr-hdds-2375-v4kv9-2954650390 ip:192.168.69.121
2019-11-08 16:12:32,526 [Datanode State Machine Thread - 0] INFO  datanode.InitDatanodeState (InitDatanodeState.java:persistContainerDatanodeDetails(140)) - DatanodeDetails is persisted to /workdir/hadoop-ozone/integration-test/target/test-dir/MiniOzoneClusterImpl-d855ef0a-1308-4748-ba6a-889d1c87fb48/datanode-7/meta/datanode.id
2019-11-08 16:12:32,532 [main] INFO  volume.HddsVolume (HddsVolume.java:<init>(176)) - Creating Volume: /workdir/hadoop-ozone/integration-test/target/test-dir/MiniOzoneClusterImpl-d855ef0a-1308-4748-ba6a-889d1c87fb48/datanode-8/data/containers/hdds of  storage type : DISK and capacity : 1482555576320
2019-11-08 16:12:32,533 [main] INFO  volume.VolumeSet (VolumeSet.java:initializeVolumeSet(170)) - Added Volume : /workdir/hadoop-ozone/integration-test/target/test-dir/MiniOzoneClusterImpl-d855ef0a-1308-4748-ba6a-889d1c87fb48/datanode-8/data/containers/hdds to VolumeSet
2019-11-08 16:12:32,533 [main] INFO  volume.ThrottledAsyncChecker (ThrottledAsyncChecker.java:schedule(141)) - Scheduling a check for /workdir/hadoop-ozone/integration-test/target/test-dir/MiniOzoneClusterImpl-d855ef0a-1308-4748-ba6a-889d1c87fb48/datanode-8/data/containers/hdds
2019-11-08 16:12:32,533 [main] INFO  volume.HddsVolumeChecker (HddsVolumeChecker.java:checkAllVolumes(204)) - Scheduled health check for volume /workdir/hadoop-ozone/integration-test/target/test-dir/MiniOzoneClusterImpl-d855ef0a-1308-4748-ba6a-889d1c87fb48/datanode-8/data/containers/hdds
2019-11-08 16:12:32,549 [main] INFO  impl.RaftServerProxy (ConfUtils.java:logGet(43)) - raft.rpc.type = GRPC (default)
2019-11-08 16:12:32,550 [main] INFO  grpc.GrpcFactory (GrpcFactory.java:checkPooledByteBufAllocatorUseCacheForAllThreads(45)) - PERFORMANCE WARNING: useCacheForAllThreads is true that may cause Netty to create a lot garbage objects and, as a result, trigger GC.
	It is recommended to disable useCacheForAllThreads by setting -Dorg.apache.ratis.thirdparty.io.netty.allocator.useCacheForAllThreads=false in command line.
2019-11-08 16:12:32,550 [main] INFO  grpc.GrpcConfigKeys$Server (ConfUtils.java:logGet(43)) - raft.grpc.server.port = 0 (default)
2019-11-08 16:12:32,550 [main] INFO  server.GrpcService (ConfUtils.java:logGet(43)) - raft.grpc.message.size.max = 33570816 (custom)
2019-11-08 16:12:32,550 [main] INFO  server.RaftServerConfigKeys (ConfUtils.java:logGet(43)) - raft.server.log.appender.buffer.byte-limit = 33554432 (custom)
2019-11-08 16:12:32,550 [main] INFO  server.GrpcService (ConfUtils.java:logGet(43)) - raft.grpc.flow.control.window = 1MB (=1048576) (default)
2019-11-08 16:12:32,551 [main] INFO  server.RaftServerConfigKeys (ConfUtils.java:logGet(43)) - raft.server.rpc.request.timeout = 3000ms (default)
2019-11-08 16:12:32,551 [main] INFO  server.RaftServerConfigKeys (ConfUtils.java:logGet(43)) - raft.server.storage.dir = [/workdir/hadoop-ozone/integration-test/target/test-dir/MiniOzoneClusterImpl-d855ef0a-1308-4748-ba6a-889d1c87fb48/datanode-8/data/ratis] (custom)
2019-11-08 16:12:32,553 [main] INFO  hdfs.DFSUtil (DFSUtil.java:httpServerTemplateForNNAndJN(1641)) - Starting Web-server for hddsDatanode at: http://0.0.0.0:0
2019-11-08 16:12:32,555 [main] INFO  server.AuthenticationFilter (AuthenticationFilter.java:constructSecretProvider(240)) - Unable to initialize FileSignerSecretProvider, falling back to use random secrets.
2019-11-08 16:12:32,555 [main] WARN  http.HttpRequestLog (HttpRequestLog.java:getRequestLog(97)) - Jetty request log can only be enabled using Log4j
2019-11-08 16:12:32,557 [main] INFO  http.HttpServer2 (HttpServer2.java:addGlobalFilter(975)) - Added global filter 'safety' (class=org.apache.hadoop.http.HttpServer2$QuotingInputFilter)
2019-11-08 16:12:32,558 [main] INFO  http.HttpServer2 (HttpServer2.java:addFilter(948)) - Added filter static_user_filter (class=org.apache.hadoop.http.lib.StaticUserWebFilter$StaticUserFilter) to context hddsDatanode
2019-11-08 16:12:32,558 [main] INFO  http.HttpServer2 (HttpServer2.java:addFilter(958)) - Added filter static_user_filter (class=org.apache.hadoop.http.lib.StaticUserWebFilter$StaticUserFilter) to context logs
2019-11-08 16:12:32,558 [main] INFO  http.HttpServer2 (HttpServer2.java:addFilter(958)) - Added filter static_user_filter (class=org.apache.hadoop.http.lib.StaticUserWebFilter$StaticUserFilter) to context static
2019-11-08 16:12:32,559 [main] INFO  http.HttpServer2 (HttpServer2.java:bindListener(1191)) - Jetty bound to port 33700
2019-11-08 16:12:32,559 [main] INFO  server.Server (Server.java:doStart(351)) - jetty-9.3.25.v20180904, build timestamp: 2018-09-04T21:11:46Z, git hash: 3ce520221d0240229c862b122d2b06c12a625732
2019-11-08 16:12:32,561 [main] INFO  handler.ContextHandler (ContextHandler.java:doStart(781)) - Started o.e.j.s.ServletContextHandler@31723307{/logs,file:///workdir/hadoop-ozone/integration-test/target/log,AVAILABLE}
2019-11-08 16:12:32,561 [main] INFO  handler.ContextHandler (ContextHandler.java:doStart(781)) - Started o.e.j.s.ServletContextHandler@6d6f6860{/static,jar:file:/home/user/.m2/repository/org/apache/hadoop/hadoop-hdds-container-service/0.5.0-SNAPSHOT/hadoop-hdds-container-service-0.5.0-SNAPSHOT.jar!/webapps/static,AVAILABLE}
2019-11-08 16:12:32,593 [main] INFO  handler.ContextHandler (ContextHandler.java:doStart(781)) - Started o.e.j.w.WebAppContext@3cc053{/,file:///tmp/jetty-0.0.0.0-33700-hddsDatanode-_-any-5210795633886422079.dir/webapp/,AVAILABLE}{/hddsDatanode}
2019-11-08 16:12:32,594 [main] INFO  server.AbstractConnector (AbstractConnector.java:doStart(278)) - Started ServerConnector@388c519{HTTP/1.1,[http/1.1]}{0.0.0.0:33700}
2019-11-08 16:12:32,595 [main] INFO  server.Server (Server.java:doStart(419)) - Started @96692ms
2019-11-08 16:12:32,595 [main] WARN  impl.MetricsSystemImpl (MetricsSystemImpl.java:register(276)) - Sink prometheus already exists!
2019-11-08 16:12:32,596 [main] INFO  server.BaseHttpServer (BaseHttpServer.java:updateConnectorAddress(215)) - HTTP server of HDDSDATANODE is listening at http://0.0.0.0:33700
2019-11-08 16:12:32,597 [main] INFO  impl.MetricsSystemImpl (MetricsSystemImpl.java:init(158)) - HddsDatanode metrics system started (again)
2019-11-08 16:12:32,600 [org.apache.hadoop.util.JvmPauseMonitor$Monitor@61601fde] INFO  util.JvmPauseMonitor (JvmPauseMonitor.java:run(188)) - Starting JVM pause monitor
2019-11-08 16:12:32,601 [main] INFO  ozone.HddsDatanodeService (HddsDatanodeService.java:start(186)) - HddsDatanodeService host:pr-hdds-2375-v4kv9-2954650390 ip:192.168.69.121
2019-11-08 16:12:32,602 [Datanode State Machine Thread - 0] INFO  datanode.InitDatanodeState (InitDatanodeState.java:persistContainerDatanodeDetails(140)) - DatanodeDetails is persisted to /workdir/hadoop-ozone/integration-test/target/test-dir/MiniOzoneClusterImpl-d855ef0a-1308-4748-ba6a-889d1c87fb48/datanode-8/meta/datanode.id
2019-11-08 16:12:32,607 [main] INFO  volume.HddsVolume (HddsVolume.java:<init>(176)) - Creating Volume: /workdir/hadoop-ozone/integration-test/target/test-dir/MiniOzoneClusterImpl-d855ef0a-1308-4748-ba6a-889d1c87fb48/datanode-9/data/containers/hdds of  storage type : DISK and capacity : 1482555576320
2019-11-08 16:12:32,607 [main] INFO  volume.VolumeSet (VolumeSet.java:initializeVolumeSet(170)) - Added Volume : /workdir/hadoop-ozone/integration-test/target/test-dir/MiniOzoneClusterImpl-d855ef0a-1308-4748-ba6a-889d1c87fb48/datanode-9/data/containers/hdds to VolumeSet
2019-11-08 16:12:32,607 [main] INFO  volume.ThrottledAsyncChecker (ThrottledAsyncChecker.java:schedule(141)) - Scheduling a check for /workdir/hadoop-ozone/integration-test/target/test-dir/MiniOzoneClusterImpl-d855ef0a-1308-4748-ba6a-889d1c87fb48/datanode-9/data/containers/hdds
2019-11-08 16:12:32,608 [main] INFO  volume.HddsVolumeChecker (HddsVolumeChecker.java:checkAllVolumes(204)) - Scheduled health check for volume /workdir/hadoop-ozone/integration-test/target/test-dir/MiniOzoneClusterImpl-d855ef0a-1308-4748-ba6a-889d1c87fb48/datanode-9/data/containers/hdds
2019-11-08 16:12:32,618 [main] INFO  impl.RaftServerProxy (ConfUtils.java:logGet(43)) - raft.rpc.type = GRPC (default)
2019-11-08 16:12:32,618 [main] INFO  grpc.GrpcFactory (GrpcFactory.java:checkPooledByteBufAllocatorUseCacheForAllThreads(45)) - PERFORMANCE WARNING: useCacheForAllThreads is true that may cause Netty to create a lot garbage objects and, as a result, trigger GC.
	It is recommended to disable useCacheForAllThreads by setting -Dorg.apache.ratis.thirdparty.io.netty.allocator.useCacheForAllThreads=false in command line.
2019-11-08 16:12:32,618 [main] INFO  grpc.GrpcConfigKeys$Server (ConfUtils.java:logGet(43)) - raft.grpc.server.port = 0 (default)
2019-11-08 16:12:32,619 [main] INFO  server.GrpcService (ConfUtils.java:logGet(43)) - raft.grpc.message.size.max = 33570816 (custom)
2019-11-08 16:12:32,619 [main] INFO  server.RaftServerConfigKeys (ConfUtils.java:logGet(43)) - raft.server.log.appender.buffer.byte-limit = 33554432 (custom)
2019-11-08 16:12:32,619 [main] INFO  server.GrpcService (ConfUtils.java:logGet(43)) - raft.grpc.flow.control.window = 1MB (=1048576) (default)
2019-11-08 16:12:32,619 [main] INFO  server.RaftServerConfigKeys (ConfUtils.java:logGet(43)) - raft.server.rpc.request.timeout = 3000ms (default)
2019-11-08 16:12:32,619 [main] INFO  server.RaftServerConfigKeys (ConfUtils.java:logGet(43)) - raft.server.storage.dir = [/workdir/hadoop-ozone/integration-test/target/test-dir/MiniOzoneClusterImpl-d855ef0a-1308-4748-ba6a-889d1c87fb48/datanode-9/data/ratis] (custom)
2019-11-08 16:12:32,621 [main] INFO  hdfs.DFSUtil (DFSUtil.java:httpServerTemplateForNNAndJN(1641)) - Starting Web-server for hddsDatanode at: http://0.0.0.0:0
2019-11-08 16:12:32,622 [main] INFO  server.AuthenticationFilter (AuthenticationFilter.java:constructSecretProvider(240)) - Unable to initialize FileSignerSecretProvider, falling back to use random secrets.
2019-11-08 16:12:32,623 [main] WARN  http.HttpRequestLog (HttpRequestLog.java:getRequestLog(97)) - Jetty request log can only be enabled using Log4j
2019-11-08 16:12:32,625 [main] INFO  http.HttpServer2 (HttpServer2.java:addGlobalFilter(975)) - Added global filter 'safety' (class=org.apache.hadoop.http.HttpServer2$QuotingInputFilter)
2019-11-08 16:12:32,625 [main] INFO  http.HttpServer2 (HttpServer2.java:addFilter(948)) - Added filter static_user_filter (class=org.apache.hadoop.http.lib.StaticUserWebFilter$StaticUserFilter) to context hddsDatanode
2019-11-08 16:12:32,625 [main] INFO  http.HttpServer2 (HttpServer2.java:addFilter(958)) - Added filter static_user_filter (class=org.apache.hadoop.http.lib.StaticUserWebFilter$StaticUserFilter) to context static
2019-11-08 16:12:32,626 [main] INFO  http.HttpServer2 (HttpServer2.java:addFilter(958)) - Added filter static_user_filter (class=org.apache.hadoop.http.lib.StaticUserWebFilter$StaticUserFilter) to context logs
2019-11-08 16:12:32,626 [main] INFO  http.HttpServer2 (HttpServer2.java:bindListener(1191)) - Jetty bound to port 36461
2019-11-08 16:12:32,627 [main] INFO  server.Server (Server.java:doStart(351)) - jetty-9.3.25.v20180904, build timestamp: 2018-09-04T21:11:46Z, git hash: 3ce520221d0240229c862b122d2b06c12a625732
2019-11-08 16:12:32,628 [main] INFO  handler.ContextHandler (ContextHandler.java:doStart(781)) - Started o.e.j.s.ServletContextHandler@43245559{/logs,file:///workdir/hadoop-ozone/integration-test/target/log,AVAILABLE}
2019-11-08 16:12:32,629 [main] INFO  handler.ContextHandler (ContextHandler.java:doStart(781)) - Started o.e.j.s.ServletContextHandler@499ee966{/static,jar:file:/home/user/.m2/repository/org/apache/hadoop/hadoop-hdds-container-service/0.5.0-SNAPSHOT/hadoop-hdds-container-service-0.5.0-SNAPSHOT.jar!/webapps/static,AVAILABLE}
2019-11-08 16:12:32,666 [main] INFO  handler.ContextHandler (ContextHandler.java:doStart(781)) - Started o.e.j.w.WebAppContext@59845579{/,file:///tmp/jetty-0.0.0.0-36461-hddsDatanode-_-any-2115143125560980310.dir/webapp/,AVAILABLE}{/hddsDatanode}
2019-11-08 16:12:32,666 [main] INFO  server.AbstractConnector (AbstractConnector.java:doStart(278)) - Started ServerConnector@30c19bff{HTTP/1.1,[http/1.1]}{0.0.0.0:36461}
2019-11-08 16:12:32,667 [main] INFO  server.Server (Server.java:doStart(419)) - Started @96764ms
2019-11-08 16:12:32,667 [main] WARN  impl.MetricsSystemImpl (MetricsSystemImpl.java:register(276)) - Sink prometheus already exists!
2019-11-08 16:12:32,668 [main] INFO  server.BaseHttpServer (BaseHttpServer.java:updateConnectorAddress(215)) - HTTP server of HDDSDATANODE is listening at http://0.0.0.0:36461
2019-11-08 16:12:32,669 [main] INFO  ozone.MiniOzoneClusterImpl (MiniOzoneClusterImpl.java:lambda$waitForClusterToBeReady$0(147)) - Waiting for cluster to be ready. Got 0 of 10 DN Heartbeats.
2019-11-08 16:12:32,670 [org.apache.hadoop.util.JvmPauseMonitor$Monitor@28c1a64f] INFO  util.JvmPauseMonitor (JvmPauseMonitor.java:run(188)) - Starting JVM pause monitor
2019-11-08 16:12:32,671 [Datanode State Machine Thread - 0] INFO  datanode.InitDatanodeState (InitDatanodeState.java:persistContainerDatanodeDetails(140)) - DatanodeDetails is persisted to /workdir/hadoop-ozone/integration-test/target/test-dir/MiniOzoneClusterImpl-d855ef0a-1308-4748-ba6a-889d1c87fb48/datanode-9/meta/datanode.id
2019-11-08 16:12:33,669 [main] INFO  ozone.MiniOzoneClusterImpl (MiniOzoneClusterImpl.java:lambda$waitForClusterToBeReady$0(147)) - Waiting for cluster to be ready. Got 0 of 10 DN Heartbeats.
2019-11-08 16:12:34,670 [main] INFO  ozone.MiniOzoneClusterImpl (MiniOzoneClusterImpl.java:lambda$waitForClusterToBeReady$0(147)) - Waiting for cluster to be ready. Got 0 of 10 DN Heartbeats.
2019-11-08 16:12:35,670 [main] INFO  ozone.MiniOzoneClusterImpl (MiniOzoneClusterImpl.java:lambda$waitForClusterToBeReady$0(147)) - Waiting for cluster to be ready. Got 0 of 10 DN Heartbeats.
2019-11-08 16:12:36,672 [main] INFO  ozone.MiniOzoneClusterImpl (MiniOzoneClusterImpl.java:lambda$waitForClusterToBeReady$0(147)) - Waiting for cluster to be ready. Got 0 of 10 DN Heartbeats.
2019-11-08 16:12:37,672 [main] INFO  ozone.MiniOzoneClusterImpl (MiniOzoneClusterImpl.java:lambda$waitForClusterToBeReady$0(147)) - Waiting for cluster to be ready. Got 0 of 10 DN Heartbeats.
2019-11-08 16:12:38,673 [main] INFO  ozone.MiniOzoneClusterImpl (MiniOzoneClusterImpl.java:lambda$waitForClusterToBeReady$0(147)) - Waiting for cluster to be ready. Got 0 of 10 DN Heartbeats.
2019-11-08 16:12:39,673 [main] INFO  ozone.MiniOzoneClusterImpl (MiniOzoneClusterImpl.java:lambda$waitForClusterToBeReady$0(147)) - Waiting for cluster to be ready. Got 0 of 10 DN Heartbeats.
2019-11-08 16:12:40,674 [main] INFO  ozone.MiniOzoneClusterImpl (MiniOzoneClusterImpl.java:lambda$waitForClusterToBeReady$0(147)) - Waiting for cluster to be ready. Got 0 of 10 DN Heartbeats.
2019-11-08 16:12:41,676 [main] INFO  ozone.MiniOzoneClusterImpl (MiniOzoneClusterImpl.java:lambda$waitForClusterToBeReady$0(147)) - Waiting for cluster to be ready. Got 0 of 10 DN Heartbeats.
2019-11-08 16:12:42,677 [main] INFO  ozone.MiniOzoneClusterImpl (MiniOzoneClusterImpl.java:lambda$waitForClusterToBeReady$0(147)) - Waiting for cluster to be ready. Got 0 of 10 DN Heartbeats.
2019-11-08 16:12:43,677 [main] INFO  ozone.MiniOzoneClusterImpl (MiniOzoneClusterImpl.java:lambda$waitForClusterToBeReady$0(147)) - Waiting for cluster to be ready. Got 0 of 10 DN Heartbeats.
2019-11-08 16:12:44,678 [main] INFO  ozone.MiniOzoneClusterImpl (MiniOzoneClusterImpl.java:lambda$waitForClusterToBeReady$0(147)) - Waiting for cluster to be ready. Got 0 of 10 DN Heartbeats.
2019-11-08 16:12:45,325 [Datanode State Machine Thread - 0] INFO  ozoneimpl.OzoneContainer (OzoneContainer.java:start(218)) - Attempting to start container services.
2019-11-08 16:12:45,327 [Datanode State Machine Thread - 0] INFO  ozoneimpl.OzoneContainer (OzoneContainer.java:startContainerScrub(182)) - Background container scanner has been disabled.
2019-11-08 16:12:45,327 [Datanode State Machine Thread - 0] INFO  ratis.XceiverServerRatis (XceiverServerRatis.java:start(414)) - Starting XceiverServerRatis fdaf92da-19a4-414a-af4c-01715acef4ce at port 0
2019-11-08 16:12:45,338 [Datanode State Machine Thread - 0] INFO  impl.RaftServerProxy (RaftServerProxy.java:lambda$start$3(299)) - fdaf92da-19a4-414a-af4c-01715acef4ce: start RPC server
2019-11-08 16:12:45,344 [Datanode State Machine Thread - 0] INFO  server.GrpcService (GrpcService.java:startImpl(158)) - fdaf92da-19a4-414a-af4c-01715acef4ce: GrpcService started, listening on 0.0.0.0/0.0.0.0:37869
2019-11-08 16:12:45,344 [Datanode State Machine Thread - 0] INFO  ratis.XceiverServerRatis (XceiverServerRatis.java:start(424)) - XceiverServerRatis fdaf92da-19a4-414a-af4c-01715acef4ce is started using port 37869
2019-11-08 16:12:45,345 [Datanode State Machine Thread - 0] INFO  server.XceiverServerGrpc (XceiverServerGrpc.java:start(145)) - XceiverServerGrpc fdaf92da-19a4-414a-af4c-01715acef4ce is started using port 46560
2019-11-08 16:12:45,678 [main] INFO  ozone.MiniOzoneClusterImpl (MiniOzoneClusterImpl.java:lambda$waitForClusterToBeReady$0(147)) - Waiting for cluster to be ready. Got 0 of 10 DN Heartbeats.
2019-11-08 16:12:46,122 [IPC Server handler 1 on 33429] INFO  net.NetworkTopology (NetworkTopologyImpl.java:add(111)) - Added a new node: /rack1/fdaf92da-19a4-414a-af4c-01715acef4ce
2019-11-08 16:12:46,124 [IPC Server handler 1 on 33429] INFO  node.SCMNodeManager (SCMNodeManager.java:register(267)) - Registered Data node : fdaf92da-19a4-414a-af4c-01715acef4ce{ip: 192.168.69.121, host: pr-hdds-2375-v4kv9-2954650390, networkLocation: /rack1, certSerialId: null}
2019-11-08 16:12:46,125 [EventQueue-NodeRegistrationContainerReportForDataNodeSafeModeRule] INFO  safemode.SCMSafeModeManager (DataNodeSafeModeRule.java:process(71)) - SCM in safe mode. 1 DataNodes registered, 1 required.
2019-11-08 16:12:46,127 [EventQueue-NodeRegistrationContainerReportForDataNodeSafeModeRule] INFO  safemode.SCMSafeModeManager (SCMSafeModeManager.java:validateSafeModeExitRules(177)) - ScmSafeModeManager, all rules are successfully validated
2019-11-08 16:12:46,127 [EventQueue-NodeRegistrationContainerReportForDataNodeSafeModeRule] INFO  safemode.SCMSafeModeManager (SCMSafeModeManager.java:exitSafeMode(193)) - SCM exiting safe mode.
2019-11-08 16:12:46,141 [grpc-default-executor-2] INFO  impl.RaftServerProxy (RaftServerProxy.java:addNew(89)) - fdaf92da-19a4-414a-af4c-01715acef4ce: addNew group-BCF61A1230ED:[fdaf92da-19a4-414a-af4c-01715acef4ce:192.168.69.121:37869] returns group-BCF61A1230ED:java.util.concurrent.CompletableFuture@7e4d869c[Not completed]
2019-11-08 16:12:46,145 [pool-269-thread-1] INFO  impl.RaftServerImpl (RaftServerImpl.java:<init>(98)) - fdaf92da-19a4-414a-af4c-01715acef4ce: new RaftServerImpl for group-BCF61A1230ED:[fdaf92da-19a4-414a-af4c-01715acef4ce:192.168.69.121:37869] with ContainerStateMachine:uninitialized
2019-11-08 16:12:46,145 [pool-269-thread-1] INFO  server.RaftServerConfigKeys (ConfUtils.java:logGet(43)) - raft.server.rpc.timeout.min = 1s (custom)
2019-11-08 16:12:46,145 [pool-269-thread-1] INFO  server.RaftServerConfigKeys (ConfUtils.java:logGet(43)) - raft.server.rpc.timeout.max = 1200ms (custom)
2019-11-08 16:12:46,146 [pool-269-thread-1] INFO  server.RaftServerConfigKeys (ConfUtils.java:logGet(43)) - raft.server.rpcslowness.timeout = 120s (custom)
2019-11-08 16:12:46,146 [pool-269-thread-1] INFO  server.RaftServerConfigKeys (ConfUtils.java:logGet(43)) - raft.server.sleep.deviation.threshold = 300 (default)
2019-11-08 16:12:46,146 [pool-269-thread-1] INFO  server.RaftServerConfigKeys (ConfUtils.java:logGet(43)) - raft.server.log.appender.install.snapshot.enabled = false (custom)
2019-11-08 16:12:46,146 [pool-269-thread-1] INFO  impl.RaftServerImpl (ServerState.java:<init>(103)) - fdaf92da-19a4-414a-af4c-01715acef4ce@group-BCF61A1230ED: ConfigurationManager, init=-1: [fdaf92da-19a4-414a-af4c-01715acef4ce:192.168.69.121:37869], old=null, confs=<EMPTY_MAP>
2019-11-08 16:12:46,147 [pool-269-thread-1] INFO  server.RaftServerConfigKeys (ConfUtils.java:logGet(43)) - raft.server.storage.dir = [/workdir/hadoop-ozone/integration-test/target/test-dir/MiniOzoneClusterImpl-d855ef0a-1308-4748-ba6a-889d1c87fb48/datanode-0/data/ratis] (custom)
2019-11-08 16:12:46,147 [pool-269-thread-1] INFO  server.RaftServerConfigKeys (ConfUtils.java:logGet(43)) - raft.server.log.corruption.policy = EXCEPTION (default)
2019-11-08 16:12:46,148 [pool-269-thread-1] INFO  storage.RaftStorageDirectory (RaftStorageDirectory.java:analyzeStorage(246)) - The storage directory /workdir/hadoop-ozone/integration-test/target/test-dir/MiniOzoneClusterImpl-d855ef0a-1308-4748-ba6a-889d1c87fb48/datanode-0/data/ratis/7f0d9dac-4d0b-405e-98cb-bcf61a1230ed does not exist. Creating ...
2019-11-08 16:12:46,679 [main] INFO  ozone.MiniOzoneClusterImpl (MiniOzoneClusterImpl.java:lambda$waitForClusterToBeReady$0(147)) - Waiting for cluster to be ready. Got 1 of 10 DN Heartbeats.
2019-11-08 16:12:47,391 [Datanode State Machine Thread - 0] INFO  ozoneimpl.OzoneContainer (OzoneContainer.java:start(218)) - Attempting to start container services.
2019-11-08 16:12:47,391 [Datanode State Machine Thread - 0] INFO  ozoneimpl.OzoneContainer (OzoneContainer.java:start(218)) - Attempting to start container services.
2019-11-08 16:12:47,391 [Datanode State Machine Thread - 0] INFO  ozoneimpl.OzoneContainer (OzoneContainer.java:start(218)) - Attempting to start container services.
2019-11-08 16:12:47,391 [Datanode State Machine Thread - 0] INFO  ozoneimpl.OzoneContainer (OzoneContainer.java:start(218)) - Attempting to start container services.
2019-11-08 16:12:47,391 [Datanode State Machine Thread - 0] INFO  ozoneimpl.OzoneContainer (OzoneContainer.java:start(218)) - Attempting to start container services.
2019-11-08 16:12:47,391 [Datanode State Machine Thread - 0] INFO  ozoneimpl.OzoneContainer (OzoneContainer.java:start(218)) - Attempting to start container services.
2019-11-08 16:12:47,391 [Datanode State Machine Thread - 0] INFO  ozoneimpl.OzoneContainer (OzoneContainer.java:start(218)) - Attempting to start container services.
2019-11-08 16:12:47,391 [Datanode State Machine Thread - 0] INFO  ozoneimpl.OzoneContainer (OzoneContainer.java:start(218)) - Attempting to start container services.
2019-11-08 16:12:47,391 [Datanode State Machine Thread - 0] INFO  ozoneimpl.OzoneContainer (OzoneContainer.java:start(218)) - Attempting to start container services.
2019-11-08 16:12:47,393 [Datanode State Machine Thread - 0] INFO  ozoneimpl.OzoneContainer (OzoneContainer.java:startContainerScrub(182)) - Background container scanner has been disabled.
2019-11-08 16:12:47,393 [Datanode State Machine Thread - 0] INFO  ozoneimpl.OzoneContainer (OzoneContainer.java:startContainerScrub(182)) - Background container scanner has been disabled.
2019-11-08 16:12:47,393 [Datanode State Machine Thread - 0] INFO  ratis.XceiverServerRatis (XceiverServerRatis.java:start(414)) - Starting XceiverServerRatis c0c4966b-a29b-458a-b1c2-0283d43e69e4 at port 0
2019-11-08 16:12:47,393 [Datanode State Machine Thread - 0] INFO  ozoneimpl.OzoneContainer (OzoneContainer.java:startContainerScrub(182)) - Background container scanner has been disabled.
2019-11-08 16:12:47,392 [Datanode State Machine Thread - 0] INFO  ozoneimpl.OzoneContainer (OzoneContainer.java:startContainerScrub(182)) - Background container scanner has been disabled.
2019-11-08 16:12:47,394 [Datanode State Machine Thread - 0] INFO  ratis.XceiverServerRatis (XceiverServerRatis.java:start(414)) - Starting XceiverServerRatis 5c8de53a-50e9-4a81-8fc7-fc88bd05b87a at port 0
2019-11-08 16:12:47,392 [Datanode State Machine Thread - 0] INFO  ozoneimpl.OzoneContainer (OzoneContainer.java:startContainerScrub(182)) - Background container scanner has been disabled.
2019-11-08 16:12:47,392 [Datanode State Machine Thread - 0] INFO  ozoneimpl.OzoneContainer (OzoneContainer.java:startContainerScrub(182)) - Background container scanner has been disabled.
2019-11-08 16:12:47,392 [Datanode State Machine Thread - 0] INFO  ozoneimpl.OzoneContainer (OzoneContainer.java:startContainerScrub(182)) - Background container scanner has been disabled.
2019-11-08 16:12:47,392 [Datanode State Machine Thread - 0] INFO  ozoneimpl.OzoneContainer (OzoneContainer.java:startContainerScrub(182)) - Background container scanner has been disabled.
2019-11-08 16:12:47,395 [Datanode State Machine Thread - 0] INFO  ratis.XceiverServerRatis (XceiverServerRatis.java:start(414)) - Starting XceiverServerRatis 680e3d83-69d1-42a7-8f90-7ca066c682b4 at port 0
2019-11-08 16:12:47,395 [Datanode State Machine Thread - 0] INFO  ratis.XceiverServerRatis (XceiverServerRatis.java:start(414)) - Starting XceiverServerRatis f309a46b-858f-4d34-8a48-cafddd02cd92 at port 0
2019-11-08 16:12:47,394 [Datanode State Machine Thread - 0] INFO  ratis.XceiverServerRatis (XceiverServerRatis.java:start(414)) - Starting XceiverServerRatis 03eb0ea3-c918-407f-9290-c90b35d7325f at port 0
2019-11-08 16:12:47,394 [Datanode State Machine Thread - 0] INFO  ratis.XceiverServerRatis (XceiverServerRatis.java:start(414)) - Starting XceiverServerRatis 7e32dd82-55f5-4385-83a6-80d378f14338 at port 0
2019-11-08 16:12:47,393 [Datanode State Machine Thread - 0] INFO  ratis.XceiverServerRatis (XceiverServerRatis.java:start(414)) - Starting XceiverServerRatis 8a90bd24-fa71-4c4c-9689-3774517d4877 at port 0
2019-11-08 16:12:47,393 [Datanode State Machine Thread - 0] INFO  ozoneimpl.OzoneContainer (OzoneContainer.java:startContainerScrub(182)) - Background container scanner has been disabled.
2019-11-08 16:12:47,395 [Datanode State Machine Thread - 0] INFO  ratis.XceiverServerRatis (XceiverServerRatis.java:start(414)) - Starting XceiverServerRatis 8a72f15d-ea41-479b-ae82-b54d06415f76 at port 0
2019-11-08 16:12:47,396 [Datanode State Machine Thread - 0] INFO  ratis.XceiverServerRatis (XceiverServerRatis.java:start(414)) - Starting XceiverServerRatis 4c8858b5-dd34-4dfa-8a80-c1e60ab9590b at port 0
2019-11-08 16:12:47,681 [main] INFO  ozone.MiniOzoneClusterImpl (MiniOzoneClusterImpl.java:lambda$waitForClusterToBeReady$0(147)) - Waiting for cluster to be ready. Got 1 of 10 DN Heartbeats.
2019-11-08 16:12:47,758 [Datanode State Machine Thread - 0] INFO  impl.RaftServerProxy (RaftServerProxy.java:lambda$start$3(299)) - 03eb0ea3-c918-407f-9290-c90b35d7325f: start RPC server
2019-11-08 16:12:47,759 [Datanode State Machine Thread - 0] INFO  impl.RaftServerProxy (RaftServerProxy.java:lambda$start$3(299)) - 8a72f15d-ea41-479b-ae82-b54d06415f76: start RPC server
2019-11-08 16:12:47,759 [Datanode State Machine Thread - 0] INFO  server.GrpcService (GrpcService.java:startImpl(158)) - 03eb0ea3-c918-407f-9290-c90b35d7325f: GrpcService started, listening on 0.0.0.0/0.0.0.0:41545
2019-11-08 16:12:47,759 [Datanode State Machine Thread - 0] INFO  ratis.XceiverServerRatis (XceiverServerRatis.java:start(424)) - XceiverServerRatis 03eb0ea3-c918-407f-9290-c90b35d7325f is started using port 41545
2019-11-08 16:12:47,760 [Datanode State Machine Thread - 0] INFO  impl.RaftServerProxy (RaftServerProxy.java:lambda$start$3(299)) - c0c4966b-a29b-458a-b1c2-0283d43e69e4: start RPC server
2019-11-08 16:12:47,762 [Datanode State Machine Thread - 0] INFO  server.GrpcService (GrpcService.java:startImpl(158)) - 8a72f15d-ea41-479b-ae82-b54d06415f76: GrpcService started, listening on 0.0.0.0/0.0.0.0:39941
2019-11-08 16:12:47,762 [Datanode State Machine Thread - 0] INFO  server.XceiverServerGrpc (XceiverServerGrpc.java:start(145)) - XceiverServerGrpc 03eb0ea3-c918-407f-9290-c90b35d7325f is started using port 35821
2019-11-08 16:12:47,762 [Datanode State Machine Thread - 0] INFO  ratis.XceiverServerRatis (XceiverServerRatis.java:start(424)) - XceiverServerRatis 8a72f15d-ea41-479b-ae82-b54d06415f76 is started using port 39941
2019-11-08 16:12:47,763 [Datanode State Machine Thread - 0] INFO  impl.RaftServerProxy (RaftServerProxy.java:lambda$start$3(299)) - 7e32dd82-55f5-4385-83a6-80d378f14338: start RPC server
2019-11-08 16:12:47,764 [Datanode State Machine Thread - 0] INFO  server.GrpcService (GrpcService.java:startImpl(158)) - c0c4966b-a29b-458a-b1c2-0283d43e69e4: GrpcService started, listening on 0.0.0.0/0.0.0.0:46426
2019-11-08 16:12:47,765 [Datanode State Machine Thread - 0] INFO  server.XceiverServerGrpc (XceiverServerGrpc.java:start(145)) - XceiverServerGrpc 8a72f15d-ea41-479b-ae82-b54d06415f76 is started using port 42917
2019-11-08 16:12:47,765 [Datanode State Machine Thread - 0] INFO  ratis.XceiverServerRatis (XceiverServerRatis.java:start(424)) - XceiverServerRatis c0c4966b-a29b-458a-b1c2-0283d43e69e4 is started using port 46426
2019-11-08 16:12:47,768 [Datanode State Machine Thread - 0] INFO  server.GrpcService (GrpcService.java:startImpl(158)) - 7e32dd82-55f5-4385-83a6-80d378f14338: GrpcService started, listening on 0.0.0.0/0.0.0.0:39611
2019-11-08 16:12:47,768 [Datanode State Machine Thread - 0] INFO  server.XceiverServerGrpc (XceiverServerGrpc.java:start(145)) - XceiverServerGrpc c0c4966b-a29b-458a-b1c2-0283d43e69e4 is started using port 35709
2019-11-08 16:12:47,768 [Datanode State Machine Thread - 0] INFO  ratis.XceiverServerRatis (XceiverServerRatis.java:start(424)) - XceiverServerRatis 7e32dd82-55f5-4385-83a6-80d378f14338 is started using port 39611
2019-11-08 16:12:47,775 [Datanode State Machine Thread - 0] INFO  server.XceiverServerGrpc (XceiverServerGrpc.java:start(145)) - XceiverServerGrpc 7e32dd82-55f5-4385-83a6-80d378f14338 is started using port 45010
2019-11-08 16:12:47,780 [Datanode State Machine Thread - 0] INFO  impl.RaftServerProxy (RaftServerProxy.java:lambda$start$3(299)) - f309a46b-858f-4d34-8a48-cafddd02cd92: start RPC server
2019-11-08 16:12:47,782 [Datanode State Machine Thread - 0] INFO  server.GrpcService (GrpcService.java:startImpl(158)) - f309a46b-858f-4d34-8a48-cafddd02cd92: GrpcService started, listening on 0.0.0.0/0.0.0.0:40867
2019-11-08 16:12:47,782 [Datanode State Machine Thread - 0] INFO  ratis.XceiverServerRatis (XceiverServerRatis.java:start(424)) - XceiverServerRatis f309a46b-858f-4d34-8a48-cafddd02cd92 is started using port 40867
2019-11-08 16:12:47,782 [Datanode State Machine Thread - 0] INFO  impl.RaftServerProxy (RaftServerProxy.java:lambda$start$3(299)) - 8a90bd24-fa71-4c4c-9689-3774517d4877: start RPC server
2019-11-08 16:12:47,782 [Datanode State Machine Thread - 0] INFO  impl.RaftServerProxy (RaftServerProxy.java:lambda$start$3(299)) - 4c8858b5-dd34-4dfa-8a80-c1e60ab9590b: start RPC server
2019-11-08 16:12:47,784 [Datanode State Machine Thread - 0] INFO  server.XceiverServerGrpc (XceiverServerGrpc.java:start(145)) - XceiverServerGrpc f309a46b-858f-4d34-8a48-cafddd02cd92 is started using port 36533
2019-11-08 16:12:47,784 [Datanode State Machine Thread - 0] INFO  server.GrpcService (GrpcService.java:startImpl(158)) - 8a90bd24-fa71-4c4c-9689-3774517d4877: GrpcService started, listening on 0.0.0.0/0.0.0.0:41031
2019-11-08 16:12:47,784 [Datanode State Machine Thread - 0] INFO  ratis.XceiverServerRatis (XceiverServerRatis.java:start(424)) - XceiverServerRatis 8a90bd24-fa71-4c4c-9689-3774517d4877 is started using port 41031
2019-11-08 16:12:47,785 [Datanode State Machine Thread - 0] INFO  server.GrpcService (GrpcService.java:startImpl(158)) - 4c8858b5-dd34-4dfa-8a80-c1e60ab9590b: GrpcService started, listening on 0.0.0.0/0.0.0.0:43670
2019-11-08 16:12:47,785 [Datanode State Machine Thread - 0] INFO  server.XceiverServerGrpc (XceiverServerGrpc.java:start(145)) - XceiverServerGrpc 8a90bd24-fa71-4c4c-9689-3774517d4877 is started using port 40470
2019-11-08 16:12:47,785 [Datanode State Machine Thread - 0] INFO  ratis.XceiverServerRatis (XceiverServerRatis.java:start(424)) - XceiverServerRatis 4c8858b5-dd34-4dfa-8a80-c1e60ab9590b is started using port 43670
2019-11-08 16:12:47,785 [Datanode State Machine Thread - 0] INFO  server.XceiverServerGrpc (XceiverServerGrpc.java:start(145)) - XceiverServerGrpc 4c8858b5-dd34-4dfa-8a80-c1e60ab9590b is started using port 44060
2019-11-08 16:12:47,785 [Datanode State Machine Thread - 0] INFO  impl.RaftServerProxy (RaftServerProxy.java:lambda$start$3(299)) - 5c8de53a-50e9-4a81-8fc7-fc88bd05b87a: start RPC server
2019-11-08 16:12:47,789 [Datanode State Machine Thread - 0] INFO  server.GrpcService (GrpcService.java:startImpl(158)) - 5c8de53a-50e9-4a81-8fc7-fc88bd05b87a: GrpcService started, listening on 0.0.0.0/0.0.0.0:35969
2019-11-08 16:12:47,789 [Datanode State Machine Thread - 0] INFO  ratis.XceiverServerRatis (XceiverServerRatis.java:start(424)) - XceiverServerRatis 5c8de53a-50e9-4a81-8fc7-fc88bd05b87a is started using port 35969
2019-11-08 16:12:47,789 [Datanode State Machine Thread - 0] INFO  impl.RaftServerProxy (RaftServerProxy.java:lambda$start$3(299)) - 680e3d83-69d1-42a7-8f90-7ca066c682b4: start RPC server
2019-11-08 16:12:47,791 [Datanode State Machine Thread - 0] INFO  server.XceiverServerGrpc (XceiverServerGrpc.java:start(145)) - XceiverServerGrpc 5c8de53a-50e9-4a81-8fc7-fc88bd05b87a is started using port 37481
2019-11-08 16:12:47,793 [Datanode State Machine Thread - 0] INFO  server.GrpcService (GrpcService.java:startImpl(158)) - 680e3d83-69d1-42a7-8f90-7ca066c682b4: GrpcService started, listening on 0.0.0.0/0.0.0.0:38442
2019-11-08 16:12:47,793 [Datanode State Machine Thread - 0] INFO  ratis.XceiverServerRatis (XceiverServerRatis.java:start(424)) - XceiverServerRatis 680e3d83-69d1-42a7-8f90-7ca066c682b4 is started using port 38442
2019-11-08 16:12:47,793 [Datanode State Machine Thread - 0] INFO  server.XceiverServerGrpc (XceiverServerGrpc.java:start(145)) - XceiverServerGrpc 680e3d83-69d1-42a7-8f90-7ca066c682b4 is started using port 45476
2019-11-08 16:12:48,170 [IPC Server handler 2 on 33429] INFO  net.NetworkTopology (NetworkTopologyImpl.java:add(111)) - Added a new node: /rack1/f309a46b-858f-4d34-8a48-cafddd02cd92
2019-11-08 16:12:48,170 [IPC Server handler 2 on 33429] INFO  node.SCMNodeManager (SCMNodeManager.java:register(267)) - Registered Data node : f309a46b-858f-4d34-8a48-cafddd02cd92{ip: 192.168.69.121, host: pr-hdds-2375-v4kv9-2954650390, networkLocation: /rack1, certSerialId: null}
2019-11-08 16:12:48,228 [IPC Server handler 3 on 33429] INFO  net.NetworkTopology (NetworkTopologyImpl.java:add(111)) - Added a new node: /rack1/03eb0ea3-c918-407f-9290-c90b35d7325f
2019-11-08 16:12:48,228 [IPC Server handler 3 on 33429] INFO  node.SCMNodeManager (SCMNodeManager.java:register(267)) - Registered Data node : 03eb0ea3-c918-407f-9290-c90b35d7325f{ip: 192.168.69.121, host: pr-hdds-2375-v4kv9-2954650390, networkLocation: /rack1, certSerialId: null}
2019-11-08 16:12:48,296 [IPC Server handler 4 on 33429] INFO  net.NetworkTopology (NetworkTopologyImpl.java:add(111)) - Added a new node: /rack1/8a90bd24-fa71-4c4c-9689-3774517d4877
2019-11-08 16:12:48,296 [IPC Server handler 4 on 33429] INFO  node.SCMNodeManager (SCMNodeManager.java:register(267)) - Registered Data node : 8a90bd24-fa71-4c4c-9689-3774517d4877{ip: 192.168.69.121, host: pr-hdds-2375-v4kv9-2954650390, networkLocation: /rack1, certSerialId: null}
2019-11-08 16:12:48,353 [IPC Server handler 5 on 33429] INFO  net.NetworkTopology (NetworkTopologyImpl.java:add(111)) - Added a new node: /rack1/8a72f15d-ea41-479b-ae82-b54d06415f76
2019-11-08 16:12:48,353 [IPC Server handler 5 on 33429] INFO  node.SCMNodeManager (SCMNodeManager.java:register(267)) - Registered Data node : 8a72f15d-ea41-479b-ae82-b54d06415f76{ip: 192.168.69.121, host: pr-hdds-2375-v4kv9-2954650390, networkLocation: /rack1, certSerialId: null}
2019-11-08 16:12:48,412 [IPC Server handler 8 on 33429] INFO  net.NetworkTopology (NetworkTopologyImpl.java:add(111)) - Added a new node: /rack1/680e3d83-69d1-42a7-8f90-7ca066c682b4
2019-11-08 16:12:48,413 [IPC Server handler 8 on 33429] INFO  node.SCMNodeManager (SCMNodeManager.java:register(267)) - Registered Data node : 680e3d83-69d1-42a7-8f90-7ca066c682b4{ip: 192.168.69.121, host: pr-hdds-2375-v4kv9-2954650390, networkLocation: /rack1, certSerialId: null}
2019-11-08 16:12:48,471 [IPC Server handler 7 on 33429] INFO  net.NetworkTopology (NetworkTopologyImpl.java:add(111)) - Added a new node: /rack1/c0c4966b-a29b-458a-b1c2-0283d43e69e4
2019-11-08 16:12:48,471 [IPC Server handler 7 on 33429] INFO  node.SCMNodeManager (SCMNodeManager.java:register(267)) - Registered Data node : c0c4966b-a29b-458a-b1c2-0283d43e69e4{ip: 192.168.69.121, host: pr-hdds-2375-v4kv9-2954650390, networkLocation: /rack1, certSerialId: null}
2019-11-08 16:12:48,531 [IPC Server handler 6 on 33429] INFO  net.NetworkTopology (NetworkTopologyImpl.java:add(111)) - Added a new node: /rack1/4c8858b5-dd34-4dfa-8a80-c1e60ab9590b
2019-11-08 16:12:48,531 [IPC Server handler 6 on 33429] INFO  node.SCMNodeManager (SCMNodeManager.java:register(267)) - Registered Data node : 4c8858b5-dd34-4dfa-8a80-c1e60ab9590b{ip: 192.168.69.121, host: pr-hdds-2375-v4kv9-2954650390, networkLocation: /rack1, certSerialId: null}
2019-11-08 16:12:48,607 [IPC Server handler 9 on 33429] INFO  net.NetworkTopology (NetworkTopologyImpl.java:add(111)) - Added a new node: /rack1/7e32dd82-55f5-4385-83a6-80d378f14338
2019-11-08 16:12:48,607 [IPC Server handler 9 on 33429] INFO  node.SCMNodeManager (SCMNodeManager.java:register(267)) - Registered Data node : 7e32dd82-55f5-4385-83a6-80d378f14338{ip: 192.168.69.121, host: pr-hdds-2375-v4kv9-2954650390, networkLocation: /rack1, certSerialId: null}
2019-11-08 16:12:48,675 [IPC Server handler 11 on 33429] INFO  net.NetworkTopology (NetworkTopologyImpl.java:add(111)) - Added a new node: /rack1/5c8de53a-50e9-4a81-8fc7-fc88bd05b87a
2019-11-08 16:12:48,676 [IPC Server handler 11 on 33429] INFO  node.SCMNodeManager (SCMNodeManager.java:register(267)) - Registered Data node : 5c8de53a-50e9-4a81-8fc7-fc88bd05b87a{ip: 192.168.69.121, host: pr-hdds-2375-v4kv9-2954650390, networkLocation: /rack1, certSerialId: null}
2019-11-08 16:12:48,685 [main] INFO  ozone.MiniOzoneClusterImpl (MiniOzoneClusterImpl.java:lambda$waitForClusterToBeReady$0(147)) - Cluster is ready. Got 10 of 10 DN Heartbeats.
2019-11-08 16:12:48,718 [main] INFO  rpc.RpcClient (RpcClient.java:createVolume(291)) - Creating Volume: datanodefailurehandlingtest, with jenkins1000 as owner.
2019-11-08 16:12:48,722 [IPC Server handler 2 on 46632] INFO  volume.OMVolumeCreateRequest (OMVolumeCreateRequest.java:validateAndUpdateCache(193)) - created volume:datanodefailurehandlingtest for user:jenkins1000
2019-11-08 16:12:49,129 [Thread-1790] INFO  container.ReplicationManager (ReplicationManager.java:start(162)) - Starting Replication Monitor Thread.
2019-11-08 16:12:49,133 [ReplicationMonitor] INFO  container.ReplicationManager (ReplicationManager.java:run(225)) - Replication Monitor Thread took 0 milliseconds for processing 0 containers.
2019-11-08 16:12:49,154 [RATISCREATEPIPELINE1] ERROR pipeline.RatisPipelineProvider (RatisPipelineProvider.java:lambda$null$5(237)) - Failed invoke Ratis rpc org.apache.hadoop.hdds.scm.pipeline.RatisPipelineProvider$$Lambda$190/902656413@79a5bf4e for fdaf92da-19a4-414a-af4c-01715acef4ce
org.apache.ratis.protocol.TimeoutIOException: deadline exceeded after 2998883921ns
	at org.apache.ratis.grpc.GrpcUtil.tryUnwrapException(GrpcUtil.java:82)
	at org.apache.ratis.grpc.GrpcUtil.unwrapException(GrpcUtil.java:75)
	at org.apache.ratis.grpc.client.GrpcClientProtocolClient.blockingCall(GrpcClientProtocolClient.java:184)
	at org.apache.ratis.grpc.client.GrpcClientProtocolClient.groupAdd(GrpcClientProtocolClient.java:153)
	at org.apache.ratis.grpc.client.GrpcClientRpc.sendRequest(GrpcClientRpc.java:94)
	at org.apache.ratis.client.impl.RaftClientImpl.sendRequest(RaftClientImpl.java:278)
	at org.apache.ratis.client.impl.RaftClientImpl.groupAdd(RaftClientImpl.java:205)
	at org.apache.hadoop.hdds.scm.pipeline.RatisPipelineProvider.lambda$initializePipeline$4(RatisPipelineProvider.java:198)
	at org.apache.hadoop.hdds.scm.pipeline.RatisPipelineProvider.lambda$null$5(RatisPipelineProvider.java:233)
	at java.util.stream.ForEachOps$ForEachOp$OfRef.accept(ForEachOps.java:183)
	at java.util.ArrayList$ArrayListSpliterator.forEachRemaining(ArrayList.java:1382)
	at java.util.stream.AbstractPipeline.copyInto(AbstractPipeline.java:482)
	at java.util.stream.ForEachOps$ForEachTask.compute(ForEachOps.java:290)
	at java.util.concurrent.CountedCompleter.exec(CountedCompleter.java:731)
	at java.util.concurrent.ForkJoinTask.doExec(ForkJoinTask.java:289)
	at java.util.concurrent.ForkJoinTask.doInvoke(ForkJoinTask.java:401)
	at java.util.concurrent.ForkJoinTask.invoke(ForkJoinTask.java:734)
	at java.util.stream.ForEachOps$ForEachOp.evaluateParallel(ForEachOps.java:159)
	at java.util.stream.ForEachOps$ForEachOp$OfRef.evaluateParallel(ForEachOps.java:173)
	at java.util.stream.AbstractPipeline.evaluate(AbstractPipeline.java:233)
	at java.util.stream.ReferencePipeline.forEach(ReferencePipeline.java:485)
	at java.util.stream.ReferencePipeline$Head.forEach(ReferencePipeline.java:650)
	at org.apache.hadoop.hdds.scm.pipeline.RatisPipelineProvider.lambda$callRatisRpc$6(RatisPipelineProvider.java:227)
	at java.util.concurrent.ForkJoinTask$AdaptedRunnableAction.exec(ForkJoinTask.java:1386)
	at java.util.concurrent.ForkJoinTask.doExec(ForkJoinTask.java:289)
	at java.util.concurrent.ForkJoinPool$WorkQueue.runTask(ForkJoinPool.java:1056)
	at java.util.concurrent.ForkJoinPool.runWorker(ForkJoinPool.java:1692)
	at java.util.concurrent.ForkJoinWorkerThread.run(ForkJoinWorkerThread.java:157)
Caused by: org.apache.ratis.thirdparty.io.grpc.StatusRuntimeException: DEADLINE_EXCEEDED: deadline exceeded after 2998883921ns
	at org.apache.ratis.thirdparty.io.grpc.stub.ClientCalls.toStatusRuntimeException(ClientCalls.java:233)
	at org.apache.ratis.thirdparty.io.grpc.stub.ClientCalls.getUnchecked(ClientCalls.java:214)
	at org.apache.ratis.thirdparty.io.grpc.stub.ClientCalls.blockingUnaryCall(ClientCalls.java:139)
	at org.apache.ratis.proto.grpc.AdminProtocolServiceGrpc$AdminProtocolServiceBlockingStub.groupManagement(AdminProtocolServiceGrpc.java:274)
	at org.apache.ratis.grpc.client.GrpcClientProtocolClient.lambda$groupAdd$3(GrpcClientProtocolClient.java:155)
	at org.apache.ratis.grpc.client.GrpcClientProtocolClient.blockingCall(GrpcClientProtocolClient.java:182)
	... 25 more
2019-11-08 16:12:49,169 [grpc-default-executor-4] INFO  impl.RaftServerProxy (RaftServerProxy.java:addNew(89)) - fdaf92da-19a4-414a-af4c-01715acef4ce: addNew group-576F86D54FC4:[4c8858b5-dd34-4dfa-8a80-c1e60ab9590b:192.168.69.121:43670, c0c4966b-a29b-458a-b1c2-0283d43e69e4:192.168.69.121:46426, fdaf92da-19a4-414a-af4c-01715acef4ce:192.168.69.121:37869] returns group-576F86D54FC4:java.util.concurrent.CompletableFuture@16859a77[Not completed]
2019-11-08 16:12:49,170 [grpc-default-executor-2] INFO  impl.RaftServerProxy (RaftServerProxy.java:addNew(89)) - 4c8858b5-dd34-4dfa-8a80-c1e60ab9590b: addNew group-576F86D54FC4:[4c8858b5-dd34-4dfa-8a80-c1e60ab9590b:192.168.69.121:43670, c0c4966b-a29b-458a-b1c2-0283d43e69e4:192.168.69.121:46426, fdaf92da-19a4-414a-af4c-01715acef4ce:192.168.69.121:37869] returns group-576F86D54FC4:java.util.concurrent.CompletableFuture@6fc2dc6e[Not completed]
2019-11-08 16:12:49,170 [grpc-default-executor-6] INFO  impl.RaftServerProxy (RaftServerProxy.java:addNew(89)) - c0c4966b-a29b-458a-b1c2-0283d43e69e4: addNew group-576F86D54FC4:[4c8858b5-dd34-4dfa-8a80-c1e60ab9590b:192.168.69.121:43670, c0c4966b-a29b-458a-b1c2-0283d43e69e4:192.168.69.121:46426, fdaf92da-19a4-414a-af4c-01715acef4ce:192.168.69.121:37869] returns group-576F86D54FC4:java.util.concurrent.CompletableFuture@28fa9bf3[Not completed]
2019-11-08 16:12:49,172 [pool-329-thread-1] INFO  impl.RaftServerImpl (RaftServerImpl.java:<init>(98)) - c0c4966b-a29b-458a-b1c2-0283d43e69e4: new RaftServerImpl for group-576F86D54FC4:[4c8858b5-dd34-4dfa-8a80-c1e60ab9590b:192.168.69.121:43670, c0c4966b-a29b-458a-b1c2-0283d43e69e4:192.168.69.121:46426, fdaf92da-19a4-414a-af4c-01715acef4ce:192.168.69.121:37869] with ContainerStateMachine:uninitialized
2019-11-08 16:12:49,172 [pool-329-thread-1] INFO  server.RaftServerConfigKeys (ConfUtils.java:logGet(43)) - raft.server.rpc.timeout.min = 1s (custom)
2019-11-08 16:12:49,172 [pool-329-thread-1] INFO  server.RaftServerConfigKeys (ConfUtils.java:logGet(43)) - raft.server.rpc.timeout.max = 1200ms (custom)
2019-11-08 16:12:49,172 [pool-329-thread-1] INFO  server.RaftServerConfigKeys (ConfUtils.java:logGet(43)) - raft.server.rpcslowness.timeout = 120s (custom)
2019-11-08 16:12:49,172 [pool-329-thread-1] INFO  server.RaftServerConfigKeys (ConfUtils.java:logGet(43)) - raft.server.sleep.deviation.threshold = 300 (default)
2019-11-08 16:12:49,172 [pool-329-thread-1] INFO  server.RaftServerConfigKeys (ConfUtils.java:logGet(43)) - raft.server.log.appender.install.snapshot.enabled = false (custom)
2019-11-08 16:12:49,173 [pool-329-thread-1] INFO  impl.RaftServerImpl (ServerState.java:<init>(103)) - c0c4966b-a29b-458a-b1c2-0283d43e69e4@group-576F86D54FC4: ConfigurationManager, init=-1: [4c8858b5-dd34-4dfa-8a80-c1e60ab9590b:192.168.69.121:43670, c0c4966b-a29b-458a-b1c2-0283d43e69e4:192.168.69.121:46426, fdaf92da-19a4-414a-af4c-01715acef4ce:192.168.69.121:37869], old=null, confs=<EMPTY_MAP>
2019-11-08 16:12:49,173 [pool-339-thread-1] INFO  impl.RaftServerImpl (RaftServerImpl.java:<init>(98)) - 4c8858b5-dd34-4dfa-8a80-c1e60ab9590b: new RaftServerImpl for group-576F86D54FC4:[4c8858b5-dd34-4dfa-8a80-c1e60ab9590b:192.168.69.121:43670, c0c4966b-a29b-458a-b1c2-0283d43e69e4:192.168.69.121:46426, fdaf92da-19a4-414a-af4c-01715acef4ce:192.168.69.121:37869] with ContainerStateMachine:uninitialized
2019-11-08 16:12:49,173 [pool-329-thread-1] INFO  server.RaftServerConfigKeys (ConfUtils.java:logGet(43)) - raft.server.storage.dir = [/workdir/hadoop-ozone/integration-test/target/test-dir/MiniOzoneClusterImpl-d855ef0a-1308-4748-ba6a-889d1c87fb48/datanode-6/data/ratis] (custom)
2019-11-08 16:12:49,173 [pool-339-thread-1] INFO  server.RaftServerConfigKeys (ConfUtils.java:logGet(43)) - raft.server.rpc.timeout.min = 1s (custom)
2019-11-08 16:12:49,173 [pool-329-thread-1] INFO  server.RaftServerConfigKeys (ConfUtils.java:logGet(43)) - raft.server.log.corruption.policy = EXCEPTION (default)
2019-11-08 16:12:49,173 [pool-339-thread-1] INFO  server.RaftServerConfigKeys (ConfUtils.java:logGet(43)) - raft.server.rpc.timeout.max = 1200ms (custom)
2019-11-08 16:12:49,173 [pool-329-thread-1] INFO  storage.RaftStorageDirectory (RaftStorageDirectory.java:analyzeStorage(246)) - The storage directory /workdir/hadoop-ozone/integration-test/target/test-dir/MiniOzoneClusterImpl-d855ef0a-1308-4748-ba6a-889d1c87fb48/datanode-6/data/ratis/b59d3b04-e3e2-49d0-b121-576f86d54fc4 does not exist. Creating ...
2019-11-08 16:12:49,173 [pool-339-thread-1] INFO  server.RaftServerConfigKeys (ConfUtils.java:logGet(43)) - raft.server.rpcslowness.timeout = 120s (custom)
2019-11-08 16:12:49,174 [pool-339-thread-1] INFO  server.RaftServerConfigKeys (ConfUtils.java:logGet(43)) - raft.server.sleep.deviation.threshold = 300 (default)
2019-11-08 16:12:49,174 [pool-339-thread-1] INFO  server.RaftServerConfigKeys (ConfUtils.java:logGet(43)) - raft.server.log.appender.install.snapshot.enabled = false (custom)
2019-11-08 16:12:49,174 [pool-339-thread-1] INFO  impl.RaftServerImpl (ServerState.java:<init>(103)) - 4c8858b5-dd34-4dfa-8a80-c1e60ab9590b@group-576F86D54FC4: ConfigurationManager, init=-1: [4c8858b5-dd34-4dfa-8a80-c1e60ab9590b:192.168.69.121:43670, c0c4966b-a29b-458a-b1c2-0283d43e69e4:192.168.69.121:46426, fdaf92da-19a4-414a-af4c-01715acef4ce:192.168.69.121:37869], old=null, confs=<EMPTY_MAP>
2019-11-08 16:12:49,174 [pool-339-thread-1] INFO  server.RaftServerConfigKeys (ConfUtils.java:logGet(43)) - raft.server.storage.dir = [/workdir/hadoop-ozone/integration-test/target/test-dir/MiniOzoneClusterImpl-d855ef0a-1308-4748-ba6a-889d1c87fb48/datanode-7/data/ratis] (custom)
2019-11-08 16:12:49,175 [pool-339-thread-1] INFO  server.RaftServerConfigKeys (ConfUtils.java:logGet(43)) - raft.server.log.corruption.policy = EXCEPTION (default)
2019-11-08 16:12:49,175 [pool-339-thread-1] INFO  storage.RaftStorageDirectory (RaftStorageDirectory.java:analyzeStorage(246)) - The storage directory /workdir/hadoop-ozone/integration-test/target/test-dir/MiniOzoneClusterImpl-d855ef0a-1308-4748-ba6a-889d1c87fb48/datanode-7/data/ratis/b59d3b04-e3e2-49d0-b121-576f86d54fc4 does not exist. Creating ...
2019-11-08 16:12:50,139 [pool-269-thread-1] INFO  storage.RaftStorageDirectory (RaftStorageDirectory.java:tryLock(328)) - Lock on /workdir/hadoop-ozone/integration-test/target/test-dir/MiniOzoneClusterImpl-d855ef0a-1308-4748-ba6a-889d1c87fb48/datanode-0/data/ratis/7f0d9dac-4d0b-405e-98cb-bcf61a1230ed/in_use.lock acquired by nodename 27676@pr-hdds-2375-v4kv9-2954650390
2019-11-08 16:12:51,562 [pool-329-thread-1] INFO  storage.RaftStorageDirectory (RaftStorageDirectory.java:tryLock(328)) - Lock on /workdir/hadoop-ozone/integration-test/target/test-dir/MiniOzoneClusterImpl-d855ef0a-1308-4748-ba6a-889d1c87fb48/datanode-6/data/ratis/b59d3b04-e3e2-49d0-b121-576f86d54fc4/in_use.lock acquired by nodename 27676@pr-hdds-2375-v4kv9-2954650390
2019-11-08 16:12:51,562 [pool-339-thread-1] INFO  storage.RaftStorageDirectory (RaftStorageDirectory.java:tryLock(328)) - Lock on /workdir/hadoop-ozone/integration-test/target/test-dir/MiniOzoneClusterImpl-d855ef0a-1308-4748-ba6a-889d1c87fb48/datanode-7/data/ratis/b59d3b04-e3e2-49d0-b121-576f86d54fc4/in_use.lock acquired by nodename 27676@pr-hdds-2375-v4kv9-2954650390
2019-11-08 16:12:51,574 [main] INFO  rpc.RpcClient (RpcClient.java:createBucket(430)) - Creating Bucket: datanodefailurehandlingtest/datanodefailurehandlingtest, with Versioning false and Storage Type set to DISK and Encryption set to false 
2019-11-08 16:12:52,174 [RATISCREATEPIPELINE2] ERROR pipeline.RatisPipelineProvider (RatisPipelineProvider.java:lambda$null$5(237)) - Failed invoke Ratis rpc org.apache.hadoop.hdds.scm.pipeline.RatisPipelineProvider$$Lambda$190/902656413@197a0c6d for c0c4966b-a29b-458a-b1c2-0283d43e69e4
org.apache.ratis.protocol.TimeoutIOException: deadline exceeded after 2999791768ns
	at org.apache.ratis.grpc.GrpcUtil.tryUnwrapException(GrpcUtil.java:82)
	at org.apache.ratis.grpc.GrpcUtil.unwrapException(GrpcUtil.java:75)
	at org.apache.ratis.grpc.client.GrpcClientProtocolClient.blockingCall(GrpcClientProtocolClient.java:184)
	at org.apache.ratis.grpc.client.GrpcClientProtocolClient.groupAdd(GrpcClientProtocolClient.java:153)
	at org.apache.ratis.grpc.client.GrpcClientRpc.sendRequest(GrpcClientRpc.java:94)
	at org.apache.ratis.client.impl.RaftClientImpl.sendRequest(RaftClientImpl.java:278)
	at org.apache.ratis.client.impl.RaftClientImpl.groupAdd(RaftClientImpl.java:205)
	at org.apache.hadoop.hdds.scm.pipeline.RatisPipelineProvider.lambda$initializePipeline$4(RatisPipelineProvider.java:198)
	at org.apache.hadoop.hdds.scm.pipeline.RatisPipelineProvider.lambda$null$5(RatisPipelineProvider.java:233)
	at java.util.stream.ForEachOps$ForEachOp$OfRef.accept(ForEachOps.java:183)
	at java.util.ArrayList$ArrayListSpliterator.forEachRemaining(ArrayList.java:1382)
	at java.util.stream.AbstractPipeline.copyInto(AbstractPipeline.java:482)
	at java.util.stream.ForEachOps$ForEachTask.compute(ForEachOps.java:290)
	at java.util.concurrent.CountedCompleter.exec(CountedCompleter.java:731)
	at java.util.concurrent.ForkJoinTask.doExec(ForkJoinTask.java:289)
	at java.util.concurrent.ForkJoinPool$WorkQueue.runTask(ForkJoinPool.java:1056)
	at java.util.concurrent.ForkJoinPool.runWorker(ForkJoinPool.java:1692)
	at java.util.concurrent.ForkJoinWorkerThread.run(ForkJoinWorkerThread.java:157)
Caused by: org.apache.ratis.thirdparty.io.grpc.StatusRuntimeException: DEADLINE_EXCEEDED: deadline exceeded after 2999791768ns
	at org.apache.ratis.thirdparty.io.grpc.stub.ClientCalls.toStatusRuntimeException(ClientCalls.java:233)
	at org.apache.ratis.thirdparty.io.grpc.stub.ClientCalls.getUnchecked(ClientCalls.java:214)
	at org.apache.ratis.thirdparty.io.grpc.stub.ClientCalls.blockingUnaryCall(ClientCalls.java:139)
	at org.apache.ratis.proto.grpc.AdminProtocolServiceGrpc$AdminProtocolServiceBlockingStub.groupManagement(AdminProtocolServiceGrpc.java:274)
	at org.apache.ratis.grpc.client.GrpcClientProtocolClient.lambda$groupAdd$3(GrpcClientProtocolClient.java:155)
	at org.apache.ratis.grpc.client.GrpcClientProtocolClient.blockingCall(GrpcClientProtocolClient.java:182)
	... 15 more
2019-11-08 16:12:52,174 [RATISCREATEPIPELINE3] ERROR pipeline.RatisPipelineProvider (RatisPipelineProvider.java:lambda$null$5(237)) - Failed invoke Ratis rpc org.apache.hadoop.hdds.scm.pipeline.RatisPipelineProvider$$Lambda$190/902656413@197a0c6d for 4c8858b5-dd34-4dfa-8a80-c1e60ab9590b
org.apache.ratis.protocol.TimeoutIOException: deadline exceeded after 2999772320ns
	at org.apache.ratis.grpc.GrpcUtil.tryUnwrapException(GrpcUtil.java:82)
	at org.apache.ratis.grpc.GrpcUtil.unwrapException(GrpcUtil.java:75)
	at org.apache.ratis.grpc.client.GrpcClientProtocolClient.blockingCall(GrpcClientProtocolClient.java:184)
	at org.apache.ratis.grpc.client.GrpcClientProtocolClient.groupAdd(GrpcClientProtocolClient.java:153)
	at org.apache.ratis.grpc.client.GrpcClientRpc.sendRequest(GrpcClientRpc.java:94)
	at org.apache.ratis.client.impl.RaftClientImpl.sendRequest(RaftClientImpl.java:278)
	at org.apache.ratis.client.impl.RaftClientImpl.groupAdd(RaftClientImpl.java:205)
	at org.apache.hadoop.hdds.scm.pipeline.RatisPipelineProvider.lambda$initializePipeline$4(RatisPipelineProvider.java:198)
	at org.apache.hadoop.hdds.scm.pipeline.RatisPipelineProvider.lambda$null$5(RatisPipelineProvider.java:233)
	at java.util.stream.ForEachOps$ForEachOp$OfRef.accept(ForEachOps.java:183)
	at java.util.ArrayList$ArrayListSpliterator.forEachRemaining(ArrayList.java:1382)
	at java.util.stream.AbstractPipeline.copyInto(AbstractPipeline.java:482)
	at java.util.stream.ForEachOps$ForEachTask.compute(ForEachOps.java:290)
	at java.util.concurrent.CountedCompleter.exec(CountedCompleter.java:731)
	at java.util.concurrent.ForkJoinTask.doExec(ForkJoinTask.java:289)
	at java.util.concurrent.ForkJoinPool$WorkQueue.runTask(ForkJoinPool.java:1056)
	at java.util.concurrent.ForkJoinPool.runWorker(ForkJoinPool.java:1692)
	at java.util.concurrent.ForkJoinWorkerThread.run(ForkJoinWorkerThread.java:157)
Caused by: org.apache.ratis.thirdparty.io.grpc.StatusRuntimeException: DEADLINE_EXCEEDED: deadline exceeded after 2999772320ns
	at org.apache.ratis.thirdparty.io.grpc.stub.ClientCalls.toStatusRuntimeException(ClientCalls.java:233)
	at org.apache.ratis.thirdparty.io.grpc.stub.ClientCalls.getUnchecked(ClientCalls.java:214)
	at org.apache.ratis.thirdparty.io.grpc.stub.ClientCalls.blockingUnaryCall(ClientCalls.java:139)
	at org.apache.ratis.proto.grpc.AdminProtocolServiceGrpc$AdminProtocolServiceBlockingStub.groupManagement(AdminProtocolServiceGrpc.java:274)
	at org.apache.ratis.grpc.client.GrpcClientProtocolClient.lambda$groupAdd$3(GrpcClientProtocolClient.java:155)
	at org.apache.ratis.grpc.client.GrpcClientProtocolClient.blockingCall(GrpcClientProtocolClient.java:182)
	... 15 more
2019-11-08 16:12:52,174 [RATISCREATEPIPELINE1] ERROR pipeline.RatisPipelineProvider (RatisPipelineProvider.java:lambda$null$5(237)) - Failed invoke Ratis rpc org.apache.hadoop.hdds.scm.pipeline.RatisPipelineProvider$$Lambda$190/902656413@197a0c6d for fdaf92da-19a4-414a-af4c-01715acef4ce
org.apache.ratis.protocol.TimeoutIOException: deadline exceeded after 2999891858ns
	at org.apache.ratis.grpc.GrpcUtil.tryUnwrapException(GrpcUtil.java:82)
	at org.apache.ratis.grpc.GrpcUtil.unwrapException(GrpcUtil.java:75)
	at org.apache.ratis.grpc.client.GrpcClientProtocolClient.blockingCall(GrpcClientProtocolClient.java:184)
	at org.apache.ratis.grpc.client.GrpcClientProtocolClient.groupAdd(GrpcClientProtocolClient.java:153)
	at org.apache.ratis.grpc.client.GrpcClientRpc.sendRequest(GrpcClientRpc.java:94)
	at org.apache.ratis.client.impl.RaftClientImpl.sendRequest(RaftClientImpl.java:278)
	at org.apache.ratis.client.impl.RaftClientImpl.groupAdd(RaftClientImpl.java:205)
	at org.apache.hadoop.hdds.scm.pipeline.RatisPipelineProvider.lambda$initializePipeline$4(RatisPipelineProvider.java:198)
	at org.apache.hadoop.hdds.scm.pipeline.RatisPipelineProvider.lambda$null$5(RatisPipelineProvider.java:233)
	at java.util.stream.ForEachOps$ForEachOp$OfRef.accept(ForEachOps.java:183)
	at java.util.ArrayList$ArrayListSpliterator.forEachRemaining(ArrayList.java:1382)
	at java.util.stream.AbstractPipeline.copyInto(AbstractPipeline.java:482)
	at java.util.stream.ForEachOps$ForEachTask.compute(ForEachOps.java:290)
	at java.util.concurrent.CountedCompleter.exec(CountedCompleter.java:731)
	at java.util.concurrent.ForkJoinTask.doExec(ForkJoinTask.java:289)
	at java.util.concurrent.ForkJoinTask.doInvoke(ForkJoinTask.java:401)
	at java.util.concurrent.ForkJoinTask.invoke(ForkJoinTask.java:734)
	at java.util.stream.ForEachOps$ForEachOp.evaluateParallel(ForEachOps.java:159)
	at java.util.stream.ForEachOps$ForEachOp$OfRef.evaluateParallel(ForEachOps.java:173)
	at java.util.stream.AbstractPipeline.evaluate(AbstractPipeline.java:233)
	at java.util.stream.ReferencePipeline.forEach(ReferencePipeline.java:485)
	at java.util.stream.ReferencePipeline$Head.forEach(ReferencePipeline.java:650)
	at org.apache.hadoop.hdds.scm.pipeline.RatisPipelineProvider.lambda$callRatisRpc$6(RatisPipelineProvider.java:227)
	at java.util.concurrent.ForkJoinTask$AdaptedRunnableAction.exec(ForkJoinTask.java:1386)
	at java.util.concurrent.ForkJoinTask.doExec(ForkJoinTask.java:289)
	at java.util.concurrent.ForkJoinPool$WorkQueue.runTask(ForkJoinPool.java:1056)
	at java.util.concurrent.ForkJoinPool.runWorker(ForkJoinPool.java:1692)
	at java.util.concurrent.ForkJoinWorkerThread.run(ForkJoinWorkerThread.java:157)
Caused by: org.apache.ratis.thirdparty.io.grpc.StatusRuntimeException: DEADLINE_EXCEEDED: deadline exceeded after 2999891858ns
	at org.apache.ratis.thirdparty.io.grpc.stub.ClientCalls.toStatusRuntimeException(ClientCalls.java:233)
	at org.apache.ratis.thirdparty.io.grpc.stub.ClientCalls.getUnchecked(ClientCalls.java:214)
	at org.apache.ratis.thirdparty.io.grpc.stub.ClientCalls.blockingUnaryCall(ClientCalls.java:139)
	at org.apache.ratis.proto.grpc.AdminProtocolServiceGrpc$AdminProtocolServiceBlockingStub.groupManagement(AdminProtocolServiceGrpc.java:274)
	at org.apache.ratis.grpc.client.GrpcClientProtocolClient.lambda$groupAdd$3(GrpcClientProtocolClient.java:155)
	at org.apache.ratis.grpc.client.GrpcClientProtocolClient.blockingCall(GrpcClientProtocolClient.java:182)
	... 25 more
2019-11-08 16:12:52,200 [grpc-default-executor-8] INFO  impl.RaftServerProxy (RaftServerProxy.java:addNew(89)) - c0c4966b-a29b-458a-b1c2-0283d43e69e4: addNew group-236248FFE1E3:[c0c4966b-a29b-458a-b1c2-0283d43e69e4:192.168.69.121:46426] returns group-236248FFE1E3:java.util.concurrent.CompletableFuture@4435e76d[Not completed]
2019-11-08 16:12:53,490 [pool-339-thread-1] INFO  storage.RaftStorage (RaftStorage.java:format(84)) - Storage directory /workdir/hadoop-ozone/integration-test/target/test-dir/MiniOzoneClusterImpl-d855ef0a-1308-4748-ba6a-889d1c87fb48/datanode-7/data/ratis/b59d3b04-e3e2-49d0-b121-576f86d54fc4 has been successfully formatted.
2019-11-08 16:12:53,490 [pool-269-thread-1] INFO  storage.RaftStorage (RaftStorage.java:format(84)) - Storage directory /workdir/hadoop-ozone/integration-test/target/test-dir/MiniOzoneClusterImpl-d855ef0a-1308-4748-ba6a-889d1c87fb48/datanode-0/data/ratis/7f0d9dac-4d0b-405e-98cb-bcf61a1230ed has been successfully formatted.
2019-11-08 16:12:53,490 [pool-329-thread-1] INFO  storage.RaftStorage (RaftStorage.java:format(84)) - Storage directory /workdir/hadoop-ozone/integration-test/target/test-dir/MiniOzoneClusterImpl-d855ef0a-1308-4748-ba6a-889d1c87fb48/datanode-6/data/ratis/b59d3b04-e3e2-49d0-b121-576f86d54fc4 has been successfully formatted.
2019-11-08 16:12:53,491 [pool-339-thread-1] INFO  ratis.ContainerStateMachine (ContainerStateMachine.java:loadSnapshot(221)) - group-576F86D54FC4: The snapshot info is null. Setting the last applied indexto:(t:0, i:~)
2019-11-08 16:12:53,491 [pool-329-thread-1] INFO  ratis.ContainerStateMachine (ContainerStateMachine.java:loadSnapshot(221)) - group-576F86D54FC4: The snapshot info is null. Setting the last applied indexto:(t:0, i:~)
2019-11-08 16:12:53,491 [pool-269-thread-1] INFO  ratis.ContainerStateMachine (ContainerStateMachine.java:loadSnapshot(221)) - group-BCF61A1230ED: The snapshot info is null. Setting the last applied indexto:(t:0, i:~)
2019-11-08 16:12:53,491 [pool-329-thread-1] INFO  server.RaftServerConfigKeys (ConfUtils.java:logGet(43)) - raft.server.notification.no-leader.timeout = 120s (custom)
2019-11-08 16:12:53,491 [pool-339-thread-1] INFO  server.RaftServerConfigKeys (ConfUtils.java:logGet(43)) - raft.server.notification.no-leader.timeout = 120s (custom)
2019-11-08 16:12:53,492 [pool-329-thread-1] INFO  server.RaftServerConfigKeys (ConfUtils.java:logGet(43)) - raft.server.log.use.memory = false (default)
2019-11-08 16:12:53,491 [pool-269-thread-1] INFO  server.RaftServerConfigKeys (ConfUtils.java:logGet(43)) - raft.server.notification.no-leader.timeout = 120s (custom)
2019-11-08 16:12:53,492 [pool-339-thread-1] INFO  server.RaftServerConfigKeys (ConfUtils.java:logGet(43)) - raft.server.log.use.memory = false (default)
2019-11-08 16:12:53,492 [pool-329-thread-1] INFO  server.RaftServerConfigKeys (ConfUtils.java:logGet(43)) - raft.server.log.purge.gap = 1000000 (custom)
2019-11-08 16:12:53,492 [pool-269-thread-1] INFO  server.RaftServerConfigKeys (ConfUtils.java:logGet(43)) - raft.server.log.use.memory = false (default)
2019-11-08 16:12:53,492 [pool-329-thread-1] INFO  server.RaftServerConfigKeys (ConfUtils.java:logGet(43)) - raft.server.log.appender.buffer.byte-limit = 33554432 (custom)
2019-11-08 16:12:53,492 [pool-339-thread-1] INFO  server.RaftServerConfigKeys (ConfUtils.java:logGet(43)) - raft.server.log.purge.gap = 1000000 (custom)
2019-11-08 16:12:53,492 [pool-329-thread-1] INFO  server.RaftServerConfigKeys (ConfUtils.java:logGet(43)) - raft.server.log.segment.size.max = 1048576 (custom)
2019-11-08 16:12:53,492 [pool-269-thread-1] INFO  server.RaftServerConfigKeys (ConfUtils.java:logGet(43)) - raft.server.log.purge.gap = 1000000 (custom)
2019-11-08 16:12:53,493 [pool-329-thread-1] WARN  impl.MetricRegistriesImpl (MetricRegistriesImpl.java:lambda$create$1(61)) - First MetricRegistry has been created without registering reporters. You may need to call MetricRegistries.global().addReportRegistration(...) before.
2019-11-08 16:12:53,492 [pool-339-thread-1] INFO  server.RaftServerConfigKeys (ConfUtils.java:logGet(43)) - raft.server.log.appender.buffer.byte-limit = 33554432 (custom)
2019-11-08 16:12:53,493 [pool-329-thread-1] INFO  server.RaftServerConfigKeys (ConfUtils.java:logGet(43)) - raft.server.log.segment.cache.num.max = 2 (custom)
2019-11-08 16:12:53,493 [pool-269-thread-1] INFO  server.RaftServerConfigKeys (ConfUtils.java:logGet(43)) - raft.server.log.appender.buffer.byte-limit = 33554432 (custom)
2019-11-08 16:12:53,493 [pool-329-thread-1] INFO  segmented.SegmentedRaftLogWorker (SegmentedRaftLogWorker.java:<init>(173)) - new c0c4966b-a29b-458a-b1c2-0283d43e69e4@group-576F86D54FC4-SegmentedRaftLogWorker for RaftStorage:Storage Directory /workdir/hadoop-ozone/integration-test/target/test-dir/MiniOzoneClusterImpl-d855ef0a-1308-4748-ba6a-889d1c87fb48/datanode-6/data/ratis/b59d3b04-e3e2-49d0-b121-576f86d54fc4
2019-11-08 16:12:53,493 [pool-339-thread-1] INFO  server.RaftServerConfigKeys (ConfUtils.java:logGet(43)) - raft.server.log.segment.size.max = 1048576 (custom)
2019-11-08 16:12:53,493 [pool-329-thread-1] INFO  server.RaftServerConfigKeys (ConfUtils.java:logGet(43)) - raft.server.log.queue.byte-limit = 2147483647 (custom)
2019-11-08 16:12:53,493 [pool-269-thread-1] INFO  server.RaftServerConfigKeys (ConfUtils.java:logGet(43)) - raft.server.log.segment.size.max = 1048576 (custom)
2019-11-08 16:12:53,493 [pool-329-thread-1] INFO  server.RaftServerConfigKeys (ConfUtils.java:logGet(43)) - raft.server.log.queue.element-limit = 1024 (custom)
2019-11-08 16:12:53,493 [pool-339-thread-1] WARN  impl.MetricRegistriesImpl (MetricRegistriesImpl.java:lambda$create$1(61)) - First MetricRegistry has been created without registering reporters. You may need to call MetricRegistries.global().addReportRegistration(...) before.
2019-11-08 16:12:53,494 [pool-329-thread-1] INFO  server.RaftServerConfigKeys (ConfUtils.java:logGet(43)) - raft.server.log.segment.size.max = 1048576 (custom)
2019-11-08 16:12:53,493 [pool-269-thread-1] WARN  impl.MetricRegistriesImpl (MetricRegistriesImpl.java:lambda$create$1(61)) - First MetricRegistry has been created without registering reporters. You may need to call MetricRegistries.global().addReportRegistration(...) before.
2019-11-08 16:12:53,494 [pool-329-thread-1] INFO  server.RaftServerConfigKeys (ConfUtils.java:logGet(43)) - raft.server.log.preallocated.size = 16384 (custom)
2019-11-08 16:12:53,494 [pool-339-thread-1] INFO  server.RaftServerConfigKeys (ConfUtils.java:logGet(43)) - raft.server.log.segment.cache.num.max = 2 (custom)
2019-11-08 16:12:53,494 [pool-329-thread-1] INFO  server.RaftServerConfigKeys (ConfUtils.java:logGet(43)) - raft.server.log.write.buffer.size = 33554432 (custom)
2019-11-08 16:12:53,494 [pool-269-thread-1] INFO  server.RaftServerConfigKeys (ConfUtils.java:logGet(43)) - raft.server.log.segment.cache.num.max = 2 (custom)
2019-11-08 16:12:53,494 [pool-329-thread-1] INFO  server.RaftServerConfigKeys (ConfUtils.java:logGet(43)) - raft.server.log.force.sync.num = 128 (default)
2019-11-08 16:12:53,494 [pool-339-thread-1] INFO  segmented.SegmentedRaftLogWorker (SegmentedRaftLogWorker.java:<init>(173)) - new 4c8858b5-dd34-4dfa-8a80-c1e60ab9590b@group-576F86D54FC4-SegmentedRaftLogWorker for RaftStorage:Storage Directory /workdir/hadoop-ozone/integration-test/target/test-dir/MiniOzoneClusterImpl-d855ef0a-1308-4748-ba6a-889d1c87fb48/datanode-7/data/ratis/b59d3b04-e3e2-49d0-b121-576f86d54fc4
2019-11-08 16:12:53,494 [pool-329-thread-1] INFO  server.RaftServerConfigKeys (ConfUtils.java:logGet(43)) - raft.server.log.statemachine.data.sync = true (default)
2019-11-08 16:12:53,494 [pool-269-thread-1] INFO  segmented.SegmentedRaftLogWorker (SegmentedRaftLogWorker.java:<init>(173)) - new fdaf92da-19a4-414a-af4c-01715acef4ce@group-BCF61A1230ED-SegmentedRaftLogWorker for RaftStorage:Storage Directory /workdir/hadoop-ozone/integration-test/target/test-dir/MiniOzoneClusterImpl-d855ef0a-1308-4748-ba6a-889d1c87fb48/datanode-0/data/ratis/7f0d9dac-4d0b-405e-98cb-bcf61a1230ed
2019-11-08 16:12:53,495 [pool-329-thread-1] INFO  server.RaftServerConfigKeys (ConfUtils.java:logGet(43)) - raft.server.log.statemachine.data.sync.timeout = 10s (default)
2019-11-08 16:12:53,495 [pool-329-thread-1] INFO  server.RaftServerConfigKeys (ConfUtils.java:logGet(43)) - raft.server.log.statemachine.data.sync.timeout.retry = -1 (default)
2019-11-08 16:12:53,494 [pool-339-thread-1] INFO  server.RaftServerConfigKeys (ConfUtils.java:logGet(43)) - raft.server.log.queue.byte-limit = 2147483647 (custom)
2019-11-08 16:12:53,495 [pool-269-thread-1] INFO  server.RaftServerConfigKeys (ConfUtils.java:logGet(43)) - raft.server.log.queue.byte-limit = 2147483647 (custom)
2019-11-08 16:12:53,495 [pool-329-thread-1] INFO  server.RaftServerConfigKeys (ConfUtils.java:logGet(43)) - raft.server.log.statemachine.data.caching.enabled = true (custom)
2019-11-08 16:12:53,495 [pool-339-thread-1] INFO  server.RaftServerConfigKeys (ConfUtils.java:logGet(43)) - raft.server.log.queue.element-limit = 1024 (custom)
2019-11-08 16:12:53,495 [pool-269-thread-1] INFO  server.RaftServerConfigKeys (ConfUtils.java:logGet(43)) - raft.server.log.queue.element-limit = 1024 (custom)
2019-11-08 16:12:53,495 [pool-339-thread-1] INFO  server.RaftServerConfigKeys (ConfUtils.java:logGet(43)) - raft.server.log.segment.size.max = 1048576 (custom)
2019-11-08 16:12:53,495 [pool-329-thread-1] INFO  segmented.SegmentedRaftLogWorker (SegmentedRaftLogWorker.java:lambda$new$0(128)) - c0c4966b-a29b-458a-b1c2-0283d43e69e4@group-576F86D54FC4-SegmentedRaftLogWorker: flushIndex: setUnconditionally 0 -> -1
2019-11-08 16:12:53,495 [pool-269-thread-1] INFO  server.RaftServerConfigKeys (ConfUtils.java:logGet(43)) - raft.server.log.segment.size.max = 1048576 (custom)
2019-11-08 16:12:53,496 [pool-339-thread-1] INFO  server.RaftServerConfigKeys (ConfUtils.java:logGet(43)) - raft.server.log.preallocated.size = 16384 (custom)
2019-11-08 16:12:53,496 [pool-269-thread-1] INFO  server.RaftServerConfigKeys (ConfUtils.java:logGet(43)) - raft.server.log.preallocated.size = 16384 (custom)
2019-11-08 16:12:53,496 [pool-329-thread-1] INFO  server.RaftServerConfigKeys (ConfUtils.java:logGet(43)) - raft.server.snapshot.auto.trigger.enabled = true (custom)
2019-11-08 16:12:53,496 [pool-339-thread-1] INFO  server.RaftServerConfigKeys (ConfUtils.java:logGet(43)) - raft.server.log.write.buffer.size = 33554432 (custom)
2019-11-08 16:12:53,496 [pool-339-thread-1] INFO  server.RaftServerConfigKeys (ConfUtils.java:logGet(43)) - raft.server.log.force.sync.num = 128 (default)
2019-11-08 16:12:53,496 [pool-329-thread-1] INFO  server.RaftServerConfigKeys (ConfUtils.java:logGet(43)) - raft.server.snapshot.auto.trigger.threshold = 10000 (custom)
2019-11-08 16:12:53,496 [pool-269-thread-1] INFO  server.RaftServerConfigKeys (ConfUtils.java:logGet(43)) - raft.server.log.write.buffer.size = 33554432 (custom)
2019-11-08 16:12:53,496 [pool-329-thread-1] INFO  server.RaftServerConfigKeys (ConfUtils.java:logGet(43)) - raft.server.snapshot.retention.file.num = 5 (custom)
2019-11-08 16:12:53,496 [pool-339-thread-1] INFO  server.RaftServerConfigKeys (ConfUtils.java:logGet(43)) - raft.server.log.statemachine.data.sync = true (default)
2019-11-08 16:12:53,497 [pool-329-thread-1] INFO  server.RaftServerConfigKeys (ConfUtils.java:logGet(43)) - raft.server.retrycache.expirytime = 600000ms (custom)
2019-11-08 16:12:53,496 [pool-269-thread-1] INFO  server.RaftServerConfigKeys (ConfUtils.java:logGet(43)) - raft.server.log.force.sync.num = 128 (default)
2019-11-08 16:12:53,497 [pool-339-thread-1] INFO  server.RaftServerConfigKeys (ConfUtils.java:logGet(43)) - raft.server.log.statemachine.data.sync.timeout = 10s (default)
2019-11-08 16:12:53,497 [pool-329-thread-1] WARN  impl.MetricRegistriesImpl (MetricRegistriesImpl.java:lambda$create$1(61)) - First MetricRegistry has been created without registering reporters. You may need to call MetricRegistries.global().addReportRegistration(...) before.
2019-11-08 16:12:53,497 [pool-269-thread-1] INFO  server.RaftServerConfigKeys (ConfUtils.java:logGet(43)) - raft.server.log.statemachine.data.sync = true (default)
2019-11-08 16:12:53,497 [pool-329-thread-1] WARN  impl.MetricRegistriesImpl (MetricRegistriesImpl.java:lambda$create$1(61)) - First MetricRegistry has been created without registering reporters. You may need to call MetricRegistries.global().addReportRegistration(...) before.
2019-11-08 16:12:53,497 [pool-339-thread-1] INFO  server.RaftServerConfigKeys (ConfUtils.java:logGet(43)) - raft.server.log.statemachine.data.sync.timeout.retry = -1 (default)
2019-11-08 16:12:53,497 [pool-269-thread-1] INFO  server.RaftServerConfigKeys (ConfUtils.java:logGet(43)) - raft.server.log.statemachine.data.sync.timeout = 10s (default)
2019-11-08 16:12:53,498 [pool-269-thread-1] INFO  server.RaftServerConfigKeys (ConfUtils.java:logGet(43)) - raft.server.log.statemachine.data.sync.timeout.retry = -1 (default)
2019-11-08 16:12:53,498 [pool-339-thread-1] INFO  server.RaftServerConfigKeys (ConfUtils.java:logGet(43)) - raft.server.log.statemachine.data.caching.enabled = true (custom)
2019-11-08 16:12:53,498 [pool-269-thread-1] INFO  server.RaftServerConfigKeys (ConfUtils.java:logGet(43)) - raft.server.log.statemachine.data.caching.enabled = true (custom)
2019-11-08 16:12:53,498 [pool-339-thread-1] INFO  segmented.SegmentedRaftLogWorker (SegmentedRaftLogWorker.java:lambda$new$0(128)) - 4c8858b5-dd34-4dfa-8a80-c1e60ab9590b@group-576F86D54FC4-SegmentedRaftLogWorker: flushIndex: setUnconditionally 0 -> -1
2019-11-08 16:12:53,498 [pool-269-thread-1] INFO  segmented.SegmentedRaftLogWorker (SegmentedRaftLogWorker.java:lambda$new$0(128)) - fdaf92da-19a4-414a-af4c-01715acef4ce@group-BCF61A1230ED-SegmentedRaftLogWorker: flushIndex: setUnconditionally 0 -> -1
2019-11-08 16:12:53,498 [pool-339-thread-1] INFO  server.RaftServerConfigKeys (ConfUtils.java:logGet(43)) - raft.server.snapshot.auto.trigger.enabled = true (custom)
2019-11-08 16:12:53,498 [pool-339-thread-1] INFO  server.RaftServerConfigKeys (ConfUtils.java:logGet(43)) - raft.server.snapshot.auto.trigger.threshold = 10000 (custom)
2019-11-08 16:12:53,499 [pool-269-thread-1] INFO  server.RaftServerConfigKeys (ConfUtils.java:logGet(43)) - raft.server.snapshot.auto.trigger.enabled = true (custom)
2019-11-08 16:12:53,499 [pool-339-thread-1] INFO  server.RaftServerConfigKeys (ConfUtils.java:logGet(43)) - raft.server.snapshot.retention.file.num = 5 (custom)
2019-11-08 16:12:53,499 [pool-269-thread-1] INFO  server.RaftServerConfigKeys (ConfUtils.java:logGet(43)) - raft.server.snapshot.auto.trigger.threshold = 10000 (custom)
2019-11-08 16:12:53,499 [pool-339-thread-1] INFO  server.RaftServerConfigKeys (ConfUtils.java:logGet(43)) - raft.server.retrycache.expirytime = 600000ms (custom)
2019-11-08 16:12:53,499 [pool-269-thread-1] INFO  server.RaftServerConfigKeys (ConfUtils.java:logGet(43)) - raft.server.snapshot.retention.file.num = 5 (custom)
2019-11-08 16:12:53,499 [pool-339-thread-1] WARN  impl.MetricRegistriesImpl (MetricRegistriesImpl.java:lambda$create$1(61)) - First MetricRegistry has been created without registering reporters. You may need to call MetricRegistries.global().addReportRegistration(...) before.
2019-11-08 16:12:53,499 [pool-269-thread-1] INFO  server.RaftServerConfigKeys (ConfUtils.java:logGet(43)) - raft.server.retrycache.expirytime = 600000ms (custom)
2019-11-08 16:12:53,499 [pool-339-thread-1] WARN  impl.MetricRegistriesImpl (MetricRegistriesImpl.java:lambda$create$1(61)) - First MetricRegistry has been created without registering reporters. You may need to call MetricRegistries.global().addReportRegistration(...) before.
2019-11-08 16:12:53,499 [pool-269-thread-1] WARN  impl.MetricRegistriesImpl (MetricRegistriesImpl.java:lambda$create$1(61)) - First MetricRegistry has been created without registering reporters. You may need to call MetricRegistries.global().addReportRegistration(...) before.
2019-11-08 16:12:53,500 [pool-269-thread-1] WARN  impl.MetricRegistriesImpl (MetricRegistriesImpl.java:lambda$create$1(61)) - First MetricRegistry has been created without registering reporters. You may need to call MetricRegistries.global().addReportRegistration(...) before.
2019-11-08 16:12:53,500 [pool-339-thread-1] INFO  impl.RaftServerImpl (RaftServerImpl.java:start(184)) - 4c8858b5-dd34-4dfa-8a80-c1e60ab9590b@group-576F86D54FC4: start as a follower, conf=-1: [4c8858b5-dd34-4dfa-8a80-c1e60ab9590b:192.168.69.121:43670, c0c4966b-a29b-458a-b1c2-0283d43e69e4:192.168.69.121:46426, fdaf92da-19a4-414a-af4c-01715acef4ce:192.168.69.121:37869], old=null
2019-11-08 16:12:53,500 [pool-339-thread-1] INFO  impl.RaftServerImpl (RaftServerImpl.java:setRole(173)) - 4c8858b5-dd34-4dfa-8a80-c1e60ab9590b@group-576F86D54FC4: changes role from      null to FOLLOWER at term 0 for startAsFollower
2019-11-08 16:12:53,500 [pool-329-thread-1] INFO  impl.RaftServerImpl (RaftServerImpl.java:<init>(98)) - c0c4966b-a29b-458a-b1c2-0283d43e69e4: new RaftServerImpl for group-236248FFE1E3:[c0c4966b-a29b-458a-b1c2-0283d43e69e4:192.168.69.121:46426] with ContainerStateMachine:uninitialized
2019-11-08 16:12:53,500 [pool-339-thread-1] INFO  impl.RoleInfo (RoleInfo.java:updateAndGet(143)) - 4c8858b5-dd34-4dfa-8a80-c1e60ab9590b: start FollowerState
2019-11-08 16:12:53,500 [pool-329-thread-1] INFO  server.RaftServerConfigKeys (ConfUtils.java:logGet(43)) - raft.server.rpc.timeout.min = 1s (custom)
2019-11-08 16:12:53,500 [pool-329-thread-1] INFO  server.RaftServerConfigKeys (ConfUtils.java:logGet(43)) - raft.server.rpc.timeout.max = 1200ms (custom)
2019-11-08 16:12:53,500 [pool-329-thread-1] INFO  server.RaftServerConfigKeys (ConfUtils.java:logGet(43)) - raft.server.rpcslowness.timeout = 120s (custom)
2019-11-08 16:12:53,500 [pool-329-thread-1] INFO  server.RaftServerConfigKeys (ConfUtils.java:logGet(43)) - raft.server.sleep.deviation.threshold = 300 (default)
2019-11-08 16:12:53,501 [pool-329-thread-1] INFO  server.RaftServerConfigKeys (ConfUtils.java:logGet(43)) - raft.server.log.appender.install.snapshot.enabled = false (custom)
2019-11-08 16:12:53,501 [pool-329-thread-1] INFO  impl.RaftServerImpl (ServerState.java:<init>(103)) - c0c4966b-a29b-458a-b1c2-0283d43e69e4@group-236248FFE1E3: ConfigurationManager, init=-1: [c0c4966b-a29b-458a-b1c2-0283d43e69e4:192.168.69.121:46426], old=null, confs=<EMPTY_MAP>
2019-11-08 16:12:53,501 [pool-329-thread-1] INFO  server.RaftServerConfigKeys (ConfUtils.java:logGet(43)) - raft.server.storage.dir = [/workdir/hadoop-ozone/integration-test/target/test-dir/MiniOzoneClusterImpl-d855ef0a-1308-4748-ba6a-889d1c87fb48/datanode-6/data/ratis] (custom)
2019-11-08 16:12:53,501 [pool-269-thread-1] INFO  impl.RaftServerImpl (RaftServerImpl.java:<init>(98)) - fdaf92da-19a4-414a-af4c-01715acef4ce: new RaftServerImpl for group-576F86D54FC4:[4c8858b5-dd34-4dfa-8a80-c1e60ab9590b:192.168.69.121:43670, c0c4966b-a29b-458a-b1c2-0283d43e69e4:192.168.69.121:46426, fdaf92da-19a4-414a-af4c-01715acef4ce:192.168.69.121:37869] with ContainerStateMachine:uninitialized
2019-11-08 16:12:53,501 [pool-329-thread-1] INFO  server.RaftServerConfigKeys (ConfUtils.java:logGet(43)) - raft.server.log.corruption.policy = EXCEPTION (default)
2019-11-08 16:12:53,501 [pool-339-thread-1] INFO  util.JmxRegister (JmxRegister.java:tryRegister(44)) - Successfully registered JMX Bean with object name Ratis:service=RaftServer,group=group-576F86D54FC4,id=4c8858b5-dd34-4dfa-8a80-c1e60ab9590b
2019-11-08 16:12:53,501 [pool-329-thread-1] INFO  storage.RaftStorageDirectory (RaftStorageDirectory.java:analyzeStorage(246)) - The storage directory /workdir/hadoop-ozone/integration-test/target/test-dir/MiniOzoneClusterImpl-d855ef0a-1308-4748-ba6a-889d1c87fb48/datanode-6/data/ratis/aed16978-eb8c-4ad8-b689-236248ffe1e3 does not exist. Creating ...
2019-11-08 16:12:53,501 [pool-269-thread-1] INFO  server.RaftServerConfigKeys (ConfUtils.java:logGet(43)) - raft.server.rpc.timeout.min = 1s (custom)
2019-11-08 16:12:53,501 [pool-339-thread-1] WARN  impl.MetricRegistriesImpl (MetricRegistriesImpl.java:lambda$create$1(61)) - First MetricRegistry has been created without registering reporters. You may need to call MetricRegistries.global().addReportRegistration(...) before.
2019-11-08 16:12:53,502 [pool-269-thread-1] INFO  server.RaftServerConfigKeys (ConfUtils.java:logGet(43)) - raft.server.rpc.timeout.max = 1200ms (custom)
2019-11-08 16:12:53,502 [pool-269-thread-1] INFO  server.RaftServerConfigKeys (ConfUtils.java:logGet(43)) - raft.server.rpcslowness.timeout = 120s (custom)
2019-11-08 16:12:53,502 [pool-269-thread-1] INFO  server.RaftServerConfigKeys (ConfUtils.java:logGet(43)) - raft.server.sleep.deviation.threshold = 300 (default)
2019-11-08 16:12:53,502 [pool-269-thread-1] INFO  server.RaftServerConfigKeys (ConfUtils.java:logGet(43)) - raft.server.log.appender.install.snapshot.enabled = false (custom)
2019-11-08 16:12:53,502 [pool-269-thread-1] INFO  impl.RaftServerImpl (ServerState.java:<init>(103)) - fdaf92da-19a4-414a-af4c-01715acef4ce@group-576F86D54FC4: ConfigurationManager, init=-1: [4c8858b5-dd34-4dfa-8a80-c1e60ab9590b:192.168.69.121:43670, c0c4966b-a29b-458a-b1c2-0283d43e69e4:192.168.69.121:46426, fdaf92da-19a4-414a-af4c-01715acef4ce:192.168.69.121:37869], old=null, confs=<EMPTY_MAP>
2019-11-08 16:12:53,502 [pool-269-thread-1] INFO  server.RaftServerConfigKeys (ConfUtils.java:logGet(43)) - raft.server.storage.dir = [/workdir/hadoop-ozone/integration-test/target/test-dir/MiniOzoneClusterImpl-d855ef0a-1308-4748-ba6a-889d1c87fb48/datanode-0/data/ratis] (custom)
2019-11-08 16:12:53,503 [pool-269-thread-1] INFO  server.RaftServerConfigKeys (ConfUtils.java:logGet(43)) - raft.server.log.corruption.policy = EXCEPTION (default)
2019-11-08 16:12:53,503 [pool-269-thread-1] INFO  storage.RaftStorageDirectory (RaftStorageDirectory.java:analyzeStorage(246)) - The storage directory /workdir/hadoop-ozone/integration-test/target/test-dir/MiniOzoneClusterImpl-d855ef0a-1308-4748-ba6a-889d1c87fb48/datanode-0/data/ratis/b59d3b04-e3e2-49d0-b121-576f86d54fc4 does not exist. Creating ...
2019-11-08 16:12:54,697 [Thread-1815] INFO  impl.FollowerState (FollowerState.java:run(111)) - 4c8858b5-dd34-4dfa-8a80-c1e60ab9590b@group-576F86D54FC4-FollowerState: change to CANDIDATE, lastRpcTime:1196ms, electionTimeout:1196ms
2019-11-08 16:12:54,697 [Thread-1815] INFO  impl.RoleInfo (RoleInfo.java:shutdownFollowerState(121)) - 4c8858b5-dd34-4dfa-8a80-c1e60ab9590b: shutdown FollowerState
2019-11-08 16:12:54,697 [Thread-1815] INFO  impl.RaftServerImpl (RaftServerImpl.java:setRole(173)) - 4c8858b5-dd34-4dfa-8a80-c1e60ab9590b@group-576F86D54FC4: changes role from  FOLLOWER to CANDIDATE at term 0 for changeToCandidate
2019-11-08 16:12:54,697 [Thread-1815] INFO  impl.RoleInfo (RoleInfo.java:updateAndGet(143)) - 4c8858b5-dd34-4dfa-8a80-c1e60ab9590b: start LeaderElection
2019-11-08 16:12:55,199 [RATISCREATEPIPELINE1] ERROR pipeline.RatisPipelineProvider (RatisPipelineProvider.java:lambda$null$5(237)) - Failed invoke Ratis rpc org.apache.hadoop.hdds.scm.pipeline.RatisPipelineProvider$$Lambda$190/902656413@70d6b38 for c0c4966b-a29b-458a-b1c2-0283d43e69e4
org.apache.ratis.protocol.TimeoutIOException: deadline exceeded after 2999609865ns
	at org.apache.ratis.grpc.GrpcUtil.tryUnwrapException(GrpcUtil.java:82)
	at org.apache.ratis.grpc.GrpcUtil.unwrapException(GrpcUtil.java:75)
	at org.apache.ratis.grpc.client.GrpcClientProtocolClient.blockingCall(GrpcClientProtocolClient.java:184)
	at org.apache.ratis.grpc.client.GrpcClientProtocolClient.groupAdd(GrpcClientProtocolClient.java:153)
	at org.apache.ratis.grpc.client.GrpcClientRpc.sendRequest(GrpcClientRpc.java:94)
	at org.apache.ratis.client.impl.RaftClientImpl.sendRequest(RaftClientImpl.java:278)
	at org.apache.ratis.client.impl.RaftClientImpl.groupAdd(RaftClientImpl.java:205)
	at org.apache.hadoop.hdds.scm.pipeline.RatisPipelineProvider.lambda$initializePipeline$4(RatisPipelineProvider.java:198)
	at org.apache.hadoop.hdds.scm.pipeline.RatisPipelineProvider.lambda$null$5(RatisPipelineProvider.java:233)
	at java.util.stream.ForEachOps$ForEachOp$OfRef.accept(ForEachOps.java:183)
	at java.util.ArrayList$ArrayListSpliterator.forEachRemaining(ArrayList.java:1382)
	at java.util.stream.AbstractPipeline.copyInto(AbstractPipeline.java:482)
	at java.util.stream.ForEachOps$ForEachTask.compute(ForEachOps.java:290)
	at java.util.concurrent.CountedCompleter.exec(CountedCompleter.java:731)
	at java.util.concurrent.ForkJoinTask.doExec(ForkJoinTask.java:289)
	at java.util.concurrent.ForkJoinTask.doInvoke(ForkJoinTask.java:401)
	at java.util.concurrent.ForkJoinTask.invoke(ForkJoinTask.java:734)
	at java.util.stream.ForEachOps$ForEachOp.evaluateParallel(ForEachOps.java:159)
	at java.util.stream.ForEachOps$ForEachOp$OfRef.evaluateParallel(ForEachOps.java:173)
	at java.util.stream.AbstractPipeline.evaluate(AbstractPipeline.java:233)
	at java.util.stream.ReferencePipeline.forEach(ReferencePipeline.java:485)
	at java.util.stream.ReferencePipeline$Head.forEach(ReferencePipeline.java:650)
	at org.apache.hadoop.hdds.scm.pipeline.RatisPipelineProvider.lambda$callRatisRpc$6(RatisPipelineProvider.java:227)
	at java.util.concurrent.ForkJoinTask$AdaptedRunnableAction.exec(ForkJoinTask.java:1386)
	at java.util.concurrent.ForkJoinTask.doExec(ForkJoinTask.java:289)
	at java.util.concurrent.ForkJoinPool$WorkQueue.runTask(ForkJoinPool.java:1056)
	at java.util.concurrent.ForkJoinPool.runWorker(ForkJoinPool.java:1692)
	at java.util.concurrent.ForkJoinWorkerThread.run(ForkJoinWorkerThread.java:157)
Caused by: org.apache.ratis.thirdparty.io.grpc.StatusRuntimeException: DEADLINE_EXCEEDED: deadline exceeded after 2999609865ns
	at org.apache.ratis.thirdparty.io.grpc.stub.ClientCalls.toStatusRuntimeException(ClientCalls.java:233)
	at org.apache.ratis.thirdparty.io.grpc.stub.ClientCalls.getUnchecked(ClientCalls.java:214)
	at org.apache.ratis.thirdparty.io.grpc.stub.ClientCalls.blockingUnaryCall(ClientCalls.java:139)
	at org.apache.ratis.proto.grpc.AdminProtocolServiceGrpc$AdminProtocolServiceBlockingStub.groupManagement(AdminProtocolServiceGrpc.java:274)
	at org.apache.ratis.grpc.client.GrpcClientProtocolClient.lambda$groupAdd$3(GrpcClientProtocolClient.java:155)
	at org.apache.ratis.grpc.client.GrpcClientProtocolClient.blockingCall(GrpcClientProtocolClient.java:182)
	... 25 more
2019-11-08 16:12:55,228 [grpc-default-executor-0] INFO  impl.RaftServerProxy (RaftServerProxy.java:addNew(89)) - fdaf92da-19a4-414a-af4c-01715acef4ce: addNew group-E0D71A37EFC9:[4c8858b5-dd34-4dfa-8a80-c1e60ab9590b:192.168.69.121:43670, c0c4966b-a29b-458a-b1c2-0283d43e69e4:192.168.69.121:46426, fdaf92da-19a4-414a-af4c-01715acef4ce:192.168.69.121:37869] returns group-E0D71A37EFC9:java.util.concurrent.CompletableFuture@70e6cdc9[Not completed]
2019-11-08 16:12:55,228 [grpc-default-executor-8] INFO  impl.RaftServerProxy (RaftServerProxy.java:addNew(89)) - 4c8858b5-dd34-4dfa-8a80-c1e60ab9590b: addNew group-E0D71A37EFC9:[4c8858b5-dd34-4dfa-8a80-c1e60ab9590b:192.168.69.121:43670, c0c4966b-a29b-458a-b1c2-0283d43e69e4:192.168.69.121:46426, fdaf92da-19a4-414a-af4c-01715acef4ce:192.168.69.121:37869] returns group-E0D71A37EFC9:java.util.concurrent.CompletableFuture@508ed56[Not completed]
2019-11-08 16:12:55,228 [grpc-default-executor-7] INFO  impl.RaftServerProxy (RaftServerProxy.java:addNew(89)) - c0c4966b-a29b-458a-b1c2-0283d43e69e4: addNew group-E0D71A37EFC9:[4c8858b5-dd34-4dfa-8a80-c1e60ab9590b:192.168.69.121:43670, c0c4966b-a29b-458a-b1c2-0283d43e69e4:192.168.69.121:46426, fdaf92da-19a4-414a-af4c-01715acef4ce:192.168.69.121:37869] returns group-E0D71A37EFC9:java.util.concurrent.CompletableFuture@68bc4ae6[Not completed]
2019-11-08 16:12:55,231 [pool-339-thread-1] INFO  impl.RaftServerImpl (RaftServerImpl.java:<init>(98)) - 4c8858b5-dd34-4dfa-8a80-c1e60ab9590b: new RaftServerImpl for group-E0D71A37EFC9:[4c8858b5-dd34-4dfa-8a80-c1e60ab9590b:192.168.69.121:43670, c0c4966b-a29b-458a-b1c2-0283d43e69e4:192.168.69.121:46426, fdaf92da-19a4-414a-af4c-01715acef4ce:192.168.69.121:37869] with ContainerStateMachine:uninitialized
2019-11-08 16:12:55,231 [pool-339-thread-1] INFO  server.RaftServerConfigKeys (ConfUtils.java:logGet(43)) - raft.server.rpc.timeout.min = 1s (custom)
2019-11-08 16:12:55,231 [pool-339-thread-1] INFO  server.RaftServerConfigKeys (ConfUtils.java:logGet(43)) - raft.server.rpc.timeout.max = 1200ms (custom)
2019-11-08 16:12:55,231 [pool-339-thread-1] INFO  server.RaftServerConfigKeys (ConfUtils.java:logGet(43)) - raft.server.rpcslowness.timeout = 120s (custom)
2019-11-08 16:12:55,231 [pool-339-thread-1] INFO  server.RaftServerConfigKeys (ConfUtils.java:logGet(43)) - raft.server.sleep.deviation.threshold = 300 (default)
2019-11-08 16:12:55,231 [pool-339-thread-1] INFO  server.RaftServerConfigKeys (ConfUtils.java:logGet(43)) - raft.server.log.appender.install.snapshot.enabled = false (custom)
2019-11-08 16:12:55,232 [pool-339-thread-1] INFO  impl.RaftServerImpl (ServerState.java:<init>(103)) - 4c8858b5-dd34-4dfa-8a80-c1e60ab9590b@group-E0D71A37EFC9: ConfigurationManager, init=-1: [4c8858b5-dd34-4dfa-8a80-c1e60ab9590b:192.168.69.121:43670, c0c4966b-a29b-458a-b1c2-0283d43e69e4:192.168.69.121:46426, fdaf92da-19a4-414a-af4c-01715acef4ce:192.168.69.121:37869], old=null, confs=<EMPTY_MAP>
2019-11-08 16:12:55,232 [pool-339-thread-1] INFO  server.RaftServerConfigKeys (ConfUtils.java:logGet(43)) - raft.server.storage.dir = [/workdir/hadoop-ozone/integration-test/target/test-dir/MiniOzoneClusterImpl-d855ef0a-1308-4748-ba6a-889d1c87fb48/datanode-7/data/ratis] (custom)
2019-11-08 16:12:55,232 [pool-339-thread-1] INFO  server.RaftServerConfigKeys (ConfUtils.java:logGet(43)) - raft.server.log.corruption.policy = EXCEPTION (default)
2019-11-08 16:12:55,232 [pool-339-thread-1] INFO  storage.RaftStorageDirectory (RaftStorageDirectory.java:analyzeStorage(246)) - The storage directory /workdir/hadoop-ozone/integration-test/target/test-dir/MiniOzoneClusterImpl-d855ef0a-1308-4748-ba6a-889d1c87fb48/datanode-7/data/ratis/303460ce-76e0-4ff4-9d60-e0d71a37efc9 does not exist. Creating ...
2019-11-08 16:12:58,242 [RATISCREATEPIPELINE2] ERROR pipeline.RatisPipelineProvider (RatisPipelineProvider.java:lambda$null$5(237)) - Failed invoke Ratis rpc org.apache.hadoop.hdds.scm.pipeline.RatisPipelineProvider$$Lambda$190/902656413@36219f07 for 4c8858b5-dd34-4dfa-8a80-c1e60ab9590b
org.apache.ratis.protocol.TimeoutIOException: deadline exceeded after 2999829537ns
	at org.apache.ratis.grpc.GrpcUtil.tryUnwrapException(GrpcUtil.java:82)
	at org.apache.ratis.grpc.GrpcUtil.unwrapException(GrpcUtil.java:75)
	at org.apache.ratis.grpc.client.GrpcClientProtocolClient.blockingCall(GrpcClientProtocolClient.java:184)
	at org.apache.ratis.grpc.client.GrpcClientProtocolClient.groupAdd(GrpcClientProtocolClient.java:153)
	at org.apache.ratis.grpc.client.GrpcClientRpc.sendRequest(GrpcClientRpc.java:94)
	at org.apache.ratis.client.impl.RaftClientImpl.sendRequest(RaftClientImpl.java:278)
	at org.apache.ratis.client.impl.RaftClientImpl.groupAdd(RaftClientImpl.java:205)
	at org.apache.hadoop.hdds.scm.pipeline.RatisPipelineProvider.lambda$initializePipeline$4(RatisPipelineProvider.java:198)
	at org.apache.hadoop.hdds.scm.pipeline.RatisPipelineProvider.lambda$null$5(RatisPipelineProvider.java:233)
	at java.util.stream.ForEachOps$ForEachOp$OfRef.accept(ForEachOps.java:183)
	at java.util.ArrayList$ArrayListSpliterator.forEachRemaining(ArrayList.java:1382)
	at java.util.stream.AbstractPipeline.copyInto(AbstractPipeline.java:482)
	at java.util.stream.ForEachOps$ForEachTask.compute(ForEachOps.java:290)
	at java.util.concurrent.CountedCompleter.exec(CountedCompleter.java:731)
	at java.util.concurrent.ForkJoinTask.doExec(ForkJoinTask.java:289)
	at java.util.concurrent.ForkJoinPool$WorkQueue.runTask(ForkJoinPool.java:1056)
	at java.util.concurrent.ForkJoinPool.runWorker(ForkJoinPool.java:1692)
	at java.util.concurrent.ForkJoinWorkerThread.run(ForkJoinWorkerThread.java:157)
Caused by: org.apache.ratis.thirdparty.io.grpc.StatusRuntimeException: DEADLINE_EXCEEDED: deadline exceeded after 2999829537ns
	at org.apache.ratis.thirdparty.io.grpc.stub.ClientCalls.toStatusRuntimeException(ClientCalls.java:233)
	at org.apache.ratis.thirdparty.io.grpc.stub.ClientCalls.getUnchecked(ClientCalls.java:214)
	at org.apache.ratis.thirdparty.io.grpc.stub.ClientCalls.blockingUnaryCall(ClientCalls.java:139)
	at org.apache.ratis.proto.grpc.AdminProtocolServiceGrpc$AdminProtocolServiceBlockingStub.groupManagement(AdminProtocolServiceGrpc.java:274)
	at org.apache.ratis.grpc.client.GrpcClientProtocolClient.lambda$groupAdd$3(GrpcClientProtocolClient.java:155)
	at org.apache.ratis.grpc.client.GrpcClientProtocolClient.blockingCall(GrpcClientProtocolClient.java:182)
	... 15 more
2019-11-08 16:12:58,242 [RATISCREATEPIPELINE3] ERROR pipeline.RatisPipelineProvider (RatisPipelineProvider.java:lambda$null$5(237)) - Failed invoke Ratis rpc org.apache.hadoop.hdds.scm.pipeline.RatisPipelineProvider$$Lambda$190/902656413@36219f07 for c0c4966b-a29b-458a-b1c2-0283d43e69e4
org.apache.ratis.protocol.TimeoutIOException: deadline exceeded after 2999754749ns
	at org.apache.ratis.grpc.GrpcUtil.tryUnwrapException(GrpcUtil.java:82)
	at org.apache.ratis.grpc.GrpcUtil.unwrapException(GrpcUtil.java:75)
	at org.apache.ratis.grpc.client.GrpcClientProtocolClient.blockingCall(GrpcClientProtocolClient.java:184)
	at org.apache.ratis.grpc.client.GrpcClientProtocolClient.groupAdd(GrpcClientProtocolClient.java:153)
	at org.apache.ratis.grpc.client.GrpcClientRpc.sendRequest(GrpcClientRpc.java:94)
	at org.apache.ratis.client.impl.RaftClientImpl.sendRequest(RaftClientImpl.java:278)
	at org.apache.ratis.client.impl.RaftClientImpl.groupAdd(RaftClientImpl.java:205)
	at org.apache.hadoop.hdds.scm.pipeline.RatisPipelineProvider.lambda$initializePipeline$4(RatisPipelineProvider.java:198)
	at org.apache.hadoop.hdds.scm.pipeline.RatisPipelineProvider.lambda$null$5(RatisPipelineProvider.java:233)
	at java.util.stream.ForEachOps$ForEachOp$OfRef.accept(ForEachOps.java:183)
	at java.util.ArrayList$ArrayListSpliterator.forEachRemaining(ArrayList.java:1382)
	at java.util.stream.AbstractPipeline.copyInto(AbstractPipeline.java:482)
	at java.util.stream.ForEachOps$ForEachTask.compute(ForEachOps.java:290)
	at java.util.concurrent.CountedCompleter.exec(CountedCompleter.java:731)
	at java.util.concurrent.ForkJoinTask.doExec(ForkJoinTask.java:289)
	at java.util.concurrent.ForkJoinPool$WorkQueue.runTask(ForkJoinPool.java:1056)
	at java.util.concurrent.ForkJoinPool.runWorker(ForkJoinPool.java:1692)
	at java.util.concurrent.ForkJoinWorkerThread.run(ForkJoinWorkerThread.java:157)
Caused by: org.apache.ratis.thirdparty.io.grpc.StatusRuntimeException: DEADLINE_EXCEEDED: deadline exceeded after 2999754749ns
	at org.apache.ratis.thirdparty.io.grpc.stub.ClientCalls.toStatusRuntimeException(ClientCalls.java:233)
	at org.apache.ratis.thirdparty.io.grpc.stub.ClientCalls.getUnchecked(ClientCalls.java:214)
	at org.apache.ratis.thirdparty.io.grpc.stub.ClientCalls.blockingUnaryCall(ClientCalls.java:139)
	at org.apache.ratis.proto.grpc.AdminProtocolServiceGrpc$AdminProtocolServiceBlockingStub.groupManagement(AdminProtocolServiceGrpc.java:274)
	at org.apache.ratis.grpc.client.GrpcClientProtocolClient.lambda$groupAdd$3(GrpcClientProtocolClient.java:155)
	at org.apache.ratis.grpc.client.GrpcClientProtocolClient.blockingCall(GrpcClientProtocolClient.java:182)
	... 15 more
2019-11-08 16:12:58,242 [RATISCREATEPIPELINE1] ERROR pipeline.RatisPipelineProvider (RatisPipelineProvider.java:lambda$null$5(237)) - Failed invoke Ratis rpc org.apache.hadoop.hdds.scm.pipeline.RatisPipelineProvider$$Lambda$190/902656413@36219f07 for fdaf92da-19a4-414a-af4c-01715acef4ce
org.apache.ratis.protocol.TimeoutIOException: deadline exceeded after 2997836747ns
	at org.apache.ratis.grpc.GrpcUtil.tryUnwrapException(GrpcUtil.java:82)
	at org.apache.ratis.grpc.GrpcUtil.unwrapException(GrpcUtil.java:75)
	at org.apache.ratis.grpc.client.GrpcClientProtocolClient.blockingCall(GrpcClientProtocolClient.java:184)
	at org.apache.ratis.grpc.client.GrpcClientProtocolClient.groupAdd(GrpcClientProtocolClient.java:153)
	at org.apache.ratis.grpc.client.GrpcClientRpc.sendRequest(GrpcClientRpc.java:94)
	at org.apache.ratis.client.impl.RaftClientImpl.sendRequest(RaftClientImpl.java:278)
	at org.apache.ratis.client.impl.RaftClientImpl.groupAdd(RaftClientImpl.java:205)
	at org.apache.hadoop.hdds.scm.pipeline.RatisPipelineProvider.lambda$initializePipeline$4(RatisPipelineProvider.java:198)
	at org.apache.hadoop.hdds.scm.pipeline.RatisPipelineProvider.lambda$null$5(RatisPipelineProvider.java:233)
	at java.util.stream.ForEachOps$ForEachOp$OfRef.accept(ForEachOps.java:183)
	at java.util.ArrayList$ArrayListSpliterator.forEachRemaining(ArrayList.java:1382)
	at java.util.stream.AbstractPipeline.copyInto(AbstractPipeline.java:482)
	at java.util.stream.ForEachOps$ForEachTask.compute(ForEachOps.java:290)
	at java.util.concurrent.CountedCompleter.exec(CountedCompleter.java:731)
	at java.util.concurrent.ForkJoinTask.doExec(ForkJoinTask.java:289)
	at java.util.concurrent.ForkJoinTask.doInvoke(ForkJoinTask.java:401)
	at java.util.concurrent.ForkJoinTask.invoke(ForkJoinTask.java:734)
	at java.util.stream.ForEachOps$ForEachOp.evaluateParallel(ForEachOps.java:159)
	at java.util.stream.ForEachOps$ForEachOp$OfRef.evaluateParallel(ForEachOps.java:173)
	at java.util.stream.AbstractPipeline.evaluate(AbstractPipeline.java:233)
	at java.util.stream.ReferencePipeline.forEach(ReferencePipeline.java:485)
	at java.util.stream.ReferencePipeline$Head.forEach(ReferencePipeline.java:650)
	at org.apache.hadoop.hdds.scm.pipeline.RatisPipelineProvider.lambda$callRatisRpc$6(RatisPipelineProvider.java:227)
	at java.util.concurrent.ForkJoinTask$AdaptedRunnableAction.exec(ForkJoinTask.java:1386)
	at java.util.concurrent.ForkJoinTask.doExec(ForkJoinTask.java:289)
	at java.util.concurrent.ForkJoinPool$WorkQueue.runTask(ForkJoinPool.java:1056)
	at java.util.concurrent.ForkJoinPool.runWorker(ForkJoinPool.java:1692)
	at java.util.concurrent.ForkJoinWorkerThread.run(ForkJoinWorkerThread.java:157)
Caused by: org.apache.ratis.thirdparty.io.grpc.StatusRuntimeException: DEADLINE_EXCEEDED: deadline exceeded after 2997836747ns
	at org.apache.ratis.thirdparty.io.grpc.stub.ClientCalls.toStatusRuntimeException(ClientCalls.java:233)
	at org.apache.ratis.thirdparty.io.grpc.stub.ClientCalls.getUnchecked(ClientCalls.java:214)
	at org.apache.ratis.thirdparty.io.grpc.stub.ClientCalls.blockingUnaryCall(ClientCalls.java:139)
	at org.apache.ratis.proto.grpc.AdminProtocolServiceGrpc$AdminProtocolServiceBlockingStub.groupManagement(AdminProtocolServiceGrpc.java:274)
	at org.apache.ratis.grpc.client.GrpcClientProtocolClient.lambda$groupAdd$3(GrpcClientProtocolClient.java:155)
	at org.apache.ratis.grpc.client.GrpcClientProtocolClient.blockingCall(GrpcClientProtocolClient.java:182)
	... 25 more
2019-11-08 16:13:00,832 [grpc-default-executor-0] INFO  impl.RaftServerProxy (RaftServerProxy.java:addNew(89)) - c0c4966b-a29b-458a-b1c2-0283d43e69e4: addNew group-C086F38B8249:[4c8858b5-dd34-4dfa-8a80-c1e60ab9590b:192.168.69.121:43670, c0c4966b-a29b-458a-b1c2-0283d43e69e4:192.168.69.121:46426, fdaf92da-19a4-414a-af4c-01715acef4ce:192.168.69.121:37869] returns group-C086F38B8249:java.util.concurrent.CompletableFuture@7f6276af[Not completed]
2019-11-08 16:13:00,832 [grpc-default-executor-8] INFO  impl.RaftServerProxy (RaftServerProxy.java:addNew(89)) - fdaf92da-19a4-414a-af4c-01715acef4ce: addNew group-C086F38B8249:[4c8858b5-dd34-4dfa-8a80-c1e60ab9590b:192.168.69.121:43670, c0c4966b-a29b-458a-b1c2-0283d43e69e4:192.168.69.121:46426, fdaf92da-19a4-414a-af4c-01715acef4ce:192.168.69.121:37869] returns group-C086F38B8249:java.util.concurrent.CompletableFuture@34c70faa[Not completed]
2019-11-08 16:13:00,832 [grpc-default-executor-2] INFO  impl.RaftServerProxy (RaftServerProxy.java:addNew(89)) - 4c8858b5-dd34-4dfa-8a80-c1e60ab9590b: addNew group-C086F38B8249:[4c8858b5-dd34-4dfa-8a80-c1e60ab9590b:192.168.69.121:43670, c0c4966b-a29b-458a-b1c2-0283d43e69e4:192.168.69.121:46426, fdaf92da-19a4-414a-af4c-01715acef4ce:192.168.69.121:37869] returns group-C086F38B8249:java.util.concurrent.CompletableFuture@1e776bd[Not completed]
2019-11-08 16:13:02,736 [pool-269-thread-1] INFO  storage.RaftStorageDirectory (RaftStorageDirectory.java:tryLock(328)) - Lock on /workdir/hadoop-ozone/integration-test/target/test-dir/MiniOzoneClusterImpl-d855ef0a-1308-4748-ba6a-889d1c87fb48/datanode-0/data/ratis/b59d3b04-e3e2-49d0-b121-576f86d54fc4/in_use.lock acquired by nodename 27676@pr-hdds-2375-v4kv9-2954650390
2019-11-08 16:13:02,736 [4c8858b5-dd34-4dfa-8a80-c1e60ab9590b@group-576F86D54FC4-LeaderElection79] INFO  impl.LeaderElection (LeaderElection.java:askForVotes(178)) - 4c8858b5-dd34-4dfa-8a80-c1e60ab9590b@group-576F86D54FC4-LeaderElection79: begin an election at term 1 for -1: [4c8858b5-dd34-4dfa-8a80-c1e60ab9590b:192.168.69.121:43670, c0c4966b-a29b-458a-b1c2-0283d43e69e4:192.168.69.121:46426, fdaf92da-19a4-414a-af4c-01715acef4ce:192.168.69.121:37869], old=null
2019-11-08 16:13:02,736 [pool-329-thread-1] INFO  storage.RaftStorageDirectory (RaftStorageDirectory.java:tryLock(328)) - Lock on /workdir/hadoop-ozone/integration-test/target/test-dir/MiniOzoneClusterImpl-d855ef0a-1308-4748-ba6a-889d1c87fb48/datanode-6/data/ratis/aed16978-eb8c-4ad8-b689-236248ffe1e3/in_use.lock acquired by nodename 27676@pr-hdds-2375-v4kv9-2954650390
2019-11-08 16:13:02,736 [pool-339-thread-1] INFO  storage.RaftStorageDirectory (RaftStorageDirectory.java:tryLock(328)) - Lock on /workdir/hadoop-ozone/integration-test/target/test-dir/MiniOzoneClusterImpl-d855ef0a-1308-4748-ba6a-889d1c87fb48/datanode-7/data/ratis/303460ce-76e0-4ff4-9d60-e0d71a37efc9/in_use.lock acquired by nodename 27676@pr-hdds-2375-v4kv9-2954650390
2019-11-08 16:13:02,744 [grpc-default-executor-8] WARN  server.GrpcServerProtocolService (LogUtils.java:warn(134)) - c0c4966b-a29b-458a-b1c2-0283d43e69e4: Failed requestVote 4c8858b5-dd34-4dfa-8a80-c1e60ab9590b->c0c4966b-a29b-458a-b1c2-0283d43e69e4#0: org.apache.ratis.protocol.ServerNotReadyException: c0c4966b-a29b-458a-b1c2-0283d43e69e4@group-576F86D54FC4 is not in [RUNNING]: current state is NEW
2019-11-08 16:13:02,769 [4c8858b5-dd34-4dfa-8a80-c1e60ab9590b@group-576F86D54FC4-LeaderElection79] INFO  impl.LeaderElection (LogUtils.java:infoOrTrace(149)) - 4c8858b5-dd34-4dfa-8a80-c1e60ab9590b@group-576F86D54FC4-LeaderElection79 got exception when requesting votes: {}
java.util.concurrent.ExecutionException: org.apache.ratis.thirdparty.io.grpc.StatusRuntimeException: INTERNAL: c0c4966b-a29b-458a-b1c2-0283d43e69e4@group-576F86D54FC4 is not in [RUNNING]: current state is NEW
	at java.util.concurrent.FutureTask.report(FutureTask.java:122)
	at java.util.concurrent.FutureTask.get(FutureTask.java:192)
	at org.apache.ratis.server.impl.LeaderElection.waitForResults(LeaderElection.java:259)
	at org.apache.ratis.server.impl.LeaderElection.askForVotes(LeaderElection.java:197)
	at org.apache.ratis.server.impl.LeaderElection.run(LeaderElection.java:133)
	at java.lang.Thread.run(Thread.java:748)
Caused by: org.apache.ratis.thirdparty.io.grpc.StatusRuntimeException: INTERNAL: c0c4966b-a29b-458a-b1c2-0283d43e69e4@group-576F86D54FC4 is not in [RUNNING]: current state is NEW
	at org.apache.ratis.thirdparty.io.grpc.stub.ClientCalls.toStatusRuntimeException(ClientCalls.java:233)
	at org.apache.ratis.thirdparty.io.grpc.stub.ClientCalls.getUnchecked(ClientCalls.java:214)
	at org.apache.ratis.thirdparty.io.grpc.stub.ClientCalls.blockingUnaryCall(ClientCalls.java:139)
	at org.apache.ratis.proto.grpc.RaftServerProtocolServiceGrpc$RaftServerProtocolServiceBlockingStub.requestVote(RaftServerProtocolServiceGrpc.java:265)
	at org.apache.ratis.grpc.server.GrpcServerProtocolClient.requestVote(GrpcServerProtocolClient.java:99)
	at org.apache.ratis.grpc.server.GrpcService.requestVote(GrpcService.java:204)
	at org.apache.ratis.server.impl.LeaderElection.lambda$submitRequests$1(LeaderElection.java:234)
	at java.util.concurrent.FutureTask.run(FutureTask.java:266)
	at java.util.concurrent.Executors$RunnableAdapter.call(Executors.java:511)
	at java.util.concurrent.FutureTask.run(FutureTask.java:266)
	at java.util.concurrent.ThreadPoolExecutor.runWorker(ThreadPoolExecutor.java:1149)
	at java.util.concurrent.ThreadPoolExecutor$Worker.run(ThreadPoolExecutor.java:624)
	... 1 more
2019-11-08 16:13:03,833 [RATISCREATEPIPELINE3] ERROR pipeline.RatisPipelineProvider (RatisPipelineProvider.java:lambda$null$5(237)) - Failed invoke Ratis rpc org.apache.hadoop.hdds.scm.pipeline.RatisPipelineProvider$$Lambda$190/902656413@6e8f3eb for fdaf92da-19a4-414a-af4c-01715acef4ce
org.apache.ratis.protocol.TimeoutIOException: deadline exceeded after 2999607606ns
	at org.apache.ratis.grpc.GrpcUtil.tryUnwrapException(GrpcUtil.java:82)
	at org.apache.ratis.grpc.GrpcUtil.unwrapException(GrpcUtil.java:75)
	at org.apache.ratis.grpc.client.GrpcClientProtocolClient.blockingCall(GrpcClientProtocolClient.java:184)
	at org.apache.ratis.grpc.client.GrpcClientProtocolClient.groupAdd(GrpcClientProtocolClient.java:153)
	at org.apache.ratis.grpc.client.GrpcClientRpc.sendRequest(GrpcClientRpc.java:94)
	at org.apache.ratis.client.impl.RaftClientImpl.sendRequest(RaftClientImpl.java:278)
	at org.apache.ratis.client.impl.RaftClientImpl.groupAdd(RaftClientImpl.java:205)
	at org.apache.hadoop.hdds.scm.pipeline.RatisPipelineProvider.lambda$initializePipeline$4(RatisPipelineProvider.java:198)
	at org.apache.hadoop.hdds.scm.pipeline.RatisPipelineProvider.lambda$null$5(RatisPipelineProvider.java:233)
	at java.util.stream.ForEachOps$ForEachOp$OfRef.accept(ForEachOps.java:183)
	at java.util.ArrayList$ArrayListSpliterator.forEachRemaining(ArrayList.java:1382)
	at java.util.stream.AbstractPipeline.copyInto(AbstractPipeline.java:482)
	at java.util.stream.ForEachOps$ForEachTask.compute(ForEachOps.java:290)
	at java.util.concurrent.CountedCompleter.exec(CountedCompleter.java:731)
	at java.util.concurrent.ForkJoinTask.doExec(ForkJoinTask.java:289)
	at java.util.concurrent.ForkJoinTask.doInvoke(ForkJoinTask.java:401)
	at java.util.concurrent.ForkJoinTask.invoke(ForkJoinTask.java:734)
	at java.util.stream.ForEachOps$ForEachOp.evaluateParallel(ForEachOps.java:159)
	at java.util.stream.ForEachOps$ForEachOp$OfRef.evaluateParallel(ForEachOps.java:173)
	at java.util.stream.AbstractPipeline.evaluate(AbstractPipeline.java:233)
	at java.util.stream.ReferencePipeline.forEach(ReferencePipeline.java:485)
	at java.util.stream.ReferencePipeline$Head.forEach(ReferencePipeline.java:650)
	at org.apache.hadoop.hdds.scm.pipeline.RatisPipelineProvider.lambda$callRatisRpc$6(RatisPipelineProvider.java:227)
	at java.util.concurrent.ForkJoinTask$AdaptedRunnableAction.exec(ForkJoinTask.java:1386)
	at java.util.concurrent.ForkJoinTask.doExec(ForkJoinTask.java:289)
	at java.util.concurrent.ForkJoinPool$WorkQueue.runTask(ForkJoinPool.java:1056)
	at java.util.concurrent.ForkJoinPool.runWorker(ForkJoinPool.java:1692)
	at java.util.concurrent.ForkJoinWorkerThread.run(ForkJoinWorkerThread.java:157)
Caused by: org.apache.ratis.thirdparty.io.grpc.StatusRuntimeException: DEADLINE_EXCEEDED: deadline exceeded after 2999607606ns
	at org.apache.ratis.thirdparty.io.grpc.stub.ClientCalls.toStatusRuntimeException(ClientCalls.java:233)
	at org.apache.ratis.thirdparty.io.grpc.stub.ClientCalls.getUnchecked(ClientCalls.java:214)
	at org.apache.ratis.thirdparty.io.grpc.stub.ClientCalls.blockingUnaryCall(ClientCalls.java:139)
	at org.apache.ratis.proto.grpc.AdminProtocolServiceGrpc$AdminProtocolServiceBlockingStub.groupManagement(AdminProtocolServiceGrpc.java:274)
	at org.apache.ratis.grpc.client.GrpcClientProtocolClient.lambda$groupAdd$3(GrpcClientProtocolClient.java:155)
	at org.apache.ratis.grpc.client.GrpcClientProtocolClient.blockingCall(GrpcClientProtocolClient.java:182)
	... 25 more
2019-11-08 16:13:03,833 [RATISCREATEPIPELINE2] ERROR pipeline.RatisPipelineProvider (RatisPipelineProvider.java:lambda$null$5(237)) - Failed invoke Ratis rpc org.apache.hadoop.hdds.scm.pipeline.RatisPipelineProvider$$Lambda$190/902656413@6e8f3eb for c0c4966b-a29b-458a-b1c2-0283d43e69e4
org.apache.ratis.protocol.TimeoutIOException: deadline exceeded after 2999597653ns
	at org.apache.ratis.grpc.GrpcUtil.tryUnwrapException(GrpcUtil.java:82)
	at org.apache.ratis.grpc.GrpcUtil.unwrapException(GrpcUtil.java:75)
	at org.apache.ratis.grpc.client.GrpcClientProtocolClient.blockingCall(GrpcClientProtocolClient.java:184)
	at org.apache.ratis.grpc.client.GrpcClientProtocolClient.groupAdd(GrpcClientProtocolClient.java:153)
	at org.apache.ratis.grpc.client.GrpcClientRpc.sendRequest(GrpcClientRpc.java:94)
	at org.apache.ratis.client.impl.RaftClientImpl.sendRequest(RaftClientImpl.java:278)
	at org.apache.ratis.client.impl.RaftClientImpl.groupAdd(RaftClientImpl.java:205)
	at org.apache.hadoop.hdds.scm.pipeline.RatisPipelineProvider.lambda$initializePipeline$4(RatisPipelineProvider.java:198)
	at org.apache.hadoop.hdds.scm.pipeline.RatisPipelineProvider.lambda$null$5(RatisPipelineProvider.java:233)
	at java.util.stream.ForEachOps$ForEachOp$OfRef.accept(ForEachOps.java:183)
	at java.util.ArrayList$ArrayListSpliterator.forEachRemaining(ArrayList.java:1382)
	at java.util.stream.AbstractPipeline.copyInto(AbstractPipeline.java:482)
	at java.util.stream.ForEachOps$ForEachTask.compute(ForEachOps.java:290)
	at java.util.concurrent.CountedCompleter.exec(CountedCompleter.java:731)
	at java.util.concurrent.ForkJoinTask.doExec(ForkJoinTask.java:289)
	at java.util.concurrent.ForkJoinPool$WorkQueue.runTask(ForkJoinPool.java:1056)
	at java.util.concurrent.ForkJoinPool.runWorker(ForkJoinPool.java:1692)
	at java.util.concurrent.ForkJoinWorkerThread.run(ForkJoinWorkerThread.java:157)
Caused by: org.apache.ratis.thirdparty.io.grpc.StatusRuntimeException: DEADLINE_EXCEEDED: deadline exceeded after 2999597653ns
	at org.apache.ratis.thirdparty.io.grpc.stub.ClientCalls.toStatusRuntimeException(ClientCalls.java:233)
	at org.apache.ratis.thirdparty.io.grpc.stub.ClientCalls.getUnchecked(ClientCalls.java:214)
	at org.apache.ratis.thirdparty.io.grpc.stub.ClientCalls.blockingUnaryCall(ClientCalls.java:139)
	at org.apache.ratis.proto.grpc.AdminProtocolServiceGrpc$AdminProtocolServiceBlockingStub.groupManagement(AdminProtocolServiceGrpc.java:274)
	at org.apache.ratis.grpc.client.GrpcClientProtocolClient.lambda$groupAdd$3(GrpcClientProtocolClient.java:155)
	at org.apache.ratis.grpc.client.GrpcClientProtocolClient.blockingCall(GrpcClientProtocolClient.java:182)
	... 15 more
2019-11-08 16:13:03,833 [RATISCREATEPIPELINE0] ERROR pipeline.RatisPipelineProvider (RatisPipelineProvider.java:lambda$null$5(237)) - Failed invoke Ratis rpc org.apache.hadoop.hdds.scm.pipeline.RatisPipelineProvider$$Lambda$190/902656413@6e8f3eb for 4c8858b5-dd34-4dfa-8a80-c1e60ab9590b
org.apache.ratis.protocol.TimeoutIOException: deadline exceeded after 2999573354ns
	at org.apache.ratis.grpc.GrpcUtil.tryUnwrapException(GrpcUtil.java:82)
	at org.apache.ratis.grpc.GrpcUtil.unwrapException(GrpcUtil.java:75)
	at org.apache.ratis.grpc.client.GrpcClientProtocolClient.blockingCall(GrpcClientProtocolClient.java:184)
	at org.apache.ratis.grpc.client.GrpcClientProtocolClient.groupAdd(GrpcClientProtocolClient.java:153)
	at org.apache.ratis.grpc.client.GrpcClientRpc.sendRequest(GrpcClientRpc.java:94)
	at org.apache.ratis.client.impl.RaftClientImpl.sendRequest(RaftClientImpl.java:278)
	at org.apache.ratis.client.impl.RaftClientImpl.groupAdd(RaftClientImpl.java:205)
	at org.apache.hadoop.hdds.scm.pipeline.RatisPipelineProvider.lambda$initializePipeline$4(RatisPipelineProvider.java:198)
	at org.apache.hadoop.hdds.scm.pipeline.RatisPipelineProvider.lambda$null$5(RatisPipelineProvider.java:233)
	at java.util.stream.ForEachOps$ForEachOp$OfRef.accept(ForEachOps.java:183)
	at java.util.ArrayList$ArrayListSpliterator.forEachRemaining(ArrayList.java:1382)
	at java.util.stream.AbstractPipeline.copyInto(AbstractPipeline.java:482)
	at java.util.stream.ForEachOps$ForEachTask.compute(ForEachOps.java:290)
	at java.util.concurrent.CountedCompleter.exec(CountedCompleter.java:731)
	at java.util.concurrent.ForkJoinTask.doExec(ForkJoinTask.java:289)
	at java.util.concurrent.ForkJoinPool$WorkQueue.runTask(ForkJoinPool.java:1056)
	at java.util.concurrent.ForkJoinPool.runWorker(ForkJoinPool.java:1692)
	at java.util.concurrent.ForkJoinWorkerThread.run(ForkJoinWorkerThread.java:157)
Caused by: org.apache.ratis.thirdparty.io.grpc.StatusRuntimeException: DEADLINE_EXCEEDED: deadline exceeded after 2999573354ns
	at org.apache.ratis.thirdparty.io.grpc.stub.ClientCalls.toStatusRuntimeException(ClientCalls.java:233)
	at org.apache.ratis.thirdparty.io.grpc.stub.ClientCalls.getUnchecked(ClientCalls.java:214)
	at org.apache.ratis.thirdparty.io.grpc.stub.ClientCalls.blockingUnaryCall(ClientCalls.java:139)
	at org.apache.ratis.proto.grpc.AdminProtocolServiceGrpc$AdminProtocolServiceBlockingStub.groupManagement(AdminProtocolServiceGrpc.java:274)
	at org.apache.ratis.grpc.client.GrpcClientProtocolClient.lambda$groupAdd$3(GrpcClientProtocolClient.java:155)
	at org.apache.ratis.grpc.client.GrpcClientProtocolClient.blockingCall(GrpcClientProtocolClient.java:182)
	... 15 more
2019-11-08 16:13:03,837 [IPC Server handler 1 on 37031] WARN  block.BlockManagerImpl (BlockManagerImpl.java:allocateBlock(200)) - Pipeline creation failed for type:RATIS factor:THREE. Retrying get pipelines call once.
org.apache.hadoop.io.MultipleIOException: 3 exceptions [java.io.IOException: Failed invoke Ratis rpc org.apache.hadoop.hdds.scm.pipeline.RatisPipelineProvider$$Lambda$190/902656413@6e8f3eb for fdaf92da-19a4-414a-af4c-01715acef4ce, java.io.IOException: Failed invoke Ratis rpc org.apache.hadoop.hdds.scm.pipeline.RatisPipelineProvider$$Lambda$190/902656413@6e8f3eb for c0c4966b-a29b-458a-b1c2-0283d43e69e4, java.io.IOException: Failed invoke Ratis rpc org.apache.hadoop.hdds.scm.pipeline.RatisPipelineProvider$$Lambda$190/902656413@6e8f3eb for 4c8858b5-dd34-4dfa-8a80-c1e60ab9590b]
	at org.apache.hadoop.io.MultipleIOException.createIOException(MultipleIOException.java:53)
	at org.apache.hadoop.hdds.scm.pipeline.RatisPipelineProvider.callRatisRpc(RatisPipelineProvider.java:253)
	at org.apache.hadoop.hdds.scm.pipeline.RatisPipelineProvider.initializePipeline(RatisPipelineProvider.java:196)
	at org.apache.hadoop.hdds.scm.pipeline.RatisPipelineProvider.create(RatisPipelineProvider.java:163)
	at org.apache.hadoop.hdds.scm.pipeline.PipelineFactory.create(PipelineFactory.java:58)
	at org.apache.hadoop.hdds.scm.pipeline.SCMPipelineManager.createPipeline(SCMPipelineManager.java:155)
	at org.apache.hadoop.hdds.scm.block.BlockManagerImpl.allocateBlock(BlockManagerImpl.java:198)
	at org.apache.hadoop.hdds.scm.server.SCMBlockProtocolServer.allocateBlock(SCMBlockProtocolServer.java:187)
	at org.apache.hadoop.hdds.scm.protocol.ScmBlockLocationProtocolServerSideTranslatorPB.allocateScmBlock(ScmBlockLocationProtocolServerSideTranslatorPB.java:159)
	at org.apache.hadoop.hdds.scm.protocol.ScmBlockLocationProtocolServerSideTranslatorPB.processMessage(ScmBlockLocationProtocolServerSideTranslatorPB.java:117)
	at org.apache.hadoop.hdds.server.OzoneProtocolMessageDispatcher.processRequest(OzoneProtocolMessageDispatcher.java:72)
	at org.apache.hadoop.hdds.scm.protocol.ScmBlockLocationProtocolServerSideTranslatorPB.send(ScmBlockLocationProtocolServerSideTranslatorPB.java:98)
	at org.apache.hadoop.hdds.protocol.proto.ScmBlockLocationProtocolProtos$ScmBlockLocationProtocolService$2.callBlockingMethod(ScmBlockLocationProtocolProtos.java:13157)
	at org.apache.hadoop.ipc.ProtobufRpcEngine$Server$ProtoBufRpcInvoker.call(ProtobufRpcEngine.java:524)
	at org.apache.hadoop.ipc.RPC$Server.call(RPC.java:1025)
	at org.apache.hadoop.ipc.Server$RpcCall.run(Server.java:876)
	at org.apache.hadoop.ipc.Server$RpcCall.run(Server.java:822)
	at java.security.AccessController.doPrivileged(Native Method)
	at javax.security.auth.Subject.doAs(Subject.java:422)
	at org.apache.hadoop.security.UserGroupInformation.doAs(UserGroupInformation.java:1730)
	at org.apache.hadoop.ipc.Server$Handler.run(Server.java:2682)
2019-11-08 16:13:03,838 [IPC Server handler 1 on 37031] INFO  block.BlockManagerImpl (BlockManagerImpl.java:allocateBlock(212)) - Could not find available pipeline of type:RATIS and factor:THREE even after retrying
2019-11-08 16:13:03,839 [IPC Server handler 1 on 37031] ERROR block.BlockManagerImpl (BlockManagerImpl.java:allocateBlock(236)) - Unable to allocate a block for the size: 4194304, type: RATIS, factor: THREE
2019-11-08 16:13:03,844 [main] INFO  ozone.MiniOzoneClusterImpl (MiniOzoneClusterImpl.java:shutdown(314)) - Shutting down the Mini Ozone Cluster
2019-11-08 16:13:03,844 [main] INFO  ozone.MiniOzoneClusterImpl (MiniOzoneClusterImpl.java:stop(330)) - Stopping the Mini Ozone Cluster
2019-11-08 16:13:03,844 [main] INFO  ozone.MiniOzoneClusterImpl (MiniOzoneClusterImpl.java:stopOM(400)) - Stopping the OzoneManager
2019-11-08 16:13:03,844 [main] INFO  ipc.Server (Server.java:stop(3082)) - Stopping server on 46632
2019-11-08 16:13:03,864 [IPC Server listener on 46632] INFO  ipc.Server (Server.java:run(1185)) - Stopping IPC Server listener on 46632
2019-11-08 16:13:03,864 [main] INFO  ratis.OzoneManagerDoubleBuffer (OzoneManagerDoubleBuffer.java:stop(261)) - Stopping OMDoubleBuffer flush thread
2019-11-08 16:13:03,866 [IPC Server Responder] INFO  ipc.Server (Server.java:run(1319)) - Stopping IPC Server Responder
2019-11-08 16:13:03,885 [OMDoubleBufferFlushThread] INFO  ratis.OzoneManagerDoubleBuffer (OzoneManagerDoubleBuffer.java:flushTransactions(199)) - OMDoubleBuffer flush thread OMDoubleBufferFlushThread is interrupted and will exit. OMDoubleBufferFlushThread
2019-11-08 16:13:03,885 [main] INFO  utils.BackgroundService (BackgroundService.java:shutdown(151)) - Shutting down service KeyDeletingService
2019-11-08 16:13:03,933 [4c8858b5-dd34-4dfa-8a80-c1e60ab9590b@group-576F86D54FC4-LeaderElection79] INFO  impl.LeaderElection (LeaderElection.java:logAndReturn(56)) - 4c8858b5-dd34-4dfa-8a80-c1e60ab9590b@group-576F86D54FC4-LeaderElection79: Election TIMEOUT; received 0 response(s) [] and 1 exception(s); 4c8858b5-dd34-4dfa-8a80-c1e60ab9590b@group-576F86D54FC4:t1, leader=null, voted=4c8858b5-dd34-4dfa-8a80-c1e60ab9590b, raftlog=4c8858b5-dd34-4dfa-8a80-c1e60ab9590b@group-576F86D54FC4-SegmentedRaftLog:OPENED:c-1,f-1,i0, conf=-1: [4c8858b5-dd34-4dfa-8a80-c1e60ab9590b:192.168.69.121:43670, c0c4966b-a29b-458a-b1c2-0283d43e69e4:192.168.69.121:46426, fdaf92da-19a4-414a-af4c-01715acef4ce:192.168.69.121:37869], old=null
2019-11-08 16:13:03,933 [4c8858b5-dd34-4dfa-8a80-c1e60ab9590b@group-576F86D54FC4-LeaderElection79] INFO  impl.LeaderElection (LogUtils.java:infoOrTrace(149)) -   Exception 0: {}
java.util.concurrent.ExecutionException: org.apache.ratis.thirdparty.io.grpc.StatusRuntimeException: INTERNAL: c0c4966b-a29b-458a-b1c2-0283d43e69e4@group-576F86D54FC4 is not in [RUNNING]: current state is NEW
	at java.util.concurrent.FutureTask.report(FutureTask.java:122)
	at java.util.concurrent.FutureTask.get(FutureTask.java:192)
	at org.apache.ratis.server.impl.LeaderElection.waitForResults(LeaderElection.java:259)
	at org.apache.ratis.server.impl.LeaderElection.askForVotes(LeaderElection.java:197)
	at org.apache.ratis.server.impl.LeaderElection.run(LeaderElection.java:133)
	at java.lang.Thread.run(Thread.java:748)
Caused by: org.apache.ratis.thirdparty.io.grpc.StatusRuntimeException: INTERNAL: c0c4966b-a29b-458a-b1c2-0283d43e69e4@group-576F86D54FC4 is not in [RUNNING]: current state is NEW
	at org.apache.ratis.thirdparty.io.grpc.stub.ClientCalls.toStatusRuntimeException(ClientCalls.java:233)
	at org.apache.ratis.thirdparty.io.grpc.stub.ClientCalls.getUnchecked(ClientCalls.java:214)
	at org.apache.ratis.thirdparty.io.grpc.stub.ClientCalls.blockingUnaryCall(ClientCalls.java:139)
	at org.apache.ratis.proto.grpc.RaftServerProtocolServiceGrpc$RaftServerProtocolServiceBlockingStub.requestVote(RaftServerProtocolServiceGrpc.java:265)
	at org.apache.ratis.grpc.server.GrpcServerProtocolClient.requestVote(GrpcServerProtocolClient.java:99)
	at org.apache.ratis.grpc.server.GrpcService.requestVote(GrpcService.java:204)
	at org.apache.ratis.server.impl.LeaderElection.lambda$submitRequests$1(LeaderElection.java:234)
	at java.util.concurrent.FutureTask.run(FutureTask.java:266)
	at java.util.concurrent.Executors$RunnableAdapter.call(Executors.java:511)
	at java.util.concurrent.FutureTask.run(FutureTask.java:266)
	at java.util.concurrent.ThreadPoolExecutor.runWorker(ThreadPoolExecutor.java:1149)
	at java.util.concurrent.ThreadPoolExecutor$Worker.run(ThreadPoolExecutor.java:624)
	... 1 more
2019-11-08 16:13:04,497 [main] INFO  handler.ContextHandler (ContextHandler.java:doStop(910)) - Stopped o.e.j.w.WebAppContext@72543547{/,null,UNAVAILABLE}{/ozoneManager}
2019-11-08 16:13:04,498 [main] INFO  server.AbstractConnector (AbstractConnector.java:doStop(318)) - Stopped ServerConnector@3d88e6b9{HTTP/1.1,[http/1.1]}{0.0.0.0:0}
2019-11-08 16:13:04,499 [main] INFO  handler.ContextHandler (ContextHandler.java:doStop(910)) - Stopped o.e.j.s.ServletContextHandler@7ca16adc{/static,file:///workdir/hadoop-ozone/integration-test/target/test-classes/webapps/static,UNAVAILABLE}
2019-11-08 16:13:04,499 [main] INFO  handler.ContextHandler (ContextHandler.java:doStop(910)) - Stopped o.e.j.s.ServletContextHandler@4dcbae55{/logs,file:///workdir/hadoop-ozone/integration-test/target/log,UNAVAILABLE}
2019-11-08 16:13:04,503 [main] INFO  ozone.MiniOzoneClusterImpl (MiniOzoneClusterImpl.java:stopDatanodes(377)) - Stopping the HddsDatanodes
2019-11-08 16:13:05,235 [pool-339-thread-1] INFO  storage.RaftStorage (RaftStorage.java:format(84)) - Storage directory /workdir/hadoop-ozone/integration-test/target/test-dir/MiniOzoneClusterImpl-d855ef0a-1308-4748-ba6a-889d1c87fb48/datanode-7/data/ratis/303460ce-76e0-4ff4-9d60-e0d71a37efc9 has been successfully formatted.
2019-11-08 16:13:05,235 [4c8858b5-dd34-4dfa-8a80-c1e60ab9590b@group-576F86D54FC4-LeaderElection79] INFO  impl.LeaderElection (LeaderElection.java:askForVotes(178)) - 4c8858b5-dd34-4dfa-8a80-c1e60ab9590b@group-576F86D54FC4-LeaderElection79: begin an election at term 2 for -1: [4c8858b5-dd34-4dfa-8a80-c1e60ab9590b:192.168.69.121:43670, c0c4966b-a29b-458a-b1c2-0283d43e69e4:192.168.69.121:46426, fdaf92da-19a4-414a-af4c-01715acef4ce:192.168.69.121:37869], old=null
2019-11-08 16:13:05,235 [pool-329-thread-1] INFO  storage.RaftStorage (RaftStorage.java:format(84)) - Storage directory /workdir/hadoop-ozone/integration-test/target/test-dir/MiniOzoneClusterImpl-d855ef0a-1308-4748-ba6a-889d1c87fb48/datanode-6/data/ratis/aed16978-eb8c-4ad8-b689-236248ffe1e3 has been successfully formatted.
2019-11-08 16:13:05,235 [pool-269-thread-1] INFO  storage.RaftStorage (RaftStorage.java:format(84)) - Storage directory /workdir/hadoop-ozone/integration-test/target/test-dir/MiniOzoneClusterImpl-d855ef0a-1308-4748-ba6a-889d1c87fb48/datanode-0/data/ratis/b59d3b04-e3e2-49d0-b121-576f86d54fc4 has been successfully formatted.
2019-11-08 16:13:05,236 [pool-339-thread-1] INFO  ratis.ContainerStateMachine (ContainerStateMachine.java:loadSnapshot(221)) - group-E0D71A37EFC9: The snapshot info is null. Setting the last applied indexto:(t:0, i:~)
2019-11-08 16:13:05,236 [pool-329-thread-1] INFO  ratis.ContainerStateMachine (ContainerStateMachine.java:loadSnapshot(221)) - group-236248FFE1E3: The snapshot info is null. Setting the last applied indexto:(t:0, i:~)
2019-11-08 16:13:05,236 [pool-339-thread-1] INFO  server.RaftServerConfigKeys (ConfUtils.java:logGet(43)) - raft.server.notification.no-leader.timeout = 120s (custom)
2019-11-08 16:13:05,236 [pool-269-thread-1] INFO  ratis.ContainerStateMachine (ContainerStateMachine.java:loadSnapshot(221)) - group-576F86D54FC4: The snapshot info is null. Setting the last applied indexto:(t:0, i:~)
2019-11-08 16:13:05,236 [Datanode State Machine Thread - 0] INFO  statemachine.DatanodeStateMachine (DatanodeStateMachine.java:lambda$startDaemon$0(350)) - Ozone container server started.
2019-11-08 16:13:05,237 [pool-269-thread-1] INFO  server.RaftServerConfigKeys (ConfUtils.java:logGet(43)) - raft.server.notification.no-leader.timeout = 120s (custom)
2019-11-08 16:13:05,237 [pool-339-thread-1] INFO  server.RaftServerConfigKeys (ConfUtils.java:logGet(43)) - raft.server.log.use.memory = false (default)
2019-11-08 16:13:05,237 [pool-329-thread-1] INFO  server.RaftServerConfigKeys (ConfUtils.java:logGet(43)) - raft.server.notification.no-leader.timeout = 120s (custom)
2019-11-08 16:13:05,237 [pool-339-thread-1] INFO  server.RaftServerConfigKeys (ConfUtils.java:logGet(43)) - raft.server.log.purge.gap = 1000000 (custom)
2019-11-08 16:13:05,237 [pool-269-thread-1] INFO  server.RaftServerConfigKeys (ConfUtils.java:logGet(43)) - raft.server.log.use.memory = false (default)
2019-11-08 16:13:05,238 [pool-339-thread-1] INFO  server.RaftServerConfigKeys (ConfUtils.java:logGet(43)) - raft.server.log.appender.buffer.byte-limit = 33554432 (custom)
2019-11-08 16:13:05,238 [pool-329-thread-1] INFO  server.RaftServerConfigKeys (ConfUtils.java:logGet(43)) - raft.server.log.use.memory = false (default)
2019-11-08 16:13:05,238 [pool-339-thread-1] INFO  server.RaftServerConfigKeys (ConfUtils.java:logGet(43)) - raft.server.log.segment.size.max = 1048576 (custom)
2019-11-08 16:13:05,238 [pool-269-thread-1] INFO  server.RaftServerConfigKeys (ConfUtils.java:logGet(43)) - raft.server.log.purge.gap = 1000000 (custom)
2019-11-08 16:13:05,238 [pool-339-thread-1] INFO  server.RaftServerConfigKeys (ConfUtils.java:logGet(43)) - raft.server.log.segment.cache.num.max = 2 (custom)
2019-11-08 16:13:05,238 [pool-329-thread-1] INFO  server.RaftServerConfigKeys (ConfUtils.java:logGet(43)) - raft.server.log.purge.gap = 1000000 (custom)
2019-11-08 16:13:05,238 [pool-339-thread-1] INFO  segmented.SegmentedRaftLogWorker (SegmentedRaftLogWorker.java:<init>(173)) - new 4c8858b5-dd34-4dfa-8a80-c1e60ab9590b@group-E0D71A37EFC9-SegmentedRaftLogWorker for RaftStorage:Storage Directory /workdir/hadoop-ozone/integration-test/target/test-dir/MiniOzoneClusterImpl-d855ef0a-1308-4748-ba6a-889d1c87fb48/datanode-7/data/ratis/303460ce-76e0-4ff4-9d60-e0d71a37efc9
2019-11-08 16:13:05,238 [pool-269-thread-1] INFO  server.RaftServerConfigKeys (ConfUtils.java:logGet(43)) - raft.server.log.appender.buffer.byte-limit = 33554432 (custom)
2019-11-08 16:13:05,239 [pool-339-thread-1] INFO  server.RaftServerConfigKeys (ConfUtils.java:logGet(43)) - raft.server.log.queue.byte-limit = 2147483647 (custom)
2019-11-08 16:13:05,239 [pool-329-thread-1] INFO  server.RaftServerConfigKeys (ConfUtils.java:logGet(43)) - raft.server.log.appender.buffer.byte-limit = 33554432 (custom)
2019-11-08 16:13:05,239 [pool-339-thread-1] INFO  server.RaftServerConfigKeys (ConfUtils.java:logGet(43)) - raft.server.log.queue.element-limit = 1024 (custom)
2019-11-08 16:13:05,239 [pool-269-thread-1] INFO  server.RaftServerConfigKeys (ConfUtils.java:logGet(43)) - raft.server.log.segment.size.max = 1048576 (custom)
2019-11-08 16:13:05,239 [pool-339-thread-1] INFO  server.RaftServerConfigKeys (ConfUtils.java:logGet(43)) - raft.server.log.segment.size.max = 1048576 (custom)
2019-11-08 16:13:05,239 [grpc-default-executor-8] WARN  server.GrpcServerProtocolService (LogUtils.java:warn(134)) - c0c4966b-a29b-458a-b1c2-0283d43e69e4: Failed requestVote 4c8858b5-dd34-4dfa-8a80-c1e60ab9590b->c0c4966b-a29b-458a-b1c2-0283d43e69e4#0: org.apache.ratis.protocol.ServerNotReadyException: c0c4966b-a29b-458a-b1c2-0283d43e69e4@group-576F86D54FC4 is not in [RUNNING]: current state is NEW
2019-11-08 16:13:05,239 [pool-329-thread-1] INFO  server.RaftServerConfigKeys (ConfUtils.java:logGet(43)) - raft.server.log.segment.size.max = 1048576 (custom)
2019-11-08 16:13:05,239 [pool-339-thread-1] INFO  server.RaftServerConfigKeys (ConfUtils.java:logGet(43)) - raft.server.log.preallocated.size = 16384 (custom)
2019-11-08 16:13:05,239 [pool-269-thread-1] INFO  server.RaftServerConfigKeys (ConfUtils.java:logGet(43)) - raft.server.log.segment.cache.num.max = 2 (custom)
2019-11-08 16:13:05,240 [pool-339-thread-1] INFO  server.RaftServerConfigKeys (ConfUtils.java:logGet(43)) - raft.server.log.write.buffer.size = 33554432 (custom)
2019-11-08 16:13:05,240 [pool-329-thread-1] INFO  server.RaftServerConfigKeys (ConfUtils.java:logGet(43)) - raft.server.log.segment.cache.num.max = 2 (custom)
2019-11-08 16:13:05,240 [pool-339-thread-1] INFO  server.RaftServerConfigKeys (ConfUtils.java:logGet(43)) - raft.server.log.force.sync.num = 128 (default)
2019-11-08 16:13:05,240 [pool-269-thread-1] INFO  segmented.SegmentedRaftLogWorker (SegmentedRaftLogWorker.java:<init>(173)) - new fdaf92da-19a4-414a-af4c-01715acef4ce@group-576F86D54FC4-SegmentedRaftLogWorker for RaftStorage:Storage Directory /workdir/hadoop-ozone/integration-test/target/test-dir/MiniOzoneClusterImpl-d855ef0a-1308-4748-ba6a-889d1c87fb48/datanode-0/data/ratis/b59d3b04-e3e2-49d0-b121-576f86d54fc4
2019-11-08 16:13:05,240 [pool-339-thread-1] INFO  server.RaftServerConfigKeys (ConfUtils.java:logGet(43)) - raft.server.log.statemachine.data.sync = true (default)
2019-11-08 16:13:05,240 [pool-329-thread-1] INFO  segmented.SegmentedRaftLogWorker (SegmentedRaftLogWorker.java:<init>(173)) - new c0c4966b-a29b-458a-b1c2-0283d43e69e4@group-236248FFE1E3-SegmentedRaftLogWorker for RaftStorage:Storage Directory /workdir/hadoop-ozone/integration-test/target/test-dir/MiniOzoneClusterImpl-d855ef0a-1308-4748-ba6a-889d1c87fb48/datanode-6/data/ratis/aed16978-eb8c-4ad8-b689-236248ffe1e3
2019-11-08 16:13:05,240 [pool-339-thread-1] INFO  server.RaftServerConfigKeys (ConfUtils.java:logGet(43)) - raft.server.log.statemachine.data.sync.timeout = 10s (default)
2019-11-08 16:13:05,240 [pool-269-thread-1] INFO  server.RaftServerConfigKeys (ConfUtils.java:logGet(43)) - raft.server.log.queue.byte-limit = 2147483647 (custom)
2019-11-08 16:13:05,241 [pool-339-thread-1] INFO  server.RaftServerConfigKeys (ConfUtils.java:logGet(43)) - raft.server.log.statemachine.data.sync.timeout.retry = -1 (default)
2019-11-08 16:13:05,240 [pool-329-thread-1] INFO  server.RaftServerConfigKeys (ConfUtils.java:logGet(43)) - raft.server.log.queue.byte-limit = 2147483647 (custom)
2019-11-08 16:13:05,241 [pool-269-thread-1] INFO  server.RaftServerConfigKeys (ConfUtils.java:logGet(43)) - raft.server.log.queue.element-limit = 1024 (custom)
2019-11-08 16:13:05,241 [pool-339-thread-1] INFO  server.RaftServerConfigKeys (ConfUtils.java:logGet(43)) - raft.server.log.statemachine.data.caching.enabled = true (custom)
2019-11-08 16:13:05,241 [pool-329-thread-1] INFO  server.RaftServerConfigKeys (ConfUtils.java:logGet(43)) - raft.server.log.queue.element-limit = 1024 (custom)
2019-11-08 16:13:05,241 [pool-269-thread-1] INFO  server.RaftServerConfigKeys (ConfUtils.java:logGet(43)) - raft.server.log.segment.size.max = 1048576 (custom)
2019-11-08 16:13:05,241 [pool-339-thread-1] INFO  segmented.SegmentedRaftLogWorker (SegmentedRaftLogWorker.java:lambda$new$0(128)) - 4c8858b5-dd34-4dfa-8a80-c1e60ab9590b@group-E0D71A37EFC9-SegmentedRaftLogWorker: flushIndex: setUnconditionally 0 -> -1
2019-11-08 16:13:05,241 [pool-329-thread-1] INFO  server.RaftServerConfigKeys (ConfUtils.java:logGet(43)) - raft.server.log.segment.size.max = 1048576 (custom)
2019-11-08 16:13:05,241 [pool-269-thread-1] INFO  server.RaftServerConfigKeys (ConfUtils.java:logGet(43)) - raft.server.log.preallocated.size = 16384 (custom)
2019-11-08 16:13:05,242 [pool-339-thread-1] INFO  server.RaftServerConfigKeys (ConfUtils.java:logGet(43)) - raft.server.snapshot.auto.trigger.enabled = true (custom)
2019-11-08 16:13:05,242 [pool-329-thread-1] INFO  server.RaftServerConfigKeys (ConfUtils.java:logGet(43)) - raft.server.log.preallocated.size = 16384 (custom)
2019-11-08 16:13:05,242 [pool-339-thread-1] INFO  server.RaftServerConfigKeys (ConfUtils.java:logGet(43)) - raft.server.snapshot.auto.trigger.threshold = 10000 (custom)
2019-11-08 16:13:05,242 [pool-339-thread-1] INFO  server.RaftServerConfigKeys (ConfUtils.java:logGet(43)) - raft.server.snapshot.retention.file.num = 5 (custom)
2019-11-08 16:13:05,242 [pool-269-thread-1] INFO  server.RaftServerConfigKeys (ConfUtils.java:logGet(43)) - raft.server.log.write.buffer.size = 33554432 (custom)
2019-11-08 16:13:05,242 [pool-339-thread-1] INFO  server.RaftServerConfigKeys (ConfUtils.java:logGet(43)) - raft.server.retrycache.expirytime = 600000ms (custom)
2019-11-08 16:13:05,242 [pool-329-thread-1] INFO  server.RaftServerConfigKeys (ConfUtils.java:logGet(43)) - raft.server.log.write.buffer.size = 33554432 (custom)
2019-11-08 16:13:05,243 [pool-339-thread-1] WARN  impl.MetricRegistriesImpl (MetricRegistriesImpl.java:lambda$create$1(61)) - First MetricRegistry has been created without registering reporters. You may need to call MetricRegistries.global().addReportRegistration(...) before.
2019-11-08 16:13:05,243 [pool-269-thread-1] INFO  server.RaftServerConfigKeys (ConfUtils.java:logGet(43)) - raft.server.log.force.sync.num = 128 (default)
2019-11-08 16:13:05,243 [pool-339-thread-1] WARN  impl.MetricRegistriesImpl (MetricRegistriesImpl.java:lambda$create$1(61)) - First MetricRegistry has been created without registering reporters. You may need to call MetricRegistries.global().addReportRegistration(...) before.
2019-11-08 16:13:05,243 [pool-329-thread-1] INFO  server.RaftServerConfigKeys (ConfUtils.java:logGet(43)) - raft.server.log.force.sync.num = 128 (default)
2019-11-08 16:13:05,243 [pool-269-thread-1] INFO  server.RaftServerConfigKeys (ConfUtils.java:logGet(43)) - raft.server.log.statemachine.data.sync = true (default)
2019-11-08 16:13:05,243 [pool-329-thread-1] INFO  server.RaftServerConfigKeys (ConfUtils.java:logGet(43)) - raft.server.log.statemachine.data.sync = true (default)
2019-11-08 16:13:05,244 [pool-269-thread-1] INFO  server.RaftServerConfigKeys (ConfUtils.java:logGet(43)) - raft.server.log.statemachine.data.sync.timeout = 10s (default)
2019-11-08 16:13:05,244 [pool-329-thread-1] INFO  server.RaftServerConfigKeys (ConfUtils.java:logGet(43)) - raft.server.log.statemachine.data.sync.timeout = 10s (default)
2019-11-08 16:13:05,244 [pool-269-thread-1] INFO  server.RaftServerConfigKeys (ConfUtils.java:logGet(43)) - raft.server.log.statemachine.data.sync.timeout.retry = -1 (default)
2019-11-08 16:13:05,244 [4c8858b5-dd34-4dfa-8a80-c1e60ab9590b@group-576F86D54FC4-LeaderElection79] INFO  impl.LeaderElection (LogUtils.java:infoOrTrace(149)) - 4c8858b5-dd34-4dfa-8a80-c1e60ab9590b@group-576F86D54FC4-LeaderElection79 got exception when requesting votes: {}
java.util.concurrent.ExecutionException: org.apache.ratis.thirdparty.io.grpc.StatusRuntimeException: INTERNAL: c0c4966b-a29b-458a-b1c2-0283d43e69e4@group-576F86D54FC4 is not in [RUNNING]: current state is NEW
	at java.util.concurrent.FutureTask.report(FutureTask.java:122)
	at java.util.concurrent.FutureTask.get(FutureTask.java:192)
	at org.apache.ratis.server.impl.LeaderElection.waitForResults(LeaderElection.java:259)
	at org.apache.ratis.server.impl.LeaderElection.askForVotes(LeaderElection.java:197)
	at org.apache.ratis.server.impl.LeaderElection.run(LeaderElection.java:133)
	at java.lang.Thread.run(Thread.java:748)
Caused by: org.apache.ratis.thirdparty.io.grpc.StatusRuntimeException: INTERNAL: c0c4966b-a29b-458a-b1c2-0283d43e69e4@group-576F86D54FC4 is not in [RUNNING]: current state is NEW
	at org.apache.ratis.thirdparty.io.grpc.stub.ClientCalls.toStatusRuntimeException(ClientCalls.java:233)
	at org.apache.ratis.thirdparty.io.grpc.stub.ClientCalls.getUnchecked(ClientCalls.java:214)
	at org.apache.ratis.thirdparty.io.grpc.stub.ClientCalls.blockingUnaryCall(ClientCalls.java:139)
	at org.apache.ratis.proto.grpc.RaftServerProtocolServiceGrpc$RaftServerProtocolServiceBlockingStub.requestVote(RaftServerProtocolServiceGrpc.java:265)
	at org.apache.ratis.grpc.server.GrpcServerProtocolClient.requestVote(GrpcServerProtocolClient.java:99)
	at org.apache.ratis.grpc.server.GrpcService.requestVote(GrpcService.java:204)
	at org.apache.ratis.server.impl.LeaderElection.lambda$submitRequests$1(LeaderElection.java:234)
	at java.util.concurrent.FutureTask.run(FutureTask.java:266)
	at java.util.concurrent.Executors$RunnableAdapter.call(Executors.java:511)
	at java.util.concurrent.FutureTask.run(FutureTask.java:266)
	at java.util.concurrent.ThreadPoolExecutor.runWorker(ThreadPoolExecutor.java:1149)
	at java.util.concurrent.ThreadPoolExecutor$Worker.run(ThreadPoolExecutor.java:624)
	... 1 more
2019-11-08 16:13:05,244 [pool-329-thread-1] INFO  server.RaftServerConfigKeys (ConfUtils.java:logGet(43)) - raft.server.log.statemachine.data.sync.timeout.retry = -1 (default)
2019-11-08 16:13:05,244 [pool-269-thread-1] INFO  server.RaftServerConfigKeys (ConfUtils.java:logGet(43)) - raft.server.log.statemachine.data.caching.enabled = true (custom)
2019-11-08 16:13:05,245 [pool-329-thread-1] INFO  server.RaftServerConfigKeys (ConfUtils.java:logGet(43)) - raft.server.log.statemachine.data.caching.enabled = true (custom)
2019-11-08 16:13:05,245 [pool-269-thread-1] INFO  segmented.SegmentedRaftLogWorker (SegmentedRaftLogWorker.java:lambda$new$0(128)) - fdaf92da-19a4-414a-af4c-01715acef4ce@group-576F86D54FC4-SegmentedRaftLogWorker: flushIndex: setUnconditionally 0 -> -1
2019-11-08 16:13:05,245 [pool-329-thread-1] INFO  segmented.SegmentedRaftLogWorker (SegmentedRaftLogWorker.java:lambda$new$0(128)) - c0c4966b-a29b-458a-b1c2-0283d43e69e4@group-236248FFE1E3-SegmentedRaftLogWorker: flushIndex: setUnconditionally 0 -> -1
2019-11-08 16:13:05,245 [pool-269-thread-1] INFO  server.RaftServerConfigKeys (ConfUtils.java:logGet(43)) - raft.server.snapshot.auto.trigger.enabled = true (custom)
2019-11-08 16:13:05,246 [pool-329-thread-1] INFO  server.RaftServerConfigKeys (ConfUtils.java:logGet(43)) - raft.server.snapshot.auto.trigger.enabled = true (custom)
2019-11-08 16:13:05,246 [pool-339-thread-1] INFO  impl.RaftServerImpl (RaftServerImpl.java:<init>(98)) - 4c8858b5-dd34-4dfa-8a80-c1e60ab9590b: new RaftServerImpl for group-C086F38B8249:[4c8858b5-dd34-4dfa-8a80-c1e60ab9590b:192.168.69.121:43670, c0c4966b-a29b-458a-b1c2-0283d43e69e4:192.168.69.121:46426, fdaf92da-19a4-414a-af4c-01715acef4ce:192.168.69.121:37869] with ContainerStateMachine:uninitialized
2019-11-08 16:13:05,246 [pool-269-thread-1] INFO  server.RaftServerConfigKeys (ConfUtils.java:logGet(43)) - raft.server.snapshot.auto.trigger.threshold = 10000 (custom)
2019-11-08 16:13:05,246 [pool-339-thread-1] INFO  server.RaftServerConfigKeys (ConfUtils.java:logGet(43)) - raft.server.rpc.timeout.min = 1s (custom)
2019-11-08 16:13:05,246 [pool-329-thread-1] INFO  server.RaftServerConfigKeys (ConfUtils.java:logGet(43)) - raft.server.snapshot.auto.trigger.threshold = 10000 (custom)
2019-11-08 16:13:05,246 [pool-339-thread-1] INFO  server.RaftServerConfigKeys (ConfUtils.java:logGet(43)) - raft.server.rpc.timeout.max = 1200ms (custom)
2019-11-08 16:13:05,246 [pool-269-thread-1] INFO  server.RaftServerConfigKeys (ConfUtils.java:logGet(43)) - raft.server.snapshot.retention.file.num = 5 (custom)
2019-11-08 16:13:05,246 [pool-339-thread-1] INFO  server.RaftServerConfigKeys (ConfUtils.java:logGet(43)) - raft.server.rpcslowness.timeout = 120s (custom)
2019-11-08 16:13:05,246 [pool-329-thread-1] INFO  server.RaftServerConfigKeys (ConfUtils.java:logGet(43)) - raft.server.snapshot.retention.file.num = 5 (custom)
2019-11-08 16:13:05,247 [pool-339-thread-1] INFO  server.RaftServerConfigKeys (ConfUtils.java:logGet(43)) - raft.server.sleep.deviation.threshold = 300 (default)
2019-11-08 16:13:05,246 [pool-269-thread-1] INFO  server.RaftServerConfigKeys (ConfUtils.java:logGet(43)) - raft.server.retrycache.expirytime = 600000ms (custom)
2019-11-08 16:13:05,247 [pool-339-thread-1] INFO  server.RaftServerConfigKeys (ConfUtils.java:logGet(43)) - raft.server.log.appender.install.snapshot.enabled = false (custom)
2019-11-08 16:13:05,247 [pool-329-thread-1] INFO  server.RaftServerConfigKeys (ConfUtils.java:logGet(43)) - raft.server.retrycache.expirytime = 600000ms (custom)
2019-11-08 16:13:05,247 [pool-339-thread-1] INFO  impl.RaftServerImpl (ServerState.java:<init>(103)) - 4c8858b5-dd34-4dfa-8a80-c1e60ab9590b@group-C086F38B8249: ConfigurationManager, init=-1: [4c8858b5-dd34-4dfa-8a80-c1e60ab9590b:192.168.69.121:43670, c0c4966b-a29b-458a-b1c2-0283d43e69e4:192.168.69.121:46426, fdaf92da-19a4-414a-af4c-01715acef4ce:192.168.69.121:37869], old=null, confs=<EMPTY_MAP>
2019-11-08 16:13:05,247 [pool-329-thread-1] WARN  impl.MetricRegistriesImpl (MetricRegistriesImpl.java:lambda$create$1(61)) - First MetricRegistry has been created without registering reporters. You may need to call MetricRegistries.global().addReportRegistration(...) before.
2019-11-08 16:13:05,247 [pool-269-thread-1] WARN  impl.MetricRegistriesImpl (MetricRegistriesImpl.java:lambda$create$1(61)) - First MetricRegistry has been created without registering reporters. You may need to call MetricRegistries.global().addReportRegistration(...) before.
2019-11-08 16:13:05,247 [pool-329-thread-1] WARN  impl.MetricRegistriesImpl (MetricRegistriesImpl.java:lambda$create$1(61)) - First MetricRegistry has been created without registering reporters. You may need to call MetricRegistries.global().addReportRegistration(...) before.
2019-11-08 16:13:05,247 [pool-339-thread-1] INFO  server.RaftServerConfigKeys (ConfUtils.java:logGet(43)) - raft.server.storage.dir = [/workdir/hadoop-ozone/integration-test/target/test-dir/MiniOzoneClusterImpl-d855ef0a-1308-4748-ba6a-889d1c87fb48/datanode-7/data/ratis] (custom)
2019-11-08 16:13:05,247 [pool-269-thread-1] WARN  impl.MetricRegistriesImpl (MetricRegistriesImpl.java:lambda$create$1(61)) - First MetricRegistry has been created without registering reporters. You may need to call MetricRegistries.global().addReportRegistration(...) before.
2019-11-08 16:13:05,248 [pool-329-thread-1] INFO  impl.RaftServerImpl (RaftServerImpl.java:start(184)) - c0c4966b-a29b-458a-b1c2-0283d43e69e4@group-576F86D54FC4: start as a follower, conf=-1: [4c8858b5-dd34-4dfa-8a80-c1e60ab9590b:192.168.69.121:43670, c0c4966b-a29b-458a-b1c2-0283d43e69e4:192.168.69.121:46426, fdaf92da-19a4-414a-af4c-01715acef4ce:192.168.69.121:37869], old=null
2019-11-08 16:13:05,248 [pool-339-thread-1] INFO  server.RaftServerConfigKeys (ConfUtils.java:logGet(43)) - raft.server.log.corruption.policy = EXCEPTION (default)
2019-11-08 16:13:05,248 [pool-329-thread-1] INFO  impl.RaftServerImpl (RaftServerImpl.java:setRole(173)) - c0c4966b-a29b-458a-b1c2-0283d43e69e4@group-576F86D54FC4: changes role from      null to FOLLOWER at term 0 for startAsFollower
2019-11-08 16:13:05,248 [pool-269-thread-1] INFO  impl.RaftServerImpl (RaftServerImpl.java:start(184)) - fdaf92da-19a4-414a-af4c-01715acef4ce@group-BCF61A1230ED: start as a follower, conf=-1: [fdaf92da-19a4-414a-af4c-01715acef4ce:192.168.69.121:37869], old=null
2019-11-08 16:13:05,248 [pool-329-thread-1] INFO  impl.RoleInfo (RoleInfo.java:updateAndGet(143)) - c0c4966b-a29b-458a-b1c2-0283d43e69e4: start FollowerState
2019-11-08 16:13:05,248 [pool-339-thread-1] INFO  storage.RaftStorageDirectory (RaftStorageDirectory.java:analyzeStorage(246)) - The storage directory /workdir/hadoop-ozone/integration-test/target/test-dir/MiniOzoneClusterImpl-d855ef0a-1308-4748-ba6a-889d1c87fb48/datanode-7/data/ratis/a71fd116-29bc-4d79-913f-c086f38b8249 does not exist. Creating ...
2019-11-08 16:13:05,248 [grpc-default-executor-0] WARN  server.GrpcServerProtocolService (LogUtils.java:warn(134)) - fdaf92da-19a4-414a-af4c-01715acef4ce: Failed requestVote 4c8858b5-dd34-4dfa-8a80-c1e60ab9590b->fdaf92da-19a4-414a-af4c-01715acef4ce#0: org.apache.ratis.protocol.ServerNotReadyException: fdaf92da-19a4-414a-af4c-01715acef4ce@group-576F86D54FC4 is not in [RUNNING]: current state is NEW
2019-11-08 16:13:05,248 [grpc-default-executor-2] WARN  server.GrpcServerProtocolService (LogUtils.java:warn(134)) - fdaf92da-19a4-414a-af4c-01715acef4ce: Failed requestVote 4c8858b5-dd34-4dfa-8a80-c1e60ab9590b->fdaf92da-19a4-414a-af4c-01715acef4ce#0: org.apache.ratis.protocol.ServerNotReadyException: fdaf92da-19a4-414a-af4c-01715acef4ce@group-576F86D54FC4 is not in [RUNNING]: current state is NEW
2019-11-08 16:13:05,249 [pool-329-thread-1] INFO  util.JmxRegister (JmxRegister.java:tryRegister(44)) - Successfully registered JMX Bean with object name Ratis:service=RaftServer,group=group-576F86D54FC4,id=c0c4966b-a29b-458a-b1c2-0283d43e69e4
2019-11-08 16:13:05,248 [pool-269-thread-1] INFO  impl.RaftServerImpl (RaftServerImpl.java:setRole(173)) - fdaf92da-19a4-414a-af4c-01715acef4ce@group-BCF61A1230ED: changes role from      null to FOLLOWER at term 0 for startAsFollower
2019-11-08 16:13:05,249 [pool-329-thread-1] WARN  impl.MetricRegistriesImpl (MetricRegistriesImpl.java:lambda$create$1(61)) - First MetricRegistry has been created without registering reporters. You may need to call MetricRegistries.global().addReportRegistration(...) before.
2019-11-08 16:13:05,249 [pool-269-thread-1] INFO  impl.RoleInfo (RoleInfo.java:updateAndGet(143)) - fdaf92da-19a4-414a-af4c-01715acef4ce: start FollowerState
2019-11-08 16:13:05,250 [pool-269-thread-1] INFO  util.JmxRegister (JmxRegister.java:tryRegister(44)) - Successfully registered JMX Bean with object name Ratis:service=RaftServer,group=group-BCF61A1230ED,id=fdaf92da-19a4-414a-af4c-01715acef4ce
2019-11-08 16:13:05,250 [pool-269-thread-1] WARN  impl.MetricRegistriesImpl (MetricRegistriesImpl.java:lambda$create$1(61)) - First MetricRegistry has been created without registering reporters. You may need to call MetricRegistries.global().addReportRegistration(...) before.
2019-11-08 16:13:05,251 [pool-269-thread-1] INFO  impl.RaftServerImpl (RaftServerImpl.java:<init>(98)) - fdaf92da-19a4-414a-af4c-01715acef4ce: new RaftServerImpl for group-E0D71A37EFC9:[4c8858b5-dd34-4dfa-8a80-c1e60ab9590b:192.168.69.121:43670, c0c4966b-a29b-458a-b1c2-0283d43e69e4:192.168.69.121:46426, fdaf92da-19a4-414a-af4c-01715acef4ce:192.168.69.121:37869] with ContainerStateMachine:uninitialized
2019-11-08 16:13:05,251 [pool-269-thread-1] INFO  server.RaftServerConfigKeys (ConfUtils.java:logGet(43)) - raft.server.rpc.timeout.min = 1s (custom)
2019-11-08 16:13:05,251 [pool-269-thread-1] INFO  server.RaftServerConfigKeys (ConfUtils.java:logGet(43)) - raft.server.rpc.timeout.max = 1200ms (custom)
2019-11-08 16:13:05,251 [pool-269-thread-1] INFO  server.RaftServerConfigKeys (ConfUtils.java:logGet(43)) - raft.server.rpcslowness.timeout = 120s (custom)
2019-11-08 16:13:05,251 [pool-269-thread-1] INFO  server.RaftServerConfigKeys (ConfUtils.java:logGet(43)) - raft.server.sleep.deviation.threshold = 300 (default)
2019-11-08 16:13:05,251 [pool-269-thread-1] INFO  server.RaftServerConfigKeys (ConfUtils.java:logGet(43)) - raft.server.log.appender.install.snapshot.enabled = false (custom)
2019-11-08 16:13:05,251 [pool-269-thread-1] INFO  impl.RaftServerImpl (ServerState.java:<init>(103)) - fdaf92da-19a4-414a-af4c-01715acef4ce@group-E0D71A37EFC9: ConfigurationManager, init=-1: [4c8858b5-dd34-4dfa-8a80-c1e60ab9590b:192.168.69.121:43670, c0c4966b-a29b-458a-b1c2-0283d43e69e4:192.168.69.121:46426, fdaf92da-19a4-414a-af4c-01715acef4ce:192.168.69.121:37869], old=null, confs=<EMPTY_MAP>
2019-11-08 16:13:05,252 [pool-269-thread-1] INFO  server.RaftServerConfigKeys (ConfUtils.java:logGet(43)) - raft.server.storage.dir = [/workdir/hadoop-ozone/integration-test/target/test-dir/MiniOzoneClusterImpl-d855ef0a-1308-4748-ba6a-889d1c87fb48/datanode-0/data/ratis] (custom)
2019-11-08 16:13:05,252 [pool-269-thread-1] INFO  server.RaftServerConfigKeys (ConfUtils.java:logGet(43)) - raft.server.log.corruption.policy = EXCEPTION (default)
2019-11-08 16:13:05,252 [pool-269-thread-1] INFO  storage.RaftStorageDirectory (RaftStorageDirectory.java:analyzeStorage(246)) - The storage directory /workdir/hadoop-ozone/integration-test/target/test-dir/MiniOzoneClusterImpl-d855ef0a-1308-4748-ba6a-889d1c87fb48/datanode-0/data/ratis/303460ce-76e0-4ff4-9d60-e0d71a37efc9 does not exist. Creating ...
2019-11-08 16:13:05,252 [pool-329-thread-1] INFO  impl.RaftServerImpl (RaftServerImpl.java:<init>(98)) - c0c4966b-a29b-458a-b1c2-0283d43e69e4: new RaftServerImpl for group-E0D71A37EFC9:[4c8858b5-dd34-4dfa-8a80-c1e60ab9590b:192.168.69.121:43670, c0c4966b-a29b-458a-b1c2-0283d43e69e4:192.168.69.121:46426, fdaf92da-19a4-414a-af4c-01715acef4ce:192.168.69.121:37869] with ContainerStateMachine:uninitialized
2019-11-08 16:13:05,252 [pool-329-thread-1] INFO  server.RaftServerConfigKeys (ConfUtils.java:logGet(43)) - raft.server.rpc.timeout.min = 1s (custom)
2019-11-08 16:13:05,252 [pool-329-thread-1] INFO  server.RaftServerConfigKeys (ConfUtils.java:logGet(43)) - raft.server.rpc.timeout.max = 1200ms (custom)
2019-11-08 16:13:05,253 [pool-329-thread-1] INFO  server.RaftServerConfigKeys (ConfUtils.java:logGet(43)) - raft.server.rpcslowness.timeout = 120s (custom)
2019-11-08 16:13:05,253 [pool-329-thread-1] INFO  server.RaftServerConfigKeys (ConfUtils.java:logGet(43)) - raft.server.sleep.deviation.threshold = 300 (default)
2019-11-08 16:13:05,253 [4c8858b5-dd34-4dfa-8a80-c1e60ab9590b@group-576F86D54FC4-LeaderElection79] INFO  impl.LeaderElection (LogUtils.java:infoOrTrace(149)) - 4c8858b5-dd34-4dfa-8a80-c1e60ab9590b@group-576F86D54FC4-LeaderElection79 got exception when requesting votes: {}
java.util.concurrent.ExecutionException: org.apache.ratis.thirdparty.io.grpc.StatusRuntimeException: INTERNAL: fdaf92da-19a4-414a-af4c-01715acef4ce@group-576F86D54FC4 is not in [RUNNING]: current state is NEW
	at java.util.concurrent.FutureTask.report(FutureTask.java:122)
	at java.util.concurrent.FutureTask.get(FutureTask.java:192)
	at org.apache.ratis.server.impl.LeaderElection.waitForResults(LeaderElection.java:259)
	at org.apache.ratis.server.impl.LeaderElection.askForVotes(LeaderElection.java:197)
	at org.apache.ratis.server.impl.LeaderElection.run(LeaderElection.java:133)
	at java.lang.Thread.run(Thread.java:748)
Caused by: org.apache.ratis.thirdparty.io.grpc.StatusRuntimeException: INTERNAL: fdaf92da-19a4-414a-af4c-01715acef4ce@group-576F86D54FC4 is not in [RUNNING]: current state is NEW
	at org.apache.ratis.thirdparty.io.grpc.stub.ClientCalls.toStatusRuntimeException(ClientCalls.java:233)
	at org.apache.ratis.thirdparty.io.grpc.stub.ClientCalls.getUnchecked(ClientCalls.java:214)
	at org.apache.ratis.thirdparty.io.grpc.stub.ClientCalls.blockingUnaryCall(ClientCalls.java:139)
	at org.apache.ratis.proto.grpc.RaftServerProtocolServiceGrpc$RaftServerProtocolServiceBlockingStub.requestVote(RaftServerProtocolServiceGrpc.java:265)
	at org.apache.ratis.grpc.server.GrpcServerProtocolClient.requestVote(GrpcServerProtocolClient.java:99)
	at org.apache.ratis.grpc.server.GrpcService.requestVote(GrpcService.java:204)
	at org.apache.ratis.server.impl.LeaderElection.lambda$submitRequests$1(LeaderElection.java:234)
	at java.util.concurrent.FutureTask.run(FutureTask.java:266)
	at java.util.concurrent.Executors$RunnableAdapter.call(Executors.java:511)
	at java.util.concurrent.FutureTask.run(FutureTask.java:266)
	at java.util.concurrent.ThreadPoolExecutor.runWorker(ThreadPoolExecutor.java:1149)
	at java.util.concurrent.ThreadPoolExecutor$Worker.run(ThreadPoolExecutor.java:624)
	... 1 more
2019-11-08 16:13:05,253 [pool-329-thread-1] INFO  server.RaftServerConfigKeys (ConfUtils.java:logGet(43)) - raft.server.log.appender.install.snapshot.enabled = false (custom)
2019-11-08 16:13:05,253 [4c8858b5-dd34-4dfa-8a80-c1e60ab9590b@group-576F86D54FC4-LeaderElection79] INFO  impl.LeaderElection (LeaderElection.java:logAndReturn(56)) - 4c8858b5-dd34-4dfa-8a80-c1e60ab9590b@group-576F86D54FC4-LeaderElection79: Election REJECTED; received 0 response(s) [] and 2 exception(s); 4c8858b5-dd34-4dfa-8a80-c1e60ab9590b@group-576F86D54FC4:t2, leader=null, voted=4c8858b5-dd34-4dfa-8a80-c1e60ab9590b, raftlog=4c8858b5-dd34-4dfa-8a80-c1e60ab9590b@group-576F86D54FC4-SegmentedRaftLog:OPENED:c-1,f-1,i0, conf=-1: [4c8858b5-dd34-4dfa-8a80-c1e60ab9590b:192.168.69.121:43670, c0c4966b-a29b-458a-b1c2-0283d43e69e4:192.168.69.121:46426, fdaf92da-19a4-414a-af4c-01715acef4ce:192.168.69.121:37869], old=null
2019-11-08 16:13:05,256 [pool-329-thread-1] INFO  impl.RaftServerImpl (ServerState.java:<init>(103)) - c0c4966b-a29b-458a-b1c2-0283d43e69e4@group-E0D71A37EFC9: ConfigurationManager, init=-1: [4c8858b5-dd34-4dfa-8a80-c1e60ab9590b:192.168.69.121:43670, c0c4966b-a29b-458a-b1c2-0283d43e69e4:192.168.69.121:46426, fdaf92da-19a4-414a-af4c-01715acef4ce:192.168.69.121:37869], old=null, confs=<EMPTY_MAP>
2019-11-08 16:13:05,256 [4c8858b5-dd34-4dfa-8a80-c1e60ab9590b@group-576F86D54FC4-LeaderElection79] INFO  impl.LeaderElection (LogUtils.java:infoOrTrace(149)) -   Exception 0: {}
java.util.concurrent.ExecutionException: org.apache.ratis.thirdparty.io.grpc.StatusRuntimeException: INTERNAL: c0c4966b-a29b-458a-b1c2-0283d43e69e4@group-576F86D54FC4 is not in [RUNNING]: current state is NEW
	at java.util.concurrent.FutureTask.report(FutureTask.java:122)
	at java.util.concurrent.FutureTask.get(FutureTask.java:192)
	at org.apache.ratis.server.impl.LeaderElection.waitForResults(LeaderElection.java:259)
	at org.apache.ratis.server.impl.LeaderElection.askForVotes(LeaderElection.java:197)
	at org.apache.ratis.server.impl.LeaderElection.run(LeaderElection.java:133)
	at java.lang.Thread.run(Thread.java:748)
Caused by: org.apache.ratis.thirdparty.io.grpc.StatusRuntimeException: INTERNAL: c0c4966b-a29b-458a-b1c2-0283d43e69e4@group-576F86D54FC4 is not in [RUNNING]: current state is NEW
	at org.apache.ratis.thirdparty.io.grpc.stub.ClientCalls.toStatusRuntimeException(ClientCalls.java:233)
	at org.apache.ratis.thirdparty.io.grpc.stub.ClientCalls.getUnchecked(ClientCalls.java:214)
	at org.apache.ratis.thirdparty.io.grpc.stub.ClientCalls.blockingUnaryCall(ClientCalls.java:139)
	at org.apache.ratis.proto.grpc.RaftServerProtocolServiceGrpc$RaftServerProtocolServiceBlockingStub.requestVote(RaftServerProtocolServiceGrpc.java:265)
	at org.apache.ratis.grpc.server.GrpcServerProtocolClient.requestVote(GrpcServerProtocolClient.java:99)
	at org.apache.ratis.grpc.server.GrpcService.requestVote(GrpcService.java:204)
	at org.apache.ratis.server.impl.LeaderElection.lambda$submitRequests$1(LeaderElection.java:234)
	at java.util.concurrent.FutureTask.run(FutureTask.java:266)
	at java.util.concurrent.Executors$RunnableAdapter.call(Executors.java:511)
	at java.util.concurrent.FutureTask.run(FutureTask.java:266)
	at java.util.concurrent.ThreadPoolExecutor.runWorker(ThreadPoolExecutor.java:1149)
	at java.util.concurrent.ThreadPoolExecutor$Worker.run(ThreadPoolExecutor.java:624)
	... 1 more
2019-11-08 16:13:05,256 [4c8858b5-dd34-4dfa-8a80-c1e60ab9590b@group-576F86D54FC4-LeaderElection79] INFO  impl.LeaderElection (LogUtils.java:infoOrTrace(149)) -   Exception 1: {}
java.util.concurrent.ExecutionException: org.apache.ratis.thirdparty.io.grpc.StatusRuntimeException: INTERNAL: fdaf92da-19a4-414a-af4c-01715acef4ce@group-576F86D54FC4 is not in [RUNNING]: current state is NEW
	at java.util.concurrent.FutureTask.report(FutureTask.java:122)
	at java.util.concurrent.FutureTask.get(FutureTask.java:192)
	at org.apache.ratis.server.impl.LeaderElection.waitForResults(LeaderElection.java:259)
	at org.apache.ratis.server.impl.LeaderElection.askForVotes(LeaderElection.java:197)
	at org.apache.ratis.server.impl.LeaderElection.run(LeaderElection.java:133)
	at java.lang.Thread.run(Thread.java:748)
Caused by: org.apache.ratis.thirdparty.io.grpc.StatusRuntimeException: INTERNAL: fdaf92da-19a4-414a-af4c-01715acef4ce@group-576F86D54FC4 is not in [RUNNING]: current state is NEW
	at org.apache.ratis.thirdparty.io.grpc.stub.ClientCalls.toStatusRuntimeException(ClientCalls.java:233)
	at org.apache.ratis.thirdparty.io.grpc.stub.ClientCalls.getUnchecked(ClientCalls.java:214)
	at org.apache.ratis.thirdparty.io.grpc.stub.ClientCalls.blockingUnaryCall(ClientCalls.java:139)
	at org.apache.ratis.proto.grpc.RaftServerProtocolServiceGrpc$RaftServerProtocolServiceBlockingStub.requestVote(RaftServerProtocolServiceGrpc.java:265)
	at org.apache.ratis.grpc.server.GrpcServerProtocolClient.requestVote(GrpcServerProtocolClient.java:99)
	at org.apache.ratis.grpc.server.GrpcService.requestVote(GrpcService.java:204)
	at org.apache.ratis.server.impl.LeaderElection.lambda$submitRequests$1(LeaderElection.java:234)
	at java.util.concurrent.FutureTask.run(FutureTask.java:266)
	at java.util.concurrent.Executors$RunnableAdapter.call(Executors.java:511)
	at java.util.concurrent.FutureTask.run(FutureTask.java:266)
	at java.util.concurrent.ThreadPoolExecutor.runWorker(ThreadPoolExecutor.java:1149)
	at java.util.concurrent.ThreadPoolExecutor$Worker.run(ThreadPoolExecutor.java:624)
	... 1 more
2019-11-08 16:13:05,256 [pool-329-thread-1] INFO  server.RaftServerConfigKeys (ConfUtils.java:logGet(43)) - raft.server.storage.dir = [/workdir/hadoop-ozone/integration-test/target/test-dir/MiniOzoneClusterImpl-d855ef0a-1308-4748-ba6a-889d1c87fb48/datanode-6/data/ratis] (custom)
2019-11-08 16:13:05,256 [4c8858b5-dd34-4dfa-8a80-c1e60ab9590b@group-576F86D54FC4-LeaderElection79] INFO  impl.RaftServerImpl (RaftServerImpl.java:setRole(173)) - 4c8858b5-dd34-4dfa-8a80-c1e60ab9590b@group-576F86D54FC4: changes role from CANDIDATE to FOLLOWER at term 2 for DISCOVERED_A_NEW_TERM
2019-11-08 16:13:05,256 [4c8858b5-dd34-4dfa-8a80-c1e60ab9590b@group-576F86D54FC4-LeaderElection79] INFO  impl.RoleInfo (RoleInfo.java:shutdownLeaderElection(134)) - 4c8858b5-dd34-4dfa-8a80-c1e60ab9590b: shutdown LeaderElection
2019-11-08 16:13:05,256 [4c8858b5-dd34-4dfa-8a80-c1e60ab9590b@group-576F86D54FC4-LeaderElection79] INFO  impl.RoleInfo (RoleInfo.java:updateAndGet(143)) - 4c8858b5-dd34-4dfa-8a80-c1e60ab9590b: start FollowerState
2019-11-08 16:13:05,256 [pool-329-thread-1] INFO  server.RaftServerConfigKeys (ConfUtils.java:logGet(43)) - raft.server.log.corruption.policy = EXCEPTION (default)
2019-11-08 16:13:05,257 [pool-329-thread-1] INFO  storage.RaftStorageDirectory (RaftStorageDirectory.java:analyzeStorage(246)) - The storage directory /workdir/hadoop-ozone/integration-test/target/test-dir/MiniOzoneClusterImpl-d855ef0a-1308-4748-ba6a-889d1c87fb48/datanode-6/data/ratis/303460ce-76e0-4ff4-9d60-e0d71a37efc9 does not exist. Creating ...
2019-11-08 16:13:05,410 [Datanode State Machine Thread - 0] INFO  statemachine.DatanodeStateMachine (DatanodeStateMachine.java:lambda$startDaemon$0(350)) - Ozone container server started.
2019-11-08 16:13:06,295 [Thread-1830] INFO  impl.FollowerState (FollowerState.java:run(111)) - 4c8858b5-dd34-4dfa-8a80-c1e60ab9590b@group-576F86D54FC4-FollowerState: change to CANDIDATE, lastRpcTime:1038ms, electionTimeout:1038ms
2019-11-08 16:13:06,295 [Thread-1830] INFO  impl.RoleInfo (RoleInfo.java:shutdownFollowerState(121)) - 4c8858b5-dd34-4dfa-8a80-c1e60ab9590b: shutdown FollowerState
2019-11-08 16:13:06,295 [Thread-1830] INFO  impl.RaftServerImpl (RaftServerImpl.java:setRole(173)) - 4c8858b5-dd34-4dfa-8a80-c1e60ab9590b@group-576F86D54FC4: changes role from  FOLLOWER to CANDIDATE at term 2 for changeToCandidate
2019-11-08 16:13:06,296 [Thread-1830] INFO  impl.RoleInfo (RoleInfo.java:updateAndGet(143)) - 4c8858b5-dd34-4dfa-8a80-c1e60ab9590b: start LeaderElection
2019-11-08 16:13:06,353 [Thread-1827] INFO  impl.FollowerState (FollowerState.java:run(111)) - fdaf92da-19a4-414a-af4c-01715acef4ce@group-BCF61A1230ED-FollowerState: change to CANDIDATE, lastRpcTime:1103ms, electionTimeout:1103ms
2019-11-08 16:13:06,353 [Thread-1827] INFO  impl.RoleInfo (RoleInfo.java:shutdownFollowerState(121)) - fdaf92da-19a4-414a-af4c-01715acef4ce: shutdown FollowerState
2019-11-08 16:13:06,353 [Thread-1827] INFO  impl.RaftServerImpl (RaftServerImpl.java:setRole(173)) - fdaf92da-19a4-414a-af4c-01715acef4ce@group-BCF61A1230ED: changes role from  FOLLOWER to CANDIDATE at term 0 for changeToCandidate
2019-11-08 16:13:06,353 [Thread-1827] INFO  impl.RoleInfo (RoleInfo.java:updateAndGet(143)) - fdaf92da-19a4-414a-af4c-01715acef4ce: start LeaderElection
2019-11-08 16:13:06,426 [pool-269-thread-1] INFO  storage.RaftStorageDirectory (RaftStorageDirectory.java:tryLock(328)) - Lock on /workdir/hadoop-ozone/integration-test/target/test-dir/MiniOzoneClusterImpl-d855ef0a-1308-4748-ba6a-889d1c87fb48/datanode-0/data/ratis/303460ce-76e0-4ff4-9d60-e0d71a37efc9/in_use.lock acquired by nodename 27676@pr-hdds-2375-v4kv9-2954650390
2019-11-08 16:13:06,426 [pool-329-thread-1] INFO  storage.RaftStorageDirectory (RaftStorageDirectory.java:tryLock(328)) - Lock on /workdir/hadoop-ozone/integration-test/target/test-dir/MiniOzoneClusterImpl-d855ef0a-1308-4748-ba6a-889d1c87fb48/datanode-6/data/ratis/303460ce-76e0-4ff4-9d60-e0d71a37efc9/in_use.lock acquired by nodename 27676@pr-hdds-2375-v4kv9-2954650390
2019-11-08 16:13:06,426 [pool-339-thread-1] INFO  storage.RaftStorageDirectory (RaftStorageDirectory.java:tryLock(328)) - Lock on /workdir/hadoop-ozone/integration-test/target/test-dir/MiniOzoneClusterImpl-d855ef0a-1308-4748-ba6a-889d1c87fb48/datanode-7/data/ratis/a71fd116-29bc-4d79-913f-c086f38b8249/in_use.lock acquired by nodename 27676@pr-hdds-2375-v4kv9-2954650390
2019-11-08 16:13:06,448 [Thread-1826] INFO  impl.FollowerState (FollowerState.java:run(111)) - c0c4966b-a29b-458a-b1c2-0283d43e69e4@group-576F86D54FC4-FollowerState: change to CANDIDATE, lastRpcTime:1199ms, electionTimeout:1199ms
2019-11-08 16:13:06,448 [Thread-1826] INFO  impl.RoleInfo (RoleInfo.java:shutdownFollowerState(121)) - c0c4966b-a29b-458a-b1c2-0283d43e69e4: shutdown FollowerState
2019-11-08 16:13:06,448 [Thread-1826] INFO  impl.RaftServerImpl (RaftServerImpl.java:setRole(173)) - c0c4966b-a29b-458a-b1c2-0283d43e69e4@group-576F86D54FC4: changes role from  FOLLOWER to CANDIDATE at term 0 for changeToCandidate
2019-11-08 16:13:06,448 [Thread-1826] INFO  impl.RoleInfo (RoleInfo.java:updateAndGet(143)) - c0c4966b-a29b-458a-b1c2-0283d43e69e4: start LeaderElection
2019-11-08 16:13:09,506 [main] INFO  ozoneimpl.OzoneContainer (OzoneContainer.java:stop(232)) - Attempting to stop container services.
2019-11-08 16:13:09,506 [ForkJoinPool.commonPool-worker-1] INFO  ozoneimpl.OzoneContainer (OzoneContainer.java:stop(232)) - Attempting to stop container services.
2019-11-08 16:13:09,507 [main] INFO  impl.RaftServerProxy (RaftServerProxy.java:lambda$close$4(314)) - 680e3d83-69d1-42a7-8f90-7ca066c682b4: close
2019-11-08 16:13:09,507 [ForkJoinPool.commonPool-worker-1] INFO  impl.RaftServerProxy (RaftServerProxy.java:lambda$close$4(314)) - 03eb0ea3-c918-407f-9290-c90b35d7325f: close
2019-11-08 16:13:09,508 [ForkJoinPool.commonPool-worker-1] INFO  server.GrpcService (GrpcService.java:closeImpl(164)) - 03eb0ea3-c918-407f-9290-c90b35d7325f: shutdown server with port 41545 now
2019-11-08 16:13:09,508 [main] INFO  server.GrpcService (GrpcService.java:closeImpl(164)) - 680e3d83-69d1-42a7-8f90-7ca066c682b4: shutdown server with port 38442 now
2019-11-08 16:13:09,508 [ForkJoinPool.commonPool-worker-1] INFO  server.GrpcService (GrpcService.java:closeImpl(172)) - 03eb0ea3-c918-407f-9290-c90b35d7325f: shutdown server with port 41545 successfully
2019-11-08 16:13:09,508 [main] INFO  server.GrpcService (GrpcService.java:closeImpl(172)) - 680e3d83-69d1-42a7-8f90-7ca066c682b4: shutdown server with port 38442 successfully
2019-11-08 16:13:09,511 [refreshUsed-/workdir/hadoop-ozone/integration-test/target/test-dir/MiniOzoneClusterImpl-d855ef0a-1308-4748-ba6a-889d1c87fb48/datanode-2/data/containers] WARN  fs.CachingGetSpaceUsed (CachingGetSpaceUsed.java:run(183)) - Thread Interrupted waiting to refresh disk information: sleep interrupted
2019-11-08 16:13:09,511 [refreshUsed-/workdir/hadoop-ozone/integration-test/target/test-dir/MiniOzoneClusterImpl-d855ef0a-1308-4748-ba6a-889d1c87fb48/datanode-5/data/containers] WARN  fs.CachingGetSpaceUsed (CachingGetSpaceUsed.java:run(183)) - Thread Interrupted waiting to refresh disk information: sleep interrupted
2019-11-08 16:13:09,530 [main] INFO  utils.BackgroundService (BackgroundService.java:shutdown(151)) - Shutting down service BlockDeletingService
2019-11-08 16:13:09,537 [main] INFO  statemachine.DatanodeStateMachine (DatanodeStateMachine.java:stopDaemon(395)) - Ozone container server stopped.
2019-11-08 16:13:09,540 [ForkJoinPool.commonPool-worker-1] INFO  utils.BackgroundService (BackgroundService.java:shutdown(151)) - Shutting down service BlockDeletingService
2019-11-08 16:13:09,545 [ForkJoinPool.commonPool-worker-1] INFO  statemachine.DatanodeStateMachine (DatanodeStateMachine.java:stopDaemon(395)) - Ozone container server stopped.
2019-11-08 16:13:10,598 [pool-339-thread-1] INFO  storage.RaftStorage (RaftStorage.java:format(84)) - Storage directory /workdir/hadoop-ozone/integration-test/target/test-dir/MiniOzoneClusterImpl-d855ef0a-1308-4748-ba6a-889d1c87fb48/datanode-7/data/ratis/a71fd116-29bc-4d79-913f-c086f38b8249 has been successfully formatted.
2019-11-08 16:13:10,598 [pool-269-thread-1] INFO  storage.RaftStorage (RaftStorage.java:format(84)) - Storage directory /workdir/hadoop-ozone/integration-test/target/test-dir/MiniOzoneClusterImpl-d855ef0a-1308-4748-ba6a-889d1c87fb48/datanode-0/data/ratis/303460ce-76e0-4ff4-9d60-e0d71a37efc9 has been successfully formatted.
2019-11-08 16:13:10,598 [pool-329-thread-1] INFO  storage.RaftStorage (RaftStorage.java:format(84)) - Storage directory /workdir/hadoop-ozone/integration-test/target/test-dir/MiniOzoneClusterImpl-d855ef0a-1308-4748-ba6a-889d1c87fb48/datanode-6/data/ratis/303460ce-76e0-4ff4-9d60-e0d71a37efc9 has been successfully formatted.
2019-11-08 16:13:10,599 [pool-329-thread-1] INFO  ratis.ContainerStateMachine (ContainerStateMachine.java:loadSnapshot(221)) - group-E0D71A37EFC9: The snapshot info is null. Setting the last applied indexto:(t:0, i:~)
2019-11-08 16:13:10,599 [pool-339-thread-1] INFO  ratis.ContainerStateMachine (ContainerStateMachine.java:loadSnapshot(221)) - group-C086F38B8249: The snapshot info is null. Setting the last applied indexto:(t:0, i:~)
2019-11-08 16:13:10,599 [pool-269-thread-1] INFO  ratis.ContainerStateMachine (ContainerStateMachine.java:loadSnapshot(221)) - group-E0D71A37EFC9: The snapshot info is null. Setting the last applied indexto:(t:0, i:~)
2019-11-08 16:13:10,599 [pool-339-thread-1] INFO  server.RaftServerConfigKeys (ConfUtils.java:logGet(43)) - raft.server.notification.no-leader.timeout = 120s (custom)
2019-11-08 16:13:10,599 [pool-329-thread-1] INFO  server.RaftServerConfigKeys (ConfUtils.java:logGet(43)) - raft.server.notification.no-leader.timeout = 120s (custom)
2019-11-08 16:13:10,600 [pool-339-thread-1] INFO  server.RaftServerConfigKeys (ConfUtils.java:logGet(43)) - raft.server.log.use.memory = false (default)
2019-11-08 16:13:10,600 [pool-329-thread-1] INFO  server.RaftServerConfigKeys (ConfUtils.java:logGet(43)) - raft.server.log.use.memory = false (default)
2019-11-08 16:13:10,599 [pool-269-thread-1] INFO  server.RaftServerConfigKeys (ConfUtils.java:logGet(43)) - raft.server.notification.no-leader.timeout = 120s (custom)
2019-11-08 16:13:10,600 [pool-329-thread-1] INFO  server.RaftServerConfigKeys (ConfUtils.java:logGet(43)) - raft.server.log.purge.gap = 1000000 (custom)
2019-11-08 16:13:10,600 [pool-339-thread-1] INFO  server.RaftServerConfigKeys (ConfUtils.java:logGet(43)) - raft.server.log.purge.gap = 1000000 (custom)
2019-11-08 16:13:10,600 [pool-329-thread-1] INFO  server.RaftServerConfigKeys (ConfUtils.java:logGet(43)) - raft.server.log.appender.buffer.byte-limit = 33554432 (custom)
2019-11-08 16:13:10,600 [pool-269-thread-1] INFO  server.RaftServerConfigKeys (ConfUtils.java:logGet(43)) - raft.server.log.use.memory = false (default)
2019-11-08 16:13:10,600 [pool-329-thread-1] INFO  server.RaftServerConfigKeys (ConfUtils.java:logGet(43)) - raft.server.log.segment.size.max = 1048576 (custom)
2019-11-08 16:13:10,600 [pool-339-thread-1] INFO  server.RaftServerConfigKeys (ConfUtils.java:logGet(43)) - raft.server.log.appender.buffer.byte-limit = 33554432 (custom)
2019-11-08 16:13:10,601 [pool-329-thread-1] INFO  server.RaftServerConfigKeys (ConfUtils.java:logGet(43)) - raft.server.log.segment.cache.num.max = 2 (custom)
2019-11-08 16:13:10,601 [pool-269-thread-1] INFO  server.RaftServerConfigKeys (ConfUtils.java:logGet(43)) - raft.server.log.purge.gap = 1000000 (custom)
2019-11-08 16:13:10,601 [pool-329-thread-1] INFO  segmented.SegmentedRaftLogWorker (SegmentedRaftLogWorker.java:<init>(173)) - new c0c4966b-a29b-458a-b1c2-0283d43e69e4@group-E0D71A37EFC9-SegmentedRaftLogWorker for RaftStorage:Storage Directory /workdir/hadoop-ozone/integration-test/target/test-dir/MiniOzoneClusterImpl-d855ef0a-1308-4748-ba6a-889d1c87fb48/datanode-6/data/ratis/303460ce-76e0-4ff4-9d60-e0d71a37efc9
2019-11-08 16:13:10,601 [pool-339-thread-1] INFO  server.RaftServerConfigKeys (ConfUtils.java:logGet(43)) - raft.server.log.segment.size.max = 1048576 (custom)
2019-11-08 16:13:10,601 [pool-329-thread-1] INFO  server.RaftServerConfigKeys (ConfUtils.java:logGet(43)) - raft.server.log.queue.byte-limit = 2147483647 (custom)
2019-11-08 16:13:10,601 [pool-269-thread-1] INFO  server.RaftServerConfigKeys (ConfUtils.java:logGet(43)) - raft.server.log.appender.buffer.byte-limit = 33554432 (custom)
2019-11-08 16:13:10,602 [pool-329-thread-1] INFO  server.RaftServerConfigKeys (ConfUtils.java:logGet(43)) - raft.server.log.queue.element-limit = 1024 (custom)
2019-11-08 16:13:10,601 [pool-339-thread-1] INFO  server.RaftServerConfigKeys (ConfUtils.java:logGet(43)) - raft.server.log.segment.cache.num.max = 2 (custom)
2019-11-08 16:13:10,602 [pool-329-thread-1] INFO  server.RaftServerConfigKeys (ConfUtils.java:logGet(43)) - raft.server.log.segment.size.max = 1048576 (custom)
2019-11-08 16:13:10,602 [pool-269-thread-1] INFO  server.RaftServerConfigKeys (ConfUtils.java:logGet(43)) - raft.server.log.segment.size.max = 1048576 (custom)
2019-11-08 16:13:10,602 [pool-329-thread-1] INFO  server.RaftServerConfigKeys (ConfUtils.java:logGet(43)) - raft.server.log.preallocated.size = 16384 (custom)
2019-11-08 16:13:10,602 [pool-339-thread-1] INFO  segmented.SegmentedRaftLogWorker (SegmentedRaftLogWorker.java:<init>(173)) - new 4c8858b5-dd34-4dfa-8a80-c1e60ab9590b@group-C086F38B8249-SegmentedRaftLogWorker for RaftStorage:Storage Directory /workdir/hadoop-ozone/integration-test/target/test-dir/MiniOzoneClusterImpl-d855ef0a-1308-4748-ba6a-889d1c87fb48/datanode-7/data/ratis/a71fd116-29bc-4d79-913f-c086f38b8249
2019-11-08 16:13:10,602 [pool-329-thread-1] INFO  server.RaftServerConfigKeys (ConfUtils.java:logGet(43)) - raft.server.log.write.buffer.size = 33554432 (custom)
2019-11-08 16:13:10,602 [pool-269-thread-1] INFO  server.RaftServerConfigKeys (ConfUtils.java:logGet(43)) - raft.server.log.segment.cache.num.max = 2 (custom)
2019-11-08 16:13:10,603 [pool-329-thread-1] INFO  server.RaftServerConfigKeys (ConfUtils.java:logGet(43)) - raft.server.log.force.sync.num = 128 (default)
2019-11-08 16:13:10,602 [pool-339-thread-1] INFO  server.RaftServerConfigKeys (ConfUtils.java:logGet(43)) - raft.server.log.queue.byte-limit = 2147483647 (custom)
2019-11-08 16:13:10,603 [pool-329-thread-1] INFO  server.RaftServerConfigKeys (ConfUtils.java:logGet(43)) - raft.server.log.statemachine.data.sync = true (default)
2019-11-08 16:13:10,603 [pool-269-thread-1] INFO  segmented.SegmentedRaftLogWorker (SegmentedRaftLogWorker.java:<init>(173)) - new fdaf92da-19a4-414a-af4c-01715acef4ce@group-E0D71A37EFC9-SegmentedRaftLogWorker for RaftStorage:Storage Directory /workdir/hadoop-ozone/integration-test/target/test-dir/MiniOzoneClusterImpl-d855ef0a-1308-4748-ba6a-889d1c87fb48/datanode-0/data/ratis/303460ce-76e0-4ff4-9d60-e0d71a37efc9
2019-11-08 16:13:10,603 [pool-329-thread-1] INFO  server.RaftServerConfigKeys (ConfUtils.java:logGet(43)) - raft.server.log.statemachine.data.sync.timeout = 10s (default)
2019-11-08 16:13:10,603 [pool-339-thread-1] INFO  server.RaftServerConfigKeys (ConfUtils.java:logGet(43)) - raft.server.log.queue.element-limit = 1024 (custom)
2019-11-08 16:13:10,604 [pool-329-thread-1] INFO  server.RaftServerConfigKeys (ConfUtils.java:logGet(43)) - raft.server.log.statemachine.data.sync.timeout.retry = -1 (default)
2019-11-08 16:13:10,603 [pool-269-thread-1] INFO  server.RaftServerConfigKeys (ConfUtils.java:logGet(43)) - raft.server.log.queue.byte-limit = 2147483647 (custom)
2019-11-08 16:13:10,604 [pool-329-thread-1] INFO  server.RaftServerConfigKeys (ConfUtils.java:logGet(43)) - raft.server.log.statemachine.data.caching.enabled = true (custom)
2019-11-08 16:13:10,604 [pool-339-thread-1] INFO  server.RaftServerConfigKeys (ConfUtils.java:logGet(43)) - raft.server.log.segment.size.max = 1048576 (custom)
2019-11-08 16:13:10,604 [pool-269-thread-1] INFO  server.RaftServerConfigKeys (ConfUtils.java:logGet(43)) - raft.server.log.queue.element-limit = 1024 (custom)
2019-11-08 16:13:10,604 [pool-339-thread-1] INFO  server.RaftServerConfigKeys (ConfUtils.java:logGet(43)) - raft.server.log.preallocated.size = 16384 (custom)
2019-11-08 16:13:10,604 [pool-269-thread-1] INFO  server.RaftServerConfigKeys (ConfUtils.java:logGet(43)) - raft.server.log.segment.size.max = 1048576 (custom)
2019-11-08 16:13:10,604 [pool-329-thread-1] INFO  segmented.SegmentedRaftLogWorker (SegmentedRaftLogWorker.java:lambda$new$0(128)) - c0c4966b-a29b-458a-b1c2-0283d43e69e4@group-E0D71A37EFC9-SegmentedRaftLogWorker: flushIndex: setUnconditionally 0 -> -1
2019-11-08 16:13:10,604 [pool-339-thread-1] INFO  server.RaftServerConfigKeys (ConfUtils.java:logGet(43)) - raft.server.log.write.buffer.size = 33554432 (custom)
2019-11-08 16:13:10,605 [pool-269-thread-1] INFO  server.RaftServerConfigKeys (ConfUtils.java:logGet(43)) - raft.server.log.preallocated.size = 16384 (custom)
2019-11-08 16:13:10,605 [pool-339-thread-1] INFO  server.RaftServerConfigKeys (ConfUtils.java:logGet(43)) - raft.server.log.force.sync.num = 128 (default)
2019-11-08 16:13:10,605 [pool-329-thread-1] INFO  server.RaftServerConfigKeys (ConfUtils.java:logGet(43)) - raft.server.snapshot.auto.trigger.enabled = true (custom)
2019-11-08 16:13:10,605 [pool-269-thread-1] INFO  server.RaftServerConfigKeys (ConfUtils.java:logGet(43)) - raft.server.log.write.buffer.size = 33554432 (custom)
2019-11-08 16:13:10,605 [pool-329-thread-1] INFO  server.RaftServerConfigKeys (ConfUtils.java:logGet(43)) - raft.server.snapshot.auto.trigger.threshold = 10000 (custom)
2019-11-08 16:13:10,605 [pool-339-thread-1] INFO  server.RaftServerConfigKeys (ConfUtils.java:logGet(43)) - raft.server.log.statemachine.data.sync = true (default)
2019-11-08 16:13:10,606 [pool-329-thread-1] INFO  server.RaftServerConfigKeys (ConfUtils.java:logGet(43)) - raft.server.snapshot.retention.file.num = 5 (custom)
2019-11-08 16:13:10,605 [pool-269-thread-1] INFO  server.RaftServerConfigKeys (ConfUtils.java:logGet(43)) - raft.server.log.force.sync.num = 128 (default)
2019-11-08 16:13:10,606 [pool-329-thread-1] INFO  server.RaftServerConfigKeys (ConfUtils.java:logGet(43)) - raft.server.retrycache.expirytime = 600000ms (custom)
2019-11-08 16:13:10,606 [pool-339-thread-1] INFO  server.RaftServerConfigKeys (ConfUtils.java:logGet(43)) - raft.server.log.statemachine.data.sync.timeout = 10s (default)
2019-11-08 16:13:10,606 [pool-269-thread-1] INFO  server.RaftServerConfigKeys (ConfUtils.java:logGet(43)) - raft.server.log.statemachine.data.sync = true (default)
2019-11-08 16:13:10,606 [pool-329-thread-1] WARN  impl.MetricRegistriesImpl (MetricRegistriesImpl.java:lambda$create$1(61)) - First MetricRegistry has been created without registering reporters. You may need to call MetricRegistries.global().addReportRegistration(...) before.
2019-11-08 16:13:10,606 [pool-339-thread-1] INFO  server.RaftServerConfigKeys (ConfUtils.java:logGet(43)) - raft.server.log.statemachine.data.sync.timeout.retry = -1 (default)
2019-11-08 16:13:10,607 [pool-329-thread-1] WARN  impl.MetricRegistriesImpl (MetricRegistriesImpl.java:lambda$create$1(61)) - First MetricRegistry has been created without registering reporters. You may need to call MetricRegistries.global().addReportRegistration(...) before.
2019-11-08 16:13:10,606 [pool-269-thread-1] INFO  server.RaftServerConfigKeys (ConfUtils.java:logGet(43)) - raft.server.log.statemachine.data.sync.timeout = 10s (default)
2019-11-08 16:13:10,607 [pool-339-thread-1] INFO  server.RaftServerConfigKeys (ConfUtils.java:logGet(43)) - raft.server.log.statemachine.data.caching.enabled = true (custom)
2019-11-08 16:13:10,607 [pool-269-thread-1] INFO  server.RaftServerConfigKeys (ConfUtils.java:logGet(43)) - raft.server.log.statemachine.data.sync.timeout.retry = -1 (default)
2019-11-08 16:13:10,607 [pool-339-thread-1] INFO  segmented.SegmentedRaftLogWorker (SegmentedRaftLogWorker.java:lambda$new$0(128)) - 4c8858b5-dd34-4dfa-8a80-c1e60ab9590b@group-C086F38B8249-SegmentedRaftLogWorker: flushIndex: setUnconditionally 0 -> -1
2019-11-08 16:13:10,607 [pool-269-thread-1] INFO  server.RaftServerConfigKeys (ConfUtils.java:logGet(43)) - raft.server.log.statemachine.data.caching.enabled = true (custom)
2019-11-08 16:13:10,608 [pool-339-thread-1] INFO  server.RaftServerConfigKeys (ConfUtils.java:logGet(43)) - raft.server.snapshot.auto.trigger.enabled = true (custom)
2019-11-08 16:13:10,608 [pool-269-thread-1] INFO  segmented.SegmentedRaftLogWorker (SegmentedRaftLogWorker.java:lambda$new$0(128)) - fdaf92da-19a4-414a-af4c-01715acef4ce@group-E0D71A37EFC9-SegmentedRaftLogWorker: flushIndex: setUnconditionally 0 -> -1
2019-11-08 16:13:10,608 [pool-339-thread-1] INFO  server.RaftServerConfigKeys (ConfUtils.java:logGet(43)) - raft.server.snapshot.auto.trigger.threshold = 10000 (custom)
2019-11-08 16:13:10,608 [pool-339-thread-1] INFO  server.RaftServerConfigKeys (ConfUtils.java:logGet(43)) - raft.server.snapshot.retention.file.num = 5 (custom)
2019-11-08 16:13:10,608 [pool-269-thread-1] INFO  server.RaftServerConfigKeys (ConfUtils.java:logGet(43)) - raft.server.snapshot.auto.trigger.enabled = true (custom)
2019-11-08 16:13:10,608 [pool-339-thread-1] INFO  server.RaftServerConfigKeys (ConfUtils.java:logGet(43)) - raft.server.retrycache.expirytime = 600000ms (custom)
2019-11-08 16:13:10,608 [pool-269-thread-1] INFO  server.RaftServerConfigKeys (ConfUtils.java:logGet(43)) - raft.server.snapshot.auto.trigger.threshold = 10000 (custom)
2019-11-08 16:13:10,609 [pool-339-thread-1] WARN  impl.MetricRegistriesImpl (MetricRegistriesImpl.java:lambda$create$1(61)) - First MetricRegistry has been created without registering reporters. You may need to call MetricRegistries.global().addReportRegistration(...) before.
2019-11-08 16:13:10,609 [pool-269-thread-1] INFO  server.RaftServerConfigKeys (ConfUtils.java:logGet(43)) - raft.server.snapshot.retention.file.num = 5 (custom)
2019-11-08 16:13:10,609 [pool-339-thread-1] WARN  impl.MetricRegistriesImpl (MetricRegistriesImpl.java:lambda$create$1(61)) - First MetricRegistry has been created without registering reporters. You may need to call MetricRegistries.global().addReportRegistration(...) before.
2019-11-08 16:13:10,609 [pool-269-thread-1] INFO  server.RaftServerConfigKeys (ConfUtils.java:logGet(43)) - raft.server.retrycache.expirytime = 600000ms (custom)
2019-11-08 16:13:10,609 [pool-339-thread-1] INFO  impl.RaftServerImpl (RaftServerImpl.java:start(184)) - 4c8858b5-dd34-4dfa-8a80-c1e60ab9590b@group-E0D71A37EFC9: start as a follower, conf=-1: [4c8858b5-dd34-4dfa-8a80-c1e60ab9590b:192.168.69.121:43670, c0c4966b-a29b-458a-b1c2-0283d43e69e4:192.168.69.121:46426, fdaf92da-19a4-414a-af4c-01715acef4ce:192.168.69.121:37869], old=null
2019-11-08 16:13:10,609 [pool-269-thread-1] WARN  impl.MetricRegistriesImpl (MetricRegistriesImpl.java:lambda$create$1(61)) - First MetricRegistry has been created without registering reporters. You may need to call MetricRegistries.global().addReportRegistration(...) before.
2019-11-08 16:13:10,609 [pool-339-thread-1] INFO  impl.RaftServerImpl (RaftServerImpl.java:setRole(173)) - 4c8858b5-dd34-4dfa-8a80-c1e60ab9590b@group-E0D71A37EFC9: changes role from      null to FOLLOWER at term 0 for startAsFollower
2019-11-08 16:13:10,609 [pool-269-thread-1] WARN  impl.MetricRegistriesImpl (MetricRegistriesImpl.java:lambda$create$1(61)) - First MetricRegistry has been created without registering reporters. You may need to call MetricRegistries.global().addReportRegistration(...) before.
2019-11-08 16:13:10,610 [pool-339-thread-1] INFO  impl.RoleInfo (RoleInfo.java:updateAndGet(143)) - 4c8858b5-dd34-4dfa-8a80-c1e60ab9590b: start FollowerState
2019-11-08 16:13:10,610 [pool-329-thread-1] INFO  impl.RaftServerImpl (RaftServerImpl.java:<init>(98)) - c0c4966b-a29b-458a-b1c2-0283d43e69e4: new RaftServerImpl for group-C086F38B8249:[4c8858b5-dd34-4dfa-8a80-c1e60ab9590b:192.168.69.121:43670, c0c4966b-a29b-458a-b1c2-0283d43e69e4:192.168.69.121:46426, fdaf92da-19a4-414a-af4c-01715acef4ce:192.168.69.121:37869] with ContainerStateMachine:uninitialized
2019-11-08 16:13:10,610 [pool-329-thread-1] INFO  server.RaftServerConfigKeys (ConfUtils.java:logGet(43)) - raft.server.rpc.timeout.min = 1s (custom)
2019-11-08 16:13:10,610 [pool-339-thread-1] INFO  util.JmxRegister (JmxRegister.java:tryRegister(44)) - Successfully registered JMX Bean with object name Ratis:service=RaftServer,group=group-E0D71A37EFC9,id=4c8858b5-dd34-4dfa-8a80-c1e60ab9590b
2019-11-08 16:13:10,610 [pool-329-thread-1] INFO  server.RaftServerConfigKeys (ConfUtils.java:logGet(43)) - raft.server.rpc.timeout.max = 1200ms (custom)
2019-11-08 16:13:10,611 [pool-339-thread-1] WARN  impl.MetricRegistriesImpl (MetricRegistriesImpl.java:lambda$create$1(61)) - First MetricRegistry has been created without registering reporters. You may need to call MetricRegistries.global().addReportRegistration(...) before.
2019-11-08 16:13:10,611 [pool-329-thread-1] INFO  server.RaftServerConfigKeys (ConfUtils.java:logGet(43)) - raft.server.rpcslowness.timeout = 120s (custom)
2019-11-08 16:13:10,611 [pool-329-thread-1] INFO  server.RaftServerConfigKeys (ConfUtils.java:logGet(43)) - raft.server.sleep.deviation.threshold = 300 (default)
2019-11-08 16:13:10,611 [pool-329-thread-1] INFO  server.RaftServerConfigKeys (ConfUtils.java:logGet(43)) - raft.server.log.appender.install.snapshot.enabled = false (custom)
2019-11-08 16:13:10,611 [pool-329-thread-1] INFO  impl.RaftServerImpl (ServerState.java:<init>(103)) - c0c4966b-a29b-458a-b1c2-0283d43e69e4@group-C086F38B8249: ConfigurationManager, init=-1: [4c8858b5-dd34-4dfa-8a80-c1e60ab9590b:192.168.69.121:43670, c0c4966b-a29b-458a-b1c2-0283d43e69e4:192.168.69.121:46426, fdaf92da-19a4-414a-af4c-01715acef4ce:192.168.69.121:37869], old=null, confs=<EMPTY_MAP>
2019-11-08 16:13:10,612 [pool-339-thread-1] INFO  impl.RaftServerImpl (RaftServerImpl.java:start(184)) - 4c8858b5-dd34-4dfa-8a80-c1e60ab9590b@group-C086F38B8249: start as a follower, conf=-1: [4c8858b5-dd34-4dfa-8a80-c1e60ab9590b:192.168.69.121:43670, c0c4966b-a29b-458a-b1c2-0283d43e69e4:192.168.69.121:46426, fdaf92da-19a4-414a-af4c-01715acef4ce:192.168.69.121:37869], old=null
2019-11-08 16:13:10,612 [pool-339-thread-1] INFO  impl.RaftServerImpl (RaftServerImpl.java:setRole(173)) - 4c8858b5-dd34-4dfa-8a80-c1e60ab9590b@group-C086F38B8249: changes role from      null to FOLLOWER at term 0 for startAsFollower
2019-11-08 16:13:10,612 [pool-329-thread-1] INFO  server.RaftServerConfigKeys (ConfUtils.java:logGet(43)) - raft.server.storage.dir = [/workdir/hadoop-ozone/integration-test/target/test-dir/MiniOzoneClusterImpl-d855ef0a-1308-4748-ba6a-889d1c87fb48/datanode-6/data/ratis] (custom)
2019-11-08 16:13:10,612 [pool-269-thread-1] INFO  impl.RaftServerImpl (RaftServerImpl.java:<init>(98)) - fdaf92da-19a4-414a-af4c-01715acef4ce: new RaftServerImpl for group-C086F38B8249:[4c8858b5-dd34-4dfa-8a80-c1e60ab9590b:192.168.69.121:43670, c0c4966b-a29b-458a-b1c2-0283d43e69e4:192.168.69.121:46426, fdaf92da-19a4-414a-af4c-01715acef4ce:192.168.69.121:37869] with ContainerStateMachine:uninitialized
2019-11-08 16:13:10,612 [pool-339-thread-1] INFO  impl.RoleInfo (RoleInfo.java:updateAndGet(143)) - 4c8858b5-dd34-4dfa-8a80-c1e60ab9590b: start FollowerState
2019-11-08 16:13:10,612 [pool-269-thread-1] INFO  server.RaftServerConfigKeys (ConfUtils.java:logGet(43)) - raft.server.rpc.timeout.min = 1s (custom)
2019-11-08 16:13:10,612 [pool-269-thread-1] INFO  server.RaftServerConfigKeys (ConfUtils.java:logGet(43)) - raft.server.rpc.timeout.max = 1200ms (custom)
2019-11-08 16:13:10,612 [pool-339-thread-1] INFO  util.JmxRegister (JmxRegister.java:tryRegister(44)) - Successfully registered JMX Bean with object name Ratis:service=RaftServer,group=group-C086F38B8249,id=4c8858b5-dd34-4dfa-8a80-c1e60ab9590b
2019-11-08 16:13:10,612 [pool-269-thread-1] INFO  server.RaftServerConfigKeys (ConfUtils.java:logGet(43)) - raft.server.rpcslowness.timeout = 120s (custom)
2019-11-08 16:13:10,613 [pool-339-thread-1] WARN  impl.MetricRegistriesImpl (MetricRegistriesImpl.java:lambda$create$1(61)) - First MetricRegistry has been created without registering reporters. You may need to call MetricRegistries.global().addReportRegistration(...) before.
2019-11-08 16:13:10,613 [pool-269-thread-1] INFO  server.RaftServerConfigKeys (ConfUtils.java:logGet(43)) - raft.server.sleep.deviation.threshold = 300 (default)
2019-11-08 16:13:10,613 [pool-269-thread-1] INFO  server.RaftServerConfigKeys (ConfUtils.java:logGet(43)) - raft.server.log.appender.install.snapshot.enabled = false (custom)
2019-11-08 16:13:10,613 [pool-269-thread-1] INFO  impl.RaftServerImpl (ServerState.java:<init>(103)) - fdaf92da-19a4-414a-af4c-01715acef4ce@group-C086F38B8249: ConfigurationManager, init=-1: [4c8858b5-dd34-4dfa-8a80-c1e60ab9590b:192.168.69.121:43670, c0c4966b-a29b-458a-b1c2-0283d43e69e4:192.168.69.121:46426, fdaf92da-19a4-414a-af4c-01715acef4ce:192.168.69.121:37869], old=null, confs=<EMPTY_MAP>
2019-11-08 16:13:10,613 [pool-269-thread-1] INFO  server.RaftServerConfigKeys (ConfUtils.java:logGet(43)) - raft.server.storage.dir = [/workdir/hadoop-ozone/integration-test/target/test-dir/MiniOzoneClusterImpl-d855ef0a-1308-4748-ba6a-889d1c87fb48/datanode-0/data/ratis] (custom)
2019-11-08 16:13:10,638 [fdaf92da-19a4-414a-af4c-01715acef4ce@group-BCF61A1230ED-LeaderElection81] INFO  impl.LeaderElection (LeaderElection.java:askForVotes(178)) - fdaf92da-19a4-414a-af4c-01715acef4ce@group-BCF61A1230ED-LeaderElection81: begin an election at term 1 for -1: [fdaf92da-19a4-414a-af4c-01715acef4ce:192.168.69.121:37869], old=null
2019-11-08 16:13:10,638 [pool-329-thread-1] INFO  server.RaftServerConfigKeys (ConfUtils.java:logGet(43)) - raft.server.log.corruption.policy = EXCEPTION (default)
2019-11-08 16:13:10,638 [4c8858b5-dd34-4dfa-8a80-c1e60ab9590b@group-576F86D54FC4-LeaderElection80] INFO  impl.LeaderElection (LeaderElection.java:askForVotes(178)) - 4c8858b5-dd34-4dfa-8a80-c1e60ab9590b@group-576F86D54FC4-LeaderElection80: begin an election at term 3 for -1: [4c8858b5-dd34-4dfa-8a80-c1e60ab9590b:192.168.69.121:43670, c0c4966b-a29b-458a-b1c2-0283d43e69e4:192.168.69.121:46426, fdaf92da-19a4-414a-af4c-01715acef4ce:192.168.69.121:37869], old=null
2019-11-08 16:13:10,638 [fdaf92da-19a4-414a-af4c-01715acef4ce@group-BCF61A1230ED-LeaderElection81] INFO  impl.RoleInfo (RoleInfo.java:shutdownLeaderElection(134)) - fdaf92da-19a4-414a-af4c-01715acef4ce: shutdown LeaderElection
2019-11-08 16:13:10,638 [pool-269-thread-1] INFO  server.RaftServerConfigKeys (ConfUtils.java:logGet(43)) - raft.server.log.corruption.policy = EXCEPTION (default)
2019-11-08 16:13:10,638 [fdaf92da-19a4-414a-af4c-01715acef4ce@group-BCF61A1230ED-LeaderElection81] INFO  impl.RaftServerImpl (RaftServerImpl.java:setRole(173)) - fdaf92da-19a4-414a-af4c-01715acef4ce@group-BCF61A1230ED: changes role from CANDIDATE to LEADER at term 1 for changeToLeader
2019-11-08 16:13:10,638 [pool-329-thread-1] INFO  storage.RaftStorageDirectory (RaftStorageDirectory.java:analyzeStorage(246)) - The storage directory /workdir/hadoop-ozone/integration-test/target/test-dir/MiniOzoneClusterImpl-d855ef0a-1308-4748-ba6a-889d1c87fb48/datanode-6/data/ratis/a71fd116-29bc-4d79-913f-c086f38b8249 does not exist. Creating ...
2019-11-08 16:13:10,639 [c0c4966b-a29b-458a-b1c2-0283d43e69e4@group-576F86D54FC4-LeaderElection82] INFO  impl.LeaderElection (LeaderElection.java:askForVotes(178)) - c0c4966b-a29b-458a-b1c2-0283d43e69e4@group-576F86D54FC4-LeaderElection82: begin an election at term 1 for -1: [4c8858b5-dd34-4dfa-8a80-c1e60ab9590b:192.168.69.121:43670, c0c4966b-a29b-458a-b1c2-0283d43e69e4:192.168.69.121:46426, fdaf92da-19a4-414a-af4c-01715acef4ce:192.168.69.121:37869], old=null
2019-11-08 16:13:10,639 [fdaf92da-19a4-414a-af4c-01715acef4ce@group-BCF61A1230ED-LeaderElection81] INFO  impl.RaftServerImpl (ServerState.java:setLeader(255)) - fdaf92da-19a4-414a-af4c-01715acef4ce@group-BCF61A1230ED: change Leader from null to fdaf92da-19a4-414a-af4c-01715acef4ce at term 1 for becomeLeader, leader elected after 17147ms
2019-11-08 16:13:10,639 [pool-269-thread-1] INFO  storage.RaftStorageDirectory (RaftStorageDirectory.java:analyzeStorage(246)) - The storage directory /workdir/hadoop-ozone/integration-test/target/test-dir/MiniOzoneClusterImpl-d855ef0a-1308-4748-ba6a-889d1c87fb48/datanode-0/data/ratis/a71fd116-29bc-4d79-913f-c086f38b8249 does not exist. Creating ...
2019-11-08 16:13:10,639 [fdaf92da-19a4-414a-af4c-01715acef4ce@group-BCF61A1230ED-LeaderElection81] INFO  server.RaftServerConfigKeys (ConfUtils.java:logGet(43)) - raft.server.staging.catchup.gap = 1000 (default)
2019-11-08 16:13:10,639 [fdaf92da-19a4-414a-af4c-01715acef4ce@group-BCF61A1230ED-LeaderElection81] INFO  server.RaftServerConfigKeys (ConfUtils.java:logGet(43)) - raft.server.rpc.sleep.time = 25ms (default)
2019-11-08 16:13:10,640 [fdaf92da-19a4-414a-af4c-01715acef4ce@group-BCF61A1230ED-LeaderElection81] INFO  server.RaftServerConfigKeys (ConfUtils.java:logGet(43)) - raft.server.write.element-limit = 4096 (default)
2019-11-08 16:13:10,641 [fdaf92da-19a4-414a-af4c-01715acef4ce@group-BCF61A1230ED-LeaderElection81] INFO  server.RaftServerConfigKeys (ConfUtils.java:logGet(43)) - raft.server.watch.timeout = 10s (default)
2019-11-08 16:13:10,641 [fdaf92da-19a4-414a-af4c-01715acef4ce@group-BCF61A1230ED-LeaderElection81] INFO  server.RaftServerConfigKeys (ConfUtils.java:logGet(43)) - raft.server.watch.timeout.denomination = 1s (default)
2019-11-08 16:13:10,641 [fdaf92da-19a4-414a-af4c-01715acef4ce@group-BCF61A1230ED-LeaderElection81] INFO  server.RaftServerConfigKeys (ConfUtils.java:logGet(43)) - raft.server.watch.element-limit = 65536 (default)
2019-11-08 16:13:10,641 [fdaf92da-19a4-414a-af4c-01715acef4ce@group-BCF61A1230ED-LeaderElection81] INFO  impl.RoleInfo (RoleInfo.java:updateAndGet(143)) - fdaf92da-19a4-414a-af4c-01715acef4ce: start LeaderState
2019-11-08 16:13:10,642 [fdaf92da-19a4-414a-af4c-01715acef4ce@group-BCF61A1230ED-LeaderElection81] INFO  segmented.SegmentedRaftLogWorker (SegmentedRaftLogWorker.java:startLogSegment(385)) - fdaf92da-19a4-414a-af4c-01715acef4ce@group-BCF61A1230ED-SegmentedRaftLogWorker: Starting segment from index:0
2019-11-08 16:13:10,644 [fdaf92da-19a4-414a-af4c-01715acef4ce@group-BCF61A1230ED-LeaderElection81] INFO  impl.RaftServerImpl (ServerState.java:setRaftConf(356)) - fdaf92da-19a4-414a-af4c-01715acef4ce@group-BCF61A1230ED: set configuration 0: [fdaf92da-19a4-414a-af4c-01715acef4ce:192.168.69.121:37869], old=null at 0
2019-11-08 16:13:10,644 [grpc-default-executor-0] WARN  server.GrpcServerProtocolService (LogUtils.java:warn(134)) - fdaf92da-19a4-414a-af4c-01715acef4ce: Failed requestVote 4c8858b5-dd34-4dfa-8a80-c1e60ab9590b->fdaf92da-19a4-414a-af4c-01715acef4ce#0: org.apache.ratis.protocol.ServerNotReadyException: fdaf92da-19a4-414a-af4c-01715acef4ce@group-576F86D54FC4 is not in [RUNNING]: current state is NEW
2019-11-08 16:13:10,644 [grpc-default-executor-2] INFO  impl.RaftServerImpl (RaftServerImpl.java:setRole(173)) - c0c4966b-a29b-458a-b1c2-0283d43e69e4@group-576F86D54FC4: changes role from CANDIDATE to FOLLOWER at term 3 for recognizeCandidate:4c8858b5-dd34-4dfa-8a80-c1e60ab9590b
2019-11-08 16:13:10,644 [grpc-default-executor-2] INFO  impl.RoleInfo (RoleInfo.java:shutdownLeaderElection(134)) - c0c4966b-a29b-458a-b1c2-0283d43e69e4: shutdown LeaderElection
2019-11-08 16:13:10,645 [grpc-default-executor-2] INFO  impl.RoleInfo (RoleInfo.java:updateAndGet(143)) - c0c4966b-a29b-458a-b1c2-0283d43e69e4: start FollowerState
2019-11-08 16:13:10,680 [pool-269-thread-1] INFO  storage.RaftStorageDirectory (RaftStorageDirectory.java:tryLock(328)) - Lock on /workdir/hadoop-ozone/integration-test/target/test-dir/MiniOzoneClusterImpl-d855ef0a-1308-4748-ba6a-889d1c87fb48/datanode-0/data/ratis/a71fd116-29bc-4d79-913f-c086f38b8249/in_use.lock acquired by nodename 27676@pr-hdds-2375-v4kv9-2954650390
2019-11-08 16:13:10,680 [pool-329-thread-1] INFO  storage.RaftStorageDirectory (RaftStorageDirectory.java:tryLock(328)) - Lock on /workdir/hadoop-ozone/integration-test/target/test-dir/MiniOzoneClusterImpl-d855ef0a-1308-4748-ba6a-889d1c87fb48/datanode-6/data/ratis/a71fd116-29bc-4d79-913f-c086f38b8249/in_use.lock acquired by nodename 27676@pr-hdds-2375-v4kv9-2954650390
2019-11-08 16:13:10,681 [grpc-default-executor-2] WARN  server.GrpcServerProtocolService (LogUtils.java:warn(134)) - fdaf92da-19a4-414a-af4c-01715acef4ce: Failed requestVote c0c4966b-a29b-458a-b1c2-0283d43e69e4->fdaf92da-19a4-414a-af4c-01715acef4ce#0: org.apache.ratis.protocol.ServerNotReadyException: fdaf92da-19a4-414a-af4c-01715acef4ce@group-576F86D54FC4 is not in [RUNNING]: current state is NEW
2019-11-08 16:13:10,681 [c0c4966b-a29b-458a-b1c2-0283d43e69e4@group-576F86D54FC4-LeaderElection82] INFO  impl.LeaderElection (LeaderElection.java:logAndReturn(56)) - c0c4966b-a29b-458a-b1c2-0283d43e69e4@group-576F86D54FC4-LeaderElection82: Election DISCOVERED_A_NEW_TERM; received 1 response(s) [c0c4966b-a29b-458a-b1c2-0283d43e69e4<-4c8858b5-dd34-4dfa-8a80-c1e60ab9590b#0:FAIL-t3] and 0 exception(s); c0c4966b-a29b-458a-b1c2-0283d43e69e4@group-576F86D54FC4:t3, leader=null, voted=null, raftlog=c0c4966b-a29b-458a-b1c2-0283d43e69e4@group-576F86D54FC4-SegmentedRaftLog:OPENED:c-1,f-1,i0, conf=-1: [4c8858b5-dd34-4dfa-8a80-c1e60ab9590b:192.168.69.121:43670, c0c4966b-a29b-458a-b1c2-0283d43e69e4:192.168.69.121:46426, fdaf92da-19a4-414a-af4c-01715acef4ce:192.168.69.121:37869], old=null
2019-11-08 16:13:10,682 [4c8858b5-dd34-4dfa-8a80-c1e60ab9590b@group-576F86D54FC4-LeaderElection80] INFO  impl.LeaderElection (LogUtils.java:infoOrTrace(149)) - 4c8858b5-dd34-4dfa-8a80-c1e60ab9590b@group-576F86D54FC4-LeaderElection80 got exception when requesting votes: {}
java.util.concurrent.ExecutionException: org.apache.ratis.thirdparty.io.grpc.StatusRuntimeException: INTERNAL: fdaf92da-19a4-414a-af4c-01715acef4ce@group-576F86D54FC4 is not in [RUNNING]: current state is NEW
	at java.util.concurrent.FutureTask.report(FutureTask.java:122)
	at java.util.concurrent.FutureTask.get(FutureTask.java:192)
	at org.apache.ratis.server.impl.LeaderElection.waitForResults(LeaderElection.java:259)
	at org.apache.ratis.server.impl.LeaderElection.askForVotes(LeaderElection.java:197)
	at org.apache.ratis.server.impl.LeaderElection.run(LeaderElection.java:133)
	at java.lang.Thread.run(Thread.java:748)
Caused by: org.apache.ratis.thirdparty.io.grpc.StatusRuntimeException: INTERNAL: fdaf92da-19a4-414a-af4c-01715acef4ce@group-576F86D54FC4 is not in [RUNNING]: current state is NEW
	at org.apache.ratis.thirdparty.io.grpc.stub.ClientCalls.toStatusRuntimeException(ClientCalls.java:233)
	at org.apache.ratis.thirdparty.io.grpc.stub.ClientCalls.getUnchecked(ClientCalls.java:214)
	at org.apache.ratis.thirdparty.io.grpc.stub.ClientCalls.blockingUnaryCall(ClientCalls.java:139)
	at org.apache.ratis.proto.grpc.RaftServerProtocolServiceGrpc$RaftServerProtocolServiceBlockingStub.requestVote(RaftServerProtocolServiceGrpc.java:265)
	at org.apache.ratis.grpc.server.GrpcServerProtocolClient.requestVote(GrpcServerProtocolClient.java:99)
	at org.apache.ratis.grpc.server.GrpcService.requestVote(GrpcService.java:204)
	at org.apache.ratis.server.impl.LeaderElection.lambda$submitRequests$1(LeaderElection.java:234)
	at java.util.concurrent.FutureTask.run(FutureTask.java:266)
	at java.util.concurrent.Executors$RunnableAdapter.call(Executors.java:511)
	at java.util.concurrent.FutureTask.run(FutureTask.java:266)
	at java.util.concurrent.ThreadPoolExecutor.runWorker(ThreadPoolExecutor.java:1149)
	at java.util.concurrent.ThreadPoolExecutor$Worker.run(ThreadPoolExecutor.java:624)
	... 1 more
2019-11-08 16:13:10,682 [4c8858b5-dd34-4dfa-8a80-c1e60ab9590b@group-576F86D54FC4-LeaderElection80] INFO  impl.LeaderElection (LeaderElection.java:logAndReturn(56)) - 4c8858b5-dd34-4dfa-8a80-c1e60ab9590b@group-576F86D54FC4-LeaderElection80: Election REJECTED; received 1 response(s) [4c8858b5-dd34-4dfa-8a80-c1e60ab9590b<-c0c4966b-a29b-458a-b1c2-0283d43e69e4#0:FAIL-t3] and 1 exception(s); 4c8858b5-dd34-4dfa-8a80-c1e60ab9590b@group-576F86D54FC4:t3, leader=null, voted=4c8858b5-dd34-4dfa-8a80-c1e60ab9590b, raftlog=4c8858b5-dd34-4dfa-8a80-c1e60ab9590b@group-576F86D54FC4-SegmentedRaftLog:OPENED:c-1,f-1,i0, conf=-1: [4c8858b5-dd34-4dfa-8a80-c1e60ab9590b:192.168.69.121:43670, c0c4966b-a29b-458a-b1c2-0283d43e69e4:192.168.69.121:46426, fdaf92da-19a4-414a-af4c-01715acef4ce:192.168.69.121:37869], old=null
2019-11-08 16:13:10,683 [4c8858b5-dd34-4dfa-8a80-c1e60ab9590b@group-576F86D54FC4-LeaderElection80] INFO  impl.LeaderElection (LogUtils.java:infoOrTrace(149)) -   Exception 0: {}
java.util.concurrent.ExecutionException: org.apache.ratis.thirdparty.io.grpc.StatusRuntimeException: INTERNAL: fdaf92da-19a4-414a-af4c-01715acef4ce@group-576F86D54FC4 is not in [RUNNING]: current state is NEW
	at java.util.concurrent.FutureTask.report(FutureTask.java:122)
	at java.util.concurrent.FutureTask.get(FutureTask.java:192)
	at org.apache.ratis.server.impl.LeaderElection.waitForResults(LeaderElection.java:259)
	at org.apache.ratis.server.impl.LeaderElection.askForVotes(LeaderElection.java:197)
	at org.apache.ratis.server.impl.LeaderElection.run(LeaderElection.java:133)
	at java.lang.Thread.run(Thread.java:748)
Caused by: org.apache.ratis.thirdparty.io.grpc.StatusRuntimeException: INTERNAL: fdaf92da-19a4-414a-af4c-01715acef4ce@group-576F86D54FC4 is not in [RUNNING]: current state is NEW
	at org.apache.ratis.thirdparty.io.grpc.stub.ClientCalls.toStatusRuntimeException(ClientCalls.java:233)
	at org.apache.ratis.thirdparty.io.grpc.stub.ClientCalls.getUnchecked(ClientCalls.java:214)
	at org.apache.ratis.thirdparty.io.grpc.stub.ClientCalls.blockingUnaryCall(ClientCalls.java:139)
	at org.apache.ratis.proto.grpc.RaftServerProtocolServiceGrpc$RaftServerProtocolServiceBlockingStub.requestVote(RaftServerProtocolServiceGrpc.java:265)
	at org.apache.ratis.grpc.server.GrpcServerProtocolClient.requestVote(GrpcServerProtocolClient.java:99)
	at org.apache.ratis.grpc.server.GrpcService.requestVote(GrpcService.java:204)
	at org.apache.ratis.server.impl.LeaderElection.lambda$submitRequests$1(LeaderElection.java:234)
	at java.util.concurrent.FutureTask.run(FutureTask.java:266)
	at java.util.concurrent.Executors$RunnableAdapter.call(Executors.java:511)
	at java.util.concurrent.FutureTask.run(FutureTask.java:266)
	at java.util.concurrent.ThreadPoolExecutor.runWorker(ThreadPoolExecutor.java:1149)
	at java.util.concurrent.ThreadPoolExecutor$Worker.run(ThreadPoolExecutor.java:624)
	... 1 more
2019-11-08 16:13:10,683 [4c8858b5-dd34-4dfa-8a80-c1e60ab9590b@group-576F86D54FC4-LeaderElection80] INFO  impl.RaftServerImpl (RaftServerImpl.java:setRole(173)) - 4c8858b5-dd34-4dfa-8a80-c1e60ab9590b@group-576F86D54FC4: changes role from CANDIDATE to FOLLOWER at term 3 for DISCOVERED_A_NEW_TERM
2019-11-08 16:13:10,683 [4c8858b5-dd34-4dfa-8a80-c1e60ab9590b@group-576F86D54FC4-LeaderElection80] INFO  impl.RoleInfo (RoleInfo.java:shutdownLeaderElection(134)) - 4c8858b5-dd34-4dfa-8a80-c1e60ab9590b: shutdown LeaderElection
2019-11-08 16:13:10,683 [4c8858b5-dd34-4dfa-8a80-c1e60ab9590b@group-576F86D54FC4-LeaderElection80] INFO  impl.RoleInfo (RoleInfo.java:updateAndGet(143)) - 4c8858b5-dd34-4dfa-8a80-c1e60ab9590b: start FollowerState
2019-11-08 16:13:10,698 [pool-269-thread-1] INFO  storage.RaftStorage (RaftStorage.java:format(84)) - Storage directory /workdir/hadoop-ozone/integration-test/target/test-dir/MiniOzoneClusterImpl-d855ef0a-1308-4748-ba6a-889d1c87fb48/datanode-0/data/ratis/a71fd116-29bc-4d79-913f-c086f38b8249 has been successfully formatted.
2019-11-08 16:13:10,698 [fdaf92da-19a4-414a-af4c-01715acef4ce@group-BCF61A1230ED-SegmentedRaftLogWorker] INFO  segmented.SegmentedRaftLogWorker (SegmentedRaftLogWorker.java:execute(576)) - fdaf92da-19a4-414a-af4c-01715acef4ce@group-BCF61A1230ED-SegmentedRaftLogWorker: created new log segment /workdir/hadoop-ozone/integration-test/target/test-dir/MiniOzoneClusterImpl-d855ef0a-1308-4748-ba6a-889d1c87fb48/datanode-0/data/ratis/7f0d9dac-4d0b-405e-98cb-bcf61a1230ed/current/log_inprogress_0
2019-11-08 16:13:10,698 [pool-329-thread-1] INFO  storage.RaftStorage (RaftStorage.java:format(84)) - Storage directory /workdir/hadoop-ozone/integration-test/target/test-dir/MiniOzoneClusterImpl-d855ef0a-1308-4748-ba6a-889d1c87fb48/datanode-6/data/ratis/a71fd116-29bc-4d79-913f-c086f38b8249 has been successfully formatted.
2019-11-08 16:13:10,699 [pool-269-thread-1] INFO  ratis.ContainerStateMachine (ContainerStateMachine.java:loadSnapshot(221)) - group-C086F38B8249: The snapshot info is null. Setting the last applied indexto:(t:0, i:~)
2019-11-08 16:13:10,699 [pool-329-thread-1] INFO  ratis.ContainerStateMachine (ContainerStateMachine.java:loadSnapshot(221)) - group-C086F38B8249: The snapshot info is null. Setting the last applied indexto:(t:0, i:~)
2019-11-08 16:13:10,699 [pool-269-thread-1] INFO  server.RaftServerConfigKeys (ConfUtils.java:logGet(43)) - raft.server.notification.no-leader.timeout = 120s (custom)
2019-11-08 16:13:10,699 [pool-329-thread-1] INFO  server.RaftServerConfigKeys (ConfUtils.java:logGet(43)) - raft.server.notification.no-leader.timeout = 120s (custom)
2019-11-08 16:13:10,699 [pool-269-thread-1] INFO  server.RaftServerConfigKeys (ConfUtils.java:logGet(43)) - raft.server.log.use.memory = false (default)
2019-11-08 16:13:10,699 [pool-329-thread-1] INFO  server.RaftServerConfigKeys (ConfUtils.java:logGet(43)) - raft.server.log.use.memory = false (default)
2019-11-08 16:13:10,699 [pool-269-thread-1] INFO  server.RaftServerConfigKeys (ConfUtils.java:logGet(43)) - raft.server.log.purge.gap = 1000000 (custom)
2019-11-08 16:13:10,699 [pool-329-thread-1] INFO  server.RaftServerConfigKeys (ConfUtils.java:logGet(43)) - raft.server.log.purge.gap = 1000000 (custom)
2019-11-08 16:13:10,699 [pool-269-thread-1] INFO  server.RaftServerConfigKeys (ConfUtils.java:logGet(43)) - raft.server.log.appender.buffer.byte-limit = 33554432 (custom)
2019-11-08 16:13:10,699 [pool-329-thread-1] INFO  server.RaftServerConfigKeys (ConfUtils.java:logGet(43)) - raft.server.log.appender.buffer.byte-limit = 33554432 (custom)
2019-11-08 16:13:10,699 [pool-269-thread-1] INFO  server.RaftServerConfigKeys (ConfUtils.java:logGet(43)) - raft.server.log.segment.size.max = 1048576 (custom)
2019-11-08 16:13:10,699 [pool-329-thread-1] INFO  server.RaftServerConfigKeys (ConfUtils.java:logGet(43)) - raft.server.log.segment.size.max = 1048576 (custom)
2019-11-08 16:13:10,700 [pool-269-thread-1] INFO  server.RaftServerConfigKeys (ConfUtils.java:logGet(43)) - raft.server.log.segment.cache.num.max = 2 (custom)
2019-11-08 16:13:10,700 [pool-329-thread-1] INFO  server.RaftServerConfigKeys (ConfUtils.java:logGet(43)) - raft.server.log.segment.cache.num.max = 2 (custom)
2019-11-08 16:13:10,700 [pool-269-thread-1] INFO  segmented.SegmentedRaftLogWorker (SegmentedRaftLogWorker.java:<init>(173)) - new fdaf92da-19a4-414a-af4c-01715acef4ce@group-C086F38B8249-SegmentedRaftLogWorker for RaftStorage:Storage Directory /workdir/hadoop-ozone/integration-test/target/test-dir/MiniOzoneClusterImpl-d855ef0a-1308-4748-ba6a-889d1c87fb48/datanode-0/data/ratis/a71fd116-29bc-4d79-913f-c086f38b8249
2019-11-08 16:13:10,700 [pool-329-thread-1] INFO  segmented.SegmentedRaftLogWorker (SegmentedRaftLogWorker.java:<init>(173)) - new c0c4966b-a29b-458a-b1c2-0283d43e69e4@group-C086F38B8249-SegmentedRaftLogWorker for RaftStorage:Storage Directory /workdir/hadoop-ozone/integration-test/target/test-dir/MiniOzoneClusterImpl-d855ef0a-1308-4748-ba6a-889d1c87fb48/datanode-6/data/ratis/a71fd116-29bc-4d79-913f-c086f38b8249
2019-11-08 16:13:10,700 [pool-269-thread-1] INFO  server.RaftServerConfigKeys (ConfUtils.java:logGet(43)) - raft.server.log.queue.byte-limit = 2147483647 (custom)
2019-11-08 16:13:10,700 [pool-329-thread-1] INFO  server.RaftServerConfigKeys (ConfUtils.java:logGet(43)) - raft.server.log.queue.byte-limit = 2147483647 (custom)
2019-11-08 16:13:10,700 [pool-269-thread-1] INFO  server.RaftServerConfigKeys (ConfUtils.java:logGet(43)) - raft.server.log.queue.element-limit = 1024 (custom)
2019-11-08 16:13:10,700 [pool-329-thread-1] INFO  server.RaftServerConfigKeys (ConfUtils.java:logGet(43)) - raft.server.log.queue.element-limit = 1024 (custom)
2019-11-08 16:13:10,700 [pool-269-thread-1] INFO  server.RaftServerConfigKeys (ConfUtils.java:logGet(43)) - raft.server.log.segment.size.max = 1048576 (custom)
2019-11-08 16:13:10,700 [pool-329-thread-1] INFO  server.RaftServerConfigKeys (ConfUtils.java:logGet(43)) - raft.server.log.segment.size.max = 1048576 (custom)
2019-11-08 16:13:10,700 [pool-269-thread-1] INFO  server.RaftServerConfigKeys (ConfUtils.java:logGet(43)) - raft.server.log.preallocated.size = 16384 (custom)
2019-11-08 16:13:10,700 [pool-329-thread-1] INFO  server.RaftServerConfigKeys (ConfUtils.java:logGet(43)) - raft.server.log.preallocated.size = 16384 (custom)
2019-11-08 16:13:10,701 [pool-269-thread-1] INFO  server.RaftServerConfigKeys (ConfUtils.java:logGet(43)) - raft.server.log.write.buffer.size = 33554432 (custom)
2019-11-08 16:13:10,701 [pool-329-thread-1] INFO  server.RaftServerConfigKeys (ConfUtils.java:logGet(43)) - raft.server.log.write.buffer.size = 33554432 (custom)
2019-11-08 16:13:10,701 [pool-269-thread-1] INFO  server.RaftServerConfigKeys (ConfUtils.java:logGet(43)) - raft.server.log.force.sync.num = 128 (default)
2019-11-08 16:13:10,701 [pool-329-thread-1] INFO  server.RaftServerConfigKeys (ConfUtils.java:logGet(43)) - raft.server.log.force.sync.num = 128 (default)
2019-11-08 16:13:10,701 [pool-269-thread-1] INFO  server.RaftServerConfigKeys (ConfUtils.java:logGet(43)) - raft.server.log.statemachine.data.sync = true (default)
2019-11-08 16:13:10,701 [pool-329-thread-1] INFO  server.RaftServerConfigKeys (ConfUtils.java:logGet(43)) - raft.server.log.statemachine.data.sync = true (default)
2019-11-08 16:13:10,701 [pool-269-thread-1] INFO  server.RaftServerConfigKeys (ConfUtils.java:logGet(43)) - raft.server.log.statemachine.data.sync.timeout = 10s (default)
2019-11-08 16:13:10,701 [pool-329-thread-1] INFO  server.RaftServerConfigKeys (ConfUtils.java:logGet(43)) - raft.server.log.statemachine.data.sync.timeout = 10s (default)
2019-11-08 16:13:10,701 [pool-269-thread-1] INFO  server.RaftServerConfigKeys (ConfUtils.java:logGet(43)) - raft.server.log.statemachine.data.sync.timeout.retry = -1 (default)
2019-11-08 16:13:10,701 [pool-329-thread-1] INFO  server.RaftServerConfigKeys (ConfUtils.java:logGet(43)) - raft.server.log.statemachine.data.sync.timeout.retry = -1 (default)
2019-11-08 16:13:10,701 [pool-269-thread-1] INFO  server.RaftServerConfigKeys (ConfUtils.java:logGet(43)) - raft.server.log.statemachine.data.caching.enabled = true (custom)
2019-11-08 16:13:10,701 [pool-329-thread-1] INFO  server.RaftServerConfigKeys (ConfUtils.java:logGet(43)) - raft.server.log.statemachine.data.caching.enabled = true (custom)
2019-11-08 16:13:10,702 [pool-329-thread-1] INFO  segmented.SegmentedRaftLogWorker (SegmentedRaftLogWorker.java:lambda$new$0(128)) - c0c4966b-a29b-458a-b1c2-0283d43e69e4@group-C086F38B8249-SegmentedRaftLogWorker: flushIndex: setUnconditionally 0 -> -1
2019-11-08 16:13:10,702 [pool-269-thread-1] INFO  segmented.SegmentedRaftLogWorker (SegmentedRaftLogWorker.java:lambda$new$0(128)) - fdaf92da-19a4-414a-af4c-01715acef4ce@group-C086F38B8249-SegmentedRaftLogWorker: flushIndex: setUnconditionally 0 -> -1
2019-11-08 16:13:10,702 [pool-329-thread-1] INFO  server.RaftServerConfigKeys (ConfUtils.java:logGet(43)) - raft.server.snapshot.auto.trigger.enabled = true (custom)
2019-11-08 16:13:10,702 [pool-329-thread-1] INFO  server.RaftServerConfigKeys (ConfUtils.java:logGet(43)) - raft.server.snapshot.auto.trigger.threshold = 10000 (custom)
2019-11-08 16:13:10,702 [pool-269-thread-1] INFO  server.RaftServerConfigKeys (ConfUtils.java:logGet(43)) - raft.server.snapshot.auto.trigger.enabled = true (custom)
2019-11-08 16:13:10,702 [pool-329-thread-1] INFO  server.RaftServerConfigKeys (ConfUtils.java:logGet(43)) - raft.server.snapshot.retention.file.num = 5 (custom)
2019-11-08 16:13:10,702 [pool-269-thread-1] INFO  server.RaftServerConfigKeys (ConfUtils.java:logGet(43)) - raft.server.snapshot.auto.trigger.threshold = 10000 (custom)
2019-11-08 16:13:10,702 [pool-329-thread-1] INFO  server.RaftServerConfigKeys (ConfUtils.java:logGet(43)) - raft.server.retrycache.expirytime = 600000ms (custom)
2019-11-08 16:13:10,702 [pool-269-thread-1] INFO  server.RaftServerConfigKeys (ConfUtils.java:logGet(43)) - raft.server.snapshot.retention.file.num = 5 (custom)
2019-11-08 16:13:10,702 [pool-329-thread-1] WARN  impl.MetricRegistriesImpl (MetricRegistriesImpl.java:lambda$create$1(61)) - First MetricRegistry has been created without registering reporters. You may need to call MetricRegistries.global().addReportRegistration(...) before.
2019-11-08 16:13:10,702 [pool-269-thread-1] INFO  server.RaftServerConfigKeys (ConfUtils.java:logGet(43)) - raft.server.retrycache.expirytime = 600000ms (custom)
2019-11-08 16:13:10,703 [pool-329-thread-1] WARN  impl.MetricRegistriesImpl (MetricRegistriesImpl.java:lambda$create$1(61)) - First MetricRegistry has been created without registering reporters. You may need to call MetricRegistries.global().addReportRegistration(...) before.
2019-11-08 16:13:10,703 [pool-269-thread-1] WARN  impl.MetricRegistriesImpl (MetricRegistriesImpl.java:lambda$create$1(61)) - First MetricRegistry has been created without registering reporters. You may need to call MetricRegistries.global().addReportRegistration(...) before.
2019-11-08 16:13:10,703 [pool-329-thread-1] INFO  impl.RaftServerImpl (RaftServerImpl.java:start(184)) - c0c4966b-a29b-458a-b1c2-0283d43e69e4@group-236248FFE1E3: start as a follower, conf=-1: [c0c4966b-a29b-458a-b1c2-0283d43e69e4:192.168.69.121:46426], old=null
2019-11-08 16:13:10,703 [pool-269-thread-1] WARN  impl.MetricRegistriesImpl (MetricRegistriesImpl.java:lambda$create$1(61)) - First MetricRegistry has been created without registering reporters. You may need to call MetricRegistries.global().addReportRegistration(...) before.
2019-11-08 16:13:10,703 [pool-329-thread-1] INFO  impl.RaftServerImpl (RaftServerImpl.java:setRole(173)) - c0c4966b-a29b-458a-b1c2-0283d43e69e4@group-236248FFE1E3: changes role from      null to FOLLOWER at term 0 for startAsFollower
2019-11-08 16:13:10,703 [pool-269-thread-1] INFO  impl.RaftServerImpl (RaftServerImpl.java:start(184)) - fdaf92da-19a4-414a-af4c-01715acef4ce@group-576F86D54FC4: start as a follower, conf=-1: [4c8858b5-dd34-4dfa-8a80-c1e60ab9590b:192.168.69.121:43670, c0c4966b-a29b-458a-b1c2-0283d43e69e4:192.168.69.121:46426, fdaf92da-19a4-414a-af4c-01715acef4ce:192.168.69.121:37869], old=null
2019-11-08 16:13:10,703 [pool-329-thread-1] INFO  impl.RoleInfo (RoleInfo.java:updateAndGet(143)) - c0c4966b-a29b-458a-b1c2-0283d43e69e4: start FollowerState
2019-11-08 16:13:10,703 [pool-269-thread-1] INFO  impl.RaftServerImpl (RaftServerImpl.java:setRole(173)) - fdaf92da-19a4-414a-af4c-01715acef4ce@group-576F86D54FC4: changes role from      null to FOLLOWER at term 0 for startAsFollower
2019-11-08 16:13:10,703 [pool-269-thread-1] INFO  impl.RoleInfo (RoleInfo.java:updateAndGet(143)) - fdaf92da-19a4-414a-af4c-01715acef4ce: start FollowerState
2019-11-08 16:13:10,704 [pool-329-thread-1] INFO  util.JmxRegister (JmxRegister.java:tryRegister(44)) - Successfully registered JMX Bean with object name Ratis:service=RaftServer,group=group-236248FFE1E3,id=c0c4966b-a29b-458a-b1c2-0283d43e69e4
2019-11-08 16:13:10,704 [pool-269-thread-1] INFO  util.JmxRegister (JmxRegister.java:tryRegister(44)) - Successfully registered JMX Bean with object name Ratis:service=RaftServer,group=group-576F86D54FC4,id=fdaf92da-19a4-414a-af4c-01715acef4ce
2019-11-08 16:13:10,704 [pool-329-thread-1] WARN  impl.MetricRegistriesImpl (MetricRegistriesImpl.java:lambda$create$1(61)) - First MetricRegistry has been created without registering reporters. You may need to call MetricRegistries.global().addReportRegistration(...) before.
2019-11-08 16:13:10,704 [pool-269-thread-1] WARN  impl.MetricRegistriesImpl (MetricRegistriesImpl.java:lambda$create$1(61)) - First MetricRegistry has been created without registering reporters. You may need to call MetricRegistries.global().addReportRegistration(...) before.
2019-11-08 16:13:10,704 [pool-329-thread-1] INFO  impl.RaftServerImpl (RaftServerImpl.java:start(184)) - c0c4966b-a29b-458a-b1c2-0283d43e69e4@group-E0D71A37EFC9: start as a follower, conf=-1: [4c8858b5-dd34-4dfa-8a80-c1e60ab9590b:192.168.69.121:43670, c0c4966b-a29b-458a-b1c2-0283d43e69e4:192.168.69.121:46426, fdaf92da-19a4-414a-af4c-01715acef4ce:192.168.69.121:37869], old=null
2019-11-08 16:13:10,704 [pool-329-thread-1] INFO  impl.RaftServerImpl (RaftServerImpl.java:setRole(173)) - c0c4966b-a29b-458a-b1c2-0283d43e69e4@group-E0D71A37EFC9: changes role from      null to FOLLOWER at term 0 for startAsFollower
2019-11-08 16:13:10,704 [pool-269-thread-1] INFO  impl.RaftServerImpl (RaftServerImpl.java:start(184)) - fdaf92da-19a4-414a-af4c-01715acef4ce@group-E0D71A37EFC9: start as a follower, conf=-1: [4c8858b5-dd34-4dfa-8a80-c1e60ab9590b:192.168.69.121:43670, c0c4966b-a29b-458a-b1c2-0283d43e69e4:192.168.69.121:46426, fdaf92da-19a4-414a-af4c-01715acef4ce:192.168.69.121:37869], old=null
2019-11-08 16:13:10,704 [pool-329-thread-1] INFO  impl.RoleInfo (RoleInfo.java:updateAndGet(143)) - c0c4966b-a29b-458a-b1c2-0283d43e69e4: start FollowerState
2019-11-08 16:13:10,704 [pool-269-thread-1] INFO  impl.RaftServerImpl (RaftServerImpl.java:setRole(173)) - fdaf92da-19a4-414a-af4c-01715acef4ce@group-E0D71A37EFC9: changes role from      null to FOLLOWER at term 0 for startAsFollower
2019-11-08 16:13:10,705 [pool-269-thread-1] INFO  impl.RoleInfo (RoleInfo.java:updateAndGet(143)) - fdaf92da-19a4-414a-af4c-01715acef4ce: start FollowerState
2019-11-08 16:13:10,705 [pool-329-thread-1] INFO  util.JmxRegister (JmxRegister.java:tryRegister(44)) - Successfully registered JMX Bean with object name Ratis:service=RaftServer,group=group-E0D71A37EFC9,id=c0c4966b-a29b-458a-b1c2-0283d43e69e4
2019-11-08 16:13:10,705 [pool-329-thread-1] WARN  impl.MetricRegistriesImpl (MetricRegistriesImpl.java:lambda$create$1(61)) - First MetricRegistry has been created without registering reporters. You may need to call MetricRegistries.global().addReportRegistration(...) before.
2019-11-08 16:13:10,705 [pool-269-thread-1] INFO  util.JmxRegister (JmxRegister.java:tryRegister(44)) - Successfully registered JMX Bean with object name Ratis:service=RaftServer,group=group-E0D71A37EFC9,id=fdaf92da-19a4-414a-af4c-01715acef4ce
2019-11-08 16:13:10,705 [pool-269-thread-1] WARN  impl.MetricRegistriesImpl (MetricRegistriesImpl.java:lambda$create$1(61)) - First MetricRegistry has been created without registering reporters. You may need to call MetricRegistries.global().addReportRegistration(...) before.
2019-11-08 16:13:10,705 [pool-329-thread-1] INFO  impl.RaftServerImpl (RaftServerImpl.java:start(184)) - c0c4966b-a29b-458a-b1c2-0283d43e69e4@group-C086F38B8249: start as a follower, conf=-1: [4c8858b5-dd34-4dfa-8a80-c1e60ab9590b:192.168.69.121:43670, c0c4966b-a29b-458a-b1c2-0283d43e69e4:192.168.69.121:46426, fdaf92da-19a4-414a-af4c-01715acef4ce:192.168.69.121:37869], old=null
2019-11-08 16:13:10,705 [pool-329-thread-1] INFO  impl.RaftServerImpl (RaftServerImpl.java:setRole(173)) - c0c4966b-a29b-458a-b1c2-0283d43e69e4@group-C086F38B8249: changes role from      null to FOLLOWER at term 0 for startAsFollower
2019-11-08 16:13:10,705 [pool-269-thread-1] INFO  impl.RaftServerImpl (RaftServerImpl.java:start(184)) - fdaf92da-19a4-414a-af4c-01715acef4ce@group-C086F38B8249: start as a follower, conf=-1: [4c8858b5-dd34-4dfa-8a80-c1e60ab9590b:192.168.69.121:43670, c0c4966b-a29b-458a-b1c2-0283d43e69e4:192.168.69.121:46426, fdaf92da-19a4-414a-af4c-01715acef4ce:192.168.69.121:37869], old=null
2019-11-08 16:13:10,706 [pool-269-thread-1] INFO  impl.RaftServerImpl (RaftServerImpl.java:setRole(173)) - fdaf92da-19a4-414a-af4c-01715acef4ce@group-C086F38B8249: changes role from      null to FOLLOWER at term 0 for startAsFollower
2019-11-08 16:13:10,705 [pool-329-thread-1] INFO  impl.RoleInfo (RoleInfo.java:updateAndGet(143)) - c0c4966b-a29b-458a-b1c2-0283d43e69e4: start FollowerState
2019-11-08 16:13:10,706 [pool-269-thread-1] INFO  impl.RoleInfo (RoleInfo.java:updateAndGet(143)) - fdaf92da-19a4-414a-af4c-01715acef4ce: start FollowerState
2019-11-08 16:13:10,706 [pool-329-thread-1] INFO  util.JmxRegister (JmxRegister.java:tryRegister(44)) - Successfully registered JMX Bean with object name Ratis:service=RaftServer,group=group-C086F38B8249,id=c0c4966b-a29b-458a-b1c2-0283d43e69e4
2019-11-08 16:13:10,706 [pool-269-thread-1] INFO  util.JmxRegister (JmxRegister.java:tryRegister(44)) - Successfully registered JMX Bean with object name Ratis:service=RaftServer,group=group-C086F38B8249,id=fdaf92da-19a4-414a-af4c-01715acef4ce
2019-11-08 16:13:10,706 [pool-329-thread-1] WARN  impl.MetricRegistriesImpl (MetricRegistriesImpl.java:lambda$create$1(61)) - First MetricRegistry has been created without registering reporters. You may need to call MetricRegistries.global().addReportRegistration(...) before.
2019-11-08 16:13:10,706 [pool-269-thread-1] WARN  impl.MetricRegistriesImpl (MetricRegistriesImpl.java:lambda$create$1(61)) - First MetricRegistry has been created without registering reporters. You may need to call MetricRegistries.global().addReportRegistration(...) before.
2019-11-08 16:13:11,627 [Thread-1839] INFO  impl.FollowerState (FollowerState.java:run(111)) - 4c8858b5-dd34-4dfa-8a80-c1e60ab9590b@group-C086F38B8249-FollowerState: change to CANDIDATE, lastRpcTime:1015ms, electionTimeout:1015ms
2019-11-08 16:13:11,628 [Thread-1839] INFO  impl.RoleInfo (RoleInfo.java:shutdownFollowerState(121)) - 4c8858b5-dd34-4dfa-8a80-c1e60ab9590b: shutdown FollowerState
2019-11-08 16:13:11,628 [Thread-1839] INFO  impl.RaftServerImpl (RaftServerImpl.java:setRole(173)) - 4c8858b5-dd34-4dfa-8a80-c1e60ab9590b@group-C086F38B8249: changes role from  FOLLOWER to CANDIDATE at term 0 for changeToCandidate
2019-11-08 16:13:11,628 [Thread-1839] INFO  impl.RoleInfo (RoleInfo.java:updateAndGet(143)) - 4c8858b5-dd34-4dfa-8a80-c1e60ab9590b: start LeaderElection
2019-11-08 16:13:11,637 [Thread-1837] INFO  impl.FollowerState (FollowerState.java:run(111)) - 4c8858b5-dd34-4dfa-8a80-c1e60ab9590b@group-E0D71A37EFC9-FollowerState: change to CANDIDATE, lastRpcTime:1027ms, electionTimeout:1027ms
2019-11-08 16:13:11,637 [Thread-1837] INFO  impl.RoleInfo (RoleInfo.java:shutdownFollowerState(121)) - 4c8858b5-dd34-4dfa-8a80-c1e60ab9590b: shutdown FollowerState
2019-11-08 16:13:11,638 [Thread-1837] INFO  impl.RaftServerImpl (RaftServerImpl.java:setRole(173)) - 4c8858b5-dd34-4dfa-8a80-c1e60ab9590b@group-E0D71A37EFC9: changes role from  FOLLOWER to CANDIDATE at term 0 for changeToCandidate
2019-11-08 16:13:11,638 [Thread-1837] INFO  impl.RoleInfo (RoleInfo.java:updateAndGet(143)) - 4c8858b5-dd34-4dfa-8a80-c1e60ab9590b: start LeaderElection
2019-11-08 16:13:11,702 [Thread-1846] INFO  impl.FollowerState (FollowerState.java:run(111)) - c0c4966b-a29b-458a-b1c2-0283d43e69e4@group-576F86D54FC4-FollowerState: change to CANDIDATE, lastRpcTime:1057ms, electionTimeout:1057ms
2019-11-08 16:13:11,702 [Thread-1846] INFO  impl.RoleInfo (RoleInfo.java:shutdownFollowerState(121)) - c0c4966b-a29b-458a-b1c2-0283d43e69e4: shutdown FollowerState
2019-11-08 16:13:11,702 [Thread-1846] INFO  impl.RaftServerImpl (RaftServerImpl.java:setRole(173)) - c0c4966b-a29b-458a-b1c2-0283d43e69e4@group-576F86D54FC4: changes role from  FOLLOWER to CANDIDATE at term 3 for changeToCandidate
2019-11-08 16:13:11,703 [Thread-1846] INFO  impl.RoleInfo (RoleInfo.java:updateAndGet(143)) - c0c4966b-a29b-458a-b1c2-0283d43e69e4: start LeaderElection
2019-11-08 16:13:11,717 [Thread-1855] INFO  impl.FollowerState (FollowerState.java:run(111)) - fdaf92da-19a4-414a-af4c-01715acef4ce@group-E0D71A37EFC9-FollowerState: change to CANDIDATE, lastRpcTime:1012ms, electionTimeout:1012ms
2019-11-08 16:13:11,717 [Thread-1855] INFO  impl.RoleInfo (RoleInfo.java:shutdownFollowerState(121)) - fdaf92da-19a4-414a-af4c-01715acef4ce: shutdown FollowerState
2019-11-08 16:13:11,717 [Thread-1855] INFO  impl.RaftServerImpl (RaftServerImpl.java:setRole(173)) - fdaf92da-19a4-414a-af4c-01715acef4ce@group-E0D71A37EFC9: changes role from  FOLLOWER to CANDIDATE at term 0 for changeToCandidate
2019-11-08 16:13:11,717 [Thread-1855] INFO  impl.RoleInfo (RoleInfo.java:updateAndGet(143)) - fdaf92da-19a4-414a-af4c-01715acef4ce: start LeaderElection
2019-11-08 16:13:11,730 [Thread-1847] INFO  impl.FollowerState (FollowerState.java:run(111)) - 4c8858b5-dd34-4dfa-8a80-c1e60ab9590b@group-576F86D54FC4-FollowerState: change to CANDIDATE, lastRpcTime:1046ms, electionTimeout:1046ms
2019-11-08 16:13:11,730 [Thread-1847] INFO  impl.RoleInfo (RoleInfo.java:shutdownFollowerState(121)) - 4c8858b5-dd34-4dfa-8a80-c1e60ab9590b: shutdown FollowerState
2019-11-08 16:13:11,730 [Thread-1847] INFO  impl.RaftServerImpl (RaftServerImpl.java:setRole(173)) - 4c8858b5-dd34-4dfa-8a80-c1e60ab9590b@group-576F86D54FC4: changes role from  FOLLOWER to CANDIDATE at term 3 for changeToCandidate
2019-11-08 16:13:11,730 [Thread-1847] INFO  impl.RoleInfo (RoleInfo.java:updateAndGet(143)) - 4c8858b5-dd34-4dfa-8a80-c1e60ab9590b: start LeaderElection
2019-11-08 16:13:11,761 [Thread-1850] INFO  impl.FollowerState (FollowerState.java:run(111)) - c0c4966b-a29b-458a-b1c2-0283d43e69e4@group-236248FFE1E3-FollowerState: change to CANDIDATE, lastRpcTime:1057ms, electionTimeout:1057ms
2019-11-08 16:13:11,761 [Thread-1850] INFO  impl.RoleInfo (RoleInfo.java:shutdownFollowerState(121)) - c0c4966b-a29b-458a-b1c2-0283d43e69e4: shutdown FollowerState
2019-11-08 16:13:11,761 [Thread-1850] INFO  impl.RaftServerImpl (RaftServerImpl.java:setRole(173)) - c0c4966b-a29b-458a-b1c2-0283d43e69e4@group-236248FFE1E3: changes role from  FOLLOWER to CANDIDATE at term 0 for changeToCandidate
2019-11-08 16:13:11,761 [Thread-1850] INFO  impl.RoleInfo (RoleInfo.java:updateAndGet(143)) - c0c4966b-a29b-458a-b1c2-0283d43e69e4: start LeaderElection
2019-11-08 16:13:11,769 [Thread-1854] INFO  impl.FollowerState (FollowerState.java:run(111)) - c0c4966b-a29b-458a-b1c2-0283d43e69e4@group-E0D71A37EFC9-FollowerState: change to CANDIDATE, lastRpcTime:1064ms, electionTimeout:1064ms
2019-11-08 16:13:11,769 [Thread-1854] INFO  impl.RoleInfo (RoleInfo.java:shutdownFollowerState(121)) - c0c4966b-a29b-458a-b1c2-0283d43e69e4: shutdown FollowerState
2019-11-08 16:13:11,769 [Thread-1854] INFO  impl.RaftServerImpl (RaftServerImpl.java:setRole(173)) - c0c4966b-a29b-458a-b1c2-0283d43e69e4@group-E0D71A37EFC9: changes role from  FOLLOWER to CANDIDATE at term 0 for changeToCandidate
2019-11-08 16:13:11,769 [Thread-1854] INFO  impl.RoleInfo (RoleInfo.java:updateAndGet(143)) - c0c4966b-a29b-458a-b1c2-0283d43e69e4: start LeaderElection
2019-11-08 16:13:11,794 [4c8858b5-dd34-4dfa-8a80-c1e60ab9590b@group-E0D71A37EFC9-LeaderElection84] INFO  impl.LeaderElection (LeaderElection.java:askForVotes(178)) - 4c8858b5-dd34-4dfa-8a80-c1e60ab9590b@group-E0D71A37EFC9-LeaderElection84: begin an election at term 1 for -1: [4c8858b5-dd34-4dfa-8a80-c1e60ab9590b:192.168.69.121:43670, c0c4966b-a29b-458a-b1c2-0283d43e69e4:192.168.69.121:46426, fdaf92da-19a4-414a-af4c-01715acef4ce:192.168.69.121:37869], old=null
2019-11-08 16:13:11,794 [4c8858b5-dd34-4dfa-8a80-c1e60ab9590b@group-C086F38B8249-LeaderElection83] INFO  impl.LeaderElection (LeaderElection.java:askForVotes(178)) - 4c8858b5-dd34-4dfa-8a80-c1e60ab9590b@group-C086F38B8249-LeaderElection83: begin an election at term 1 for -1: [4c8858b5-dd34-4dfa-8a80-c1e60ab9590b:192.168.69.121:43670, c0c4966b-a29b-458a-b1c2-0283d43e69e4:192.168.69.121:46426, fdaf92da-19a4-414a-af4c-01715acef4ce:192.168.69.121:37869], old=null
2019-11-08 16:13:11,795 [c0c4966b-a29b-458a-b1c2-0283d43e69e4@group-576F86D54FC4-LeaderElection85] INFO  impl.LeaderElection (LeaderElection.java:askForVotes(178)) - c0c4966b-a29b-458a-b1c2-0283d43e69e4@group-576F86D54FC4-LeaderElection85: begin an election at term 4 for -1: [4c8858b5-dd34-4dfa-8a80-c1e60ab9590b:192.168.69.121:43670, c0c4966b-a29b-458a-b1c2-0283d43e69e4:192.168.69.121:46426, fdaf92da-19a4-414a-af4c-01715acef4ce:192.168.69.121:37869], old=null
2019-11-08 16:13:11,797 [Thread-1858] INFO  impl.FollowerState (FollowerState.java:run(111)) - c0c4966b-a29b-458a-b1c2-0283d43e69e4@group-C086F38B8249-FollowerState: change to CANDIDATE, lastRpcTime:1091ms, electionTimeout:1091ms
2019-11-08 16:13:11,797 [Thread-1858] INFO  impl.RoleInfo (RoleInfo.java:shutdownFollowerState(121)) - c0c4966b-a29b-458a-b1c2-0283d43e69e4: shutdown FollowerState
2019-11-08 16:13:11,800 [grpc-default-executor-2] INFO  impl.RaftServerImpl (RaftServerImpl.java:setRole(173)) - fdaf92da-19a4-414a-af4c-01715acef4ce@group-576F86D54FC4: changes role from  FOLLOWER to FOLLOWER at term 4 for recognizeCandidate:c0c4966b-a29b-458a-b1c2-0283d43e69e4
2019-11-08 16:13:11,800 [Thread-1858] INFO  impl.RaftServerImpl (RaftServerImpl.java:setRole(173)) - c0c4966b-a29b-458a-b1c2-0283d43e69e4@group-C086F38B8249: changes role from  FOLLOWER to CANDIDATE at term 0 for changeToCandidate
2019-11-08 16:13:11,800 [grpc-default-executor-2] INFO  impl.RoleInfo (RoleInfo.java:shutdownFollowerState(121)) - fdaf92da-19a4-414a-af4c-01715acef4ce: shutdown FollowerState
2019-11-08 16:13:11,800 [Thread-1858] INFO  impl.RoleInfo (RoleInfo.java:updateAndGet(143)) - c0c4966b-a29b-458a-b1c2-0283d43e69e4: start LeaderElection
2019-11-08 16:13:11,800 [grpc-default-executor-2] INFO  impl.RoleInfo (RoleInfo.java:updateAndGet(143)) - fdaf92da-19a4-414a-af4c-01715acef4ce: start FollowerState
2019-11-08 16:13:11,800 [Thread-1851] INFO  impl.FollowerState (FollowerState.java:run(120)) - fdaf92da-19a4-414a-af4c-01715acef4ce@group-576F86D54FC4-FollowerState was interrupted: java.lang.InterruptedException: sleep interrupted
2019-11-08 16:13:11,802 [grpc-default-executor-0] INFO  impl.RaftServerImpl (RaftServerImpl.java:setRole(173)) - c0c4966b-a29b-458a-b1c2-0283d43e69e4@group-C086F38B8249: changes role from CANDIDATE to FOLLOWER at term 1 for recognizeCandidate:4c8858b5-dd34-4dfa-8a80-c1e60ab9590b
2019-11-08 16:13:11,803 [grpc-default-executor-0] INFO  impl.RoleInfo (RoleInfo.java:shutdownLeaderElection(134)) - c0c4966b-a29b-458a-b1c2-0283d43e69e4: shutdown LeaderElection
2019-11-08 16:13:11,803 [grpc-default-executor-0] INFO  impl.RoleInfo (RoleInfo.java:updateAndGet(143)) - c0c4966b-a29b-458a-b1c2-0283d43e69e4: start FollowerState
2019-11-08 16:13:11,805 [grpc-default-executor-4] INFO  impl.RaftServerImpl (RaftServerImpl.java:setRole(173)) - fdaf92da-19a4-414a-af4c-01715acef4ce@group-C086F38B8249: changes role from  FOLLOWER to FOLLOWER at term 1 for recognizeCandidate:4c8858b5-dd34-4dfa-8a80-c1e60ab9590b
2019-11-08 16:13:11,805 [grpc-default-executor-4] INFO  impl.RoleInfo (RoleInfo.java:shutdownFollowerState(121)) - fdaf92da-19a4-414a-af4c-01715acef4ce: shutdown FollowerState
2019-11-08 16:13:11,805 [grpc-default-executor-4] INFO  impl.RoleInfo (RoleInfo.java:updateAndGet(143)) - fdaf92da-19a4-414a-af4c-01715acef4ce: start FollowerState
2019-11-08 16:13:11,805 [Thread-1859] INFO  impl.FollowerState (FollowerState.java:run(120)) - fdaf92da-19a4-414a-af4c-01715acef4ce@group-C086F38B8249-FollowerState was interrupted: java.lang.InterruptedException: sleep interrupted
2019-11-08 16:13:11,814 [4c8858b5-dd34-4dfa-8a80-c1e60ab9590b@group-576F86D54FC4-LeaderElection87] INFO  impl.LeaderElection (LeaderElection.java:askForVotes(178)) - 4c8858b5-dd34-4dfa-8a80-c1e60ab9590b@group-576F86D54FC4-LeaderElection87: begin an election at term 4 for -1: [4c8858b5-dd34-4dfa-8a80-c1e60ab9590b:192.168.69.121:43670, c0c4966b-a29b-458a-b1c2-0283d43e69e4:192.168.69.121:46426, fdaf92da-19a4-414a-af4c-01715acef4ce:192.168.69.121:37869], old=null
2019-11-08 16:13:11,814 [c0c4966b-a29b-458a-b1c2-0283d43e69e4@group-E0D71A37EFC9-LeaderElection89] INFO  impl.LeaderElection (LeaderElection.java:askForVotes(178)) - c0c4966b-a29b-458a-b1c2-0283d43e69e4@group-E0D71A37EFC9-LeaderElection89: begin an election at term 1 for -1: [4c8858b5-dd34-4dfa-8a80-c1e60ab9590b:192.168.69.121:43670, c0c4966b-a29b-458a-b1c2-0283d43e69e4:192.168.69.121:46426, fdaf92da-19a4-414a-af4c-01715acef4ce:192.168.69.121:37869], old=null
2019-11-08 16:13:11,814 [fdaf92da-19a4-414a-af4c-01715acef4ce@group-E0D71A37EFC9-LeaderElection86] INFO  impl.LeaderElection (LeaderElection.java:askForVotes(178)) - fdaf92da-19a4-414a-af4c-01715acef4ce@group-E0D71A37EFC9-LeaderElection86: begin an election at term 1 for -1: [4c8858b5-dd34-4dfa-8a80-c1e60ab9590b:192.168.69.121:43670, c0c4966b-a29b-458a-b1c2-0283d43e69e4:192.168.69.121:46426, fdaf92da-19a4-414a-af4c-01715acef4ce:192.168.69.121:37869], old=null
2019-11-08 16:13:11,814 [c0c4966b-a29b-458a-b1c2-0283d43e69e4@group-236248FFE1E3-LeaderElection88] INFO  impl.LeaderElection (LeaderElection.java:askForVotes(178)) - c0c4966b-a29b-458a-b1c2-0283d43e69e4@group-236248FFE1E3-LeaderElection88: begin an election at term 1 for -1: [c0c4966b-a29b-458a-b1c2-0283d43e69e4:192.168.69.121:46426], old=null
2019-11-08 16:13:11,815 [4c8858b5-dd34-4dfa-8a80-c1e60ab9590b@group-E0D71A37EFC9-LeaderElection84] INFO  impl.LeaderElection (LeaderElection.java:logAndReturn(56)) - 4c8858b5-dd34-4dfa-8a80-c1e60ab9590b@group-E0D71A37EFC9-LeaderElection84: Election REJECTED; received 2 response(s) [4c8858b5-dd34-4dfa-8a80-c1e60ab9590b<-c0c4966b-a29b-458a-b1c2-0283d43e69e4#0:FAIL-t1, 4c8858b5-dd34-4dfa-8a80-c1e60ab9590b<-fdaf92da-19a4-414a-af4c-01715acef4ce#0:FAIL-t1] and 0 exception(s); 4c8858b5-dd34-4dfa-8a80-c1e60ab9590b@group-E0D71A37EFC9:t1, leader=null, voted=4c8858b5-dd34-4dfa-8a80-c1e60ab9590b, raftlog=4c8858b5-dd34-4dfa-8a80-c1e60ab9590b@group-E0D71A37EFC9-SegmentedRaftLog:OPENED:c-1,f-1,i0, conf=-1: [4c8858b5-dd34-4dfa-8a80-c1e60ab9590b:192.168.69.121:43670, c0c4966b-a29b-458a-b1c2-0283d43e69e4:192.168.69.121:46426, fdaf92da-19a4-414a-af4c-01715acef4ce:192.168.69.121:37869], old=null
2019-11-08 16:13:11,816 [4c8858b5-dd34-4dfa-8a80-c1e60ab9590b@group-E0D71A37EFC9-LeaderElection84] INFO  impl.RaftServerImpl (RaftServerImpl.java:setRole(173)) - 4c8858b5-dd34-4dfa-8a80-c1e60ab9590b@group-E0D71A37EFC9: changes role from CANDIDATE to FOLLOWER at term 1 for DISCOVERED_A_NEW_TERM
2019-11-08 16:13:11,816 [4c8858b5-dd34-4dfa-8a80-c1e60ab9590b@group-E0D71A37EFC9-LeaderElection84] INFO  impl.RoleInfo (RoleInfo.java:shutdownLeaderElection(134)) - 4c8858b5-dd34-4dfa-8a80-c1e60ab9590b: shutdown LeaderElection
2019-11-08 16:13:11,816 [4c8858b5-dd34-4dfa-8a80-c1e60ab9590b@group-E0D71A37EFC9-LeaderElection84] INFO  impl.RoleInfo (RoleInfo.java:updateAndGet(143)) - 4c8858b5-dd34-4dfa-8a80-c1e60ab9590b: start FollowerState
2019-11-08 16:13:11,816 [4c8858b5-dd34-4dfa-8a80-c1e60ab9590b@group-C086F38B8249-LeaderElection83] INFO  impl.LeaderElection (LeaderElection.java:logAndReturn(56)) - 4c8858b5-dd34-4dfa-8a80-c1e60ab9590b@group-C086F38B8249-LeaderElection83: Election PASSED; received 1 response(s) [4c8858b5-dd34-4dfa-8a80-c1e60ab9590b<-fdaf92da-19a4-414a-af4c-01715acef4ce#0:OK-t1] and 0 exception(s); 4c8858b5-dd34-4dfa-8a80-c1e60ab9590b@group-C086F38B8249:t1, leader=null, voted=4c8858b5-dd34-4dfa-8a80-c1e60ab9590b, raftlog=4c8858b5-dd34-4dfa-8a80-c1e60ab9590b@group-C086F38B8249-SegmentedRaftLog:OPENED:c-1,f-1,i0, conf=-1: [4c8858b5-dd34-4dfa-8a80-c1e60ab9590b:192.168.69.121:43670, c0c4966b-a29b-458a-b1c2-0283d43e69e4:192.168.69.121:46426, fdaf92da-19a4-414a-af4c-01715acef4ce:192.168.69.121:37869], old=null
2019-11-08 16:13:11,816 [c0c4966b-a29b-458a-b1c2-0283d43e69e4@group-236248FFE1E3-LeaderElection88] INFO  impl.RoleInfo (RoleInfo.java:shutdownLeaderElection(134)) - c0c4966b-a29b-458a-b1c2-0283d43e69e4: shutdown LeaderElection
2019-11-08 16:13:11,816 [c0c4966b-a29b-458a-b1c2-0283d43e69e4@group-576F86D54FC4-LeaderElection85] INFO  impl.LeaderElection (LeaderElection.java:logAndReturn(56)) - c0c4966b-a29b-458a-b1c2-0283d43e69e4@group-576F86D54FC4-LeaderElection85: Election PASSED; received 2 response(s) [c0c4966b-a29b-458a-b1c2-0283d43e69e4<-4c8858b5-dd34-4dfa-8a80-c1e60ab9590b#0:FAIL-t4, c0c4966b-a29b-458a-b1c2-0283d43e69e4<-fdaf92da-19a4-414a-af4c-01715acef4ce#0:OK-t4] and 0 exception(s); c0c4966b-a29b-458a-b1c2-0283d43e69e4@group-576F86D54FC4:t4, leader=null, voted=c0c4966b-a29b-458a-b1c2-0283d43e69e4, raftlog=c0c4966b-a29b-458a-b1c2-0283d43e69e4@group-576F86D54FC4-SegmentedRaftLog:OPENED:c-1,f-1,i0, conf=-1: [4c8858b5-dd34-4dfa-8a80-c1e60ab9590b:192.168.69.121:43670, c0c4966b-a29b-458a-b1c2-0283d43e69e4:192.168.69.121:46426, fdaf92da-19a4-414a-af4c-01715acef4ce:192.168.69.121:37869], old=null
2019-11-08 16:13:11,817 [c0c4966b-a29b-458a-b1c2-0283d43e69e4@group-576F86D54FC4-LeaderElection85] INFO  impl.RoleInfo (RoleInfo.java:shutdownLeaderElection(134)) - c0c4966b-a29b-458a-b1c2-0283d43e69e4: shutdown LeaderElection
2019-11-08 16:13:11,817 [c0c4966b-a29b-458a-b1c2-0283d43e69e4@group-576F86D54FC4-LeaderElection85] INFO  impl.RaftServerImpl (RaftServerImpl.java:setRole(173)) - c0c4966b-a29b-458a-b1c2-0283d43e69e4@group-576F86D54FC4: changes role from CANDIDATE to LEADER at term 4 for changeToLeader
2019-11-08 16:13:11,817 [c0c4966b-a29b-458a-b1c2-0283d43e69e4@group-576F86D54FC4-LeaderElection85] INFO  impl.RaftServerImpl (ServerState.java:setLeader(255)) - c0c4966b-a29b-458a-b1c2-0283d43e69e4@group-576F86D54FC4: change Leader from null to c0c4966b-a29b-458a-b1c2-0283d43e69e4 at term 4 for becomeLeader, leader elected after 18325ms
2019-11-08 16:13:11,817 [c0c4966b-a29b-458a-b1c2-0283d43e69e4@group-576F86D54FC4-LeaderElection85] INFO  server.RaftServerConfigKeys (ConfUtils.java:logGet(43)) - raft.server.staging.catchup.gap = 1000 (default)
2019-11-08 16:13:11,819 [c0c4966b-a29b-458a-b1c2-0283d43e69e4@group-576F86D54FC4-LeaderElection85] INFO  server.RaftServerConfigKeys (ConfUtils.java:logGet(43)) - raft.server.rpc.sleep.time = 25ms (default)
2019-11-08 16:13:11,816 [4c8858b5-dd34-4dfa-8a80-c1e60ab9590b@group-C086F38B8249-LeaderElection83] INFO  impl.RoleInfo (RoleInfo.java:shutdownLeaderElection(134)) - 4c8858b5-dd34-4dfa-8a80-c1e60ab9590b: shutdown LeaderElection
2019-11-08 16:13:11,820 [c0c4966b-a29b-458a-b1c2-0283d43e69e4@group-576F86D54FC4-LeaderElection85] INFO  server.RaftServerConfigKeys (ConfUtils.java:logGet(43)) - raft.server.write.element-limit = 4096 (default)
2019-11-08 16:13:11,820 [c0c4966b-a29b-458a-b1c2-0283d43e69e4@group-576F86D54FC4-LeaderElection85] INFO  server.RaftServerConfigKeys (ConfUtils.java:logGet(43)) - raft.server.watch.timeout = 10s (default)
2019-11-08 16:13:11,820 [c0c4966b-a29b-458a-b1c2-0283d43e69e4@group-576F86D54FC4-LeaderElection85] INFO  server.RaftServerConfigKeys (ConfUtils.java:logGet(43)) - raft.server.watch.timeout.denomination = 1s (default)
2019-11-08 16:13:11,820 [c0c4966b-a29b-458a-b1c2-0283d43e69e4@group-576F86D54FC4-LeaderElection85] INFO  server.RaftServerConfigKeys (ConfUtils.java:logGet(43)) - raft.server.watch.element-limit = 65536 (default)
2019-11-08 16:13:11,816 [c0c4966b-a29b-458a-b1c2-0283d43e69e4@group-236248FFE1E3-LeaderElection88] INFO  impl.RaftServerImpl (RaftServerImpl.java:setRole(173)) - c0c4966b-a29b-458a-b1c2-0283d43e69e4@group-236248FFE1E3: changes role from CANDIDATE to LEADER at term 1 for changeToLeader
2019-11-08 16:13:11,821 [c0c4966b-a29b-458a-b1c2-0283d43e69e4@group-576F86D54FC4-LeaderElection85] INFO  server.RaftServerConfigKeys (ConfUtils.java:logGet(43)) - raft.server.log.appender.snapshot.chunk.size.max = 16MB (=16777216) (default)
2019-11-08 16:13:11,820 [4c8858b5-dd34-4dfa-8a80-c1e60ab9590b@group-576F86D54FC4-LeaderElection87] INFO  impl.LeaderElection (LeaderElection.java:logAndReturn(56)) - 4c8858b5-dd34-4dfa-8a80-c1e60ab9590b@group-576F86D54FC4-LeaderElection87: Election REJECTED; received 2 response(s) [4c8858b5-dd34-4dfa-8a80-c1e60ab9590b<-c0c4966b-a29b-458a-b1c2-0283d43e69e4#0:FAIL-t4, 4c8858b5-dd34-4dfa-8a80-c1e60ab9590b<-fdaf92da-19a4-414a-af4c-01715acef4ce#0:FAIL-t4] and 0 exception(s); 4c8858b5-dd34-4dfa-8a80-c1e60ab9590b@group-576F86D54FC4:t4, leader=null, voted=4c8858b5-dd34-4dfa-8a80-c1e60ab9590b, raftlog=4c8858b5-dd34-4dfa-8a80-c1e60ab9590b@group-576F86D54FC4-SegmentedRaftLog:OPENED:c-1,f-1,i0, conf=-1: [4c8858b5-dd34-4dfa-8a80-c1e60ab9590b:192.168.69.121:43670, c0c4966b-a29b-458a-b1c2-0283d43e69e4:192.168.69.121:46426, fdaf92da-19a4-414a-af4c-01715acef4ce:192.168.69.121:37869], old=null
2019-11-08 16:13:11,820 [4c8858b5-dd34-4dfa-8a80-c1e60ab9590b@group-C086F38B8249-LeaderElection83] INFO  impl.RaftServerImpl (RaftServerImpl.java:setRole(173)) - 4c8858b5-dd34-4dfa-8a80-c1e60ab9590b@group-C086F38B8249: changes role from CANDIDATE to LEADER at term 1 for changeToLeader
2019-11-08 16:13:11,821 [c0c4966b-a29b-458a-b1c2-0283d43e69e4@group-E0D71A37EFC9-LeaderElection89] INFO  impl.LeaderElection (LeaderElection.java:logAndReturn(56)) - c0c4966b-a29b-458a-b1c2-0283d43e69e4@group-E0D71A37EFC9-LeaderElection89: Election REJECTED; received 2 response(s) [c0c4966b-a29b-458a-b1c2-0283d43e69e4<-4c8858b5-dd34-4dfa-8a80-c1e60ab9590b#0:FAIL-t1, c0c4966b-a29b-458a-b1c2-0283d43e69e4<-fdaf92da-19a4-414a-af4c-01715acef4ce#0:FAIL-t1] and 0 exception(s); c0c4966b-a29b-458a-b1c2-0283d43e69e4@group-E0D71A37EFC9:t1, leader=null, voted=c0c4966b-a29b-458a-b1c2-0283d43e69e4, raftlog=c0c4966b-a29b-458a-b1c2-0283d43e69e4@group-E0D71A37EFC9-SegmentedRaftLog:OPENED:c-1,f-1,i0, conf=-1: [4c8858b5-dd34-4dfa-8a80-c1e60ab9590b:192.168.69.121:43670, c0c4966b-a29b-458a-b1c2-0283d43e69e4:192.168.69.121:46426, fdaf92da-19a4-414a-af4c-01715acef4ce:192.168.69.121:37869], old=null
2019-11-08 16:13:11,821 [4c8858b5-dd34-4dfa-8a80-c1e60ab9590b@group-576F86D54FC4-LeaderElection87] INFO  impl.RaftServerImpl (RaftServerImpl.java:setRole(173)) - 4c8858b5-dd34-4dfa-8a80-c1e60ab9590b@group-576F86D54FC4: changes role from CANDIDATE to FOLLOWER at term 4 for DISCOVERED_A_NEW_TERM
2019-11-08 16:13:11,821 [c0c4966b-a29b-458a-b1c2-0283d43e69e4@group-576F86D54FC4-LeaderElection85] INFO  server.RaftServerConfigKeys (ConfUtils.java:logGet(43)) - raft.server.log.appender.buffer.byte-limit = 33554432 (custom)
2019-11-08 16:13:11,821 [c0c4966b-a29b-458a-b1c2-0283d43e69e4@group-236248FFE1E3-LeaderElection88] INFO  impl.RaftServerImpl (ServerState.java:setLeader(255)) - c0c4966b-a29b-458a-b1c2-0283d43e69e4@group-236248FFE1E3: change Leader from null to c0c4966b-a29b-458a-b1c2-0283d43e69e4 at term 1 for becomeLeader, leader elected after 6584ms
2019-11-08 16:13:11,821 [c0c4966b-a29b-458a-b1c2-0283d43e69e4@group-576F86D54FC4-LeaderElection85] INFO  server.RaftServerConfigKeys (ConfUtils.java:logGet(43)) - raft.server.log.appender.buffer.element-limit = 1 (custom)
2019-11-08 16:13:11,821 [4c8858b5-dd34-4dfa-8a80-c1e60ab9590b@group-576F86D54FC4-LeaderElection87] INFO  impl.RoleInfo (RoleInfo.java:shutdownLeaderElection(134)) - 4c8858b5-dd34-4dfa-8a80-c1e60ab9590b: shutdown LeaderElection
2019-11-08 16:13:11,821 [c0c4966b-a29b-458a-b1c2-0283d43e69e4@group-E0D71A37EFC9-LeaderElection89] INFO  impl.RaftServerImpl (RaftServerImpl.java:setRole(173)) - c0c4966b-a29b-458a-b1c2-0283d43e69e4@group-E0D71A37EFC9: changes role from CANDIDATE to FOLLOWER at term 1 for DISCOVERED_A_NEW_TERM
2019-11-08 16:13:11,821 [4c8858b5-dd34-4dfa-8a80-c1e60ab9590b@group-C086F38B8249-LeaderElection83] INFO  impl.RaftServerImpl (ServerState.java:setLeader(255)) - 4c8858b5-dd34-4dfa-8a80-c1e60ab9590b@group-C086F38B8249: change Leader from null to 4c8858b5-dd34-4dfa-8a80-c1e60ab9590b at term 1 for becomeLeader, leader elected after 1222ms
2019-11-08 16:13:11,822 [c0c4966b-a29b-458a-b1c2-0283d43e69e4@group-E0D71A37EFC9-LeaderElection89] INFO  impl.RoleInfo (RoleInfo.java:shutdownLeaderElection(134)) - c0c4966b-a29b-458a-b1c2-0283d43e69e4: shutdown LeaderElection
2019-11-08 16:13:11,822 [c0c4966b-a29b-458a-b1c2-0283d43e69e4@group-576F86D54FC4-LeaderElection85] INFO  grpc.GrpcConfigKeys$Server (ConfUtils.java:logGet(43)) - raft.grpc.server.leader.outstanding.appends.max = 128 (default)
2019-11-08 16:13:11,822 [4c8858b5-dd34-4dfa-8a80-c1e60ab9590b@group-576F86D54FC4-LeaderElection87] INFO  impl.RoleInfo (RoleInfo.java:updateAndGet(143)) - 4c8858b5-dd34-4dfa-8a80-c1e60ab9590b: start FollowerState
2019-11-08 16:13:11,822 [c0c4966b-a29b-458a-b1c2-0283d43e69e4@group-236248FFE1E3-LeaderElection88] INFO  server.RaftServerConfigKeys (ConfUtils.java:logGet(43)) - raft.server.staging.catchup.gap = 1000 (default)
2019-11-08 16:13:11,824 [c0c4966b-a29b-458a-b1c2-0283d43e69e4@group-576F86D54FC4-LeaderElection85] INFO  server.RaftServerConfigKeys (ConfUtils.java:logGet(43)) - raft.server.rpc.request.timeout = 3000ms (default)
2019-11-08 16:13:11,825 [c0c4966b-a29b-458a-b1c2-0283d43e69e4@group-576F86D54FC4-LeaderElection85] INFO  server.RaftServerConfigKeys (ConfUtils.java:logGet(43)) - raft.server.log.appender.install.snapshot.enabled = false (custom)
2019-11-08 16:13:11,825 [c0c4966b-a29b-458a-b1c2-0283d43e69e4@group-576F86D54FC4-LeaderElection85] WARN  impl.MetricRegistriesImpl (MetricRegistriesImpl.java:lambda$create$1(61)) - First MetricRegistry has been created without registering reporters. You may need to call MetricRegistries.global().addReportRegistration(...) before.
2019-11-08 16:13:11,825 [c0c4966b-a29b-458a-b1c2-0283d43e69e4@group-576F86D54FC4-LeaderElection85] INFO  server.RaftServerConfigKeys (ConfUtils.java:logGet(43)) - raft.server.log.appender.snapshot.chunk.size.max = 16MB (=16777216) (default)
2019-11-08 16:13:11,825 [c0c4966b-a29b-458a-b1c2-0283d43e69e4@group-576F86D54FC4-LeaderElection85] INFO  server.RaftServerConfigKeys (ConfUtils.java:logGet(43)) - raft.server.log.appender.buffer.byte-limit = 33554432 (custom)
2019-11-08 16:13:11,825 [c0c4966b-a29b-458a-b1c2-0283d43e69e4@group-576F86D54FC4-LeaderElection85] INFO  server.RaftServerConfigKeys (ConfUtils.java:logGet(43)) - raft.server.log.appender.buffer.element-limit = 1 (custom)
2019-11-08 16:13:11,826 [c0c4966b-a29b-458a-b1c2-0283d43e69e4@group-576F86D54FC4-LeaderElection85] INFO  grpc.GrpcConfigKeys$Server (ConfUtils.java:logGet(43)) - raft.grpc.server.leader.outstanding.appends.max = 128 (default)
2019-11-08 16:13:11,826 [c0c4966b-a29b-458a-b1c2-0283d43e69e4@group-576F86D54FC4-LeaderElection85] INFO  server.RaftServerConfigKeys (ConfUtils.java:logGet(43)) - raft.server.rpc.request.timeout = 3000ms (default)
2019-11-08 16:13:11,826 [c0c4966b-a29b-458a-b1c2-0283d43e69e4@group-576F86D54FC4-LeaderElection85] INFO  server.RaftServerConfigKeys (ConfUtils.java:logGet(43)) - raft.server.log.appender.install.snapshot.enabled = false (custom)
2019-11-08 16:13:11,826 [c0c4966b-a29b-458a-b1c2-0283d43e69e4@group-576F86D54FC4-LeaderElection85] INFO  impl.RoleInfo (RoleInfo.java:updateAndGet(143)) - c0c4966b-a29b-458a-b1c2-0283d43e69e4: start LeaderState
2019-11-08 16:13:11,826 [c0c4966b-a29b-458a-b1c2-0283d43e69e4@group-576F86D54FC4-LeaderElection85] INFO  segmented.SegmentedRaftLogWorker (SegmentedRaftLogWorker.java:startLogSegment(385)) - c0c4966b-a29b-458a-b1c2-0283d43e69e4@group-576F86D54FC4-SegmentedRaftLogWorker: Starting segment from index:0
2019-11-08 16:13:11,824 [c0c4966b-a29b-458a-b1c2-0283d43e69e4@group-E0D71A37EFC9-LeaderElection89] INFO  impl.RoleInfo (RoleInfo.java:updateAndGet(143)) - c0c4966b-a29b-458a-b1c2-0283d43e69e4: start FollowerState
2019-11-08 16:13:11,822 [4c8858b5-dd34-4dfa-8a80-c1e60ab9590b@group-C086F38B8249-LeaderElection83] INFO  server.RaftServerConfigKeys (ConfUtils.java:logGet(43)) - raft.server.staging.catchup.gap = 1000 (default)
2019-11-08 16:13:11,825 [c0c4966b-a29b-458a-b1c2-0283d43e69e4@group-236248FFE1E3-LeaderElection88] INFO  server.RaftServerConfigKeys (ConfUtils.java:logGet(43)) - raft.server.rpc.sleep.time = 25ms (default)
2019-11-08 16:13:11,827 [4c8858b5-dd34-4dfa-8a80-c1e60ab9590b@group-C086F38B8249-LeaderElection83] INFO  server.RaftServerConfigKeys (ConfUtils.java:logGet(43)) - raft.server.rpc.sleep.time = 25ms (default)
2019-11-08 16:13:11,827 [4c8858b5-dd34-4dfa-8a80-c1e60ab9590b@group-C086F38B8249-LeaderElection83] INFO  server.RaftServerConfigKeys (ConfUtils.java:logGet(43)) - raft.server.write.element-limit = 4096 (default)
2019-11-08 16:13:11,827 [c0c4966b-a29b-458a-b1c2-0283d43e69e4@group-576F86D54FC4-LeaderElection85] INFO  impl.RaftServerImpl (ServerState.java:setRaftConf(356)) - c0c4966b-a29b-458a-b1c2-0283d43e69e4@group-576F86D54FC4: set configuration 0: [4c8858b5-dd34-4dfa-8a80-c1e60ab9590b:192.168.69.121:43670, c0c4966b-a29b-458a-b1c2-0283d43e69e4:192.168.69.121:46426, fdaf92da-19a4-414a-af4c-01715acef4ce:192.168.69.121:37869], old=null at 0
2019-11-08 16:13:11,827 [c0c4966b-a29b-458a-b1c2-0283d43e69e4@group-236248FFE1E3-LeaderElection88] INFO  server.RaftServerConfigKeys (ConfUtils.java:logGet(43)) - raft.server.write.element-limit = 4096 (default)
2019-11-08 16:13:11,827 [4c8858b5-dd34-4dfa-8a80-c1e60ab9590b@group-C086F38B8249-LeaderElection83] INFO  server.RaftServerConfigKeys (ConfUtils.java:logGet(43)) - raft.server.watch.timeout = 10s (default)
2019-11-08 16:13:11,827 [c0c4966b-a29b-458a-b1c2-0283d43e69e4@group-236248FFE1E3-LeaderElection88] INFO  server.RaftServerConfigKeys (ConfUtils.java:logGet(43)) - raft.server.watch.timeout = 10s (default)
2019-11-08 16:13:11,827 [4c8858b5-dd34-4dfa-8a80-c1e60ab9590b@group-C086F38B8249-LeaderElection83] INFO  server.RaftServerConfigKeys (ConfUtils.java:logGet(43)) - raft.server.watch.timeout.denomination = 1s (default)
2019-11-08 16:13:11,829 [c0c4966b-a29b-458a-b1c2-0283d43e69e4@group-236248FFE1E3-LeaderElection88] INFO  server.RaftServerConfigKeys (ConfUtils.java:logGet(43)) - raft.server.watch.timeout.denomination = 1s (default)
2019-11-08 16:13:11,829 [4c8858b5-dd34-4dfa-8a80-c1e60ab9590b@group-C086F38B8249-LeaderElection83] INFO  server.RaftServerConfigKeys (ConfUtils.java:logGet(43)) - raft.server.watch.element-limit = 65536 (default)
2019-11-08 16:13:11,829 [c0c4966b-a29b-458a-b1c2-0283d43e69e4@group-236248FFE1E3-LeaderElection88] INFO  server.RaftServerConfigKeys (ConfUtils.java:logGet(43)) - raft.server.watch.element-limit = 65536 (default)
2019-11-08 16:13:11,829 [fdaf92da-19a4-414a-af4c-01715acef4ce@group-E0D71A37EFC9-LeaderElection86] INFO  impl.LeaderElection (LeaderElection.java:logAndReturn(56)) - fdaf92da-19a4-414a-af4c-01715acef4ce@group-E0D71A37EFC9-LeaderElection86: Election REJECTED; received 2 response(s) [fdaf92da-19a4-414a-af4c-01715acef4ce<-4c8858b5-dd34-4dfa-8a80-c1e60ab9590b#0:FAIL-t1, fdaf92da-19a4-414a-af4c-01715acef4ce<-c0c4966b-a29b-458a-b1c2-0283d43e69e4#0:FAIL-t1] and 0 exception(s); fdaf92da-19a4-414a-af4c-01715acef4ce@group-E0D71A37EFC9:t1, leader=null, voted=fdaf92da-19a4-414a-af4c-01715acef4ce, raftlog=fdaf92da-19a4-414a-af4c-01715acef4ce@group-E0D71A37EFC9-SegmentedRaftLog:OPENED:c-1,f-1,i0, conf=-1: [4c8858b5-dd34-4dfa-8a80-c1e60ab9590b:192.168.69.121:43670, c0c4966b-a29b-458a-b1c2-0283d43e69e4:192.168.69.121:46426, fdaf92da-19a4-414a-af4c-01715acef4ce:192.168.69.121:37869], old=null
2019-11-08 16:13:11,829 [c0c4966b-a29b-458a-b1c2-0283d43e69e4@group-236248FFE1E3-LeaderElection88] INFO  impl.RoleInfo (RoleInfo.java:updateAndGet(143)) - c0c4966b-a29b-458a-b1c2-0283d43e69e4: start LeaderState
2019-11-08 16:13:11,829 [4c8858b5-dd34-4dfa-8a80-c1e60ab9590b@group-C086F38B8249-LeaderElection83] INFO  server.RaftServerConfigKeys (ConfUtils.java:logGet(43)) - raft.server.log.appender.snapshot.chunk.size.max = 16MB (=16777216) (default)
2019-11-08 16:13:11,830 [c0c4966b-a29b-458a-b1c2-0283d43e69e4@group-236248FFE1E3-LeaderElection88] INFO  segmented.SegmentedRaftLogWorker (SegmentedRaftLogWorker.java:startLogSegment(385)) - c0c4966b-a29b-458a-b1c2-0283d43e69e4@group-236248FFE1E3-SegmentedRaftLogWorker: Starting segment from index:0
2019-11-08 16:13:11,830 [4c8858b5-dd34-4dfa-8a80-c1e60ab9590b@group-C086F38B8249-LeaderElection83] INFO  server.RaftServerConfigKeys (ConfUtils.java:logGet(43)) - raft.server.log.appender.buffer.byte-limit = 33554432 (custom)
2019-11-08 16:13:11,830 [grpc-default-executor-0] INFO  impl.RaftServerImpl (ServerState.java:setLeader(255)) - 4c8858b5-dd34-4dfa-8a80-c1e60ab9590b@group-576F86D54FC4: change Leader from null to c0c4966b-a29b-458a-b1c2-0283d43e69e4 at term 4 for appendEntries, leader elected after 18338ms
2019-11-08 16:13:11,829 [fdaf92da-19a4-414a-af4c-01715acef4ce@group-E0D71A37EFC9-LeaderElection86] INFO  impl.RaftServerImpl (RaftServerImpl.java:setRole(173)) - fdaf92da-19a4-414a-af4c-01715acef4ce@group-E0D71A37EFC9: changes role from CANDIDATE to FOLLOWER at term 1 for DISCOVERED_A_NEW_TERM
2019-11-08 16:13:11,830 [c0c4966b-a29b-458a-b1c2-0283d43e69e4@group-236248FFE1E3-LeaderElection88] INFO  impl.RaftServerImpl (ServerState.java:setRaftConf(356)) - c0c4966b-a29b-458a-b1c2-0283d43e69e4@group-236248FFE1E3: set configuration 0: [c0c4966b-a29b-458a-b1c2-0283d43e69e4:192.168.69.121:46426], old=null at 0
2019-11-08 16:13:11,830 [4c8858b5-dd34-4dfa-8a80-c1e60ab9590b@group-C086F38B8249-LeaderElection83] INFO  server.RaftServerConfigKeys (ConfUtils.java:logGet(43)) - raft.server.log.appender.buffer.element-limit = 1 (custom)
2019-11-08 16:13:11,830 [grpc-default-executor-4] INFO  impl.RaftServerImpl (ServerState.java:setLeader(255)) - fdaf92da-19a4-414a-af4c-01715acef4ce@group-576F86D54FC4: change Leader from null to c0c4966b-a29b-458a-b1c2-0283d43e69e4 at term 4 for appendEntries, leader elected after 6592ms
2019-11-08 16:13:11,831 [4c8858b5-dd34-4dfa-8a80-c1e60ab9590b@group-C086F38B8249-LeaderElection83] INFO  grpc.GrpcConfigKeys$Server (ConfUtils.java:logGet(43)) - raft.grpc.server.leader.outstanding.appends.max = 128 (default)
2019-11-08 16:13:11,830 [fdaf92da-19a4-414a-af4c-01715acef4ce@group-E0D71A37EFC9-LeaderElection86] INFO  impl.RoleInfo (RoleInfo.java:shutdownLeaderElection(134)) - fdaf92da-19a4-414a-af4c-01715acef4ce: shutdown LeaderElection
2019-11-08 16:13:11,831 [4c8858b5-dd34-4dfa-8a80-c1e60ab9590b@group-C086F38B8249-LeaderElection83] INFO  server.RaftServerConfigKeys (ConfUtils.java:logGet(43)) - raft.server.rpc.request.timeout = 3000ms (default)
2019-11-08 16:13:11,831 [fdaf92da-19a4-414a-af4c-01715acef4ce@group-E0D71A37EFC9-LeaderElection86] INFO  impl.RoleInfo (RoleInfo.java:updateAndGet(143)) - fdaf92da-19a4-414a-af4c-01715acef4ce: start FollowerState
2019-11-08 16:13:11,831 [4c8858b5-dd34-4dfa-8a80-c1e60ab9590b@group-C086F38B8249-LeaderElection83] INFO  server.RaftServerConfigKeys (ConfUtils.java:logGet(43)) - raft.server.log.appender.install.snapshot.enabled = false (custom)
2019-11-08 16:13:11,831 [4c8858b5-dd34-4dfa-8a80-c1e60ab9590b@group-C086F38B8249-LeaderElection83] WARN  impl.MetricRegistriesImpl (MetricRegistriesImpl.java:lambda$create$1(61)) - First MetricRegistry has been created without registering reporters. You may need to call MetricRegistries.global().addReportRegistration(...) before.
2019-11-08 16:13:11,832 [c0c4966b-a29b-458a-b1c2-0283d43e69e4@group-C086F38B8249-LeaderElection90] INFO  impl.LeaderElection (LeaderElection.java:askForVotes(178)) - c0c4966b-a29b-458a-b1c2-0283d43e69e4@group-C086F38B8249-LeaderElection90: begin an election at term 2 for -1: [4c8858b5-dd34-4dfa-8a80-c1e60ab9590b:192.168.69.121:43670, c0c4966b-a29b-458a-b1c2-0283d43e69e4:192.168.69.121:46426, fdaf92da-19a4-414a-af4c-01715acef4ce:192.168.69.121:37869], old=null
2019-11-08 16:13:11,832 [4c8858b5-dd34-4dfa-8a80-c1e60ab9590b@group-C086F38B8249-LeaderElection83] INFO  server.RaftServerConfigKeys (ConfUtils.java:logGet(43)) - raft.server.log.appender.snapshot.chunk.size.max = 16MB (=16777216) (default)
2019-11-08 16:13:11,832 [4c8858b5-dd34-4dfa-8a80-c1e60ab9590b@group-C086F38B8249-LeaderElection83] INFO  server.RaftServerConfigKeys (ConfUtils.java:logGet(43)) - raft.server.log.appender.buffer.byte-limit = 33554432 (custom)
2019-11-08 16:13:11,832 [4c8858b5-dd34-4dfa-8a80-c1e60ab9590b@group-C086F38B8249-LeaderElection83] INFO  server.RaftServerConfigKeys (ConfUtils.java:logGet(43)) - raft.server.log.appender.buffer.element-limit = 1 (custom)
2019-11-08 16:13:11,832 [grpc-default-executor-0] INFO  impl.RaftServerImpl (ServerState.java:setRaftConf(356)) - 4c8858b5-dd34-4dfa-8a80-c1e60ab9590b@group-576F86D54FC4: set configuration 0: [4c8858b5-dd34-4dfa-8a80-c1e60ab9590b:192.168.69.121:43670, c0c4966b-a29b-458a-b1c2-0283d43e69e4:192.168.69.121:46426, fdaf92da-19a4-414a-af4c-01715acef4ce:192.168.69.121:37869], old=null at 0
2019-11-08 16:13:11,833 [4c8858b5-dd34-4dfa-8a80-c1e60ab9590b@group-C086F38B8249-LeaderElection83] INFO  grpc.GrpcConfigKeys$Server (ConfUtils.java:logGet(43)) - raft.grpc.server.leader.outstanding.appends.max = 128 (default)
2019-11-08 16:13:11,832 [grpc-default-executor-4] INFO  impl.RaftServerImpl (ServerState.java:setRaftConf(356)) - fdaf92da-19a4-414a-af4c-01715acef4ce@group-576F86D54FC4: set configuration 0: [4c8858b5-dd34-4dfa-8a80-c1e60ab9590b:192.168.69.121:43670, c0c4966b-a29b-458a-b1c2-0283d43e69e4:192.168.69.121:46426, fdaf92da-19a4-414a-af4c-01715acef4ce:192.168.69.121:37869], old=null at 0
2019-11-08 16:13:11,833 [c0c4966b-a29b-458a-b1c2-0283d43e69e4@group-C086F38B8249-LeaderElection90] INFO  impl.LeaderElection (LeaderElection.java:logAndReturn(56)) - c0c4966b-a29b-458a-b1c2-0283d43e69e4@group-C086F38B8249-LeaderElection90: Election REJECTED; received 0 response(s) [] and 0 exception(s); c0c4966b-a29b-458a-b1c2-0283d43e69e4@group-C086F38B8249:t2, leader=null, voted=c0c4966b-a29b-458a-b1c2-0283d43e69e4, raftlog=c0c4966b-a29b-458a-b1c2-0283d43e69e4@group-C086F38B8249-SegmentedRaftLog:OPENED:c-1,f-1,i0, conf=-1: [4c8858b5-dd34-4dfa-8a80-c1e60ab9590b:192.168.69.121:43670, c0c4966b-a29b-458a-b1c2-0283d43e69e4:192.168.69.121:46426, fdaf92da-19a4-414a-af4c-01715acef4ce:192.168.69.121:37869], old=null
2019-11-08 16:13:11,833 [4c8858b5-dd34-4dfa-8a80-c1e60ab9590b@group-C086F38B8249-LeaderElection83] INFO  server.RaftServerConfigKeys (ConfUtils.java:logGet(43)) - raft.server.rpc.request.timeout = 3000ms (default)
2019-11-08 16:13:11,833 [grpc-default-executor-0] INFO  segmented.SegmentedRaftLogWorker (SegmentedRaftLogWorker.java:startLogSegment(385)) - 4c8858b5-dd34-4dfa-8a80-c1e60ab9590b@group-576F86D54FC4-SegmentedRaftLogWorker: Starting segment from index:0
2019-11-08 16:13:11,833 [4c8858b5-dd34-4dfa-8a80-c1e60ab9590b@group-C086F38B8249-LeaderElection83] INFO  server.RaftServerConfigKeys (ConfUtils.java:logGet(43)) - raft.server.log.appender.install.snapshot.enabled = false (custom)
2019-11-08 16:13:11,834 [4c8858b5-dd34-4dfa-8a80-c1e60ab9590b@group-C086F38B8249-LeaderElection83] INFO  impl.RoleInfo (RoleInfo.java:updateAndGet(143)) - 4c8858b5-dd34-4dfa-8a80-c1e60ab9590b: start LeaderState
2019-11-08 16:13:11,833 [grpc-default-executor-4] INFO  segmented.SegmentedRaftLogWorker (SegmentedRaftLogWorker.java:startLogSegment(385)) - fdaf92da-19a4-414a-af4c-01715acef4ce@group-576F86D54FC4-SegmentedRaftLogWorker: Starting segment from index:0
2019-11-08 16:13:11,861 [4c8858b5-dd34-4dfa-8a80-c1e60ab9590b@group-C086F38B8249-LeaderElection83] INFO  segmented.SegmentedRaftLogWorker (SegmentedRaftLogWorker.java:startLogSegment(385)) - 4c8858b5-dd34-4dfa-8a80-c1e60ab9590b@group-C086F38B8249-SegmentedRaftLogWorker: Starting segment from index:0
2019-11-08 16:13:11,861 [grpc-default-executor-0] INFO  impl.RaftServerImpl (RaftServerImpl.java:setRole(173)) - fdaf92da-19a4-414a-af4c-01715acef4ce@group-C086F38B8249: changes role from  FOLLOWER to FOLLOWER at term 2 for recognizeCandidate:c0c4966b-a29b-458a-b1c2-0283d43e69e4
2019-11-08 16:13:11,861 [grpc-default-executor-0] INFO  impl.RoleInfo (RoleInfo.java:shutdownFollowerState(121)) - fdaf92da-19a4-414a-af4c-01715acef4ce: shutdown FollowerState
2019-11-08 16:13:11,863 [Thread-1878] INFO  impl.FollowerState (FollowerState.java:run(120)) - fdaf92da-19a4-414a-af4c-01715acef4ce@group-C086F38B8249-FollowerState was interrupted: java.lang.InterruptedException: sleep interrupted
2019-11-08 16:13:11,863 [4c8858b5-dd34-4dfa-8a80-c1e60ab9590b@group-C086F38B8249-LeaderElection83] INFO  impl.RaftServerImpl (ServerState.java:setRaftConf(356)) - 4c8858b5-dd34-4dfa-8a80-c1e60ab9590b@group-C086F38B8249: set configuration 0: [4c8858b5-dd34-4dfa-8a80-c1e60ab9590b:192.168.69.121:43670, c0c4966b-a29b-458a-b1c2-0283d43e69e4:192.168.69.121:46426, fdaf92da-19a4-414a-af4c-01715acef4ce:192.168.69.121:37869], old=null at 0
2019-11-08 16:13:11,863 [grpc-default-executor-0] INFO  impl.RoleInfo (RoleInfo.java:updateAndGet(143)) - fdaf92da-19a4-414a-af4c-01715acef4ce: start FollowerState
2019-11-08 16:13:11,863 [grpc-default-executor-2] INFO  impl.RaftServerImpl (ServerState.java:setLeader(255)) - 4c8858b5-dd34-4dfa-8a80-c1e60ab9590b@group-C086F38B8249: change Leader from 4c8858b5-dd34-4dfa-8a80-c1e60ab9590b to null at term 2 for updateCurrentTerm
2019-11-08 16:13:11,863 [grpc-default-executor-2] INFO  impl.RaftServerImpl (RaftServerImpl.java:setRole(173)) - 4c8858b5-dd34-4dfa-8a80-c1e60ab9590b@group-C086F38B8249: changes role from    LEADER to FOLLOWER at term 2 for recognizeCandidate:c0c4966b-a29b-458a-b1c2-0283d43e69e4
2019-11-08 16:13:11,894 [4c8858b5-dd34-4dfa-8a80-c1e60ab9590b@group-576F86D54FC4-SegmentedRaftLogWorker] INFO  segmented.SegmentedRaftLogWorker (SegmentedRaftLogWorker.java:execute(576)) - 4c8858b5-dd34-4dfa-8a80-c1e60ab9590b@group-576F86D54FC4-SegmentedRaftLogWorker: created new log segment /workdir/hadoop-ozone/integration-test/target/test-dir/MiniOzoneClusterImpl-d855ef0a-1308-4748-ba6a-889d1c87fb48/datanode-7/data/ratis/b59d3b04-e3e2-49d0-b121-576f86d54fc4/current/log_inprogress_0
2019-11-08 16:13:11,895 [c0c4966b-a29b-458a-b1c2-0283d43e69e4@group-576F86D54FC4-SegmentedRaftLogWorker] INFO  segmented.SegmentedRaftLogWorker (SegmentedRaftLogWorker.java:execute(576)) - c0c4966b-a29b-458a-b1c2-0283d43e69e4@group-576F86D54FC4-SegmentedRaftLogWorker: created new log segment /workdir/hadoop-ozone/integration-test/target/test-dir/MiniOzoneClusterImpl-d855ef0a-1308-4748-ba6a-889d1c87fb48/datanode-6/data/ratis/b59d3b04-e3e2-49d0-b121-576f86d54fc4/current/log_inprogress_0
2019-11-08 16:13:11,895 [grpc-default-executor-2] INFO  impl.RoleInfo (RoleInfo.java:shutdownLeaderState(104)) - 4c8858b5-dd34-4dfa-8a80-c1e60ab9590b: shutdown LeaderState
2019-11-08 16:13:11,894 [c0c4966b-a29b-458a-b1c2-0283d43e69e4@group-236248FFE1E3-SegmentedRaftLogWorker] INFO  segmented.SegmentedRaftLogWorker (SegmentedRaftLogWorker.java:execute(576)) - c0c4966b-a29b-458a-b1c2-0283d43e69e4@group-236248FFE1E3-SegmentedRaftLogWorker: created new log segment /workdir/hadoop-ozone/integration-test/target/test-dir/MiniOzoneClusterImpl-d855ef0a-1308-4748-ba6a-889d1c87fb48/datanode-6/data/ratis/aed16978-eb8c-4ad8-b689-236248ffe1e3/current/log_inprogress_0
2019-11-08 16:13:11,897 [org.apache.ratis.server.impl.LogAppender$AppenderDaemon$$Lambda$502/1059916708@37ec2302] WARN  server.GrpcLogAppender (GrpcLogAppender.java:mayWait(151)) - 4c8858b5-dd34-4dfa-8a80-c1e60ab9590b@group-C086F38B8249->fdaf92da-19a4-414a-af4c-01715acef4ce-GrpcLogAppender: Wait interrupted by java.lang.InterruptedException
2019-11-08 16:13:11,897 [grpc-default-executor-2] INFO  impl.PendingRequests (PendingRequests.java:sendNotLeaderResponses(206)) - 4c8858b5-dd34-4dfa-8a80-c1e60ab9590b@group-C086F38B8249-PendingRequests: sendNotLeaderResponses
2019-11-08 16:13:11,897 [org.apache.ratis.server.impl.LogAppender$AppenderDaemon$$Lambda$502/1059916708@72eeb33b] WARN  server.GrpcLogAppender (GrpcLogAppender.java:mayWait(151)) - 4c8858b5-dd34-4dfa-8a80-c1e60ab9590b@group-C086F38B8249->c0c4966b-a29b-458a-b1c2-0283d43e69e4-GrpcLogAppender: Wait interrupted by java.lang.InterruptedException
2019-11-08 16:13:11,898 [grpc-default-executor-2] INFO  impl.RoleInfo (RoleInfo.java:updateAndGet(143)) - 4c8858b5-dd34-4dfa-8a80-c1e60ab9590b: start FollowerState
2019-11-08 16:13:11,898 [grpc-default-executor-8] INFO  server.GrpcServerProtocolService (GrpcServerProtocolService.java:onCompleted(113)) - c0c4966b-a29b-458a-b1c2-0283d43e69e4: Completed APPEND_ENTRIES, lastRequest: 4c8858b5-dd34-4dfa-8a80-c1e60ab9590b->c0c4966b-a29b-458a-b1c2-0283d43e69e4#0-t1, previous=(t:0, i:0), leaderCommit=-1, initializing? false, entries: <empty>
2019-11-08 16:13:11,907 [fdaf92da-19a4-414a-af4c-01715acef4ce@group-576F86D54FC4-SegmentedRaftLogWorker] INFO  segmented.SegmentedRaftLogWorker (SegmentedRaftLogWorker.java:execute(576)) - fdaf92da-19a4-414a-af4c-01715acef4ce@group-576F86D54FC4-SegmentedRaftLogWorker: created new log segment /workdir/hadoop-ozone/integration-test/target/test-dir/MiniOzoneClusterImpl-d855ef0a-1308-4748-ba6a-889d1c87fb48/datanode-0/data/ratis/b59d3b04-e3e2-49d0-b121-576f86d54fc4/current/log_inprogress_0
2019-11-08 16:13:11,907 [4c8858b5-dd34-4dfa-8a80-c1e60ab9590b@group-C086F38B8249-SegmentedRaftLogWorker] INFO  segmented.SegmentedRaftLogWorker (SegmentedRaftLogWorker.java:execute(576)) - 4c8858b5-dd34-4dfa-8a80-c1e60ab9590b@group-C086F38B8249-SegmentedRaftLogWorker: created new log segment /workdir/hadoop-ozone/integration-test/target/test-dir/MiniOzoneClusterImpl-d855ef0a-1308-4748-ba6a-889d1c87fb48/datanode-7/data/ratis/a71fd116-29bc-4d79-913f-c086f38b8249/current/log_inprogress_0
2019-11-08 16:13:11,914 [grpc-default-executor-4] INFO  server.GrpcLogAppender (GrpcLogAppender.java:onCompleted(308)) - 4c8858b5-dd34-4dfa-8a80-c1e60ab9590b@group-C086F38B8249->c0c4966b-a29b-458a-b1c2-0283d43e69e4-AppendLogResponseHandler: follower responses appendEntries COMPLETED
2019-11-08 16:13:11,914 [grpc-default-executor-7] INFO  server.GrpcServerProtocolService (GrpcServerProtocolService.java:onCompleted(113)) - fdaf92da-19a4-414a-af4c-01715acef4ce: Completed APPEND_ENTRIES, lastRequest: 4c8858b5-dd34-4dfa-8a80-c1e60ab9590b->fdaf92da-19a4-414a-af4c-01715acef4ce#0-t1, previous=(t:0, i:0), leaderCommit=-1, initializing? false, entries: <empty>
2019-11-08 16:13:11,915 [grpc-default-executor-4] INFO  impl.FollowerInfo (FollowerInfo.java:lambda$new$0(51)) - 4c8858b5-dd34-4dfa-8a80-c1e60ab9590b@group-C086F38B8249->c0c4966b-a29b-458a-b1c2-0283d43e69e4: nextIndex: updateUnconditionally 0 -> 0
2019-11-08 16:13:11,915 [grpc-default-executor-2] INFO  server.GrpcLogAppender (GrpcLogAppender.java:onCompleted(308)) - 4c8858b5-dd34-4dfa-8a80-c1e60ab9590b@group-C086F38B8249->fdaf92da-19a4-414a-af4c-01715acef4ce-AppendLogResponseHandler: follower responses appendEntries COMPLETED
2019-11-08 16:13:11,915 [grpc-default-executor-2] INFO  impl.FollowerInfo (FollowerInfo.java:lambda$new$0(51)) - 4c8858b5-dd34-4dfa-8a80-c1e60ab9590b@group-C086F38B8249->fdaf92da-19a4-414a-af4c-01715acef4ce: nextIndex: updateUnconditionally 0 -> 0
2019-11-08 16:13:12,828 [Thread-1877] INFO  impl.FollowerState (FollowerState.java:run(111)) - c0c4966b-a29b-458a-b1c2-0283d43e69e4@group-C086F38B8249-FollowerState: change to CANDIDATE, lastRpcTime:1025ms, electionTimeout:1023ms
2019-11-08 16:13:12,828 [Thread-1877] INFO  impl.RoleInfo (RoleInfo.java:shutdownFollowerState(121)) - c0c4966b-a29b-458a-b1c2-0283d43e69e4: shutdown FollowerState
2019-11-08 16:13:12,828 [Thread-1877] INFO  impl.RaftServerImpl (RaftServerImpl.java:setRole(173)) - c0c4966b-a29b-458a-b1c2-0283d43e69e4@group-C086F38B8249: changes role from  FOLLOWER to CANDIDATE at term 2 for changeToCandidate
2019-11-08 16:13:12,828 [Thread-1877] INFO  impl.RoleInfo (RoleInfo.java:updateAndGet(143)) - c0c4966b-a29b-458a-b1c2-0283d43e69e4: start LeaderElection
2019-11-08 16:13:12,851 [c0c4966b-a29b-458a-b1c2-0283d43e69e4@group-C086F38B8249-LeaderElection91] INFO  impl.LeaderElection (LeaderElection.java:askForVotes(178)) - c0c4966b-a29b-458a-b1c2-0283d43e69e4@group-C086F38B8249-LeaderElection91: begin an election at term 3 for -1: [4c8858b5-dd34-4dfa-8a80-c1e60ab9590b:192.168.69.121:43670, c0c4966b-a29b-458a-b1c2-0283d43e69e4:192.168.69.121:46426, fdaf92da-19a4-414a-af4c-01715acef4ce:192.168.69.121:37869], old=null
2019-11-08 16:13:12,853 [grpc-default-executor-2] INFO  impl.RaftServerImpl (RaftServerImpl.java:setRole(173)) - 4c8858b5-dd34-4dfa-8a80-c1e60ab9590b@group-C086F38B8249: changes role from  FOLLOWER to FOLLOWER at term 3 for recognizeCandidate:c0c4966b-a29b-458a-b1c2-0283d43e69e4
2019-11-08 16:13:12,853 [grpc-default-executor-4] INFO  impl.RaftServerImpl (RaftServerImpl.java:setRole(173)) - fdaf92da-19a4-414a-af4c-01715acef4ce@group-C086F38B8249: changes role from  FOLLOWER to FOLLOWER at term 3 for recognizeCandidate:c0c4966b-a29b-458a-b1c2-0283d43e69e4
2019-11-08 16:13:12,856 [grpc-default-executor-2] INFO  impl.RoleInfo (RoleInfo.java:shutdownFollowerState(121)) - 4c8858b5-dd34-4dfa-8a80-c1e60ab9590b: shutdown FollowerState
2019-11-08 16:13:12,856 [grpc-default-executor-4] INFO  impl.RoleInfo (RoleInfo.java:shutdownFollowerState(121)) - fdaf92da-19a4-414a-af4c-01715acef4ce: shutdown FollowerState
2019-11-08 16:13:12,856 [Thread-1903] INFO  impl.FollowerState (FollowerState.java:run(120)) - 4c8858b5-dd34-4dfa-8a80-c1e60ab9590b@group-C086F38B8249-FollowerState was interrupted: java.lang.InterruptedException: sleep interrupted
2019-11-08 16:13:12,856 [grpc-default-executor-2] INFO  impl.RoleInfo (RoleInfo.java:updateAndGet(143)) - 4c8858b5-dd34-4dfa-8a80-c1e60ab9590b: start FollowerState
2019-11-08 16:13:12,856 [grpc-default-executor-4] INFO  impl.RoleInfo (RoleInfo.java:updateAndGet(143)) - fdaf92da-19a4-414a-af4c-01715acef4ce: start FollowerState
2019-11-08 16:13:12,856 [Thread-1901] INFO  impl.FollowerState (FollowerState.java:run(120)) - fdaf92da-19a4-414a-af4c-01715acef4ce@group-C086F38B8249-FollowerState was interrupted: java.lang.InterruptedException: sleep interrupted
2019-11-08 16:13:12,871 [c0c4966b-a29b-458a-b1c2-0283d43e69e4@group-C086F38B8249-LeaderElection91] INFO  impl.LeaderElection (LeaderElection.java:logAndReturn(56)) - c0c4966b-a29b-458a-b1c2-0283d43e69e4@group-C086F38B8249-LeaderElection91: Election PASSED; received 2 response(s) [c0c4966b-a29b-458a-b1c2-0283d43e69e4<-4c8858b5-dd34-4dfa-8a80-c1e60ab9590b#0:FAIL-t3, c0c4966b-a29b-458a-b1c2-0283d43e69e4<-fdaf92da-19a4-414a-af4c-01715acef4ce#0:OK-t3] and 0 exception(s); c0c4966b-a29b-458a-b1c2-0283d43e69e4@group-C086F38B8249:t3, leader=null, voted=c0c4966b-a29b-458a-b1c2-0283d43e69e4, raftlog=c0c4966b-a29b-458a-b1c2-0283d43e69e4@group-C086F38B8249-SegmentedRaftLog:OPENED:c-1,f-1,i0, conf=-1: [4c8858b5-dd34-4dfa-8a80-c1e60ab9590b:192.168.69.121:43670, c0c4966b-a29b-458a-b1c2-0283d43e69e4:192.168.69.121:46426, fdaf92da-19a4-414a-af4c-01715acef4ce:192.168.69.121:37869], old=null
2019-11-08 16:13:12,871 [c0c4966b-a29b-458a-b1c2-0283d43e69e4@group-C086F38B8249-LeaderElection91] INFO  impl.RoleInfo (RoleInfo.java:shutdownLeaderElection(134)) - c0c4966b-a29b-458a-b1c2-0283d43e69e4: shutdown LeaderElection
2019-11-08 16:13:12,871 [c0c4966b-a29b-458a-b1c2-0283d43e69e4@group-C086F38B8249-LeaderElection91] INFO  impl.RaftServerImpl (RaftServerImpl.java:setRole(173)) - c0c4966b-a29b-458a-b1c2-0283d43e69e4@group-C086F38B8249: changes role from CANDIDATE to LEADER at term 3 for changeToLeader
2019-11-08 16:13:12,872 [c0c4966b-a29b-458a-b1c2-0283d43e69e4@group-C086F38B8249-LeaderElection91] INFO  impl.RaftServerImpl (ServerState.java:setLeader(255)) - c0c4966b-a29b-458a-b1c2-0283d43e69e4@group-C086F38B8249: change Leader from null to c0c4966b-a29b-458a-b1c2-0283d43e69e4 at term 3 for becomeLeader, leader elected after 2172ms
2019-11-08 16:13:12,872 [c0c4966b-a29b-458a-b1c2-0283d43e69e4@group-C086F38B8249-LeaderElection91] INFO  server.RaftServerConfigKeys (ConfUtils.java:logGet(43)) - raft.server.staging.catchup.gap = 1000 (default)
2019-11-08 16:13:12,872 [c0c4966b-a29b-458a-b1c2-0283d43e69e4@group-C086F38B8249-LeaderElection91] INFO  server.RaftServerConfigKeys (ConfUtils.java:logGet(43)) - raft.server.rpc.sleep.time = 25ms (default)
2019-11-08 16:13:12,872 [c0c4966b-a29b-458a-b1c2-0283d43e69e4@group-C086F38B8249-LeaderElection91] INFO  server.RaftServerConfigKeys (ConfUtils.java:logGet(43)) - raft.server.write.element-limit = 4096 (default)
2019-11-08 16:13:12,872 [c0c4966b-a29b-458a-b1c2-0283d43e69e4@group-C086F38B8249-LeaderElection91] INFO  server.RaftServerConfigKeys (ConfUtils.java:logGet(43)) - raft.server.watch.timeout = 10s (default)
2019-11-08 16:13:12,872 [c0c4966b-a29b-458a-b1c2-0283d43e69e4@group-C086F38B8249-LeaderElection91] INFO  server.RaftServerConfigKeys (ConfUtils.java:logGet(43)) - raft.server.watch.timeout.denomination = 1s (default)
2019-11-08 16:13:12,872 [c0c4966b-a29b-458a-b1c2-0283d43e69e4@group-C086F38B8249-LeaderElection91] INFO  server.RaftServerConfigKeys (ConfUtils.java:logGet(43)) - raft.server.watch.element-limit = 65536 (default)
2019-11-08 16:13:12,872 [c0c4966b-a29b-458a-b1c2-0283d43e69e4@group-C086F38B8249-LeaderElection91] INFO  server.RaftServerConfigKeys (ConfUtils.java:logGet(43)) - raft.server.log.appender.snapshot.chunk.size.max = 16MB (=16777216) (default)
2019-11-08 16:13:12,872 [c0c4966b-a29b-458a-b1c2-0283d43e69e4@group-C086F38B8249-LeaderElection91] INFO  server.RaftServerConfigKeys (ConfUtils.java:logGet(43)) - raft.server.log.appender.buffer.byte-limit = 33554432 (custom)
2019-11-08 16:13:12,873 [c0c4966b-a29b-458a-b1c2-0283d43e69e4@group-C086F38B8249-LeaderElection91] INFO  server.RaftServerConfigKeys (ConfUtils.java:logGet(43)) - raft.server.log.appender.buffer.element-limit = 1 (custom)
2019-11-08 16:13:12,873 [c0c4966b-a29b-458a-b1c2-0283d43e69e4@group-C086F38B8249-LeaderElection91] INFO  grpc.GrpcConfigKeys$Server (ConfUtils.java:logGet(43)) - raft.grpc.server.leader.outstanding.appends.max = 128 (default)
2019-11-08 16:13:12,873 [c0c4966b-a29b-458a-b1c2-0283d43e69e4@group-C086F38B8249-LeaderElection91] INFO  server.RaftServerConfigKeys (ConfUtils.java:logGet(43)) - raft.server.rpc.request.timeout = 3000ms (default)
2019-11-08 16:13:12,873 [c0c4966b-a29b-458a-b1c2-0283d43e69e4@group-C086F38B8249-LeaderElection91] INFO  server.RaftServerConfigKeys (ConfUtils.java:logGet(43)) - raft.server.log.appender.install.snapshot.enabled = false (custom)
2019-11-08 16:13:12,873 [c0c4966b-a29b-458a-b1c2-0283d43e69e4@group-C086F38B8249-LeaderElection91] WARN  impl.MetricRegistriesImpl (MetricRegistriesImpl.java:lambda$create$1(61)) - First MetricRegistry has been created without registering reporters. You may need to call MetricRegistries.global().addReportRegistration(...) before.
2019-11-08 16:13:12,873 [c0c4966b-a29b-458a-b1c2-0283d43e69e4@group-C086F38B8249-LeaderElection91] INFO  server.RaftServerConfigKeys (ConfUtils.java:logGet(43)) - raft.server.log.appender.snapshot.chunk.size.max = 16MB (=16777216) (default)
2019-11-08 16:13:12,873 [c0c4966b-a29b-458a-b1c2-0283d43e69e4@group-C086F38B8249-LeaderElection91] INFO  server.RaftServerConfigKeys (ConfUtils.java:logGet(43)) - raft.server.log.appender.buffer.byte-limit = 33554432 (custom)
2019-11-08 16:13:12,873 [c0c4966b-a29b-458a-b1c2-0283d43e69e4@group-C086F38B8249-LeaderElection91] INFO  server.RaftServerConfigKeys (ConfUtils.java:logGet(43)) - raft.server.log.appender.buffer.element-limit = 1 (custom)
2019-11-08 16:13:12,873 [c0c4966b-a29b-458a-b1c2-0283d43e69e4@group-C086F38B8249-LeaderElection91] INFO  grpc.GrpcConfigKeys$Server (ConfUtils.java:logGet(43)) - raft.grpc.server.leader.outstanding.appends.max = 128 (default)
2019-11-08 16:13:12,874 [c0c4966b-a29b-458a-b1c2-0283d43e69e4@group-C086F38B8249-LeaderElection91] INFO  server.RaftServerConfigKeys (ConfUtils.java:logGet(43)) - raft.server.rpc.request.timeout = 3000ms (default)
2019-11-08 16:13:12,874 [c0c4966b-a29b-458a-b1c2-0283d43e69e4@group-C086F38B8249-LeaderElection91] INFO  server.RaftServerConfigKeys (ConfUtils.java:logGet(43)) - raft.server.log.appender.install.snapshot.enabled = false (custom)
2019-11-08 16:13:12,874 [c0c4966b-a29b-458a-b1c2-0283d43e69e4@group-C086F38B8249-LeaderElection91] INFO  impl.RoleInfo (RoleInfo.java:updateAndGet(143)) - c0c4966b-a29b-458a-b1c2-0283d43e69e4: start LeaderState
2019-11-08 16:13:12,874 [c0c4966b-a29b-458a-b1c2-0283d43e69e4@group-C086F38B8249-LeaderElection91] INFO  segmented.SegmentedRaftLogWorker (SegmentedRaftLogWorker.java:startLogSegment(385)) - c0c4966b-a29b-458a-b1c2-0283d43e69e4@group-C086F38B8249-SegmentedRaftLogWorker: Starting segment from index:0
2019-11-08 16:13:12,875 [c0c4966b-a29b-458a-b1c2-0283d43e69e4@group-C086F38B8249-LeaderElection91] INFO  impl.RaftServerImpl (ServerState.java:setRaftConf(356)) - c0c4966b-a29b-458a-b1c2-0283d43e69e4@group-C086F38B8249: set configuration 0: [4c8858b5-dd34-4dfa-8a80-c1e60ab9590b:192.168.69.121:43670, c0c4966b-a29b-458a-b1c2-0283d43e69e4:192.168.69.121:46426, fdaf92da-19a4-414a-af4c-01715acef4ce:192.168.69.121:37869], old=null at 0
2019-11-08 16:13:12,900 [Thread-1889] INFO  impl.FollowerState (FollowerState.java:run(111)) - c0c4966b-a29b-458a-b1c2-0283d43e69e4@group-E0D71A37EFC9-FollowerState: change to CANDIDATE, lastRpcTime:1075ms, electionTimeout:1066ms
2019-11-08 16:13:12,900 [Thread-1889] INFO  impl.RoleInfo (RoleInfo.java:shutdownFollowerState(121)) - c0c4966b-a29b-458a-b1c2-0283d43e69e4: shutdown FollowerState
2019-11-08 16:13:12,900 [Thread-1889] INFO  impl.RaftServerImpl (RaftServerImpl.java:setRole(173)) - c0c4966b-a29b-458a-b1c2-0283d43e69e4@group-E0D71A37EFC9: changes role from  FOLLOWER to CANDIDATE at term 1 for changeToCandidate
2019-11-08 16:13:12,900 [Thread-1889] INFO  impl.RoleInfo (RoleInfo.java:updateAndGet(143)) - c0c4966b-a29b-458a-b1c2-0283d43e69e4: start LeaderElection
2019-11-08 16:13:12,901 [grpc-default-executor-4] INFO  impl.RaftServerImpl (ServerState.java:setLeader(255)) - 4c8858b5-dd34-4dfa-8a80-c1e60ab9590b@group-C086F38B8249: change Leader from null to c0c4966b-a29b-458a-b1c2-0283d43e69e4 at term 3 for appendEntries, leader elected after 1038ms
2019-11-08 16:13:12,901 [grpc-default-executor-2] INFO  impl.RaftServerImpl (ServerState.java:setLeader(255)) - fdaf92da-19a4-414a-af4c-01715acef4ce@group-C086F38B8249: change Leader from null to c0c4966b-a29b-458a-b1c2-0283d43e69e4 at term 3 for appendEntries, leader elected after 2202ms
2019-11-08 16:13:12,904 [grpc-default-executor-4] INFO  impl.RaftServerImpl (ServerState.java:setRaftConf(356)) - 4c8858b5-dd34-4dfa-8a80-c1e60ab9590b@group-C086F38B8249: set configuration 0: [4c8858b5-dd34-4dfa-8a80-c1e60ab9590b:192.168.69.121:43670, c0c4966b-a29b-458a-b1c2-0283d43e69e4:192.168.69.121:46426, fdaf92da-19a4-414a-af4c-01715acef4ce:192.168.69.121:37869], old=null at 0
2019-11-08 16:13:12,904 [grpc-default-executor-7] INFO  impl.RaftServerImpl (ServerState.java:setRaftConf(356)) - fdaf92da-19a4-414a-af4c-01715acef4ce@group-C086F38B8249: set configuration 0: [4c8858b5-dd34-4dfa-8a80-c1e60ab9590b:192.168.69.121:43670, c0c4966b-a29b-458a-b1c2-0283d43e69e4:192.168.69.121:46426, fdaf92da-19a4-414a-af4c-01715acef4ce:192.168.69.121:37869], old=null at 0
2019-11-08 16:13:12,904 [grpc-default-executor-4] INFO  segmented.SegmentedRaftLogWorker (SegmentedRaftLogWorker.java:truncate(401)) - 4c8858b5-dd34-4dfa-8a80-c1e60ab9590b@group-C086F38B8249-SegmentedRaftLogWorker: Truncating segments toTruncate: null
  toDelete: [(0, 0) isOpen? true, length=0, newEndIndex=-1], start index 0
2019-11-08 16:13:12,904 [grpc-default-executor-7] INFO  segmented.SegmentedRaftLogWorker (SegmentedRaftLogWorker.java:startLogSegment(385)) - fdaf92da-19a4-414a-af4c-01715acef4ce@group-C086F38B8249-SegmentedRaftLogWorker: Starting segment from index:0
2019-11-08 16:13:12,904 [grpc-default-executor-4] INFO  segmented.SegmentedRaftLogWorker (SegmentedRaftLogWorker.java:startLogSegment(385)) - 4c8858b5-dd34-4dfa-8a80-c1e60ab9590b@group-C086F38B8249-SegmentedRaftLogWorker: Starting segment from index:0
2019-11-08 16:13:12,905 [4c8858b5-dd34-4dfa-8a80-c1e60ab9590b@group-C086F38B8249-SegmentedRaftLogWorker] INFO  segmented.SegmentedRaftLogWorker (SegmentedRaftLogWorker.java:execute(640)) - 4c8858b5-dd34-4dfa-8a80-c1e60ab9590b@group-C086F38B8249-SegmentedRaftLogWorker: Deleted log file /workdir/hadoop-ozone/integration-test/target/test-dir/MiniOzoneClusterImpl-d855ef0a-1308-4748-ba6a-889d1c87fb48/datanode-7/data/ratis/a71fd116-29bc-4d79-913f-c086f38b8249/current/log_inprogress_0
2019-11-08 16:13:12,905 [4c8858b5-dd34-4dfa-8a80-c1e60ab9590b@group-C086F38B8249-SegmentedRaftLogWorker] INFO  segmented.SegmentedRaftLogWorker (SegmentedRaftLogWorker.java:lambda$new$0(128)) - 4c8858b5-dd34-4dfa-8a80-c1e60ab9590b@group-C086F38B8249-SegmentedRaftLogWorker: flushIndex: setUnconditionally 0 -> -1
2019-11-08 16:13:12,917 [c0c4966b-a29b-458a-b1c2-0283d43e69e4@group-C086F38B8249-SegmentedRaftLogWorker] INFO  segmented.SegmentedRaftLogWorker (SegmentedRaftLogWorker.java:execute(576)) - c0c4966b-a29b-458a-b1c2-0283d43e69e4@group-C086F38B8249-SegmentedRaftLogWorker: created new log segment /workdir/hadoop-ozone/integration-test/target/test-dir/MiniOzoneClusterImpl-d855ef0a-1308-4748-ba6a-889d1c87fb48/datanode-6/data/ratis/a71fd116-29bc-4d79-913f-c086f38b8249/current/log_inprogress_0
2019-11-08 16:13:12,917 [c0c4966b-a29b-458a-b1c2-0283d43e69e4@group-E0D71A37EFC9-LeaderElection92] INFO  impl.LeaderElection (LeaderElection.java:askForVotes(178)) - c0c4966b-a29b-458a-b1c2-0283d43e69e4@group-E0D71A37EFC9-LeaderElection92: begin an election at term 2 for -1: [4c8858b5-dd34-4dfa-8a80-c1e60ab9590b:192.168.69.121:43670, c0c4966b-a29b-458a-b1c2-0283d43e69e4:192.168.69.121:46426, fdaf92da-19a4-414a-af4c-01715acef4ce:192.168.69.121:37869], old=null
2019-11-08 16:13:12,919 [grpc-default-executor-4] INFO  impl.RaftServerImpl (RaftServerImpl.java:setRole(173)) - fdaf92da-19a4-414a-af4c-01715acef4ce@group-E0D71A37EFC9: changes role from  FOLLOWER to FOLLOWER at term 2 for recognizeCandidate:c0c4966b-a29b-458a-b1c2-0283d43e69e4
2019-11-08 16:13:12,920 [grpc-default-executor-7] INFO  impl.RaftServerImpl (RaftServerImpl.java:setRole(173)) - 4c8858b5-dd34-4dfa-8a80-c1e60ab9590b@group-E0D71A37EFC9: changes role from  FOLLOWER to FOLLOWER at term 2 for recognizeCandidate:c0c4966b-a29b-458a-b1c2-0283d43e69e4
2019-11-08 16:13:12,920 [grpc-default-executor-7] INFO  impl.RoleInfo (RoleInfo.java:shutdownFollowerState(121)) - 4c8858b5-dd34-4dfa-8a80-c1e60ab9590b: shutdown FollowerState
2019-11-08 16:13:12,920 [grpc-default-executor-4] INFO  impl.RoleInfo (RoleInfo.java:shutdownFollowerState(121)) - fdaf92da-19a4-414a-af4c-01715acef4ce: shutdown FollowerState
2019-11-08 16:13:12,920 [Thread-1885] INFO  impl.FollowerState (FollowerState.java:run(120)) - 4c8858b5-dd34-4dfa-8a80-c1e60ab9590b@group-E0D71A37EFC9-FollowerState was interrupted: java.lang.InterruptedException: sleep interrupted
2019-11-08 16:13:12,920 [grpc-default-executor-7] INFO  impl.RoleInfo (RoleInfo.java:updateAndGet(143)) - 4c8858b5-dd34-4dfa-8a80-c1e60ab9590b: start FollowerState
2019-11-08 16:13:12,920 [grpc-default-executor-4] INFO  impl.RoleInfo (RoleInfo.java:updateAndGet(143)) - fdaf92da-19a4-414a-af4c-01715acef4ce: start FollowerState
2019-11-08 16:13:12,920 [Thread-1897] INFO  impl.FollowerState (FollowerState.java:run(120)) - fdaf92da-19a4-414a-af4c-01715acef4ce@group-E0D71A37EFC9-FollowerState was interrupted: java.lang.InterruptedException: sleep interrupted
2019-11-08 16:13:12,934 [fdaf92da-19a4-414a-af4c-01715acef4ce@group-C086F38B8249-SegmentedRaftLogWorker] INFO  segmented.SegmentedRaftLogWorker (SegmentedRaftLogWorker.java:execute(576)) - fdaf92da-19a4-414a-af4c-01715acef4ce@group-C086F38B8249-SegmentedRaftLogWorker: created new log segment /workdir/hadoop-ozone/integration-test/target/test-dir/MiniOzoneClusterImpl-d855ef0a-1308-4748-ba6a-889d1c87fb48/datanode-0/data/ratis/a71fd116-29bc-4d79-913f-c086f38b8249/current/log_inprogress_0
2019-11-08 16:13:12,935 [c0c4966b-a29b-458a-b1c2-0283d43e69e4@group-E0D71A37EFC9-LeaderElection92] INFO  impl.LeaderElection (LeaderElection.java:logAndReturn(56)) - c0c4966b-a29b-458a-b1c2-0283d43e69e4@group-E0D71A37EFC9-LeaderElection92: Election PASSED; received 1 response(s) [c0c4966b-a29b-458a-b1c2-0283d43e69e4<-4c8858b5-dd34-4dfa-8a80-c1e60ab9590b#0:OK-t2] and 0 exception(s); c0c4966b-a29b-458a-b1c2-0283d43e69e4@group-E0D71A37EFC9:t2, leader=null, voted=c0c4966b-a29b-458a-b1c2-0283d43e69e4, raftlog=c0c4966b-a29b-458a-b1c2-0283d43e69e4@group-E0D71A37EFC9-SegmentedRaftLog:OPENED:c-1,f-1,i0, conf=-1: [4c8858b5-dd34-4dfa-8a80-c1e60ab9590b:192.168.69.121:43670, c0c4966b-a29b-458a-b1c2-0283d43e69e4:192.168.69.121:46426, fdaf92da-19a4-414a-af4c-01715acef4ce:192.168.69.121:37869], old=null
2019-11-08 16:13:12,935 [c0c4966b-a29b-458a-b1c2-0283d43e69e4@group-E0D71A37EFC9-LeaderElection92] INFO  impl.RoleInfo (RoleInfo.java:shutdownLeaderElection(134)) - c0c4966b-a29b-458a-b1c2-0283d43e69e4: shutdown LeaderElection
2019-11-08 16:13:12,935 [c0c4966b-a29b-458a-b1c2-0283d43e69e4@group-E0D71A37EFC9-LeaderElection92] INFO  impl.RaftServerImpl (RaftServerImpl.java:setRole(173)) - c0c4966b-a29b-458a-b1c2-0283d43e69e4@group-E0D71A37EFC9: changes role from CANDIDATE to LEADER at term 2 for changeToLeader
2019-11-08 16:13:12,935 [c0c4966b-a29b-458a-b1c2-0283d43e69e4@group-E0D71A37EFC9-LeaderElection92] INFO  impl.RaftServerImpl (ServerState.java:setLeader(255)) - c0c4966b-a29b-458a-b1c2-0283d43e69e4@group-E0D71A37EFC9: change Leader from null to c0c4966b-a29b-458a-b1c2-0283d43e69e4 at term 2 for becomeLeader, leader elected after 2336ms
2019-11-08 16:13:12,935 [c0c4966b-a29b-458a-b1c2-0283d43e69e4@group-E0D71A37EFC9-LeaderElection92] INFO  server.RaftServerConfigKeys (ConfUtils.java:logGet(43)) - raft.server.staging.catchup.gap = 1000 (default)
2019-11-08 16:13:12,935 [c0c4966b-a29b-458a-b1c2-0283d43e69e4@group-E0D71A37EFC9-LeaderElection92] INFO  server.RaftServerConfigKeys (ConfUtils.java:logGet(43)) - raft.server.rpc.sleep.time = 25ms (default)
2019-11-08 16:13:12,936 [c0c4966b-a29b-458a-b1c2-0283d43e69e4@group-E0D71A37EFC9-LeaderElection92] INFO  server.RaftServerConfigKeys (ConfUtils.java:logGet(43)) - raft.server.write.element-limit = 4096 (default)
2019-11-08 16:13:12,936 [c0c4966b-a29b-458a-b1c2-0283d43e69e4@group-E0D71A37EFC9-LeaderElection92] INFO  server.RaftServerConfigKeys (ConfUtils.java:logGet(43)) - raft.server.watch.timeout = 10s (default)
2019-11-08 16:13:12,936 [c0c4966b-a29b-458a-b1c2-0283d43e69e4@group-E0D71A37EFC9-LeaderElection92] INFO  server.RaftServerConfigKeys (ConfUtils.java:logGet(43)) - raft.server.watch.timeout.denomination = 1s (default)
2019-11-08 16:13:12,936 [c0c4966b-a29b-458a-b1c2-0283d43e69e4@group-E0D71A37EFC9-LeaderElection92] INFO  server.RaftServerConfigKeys (ConfUtils.java:logGet(43)) - raft.server.watch.element-limit = 65536 (default)
2019-11-08 16:13:12,936 [c0c4966b-a29b-458a-b1c2-0283d43e69e4@group-E0D71A37EFC9-LeaderElection92] INFO  server.RaftServerConfigKeys (ConfUtils.java:logGet(43)) - raft.server.log.appender.snapshot.chunk.size.max = 16MB (=16777216) (default)
2019-11-08 16:13:12,936 [c0c4966b-a29b-458a-b1c2-0283d43e69e4@group-E0D71A37EFC9-LeaderElection92] INFO  server.RaftServerConfigKeys (ConfUtils.java:logGet(43)) - raft.server.log.appender.buffer.byte-limit = 33554432 (custom)
2019-11-08 16:13:12,936 [c0c4966b-a29b-458a-b1c2-0283d43e69e4@group-E0D71A37EFC9-LeaderElection92] INFO  server.RaftServerConfigKeys (ConfUtils.java:logGet(43)) - raft.server.log.appender.buffer.element-limit = 1 (custom)
2019-11-08 16:13:12,936 [c0c4966b-a29b-458a-b1c2-0283d43e69e4@group-E0D71A37EFC9-LeaderElection92] INFO  grpc.GrpcConfigKeys$Server (ConfUtils.java:logGet(43)) - raft.grpc.server.leader.outstanding.appends.max = 128 (default)
2019-11-08 16:13:12,936 [c0c4966b-a29b-458a-b1c2-0283d43e69e4@group-E0D71A37EFC9-LeaderElection92] INFO  server.RaftServerConfigKeys (ConfUtils.java:logGet(43)) - raft.server.rpc.request.timeout = 3000ms (default)
2019-11-08 16:13:12,937 [c0c4966b-a29b-458a-b1c2-0283d43e69e4@group-E0D71A37EFC9-LeaderElection92] INFO  server.RaftServerConfigKeys (ConfUtils.java:logGet(43)) - raft.server.log.appender.install.snapshot.enabled = false (custom)
2019-11-08 16:13:12,937 [c0c4966b-a29b-458a-b1c2-0283d43e69e4@group-E0D71A37EFC9-LeaderElection92] WARN  impl.MetricRegistriesImpl (MetricRegistriesImpl.java:lambda$create$1(61)) - First MetricRegistry has been created without registering reporters. You may need to call MetricRegistries.global().addReportRegistration(...) before.
2019-11-08 16:13:12,937 [c0c4966b-a29b-458a-b1c2-0283d43e69e4@group-E0D71A37EFC9-LeaderElection92] INFO  server.RaftServerConfigKeys (ConfUtils.java:logGet(43)) - raft.server.log.appender.snapshot.chunk.size.max = 16MB (=16777216) (default)
2019-11-08 16:13:12,937 [c0c4966b-a29b-458a-b1c2-0283d43e69e4@group-E0D71A37EFC9-LeaderElection92] INFO  server.RaftServerConfigKeys (ConfUtils.java:logGet(43)) - raft.server.log.appender.buffer.byte-limit = 33554432 (custom)
2019-11-08 16:13:12,937 [c0c4966b-a29b-458a-b1c2-0283d43e69e4@group-E0D71A37EFC9-LeaderElection92] INFO  server.RaftServerConfigKeys (ConfUtils.java:logGet(43)) - raft.server.log.appender.buffer.element-limit = 1 (custom)
2019-11-08 16:13:12,937 [c0c4966b-a29b-458a-b1c2-0283d43e69e4@group-E0D71A37EFC9-LeaderElection92] INFO  grpc.GrpcConfigKeys$Server (ConfUtils.java:logGet(43)) - raft.grpc.server.leader.outstanding.appends.max = 128 (default)
2019-11-08 16:13:12,937 [c0c4966b-a29b-458a-b1c2-0283d43e69e4@group-E0D71A37EFC9-LeaderElection92] INFO  server.RaftServerConfigKeys (ConfUtils.java:logGet(43)) - raft.server.rpc.request.timeout = 3000ms (default)
2019-11-08 16:13:12,937 [c0c4966b-a29b-458a-b1c2-0283d43e69e4@group-E0D71A37EFC9-LeaderElection92] INFO  server.RaftServerConfigKeys (ConfUtils.java:logGet(43)) - raft.server.log.appender.install.snapshot.enabled = false (custom)
2019-11-08 16:13:12,937 [c0c4966b-a29b-458a-b1c2-0283d43e69e4@group-E0D71A37EFC9-LeaderElection92] INFO  impl.RoleInfo (RoleInfo.java:updateAndGet(143)) - c0c4966b-a29b-458a-b1c2-0283d43e69e4: start LeaderState
2019-11-08 16:13:12,938 [c0c4966b-a29b-458a-b1c2-0283d43e69e4@group-E0D71A37EFC9-LeaderElection92] INFO  segmented.SegmentedRaftLogWorker (SegmentedRaftLogWorker.java:startLogSegment(385)) - c0c4966b-a29b-458a-b1c2-0283d43e69e4@group-E0D71A37EFC9-SegmentedRaftLogWorker: Starting segment from index:0
2019-11-08 16:13:12,938 [c0c4966b-a29b-458a-b1c2-0283d43e69e4@group-E0D71A37EFC9-LeaderElection92] INFO  impl.RaftServerImpl (ServerState.java:setRaftConf(356)) - c0c4966b-a29b-458a-b1c2-0283d43e69e4@group-E0D71A37EFC9: set configuration 0: [4c8858b5-dd34-4dfa-8a80-c1e60ab9590b:192.168.69.121:43670, c0c4966b-a29b-458a-b1c2-0283d43e69e4:192.168.69.121:46426, fdaf92da-19a4-414a-af4c-01715acef4ce:192.168.69.121:37869], old=null at 0
2019-11-08 16:13:12,939 [grpc-default-executor-7] INFO  impl.RaftServerImpl (ServerState.java:setLeader(255)) - 4c8858b5-dd34-4dfa-8a80-c1e60ab9590b@group-E0D71A37EFC9: change Leader from null to c0c4966b-a29b-458a-b1c2-0283d43e69e4 at term 2 for appendEntries, leader elected after 7703ms
2019-11-08 16:13:12,939 [grpc-default-executor-4] INFO  impl.RaftServerImpl (ServerState.java:setLeader(255)) - fdaf92da-19a4-414a-af4c-01715acef4ce@group-E0D71A37EFC9: change Leader from null to c0c4966b-a29b-458a-b1c2-0283d43e69e4 at term 2 for appendEntries, leader elected after 2340ms
2019-11-08 16:13:12,941 [grpc-default-executor-4] INFO  impl.RaftServerImpl (ServerState.java:setRaftConf(356)) - 4c8858b5-dd34-4dfa-8a80-c1e60ab9590b@group-E0D71A37EFC9: set configuration 0: [4c8858b5-dd34-4dfa-8a80-c1e60ab9590b:192.168.69.121:43670, c0c4966b-a29b-458a-b1c2-0283d43e69e4:192.168.69.121:46426, fdaf92da-19a4-414a-af4c-01715acef4ce:192.168.69.121:37869], old=null at 0
2019-11-08 16:13:12,941 [grpc-default-executor-7] INFO  impl.RaftServerImpl (ServerState.java:setRaftConf(356)) - fdaf92da-19a4-414a-af4c-01715acef4ce@group-E0D71A37EFC9: set configuration 0: [4c8858b5-dd34-4dfa-8a80-c1e60ab9590b:192.168.69.121:43670, c0c4966b-a29b-458a-b1c2-0283d43e69e4:192.168.69.121:46426, fdaf92da-19a4-414a-af4c-01715acef4ce:192.168.69.121:37869], old=null at 0
2019-11-08 16:13:12,941 [grpc-default-executor-4] INFO  segmented.SegmentedRaftLogWorker (SegmentedRaftLogWorker.java:startLogSegment(385)) - 4c8858b5-dd34-4dfa-8a80-c1e60ab9590b@group-E0D71A37EFC9-SegmentedRaftLogWorker: Starting segment from index:0
2019-11-08 16:13:12,941 [grpc-default-executor-7] INFO  segmented.SegmentedRaftLogWorker (SegmentedRaftLogWorker.java:startLogSegment(385)) - fdaf92da-19a4-414a-af4c-01715acef4ce@group-E0D71A37EFC9-SegmentedRaftLogWorker: Starting segment from index:0
2019-11-08 16:13:12,949 [4c8858b5-dd34-4dfa-8a80-c1e60ab9590b@group-C086F38B8249-SegmentedRaftLogWorker] INFO  segmented.SegmentedRaftLogWorker (SegmentedRaftLogWorker.java:execute(576)) - 4c8858b5-dd34-4dfa-8a80-c1e60ab9590b@group-C086F38B8249-SegmentedRaftLogWorker: created new log segment /workdir/hadoop-ozone/integration-test/target/test-dir/MiniOzoneClusterImpl-d855ef0a-1308-4748-ba6a-889d1c87fb48/datanode-7/data/ratis/a71fd116-29bc-4d79-913f-c086f38b8249/current/log_inprogress_0
2019-11-08 16:13:12,977 [4c8858b5-dd34-4dfa-8a80-c1e60ab9590b@group-E0D71A37EFC9-SegmentedRaftLogWorker] INFO  segmented.SegmentedRaftLogWorker (SegmentedRaftLogWorker.java:execute(576)) - 4c8858b5-dd34-4dfa-8a80-c1e60ab9590b@group-E0D71A37EFC9-SegmentedRaftLogWorker: created new log segment /workdir/hadoop-ozone/integration-test/target/test-dir/MiniOzoneClusterImpl-d855ef0a-1308-4748-ba6a-889d1c87fb48/datanode-7/data/ratis/303460ce-76e0-4ff4-9d60-e0d71a37efc9/current/log_inprogress_0
2019-11-08 16:13:12,977 [c0c4966b-a29b-458a-b1c2-0283d43e69e4@group-E0D71A37EFC9-SegmentedRaftLogWorker] INFO  segmented.SegmentedRaftLogWorker (SegmentedRaftLogWorker.java:execute(576)) - c0c4966b-a29b-458a-b1c2-0283d43e69e4@group-E0D71A37EFC9-SegmentedRaftLogWorker: created new log segment /workdir/hadoop-ozone/integration-test/target/test-dir/MiniOzoneClusterImpl-d855ef0a-1308-4748-ba6a-889d1c87fb48/datanode-6/data/ratis/303460ce-76e0-4ff4-9d60-e0d71a37efc9/current/log_inprogress_0
2019-11-08 16:13:12,977 [fdaf92da-19a4-414a-af4c-01715acef4ce@group-E0D71A37EFC9-SegmentedRaftLogWorker] INFO  segmented.SegmentedRaftLogWorker (SegmentedRaftLogWorker.java:execute(576)) - fdaf92da-19a4-414a-af4c-01715acef4ce@group-E0D71A37EFC9-SegmentedRaftLogWorker: created new log segment /workdir/hadoop-ozone/integration-test/target/test-dir/MiniOzoneClusterImpl-d855ef0a-1308-4748-ba6a-889d1c87fb48/datanode-0/data/ratis/303460ce-76e0-4ff4-9d60-e0d71a37efc9/current/log_inprogress_0
2019-11-08 16:13:14,530 [ForkJoinPool.commonPool-worker-1] INFO  handler.ContextHandler (ContextHandler.java:doStop(910)) - Stopped o.e.j.w.WebAppContext@3a7b2e2{/,null,UNAVAILABLE}{/hddsDatanode}
2019-11-08 16:13:14,530 [main] INFO  handler.ContextHandler (ContextHandler.java:doStop(910)) - Stopped o.e.j.w.WebAppContext@29079032{/,null,UNAVAILABLE}{/hddsDatanode}
2019-11-08 16:13:14,532 [ForkJoinPool.commonPool-worker-1] INFO  server.AbstractConnector (AbstractConnector.java:doStop(318)) - Stopped ServerConnector@337a6d30{HTTP/1.1,[http/1.1]}{0.0.0.0:0}
2019-11-08 16:13:14,532 [main] INFO  server.AbstractConnector (AbstractConnector.java:doStop(318)) - Stopped ServerConnector@7e7743ec{HTTP/1.1,[http/1.1]}{0.0.0.0:0}
2019-11-08 16:13:14,535 [ForkJoinPool.commonPool-worker-1] INFO  handler.ContextHandler (ContextHandler.java:doStop(910)) - Stopped o.e.j.s.ServletContextHandler@7730ef88{/static,jar:file:/home/user/.m2/repository/org/apache/hadoop/hadoop-hdds-container-service/0.5.0-SNAPSHOT/hadoop-hdds-container-service-0.5.0-SNAPSHOT.jar!/webapps/static,UNAVAILABLE}
2019-11-08 16:13:14,535 [main] INFO  handler.ContextHandler (ContextHandler.java:doStop(910)) - Stopped o.e.j.s.ServletContextHandler@2b736fee{/static,jar:file:/home/user/.m2/repository/org/apache/hadoop/hadoop-hdds-container-service/0.5.0-SNAPSHOT/hadoop-hdds-container-service-0.5.0-SNAPSHOT.jar!/webapps/static,UNAVAILABLE}
2019-11-08 16:13:14,537 [ForkJoinPool.commonPool-worker-1] INFO  handler.ContextHandler (ContextHandler.java:doStop(910)) - Stopped o.e.j.s.ServletContextHandler@7c1a8f0f{/logs,file:///workdir/hadoop-ozone/integration-test/target/log,UNAVAILABLE}
2019-11-08 16:13:14,537 [main] INFO  handler.ContextHandler (ContextHandler.java:doStop(910)) - Stopped o.e.j.s.ServletContextHandler@44286963{/logs,file:///workdir/hadoop-ozone/integration-test/target/log,UNAVAILABLE}
2019-11-08 16:13:15,297 [Datanode State Machine Thread - 0] INFO  statemachine.DatanodeStateMachine (DatanodeStateMachine.java:lambda$startDaemon$0(350)) - Ozone container server started.
2019-11-08 16:13:15,470 [Datanode State Machine Thread - 0] INFO  statemachine.DatanodeStateMachine (DatanodeStateMachine.java:lambda$startDaemon$0(350)) - Ozone container server started.
2019-11-08 16:13:19,540 [main] INFO  ozoneimpl.OzoneContainer (OzoneContainer.java:stop(232)) - Attempting to stop container services.
2019-11-08 16:13:19,540 [ForkJoinPool.commonPool-worker-1] INFO  ozoneimpl.OzoneContainer (OzoneContainer.java:stop(232)) - Attempting to stop container services.
2019-11-08 16:13:19,541 [main] INFO  impl.RaftServerProxy (RaftServerProxy.java:lambda$close$4(314)) - c0c4966b-a29b-458a-b1c2-0283d43e69e4: close
2019-11-08 16:13:19,541 [ForkJoinPool.commonPool-worker-1] INFO  impl.RaftServerProxy (RaftServerProxy.java:lambda$close$4(314)) - 8a90bd24-fa71-4c4c-9689-3774517d4877: close
2019-11-08 16:13:19,542 [main] INFO  impl.RaftServerImpl (RaftServerImpl.java:lambda$shutdown$3(250)) - c0c4966b-a29b-458a-b1c2-0283d43e69e4@group-576F86D54FC4: shutdown
2019-11-08 16:13:19,542 [ForkJoinPool.commonPool-worker-1] INFO  server.GrpcService (GrpcService.java:closeImpl(164)) - 8a90bd24-fa71-4c4c-9689-3774517d4877: shutdown server with port 41031 now
2019-11-08 16:13:19,542 [main] INFO  util.JmxRegister (JmxRegister.java:unregister(73)) - Successfully un-registered JMX Bean with object name Ratis:service=RaftServer,group=group-576F86D54FC4,id=c0c4966b-a29b-458a-b1c2-0283d43e69e4
2019-11-08 16:13:19,542 [main] INFO  impl.RoleInfo (RoleInfo.java:shutdownLeaderState(104)) - c0c4966b-a29b-458a-b1c2-0283d43e69e4: shutdown LeaderState
2019-11-08 16:13:19,542 [ForkJoinPool.commonPool-worker-1] INFO  server.GrpcService (GrpcService.java:closeImpl(172)) - 8a90bd24-fa71-4c4c-9689-3774517d4877: shutdown server with port 41031 successfully
2019-11-08 16:13:19,553 [org.apache.ratis.server.impl.LogAppender$AppenderDaemon$$Lambda$502/1059916708@34e9c15d] WARN  server.GrpcLogAppender (GrpcLogAppender.java:mayWait(151)) - c0c4966b-a29b-458a-b1c2-0283d43e69e4@group-576F86D54FC4->4c8858b5-dd34-4dfa-8a80-c1e60ab9590b-GrpcLogAppender: Wait interrupted by java.lang.InterruptedException
2019-11-08 16:13:19,553 [org.apache.ratis.server.impl.LogAppender$AppenderDaemon$$Lambda$502/1059916708@71eb49a4] WARN  server.GrpcLogAppender (GrpcLogAppender.java:mayWait(151)) - c0c4966b-a29b-458a-b1c2-0283d43e69e4@group-576F86D54FC4->fdaf92da-19a4-414a-af4c-01715acef4ce-GrpcLogAppender: Wait interrupted by java.lang.InterruptedException
2019-11-08 16:13:19,553 [main] INFO  impl.PendingRequests (PendingRequests.java:sendNotLeaderResponses(206)) - c0c4966b-a29b-458a-b1c2-0283d43e69e4@group-576F86D54FC4-PendingRequests: sendNotLeaderResponses
2019-11-08 16:13:19,554 [grpc-default-executor-4] INFO  server.GrpcServerProtocolService (GrpcServerProtocolService.java:onCompleted(113)) - 4c8858b5-dd34-4dfa-8a80-c1e60ab9590b: Completed APPEND_ENTRIES, lastRequest: c0c4966b-a29b-458a-b1c2-0283d43e69e4->4c8858b5-dd34-4dfa-8a80-c1e60ab9590b#16-t4, previous=(t:4, i:0), leaderCommit=0, initializing? false, entries: <empty>
2019-11-08 16:13:19,555 [main] INFO  impl.StateMachineUpdater (StateMachineUpdater.java:stopAndJoin(136)) - c0c4966b-a29b-458a-b1c2-0283d43e69e4@group-576F86D54FC4-StateMachineUpdater: set stopIndex = 0
2019-11-08 16:13:19,554 [grpc-default-executor-7] INFO  server.GrpcServerProtocolService (GrpcServerProtocolService.java:onCompleted(113)) - fdaf92da-19a4-414a-af4c-01715acef4ce: Completed APPEND_ENTRIES, lastRequest: c0c4966b-a29b-458a-b1c2-0283d43e69e4->fdaf92da-19a4-414a-af4c-01715acef4ce#16-t4, previous=(t:4, i:0), leaderCommit=0, initializing? false, entries: <empty>
2019-11-08 16:13:19,557 [main] INFO  impl.RaftServerImpl (ServerState.java:close(387)) - c0c4966b-a29b-458a-b1c2-0283d43e69e4@group-576F86D54FC4: closes. applyIndex: 0
2019-11-08 16:13:19,558 [grpc-default-executor-4] INFO  server.GrpcLogAppender (GrpcLogAppender.java:onCompleted(308)) - c0c4966b-a29b-458a-b1c2-0283d43e69e4@group-576F86D54FC4->fdaf92da-19a4-414a-af4c-01715acef4ce-AppendLogResponseHandler: follower responses appendEntries COMPLETED
2019-11-08 16:13:19,558 [c0c4966b-a29b-458a-b1c2-0283d43e69e4@group-576F86D54FC4-SegmentedRaftLogWorker] INFO  segmented.SegmentedRaftLogWorker (SegmentedRaftLogWorker.java:run(316)) - c0c4966b-a29b-458a-b1c2-0283d43e69e4@group-576F86D54FC4-SegmentedRaftLogWorker was interrupted, exiting. There are 0 tasks remaining in the queue.
2019-11-08 16:13:19,558 [grpc-default-executor-7] INFO  server.GrpcLogAppender (GrpcLogAppender.java:onCompleted(308)) - c0c4966b-a29b-458a-b1c2-0283d43e69e4@group-576F86D54FC4->4c8858b5-dd34-4dfa-8a80-c1e60ab9590b-AppendLogResponseHandler: follower responses appendEntries COMPLETED
2019-11-08 16:13:19,562 [main] INFO  segmented.SegmentedRaftLogWorker (SegmentedRaftLogWorker.java:close(224)) - c0c4966b-a29b-458a-b1c2-0283d43e69e4@group-576F86D54FC4-SegmentedRaftLogWorker close()
2019-11-08 16:13:19,562 [refreshUsed-/workdir/hadoop-ozone/integration-test/target/test-dir/MiniOzoneClusterImpl-d855ef0a-1308-4748-ba6a-889d1c87fb48/datanode-3/data/containers] WARN  fs.CachingGetSpaceUsed (CachingGetSpaceUsed.java:run(183)) - Thread Interrupted waiting to refresh disk information: sleep interrupted
2019-11-08 16:13:19,564 [main] INFO  impl.RaftServerImpl (RaftServerImpl.java:lambda$shutdown$3(250)) - c0c4966b-a29b-458a-b1c2-0283d43e69e4@group-E0D71A37EFC9: shutdown
2019-11-08 16:13:19,564 [main] INFO  util.JmxRegister (JmxRegister.java:unregister(73)) - Successfully un-registered JMX Bean with object name Ratis:service=RaftServer,group=group-E0D71A37EFC9,id=c0c4966b-a29b-458a-b1c2-0283d43e69e4
2019-11-08 16:13:19,565 [main] INFO  impl.RoleInfo (RoleInfo.java:shutdownLeaderState(104)) - c0c4966b-a29b-458a-b1c2-0283d43e69e4: shutdown LeaderState
2019-11-08 16:13:19,565 [main] INFO  impl.PendingRequests (PendingRequests.java:sendNotLeaderResponses(206)) - c0c4966b-a29b-458a-b1c2-0283d43e69e4@group-E0D71A37EFC9-PendingRequests: sendNotLeaderResponses
2019-11-08 16:13:19,565 [org.apache.ratis.server.impl.LogAppender$AppenderDaemon$$Lambda$502/1059916708@7097df7d] WARN  server.GrpcLogAppender (GrpcLogAppender.java:mayWait(151)) - c0c4966b-a29b-458a-b1c2-0283d43e69e4@group-E0D71A37EFC9->4c8858b5-dd34-4dfa-8a80-c1e60ab9590b-GrpcLogAppender: Wait interrupted by java.lang.InterruptedException
2019-11-08 16:13:19,565 [main] INFO  impl.StateMachineUpdater (StateMachineUpdater.java:stopAndJoin(136)) - c0c4966b-a29b-458a-b1c2-0283d43e69e4@group-E0D71A37EFC9-StateMachineUpdater: set stopIndex = 0
2019-11-08 16:13:19,565 [org.apache.ratis.server.impl.LogAppender$AppenderDaemon$$Lambda$502/1059916708@35954f0b] WARN  server.GrpcLogAppender (GrpcLogAppender.java:mayWait(151)) - c0c4966b-a29b-458a-b1c2-0283d43e69e4@group-E0D71A37EFC9->fdaf92da-19a4-414a-af4c-01715acef4ce-GrpcLogAppender: Wait interrupted by java.lang.InterruptedException
2019-11-08 16:13:19,565 [main] INFO  impl.RaftServerImpl (ServerState.java:close(387)) - c0c4966b-a29b-458a-b1c2-0283d43e69e4@group-E0D71A37EFC9: closes. applyIndex: 0
2019-11-08 16:13:19,566 [grpc-default-executor-2] INFO  server.GrpcServerProtocolService (GrpcServerProtocolService.java:onCompleted(113)) - 4c8858b5-dd34-4dfa-8a80-c1e60ab9590b: Completed APPEND_ENTRIES, lastRequest: c0c4966b-a29b-458a-b1c2-0283d43e69e4->4c8858b5-dd34-4dfa-8a80-c1e60ab9590b#14-t2, previous=(t:2, i:0), leaderCommit=0, initializing? false, entries: <empty>
2019-11-08 16:13:19,566 [c0c4966b-a29b-458a-b1c2-0283d43e69e4@group-E0D71A37EFC9-SegmentedRaftLogWorker] INFO  segmented.SegmentedRaftLogWorker (SegmentedRaftLogWorker.java:run(316)) - c0c4966b-a29b-458a-b1c2-0283d43e69e4@group-E0D71A37EFC9-SegmentedRaftLogWorker was interrupted, exiting. There are 0 tasks remaining in the queue.
2019-11-08 16:13:19,566 [grpc-default-executor-0] INFO  server.GrpcServerProtocolService (GrpcServerProtocolService.java:onCompleted(113)) - fdaf92da-19a4-414a-af4c-01715acef4ce: Completed APPEND_ENTRIES, lastRequest: c0c4966b-a29b-458a-b1c2-0283d43e69e4->fdaf92da-19a4-414a-af4c-01715acef4ce#14-t2, previous=(t:2, i:0), leaderCommit=0, initializing? false, entries: <empty>
2019-11-08 16:13:19,567 [main] INFO  segmented.SegmentedRaftLogWorker (SegmentedRaftLogWorker.java:close(224)) - c0c4966b-a29b-458a-b1c2-0283d43e69e4@group-E0D71A37EFC9-SegmentedRaftLogWorker close()
2019-11-08 16:13:19,568 [grpc-default-executor-8] INFO  server.GrpcLogAppender (GrpcLogAppender.java:onCompleted(308)) - c0c4966b-a29b-458a-b1c2-0283d43e69e4@group-E0D71A37EFC9->4c8858b5-dd34-4dfa-8a80-c1e60ab9590b-AppendLogResponseHandler: follower responses appendEntries COMPLETED
2019-11-08 16:13:19,570 [main] INFO  impl.RaftServerImpl (RaftServerImpl.java:lambda$shutdown$3(250)) - c0c4966b-a29b-458a-b1c2-0283d43e69e4@group-C086F38B8249: shutdown
2019-11-08 16:13:19,570 [grpc-default-executor-8] INFO  impl.FollowerInfo (FollowerInfo.java:lambda$new$0(51)) - c0c4966b-a29b-458a-b1c2-0283d43e69e4@group-E0D71A37EFC9->4c8858b5-dd34-4dfa-8a80-c1e60ab9590b: nextIndex: updateUnconditionally 1 -> 0
2019-11-08 16:13:19,570 [grpc-default-executor-0] INFO  server.GrpcLogAppender (GrpcLogAppender.java:onCompleted(308)) - c0c4966b-a29b-458a-b1c2-0283d43e69e4@group-E0D71A37EFC9->fdaf92da-19a4-414a-af4c-01715acef4ce-AppendLogResponseHandler: follower responses appendEntries COMPLETED
2019-11-08 16:13:19,570 [main] INFO  util.JmxRegister (JmxRegister.java:unregister(73)) - Successfully un-registered JMX Bean with object name Ratis:service=RaftServer,group=group-C086F38B8249,id=c0c4966b-a29b-458a-b1c2-0283d43e69e4
2019-11-08 16:13:19,571 [grpc-default-executor-0] INFO  impl.FollowerInfo (FollowerInfo.java:lambda$new$0(51)) - c0c4966b-a29b-458a-b1c2-0283d43e69e4@group-E0D71A37EFC9->fdaf92da-19a4-414a-af4c-01715acef4ce: nextIndex: updateUnconditionally 1 -> 0
2019-11-08 16:13:19,571 [main] INFO  impl.RoleInfo (RoleInfo.java:shutdownLeaderState(104)) - c0c4966b-a29b-458a-b1c2-0283d43e69e4: shutdown LeaderState
2019-11-08 16:13:19,571 [main] INFO  impl.PendingRequests (PendingRequests.java:sendNotLeaderResponses(206)) - c0c4966b-a29b-458a-b1c2-0283d43e69e4@group-C086F38B8249-PendingRequests: sendNotLeaderResponses
2019-11-08 16:13:19,571 [org.apache.ratis.server.impl.LogAppender$AppenderDaemon$$Lambda$502/1059916708@175f1a69] WARN  server.GrpcLogAppender (GrpcLogAppender.java:mayWait(151)) - c0c4966b-a29b-458a-b1c2-0283d43e69e4@group-C086F38B8249->fdaf92da-19a4-414a-af4c-01715acef4ce-GrpcLogAppender: Wait interrupted by java.lang.InterruptedException
2019-11-08 16:13:19,571 [org.apache.ratis.server.impl.LogAppender$AppenderDaemon$$Lambda$502/1059916708@525d8e46] WARN  server.GrpcLogAppender (GrpcLogAppender.java:mayWait(151)) - c0c4966b-a29b-458a-b1c2-0283d43e69e4@group-C086F38B8249->4c8858b5-dd34-4dfa-8a80-c1e60ab9590b-GrpcLogAppender: Wait interrupted by java.lang.InterruptedException
2019-11-08 16:13:19,572 [main] INFO  impl.StateMachineUpdater (StateMachineUpdater.java:stopAndJoin(136)) - c0c4966b-a29b-458a-b1c2-0283d43e69e4@group-C086F38B8249-StateMachineUpdater: set stopIndex = 0
2019-11-08 16:13:19,572 [grpc-default-executor-0] INFO  server.GrpcServerProtocolService (GrpcServerProtocolService.java:onCompleted(113)) - fdaf92da-19a4-414a-af4c-01715acef4ce: Completed APPEND_ENTRIES, lastRequest: c0c4966b-a29b-458a-b1c2-0283d43e69e4->fdaf92da-19a4-414a-af4c-01715acef4ce#14-t3, previous=(t:3, i:0), leaderCommit=0, initializing? false, entries: <empty>
2019-11-08 16:13:19,572 [main] INFO  impl.RaftServerImpl (ServerState.java:close(387)) - c0c4966b-a29b-458a-b1c2-0283d43e69e4@group-C086F38B8249: closes. applyIndex: 0
2019-11-08 16:13:19,572 [grpc-default-executor-0] INFO  server.GrpcLogAppender (GrpcLogAppender.java:onCompleted(308)) - c0c4966b-a29b-458a-b1c2-0283d43e69e4@group-C086F38B8249->fdaf92da-19a4-414a-af4c-01715acef4ce-AppendLogResponseHandler: follower responses appendEntries COMPLETED
2019-11-08 16:13:19,572 [grpc-default-executor-8] INFO  server.GrpcServerProtocolService (GrpcServerProtocolService.java:onCompleted(113)) - 4c8858b5-dd34-4dfa-8a80-c1e60ab9590b: Completed APPEND_ENTRIES, lastRequest: c0c4966b-a29b-458a-b1c2-0283d43e69e4->4c8858b5-dd34-4dfa-8a80-c1e60ab9590b#14-t3, previous=(t:3, i:0), leaderCommit=0, initializing? false, entries: <empty>
2019-11-08 16:13:19,572 [grpc-default-executor-0] INFO  impl.FollowerInfo (FollowerInfo.java:lambda$new$0(51)) - c0c4966b-a29b-458a-b1c2-0283d43e69e4@group-C086F38B8249->fdaf92da-19a4-414a-af4c-01715acef4ce: nextIndex: updateUnconditionally 1 -> 0
2019-11-08 16:13:19,572 [c0c4966b-a29b-458a-b1c2-0283d43e69e4@group-C086F38B8249-SegmentedRaftLogWorker] INFO  segmented.SegmentedRaftLogWorker (SegmentedRaftLogWorker.java:run(316)) - c0c4966b-a29b-458a-b1c2-0283d43e69e4@group-C086F38B8249-SegmentedRaftLogWorker was interrupted, exiting. There are 0 tasks remaining in the queue.
2019-11-08 16:13:19,573 [grpc-default-executor-4] INFO  impl.FollowerInfo (FollowerInfo.java:lambda$new$0(51)) - c0c4966b-a29b-458a-b1c2-0283d43e69e4@group-576F86D54FC4->fdaf92da-19a4-414a-af4c-01715acef4ce: nextIndex: updateUnconditionally 1 -> 0
2019-11-08 16:13:19,574 [main] INFO  segmented.SegmentedRaftLogWorker (SegmentedRaftLogWorker.java:close(224)) - c0c4966b-a29b-458a-b1c2-0283d43e69e4@group-C086F38B8249-SegmentedRaftLogWorker close()
2019-11-08 16:13:19,574 [grpc-default-executor-8] INFO  server.GrpcLogAppender (GrpcLogAppender.java:onCompleted(308)) - c0c4966b-a29b-458a-b1c2-0283d43e69e4@group-C086F38B8249->4c8858b5-dd34-4dfa-8a80-c1e60ab9590b-AppendLogResponseHandler: follower responses appendEntries COMPLETED
2019-11-08 16:13:19,577 [main] INFO  impl.RaftServerImpl (RaftServerImpl.java:lambda$shutdown$3(250)) - c0c4966b-a29b-458a-b1c2-0283d43e69e4@group-236248FFE1E3: shutdown
2019-11-08 16:13:19,577 [grpc-default-executor-7] INFO  impl.FollowerInfo (FollowerInfo.java:lambda$new$0(51)) - c0c4966b-a29b-458a-b1c2-0283d43e69e4@group-576F86D54FC4->4c8858b5-dd34-4dfa-8a80-c1e60ab9590b: nextIndex: updateUnconditionally 1 -> 0
2019-11-08 16:13:19,577 [grpc-default-executor-8] INFO  impl.FollowerInfo (FollowerInfo.java:lambda$new$0(51)) - c0c4966b-a29b-458a-b1c2-0283d43e69e4@group-C086F38B8249->4c8858b5-dd34-4dfa-8a80-c1e60ab9590b: nextIndex: updateUnconditionally 1 -> 0
2019-11-08 16:13:19,577 [main] INFO  util.JmxRegister (JmxRegister.java:unregister(73)) - Successfully un-registered JMX Bean with object name Ratis:service=RaftServer,group=group-236248FFE1E3,id=c0c4966b-a29b-458a-b1c2-0283d43e69e4
2019-11-08 16:13:19,577 [main] INFO  impl.RoleInfo (RoleInfo.java:shutdownLeaderState(104)) - c0c4966b-a29b-458a-b1c2-0283d43e69e4: shutdown LeaderState
2019-11-08 16:13:19,578 [main] INFO  impl.PendingRequests (PendingRequests.java:sendNotLeaderResponses(206)) - c0c4966b-a29b-458a-b1c2-0283d43e69e4@group-236248FFE1E3-PendingRequests: sendNotLeaderResponses
2019-11-08 16:13:19,578 [main] INFO  impl.StateMachineUpdater (StateMachineUpdater.java:stopAndJoin(136)) - c0c4966b-a29b-458a-b1c2-0283d43e69e4@group-236248FFE1E3-StateMachineUpdater: set stopIndex = 0
2019-11-08 16:13:19,578 [main] INFO  impl.RaftServerImpl (ServerState.java:close(387)) - c0c4966b-a29b-458a-b1c2-0283d43e69e4@group-236248FFE1E3: closes. applyIndex: 0
2019-11-08 16:13:19,579 [c0c4966b-a29b-458a-b1c2-0283d43e69e4@group-236248FFE1E3-SegmentedRaftLogWorker] INFO  segmented.SegmentedRaftLogWorker (SegmentedRaftLogWorker.java:run(316)) - c0c4966b-a29b-458a-b1c2-0283d43e69e4@group-236248FFE1E3-SegmentedRaftLogWorker was interrupted, exiting. There are 0 tasks remaining in the queue.
2019-11-08 16:13:19,580 [main] INFO  segmented.SegmentedRaftLogWorker (SegmentedRaftLogWorker.java:close(224)) - c0c4966b-a29b-458a-b1c2-0283d43e69e4@group-236248FFE1E3-SegmentedRaftLogWorker close()
2019-11-08 16:13:19,582 [main] INFO  server.GrpcService (GrpcService.java:closeImpl(164)) - c0c4966b-a29b-458a-b1c2-0283d43e69e4: shutdown server with port 46426 now
2019-11-08 16:13:19,582 [main] INFO  server.GrpcService (GrpcService.java:closeImpl(172)) - c0c4966b-a29b-458a-b1c2-0283d43e69e4: shutdown server with port 46426 successfully
2019-11-08 16:13:19,584 [refreshUsed-/workdir/hadoop-ozone/integration-test/target/test-dir/MiniOzoneClusterImpl-d855ef0a-1308-4748-ba6a-889d1c87fb48/datanode-6/data/containers] WARN  fs.CachingGetSpaceUsed (CachingGetSpaceUsed.java:run(183)) - Thread Interrupted waiting to refresh disk information: sleep interrupted
2019-11-08 16:13:19,590 [ForkJoinPool.commonPool-worker-1] INFO  utils.BackgroundService (BackgroundService.java:shutdown(151)) - Shutting down service BlockDeletingService
2019-11-08 16:13:19,594 [ForkJoinPool.commonPool-worker-1] INFO  statemachine.DatanodeStateMachine (DatanodeStateMachine.java:stopDaemon(395)) - Ozone container server stopped.
2019-11-08 16:13:19,602 [main] INFO  utils.BackgroundService (BackgroundService.java:shutdown(151)) - Shutting down service BlockDeletingService
2019-11-08 16:13:19,605 [main] INFO  statemachine.DatanodeStateMachine (DatanodeStateMachine.java:stopDaemon(395)) - Ozone container server stopped.
2019-11-08 16:13:19,616 [main] INFO  handler.ContextHandler (ContextHandler.java:doStop(910)) - Stopped o.e.j.w.WebAppContext@66e21568{/,null,UNAVAILABLE}{/hddsDatanode}
2019-11-08 16:13:19,617 [main] INFO  server.AbstractConnector (AbstractConnector.java:doStop(318)) - Stopped ServerConnector@7f73ce28{HTTP/1.1,[http/1.1]}{0.0.0.0:0}
2019-11-08 16:13:19,617 [main] INFO  handler.ContextHandler (ContextHandler.java:doStop(910)) - Stopped o.e.j.s.ServletContextHandler@6ad1701a{/static,jar:file:/home/user/.m2/repository/org/apache/hadoop/hadoop-hdds-container-service/0.5.0-SNAPSHOT/hadoop-hdds-container-service-0.5.0-SNAPSHOT.jar!/webapps/static,UNAVAILABLE}
2019-11-08 16:13:19,617 [main] INFO  handler.ContextHandler (ContextHandler.java:doStop(910)) - Stopped o.e.j.s.ServletContextHandler@f5a7226{/logs,file:///workdir/hadoop-ozone/integration-test/target/log,UNAVAILABLE}
2019-11-08 16:13:19,680 [ForkJoinPool.commonPool-worker-1] INFO  handler.ContextHandler (ContextHandler.java:doStop(910)) - Stopped o.e.j.w.WebAppContext@5e593b08{/,null,UNAVAILABLE}{/hddsDatanode}
2019-11-08 16:13:19,680 [ForkJoinPool.commonPool-worker-1] INFO  server.AbstractConnector (AbstractConnector.java:doStop(318)) - Stopped ServerConnector@3946075{HTTP/1.1,[http/1.1]}{0.0.0.0:0}
2019-11-08 16:13:19,682 [ForkJoinPool.commonPool-worker-1] INFO  handler.ContextHandler (ContextHandler.java:doStop(910)) - Stopped o.e.j.s.ServletContextHandler@5d66e944{/static,jar:file:/home/user/.m2/repository/org/apache/hadoop/hadoop-hdds-container-service/0.5.0-SNAPSHOT/hadoop-hdds-container-service-0.5.0-SNAPSHOT.jar!/webapps/static,UNAVAILABLE}
2019-11-08 16:13:19,683 [ForkJoinPool.commonPool-worker-1] INFO  handler.ContextHandler (ContextHandler.java:doStop(910)) - Stopped o.e.j.s.ServletContextHandler@75fe1619{/logs,file:///workdir/hadoop-ozone/integration-test/target/log,UNAVAILABLE}
2019-11-08 16:13:20,360 [Datanode State Machine Thread - 0] INFO  statemachine.DatanodeStateMachine (DatanodeStateMachine.java:lambda$startDaemon$0(350)) - Ozone container server started.
2019-11-08 16:13:20,585 [Thread-1876] INFO  impl.FollowerState (FollowerState.java:run(111)) - fdaf92da-19a4-414a-af4c-01715acef4ce@group-576F86D54FC4-FollowerState: change to CANDIDATE, lastRpcTime:1147ms, electionTimeout:1032ms
2019-11-08 16:13:20,585 [Thread-1876] INFO  impl.RoleInfo (RoleInfo.java:shutdownFollowerState(121)) - fdaf92da-19a4-414a-af4c-01715acef4ce: shutdown FollowerState
2019-11-08 16:13:20,585 [Thread-1876] INFO  impl.RaftServerImpl (RaftServerImpl.java:setRole(173)) - fdaf92da-19a4-414a-af4c-01715acef4ce@group-576F86D54FC4: changes role from  FOLLOWER to CANDIDATE at term 4 for changeToCandidate
2019-11-08 16:13:20,585 [Thread-1876] INFO  impl.RoleInfo (RoleInfo.java:updateAndGet(143)) - fdaf92da-19a4-414a-af4c-01715acef4ce: start LeaderElection
2019-11-08 16:13:20,586 [fdaf92da-19a4-414a-af4c-01715acef4ce@group-576F86D54FC4-LeaderElection93] INFO  impl.RaftServerImpl (ServerState.java:setLeader(255)) - fdaf92da-19a4-414a-af4c-01715acef4ce@group-576F86D54FC4: change Leader from c0c4966b-a29b-458a-b1c2-0283d43e69e4 to null at term 4 for initElection
2019-11-08 16:13:20,592 [Thread-1911] INFO  impl.FollowerState (FollowerState.java:run(111)) - fdaf92da-19a4-414a-af4c-01715acef4ce@group-C086F38B8249-FollowerState: change to CANDIDATE, lastRpcTime:1119ms, electionTimeout:1107ms
2019-11-08 16:13:20,592 [Thread-1911] INFO  impl.RoleInfo (RoleInfo.java:shutdownFollowerState(121)) - fdaf92da-19a4-414a-af4c-01715acef4ce: shutdown FollowerState
2019-11-08 16:13:20,592 [Thread-1911] INFO  impl.RaftServerImpl (RaftServerImpl.java:setRole(173)) - fdaf92da-19a4-414a-af4c-01715acef4ce@group-C086F38B8249: changes role from  FOLLOWER to CANDIDATE at term 3 for changeToCandidate
2019-11-08 16:13:20,592 [Thread-1911] INFO  impl.RoleInfo (RoleInfo.java:updateAndGet(143)) - fdaf92da-19a4-414a-af4c-01715acef4ce: start LeaderElection
2019-11-08 16:13:20,592 [fdaf92da-19a4-414a-af4c-01715acef4ce@group-C086F38B8249-LeaderElection94] INFO  impl.RaftServerImpl (ServerState.java:setLeader(255)) - fdaf92da-19a4-414a-af4c-01715acef4ce@group-C086F38B8249: change Leader from c0c4966b-a29b-458a-b1c2-0283d43e69e4 to null at term 3 for initElection
2019-11-08 16:13:20,609 [Datanode State Machine Thread - 0] INFO  statemachine.DatanodeStateMachine (DatanodeStateMachine.java:lambda$startDaemon$0(350)) - Ozone container server started.
2019-11-08 16:13:20,655 [fdaf92da-19a4-414a-af4c-01715acef4ce@group-576F86D54FC4-LeaderElection93] INFO  impl.LeaderElection (LeaderElection.java:askForVotes(178)) - fdaf92da-19a4-414a-af4c-01715acef4ce@group-576F86D54FC4-LeaderElection93: begin an election at term 5 for 0: [4c8858b5-dd34-4dfa-8a80-c1e60ab9590b:192.168.69.121:43670, c0c4966b-a29b-458a-b1c2-0283d43e69e4:192.168.69.121:46426, fdaf92da-19a4-414a-af4c-01715acef4ce:192.168.69.121:37869], old=null
2019-11-08 16:13:20,658 [fdaf92da-19a4-414a-af4c-01715acef4ce@group-576F86D54FC4-LeaderElection93] INFO  impl.LeaderElection (LogUtils.java:infoOrTrace(149)) - fdaf92da-19a4-414a-af4c-01715acef4ce@group-576F86D54FC4-LeaderElection93 got exception when requesting votes: {}
java.util.concurrent.ExecutionException: org.apache.ratis.thirdparty.io.grpc.StatusRuntimeException: UNAVAILABLE: io exception
	at java.util.concurrent.FutureTask.report(FutureTask.java:122)
	at java.util.concurrent.FutureTask.get(FutureTask.java:192)
	at org.apache.ratis.server.impl.LeaderElection.waitForResults(LeaderElection.java:259)
	at org.apache.ratis.server.impl.LeaderElection.askForVotes(LeaderElection.java:197)
	at org.apache.ratis.server.impl.LeaderElection.run(LeaderElection.java:133)
	at java.lang.Thread.run(Thread.java:748)
Caused by: org.apache.ratis.thirdparty.io.grpc.StatusRuntimeException: UNAVAILABLE: io exception
	at org.apache.ratis.thirdparty.io.grpc.stub.ClientCalls.toStatusRuntimeException(ClientCalls.java:233)
	at org.apache.ratis.thirdparty.io.grpc.stub.ClientCalls.getUnchecked(ClientCalls.java:214)
	at org.apache.ratis.thirdparty.io.grpc.stub.ClientCalls.blockingUnaryCall(ClientCalls.java:139)
	at org.apache.ratis.proto.grpc.RaftServerProtocolServiceGrpc$RaftServerProtocolServiceBlockingStub.requestVote(RaftServerProtocolServiceGrpc.java:265)
	at org.apache.ratis.grpc.server.GrpcServerProtocolClient.requestVote(GrpcServerProtocolClient.java:99)
	at org.apache.ratis.grpc.server.GrpcService.requestVote(GrpcService.java:204)
	at org.apache.ratis.server.impl.LeaderElection.lambda$submitRequests$1(LeaderElection.java:234)
	at java.util.concurrent.FutureTask.run(FutureTask.java:266)
	at java.util.concurrent.Executors$RunnableAdapter.call(Executors.java:511)
	at java.util.concurrent.FutureTask.run(FutureTask.java:266)
	at java.util.concurrent.ThreadPoolExecutor.runWorker(ThreadPoolExecutor.java:1149)
	at java.util.concurrent.ThreadPoolExecutor$Worker.run(ThreadPoolExecutor.java:624)
	... 1 more
Caused by: org.apache.ratis.thirdparty.io.netty.channel.AbstractChannel$AnnotatedConnectException: Connection refused: /192.168.69.121:46426
	at sun.nio.ch.SocketChannelImpl.checkConnect(Native Method)
	at sun.nio.ch.SocketChannelImpl.finishConnect(SocketChannelImpl.java:717)
	at org.apache.ratis.thirdparty.io.netty.channel.socket.nio.NioSocketChannel.doFinishConnect(NioSocketChannel.java:327)
	at org.apache.ratis.thirdparty.io.netty.channel.nio.AbstractNioChannel$AbstractNioUnsafe.finishConnect(AbstractNioChannel.java:340)
	at org.apache.ratis.thirdparty.io.netty.channel.nio.NioEventLoop.processSelectedKey(NioEventLoop.java:632)
	at org.apache.ratis.thirdparty.io.netty.channel.nio.NioEventLoop.processSelectedKeysOptimized(NioEventLoop.java:579)
	at org.apache.ratis.thirdparty.io.netty.channel.nio.NioEventLoop.processSelectedKeys(NioEventLoop.java:496)
	at org.apache.ratis.thirdparty.io.netty.channel.nio.NioEventLoop.run(NioEventLoop.java:458)
	at org.apache.ratis.thirdparty.io.netty.util.concurrent.SingleThreadEventExecutor$5.run(SingleThreadEventExecutor.java:897)
	at org.apache.ratis.thirdparty.io.netty.util.concurrent.FastThreadLocalRunnable.run(FastThreadLocalRunnable.java:30)
	... 1 more
Caused by: java.net.ConnectException: Connection refused
	... 11 more
2019-11-08 16:13:20,658 [grpc-default-executor-7] INFO  impl.RaftServerImpl (ServerState.java:setLeader(255)) - 4c8858b5-dd34-4dfa-8a80-c1e60ab9590b@group-576F86D54FC4: change Leader from c0c4966b-a29b-458a-b1c2-0283d43e69e4 to null at term 5 for updateCurrentTerm
2019-11-08 16:13:20,658 [grpc-default-executor-7] INFO  impl.RaftServerImpl (RaftServerImpl.java:setRole(173)) - 4c8858b5-dd34-4dfa-8a80-c1e60ab9590b@group-576F86D54FC4: changes role from  FOLLOWER to FOLLOWER at term 5 for recognizeCandidate:fdaf92da-19a4-414a-af4c-01715acef4ce
2019-11-08 16:13:20,659 [grpc-default-executor-7] INFO  impl.RoleInfo (RoleInfo.java:shutdownFollowerState(121)) - 4c8858b5-dd34-4dfa-8a80-c1e60ab9590b: shutdown FollowerState
2019-11-08 16:13:20,659 [Thread-1888] INFO  impl.FollowerState (FollowerState.java:run(120)) - 4c8858b5-dd34-4dfa-8a80-c1e60ab9590b@group-576F86D54FC4-FollowerState was interrupted: java.lang.InterruptedException: sleep interrupted
2019-11-08 16:13:20,659 [grpc-default-executor-7] INFO  impl.RoleInfo (RoleInfo.java:updateAndGet(143)) - 4c8858b5-dd34-4dfa-8a80-c1e60ab9590b: start FollowerState
2019-11-08 16:13:20,699 [fdaf92da-19a4-414a-af4c-01715acef4ce@group-C086F38B8249-LeaderElection94] INFO  impl.LeaderElection (LeaderElection.java:askForVotes(178)) - fdaf92da-19a4-414a-af4c-01715acef4ce@group-C086F38B8249-LeaderElection94: begin an election at term 4 for 0: [4c8858b5-dd34-4dfa-8a80-c1e60ab9590b:192.168.69.121:43670, c0c4966b-a29b-458a-b1c2-0283d43e69e4:192.168.69.121:46426, fdaf92da-19a4-414a-af4c-01715acef4ce:192.168.69.121:37869], old=null
2019-11-08 16:13:20,700 [fdaf92da-19a4-414a-af4c-01715acef4ce@group-C086F38B8249-LeaderElection94] INFO  impl.LeaderElection (LogUtils.java:infoOrTrace(149)) - fdaf92da-19a4-414a-af4c-01715acef4ce@group-C086F38B8249-LeaderElection94 got exception when requesting votes: {}
java.util.concurrent.ExecutionException: org.apache.ratis.thirdparty.io.grpc.StatusRuntimeException: UNAVAILABLE: io exception
	at java.util.concurrent.FutureTask.report(FutureTask.java:122)
	at java.util.concurrent.FutureTask.get(FutureTask.java:192)
	at org.apache.ratis.server.impl.LeaderElection.waitForResults(LeaderElection.java:259)
	at org.apache.ratis.server.impl.LeaderElection.askForVotes(LeaderElection.java:197)
	at org.apache.ratis.server.impl.LeaderElection.run(LeaderElection.java:133)
	at java.lang.Thread.run(Thread.java:748)
Caused by: org.apache.ratis.thirdparty.io.grpc.StatusRuntimeException: UNAVAILABLE: io exception
	at org.apache.ratis.thirdparty.io.grpc.stub.ClientCalls.toStatusRuntimeException(ClientCalls.java:233)
	at org.apache.ratis.thirdparty.io.grpc.stub.ClientCalls.getUnchecked(ClientCalls.java:214)
	at org.apache.ratis.thirdparty.io.grpc.stub.ClientCalls.blockingUnaryCall(ClientCalls.java:139)
	at org.apache.ratis.proto.grpc.RaftServerProtocolServiceGrpc$RaftServerProtocolServiceBlockingStub.requestVote(RaftServerProtocolServiceGrpc.java:265)
	at org.apache.ratis.grpc.server.GrpcServerProtocolClient.requestVote(GrpcServerProtocolClient.java:99)
	at org.apache.ratis.grpc.server.GrpcService.requestVote(GrpcService.java:204)
	at org.apache.ratis.server.impl.LeaderElection.lambda$submitRequests$1(LeaderElection.java:234)
	at java.util.concurrent.FutureTask.run(FutureTask.java:266)
	at java.util.concurrent.Executors$RunnableAdapter.call(Executors.java:511)
	at java.util.concurrent.FutureTask.run(FutureTask.java:266)
	at java.util.concurrent.ThreadPoolExecutor.runWorker(ThreadPoolExecutor.java:1149)
	at java.util.concurrent.ThreadPoolExecutor$Worker.run(ThreadPoolExecutor.java:624)
	... 1 more
Caused by: org.apache.ratis.thirdparty.io.netty.channel.AbstractChannel$AnnotatedConnectException: Connection refused: /192.168.69.121:46426
	at sun.nio.ch.SocketChannelImpl.checkConnect(Native Method)
	at sun.nio.ch.SocketChannelImpl.finishConnect(SocketChannelImpl.java:717)
	at org.apache.ratis.thirdparty.io.netty.channel.socket.nio.NioSocketChannel.doFinishConnect(NioSocketChannel.java:327)
	at org.apache.ratis.thirdparty.io.netty.channel.nio.AbstractNioChannel$AbstractNioUnsafe.finishConnect(AbstractNioChannel.java:340)
	at org.apache.ratis.thirdparty.io.netty.channel.nio.NioEventLoop.processSelectedKey(NioEventLoop.java:632)
	at org.apache.ratis.thirdparty.io.netty.channel.nio.NioEventLoop.processSelectedKeysOptimized(NioEventLoop.java:579)
	at org.apache.ratis.thirdparty.io.netty.channel.nio.NioEventLoop.processSelectedKeys(NioEventLoop.java:496)
	at org.apache.ratis.thirdparty.io.netty.channel.nio.NioEventLoop.run(NioEventLoop.java:458)
	at org.apache.ratis.thirdparty.io.netty.util.concurrent.SingleThreadEventExecutor$5.run(SingleThreadEventExecutor.java:897)
	at org.apache.ratis.thirdparty.io.netty.util.concurrent.FastThreadLocalRunnable.run(FastThreadLocalRunnable.java:30)
	... 1 more
Caused by: java.net.ConnectException: Connection refused
	... 11 more
2019-11-08 16:13:20,701 [grpc-default-executor-8] INFO  impl.RaftServerImpl (ServerState.java:setLeader(255)) - 4c8858b5-dd34-4dfa-8a80-c1e60ab9590b@group-C086F38B8249: change Leader from c0c4966b-a29b-458a-b1c2-0283d43e69e4 to null at term 4 for updateCurrentTerm
2019-11-08 16:13:20,701 [grpc-default-executor-8] INFO  impl.RaftServerImpl (RaftServerImpl.java:setRole(173)) - 4c8858b5-dd34-4dfa-8a80-c1e60ab9590b@group-C086F38B8249: changes role from  FOLLOWER to FOLLOWER at term 4 for recognizeCandidate:fdaf92da-19a4-414a-af4c-01715acef4ce
2019-11-08 16:13:20,701 [grpc-default-executor-8] INFO  impl.RoleInfo (RoleInfo.java:shutdownFollowerState(121)) - 4c8858b5-dd34-4dfa-8a80-c1e60ab9590b: shutdown FollowerState
2019-11-08 16:13:20,701 [grpc-default-executor-8] INFO  impl.RoleInfo (RoleInfo.java:updateAndGet(143)) - 4c8858b5-dd34-4dfa-8a80-c1e60ab9590b: start FollowerState
2019-11-08 16:13:20,701 [Thread-1910] INFO  impl.FollowerState (FollowerState.java:run(120)) - 4c8858b5-dd34-4dfa-8a80-c1e60ab9590b@group-C086F38B8249-FollowerState was interrupted: java.lang.InterruptedException: sleep interrupted
2019-11-08 16:13:20,749 [fdaf92da-19a4-414a-af4c-01715acef4ce@group-576F86D54FC4-LeaderElection93] INFO  impl.LeaderElection (LeaderElection.java:logAndReturn(56)) - fdaf92da-19a4-414a-af4c-01715acef4ce@group-576F86D54FC4-LeaderElection93: Election PASSED; received 1 response(s) [fdaf92da-19a4-414a-af4c-01715acef4ce<-4c8858b5-dd34-4dfa-8a80-c1e60ab9590b#0:OK-t5] and 1 exception(s); fdaf92da-19a4-414a-af4c-01715acef4ce@group-576F86D54FC4:t5, leader=null, voted=fdaf92da-19a4-414a-af4c-01715acef4ce, raftlog=fdaf92da-19a4-414a-af4c-01715acef4ce@group-576F86D54FC4-SegmentedRaftLog:OPENED:c0,f0,i0, conf=0: [4c8858b5-dd34-4dfa-8a80-c1e60ab9590b:192.168.69.121:43670, c0c4966b-a29b-458a-b1c2-0283d43e69e4:192.168.69.121:46426, fdaf92da-19a4-414a-af4c-01715acef4ce:192.168.69.121:37869], old=null
2019-11-08 16:13:20,749 [fdaf92da-19a4-414a-af4c-01715acef4ce@group-576F86D54FC4-LeaderElection93] INFO  impl.LeaderElection (LogUtils.java:infoOrTrace(149)) -   Exception 0: {}
java.util.concurrent.ExecutionException: org.apache.ratis.thirdparty.io.grpc.StatusRuntimeException: UNAVAILABLE: io exception
	at java.util.concurrent.FutureTask.report(FutureTask.java:122)
	at java.util.concurrent.FutureTask.get(FutureTask.java:192)
	at org.apache.ratis.server.impl.LeaderElection.waitForResults(LeaderElection.java:259)
	at org.apache.ratis.server.impl.LeaderElection.askForVotes(LeaderElection.java:197)
	at org.apache.ratis.server.impl.LeaderElection.run(LeaderElection.java:133)
	at java.lang.Thread.run(Thread.java:748)
Caused by: org.apache.ratis.thirdparty.io.grpc.StatusRuntimeException: UNAVAILABLE: io exception
	at org.apache.ratis.thirdparty.io.grpc.stub.ClientCalls.toStatusRuntimeException(ClientCalls.java:233)
	at org.apache.ratis.thirdparty.io.grpc.stub.ClientCalls.getUnchecked(ClientCalls.java:214)
	at org.apache.ratis.thirdparty.io.grpc.stub.ClientCalls.blockingUnaryCall(ClientCalls.java:139)
	at org.apache.ratis.proto.grpc.RaftServerProtocolServiceGrpc$RaftServerProtocolServiceBlockingStub.requestVote(RaftServerProtocolServiceGrpc.java:265)
	at org.apache.ratis.grpc.server.GrpcServerProtocolClient.requestVote(GrpcServerProtocolClient.java:99)
	at org.apache.ratis.grpc.server.GrpcService.requestVote(GrpcService.java:204)
	at org.apache.ratis.server.impl.LeaderElection.lambda$submitRequests$1(LeaderElection.java:234)
	at java.util.concurrent.FutureTask.run(FutureTask.java:266)
	at java.util.concurrent.Executors$RunnableAdapter.call(Executors.java:511)
	at java.util.concurrent.FutureTask.run(FutureTask.java:266)
	at java.util.concurrent.ThreadPoolExecutor.runWorker(ThreadPoolExecutor.java:1149)
	at java.util.concurrent.ThreadPoolExecutor$Worker.run(ThreadPoolExecutor.java:624)
	... 1 more
Caused by: org.apache.ratis.thirdparty.io.netty.channel.AbstractChannel$AnnotatedConnectException: Connection refused: /192.168.69.121:46426
	at sun.nio.ch.SocketChannelImpl.checkConnect(Native Method)
	at sun.nio.ch.SocketChannelImpl.finishConnect(SocketChannelImpl.java:717)
	at org.apache.ratis.thirdparty.io.netty.channel.socket.nio.NioSocketChannel.doFinishConnect(NioSocketChannel.java:327)
	at org.apache.ratis.thirdparty.io.netty.channel.nio.AbstractNioChannel$AbstractNioUnsafe.finishConnect(AbstractNioChannel.java:340)
	at org.apache.ratis.thirdparty.io.netty.channel.nio.NioEventLoop.processSelectedKey(NioEventLoop.java:632)
	at org.apache.ratis.thirdparty.io.netty.channel.nio.NioEventLoop.processSelectedKeysOptimized(NioEventLoop.java:579)
	at org.apache.ratis.thirdparty.io.netty.channel.nio.NioEventLoop.processSelectedKeys(NioEventLoop.java:496)
	at org.apache.ratis.thirdparty.io.netty.channel.nio.NioEventLoop.run(NioEventLoop.java:458)
	at org.apache.ratis.thirdparty.io.netty.util.concurrent.SingleThreadEventExecutor$5.run(SingleThreadEventExecutor.java:897)
	at org.apache.ratis.thirdparty.io.netty.util.concurrent.FastThreadLocalRunnable.run(FastThreadLocalRunnable.java:30)
	... 1 more
Caused by: java.net.ConnectException: Connection refused
	... 11 more
2019-11-08 16:13:20,749 [fdaf92da-19a4-414a-af4c-01715acef4ce@group-576F86D54FC4-LeaderElection93] INFO  impl.RoleInfo (RoleInfo.java:shutdownLeaderElection(134)) - fdaf92da-19a4-414a-af4c-01715acef4ce: shutdown LeaderElection
2019-11-08 16:13:20,749 [fdaf92da-19a4-414a-af4c-01715acef4ce@group-576F86D54FC4-LeaderElection93] INFO  impl.RaftServerImpl (RaftServerImpl.java:setRole(173)) - fdaf92da-19a4-414a-af4c-01715acef4ce@group-576F86D54FC4: changes role from CANDIDATE to LEADER at term 5 for changeToLeader
2019-11-08 16:13:20,750 [fdaf92da-19a4-414a-af4c-01715acef4ce@group-576F86D54FC4-LeaderElection93] INFO  impl.RaftServerImpl (ServerState.java:setLeader(255)) - fdaf92da-19a4-414a-af4c-01715acef4ce@group-576F86D54FC4: change Leader from null to fdaf92da-19a4-414a-af4c-01715acef4ce at term 5 for becomeLeader, leader elected after 163ms
2019-11-08 16:13:20,750 [fdaf92da-19a4-414a-af4c-01715acef4ce@group-576F86D54FC4-LeaderElection93] INFO  server.RaftServerConfigKeys (ConfUtils.java:logGet(43)) - raft.server.staging.catchup.gap = 1000 (default)
2019-11-08 16:13:20,750 [fdaf92da-19a4-414a-af4c-01715acef4ce@group-576F86D54FC4-LeaderElection93] INFO  server.RaftServerConfigKeys (ConfUtils.java:logGet(43)) - raft.server.rpc.sleep.time = 25ms (default)
2019-11-08 16:13:20,750 [fdaf92da-19a4-414a-af4c-01715acef4ce@group-576F86D54FC4-LeaderElection93] INFO  server.RaftServerConfigKeys (ConfUtils.java:logGet(43)) - raft.server.write.element-limit = 4096 (default)
2019-11-08 16:13:20,750 [fdaf92da-19a4-414a-af4c-01715acef4ce@group-576F86D54FC4-LeaderElection93] INFO  server.RaftServerConfigKeys (ConfUtils.java:logGet(43)) - raft.server.watch.timeout = 10s (default)
2019-11-08 16:13:20,750 [fdaf92da-19a4-414a-af4c-01715acef4ce@group-576F86D54FC4-LeaderElection93] INFO  server.RaftServerConfigKeys (ConfUtils.java:logGet(43)) - raft.server.watch.timeout.denomination = 1s (default)
2019-11-08 16:13:20,750 [fdaf92da-19a4-414a-af4c-01715acef4ce@group-576F86D54FC4-LeaderElection93] INFO  server.RaftServerConfigKeys (ConfUtils.java:logGet(43)) - raft.server.watch.element-limit = 65536 (default)
2019-11-08 16:13:20,751 [fdaf92da-19a4-414a-af4c-01715acef4ce@group-576F86D54FC4-LeaderElection93] INFO  server.RaftServerConfigKeys (ConfUtils.java:logGet(43)) - raft.server.log.appender.snapshot.chunk.size.max = 16MB (=16777216) (default)
2019-11-08 16:13:20,751 [fdaf92da-19a4-414a-af4c-01715acef4ce@group-576F86D54FC4-LeaderElection93] INFO  server.RaftServerConfigKeys (ConfUtils.java:logGet(43)) - raft.server.log.appender.buffer.byte-limit = 33554432 (custom)
2019-11-08 16:13:20,751 [fdaf92da-19a4-414a-af4c-01715acef4ce@group-576F86D54FC4-LeaderElection93] INFO  server.RaftServerConfigKeys (ConfUtils.java:logGet(43)) - raft.server.log.appender.buffer.element-limit = 1 (custom)
2019-11-08 16:13:20,751 [fdaf92da-19a4-414a-af4c-01715acef4ce@group-576F86D54FC4-LeaderElection93] INFO  grpc.GrpcConfigKeys$Server (ConfUtils.java:logGet(43)) - raft.grpc.server.leader.outstanding.appends.max = 128 (default)
2019-11-08 16:13:20,751 [fdaf92da-19a4-414a-af4c-01715acef4ce@group-576F86D54FC4-LeaderElection93] INFO  server.RaftServerConfigKeys (ConfUtils.java:logGet(43)) - raft.server.rpc.request.timeout = 3000ms (default)
2019-11-08 16:13:20,751 [fdaf92da-19a4-414a-af4c-01715acef4ce@group-576F86D54FC4-LeaderElection93] INFO  server.RaftServerConfigKeys (ConfUtils.java:logGet(43)) - raft.server.log.appender.install.snapshot.enabled = false (custom)
2019-11-08 16:13:20,751 [fdaf92da-19a4-414a-af4c-01715acef4ce@group-576F86D54FC4-LeaderElection93] WARN  impl.MetricRegistriesImpl (MetricRegistriesImpl.java:lambda$create$1(61)) - First MetricRegistry has been created without registering reporters. You may need to call MetricRegistries.global().addReportRegistration(...) before.
2019-11-08 16:13:20,752 [fdaf92da-19a4-414a-af4c-01715acef4ce@group-576F86D54FC4-LeaderElection93] INFO  server.RaftServerConfigKeys (ConfUtils.java:logGet(43)) - raft.server.log.appender.snapshot.chunk.size.max = 16MB (=16777216) (default)
2019-11-08 16:13:20,752 [fdaf92da-19a4-414a-af4c-01715acef4ce@group-576F86D54FC4-LeaderElection93] INFO  server.RaftServerConfigKeys (ConfUtils.java:logGet(43)) - raft.server.log.appender.buffer.byte-limit = 33554432 (custom)
2019-11-08 16:13:20,752 [fdaf92da-19a4-414a-af4c-01715acef4ce@group-576F86D54FC4-LeaderElection93] INFO  server.RaftServerConfigKeys (ConfUtils.java:logGet(43)) - raft.server.log.appender.buffer.element-limit = 1 (custom)
2019-11-08 16:13:20,752 [fdaf92da-19a4-414a-af4c-01715acef4ce@group-576F86D54FC4-LeaderElection93] INFO  grpc.GrpcConfigKeys$Server (ConfUtils.java:logGet(43)) - raft.grpc.server.leader.outstanding.appends.max = 128 (default)
2019-11-08 16:13:20,752 [fdaf92da-19a4-414a-af4c-01715acef4ce@group-576F86D54FC4-LeaderElection93] INFO  server.RaftServerConfigKeys (ConfUtils.java:logGet(43)) - raft.server.rpc.request.timeout = 3000ms (default)
2019-11-08 16:13:20,752 [fdaf92da-19a4-414a-af4c-01715acef4ce@group-576F86D54FC4-LeaderElection93] INFO  server.RaftServerConfigKeys (ConfUtils.java:logGet(43)) - raft.server.log.appender.install.snapshot.enabled = false (custom)
2019-11-08 16:13:20,752 [fdaf92da-19a4-414a-af4c-01715acef4ce@group-576F86D54FC4-LeaderElection93] INFO  impl.RoleInfo (RoleInfo.java:updateAndGet(143)) - fdaf92da-19a4-414a-af4c-01715acef4ce: start LeaderState
2019-11-08 16:13:20,753 [fdaf92da-19a4-414a-af4c-01715acef4ce@group-576F86D54FC4-LeaderElection93] INFO  segmented.SegmentedRaftLogWorker (SegmentedRaftLogWorker.java:rollLogSegment(390)) - fdaf92da-19a4-414a-af4c-01715acef4ce@group-576F86D54FC4-SegmentedRaftLogWorker: Rolling segment log-0_0 to index:0
2019-11-08 16:13:20,753 [fdaf92da-19a4-414a-af4c-01715acef4ce@group-576F86D54FC4-LeaderElection93] INFO  impl.RaftServerImpl (ServerState.java:setRaftConf(356)) - fdaf92da-19a4-414a-af4c-01715acef4ce@group-576F86D54FC4: set configuration 1: [4c8858b5-dd34-4dfa-8a80-c1e60ab9590b:192.168.69.121:43670, c0c4966b-a29b-458a-b1c2-0283d43e69e4:192.168.69.121:46426, fdaf92da-19a4-414a-af4c-01715acef4ce:192.168.69.121:37869], old=null at 1
2019-11-08 16:13:20,753 [fdaf92da-19a4-414a-af4c-01715acef4ce@group-576F86D54FC4-SegmentedRaftLogWorker] INFO  segmented.SegmentedRaftLogWorker (SegmentedRaftLogWorker.java:execute(533)) - fdaf92da-19a4-414a-af4c-01715acef4ce@group-576F86D54FC4-SegmentedRaftLogWorker: Rolled log segment from /workdir/hadoop-ozone/integration-test/target/test-dir/MiniOzoneClusterImpl-d855ef0a-1308-4748-ba6a-889d1c87fb48/datanode-0/data/ratis/b59d3b04-e3e2-49d0-b121-576f86d54fc4/current/log_inprogress_0 to /workdir/hadoop-ozone/integration-test/target/test-dir/MiniOzoneClusterImpl-d855ef0a-1308-4748-ba6a-889d1c87fb48/datanode-0/data/ratis/b59d3b04-e3e2-49d0-b121-576f86d54fc4/current/log_0-0
2019-11-08 16:13:20,754 [grpc-default-executor-7] WARN  server.GrpcLogAppender (LogUtils.java:warn(134)) - fdaf92da-19a4-414a-af4c-01715acef4ce@group-576F86D54FC4->c0c4966b-a29b-458a-b1c2-0283d43e69e4-AppendLogResponseHandler: Failed appendEntries: org.apache.ratis.thirdparty.io.grpc.StatusRuntimeException: UNAVAILABLE: io exception
2019-11-08 16:13:20,754 [grpc-default-executor-7] INFO  impl.FollowerInfo (FollowerInfo.java:lambda$new$0(51)) - fdaf92da-19a4-414a-af4c-01715acef4ce@group-576F86D54FC4->c0c4966b-a29b-458a-b1c2-0283d43e69e4: nextIndex: updateUnconditionally 1 -> 0
2019-11-08 16:13:20,755 [grpc-default-executor-7] INFO  impl.RaftServerImpl (ServerState.java:setLeader(255)) - 4c8858b5-dd34-4dfa-8a80-c1e60ab9590b@group-576F86D54FC4: change Leader from null to fdaf92da-19a4-414a-af4c-01715acef4ce at term 5 for appendEntries, leader elected after 96ms
2019-11-08 16:13:20,757 [grpc-default-executor-7] INFO  impl.RaftServerImpl (ServerState.java:setRaftConf(356)) - 4c8858b5-dd34-4dfa-8a80-c1e60ab9590b@group-576F86D54FC4: set configuration 1: [4c8858b5-dd34-4dfa-8a80-c1e60ab9590b:192.168.69.121:43670, c0c4966b-a29b-458a-b1c2-0283d43e69e4:192.168.69.121:46426, fdaf92da-19a4-414a-af4c-01715acef4ce:192.168.69.121:37869], old=null at 1
2019-11-08 16:13:20,757 [grpc-default-executor-7] INFO  segmented.SegmentedRaftLogWorker (SegmentedRaftLogWorker.java:rollLogSegment(390)) - 4c8858b5-dd34-4dfa-8a80-c1e60ab9590b@group-576F86D54FC4-SegmentedRaftLogWorker: Rolling segment log-0_0 to index:0
2019-11-08 16:13:20,758 [4c8858b5-dd34-4dfa-8a80-c1e60ab9590b@group-576F86D54FC4-SegmentedRaftLogWorker] INFO  segmented.SegmentedRaftLogWorker (SegmentedRaftLogWorker.java:execute(533)) - 4c8858b5-dd34-4dfa-8a80-c1e60ab9590b@group-576F86D54FC4-SegmentedRaftLogWorker: Rolled log segment from /workdir/hadoop-ozone/integration-test/target/test-dir/MiniOzoneClusterImpl-d855ef0a-1308-4748-ba6a-889d1c87fb48/datanode-7/data/ratis/b59d3b04-e3e2-49d0-b121-576f86d54fc4/current/log_inprogress_0 to /workdir/hadoop-ozone/integration-test/target/test-dir/MiniOzoneClusterImpl-d855ef0a-1308-4748-ba6a-889d1c87fb48/datanode-7/data/ratis/b59d3b04-e3e2-49d0-b121-576f86d54fc4/current/log_0-0
2019-11-08 16:13:20,774 [fdaf92da-19a4-414a-af4c-01715acef4ce@group-C086F38B8249-LeaderElection94] INFO  impl.LeaderElection (LeaderElection.java:logAndReturn(56)) - fdaf92da-19a4-414a-af4c-01715acef4ce@group-C086F38B8249-LeaderElection94: Election PASSED; received 1 response(s) [fdaf92da-19a4-414a-af4c-01715acef4ce<-4c8858b5-dd34-4dfa-8a80-c1e60ab9590b#0:OK-t4] and 1 exception(s); fdaf92da-19a4-414a-af4c-01715acef4ce@group-C086F38B8249:t4, leader=null, voted=fdaf92da-19a4-414a-af4c-01715acef4ce, raftlog=fdaf92da-19a4-414a-af4c-01715acef4ce@group-C086F38B8249-SegmentedRaftLog:OPENED:c0,f0,i0, conf=0: [4c8858b5-dd34-4dfa-8a80-c1e60ab9590b:192.168.69.121:43670, c0c4966b-a29b-458a-b1c2-0283d43e69e4:192.168.69.121:46426, fdaf92da-19a4-414a-af4c-01715acef4ce:192.168.69.121:37869], old=null
2019-11-08 16:13:20,774 [fdaf92da-19a4-414a-af4c-01715acef4ce@group-C086F38B8249-LeaderElection94] INFO  impl.LeaderElection (LogUtils.java:infoOrTrace(149)) -   Exception 0: {}
java.util.concurrent.ExecutionException: org.apache.ratis.thirdparty.io.grpc.StatusRuntimeException: UNAVAILABLE: io exception
	at java.util.concurrent.FutureTask.report(FutureTask.java:122)
	at java.util.concurrent.FutureTask.get(FutureTask.java:192)
	at org.apache.ratis.server.impl.LeaderElection.waitForResults(LeaderElection.java:259)
	at org.apache.ratis.server.impl.LeaderElection.askForVotes(LeaderElection.java:197)
	at org.apache.ratis.server.impl.LeaderElection.run(LeaderElection.java:133)
	at java.lang.Thread.run(Thread.java:748)
Caused by: org.apache.ratis.thirdparty.io.grpc.StatusRuntimeException: UNAVAILABLE: io exception
	at org.apache.ratis.thirdparty.io.grpc.stub.ClientCalls.toStatusRuntimeException(ClientCalls.java:233)
	at org.apache.ratis.thirdparty.io.grpc.stub.ClientCalls.getUnchecked(ClientCalls.java:214)
	at org.apache.ratis.thirdparty.io.grpc.stub.ClientCalls.blockingUnaryCall(ClientCalls.java:139)
	at org.apache.ratis.proto.grpc.RaftServerProtocolServiceGrpc$RaftServerProtocolServiceBlockingStub.requestVote(RaftServerProtocolServiceGrpc.java:265)
	at org.apache.ratis.grpc.server.GrpcServerProtocolClient.requestVote(GrpcServerProtocolClient.java:99)
	at org.apache.ratis.grpc.server.GrpcService.requestVote(GrpcService.java:204)
	at org.apache.ratis.server.impl.LeaderElection.lambda$submitRequests$1(LeaderElection.java:234)
	at java.util.concurrent.FutureTask.run(FutureTask.java:266)
	at java.util.concurrent.Executors$RunnableAdapter.call(Executors.java:511)
	at java.util.concurrent.FutureTask.run(FutureTask.java:266)
	at java.util.concurrent.ThreadPoolExecutor.runWorker(ThreadPoolExecutor.java:1149)
	at java.util.concurrent.ThreadPoolExecutor$Worker.run(ThreadPoolExecutor.java:624)
	... 1 more
Caused by: org.apache.ratis.thirdparty.io.netty.channel.AbstractChannel$AnnotatedConnectException: Connection refused: /192.168.69.121:46426
	at sun.nio.ch.SocketChannelImpl.checkConnect(Native Method)
	at sun.nio.ch.SocketChannelImpl.finishConnect(SocketChannelImpl.java:717)
	at org.apache.ratis.thirdparty.io.netty.channel.socket.nio.NioSocketChannel.doFinishConnect(NioSocketChannel.java:327)
	at org.apache.ratis.thirdparty.io.netty.channel.nio.AbstractNioChannel$AbstractNioUnsafe.finishConnect(AbstractNioChannel.java:340)
	at org.apache.ratis.thirdparty.io.netty.channel.nio.NioEventLoop.processSelectedKey(NioEventLoop.java:632)
	at org.apache.ratis.thirdparty.io.netty.channel.nio.NioEventLoop.processSelectedKeysOptimized(NioEventLoop.java:579)
	at org.apache.ratis.thirdparty.io.netty.channel.nio.NioEventLoop.processSelectedKeys(NioEventLoop.java:496)
	at org.apache.ratis.thirdparty.io.netty.channel.nio.NioEventLoop.run(NioEventLoop.java:458)
	at org.apache.ratis.thirdparty.io.netty.util.concurrent.SingleThreadEventExecutor$5.run(SingleThreadEventExecutor.java:897)
	at org.apache.ratis.thirdparty.io.netty.util.concurrent.FastThreadLocalRunnable.run(FastThreadLocalRunnable.java:30)
	... 1 more
Caused by: java.net.ConnectException: Connection refused
	... 11 more
2019-11-08 16:13:20,774 [fdaf92da-19a4-414a-af4c-01715acef4ce@group-C086F38B8249-LeaderElection94] INFO  impl.RoleInfo (RoleInfo.java:shutdownLeaderElection(134)) - fdaf92da-19a4-414a-af4c-01715acef4ce: shutdown LeaderElection
2019-11-08 16:13:20,774 [fdaf92da-19a4-414a-af4c-01715acef4ce@group-C086F38B8249-LeaderElection94] INFO  impl.RaftServerImpl (RaftServerImpl.java:setRole(173)) - fdaf92da-19a4-414a-af4c-01715acef4ce@group-C086F38B8249: changes role from CANDIDATE to LEADER at term 4 for changeToLeader
2019-11-08 16:13:20,774 [fdaf92da-19a4-414a-af4c-01715acef4ce@group-C086F38B8249-LeaderElection94] INFO  impl.RaftServerImpl (ServerState.java:setLeader(255)) - fdaf92da-19a4-414a-af4c-01715acef4ce@group-C086F38B8249: change Leader from null to fdaf92da-19a4-414a-af4c-01715acef4ce at term 4 for becomeLeader, leader elected after 182ms
2019-11-08 16:13:20,774 [fdaf92da-19a4-414a-af4c-01715acef4ce@group-C086F38B8249-LeaderElection94] INFO  server.RaftServerConfigKeys (ConfUtils.java:logGet(43)) - raft.server.staging.catchup.gap = 1000 (default)
2019-11-08 16:13:20,775 [fdaf92da-19a4-414a-af4c-01715acef4ce@group-C086F38B8249-LeaderElection94] INFO  server.RaftServerConfigKeys (ConfUtils.java:logGet(43)) - raft.server.rpc.sleep.time = 25ms (default)
2019-11-08 16:13:20,775 [fdaf92da-19a4-414a-af4c-01715acef4ce@group-C086F38B8249-LeaderElection94] INFO  server.RaftServerConfigKeys (ConfUtils.java:logGet(43)) - raft.server.write.element-limit = 4096 (default)
2019-11-08 16:13:20,775 [fdaf92da-19a4-414a-af4c-01715acef4ce@group-C086F38B8249-LeaderElection94] INFO  server.RaftServerConfigKeys (ConfUtils.java:logGet(43)) - raft.server.watch.timeout = 10s (default)
2019-11-08 16:13:20,775 [fdaf92da-19a4-414a-af4c-01715acef4ce@group-C086F38B8249-LeaderElection94] INFO  server.RaftServerConfigKeys (ConfUtils.java:logGet(43)) - raft.server.watch.timeout.denomination = 1s (default)
2019-11-08 16:13:20,775 [fdaf92da-19a4-414a-af4c-01715acef4ce@group-C086F38B8249-LeaderElection94] INFO  server.RaftServerConfigKeys (ConfUtils.java:logGet(43)) - raft.server.watch.element-limit = 65536 (default)
2019-11-08 16:13:20,775 [fdaf92da-19a4-414a-af4c-01715acef4ce@group-C086F38B8249-LeaderElection94] INFO  server.RaftServerConfigKeys (ConfUtils.java:logGet(43)) - raft.server.log.appender.snapshot.chunk.size.max = 16MB (=16777216) (default)
2019-11-08 16:13:20,775 [fdaf92da-19a4-414a-af4c-01715acef4ce@group-C086F38B8249-LeaderElection94] INFO  server.RaftServerConfigKeys (ConfUtils.java:logGet(43)) - raft.server.log.appender.buffer.byte-limit = 33554432 (custom)
2019-11-08 16:13:20,775 [fdaf92da-19a4-414a-af4c-01715acef4ce@group-C086F38B8249-LeaderElection94] INFO  server.RaftServerConfigKeys (ConfUtils.java:logGet(43)) - raft.server.log.appender.buffer.element-limit = 1 (custom)
2019-11-08 16:13:20,776 [fdaf92da-19a4-414a-af4c-01715acef4ce@group-C086F38B8249-LeaderElection94] INFO  grpc.GrpcConfigKeys$Server (ConfUtils.java:logGet(43)) - raft.grpc.server.leader.outstanding.appends.max = 128 (default)
2019-11-08 16:13:20,776 [fdaf92da-19a4-414a-af4c-01715acef4ce@group-C086F38B8249-LeaderElection94] INFO  server.RaftServerConfigKeys (ConfUtils.java:logGet(43)) - raft.server.rpc.request.timeout = 3000ms (default)
2019-11-08 16:13:20,776 [fdaf92da-19a4-414a-af4c-01715acef4ce@group-C086F38B8249-LeaderElection94] INFO  server.RaftServerConfigKeys (ConfUtils.java:logGet(43)) - raft.server.log.appender.install.snapshot.enabled = false (custom)
2019-11-08 16:13:20,776 [fdaf92da-19a4-414a-af4c-01715acef4ce@group-C086F38B8249-LeaderElection94] WARN  impl.MetricRegistriesImpl (MetricRegistriesImpl.java:lambda$create$1(61)) - First MetricRegistry has been created without registering reporters. You may need to call MetricRegistries.global().addReportRegistration(...) before.
2019-11-08 16:13:20,776 [fdaf92da-19a4-414a-af4c-01715acef4ce@group-C086F38B8249-LeaderElection94] INFO  server.RaftServerConfigKeys (ConfUtils.java:logGet(43)) - raft.server.log.appender.snapshot.chunk.size.max = 16MB (=16777216) (default)
2019-11-08 16:13:20,776 [fdaf92da-19a4-414a-af4c-01715acef4ce@group-C086F38B8249-LeaderElection94] INFO  server.RaftServerConfigKeys (ConfUtils.java:logGet(43)) - raft.server.log.appender.buffer.byte-limit = 33554432 (custom)
2019-11-08 16:13:20,776 [fdaf92da-19a4-414a-af4c-01715acef4ce@group-C086F38B8249-LeaderElection94] INFO  server.RaftServerConfigKeys (ConfUtils.java:logGet(43)) - raft.server.log.appender.buffer.element-limit = 1 (custom)
2019-11-08 16:13:20,777 [fdaf92da-19a4-414a-af4c-01715acef4ce@group-C086F38B8249-LeaderElection94] INFO  grpc.GrpcConfigKeys$Server (ConfUtils.java:logGet(43)) - raft.grpc.server.leader.outstanding.appends.max = 128 (default)
2019-11-08 16:13:20,777 [fdaf92da-19a4-414a-af4c-01715acef4ce@group-C086F38B8249-LeaderElection94] INFO  server.RaftServerConfigKeys (ConfUtils.java:logGet(43)) - raft.server.rpc.request.timeout = 3000ms (default)
2019-11-08 16:13:20,777 [fdaf92da-19a4-414a-af4c-01715acef4ce@group-C086F38B8249-LeaderElection94] INFO  server.RaftServerConfigKeys (ConfUtils.java:logGet(43)) - raft.server.log.appender.install.snapshot.enabled = false (custom)
2019-11-08 16:13:20,777 [fdaf92da-19a4-414a-af4c-01715acef4ce@group-C086F38B8249-LeaderElection94] INFO  impl.RoleInfo (RoleInfo.java:updateAndGet(143)) - fdaf92da-19a4-414a-af4c-01715acef4ce: start LeaderState
2019-11-08 16:13:20,777 [fdaf92da-19a4-414a-af4c-01715acef4ce@group-C086F38B8249-LeaderElection94] INFO  segmented.SegmentedRaftLogWorker (SegmentedRaftLogWorker.java:rollLogSegment(390)) - fdaf92da-19a4-414a-af4c-01715acef4ce@group-C086F38B8249-SegmentedRaftLogWorker: Rolling segment log-0_0 to index:0
2019-11-08 16:13:20,778 [fdaf92da-19a4-414a-af4c-01715acef4ce@group-C086F38B8249-SegmentedRaftLogWorker] INFO  segmented.SegmentedRaftLogWorker (SegmentedRaftLogWorker.java:execute(533)) - fdaf92da-19a4-414a-af4c-01715acef4ce@group-C086F38B8249-SegmentedRaftLogWorker: Rolled log segment from /workdir/hadoop-ozone/integration-test/target/test-dir/MiniOzoneClusterImpl-d855ef0a-1308-4748-ba6a-889d1c87fb48/datanode-0/data/ratis/a71fd116-29bc-4d79-913f-c086f38b8249/current/log_inprogress_0 to /workdir/hadoop-ozone/integration-test/target/test-dir/MiniOzoneClusterImpl-d855ef0a-1308-4748-ba6a-889d1c87fb48/datanode-0/data/ratis/a71fd116-29bc-4d79-913f-c086f38b8249/current/log_0-0
2019-11-08 16:13:20,778 [fdaf92da-19a4-414a-af4c-01715acef4ce@group-C086F38B8249-LeaderElection94] INFO  impl.RaftServerImpl (ServerState.java:setRaftConf(356)) - fdaf92da-19a4-414a-af4c-01715acef4ce@group-C086F38B8249: set configuration 1: [4c8858b5-dd34-4dfa-8a80-c1e60ab9590b:192.168.69.121:43670, c0c4966b-a29b-458a-b1c2-0283d43e69e4:192.168.69.121:46426, fdaf92da-19a4-414a-af4c-01715acef4ce:192.168.69.121:37869], old=null at 1
2019-11-08 16:13:20,779 [grpc-default-executor-7] INFO  impl.RaftServerImpl (ServerState.java:setLeader(255)) - 4c8858b5-dd34-4dfa-8a80-c1e60ab9590b@group-C086F38B8249: change Leader from null to fdaf92da-19a4-414a-af4c-01715acef4ce at term 4 for appendEntries, leader elected after 78ms
2019-11-08 16:13:20,780 [grpc-default-executor-4] WARN  server.GrpcLogAppender (LogUtils.java:warn(134)) - fdaf92da-19a4-414a-af4c-01715acef4ce@group-C086F38B8249->c0c4966b-a29b-458a-b1c2-0283d43e69e4-AppendLogResponseHandler: Failed appendEntries: org.apache.ratis.thirdparty.io.grpc.StatusRuntimeException: UNAVAILABLE: io exception
2019-11-08 16:13:20,781 [grpc-default-executor-4] INFO  impl.FollowerInfo (FollowerInfo.java:lambda$new$0(51)) - fdaf92da-19a4-414a-af4c-01715acef4ce@group-C086F38B8249->c0c4966b-a29b-458a-b1c2-0283d43e69e4: nextIndex: updateUnconditionally 1 -> 0
2019-11-08 16:13:20,781 [grpc-default-executor-8] INFO  impl.RaftServerImpl (ServerState.java:setRaftConf(356)) - 4c8858b5-dd34-4dfa-8a80-c1e60ab9590b@group-C086F38B8249: set configuration 1: [4c8858b5-dd34-4dfa-8a80-c1e60ab9590b:192.168.69.121:43670, c0c4966b-a29b-458a-b1c2-0283d43e69e4:192.168.69.121:46426, fdaf92da-19a4-414a-af4c-01715acef4ce:192.168.69.121:37869], old=null at 1
2019-11-08 16:13:20,781 [grpc-default-executor-8] INFO  segmented.SegmentedRaftLogWorker (SegmentedRaftLogWorker.java:rollLogSegment(390)) - 4c8858b5-dd34-4dfa-8a80-c1e60ab9590b@group-C086F38B8249-SegmentedRaftLogWorker: Rolling segment log-0_0 to index:0
2019-11-08 16:13:20,782 [4c8858b5-dd34-4dfa-8a80-c1e60ab9590b@group-C086F38B8249-SegmentedRaftLogWorker] INFO  segmented.SegmentedRaftLogWorker (SegmentedRaftLogWorker.java:execute(533)) - 4c8858b5-dd34-4dfa-8a80-c1e60ab9590b@group-C086F38B8249-SegmentedRaftLogWorker: Rolled log segment from /workdir/hadoop-ozone/integration-test/target/test-dir/MiniOzoneClusterImpl-d855ef0a-1308-4748-ba6a-889d1c87fb48/datanode-7/data/ratis/a71fd116-29bc-4d79-913f-c086f38b8249/current/log_inprogress_0 to /workdir/hadoop-ozone/integration-test/target/test-dir/MiniOzoneClusterImpl-d855ef0a-1308-4748-ba6a-889d1c87fb48/datanode-7/data/ratis/a71fd116-29bc-4d79-913f-c086f38b8249/current/log_0-0
2019-11-08 16:13:20,819 [4c8858b5-dd34-4dfa-8a80-c1e60ab9590b@group-576F86D54FC4-SegmentedRaftLogWorker] INFO  segmented.SegmentedRaftLogWorker (SegmentedRaftLogWorker.java:execute(576)) - 4c8858b5-dd34-4dfa-8a80-c1e60ab9590b@group-576F86D54FC4-SegmentedRaftLogWorker: created new log segment /workdir/hadoop-ozone/integration-test/target/test-dir/MiniOzoneClusterImpl-d855ef0a-1308-4748-ba6a-889d1c87fb48/datanode-7/data/ratis/b59d3b04-e3e2-49d0-b121-576f86d54fc4/current/log_inprogress_1
2019-11-08 16:13:20,819 [fdaf92da-19a4-414a-af4c-01715acef4ce@group-576F86D54FC4-SegmentedRaftLogWorker] INFO  segmented.SegmentedRaftLogWorker (SegmentedRaftLogWorker.java:execute(576)) - fdaf92da-19a4-414a-af4c-01715acef4ce@group-576F86D54FC4-SegmentedRaftLogWorker: created new log segment /workdir/hadoop-ozone/integration-test/target/test-dir/MiniOzoneClusterImpl-d855ef0a-1308-4748-ba6a-889d1c87fb48/datanode-0/data/ratis/b59d3b04-e3e2-49d0-b121-576f86d54fc4/current/log_inprogress_1
2019-11-08 16:13:20,825 [grpc-default-executor-7] WARN  server.GrpcLogAppender (LogUtils.java:warn(134)) - fdaf92da-19a4-414a-af4c-01715acef4ce@group-576F86D54FC4->c0c4966b-a29b-458a-b1c2-0283d43e69e4-AppendLogResponseHandler: Failed appendEntries: org.apache.ratis.thirdparty.io.grpc.StatusRuntimeException: UNAVAILABLE: io exception
2019-11-08 16:13:20,826 [grpc-default-executor-7] INFO  impl.FollowerInfo (FollowerInfo.java:lambda$new$0(51)) - fdaf92da-19a4-414a-af4c-01715acef4ce@group-576F86D54FC4->c0c4966b-a29b-458a-b1c2-0283d43e69e4: nextIndex: updateUnconditionally 1 -> 0
2019-11-08 16:13:20,863 [fdaf92da-19a4-414a-af4c-01715acef4ce@group-C086F38B8249-SegmentedRaftLogWorker] INFO  segmented.SegmentedRaftLogWorker (SegmentedRaftLogWorker.java:execute(576)) - fdaf92da-19a4-414a-af4c-01715acef4ce@group-C086F38B8249-SegmentedRaftLogWorker: created new log segment /workdir/hadoop-ozone/integration-test/target/test-dir/MiniOzoneClusterImpl-d855ef0a-1308-4748-ba6a-889d1c87fb48/datanode-0/data/ratis/a71fd116-29bc-4d79-913f-c086f38b8249/current/log_inprogress_1
2019-11-08 16:13:20,863 [4c8858b5-dd34-4dfa-8a80-c1e60ab9590b@group-C086F38B8249-SegmentedRaftLogWorker] INFO  segmented.SegmentedRaftLogWorker (SegmentedRaftLogWorker.java:execute(576)) - 4c8858b5-dd34-4dfa-8a80-c1e60ab9590b@group-C086F38B8249-SegmentedRaftLogWorker: created new log segment /workdir/hadoop-ozone/integration-test/target/test-dir/MiniOzoneClusterImpl-d855ef0a-1308-4748-ba6a-889d1c87fb48/datanode-7/data/ratis/a71fd116-29bc-4d79-913f-c086f38b8249/current/log_inprogress_1
2019-11-08 16:13:20,870 [grpc-default-executor-2] WARN  server.GrpcLogAppender (LogUtils.java:warn(134)) - fdaf92da-19a4-414a-af4c-01715acef4ce@group-C086F38B8249->c0c4966b-a29b-458a-b1c2-0283d43e69e4-AppendLogResponseHandler: Failed appendEntries: org.apache.ratis.thirdparty.io.grpc.StatusRuntimeException: UNAVAILABLE: io exception
2019-11-08 16:13:20,870 [grpc-default-executor-0] WARN  server.GrpcLogAppender (LogUtils.java:warn(134)) - fdaf92da-19a4-414a-af4c-01715acef4ce@group-576F86D54FC4->c0c4966b-a29b-458a-b1c2-0283d43e69e4-AppendLogResponseHandler: Failed appendEntries: org.apache.ratis.thirdparty.io.grpc.StatusRuntimeException: UNAVAILABLE: io exception
2019-11-08 16:13:20,870 [grpc-default-executor-2] INFO  impl.FollowerInfo (FollowerInfo.java:lambda$new$0(51)) - fdaf92da-19a4-414a-af4c-01715acef4ce@group-C086F38B8249->c0c4966b-a29b-458a-b1c2-0283d43e69e4: nextIndex: updateUnconditionally 1 -> 0
2019-11-08 16:13:20,870 [grpc-default-executor-0] INFO  impl.FollowerInfo (FollowerInfo.java:lambda$new$0(51)) - fdaf92da-19a4-414a-af4c-01715acef4ce@group-576F86D54FC4->c0c4966b-a29b-458a-b1c2-0283d43e69e4: nextIndex: updateUnconditionally 1 -> 0
2019-11-08 16:13:20,874 [grpc-default-executor-8] WARN  server.GrpcLogAppender (LogUtils.java:warn(134)) - fdaf92da-19a4-414a-af4c-01715acef4ce@group-C086F38B8249->c0c4966b-a29b-458a-b1c2-0283d43e69e4-AppendLogResponseHandler: Failed appendEntries: org.apache.ratis.thirdparty.io.grpc.StatusRuntimeException: UNAVAILABLE: io exception
2019-11-08 16:13:20,875 [grpc-default-executor-8] INFO  impl.FollowerInfo (FollowerInfo.java:lambda$new$0(51)) - fdaf92da-19a4-414a-af4c-01715acef4ce@group-C086F38B8249->c0c4966b-a29b-458a-b1c2-0283d43e69e4: nextIndex: updateUnconditionally 1 -> 0
2019-11-08 16:13:21,376 [grpc-default-executor-7] WARN  server.GrpcLogAppender (LogUtils.java:warn(134)) - fdaf92da-19a4-414a-af4c-01715acef4ce@group-C086F38B8249->c0c4966b-a29b-458a-b1c2-0283d43e69e4-AppendLogResponseHandler: Failed appendEntries: org.apache.ratis.thirdparty.io.grpc.StatusRuntimeException: UNAVAILABLE: io exception
2019-11-08 16:13:21,376 [grpc-default-executor-4] WARN  server.GrpcLogAppender (LogUtils.java:warn(134)) - fdaf92da-19a4-414a-af4c-01715acef4ce@group-576F86D54FC4->c0c4966b-a29b-458a-b1c2-0283d43e69e4-AppendLogResponseHandler: Failed appendEntries: org.apache.ratis.thirdparty.io.grpc.StatusRuntimeException: UNAVAILABLE: io exception
2019-11-08 16:13:21,377 [grpc-default-executor-7] INFO  impl.FollowerInfo (FollowerInfo.java:lambda$new$0(51)) - fdaf92da-19a4-414a-af4c-01715acef4ce@group-C086F38B8249->c0c4966b-a29b-458a-b1c2-0283d43e69e4: nextIndex: updateUnconditionally 0 -> 0
2019-11-08 16:13:21,377 [grpc-default-executor-4] INFO  impl.FollowerInfo (FollowerInfo.java:lambda$new$0(51)) - fdaf92da-19a4-414a-af4c-01715acef4ce@group-576F86D54FC4->c0c4966b-a29b-458a-b1c2-0283d43e69e4: nextIndex: updateUnconditionally 0 -> 0
2019-11-08 16:13:21,455 [Thread-1923] INFO  impl.FollowerState (FollowerState.java:run(111)) - fdaf92da-19a4-414a-af4c-01715acef4ce@group-E0D71A37EFC9-FollowerState: change to CANDIDATE, lastRpcTime:1939ms, electionTimeout:1099ms
2019-11-08 16:13:21,455 [Thread-1923] INFO  impl.RoleInfo (RoleInfo.java:shutdownFollowerState(121)) - fdaf92da-19a4-414a-af4c-01715acef4ce: shutdown FollowerState
2019-11-08 16:13:21,455 [Thread-1923] INFO  impl.RaftServerImpl (RaftServerImpl.java:setRole(173)) - fdaf92da-19a4-414a-af4c-01715acef4ce@group-E0D71A37EFC9: changes role from  FOLLOWER to CANDIDATE at term 2 for changeToCandidate
2019-11-08 16:13:21,455 [Thread-1923] INFO  impl.RoleInfo (RoleInfo.java:updateAndGet(143)) - fdaf92da-19a4-414a-af4c-01715acef4ce: start LeaderElection
2019-11-08 16:13:21,455 [fdaf92da-19a4-414a-af4c-01715acef4ce@group-E0D71A37EFC9-LeaderElection95] INFO  impl.RaftServerImpl (ServerState.java:setLeader(255)) - fdaf92da-19a4-414a-af4c-01715acef4ce@group-E0D71A37EFC9: change Leader from c0c4966b-a29b-458a-b1c2-0283d43e69e4 to null at term 2 for initElection
2019-11-08 16:13:21,493 [fdaf92da-19a4-414a-af4c-01715acef4ce@group-E0D71A37EFC9-LeaderElection95] INFO  impl.LeaderElection (LeaderElection.java:askForVotes(178)) - fdaf92da-19a4-414a-af4c-01715acef4ce@group-E0D71A37EFC9-LeaderElection95: begin an election at term 3 for 0: [4c8858b5-dd34-4dfa-8a80-c1e60ab9590b:192.168.69.121:43670, c0c4966b-a29b-458a-b1c2-0283d43e69e4:192.168.69.121:46426, fdaf92da-19a4-414a-af4c-01715acef4ce:192.168.69.121:37869], old=null
2019-11-08 16:13:21,496 [grpc-default-executor-4] INFO  impl.RaftServerImpl (ServerState.java:setLeader(255)) - 4c8858b5-dd34-4dfa-8a80-c1e60ab9590b@group-E0D71A37EFC9: change Leader from c0c4966b-a29b-458a-b1c2-0283d43e69e4 to null at term 3 for updateCurrentTerm
2019-11-08 16:13:21,496 [grpc-default-executor-4] INFO  impl.RaftServerImpl (RaftServerImpl.java:setRole(173)) - 4c8858b5-dd34-4dfa-8a80-c1e60ab9590b@group-E0D71A37EFC9: changes role from  FOLLOWER to FOLLOWER at term 3 for recognizeCandidate:fdaf92da-19a4-414a-af4c-01715acef4ce
2019-11-08 16:13:21,496 [grpc-default-executor-4] INFO  impl.RoleInfo (RoleInfo.java:shutdownFollowerState(121)) - 4c8858b5-dd34-4dfa-8a80-c1e60ab9590b: shutdown FollowerState
2019-11-08 16:13:21,496 [grpc-default-executor-4] INFO  impl.RoleInfo (RoleInfo.java:updateAndGet(143)) - 4c8858b5-dd34-4dfa-8a80-c1e60ab9590b: start FollowerState
2019-11-08 16:13:21,496 [fdaf92da-19a4-414a-af4c-01715acef4ce@group-E0D71A37EFC9-LeaderElection95] INFO  impl.LeaderElection (LogUtils.java:infoOrTrace(149)) - fdaf92da-19a4-414a-af4c-01715acef4ce@group-E0D71A37EFC9-LeaderElection95 got exception when requesting votes: {}
java.util.concurrent.ExecutionException: org.apache.ratis.thirdparty.io.grpc.StatusRuntimeException: UNAVAILABLE: io exception
	at java.util.concurrent.FutureTask.report(FutureTask.java:122)
	at java.util.concurrent.FutureTask.get(FutureTask.java:192)
	at org.apache.ratis.server.impl.LeaderElection.waitForResults(LeaderElection.java:259)
	at org.apache.ratis.server.impl.LeaderElection.askForVotes(LeaderElection.java:197)
	at org.apache.ratis.server.impl.LeaderElection.run(LeaderElection.java:133)
	at java.lang.Thread.run(Thread.java:748)
Caused by: org.apache.ratis.thirdparty.io.grpc.StatusRuntimeException: UNAVAILABLE: io exception
	at org.apache.ratis.thirdparty.io.grpc.stub.ClientCalls.toStatusRuntimeException(ClientCalls.java:233)
	at org.apache.ratis.thirdparty.io.grpc.stub.ClientCalls.getUnchecked(ClientCalls.java:214)
	at org.apache.ratis.thirdparty.io.grpc.stub.ClientCalls.blockingUnaryCall(ClientCalls.java:139)
	at org.apache.ratis.proto.grpc.RaftServerProtocolServiceGrpc$RaftServerProtocolServiceBlockingStub.requestVote(RaftServerProtocolServiceGrpc.java:265)
	at org.apache.ratis.grpc.server.GrpcServerProtocolClient.requestVote(GrpcServerProtocolClient.java:99)
	at org.apache.ratis.grpc.server.GrpcService.requestVote(GrpcService.java:204)
	at org.apache.ratis.server.impl.LeaderElection.lambda$submitRequests$1(LeaderElection.java:234)
	at java.util.concurrent.FutureTask.run(FutureTask.java:266)
	at java.util.concurrent.Executors$RunnableAdapter.call(Executors.java:511)
	at java.util.concurrent.FutureTask.run(FutureTask.java:266)
	at java.util.concurrent.ThreadPoolExecutor.runWorker(ThreadPoolExecutor.java:1149)
	at java.util.concurrent.ThreadPoolExecutor$Worker.run(ThreadPoolExecutor.java:624)
	... 1 more
Caused by: org.apache.ratis.thirdparty.io.netty.channel.AbstractChannel$AnnotatedConnectException: Connection refused: /192.168.69.121:46426
	at sun.nio.ch.SocketChannelImpl.checkConnect(Native Method)
	at sun.nio.ch.SocketChannelImpl.finishConnect(SocketChannelImpl.java:717)
	at org.apache.ratis.thirdparty.io.netty.channel.socket.nio.NioSocketChannel.doFinishConnect(NioSocketChannel.java:327)
	at org.apache.ratis.thirdparty.io.netty.channel.nio.AbstractNioChannel$AbstractNioUnsafe.finishConnect(AbstractNioChannel.java:340)
	at org.apache.ratis.thirdparty.io.netty.channel.nio.NioEventLoop.processSelectedKey(NioEventLoop.java:632)
	at org.apache.ratis.thirdparty.io.netty.channel.nio.NioEventLoop.processSelectedKeysOptimized(NioEventLoop.java:579)
	at org.apache.ratis.thirdparty.io.netty.channel.nio.NioEventLoop.processSelectedKeys(NioEventLoop.java:496)
	at org.apache.ratis.thirdparty.io.netty.channel.nio.NioEventLoop.run(NioEventLoop.java:458)
	at org.apache.ratis.thirdparty.io.netty.util.concurrent.SingleThreadEventExecutor$5.run(SingleThreadEventExecutor.java:897)
	at org.apache.ratis.thirdparty.io.netty.util.concurrent.FastThreadLocalRunnable.run(FastThreadLocalRunnable.java:30)
	... 1 more
Caused by: java.net.ConnectException: Connection refused
	... 11 more
2019-11-08 16:13:21,496 [Thread-1922] INFO  impl.FollowerState (FollowerState.java:run(120)) - 4c8858b5-dd34-4dfa-8a80-c1e60ab9590b@group-E0D71A37EFC9-FollowerState was interrupted: java.lang.InterruptedException: sleep interrupted
2019-11-08 16:13:21,530 [fdaf92da-19a4-414a-af4c-01715acef4ce@group-E0D71A37EFC9-LeaderElection95] INFO  impl.LeaderElection (LeaderElection.java:logAndReturn(56)) - fdaf92da-19a4-414a-af4c-01715acef4ce@group-E0D71A37EFC9-LeaderElection95: Election PASSED; received 1 response(s) [fdaf92da-19a4-414a-af4c-01715acef4ce<-4c8858b5-dd34-4dfa-8a80-c1e60ab9590b#0:OK-t3] and 1 exception(s); fdaf92da-19a4-414a-af4c-01715acef4ce@group-E0D71A37EFC9:t3, leader=null, voted=fdaf92da-19a4-414a-af4c-01715acef4ce, raftlog=fdaf92da-19a4-414a-af4c-01715acef4ce@group-E0D71A37EFC9-SegmentedRaftLog:OPENED:c0,f0,i0, conf=0: [4c8858b5-dd34-4dfa-8a80-c1e60ab9590b:192.168.69.121:43670, c0c4966b-a29b-458a-b1c2-0283d43e69e4:192.168.69.121:46426, fdaf92da-19a4-414a-af4c-01715acef4ce:192.168.69.121:37869], old=null
2019-11-08 16:13:21,530 [fdaf92da-19a4-414a-af4c-01715acef4ce@group-E0D71A37EFC9-LeaderElection95] INFO  impl.LeaderElection (LogUtils.java:infoOrTrace(149)) -   Exception 0: {}
java.util.concurrent.ExecutionException: org.apache.ratis.thirdparty.io.grpc.StatusRuntimeException: UNAVAILABLE: io exception
	at java.util.concurrent.FutureTask.report(FutureTask.java:122)
	at java.util.concurrent.FutureTask.get(FutureTask.java:192)
	at org.apache.ratis.server.impl.LeaderElection.waitForResults(LeaderElection.java:259)
	at org.apache.ratis.server.impl.LeaderElection.askForVotes(LeaderElection.java:197)
	at org.apache.ratis.server.impl.LeaderElection.run(LeaderElection.java:133)
	at java.lang.Thread.run(Thread.java:748)
Caused by: org.apache.ratis.thirdparty.io.grpc.StatusRuntimeException: UNAVAILABLE: io exception
	at org.apache.ratis.thirdparty.io.grpc.stub.ClientCalls.toStatusRuntimeException(ClientCalls.java:233)
	at org.apache.ratis.thirdparty.io.grpc.stub.ClientCalls.getUnchecked(ClientCalls.java:214)
	at org.apache.ratis.thirdparty.io.grpc.stub.ClientCalls.blockingUnaryCall(ClientCalls.java:139)
	at org.apache.ratis.proto.grpc.RaftServerProtocolServiceGrpc$RaftServerProtocolServiceBlockingStub.requestVote(RaftServerProtocolServiceGrpc.java:265)
	at org.apache.ratis.grpc.server.GrpcServerProtocolClient.requestVote(GrpcServerProtocolClient.java:99)
	at org.apache.ratis.grpc.server.GrpcService.requestVote(GrpcService.java:204)
	at org.apache.ratis.server.impl.LeaderElection.lambda$submitRequests$1(LeaderElection.java:234)
	at java.util.concurrent.FutureTask.run(FutureTask.java:266)
	at java.util.concurrent.Executors$RunnableAdapter.call(Executors.java:511)
	at java.util.concurrent.FutureTask.run(FutureTask.java:266)
	at java.util.concurrent.ThreadPoolExecutor.runWorker(ThreadPoolExecutor.java:1149)
	at java.util.concurrent.ThreadPoolExecutor$Worker.run(ThreadPoolExecutor.java:624)
	... 1 more
Caused by: org.apache.ratis.thirdparty.io.netty.channel.AbstractChannel$AnnotatedConnectException: Connection refused: /192.168.69.121:46426
	at sun.nio.ch.SocketChannelImpl.checkConnect(Native Method)
	at sun.nio.ch.SocketChannelImpl.finishConnect(SocketChannelImpl.java:717)
	at org.apache.ratis.thirdparty.io.netty.channel.socket.nio.NioSocketChannel.doFinishConnect(NioSocketChannel.java:327)
	at org.apache.ratis.thirdparty.io.netty.channel.nio.AbstractNioChannel$AbstractNioUnsafe.finishConnect(AbstractNioChannel.java:340)
	at org.apache.ratis.thirdparty.io.netty.channel.nio.NioEventLoop.processSelectedKey(NioEventLoop.java:632)
	at org.apache.ratis.thirdparty.io.netty.channel.nio.NioEventLoop.processSelectedKeysOptimized(NioEventLoop.java:579)
	at org.apache.ratis.thirdparty.io.netty.channel.nio.NioEventLoop.processSelectedKeys(NioEventLoop.java:496)
	at org.apache.ratis.thirdparty.io.netty.channel.nio.NioEventLoop.run(NioEventLoop.java:458)
	at org.apache.ratis.thirdparty.io.netty.util.concurrent.SingleThreadEventExecutor$5.run(SingleThreadEventExecutor.java:897)
	at org.apache.ratis.thirdparty.io.netty.util.concurrent.FastThreadLocalRunnable.run(FastThreadLocalRunnable.java:30)
	... 1 more
Caused by: java.net.ConnectException: Connection refused
	... 11 more
2019-11-08 16:13:21,530 [fdaf92da-19a4-414a-af4c-01715acef4ce@group-E0D71A37EFC9-LeaderElection95] INFO  impl.RoleInfo (RoleInfo.java:shutdownLeaderElection(134)) - fdaf92da-19a4-414a-af4c-01715acef4ce: shutdown LeaderElection
2019-11-08 16:13:21,530 [fdaf92da-19a4-414a-af4c-01715acef4ce@group-E0D71A37EFC9-LeaderElection95] INFO  impl.RaftServerImpl (RaftServerImpl.java:setRole(173)) - fdaf92da-19a4-414a-af4c-01715acef4ce@group-E0D71A37EFC9: changes role from CANDIDATE to LEADER at term 3 for changeToLeader
2019-11-08 16:13:21,530 [fdaf92da-19a4-414a-af4c-01715acef4ce@group-E0D71A37EFC9-LeaderElection95] INFO  impl.RaftServerImpl (ServerState.java:setLeader(255)) - fdaf92da-19a4-414a-af4c-01715acef4ce@group-E0D71A37EFC9: change Leader from null to fdaf92da-19a4-414a-af4c-01715acef4ce at term 3 for becomeLeader, leader elected after 74ms
2019-11-08 16:13:21,531 [fdaf92da-19a4-414a-af4c-01715acef4ce@group-E0D71A37EFC9-LeaderElection95] INFO  server.RaftServerConfigKeys (ConfUtils.java:logGet(43)) - raft.server.staging.catchup.gap = 1000 (default)
2019-11-08 16:13:21,531 [fdaf92da-19a4-414a-af4c-01715acef4ce@group-E0D71A37EFC9-LeaderElection95] INFO  server.RaftServerConfigKeys (ConfUtils.java:logGet(43)) - raft.server.rpc.sleep.time = 25ms (default)
2019-11-08 16:13:21,531 [fdaf92da-19a4-414a-af4c-01715acef4ce@group-E0D71A37EFC9-LeaderElection95] INFO  server.RaftServerConfigKeys (ConfUtils.java:logGet(43)) - raft.server.write.element-limit = 4096 (default)
2019-11-08 16:13:21,531 [fdaf92da-19a4-414a-af4c-01715acef4ce@group-E0D71A37EFC9-LeaderElection95] INFO  server.RaftServerConfigKeys (ConfUtils.java:logGet(43)) - raft.server.watch.timeout = 10s (default)
2019-11-08 16:13:21,531 [fdaf92da-19a4-414a-af4c-01715acef4ce@group-E0D71A37EFC9-LeaderElection95] INFO  server.RaftServerConfigKeys (ConfUtils.java:logGet(43)) - raft.server.watch.timeout.denomination = 1s (default)
2019-11-08 16:13:21,531 [fdaf92da-19a4-414a-af4c-01715acef4ce@group-E0D71A37EFC9-LeaderElection95] INFO  server.RaftServerConfigKeys (ConfUtils.java:logGet(43)) - raft.server.watch.element-limit = 65536 (default)
2019-11-08 16:13:21,531 [fdaf92da-19a4-414a-af4c-01715acef4ce@group-E0D71A37EFC9-LeaderElection95] INFO  server.RaftServerConfigKeys (ConfUtils.java:logGet(43)) - raft.server.log.appender.snapshot.chunk.size.max = 16MB (=16777216) (default)
2019-11-08 16:13:21,531 [fdaf92da-19a4-414a-af4c-01715acef4ce@group-E0D71A37EFC9-LeaderElection95] INFO  server.RaftServerConfigKeys (ConfUtils.java:logGet(43)) - raft.server.log.appender.buffer.byte-limit = 33554432 (custom)
2019-11-08 16:13:21,531 [fdaf92da-19a4-414a-af4c-01715acef4ce@group-E0D71A37EFC9-LeaderElection95] INFO  server.RaftServerConfigKeys (ConfUtils.java:logGet(43)) - raft.server.log.appender.buffer.element-limit = 1 (custom)
2019-11-08 16:13:21,532 [fdaf92da-19a4-414a-af4c-01715acef4ce@group-E0D71A37EFC9-LeaderElection95] INFO  grpc.GrpcConfigKeys$Server (ConfUtils.java:logGet(43)) - raft.grpc.server.leader.outstanding.appends.max = 128 (default)
2019-11-08 16:13:21,532 [fdaf92da-19a4-414a-af4c-01715acef4ce@group-E0D71A37EFC9-LeaderElection95] INFO  server.RaftServerConfigKeys (ConfUtils.java:logGet(43)) - raft.server.rpc.request.timeout = 3000ms (default)
2019-11-08 16:13:21,532 [fdaf92da-19a4-414a-af4c-01715acef4ce@group-E0D71A37EFC9-LeaderElection95] INFO  server.RaftServerConfigKeys (ConfUtils.java:logGet(43)) - raft.server.log.appender.install.snapshot.enabled = false (custom)
2019-11-08 16:13:21,532 [fdaf92da-19a4-414a-af4c-01715acef4ce@group-E0D71A37EFC9-LeaderElection95] WARN  impl.MetricRegistriesImpl (MetricRegistriesImpl.java:lambda$create$1(61)) - First MetricRegistry has been created without registering reporters. You may need to call MetricRegistries.global().addReportRegistration(...) before.
2019-11-08 16:13:21,532 [fdaf92da-19a4-414a-af4c-01715acef4ce@group-E0D71A37EFC9-LeaderElection95] INFO  server.RaftServerConfigKeys (ConfUtils.java:logGet(43)) - raft.server.log.appender.snapshot.chunk.size.max = 16MB (=16777216) (default)
2019-11-08 16:13:21,532 [fdaf92da-19a4-414a-af4c-01715acef4ce@group-E0D71A37EFC9-LeaderElection95] INFO  server.RaftServerConfigKeys (ConfUtils.java:logGet(43)) - raft.server.log.appender.buffer.byte-limit = 33554432 (custom)
2019-11-08 16:13:21,532 [fdaf92da-19a4-414a-af4c-01715acef4ce@group-E0D71A37EFC9-LeaderElection95] INFO  server.RaftServerConfigKeys (ConfUtils.java:logGet(43)) - raft.server.log.appender.buffer.element-limit = 1 (custom)
2019-11-08 16:13:21,532 [fdaf92da-19a4-414a-af4c-01715acef4ce@group-E0D71A37EFC9-LeaderElection95] INFO  grpc.GrpcConfigKeys$Server (ConfUtils.java:logGet(43)) - raft.grpc.server.leader.outstanding.appends.max = 128 (default)
2019-11-08 16:13:21,532 [fdaf92da-19a4-414a-af4c-01715acef4ce@group-E0D71A37EFC9-LeaderElection95] INFO  server.RaftServerConfigKeys (ConfUtils.java:logGet(43)) - raft.server.rpc.request.timeout = 3000ms (default)
2019-11-08 16:13:21,533 [fdaf92da-19a4-414a-af4c-01715acef4ce@group-E0D71A37EFC9-LeaderElection95] INFO  server.RaftServerConfigKeys (ConfUtils.java:logGet(43)) - raft.server.log.appender.install.snapshot.enabled = false (custom)
2019-11-08 16:13:21,533 [fdaf92da-19a4-414a-af4c-01715acef4ce@group-E0D71A37EFC9-LeaderElection95] INFO  impl.RoleInfo (RoleInfo.java:updateAndGet(143)) - fdaf92da-19a4-414a-af4c-01715acef4ce: start LeaderState
2019-11-08 16:13:21,533 [fdaf92da-19a4-414a-af4c-01715acef4ce@group-E0D71A37EFC9-LeaderElection95] INFO  segmented.SegmentedRaftLogWorker (SegmentedRaftLogWorker.java:rollLogSegment(390)) - fdaf92da-19a4-414a-af4c-01715acef4ce@group-E0D71A37EFC9-SegmentedRaftLogWorker: Rolling segment log-0_0 to index:0
2019-11-08 16:13:21,534 [fdaf92da-19a4-414a-af4c-01715acef4ce@group-E0D71A37EFC9-LeaderElection95] INFO  impl.RaftServerImpl (ServerState.java:setRaftConf(356)) - fdaf92da-19a4-414a-af4c-01715acef4ce@group-E0D71A37EFC9: set configuration 1: [4c8858b5-dd34-4dfa-8a80-c1e60ab9590b:192.168.69.121:43670, c0c4966b-a29b-458a-b1c2-0283d43e69e4:192.168.69.121:46426, fdaf92da-19a4-414a-af4c-01715acef4ce:192.168.69.121:37869], old=null at 1
2019-11-08 16:13:21,534 [fdaf92da-19a4-414a-af4c-01715acef4ce@group-E0D71A37EFC9-SegmentedRaftLogWorker] INFO  segmented.SegmentedRaftLogWorker (SegmentedRaftLogWorker.java:execute(533)) - fdaf92da-19a4-414a-af4c-01715acef4ce@group-E0D71A37EFC9-SegmentedRaftLogWorker: Rolled log segment from /workdir/hadoop-ozone/integration-test/target/test-dir/MiniOzoneClusterImpl-d855ef0a-1308-4748-ba6a-889d1c87fb48/datanode-0/data/ratis/303460ce-76e0-4ff4-9d60-e0d71a37efc9/current/log_inprogress_0 to /workdir/hadoop-ozone/integration-test/target/test-dir/MiniOzoneClusterImpl-d855ef0a-1308-4748-ba6a-889d1c87fb48/datanode-0/data/ratis/303460ce-76e0-4ff4-9d60-e0d71a37efc9/current/log_0-0
2019-11-08 16:13:21,534 [grpc-default-executor-4] WARN  server.GrpcLogAppender (LogUtils.java:warn(134)) - fdaf92da-19a4-414a-af4c-01715acef4ce@group-E0D71A37EFC9->c0c4966b-a29b-458a-b1c2-0283d43e69e4-AppendLogResponseHandler: Failed appendEntries: org.apache.ratis.thirdparty.io.grpc.StatusRuntimeException: UNAVAILABLE: io exception
2019-11-08 16:13:21,534 [grpc-default-executor-4] INFO  impl.FollowerInfo (FollowerInfo.java:lambda$new$0(51)) - fdaf92da-19a4-414a-af4c-01715acef4ce@group-E0D71A37EFC9->c0c4966b-a29b-458a-b1c2-0283d43e69e4: nextIndex: updateUnconditionally 1 -> 0
2019-11-08 16:13:21,535 [grpc-default-executor-4] INFO  impl.RaftServerImpl (ServerState.java:setLeader(255)) - 4c8858b5-dd34-4dfa-8a80-c1e60ab9590b@group-E0D71A37EFC9: change Leader from null to fdaf92da-19a4-414a-af4c-01715acef4ce at term 3 for appendEntries, leader elected after 39ms
2019-11-08 16:13:21,537 [grpc-default-executor-4] INFO  impl.RaftServerImpl (ServerState.java:setRaftConf(356)) - 4c8858b5-dd34-4dfa-8a80-c1e60ab9590b@group-E0D71A37EFC9: set configuration 1: [4c8858b5-dd34-4dfa-8a80-c1e60ab9590b:192.168.69.121:43670, c0c4966b-a29b-458a-b1c2-0283d43e69e4:192.168.69.121:46426, fdaf92da-19a4-414a-af4c-01715acef4ce:192.168.69.121:37869], old=null at 1
2019-11-08 16:13:21,537 [grpc-default-executor-4] INFO  segmented.SegmentedRaftLogWorker (SegmentedRaftLogWorker.java:rollLogSegment(390)) - 4c8858b5-dd34-4dfa-8a80-c1e60ab9590b@group-E0D71A37EFC9-SegmentedRaftLogWorker: Rolling segment log-0_0 to index:0
2019-11-08 16:13:21,537 [4c8858b5-dd34-4dfa-8a80-c1e60ab9590b@group-E0D71A37EFC9-SegmentedRaftLogWorker] INFO  segmented.SegmentedRaftLogWorker (SegmentedRaftLogWorker.java:execute(533)) - 4c8858b5-dd34-4dfa-8a80-c1e60ab9590b@group-E0D71A37EFC9-SegmentedRaftLogWorker: Rolled log segment from /workdir/hadoop-ozone/integration-test/target/test-dir/MiniOzoneClusterImpl-d855ef0a-1308-4748-ba6a-889d1c87fb48/datanode-7/data/ratis/303460ce-76e0-4ff4-9d60-e0d71a37efc9/current/log_inprogress_0 to /workdir/hadoop-ozone/integration-test/target/test-dir/MiniOzoneClusterImpl-d855ef0a-1308-4748-ba6a-889d1c87fb48/datanode-7/data/ratis/303460ce-76e0-4ff4-9d60-e0d71a37efc9/current/log_0-0
2019-11-08 16:13:21,600 [fdaf92da-19a4-414a-af4c-01715acef4ce@group-E0D71A37EFC9-SegmentedRaftLogWorker] INFO  segmented.SegmentedRaftLogWorker (SegmentedRaftLogWorker.java:execute(576)) - fdaf92da-19a4-414a-af4c-01715acef4ce@group-E0D71A37EFC9-SegmentedRaftLogWorker: created new log segment /workdir/hadoop-ozone/integration-test/target/test-dir/MiniOzoneClusterImpl-d855ef0a-1308-4748-ba6a-889d1c87fb48/datanode-0/data/ratis/303460ce-76e0-4ff4-9d60-e0d71a37efc9/current/log_inprogress_1
2019-11-08 16:13:21,600 [4c8858b5-dd34-4dfa-8a80-c1e60ab9590b@group-E0D71A37EFC9-SegmentedRaftLogWorker] INFO  segmented.SegmentedRaftLogWorker (SegmentedRaftLogWorker.java:execute(576)) - 4c8858b5-dd34-4dfa-8a80-c1e60ab9590b@group-E0D71A37EFC9-SegmentedRaftLogWorker: created new log segment /workdir/hadoop-ozone/integration-test/target/test-dir/MiniOzoneClusterImpl-d855ef0a-1308-4748-ba6a-889d1c87fb48/datanode-7/data/ratis/303460ce-76e0-4ff4-9d60-e0d71a37efc9/current/log_inprogress_1
2019-11-08 16:13:21,604 [grpc-default-executor-7] WARN  server.GrpcLogAppender (LogUtils.java:warn(134)) - fdaf92da-19a4-414a-af4c-01715acef4ce@group-E0D71A37EFC9->c0c4966b-a29b-458a-b1c2-0283d43e69e4-AppendLogResponseHandler: Failed appendEntries: org.apache.ratis.thirdparty.io.grpc.StatusRuntimeException: UNAVAILABLE: io exception
2019-11-08 16:13:21,605 [grpc-default-executor-7] INFO  impl.FollowerInfo (FollowerInfo.java:lambda$new$0(51)) - fdaf92da-19a4-414a-af4c-01715acef4ce@group-E0D71A37EFC9->c0c4966b-a29b-458a-b1c2-0283d43e69e4: nextIndex: updateUnconditionally 1 -> 0
2019-11-08 16:13:21,616 [grpc-default-executor-8] WARN  server.GrpcLogAppender (LogUtils.java:warn(134)) - fdaf92da-19a4-414a-af4c-01715acef4ce@group-E0D71A37EFC9->c0c4966b-a29b-458a-b1c2-0283d43e69e4-AppendLogResponseHandler: Failed appendEntries: org.apache.ratis.thirdparty.io.grpc.StatusRuntimeException: UNAVAILABLE: io exception
2019-11-08 16:13:21,617 [grpc-default-executor-8] INFO  impl.FollowerInfo (FollowerInfo.java:lambda$new$0(51)) - fdaf92da-19a4-414a-af4c-01715acef4ce@group-E0D71A37EFC9->c0c4966b-a29b-458a-b1c2-0283d43e69e4: nextIndex: updateUnconditionally 1 -> 0
2019-11-08 16:13:21,872 [grpc-default-executor-7] WARN  server.GrpcLogAppender (LogUtils.java:warn(134)) - fdaf92da-19a4-414a-af4c-01715acef4ce@group-576F86D54FC4->c0c4966b-a29b-458a-b1c2-0283d43e69e4-AppendLogResponseHandler: Failed appendEntries: org.apache.ratis.thirdparty.io.grpc.StatusRuntimeException: UNAVAILABLE: io exception
2019-11-08 16:13:21,872 [grpc-default-executor-7] INFO  impl.FollowerInfo (FollowerInfo.java:lambda$new$0(51)) - fdaf92da-19a4-414a-af4c-01715acef4ce@group-576F86D54FC4->c0c4966b-a29b-458a-b1c2-0283d43e69e4: nextIndex: updateUnconditionally 0 -> 0
2019-11-08 16:13:21,876 [grpc-default-executor-8] WARN  server.GrpcLogAppender (LogUtils.java:warn(134)) - fdaf92da-19a4-414a-af4c-01715acef4ce@group-C086F38B8249->c0c4966b-a29b-458a-b1c2-0283d43e69e4-AppendLogResponseHandler: Failed appendEntries: org.apache.ratis.thirdparty.io.grpc.StatusRuntimeException: UNAVAILABLE: io exception
2019-11-08 16:13:21,877 [grpc-default-executor-8] INFO  impl.FollowerInfo (FollowerInfo.java:lambda$new$0(51)) - fdaf92da-19a4-414a-af4c-01715acef4ce@group-C086F38B8249->c0c4966b-a29b-458a-b1c2-0283d43e69e4: nextIndex: updateUnconditionally 0 -> 0
2019-11-08 16:13:22,121 [grpc-default-executor-7] WARN  server.GrpcLogAppender (LogUtils.java:warn(134)) - fdaf92da-19a4-414a-af4c-01715acef4ce@group-E0D71A37EFC9->c0c4966b-a29b-458a-b1c2-0283d43e69e4-AppendLogResponseHandler: Failed appendEntries: org.apache.ratis.thirdparty.io.grpc.StatusRuntimeException: UNAVAILABLE: io exception
2019-11-08 16:13:22,121 [grpc-default-executor-7] INFO  impl.FollowerInfo (FollowerInfo.java:lambda$new$0(51)) - fdaf92da-19a4-414a-af4c-01715acef4ce@group-E0D71A37EFC9->c0c4966b-a29b-458a-b1c2-0283d43e69e4: nextIndex: updateUnconditionally 0 -> 0
2019-11-08 16:13:22,373 [grpc-default-executor-4] WARN  server.GrpcLogAppender (LogUtils.java:warn(134)) - fdaf92da-19a4-414a-af4c-01715acef4ce@group-576F86D54FC4->c0c4966b-a29b-458a-b1c2-0283d43e69e4-AppendLogResponseHandler: Failed appendEntries: org.apache.ratis.thirdparty.io.grpc.StatusRuntimeException: UNAVAILABLE: io exception
2019-11-08 16:13:22,374 [grpc-default-executor-4] INFO  impl.FollowerInfo (FollowerInfo.java:lambda$new$0(51)) - fdaf92da-19a4-414a-af4c-01715acef4ce@group-576F86D54FC4->c0c4966b-a29b-458a-b1c2-0283d43e69e4: nextIndex: updateUnconditionally 0 -> 0
2019-11-08 16:13:22,378 [grpc-default-executor-8] WARN  server.GrpcLogAppender (LogUtils.java:warn(134)) - fdaf92da-19a4-414a-af4c-01715acef4ce@group-C086F38B8249->c0c4966b-a29b-458a-b1c2-0283d43e69e4-AppendLogResponseHandler: Failed appendEntries: org.apache.ratis.thirdparty.io.grpc.StatusRuntimeException: UNAVAILABLE: io exception
2019-11-08 16:13:22,379 [grpc-default-executor-8] INFO  impl.FollowerInfo (FollowerInfo.java:lambda$new$0(51)) - fdaf92da-19a4-414a-af4c-01715acef4ce@group-C086F38B8249->c0c4966b-a29b-458a-b1c2-0283d43e69e4: nextIndex: updateUnconditionally 0 -> 0
2019-11-08 16:13:22,619 [grpc-default-executor-7] WARN  server.GrpcLogAppender (LogUtils.java:warn(134)) - fdaf92da-19a4-414a-af4c-01715acef4ce@group-E0D71A37EFC9->c0c4966b-a29b-458a-b1c2-0283d43e69e4-AppendLogResponseHandler: Failed appendEntries: org.apache.ratis.thirdparty.io.grpc.StatusRuntimeException: UNAVAILABLE: io exception
2019-11-08 16:13:22,620 [grpc-default-executor-7] INFO  impl.FollowerInfo (FollowerInfo.java:lambda$new$0(51)) - fdaf92da-19a4-414a-af4c-01715acef4ce@group-E0D71A37EFC9->c0c4966b-a29b-458a-b1c2-0283d43e69e4: nextIndex: updateUnconditionally 0 -> 0
2019-11-08 16:13:22,873 [grpc-default-executor-8] WARN  server.GrpcLogAppender (LogUtils.java:warn(134)) - fdaf92da-19a4-414a-af4c-01715acef4ce@group-576F86D54FC4->c0c4966b-a29b-458a-b1c2-0283d43e69e4-AppendLogResponseHandler: Failed appendEntries: org.apache.ratis.thirdparty.io.grpc.StatusRuntimeException: UNAVAILABLE: io exception
2019-11-08 16:13:22,874 [grpc-default-executor-8] INFO  impl.FollowerInfo (FollowerInfo.java:lambda$new$0(51)) - fdaf92da-19a4-414a-af4c-01715acef4ce@group-576F86D54FC4->c0c4966b-a29b-458a-b1c2-0283d43e69e4: nextIndex: updateUnconditionally 0 -> 0
2019-11-08 16:13:22,878 [grpc-default-executor-7] WARN  server.GrpcLogAppender (LogUtils.java:warn(134)) - fdaf92da-19a4-414a-af4c-01715acef4ce@group-C086F38B8249->c0c4966b-a29b-458a-b1c2-0283d43e69e4-AppendLogResponseHandler: Failed appendEntries: org.apache.ratis.thirdparty.io.grpc.StatusRuntimeException: UNAVAILABLE: io exception
2019-11-08 16:13:22,879 [grpc-default-executor-7] INFO  impl.FollowerInfo (FollowerInfo.java:lambda$new$0(51)) - fdaf92da-19a4-414a-af4c-01715acef4ce@group-C086F38B8249->c0c4966b-a29b-458a-b1c2-0283d43e69e4: nextIndex: updateUnconditionally 0 -> 0
2019-11-08 16:13:23,122 [grpc-default-executor-4] WARN  server.GrpcLogAppender (LogUtils.java:warn(134)) - fdaf92da-19a4-414a-af4c-01715acef4ce@group-E0D71A37EFC9->c0c4966b-a29b-458a-b1c2-0283d43e69e4-AppendLogResponseHandler: Failed appendEntries: org.apache.ratis.thirdparty.io.grpc.StatusRuntimeException: UNAVAILABLE: io exception
2019-11-08 16:13:23,122 [grpc-default-executor-4] INFO  impl.FollowerInfo (FollowerInfo.java:lambda$new$0(51)) - fdaf92da-19a4-414a-af4c-01715acef4ce@group-E0D71A37EFC9->c0c4966b-a29b-458a-b1c2-0283d43e69e4: nextIndex: updateUnconditionally 0 -> 0
2019-11-08 16:13:23,374 [grpc-default-executor-8] WARN  server.GrpcLogAppender (LogUtils.java:warn(134)) - fdaf92da-19a4-414a-af4c-01715acef4ce@group-576F86D54FC4->c0c4966b-a29b-458a-b1c2-0283d43e69e4-AppendLogResponseHandler: Failed appendEntries: org.apache.ratis.thirdparty.io.grpc.StatusRuntimeException: UNAVAILABLE: io exception
2019-11-08 16:13:23,374 [grpc-default-executor-8] INFO  impl.FollowerInfo (FollowerInfo.java:lambda$new$0(51)) - fdaf92da-19a4-414a-af4c-01715acef4ce@group-576F86D54FC4->c0c4966b-a29b-458a-b1c2-0283d43e69e4: nextIndex: updateUnconditionally 0 -> 0
2019-11-08 16:13:23,379 [grpc-default-executor-8] WARN  server.GrpcLogAppender (LogUtils.java:warn(134)) - fdaf92da-19a4-414a-af4c-01715acef4ce@group-C086F38B8249->c0c4966b-a29b-458a-b1c2-0283d43e69e4-AppendLogResponseHandler: Failed appendEntries: org.apache.ratis.thirdparty.io.grpc.StatusRuntimeException: UNAVAILABLE: io exception
2019-11-08 16:13:23,379 [grpc-default-executor-8] INFO  impl.FollowerInfo (FollowerInfo.java:lambda$new$0(51)) - fdaf92da-19a4-414a-af4c-01715acef4ce@group-C086F38B8249->c0c4966b-a29b-458a-b1c2-0283d43e69e4: nextIndex: updateUnconditionally 0 -> 0
2019-11-08 16:13:23,621 [grpc-default-executor-8] WARN  server.GrpcLogAppender (LogUtils.java:warn(134)) - fdaf92da-19a4-414a-af4c-01715acef4ce@group-E0D71A37EFC9->c0c4966b-a29b-458a-b1c2-0283d43e69e4-AppendLogResponseHandler: Failed appendEntries: org.apache.ratis.thirdparty.io.grpc.StatusRuntimeException: UNAVAILABLE: io exception
2019-11-08 16:13:23,621 [grpc-default-executor-8] INFO  impl.FollowerInfo (FollowerInfo.java:lambda$new$0(51)) - fdaf92da-19a4-414a-af4c-01715acef4ce@group-E0D71A37EFC9->c0c4966b-a29b-458a-b1c2-0283d43e69e4: nextIndex: updateUnconditionally 0 -> 0
2019-11-08 16:13:23,875 [grpc-default-executor-7] WARN  server.GrpcLogAppender (LogUtils.java:warn(134)) - fdaf92da-19a4-414a-af4c-01715acef4ce@group-576F86D54FC4->c0c4966b-a29b-458a-b1c2-0283d43e69e4-AppendLogResponseHandler: Failed appendEntries: org.apache.ratis.thirdparty.io.grpc.StatusRuntimeException: UNAVAILABLE: io exception
2019-11-08 16:13:23,876 [grpc-default-executor-7] INFO  impl.FollowerInfo (FollowerInfo.java:lambda$new$0(51)) - fdaf92da-19a4-414a-af4c-01715acef4ce@group-576F86D54FC4->c0c4966b-a29b-458a-b1c2-0283d43e69e4: nextIndex: updateUnconditionally 0 -> 0
2019-11-08 16:13:23,880 [grpc-default-executor-0] WARN  server.GrpcLogAppender (LogUtils.java:warn(134)) - fdaf92da-19a4-414a-af4c-01715acef4ce@group-C086F38B8249->c0c4966b-a29b-458a-b1c2-0283d43e69e4-AppendLogResponseHandler: Failed appendEntries: org.apache.ratis.thirdparty.io.grpc.StatusRuntimeException: UNAVAILABLE: io exception
2019-11-08 16:13:23,880 [grpc-default-executor-0] INFO  impl.FollowerInfo (FollowerInfo.java:lambda$new$0(51)) - fdaf92da-19a4-414a-af4c-01715acef4ce@group-C086F38B8249->c0c4966b-a29b-458a-b1c2-0283d43e69e4: nextIndex: updateUnconditionally 0 -> 0
2019-11-08 16:13:24,124 [grpc-default-executor-7] WARN  server.GrpcLogAppender (LogUtils.java:warn(134)) - fdaf92da-19a4-414a-af4c-01715acef4ce@group-E0D71A37EFC9->c0c4966b-a29b-458a-b1c2-0283d43e69e4-AppendLogResponseHandler: Failed appendEntries: org.apache.ratis.thirdparty.io.grpc.StatusRuntimeException: UNAVAILABLE: io exception
2019-11-08 16:13:24,125 [grpc-default-executor-7] INFO  impl.FollowerInfo (FollowerInfo.java:lambda$new$0(51)) - fdaf92da-19a4-414a-af4c-01715acef4ce@group-E0D71A37EFC9->c0c4966b-a29b-458a-b1c2-0283d43e69e4: nextIndex: updateUnconditionally 0 -> 0
2019-11-08 16:13:24,377 [grpc-default-executor-7] WARN  server.GrpcLogAppender (LogUtils.java:warn(134)) - fdaf92da-19a4-414a-af4c-01715acef4ce@group-576F86D54FC4->c0c4966b-a29b-458a-b1c2-0283d43e69e4-AppendLogResponseHandler: Failed appendEntries: org.apache.ratis.thirdparty.io.grpc.StatusRuntimeException: UNAVAILABLE: io exception
2019-11-08 16:13:24,378 [grpc-default-executor-7] INFO  impl.FollowerInfo (FollowerInfo.java:lambda$new$0(51)) - fdaf92da-19a4-414a-af4c-01715acef4ce@group-576F86D54FC4->c0c4966b-a29b-458a-b1c2-0283d43e69e4: nextIndex: updateUnconditionally 0 -> 0
2019-11-08 16:13:24,380 [grpc-default-executor-4] WARN  server.GrpcLogAppender (LogUtils.java:warn(134)) - fdaf92da-19a4-414a-af4c-01715acef4ce@group-C086F38B8249->c0c4966b-a29b-458a-b1c2-0283d43e69e4-AppendLogResponseHandler: Failed appendEntries: org.apache.ratis.thirdparty.io.grpc.StatusRuntimeException: UNAVAILABLE: io exception
2019-11-08 16:13:24,381 [grpc-default-executor-4] INFO  impl.FollowerInfo (FollowerInfo.java:lambda$new$0(51)) - fdaf92da-19a4-414a-af4c-01715acef4ce@group-C086F38B8249->c0c4966b-a29b-458a-b1c2-0283d43e69e4: nextIndex: updateUnconditionally 0 -> 0
2019-11-08 16:13:24,620 [main] INFO  ozoneimpl.OzoneContainer (OzoneContainer.java:stop(232)) - Attempting to stop container services.
2019-11-08 16:13:24,620 [main] INFO  impl.RaftServerProxy (RaftServerProxy.java:lambda$close$4(314)) - 7e32dd82-55f5-4385-83a6-80d378f14338: close
2019-11-08 16:13:24,621 [main] INFO  server.GrpcService (GrpcService.java:closeImpl(164)) - 7e32dd82-55f5-4385-83a6-80d378f14338: shutdown server with port 39611 now
2019-11-08 16:13:24,621 [main] INFO  server.GrpcService (GrpcService.java:closeImpl(172)) - 7e32dd82-55f5-4385-83a6-80d378f14338: shutdown server with port 39611 successfully
2019-11-08 16:13:24,623 [refreshUsed-/workdir/hadoop-ozone/integration-test/target/test-dir/MiniOzoneClusterImpl-d855ef0a-1308-4748-ba6a-889d1c87fb48/datanode-8/data/containers] WARN  fs.CachingGetSpaceUsed (CachingGetSpaceUsed.java:run(183)) - Thread Interrupted waiting to refresh disk information: sleep interrupted
2019-11-08 16:13:24,623 [grpc-default-executor-0] WARN  server.GrpcLogAppender (LogUtils.java:warn(134)) - fdaf92da-19a4-414a-af4c-01715acef4ce@group-E0D71A37EFC9->c0c4966b-a29b-458a-b1c2-0283d43e69e4-AppendLogResponseHandler: Failed appendEntries: org.apache.ratis.thirdparty.io.grpc.StatusRuntimeException: UNAVAILABLE: io exception
2019-11-08 16:13:24,624 [grpc-default-executor-0] INFO  impl.FollowerInfo (FollowerInfo.java:lambda$new$0(51)) - fdaf92da-19a4-414a-af4c-01715acef4ce@group-E0D71A37EFC9->c0c4966b-a29b-458a-b1c2-0283d43e69e4: nextIndex: updateUnconditionally 0 -> 0
2019-11-08 16:13:24,639 [main] INFO  utils.BackgroundService (BackgroundService.java:shutdown(151)) - Shutting down service BlockDeletingService
2019-11-08 16:13:24,644 [main] INFO  statemachine.DatanodeStateMachine (DatanodeStateMachine.java:stopDaemon(395)) - Ozone container server stopped.
2019-11-08 16:13:24,686 [ForkJoinPool.commonPool-worker-1] INFO  ozoneimpl.OzoneContainer (OzoneContainer.java:stop(232)) - Attempting to stop container services.
2019-11-08 16:13:24,686 [ForkJoinPool.commonPool-worker-1] INFO  impl.RaftServerProxy (RaftServerProxy.java:lambda$close$4(314)) - 8a72f15d-ea41-479b-ae82-b54d06415f76: close
2019-11-08 16:13:24,686 [ForkJoinPool.commonPool-worker-1] INFO  server.GrpcService (GrpcService.java:closeImpl(164)) - 8a72f15d-ea41-479b-ae82-b54d06415f76: shutdown server with port 39941 now
2019-11-08 16:13:24,687 [ForkJoinPool.commonPool-worker-1] INFO  server.GrpcService (GrpcService.java:closeImpl(172)) - 8a72f15d-ea41-479b-ae82-b54d06415f76: shutdown server with port 39941 successfully
2019-11-08 16:13:24,687 [refreshUsed-/workdir/hadoop-ozone/integration-test/target/test-dir/MiniOzoneClusterImpl-d855ef0a-1308-4748-ba6a-889d1c87fb48/datanode-4/data/containers] WARN  fs.CachingGetSpaceUsed (CachingGetSpaceUsed.java:run(183)) - Thread Interrupted waiting to refresh disk information: sleep interrupted
2019-11-08 16:13:24,699 [ForkJoinPool.commonPool-worker-1] INFO  utils.BackgroundService (BackgroundService.java:shutdown(151)) - Shutting down service BlockDeletingService
2019-11-08 16:13:24,703 [ForkJoinPool.commonPool-worker-1] INFO  statemachine.DatanodeStateMachine (DatanodeStateMachine.java:stopDaemon(395)) - Ozone container server stopped.
2019-11-08 16:13:24,876 [grpc-default-executor-7] WARN  server.GrpcLogAppender (LogUtils.java:warn(134)) - fdaf92da-19a4-414a-af4c-01715acef4ce@group-576F86D54FC4->c0c4966b-a29b-458a-b1c2-0283d43e69e4-AppendLogResponseHandler: Failed appendEntries: org.apache.ratis.thirdparty.io.grpc.StatusRuntimeException: UNAVAILABLE: io exception
2019-11-08 16:13:24,877 [grpc-default-executor-7] INFO  impl.FollowerInfo (FollowerInfo.java:lambda$new$0(51)) - fdaf92da-19a4-414a-af4c-01715acef4ce@group-576F86D54FC4->c0c4966b-a29b-458a-b1c2-0283d43e69e4: nextIndex: updateUnconditionally 0 -> 0
2019-11-08 16:13:24,881 [grpc-default-executor-0] WARN  server.GrpcLogAppender (LogUtils.java:warn(134)) - fdaf92da-19a4-414a-af4c-01715acef4ce@group-C086F38B8249->c0c4966b-a29b-458a-b1c2-0283d43e69e4-AppendLogResponseHandler: Failed appendEntries: org.apache.ratis.thirdparty.io.grpc.StatusRuntimeException: UNAVAILABLE: io exception
2019-11-08 16:13:24,881 [grpc-default-executor-0] INFO  impl.FollowerInfo (FollowerInfo.java:lambda$new$0(51)) - fdaf92da-19a4-414a-af4c-01715acef4ce@group-C086F38B8249->c0c4966b-a29b-458a-b1c2-0283d43e69e4: nextIndex: updateUnconditionally 0 -> 0
2019-11-08 16:13:25,124 [grpc-default-executor-4] WARN  server.GrpcLogAppender (LogUtils.java:warn(134)) - fdaf92da-19a4-414a-af4c-01715acef4ce@group-E0D71A37EFC9->c0c4966b-a29b-458a-b1c2-0283d43e69e4-AppendLogResponseHandler: Failed appendEntries: org.apache.ratis.thirdparty.io.grpc.StatusRuntimeException: UNAVAILABLE: io exception
2019-11-08 16:13:25,124 [grpc-default-executor-4] INFO  impl.FollowerInfo (FollowerInfo.java:lambda$new$0(51)) - fdaf92da-19a4-414a-af4c-01715acef4ce@group-E0D71A37EFC9->c0c4966b-a29b-458a-b1c2-0283d43e69e4: nextIndex: updateUnconditionally 0 -> 0
2019-11-08 16:13:25,378 [grpc-default-executor-0] WARN  server.GrpcLogAppender (LogUtils.java:warn(134)) - fdaf92da-19a4-414a-af4c-01715acef4ce@group-576F86D54FC4->c0c4966b-a29b-458a-b1c2-0283d43e69e4-AppendLogResponseHandler: Failed appendEntries: org.apache.ratis.thirdparty.io.grpc.StatusRuntimeException: UNAVAILABLE: io exception
2019-11-08 16:13:25,378 [grpc-default-executor-0] INFO  impl.FollowerInfo (FollowerInfo.java:lambda$new$0(51)) - fdaf92da-19a4-414a-af4c-01715acef4ce@group-576F86D54FC4->c0c4966b-a29b-458a-b1c2-0283d43e69e4: nextIndex: updateUnconditionally 0 -> 0
2019-11-08 16:13:25,382 [grpc-default-executor-7] WARN  server.GrpcLogAppender (LogUtils.java:warn(134)) - fdaf92da-19a4-414a-af4c-01715acef4ce@group-C086F38B8249->c0c4966b-a29b-458a-b1c2-0283d43e69e4-AppendLogResponseHandler: Failed appendEntries: org.apache.ratis.thirdparty.io.grpc.StatusRuntimeException: UNAVAILABLE: io exception
2019-11-08 16:13:25,382 [grpc-default-executor-7] INFO  impl.FollowerInfo (FollowerInfo.java:lambda$new$0(51)) - fdaf92da-19a4-414a-af4c-01715acef4ce@group-C086F38B8249->c0c4966b-a29b-458a-b1c2-0283d43e69e4: nextIndex: updateUnconditionally 0 -> 0
2019-11-08 16:13:25,625 [grpc-default-executor-0] WARN  server.GrpcLogAppender (LogUtils.java:warn(134)) - fdaf92da-19a4-414a-af4c-01715acef4ce@group-E0D71A37EFC9->c0c4966b-a29b-458a-b1c2-0283d43e69e4-AppendLogResponseHandler: Failed appendEntries: org.apache.ratis.thirdparty.io.grpc.StatusRuntimeException: UNAVAILABLE: io exception
2019-11-08 16:13:25,625 [grpc-default-executor-0] INFO  impl.FollowerInfo (FollowerInfo.java:lambda$new$0(51)) - fdaf92da-19a4-414a-af4c-01715acef4ce@group-E0D71A37EFC9->c0c4966b-a29b-458a-b1c2-0283d43e69e4: nextIndex: updateUnconditionally 0 -> 0
2019-11-08 16:13:25,878 [grpc-default-executor-0] WARN  server.GrpcLogAppender (LogUtils.java:warn(134)) - fdaf92da-19a4-414a-af4c-01715acef4ce@group-576F86D54FC4->c0c4966b-a29b-458a-b1c2-0283d43e69e4-AppendLogResponseHandler: Failed appendEntries: org.apache.ratis.thirdparty.io.grpc.StatusRuntimeException: UNAVAILABLE: io exception
2019-11-08 16:13:25,879 [grpc-default-executor-0] INFO  impl.FollowerInfo (FollowerInfo.java:lambda$new$0(51)) - fdaf92da-19a4-414a-af4c-01715acef4ce@group-576F86D54FC4->c0c4966b-a29b-458a-b1c2-0283d43e69e4: nextIndex: updateUnconditionally 0 -> 0
2019-11-08 16:13:25,882 [grpc-default-executor-4] WARN  server.GrpcLogAppender (LogUtils.java:warn(134)) - fdaf92da-19a4-414a-af4c-01715acef4ce@group-C086F38B8249->c0c4966b-a29b-458a-b1c2-0283d43e69e4-AppendLogResponseHandler: Failed appendEntries: org.apache.ratis.thirdparty.io.grpc.StatusRuntimeException: UNAVAILABLE: io exception
2019-11-08 16:13:25,883 [grpc-default-executor-4] INFO  impl.FollowerInfo (FollowerInfo.java:lambda$new$0(51)) - fdaf92da-19a4-414a-af4c-01715acef4ce@group-C086F38B8249->c0c4966b-a29b-458a-b1c2-0283d43e69e4: nextIndex: updateUnconditionally 0 -> 0
2019-11-08 16:13:26,125 [grpc-default-executor-7] WARN  server.GrpcLogAppender (LogUtils.java:warn(134)) - fdaf92da-19a4-414a-af4c-01715acef4ce@group-E0D71A37EFC9->c0c4966b-a29b-458a-b1c2-0283d43e69e4-AppendLogResponseHandler: Failed appendEntries: org.apache.ratis.thirdparty.io.grpc.StatusRuntimeException: UNAVAILABLE: io exception
2019-11-08 16:13:26,126 [grpc-default-executor-7] INFO  impl.FollowerInfo (FollowerInfo.java:lambda$new$0(51)) - fdaf92da-19a4-414a-af4c-01715acef4ce@group-E0D71A37EFC9->c0c4966b-a29b-458a-b1c2-0283d43e69e4: nextIndex: updateUnconditionally 0 -> 0
2019-11-08 16:13:26,379 [grpc-default-executor-7] WARN  server.GrpcLogAppender (LogUtils.java:warn(134)) - fdaf92da-19a4-414a-af4c-01715acef4ce@group-576F86D54FC4->c0c4966b-a29b-458a-b1c2-0283d43e69e4-AppendLogResponseHandler: Failed appendEntries: org.apache.ratis.thirdparty.io.grpc.StatusRuntimeException: UNAVAILABLE: io exception
2019-11-08 16:13:26,379 [grpc-default-executor-7] INFO  impl.FollowerInfo (FollowerInfo.java:lambda$new$0(51)) - fdaf92da-19a4-414a-af4c-01715acef4ce@group-576F86D54FC4->c0c4966b-a29b-458a-b1c2-0283d43e69e4: nextIndex: updateUnconditionally 0 -> 0
2019-11-08 16:13:26,382 [grpc-default-executor-0] WARN  server.GrpcLogAppender (LogUtils.java:warn(134)) - fdaf92da-19a4-414a-af4c-01715acef4ce@group-C086F38B8249->c0c4966b-a29b-458a-b1c2-0283d43e69e4-AppendLogResponseHandler: Failed appendEntries: org.apache.ratis.thirdparty.io.grpc.StatusRuntimeException: UNAVAILABLE: io exception
2019-11-08 16:13:26,383 [grpc-default-executor-0] INFO  impl.FollowerInfo (FollowerInfo.java:lambda$new$0(51)) - fdaf92da-19a4-414a-af4c-01715acef4ce@group-C086F38B8249->c0c4966b-a29b-458a-b1c2-0283d43e69e4: nextIndex: updateUnconditionally 0 -> 0
2019-11-08 16:13:26,626 [grpc-default-executor-4] WARN  server.GrpcLogAppender (LogUtils.java:warn(134)) - fdaf92da-19a4-414a-af4c-01715acef4ce@group-E0D71A37EFC9->c0c4966b-a29b-458a-b1c2-0283d43e69e4-AppendLogResponseHandler: Failed appendEntries: org.apache.ratis.thirdparty.io.grpc.StatusRuntimeException: UNAVAILABLE: io exception
2019-11-08 16:13:26,626 [grpc-default-executor-4] INFO  impl.FollowerInfo (FollowerInfo.java:lambda$new$0(51)) - fdaf92da-19a4-414a-af4c-01715acef4ce@group-E0D71A37EFC9->c0c4966b-a29b-458a-b1c2-0283d43e69e4: nextIndex: updateUnconditionally 0 -> 0
2019-11-08 16:13:26,881 [grpc-default-executor-7] WARN  server.GrpcLogAppender (LogUtils.java:warn(134)) - fdaf92da-19a4-414a-af4c-01715acef4ce@group-576F86D54FC4->c0c4966b-a29b-458a-b1c2-0283d43e69e4-AppendLogResponseHandler: Failed appendEntries: org.apache.ratis.thirdparty.io.grpc.StatusRuntimeException: UNAVAILABLE: io exception
2019-11-08 16:13:26,881 [grpc-default-executor-7] INFO  impl.FollowerInfo (FollowerInfo.java:lambda$new$0(51)) - fdaf92da-19a4-414a-af4c-01715acef4ce@group-576F86D54FC4->c0c4966b-a29b-458a-b1c2-0283d43e69e4: nextIndex: updateUnconditionally 0 -> 0
2019-11-08 16:13:26,883 [grpc-default-executor-0] WARN  server.GrpcLogAppender (LogUtils.java:warn(134)) - fdaf92da-19a4-414a-af4c-01715acef4ce@group-C086F38B8249->c0c4966b-a29b-458a-b1c2-0283d43e69e4-AppendLogResponseHandler: Failed appendEntries: org.apache.ratis.thirdparty.io.grpc.StatusRuntimeException: UNAVAILABLE: io exception
2019-11-08 16:13:26,884 [grpc-default-executor-0] INFO  impl.FollowerInfo (FollowerInfo.java:lambda$new$0(51)) - fdaf92da-19a4-414a-af4c-01715acef4ce@group-C086F38B8249->c0c4966b-a29b-458a-b1c2-0283d43e69e4: nextIndex: updateUnconditionally 0 -> 0
2019-11-08 16:13:27,130 [grpc-default-executor-0] WARN  server.GrpcLogAppender (LogUtils.java:warn(134)) - fdaf92da-19a4-414a-af4c-01715acef4ce@group-E0D71A37EFC9->c0c4966b-a29b-458a-b1c2-0283d43e69e4-AppendLogResponseHandler: Failed appendEntries: org.apache.ratis.thirdparty.io.grpc.StatusRuntimeException: UNAVAILABLE: io exception
2019-11-08 16:13:27,131 [grpc-default-executor-0] INFO  impl.FollowerInfo (FollowerInfo.java:lambda$new$0(51)) - fdaf92da-19a4-414a-af4c-01715acef4ce@group-E0D71A37EFC9->c0c4966b-a29b-458a-b1c2-0283d43e69e4: nextIndex: updateUnconditionally 0 -> 0
2019-11-08 16:13:27,382 [grpc-default-executor-4] WARN  server.GrpcLogAppender (LogUtils.java:warn(134)) - fdaf92da-19a4-414a-af4c-01715acef4ce@group-576F86D54FC4->c0c4966b-a29b-458a-b1c2-0283d43e69e4-AppendLogResponseHandler: Failed appendEntries: org.apache.ratis.thirdparty.io.grpc.StatusRuntimeException: UNAVAILABLE: io exception
2019-11-08 16:13:27,382 [grpc-default-executor-4] INFO  impl.FollowerInfo (FollowerInfo.java:lambda$new$0(51)) - fdaf92da-19a4-414a-af4c-01715acef4ce@group-576F86D54FC4->c0c4966b-a29b-458a-b1c2-0283d43e69e4: nextIndex: updateUnconditionally 0 -> 0
2019-11-08 16:13:27,385 [grpc-default-executor-0] WARN  server.GrpcLogAppender (LogUtils.java:warn(134)) - fdaf92da-19a4-414a-af4c-01715acef4ce@group-C086F38B8249->c0c4966b-a29b-458a-b1c2-0283d43e69e4-AppendLogResponseHandler: Failed appendEntries: org.apache.ratis.thirdparty.io.grpc.StatusRuntimeException: UNAVAILABLE: io exception
2019-11-08 16:13:27,385 [grpc-default-executor-0] INFO  impl.FollowerInfo (FollowerInfo.java:lambda$new$0(51)) - fdaf92da-19a4-414a-af4c-01715acef4ce@group-C086F38B8249->c0c4966b-a29b-458a-b1c2-0283d43e69e4: nextIndex: updateUnconditionally 0 -> 0
2019-11-08 16:13:27,630 [grpc-default-executor-7] WARN  server.GrpcLogAppender (LogUtils.java:warn(134)) - fdaf92da-19a4-414a-af4c-01715acef4ce@group-E0D71A37EFC9->c0c4966b-a29b-458a-b1c2-0283d43e69e4-AppendLogResponseHandler: Failed appendEntries: org.apache.ratis.thirdparty.io.grpc.StatusRuntimeException: UNAVAILABLE: io exception
2019-11-08 16:13:27,630 [grpc-default-executor-7] INFO  impl.FollowerInfo (FollowerInfo.java:lambda$new$0(51)) - fdaf92da-19a4-414a-af4c-01715acef4ce@group-E0D71A37EFC9->c0c4966b-a29b-458a-b1c2-0283d43e69e4: nextIndex: updateUnconditionally 0 -> 0
2019-11-08 16:13:27,884 [grpc-default-executor-4] WARN  server.GrpcLogAppender (LogUtils.java:warn(134)) - fdaf92da-19a4-414a-af4c-01715acef4ce@group-576F86D54FC4->c0c4966b-a29b-458a-b1c2-0283d43e69e4-AppendLogResponseHandler: Failed appendEntries: org.apache.ratis.thirdparty.io.grpc.StatusRuntimeException: UNAVAILABLE: io exception
2019-11-08 16:13:27,884 [grpc-default-executor-7] WARN  server.GrpcLogAppender (LogUtils.java:warn(134)) - fdaf92da-19a4-414a-af4c-01715acef4ce@group-C086F38B8249->c0c4966b-a29b-458a-b1c2-0283d43e69e4-AppendLogResponseHandler: Failed appendEntries: org.apache.ratis.thirdparty.io.grpc.StatusRuntimeException: UNAVAILABLE: io exception
2019-11-08 16:13:27,884 [grpc-default-executor-4] INFO  impl.FollowerInfo (FollowerInfo.java:lambda$new$0(51)) - fdaf92da-19a4-414a-af4c-01715acef4ce@group-576F86D54FC4->c0c4966b-a29b-458a-b1c2-0283d43e69e4: nextIndex: updateUnconditionally 0 -> 0
2019-11-08 16:13:27,884 [grpc-default-executor-7] INFO  impl.FollowerInfo (FollowerInfo.java:lambda$new$0(51)) - fdaf92da-19a4-414a-af4c-01715acef4ce@group-C086F38B8249->c0c4966b-a29b-458a-b1c2-0283d43e69e4: nextIndex: updateUnconditionally 0 -> 0
2019-11-08 16:13:28,131 [grpc-default-executor-0] WARN  server.GrpcLogAppender (LogUtils.java:warn(134)) - fdaf92da-19a4-414a-af4c-01715acef4ce@group-E0D71A37EFC9->c0c4966b-a29b-458a-b1c2-0283d43e69e4-AppendLogResponseHandler: Failed appendEntries: org.apache.ratis.thirdparty.io.grpc.StatusRuntimeException: UNAVAILABLE: io exception
2019-11-08 16:13:28,132 [grpc-default-executor-0] INFO  impl.FollowerInfo (FollowerInfo.java:lambda$new$0(51)) - fdaf92da-19a4-414a-af4c-01715acef4ce@group-E0D71A37EFC9->c0c4966b-a29b-458a-b1c2-0283d43e69e4: nextIndex: updateUnconditionally 0 -> 0
2019-11-08 16:13:28,384 [grpc-default-executor-4] WARN  server.GrpcLogAppender (LogUtils.java:warn(134)) - fdaf92da-19a4-414a-af4c-01715acef4ce@group-C086F38B8249->c0c4966b-a29b-458a-b1c2-0283d43e69e4-AppendLogResponseHandler: Failed appendEntries: org.apache.ratis.thirdparty.io.grpc.StatusRuntimeException: UNAVAILABLE: io exception
2019-11-08 16:13:28,385 [grpc-default-executor-8] WARN  server.GrpcLogAppender (LogUtils.java:warn(134)) - fdaf92da-19a4-414a-af4c-01715acef4ce@group-576F86D54FC4->c0c4966b-a29b-458a-b1c2-0283d43e69e4-AppendLogResponseHandler: Failed appendEntries: org.apache.ratis.thirdparty.io.grpc.StatusRuntimeException: UNAVAILABLE: io exception
2019-11-08 16:13:28,385 [grpc-default-executor-4] INFO  impl.FollowerInfo (FollowerInfo.java:lambda$new$0(51)) - fdaf92da-19a4-414a-af4c-01715acef4ce@group-C086F38B8249->c0c4966b-a29b-458a-b1c2-0283d43e69e4: nextIndex: updateUnconditionally 0 -> 0
2019-11-08 16:13:28,385 [grpc-default-executor-8] INFO  impl.FollowerInfo (FollowerInfo.java:lambda$new$0(51)) - fdaf92da-19a4-414a-af4c-01715acef4ce@group-576F86D54FC4->c0c4966b-a29b-458a-b1c2-0283d43e69e4: nextIndex: updateUnconditionally 0 -> 0
2019-11-08 16:13:28,632 [grpc-default-executor-8] WARN  server.GrpcLogAppender (LogUtils.java:warn(134)) - fdaf92da-19a4-414a-af4c-01715acef4ce@group-E0D71A37EFC9->c0c4966b-a29b-458a-b1c2-0283d43e69e4-AppendLogResponseHandler: Failed appendEntries: org.apache.ratis.thirdparty.io.grpc.StatusRuntimeException: UNAVAILABLE: io exception
2019-11-08 16:13:28,633 [grpc-default-executor-8] INFO  impl.FollowerInfo (FollowerInfo.java:lambda$new$0(51)) - fdaf92da-19a4-414a-af4c-01715acef4ce@group-E0D71A37EFC9->c0c4966b-a29b-458a-b1c2-0283d43e69e4: nextIndex: updateUnconditionally 0 -> 0
2019-11-08 16:13:28,888 [grpc-default-executor-7] WARN  server.GrpcLogAppender (LogUtils.java:warn(134)) - fdaf92da-19a4-414a-af4c-01715acef4ce@group-576F86D54FC4->c0c4966b-a29b-458a-b1c2-0283d43e69e4-AppendLogResponseHandler: Failed appendEntries: org.apache.ratis.thirdparty.io.grpc.StatusRuntimeException: UNAVAILABLE: io exception
2019-11-08 16:13:28,888 [grpc-default-executor-8] WARN  server.GrpcLogAppender (LogUtils.java:warn(134)) - fdaf92da-19a4-414a-af4c-01715acef4ce@group-C086F38B8249->c0c4966b-a29b-458a-b1c2-0283d43e69e4-AppendLogResponseHandler: Failed appendEntries: org.apache.ratis.thirdparty.io.grpc.StatusRuntimeException: UNAVAILABLE: io exception
2019-11-08 16:13:28,889 [grpc-default-executor-8] INFO  impl.FollowerInfo (FollowerInfo.java:lambda$new$0(51)) - fdaf92da-19a4-414a-af4c-01715acef4ce@group-C086F38B8249->c0c4966b-a29b-458a-b1c2-0283d43e69e4: nextIndex: updateUnconditionally 0 -> 0
2019-11-08 16:13:28,889 [grpc-default-executor-7] INFO  impl.FollowerInfo (FollowerInfo.java:lambda$new$0(51)) - fdaf92da-19a4-414a-af4c-01715acef4ce@group-576F86D54FC4->c0c4966b-a29b-458a-b1c2-0283d43e69e4: nextIndex: updateUnconditionally 0 -> 0
2019-11-08 16:13:29,139 [grpc-default-executor-8] WARN  server.GrpcLogAppender (LogUtils.java:warn(134)) - fdaf92da-19a4-414a-af4c-01715acef4ce@group-E0D71A37EFC9->c0c4966b-a29b-458a-b1c2-0283d43e69e4-AppendLogResponseHandler: Failed appendEntries: org.apache.ratis.thirdparty.io.grpc.StatusRuntimeException: UNAVAILABLE: io exception
2019-11-08 16:13:29,140 [grpc-default-executor-8] INFO  impl.FollowerInfo (FollowerInfo.java:lambda$new$0(51)) - fdaf92da-19a4-414a-af4c-01715acef4ce@group-E0D71A37EFC9->c0c4966b-a29b-458a-b1c2-0283d43e69e4: nextIndex: updateUnconditionally 0 -> 0
2019-11-08 16:13:29,375 [main] INFO  handler.ContextHandler (ContextHandler.java:doStop(910)) - Stopped o.e.j.w.WebAppContext@3cc053{/,null,UNAVAILABLE}{/hddsDatanode}
2019-11-08 16:13:29,375 [ForkJoinPool.commonPool-worker-1] INFO  handler.ContextHandler (ContextHandler.java:doStop(910)) - Stopped o.e.j.w.WebAppContext@131a7516{/,null,UNAVAILABLE}{/hddsDatanode}
2019-11-08 16:13:29,377 [ForkJoinPool.commonPool-worker-1] INFO  server.AbstractConnector (AbstractConnector.java:doStop(318)) - Stopped ServerConnector@5ae15{HTTP/1.1,[http/1.1]}{0.0.0.0:0}
2019-11-08 16:13:29,377 [main] INFO  server.AbstractConnector (AbstractConnector.java:doStop(318)) - Stopped ServerConnector@388c519{HTTP/1.1,[http/1.1]}{0.0.0.0:0}
2019-11-08 16:13:29,378 [ForkJoinPool.commonPool-worker-1] INFO  handler.ContextHandler (ContextHandler.java:doStop(910)) - Stopped o.e.j.s.ServletContextHandler@590765c4{/static,jar:file:/home/user/.m2/repository/org/apache/hadoop/hadoop-hdds-container-service/0.5.0-SNAPSHOT/hadoop-hdds-container-service-0.5.0-SNAPSHOT.jar!/webapps/static,UNAVAILABLE}
2019-11-08 16:13:29,378 [main] INFO  handler.ContextHandler (ContextHandler.java:doStop(910)) - Stopped o.e.j.s.ServletContextHandler@6d6f6860{/static,jar:file:/home/user/.m2/repository/org/apache/hadoop/hadoop-hdds-container-service/0.5.0-SNAPSHOT/hadoop-hdds-container-service-0.5.0-SNAPSHOT.jar!/webapps/static,UNAVAILABLE}
2019-11-08 16:13:29,379 [ForkJoinPool.commonPool-worker-1] INFO  handler.ContextHandler (ContextHandler.java:doStop(910)) - Stopped o.e.j.s.ServletContextHandler@13ed066e{/logs,file:///workdir/hadoop-ozone/integration-test/target/log,UNAVAILABLE}
2019-11-08 16:13:29,379 [main] INFO  handler.ContextHandler (ContextHandler.java:doStop(910)) - Stopped o.e.j.s.ServletContextHandler@31723307{/logs,file:///workdir/hadoop-ozone/integration-test/target/log,UNAVAILABLE}
2019-11-08 16:13:29,389 [grpc-default-executor-7] WARN  server.GrpcLogAppender (LogUtils.java:warn(134)) - fdaf92da-19a4-414a-af4c-01715acef4ce@group-C086F38B8249->c0c4966b-a29b-458a-b1c2-0283d43e69e4-AppendLogResponseHandler: Failed appendEntries: org.apache.ratis.thirdparty.io.grpc.StatusRuntimeException: UNAVAILABLE: io exception
2019-11-08 16:13:29,389 [grpc-default-executor-4] WARN  server.GrpcLogAppender (LogUtils.java:warn(134)) - fdaf92da-19a4-414a-af4c-01715acef4ce@group-576F86D54FC4->c0c4966b-a29b-458a-b1c2-0283d43e69e4-AppendLogResponseHandler: Failed appendEntries: org.apache.ratis.thirdparty.io.grpc.StatusRuntimeException: UNAVAILABLE: io exception
2019-11-08 16:13:29,389 [grpc-default-executor-4] INFO  impl.FollowerInfo (FollowerInfo.java:lambda$new$0(51)) - fdaf92da-19a4-414a-af4c-01715acef4ce@group-576F86D54FC4->c0c4966b-a29b-458a-b1c2-0283d43e69e4: nextIndex: updateUnconditionally 0 -> 0
2019-11-08 16:13:29,389 [grpc-default-executor-7] INFO  impl.FollowerInfo (FollowerInfo.java:lambda$new$0(51)) - fdaf92da-19a4-414a-af4c-01715acef4ce@group-C086F38B8249->c0c4966b-a29b-458a-b1c2-0283d43e69e4: nextIndex: updateUnconditionally 0 -> 0
2019-11-08 16:13:29,638 [grpc-default-executor-8] WARN  server.GrpcLogAppender (LogUtils.java:warn(134)) - fdaf92da-19a4-414a-af4c-01715acef4ce@group-E0D71A37EFC9->c0c4966b-a29b-458a-b1c2-0283d43e69e4-AppendLogResponseHandler: Failed appendEntries: org.apache.ratis.thirdparty.io.grpc.StatusRuntimeException: UNAVAILABLE: io exception
2019-11-08 16:13:29,638 [grpc-default-executor-8] INFO  impl.FollowerInfo (FollowerInfo.java:lambda$new$0(51)) - fdaf92da-19a4-414a-af4c-01715acef4ce@group-E0D71A37EFC9->c0c4966b-a29b-458a-b1c2-0283d43e69e4: nextIndex: updateUnconditionally 0 -> 0
2019-11-08 16:13:29,684 [Datanode State Machine Thread - 0] INFO  statemachine.DatanodeStateMachine (DatanodeStateMachine.java:lambda$startDaemon$0(350)) - Ozone container server started.
2019-11-08 16:13:29,889 [grpc-default-executor-0] WARN  server.GrpcLogAppender (LogUtils.java:warn(134)) - fdaf92da-19a4-414a-af4c-01715acef4ce@group-C086F38B8249->c0c4966b-a29b-458a-b1c2-0283d43e69e4-AppendLogResponseHandler: Failed appendEntries: org.apache.ratis.thirdparty.io.grpc.StatusRuntimeException: UNAVAILABLE: io exception
2019-11-08 16:13:29,889 [grpc-default-executor-2] WARN  server.GrpcLogAppender (LogUtils.java:warn(134)) - fdaf92da-19a4-414a-af4c-01715acef4ce@group-576F86D54FC4->c0c4966b-a29b-458a-b1c2-0283d43e69e4-AppendLogResponseHandler: Failed appendEntries: org.apache.ratis.thirdparty.io.grpc.StatusRuntimeException: UNAVAILABLE: io exception
2019-11-08 16:13:29,889 [grpc-default-executor-0] INFO  impl.FollowerInfo (FollowerInfo.java:lambda$new$0(51)) - fdaf92da-19a4-414a-af4c-01715acef4ce@group-C086F38B8249->c0c4966b-a29b-458a-b1c2-0283d43e69e4: nextIndex: updateUnconditionally 0 -> 0
2019-11-08 16:13:29,889 [grpc-default-executor-2] INFO  impl.FollowerInfo (FollowerInfo.java:lambda$new$0(51)) - fdaf92da-19a4-414a-af4c-01715acef4ce@group-576F86D54FC4->c0c4966b-a29b-458a-b1c2-0283d43e69e4: nextIndex: updateUnconditionally 0 -> 0
2019-11-08 16:13:30,113 [Datanode State Machine Thread - 0] INFO  statemachine.DatanodeStateMachine (DatanodeStateMachine.java:lambda$startDaemon$0(350)) - Ozone container server started.
2019-11-08 16:13:30,139 [grpc-default-executor-8] WARN  server.GrpcLogAppender (LogUtils.java:warn(134)) - fdaf92da-19a4-414a-af4c-01715acef4ce@group-E0D71A37EFC9->c0c4966b-a29b-458a-b1c2-0283d43e69e4-AppendLogResponseHandler: Failed appendEntries: org.apache.ratis.thirdparty.io.grpc.StatusRuntimeException: UNAVAILABLE: io exception
2019-11-08 16:13:30,139 [grpc-default-executor-8] INFO  impl.FollowerInfo (FollowerInfo.java:lambda$new$0(51)) - fdaf92da-19a4-414a-af4c-01715acef4ce@group-E0D71A37EFC9->c0c4966b-a29b-458a-b1c2-0283d43e69e4: nextIndex: updateUnconditionally 0 -> 0
2019-11-08 16:13:30,390 [grpc-default-executor-8] WARN  server.GrpcLogAppender (LogUtils.java:warn(134)) - fdaf92da-19a4-414a-af4c-01715acef4ce@group-C086F38B8249->c0c4966b-a29b-458a-b1c2-0283d43e69e4-AppendLogResponseHandler: Failed appendEntries: org.apache.ratis.thirdparty.io.grpc.StatusRuntimeException: UNAVAILABLE: io exception
2019-11-08 16:13:30,390 [grpc-default-executor-7] WARN  server.GrpcLogAppender (LogUtils.java:warn(134)) - fdaf92da-19a4-414a-af4c-01715acef4ce@group-576F86D54FC4->c0c4966b-a29b-458a-b1c2-0283d43e69e4-AppendLogResponseHandler: Failed appendEntries: org.apache.ratis.thirdparty.io.grpc.StatusRuntimeException: UNAVAILABLE: io exception
2019-11-08 16:13:30,390 [grpc-default-executor-8] INFO  impl.FollowerInfo (FollowerInfo.java:lambda$new$0(51)) - fdaf92da-19a4-414a-af4c-01715acef4ce@group-C086F38B8249->c0c4966b-a29b-458a-b1c2-0283d43e69e4: nextIndex: updateUnconditionally 0 -> 0
2019-11-08 16:13:30,390 [grpc-default-executor-7] INFO  impl.FollowerInfo (FollowerInfo.java:lambda$new$0(51)) - fdaf92da-19a4-414a-af4c-01715acef4ce@group-576F86D54FC4->c0c4966b-a29b-458a-b1c2-0283d43e69e4: nextIndex: updateUnconditionally 0 -> 0
2019-11-08 16:13:30,639 [grpc-default-executor-0] WARN  server.GrpcLogAppender (LogUtils.java:warn(134)) - fdaf92da-19a4-414a-af4c-01715acef4ce@group-E0D71A37EFC9->c0c4966b-a29b-458a-b1c2-0283d43e69e4-AppendLogResponseHandler: Failed appendEntries: org.apache.ratis.thirdparty.io.grpc.StatusRuntimeException: UNAVAILABLE: io exception
2019-11-08 16:13:30,640 [grpc-default-executor-0] INFO  impl.FollowerInfo (FollowerInfo.java:lambda$new$0(51)) - fdaf92da-19a4-414a-af4c-01715acef4ce@group-E0D71A37EFC9->c0c4966b-a29b-458a-b1c2-0283d43e69e4: nextIndex: updateUnconditionally 0 -> 0
2019-11-08 16:13:30,890 [grpc-default-executor-4] WARN  server.GrpcLogAppender (LogUtils.java:warn(134)) - fdaf92da-19a4-414a-af4c-01715acef4ce@group-576F86D54FC4->c0c4966b-a29b-458a-b1c2-0283d43e69e4-AppendLogResponseHandler: Failed appendEntries: org.apache.ratis.thirdparty.io.grpc.StatusRuntimeException: UNAVAILABLE: io exception
2019-11-08 16:13:30,890 [grpc-default-executor-2] WARN  server.GrpcLogAppender (LogUtils.java:warn(134)) - fdaf92da-19a4-414a-af4c-01715acef4ce@group-C086F38B8249->c0c4966b-a29b-458a-b1c2-0283d43e69e4-AppendLogResponseHandler: Failed appendEntries: org.apache.ratis.thirdparty.io.grpc.StatusRuntimeException: UNAVAILABLE: io exception
2019-11-08 16:13:30,891 [grpc-default-executor-4] INFO  impl.FollowerInfo (FollowerInfo.java:lambda$new$0(51)) - fdaf92da-19a4-414a-af4c-01715acef4ce@group-576F86D54FC4->c0c4966b-a29b-458a-b1c2-0283d43e69e4: nextIndex: updateUnconditionally 0 -> 0
2019-11-08 16:13:30,891 [grpc-default-executor-2] INFO  impl.FollowerInfo (FollowerInfo.java:lambda$new$0(51)) - fdaf92da-19a4-414a-af4c-01715acef4ce@group-C086F38B8249->c0c4966b-a29b-458a-b1c2-0283d43e69e4: nextIndex: updateUnconditionally 0 -> 0
2019-11-08 16:13:31,140 [grpc-default-executor-7] WARN  server.GrpcLogAppender (LogUtils.java:warn(134)) - fdaf92da-19a4-414a-af4c-01715acef4ce@group-E0D71A37EFC9->c0c4966b-a29b-458a-b1c2-0283d43e69e4-AppendLogResponseHandler: Failed appendEntries: org.apache.ratis.thirdparty.io.grpc.StatusRuntimeException: UNAVAILABLE: io exception
2019-11-08 16:13:31,140 [grpc-default-executor-7] INFO  impl.FollowerInfo (FollowerInfo.java:lambda$new$0(51)) - fdaf92da-19a4-414a-af4c-01715acef4ce@group-E0D71A37EFC9->c0c4966b-a29b-458a-b1c2-0283d43e69e4: nextIndex: updateUnconditionally 0 -> 0
2019-11-08 16:13:31,391 [grpc-default-executor-8] WARN  server.GrpcLogAppender (LogUtils.java:warn(134)) - fdaf92da-19a4-414a-af4c-01715acef4ce@group-576F86D54FC4->c0c4966b-a29b-458a-b1c2-0283d43e69e4-AppendLogResponseHandler: Failed appendEntries: org.apache.ratis.thirdparty.io.grpc.StatusRuntimeException: UNAVAILABLE: io exception
2019-11-08 16:13:31,391 [grpc-default-executor-0] WARN  server.GrpcLogAppender (LogUtils.java:warn(134)) - fdaf92da-19a4-414a-af4c-01715acef4ce@group-C086F38B8249->c0c4966b-a29b-458a-b1c2-0283d43e69e4-AppendLogResponseHandler: Failed appendEntries: org.apache.ratis.thirdparty.io.grpc.StatusRuntimeException: UNAVAILABLE: io exception
2019-11-08 16:13:31,392 [grpc-default-executor-8] INFO  impl.FollowerInfo (FollowerInfo.java:lambda$new$0(51)) - fdaf92da-19a4-414a-af4c-01715acef4ce@group-576F86D54FC4->c0c4966b-a29b-458a-b1c2-0283d43e69e4: nextIndex: updateUnconditionally 0 -> 0
2019-11-08 16:13:31,392 [grpc-default-executor-0] INFO  impl.FollowerInfo (FollowerInfo.java:lambda$new$0(51)) - fdaf92da-19a4-414a-af4c-01715acef4ce@group-C086F38B8249->c0c4966b-a29b-458a-b1c2-0283d43e69e4: nextIndex: updateUnconditionally 0 -> 0
2019-11-08 16:13:31,641 [grpc-default-executor-7] WARN  server.GrpcLogAppender (LogUtils.java:warn(134)) - fdaf92da-19a4-414a-af4c-01715acef4ce@group-E0D71A37EFC9->c0c4966b-a29b-458a-b1c2-0283d43e69e4-AppendLogResponseHandler: Failed appendEntries: org.apache.ratis.thirdparty.io.grpc.StatusRuntimeException: UNAVAILABLE: io exception
2019-11-08 16:13:31,641 [grpc-default-executor-7] INFO  impl.FollowerInfo (FollowerInfo.java:lambda$new$0(51)) - fdaf92da-19a4-414a-af4c-01715acef4ce@group-E0D71A37EFC9->c0c4966b-a29b-458a-b1c2-0283d43e69e4: nextIndex: updateUnconditionally 0 -> 0
2019-11-08 16:13:31,892 [grpc-default-executor-7] WARN  server.GrpcLogAppender (LogUtils.java:warn(134)) - fdaf92da-19a4-414a-af4c-01715acef4ce@group-C086F38B8249->c0c4966b-a29b-458a-b1c2-0283d43e69e4-AppendLogResponseHandler: Failed appendEntries: org.apache.ratis.thirdparty.io.grpc.StatusRuntimeException: UNAVAILABLE: io exception
2019-11-08 16:13:31,892 [grpc-default-executor-4] WARN  server.GrpcLogAppender (LogUtils.java:warn(134)) - fdaf92da-19a4-414a-af4c-01715acef4ce@group-576F86D54FC4->c0c4966b-a29b-458a-b1c2-0283d43e69e4-AppendLogResponseHandler: Failed appendEntries: org.apache.ratis.thirdparty.io.grpc.StatusRuntimeException: UNAVAILABLE: io exception
2019-11-08 16:13:31,892 [grpc-default-executor-4] INFO  impl.FollowerInfo (FollowerInfo.java:lambda$new$0(51)) - fdaf92da-19a4-414a-af4c-01715acef4ce@group-576F86D54FC4->c0c4966b-a29b-458a-b1c2-0283d43e69e4: nextIndex: updateUnconditionally 0 -> 0
2019-11-08 16:13:31,892 [grpc-default-executor-7] INFO  impl.FollowerInfo (FollowerInfo.java:lambda$new$0(51)) - fdaf92da-19a4-414a-af4c-01715acef4ce@group-C086F38B8249->c0c4966b-a29b-458a-b1c2-0283d43e69e4: nextIndex: updateUnconditionally 0 -> 0
2019-11-08 16:13:32,141 [grpc-default-executor-0] WARN  server.GrpcLogAppender (LogUtils.java:warn(134)) - fdaf92da-19a4-414a-af4c-01715acef4ce@group-E0D71A37EFC9->c0c4966b-a29b-458a-b1c2-0283d43e69e4-AppendLogResponseHandler: Failed appendEntries: org.apache.ratis.thirdparty.io.grpc.StatusRuntimeException: UNAVAILABLE: io exception
2019-11-08 16:13:32,142 [grpc-default-executor-0] INFO  impl.FollowerInfo (FollowerInfo.java:lambda$new$0(51)) - fdaf92da-19a4-414a-af4c-01715acef4ce@group-E0D71A37EFC9->c0c4966b-a29b-458a-b1c2-0283d43e69e4: nextIndex: updateUnconditionally 0 -> 0
2019-11-08 16:13:32,393 [grpc-default-executor-2] WARN  server.GrpcLogAppender (LogUtils.java:warn(134)) - fdaf92da-19a4-414a-af4c-01715acef4ce@group-C086F38B8249->c0c4966b-a29b-458a-b1c2-0283d43e69e4-AppendLogResponseHandler: Failed appendEntries: org.apache.ratis.thirdparty.io.grpc.StatusRuntimeException: UNAVAILABLE: io exception
2019-11-08 16:13:32,393 [grpc-default-executor-8] WARN  server.GrpcLogAppender (LogUtils.java:warn(134)) - fdaf92da-19a4-414a-af4c-01715acef4ce@group-576F86D54FC4->c0c4966b-a29b-458a-b1c2-0283d43e69e4-AppendLogResponseHandler: Failed appendEntries: org.apache.ratis.thirdparty.io.grpc.StatusRuntimeException: UNAVAILABLE: io exception
2019-11-08 16:13:32,393 [grpc-default-executor-8] INFO  impl.FollowerInfo (FollowerInfo.java:lambda$new$0(51)) - fdaf92da-19a4-414a-af4c-01715acef4ce@group-576F86D54FC4->c0c4966b-a29b-458a-b1c2-0283d43e69e4: nextIndex: updateUnconditionally 0 -> 0
2019-11-08 16:13:32,393 [grpc-default-executor-2] INFO  impl.FollowerInfo (FollowerInfo.java:lambda$new$0(51)) - fdaf92da-19a4-414a-af4c-01715acef4ce@group-C086F38B8249->c0c4966b-a29b-458a-b1c2-0283d43e69e4: nextIndex: updateUnconditionally 0 -> 0
2019-11-08 16:13:32,642 [grpc-default-executor-0] WARN  server.GrpcLogAppender (LogUtils.java:warn(134)) - fdaf92da-19a4-414a-af4c-01715acef4ce@group-E0D71A37EFC9->c0c4966b-a29b-458a-b1c2-0283d43e69e4-AppendLogResponseHandler: Failed appendEntries: org.apache.ratis.thirdparty.io.grpc.StatusRuntimeException: UNAVAILABLE: io exception
2019-11-08 16:13:32,643 [grpc-default-executor-0] INFO  impl.FollowerInfo (FollowerInfo.java:lambda$new$0(51)) - fdaf92da-19a4-414a-af4c-01715acef4ce@group-E0D71A37EFC9->c0c4966b-a29b-458a-b1c2-0283d43e69e4: nextIndex: updateUnconditionally 0 -> 0
2019-11-08 16:13:32,894 [grpc-default-executor-0] WARN  server.GrpcLogAppender (LogUtils.java:warn(134)) - fdaf92da-19a4-414a-af4c-01715acef4ce@group-576F86D54FC4->c0c4966b-a29b-458a-b1c2-0283d43e69e4-AppendLogResponseHandler: Failed appendEntries: org.apache.ratis.thirdparty.io.grpc.StatusRuntimeException: UNAVAILABLE: io exception
2019-11-08 16:13:32,894 [grpc-default-executor-4] WARN  server.GrpcLogAppender (LogUtils.java:warn(134)) - fdaf92da-19a4-414a-af4c-01715acef4ce@group-C086F38B8249->c0c4966b-a29b-458a-b1c2-0283d43e69e4-AppendLogResponseHandler: Failed appendEntries: org.apache.ratis.thirdparty.io.grpc.StatusRuntimeException: UNAVAILABLE: io exception
2019-11-08 16:13:32,894 [grpc-default-executor-0] INFO  impl.FollowerInfo (FollowerInfo.java:lambda$new$0(51)) - fdaf92da-19a4-414a-af4c-01715acef4ce@group-576F86D54FC4->c0c4966b-a29b-458a-b1c2-0283d43e69e4: nextIndex: updateUnconditionally 0 -> 0
2019-11-08 16:13:32,894 [grpc-default-executor-4] INFO  impl.FollowerInfo (FollowerInfo.java:lambda$new$0(51)) - fdaf92da-19a4-414a-af4c-01715acef4ce@group-C086F38B8249->c0c4966b-a29b-458a-b1c2-0283d43e69e4: nextIndex: updateUnconditionally 0 -> 0
2019-11-08 16:13:33,143 [grpc-default-executor-2] WARN  server.GrpcLogAppender (LogUtils.java:warn(134)) - fdaf92da-19a4-414a-af4c-01715acef4ce@group-E0D71A37EFC9->c0c4966b-a29b-458a-b1c2-0283d43e69e4-AppendLogResponseHandler: Failed appendEntries: org.apache.ratis.thirdparty.io.grpc.StatusRuntimeException: UNAVAILABLE: io exception
2019-11-08 16:13:33,143 [grpc-default-executor-2] INFO  impl.FollowerInfo (FollowerInfo.java:lambda$new$0(51)) - fdaf92da-19a4-414a-af4c-01715acef4ce@group-E0D71A37EFC9->c0c4966b-a29b-458a-b1c2-0283d43e69e4: nextIndex: updateUnconditionally 0 -> 0
2019-11-08 16:13:33,394 [grpc-default-executor-8] WARN  server.GrpcLogAppender (LogUtils.java:warn(134)) - fdaf92da-19a4-414a-af4c-01715acef4ce@group-576F86D54FC4->c0c4966b-a29b-458a-b1c2-0283d43e69e4-AppendLogResponseHandler: Failed appendEntries: org.apache.ratis.thirdparty.io.grpc.StatusRuntimeException: UNAVAILABLE: io exception
2019-11-08 16:13:33,394 [grpc-default-executor-7] WARN  server.GrpcLogAppender (LogUtils.java:warn(134)) - fdaf92da-19a4-414a-af4c-01715acef4ce@group-C086F38B8249->c0c4966b-a29b-458a-b1c2-0283d43e69e4-AppendLogResponseHandler: Failed appendEntries: org.apache.ratis.thirdparty.io.grpc.StatusRuntimeException: UNAVAILABLE: io exception
2019-11-08 16:13:33,395 [grpc-default-executor-8] INFO  impl.FollowerInfo (FollowerInfo.java:lambda$new$0(51)) - fdaf92da-19a4-414a-af4c-01715acef4ce@group-576F86D54FC4->c0c4966b-a29b-458a-b1c2-0283d43e69e4: nextIndex: updateUnconditionally 0 -> 0
2019-11-08 16:13:33,395 [grpc-default-executor-7] INFO  impl.FollowerInfo (FollowerInfo.java:lambda$new$0(51)) - fdaf92da-19a4-414a-af4c-01715acef4ce@group-C086F38B8249->c0c4966b-a29b-458a-b1c2-0283d43e69e4: nextIndex: updateUnconditionally 0 -> 0
2019-11-08 16:13:33,644 [grpc-default-executor-2] WARN  server.GrpcLogAppender (LogUtils.java:warn(134)) - fdaf92da-19a4-414a-af4c-01715acef4ce@group-E0D71A37EFC9->c0c4966b-a29b-458a-b1c2-0283d43e69e4-AppendLogResponseHandler: Failed appendEntries: org.apache.ratis.thirdparty.io.grpc.StatusRuntimeException: UNAVAILABLE: io exception
2019-11-08 16:13:33,644 [grpc-default-executor-2] INFO  impl.FollowerInfo (FollowerInfo.java:lambda$new$0(51)) - fdaf92da-19a4-414a-af4c-01715acef4ce@group-E0D71A37EFC9->c0c4966b-a29b-458a-b1c2-0283d43e69e4: nextIndex: updateUnconditionally 0 -> 0
2019-11-08 16:13:33,895 [grpc-default-executor-0] WARN  server.GrpcLogAppender (LogUtils.java:warn(134)) - fdaf92da-19a4-414a-af4c-01715acef4ce@group-C086F38B8249->c0c4966b-a29b-458a-b1c2-0283d43e69e4-AppendLogResponseHandler: Failed appendEntries: org.apache.ratis.thirdparty.io.grpc.StatusRuntimeException: UNAVAILABLE: io exception
2019-11-08 16:13:33,895 [grpc-default-executor-4] WARN  server.GrpcLogAppender (LogUtils.java:warn(134)) - fdaf92da-19a4-414a-af4c-01715acef4ce@group-576F86D54FC4->c0c4966b-a29b-458a-b1c2-0283d43e69e4-AppendLogResponseHandler: Failed appendEntries: org.apache.ratis.thirdparty.io.grpc.StatusRuntimeException: UNAVAILABLE: io exception
2019-11-08 16:13:33,896 [grpc-default-executor-4] INFO  impl.FollowerInfo (FollowerInfo.java:lambda$new$0(51)) - fdaf92da-19a4-414a-af4c-01715acef4ce@group-576F86D54FC4->c0c4966b-a29b-458a-b1c2-0283d43e69e4: nextIndex: updateUnconditionally 0 -> 0
2019-11-08 16:13:33,896 [grpc-default-executor-0] INFO  impl.FollowerInfo (FollowerInfo.java:lambda$new$0(51)) - fdaf92da-19a4-414a-af4c-01715acef4ce@group-C086F38B8249->c0c4966b-a29b-458a-b1c2-0283d43e69e4: nextIndex: updateUnconditionally 0 -> 0
2019-11-08 16:13:34,145 [grpc-default-executor-2] WARN  server.GrpcLogAppender (LogUtils.java:warn(134)) - fdaf92da-19a4-414a-af4c-01715acef4ce@group-E0D71A37EFC9->c0c4966b-a29b-458a-b1c2-0283d43e69e4-AppendLogResponseHandler: Failed appendEntries: org.apache.ratis.thirdparty.io.grpc.StatusRuntimeException: UNAVAILABLE: io exception
2019-11-08 16:13:34,145 [grpc-default-executor-2] INFO  impl.FollowerInfo (FollowerInfo.java:lambda$new$0(51)) - fdaf92da-19a4-414a-af4c-01715acef4ce@group-E0D71A37EFC9->c0c4966b-a29b-458a-b1c2-0283d43e69e4: nextIndex: updateUnconditionally 0 -> 0
2019-11-08 16:13:34,384 [ForkJoinPool.commonPool-worker-1] INFO  ozoneimpl.OzoneContainer (OzoneContainer.java:stop(232)) - Attempting to stop container services.
2019-11-08 16:13:34,384 [main] INFO  ozoneimpl.OzoneContainer (OzoneContainer.java:stop(232)) - Attempting to stop container services.
2019-11-08 16:13:34,384 [ForkJoinPool.commonPool-worker-1] INFO  impl.RaftServerProxy (RaftServerProxy.java:lambda$close$4(314)) - fdaf92da-19a4-414a-af4c-01715acef4ce: close
2019-11-08 16:13:34,384 [main] INFO  impl.RaftServerProxy (RaftServerProxy.java:lambda$close$4(314)) - 5c8de53a-50e9-4a81-8fc7-fc88bd05b87a: close
2019-11-08 16:13:34,384 [ForkJoinPool.commonPool-worker-1] INFO  impl.RaftServerImpl (RaftServerImpl.java:lambda$shutdown$3(250)) - fdaf92da-19a4-414a-af4c-01715acef4ce@group-576F86D54FC4: shutdown
2019-11-08 16:13:34,385 [main] INFO  server.GrpcService (GrpcService.java:closeImpl(164)) - 5c8de53a-50e9-4a81-8fc7-fc88bd05b87a: shutdown server with port 35969 now
2019-11-08 16:13:34,385 [ForkJoinPool.commonPool-worker-1] INFO  util.JmxRegister (JmxRegister.java:unregister(73)) - Successfully un-registered JMX Bean with object name Ratis:service=RaftServer,group=group-576F86D54FC4,id=fdaf92da-19a4-414a-af4c-01715acef4ce
2019-11-08 16:13:34,385 [ForkJoinPool.commonPool-worker-1] INFO  impl.RoleInfo (RoleInfo.java:shutdownLeaderState(104)) - fdaf92da-19a4-414a-af4c-01715acef4ce: shutdown LeaderState
2019-11-08 16:13:34,385 [main] INFO  server.GrpcService (GrpcService.java:closeImpl(172)) - 5c8de53a-50e9-4a81-8fc7-fc88bd05b87a: shutdown server with port 35969 successfully
2019-11-08 16:13:34,388 [org.apache.ratis.server.impl.LogAppender$AppenderDaemon$$Lambda$502/1059916708@5aadb07d] WARN  server.GrpcLogAppender (GrpcLogAppender.java:mayWait(151)) - fdaf92da-19a4-414a-af4c-01715acef4ce@group-576F86D54FC4->c0c4966b-a29b-458a-b1c2-0283d43e69e4-GrpcLogAppender: Wait interrupted by java.lang.InterruptedException
2019-11-08 16:13:34,388 [org.apache.ratis.server.impl.LogAppender$AppenderDaemon$$Lambda$502/1059916708@79281b2c] WARN  server.GrpcLogAppender (GrpcLogAppender.java:mayWait(151)) - fdaf92da-19a4-414a-af4c-01715acef4ce@group-576F86D54FC4->4c8858b5-dd34-4dfa-8a80-c1e60ab9590b-GrpcLogAppender: Wait interrupted by java.lang.InterruptedException
2019-11-08 16:13:34,389 [ForkJoinPool.commonPool-worker-1] INFO  impl.PendingRequests (PendingRequests.java:sendNotLeaderResponses(206)) - fdaf92da-19a4-414a-af4c-01715acef4ce@group-576F86D54FC4-PendingRequests: sendNotLeaderResponses
2019-11-08 16:13:34,391 [ForkJoinPool.commonPool-worker-1] INFO  impl.StateMachineUpdater (StateMachineUpdater.java:stopAndJoin(136)) - fdaf92da-19a4-414a-af4c-01715acef4ce@group-576F86D54FC4-StateMachineUpdater: set stopIndex = 2
2019-11-08 16:13:34,391 [grpc-default-executor-2] INFO  server.GrpcServerProtocolService (GrpcServerProtocolService.java:onCompleted(113)) - 4c8858b5-dd34-4dfa-8a80-c1e60ab9590b: Completed APPEND_ENTRIES, lastRequest: fdaf92da-19a4-414a-af4c-01715acef4ce->4c8858b5-dd34-4dfa-8a80-c1e60ab9590b#28-t5, previous=(t:5, i:2), leaderCommit=2, initializing? false, entries: <empty>
2019-11-08 16:13:34,391 [ForkJoinPool.commonPool-worker-1] INFO  impl.RaftServerImpl (ServerState.java:close(387)) - fdaf92da-19a4-414a-af4c-01715acef4ce@group-576F86D54FC4: closes. applyIndex: 2
2019-11-08 16:13:34,392 [fdaf92da-19a4-414a-af4c-01715acef4ce@group-576F86D54FC4-SegmentedRaftLogWorker] INFO  segmented.SegmentedRaftLogWorker (SegmentedRaftLogWorker.java:run(316)) - fdaf92da-19a4-414a-af4c-01715acef4ce@group-576F86D54FC4-SegmentedRaftLogWorker was interrupted, exiting. There are 0 tasks remaining in the queue.
2019-11-08 16:13:34,392 [grpc-default-executor-2] INFO  server.GrpcLogAppender (GrpcLogAppender.java:onCompleted(308)) - fdaf92da-19a4-414a-af4c-01715acef4ce@group-576F86D54FC4->4c8858b5-dd34-4dfa-8a80-c1e60ab9590b-AppendLogResponseHandler: follower responses appendEntries COMPLETED
2019-11-08 16:13:34,393 [ForkJoinPool.commonPool-worker-1] INFO  segmented.SegmentedRaftLogWorker (SegmentedRaftLogWorker.java:close(224)) - fdaf92da-19a4-414a-af4c-01715acef4ce@group-576F86D54FC4-SegmentedRaftLogWorker close()
2019-11-08 16:13:34,395 [ForkJoinPool.commonPool-worker-1] INFO  impl.RaftServerImpl (RaftServerImpl.java:lambda$shutdown$3(250)) - fdaf92da-19a4-414a-af4c-01715acef4ce@group-BCF61A1230ED: shutdown
2019-11-08 16:13:34,396 [ForkJoinPool.commonPool-worker-1] INFO  util.JmxRegister (JmxRegister.java:unregister(73)) - Successfully un-registered JMX Bean with object name Ratis:service=RaftServer,group=group-BCF61A1230ED,id=fdaf92da-19a4-414a-af4c-01715acef4ce
2019-11-08 16:13:34,396 [ForkJoinPool.commonPool-worker-1] INFO  impl.RoleInfo (RoleInfo.java:shutdownLeaderState(104)) - fdaf92da-19a4-414a-af4c-01715acef4ce: shutdown LeaderState
2019-11-08 16:13:34,396 [ForkJoinPool.commonPool-worker-1] INFO  impl.PendingRequests (PendingRequests.java:sendNotLeaderResponses(206)) - fdaf92da-19a4-414a-af4c-01715acef4ce@group-BCF61A1230ED-PendingRequests: sendNotLeaderResponses
2019-11-08 16:13:34,397 [ForkJoinPool.commonPool-worker-1] INFO  impl.StateMachineUpdater (StateMachineUpdater.java:stopAndJoin(136)) - fdaf92da-19a4-414a-af4c-01715acef4ce@group-BCF61A1230ED-StateMachineUpdater: set stopIndex = 0
2019-11-08 16:13:34,397 [refreshUsed-/workdir/hadoop-ozone/integration-test/target/test-dir/MiniOzoneClusterImpl-d855ef0a-1308-4748-ba6a-889d1c87fb48/datanode-9/data/containers] WARN  fs.CachingGetSpaceUsed (CachingGetSpaceUsed.java:run(183)) - Thread Interrupted waiting to refresh disk information: sleep interrupted
2019-11-08 16:13:34,398 [grpc-default-executor-8] WARN  server.GrpcLogAppender (LogUtils.java:warn(134)) - fdaf92da-19a4-414a-af4c-01715acef4ce@group-C086F38B8249->c0c4966b-a29b-458a-b1c2-0283d43e69e4-AppendLogResponseHandler: Failed appendEntries: org.apache.ratis.thirdparty.io.grpc.StatusRuntimeException: UNAVAILABLE: io exception
2019-11-08 16:13:34,398 [grpc-default-executor-8] INFO  impl.FollowerInfo (FollowerInfo.java:lambda$new$0(51)) - fdaf92da-19a4-414a-af4c-01715acef4ce@group-C086F38B8249->c0c4966b-a29b-458a-b1c2-0283d43e69e4: nextIndex: updateUnconditionally 0 -> 0
2019-11-08 16:13:34,398 [ForkJoinPool.commonPool-worker-1] INFO  impl.RaftServerImpl (ServerState.java:close(387)) - fdaf92da-19a4-414a-af4c-01715acef4ce@group-BCF61A1230ED: closes. applyIndex: 0
2019-11-08 16:13:34,399 [fdaf92da-19a4-414a-af4c-01715acef4ce@group-BCF61A1230ED-SegmentedRaftLogWorker] INFO  segmented.SegmentedRaftLogWorker (SegmentedRaftLogWorker.java:run(316)) - fdaf92da-19a4-414a-af4c-01715acef4ce@group-BCF61A1230ED-SegmentedRaftLogWorker was interrupted, exiting. There are 0 tasks remaining in the queue.
2019-11-08 16:13:34,400 [ForkJoinPool.commonPool-worker-1] INFO  segmented.SegmentedRaftLogWorker (SegmentedRaftLogWorker.java:close(224)) - fdaf92da-19a4-414a-af4c-01715acef4ce@group-BCF61A1230ED-SegmentedRaftLogWorker close()
2019-11-08 16:13:34,402 [ForkJoinPool.commonPool-worker-1] INFO  impl.RaftServerImpl (RaftServerImpl.java:lambda$shutdown$3(250)) - fdaf92da-19a4-414a-af4c-01715acef4ce@group-E0D71A37EFC9: shutdown
2019-11-08 16:13:34,402 [ForkJoinPool.commonPool-worker-1] INFO  util.JmxRegister (JmxRegister.java:unregister(73)) - Successfully un-registered JMX Bean with object name Ratis:service=RaftServer,group=group-E0D71A37EFC9,id=fdaf92da-19a4-414a-af4c-01715acef4ce
2019-11-08 16:13:34,402 [ForkJoinPool.commonPool-worker-1] INFO  impl.RoleInfo (RoleInfo.java:shutdownLeaderState(104)) - fdaf92da-19a4-414a-af4c-01715acef4ce: shutdown LeaderState
2019-11-08 16:13:34,405 [org.apache.ratis.server.impl.LogAppender$AppenderDaemon$$Lambda$502/1059916708@67e93b28] WARN  server.GrpcLogAppender (GrpcLogAppender.java:mayWait(151)) - fdaf92da-19a4-414a-af4c-01715acef4ce@group-E0D71A37EFC9->4c8858b5-dd34-4dfa-8a80-c1e60ab9590b-GrpcLogAppender: Wait interrupted by java.lang.InterruptedException
2019-11-08 16:13:34,405 [org.apache.ratis.server.impl.LogAppender$AppenderDaemon$$Lambda$502/1059916708@2602c41a] WARN  server.GrpcLogAppender (GrpcLogAppender.java:mayWait(151)) - fdaf92da-19a4-414a-af4c-01715acef4ce@group-E0D71A37EFC9->c0c4966b-a29b-458a-b1c2-0283d43e69e4-GrpcLogAppender: Wait interrupted by java.lang.InterruptedException
2019-11-08 16:13:34,405 [ForkJoinPool.commonPool-worker-1] INFO  impl.PendingRequests (PendingRequests.java:sendNotLeaderResponses(206)) - fdaf92da-19a4-414a-af4c-01715acef4ce@group-E0D71A37EFC9-PendingRequests: sendNotLeaderResponses
2019-11-08 16:13:34,406 [ForkJoinPool.commonPool-worker-1] INFO  impl.StateMachineUpdater (StateMachineUpdater.java:stopAndJoin(136)) - fdaf92da-19a4-414a-af4c-01715acef4ce@group-E0D71A37EFC9-StateMachineUpdater: set stopIndex = 2
2019-11-08 16:13:34,406 [grpc-default-executor-8] INFO  server.GrpcServerProtocolService (GrpcServerProtocolService.java:onCompleted(113)) - 4c8858b5-dd34-4dfa-8a80-c1e60ab9590b: Completed APPEND_ENTRIES, lastRequest: fdaf92da-19a4-414a-af4c-01715acef4ce->4c8858b5-dd34-4dfa-8a80-c1e60ab9590b#27-t3, previous=(t:3, i:2), leaderCommit=2, initializing? false, entries: <empty>
2019-11-08 16:13:34,407 [ForkJoinPool.commonPool-worker-1] INFO  impl.RaftServerImpl (ServerState.java:close(387)) - fdaf92da-19a4-414a-af4c-01715acef4ce@group-E0D71A37EFC9: closes. applyIndex: 2
2019-11-08 16:13:34,407 [fdaf92da-19a4-414a-af4c-01715acef4ce@group-E0D71A37EFC9-SegmentedRaftLogWorker] INFO  segmented.SegmentedRaftLogWorker (SegmentedRaftLogWorker.java:run(316)) - fdaf92da-19a4-414a-af4c-01715acef4ce@group-E0D71A37EFC9-SegmentedRaftLogWorker was interrupted, exiting. There are 0 tasks remaining in the queue.
2019-11-08 16:13:34,407 [grpc-default-executor-8] INFO  server.GrpcLogAppender (GrpcLogAppender.java:onCompleted(308)) - fdaf92da-19a4-414a-af4c-01715acef4ce@group-E0D71A37EFC9->4c8858b5-dd34-4dfa-8a80-c1e60ab9590b-AppendLogResponseHandler: follower responses appendEntries COMPLETED
2019-11-08 16:13:34,408 [ForkJoinPool.commonPool-worker-1] INFO  segmented.SegmentedRaftLogWorker (SegmentedRaftLogWorker.java:close(224)) - fdaf92da-19a4-414a-af4c-01715acef4ce@group-E0D71A37EFC9-SegmentedRaftLogWorker close()
2019-11-08 16:13:34,408 [grpc-default-executor-8] INFO  impl.FollowerInfo (FollowerInfo.java:lambda$new$0(51)) - fdaf92da-19a4-414a-af4c-01715acef4ce@group-E0D71A37EFC9->4c8858b5-dd34-4dfa-8a80-c1e60ab9590b: nextIndex: updateUnconditionally 3 -> 2
2019-11-08 16:13:34,410 [ForkJoinPool.commonPool-worker-1] INFO  impl.RaftServerImpl (RaftServerImpl.java:lambda$shutdown$3(250)) - fdaf92da-19a4-414a-af4c-01715acef4ce@group-C086F38B8249: shutdown
2019-11-08 16:13:34,410 [ForkJoinPool.commonPool-worker-1] INFO  util.JmxRegister (JmxRegister.java:unregister(73)) - Successfully un-registered JMX Bean with object name Ratis:service=RaftServer,group=group-C086F38B8249,id=fdaf92da-19a4-414a-af4c-01715acef4ce
2019-11-08 16:13:34,410 [ForkJoinPool.commonPool-worker-1] INFO  impl.RoleInfo (RoleInfo.java:shutdownLeaderState(104)) - fdaf92da-19a4-414a-af4c-01715acef4ce: shutdown LeaderState
2019-11-08 16:13:34,412 [org.apache.ratis.server.impl.LogAppender$AppenderDaemon$$Lambda$502/1059916708@712585] WARN  server.GrpcLogAppender (GrpcLogAppender.java:mayWait(151)) - fdaf92da-19a4-414a-af4c-01715acef4ce@group-C086F38B8249->4c8858b5-dd34-4dfa-8a80-c1e60ab9590b-GrpcLogAppender: Wait interrupted by java.lang.InterruptedException
2019-11-08 16:13:34,412 [ForkJoinPool.commonPool-worker-1] INFO  impl.PendingRequests (PendingRequests.java:sendNotLeaderResponses(206)) - fdaf92da-19a4-414a-af4c-01715acef4ce@group-C086F38B8249-PendingRequests: sendNotLeaderResponses
2019-11-08 16:13:34,412 [org.apache.ratis.server.impl.LogAppender$AppenderDaemon$$Lambda$502/1059916708@732b1a7d] WARN  server.GrpcLogAppender (GrpcLogAppender.java:mayWait(151)) - fdaf92da-19a4-414a-af4c-01715acef4ce@group-C086F38B8249->c0c4966b-a29b-458a-b1c2-0283d43e69e4-GrpcLogAppender: Wait interrupted by java.lang.InterruptedException
2019-11-08 16:13:34,413 [grpc-default-executor-8] INFO  server.GrpcServerProtocolService (GrpcServerProtocolService.java:onCompleted(113)) - 4c8858b5-dd34-4dfa-8a80-c1e60ab9590b: Completed APPEND_ENTRIES, lastRequest: fdaf92da-19a4-414a-af4c-01715acef4ce->4c8858b5-dd34-4dfa-8a80-c1e60ab9590b#28-t4, previous=(t:4, i:2), leaderCommit=2, initializing? false, entries: <empty>
2019-11-08 16:13:34,413 [ForkJoinPool.commonPool-worker-1] INFO  impl.StateMachineUpdater (StateMachineUpdater.java:stopAndJoin(136)) - fdaf92da-19a4-414a-af4c-01715acef4ce@group-C086F38B8249-StateMachineUpdater: set stopIndex = 2
2019-11-08 16:13:34,413 [ForkJoinPool.commonPool-worker-1] INFO  impl.RaftServerImpl (ServerState.java:close(387)) - fdaf92da-19a4-414a-af4c-01715acef4ce@group-C086F38B8249: closes. applyIndex: 2
2019-11-08 16:13:34,413 [grpc-default-executor-8] INFO  server.GrpcLogAppender (GrpcLogAppender.java:onCompleted(308)) - fdaf92da-19a4-414a-af4c-01715acef4ce@group-C086F38B8249->4c8858b5-dd34-4dfa-8a80-c1e60ab9590b-AppendLogResponseHandler: follower responses appendEntries COMPLETED
2019-11-08 16:13:34,413 [fdaf92da-19a4-414a-af4c-01715acef4ce@group-C086F38B8249-SegmentedRaftLogWorker] INFO  segmented.SegmentedRaftLogWorker (SegmentedRaftLogWorker.java:run(316)) - fdaf92da-19a4-414a-af4c-01715acef4ce@group-C086F38B8249-SegmentedRaftLogWorker was interrupted, exiting. There are 0 tasks remaining in the queue.
2019-11-08 16:13:34,414 [grpc-default-executor-8] INFO  impl.FollowerInfo (FollowerInfo.java:lambda$new$0(51)) - fdaf92da-19a4-414a-af4c-01715acef4ce@group-C086F38B8249->4c8858b5-dd34-4dfa-8a80-c1e60ab9590b: nextIndex: updateUnconditionally 3 -> 2
2019-11-08 16:13:34,415 [ForkJoinPool.commonPool-worker-1] INFO  segmented.SegmentedRaftLogWorker (SegmentedRaftLogWorker.java:close(224)) - fdaf92da-19a4-414a-af4c-01715acef4ce@group-C086F38B8249-SegmentedRaftLogWorker close()
2019-11-08 16:13:34,414 [grpc-default-executor-2] INFO  impl.FollowerInfo (FollowerInfo.java:lambda$new$0(51)) - fdaf92da-19a4-414a-af4c-01715acef4ce@group-576F86D54FC4->4c8858b5-dd34-4dfa-8a80-c1e60ab9590b: nextIndex: updateUnconditionally 3 -> 2
2019-11-08 16:13:34,416 [ForkJoinPool.commonPool-worker-1] INFO  server.GrpcService (GrpcService.java:closeImpl(164)) - fdaf92da-19a4-414a-af4c-01715acef4ce: shutdown server with port 37869 now
2019-11-08 16:13:34,417 [ForkJoinPool.commonPool-worker-1] INFO  server.GrpcService (GrpcService.java:closeImpl(172)) - fdaf92da-19a4-414a-af4c-01715acef4ce: shutdown server with port 37869 successfully
2019-11-08 16:13:34,418 [refreshUsed-/workdir/hadoop-ozone/integration-test/target/test-dir/MiniOzoneClusterImpl-d855ef0a-1308-4748-ba6a-889d1c87fb48/datanode-0/data/containers] WARN  fs.CachingGetSpaceUsed (CachingGetSpaceUsed.java:run(183)) - Thread Interrupted waiting to refresh disk information: sleep interrupted
2019-11-08 16:13:34,426 [main] INFO  utils.BackgroundService (BackgroundService.java:shutdown(151)) - Shutting down service BlockDeletingService
2019-11-08 16:13:34,430 [main] INFO  statemachine.DatanodeStateMachine (DatanodeStateMachine.java:stopDaemon(395)) - Ozone container server stopped.
2019-11-08 16:13:34,431 [ForkJoinPool.commonPool-worker-1] INFO  utils.BackgroundService (BackgroundService.java:shutdown(151)) - Shutting down service BlockDeletingService
2019-11-08 16:13:34,431 [main] INFO  handler.ContextHandler (ContextHandler.java:doStop(910)) - Stopped o.e.j.w.WebAppContext@59845579{/,null,UNAVAILABLE}{/hddsDatanode}
2019-11-08 16:13:34,433 [ForkJoinPool.commonPool-worker-1] INFO  statemachine.DatanodeStateMachine (DatanodeStateMachine.java:stopDaemon(395)) - Ozone container server stopped.
2019-11-08 16:13:34,435 [main] INFO  server.AbstractConnector (AbstractConnector.java:doStop(318)) - Stopped ServerConnector@30c19bff{HTTP/1.1,[http/1.1]}{0.0.0.0:0}
2019-11-08 16:13:34,436 [ForkJoinPool.commonPool-worker-1] INFO  handler.ContextHandler (ContextHandler.java:doStop(910)) - Stopped o.e.j.w.WebAppContext@4dfe8b37{/,null,UNAVAILABLE}{/hddsDatanode}
2019-11-08 16:13:34,436 [main] INFO  handler.ContextHandler (ContextHandler.java:doStop(910)) - Stopped o.e.j.s.ServletContextHandler@499ee966{/static,jar:file:/home/user/.m2/repository/org/apache/hadoop/hadoop-hdds-container-service/0.5.0-SNAPSHOT/hadoop-hdds-container-service-0.5.0-SNAPSHOT.jar!/webapps/static,UNAVAILABLE}
2019-11-08 16:13:34,436 [ForkJoinPool.commonPool-worker-1] INFO  server.AbstractConnector (AbstractConnector.java:doStop(318)) - Stopped ServerConnector@11dcd42c{HTTP/1.1,[http/1.1]}{0.0.0.0:0}
2019-11-08 16:13:34,436 [main] INFO  handler.ContextHandler (ContextHandler.java:doStop(910)) - Stopped o.e.j.s.ServletContextHandler@43245559{/logs,file:///workdir/hadoop-ozone/integration-test/target/log,UNAVAILABLE}
2019-11-08 16:13:34,437 [ForkJoinPool.commonPool-worker-1] INFO  handler.ContextHandler (ContextHandler.java:doStop(910)) - Stopped o.e.j.s.ServletContextHandler@4fc165f6{/static,jar:file:/home/user/.m2/repository/org/apache/hadoop/hadoop-hdds-container-service/0.5.0-SNAPSHOT/hadoop-hdds-container-service-0.5.0-SNAPSHOT.jar!/webapps/static,UNAVAILABLE}
2019-11-08 16:13:34,438 [ForkJoinPool.commonPool-worker-1] INFO  handler.ContextHandler (ContextHandler.java:doStop(910)) - Stopped o.e.j.s.ServletContextHandler@750f64fe{/logs,file:///workdir/hadoop-ozone/integration-test/target/log,UNAVAILABLE}
2019-11-08 16:13:34,532 [Datanode State Machine Thread - 0] INFO  statemachine.DatanodeStateMachine (DatanodeStateMachine.java:lambda$startDaemon$0(350)) - Ozone container server started.
2019-11-08 16:13:35,019 [Thread-2018] INFO  impl.FollowerState (FollowerState.java:run(111)) - 4c8858b5-dd34-4dfa-8a80-c1e60ab9590b@group-C086F38B8249-FollowerState: change to CANDIDATE, lastRpcTime:1101ms, electionTimeout:1046ms
2019-11-08 16:13:35,020 [Thread-2018] INFO  impl.RoleInfo (RoleInfo.java:shutdownFollowerState(121)) - 4c8858b5-dd34-4dfa-8a80-c1e60ab9590b: shutdown FollowerState
2019-11-08 16:13:35,020 [Thread-2018] INFO  impl.RaftServerImpl (RaftServerImpl.java:setRole(173)) - 4c8858b5-dd34-4dfa-8a80-c1e60ab9590b@group-C086F38B8249: changes role from  FOLLOWER to CANDIDATE at term 4 for changeToCandidate
2019-11-08 16:13:35,020 [Thread-2018] INFO  impl.RoleInfo (RoleInfo.java:updateAndGet(143)) - 4c8858b5-dd34-4dfa-8a80-c1e60ab9590b: start LeaderElection
2019-11-08 16:13:35,020 [4c8858b5-dd34-4dfa-8a80-c1e60ab9590b@group-C086F38B8249-LeaderElection96] INFO  impl.RaftServerImpl (ServerState.java:setLeader(255)) - 4c8858b5-dd34-4dfa-8a80-c1e60ab9590b@group-C086F38B8249: change Leader from fdaf92da-19a4-414a-af4c-01715acef4ce to null at term 4 for initElection
2019-11-08 16:13:35,044 [4c8858b5-dd34-4dfa-8a80-c1e60ab9590b@group-C086F38B8249-LeaderElection96] INFO  impl.LeaderElection (LeaderElection.java:askForVotes(178)) - 4c8858b5-dd34-4dfa-8a80-c1e60ab9590b@group-C086F38B8249-LeaderElection96: begin an election at term 5 for 1: [4c8858b5-dd34-4dfa-8a80-c1e60ab9590b:192.168.69.121:43670, c0c4966b-a29b-458a-b1c2-0283d43e69e4:192.168.69.121:46426, fdaf92da-19a4-414a-af4c-01715acef4ce:192.168.69.121:37869], old=null
2019-11-08 16:13:35,047 [4c8858b5-dd34-4dfa-8a80-c1e60ab9590b@group-C086F38B8249-LeaderElection96] INFO  impl.LeaderElection (LogUtils.java:infoOrTrace(149)) - 4c8858b5-dd34-4dfa-8a80-c1e60ab9590b@group-C086F38B8249-LeaderElection96 got exception when requesting votes: {}
java.util.concurrent.ExecutionException: org.apache.ratis.thirdparty.io.grpc.StatusRuntimeException: UNAVAILABLE: io exception
	at java.util.concurrent.FutureTask.report(FutureTask.java:122)
	at java.util.concurrent.FutureTask.get(FutureTask.java:192)
	at org.apache.ratis.server.impl.LeaderElection.waitForResults(LeaderElection.java:259)
	at org.apache.ratis.server.impl.LeaderElection.askForVotes(LeaderElection.java:197)
	at org.apache.ratis.server.impl.LeaderElection.run(LeaderElection.java:133)
	at java.lang.Thread.run(Thread.java:748)
Caused by: org.apache.ratis.thirdparty.io.grpc.StatusRuntimeException: UNAVAILABLE: io exception
	at org.apache.ratis.thirdparty.io.grpc.stub.ClientCalls.toStatusRuntimeException(ClientCalls.java:233)
	at org.apache.ratis.thirdparty.io.grpc.stub.ClientCalls.getUnchecked(ClientCalls.java:214)
	at org.apache.ratis.thirdparty.io.grpc.stub.ClientCalls.blockingUnaryCall(ClientCalls.java:139)
	at org.apache.ratis.proto.grpc.RaftServerProtocolServiceGrpc$RaftServerProtocolServiceBlockingStub.requestVote(RaftServerProtocolServiceGrpc.java:265)
	at org.apache.ratis.grpc.server.GrpcServerProtocolClient.requestVote(GrpcServerProtocolClient.java:99)
	at org.apache.ratis.grpc.server.GrpcService.requestVote(GrpcService.java:204)
	at org.apache.ratis.server.impl.LeaderElection.lambda$submitRequests$1(LeaderElection.java:234)
	at java.util.concurrent.FutureTask.run(FutureTask.java:266)
	at java.util.concurrent.Executors$RunnableAdapter.call(Executors.java:511)
	at java.util.concurrent.FutureTask.run(FutureTask.java:266)
	at java.util.concurrent.ThreadPoolExecutor.runWorker(ThreadPoolExecutor.java:1149)
	at java.util.concurrent.ThreadPoolExecutor$Worker.run(ThreadPoolExecutor.java:624)
	... 1 more
Caused by: org.apache.ratis.thirdparty.io.netty.channel.AbstractChannel$AnnotatedConnectException: Connection refused: /192.168.69.121:46426
	at sun.nio.ch.SocketChannelImpl.checkConnect(Native Method)
	at sun.nio.ch.SocketChannelImpl.finishConnect(SocketChannelImpl.java:717)
	at org.apache.ratis.thirdparty.io.netty.channel.socket.nio.NioSocketChannel.doFinishConnect(NioSocketChannel.java:327)
	at org.apache.ratis.thirdparty.io.netty.channel.nio.AbstractNioChannel$AbstractNioUnsafe.finishConnect(AbstractNioChannel.java:340)
	at org.apache.ratis.thirdparty.io.netty.channel.nio.NioEventLoop.processSelectedKey(NioEventLoop.java:632)
	at org.apache.ratis.thirdparty.io.netty.channel.nio.NioEventLoop.processSelectedKeysOptimized(NioEventLoop.java:579)
	at org.apache.ratis.thirdparty.io.netty.channel.nio.NioEventLoop.processSelectedKeys(NioEventLoop.java:496)
	at org.apache.ratis.thirdparty.io.netty.channel.nio.NioEventLoop.run(NioEventLoop.java:458)
	at org.apache.ratis.thirdparty.io.netty.util.concurrent.SingleThreadEventExecutor$5.run(SingleThreadEventExecutor.java:897)
	at org.apache.ratis.thirdparty.io.netty.util.concurrent.FastThreadLocalRunnable.run(FastThreadLocalRunnable.java:30)
	... 1 more
Caused by: java.net.ConnectException: Connection refused
	... 11 more
2019-11-08 16:13:35,048 [4c8858b5-dd34-4dfa-8a80-c1e60ab9590b@group-C086F38B8249-LeaderElection96] INFO  impl.LeaderElection (LogUtils.java:infoOrTrace(149)) - 4c8858b5-dd34-4dfa-8a80-c1e60ab9590b@group-C086F38B8249-LeaderElection96 got exception when requesting votes: {}
java.util.concurrent.ExecutionException: org.apache.ratis.thirdparty.io.grpc.StatusRuntimeException: UNAVAILABLE: io exception
	at java.util.concurrent.FutureTask.report(FutureTask.java:122)
	at java.util.concurrent.FutureTask.get(FutureTask.java:192)
	at org.apache.ratis.server.impl.LeaderElection.waitForResults(LeaderElection.java:259)
	at org.apache.ratis.server.impl.LeaderElection.askForVotes(LeaderElection.java:197)
	at org.apache.ratis.server.impl.LeaderElection.run(LeaderElection.java:133)
	at java.lang.Thread.run(Thread.java:748)
Caused by: org.apache.ratis.thirdparty.io.grpc.StatusRuntimeException: UNAVAILABLE: io exception
	at org.apache.ratis.thirdparty.io.grpc.stub.ClientCalls.toStatusRuntimeException(ClientCalls.java:233)
	at org.apache.ratis.thirdparty.io.grpc.stub.ClientCalls.getUnchecked(ClientCalls.java:214)
	at org.apache.ratis.thirdparty.io.grpc.stub.ClientCalls.blockingUnaryCall(ClientCalls.java:139)
	at org.apache.ratis.proto.grpc.RaftServerProtocolServiceGrpc$RaftServerProtocolServiceBlockingStub.requestVote(RaftServerProtocolServiceGrpc.java:265)
	at org.apache.ratis.grpc.server.GrpcServerProtocolClient.requestVote(GrpcServerProtocolClient.java:99)
	at org.apache.ratis.grpc.server.GrpcService.requestVote(GrpcService.java:204)
	at org.apache.ratis.server.impl.LeaderElection.lambda$submitRequests$1(LeaderElection.java:234)
	at java.util.concurrent.FutureTask.run(FutureTask.java:266)
	at java.util.concurrent.Executors$RunnableAdapter.call(Executors.java:511)
	at java.util.concurrent.FutureTask.run(FutureTask.java:266)
	at java.util.concurrent.ThreadPoolExecutor.runWorker(ThreadPoolExecutor.java:1149)
	at java.util.concurrent.ThreadPoolExecutor$Worker.run(ThreadPoolExecutor.java:624)
	... 1 more
Caused by: org.apache.ratis.thirdparty.io.netty.channel.AbstractChannel$AnnotatedConnectException: Connection refused: /192.168.69.121:37869
	at sun.nio.ch.SocketChannelImpl.checkConnect(Native Method)
	at sun.nio.ch.SocketChannelImpl.finishConnect(SocketChannelImpl.java:717)
	at org.apache.ratis.thirdparty.io.netty.channel.socket.nio.NioSocketChannel.doFinishConnect(NioSocketChannel.java:327)
	at org.apache.ratis.thirdparty.io.netty.channel.nio.AbstractNioChannel$AbstractNioUnsafe.finishConnect(AbstractNioChannel.java:340)
	at org.apache.ratis.thirdparty.io.netty.channel.nio.NioEventLoop.processSelectedKey(NioEventLoop.java:632)
	at org.apache.ratis.thirdparty.io.netty.channel.nio.NioEventLoop.processSelectedKeysOptimized(NioEventLoop.java:579)
	at org.apache.ratis.thirdparty.io.netty.channel.nio.NioEventLoop.processSelectedKeys(NioEventLoop.java:496)
	at org.apache.ratis.thirdparty.io.netty.channel.nio.NioEventLoop.run(NioEventLoop.java:458)
	at org.apache.ratis.thirdparty.io.netty.util.concurrent.SingleThreadEventExecutor$5.run(SingleThreadEventExecutor.java:897)
	at org.apache.ratis.thirdparty.io.netty.util.concurrent.FastThreadLocalRunnable.run(FastThreadLocalRunnable.java:30)
	... 1 more
Caused by: java.net.ConnectException: Connection refused
	... 11 more
2019-11-08 16:13:35,048 [4c8858b5-dd34-4dfa-8a80-c1e60ab9590b@group-C086F38B8249-LeaderElection96] INFO  impl.LeaderElection (LeaderElection.java:logAndReturn(56)) - 4c8858b5-dd34-4dfa-8a80-c1e60ab9590b@group-C086F38B8249-LeaderElection96: Election REJECTED; received 0 response(s) [] and 2 exception(s); 4c8858b5-dd34-4dfa-8a80-c1e60ab9590b@group-C086F38B8249:t5, leader=null, voted=4c8858b5-dd34-4dfa-8a80-c1e60ab9590b, raftlog=4c8858b5-dd34-4dfa-8a80-c1e60ab9590b@group-C086F38B8249-SegmentedRaftLog:OPENED:c2,f2,i2, conf=1: [4c8858b5-dd34-4dfa-8a80-c1e60ab9590b:192.168.69.121:43670, c0c4966b-a29b-458a-b1c2-0283d43e69e4:192.168.69.121:46426, fdaf92da-19a4-414a-af4c-01715acef4ce:192.168.69.121:37869], old=null
2019-11-08 16:13:35,049 [4c8858b5-dd34-4dfa-8a80-c1e60ab9590b@group-C086F38B8249-LeaderElection96] INFO  impl.LeaderElection (LogUtils.java:infoOrTrace(149)) -   Exception 0: {}
java.util.concurrent.ExecutionException: org.apache.ratis.thirdparty.io.grpc.StatusRuntimeException: UNAVAILABLE: io exception
	at java.util.concurrent.FutureTask.report(FutureTask.java:122)
	at java.util.concurrent.FutureTask.get(FutureTask.java:192)
	at org.apache.ratis.server.impl.LeaderElection.waitForResults(LeaderElection.java:259)
	at org.apache.ratis.server.impl.LeaderElection.askForVotes(LeaderElection.java:197)
	at org.apache.ratis.server.impl.LeaderElection.run(LeaderElection.java:133)
	at java.lang.Thread.run(Thread.java:748)
Caused by: org.apache.ratis.thirdparty.io.grpc.StatusRuntimeException: UNAVAILABLE: io exception
	at org.apache.ratis.thirdparty.io.grpc.stub.ClientCalls.toStatusRuntimeException(ClientCalls.java:233)
	at org.apache.ratis.thirdparty.io.grpc.stub.ClientCalls.getUnchecked(ClientCalls.java:214)
	at org.apache.ratis.thirdparty.io.grpc.stub.ClientCalls.blockingUnaryCall(ClientCalls.java:139)
	at org.apache.ratis.proto.grpc.RaftServerProtocolServiceGrpc$RaftServerProtocolServiceBlockingStub.requestVote(RaftServerProtocolServiceGrpc.java:265)
	at org.apache.ratis.grpc.server.GrpcServerProtocolClient.requestVote(GrpcServerProtocolClient.java:99)
	at org.apache.ratis.grpc.server.GrpcService.requestVote(GrpcService.java:204)
	at org.apache.ratis.server.impl.LeaderElection.lambda$submitRequests$1(LeaderElection.java:234)
	at java.util.concurrent.FutureTask.run(FutureTask.java:266)
	at java.util.concurrent.Executors$RunnableAdapter.call(Executors.java:511)
	at java.util.concurrent.FutureTask.run(FutureTask.java:266)
	at java.util.concurrent.ThreadPoolExecutor.runWorker(ThreadPoolExecutor.java:1149)
	at java.util.concurrent.ThreadPoolExecutor$Worker.run(ThreadPoolExecutor.java:624)
	... 1 more
Caused by: org.apache.ratis.thirdparty.io.netty.channel.AbstractChannel$AnnotatedConnectException: Connection refused: /192.168.69.121:46426
	at sun.nio.ch.SocketChannelImpl.checkConnect(Native Method)
	at sun.nio.ch.SocketChannelImpl.finishConnect(SocketChannelImpl.java:717)
	at org.apache.ratis.thirdparty.io.netty.channel.socket.nio.NioSocketChannel.doFinishConnect(NioSocketChannel.java:327)
	at org.apache.ratis.thirdparty.io.netty.channel.nio.AbstractNioChannel$AbstractNioUnsafe.finishConnect(AbstractNioChannel.java:340)
	at org.apache.ratis.thirdparty.io.netty.channel.nio.NioEventLoop.processSelectedKey(NioEventLoop.java:632)
	at org.apache.ratis.thirdparty.io.netty.channel.nio.NioEventLoop.processSelectedKeysOptimized(NioEventLoop.java:579)
	at org.apache.ratis.thirdparty.io.netty.channel.nio.NioEventLoop.processSelectedKeys(NioEventLoop.java:496)
	at org.apache.ratis.thirdparty.io.netty.channel.nio.NioEventLoop.run(NioEventLoop.java:458)
	at org.apache.ratis.thirdparty.io.netty.util.concurrent.SingleThreadEventExecutor$5.run(SingleThreadEventExecutor.java:897)
	at org.apache.ratis.thirdparty.io.netty.util.concurrent.FastThreadLocalRunnable.run(FastThreadLocalRunnable.java:30)
	... 1 more
Caused by: java.net.ConnectException: Connection refused
	... 11 more
2019-11-08 16:13:35,049 [4c8858b5-dd34-4dfa-8a80-c1e60ab9590b@group-C086F38B8249-LeaderElection96] INFO  impl.LeaderElection (LogUtils.java:infoOrTrace(149)) -   Exception 1: {}
java.util.concurrent.ExecutionException: org.apache.ratis.thirdparty.io.grpc.StatusRuntimeException: UNAVAILABLE: io exception
	at java.util.concurrent.FutureTask.report(FutureTask.java:122)
	at java.util.concurrent.FutureTask.get(FutureTask.java:192)
	at org.apache.ratis.server.impl.LeaderElection.waitForResults(LeaderElection.java:259)
	at org.apache.ratis.server.impl.LeaderElection.askForVotes(LeaderElection.java:197)
	at org.apache.ratis.server.impl.LeaderElection.run(LeaderElection.java:133)
	at java.lang.Thread.run(Thread.java:748)
Caused by: org.apache.ratis.thirdparty.io.grpc.StatusRuntimeException: UNAVAILABLE: io exception
	at org.apache.ratis.thirdparty.io.grpc.stub.ClientCalls.toStatusRuntimeException(ClientCalls.java:233)
	at org.apache.ratis.thirdparty.io.grpc.stub.ClientCalls.getUnchecked(ClientCalls.java:214)
	at org.apache.ratis.thirdparty.io.grpc.stub.ClientCalls.blockingUnaryCall(ClientCalls.java:139)
	at org.apache.ratis.proto.grpc.RaftServerProtocolServiceGrpc$RaftServerProtocolServiceBlockingStub.requestVote(RaftServerProtocolServiceGrpc.java:265)
	at org.apache.ratis.grpc.server.GrpcServerProtocolClient.requestVote(GrpcServerProtocolClient.java:99)
	at org.apache.ratis.grpc.server.GrpcService.requestVote(GrpcService.java:204)
	at org.apache.ratis.server.impl.LeaderElection.lambda$submitRequests$1(LeaderElection.java:234)
	at java.util.concurrent.FutureTask.run(FutureTask.java:266)
	at java.util.concurrent.Executors$RunnableAdapter.call(Executors.java:511)
	at java.util.concurrent.FutureTask.run(FutureTask.java:266)
	at java.util.concurrent.ThreadPoolExecutor.runWorker(ThreadPoolExecutor.java:1149)
	at java.util.concurrent.ThreadPoolExecutor$Worker.run(ThreadPoolExecutor.java:624)
	... 1 more
Caused by: org.apache.ratis.thirdparty.io.netty.channel.AbstractChannel$AnnotatedConnectException: Connection refused: /192.168.69.121:37869
	at sun.nio.ch.SocketChannelImpl.checkConnect(Native Method)
	at sun.nio.ch.SocketChannelImpl.finishConnect(SocketChannelImpl.java:717)
	at org.apache.ratis.thirdparty.io.netty.channel.socket.nio.NioSocketChannel.doFinishConnect(NioSocketChannel.java:327)
	at org.apache.ratis.thirdparty.io.netty.channel.nio.AbstractNioChannel$AbstractNioUnsafe.finishConnect(AbstractNioChannel.java:340)
	at org.apache.ratis.thirdparty.io.netty.channel.nio.NioEventLoop.processSelectedKey(NioEventLoop.java:632)
	at org.apache.ratis.thirdparty.io.netty.channel.nio.NioEventLoop.processSelectedKeysOptimized(NioEventLoop.java:579)
	at org.apache.ratis.thirdparty.io.netty.channel.nio.NioEventLoop.processSelectedKeys(NioEventLoop.java:496)
	at org.apache.ratis.thirdparty.io.netty.channel.nio.NioEventLoop.run(NioEventLoop.java:458)
	at org.apache.ratis.thirdparty.io.netty.util.concurrent.SingleThreadEventExecutor$5.run(SingleThreadEventExecutor.java:897)
	at org.apache.ratis.thirdparty.io.netty.util.concurrent.FastThreadLocalRunnable.run(FastThreadLocalRunnable.java:30)
	... 1 more
Caused by: java.net.ConnectException: Connection refused
	... 11 more
2019-11-08 16:13:35,049 [4c8858b5-dd34-4dfa-8a80-c1e60ab9590b@group-C086F38B8249-LeaderElection96] INFO  impl.RaftServerImpl (RaftServerImpl.java:setRole(173)) - 4c8858b5-dd34-4dfa-8a80-c1e60ab9590b@group-C086F38B8249: changes role from CANDIDATE to FOLLOWER at term 5 for DISCOVERED_A_NEW_TERM
2019-11-08 16:13:35,049 [4c8858b5-dd34-4dfa-8a80-c1e60ab9590b@group-C086F38B8249-LeaderElection96] INFO  impl.RoleInfo (RoleInfo.java:shutdownLeaderElection(134)) - 4c8858b5-dd34-4dfa-8a80-c1e60ab9590b: shutdown LeaderElection
2019-11-08 16:13:35,050 [4c8858b5-dd34-4dfa-8a80-c1e60ab9590b@group-C086F38B8249-LeaderElection96] INFO  impl.RoleInfo (RoleInfo.java:updateAndGet(143)) - 4c8858b5-dd34-4dfa-8a80-c1e60ab9590b: start FollowerState
2019-11-08 16:13:35,171 [Datanode State Machine Thread - 0] INFO  statemachine.DatanodeStateMachine (DatanodeStateMachine.java:lambda$startDaemon$0(350)) - Ozone container server started.
2019-11-08 16:13:35,837 [Thread-2036] INFO  impl.FollowerState (FollowerState.java:run(111)) - 4c8858b5-dd34-4dfa-8a80-c1e60ab9590b@group-E0D71A37EFC9-FollowerState: change to CANDIDATE, lastRpcTime:1670ms, electionTimeout:1047ms
2019-11-08 16:13:35,837 [Thread-2036] INFO  impl.RoleInfo (RoleInfo.java:shutdownFollowerState(121)) - 4c8858b5-dd34-4dfa-8a80-c1e60ab9590b: shutdown FollowerState
2019-11-08 16:13:35,837 [Thread-2036] INFO  impl.RaftServerImpl (RaftServerImpl.java:setRole(173)) - 4c8858b5-dd34-4dfa-8a80-c1e60ab9590b@group-E0D71A37EFC9: changes role from  FOLLOWER to CANDIDATE at term 3 for changeToCandidate
2019-11-08 16:13:35,837 [Thread-2036] INFO  impl.RoleInfo (RoleInfo.java:updateAndGet(143)) - 4c8858b5-dd34-4dfa-8a80-c1e60ab9590b: start LeaderElection
2019-11-08 16:13:35,838 [4c8858b5-dd34-4dfa-8a80-c1e60ab9590b@group-E0D71A37EFC9-LeaderElection97] INFO  impl.RaftServerImpl (ServerState.java:setLeader(255)) - 4c8858b5-dd34-4dfa-8a80-c1e60ab9590b@group-E0D71A37EFC9: change Leader from fdaf92da-19a4-414a-af4c-01715acef4ce to null at term 3 for initElection
2019-11-08 16:13:35,846 [Thread-2015] INFO  impl.FollowerState (FollowerState.java:run(111)) - 4c8858b5-dd34-4dfa-8a80-c1e60ab9590b@group-576F86D54FC4-FollowerState: change to CANDIDATE, lastRpcTime:1928ms, electionTimeout:1056ms
2019-11-08 16:13:35,846 [Thread-2015] INFO  impl.RoleInfo (RoleInfo.java:shutdownFollowerState(121)) - 4c8858b5-dd34-4dfa-8a80-c1e60ab9590b: shutdown FollowerState
2019-11-08 16:13:35,846 [Thread-2015] INFO  impl.RaftServerImpl (RaftServerImpl.java:setRole(173)) - 4c8858b5-dd34-4dfa-8a80-c1e60ab9590b@group-576F86D54FC4: changes role from  FOLLOWER to CANDIDATE at term 5 for changeToCandidate
2019-11-08 16:13:35,846 [Thread-2015] INFO  impl.RoleInfo (RoleInfo.java:updateAndGet(143)) - 4c8858b5-dd34-4dfa-8a80-c1e60ab9590b: start LeaderElection
2019-11-08 16:13:35,847 [4c8858b5-dd34-4dfa-8a80-c1e60ab9590b@group-576F86D54FC4-LeaderElection98] INFO  impl.RaftServerImpl (ServerState.java:setLeader(255)) - 4c8858b5-dd34-4dfa-8a80-c1e60ab9590b@group-576F86D54FC4: change Leader from fdaf92da-19a4-414a-af4c-01715acef4ce to null at term 5 for initElection
2019-11-08 16:13:35,863 [4c8858b5-dd34-4dfa-8a80-c1e60ab9590b@group-E0D71A37EFC9-LeaderElection97] INFO  impl.LeaderElection (LeaderElection.java:askForVotes(178)) - 4c8858b5-dd34-4dfa-8a80-c1e60ab9590b@group-E0D71A37EFC9-LeaderElection97: begin an election at term 4 for 1: [4c8858b5-dd34-4dfa-8a80-c1e60ab9590b:192.168.69.121:43670, c0c4966b-a29b-458a-b1c2-0283d43e69e4:192.168.69.121:46426, fdaf92da-19a4-414a-af4c-01715acef4ce:192.168.69.121:37869], old=null
2019-11-08 16:13:35,863 [4c8858b5-dd34-4dfa-8a80-c1e60ab9590b@group-E0D71A37EFC9-LeaderElection97] INFO  impl.LeaderElection (LogUtils.java:infoOrTrace(149)) - 4c8858b5-dd34-4dfa-8a80-c1e60ab9590b@group-E0D71A37EFC9-LeaderElection97 got exception when requesting votes: {}
java.util.concurrent.ExecutionException: org.apache.ratis.thirdparty.io.grpc.StatusRuntimeException: UNAVAILABLE: io exception
	at java.util.concurrent.FutureTask.report(FutureTask.java:122)
	at java.util.concurrent.FutureTask.get(FutureTask.java:192)
	at org.apache.ratis.server.impl.LeaderElection.waitForResults(LeaderElection.java:259)
	at org.apache.ratis.server.impl.LeaderElection.askForVotes(LeaderElection.java:197)
	at org.apache.ratis.server.impl.LeaderElection.run(LeaderElection.java:133)
	at java.lang.Thread.run(Thread.java:748)
Caused by: org.apache.ratis.thirdparty.io.grpc.StatusRuntimeException: UNAVAILABLE: io exception
	at org.apache.ratis.thirdparty.io.grpc.stub.ClientCalls.toStatusRuntimeException(ClientCalls.java:233)
	at org.apache.ratis.thirdparty.io.grpc.stub.ClientCalls.getUnchecked(ClientCalls.java:214)
	at org.apache.ratis.thirdparty.io.grpc.stub.ClientCalls.blockingUnaryCall(ClientCalls.java:139)
	at org.apache.ratis.proto.grpc.RaftServerProtocolServiceGrpc$RaftServerProtocolServiceBlockingStub.requestVote(RaftServerProtocolServiceGrpc.java:265)
	at org.apache.ratis.grpc.server.GrpcServerProtocolClient.requestVote(GrpcServerProtocolClient.java:99)
	at org.apache.ratis.grpc.server.GrpcService.requestVote(GrpcService.java:204)
	at org.apache.ratis.server.impl.LeaderElection.lambda$submitRequests$1(LeaderElection.java:234)
	at java.util.concurrent.FutureTask.run(FutureTask.java:266)
	at java.util.concurrent.Executors$RunnableAdapter.call(Executors.java:511)
	at java.util.concurrent.FutureTask.run(FutureTask.java:266)
	at java.util.concurrent.ThreadPoolExecutor.runWorker(ThreadPoolExecutor.java:1149)
	at java.util.concurrent.ThreadPoolExecutor$Worker.run(ThreadPoolExecutor.java:624)
	... 1 more
Caused by: org.apache.ratis.thirdparty.io.netty.channel.AbstractChannel$AnnotatedConnectException: Connection refused: /192.168.69.121:46426
	at sun.nio.ch.SocketChannelImpl.checkConnect(Native Method)
	at sun.nio.ch.SocketChannelImpl.finishConnect(SocketChannelImpl.java:717)
	at org.apache.ratis.thirdparty.io.netty.channel.socket.nio.NioSocketChannel.doFinishConnect(NioSocketChannel.java:327)
	at org.apache.ratis.thirdparty.io.netty.channel.nio.AbstractNioChannel$AbstractNioUnsafe.finishConnect(AbstractNioChannel.java:340)
	at org.apache.ratis.thirdparty.io.netty.channel.nio.NioEventLoop.processSelectedKey(NioEventLoop.java:632)
	at org.apache.ratis.thirdparty.io.netty.channel.nio.NioEventLoop.processSelectedKeysOptimized(NioEventLoop.java:579)
	at org.apache.ratis.thirdparty.io.netty.channel.nio.NioEventLoop.processSelectedKeys(NioEventLoop.java:496)
	at org.apache.ratis.thirdparty.io.netty.channel.nio.NioEventLoop.run(NioEventLoop.java:458)
	at org.apache.ratis.thirdparty.io.netty.util.concurrent.SingleThreadEventExecutor$5.run(SingleThreadEventExecutor.java:897)
	at org.apache.ratis.thirdparty.io.netty.util.concurrent.FastThreadLocalRunnable.run(FastThreadLocalRunnable.java:30)
	... 1 more
Caused by: java.net.ConnectException: Connection refused
	... 11 more
2019-11-08 16:13:35,864 [4c8858b5-dd34-4dfa-8a80-c1e60ab9590b@group-E0D71A37EFC9-LeaderElection97] INFO  impl.LeaderElection (LogUtils.java:infoOrTrace(149)) - 4c8858b5-dd34-4dfa-8a80-c1e60ab9590b@group-E0D71A37EFC9-LeaderElection97 got exception when requesting votes: {}
java.util.concurrent.ExecutionException: org.apache.ratis.thirdparty.io.grpc.StatusRuntimeException: UNAVAILABLE: io exception
	at java.util.concurrent.FutureTask.report(FutureTask.java:122)
	at java.util.concurrent.FutureTask.get(FutureTask.java:192)
	at org.apache.ratis.server.impl.LeaderElection.waitForResults(LeaderElection.java:259)
	at org.apache.ratis.server.impl.LeaderElection.askForVotes(LeaderElection.java:197)
	at org.apache.ratis.server.impl.LeaderElection.run(LeaderElection.java:133)
	at java.lang.Thread.run(Thread.java:748)
Caused by: org.apache.ratis.thirdparty.io.grpc.StatusRuntimeException: UNAVAILABLE: io exception
	at org.apache.ratis.thirdparty.io.grpc.stub.ClientCalls.toStatusRuntimeException(ClientCalls.java:233)
	at org.apache.ratis.thirdparty.io.grpc.stub.ClientCalls.getUnchecked(ClientCalls.java:214)
	at org.apache.ratis.thirdparty.io.grpc.stub.ClientCalls.blockingUnaryCall(ClientCalls.java:139)
	at org.apache.ratis.proto.grpc.RaftServerProtocolServiceGrpc$RaftServerProtocolServiceBlockingStub.requestVote(RaftServerProtocolServiceGrpc.java:265)
	at org.apache.ratis.grpc.server.GrpcServerProtocolClient.requestVote(GrpcServerProtocolClient.java:99)
	at org.apache.ratis.grpc.server.GrpcService.requestVote(GrpcService.java:204)
	at org.apache.ratis.server.impl.LeaderElection.lambda$submitRequests$1(LeaderElection.java:234)
	at java.util.concurrent.FutureTask.run(FutureTask.java:266)
	at java.util.concurrent.Executors$RunnableAdapter.call(Executors.java:511)
	at java.util.concurrent.FutureTask.run(FutureTask.java:266)
	at java.util.concurrent.ThreadPoolExecutor.runWorker(ThreadPoolExecutor.java:1149)
	at java.util.concurrent.ThreadPoolExecutor$Worker.run(ThreadPoolExecutor.java:624)
	... 1 more
Caused by: org.apache.ratis.thirdparty.io.netty.channel.AbstractChannel$AnnotatedConnectException: Connection refused: /192.168.69.121:37869
	at sun.nio.ch.SocketChannelImpl.checkConnect(Native Method)
	at sun.nio.ch.SocketChannelImpl.finishConnect(SocketChannelImpl.java:717)
	at org.apache.ratis.thirdparty.io.netty.channel.socket.nio.NioSocketChannel.doFinishConnect(NioSocketChannel.java:327)
	at org.apache.ratis.thirdparty.io.netty.channel.nio.AbstractNioChannel$AbstractNioUnsafe.finishConnect(AbstractNioChannel.java:340)
	at org.apache.ratis.thirdparty.io.netty.channel.nio.NioEventLoop.processSelectedKey(NioEventLoop.java:632)
	at org.apache.ratis.thirdparty.io.netty.channel.nio.NioEventLoop.processSelectedKeysOptimized(NioEventLoop.java:579)
	at org.apache.ratis.thirdparty.io.netty.channel.nio.NioEventLoop.processSelectedKeys(NioEventLoop.java:496)
	at org.apache.ratis.thirdparty.io.netty.channel.nio.NioEventLoop.run(NioEventLoop.java:458)
	at org.apache.ratis.thirdparty.io.netty.util.concurrent.SingleThreadEventExecutor$5.run(SingleThreadEventExecutor.java:897)
	at org.apache.ratis.thirdparty.io.netty.util.concurrent.FastThreadLocalRunnable.run(FastThreadLocalRunnable.java:30)
	... 1 more
Caused by: java.net.ConnectException: Connection refused
	... 11 more
2019-11-08 16:13:35,864 [4c8858b5-dd34-4dfa-8a80-c1e60ab9590b@group-E0D71A37EFC9-LeaderElection97] INFO  impl.LeaderElection (LeaderElection.java:logAndReturn(56)) - 4c8858b5-dd34-4dfa-8a80-c1e60ab9590b@group-E0D71A37EFC9-LeaderElection97: Election REJECTED; received 0 response(s) [] and 2 exception(s); 4c8858b5-dd34-4dfa-8a80-c1e60ab9590b@group-E0D71A37EFC9:t4, leader=null, voted=4c8858b5-dd34-4dfa-8a80-c1e60ab9590b, raftlog=4c8858b5-dd34-4dfa-8a80-c1e60ab9590b@group-E0D71A37EFC9-SegmentedRaftLog:OPENED:c2,f2,i2, conf=1: [4c8858b5-dd34-4dfa-8a80-c1e60ab9590b:192.168.69.121:43670, c0c4966b-a29b-458a-b1c2-0283d43e69e4:192.168.69.121:46426, fdaf92da-19a4-414a-af4c-01715acef4ce:192.168.69.121:37869], old=null
2019-11-08 16:13:35,864 [4c8858b5-dd34-4dfa-8a80-c1e60ab9590b@group-E0D71A37EFC9-LeaderElection97] INFO  impl.LeaderElection (LogUtils.java:infoOrTrace(149)) -   Exception 0: {}
java.util.concurrent.ExecutionException: org.apache.ratis.thirdparty.io.grpc.StatusRuntimeException: UNAVAILABLE: io exception
	at java.util.concurrent.FutureTask.report(FutureTask.java:122)
	at java.util.concurrent.FutureTask.get(FutureTask.java:192)
	at org.apache.ratis.server.impl.LeaderElection.waitForResults(LeaderElection.java:259)
	at org.apache.ratis.server.impl.LeaderElection.askForVotes(LeaderElection.java:197)
	at org.apache.ratis.server.impl.LeaderElection.run(LeaderElection.java:133)
	at java.lang.Thread.run(Thread.java:748)
Caused by: org.apache.ratis.thirdparty.io.grpc.StatusRuntimeException: UNAVAILABLE: io exception
	at org.apache.ratis.thirdparty.io.grpc.stub.ClientCalls.toStatusRuntimeException(ClientCalls.java:233)
	at org.apache.ratis.thirdparty.io.grpc.stub.ClientCalls.getUnchecked(ClientCalls.java:214)
	at org.apache.ratis.thirdparty.io.grpc.stub.ClientCalls.blockingUnaryCall(ClientCalls.java:139)
	at org.apache.ratis.proto.grpc.RaftServerProtocolServiceGrpc$RaftServerProtocolServiceBlockingStub.requestVote(RaftServerProtocolServiceGrpc.java:265)
	at org.apache.ratis.grpc.server.GrpcServerProtocolClient.requestVote(GrpcServerProtocolClient.java:99)
	at org.apache.ratis.grpc.server.GrpcService.requestVote(GrpcService.java:204)
	at org.apache.ratis.server.impl.LeaderElection.lambda$submitRequests$1(LeaderElection.java:234)
	at java.util.concurrent.FutureTask.run(FutureTask.java:266)
	at java.util.concurrent.Executors$RunnableAdapter.call(Executors.java:511)
	at java.util.concurrent.FutureTask.run(FutureTask.java:266)
	at java.util.concurrent.ThreadPoolExecutor.runWorker(ThreadPoolExecutor.java:1149)
	at java.util.concurrent.ThreadPoolExecutor$Worker.run(ThreadPoolExecutor.java:624)
	... 1 more
Caused by: org.apache.ratis.thirdparty.io.netty.channel.AbstractChannel$AnnotatedConnectException: Connection refused: /192.168.69.121:46426
	at sun.nio.ch.SocketChannelImpl.checkConnect(Native Method)
	at sun.nio.ch.SocketChannelImpl.finishConnect(SocketChannelImpl.java:717)
	at org.apache.ratis.thirdparty.io.netty.channel.socket.nio.NioSocketChannel.doFinishConnect(NioSocketChannel.java:327)
	at org.apache.ratis.thirdparty.io.netty.channel.nio.AbstractNioChannel$AbstractNioUnsafe.finishConnect(AbstractNioChannel.java:340)
	at org.apache.ratis.thirdparty.io.netty.channel.nio.NioEventLoop.processSelectedKey(NioEventLoop.java:632)
	at org.apache.ratis.thirdparty.io.netty.channel.nio.NioEventLoop.processSelectedKeysOptimized(NioEventLoop.java:579)
	at org.apache.ratis.thirdparty.io.netty.channel.nio.NioEventLoop.processSelectedKeys(NioEventLoop.java:496)
	at org.apache.ratis.thirdparty.io.netty.channel.nio.NioEventLoop.run(NioEventLoop.java:458)
	at org.apache.ratis.thirdparty.io.netty.util.concurrent.SingleThreadEventExecutor$5.run(SingleThreadEventExecutor.java:897)
	at org.apache.ratis.thirdparty.io.netty.util.concurrent.FastThreadLocalRunnable.run(FastThreadLocalRunnable.java:30)
	... 1 more
Caused by: java.net.ConnectException: Connection refused
	... 11 more
2019-11-08 16:13:35,864 [4c8858b5-dd34-4dfa-8a80-c1e60ab9590b@group-E0D71A37EFC9-LeaderElection97] INFO  impl.LeaderElection (LogUtils.java:infoOrTrace(149)) -   Exception 1: {}
java.util.concurrent.ExecutionException: org.apache.ratis.thirdparty.io.grpc.StatusRuntimeException: UNAVAILABLE: io exception
	at java.util.concurrent.FutureTask.report(FutureTask.java:122)
	at java.util.concurrent.FutureTask.get(FutureTask.java:192)
	at org.apache.ratis.server.impl.LeaderElection.waitForResults(LeaderElection.java:259)
	at org.apache.ratis.server.impl.LeaderElection.askForVotes(LeaderElection.java:197)
	at org.apache.ratis.server.impl.LeaderElection.run(LeaderElection.java:133)
	at java.lang.Thread.run(Thread.java:748)
Caused by: org.apache.ratis.thirdparty.io.grpc.StatusRuntimeException: UNAVAILABLE: io exception
	at org.apache.ratis.thirdparty.io.grpc.stub.ClientCalls.toStatusRuntimeException(ClientCalls.java:233)
	at org.apache.ratis.thirdparty.io.grpc.stub.ClientCalls.getUnchecked(ClientCalls.java:214)
	at org.apache.ratis.thirdparty.io.grpc.stub.ClientCalls.blockingUnaryCall(ClientCalls.java:139)
	at org.apache.ratis.proto.grpc.RaftServerProtocolServiceGrpc$RaftServerProtocolServiceBlockingStub.requestVote(RaftServerProtocolServiceGrpc.java:265)
	at org.apache.ratis.grpc.server.GrpcServerProtocolClient.requestVote(GrpcServerProtocolClient.java:99)
	at org.apache.ratis.grpc.server.GrpcService.requestVote(GrpcService.java:204)
	at org.apache.ratis.server.impl.LeaderElection.lambda$submitRequests$1(LeaderElection.java:234)
	at java.util.concurrent.FutureTask.run(FutureTask.java:266)
	at java.util.concurrent.Executors$RunnableAdapter.call(Executors.java:511)
	at java.util.concurrent.FutureTask.run(FutureTask.java:266)
	at java.util.concurrent.ThreadPoolExecutor.runWorker(ThreadPoolExecutor.java:1149)
	at java.util.concurrent.ThreadPoolExecutor$Worker.run(ThreadPoolExecutor.java:624)
	... 1 more
Caused by: org.apache.ratis.thirdparty.io.netty.channel.AbstractChannel$AnnotatedConnectException: Connection refused: /192.168.69.121:37869
	at sun.nio.ch.SocketChannelImpl.checkConnect(Native Method)
	at sun.nio.ch.SocketChannelImpl.finishConnect(SocketChannelImpl.java:717)
	at org.apache.ratis.thirdparty.io.netty.channel.socket.nio.NioSocketChannel.doFinishConnect(NioSocketChannel.java:327)
	at org.apache.ratis.thirdparty.io.netty.channel.nio.AbstractNioChannel$AbstractNioUnsafe.finishConnect(AbstractNioChannel.java:340)
	at org.apache.ratis.thirdparty.io.netty.channel.nio.NioEventLoop.processSelectedKey(NioEventLoop.java:632)
	at org.apache.ratis.thirdparty.io.netty.channel.nio.NioEventLoop.processSelectedKeysOptimized(NioEventLoop.java:579)
	at org.apache.ratis.thirdparty.io.netty.channel.nio.NioEventLoop.processSelectedKeys(NioEventLoop.java:496)
	at org.apache.ratis.thirdparty.io.netty.channel.nio.NioEventLoop.run(NioEventLoop.java:458)
	at org.apache.ratis.thirdparty.io.netty.util.concurrent.SingleThreadEventExecutor$5.run(SingleThreadEventExecutor.java:897)
	at org.apache.ratis.thirdparty.io.netty.util.concurrent.FastThreadLocalRunnable.run(FastThreadLocalRunnable.java:30)
	... 1 more
Caused by: java.net.ConnectException: Connection refused
	... 11 more
2019-11-08 16:13:35,865 [4c8858b5-dd34-4dfa-8a80-c1e60ab9590b@group-E0D71A37EFC9-LeaderElection97] INFO  impl.RaftServerImpl (RaftServerImpl.java:setRole(173)) - 4c8858b5-dd34-4dfa-8a80-c1e60ab9590b@group-E0D71A37EFC9: changes role from CANDIDATE to FOLLOWER at term 4 for DISCOVERED_A_NEW_TERM
2019-11-08 16:13:35,865 [4c8858b5-dd34-4dfa-8a80-c1e60ab9590b@group-E0D71A37EFC9-LeaderElection97] INFO  impl.RoleInfo (RoleInfo.java:shutdownLeaderElection(134)) - 4c8858b5-dd34-4dfa-8a80-c1e60ab9590b: shutdown LeaderElection
2019-11-08 16:13:35,865 [4c8858b5-dd34-4dfa-8a80-c1e60ab9590b@group-E0D71A37EFC9-LeaderElection97] INFO  impl.RoleInfo (RoleInfo.java:updateAndGet(143)) - 4c8858b5-dd34-4dfa-8a80-c1e60ab9590b: start FollowerState
2019-11-08 16:13:35,880 [4c8858b5-dd34-4dfa-8a80-c1e60ab9590b@group-576F86D54FC4-LeaderElection98] INFO  impl.LeaderElection (LeaderElection.java:askForVotes(178)) - 4c8858b5-dd34-4dfa-8a80-c1e60ab9590b@group-576F86D54FC4-LeaderElection98: begin an election at term 6 for 1: [4c8858b5-dd34-4dfa-8a80-c1e60ab9590b:192.168.69.121:43670, c0c4966b-a29b-458a-b1c2-0283d43e69e4:192.168.69.121:46426, fdaf92da-19a4-414a-af4c-01715acef4ce:192.168.69.121:37869], old=null
2019-11-08 16:13:35,881 [4c8858b5-dd34-4dfa-8a80-c1e60ab9590b@group-576F86D54FC4-LeaderElection98] INFO  impl.LeaderElection (LogUtils.java:infoOrTrace(149)) - 4c8858b5-dd34-4dfa-8a80-c1e60ab9590b@group-576F86D54FC4-LeaderElection98 got exception when requesting votes: {}
java.util.concurrent.ExecutionException: org.apache.ratis.thirdparty.io.grpc.StatusRuntimeException: UNAVAILABLE: io exception
	at java.util.concurrent.FutureTask.report(FutureTask.java:122)
	at java.util.concurrent.FutureTask.get(FutureTask.java:192)
	at org.apache.ratis.server.impl.LeaderElection.waitForResults(LeaderElection.java:259)
	at org.apache.ratis.server.impl.LeaderElection.askForVotes(LeaderElection.java:197)
	at org.apache.ratis.server.impl.LeaderElection.run(LeaderElection.java:133)
	at java.lang.Thread.run(Thread.java:748)
Caused by: org.apache.ratis.thirdparty.io.grpc.StatusRuntimeException: UNAVAILABLE: io exception
	at org.apache.ratis.thirdparty.io.grpc.stub.ClientCalls.toStatusRuntimeException(ClientCalls.java:233)
	at org.apache.ratis.thirdparty.io.grpc.stub.ClientCalls.getUnchecked(ClientCalls.java:214)
	at org.apache.ratis.thirdparty.io.grpc.stub.ClientCalls.blockingUnaryCall(ClientCalls.java:139)
	at org.apache.ratis.proto.grpc.RaftServerProtocolServiceGrpc$RaftServerProtocolServiceBlockingStub.requestVote(RaftServerProtocolServiceGrpc.java:265)
	at org.apache.ratis.grpc.server.GrpcServerProtocolClient.requestVote(GrpcServerProtocolClient.java:99)
	at org.apache.ratis.grpc.server.GrpcService.requestVote(GrpcService.java:204)
	at org.apache.ratis.server.impl.LeaderElection.lambda$submitRequests$1(LeaderElection.java:234)
	at java.util.concurrent.FutureTask.run(FutureTask.java:266)
	at java.util.concurrent.Executors$RunnableAdapter.call(Executors.java:511)
	at java.util.concurrent.FutureTask.run(FutureTask.java:266)
	at java.util.concurrent.ThreadPoolExecutor.runWorker(ThreadPoolExecutor.java:1149)
	at java.util.concurrent.ThreadPoolExecutor$Worker.run(ThreadPoolExecutor.java:624)
	... 1 more
Caused by: org.apache.ratis.thirdparty.io.netty.channel.AbstractChannel$AnnotatedConnectException: Connection refused: /192.168.69.121:46426
	at sun.nio.ch.SocketChannelImpl.checkConnect(Native Method)
	at sun.nio.ch.SocketChannelImpl.finishConnect(SocketChannelImpl.java:717)
	at org.apache.ratis.thirdparty.io.netty.channel.socket.nio.NioSocketChannel.doFinishConnect(NioSocketChannel.java:327)
	at org.apache.ratis.thirdparty.io.netty.channel.nio.AbstractNioChannel$AbstractNioUnsafe.finishConnect(AbstractNioChannel.java:340)
	at org.apache.ratis.thirdparty.io.netty.channel.nio.NioEventLoop.processSelectedKey(NioEventLoop.java:632)
	at org.apache.ratis.thirdparty.io.netty.channel.nio.NioEventLoop.processSelectedKeysOptimized(NioEventLoop.java:579)
	at org.apache.ratis.thirdparty.io.netty.channel.nio.NioEventLoop.processSelectedKeys(NioEventLoop.java:496)
	at org.apache.ratis.thirdparty.io.netty.channel.nio.NioEventLoop.run(NioEventLoop.java:458)
	at org.apache.ratis.thirdparty.io.netty.util.concurrent.SingleThreadEventExecutor$5.run(SingleThreadEventExecutor.java:897)
	at org.apache.ratis.thirdparty.io.netty.util.concurrent.FastThreadLocalRunnable.run(FastThreadLocalRunnable.java:30)
	... 1 more
Caused by: java.net.ConnectException: Connection refused
	... 11 more
2019-11-08 16:13:35,882 [4c8858b5-dd34-4dfa-8a80-c1e60ab9590b@group-576F86D54FC4-LeaderElection98] INFO  impl.LeaderElection (LogUtils.java:infoOrTrace(149)) - 4c8858b5-dd34-4dfa-8a80-c1e60ab9590b@group-576F86D54FC4-LeaderElection98 got exception when requesting votes: {}
java.util.concurrent.ExecutionException: org.apache.ratis.thirdparty.io.grpc.StatusRuntimeException: UNAVAILABLE: io exception
	at java.util.concurrent.FutureTask.report(FutureTask.java:122)
	at java.util.concurrent.FutureTask.get(FutureTask.java:192)
	at org.apache.ratis.server.impl.LeaderElection.waitForResults(LeaderElection.java:259)
	at org.apache.ratis.server.impl.LeaderElection.askForVotes(LeaderElection.java:197)
	at org.apache.ratis.server.impl.LeaderElection.run(LeaderElection.java:133)
	at java.lang.Thread.run(Thread.java:748)
Caused by: org.apache.ratis.thirdparty.io.grpc.StatusRuntimeException: UNAVAILABLE: io exception
	at org.apache.ratis.thirdparty.io.grpc.stub.ClientCalls.toStatusRuntimeException(ClientCalls.java:233)
	at org.apache.ratis.thirdparty.io.grpc.stub.ClientCalls.getUnchecked(ClientCalls.java:214)
	at org.apache.ratis.thirdparty.io.grpc.stub.ClientCalls.blockingUnaryCall(ClientCalls.java:139)
	at org.apache.ratis.proto.grpc.RaftServerProtocolServiceGrpc$RaftServerProtocolServiceBlockingStub.requestVote(RaftServerProtocolServiceGrpc.java:265)
	at org.apache.ratis.grpc.server.GrpcServerProtocolClient.requestVote(GrpcServerProtocolClient.java:99)
	at org.apache.ratis.grpc.server.GrpcService.requestVote(GrpcService.java:204)
	at org.apache.ratis.server.impl.LeaderElection.lambda$submitRequests$1(LeaderElection.java:234)
	at java.util.concurrent.FutureTask.run(FutureTask.java:266)
	at java.util.concurrent.Executors$RunnableAdapter.call(Executors.java:511)
	at java.util.concurrent.FutureTask.run(FutureTask.java:266)
	at java.util.concurrent.ThreadPoolExecutor.runWorker(ThreadPoolExecutor.java:1149)
	at java.util.concurrent.ThreadPoolExecutor$Worker.run(ThreadPoolExecutor.java:624)
	... 1 more
Caused by: org.apache.ratis.thirdparty.io.netty.channel.AbstractChannel$AnnotatedConnectException: Connection refused: /192.168.69.121:37869
	at sun.nio.ch.SocketChannelImpl.checkConnect(Native Method)
	at sun.nio.ch.SocketChannelImpl.finishConnect(SocketChannelImpl.java:717)
	at org.apache.ratis.thirdparty.io.netty.channel.socket.nio.NioSocketChannel.doFinishConnect(NioSocketChannel.java:327)
	at org.apache.ratis.thirdparty.io.netty.channel.nio.AbstractNioChannel$AbstractNioUnsafe.finishConnect(AbstractNioChannel.java:340)
	at org.apache.ratis.thirdparty.io.netty.channel.nio.NioEventLoop.processSelectedKey(NioEventLoop.java:632)
	at org.apache.ratis.thirdparty.io.netty.channel.nio.NioEventLoop.processSelectedKeysOptimized(NioEventLoop.java:579)
	at org.apache.ratis.thirdparty.io.netty.channel.nio.NioEventLoop.processSelectedKeys(NioEventLoop.java:496)
	at org.apache.ratis.thirdparty.io.netty.channel.nio.NioEventLoop.run(NioEventLoop.java:458)
	at org.apache.ratis.thirdparty.io.netty.util.concurrent.SingleThreadEventExecutor$5.run(SingleThreadEventExecutor.java:897)
	at org.apache.ratis.thirdparty.io.netty.util.concurrent.FastThreadLocalRunnable.run(FastThreadLocalRunnable.java:30)
	... 1 more
Caused by: java.net.ConnectException: Connection refused
	... 11 more
2019-11-08 16:13:35,882 [4c8858b5-dd34-4dfa-8a80-c1e60ab9590b@group-576F86D54FC4-LeaderElection98] INFO  impl.LeaderElection (LeaderElection.java:logAndReturn(56)) - 4c8858b5-dd34-4dfa-8a80-c1e60ab9590b@group-576F86D54FC4-LeaderElection98: Election REJECTED; received 0 response(s) [] and 2 exception(s); 4c8858b5-dd34-4dfa-8a80-c1e60ab9590b@group-576F86D54FC4:t6, leader=null, voted=4c8858b5-dd34-4dfa-8a80-c1e60ab9590b, raftlog=4c8858b5-dd34-4dfa-8a80-c1e60ab9590b@group-576F86D54FC4-SegmentedRaftLog:OPENED:c2,f2,i2, conf=1: [4c8858b5-dd34-4dfa-8a80-c1e60ab9590b:192.168.69.121:43670, c0c4966b-a29b-458a-b1c2-0283d43e69e4:192.168.69.121:46426, fdaf92da-19a4-414a-af4c-01715acef4ce:192.168.69.121:37869], old=null
2019-11-08 16:13:35,882 [4c8858b5-dd34-4dfa-8a80-c1e60ab9590b@group-576F86D54FC4-LeaderElection98] INFO  impl.LeaderElection (LogUtils.java:infoOrTrace(149)) -   Exception 0: {}
java.util.concurrent.ExecutionException: org.apache.ratis.thirdparty.io.grpc.StatusRuntimeException: UNAVAILABLE: io exception
	at java.util.concurrent.FutureTask.report(FutureTask.java:122)
	at java.util.concurrent.FutureTask.get(FutureTask.java:192)
	at org.apache.ratis.server.impl.LeaderElection.waitForResults(LeaderElection.java:259)
	at org.apache.ratis.server.impl.LeaderElection.askForVotes(LeaderElection.java:197)
	at org.apache.ratis.server.impl.LeaderElection.run(LeaderElection.java:133)
	at java.lang.Thread.run(Thread.java:748)
Caused by: org.apache.ratis.thirdparty.io.grpc.StatusRuntimeException: UNAVAILABLE: io exception
	at org.apache.ratis.thirdparty.io.grpc.stub.ClientCalls.toStatusRuntimeException(ClientCalls.java:233)
	at org.apache.ratis.thirdparty.io.grpc.stub.ClientCalls.getUnchecked(ClientCalls.java:214)
	at org.apache.ratis.thirdparty.io.grpc.stub.ClientCalls.blockingUnaryCall(ClientCalls.java:139)
	at org.apache.ratis.proto.grpc.RaftServerProtocolServiceGrpc$RaftServerProtocolServiceBlockingStub.requestVote(RaftServerProtocolServiceGrpc.java:265)
	at org.apache.ratis.grpc.server.GrpcServerProtocolClient.requestVote(GrpcServerProtocolClient.java:99)
	at org.apache.ratis.grpc.server.GrpcService.requestVote(GrpcService.java:204)
	at org.apache.ratis.server.impl.LeaderElection.lambda$submitRequests$1(LeaderElection.java:234)
	at java.util.concurrent.FutureTask.run(FutureTask.java:266)
	at java.util.concurrent.Executors$RunnableAdapter.call(Executors.java:511)
	at java.util.concurrent.FutureTask.run(FutureTask.java:266)
	at java.util.concurrent.ThreadPoolExecutor.runWorker(ThreadPoolExecutor.java:1149)
	at java.util.concurrent.ThreadPoolExecutor$Worker.run(ThreadPoolExecutor.java:624)
	... 1 more
Caused by: org.apache.ratis.thirdparty.io.netty.channel.AbstractChannel$AnnotatedConnectException: Connection refused: /192.168.69.121:46426
	at sun.nio.ch.SocketChannelImpl.checkConnect(Native Method)
	at sun.nio.ch.SocketChannelImpl.finishConnect(SocketChannelImpl.java:717)
	at org.apache.ratis.thirdparty.io.netty.channel.socket.nio.NioSocketChannel.doFinishConnect(NioSocketChannel.java:327)
	at org.apache.ratis.thirdparty.io.netty.channel.nio.AbstractNioChannel$AbstractNioUnsafe.finishConnect(AbstractNioChannel.java:340)
	at org.apache.ratis.thirdparty.io.netty.channel.nio.NioEventLoop.processSelectedKey(NioEventLoop.java:632)
	at org.apache.ratis.thirdparty.io.netty.channel.nio.NioEventLoop.processSelectedKeysOptimized(NioEventLoop.java:579)
	at org.apache.ratis.thirdparty.io.netty.channel.nio.NioEventLoop.processSelectedKeys(NioEventLoop.java:496)
	at org.apache.ratis.thirdparty.io.netty.channel.nio.NioEventLoop.run(NioEventLoop.java:458)
	at org.apache.ratis.thirdparty.io.netty.util.concurrent.SingleThreadEventExecutor$5.run(SingleThreadEventExecutor.java:897)
	at org.apache.ratis.thirdparty.io.netty.util.concurrent.FastThreadLocalRunnable.run(FastThreadLocalRunnable.java:30)
	... 1 more
Caused by: java.net.ConnectException: Connection refused
	... 11 more
2019-11-08 16:13:35,882 [4c8858b5-dd34-4dfa-8a80-c1e60ab9590b@group-576F86D54FC4-LeaderElection98] INFO  impl.LeaderElection (LogUtils.java:infoOrTrace(149)) -   Exception 1: {}
java.util.concurrent.ExecutionException: org.apache.ratis.thirdparty.io.grpc.StatusRuntimeException: UNAVAILABLE: io exception
	at java.util.concurrent.FutureTask.report(FutureTask.java:122)
	at java.util.concurrent.FutureTask.get(FutureTask.java:192)
	at org.apache.ratis.server.impl.LeaderElection.waitForResults(LeaderElection.java:259)
	at org.apache.ratis.server.impl.LeaderElection.askForVotes(LeaderElection.java:197)
	at org.apache.ratis.server.impl.LeaderElection.run(LeaderElection.java:133)
	at java.lang.Thread.run(Thread.java:748)
Caused by: org.apache.ratis.thirdparty.io.grpc.StatusRuntimeException: UNAVAILABLE: io exception
	at org.apache.ratis.thirdparty.io.grpc.stub.ClientCalls.toStatusRuntimeException(ClientCalls.java:233)
	at org.apache.ratis.thirdparty.io.grpc.stub.ClientCalls.getUnchecked(ClientCalls.java:214)
	at org.apache.ratis.thirdparty.io.grpc.stub.ClientCalls.blockingUnaryCall(ClientCalls.java:139)
	at org.apache.ratis.proto.grpc.RaftServerProtocolServiceGrpc$RaftServerProtocolServiceBlockingStub.requestVote(RaftServerProtocolServiceGrpc.java:265)
	at org.apache.ratis.grpc.server.GrpcServerProtocolClient.requestVote(GrpcServerProtocolClient.java:99)
	at org.apache.ratis.grpc.server.GrpcService.requestVote(GrpcService.java:204)
	at org.apache.ratis.server.impl.LeaderElection.lambda$submitRequests$1(LeaderElection.java:234)
	at java.util.concurrent.FutureTask.run(FutureTask.java:266)
	at java.util.concurrent.Executors$RunnableAdapter.call(Executors.java:511)
	at java.util.concurrent.FutureTask.run(FutureTask.java:266)
	at java.util.concurrent.ThreadPoolExecutor.runWorker(ThreadPoolExecutor.java:1149)
	at java.util.concurrent.ThreadPoolExecutor$Worker.run(ThreadPoolExecutor.java:624)
	... 1 more
Caused by: org.apache.ratis.thirdparty.io.netty.channel.AbstractChannel$AnnotatedConnectException: Connection refused: /192.168.69.121:37869
	at sun.nio.ch.SocketChannelImpl.checkConnect(Native Method)
	at sun.nio.ch.SocketChannelImpl.finishConnect(SocketChannelImpl.java:717)
	at org.apache.ratis.thirdparty.io.netty.channel.socket.nio.NioSocketChannel.doFinishConnect(NioSocketChannel.java:327)
	at org.apache.ratis.thirdparty.io.netty.channel.nio.AbstractNioChannel$AbstractNioUnsafe.finishConnect(AbstractNioChannel.java:340)
	at org.apache.ratis.thirdparty.io.netty.channel.nio.NioEventLoop.processSelectedKey(NioEventLoop.java:632)
	at org.apache.ratis.thirdparty.io.netty.channel.nio.NioEventLoop.processSelectedKeysOptimized(NioEventLoop.java:579)
	at org.apache.ratis.thirdparty.io.netty.channel.nio.NioEventLoop.processSelectedKeys(NioEventLoop.java:496)
	at org.apache.ratis.thirdparty.io.netty.channel.nio.NioEventLoop.run(NioEventLoop.java:458)
	at org.apache.ratis.thirdparty.io.netty.util.concurrent.SingleThreadEventExecutor$5.run(SingleThreadEventExecutor.java:897)
	at org.apache.ratis.thirdparty.io.netty.util.concurrent.FastThreadLocalRunnable.run(FastThreadLocalRunnable.java:30)
	... 1 more
Caused by: java.net.ConnectException: Connection refused
	... 11 more
2019-11-08 16:13:35,883 [4c8858b5-dd34-4dfa-8a80-c1e60ab9590b@group-576F86D54FC4-LeaderElection98] INFO  impl.RaftServerImpl (RaftServerImpl.java:setRole(173)) - 4c8858b5-dd34-4dfa-8a80-c1e60ab9590b@group-576F86D54FC4: changes role from CANDIDATE to FOLLOWER at term 6 for DISCOVERED_A_NEW_TERM
2019-11-08 16:13:35,883 [4c8858b5-dd34-4dfa-8a80-c1e60ab9590b@group-576F86D54FC4-LeaderElection98] INFO  impl.RoleInfo (RoleInfo.java:shutdownLeaderElection(134)) - 4c8858b5-dd34-4dfa-8a80-c1e60ab9590b: shutdown LeaderElection
2019-11-08 16:13:35,883 [4c8858b5-dd34-4dfa-8a80-c1e60ab9590b@group-576F86D54FC4-LeaderElection98] INFO  impl.RoleInfo (RoleInfo.java:updateAndGet(143)) - 4c8858b5-dd34-4dfa-8a80-c1e60ab9590b: start FollowerState
2019-11-08 16:13:36,197 [Thread-2122] INFO  impl.FollowerState (FollowerState.java:run(111)) - 4c8858b5-dd34-4dfa-8a80-c1e60ab9590b@group-C086F38B8249-FollowerState: change to CANDIDATE, lastRpcTime:1147ms, electionTimeout:1147ms
2019-11-08 16:13:36,197 [Thread-2122] INFO  impl.RoleInfo (RoleInfo.java:shutdownFollowerState(121)) - 4c8858b5-dd34-4dfa-8a80-c1e60ab9590b: shutdown FollowerState
2019-11-08 16:13:36,197 [Thread-2122] INFO  impl.RaftServerImpl (RaftServerImpl.java:setRole(173)) - 4c8858b5-dd34-4dfa-8a80-c1e60ab9590b@group-C086F38B8249: changes role from  FOLLOWER to CANDIDATE at term 5 for changeToCandidate
2019-11-08 16:13:36,197 [Thread-2122] INFO  impl.RoleInfo (RoleInfo.java:updateAndGet(143)) - 4c8858b5-dd34-4dfa-8a80-c1e60ab9590b: start LeaderElection
2019-11-08 16:13:36,218 [4c8858b5-dd34-4dfa-8a80-c1e60ab9590b@group-C086F38B8249-LeaderElection99] INFO  impl.LeaderElection (LeaderElection.java:askForVotes(178)) - 4c8858b5-dd34-4dfa-8a80-c1e60ab9590b@group-C086F38B8249-LeaderElection99: begin an election at term 6 for 1: [4c8858b5-dd34-4dfa-8a80-c1e60ab9590b:192.168.69.121:43670, c0c4966b-a29b-458a-b1c2-0283d43e69e4:192.168.69.121:46426, fdaf92da-19a4-414a-af4c-01715acef4ce:192.168.69.121:37869], old=null
2019-11-08 16:13:36,219 [4c8858b5-dd34-4dfa-8a80-c1e60ab9590b@group-C086F38B8249-LeaderElection99] INFO  impl.LeaderElection (LogUtils.java:infoOrTrace(149)) - 4c8858b5-dd34-4dfa-8a80-c1e60ab9590b@group-C086F38B8249-LeaderElection99 got exception when requesting votes: {}
java.util.concurrent.ExecutionException: org.apache.ratis.thirdparty.io.grpc.StatusRuntimeException: UNAVAILABLE: io exception
	at java.util.concurrent.FutureTask.report(FutureTask.java:122)
	at java.util.concurrent.FutureTask.get(FutureTask.java:192)
	at org.apache.ratis.server.impl.LeaderElection.waitForResults(LeaderElection.java:259)
	at org.apache.ratis.server.impl.LeaderElection.askForVotes(LeaderElection.java:197)
	at org.apache.ratis.server.impl.LeaderElection.run(LeaderElection.java:133)
	at java.lang.Thread.run(Thread.java:748)
Caused by: org.apache.ratis.thirdparty.io.grpc.StatusRuntimeException: UNAVAILABLE: io exception
	at org.apache.ratis.thirdparty.io.grpc.stub.ClientCalls.toStatusRuntimeException(ClientCalls.java:233)
	at org.apache.ratis.thirdparty.io.grpc.stub.ClientCalls.getUnchecked(ClientCalls.java:214)
	at org.apache.ratis.thirdparty.io.grpc.stub.ClientCalls.blockingUnaryCall(ClientCalls.java:139)
	at org.apache.ratis.proto.grpc.RaftServerProtocolServiceGrpc$RaftServerProtocolServiceBlockingStub.requestVote(RaftServerProtocolServiceGrpc.java:265)
	at org.apache.ratis.grpc.server.GrpcServerProtocolClient.requestVote(GrpcServerProtocolClient.java:99)
	at org.apache.ratis.grpc.server.GrpcService.requestVote(GrpcService.java:204)
	at org.apache.ratis.server.impl.LeaderElection.lambda$submitRequests$1(LeaderElection.java:234)
	at java.util.concurrent.FutureTask.run(FutureTask.java:266)
	at java.util.concurrent.Executors$RunnableAdapter.call(Executors.java:511)
	at java.util.concurrent.FutureTask.run(FutureTask.java:266)
	at java.util.concurrent.ThreadPoolExecutor.runWorker(ThreadPoolExecutor.java:1149)
	at java.util.concurrent.ThreadPoolExecutor$Worker.run(ThreadPoolExecutor.java:624)
	... 1 more
Caused by: org.apache.ratis.thirdparty.io.netty.channel.AbstractChannel$AnnotatedConnectException: Connection refused: /192.168.69.121:46426
	at sun.nio.ch.SocketChannelImpl.checkConnect(Native Method)
	at sun.nio.ch.SocketChannelImpl.finishConnect(SocketChannelImpl.java:717)
	at org.apache.ratis.thirdparty.io.netty.channel.socket.nio.NioSocketChannel.doFinishConnect(NioSocketChannel.java:327)
	at org.apache.ratis.thirdparty.io.netty.channel.nio.AbstractNioChannel$AbstractNioUnsafe.finishConnect(AbstractNioChannel.java:340)
	at org.apache.ratis.thirdparty.io.netty.channel.nio.NioEventLoop.processSelectedKey(NioEventLoop.java:632)
	at org.apache.ratis.thirdparty.io.netty.channel.nio.NioEventLoop.processSelectedKeysOptimized(NioEventLoop.java:579)
	at org.apache.ratis.thirdparty.io.netty.channel.nio.NioEventLoop.processSelectedKeys(NioEventLoop.java:496)
	at org.apache.ratis.thirdparty.io.netty.channel.nio.NioEventLoop.run(NioEventLoop.java:458)
	at org.apache.ratis.thirdparty.io.netty.util.concurrent.SingleThreadEventExecutor$5.run(SingleThreadEventExecutor.java:897)
	at org.apache.ratis.thirdparty.io.netty.util.concurrent.FastThreadLocalRunnable.run(FastThreadLocalRunnable.java:30)
	... 1 more
Caused by: java.net.ConnectException: Connection refused
	... 11 more
2019-11-08 16:13:36,219 [4c8858b5-dd34-4dfa-8a80-c1e60ab9590b@group-C086F38B8249-LeaderElection99] INFO  impl.LeaderElection (LogUtils.java:infoOrTrace(149)) - 4c8858b5-dd34-4dfa-8a80-c1e60ab9590b@group-C086F38B8249-LeaderElection99 got exception when requesting votes: {}
java.util.concurrent.ExecutionException: org.apache.ratis.thirdparty.io.grpc.StatusRuntimeException: UNAVAILABLE: io exception
	at java.util.concurrent.FutureTask.report(FutureTask.java:122)
	at java.util.concurrent.FutureTask.get(FutureTask.java:192)
	at org.apache.ratis.server.impl.LeaderElection.waitForResults(LeaderElection.java:259)
	at org.apache.ratis.server.impl.LeaderElection.askForVotes(LeaderElection.java:197)
	at org.apache.ratis.server.impl.LeaderElection.run(LeaderElection.java:133)
	at java.lang.Thread.run(Thread.java:748)
Caused by: org.apache.ratis.thirdparty.io.grpc.StatusRuntimeException: UNAVAILABLE: io exception
	at org.apache.ratis.thirdparty.io.grpc.stub.ClientCalls.toStatusRuntimeException(ClientCalls.java:233)
	at org.apache.ratis.thirdparty.io.grpc.stub.ClientCalls.getUnchecked(ClientCalls.java:214)
	at org.apache.ratis.thirdparty.io.grpc.stub.ClientCalls.blockingUnaryCall(ClientCalls.java:139)
	at org.apache.ratis.proto.grpc.RaftServerProtocolServiceGrpc$RaftServerProtocolServiceBlockingStub.requestVote(RaftServerProtocolServiceGrpc.java:265)
	at org.apache.ratis.grpc.server.GrpcServerProtocolClient.requestVote(GrpcServerProtocolClient.java:99)
	at org.apache.ratis.grpc.server.GrpcService.requestVote(GrpcService.java:204)
	at org.apache.ratis.server.impl.LeaderElection.lambda$submitRequests$1(LeaderElection.java:234)
	at java.util.concurrent.FutureTask.run(FutureTask.java:266)
	at java.util.concurrent.Executors$RunnableAdapter.call(Executors.java:511)
	at java.util.concurrent.FutureTask.run(FutureTask.java:266)
	at java.util.concurrent.ThreadPoolExecutor.runWorker(ThreadPoolExecutor.java:1149)
	at java.util.concurrent.ThreadPoolExecutor$Worker.run(ThreadPoolExecutor.java:624)
	... 1 more
Caused by: org.apache.ratis.thirdparty.io.netty.channel.AbstractChannel$AnnotatedConnectException: Connection refused: /192.168.69.121:37869
	at sun.nio.ch.SocketChannelImpl.checkConnect(Native Method)
	at sun.nio.ch.SocketChannelImpl.finishConnect(SocketChannelImpl.java:717)
	at org.apache.ratis.thirdparty.io.netty.channel.socket.nio.NioSocketChannel.doFinishConnect(NioSocketChannel.java:327)
	at org.apache.ratis.thirdparty.io.netty.channel.nio.AbstractNioChannel$AbstractNioUnsafe.finishConnect(AbstractNioChannel.java:340)
	at org.apache.ratis.thirdparty.io.netty.channel.nio.NioEventLoop.processSelectedKey(NioEventLoop.java:632)
	at org.apache.ratis.thirdparty.io.netty.channel.nio.NioEventLoop.processSelectedKeysOptimized(NioEventLoop.java:579)
	at org.apache.ratis.thirdparty.io.netty.channel.nio.NioEventLoop.processSelectedKeys(NioEventLoop.java:496)
	at org.apache.ratis.thirdparty.io.netty.channel.nio.NioEventLoop.run(NioEventLoop.java:458)
	at org.apache.ratis.thirdparty.io.netty.util.concurrent.SingleThreadEventExecutor$5.run(SingleThreadEventExecutor.java:897)
	at org.apache.ratis.thirdparty.io.netty.util.concurrent.FastThreadLocalRunnable.run(FastThreadLocalRunnable.java:30)
	... 1 more
Caused by: java.net.ConnectException: Connection refused
	... 11 more
2019-11-08 16:13:36,220 [4c8858b5-dd34-4dfa-8a80-c1e60ab9590b@group-C086F38B8249-LeaderElection99] INFO  impl.LeaderElection (LeaderElection.java:logAndReturn(56)) - 4c8858b5-dd34-4dfa-8a80-c1e60ab9590b@group-C086F38B8249-LeaderElection99: Election REJECTED; received 0 response(s) [] and 2 exception(s); 4c8858b5-dd34-4dfa-8a80-c1e60ab9590b@group-C086F38B8249:t6, leader=null, voted=4c8858b5-dd34-4dfa-8a80-c1e60ab9590b, raftlog=4c8858b5-dd34-4dfa-8a80-c1e60ab9590b@group-C086F38B8249-SegmentedRaftLog:OPENED:c2,f2,i2, conf=1: [4c8858b5-dd34-4dfa-8a80-c1e60ab9590b:192.168.69.121:43670, c0c4966b-a29b-458a-b1c2-0283d43e69e4:192.168.69.121:46426, fdaf92da-19a4-414a-af4c-01715acef4ce:192.168.69.121:37869], old=null
2019-11-08 16:13:36,220 [4c8858b5-dd34-4dfa-8a80-c1e60ab9590b@group-C086F38B8249-LeaderElection99] INFO  impl.LeaderElection (LogUtils.java:infoOrTrace(149)) -   Exception 0: {}
java.util.concurrent.ExecutionException: org.apache.ratis.thirdparty.io.grpc.StatusRuntimeException: UNAVAILABLE: io exception
	at java.util.concurrent.FutureTask.report(FutureTask.java:122)
	at java.util.concurrent.FutureTask.get(FutureTask.java:192)
	at org.apache.ratis.server.impl.LeaderElection.waitForResults(LeaderElection.java:259)
	at org.apache.ratis.server.impl.LeaderElection.askForVotes(LeaderElection.java:197)
	at org.apache.ratis.server.impl.LeaderElection.run(LeaderElection.java:133)
	at java.lang.Thread.run(Thread.java:748)
Caused by: org.apache.ratis.thirdparty.io.grpc.StatusRuntimeException: UNAVAILABLE: io exception
	at org.apache.ratis.thirdparty.io.grpc.stub.ClientCalls.toStatusRuntimeException(ClientCalls.java:233)
	at org.apache.ratis.thirdparty.io.grpc.stub.ClientCalls.getUnchecked(ClientCalls.java:214)
	at org.apache.ratis.thirdparty.io.grpc.stub.ClientCalls.blockingUnaryCall(ClientCalls.java:139)
	at org.apache.ratis.proto.grpc.RaftServerProtocolServiceGrpc$RaftServerProtocolServiceBlockingStub.requestVote(RaftServerProtocolServiceGrpc.java:265)
	at org.apache.ratis.grpc.server.GrpcServerProtocolClient.requestVote(GrpcServerProtocolClient.java:99)
	at org.apache.ratis.grpc.server.GrpcService.requestVote(GrpcService.java:204)
	at org.apache.ratis.server.impl.LeaderElection.lambda$submitRequests$1(LeaderElection.java:234)
	at java.util.concurrent.FutureTask.run(FutureTask.java:266)
	at java.util.concurrent.Executors$RunnableAdapter.call(Executors.java:511)
	at java.util.concurrent.FutureTask.run(FutureTask.java:266)
	at java.util.concurrent.ThreadPoolExecutor.runWorker(ThreadPoolExecutor.java:1149)
	at java.util.concurrent.ThreadPoolExecutor$Worker.run(ThreadPoolExecutor.java:624)
	... 1 more
Caused by: org.apache.ratis.thirdparty.io.netty.channel.AbstractChannel$AnnotatedConnectException: Connection refused: /192.168.69.121:46426
	at sun.nio.ch.SocketChannelImpl.checkConnect(Native Method)
	at sun.nio.ch.SocketChannelImpl.finishConnect(SocketChannelImpl.java:717)
	at org.apache.ratis.thirdparty.io.netty.channel.socket.nio.NioSocketChannel.doFinishConnect(NioSocketChannel.java:327)
	at org.apache.ratis.thirdparty.io.netty.channel.nio.AbstractNioChannel$AbstractNioUnsafe.finishConnect(AbstractNioChannel.java:340)
	at org.apache.ratis.thirdparty.io.netty.channel.nio.NioEventLoop.processSelectedKey(NioEventLoop.java:632)
	at org.apache.ratis.thirdparty.io.netty.channel.nio.NioEventLoop.processSelectedKeysOptimized(NioEventLoop.java:579)
	at org.apache.ratis.thirdparty.io.netty.channel.nio.NioEventLoop.processSelectedKeys(NioEventLoop.java:496)
	at org.apache.ratis.thirdparty.io.netty.channel.nio.NioEventLoop.run(NioEventLoop.java:458)
	at org.apache.ratis.thirdparty.io.netty.util.concurrent.SingleThreadEventExecutor$5.run(SingleThreadEventExecutor.java:897)
	at org.apache.ratis.thirdparty.io.netty.util.concurrent.FastThreadLocalRunnable.run(FastThreadLocalRunnable.java:30)
	... 1 more
Caused by: java.net.ConnectException: Connection refused
	... 11 more
2019-11-08 16:13:36,220 [4c8858b5-dd34-4dfa-8a80-c1e60ab9590b@group-C086F38B8249-LeaderElection99] INFO  impl.LeaderElection (LogUtils.java:infoOrTrace(149)) -   Exception 1: {}
java.util.concurrent.ExecutionException: org.apache.ratis.thirdparty.io.grpc.StatusRuntimeException: UNAVAILABLE: io exception
	at java.util.concurrent.FutureTask.report(FutureTask.java:122)
	at java.util.concurrent.FutureTask.get(FutureTask.java:192)
	at org.apache.ratis.server.impl.LeaderElection.waitForResults(LeaderElection.java:259)
	at org.apache.ratis.server.impl.LeaderElection.askForVotes(LeaderElection.java:197)
	at org.apache.ratis.server.impl.LeaderElection.run(LeaderElection.java:133)
	at java.lang.Thread.run(Thread.java:748)
Caused by: org.apache.ratis.thirdparty.io.grpc.StatusRuntimeException: UNAVAILABLE: io exception
	at org.apache.ratis.thirdparty.io.grpc.stub.ClientCalls.toStatusRuntimeException(ClientCalls.java:233)
	at org.apache.ratis.thirdparty.io.grpc.stub.ClientCalls.getUnchecked(ClientCalls.java:214)
	at org.apache.ratis.thirdparty.io.grpc.stub.ClientCalls.blockingUnaryCall(ClientCalls.java:139)
	at org.apache.ratis.proto.grpc.RaftServerProtocolServiceGrpc$RaftServerProtocolServiceBlockingStub.requestVote(RaftServerProtocolServiceGrpc.java:265)
	at org.apache.ratis.grpc.server.GrpcServerProtocolClient.requestVote(GrpcServerProtocolClient.java:99)
	at org.apache.ratis.grpc.server.GrpcService.requestVote(GrpcService.java:204)
	at org.apache.ratis.server.impl.LeaderElection.lambda$submitRequests$1(LeaderElection.java:234)
	at java.util.concurrent.FutureTask.run(FutureTask.java:266)
	at java.util.concurrent.Executors$RunnableAdapter.call(Executors.java:511)
	at java.util.concurrent.FutureTask.run(FutureTask.java:266)
	at java.util.concurrent.ThreadPoolExecutor.runWorker(ThreadPoolExecutor.java:1149)
	at java.util.concurrent.ThreadPoolExecutor$Worker.run(ThreadPoolExecutor.java:624)
	... 1 more
Caused by: org.apache.ratis.thirdparty.io.netty.channel.AbstractChannel$AnnotatedConnectException: Connection refused: /192.168.69.121:37869
	at sun.nio.ch.SocketChannelImpl.checkConnect(Native Method)
	at sun.nio.ch.SocketChannelImpl.finishConnect(SocketChannelImpl.java:717)
	at org.apache.ratis.thirdparty.io.netty.channel.socket.nio.NioSocketChannel.doFinishConnect(NioSocketChannel.java:327)
	at org.apache.ratis.thirdparty.io.netty.channel.nio.AbstractNioChannel$AbstractNioUnsafe.finishConnect(AbstractNioChannel.java:340)
	at org.apache.ratis.thirdparty.io.netty.channel.nio.NioEventLoop.processSelectedKey(NioEventLoop.java:632)
	at org.apache.ratis.thirdparty.io.netty.channel.nio.NioEventLoop.processSelectedKeysOptimized(NioEventLoop.java:579)
	at org.apache.ratis.thirdparty.io.netty.channel.nio.NioEventLoop.processSelectedKeys(NioEventLoop.java:496)
	at org.apache.ratis.thirdparty.io.netty.channel.nio.NioEventLoop.run(NioEventLoop.java:458)
	at org.apache.ratis.thirdparty.io.netty.util.concurrent.SingleThreadEventExecutor$5.run(SingleThreadEventExecutor.java:897)
	at org.apache.ratis.thirdparty.io.netty.util.concurrent.FastThreadLocalRunnable.run(FastThreadLocalRunnable.java:30)
	... 1 more
Caused by: java.net.ConnectException: Connection refused
	... 11 more
2019-11-08 16:13:36,220 [4c8858b5-dd34-4dfa-8a80-c1e60ab9590b@group-C086F38B8249-LeaderElection99] INFO  impl.RaftServerImpl (RaftServerImpl.java:setRole(173)) - 4c8858b5-dd34-4dfa-8a80-c1e60ab9590b@group-C086F38B8249: changes role from CANDIDATE to FOLLOWER at term 6 for DISCOVERED_A_NEW_TERM
2019-11-08 16:13:36,221 [4c8858b5-dd34-4dfa-8a80-c1e60ab9590b@group-C086F38B8249-LeaderElection99] INFO  impl.RoleInfo (RoleInfo.java:shutdownLeaderElection(134)) - 4c8858b5-dd34-4dfa-8a80-c1e60ab9590b: shutdown LeaderElection
2019-11-08 16:13:36,221 [4c8858b5-dd34-4dfa-8a80-c1e60ab9590b@group-C086F38B8249-LeaderElection99] INFO  impl.RoleInfo (RoleInfo.java:updateAndGet(143)) - 4c8858b5-dd34-4dfa-8a80-c1e60ab9590b: start FollowerState
2019-11-08 16:13:36,889 [Thread-2130] INFO  impl.FollowerState (FollowerState.java:run(111)) - 4c8858b5-dd34-4dfa-8a80-c1e60ab9590b@group-576F86D54FC4-FollowerState: change to CANDIDATE, lastRpcTime:1006ms, electionTimeout:1006ms
2019-11-08 16:13:36,889 [Thread-2130] INFO  impl.RoleInfo (RoleInfo.java:shutdownFollowerState(121)) - 4c8858b5-dd34-4dfa-8a80-c1e60ab9590b: shutdown FollowerState
2019-11-08 16:13:36,889 [Thread-2130] INFO  impl.RaftServerImpl (RaftServerImpl.java:setRole(173)) - 4c8858b5-dd34-4dfa-8a80-c1e60ab9590b@group-576F86D54FC4: changes role from  FOLLOWER to CANDIDATE at term 6 for changeToCandidate
2019-11-08 16:13:36,890 [Thread-2130] INFO  impl.RoleInfo (RoleInfo.java:updateAndGet(143)) - 4c8858b5-dd34-4dfa-8a80-c1e60ab9590b: start LeaderElection
2019-11-08 16:13:36,909 [Thread-2127] INFO  impl.FollowerState (FollowerState.java:run(111)) - 4c8858b5-dd34-4dfa-8a80-c1e60ab9590b@group-E0D71A37EFC9-FollowerState: change to CANDIDATE, lastRpcTime:1044ms, electionTimeout:1044ms
2019-11-08 16:13:36,909 [Thread-2127] INFO  impl.RoleInfo (RoleInfo.java:shutdownFollowerState(121)) - 4c8858b5-dd34-4dfa-8a80-c1e60ab9590b: shutdown FollowerState
2019-11-08 16:13:36,909 [Thread-2127] INFO  impl.RaftServerImpl (RaftServerImpl.java:setRole(173)) - 4c8858b5-dd34-4dfa-8a80-c1e60ab9590b@group-E0D71A37EFC9: changes role from  FOLLOWER to CANDIDATE at term 4 for changeToCandidate
2019-11-08 16:13:36,909 [Thread-2127] INFO  impl.RoleInfo (RoleInfo.java:updateAndGet(143)) - 4c8858b5-dd34-4dfa-8a80-c1e60ab9590b: start LeaderElection
2019-11-08 16:13:36,930 [4c8858b5-dd34-4dfa-8a80-c1e60ab9590b@group-576F86D54FC4-LeaderElection100] INFO  impl.LeaderElection (LeaderElection.java:askForVotes(178)) - 4c8858b5-dd34-4dfa-8a80-c1e60ab9590b@group-576F86D54FC4-LeaderElection100: begin an election at term 7 for 1: [4c8858b5-dd34-4dfa-8a80-c1e60ab9590b:192.168.69.121:43670, c0c4966b-a29b-458a-b1c2-0283d43e69e4:192.168.69.121:46426, fdaf92da-19a4-414a-af4c-01715acef4ce:192.168.69.121:37869], old=null
2019-11-08 16:13:36,930 [4c8858b5-dd34-4dfa-8a80-c1e60ab9590b@group-E0D71A37EFC9-LeaderElection101] INFO  impl.LeaderElection (LeaderElection.java:askForVotes(178)) - 4c8858b5-dd34-4dfa-8a80-c1e60ab9590b@group-E0D71A37EFC9-LeaderElection101: begin an election at term 5 for 1: [4c8858b5-dd34-4dfa-8a80-c1e60ab9590b:192.168.69.121:43670, c0c4966b-a29b-458a-b1c2-0283d43e69e4:192.168.69.121:46426, fdaf92da-19a4-414a-af4c-01715acef4ce:192.168.69.121:37869], old=null
2019-11-08 16:13:36,931 [4c8858b5-dd34-4dfa-8a80-c1e60ab9590b@group-576F86D54FC4-LeaderElection100] INFO  impl.LeaderElection (LogUtils.java:infoOrTrace(149)) - 4c8858b5-dd34-4dfa-8a80-c1e60ab9590b@group-576F86D54FC4-LeaderElection100 got exception when requesting votes: {}
java.util.concurrent.ExecutionException: org.apache.ratis.thirdparty.io.grpc.StatusRuntimeException: UNAVAILABLE: io exception
	at java.util.concurrent.FutureTask.report(FutureTask.java:122)
	at java.util.concurrent.FutureTask.get(FutureTask.java:192)
	at org.apache.ratis.server.impl.LeaderElection.waitForResults(LeaderElection.java:259)
	at org.apache.ratis.server.impl.LeaderElection.askForVotes(LeaderElection.java:197)
	at org.apache.ratis.server.impl.LeaderElection.run(LeaderElection.java:133)
	at java.lang.Thread.run(Thread.java:748)
Caused by: org.apache.ratis.thirdparty.io.grpc.StatusRuntimeException: UNAVAILABLE: io exception
	at org.apache.ratis.thirdparty.io.grpc.stub.ClientCalls.toStatusRuntimeException(ClientCalls.java:233)
	at org.apache.ratis.thirdparty.io.grpc.stub.ClientCalls.getUnchecked(ClientCalls.java:214)
	at org.apache.ratis.thirdparty.io.grpc.stub.ClientCalls.blockingUnaryCall(ClientCalls.java:139)
	at org.apache.ratis.proto.grpc.RaftServerProtocolServiceGrpc$RaftServerProtocolServiceBlockingStub.requestVote(RaftServerProtocolServiceGrpc.java:265)
	at org.apache.ratis.grpc.server.GrpcServerProtocolClient.requestVote(GrpcServerProtocolClient.java:99)
	at org.apache.ratis.grpc.server.GrpcService.requestVote(GrpcService.java:204)
	at org.apache.ratis.server.impl.LeaderElection.lambda$submitRequests$1(LeaderElection.java:234)
	at java.util.concurrent.FutureTask.run(FutureTask.java:266)
	at java.util.concurrent.Executors$RunnableAdapter.call(Executors.java:511)
	at java.util.concurrent.FutureTask.run(FutureTask.java:266)
	at java.util.concurrent.ThreadPoolExecutor.runWorker(ThreadPoolExecutor.java:1149)
	at java.util.concurrent.ThreadPoolExecutor$Worker.run(ThreadPoolExecutor.java:624)
	... 1 more
Caused by: org.apache.ratis.thirdparty.io.netty.channel.AbstractChannel$AnnotatedConnectException: Connection refused: /192.168.69.121:46426
	at sun.nio.ch.SocketChannelImpl.checkConnect(Native Method)
	at sun.nio.ch.SocketChannelImpl.finishConnect(SocketChannelImpl.java:717)
	at org.apache.ratis.thirdparty.io.netty.channel.socket.nio.NioSocketChannel.doFinishConnect(NioSocketChannel.java:327)
	at org.apache.ratis.thirdparty.io.netty.channel.nio.AbstractNioChannel$AbstractNioUnsafe.finishConnect(AbstractNioChannel.java:340)
	at org.apache.ratis.thirdparty.io.netty.channel.nio.NioEventLoop.processSelectedKey(NioEventLoop.java:632)
	at org.apache.ratis.thirdparty.io.netty.channel.nio.NioEventLoop.processSelectedKeysOptimized(NioEventLoop.java:579)
	at org.apache.ratis.thirdparty.io.netty.channel.nio.NioEventLoop.processSelectedKeys(NioEventLoop.java:496)
	at org.apache.ratis.thirdparty.io.netty.channel.nio.NioEventLoop.run(NioEventLoop.java:458)
	at org.apache.ratis.thirdparty.io.netty.util.concurrent.SingleThreadEventExecutor$5.run(SingleThreadEventExecutor.java:897)
	at org.apache.ratis.thirdparty.io.netty.util.concurrent.FastThreadLocalRunnable.run(FastThreadLocalRunnable.java:30)
	... 1 more
Caused by: java.net.ConnectException: Connection refused
	... 11 more
2019-11-08 16:13:36,931 [4c8858b5-dd34-4dfa-8a80-c1e60ab9590b@group-E0D71A37EFC9-LeaderElection101] INFO  impl.LeaderElection (LogUtils.java:infoOrTrace(149)) - 4c8858b5-dd34-4dfa-8a80-c1e60ab9590b@group-E0D71A37EFC9-LeaderElection101 got exception when requesting votes: {}
java.util.concurrent.ExecutionException: org.apache.ratis.thirdparty.io.grpc.StatusRuntimeException: UNAVAILABLE: io exception
	at java.util.concurrent.FutureTask.report(FutureTask.java:122)
	at java.util.concurrent.FutureTask.get(FutureTask.java:192)
	at org.apache.ratis.server.impl.LeaderElection.waitForResults(LeaderElection.java:259)
	at org.apache.ratis.server.impl.LeaderElection.askForVotes(LeaderElection.java:197)
	at org.apache.ratis.server.impl.LeaderElection.run(LeaderElection.java:133)
	at java.lang.Thread.run(Thread.java:748)
Caused by: org.apache.ratis.thirdparty.io.grpc.StatusRuntimeException: UNAVAILABLE: io exception
	at org.apache.ratis.thirdparty.io.grpc.stub.ClientCalls.toStatusRuntimeException(ClientCalls.java:233)
	at org.apache.ratis.thirdparty.io.grpc.stub.ClientCalls.getUnchecked(ClientCalls.java:214)
	at org.apache.ratis.thirdparty.io.grpc.stub.ClientCalls.blockingUnaryCall(ClientCalls.java:139)
	at org.apache.ratis.proto.grpc.RaftServerProtocolServiceGrpc$RaftServerProtocolServiceBlockingStub.requestVote(RaftServerProtocolServiceGrpc.java:265)
	at org.apache.ratis.grpc.server.GrpcServerProtocolClient.requestVote(GrpcServerProtocolClient.java:99)
	at org.apache.ratis.grpc.server.GrpcService.requestVote(GrpcService.java:204)
	at org.apache.ratis.server.impl.LeaderElection.lambda$submitRequests$1(LeaderElection.java:234)
	at java.util.concurrent.FutureTask.run(FutureTask.java:266)
	at java.util.concurrent.Executors$RunnableAdapter.call(Executors.java:511)
	at java.util.concurrent.FutureTask.run(FutureTask.java:266)
	at java.util.concurrent.ThreadPoolExecutor.runWorker(ThreadPoolExecutor.java:1149)
	at java.util.concurrent.ThreadPoolExecutor$Worker.run(ThreadPoolExecutor.java:624)
	... 1 more
Caused by: org.apache.ratis.thirdparty.io.netty.channel.AbstractChannel$AnnotatedConnectException: Connection refused: /192.168.69.121:46426
	at sun.nio.ch.SocketChannelImpl.checkConnect(Native Method)
	at sun.nio.ch.SocketChannelImpl.finishConnect(SocketChannelImpl.java:717)
	at org.apache.ratis.thirdparty.io.netty.channel.socket.nio.NioSocketChannel.doFinishConnect(NioSocketChannel.java:327)
	at org.apache.ratis.thirdparty.io.netty.channel.nio.AbstractNioChannel$AbstractNioUnsafe.finishConnect(AbstractNioChannel.java:340)
	at org.apache.ratis.thirdparty.io.netty.channel.nio.NioEventLoop.processSelectedKey(NioEventLoop.java:632)
	at org.apache.ratis.thirdparty.io.netty.channel.nio.NioEventLoop.processSelectedKeysOptimized(NioEventLoop.java:579)
	at org.apache.ratis.thirdparty.io.netty.channel.nio.NioEventLoop.processSelectedKeys(NioEventLoop.java:496)
	at org.apache.ratis.thirdparty.io.netty.channel.nio.NioEventLoop.run(NioEventLoop.java:458)
	at org.apache.ratis.thirdparty.io.netty.util.concurrent.SingleThreadEventExecutor$5.run(SingleThreadEventExecutor.java:897)
	at org.apache.ratis.thirdparty.io.netty.util.concurrent.FastThreadLocalRunnable.run(FastThreadLocalRunnable.java:30)
	... 1 more
Caused by: java.net.ConnectException: Connection refused
	... 11 more
2019-11-08 16:13:36,932 [4c8858b5-dd34-4dfa-8a80-c1e60ab9590b@group-576F86D54FC4-LeaderElection100] INFO  impl.LeaderElection (LogUtils.java:infoOrTrace(149)) - 4c8858b5-dd34-4dfa-8a80-c1e60ab9590b@group-576F86D54FC4-LeaderElection100 got exception when requesting votes: {}
java.util.concurrent.ExecutionException: org.apache.ratis.thirdparty.io.grpc.StatusRuntimeException: UNAVAILABLE: io exception
	at java.util.concurrent.FutureTask.report(FutureTask.java:122)
	at java.util.concurrent.FutureTask.get(FutureTask.java:192)
	at org.apache.ratis.server.impl.LeaderElection.waitForResults(LeaderElection.java:259)
	at org.apache.ratis.server.impl.LeaderElection.askForVotes(LeaderElection.java:197)
	at org.apache.ratis.server.impl.LeaderElection.run(LeaderElection.java:133)
	at java.lang.Thread.run(Thread.java:748)
Caused by: org.apache.ratis.thirdparty.io.grpc.StatusRuntimeException: UNAVAILABLE: io exception
	at org.apache.ratis.thirdparty.io.grpc.stub.ClientCalls.toStatusRuntimeException(ClientCalls.java:233)
	at org.apache.ratis.thirdparty.io.grpc.stub.ClientCalls.getUnchecked(ClientCalls.java:214)
	at org.apache.ratis.thirdparty.io.grpc.stub.ClientCalls.blockingUnaryCall(ClientCalls.java:139)
	at org.apache.ratis.proto.grpc.RaftServerProtocolServiceGrpc$RaftServerProtocolServiceBlockingStub.requestVote(RaftServerProtocolServiceGrpc.java:265)
	at org.apache.ratis.grpc.server.GrpcServerProtocolClient.requestVote(GrpcServerProtocolClient.java:99)
	at org.apache.ratis.grpc.server.GrpcService.requestVote(GrpcService.java:204)
	at org.apache.ratis.server.impl.LeaderElection.lambda$submitRequests$1(LeaderElection.java:234)
	at java.util.concurrent.FutureTask.run(FutureTask.java:266)
	at java.util.concurrent.Executors$RunnableAdapter.call(Executors.java:511)
	at java.util.concurrent.FutureTask.run(FutureTask.java:266)
	at java.util.concurrent.ThreadPoolExecutor.runWorker(ThreadPoolExecutor.java:1149)
	at java.util.concurrent.ThreadPoolExecutor$Worker.run(ThreadPoolExecutor.java:624)
	... 1 more
Caused by: org.apache.ratis.thirdparty.io.netty.channel.AbstractChannel$AnnotatedConnectException: Connection refused: /192.168.69.121:37869
	at sun.nio.ch.SocketChannelImpl.checkConnect(Native Method)
	at sun.nio.ch.SocketChannelImpl.finishConnect(SocketChannelImpl.java:717)
	at org.apache.ratis.thirdparty.io.netty.channel.socket.nio.NioSocketChannel.doFinishConnect(NioSocketChannel.java:327)
	at org.apache.ratis.thirdparty.io.netty.channel.nio.AbstractNioChannel$AbstractNioUnsafe.finishConnect(AbstractNioChannel.java:340)
	at org.apache.ratis.thirdparty.io.netty.channel.nio.NioEventLoop.processSelectedKey(NioEventLoop.java:632)
	at org.apache.ratis.thirdparty.io.netty.channel.nio.NioEventLoop.processSelectedKeysOptimized(NioEventLoop.java:579)
	at org.apache.ratis.thirdparty.io.netty.channel.nio.NioEventLoop.processSelectedKeys(NioEventLoop.java:496)
	at org.apache.ratis.thirdparty.io.netty.channel.nio.NioEventLoop.run(NioEventLoop.java:458)
	at org.apache.ratis.thirdparty.io.netty.util.concurrent.SingleThreadEventExecutor$5.run(SingleThreadEventExecutor.java:897)
	at org.apache.ratis.thirdparty.io.netty.util.concurrent.FastThreadLocalRunnable.run(FastThreadLocalRunnable.java:30)
	... 1 more
Caused by: java.net.ConnectException: Connection refused
	... 11 more
2019-11-08 16:13:36,932 [4c8858b5-dd34-4dfa-8a80-c1e60ab9590b@group-E0D71A37EFC9-LeaderElection101] INFO  impl.LeaderElection (LogUtils.java:infoOrTrace(149)) - 4c8858b5-dd34-4dfa-8a80-c1e60ab9590b@group-E0D71A37EFC9-LeaderElection101 got exception when requesting votes: {}
java.util.concurrent.ExecutionException: org.apache.ratis.thirdparty.io.grpc.StatusRuntimeException: UNAVAILABLE: io exception
	at java.util.concurrent.FutureTask.report(FutureTask.java:122)
	at java.util.concurrent.FutureTask.get(FutureTask.java:192)
	at org.apache.ratis.server.impl.LeaderElection.waitForResults(LeaderElection.java:259)
	at org.apache.ratis.server.impl.LeaderElection.askForVotes(LeaderElection.java:197)
	at org.apache.ratis.server.impl.LeaderElection.run(LeaderElection.java:133)
	at java.lang.Thread.run(Thread.java:748)
Caused by: org.apache.ratis.thirdparty.io.grpc.StatusRuntimeException: UNAVAILABLE: io exception
	at org.apache.ratis.thirdparty.io.grpc.stub.ClientCalls.toStatusRuntimeException(ClientCalls.java:233)
	at org.apache.ratis.thirdparty.io.grpc.stub.ClientCalls.getUnchecked(ClientCalls.java:214)
	at org.apache.ratis.thirdparty.io.grpc.stub.ClientCalls.blockingUnaryCall(ClientCalls.java:139)
	at org.apache.ratis.proto.grpc.RaftServerProtocolServiceGrpc$RaftServerProtocolServiceBlockingStub.requestVote(RaftServerProtocolServiceGrpc.java:265)
	at org.apache.ratis.grpc.server.GrpcServerProtocolClient.requestVote(GrpcServerProtocolClient.java:99)
	at org.apache.ratis.grpc.server.GrpcService.requestVote(GrpcService.java:204)
	at org.apache.ratis.server.impl.LeaderElection.lambda$submitRequests$1(LeaderElection.java:234)
	at java.util.concurrent.FutureTask.run(FutureTask.java:266)
	at java.util.concurrent.Executors$RunnableAdapter.call(Executors.java:511)
	at java.util.concurrent.FutureTask.run(FutureTask.java:266)
	at java.util.concurrent.ThreadPoolExecutor.runWorker(ThreadPoolExecutor.java:1149)
	at java.util.concurrent.ThreadPoolExecutor$Worker.run(ThreadPoolExecutor.java:624)
	... 1 more
Caused by: org.apache.ratis.thirdparty.io.netty.channel.AbstractChannel$AnnotatedConnectException: Connection refused: /192.168.69.121:37869
	at sun.nio.ch.SocketChannelImpl.checkConnect(Native Method)
	at sun.nio.ch.SocketChannelImpl.finishConnect(SocketChannelImpl.java:717)
	at org.apache.ratis.thirdparty.io.netty.channel.socket.nio.NioSocketChannel.doFinishConnect(NioSocketChannel.java:327)
	at org.apache.ratis.thirdparty.io.netty.channel.nio.AbstractNioChannel$AbstractNioUnsafe.finishConnect(AbstractNioChannel.java:340)
	at org.apache.ratis.thirdparty.io.netty.channel.nio.NioEventLoop.processSelectedKey(NioEventLoop.java:632)
	at org.apache.ratis.thirdparty.io.netty.channel.nio.NioEventLoop.processSelectedKeysOptimized(NioEventLoop.java:579)
	at org.apache.ratis.thirdparty.io.netty.channel.nio.NioEventLoop.processSelectedKeys(NioEventLoop.java:496)
	at org.apache.ratis.thirdparty.io.netty.channel.nio.NioEventLoop.run(NioEventLoop.java:458)
	at org.apache.ratis.thirdparty.io.netty.util.concurrent.SingleThreadEventExecutor$5.run(SingleThreadEventExecutor.java:897)
	at org.apache.ratis.thirdparty.io.netty.util.concurrent.FastThreadLocalRunnable.run(FastThreadLocalRunnable.java:30)
	... 1 more
Caused by: java.net.ConnectException: Connection refused
	... 11 more
2019-11-08 16:13:36,933 [4c8858b5-dd34-4dfa-8a80-c1e60ab9590b@group-576F86D54FC4-LeaderElection100] INFO  impl.LeaderElection (LeaderElection.java:logAndReturn(56)) - 4c8858b5-dd34-4dfa-8a80-c1e60ab9590b@group-576F86D54FC4-LeaderElection100: Election REJECTED; received 0 response(s) [] and 2 exception(s); 4c8858b5-dd34-4dfa-8a80-c1e60ab9590b@group-576F86D54FC4:t7, leader=null, voted=4c8858b5-dd34-4dfa-8a80-c1e60ab9590b, raftlog=4c8858b5-dd34-4dfa-8a80-c1e60ab9590b@group-576F86D54FC4-SegmentedRaftLog:OPENED:c2,f2,i2, conf=1: [4c8858b5-dd34-4dfa-8a80-c1e60ab9590b:192.168.69.121:43670, c0c4966b-a29b-458a-b1c2-0283d43e69e4:192.168.69.121:46426, fdaf92da-19a4-414a-af4c-01715acef4ce:192.168.69.121:37869], old=null
2019-11-08 16:13:36,933 [4c8858b5-dd34-4dfa-8a80-c1e60ab9590b@group-E0D71A37EFC9-LeaderElection101] INFO  impl.LeaderElection (LeaderElection.java:logAndReturn(56)) - 4c8858b5-dd34-4dfa-8a80-c1e60ab9590b@group-E0D71A37EFC9-LeaderElection101: Election REJECTED; received 0 response(s) [] and 2 exception(s); 4c8858b5-dd34-4dfa-8a80-c1e60ab9590b@group-E0D71A37EFC9:t5, leader=null, voted=4c8858b5-dd34-4dfa-8a80-c1e60ab9590b, raftlog=4c8858b5-dd34-4dfa-8a80-c1e60ab9590b@group-E0D71A37EFC9-SegmentedRaftLog:OPENED:c2,f2,i2, conf=1: [4c8858b5-dd34-4dfa-8a80-c1e60ab9590b:192.168.69.121:43670, c0c4966b-a29b-458a-b1c2-0283d43e69e4:192.168.69.121:46426, fdaf92da-19a4-414a-af4c-01715acef4ce:192.168.69.121:37869], old=null
2019-11-08 16:13:36,933 [4c8858b5-dd34-4dfa-8a80-c1e60ab9590b@group-E0D71A37EFC9-LeaderElection101] INFO  impl.LeaderElection (LogUtils.java:infoOrTrace(149)) -   Exception 0: {}
java.util.concurrent.ExecutionException: org.apache.ratis.thirdparty.io.grpc.StatusRuntimeException: UNAVAILABLE: io exception
	at java.util.concurrent.FutureTask.report(FutureTask.java:122)
	at java.util.concurrent.FutureTask.get(FutureTask.java:192)
	at org.apache.ratis.server.impl.LeaderElection.waitForResults(LeaderElection.java:259)
	at org.apache.ratis.server.impl.LeaderElection.askForVotes(LeaderElection.java:197)
	at org.apache.ratis.server.impl.LeaderElection.run(LeaderElection.java:133)
	at java.lang.Thread.run(Thread.java:748)
Caused by: org.apache.ratis.thirdparty.io.grpc.StatusRuntimeException: UNAVAILABLE: io exception
	at org.apache.ratis.thirdparty.io.grpc.stub.ClientCalls.toStatusRuntimeException(ClientCalls.java:233)
	at org.apache.ratis.thirdparty.io.grpc.stub.ClientCalls.getUnchecked(ClientCalls.java:214)
	at org.apache.ratis.thirdparty.io.grpc.stub.ClientCalls.blockingUnaryCall(ClientCalls.java:139)
	at org.apache.ratis.proto.grpc.RaftServerProtocolServiceGrpc$RaftServerProtocolServiceBlockingStub.requestVote(RaftServerProtocolServiceGrpc.java:265)
	at org.apache.ratis.grpc.server.GrpcServerProtocolClient.requestVote(GrpcServerProtocolClient.java:99)
	at org.apache.ratis.grpc.server.GrpcService.requestVote(GrpcService.java:204)
	at org.apache.ratis.server.impl.LeaderElection.lambda$submitRequests$1(LeaderElection.java:234)
	at java.util.concurrent.FutureTask.run(FutureTask.java:266)
	at java.util.concurrent.Executors$RunnableAdapter.call(Executors.java:511)
	at java.util.concurrent.FutureTask.run(FutureTask.java:266)
	at java.util.concurrent.ThreadPoolExecutor.runWorker(ThreadPoolExecutor.java:1149)
	at java.util.concurrent.ThreadPoolExecutor$Worker.run(ThreadPoolExecutor.java:624)
	... 1 more
Caused by: org.apache.ratis.thirdparty.io.netty.channel.AbstractChannel$AnnotatedConnectException: Connection refused: /192.168.69.121:46426
	at sun.nio.ch.SocketChannelImpl.checkConnect(Native Method)
	at sun.nio.ch.SocketChannelImpl.finishConnect(SocketChannelImpl.java:717)
	at org.apache.ratis.thirdparty.io.netty.channel.socket.nio.NioSocketChannel.doFinishConnect(NioSocketChannel.java:327)
	at org.apache.ratis.thirdparty.io.netty.channel.nio.AbstractNioChannel$AbstractNioUnsafe.finishConnect(AbstractNioChannel.java:340)
	at org.apache.ratis.thirdparty.io.netty.channel.nio.NioEventLoop.processSelectedKey(NioEventLoop.java:632)
	at org.apache.ratis.thirdparty.io.netty.channel.nio.NioEventLoop.processSelectedKeysOptimized(NioEventLoop.java:579)
	at org.apache.ratis.thirdparty.io.netty.channel.nio.NioEventLoop.processSelectedKeys(NioEventLoop.java:496)
	at org.apache.ratis.thirdparty.io.netty.channel.nio.NioEventLoop.run(NioEventLoop.java:458)
	at org.apache.ratis.thirdparty.io.netty.util.concurrent.SingleThreadEventExecutor$5.run(SingleThreadEventExecutor.java:897)
	at org.apache.ratis.thirdparty.io.netty.util.concurrent.FastThreadLocalRunnable.run(FastThreadLocalRunnable.java:30)
	... 1 more
Caused by: java.net.ConnectException: Connection refused
	... 11 more
2019-11-08 16:13:36,933 [4c8858b5-dd34-4dfa-8a80-c1e60ab9590b@group-576F86D54FC4-LeaderElection100] INFO  impl.LeaderElection (LogUtils.java:infoOrTrace(149)) -   Exception 0: {}
java.util.concurrent.ExecutionException: org.apache.ratis.thirdparty.io.grpc.StatusRuntimeException: UNAVAILABLE: io exception
	at java.util.concurrent.FutureTask.report(FutureTask.java:122)
	at java.util.concurrent.FutureTask.get(FutureTask.java:192)
	at org.apache.ratis.server.impl.LeaderElection.waitForResults(LeaderElection.java:259)
	at org.apache.ratis.server.impl.LeaderElection.askForVotes(LeaderElection.java:197)
	at org.apache.ratis.server.impl.LeaderElection.run(LeaderElection.java:133)
	at java.lang.Thread.run(Thread.java:748)
Caused by: org.apache.ratis.thirdparty.io.grpc.StatusRuntimeException: UNAVAILABLE: io exception
	at org.apache.ratis.thirdparty.io.grpc.stub.ClientCalls.toStatusRuntimeException(ClientCalls.java:233)
	at org.apache.ratis.thirdparty.io.grpc.stub.ClientCalls.getUnchecked(ClientCalls.java:214)
	at org.apache.ratis.thirdparty.io.grpc.stub.ClientCalls.blockingUnaryCall(ClientCalls.java:139)
	at org.apache.ratis.proto.grpc.RaftServerProtocolServiceGrpc$RaftServerProtocolServiceBlockingStub.requestVote(RaftServerProtocolServiceGrpc.java:265)
	at org.apache.ratis.grpc.server.GrpcServerProtocolClient.requestVote(GrpcServerProtocolClient.java:99)
	at org.apache.ratis.grpc.server.GrpcService.requestVote(GrpcService.java:204)
	at org.apache.ratis.server.impl.LeaderElection.lambda$submitRequests$1(LeaderElection.java:234)
	at java.util.concurrent.FutureTask.run(FutureTask.java:266)
	at java.util.concurrent.Executors$RunnableAdapter.call(Executors.java:511)
	at java.util.concurrent.FutureTask.run(FutureTask.java:266)
	at java.util.concurrent.ThreadPoolExecutor.runWorker(ThreadPoolExecutor.java:1149)
	at java.util.concurrent.ThreadPoolExecutor$Worker.run(ThreadPoolExecutor.java:624)
	... 1 more
Caused by: org.apache.ratis.thirdparty.io.netty.channel.AbstractChannel$AnnotatedConnectException: Connection refused: /192.168.69.121:46426
	at sun.nio.ch.SocketChannelImpl.checkConnect(Native Method)
	at sun.nio.ch.SocketChannelImpl.finishConnect(SocketChannelImpl.java:717)
	at org.apache.ratis.thirdparty.io.netty.channel.socket.nio.NioSocketChannel.doFinishConnect(NioSocketChannel.java:327)
	at org.apache.ratis.thirdparty.io.netty.channel.nio.AbstractNioChannel$AbstractNioUnsafe.finishConnect(AbstractNioChannel.java:340)
	at org.apache.ratis.thirdparty.io.netty.channel.nio.NioEventLoop.processSelectedKey(NioEventLoop.java:632)
	at org.apache.ratis.thirdparty.io.netty.channel.nio.NioEventLoop.processSelectedKeysOptimized(NioEventLoop.java:579)
	at org.apache.ratis.thirdparty.io.netty.channel.nio.NioEventLoop.processSelectedKeys(NioEventLoop.java:496)
	at org.apache.ratis.thirdparty.io.netty.channel.nio.NioEventLoop.run(NioEventLoop.java:458)
	at org.apache.ratis.thirdparty.io.netty.util.concurrent.SingleThreadEventExecutor$5.run(SingleThreadEventExecutor.java:897)
	at org.apache.ratis.thirdparty.io.netty.util.concurrent.FastThreadLocalRunnable.run(FastThreadLocalRunnable.java:30)
	... 1 more
Caused by: java.net.ConnectException: Connection refused
	... 11 more
2019-11-08 16:13:36,934 [4c8858b5-dd34-4dfa-8a80-c1e60ab9590b@group-E0D71A37EFC9-LeaderElection101] INFO  impl.LeaderElection (LogUtils.java:infoOrTrace(149)) -   Exception 1: {}
java.util.concurrent.ExecutionException: org.apache.ratis.thirdparty.io.grpc.StatusRuntimeException: UNAVAILABLE: io exception
	at java.util.concurrent.FutureTask.report(FutureTask.java:122)
	at java.util.concurrent.FutureTask.get(FutureTask.java:192)
	at org.apache.ratis.server.impl.LeaderElection.waitForResults(LeaderElection.java:259)
	at org.apache.ratis.server.impl.LeaderElection.askForVotes(LeaderElection.java:197)
	at org.apache.ratis.server.impl.LeaderElection.run(LeaderElection.java:133)
	at java.lang.Thread.run(Thread.java:748)
Caused by: org.apache.ratis.thirdparty.io.grpc.StatusRuntimeException: UNAVAILABLE: io exception
	at org.apache.ratis.thirdparty.io.grpc.stub.ClientCalls.toStatusRuntimeException(ClientCalls.java:233)
	at org.apache.ratis.thirdparty.io.grpc.stub.ClientCalls.getUnchecked(ClientCalls.java:214)
	at org.apache.ratis.thirdparty.io.grpc.stub.ClientCalls.blockingUnaryCall(ClientCalls.java:139)
	at org.apache.ratis.proto.grpc.RaftServerProtocolServiceGrpc$RaftServerProtocolServiceBlockingStub.requestVote(RaftServerProtocolServiceGrpc.java:265)
	at org.apache.ratis.grpc.server.GrpcServerProtocolClient.requestVote(GrpcServerProtocolClient.java:99)
	at org.apache.ratis.grpc.server.GrpcService.requestVote(GrpcService.java:204)
	at org.apache.ratis.server.impl.LeaderElection.lambda$submitRequests$1(LeaderElection.java:234)
	at java.util.concurrent.FutureTask.run(FutureTask.java:266)
	at java.util.concurrent.Executors$RunnableAdapter.call(Executors.java:511)
	at java.util.concurrent.FutureTask.run(FutureTask.java:266)
	at java.util.concurrent.ThreadPoolExecutor.runWorker(ThreadPoolExecutor.java:1149)
	at java.util.concurrent.ThreadPoolExecutor$Worker.run(ThreadPoolExecutor.java:624)
	... 1 more
Caused by: org.apache.ratis.thirdparty.io.netty.channel.AbstractChannel$AnnotatedConnectException: Connection refused: /192.168.69.121:37869
	at sun.nio.ch.SocketChannelImpl.checkConnect(Native Method)
	at sun.nio.ch.SocketChannelImpl.finishConnect(SocketChannelImpl.java:717)
	at org.apache.ratis.thirdparty.io.netty.channel.socket.nio.NioSocketChannel.doFinishConnect(NioSocketChannel.java:327)
	at org.apache.ratis.thirdparty.io.netty.channel.nio.AbstractNioChannel$AbstractNioUnsafe.finishConnect(AbstractNioChannel.java:340)
	at org.apache.ratis.thirdparty.io.netty.channel.nio.NioEventLoop.processSelectedKey(NioEventLoop.java:632)
	at org.apache.ratis.thirdparty.io.netty.channel.nio.NioEventLoop.processSelectedKeysOptimized(NioEventLoop.java:579)
	at org.apache.ratis.thirdparty.io.netty.channel.nio.NioEventLoop.processSelectedKeys(NioEventLoop.java:496)
	at org.apache.ratis.thirdparty.io.netty.channel.nio.NioEventLoop.run(NioEventLoop.java:458)
	at org.apache.ratis.thirdparty.io.netty.util.concurrent.SingleThreadEventExecutor$5.run(SingleThreadEventExecutor.java:897)
	at org.apache.ratis.thirdparty.io.netty.util.concurrent.FastThreadLocalRunnable.run(FastThreadLocalRunnable.java:30)
	... 1 more
Caused by: java.net.ConnectException: Connection refused
	... 11 more
2019-11-08 16:13:36,934 [4c8858b5-dd34-4dfa-8a80-c1e60ab9590b@group-576F86D54FC4-LeaderElection100] INFO  impl.LeaderElection (LogUtils.java:infoOrTrace(149)) -   Exception 1: {}
java.util.concurrent.ExecutionException: org.apache.ratis.thirdparty.io.grpc.StatusRuntimeException: UNAVAILABLE: io exception
	at java.util.concurrent.FutureTask.report(FutureTask.java:122)
	at java.util.concurrent.FutureTask.get(FutureTask.java:192)
	at org.apache.ratis.server.impl.LeaderElection.waitForResults(LeaderElection.java:259)
	at org.apache.ratis.server.impl.LeaderElection.askForVotes(LeaderElection.java:197)
	at org.apache.ratis.server.impl.LeaderElection.run(LeaderElection.java:133)
	at java.lang.Thread.run(Thread.java:748)
Caused by: org.apache.ratis.thirdparty.io.grpc.StatusRuntimeException: UNAVAILABLE: io exception
	at org.apache.ratis.thirdparty.io.grpc.stub.ClientCalls.toStatusRuntimeException(ClientCalls.java:233)
	at org.apache.ratis.thirdparty.io.grpc.stub.ClientCalls.getUnchecked(ClientCalls.java:214)
	at org.apache.ratis.thirdparty.io.grpc.stub.ClientCalls.blockingUnaryCall(ClientCalls.java:139)
	at org.apache.ratis.proto.grpc.RaftServerProtocolServiceGrpc$RaftServerProtocolServiceBlockingStub.requestVote(RaftServerProtocolServiceGrpc.java:265)
	at org.apache.ratis.grpc.server.GrpcServerProtocolClient.requestVote(GrpcServerProtocolClient.java:99)
	at org.apache.ratis.grpc.server.GrpcService.requestVote(GrpcService.java:204)
	at org.apache.ratis.server.impl.LeaderElection.lambda$submitRequests$1(LeaderElection.java:234)
	at java.util.concurrent.FutureTask.run(FutureTask.java:266)
	at java.util.concurrent.Executors$RunnableAdapter.call(Executors.java:511)
	at java.util.concurrent.FutureTask.run(FutureTask.java:266)
	at java.util.concurrent.ThreadPoolExecutor.runWorker(ThreadPoolExecutor.java:1149)
	at java.util.concurrent.ThreadPoolExecutor$Worker.run(ThreadPoolExecutor.java:624)
	... 1 more
Caused by: org.apache.ratis.thirdparty.io.netty.channel.AbstractChannel$AnnotatedConnectException: Connection refused: /192.168.69.121:37869
	at sun.nio.ch.SocketChannelImpl.checkConnect(Native Method)
	at sun.nio.ch.SocketChannelImpl.finishConnect(SocketChannelImpl.java:717)
	at org.apache.ratis.thirdparty.io.netty.channel.socket.nio.NioSocketChannel.doFinishConnect(NioSocketChannel.java:327)
	at org.apache.ratis.thirdparty.io.netty.channel.nio.AbstractNioChannel$AbstractNioUnsafe.finishConnect(AbstractNioChannel.java:340)
	at org.apache.ratis.thirdparty.io.netty.channel.nio.NioEventLoop.processSelectedKey(NioEventLoop.java:632)
	at org.apache.ratis.thirdparty.io.netty.channel.nio.NioEventLoop.processSelectedKeysOptimized(NioEventLoop.java:579)
	at org.apache.ratis.thirdparty.io.netty.channel.nio.NioEventLoop.processSelectedKeys(NioEventLoop.java:496)
	at org.apache.ratis.thirdparty.io.netty.channel.nio.NioEventLoop.run(NioEventLoop.java:458)
	at org.apache.ratis.thirdparty.io.netty.util.concurrent.SingleThreadEventExecutor$5.run(SingleThreadEventExecutor.java:897)
	at org.apache.ratis.thirdparty.io.netty.util.concurrent.FastThreadLocalRunnable.run(FastThreadLocalRunnable.java:30)
	... 1 more
Caused by: java.net.ConnectException: Connection refused
	... 11 more
2019-11-08 16:13:36,934 [4c8858b5-dd34-4dfa-8a80-c1e60ab9590b@group-E0D71A37EFC9-LeaderElection101] INFO  impl.RaftServerImpl (RaftServerImpl.java:setRole(173)) - 4c8858b5-dd34-4dfa-8a80-c1e60ab9590b@group-E0D71A37EFC9: changes role from CANDIDATE to FOLLOWER at term 5 for DISCOVERED_A_NEW_TERM
2019-11-08 16:13:36,935 [4c8858b5-dd34-4dfa-8a80-c1e60ab9590b@group-576F86D54FC4-LeaderElection100] INFO  impl.RaftServerImpl (RaftServerImpl.java:setRole(173)) - 4c8858b5-dd34-4dfa-8a80-c1e60ab9590b@group-576F86D54FC4: changes role from CANDIDATE to FOLLOWER at term 7 for DISCOVERED_A_NEW_TERM
2019-11-08 16:13:36,935 [4c8858b5-dd34-4dfa-8a80-c1e60ab9590b@group-E0D71A37EFC9-LeaderElection101] INFO  impl.RoleInfo (RoleInfo.java:shutdownLeaderElection(134)) - 4c8858b5-dd34-4dfa-8a80-c1e60ab9590b: shutdown LeaderElection
2019-11-08 16:13:36,935 [4c8858b5-dd34-4dfa-8a80-c1e60ab9590b@group-576F86D54FC4-LeaderElection100] INFO  impl.RoleInfo (RoleInfo.java:shutdownLeaderElection(134)) - 4c8858b5-dd34-4dfa-8a80-c1e60ab9590b: shutdown LeaderElection
2019-11-08 16:13:36,935 [4c8858b5-dd34-4dfa-8a80-c1e60ab9590b@group-E0D71A37EFC9-LeaderElection101] INFO  impl.RoleInfo (RoleInfo.java:updateAndGet(143)) - 4c8858b5-dd34-4dfa-8a80-c1e60ab9590b: start FollowerState
2019-11-08 16:13:36,935 [4c8858b5-dd34-4dfa-8a80-c1e60ab9590b@group-576F86D54FC4-LeaderElection100] INFO  impl.RoleInfo (RoleInfo.java:updateAndGet(143)) - 4c8858b5-dd34-4dfa-8a80-c1e60ab9590b: start FollowerState
2019-11-08 16:13:37,232 [Thread-2134] INFO  impl.FollowerState (FollowerState.java:run(111)) - 4c8858b5-dd34-4dfa-8a80-c1e60ab9590b@group-C086F38B8249-FollowerState: change to CANDIDATE, lastRpcTime:1011ms, electionTimeout:1011ms
2019-11-08 16:13:37,232 [Thread-2134] INFO  impl.RoleInfo (RoleInfo.java:shutdownFollowerState(121)) - 4c8858b5-dd34-4dfa-8a80-c1e60ab9590b: shutdown FollowerState
2019-11-08 16:13:37,232 [Thread-2134] INFO  impl.RaftServerImpl (RaftServerImpl.java:setRole(173)) - 4c8858b5-dd34-4dfa-8a80-c1e60ab9590b@group-C086F38B8249: changes role from  FOLLOWER to CANDIDATE at term 6 for changeToCandidate
2019-11-08 16:13:37,232 [Thread-2134] INFO  impl.RoleInfo (RoleInfo.java:updateAndGet(143)) - 4c8858b5-dd34-4dfa-8a80-c1e60ab9590b: start LeaderElection
2019-11-08 16:13:37,265 [4c8858b5-dd34-4dfa-8a80-c1e60ab9590b@group-C086F38B8249-LeaderElection102] INFO  impl.LeaderElection (LeaderElection.java:askForVotes(178)) - 4c8858b5-dd34-4dfa-8a80-c1e60ab9590b@group-C086F38B8249-LeaderElection102: begin an election at term 7 for 1: [4c8858b5-dd34-4dfa-8a80-c1e60ab9590b:192.168.69.121:43670, c0c4966b-a29b-458a-b1c2-0283d43e69e4:192.168.69.121:46426, fdaf92da-19a4-414a-af4c-01715acef4ce:192.168.69.121:37869], old=null
2019-11-08 16:13:37,266 [4c8858b5-dd34-4dfa-8a80-c1e60ab9590b@group-C086F38B8249-LeaderElection102] INFO  impl.LeaderElection (LogUtils.java:infoOrTrace(149)) - 4c8858b5-dd34-4dfa-8a80-c1e60ab9590b@group-C086F38B8249-LeaderElection102 got exception when requesting votes: {}
java.util.concurrent.ExecutionException: org.apache.ratis.thirdparty.io.grpc.StatusRuntimeException: UNAVAILABLE: io exception
	at java.util.concurrent.FutureTask.report(FutureTask.java:122)
	at java.util.concurrent.FutureTask.get(FutureTask.java:192)
	at org.apache.ratis.server.impl.LeaderElection.waitForResults(LeaderElection.java:259)
	at org.apache.ratis.server.impl.LeaderElection.askForVotes(LeaderElection.java:197)
	at org.apache.ratis.server.impl.LeaderElection.run(LeaderElection.java:133)
	at java.lang.Thread.run(Thread.java:748)
Caused by: org.apache.ratis.thirdparty.io.grpc.StatusRuntimeException: UNAVAILABLE: io exception
	at org.apache.ratis.thirdparty.io.grpc.stub.ClientCalls.toStatusRuntimeException(ClientCalls.java:233)
	at org.apache.ratis.thirdparty.io.grpc.stub.ClientCalls.getUnchecked(ClientCalls.java:214)
	at org.apache.ratis.thirdparty.io.grpc.stub.ClientCalls.blockingUnaryCall(ClientCalls.java:139)
	at org.apache.ratis.proto.grpc.RaftServerProtocolServiceGrpc$RaftServerProtocolServiceBlockingStub.requestVote(RaftServerProtocolServiceGrpc.java:265)
	at org.apache.ratis.grpc.server.GrpcServerProtocolClient.requestVote(GrpcServerProtocolClient.java:99)
	at org.apache.ratis.grpc.server.GrpcService.requestVote(GrpcService.java:204)
	at org.apache.ratis.server.impl.LeaderElection.lambda$submitRequests$1(LeaderElection.java:234)
	at java.util.concurrent.FutureTask.run(FutureTask.java:266)
	at java.util.concurrent.Executors$RunnableAdapter.call(Executors.java:511)
	at java.util.concurrent.FutureTask.run(FutureTask.java:266)
	at java.util.concurrent.ThreadPoolExecutor.runWorker(ThreadPoolExecutor.java:1149)
	at java.util.concurrent.ThreadPoolExecutor$Worker.run(ThreadPoolExecutor.java:624)
	... 1 more
Caused by: org.apache.ratis.thirdparty.io.netty.channel.AbstractChannel$AnnotatedConnectException: Connection refused: /192.168.69.121:37869
	at sun.nio.ch.SocketChannelImpl.checkConnect(Native Method)
	at sun.nio.ch.SocketChannelImpl.finishConnect(SocketChannelImpl.java:717)
	at org.apache.ratis.thirdparty.io.netty.channel.socket.nio.NioSocketChannel.doFinishConnect(NioSocketChannel.java:327)
	at org.apache.ratis.thirdparty.io.netty.channel.nio.AbstractNioChannel$AbstractNioUnsafe.finishConnect(AbstractNioChannel.java:340)
	at org.apache.ratis.thirdparty.io.netty.channel.nio.NioEventLoop.processSelectedKey(NioEventLoop.java:632)
	at org.apache.ratis.thirdparty.io.netty.channel.nio.NioEventLoop.processSelectedKeysOptimized(NioEventLoop.java:579)
	at org.apache.ratis.thirdparty.io.netty.channel.nio.NioEventLoop.processSelectedKeys(NioEventLoop.java:496)
	at org.apache.ratis.thirdparty.io.netty.channel.nio.NioEventLoop.run(NioEventLoop.java:458)
	at org.apache.ratis.thirdparty.io.netty.util.concurrent.SingleThreadEventExecutor$5.run(SingleThreadEventExecutor.java:897)
	at org.apache.ratis.thirdparty.io.netty.util.concurrent.FastThreadLocalRunnable.run(FastThreadLocalRunnable.java:30)
	... 1 more
Caused by: java.net.ConnectException: Connection refused
	... 11 more
2019-11-08 16:13:37,266 [4c8858b5-dd34-4dfa-8a80-c1e60ab9590b@group-C086F38B8249-LeaderElection102] INFO  impl.LeaderElection (LogUtils.java:infoOrTrace(149)) - 4c8858b5-dd34-4dfa-8a80-c1e60ab9590b@group-C086F38B8249-LeaderElection102 got exception when requesting votes: {}
java.util.concurrent.ExecutionException: org.apache.ratis.thirdparty.io.grpc.StatusRuntimeException: UNAVAILABLE: io exception
	at java.util.concurrent.FutureTask.report(FutureTask.java:122)
	at java.util.concurrent.FutureTask.get(FutureTask.java:192)
	at org.apache.ratis.server.impl.LeaderElection.waitForResults(LeaderElection.java:259)
	at org.apache.ratis.server.impl.LeaderElection.askForVotes(LeaderElection.java:197)
	at org.apache.ratis.server.impl.LeaderElection.run(LeaderElection.java:133)
	at java.lang.Thread.run(Thread.java:748)
Caused by: org.apache.ratis.thirdparty.io.grpc.StatusRuntimeException: UNAVAILABLE: io exception
	at org.apache.ratis.thirdparty.io.grpc.stub.ClientCalls.toStatusRuntimeException(ClientCalls.java:233)
	at org.apache.ratis.thirdparty.io.grpc.stub.ClientCalls.getUnchecked(ClientCalls.java:214)
	at org.apache.ratis.thirdparty.io.grpc.stub.ClientCalls.blockingUnaryCall(ClientCalls.java:139)
	at org.apache.ratis.proto.grpc.RaftServerProtocolServiceGrpc$RaftServerProtocolServiceBlockingStub.requestVote(RaftServerProtocolServiceGrpc.java:265)
	at org.apache.ratis.grpc.server.GrpcServerProtocolClient.requestVote(GrpcServerProtocolClient.java:99)
	at org.apache.ratis.grpc.server.GrpcService.requestVote(GrpcService.java:204)
	at org.apache.ratis.server.impl.LeaderElection.lambda$submitRequests$1(LeaderElection.java:234)
	at java.util.concurrent.FutureTask.run(FutureTask.java:266)
	at java.util.concurrent.Executors$RunnableAdapter.call(Executors.java:511)
	at java.util.concurrent.FutureTask.run(FutureTask.java:266)
	at java.util.concurrent.ThreadPoolExecutor.runWorker(ThreadPoolExecutor.java:1149)
	at java.util.concurrent.ThreadPoolExecutor$Worker.run(ThreadPoolExecutor.java:624)
	... 1 more
Caused by: org.apache.ratis.thirdparty.io.netty.channel.AbstractChannel$AnnotatedConnectException: Connection refused: /192.168.69.121:46426
	at sun.nio.ch.SocketChannelImpl.checkConnect(Native Method)
	at sun.nio.ch.SocketChannelImpl.finishConnect(SocketChannelImpl.java:717)
	at org.apache.ratis.thirdparty.io.netty.channel.socket.nio.NioSocketChannel.doFinishConnect(NioSocketChannel.java:327)
	at org.apache.ratis.thirdparty.io.netty.channel.nio.AbstractNioChannel$AbstractNioUnsafe.finishConnect(AbstractNioChannel.java:340)
	at org.apache.ratis.thirdparty.io.netty.channel.nio.NioEventLoop.processSelectedKey(NioEventLoop.java:632)
	at org.apache.ratis.thirdparty.io.netty.channel.nio.NioEventLoop.processSelectedKeysOptimized(NioEventLoop.java:579)
	at org.apache.ratis.thirdparty.io.netty.channel.nio.NioEventLoop.processSelectedKeys(NioEventLoop.java:496)
	at org.apache.ratis.thirdparty.io.netty.channel.nio.NioEventLoop.run(NioEventLoop.java:458)
	at org.apache.ratis.thirdparty.io.netty.util.concurrent.SingleThreadEventExecutor$5.run(SingleThreadEventExecutor.java:897)
	at org.apache.ratis.thirdparty.io.netty.util.concurrent.FastThreadLocalRunnable.run(FastThreadLocalRunnable.java:30)
	... 1 more
Caused by: java.net.ConnectException: Connection refused
	... 11 more
2019-11-08 16:13:37,267 [4c8858b5-dd34-4dfa-8a80-c1e60ab9590b@group-C086F38B8249-LeaderElection102] INFO  impl.LeaderElection (LeaderElection.java:logAndReturn(56)) - 4c8858b5-dd34-4dfa-8a80-c1e60ab9590b@group-C086F38B8249-LeaderElection102: Election REJECTED; received 0 response(s) [] and 2 exception(s); 4c8858b5-dd34-4dfa-8a80-c1e60ab9590b@group-C086F38B8249:t7, leader=null, voted=4c8858b5-dd34-4dfa-8a80-c1e60ab9590b, raftlog=4c8858b5-dd34-4dfa-8a80-c1e60ab9590b@group-C086F38B8249-SegmentedRaftLog:OPENED:c2,f2,i2, conf=1: [4c8858b5-dd34-4dfa-8a80-c1e60ab9590b:192.168.69.121:43670, c0c4966b-a29b-458a-b1c2-0283d43e69e4:192.168.69.121:46426, fdaf92da-19a4-414a-af4c-01715acef4ce:192.168.69.121:37869], old=null
2019-11-08 16:13:37,267 [4c8858b5-dd34-4dfa-8a80-c1e60ab9590b@group-C086F38B8249-LeaderElection102] INFO  impl.LeaderElection (LogUtils.java:infoOrTrace(149)) -   Exception 0: {}
java.util.concurrent.ExecutionException: org.apache.ratis.thirdparty.io.grpc.StatusRuntimeException: UNAVAILABLE: io exception
	at java.util.concurrent.FutureTask.report(FutureTask.java:122)
	at java.util.concurrent.FutureTask.get(FutureTask.java:192)
	at org.apache.ratis.server.impl.LeaderElection.waitForResults(LeaderElection.java:259)
	at org.apache.ratis.server.impl.LeaderElection.askForVotes(LeaderElection.java:197)
	at org.apache.ratis.server.impl.LeaderElection.run(LeaderElection.java:133)
	at java.lang.Thread.run(Thread.java:748)
Caused by: org.apache.ratis.thirdparty.io.grpc.StatusRuntimeException: UNAVAILABLE: io exception
	at org.apache.ratis.thirdparty.io.grpc.stub.ClientCalls.toStatusRuntimeException(ClientCalls.java:233)
	at org.apache.ratis.thirdparty.io.grpc.stub.ClientCalls.getUnchecked(ClientCalls.java:214)
	at org.apache.ratis.thirdparty.io.grpc.stub.ClientCalls.blockingUnaryCall(ClientCalls.java:139)
	at org.apache.ratis.proto.grpc.RaftServerProtocolServiceGrpc$RaftServerProtocolServiceBlockingStub.requestVote(RaftServerProtocolServiceGrpc.java:265)
	at org.apache.ratis.grpc.server.GrpcServerProtocolClient.requestVote(GrpcServerProtocolClient.java:99)
	at org.apache.ratis.grpc.server.GrpcService.requestVote(GrpcService.java:204)
	at org.apache.ratis.server.impl.LeaderElection.lambda$submitRequests$1(LeaderElection.java:234)
	at java.util.concurrent.FutureTask.run(FutureTask.java:266)
	at java.util.concurrent.Executors$RunnableAdapter.call(Executors.java:511)
	at java.util.concurrent.FutureTask.run(FutureTask.java:266)
	at java.util.concurrent.ThreadPoolExecutor.runWorker(ThreadPoolExecutor.java:1149)
	at java.util.concurrent.ThreadPoolExecutor$Worker.run(ThreadPoolExecutor.java:624)
	... 1 more
Caused by: org.apache.ratis.thirdparty.io.netty.channel.AbstractChannel$AnnotatedConnectException: Connection refused: /192.168.69.121:37869
	at sun.nio.ch.SocketChannelImpl.checkConnect(Native Method)
	at sun.nio.ch.SocketChannelImpl.finishConnect(SocketChannelImpl.java:717)
	at org.apache.ratis.thirdparty.io.netty.channel.socket.nio.NioSocketChannel.doFinishConnect(NioSocketChannel.java:327)
	at org.apache.ratis.thirdparty.io.netty.channel.nio.AbstractNioChannel$AbstractNioUnsafe.finishConnect(AbstractNioChannel.java:340)
	at org.apache.ratis.thirdparty.io.netty.channel.nio.NioEventLoop.processSelectedKey(NioEventLoop.java:632)
	at org.apache.ratis.thirdparty.io.netty.channel.nio.NioEventLoop.processSelectedKeysOptimized(NioEventLoop.java:579)
	at org.apache.ratis.thirdparty.io.netty.channel.nio.NioEventLoop.processSelectedKeys(NioEventLoop.java:496)
	at org.apache.ratis.thirdparty.io.netty.channel.nio.NioEventLoop.run(NioEventLoop.java:458)
	at org.apache.ratis.thirdparty.io.netty.util.concurrent.SingleThreadEventExecutor$5.run(SingleThreadEventExecutor.java:897)
	at org.apache.ratis.thirdparty.io.netty.util.concurrent.FastThreadLocalRunnable.run(FastThreadLocalRunnable.java:30)
	... 1 more
Caused by: java.net.ConnectException: Connection refused
	... 11 more
2019-11-08 16:13:37,267 [4c8858b5-dd34-4dfa-8a80-c1e60ab9590b@group-C086F38B8249-LeaderElection102] INFO  impl.LeaderElection (LogUtils.java:infoOrTrace(149)) -   Exception 1: {}
java.util.concurrent.ExecutionException: org.apache.ratis.thirdparty.io.grpc.StatusRuntimeException: UNAVAILABLE: io exception
	at java.util.concurrent.FutureTask.report(FutureTask.java:122)
	at java.util.concurrent.FutureTask.get(FutureTask.java:192)
	at org.apache.ratis.server.impl.LeaderElection.waitForResults(LeaderElection.java:259)
	at org.apache.ratis.server.impl.LeaderElection.askForVotes(LeaderElection.java:197)
	at org.apache.ratis.server.impl.LeaderElection.run(LeaderElection.java:133)
	at java.lang.Thread.run(Thread.java:748)
Caused by: org.apache.ratis.thirdparty.io.grpc.StatusRuntimeException: UNAVAILABLE: io exception
	at org.apache.ratis.thirdparty.io.grpc.stub.ClientCalls.toStatusRuntimeException(ClientCalls.java:233)
	at org.apache.ratis.thirdparty.io.grpc.stub.ClientCalls.getUnchecked(ClientCalls.java:214)
	at org.apache.ratis.thirdparty.io.grpc.stub.ClientCalls.blockingUnaryCall(ClientCalls.java:139)
	at org.apache.ratis.proto.grpc.RaftServerProtocolServiceGrpc$RaftServerProtocolServiceBlockingStub.requestVote(RaftServerProtocolServiceGrpc.java:265)
	at org.apache.ratis.grpc.server.GrpcServerProtocolClient.requestVote(GrpcServerProtocolClient.java:99)
	at org.apache.ratis.grpc.server.GrpcService.requestVote(GrpcService.java:204)
	at org.apache.ratis.server.impl.LeaderElection.lambda$submitRequests$1(LeaderElection.java:234)
	at java.util.concurrent.FutureTask.run(FutureTask.java:266)
	at java.util.concurrent.Executors$RunnableAdapter.call(Executors.java:511)
	at java.util.concurrent.FutureTask.run(FutureTask.java:266)
	at java.util.concurrent.ThreadPoolExecutor.runWorker(ThreadPoolExecutor.java:1149)
	at java.util.concurrent.ThreadPoolExecutor$Worker.run(ThreadPoolExecutor.java:624)
	... 1 more
Caused by: org.apache.ratis.thirdparty.io.netty.channel.AbstractChannel$AnnotatedConnectException: Connection refused: /192.168.69.121:46426
	at sun.nio.ch.SocketChannelImpl.checkConnect(Native Method)
	at sun.nio.ch.SocketChannelImpl.finishConnect(SocketChannelImpl.java:717)
	at org.apache.ratis.thirdparty.io.netty.channel.socket.nio.NioSocketChannel.doFinishConnect(NioSocketChannel.java:327)
	at org.apache.ratis.thirdparty.io.netty.channel.nio.AbstractNioChannel$AbstractNioUnsafe.finishConnect(AbstractNioChannel.java:340)
	at org.apache.ratis.thirdparty.io.netty.channel.nio.NioEventLoop.processSelectedKey(NioEventLoop.java:632)
	at org.apache.ratis.thirdparty.io.netty.channel.nio.NioEventLoop.processSelectedKeysOptimized(NioEventLoop.java:579)
	at org.apache.ratis.thirdparty.io.netty.channel.nio.NioEventLoop.processSelectedKeys(NioEventLoop.java:496)
	at org.apache.ratis.thirdparty.io.netty.channel.nio.NioEventLoop.run(NioEventLoop.java:458)
	at org.apache.ratis.thirdparty.io.netty.util.concurrent.SingleThreadEventExecutor$5.run(SingleThreadEventExecutor.java:897)
	at org.apache.ratis.thirdparty.io.netty.util.concurrent.FastThreadLocalRunnable.run(FastThreadLocalRunnable.java:30)
	... 1 more
Caused by: java.net.ConnectException: Connection refused
	... 11 more
2019-11-08 16:13:37,267 [4c8858b5-dd34-4dfa-8a80-c1e60ab9590b@group-C086F38B8249-LeaderElection102] INFO  impl.RaftServerImpl (RaftServerImpl.java:setRole(173)) - 4c8858b5-dd34-4dfa-8a80-c1e60ab9590b@group-C086F38B8249: changes role from CANDIDATE to FOLLOWER at term 7 for DISCOVERED_A_NEW_TERM
2019-11-08 16:13:37,268 [4c8858b5-dd34-4dfa-8a80-c1e60ab9590b@group-C086F38B8249-LeaderElection102] INFO  impl.RoleInfo (RoleInfo.java:shutdownLeaderElection(134)) - 4c8858b5-dd34-4dfa-8a80-c1e60ab9590b: shutdown LeaderElection
2019-11-08 16:13:37,268 [4c8858b5-dd34-4dfa-8a80-c1e60ab9590b@group-C086F38B8249-LeaderElection102] INFO  impl.RoleInfo (RoleInfo.java:updateAndGet(143)) - 4c8858b5-dd34-4dfa-8a80-c1e60ab9590b: start FollowerState
2019-11-08 16:13:37,980 [Thread-2142] INFO  impl.FollowerState (FollowerState.java:run(111)) - 4c8858b5-dd34-4dfa-8a80-c1e60ab9590b@group-576F86D54FC4-FollowerState: change to CANDIDATE, lastRpcTime:1044ms, electionTimeout:1044ms
2019-11-08 16:13:37,980 [Thread-2142] INFO  impl.RoleInfo (RoleInfo.java:shutdownFollowerState(121)) - 4c8858b5-dd34-4dfa-8a80-c1e60ab9590b: shutdown FollowerState
2019-11-08 16:13:37,980 [Thread-2142] INFO  impl.RaftServerImpl (RaftServerImpl.java:setRole(173)) - 4c8858b5-dd34-4dfa-8a80-c1e60ab9590b@group-576F86D54FC4: changes role from  FOLLOWER to CANDIDATE at term 7 for changeToCandidate
2019-11-08 16:13:37,981 [Thread-2142] INFO  impl.RoleInfo (RoleInfo.java:updateAndGet(143)) - 4c8858b5-dd34-4dfa-8a80-c1e60ab9590b: start LeaderElection
2019-11-08 16:13:38,105 [Thread-2141] INFO  impl.FollowerState (FollowerState.java:run(111)) - 4c8858b5-dd34-4dfa-8a80-c1e60ab9590b@group-E0D71A37EFC9-FollowerState: change to CANDIDATE, lastRpcTime:1169ms, electionTimeout:1169ms
2019-11-08 16:13:38,105 [Thread-2141] INFO  impl.RoleInfo (RoleInfo.java:shutdownFollowerState(121)) - 4c8858b5-dd34-4dfa-8a80-c1e60ab9590b: shutdown FollowerState
2019-11-08 16:13:38,105 [Thread-2141] INFO  impl.RaftServerImpl (RaftServerImpl.java:setRole(173)) - 4c8858b5-dd34-4dfa-8a80-c1e60ab9590b@group-E0D71A37EFC9: changes role from  FOLLOWER to CANDIDATE at term 5 for changeToCandidate
2019-11-08 16:13:38,106 [Thread-2141] INFO  impl.RoleInfo (RoleInfo.java:updateAndGet(143)) - 4c8858b5-dd34-4dfa-8a80-c1e60ab9590b: start LeaderElection
2019-11-08 16:13:38,299 [Thread-2146] INFO  impl.FollowerState (FollowerState.java:run(111)) - 4c8858b5-dd34-4dfa-8a80-c1e60ab9590b@group-C086F38B8249-FollowerState: change to CANDIDATE, lastRpcTime:1031ms, electionTimeout:1031ms
2019-11-08 16:13:38,299 [Thread-2146] INFO  impl.RoleInfo (RoleInfo.java:shutdownFollowerState(121)) - 4c8858b5-dd34-4dfa-8a80-c1e60ab9590b: shutdown FollowerState
2019-11-08 16:13:38,300 [Thread-2146] INFO  impl.RaftServerImpl (RaftServerImpl.java:setRole(173)) - 4c8858b5-dd34-4dfa-8a80-c1e60ab9590b@group-C086F38B8249: changes role from  FOLLOWER to CANDIDATE at term 7 for changeToCandidate
2019-11-08 16:13:38,300 [Thread-2146] INFO  impl.RoleInfo (RoleInfo.java:updateAndGet(143)) - 4c8858b5-dd34-4dfa-8a80-c1e60ab9590b: start LeaderElection
2019-11-08 16:13:39,442 [main] INFO  ozoneimpl.OzoneContainer (OzoneContainer.java:stop(232)) - Attempting to stop container services.
2019-11-08 16:13:39,442 [ForkJoinPool.commonPool-worker-1] INFO  ozoneimpl.OzoneContainer (OzoneContainer.java:stop(232)) - Attempting to stop container services.
2019-11-08 16:13:39,444 [ForkJoinPool.commonPool-worker-1] INFO  impl.RaftServerProxy (RaftServerProxy.java:lambda$close$4(314)) - f309a46b-858f-4d34-8a48-cafddd02cd92: close
2019-11-08 16:13:39,444 [main] INFO  impl.RaftServerProxy (RaftServerProxy.java:lambda$close$4(314)) - 4c8858b5-dd34-4dfa-8a80-c1e60ab9590b: close
2019-11-08 16:13:39,445 [ForkJoinPool.commonPool-worker-1] INFO  server.GrpcService (GrpcService.java:closeImpl(164)) - f309a46b-858f-4d34-8a48-cafddd02cd92: shutdown server with port 40867 now
2019-11-08 16:13:39,445 [main] INFO  impl.RaftServerImpl (RaftServerImpl.java:lambda$shutdown$3(250)) - 4c8858b5-dd34-4dfa-8a80-c1e60ab9590b@group-576F86D54FC4: shutdown
2019-11-08 16:13:39,446 [main] INFO  util.JmxRegister (JmxRegister.java:unregister(73)) - Successfully un-registered JMX Bean with object name Ratis:service=RaftServer,group=group-576F86D54FC4,id=4c8858b5-dd34-4dfa-8a80-c1e60ab9590b
2019-11-08 16:13:39,446 [ForkJoinPool.commonPool-worker-1] INFO  server.GrpcService (GrpcService.java:closeImpl(172)) - f309a46b-858f-4d34-8a48-cafddd02cd92: shutdown server with port 40867 successfully
2019-11-08 16:13:39,446 [main] INFO  impl.RoleInfo (RoleInfo.java:shutdownLeaderElection(134)) - 4c8858b5-dd34-4dfa-8a80-c1e60ab9590b: shutdown LeaderElection
2019-11-08 16:13:39,447 [main] INFO  impl.StateMachineUpdater (StateMachineUpdater.java:stopAndJoin(136)) - 4c8858b5-dd34-4dfa-8a80-c1e60ab9590b@group-576F86D54FC4-StateMachineUpdater: set stopIndex = 2
2019-11-08 16:13:39,450 [main] INFO  impl.RaftServerImpl (ServerState.java:close(387)) - 4c8858b5-dd34-4dfa-8a80-c1e60ab9590b@group-576F86D54FC4: closes. applyIndex: 2
2019-11-08 16:13:39,451 [4c8858b5-dd34-4dfa-8a80-c1e60ab9590b@group-576F86D54FC4-SegmentedRaftLogWorker] INFO  segmented.SegmentedRaftLogWorker (SegmentedRaftLogWorker.java:run(316)) - 4c8858b5-dd34-4dfa-8a80-c1e60ab9590b@group-576F86D54FC4-SegmentedRaftLogWorker was interrupted, exiting. There are 0 tasks remaining in the queue.
2019-11-08 16:13:39,479 [refreshUsed-/workdir/hadoop-ozone/integration-test/target/test-dir/MiniOzoneClusterImpl-d855ef0a-1308-4748-ba6a-889d1c87fb48/datanode-1/data/containers] WARN  fs.CachingGetSpaceUsed (CachingGetSpaceUsed.java:run(183)) - Thread Interrupted waiting to refresh disk information: sleep interrupted
2019-11-08 16:13:39,495 [ForkJoinPool.commonPool-worker-1] INFO  utils.BackgroundService (BackgroundService.java:shutdown(151)) - Shutting down service BlockDeletingService
2019-11-08 16:13:39,499 [ForkJoinPool.commonPool-worker-1] INFO  statemachine.DatanodeStateMachine (DatanodeStateMachine.java:stopDaemon(395)) - Ozone container server stopped.
2019-11-08 16:13:39,506 [ForkJoinPool.commonPool-worker-1] INFO  handler.ContextHandler (ContextHandler.java:doStop(910)) - Stopped o.e.j.w.WebAppContext@3d8d17a3{/,null,UNAVAILABLE}{/hddsDatanode}
2019-11-08 16:13:39,507 [ForkJoinPool.commonPool-worker-1] INFO  server.AbstractConnector (AbstractConnector.java:doStop(318)) - Stopped ServerConnector@ac91282{HTTP/1.1,[http/1.1]}{0.0.0.0:0}
2019-11-08 16:13:39,508 [ForkJoinPool.commonPool-worker-1] INFO  handler.ContextHandler (ContextHandler.java:doStop(910)) - Stopped o.e.j.s.ServletContextHandler@2287395{/static,jar:file:/home/user/.m2/repository/org/apache/hadoop/hadoop-hdds-container-service/0.5.0-SNAPSHOT/hadoop-hdds-container-service-0.5.0-SNAPSHOT.jar!/webapps/static,UNAVAILABLE}
2019-11-08 16:13:39,511 [ForkJoinPool.commonPool-worker-1] INFO  handler.ContextHandler (ContextHandler.java:doStop(910)) - Stopped o.e.j.s.ServletContextHandler@3f1a9a53{/logs,file:///workdir/hadoop-ozone/integration-test/target/log,UNAVAILABLE}
2019-11-08 16:13:42,750 [main] INFO  segmented.SegmentedRaftLogWorker (SegmentedRaftLogWorker.java:close(224)) - 4c8858b5-dd34-4dfa-8a80-c1e60ab9590b@group-576F86D54FC4-SegmentedRaftLogWorker close()
2019-11-08 16:13:42,758 [main] INFO  impl.RaftServerImpl (RaftServerImpl.java:lambda$shutdown$3(250)) - 4c8858b5-dd34-4dfa-8a80-c1e60ab9590b@group-E0D71A37EFC9: shutdown
2019-11-08 16:13:42,760 [main] INFO  util.JmxRegister (JmxRegister.java:unregister(73)) - Successfully un-registered JMX Bean with object name Ratis:service=RaftServer,group=group-E0D71A37EFC9,id=4c8858b5-dd34-4dfa-8a80-c1e60ab9590b
2019-11-08 16:13:42,761 [main] INFO  impl.RoleInfo (RoleInfo.java:shutdownLeaderElection(134)) - 4c8858b5-dd34-4dfa-8a80-c1e60ab9590b: shutdown LeaderElection
2019-11-08 16:13:42,762 [main] INFO  impl.StateMachineUpdater (StateMachineUpdater.java:stopAndJoin(136)) - 4c8858b5-dd34-4dfa-8a80-c1e60ab9590b@group-E0D71A37EFC9-StateMachineUpdater: set stopIndex = 2
2019-11-08 16:13:42,763 [main] INFO  impl.RaftServerImpl (ServerState.java:close(387)) - 4c8858b5-dd34-4dfa-8a80-c1e60ab9590b@group-E0D71A37EFC9: closes. applyIndex: 2
2019-11-08 16:13:42,764 [4c8858b5-dd34-4dfa-8a80-c1e60ab9590b@group-E0D71A37EFC9-SegmentedRaftLogWorker] INFO  segmented.SegmentedRaftLogWorker (SegmentedRaftLogWorker.java:run(316)) - 4c8858b5-dd34-4dfa-8a80-c1e60ab9590b@group-E0D71A37EFC9-SegmentedRaftLogWorker was interrupted, exiting. There are 0 tasks remaining in the queue.
2019-11-08 16:13:42,765 [main] INFO  segmented.SegmentedRaftLogWorker (SegmentedRaftLogWorker.java:close(224)) - 4c8858b5-dd34-4dfa-8a80-c1e60ab9590b@group-E0D71A37EFC9-SegmentedRaftLogWorker close()
2019-11-08 16:13:42,771 [main] INFO  impl.RaftServerImpl (RaftServerImpl.java:lambda$shutdown$3(250)) - 4c8858b5-dd34-4dfa-8a80-c1e60ab9590b@group-C086F38B8249: shutdown
2019-11-08 16:13:42,772 [main] INFO  util.JmxRegister (JmxRegister.java:unregister(73)) - Successfully un-registered JMX Bean with object name Ratis:service=RaftServer,group=group-C086F38B8249,id=4c8858b5-dd34-4dfa-8a80-c1e60ab9590b
2019-11-08 16:13:42,772 [main] INFO  impl.RoleInfo (RoleInfo.java:shutdownLeaderElection(134)) - 4c8858b5-dd34-4dfa-8a80-c1e60ab9590b: shutdown LeaderElection
2019-11-08 16:13:42,772 [main] INFO  impl.StateMachineUpdater (StateMachineUpdater.java:stopAndJoin(136)) - 4c8858b5-dd34-4dfa-8a80-c1e60ab9590b@group-C086F38B8249-StateMachineUpdater: set stopIndex = 2
2019-11-08 16:13:42,773 [main] INFO  impl.RaftServerImpl (ServerState.java:close(387)) - 4c8858b5-dd34-4dfa-8a80-c1e60ab9590b@group-C086F38B8249: closes. applyIndex: 2
2019-11-08 16:13:42,773 [4c8858b5-dd34-4dfa-8a80-c1e60ab9590b@group-C086F38B8249-SegmentedRaftLogWorker] INFO  segmented.SegmentedRaftLogWorker (SegmentedRaftLogWorker.java:run(316)) - 4c8858b5-dd34-4dfa-8a80-c1e60ab9590b@group-C086F38B8249-SegmentedRaftLogWorker was interrupted, exiting. There are 0 tasks remaining in the queue.
2019-11-08 16:13:42,774 [main] INFO  segmented.SegmentedRaftLogWorker (SegmentedRaftLogWorker.java:close(224)) - 4c8858b5-dd34-4dfa-8a80-c1e60ab9590b@group-C086F38B8249-SegmentedRaftLogWorker close()
2019-11-08 16:13:42,775 [main] INFO  server.GrpcService (GrpcService.java:closeImpl(164)) - 4c8858b5-dd34-4dfa-8a80-c1e60ab9590b: shutdown server with port 43670 now
2019-11-08 16:13:42,777 [main] INFO  server.GrpcService (GrpcService.java:closeImpl(172)) - 4c8858b5-dd34-4dfa-8a80-c1e60ab9590b: shutdown server with port 43670 successfully
2019-11-08 16:13:42,783 [refreshUsed-/workdir/hadoop-ozone/integration-test/target/test-dir/MiniOzoneClusterImpl-d855ef0a-1308-4748-ba6a-889d1c87fb48/datanode-7/data/containers] WARN  fs.CachingGetSpaceUsed (CachingGetSpaceUsed.java:run(183)) - Thread Interrupted waiting to refresh disk information: sleep interrupted
2019-11-08 16:13:42,808 [main] INFO  utils.BackgroundService (BackgroundService.java:shutdown(151)) - Shutting down service BlockDeletingService
2019-11-08 16:13:42,810 [main] INFO  statemachine.DatanodeStateMachine (DatanodeStateMachine.java:stopDaemon(395)) - Ozone container server stopped.
2019-11-08 16:13:42,813 [main] INFO  handler.ContextHandler (ContextHandler.java:doStop(910)) - Stopped o.e.j.w.WebAppContext@661d6bb6{/,null,UNAVAILABLE}{/hddsDatanode}
2019-11-08 16:13:42,814 [main] INFO  server.AbstractConnector (AbstractConnector.java:doStop(318)) - Stopped ServerConnector@733fb462{HTTP/1.1,[http/1.1]}{0.0.0.0:0}
2019-11-08 16:13:42,814 [main] INFO  handler.ContextHandler (ContextHandler.java:doStop(910)) - Stopped o.e.j.s.ServletContextHandler@13803a94{/static,jar:file:/home/user/.m2/repository/org/apache/hadoop/hadoop-hdds-container-service/0.5.0-SNAPSHOT/hadoop-hdds-container-service-0.5.0-SNAPSHOT.jar!/webapps/static,UNAVAILABLE}
2019-11-08 16:13:42,815 [main] INFO  handler.ContextHandler (ContextHandler.java:doStop(910)) - Stopped o.e.j.s.ServletContextHandler@3dce6dd8{/logs,file:///workdir/hadoop-ozone/integration-test/target/log,UNAVAILABLE}
2019-11-08 16:13:42,816 [main] INFO  ozone.MiniOzoneClusterImpl (MiniOzoneClusterImpl.java:stopSCM(392)) - Stopping the StorageContainerManager
2019-11-08 16:13:42,816 [main] INFO  server.StorageContainerManager (StorageContainerManager.java:stop(802)) - Stopping Replication Manager Service.
2019-11-08 16:13:42,816 [main] INFO  container.ReplicationManager (ReplicationManager.java:stop(203)) - Stopping Replication Monitor Thread.
2019-11-08 16:13:42,816 [main] INFO  server.StorageContainerManager (StorageContainerManager.java:stop(809)) - Stopping Lease Manager of the command watchers
2019-11-08 16:13:42,817 [main] INFO  server.StorageContainerManager (StorageContainerManager.java:stop(816)) - Stopping datanode service RPC server
2019-11-08 16:13:42,817 [main] INFO  server.SCMDatanodeProtocolServer (SCMDatanodeProtocolServer.java:stop(346)) - Stopping the RPC server for DataNodes
2019-11-08 16:13:42,817 [main] INFO  ipc.Server (Server.java:stop(3082)) - Stopping server on 33429
2019-11-08 16:13:42,819 [IPC Server listener on 33429] INFO  ipc.Server (Server.java:run(1185)) - Stopping IPC Server listener on 33429
2019-11-08 16:13:42,820 [IPC Server Responder] INFO  ipc.Server (Server.java:run(1319)) - Stopping IPC Server Responder
2019-11-08 16:13:42,849 [SCM Heartbeat Processing Thread - 0] WARN  node.NodeStateManager (NodeStateManager.java:scheduleNextHealthCheck(646)) - Current Thread is interrupted, shutting down HB processing thread for Node Manager.
2019-11-08 16:13:42,849 [main] INFO  server.StorageContainerManager (StorageContainerManager.java:stop(824)) - Stopping block service RPC server
2019-11-08 16:13:42,850 [main] INFO  server.SCMBlockProtocolServer (SCMBlockProtocolServer.java:stop(155)) - Stopping the RPC server for Block Protocol
2019-11-08 16:13:42,850 [main] INFO  ipc.Server (Server.java:stop(3082)) - Stopping server on 37031
2019-11-08 16:13:42,852 [IPC Server listener on 37031] INFO  ipc.Server (Server.java:run(1185)) - Stopping IPC Server listener on 37031
2019-11-08 16:13:42,852 [main] INFO  server.StorageContainerManager (StorageContainerManager.java:stop(831)) - Stopping the StorageContainerLocationProtocol RPC server
2019-11-08 16:13:42,852 [IPC Server Responder] INFO  ipc.Server (Server.java:run(1319)) - Stopping IPC Server Responder
2019-11-08 16:13:42,853 [main] INFO  server.SCMClientProtocolServer (SCMClientProtocolServer.java:stop(168)) - Stopping the RPC server for Client Protocol
2019-11-08 16:13:42,853 [main] INFO  ipc.Server (Server.java:stop(3082)) - Stopping server on 41440
2019-11-08 16:13:42,855 [IPC Server listener on 41440] INFO  ipc.Server (Server.java:run(1185)) - Stopping IPC Server listener on 41440
2019-11-08 16:13:42,855 [main] INFO  server.StorageContainerManager (StorageContainerManager.java:stop(838)) - Stopping Storage Container Manager HTTP server.
2019-11-08 16:13:42,855 [IPC Server Responder] INFO  ipc.Server (Server.java:run(1319)) - Stopping IPC Server Responder
2019-11-08 16:13:42,857 [main] INFO  handler.ContextHandler (ContextHandler.java:doStop(910)) - Stopped o.e.j.w.WebAppContext@5cd96b41{/,null,UNAVAILABLE}{/scm}
2019-11-08 16:13:42,857 [main] INFO  server.AbstractConnector (AbstractConnector.java:doStop(318)) - Stopped ServerConnector@7e1ffe70{HTTP/1.1,[http/1.1]}{0.0.0.0:0}
2019-11-08 16:13:42,858 [main] INFO  handler.ContextHandler (ContextHandler.java:doStop(910)) - Stopped o.e.j.s.ServletContextHandler@47272cd3{/static,file:///workdir/hadoop-ozone/integration-test/target/test-classes/webapps/static,UNAVAILABLE}
2019-11-08 16:13:42,858 [main] INFO  handler.ContextHandler (ContextHandler.java:doStop(910)) - Stopped o.e.j.s.ServletContextHandler@180b3819{/logs,file:///workdir/hadoop-ozone/integration-test/target/log,UNAVAILABLE}
2019-11-08 16:13:42,859 [main] INFO  server.StorageContainerManager (StorageContainerManager.java:stop(849)) - Stopping Block Manager Service.
2019-11-08 16:13:42,859 [main] INFO  utils.BackgroundService (BackgroundService.java:shutdown(151)) - Shutting down service SCMBlockDeletingService
2019-11-08 16:13:42,860 [main] INFO  utils.BackgroundService (BackgroundService.java:shutdown(151)) - Shutting down service SCMBlockDeletingService
2019-11-08 16:13:42,860 [main] INFO  server.StorageContainerManager (StorageContainerManager.java:stop(871)) - Stopping SCM Event Queue.
2019-11-08 16:13:42,865 [main] INFO  impl.MetricsSystemImpl (MetricsSystemImpl.java:stop(210)) - Stopping HddsDatanode metrics system...
2019-11-08 16:13:42,873 [main] INFO  impl.MetricsSystemImpl (MetricsSystemImpl.java:stop(216)) - HddsDatanode metrics system stopped.
]]></system-out>
    <system-err><![CDATA[Nov 08, 2019 4:12:49 PM org.apache.ratis.thirdparty.io.grpc.internal.ManagedChannelOrphanWrapper$ManagedChannelReference cleanQueue
SEVERE: *~*~*~ Channel ManagedChannelImpl{logId=702, target=192.168.69.121:46162} was not shutdown properly!!! ~*~*~*
    Make sure to call shutdown()/shutdownNow() and wait until awaitTermination() returns true.
java.lang.RuntimeException: ManagedChannel allocation site
	at org.apache.ratis.thirdparty.io.grpc.internal.ManagedChannelOrphanWrapper$ManagedChannelReference.<init>(ManagedChannelOrphanWrapper.java:103)
	at org.apache.ratis.thirdparty.io.grpc.internal.ManagedChannelOrphanWrapper.<init>(ManagedChannelOrphanWrapper.java:53)
	at org.apache.ratis.thirdparty.io.grpc.internal.ManagedChannelOrphanWrapper.<init>(ManagedChannelOrphanWrapper.java:44)
	at org.apache.ratis.thirdparty.io.grpc.internal.AbstractManagedChannelImplBuilder.build(AbstractManagedChannelImplBuilder.java:411)
	at org.apache.hadoop.hdds.scm.XceiverClientGrpc.connectToDatanode(XceiverClientGrpc.java:189)
	at org.apache.hadoop.hdds.scm.XceiverClientGrpc.reconnect(XceiverClientGrpc.java:468)
	at org.apache.hadoop.hdds.scm.XceiverClientGrpc.checkOpen(XceiverClientGrpc.java:459)
	at org.apache.hadoop.hdds.scm.XceiverClientGrpc.sendCommandAsync(XceiverClientGrpc.java:401)
	at org.apache.hadoop.hdds.scm.XceiverClientGrpc.sendCommandWithRetry(XceiverClientGrpc.java:320)
	at org.apache.hadoop.hdds.scm.XceiverClientGrpc.sendCommandWithTraceIDAndRetry(XceiverClientGrpc.java:265)
	at org.apache.hadoop.hdds.scm.XceiverClientGrpc.sendCommand(XceiverClientGrpc.java:248)
	at org.apache.hadoop.hdds.scm.storage.ContainerProtocolCalls.getBlock(ContainerProtocolCalls.java:118)
	at org.apache.hadoop.hdds.scm.storage.BlockInputStream.getChunkInfos(BlockInputStream.java:169)
	at org.apache.hadoop.hdds.scm.storage.BlockInputStream.initialize(BlockInputStream.java:118)
	at org.apache.hadoop.hdds.scm.storage.BlockInputStream.read(BlockInputStream.java:224)
	at org.apache.hadoop.ozone.client.io.KeyInputStream.read(KeyInputStream.java:173)
	at org.apache.hadoop.ozone.client.io.OzoneInputStream.read(OzoneInputStream.java:47)
	at java.io.InputStream.read(InputStream.java:101)
	at org.apache.hadoop.ozone.container.ContainerTestHelper.validateData(ContainerTestHelper.java:754)
	at org.apache.hadoop.ozone.client.rpc.TestFailureHandlingByClient.validateData(TestFailureHandlingByClient.java:413)
	at org.apache.hadoop.ozone.client.rpc.TestFailureHandlingByClient.testContainerExclusionWithClosedContainerException(TestFailureHandlingByClient.java:277)
	at sun.reflect.NativeMethodAccessorImpl.invoke0(Native Method)
	at sun.reflect.NativeMethodAccessorImpl.invoke(NativeMethodAccessorImpl.java:62)
	at sun.reflect.DelegatingMethodAccessorImpl.invoke(DelegatingMethodAccessorImpl.java:43)
	at java.lang.reflect.Method.invoke(Method.java:498)
	at org.junit.runners.model.FrameworkMethod$1.runReflectiveCall(FrameworkMethod.java:47)
	at org.junit.internal.runners.model.ReflectiveCallable.run(ReflectiveCallable.java:12)
	at org.junit.runners.model.FrameworkMethod.invokeExplosively(FrameworkMethod.java:44)
	at org.junit.internal.runners.statements.InvokeMethod.evaluate(InvokeMethod.java:17)
	at org.junit.internal.runners.statements.RunAfters.evaluate(RunAfters.java:27)
	at org.junit.runners.ParentRunner.runLeaf(ParentRunner.java:271)
	at org.junit.runners.BlockJUnit4ClassRunner.runChild(BlockJUnit4ClassRunner.java:70)
	at org.junit.runners.BlockJUnit4ClassRunner.runChild(BlockJUnit4ClassRunner.java:50)
	at org.junit.runners.ParentRunner$3.run(ParentRunner.java:238)
	at org.junit.runners.ParentRunner$1.schedule(ParentRunner.java:63)
	at org.junit.runners.ParentRunner.runChildren(ParentRunner.java:236)
	at org.junit.runners.ParentRunner.access$000(ParentRunner.java:53)
	at org.junit.runners.ParentRunner$2.evaluate(ParentRunner.java:229)
	at org.junit.runners.ParentRunner.run(ParentRunner.java:309)
	at org.apache.maven.surefire.junit4.JUnit4Provider.execute(JUnit4Provider.java:365)
	at org.apache.maven.surefire.junit4.JUnit4Provider.executeWithRerun(JUnit4Provider.java:273)
	at org.apache.maven.surefire.junit4.JUnit4Provider.executeTestSet(JUnit4Provider.java:238)
	at org.apache.maven.surefire.junit4.JUnit4Provider.invoke(JUnit4Provider.java:159)
	at org.apache.maven.surefire.booter.ForkedBooter.invokeProviderInSameClassLoader(ForkedBooter.java:384)
	at org.apache.maven.surefire.booter.ForkedBooter.runSuitesInProcess(ForkedBooter.java:345)
	at org.apache.maven.surefire.booter.ForkedBooter.execute(ForkedBooter.java:126)
	at org.apache.maven.surefire.booter.ForkedBooter.main(ForkedBooter.java:418)

Nov 08, 2019 4:12:49 PM org.apache.ratis.thirdparty.io.grpc.internal.ManagedChannelOrphanWrapper$ManagedChannelReference cleanQueue
SEVERE: *~*~*~ Channel ManagedChannelImpl{logId=707, target=192.168.69.121:44041} was not shutdown properly!!! ~*~*~*
    Make sure to call shutdown()/shutdownNow() and wait until awaitTermination() returns true.
java.lang.RuntimeException: ManagedChannel allocation site
	at org.apache.ratis.thirdparty.io.grpc.internal.ManagedChannelOrphanWrapper$ManagedChannelReference.<init>(ManagedChannelOrphanWrapper.java:103)
	at org.apache.ratis.thirdparty.io.grpc.internal.ManagedChannelOrphanWrapper.<init>(ManagedChannelOrphanWrapper.java:53)
	at org.apache.ratis.thirdparty.io.grpc.internal.ManagedChannelOrphanWrapper.<init>(ManagedChannelOrphanWrapper.java:44)
	at org.apache.ratis.thirdparty.io.grpc.internal.AbstractManagedChannelImplBuilder.build(AbstractManagedChannelImplBuilder.java:411)
	at org.apache.hadoop.hdds.scm.XceiverClientGrpc.connectToDatanode(XceiverClientGrpc.java:189)
	at org.apache.hadoop.hdds.scm.XceiverClientGrpc.connect(XceiverClientGrpc.java:138)
	at org.apache.hadoop.hdds.scm.XceiverClientManager$2.call(XceiverClientManager.java:242)
	at org.apache.hadoop.hdds.scm.XceiverClientManager$2.call(XceiverClientManager.java:226)
	at com.google.common.cache.LocalCache$LocalManualCache$1.load(LocalCache.java:4767)
	at com.google.common.cache.LocalCache$LoadingValueReference.loadFuture(LocalCache.java:3568)
	at com.google.common.cache.LocalCache$Segment.loadSync(LocalCache.java:2350)
	at com.google.common.cache.LocalCache$Segment.lockedGetOrLoad(LocalCache.java:2313)
	at com.google.common.cache.LocalCache$Segment.get(LocalCache.java:2228)
	at com.google.common.cache.LocalCache.get(LocalCache.java:3965)
	at com.google.common.cache.LocalCache$LocalManualCache.get(LocalCache.java:4764)
	at org.apache.hadoop.hdds.scm.XceiverClientManager.getClient(XceiverClientManager.java:226)
	at org.apache.hadoop.hdds.scm.XceiverClientManager.acquireClient(XceiverClientManager.java:172)
	at org.apache.hadoop.hdds.scm.XceiverClientManager.acquireClientForReadData(XceiverClientManager.java:162)
	at org.apache.hadoop.hdds.scm.storage.BlockInputStream.getChunkInfos(BlockInputStream.java:154)
	at org.apache.hadoop.hdds.scm.storage.BlockInputStream.initialize(BlockInputStream.java:118)
	at org.apache.hadoop.hdds.scm.storage.BlockInputStream.read(BlockInputStream.java:224)
	at org.apache.hadoop.ozone.client.io.KeyInputStream.read(KeyInputStream.java:173)
	at org.apache.hadoop.ozone.client.io.OzoneInputStream.read(OzoneInputStream.java:47)
	at java.io.InputStream.read(InputStream.java:101)
	at org.apache.hadoop.ozone.container.ContainerTestHelper.validateData(ContainerTestHelper.java:754)
	at org.apache.hadoop.ozone.client.rpc.TestFailureHandlingByClient.validateData(TestFailureHandlingByClient.java:413)
	at org.apache.hadoop.ozone.client.rpc.TestFailureHandlingByClient.testContainerExclusionWithClosedContainerException(TestFailureHandlingByClient.java:277)
	at sun.reflect.NativeMethodAccessorImpl.invoke0(Native Method)
	at sun.reflect.NativeMethodAccessorImpl.invoke(NativeMethodAccessorImpl.java:62)
	at sun.reflect.DelegatingMethodAccessorImpl.invoke(DelegatingMethodAccessorImpl.java:43)
	at java.lang.reflect.Method.invoke(Method.java:498)
	at org.junit.runners.model.FrameworkMethod$1.runReflectiveCall(FrameworkMethod.java:47)
	at org.junit.internal.runners.model.ReflectiveCallable.run(ReflectiveCallable.java:12)
	at org.junit.runners.model.FrameworkMethod.invokeExplosively(FrameworkMethod.java:44)
	at org.junit.internal.runners.statements.InvokeMethod.evaluate(InvokeMethod.java:17)
	at org.junit.internal.runners.statements.RunAfters.evaluate(RunAfters.java:27)
	at org.junit.runners.ParentRunner.runLeaf(ParentRunner.java:271)
	at org.junit.runners.BlockJUnit4ClassRunner.runChild(BlockJUnit4ClassRunner.java:70)
	at org.junit.runners.BlockJUnit4ClassRunner.runChild(BlockJUnit4ClassRunner.java:50)
	at org.junit.runners.ParentRunner$3.run(ParentRunner.java:238)
	at org.junit.runners.ParentRunner$1.schedule(ParentRunner.java:63)
	at org.junit.runners.ParentRunner.runChildren(ParentRunner.java:236)
	at org.junit.runners.ParentRunner.access$000(ParentRunner.java:53)
	at org.junit.runners.ParentRunner$2.evaluate(ParentRunner.java:229)
	at org.junit.runners.ParentRunner.run(ParentRunner.java:309)
	at org.apache.maven.surefire.junit4.JUnit4Provider.execute(JUnit4Provider.java:365)
	at org.apache.maven.surefire.junit4.JUnit4Provider.executeWithRerun(JUnit4Provider.java:273)
	at org.apache.maven.surefire.junit4.JUnit4Provider.executeTestSet(JUnit4Provider.java:238)
	at org.apache.maven.surefire.junit4.JUnit4Provider.invoke(JUnit4Provider.java:159)
	at org.apache.maven.surefire.booter.ForkedBooter.invokeProviderInSameClassLoader(ForkedBooter.java:384)
	at org.apache.maven.surefire.booter.ForkedBooter.runSuitesInProcess(ForkedBooter.java:345)
	at org.apache.maven.surefire.booter.ForkedBooter.execute(ForkedBooter.java:126)
	at org.apache.maven.surefire.booter.ForkedBooter.main(ForkedBooter.java:418)

Nov 08, 2019 4:12:49 PM org.apache.ratis.thirdparty.io.grpc.internal.ManagedChannelOrphanWrapper$ManagedChannelReference cleanQueue
SEVERE: *~*~*~ Channel ManagedChannelImpl{logId=680, target=192.168.69.121:36484} was not shutdown properly!!! ~*~*~*
    Make sure to call shutdown()/shutdownNow() and wait until awaitTermination() returns true.
java.lang.RuntimeException: ManagedChannel allocation site
	at org.apache.ratis.thirdparty.io.grpc.internal.ManagedChannelOrphanWrapper$ManagedChannelReference.<init>(ManagedChannelOrphanWrapper.java:103)
	at org.apache.ratis.thirdparty.io.grpc.internal.ManagedChannelOrphanWrapper.<init>(ManagedChannelOrphanWrapper.java:53)
	at org.apache.ratis.thirdparty.io.grpc.internal.ManagedChannelOrphanWrapper.<init>(ManagedChannelOrphanWrapper.java:44)
	at org.apache.ratis.thirdparty.io.grpc.internal.AbstractManagedChannelImplBuilder.build(AbstractManagedChannelImplBuilder.java:411)
	at org.apache.ratis.grpc.client.GrpcClientProtocolClient.<init>(GrpcClientProtocolClient.java:128)
	at org.apache.ratis.grpc.client.GrpcClientRpc.lambda$new$0(GrpcClientRpc.java:55)
	at org.apache.ratis.util.PeerProxyMap$PeerAndProxy.lambda$getProxy$0(PeerProxyMap.java:62)
	at org.apache.ratis.util.LifeCycle.startAndTransition(LifeCycle.java:202)
	at org.apache.ratis.util.PeerProxyMap$PeerAndProxy.getProxy(PeerProxyMap.java:61)
	at org.apache.ratis.util.PeerProxyMap.getProxy(PeerProxyMap.java:109)
	at org.apache.ratis.grpc.client.GrpcClientRpc.sendRequestAsync(GrpcClientRpc.java:66)
	at org.apache.ratis.client.impl.OrderedAsync.sendRequest(OrderedAsync.java:233)
	at org.apache.ratis.client.impl.OrderedAsync.sendRequestWithRetry(OrderedAsync.java:188)
	at org.apache.ratis.util.SlidingWindow$Client.sendOrDelayRequest(SlidingWindow.java:278)
	at org.apache.ratis.util.SlidingWindow$Client.retry(SlidingWindow.java:294)
	at org.apache.ratis.client.impl.OrderedAsync.lambda$scheduleWithTimeout$7(OrderedAsync.java:220)
	at org.apache.ratis.util.TimeoutScheduler.lambda$onTimeout$0(TimeoutScheduler.java:141)
	at org.apache.ratis.util.TimeoutScheduler.lambda$onTimeout$1(TimeoutScheduler.java:155)
	at org.apache.ratis.util.LogUtils.runAndLog(LogUtils.java:50)
	at org.apache.ratis.util.LogUtils$1.run(LogUtils.java:91)
	at java.util.concurrent.Executors$RunnableAdapter.call(Executors.java:511)
	at java.util.concurrent.FutureTask.run(FutureTask.java:266)
	at java.util.concurrent.ScheduledThreadPoolExecutor$ScheduledFutureTask.access$201(ScheduledThreadPoolExecutor.java:180)
	at java.util.concurrent.ScheduledThreadPoolExecutor$ScheduledFutureTask.run(ScheduledThreadPoolExecutor.java:293)
	at java.util.concurrent.ThreadPoolExecutor.runWorker(ThreadPoolExecutor.java:1149)
	at java.util.concurrent.ThreadPoolExecutor$Worker.run(ThreadPoolExecutor.java:624)
	at java.lang.Thread.run(Thread.java:748)

Nov 08, 2019 4:12:49 PM org.apache.ratis.thirdparty.io.grpc.internal.ManagedChannelOrphanWrapper$ManagedChannelReference cleanQueue
SEVERE: *~*~*~ Channel ManagedChannelImpl{logId=700, target=192.168.69.121:36926} was not shutdown properly!!! ~*~*~*
    Make sure to call shutdown()/shutdownNow() and wait until awaitTermination() returns true.
java.lang.RuntimeException: ManagedChannel allocation site
	at org.apache.ratis.thirdparty.io.grpc.internal.ManagedChannelOrphanWrapper$ManagedChannelReference.<init>(ManagedChannelOrphanWrapper.java:103)
	at org.apache.ratis.thirdparty.io.grpc.internal.ManagedChannelOrphanWrapper.<init>(ManagedChannelOrphanWrapper.java:53)
	at org.apache.ratis.thirdparty.io.grpc.internal.ManagedChannelOrphanWrapper.<init>(ManagedChannelOrphanWrapper.java:44)
	at org.apache.ratis.thirdparty.io.grpc.internal.AbstractManagedChannelImplBuilder.build(AbstractManagedChannelImplBuilder.java:411)
	at org.apache.hadoop.hdds.scm.XceiverClientGrpc.connectToDatanode(XceiverClientGrpc.java:189)
	at org.apache.hadoop.hdds.scm.XceiverClientGrpc.connect(XceiverClientGrpc.java:138)
	at org.apache.hadoop.hdds.scm.XceiverClientManager$2.call(XceiverClientManager.java:242)
	at org.apache.hadoop.hdds.scm.XceiverClientManager$2.call(XceiverClientManager.java:226)
	at com.google.common.cache.LocalCache$LocalManualCache$1.load(LocalCache.java:4767)
	at com.google.common.cache.LocalCache$LoadingValueReference.loadFuture(LocalCache.java:3568)
	at com.google.common.cache.LocalCache$Segment.loadSync(LocalCache.java:2350)
	at com.google.common.cache.LocalCache$Segment.lockedGetOrLoad(LocalCache.java:2313)
	at com.google.common.cache.LocalCache$Segment.get(LocalCache.java:2228)
	at com.google.common.cache.LocalCache.get(LocalCache.java:3965)
	at com.google.common.cache.LocalCache$LocalManualCache.get(LocalCache.java:4764)
	at org.apache.hadoop.hdds.scm.XceiverClientManager.getClient(XceiverClientManager.java:226)
	at org.apache.hadoop.hdds.scm.XceiverClientManager.acquireClient(XceiverClientManager.java:172)
	at org.apache.hadoop.hdds.scm.XceiverClientManager.acquireClientForReadData(XceiverClientManager.java:162)
	at org.apache.hadoop.hdds.scm.storage.BlockInputStream.getChunkInfos(BlockInputStream.java:154)
	at org.apache.hadoop.hdds.scm.storage.BlockInputStream.initialize(BlockInputStream.java:118)
	at org.apache.hadoop.hdds.scm.storage.BlockInputStream.read(BlockInputStream.java:224)
	at org.apache.hadoop.ozone.client.io.KeyInputStream.read(KeyInputStream.java:173)
	at org.apache.hadoop.ozone.client.io.OzoneInputStream.read(OzoneInputStream.java:47)
	at java.io.InputStream.read(InputStream.java:101)
	at org.apache.hadoop.ozone.container.ContainerTestHelper.validateData(ContainerTestHelper.java:754)
	at org.apache.hadoop.ozone.client.rpc.TestFailureHandlingByClient.validateData(TestFailureHandlingByClient.java:413)
	at org.apache.hadoop.ozone.client.rpc.TestFailureHandlingByClient.testContainerExclusionWithClosedContainerException(TestFailureHandlingByClient.java:277)
	at sun.reflect.NativeMethodAccessorImpl.invoke0(Native Method)
	at sun.reflect.NativeMethodAccessorImpl.invoke(NativeMethodAccessorImpl.java:62)
	at sun.reflect.DelegatingMethodAccessorImpl.invoke(DelegatingMethodAccessorImpl.java:43)
	at java.lang.reflect.Method.invoke(Method.java:498)
	at org.junit.runners.model.FrameworkMethod$1.runReflectiveCall(FrameworkMethod.java:47)
	at org.junit.internal.runners.model.ReflectiveCallable.run(ReflectiveCallable.java:12)
	at org.junit.runners.model.FrameworkMethod.invokeExplosively(FrameworkMethod.java:44)
	at org.junit.internal.runners.statements.InvokeMethod.evaluate(InvokeMethod.java:17)
	at org.junit.internal.runners.statements.RunAfters.evaluate(RunAfters.java:27)
	at org.junit.runners.ParentRunner.runLeaf(ParentRunner.java:271)
	at org.junit.runners.BlockJUnit4ClassRunner.runChild(BlockJUnit4ClassRunner.java:70)
	at org.junit.runners.BlockJUnit4ClassRunner.runChild(BlockJUnit4ClassRunner.java:50)
	at org.junit.runners.ParentRunner$3.run(ParentRunner.java:238)
	at org.junit.runners.ParentRunner$1.schedule(ParentRunner.java:63)
	at org.junit.runners.ParentRunner.runChildren(ParentRunner.java:236)
	at org.junit.runners.ParentRunner.access$000(ParentRunner.java:53)
	at org.junit.runners.ParentRunner$2.evaluate(ParentRunner.java:229)
	at org.junit.runners.ParentRunner.run(ParentRunner.java:309)
	at org.apache.maven.surefire.junit4.JUnit4Provider.execute(JUnit4Provider.java:365)
	at org.apache.maven.surefire.junit4.JUnit4Provider.executeWithRerun(JUnit4Provider.java:273)
	at org.apache.maven.surefire.junit4.JUnit4Provider.executeTestSet(JUnit4Provider.java:238)
	at org.apache.maven.surefire.junit4.JUnit4Provider.invoke(JUnit4Provider.java:159)
	at org.apache.maven.surefire.booter.ForkedBooter.invokeProviderInSameClassLoader(ForkedBooter.java:384)
	at org.apache.maven.surefire.booter.ForkedBooter.runSuitesInProcess(ForkedBooter.java:345)
	at org.apache.maven.surefire.booter.ForkedBooter.execute(ForkedBooter.java:126)
	at org.apache.maven.surefire.booter.ForkedBooter.main(ForkedBooter.java:418)

Nov 08, 2019 4:12:49 PM org.apache.ratis.thirdparty.io.grpc.internal.ManagedChannelOrphanWrapper$ManagedChannelReference cleanQueue
SEVERE: *~*~*~ Channel ManagedChannelImpl{logId=695, target=192.168.69.121:44905} was not shutdown properly!!! ~*~*~*
    Make sure to call shutdown()/shutdownNow() and wait until awaitTermination() returns true.
java.lang.RuntimeException: ManagedChannel allocation site
	at org.apache.ratis.thirdparty.io.grpc.internal.ManagedChannelOrphanWrapper$ManagedChannelReference.<init>(ManagedChannelOrphanWrapper.java:103)
	at org.apache.ratis.thirdparty.io.grpc.internal.ManagedChannelOrphanWrapper.<init>(ManagedChannelOrphanWrapper.java:53)
	at org.apache.ratis.thirdparty.io.grpc.internal.ManagedChannelOrphanWrapper.<init>(ManagedChannelOrphanWrapper.java:44)
	at org.apache.ratis.thirdparty.io.grpc.internal.AbstractManagedChannelImplBuilder.build(AbstractManagedChannelImplBuilder.java:411)
	at org.apache.ratis.grpc.client.GrpcClientProtocolClient.<init>(GrpcClientProtocolClient.java:128)
	at org.apache.ratis.grpc.client.GrpcClientRpc.lambda$new$0(GrpcClientRpc.java:55)
	at org.apache.ratis.util.PeerProxyMap$PeerAndProxy.lambda$getProxy$0(PeerProxyMap.java:62)
	at org.apache.ratis.util.LifeCycle.startAndTransition(LifeCycle.java:202)
	at org.apache.ratis.util.PeerProxyMap$PeerAndProxy.getProxy(PeerProxyMap.java:61)
	at org.apache.ratis.util.PeerProxyMap.getProxy(PeerProxyMap.java:109)
	at org.apache.ratis.grpc.client.GrpcClientRpc.sendRequestAsync(GrpcClientRpc.java:66)
	at org.apache.ratis.client.impl.OrderedAsync.sendRequest(OrderedAsync.java:233)
	at org.apache.ratis.client.impl.OrderedAsync.sendRequestWithRetry(OrderedAsync.java:188)
	at org.apache.ratis.util.SlidingWindow$Client.sendOrDelayRequest(SlidingWindow.java:278)
	at org.apache.ratis.util.SlidingWindow$Client.submitNewRequest(SlidingWindow.java:257)
	at org.apache.ratis.client.impl.OrderedAsync.send(OrderedAsync.java:169)
	at org.apache.ratis.client.impl.OrderedAsync.newInstance(OrderedAsync.java:118)
	at org.apache.ratis.client.impl.RaftClientImpl.lambda$new$0(RaftClientImpl.java:102)
	at org.apache.ratis.util.MemoizedSupplier.get(MemoizedSupplier.java:62)
	at org.apache.ratis.client.impl.RaftClientImpl.getOrderedAsync(RaftClientImpl.java:119)
	at org.apache.ratis.client.impl.RaftClientImpl.sendAsync(RaftClientImpl.java:144)
	at org.apache.ratis.client.impl.RaftClientImpl.sendAsync(RaftClientImpl.java:124)
	at org.apache.hadoop.hdds.scm.XceiverClientRatis.sendRequestAsync(XceiverClientRatis.java:236)
	at org.apache.hadoop.hdds.scm.XceiverClientRatis.sendCommandAsync(XceiverClientRatis.java:317)
	at org.apache.hadoop.hdds.scm.storage.ContainerProtocolCalls.writeChunkAsync(ContainerProtocolCalls.java:310)
	at org.apache.hadoop.hdds.scm.storage.BlockOutputStream.writeChunkToContainer(BlockOutputStream.java:597)
	at org.apache.hadoop.hdds.scm.storage.BlockOutputStream.writeChunk(BlockOutputStream.java:454)
	at org.apache.hadoop.hdds.scm.storage.BlockOutputStream.writeOnRetry(BlockOutputStream.java:284)
	at org.apache.hadoop.ozone.client.io.BlockOutputStreamEntry.writeOnRetry(BlockOutputStreamEntry.java:200)
	at org.apache.hadoop.ozone.client.io.KeyOutputStream.handleWrite(KeyOutputStream.java:206)
	at org.apache.hadoop.ozone.client.io.KeyOutputStream.handleRetry(KeyOutputStream.java:375)
	at org.apache.hadoop.ozone.client.io.KeyOutputStream.handleException(KeyOutputStream.java:324)
	at org.apache.hadoop.ozone.client.io.KeyOutputStream.handleFlushOrClose(KeyOutputStream.java:449)
	at org.apache.hadoop.ozone.client.io.KeyOutputStream.flush(KeyOutputStream.java:397)
	at org.apache.hadoop.ozone.client.io.OzoneOutputStream.flush(OzoneOutputStream.java:54)
	at org.apache.hadoop.ozone.client.rpc.TestFailureHandlingByClient.testContainerExclusionWithClosedContainerException(TestFailureHandlingByClient.java:254)
	at sun.reflect.NativeMethodAccessorImpl.invoke0(Native Method)
	at sun.reflect.NativeMethodAccessorImpl.invoke(NativeMethodAccessorImpl.java:62)
	at sun.reflect.DelegatingMethodAccessorImpl.invoke(DelegatingMethodAccessorImpl.java:43)
	at java.lang.reflect.Method.invoke(Method.java:498)
	at org.junit.runners.model.FrameworkMethod$1.runReflectiveCall(FrameworkMethod.java:47)
	at org.junit.internal.runners.model.ReflectiveCallable.run(ReflectiveCallable.java:12)
	at org.junit.runners.model.FrameworkMethod.invokeExplosively(FrameworkMethod.java:44)
	at org.junit.internal.runners.statements.InvokeMethod.evaluate(InvokeMethod.java:17)
	at org.junit.internal.runners.statements.RunAfters.evaluate(RunAfters.java:27)
	at org.junit.runners.ParentRunner.runLeaf(ParentRunner.java:271)
	at org.junit.runners.BlockJUnit4ClassRunner.runChild(BlockJUnit4ClassRunner.java:70)
	at org.junit.runners.BlockJUnit4ClassRunner.runChild(BlockJUnit4ClassRunner.java:50)
	at org.junit.runners.ParentRunner$3.run(ParentRunner.java:238)
	at org.junit.runners.ParentRunner$1.schedule(ParentRunner.java:63)
	at org.junit.runners.ParentRunner.runChildren(ParentRunner.java:236)
	at org.junit.runners.ParentRunner.access$000(ParentRunner.java:53)
	at org.junit.runners.ParentRunner$2.evaluate(ParentRunner.java:229)
	at org.junit.runners.ParentRunner.run(ParentRunner.java:309)
	at org.apache.maven.surefire.junit4.JUnit4Provider.execute(JUnit4Provider.java:365)
	at org.apache.maven.surefire.junit4.JUnit4Provider.executeWithRerun(JUnit4Provider.java:273)
	at org.apache.maven.surefire.junit4.JUnit4Provider.executeTestSet(JUnit4Provider.java:238)
	at org.apache.maven.surefire.junit4.JUnit4Provider.invoke(JUnit4Provider.java:159)
	at org.apache.maven.surefire.booter.ForkedBooter.invokeProviderInSameClassLoader(ForkedBooter.java:384)
	at org.apache.maven.surefire.booter.ForkedBooter.runSuitesInProcess(ForkedBooter.java:345)
	at org.apache.maven.surefire.booter.ForkedBooter.execute(ForkedBooter.java:126)
	at org.apache.maven.surefire.booter.ForkedBooter.main(ForkedBooter.java:418)

]]></system-err>
  </testcase>
  <testcase name="testBlockWritesWithDnFailures" classname="org.apache.hadoop.ozone.client.rpc.TestFailureHandlingByClient" time="136.677"/>
  <testcase name="testDatanodeExclusionWithMajorityCommit" classname="org.apache.hadoop.ozone.client.rpc.TestFailureHandlingByClient" time="69.678"/>
</testsuite>