<?xml version="1.0" encoding="UTF-8"?>
<testsuite xmlns:xsi="http://www.w3.org/2001/XMLSchema-instance" xsi:noNamespaceSchemaLocation="https://maven.apache.org/surefire/maven-surefire-plugin/xsd/surefire-test-report.xsd" name="org.apache.hadoop.ozone.client.rpc.TestDeleteWithSlowFollower" time="125.758" tests="1" errors="1" skipped="0" failures="0">
  <properties>
    <property name="awt.toolkit" value="sun.awt.X11.XToolkit"/>
    <property name="file.encoding.pkg" value="sun.io"/>
    <property name="java.specification.version" value="1.8"/>
    <property name="sun.cpu.isalist" value=""/>
    <property name="sun.jnu.encoding" value="ANSI_X3.4-1968"/>
    <property name="java.class.path" value="/workdir/hadoop-ozone/integration-test/target/test-classes:/workdir/hadoop-ozone/integration-test/target/classes:/home/user/.m2/repository/org/apache/hadoop/hadoop-ozone-common/0.5.0-SNAPSHOT/hadoop-ozone-common-0.5.0-SNAPSHOT.jar:/home/user/.m2/repository/org/apache/commons/commons-compress/1.4.1/commons-compress-1.4.1.jar:/home/user/.m2/repository/org/tukaani/xz/1.0/xz-1.0.jar:/home/user/.m2/repository/org/apache/hadoop/hadoop-common/3.2.0/hadoop-common-3.2.0.jar:/home/user/.m2/repository/org/apache/hadoop/hadoop-hdfs/3.2.0/hadoop-hdfs-3.2.0.jar:/home/user/.m2/repository/org/apache/hadoop/hadoop-hdfs-client/3.2.0/hadoop-hdfs-client-3.2.0.jar:/home/user/.m2/repository/com/fasterxml/jackson/core/jackson-annotations/2.9.9/jackson-annotations-2.9.9.jar:/home/user/.m2/repository/org/apache/hadoop/hadoop-hdds-common/0.5.0-SNAPSHOT/hadoop-hdds-common-0.5.0-SNAPSHOT.jar:/home/user/.m2/repository/javax/annotation/javax.annotation-api/1.2/javax.annotation-api-1.2.jar:/home/user/.m2/repository/org/apache/ratis/ratis-server/0.5.0-d6d58d0-SNAPSHOT/ratis-server-0.5.0-d6d58d0-SNAPSHOT.jar:/home/user/.m2/repository/org/apache/ratis/ratis-thirdparty-misc/0.2.0/ratis-thirdparty-misc-0.2.0.jar:/home/user/.m2/repository/org/apache/ratis/ratis-proto/0.5.0-d6d58d0-SNAPSHOT/ratis-proto-0.5.0-d6d58d0-SNAPSHOT.jar:/home/user/.m2/repository/org/apache/ratis/ratis-common/0.5.0-d6d58d0-SNAPSHOT/ratis-common-0.5.0-d6d58d0-SNAPSHOT.jar:/home/user/.m2/repository/org/apache/ratis/ratis-client/0.5.0-d6d58d0-SNAPSHOT/ratis-client-0.5.0-d6d58d0-SNAPSHOT.jar:/home/user/.m2/repository/org/apache/ratis/ratis-metrics/0.5.0-d6d58d0-SNAPSHOT/ratis-metrics-0.5.0-d6d58d0-SNAPSHOT.jar:/home/user/.m2/repository/org/apache/ratis/ratis-netty/0.5.0-d6d58d0-SNAPSHOT/ratis-netty-0.5.0-d6d58d0-SNAPSHOT.jar:/home/user/.m2/repository/org/apache/ratis/ratis-grpc/0.5.0-d6d58d0-SNAPSHOT/ratis-grpc-0.5.0-d6d58d0-SNAPSHOT.jar:/home/user/.m2/repository/org/rocksdb/rocksdbjni/6.0.1/rocksdbjni-6.0.1.jar:/home/user/.m2/repository/org/apache/logging/log4j/log4j-api/2.11.0/log4j-api-2.11.0.jar:/home/user/.m2/repository/org/apache/logging/log4j/log4j-core/2.11.0/log4j-core-2.11.0.jar:/home/user/.m2/repository/com/lmax/disruptor/3.4.2/disruptor-3.4.2.jar:/home/user/.m2/repository/org/apache/commons/commons-pool2/2.6.0/commons-pool2-2.6.0.jar:/home/user/.m2/repository/org/bouncycastle/bcpkix-jdk15on/1.60/bcpkix-jdk15on-1.60.jar:/home/user/.m2/repository/commons-validator/commons-validator/1.6/commons-validator-1.6.jar:/home/user/.m2/repository/commons-digester/commons-digester/1.8.1/commons-digester-1.8.1.jar:/home/user/.m2/repository/io/jaegertracing/jaeger-client/0.34.0/jaeger-client-0.34.0.jar:/home/user/.m2/repository/io/jaegertracing/jaeger-thrift/0.34.0/jaeger-thrift-0.34.0.jar:/home/user/.m2/repository/org/apache/thrift/libthrift/0.12.0/libthrift-0.12.0.jar:/home/user/.m2/repository/com/squareup/okhttp3/okhttp/3.9.0/okhttp-3.9.0.jar:/home/user/.m2/repository/com/squareup/okio/okio/1.13.0/okio-1.13.0.jar:/home/user/.m2/repository/io/jaegertracing/jaeger-core/0.34.0/jaeger-core-0.34.0.jar:/home/user/.m2/repository/io/jaegertracing/jaeger-tracerresolver/0.34.0/jaeger-tracerresolver-0.34.0.jar:/home/user/.m2/repository/io/opentracing/contrib/opentracing-tracerresolver/0.1.5/opentracing-tracerresolver-0.1.5.jar:/home/user/.m2/repository/io/opentracing/opentracing-util/0.31.0/opentracing-util-0.31.0.jar:/home/user/.m2/repository/io/opentracing/opentracing-api/0.31.0/opentracing-api-0.31.0.jar:/home/user/.m2/repository/io/opentracing/opentracing-noop/0.31.0/opentracing-noop-0.31.0.jar:/home/user/.m2/repository/org/apache/hadoop/hadoop-hdds-server-framework/0.5.0-SNAPSHOT/hadoop-hdds-server-framework-0.5.0-SNAPSHOT.jar:/home/user/.m2/repository/org/apache/hadoop/hadoop-hdds-container-service/0.5.0-SNAPSHOT/hadoop-hdds-container-service-0.5.0-SNAPSHOT.jar:/home/user/.m2/repository/org/apache/hadoop/hadoop-hdds-client/0.5.0-SNAPSHOT/hadoop-hdds-client-0.5.0-SNAPSHOT.jar:/home/user/.m2/repository/org/apache/hadoop/hadoop-hdds-tools/0.5.0-SNAPSHOT/hadoop-hdds-tools-0.5.0-SNAPSHOT.jar:/home/user/.m2/repository/org/apache/hadoop/hadoop-hdds-server-scm/0.5.0-SNAPSHOT/hadoop-hdds-server-scm-0.5.0-SNAPSHOT.jar:/home/user/.m2/repository/org/apache/hadoop/hadoop-hdds-docs/0.5.0-SNAPSHOT/hadoop-hdds-docs-0.5.0-SNAPSHOT.jar:/home/user/.m2/repository/io/dropwizard/metrics/metrics-core/3.2.4/metrics-core-3.2.4.jar:/home/user/.m2/repository/org/hamcrest/hamcrest-all/1.3/hamcrest-all-1.3.jar:/home/user/.m2/repository/org/bouncycastle/bcprov-jdk15on/1.60/bcprov-jdk15on-1.60.jar:/home/user/.m2/repository/info/picocli/picocli/3.9.6/picocli-3.9.6.jar:/home/user/.m2/repository/com/google/protobuf/protobuf-java/2.5.0/protobuf-java-2.5.0.jar:/home/user/.m2/repository/com/google/guava/guava/11.0.2/guava-11.0.2.jar:/home/user/.m2/repository/org/apache/hadoop/hadoop-ozone-ozone-manager/0.5.0-SNAPSHOT/hadoop-ozone-ozone-manager-0.5.0-SNAPSHOT.jar:/home/user/.m2/repository/org/apache/hadoop/hadoop-minikdc/3.2.0/hadoop-minikdc-3.2.0.jar:/home/user/.m2/repository/commons-io/commons-io/2.5/commons-io-2.5.jar:/home/user/.m2/repository/org/apache/kerby/kerb-simplekdc/1.0.1/kerb-simplekdc-1.0.1.jar:/home/user/.m2/repository/org/apache/kerby/kerb-client/1.0.1/kerb-client-1.0.1.jar:/home/user/.m2/repository/org/apache/kerby/kerby-config/1.0.1/kerby-config-1.0.1.jar:/home/user/.m2/repository/org/apache/kerby/kerb-core/1.0.1/kerb-core-1.0.1.jar:/home/user/.m2/repository/org/apache/kerby/kerby-pkix/1.0.1/kerby-pkix-1.0.1.jar:/home/user/.m2/repository/org/apache/kerby/kerby-asn1/1.0.1/kerby-asn1-1.0.1.jar:/home/user/.m2/repository/org/apache/kerby/kerby-util/1.0.1/kerby-util-1.0.1.jar:/home/user/.m2/repository/org/apache/kerby/kerb-common/1.0.1/kerb-common-1.0.1.jar:/home/user/.m2/repository/org/apache/kerby/kerb-crypto/1.0.1/kerb-crypto-1.0.1.jar:/home/user/.m2/repository/org/apache/kerby/kerb-util/1.0.1/kerb-util-1.0.1.jar:/home/user/.m2/repository/org/apache/kerby/token-provider/1.0.1/token-provider-1.0.1.jar:/home/user/.m2/repository/org/apache/kerby/kerb-admin/1.0.1/kerb-admin-1.0.1.jar:/home/user/.m2/repository/org/apache/kerby/kerb-server/1.0.1/kerb-server-1.0.1.jar:/home/user/.m2/repository/org/apache/kerby/kerb-identity/1.0.1/kerb-identity-1.0.1.jar:/home/user/.m2/repository/org/apache/kerby/kerby-xdr/1.0.1/kerby-xdr-1.0.1.jar:/home/user/.m2/repository/org/slf4j/slf4j-log4j12/1.7.25/slf4j-log4j12-1.7.25.jar:/home/user/.m2/repository/org/apache/hadoop/hadoop-ozone-s3gateway/0.5.0-SNAPSHOT/hadoop-ozone-s3gateway-0.5.0-SNAPSHOT.jar:/home/user/.m2/repository/org/jboss/weld/servlet/weld-servlet/2.4.7.Final/weld-servlet-2.4.7.Final.jar:/home/user/.m2/repository/org/glassfish/jersey/containers/jersey-container-servlet-core/2.27/jersey-container-servlet-core-2.27.jar:/home/user/.m2/repository/org/glassfish/hk2/external/javax.inject/2.5.0-b42/javax.inject-2.5.0-b42.jar:/home/user/.m2/repository/org/glassfish/jersey/core/jersey-common/2.27/jersey-common-2.27.jar:/home/user/.m2/repository/org/glassfish/hk2/osgi-resource-locator/1.0.1/osgi-resource-locator-1.0.1.jar:/home/user/.m2/repository/javax/ws/rs/javax.ws.rs-api/2.1/javax.ws.rs-api-2.1.jar:/home/user/.m2/repository/org/glassfish/jersey/ext/cdi/jersey-cdi1x/2.27/jersey-cdi1x-2.27.jar:/home/user/.m2/repository/org/glassfish/jersey/inject/jersey-hk2/2.27/jersey-hk2-2.27.jar:/home/user/.m2/repository/org/glassfish/hk2/hk2-locator/2.5.0-b42/hk2-locator-2.5.0-b42.jar:/home/user/.m2/repository/org/javassist/javassist/3.22.0-CR2/javassist-3.22.0-CR2.jar:/home/user/.m2/repository/org/glassfish/hk2/hk2-api/2.5.0/hk2-api-2.5.0.jar:/home/user/.m2/repository/org/glassfish/hk2/external/jakarta.inject/2.5.0/jakarta.inject-2.5.0.jar:/home/user/.m2/repository/org/glassfish/hk2/hk2-utils/2.5.0/hk2-utils-2.5.0.jar:/home/user/.m2/repository/jakarta/annotation/jakarta.annotation-api/1.3.4/jakarta.annotation-api-1.3.4.jar:/home/user/.m2/repository/org/glassfish/hk2/external/aopalliance-repackaged/2.5.0/aopalliance-repackaged-2.5.0.jar:/home/user/.m2/repository/com/fasterxml/jackson/dataformat/jackson-dataformat-xml/2.9.0/jackson-dataformat-xml-2.9.0.jar:/home/user/.m2/repository/com/fasterxml/jackson/core/jackson-core/2.9.9/jackson-core-2.9.9.jar:/home/user/.m2/repository/com/fasterxml/jackson/module/jackson-module-jaxb-annotations/2.9.9/jackson-module-jaxb-annotations-2.9.9.jar:/home/user/.m2/repository/javax/enterprise/cdi-api/1.2/cdi-api-1.2.jar:/home/user/.m2/repository/javax/el/javax.el-api/3.0.0/javax.el-api-3.0.0.jar:/home/user/.m2/repository/javax/interceptor/javax.interceptor-api/1.2/javax.interceptor-api-1.2.jar:/home/user/.m2/repository/javax/inject/javax.inject/1/javax.inject-1.jar:/home/user/.m2/repository/com/sun/xml/bind/jaxb-impl/2.3.0.1/jaxb-impl-2.3.0.1.jar:/home/user/.m2/repository/com/sun/xml/bind/jaxb-core/2.3.0.1/jaxb-core-2.3.0.1.jar:/home/user/.m2/repository/javax/xml/bind/jaxb-api/2.3.0/jaxb-api-2.3.0.jar:/home/user/.m2/repository/javax/activation/activation/1.1.1/activation-1.1.1.jar:/home/user/.m2/repository/org/apache/hadoop/hadoop-ozone-csi/0.5.0-SNAPSHOT/hadoop-ozone-csi-0.5.0-SNAPSHOT.jar:/home/user/.m2/repository/com/google/protobuf/protobuf-java-util/3.5.1/protobuf-java-util-3.5.1.jar:/home/user/.m2/repository/org/apache/hadoop/hadoop-hdds-config/0.5.0-SNAPSHOT/hadoop-hdds-config-0.5.0-SNAPSHOT.jar:/home/user/.m2/repository/io/grpc/grpc-netty/1.17.1/grpc-netty-1.17.1.jar:/home/user/.m2/repository/io/grpc/grpc-core/1.17.1/grpc-core-1.17.1.jar:/home/user/.m2/repository/io/grpc/grpc-context/1.17.1/grpc-context-1.17.1.jar:/home/user/.m2/repository/com/google/errorprone/error_prone_annotations/2.2.0/error_prone_annotations-2.2.0.jar:/home/user/.m2/repository/org/codehaus/mojo/animal-sniffer-annotations/1.17/animal-sniffer-annotations-1.17.jar:/home/user/.m2/repository/io/opencensus/opencensus-api/0.17.0/opencensus-api-0.17.0.jar:/home/user/.m2/repository/io/opencensus/opencensus-contrib-grpc-metrics/0.17.0/opencensus-contrib-grpc-metrics-0.17.0.jar:/home/user/.m2/repository/io/netty/netty-codec-http2/4.1.30.Final/netty-codec-http2-4.1.30.Final.jar:/home/user/.m2/repository/io/netty/netty-codec-http/4.1.30.Final/netty-codec-http-4.1.30.Final.jar:/home/user/.m2/repository/io/netty/netty-codec/4.1.30.Final/netty-codec-4.1.30.Final.jar:/home/user/.m2/repository/io/netty/netty-handler/4.1.30.Final/netty-handler-4.1.30.Final.jar:/home/user/.m2/repository/io/netty/netty-handler-proxy/4.1.30.Final/netty-handler-proxy-4.1.30.Final.jar:/home/user/.m2/repository/io/netty/netty-codec-socks/4.1.30.Final/netty-codec-socks-4.1.30.Final.jar:/home/user/.m2/repository/io/netty/netty-transport-native-epoll/4.1.30.Final/netty-transport-native-epoll-4.1.30.Final.jar:/home/user/.m2/repository/io/netty/netty-common/4.1.30.Final/netty-common-4.1.30.Final.jar:/home/user/.m2/repository/io/netty/netty-buffer/4.1.30.Final/netty-buffer-4.1.30.Final.jar:/home/user/.m2/repository/io/netty/netty-transport/4.1.30.Final/netty-transport-4.1.30.Final.jar:/home/user/.m2/repository/io/netty/netty-resolver/4.1.30.Final/netty-resolver-4.1.30.Final.jar:/home/user/.m2/repository/io/netty/netty-transport-native-unix-common/4.1.30.Final/netty-transport-native-unix-common-4.1.30.Final.jar:/home/user/.m2/repository/io/grpc/grpc-protobuf/1.17.1/grpc-protobuf-1.17.1.jar:/home/user/.m2/repository/com/google/api/grpc/proto-google-common-protos/1.0.0/proto-google-common-protos-1.0.0.jar:/home/user/.m2/repository/io/grpc/grpc-protobuf-lite/1.17.1/grpc-protobuf-lite-1.17.1.jar:/home/user/.m2/repository/io/grpc/grpc-stub/1.17.1/grpc-stub-1.17.1.jar:/home/user/.m2/repository/org/apache/hadoop/hadoop-ozone-recon/0.5.0-SNAPSHOT/hadoop-ozone-recon-0.5.0-SNAPSHOT.jar:/home/user/.m2/repository/org/apache/hadoop/hadoop-ozone-reconcodegen/0.5.0-SNAPSHOT/hadoop-ozone-reconcodegen-0.5.0-SNAPSHOT.jar:/home/user/.m2/repository/com/google/inject/extensions/guice-multibindings/4.0/guice-multibindings-4.0.jar:/home/user/.m2/repository/com/google/inject/guice/4.0/guice-4.0.jar:/home/user/.m2/repository/aopalliance/aopalliance/1.0/aopalliance-1.0.jar:/home/user/.m2/repository/com/google/inject/extensions/guice-servlet/4.0/guice-servlet-4.0.jar:/home/user/.m2/repository/org/glassfish/jersey/containers/jersey-container-servlet/2.27/jersey-container-servlet-2.27.jar:/home/user/.m2/repository/org/glassfish/hk2/guice-bridge/2.5.0/guice-bridge-2.5.0.jar:/home/user/.m2/repository/org/glassfish/jersey/core/jersey-server/2.27/jersey-server-2.27.jar:/home/user/.m2/repository/org/glassfish/jersey/core/jersey-client/2.27/jersey-client-2.27.jar:/home/user/.m2/repository/org/glassfish/jersey/media/jersey-media-jaxb/2.27/jersey-media-jaxb-2.27.jar:/home/user/.m2/repository/javax/validation/validation-api/1.1.0.Final/validation-api-1.1.0.Final.jar:/home/user/.m2/repository/org/glassfish/jersey/media/jersey-media-json-jackson/2.27/jersey-media-json-jackson-2.27.jar:/home/user/.m2/repository/org/glassfish/jersey/ext/jersey-entity-filtering/2.27/jersey-entity-filtering-2.27.jar:/home/user/.m2/repository/com/google/inject/extensions/guice-assistedinject/4.0/guice-assistedinject-4.0.jar:/home/user/.m2/repository/org/jooq/jooq/3.11.10/jooq-3.11.10.jar:/home/user/.m2/repository/org/jooq/jooq-meta/3.11.10/jooq-meta-3.11.10.jar:/home/user/.m2/repository/org/jooq/jooq-codegen/3.11.10/jooq-codegen-3.11.10.jar:/home/user/.m2/repository/com/jolbox/bonecp/0.8.0.RELEASE/bonecp-0.8.0.RELEASE.jar:/home/user/.m2/repository/org/xerial/sqlite-jdbc/3.25.2/sqlite-jdbc-3.25.2.jar:/home/user/.m2/repository/org/springframework/spring-jdbc/5.1.3.RELEASE/spring-jdbc-5.1.3.RELEASE.jar:/home/user/.m2/repository/org/springframework/spring-beans/5.1.3.RELEASE/spring-beans-5.1.3.RELEASE.jar:/home/user/.m2/repository/org/springframework/spring-core/5.1.3.RELEASE/spring-core-5.1.3.RELEASE.jar:/home/user/.m2/repository/org/springframework/spring-jcl/5.1.3.RELEASE/spring-jcl-5.1.3.RELEASE.jar:/home/user/.m2/repository/org/springframework/spring-tx/5.1.3.RELEASE/spring-tx-5.1.3.RELEASE.jar:/home/user/.m2/repository/org/apache/hadoop/hadoop-ozone-client/0.5.0-SNAPSHOT/hadoop-ozone-client-0.5.0-SNAPSHOT.jar:/home/user/.m2/repository/commons-lang/commons-lang/2.6/commons-lang-2.6.jar:/home/user/.m2/repository/org/apache/hadoop/hadoop-ozone-ozone-manager/0.5.0-SNAPSHOT/hadoop-ozone-ozone-manager-0.5.0-SNAPSHOT-tests.jar:/home/user/.m2/repository/junit/junit/4.11/junit-4.11.jar:/home/user/.m2/repository/org/hamcrest/hamcrest-core/1.3/hamcrest-core-1.3.jar:/home/user/.m2/repository/org/openjdk/jmh/jmh-core/1.19/jmh-core-1.19.jar:/home/user/.m2/repository/net/sf/jopt-simple/jopt-simple/4.6/jopt-simple-4.6.jar:/home/user/.m2/repository/org/apache/commons/commons-math3/3.1.1/commons-math3-3.1.1.jar:/home/user/.m2/repository/org/openjdk/jmh/jmh-generator-annprocess/1.19/jmh-generator-annprocess-1.19.jar:/home/user/.m2/repository/org/mockito/mockito-all/1.8.5/mockito-all-1.8.5.jar:/home/user/.m2/repository/org/apache/hadoop/hadoop-kms/3.2.0/hadoop-kms-3.2.0.jar:/home/user/.m2/repository/org/apache/hadoop/hadoop-auth/3.2.0/hadoop-auth-3.2.0.jar:/home/user/.m2/repository/com/nimbusds/nimbus-jose-jwt/4.41.1/nimbus-jose-jwt-4.41.1.jar:/home/user/.m2/repository/com/github/stephenc/jcip/jcip-annotations/1.0-1/jcip-annotations-1.0-1.jar:/home/user/.m2/repository/net/minidev/json-smart/2.3/json-smart-2.3.jar:/home/user/.m2/repository/net/minidev/accessors-smart/1.2/accessors-smart-1.2.jar:/home/user/.m2/repository/org/ow2/asm/asm/5.0.4/asm-5.0.4.jar:/home/user/.m2/repository/org/apache/curator/curator-framework/2.12.0/curator-framework-2.12.0.jar:/home/user/.m2/repository/com/sun/jersey/jersey-core/1.19/jersey-core-1.19.jar:/home/user/.m2/repository/javax/ws/rs/jsr311-api/1.1.1/jsr311-api-1.1.1.jar:/home/user/.m2/repository/com/sun/jersey/jersey-server/1.19/jersey-server-1.19.jar:/home/user/.m2/repository/javax/servlet/javax.servlet-api/3.1.0/javax.servlet-api-3.1.0.jar:/home/user/.m2/repository/org/eclipse/jetty/jetty-server/9.3.25.v20180904/jetty-server-9.3.25.v20180904.jar:/home/user/.m2/repository/org/eclipse/jetty/jetty-http/9.3.25.v20180904/jetty-http-9.3.25.v20180904.jar:/home/user/.m2/repository/org/eclipse/jetty/jetty-io/9.3.25.v20180904/jetty-io-9.3.25.v20180904.jar:/home/user/.m2/repository/org/eclipse/jetty/jetty-webapp/9.3.25.v20180904/jetty-webapp-9.3.25.v20180904.jar:/home/user/.m2/repository/org/eclipse/jetty/jetty-xml/9.3.25.v20180904/jetty-xml-9.3.25.v20180904.jar:/home/user/.m2/repository/log4j/log4j/1.2.17/log4j-1.2.17.jar:/home/user/.m2/repository/org/slf4j/slf4j-api/1.7.25/slf4j-api-1.7.25.jar:/home/user/.m2/repository/org/slf4j/jul-to-slf4j/1.7.25/jul-to-slf4j-1.7.25.jar:/home/user/.m2/repository/org/eclipse/jetty/jetty-util/9.3.25.v20180904/jetty-util-9.3.25.v20180904.jar:/home/user/.m2/repository/com/fasterxml/jackson/core/jackson-databind/2.9.9/jackson-databind-2.9.9.jar:/home/user/.m2/repository/org/apache/hadoop/hadoop-kms/3.2.0/hadoop-kms-3.2.0-tests.jar:/home/user/.m2/repository/org/apache/hadoop/hadoop-hdds-server-scm/0.5.0-SNAPSHOT/hadoop-hdds-server-scm-0.5.0-SNAPSHOT-tests.jar:/home/user/.m2/repository/org/apache/hadoop/hadoop-hdds-container-service/0.5.0-SNAPSHOT/hadoop-hdds-container-service-0.5.0-SNAPSHOT-tests.jar:/home/user/.m2/repository/org/yaml/snakeyaml/1.16/snakeyaml-1.16.jar:/home/user/.m2/repository/org/apache/hadoop/hadoop-common/3.2.0/hadoop-common-3.2.0-tests.jar:/home/user/.m2/repository/org/apache/hadoop/hadoop-annotations/3.2.0/hadoop-annotations-3.2.0.jar:/usr/lib/jvm/java-1.8.0-openjdk-1.8.0.222.b10-1.el7_7.x86_64/jre/../lib/tools.jar:/home/user/.m2/repository/commons-cli/commons-cli/1.2/commons-cli-1.2.jar:/home/user/.m2/repository/org/apache/httpcomponents/httpclient/4.5.2/httpclient-4.5.2.jar:/home/user/.m2/repository/org/apache/httpcomponents/httpcore/4.4.4/httpcore-4.4.4.jar:/home/user/.m2/repository/commons-codec/commons-codec/1.11/commons-codec-1.11.jar:/home/user/.m2/repository/commons-net/commons-net/3.6/commons-net-3.6.jar:/home/user/.m2/repository/commons-collections/commons-collections/3.2.2/commons-collections-3.2.2.jar:/home/user/.m2/repository/org/eclipse/jetty/jetty-servlet/9.3.25.v20180904/jetty-servlet-9.3.25.v20180904.jar:/home/user/.m2/repository/org/eclipse/jetty/jetty-security/9.3.25.v20180904/jetty-security-9.3.25.v20180904.jar:/home/user/.m2/repository/javax/servlet/jsp/jsp-api/2.1/jsp-api-2.1.jar:/home/user/.m2/repository/com/sun/jersey/jersey-servlet/1.19/jersey-servlet-1.19.jar:/home/user/.m2/repository/com/sun/jersey/jersey-json/1.19/jersey-json-1.19.jar:/home/user/.m2/repository/org/codehaus/jettison/jettison/1.1/jettison-1.1.jar:/home/user/.m2/repository/org/codehaus/jackson/jackson-core-asl/1.9.13/jackson-core-asl-1.9.13.jar:/home/user/.m2/repository/org/codehaus/jackson/jackson-mapper-asl/1.9.13/jackson-mapper-asl-1.9.13.jar:/home/user/.m2/repository/org/codehaus/jackson/jackson-jaxrs/1.9.13/jackson-jaxrs-1.9.13.jar:/home/user/.m2/repository/org/codehaus/jackson/jackson-xc/1.9.13/jackson-xc-1.9.13.jar:/home/user/.m2/repository/commons-logging/commons-logging/1.1.3/commons-logging-1.1.3.jar:/home/user/.m2/repository/commons-beanutils/commons-beanutils/1.9.4/commons-beanutils-1.9.4.jar:/home/user/.m2/repository/org/apache/commons/commons-configuration2/2.1.1/commons-configuration2-2.1.1.jar:/home/user/.m2/repository/org/apache/commons/commons-lang3/3.7/commons-lang3-3.7.jar:/home/user/.m2/repository/org/apache/commons/commons-text/1.4/commons-text-1.4.jar:/home/user/.m2/repository/org/apache/avro/avro/1.7.7/avro-1.7.7.jar:/home/user/.m2/repository/com/thoughtworks/paranamer/paranamer/2.3/paranamer-2.3.jar:/home/user/.m2/repository/org/xerial/snappy/snappy-java/1.0.5/snappy-java-1.0.5.jar:/home/user/.m2/repository/com/google/re2j/re2j/1.1/re2j-1.1.jar:/home/user/.m2/repository/com/google/code/gson/gson/2.2.4/gson-2.2.4.jar:/home/user/.m2/repository/com/jcraft/jsch/0.1.54/jsch-0.1.54.jar:/home/user/.m2/repository/org/apache/curator/curator-client/2.12.0/curator-client-2.12.0.jar:/home/user/.m2/repository/org/apache/curator/curator-recipes/2.12.0/curator-recipes-2.12.0.jar:/home/user/.m2/repository/com/google/code/findbugs/jsr305/3.0.0/jsr305-3.0.0.jar:/home/user/.m2/repository/org/apache/htrace/htrace-core4/4.1.0-incubating/htrace-core4-4.1.0-incubating.jar:/home/user/.m2/repository/org/apache/zookeeper/zookeeper/3.4.13/zookeeper-3.4.13.jar:/home/user/.m2/repository/jline/jline/0.9.94/jline-0.9.94.jar:/home/user/.m2/repository/org/apache/yetus/audience-annotations/0.5.0/audience-annotations-0.5.0.jar:/home/user/.m2/repository/org/codehaus/woodstox/stax2-api/3.1.4/stax2-api-3.1.4.jar:/home/user/.m2/repository/com/fasterxml/woodstox/woodstox-core/5.0.3/woodstox-core-5.0.3.jar:/home/user/.m2/repository/dnsjava/dnsjava/2.1.7/dnsjava-2.1.7.jar:/home/user/.m2/repository/org/apache/hadoop/hadoop-hdfs/3.2.0/hadoop-hdfs-3.2.0-tests.jar:/home/user/.m2/repository/org/eclipse/jetty/jetty-util-ajax/9.3.25.v20180904/jetty-util-ajax-9.3.25.v20180904.jar:/home/user/.m2/repository/commons-daemon/commons-daemon/1.0.13/commons-daemon-1.0.13.jar:/home/user/.m2/repository/io/netty/netty/3.10.5.Final/netty-3.10.5.Final.jar:/home/user/.m2/repository/io/netty/netty-all/4.0.52.Final/netty-all-4.0.52.Final.jar:/home/user/.m2/repository/org/fusesource/leveldbjni/leveldbjni-all/1.8/leveldbjni-all-1.8.jar:"/>
    <property name="java.vm.vendor" value="Oracle Corporation"/>
    <property name="sun.arch.data.model" value="64"/>
    <property name="test.build.dir" value="/workdir/hadoop-ozone/integration-test/target/test-dir"/>
    <property name="test.cache.data" value=""/>
    <property name="java.vendor.url" value="http://java.oracle.com/"/>
    <property name="user.timezone" value=""/>
    <property name="java.vm.specification.version" value="1.8"/>
    <property name="os.name" value="Linux"/>
    <property name="test.build.data" value="/workdir/hadoop-ozone/integration-test/target/test-dir"/>
    <property name="user.country" value="US"/>
    <property name="sun.java.launcher" value="SUN_STANDARD"/>
    <property name="sun.boot.library.path" value="/usr/lib/jvm/java-1.8.0-openjdk-1.8.0.222.b10-1.el7_7.x86_64/jre/lib/amd64"/>
    <property name="sun.java.command" value="/workdir/hadoop-ozone/integration-test/target/surefire/surefirebooter521571628824410898.jar /workdir/hadoop-ozone/integration-test/target/surefire 2019-11-18T10-49-13_113-jvmRun1 surefire7667786015349725233tmp surefire_466251127528013715866tmp"/>
    <property name="surefire.test.class.path" value="/workdir/hadoop-ozone/integration-test/target/test-classes:/workdir/hadoop-ozone/integration-test/target/classes:/home/user/.m2/repository/org/apache/hadoop/hadoop-ozone-common/0.5.0-SNAPSHOT/hadoop-ozone-common-0.5.0-SNAPSHOT.jar:/home/user/.m2/repository/org/apache/commons/commons-compress/1.4.1/commons-compress-1.4.1.jar:/home/user/.m2/repository/org/tukaani/xz/1.0/xz-1.0.jar:/home/user/.m2/repository/org/apache/hadoop/hadoop-common/3.2.0/hadoop-common-3.2.0.jar:/home/user/.m2/repository/org/apache/hadoop/hadoop-hdfs/3.2.0/hadoop-hdfs-3.2.0.jar:/home/user/.m2/repository/org/apache/hadoop/hadoop-hdfs-client/3.2.0/hadoop-hdfs-client-3.2.0.jar:/home/user/.m2/repository/com/fasterxml/jackson/core/jackson-annotations/2.9.9/jackson-annotations-2.9.9.jar:/home/user/.m2/repository/org/apache/hadoop/hadoop-hdds-common/0.5.0-SNAPSHOT/hadoop-hdds-common-0.5.0-SNAPSHOT.jar:/home/user/.m2/repository/javax/annotation/javax.annotation-api/1.2/javax.annotation-api-1.2.jar:/home/user/.m2/repository/org/apache/ratis/ratis-server/0.5.0-d6d58d0-SNAPSHOT/ratis-server-0.5.0-d6d58d0-SNAPSHOT.jar:/home/user/.m2/repository/org/apache/ratis/ratis-thirdparty-misc/0.2.0/ratis-thirdparty-misc-0.2.0.jar:/home/user/.m2/repository/org/apache/ratis/ratis-proto/0.5.0-d6d58d0-SNAPSHOT/ratis-proto-0.5.0-d6d58d0-SNAPSHOT.jar:/home/user/.m2/repository/org/apache/ratis/ratis-common/0.5.0-d6d58d0-SNAPSHOT/ratis-common-0.5.0-d6d58d0-SNAPSHOT.jar:/home/user/.m2/repository/org/apache/ratis/ratis-client/0.5.0-d6d58d0-SNAPSHOT/ratis-client-0.5.0-d6d58d0-SNAPSHOT.jar:/home/user/.m2/repository/org/apache/ratis/ratis-metrics/0.5.0-d6d58d0-SNAPSHOT/ratis-metrics-0.5.0-d6d58d0-SNAPSHOT.jar:/home/user/.m2/repository/org/apache/ratis/ratis-netty/0.5.0-d6d58d0-SNAPSHOT/ratis-netty-0.5.0-d6d58d0-SNAPSHOT.jar:/home/user/.m2/repository/org/apache/ratis/ratis-grpc/0.5.0-d6d58d0-SNAPSHOT/ratis-grpc-0.5.0-d6d58d0-SNAPSHOT.jar:/home/user/.m2/repository/org/rocksdb/rocksdbjni/6.0.1/rocksdbjni-6.0.1.jar:/home/user/.m2/repository/org/apache/logging/log4j/log4j-api/2.11.0/log4j-api-2.11.0.jar:/home/user/.m2/repository/org/apache/logging/log4j/log4j-core/2.11.0/log4j-core-2.11.0.jar:/home/user/.m2/repository/com/lmax/disruptor/3.4.2/disruptor-3.4.2.jar:/home/user/.m2/repository/org/apache/commons/commons-pool2/2.6.0/commons-pool2-2.6.0.jar:/home/user/.m2/repository/org/bouncycastle/bcpkix-jdk15on/1.60/bcpkix-jdk15on-1.60.jar:/home/user/.m2/repository/commons-validator/commons-validator/1.6/commons-validator-1.6.jar:/home/user/.m2/repository/commons-digester/commons-digester/1.8.1/commons-digester-1.8.1.jar:/home/user/.m2/repository/io/jaegertracing/jaeger-client/0.34.0/jaeger-client-0.34.0.jar:/home/user/.m2/repository/io/jaegertracing/jaeger-thrift/0.34.0/jaeger-thrift-0.34.0.jar:/home/user/.m2/repository/org/apache/thrift/libthrift/0.12.0/libthrift-0.12.0.jar:/home/user/.m2/repository/com/squareup/okhttp3/okhttp/3.9.0/okhttp-3.9.0.jar:/home/user/.m2/repository/com/squareup/okio/okio/1.13.0/okio-1.13.0.jar:/home/user/.m2/repository/io/jaegertracing/jaeger-core/0.34.0/jaeger-core-0.34.0.jar:/home/user/.m2/repository/io/jaegertracing/jaeger-tracerresolver/0.34.0/jaeger-tracerresolver-0.34.0.jar:/home/user/.m2/repository/io/opentracing/contrib/opentracing-tracerresolver/0.1.5/opentracing-tracerresolver-0.1.5.jar:/home/user/.m2/repository/io/opentracing/opentracing-util/0.31.0/opentracing-util-0.31.0.jar:/home/user/.m2/repository/io/opentracing/opentracing-api/0.31.0/opentracing-api-0.31.0.jar:/home/user/.m2/repository/io/opentracing/opentracing-noop/0.31.0/opentracing-noop-0.31.0.jar:/home/user/.m2/repository/org/apache/hadoop/hadoop-hdds-server-framework/0.5.0-SNAPSHOT/hadoop-hdds-server-framework-0.5.0-SNAPSHOT.jar:/home/user/.m2/repository/org/apache/hadoop/hadoop-hdds-container-service/0.5.0-SNAPSHOT/hadoop-hdds-container-service-0.5.0-SNAPSHOT.jar:/home/user/.m2/repository/org/apache/hadoop/hadoop-hdds-client/0.5.0-SNAPSHOT/hadoop-hdds-client-0.5.0-SNAPSHOT.jar:/home/user/.m2/repository/org/apache/hadoop/hadoop-hdds-tools/0.5.0-SNAPSHOT/hadoop-hdds-tools-0.5.0-SNAPSHOT.jar:/home/user/.m2/repository/org/apache/hadoop/hadoop-hdds-server-scm/0.5.0-SNAPSHOT/hadoop-hdds-server-scm-0.5.0-SNAPSHOT.jar:/home/user/.m2/repository/org/apache/hadoop/hadoop-hdds-docs/0.5.0-SNAPSHOT/hadoop-hdds-docs-0.5.0-SNAPSHOT.jar:/home/user/.m2/repository/io/dropwizard/metrics/metrics-core/3.2.4/metrics-core-3.2.4.jar:/home/user/.m2/repository/org/hamcrest/hamcrest-all/1.3/hamcrest-all-1.3.jar:/home/user/.m2/repository/org/bouncycastle/bcprov-jdk15on/1.60/bcprov-jdk15on-1.60.jar:/home/user/.m2/repository/info/picocli/picocli/3.9.6/picocli-3.9.6.jar:/home/user/.m2/repository/com/google/protobuf/protobuf-java/2.5.0/protobuf-java-2.5.0.jar:/home/user/.m2/repository/com/google/guava/guava/11.0.2/guava-11.0.2.jar:/home/user/.m2/repository/org/apache/hadoop/hadoop-ozone-ozone-manager/0.5.0-SNAPSHOT/hadoop-ozone-ozone-manager-0.5.0-SNAPSHOT.jar:/home/user/.m2/repository/org/apache/hadoop/hadoop-minikdc/3.2.0/hadoop-minikdc-3.2.0.jar:/home/user/.m2/repository/commons-io/commons-io/2.5/commons-io-2.5.jar:/home/user/.m2/repository/org/apache/kerby/kerb-simplekdc/1.0.1/kerb-simplekdc-1.0.1.jar:/home/user/.m2/repository/org/apache/kerby/kerb-client/1.0.1/kerb-client-1.0.1.jar:/home/user/.m2/repository/org/apache/kerby/kerby-config/1.0.1/kerby-config-1.0.1.jar:/home/user/.m2/repository/org/apache/kerby/kerb-core/1.0.1/kerb-core-1.0.1.jar:/home/user/.m2/repository/org/apache/kerby/kerby-pkix/1.0.1/kerby-pkix-1.0.1.jar:/home/user/.m2/repository/org/apache/kerby/kerby-asn1/1.0.1/kerby-asn1-1.0.1.jar:/home/user/.m2/repository/org/apache/kerby/kerby-util/1.0.1/kerby-util-1.0.1.jar:/home/user/.m2/repository/org/apache/kerby/kerb-common/1.0.1/kerb-common-1.0.1.jar:/home/user/.m2/repository/org/apache/kerby/kerb-crypto/1.0.1/kerb-crypto-1.0.1.jar:/home/user/.m2/repository/org/apache/kerby/kerb-util/1.0.1/kerb-util-1.0.1.jar:/home/user/.m2/repository/org/apache/kerby/token-provider/1.0.1/token-provider-1.0.1.jar:/home/user/.m2/repository/org/apache/kerby/kerb-admin/1.0.1/kerb-admin-1.0.1.jar:/home/user/.m2/repository/org/apache/kerby/kerb-server/1.0.1/kerb-server-1.0.1.jar:/home/user/.m2/repository/org/apache/kerby/kerb-identity/1.0.1/kerb-identity-1.0.1.jar:/home/user/.m2/repository/org/apache/kerby/kerby-xdr/1.0.1/kerby-xdr-1.0.1.jar:/home/user/.m2/repository/org/slf4j/slf4j-log4j12/1.7.25/slf4j-log4j12-1.7.25.jar:/home/user/.m2/repository/org/apache/hadoop/hadoop-ozone-s3gateway/0.5.0-SNAPSHOT/hadoop-ozone-s3gateway-0.5.0-SNAPSHOT.jar:/home/user/.m2/repository/org/jboss/weld/servlet/weld-servlet/2.4.7.Final/weld-servlet-2.4.7.Final.jar:/home/user/.m2/repository/org/glassfish/jersey/containers/jersey-container-servlet-core/2.27/jersey-container-servlet-core-2.27.jar:/home/user/.m2/repository/org/glassfish/hk2/external/javax.inject/2.5.0-b42/javax.inject-2.5.0-b42.jar:/home/user/.m2/repository/org/glassfish/jersey/core/jersey-common/2.27/jersey-common-2.27.jar:/home/user/.m2/repository/org/glassfish/hk2/osgi-resource-locator/1.0.1/osgi-resource-locator-1.0.1.jar:/home/user/.m2/repository/javax/ws/rs/javax.ws.rs-api/2.1/javax.ws.rs-api-2.1.jar:/home/user/.m2/repository/org/glassfish/jersey/ext/cdi/jersey-cdi1x/2.27/jersey-cdi1x-2.27.jar:/home/user/.m2/repository/org/glassfish/jersey/inject/jersey-hk2/2.27/jersey-hk2-2.27.jar:/home/user/.m2/repository/org/glassfish/hk2/hk2-locator/2.5.0-b42/hk2-locator-2.5.0-b42.jar:/home/user/.m2/repository/org/javassist/javassist/3.22.0-CR2/javassist-3.22.0-CR2.jar:/home/user/.m2/repository/org/glassfish/hk2/hk2-api/2.5.0/hk2-api-2.5.0.jar:/home/user/.m2/repository/org/glassfish/hk2/external/jakarta.inject/2.5.0/jakarta.inject-2.5.0.jar:/home/user/.m2/repository/org/glassfish/hk2/hk2-utils/2.5.0/hk2-utils-2.5.0.jar:/home/user/.m2/repository/jakarta/annotation/jakarta.annotation-api/1.3.4/jakarta.annotation-api-1.3.4.jar:/home/user/.m2/repository/org/glassfish/hk2/external/aopalliance-repackaged/2.5.0/aopalliance-repackaged-2.5.0.jar:/home/user/.m2/repository/com/fasterxml/jackson/dataformat/jackson-dataformat-xml/2.9.0/jackson-dataformat-xml-2.9.0.jar:/home/user/.m2/repository/com/fasterxml/jackson/core/jackson-core/2.9.9/jackson-core-2.9.9.jar:/home/user/.m2/repository/com/fasterxml/jackson/module/jackson-module-jaxb-annotations/2.9.9/jackson-module-jaxb-annotations-2.9.9.jar:/home/user/.m2/repository/javax/enterprise/cdi-api/1.2/cdi-api-1.2.jar:/home/user/.m2/repository/javax/el/javax.el-api/3.0.0/javax.el-api-3.0.0.jar:/home/user/.m2/repository/javax/interceptor/javax.interceptor-api/1.2/javax.interceptor-api-1.2.jar:/home/user/.m2/repository/javax/inject/javax.inject/1/javax.inject-1.jar:/home/user/.m2/repository/com/sun/xml/bind/jaxb-impl/2.3.0.1/jaxb-impl-2.3.0.1.jar:/home/user/.m2/repository/com/sun/xml/bind/jaxb-core/2.3.0.1/jaxb-core-2.3.0.1.jar:/home/user/.m2/repository/javax/xml/bind/jaxb-api/2.3.0/jaxb-api-2.3.0.jar:/home/user/.m2/repository/javax/activation/activation/1.1.1/activation-1.1.1.jar:/home/user/.m2/repository/org/apache/hadoop/hadoop-ozone-csi/0.5.0-SNAPSHOT/hadoop-ozone-csi-0.5.0-SNAPSHOT.jar:/home/user/.m2/repository/com/google/protobuf/protobuf-java-util/3.5.1/protobuf-java-util-3.5.1.jar:/home/user/.m2/repository/org/apache/hadoop/hadoop-hdds-config/0.5.0-SNAPSHOT/hadoop-hdds-config-0.5.0-SNAPSHOT.jar:/home/user/.m2/repository/io/grpc/grpc-netty/1.17.1/grpc-netty-1.17.1.jar:/home/user/.m2/repository/io/grpc/grpc-core/1.17.1/grpc-core-1.17.1.jar:/home/user/.m2/repository/io/grpc/grpc-context/1.17.1/grpc-context-1.17.1.jar:/home/user/.m2/repository/com/google/errorprone/error_prone_annotations/2.2.0/error_prone_annotations-2.2.0.jar:/home/user/.m2/repository/org/codehaus/mojo/animal-sniffer-annotations/1.17/animal-sniffer-annotations-1.17.jar:/home/user/.m2/repository/io/opencensus/opencensus-api/0.17.0/opencensus-api-0.17.0.jar:/home/user/.m2/repository/io/opencensus/opencensus-contrib-grpc-metrics/0.17.0/opencensus-contrib-grpc-metrics-0.17.0.jar:/home/user/.m2/repository/io/netty/netty-codec-http2/4.1.30.Final/netty-codec-http2-4.1.30.Final.jar:/home/user/.m2/repository/io/netty/netty-codec-http/4.1.30.Final/netty-codec-http-4.1.30.Final.jar:/home/user/.m2/repository/io/netty/netty-codec/4.1.30.Final/netty-codec-4.1.30.Final.jar:/home/user/.m2/repository/io/netty/netty-handler/4.1.30.Final/netty-handler-4.1.30.Final.jar:/home/user/.m2/repository/io/netty/netty-handler-proxy/4.1.30.Final/netty-handler-proxy-4.1.30.Final.jar:/home/user/.m2/repository/io/netty/netty-codec-socks/4.1.30.Final/netty-codec-socks-4.1.30.Final.jar:/home/user/.m2/repository/io/netty/netty-transport-native-epoll/4.1.30.Final/netty-transport-native-epoll-4.1.30.Final.jar:/home/user/.m2/repository/io/netty/netty-common/4.1.30.Final/netty-common-4.1.30.Final.jar:/home/user/.m2/repository/io/netty/netty-buffer/4.1.30.Final/netty-buffer-4.1.30.Final.jar:/home/user/.m2/repository/io/netty/netty-transport/4.1.30.Final/netty-transport-4.1.30.Final.jar:/home/user/.m2/repository/io/netty/netty-resolver/4.1.30.Final/netty-resolver-4.1.30.Final.jar:/home/user/.m2/repository/io/netty/netty-transport-native-unix-common/4.1.30.Final/netty-transport-native-unix-common-4.1.30.Final.jar:/home/user/.m2/repository/io/grpc/grpc-protobuf/1.17.1/grpc-protobuf-1.17.1.jar:/home/user/.m2/repository/com/google/api/grpc/proto-google-common-protos/1.0.0/proto-google-common-protos-1.0.0.jar:/home/user/.m2/repository/io/grpc/grpc-protobuf-lite/1.17.1/grpc-protobuf-lite-1.17.1.jar:/home/user/.m2/repository/io/grpc/grpc-stub/1.17.1/grpc-stub-1.17.1.jar:/home/user/.m2/repository/org/apache/hadoop/hadoop-ozone-recon/0.5.0-SNAPSHOT/hadoop-ozone-recon-0.5.0-SNAPSHOT.jar:/home/user/.m2/repository/org/apache/hadoop/hadoop-ozone-reconcodegen/0.5.0-SNAPSHOT/hadoop-ozone-reconcodegen-0.5.0-SNAPSHOT.jar:/home/user/.m2/repository/com/google/inject/extensions/guice-multibindings/4.0/guice-multibindings-4.0.jar:/home/user/.m2/repository/com/google/inject/guice/4.0/guice-4.0.jar:/home/user/.m2/repository/aopalliance/aopalliance/1.0/aopalliance-1.0.jar:/home/user/.m2/repository/com/google/inject/extensions/guice-servlet/4.0/guice-servlet-4.0.jar:/home/user/.m2/repository/org/glassfish/jersey/containers/jersey-container-servlet/2.27/jersey-container-servlet-2.27.jar:/home/user/.m2/repository/org/glassfish/hk2/guice-bridge/2.5.0/guice-bridge-2.5.0.jar:/home/user/.m2/repository/org/glassfish/jersey/core/jersey-server/2.27/jersey-server-2.27.jar:/home/user/.m2/repository/org/glassfish/jersey/core/jersey-client/2.27/jersey-client-2.27.jar:/home/user/.m2/repository/org/glassfish/jersey/media/jersey-media-jaxb/2.27/jersey-media-jaxb-2.27.jar:/home/user/.m2/repository/javax/validation/validation-api/1.1.0.Final/validation-api-1.1.0.Final.jar:/home/user/.m2/repository/org/glassfish/jersey/media/jersey-media-json-jackson/2.27/jersey-media-json-jackson-2.27.jar:/home/user/.m2/repository/org/glassfish/jersey/ext/jersey-entity-filtering/2.27/jersey-entity-filtering-2.27.jar:/home/user/.m2/repository/com/google/inject/extensions/guice-assistedinject/4.0/guice-assistedinject-4.0.jar:/home/user/.m2/repository/org/jooq/jooq/3.11.10/jooq-3.11.10.jar:/home/user/.m2/repository/org/jooq/jooq-meta/3.11.10/jooq-meta-3.11.10.jar:/home/user/.m2/repository/org/jooq/jooq-codegen/3.11.10/jooq-codegen-3.11.10.jar:/home/user/.m2/repository/com/jolbox/bonecp/0.8.0.RELEASE/bonecp-0.8.0.RELEASE.jar:/home/user/.m2/repository/org/xerial/sqlite-jdbc/3.25.2/sqlite-jdbc-3.25.2.jar:/home/user/.m2/repository/org/springframework/spring-jdbc/5.1.3.RELEASE/spring-jdbc-5.1.3.RELEASE.jar:/home/user/.m2/repository/org/springframework/spring-beans/5.1.3.RELEASE/spring-beans-5.1.3.RELEASE.jar:/home/user/.m2/repository/org/springframework/spring-core/5.1.3.RELEASE/spring-core-5.1.3.RELEASE.jar:/home/user/.m2/repository/org/springframework/spring-jcl/5.1.3.RELEASE/spring-jcl-5.1.3.RELEASE.jar:/home/user/.m2/repository/org/springframework/spring-tx/5.1.3.RELEASE/spring-tx-5.1.3.RELEASE.jar:/home/user/.m2/repository/org/apache/hadoop/hadoop-ozone-client/0.5.0-SNAPSHOT/hadoop-ozone-client-0.5.0-SNAPSHOT.jar:/home/user/.m2/repository/commons-lang/commons-lang/2.6/commons-lang-2.6.jar:/home/user/.m2/repository/org/apache/hadoop/hadoop-ozone-ozone-manager/0.5.0-SNAPSHOT/hadoop-ozone-ozone-manager-0.5.0-SNAPSHOT-tests.jar:/home/user/.m2/repository/junit/junit/4.11/junit-4.11.jar:/home/user/.m2/repository/org/hamcrest/hamcrest-core/1.3/hamcrest-core-1.3.jar:/home/user/.m2/repository/org/openjdk/jmh/jmh-core/1.19/jmh-core-1.19.jar:/home/user/.m2/repository/net/sf/jopt-simple/jopt-simple/4.6/jopt-simple-4.6.jar:/home/user/.m2/repository/org/apache/commons/commons-math3/3.1.1/commons-math3-3.1.1.jar:/home/user/.m2/repository/org/openjdk/jmh/jmh-generator-annprocess/1.19/jmh-generator-annprocess-1.19.jar:/home/user/.m2/repository/org/mockito/mockito-all/1.8.5/mockito-all-1.8.5.jar:/home/user/.m2/repository/org/apache/hadoop/hadoop-kms/3.2.0/hadoop-kms-3.2.0.jar:/home/user/.m2/repository/org/apache/hadoop/hadoop-auth/3.2.0/hadoop-auth-3.2.0.jar:/home/user/.m2/repository/com/nimbusds/nimbus-jose-jwt/4.41.1/nimbus-jose-jwt-4.41.1.jar:/home/user/.m2/repository/com/github/stephenc/jcip/jcip-annotations/1.0-1/jcip-annotations-1.0-1.jar:/home/user/.m2/repository/net/minidev/json-smart/2.3/json-smart-2.3.jar:/home/user/.m2/repository/net/minidev/accessors-smart/1.2/accessors-smart-1.2.jar:/home/user/.m2/repository/org/ow2/asm/asm/5.0.4/asm-5.0.4.jar:/home/user/.m2/repository/org/apache/curator/curator-framework/2.12.0/curator-framework-2.12.0.jar:/home/user/.m2/repository/com/sun/jersey/jersey-core/1.19/jersey-core-1.19.jar:/home/user/.m2/repository/javax/ws/rs/jsr311-api/1.1.1/jsr311-api-1.1.1.jar:/home/user/.m2/repository/com/sun/jersey/jersey-server/1.19/jersey-server-1.19.jar:/home/user/.m2/repository/javax/servlet/javax.servlet-api/3.1.0/javax.servlet-api-3.1.0.jar:/home/user/.m2/repository/org/eclipse/jetty/jetty-server/9.3.25.v20180904/jetty-server-9.3.25.v20180904.jar:/home/user/.m2/repository/org/eclipse/jetty/jetty-http/9.3.25.v20180904/jetty-http-9.3.25.v20180904.jar:/home/user/.m2/repository/org/eclipse/jetty/jetty-io/9.3.25.v20180904/jetty-io-9.3.25.v20180904.jar:/home/user/.m2/repository/org/eclipse/jetty/jetty-webapp/9.3.25.v20180904/jetty-webapp-9.3.25.v20180904.jar:/home/user/.m2/repository/org/eclipse/jetty/jetty-xml/9.3.25.v20180904/jetty-xml-9.3.25.v20180904.jar:/home/user/.m2/repository/log4j/log4j/1.2.17/log4j-1.2.17.jar:/home/user/.m2/repository/org/slf4j/slf4j-api/1.7.25/slf4j-api-1.7.25.jar:/home/user/.m2/repository/org/slf4j/jul-to-slf4j/1.7.25/jul-to-slf4j-1.7.25.jar:/home/user/.m2/repository/org/eclipse/jetty/jetty-util/9.3.25.v20180904/jetty-util-9.3.25.v20180904.jar:/home/user/.m2/repository/com/fasterxml/jackson/core/jackson-databind/2.9.9/jackson-databind-2.9.9.jar:/home/user/.m2/repository/org/apache/hadoop/hadoop-kms/3.2.0/hadoop-kms-3.2.0-tests.jar:/home/user/.m2/repository/org/apache/hadoop/hadoop-hdds-server-scm/0.5.0-SNAPSHOT/hadoop-hdds-server-scm-0.5.0-SNAPSHOT-tests.jar:/home/user/.m2/repository/org/apache/hadoop/hadoop-hdds-container-service/0.5.0-SNAPSHOT/hadoop-hdds-container-service-0.5.0-SNAPSHOT-tests.jar:/home/user/.m2/repository/org/yaml/snakeyaml/1.16/snakeyaml-1.16.jar:/home/user/.m2/repository/org/apache/hadoop/hadoop-common/3.2.0/hadoop-common-3.2.0-tests.jar:/home/user/.m2/repository/org/apache/hadoop/hadoop-annotations/3.2.0/hadoop-annotations-3.2.0.jar:/usr/lib/jvm/java-1.8.0-openjdk-1.8.0.222.b10-1.el7_7.x86_64/jre/../lib/tools.jar:/home/user/.m2/repository/commons-cli/commons-cli/1.2/commons-cli-1.2.jar:/home/user/.m2/repository/org/apache/httpcomponents/httpclient/4.5.2/httpclient-4.5.2.jar:/home/user/.m2/repository/org/apache/httpcomponents/httpcore/4.4.4/httpcore-4.4.4.jar:/home/user/.m2/repository/commons-codec/commons-codec/1.11/commons-codec-1.11.jar:/home/user/.m2/repository/commons-net/commons-net/3.6/commons-net-3.6.jar:/home/user/.m2/repository/commons-collections/commons-collections/3.2.2/commons-collections-3.2.2.jar:/home/user/.m2/repository/org/eclipse/jetty/jetty-servlet/9.3.25.v20180904/jetty-servlet-9.3.25.v20180904.jar:/home/user/.m2/repository/org/eclipse/jetty/jetty-security/9.3.25.v20180904/jetty-security-9.3.25.v20180904.jar:/home/user/.m2/repository/javax/servlet/jsp/jsp-api/2.1/jsp-api-2.1.jar:/home/user/.m2/repository/com/sun/jersey/jersey-servlet/1.19/jersey-servlet-1.19.jar:/home/user/.m2/repository/com/sun/jersey/jersey-json/1.19/jersey-json-1.19.jar:/home/user/.m2/repository/org/codehaus/jettison/jettison/1.1/jettison-1.1.jar:/home/user/.m2/repository/org/codehaus/jackson/jackson-core-asl/1.9.13/jackson-core-asl-1.9.13.jar:/home/user/.m2/repository/org/codehaus/jackson/jackson-mapper-asl/1.9.13/jackson-mapper-asl-1.9.13.jar:/home/user/.m2/repository/org/codehaus/jackson/jackson-jaxrs/1.9.13/jackson-jaxrs-1.9.13.jar:/home/user/.m2/repository/org/codehaus/jackson/jackson-xc/1.9.13/jackson-xc-1.9.13.jar:/home/user/.m2/repository/commons-logging/commons-logging/1.1.3/commons-logging-1.1.3.jar:/home/user/.m2/repository/commons-beanutils/commons-beanutils/1.9.4/commons-beanutils-1.9.4.jar:/home/user/.m2/repository/org/apache/commons/commons-configuration2/2.1.1/commons-configuration2-2.1.1.jar:/home/user/.m2/repository/org/apache/commons/commons-lang3/3.7/commons-lang3-3.7.jar:/home/user/.m2/repository/org/apache/commons/commons-text/1.4/commons-text-1.4.jar:/home/user/.m2/repository/org/apache/avro/avro/1.7.7/avro-1.7.7.jar:/home/user/.m2/repository/com/thoughtworks/paranamer/paranamer/2.3/paranamer-2.3.jar:/home/user/.m2/repository/org/xerial/snappy/snappy-java/1.0.5/snappy-java-1.0.5.jar:/home/user/.m2/repository/com/google/re2j/re2j/1.1/re2j-1.1.jar:/home/user/.m2/repository/com/google/code/gson/gson/2.2.4/gson-2.2.4.jar:/home/user/.m2/repository/com/jcraft/jsch/0.1.54/jsch-0.1.54.jar:/home/user/.m2/repository/org/apache/curator/curator-client/2.12.0/curator-client-2.12.0.jar:/home/user/.m2/repository/org/apache/curator/curator-recipes/2.12.0/curator-recipes-2.12.0.jar:/home/user/.m2/repository/com/google/code/findbugs/jsr305/3.0.0/jsr305-3.0.0.jar:/home/user/.m2/repository/org/apache/htrace/htrace-core4/4.1.0-incubating/htrace-core4-4.1.0-incubating.jar:/home/user/.m2/repository/org/apache/zookeeper/zookeeper/3.4.13/zookeeper-3.4.13.jar:/home/user/.m2/repository/jline/jline/0.9.94/jline-0.9.94.jar:/home/user/.m2/repository/org/apache/yetus/audience-annotations/0.5.0/audience-annotations-0.5.0.jar:/home/user/.m2/repository/org/codehaus/woodstox/stax2-api/3.1.4/stax2-api-3.1.4.jar:/home/user/.m2/repository/com/fasterxml/woodstox/woodstox-core/5.0.3/woodstox-core-5.0.3.jar:/home/user/.m2/repository/dnsjava/dnsjava/2.1.7/dnsjava-2.1.7.jar:/home/user/.m2/repository/org/apache/hadoop/hadoop-hdfs/3.2.0/hadoop-hdfs-3.2.0-tests.jar:/home/user/.m2/repository/org/eclipse/jetty/jetty-util-ajax/9.3.25.v20180904/jetty-util-ajax-9.3.25.v20180904.jar:/home/user/.m2/repository/commons-daemon/commons-daemon/1.0.13/commons-daemon-1.0.13.jar:/home/user/.m2/repository/io/netty/netty/3.10.5.Final/netty-3.10.5.Final.jar:/home/user/.m2/repository/io/netty/netty-all/4.0.52.Final/netty-all-4.0.52.Final.jar:/home/user/.m2/repository/org/fusesource/leveldbjni/leveldbjni-all/1.8/leveldbjni-all-1.8.jar:"/>
    <property name="sun.cpu.endian" value="little"/>
    <property name="user.home" value="/home/user"/>
    <property name="user.language" value="en"/>
    <property name="java.specification.vendor" value="Oracle Corporation"/>
    <property name="java.home" value="/usr/lib/jvm/java-1.8.0-openjdk-1.8.0.222.b10-1.el7_7.x86_64/jre"/>
    <property name="surefire.excludesFile" value="/tools/ozone-bad-unit-tests"/>
    <property name="java.security.krb5.conf" value="/workdir/hadoop-ozone/integration-test/target/test-classes/krb5.conf"/>
    <property name="basedir" value="/workdir/hadoop-ozone/integration-test"/>
    <property name="file.separator" value="/"/>
    <property name="line.separator" value="&#10;"/>
    <property name="java.vm.specification.vendor" value="Oracle Corporation"/>
    <property name="java.specification.name" value="Java Platform API Specification"/>
    <property name="java.awt.graphicsenv" value="sun.awt.X11GraphicsEnvironment"/>
    <property name="surefire.real.class.path" value="/workdir/hadoop-ozone/integration-test/target/surefire/surefirebooter521571628824410898.jar"/>
    <property name="hadoop.log.dir" value="/workdir/hadoop-ozone/integration-test/target/log"/>
    <property name="sun.boot.class.path" value="/usr/lib/jvm/java-1.8.0-openjdk-1.8.0.222.b10-1.el7_7.x86_64/jre/lib/resources.jar:/usr/lib/jvm/java-1.8.0-openjdk-1.8.0.222.b10-1.el7_7.x86_64/jre/lib/rt.jar:/usr/lib/jvm/java-1.8.0-openjdk-1.8.0.222.b10-1.el7_7.x86_64/jre/lib/sunrsasign.jar:/usr/lib/jvm/java-1.8.0-openjdk-1.8.0.222.b10-1.el7_7.x86_64/jre/lib/jsse.jar:/usr/lib/jvm/java-1.8.0-openjdk-1.8.0.222.b10-1.el7_7.x86_64/jre/lib/jce.jar:/usr/lib/jvm/java-1.8.0-openjdk-1.8.0.222.b10-1.el7_7.x86_64/jre/lib/charsets.jar:/usr/lib/jvm/java-1.8.0-openjdk-1.8.0.222.b10-1.el7_7.x86_64/jre/lib/jfr.jar:/usr/lib/jvm/java-1.8.0-openjdk-1.8.0.222.b10-1.el7_7.x86_64/jre/classes"/>
    <property name="sun.management.compiler" value="HotSpot 64-Bit Tiered Compilers"/>
    <property name="java.runtime.version" value="1.8.0_222-b10"/>
    <property name="java.net.preferIPv4Stack" value="true"/>
    <property name="user.name" value="jenkins1000"/>
    <property name="path.separator" value=":"/>
    <property name="java.security.egd" value="file:///dev/urandom"/>
    <property name="os.version" value="3.10.0-957.12.2.el7.x86_64"/>
    <property name="java.endorsed.dirs" value="/usr/lib/jvm/java-1.8.0-openjdk-1.8.0.222.b10-1.el7_7.x86_64/jre/lib/endorsed"/>
    <property name="java.runtime.name" value="OpenJDK Runtime Environment"/>
    <property name="file.encoding" value="ANSI_X3.4-1968"/>
    <property name="java.vm.name" value="OpenJDK 64-Bit Server VM"/>
    <property name="test.build.webapps" value=""/>
    <property name="localRepository" value="/home/user/.m2/repository"/>
    <property name="java.vendor.url.bug" value="http://bugreport.sun.com/bugreport/"/>
    <property name="java.io.tmpdir" value="/tmp"/>
    <property name="require.test.libhadoop" value=""/>
    <property name="java.version" value="1.8.0_222"/>
    <property name="user.dir" value="/workdir/hadoop-ozone/integration-test"/>
    <property name="os.arch" value="amd64"/>
    <property name="java.vm.specification.name" value="Java Virtual Machine Specification"/>
    <property name="test.build.classes" value="/workdir/hadoop-ozone/integration-test/target/test-classes"/>
    <property name="java.awt.printerjob" value="sun.print.PSPrinterJob"/>
    <property name="sun.os.patch.level" value="unknown"/>
    <property name="hadoop.tmp.dir" value="/workdir/hadoop-ozone/integration-test/target/tmp"/>
    <property name="java.library.path" value="/usr/lib:/workdir/hadoop-ozone/integration-test/target/native/target/usr/local/lib:/workdir/hadoop-ozone/integration-test/../../hadoop-common-project/hadoop-common/target/native/target/usr/local/lib:/usr/java/packages/lib/amd64:/usr/lib64:/lib64:/lib:/usr/lib"/>
    <property name="java.vm.info" value="mixed mode"/>
    <property name="java.vendor" value="Oracle Corporation"/>
    <property name="java.vm.version" value="25.222-b10"/>
    <property name="java.ext.dirs" value="/usr/lib/jvm/java-1.8.0-openjdk-1.8.0.222.b10-1.el7_7.x86_64/jre/lib/ext:/usr/java/packages/lib/ext"/>
    <property name="sun.io.unicode.encoding" value="UnicodeLittle"/>
    <property name="java.class.version" value="52.0"/>
  </properties>
  <testcase name="testDeleteKeyWithSlowFollower" classname="org.apache.hadoop.ozone.client.rpc.TestDeleteWithSlowFollower" time="102.006">
    <error type="java.lang.NullPointerException">java.lang.NullPointerException
	at org.apache.hadoop.ozone.container.keyvalue.impl.ChunkManagerImpl.getTmpChunkFile(ChunkManagerImpl.java:321)
	at org.apache.hadoop.ozone.container.keyvalue.impl.ChunkManagerImpl.readChunk(ChunkManagerImpl.java:221)
	at org.apache.hadoop.ozone.client.rpc.TestDeleteWithSlowFollower.testDeleteKeyWithSlowFollower(TestDeleteWithSlowFollower.java:247)
	at sun.reflect.NativeMethodAccessorImpl.invoke0(Native Method)
	at sun.reflect.NativeMethodAccessorImpl.invoke(NativeMethodAccessorImpl.java:62)
	at sun.reflect.DelegatingMethodAccessorImpl.invoke(DelegatingMethodAccessorImpl.java:43)
	at java.lang.reflect.Method.invoke(Method.java:498)
	at org.junit.runners.model.FrameworkMethod$1.runReflectiveCall(FrameworkMethod.java:47)
	at org.junit.internal.runners.model.ReflectiveCallable.run(ReflectiveCallable.java:12)
	at org.junit.runners.model.FrameworkMethod.invokeExplosively(FrameworkMethod.java:44)
	at org.junit.internal.runners.statements.InvokeMethod.evaluate(InvokeMethod.java:17)
	at org.junit.runners.ParentRunner.runLeaf(ParentRunner.java:271)
	at org.junit.runners.BlockJUnit4ClassRunner.runChild(BlockJUnit4ClassRunner.java:70)
	at org.junit.runners.BlockJUnit4ClassRunner.runChild(BlockJUnit4ClassRunner.java:50)
	at org.junit.runners.ParentRunner$3.run(ParentRunner.java:238)
	at org.junit.runners.ParentRunner$1.schedule(ParentRunner.java:63)
	at org.junit.runners.ParentRunner.runChildren(ParentRunner.java:236)
	at org.junit.runners.ParentRunner.access$000(ParentRunner.java:53)
	at org.junit.runners.ParentRunner$2.evaluate(ParentRunner.java:229)
	at org.junit.internal.runners.statements.RunBefores.evaluate(RunBefores.java:26)
	at org.junit.internal.runners.statements.RunAfters.evaluate(RunAfters.java:27)
	at org.junit.runners.ParentRunner.run(ParentRunner.java:309)
	at org.apache.maven.surefire.junit4.JUnit4Provider.execute(JUnit4Provider.java:365)
	at org.apache.maven.surefire.junit4.JUnit4Provider.executeWithRerun(JUnit4Provider.java:273)
	at org.apache.maven.surefire.junit4.JUnit4Provider.executeTestSet(JUnit4Provider.java:238)
	at org.apache.maven.surefire.junit4.JUnit4Provider.invoke(JUnit4Provider.java:159)
	at org.apache.maven.surefire.booter.ForkedBooter.invokeProviderInSameClassLoader(ForkedBooter.java:384)
	at org.apache.maven.surefire.booter.ForkedBooter.runSuitesInProcess(ForkedBooter.java:345)
	at org.apache.maven.surefire.booter.ForkedBooter.execute(ForkedBooter.java:126)
	at org.apache.maven.surefire.booter.ForkedBooter.main(ForkedBooter.java:418)
</error>
    <system-out><![CDATA[2019-11-18 11:26:34,509 [main] WARN  server.ServerUtils (ServerUtils.java:getScmDbDir(145)) - ozone.scm.db.dirs is not configured. We recommend adding this setting. Falling back to ozone.metadata.dirs instead.
2019-11-18 11:26:34,625 [main] WARN  server.ServerUtils (ServerUtils.java:getScmDbDir(145)) - ozone.scm.db.dirs is not configured. We recommend adding this setting. Falling back to ozone.metadata.dirs instead.
2019-11-18 11:26:34,628 [main] WARN  server.ServerUtils (ServerUtils.java:getScmDbDir(145)) - ozone.scm.db.dirs is not configured. We recommend adding this setting. Falling back to ozone.metadata.dirs instead.
2019-11-18 11:26:34,655 [main] INFO  util.log (Log.java:initialized(192)) - Logging initialized @888ms
2019-11-18 11:26:34,750 [main] INFO  db.DBStoreBuilder (DBStoreBuilder.java:addTable(127)) - using custom profile for table: deletedBlocks
2019-11-18 11:26:34,751 [main] INFO  db.DBStoreBuilder (DBStoreBuilder.java:processTables(183)) - Using default column profile:DBProfile.DISK for Table:deletedBlocks
2019-11-18 11:26:34,751 [main] INFO  db.DBStoreBuilder (DBStoreBuilder.java:addTable(127)) - using custom profile for table: validCerts
2019-11-18 11:26:34,751 [main] INFO  db.DBStoreBuilder (DBStoreBuilder.java:processTables(183)) - Using default column profile:DBProfile.DISK for Table:validCerts
2019-11-18 11:26:34,752 [main] INFO  db.DBStoreBuilder (DBStoreBuilder.java:addTable(127)) - using custom profile for table: revokedCerts
2019-11-18 11:26:34,752 [main] INFO  db.DBStoreBuilder (DBStoreBuilder.java:processTables(183)) - Using default column profile:DBProfile.DISK for Table:revokedCerts
2019-11-18 11:26:34,763 [main] INFO  db.DBStoreBuilder (DBStoreBuilder.java:addTable(127)) - using custom profile for table: default
2019-11-18 11:26:34,763 [main] INFO  db.DBStoreBuilder (DBStoreBuilder.java:processTables(189)) - Using default column profile:DBProfile.DISK for Table:default
2019-11-18 11:26:34,765 [main] INFO  db.DBStoreBuilder (DBStoreBuilder.java:getDbProfile(220)) - Using default options. DBProfile.DISK
2019-11-18 11:26:35,019 [main] INFO  net.NodeSchemaLoader (NodeSchemaLoader.java:loadSchemaFromFile(125)) - Loading file from sun.misc.CompoundEnumeration@78691363
2019-11-18 11:26:35,022 [main] INFO  net.NodeSchemaLoader (NodeSchemaLoader.java:loadSchema(171)) - Loading network topology layer schema file
2019-11-18 11:26:35,078 [main] WARN  server.ServerUtils (ServerUtils.java:sanitizeUserArgs(70)) - ozone.scm.stale.node.interval value = 1000000 is larger than max = 100000 based on the key value of ozone.scm.heartbeat.thread.interval, reset to the max value 100000.
2019-11-18 11:26:35,080 [main] WARN  server.ServerUtils (ServerUtils.java:sanitizeUserArgs(70)) - ozone.scm.stale.node.interval value = 1000000 is larger than max = 100000 based on the key value of ozone.scm.heartbeat.thread.interval, reset to the max value 100000.
2019-11-18 11:26:35,083 [main] INFO  node.SCMNodeManager (SCMNodeManager.java:<init>(116)) - Entering startup safe mode.
2019-11-18 11:26:35,144 [main] INFO  algorithms.ContainerPlacementPolicyFactory (ContainerPlacementPolicyFactory.java:getPolicy(57)) - Create container placement policy of type org.apache.hadoop.hdds.scm.container.placement.algorithms.SCMContainerPlacementRandom
2019-11-18 11:26:35,164 [main] WARN  server.ServerUtils (ServerUtils.java:getScmDbDir(145)) - ozone.scm.db.dirs is not configured. We recommend adding this setting. Falling back to ozone.metadata.dirs instead.
2019-11-18 11:26:35,230 [main] INFO  pipeline.SCMPipelineManager (SCMPipelineManager.java:initializePipelineState(132)) - No pipeline exists in current db
2019-11-18 11:26:35,233 [main] WARN  server.ServerUtils (ServerUtils.java:getScmDbDir(145)) - ozone.scm.db.dirs is not configured. We recommend adding this setting. Falling back to ozone.metadata.dirs instead.
2019-11-18 11:26:35,339 [main] WARN  events.EventQueue (EventQueue.java:fireEvent(183)) - No event handler registered for event TypedEvent{payloadType=SafeModeStatus, name='SafeModeStatus'}
2019-11-18 11:26:35,717 [main] INFO  ipc.CallQueueManager (CallQueueManager.java:<init>(84)) - Using callQueue: class java.util.concurrent.LinkedBlockingQueue, queueCapacity: 2000, scheduler: class org.apache.hadoop.ipc.DefaultRpcScheduler, ipcBackoff: false.
2019-11-18 11:26:35,851 [Socket Reader #1 for port 41638] INFO  ipc.Server (Server.java:run(1074)) - Starting Socket Reader #1 for port 41638
2019-11-18 11:26:35,899 [main] INFO  ipc.CallQueueManager (CallQueueManager.java:<init>(84)) - Using callQueue: class java.util.concurrent.LinkedBlockingQueue, queueCapacity: 2000, scheduler: class org.apache.hadoop.ipc.DefaultRpcScheduler, ipcBackoff: false.
2019-11-18 11:26:35,900 [Socket Reader #1 for port 44746] INFO  ipc.Server (Server.java:run(1074)) - Starting Socket Reader #1 for port 44746
2019-11-18 11:26:35,912 [main] INFO  ipc.CallQueueManager (CallQueueManager.java:<init>(84)) - Using callQueue: class java.util.concurrent.LinkedBlockingQueue, queueCapacity: 2000, scheduler: class org.apache.hadoop.ipc.DefaultRpcScheduler, ipcBackoff: false.
2019-11-18 11:26:35,913 [Socket Reader #1 for port 39683] INFO  ipc.Server (Server.java:run(1074)) - Starting Socket Reader #1 for port 39683
2019-11-18 11:26:35,941 [main] INFO  hdfs.DFSUtil (DFSUtil.java:httpServerTemplateForNNAndJN(1641)) - Starting Web-server for scm at: http://0.0.0.0:0
2019-11-18 11:26:36,090 [main] INFO  server.AuthenticationFilter (AuthenticationFilter.java:constructSecretProvider(240)) - Unable to initialize FileSignerSecretProvider, falling back to use random secrets.
2019-11-18 11:26:36,100 [main] WARN  http.HttpRequestLog (HttpRequestLog.java:getRequestLog(97)) - Jetty request log can only be enabled using Log4j
2019-11-18 11:26:36,108 [main] INFO  http.HttpServer2 (HttpServer2.java:addGlobalFilter(975)) - Added global filter 'safety' (class=org.apache.hadoop.http.HttpServer2$QuotingInputFilter)
2019-11-18 11:26:36,110 [main] INFO  http.HttpServer2 (HttpServer2.java:addFilter(948)) - Added filter static_user_filter (class=org.apache.hadoop.http.lib.StaticUserWebFilter$StaticUserFilter) to context scm
2019-11-18 11:26:36,111 [main] INFO  http.HttpServer2 (HttpServer2.java:addFilter(958)) - Added filter static_user_filter (class=org.apache.hadoop.http.lib.StaticUserWebFilter$StaticUserFilter) to context logs
2019-11-18 11:26:36,111 [main] INFO  http.HttpServer2 (HttpServer2.java:addFilter(958)) - Added filter static_user_filter (class=org.apache.hadoop.http.lib.StaticUserWebFilter$StaticUserFilter) to context static
2019-11-18 11:26:36,142 [main] INFO  server.StorageContainerManager (StorageContainerManager.java:start(766)) - StorageContainerLocationProtocol RPC server is listening at /0.0.0.0:39683
2019-11-18 11:26:36,214 [main] WARN  impl.MetricsConfig (MetricsConfig.java:loadFirst(134)) - Cannot locate configuration: tried hadoop-metrics2-storagecontainermanager.properties,hadoop-metrics2.properties
2019-11-18 11:26:36,228 [main] INFO  impl.MetricsSystemImpl (MetricsSystemImpl.java:startTimer(374)) - Scheduled Metric snapshot period at 10 second(s).
2019-11-18 11:26:36,229 [main] INFO  impl.MetricsSystemImpl (MetricsSystemImpl.java:start(191)) - StorageContainerManager metrics system started
2019-11-18 11:26:36,488 [main] INFO  server.SCMClientProtocolServer (SCMClientProtocolServer.java:start(160)) - RPC server for Client  is listening at /0.0.0.0:39683
2019-11-18 11:26:36,489 [IPC Server Responder] INFO  ipc.Server (Server.java:run(1314)) - IPC Server Responder: starting
2019-11-18 11:26:36,489 [IPC Server listener on 39683] INFO  ipc.Server (Server.java:run(1153)) - IPC Server listener on 39683: starting
2019-11-18 11:26:36,492 [main] INFO  server.StorageContainerManager (StorageContainerManager.java:start(776)) - ScmBlockLocationProtocol RPC server is listening at /0.0.0.0:44746
2019-11-18 11:26:36,492 [main] INFO  server.SCMBlockProtocolServer (SCMBlockProtocolServer.java:start(146)) - RPC server for Block Protocol is listening at /0.0.0.0:44746
2019-11-18 11:26:36,493 [IPC Server Responder] INFO  ipc.Server (Server.java:run(1314)) - IPC Server Responder: starting
2019-11-18 11:26:36,493 [IPC Server listener on 44746] INFO  ipc.Server (Server.java:run(1153)) - IPC Server listener on 44746: starting
2019-11-18 11:26:36,496 [main] INFO  server.StorageContainerManager (StorageContainerManager.java:start(780)) - ScmDatanodeProtocl RPC server is listening at /0.0.0.0:41638
2019-11-18 11:26:36,496 [main] INFO  server.SCMDatanodeProtocolServer (SCMDatanodeProtocolServer.java:start(169)) - RPC server for DataNodes is listening at /0.0.0.0:41638
2019-11-18 11:26:36,497 [IPC Server Responder] INFO  ipc.Server (Server.java:run(1314)) - IPC Server Responder: starting
2019-11-18 11:26:36,497 [IPC Server listener on 41638] INFO  ipc.Server (Server.java:run(1153)) - IPC Server listener on 41638: starting
2019-11-18 11:26:36,500 [main] INFO  http.HttpServer2 (HttpServer2.java:bindListener(1191)) - Jetty bound to port 41221
2019-11-18 11:26:36,502 [main] INFO  server.Server (Server.java:doStart(351)) - jetty-9.3.25.v20180904, build timestamp: 2018-09-04T21:11:46Z, git hash: 3ce520221d0240229c862b122d2b06c12a625732
2019-11-18 11:26:36,539 [main] INFO  handler.ContextHandler (ContextHandler.java:doStart(781)) - Started o.e.j.s.ServletContextHandler@753432a2{/logs,file:///workdir/hadoop-ozone/integration-test/target/log,AVAILABLE}
2019-11-18 11:26:36,539 [main] INFO  handler.ContextHandler (ContextHandler.java:doStart(781)) - Started o.e.j.s.ServletContextHandler@4983159f{/static,file:///workdir/hadoop-ozone/integration-test/target/test-classes/webapps/static,AVAILABLE}
2019-11-18 11:26:36,570 [main] INFO  handler.ContextHandler (ContextHandler.java:doStart(781)) - Started o.e.j.w.WebAppContext@70ab80e3{/,file:///workdir/hadoop-ozone/integration-test/target/test-classes/webapps/scm/,AVAILABLE}{/scm}
2019-11-18 11:26:36,576 [main] INFO  server.AbstractConnector (AbstractConnector.java:doStart(278)) - Started ServerConnector@410954b{HTTP/1.1,[http/1.1]}{0.0.0.0:41221}
2019-11-18 11:26:36,576 [main] INFO  server.Server (Server.java:doStart(419)) - Started @2810ms
2019-11-18 11:26:36,578 [main] INFO  impl.MetricsSinkAdapter (MetricsSinkAdapter.java:start(204)) - Sink prometheus started
2019-11-18 11:26:36,578 [main] INFO  impl.MetricsSystemImpl (MetricsSystemImpl.java:registerSink(301)) - Registered sink prometheus
2019-11-18 11:26:36,580 [main] INFO  server.BaseHttpServer (BaseHttpServer.java:updateConnectorAddress(215)) - HTTP server of SCM is listening at http://0.0.0.0:41221
2019-11-18 11:26:36,588 [org.apache.hadoop.util.JvmPauseMonitor$Monitor@579d011c] INFO  util.JvmPauseMonitor (JvmPauseMonitor.java:run(188)) - Starting JVM pause monitor
2019-11-18 11:26:36,593 [main] WARN  server.ServerUtils (ServerUtils.java:getDBPath(222)) - ozone.om.db.dirs is not configured. We recommend adding this setting. Falling back to ozone.metadata.dirs instead.
2019-11-18 11:26:36,728 [main] INFO  ha.OMHANodeDetails (OMHANodeDetails.java:loadOMHAConfig(190)) - Configuration either no ozone.om.address set. Falling back to the default OM address /127.0.0.1:0
2019-11-18 11:26:36,728 [main] INFO  ha.OMHANodeDetails (OMHANodeDetails.java:getOMNodeDetails(220)) - OM Service ID is not set. Setting it to the default ID: omServiceIdDefault
2019-11-18 11:26:36,730 [main] WARN  server.ServerUtils (ServerUtils.java:getDBPath(222)) - ozone.om.db.dirs is not configured. We recommend adding this setting. Falling back to ozone.metadata.dirs instead.
2019-11-18 11:26:36,731 [main] WARN  server.ServerUtils (ServerUtils.java:getDBPath(222)) - ozone.om.db.dirs is not configured. We recommend adding this setting. Falling back to ozone.metadata.dirs instead.
2019-11-18 11:26:37,362 [main] WARN  server.ServerUtils (ServerUtils.java:getDBPath(222)) - ozone.om.db.dirs is not configured. We recommend adding this setting. Falling back to ozone.metadata.dirs instead.
2019-11-18 11:26:37,370 [main] INFO  db.DBStoreBuilder (DBStoreBuilder.java:addTable(127)) - using custom profile for table: userTable
2019-11-18 11:26:37,370 [main] INFO  db.DBStoreBuilder (DBStoreBuilder.java:processTables(183)) - Using default column profile:DBProfile.DISK for Table:userTable
2019-11-18 11:26:37,371 [main] INFO  db.DBStoreBuilder (DBStoreBuilder.java:addTable(127)) - using custom profile for table: volumeTable
2019-11-18 11:26:37,371 [main] INFO  db.DBStoreBuilder (DBStoreBuilder.java:processTables(183)) - Using default column profile:DBProfile.DISK for Table:volumeTable
2019-11-18 11:26:37,371 [main] INFO  db.DBStoreBuilder (DBStoreBuilder.java:addTable(127)) - using custom profile for table: bucketTable
2019-11-18 11:26:37,371 [main] INFO  db.DBStoreBuilder (DBStoreBuilder.java:processTables(183)) - Using default column profile:DBProfile.DISK for Table:bucketTable
2019-11-18 11:26:37,372 [main] INFO  db.DBStoreBuilder (DBStoreBuilder.java:addTable(127)) - using custom profile for table: keyTable
2019-11-18 11:26:37,372 [main] INFO  db.DBStoreBuilder (DBStoreBuilder.java:processTables(183)) - Using default column profile:DBProfile.DISK for Table:keyTable
2019-11-18 11:26:37,372 [main] INFO  db.DBStoreBuilder (DBStoreBuilder.java:addTable(127)) - using custom profile for table: deletedTable
2019-11-18 11:26:37,372 [main] INFO  db.DBStoreBuilder (DBStoreBuilder.java:processTables(183)) - Using default column profile:DBProfile.DISK for Table:deletedTable
2019-11-18 11:26:37,373 [main] INFO  db.DBStoreBuilder (DBStoreBuilder.java:addTable(127)) - using custom profile for table: openKeyTable
2019-11-18 11:26:37,373 [main] INFO  db.DBStoreBuilder (DBStoreBuilder.java:processTables(183)) - Using default column profile:DBProfile.DISK for Table:openKeyTable
2019-11-18 11:26:37,373 [main] INFO  db.DBStoreBuilder (DBStoreBuilder.java:addTable(127)) - using custom profile for table: s3Table
2019-11-18 11:26:37,373 [main] INFO  db.DBStoreBuilder (DBStoreBuilder.java:processTables(183)) - Using default column profile:DBProfile.DISK for Table:s3Table
2019-11-18 11:26:37,373 [main] INFO  db.DBStoreBuilder (DBStoreBuilder.java:addTable(127)) - using custom profile for table: multipartInfoTable
2019-11-18 11:26:37,374 [main] INFO  db.DBStoreBuilder (DBStoreBuilder.java:processTables(183)) - Using default column profile:DBProfile.DISK for Table:multipartInfoTable
2019-11-18 11:26:37,374 [main] INFO  db.DBStoreBuilder (DBStoreBuilder.java:addTable(127)) - using custom profile for table: dTokenTable
2019-11-18 11:26:37,374 [main] INFO  db.DBStoreBuilder (DBStoreBuilder.java:processTables(183)) - Using default column profile:DBProfile.DISK for Table:dTokenTable
2019-11-18 11:26:37,374 [main] INFO  db.DBStoreBuilder (DBStoreBuilder.java:addTable(127)) - using custom profile for table: s3SecretTable
2019-11-18 11:26:37,375 [main] INFO  db.DBStoreBuilder (DBStoreBuilder.java:processTables(183)) - Using default column profile:DBProfile.DISK for Table:s3SecretTable
2019-11-18 11:26:37,375 [main] INFO  db.DBStoreBuilder (DBStoreBuilder.java:addTable(127)) - using custom profile for table: prefixTable
2019-11-18 11:26:37,375 [main] INFO  db.DBStoreBuilder (DBStoreBuilder.java:processTables(183)) - Using default column profile:DBProfile.DISK for Table:prefixTable
2019-11-18 11:26:37,375 [main] INFO  db.DBStoreBuilder (DBStoreBuilder.java:addTable(127)) - using custom profile for table: default
2019-11-18 11:26:37,375 [main] INFO  db.DBStoreBuilder (DBStoreBuilder.java:processTables(189)) - Using default column profile:DBProfile.DISK for Table:default
2019-11-18 11:26:37,376 [main] INFO  db.DBStoreBuilder (DBStoreBuilder.java:getDbProfile(220)) - Using default options. DBProfile.DISK
2019-11-18 11:26:37,796 [main] INFO  ipc.CallQueueManager (CallQueueManager.java:<init>(84)) - Using callQueue: class java.util.concurrent.LinkedBlockingQueue, queueCapacity: 2000, scheduler: class org.apache.hadoop.ipc.DefaultRpcScheduler, ipcBackoff: false.
2019-11-18 11:26:37,797 [Socket Reader #1 for port 44161] INFO  ipc.Server (Server.java:run(1074)) - Starting Socket Reader #1 for port 44161
2019-11-18 11:26:37,817 [main] INFO  om.OzoneManager (OzoneManager.java:start(1077)) - OzoneManager RPC server is listening at localhost/127.0.0.1:44161
2019-11-18 11:26:37,818 [main] INFO  impl.MetricsSystemImpl (MetricsSystemImpl.java:init(158)) - OzoneManager metrics system started (again)
2019-11-18 11:26:37,825 [IPC Server Responder] INFO  ipc.Server (Server.java:run(1314)) - IPC Server Responder: starting
2019-11-18 11:26:37,826 [IPC Server listener on 44161] INFO  ipc.Server (Server.java:run(1153)) - IPC Server listener on 44161: starting
2019-11-18 11:26:37,831 [main] INFO  hdfs.DFSUtil (DFSUtil.java:httpServerTemplateForNNAndJN(1641)) - Starting Web-server for ozoneManager at: http://0.0.0.0:0
2019-11-18 11:26:37,833 [main] INFO  server.AuthenticationFilter (AuthenticationFilter.java:constructSecretProvider(240)) - Unable to initialize FileSignerSecretProvider, falling back to use random secrets.
2019-11-18 11:26:37,834 [main] WARN  http.HttpRequestLog (HttpRequestLog.java:getRequestLog(97)) - Jetty request log can only be enabled using Log4j
2019-11-18 11:26:37,838 [main] INFO  http.HttpServer2 (HttpServer2.java:addGlobalFilter(975)) - Added global filter 'safety' (class=org.apache.hadoop.http.HttpServer2$QuotingInputFilter)
2019-11-18 11:26:37,839 [main] INFO  http.HttpServer2 (HttpServer2.java:addFilter(948)) - Added filter static_user_filter (class=org.apache.hadoop.http.lib.StaticUserWebFilter$StaticUserFilter) to context ozoneManager
2019-11-18 11:26:37,840 [main] INFO  http.HttpServer2 (HttpServer2.java:addFilter(958)) - Added filter static_user_filter (class=org.apache.hadoop.http.lib.StaticUserWebFilter$StaticUserFilter) to context static
2019-11-18 11:26:37,840 [main] INFO  http.HttpServer2 (HttpServer2.java:addFilter(958)) - Added filter static_user_filter (class=org.apache.hadoop.http.lib.StaticUserWebFilter$StaticUserFilter) to context logs
2019-11-18 11:26:37,843 [main] INFO  http.HttpServer2 (HttpServer2.java:bindListener(1191)) - Jetty bound to port 33820
2019-11-18 11:26:37,843 [main] INFO  server.Server (Server.java:doStart(351)) - jetty-9.3.25.v20180904, build timestamp: 2018-09-04T21:11:46Z, git hash: 3ce520221d0240229c862b122d2b06c12a625732
2019-11-18 11:26:37,846 [main] INFO  handler.ContextHandler (ContextHandler.java:doStart(781)) - Started o.e.j.s.ServletContextHandler@726a17c4{/logs,file:///workdir/hadoop-ozone/integration-test/target/log,AVAILABLE}
2019-11-18 11:26:37,847 [main] INFO  handler.ContextHandler (ContextHandler.java:doStart(781)) - Started o.e.j.s.ServletContextHandler@c4c0b41{/static,file:///workdir/hadoop-ozone/integration-test/target/test-classes/webapps/static,AVAILABLE}
2019-11-18 11:26:37,853 [main] INFO  handler.ContextHandler (ContextHandler.java:doStart(781)) - Started o.e.j.w.WebAppContext@73877e19{/,file:///workdir/hadoop-ozone/integration-test/target/test-classes/webapps/ozoneManager/,AVAILABLE}{/ozoneManager}
2019-11-18 11:26:37,854 [main] INFO  server.AbstractConnector (AbstractConnector.java:doStart(278)) - Started ServerConnector@7b208b45{HTTP/1.1,[http/1.1]}{0.0.0.0:33820}
2019-11-18 11:26:37,854 [main] INFO  server.Server (Server.java:doStart(419)) - Started @4088ms
2019-11-18 11:26:37,854 [main] WARN  impl.MetricsSystemImpl (MetricsSystemImpl.java:register(276)) - Sink prometheus already exists!
2019-11-18 11:26:37,855 [main] INFO  server.BaseHttpServer (BaseHttpServer.java:updateConnectorAddress(215)) - HTTP server of OZONEMANAGER is listening at http://0.0.0.0:33820
2019-11-18 11:26:38,139 [main] INFO  impl.MetricsSystemImpl (MetricsSystemImpl.java:init(158)) - HddsDatanode metrics system started (again)
2019-11-18 11:26:38,195 [main] INFO  ozone.HddsDatanodeService (HddsDatanodeService.java:start(186)) - HddsDatanodeService host:pr-hdds-2372-2m6rk-3135575179 ip:192.168.164.220
2019-11-18 11:26:38,242 [main] INFO  volume.HddsVolume (HddsVolume.java:<init>(176)) - Creating Volume: /workdir/hadoop-ozone/integration-test/target/test-dir/MiniOzoneClusterImpl-c13bc5a2-e6f5-4c78-9e21-084296016979/datanode-0/data/containers/hdds of  storage type : DISK and capacity : 1482555576320
2019-11-18 11:26:38,245 [main] INFO  volume.VolumeSet (VolumeSet.java:initializeVolumeSet(170)) - Added Volume : /workdir/hadoop-ozone/integration-test/target/test-dir/MiniOzoneClusterImpl-c13bc5a2-e6f5-4c78-9e21-084296016979/datanode-0/data/containers/hdds to VolumeSet
2019-11-18 11:26:38,248 [main] INFO  volume.ThrottledAsyncChecker (ThrottledAsyncChecker.java:schedule(141)) - Scheduling a check for /workdir/hadoop-ozone/integration-test/target/test-dir/MiniOzoneClusterImpl-c13bc5a2-e6f5-4c78-9e21-084296016979/datanode-0/data/containers/hdds
2019-11-18 11:26:38,269 [main] INFO  volume.HddsVolumeChecker (HddsVolumeChecker.java:checkAllVolumes(204)) - Scheduled health check for volume /workdir/hadoop-ozone/integration-test/target/test-dir/MiniOzoneClusterImpl-c13bc5a2-e6f5-4c78-9e21-084296016979/datanode-0/data/containers/hdds
2019-11-18 11:26:38,376 [main] INFO  impl.RaftServerProxy (ConfUtils.java:logGet(43)) - raft.rpc.type = GRPC (default)
2019-11-18 11:26:38,439 [main] INFO  grpc.GrpcFactory (GrpcFactory.java:checkPooledByteBufAllocatorUseCacheForAllThreads(45)) - PERFORMANCE WARNING: useCacheForAllThreads is true that may cause Netty to create a lot garbage objects and, as a result, trigger GC.
	It is recommended to disable useCacheForAllThreads by setting -Dorg.apache.ratis.thirdparty.io.netty.allocator.useCacheForAllThreads=false in command line.
2019-11-18 11:26:38,444 [main] INFO  grpc.GrpcConfigKeys$Server (ConfUtils.java:logGet(43)) - raft.grpc.server.port = 0 (default)
2019-11-18 11:26:38,445 [main] INFO  server.GrpcService (ConfUtils.java:logGet(43)) - raft.grpc.message.size.max = 33570816 (custom)
2019-11-18 11:26:38,446 [main] INFO  server.RaftServerConfigKeys (ConfUtils.java:logGet(43)) - raft.server.log.appender.buffer.byte-limit = 33554432 (custom)
2019-11-18 11:26:38,447 [main] INFO  server.GrpcService (ConfUtils.java:logGet(43)) - raft.grpc.flow.control.window = 1MB (=1048576) (default)
2019-11-18 11:26:38,448 [main] INFO  server.RaftServerConfigKeys (ConfUtils.java:logGet(43)) - raft.server.rpc.request.timeout = 3000ms (default)
2019-11-18 11:26:38,612 [main] INFO  server.RaftServerConfigKeys (ConfUtils.java:logGet(43)) - raft.server.storage.dir = [/workdir/hadoop-ozone/integration-test/target/test-dir/MiniOzoneClusterImpl-c13bc5a2-e6f5-4c78-9e21-084296016979/datanode-0/data/ratis] (custom)
2019-11-18 11:26:38,662 [main] INFO  hdfs.DFSUtil (DFSUtil.java:httpServerTemplateForNNAndJN(1641)) - Starting Web-server for hddsDatanode at: http://0.0.0.0:0
2019-11-18 11:26:38,665 [main] INFO  server.AuthenticationFilter (AuthenticationFilter.java:constructSecretProvider(240)) - Unable to initialize FileSignerSecretProvider, falling back to use random secrets.
2019-11-18 11:26:38,666 [main] WARN  http.HttpRequestLog (HttpRequestLog.java:getRequestLog(97)) - Jetty request log can only be enabled using Log4j
2019-11-18 11:26:38,668 [main] INFO  http.HttpServer2 (HttpServer2.java:addGlobalFilter(975)) - Added global filter 'safety' (class=org.apache.hadoop.http.HttpServer2$QuotingInputFilter)
2019-11-18 11:26:38,669 [main] INFO  http.HttpServer2 (HttpServer2.java:addFilter(948)) - Added filter static_user_filter (class=org.apache.hadoop.http.lib.StaticUserWebFilter$StaticUserFilter) to context hddsDatanode
2019-11-18 11:26:38,670 [main] INFO  http.HttpServer2 (HttpServer2.java:addFilter(958)) - Added filter static_user_filter (class=org.apache.hadoop.http.lib.StaticUserWebFilter$StaticUserFilter) to context static
2019-11-18 11:26:38,670 [main] INFO  http.HttpServer2 (HttpServer2.java:addFilter(958)) - Added filter static_user_filter (class=org.apache.hadoop.http.lib.StaticUserWebFilter$StaticUserFilter) to context logs
2019-11-18 11:26:38,672 [main] INFO  http.HttpServer2 (HttpServer2.java:bindListener(1191)) - Jetty bound to port 42289
2019-11-18 11:26:38,672 [main] INFO  server.Server (Server.java:doStart(351)) - jetty-9.3.25.v20180904, build timestamp: 2018-09-04T21:11:46Z, git hash: 3ce520221d0240229c862b122d2b06c12a625732
2019-11-18 11:26:38,676 [main] INFO  handler.ContextHandler (ContextHandler.java:doStart(781)) - Started o.e.j.s.ServletContextHandler@302edb74{/logs,file:///workdir/hadoop-ozone/integration-test/target/log,AVAILABLE}
2019-11-18 11:26:38,676 [main] INFO  handler.ContextHandler (ContextHandler.java:doStart(781)) - Started o.e.j.s.ServletContextHandler@672b72ba{/static,jar:file:/home/user/.m2/repository/org/apache/hadoop/hadoop-hdds-container-service/0.5.0-SNAPSHOT/hadoop-hdds-container-service-0.5.0-SNAPSHOT.jar!/webapps/static,AVAILABLE}
2019-11-18 11:26:38,728 [main] INFO  handler.ContextHandler (ContextHandler.java:doStart(781)) - Started o.e.j.w.WebAppContext@290d10ef{/,file:///tmp/jetty-0.0.0.0-42289-hddsDatanode-_-any-3819788346259317565.dir/webapp/,AVAILABLE}{/hddsDatanode}
2019-11-18 11:26:38,729 [main] INFO  server.AbstractConnector (AbstractConnector.java:doStart(278)) - Started ServerConnector@1bc0d349{HTTP/1.1,[http/1.1]}{0.0.0.0:42289}
2019-11-18 11:26:38,729 [main] INFO  server.Server (Server.java:doStart(419)) - Started @4963ms
2019-11-18 11:26:38,729 [main] WARN  impl.MetricsSystemImpl (MetricsSystemImpl.java:register(276)) - Sink prometheus already exists!
2019-11-18 11:26:38,731 [main] INFO  server.BaseHttpServer (BaseHttpServer.java:updateConnectorAddress(215)) - HTTP server of HDDSDATANODE is listening at http://0.0.0.0:42289
2019-11-18 11:26:38,732 [main] INFO  impl.MetricsSystemImpl (MetricsSystemImpl.java:init(158)) - HddsDatanode metrics system started (again)
2019-11-18 11:26:38,734 [main] INFO  ozone.HddsDatanodeService (HddsDatanodeService.java:start(186)) - HddsDatanodeService host:pr-hdds-2372-2m6rk-3135575179 ip:192.168.164.220
2019-11-18 11:26:38,737 [org.apache.hadoop.util.JvmPauseMonitor$Monitor@27d866c5] INFO  util.JvmPauseMonitor (JvmPauseMonitor.java:run(188)) - Starting JVM pause monitor
2019-11-18 11:26:38,743 [main] INFO  volume.HddsVolume (HddsVolume.java:<init>(176)) - Creating Volume: /workdir/hadoop-ozone/integration-test/target/test-dir/MiniOzoneClusterImpl-c13bc5a2-e6f5-4c78-9e21-084296016979/datanode-1/data/containers/hdds of  storage type : DISK and capacity : 1482555576320
2019-11-18 11:26:38,743 [main] INFO  volume.VolumeSet (VolumeSet.java:initializeVolumeSet(170)) - Added Volume : /workdir/hadoop-ozone/integration-test/target/test-dir/MiniOzoneClusterImpl-c13bc5a2-e6f5-4c78-9e21-084296016979/datanode-1/data/containers/hdds to VolumeSet
2019-11-18 11:26:38,744 [main] INFO  volume.ThrottledAsyncChecker (ThrottledAsyncChecker.java:schedule(141)) - Scheduling a check for /workdir/hadoop-ozone/integration-test/target/test-dir/MiniOzoneClusterImpl-c13bc5a2-e6f5-4c78-9e21-084296016979/datanode-1/data/containers/hdds
2019-11-18 11:26:38,744 [main] INFO  volume.HddsVolumeChecker (HddsVolumeChecker.java:checkAllVolumes(204)) - Scheduled health check for volume /workdir/hadoop-ozone/integration-test/target/test-dir/MiniOzoneClusterImpl-c13bc5a2-e6f5-4c78-9e21-084296016979/datanode-1/data/containers/hdds
2019-11-18 11:26:38,758 [main] INFO  impl.RaftServerProxy (ConfUtils.java:logGet(43)) - raft.rpc.type = GRPC (default)
2019-11-18 11:26:38,758 [main] INFO  grpc.GrpcFactory (GrpcFactory.java:checkPooledByteBufAllocatorUseCacheForAllThreads(45)) - PERFORMANCE WARNING: useCacheForAllThreads is true that may cause Netty to create a lot garbage objects and, as a result, trigger GC.
	It is recommended to disable useCacheForAllThreads by setting -Dorg.apache.ratis.thirdparty.io.netty.allocator.useCacheForAllThreads=false in command line.
2019-11-18 11:26:38,758 [main] INFO  grpc.GrpcConfigKeys$Server (ConfUtils.java:logGet(43)) - raft.grpc.server.port = 0 (default)
2019-11-18 11:26:38,759 [main] INFO  server.GrpcService (ConfUtils.java:logGet(43)) - raft.grpc.message.size.max = 33570816 (custom)
2019-11-18 11:26:38,759 [main] INFO  server.RaftServerConfigKeys (ConfUtils.java:logGet(43)) - raft.server.log.appender.buffer.byte-limit = 33554432 (custom)
2019-11-18 11:26:38,759 [main] INFO  server.GrpcService (ConfUtils.java:logGet(43)) - raft.grpc.flow.control.window = 1MB (=1048576) (default)
2019-11-18 11:26:38,759 [main] INFO  server.RaftServerConfigKeys (ConfUtils.java:logGet(43)) - raft.server.rpc.request.timeout = 3000ms (default)
2019-11-18 11:26:38,760 [main] INFO  server.RaftServerConfigKeys (ConfUtils.java:logGet(43)) - raft.server.storage.dir = [/workdir/hadoop-ozone/integration-test/target/test-dir/MiniOzoneClusterImpl-c13bc5a2-e6f5-4c78-9e21-084296016979/datanode-1/data/ratis] (custom)
2019-11-18 11:26:38,762 [main] INFO  hdfs.DFSUtil (DFSUtil.java:httpServerTemplateForNNAndJN(1641)) - Starting Web-server for hddsDatanode at: http://0.0.0.0:0
2019-11-18 11:26:38,763 [main] INFO  server.AuthenticationFilter (AuthenticationFilter.java:constructSecretProvider(240)) - Unable to initialize FileSignerSecretProvider, falling back to use random secrets.
2019-11-18 11:26:38,763 [main] WARN  http.HttpRequestLog (HttpRequestLog.java:getRequestLog(97)) - Jetty request log can only be enabled using Log4j
2019-11-18 11:26:38,765 [main] INFO  http.HttpServer2 (HttpServer2.java:addGlobalFilter(975)) - Added global filter 'safety' (class=org.apache.hadoop.http.HttpServer2$QuotingInputFilter)
2019-11-18 11:26:38,765 [main] INFO  http.HttpServer2 (HttpServer2.java:addFilter(948)) - Added filter static_user_filter (class=org.apache.hadoop.http.lib.StaticUserWebFilter$StaticUserFilter) to context hddsDatanode
2019-11-18 11:26:38,765 [main] INFO  http.HttpServer2 (HttpServer2.java:addFilter(958)) - Added filter static_user_filter (class=org.apache.hadoop.http.lib.StaticUserWebFilter$StaticUserFilter) to context logs
2019-11-18 11:26:38,766 [main] INFO  http.HttpServer2 (HttpServer2.java:addFilter(958)) - Added filter static_user_filter (class=org.apache.hadoop.http.lib.StaticUserWebFilter$StaticUserFilter) to context static
2019-11-18 11:26:38,766 [main] INFO  http.HttpServer2 (HttpServer2.java:bindListener(1191)) - Jetty bound to port 41212
2019-11-18 11:26:38,767 [main] INFO  server.Server (Server.java:doStart(351)) - jetty-9.3.25.v20180904, build timestamp: 2018-09-04T21:11:46Z, git hash: 3ce520221d0240229c862b122d2b06c12a625732
2019-11-18 11:26:38,769 [main] INFO  handler.ContextHandler (ContextHandler.java:doStart(781)) - Started o.e.j.s.ServletContextHandler@5bc7e78e{/logs,file:///workdir/hadoop-ozone/integration-test/target/log,AVAILABLE}
2019-11-18 11:26:38,769 [main] INFO  handler.ContextHandler (ContextHandler.java:doStart(781)) - Started o.e.j.s.ServletContextHandler@546e61d5{/static,jar:file:/home/user/.m2/repository/org/apache/hadoop/hadoop-hdds-container-service/0.5.0-SNAPSHOT/hadoop-hdds-container-service-0.5.0-SNAPSHOT.jar!/webapps/static,AVAILABLE}
2019-11-18 11:26:38,801 [main] INFO  handler.ContextHandler (ContextHandler.java:doStart(781)) - Started o.e.j.w.WebAppContext@14b789f6{/,file:///tmp/jetty-0.0.0.0-41212-hddsDatanode-_-any-8344147158606373154.dir/webapp/,AVAILABLE}{/hddsDatanode}
2019-11-18 11:26:38,801 [main] INFO  server.AbstractConnector (AbstractConnector.java:doStart(278)) - Started ServerConnector@6eb17ec8{HTTP/1.1,[http/1.1]}{0.0.0.0:41212}
2019-11-18 11:26:38,802 [main] INFO  server.Server (Server.java:doStart(419)) - Started @5036ms
2019-11-18 11:26:38,802 [main] WARN  impl.MetricsSystemImpl (MetricsSystemImpl.java:register(276)) - Sink prometheus already exists!
2019-11-18 11:26:38,804 [main] INFO  server.BaseHttpServer (BaseHttpServer.java:updateConnectorAddress(215)) - HTTP server of HDDSDATANODE is listening at http://0.0.0.0:41212
2019-11-18 11:26:38,804 [main] INFO  impl.MetricsSystemImpl (MetricsSystemImpl.java:init(158)) - HddsDatanode metrics system started (again)
2019-11-18 11:26:38,807 [main] INFO  ozone.HddsDatanodeService (HddsDatanodeService.java:start(186)) - HddsDatanodeService host:pr-hdds-2372-2m6rk-3135575179 ip:192.168.164.220
2019-11-18 11:26:38,807 [org.apache.hadoop.util.JvmPauseMonitor$Monitor@5e5ad9cf] INFO  util.JvmPauseMonitor (JvmPauseMonitor.java:run(188)) - Starting JVM pause monitor
2019-11-18 11:26:38,814 [main] INFO  volume.HddsVolume (HddsVolume.java:<init>(176)) - Creating Volume: /workdir/hadoop-ozone/integration-test/target/test-dir/MiniOzoneClusterImpl-c13bc5a2-e6f5-4c78-9e21-084296016979/datanode-2/data/containers/hdds of  storage type : DISK and capacity : 1482555576320
2019-11-18 11:26:38,814 [main] INFO  volume.VolumeSet (VolumeSet.java:initializeVolumeSet(170)) - Added Volume : /workdir/hadoop-ozone/integration-test/target/test-dir/MiniOzoneClusterImpl-c13bc5a2-e6f5-4c78-9e21-084296016979/datanode-2/data/containers/hdds to VolumeSet
2019-11-18 11:26:38,815 [main] INFO  volume.ThrottledAsyncChecker (ThrottledAsyncChecker.java:schedule(141)) - Scheduling a check for /workdir/hadoop-ozone/integration-test/target/test-dir/MiniOzoneClusterImpl-c13bc5a2-e6f5-4c78-9e21-084296016979/datanode-2/data/containers/hdds
2019-11-18 11:26:38,815 [main] INFO  volume.HddsVolumeChecker (HddsVolumeChecker.java:checkAllVolumes(204)) - Scheduled health check for volume /workdir/hadoop-ozone/integration-test/target/test-dir/MiniOzoneClusterImpl-c13bc5a2-e6f5-4c78-9e21-084296016979/datanode-2/data/containers/hdds
2019-11-18 11:26:38,828 [main] INFO  impl.RaftServerProxy (ConfUtils.java:logGet(43)) - raft.rpc.type = GRPC (default)
2019-11-18 11:26:38,828 [main] INFO  grpc.GrpcFactory (GrpcFactory.java:checkPooledByteBufAllocatorUseCacheForAllThreads(45)) - PERFORMANCE WARNING: useCacheForAllThreads is true that may cause Netty to create a lot garbage objects and, as a result, trigger GC.
	It is recommended to disable useCacheForAllThreads by setting -Dorg.apache.ratis.thirdparty.io.netty.allocator.useCacheForAllThreads=false in command line.
2019-11-18 11:26:38,828 [main] INFO  grpc.GrpcConfigKeys$Server (ConfUtils.java:logGet(43)) - raft.grpc.server.port = 0 (default)
2019-11-18 11:26:38,829 [main] INFO  server.GrpcService (ConfUtils.java:logGet(43)) - raft.grpc.message.size.max = 33570816 (custom)
2019-11-18 11:26:38,829 [main] INFO  server.RaftServerConfigKeys (ConfUtils.java:logGet(43)) - raft.server.log.appender.buffer.byte-limit = 33554432 (custom)
2019-11-18 11:26:38,829 [main] INFO  server.GrpcService (ConfUtils.java:logGet(43)) - raft.grpc.flow.control.window = 1MB (=1048576) (default)
2019-11-18 11:26:38,829 [main] INFO  server.RaftServerConfigKeys (ConfUtils.java:logGet(43)) - raft.server.rpc.request.timeout = 3000ms (default)
2019-11-18 11:26:38,830 [main] INFO  server.RaftServerConfigKeys (ConfUtils.java:logGet(43)) - raft.server.storage.dir = [/workdir/hadoop-ozone/integration-test/target/test-dir/MiniOzoneClusterImpl-c13bc5a2-e6f5-4c78-9e21-084296016979/datanode-2/data/ratis] (custom)
2019-11-18 11:26:38,832 [main] INFO  hdfs.DFSUtil (DFSUtil.java:httpServerTemplateForNNAndJN(1641)) - Starting Web-server for hddsDatanode at: http://0.0.0.0:0
2019-11-18 11:26:38,833 [main] INFO  server.AuthenticationFilter (AuthenticationFilter.java:constructSecretProvider(240)) - Unable to initialize FileSignerSecretProvider, falling back to use random secrets.
2019-11-18 11:26:38,834 [main] WARN  http.HttpRequestLog (HttpRequestLog.java:getRequestLog(97)) - Jetty request log can only be enabled using Log4j
2019-11-18 11:26:38,835 [main] INFO  http.HttpServer2 (HttpServer2.java:addGlobalFilter(975)) - Added global filter 'safety' (class=org.apache.hadoop.http.HttpServer2$QuotingInputFilter)
2019-11-18 11:26:38,836 [main] INFO  http.HttpServer2 (HttpServer2.java:addFilter(948)) - Added filter static_user_filter (class=org.apache.hadoop.http.lib.StaticUserWebFilter$StaticUserFilter) to context hddsDatanode
2019-11-18 11:26:38,836 [main] INFO  http.HttpServer2 (HttpServer2.java:addFilter(958)) - Added filter static_user_filter (class=org.apache.hadoop.http.lib.StaticUserWebFilter$StaticUserFilter) to context logs
2019-11-18 11:26:38,836 [main] INFO  http.HttpServer2 (HttpServer2.java:addFilter(958)) - Added filter static_user_filter (class=org.apache.hadoop.http.lib.StaticUserWebFilter$StaticUserFilter) to context static
2019-11-18 11:26:38,837 [main] INFO  http.HttpServer2 (HttpServer2.java:bindListener(1191)) - Jetty bound to port 35111
2019-11-18 11:26:38,837 [main] INFO  server.Server (Server.java:doStart(351)) - jetty-9.3.25.v20180904, build timestamp: 2018-09-04T21:11:46Z, git hash: 3ce520221d0240229c862b122d2b06c12a625732
2019-11-18 11:26:38,841 [main] INFO  handler.ContextHandler (ContextHandler.java:doStart(781)) - Started o.e.j.s.ServletContextHandler@22a736d7{/logs,file:///workdir/hadoop-ozone/integration-test/target/log,AVAILABLE}
2019-11-18 11:26:38,842 [main] INFO  handler.ContextHandler (ContextHandler.java:doStart(781)) - Started o.e.j.s.ServletContextHandler@7f353d99{/static,jar:file:/home/user/.m2/repository/org/apache/hadoop/hadoop-hdds-container-service/0.5.0-SNAPSHOT/hadoop-hdds-container-service-0.5.0-SNAPSHOT.jar!/webapps/static,AVAILABLE}
2019-11-18 11:26:38,853 [Datanode State Machine Thread - 0] INFO  datanode.InitDatanodeState (InitDatanodeState.java:persistContainerDatanodeDetails(140)) - DatanodeDetails is persisted to /workdir/hadoop-ozone/integration-test/target/test-dir/MiniOzoneClusterImpl-c13bc5a2-e6f5-4c78-9e21-084296016979/datanode-0/meta/datanode.id
2019-11-18 11:26:38,856 [Datanode State Machine Thread - 0] INFO  datanode.InitDatanodeState (InitDatanodeState.java:persistContainerDatanodeDetails(140)) - DatanodeDetails is persisted to /workdir/hadoop-ozone/integration-test/target/test-dir/MiniOzoneClusterImpl-c13bc5a2-e6f5-4c78-9e21-084296016979/datanode-1/meta/datanode.id
2019-11-18 11:26:38,874 [main] INFO  handler.ContextHandler (ContextHandler.java:doStart(781)) - Started o.e.j.w.WebAppContext@6403e24c{/,file:///tmp/jetty-0.0.0.0-35111-hddsDatanode-_-any-4672013145728433173.dir/webapp/,AVAILABLE}{/hddsDatanode}
2019-11-18 11:26:38,875 [main] INFO  server.AbstractConnector (AbstractConnector.java:doStart(278)) - Started ServerConnector@2f236de0{HTTP/1.1,[http/1.1]}{0.0.0.0:35111}
2019-11-18 11:26:38,875 [main] INFO  server.Server (Server.java:doStart(419)) - Started @5109ms
2019-11-18 11:26:38,878 [main] WARN  impl.MetricsSystemImpl (MetricsSystemImpl.java:register(276)) - Sink prometheus already exists!
2019-11-18 11:26:38,879 [main] INFO  server.BaseHttpServer (BaseHttpServer.java:updateConnectorAddress(215)) - HTTP server of HDDSDATANODE is listening at http://0.0.0.0:35111
2019-11-18 11:26:38,881 [main] INFO  ozone.MiniOzoneClusterImpl (MiniOzoneClusterImpl.java:lambda$waitForClusterToBeReady$2(171)) - Waiting for cluster to be ready. Got 0 of 3 DN Heartbeats.
2019-11-18 11:26:38,882 [org.apache.hadoop.util.JvmPauseMonitor$Monitor@2ee1ef52] INFO  util.JvmPauseMonitor (JvmPauseMonitor.java:run(188)) - Starting JVM pause monitor
2019-11-18 11:26:38,886 [Datanode State Machine Thread - 0] INFO  datanode.InitDatanodeState (InitDatanodeState.java:persistContainerDatanodeDetails(140)) - DatanodeDetails is persisted to /workdir/hadoop-ozone/integration-test/target/test-dir/MiniOzoneClusterImpl-c13bc5a2-e6f5-4c78-9e21-084296016979/datanode-2/meta/datanode.id
2019-11-18 11:26:39,883 [main] INFO  ozone.MiniOzoneClusterImpl (MiniOzoneClusterImpl.java:lambda$waitForClusterToBeReady$2(171)) - Waiting for cluster to be ready. Got 0 of 3 DN Heartbeats.
2019-11-18 11:26:40,856 [Datanode State Machine Thread - 0] INFO  ozoneimpl.OzoneContainer (OzoneContainer.java:start(230)) - Attempting to start container services.
2019-11-18 11:26:40,856 [Datanode State Machine Thread - 0] INFO  ozoneimpl.OzoneContainer (OzoneContainer.java:start(230)) - Attempting to start container services.
2019-11-18 11:26:40,860 [Datanode State Machine Thread - 0] INFO  ozoneimpl.OzoneContainer (OzoneContainer.java:startContainerScrub(194)) - Background container scanner has been disabled.
2019-11-18 11:26:40,860 [Datanode State Machine Thread - 0] INFO  ozoneimpl.OzoneContainer (OzoneContainer.java:startContainerScrub(194)) - Background container scanner has been disabled.
2019-11-18 11:26:40,861 [Datanode State Machine Thread - 0] INFO  ratis.XceiverServerRatis (XceiverServerRatis.java:start(421)) - Starting XceiverServerRatis c9b88515-1c59-4f59-a2e2-ec16c09fdaea at port 0
2019-11-18 11:26:40,861 [Datanode State Machine Thread - 0] INFO  ratis.XceiverServerRatis (XceiverServerRatis.java:start(421)) - Starting XceiverServerRatis b14c1e87-4020-4c6d-bcb6-f7f922273c3e at port 0
2019-11-18 11:26:40,885 [main] INFO  ozone.MiniOzoneClusterImpl (MiniOzoneClusterImpl.java:lambda$waitForClusterToBeReady$2(171)) - Waiting for cluster to be ready. Got 0 of 3 DN Heartbeats.
2019-11-18 11:26:40,899 [Datanode State Machine Thread - 0] INFO  impl.RaftServerProxy (RaftServerProxy.java:lambda$start$3(299)) - b14c1e87-4020-4c6d-bcb6-f7f922273c3e: start RPC server
2019-11-18 11:26:40,900 [Datanode State Machine Thread - 0] INFO  ozoneimpl.OzoneContainer (OzoneContainer.java:start(230)) - Attempting to start container services.
2019-11-18 11:26:40,899 [Datanode State Machine Thread - 0] INFO  impl.RaftServerProxy (RaftServerProxy.java:lambda$start$3(299)) - c9b88515-1c59-4f59-a2e2-ec16c09fdaea: start RPC server
2019-11-18 11:26:40,904 [Datanode State Machine Thread - 0] INFO  ozoneimpl.OzoneContainer (OzoneContainer.java:startContainerScrub(194)) - Background container scanner has been disabled.
2019-11-18 11:26:40,904 [Datanode State Machine Thread - 0] INFO  ratis.XceiverServerRatis (XceiverServerRatis.java:start(421)) - Starting XceiverServerRatis 67063eba-d0cd-4c00-aa34-c87f51e61a60 at port 0
2019-11-18 11:26:40,919 [Datanode State Machine Thread - 0] INFO  impl.RaftServerProxy (RaftServerProxy.java:lambda$start$3(299)) - 67063eba-d0cd-4c00-aa34-c87f51e61a60: start RPC server
2019-11-18 11:26:41,053 [Datanode State Machine Thread - 0] INFO  server.GrpcService (GrpcService.java:startImpl(158)) - b14c1e87-4020-4c6d-bcb6-f7f922273c3e: GrpcService started, listening on 0.0.0.0/0.0.0.0:34558
2019-11-18 11:26:41,053 [Datanode State Machine Thread - 0] INFO  server.GrpcService (GrpcService.java:startImpl(158)) - c9b88515-1c59-4f59-a2e2-ec16c09fdaea: GrpcService started, listening on 0.0.0.0/0.0.0.0:39836
2019-11-18 11:26:41,054 [Datanode State Machine Thread - 0] INFO  ratis.XceiverServerRatis (XceiverServerRatis.java:start(431)) - XceiverServerRatis b14c1e87-4020-4c6d-bcb6-f7f922273c3e is started using port 34558
2019-11-18 11:26:41,053 [Datanode State Machine Thread - 0] INFO  server.GrpcService (GrpcService.java:startImpl(158)) - 67063eba-d0cd-4c00-aa34-c87f51e61a60: GrpcService started, listening on 0.0.0.0/0.0.0.0:39623
2019-11-18 11:26:41,054 [Datanode State Machine Thread - 0] INFO  ratis.XceiverServerRatis (XceiverServerRatis.java:start(431)) - XceiverServerRatis c9b88515-1c59-4f59-a2e2-ec16c09fdaea is started using port 39836
2019-11-18 11:26:41,054 [Datanode State Machine Thread - 0] INFO  ratis.XceiverServerRatis (XceiverServerRatis.java:start(431)) - XceiverServerRatis 67063eba-d0cd-4c00-aa34-c87f51e61a60 is started using port 39623
2019-11-18 11:26:41,060 [Datanode State Machine Thread - 0] INFO  server.XceiverServerGrpc (XceiverServerGrpc.java:start(145)) - XceiverServerGrpc c9b88515-1c59-4f59-a2e2-ec16c09fdaea is started using port 40376
2019-11-18 11:26:41,060 [Datanode State Machine Thread - 0] INFO  server.XceiverServerGrpc (XceiverServerGrpc.java:start(145)) - XceiverServerGrpc b14c1e87-4020-4c6d-bcb6-f7f922273c3e is started using port 42782
2019-11-18 11:26:41,060 [Datanode State Machine Thread - 0] INFO  server.XceiverServerGrpc (XceiverServerGrpc.java:start(145)) - XceiverServerGrpc 67063eba-d0cd-4c00-aa34-c87f51e61a60 is started using port 35168
2019-11-18 11:26:41,886 [main] INFO  ozone.MiniOzoneClusterImpl (MiniOzoneClusterImpl.java:lambda$waitForClusterToBeReady$2(171)) - Waiting for cluster to be ready. Got 0 of 3 DN Heartbeats.
2019-11-18 11:26:42,779 [IPC Server handler 0 on 41638] INFO  net.NetworkTopology (NetworkTopologyImpl.java:add(111)) - Added a new node: /default-rack/c9b88515-1c59-4f59-a2e2-ec16c09fdaea
2019-11-18 11:26:42,780 [IPC Server handler 0 on 41638] INFO  node.SCMNodeManager (SCMNodeManager.java:register(267)) - Registered Data node : c9b88515-1c59-4f59-a2e2-ec16c09fdaea{ip: 192.168.164.220, host: pr-hdds-2372-2m6rk-3135575179, networkLocation: /default-rack, certSerialId: null}
2019-11-18 11:26:42,784 [EventQueue-NodeRegistrationContainerReportForDataNodeSafeModeRule] INFO  safemode.SCMSafeModeManager (DataNodeSafeModeRule.java:process(71)) - SCM in safe mode. 1 DataNodes registered, 1 required.
2019-11-18 11:26:42,785 [EventQueue-NodeRegistrationContainerReportForDataNodeSafeModeRule] INFO  safemode.SCMSafeModeManager (SCMSafeModeManager.java:validateSafeModeExitRules(177)) - ScmSafeModeManager, all rules are successfully validated
2019-11-18 11:26:42,785 [EventQueue-NodeRegistrationContainerReportForDataNodeSafeModeRule] INFO  safemode.SCMSafeModeManager (SCMSafeModeManager.java:exitSafeMode(193)) - SCM exiting safe mode.
2019-11-18 11:26:42,811 [IPC Server handler 1 on 41638] INFO  net.NetworkTopology (NetworkTopologyImpl.java:add(111)) - Added a new node: /default-rack/b14c1e87-4020-4c6d-bcb6-f7f922273c3e
2019-11-18 11:26:42,811 [IPC Server handler 1 on 41638] INFO  node.SCMNodeManager (SCMNodeManager.java:register(267)) - Registered Data node : b14c1e87-4020-4c6d-bcb6-f7f922273c3e{ip: 192.168.164.220, host: pr-hdds-2372-2m6rk-3135575179, networkLocation: /default-rack, certSerialId: null}
2019-11-18 11:26:42,886 [IPC Server handler 2 on 41638] INFO  net.NetworkTopology (NetworkTopologyImpl.java:add(111)) - Added a new node: /default-rack/67063eba-d0cd-4c00-aa34-c87f51e61a60
2019-11-18 11:26:42,886 [IPC Server handler 2 on 41638] INFO  node.SCMNodeManager (SCMNodeManager.java:register(267)) - Registered Data node : 67063eba-d0cd-4c00-aa34-c87f51e61a60{ip: 192.168.164.220, host: pr-hdds-2372-2m6rk-3135575179, networkLocation: /default-rack, certSerialId: null}
2019-11-18 11:26:43,265 [grpc-default-executor-0] INFO  impl.RaftServerProxy (RaftServerProxy.java:addNew(89)) - c9b88515-1c59-4f59-a2e2-ec16c09fdaea: addNew group-06D2601DB295:[c9b88515-1c59-4f59-a2e2-ec16c09fdaea:192.168.164.220:39836] returns group-06D2601DB295:java.util.concurrent.CompletableFuture@70be76ce[Not completed]
2019-11-18 11:26:43,281 [pool-27-thread-1] INFO  impl.RaftServerImpl (RaftServerImpl.java:<init>(98)) - c9b88515-1c59-4f59-a2e2-ec16c09fdaea: new RaftServerImpl for group-06D2601DB295:[c9b88515-1c59-4f59-a2e2-ec16c09fdaea:192.168.164.220:39836] with ContainerStateMachine:uninitialized
2019-11-18 11:26:43,283 [pool-27-thread-1] INFO  server.RaftServerConfigKeys (ConfUtils.java:logGet(43)) - raft.server.rpc.timeout.min = 5s (custom)
2019-11-18 11:26:43,287 [pool-27-thread-1] INFO  server.RaftServerConfigKeys (ConfUtils.java:logGet(43)) - raft.server.rpc.timeout.max = 5200ms (custom)
2019-11-18 11:26:43,287 [pool-27-thread-1] INFO  server.RaftServerConfigKeys (ConfUtils.java:logGet(43)) - raft.server.rpcslowness.timeout = 1000s (custom)
2019-11-18 11:26:43,288 [pool-27-thread-1] INFO  server.RaftServerConfigKeys (ConfUtils.java:logGet(43)) - raft.server.sleep.deviation.threshold = 300 (default)
2019-11-18 11:26:43,289 [pool-27-thread-1] INFO  server.RaftServerConfigKeys (ConfUtils.java:logGet(43)) - raft.server.log.appender.install.snapshot.enabled = false (custom)
2019-11-18 11:26:43,298 [pool-27-thread-1] INFO  impl.RaftServerImpl (ServerState.java:<init>(103)) - c9b88515-1c59-4f59-a2e2-ec16c09fdaea@group-06D2601DB295: ConfigurationManager, init=-1: [c9b88515-1c59-4f59-a2e2-ec16c09fdaea:192.168.164.220:39836], old=null, confs=<EMPTY_MAP>
2019-11-18 11:26:43,298 [pool-27-thread-1] INFO  server.RaftServerConfigKeys (ConfUtils.java:logGet(43)) - raft.server.storage.dir = [/workdir/hadoop-ozone/integration-test/target/test-dir/MiniOzoneClusterImpl-c13bc5a2-e6f5-4c78-9e21-084296016979/datanode-0/data/ratis] (custom)
2019-11-18 11:26:43,306 [pool-27-thread-1] INFO  server.RaftServerConfigKeys (ConfUtils.java:logGet(43)) - raft.server.log.corruption.policy = EXCEPTION (default)
2019-11-18 11:26:43,308 [pool-27-thread-1] INFO  storage.RaftStorageDirectory (RaftStorageDirectory.java:analyzeStorage(246)) - The storage directory /workdir/hadoop-ozone/integration-test/target/test-dir/MiniOzoneClusterImpl-c13bc5a2-e6f5-4c78-9e21-084296016979/datanode-0/data/ratis/9d45eb14-0f80-49e8-ae80-06d2601db295 does not exist. Creating ...
2019-11-18 11:26:43,327 [pool-27-thread-1] INFO  storage.RaftStorageDirectory (RaftStorageDirectory.java:tryLock(328)) - Lock on /workdir/hadoop-ozone/integration-test/target/test-dir/MiniOzoneClusterImpl-c13bc5a2-e6f5-4c78-9e21-084296016979/datanode-0/data/ratis/9d45eb14-0f80-49e8-ae80-06d2601db295/in_use.lock acquired by nodename 30492@pr-hdds-2372-2m6rk-3135575179
2019-11-18 11:26:43,342 [pool-27-thread-1] INFO  storage.RaftStorage (RaftStorage.java:format(84)) - Storage directory /workdir/hadoop-ozone/integration-test/target/test-dir/MiniOzoneClusterImpl-c13bc5a2-e6f5-4c78-9e21-084296016979/datanode-0/data/ratis/9d45eb14-0f80-49e8-ae80-06d2601db295 has been successfully formatted.
2019-11-18 11:26:43,345 [pool-27-thread-1] INFO  ratis.ContainerStateMachine (ContainerStateMachine.java:loadSnapshot(223)) - group-06D2601DB295: The snapshot info is null. Setting the last applied indexto:(t:0, i:~)
2019-11-18 11:26:43,345 [pool-27-thread-1] INFO  server.RaftServerConfigKeys (ConfUtils.java:logGet(43)) - raft.server.notification.no-leader.timeout = 1000s (custom)
2019-11-18 11:26:43,347 [pool-27-thread-1] INFO  server.RaftServerConfigKeys (ConfUtils.java:logGet(43)) - raft.server.log.use.memory = false (default)
2019-11-18 11:26:43,352 [pool-27-thread-1] INFO  server.RaftServerConfigKeys (ConfUtils.java:logGet(43)) - raft.server.log.purge.gap = 1000000 (custom)
2019-11-18 11:26:43,353 [pool-27-thread-1] INFO  server.RaftServerConfigKeys (ConfUtils.java:logGet(43)) - raft.server.log.appender.buffer.byte-limit = 33554432 (custom)
2019-11-18 11:26:43,355 [pool-27-thread-1] INFO  server.RaftServerConfigKeys (ConfUtils.java:logGet(43)) - raft.server.log.segment.size.max = 1048576 (custom)
2019-11-18 11:26:43,360 [pool-27-thread-1] INFO  metrics.MetricRegistries (MetricRegistriesLoader.java:load(64)) - Loaded MetricRegistries class org.apache.ratis.metrics.impl.MetricRegistriesImpl
2019-11-18 11:26:43,363 [pool-27-thread-1] WARN  impl.MetricRegistriesImpl (MetricRegistriesImpl.java:lambda$create$1(61)) - First MetricRegistry has been created without registering reporters. You may need to call MetricRegistries.global().addReportRegistration(...) before.
2019-11-18 11:26:43,369 [pool-27-thread-1] INFO  server.RaftServerConfigKeys (ConfUtils.java:logGet(43)) - raft.server.log.segment.cache.num.max = 2 (custom)
2019-11-18 11:26:43,375 [pool-27-thread-1] INFO  segmented.SegmentedRaftLogWorker (SegmentedRaftLogWorker.java:<init>(173)) - new c9b88515-1c59-4f59-a2e2-ec16c09fdaea@group-06D2601DB295-SegmentedRaftLogWorker for RaftStorage:Storage Directory /workdir/hadoop-ozone/integration-test/target/test-dir/MiniOzoneClusterImpl-c13bc5a2-e6f5-4c78-9e21-084296016979/datanode-0/data/ratis/9d45eb14-0f80-49e8-ae80-06d2601db295
2019-11-18 11:26:43,375 [pool-27-thread-1] INFO  server.RaftServerConfigKeys (ConfUtils.java:logGet(43)) - raft.server.log.queue.byte-limit = 2147483647 (custom)
2019-11-18 11:26:43,376 [pool-27-thread-1] INFO  server.RaftServerConfigKeys (ConfUtils.java:logGet(43)) - raft.server.log.queue.element-limit = 1024 (custom)
2019-11-18 11:26:43,377 [pool-27-thread-1] INFO  server.RaftServerConfigKeys (ConfUtils.java:logGet(43)) - raft.server.log.segment.size.max = 1048576 (custom)
2019-11-18 11:26:43,377 [pool-27-thread-1] INFO  server.RaftServerConfigKeys (ConfUtils.java:logGet(43)) - raft.server.log.preallocated.size = 16384 (custom)
2019-11-18 11:26:43,378 [pool-27-thread-1] INFO  server.RaftServerConfigKeys (ConfUtils.java:logGet(43)) - raft.server.log.write.buffer.size = 33554432 (custom)
2019-11-18 11:26:43,378 [pool-27-thread-1] INFO  server.RaftServerConfigKeys (ConfUtils.java:logGet(43)) - raft.server.log.force.sync.num = 128 (default)
2019-11-18 11:26:43,379 [pool-27-thread-1] INFO  server.RaftServerConfigKeys (ConfUtils.java:logGet(43)) - raft.server.log.statemachine.data.sync = true (default)
2019-11-18 11:26:43,380 [pool-27-thread-1] INFO  server.RaftServerConfigKeys (ConfUtils.java:logGet(43)) - raft.server.log.statemachine.data.sync.timeout = 10s (default)
2019-11-18 11:26:43,380 [pool-27-thread-1] INFO  server.RaftServerConfigKeys (ConfUtils.java:logGet(43)) - raft.server.log.statemachine.data.sync.timeout.retry = -1 (default)
2019-11-18 11:26:43,390 [pool-27-thread-1] INFO  server.RaftServerConfigKeys (ConfUtils.java:logGet(43)) - raft.server.log.statemachine.data.caching.enabled = true (custom)
2019-11-18 11:26:43,394 [pool-27-thread-1] INFO  segmented.SegmentedRaftLogWorker (SegmentedRaftLogWorker.java:lambda$new$0(128)) - c9b88515-1c59-4f59-a2e2-ec16c09fdaea@group-06D2601DB295-SegmentedRaftLogWorker: flushIndex: setUnconditionally 0 -> -1
2019-11-18 11:26:43,398 [pool-27-thread-1] INFO  server.RaftServerConfigKeys (ConfUtils.java:logGet(43)) - raft.server.snapshot.auto.trigger.enabled = true (custom)
2019-11-18 11:26:43,399 [pool-27-thread-1] INFO  server.RaftServerConfigKeys (ConfUtils.java:logGet(43)) - raft.server.snapshot.auto.trigger.threshold = 10000 (custom)
2019-11-18 11:26:43,400 [pool-27-thread-1] INFO  server.RaftServerConfigKeys (ConfUtils.java:logGet(43)) - raft.server.snapshot.retention.file.num = 5 (custom)
2019-11-18 11:26:43,400 [pool-27-thread-1] INFO  server.RaftServerConfigKeys (ConfUtils.java:logGet(43)) - raft.server.retrycache.expirytime = 600000ms (custom)
2019-11-18 11:26:43,419 [pool-27-thread-1] WARN  impl.MetricRegistriesImpl (MetricRegistriesImpl.java:lambda$create$1(61)) - First MetricRegistry has been created without registering reporters. You may need to call MetricRegistries.global().addReportRegistration(...) before.
2019-11-18 11:26:43,421 [pool-27-thread-1] WARN  impl.MetricRegistriesImpl (MetricRegistriesImpl.java:lambda$create$1(61)) - First MetricRegistry has been created without registering reporters. You may need to call MetricRegistries.global().addReportRegistration(...) before.
2019-11-18 11:26:43,422 [pool-27-thread-1] INFO  impl.RaftServerImpl (RaftServerImpl.java:start(184)) - c9b88515-1c59-4f59-a2e2-ec16c09fdaea@group-06D2601DB295: start as a follower, conf=-1: [c9b88515-1c59-4f59-a2e2-ec16c09fdaea:192.168.164.220:39836], old=null
2019-11-18 11:26:43,423 [pool-27-thread-1] INFO  impl.RaftServerImpl (RaftServerImpl.java:setRole(173)) - c9b88515-1c59-4f59-a2e2-ec16c09fdaea@group-06D2601DB295: changes role from      null to FOLLOWER at term 0 for startAsFollower
2019-11-18 11:26:43,424 [pool-27-thread-1] INFO  impl.RoleInfo (RoleInfo.java:updateAndGet(143)) - c9b88515-1c59-4f59-a2e2-ec16c09fdaea: start FollowerState
2019-11-18 11:26:43,426 [pool-27-thread-1] INFO  util.JmxRegister (JmxRegister.java:tryRegister(44)) - Successfully registered JMX Bean with object name Ratis:service=RaftServer,group=group-06D2601DB295,id=c9b88515-1c59-4f59-a2e2-ec16c09fdaea
2019-11-18 11:26:43,428 [pool-27-thread-1] WARN  impl.MetricRegistriesImpl (MetricRegistriesImpl.java:lambda$create$1(61)) - First MetricRegistry has been created without registering reporters. You may need to call MetricRegistries.global().addReportRegistration(...) before.
2019-11-18 11:26:43,493 [RatisPipelineUtilsThread] INFO  pipeline.PipelineStateManager (PipelineStateManager.java:addPipeline(55)) - Created pipeline Pipeline[ Id: 9d45eb14-0f80-49e8-ae80-06d2601db295, Nodes: c9b88515-1c59-4f59-a2e2-ec16c09fdaea{ip: 192.168.164.220, host: pr-hdds-2372-2m6rk-3135575179, networkLocation: /default-rack, certSerialId: null}, Type:RATIS, Factor:ONE, State:ALLOCATED]
2019-11-18 11:26:43,510 [grpc-default-executor-0] INFO  impl.RaftServerProxy (RaftServerProxy.java:addNew(89)) - b14c1e87-4020-4c6d-bcb6-f7f922273c3e: addNew group-2314477B4BA0:[b14c1e87-4020-4c6d-bcb6-f7f922273c3e:192.168.164.220:34558] returns group-2314477B4BA0:java.util.concurrent.CompletableFuture@2a430922[Not completed]
2019-11-18 11:26:43,532 [pool-37-thread-1] INFO  impl.RaftServerImpl (RaftServerImpl.java:<init>(98)) - b14c1e87-4020-4c6d-bcb6-f7f922273c3e: new RaftServerImpl for group-2314477B4BA0:[b14c1e87-4020-4c6d-bcb6-f7f922273c3e:192.168.164.220:34558] with ContainerStateMachine:uninitialized
2019-11-18 11:26:43,533 [pool-37-thread-1] INFO  server.RaftServerConfigKeys (ConfUtils.java:logGet(43)) - raft.server.rpc.timeout.min = 5s (custom)
2019-11-18 11:26:43,534 [pool-37-thread-1] INFO  server.RaftServerConfigKeys (ConfUtils.java:logGet(43)) - raft.server.rpc.timeout.max = 5200ms (custom)
2019-11-18 11:26:43,534 [pool-37-thread-1] INFO  server.RaftServerConfigKeys (ConfUtils.java:logGet(43)) - raft.server.rpcslowness.timeout = 1000s (custom)
2019-11-18 11:26:43,534 [pool-37-thread-1] INFO  server.RaftServerConfigKeys (ConfUtils.java:logGet(43)) - raft.server.sleep.deviation.threshold = 300 (default)
2019-11-18 11:26:43,534 [pool-37-thread-1] INFO  server.RaftServerConfigKeys (ConfUtils.java:logGet(43)) - raft.server.log.appender.install.snapshot.enabled = false (custom)
2019-11-18 11:26:43,535 [pool-37-thread-1] INFO  impl.RaftServerImpl (ServerState.java:<init>(103)) - b14c1e87-4020-4c6d-bcb6-f7f922273c3e@group-2314477B4BA0: ConfigurationManager, init=-1: [b14c1e87-4020-4c6d-bcb6-f7f922273c3e:192.168.164.220:34558], old=null, confs=<EMPTY_MAP>
2019-11-18 11:26:43,535 [pool-37-thread-1] INFO  server.RaftServerConfigKeys (ConfUtils.java:logGet(43)) - raft.server.storage.dir = [/workdir/hadoop-ozone/integration-test/target/test-dir/MiniOzoneClusterImpl-c13bc5a2-e6f5-4c78-9e21-084296016979/datanode-1/data/ratis] (custom)
2019-11-18 11:26:43,535 [pool-37-thread-1] INFO  server.RaftServerConfigKeys (ConfUtils.java:logGet(43)) - raft.server.log.corruption.policy = EXCEPTION (default)
2019-11-18 11:26:43,536 [pool-37-thread-1] INFO  storage.RaftStorageDirectory (RaftStorageDirectory.java:analyzeStorage(246)) - The storage directory /workdir/hadoop-ozone/integration-test/target/test-dir/MiniOzoneClusterImpl-c13bc5a2-e6f5-4c78-9e21-084296016979/datanode-1/data/ratis/8648c45b-923e-4e62-b124-2314477b4ba0 does not exist. Creating ...
2019-11-18 11:26:43,550 [pool-37-thread-1] INFO  storage.RaftStorageDirectory (RaftStorageDirectory.java:tryLock(328)) - Lock on /workdir/hadoop-ozone/integration-test/target/test-dir/MiniOzoneClusterImpl-c13bc5a2-e6f5-4c78-9e21-084296016979/datanode-1/data/ratis/8648c45b-923e-4e62-b124-2314477b4ba0/in_use.lock acquired by nodename 30492@pr-hdds-2372-2m6rk-3135575179
2019-11-18 11:26:43,563 [pool-37-thread-1] INFO  storage.RaftStorage (RaftStorage.java:format(84)) - Storage directory /workdir/hadoop-ozone/integration-test/target/test-dir/MiniOzoneClusterImpl-c13bc5a2-e6f5-4c78-9e21-084296016979/datanode-1/data/ratis/8648c45b-923e-4e62-b124-2314477b4ba0 has been successfully formatted.
2019-11-18 11:26:43,564 [pool-37-thread-1] INFO  ratis.ContainerStateMachine (ContainerStateMachine.java:loadSnapshot(223)) - group-2314477B4BA0: The snapshot info is null. Setting the last applied indexto:(t:0, i:~)
2019-11-18 11:26:43,565 [pool-37-thread-1] INFO  server.RaftServerConfigKeys (ConfUtils.java:logGet(43)) - raft.server.notification.no-leader.timeout = 1000s (custom)
2019-11-18 11:26:43,565 [pool-37-thread-1] INFO  server.RaftServerConfigKeys (ConfUtils.java:logGet(43)) - raft.server.log.use.memory = false (default)
2019-11-18 11:26:43,565 [pool-37-thread-1] INFO  server.RaftServerConfigKeys (ConfUtils.java:logGet(43)) - raft.server.log.purge.gap = 1000000 (custom)
2019-11-18 11:26:43,565 [pool-37-thread-1] INFO  server.RaftServerConfigKeys (ConfUtils.java:logGet(43)) - raft.server.log.appender.buffer.byte-limit = 33554432 (custom)
2019-11-18 11:26:43,566 [pool-37-thread-1] INFO  server.RaftServerConfigKeys (ConfUtils.java:logGet(43)) - raft.server.log.segment.size.max = 1048576 (custom)
2019-11-18 11:26:43,566 [pool-37-thread-1] WARN  impl.MetricRegistriesImpl (MetricRegistriesImpl.java:lambda$create$1(61)) - First MetricRegistry has been created without registering reporters. You may need to call MetricRegistries.global().addReportRegistration(...) before.
2019-11-18 11:26:43,567 [pool-37-thread-1] INFO  server.RaftServerConfigKeys (ConfUtils.java:logGet(43)) - raft.server.log.segment.cache.num.max = 2 (custom)
2019-11-18 11:26:43,567 [pool-37-thread-1] INFO  segmented.SegmentedRaftLogWorker (SegmentedRaftLogWorker.java:<init>(173)) - new b14c1e87-4020-4c6d-bcb6-f7f922273c3e@group-2314477B4BA0-SegmentedRaftLogWorker for RaftStorage:Storage Directory /workdir/hadoop-ozone/integration-test/target/test-dir/MiniOzoneClusterImpl-c13bc5a2-e6f5-4c78-9e21-084296016979/datanode-1/data/ratis/8648c45b-923e-4e62-b124-2314477b4ba0
2019-11-18 11:26:43,568 [pool-37-thread-1] INFO  server.RaftServerConfigKeys (ConfUtils.java:logGet(43)) - raft.server.log.queue.byte-limit = 2147483647 (custom)
2019-11-18 11:26:43,568 [pool-37-thread-1] INFO  server.RaftServerConfigKeys (ConfUtils.java:logGet(43)) - raft.server.log.queue.element-limit = 1024 (custom)
2019-11-18 11:26:43,568 [pool-37-thread-1] INFO  server.RaftServerConfigKeys (ConfUtils.java:logGet(43)) - raft.server.log.segment.size.max = 1048576 (custom)
2019-11-18 11:26:43,568 [pool-37-thread-1] INFO  server.RaftServerConfigKeys (ConfUtils.java:logGet(43)) - raft.server.log.preallocated.size = 16384 (custom)
2019-11-18 11:26:43,569 [pool-37-thread-1] INFO  server.RaftServerConfigKeys (ConfUtils.java:logGet(43)) - raft.server.log.write.buffer.size = 33554432 (custom)
2019-11-18 11:26:43,569 [pool-37-thread-1] INFO  server.RaftServerConfigKeys (ConfUtils.java:logGet(43)) - raft.server.log.force.sync.num = 128 (default)
2019-11-18 11:26:43,569 [pool-37-thread-1] INFO  server.RaftServerConfigKeys (ConfUtils.java:logGet(43)) - raft.server.log.statemachine.data.sync = true (default)
2019-11-18 11:26:43,569 [pool-37-thread-1] INFO  server.RaftServerConfigKeys (ConfUtils.java:logGet(43)) - raft.server.log.statemachine.data.sync.timeout = 10s (default)
2019-11-18 11:26:43,569 [pool-37-thread-1] INFO  server.RaftServerConfigKeys (ConfUtils.java:logGet(43)) - raft.server.log.statemachine.data.sync.timeout.retry = -1 (default)
2019-11-18 11:26:43,570 [pool-37-thread-1] INFO  server.RaftServerConfigKeys (ConfUtils.java:logGet(43)) - raft.server.log.statemachine.data.caching.enabled = true (custom)
2019-11-18 11:26:43,570 [pool-37-thread-1] INFO  segmented.SegmentedRaftLogWorker (SegmentedRaftLogWorker.java:lambda$new$0(128)) - b14c1e87-4020-4c6d-bcb6-f7f922273c3e@group-2314477B4BA0-SegmentedRaftLogWorker: flushIndex: setUnconditionally 0 -> -1
2019-11-18 11:26:43,571 [pool-37-thread-1] INFO  server.RaftServerConfigKeys (ConfUtils.java:logGet(43)) - raft.server.snapshot.auto.trigger.enabled = true (custom)
2019-11-18 11:26:43,571 [pool-37-thread-1] INFO  server.RaftServerConfigKeys (ConfUtils.java:logGet(43)) - raft.server.snapshot.auto.trigger.threshold = 10000 (custom)
2019-11-18 11:26:43,571 [pool-37-thread-1] INFO  server.RaftServerConfigKeys (ConfUtils.java:logGet(43)) - raft.server.snapshot.retention.file.num = 5 (custom)
2019-11-18 11:26:43,571 [pool-37-thread-1] INFO  server.RaftServerConfigKeys (ConfUtils.java:logGet(43)) - raft.server.retrycache.expirytime = 600000ms (custom)
2019-11-18 11:26:43,572 [pool-37-thread-1] WARN  impl.MetricRegistriesImpl (MetricRegistriesImpl.java:lambda$create$1(61)) - First MetricRegistry has been created without registering reporters. You may need to call MetricRegistries.global().addReportRegistration(...) before.
2019-11-18 11:26:43,572 [pool-37-thread-1] WARN  impl.MetricRegistriesImpl (MetricRegistriesImpl.java:lambda$create$1(61)) - First MetricRegistry has been created without registering reporters. You may need to call MetricRegistries.global().addReportRegistration(...) before.
2019-11-18 11:26:43,572 [pool-37-thread-1] INFO  impl.RaftServerImpl (RaftServerImpl.java:start(184)) - b14c1e87-4020-4c6d-bcb6-f7f922273c3e@group-2314477B4BA0: start as a follower, conf=-1: [b14c1e87-4020-4c6d-bcb6-f7f922273c3e:192.168.164.220:34558], old=null
2019-11-18 11:26:43,572 [pool-37-thread-1] INFO  impl.RaftServerImpl (RaftServerImpl.java:setRole(173)) - b14c1e87-4020-4c6d-bcb6-f7f922273c3e@group-2314477B4BA0: changes role from      null to FOLLOWER at term 0 for startAsFollower
2019-11-18 11:26:43,573 [pool-37-thread-1] INFO  impl.RoleInfo (RoleInfo.java:updateAndGet(143)) - b14c1e87-4020-4c6d-bcb6-f7f922273c3e: start FollowerState
2019-11-18 11:26:43,574 [pool-37-thread-1] INFO  util.JmxRegister (JmxRegister.java:tryRegister(44)) - Successfully registered JMX Bean with object name Ratis:service=RaftServer,group=group-2314477B4BA0,id=b14c1e87-4020-4c6d-bcb6-f7f922273c3e
2019-11-18 11:26:43,575 [pool-37-thread-1] WARN  impl.MetricRegistriesImpl (MetricRegistriesImpl.java:lambda$create$1(61)) - First MetricRegistry has been created without registering reporters. You may need to call MetricRegistries.global().addReportRegistration(...) before.
2019-11-18 11:26:43,585 [RatisPipelineUtilsThread] INFO  pipeline.PipelineStateManager (PipelineStateManager.java:addPipeline(55)) - Created pipeline Pipeline[ Id: 8648c45b-923e-4e62-b124-2314477b4ba0, Nodes: b14c1e87-4020-4c6d-bcb6-f7f922273c3e{ip: 192.168.164.220, host: pr-hdds-2372-2m6rk-3135575179, networkLocation: /default-rack, certSerialId: null}, Type:RATIS, Factor:ONE, State:ALLOCATED]
2019-11-18 11:26:43,603 [grpc-default-executor-0] INFO  impl.RaftServerProxy (RaftServerProxy.java:addNew(89)) - 67063eba-d0cd-4c00-aa34-c87f51e61a60: addNew group-FDDA2F70798A:[67063eba-d0cd-4c00-aa34-c87f51e61a60:192.168.164.220:39623] returns group-FDDA2F70798A:java.util.concurrent.CompletableFuture@6c675ff6[Not completed]
2019-11-18 11:26:43,620 [pool-47-thread-1] INFO  impl.RaftServerImpl (RaftServerImpl.java:<init>(98)) - 67063eba-d0cd-4c00-aa34-c87f51e61a60: new RaftServerImpl for group-FDDA2F70798A:[67063eba-d0cd-4c00-aa34-c87f51e61a60:192.168.164.220:39623] with ContainerStateMachine:uninitialized
2019-11-18 11:26:43,621 [pool-47-thread-1] INFO  server.RaftServerConfigKeys (ConfUtils.java:logGet(43)) - raft.server.rpc.timeout.min = 5s (custom)
2019-11-18 11:26:43,621 [pool-47-thread-1] INFO  server.RaftServerConfigKeys (ConfUtils.java:logGet(43)) - raft.server.rpc.timeout.max = 5200ms (custom)
2019-11-18 11:26:43,621 [pool-47-thread-1] INFO  server.RaftServerConfigKeys (ConfUtils.java:logGet(43)) - raft.server.rpcslowness.timeout = 1000s (custom)
2019-11-18 11:26:43,621 [pool-47-thread-1] INFO  server.RaftServerConfigKeys (ConfUtils.java:logGet(43)) - raft.server.sleep.deviation.threshold = 300 (default)
2019-11-18 11:26:43,622 [pool-47-thread-1] INFO  server.RaftServerConfigKeys (ConfUtils.java:logGet(43)) - raft.server.log.appender.install.snapshot.enabled = false (custom)
2019-11-18 11:26:43,622 [pool-47-thread-1] INFO  impl.RaftServerImpl (ServerState.java:<init>(103)) - 67063eba-d0cd-4c00-aa34-c87f51e61a60@group-FDDA2F70798A: ConfigurationManager, init=-1: [67063eba-d0cd-4c00-aa34-c87f51e61a60:192.168.164.220:39623], old=null, confs=<EMPTY_MAP>
2019-11-18 11:26:43,622 [pool-47-thread-1] INFO  server.RaftServerConfigKeys (ConfUtils.java:logGet(43)) - raft.server.storage.dir = [/workdir/hadoop-ozone/integration-test/target/test-dir/MiniOzoneClusterImpl-c13bc5a2-e6f5-4c78-9e21-084296016979/datanode-2/data/ratis] (custom)
2019-11-18 11:26:43,622 [pool-47-thread-1] INFO  server.RaftServerConfigKeys (ConfUtils.java:logGet(43)) - raft.server.log.corruption.policy = EXCEPTION (default)
2019-11-18 11:26:43,623 [pool-47-thread-1] INFO  storage.RaftStorageDirectory (RaftStorageDirectory.java:analyzeStorage(246)) - The storage directory /workdir/hadoop-ozone/integration-test/target/test-dir/MiniOzoneClusterImpl-c13bc5a2-e6f5-4c78-9e21-084296016979/datanode-2/data/ratis/0decf12d-c770-48c4-adcf-fdda2f70798a does not exist. Creating ...
2019-11-18 11:26:43,643 [pool-47-thread-1] INFO  storage.RaftStorageDirectory (RaftStorageDirectory.java:tryLock(328)) - Lock on /workdir/hadoop-ozone/integration-test/target/test-dir/MiniOzoneClusterImpl-c13bc5a2-e6f5-4c78-9e21-084296016979/datanode-2/data/ratis/0decf12d-c770-48c4-adcf-fdda2f70798a/in_use.lock acquired by nodename 30492@pr-hdds-2372-2m6rk-3135575179
2019-11-18 11:26:43,657 [pool-47-thread-1] INFO  storage.RaftStorage (RaftStorage.java:format(84)) - Storage directory /workdir/hadoop-ozone/integration-test/target/test-dir/MiniOzoneClusterImpl-c13bc5a2-e6f5-4c78-9e21-084296016979/datanode-2/data/ratis/0decf12d-c770-48c4-adcf-fdda2f70798a has been successfully formatted.
2019-11-18 11:26:43,657 [pool-47-thread-1] INFO  ratis.ContainerStateMachine (ContainerStateMachine.java:loadSnapshot(223)) - group-FDDA2F70798A: The snapshot info is null. Setting the last applied indexto:(t:0, i:~)
2019-11-18 11:26:43,657 [pool-47-thread-1] INFO  server.RaftServerConfigKeys (ConfUtils.java:logGet(43)) - raft.server.notification.no-leader.timeout = 1000s (custom)
2019-11-18 11:26:43,657 [pool-47-thread-1] INFO  server.RaftServerConfigKeys (ConfUtils.java:logGet(43)) - raft.server.log.use.memory = false (default)
2019-11-18 11:26:43,658 [pool-47-thread-1] INFO  server.RaftServerConfigKeys (ConfUtils.java:logGet(43)) - raft.server.log.purge.gap = 1000000 (custom)
2019-11-18 11:26:43,658 [pool-47-thread-1] INFO  server.RaftServerConfigKeys (ConfUtils.java:logGet(43)) - raft.server.log.appender.buffer.byte-limit = 33554432 (custom)
2019-11-18 11:26:43,658 [pool-47-thread-1] INFO  server.RaftServerConfigKeys (ConfUtils.java:logGet(43)) - raft.server.log.segment.size.max = 1048576 (custom)
2019-11-18 11:26:43,658 [pool-47-thread-1] WARN  impl.MetricRegistriesImpl (MetricRegistriesImpl.java:lambda$create$1(61)) - First MetricRegistry has been created without registering reporters. You may need to call MetricRegistries.global().addReportRegistration(...) before.
2019-11-18 11:26:43,658 [pool-47-thread-1] INFO  server.RaftServerConfigKeys (ConfUtils.java:logGet(43)) - raft.server.log.segment.cache.num.max = 2 (custom)
2019-11-18 11:26:43,658 [pool-47-thread-1] INFO  segmented.SegmentedRaftLogWorker (SegmentedRaftLogWorker.java:<init>(173)) - new 67063eba-d0cd-4c00-aa34-c87f51e61a60@group-FDDA2F70798A-SegmentedRaftLogWorker for RaftStorage:Storage Directory /workdir/hadoop-ozone/integration-test/target/test-dir/MiniOzoneClusterImpl-c13bc5a2-e6f5-4c78-9e21-084296016979/datanode-2/data/ratis/0decf12d-c770-48c4-adcf-fdda2f70798a
2019-11-18 11:26:43,659 [pool-47-thread-1] INFO  server.RaftServerConfigKeys (ConfUtils.java:logGet(43)) - raft.server.log.queue.byte-limit = 2147483647 (custom)
2019-11-18 11:26:43,659 [pool-47-thread-1] INFO  server.RaftServerConfigKeys (ConfUtils.java:logGet(43)) - raft.server.log.queue.element-limit = 1024 (custom)
2019-11-18 11:26:43,659 [pool-47-thread-1] INFO  server.RaftServerConfigKeys (ConfUtils.java:logGet(43)) - raft.server.log.segment.size.max = 1048576 (custom)
2019-11-18 11:26:43,659 [pool-47-thread-1] INFO  server.RaftServerConfigKeys (ConfUtils.java:logGet(43)) - raft.server.log.preallocated.size = 16384 (custom)
2019-11-18 11:26:43,659 [pool-47-thread-1] INFO  server.RaftServerConfigKeys (ConfUtils.java:logGet(43)) - raft.server.log.write.buffer.size = 33554432 (custom)
2019-11-18 11:26:43,659 [pool-47-thread-1] INFO  server.RaftServerConfigKeys (ConfUtils.java:logGet(43)) - raft.server.log.force.sync.num = 128 (default)
2019-11-18 11:26:43,659 [pool-47-thread-1] INFO  server.RaftServerConfigKeys (ConfUtils.java:logGet(43)) - raft.server.log.statemachine.data.sync = true (default)
2019-11-18 11:26:43,660 [pool-47-thread-1] INFO  server.RaftServerConfigKeys (ConfUtils.java:logGet(43)) - raft.server.log.statemachine.data.sync.timeout = 10s (default)
2019-11-18 11:26:43,660 [pool-47-thread-1] INFO  server.RaftServerConfigKeys (ConfUtils.java:logGet(43)) - raft.server.log.statemachine.data.sync.timeout.retry = -1 (default)
2019-11-18 11:26:43,660 [pool-47-thread-1] INFO  server.RaftServerConfigKeys (ConfUtils.java:logGet(43)) - raft.server.log.statemachine.data.caching.enabled = true (custom)
2019-11-18 11:26:43,661 [pool-47-thread-1] INFO  segmented.SegmentedRaftLogWorker (SegmentedRaftLogWorker.java:lambda$new$0(128)) - 67063eba-d0cd-4c00-aa34-c87f51e61a60@group-FDDA2F70798A-SegmentedRaftLogWorker: flushIndex: setUnconditionally 0 -> -1
2019-11-18 11:26:43,661 [pool-47-thread-1] INFO  server.RaftServerConfigKeys (ConfUtils.java:logGet(43)) - raft.server.snapshot.auto.trigger.enabled = true (custom)
2019-11-18 11:26:43,661 [pool-47-thread-1] INFO  server.RaftServerConfigKeys (ConfUtils.java:logGet(43)) - raft.server.snapshot.auto.trigger.threshold = 10000 (custom)
2019-11-18 11:26:43,661 [pool-47-thread-1] INFO  server.RaftServerConfigKeys (ConfUtils.java:logGet(43)) - raft.server.snapshot.retention.file.num = 5 (custom)
2019-11-18 11:26:43,661 [pool-47-thread-1] INFO  server.RaftServerConfigKeys (ConfUtils.java:logGet(43)) - raft.server.retrycache.expirytime = 600000ms (custom)
2019-11-18 11:26:43,662 [pool-47-thread-1] WARN  impl.MetricRegistriesImpl (MetricRegistriesImpl.java:lambda$create$1(61)) - First MetricRegistry has been created without registering reporters. You may need to call MetricRegistries.global().addReportRegistration(...) before.
2019-11-18 11:26:43,662 [pool-47-thread-1] WARN  impl.MetricRegistriesImpl (MetricRegistriesImpl.java:lambda$create$1(61)) - First MetricRegistry has been created without registering reporters. You may need to call MetricRegistries.global().addReportRegistration(...) before.
2019-11-18 11:26:43,662 [pool-47-thread-1] INFO  impl.RaftServerImpl (RaftServerImpl.java:start(184)) - 67063eba-d0cd-4c00-aa34-c87f51e61a60@group-FDDA2F70798A: start as a follower, conf=-1: [67063eba-d0cd-4c00-aa34-c87f51e61a60:192.168.164.220:39623], old=null
2019-11-18 11:26:43,662 [pool-47-thread-1] INFO  impl.RaftServerImpl (RaftServerImpl.java:setRole(173)) - 67063eba-d0cd-4c00-aa34-c87f51e61a60@group-FDDA2F70798A: changes role from      null to FOLLOWER at term 0 for startAsFollower
2019-11-18 11:26:43,662 [pool-47-thread-1] INFO  impl.RoleInfo (RoleInfo.java:updateAndGet(143)) - 67063eba-d0cd-4c00-aa34-c87f51e61a60: start FollowerState
2019-11-18 11:26:43,663 [pool-47-thread-1] INFO  util.JmxRegister (JmxRegister.java:tryRegister(44)) - Successfully registered JMX Bean with object name Ratis:service=RaftServer,group=group-FDDA2F70798A,id=67063eba-d0cd-4c00-aa34-c87f51e61a60
2019-11-18 11:26:43,663 [pool-47-thread-1] WARN  impl.MetricRegistriesImpl (MetricRegistriesImpl.java:lambda$create$1(61)) - First MetricRegistry has been created without registering reporters. You may need to call MetricRegistries.global().addReportRegistration(...) before.
2019-11-18 11:26:43,674 [RatisPipelineUtilsThread] INFO  pipeline.PipelineStateManager (PipelineStateManager.java:addPipeline(55)) - Created pipeline Pipeline[ Id: 0decf12d-c770-48c4-adcf-fdda2f70798a, Nodes: 67063eba-d0cd-4c00-aa34-c87f51e61a60{ip: 192.168.164.220, host: pr-hdds-2372-2m6rk-3135575179, networkLocation: /default-rack, certSerialId: null}, Type:RATIS, Factor:ONE, State:ALLOCATED]
2019-11-18 11:26:43,707 [grpc-default-executor-1] INFO  impl.RaftServerProxy (RaftServerProxy.java:addNew(89)) - b14c1e87-4020-4c6d-bcb6-f7f922273c3e: addNew group-E62D0E0263FD:[67063eba-d0cd-4c00-aa34-c87f51e61a60:192.168.164.220:39623, c9b88515-1c59-4f59-a2e2-ec16c09fdaea:192.168.164.220:39836, b14c1e87-4020-4c6d-bcb6-f7f922273c3e:192.168.164.220:34558] returns group-E62D0E0263FD:java.util.concurrent.CompletableFuture@10f5ac04[Not completed]
2019-11-18 11:26:43,707 [grpc-default-executor-2] INFO  impl.RaftServerProxy (RaftServerProxy.java:addNew(89)) - 67063eba-d0cd-4c00-aa34-c87f51e61a60: addNew group-E62D0E0263FD:[67063eba-d0cd-4c00-aa34-c87f51e61a60:192.168.164.220:39623, c9b88515-1c59-4f59-a2e2-ec16c09fdaea:192.168.164.220:39836, b14c1e87-4020-4c6d-bcb6-f7f922273c3e:192.168.164.220:34558] returns group-E62D0E0263FD:java.util.concurrent.CompletableFuture@5277b9c[Not completed]
2019-11-18 11:26:43,709 [grpc-default-executor-1] INFO  impl.RaftServerProxy (RaftServerProxy.java:addNew(89)) - c9b88515-1c59-4f59-a2e2-ec16c09fdaea: addNew group-E62D0E0263FD:[67063eba-d0cd-4c00-aa34-c87f51e61a60:192.168.164.220:39623, c9b88515-1c59-4f59-a2e2-ec16c09fdaea:192.168.164.220:39836, b14c1e87-4020-4c6d-bcb6-f7f922273c3e:192.168.164.220:34558] returns group-E62D0E0263FD:java.util.concurrent.CompletableFuture@55f7307e[Not completed]
2019-11-18 11:26:43,710 [pool-37-thread-1] INFO  impl.RaftServerImpl (RaftServerImpl.java:<init>(98)) - b14c1e87-4020-4c6d-bcb6-f7f922273c3e: new RaftServerImpl for group-E62D0E0263FD:[67063eba-d0cd-4c00-aa34-c87f51e61a60:192.168.164.220:39623, c9b88515-1c59-4f59-a2e2-ec16c09fdaea:192.168.164.220:39836, b14c1e87-4020-4c6d-bcb6-f7f922273c3e:192.168.164.220:34558] with ContainerStateMachine:uninitialized
2019-11-18 11:26:43,710 [pool-37-thread-1] INFO  server.RaftServerConfigKeys (ConfUtils.java:logGet(43)) - raft.server.rpc.timeout.min = 5s (custom)
2019-11-18 11:26:43,710 [pool-37-thread-1] INFO  server.RaftServerConfigKeys (ConfUtils.java:logGet(43)) - raft.server.rpc.timeout.max = 5200ms (custom)
2019-11-18 11:26:43,710 [pool-37-thread-1] INFO  server.RaftServerConfigKeys (ConfUtils.java:logGet(43)) - raft.server.rpcslowness.timeout = 1000s (custom)
2019-11-18 11:26:43,711 [pool-37-thread-1] INFO  server.RaftServerConfigKeys (ConfUtils.java:logGet(43)) - raft.server.sleep.deviation.threshold = 300 (default)
2019-11-18 11:26:43,711 [pool-37-thread-1] INFO  server.RaftServerConfigKeys (ConfUtils.java:logGet(43)) - raft.server.log.appender.install.snapshot.enabled = false (custom)
2019-11-18 11:26:43,711 [pool-27-thread-1] INFO  impl.RaftServerImpl (RaftServerImpl.java:<init>(98)) - c9b88515-1c59-4f59-a2e2-ec16c09fdaea: new RaftServerImpl for group-E62D0E0263FD:[67063eba-d0cd-4c00-aa34-c87f51e61a60:192.168.164.220:39623, c9b88515-1c59-4f59-a2e2-ec16c09fdaea:192.168.164.220:39836, b14c1e87-4020-4c6d-bcb6-f7f922273c3e:192.168.164.220:34558] with ContainerStateMachine:uninitialized
2019-11-18 11:26:43,711 [pool-37-thread-1] INFO  impl.RaftServerImpl (ServerState.java:<init>(103)) - b14c1e87-4020-4c6d-bcb6-f7f922273c3e@group-E62D0E0263FD: ConfigurationManager, init=-1: [67063eba-d0cd-4c00-aa34-c87f51e61a60:192.168.164.220:39623, c9b88515-1c59-4f59-a2e2-ec16c09fdaea:192.168.164.220:39836, b14c1e87-4020-4c6d-bcb6-f7f922273c3e:192.168.164.220:34558], old=null, confs=<EMPTY_MAP>
2019-11-18 11:26:43,711 [pool-27-thread-1] INFO  server.RaftServerConfigKeys (ConfUtils.java:logGet(43)) - raft.server.rpc.timeout.min = 5s (custom)
2019-11-18 11:26:43,711 [pool-27-thread-1] INFO  server.RaftServerConfigKeys (ConfUtils.java:logGet(43)) - raft.server.rpc.timeout.max = 5200ms (custom)
2019-11-18 11:26:43,711 [pool-37-thread-1] INFO  server.RaftServerConfigKeys (ConfUtils.java:logGet(43)) - raft.server.storage.dir = [/workdir/hadoop-ozone/integration-test/target/test-dir/MiniOzoneClusterImpl-c13bc5a2-e6f5-4c78-9e21-084296016979/datanode-1/data/ratis] (custom)
2019-11-18 11:26:43,711 [pool-27-thread-1] INFO  server.RaftServerConfigKeys (ConfUtils.java:logGet(43)) - raft.server.rpcslowness.timeout = 1000s (custom)
2019-11-18 11:26:43,712 [pool-47-thread-1] INFO  impl.RaftServerImpl (RaftServerImpl.java:<init>(98)) - 67063eba-d0cd-4c00-aa34-c87f51e61a60: new RaftServerImpl for group-E62D0E0263FD:[67063eba-d0cd-4c00-aa34-c87f51e61a60:192.168.164.220:39623, c9b88515-1c59-4f59-a2e2-ec16c09fdaea:192.168.164.220:39836, b14c1e87-4020-4c6d-bcb6-f7f922273c3e:192.168.164.220:34558] with ContainerStateMachine:uninitialized
2019-11-18 11:26:43,712 [pool-27-thread-1] INFO  server.RaftServerConfigKeys (ConfUtils.java:logGet(43)) - raft.server.sleep.deviation.threshold = 300 (default)
2019-11-18 11:26:43,713 [pool-37-thread-1] INFO  server.RaftServerConfigKeys (ConfUtils.java:logGet(43)) - raft.server.log.corruption.policy = EXCEPTION (default)
2019-11-18 11:26:43,713 [pool-47-thread-1] INFO  server.RaftServerConfigKeys (ConfUtils.java:logGet(43)) - raft.server.rpc.timeout.min = 5s (custom)
2019-11-18 11:26:43,713 [pool-27-thread-1] INFO  server.RaftServerConfigKeys (ConfUtils.java:logGet(43)) - raft.server.log.appender.install.snapshot.enabled = false (custom)
2019-11-18 11:26:43,713 [pool-37-thread-1] INFO  storage.RaftStorageDirectory (RaftStorageDirectory.java:analyzeStorage(246)) - The storage directory /workdir/hadoop-ozone/integration-test/target/test-dir/MiniOzoneClusterImpl-c13bc5a2-e6f5-4c78-9e21-084296016979/datanode-1/data/ratis/0ee77063-0a72-48d9-9b3b-e62d0e0263fd does not exist. Creating ...
2019-11-18 11:26:43,713 [pool-47-thread-1] INFO  server.RaftServerConfigKeys (ConfUtils.java:logGet(43)) - raft.server.rpc.timeout.max = 5200ms (custom)
2019-11-18 11:26:43,713 [pool-27-thread-1] INFO  impl.RaftServerImpl (ServerState.java:<init>(103)) - c9b88515-1c59-4f59-a2e2-ec16c09fdaea@group-E62D0E0263FD: ConfigurationManager, init=-1: [67063eba-d0cd-4c00-aa34-c87f51e61a60:192.168.164.220:39623, c9b88515-1c59-4f59-a2e2-ec16c09fdaea:192.168.164.220:39836, b14c1e87-4020-4c6d-bcb6-f7f922273c3e:192.168.164.220:34558], old=null, confs=<EMPTY_MAP>
2019-11-18 11:26:43,714 [pool-47-thread-1] INFO  server.RaftServerConfigKeys (ConfUtils.java:logGet(43)) - raft.server.rpcslowness.timeout = 1000s (custom)
2019-11-18 11:26:43,714 [pool-47-thread-1] INFO  server.RaftServerConfigKeys (ConfUtils.java:logGet(43)) - raft.server.sleep.deviation.threshold = 300 (default)
2019-11-18 11:26:43,714 [pool-27-thread-1] INFO  server.RaftServerConfigKeys (ConfUtils.java:logGet(43)) - raft.server.storage.dir = [/workdir/hadoop-ozone/integration-test/target/test-dir/MiniOzoneClusterImpl-c13bc5a2-e6f5-4c78-9e21-084296016979/datanode-0/data/ratis] (custom)
2019-11-18 11:26:43,714 [pool-47-thread-1] INFO  server.RaftServerConfigKeys (ConfUtils.java:logGet(43)) - raft.server.log.appender.install.snapshot.enabled = false (custom)
2019-11-18 11:26:43,715 [pool-47-thread-1] INFO  impl.RaftServerImpl (ServerState.java:<init>(103)) - 67063eba-d0cd-4c00-aa34-c87f51e61a60@group-E62D0E0263FD: ConfigurationManager, init=-1: [67063eba-d0cd-4c00-aa34-c87f51e61a60:192.168.164.220:39623, c9b88515-1c59-4f59-a2e2-ec16c09fdaea:192.168.164.220:39836, b14c1e87-4020-4c6d-bcb6-f7f922273c3e:192.168.164.220:34558], old=null, confs=<EMPTY_MAP>
2019-11-18 11:26:43,715 [pool-27-thread-1] INFO  server.RaftServerConfigKeys (ConfUtils.java:logGet(43)) - raft.server.log.corruption.policy = EXCEPTION (default)
2019-11-18 11:26:43,715 [pool-47-thread-1] INFO  server.RaftServerConfigKeys (ConfUtils.java:logGet(43)) - raft.server.storage.dir = [/workdir/hadoop-ozone/integration-test/target/test-dir/MiniOzoneClusterImpl-c13bc5a2-e6f5-4c78-9e21-084296016979/datanode-2/data/ratis] (custom)
2019-11-18 11:26:43,715 [pool-27-thread-1] INFO  storage.RaftStorageDirectory (RaftStorageDirectory.java:analyzeStorage(246)) - The storage directory /workdir/hadoop-ozone/integration-test/target/test-dir/MiniOzoneClusterImpl-c13bc5a2-e6f5-4c78-9e21-084296016979/datanode-0/data/ratis/0ee77063-0a72-48d9-9b3b-e62d0e0263fd does not exist. Creating ...
2019-11-18 11:26:43,715 [pool-47-thread-1] INFO  server.RaftServerConfigKeys (ConfUtils.java:logGet(43)) - raft.server.log.corruption.policy = EXCEPTION (default)
2019-11-18 11:26:43,716 [pool-47-thread-1] INFO  storage.RaftStorageDirectory (RaftStorageDirectory.java:analyzeStorage(246)) - The storage directory /workdir/hadoop-ozone/integration-test/target/test-dir/MiniOzoneClusterImpl-c13bc5a2-e6f5-4c78-9e21-084296016979/datanode-2/data/ratis/0ee77063-0a72-48d9-9b3b-e62d0e0263fd does not exist. Creating ...
2019-11-18 11:26:43,727 [pool-27-thread-1] INFO  storage.RaftStorageDirectory (RaftStorageDirectory.java:tryLock(328)) - Lock on /workdir/hadoop-ozone/integration-test/target/test-dir/MiniOzoneClusterImpl-c13bc5a2-e6f5-4c78-9e21-084296016979/datanode-0/data/ratis/0ee77063-0a72-48d9-9b3b-e62d0e0263fd/in_use.lock acquired by nodename 30492@pr-hdds-2372-2m6rk-3135575179
2019-11-18 11:26:43,727 [pool-47-thread-1] INFO  storage.RaftStorageDirectory (RaftStorageDirectory.java:tryLock(328)) - Lock on /workdir/hadoop-ozone/integration-test/target/test-dir/MiniOzoneClusterImpl-c13bc5a2-e6f5-4c78-9e21-084296016979/datanode-2/data/ratis/0ee77063-0a72-48d9-9b3b-e62d0e0263fd/in_use.lock acquired by nodename 30492@pr-hdds-2372-2m6rk-3135575179
2019-11-18 11:26:43,727 [pool-37-thread-1] INFO  storage.RaftStorageDirectory (RaftStorageDirectory.java:tryLock(328)) - Lock on /workdir/hadoop-ozone/integration-test/target/test-dir/MiniOzoneClusterImpl-c13bc5a2-e6f5-4c78-9e21-084296016979/datanode-1/data/ratis/0ee77063-0a72-48d9-9b3b-e62d0e0263fd/in_use.lock acquired by nodename 30492@pr-hdds-2372-2m6rk-3135575179
2019-11-18 11:26:43,741 [pool-27-thread-1] INFO  storage.RaftStorage (RaftStorage.java:format(84)) - Storage directory /workdir/hadoop-ozone/integration-test/target/test-dir/MiniOzoneClusterImpl-c13bc5a2-e6f5-4c78-9e21-084296016979/datanode-0/data/ratis/0ee77063-0a72-48d9-9b3b-e62d0e0263fd has been successfully formatted.
2019-11-18 11:26:43,741 [pool-47-thread-1] INFO  storage.RaftStorage (RaftStorage.java:format(84)) - Storage directory /workdir/hadoop-ozone/integration-test/target/test-dir/MiniOzoneClusterImpl-c13bc5a2-e6f5-4c78-9e21-084296016979/datanode-2/data/ratis/0ee77063-0a72-48d9-9b3b-e62d0e0263fd has been successfully formatted.
2019-11-18 11:26:43,742 [pool-27-thread-1] INFO  ratis.ContainerStateMachine (ContainerStateMachine.java:loadSnapshot(223)) - group-E62D0E0263FD: The snapshot info is null. Setting the last applied indexto:(t:0, i:~)
2019-11-18 11:26:43,741 [pool-37-thread-1] INFO  storage.RaftStorage (RaftStorage.java:format(84)) - Storage directory /workdir/hadoop-ozone/integration-test/target/test-dir/MiniOzoneClusterImpl-c13bc5a2-e6f5-4c78-9e21-084296016979/datanode-1/data/ratis/0ee77063-0a72-48d9-9b3b-e62d0e0263fd has been successfully formatted.
2019-11-18 11:26:43,742 [pool-47-thread-1] INFO  ratis.ContainerStateMachine (ContainerStateMachine.java:loadSnapshot(223)) - group-E62D0E0263FD: The snapshot info is null. Setting the last applied indexto:(t:0, i:~)
2019-11-18 11:26:43,742 [pool-37-thread-1] INFO  ratis.ContainerStateMachine (ContainerStateMachine.java:loadSnapshot(223)) - group-E62D0E0263FD: The snapshot info is null. Setting the last applied indexto:(t:0, i:~)
2019-11-18 11:26:43,742 [pool-27-thread-1] INFO  server.RaftServerConfigKeys (ConfUtils.java:logGet(43)) - raft.server.notification.no-leader.timeout = 1000s (custom)
2019-11-18 11:26:43,742 [pool-37-thread-1] INFO  server.RaftServerConfigKeys (ConfUtils.java:logGet(43)) - raft.server.notification.no-leader.timeout = 1000s (custom)
2019-11-18 11:26:43,742 [pool-27-thread-1] INFO  server.RaftServerConfigKeys (ConfUtils.java:logGet(43)) - raft.server.log.use.memory = false (default)
2019-11-18 11:26:43,742 [pool-47-thread-1] INFO  server.RaftServerConfigKeys (ConfUtils.java:logGet(43)) - raft.server.notification.no-leader.timeout = 1000s (custom)
2019-11-18 11:26:43,743 [pool-27-thread-1] INFO  server.RaftServerConfigKeys (ConfUtils.java:logGet(43)) - raft.server.log.purge.gap = 1000000 (custom)
2019-11-18 11:26:43,742 [pool-37-thread-1] INFO  server.RaftServerConfigKeys (ConfUtils.java:logGet(43)) - raft.server.log.use.memory = false (default)
2019-11-18 11:26:43,743 [pool-27-thread-1] INFO  server.RaftServerConfigKeys (ConfUtils.java:logGet(43)) - raft.server.log.appender.buffer.byte-limit = 33554432 (custom)
2019-11-18 11:26:43,743 [pool-47-thread-1] INFO  server.RaftServerConfigKeys (ConfUtils.java:logGet(43)) - raft.server.log.use.memory = false (default)
2019-11-18 11:26:43,743 [pool-27-thread-1] INFO  server.RaftServerConfigKeys (ConfUtils.java:logGet(43)) - raft.server.log.segment.size.max = 1048576 (custom)
2019-11-18 11:26:43,743 [pool-37-thread-1] INFO  server.RaftServerConfigKeys (ConfUtils.java:logGet(43)) - raft.server.log.purge.gap = 1000000 (custom)
2019-11-18 11:26:43,743 [pool-27-thread-1] INFO  server.RaftServerConfigKeys (ConfUtils.java:logGet(43)) - raft.server.log.segment.cache.num.max = 2 (custom)
2019-11-18 11:26:43,743 [pool-47-thread-1] INFO  server.RaftServerConfigKeys (ConfUtils.java:logGet(43)) - raft.server.log.purge.gap = 1000000 (custom)
2019-11-18 11:26:43,744 [pool-27-thread-1] INFO  segmented.SegmentedRaftLogWorker (SegmentedRaftLogWorker.java:<init>(173)) - new c9b88515-1c59-4f59-a2e2-ec16c09fdaea@group-E62D0E0263FD-SegmentedRaftLogWorker for RaftStorage:Storage Directory /workdir/hadoop-ozone/integration-test/target/test-dir/MiniOzoneClusterImpl-c13bc5a2-e6f5-4c78-9e21-084296016979/datanode-0/data/ratis/0ee77063-0a72-48d9-9b3b-e62d0e0263fd
2019-11-18 11:26:43,743 [pool-37-thread-1] INFO  server.RaftServerConfigKeys (ConfUtils.java:logGet(43)) - raft.server.log.appender.buffer.byte-limit = 33554432 (custom)
2019-11-18 11:26:43,744 [pool-27-thread-1] INFO  server.RaftServerConfigKeys (ConfUtils.java:logGet(43)) - raft.server.log.queue.byte-limit = 2147483647 (custom)
2019-11-18 11:26:43,744 [pool-47-thread-1] INFO  server.RaftServerConfigKeys (ConfUtils.java:logGet(43)) - raft.server.log.appender.buffer.byte-limit = 33554432 (custom)
2019-11-18 11:26:43,744 [pool-27-thread-1] INFO  server.RaftServerConfigKeys (ConfUtils.java:logGet(43)) - raft.server.log.queue.element-limit = 1024 (custom)
2019-11-18 11:26:43,744 [pool-37-thread-1] INFO  server.RaftServerConfigKeys (ConfUtils.java:logGet(43)) - raft.server.log.segment.size.max = 1048576 (custom)
2019-11-18 11:26:43,744 [pool-27-thread-1] INFO  server.RaftServerConfigKeys (ConfUtils.java:logGet(43)) - raft.server.log.segment.size.max = 1048576 (custom)
2019-11-18 11:26:43,744 [pool-47-thread-1] INFO  server.RaftServerConfigKeys (ConfUtils.java:logGet(43)) - raft.server.log.segment.size.max = 1048576 (custom)
2019-11-18 11:26:43,745 [pool-27-thread-1] INFO  server.RaftServerConfigKeys (ConfUtils.java:logGet(43)) - raft.server.log.preallocated.size = 16384 (custom)
2019-11-18 11:26:43,744 [pool-37-thread-1] INFO  server.RaftServerConfigKeys (ConfUtils.java:logGet(43)) - raft.server.log.segment.cache.num.max = 2 (custom)
2019-11-18 11:26:43,745 [pool-27-thread-1] INFO  server.RaftServerConfigKeys (ConfUtils.java:logGet(43)) - raft.server.log.write.buffer.size = 33554432 (custom)
2019-11-18 11:26:43,745 [pool-47-thread-1] INFO  server.RaftServerConfigKeys (ConfUtils.java:logGet(43)) - raft.server.log.segment.cache.num.max = 2 (custom)
2019-11-18 11:26:43,745 [pool-27-thread-1] INFO  server.RaftServerConfigKeys (ConfUtils.java:logGet(43)) - raft.server.log.force.sync.num = 128 (default)
2019-11-18 11:26:43,745 [pool-37-thread-1] INFO  segmented.SegmentedRaftLogWorker (SegmentedRaftLogWorker.java:<init>(173)) - new b14c1e87-4020-4c6d-bcb6-f7f922273c3e@group-E62D0E0263FD-SegmentedRaftLogWorker for RaftStorage:Storage Directory /workdir/hadoop-ozone/integration-test/target/test-dir/MiniOzoneClusterImpl-c13bc5a2-e6f5-4c78-9e21-084296016979/datanode-1/data/ratis/0ee77063-0a72-48d9-9b3b-e62d0e0263fd
2019-11-18 11:26:43,745 [pool-27-thread-1] INFO  server.RaftServerConfigKeys (ConfUtils.java:logGet(43)) - raft.server.log.statemachine.data.sync = true (default)
2019-11-18 11:26:43,745 [pool-47-thread-1] INFO  segmented.SegmentedRaftLogWorker (SegmentedRaftLogWorker.java:<init>(173)) - new 67063eba-d0cd-4c00-aa34-c87f51e61a60@group-E62D0E0263FD-SegmentedRaftLogWorker for RaftStorage:Storage Directory /workdir/hadoop-ozone/integration-test/target/test-dir/MiniOzoneClusterImpl-c13bc5a2-e6f5-4c78-9e21-084296016979/datanode-2/data/ratis/0ee77063-0a72-48d9-9b3b-e62d0e0263fd
2019-11-18 11:26:43,746 [pool-27-thread-1] INFO  server.RaftServerConfigKeys (ConfUtils.java:logGet(43)) - raft.server.log.statemachine.data.sync.timeout = 10s (default)
2019-11-18 11:26:43,745 [pool-37-thread-1] INFO  server.RaftServerConfigKeys (ConfUtils.java:logGet(43)) - raft.server.log.queue.byte-limit = 2147483647 (custom)
2019-11-18 11:26:43,746 [pool-27-thread-1] INFO  server.RaftServerConfigKeys (ConfUtils.java:logGet(43)) - raft.server.log.statemachine.data.sync.timeout.retry = -1 (default)
2019-11-18 11:26:43,746 [pool-47-thread-1] INFO  server.RaftServerConfigKeys (ConfUtils.java:logGet(43)) - raft.server.log.queue.byte-limit = 2147483647 (custom)
2019-11-18 11:26:43,746 [pool-27-thread-1] INFO  server.RaftServerConfigKeys (ConfUtils.java:logGet(43)) - raft.server.log.statemachine.data.caching.enabled = true (custom)
2019-11-18 11:26:43,746 [pool-37-thread-1] INFO  server.RaftServerConfigKeys (ConfUtils.java:logGet(43)) - raft.server.log.queue.element-limit = 1024 (custom)
2019-11-18 11:26:43,746 [pool-47-thread-1] INFO  server.RaftServerConfigKeys (ConfUtils.java:logGet(43)) - raft.server.log.queue.element-limit = 1024 (custom)
2019-11-18 11:26:43,746 [pool-37-thread-1] INFO  server.RaftServerConfigKeys (ConfUtils.java:logGet(43)) - raft.server.log.segment.size.max = 1048576 (custom)
2019-11-18 11:26:43,746 [pool-27-thread-1] INFO  segmented.SegmentedRaftLogWorker (SegmentedRaftLogWorker.java:lambda$new$0(128)) - c9b88515-1c59-4f59-a2e2-ec16c09fdaea@group-E62D0E0263FD-SegmentedRaftLogWorker: flushIndex: setUnconditionally 0 -> -1
2019-11-18 11:26:43,747 [pool-37-thread-1] INFO  server.RaftServerConfigKeys (ConfUtils.java:logGet(43)) - raft.server.log.preallocated.size = 16384 (custom)
2019-11-18 11:26:43,747 [pool-47-thread-1] INFO  server.RaftServerConfigKeys (ConfUtils.java:logGet(43)) - raft.server.log.segment.size.max = 1048576 (custom)
2019-11-18 11:26:43,747 [pool-37-thread-1] INFO  server.RaftServerConfigKeys (ConfUtils.java:logGet(43)) - raft.server.log.write.buffer.size = 33554432 (custom)
2019-11-18 11:26:43,747 [pool-27-thread-1] INFO  server.RaftServerConfigKeys (ConfUtils.java:logGet(43)) - raft.server.snapshot.auto.trigger.enabled = true (custom)
2019-11-18 11:26:43,747 [pool-47-thread-1] INFO  server.RaftServerConfigKeys (ConfUtils.java:logGet(43)) - raft.server.log.preallocated.size = 16384 (custom)
2019-11-18 11:26:43,747 [pool-27-thread-1] INFO  server.RaftServerConfigKeys (ConfUtils.java:logGet(43)) - raft.server.snapshot.auto.trigger.threshold = 10000 (custom)
2019-11-18 11:26:43,747 [pool-37-thread-1] INFO  server.RaftServerConfigKeys (ConfUtils.java:logGet(43)) - raft.server.log.force.sync.num = 128 (default)
2019-11-18 11:26:43,748 [pool-27-thread-1] INFO  server.RaftServerConfigKeys (ConfUtils.java:logGet(43)) - raft.server.snapshot.retention.file.num = 5 (custom)
2019-11-18 11:26:43,748 [pool-47-thread-1] INFO  server.RaftServerConfigKeys (ConfUtils.java:logGet(43)) - raft.server.log.write.buffer.size = 33554432 (custom)
2019-11-18 11:26:43,748 [pool-27-thread-1] INFO  server.RaftServerConfigKeys (ConfUtils.java:logGet(43)) - raft.server.retrycache.expirytime = 600000ms (custom)
2019-11-18 11:26:43,748 [pool-37-thread-1] INFO  server.RaftServerConfigKeys (ConfUtils.java:logGet(43)) - raft.server.log.statemachine.data.sync = true (default)
2019-11-18 11:26:43,748 [pool-27-thread-1] WARN  impl.MetricRegistriesImpl (MetricRegistriesImpl.java:lambda$create$1(61)) - First MetricRegistry has been created without registering reporters. You may need to call MetricRegistries.global().addReportRegistration(...) before.
2019-11-18 11:26:43,748 [pool-47-thread-1] INFO  server.RaftServerConfigKeys (ConfUtils.java:logGet(43)) - raft.server.log.force.sync.num = 128 (default)
2019-11-18 11:26:43,749 [pool-27-thread-1] WARN  impl.MetricRegistriesImpl (MetricRegistriesImpl.java:lambda$create$1(61)) - First MetricRegistry has been created without registering reporters. You may need to call MetricRegistries.global().addReportRegistration(...) before.
2019-11-18 11:26:43,748 [pool-37-thread-1] INFO  server.RaftServerConfigKeys (ConfUtils.java:logGet(43)) - raft.server.log.statemachine.data.sync.timeout = 10s (default)
2019-11-18 11:26:43,749 [pool-47-thread-1] INFO  server.RaftServerConfigKeys (ConfUtils.java:logGet(43)) - raft.server.log.statemachine.data.sync = true (default)
2019-11-18 11:26:43,749 [pool-37-thread-1] INFO  server.RaftServerConfigKeys (ConfUtils.java:logGet(43)) - raft.server.log.statemachine.data.sync.timeout.retry = -1 (default)
2019-11-18 11:26:43,749 [pool-27-thread-1] INFO  impl.RaftServerImpl (RaftServerImpl.java:start(184)) - c9b88515-1c59-4f59-a2e2-ec16c09fdaea@group-E62D0E0263FD: start as a follower, conf=-1: [67063eba-d0cd-4c00-aa34-c87f51e61a60:192.168.164.220:39623, c9b88515-1c59-4f59-a2e2-ec16c09fdaea:192.168.164.220:39836, b14c1e87-4020-4c6d-bcb6-f7f922273c3e:192.168.164.220:34558], old=null
2019-11-18 11:26:43,749 [pool-37-thread-1] INFO  server.RaftServerConfigKeys (ConfUtils.java:logGet(43)) - raft.server.log.statemachine.data.caching.enabled = true (custom)
2019-11-18 11:26:43,749 [pool-47-thread-1] INFO  server.RaftServerConfigKeys (ConfUtils.java:logGet(43)) - raft.server.log.statemachine.data.sync.timeout = 10s (default)
2019-11-18 11:26:43,750 [pool-27-thread-1] INFO  impl.RaftServerImpl (RaftServerImpl.java:setRole(173)) - c9b88515-1c59-4f59-a2e2-ec16c09fdaea@group-E62D0E0263FD: changes role from      null to FOLLOWER at term 0 for startAsFollower
2019-11-18 11:26:43,750 [pool-47-thread-1] INFO  server.RaftServerConfigKeys (ConfUtils.java:logGet(43)) - raft.server.log.statemachine.data.sync.timeout.retry = -1 (default)
2019-11-18 11:26:43,750 [pool-27-thread-1] INFO  impl.RoleInfo (RoleInfo.java:updateAndGet(143)) - c9b88515-1c59-4f59-a2e2-ec16c09fdaea: start FollowerState
2019-11-18 11:26:43,750 [pool-37-thread-1] INFO  segmented.SegmentedRaftLogWorker (SegmentedRaftLogWorker.java:lambda$new$0(128)) - b14c1e87-4020-4c6d-bcb6-f7f922273c3e@group-E62D0E0263FD-SegmentedRaftLogWorker: flushIndex: setUnconditionally 0 -> -1
2019-11-18 11:26:43,750 [pool-47-thread-1] INFO  server.RaftServerConfigKeys (ConfUtils.java:logGet(43)) - raft.server.log.statemachine.data.caching.enabled = true (custom)
2019-11-18 11:26:43,751 [pool-37-thread-1] INFO  server.RaftServerConfigKeys (ConfUtils.java:logGet(43)) - raft.server.snapshot.auto.trigger.enabled = true (custom)
2019-11-18 11:26:43,751 [pool-47-thread-1] INFO  segmented.SegmentedRaftLogWorker (SegmentedRaftLogWorker.java:lambda$new$0(128)) - 67063eba-d0cd-4c00-aa34-c87f51e61a60@group-E62D0E0263FD-SegmentedRaftLogWorker: flushIndex: setUnconditionally 0 -> -1
2019-11-18 11:26:43,751 [pool-27-thread-1] INFO  util.JmxRegister (JmxRegister.java:tryRegister(44)) - Successfully registered JMX Bean with object name Ratis:service=RaftServer,group=group-E62D0E0263FD,id=c9b88515-1c59-4f59-a2e2-ec16c09fdaea
2019-11-18 11:26:43,751 [pool-47-thread-1] INFO  server.RaftServerConfigKeys (ConfUtils.java:logGet(43)) - raft.server.snapshot.auto.trigger.enabled = true (custom)
2019-11-18 11:26:43,751 [pool-37-thread-1] INFO  server.RaftServerConfigKeys (ConfUtils.java:logGet(43)) - raft.server.snapshot.auto.trigger.threshold = 10000 (custom)
2019-11-18 11:26:43,751 [pool-47-thread-1] INFO  server.RaftServerConfigKeys (ConfUtils.java:logGet(43)) - raft.server.snapshot.auto.trigger.threshold = 10000 (custom)
2019-11-18 11:26:43,751 [pool-27-thread-1] WARN  impl.MetricRegistriesImpl (MetricRegistriesImpl.java:lambda$create$1(61)) - First MetricRegistry has been created without registering reporters. You may need to call MetricRegistries.global().addReportRegistration(...) before.
2019-11-18 11:26:43,751 [pool-47-thread-1] INFO  server.RaftServerConfigKeys (ConfUtils.java:logGet(43)) - raft.server.snapshot.retention.file.num = 5 (custom)
2019-11-18 11:26:43,751 [pool-37-thread-1] INFO  server.RaftServerConfigKeys (ConfUtils.java:logGet(43)) - raft.server.snapshot.retention.file.num = 5 (custom)
2019-11-18 11:26:43,752 [pool-47-thread-1] INFO  server.RaftServerConfigKeys (ConfUtils.java:logGet(43)) - raft.server.retrycache.expirytime = 600000ms (custom)
2019-11-18 11:26:43,752 [pool-37-thread-1] INFO  server.RaftServerConfigKeys (ConfUtils.java:logGet(43)) - raft.server.retrycache.expirytime = 600000ms (custom)
2019-11-18 11:26:43,752 [pool-47-thread-1] WARN  impl.MetricRegistriesImpl (MetricRegistriesImpl.java:lambda$create$1(61)) - First MetricRegistry has been created without registering reporters. You may need to call MetricRegistries.global().addReportRegistration(...) before.
2019-11-18 11:26:43,752 [pool-37-thread-1] WARN  impl.MetricRegistriesImpl (MetricRegistriesImpl.java:lambda$create$1(61)) - First MetricRegistry has been created without registering reporters. You may need to call MetricRegistries.global().addReportRegistration(...) before.
2019-11-18 11:26:43,752 [pool-47-thread-1] WARN  impl.MetricRegistriesImpl (MetricRegistriesImpl.java:lambda$create$1(61)) - First MetricRegistry has been created without registering reporters. You may need to call MetricRegistries.global().addReportRegistration(...) before.
2019-11-18 11:26:43,752 [pool-37-thread-1] WARN  impl.MetricRegistriesImpl (MetricRegistriesImpl.java:lambda$create$1(61)) - First MetricRegistry has been created without registering reporters. You may need to call MetricRegistries.global().addReportRegistration(...) before.
2019-11-18 11:26:43,753 [pool-47-thread-1] INFO  impl.RaftServerImpl (RaftServerImpl.java:start(184)) - 67063eba-d0cd-4c00-aa34-c87f51e61a60@group-E62D0E0263FD: start as a follower, conf=-1: [67063eba-d0cd-4c00-aa34-c87f51e61a60:192.168.164.220:39623, c9b88515-1c59-4f59-a2e2-ec16c09fdaea:192.168.164.220:39836, b14c1e87-4020-4c6d-bcb6-f7f922273c3e:192.168.164.220:34558], old=null
2019-11-18 11:26:43,753 [pool-37-thread-1] INFO  impl.RaftServerImpl (RaftServerImpl.java:start(184)) - b14c1e87-4020-4c6d-bcb6-f7f922273c3e@group-E62D0E0263FD: start as a follower, conf=-1: [67063eba-d0cd-4c00-aa34-c87f51e61a60:192.168.164.220:39623, c9b88515-1c59-4f59-a2e2-ec16c09fdaea:192.168.164.220:39836, b14c1e87-4020-4c6d-bcb6-f7f922273c3e:192.168.164.220:34558], old=null
2019-11-18 11:26:43,753 [pool-47-thread-1] INFO  impl.RaftServerImpl (RaftServerImpl.java:setRole(173)) - 67063eba-d0cd-4c00-aa34-c87f51e61a60@group-E62D0E0263FD: changes role from      null to FOLLOWER at term 0 for startAsFollower
2019-11-18 11:26:43,757 [pool-37-thread-1] INFO  impl.RaftServerImpl (RaftServerImpl.java:setRole(173)) - b14c1e87-4020-4c6d-bcb6-f7f922273c3e@group-E62D0E0263FD: changes role from      null to FOLLOWER at term 0 for startAsFollower
2019-11-18 11:26:43,757 [pool-47-thread-1] INFO  impl.RoleInfo (RoleInfo.java:updateAndGet(143)) - 67063eba-d0cd-4c00-aa34-c87f51e61a60: start FollowerState
2019-11-18 11:26:43,757 [pool-37-thread-1] INFO  impl.RoleInfo (RoleInfo.java:updateAndGet(143)) - b14c1e87-4020-4c6d-bcb6-f7f922273c3e: start FollowerState
2019-11-18 11:26:43,759 [pool-47-thread-1] INFO  util.JmxRegister (JmxRegister.java:tryRegister(44)) - Successfully registered JMX Bean with object name Ratis:service=RaftServer,group=group-E62D0E0263FD,id=67063eba-d0cd-4c00-aa34-c87f51e61a60
2019-11-18 11:26:43,759 [pool-47-thread-1] WARN  impl.MetricRegistriesImpl (MetricRegistriesImpl.java:lambda$create$1(61)) - First MetricRegistry has been created without registering reporters. You may need to call MetricRegistries.global().addReportRegistration(...) before.
2019-11-18 11:26:43,759 [pool-37-thread-1] INFO  util.JmxRegister (JmxRegister.java:tryRegister(44)) - Successfully registered JMX Bean with object name Ratis:service=RaftServer,group=group-E62D0E0263FD,id=b14c1e87-4020-4c6d-bcb6-f7f922273c3e
2019-11-18 11:26:43,759 [pool-37-thread-1] WARN  impl.MetricRegistriesImpl (MetricRegistriesImpl.java:lambda$create$1(61)) - First MetricRegistry has been created without registering reporters. You may need to call MetricRegistries.global().addReportRegistration(...) before.
2019-11-18 11:26:43,775 [RatisPipelineUtilsThread] INFO  pipeline.PipelineStateManager (PipelineStateManager.java:addPipeline(55)) - Created pipeline Pipeline[ Id: 0ee77063-0a72-48d9-9b3b-e62d0e0263fd, Nodes: b14c1e87-4020-4c6d-bcb6-f7f922273c3e{ip: 192.168.164.220, host: pr-hdds-2372-2m6rk-3135575179, networkLocation: /default-rack, certSerialId: null}c9b88515-1c59-4f59-a2e2-ec16c09fdaea{ip: 192.168.164.220, host: pr-hdds-2372-2m6rk-3135575179, networkLocation: /default-rack, certSerialId: null}67063eba-d0cd-4c00-aa34-c87f51e61a60{ip: 192.168.164.220, host: pr-hdds-2372-2m6rk-3135575179, networkLocation: /default-rack, certSerialId: null}, Type:RATIS, Factor:THREE, State:ALLOCATED]
2019-11-18 11:26:43,779 [main] INFO  ozone.MiniOzoneClusterImpl (MiniOzoneClusterImpl.java:lambda$waitForClusterToBeReady$2(163)) - Waiting for 4 number of pipelines out of 4, to report a leader.
2019-11-18 11:26:44,780 [main] INFO  ozone.MiniOzoneClusterImpl (MiniOzoneClusterImpl.java:lambda$waitForClusterToBeReady$2(163)) - Waiting for 4 number of pipelines out of 4, to report a leader.
2019-11-18 11:26:45,781 [main] INFO  ozone.MiniOzoneClusterImpl (MiniOzoneClusterImpl.java:lambda$waitForClusterToBeReady$2(163)) - Waiting for 4 number of pipelines out of 4, to report a leader.
2019-11-18 11:26:45,791 [Thread-181] INFO  container.ReplicationManager (ReplicationManager.java:start(162)) - Starting Replication Monitor Thread.
2019-11-18 11:26:45,793 [Thread-181] INFO  pipeline.SCMPipelineManager (SCMPipelineManager.java:finalizeAndDestroyPipeline(315)) - destroying pipeline:Pipeline[ Id: 9d45eb14-0f80-49e8-ae80-06d2601db295, Nodes: c9b88515-1c59-4f59-a2e2-ec16c09fdaea{ip: 192.168.164.220, host: pr-hdds-2372-2m6rk-3135575179, networkLocation: /default-rack, certSerialId: null}, Type:RATIS, Factor:ONE, State:ALLOCATED]
2019-11-18 11:26:45,793 [ReplicationMonitor] INFO  container.ReplicationManager (ReplicationManager.java:run(225)) - Replication Monitor Thread took 1 milliseconds for processing 0 containers.
2019-11-18 11:26:45,794 [Thread-181] INFO  pipeline.PipelineStateManager (PipelineStateManager.java:finalizePipeline(121)) - Pipeline Pipeline[ Id: 9d45eb14-0f80-49e8-ae80-06d2601db295, Nodes: c9b88515-1c59-4f59-a2e2-ec16c09fdaea{ip: 192.168.164.220, host: pr-hdds-2372-2m6rk-3135575179, networkLocation: /default-rack, certSerialId: null}, Type:RATIS, Factor:ONE, State:CLOSED] moved to CLOSED state
2019-11-18 11:26:45,825 [grpc-default-executor-1] INFO  impl.RaftServerProxy (RaftServerProxy.java:remove(95)) - c9b88515-1c59-4f59-a2e2-ec16c09fdaea: remove  FOLLOWER c9b88515-1c59-4f59-a2e2-ec16c09fdaea@group-06D2601DB295:t0, leader=null, voted=null, raftlog=c9b88515-1c59-4f59-a2e2-ec16c09fdaea@group-06D2601DB295-SegmentedRaftLog:OPENED:c-1,f-1,i0, conf=-1: [c9b88515-1c59-4f59-a2e2-ec16c09fdaea:192.168.164.220:39836], old=null RUNNING
2019-11-18 11:26:45,829 [grpc-default-executor-1] INFO  impl.RaftServerImpl (RaftServerImpl.java:lambda$shutdown$3(250)) - c9b88515-1c59-4f59-a2e2-ec16c09fdaea@group-06D2601DB295: shutdown
2019-11-18 11:26:45,829 [grpc-default-executor-1] INFO  util.JmxRegister (JmxRegister.java:unregister(73)) - Successfully un-registered JMX Bean with object name Ratis:service=RaftServer,group=group-06D2601DB295,id=c9b88515-1c59-4f59-a2e2-ec16c09fdaea
2019-11-18 11:26:45,829 [grpc-default-executor-1] INFO  impl.RoleInfo (RoleInfo.java:shutdownFollowerState(121)) - c9b88515-1c59-4f59-a2e2-ec16c09fdaea: shutdown FollowerState
2019-11-18 11:26:45,829 [grpc-default-executor-1] INFO  impl.StateMachineUpdater (StateMachineUpdater.java:stopAndJoin(136)) - c9b88515-1c59-4f59-a2e2-ec16c09fdaea@group-06D2601DB295-StateMachineUpdater: set stopIndex = -1
2019-11-18 11:26:45,830 [Thread-186] INFO  impl.FollowerState (FollowerState.java:run(120)) - c9b88515-1c59-4f59-a2e2-ec16c09fdaea@group-06D2601DB295-FollowerState was interrupted: java.lang.InterruptedException: sleep interrupted
2019-11-18 11:26:45,832 [grpc-default-executor-1] INFO  impl.RaftServerImpl (ServerState.java:close(387)) - c9b88515-1c59-4f59-a2e2-ec16c09fdaea@group-06D2601DB295: closes. applyIndex: -1
2019-11-18 11:26:45,837 [c9b88515-1c59-4f59-a2e2-ec16c09fdaea@group-06D2601DB295-SegmentedRaftLogWorker] INFO  segmented.SegmentedRaftLogWorker (SegmentedRaftLogWorker.java:run(316)) - c9b88515-1c59-4f59-a2e2-ec16c09fdaea@group-06D2601DB295-SegmentedRaftLogWorker was interrupted, exiting. There are 0 tasks remaining in the queue.
2019-11-18 11:26:45,838 [grpc-default-executor-1] INFO  segmented.SegmentedRaftLogWorker (SegmentedRaftLogWorker.java:close(224)) - c9b88515-1c59-4f59-a2e2-ec16c09fdaea@group-06D2601DB295-SegmentedRaftLogWorker close()
2019-11-18 11:26:45,855 [Thread-181] INFO  pipeline.PipelineStateManager (PipelineStateManager.java:removePipeline(106)) - Pipeline Pipeline[ Id: 9d45eb14-0f80-49e8-ae80-06d2601db295, Nodes: c9b88515-1c59-4f59-a2e2-ec16c09fdaea{ip: 192.168.164.220, host: pr-hdds-2372-2m6rk-3135575179, networkLocation: /default-rack, certSerialId: null}, Type:RATIS, Factor:ONE, State:CLOSED] removed from db
2019-11-18 11:26:45,856 [Thread-181] INFO  pipeline.SCMPipelineManager (SCMPipelineManager.java:finalizeAndDestroyPipeline(315)) - destroying pipeline:Pipeline[ Id: 8648c45b-923e-4e62-b124-2314477b4ba0, Nodes: b14c1e87-4020-4c6d-bcb6-f7f922273c3e{ip: 192.168.164.220, host: pr-hdds-2372-2m6rk-3135575179, networkLocation: /default-rack, certSerialId: null}, Type:RATIS, Factor:ONE, State:ALLOCATED]
2019-11-18 11:26:45,867 [grpc-default-executor-1] INFO  impl.RaftServerProxy (RaftServerProxy.java:addNew(89)) - c9b88515-1c59-4f59-a2e2-ec16c09fdaea: addNew group-2DF80A51DFC6:[c9b88515-1c59-4f59-a2e2-ec16c09fdaea:192.168.164.220:39836] returns group-2DF80A51DFC6:java.util.concurrent.CompletableFuture@715c98f[Not completed]
2019-11-18 11:26:45,869 [pool-27-thread-1] INFO  impl.RaftServerImpl (RaftServerImpl.java:<init>(98)) - c9b88515-1c59-4f59-a2e2-ec16c09fdaea: new RaftServerImpl for group-2DF80A51DFC6:[c9b88515-1c59-4f59-a2e2-ec16c09fdaea:192.168.164.220:39836] with ContainerStateMachine:uninitialized
2019-11-18 11:26:45,869 [pool-27-thread-1] INFO  server.RaftServerConfigKeys (ConfUtils.java:logGet(43)) - raft.server.rpc.timeout.min = 5s (custom)
2019-11-18 11:26:45,869 [pool-27-thread-1] INFO  server.RaftServerConfigKeys (ConfUtils.java:logGet(43)) - raft.server.rpc.timeout.max = 5200ms (custom)
2019-11-18 11:26:45,869 [pool-27-thread-1] INFO  server.RaftServerConfigKeys (ConfUtils.java:logGet(43)) - raft.server.rpcslowness.timeout = 1000s (custom)
2019-11-18 11:26:45,869 [pool-27-thread-1] INFO  server.RaftServerConfigKeys (ConfUtils.java:logGet(43)) - raft.server.sleep.deviation.threshold = 300 (default)
2019-11-18 11:26:45,869 [pool-27-thread-1] INFO  server.RaftServerConfigKeys (ConfUtils.java:logGet(43)) - raft.server.log.appender.install.snapshot.enabled = false (custom)
2019-11-18 11:26:45,869 [pool-27-thread-1] INFO  impl.RaftServerImpl (ServerState.java:<init>(103)) - c9b88515-1c59-4f59-a2e2-ec16c09fdaea@group-2DF80A51DFC6: ConfigurationManager, init=-1: [c9b88515-1c59-4f59-a2e2-ec16c09fdaea:192.168.164.220:39836], old=null, confs=<EMPTY_MAP>
2019-11-18 11:26:45,870 [pool-27-thread-1] INFO  server.RaftServerConfigKeys (ConfUtils.java:logGet(43)) - raft.server.storage.dir = [/workdir/hadoop-ozone/integration-test/target/test-dir/MiniOzoneClusterImpl-c13bc5a2-e6f5-4c78-9e21-084296016979/datanode-0/data/ratis] (custom)
2019-11-18 11:26:45,870 [pool-27-thread-1] INFO  server.RaftServerConfigKeys (ConfUtils.java:logGet(43)) - raft.server.log.corruption.policy = EXCEPTION (default)
2019-11-18 11:26:45,870 [pool-27-thread-1] INFO  storage.RaftStorageDirectory (RaftStorageDirectory.java:analyzeStorage(246)) - The storage directory /workdir/hadoop-ozone/integration-test/target/test-dir/MiniOzoneClusterImpl-c13bc5a2-e6f5-4c78-9e21-084296016979/datanode-0/data/ratis/03d75bca-6579-4c60-b363-2df80a51dfc6 does not exist. Creating ...
2019-11-18 11:26:45,884 [pool-27-thread-1] INFO  storage.RaftStorageDirectory (RaftStorageDirectory.java:tryLock(328)) - Lock on /workdir/hadoop-ozone/integration-test/target/test-dir/MiniOzoneClusterImpl-c13bc5a2-e6f5-4c78-9e21-084296016979/datanode-0/data/ratis/03d75bca-6579-4c60-b363-2df80a51dfc6/in_use.lock acquired by nodename 30492@pr-hdds-2372-2m6rk-3135575179
2019-11-18 11:26:45,897 [pool-27-thread-1] INFO  storage.RaftStorage (RaftStorage.java:format(84)) - Storage directory /workdir/hadoop-ozone/integration-test/target/test-dir/MiniOzoneClusterImpl-c13bc5a2-e6f5-4c78-9e21-084296016979/datanode-0/data/ratis/03d75bca-6579-4c60-b363-2df80a51dfc6 has been successfully formatted.
2019-11-18 11:26:45,897 [pool-27-thread-1] INFO  ratis.ContainerStateMachine (ContainerStateMachine.java:loadSnapshot(223)) - group-2DF80A51DFC6: The snapshot info is null. Setting the last applied indexto:(t:0, i:~)
2019-11-18 11:26:45,897 [pool-27-thread-1] INFO  server.RaftServerConfigKeys (ConfUtils.java:logGet(43)) - raft.server.notification.no-leader.timeout = 1000s (custom)
2019-11-18 11:26:45,897 [pool-27-thread-1] INFO  server.RaftServerConfigKeys (ConfUtils.java:logGet(43)) - raft.server.log.use.memory = false (default)
2019-11-18 11:26:45,897 [pool-27-thread-1] INFO  server.RaftServerConfigKeys (ConfUtils.java:logGet(43)) - raft.server.log.purge.gap = 1000000 (custom)
2019-11-18 11:26:45,897 [pool-27-thread-1] INFO  server.RaftServerConfigKeys (ConfUtils.java:logGet(43)) - raft.server.log.appender.buffer.byte-limit = 33554432 (custom)
2019-11-18 11:26:45,897 [pool-27-thread-1] INFO  server.RaftServerConfigKeys (ConfUtils.java:logGet(43)) - raft.server.log.segment.size.max = 1048576 (custom)
2019-11-18 11:26:45,898 [pool-27-thread-1] INFO  server.RaftServerConfigKeys (ConfUtils.java:logGet(43)) - raft.server.log.segment.cache.num.max = 2 (custom)
2019-11-18 11:26:45,898 [pool-27-thread-1] INFO  segmented.SegmentedRaftLogWorker (SegmentedRaftLogWorker.java:<init>(173)) - new c9b88515-1c59-4f59-a2e2-ec16c09fdaea@group-2DF80A51DFC6-SegmentedRaftLogWorker for RaftStorage:Storage Directory /workdir/hadoop-ozone/integration-test/target/test-dir/MiniOzoneClusterImpl-c13bc5a2-e6f5-4c78-9e21-084296016979/datanode-0/data/ratis/03d75bca-6579-4c60-b363-2df80a51dfc6
2019-11-18 11:26:45,898 [pool-27-thread-1] INFO  server.RaftServerConfigKeys (ConfUtils.java:logGet(43)) - raft.server.log.queue.byte-limit = 2147483647 (custom)
2019-11-18 11:26:45,898 [pool-27-thread-1] INFO  server.RaftServerConfigKeys (ConfUtils.java:logGet(43)) - raft.server.log.queue.element-limit = 1024 (custom)
2019-11-18 11:26:45,898 [pool-27-thread-1] INFO  server.RaftServerConfigKeys (ConfUtils.java:logGet(43)) - raft.server.log.segment.size.max = 1048576 (custom)
2019-11-18 11:26:45,898 [pool-27-thread-1] INFO  server.RaftServerConfigKeys (ConfUtils.java:logGet(43)) - raft.server.log.preallocated.size = 16384 (custom)
2019-11-18 11:26:45,898 [pool-27-thread-1] INFO  server.RaftServerConfigKeys (ConfUtils.java:logGet(43)) - raft.server.log.write.buffer.size = 33554432 (custom)
2019-11-18 11:26:45,898 [pool-27-thread-1] INFO  server.RaftServerConfigKeys (ConfUtils.java:logGet(43)) - raft.server.log.force.sync.num = 128 (default)
2019-11-18 11:26:45,898 [pool-27-thread-1] INFO  server.RaftServerConfigKeys (ConfUtils.java:logGet(43)) - raft.server.log.statemachine.data.sync = true (default)
2019-11-18 11:26:45,899 [pool-27-thread-1] INFO  server.RaftServerConfigKeys (ConfUtils.java:logGet(43)) - raft.server.log.statemachine.data.sync.timeout = 10s (default)
2019-11-18 11:26:45,899 [pool-27-thread-1] INFO  server.RaftServerConfigKeys (ConfUtils.java:logGet(43)) - raft.server.log.statemachine.data.sync.timeout.retry = -1 (default)
2019-11-18 11:26:45,899 [pool-27-thread-1] INFO  server.RaftServerConfigKeys (ConfUtils.java:logGet(43)) - raft.server.log.statemachine.data.caching.enabled = true (custom)
2019-11-18 11:26:45,899 [pool-27-thread-1] INFO  segmented.SegmentedRaftLogWorker (SegmentedRaftLogWorker.java:lambda$new$0(128)) - c9b88515-1c59-4f59-a2e2-ec16c09fdaea@group-2DF80A51DFC6-SegmentedRaftLogWorker: flushIndex: setUnconditionally 0 -> -1
2019-11-18 11:26:45,899 [pool-27-thread-1] INFO  server.RaftServerConfigKeys (ConfUtils.java:logGet(43)) - raft.server.snapshot.auto.trigger.enabled = true (custom)
2019-11-18 11:26:45,900 [pool-27-thread-1] INFO  server.RaftServerConfigKeys (ConfUtils.java:logGet(43)) - raft.server.snapshot.auto.trigger.threshold = 10000 (custom)
2019-11-18 11:26:45,900 [pool-27-thread-1] INFO  server.RaftServerConfigKeys (ConfUtils.java:logGet(43)) - raft.server.snapshot.retention.file.num = 5 (custom)
2019-11-18 11:26:45,900 [pool-27-thread-1] INFO  server.RaftServerConfigKeys (ConfUtils.java:logGet(43)) - raft.server.retrycache.expirytime = 600000ms (custom)
2019-11-18 11:26:45,900 [pool-27-thread-1] WARN  impl.MetricRegistriesImpl (MetricRegistriesImpl.java:lambda$create$1(61)) - First MetricRegistry has been created without registering reporters. You may need to call MetricRegistries.global().addReportRegistration(...) before.
2019-11-18 11:26:45,900 [pool-27-thread-1] WARN  impl.MetricRegistriesImpl (MetricRegistriesImpl.java:lambda$create$1(61)) - First MetricRegistry has been created without registering reporters. You may need to call MetricRegistries.global().addReportRegistration(...) before.
2019-11-18 11:26:45,900 [pool-27-thread-1] INFO  impl.RaftServerImpl (RaftServerImpl.java:start(184)) - c9b88515-1c59-4f59-a2e2-ec16c09fdaea@group-2DF80A51DFC6: start as a follower, conf=-1: [c9b88515-1c59-4f59-a2e2-ec16c09fdaea:192.168.164.220:39836], old=null
2019-11-18 11:26:45,901 [pool-27-thread-1] INFO  impl.RaftServerImpl (RaftServerImpl.java:setRole(173)) - c9b88515-1c59-4f59-a2e2-ec16c09fdaea@group-2DF80A51DFC6: changes role from      null to FOLLOWER at term 0 for startAsFollower
2019-11-18 11:26:45,901 [pool-27-thread-1] INFO  impl.RoleInfo (RoleInfo.java:updateAndGet(143)) - c9b88515-1c59-4f59-a2e2-ec16c09fdaea: start FollowerState
2019-11-18 11:26:45,901 [pool-27-thread-1] INFO  util.JmxRegister (JmxRegister.java:tryRegister(44)) - Successfully registered JMX Bean with object name Ratis:service=RaftServer,group=group-2DF80A51DFC6,id=c9b88515-1c59-4f59-a2e2-ec16c09fdaea
2019-11-18 11:26:45,901 [pool-27-thread-1] WARN  impl.MetricRegistriesImpl (MetricRegistriesImpl.java:lambda$create$1(61)) - First MetricRegistry has been created without registering reporters. You may need to call MetricRegistries.global().addReportRegistration(...) before.
2019-11-18 11:26:45,909 [RatisPipelineUtilsThread] INFO  pipeline.PipelineStateManager (PipelineStateManager.java:addPipeline(55)) - Created pipeline Pipeline[ Id: 03d75bca-6579-4c60-b363-2df80a51dfc6, Nodes: c9b88515-1c59-4f59-a2e2-ec16c09fdaea{ip: 192.168.164.220, host: pr-hdds-2372-2m6rk-3135575179, networkLocation: /default-rack, certSerialId: null}, Type:RATIS, Factor:ONE, State:ALLOCATED]
2019-11-18 11:26:45,911 [Thread-181] INFO  pipeline.PipelineStateManager (PipelineStateManager.java:finalizePipeline(121)) - Pipeline Pipeline[ Id: 8648c45b-923e-4e62-b124-2314477b4ba0, Nodes: b14c1e87-4020-4c6d-bcb6-f7f922273c3e{ip: 192.168.164.220, host: pr-hdds-2372-2m6rk-3135575179, networkLocation: /default-rack, certSerialId: null}, Type:RATIS, Factor:ONE, State:CLOSED] moved to CLOSED state
2019-11-18 11:26:45,921 [grpc-default-executor-1] INFO  impl.RaftServerProxy (RaftServerProxy.java:remove(95)) - b14c1e87-4020-4c6d-bcb6-f7f922273c3e: remove  FOLLOWER b14c1e87-4020-4c6d-bcb6-f7f922273c3e@group-2314477B4BA0:t0, leader=null, voted=null, raftlog=b14c1e87-4020-4c6d-bcb6-f7f922273c3e@group-2314477B4BA0-SegmentedRaftLog:OPENED:c-1,f-1,i0, conf=-1: [b14c1e87-4020-4c6d-bcb6-f7f922273c3e:192.168.164.220:34558], old=null RUNNING
2019-11-18 11:26:45,921 [grpc-default-executor-1] INFO  impl.RaftServerImpl (RaftServerImpl.java:lambda$shutdown$3(250)) - b14c1e87-4020-4c6d-bcb6-f7f922273c3e@group-2314477B4BA0: shutdown
2019-11-18 11:26:45,922 [grpc-default-executor-1] INFO  util.JmxRegister (JmxRegister.java:unregister(73)) - Successfully un-registered JMX Bean with object name Ratis:service=RaftServer,group=group-2314477B4BA0,id=b14c1e87-4020-4c6d-bcb6-f7f922273c3e
2019-11-18 11:26:45,922 [grpc-default-executor-1] INFO  impl.RoleInfo (RoleInfo.java:shutdownFollowerState(121)) - b14c1e87-4020-4c6d-bcb6-f7f922273c3e: shutdown FollowerState
2019-11-18 11:26:45,922 [grpc-default-executor-1] INFO  impl.StateMachineUpdater (StateMachineUpdater.java:stopAndJoin(136)) - b14c1e87-4020-4c6d-bcb6-f7f922273c3e@group-2314477B4BA0-StateMachineUpdater: set stopIndex = -1
2019-11-18 11:26:45,922 [Thread-189] INFO  impl.FollowerState (FollowerState.java:run(120)) - b14c1e87-4020-4c6d-bcb6-f7f922273c3e@group-2314477B4BA0-FollowerState was interrupted: java.lang.InterruptedException: sleep interrupted
2019-11-18 11:26:45,925 [grpc-default-executor-1] INFO  impl.RaftServerImpl (ServerState.java:close(387)) - b14c1e87-4020-4c6d-bcb6-f7f922273c3e@group-2314477B4BA0: closes. applyIndex: -1
2019-11-18 11:26:45,926 [b14c1e87-4020-4c6d-bcb6-f7f922273c3e@group-2314477B4BA0-SegmentedRaftLogWorker] INFO  segmented.SegmentedRaftLogWorker (SegmentedRaftLogWorker.java:run(316)) - b14c1e87-4020-4c6d-bcb6-f7f922273c3e@group-2314477B4BA0-SegmentedRaftLogWorker was interrupted, exiting. There are 0 tasks remaining in the queue.
2019-11-18 11:26:45,926 [grpc-default-executor-1] INFO  segmented.SegmentedRaftLogWorker (SegmentedRaftLogWorker.java:close(224)) - b14c1e87-4020-4c6d-bcb6-f7f922273c3e@group-2314477B4BA0-SegmentedRaftLogWorker close()
2019-11-18 11:26:45,934 [Thread-181] INFO  pipeline.PipelineStateManager (PipelineStateManager.java:removePipeline(106)) - Pipeline Pipeline[ Id: 8648c45b-923e-4e62-b124-2314477b4ba0, Nodes: b14c1e87-4020-4c6d-bcb6-f7f922273c3e{ip: 192.168.164.220, host: pr-hdds-2372-2m6rk-3135575179, networkLocation: /default-rack, certSerialId: null}, Type:RATIS, Factor:ONE, State:CLOSED] removed from db
2019-11-18 11:26:45,935 [Thread-181] INFO  pipeline.SCMPipelineManager (SCMPipelineManager.java:finalizeAndDestroyPipeline(315)) - destroying pipeline:Pipeline[ Id: 0ee77063-0a72-48d9-9b3b-e62d0e0263fd, Nodes: b14c1e87-4020-4c6d-bcb6-f7f922273c3e{ip: 192.168.164.220, host: pr-hdds-2372-2m6rk-3135575179, networkLocation: /default-rack, certSerialId: null}c9b88515-1c59-4f59-a2e2-ec16c09fdaea{ip: 192.168.164.220, host: pr-hdds-2372-2m6rk-3135575179, networkLocation: /default-rack, certSerialId: null}67063eba-d0cd-4c00-aa34-c87f51e61a60{ip: 192.168.164.220, host: pr-hdds-2372-2m6rk-3135575179, networkLocation: /default-rack, certSerialId: null}, Type:RATIS, Factor:THREE, State:ALLOCATED]
2019-11-18 11:26:45,945 [grpc-default-executor-1] INFO  impl.RaftServerProxy (RaftServerProxy.java:addNew(89)) - b14c1e87-4020-4c6d-bcb6-f7f922273c3e: addNew group-E42B2BB1EFCC:[b14c1e87-4020-4c6d-bcb6-f7f922273c3e:192.168.164.220:34558] returns group-E42B2BB1EFCC:java.util.concurrent.CompletableFuture@5699ad4f[Not completed]
2019-11-18 11:26:45,947 [pool-37-thread-1] INFO  impl.RaftServerImpl (RaftServerImpl.java:<init>(98)) - b14c1e87-4020-4c6d-bcb6-f7f922273c3e: new RaftServerImpl for group-E42B2BB1EFCC:[b14c1e87-4020-4c6d-bcb6-f7f922273c3e:192.168.164.220:34558] with ContainerStateMachine:uninitialized
2019-11-18 11:26:45,948 [pool-37-thread-1] INFO  server.RaftServerConfigKeys (ConfUtils.java:logGet(43)) - raft.server.rpc.timeout.min = 5s (custom)
2019-11-18 11:26:45,948 [pool-37-thread-1] INFO  server.RaftServerConfigKeys (ConfUtils.java:logGet(43)) - raft.server.rpc.timeout.max = 5200ms (custom)
2019-11-18 11:26:45,948 [pool-37-thread-1] INFO  server.RaftServerConfigKeys (ConfUtils.java:logGet(43)) - raft.server.rpcslowness.timeout = 1000s (custom)
2019-11-18 11:26:45,948 [pool-37-thread-1] INFO  server.RaftServerConfigKeys (ConfUtils.java:logGet(43)) - raft.server.sleep.deviation.threshold = 300 (default)
2019-11-18 11:26:45,948 [pool-37-thread-1] INFO  server.RaftServerConfigKeys (ConfUtils.java:logGet(43)) - raft.server.log.appender.install.snapshot.enabled = false (custom)
2019-11-18 11:26:45,948 [pool-37-thread-1] INFO  impl.RaftServerImpl (ServerState.java:<init>(103)) - b14c1e87-4020-4c6d-bcb6-f7f922273c3e@group-E42B2BB1EFCC: ConfigurationManager, init=-1: [b14c1e87-4020-4c6d-bcb6-f7f922273c3e:192.168.164.220:34558], old=null, confs=<EMPTY_MAP>
2019-11-18 11:26:45,949 [pool-37-thread-1] INFO  server.RaftServerConfigKeys (ConfUtils.java:logGet(43)) - raft.server.storage.dir = [/workdir/hadoop-ozone/integration-test/target/test-dir/MiniOzoneClusterImpl-c13bc5a2-e6f5-4c78-9e21-084296016979/datanode-1/data/ratis] (custom)
2019-11-18 11:26:45,949 [pool-37-thread-1] INFO  server.RaftServerConfigKeys (ConfUtils.java:logGet(43)) - raft.server.log.corruption.policy = EXCEPTION (default)
2019-11-18 11:26:45,949 [pool-37-thread-1] INFO  storage.RaftStorageDirectory (RaftStorageDirectory.java:analyzeStorage(246)) - The storage directory /workdir/hadoop-ozone/integration-test/target/test-dir/MiniOzoneClusterImpl-c13bc5a2-e6f5-4c78-9e21-084296016979/datanode-1/data/ratis/828afe1e-12a8-4d85-b52a-e42b2bb1efcc does not exist. Creating ...
2019-11-18 11:26:45,963 [pool-37-thread-1] INFO  storage.RaftStorageDirectory (RaftStorageDirectory.java:tryLock(328)) - Lock on /workdir/hadoop-ozone/integration-test/target/test-dir/MiniOzoneClusterImpl-c13bc5a2-e6f5-4c78-9e21-084296016979/datanode-1/data/ratis/828afe1e-12a8-4d85-b52a-e42b2bb1efcc/in_use.lock acquired by nodename 30492@pr-hdds-2372-2m6rk-3135575179
2019-11-18 11:26:45,976 [pool-37-thread-1] INFO  storage.RaftStorage (RaftStorage.java:format(84)) - Storage directory /workdir/hadoop-ozone/integration-test/target/test-dir/MiniOzoneClusterImpl-c13bc5a2-e6f5-4c78-9e21-084296016979/datanode-1/data/ratis/828afe1e-12a8-4d85-b52a-e42b2bb1efcc has been successfully formatted.
2019-11-18 11:26:45,977 [pool-37-thread-1] INFO  ratis.ContainerStateMachine (ContainerStateMachine.java:loadSnapshot(223)) - group-E42B2BB1EFCC: The snapshot info is null. Setting the last applied indexto:(t:0, i:~)
2019-11-18 11:26:45,977 [pool-37-thread-1] INFO  server.RaftServerConfigKeys (ConfUtils.java:logGet(43)) - raft.server.notification.no-leader.timeout = 1000s (custom)
2019-11-18 11:26:45,977 [pool-37-thread-1] INFO  server.RaftServerConfigKeys (ConfUtils.java:logGet(43)) - raft.server.log.use.memory = false (default)
2019-11-18 11:26:45,977 [pool-37-thread-1] INFO  server.RaftServerConfigKeys (ConfUtils.java:logGet(43)) - raft.server.log.purge.gap = 1000000 (custom)
2019-11-18 11:26:45,977 [pool-37-thread-1] INFO  server.RaftServerConfigKeys (ConfUtils.java:logGet(43)) - raft.server.log.appender.buffer.byte-limit = 33554432 (custom)
2019-11-18 11:26:45,978 [pool-37-thread-1] INFO  server.RaftServerConfigKeys (ConfUtils.java:logGet(43)) - raft.server.log.segment.size.max = 1048576 (custom)
2019-11-18 11:26:45,978 [pool-37-thread-1] INFO  server.RaftServerConfigKeys (ConfUtils.java:logGet(43)) - raft.server.log.segment.cache.num.max = 2 (custom)
2019-11-18 11:26:45,978 [pool-37-thread-1] INFO  segmented.SegmentedRaftLogWorker (SegmentedRaftLogWorker.java:<init>(173)) - new b14c1e87-4020-4c6d-bcb6-f7f922273c3e@group-E42B2BB1EFCC-SegmentedRaftLogWorker for RaftStorage:Storage Directory /workdir/hadoop-ozone/integration-test/target/test-dir/MiniOzoneClusterImpl-c13bc5a2-e6f5-4c78-9e21-084296016979/datanode-1/data/ratis/828afe1e-12a8-4d85-b52a-e42b2bb1efcc
2019-11-18 11:26:45,978 [pool-37-thread-1] INFO  server.RaftServerConfigKeys (ConfUtils.java:logGet(43)) - raft.server.log.queue.byte-limit = 2147483647 (custom)
2019-11-18 11:26:45,978 [pool-37-thread-1] INFO  server.RaftServerConfigKeys (ConfUtils.java:logGet(43)) - raft.server.log.queue.element-limit = 1024 (custom)
2019-11-18 11:26:45,978 [pool-37-thread-1] INFO  server.RaftServerConfigKeys (ConfUtils.java:logGet(43)) - raft.server.log.segment.size.max = 1048576 (custom)
2019-11-18 11:26:45,978 [pool-37-thread-1] INFO  server.RaftServerConfigKeys (ConfUtils.java:logGet(43)) - raft.server.log.preallocated.size = 16384 (custom)
2019-11-18 11:26:45,979 [pool-37-thread-1] INFO  server.RaftServerConfigKeys (ConfUtils.java:logGet(43)) - raft.server.log.write.buffer.size = 33554432 (custom)
2019-11-18 11:26:45,979 [pool-37-thread-1] INFO  server.RaftServerConfigKeys (ConfUtils.java:logGet(43)) - raft.server.log.force.sync.num = 128 (default)
2019-11-18 11:26:45,979 [pool-37-thread-1] INFO  server.RaftServerConfigKeys (ConfUtils.java:logGet(43)) - raft.server.log.statemachine.data.sync = true (default)
2019-11-18 11:26:45,979 [pool-37-thread-1] INFO  server.RaftServerConfigKeys (ConfUtils.java:logGet(43)) - raft.server.log.statemachine.data.sync.timeout = 10s (default)
2019-11-18 11:26:45,979 [pool-37-thread-1] INFO  server.RaftServerConfigKeys (ConfUtils.java:logGet(43)) - raft.server.log.statemachine.data.sync.timeout.retry = -1 (default)
2019-11-18 11:26:45,979 [pool-37-thread-1] INFO  server.RaftServerConfigKeys (ConfUtils.java:logGet(43)) - raft.server.log.statemachine.data.caching.enabled = true (custom)
2019-11-18 11:26:45,980 [pool-37-thread-1] INFO  segmented.SegmentedRaftLogWorker (SegmentedRaftLogWorker.java:lambda$new$0(128)) - b14c1e87-4020-4c6d-bcb6-f7f922273c3e@group-E42B2BB1EFCC-SegmentedRaftLogWorker: flushIndex: setUnconditionally 0 -> -1
2019-11-18 11:26:45,980 [pool-37-thread-1] INFO  server.RaftServerConfigKeys (ConfUtils.java:logGet(43)) - raft.server.snapshot.auto.trigger.enabled = true (custom)
2019-11-18 11:26:45,980 [pool-37-thread-1] INFO  server.RaftServerConfigKeys (ConfUtils.java:logGet(43)) - raft.server.snapshot.auto.trigger.threshold = 10000 (custom)
2019-11-18 11:26:45,981 [pool-37-thread-1] INFO  server.RaftServerConfigKeys (ConfUtils.java:logGet(43)) - raft.server.snapshot.retention.file.num = 5 (custom)
2019-11-18 11:26:45,981 [pool-37-thread-1] INFO  server.RaftServerConfigKeys (ConfUtils.java:logGet(43)) - raft.server.retrycache.expirytime = 600000ms (custom)
2019-11-18 11:26:45,981 [pool-37-thread-1] WARN  impl.MetricRegistriesImpl (MetricRegistriesImpl.java:lambda$create$1(61)) - First MetricRegistry has been created without registering reporters. You may need to call MetricRegistries.global().addReportRegistration(...) before.
2019-11-18 11:26:45,981 [pool-37-thread-1] WARN  impl.MetricRegistriesImpl (MetricRegistriesImpl.java:lambda$create$1(61)) - First MetricRegistry has been created without registering reporters. You may need to call MetricRegistries.global().addReportRegistration(...) before.
2019-11-18 11:26:45,982 [pool-37-thread-1] INFO  impl.RaftServerImpl (RaftServerImpl.java:start(184)) - b14c1e87-4020-4c6d-bcb6-f7f922273c3e@group-E42B2BB1EFCC: start as a follower, conf=-1: [b14c1e87-4020-4c6d-bcb6-f7f922273c3e:192.168.164.220:34558], old=null
2019-11-18 11:26:45,982 [pool-37-thread-1] INFO  impl.RaftServerImpl (RaftServerImpl.java:setRole(173)) - b14c1e87-4020-4c6d-bcb6-f7f922273c3e@group-E42B2BB1EFCC: changes role from      null to FOLLOWER at term 0 for startAsFollower
2019-11-18 11:26:45,982 [pool-37-thread-1] INFO  impl.RoleInfo (RoleInfo.java:updateAndGet(143)) - b14c1e87-4020-4c6d-bcb6-f7f922273c3e: start FollowerState
2019-11-18 11:26:45,983 [pool-37-thread-1] INFO  util.JmxRegister (JmxRegister.java:tryRegister(44)) - Successfully registered JMX Bean with object name Ratis:service=RaftServer,group=group-E42B2BB1EFCC,id=b14c1e87-4020-4c6d-bcb6-f7f922273c3e
2019-11-18 11:26:45,983 [pool-37-thread-1] WARN  impl.MetricRegistriesImpl (MetricRegistriesImpl.java:lambda$create$1(61)) - First MetricRegistry has been created without registering reporters. You may need to call MetricRegistries.global().addReportRegistration(...) before.
2019-11-18 11:26:45,991 [RatisPipelineUtilsThread] INFO  pipeline.PipelineStateManager (PipelineStateManager.java:addPipeline(55)) - Created pipeline Pipeline[ Id: 828afe1e-12a8-4d85-b52a-e42b2bb1efcc, Nodes: b14c1e87-4020-4c6d-bcb6-f7f922273c3e{ip: 192.168.164.220, host: pr-hdds-2372-2m6rk-3135575179, networkLocation: /default-rack, certSerialId: null}, Type:RATIS, Factor:ONE, State:ALLOCATED]
2019-11-18 11:26:45,992 [Thread-181] INFO  pipeline.PipelineStateManager (PipelineStateManager.java:finalizePipeline(121)) - Pipeline Pipeline[ Id: 0ee77063-0a72-48d9-9b3b-e62d0e0263fd, Nodes: b14c1e87-4020-4c6d-bcb6-f7f922273c3e{ip: 192.168.164.220, host: pr-hdds-2372-2m6rk-3135575179, networkLocation: /default-rack, certSerialId: null}c9b88515-1c59-4f59-a2e2-ec16c09fdaea{ip: 192.168.164.220, host: pr-hdds-2372-2m6rk-3135575179, networkLocation: /default-rack, certSerialId: null}67063eba-d0cd-4c00-aa34-c87f51e61a60{ip: 192.168.164.220, host: pr-hdds-2372-2m6rk-3135575179, networkLocation: /default-rack, certSerialId: null}, Type:RATIS, Factor:THREE, State:CLOSED] moved to CLOSED state
2019-11-18 11:26:46,001 [grpc-default-executor-1] INFO  impl.RaftServerProxy (RaftServerProxy.java:remove(95)) - b14c1e87-4020-4c6d-bcb6-f7f922273c3e: remove  FOLLOWER b14c1e87-4020-4c6d-bcb6-f7f922273c3e@group-E62D0E0263FD:t0, leader=null, voted=null, raftlog=b14c1e87-4020-4c6d-bcb6-f7f922273c3e@group-E62D0E0263FD-SegmentedRaftLog:OPENED:c-1,f-1,i0, conf=-1: [67063eba-d0cd-4c00-aa34-c87f51e61a60:192.168.164.220:39623, c9b88515-1c59-4f59-a2e2-ec16c09fdaea:192.168.164.220:39836, b14c1e87-4020-4c6d-bcb6-f7f922273c3e:192.168.164.220:34558], old=null RUNNING
2019-11-18 11:26:46,001 [grpc-default-executor-1] INFO  impl.RaftServerImpl (RaftServerImpl.java:lambda$shutdown$3(250)) - b14c1e87-4020-4c6d-bcb6-f7f922273c3e@group-E62D0E0263FD: shutdown
2019-11-18 11:26:46,002 [grpc-default-executor-1] INFO  util.JmxRegister (JmxRegister.java:unregister(73)) - Successfully un-registered JMX Bean with object name Ratis:service=RaftServer,group=group-E62D0E0263FD,id=b14c1e87-4020-4c6d-bcb6-f7f922273c3e
2019-11-18 11:26:46,002 [grpc-default-executor-1] INFO  impl.RoleInfo (RoleInfo.java:shutdownFollowerState(121)) - b14c1e87-4020-4c6d-bcb6-f7f922273c3e: shutdown FollowerState
2019-11-18 11:26:46,002 [grpc-default-executor-1] INFO  impl.StateMachineUpdater (StateMachineUpdater.java:stopAndJoin(136)) - b14c1e87-4020-4c6d-bcb6-f7f922273c3e@group-E62D0E0263FD-StateMachineUpdater: set stopIndex = -1
2019-11-18 11:26:46,002 [Thread-200] INFO  impl.FollowerState (FollowerState.java:run(120)) - b14c1e87-4020-4c6d-bcb6-f7f922273c3e@group-E62D0E0263FD-FollowerState was interrupted: java.lang.InterruptedException: sleep interrupted
2019-11-18 11:26:46,003 [grpc-default-executor-1] INFO  impl.RaftServerImpl (ServerState.java:close(387)) - b14c1e87-4020-4c6d-bcb6-f7f922273c3e@group-E62D0E0263FD: closes. applyIndex: -1
2019-11-18 11:26:46,007 [b14c1e87-4020-4c6d-bcb6-f7f922273c3e@group-E62D0E0263FD-SegmentedRaftLogWorker] INFO  segmented.SegmentedRaftLogWorker (SegmentedRaftLogWorker.java:run(316)) - b14c1e87-4020-4c6d-bcb6-f7f922273c3e@group-E62D0E0263FD-SegmentedRaftLogWorker was interrupted, exiting. There are 0 tasks remaining in the queue.
2019-11-18 11:26:46,007 [grpc-default-executor-1] INFO  segmented.SegmentedRaftLogWorker (SegmentedRaftLogWorker.java:close(224)) - b14c1e87-4020-4c6d-bcb6-f7f922273c3e@group-E62D0E0263FD-SegmentedRaftLogWorker close()
2019-11-18 11:26:46,024 [grpc-default-executor-1] INFO  impl.RaftServerProxy (RaftServerProxy.java:remove(95)) - c9b88515-1c59-4f59-a2e2-ec16c09fdaea: remove  FOLLOWER c9b88515-1c59-4f59-a2e2-ec16c09fdaea@group-E62D0E0263FD:t0, leader=null, voted=null, raftlog=c9b88515-1c59-4f59-a2e2-ec16c09fdaea@group-E62D0E0263FD-SegmentedRaftLog:OPENED:c-1,f-1,i0, conf=-1: [67063eba-d0cd-4c00-aa34-c87f51e61a60:192.168.164.220:39623, c9b88515-1c59-4f59-a2e2-ec16c09fdaea:192.168.164.220:39836, b14c1e87-4020-4c6d-bcb6-f7f922273c3e:192.168.164.220:34558], old=null RUNNING
2019-11-18 11:26:46,025 [grpc-default-executor-1] INFO  impl.RaftServerImpl (RaftServerImpl.java:lambda$shutdown$3(250)) - c9b88515-1c59-4f59-a2e2-ec16c09fdaea@group-E62D0E0263FD: shutdown
2019-11-18 11:26:46,025 [grpc-default-executor-1] INFO  util.JmxRegister (JmxRegister.java:unregister(73)) - Successfully un-registered JMX Bean with object name Ratis:service=RaftServer,group=group-E62D0E0263FD,id=c9b88515-1c59-4f59-a2e2-ec16c09fdaea
2019-11-18 11:26:46,025 [grpc-default-executor-1] INFO  impl.RoleInfo (RoleInfo.java:shutdownFollowerState(121)) - c9b88515-1c59-4f59-a2e2-ec16c09fdaea: shutdown FollowerState
2019-11-18 11:26:46,025 [grpc-default-executor-1] INFO  impl.StateMachineUpdater (StateMachineUpdater.java:stopAndJoin(136)) - c9b88515-1c59-4f59-a2e2-ec16c09fdaea@group-E62D0E0263FD-StateMachineUpdater: set stopIndex = -1
2019-11-18 11:26:46,025 [Thread-195] INFO  impl.FollowerState (FollowerState.java:run(120)) - c9b88515-1c59-4f59-a2e2-ec16c09fdaea@group-E62D0E0263FD-FollowerState was interrupted: java.lang.InterruptedException: sleep interrupted
2019-11-18 11:26:46,026 [grpc-default-executor-1] INFO  impl.RaftServerImpl (ServerState.java:close(387)) - c9b88515-1c59-4f59-a2e2-ec16c09fdaea@group-E62D0E0263FD: closes. applyIndex: -1
2019-11-18 11:26:46,027 [c9b88515-1c59-4f59-a2e2-ec16c09fdaea@group-E62D0E0263FD-SegmentedRaftLogWorker] INFO  segmented.SegmentedRaftLogWorker (SegmentedRaftLogWorker.java:run(316)) - c9b88515-1c59-4f59-a2e2-ec16c09fdaea@group-E62D0E0263FD-SegmentedRaftLogWorker was interrupted, exiting. There are 0 tasks remaining in the queue.
2019-11-18 11:26:46,027 [grpc-default-executor-1] INFO  segmented.SegmentedRaftLogWorker (SegmentedRaftLogWorker.java:close(224)) - c9b88515-1c59-4f59-a2e2-ec16c09fdaea@group-E62D0E0263FD-SegmentedRaftLogWorker close()
2019-11-18 11:26:46,046 [grpc-default-executor-1] INFO  impl.RaftServerProxy (RaftServerProxy.java:remove(95)) - 67063eba-d0cd-4c00-aa34-c87f51e61a60: remove  FOLLOWER 67063eba-d0cd-4c00-aa34-c87f51e61a60@group-E62D0E0263FD:t0, leader=null, voted=null, raftlog=67063eba-d0cd-4c00-aa34-c87f51e61a60@group-E62D0E0263FD-SegmentedRaftLog:OPENED:c-1,f-1,i0, conf=-1: [67063eba-d0cd-4c00-aa34-c87f51e61a60:192.168.164.220:39623, c9b88515-1c59-4f59-a2e2-ec16c09fdaea:192.168.164.220:39836, b14c1e87-4020-4c6d-bcb6-f7f922273c3e:192.168.164.220:34558], old=null RUNNING
2019-11-18 11:26:46,047 [grpc-default-executor-1] INFO  impl.RaftServerImpl (RaftServerImpl.java:lambda$shutdown$3(250)) - 67063eba-d0cd-4c00-aa34-c87f51e61a60@group-E62D0E0263FD: shutdown
2019-11-18 11:26:46,047 [grpc-default-executor-1] INFO  util.JmxRegister (JmxRegister.java:unregister(73)) - Successfully un-registered JMX Bean with object name Ratis:service=RaftServer,group=group-E62D0E0263FD,id=67063eba-d0cd-4c00-aa34-c87f51e61a60
2019-11-18 11:26:46,047 [grpc-default-executor-1] INFO  impl.RoleInfo (RoleInfo.java:shutdownFollowerState(121)) - 67063eba-d0cd-4c00-aa34-c87f51e61a60: shutdown FollowerState
2019-11-18 11:26:46,047 [grpc-default-executor-1] INFO  impl.StateMachineUpdater (StateMachineUpdater.java:stopAndJoin(136)) - 67063eba-d0cd-4c00-aa34-c87f51e61a60@group-E62D0E0263FD-StateMachineUpdater: set stopIndex = -1
2019-11-18 11:26:46,047 [Thread-199] INFO  impl.FollowerState (FollowerState.java:run(120)) - 67063eba-d0cd-4c00-aa34-c87f51e61a60@group-E62D0E0263FD-FollowerState was interrupted: java.lang.InterruptedException: sleep interrupted
2019-11-18 11:26:46,048 [grpc-default-executor-1] INFO  impl.RaftServerImpl (ServerState.java:close(387)) - 67063eba-d0cd-4c00-aa34-c87f51e61a60@group-E62D0E0263FD: closes. applyIndex: -1
2019-11-18 11:26:46,049 [67063eba-d0cd-4c00-aa34-c87f51e61a60@group-E62D0E0263FD-SegmentedRaftLogWorker] INFO  segmented.SegmentedRaftLogWorker (SegmentedRaftLogWorker.java:run(316)) - 67063eba-d0cd-4c00-aa34-c87f51e61a60@group-E62D0E0263FD-SegmentedRaftLogWorker was interrupted, exiting. There are 0 tasks remaining in the queue.
2019-11-18 11:26:46,049 [grpc-default-executor-1] INFO  segmented.SegmentedRaftLogWorker (SegmentedRaftLogWorker.java:close(224)) - 67063eba-d0cd-4c00-aa34-c87f51e61a60@group-E62D0E0263FD-SegmentedRaftLogWorker close()
2019-11-18 11:26:46,058 [Thread-181] INFO  pipeline.PipelineStateManager (PipelineStateManager.java:removePipeline(106)) - Pipeline Pipeline[ Id: 0ee77063-0a72-48d9-9b3b-e62d0e0263fd, Nodes: b14c1e87-4020-4c6d-bcb6-f7f922273c3e{ip: 192.168.164.220, host: pr-hdds-2372-2m6rk-3135575179, networkLocation: /default-rack, certSerialId: null}c9b88515-1c59-4f59-a2e2-ec16c09fdaea{ip: 192.168.164.220, host: pr-hdds-2372-2m6rk-3135575179, networkLocation: /default-rack, certSerialId: null}67063eba-d0cd-4c00-aa34-c87f51e61a60{ip: 192.168.164.220, host: pr-hdds-2372-2m6rk-3135575179, networkLocation: /default-rack, certSerialId: null}, Type:RATIS, Factor:THREE, State:CLOSED] removed from db
2019-11-18 11:26:46,058 [Thread-181] INFO  pipeline.SCMPipelineManager (SCMPipelineManager.java:finalizeAndDestroyPipeline(315)) - destroying pipeline:Pipeline[ Id: 0decf12d-c770-48c4-adcf-fdda2f70798a, Nodes: 67063eba-d0cd-4c00-aa34-c87f51e61a60{ip: 192.168.164.220, host: pr-hdds-2372-2m6rk-3135575179, networkLocation: /default-rack, certSerialId: null}, Type:RATIS, Factor:ONE, State:ALLOCATED]
2019-11-18 11:26:46,074 [grpc-default-executor-0] INFO  impl.RaftServerProxy (RaftServerProxy.java:addNew(89)) - c9b88515-1c59-4f59-a2e2-ec16c09fdaea: addNew group-08DCA1F21008:[67063eba-d0cd-4c00-aa34-c87f51e61a60:192.168.164.220:39623, c9b88515-1c59-4f59-a2e2-ec16c09fdaea:192.168.164.220:39836, b14c1e87-4020-4c6d-bcb6-f7f922273c3e:192.168.164.220:34558] returns group-08DCA1F21008:java.util.concurrent.CompletableFuture@52495034[Not completed]
2019-11-18 11:26:46,075 [grpc-default-executor-1] INFO  impl.RaftServerProxy (RaftServerProxy.java:addNew(89)) - b14c1e87-4020-4c6d-bcb6-f7f922273c3e: addNew group-08DCA1F21008:[67063eba-d0cd-4c00-aa34-c87f51e61a60:192.168.164.220:39623, c9b88515-1c59-4f59-a2e2-ec16c09fdaea:192.168.164.220:39836, b14c1e87-4020-4c6d-bcb6-f7f922273c3e:192.168.164.220:34558] returns group-08DCA1F21008:java.util.concurrent.CompletableFuture@4184b511[Not completed]
2019-11-18 11:26:46,077 [pool-27-thread-1] INFO  impl.RaftServerImpl (RaftServerImpl.java:<init>(98)) - c9b88515-1c59-4f59-a2e2-ec16c09fdaea: new RaftServerImpl for group-08DCA1F21008:[67063eba-d0cd-4c00-aa34-c87f51e61a60:192.168.164.220:39623, c9b88515-1c59-4f59-a2e2-ec16c09fdaea:192.168.164.220:39836, b14c1e87-4020-4c6d-bcb6-f7f922273c3e:192.168.164.220:34558] with ContainerStateMachine:uninitialized
2019-11-18 11:26:46,077 [grpc-default-executor-1] INFO  impl.RaftServerProxy (RaftServerProxy.java:addNew(89)) - 67063eba-d0cd-4c00-aa34-c87f51e61a60: addNew group-08DCA1F21008:[67063eba-d0cd-4c00-aa34-c87f51e61a60:192.168.164.220:39623, c9b88515-1c59-4f59-a2e2-ec16c09fdaea:192.168.164.220:39836, b14c1e87-4020-4c6d-bcb6-f7f922273c3e:192.168.164.220:34558] returns group-08DCA1F21008:java.util.concurrent.CompletableFuture@31304b44[Not completed]
2019-11-18 11:26:46,077 [pool-27-thread-1] INFO  server.RaftServerConfigKeys (ConfUtils.java:logGet(43)) - raft.server.rpc.timeout.min = 5s (custom)
2019-11-18 11:26:46,077 [pool-27-thread-1] INFO  server.RaftServerConfigKeys (ConfUtils.java:logGet(43)) - raft.server.rpc.timeout.max = 5200ms (custom)
2019-11-18 11:26:46,077 [pool-27-thread-1] INFO  server.RaftServerConfigKeys (ConfUtils.java:logGet(43)) - raft.server.rpcslowness.timeout = 1000s (custom)
2019-11-18 11:26:46,077 [pool-27-thread-1] INFO  server.RaftServerConfigKeys (ConfUtils.java:logGet(43)) - raft.server.sleep.deviation.threshold = 300 (default)
2019-11-18 11:26:46,077 [pool-27-thread-1] INFO  server.RaftServerConfigKeys (ConfUtils.java:logGet(43)) - raft.server.log.appender.install.snapshot.enabled = false (custom)
2019-11-18 11:26:46,078 [pool-27-thread-1] INFO  impl.RaftServerImpl (ServerState.java:<init>(103)) - c9b88515-1c59-4f59-a2e2-ec16c09fdaea@group-08DCA1F21008: ConfigurationManager, init=-1: [67063eba-d0cd-4c00-aa34-c87f51e61a60:192.168.164.220:39623, c9b88515-1c59-4f59-a2e2-ec16c09fdaea:192.168.164.220:39836, b14c1e87-4020-4c6d-bcb6-f7f922273c3e:192.168.164.220:34558], old=null, confs=<EMPTY_MAP>
2019-11-18 11:26:46,078 [pool-27-thread-1] INFO  server.RaftServerConfigKeys (ConfUtils.java:logGet(43)) - raft.server.storage.dir = [/workdir/hadoop-ozone/integration-test/target/test-dir/MiniOzoneClusterImpl-c13bc5a2-e6f5-4c78-9e21-084296016979/datanode-0/data/ratis] (custom)
2019-11-18 11:26:46,078 [pool-37-thread-1] INFO  impl.RaftServerImpl (RaftServerImpl.java:<init>(98)) - b14c1e87-4020-4c6d-bcb6-f7f922273c3e: new RaftServerImpl for group-08DCA1F21008:[67063eba-d0cd-4c00-aa34-c87f51e61a60:192.168.164.220:39623, c9b88515-1c59-4f59-a2e2-ec16c09fdaea:192.168.164.220:39836, b14c1e87-4020-4c6d-bcb6-f7f922273c3e:192.168.164.220:34558] with ContainerStateMachine:uninitialized
2019-11-18 11:26:46,078 [pool-27-thread-1] INFO  server.RaftServerConfigKeys (ConfUtils.java:logGet(43)) - raft.server.log.corruption.policy = EXCEPTION (default)
2019-11-18 11:26:46,078 [pool-37-thread-1] INFO  server.RaftServerConfigKeys (ConfUtils.java:logGet(43)) - raft.server.rpc.timeout.min = 5s (custom)
2019-11-18 11:26:46,078 [pool-27-thread-1] INFO  storage.RaftStorageDirectory (RaftStorageDirectory.java:analyzeStorage(246)) - The storage directory /workdir/hadoop-ozone/integration-test/target/test-dir/MiniOzoneClusterImpl-c13bc5a2-e6f5-4c78-9e21-084296016979/datanode-0/data/ratis/05de8610-ef8e-43ec-b774-08dca1f21008 does not exist. Creating ...
2019-11-18 11:26:46,078 [pool-37-thread-1] INFO  server.RaftServerConfigKeys (ConfUtils.java:logGet(43)) - raft.server.rpc.timeout.max = 5200ms (custom)
2019-11-18 11:26:46,078 [pool-47-thread-1] INFO  impl.RaftServerImpl (RaftServerImpl.java:<init>(98)) - 67063eba-d0cd-4c00-aa34-c87f51e61a60: new RaftServerImpl for group-08DCA1F21008:[67063eba-d0cd-4c00-aa34-c87f51e61a60:192.168.164.220:39623, c9b88515-1c59-4f59-a2e2-ec16c09fdaea:192.168.164.220:39836, b14c1e87-4020-4c6d-bcb6-f7f922273c3e:192.168.164.220:34558] with ContainerStateMachine:uninitialized
2019-11-18 11:26:46,079 [pool-37-thread-1] INFO  server.RaftServerConfigKeys (ConfUtils.java:logGet(43)) - raft.server.rpcslowness.timeout = 1000s (custom)
2019-11-18 11:26:46,079 [pool-47-thread-1] INFO  server.RaftServerConfigKeys (ConfUtils.java:logGet(43)) - raft.server.rpc.timeout.min = 5s (custom)
2019-11-18 11:26:46,079 [pool-37-thread-1] INFO  server.RaftServerConfigKeys (ConfUtils.java:logGet(43)) - raft.server.sleep.deviation.threshold = 300 (default)
2019-11-18 11:26:46,079 [pool-47-thread-1] INFO  server.RaftServerConfigKeys (ConfUtils.java:logGet(43)) - raft.server.rpc.timeout.max = 5200ms (custom)
2019-11-18 11:26:46,079 [pool-37-thread-1] INFO  server.RaftServerConfigKeys (ConfUtils.java:logGet(43)) - raft.server.log.appender.install.snapshot.enabled = false (custom)
2019-11-18 11:26:46,079 [pool-47-thread-1] INFO  server.RaftServerConfigKeys (ConfUtils.java:logGet(43)) - raft.server.rpcslowness.timeout = 1000s (custom)
2019-11-18 11:26:46,079 [pool-37-thread-1] INFO  impl.RaftServerImpl (ServerState.java:<init>(103)) - b14c1e87-4020-4c6d-bcb6-f7f922273c3e@group-08DCA1F21008: ConfigurationManager, init=-1: [67063eba-d0cd-4c00-aa34-c87f51e61a60:192.168.164.220:39623, c9b88515-1c59-4f59-a2e2-ec16c09fdaea:192.168.164.220:39836, b14c1e87-4020-4c6d-bcb6-f7f922273c3e:192.168.164.220:34558], old=null, confs=<EMPTY_MAP>
2019-11-18 11:26:46,079 [pool-47-thread-1] INFO  server.RaftServerConfigKeys (ConfUtils.java:logGet(43)) - raft.server.sleep.deviation.threshold = 300 (default)
2019-11-18 11:26:46,079 [pool-47-thread-1] INFO  server.RaftServerConfigKeys (ConfUtils.java:logGet(43)) - raft.server.log.appender.install.snapshot.enabled = false (custom)
2019-11-18 11:26:46,080 [pool-37-thread-1] INFO  server.RaftServerConfigKeys (ConfUtils.java:logGet(43)) - raft.server.storage.dir = [/workdir/hadoop-ozone/integration-test/target/test-dir/MiniOzoneClusterImpl-c13bc5a2-e6f5-4c78-9e21-084296016979/datanode-1/data/ratis] (custom)
2019-11-18 11:26:46,080 [pool-47-thread-1] INFO  impl.RaftServerImpl (ServerState.java:<init>(103)) - 67063eba-d0cd-4c00-aa34-c87f51e61a60@group-08DCA1F21008: ConfigurationManager, init=-1: [67063eba-d0cd-4c00-aa34-c87f51e61a60:192.168.164.220:39623, c9b88515-1c59-4f59-a2e2-ec16c09fdaea:192.168.164.220:39836, b14c1e87-4020-4c6d-bcb6-f7f922273c3e:192.168.164.220:34558], old=null, confs=<EMPTY_MAP>
2019-11-18 11:26:46,080 [pool-47-thread-1] INFO  server.RaftServerConfigKeys (ConfUtils.java:logGet(43)) - raft.server.storage.dir = [/workdir/hadoop-ozone/integration-test/target/test-dir/MiniOzoneClusterImpl-c13bc5a2-e6f5-4c78-9e21-084296016979/datanode-2/data/ratis] (custom)
2019-11-18 11:26:46,080 [pool-37-thread-1] INFO  server.RaftServerConfigKeys (ConfUtils.java:logGet(43)) - raft.server.log.corruption.policy = EXCEPTION (default)
2019-11-18 11:26:46,080 [pool-47-thread-1] INFO  server.RaftServerConfigKeys (ConfUtils.java:logGet(43)) - raft.server.log.corruption.policy = EXCEPTION (default)
2019-11-18 11:26:46,080 [pool-37-thread-1] INFO  storage.RaftStorageDirectory (RaftStorageDirectory.java:analyzeStorage(246)) - The storage directory /workdir/hadoop-ozone/integration-test/target/test-dir/MiniOzoneClusterImpl-c13bc5a2-e6f5-4c78-9e21-084296016979/datanode-1/data/ratis/05de8610-ef8e-43ec-b774-08dca1f21008 does not exist. Creating ...
2019-11-18 11:26:46,080 [pool-47-thread-1] INFO  storage.RaftStorageDirectory (RaftStorageDirectory.java:analyzeStorage(246)) - The storage directory /workdir/hadoop-ozone/integration-test/target/test-dir/MiniOzoneClusterImpl-c13bc5a2-e6f5-4c78-9e21-084296016979/datanode-2/data/ratis/05de8610-ef8e-43ec-b774-08dca1f21008 does not exist. Creating ...
2019-11-18 11:26:46,092 [pool-27-thread-1] INFO  storage.RaftStorageDirectory (RaftStorageDirectory.java:tryLock(328)) - Lock on /workdir/hadoop-ozone/integration-test/target/test-dir/MiniOzoneClusterImpl-c13bc5a2-e6f5-4c78-9e21-084296016979/datanode-0/data/ratis/05de8610-ef8e-43ec-b774-08dca1f21008/in_use.lock acquired by nodename 30492@pr-hdds-2372-2m6rk-3135575179
2019-11-18 11:26:46,092 [pool-47-thread-1] INFO  storage.RaftStorageDirectory (RaftStorageDirectory.java:tryLock(328)) - Lock on /workdir/hadoop-ozone/integration-test/target/test-dir/MiniOzoneClusterImpl-c13bc5a2-e6f5-4c78-9e21-084296016979/datanode-2/data/ratis/05de8610-ef8e-43ec-b774-08dca1f21008/in_use.lock acquired by nodename 30492@pr-hdds-2372-2m6rk-3135575179
2019-11-18 11:26:46,092 [pool-37-thread-1] INFO  storage.RaftStorageDirectory (RaftStorageDirectory.java:tryLock(328)) - Lock on /workdir/hadoop-ozone/integration-test/target/test-dir/MiniOzoneClusterImpl-c13bc5a2-e6f5-4c78-9e21-084296016979/datanode-1/data/ratis/05de8610-ef8e-43ec-b774-08dca1f21008/in_use.lock acquired by nodename 30492@pr-hdds-2372-2m6rk-3135575179
2019-11-18 11:26:46,105 [pool-37-thread-1] INFO  storage.RaftStorage (RaftStorage.java:format(84)) - Storage directory /workdir/hadoop-ozone/integration-test/target/test-dir/MiniOzoneClusterImpl-c13bc5a2-e6f5-4c78-9e21-084296016979/datanode-1/data/ratis/05de8610-ef8e-43ec-b774-08dca1f21008 has been successfully formatted.
2019-11-18 11:26:46,105 [pool-47-thread-1] INFO  storage.RaftStorage (RaftStorage.java:format(84)) - Storage directory /workdir/hadoop-ozone/integration-test/target/test-dir/MiniOzoneClusterImpl-c13bc5a2-e6f5-4c78-9e21-084296016979/datanode-2/data/ratis/05de8610-ef8e-43ec-b774-08dca1f21008 has been successfully formatted.
2019-11-18 11:26:46,105 [pool-27-thread-1] INFO  storage.RaftStorage (RaftStorage.java:format(84)) - Storage directory /workdir/hadoop-ozone/integration-test/target/test-dir/MiniOzoneClusterImpl-c13bc5a2-e6f5-4c78-9e21-084296016979/datanode-0/data/ratis/05de8610-ef8e-43ec-b774-08dca1f21008 has been successfully formatted.
2019-11-18 11:26:46,106 [pool-37-thread-1] INFO  ratis.ContainerStateMachine (ContainerStateMachine.java:loadSnapshot(223)) - group-08DCA1F21008: The snapshot info is null. Setting the last applied indexto:(t:0, i:~)
2019-11-18 11:26:46,106 [pool-47-thread-1] INFO  ratis.ContainerStateMachine (ContainerStateMachine.java:loadSnapshot(223)) - group-08DCA1F21008: The snapshot info is null. Setting the last applied indexto:(t:0, i:~)
2019-11-18 11:26:46,106 [pool-27-thread-1] INFO  ratis.ContainerStateMachine (ContainerStateMachine.java:loadSnapshot(223)) - group-08DCA1F21008: The snapshot info is null. Setting the last applied indexto:(t:0, i:~)
2019-11-18 11:26:46,106 [pool-47-thread-1] INFO  server.RaftServerConfigKeys (ConfUtils.java:logGet(43)) - raft.server.notification.no-leader.timeout = 1000s (custom)
2019-11-18 11:26:46,106 [pool-37-thread-1] INFO  server.RaftServerConfigKeys (ConfUtils.java:logGet(43)) - raft.server.notification.no-leader.timeout = 1000s (custom)
2019-11-18 11:26:46,107 [pool-47-thread-1] INFO  server.RaftServerConfigKeys (ConfUtils.java:logGet(43)) - raft.server.log.use.memory = false (default)
2019-11-18 11:26:46,106 [pool-27-thread-1] INFO  server.RaftServerConfigKeys (ConfUtils.java:logGet(43)) - raft.server.notification.no-leader.timeout = 1000s (custom)
2019-11-18 11:26:46,107 [pool-47-thread-1] INFO  server.RaftServerConfigKeys (ConfUtils.java:logGet(43)) - raft.server.log.purge.gap = 1000000 (custom)
2019-11-18 11:26:46,107 [pool-37-thread-1] INFO  server.RaftServerConfigKeys (ConfUtils.java:logGet(43)) - raft.server.log.use.memory = false (default)
2019-11-18 11:26:46,107 [pool-47-thread-1] INFO  server.RaftServerConfigKeys (ConfUtils.java:logGet(43)) - raft.server.log.appender.buffer.byte-limit = 33554432 (custom)
2019-11-18 11:26:46,107 [pool-27-thread-1] INFO  server.RaftServerConfigKeys (ConfUtils.java:logGet(43)) - raft.server.log.use.memory = false (default)
2019-11-18 11:26:46,107 [pool-47-thread-1] INFO  server.RaftServerConfigKeys (ConfUtils.java:logGet(43)) - raft.server.log.segment.size.max = 1048576 (custom)
2019-11-18 11:26:46,107 [pool-37-thread-1] INFO  server.RaftServerConfigKeys (ConfUtils.java:logGet(43)) - raft.server.log.purge.gap = 1000000 (custom)
2019-11-18 11:26:46,108 [pool-47-thread-1] INFO  server.RaftServerConfigKeys (ConfUtils.java:logGet(43)) - raft.server.log.segment.cache.num.max = 2 (custom)
2019-11-18 11:26:46,108 [pool-27-thread-1] INFO  server.RaftServerConfigKeys (ConfUtils.java:logGet(43)) - raft.server.log.purge.gap = 1000000 (custom)
2019-11-18 11:26:46,108 [pool-47-thread-1] INFO  segmented.SegmentedRaftLogWorker (SegmentedRaftLogWorker.java:<init>(173)) - new 67063eba-d0cd-4c00-aa34-c87f51e61a60@group-08DCA1F21008-SegmentedRaftLogWorker for RaftStorage:Storage Directory /workdir/hadoop-ozone/integration-test/target/test-dir/MiniOzoneClusterImpl-c13bc5a2-e6f5-4c78-9e21-084296016979/datanode-2/data/ratis/05de8610-ef8e-43ec-b774-08dca1f21008
2019-11-18 11:26:46,108 [pool-37-thread-1] INFO  server.RaftServerConfigKeys (ConfUtils.java:logGet(43)) - raft.server.log.appender.buffer.byte-limit = 33554432 (custom)
2019-11-18 11:26:46,108 [pool-47-thread-1] INFO  server.RaftServerConfigKeys (ConfUtils.java:logGet(43)) - raft.server.log.queue.byte-limit = 2147483647 (custom)
2019-11-18 11:26:46,108 [pool-27-thread-1] INFO  server.RaftServerConfigKeys (ConfUtils.java:logGet(43)) - raft.server.log.appender.buffer.byte-limit = 33554432 (custom)
2019-11-18 11:26:46,108 [pool-47-thread-1] INFO  server.RaftServerConfigKeys (ConfUtils.java:logGet(43)) - raft.server.log.queue.element-limit = 1024 (custom)
2019-11-18 11:26:46,108 [pool-37-thread-1] INFO  server.RaftServerConfigKeys (ConfUtils.java:logGet(43)) - raft.server.log.segment.size.max = 1048576 (custom)
2019-11-18 11:26:46,109 [pool-47-thread-1] INFO  server.RaftServerConfigKeys (ConfUtils.java:logGet(43)) - raft.server.log.segment.size.max = 1048576 (custom)
2019-11-18 11:26:46,109 [pool-27-thread-1] INFO  server.RaftServerConfigKeys (ConfUtils.java:logGet(43)) - raft.server.log.segment.size.max = 1048576 (custom)
2019-11-18 11:26:46,109 [pool-47-thread-1] INFO  server.RaftServerConfigKeys (ConfUtils.java:logGet(43)) - raft.server.log.preallocated.size = 16384 (custom)
2019-11-18 11:26:46,109 [pool-37-thread-1] INFO  server.RaftServerConfigKeys (ConfUtils.java:logGet(43)) - raft.server.log.segment.cache.num.max = 2 (custom)
2019-11-18 11:26:46,110 [pool-37-thread-1] INFO  segmented.SegmentedRaftLogWorker (SegmentedRaftLogWorker.java:<init>(173)) - new b14c1e87-4020-4c6d-bcb6-f7f922273c3e@group-08DCA1F21008-SegmentedRaftLogWorker for RaftStorage:Storage Directory /workdir/hadoop-ozone/integration-test/target/test-dir/MiniOzoneClusterImpl-c13bc5a2-e6f5-4c78-9e21-084296016979/datanode-1/data/ratis/05de8610-ef8e-43ec-b774-08dca1f21008
2019-11-18 11:26:46,109 [pool-47-thread-1] INFO  server.RaftServerConfigKeys (ConfUtils.java:logGet(43)) - raft.server.log.write.buffer.size = 33554432 (custom)
2019-11-18 11:26:46,109 [pool-27-thread-1] INFO  server.RaftServerConfigKeys (ConfUtils.java:logGet(43)) - raft.server.log.segment.cache.num.max = 2 (custom)
2019-11-18 11:26:46,110 [pool-47-thread-1] INFO  server.RaftServerConfigKeys (ConfUtils.java:logGet(43)) - raft.server.log.force.sync.num = 128 (default)
2019-11-18 11:26:46,110 [pool-37-thread-1] INFO  server.RaftServerConfigKeys (ConfUtils.java:logGet(43)) - raft.server.log.queue.byte-limit = 2147483647 (custom)
2019-11-18 11:26:46,110 [pool-47-thread-1] INFO  server.RaftServerConfigKeys (ConfUtils.java:logGet(43)) - raft.server.log.statemachine.data.sync = true (default)
2019-11-18 11:26:46,110 [pool-27-thread-1] INFO  segmented.SegmentedRaftLogWorker (SegmentedRaftLogWorker.java:<init>(173)) - new c9b88515-1c59-4f59-a2e2-ec16c09fdaea@group-08DCA1F21008-SegmentedRaftLogWorker for RaftStorage:Storage Directory /workdir/hadoop-ozone/integration-test/target/test-dir/MiniOzoneClusterImpl-c13bc5a2-e6f5-4c78-9e21-084296016979/datanode-0/data/ratis/05de8610-ef8e-43ec-b774-08dca1f21008
2019-11-18 11:26:46,111 [pool-47-thread-1] INFO  server.RaftServerConfigKeys (ConfUtils.java:logGet(43)) - raft.server.log.statemachine.data.sync.timeout = 10s (default)
2019-11-18 11:26:46,110 [pool-37-thread-1] INFO  server.RaftServerConfigKeys (ConfUtils.java:logGet(43)) - raft.server.log.queue.element-limit = 1024 (custom)
2019-11-18 11:26:46,111 [pool-47-thread-1] INFO  server.RaftServerConfigKeys (ConfUtils.java:logGet(43)) - raft.server.log.statemachine.data.sync.timeout.retry = -1 (default)
2019-11-18 11:26:46,111 [pool-27-thread-1] INFO  server.RaftServerConfigKeys (ConfUtils.java:logGet(43)) - raft.server.log.queue.byte-limit = 2147483647 (custom)
2019-11-18 11:26:46,111 [pool-37-thread-1] INFO  server.RaftServerConfigKeys (ConfUtils.java:logGet(43)) - raft.server.log.segment.size.max = 1048576 (custom)
2019-11-18 11:26:46,111 [pool-47-thread-1] INFO  server.RaftServerConfigKeys (ConfUtils.java:logGet(43)) - raft.server.log.statemachine.data.caching.enabled = true (custom)
2019-11-18 11:26:46,111 [pool-27-thread-1] INFO  server.RaftServerConfigKeys (ConfUtils.java:logGet(43)) - raft.server.log.queue.element-limit = 1024 (custom)
2019-11-18 11:26:46,111 [pool-37-thread-1] INFO  server.RaftServerConfigKeys (ConfUtils.java:logGet(43)) - raft.server.log.preallocated.size = 16384 (custom)
2019-11-18 11:26:46,112 [pool-27-thread-1] INFO  server.RaftServerConfigKeys (ConfUtils.java:logGet(43)) - raft.server.log.segment.size.max = 1048576 (custom)
2019-11-18 11:26:46,112 [pool-47-thread-1] INFO  segmented.SegmentedRaftLogWorker (SegmentedRaftLogWorker.java:lambda$new$0(128)) - 67063eba-d0cd-4c00-aa34-c87f51e61a60@group-08DCA1F21008-SegmentedRaftLogWorker: flushIndex: setUnconditionally 0 -> -1
2019-11-18 11:26:46,112 [pool-37-thread-1] INFO  server.RaftServerConfigKeys (ConfUtils.java:logGet(43)) - raft.server.log.write.buffer.size = 33554432 (custom)
2019-11-18 11:26:46,112 [pool-27-thread-1] INFO  server.RaftServerConfigKeys (ConfUtils.java:logGet(43)) - raft.server.log.preallocated.size = 16384 (custom)
2019-11-18 11:26:46,112 [pool-47-thread-1] INFO  server.RaftServerConfigKeys (ConfUtils.java:logGet(43)) - raft.server.snapshot.auto.trigger.enabled = true (custom)
2019-11-18 11:26:46,112 [pool-37-thread-1] INFO  server.RaftServerConfigKeys (ConfUtils.java:logGet(43)) - raft.server.log.force.sync.num = 128 (default)
2019-11-18 11:26:46,112 [pool-47-thread-1] INFO  server.RaftServerConfigKeys (ConfUtils.java:logGet(43)) - raft.server.snapshot.auto.trigger.threshold = 10000 (custom)
2019-11-18 11:26:46,112 [pool-27-thread-1] INFO  server.RaftServerConfigKeys (ConfUtils.java:logGet(43)) - raft.server.log.write.buffer.size = 33554432 (custom)
2019-11-18 11:26:46,112 [pool-47-thread-1] INFO  server.RaftServerConfigKeys (ConfUtils.java:logGet(43)) - raft.server.snapshot.retention.file.num = 5 (custom)
2019-11-18 11:26:46,112 [pool-37-thread-1] INFO  server.RaftServerConfigKeys (ConfUtils.java:logGet(43)) - raft.server.log.statemachine.data.sync = true (default)
2019-11-18 11:26:46,113 [pool-47-thread-1] INFO  server.RaftServerConfigKeys (ConfUtils.java:logGet(43)) - raft.server.retrycache.expirytime = 600000ms (custom)
2019-11-18 11:26:46,113 [pool-27-thread-1] INFO  server.RaftServerConfigKeys (ConfUtils.java:logGet(43)) - raft.server.log.force.sync.num = 128 (default)
2019-11-18 11:26:46,113 [pool-47-thread-1] WARN  impl.MetricRegistriesImpl (MetricRegistriesImpl.java:lambda$create$1(61)) - First MetricRegistry has been created without registering reporters. You may need to call MetricRegistries.global().addReportRegistration(...) before.
2019-11-18 11:26:46,113 [pool-37-thread-1] INFO  server.RaftServerConfigKeys (ConfUtils.java:logGet(43)) - raft.server.log.statemachine.data.sync.timeout = 10s (default)
2019-11-18 11:26:46,113 [pool-47-thread-1] WARN  impl.MetricRegistriesImpl (MetricRegistriesImpl.java:lambda$create$1(61)) - First MetricRegistry has been created without registering reporters. You may need to call MetricRegistries.global().addReportRegistration(...) before.
2019-11-18 11:26:46,113 [pool-27-thread-1] INFO  server.RaftServerConfigKeys (ConfUtils.java:logGet(43)) - raft.server.log.statemachine.data.sync = true (default)
2019-11-18 11:26:46,113 [pool-37-thread-1] INFO  server.RaftServerConfigKeys (ConfUtils.java:logGet(43)) - raft.server.log.statemachine.data.sync.timeout.retry = -1 (default)
2019-11-18 11:26:46,113 [pool-47-thread-1] INFO  impl.RaftServerImpl (RaftServerImpl.java:start(184)) - 67063eba-d0cd-4c00-aa34-c87f51e61a60@group-08DCA1F21008: start as a follower, conf=-1: [67063eba-d0cd-4c00-aa34-c87f51e61a60:192.168.164.220:39623, c9b88515-1c59-4f59-a2e2-ec16c09fdaea:192.168.164.220:39836, b14c1e87-4020-4c6d-bcb6-f7f922273c3e:192.168.164.220:34558], old=null
2019-11-18 11:26:46,113 [pool-27-thread-1] INFO  server.RaftServerConfigKeys (ConfUtils.java:logGet(43)) - raft.server.log.statemachine.data.sync.timeout = 10s (default)
2019-11-18 11:26:46,114 [pool-37-thread-1] INFO  server.RaftServerConfigKeys (ConfUtils.java:logGet(43)) - raft.server.log.statemachine.data.caching.enabled = true (custom)
2019-11-18 11:26:46,114 [pool-27-thread-1] INFO  server.RaftServerConfigKeys (ConfUtils.java:logGet(43)) - raft.server.log.statemachine.data.sync.timeout.retry = -1 (default)
2019-11-18 11:26:46,114 [pool-47-thread-1] INFO  impl.RaftServerImpl (RaftServerImpl.java:setRole(173)) - 67063eba-d0cd-4c00-aa34-c87f51e61a60@group-08DCA1F21008: changes role from      null to FOLLOWER at term 0 for startAsFollower
2019-11-18 11:26:46,114 [pool-27-thread-1] INFO  server.RaftServerConfigKeys (ConfUtils.java:logGet(43)) - raft.server.log.statemachine.data.caching.enabled = true (custom)
2019-11-18 11:26:46,114 [pool-47-thread-1] INFO  impl.RoleInfo (RoleInfo.java:updateAndGet(143)) - 67063eba-d0cd-4c00-aa34-c87f51e61a60: start FollowerState
2019-11-18 11:26:46,114 [pool-37-thread-1] INFO  segmented.SegmentedRaftLogWorker (SegmentedRaftLogWorker.java:lambda$new$0(128)) - b14c1e87-4020-4c6d-bcb6-f7f922273c3e@group-08DCA1F21008-SegmentedRaftLogWorker: flushIndex: setUnconditionally 0 -> -1
2019-11-18 11:26:46,114 [pool-27-thread-1] INFO  segmented.SegmentedRaftLogWorker (SegmentedRaftLogWorker.java:lambda$new$0(128)) - c9b88515-1c59-4f59-a2e2-ec16c09fdaea@group-08DCA1F21008-SegmentedRaftLogWorker: flushIndex: setUnconditionally 0 -> -1
2019-11-18 11:26:46,114 [pool-37-thread-1] INFO  server.RaftServerConfigKeys (ConfUtils.java:logGet(43)) - raft.server.snapshot.auto.trigger.enabled = true (custom)
2019-11-18 11:26:46,114 [pool-27-thread-1] INFO  server.RaftServerConfigKeys (ConfUtils.java:logGet(43)) - raft.server.snapshot.auto.trigger.enabled = true (custom)
2019-11-18 11:26:46,114 [pool-47-thread-1] INFO  util.JmxRegister (JmxRegister.java:tryRegister(44)) - Successfully registered JMX Bean with object name Ratis:service=RaftServer,group=group-08DCA1F21008,id=67063eba-d0cd-4c00-aa34-c87f51e61a60
2019-11-18 11:26:46,115 [pool-27-thread-1] INFO  server.RaftServerConfigKeys (ConfUtils.java:logGet(43)) - raft.server.snapshot.auto.trigger.threshold = 10000 (custom)
2019-11-18 11:26:46,114 [pool-37-thread-1] INFO  server.RaftServerConfigKeys (ConfUtils.java:logGet(43)) - raft.server.snapshot.auto.trigger.threshold = 10000 (custom)
2019-11-18 11:26:46,115 [pool-27-thread-1] INFO  server.RaftServerConfigKeys (ConfUtils.java:logGet(43)) - raft.server.snapshot.retention.file.num = 5 (custom)
2019-11-18 11:26:46,115 [pool-47-thread-1] WARN  impl.MetricRegistriesImpl (MetricRegistriesImpl.java:lambda$create$1(61)) - First MetricRegistry has been created without registering reporters. You may need to call MetricRegistries.global().addReportRegistration(...) before.
2019-11-18 11:26:46,115 [pool-27-thread-1] INFO  server.RaftServerConfigKeys (ConfUtils.java:logGet(43)) - raft.server.retrycache.expirytime = 600000ms (custom)
2019-11-18 11:26:46,115 [pool-37-thread-1] INFO  server.RaftServerConfigKeys (ConfUtils.java:logGet(43)) - raft.server.snapshot.retention.file.num = 5 (custom)
2019-11-18 11:26:46,115 [pool-27-thread-1] WARN  impl.MetricRegistriesImpl (MetricRegistriesImpl.java:lambda$create$1(61)) - First MetricRegistry has been created without registering reporters. You may need to call MetricRegistries.global().addReportRegistration(...) before.
2019-11-18 11:26:46,115 [pool-27-thread-1] WARN  impl.MetricRegistriesImpl (MetricRegistriesImpl.java:lambda$create$1(61)) - First MetricRegistry has been created without registering reporters. You may need to call MetricRegistries.global().addReportRegistration(...) before.
2019-11-18 11:26:46,115 [pool-37-thread-1] INFO  server.RaftServerConfigKeys (ConfUtils.java:logGet(43)) - raft.server.retrycache.expirytime = 600000ms (custom)
2019-11-18 11:26:46,115 [pool-27-thread-1] INFO  impl.RaftServerImpl (RaftServerImpl.java:start(184)) - c9b88515-1c59-4f59-a2e2-ec16c09fdaea@group-08DCA1F21008: start as a follower, conf=-1: [67063eba-d0cd-4c00-aa34-c87f51e61a60:192.168.164.220:39623, c9b88515-1c59-4f59-a2e2-ec16c09fdaea:192.168.164.220:39836, b14c1e87-4020-4c6d-bcb6-f7f922273c3e:192.168.164.220:34558], old=null
2019-11-18 11:26:46,116 [pool-27-thread-1] INFO  impl.RaftServerImpl (RaftServerImpl.java:setRole(173)) - c9b88515-1c59-4f59-a2e2-ec16c09fdaea@group-08DCA1F21008: changes role from      null to FOLLOWER at term 0 for startAsFollower
2019-11-18 11:26:46,116 [pool-37-thread-1] WARN  impl.MetricRegistriesImpl (MetricRegistriesImpl.java:lambda$create$1(61)) - First MetricRegistry has been created without registering reporters. You may need to call MetricRegistries.global().addReportRegistration(...) before.
2019-11-18 11:26:46,116 [pool-27-thread-1] INFO  impl.RoleInfo (RoleInfo.java:updateAndGet(143)) - c9b88515-1c59-4f59-a2e2-ec16c09fdaea: start FollowerState
2019-11-18 11:26:46,116 [pool-37-thread-1] WARN  impl.MetricRegistriesImpl (MetricRegistriesImpl.java:lambda$create$1(61)) - First MetricRegistry has been created without registering reporters. You may need to call MetricRegistries.global().addReportRegistration(...) before.
2019-11-18 11:26:46,116 [pool-27-thread-1] INFO  util.JmxRegister (JmxRegister.java:tryRegister(44)) - Successfully registered JMX Bean with object name Ratis:service=RaftServer,group=group-08DCA1F21008,id=c9b88515-1c59-4f59-a2e2-ec16c09fdaea
2019-11-18 11:26:46,116 [pool-37-thread-1] INFO  impl.RaftServerImpl (RaftServerImpl.java:start(184)) - b14c1e87-4020-4c6d-bcb6-f7f922273c3e@group-08DCA1F21008: start as a follower, conf=-1: [67063eba-d0cd-4c00-aa34-c87f51e61a60:192.168.164.220:39623, c9b88515-1c59-4f59-a2e2-ec16c09fdaea:192.168.164.220:39836, b14c1e87-4020-4c6d-bcb6-f7f922273c3e:192.168.164.220:34558], old=null
2019-11-18 11:26:46,116 [pool-27-thread-1] WARN  impl.MetricRegistriesImpl (MetricRegistriesImpl.java:lambda$create$1(61)) - First MetricRegistry has been created without registering reporters. You may need to call MetricRegistries.global().addReportRegistration(...) before.
2019-11-18 11:26:46,116 [pool-37-thread-1] INFO  impl.RaftServerImpl (RaftServerImpl.java:setRole(173)) - b14c1e87-4020-4c6d-bcb6-f7f922273c3e@group-08DCA1F21008: changes role from      null to FOLLOWER at term 0 for startAsFollower
2019-11-18 11:26:46,117 [pool-37-thread-1] INFO  impl.RoleInfo (RoleInfo.java:updateAndGet(143)) - b14c1e87-4020-4c6d-bcb6-f7f922273c3e: start FollowerState
2019-11-18 11:26:46,117 [pool-37-thread-1] INFO  util.JmxRegister (JmxRegister.java:tryRegister(44)) - Successfully registered JMX Bean with object name Ratis:service=RaftServer,group=group-08DCA1F21008,id=b14c1e87-4020-4c6d-bcb6-f7f922273c3e
2019-11-18 11:26:46,117 [pool-37-thread-1] WARN  impl.MetricRegistriesImpl (MetricRegistriesImpl.java:lambda$create$1(61)) - First MetricRegistry has been created without registering reporters. You may need to call MetricRegistries.global().addReportRegistration(...) before.
2019-11-18 11:26:46,128 [RatisPipelineUtilsThread] INFO  pipeline.PipelineStateManager (PipelineStateManager.java:addPipeline(55)) - Created pipeline Pipeline[ Id: 05de8610-ef8e-43ec-b774-08dca1f21008, Nodes: b14c1e87-4020-4c6d-bcb6-f7f922273c3e{ip: 192.168.164.220, host: pr-hdds-2372-2m6rk-3135575179, networkLocation: /default-rack, certSerialId: null}c9b88515-1c59-4f59-a2e2-ec16c09fdaea{ip: 192.168.164.220, host: pr-hdds-2372-2m6rk-3135575179, networkLocation: /default-rack, certSerialId: null}67063eba-d0cd-4c00-aa34-c87f51e61a60{ip: 192.168.164.220, host: pr-hdds-2372-2m6rk-3135575179, networkLocation: /default-rack, certSerialId: null}, Type:RATIS, Factor:THREE, State:ALLOCATED]
2019-11-18 11:26:46,129 [Thread-181] INFO  pipeline.PipelineStateManager (PipelineStateManager.java:finalizePipeline(121)) - Pipeline Pipeline[ Id: 0decf12d-c770-48c4-adcf-fdda2f70798a, Nodes: 67063eba-d0cd-4c00-aa34-c87f51e61a60{ip: 192.168.164.220, host: pr-hdds-2372-2m6rk-3135575179, networkLocation: /default-rack, certSerialId: null}, Type:RATIS, Factor:ONE, State:CLOSED] moved to CLOSED state
2019-11-18 11:26:46,139 [grpc-default-executor-1] INFO  impl.RaftServerProxy (RaftServerProxy.java:remove(95)) - 67063eba-d0cd-4c00-aa34-c87f51e61a60: remove  FOLLOWER 67063eba-d0cd-4c00-aa34-c87f51e61a60@group-FDDA2F70798A:t0, leader=null, voted=null, raftlog=67063eba-d0cd-4c00-aa34-c87f51e61a60@group-FDDA2F70798A-SegmentedRaftLog:OPENED:c-1,f-1,i0, conf=-1: [67063eba-d0cd-4c00-aa34-c87f51e61a60:192.168.164.220:39623], old=null RUNNING
2019-11-18 11:26:46,140 [grpc-default-executor-1] INFO  impl.RaftServerImpl (RaftServerImpl.java:lambda$shutdown$3(250)) - 67063eba-d0cd-4c00-aa34-c87f51e61a60@group-FDDA2F70798A: shutdown
2019-11-18 11:26:46,140 [grpc-default-executor-1] INFO  util.JmxRegister (JmxRegister.java:unregister(73)) - Successfully un-registered JMX Bean with object name Ratis:service=RaftServer,group=group-FDDA2F70798A,id=67063eba-d0cd-4c00-aa34-c87f51e61a60
2019-11-18 11:26:46,140 [grpc-default-executor-1] INFO  impl.RoleInfo (RoleInfo.java:shutdownFollowerState(121)) - 67063eba-d0cd-4c00-aa34-c87f51e61a60: shutdown FollowerState
2019-11-18 11:26:46,141 [grpc-default-executor-1] INFO  impl.StateMachineUpdater (StateMachineUpdater.java:stopAndJoin(136)) - 67063eba-d0cd-4c00-aa34-c87f51e61a60@group-FDDA2F70798A-StateMachineUpdater: set stopIndex = -1
2019-11-18 11:26:46,141 [Thread-192] INFO  impl.FollowerState (FollowerState.java:run(120)) - 67063eba-d0cd-4c00-aa34-c87f51e61a60@group-FDDA2F70798A-FollowerState was interrupted: java.lang.InterruptedException: sleep interrupted
2019-11-18 11:26:46,141 [grpc-default-executor-1] INFO  impl.RaftServerImpl (ServerState.java:close(387)) - 67063eba-d0cd-4c00-aa34-c87f51e61a60@group-FDDA2F70798A: closes. applyIndex: -1
2019-11-18 11:26:46,142 [67063eba-d0cd-4c00-aa34-c87f51e61a60@group-FDDA2F70798A-SegmentedRaftLogWorker] INFO  segmented.SegmentedRaftLogWorker (SegmentedRaftLogWorker.java:run(316)) - 67063eba-d0cd-4c00-aa34-c87f51e61a60@group-FDDA2F70798A-SegmentedRaftLogWorker was interrupted, exiting. There are 0 tasks remaining in the queue.
2019-11-18 11:26:46,142 [grpc-default-executor-1] INFO  segmented.SegmentedRaftLogWorker (SegmentedRaftLogWorker.java:close(224)) - 67063eba-d0cd-4c00-aa34-c87f51e61a60@group-FDDA2F70798A-SegmentedRaftLogWorker close()
2019-11-18 11:26:46,148 [Thread-181] INFO  pipeline.PipelineStateManager (PipelineStateManager.java:removePipeline(106)) - Pipeline Pipeline[ Id: 0decf12d-c770-48c4-adcf-fdda2f70798a, Nodes: 67063eba-d0cd-4c00-aa34-c87f51e61a60{ip: 192.168.164.220, host: pr-hdds-2372-2m6rk-3135575179, networkLocation: /default-rack, certSerialId: null}, Type:RATIS, Factor:ONE, State:CLOSED] removed from db
2019-11-18 11:26:46,156 [grpc-default-executor-1] INFO  impl.RaftServerProxy (RaftServerProxy.java:addNew(89)) - 67063eba-d0cd-4c00-aa34-c87f51e61a60: addNew group-1275937BDA79:[67063eba-d0cd-4c00-aa34-c87f51e61a60:192.168.164.220:39623] returns group-1275937BDA79:java.util.concurrent.CompletableFuture@f9147e1[Not completed]
2019-11-18 11:26:46,157 [pool-47-thread-1] INFO  impl.RaftServerImpl (RaftServerImpl.java:<init>(98)) - 67063eba-d0cd-4c00-aa34-c87f51e61a60: new RaftServerImpl for group-1275937BDA79:[67063eba-d0cd-4c00-aa34-c87f51e61a60:192.168.164.220:39623] with ContainerStateMachine:uninitialized
2019-11-18 11:26:46,158 [pool-47-thread-1] INFO  server.RaftServerConfigKeys (ConfUtils.java:logGet(43)) - raft.server.rpc.timeout.min = 5s (custom)
2019-11-18 11:26:46,158 [pool-47-thread-1] INFO  server.RaftServerConfigKeys (ConfUtils.java:logGet(43)) - raft.server.rpc.timeout.max = 5200ms (custom)
2019-11-18 11:26:46,158 [pool-47-thread-1] INFO  server.RaftServerConfigKeys (ConfUtils.java:logGet(43)) - raft.server.rpcslowness.timeout = 1000s (custom)
2019-11-18 11:26:46,158 [pool-47-thread-1] INFO  server.RaftServerConfigKeys (ConfUtils.java:logGet(43)) - raft.server.sleep.deviation.threshold = 300 (default)
2019-11-18 11:26:46,158 [pool-47-thread-1] INFO  server.RaftServerConfigKeys (ConfUtils.java:logGet(43)) - raft.server.log.appender.install.snapshot.enabled = false (custom)
2019-11-18 11:26:46,158 [pool-47-thread-1] INFO  impl.RaftServerImpl (ServerState.java:<init>(103)) - 67063eba-d0cd-4c00-aa34-c87f51e61a60@group-1275937BDA79: ConfigurationManager, init=-1: [67063eba-d0cd-4c00-aa34-c87f51e61a60:192.168.164.220:39623], old=null, confs=<EMPTY_MAP>
2019-11-18 11:26:46,158 [pool-47-thread-1] INFO  server.RaftServerConfigKeys (ConfUtils.java:logGet(43)) - raft.server.storage.dir = [/workdir/hadoop-ozone/integration-test/target/test-dir/MiniOzoneClusterImpl-c13bc5a2-e6f5-4c78-9e21-084296016979/datanode-2/data/ratis] (custom)
2019-11-18 11:26:46,158 [pool-47-thread-1] INFO  server.RaftServerConfigKeys (ConfUtils.java:logGet(43)) - raft.server.log.corruption.policy = EXCEPTION (default)
2019-11-18 11:26:46,159 [pool-47-thread-1] INFO  storage.RaftStorageDirectory (RaftStorageDirectory.java:analyzeStorage(246)) - The storage directory /workdir/hadoop-ozone/integration-test/target/test-dir/MiniOzoneClusterImpl-c13bc5a2-e6f5-4c78-9e21-084296016979/datanode-2/data/ratis/40a95411-f7a1-4860-b9ac-1275937bda79 does not exist. Creating ...
2019-11-18 11:26:46,172 [pool-47-thread-1] INFO  storage.RaftStorageDirectory (RaftStorageDirectory.java:tryLock(328)) - Lock on /workdir/hadoop-ozone/integration-test/target/test-dir/MiniOzoneClusterImpl-c13bc5a2-e6f5-4c78-9e21-084296016979/datanode-2/data/ratis/40a95411-f7a1-4860-b9ac-1275937bda79/in_use.lock acquired by nodename 30492@pr-hdds-2372-2m6rk-3135575179
2019-11-18 11:26:46,185 [pool-47-thread-1] INFO  storage.RaftStorage (RaftStorage.java:format(84)) - Storage directory /workdir/hadoop-ozone/integration-test/target/test-dir/MiniOzoneClusterImpl-c13bc5a2-e6f5-4c78-9e21-084296016979/datanode-2/data/ratis/40a95411-f7a1-4860-b9ac-1275937bda79 has been successfully formatted.
2019-11-18 11:26:46,185 [pool-47-thread-1] INFO  ratis.ContainerStateMachine (ContainerStateMachine.java:loadSnapshot(223)) - group-1275937BDA79: The snapshot info is null. Setting the last applied indexto:(t:0, i:~)
2019-11-18 11:26:46,185 [pool-47-thread-1] INFO  server.RaftServerConfigKeys (ConfUtils.java:logGet(43)) - raft.server.notification.no-leader.timeout = 1000s (custom)
2019-11-18 11:26:46,185 [pool-47-thread-1] INFO  server.RaftServerConfigKeys (ConfUtils.java:logGet(43)) - raft.server.log.use.memory = false (default)
2019-11-18 11:26:46,185 [pool-47-thread-1] INFO  server.RaftServerConfigKeys (ConfUtils.java:logGet(43)) - raft.server.log.purge.gap = 1000000 (custom)
2019-11-18 11:26:46,186 [pool-47-thread-1] INFO  server.RaftServerConfigKeys (ConfUtils.java:logGet(43)) - raft.server.log.appender.buffer.byte-limit = 33554432 (custom)
2019-11-18 11:26:46,186 [pool-47-thread-1] INFO  server.RaftServerConfigKeys (ConfUtils.java:logGet(43)) - raft.server.log.segment.size.max = 1048576 (custom)
2019-11-18 11:26:46,186 [pool-47-thread-1] INFO  server.RaftServerConfigKeys (ConfUtils.java:logGet(43)) - raft.server.log.segment.cache.num.max = 2 (custom)
2019-11-18 11:26:46,186 [pool-47-thread-1] INFO  segmented.SegmentedRaftLogWorker (SegmentedRaftLogWorker.java:<init>(173)) - new 67063eba-d0cd-4c00-aa34-c87f51e61a60@group-1275937BDA79-SegmentedRaftLogWorker for RaftStorage:Storage Directory /workdir/hadoop-ozone/integration-test/target/test-dir/MiniOzoneClusterImpl-c13bc5a2-e6f5-4c78-9e21-084296016979/datanode-2/data/ratis/40a95411-f7a1-4860-b9ac-1275937bda79
2019-11-18 11:26:46,186 [pool-47-thread-1] INFO  server.RaftServerConfigKeys (ConfUtils.java:logGet(43)) - raft.server.log.queue.byte-limit = 2147483647 (custom)
2019-11-18 11:26:46,186 [pool-47-thread-1] INFO  server.RaftServerConfigKeys (ConfUtils.java:logGet(43)) - raft.server.log.queue.element-limit = 1024 (custom)
2019-11-18 11:26:46,186 [pool-47-thread-1] INFO  server.RaftServerConfigKeys (ConfUtils.java:logGet(43)) - raft.server.log.segment.size.max = 1048576 (custom)
2019-11-18 11:26:46,186 [pool-47-thread-1] INFO  server.RaftServerConfigKeys (ConfUtils.java:logGet(43)) - raft.server.log.preallocated.size = 16384 (custom)
2019-11-18 11:26:46,186 [pool-47-thread-1] INFO  server.RaftServerConfigKeys (ConfUtils.java:logGet(43)) - raft.server.log.write.buffer.size = 33554432 (custom)
2019-11-18 11:26:46,186 [pool-47-thread-1] INFO  server.RaftServerConfigKeys (ConfUtils.java:logGet(43)) - raft.server.log.force.sync.num = 128 (default)
2019-11-18 11:26:46,187 [pool-47-thread-1] INFO  server.RaftServerConfigKeys (ConfUtils.java:logGet(43)) - raft.server.log.statemachine.data.sync = true (default)
2019-11-18 11:26:46,187 [pool-47-thread-1] INFO  server.RaftServerConfigKeys (ConfUtils.java:logGet(43)) - raft.server.log.statemachine.data.sync.timeout = 10s (default)
2019-11-18 11:26:46,187 [pool-47-thread-1] INFO  server.RaftServerConfigKeys (ConfUtils.java:logGet(43)) - raft.server.log.statemachine.data.sync.timeout.retry = -1 (default)
2019-11-18 11:26:46,187 [pool-47-thread-1] INFO  server.RaftServerConfigKeys (ConfUtils.java:logGet(43)) - raft.server.log.statemachine.data.caching.enabled = true (custom)
2019-11-18 11:26:46,187 [pool-47-thread-1] INFO  segmented.SegmentedRaftLogWorker (SegmentedRaftLogWorker.java:lambda$new$0(128)) - 67063eba-d0cd-4c00-aa34-c87f51e61a60@group-1275937BDA79-SegmentedRaftLogWorker: flushIndex: setUnconditionally 0 -> -1
2019-11-18 11:26:46,188 [pool-47-thread-1] INFO  server.RaftServerConfigKeys (ConfUtils.java:logGet(43)) - raft.server.snapshot.auto.trigger.enabled = true (custom)
2019-11-18 11:26:46,188 [pool-47-thread-1] INFO  server.RaftServerConfigKeys (ConfUtils.java:logGet(43)) - raft.server.snapshot.auto.trigger.threshold = 10000 (custom)
2019-11-18 11:26:46,188 [pool-47-thread-1] INFO  server.RaftServerConfigKeys (ConfUtils.java:logGet(43)) - raft.server.snapshot.retention.file.num = 5 (custom)
2019-11-18 11:26:46,188 [pool-47-thread-1] INFO  server.RaftServerConfigKeys (ConfUtils.java:logGet(43)) - raft.server.retrycache.expirytime = 600000ms (custom)
2019-11-18 11:26:46,188 [pool-47-thread-1] WARN  impl.MetricRegistriesImpl (MetricRegistriesImpl.java:lambda$create$1(61)) - First MetricRegistry has been created without registering reporters. You may need to call MetricRegistries.global().addReportRegistration(...) before.
2019-11-18 11:26:46,188 [pool-47-thread-1] WARN  impl.MetricRegistriesImpl (MetricRegistriesImpl.java:lambda$create$1(61)) - First MetricRegistry has been created without registering reporters. You may need to call MetricRegistries.global().addReportRegistration(...) before.
2019-11-18 11:26:46,188 [pool-47-thread-1] INFO  impl.RaftServerImpl (RaftServerImpl.java:start(184)) - 67063eba-d0cd-4c00-aa34-c87f51e61a60@group-1275937BDA79: start as a follower, conf=-1: [67063eba-d0cd-4c00-aa34-c87f51e61a60:192.168.164.220:39623], old=null
2019-11-18 11:26:46,188 [pool-47-thread-1] INFO  impl.RaftServerImpl (RaftServerImpl.java:setRole(173)) - 67063eba-d0cd-4c00-aa34-c87f51e61a60@group-1275937BDA79: changes role from      null to FOLLOWER at term 0 for startAsFollower
2019-11-18 11:26:46,189 [pool-47-thread-1] INFO  impl.RoleInfo (RoleInfo.java:updateAndGet(143)) - 67063eba-d0cd-4c00-aa34-c87f51e61a60: start FollowerState
2019-11-18 11:26:46,189 [pool-47-thread-1] INFO  util.JmxRegister (JmxRegister.java:tryRegister(44)) - Successfully registered JMX Bean with object name Ratis:service=RaftServer,group=group-1275937BDA79,id=67063eba-d0cd-4c00-aa34-c87f51e61a60
2019-11-18 11:26:46,189 [pool-47-thread-1] WARN  impl.MetricRegistriesImpl (MetricRegistriesImpl.java:lambda$create$1(61)) - First MetricRegistry has been created without registering reporters. You may need to call MetricRegistries.global().addReportRegistration(...) before.
2019-11-18 11:26:46,194 [RatisPipelineUtilsThread] INFO  pipeline.PipelineStateManager (PipelineStateManager.java:addPipeline(55)) - Created pipeline Pipeline[ Id: 40a95411-f7a1-4860-b9ac-1275937bda79, Nodes: 67063eba-d0cd-4c00-aa34-c87f51e61a60{ip: 192.168.164.220, host: pr-hdds-2372-2m6rk-3135575179, networkLocation: /default-rack, certSerialId: null}, Type:RATIS, Factor:ONE, State:ALLOCATED]
2019-11-18 11:26:46,781 [main] INFO  ozone.MiniOzoneClusterImpl (MiniOzoneClusterImpl.java:lambda$waitForClusterToBeReady$2(163)) - Waiting for 4 number of pipelines out of 4, to report a leader.
2019-11-18 11:26:47,782 [main] INFO  ozone.MiniOzoneClusterImpl (MiniOzoneClusterImpl.java:lambda$waitForClusterToBeReady$2(163)) - Waiting for 4 number of pipelines out of 4, to report a leader.
2019-11-18 11:26:48,783 [main] INFO  ozone.MiniOzoneClusterImpl (MiniOzoneClusterImpl.java:lambda$waitForClusterToBeReady$2(163)) - Waiting for 4 number of pipelines out of 4, to report a leader.
2019-11-18 11:26:49,784 [main] INFO  ozone.MiniOzoneClusterImpl (MiniOzoneClusterImpl.java:lambda$waitForClusterToBeReady$2(163)) - Waiting for 4 number of pipelines out of 4, to report a leader.
2019-11-18 11:26:50,784 [main] INFO  ozone.MiniOzoneClusterImpl (MiniOzoneClusterImpl.java:lambda$waitForClusterToBeReady$2(163)) - Waiting for 4 number of pipelines out of 4, to report a leader.
2019-11-18 11:26:51,016 [Thread-216] INFO  impl.FollowerState (FollowerState.java:run(111)) - b14c1e87-4020-4c6d-bcb6-f7f922273c3e@group-E42B2BB1EFCC-FollowerState: change to CANDIDATE, lastRpcTime:5033ms, electionTimeout:5033ms
2019-11-18 11:26:51,018 [Thread-216] INFO  impl.RoleInfo (RoleInfo.java:shutdownFollowerState(121)) - b14c1e87-4020-4c6d-bcb6-f7f922273c3e: shutdown FollowerState
2019-11-18 11:26:51,019 [Thread-216] INFO  impl.RaftServerImpl (RaftServerImpl.java:setRole(173)) - b14c1e87-4020-4c6d-bcb6-f7f922273c3e@group-E42B2BB1EFCC: changes role from  FOLLOWER to CANDIDATE at term 0 for changeToCandidate
2019-11-18 11:26:51,024 [Thread-216] INFO  impl.RoleInfo (RoleInfo.java:updateAndGet(143)) - b14c1e87-4020-4c6d-bcb6-f7f922273c3e: start LeaderElection
2019-11-18 11:26:51,042 [b14c1e87-4020-4c6d-bcb6-f7f922273c3e@group-E42B2BB1EFCC-LeaderElection1] INFO  impl.LeaderElection (LeaderElection.java:askForVotes(178)) - b14c1e87-4020-4c6d-bcb6-f7f922273c3e@group-E42B2BB1EFCC-LeaderElection1: begin an election at term 1 for -1: [b14c1e87-4020-4c6d-bcb6-f7f922273c3e:192.168.164.220:34558], old=null
2019-11-18 11:26:51,043 [b14c1e87-4020-4c6d-bcb6-f7f922273c3e@group-E42B2BB1EFCC-LeaderElection1] INFO  impl.RoleInfo (RoleInfo.java:shutdownLeaderElection(134)) - b14c1e87-4020-4c6d-bcb6-f7f922273c3e: shutdown LeaderElection
2019-11-18 11:26:51,044 [Thread-212] INFO  impl.FollowerState (FollowerState.java:run(111)) - c9b88515-1c59-4f59-a2e2-ec16c09fdaea@group-2DF80A51DFC6-FollowerState: change to CANDIDATE, lastRpcTime:5143ms, electionTimeout:5143ms
2019-11-18 11:26:51,044 [b14c1e87-4020-4c6d-bcb6-f7f922273c3e@group-E42B2BB1EFCC-LeaderElection1] INFO  impl.RaftServerImpl (RaftServerImpl.java:setRole(173)) - b14c1e87-4020-4c6d-bcb6-f7f922273c3e@group-E42B2BB1EFCC: changes role from CANDIDATE to LEADER at term 1 for changeToLeader
2019-11-18 11:26:51,044 [Thread-212] INFO  impl.RoleInfo (RoleInfo.java:shutdownFollowerState(121)) - c9b88515-1c59-4f59-a2e2-ec16c09fdaea: shutdown FollowerState
2019-11-18 11:26:51,045 [b14c1e87-4020-4c6d-bcb6-f7f922273c3e@group-E42B2BB1EFCC-LeaderElection1] INFO  ratis.XceiverServerRatis (XceiverServerRatis.java:handleLeaderChangedNotification(697)) - Leader change notification received for group: group-E42B2BB1EFCC with new leaderId: b14c1e87-4020-4c6d-bcb6-f7f922273c3e
2019-11-18 11:26:51,045 [Thread-212] INFO  impl.RaftServerImpl (RaftServerImpl.java:setRole(173)) - c9b88515-1c59-4f59-a2e2-ec16c09fdaea@group-2DF80A51DFC6: changes role from  FOLLOWER to CANDIDATE at term 0 for changeToCandidate
2019-11-18 11:26:51,045 [Thread-212] INFO  impl.RoleInfo (RoleInfo.java:updateAndGet(143)) - c9b88515-1c59-4f59-a2e2-ec16c09fdaea: start LeaderElection
2019-11-18 11:26:51,051 [b14c1e87-4020-4c6d-bcb6-f7f922273c3e@group-E42B2BB1EFCC-LeaderElection1] INFO  impl.RaftServerImpl (ServerState.java:setLeader(255)) - b14c1e87-4020-4c6d-bcb6-f7f922273c3e@group-E42B2BB1EFCC: change Leader from null to b14c1e87-4020-4c6d-bcb6-f7f922273c3e at term 1 for becomeLeader, leader elected after 5067ms
2019-11-18 11:26:51,054 [EventQueue-PipelineReportForPipelineReportHandler] INFO  pipeline.PipelineStateManager (PipelineStateManager.java:openPipeline(134)) - Pipeline Pipeline[ Id: 828afe1e-12a8-4d85-b52a-e42b2bb1efcc, Nodes: b14c1e87-4020-4c6d-bcb6-f7f922273c3e{ip: 192.168.164.220, host: pr-hdds-2372-2m6rk-3135575179, networkLocation: /default-rack, certSerialId: null}, Type:RATIS, Factor:ONE, State:OPEN] moved to OPEN state
2019-11-18 11:26:51,058 [b14c1e87-4020-4c6d-bcb6-f7f922273c3e@group-E42B2BB1EFCC-LeaderElection1] INFO  server.RaftServerConfigKeys (ConfUtils.java:logGet(43)) - raft.server.staging.catchup.gap = 1000 (default)
2019-11-18 11:26:51,058 [b14c1e87-4020-4c6d-bcb6-f7f922273c3e@group-E42B2BB1EFCC-LeaderElection1] INFO  server.RaftServerConfigKeys (ConfUtils.java:logGet(43)) - raft.server.rpc.sleep.time = 25ms (default)
2019-11-18 11:26:51,061 [c9b88515-1c59-4f59-a2e2-ec16c09fdaea@group-2DF80A51DFC6-LeaderElection2] INFO  impl.LeaderElection (LeaderElection.java:askForVotes(178)) - c9b88515-1c59-4f59-a2e2-ec16c09fdaea@group-2DF80A51DFC6-LeaderElection2: begin an election at term 1 for -1: [c9b88515-1c59-4f59-a2e2-ec16c09fdaea:192.168.164.220:39836], old=null
2019-11-18 11:26:51,062 [c9b88515-1c59-4f59-a2e2-ec16c09fdaea@group-2DF80A51DFC6-LeaderElection2] INFO  impl.RoleInfo (RoleInfo.java:shutdownLeaderElection(134)) - c9b88515-1c59-4f59-a2e2-ec16c09fdaea: shutdown LeaderElection
2019-11-18 11:26:51,062 [c9b88515-1c59-4f59-a2e2-ec16c09fdaea@group-2DF80A51DFC6-LeaderElection2] INFO  impl.RaftServerImpl (RaftServerImpl.java:setRole(173)) - c9b88515-1c59-4f59-a2e2-ec16c09fdaea@group-2DF80A51DFC6: changes role from CANDIDATE to LEADER at term 1 for changeToLeader
2019-11-18 11:26:51,062 [c9b88515-1c59-4f59-a2e2-ec16c09fdaea@group-2DF80A51DFC6-LeaderElection2] INFO  ratis.XceiverServerRatis (XceiverServerRatis.java:handleLeaderChangedNotification(697)) - Leader change notification received for group: group-2DF80A51DFC6 with new leaderId: c9b88515-1c59-4f59-a2e2-ec16c09fdaea
2019-11-18 11:26:51,063 [c9b88515-1c59-4f59-a2e2-ec16c09fdaea@group-2DF80A51DFC6-LeaderElection2] INFO  impl.RaftServerImpl (ServerState.java:setLeader(255)) - c9b88515-1c59-4f59-a2e2-ec16c09fdaea@group-2DF80A51DFC6: change Leader from null to c9b88515-1c59-4f59-a2e2-ec16c09fdaea at term 1 for becomeLeader, leader elected after 5165ms
2019-11-18 11:26:51,063 [c9b88515-1c59-4f59-a2e2-ec16c09fdaea@group-2DF80A51DFC6-LeaderElection2] INFO  server.RaftServerConfigKeys (ConfUtils.java:logGet(43)) - raft.server.staging.catchup.gap = 1000 (default)
2019-11-18 11:26:51,063 [c9b88515-1c59-4f59-a2e2-ec16c09fdaea@group-2DF80A51DFC6-LeaderElection2] INFO  server.RaftServerConfigKeys (ConfUtils.java:logGet(43)) - raft.server.rpc.sleep.time = 25ms (default)
2019-11-18 11:26:51,063 [b14c1e87-4020-4c6d-bcb6-f7f922273c3e@group-E42B2BB1EFCC-LeaderElection1] INFO  server.RaftServerConfigKeys (ConfUtils.java:logGet(43)) - raft.server.write.element-limit = 4096 (default)
2019-11-18 11:26:51,064 [c9b88515-1c59-4f59-a2e2-ec16c09fdaea@group-2DF80A51DFC6-LeaderElection2] INFO  server.RaftServerConfigKeys (ConfUtils.java:logGet(43)) - raft.server.write.element-limit = 4096 (default)
2019-11-18 11:26:51,064 [EventQueue-PipelineReportForPipelineReportHandler] INFO  pipeline.PipelineStateManager (PipelineStateManager.java:openPipeline(134)) - Pipeline Pipeline[ Id: 03d75bca-6579-4c60-b363-2df80a51dfc6, Nodes: c9b88515-1c59-4f59-a2e2-ec16c09fdaea{ip: 192.168.164.220, host: pr-hdds-2372-2m6rk-3135575179, networkLocation: /default-rack, certSerialId: null}, Type:RATIS, Factor:ONE, State:OPEN] moved to OPEN state
2019-11-18 11:26:51,067 [b14c1e87-4020-4c6d-bcb6-f7f922273c3e@group-E42B2BB1EFCC-LeaderElection1] INFO  server.RaftServerConfigKeys (ConfUtils.java:logGet(43)) - raft.server.watch.timeout = 10s (default)
2019-11-18 11:26:51,067 [c9b88515-1c59-4f59-a2e2-ec16c09fdaea@group-2DF80A51DFC6-LeaderElection2] INFO  server.RaftServerConfigKeys (ConfUtils.java:logGet(43)) - raft.server.watch.timeout = 10s (default)
2019-11-18 11:26:51,068 [b14c1e87-4020-4c6d-bcb6-f7f922273c3e@group-E42B2BB1EFCC-LeaderElection1] INFO  server.RaftServerConfigKeys (ConfUtils.java:logGet(43)) - raft.server.watch.timeout.denomination = 1s (default)
2019-11-18 11:26:51,068 [c9b88515-1c59-4f59-a2e2-ec16c09fdaea@group-2DF80A51DFC6-LeaderElection2] INFO  server.RaftServerConfigKeys (ConfUtils.java:logGet(43)) - raft.server.watch.timeout.denomination = 1s (default)
2019-11-18 11:26:51,069 [b14c1e87-4020-4c6d-bcb6-f7f922273c3e@group-E42B2BB1EFCC-LeaderElection1] INFO  server.RaftServerConfigKeys (ConfUtils.java:logGet(43)) - raft.server.watch.element-limit = 65536 (default)
2019-11-18 11:26:51,069 [c9b88515-1c59-4f59-a2e2-ec16c09fdaea@group-2DF80A51DFC6-LeaderElection2] INFO  server.RaftServerConfigKeys (ConfUtils.java:logGet(43)) - raft.server.watch.element-limit = 65536 (default)
2019-11-18 11:26:51,083 [b14c1e87-4020-4c6d-bcb6-f7f922273c3e@group-E42B2BB1EFCC-LeaderElection1] INFO  impl.RoleInfo (RoleInfo.java:updateAndGet(143)) - b14c1e87-4020-4c6d-bcb6-f7f922273c3e: start LeaderState
2019-11-18 11:26:51,083 [c9b88515-1c59-4f59-a2e2-ec16c09fdaea@group-2DF80A51DFC6-LeaderElection2] INFO  impl.RoleInfo (RoleInfo.java:updateAndGet(143)) - c9b88515-1c59-4f59-a2e2-ec16c09fdaea: start LeaderState
2019-11-18 11:26:51,103 [b14c1e87-4020-4c6d-bcb6-f7f922273c3e@group-E42B2BB1EFCC-LeaderElection1] INFO  segmented.SegmentedRaftLogWorker (SegmentedRaftLogWorker.java:startLogSegment(385)) - b14c1e87-4020-4c6d-bcb6-f7f922273c3e@group-E42B2BB1EFCC-SegmentedRaftLogWorker: Starting segment from index:0
2019-11-18 11:26:51,103 [c9b88515-1c59-4f59-a2e2-ec16c09fdaea@group-2DF80A51DFC6-LeaderElection2] INFO  segmented.SegmentedRaftLogWorker (SegmentedRaftLogWorker.java:startLogSegment(385)) - c9b88515-1c59-4f59-a2e2-ec16c09fdaea@group-2DF80A51DFC6-SegmentedRaftLogWorker: Starting segment from index:0
2019-11-18 11:26:51,116 [c9b88515-1c59-4f59-a2e2-ec16c09fdaea@group-2DF80A51DFC6-LeaderElection2] INFO  impl.RaftServerImpl (ServerState.java:setRaftConf(356)) - c9b88515-1c59-4f59-a2e2-ec16c09fdaea@group-2DF80A51DFC6: set configuration 0: [c9b88515-1c59-4f59-a2e2-ec16c09fdaea:192.168.164.220:39836], old=null at 0
2019-11-18 11:26:51,116 [b14c1e87-4020-4c6d-bcb6-f7f922273c3e@group-E42B2BB1EFCC-LeaderElection1] INFO  impl.RaftServerImpl (ServerState.java:setRaftConf(356)) - b14c1e87-4020-4c6d-bcb6-f7f922273c3e@group-E42B2BB1EFCC: set configuration 0: [b14c1e87-4020-4c6d-bcb6-f7f922273c3e:192.168.164.220:34558], old=null at 0
2019-11-18 11:26:51,133 [Thread-225] INFO  impl.FollowerState (FollowerState.java:run(111)) - 67063eba-d0cd-4c00-aa34-c87f51e61a60@group-08DCA1F21008-FollowerState: change to CANDIDATE, lastRpcTime:5019ms, electionTimeout:5019ms
2019-11-18 11:26:51,134 [Thread-225] INFO  impl.RoleInfo (RoleInfo.java:shutdownFollowerState(121)) - 67063eba-d0cd-4c00-aa34-c87f51e61a60: shutdown FollowerState
2019-11-18 11:26:51,134 [Thread-225] INFO  impl.RaftServerImpl (RaftServerImpl.java:setRole(173)) - 67063eba-d0cd-4c00-aa34-c87f51e61a60@group-08DCA1F21008: changes role from  FOLLOWER to CANDIDATE at term 0 for changeToCandidate
2019-11-18 11:26:51,134 [Thread-225] INFO  impl.RoleInfo (RoleInfo.java:updateAndGet(143)) - 67063eba-d0cd-4c00-aa34-c87f51e61a60: start LeaderElection
2019-11-18 11:26:51,150 [67063eba-d0cd-4c00-aa34-c87f51e61a60@group-08DCA1F21008-LeaderElection3] INFO  impl.LeaderElection (LeaderElection.java:askForVotes(178)) - 67063eba-d0cd-4c00-aa34-c87f51e61a60@group-08DCA1F21008-LeaderElection3: begin an election at term 1 for -1: [67063eba-d0cd-4c00-aa34-c87f51e61a60:192.168.164.220:39623, c9b88515-1c59-4f59-a2e2-ec16c09fdaea:192.168.164.220:39836, b14c1e87-4020-4c6d-bcb6-f7f922273c3e:192.168.164.220:34558], old=null
2019-11-18 11:26:51,177 [grpc-default-executor-1] INFO  impl.RaftServerImpl (RaftServerImpl.java:setRole(173)) - c9b88515-1c59-4f59-a2e2-ec16c09fdaea@group-08DCA1F21008: changes role from  FOLLOWER to FOLLOWER at term 1 for recognizeCandidate:67063eba-d0cd-4c00-aa34-c87f51e61a60
2019-11-18 11:26:51,177 [grpc-default-executor-0] INFO  impl.RaftServerImpl (RaftServerImpl.java:setRole(173)) - b14c1e87-4020-4c6d-bcb6-f7f922273c3e@group-08DCA1F21008: changes role from  FOLLOWER to FOLLOWER at term 1 for recognizeCandidate:67063eba-d0cd-4c00-aa34-c87f51e61a60
2019-11-18 11:26:51,177 [grpc-default-executor-1] INFO  impl.RoleInfo (RoleInfo.java:shutdownFollowerState(121)) - c9b88515-1c59-4f59-a2e2-ec16c09fdaea: shutdown FollowerState
2019-11-18 11:26:51,177 [grpc-default-executor-0] INFO  impl.RoleInfo (RoleInfo.java:shutdownFollowerState(121)) - b14c1e87-4020-4c6d-bcb6-f7f922273c3e: shutdown FollowerState
2019-11-18 11:26:51,177 [Thread-229] INFO  impl.FollowerState (FollowerState.java:run(120)) - c9b88515-1c59-4f59-a2e2-ec16c09fdaea@group-08DCA1F21008-FollowerState was interrupted: java.lang.InterruptedException: sleep interrupted
2019-11-18 11:26:51,178 [Thread-230] INFO  impl.FollowerState (FollowerState.java:run(120)) - b14c1e87-4020-4c6d-bcb6-f7f922273c3e@group-08DCA1F21008-FollowerState was interrupted: java.lang.InterruptedException: sleep interrupted
2019-11-18 11:26:51,177 [grpc-default-executor-1] INFO  impl.RoleInfo (RoleInfo.java:updateAndGet(143)) - c9b88515-1c59-4f59-a2e2-ec16c09fdaea: start FollowerState
2019-11-18 11:26:51,178 [grpc-default-executor-0] INFO  impl.RoleInfo (RoleInfo.java:updateAndGet(143)) - b14c1e87-4020-4c6d-bcb6-f7f922273c3e: start FollowerState
2019-11-18 11:26:51,203 [67063eba-d0cd-4c00-aa34-c87f51e61a60@group-08DCA1F21008-LeaderElection3] INFO  impl.LeaderElection (LeaderElection.java:logAndReturn(56)) - 67063eba-d0cd-4c00-aa34-c87f51e61a60@group-08DCA1F21008-LeaderElection3: Election PASSED; received 1 response(s) [67063eba-d0cd-4c00-aa34-c87f51e61a60<-b14c1e87-4020-4c6d-bcb6-f7f922273c3e#0:OK-t1] and 0 exception(s); 67063eba-d0cd-4c00-aa34-c87f51e61a60@group-08DCA1F21008:t1, leader=null, voted=67063eba-d0cd-4c00-aa34-c87f51e61a60, raftlog=67063eba-d0cd-4c00-aa34-c87f51e61a60@group-08DCA1F21008-SegmentedRaftLog:OPENED:c-1,f-1,i0, conf=-1: [67063eba-d0cd-4c00-aa34-c87f51e61a60:192.168.164.220:39623, c9b88515-1c59-4f59-a2e2-ec16c09fdaea:192.168.164.220:39836, b14c1e87-4020-4c6d-bcb6-f7f922273c3e:192.168.164.220:34558], old=null
2019-11-18 11:26:51,204 [67063eba-d0cd-4c00-aa34-c87f51e61a60@group-08DCA1F21008-LeaderElection3] INFO  impl.RoleInfo (RoleInfo.java:shutdownLeaderElection(134)) - 67063eba-d0cd-4c00-aa34-c87f51e61a60: shutdown LeaderElection
2019-11-18 11:26:51,204 [67063eba-d0cd-4c00-aa34-c87f51e61a60@group-08DCA1F21008-LeaderElection3] INFO  impl.RaftServerImpl (RaftServerImpl.java:setRole(173)) - 67063eba-d0cd-4c00-aa34-c87f51e61a60@group-08DCA1F21008: changes role from CANDIDATE to LEADER at term 1 for changeToLeader
2019-11-18 11:26:51,205 [67063eba-d0cd-4c00-aa34-c87f51e61a60@group-08DCA1F21008-LeaderElection3] INFO  ratis.XceiverServerRatis (XceiverServerRatis.java:handleLeaderChangedNotification(697)) - Leader change notification received for group: group-08DCA1F21008 with new leaderId: 67063eba-d0cd-4c00-aa34-c87f51e61a60
2019-11-18 11:26:51,205 [67063eba-d0cd-4c00-aa34-c87f51e61a60@group-08DCA1F21008-LeaderElection3] INFO  impl.RaftServerImpl (ServerState.java:setLeader(255)) - 67063eba-d0cd-4c00-aa34-c87f51e61a60@group-08DCA1F21008: change Leader from null to 67063eba-d0cd-4c00-aa34-c87f51e61a60 at term 1 for becomeLeader, leader elected after 5098ms
2019-11-18 11:26:51,206 [67063eba-d0cd-4c00-aa34-c87f51e61a60@group-08DCA1F21008-LeaderElection3] INFO  server.RaftServerConfigKeys (ConfUtils.java:logGet(43)) - raft.server.staging.catchup.gap = 1000 (default)
2019-11-18 11:26:51,206 [67063eba-d0cd-4c00-aa34-c87f51e61a60@group-08DCA1F21008-LeaderElection3] INFO  server.RaftServerConfigKeys (ConfUtils.java:logGet(43)) - raft.server.rpc.sleep.time = 25ms (default)
2019-11-18 11:26:51,206 [67063eba-d0cd-4c00-aa34-c87f51e61a60@group-08DCA1F21008-LeaderElection3] INFO  server.RaftServerConfigKeys (ConfUtils.java:logGet(43)) - raft.server.write.element-limit = 4096 (default)
2019-11-18 11:26:51,206 [67063eba-d0cd-4c00-aa34-c87f51e61a60@group-08DCA1F21008-LeaderElection3] INFO  server.RaftServerConfigKeys (ConfUtils.java:logGet(43)) - raft.server.watch.timeout = 10s (default)
2019-11-18 11:26:51,206 [67063eba-d0cd-4c00-aa34-c87f51e61a60@group-08DCA1F21008-LeaderElection3] INFO  server.RaftServerConfigKeys (ConfUtils.java:logGet(43)) - raft.server.watch.timeout.denomination = 1s (default)
2019-11-18 11:26:51,206 [67063eba-d0cd-4c00-aa34-c87f51e61a60@group-08DCA1F21008-LeaderElection3] INFO  server.RaftServerConfigKeys (ConfUtils.java:logGet(43)) - raft.server.watch.element-limit = 65536 (default)
2019-11-18 11:26:51,207 [EventQueue-PipelineReportForPipelineReportHandler] INFO  pipeline.PipelineStateManager (PipelineStateManager.java:openPipeline(134)) - Pipeline Pipeline[ Id: 05de8610-ef8e-43ec-b774-08dca1f21008, Nodes: b14c1e87-4020-4c6d-bcb6-f7f922273c3e{ip: 192.168.164.220, host: pr-hdds-2372-2m6rk-3135575179, networkLocation: /default-rack, certSerialId: null}c9b88515-1c59-4f59-a2e2-ec16c09fdaea{ip: 192.168.164.220, host: pr-hdds-2372-2m6rk-3135575179, networkLocation: /default-rack, certSerialId: null}67063eba-d0cd-4c00-aa34-c87f51e61a60{ip: 192.168.164.220, host: pr-hdds-2372-2m6rk-3135575179, networkLocation: /default-rack, certSerialId: null}, Type:RATIS, Factor:THREE, State:OPEN] moved to OPEN state
2019-11-18 11:26:51,210 [67063eba-d0cd-4c00-aa34-c87f51e61a60@group-08DCA1F21008-LeaderElection3] INFO  server.RaftServerConfigKeys (ConfUtils.java:logGet(43)) - raft.server.log.appender.snapshot.chunk.size.max = 16MB (=16777216) (default)
2019-11-18 11:26:51,210 [67063eba-d0cd-4c00-aa34-c87f51e61a60@group-08DCA1F21008-LeaderElection3] INFO  server.RaftServerConfigKeys (ConfUtils.java:logGet(43)) - raft.server.log.appender.buffer.byte-limit = 33554432 (custom)
2019-11-18 11:26:51,211 [67063eba-d0cd-4c00-aa34-c87f51e61a60@group-08DCA1F21008-LeaderElection3] INFO  server.RaftServerConfigKeys (ConfUtils.java:logGet(43)) - raft.server.log.appender.buffer.element-limit = 1 (custom)
2019-11-18 11:26:51,214 [67063eba-d0cd-4c00-aa34-c87f51e61a60@group-08DCA1F21008-LeaderElection3] INFO  grpc.GrpcConfigKeys$Server (ConfUtils.java:logGet(43)) - raft.grpc.server.leader.outstanding.appends.max = 128 (default)
2019-11-18 11:26:51,214 [67063eba-d0cd-4c00-aa34-c87f51e61a60@group-08DCA1F21008-LeaderElection3] INFO  server.RaftServerConfigKeys (ConfUtils.java:logGet(43)) - raft.server.rpc.request.timeout = 3000ms (default)
2019-11-18 11:26:51,214 [67063eba-d0cd-4c00-aa34-c87f51e61a60@group-08DCA1F21008-LeaderElection3] INFO  server.RaftServerConfigKeys (ConfUtils.java:logGet(43)) - raft.server.log.appender.install.snapshot.enabled = false (custom)
2019-11-18 11:26:51,216 [67063eba-d0cd-4c00-aa34-c87f51e61a60@group-08DCA1F21008-LeaderElection3] WARN  impl.MetricRegistriesImpl (MetricRegistriesImpl.java:lambda$create$1(61)) - First MetricRegistry has been created without registering reporters. You may need to call MetricRegistries.global().addReportRegistration(...) before.
2019-11-18 11:26:51,217 [67063eba-d0cd-4c00-aa34-c87f51e61a60@group-08DCA1F21008-LeaderElection3] INFO  server.RaftServerConfigKeys (ConfUtils.java:logGet(43)) - raft.server.log.appender.snapshot.chunk.size.max = 16MB (=16777216) (default)
2019-11-18 11:26:51,217 [67063eba-d0cd-4c00-aa34-c87f51e61a60@group-08DCA1F21008-LeaderElection3] INFO  server.RaftServerConfigKeys (ConfUtils.java:logGet(43)) - raft.server.log.appender.buffer.byte-limit = 33554432 (custom)
2019-11-18 11:26:51,217 [67063eba-d0cd-4c00-aa34-c87f51e61a60@group-08DCA1F21008-LeaderElection3] INFO  server.RaftServerConfigKeys (ConfUtils.java:logGet(43)) - raft.server.log.appender.buffer.element-limit = 1 (custom)
2019-11-18 11:26:51,217 [67063eba-d0cd-4c00-aa34-c87f51e61a60@group-08DCA1F21008-LeaderElection3] INFO  grpc.GrpcConfigKeys$Server (ConfUtils.java:logGet(43)) - raft.grpc.server.leader.outstanding.appends.max = 128 (default)
2019-11-18 11:26:51,217 [67063eba-d0cd-4c00-aa34-c87f51e61a60@group-08DCA1F21008-LeaderElection3] INFO  server.RaftServerConfigKeys (ConfUtils.java:logGet(43)) - raft.server.rpc.request.timeout = 3000ms (default)
2019-11-18 11:26:51,217 [67063eba-d0cd-4c00-aa34-c87f51e61a60@group-08DCA1F21008-LeaderElection3] INFO  server.RaftServerConfigKeys (ConfUtils.java:logGet(43)) - raft.server.log.appender.install.snapshot.enabled = false (custom)
2019-11-18 11:26:51,220 [67063eba-d0cd-4c00-aa34-c87f51e61a60@group-08DCA1F21008-LeaderElection3] INFO  impl.RoleInfo (RoleInfo.java:updateAndGet(143)) - 67063eba-d0cd-4c00-aa34-c87f51e61a60: start LeaderState
2019-11-18 11:26:51,221 [67063eba-d0cd-4c00-aa34-c87f51e61a60@group-08DCA1F21008-LeaderElection3] INFO  segmented.SegmentedRaftLogWorker (SegmentedRaftLogWorker.java:startLogSegment(385)) - 67063eba-d0cd-4c00-aa34-c87f51e61a60@group-08DCA1F21008-SegmentedRaftLogWorker: Starting segment from index:0
2019-11-18 11:26:51,221 [67063eba-d0cd-4c00-aa34-c87f51e61a60@group-08DCA1F21008-LeaderElection3] INFO  impl.RaftServerImpl (ServerState.java:setRaftConf(356)) - 67063eba-d0cd-4c00-aa34-c87f51e61a60@group-08DCA1F21008: set configuration 0: [67063eba-d0cd-4c00-aa34-c87f51e61a60:192.168.164.220:39623, c9b88515-1c59-4f59-a2e2-ec16c09fdaea:192.168.164.220:39836, b14c1e87-4020-4c6d-bcb6-f7f922273c3e:192.168.164.220:34558], old=null at 0
2019-11-18 11:26:51,244 [grpc-default-executor-2] INFO  ratis.XceiverServerRatis (XceiverServerRatis.java:handleLeaderChangedNotification(697)) - Leader change notification received for group: group-08DCA1F21008 with new leaderId: 67063eba-d0cd-4c00-aa34-c87f51e61a60
2019-11-18 11:26:51,245 [grpc-default-executor-1] INFO  ratis.XceiverServerRatis (XceiverServerRatis.java:handleLeaderChangedNotification(697)) - Leader change notification received for group: group-08DCA1F21008 with new leaderId: 67063eba-d0cd-4c00-aa34-c87f51e61a60
2019-11-18 11:26:51,245 [grpc-default-executor-2] INFO  impl.RaftServerImpl (ServerState.java:setLeader(255)) - b14c1e87-4020-4c6d-bcb6-f7f922273c3e@group-08DCA1F21008: change Leader from null to 67063eba-d0cd-4c00-aa34-c87f51e61a60 at term 1 for appendEntries, leader elected after 5138ms
2019-11-18 11:26:51,245 [grpc-default-executor-1] INFO  impl.RaftServerImpl (ServerState.java:setLeader(255)) - c9b88515-1c59-4f59-a2e2-ec16c09fdaea@group-08DCA1F21008: change Leader from null to 67063eba-d0cd-4c00-aa34-c87f51e61a60 at term 1 for appendEntries, leader elected after 5138ms
2019-11-18 11:26:51,271 [grpc-default-executor-2] INFO  impl.RaftServerImpl (ServerState.java:setRaftConf(356)) - c9b88515-1c59-4f59-a2e2-ec16c09fdaea@group-08DCA1F21008: set configuration 0: [67063eba-d0cd-4c00-aa34-c87f51e61a60:192.168.164.220:39623, c9b88515-1c59-4f59-a2e2-ec16c09fdaea:192.168.164.220:39836, b14c1e87-4020-4c6d-bcb6-f7f922273c3e:192.168.164.220:34558], old=null at 0
2019-11-18 11:26:51,271 [grpc-default-executor-1] INFO  impl.RaftServerImpl (ServerState.java:setRaftConf(356)) - b14c1e87-4020-4c6d-bcb6-f7f922273c3e@group-08DCA1F21008: set configuration 0: [67063eba-d0cd-4c00-aa34-c87f51e61a60:192.168.164.220:39623, c9b88515-1c59-4f59-a2e2-ec16c09fdaea:192.168.164.220:39836, b14c1e87-4020-4c6d-bcb6-f7f922273c3e:192.168.164.220:34558], old=null at 0
2019-11-18 11:26:51,271 [grpc-default-executor-2] INFO  segmented.SegmentedRaftLogWorker (SegmentedRaftLogWorker.java:startLogSegment(385)) - c9b88515-1c59-4f59-a2e2-ec16c09fdaea@group-08DCA1F21008-SegmentedRaftLogWorker: Starting segment from index:0
2019-11-18 11:26:51,271 [grpc-default-executor-1] INFO  segmented.SegmentedRaftLogWorker (SegmentedRaftLogWorker.java:startLogSegment(385)) - b14c1e87-4020-4c6d-bcb6-f7f922273c3e@group-08DCA1F21008-SegmentedRaftLogWorker: Starting segment from index:0
2019-11-18 11:26:51,315 [c9b88515-1c59-4f59-a2e2-ec16c09fdaea@group-2DF80A51DFC6-SegmentedRaftLogWorker] INFO  segmented.SegmentedRaftLogWorker (SegmentedRaftLogWorker.java:execute(576)) - c9b88515-1c59-4f59-a2e2-ec16c09fdaea@group-2DF80A51DFC6-SegmentedRaftLogWorker: created new log segment /workdir/hadoop-ozone/integration-test/target/test-dir/MiniOzoneClusterImpl-c13bc5a2-e6f5-4c78-9e21-084296016979/datanode-0/data/ratis/03d75bca-6579-4c60-b363-2df80a51dfc6/current/log_inprogress_0
2019-11-18 11:26:51,315 [b14c1e87-4020-4c6d-bcb6-f7f922273c3e@group-08DCA1F21008-SegmentedRaftLogWorker] INFO  segmented.SegmentedRaftLogWorker (SegmentedRaftLogWorker.java:execute(576)) - b14c1e87-4020-4c6d-bcb6-f7f922273c3e@group-08DCA1F21008-SegmentedRaftLogWorker: created new log segment /workdir/hadoop-ozone/integration-test/target/test-dir/MiniOzoneClusterImpl-c13bc5a2-e6f5-4c78-9e21-084296016979/datanode-1/data/ratis/05de8610-ef8e-43ec-b774-08dca1f21008/current/log_inprogress_0
2019-11-18 11:26:51,315 [c9b88515-1c59-4f59-a2e2-ec16c09fdaea@group-08DCA1F21008-SegmentedRaftLogWorker] INFO  segmented.SegmentedRaftLogWorker (SegmentedRaftLogWorker.java:execute(576)) - c9b88515-1c59-4f59-a2e2-ec16c09fdaea@group-08DCA1F21008-SegmentedRaftLogWorker: created new log segment /workdir/hadoop-ozone/integration-test/target/test-dir/MiniOzoneClusterImpl-c13bc5a2-e6f5-4c78-9e21-084296016979/datanode-0/data/ratis/05de8610-ef8e-43ec-b774-08dca1f21008/current/log_inprogress_0
2019-11-18 11:26:51,315 [67063eba-d0cd-4c00-aa34-c87f51e61a60@group-08DCA1F21008-SegmentedRaftLogWorker] INFO  segmented.SegmentedRaftLogWorker (SegmentedRaftLogWorker.java:execute(576)) - 67063eba-d0cd-4c00-aa34-c87f51e61a60@group-08DCA1F21008-SegmentedRaftLogWorker: created new log segment /workdir/hadoop-ozone/integration-test/target/test-dir/MiniOzoneClusterImpl-c13bc5a2-e6f5-4c78-9e21-084296016979/datanode-2/data/ratis/05de8610-ef8e-43ec-b774-08dca1f21008/current/log_inprogress_0
2019-11-18 11:26:51,315 [b14c1e87-4020-4c6d-bcb6-f7f922273c3e@group-E42B2BB1EFCC-SegmentedRaftLogWorker] INFO  segmented.SegmentedRaftLogWorker (SegmentedRaftLogWorker.java:execute(576)) - b14c1e87-4020-4c6d-bcb6-f7f922273c3e@group-E42B2BB1EFCC-SegmentedRaftLogWorker: created new log segment /workdir/hadoop-ozone/integration-test/target/test-dir/MiniOzoneClusterImpl-c13bc5a2-e6f5-4c78-9e21-084296016979/datanode-1/data/ratis/828afe1e-12a8-4d85-b52a-e42b2bb1efcc/current/log_inprogress_0
2019-11-18 11:26:51,374 [Thread-235] INFO  impl.FollowerState (FollowerState.java:run(111)) - 67063eba-d0cd-4c00-aa34-c87f51e61a60@group-1275937BDA79-FollowerState: change to CANDIDATE, lastRpcTime:5185ms, electionTimeout:5185ms
2019-11-18 11:26:51,374 [Thread-235] INFO  impl.RoleInfo (RoleInfo.java:shutdownFollowerState(121)) - 67063eba-d0cd-4c00-aa34-c87f51e61a60: shutdown FollowerState
2019-11-18 11:26:51,375 [Thread-235] INFO  impl.RaftServerImpl (RaftServerImpl.java:setRole(173)) - 67063eba-d0cd-4c00-aa34-c87f51e61a60@group-1275937BDA79: changes role from  FOLLOWER to CANDIDATE at term 0 for changeToCandidate
2019-11-18 11:26:51,375 [Thread-235] INFO  impl.RoleInfo (RoleInfo.java:updateAndGet(143)) - 67063eba-d0cd-4c00-aa34-c87f51e61a60: start LeaderElection
2019-11-18 11:26:51,391 [67063eba-d0cd-4c00-aa34-c87f51e61a60@group-1275937BDA79-LeaderElection4] INFO  impl.LeaderElection (LeaderElection.java:askForVotes(178)) - 67063eba-d0cd-4c00-aa34-c87f51e61a60@group-1275937BDA79-LeaderElection4: begin an election at term 1 for -1: [67063eba-d0cd-4c00-aa34-c87f51e61a60:192.168.164.220:39623], old=null
2019-11-18 11:26:51,391 [67063eba-d0cd-4c00-aa34-c87f51e61a60@group-1275937BDA79-LeaderElection4] INFO  impl.RoleInfo (RoleInfo.java:shutdownLeaderElection(134)) - 67063eba-d0cd-4c00-aa34-c87f51e61a60: shutdown LeaderElection
2019-11-18 11:26:51,392 [67063eba-d0cd-4c00-aa34-c87f51e61a60@group-1275937BDA79-LeaderElection4] INFO  impl.RaftServerImpl (RaftServerImpl.java:setRole(173)) - 67063eba-d0cd-4c00-aa34-c87f51e61a60@group-1275937BDA79: changes role from CANDIDATE to LEADER at term 1 for changeToLeader
2019-11-18 11:26:51,392 [67063eba-d0cd-4c00-aa34-c87f51e61a60@group-1275937BDA79-LeaderElection4] INFO  ratis.XceiverServerRatis (XceiverServerRatis.java:handleLeaderChangedNotification(697)) - Leader change notification received for group: group-1275937BDA79 with new leaderId: 67063eba-d0cd-4c00-aa34-c87f51e61a60
2019-11-18 11:26:51,392 [67063eba-d0cd-4c00-aa34-c87f51e61a60@group-1275937BDA79-LeaderElection4] INFO  impl.RaftServerImpl (ServerState.java:setLeader(255)) - 67063eba-d0cd-4c00-aa34-c87f51e61a60@group-1275937BDA79: change Leader from null to 67063eba-d0cd-4c00-aa34-c87f51e61a60 at term 1 for becomeLeader, leader elected after 5206ms
2019-11-18 11:26:51,392 [67063eba-d0cd-4c00-aa34-c87f51e61a60@group-1275937BDA79-LeaderElection4] INFO  server.RaftServerConfigKeys (ConfUtils.java:logGet(43)) - raft.server.staging.catchup.gap = 1000 (default)
2019-11-18 11:26:51,392 [67063eba-d0cd-4c00-aa34-c87f51e61a60@group-1275937BDA79-LeaderElection4] INFO  server.RaftServerConfigKeys (ConfUtils.java:logGet(43)) - raft.server.rpc.sleep.time = 25ms (default)
2019-11-18 11:26:51,392 [67063eba-d0cd-4c00-aa34-c87f51e61a60@group-1275937BDA79-LeaderElection4] INFO  server.RaftServerConfigKeys (ConfUtils.java:logGet(43)) - raft.server.write.element-limit = 4096 (default)
2019-11-18 11:26:51,393 [67063eba-d0cd-4c00-aa34-c87f51e61a60@group-1275937BDA79-LeaderElection4] INFO  server.RaftServerConfigKeys (ConfUtils.java:logGet(43)) - raft.server.watch.timeout = 10s (default)
2019-11-18 11:26:51,393 [67063eba-d0cd-4c00-aa34-c87f51e61a60@group-1275937BDA79-LeaderElection4] INFO  server.RaftServerConfigKeys (ConfUtils.java:logGet(43)) - raft.server.watch.timeout.denomination = 1s (default)
2019-11-18 11:26:51,393 [67063eba-d0cd-4c00-aa34-c87f51e61a60@group-1275937BDA79-LeaderElection4] INFO  server.RaftServerConfigKeys (ConfUtils.java:logGet(43)) - raft.server.watch.element-limit = 65536 (default)
2019-11-18 11:26:51,393 [67063eba-d0cd-4c00-aa34-c87f51e61a60@group-1275937BDA79-LeaderElection4] INFO  impl.RoleInfo (RoleInfo.java:updateAndGet(143)) - 67063eba-d0cd-4c00-aa34-c87f51e61a60: start LeaderState
2019-11-18 11:26:51,394 [67063eba-d0cd-4c00-aa34-c87f51e61a60@group-1275937BDA79-LeaderElection4] INFO  segmented.SegmentedRaftLogWorker (SegmentedRaftLogWorker.java:startLogSegment(385)) - 67063eba-d0cd-4c00-aa34-c87f51e61a60@group-1275937BDA79-SegmentedRaftLogWorker: Starting segment from index:0
2019-11-18 11:26:51,394 [EventQueue-PipelineReportForPipelineReportHandler] INFO  pipeline.PipelineStateManager (PipelineStateManager.java:openPipeline(134)) - Pipeline Pipeline[ Id: 40a95411-f7a1-4860-b9ac-1275937bda79, Nodes: 67063eba-d0cd-4c00-aa34-c87f51e61a60{ip: 192.168.164.220, host: pr-hdds-2372-2m6rk-3135575179, networkLocation: /default-rack, certSerialId: null}, Type:RATIS, Factor:ONE, State:OPEN] moved to OPEN state
2019-11-18 11:26:51,394 [67063eba-d0cd-4c00-aa34-c87f51e61a60@group-1275937BDA79-LeaderElection4] INFO  impl.RaftServerImpl (ServerState.java:setRaftConf(356)) - 67063eba-d0cd-4c00-aa34-c87f51e61a60@group-1275937BDA79: set configuration 0: [67063eba-d0cd-4c00-aa34-c87f51e61a60:192.168.164.220:39623], old=null at 0
2019-11-18 11:26:51,443 [67063eba-d0cd-4c00-aa34-c87f51e61a60@group-1275937BDA79-SegmentedRaftLogWorker] INFO  segmented.SegmentedRaftLogWorker (SegmentedRaftLogWorker.java:execute(576)) - 67063eba-d0cd-4c00-aa34-c87f51e61a60@group-1275937BDA79-SegmentedRaftLogWorker: created new log segment /workdir/hadoop-ozone/integration-test/target/test-dir/MiniOzoneClusterImpl-c13bc5a2-e6f5-4c78-9e21-084296016979/datanode-2/data/ratis/40a95411-f7a1-4860-b9ac-1275937bda79/current/log_inprogress_0
2019-11-18 11:26:51,785 [main] INFO  ozone.MiniOzoneClusterImpl (MiniOzoneClusterImpl.java:lambda$waitForClusterToBeReady$2(171)) - Cluster is ready. Got 3 of 3 DN Heartbeats.
2019-11-18 11:26:52,559 [main] INFO  rpc.RpcClient (RpcClient.java:createVolume(292)) - Creating Volume: testcontainerstatemachinefailures, with jenkins1000 as owner.
2019-11-18 11:26:52,609 [IPC Server handler 4 on 44161] INFO  volume.OMVolumeCreateRequest (OMVolumeCreateRequest.java:validateAndUpdateCache(193)) - created volume:testcontainerstatemachinefailures for user:jenkins1000
2019-11-18 11:26:52,645 [main] INFO  rpc.RpcClient (RpcClient.java:createBucket(431)) - Creating Bucket: testcontainerstatemachinefailures/testcontainerstatemachinefailures, with Versioning false and Storage Type set to DISK and Encryption set to false 
2019-11-18 11:26:52,797 [main] INFO  impl.MetricsSystemImpl (MetricsSystemImpl.java:init(158)) - XceiverClientMetrics metrics system started (again)
2019-11-18 11:26:53,292 [Datanode State Machine Thread - 0] INFO  statemachine.DatanodeStateMachine (DatanodeStateMachine.java:lambda$startDaemon$0(350)) - Ozone container server started.
2019-11-18 11:26:58,241 [main] INFO  ozoneimpl.OzoneContainer (OzoneContainer.java:stop(244)) - Attempting to stop container services.
2019-11-18 11:26:58,242 [main] INFO  impl.RaftServerProxy (RaftServerProxy.java:lambda$close$4(314)) - b14c1e87-4020-4c6d-bcb6-f7f922273c3e: close
2019-11-18 11:26:58,244 [main] INFO  impl.RaftServerImpl (RaftServerImpl.java:lambda$shutdown$3(250)) - b14c1e87-4020-4c6d-bcb6-f7f922273c3e@group-E42B2BB1EFCC: shutdown
2019-11-18 11:26:58,244 [ForkJoinPool.commonPool-worker-0] INFO  impl.RaftServerImpl (RaftServerImpl.java:lambda$shutdown$3(250)) - b14c1e87-4020-4c6d-bcb6-f7f922273c3e@group-08DCA1F21008: shutdown
2019-11-18 11:26:58,245 [main] INFO  util.JmxRegister (JmxRegister.java:unregister(73)) - Successfully un-registered JMX Bean with object name Ratis:service=RaftServer,group=group-E42B2BB1EFCC,id=b14c1e87-4020-4c6d-bcb6-f7f922273c3e
2019-11-18 11:26:58,245 [ForkJoinPool.commonPool-worker-0] INFO  util.JmxRegister (JmxRegister.java:unregister(73)) - Successfully un-registered JMX Bean with object name Ratis:service=RaftServer,group=group-08DCA1F21008,id=b14c1e87-4020-4c6d-bcb6-f7f922273c3e
2019-11-18 11:26:58,245 [main] INFO  impl.RoleInfo (RoleInfo.java:shutdownLeaderState(104)) - b14c1e87-4020-4c6d-bcb6-f7f922273c3e: shutdown LeaderState
2019-11-18 11:26:58,245 [ForkJoinPool.commonPool-worker-0] INFO  impl.RoleInfo (RoleInfo.java:shutdownFollowerState(121)) - b14c1e87-4020-4c6d-bcb6-f7f922273c3e: shutdown FollowerState
2019-11-18 11:26:58,246 [ForkJoinPool.commonPool-worker-0] INFO  impl.StateMachineUpdater (StateMachineUpdater.java:stopAndJoin(136)) - b14c1e87-4020-4c6d-bcb6-f7f922273c3e@group-08DCA1F21008-StateMachineUpdater: set stopIndex = 4
2019-11-18 11:26:58,248 [Thread-254] INFO  impl.FollowerState (FollowerState.java:run(120)) - b14c1e87-4020-4c6d-bcb6-f7f922273c3e@group-08DCA1F21008-FollowerState was interrupted: java.lang.InterruptedException: sleep interrupted
2019-11-18 11:26:58,248 [b14c1e87-4020-4c6d-bcb6-f7f922273c3e@group-08DCA1F21008-StateMachineUpdater] INFO  ratis.ContainerStateMachine (ContainerStateMachine.java:takeSnapshot(285)) - group-08DCA1F21008: Taking a snapshot at:(t:1, i:2) file /workdir/hadoop-ozone/integration-test/target/test-dir/MiniOzoneClusterImpl-c13bc5a2-e6f5-4c78-9e21-084296016979/datanode-1/data/ratis/05de8610-ef8e-43ec-b774-08dca1f21008/sm/snapshot.1_2
2019-11-18 11:26:58,248 [main] INFO  impl.PendingRequests (PendingRequests.java:sendNotLeaderResponses(206)) - b14c1e87-4020-4c6d-bcb6-f7f922273c3e@group-E42B2BB1EFCC-PendingRequests: sendNotLeaderResponses
2019-11-18 11:26:58,251 [main] INFO  impl.StateMachineUpdater (StateMachineUpdater.java:stopAndJoin(136)) - b14c1e87-4020-4c6d-bcb6-f7f922273c3e@group-E42B2BB1EFCC-StateMachineUpdater: set stopIndex = 0
2019-11-18 11:26:58,253 [main] INFO  impl.RaftServerImpl (ServerState.java:close(387)) - b14c1e87-4020-4c6d-bcb6-f7f922273c3e@group-E42B2BB1EFCC: closes. applyIndex: 0
2019-11-18 11:26:58,253 [b14c1e87-4020-4c6d-bcb6-f7f922273c3e@group-E42B2BB1EFCC-SegmentedRaftLogWorker] INFO  segmented.SegmentedRaftLogWorker (SegmentedRaftLogWorker.java:run(316)) - b14c1e87-4020-4c6d-bcb6-f7f922273c3e@group-E42B2BB1EFCC-SegmentedRaftLogWorker was interrupted, exiting. There are 0 tasks remaining in the queue.
2019-11-18 11:26:58,256 [main] INFO  segmented.SegmentedRaftLogWorker (SegmentedRaftLogWorker.java:close(224)) - b14c1e87-4020-4c6d-bcb6-f7f922273c3e@group-E42B2BB1EFCC-SegmentedRaftLogWorker close()
2019-11-18 11:26:58,352 [b14c1e87-4020-4c6d-bcb6-f7f922273c3e@group-08DCA1F21008-StateMachineUpdater] INFO  ratis.ContainerStateMachine (ContainerStateMachine.java:takeSnapshot(296)) - group-08DCA1F21008: Finished taking a snapshot at:(t:1, i:2) file:/workdir/hadoop-ozone/integration-test/target/test-dir/MiniOzoneClusterImpl-c13bc5a2-e6f5-4c78-9e21-084296016979/datanode-1/data/ratis/05de8610-ef8e-43ec-b774-08dca1f21008/sm/snapshot.1_2 time:106
2019-11-18 11:26:58,354 [b14c1e87-4020-4c6d-bcb6-f7f922273c3e@group-08DCA1F21008-StateMachineUpdater] INFO  impl.StateMachineUpdater (StateMachineUpdater.java:takeSnapshot(269)) - b14c1e87-4020-4c6d-bcb6-f7f922273c3e@group-08DCA1F21008-StateMachineUpdater: Took a snapshot at index 2
2019-11-18 11:26:58,354 [b14c1e87-4020-4c6d-bcb6-f7f922273c3e@group-08DCA1F21008-StateMachineUpdater] INFO  impl.StateMachineUpdater (StateMachineUpdater.java:lambda$new$0(84)) - b14c1e87-4020-4c6d-bcb6-f7f922273c3e@group-08DCA1F21008-StateMachineUpdater: snapshotIndex: updateIncreasingly -1 -> 2
2019-11-18 11:26:58,358 [b14c1e87-4020-4c6d-bcb6-f7f922273c3e@group-08DCA1F21008-StateMachineUpdater] INFO  ratis.ContainerStateMachine (ContainerStateMachine.java:takeSnapshot(285)) - group-08DCA1F21008: Taking a snapshot at:(t:1, i:2) file /workdir/hadoop-ozone/integration-test/target/test-dir/MiniOzoneClusterImpl-c13bc5a2-e6f5-4c78-9e21-084296016979/datanode-1/data/ratis/05de8610-ef8e-43ec-b774-08dca1f21008/sm/snapshot.1_2
2019-11-18 11:26:58,371 [b14c1e87-4020-4c6d-bcb6-f7f922273c3e@group-08DCA1F21008-StateMachineUpdater] INFO  ratis.ContainerStateMachine (ContainerStateMachine.java:takeSnapshot(296)) - group-08DCA1F21008: Finished taking a snapshot at:(t:1, i:2) file:/workdir/hadoop-ozone/integration-test/target/test-dir/MiniOzoneClusterImpl-c13bc5a2-e6f5-4c78-9e21-084296016979/datanode-1/data/ratis/05de8610-ef8e-43ec-b774-08dca1f21008/sm/snapshot.1_2 time:12
2019-11-18 11:26:58,371 [b14c1e87-4020-4c6d-bcb6-f7f922273c3e@group-08DCA1F21008-StateMachineUpdater] INFO  impl.StateMachineUpdater (StateMachineUpdater.java:takeSnapshot(269)) - b14c1e87-4020-4c6d-bcb6-f7f922273c3e@group-08DCA1F21008-StateMachineUpdater: Took a snapshot at index 2
2019-11-18 11:26:58,371 [b14c1e87-4020-4c6d-bcb6-f7f922273c3e@group-08DCA1F21008-StateMachineUpdater] INFO  impl.StateMachineUpdater (StateMachineUpdater.java:lambda$new$0(84)) - b14c1e87-4020-4c6d-bcb6-f7f922273c3e@group-08DCA1F21008-StateMachineUpdater: snapshotIndex: updateIncreasingly 2 -> 2
2019-11-18 11:26:58,371 [ForkJoinPool.commonPool-worker-0] INFO  impl.RaftServerImpl (ServerState.java:close(387)) - b14c1e87-4020-4c6d-bcb6-f7f922273c3e@group-08DCA1F21008: closes. applyIndex: 4
2019-11-18 11:26:58,372 [b14c1e87-4020-4c6d-bcb6-f7f922273c3e@group-08DCA1F21008-SegmentedRaftLogWorker] INFO  segmented.SegmentedRaftLogWorker (SegmentedRaftLogWorker.java:run(316)) - b14c1e87-4020-4c6d-bcb6-f7f922273c3e@group-08DCA1F21008-SegmentedRaftLogWorker was interrupted, exiting. There are 0 tasks remaining in the queue.
2019-11-18 11:26:58,374 [ForkJoinPool.commonPool-worker-0] INFO  segmented.SegmentedRaftLogWorker (SegmentedRaftLogWorker.java:close(224)) - b14c1e87-4020-4c6d-bcb6-f7f922273c3e@group-08DCA1F21008-SegmentedRaftLogWorker close()
2019-11-18 11:26:58,375 [main] INFO  server.GrpcService (GrpcService.java:closeImpl(164)) - b14c1e87-4020-4c6d-bcb6-f7f922273c3e: shutdown server with port 34558 now
2019-11-18 11:26:58,385 [main] INFO  server.GrpcService (GrpcService.java:closeImpl(172)) - b14c1e87-4020-4c6d-bcb6-f7f922273c3e: shutdown server with port 34558 successfully
2019-11-18 11:26:58,386 [grpc-default-executor-2] WARN  server.GrpcServerProtocolService (LogUtils.java:warn(134)) - b14c1e87-4020-4c6d-bcb6-f7f922273c3e: installSnapshot onError, lastRequest: 67063eba-d0cd-4c00-aa34-c87f51e61a60->b14c1e87-4020-4c6d-bcb6-f7f922273c3e#7-t1, previous=(t:1, i:4), leaderCommit=4, initializing? false, entries: <empty>: org.apache.ratis.thirdparty.io.grpc.StatusRuntimeException: CANCELLED: cancelled before receiving half close
2019-11-18 11:26:58,386 [grpc-default-executor-1] WARN  server.GrpcLogAppender (LogUtils.java:warn(134)) - 67063eba-d0cd-4c00-aa34-c87f51e61a60@group-08DCA1F21008->b14c1e87-4020-4c6d-bcb6-f7f922273c3e-AppendLogResponseHandler: Failed appendEntries: org.apache.ratis.thirdparty.io.grpc.StatusRuntimeException: CANCELLED: HTTP/2 error code: CANCEL
Received Rst Stream
2019-11-18 11:26:58,389 [refreshUsed-/workdir/hadoop-ozone/integration-test/target/test-dir/MiniOzoneClusterImpl-c13bc5a2-e6f5-4c78-9e21-084296016979/datanode-1/data/containers] WARN  fs.CachingGetSpaceUsed (CachingGetSpaceUsed.java:run(183)) - Thread Interrupted waiting to refresh disk information: sleep interrupted
2019-11-18 11:26:58,391 [grpc-default-executor-1] INFO  impl.FollowerInfo (FollowerInfo.java:lambda$new$0(51)) - 67063eba-d0cd-4c00-aa34-c87f51e61a60@group-08DCA1F21008->b14c1e87-4020-4c6d-bcb6-f7f922273c3e: nextIndex: updateUnconditionally 5 -> 4
2019-11-18 11:26:58,413 [main] INFO  utils.BackgroundService (BackgroundService.java:shutdown(151)) - Shutting down service BlockDeletingService
2019-11-18 11:26:58,418 [main] INFO  statemachine.DatanodeStateMachine (DatanodeStateMachine.java:stopDaemon(395)) - Ozone container server stopped.
2019-11-18 11:26:58,423 [main] INFO  handler.ContextHandler (ContextHandler.java:doStop(910)) - Stopped o.e.j.w.WebAppContext@14b789f6{/,null,UNAVAILABLE}{/hddsDatanode}
2019-11-18 11:26:58,430 [main] INFO  server.AbstractConnector (AbstractConnector.java:doStop(318)) - Stopped ServerConnector@6eb17ec8{HTTP/1.1,[http/1.1]}{0.0.0.0:0}
2019-11-18 11:26:58,431 [main] INFO  handler.ContextHandler (ContextHandler.java:doStop(910)) - Stopped o.e.j.s.ServletContextHandler@546e61d5{/static,jar:file:/home/user/.m2/repository/org/apache/hadoop/hadoop-hdds-container-service/0.5.0-SNAPSHOT/hadoop-hdds-container-service-0.5.0-SNAPSHOT.jar!/webapps/static,UNAVAILABLE}
2019-11-18 11:26:58,431 [main] INFO  handler.ContextHandler (ContextHandler.java:doStop(910)) - Stopped o.e.j.s.ServletContextHandler@5bc7e78e{/logs,file:///workdir/hadoop-ozone/integration-test/target/log,UNAVAILABLE}
2019-11-18 11:26:58,449 [grpc-default-executor-1] WARN  server.GrpcLogAppender (LogUtils.java:warn(134)) - 67063eba-d0cd-4c00-aa34-c87f51e61a60@group-08DCA1F21008->b14c1e87-4020-4c6d-bcb6-f7f922273c3e-AppendLogResponseHandler: Failed appendEntries: org.apache.ratis.thirdparty.io.grpc.StatusRuntimeException: UNAVAILABLE: io exception
2019-11-18 11:26:58,450 [grpc-default-executor-1] INFO  impl.FollowerInfo (FollowerInfo.java:lambda$new$0(51)) - 67063eba-d0cd-4c00-aa34-c87f51e61a60@group-08DCA1F21008->b14c1e87-4020-4c6d-bcb6-f7f922273c3e: nextIndex: updateUnconditionally 5 -> 4
2019-11-18 11:26:58,460 [grpc-default-executor-2] WARN  server.GrpcLogAppender (LogUtils.java:warn(134)) - 67063eba-d0cd-4c00-aa34-c87f51e61a60@group-08DCA1F21008->b14c1e87-4020-4c6d-bcb6-f7f922273c3e-AppendLogResponseHandler: Failed appendEntries: org.apache.ratis.thirdparty.io.grpc.StatusRuntimeException: UNAVAILABLE: io exception
2019-11-18 11:26:58,462 [grpc-default-executor-2] INFO  impl.FollowerInfo (FollowerInfo.java:lambda$new$0(51)) - 67063eba-d0cd-4c00-aa34-c87f51e61a60@group-08DCA1F21008->b14c1e87-4020-4c6d-bcb6-f7f922273c3e: nextIndex: updateUnconditionally 5 -> 4
2019-11-18 11:26:58,472 [grpc-default-executor-3] WARN  server.GrpcLogAppender (LogUtils.java:warn(134)) - 67063eba-d0cd-4c00-aa34-c87f51e61a60@group-08DCA1F21008->b14c1e87-4020-4c6d-bcb6-f7f922273c3e-AppendLogResponseHandler: Failed appendEntries: org.apache.ratis.thirdparty.io.grpc.StatusRuntimeException: UNAVAILABLE: io exception
2019-11-18 11:26:58,474 [grpc-default-executor-3] INFO  impl.FollowerInfo (FollowerInfo.java:lambda$new$0(51)) - 67063eba-d0cd-4c00-aa34-c87f51e61a60@group-08DCA1F21008->b14c1e87-4020-4c6d-bcb6-f7f922273c3e: nextIndex: updateUnconditionally 5 -> 4
2019-11-18 11:27:00,982 [grpc-default-executor-0] WARN  server.GrpcLogAppender (LogUtils.java:warn(134)) - 67063eba-d0cd-4c00-aa34-c87f51e61a60@group-08DCA1F21008->b14c1e87-4020-4c6d-bcb6-f7f922273c3e-AppendLogResponseHandler: Failed appendEntries: org.apache.ratis.thirdparty.io.grpc.StatusRuntimeException: UNAVAILABLE: io exception
2019-11-18 11:27:00,984 [grpc-default-executor-0] INFO  impl.FollowerInfo (FollowerInfo.java:lambda$new$0(51)) - 67063eba-d0cd-4c00-aa34-c87f51e61a60@group-08DCA1F21008->b14c1e87-4020-4c6d-bcb6-f7f922273c3e: nextIndex: updateUnconditionally 4 -> 3
2019-11-18 11:27:03,486 [grpc-default-executor-2] WARN  server.GrpcLogAppender (LogUtils.java:warn(134)) - 67063eba-d0cd-4c00-aa34-c87f51e61a60@group-08DCA1F21008->b14c1e87-4020-4c6d-bcb6-f7f922273c3e-AppendLogResponseHandler: Failed appendEntries: org.apache.ratis.thirdparty.io.grpc.StatusRuntimeException: UNAVAILABLE: io exception
2019-11-18 11:27:03,488 [grpc-default-executor-2] INFO  impl.FollowerInfo (FollowerInfo.java:lambda$new$0(51)) - 67063eba-d0cd-4c00-aa34-c87f51e61a60@group-08DCA1F21008->b14c1e87-4020-4c6d-bcb6-f7f922273c3e: nextIndex: updateUnconditionally 3 -> 2
2019-11-18 11:27:05,987 [grpc-default-executor-0] WARN  server.GrpcLogAppender (LogUtils.java:warn(134)) - 67063eba-d0cd-4c00-aa34-c87f51e61a60@group-08DCA1F21008->b14c1e87-4020-4c6d-bcb6-f7f922273c3e-AppendLogResponseHandler: Failed appendEntries: org.apache.ratis.thirdparty.io.grpc.StatusRuntimeException: UNAVAILABLE: io exception
2019-11-18 11:27:05,989 [grpc-default-executor-0] INFO  impl.FollowerInfo (FollowerInfo.java:lambda$new$0(51)) - 67063eba-d0cd-4c00-aa34-c87f51e61a60@group-08DCA1F21008->b14c1e87-4020-4c6d-bcb6-f7f922273c3e: nextIndex: updateUnconditionally 2 -> 1
2019-11-18 11:27:07,489 [Thread-301] INFO  client.GrpcClientProtocolService (GrpcClientProtocolService.java:lambda$processClientRequest$0(279)) - Failed RaftClientRequest:client-E41A5C59983E->c9b88515-1c59-4f59-a2e2-ec16c09fdaea@group-08DCA1F21008, cid=23, seq=0, Watch-ALL_COMMITTED(6), Message:<EMPTY>, reply=RaftClientReply:client-E41A5C59983E->c9b88515-1c59-4f59-a2e2-ec16c09fdaea@group-08DCA1F21008, cid=23, FAILED org.apache.ratis.protocol.NotLeaderException: Server c9b88515-1c59-4f59-a2e2-ec16c09fdaea@group-08DCA1F21008 is not the leader 67063eba-d0cd-4c00-aa34-c87f51e61a60:192.168.164.220:39623, logIndex=0, commits[c9b88515-1c59-4f59-a2e2-ec16c09fdaea:c8, 67063eba-d0cd-4c00-aa34-c87f51e61a60:c8, b14c1e87-4020-4c6d-bcb6-f7f922273c3e:c4]
2019-11-18 11:27:08,489 [grpc-default-executor-2] WARN  server.GrpcLogAppender (LogUtils.java:warn(134)) - 67063eba-d0cd-4c00-aa34-c87f51e61a60@group-08DCA1F21008->b14c1e87-4020-4c6d-bcb6-f7f922273c3e-AppendLogResponseHandler: Failed appendEntries: org.apache.ratis.thirdparty.io.grpc.StatusRuntimeException: UNAVAILABLE: io exception
2019-11-18 11:27:08,491 [grpc-default-executor-2] INFO  impl.FollowerInfo (FollowerInfo.java:lambda$new$0(51)) - 67063eba-d0cd-4c00-aa34-c87f51e61a60@group-08DCA1F21008->b14c1e87-4020-4c6d-bcb6-f7f922273c3e: nextIndex: updateUnconditionally 1 -> 0
2019-11-18 11:27:08,686 [Thread-305] INFO  client.GrpcClientProtocolService (GrpcClientProtocolService.java:lambda$processClientRequest$0(279)) - Failed RaftClientRequest:client-E41A5C59983E->67063eba-d0cd-4c00-aa34-c87f51e61a60@group-08DCA1F21008, cid=23, seq=0, Watch-ALL_COMMITTED(6), Message:<EMPTY>, reply=RaftClientReply:client-E41A5C59983E->67063eba-d0cd-4c00-aa34-c87f51e61a60@group-08DCA1F21008, cid=23, FAILED org.apache.ratis.protocol.NotReplicatedException: Request with call Id 23 and log index 6 is not yet replicated to ALL_COMMITTED, logIndex=6, commits[67063eba-d0cd-4c00-aa34-c87f51e61a60:c8, c9b88515-1c59-4f59-a2e2-ec16c09fdaea:c8, b14c1e87-4020-4c6d-bcb6-f7f922273c3e:c4]
2019-11-18 11:27:10,992 [grpc-default-executor-3] WARN  server.GrpcLogAppender (LogUtils.java:warn(134)) - 67063eba-d0cd-4c00-aa34-c87f51e61a60@group-08DCA1F21008->b14c1e87-4020-4c6d-bcb6-f7f922273c3e-AppendLogResponseHandler: Failed appendEntries: org.apache.ratis.thirdparty.io.grpc.StatusRuntimeException: UNAVAILABLE: io exception
2019-11-18 11:27:10,993 [grpc-default-executor-3] INFO  impl.FollowerInfo (FollowerInfo.java:lambda$new$0(51)) - 67063eba-d0cd-4c00-aa34-c87f51e61a60@group-08DCA1F21008->b14c1e87-4020-4c6d-bcb6-f7f922273c3e: nextIndex: updateUnconditionally 0 -> 0
2019-11-18 11:27:13,502 [grpc-default-executor-3] WARN  server.GrpcLogAppender (LogUtils.java:warn(134)) - 67063eba-d0cd-4c00-aa34-c87f51e61a60@group-08DCA1F21008->b14c1e87-4020-4c6d-bcb6-f7f922273c3e-AppendLogResponseHandler: Failed appendEntries: org.apache.ratis.thirdparty.io.grpc.StatusRuntimeException: UNAVAILABLE: io exception
2019-11-18 11:27:13,505 [grpc-default-executor-3] INFO  impl.FollowerInfo (FollowerInfo.java:lambda$new$0(51)) - 67063eba-d0cd-4c00-aa34-c87f51e61a60@group-08DCA1F21008->b14c1e87-4020-4c6d-bcb6-f7f922273c3e: nextIndex: updateUnconditionally 0 -> 0
2019-11-18 11:27:16,006 [grpc-default-executor-3] WARN  server.GrpcLogAppender (LogUtils.java:warn(134)) - 67063eba-d0cd-4c00-aa34-c87f51e61a60@group-08DCA1F21008->b14c1e87-4020-4c6d-bcb6-f7f922273c3e-AppendLogResponseHandler: Failed appendEntries: org.apache.ratis.thirdparty.io.grpc.StatusRuntimeException: UNAVAILABLE: io exception
2019-11-18 11:27:16,008 [grpc-default-executor-3] INFO  impl.FollowerInfo (FollowerInfo.java:lambda$new$0(51)) - 67063eba-d0cd-4c00-aa34-c87f51e61a60@group-08DCA1F21008->b14c1e87-4020-4c6d-bcb6-f7f922273c3e: nextIndex: updateUnconditionally 0 -> 0
2019-11-18 11:27:17,524 [Thread-313] INFO  client.GrpcClientProtocolService (GrpcClientProtocolService.java:lambda$processClientRequest$0(279)) - Failed RaftClientRequest:client-E41A5C59983E->c9b88515-1c59-4f59-a2e2-ec16c09fdaea@group-08DCA1F21008, cid=23, seq=0, Watch-ALL_COMMITTED(6), Message:<EMPTY>, reply=RaftClientReply:client-E41A5C59983E->c9b88515-1c59-4f59-a2e2-ec16c09fdaea@group-08DCA1F21008, cid=23, FAILED org.apache.ratis.protocol.NotLeaderException: Server c9b88515-1c59-4f59-a2e2-ec16c09fdaea@group-08DCA1F21008 is not the leader 67063eba-d0cd-4c00-aa34-c87f51e61a60:192.168.164.220:39623, logIndex=0, commits[c9b88515-1c59-4f59-a2e2-ec16c09fdaea:c8, 67063eba-d0cd-4c00-aa34-c87f51e61a60:c8, b14c1e87-4020-4c6d-bcb6-f7f922273c3e:c4]
2019-11-18 11:27:17,684 [Thread-316] INFO  client.GrpcClientProtocolService (GrpcClientProtocolService.java:lambda$processClientRequest$0(279)) - Failed RaftClientRequest:client-E41A5C59983E->67063eba-d0cd-4c00-aa34-c87f51e61a60@group-08DCA1F21008, cid=23, seq=0, Watch-ALL_COMMITTED(6), Message:<EMPTY>, reply=RaftClientReply:client-E41A5C59983E->67063eba-d0cd-4c00-aa34-c87f51e61a60@group-08DCA1F21008, cid=23, FAILED org.apache.ratis.protocol.NotReplicatedException: Request with call Id 23 and log index 6 is not yet replicated to ALL_COMMITTED, logIndex=6, commits[67063eba-d0cd-4c00-aa34-c87f51e61a60:c8, c9b88515-1c59-4f59-a2e2-ec16c09fdaea:c8, b14c1e87-4020-4c6d-bcb6-f7f922273c3e:c4]
2019-11-18 11:27:18,508 [grpc-default-executor-2] WARN  server.GrpcLogAppender (LogUtils.java:warn(134)) - 67063eba-d0cd-4c00-aa34-c87f51e61a60@group-08DCA1F21008->b14c1e87-4020-4c6d-bcb6-f7f922273c3e-AppendLogResponseHandler: Failed appendEntries: org.apache.ratis.thirdparty.io.grpc.StatusRuntimeException: UNAVAILABLE: io exception
2019-11-18 11:27:18,510 [grpc-default-executor-2] INFO  impl.FollowerInfo (FollowerInfo.java:lambda$new$0(51)) - 67063eba-d0cd-4c00-aa34-c87f51e61a60@group-08DCA1F21008->b14c1e87-4020-4c6d-bcb6-f7f922273c3e: nextIndex: updateUnconditionally 0 -> 0
2019-11-18 11:27:21,015 [grpc-default-executor-2] WARN  server.GrpcLogAppender (LogUtils.java:warn(134)) - 67063eba-d0cd-4c00-aa34-c87f51e61a60@group-08DCA1F21008->b14c1e87-4020-4c6d-bcb6-f7f922273c3e-AppendLogResponseHandler: Failed appendEntries: org.apache.ratis.thirdparty.io.grpc.StatusRuntimeException: UNAVAILABLE: io exception
2019-11-18 11:27:21,021 [grpc-default-executor-2] INFO  impl.FollowerInfo (FollowerInfo.java:lambda$new$0(51)) - 67063eba-d0cd-4c00-aa34-c87f51e61a60@group-08DCA1F21008->b14c1e87-4020-4c6d-bcb6-f7f922273c3e: nextIndex: updateUnconditionally 0 -> 0
2019-11-18 11:27:23,521 [grpc-default-executor-2] WARN  server.GrpcLogAppender (LogUtils.java:warn(134)) - 67063eba-d0cd-4c00-aa34-c87f51e61a60@group-08DCA1F21008->b14c1e87-4020-4c6d-bcb6-f7f922273c3e-AppendLogResponseHandler: Failed appendEntries: org.apache.ratis.thirdparty.io.grpc.StatusRuntimeException: UNAVAILABLE: io exception
2019-11-18 11:27:23,523 [grpc-default-executor-2] INFO  impl.FollowerInfo (FollowerInfo.java:lambda$new$0(51)) - 67063eba-d0cd-4c00-aa34-c87f51e61a60@group-08DCA1F21008->b14c1e87-4020-4c6d-bcb6-f7f922273c3e: nextIndex: updateUnconditionally 0 -> 0
2019-11-18 11:27:26,026 [grpc-default-executor-3] WARN  server.GrpcLogAppender (LogUtils.java:warn(134)) - 67063eba-d0cd-4c00-aa34-c87f51e61a60@group-08DCA1F21008->b14c1e87-4020-4c6d-bcb6-f7f922273c3e-AppendLogResponseHandler: Failed appendEntries: org.apache.ratis.thirdparty.io.grpc.StatusRuntimeException: UNAVAILABLE: io exception
2019-11-18 11:27:26,029 [grpc-default-executor-3] INFO  impl.FollowerInfo (FollowerInfo.java:lambda$new$0(51)) - 67063eba-d0cd-4c00-aa34-c87f51e61a60@group-08DCA1F21008->b14c1e87-4020-4c6d-bcb6-f7f922273c3e: nextIndex: updateUnconditionally 0 -> 0
2019-11-18 11:27:27,557 [Thread-325] INFO  client.GrpcClientProtocolService (GrpcClientProtocolService.java:lambda$processClientRequest$0(279)) - Failed RaftClientRequest:client-E41A5C59983E->c9b88515-1c59-4f59-a2e2-ec16c09fdaea@group-08DCA1F21008, cid=23, seq=0, Watch-ALL_COMMITTED(6), Message:<EMPTY>, reply=RaftClientReply:client-E41A5C59983E->c9b88515-1c59-4f59-a2e2-ec16c09fdaea@group-08DCA1F21008, cid=23, FAILED org.apache.ratis.protocol.NotLeaderException: Server c9b88515-1c59-4f59-a2e2-ec16c09fdaea@group-08DCA1F21008 is not the leader 67063eba-d0cd-4c00-aa34-c87f51e61a60:192.168.164.220:39623, logIndex=0, commits[c9b88515-1c59-4f59-a2e2-ec16c09fdaea:c8, 67063eba-d0cd-4c00-aa34-c87f51e61a60:c8, b14c1e87-4020-4c6d-bcb6-f7f922273c3e:c4]
2019-11-18 11:27:27,682 [Thread-328] INFO  client.GrpcClientProtocolService (GrpcClientProtocolService.java:lambda$processClientRequest$0(279)) - Failed RaftClientRequest:client-E41A5C59983E->67063eba-d0cd-4c00-aa34-c87f51e61a60@group-08DCA1F21008, cid=23, seq=0, Watch-ALL_COMMITTED(6), Message:<EMPTY>, reply=RaftClientReply:client-E41A5C59983E->67063eba-d0cd-4c00-aa34-c87f51e61a60@group-08DCA1F21008, cid=23, FAILED org.apache.ratis.protocol.NotReplicatedException: Request with call Id 23 and log index 6 is not yet replicated to ALL_COMMITTED, logIndex=6, commits[67063eba-d0cd-4c00-aa34-c87f51e61a60:c8, c9b88515-1c59-4f59-a2e2-ec16c09fdaea:c8, b14c1e87-4020-4c6d-bcb6-f7f922273c3e:c4]
2019-11-18 11:27:28,475 [main] WARN  scm.XceiverClientRatis (XceiverClientRatis.java:watchForCommit(277)) - 3 way commit failed on pipeline Pipeline[ Id: 05de8610-ef8e-43ec-b774-08dca1f21008, Nodes: b14c1e87-4020-4c6d-bcb6-f7f922273c3e{ip: 192.168.164.220, host: pr-hdds-2372-2m6rk-3135575179, networkLocation: /default-rack, certSerialId: null}c9b88515-1c59-4f59-a2e2-ec16c09fdaea{ip: 192.168.164.220, host: pr-hdds-2372-2m6rk-3135575179, networkLocation: /default-rack, certSerialId: null}67063eba-d0cd-4c00-aa34-c87f51e61a60{ip: 192.168.164.220, host: pr-hdds-2372-2m6rk-3135575179, networkLocation: /default-rack, certSerialId: null}, Type:RATIS, Factor:THREE, State:OPEN]
java.util.concurrent.TimeoutException
	at java.util.concurrent.CompletableFuture.timedGet(CompletableFuture.java:1771)
	at java.util.concurrent.CompletableFuture.get(CompletableFuture.java:1915)
	at org.apache.hadoop.hdds.scm.XceiverClientRatis.watchForCommit(XceiverClientRatis.java:274)
	at org.apache.hadoop.hdds.scm.storage.CommitWatcher.watchForCommit(CommitWatcher.java:198)
	at org.apache.hadoop.hdds.scm.storage.CommitWatcher.watchOnLastIndex(CommitWatcher.java:161)
	at org.apache.hadoop.hdds.scm.storage.BlockOutputStream.watchForCommit(BlockOutputStream.java:346)
	at org.apache.hadoop.hdds.scm.storage.BlockOutputStream.handleFlush(BlockOutputStream.java:482)
	at org.apache.hadoop.hdds.scm.storage.BlockOutputStream.close(BlockOutputStream.java:496)
	at org.apache.hadoop.ozone.client.io.BlockOutputStreamEntry.close(BlockOutputStreamEntry.java:143)
	at org.apache.hadoop.ozone.client.io.KeyOutputStream.handleFlushOrClose(KeyOutputStream.java:435)
	at org.apache.hadoop.ozone.client.io.KeyOutputStream.close(KeyOutputStream.java:473)
	at org.apache.hadoop.ozone.client.io.OzoneOutputStream.close(OzoneOutputStream.java:60)
	at org.apache.hadoop.ozone.client.rpc.TestDeleteWithSlowFollower.testDeleteKeyWithSlowFollower(TestDeleteWithSlowFollower.java:193)
	at sun.reflect.NativeMethodAccessorImpl.invoke0(Native Method)
	at sun.reflect.NativeMethodAccessorImpl.invoke(NativeMethodAccessorImpl.java:62)
	at sun.reflect.DelegatingMethodAccessorImpl.invoke(DelegatingMethodAccessorImpl.java:43)
	at java.lang.reflect.Method.invoke(Method.java:498)
	at org.junit.runners.model.FrameworkMethod$1.runReflectiveCall(FrameworkMethod.java:47)
	at org.junit.internal.runners.model.ReflectiveCallable.run(ReflectiveCallable.java:12)
	at org.junit.runners.model.FrameworkMethod.invokeExplosively(FrameworkMethod.java:44)
	at org.junit.internal.runners.statements.InvokeMethod.evaluate(InvokeMethod.java:17)
	at org.junit.runners.ParentRunner.runLeaf(ParentRunner.java:271)
	at org.junit.runners.BlockJUnit4ClassRunner.runChild(BlockJUnit4ClassRunner.java:70)
	at org.junit.runners.BlockJUnit4ClassRunner.runChild(BlockJUnit4ClassRunner.java:50)
	at org.junit.runners.ParentRunner$3.run(ParentRunner.java:238)
	at org.junit.runners.ParentRunner$1.schedule(ParentRunner.java:63)
	at org.junit.runners.ParentRunner.runChildren(ParentRunner.java:236)
	at org.junit.runners.ParentRunner.access$000(ParentRunner.java:53)
	at org.junit.runners.ParentRunner$2.evaluate(ParentRunner.java:229)
	at org.junit.internal.runners.statements.RunBefores.evaluate(RunBefores.java:26)
	at org.junit.internal.runners.statements.RunAfters.evaluate(RunAfters.java:27)
	at org.junit.runners.ParentRunner.run(ParentRunner.java:309)
	at org.apache.maven.surefire.junit4.JUnit4Provider.execute(JUnit4Provider.java:365)
	at org.apache.maven.surefire.junit4.JUnit4Provider.executeWithRerun(JUnit4Provider.java:273)
	at org.apache.maven.surefire.junit4.JUnit4Provider.executeTestSet(JUnit4Provider.java:238)
	at org.apache.maven.surefire.junit4.JUnit4Provider.invoke(JUnit4Provider.java:159)
	at org.apache.maven.surefire.booter.ForkedBooter.invokeProviderInSameClassLoader(ForkedBooter.java:384)
	at org.apache.maven.surefire.booter.ForkedBooter.runSuitesInProcess(ForkedBooter.java:345)
	at org.apache.maven.surefire.booter.ForkedBooter.execute(ForkedBooter.java:126)
	at org.apache.maven.surefire.booter.ForkedBooter.main(ForkedBooter.java:418)
2019-11-18 11:27:28,490 [main] INFO  scm.XceiverClientRatis (XceiverClientRatis.java:lambda$watchForCommit$5(295)) - Could not commit index 6 on pipeline Pipeline[ Id: 05de8610-ef8e-43ec-b774-08dca1f21008, Nodes: b14c1e87-4020-4c6d-bcb6-f7f922273c3e{ip: 192.168.164.220, host: pr-hdds-2372-2m6rk-3135575179, networkLocation: /default-rack, certSerialId: null}c9b88515-1c59-4f59-a2e2-ec16c09fdaea{ip: 192.168.164.220, host: pr-hdds-2372-2m6rk-3135575179, networkLocation: /default-rack, certSerialId: null}67063eba-d0cd-4c00-aa34-c87f51e61a60{ip: 192.168.164.220, host: pr-hdds-2372-2m6rk-3135575179, networkLocation: /default-rack, certSerialId: null}, Type:RATIS, Factor:THREE, State:OPEN] to all the nodes. Server b14c1e87-4020-4c6d-bcb6-f7f922273c3e has failed. Committed by majority.
2019-11-18 11:27:28,491 [main] WARN  storage.BlockOutputStream (BlockOutputStream.java:watchForCommit(352)) - Failed to commit BlockId conID: 1 locID: 103158671783624704 bcsId: 6 on Pipeline[ Id: 05de8610-ef8e-43ec-b774-08dca1f21008, Nodes: b14c1e87-4020-4c6d-bcb6-f7f922273c3e{ip: 192.168.164.220, host: pr-hdds-2372-2m6rk-3135575179, networkLocation: /default-rack, certSerialId: null}c9b88515-1c59-4f59-a2e2-ec16c09fdaea{ip: 192.168.164.220, host: pr-hdds-2372-2m6rk-3135575179, networkLocation: /default-rack, certSerialId: null}67063eba-d0cd-4c00-aa34-c87f51e61a60{ip: 192.168.164.220, host: pr-hdds-2372-2m6rk-3135575179, networkLocation: /default-rack, certSerialId: null}, Type:RATIS, Factor:THREE, State:OPEN]. Failed nodes: [b14c1e87-4020-4c6d-bcb6-f7f922273c3e{ip: null, host: null, networkLocation: /default-rack, certSerialId: null}]
2019-11-18 11:27:28,526 [grpc-default-executor-2] WARN  server.GrpcLogAppender (LogUtils.java:warn(134)) - 67063eba-d0cd-4c00-aa34-c87f51e61a60@group-08DCA1F21008->b14c1e87-4020-4c6d-bcb6-f7f922273c3e-AppendLogResponseHandler: Failed appendEntries: org.apache.ratis.thirdparty.io.grpc.StatusRuntimeException: UNAVAILABLE: io exception
2019-11-18 11:27:28,528 [grpc-default-executor-2] INFO  impl.FollowerInfo (FollowerInfo.java:lambda$new$0(51)) - 67063eba-d0cd-4c00-aa34-c87f51e61a60@group-08DCA1F21008->b14c1e87-4020-4c6d-bcb6-f7f922273c3e: nextIndex: updateUnconditionally 0 -> 0
2019-11-18 11:27:29,559 [grpc-default-executor-0] WARN  server.GrpcLogAppender (LogUtils.java:warn(134)) - 67063eba-d0cd-4c00-aa34-c87f51e61a60@group-08DCA1F21008->b14c1e87-4020-4c6d-bcb6-f7f922273c3e-AppendLogResponseHandler: Failed appendEntries: org.apache.ratis.thirdparty.io.grpc.StatusRuntimeException: UNAVAILABLE: io exception
2019-11-18 11:27:29,561 [grpc-default-executor-0] INFO  impl.FollowerInfo (FollowerInfo.java:lambda$new$0(51)) - 67063eba-d0cd-4c00-aa34-c87f51e61a60@group-08DCA1F21008->b14c1e87-4020-4c6d-bcb6-f7f922273c3e: nextIndex: updateUnconditionally 1 -> 0
2019-11-18 11:27:29,579 [grpc-default-executor-3] WARN  server.GrpcLogAppender (LogUtils.java:warn(134)) - 67063eba-d0cd-4c00-aa34-c87f51e61a60@group-08DCA1F21008->b14c1e87-4020-4c6d-bcb6-f7f922273c3e-AppendLogResponseHandler: Failed appendEntries: org.apache.ratis.thirdparty.io.grpc.StatusRuntimeException: UNAVAILABLE: io exception
2019-11-18 11:27:29,581 [grpc-default-executor-3] INFO  impl.FollowerInfo (FollowerInfo.java:lambda$new$0(51)) - 67063eba-d0cd-4c00-aa34-c87f51e61a60@group-08DCA1F21008->b14c1e87-4020-4c6d-bcb6-f7f922273c3e: nextIndex: updateUnconditionally 1 -> 0
2019-11-18 11:27:29,587 [grpc-default-executor-3] WARN  server.GrpcLogAppender (LogUtils.java:warn(134)) - 67063eba-d0cd-4c00-aa34-c87f51e61a60@group-08DCA1F21008->b14c1e87-4020-4c6d-bcb6-f7f922273c3e-AppendLogResponseHandler: Failed appendEntries: org.apache.ratis.thirdparty.io.grpc.StatusRuntimeException: UNAVAILABLE: io exception
2019-11-18 11:27:29,588 [grpc-default-executor-3] INFO  impl.FollowerInfo (FollowerInfo.java:lambda$new$0(51)) - 67063eba-d0cd-4c00-aa34-c87f51e61a60@group-08DCA1F21008->b14c1e87-4020-4c6d-bcb6-f7f922273c3e: nextIndex: updateUnconditionally 1 -> 0
2019-11-18 11:27:29,599 [EventQueue-IncrementalContainerReportForIncrementalContainerReportHandler] WARN  container.IncrementalContainerReportHandler (AbstractContainerReportHandler.java:updateContainerState(145)) - Container #1 is in OPEN state, but the datanode 67063eba-d0cd-4c00-aa34-c87f51e61a60{ip: 192.168.164.220, host: pr-hdds-2372-2m6rk-3135575179, networkLocation: /default-rack, certSerialId: null} reports an CLOSING replica.
2019-11-18 11:27:29,600 [EventQueue-IncrementalContainerReportForIncrementalContainerReportHandler] WARN  container.IncrementalContainerReportHandler (AbstractContainerReportHandler.java:updateContainerState(145)) - Container #1 is in OPEN state, but the datanode c9b88515-1c59-4f59-a2e2-ec16c09fdaea{ip: 192.168.164.220, host: pr-hdds-2372-2m6rk-3135575179, networkLocation: /default-rack, certSerialId: null} reports an CLOSING replica.
2019-11-18 11:27:29,608 [RatisApplyTransactionExecutor 1] INFO  interfaces.Container (KeyValueContainer.java:flushAndSyncDB(400)) - Container 1 is synced with bcsId 6.
2019-11-18 11:27:29,608 [RatisApplyTransactionExecutor 1] INFO  interfaces.Container (KeyValueContainer.java:flushAndSyncDB(400)) - Container 1 is synced with bcsId 6.
2019-11-18 11:27:29,609 [RatisApplyTransactionExecutor 1] INFO  interfaces.Container (KeyValueContainer.java:flushAndSyncDB(400)) - Container 1 is synced with bcsId 6.
2019-11-18 11:27:29,609 [RatisApplyTransactionExecutor 1] INFO  interfaces.Container (KeyValueContainer.java:flushAndSyncDB(400)) - Container 1 is synced with bcsId 6.
2019-11-18 11:27:29,625 [RatisApplyTransactionExecutor 1] INFO  interfaces.Container (KeyValueContainer.java:close(338)) - Container 1 is closed with bcsId 6.
2019-11-18 11:27:29,625 [RatisApplyTransactionExecutor 1] INFO  interfaces.Container (KeyValueContainer.java:close(338)) - Container 1 is closed with bcsId 6.
2019-11-18 11:27:29,626 [EventQueue-IncrementalContainerReportForIncrementalContainerReportHandler] WARN  container.IncrementalContainerReportHandler (AbstractContainerReportHandler.java:updateContainerState(145)) - Container #1 is in OPEN state, but the datanode 67063eba-d0cd-4c00-aa34-c87f51e61a60{ip: 192.168.164.220, host: pr-hdds-2372-2m6rk-3135575179, networkLocation: /default-rack, certSerialId: null} reports an CLOSED replica.
2019-11-18 11:27:29,627 [EventQueue-ContainerReportForContainerReportHandler] WARN  container.ContainerReportHandler (AbstractContainerReportHandler.java:updateContainerState(145)) - Container #1 is in OPEN state, but the datanode 67063eba-d0cd-4c00-aa34-c87f51e61a60{ip: 192.168.164.220, host: pr-hdds-2372-2m6rk-3135575179, networkLocation: /default-rack, certSerialId: null} reports an CLOSING replica.
2019-11-18 11:27:29,627 [EventQueue-IncrementalContainerReportForIncrementalContainerReportHandler] WARN  container.IncrementalContainerReportHandler (AbstractContainerReportHandler.java:updateContainerState(145)) - Container #1 is in OPEN state, but the datanode c9b88515-1c59-4f59-a2e2-ec16c09fdaea{ip: 192.168.164.220, host: pr-hdds-2372-2m6rk-3135575179, networkLocation: /default-rack, certSerialId: null} reports an CLOSED replica.
2019-11-18 11:27:29,628 [EventQueue-ContainerReportForContainerReportHandler] WARN  container.ContainerReportHandler (AbstractContainerReportHandler.java:updateContainerState(145)) - Container #1 is in OPEN state, but the datanode c9b88515-1c59-4f59-a2e2-ec16c09fdaea{ip: 192.168.164.220, host: pr-hdds-2372-2m6rk-3135575179, networkLocation: /default-rack, certSerialId: null} reports an CLOSED replica.
2019-11-18 11:27:29,874 [IPC Server handler 8 on 44746] INFO  server.SCMBlockProtocolServer (SCMBlockProtocolServer.java:deleteKeyBlocks(217)) - SCM is informed by OM to delete 1 blocks
2019-11-18 11:27:29,874 [IPC Server handler 8 on 44746] INFO  block.BlockManagerImpl (BlockManagerImpl.java:deleteBlocks(285)) - Deleting blocks conID: 1 locID: 103158671783624704 bcsId: 0
2019-11-18 11:27:29,927 [EventQueue-ContainerReportForContainerReportHandler] WARN  container.ContainerReportHandler (AbstractContainerReportHandler.java:updateContainerState(145)) - Container #1 is in OPEN state, but the datanode c9b88515-1c59-4f59-a2e2-ec16c09fdaea{ip: 192.168.164.220, host: pr-hdds-2372-2m6rk-3135575179, networkLocation: /default-rack, certSerialId: null} reports an CLOSED replica.
2019-11-18 11:27:29,928 [EventQueue-ContainerReportForContainerReportHandler] WARN  container.ContainerReportHandler (AbstractContainerReportHandler.java:updateContainerState(145)) - Container #1 is in OPEN state, but the datanode 67063eba-d0cd-4c00-aa34-c87f51e61a60{ip: 192.168.164.220, host: pr-hdds-2372-2m6rk-3135575179, networkLocation: /default-rack, certSerialId: null} reports an CLOSED replica.
2019-11-18 11:27:30,106 [BlockDeletingService#2] WARN  background.BlockDeletingService (BlockDeletingService.java:isDeletionAllowed(187)) - Close Container log Index 6 is not replicated across allthe servers in the pipeline 05de8610-ef8e-43ec-b774-08dca1f21008 as the min replicated index is 4. Deletion is not allowed in this container yet.
2019-11-18 11:27:30,108 [BlockDeletingService#2] WARN  background.BlockDeletingService (BlockDeletingService.java:isDeletionAllowed(187)) - Close Container log Index 6 is not replicated across allthe servers in the pipeline 05de8610-ef8e-43ec-b774-08dca1f21008 as the min replicated index is 4. Deletion is not allowed in this container yet.
2019-11-18 11:27:30,128 [EventQueue-ContainerReportForContainerReportHandler] WARN  container.ContainerReportHandler (AbstractContainerReportHandler.java:updateContainerState(145)) - Container #1 is in OPEN state, but the datanode c9b88515-1c59-4f59-a2e2-ec16c09fdaea{ip: 192.168.164.220, host: pr-hdds-2372-2m6rk-3135575179, networkLocation: /default-rack, certSerialId: null} reports an CLOSED replica.
2019-11-18 11:27:30,328 [EventQueue-ContainerReportForContainerReportHandler] WARN  container.ContainerReportHandler (AbstractContainerReportHandler.java:updateContainerState(145)) - Container #1 is in OPEN state, but the datanode 67063eba-d0cd-4c00-aa34-c87f51e61a60{ip: 192.168.164.220, host: pr-hdds-2372-2m6rk-3135575179, networkLocation: /default-rack, certSerialId: null} reports an CLOSED replica.
2019-11-18 11:27:30,428 [EventQueue-ContainerReportForContainerReportHandler] WARN  container.ContainerReportHandler (AbstractContainerReportHandler.java:updateContainerState(145)) - Container #1 is in OPEN state, but the datanode c9b88515-1c59-4f59-a2e2-ec16c09fdaea{ip: 192.168.164.220, host: pr-hdds-2372-2m6rk-3135575179, networkLocation: /default-rack, certSerialId: null} reports an CLOSED replica.
2019-11-18 11:27:30,529 [EventQueue-ContainerReportForContainerReportHandler] WARN  container.ContainerReportHandler (AbstractContainerReportHandler.java:updateContainerState(145)) - Container #1 is in OPEN state, but the datanode 67063eba-d0cd-4c00-aa34-c87f51e61a60{ip: 192.168.164.220, host: pr-hdds-2372-2m6rk-3135575179, networkLocation: /default-rack, certSerialId: null} reports an CLOSED replica.
2019-11-18 11:27:30,729 [EventQueue-ContainerReportForContainerReportHandler] WARN  container.ContainerReportHandler (AbstractContainerReportHandler.java:updateContainerState(145)) - Container #1 is in OPEN state, but the datanode c9b88515-1c59-4f59-a2e2-ec16c09fdaea{ip: 192.168.164.220, host: pr-hdds-2372-2m6rk-3135575179, networkLocation: /default-rack, certSerialId: null} reports an CLOSED replica.
2019-11-18 11:27:30,829 [EventQueue-ContainerReportForContainerReportHandler] WARN  container.ContainerReportHandler (AbstractContainerReportHandler.java:updateContainerState(145)) - Container #1 is in OPEN state, but the datanode 67063eba-d0cd-4c00-aa34-c87f51e61a60{ip: 192.168.164.220, host: pr-hdds-2372-2m6rk-3135575179, networkLocation: /default-rack, certSerialId: null} reports an CLOSED replica.
2019-11-18 11:27:31,109 [BlockDeletingService#2] WARN  background.BlockDeletingService (BlockDeletingService.java:isDeletionAllowed(187)) - Close Container log Index 6 is not replicated across allthe servers in the pipeline 05de8610-ef8e-43ec-b774-08dca1f21008 as the min replicated index is 4. Deletion is not allowed in this container yet.
2019-11-18 11:27:31,110 [BlockDeletingService#2] WARN  background.BlockDeletingService (BlockDeletingService.java:isDeletionAllowed(187)) - Close Container log Index 6 is not replicated across allthe servers in the pipeline 05de8610-ef8e-43ec-b774-08dca1f21008 as the min replicated index is 4. Deletion is not allowed in this container yet.
2019-11-18 11:27:31,128 [EventQueue-ContainerReportForContainerReportHandler] WARN  container.ContainerReportHandler (AbstractContainerReportHandler.java:updateContainerState(145)) - Container #1 is in OPEN state, but the datanode c9b88515-1c59-4f59-a2e2-ec16c09fdaea{ip: 192.168.164.220, host: pr-hdds-2372-2m6rk-3135575179, networkLocation: /default-rack, certSerialId: null} reports an CLOSED replica.
2019-11-18 11:27:31,129 [EventQueue-ContainerReportForContainerReportHandler] WARN  container.ContainerReportHandler (AbstractContainerReportHandler.java:updateContainerState(145)) - Container #1 is in OPEN state, but the datanode 67063eba-d0cd-4c00-aa34-c87f51e61a60{ip: 192.168.164.220, host: pr-hdds-2372-2m6rk-3135575179, networkLocation: /default-rack, certSerialId: null} reports an CLOSED replica.
2019-11-18 11:27:31,429 [EventQueue-ContainerReportForContainerReportHandler] WARN  container.ContainerReportHandler (AbstractContainerReportHandler.java:updateContainerState(145)) - Container #1 is in OPEN state, but the datanode c9b88515-1c59-4f59-a2e2-ec16c09fdaea{ip: 192.168.164.220, host: pr-hdds-2372-2m6rk-3135575179, networkLocation: /default-rack, certSerialId: null} reports an CLOSED replica.
2019-11-18 11:27:31,429 [EventQueue-ContainerReportForContainerReportHandler] WARN  container.ContainerReportHandler (AbstractContainerReportHandler.java:updateContainerState(145)) - Container #1 is in OPEN state, but the datanode 67063eba-d0cd-4c00-aa34-c87f51e61a60{ip: 192.168.164.220, host: pr-hdds-2372-2m6rk-3135575179, networkLocation: /default-rack, certSerialId: null} reports an CLOSED replica.
2019-11-18 11:27:31,630 [EventQueue-ContainerReportForContainerReportHandler] WARN  container.ContainerReportHandler (AbstractContainerReportHandler.java:updateContainerState(145)) - Container #1 is in OPEN state, but the datanode 67063eba-d0cd-4c00-aa34-c87f51e61a60{ip: 192.168.164.220, host: pr-hdds-2372-2m6rk-3135575179, networkLocation: /default-rack, certSerialId: null} reports an CLOSED replica.
2019-11-18 11:27:31,729 [EventQueue-ContainerReportForContainerReportHandler] WARN  container.ContainerReportHandler (AbstractContainerReportHandler.java:updateContainerState(145)) - Container #1 is in OPEN state, but the datanode c9b88515-1c59-4f59-a2e2-ec16c09fdaea{ip: 192.168.164.220, host: pr-hdds-2372-2m6rk-3135575179, networkLocation: /default-rack, certSerialId: null} reports an CLOSED replica.
2019-11-18 11:27:31,931 [EventQueue-ContainerReportForContainerReportHandler] WARN  container.ContainerReportHandler (AbstractContainerReportHandler.java:updateContainerState(145)) - Container #1 is in OPEN state, but the datanode 67063eba-d0cd-4c00-aa34-c87f51e61a60{ip: 192.168.164.220, host: pr-hdds-2372-2m6rk-3135575179, networkLocation: /default-rack, certSerialId: null} reports an CLOSED replica.
2019-11-18 11:27:32,029 [EventQueue-ContainerReportForContainerReportHandler] WARN  container.ContainerReportHandler (AbstractContainerReportHandler.java:updateContainerState(145)) - Container #1 is in OPEN state, but the datanode c9b88515-1c59-4f59-a2e2-ec16c09fdaea{ip: 192.168.164.220, host: pr-hdds-2372-2m6rk-3135575179, networkLocation: /default-rack, certSerialId: null} reports an CLOSED replica.
2019-11-18 11:27:32,095 [grpc-default-executor-0] WARN  server.GrpcLogAppender (LogUtils.java:warn(134)) - 67063eba-d0cd-4c00-aa34-c87f51e61a60@group-08DCA1F21008->b14c1e87-4020-4c6d-bcb6-f7f922273c3e-AppendLogResponseHandler: Failed appendEntries: org.apache.ratis.thirdparty.io.grpc.StatusRuntimeException: UNAVAILABLE: io exception
2019-11-18 11:27:32,096 [grpc-default-executor-0] INFO  impl.FollowerInfo (FollowerInfo.java:lambda$new$0(51)) - 67063eba-d0cd-4c00-aa34-c87f51e61a60@group-08DCA1F21008->b14c1e87-4020-4c6d-bcb6-f7f922273c3e: nextIndex: updateUnconditionally 0 -> 0
2019-11-18 11:27:32,111 [BlockDeletingService#2] WARN  background.BlockDeletingService (BlockDeletingService.java:isDeletionAllowed(187)) - Close Container log Index 6 is not replicated across allthe servers in the pipeline 05de8610-ef8e-43ec-b774-08dca1f21008 as the min replicated index is 4. Deletion is not allowed in this container yet.
2019-11-18 11:27:32,112 [BlockDeletingService#2] WARN  background.BlockDeletingService (BlockDeletingService.java:isDeletionAllowed(187)) - Close Container log Index 6 is not replicated across allthe servers in the pipeline 05de8610-ef8e-43ec-b774-08dca1f21008 as the min replicated index is 4. Deletion is not allowed in this container yet.
2019-11-18 11:27:32,231 [EventQueue-ContainerReportForContainerReportHandler] WARN  container.ContainerReportHandler (AbstractContainerReportHandler.java:updateContainerState(145)) - Container #1 is in OPEN state, but the datanode 67063eba-d0cd-4c00-aa34-c87f51e61a60{ip: 192.168.164.220, host: pr-hdds-2372-2m6rk-3135575179, networkLocation: /default-rack, certSerialId: null} reports an CLOSED replica.
2019-11-18 11:27:32,428 [EventQueue-ContainerReportForContainerReportHandler] WARN  container.ContainerReportHandler (AbstractContainerReportHandler.java:updateContainerState(145)) - Container #1 is in OPEN state, but the datanode c9b88515-1c59-4f59-a2e2-ec16c09fdaea{ip: 192.168.164.220, host: pr-hdds-2372-2m6rk-3135575179, networkLocation: /default-rack, certSerialId: null} reports an CLOSED replica.
2019-11-18 11:27:32,431 [EventQueue-ContainerReportForContainerReportHandler] WARN  container.ContainerReportHandler (AbstractContainerReportHandler.java:updateContainerState(145)) - Container #1 is in OPEN state, but the datanode 67063eba-d0cd-4c00-aa34-c87f51e61a60{ip: 192.168.164.220, host: pr-hdds-2372-2m6rk-3135575179, networkLocation: /default-rack, certSerialId: null} reports an CLOSED replica.
2019-11-18 11:27:32,729 [EventQueue-ContainerReportForContainerReportHandler] WARN  container.ContainerReportHandler (AbstractContainerReportHandler.java:updateContainerState(145)) - Container #1 is in OPEN state, but the datanode c9b88515-1c59-4f59-a2e2-ec16c09fdaea{ip: 192.168.164.220, host: pr-hdds-2372-2m6rk-3135575179, networkLocation: /default-rack, certSerialId: null} reports an CLOSED replica.
2019-11-18 11:27:32,731 [EventQueue-ContainerReportForContainerReportHandler] WARN  container.ContainerReportHandler (AbstractContainerReportHandler.java:updateContainerState(145)) - Container #1 is in OPEN state, but the datanode 67063eba-d0cd-4c00-aa34-c87f51e61a60{ip: 192.168.164.220, host: pr-hdds-2372-2m6rk-3135575179, networkLocation: /default-rack, certSerialId: null} reports an CLOSED replica.
2019-11-18 11:27:32,930 [EventQueue-ContainerReportForContainerReportHandler] WARN  container.ContainerReportHandler (AbstractContainerReportHandler.java:updateContainerState(145)) - Container #1 is in OPEN state, but the datanode c9b88515-1c59-4f59-a2e2-ec16c09fdaea{ip: 192.168.164.220, host: pr-hdds-2372-2m6rk-3135575179, networkLocation: /default-rack, certSerialId: null} reports an CLOSED replica.
2019-11-18 11:27:32,931 [EventQueue-ContainerReportForContainerReportHandler] WARN  container.ContainerReportHandler (AbstractContainerReportHandler.java:updateContainerState(145)) - Container #1 is in OPEN state, but the datanode 67063eba-d0cd-4c00-aa34-c87f51e61a60{ip: 192.168.164.220, host: pr-hdds-2372-2m6rk-3135575179, networkLocation: /default-rack, certSerialId: null} reports an CLOSED replica.
2019-11-18 11:27:33,114 [BlockDeletingService#2] WARN  background.BlockDeletingService (BlockDeletingService.java:isDeletionAllowed(187)) - Close Container log Index 6 is not replicated across allthe servers in the pipeline 05de8610-ef8e-43ec-b774-08dca1f21008 as the min replicated index is 4. Deletion is not allowed in this container yet.
2019-11-18 11:27:33,114 [BlockDeletingService#2] WARN  background.BlockDeletingService (BlockDeletingService.java:isDeletionAllowed(187)) - Close Container log Index 6 is not replicated across allthe servers in the pipeline 05de8610-ef8e-43ec-b774-08dca1f21008 as the min replicated index is 4. Deletion is not allowed in this container yet.
2019-11-18 11:27:33,230 [EventQueue-ContainerReportForContainerReportHandler] WARN  container.ContainerReportHandler (AbstractContainerReportHandler.java:updateContainerState(145)) - Container #1 is in OPEN state, but the datanode c9b88515-1c59-4f59-a2e2-ec16c09fdaea{ip: 192.168.164.220, host: pr-hdds-2372-2m6rk-3135575179, networkLocation: /default-rack, certSerialId: null} reports an CLOSED replica.
2019-11-18 11:27:33,231 [EventQueue-ContainerReportForContainerReportHandler] WARN  container.ContainerReportHandler (AbstractContainerReportHandler.java:updateContainerState(145)) - Container #1 is in OPEN state, but the datanode 67063eba-d0cd-4c00-aa34-c87f51e61a60{ip: 192.168.164.220, host: pr-hdds-2372-2m6rk-3135575179, networkLocation: /default-rack, certSerialId: null} reports an CLOSED replica.
2019-11-18 11:27:33,431 [EventQueue-ContainerReportForContainerReportHandler] WARN  container.ContainerReportHandler (AbstractContainerReportHandler.java:updateContainerState(145)) - Container #1 is in OPEN state, but the datanode 67063eba-d0cd-4c00-aa34-c87f51e61a60{ip: 192.168.164.220, host: pr-hdds-2372-2m6rk-3135575179, networkLocation: /default-rack, certSerialId: null} reports an CLOSED replica.
2019-11-18 11:27:33,631 [EventQueue-ContainerReportForContainerReportHandler] WARN  container.ContainerReportHandler (AbstractContainerReportHandler.java:updateContainerState(145)) - Container #1 is in OPEN state, but the datanode c9b88515-1c59-4f59-a2e2-ec16c09fdaea{ip: 192.168.164.220, host: pr-hdds-2372-2m6rk-3135575179, networkLocation: /default-rack, certSerialId: null} reports an CLOSED replica.
2019-11-18 11:27:33,831 [EventQueue-ContainerReportForContainerReportHandler] WARN  container.ContainerReportHandler (AbstractContainerReportHandler.java:updateContainerState(145)) - Container #1 is in OPEN state, but the datanode c9b88515-1c59-4f59-a2e2-ec16c09fdaea{ip: 192.168.164.220, host: pr-hdds-2372-2m6rk-3135575179, networkLocation: /default-rack, certSerialId: null} reports an CLOSED replica.
2019-11-18 11:27:33,832 [EventQueue-ContainerReportForContainerReportHandler] WARN  container.ContainerReportHandler (AbstractContainerReportHandler.java:updateContainerState(145)) - Container #1 is in OPEN state, but the datanode 67063eba-d0cd-4c00-aa34-c87f51e61a60{ip: 192.168.164.220, host: pr-hdds-2372-2m6rk-3135575179, networkLocation: /default-rack, certSerialId: null} reports an CLOSED replica.
2019-11-18 11:27:34,117 [BlockDeletingService#2] WARN  background.BlockDeletingService (BlockDeletingService.java:isDeletionAllowed(187)) - Close Container log Index 6 is not replicated across allthe servers in the pipeline 05de8610-ef8e-43ec-b774-08dca1f21008 as the min replicated index is 4. Deletion is not allowed in this container yet.
2019-11-18 11:27:34,117 [BlockDeletingService#2] WARN  background.BlockDeletingService (BlockDeletingService.java:isDeletionAllowed(187)) - Close Container log Index 6 is not replicated across allthe servers in the pipeline 05de8610-ef8e-43ec-b774-08dca1f21008 as the min replicated index is 4. Deletion is not allowed in this container yet.
2019-11-18 11:27:34,130 [EventQueue-ContainerReportForContainerReportHandler] WARN  container.ContainerReportHandler (AbstractContainerReportHandler.java:updateContainerState(145)) - Container #1 is in OPEN state, but the datanode c9b88515-1c59-4f59-a2e2-ec16c09fdaea{ip: 192.168.164.220, host: pr-hdds-2372-2m6rk-3135575179, networkLocation: /default-rack, certSerialId: null} reports an CLOSED replica.
2019-11-18 11:27:34,232 [EventQueue-ContainerReportForContainerReportHandler] WARN  container.ContainerReportHandler (AbstractContainerReportHandler.java:updateContainerState(145)) - Container #1 is in OPEN state, but the datanode 67063eba-d0cd-4c00-aa34-c87f51e61a60{ip: 192.168.164.220, host: pr-hdds-2372-2m6rk-3135575179, networkLocation: /default-rack, certSerialId: null} reports an CLOSED replica.
2019-11-18 11:27:34,531 [EventQueue-ContainerReportForContainerReportHandler] WARN  container.ContainerReportHandler (AbstractContainerReportHandler.java:updateContainerState(145)) - Container #1 is in OPEN state, but the datanode c9b88515-1c59-4f59-a2e2-ec16c09fdaea{ip: 192.168.164.220, host: pr-hdds-2372-2m6rk-3135575179, networkLocation: /default-rack, certSerialId: null} reports an CLOSED replica.
2019-11-18 11:27:34,532 [EventQueue-ContainerReportForContainerReportHandler] WARN  container.ContainerReportHandler (AbstractContainerReportHandler.java:updateContainerState(145)) - Container #1 is in OPEN state, but the datanode 67063eba-d0cd-4c00-aa34-c87f51e61a60{ip: 192.168.164.220, host: pr-hdds-2372-2m6rk-3135575179, networkLocation: /default-rack, certSerialId: null} reports an CLOSED replica.
2019-11-18 11:27:34,599 [grpc-default-executor-3] WARN  server.GrpcLogAppender (LogUtils.java:warn(134)) - 67063eba-d0cd-4c00-aa34-c87f51e61a60@group-08DCA1F21008->b14c1e87-4020-4c6d-bcb6-f7f922273c3e-AppendLogResponseHandler: Failed appendEntries: org.apache.ratis.thirdparty.io.grpc.StatusRuntimeException: UNAVAILABLE: io exception
2019-11-18 11:27:34,600 [grpc-default-executor-3] INFO  impl.FollowerInfo (FollowerInfo.java:lambda$new$0(51)) - 67063eba-d0cd-4c00-aa34-c87f51e61a60@group-08DCA1F21008->b14c1e87-4020-4c6d-bcb6-f7f922273c3e: nextIndex: updateUnconditionally 0 -> 0
2019-11-18 11:27:34,932 [EventQueue-ContainerReportForContainerReportHandler] WARN  container.ContainerReportHandler (AbstractContainerReportHandler.java:updateContainerState(145)) - Container #1 is in OPEN state, but the datanode c9b88515-1c59-4f59-a2e2-ec16c09fdaea{ip: 192.168.164.220, host: pr-hdds-2372-2m6rk-3135575179, networkLocation: /default-rack, certSerialId: null} reports an CLOSED replica.
2019-11-18 11:27:34,932 [EventQueue-ContainerReportForContainerReportHandler] WARN  container.ContainerReportHandler (AbstractContainerReportHandler.java:updateContainerState(145)) - Container #1 is in OPEN state, but the datanode 67063eba-d0cd-4c00-aa34-c87f51e61a60{ip: 192.168.164.220, host: pr-hdds-2372-2m6rk-3135575179, networkLocation: /default-rack, certSerialId: null} reports an CLOSED replica.
2019-11-18 11:27:35,119 [BlockDeletingService#2] WARN  background.BlockDeletingService (BlockDeletingService.java:isDeletionAllowed(187)) - Close Container log Index 6 is not replicated across allthe servers in the pipeline 05de8610-ef8e-43ec-b774-08dca1f21008 as the min replicated index is 4. Deletion is not allowed in this container yet.
2019-11-18 11:27:35,119 [BlockDeletingService#2] WARN  background.BlockDeletingService (BlockDeletingService.java:isDeletionAllowed(187)) - Close Container log Index 6 is not replicated across allthe servers in the pipeline 05de8610-ef8e-43ec-b774-08dca1f21008 as the min replicated index is 4. Deletion is not allowed in this container yet.
2019-11-18 11:27:35,232 [EventQueue-ContainerReportForContainerReportHandler] WARN  container.ContainerReportHandler (AbstractContainerReportHandler.java:updateContainerState(145)) - Container #1 is in OPEN state, but the datanode c9b88515-1c59-4f59-a2e2-ec16c09fdaea{ip: 192.168.164.220, host: pr-hdds-2372-2m6rk-3135575179, networkLocation: /default-rack, certSerialId: null} reports an CLOSED replica.
2019-11-18 11:27:35,233 [EventQueue-ContainerReportForContainerReportHandler] WARN  container.ContainerReportHandler (AbstractContainerReportHandler.java:updateContainerState(145)) - Container #1 is in OPEN state, but the datanode 67063eba-d0cd-4c00-aa34-c87f51e61a60{ip: 192.168.164.220, host: pr-hdds-2372-2m6rk-3135575179, networkLocation: /default-rack, certSerialId: null} reports an CLOSED replica.
2019-11-18 11:27:35,533 [EventQueue-ContainerReportForContainerReportHandler] WARN  container.ContainerReportHandler (AbstractContainerReportHandler.java:updateContainerState(145)) - Container #1 is in OPEN state, but the datanode c9b88515-1c59-4f59-a2e2-ec16c09fdaea{ip: 192.168.164.220, host: pr-hdds-2372-2m6rk-3135575179, networkLocation: /default-rack, certSerialId: null} reports an CLOSED replica.
2019-11-18 11:27:35,637 [EventQueue-ContainerReportForContainerReportHandler] WARN  container.ContainerReportHandler (AbstractContainerReportHandler.java:updateContainerState(145)) - Container #1 is in OPEN state, but the datanode 67063eba-d0cd-4c00-aa34-c87f51e61a60{ip: 192.168.164.220, host: pr-hdds-2372-2m6rk-3135575179, networkLocation: /default-rack, certSerialId: null} reports an CLOSED replica.
2019-11-18 11:27:35,834 [EventQueue-ContainerReportForContainerReportHandler] WARN  container.ContainerReportHandler (AbstractContainerReportHandler.java:updateContainerState(145)) - Container #1 is in OPEN state, but the datanode c9b88515-1c59-4f59-a2e2-ec16c09fdaea{ip: 192.168.164.220, host: pr-hdds-2372-2m6rk-3135575179, networkLocation: /default-rack, certSerialId: null} reports an CLOSED replica.
2019-11-18 11:27:35,938 [EventQueue-ContainerReportForContainerReportHandler] WARN  container.ContainerReportHandler (AbstractContainerReportHandler.java:updateContainerState(145)) - Container #1 is in OPEN state, but the datanode 67063eba-d0cd-4c00-aa34-c87f51e61a60{ip: 192.168.164.220, host: pr-hdds-2372-2m6rk-3135575179, networkLocation: /default-rack, certSerialId: null} reports an CLOSED replica.
2019-11-18 11:27:36,121 [BlockDeletingService#2] WARN  background.BlockDeletingService (BlockDeletingService.java:isDeletionAllowed(187)) - Close Container log Index 6 is not replicated across allthe servers in the pipeline 05de8610-ef8e-43ec-b774-08dca1f21008 as the min replicated index is 4. Deletion is not allowed in this container yet.
2019-11-18 11:27:36,121 [BlockDeletingService#2] WARN  background.BlockDeletingService (BlockDeletingService.java:isDeletionAllowed(187)) - Close Container log Index 6 is not replicated across allthe servers in the pipeline 05de8610-ef8e-43ec-b774-08dca1f21008 as the min replicated index is 4. Deletion is not allowed in this container yet.
2019-11-18 11:27:36,134 [EventQueue-ContainerReportForContainerReportHandler] WARN  container.ContainerReportHandler (AbstractContainerReportHandler.java:updateContainerState(145)) - Container #1 is in OPEN state, but the datanode c9b88515-1c59-4f59-a2e2-ec16c09fdaea{ip: 192.168.164.220, host: pr-hdds-2372-2m6rk-3135575179, networkLocation: /default-rack, certSerialId: null} reports an CLOSED replica.
2019-11-18 11:27:36,238 [EventQueue-ContainerReportForContainerReportHandler] WARN  container.ContainerReportHandler (AbstractContainerReportHandler.java:updateContainerState(145)) - Container #1 is in OPEN state, but the datanode 67063eba-d0cd-4c00-aa34-c87f51e61a60{ip: 192.168.164.220, host: pr-hdds-2372-2m6rk-3135575179, networkLocation: /default-rack, certSerialId: null} reports an CLOSED replica.
2019-11-18 11:27:36,334 [EventQueue-ContainerReportForContainerReportHandler] WARN  container.ContainerReportHandler (AbstractContainerReportHandler.java:updateContainerState(145)) - Container #1 is in OPEN state, but the datanode c9b88515-1c59-4f59-a2e2-ec16c09fdaea{ip: 192.168.164.220, host: pr-hdds-2372-2m6rk-3135575179, networkLocation: /default-rack, certSerialId: null} reports an CLOSED replica.
2019-11-18 11:27:36,580 [Thread-357] INFO  client.GrpcClientProtocolService (GrpcClientProtocolService.java:lambda$processClientRequest$0(279)) - Failed RaftClientRequest:client-E41A5C59983E->c9b88515-1c59-4f59-a2e2-ec16c09fdaea@group-08DCA1F21008, cid=23, seq=0, Watch-ALL_COMMITTED(6), Message:<EMPTY>, reply=RaftClientReply:client-E41A5C59983E->c9b88515-1c59-4f59-a2e2-ec16c09fdaea@group-08DCA1F21008, cid=23, FAILED org.apache.ratis.protocol.NotLeaderException: Server c9b88515-1c59-4f59-a2e2-ec16c09fdaea@group-08DCA1F21008 is not the leader 67063eba-d0cd-4c00-aa34-c87f51e61a60:192.168.164.220:39623, logIndex=0, commits[c9b88515-1c59-4f59-a2e2-ec16c09fdaea:c10, 67063eba-d0cd-4c00-aa34-c87f51e61a60:c10, b14c1e87-4020-4c6d-bcb6-f7f922273c3e:c4]
2019-11-18 11:27:36,634 [EventQueue-ContainerReportForContainerReportHandler] WARN  container.ContainerReportHandler (AbstractContainerReportHandler.java:updateContainerState(145)) - Container #1 is in OPEN state, but the datanode c9b88515-1c59-4f59-a2e2-ec16c09fdaea{ip: 192.168.164.220, host: pr-hdds-2372-2m6rk-3135575179, networkLocation: /default-rack, certSerialId: null} reports an CLOSED replica.
2019-11-18 11:27:36,639 [EventQueue-ContainerReportForContainerReportHandler] WARN  container.ContainerReportHandler (AbstractContainerReportHandler.java:updateContainerState(145)) - Container #1 is in OPEN state, but the datanode 67063eba-d0cd-4c00-aa34-c87f51e61a60{ip: 192.168.164.220, host: pr-hdds-2372-2m6rk-3135575179, networkLocation: /default-rack, certSerialId: null} reports an CLOSED replica.
2019-11-18 11:27:36,839 [EventQueue-ContainerReportForContainerReportHandler] WARN  container.ContainerReportHandler (AbstractContainerReportHandler.java:updateContainerState(145)) - Container #1 is in OPEN state, but the datanode 67063eba-d0cd-4c00-aa34-c87f51e61a60{ip: 192.168.164.220, host: pr-hdds-2372-2m6rk-3135575179, networkLocation: /default-rack, certSerialId: null} reports an CLOSED replica.
2019-11-18 11:27:37,034 [EventQueue-ContainerReportForContainerReportHandler] WARN  container.ContainerReportHandler (AbstractContainerReportHandler.java:updateContainerState(145)) - Container #1 is in OPEN state, but the datanode c9b88515-1c59-4f59-a2e2-ec16c09fdaea{ip: 192.168.164.220, host: pr-hdds-2372-2m6rk-3135575179, networkLocation: /default-rack, certSerialId: null} reports an CLOSED replica.
2019-11-18 11:27:37,099 [grpc-default-executor-2] WARN  server.GrpcLogAppender (LogUtils.java:warn(134)) - 67063eba-d0cd-4c00-aa34-c87f51e61a60@group-08DCA1F21008->b14c1e87-4020-4c6d-bcb6-f7f922273c3e-AppendLogResponseHandler: Failed appendEntries: org.apache.ratis.thirdparty.io.grpc.StatusRuntimeException: UNAVAILABLE: io exception
2019-11-18 11:27:37,101 [grpc-default-executor-2] INFO  impl.FollowerInfo (FollowerInfo.java:lambda$new$0(51)) - 67063eba-d0cd-4c00-aa34-c87f51e61a60@group-08DCA1F21008->b14c1e87-4020-4c6d-bcb6-f7f922273c3e: nextIndex: updateUnconditionally 0 -> 0
2019-11-18 11:27:37,122 [BlockDeletingService#2] WARN  background.BlockDeletingService (BlockDeletingService.java:isDeletionAllowed(187)) - Close Container log Index 6 is not replicated across allthe servers in the pipeline 05de8610-ef8e-43ec-b774-08dca1f21008 as the min replicated index is 4. Deletion is not allowed in this container yet.
2019-11-18 11:27:37,122 [BlockDeletingService#2] WARN  background.BlockDeletingService (BlockDeletingService.java:isDeletionAllowed(187)) - Close Container log Index 6 is not replicated across allthe servers in the pipeline 05de8610-ef8e-43ec-b774-08dca1f21008 as the min replicated index is 4. Deletion is not allowed in this container yet.
2019-11-18 11:27:37,238 [EventQueue-ContainerReportForContainerReportHandler] WARN  container.ContainerReportHandler (AbstractContainerReportHandler.java:updateContainerState(145)) - Container #1 is in OPEN state, but the datanode 67063eba-d0cd-4c00-aa34-c87f51e61a60{ip: 192.168.164.220, host: pr-hdds-2372-2m6rk-3135575179, networkLocation: /default-rack, certSerialId: null} reports an CLOSED replica.
2019-11-18 11:27:37,335 [EventQueue-ContainerReportForContainerReportHandler] WARN  container.ContainerReportHandler (AbstractContainerReportHandler.java:updateContainerState(145)) - Container #1 is in OPEN state, but the datanode c9b88515-1c59-4f59-a2e2-ec16c09fdaea{ip: 192.168.164.220, host: pr-hdds-2372-2m6rk-3135575179, networkLocation: /default-rack, certSerialId: null} reports an CLOSED replica.
2019-11-18 11:27:37,538 [EventQueue-ContainerReportForContainerReportHandler] WARN  container.ContainerReportHandler (AbstractContainerReportHandler.java:updateContainerState(145)) - Container #1 is in OPEN state, but the datanode 67063eba-d0cd-4c00-aa34-c87f51e61a60{ip: 192.168.164.220, host: pr-hdds-2372-2m6rk-3135575179, networkLocation: /default-rack, certSerialId: null} reports an CLOSED replica.
2019-11-18 11:27:37,635 [EventQueue-ContainerReportForContainerReportHandler] WARN  container.ContainerReportHandler (AbstractContainerReportHandler.java:updateContainerState(145)) - Container #1 is in OPEN state, but the datanode c9b88515-1c59-4f59-a2e2-ec16c09fdaea{ip: 192.168.164.220, host: pr-hdds-2372-2m6rk-3135575179, networkLocation: /default-rack, certSerialId: null} reports an CLOSED replica.
2019-11-18 11:27:37,683 [Thread-363] INFO  client.GrpcClientProtocolService (GrpcClientProtocolService.java:lambda$processClientRequest$0(279)) - Failed RaftClientRequest:client-E41A5C59983E->67063eba-d0cd-4c00-aa34-c87f51e61a60@group-08DCA1F21008, cid=23, seq=0, Watch-ALL_COMMITTED(6), Message:<EMPTY>, reply=RaftClientReply:client-E41A5C59983E->67063eba-d0cd-4c00-aa34-c87f51e61a60@group-08DCA1F21008, cid=23, FAILED org.apache.ratis.protocol.NotReplicatedException: Request with call Id 23 and log index 6 is not yet replicated to ALL_COMMITTED, logIndex=6, commits[67063eba-d0cd-4c00-aa34-c87f51e61a60:c10, c9b88515-1c59-4f59-a2e2-ec16c09fdaea:c10, b14c1e87-4020-4c6d-bcb6-f7f922273c3e:c4]
2019-11-18 11:27:37,836 [EventQueue-ContainerReportForContainerReportHandler] WARN  container.ContainerReportHandler (AbstractContainerReportHandler.java:updateContainerState(145)) - Container #1 is in OPEN state, but the datanode c9b88515-1c59-4f59-a2e2-ec16c09fdaea{ip: 192.168.164.220, host: pr-hdds-2372-2m6rk-3135575179, networkLocation: /default-rack, certSerialId: null} reports an CLOSED replica.
2019-11-18 11:27:37,838 [EventQueue-ContainerReportForContainerReportHandler] WARN  container.ContainerReportHandler (AbstractContainerReportHandler.java:updateContainerState(145)) - Container #1 is in OPEN state, but the datanode 67063eba-d0cd-4c00-aa34-c87f51e61a60{ip: 192.168.164.220, host: pr-hdds-2372-2m6rk-3135575179, networkLocation: /default-rack, certSerialId: null} reports an CLOSED replica.
2019-11-18 11:27:38,123 [BlockDeletingService#2] WARN  background.BlockDeletingService (BlockDeletingService.java:isDeletionAllowed(187)) - Close Container log Index 6 is not replicated across allthe servers in the pipeline 05de8610-ef8e-43ec-b774-08dca1f21008 as the min replicated index is 4. Deletion is not allowed in this container yet.
2019-11-18 11:27:38,125 [BlockDeletingService#2] WARN  background.BlockDeletingService (BlockDeletingService.java:isDeletionAllowed(187)) - Close Container log Index 6 is not replicated across allthe servers in the pipeline 05de8610-ef8e-43ec-b774-08dca1f21008 as the min replicated index is 4. Deletion is not allowed in this container yet.
2019-11-18 11:27:38,139 [EventQueue-ContainerReportForContainerReportHandler] WARN  container.ContainerReportHandler (AbstractContainerReportHandler.java:updateContainerState(145)) - Container #1 is in OPEN state, but the datanode 67063eba-d0cd-4c00-aa34-c87f51e61a60{ip: 192.168.164.220, host: pr-hdds-2372-2m6rk-3135575179, networkLocation: /default-rack, certSerialId: null} reports an CLOSED replica.
2019-11-18 11:27:38,235 [EventQueue-ContainerReportForContainerReportHandler] WARN  container.ContainerReportHandler (AbstractContainerReportHandler.java:updateContainerState(145)) - Container #1 is in OPEN state, but the datanode c9b88515-1c59-4f59-a2e2-ec16c09fdaea{ip: 192.168.164.220, host: pr-hdds-2372-2m6rk-3135575179, networkLocation: /default-rack, certSerialId: null} reports an CLOSED replica.
2019-11-18 11:27:38,436 [EventQueue-ContainerReportForContainerReportHandler] WARN  container.ContainerReportHandler (AbstractContainerReportHandler.java:updateContainerState(145)) - Container #1 is in OPEN state, but the datanode c9b88515-1c59-4f59-a2e2-ec16c09fdaea{ip: 192.168.164.220, host: pr-hdds-2372-2m6rk-3135575179, networkLocation: /default-rack, certSerialId: null} reports an CLOSED replica.
2019-11-18 11:27:38,539 [EventQueue-ContainerReportForContainerReportHandler] WARN  container.ContainerReportHandler (AbstractContainerReportHandler.java:updateContainerState(145)) - Container #1 is in OPEN state, but the datanode 67063eba-d0cd-4c00-aa34-c87f51e61a60{ip: 192.168.164.220, host: pr-hdds-2372-2m6rk-3135575179, networkLocation: /default-rack, certSerialId: null} reports an CLOSED replica.
2019-11-18 11:27:38,738 [EventQueue-ContainerReportForContainerReportHandler] WARN  container.ContainerReportHandler (AbstractContainerReportHandler.java:updateContainerState(145)) - Container #1 is in OPEN state, but the datanode c9b88515-1c59-4f59-a2e2-ec16c09fdaea{ip: 192.168.164.220, host: pr-hdds-2372-2m6rk-3135575179, networkLocation: /default-rack, certSerialId: null} reports an CLOSED replica.
2019-11-18 11:27:38,739 [EventQueue-ContainerReportForContainerReportHandler] WARN  container.ContainerReportHandler (AbstractContainerReportHandler.java:updateContainerState(145)) - Container #1 is in OPEN state, but the datanode 67063eba-d0cd-4c00-aa34-c87f51e61a60{ip: 192.168.164.220, host: pr-hdds-2372-2m6rk-3135575179, networkLocation: /default-rack, certSerialId: null} reports an CLOSED replica.
2019-11-18 11:27:39,127 [BlockDeletingService#2] WARN  background.BlockDeletingService (BlockDeletingService.java:isDeletionAllowed(187)) - Close Container log Index 6 is not replicated across allthe servers in the pipeline 05de8610-ef8e-43ec-b774-08dca1f21008 as the min replicated index is 4. Deletion is not allowed in this container yet.
2019-11-18 11:27:39,127 [BlockDeletingService#2] WARN  background.BlockDeletingService (BlockDeletingService.java:isDeletionAllowed(187)) - Close Container log Index 6 is not replicated across allthe servers in the pipeline 05de8610-ef8e-43ec-b774-08dca1f21008 as the min replicated index is 4. Deletion is not allowed in this container yet.
2019-11-18 11:27:39,135 [EventQueue-ContainerReportForContainerReportHandler] WARN  container.ContainerReportHandler (AbstractContainerReportHandler.java:updateContainerState(145)) - Container #1 is in OPEN state, but the datanode c9b88515-1c59-4f59-a2e2-ec16c09fdaea{ip: 192.168.164.220, host: pr-hdds-2372-2m6rk-3135575179, networkLocation: /default-rack, certSerialId: null} reports an CLOSED replica.
2019-11-18 11:27:39,139 [EventQueue-ContainerReportForContainerReportHandler] WARN  container.ContainerReportHandler (AbstractContainerReportHandler.java:updateContainerState(145)) - Container #1 is in OPEN state, but the datanode 67063eba-d0cd-4c00-aa34-c87f51e61a60{ip: 192.168.164.220, host: pr-hdds-2372-2m6rk-3135575179, networkLocation: /default-rack, certSerialId: null} reports an CLOSED replica.
2019-11-18 11:27:39,338 [EventQueue-ContainerReportForContainerReportHandler] WARN  container.ContainerReportHandler (AbstractContainerReportHandler.java:updateContainerState(145)) - Container #1 is in OPEN state, but the datanode 67063eba-d0cd-4c00-aa34-c87f51e61a60{ip: 192.168.164.220, host: pr-hdds-2372-2m6rk-3135575179, networkLocation: /default-rack, certSerialId: null} reports an CLOSED replica.
2019-11-18 11:27:39,535 [EventQueue-ContainerReportForContainerReportHandler] WARN  container.ContainerReportHandler (AbstractContainerReportHandler.java:updateContainerState(145)) - Container #1 is in OPEN state, but the datanode c9b88515-1c59-4f59-a2e2-ec16c09fdaea{ip: 192.168.164.220, host: pr-hdds-2372-2m6rk-3135575179, networkLocation: /default-rack, certSerialId: null} reports an CLOSED replica.
2019-11-18 11:27:39,538 [EventQueue-ContainerReportForContainerReportHandler] WARN  container.ContainerReportHandler (AbstractContainerReportHandler.java:updateContainerState(145)) - Container #1 is in OPEN state, but the datanode 67063eba-d0cd-4c00-aa34-c87f51e61a60{ip: 192.168.164.220, host: pr-hdds-2372-2m6rk-3135575179, networkLocation: /default-rack, certSerialId: null} reports an CLOSED replica.
2019-11-18 11:27:39,601 [grpc-default-executor-3] WARN  server.GrpcLogAppender (LogUtils.java:warn(134)) - 67063eba-d0cd-4c00-aa34-c87f51e61a60@group-08DCA1F21008->b14c1e87-4020-4c6d-bcb6-f7f922273c3e-AppendLogResponseHandler: Failed appendEntries: org.apache.ratis.thirdparty.io.grpc.StatusRuntimeException: UNAVAILABLE: io exception
2019-11-18 11:27:39,602 [grpc-default-executor-3] INFO  impl.FollowerInfo (FollowerInfo.java:lambda$new$0(51)) - 67063eba-d0cd-4c00-aa34-c87f51e61a60@group-08DCA1F21008->b14c1e87-4020-4c6d-bcb6-f7f922273c3e: nextIndex: updateUnconditionally 0 -> 0
2019-11-18 11:27:39,837 [EventQueue-ContainerReportForContainerReportHandler] WARN  container.ContainerReportHandler (AbstractContainerReportHandler.java:updateContainerState(145)) - Container #1 is in OPEN state, but the datanode c9b88515-1c59-4f59-a2e2-ec16c09fdaea{ip: 192.168.164.220, host: pr-hdds-2372-2m6rk-3135575179, networkLocation: /default-rack, certSerialId: null} reports an CLOSED replica.
2019-11-18 11:27:39,838 [EventQueue-ContainerReportForContainerReportHandler] WARN  container.ContainerReportHandler (AbstractContainerReportHandler.java:updateContainerState(145)) - Container #1 is in OPEN state, but the datanode 67063eba-d0cd-4c00-aa34-c87f51e61a60{ip: 192.168.164.220, host: pr-hdds-2372-2m6rk-3135575179, networkLocation: /default-rack, certSerialId: null} reports an CLOSED replica.
2019-11-18 11:27:40,129 [BlockDeletingService#2] WARN  background.BlockDeletingService (BlockDeletingService.java:isDeletionAllowed(187)) - Close Container log Index 6 is not replicated across allthe servers in the pipeline 05de8610-ef8e-43ec-b774-08dca1f21008 as the min replicated index is 4. Deletion is not allowed in this container yet.
2019-11-18 11:27:40,129 [BlockDeletingService#2] WARN  background.BlockDeletingService (BlockDeletingService.java:isDeletionAllowed(187)) - Close Container log Index 6 is not replicated across allthe servers in the pipeline 05de8610-ef8e-43ec-b774-08dca1f21008 as the min replicated index is 4. Deletion is not allowed in this container yet.
2019-11-18 11:27:40,135 [EventQueue-ContainerReportForContainerReportHandler] WARN  container.ContainerReportHandler (AbstractContainerReportHandler.java:updateContainerState(145)) - Container #1 is in OPEN state, but the datanode c9b88515-1c59-4f59-a2e2-ec16c09fdaea{ip: 192.168.164.220, host: pr-hdds-2372-2m6rk-3135575179, networkLocation: /default-rack, certSerialId: null} reports an CLOSED replica.
2019-11-18 11:27:40,238 [EventQueue-ContainerReportForContainerReportHandler] WARN  container.ContainerReportHandler (AbstractContainerReportHandler.java:updateContainerState(145)) - Container #1 is in OPEN state, but the datanode 67063eba-d0cd-4c00-aa34-c87f51e61a60{ip: 192.168.164.220, host: pr-hdds-2372-2m6rk-3135575179, networkLocation: /default-rack, certSerialId: null} reports an CLOSED replica.
2019-11-18 11:27:40,536 [EventQueue-ContainerReportForContainerReportHandler] WARN  container.ContainerReportHandler (AbstractContainerReportHandler.java:updateContainerState(145)) - Container #1 is in OPEN state, but the datanode c9b88515-1c59-4f59-a2e2-ec16c09fdaea{ip: 192.168.164.220, host: pr-hdds-2372-2m6rk-3135575179, networkLocation: /default-rack, certSerialId: null} reports an CLOSED replica.
2019-11-18 11:27:40,538 [EventQueue-ContainerReportForContainerReportHandler] WARN  container.ContainerReportHandler (AbstractContainerReportHandler.java:updateContainerState(145)) - Container #1 is in OPEN state, but the datanode 67063eba-d0cd-4c00-aa34-c87f51e61a60{ip: 192.168.164.220, host: pr-hdds-2372-2m6rk-3135575179, networkLocation: /default-rack, certSerialId: null} reports an CLOSED replica.
2019-11-18 11:27:40,736 [EventQueue-ContainerReportForContainerReportHandler] WARN  container.ContainerReportHandler (AbstractContainerReportHandler.java:updateContainerState(145)) - Container #1 is in OPEN state, but the datanode c9b88515-1c59-4f59-a2e2-ec16c09fdaea{ip: 192.168.164.220, host: pr-hdds-2372-2m6rk-3135575179, networkLocation: /default-rack, certSerialId: null} reports an CLOSED replica.
2019-11-18 11:27:40,840 [EventQueue-ContainerReportForContainerReportHandler] WARN  container.ContainerReportHandler (AbstractContainerReportHandler.java:updateContainerState(145)) - Container #1 is in OPEN state, but the datanode 67063eba-d0cd-4c00-aa34-c87f51e61a60{ip: 192.168.164.220, host: pr-hdds-2372-2m6rk-3135575179, networkLocation: /default-rack, certSerialId: null} reports an CLOSED replica.
2019-11-18 11:27:41,036 [EventQueue-ContainerReportForContainerReportHandler] WARN  container.ContainerReportHandler (AbstractContainerReportHandler.java:updateContainerState(145)) - Container #1 is in OPEN state, but the datanode c9b88515-1c59-4f59-a2e2-ec16c09fdaea{ip: 192.168.164.220, host: pr-hdds-2372-2m6rk-3135575179, networkLocation: /default-rack, certSerialId: null} reports an CLOSED replica.
2019-11-18 11:27:41,042 [EventQueue-ContainerReportForContainerReportHandler] WARN  container.ContainerReportHandler (AbstractContainerReportHandler.java:updateContainerState(145)) - Container #1 is in OPEN state, but the datanode 67063eba-d0cd-4c00-aa34-c87f51e61a60{ip: 192.168.164.220, host: pr-hdds-2372-2m6rk-3135575179, networkLocation: /default-rack, certSerialId: null} reports an CLOSED replica.
2019-11-18 11:27:41,131 [BlockDeletingService#2] WARN  background.BlockDeletingService (BlockDeletingService.java:isDeletionAllowed(187)) - Close Container log Index 6 is not replicated across allthe servers in the pipeline 05de8610-ef8e-43ec-b774-08dca1f21008 as the min replicated index is 4. Deletion is not allowed in this container yet.
2019-11-18 11:27:41,131 [BlockDeletingService#2] WARN  background.BlockDeletingService (BlockDeletingService.java:isDeletionAllowed(187)) - Close Container log Index 6 is not replicated across allthe servers in the pipeline 05de8610-ef8e-43ec-b774-08dca1f21008 as the min replicated index is 4. Deletion is not allowed in this container yet.
2019-11-18 11:27:41,337 [EventQueue-ContainerReportForContainerReportHandler] WARN  container.ContainerReportHandler (AbstractContainerReportHandler.java:updateContainerState(145)) - Container #1 is in OPEN state, but the datanode c9b88515-1c59-4f59-a2e2-ec16c09fdaea{ip: 192.168.164.220, host: pr-hdds-2372-2m6rk-3135575179, networkLocation: /default-rack, certSerialId: null} reports an CLOSED replica.
2019-11-18 11:27:41,444 [EventQueue-ContainerReportForContainerReportHandler] WARN  container.ContainerReportHandler (AbstractContainerReportHandler.java:updateContainerState(145)) - Container #1 is in OPEN state, but the datanode 67063eba-d0cd-4c00-aa34-c87f51e61a60{ip: 192.168.164.220, host: pr-hdds-2372-2m6rk-3135575179, networkLocation: /default-rack, certSerialId: null} reports an CLOSED replica.
2019-11-18 11:27:41,738 [EventQueue-ContainerReportForContainerReportHandler] WARN  container.ContainerReportHandler (AbstractContainerReportHandler.java:updateContainerState(145)) - Container #1 is in OPEN state, but the datanode c9b88515-1c59-4f59-a2e2-ec16c09fdaea{ip: 192.168.164.220, host: pr-hdds-2372-2m6rk-3135575179, networkLocation: /default-rack, certSerialId: null} reports an CLOSED replica.
2019-11-18 11:27:41,745 [EventQueue-ContainerReportForContainerReportHandler] WARN  container.ContainerReportHandler (AbstractContainerReportHandler.java:updateContainerState(145)) - Container #1 is in OPEN state, but the datanode 67063eba-d0cd-4c00-aa34-c87f51e61a60{ip: 192.168.164.220, host: pr-hdds-2372-2m6rk-3135575179, networkLocation: /default-rack, certSerialId: null} reports an CLOSED replica.
2019-11-18 11:27:41,939 [EventQueue-ContainerReportForContainerReportHandler] WARN  container.ContainerReportHandler (AbstractContainerReportHandler.java:updateContainerState(145)) - Container #1 is in OPEN state, but the datanode c9b88515-1c59-4f59-a2e2-ec16c09fdaea{ip: 192.168.164.220, host: pr-hdds-2372-2m6rk-3135575179, networkLocation: /default-rack, certSerialId: null} reports an CLOSED replica.
2019-11-18 11:27:42,046 [EventQueue-ContainerReportForContainerReportHandler] WARN  container.ContainerReportHandler (AbstractContainerReportHandler.java:updateContainerState(145)) - Container #1 is in OPEN state, but the datanode 67063eba-d0cd-4c00-aa34-c87f51e61a60{ip: 192.168.164.220, host: pr-hdds-2372-2m6rk-3135575179, networkLocation: /default-rack, certSerialId: null} reports an CLOSED replica.
2019-11-18 11:27:42,112 [grpc-default-executor-3] WARN  server.GrpcLogAppender (LogUtils.java:warn(134)) - 67063eba-d0cd-4c00-aa34-c87f51e61a60@group-08DCA1F21008->b14c1e87-4020-4c6d-bcb6-f7f922273c3e-AppendLogResponseHandler: Failed appendEntries: org.apache.ratis.thirdparty.io.grpc.StatusRuntimeException: UNAVAILABLE: io exception
2019-11-18 11:27:42,114 [grpc-default-executor-3] INFO  impl.FollowerInfo (FollowerInfo.java:lambda$new$0(51)) - 67063eba-d0cd-4c00-aa34-c87f51e61a60@group-08DCA1F21008->b14c1e87-4020-4c6d-bcb6-f7f922273c3e: nextIndex: updateUnconditionally 0 -> 0
2019-11-18 11:27:42,134 [BlockDeletingService#2] WARN  background.BlockDeletingService (BlockDeletingService.java:isDeletionAllowed(187)) - Close Container log Index 6 is not replicated across allthe servers in the pipeline 05de8610-ef8e-43ec-b774-08dca1f21008 as the min replicated index is 4. Deletion is not allowed in this container yet.
2019-11-18 11:27:42,134 [BlockDeletingService#2] WARN  background.BlockDeletingService (BlockDeletingService.java:isDeletionAllowed(187)) - Close Container log Index 6 is not replicated across allthe servers in the pipeline 05de8610-ef8e-43ec-b774-08dca1f21008 as the min replicated index is 4. Deletion is not allowed in this container yet.
2019-11-18 11:27:42,138 [EventQueue-ContainerReportForContainerReportHandler] WARN  container.ContainerReportHandler (AbstractContainerReportHandler.java:updateContainerState(145)) - Container #1 is in OPEN state, but the datanode c9b88515-1c59-4f59-a2e2-ec16c09fdaea{ip: 192.168.164.220, host: pr-hdds-2372-2m6rk-3135575179, networkLocation: /default-rack, certSerialId: null} reports an CLOSED replica.
2019-11-18 11:27:42,438 [EventQueue-ContainerReportForContainerReportHandler] WARN  container.ContainerReportHandler (AbstractContainerReportHandler.java:updateContainerState(145)) - Container #1 is in OPEN state, but the datanode c9b88515-1c59-4f59-a2e2-ec16c09fdaea{ip: 192.168.164.220, host: pr-hdds-2372-2m6rk-3135575179, networkLocation: /default-rack, certSerialId: null} reports an CLOSED replica.
2019-11-18 11:27:42,446 [EventQueue-ContainerReportForContainerReportHandler] WARN  container.ContainerReportHandler (AbstractContainerReportHandler.java:updateContainerState(145)) - Container #1 is in OPEN state, but the datanode 67063eba-d0cd-4c00-aa34-c87f51e61a60{ip: 192.168.164.220, host: pr-hdds-2372-2m6rk-3135575179, networkLocation: /default-rack, certSerialId: null} reports an CLOSED replica.
2019-11-18 11:27:42,646 [EventQueue-ContainerReportForContainerReportHandler] WARN  container.ContainerReportHandler (AbstractContainerReportHandler.java:updateContainerState(145)) - Container #1 is in OPEN state, but the datanode 67063eba-d0cd-4c00-aa34-c87f51e61a60{ip: 192.168.164.220, host: pr-hdds-2372-2m6rk-3135575179, networkLocation: /default-rack, certSerialId: null} reports an CLOSED replica.
2019-11-18 11:27:42,738 [EventQueue-ContainerReportForContainerReportHandler] WARN  container.ContainerReportHandler (AbstractContainerReportHandler.java:updateContainerState(145)) - Container #1 is in OPEN state, but the datanode c9b88515-1c59-4f59-a2e2-ec16c09fdaea{ip: 192.168.164.220, host: pr-hdds-2372-2m6rk-3135575179, networkLocation: /default-rack, certSerialId: null} reports an CLOSED replica.
2019-11-18 11:27:42,847 [EventQueue-ContainerReportForContainerReportHandler] WARN  container.ContainerReportHandler (AbstractContainerReportHandler.java:updateContainerState(145)) - Container #1 is in OPEN state, but the datanode 67063eba-d0cd-4c00-aa34-c87f51e61a60{ip: 192.168.164.220, host: pr-hdds-2372-2m6rk-3135575179, networkLocation: /default-rack, certSerialId: null} reports an CLOSED replica.
2019-11-18 11:27:43,038 [EventQueue-ContainerReportForContainerReportHandler] WARN  container.ContainerReportHandler (AbstractContainerReportHandler.java:updateContainerState(145)) - Container #1 is in OPEN state, but the datanode c9b88515-1c59-4f59-a2e2-ec16c09fdaea{ip: 192.168.164.220, host: pr-hdds-2372-2m6rk-3135575179, networkLocation: /default-rack, certSerialId: null} reports an CLOSED replica.
2019-11-18 11:27:43,136 [BlockDeletingService#2] WARN  background.BlockDeletingService (BlockDeletingService.java:isDeletionAllowed(187)) - Close Container log Index 6 is not replicated across allthe servers in the pipeline 05de8610-ef8e-43ec-b774-08dca1f21008 as the min replicated index is 4. Deletion is not allowed in this container yet.
2019-11-18 11:27:43,136 [BlockDeletingService#2] WARN  background.BlockDeletingService (BlockDeletingService.java:isDeletionAllowed(187)) - Close Container log Index 6 is not replicated across allthe servers in the pipeline 05de8610-ef8e-43ec-b774-08dca1f21008 as the min replicated index is 4. Deletion is not allowed in this container yet.
2019-11-18 11:27:43,147 [EventQueue-ContainerReportForContainerReportHandler] WARN  container.ContainerReportHandler (AbstractContainerReportHandler.java:updateContainerState(145)) - Container #1 is in OPEN state, but the datanode 67063eba-d0cd-4c00-aa34-c87f51e61a60{ip: 192.168.164.220, host: pr-hdds-2372-2m6rk-3135575179, networkLocation: /default-rack, certSerialId: null} reports an CLOSED replica.
2019-11-18 11:27:43,347 [EventQueue-ContainerReportForContainerReportHandler] WARN  container.ContainerReportHandler (AbstractContainerReportHandler.java:updateContainerState(145)) - Container #1 is in OPEN state, but the datanode 67063eba-d0cd-4c00-aa34-c87f51e61a60{ip: 192.168.164.220, host: pr-hdds-2372-2m6rk-3135575179, networkLocation: /default-rack, certSerialId: null} reports an CLOSED replica.
2019-11-18 11:27:43,439 [EventQueue-ContainerReportForContainerReportHandler] WARN  container.ContainerReportHandler (AbstractContainerReportHandler.java:updateContainerState(145)) - Container #1 is in OPEN state, but the datanode c9b88515-1c59-4f59-a2e2-ec16c09fdaea{ip: 192.168.164.220, host: pr-hdds-2372-2m6rk-3135575179, networkLocation: /default-rack, certSerialId: null} reports an CLOSED replica.
2019-11-18 11:27:43,639 [EventQueue-ContainerReportForContainerReportHandler] WARN  container.ContainerReportHandler (AbstractContainerReportHandler.java:updateContainerState(145)) - Container #1 is in OPEN state, but the datanode c9b88515-1c59-4f59-a2e2-ec16c09fdaea{ip: 192.168.164.220, host: pr-hdds-2372-2m6rk-3135575179, networkLocation: /default-rack, certSerialId: null} reports an CLOSED replica.
2019-11-18 11:27:43,647 [EventQueue-ContainerReportForContainerReportHandler] WARN  container.ContainerReportHandler (AbstractContainerReportHandler.java:updateContainerState(145)) - Container #1 is in OPEN state, but the datanode 67063eba-d0cd-4c00-aa34-c87f51e61a60{ip: 192.168.164.220, host: pr-hdds-2372-2m6rk-3135575179, networkLocation: /default-rack, certSerialId: null} reports an CLOSED replica.
2019-11-18 11:27:43,848 [EventQueue-ContainerReportForContainerReportHandler] WARN  container.ContainerReportHandler (AbstractContainerReportHandler.java:updateContainerState(145)) - Container #1 is in OPEN state, but the datanode 67063eba-d0cd-4c00-aa34-c87f51e61a60{ip: 192.168.164.220, host: pr-hdds-2372-2m6rk-3135575179, networkLocation: /default-rack, certSerialId: null} reports an CLOSED replica.
2019-11-18 11:27:43,939 [EventQueue-ContainerReportForContainerReportHandler] WARN  container.ContainerReportHandler (AbstractContainerReportHandler.java:updateContainerState(145)) - Container #1 is in OPEN state, but the datanode c9b88515-1c59-4f59-a2e2-ec16c09fdaea{ip: 192.168.164.220, host: pr-hdds-2372-2m6rk-3135575179, networkLocation: /default-rack, certSerialId: null} reports an CLOSED replica.
2019-11-18 11:27:44,048 [EventQueue-ContainerReportForContainerReportHandler] WARN  container.ContainerReportHandler (AbstractContainerReportHandler.java:updateContainerState(145)) - Container #1 is in OPEN state, but the datanode 67063eba-d0cd-4c00-aa34-c87f51e61a60{ip: 192.168.164.220, host: pr-hdds-2372-2m6rk-3135575179, networkLocation: /default-rack, certSerialId: null} reports an CLOSED replica.
2019-11-18 11:27:44,137 [BlockDeletingService#2] WARN  background.BlockDeletingService (BlockDeletingService.java:isDeletionAllowed(187)) - Close Container log Index 6 is not replicated across allthe servers in the pipeline 05de8610-ef8e-43ec-b774-08dca1f21008 as the min replicated index is 4. Deletion is not allowed in this container yet.
2019-11-18 11:27:44,137 [BlockDeletingService#2] WARN  background.BlockDeletingService (BlockDeletingService.java:isDeletionAllowed(187)) - Close Container log Index 6 is not replicated across allthe servers in the pipeline 05de8610-ef8e-43ec-b774-08dca1f21008 as the min replicated index is 4. Deletion is not allowed in this container yet.
2019-11-18 11:27:44,140 [EventQueue-ContainerReportForContainerReportHandler] WARN  container.ContainerReportHandler (AbstractContainerReportHandler.java:updateContainerState(145)) - Container #1 is in OPEN state, but the datanode c9b88515-1c59-4f59-a2e2-ec16c09fdaea{ip: 192.168.164.220, host: pr-hdds-2372-2m6rk-3135575179, networkLocation: /default-rack, certSerialId: null} reports an CLOSED replica.
2019-11-18 11:27:44,440 [EventQueue-ContainerReportForContainerReportHandler] WARN  container.ContainerReportHandler (AbstractContainerReportHandler.java:updateContainerState(145)) - Container #1 is in OPEN state, but the datanode c9b88515-1c59-4f59-a2e2-ec16c09fdaea{ip: 192.168.164.220, host: pr-hdds-2372-2m6rk-3135575179, networkLocation: /default-rack, certSerialId: null} reports an CLOSED replica.
2019-11-18 11:27:44,448 [EventQueue-ContainerReportForContainerReportHandler] WARN  container.ContainerReportHandler (AbstractContainerReportHandler.java:updateContainerState(145)) - Container #1 is in OPEN state, but the datanode 67063eba-d0cd-4c00-aa34-c87f51e61a60{ip: 192.168.164.220, host: pr-hdds-2372-2m6rk-3135575179, networkLocation: /default-rack, certSerialId: null} reports an CLOSED replica.
2019-11-18 11:27:44,614 [grpc-default-executor-0] WARN  server.GrpcLogAppender (LogUtils.java:warn(134)) - 67063eba-d0cd-4c00-aa34-c87f51e61a60@group-08DCA1F21008->b14c1e87-4020-4c6d-bcb6-f7f922273c3e-AppendLogResponseHandler: Failed appendEntries: org.apache.ratis.thirdparty.io.grpc.StatusRuntimeException: UNAVAILABLE: io exception
2019-11-18 11:27:44,615 [grpc-default-executor-0] INFO  impl.FollowerInfo (FollowerInfo.java:lambda$new$0(51)) - 67063eba-d0cd-4c00-aa34-c87f51e61a60@group-08DCA1F21008->b14c1e87-4020-4c6d-bcb6-f7f922273c3e: nextIndex: updateUnconditionally 0 -> 0
2019-11-18 11:27:44,640 [EventQueue-ContainerReportForContainerReportHandler] WARN  container.ContainerReportHandler (AbstractContainerReportHandler.java:updateContainerState(145)) - Container #1 is in OPEN state, but the datanode c9b88515-1c59-4f59-a2e2-ec16c09fdaea{ip: 192.168.164.220, host: pr-hdds-2372-2m6rk-3135575179, networkLocation: /default-rack, certSerialId: null} reports an CLOSED replica.
2019-11-18 11:27:44,747 [EventQueue-ContainerReportForContainerReportHandler] WARN  container.ContainerReportHandler (AbstractContainerReportHandler.java:updateContainerState(145)) - Container #1 is in OPEN state, but the datanode 67063eba-d0cd-4c00-aa34-c87f51e61a60{ip: 192.168.164.220, host: pr-hdds-2372-2m6rk-3135575179, networkLocation: /default-rack, certSerialId: null} reports an CLOSED replica.
2019-11-18 11:27:44,941 [EventQueue-ContainerReportForContainerReportHandler] WARN  container.ContainerReportHandler (AbstractContainerReportHandler.java:updateContainerState(145)) - Container #1 is in OPEN state, but the datanode c9b88515-1c59-4f59-a2e2-ec16c09fdaea{ip: 192.168.164.220, host: pr-hdds-2372-2m6rk-3135575179, networkLocation: /default-rack, certSerialId: null} reports an CLOSED replica.
2019-11-18 11:27:44,949 [EventQueue-ContainerReportForContainerReportHandler] WARN  container.ContainerReportHandler (AbstractContainerReportHandler.java:updateContainerState(145)) - Container #1 is in OPEN state, but the datanode 67063eba-d0cd-4c00-aa34-c87f51e61a60{ip: 192.168.164.220, host: pr-hdds-2372-2m6rk-3135575179, networkLocation: /default-rack, certSerialId: null} reports an CLOSED replica.
2019-11-18 11:27:45,140 [BlockDeletingService#2] WARN  background.BlockDeletingService (BlockDeletingService.java:isDeletionAllowed(187)) - Close Container log Index 6 is not replicated across allthe servers in the pipeline 05de8610-ef8e-43ec-b774-08dca1f21008 as the min replicated index is 4. Deletion is not allowed in this container yet.
2019-11-18 11:27:45,140 [BlockDeletingService#2] WARN  background.BlockDeletingService (BlockDeletingService.java:isDeletionAllowed(187)) - Close Container log Index 6 is not replicated across allthe servers in the pipeline 05de8610-ef8e-43ec-b774-08dca1f21008 as the min replicated index is 4. Deletion is not allowed in this container yet.
2019-11-18 11:27:45,141 [EventQueue-ContainerReportForContainerReportHandler] WARN  container.ContainerReportHandler (AbstractContainerReportHandler.java:updateContainerState(145)) - Container #1 is in OPEN state, but the datanode c9b88515-1c59-4f59-a2e2-ec16c09fdaea{ip: 192.168.164.220, host: pr-hdds-2372-2m6rk-3135575179, networkLocation: /default-rack, certSerialId: null} reports an CLOSED replica.
2019-11-18 11:27:45,151 [EventQueue-ContainerReportForContainerReportHandler] WARN  container.ContainerReportHandler (AbstractContainerReportHandler.java:updateContainerState(145)) - Container #1 is in OPEN state, but the datanode 67063eba-d0cd-4c00-aa34-c87f51e61a60{ip: 192.168.164.220, host: pr-hdds-2372-2m6rk-3135575179, networkLocation: /default-rack, certSerialId: null} reports an CLOSED replica.
2019-11-18 11:27:45,443 [EventQueue-ContainerReportForContainerReportHandler] WARN  container.ContainerReportHandler (AbstractContainerReportHandler.java:updateContainerState(145)) - Container #1 is in OPEN state, but the datanode c9b88515-1c59-4f59-a2e2-ec16c09fdaea{ip: 192.168.164.220, host: pr-hdds-2372-2m6rk-3135575179, networkLocation: /default-rack, certSerialId: null} reports an CLOSED replica.
2019-11-18 11:27:45,452 [EventQueue-ContainerReportForContainerReportHandler] WARN  container.ContainerReportHandler (AbstractContainerReportHandler.java:updateContainerState(145)) - Container #1 is in OPEN state, but the datanode 67063eba-d0cd-4c00-aa34-c87f51e61a60{ip: 192.168.164.220, host: pr-hdds-2372-2m6rk-3135575179, networkLocation: /default-rack, certSerialId: null} reports an CLOSED replica.
2019-11-18 11:27:45,609 [Thread-386] INFO  client.GrpcClientProtocolService (GrpcClientProtocolService.java:lambda$processClientRequest$0(279)) - Failed RaftClientRequest:client-E41A5C59983E->c9b88515-1c59-4f59-a2e2-ec16c09fdaea@group-08DCA1F21008, cid=23, seq=0, Watch-ALL_COMMITTED(6), Message:<EMPTY>, reply=RaftClientReply:client-E41A5C59983E->c9b88515-1c59-4f59-a2e2-ec16c09fdaea@group-08DCA1F21008, cid=23, FAILED org.apache.ratis.protocol.NotLeaderException: Server c9b88515-1c59-4f59-a2e2-ec16c09fdaea@group-08DCA1F21008 is not the leader 67063eba-d0cd-4c00-aa34-c87f51e61a60:192.168.164.220:39623, logIndex=0, commits[c9b88515-1c59-4f59-a2e2-ec16c09fdaea:c10, 67063eba-d0cd-4c00-aa34-c87f51e61a60:c10, b14c1e87-4020-4c6d-bcb6-f7f922273c3e:c4]
2019-11-18 11:27:45,746 [EventQueue-ContainerReportForContainerReportHandler] WARN  container.ContainerReportHandler (AbstractContainerReportHandler.java:updateContainerState(145)) - Container #1 is in OPEN state, but the datanode c9b88515-1c59-4f59-a2e2-ec16c09fdaea{ip: 192.168.164.220, host: pr-hdds-2372-2m6rk-3135575179, networkLocation: /default-rack, certSerialId: null} reports an CLOSED replica.
2019-11-18 11:27:45,852 [EventQueue-ContainerReportForContainerReportHandler] WARN  container.ContainerReportHandler (AbstractContainerReportHandler.java:updateContainerState(145)) - Container #1 is in OPEN state, but the datanode 67063eba-d0cd-4c00-aa34-c87f51e61a60{ip: 192.168.164.220, host: pr-hdds-2372-2m6rk-3135575179, networkLocation: /default-rack, certSerialId: null} reports an CLOSED replica.
2019-11-18 11:27:46,043 [EventQueue-ContainerReportForContainerReportHandler] WARN  container.ContainerReportHandler (AbstractContainerReportHandler.java:updateContainerState(145)) - Container #1 is in OPEN state, but the datanode c9b88515-1c59-4f59-a2e2-ec16c09fdaea{ip: 192.168.164.220, host: pr-hdds-2372-2m6rk-3135575179, networkLocation: /default-rack, certSerialId: null} reports an CLOSED replica.
2019-11-18 11:27:46,053 [EventQueue-ContainerReportForContainerReportHandler] WARN  container.ContainerReportHandler (AbstractContainerReportHandler.java:updateContainerState(145)) - Container #1 is in OPEN state, but the datanode 67063eba-d0cd-4c00-aa34-c87f51e61a60{ip: 192.168.164.220, host: pr-hdds-2372-2m6rk-3135575179, networkLocation: /default-rack, certSerialId: null} reports an CLOSED replica.
2019-11-18 11:27:46,144 [BlockDeletingService#2] WARN  background.BlockDeletingService (BlockDeletingService.java:isDeletionAllowed(187)) - Close Container log Index 6 is not replicated across allthe servers in the pipeline 05de8610-ef8e-43ec-b774-08dca1f21008 as the min replicated index is 4. Deletion is not allowed in this container yet.
2019-11-18 11:27:46,144 [BlockDeletingService#2] WARN  background.BlockDeletingService (BlockDeletingService.java:isDeletionAllowed(187)) - Close Container log Index 6 is not replicated across allthe servers in the pipeline 05de8610-ef8e-43ec-b774-08dca1f21008 as the min replicated index is 4. Deletion is not allowed in this container yet.
2019-11-18 11:27:46,444 [EventQueue-ContainerReportForContainerReportHandler] WARN  container.ContainerReportHandler (AbstractContainerReportHandler.java:updateContainerState(145)) - Container #1 is in OPEN state, but the datanode c9b88515-1c59-4f59-a2e2-ec16c09fdaea{ip: 192.168.164.220, host: pr-hdds-2372-2m6rk-3135575179, networkLocation: /default-rack, certSerialId: null} reports an CLOSED replica.
2019-11-18 11:27:46,455 [EventQueue-ContainerReportForContainerReportHandler] WARN  container.ContainerReportHandler (AbstractContainerReportHandler.java:updateContainerState(145)) - Container #1 is in OPEN state, but the datanode 67063eba-d0cd-4c00-aa34-c87f51e61a60{ip: 192.168.164.220, host: pr-hdds-2372-2m6rk-3135575179, networkLocation: /default-rack, certSerialId: null} reports an CLOSED replica.
2019-11-18 11:27:46,684 [Thread-391] INFO  client.GrpcClientProtocolService (GrpcClientProtocolService.java:lambda$processClientRequest$0(279)) - Failed RaftClientRequest:client-E41A5C59983E->67063eba-d0cd-4c00-aa34-c87f51e61a60@group-08DCA1F21008, cid=23, seq=0, Watch-ALL_COMMITTED(6), Message:<EMPTY>, reply=RaftClientReply:client-E41A5C59983E->67063eba-d0cd-4c00-aa34-c87f51e61a60@group-08DCA1F21008, cid=23, FAILED org.apache.ratis.protocol.NotReplicatedException: Request with call Id 23 and log index 6 is not yet replicated to ALL_COMMITTED, logIndex=6, commits[67063eba-d0cd-4c00-aa34-c87f51e61a60:c10, c9b88515-1c59-4f59-a2e2-ec16c09fdaea:c10, b14c1e87-4020-4c6d-bcb6-f7f922273c3e:c4]
2019-11-18 11:27:46,743 [EventQueue-ContainerReportForContainerReportHandler] WARN  container.ContainerReportHandler (AbstractContainerReportHandler.java:updateContainerState(145)) - Container #1 is in OPEN state, but the datanode c9b88515-1c59-4f59-a2e2-ec16c09fdaea{ip: 192.168.164.220, host: pr-hdds-2372-2m6rk-3135575179, networkLocation: /default-rack, certSerialId: null} reports an CLOSED replica.
2019-11-18 11:27:46,755 [EventQueue-ContainerReportForContainerReportHandler] WARN  container.ContainerReportHandler (AbstractContainerReportHandler.java:updateContainerState(145)) - Container #1 is in OPEN state, but the datanode 67063eba-d0cd-4c00-aa34-c87f51e61a60{ip: 192.168.164.220, host: pr-hdds-2372-2m6rk-3135575179, networkLocation: /default-rack, certSerialId: null} reports an CLOSED replica.
2019-11-18 11:27:47,120 [grpc-default-executor-2] WARN  server.GrpcLogAppender (LogUtils.java:warn(134)) - 67063eba-d0cd-4c00-aa34-c87f51e61a60@group-08DCA1F21008->b14c1e87-4020-4c6d-bcb6-f7f922273c3e-AppendLogResponseHandler: Failed appendEntries: org.apache.ratis.thirdparty.io.grpc.StatusRuntimeException: UNAVAILABLE: io exception
2019-11-18 11:27:47,127 [grpc-default-executor-2] INFO  impl.FollowerInfo (FollowerInfo.java:lambda$new$0(51)) - 67063eba-d0cd-4c00-aa34-c87f51e61a60@group-08DCA1F21008->b14c1e87-4020-4c6d-bcb6-f7f922273c3e: nextIndex: updateUnconditionally 0 -> 0
2019-11-18 11:27:47,145 [EventQueue-ContainerReportForContainerReportHandler] WARN  container.ContainerReportHandler (AbstractContainerReportHandler.java:updateContainerState(145)) - Container #1 is in OPEN state, but the datanode c9b88515-1c59-4f59-a2e2-ec16c09fdaea{ip: 192.168.164.220, host: pr-hdds-2372-2m6rk-3135575179, networkLocation: /default-rack, certSerialId: null} reports an CLOSED replica.
2019-11-18 11:27:47,149 [BlockDeletingService#2] WARN  background.BlockDeletingService (BlockDeletingService.java:isDeletionAllowed(187)) - Close Container log Index 6 is not replicated across allthe servers in the pipeline 05de8610-ef8e-43ec-b774-08dca1f21008 as the min replicated index is 4. Deletion is not allowed in this container yet.
2019-11-18 11:27:47,149 [BlockDeletingService#2] WARN  background.BlockDeletingService (BlockDeletingService.java:isDeletionAllowed(187)) - Close Container log Index 6 is not replicated across allthe servers in the pipeline 05de8610-ef8e-43ec-b774-08dca1f21008 as the min replicated index is 4. Deletion is not allowed in this container yet.
2019-11-18 11:27:47,156 [EventQueue-ContainerReportForContainerReportHandler] WARN  container.ContainerReportHandler (AbstractContainerReportHandler.java:updateContainerState(145)) - Container #1 is in OPEN state, but the datanode 67063eba-d0cd-4c00-aa34-c87f51e61a60{ip: 192.168.164.220, host: pr-hdds-2372-2m6rk-3135575179, networkLocation: /default-rack, certSerialId: null} reports an CLOSED replica.
2019-11-18 11:27:47,446 [EventQueue-ContainerReportForContainerReportHandler] WARN  container.ContainerReportHandler (AbstractContainerReportHandler.java:updateContainerState(145)) - Container #1 is in OPEN state, but the datanode c9b88515-1c59-4f59-a2e2-ec16c09fdaea{ip: 192.168.164.220, host: pr-hdds-2372-2m6rk-3135575179, networkLocation: /default-rack, certSerialId: null} reports an CLOSED replica.
2019-11-18 11:27:47,456 [EventQueue-ContainerReportForContainerReportHandler] WARN  container.ContainerReportHandler (AbstractContainerReportHandler.java:updateContainerState(145)) - Container #1 is in OPEN state, but the datanode 67063eba-d0cd-4c00-aa34-c87f51e61a60{ip: 192.168.164.220, host: pr-hdds-2372-2m6rk-3135575179, networkLocation: /default-rack, certSerialId: null} reports an CLOSED replica.
2019-11-18 11:27:47,756 [EventQueue-ContainerReportForContainerReportHandler] WARN  container.ContainerReportHandler (AbstractContainerReportHandler.java:updateContainerState(145)) - Container #1 is in OPEN state, but the datanode 67063eba-d0cd-4c00-aa34-c87f51e61a60{ip: 192.168.164.220, host: pr-hdds-2372-2m6rk-3135575179, networkLocation: /default-rack, certSerialId: null} reports an CLOSED replica.
2019-11-18 11:27:47,847 [EventQueue-ContainerReportForContainerReportHandler] WARN  container.ContainerReportHandler (AbstractContainerReportHandler.java:updateContainerState(145)) - Container #1 is in OPEN state, but the datanode c9b88515-1c59-4f59-a2e2-ec16c09fdaea{ip: 192.168.164.220, host: pr-hdds-2372-2m6rk-3135575179, networkLocation: /default-rack, certSerialId: null} reports an CLOSED replica.
2019-11-18 11:27:48,057 [EventQueue-ContainerReportForContainerReportHandler] WARN  container.ContainerReportHandler (AbstractContainerReportHandler.java:updateContainerState(145)) - Container #1 is in OPEN state, but the datanode 67063eba-d0cd-4c00-aa34-c87f51e61a60{ip: 192.168.164.220, host: pr-hdds-2372-2m6rk-3135575179, networkLocation: /default-rack, certSerialId: null} reports an CLOSED replica.
2019-11-18 11:27:48,148 [EventQueue-ContainerReportForContainerReportHandler] WARN  container.ContainerReportHandler (AbstractContainerReportHandler.java:updateContainerState(145)) - Container #1 is in OPEN state, but the datanode c9b88515-1c59-4f59-a2e2-ec16c09fdaea{ip: 192.168.164.220, host: pr-hdds-2372-2m6rk-3135575179, networkLocation: /default-rack, certSerialId: null} reports an CLOSED replica.
2019-11-18 11:27:48,153 [BlockDeletingService#2] WARN  background.BlockDeletingService (BlockDeletingService.java:isDeletionAllowed(187)) - Close Container log Index 6 is not replicated across allthe servers in the pipeline 05de8610-ef8e-43ec-b774-08dca1f21008 as the min replicated index is 4. Deletion is not allowed in this container yet.
2019-11-18 11:27:48,153 [BlockDeletingService#2] WARN  background.BlockDeletingService (BlockDeletingService.java:isDeletionAllowed(187)) - Close Container log Index 6 is not replicated across allthe servers in the pipeline 05de8610-ef8e-43ec-b774-08dca1f21008 as the min replicated index is 4. Deletion is not allowed in this container yet.
2019-11-18 11:27:48,356 [EventQueue-ContainerReportForContainerReportHandler] WARN  container.ContainerReportHandler (AbstractContainerReportHandler.java:updateContainerState(145)) - Container #1 is in OPEN state, but the datanode 67063eba-d0cd-4c00-aa34-c87f51e61a60{ip: 192.168.164.220, host: pr-hdds-2372-2m6rk-3135575179, networkLocation: /default-rack, certSerialId: null} reports an CLOSED replica.
2019-11-18 11:27:48,448 [EventQueue-ContainerReportForContainerReportHandler] WARN  container.ContainerReportHandler (AbstractContainerReportHandler.java:updateContainerState(145)) - Container #1 is in OPEN state, but the datanode c9b88515-1c59-4f59-a2e2-ec16c09fdaea{ip: 192.168.164.220, host: pr-hdds-2372-2m6rk-3135575179, networkLocation: /default-rack, certSerialId: null} reports an CLOSED replica.
2019-11-18 11:27:48,648 [EventQueue-ContainerReportForContainerReportHandler] WARN  container.ContainerReportHandler (AbstractContainerReportHandler.java:updateContainerState(145)) - Container #1 is in OPEN state, but the datanode c9b88515-1c59-4f59-a2e2-ec16c09fdaea{ip: 192.168.164.220, host: pr-hdds-2372-2m6rk-3135575179, networkLocation: /default-rack, certSerialId: null} reports an CLOSED replica.
2019-11-18 11:27:48,657 [EventQueue-ContainerReportForContainerReportHandler] WARN  container.ContainerReportHandler (AbstractContainerReportHandler.java:updateContainerState(145)) - Container #1 is in OPEN state, but the datanode 67063eba-d0cd-4c00-aa34-c87f51e61a60{ip: 192.168.164.220, host: pr-hdds-2372-2m6rk-3135575179, networkLocation: /default-rack, certSerialId: null} reports an CLOSED replica.
2019-11-18 11:27:48,857 [EventQueue-ContainerReportForContainerReportHandler] WARN  container.ContainerReportHandler (AbstractContainerReportHandler.java:updateContainerState(145)) - Container #1 is in OPEN state, but the datanode 67063eba-d0cd-4c00-aa34-c87f51e61a60{ip: 192.168.164.220, host: pr-hdds-2372-2m6rk-3135575179, networkLocation: /default-rack, certSerialId: null} reports an CLOSED replica.
2019-11-18 11:27:48,949 [EventQueue-ContainerReportForContainerReportHandler] WARN  container.ContainerReportHandler (AbstractContainerReportHandler.java:updateContainerState(145)) - Container #1 is in OPEN state, but the datanode c9b88515-1c59-4f59-a2e2-ec16c09fdaea{ip: 192.168.164.220, host: pr-hdds-2372-2m6rk-3135575179, networkLocation: /default-rack, certSerialId: null} reports an CLOSED replica.
2019-11-18 11:27:49,057 [EventQueue-ContainerReportForContainerReportHandler] WARN  container.ContainerReportHandler (AbstractContainerReportHandler.java:updateContainerState(145)) - Container #1 is in OPEN state, but the datanode 67063eba-d0cd-4c00-aa34-c87f51e61a60{ip: 192.168.164.220, host: pr-hdds-2372-2m6rk-3135575179, networkLocation: /default-rack, certSerialId: null} reports an CLOSED replica.
2019-11-18 11:27:49,149 [EventQueue-ContainerReportForContainerReportHandler] WARN  container.ContainerReportHandler (AbstractContainerReportHandler.java:updateContainerState(145)) - Container #1 is in OPEN state, but the datanode c9b88515-1c59-4f59-a2e2-ec16c09fdaea{ip: 192.168.164.220, host: pr-hdds-2372-2m6rk-3135575179, networkLocation: /default-rack, certSerialId: null} reports an CLOSED replica.
2019-11-18 11:27:49,156 [BlockDeletingService#2] WARN  background.BlockDeletingService (BlockDeletingService.java:isDeletionAllowed(187)) - Close Container log Index 6 is not replicated across allthe servers in the pipeline 05de8610-ef8e-43ec-b774-08dca1f21008 as the min replicated index is 4. Deletion is not allowed in this container yet.
2019-11-18 11:27:49,156 [BlockDeletingService#2] WARN  background.BlockDeletingService (BlockDeletingService.java:isDeletionAllowed(187)) - Close Container log Index 6 is not replicated across allthe servers in the pipeline 05de8610-ef8e-43ec-b774-08dca1f21008 as the min replicated index is 4. Deletion is not allowed in this container yet.
2019-11-18 11:27:49,358 [EventQueue-ContainerReportForContainerReportHandler] WARN  container.ContainerReportHandler (AbstractContainerReportHandler.java:updateContainerState(145)) - Container #1 is in OPEN state, but the datanode 67063eba-d0cd-4c00-aa34-c87f51e61a60{ip: 192.168.164.220, host: pr-hdds-2372-2m6rk-3135575179, networkLocation: /default-rack, certSerialId: null} reports an CLOSED replica.
2019-11-18 11:27:49,450 [EventQueue-ContainerReportForContainerReportHandler] WARN  container.ContainerReportHandler (AbstractContainerReportHandler.java:updateContainerState(145)) - Container #1 is in OPEN state, but the datanode c9b88515-1c59-4f59-a2e2-ec16c09fdaea{ip: 192.168.164.220, host: pr-hdds-2372-2m6rk-3135575179, networkLocation: /default-rack, certSerialId: null} reports an CLOSED replica.
2019-11-18 11:27:49,627 [grpc-default-executor-2] WARN  server.GrpcLogAppender (LogUtils.java:warn(134)) - 67063eba-d0cd-4c00-aa34-c87f51e61a60@group-08DCA1F21008->b14c1e87-4020-4c6d-bcb6-f7f922273c3e-AppendLogResponseHandler: Failed appendEntries: org.apache.ratis.thirdparty.io.grpc.StatusRuntimeException: UNAVAILABLE: io exception
2019-11-18 11:27:49,628 [grpc-default-executor-2] INFO  impl.FollowerInfo (FollowerInfo.java:lambda$new$0(51)) - 67063eba-d0cd-4c00-aa34-c87f51e61a60@group-08DCA1F21008->b14c1e87-4020-4c6d-bcb6-f7f922273c3e: nextIndex: updateUnconditionally 0 -> 0
2019-11-18 11:27:49,658 [EventQueue-ContainerReportForContainerReportHandler] WARN  container.ContainerReportHandler (AbstractContainerReportHandler.java:updateContainerState(145)) - Container #1 is in OPEN state, but the datanode 67063eba-d0cd-4c00-aa34-c87f51e61a60{ip: 192.168.164.220, host: pr-hdds-2372-2m6rk-3135575179, networkLocation: /default-rack, certSerialId: null} reports an CLOSED replica.
2019-11-18 11:27:49,753 [EventQueue-ContainerReportForContainerReportHandler] WARN  container.ContainerReportHandler (AbstractContainerReportHandler.java:updateContainerState(145)) - Container #1 is in OPEN state, but the datanode c9b88515-1c59-4f59-a2e2-ec16c09fdaea{ip: 192.168.164.220, host: pr-hdds-2372-2m6rk-3135575179, networkLocation: /default-rack, certSerialId: null} reports an CLOSED replica.
2019-11-18 11:27:49,958 [EventQueue-ContainerReportForContainerReportHandler] WARN  container.ContainerReportHandler (AbstractContainerReportHandler.java:updateContainerState(145)) - Container #1 is in OPEN state, but the datanode 67063eba-d0cd-4c00-aa34-c87f51e61a60{ip: 192.168.164.220, host: pr-hdds-2372-2m6rk-3135575179, networkLocation: /default-rack, certSerialId: null} reports an CLOSED replica.
2019-11-18 11:27:50,051 [EventQueue-ContainerReportForContainerReportHandler] WARN  container.ContainerReportHandler (AbstractContainerReportHandler.java:updateContainerState(145)) - Container #1 is in OPEN state, but the datanode c9b88515-1c59-4f59-a2e2-ec16c09fdaea{ip: 192.168.164.220, host: pr-hdds-2372-2m6rk-3135575179, networkLocation: /default-rack, certSerialId: null} reports an CLOSED replica.
2019-11-18 11:27:50,159 [BlockDeletingService#2] WARN  background.BlockDeletingService (BlockDeletingService.java:isDeletionAllowed(187)) - Close Container log Index 6 is not replicated across allthe servers in the pipeline 05de8610-ef8e-43ec-b774-08dca1f21008 as the min replicated index is 4. Deletion is not allowed in this container yet.
2019-11-18 11:27:50,159 [BlockDeletingService#2] WARN  background.BlockDeletingService (BlockDeletingService.java:isDeletionAllowed(187)) - Close Container log Index 6 is not replicated across allthe servers in the pipeline 05de8610-ef8e-43ec-b774-08dca1f21008 as the min replicated index is 4. Deletion is not allowed in this container yet.
2019-11-18 11:27:50,251 [EventQueue-ContainerReportForContainerReportHandler] WARN  container.ContainerReportHandler (AbstractContainerReportHandler.java:updateContainerState(145)) - Container #1 is in OPEN state, but the datanode c9b88515-1c59-4f59-a2e2-ec16c09fdaea{ip: 192.168.164.220, host: pr-hdds-2372-2m6rk-3135575179, networkLocation: /default-rack, certSerialId: null} reports an CLOSED replica.
2019-11-18 11:27:50,258 [EventQueue-ContainerReportForContainerReportHandler] WARN  container.ContainerReportHandler (AbstractContainerReportHandler.java:updateContainerState(145)) - Container #1 is in OPEN state, but the datanode 67063eba-d0cd-4c00-aa34-c87f51e61a60{ip: 192.168.164.220, host: pr-hdds-2372-2m6rk-3135575179, networkLocation: /default-rack, certSerialId: null} reports an CLOSED replica.
2019-11-18 11:27:50,458 [EventQueue-ContainerReportForContainerReportHandler] WARN  container.ContainerReportHandler (AbstractContainerReportHandler.java:updateContainerState(145)) - Container #1 is in OPEN state, but the datanode 67063eba-d0cd-4c00-aa34-c87f51e61a60{ip: 192.168.164.220, host: pr-hdds-2372-2m6rk-3135575179, networkLocation: /default-rack, certSerialId: null} reports an CLOSED replica.
2019-11-18 11:27:50,651 [EventQueue-ContainerReportForContainerReportHandler] WARN  container.ContainerReportHandler (AbstractContainerReportHandler.java:updateContainerState(145)) - Container #1 is in OPEN state, but the datanode c9b88515-1c59-4f59-a2e2-ec16c09fdaea{ip: 192.168.164.220, host: pr-hdds-2372-2m6rk-3135575179, networkLocation: /default-rack, certSerialId: null} reports an CLOSED replica.
2019-11-18 11:27:50,759 [EventQueue-ContainerReportForContainerReportHandler] WARN  container.ContainerReportHandler (AbstractContainerReportHandler.java:updateContainerState(145)) - Container #1 is in OPEN state, but the datanode 67063eba-d0cd-4c00-aa34-c87f51e61a60{ip: 192.168.164.220, host: pr-hdds-2372-2m6rk-3135575179, networkLocation: /default-rack, certSerialId: null} reports an CLOSED replica.
2019-11-18 11:27:50,851 [EventQueue-ContainerReportForContainerReportHandler] WARN  container.ContainerReportHandler (AbstractContainerReportHandler.java:updateContainerState(145)) - Container #1 is in OPEN state, but the datanode c9b88515-1c59-4f59-a2e2-ec16c09fdaea{ip: 192.168.164.220, host: pr-hdds-2372-2m6rk-3135575179, networkLocation: /default-rack, certSerialId: null} reports an CLOSED replica.
2019-11-18 11:27:51,052 [EventQueue-ContainerReportForContainerReportHandler] WARN  container.ContainerReportHandler (AbstractContainerReportHandler.java:updateContainerState(145)) - Container #1 is in OPEN state, but the datanode c9b88515-1c59-4f59-a2e2-ec16c09fdaea{ip: 192.168.164.220, host: pr-hdds-2372-2m6rk-3135575179, networkLocation: /default-rack, certSerialId: null} reports an CLOSED replica.
2019-11-18 11:27:51,060 [EventQueue-ContainerReportForContainerReportHandler] WARN  container.ContainerReportHandler (AbstractContainerReportHandler.java:updateContainerState(145)) - Container #1 is in OPEN state, but the datanode 67063eba-d0cd-4c00-aa34-c87f51e61a60{ip: 192.168.164.220, host: pr-hdds-2372-2m6rk-3135575179, networkLocation: /default-rack, certSerialId: null} reports an CLOSED replica.
2019-11-18 11:27:51,161 [BlockDeletingService#2] WARN  background.BlockDeletingService (BlockDeletingService.java:isDeletionAllowed(187)) - Close Container log Index 6 is not replicated across allthe servers in the pipeline 05de8610-ef8e-43ec-b774-08dca1f21008 as the min replicated index is 4. Deletion is not allowed in this container yet.
2019-11-18 11:27:51,161 [BlockDeletingService#2] WARN  background.BlockDeletingService (BlockDeletingService.java:isDeletionAllowed(187)) - Close Container log Index 6 is not replicated across allthe servers in the pipeline 05de8610-ef8e-43ec-b774-08dca1f21008 as the min replicated index is 4. Deletion is not allowed in this container yet.
2019-11-18 11:27:51,354 [EventQueue-ContainerReportForContainerReportHandler] WARN  container.ContainerReportHandler (AbstractContainerReportHandler.java:updateContainerState(145)) - Container #1 is in OPEN state, but the datanode c9b88515-1c59-4f59-a2e2-ec16c09fdaea{ip: 192.168.164.220, host: pr-hdds-2372-2m6rk-3135575179, networkLocation: /default-rack, certSerialId: null} reports an CLOSED replica.
2019-11-18 11:27:51,460 [EventQueue-ContainerReportForContainerReportHandler] WARN  container.ContainerReportHandler (AbstractContainerReportHandler.java:updateContainerState(145)) - Container #1 is in OPEN state, but the datanode 67063eba-d0cd-4c00-aa34-c87f51e61a60{ip: 192.168.164.220, host: pr-hdds-2372-2m6rk-3135575179, networkLocation: /default-rack, certSerialId: null} reports an CLOSED replica.
2019-11-18 11:27:51,554 [EventQueue-ContainerReportForContainerReportHandler] WARN  container.ContainerReportHandler (AbstractContainerReportHandler.java:updateContainerState(145)) - Container #1 is in OPEN state, but the datanode c9b88515-1c59-4f59-a2e2-ec16c09fdaea{ip: 192.168.164.220, host: pr-hdds-2372-2m6rk-3135575179, networkLocation: /default-rack, certSerialId: null} reports an CLOSED replica.
2019-11-18 11:27:51,860 [EventQueue-ContainerReportForContainerReportHandler] WARN  container.ContainerReportHandler (AbstractContainerReportHandler.java:updateContainerState(145)) - Container #1 is in OPEN state, but the datanode 67063eba-d0cd-4c00-aa34-c87f51e61a60{ip: 192.168.164.220, host: pr-hdds-2372-2m6rk-3135575179, networkLocation: /default-rack, certSerialId: null} reports an CLOSED replica.
2019-11-18 11:27:51,954 [EventQueue-ContainerReportForContainerReportHandler] WARN  container.ContainerReportHandler (AbstractContainerReportHandler.java:updateContainerState(145)) - Container #1 is in OPEN state, but the datanode c9b88515-1c59-4f59-a2e2-ec16c09fdaea{ip: 192.168.164.220, host: pr-hdds-2372-2m6rk-3135575179, networkLocation: /default-rack, certSerialId: null} reports an CLOSED replica.
2019-11-18 11:27:52,060 [EventQueue-ContainerReportForContainerReportHandler] WARN  container.ContainerReportHandler (AbstractContainerReportHandler.java:updateContainerState(145)) - Container #1 is in OPEN state, but the datanode 67063eba-d0cd-4c00-aa34-c87f51e61a60{ip: 192.168.164.220, host: pr-hdds-2372-2m6rk-3135575179, networkLocation: /default-rack, certSerialId: null} reports an CLOSED replica.
2019-11-18 11:27:52,133 [grpc-default-executor-2] WARN  server.GrpcLogAppender (LogUtils.java:warn(134)) - 67063eba-d0cd-4c00-aa34-c87f51e61a60@group-08DCA1F21008->b14c1e87-4020-4c6d-bcb6-f7f922273c3e-AppendLogResponseHandler: Failed appendEntries: org.apache.ratis.thirdparty.io.grpc.StatusRuntimeException: UNAVAILABLE: io exception
2019-11-18 11:27:52,135 [grpc-default-executor-2] INFO  impl.FollowerInfo (FollowerInfo.java:lambda$new$0(51)) - 67063eba-d0cd-4c00-aa34-c87f51e61a60@group-08DCA1F21008->b14c1e87-4020-4c6d-bcb6-f7f922273c3e: nextIndex: updateUnconditionally 0 -> 0
2019-11-18 11:27:52,156 [EventQueue-ContainerReportForContainerReportHandler] WARN  container.ContainerReportHandler (AbstractContainerReportHandler.java:updateContainerState(145)) - Container #1 is in OPEN state, but the datanode c9b88515-1c59-4f59-a2e2-ec16c09fdaea{ip: 192.168.164.220, host: pr-hdds-2372-2m6rk-3135575179, networkLocation: /default-rack, certSerialId: null} reports an CLOSED replica.
2019-11-18 11:27:52,164 [BlockDeletingService#2] WARN  background.BlockDeletingService (BlockDeletingService.java:isDeletionAllowed(187)) - Close Container log Index 6 is not replicated across allthe servers in the pipeline 05de8610-ef8e-43ec-b774-08dca1f21008 as the min replicated index is 4. Deletion is not allowed in this container yet.
2019-11-18 11:27:52,164 [BlockDeletingService#2] WARN  background.BlockDeletingService (BlockDeletingService.java:isDeletionAllowed(187)) - Close Container log Index 6 is not replicated across allthe servers in the pipeline 05de8610-ef8e-43ec-b774-08dca1f21008 as the min replicated index is 4. Deletion is not allowed in this container yet.
2019-11-18 11:27:52,361 [EventQueue-ContainerReportForContainerReportHandler] WARN  container.ContainerReportHandler (AbstractContainerReportHandler.java:updateContainerState(145)) - Container #1 is in OPEN state, but the datanode 67063eba-d0cd-4c00-aa34-c87f51e61a60{ip: 192.168.164.220, host: pr-hdds-2372-2m6rk-3135575179, networkLocation: /default-rack, certSerialId: null} reports an CLOSED replica.
2019-11-18 11:27:52,553 [EventQueue-ContainerReportForContainerReportHandler] WARN  container.ContainerReportHandler (AbstractContainerReportHandler.java:updateContainerState(145)) - Container #1 is in OPEN state, but the datanode c9b88515-1c59-4f59-a2e2-ec16c09fdaea{ip: 192.168.164.220, host: pr-hdds-2372-2m6rk-3135575179, networkLocation: /default-rack, certSerialId: null} reports an CLOSED replica.
2019-11-18 11:27:52,560 [EventQueue-ContainerReportForContainerReportHandler] WARN  container.ContainerReportHandler (AbstractContainerReportHandler.java:updateContainerState(145)) - Container #1 is in OPEN state, but the datanode 67063eba-d0cd-4c00-aa34-c87f51e61a60{ip: 192.168.164.220, host: pr-hdds-2372-2m6rk-3135575179, networkLocation: /default-rack, certSerialId: null} reports an CLOSED replica.
2019-11-18 11:27:52,753 [EventQueue-ContainerReportForContainerReportHandler] WARN  container.ContainerReportHandler (AbstractContainerReportHandler.java:updateContainerState(145)) - Container #1 is in OPEN state, but the datanode c9b88515-1c59-4f59-a2e2-ec16c09fdaea{ip: 192.168.164.220, host: pr-hdds-2372-2m6rk-3135575179, networkLocation: /default-rack, certSerialId: null} reports an CLOSED replica.
2019-11-18 11:27:52,861 [EventQueue-ContainerReportForContainerReportHandler] WARN  container.ContainerReportHandler (AbstractContainerReportHandler.java:updateContainerState(145)) - Container #1 is in OPEN state, but the datanode 67063eba-d0cd-4c00-aa34-c87f51e61a60{ip: 192.168.164.220, host: pr-hdds-2372-2m6rk-3135575179, networkLocation: /default-rack, certSerialId: null} reports an CLOSED replica.
2019-11-18 11:27:53,054 [EventQueue-ContainerReportForContainerReportHandler] WARN  container.ContainerReportHandler (AbstractContainerReportHandler.java:updateContainerState(145)) - Container #1 is in OPEN state, but the datanode c9b88515-1c59-4f59-a2e2-ec16c09fdaea{ip: 192.168.164.220, host: pr-hdds-2372-2m6rk-3135575179, networkLocation: /default-rack, certSerialId: null} reports an CLOSED replica.
2019-11-18 11:27:53,062 [EventQueue-ContainerReportForContainerReportHandler] WARN  container.ContainerReportHandler (AbstractContainerReportHandler.java:updateContainerState(145)) - Container #1 is in OPEN state, but the datanode 67063eba-d0cd-4c00-aa34-c87f51e61a60{ip: 192.168.164.220, host: pr-hdds-2372-2m6rk-3135575179, networkLocation: /default-rack, certSerialId: null} reports an CLOSED replica.
2019-11-18 11:27:53,165 [BlockDeletingService#2] WARN  background.BlockDeletingService (BlockDeletingService.java:isDeletionAllowed(187)) - Close Container log Index 6 is not replicated across allthe servers in the pipeline 05de8610-ef8e-43ec-b774-08dca1f21008 as the min replicated index is 4. Deletion is not allowed in this container yet.
2019-11-18 11:27:53,165 [BlockDeletingService#2] WARN  background.BlockDeletingService (BlockDeletingService.java:isDeletionAllowed(187)) - Close Container log Index 6 is not replicated across allthe servers in the pipeline 05de8610-ef8e-43ec-b774-08dca1f21008 as the min replicated index is 4. Deletion is not allowed in this container yet.
2019-11-18 11:27:53,362 [EventQueue-ContainerReportForContainerReportHandler] WARN  container.ContainerReportHandler (AbstractContainerReportHandler.java:updateContainerState(145)) - Container #1 is in OPEN state, but the datanode 67063eba-d0cd-4c00-aa34-c87f51e61a60{ip: 192.168.164.220, host: pr-hdds-2372-2m6rk-3135575179, networkLocation: /default-rack, certSerialId: null} reports an CLOSED replica.
2019-11-18 11:27:53,454 [EventQueue-ContainerReportForContainerReportHandler] WARN  container.ContainerReportHandler (AbstractContainerReportHandler.java:updateContainerState(145)) - Container #1 is in OPEN state, but the datanode c9b88515-1c59-4f59-a2e2-ec16c09fdaea{ip: 192.168.164.220, host: pr-hdds-2372-2m6rk-3135575179, networkLocation: /default-rack, certSerialId: null} reports an CLOSED replica.
2019-11-18 11:27:53,562 [EventQueue-ContainerReportForContainerReportHandler] WARN  container.ContainerReportHandler (AbstractContainerReportHandler.java:updateContainerState(145)) - Container #1 is in OPEN state, but the datanode 67063eba-d0cd-4c00-aa34-c87f51e61a60{ip: 192.168.164.220, host: pr-hdds-2372-2m6rk-3135575179, networkLocation: /default-rack, certSerialId: null} reports an CLOSED replica.
2019-11-18 11:27:53,856 [EventQueue-ContainerReportForContainerReportHandler] WARN  container.ContainerReportHandler (AbstractContainerReportHandler.java:updateContainerState(145)) - Container #1 is in OPEN state, but the datanode c9b88515-1c59-4f59-a2e2-ec16c09fdaea{ip: 192.168.164.220, host: pr-hdds-2372-2m6rk-3135575179, networkLocation: /default-rack, certSerialId: null} reports an CLOSED replica.
2019-11-18 11:27:53,867 [EventQueue-ContainerReportForContainerReportHandler] WARN  container.ContainerReportHandler (AbstractContainerReportHandler.java:updateContainerState(145)) - Container #1 is in OPEN state, but the datanode 67063eba-d0cd-4c00-aa34-c87f51e61a60{ip: 192.168.164.220, host: pr-hdds-2372-2m6rk-3135575179, networkLocation: /default-rack, certSerialId: null} reports an CLOSED replica.
2019-11-18 11:27:54,056 [EventQueue-ContainerReportForContainerReportHandler] WARN  container.ContainerReportHandler (AbstractContainerReportHandler.java:updateContainerState(145)) - Container #1 is in OPEN state, but the datanode c9b88515-1c59-4f59-a2e2-ec16c09fdaea{ip: 192.168.164.220, host: pr-hdds-2372-2m6rk-3135575179, networkLocation: /default-rack, certSerialId: null} reports an CLOSED replica.
2019-11-18 11:27:54,067 [EventQueue-ContainerReportForContainerReportHandler] WARN  container.ContainerReportHandler (AbstractContainerReportHandler.java:updateContainerState(145)) - Container #1 is in OPEN state, but the datanode 67063eba-d0cd-4c00-aa34-c87f51e61a60{ip: 192.168.164.220, host: pr-hdds-2372-2m6rk-3135575179, networkLocation: /default-rack, certSerialId: null} reports an CLOSED replica.
2019-11-18 11:27:54,167 [BlockDeletingService#2] WARN  background.BlockDeletingService (BlockDeletingService.java:isDeletionAllowed(187)) - Close Container log Index 6 is not replicated across allthe servers in the pipeline 05de8610-ef8e-43ec-b774-08dca1f21008 as the min replicated index is 4. Deletion is not allowed in this container yet.
2019-11-18 11:27:54,167 [BlockDeletingService#2] WARN  background.BlockDeletingService (BlockDeletingService.java:isDeletionAllowed(187)) - Close Container log Index 6 is not replicated across allthe servers in the pipeline 05de8610-ef8e-43ec-b774-08dca1f21008 as the min replicated index is 4. Deletion is not allowed in this container yet.
2019-11-18 11:27:54,255 [EventQueue-ContainerReportForContainerReportHandler] WARN  container.ContainerReportHandler (AbstractContainerReportHandler.java:updateContainerState(145)) - Container #1 is in OPEN state, but the datanode c9b88515-1c59-4f59-a2e2-ec16c09fdaea{ip: 192.168.164.220, host: pr-hdds-2372-2m6rk-3135575179, networkLocation: /default-rack, certSerialId: null} reports an CLOSED replica.
2019-11-18 11:27:54,367 [EventQueue-ContainerReportForContainerReportHandler] WARN  container.ContainerReportHandler (AbstractContainerReportHandler.java:updateContainerState(145)) - Container #1 is in OPEN state, but the datanode 67063eba-d0cd-4c00-aa34-c87f51e61a60{ip: 192.168.164.220, host: pr-hdds-2372-2m6rk-3135575179, networkLocation: /default-rack, certSerialId: null} reports an CLOSED replica.
2019-11-18 11:27:54,556 [EventQueue-ContainerReportForContainerReportHandler] WARN  container.ContainerReportHandler (AbstractContainerReportHandler.java:updateContainerState(145)) - Container #1 is in OPEN state, but the datanode c9b88515-1c59-4f59-a2e2-ec16c09fdaea{ip: 192.168.164.220, host: pr-hdds-2372-2m6rk-3135575179, networkLocation: /default-rack, certSerialId: null} reports an CLOSED replica.
2019-11-18 11:27:54,634 [grpc-default-executor-3] WARN  server.GrpcLogAppender (LogUtils.java:warn(134)) - 67063eba-d0cd-4c00-aa34-c87f51e61a60@group-08DCA1F21008->b14c1e87-4020-4c6d-bcb6-f7f922273c3e-AppendLogResponseHandler: Failed appendEntries: org.apache.ratis.thirdparty.io.grpc.StatusRuntimeException: UNAVAILABLE: io exception
2019-11-18 11:27:54,637 [grpc-default-executor-3] INFO  impl.FollowerInfo (FollowerInfo.java:lambda$new$0(51)) - 67063eba-d0cd-4c00-aa34-c87f51e61a60@group-08DCA1F21008->b14c1e87-4020-4c6d-bcb6-f7f922273c3e: nextIndex: updateUnconditionally 0 -> 0
2019-11-18 11:27:54,639 [Thread-413] INFO  client.GrpcClientProtocolService (GrpcClientProtocolService.java:lambda$processClientRequest$0(279)) - Failed RaftClientRequest:client-E41A5C59983E->c9b88515-1c59-4f59-a2e2-ec16c09fdaea@group-08DCA1F21008, cid=23, seq=0, Watch-ALL_COMMITTED(6), Message:<EMPTY>, reply=RaftClientReply:client-E41A5C59983E->c9b88515-1c59-4f59-a2e2-ec16c09fdaea@group-08DCA1F21008, cid=23, FAILED org.apache.ratis.protocol.NotLeaderException: Server c9b88515-1c59-4f59-a2e2-ec16c09fdaea@group-08DCA1F21008 is not the leader 67063eba-d0cd-4c00-aa34-c87f51e61a60:192.168.164.220:39623, logIndex=0, commits[c9b88515-1c59-4f59-a2e2-ec16c09fdaea:c10, 67063eba-d0cd-4c00-aa34-c87f51e61a60:c10, b14c1e87-4020-4c6d-bcb6-f7f922273c3e:c4]
2019-11-18 11:27:54,668 [EventQueue-ContainerReportForContainerReportHandler] WARN  container.ContainerReportHandler (AbstractContainerReportHandler.java:updateContainerState(145)) - Container #1 is in OPEN state, but the datanode 67063eba-d0cd-4c00-aa34-c87f51e61a60{ip: 192.168.164.220, host: pr-hdds-2372-2m6rk-3135575179, networkLocation: /default-rack, certSerialId: null} reports an CLOSED replica.
2019-11-18 11:27:54,858 [EventQueue-ContainerReportForContainerReportHandler] WARN  container.ContainerReportHandler (AbstractContainerReportHandler.java:updateContainerState(145)) - Container #1 is in OPEN state, but the datanode c9b88515-1c59-4f59-a2e2-ec16c09fdaea{ip: 192.168.164.220, host: pr-hdds-2372-2m6rk-3135575179, networkLocation: /default-rack, certSerialId: null} reports an CLOSED replica.
2019-11-18 11:27:54,967 [EventQueue-ContainerReportForContainerReportHandler] WARN  container.ContainerReportHandler (AbstractContainerReportHandler.java:updateContainerState(145)) - Container #1 is in OPEN state, but the datanode 67063eba-d0cd-4c00-aa34-c87f51e61a60{ip: 192.168.164.220, host: pr-hdds-2372-2m6rk-3135575179, networkLocation: /default-rack, certSerialId: null} reports an CLOSED replica.
2019-11-18 11:27:55,158 [EventQueue-ContainerReportForContainerReportHandler] WARN  container.ContainerReportHandler (AbstractContainerReportHandler.java:updateContainerState(145)) - Container #1 is in OPEN state, but the datanode c9b88515-1c59-4f59-a2e2-ec16c09fdaea{ip: 192.168.164.220, host: pr-hdds-2372-2m6rk-3135575179, networkLocation: /default-rack, certSerialId: null} reports an CLOSED replica.
2019-11-18 11:27:55,169 [BlockDeletingService#2] WARN  background.BlockDeletingService (BlockDeletingService.java:isDeletionAllowed(187)) - Close Container log Index 6 is not replicated across allthe servers in the pipeline 05de8610-ef8e-43ec-b774-08dca1f21008 as the min replicated index is 4. Deletion is not allowed in this container yet.
2019-11-18 11:27:55,170 [BlockDeletingService#2] WARN  background.BlockDeletingService (BlockDeletingService.java:isDeletionAllowed(187)) - Close Container log Index 6 is not replicated across allthe servers in the pipeline 05de8610-ef8e-43ec-b774-08dca1f21008 as the min replicated index is 4. Deletion is not allowed in this container yet.
2019-11-18 11:27:55,367 [EventQueue-ContainerReportForContainerReportHandler] WARN  container.ContainerReportHandler (AbstractContainerReportHandler.java:updateContainerState(145)) - Container #1 is in OPEN state, but the datanode 67063eba-d0cd-4c00-aa34-c87f51e61a60{ip: 192.168.164.220, host: pr-hdds-2372-2m6rk-3135575179, networkLocation: /default-rack, certSerialId: null} reports an CLOSED replica.
2019-11-18 11:27:55,458 [EventQueue-ContainerReportForContainerReportHandler] WARN  container.ContainerReportHandler (AbstractContainerReportHandler.java:updateContainerState(145)) - Container #1 is in OPEN state, but the datanode c9b88515-1c59-4f59-a2e2-ec16c09fdaea{ip: 192.168.164.220, host: pr-hdds-2372-2m6rk-3135575179, networkLocation: /default-rack, certSerialId: null} reports an CLOSED replica.
2019-11-18 11:27:55,567 [EventQueue-ContainerReportForContainerReportHandler] WARN  container.ContainerReportHandler (AbstractContainerReportHandler.java:updateContainerState(145)) - Container #1 is in OPEN state, but the datanode 67063eba-d0cd-4c00-aa34-c87f51e61a60{ip: 192.168.164.220, host: pr-hdds-2372-2m6rk-3135575179, networkLocation: /default-rack, certSerialId: null} reports an CLOSED replica.
2019-11-18 11:27:55,683 [Thread-419] INFO  client.GrpcClientProtocolService (GrpcClientProtocolService.java:lambda$processClientRequest$0(279)) - Failed RaftClientRequest:client-E41A5C59983E->67063eba-d0cd-4c00-aa34-c87f51e61a60@group-08DCA1F21008, cid=23, seq=0, Watch-ALL_COMMITTED(6), Message:<EMPTY>, reply=RaftClientReply:client-E41A5C59983E->67063eba-d0cd-4c00-aa34-c87f51e61a60@group-08DCA1F21008, cid=23, FAILED org.apache.ratis.protocol.NotReplicatedException: Request with call Id 23 and log index 6 is not yet replicated to ALL_COMMITTED, logIndex=6, commits[67063eba-d0cd-4c00-aa34-c87f51e61a60:c10, c9b88515-1c59-4f59-a2e2-ec16c09fdaea:c10, b14c1e87-4020-4c6d-bcb6-f7f922273c3e:c4]
2019-11-18 11:27:55,758 [EventQueue-ContainerReportForContainerReportHandler] WARN  container.ContainerReportHandler (AbstractContainerReportHandler.java:updateContainerState(145)) - Container #1 is in OPEN state, but the datanode c9b88515-1c59-4f59-a2e2-ec16c09fdaea{ip: 192.168.164.220, host: pr-hdds-2372-2m6rk-3135575179, networkLocation: /default-rack, certSerialId: null} reports an CLOSED replica.
2019-11-18 11:27:55,868 [EventQueue-ContainerReportForContainerReportHandler] WARN  container.ContainerReportHandler (AbstractContainerReportHandler.java:updateContainerState(145)) - Container #1 is in OPEN state, but the datanode 67063eba-d0cd-4c00-aa34-c87f51e61a60{ip: 192.168.164.220, host: pr-hdds-2372-2m6rk-3135575179, networkLocation: /default-rack, certSerialId: null} reports an CLOSED replica.
2019-11-18 11:27:56,058 [EventQueue-ContainerReportForContainerReportHandler] WARN  container.ContainerReportHandler (AbstractContainerReportHandler.java:updateContainerState(145)) - Container #1 is in OPEN state, but the datanode c9b88515-1c59-4f59-a2e2-ec16c09fdaea{ip: 192.168.164.220, host: pr-hdds-2372-2m6rk-3135575179, networkLocation: /default-rack, certSerialId: null} reports an CLOSED replica.
2019-11-18 11:27:56,168 [EventQueue-ContainerReportForContainerReportHandler] WARN  container.ContainerReportHandler (AbstractContainerReportHandler.java:updateContainerState(145)) - Container #1 is in OPEN state, but the datanode 67063eba-d0cd-4c00-aa34-c87f51e61a60{ip: 192.168.164.220, host: pr-hdds-2372-2m6rk-3135575179, networkLocation: /default-rack, certSerialId: null} reports an CLOSED replica.
2019-11-18 11:27:56,171 [BlockDeletingService#2] WARN  background.BlockDeletingService (BlockDeletingService.java:isDeletionAllowed(187)) - Close Container log Index 6 is not replicated across allthe servers in the pipeline 05de8610-ef8e-43ec-b774-08dca1f21008 as the min replicated index is 4. Deletion is not allowed in this container yet.
2019-11-18 11:27:56,172 [BlockDeletingService#2] WARN  background.BlockDeletingService (BlockDeletingService.java:isDeletionAllowed(187)) - Close Container log Index 6 is not replicated across allthe servers in the pipeline 05de8610-ef8e-43ec-b774-08dca1f21008 as the min replicated index is 4. Deletion is not allowed in this container yet.
2019-11-18 11:27:56,258 [EventQueue-ContainerReportForContainerReportHandler] WARN  container.ContainerReportHandler (AbstractContainerReportHandler.java:updateContainerState(145)) - Container #1 is in OPEN state, but the datanode c9b88515-1c59-4f59-a2e2-ec16c09fdaea{ip: 192.168.164.220, host: pr-hdds-2372-2m6rk-3135575179, networkLocation: /default-rack, certSerialId: null} reports an CLOSED replica.
2019-11-18 11:27:56,468 [EventQueue-ContainerReportForContainerReportHandler] WARN  container.ContainerReportHandler (AbstractContainerReportHandler.java:updateContainerState(145)) - Container #1 is in OPEN state, but the datanode 67063eba-d0cd-4c00-aa34-c87f51e61a60{ip: 192.168.164.220, host: pr-hdds-2372-2m6rk-3135575179, networkLocation: /default-rack, certSerialId: null} reports an CLOSED replica.
2019-11-18 11:27:56,558 [EventQueue-ContainerReportForContainerReportHandler] WARN  container.ContainerReportHandler (AbstractContainerReportHandler.java:updateContainerState(145)) - Container #1 is in OPEN state, but the datanode c9b88515-1c59-4f59-a2e2-ec16c09fdaea{ip: 192.168.164.220, host: pr-hdds-2372-2m6rk-3135575179, networkLocation: /default-rack, certSerialId: null} reports an CLOSED replica.
2019-11-18 11:27:56,768 [EventQueue-ContainerReportForContainerReportHandler] WARN  container.ContainerReportHandler (AbstractContainerReportHandler.java:updateContainerState(145)) - Container #1 is in OPEN state, but the datanode 67063eba-d0cd-4c00-aa34-c87f51e61a60{ip: 192.168.164.220, host: pr-hdds-2372-2m6rk-3135575179, networkLocation: /default-rack, certSerialId: null} reports an CLOSED replica.
2019-11-18 11:27:56,858 [EventQueue-ContainerReportForContainerReportHandler] WARN  container.ContainerReportHandler (AbstractContainerReportHandler.java:updateContainerState(145)) - Container #1 is in OPEN state, but the datanode c9b88515-1c59-4f59-a2e2-ec16c09fdaea{ip: 192.168.164.220, host: pr-hdds-2372-2m6rk-3135575179, networkLocation: /default-rack, certSerialId: null} reports an CLOSED replica.
2019-11-18 11:27:56,968 [EventQueue-ContainerReportForContainerReportHandler] WARN  container.ContainerReportHandler (AbstractContainerReportHandler.java:updateContainerState(145)) - Container #1 is in OPEN state, but the datanode 67063eba-d0cd-4c00-aa34-c87f51e61a60{ip: 192.168.164.220, host: pr-hdds-2372-2m6rk-3135575179, networkLocation: /default-rack, certSerialId: null} reports an CLOSED replica.
2019-11-18 11:27:57,057 [EventQueue-ContainerReportForContainerReportHandler] WARN  container.ContainerReportHandler (AbstractContainerReportHandler.java:updateContainerState(145)) - Container #1 is in OPEN state, but the datanode c9b88515-1c59-4f59-a2e2-ec16c09fdaea{ip: 192.168.164.220, host: pr-hdds-2372-2m6rk-3135575179, networkLocation: /default-rack, certSerialId: null} reports an CLOSED replica.
2019-11-18 11:27:57,136 [grpc-default-executor-2] WARN  server.GrpcLogAppender (LogUtils.java:warn(134)) - 67063eba-d0cd-4c00-aa34-c87f51e61a60@group-08DCA1F21008->b14c1e87-4020-4c6d-bcb6-f7f922273c3e-AppendLogResponseHandler: Failed appendEntries: org.apache.ratis.thirdparty.io.grpc.StatusRuntimeException: UNAVAILABLE: io exception
2019-11-18 11:27:57,137 [grpc-default-executor-2] INFO  impl.FollowerInfo (FollowerInfo.java:lambda$new$0(51)) - 67063eba-d0cd-4c00-aa34-c87f51e61a60@group-08DCA1F21008->b14c1e87-4020-4c6d-bcb6-f7f922273c3e: nextIndex: updateUnconditionally 0 -> 0
2019-11-18 11:27:57,174 [BlockDeletingService#2] WARN  background.BlockDeletingService (BlockDeletingService.java:isDeletionAllowed(187)) - Close Container log Index 6 is not replicated across allthe servers in the pipeline 05de8610-ef8e-43ec-b774-08dca1f21008 as the min replicated index is 4. Deletion is not allowed in this container yet.
2019-11-18 11:27:57,174 [BlockDeletingService#2] WARN  background.BlockDeletingService (BlockDeletingService.java:isDeletionAllowed(187)) - Close Container log Index 6 is not replicated across allthe servers in the pipeline 05de8610-ef8e-43ec-b774-08dca1f21008 as the min replicated index is 4. Deletion is not allowed in this container yet.
2019-11-18 11:27:57,268 [EventQueue-ContainerReportForContainerReportHandler] WARN  container.ContainerReportHandler (AbstractContainerReportHandler.java:updateContainerState(145)) - Container #1 is in OPEN state, but the datanode 67063eba-d0cd-4c00-aa34-c87f51e61a60{ip: 192.168.164.220, host: pr-hdds-2372-2m6rk-3135575179, networkLocation: /default-rack, certSerialId: null} reports an CLOSED replica.
2019-11-18 11:27:57,357 [EventQueue-ContainerReportForContainerReportHandler] WARN  container.ContainerReportHandler (AbstractContainerReportHandler.java:updateContainerState(145)) - Container #1 is in OPEN state, but the datanode c9b88515-1c59-4f59-a2e2-ec16c09fdaea{ip: 192.168.164.220, host: pr-hdds-2372-2m6rk-3135575179, networkLocation: /default-rack, certSerialId: null} reports an CLOSED replica.
2019-11-18 11:27:57,569 [EventQueue-ContainerReportForContainerReportHandler] WARN  container.ContainerReportHandler (AbstractContainerReportHandler.java:updateContainerState(145)) - Container #1 is in OPEN state, but the datanode 67063eba-d0cd-4c00-aa34-c87f51e61a60{ip: 192.168.164.220, host: pr-hdds-2372-2m6rk-3135575179, networkLocation: /default-rack, certSerialId: null} reports an CLOSED replica.
2019-11-18 11:27:57,659 [EventQueue-ContainerReportForContainerReportHandler] WARN  container.ContainerReportHandler (AbstractContainerReportHandler.java:updateContainerState(145)) - Container #1 is in OPEN state, but the datanode c9b88515-1c59-4f59-a2e2-ec16c09fdaea{ip: 192.168.164.220, host: pr-hdds-2372-2m6rk-3135575179, networkLocation: /default-rack, certSerialId: null} reports an CLOSED replica.
2019-11-18 11:27:57,869 [EventQueue-ContainerReportForContainerReportHandler] WARN  container.ContainerReportHandler (AbstractContainerReportHandler.java:updateContainerState(145)) - Container #1 is in OPEN state, but the datanode 67063eba-d0cd-4c00-aa34-c87f51e61a60{ip: 192.168.164.220, host: pr-hdds-2372-2m6rk-3135575179, networkLocation: /default-rack, certSerialId: null} reports an CLOSED replica.
2019-11-18 11:27:58,057 [EventQueue-ContainerReportForContainerReportHandler] WARN  container.ContainerReportHandler (AbstractContainerReportHandler.java:updateContainerState(145)) - Container #1 is in OPEN state, but the datanode c9b88515-1c59-4f59-a2e2-ec16c09fdaea{ip: 192.168.164.220, host: pr-hdds-2372-2m6rk-3135575179, networkLocation: /default-rack, certSerialId: null} reports an CLOSED replica.
2019-11-18 11:27:58,170 [EventQueue-ContainerReportForContainerReportHandler] WARN  container.ContainerReportHandler (AbstractContainerReportHandler.java:updateContainerState(145)) - Container #1 is in OPEN state, but the datanode 67063eba-d0cd-4c00-aa34-c87f51e61a60{ip: 192.168.164.220, host: pr-hdds-2372-2m6rk-3135575179, networkLocation: /default-rack, certSerialId: null} reports an CLOSED replica.
2019-11-18 11:27:58,175 [BlockDeletingService#2] WARN  background.BlockDeletingService (BlockDeletingService.java:isDeletionAllowed(187)) - Close Container log Index 6 is not replicated across allthe servers in the pipeline 05de8610-ef8e-43ec-b774-08dca1f21008 as the min replicated index is 4. Deletion is not allowed in this container yet.
2019-11-18 11:27:58,175 [BlockDeletingService#2] WARN  background.BlockDeletingService (BlockDeletingService.java:isDeletionAllowed(187)) - Close Container log Index 6 is not replicated across allthe servers in the pipeline 05de8610-ef8e-43ec-b774-08dca1f21008 as the min replicated index is 4. Deletion is not allowed in this container yet.
2019-11-18 11:27:58,258 [EventQueue-ContainerReportForContainerReportHandler] WARN  container.ContainerReportHandler (AbstractContainerReportHandler.java:updateContainerState(145)) - Container #1 is in OPEN state, but the datanode c9b88515-1c59-4f59-a2e2-ec16c09fdaea{ip: 192.168.164.220, host: pr-hdds-2372-2m6rk-3135575179, networkLocation: /default-rack, certSerialId: null} reports an CLOSED replica.
2019-11-18 11:27:58,470 [EventQueue-ContainerReportForContainerReportHandler] WARN  container.ContainerReportHandler (AbstractContainerReportHandler.java:updateContainerState(145)) - Container #1 is in OPEN state, but the datanode 67063eba-d0cd-4c00-aa34-c87f51e61a60{ip: 192.168.164.220, host: pr-hdds-2372-2m6rk-3135575179, networkLocation: /default-rack, certSerialId: null} reports an CLOSED replica.
2019-11-18 11:27:58,557 [EventQueue-ContainerReportForContainerReportHandler] WARN  container.ContainerReportHandler (AbstractContainerReportHandler.java:updateContainerState(145)) - Container #1 is in OPEN state, but the datanode c9b88515-1c59-4f59-a2e2-ec16c09fdaea{ip: 192.168.164.220, host: pr-hdds-2372-2m6rk-3135575179, networkLocation: /default-rack, certSerialId: null} reports an CLOSED replica.
2019-11-18 11:27:58,770 [EventQueue-ContainerReportForContainerReportHandler] WARN  container.ContainerReportHandler (AbstractContainerReportHandler.java:updateContainerState(145)) - Container #1 is in OPEN state, but the datanode 67063eba-d0cd-4c00-aa34-c87f51e61a60{ip: 192.168.164.220, host: pr-hdds-2372-2m6rk-3135575179, networkLocation: /default-rack, certSerialId: null} reports an CLOSED replica.
2019-11-18 11:27:58,959 [EventQueue-ContainerReportForContainerReportHandler] WARN  container.ContainerReportHandler (AbstractContainerReportHandler.java:updateContainerState(145)) - Container #1 is in OPEN state, but the datanode c9b88515-1c59-4f59-a2e2-ec16c09fdaea{ip: 192.168.164.220, host: pr-hdds-2372-2m6rk-3135575179, networkLocation: /default-rack, certSerialId: null} reports an CLOSED replica.
2019-11-18 11:27:58,970 [EventQueue-ContainerReportForContainerReportHandler] WARN  container.ContainerReportHandler (AbstractContainerReportHandler.java:updateContainerState(145)) - Container #1 is in OPEN state, but the datanode 67063eba-d0cd-4c00-aa34-c87f51e61a60{ip: 192.168.164.220, host: pr-hdds-2372-2m6rk-3135575179, networkLocation: /default-rack, certSerialId: null} reports an CLOSED replica.
2019-11-18 11:27:59,158 [EventQueue-ContainerReportForContainerReportHandler] WARN  container.ContainerReportHandler (AbstractContainerReportHandler.java:updateContainerState(145)) - Container #1 is in OPEN state, but the datanode c9b88515-1c59-4f59-a2e2-ec16c09fdaea{ip: 192.168.164.220, host: pr-hdds-2372-2m6rk-3135575179, networkLocation: /default-rack, certSerialId: null} reports an CLOSED replica.
2019-11-18 11:27:59,177 [BlockDeletingService#2] WARN  background.BlockDeletingService (BlockDeletingService.java:isDeletionAllowed(187)) - Close Container log Index 6 is not replicated across allthe servers in the pipeline 05de8610-ef8e-43ec-b774-08dca1f21008 as the min replicated index is 4. Deletion is not allowed in this container yet.
2019-11-18 11:27:59,177 [BlockDeletingService#2] WARN  background.BlockDeletingService (BlockDeletingService.java:isDeletionAllowed(187)) - Close Container log Index 6 is not replicated across allthe servers in the pipeline 05de8610-ef8e-43ec-b774-08dca1f21008 as the min replicated index is 4. Deletion is not allowed in this container yet.
2019-11-18 11:27:59,269 [EventQueue-ContainerReportForContainerReportHandler] WARN  container.ContainerReportHandler (AbstractContainerReportHandler.java:updateContainerState(145)) - Container #1 is in OPEN state, but the datanode 67063eba-d0cd-4c00-aa34-c87f51e61a60{ip: 192.168.164.220, host: pr-hdds-2372-2m6rk-3135575179, networkLocation: /default-rack, certSerialId: null} reports an CLOSED replica.
2019-11-18 11:27:59,558 [EventQueue-ContainerReportForContainerReportHandler] WARN  container.ContainerReportHandler (AbstractContainerReportHandler.java:updateContainerState(145)) - Container #1 is in OPEN state, but the datanode c9b88515-1c59-4f59-a2e2-ec16c09fdaea{ip: 192.168.164.220, host: pr-hdds-2372-2m6rk-3135575179, networkLocation: /default-rack, certSerialId: null} reports an CLOSED replica.
2019-11-18 11:27:59,569 [EventQueue-ContainerReportForContainerReportHandler] WARN  container.ContainerReportHandler (AbstractContainerReportHandler.java:updateContainerState(145)) - Container #1 is in OPEN state, but the datanode 67063eba-d0cd-4c00-aa34-c87f51e61a60{ip: 192.168.164.220, host: pr-hdds-2372-2m6rk-3135575179, networkLocation: /default-rack, certSerialId: null} reports an CLOSED replica.
2019-11-18 11:27:59,639 [grpc-default-executor-3] WARN  server.GrpcLogAppender (LogUtils.java:warn(134)) - 67063eba-d0cd-4c00-aa34-c87f51e61a60@group-08DCA1F21008->b14c1e87-4020-4c6d-bcb6-f7f922273c3e-AppendLogResponseHandler: Failed appendEntries: org.apache.ratis.thirdparty.io.grpc.StatusRuntimeException: UNAVAILABLE: io exception
2019-11-18 11:27:59,640 [grpc-default-executor-3] INFO  impl.FollowerInfo (FollowerInfo.java:lambda$new$0(51)) - 67063eba-d0cd-4c00-aa34-c87f51e61a60@group-08DCA1F21008->b14c1e87-4020-4c6d-bcb6-f7f922273c3e: nextIndex: updateUnconditionally 0 -> 0
2019-11-18 11:27:59,858 [EventQueue-ContainerReportForContainerReportHandler] WARN  container.ContainerReportHandler (AbstractContainerReportHandler.java:updateContainerState(145)) - Container #1 is in OPEN state, but the datanode c9b88515-1c59-4f59-a2e2-ec16c09fdaea{ip: 192.168.164.220, host: pr-hdds-2372-2m6rk-3135575179, networkLocation: /default-rack, certSerialId: null} reports an CLOSED replica.
2019-11-18 11:27:59,870 [EventQueue-ContainerReportForContainerReportHandler] WARN  container.ContainerReportHandler (AbstractContainerReportHandler.java:updateContainerState(145)) - Container #1 is in OPEN state, but the datanode 67063eba-d0cd-4c00-aa34-c87f51e61a60{ip: 192.168.164.220, host: pr-hdds-2372-2m6rk-3135575179, networkLocation: /default-rack, certSerialId: null} reports an CLOSED replica.
2019-11-18 11:28:00,070 [EventQueue-ContainerReportForContainerReportHandler] WARN  container.ContainerReportHandler (AbstractContainerReportHandler.java:updateContainerState(145)) - Container #1 is in OPEN state, but the datanode 67063eba-d0cd-4c00-aa34-c87f51e61a60{ip: 192.168.164.220, host: pr-hdds-2372-2m6rk-3135575179, networkLocation: /default-rack, certSerialId: null} reports an CLOSED replica.
2019-11-18 11:28:00,158 [EventQueue-ContainerReportForContainerReportHandler] WARN  container.ContainerReportHandler (AbstractContainerReportHandler.java:updateContainerState(145)) - Container #1 is in OPEN state, but the datanode c9b88515-1c59-4f59-a2e2-ec16c09fdaea{ip: 192.168.164.220, host: pr-hdds-2372-2m6rk-3135575179, networkLocation: /default-rack, certSerialId: null} reports an CLOSED replica.
2019-11-18 11:28:00,179 [BlockDeletingService#2] WARN  background.BlockDeletingService (BlockDeletingService.java:isDeletionAllowed(187)) - Close Container log Index 6 is not replicated across allthe servers in the pipeline 05de8610-ef8e-43ec-b774-08dca1f21008 as the min replicated index is 4. Deletion is not allowed in this container yet.
2019-11-18 11:28:00,179 [BlockDeletingService#2] WARN  background.BlockDeletingService (BlockDeletingService.java:isDeletionAllowed(187)) - Close Container log Index 6 is not replicated across allthe servers in the pipeline 05de8610-ef8e-43ec-b774-08dca1f21008 as the min replicated index is 4. Deletion is not allowed in this container yet.
2019-11-18 11:28:00,458 [EventQueue-ContainerReportForContainerReportHandler] WARN  container.ContainerReportHandler (AbstractContainerReportHandler.java:updateContainerState(145)) - Container #1 is in OPEN state, but the datanode c9b88515-1c59-4f59-a2e2-ec16c09fdaea{ip: 192.168.164.220, host: pr-hdds-2372-2m6rk-3135575179, networkLocation: /default-rack, certSerialId: null} reports an CLOSED replica.
2019-11-18 11:28:00,469 [EventQueue-ContainerReportForContainerReportHandler] WARN  container.ContainerReportHandler (AbstractContainerReportHandler.java:updateContainerState(145)) - Container #1 is in OPEN state, but the datanode 67063eba-d0cd-4c00-aa34-c87f51e61a60{ip: 192.168.164.220, host: pr-hdds-2372-2m6rk-3135575179, networkLocation: /default-rack, certSerialId: null} reports an CLOSED replica.
2019-11-18 11:28:00,670 [EventQueue-ContainerReportForContainerReportHandler] WARN  container.ContainerReportHandler (AbstractContainerReportHandler.java:updateContainerState(145)) - Container #1 is in OPEN state, but the datanode 67063eba-d0cd-4c00-aa34-c87f51e61a60{ip: 192.168.164.220, host: pr-hdds-2372-2m6rk-3135575179, networkLocation: /default-rack, certSerialId: null} reports an CLOSED replica.
2019-11-18 11:28:00,859 [EventQueue-ContainerReportForContainerReportHandler] WARN  container.ContainerReportHandler (AbstractContainerReportHandler.java:updateContainerState(145)) - Container #1 is in OPEN state, but the datanode c9b88515-1c59-4f59-a2e2-ec16c09fdaea{ip: 192.168.164.220, host: pr-hdds-2372-2m6rk-3135575179, networkLocation: /default-rack, certSerialId: null} reports an CLOSED replica.
2019-11-18 11:28:00,971 [EventQueue-ContainerReportForContainerReportHandler] WARN  container.ContainerReportHandler (AbstractContainerReportHandler.java:updateContainerState(145)) - Container #1 is in OPEN state, but the datanode 67063eba-d0cd-4c00-aa34-c87f51e61a60{ip: 192.168.164.220, host: pr-hdds-2372-2m6rk-3135575179, networkLocation: /default-rack, certSerialId: null} reports an CLOSED replica.
2019-11-18 11:28:01,160 [EventQueue-ContainerReportForContainerReportHandler] WARN  container.ContainerReportHandler (AbstractContainerReportHandler.java:updateContainerState(145)) - Container #1 is in OPEN state, but the datanode c9b88515-1c59-4f59-a2e2-ec16c09fdaea{ip: 192.168.164.220, host: pr-hdds-2372-2m6rk-3135575179, networkLocation: /default-rack, certSerialId: null} reports an CLOSED replica.
2019-11-18 11:28:01,181 [BlockDeletingService#4] WARN  background.BlockDeletingService (BlockDeletingService.java:isDeletionAllowed(187)) - Close Container log Index 6 is not replicated across allthe servers in the pipeline 05de8610-ef8e-43ec-b774-08dca1f21008 as the min replicated index is 4. Deletion is not allowed in this container yet.
2019-11-18 11:28:01,181 [BlockDeletingService#2] WARN  background.BlockDeletingService (BlockDeletingService.java:isDeletionAllowed(187)) - Close Container log Index 6 is not replicated across allthe servers in the pipeline 05de8610-ef8e-43ec-b774-08dca1f21008 as the min replicated index is 4. Deletion is not allowed in this container yet.
2019-11-18 11:28:01,271 [EventQueue-ContainerReportForContainerReportHandler] WARN  container.ContainerReportHandler (AbstractContainerReportHandler.java:updateContainerState(145)) - Container #1 is in OPEN state, but the datanode 67063eba-d0cd-4c00-aa34-c87f51e61a60{ip: 192.168.164.220, host: pr-hdds-2372-2m6rk-3135575179, networkLocation: /default-rack, certSerialId: null} reports an CLOSED replica.
2019-11-18 11:28:01,461 [EventQueue-ContainerReportForContainerReportHandler] WARN  container.ContainerReportHandler (AbstractContainerReportHandler.java:updateContainerState(145)) - Container #1 is in OPEN state, but the datanode c9b88515-1c59-4f59-a2e2-ec16c09fdaea{ip: 192.168.164.220, host: pr-hdds-2372-2m6rk-3135575179, networkLocation: /default-rack, certSerialId: null} reports an CLOSED replica.
2019-11-18 11:28:01,661 [EventQueue-ContainerReportForContainerReportHandler] WARN  container.ContainerReportHandler (AbstractContainerReportHandler.java:updateContainerState(145)) - Container #1 is in OPEN state, but the datanode c9b88515-1c59-4f59-a2e2-ec16c09fdaea{ip: 192.168.164.220, host: pr-hdds-2372-2m6rk-3135575179, networkLocation: /default-rack, certSerialId: null} reports an CLOSED replica.
2019-11-18 11:28:01,671 [EventQueue-ContainerReportForContainerReportHandler] WARN  container.ContainerReportHandler (AbstractContainerReportHandler.java:updateContainerState(145)) - Container #1 is in OPEN state, but the datanode 67063eba-d0cd-4c00-aa34-c87f51e61a60{ip: 192.168.164.220, host: pr-hdds-2372-2m6rk-3135575179, networkLocation: /default-rack, certSerialId: null} reports an CLOSED replica.
2019-11-18 11:28:01,870 [EventQueue-ContainerReportForContainerReportHandler] WARN  container.ContainerReportHandler (AbstractContainerReportHandler.java:updateContainerState(145)) - Container #1 is in OPEN state, but the datanode 67063eba-d0cd-4c00-aa34-c87f51e61a60{ip: 192.168.164.220, host: pr-hdds-2372-2m6rk-3135575179, networkLocation: /default-rack, certSerialId: null} reports an CLOSED replica.
2019-11-18 11:28:01,961 [EventQueue-ContainerReportForContainerReportHandler] WARN  container.ContainerReportHandler (AbstractContainerReportHandler.java:updateContainerState(145)) - Container #1 is in OPEN state, but the datanode c9b88515-1c59-4f59-a2e2-ec16c09fdaea{ip: 192.168.164.220, host: pr-hdds-2372-2m6rk-3135575179, networkLocation: /default-rack, certSerialId: null} reports an CLOSED replica.
2019-11-18 11:28:02,071 [EventQueue-ContainerReportForContainerReportHandler] WARN  container.ContainerReportHandler (AbstractContainerReportHandler.java:updateContainerState(145)) - Container #1 is in OPEN state, but the datanode 67063eba-d0cd-4c00-aa34-c87f51e61a60{ip: 192.168.164.220, host: pr-hdds-2372-2m6rk-3135575179, networkLocation: /default-rack, certSerialId: null} reports an CLOSED replica.
2019-11-18 11:28:02,141 [grpc-default-executor-2] WARN  server.GrpcLogAppender (LogUtils.java:warn(134)) - 67063eba-d0cd-4c00-aa34-c87f51e61a60@group-08DCA1F21008->b14c1e87-4020-4c6d-bcb6-f7f922273c3e-AppendLogResponseHandler: Failed appendEntries: org.apache.ratis.thirdparty.io.grpc.StatusRuntimeException: UNAVAILABLE: io exception
2019-11-18 11:28:02,142 [grpc-default-executor-2] INFO  impl.FollowerInfo (FollowerInfo.java:lambda$new$0(51)) - 67063eba-d0cd-4c00-aa34-c87f51e61a60@group-08DCA1F21008->b14c1e87-4020-4c6d-bcb6-f7f922273c3e: nextIndex: updateUnconditionally 0 -> 0
2019-11-18 11:28:02,161 [EventQueue-ContainerReportForContainerReportHandler] WARN  container.ContainerReportHandler (AbstractContainerReportHandler.java:updateContainerState(145)) - Container #1 is in OPEN state, but the datanode c9b88515-1c59-4f59-a2e2-ec16c09fdaea{ip: 192.168.164.220, host: pr-hdds-2372-2m6rk-3135575179, networkLocation: /default-rack, certSerialId: null} reports an CLOSED replica.
2019-11-18 11:28:02,182 [BlockDeletingService#4] WARN  background.BlockDeletingService (BlockDeletingService.java:isDeletionAllowed(187)) - Close Container log Index 6 is not replicated across allthe servers in the pipeline 05de8610-ef8e-43ec-b774-08dca1f21008 as the min replicated index is 4. Deletion is not allowed in this container yet.
2019-11-18 11:28:02,182 [BlockDeletingService#2] WARN  background.BlockDeletingService (BlockDeletingService.java:isDeletionAllowed(187)) - Close Container log Index 6 is not replicated across allthe servers in the pipeline 05de8610-ef8e-43ec-b774-08dca1f21008 as the min replicated index is 4. Deletion is not allowed in this container yet.
2019-11-18 11:28:02,462 [EventQueue-ContainerReportForContainerReportHandler] WARN  container.ContainerReportHandler (AbstractContainerReportHandler.java:updateContainerState(145)) - Container #1 is in OPEN state, but the datanode c9b88515-1c59-4f59-a2e2-ec16c09fdaea{ip: 192.168.164.220, host: pr-hdds-2372-2m6rk-3135575179, networkLocation: /default-rack, certSerialId: null} reports an CLOSED replica.
2019-11-18 11:28:02,470 [EventQueue-ContainerReportForContainerReportHandler] WARN  container.ContainerReportHandler (AbstractContainerReportHandler.java:updateContainerState(145)) - Container #1 is in OPEN state, but the datanode 67063eba-d0cd-4c00-aa34-c87f51e61a60{ip: 192.168.164.220, host: pr-hdds-2372-2m6rk-3135575179, networkLocation: /default-rack, certSerialId: null} reports an CLOSED replica.
2019-11-18 11:28:02,662 [EventQueue-ContainerReportForContainerReportHandler] WARN  container.ContainerReportHandler (AbstractContainerReportHandler.java:updateContainerState(145)) - Container #1 is in OPEN state, but the datanode c9b88515-1c59-4f59-a2e2-ec16c09fdaea{ip: 192.168.164.220, host: pr-hdds-2372-2m6rk-3135575179, networkLocation: /default-rack, certSerialId: null} reports an CLOSED replica.
2019-11-18 11:28:02,671 [EventQueue-ContainerReportForContainerReportHandler] WARN  container.ContainerReportHandler (AbstractContainerReportHandler.java:updateContainerState(145)) - Container #1 is in OPEN state, but the datanode 67063eba-d0cd-4c00-aa34-c87f51e61a60{ip: 192.168.164.220, host: pr-hdds-2372-2m6rk-3135575179, networkLocation: /default-rack, certSerialId: null} reports an CLOSED replica.
2019-11-18 11:28:02,962 [EventQueue-ContainerReportForContainerReportHandler] WARN  container.ContainerReportHandler (AbstractContainerReportHandler.java:updateContainerState(145)) - Container #1 is in OPEN state, but the datanode c9b88515-1c59-4f59-a2e2-ec16c09fdaea{ip: 192.168.164.220, host: pr-hdds-2372-2m6rk-3135575179, networkLocation: /default-rack, certSerialId: null} reports an CLOSED replica.
2019-11-18 11:28:03,074 [EventQueue-ContainerReportForContainerReportHandler] WARN  container.ContainerReportHandler (AbstractContainerReportHandler.java:updateContainerState(145)) - Container #1 is in OPEN state, but the datanode 67063eba-d0cd-4c00-aa34-c87f51e61a60{ip: 192.168.164.220, host: pr-hdds-2372-2m6rk-3135575179, networkLocation: /default-rack, certSerialId: null} reports an CLOSED replica.
2019-11-18 11:28:03,184 [BlockDeletingService#4] WARN  background.BlockDeletingService (BlockDeletingService.java:isDeletionAllowed(187)) - Close Container log Index 6 is not replicated across allthe servers in the pipeline 05de8610-ef8e-43ec-b774-08dca1f21008 as the min replicated index is 4. Deletion is not allowed in this container yet.
2019-11-18 11:28:03,184 [BlockDeletingService#2] WARN  background.BlockDeletingService (BlockDeletingService.java:isDeletionAllowed(187)) - Close Container log Index 6 is not replicated across allthe servers in the pipeline 05de8610-ef8e-43ec-b774-08dca1f21008 as the min replicated index is 4. Deletion is not allowed in this container yet.
2019-11-18 11:28:03,262 [EventQueue-ContainerReportForContainerReportHandler] WARN  container.ContainerReportHandler (AbstractContainerReportHandler.java:updateContainerState(145)) - Container #1 is in OPEN state, but the datanode c9b88515-1c59-4f59-a2e2-ec16c09fdaea{ip: 192.168.164.220, host: pr-hdds-2372-2m6rk-3135575179, networkLocation: /default-rack, certSerialId: null} reports an CLOSED replica.
2019-11-18 11:28:03,276 [EventQueue-ContainerReportForContainerReportHandler] WARN  container.ContainerReportHandler (AbstractContainerReportHandler.java:updateContainerState(145)) - Container #1 is in OPEN state, but the datanode 67063eba-d0cd-4c00-aa34-c87f51e61a60{ip: 192.168.164.220, host: pr-hdds-2372-2m6rk-3135575179, networkLocation: /default-rack, certSerialId: null} reports an CLOSED replica.
2019-11-18 11:28:03,463 [EventQueue-ContainerReportForContainerReportHandler] WARN  container.ContainerReportHandler (AbstractContainerReportHandler.java:updateContainerState(145)) - Container #1 is in OPEN state, but the datanode c9b88515-1c59-4f59-a2e2-ec16c09fdaea{ip: 192.168.164.220, host: pr-hdds-2372-2m6rk-3135575179, networkLocation: /default-rack, certSerialId: null} reports an CLOSED replica.
2019-11-18 11:28:03,577 [EventQueue-ContainerReportForContainerReportHandler] WARN  container.ContainerReportHandler (AbstractContainerReportHandler.java:updateContainerState(145)) - Container #1 is in OPEN state, but the datanode 67063eba-d0cd-4c00-aa34-c87f51e61a60{ip: 192.168.164.220, host: pr-hdds-2372-2m6rk-3135575179, networkLocation: /default-rack, certSerialId: null} reports an CLOSED replica.
2019-11-18 11:28:03,762 [EventQueue-ContainerReportForContainerReportHandler] WARN  container.ContainerReportHandler (AbstractContainerReportHandler.java:updateContainerState(145)) - Container #1 is in OPEN state, but the datanode c9b88515-1c59-4f59-a2e2-ec16c09fdaea{ip: 192.168.164.220, host: pr-hdds-2372-2m6rk-3135575179, networkLocation: /default-rack, certSerialId: null} reports an CLOSED replica.
2019-11-18 11:28:03,877 [EventQueue-ContainerReportForContainerReportHandler] WARN  container.ContainerReportHandler (AbstractContainerReportHandler.java:updateContainerState(145)) - Container #1 is in OPEN state, but the datanode 67063eba-d0cd-4c00-aa34-c87f51e61a60{ip: 192.168.164.220, host: pr-hdds-2372-2m6rk-3135575179, networkLocation: /default-rack, certSerialId: null} reports an CLOSED replica.
2019-11-18 11:28:04,063 [EventQueue-ContainerReportForContainerReportHandler] WARN  container.ContainerReportHandler (AbstractContainerReportHandler.java:updateContainerState(145)) - Container #1 is in OPEN state, but the datanode c9b88515-1c59-4f59-a2e2-ec16c09fdaea{ip: 192.168.164.220, host: pr-hdds-2372-2m6rk-3135575179, networkLocation: /default-rack, certSerialId: null} reports an CLOSED replica.
2019-11-18 11:28:04,076 [EventQueue-ContainerReportForContainerReportHandler] WARN  container.ContainerReportHandler (AbstractContainerReportHandler.java:updateContainerState(145)) - Container #1 is in OPEN state, but the datanode 67063eba-d0cd-4c00-aa34-c87f51e61a60{ip: 192.168.164.220, host: pr-hdds-2372-2m6rk-3135575179, networkLocation: /default-rack, certSerialId: null} reports an CLOSED replica.
2019-11-18 11:28:04,185 [BlockDeletingService#4] WARN  background.BlockDeletingService (BlockDeletingService.java:isDeletionAllowed(187)) - Close Container log Index 6 is not replicated across allthe servers in the pipeline 05de8610-ef8e-43ec-b774-08dca1f21008 as the min replicated index is 4. Deletion is not allowed in this container yet.
2019-11-18 11:28:04,185 [BlockDeletingService#2] WARN  background.BlockDeletingService (BlockDeletingService.java:isDeletionAllowed(187)) - Close Container log Index 6 is not replicated across allthe servers in the pipeline 05de8610-ef8e-43ec-b774-08dca1f21008 as the min replicated index is 4. Deletion is not allowed in this container yet.
2019-11-18 11:28:04,376 [EventQueue-ContainerReportForContainerReportHandler] WARN  container.ContainerReportHandler (AbstractContainerReportHandler.java:updateContainerState(145)) - Container #1 is in OPEN state, but the datanode 67063eba-d0cd-4c00-aa34-c87f51e61a60{ip: 192.168.164.220, host: pr-hdds-2372-2m6rk-3135575179, networkLocation: /default-rack, certSerialId: null} reports an CLOSED replica.
2019-11-18 11:28:04,462 [EventQueue-ContainerReportForContainerReportHandler] WARN  container.ContainerReportHandler (AbstractContainerReportHandler.java:updateContainerState(145)) - Container #1 is in OPEN state, but the datanode c9b88515-1c59-4f59-a2e2-ec16c09fdaea{ip: 192.168.164.220, host: pr-hdds-2372-2m6rk-3135575179, networkLocation: /default-rack, certSerialId: null} reports an CLOSED replica.
2019-11-18 11:28:04,643 [grpc-default-executor-0] WARN  server.GrpcLogAppender (LogUtils.java:warn(134)) - 67063eba-d0cd-4c00-aa34-c87f51e61a60@group-08DCA1F21008->b14c1e87-4020-4c6d-bcb6-f7f922273c3e-AppendLogResponseHandler: Failed appendEntries: org.apache.ratis.thirdparty.io.grpc.StatusRuntimeException: UNAVAILABLE: io exception
2019-11-18 11:28:04,644 [grpc-default-executor-0] INFO  impl.FollowerInfo (FollowerInfo.java:lambda$new$0(51)) - 67063eba-d0cd-4c00-aa34-c87f51e61a60@group-08DCA1F21008->b14c1e87-4020-4c6d-bcb6-f7f922273c3e: nextIndex: updateUnconditionally 0 -> 0
2019-11-18 11:28:04,675 [Thread-446] INFO  client.GrpcClientProtocolService (GrpcClientProtocolService.java:lambda$processClientRequest$0(279)) - Failed RaftClientRequest:client-E41A5C59983E->c9b88515-1c59-4f59-a2e2-ec16c09fdaea@group-08DCA1F21008, cid=23, seq=0, Watch-ALL_COMMITTED(6), Message:<EMPTY>, reply=RaftClientReply:client-E41A5C59983E->c9b88515-1c59-4f59-a2e2-ec16c09fdaea@group-08DCA1F21008, cid=23, FAILED org.apache.ratis.protocol.NotLeaderException: Server c9b88515-1c59-4f59-a2e2-ec16c09fdaea@group-08DCA1F21008 is not the leader 67063eba-d0cd-4c00-aa34-c87f51e61a60:192.168.164.220:39623, logIndex=0, commits[c9b88515-1c59-4f59-a2e2-ec16c09fdaea:c10, 67063eba-d0cd-4c00-aa34-c87f51e61a60:c10, b14c1e87-4020-4c6d-bcb6-f7f922273c3e:c4]
2019-11-18 11:28:04,682 [Thread-449] INFO  client.GrpcClientProtocolService (GrpcClientProtocolService.java:lambda$processClientRequest$0(279)) - Failed RaftClientRequest:client-E41A5C59983E->67063eba-d0cd-4c00-aa34-c87f51e61a60@group-08DCA1F21008, cid=23, seq=0, Watch-ALL_COMMITTED(6), Message:<EMPTY>, reply=RaftClientReply:client-E41A5C59983E->67063eba-d0cd-4c00-aa34-c87f51e61a60@group-08DCA1F21008, cid=23, FAILED org.apache.ratis.protocol.NotReplicatedException: Request with call Id 23 and log index 6 is not yet replicated to ALL_COMMITTED, logIndex=6, commits[67063eba-d0cd-4c00-aa34-c87f51e61a60:c10, c9b88515-1c59-4f59-a2e2-ec16c09fdaea:c10, b14c1e87-4020-4c6d-bcb6-f7f922273c3e:c4]
2019-11-18 11:28:04,778 [EventQueue-ContainerReportForContainerReportHandler] WARN  container.ContainerReportHandler (AbstractContainerReportHandler.java:updateContainerState(145)) - Container #1 is in OPEN state, but the datanode 67063eba-d0cd-4c00-aa34-c87f51e61a60{ip: 192.168.164.220, host: pr-hdds-2372-2m6rk-3135575179, networkLocation: /default-rack, certSerialId: null} reports an CLOSED replica.
2019-11-18 11:28:04,862 [EventQueue-ContainerReportForContainerReportHandler] WARN  container.ContainerReportHandler (AbstractContainerReportHandler.java:updateContainerState(145)) - Container #1 is in OPEN state, but the datanode c9b88515-1c59-4f59-a2e2-ec16c09fdaea{ip: 192.168.164.220, host: pr-hdds-2372-2m6rk-3135575179, networkLocation: /default-rack, certSerialId: null} reports an CLOSED replica.
2019-11-18 11:28:05,178 [EventQueue-ContainerReportForContainerReportHandler] WARN  container.ContainerReportHandler (AbstractContainerReportHandler.java:updateContainerState(145)) - Container #1 is in OPEN state, but the datanode 67063eba-d0cd-4c00-aa34-c87f51e61a60{ip: 192.168.164.220, host: pr-hdds-2372-2m6rk-3135575179, networkLocation: /default-rack, certSerialId: null} reports an CLOSED replica.
2019-11-18 11:28:05,187 [BlockDeletingService#4] WARN  background.BlockDeletingService (BlockDeletingService.java:isDeletionAllowed(187)) - Close Container log Index 6 is not replicated across allthe servers in the pipeline 05de8610-ef8e-43ec-b774-08dca1f21008 as the min replicated index is 4. Deletion is not allowed in this container yet.
2019-11-18 11:28:05,187 [BlockDeletingService#2] WARN  background.BlockDeletingService (BlockDeletingService.java:isDeletionAllowed(187)) - Close Container log Index 6 is not replicated across allthe servers in the pipeline 05de8610-ef8e-43ec-b774-08dca1f21008 as the min replicated index is 4. Deletion is not allowed in this container yet.
2019-11-18 11:28:05,263 [EventQueue-ContainerReportForContainerReportHandler] WARN  container.ContainerReportHandler (AbstractContainerReportHandler.java:updateContainerState(145)) - Container #1 is in OPEN state, but the datanode c9b88515-1c59-4f59-a2e2-ec16c09fdaea{ip: 192.168.164.220, host: pr-hdds-2372-2m6rk-3135575179, networkLocation: /default-rack, certSerialId: null} reports an CLOSED replica.
2019-11-18 11:28:05,479 [EventQueue-ContainerReportForContainerReportHandler] WARN  container.ContainerReportHandler (AbstractContainerReportHandler.java:updateContainerState(145)) - Container #1 is in OPEN state, but the datanode 67063eba-d0cd-4c00-aa34-c87f51e61a60{ip: 192.168.164.220, host: pr-hdds-2372-2m6rk-3135575179, networkLocation: /default-rack, certSerialId: null} reports an CLOSED replica.
2019-11-18 11:28:05,563 [EventQueue-ContainerReportForContainerReportHandler] WARN  container.ContainerReportHandler (AbstractContainerReportHandler.java:updateContainerState(145)) - Container #1 is in OPEN state, but the datanode c9b88515-1c59-4f59-a2e2-ec16c09fdaea{ip: 192.168.164.220, host: pr-hdds-2372-2m6rk-3135575179, networkLocation: /default-rack, certSerialId: null} reports an CLOSED replica.
2019-11-18 11:28:05,863 [EventQueue-ContainerReportForContainerReportHandler] WARN  container.ContainerReportHandler (AbstractContainerReportHandler.java:updateContainerState(145)) - Container #1 is in OPEN state, but the datanode c9b88515-1c59-4f59-a2e2-ec16c09fdaea{ip: 192.168.164.220, host: pr-hdds-2372-2m6rk-3135575179, networkLocation: /default-rack, certSerialId: null} reports an CLOSED replica.
2019-11-18 11:28:05,879 [EventQueue-ContainerReportForContainerReportHandler] WARN  container.ContainerReportHandler (AbstractContainerReportHandler.java:updateContainerState(145)) - Container #1 is in OPEN state, but the datanode 67063eba-d0cd-4c00-aa34-c87f51e61a60{ip: 192.168.164.220, host: pr-hdds-2372-2m6rk-3135575179, networkLocation: /default-rack, certSerialId: null} reports an CLOSED replica.
2019-11-18 11:28:06,164 [EventQueue-ContainerReportForContainerReportHandler] WARN  container.ContainerReportHandler (AbstractContainerReportHandler.java:updateContainerState(145)) - Container #1 is in OPEN state, but the datanode c9b88515-1c59-4f59-a2e2-ec16c09fdaea{ip: 192.168.164.220, host: pr-hdds-2372-2m6rk-3135575179, networkLocation: /default-rack, certSerialId: null} reports an CLOSED replica.
2019-11-18 11:28:06,190 [BlockDeletingService#4] WARN  background.BlockDeletingService (BlockDeletingService.java:isDeletionAllowed(187)) - Close Container log Index 6 is not replicated across allthe servers in the pipeline 05de8610-ef8e-43ec-b774-08dca1f21008 as the min replicated index is 4. Deletion is not allowed in this container yet.
2019-11-18 11:28:06,190 [BlockDeletingService#2] WARN  background.BlockDeletingService (BlockDeletingService.java:isDeletionAllowed(187)) - Close Container log Index 6 is not replicated across allthe servers in the pipeline 05de8610-ef8e-43ec-b774-08dca1f21008 as the min replicated index is 4. Deletion is not allowed in this container yet.
2019-11-18 11:28:06,279 [EventQueue-ContainerReportForContainerReportHandler] WARN  container.ContainerReportHandler (AbstractContainerReportHandler.java:updateContainerState(145)) - Container #1 is in OPEN state, but the datanode 67063eba-d0cd-4c00-aa34-c87f51e61a60{ip: 192.168.164.220, host: pr-hdds-2372-2m6rk-3135575179, networkLocation: /default-rack, certSerialId: null} reports an CLOSED replica.
2019-11-18 11:28:06,564 [EventQueue-ContainerReportForContainerReportHandler] WARN  container.ContainerReportHandler (AbstractContainerReportHandler.java:updateContainerState(145)) - Container #1 is in OPEN state, but the datanode c9b88515-1c59-4f59-a2e2-ec16c09fdaea{ip: 192.168.164.220, host: pr-hdds-2372-2m6rk-3135575179, networkLocation: /default-rack, certSerialId: null} reports an CLOSED replica.
2019-11-18 11:28:06,580 [EventQueue-ContainerReportForContainerReportHandler] WARN  container.ContainerReportHandler (AbstractContainerReportHandler.java:updateContainerState(145)) - Container #1 is in OPEN state, but the datanode 67063eba-d0cd-4c00-aa34-c87f51e61a60{ip: 192.168.164.220, host: pr-hdds-2372-2m6rk-3135575179, networkLocation: /default-rack, certSerialId: null} reports an CLOSED replica.
2019-11-18 11:28:06,966 [EventQueue-ContainerReportForContainerReportHandler] WARN  container.ContainerReportHandler (AbstractContainerReportHandler.java:updateContainerState(145)) - Container #1 is in OPEN state, but the datanode c9b88515-1c59-4f59-a2e2-ec16c09fdaea{ip: 192.168.164.220, host: pr-hdds-2372-2m6rk-3135575179, networkLocation: /default-rack, certSerialId: null} reports an CLOSED replica.
2019-11-18 11:28:06,980 [EventQueue-ContainerReportForContainerReportHandler] WARN  container.ContainerReportHandler (AbstractContainerReportHandler.java:updateContainerState(145)) - Container #1 is in OPEN state, but the datanode 67063eba-d0cd-4c00-aa34-c87f51e61a60{ip: 192.168.164.220, host: pr-hdds-2372-2m6rk-3135575179, networkLocation: /default-rack, certSerialId: null} reports an CLOSED replica.
2019-11-18 11:28:07,146 [grpc-default-executor-3] WARN  server.GrpcLogAppender (LogUtils.java:warn(134)) - 67063eba-d0cd-4c00-aa34-c87f51e61a60@group-08DCA1F21008->b14c1e87-4020-4c6d-bcb6-f7f922273c3e-AppendLogResponseHandler: Failed appendEntries: org.apache.ratis.thirdparty.io.grpc.StatusRuntimeException: UNAVAILABLE: io exception
2019-11-18 11:28:07,147 [grpc-default-executor-3] INFO  impl.FollowerInfo (FollowerInfo.java:lambda$new$0(51)) - 67063eba-d0cd-4c00-aa34-c87f51e61a60@group-08DCA1F21008->b14c1e87-4020-4c6d-bcb6-f7f922273c3e: nextIndex: updateUnconditionally 0 -> 0
2019-11-18 11:28:07,191 [BlockDeletingService#4] WARN  background.BlockDeletingService (BlockDeletingService.java:isDeletionAllowed(187)) - Close Container log Index 6 is not replicated across allthe servers in the pipeline 05de8610-ef8e-43ec-b774-08dca1f21008 as the min replicated index is 4. Deletion is not allowed in this container yet.
2019-11-18 11:28:07,192 [BlockDeletingService#2] WARN  background.BlockDeletingService (BlockDeletingService.java:isDeletionAllowed(187)) - Close Container log Index 6 is not replicated across allthe servers in the pipeline 05de8610-ef8e-43ec-b774-08dca1f21008 as the min replicated index is 4. Deletion is not allowed in this container yet.
2019-11-18 11:28:07,266 [EventQueue-ContainerReportForContainerReportHandler] WARN  container.ContainerReportHandler (AbstractContainerReportHandler.java:updateContainerState(145)) - Container #1 is in OPEN state, but the datanode c9b88515-1c59-4f59-a2e2-ec16c09fdaea{ip: 192.168.164.220, host: pr-hdds-2372-2m6rk-3135575179, networkLocation: /default-rack, certSerialId: null} reports an CLOSED replica.
2019-11-18 11:28:07,280 [EventQueue-ContainerReportForContainerReportHandler] WARN  container.ContainerReportHandler (AbstractContainerReportHandler.java:updateContainerState(145)) - Container #1 is in OPEN state, but the datanode 67063eba-d0cd-4c00-aa34-c87f51e61a60{ip: 192.168.164.220, host: pr-hdds-2372-2m6rk-3135575179, networkLocation: /default-rack, certSerialId: null} reports an CLOSED replica.
2019-11-18 11:28:07,566 [EventQueue-ContainerReportForContainerReportHandler] WARN  container.ContainerReportHandler (AbstractContainerReportHandler.java:updateContainerState(145)) - Container #1 is in OPEN state, but the datanode c9b88515-1c59-4f59-a2e2-ec16c09fdaea{ip: 192.168.164.220, host: pr-hdds-2372-2m6rk-3135575179, networkLocation: /default-rack, certSerialId: null} reports an CLOSED replica.
2019-11-18 11:28:07,580 [EventQueue-ContainerReportForContainerReportHandler] WARN  container.ContainerReportHandler (AbstractContainerReportHandler.java:updateContainerState(145)) - Container #1 is in OPEN state, but the datanode 67063eba-d0cd-4c00-aa34-c87f51e61a60{ip: 192.168.164.220, host: pr-hdds-2372-2m6rk-3135575179, networkLocation: /default-rack, certSerialId: null} reports an CLOSED replica.
2019-11-18 11:28:07,866 [EventQueue-ContainerReportForContainerReportHandler] WARN  container.ContainerReportHandler (AbstractContainerReportHandler.java:updateContainerState(145)) - Container #1 is in OPEN state, but the datanode c9b88515-1c59-4f59-a2e2-ec16c09fdaea{ip: 192.168.164.220, host: pr-hdds-2372-2m6rk-3135575179, networkLocation: /default-rack, certSerialId: null} reports an CLOSED replica.
2019-11-18 11:28:07,880 [EventQueue-ContainerReportForContainerReportHandler] WARN  container.ContainerReportHandler (AbstractContainerReportHandler.java:updateContainerState(145)) - Container #1 is in OPEN state, but the datanode 67063eba-d0cd-4c00-aa34-c87f51e61a60{ip: 192.168.164.220, host: pr-hdds-2372-2m6rk-3135575179, networkLocation: /default-rack, certSerialId: null} reports an CLOSED replica.
2019-11-18 11:28:08,167 [EventQueue-ContainerReportForContainerReportHandler] WARN  container.ContainerReportHandler (AbstractContainerReportHandler.java:updateContainerState(145)) - Container #1 is in OPEN state, but the datanode c9b88515-1c59-4f59-a2e2-ec16c09fdaea{ip: 192.168.164.220, host: pr-hdds-2372-2m6rk-3135575179, networkLocation: /default-rack, certSerialId: null} reports an CLOSED replica.
2019-11-18 11:28:08,180 [EventQueue-ContainerReportForContainerReportHandler] WARN  container.ContainerReportHandler (AbstractContainerReportHandler.java:updateContainerState(145)) - Container #1 is in OPEN state, but the datanode 67063eba-d0cd-4c00-aa34-c87f51e61a60{ip: 192.168.164.220, host: pr-hdds-2372-2m6rk-3135575179, networkLocation: /default-rack, certSerialId: null} reports an CLOSED replica.
2019-11-18 11:28:08,193 [BlockDeletingService#2] WARN  background.BlockDeletingService (BlockDeletingService.java:isDeletionAllowed(187)) - Close Container log Index 6 is not replicated across allthe servers in the pipeline 05de8610-ef8e-43ec-b774-08dca1f21008 as the min replicated index is 4. Deletion is not allowed in this container yet.
2019-11-18 11:28:08,193 [BlockDeletingService#4] WARN  background.BlockDeletingService (BlockDeletingService.java:isDeletionAllowed(187)) - Close Container log Index 6 is not replicated across allthe servers in the pipeline 05de8610-ef8e-43ec-b774-08dca1f21008 as the min replicated index is 4. Deletion is not allowed in this container yet.
2019-11-18 11:28:08,380 [EventQueue-ContainerReportForContainerReportHandler] WARN  container.ContainerReportHandler (AbstractContainerReportHandler.java:updateContainerState(145)) - Container #1 is in OPEN state, but the datanode 67063eba-d0cd-4c00-aa34-c87f51e61a60{ip: 192.168.164.220, host: pr-hdds-2372-2m6rk-3135575179, networkLocation: /default-rack, certSerialId: null} reports an CLOSED replica.
2019-11-18 11:28:08,571 [EventQueue-ContainerReportForContainerReportHandler] WARN  container.ContainerReportHandler (AbstractContainerReportHandler.java:updateContainerState(145)) - Container #1 is in OPEN state, but the datanode c9b88515-1c59-4f59-a2e2-ec16c09fdaea{ip: 192.168.164.220, host: pr-hdds-2372-2m6rk-3135575179, networkLocation: /default-rack, certSerialId: null} reports an CLOSED replica.
2019-11-18 11:28:08,681 [EventQueue-ContainerReportForContainerReportHandler] WARN  container.ContainerReportHandler (AbstractContainerReportHandler.java:updateContainerState(145)) - Container #1 is in OPEN state, but the datanode 67063eba-d0cd-4c00-aa34-c87f51e61a60{ip: 192.168.164.220, host: pr-hdds-2372-2m6rk-3135575179, networkLocation: /default-rack, certSerialId: null} reports an CLOSED replica.
2019-11-18 11:28:08,869 [EventQueue-ContainerReportForContainerReportHandler] WARN  container.ContainerReportHandler (AbstractContainerReportHandler.java:updateContainerState(145)) - Container #1 is in OPEN state, but the datanode c9b88515-1c59-4f59-a2e2-ec16c09fdaea{ip: 192.168.164.220, host: pr-hdds-2372-2m6rk-3135575179, networkLocation: /default-rack, certSerialId: null} reports an CLOSED replica.
2019-11-18 11:28:08,981 [EventQueue-ContainerReportForContainerReportHandler] WARN  container.ContainerReportHandler (AbstractContainerReportHandler.java:updateContainerState(145)) - Container #1 is in OPEN state, but the datanode 67063eba-d0cd-4c00-aa34-c87f51e61a60{ip: 192.168.164.220, host: pr-hdds-2372-2m6rk-3135575179, networkLocation: /default-rack, certSerialId: null} reports an CLOSED replica.
2019-11-18 11:28:09,169 [EventQueue-ContainerReportForContainerReportHandler] WARN  container.ContainerReportHandler (AbstractContainerReportHandler.java:updateContainerState(145)) - Container #1 is in OPEN state, but the datanode c9b88515-1c59-4f59-a2e2-ec16c09fdaea{ip: 192.168.164.220, host: pr-hdds-2372-2m6rk-3135575179, networkLocation: /default-rack, certSerialId: null} reports an CLOSED replica.
2019-11-18 11:28:09,197 [BlockDeletingService#2] WARN  background.BlockDeletingService (BlockDeletingService.java:isDeletionAllowed(187)) - Close Container log Index 6 is not replicated across allthe servers in the pipeline 05de8610-ef8e-43ec-b774-08dca1f21008 as the min replicated index is 4. Deletion is not allowed in this container yet.
2019-11-18 11:28:09,197 [BlockDeletingService#4] WARN  background.BlockDeletingService (BlockDeletingService.java:isDeletionAllowed(187)) - Close Container log Index 6 is not replicated across allthe servers in the pipeline 05de8610-ef8e-43ec-b774-08dca1f21008 as the min replicated index is 4. Deletion is not allowed in this container yet.
2019-11-18 11:28:09,281 [EventQueue-ContainerReportForContainerReportHandler] WARN  container.ContainerReportHandler (AbstractContainerReportHandler.java:updateContainerState(145)) - Container #1 is in OPEN state, but the datanode 67063eba-d0cd-4c00-aa34-c87f51e61a60{ip: 192.168.164.220, host: pr-hdds-2372-2m6rk-3135575179, networkLocation: /default-rack, certSerialId: null} reports an CLOSED replica.
2019-11-18 11:28:09,482 [EventQueue-ContainerReportForContainerReportHandler] WARN  container.ContainerReportHandler (AbstractContainerReportHandler.java:updateContainerState(145)) - Container #1 is in OPEN state, but the datanode 67063eba-d0cd-4c00-aa34-c87f51e61a60{ip: 192.168.164.220, host: pr-hdds-2372-2m6rk-3135575179, networkLocation: /default-rack, certSerialId: null} reports an CLOSED replica.
2019-11-18 11:28:09,570 [EventQueue-ContainerReportForContainerReportHandler] WARN  container.ContainerReportHandler (AbstractContainerReportHandler.java:updateContainerState(145)) - Container #1 is in OPEN state, but the datanode c9b88515-1c59-4f59-a2e2-ec16c09fdaea{ip: 192.168.164.220, host: pr-hdds-2372-2m6rk-3135575179, networkLocation: /default-rack, certSerialId: null} reports an CLOSED replica.
2019-11-18 11:28:09,657 [grpc-default-executor-3] WARN  server.GrpcLogAppender (LogUtils.java:warn(134)) - 67063eba-d0cd-4c00-aa34-c87f51e61a60@group-08DCA1F21008->b14c1e87-4020-4c6d-bcb6-f7f922273c3e-AppendLogResponseHandler: Failed appendEntries: org.apache.ratis.thirdparty.io.grpc.StatusRuntimeException: UNAVAILABLE: io exception
2019-11-18 11:28:09,658 [grpc-default-executor-3] INFO  impl.FollowerInfo (FollowerInfo.java:lambda$new$0(51)) - 67063eba-d0cd-4c00-aa34-c87f51e61a60@group-08DCA1F21008->b14c1e87-4020-4c6d-bcb6-f7f922273c3e: nextIndex: updateUnconditionally 0 -> 0
2019-11-18 11:28:09,782 [EventQueue-ContainerReportForContainerReportHandler] WARN  container.ContainerReportHandler (AbstractContainerReportHandler.java:updateContainerState(145)) - Container #1 is in OPEN state, but the datanode 67063eba-d0cd-4c00-aa34-c87f51e61a60{ip: 192.168.164.220, host: pr-hdds-2372-2m6rk-3135575179, networkLocation: /default-rack, certSerialId: null} reports an CLOSED replica.
2019-11-18 11:28:09,970 [EventQueue-ContainerReportForContainerReportHandler] WARN  container.ContainerReportHandler (AbstractContainerReportHandler.java:updateContainerState(145)) - Container #1 is in OPEN state, but the datanode c9b88515-1c59-4f59-a2e2-ec16c09fdaea{ip: 192.168.164.220, host: pr-hdds-2372-2m6rk-3135575179, networkLocation: /default-rack, certSerialId: null} reports an CLOSED replica.
2019-11-18 11:28:10,082 [EventQueue-ContainerReportForContainerReportHandler] WARN  container.ContainerReportHandler (AbstractContainerReportHandler.java:updateContainerState(145)) - Container #1 is in OPEN state, but the datanode 67063eba-d0cd-4c00-aa34-c87f51e61a60{ip: 192.168.164.220, host: pr-hdds-2372-2m6rk-3135575179, networkLocation: /default-rack, certSerialId: null} reports an CLOSED replica.
2019-11-18 11:28:10,199 [BlockDeletingService#4] WARN  background.BlockDeletingService (BlockDeletingService.java:isDeletionAllowed(187)) - Close Container log Index 6 is not replicated across allthe servers in the pipeline 05de8610-ef8e-43ec-b774-08dca1f21008 as the min replicated index is 4. Deletion is not allowed in this container yet.
2019-11-18 11:28:10,199 [BlockDeletingService#2] WARN  background.BlockDeletingService (BlockDeletingService.java:isDeletionAllowed(187)) - Close Container log Index 6 is not replicated across allthe servers in the pipeline 05de8610-ef8e-43ec-b774-08dca1f21008 as the min replicated index is 4. Deletion is not allowed in this container yet.
2019-11-18 11:28:10,270 [EventQueue-ContainerReportForContainerReportHandler] WARN  container.ContainerReportHandler (AbstractContainerReportHandler.java:updateContainerState(145)) - Container #1 is in OPEN state, but the datanode c9b88515-1c59-4f59-a2e2-ec16c09fdaea{ip: 192.168.164.220, host: pr-hdds-2372-2m6rk-3135575179, networkLocation: /default-rack, certSerialId: null} reports an CLOSED replica.
2019-11-18 11:28:10,483 [EventQueue-ContainerReportForContainerReportHandler] WARN  container.ContainerReportHandler (AbstractContainerReportHandler.java:updateContainerState(145)) - Container #1 is in OPEN state, but the datanode 67063eba-d0cd-4c00-aa34-c87f51e61a60{ip: 192.168.164.220, host: pr-hdds-2372-2m6rk-3135575179, networkLocation: /default-rack, certSerialId: null} reports an CLOSED replica.
2019-11-18 11:28:10,670 [EventQueue-ContainerReportForContainerReportHandler] WARN  container.ContainerReportHandler (AbstractContainerReportHandler.java:updateContainerState(145)) - Container #1 is in OPEN state, but the datanode c9b88515-1c59-4f59-a2e2-ec16c09fdaea{ip: 192.168.164.220, host: pr-hdds-2372-2m6rk-3135575179, networkLocation: /default-rack, certSerialId: null} reports an CLOSED replica.
2019-11-18 11:28:10,784 [EventQueue-ContainerReportForContainerReportHandler] WARN  container.ContainerReportHandler (AbstractContainerReportHandler.java:updateContainerState(145)) - Container #1 is in OPEN state, but the datanode 67063eba-d0cd-4c00-aa34-c87f51e61a60{ip: 192.168.164.220, host: pr-hdds-2372-2m6rk-3135575179, networkLocation: /default-rack, certSerialId: null} reports an CLOSED replica.
2019-11-18 11:28:10,874 [EventQueue-ContainerReportForContainerReportHandler] WARN  container.ContainerReportHandler (AbstractContainerReportHandler.java:updateContainerState(145)) - Container #1 is in OPEN state, but the datanode c9b88515-1c59-4f59-a2e2-ec16c09fdaea{ip: 192.168.164.220, host: pr-hdds-2372-2m6rk-3135575179, networkLocation: /default-rack, certSerialId: null} reports an CLOSED replica.
2019-11-18 11:28:10,984 [EventQueue-ContainerReportForContainerReportHandler] WARN  container.ContainerReportHandler (AbstractContainerReportHandler.java:updateContainerState(145)) - Container #1 is in OPEN state, but the datanode 67063eba-d0cd-4c00-aa34-c87f51e61a60{ip: 192.168.164.220, host: pr-hdds-2372-2m6rk-3135575179, networkLocation: /default-rack, certSerialId: null} reports an CLOSED replica.
2019-11-18 11:28:11,203 [BlockDeletingService#4] WARN  background.BlockDeletingService (BlockDeletingService.java:isDeletionAllowed(187)) - Close Container log Index 6 is not replicated across allthe servers in the pipeline 05de8610-ef8e-43ec-b774-08dca1f21008 as the min replicated index is 4. Deletion is not allowed in this container yet.
2019-11-18 11:28:11,203 [BlockDeletingService#2] WARN  background.BlockDeletingService (BlockDeletingService.java:isDeletionAllowed(187)) - Close Container log Index 6 is not replicated across allthe servers in the pipeline 05de8610-ef8e-43ec-b774-08dca1f21008 as the min replicated index is 4. Deletion is not allowed in this container yet.
2019-11-18 11:28:11,273 [EventQueue-ContainerReportForContainerReportHandler] WARN  container.ContainerReportHandler (AbstractContainerReportHandler.java:updateContainerState(145)) - Container #1 is in OPEN state, but the datanode c9b88515-1c59-4f59-a2e2-ec16c09fdaea{ip: 192.168.164.220, host: pr-hdds-2372-2m6rk-3135575179, networkLocation: /default-rack, certSerialId: null} reports an CLOSED replica.
2019-11-18 11:28:11,385 [EventQueue-ContainerReportForContainerReportHandler] WARN  container.ContainerReportHandler (AbstractContainerReportHandler.java:updateContainerState(145)) - Container #1 is in OPEN state, but the datanode 67063eba-d0cd-4c00-aa34-c87f51e61a60{ip: 192.168.164.220, host: pr-hdds-2372-2m6rk-3135575179, networkLocation: /default-rack, certSerialId: null} reports an CLOSED replica.
2019-11-18 11:28:11,573 [EventQueue-ContainerReportForContainerReportHandler] WARN  container.ContainerReportHandler (AbstractContainerReportHandler.java:updateContainerState(145)) - Container #1 is in OPEN state, but the datanode c9b88515-1c59-4f59-a2e2-ec16c09fdaea{ip: 192.168.164.220, host: pr-hdds-2372-2m6rk-3135575179, networkLocation: /default-rack, certSerialId: null} reports an CLOSED replica.
2019-11-18 11:28:11,772 [EventQueue-ContainerReportForContainerReportHandler] WARN  container.ContainerReportHandler (AbstractContainerReportHandler.java:updateContainerState(145)) - Container #1 is in OPEN state, but the datanode c9b88515-1c59-4f59-a2e2-ec16c09fdaea{ip: 192.168.164.220, host: pr-hdds-2372-2m6rk-3135575179, networkLocation: /default-rack, certSerialId: null} reports an CLOSED replica.
2019-11-18 11:28:11,785 [EventQueue-ContainerReportForContainerReportHandler] WARN  container.ContainerReportHandler (AbstractContainerReportHandler.java:updateContainerState(145)) - Container #1 is in OPEN state, but the datanode 67063eba-d0cd-4c00-aa34-c87f51e61a60{ip: 192.168.164.220, host: pr-hdds-2372-2m6rk-3135575179, networkLocation: /default-rack, certSerialId: null} reports an CLOSED replica.
2019-11-18 11:28:12,085 [EventQueue-ContainerReportForContainerReportHandler] WARN  container.ContainerReportHandler (AbstractContainerReportHandler.java:updateContainerState(145)) - Container #1 is in OPEN state, but the datanode 67063eba-d0cd-4c00-aa34-c87f51e61a60{ip: 192.168.164.220, host: pr-hdds-2372-2m6rk-3135575179, networkLocation: /default-rack, certSerialId: null} reports an CLOSED replica.
2019-11-18 11:28:12,161 [grpc-default-executor-3] WARN  server.GrpcLogAppender (LogUtils.java:warn(134)) - 67063eba-d0cd-4c00-aa34-c87f51e61a60@group-08DCA1F21008->b14c1e87-4020-4c6d-bcb6-f7f922273c3e-AppendLogResponseHandler: Failed appendEntries: org.apache.ratis.thirdparty.io.grpc.StatusRuntimeException: UNAVAILABLE: io exception
2019-11-18 11:28:12,162 [grpc-default-executor-3] INFO  impl.FollowerInfo (FollowerInfo.java:lambda$new$0(51)) - 67063eba-d0cd-4c00-aa34-c87f51e61a60@group-08DCA1F21008->b14c1e87-4020-4c6d-bcb6-f7f922273c3e: nextIndex: updateUnconditionally 0 -> 0
2019-11-18 11:28:12,172 [EventQueue-ContainerReportForContainerReportHandler] WARN  container.ContainerReportHandler (AbstractContainerReportHandler.java:updateContainerState(145)) - Container #1 is in OPEN state, but the datanode c9b88515-1c59-4f59-a2e2-ec16c09fdaea{ip: 192.168.164.220, host: pr-hdds-2372-2m6rk-3135575179, networkLocation: /default-rack, certSerialId: null} reports an CLOSED replica.
2019-11-18 11:28:12,206 [BlockDeletingService#4] WARN  background.BlockDeletingService (BlockDeletingService.java:isDeletionAllowed(187)) - Close Container log Index 6 is not replicated across allthe servers in the pipeline 05de8610-ef8e-43ec-b774-08dca1f21008 as the min replicated index is 4. Deletion is not allowed in this container yet.
2019-11-18 11:28:12,206 [BlockDeletingService#2] WARN  background.BlockDeletingService (BlockDeletingService.java:isDeletionAllowed(187)) - Close Container log Index 6 is not replicated across allthe servers in the pipeline 05de8610-ef8e-43ec-b774-08dca1f21008 as the min replicated index is 4. Deletion is not allowed in this container yet.
2019-11-18 11:28:12,385 [EventQueue-ContainerReportForContainerReportHandler] WARN  container.ContainerReportHandler (AbstractContainerReportHandler.java:updateContainerState(145)) - Container #1 is in OPEN state, but the datanode 67063eba-d0cd-4c00-aa34-c87f51e61a60{ip: 192.168.164.220, host: pr-hdds-2372-2m6rk-3135575179, networkLocation: /default-rack, certSerialId: null} reports an CLOSED replica.
2019-11-18 11:28:12,473 [EventQueue-ContainerReportForContainerReportHandler] WARN  container.ContainerReportHandler (AbstractContainerReportHandler.java:updateContainerState(145)) - Container #1 is in OPEN state, but the datanode c9b88515-1c59-4f59-a2e2-ec16c09fdaea{ip: 192.168.164.220, host: pr-hdds-2372-2m6rk-3135575179, networkLocation: /default-rack, certSerialId: null} reports an CLOSED replica.
2019-11-18 11:28:12,685 [EventQueue-ContainerReportForContainerReportHandler] WARN  container.ContainerReportHandler (AbstractContainerReportHandler.java:updateContainerState(145)) - Container #1 is in OPEN state, but the datanode 67063eba-d0cd-4c00-aa34-c87f51e61a60{ip: 192.168.164.220, host: pr-hdds-2372-2m6rk-3135575179, networkLocation: /default-rack, certSerialId: null} reports an CLOSED replica.
2019-11-18 11:28:12,772 [EventQueue-ContainerReportForContainerReportHandler] WARN  container.ContainerReportHandler (AbstractContainerReportHandler.java:updateContainerState(145)) - Container #1 is in OPEN state, but the datanode c9b88515-1c59-4f59-a2e2-ec16c09fdaea{ip: 192.168.164.220, host: pr-hdds-2372-2m6rk-3135575179, networkLocation: /default-rack, certSerialId: null} reports an CLOSED replica.
2019-11-18 11:28:12,886 [EventQueue-ContainerReportForContainerReportHandler] WARN  container.ContainerReportHandler (AbstractContainerReportHandler.java:updateContainerState(145)) - Container #1 is in OPEN state, but the datanode 67063eba-d0cd-4c00-aa34-c87f51e61a60{ip: 192.168.164.220, host: pr-hdds-2372-2m6rk-3135575179, networkLocation: /default-rack, certSerialId: null} reports an CLOSED replica.
2019-11-18 11:28:12,976 [EventQueue-ContainerReportForContainerReportHandler] WARN  container.ContainerReportHandler (AbstractContainerReportHandler.java:updateContainerState(145)) - Container #1 is in OPEN state, but the datanode c9b88515-1c59-4f59-a2e2-ec16c09fdaea{ip: 192.168.164.220, host: pr-hdds-2372-2m6rk-3135575179, networkLocation: /default-rack, certSerialId: null} reports an CLOSED replica.
2019-11-18 11:28:13,209 [BlockDeletingService#2] WARN  background.BlockDeletingService (BlockDeletingService.java:isDeletionAllowed(187)) - Close Container log Index 6 is not replicated across allthe servers in the pipeline 05de8610-ef8e-43ec-b774-08dca1f21008 as the min replicated index is 4. Deletion is not allowed in this container yet.
2019-11-18 11:28:13,209 [BlockDeletingService#4] WARN  background.BlockDeletingService (BlockDeletingService.java:isDeletionAllowed(187)) - Close Container log Index 6 is not replicated across allthe servers in the pipeline 05de8610-ef8e-43ec-b774-08dca1f21008 as the min replicated index is 4. Deletion is not allowed in this container yet.
2019-11-18 11:28:13,273 [EventQueue-ContainerReportForContainerReportHandler] WARN  container.ContainerReportHandler (AbstractContainerReportHandler.java:updateContainerState(145)) - Container #1 is in OPEN state, but the datanode c9b88515-1c59-4f59-a2e2-ec16c09fdaea{ip: 192.168.164.220, host: pr-hdds-2372-2m6rk-3135575179, networkLocation: /default-rack, certSerialId: null} reports an CLOSED replica.
2019-11-18 11:28:13,287 [EventQueue-ContainerReportForContainerReportHandler] WARN  container.ContainerReportHandler (AbstractContainerReportHandler.java:updateContainerState(145)) - Container #1 is in OPEN state, but the datanode 67063eba-d0cd-4c00-aa34-c87f51e61a60{ip: 192.168.164.220, host: pr-hdds-2372-2m6rk-3135575179, networkLocation: /default-rack, certSerialId: null} reports an CLOSED replica.
2019-11-18 11:28:13,575 [EventQueue-ContainerReportForContainerReportHandler] WARN  container.ContainerReportHandler (AbstractContainerReportHandler.java:updateContainerState(145)) - Container #1 is in OPEN state, but the datanode c9b88515-1c59-4f59-a2e2-ec16c09fdaea{ip: 192.168.164.220, host: pr-hdds-2372-2m6rk-3135575179, networkLocation: /default-rack, certSerialId: null} reports an CLOSED replica.
2019-11-18 11:28:13,687 [EventQueue-ContainerReportForContainerReportHandler] WARN  container.ContainerReportHandler (AbstractContainerReportHandler.java:updateContainerState(145)) - Container #1 is in OPEN state, but the datanode 67063eba-d0cd-4c00-aa34-c87f51e61a60{ip: 192.168.164.220, host: pr-hdds-2372-2m6rk-3135575179, networkLocation: /default-rack, certSerialId: null} reports an CLOSED replica.
2019-11-18 11:28:13,702 [Thread-473] INFO  client.GrpcClientProtocolService (GrpcClientProtocolService.java:lambda$processClientRequest$0(279)) - Failed RaftClientRequest:client-E41A5C59983E->c9b88515-1c59-4f59-a2e2-ec16c09fdaea@group-08DCA1F21008, cid=23, seq=0, Watch-ALL_COMMITTED(6), Message:<EMPTY>, reply=RaftClientReply:client-E41A5C59983E->c9b88515-1c59-4f59-a2e2-ec16c09fdaea@group-08DCA1F21008, cid=23, FAILED org.apache.ratis.protocol.NotLeaderException: Server c9b88515-1c59-4f59-a2e2-ec16c09fdaea@group-08DCA1F21008 is not the leader 67063eba-d0cd-4c00-aa34-c87f51e61a60:192.168.164.220:39623, logIndex=0, commits[c9b88515-1c59-4f59-a2e2-ec16c09fdaea:c10, 67063eba-d0cd-4c00-aa34-c87f51e61a60:c10, b14c1e87-4020-4c6d-bcb6-f7f922273c3e:c4]
2019-11-18 11:28:13,974 [EventQueue-ContainerReportForContainerReportHandler] WARN  container.ContainerReportHandler (AbstractContainerReportHandler.java:updateContainerState(145)) - Container #1 is in OPEN state, but the datanode c9b88515-1c59-4f59-a2e2-ec16c09fdaea{ip: 192.168.164.220, host: pr-hdds-2372-2m6rk-3135575179, networkLocation: /default-rack, certSerialId: null} reports an CLOSED replica.
2019-11-18 11:28:13,989 [EventQueue-ContainerReportForContainerReportHandler] WARN  container.ContainerReportHandler (AbstractContainerReportHandler.java:updateContainerState(145)) - Container #1 is in OPEN state, but the datanode 67063eba-d0cd-4c00-aa34-c87f51e61a60{ip: 192.168.164.220, host: pr-hdds-2372-2m6rk-3135575179, networkLocation: /default-rack, certSerialId: null} reports an CLOSED replica.
2019-11-18 11:28:14,175 [EventQueue-ContainerReportForContainerReportHandler] WARN  container.ContainerReportHandler (AbstractContainerReportHandler.java:updateContainerState(145)) - Container #1 is in OPEN state, but the datanode c9b88515-1c59-4f59-a2e2-ec16c09fdaea{ip: 192.168.164.220, host: pr-hdds-2372-2m6rk-3135575179, networkLocation: /default-rack, certSerialId: null} reports an CLOSED replica.
2019-11-18 11:28:14,211 [BlockDeletingService#2] WARN  background.BlockDeletingService (BlockDeletingService.java:isDeletionAllowed(187)) - Close Container log Index 6 is not replicated across allthe servers in the pipeline 05de8610-ef8e-43ec-b774-08dca1f21008 as the min replicated index is 4. Deletion is not allowed in this container yet.
2019-11-18 11:28:14,211 [BlockDeletingService#4] WARN  background.BlockDeletingService (BlockDeletingService.java:isDeletionAllowed(187)) - Close Container log Index 6 is not replicated across allthe servers in the pipeline 05de8610-ef8e-43ec-b774-08dca1f21008 as the min replicated index is 4. Deletion is not allowed in this container yet.
2019-11-18 11:28:14,288 [EventQueue-ContainerReportForContainerReportHandler] WARN  container.ContainerReportHandler (AbstractContainerReportHandler.java:updateContainerState(145)) - Container #1 is in OPEN state, but the datanode 67063eba-d0cd-4c00-aa34-c87f51e61a60{ip: 192.168.164.220, host: pr-hdds-2372-2m6rk-3135575179, networkLocation: /default-rack, certSerialId: null} reports an CLOSED replica.
2019-11-18 11:28:14,474 [EventQueue-ContainerReportForContainerReportHandler] WARN  container.ContainerReportHandler (AbstractContainerReportHandler.java:updateContainerState(145)) - Container #1 is in OPEN state, but the datanode c9b88515-1c59-4f59-a2e2-ec16c09fdaea{ip: 192.168.164.220, host: pr-hdds-2372-2m6rk-3135575179, networkLocation: /default-rack, certSerialId: null} reports an CLOSED replica.
2019-11-18 11:28:14,589 [EventQueue-ContainerReportForContainerReportHandler] WARN  container.ContainerReportHandler (AbstractContainerReportHandler.java:updateContainerState(145)) - Container #1 is in OPEN state, but the datanode 67063eba-d0cd-4c00-aa34-c87f51e61a60{ip: 192.168.164.220, host: pr-hdds-2372-2m6rk-3135575179, networkLocation: /default-rack, certSerialId: null} reports an CLOSED replica.
2019-11-18 11:28:14,665 [grpc-default-executor-2] WARN  server.GrpcLogAppender (LogUtils.java:warn(134)) - 67063eba-d0cd-4c00-aa34-c87f51e61a60@group-08DCA1F21008->b14c1e87-4020-4c6d-bcb6-f7f922273c3e-AppendLogResponseHandler: Failed appendEntries: org.apache.ratis.thirdparty.io.grpc.StatusRuntimeException: UNAVAILABLE: io exception
2019-11-18 11:28:14,667 [grpc-default-executor-2] INFO  impl.FollowerInfo (FollowerInfo.java:lambda$new$0(51)) - 67063eba-d0cd-4c00-aa34-c87f51e61a60@group-08DCA1F21008->b14c1e87-4020-4c6d-bcb6-f7f922273c3e: nextIndex: updateUnconditionally 0 -> 0
2019-11-18 11:28:14,675 [EventQueue-ContainerReportForContainerReportHandler] WARN  container.ContainerReportHandler (AbstractContainerReportHandler.java:updateContainerState(145)) - Container #1 is in OPEN state, but the datanode c9b88515-1c59-4f59-a2e2-ec16c09fdaea{ip: 192.168.164.220, host: pr-hdds-2372-2m6rk-3135575179, networkLocation: /default-rack, certSerialId: null} reports an CLOSED replica.
2019-11-18 11:28:14,890 [EventQueue-ContainerReportForContainerReportHandler] WARN  container.ContainerReportHandler (AbstractContainerReportHandler.java:updateContainerState(145)) - Container #1 is in OPEN state, but the datanode 67063eba-d0cd-4c00-aa34-c87f51e61a60{ip: 192.168.164.220, host: pr-hdds-2372-2m6rk-3135575179, networkLocation: /default-rack, certSerialId: null} reports an CLOSED replica.
2019-11-18 11:28:14,974 [EventQueue-ContainerReportForContainerReportHandler] WARN  container.ContainerReportHandler (AbstractContainerReportHandler.java:updateContainerState(145)) - Container #1 is in OPEN state, but the datanode c9b88515-1c59-4f59-a2e2-ec16c09fdaea{ip: 192.168.164.220, host: pr-hdds-2372-2m6rk-3135575179, networkLocation: /default-rack, certSerialId: null} reports an CLOSED replica.
2019-11-18 11:28:15,090 [EventQueue-ContainerReportForContainerReportHandler] WARN  container.ContainerReportHandler (AbstractContainerReportHandler.java:updateContainerState(145)) - Container #1 is in OPEN state, but the datanode 67063eba-d0cd-4c00-aa34-c87f51e61a60{ip: 192.168.164.220, host: pr-hdds-2372-2m6rk-3135575179, networkLocation: /default-rack, certSerialId: null} reports an CLOSED replica.
2019-11-18 11:28:15,175 [EventQueue-ContainerReportForContainerReportHandler] WARN  container.ContainerReportHandler (AbstractContainerReportHandler.java:updateContainerState(145)) - Container #1 is in OPEN state, but the datanode c9b88515-1c59-4f59-a2e2-ec16c09fdaea{ip: 192.168.164.220, host: pr-hdds-2372-2m6rk-3135575179, networkLocation: /default-rack, certSerialId: null} reports an CLOSED replica.
2019-11-18 11:28:15,214 [BlockDeletingService#2] WARN  background.BlockDeletingService (BlockDeletingService.java:isDeletionAllowed(187)) - Close Container log Index 6 is not replicated across allthe servers in the pipeline 05de8610-ef8e-43ec-b774-08dca1f21008 as the min replicated index is 4. Deletion is not allowed in this container yet.
2019-11-18 11:28:15,214 [BlockDeletingService#4] WARN  background.BlockDeletingService (BlockDeletingService.java:isDeletionAllowed(187)) - Close Container log Index 6 is not replicated across allthe servers in the pipeline 05de8610-ef8e-43ec-b774-08dca1f21008 as the min replicated index is 4. Deletion is not allowed in this container yet.
2019-11-18 11:28:15,390 [EventQueue-ContainerReportForContainerReportHandler] WARN  container.ContainerReportHandler (AbstractContainerReportHandler.java:updateContainerState(145)) - Container #1 is in OPEN state, but the datanode 67063eba-d0cd-4c00-aa34-c87f51e61a60{ip: 192.168.164.220, host: pr-hdds-2372-2m6rk-3135575179, networkLocation: /default-rack, certSerialId: null} reports an CLOSED replica.
2019-11-18 11:28:15,579 [EventQueue-ContainerReportForContainerReportHandler] WARN  container.ContainerReportHandler (AbstractContainerReportHandler.java:updateContainerState(145)) - Container #1 is in OPEN state, but the datanode c9b88515-1c59-4f59-a2e2-ec16c09fdaea{ip: 192.168.164.220, host: pr-hdds-2372-2m6rk-3135575179, networkLocation: /default-rack, certSerialId: null} reports an CLOSED replica.
2019-11-18 11:28:15,686 [Thread-481] INFO  client.GrpcClientProtocolService (GrpcClientProtocolService.java:lambda$processClientRequest$0(279)) - Failed RaftClientRequest:client-E41A5C59983E->67063eba-d0cd-4c00-aa34-c87f51e61a60@group-08DCA1F21008, cid=23, seq=0, Watch-ALL_COMMITTED(6), Message:<EMPTY>, reply=RaftClientReply:client-E41A5C59983E->67063eba-d0cd-4c00-aa34-c87f51e61a60@group-08DCA1F21008, cid=23, FAILED org.apache.ratis.protocol.NotReplicatedException: Request with call Id 23 and log index 6 is not yet replicated to ALL_COMMITTED, logIndex=6, commits[67063eba-d0cd-4c00-aa34-c87f51e61a60:c10, c9b88515-1c59-4f59-a2e2-ec16c09fdaea:c10, b14c1e87-4020-4c6d-bcb6-f7f922273c3e:c4]
2019-11-18 11:28:15,791 [EventQueue-ContainerReportForContainerReportHandler] WARN  container.ContainerReportHandler (AbstractContainerReportHandler.java:updateContainerState(145)) - Container #1 is in OPEN state, but the datanode 67063eba-d0cd-4c00-aa34-c87f51e61a60{ip: 192.168.164.220, host: pr-hdds-2372-2m6rk-3135575179, networkLocation: /default-rack, certSerialId: null} reports an CLOSED replica.
2019-11-18 11:28:15,877 [EventQueue-ContainerReportForContainerReportHandler] WARN  container.ContainerReportHandler (AbstractContainerReportHandler.java:updateContainerState(145)) - Container #1 is in OPEN state, but the datanode c9b88515-1c59-4f59-a2e2-ec16c09fdaea{ip: 192.168.164.220, host: pr-hdds-2372-2m6rk-3135575179, networkLocation: /default-rack, certSerialId: null} reports an CLOSED replica.
2019-11-18 11:28:16,092 [EventQueue-ContainerReportForContainerReportHandler] WARN  container.ContainerReportHandler (AbstractContainerReportHandler.java:updateContainerState(145)) - Container #1 is in OPEN state, but the datanode 67063eba-d0cd-4c00-aa34-c87f51e61a60{ip: 192.168.164.220, host: pr-hdds-2372-2m6rk-3135575179, networkLocation: /default-rack, certSerialId: null} reports an CLOSED replica.
2019-11-18 11:28:16,177 [EventQueue-ContainerReportForContainerReportHandler] WARN  container.ContainerReportHandler (AbstractContainerReportHandler.java:updateContainerState(145)) - Container #1 is in OPEN state, but the datanode c9b88515-1c59-4f59-a2e2-ec16c09fdaea{ip: 192.168.164.220, host: pr-hdds-2372-2m6rk-3135575179, networkLocation: /default-rack, certSerialId: null} reports an CLOSED replica.
2019-11-18 11:28:16,216 [BlockDeletingService#4] WARN  background.BlockDeletingService (BlockDeletingService.java:isDeletionAllowed(187)) - Close Container log Index 6 is not replicated across allthe servers in the pipeline 05de8610-ef8e-43ec-b774-08dca1f21008 as the min replicated index is 4. Deletion is not allowed in this container yet.
2019-11-18 11:28:16,216 [BlockDeletingService#2] WARN  background.BlockDeletingService (BlockDeletingService.java:isDeletionAllowed(187)) - Close Container log Index 6 is not replicated across allthe servers in the pipeline 05de8610-ef8e-43ec-b774-08dca1f21008 as the min replicated index is 4. Deletion is not allowed in this container yet.
2019-11-18 11:28:16,377 [EventQueue-ContainerReportForContainerReportHandler] WARN  container.ContainerReportHandler (AbstractContainerReportHandler.java:updateContainerState(145)) - Container #1 is in OPEN state, but the datanode c9b88515-1c59-4f59-a2e2-ec16c09fdaea{ip: 192.168.164.220, host: pr-hdds-2372-2m6rk-3135575179, networkLocation: /default-rack, certSerialId: null} reports an CLOSED replica.
2019-11-18 11:28:16,491 [EventQueue-ContainerReportForContainerReportHandler] WARN  container.ContainerReportHandler (AbstractContainerReportHandler.java:updateContainerState(145)) - Container #1 is in OPEN state, but the datanode 67063eba-d0cd-4c00-aa34-c87f51e61a60{ip: 192.168.164.220, host: pr-hdds-2372-2m6rk-3135575179, networkLocation: /default-rack, certSerialId: null} reports an CLOSED replica.
2019-11-18 11:28:16,677 [EventQueue-ContainerReportForContainerReportHandler] WARN  container.ContainerReportHandler (AbstractContainerReportHandler.java:updateContainerState(145)) - Container #1 is in OPEN state, but the datanode c9b88515-1c59-4f59-a2e2-ec16c09fdaea{ip: 192.168.164.220, host: pr-hdds-2372-2m6rk-3135575179, networkLocation: /default-rack, certSerialId: null} reports an CLOSED replica.
2019-11-18 11:28:16,691 [EventQueue-ContainerReportForContainerReportHandler] WARN  container.ContainerReportHandler (AbstractContainerReportHandler.java:updateContainerState(145)) - Container #1 is in OPEN state, but the datanode 67063eba-d0cd-4c00-aa34-c87f51e61a60{ip: 192.168.164.220, host: pr-hdds-2372-2m6rk-3135575179, networkLocation: /default-rack, certSerialId: null} reports an CLOSED replica.
2019-11-18 11:28:16,877 [EventQueue-ContainerReportForContainerReportHandler] WARN  container.ContainerReportHandler (AbstractContainerReportHandler.java:updateContainerState(145)) - Container #1 is in OPEN state, but the datanode c9b88515-1c59-4f59-a2e2-ec16c09fdaea{ip: 192.168.164.220, host: pr-hdds-2372-2m6rk-3135575179, networkLocation: /default-rack, certSerialId: null} reports an CLOSED replica.
2019-11-18 11:28:17,091 [EventQueue-ContainerReportForContainerReportHandler] WARN  container.ContainerReportHandler (AbstractContainerReportHandler.java:updateContainerState(145)) - Container #1 is in OPEN state, but the datanode 67063eba-d0cd-4c00-aa34-c87f51e61a60{ip: 192.168.164.220, host: pr-hdds-2372-2m6rk-3135575179, networkLocation: /default-rack, certSerialId: null} reports an CLOSED replica.
2019-11-18 11:28:17,169 [grpc-default-executor-3] WARN  server.GrpcLogAppender (LogUtils.java:warn(134)) - 67063eba-d0cd-4c00-aa34-c87f51e61a60@group-08DCA1F21008->b14c1e87-4020-4c6d-bcb6-f7f922273c3e-AppendLogResponseHandler: Failed appendEntries: org.apache.ratis.thirdparty.io.grpc.StatusRuntimeException: UNAVAILABLE: io exception
2019-11-18 11:28:17,170 [grpc-default-executor-3] INFO  impl.FollowerInfo (FollowerInfo.java:lambda$new$0(51)) - 67063eba-d0cd-4c00-aa34-c87f51e61a60@group-08DCA1F21008->b14c1e87-4020-4c6d-bcb6-f7f922273c3e: nextIndex: updateUnconditionally 0 -> 0
2019-11-18 11:28:17,220 [BlockDeletingService#4] WARN  background.BlockDeletingService (BlockDeletingService.java:isDeletionAllowed(187)) - Close Container log Index 6 is not replicated across allthe servers in the pipeline 05de8610-ef8e-43ec-b774-08dca1f21008 as the min replicated index is 4. Deletion is not allowed in this container yet.
2019-11-18 11:28:17,220 [BlockDeletingService#2] WARN  background.BlockDeletingService (BlockDeletingService.java:isDeletionAllowed(187)) - Close Container log Index 6 is not replicated across allthe servers in the pipeline 05de8610-ef8e-43ec-b774-08dca1f21008 as the min replicated index is 4. Deletion is not allowed in this container yet.
2019-11-18 11:28:17,277 [EventQueue-ContainerReportForContainerReportHandler] WARN  container.ContainerReportHandler (AbstractContainerReportHandler.java:updateContainerState(145)) - Container #1 is in OPEN state, but the datanode c9b88515-1c59-4f59-a2e2-ec16c09fdaea{ip: 192.168.164.220, host: pr-hdds-2372-2m6rk-3135575179, networkLocation: /default-rack, certSerialId: null} reports an CLOSED replica.
2019-11-18 11:28:17,393 [EventQueue-ContainerReportForContainerReportHandler] WARN  container.ContainerReportHandler (AbstractContainerReportHandler.java:updateContainerState(145)) - Container #1 is in OPEN state, but the datanode 67063eba-d0cd-4c00-aa34-c87f51e61a60{ip: 192.168.164.220, host: pr-hdds-2372-2m6rk-3135575179, networkLocation: /default-rack, certSerialId: null} reports an CLOSED replica.
2019-11-18 11:28:17,476 [EventQueue-ContainerReportForContainerReportHandler] WARN  container.ContainerReportHandler (AbstractContainerReportHandler.java:updateContainerState(145)) - Container #1 is in OPEN state, but the datanode c9b88515-1c59-4f59-a2e2-ec16c09fdaea{ip: 192.168.164.220, host: pr-hdds-2372-2m6rk-3135575179, networkLocation: /default-rack, certSerialId: null} reports an CLOSED replica.
2019-11-18 11:28:17,696 [EventQueue-ContainerReportForContainerReportHandler] WARN  container.ContainerReportHandler (AbstractContainerReportHandler.java:updateContainerState(145)) - Container #1 is in OPEN state, but the datanode 67063eba-d0cd-4c00-aa34-c87f51e61a60{ip: 192.168.164.220, host: pr-hdds-2372-2m6rk-3135575179, networkLocation: /default-rack, certSerialId: null} reports an CLOSED replica.
2019-11-18 11:28:17,877 [EventQueue-ContainerReportForContainerReportHandler] WARN  container.ContainerReportHandler (AbstractContainerReportHandler.java:updateContainerState(145)) - Container #1 is in OPEN state, but the datanode c9b88515-1c59-4f59-a2e2-ec16c09fdaea{ip: 192.168.164.220, host: pr-hdds-2372-2m6rk-3135575179, networkLocation: /default-rack, certSerialId: null} reports an CLOSED replica.
2019-11-18 11:28:17,999 [EventQueue-ContainerReportForContainerReportHandler] WARN  container.ContainerReportHandler (AbstractContainerReportHandler.java:updateContainerState(145)) - Container #1 is in OPEN state, but the datanode 67063eba-d0cd-4c00-aa34-c87f51e61a60{ip: 192.168.164.220, host: pr-hdds-2372-2m6rk-3135575179, networkLocation: /default-rack, certSerialId: null} reports an CLOSED replica.
2019-11-18 11:28:18,077 [EventQueue-ContainerReportForContainerReportHandler] WARN  container.ContainerReportHandler (AbstractContainerReportHandler.java:updateContainerState(145)) - Container #1 is in OPEN state, but the datanode c9b88515-1c59-4f59-a2e2-ec16c09fdaea{ip: 192.168.164.220, host: pr-hdds-2372-2m6rk-3135575179, networkLocation: /default-rack, certSerialId: null} reports an CLOSED replica.
2019-11-18 11:28:18,224 [BlockDeletingService#2] WARN  background.BlockDeletingService (BlockDeletingService.java:isDeletionAllowed(187)) - Close Container log Index 6 is not replicated across allthe servers in the pipeline 05de8610-ef8e-43ec-b774-08dca1f21008 as the min replicated index is 4. Deletion is not allowed in this container yet.
2019-11-18 11:28:18,224 [BlockDeletingService#4] WARN  background.BlockDeletingService (BlockDeletingService.java:isDeletionAllowed(187)) - Close Container log Index 6 is not replicated across allthe servers in the pipeline 05de8610-ef8e-43ec-b774-08dca1f21008 as the min replicated index is 4. Deletion is not allowed in this container yet.
2019-11-18 11:28:18,300 [EventQueue-ContainerReportForContainerReportHandler] WARN  container.ContainerReportHandler (AbstractContainerReportHandler.java:updateContainerState(145)) - Container #1 is in OPEN state, but the datanode 67063eba-d0cd-4c00-aa34-c87f51e61a60{ip: 192.168.164.220, host: pr-hdds-2372-2m6rk-3135575179, networkLocation: /default-rack, certSerialId: null} reports an CLOSED replica.
2019-11-18 11:28:18,377 [EventQueue-ContainerReportForContainerReportHandler] WARN  container.ContainerReportHandler (AbstractContainerReportHandler.java:updateContainerState(145)) - Container #1 is in OPEN state, but the datanode c9b88515-1c59-4f59-a2e2-ec16c09fdaea{ip: 192.168.164.220, host: pr-hdds-2372-2m6rk-3135575179, networkLocation: /default-rack, certSerialId: null} reports an CLOSED replica.
2019-11-18 11:28:18,600 [EventQueue-ContainerReportForContainerReportHandler] WARN  container.ContainerReportHandler (AbstractContainerReportHandler.java:updateContainerState(145)) - Container #1 is in OPEN state, but the datanode 67063eba-d0cd-4c00-aa34-c87f51e61a60{ip: 192.168.164.220, host: pr-hdds-2372-2m6rk-3135575179, networkLocation: /default-rack, certSerialId: null} reports an CLOSED replica.
2019-11-18 11:28:18,777 [EventQueue-ContainerReportForContainerReportHandler] WARN  container.ContainerReportHandler (AbstractContainerReportHandler.java:updateContainerState(145)) - Container #1 is in OPEN state, but the datanode c9b88515-1c59-4f59-a2e2-ec16c09fdaea{ip: 192.168.164.220, host: pr-hdds-2372-2m6rk-3135575179, networkLocation: /default-rack, certSerialId: null} reports an CLOSED replica.
2019-11-18 11:28:19,000 [EventQueue-ContainerReportForContainerReportHandler] WARN  container.ContainerReportHandler (AbstractContainerReportHandler.java:updateContainerState(145)) - Container #1 is in OPEN state, but the datanode 67063eba-d0cd-4c00-aa34-c87f51e61a60{ip: 192.168.164.220, host: pr-hdds-2372-2m6rk-3135575179, networkLocation: /default-rack, certSerialId: null} reports an CLOSED replica.
2019-11-18 11:28:19,177 [EventQueue-ContainerReportForContainerReportHandler] WARN  container.ContainerReportHandler (AbstractContainerReportHandler.java:updateContainerState(145)) - Container #1 is in OPEN state, but the datanode c9b88515-1c59-4f59-a2e2-ec16c09fdaea{ip: 192.168.164.220, host: pr-hdds-2372-2m6rk-3135575179, networkLocation: /default-rack, certSerialId: null} reports an CLOSED replica.
2019-11-18 11:28:19,226 [BlockDeletingService#4] WARN  background.BlockDeletingService (BlockDeletingService.java:isDeletionAllowed(187)) - Close Container log Index 6 is not replicated across allthe servers in the pipeline 05de8610-ef8e-43ec-b774-08dca1f21008 as the min replicated index is 4. Deletion is not allowed in this container yet.
2019-11-18 11:28:19,226 [BlockDeletingService#2] WARN  background.BlockDeletingService (BlockDeletingService.java:isDeletionAllowed(187)) - Close Container log Index 6 is not replicated across allthe servers in the pipeline 05de8610-ef8e-43ec-b774-08dca1f21008 as the min replicated index is 4. Deletion is not allowed in this container yet.
2019-11-18 11:28:19,300 [EventQueue-ContainerReportForContainerReportHandler] WARN  container.ContainerReportHandler (AbstractContainerReportHandler.java:updateContainerState(145)) - Container #1 is in OPEN state, but the datanode 67063eba-d0cd-4c00-aa34-c87f51e61a60{ip: 192.168.164.220, host: pr-hdds-2372-2m6rk-3135575179, networkLocation: /default-rack, certSerialId: null} reports an CLOSED replica.
2019-11-18 11:28:19,478 [EventQueue-ContainerReportForContainerReportHandler] WARN  container.ContainerReportHandler (AbstractContainerReportHandler.java:updateContainerState(145)) - Container #1 is in OPEN state, but the datanode c9b88515-1c59-4f59-a2e2-ec16c09fdaea{ip: 192.168.164.220, host: pr-hdds-2372-2m6rk-3135575179, networkLocation: /default-rack, certSerialId: null} reports an CLOSED replica.
2019-11-18 11:28:19,600 [EventQueue-ContainerReportForContainerReportHandler] WARN  container.ContainerReportHandler (AbstractContainerReportHandler.java:updateContainerState(145)) - Container #1 is in OPEN state, but the datanode 67063eba-d0cd-4c00-aa34-c87f51e61a60{ip: 192.168.164.220, host: pr-hdds-2372-2m6rk-3135575179, networkLocation: /default-rack, certSerialId: null} reports an CLOSED replica.
2019-11-18 11:28:19,678 [grpc-default-executor-3] WARN  server.GrpcLogAppender (LogUtils.java:warn(134)) - 67063eba-d0cd-4c00-aa34-c87f51e61a60@group-08DCA1F21008->b14c1e87-4020-4c6d-bcb6-f7f922273c3e-AppendLogResponseHandler: Failed appendEntries: org.apache.ratis.thirdparty.io.grpc.StatusRuntimeException: UNAVAILABLE: io exception
2019-11-18 11:28:19,679 [grpc-default-executor-3] INFO  impl.FollowerInfo (FollowerInfo.java:lambda$new$0(51)) - 67063eba-d0cd-4c00-aa34-c87f51e61a60@group-08DCA1F21008->b14c1e87-4020-4c6d-bcb6-f7f922273c3e: nextIndex: updateUnconditionally 0 -> 0
2019-11-18 11:28:19,778 [EventQueue-ContainerReportForContainerReportHandler] WARN  container.ContainerReportHandler (AbstractContainerReportHandler.java:updateContainerState(145)) - Container #1 is in OPEN state, but the datanode c9b88515-1c59-4f59-a2e2-ec16c09fdaea{ip: 192.168.164.220, host: pr-hdds-2372-2m6rk-3135575179, networkLocation: /default-rack, certSerialId: null} reports an CLOSED replica.
2019-11-18 11:28:19,901 [EventQueue-ContainerReportForContainerReportHandler] WARN  container.ContainerReportHandler (AbstractContainerReportHandler.java:updateContainerState(145)) - Container #1 is in OPEN state, but the datanode 67063eba-d0cd-4c00-aa34-c87f51e61a60{ip: 192.168.164.220, host: pr-hdds-2372-2m6rk-3135575179, networkLocation: /default-rack, certSerialId: null} reports an CLOSED replica.
2019-11-18 11:28:20,079 [EventQueue-ContainerReportForContainerReportHandler] WARN  container.ContainerReportHandler (AbstractContainerReportHandler.java:updateContainerState(145)) - Container #1 is in OPEN state, but the datanode c9b88515-1c59-4f59-a2e2-ec16c09fdaea{ip: 192.168.164.220, host: pr-hdds-2372-2m6rk-3135575179, networkLocation: /default-rack, certSerialId: null} reports an CLOSED replica.
2019-11-18 11:28:20,202 [EventQueue-ContainerReportForContainerReportHandler] WARN  container.ContainerReportHandler (AbstractContainerReportHandler.java:updateContainerState(145)) - Container #1 is in OPEN state, but the datanode 67063eba-d0cd-4c00-aa34-c87f51e61a60{ip: 192.168.164.220, host: pr-hdds-2372-2m6rk-3135575179, networkLocation: /default-rack, certSerialId: null} reports an CLOSED replica.
2019-11-18 11:28:20,228 [BlockDeletingService#4] WARN  background.BlockDeletingService (BlockDeletingService.java:isDeletionAllowed(187)) - Close Container log Index 6 is not replicated across allthe servers in the pipeline 05de8610-ef8e-43ec-b774-08dca1f21008 as the min replicated index is 4. Deletion is not allowed in this container yet.
2019-11-18 11:28:20,228 [BlockDeletingService#2] WARN  background.BlockDeletingService (BlockDeletingService.java:isDeletionAllowed(187)) - Close Container log Index 6 is not replicated across allthe servers in the pipeline 05de8610-ef8e-43ec-b774-08dca1f21008 as the min replicated index is 4. Deletion is not allowed in this container yet.
2019-11-18 11:28:20,378 [EventQueue-ContainerReportForContainerReportHandler] WARN  container.ContainerReportHandler (AbstractContainerReportHandler.java:updateContainerState(145)) - Container #1 is in OPEN state, but the datanode c9b88515-1c59-4f59-a2e2-ec16c09fdaea{ip: 192.168.164.220, host: pr-hdds-2372-2m6rk-3135575179, networkLocation: /default-rack, certSerialId: null} reports an CLOSED replica.
2019-11-18 11:28:20,503 [EventQueue-ContainerReportForContainerReportHandler] WARN  container.ContainerReportHandler (AbstractContainerReportHandler.java:updateContainerState(145)) - Container #1 is in OPEN state, but the datanode 67063eba-d0cd-4c00-aa34-c87f51e61a60{ip: 192.168.164.220, host: pr-hdds-2372-2m6rk-3135575179, networkLocation: /default-rack, certSerialId: null} reports an CLOSED replica.
2019-11-18 11:28:20,778 [EventQueue-ContainerReportForContainerReportHandler] WARN  container.ContainerReportHandler (AbstractContainerReportHandler.java:updateContainerState(145)) - Container #1 is in OPEN state, but the datanode c9b88515-1c59-4f59-a2e2-ec16c09fdaea{ip: 192.168.164.220, host: pr-hdds-2372-2m6rk-3135575179, networkLocation: /default-rack, certSerialId: null} reports an CLOSED replica.
2019-11-18 11:28:20,802 [EventQueue-ContainerReportForContainerReportHandler] WARN  container.ContainerReportHandler (AbstractContainerReportHandler.java:updateContainerState(145)) - Container #1 is in OPEN state, but the datanode 67063eba-d0cd-4c00-aa34-c87f51e61a60{ip: 192.168.164.220, host: pr-hdds-2372-2m6rk-3135575179, networkLocation: /default-rack, certSerialId: null} reports an CLOSED replica.
2019-11-18 11:28:21,178 [EventQueue-ContainerReportForContainerReportHandler] WARN  container.ContainerReportHandler (AbstractContainerReportHandler.java:updateContainerState(145)) - Container #1 is in OPEN state, but the datanode c9b88515-1c59-4f59-a2e2-ec16c09fdaea{ip: 192.168.164.220, host: pr-hdds-2372-2m6rk-3135575179, networkLocation: /default-rack, certSerialId: null} reports an CLOSED replica.
2019-11-18 11:28:21,203 [EventQueue-ContainerReportForContainerReportHandler] WARN  container.ContainerReportHandler (AbstractContainerReportHandler.java:updateContainerState(145)) - Container #1 is in OPEN state, but the datanode 67063eba-d0cd-4c00-aa34-c87f51e61a60{ip: 192.168.164.220, host: pr-hdds-2372-2m6rk-3135575179, networkLocation: /default-rack, certSerialId: null} reports an CLOSED replica.
2019-11-18 11:28:21,229 [BlockDeletingService#4] WARN  background.BlockDeletingService (BlockDeletingService.java:isDeletionAllowed(187)) - Close Container log Index 6 is not replicated across allthe servers in the pipeline 05de8610-ef8e-43ec-b774-08dca1f21008 as the min replicated index is 4. Deletion is not allowed in this container yet.
2019-11-18 11:28:21,229 [BlockDeletingService#2] WARN  background.BlockDeletingService (BlockDeletingService.java:isDeletionAllowed(187)) - Close Container log Index 6 is not replicated across allthe servers in the pipeline 05de8610-ef8e-43ec-b774-08dca1f21008 as the min replicated index is 4. Deletion is not allowed in this container yet.
2019-11-18 11:28:21,378 [EventQueue-ContainerReportForContainerReportHandler] WARN  container.ContainerReportHandler (AbstractContainerReportHandler.java:updateContainerState(145)) - Container #1 is in OPEN state, but the datanode c9b88515-1c59-4f59-a2e2-ec16c09fdaea{ip: 192.168.164.220, host: pr-hdds-2372-2m6rk-3135575179, networkLocation: /default-rack, certSerialId: null} reports an CLOSED replica.
2019-11-18 11:28:21,605 [EventQueue-ContainerReportForContainerReportHandler] WARN  container.ContainerReportHandler (AbstractContainerReportHandler.java:updateContainerState(145)) - Container #1 is in OPEN state, but the datanode 67063eba-d0cd-4c00-aa34-c87f51e61a60{ip: 192.168.164.220, host: pr-hdds-2372-2m6rk-3135575179, networkLocation: /default-rack, certSerialId: null} reports an CLOSED replica.
2019-11-18 11:28:21,779 [EventQueue-ContainerReportForContainerReportHandler] WARN  container.ContainerReportHandler (AbstractContainerReportHandler.java:updateContainerState(145)) - Container #1 is in OPEN state, but the datanode c9b88515-1c59-4f59-a2e2-ec16c09fdaea{ip: 192.168.164.220, host: pr-hdds-2372-2m6rk-3135575179, networkLocation: /default-rack, certSerialId: null} reports an CLOSED replica.
2019-11-18 11:28:21,905 [EventQueue-ContainerReportForContainerReportHandler] WARN  container.ContainerReportHandler (AbstractContainerReportHandler.java:updateContainerState(145)) - Container #1 is in OPEN state, but the datanode 67063eba-d0cd-4c00-aa34-c87f51e61a60{ip: 192.168.164.220, host: pr-hdds-2372-2m6rk-3135575179, networkLocation: /default-rack, certSerialId: null} reports an CLOSED replica.
2019-11-18 11:28:22,079 [EventQueue-ContainerReportForContainerReportHandler] WARN  container.ContainerReportHandler (AbstractContainerReportHandler.java:updateContainerState(145)) - Container #1 is in OPEN state, but the datanode c9b88515-1c59-4f59-a2e2-ec16c09fdaea{ip: 192.168.164.220, host: pr-hdds-2372-2m6rk-3135575179, networkLocation: /default-rack, certSerialId: null} reports an CLOSED replica.
2019-11-18 11:28:22,179 [grpc-default-executor-3] WARN  server.GrpcLogAppender (LogUtils.java:warn(134)) - 67063eba-d0cd-4c00-aa34-c87f51e61a60@group-08DCA1F21008->b14c1e87-4020-4c6d-bcb6-f7f922273c3e-AppendLogResponseHandler: Failed appendEntries: org.apache.ratis.thirdparty.io.grpc.StatusRuntimeException: UNAVAILABLE: io exception
2019-11-18 11:28:22,180 [grpc-default-executor-3] INFO  impl.FollowerInfo (FollowerInfo.java:lambda$new$0(51)) - 67063eba-d0cd-4c00-aa34-c87f51e61a60@group-08DCA1F21008->b14c1e87-4020-4c6d-bcb6-f7f922273c3e: nextIndex: updateUnconditionally 0 -> 0
2019-11-18 11:28:22,231 [BlockDeletingService#4] WARN  background.BlockDeletingService (BlockDeletingService.java:isDeletionAllowed(187)) - Close Container log Index 6 is not replicated across allthe servers in the pipeline 05de8610-ef8e-43ec-b774-08dca1f21008 as the min replicated index is 4. Deletion is not allowed in this container yet.
2019-11-18 11:28:22,231 [BlockDeletingService#2] WARN  background.BlockDeletingService (BlockDeletingService.java:isDeletionAllowed(187)) - Close Container log Index 6 is not replicated across allthe servers in the pipeline 05de8610-ef8e-43ec-b774-08dca1f21008 as the min replicated index is 4. Deletion is not allowed in this container yet.
2019-11-18 11:28:22,304 [EventQueue-ContainerReportForContainerReportHandler] WARN  container.ContainerReportHandler (AbstractContainerReportHandler.java:updateContainerState(145)) - Container #1 is in OPEN state, but the datanode 67063eba-d0cd-4c00-aa34-c87f51e61a60{ip: 192.168.164.220, host: pr-hdds-2372-2m6rk-3135575179, networkLocation: /default-rack, certSerialId: null} reports an CLOSED replica.
2019-11-18 11:28:22,478 [EventQueue-ContainerReportForContainerReportHandler] WARN  container.ContainerReportHandler (AbstractContainerReportHandler.java:updateContainerState(145)) - Container #1 is in OPEN state, but the datanode c9b88515-1c59-4f59-a2e2-ec16c09fdaea{ip: 192.168.164.220, host: pr-hdds-2372-2m6rk-3135575179, networkLocation: /default-rack, certSerialId: null} reports an CLOSED replica.
2019-11-18 11:28:22,504 [EventQueue-ContainerReportForContainerReportHandler] WARN  container.ContainerReportHandler (AbstractContainerReportHandler.java:updateContainerState(145)) - Container #1 is in OPEN state, but the datanode 67063eba-d0cd-4c00-aa34-c87f51e61a60{ip: 192.168.164.220, host: pr-hdds-2372-2m6rk-3135575179, networkLocation: /default-rack, certSerialId: null} reports an CLOSED replica.
2019-11-18 11:28:22,680 [EventQueue-ContainerReportForContainerReportHandler] WARN  container.ContainerReportHandler (AbstractContainerReportHandler.java:updateContainerState(145)) - Container #1 is in OPEN state, but the datanode c9b88515-1c59-4f59-a2e2-ec16c09fdaea{ip: 192.168.164.220, host: pr-hdds-2372-2m6rk-3135575179, networkLocation: /default-rack, certSerialId: null} reports an CLOSED replica.
2019-11-18 11:28:22,704 [EventQueue-ContainerReportForContainerReportHandler] WARN  container.ContainerReportHandler (AbstractContainerReportHandler.java:updateContainerState(145)) - Container #1 is in OPEN state, but the datanode 67063eba-d0cd-4c00-aa34-c87f51e61a60{ip: 192.168.164.220, host: pr-hdds-2372-2m6rk-3135575179, networkLocation: /default-rack, certSerialId: null} reports an CLOSED replica.
2019-11-18 11:28:22,729 [Thread-501] INFO  client.GrpcClientProtocolService (GrpcClientProtocolService.java:lambda$processClientRequest$0(279)) - Failed RaftClientRequest:client-E41A5C59983E->c9b88515-1c59-4f59-a2e2-ec16c09fdaea@group-08DCA1F21008, cid=23, seq=0, Watch-ALL_COMMITTED(6), Message:<EMPTY>, reply=RaftClientReply:client-E41A5C59983E->c9b88515-1c59-4f59-a2e2-ec16c09fdaea@group-08DCA1F21008, cid=23, FAILED org.apache.ratis.protocol.NotLeaderException: Server c9b88515-1c59-4f59-a2e2-ec16c09fdaea@group-08DCA1F21008 is not the leader 67063eba-d0cd-4c00-aa34-c87f51e61a60:192.168.164.220:39623, logIndex=0, commits[c9b88515-1c59-4f59-a2e2-ec16c09fdaea:c10, 67063eba-d0cd-4c00-aa34-c87f51e61a60:c10, b14c1e87-4020-4c6d-bcb6-f7f922273c3e:c4]
2019-11-18 11:28:22,881 [EventQueue-ContainerReportForContainerReportHandler] WARN  container.ContainerReportHandler (AbstractContainerReportHandler.java:updateContainerState(145)) - Container #1 is in OPEN state, but the datanode c9b88515-1c59-4f59-a2e2-ec16c09fdaea{ip: 192.168.164.220, host: pr-hdds-2372-2m6rk-3135575179, networkLocation: /default-rack, certSerialId: null} reports an CLOSED replica.
2019-11-18 11:28:23,006 [EventQueue-ContainerReportForContainerReportHandler] WARN  container.ContainerReportHandler (AbstractContainerReportHandler.java:updateContainerState(145)) - Container #1 is in OPEN state, but the datanode 67063eba-d0cd-4c00-aa34-c87f51e61a60{ip: 192.168.164.220, host: pr-hdds-2372-2m6rk-3135575179, networkLocation: /default-rack, certSerialId: null} reports an CLOSED replica.
2019-11-18 11:28:23,181 [EventQueue-ContainerReportForContainerReportHandler] WARN  container.ContainerReportHandler (AbstractContainerReportHandler.java:updateContainerState(145)) - Container #1 is in OPEN state, but the datanode c9b88515-1c59-4f59-a2e2-ec16c09fdaea{ip: 192.168.164.220, host: pr-hdds-2372-2m6rk-3135575179, networkLocation: /default-rack, certSerialId: null} reports an CLOSED replica.
2019-11-18 11:28:23,233 [BlockDeletingService#4] WARN  background.BlockDeletingService (BlockDeletingService.java:isDeletionAllowed(187)) - Close Container log Index 6 is not replicated across allthe servers in the pipeline 05de8610-ef8e-43ec-b774-08dca1f21008 as the min replicated index is 4. Deletion is not allowed in this container yet.
2019-11-18 11:28:23,233 [BlockDeletingService#2] WARN  background.BlockDeletingService (BlockDeletingService.java:isDeletionAllowed(187)) - Close Container log Index 6 is not replicated across allthe servers in the pipeline 05de8610-ef8e-43ec-b774-08dca1f21008 as the min replicated index is 4. Deletion is not allowed in this container yet.
2019-11-18 11:28:23,306 [EventQueue-ContainerReportForContainerReportHandler] WARN  container.ContainerReportHandler (AbstractContainerReportHandler.java:updateContainerState(145)) - Container #1 is in OPEN state, but the datanode 67063eba-d0cd-4c00-aa34-c87f51e61a60{ip: 192.168.164.220, host: pr-hdds-2372-2m6rk-3135575179, networkLocation: /default-rack, certSerialId: null} reports an CLOSED replica.
2019-11-18 11:28:23,482 [EventQueue-ContainerReportForContainerReportHandler] WARN  container.ContainerReportHandler (AbstractContainerReportHandler.java:updateContainerState(145)) - Container #1 is in OPEN state, but the datanode c9b88515-1c59-4f59-a2e2-ec16c09fdaea{ip: 192.168.164.220, host: pr-hdds-2372-2m6rk-3135575179, networkLocation: /default-rack, certSerialId: null} reports an CLOSED replica.
2019-11-18 11:28:23,606 [EventQueue-ContainerReportForContainerReportHandler] WARN  container.ContainerReportHandler (AbstractContainerReportHandler.java:updateContainerState(145)) - Container #1 is in OPEN state, but the datanode 67063eba-d0cd-4c00-aa34-c87f51e61a60{ip: 192.168.164.220, host: pr-hdds-2372-2m6rk-3135575179, networkLocation: /default-rack, certSerialId: null} reports an CLOSED replica.
2019-11-18 11:28:23,882 [EventQueue-ContainerReportForContainerReportHandler] WARN  container.ContainerReportHandler (AbstractContainerReportHandler.java:updateContainerState(145)) - Container #1 is in OPEN state, but the datanode c9b88515-1c59-4f59-a2e2-ec16c09fdaea{ip: 192.168.164.220, host: pr-hdds-2372-2m6rk-3135575179, networkLocation: /default-rack, certSerialId: null} reports an CLOSED replica.
2019-11-18 11:28:24,006 [EventQueue-ContainerReportForContainerReportHandler] WARN  container.ContainerReportHandler (AbstractContainerReportHandler.java:updateContainerState(145)) - Container #1 is in OPEN state, but the datanode 67063eba-d0cd-4c00-aa34-c87f51e61a60{ip: 192.168.164.220, host: pr-hdds-2372-2m6rk-3135575179, networkLocation: /default-rack, certSerialId: null} reports an CLOSED replica.
2019-11-18 11:28:24,183 [EventQueue-ContainerReportForContainerReportHandler] WARN  container.ContainerReportHandler (AbstractContainerReportHandler.java:updateContainerState(145)) - Container #1 is in OPEN state, but the datanode c9b88515-1c59-4f59-a2e2-ec16c09fdaea{ip: 192.168.164.220, host: pr-hdds-2372-2m6rk-3135575179, networkLocation: /default-rack, certSerialId: null} reports an CLOSED replica.
2019-11-18 11:28:24,235 [BlockDeletingService#2] WARN  background.BlockDeletingService (BlockDeletingService.java:isDeletionAllowed(187)) - Close Container log Index 6 is not replicated across allthe servers in the pipeline 05de8610-ef8e-43ec-b774-08dca1f21008 as the min replicated index is 4. Deletion is not allowed in this container yet.
2019-11-18 11:28:24,235 [BlockDeletingService#4] WARN  background.BlockDeletingService (BlockDeletingService.java:isDeletionAllowed(187)) - Close Container log Index 6 is not replicated across allthe servers in the pipeline 05de8610-ef8e-43ec-b774-08dca1f21008 as the min replicated index is 4. Deletion is not allowed in this container yet.
2019-11-18 11:28:24,382 [EventQueue-ContainerReportForContainerReportHandler] WARN  container.ContainerReportHandler (AbstractContainerReportHandler.java:updateContainerState(145)) - Container #1 is in OPEN state, but the datanode c9b88515-1c59-4f59-a2e2-ec16c09fdaea{ip: 192.168.164.220, host: pr-hdds-2372-2m6rk-3135575179, networkLocation: /default-rack, certSerialId: null} reports an CLOSED replica.
2019-11-18 11:28:24,405 [EventQueue-ContainerReportForContainerReportHandler] WARN  container.ContainerReportHandler (AbstractContainerReportHandler.java:updateContainerState(145)) - Container #1 is in OPEN state, but the datanode 67063eba-d0cd-4c00-aa34-c87f51e61a60{ip: 192.168.164.220, host: pr-hdds-2372-2m6rk-3135575179, networkLocation: /default-rack, certSerialId: null} reports an CLOSED replica.
2019-11-18 11:28:24,605 [EventQueue-ContainerReportForContainerReportHandler] WARN  container.ContainerReportHandler (AbstractContainerReportHandler.java:updateContainerState(145)) - Container #1 is in OPEN state, but the datanode 67063eba-d0cd-4c00-aa34-c87f51e61a60{ip: 192.168.164.220, host: pr-hdds-2372-2m6rk-3135575179, networkLocation: /default-rack, certSerialId: null} reports an CLOSED replica.
2019-11-18 11:28:24,681 [grpc-default-executor-0] WARN  server.GrpcLogAppender (LogUtils.java:warn(134)) - 67063eba-d0cd-4c00-aa34-c87f51e61a60@group-08DCA1F21008->b14c1e87-4020-4c6d-bcb6-f7f922273c3e-AppendLogResponseHandler: Failed appendEntries: org.apache.ratis.thirdparty.io.grpc.StatusRuntimeException: UNAVAILABLE: io exception
2019-11-18 11:28:24,682 [grpc-default-executor-0] INFO  impl.FollowerInfo (FollowerInfo.java:lambda$new$0(51)) - 67063eba-d0cd-4c00-aa34-c87f51e61a60@group-08DCA1F21008->b14c1e87-4020-4c6d-bcb6-f7f922273c3e: nextIndex: updateUnconditionally 0 -> 0
2019-11-18 11:28:24,683 [Thread-508] INFO  client.GrpcClientProtocolService (GrpcClientProtocolService.java:lambda$processClientRequest$0(279)) - Failed RaftClientRequest:client-E41A5C59983E->67063eba-d0cd-4c00-aa34-c87f51e61a60@group-08DCA1F21008, cid=23, seq=0, Watch-ALL_COMMITTED(6), Message:<EMPTY>, reply=RaftClientReply:client-E41A5C59983E->67063eba-d0cd-4c00-aa34-c87f51e61a60@group-08DCA1F21008, cid=23, FAILED org.apache.ratis.protocol.NotReplicatedException: Request with call Id 23 and log index 6 is not yet replicated to ALL_COMMITTED, logIndex=6, commits[67063eba-d0cd-4c00-aa34-c87f51e61a60:c10, c9b88515-1c59-4f59-a2e2-ec16c09fdaea:c10, b14c1e87-4020-4c6d-bcb6-f7f922273c3e:c4]
2019-11-18 11:28:24,782 [EventQueue-ContainerReportForContainerReportHandler] WARN  container.ContainerReportHandler (AbstractContainerReportHandler.java:updateContainerState(145)) - Container #1 is in OPEN state, but the datanode c9b88515-1c59-4f59-a2e2-ec16c09fdaea{ip: 192.168.164.220, host: pr-hdds-2372-2m6rk-3135575179, networkLocation: /default-rack, certSerialId: null} reports an CLOSED replica.
2019-11-18 11:28:25,007 [EventQueue-ContainerReportForContainerReportHandler] WARN  container.ContainerReportHandler (AbstractContainerReportHandler.java:updateContainerState(145)) - Container #1 is in OPEN state, but the datanode 67063eba-d0cd-4c00-aa34-c87f51e61a60{ip: 192.168.164.220, host: pr-hdds-2372-2m6rk-3135575179, networkLocation: /default-rack, certSerialId: null} reports an CLOSED replica.
2019-11-18 11:28:25,184 [EventQueue-ContainerReportForContainerReportHandler] WARN  container.ContainerReportHandler (AbstractContainerReportHandler.java:updateContainerState(145)) - Container #1 is in OPEN state, but the datanode c9b88515-1c59-4f59-a2e2-ec16c09fdaea{ip: 192.168.164.220, host: pr-hdds-2372-2m6rk-3135575179, networkLocation: /default-rack, certSerialId: null} reports an CLOSED replica.
2019-11-18 11:28:25,206 [EventQueue-ContainerReportForContainerReportHandler] WARN  container.ContainerReportHandler (AbstractContainerReportHandler.java:updateContainerState(145)) - Container #1 is in OPEN state, but the datanode 67063eba-d0cd-4c00-aa34-c87f51e61a60{ip: 192.168.164.220, host: pr-hdds-2372-2m6rk-3135575179, networkLocation: /default-rack, certSerialId: null} reports an CLOSED replica.
2019-11-18 11:28:25,237 [BlockDeletingService#2] WARN  background.BlockDeletingService (BlockDeletingService.java:isDeletionAllowed(187)) - Close Container log Index 6 is not replicated across allthe servers in the pipeline 05de8610-ef8e-43ec-b774-08dca1f21008 as the min replicated index is 4. Deletion is not allowed in this container yet.
2019-11-18 11:28:25,237 [BlockDeletingService#4] WARN  background.BlockDeletingService (BlockDeletingService.java:isDeletionAllowed(187)) - Close Container log Index 6 is not replicated across allthe servers in the pipeline 05de8610-ef8e-43ec-b774-08dca1f21008 as the min replicated index is 4. Deletion is not allowed in this container yet.
2019-11-18 11:28:25,406 [EventQueue-ContainerReportForContainerReportHandler] WARN  container.ContainerReportHandler (AbstractContainerReportHandler.java:updateContainerState(145)) - Container #1 is in OPEN state, but the datanode 67063eba-d0cd-4c00-aa34-c87f51e61a60{ip: 192.168.164.220, host: pr-hdds-2372-2m6rk-3135575179, networkLocation: /default-rack, certSerialId: null} reports an CLOSED replica.
2019-11-18 11:28:25,483 [EventQueue-ContainerReportForContainerReportHandler] WARN  container.ContainerReportHandler (AbstractContainerReportHandler.java:updateContainerState(145)) - Container #1 is in OPEN state, but the datanode c9b88515-1c59-4f59-a2e2-ec16c09fdaea{ip: 192.168.164.220, host: pr-hdds-2372-2m6rk-3135575179, networkLocation: /default-rack, certSerialId: null} reports an CLOSED replica.
2019-11-18 11:28:25,707 [EventQueue-ContainerReportForContainerReportHandler] WARN  container.ContainerReportHandler (AbstractContainerReportHandler.java:updateContainerState(145)) - Container #1 is in OPEN state, but the datanode 67063eba-d0cd-4c00-aa34-c87f51e61a60{ip: 192.168.164.220, host: pr-hdds-2372-2m6rk-3135575179, networkLocation: /default-rack, certSerialId: null} reports an CLOSED replica.
2019-11-18 11:28:25,885 [EventQueue-ContainerReportForContainerReportHandler] WARN  container.ContainerReportHandler (AbstractContainerReportHandler.java:updateContainerState(145)) - Container #1 is in OPEN state, but the datanode c9b88515-1c59-4f59-a2e2-ec16c09fdaea{ip: 192.168.164.220, host: pr-hdds-2372-2m6rk-3135575179, networkLocation: /default-rack, certSerialId: null} reports an CLOSED replica.
2019-11-18 11:28:26,007 [EventQueue-ContainerReportForContainerReportHandler] WARN  container.ContainerReportHandler (AbstractContainerReportHandler.java:updateContainerState(145)) - Container #1 is in OPEN state, but the datanode 67063eba-d0cd-4c00-aa34-c87f51e61a60{ip: 192.168.164.220, host: pr-hdds-2372-2m6rk-3135575179, networkLocation: /default-rack, certSerialId: null} reports an CLOSED replica.
2019-11-18 11:28:26,185 [EventQueue-ContainerReportForContainerReportHandler] WARN  container.ContainerReportHandler (AbstractContainerReportHandler.java:updateContainerState(145)) - Container #1 is in OPEN state, but the datanode c9b88515-1c59-4f59-a2e2-ec16c09fdaea{ip: 192.168.164.220, host: pr-hdds-2372-2m6rk-3135575179, networkLocation: /default-rack, certSerialId: null} reports an CLOSED replica.
2019-11-18 11:28:26,242 [BlockDeletingService#2] WARN  background.BlockDeletingService (BlockDeletingService.java:isDeletionAllowed(187)) - Close Container log Index 6 is not replicated across allthe servers in the pipeline 05de8610-ef8e-43ec-b774-08dca1f21008 as the min replicated index is 4. Deletion is not allowed in this container yet.
2019-11-18 11:28:26,242 [BlockDeletingService#4] WARN  background.BlockDeletingService (BlockDeletingService.java:isDeletionAllowed(187)) - Close Container log Index 6 is not replicated across allthe servers in the pipeline 05de8610-ef8e-43ec-b774-08dca1f21008 as the min replicated index is 4. Deletion is not allowed in this container yet.
2019-11-18 11:28:26,307 [EventQueue-ContainerReportForContainerReportHandler] WARN  container.ContainerReportHandler (AbstractContainerReportHandler.java:updateContainerState(145)) - Container #1 is in OPEN state, but the datanode 67063eba-d0cd-4c00-aa34-c87f51e61a60{ip: 192.168.164.220, host: pr-hdds-2372-2m6rk-3135575179, networkLocation: /default-rack, certSerialId: null} reports an CLOSED replica.
2019-11-18 11:28:26,485 [EventQueue-ContainerReportForContainerReportHandler] WARN  container.ContainerReportHandler (AbstractContainerReportHandler.java:updateContainerState(145)) - Container #1 is in OPEN state, but the datanode c9b88515-1c59-4f59-a2e2-ec16c09fdaea{ip: 192.168.164.220, host: pr-hdds-2372-2m6rk-3135575179, networkLocation: /default-rack, certSerialId: null} reports an CLOSED replica.
2019-11-18 11:28:26,507 [EventQueue-ContainerReportForContainerReportHandler] WARN  container.ContainerReportHandler (AbstractContainerReportHandler.java:updateContainerState(145)) - Container #1 is in OPEN state, but the datanode 67063eba-d0cd-4c00-aa34-c87f51e61a60{ip: 192.168.164.220, host: pr-hdds-2372-2m6rk-3135575179, networkLocation: /default-rack, certSerialId: null} reports an CLOSED replica.
2019-11-18 11:28:26,685 [EventQueue-ContainerReportForContainerReportHandler] WARN  container.ContainerReportHandler (AbstractContainerReportHandler.java:updateContainerState(145)) - Container #1 is in OPEN state, but the datanode c9b88515-1c59-4f59-a2e2-ec16c09fdaea{ip: 192.168.164.220, host: pr-hdds-2372-2m6rk-3135575179, networkLocation: /default-rack, certSerialId: null} reports an CLOSED replica.
2019-11-18 11:28:26,907 [EventQueue-ContainerReportForContainerReportHandler] WARN  container.ContainerReportHandler (AbstractContainerReportHandler.java:updateContainerState(145)) - Container #1 is in OPEN state, but the datanode 67063eba-d0cd-4c00-aa34-c87f51e61a60{ip: 192.168.164.220, host: pr-hdds-2372-2m6rk-3135575179, networkLocation: /default-rack, certSerialId: null} reports an CLOSED replica.
2019-11-18 11:28:26,985 [EventQueue-ContainerReportForContainerReportHandler] WARN  container.ContainerReportHandler (AbstractContainerReportHandler.java:updateContainerState(145)) - Container #1 is in OPEN state, but the datanode c9b88515-1c59-4f59-a2e2-ec16c09fdaea{ip: 192.168.164.220, host: pr-hdds-2372-2m6rk-3135575179, networkLocation: /default-rack, certSerialId: null} reports an CLOSED replica.
2019-11-18 11:28:27,187 [grpc-default-executor-3] WARN  server.GrpcLogAppender (LogUtils.java:warn(134)) - 67063eba-d0cd-4c00-aa34-c87f51e61a60@group-08DCA1F21008->b14c1e87-4020-4c6d-bcb6-f7f922273c3e-AppendLogResponseHandler: Failed appendEntries: org.apache.ratis.thirdparty.io.grpc.StatusRuntimeException: UNAVAILABLE: io exception
2019-11-18 11:28:27,189 [grpc-default-executor-3] INFO  impl.FollowerInfo (FollowerInfo.java:lambda$new$0(51)) - 67063eba-d0cd-4c00-aa34-c87f51e61a60@group-08DCA1F21008->b14c1e87-4020-4c6d-bcb6-f7f922273c3e: nextIndex: updateUnconditionally 0 -> 0
2019-11-18 11:28:27,207 [EventQueue-ContainerReportForContainerReportHandler] WARN  container.ContainerReportHandler (AbstractContainerReportHandler.java:updateContainerState(145)) - Container #1 is in OPEN state, but the datanode 67063eba-d0cd-4c00-aa34-c87f51e61a60{ip: 192.168.164.220, host: pr-hdds-2372-2m6rk-3135575179, networkLocation: /default-rack, certSerialId: null} reports an CLOSED replica.
2019-11-18 11:28:27,243 [BlockDeletingService#2] WARN  background.BlockDeletingService (BlockDeletingService.java:isDeletionAllowed(187)) - Close Container log Index 6 is not replicated across allthe servers in the pipeline 05de8610-ef8e-43ec-b774-08dca1f21008 as the min replicated index is 4. Deletion is not allowed in this container yet.
2019-11-18 11:28:27,244 [BlockDeletingService#4] WARN  background.BlockDeletingService (BlockDeletingService.java:isDeletionAllowed(187)) - Close Container log Index 6 is not replicated across allthe servers in the pipeline 05de8610-ef8e-43ec-b774-08dca1f21008 as the min replicated index is 4. Deletion is not allowed in this container yet.
2019-11-18 11:28:27,385 [EventQueue-ContainerReportForContainerReportHandler] WARN  container.ContainerReportHandler (AbstractContainerReportHandler.java:updateContainerState(145)) - Container #1 is in OPEN state, but the datanode c9b88515-1c59-4f59-a2e2-ec16c09fdaea{ip: 192.168.164.220, host: pr-hdds-2372-2m6rk-3135575179, networkLocation: /default-rack, certSerialId: null} reports an CLOSED replica.
2019-11-18 11:28:27,407 [EventQueue-ContainerReportForContainerReportHandler] WARN  container.ContainerReportHandler (AbstractContainerReportHandler.java:updateContainerState(145)) - Container #1 is in OPEN state, but the datanode 67063eba-d0cd-4c00-aa34-c87f51e61a60{ip: 192.168.164.220, host: pr-hdds-2372-2m6rk-3135575179, networkLocation: /default-rack, certSerialId: null} reports an CLOSED replica.
2019-11-18 11:28:27,606 [EventQueue-ContainerReportForContainerReportHandler] WARN  container.ContainerReportHandler (AbstractContainerReportHandler.java:updateContainerState(145)) - Container #1 is in OPEN state, but the datanode 67063eba-d0cd-4c00-aa34-c87f51e61a60{ip: 192.168.164.220, host: pr-hdds-2372-2m6rk-3135575179, networkLocation: /default-rack, certSerialId: null} reports an CLOSED replica.
2019-11-18 11:28:27,684 [EventQueue-ContainerReportForContainerReportHandler] WARN  container.ContainerReportHandler (AbstractContainerReportHandler.java:updateContainerState(145)) - Container #1 is in OPEN state, but the datanode c9b88515-1c59-4f59-a2e2-ec16c09fdaea{ip: 192.168.164.220, host: pr-hdds-2372-2m6rk-3135575179, networkLocation: /default-rack, certSerialId: null} reports an CLOSED replica.
2019-11-18 11:28:27,885 [EventQueue-ContainerReportForContainerReportHandler] WARN  container.ContainerReportHandler (AbstractContainerReportHandler.java:updateContainerState(145)) - Container #1 is in OPEN state, but the datanode c9b88515-1c59-4f59-a2e2-ec16c09fdaea{ip: 192.168.164.220, host: pr-hdds-2372-2m6rk-3135575179, networkLocation: /default-rack, certSerialId: null} reports an CLOSED replica.
2019-11-18 11:28:28,006 [EventQueue-ContainerReportForContainerReportHandler] WARN  container.ContainerReportHandler (AbstractContainerReportHandler.java:updateContainerState(145)) - Container #1 is in OPEN state, but the datanode 67063eba-d0cd-4c00-aa34-c87f51e61a60{ip: 192.168.164.220, host: pr-hdds-2372-2m6rk-3135575179, networkLocation: /default-rack, certSerialId: null} reports an CLOSED replica.
2019-11-18 11:28:28,207 [EventQueue-ContainerReportForContainerReportHandler] WARN  container.ContainerReportHandler (AbstractContainerReportHandler.java:updateContainerState(145)) - Container #1 is in OPEN state, but the datanode 67063eba-d0cd-4c00-aa34-c87f51e61a60{ip: 192.168.164.220, host: pr-hdds-2372-2m6rk-3135575179, networkLocation: /default-rack, certSerialId: null} reports an CLOSED replica.
2019-11-18 11:28:28,245 [BlockDeletingService#4] WARN  background.BlockDeletingService (BlockDeletingService.java:isDeletionAllowed(187)) - Close Container log Index 6 is not replicated across allthe servers in the pipeline 05de8610-ef8e-43ec-b774-08dca1f21008 as the min replicated index is 4. Deletion is not allowed in this container yet.
2019-11-18 11:28:28,245 [BlockDeletingService#2] WARN  background.BlockDeletingService (BlockDeletingService.java:isDeletionAllowed(187)) - Close Container log Index 6 is not replicated across allthe servers in the pipeline 05de8610-ef8e-43ec-b774-08dca1f21008 as the min replicated index is 4. Deletion is not allowed in this container yet.
2019-11-18 11:28:28,285 [EventQueue-ContainerReportForContainerReportHandler] WARN  container.ContainerReportHandler (AbstractContainerReportHandler.java:updateContainerState(145)) - Container #1 is in OPEN state, but the datanode c9b88515-1c59-4f59-a2e2-ec16c09fdaea{ip: 192.168.164.220, host: pr-hdds-2372-2m6rk-3135575179, networkLocation: /default-rack, certSerialId: null} reports an CLOSED replica.
2019-11-18 11:28:28,485 [EventQueue-ContainerReportForContainerReportHandler] WARN  container.ContainerReportHandler (AbstractContainerReportHandler.java:updateContainerState(145)) - Container #1 is in OPEN state, but the datanode c9b88515-1c59-4f59-a2e2-ec16c09fdaea{ip: 192.168.164.220, host: pr-hdds-2372-2m6rk-3135575179, networkLocation: /default-rack, certSerialId: null} reports an CLOSED replica.
2019-11-18 11:28:28,609 [EventQueue-ContainerReportForContainerReportHandler] WARN  container.ContainerReportHandler (AbstractContainerReportHandler.java:updateContainerState(145)) - Container #1 is in OPEN state, but the datanode 67063eba-d0cd-4c00-aa34-c87f51e61a60{ip: 192.168.164.220, host: pr-hdds-2372-2m6rk-3135575179, networkLocation: /default-rack, certSerialId: null} reports an CLOSED replica.
2019-11-18 11:28:28,811 [EventQueue-ContainerReportForContainerReportHandler] WARN  container.ContainerReportHandler (AbstractContainerReportHandler.java:updateContainerState(145)) - Container #1 is in OPEN state, but the datanode 67063eba-d0cd-4c00-aa34-c87f51e61a60{ip: 192.168.164.220, host: pr-hdds-2372-2m6rk-3135575179, networkLocation: /default-rack, certSerialId: null} reports an CLOSED replica.
2019-11-18 11:28:28,885 [EventQueue-ContainerReportForContainerReportHandler] WARN  container.ContainerReportHandler (AbstractContainerReportHandler.java:updateContainerState(145)) - Container #1 is in OPEN state, but the datanode c9b88515-1c59-4f59-a2e2-ec16c09fdaea{ip: 192.168.164.220, host: pr-hdds-2372-2m6rk-3135575179, networkLocation: /default-rack, certSerialId: null} reports an CLOSED replica.
2019-11-18 11:28:29,011 [EventQueue-ContainerReportForContainerReportHandler] WARN  container.ContainerReportHandler (AbstractContainerReportHandler.java:updateContainerState(145)) - Container #1 is in OPEN state, but the datanode 67063eba-d0cd-4c00-aa34-c87f51e61a60{ip: 192.168.164.220, host: pr-hdds-2372-2m6rk-3135575179, networkLocation: /default-rack, certSerialId: null} reports an CLOSED replica.
2019-11-18 11:28:29,211 [EventQueue-ContainerReportForContainerReportHandler] WARN  container.ContainerReportHandler (AbstractContainerReportHandler.java:updateContainerState(145)) - Container #1 is in OPEN state, but the datanode 67063eba-d0cd-4c00-aa34-c87f51e61a60{ip: 192.168.164.220, host: pr-hdds-2372-2m6rk-3135575179, networkLocation: /default-rack, certSerialId: null} reports an CLOSED replica.
2019-11-18 11:28:29,246 [BlockDeletingService#4] WARN  background.BlockDeletingService (BlockDeletingService.java:isDeletionAllowed(187)) - Close Container log Index 6 is not replicated across allthe servers in the pipeline 05de8610-ef8e-43ec-b774-08dca1f21008 as the min replicated index is 4. Deletion is not allowed in this container yet.
2019-11-18 11:28:29,247 [BlockDeletingService#2] WARN  background.BlockDeletingService (BlockDeletingService.java:isDeletionAllowed(187)) - Close Container log Index 6 is not replicated across allthe servers in the pipeline 05de8610-ef8e-43ec-b774-08dca1f21008 as the min replicated index is 4. Deletion is not allowed in this container yet.
2019-11-18 11:28:29,285 [EventQueue-ContainerReportForContainerReportHandler] WARN  container.ContainerReportHandler (AbstractContainerReportHandler.java:updateContainerState(145)) - Container #1 is in OPEN state, but the datanode c9b88515-1c59-4f59-a2e2-ec16c09fdaea{ip: 192.168.164.220, host: pr-hdds-2372-2m6rk-3135575179, networkLocation: /default-rack, certSerialId: null} reports an CLOSED replica.
2019-11-18 11:28:29,484 [EventQueue-ContainerReportForContainerReportHandler] WARN  container.ContainerReportHandler (AbstractContainerReportHandler.java:updateContainerState(145)) - Container #1 is in OPEN state, but the datanode c9b88515-1c59-4f59-a2e2-ec16c09fdaea{ip: 192.168.164.220, host: pr-hdds-2372-2m6rk-3135575179, networkLocation: /default-rack, certSerialId: null} reports an CLOSED replica.
2019-11-18 11:28:29,510 [EventQueue-ContainerReportForContainerReportHandler] WARN  container.ContainerReportHandler (AbstractContainerReportHandler.java:updateContainerState(145)) - Container #1 is in OPEN state, but the datanode 67063eba-d0cd-4c00-aa34-c87f51e61a60{ip: 192.168.164.220, host: pr-hdds-2372-2m6rk-3135575179, networkLocation: /default-rack, certSerialId: null} reports an CLOSED replica.
2019-11-18 11:28:29,686 [grpc-default-executor-0] WARN  server.GrpcLogAppender (LogUtils.java:warn(134)) - 67063eba-d0cd-4c00-aa34-c87f51e61a60@group-08DCA1F21008->b14c1e87-4020-4c6d-bcb6-f7f922273c3e-AppendLogResponseHandler: Failed appendEntries: org.apache.ratis.thirdparty.io.grpc.StatusRuntimeException: UNAVAILABLE: io exception
2019-11-18 11:28:29,688 [grpc-default-executor-0] INFO  impl.FollowerInfo (FollowerInfo.java:lambda$new$0(51)) - 67063eba-d0cd-4c00-aa34-c87f51e61a60@group-08DCA1F21008->b14c1e87-4020-4c6d-bcb6-f7f922273c3e: nextIndex: updateUnconditionally 0 -> 0
2019-11-18 11:28:29,885 [EventQueue-ContainerReportForContainerReportHandler] WARN  container.ContainerReportHandler (AbstractContainerReportHandler.java:updateContainerState(145)) - Container #1 is in OPEN state, but the datanode c9b88515-1c59-4f59-a2e2-ec16c09fdaea{ip: 192.168.164.220, host: pr-hdds-2372-2m6rk-3135575179, networkLocation: /default-rack, certSerialId: null} reports an CLOSED replica.
2019-11-18 11:28:29,911 [EventQueue-ContainerReportForContainerReportHandler] WARN  container.ContainerReportHandler (AbstractContainerReportHandler.java:updateContainerState(145)) - Container #1 is in OPEN state, but the datanode 67063eba-d0cd-4c00-aa34-c87f51e61a60{ip: 192.168.164.220, host: pr-hdds-2372-2m6rk-3135575179, networkLocation: /default-rack, certSerialId: null} reports an CLOSED replica.
2019-11-18 11:28:30,184 [EventQueue-ContainerReportForContainerReportHandler] WARN  container.ContainerReportHandler (AbstractContainerReportHandler.java:updateContainerState(145)) - Container #1 is in OPEN state, but the datanode c9b88515-1c59-4f59-a2e2-ec16c09fdaea{ip: 192.168.164.220, host: pr-hdds-2372-2m6rk-3135575179, networkLocation: /default-rack, certSerialId: null} reports an CLOSED replica.
2019-11-18 11:28:30,211 [EventQueue-ContainerReportForContainerReportHandler] WARN  container.ContainerReportHandler (AbstractContainerReportHandler.java:updateContainerState(145)) - Container #1 is in OPEN state, but the datanode 67063eba-d0cd-4c00-aa34-c87f51e61a60{ip: 192.168.164.220, host: pr-hdds-2372-2m6rk-3135575179, networkLocation: /default-rack, certSerialId: null} reports an CLOSED replica.
2019-11-18 11:28:30,248 [BlockDeletingService#4] WARN  background.BlockDeletingService (BlockDeletingService.java:isDeletionAllowed(187)) - Close Container log Index 6 is not replicated across allthe servers in the pipeline 05de8610-ef8e-43ec-b774-08dca1f21008 as the min replicated index is 4. Deletion is not allowed in this container yet.
2019-11-18 11:28:30,248 [BlockDeletingService#2] WARN  background.BlockDeletingService (BlockDeletingService.java:isDeletionAllowed(187)) - Close Container log Index 6 is not replicated across allthe servers in the pipeline 05de8610-ef8e-43ec-b774-08dca1f21008 as the min replicated index is 4. Deletion is not allowed in this container yet.
2019-11-18 11:28:30,384 [EventQueue-ContainerReportForContainerReportHandler] WARN  container.ContainerReportHandler (AbstractContainerReportHandler.java:updateContainerState(145)) - Container #1 is in OPEN state, but the datanode c9b88515-1c59-4f59-a2e2-ec16c09fdaea{ip: 192.168.164.220, host: pr-hdds-2372-2m6rk-3135575179, networkLocation: /default-rack, certSerialId: null} reports an CLOSED replica.
2019-11-18 11:28:30,411 [EventQueue-ContainerReportForContainerReportHandler] WARN  container.ContainerReportHandler (AbstractContainerReportHandler.java:updateContainerState(145)) - Container #1 is in OPEN state, but the datanode 67063eba-d0cd-4c00-aa34-c87f51e61a60{ip: 192.168.164.220, host: pr-hdds-2372-2m6rk-3135575179, networkLocation: /default-rack, certSerialId: null} reports an CLOSED replica.
2019-11-18 11:28:30,611 [EventQueue-ContainerReportForContainerReportHandler] WARN  container.ContainerReportHandler (AbstractContainerReportHandler.java:updateContainerState(145)) - Container #1 is in OPEN state, but the datanode 67063eba-d0cd-4c00-aa34-c87f51e61a60{ip: 192.168.164.220, host: pr-hdds-2372-2m6rk-3135575179, networkLocation: /default-rack, certSerialId: null} reports an CLOSED replica.
2019-11-18 11:28:30,785 [EventQueue-ContainerReportForContainerReportHandler] WARN  container.ContainerReportHandler (AbstractContainerReportHandler.java:updateContainerState(145)) - Container #1 is in OPEN state, but the datanode c9b88515-1c59-4f59-a2e2-ec16c09fdaea{ip: 192.168.164.220, host: pr-hdds-2372-2m6rk-3135575179, networkLocation: /default-rack, certSerialId: null} reports an CLOSED replica.
2019-11-18 11:28:31,011 [EventQueue-ContainerReportForContainerReportHandler] WARN  container.ContainerReportHandler (AbstractContainerReportHandler.java:updateContainerState(145)) - Container #1 is in OPEN state, but the datanode 67063eba-d0cd-4c00-aa34-c87f51e61a60{ip: 192.168.164.220, host: pr-hdds-2372-2m6rk-3135575179, networkLocation: /default-rack, certSerialId: null} reports an CLOSED replica.
2019-11-18 11:28:31,085 [EventQueue-ContainerReportForContainerReportHandler] WARN  container.ContainerReportHandler (AbstractContainerReportHandler.java:updateContainerState(145)) - Container #1 is in OPEN state, but the datanode c9b88515-1c59-4f59-a2e2-ec16c09fdaea{ip: 192.168.164.220, host: pr-hdds-2372-2m6rk-3135575179, networkLocation: /default-rack, certSerialId: null} reports an CLOSED replica.
2019-11-18 11:28:31,211 [EventQueue-ContainerReportForContainerReportHandler] WARN  container.ContainerReportHandler (AbstractContainerReportHandler.java:updateContainerState(145)) - Container #1 is in OPEN state, but the datanode 67063eba-d0cd-4c00-aa34-c87f51e61a60{ip: 192.168.164.220, host: pr-hdds-2372-2m6rk-3135575179, networkLocation: /default-rack, certSerialId: null} reports an CLOSED replica.
2019-11-18 11:28:31,250 [BlockDeletingService#4] WARN  background.BlockDeletingService (BlockDeletingService.java:isDeletionAllowed(187)) - Close Container log Index 6 is not replicated across allthe servers in the pipeline 05de8610-ef8e-43ec-b774-08dca1f21008 as the min replicated index is 4. Deletion is not allowed in this container yet.
2019-11-18 11:28:31,250 [BlockDeletingService#2] WARN  background.BlockDeletingService (BlockDeletingService.java:isDeletionAllowed(187)) - Close Container log Index 6 is not replicated across allthe servers in the pipeline 05de8610-ef8e-43ec-b774-08dca1f21008 as the min replicated index is 4. Deletion is not allowed in this container yet.
2019-11-18 11:28:31,385 [EventQueue-ContainerReportForContainerReportHandler] WARN  container.ContainerReportHandler (AbstractContainerReportHandler.java:updateContainerState(145)) - Container #1 is in OPEN state, but the datanode c9b88515-1c59-4f59-a2e2-ec16c09fdaea{ip: 192.168.164.220, host: pr-hdds-2372-2m6rk-3135575179, networkLocation: /default-rack, certSerialId: null} reports an CLOSED replica.
2019-11-18 11:28:31,510 [EventQueue-ContainerReportForContainerReportHandler] WARN  container.ContainerReportHandler (AbstractContainerReportHandler.java:updateContainerState(145)) - Container #1 is in OPEN state, but the datanode 67063eba-d0cd-4c00-aa34-c87f51e61a60{ip: 192.168.164.220, host: pr-hdds-2372-2m6rk-3135575179, networkLocation: /default-rack, certSerialId: null} reports an CLOSED replica.
2019-11-18 11:28:31,688 [EventQueue-ContainerReportForContainerReportHandler] WARN  container.ContainerReportHandler (AbstractContainerReportHandler.java:updateContainerState(145)) - Container #1 is in OPEN state, but the datanode c9b88515-1c59-4f59-a2e2-ec16c09fdaea{ip: 192.168.164.220, host: pr-hdds-2372-2m6rk-3135575179, networkLocation: /default-rack, certSerialId: null} reports an CLOSED replica.
2019-11-18 11:28:31,751 [Thread-528] INFO  client.GrpcClientProtocolService (GrpcClientProtocolService.java:lambda$processClientRequest$0(279)) - Failed RaftClientRequest:client-E41A5C59983E->c9b88515-1c59-4f59-a2e2-ec16c09fdaea@group-08DCA1F21008, cid=23, seq=0, Watch-ALL_COMMITTED(6), Message:<EMPTY>, reply=RaftClientReply:client-E41A5C59983E->c9b88515-1c59-4f59-a2e2-ec16c09fdaea@group-08DCA1F21008, cid=23, FAILED org.apache.ratis.protocol.NotLeaderException: Server c9b88515-1c59-4f59-a2e2-ec16c09fdaea@group-08DCA1F21008 is not the leader 67063eba-d0cd-4c00-aa34-c87f51e61a60:192.168.164.220:39623, logIndex=0, commits[c9b88515-1c59-4f59-a2e2-ec16c09fdaea:c10, 67063eba-d0cd-4c00-aa34-c87f51e61a60:c10, b14c1e87-4020-4c6d-bcb6-f7f922273c3e:c4]
2019-11-18 11:28:31,911 [EventQueue-ContainerReportForContainerReportHandler] WARN  container.ContainerReportHandler (AbstractContainerReportHandler.java:updateContainerState(145)) - Container #1 is in OPEN state, but the datanode 67063eba-d0cd-4c00-aa34-c87f51e61a60{ip: 192.168.164.220, host: pr-hdds-2372-2m6rk-3135575179, networkLocation: /default-rack, certSerialId: null} reports an CLOSED replica.
2019-11-18 11:28:32,088 [EventQueue-ContainerReportForContainerReportHandler] WARN  container.ContainerReportHandler (AbstractContainerReportHandler.java:updateContainerState(145)) - Container #1 is in OPEN state, but the datanode c9b88515-1c59-4f59-a2e2-ec16c09fdaea{ip: 192.168.164.220, host: pr-hdds-2372-2m6rk-3135575179, networkLocation: /default-rack, certSerialId: null} reports an CLOSED replica.
2019-11-18 11:28:32,188 [grpc-default-executor-2] WARN  server.GrpcLogAppender (LogUtils.java:warn(134)) - 67063eba-d0cd-4c00-aa34-c87f51e61a60@group-08DCA1F21008->b14c1e87-4020-4c6d-bcb6-f7f922273c3e-AppendLogResponseHandler: Failed appendEntries: org.apache.ratis.thirdparty.io.grpc.StatusRuntimeException: UNAVAILABLE: io exception
2019-11-18 11:28:32,189 [grpc-default-executor-2] INFO  impl.FollowerInfo (FollowerInfo.java:lambda$new$0(51)) - 67063eba-d0cd-4c00-aa34-c87f51e61a60@group-08DCA1F21008->b14c1e87-4020-4c6d-bcb6-f7f922273c3e: nextIndex: updateUnconditionally 0 -> 0
2019-11-18 11:28:32,211 [EventQueue-ContainerReportForContainerReportHandler] WARN  container.ContainerReportHandler (AbstractContainerReportHandler.java:updateContainerState(145)) - Container #1 is in OPEN state, but the datanode 67063eba-d0cd-4c00-aa34-c87f51e61a60{ip: 192.168.164.220, host: pr-hdds-2372-2m6rk-3135575179, networkLocation: /default-rack, certSerialId: null} reports an CLOSED replica.
2019-11-18 11:28:32,251 [BlockDeletingService#4] WARN  background.BlockDeletingService (BlockDeletingService.java:isDeletionAllowed(187)) - Close Container log Index 6 is not replicated across allthe servers in the pipeline 05de8610-ef8e-43ec-b774-08dca1f21008 as the min replicated index is 4. Deletion is not allowed in this container yet.
2019-11-18 11:28:32,251 [BlockDeletingService#2] WARN  background.BlockDeletingService (BlockDeletingService.java:isDeletionAllowed(187)) - Close Container log Index 6 is not replicated across allthe servers in the pipeline 05de8610-ef8e-43ec-b774-08dca1f21008 as the min replicated index is 4. Deletion is not allowed in this container yet.
2019-11-18 11:28:32,287 [EventQueue-ContainerReportForContainerReportHandler] WARN  container.ContainerReportHandler (AbstractContainerReportHandler.java:updateContainerState(145)) - Container #1 is in OPEN state, but the datanode c9b88515-1c59-4f59-a2e2-ec16c09fdaea{ip: 192.168.164.220, host: pr-hdds-2372-2m6rk-3135575179, networkLocation: /default-rack, certSerialId: null} reports an CLOSED replica.
2019-11-18 11:28:32,610 [EventQueue-ContainerReportForContainerReportHandler] WARN  container.ContainerReportHandler (AbstractContainerReportHandler.java:updateContainerState(145)) - Container #1 is in OPEN state, but the datanode 67063eba-d0cd-4c00-aa34-c87f51e61a60{ip: 192.168.164.220, host: pr-hdds-2372-2m6rk-3135575179, networkLocation: /default-rack, certSerialId: null} reports an CLOSED replica.
2019-11-18 11:28:32,688 [EventQueue-ContainerReportForContainerReportHandler] WARN  container.ContainerReportHandler (AbstractContainerReportHandler.java:updateContainerState(145)) - Container #1 is in OPEN state, but the datanode c9b88515-1c59-4f59-a2e2-ec16c09fdaea{ip: 192.168.164.220, host: pr-hdds-2372-2m6rk-3135575179, networkLocation: /default-rack, certSerialId: null} reports an CLOSED replica.
2019-11-18 11:28:32,911 [EventQueue-ContainerReportForContainerReportHandler] WARN  container.ContainerReportHandler (AbstractContainerReportHandler.java:updateContainerState(145)) - Container #1 is in OPEN state, but the datanode 67063eba-d0cd-4c00-aa34-c87f51e61a60{ip: 192.168.164.220, host: pr-hdds-2372-2m6rk-3135575179, networkLocation: /default-rack, certSerialId: null} reports an CLOSED replica.
2019-11-18 11:28:33,087 [EventQueue-ContainerReportForContainerReportHandler] WARN  container.ContainerReportHandler (AbstractContainerReportHandler.java:updateContainerState(145)) - Container #1 is in OPEN state, but the datanode c9b88515-1c59-4f59-a2e2-ec16c09fdaea{ip: 192.168.164.220, host: pr-hdds-2372-2m6rk-3135575179, networkLocation: /default-rack, certSerialId: null} reports an CLOSED replica.
2019-11-18 11:28:33,212 [EventQueue-ContainerReportForContainerReportHandler] WARN  container.ContainerReportHandler (AbstractContainerReportHandler.java:updateContainerState(145)) - Container #1 is in OPEN state, but the datanode 67063eba-d0cd-4c00-aa34-c87f51e61a60{ip: 192.168.164.220, host: pr-hdds-2372-2m6rk-3135575179, networkLocation: /default-rack, certSerialId: null} reports an CLOSED replica.
2019-11-18 11:28:33,252 [BlockDeletingService#4] WARN  background.BlockDeletingService (BlockDeletingService.java:isDeletionAllowed(187)) - Close Container log Index 6 is not replicated across allthe servers in the pipeline 05de8610-ef8e-43ec-b774-08dca1f21008 as the min replicated index is 4. Deletion is not allowed in this container yet.
2019-11-18 11:28:33,253 [BlockDeletingService#2] WARN  background.BlockDeletingService (BlockDeletingService.java:isDeletionAllowed(187)) - Close Container log Index 6 is not replicated across allthe servers in the pipeline 05de8610-ef8e-43ec-b774-08dca1f21008 as the min replicated index is 4. Deletion is not allowed in this container yet.
2019-11-18 11:28:33,288 [EventQueue-ContainerReportForContainerReportHandler] WARN  container.ContainerReportHandler (AbstractContainerReportHandler.java:updateContainerState(145)) - Container #1 is in OPEN state, but the datanode c9b88515-1c59-4f59-a2e2-ec16c09fdaea{ip: 192.168.164.220, host: pr-hdds-2372-2m6rk-3135575179, networkLocation: /default-rack, certSerialId: null} reports an CLOSED replica.
2019-11-18 11:28:33,294 [EventQueue-StaleNodeForStaleNodeHandler] INFO  node.StaleNodeHandler (StaleNodeHandler.java:onMessage(58)) - Datanode b14c1e87-4020-4c6d-bcb6-f7f922273c3e{ip: 192.168.164.220, host: pr-hdds-2372-2m6rk-3135575179, networkLocation: /default-rack, certSerialId: null} moved to stale state. Finalizing its pipelines [PipelineID=828afe1e-12a8-4d85-b52a-e42b2bb1efcc, PipelineID=05de8610-ef8e-43ec-b774-08dca1f21008]
2019-11-18 11:28:33,294 [EventQueue-StaleNodeForStaleNodeHandler] INFO  pipeline.SCMPipelineManager (SCMPipelineManager.java:finalizeAndDestroyPipeline(315)) - destroying pipeline:Pipeline[ Id: 828afe1e-12a8-4d85-b52a-e42b2bb1efcc, Nodes: b14c1e87-4020-4c6d-bcb6-f7f922273c3e{ip: 192.168.164.220, host: pr-hdds-2372-2m6rk-3135575179, networkLocation: /default-rack, certSerialId: null}, Type:RATIS, Factor:ONE, State:OPEN]
2019-11-18 11:28:33,295 [EventQueue-StaleNodeForStaleNodeHandler] INFO  pipeline.PipelineStateManager (PipelineStateManager.java:finalizePipeline(121)) - Pipeline Pipeline[ Id: 828afe1e-12a8-4d85-b52a-e42b2bb1efcc, Nodes: b14c1e87-4020-4c6d-bcb6-f7f922273c3e{ip: 192.168.164.220, host: pr-hdds-2372-2m6rk-3135575179, networkLocation: /default-rack, certSerialId: null}, Type:RATIS, Factor:ONE, State:CLOSED] moved to CLOSED state
2019-11-18 11:28:33,297 [EventQueue-StaleNodeForStaleNodeHandler] INFO  pipeline.SCMPipelineManager (SCMPipelineManager.java:finalizeAndDestroyPipeline(315)) - destroying pipeline:Pipeline[ Id: 05de8610-ef8e-43ec-b774-08dca1f21008, Nodes: b14c1e87-4020-4c6d-bcb6-f7f922273c3e{ip: 192.168.164.220, host: pr-hdds-2372-2m6rk-3135575179, networkLocation: /default-rack, certSerialId: null}c9b88515-1c59-4f59-a2e2-ec16c09fdaea{ip: 192.168.164.220, host: pr-hdds-2372-2m6rk-3135575179, networkLocation: /default-rack, certSerialId: null}67063eba-d0cd-4c00-aa34-c87f51e61a60{ip: 192.168.164.220, host: pr-hdds-2372-2m6rk-3135575179, networkLocation: /default-rack, certSerialId: null}, Type:RATIS, Factor:THREE, State:OPEN]
2019-11-18 11:28:33,297 [EventQueue-StaleNodeForStaleNodeHandler] INFO  pipeline.PipelineStateManager (PipelineStateManager.java:finalizePipeline(121)) - Pipeline Pipeline[ Id: 05de8610-ef8e-43ec-b774-08dca1f21008, Nodes: b14c1e87-4020-4c6d-bcb6-f7f922273c3e{ip: 192.168.164.220, host: pr-hdds-2372-2m6rk-3135575179, networkLocation: /default-rack, certSerialId: null}c9b88515-1c59-4f59-a2e2-ec16c09fdaea{ip: 192.168.164.220, host: pr-hdds-2372-2m6rk-3135575179, networkLocation: /default-rack, certSerialId: null}67063eba-d0cd-4c00-aa34-c87f51e61a60{ip: 192.168.164.220, host: pr-hdds-2372-2m6rk-3135575179, networkLocation: /default-rack, certSerialId: null}, Type:RATIS, Factor:THREE, State:CLOSED] moved to CLOSED state
2019-11-18 11:28:33,298 [EventQueue-CloseContainerForCloseContainerEventHandler] INFO  container.CloseContainerEventHandler (CloseContainerEventHandler.java:onMessage(61)) - Close container Event triggered for container : #1
2019-11-18 11:28:33,412 [EventQueue-ContainerReportForContainerReportHandler] INFO  container.ContainerReportHandler (AbstractContainerReportHandler.java:updateContainerState(178)) - Moving container #1 to CLOSED state, datanode 67063eba-d0cd-4c00-aa34-c87f51e61a60{ip: 192.168.164.220, host: pr-hdds-2372-2m6rk-3135575179, networkLocation: /default-rack, certSerialId: null} reported CLOSED replica.
2019-11-18 11:28:33,680 [SCMBlockDeletingService#1] INFO  block.SCMBlockDeletingService (SCMBlockDeletingService.java:call(184)) - Totally added 3 delete blocks command for 3 datanodes, task elapsed time: 5ms
2019-11-18 11:28:33,683 [Thread-541] INFO  client.GrpcClientProtocolService (GrpcClientProtocolService.java:lambda$processClientRequest$0(279)) - Failed RaftClientRequest:client-E41A5C59983E->67063eba-d0cd-4c00-aa34-c87f51e61a60@group-08DCA1F21008, cid=23, seq=0, Watch-ALL_COMMITTED(6), Message:<EMPTY>, reply=RaftClientReply:client-E41A5C59983E->67063eba-d0cd-4c00-aa34-c87f51e61a60@group-08DCA1F21008, cid=23, FAILED org.apache.ratis.protocol.NotReplicatedException: Request with call Id 23 and log index 6 is not yet replicated to ALL_COMMITTED, logIndex=6, commits[67063eba-d0cd-4c00-aa34-c87f51e61a60:c10, c9b88515-1c59-4f59-a2e2-ec16c09fdaea:c10, b14c1e87-4020-4c6d-bcb6-f7f922273c3e:c4]
2019-11-18 11:28:33,715 [EventQueue-PendingDeleteStatusForPendingDeleteHandler] INFO  block.SCMBlockDeletingService (SCMBlockDeletingService.java:handlePendingDeletes(115)) - Block deletion txnID mismatch in datanode 67063eba-d0cd-4c00-aa34-c87f51e61a60 for containerID 1. Datanode delete txnID: 0, SCM txnID: 1
2019-11-18 11:28:33,890 [EventQueue-PendingDeleteStatusForPendingDeleteHandler] INFO  block.SCMBlockDeletingService (SCMBlockDeletingService.java:handlePendingDeletes(115)) - Block deletion txnID mismatch in datanode c9b88515-1c59-4f59-a2e2-ec16c09fdaea for containerID 1. Datanode delete txnID: 0, SCM txnID: 1
2019-11-18 11:28:34,091 [EventQueue-PendingDeleteStatusForPendingDeleteHandler] INFO  block.SCMBlockDeletingService (SCMBlockDeletingService.java:handlePendingDeletes(115)) - Block deletion txnID mismatch in datanode c9b88515-1c59-4f59-a2e2-ec16c09fdaea for containerID 1. Datanode delete txnID: 0, SCM txnID: 1
2019-11-18 11:28:34,113 [EventQueue-PendingDeleteStatusForPendingDeleteHandler] INFO  block.SCMBlockDeletingService (SCMBlockDeletingService.java:handlePendingDeletes(115)) - Block deletion txnID mismatch in datanode 67063eba-d0cd-4c00-aa34-c87f51e61a60 for containerID 1. Datanode delete txnID: 0, SCM txnID: 1
2019-11-18 11:28:34,254 [BlockDeletingService#4] WARN  background.BlockDeletingService (BlockDeletingService.java:isDeletionAllowed(187)) - Close Container log Index 6 is not replicated across allthe servers in the pipeline 05de8610-ef8e-43ec-b774-08dca1f21008 as the min replicated index is 4. Deletion is not allowed in this container yet.
2019-11-18 11:28:34,255 [BlockDeletingService#2] WARN  background.BlockDeletingService (BlockDeletingService.java:isDeletionAllowed(187)) - Close Container log Index 6 is not replicated across allthe servers in the pipeline 05de8610-ef8e-43ec-b774-08dca1f21008 as the min replicated index is 4. Deletion is not allowed in this container yet.
2019-11-18 11:28:34,292 [EventQueue-PendingDeleteStatusForPendingDeleteHandler] INFO  block.SCMBlockDeletingService (SCMBlockDeletingService.java:handlePendingDeletes(115)) - Block deletion txnID mismatch in datanode c9b88515-1c59-4f59-a2e2-ec16c09fdaea for containerID 1. Datanode delete txnID: 0, SCM txnID: 1
2019-11-18 11:28:34,391 [Command processor thread] INFO  commandhandler.DeleteBlocksCommandHandler (DeleteBlocksCommandHandler.java:handle(106)) - Start to delete container blocks, TXIDs=[1(0)], numOfContainers=1, numOfBlocks=1
2019-11-18 11:28:34,413 [EventQueue-PendingDeleteStatusForPendingDeleteHandler] INFO  block.SCMBlockDeletingService (SCMBlockDeletingService.java:handlePendingDeletes(115)) - Block deletion txnID mismatch in datanode 67063eba-d0cd-4c00-aa34-c87f51e61a60 for containerID 1. Datanode delete txnID: 0, SCM txnID: 1
2019-11-18 11:28:34,511 [Command processor thread] INFO  commandhandler.DeleteBlocksCommandHandler (DeleteBlocksCommandHandler.java:handle(106)) - Start to delete container blocks, TXIDs=[1(0)], numOfContainers=1, numOfBlocks=1
]]></system-out>
    <system-err><![CDATA[ERROR StatusLogger No Log4j 2 configuration file found. Using default configuration (logging only errors to the console), or user programmatically provided configurations. Set system property 'log4j2.debug' to show Log4j 2 internal initialization logging. See https://logging.apache.org/log4j/2.x/manual/configuration.html for instructions on how to configure Log4j 2
Nov 18, 2019 11:26:58 AM org.apache.ratis.thirdparty.io.grpc.internal.SerializingExecutor run
SEVERE: Exception while executing runnable org.apache.ratis.thirdparty.io.grpc.internal.ServerImpl$JumpToApplicationThreadServerStreamListener$1Closed@1d3e83c3
org.apache.ratis.thirdparty.io.grpc.StatusRuntimeException: CANCELLED: call already cancelled
	at org.apache.ratis.thirdparty.io.grpc.Status.asRuntimeException(Status.java:517)
	at org.apache.ratis.thirdparty.io.grpc.stub.ServerCalls$ServerCallStreamObserverImpl.onCompleted(ServerCalls.java:356)
	at org.apache.ratis.grpc.server.GrpcServerProtocolService$ServerRequestStreamObserver.onError(GrpcServerProtocolService.java:121)
	at org.apache.ratis.thirdparty.io.grpc.stub.ServerCalls$StreamingServerCallHandler$StreamingServerCallListener.onCancel(ServerCalls.java:269)
	at org.apache.ratis.thirdparty.io.grpc.internal.ServerCallImpl$ServerStreamListenerImpl.closed(ServerCallImpl.java:293)
	at org.apache.ratis.thirdparty.io.grpc.internal.ServerImpl$JumpToApplicationThreadServerStreamListener$1Closed.runInContext(ServerImpl.java:741)
	at org.apache.ratis.thirdparty.io.grpc.internal.ContextRunnable.run(ContextRunnable.java:37)
	at org.apache.ratis.thirdparty.io.grpc.internal.SerializingExecutor.run(SerializingExecutor.java:123)
	at java.util.concurrent.ThreadPoolExecutor.runWorker(ThreadPoolExecutor.java:1149)
	at java.util.concurrent.ThreadPoolExecutor$Worker.run(ThreadPoolExecutor.java:624)
	at java.lang.Thread.run(Thread.java:748)

]]></system-err>
  </testcase>
</testsuite>