<?xml version="1.0" encoding="UTF-8"?>
<testsuite xmlns:xsi="http://www.w3.org/2001/XMLSchema-instance" xsi:noNamespaceSchemaLocation="https://maven.apache.org/surefire/maven-surefire-plugin/xsd/surefire-test-report.xsd" name="org.apache.hadoop.ozone.freon.TestFreonWithPipelineDestroy" time="44.159" tests="1" errors="1" skipped="0" failures="0">
  <properties>
    <property name="awt.toolkit" value="sun.awt.X11.XToolkit"/>
    <property name="file.encoding.pkg" value="sun.io"/>
    <property name="java.specification.version" value="1.8"/>
    <property name="sun.cpu.isalist" value=""/>
    <property name="sun.jnu.encoding" value="ANSI_X3.4-1968"/>
    <property name="java.class.path" value="/workdir/hadoop-ozone/tools/target/test-classes:/workdir/hadoop-ozone/tools/target/classes:/home/user/.m2/repository/org/apache/hadoop/hadoop-ozone-ozone-manager/0.5.0-SNAPSHOT/hadoop-ozone-ozone-manager-0.5.0-SNAPSHOT.jar:/home/user/.m2/repository/org/apache/hadoop/hadoop-hdds-docs/0.5.0-SNAPSHOT/hadoop-hdds-docs-0.5.0-SNAPSHOT.jar:/home/user/.m2/repository/org/bouncycastle/bcprov-jdk15on/1.60/bcprov-jdk15on-1.60.jar:/home/user/.m2/repository/org/apache/hadoop/hadoop-ozone-common/0.5.0-SNAPSHOT/hadoop-ozone-common-0.5.0-SNAPSHOT.jar:/home/user/.m2/repository/org/apache/commons/commons-compress/1.4.1/commons-compress-1.4.1.jar:/home/user/.m2/repository/org/tukaani/xz/1.0/xz-1.0.jar:/home/user/.m2/repository/org/apache/hadoop/hadoop-hdfs-client/3.2.0/hadoop-hdfs-client-3.2.0.jar:/home/user/.m2/repository/com/fasterxml/jackson/core/jackson-annotations/2.9.9/jackson-annotations-2.9.9.jar:/home/user/.m2/repository/org/apache/hadoop/hadoop-hdds-common/0.5.0-SNAPSHOT/hadoop-hdds-common-0.5.0-SNAPSHOT.jar:/home/user/.m2/repository/org/apache/hadoop/hadoop-hdds-config/0.5.0-SNAPSHOT/hadoop-hdds-config-0.5.0-SNAPSHOT.jar:/home/user/.m2/repository/javax/annotation/javax.annotation-api/1.2/javax.annotation-api-1.2.jar:/home/user/.m2/repository/org/apache/ratis/ratis-server/0.5.0-d6d58d0-SNAPSHOT/ratis-server-0.5.0-d6d58d0-SNAPSHOT.jar:/home/user/.m2/repository/org/apache/ratis/ratis-thirdparty-misc/0.2.0/ratis-thirdparty-misc-0.2.0.jar:/home/user/.m2/repository/org/apache/ratis/ratis-proto/0.5.0-d6d58d0-SNAPSHOT/ratis-proto-0.5.0-d6d58d0-SNAPSHOT.jar:/home/user/.m2/repository/org/apache/ratis/ratis-common/0.5.0-d6d58d0-SNAPSHOT/ratis-common-0.5.0-d6d58d0-SNAPSHOT.jar:/home/user/.m2/repository/org/apache/ratis/ratis-client/0.5.0-d6d58d0-SNAPSHOT/ratis-client-0.5.0-d6d58d0-SNAPSHOT.jar:/home/user/.m2/repository/org/apache/ratis/ratis-metrics/0.5.0-d6d58d0-SNAPSHOT/ratis-metrics-0.5.0-d6d58d0-SNAPSHOT.jar:/home/user/.m2/repository/org/apache/ratis/ratis-netty/0.5.0-d6d58d0-SNAPSHOT/ratis-netty-0.5.0-d6d58d0-SNAPSHOT.jar:/home/user/.m2/repository/org/apache/ratis/ratis-grpc/0.5.0-d6d58d0-SNAPSHOT/ratis-grpc-0.5.0-d6d58d0-SNAPSHOT.jar:/home/user/.m2/repository/org/rocksdb/rocksdbjni/6.0.1/rocksdbjni-6.0.1.jar:/home/user/.m2/repository/org/apache/logging/log4j/log4j-api/2.11.0/log4j-api-2.11.0.jar:/home/user/.m2/repository/org/apache/logging/log4j/log4j-core/2.11.0/log4j-core-2.11.0.jar:/home/user/.m2/repository/com/lmax/disruptor/3.4.2/disruptor-3.4.2.jar:/home/user/.m2/repository/org/apache/commons/commons-pool2/2.6.0/commons-pool2-2.6.0.jar:/home/user/.m2/repository/org/bouncycastle/bcpkix-jdk15on/1.60/bcpkix-jdk15on-1.60.jar:/home/user/.m2/repository/commons-validator/commons-validator/1.6/commons-validator-1.6.jar:/home/user/.m2/repository/commons-digester/commons-digester/1.8.1/commons-digester-1.8.1.jar:/home/user/.m2/repository/io/jaegertracing/jaeger-client/0.34.0/jaeger-client-0.34.0.jar:/home/user/.m2/repository/io/jaegertracing/jaeger-thrift/0.34.0/jaeger-thrift-0.34.0.jar:/home/user/.m2/repository/org/apache/thrift/libthrift/0.12.0/libthrift-0.12.0.jar:/home/user/.m2/repository/com/squareup/okhttp3/okhttp/3.9.0/okhttp-3.9.0.jar:/home/user/.m2/repository/com/squareup/okio/okio/1.13.0/okio-1.13.0.jar:/home/user/.m2/repository/io/jaegertracing/jaeger-core/0.34.0/jaeger-core-0.34.0.jar:/home/user/.m2/repository/io/jaegertracing/jaeger-tracerresolver/0.34.0/jaeger-tracerresolver-0.34.0.jar:/home/user/.m2/repository/io/opentracing/contrib/opentracing-tracerresolver/0.1.5/opentracing-tracerresolver-0.1.5.jar:/home/user/.m2/repository/io/opentracing/opentracing-util/0.31.0/opentracing-util-0.31.0.jar:/home/user/.m2/repository/io/opentracing/opentracing-api/0.31.0/opentracing-api-0.31.0.jar:/home/user/.m2/repository/io/opentracing/opentracing-noop/0.31.0/opentracing-noop-0.31.0.jar:/home/user/.m2/repository/org/yaml/snakeyaml/1.16/snakeyaml-1.16.jar:/home/user/.m2/repository/org/apache/hadoop/hadoop-hdds-container-service/0.5.0-SNAPSHOT/hadoop-hdds-container-service-0.5.0-SNAPSHOT.jar:/home/user/.m2/repository/org/apache/hadoop/hadoop-hdds-client/0.5.0-SNAPSHOT/hadoop-hdds-client-0.5.0-SNAPSHOT.jar:/home/user/.m2/repository/org/apache/hadoop/hadoop-hdds-tools/0.5.0-SNAPSHOT/hadoop-hdds-tools-0.5.0-SNAPSHOT.jar:/home/user/.m2/repository/org/xerial/sqlite-jdbc/3.25.2/sqlite-jdbc-3.25.2.jar:/home/user/.m2/repository/org/apache/hadoop/hadoop-hdds-server-scm/0.5.0-SNAPSHOT/hadoop-hdds-server-scm-0.5.0-SNAPSHOT.jar:/home/user/.m2/repository/org/hamcrest/hamcrest-all/1.3/hamcrest-all-1.3.jar:/home/user/.m2/repository/info/picocli/picocli/3.9.6/picocli-3.9.6.jar:/home/user/.m2/repository/com/google/protobuf/protobuf-java/2.5.0/protobuf-java-2.5.0.jar:/home/user/.m2/repository/com/google/guava/guava/11.0.2/guava-11.0.2.jar:/home/user/.m2/repository/org/apache/hadoop/hadoop-ozone-client/0.5.0-SNAPSHOT/hadoop-ozone-client-0.5.0-SNAPSHOT.jar:/workdir/hadoop-ozone/ozonefs/target/classes:/home/user/.m2/repository/org/apache/httpcomponents/httpclient/4.5.2/httpclient-4.5.2.jar:/home/user/.m2/repository/org/apache/httpcomponents/httpcore/4.4.4/httpcore-4.4.4.jar:/home/user/.m2/repository/org/apache/hadoop/hadoop-hdds-server-framework/0.5.0-SNAPSHOT/hadoop-hdds-server-framework-0.5.0-SNAPSHOT.jar:/home/user/.m2/repository/org/apache/hadoop/hadoop-common/3.2.0/hadoop-common-3.2.0.jar:/home/user/.m2/repository/org/apache/hadoop/hadoop-annotations/3.2.0/hadoop-annotations-3.2.0.jar:/usr/lib/jvm/java-1.8.0-openjdk-1.8.0.222.b10-1.el7_7.x86_64/jre/../lib/tools.jar:/home/user/.m2/repository/commons-cli/commons-cli/1.2/commons-cli-1.2.jar:/home/user/.m2/repository/org/apache/commons/commons-math3/3.1.1/commons-math3-3.1.1.jar:/home/user/.m2/repository/commons-codec/commons-codec/1.11/commons-codec-1.11.jar:/home/user/.m2/repository/commons-io/commons-io/2.5/commons-io-2.5.jar:/home/user/.m2/repository/commons-net/commons-net/3.6/commons-net-3.6.jar:/home/user/.m2/repository/commons-collections/commons-collections/3.2.2/commons-collections-3.2.2.jar:/home/user/.m2/repository/javax/servlet/javax.servlet-api/3.1.0/javax.servlet-api-3.1.0.jar:/home/user/.m2/repository/org/eclipse/jetty/jetty-server/9.3.25.v20180904/jetty-server-9.3.25.v20180904.jar:/home/user/.m2/repository/org/eclipse/jetty/jetty-http/9.3.25.v20180904/jetty-http-9.3.25.v20180904.jar:/home/user/.m2/repository/org/eclipse/jetty/jetty-io/9.3.25.v20180904/jetty-io-9.3.25.v20180904.jar:/home/user/.m2/repository/org/eclipse/jetty/jetty-util/9.3.25.v20180904/jetty-util-9.3.25.v20180904.jar:/home/user/.m2/repository/org/eclipse/jetty/jetty-servlet/9.3.25.v20180904/jetty-servlet-9.3.25.v20180904.jar:/home/user/.m2/repository/org/eclipse/jetty/jetty-security/9.3.25.v20180904/jetty-security-9.3.25.v20180904.jar:/home/user/.m2/repository/org/eclipse/jetty/jetty-webapp/9.3.25.v20180904/jetty-webapp-9.3.25.v20180904.jar:/home/user/.m2/repository/org/eclipse/jetty/jetty-xml/9.3.25.v20180904/jetty-xml-9.3.25.v20180904.jar:/home/user/.m2/repository/javax/servlet/jsp/jsp-api/2.1/jsp-api-2.1.jar:/home/user/.m2/repository/com/sun/jersey/jersey-core/1.19/jersey-core-1.19.jar:/home/user/.m2/repository/javax/ws/rs/jsr311-api/1.1.1/jsr311-api-1.1.1.jar:/home/user/.m2/repository/com/sun/jersey/jersey-servlet/1.19/jersey-servlet-1.19.jar:/home/user/.m2/repository/com/sun/jersey/jersey-json/1.19/jersey-json-1.19.jar:/home/user/.m2/repository/org/codehaus/jettison/jettison/1.1/jettison-1.1.jar:/home/user/.m2/repository/com/sun/xml/bind/jaxb-impl/2.3.0.1/jaxb-impl-2.3.0.1.jar:/home/user/.m2/repository/org/codehaus/jackson/jackson-core-asl/1.9.13/jackson-core-asl-1.9.13.jar:/home/user/.m2/repository/org/codehaus/jackson/jackson-mapper-asl/1.9.13/jackson-mapper-asl-1.9.13.jar:/home/user/.m2/repository/org/codehaus/jackson/jackson-jaxrs/1.9.13/jackson-jaxrs-1.9.13.jar:/home/user/.m2/repository/org/codehaus/jackson/jackson-xc/1.9.13/jackson-xc-1.9.13.jar:/home/user/.m2/repository/com/sun/jersey/jersey-server/1.19/jersey-server-1.19.jar:/home/user/.m2/repository/commons-logging/commons-logging/1.1.3/commons-logging-1.1.3.jar:/home/user/.m2/repository/log4j/log4j/1.2.17/log4j-1.2.17.jar:/home/user/.m2/repository/commons-beanutils/commons-beanutils/1.9.4/commons-beanutils-1.9.4.jar:/home/user/.m2/repository/org/apache/commons/commons-configuration2/2.1.1/commons-configuration2-2.1.1.jar:/home/user/.m2/repository/org/apache/commons/commons-lang3/3.7/commons-lang3-3.7.jar:/home/user/.m2/repository/org/apache/commons/commons-text/1.4/commons-text-1.4.jar:/home/user/.m2/repository/org/slf4j/slf4j-api/1.7.25/slf4j-api-1.7.25.jar:/home/user/.m2/repository/org/slf4j/slf4j-log4j12/1.7.25/slf4j-log4j12-1.7.25.jar:/home/user/.m2/repository/org/apache/avro/avro/1.7.7/avro-1.7.7.jar:/home/user/.m2/repository/com/thoughtworks/paranamer/paranamer/2.3/paranamer-2.3.jar:/home/user/.m2/repository/org/xerial/snappy/snappy-java/1.0.5/snappy-java-1.0.5.jar:/home/user/.m2/repository/com/google/re2j/re2j/1.1/re2j-1.1.jar:/home/user/.m2/repository/com/google/code/gson/gson/2.2.4/gson-2.2.4.jar:/home/user/.m2/repository/org/apache/hadoop/hadoop-auth/3.2.0/hadoop-auth-3.2.0.jar:/home/user/.m2/repository/com/nimbusds/nimbus-jose-jwt/4.41.1/nimbus-jose-jwt-4.41.1.jar:/home/user/.m2/repository/com/github/stephenc/jcip/jcip-annotations/1.0-1/jcip-annotations-1.0-1.jar:/home/user/.m2/repository/net/minidev/json-smart/2.3/json-smart-2.3.jar:/home/user/.m2/repository/net/minidev/accessors-smart/1.2/accessors-smart-1.2.jar:/home/user/.m2/repository/org/apache/curator/curator-framework/2.12.0/curator-framework-2.12.0.jar:/home/user/.m2/repository/com/jcraft/jsch/0.1.54/jsch-0.1.54.jar:/home/user/.m2/repository/org/apache/curator/curator-client/2.12.0/curator-client-2.12.0.jar:/home/user/.m2/repository/org/apache/curator/curator-recipes/2.12.0/curator-recipes-2.12.0.jar:/home/user/.m2/repository/com/google/code/findbugs/jsr305/3.0.0/jsr305-3.0.0.jar:/home/user/.m2/repository/org/apache/htrace/htrace-core4/4.1.0-incubating/htrace-core4-4.1.0-incubating.jar:/home/user/.m2/repository/org/apache/zookeeper/zookeeper/3.4.13/zookeeper-3.4.13.jar:/home/user/.m2/repository/jline/jline/0.9.94/jline-0.9.94.jar:/home/user/.m2/repository/org/apache/yetus/audience-annotations/0.5.0/audience-annotations-0.5.0.jar:/home/user/.m2/repository/org/apache/kerby/kerb-simplekdc/1.0.1/kerb-simplekdc-1.0.1.jar:/home/user/.m2/repository/org/apache/kerby/kerb-client/1.0.1/kerb-client-1.0.1.jar:/home/user/.m2/repository/org/apache/kerby/kerby-config/1.0.1/kerby-config-1.0.1.jar:/home/user/.m2/repository/org/apache/kerby/kerb-core/1.0.1/kerb-core-1.0.1.jar:/home/user/.m2/repository/org/apache/kerby/kerby-pkix/1.0.1/kerby-pkix-1.0.1.jar:/home/user/.m2/repository/org/apache/kerby/kerby-asn1/1.0.1/kerby-asn1-1.0.1.jar:/home/user/.m2/repository/org/apache/kerby/kerby-util/1.0.1/kerby-util-1.0.1.jar:/home/user/.m2/repository/org/apache/kerby/kerb-common/1.0.1/kerb-common-1.0.1.jar:/home/user/.m2/repository/org/apache/kerby/kerb-crypto/1.0.1/kerb-crypto-1.0.1.jar:/home/user/.m2/repository/org/apache/kerby/kerb-util/1.0.1/kerb-util-1.0.1.jar:/home/user/.m2/repository/org/apache/kerby/token-provider/1.0.1/token-provider-1.0.1.jar:/home/user/.m2/repository/org/apache/kerby/kerb-admin/1.0.1/kerb-admin-1.0.1.jar:/home/user/.m2/repository/org/apache/kerby/kerb-server/1.0.1/kerb-server-1.0.1.jar:/home/user/.m2/repository/org/apache/kerby/kerb-identity/1.0.1/kerb-identity-1.0.1.jar:/home/user/.m2/repository/org/apache/kerby/kerby-xdr/1.0.1/kerby-xdr-1.0.1.jar:/home/user/.m2/repository/com/fasterxml/jackson/core/jackson-databind/2.9.9/jackson-databind-2.9.9.jar:/home/user/.m2/repository/com/fasterxml/jackson/core/jackson-core/2.9.9/jackson-core-2.9.9.jar:/home/user/.m2/repository/org/codehaus/woodstox/stax2-api/3.1.4/stax2-api-3.1.4.jar:/home/user/.m2/repository/com/fasterxml/woodstox/woodstox-core/5.0.3/woodstox-core-5.0.3.jar:/home/user/.m2/repository/dnsjava/dnsjava/2.1.7/dnsjava-2.1.7.jar:/home/user/.m2/repository/org/apache/hadoop/hadoop-hdfs/3.2.0/hadoop-hdfs-3.2.0.jar:/home/user/.m2/repository/org/eclipse/jetty/jetty-util-ajax/9.3.25.v20180904/jetty-util-ajax-9.3.25.v20180904.jar:/home/user/.m2/repository/commons-daemon/commons-daemon/1.0.13/commons-daemon-1.0.13.jar:/home/user/.m2/repository/io/netty/netty/3.10.5.Final/netty-3.10.5.Final.jar:/home/user/.m2/repository/io/netty/netty-all/4.0.52.Final/netty-all-4.0.52.Final.jar:/home/user/.m2/repository/org/fusesource/leveldbjni/leveldbjni-all/1.8/leveldbjni-all-1.8.jar:/home/user/.m2/repository/com/sun/xml/bind/jaxb-core/2.3.0.1/jaxb-core-2.3.0.1.jar:/home/user/.m2/repository/javax/xml/bind/jaxb-api/2.3.0/jaxb-api-2.3.0.jar:/home/user/.m2/repository/javax/activation/activation/1.1.1/activation-1.1.1.jar:/home/user/.m2/repository/org/openjdk/jmh/jmh-core/1.19/jmh-core-1.19.jar:/home/user/.m2/repository/net/sf/jopt-simple/jopt-simple/4.6/jopt-simple-4.6.jar:/home/user/.m2/repository/org/openjdk/jmh/jmh-generator-annprocess/1.19/jmh-generator-annprocess-1.19.jar:/home/user/.m2/repository/io/dropwizard/metrics/metrics-core/3.2.4/metrics-core-3.2.4.jar:/home/user/.m2/repository/com/amazonaws/aws-java-sdk-s3/1.11.615/aws-java-sdk-s3-1.11.615.jar:/home/user/.m2/repository/com/amazonaws/aws-java-sdk-kms/1.11.615/aws-java-sdk-kms-1.11.615.jar:/home/user/.m2/repository/com/amazonaws/aws-java-sdk-core/1.11.615/aws-java-sdk-core-1.11.615.jar:/home/user/.m2/repository/software/amazon/ion/ion-java/1.0.2/ion-java-1.0.2.jar:/home/user/.m2/repository/com/fasterxml/jackson/dataformat/jackson-dataformat-cbor/2.9.9/jackson-dataformat-cbor-2.9.9.jar:/home/user/.m2/repository/joda-time/joda-time/2.9.9/joda-time-2.9.9.jar:/home/user/.m2/repository/com/amazonaws/jmespath-java/1.11.615/jmespath-java-1.11.615.jar:/home/user/.m2/repository/com/github/spotbugs/spotbugs/3.1.12/spotbugs-3.1.12.jar:/home/user/.m2/repository/org/ow2/asm/asm/5.0.4/asm-5.0.4.jar:/home/user/.m2/repository/org/ow2/asm/asm-analysis/7.0/asm-analysis-7.0.jar:/home/user/.m2/repository/org/ow2/asm/asm-commons/7.0/asm-commons-7.0.jar:/home/user/.m2/repository/org/ow2/asm/asm-tree/7.0/asm-tree-7.0.jar:/home/user/.m2/repository/org/ow2/asm/asm-util/7.0/asm-util-7.0.jar:/home/user/.m2/repository/org/apache/bcel/bcel/6.3/bcel-6.3.jar:/home/user/.m2/repository/net/jcip/jcip-annotations/1.0/jcip-annotations-1.0.jar:/home/user/.m2/repository/org/dom4j/dom4j/2.1.1/dom4j-2.1.1.jar:/home/user/.m2/repository/jaxen/jaxen/1.1.6/jaxen-1.1.6.jar:/home/user/.m2/repository/commons-lang/commons-lang/2.6/commons-lang-2.6.jar:/home/user/.m2/repository/com/github/spotbugs/spotbugs-annotations/3.1.12/spotbugs-annotations-3.1.12.jar:/home/user/.m2/repository/junit/junit/4.11/junit-4.11.jar:/home/user/.m2/repository/org/hamcrest/hamcrest-core/1.3/hamcrest-core-1.3.jar:/home/user/.m2/repository/org/apache/hadoop/hadoop-common/3.2.0/hadoop-common-3.2.0-tests.jar:/workdir/hadoop-ozone/integration-test/target/test-classes:/home/user/.m2/repository/org/apache/hadoop/hadoop-ozone-s3gateway/0.5.0-SNAPSHOT/hadoop-ozone-s3gateway-0.5.0-SNAPSHOT.jar:/home/user/.m2/repository/org/jboss/weld/servlet/weld-servlet/2.4.7.Final/weld-servlet-2.4.7.Final.jar:/home/user/.m2/repository/org/glassfish/jersey/containers/jersey-container-servlet-core/2.27/jersey-container-servlet-core-2.27.jar:/home/user/.m2/repository/org/glassfish/hk2/external/javax.inject/2.5.0-b42/javax.inject-2.5.0-b42.jar:/home/user/.m2/repository/org/glassfish/jersey/core/jersey-common/2.27/jersey-common-2.27.jar:/home/user/.m2/repository/org/glassfish/hk2/osgi-resource-locator/1.0.1/osgi-resource-locator-1.0.1.jar:/home/user/.m2/repository/javax/ws/rs/javax.ws.rs-api/2.1/javax.ws.rs-api-2.1.jar:/home/user/.m2/repository/org/glassfish/jersey/ext/cdi/jersey-cdi1x/2.27/jersey-cdi1x-2.27.jar:/home/user/.m2/repository/org/glassfish/jersey/inject/jersey-hk2/2.27/jersey-hk2-2.27.jar:/home/user/.m2/repository/org/glassfish/hk2/hk2-locator/2.5.0-b42/hk2-locator-2.5.0-b42.jar:/home/user/.m2/repository/org/javassist/javassist/3.22.0-CR2/javassist-3.22.0-CR2.jar:/home/user/.m2/repository/org/glassfish/hk2/hk2-api/2.5.0/hk2-api-2.5.0.jar:/home/user/.m2/repository/org/glassfish/hk2/external/jakarta.inject/2.5.0/jakarta.inject-2.5.0.jar:/home/user/.m2/repository/org/glassfish/hk2/hk2-utils/2.5.0/hk2-utils-2.5.0.jar:/home/user/.m2/repository/jakarta/annotation/jakarta.annotation-api/1.3.4/jakarta.annotation-api-1.3.4.jar:/home/user/.m2/repository/org/glassfish/hk2/external/aopalliance-repackaged/2.5.0/aopalliance-repackaged-2.5.0.jar:/home/user/.m2/repository/com/fasterxml/jackson/dataformat/jackson-dataformat-xml/2.9.0/jackson-dataformat-xml-2.9.0.jar:/home/user/.m2/repository/com/fasterxml/jackson/module/jackson-module-jaxb-annotations/2.9.9/jackson-module-jaxb-annotations-2.9.9.jar:/home/user/.m2/repository/javax/enterprise/cdi-api/1.2/cdi-api-1.2.jar:/home/user/.m2/repository/javax/el/javax.el-api/3.0.0/javax.el-api-3.0.0.jar:/home/user/.m2/repository/javax/interceptor/javax.interceptor-api/1.2/javax.interceptor-api-1.2.jar:/home/user/.m2/repository/javax/inject/javax.inject/1/javax.inject-1.jar:/home/user/.m2/repository/org/apache/hadoop/hadoop-ozone-csi/0.5.0-SNAPSHOT/hadoop-ozone-csi-0.5.0-SNAPSHOT.jar:/home/user/.m2/repository/com/google/protobuf/protobuf-java-util/3.5.1/protobuf-java-util-3.5.1.jar:/home/user/.m2/repository/io/grpc/grpc-netty/1.17.1/grpc-netty-1.17.1.jar:/home/user/.m2/repository/io/grpc/grpc-core/1.17.1/grpc-core-1.17.1.jar:/home/user/.m2/repository/io/grpc/grpc-context/1.17.1/grpc-context-1.17.1.jar:/home/user/.m2/repository/com/google/errorprone/error_prone_annotations/2.2.0/error_prone_annotations-2.2.0.jar:/home/user/.m2/repository/org/codehaus/mojo/animal-sniffer-annotations/1.17/animal-sniffer-annotations-1.17.jar:/home/user/.m2/repository/io/opencensus/opencensus-api/0.17.0/opencensus-api-0.17.0.jar:/home/user/.m2/repository/io/opencensus/opencensus-contrib-grpc-metrics/0.17.0/opencensus-contrib-grpc-metrics-0.17.0.jar:/home/user/.m2/repository/io/netty/netty-codec-http2/4.1.30.Final/netty-codec-http2-4.1.30.Final.jar:/home/user/.m2/repository/io/netty/netty-codec-http/4.1.30.Final/netty-codec-http-4.1.30.Final.jar:/home/user/.m2/repository/io/netty/netty-codec/4.1.30.Final/netty-codec-4.1.30.Final.jar:/home/user/.m2/repository/io/netty/netty-handler/4.1.30.Final/netty-handler-4.1.30.Final.jar:/home/user/.m2/repository/io/netty/netty-handler-proxy/4.1.30.Final/netty-handler-proxy-4.1.30.Final.jar:/home/user/.m2/repository/io/netty/netty-codec-socks/4.1.30.Final/netty-codec-socks-4.1.30.Final.jar:/home/user/.m2/repository/io/netty/netty-transport-native-epoll/4.1.30.Final/netty-transport-native-epoll-4.1.30.Final.jar:/home/user/.m2/repository/io/netty/netty-common/4.1.30.Final/netty-common-4.1.30.Final.jar:/home/user/.m2/repository/io/netty/netty-buffer/4.1.30.Final/netty-buffer-4.1.30.Final.jar:/home/user/.m2/repository/io/netty/netty-transport/4.1.30.Final/netty-transport-4.1.30.Final.jar:/home/user/.m2/repository/io/netty/netty-resolver/4.1.30.Final/netty-resolver-4.1.30.Final.jar:/home/user/.m2/repository/io/netty/netty-transport-native-unix-common/4.1.30.Final/netty-transport-native-unix-common-4.1.30.Final.jar:/home/user/.m2/repository/io/grpc/grpc-protobuf/1.17.1/grpc-protobuf-1.17.1.jar:/home/user/.m2/repository/com/google/api/grpc/proto-google-common-protos/1.0.0/proto-google-common-protos-1.0.0.jar:/home/user/.m2/repository/io/grpc/grpc-protobuf-lite/1.17.1/grpc-protobuf-lite-1.17.1.jar:/home/user/.m2/repository/io/grpc/grpc-stub/1.17.1/grpc-stub-1.17.1.jar:/home/user/.m2/repository/org/apache/hadoop/hadoop-ozone-recon/0.5.0-SNAPSHOT/hadoop-ozone-recon-0.5.0-SNAPSHOT.jar:/home/user/.m2/repository/org/apache/hadoop/hadoop-ozone-reconcodegen/0.5.0-SNAPSHOT/hadoop-ozone-reconcodegen-0.5.0-SNAPSHOT.jar:/home/user/.m2/repository/com/google/inject/extensions/guice-multibindings/4.0/guice-multibindings-4.0.jar:/home/user/.m2/repository/com/google/inject/guice/4.0/guice-4.0.jar:/home/user/.m2/repository/aopalliance/aopalliance/1.0/aopalliance-1.0.jar:/home/user/.m2/repository/com/google/inject/extensions/guice-servlet/4.0/guice-servlet-4.0.jar:/home/user/.m2/repository/org/glassfish/jersey/containers/jersey-container-servlet/2.27/jersey-container-servlet-2.27.jar:/home/user/.m2/repository/org/glassfish/hk2/guice-bridge/2.5.0/guice-bridge-2.5.0.jar:/home/user/.m2/repository/org/glassfish/jersey/core/jersey-server/2.27/jersey-server-2.27.jar:/home/user/.m2/repository/org/glassfish/jersey/core/jersey-client/2.27/jersey-client-2.27.jar:/home/user/.m2/repository/org/glassfish/jersey/media/jersey-media-jaxb/2.27/jersey-media-jaxb-2.27.jar:/home/user/.m2/repository/javax/validation/validation-api/1.1.0.Final/validation-api-1.1.0.Final.jar:/home/user/.m2/repository/org/glassfish/jersey/media/jersey-media-json-jackson/2.27/jersey-media-json-jackson-2.27.jar:/home/user/.m2/repository/org/glassfish/jersey/ext/jersey-entity-filtering/2.27/jersey-entity-filtering-2.27.jar:/home/user/.m2/repository/com/google/inject/extensions/guice-assistedinject/4.0/guice-assistedinject-4.0.jar:/home/user/.m2/repository/org/jooq/jooq/3.11.10/jooq-3.11.10.jar:/home/user/.m2/repository/org/jooq/jooq-meta/3.11.10/jooq-meta-3.11.10.jar:/home/user/.m2/repository/org/jooq/jooq-codegen/3.11.10/jooq-codegen-3.11.10.jar:/home/user/.m2/repository/com/jolbox/bonecp/0.8.0.RELEASE/bonecp-0.8.0.RELEASE.jar:/home/user/.m2/repository/org/springframework/spring-jdbc/5.1.3.RELEASE/spring-jdbc-5.1.3.RELEASE.jar:/home/user/.m2/repository/org/springframework/spring-beans/5.1.3.RELEASE/spring-beans-5.1.3.RELEASE.jar:/home/user/.m2/repository/org/springframework/spring-core/5.1.3.RELEASE/spring-core-5.1.3.RELEASE.jar:/home/user/.m2/repository/org/springframework/spring-jcl/5.1.3.RELEASE/spring-jcl-5.1.3.RELEASE.jar:/home/user/.m2/repository/org/springframework/spring-tx/5.1.3.RELEASE/spring-tx-5.1.3.RELEASE.jar:/home/user/.m2/repository/org/mockito/mockito-core/2.15.0/mockito-core-2.15.0.jar:/home/user/.m2/repository/net/bytebuddy/byte-buddy/1.7.9/byte-buddy-1.7.9.jar:/home/user/.m2/repository/net/bytebuddy/byte-buddy-agent/1.7.9/byte-buddy-agent-1.7.9.jar:/home/user/.m2/repository/org/objenesis/objenesis/1.0/objenesis-1.0.jar:"/>
    <property name="java.vm.vendor" value="Oracle Corporation"/>
    <property name="sun.arch.data.model" value="64"/>
    <property name="test.build.dir" value="/workdir/hadoop-ozone/tools/target/test-dir"/>
    <property name="test.cache.data" value=""/>
    <property name="java.vendor.url" value="http://java.oracle.com/"/>
    <property name="user.timezone" value=""/>
    <property name="java.vm.specification.version" value="1.8"/>
    <property name="os.name" value="Linux"/>
    <property name="test.build.data" value="/workdir/hadoop-ozone/tools/target/test-dir"/>
    <property name="user.country" value="US"/>
    <property name="sun.java.launcher" value="SUN_STANDARD"/>
    <property name="sun.boot.library.path" value="/usr/lib/jvm/java-1.8.0-openjdk-1.8.0.222.b10-1.el7_7.x86_64/jre/lib/amd64"/>
    <property name="sun.java.command" value="/workdir/hadoop-ozone/tools/target/surefire/surefirebooter6504419118709552584.jar /workdir/hadoop-ozone/tools/target/surefire 2019-11-14T21-50-11_598-jvmRun1 surefire5586897658030344875tmp surefire_994380727589149844411tmp"/>
    <property name="surefire.test.class.path" value="/workdir/hadoop-ozone/tools/target/test-classes:/workdir/hadoop-ozone/tools/target/classes:/home/user/.m2/repository/org/apache/hadoop/hadoop-ozone-ozone-manager/0.5.0-SNAPSHOT/hadoop-ozone-ozone-manager-0.5.0-SNAPSHOT.jar:/home/user/.m2/repository/org/apache/hadoop/hadoop-hdds-docs/0.5.0-SNAPSHOT/hadoop-hdds-docs-0.5.0-SNAPSHOT.jar:/home/user/.m2/repository/org/bouncycastle/bcprov-jdk15on/1.60/bcprov-jdk15on-1.60.jar:/home/user/.m2/repository/org/apache/hadoop/hadoop-ozone-common/0.5.0-SNAPSHOT/hadoop-ozone-common-0.5.0-SNAPSHOT.jar:/home/user/.m2/repository/org/apache/commons/commons-compress/1.4.1/commons-compress-1.4.1.jar:/home/user/.m2/repository/org/tukaani/xz/1.0/xz-1.0.jar:/home/user/.m2/repository/org/apache/hadoop/hadoop-hdfs-client/3.2.0/hadoop-hdfs-client-3.2.0.jar:/home/user/.m2/repository/com/fasterxml/jackson/core/jackson-annotations/2.9.9/jackson-annotations-2.9.9.jar:/home/user/.m2/repository/org/apache/hadoop/hadoop-hdds-common/0.5.0-SNAPSHOT/hadoop-hdds-common-0.5.0-SNAPSHOT.jar:/home/user/.m2/repository/org/apache/hadoop/hadoop-hdds-config/0.5.0-SNAPSHOT/hadoop-hdds-config-0.5.0-SNAPSHOT.jar:/home/user/.m2/repository/javax/annotation/javax.annotation-api/1.2/javax.annotation-api-1.2.jar:/home/user/.m2/repository/org/apache/ratis/ratis-server/0.5.0-d6d58d0-SNAPSHOT/ratis-server-0.5.0-d6d58d0-SNAPSHOT.jar:/home/user/.m2/repository/org/apache/ratis/ratis-thirdparty-misc/0.2.0/ratis-thirdparty-misc-0.2.0.jar:/home/user/.m2/repository/org/apache/ratis/ratis-proto/0.5.0-d6d58d0-SNAPSHOT/ratis-proto-0.5.0-d6d58d0-SNAPSHOT.jar:/home/user/.m2/repository/org/apache/ratis/ratis-common/0.5.0-d6d58d0-SNAPSHOT/ratis-common-0.5.0-d6d58d0-SNAPSHOT.jar:/home/user/.m2/repository/org/apache/ratis/ratis-client/0.5.0-d6d58d0-SNAPSHOT/ratis-client-0.5.0-d6d58d0-SNAPSHOT.jar:/home/user/.m2/repository/org/apache/ratis/ratis-metrics/0.5.0-d6d58d0-SNAPSHOT/ratis-metrics-0.5.0-d6d58d0-SNAPSHOT.jar:/home/user/.m2/repository/org/apache/ratis/ratis-netty/0.5.0-d6d58d0-SNAPSHOT/ratis-netty-0.5.0-d6d58d0-SNAPSHOT.jar:/home/user/.m2/repository/org/apache/ratis/ratis-grpc/0.5.0-d6d58d0-SNAPSHOT/ratis-grpc-0.5.0-d6d58d0-SNAPSHOT.jar:/home/user/.m2/repository/org/rocksdb/rocksdbjni/6.0.1/rocksdbjni-6.0.1.jar:/home/user/.m2/repository/org/apache/logging/log4j/log4j-api/2.11.0/log4j-api-2.11.0.jar:/home/user/.m2/repository/org/apache/logging/log4j/log4j-core/2.11.0/log4j-core-2.11.0.jar:/home/user/.m2/repository/com/lmax/disruptor/3.4.2/disruptor-3.4.2.jar:/home/user/.m2/repository/org/apache/commons/commons-pool2/2.6.0/commons-pool2-2.6.0.jar:/home/user/.m2/repository/org/bouncycastle/bcpkix-jdk15on/1.60/bcpkix-jdk15on-1.60.jar:/home/user/.m2/repository/commons-validator/commons-validator/1.6/commons-validator-1.6.jar:/home/user/.m2/repository/commons-digester/commons-digester/1.8.1/commons-digester-1.8.1.jar:/home/user/.m2/repository/io/jaegertracing/jaeger-client/0.34.0/jaeger-client-0.34.0.jar:/home/user/.m2/repository/io/jaegertracing/jaeger-thrift/0.34.0/jaeger-thrift-0.34.0.jar:/home/user/.m2/repository/org/apache/thrift/libthrift/0.12.0/libthrift-0.12.0.jar:/home/user/.m2/repository/com/squareup/okhttp3/okhttp/3.9.0/okhttp-3.9.0.jar:/home/user/.m2/repository/com/squareup/okio/okio/1.13.0/okio-1.13.0.jar:/home/user/.m2/repository/io/jaegertracing/jaeger-core/0.34.0/jaeger-core-0.34.0.jar:/home/user/.m2/repository/io/jaegertracing/jaeger-tracerresolver/0.34.0/jaeger-tracerresolver-0.34.0.jar:/home/user/.m2/repository/io/opentracing/contrib/opentracing-tracerresolver/0.1.5/opentracing-tracerresolver-0.1.5.jar:/home/user/.m2/repository/io/opentracing/opentracing-util/0.31.0/opentracing-util-0.31.0.jar:/home/user/.m2/repository/io/opentracing/opentracing-api/0.31.0/opentracing-api-0.31.0.jar:/home/user/.m2/repository/io/opentracing/opentracing-noop/0.31.0/opentracing-noop-0.31.0.jar:/home/user/.m2/repository/org/yaml/snakeyaml/1.16/snakeyaml-1.16.jar:/home/user/.m2/repository/org/apache/hadoop/hadoop-hdds-container-service/0.5.0-SNAPSHOT/hadoop-hdds-container-service-0.5.0-SNAPSHOT.jar:/home/user/.m2/repository/org/apache/hadoop/hadoop-hdds-client/0.5.0-SNAPSHOT/hadoop-hdds-client-0.5.0-SNAPSHOT.jar:/home/user/.m2/repository/org/apache/hadoop/hadoop-hdds-tools/0.5.0-SNAPSHOT/hadoop-hdds-tools-0.5.0-SNAPSHOT.jar:/home/user/.m2/repository/org/xerial/sqlite-jdbc/3.25.2/sqlite-jdbc-3.25.2.jar:/home/user/.m2/repository/org/apache/hadoop/hadoop-hdds-server-scm/0.5.0-SNAPSHOT/hadoop-hdds-server-scm-0.5.0-SNAPSHOT.jar:/home/user/.m2/repository/org/hamcrest/hamcrest-all/1.3/hamcrest-all-1.3.jar:/home/user/.m2/repository/info/picocli/picocli/3.9.6/picocli-3.9.6.jar:/home/user/.m2/repository/com/google/protobuf/protobuf-java/2.5.0/protobuf-java-2.5.0.jar:/home/user/.m2/repository/com/google/guava/guava/11.0.2/guava-11.0.2.jar:/home/user/.m2/repository/org/apache/hadoop/hadoop-ozone-client/0.5.0-SNAPSHOT/hadoop-ozone-client-0.5.0-SNAPSHOT.jar:/workdir/hadoop-ozone/ozonefs/target/classes:/home/user/.m2/repository/org/apache/httpcomponents/httpclient/4.5.2/httpclient-4.5.2.jar:/home/user/.m2/repository/org/apache/httpcomponents/httpcore/4.4.4/httpcore-4.4.4.jar:/home/user/.m2/repository/org/apache/hadoop/hadoop-hdds-server-framework/0.5.0-SNAPSHOT/hadoop-hdds-server-framework-0.5.0-SNAPSHOT.jar:/home/user/.m2/repository/org/apache/hadoop/hadoop-common/3.2.0/hadoop-common-3.2.0.jar:/home/user/.m2/repository/org/apache/hadoop/hadoop-annotations/3.2.0/hadoop-annotations-3.2.0.jar:/usr/lib/jvm/java-1.8.0-openjdk-1.8.0.222.b10-1.el7_7.x86_64/jre/../lib/tools.jar:/home/user/.m2/repository/commons-cli/commons-cli/1.2/commons-cli-1.2.jar:/home/user/.m2/repository/org/apache/commons/commons-math3/3.1.1/commons-math3-3.1.1.jar:/home/user/.m2/repository/commons-codec/commons-codec/1.11/commons-codec-1.11.jar:/home/user/.m2/repository/commons-io/commons-io/2.5/commons-io-2.5.jar:/home/user/.m2/repository/commons-net/commons-net/3.6/commons-net-3.6.jar:/home/user/.m2/repository/commons-collections/commons-collections/3.2.2/commons-collections-3.2.2.jar:/home/user/.m2/repository/javax/servlet/javax.servlet-api/3.1.0/javax.servlet-api-3.1.0.jar:/home/user/.m2/repository/org/eclipse/jetty/jetty-server/9.3.25.v20180904/jetty-server-9.3.25.v20180904.jar:/home/user/.m2/repository/org/eclipse/jetty/jetty-http/9.3.25.v20180904/jetty-http-9.3.25.v20180904.jar:/home/user/.m2/repository/org/eclipse/jetty/jetty-io/9.3.25.v20180904/jetty-io-9.3.25.v20180904.jar:/home/user/.m2/repository/org/eclipse/jetty/jetty-util/9.3.25.v20180904/jetty-util-9.3.25.v20180904.jar:/home/user/.m2/repository/org/eclipse/jetty/jetty-servlet/9.3.25.v20180904/jetty-servlet-9.3.25.v20180904.jar:/home/user/.m2/repository/org/eclipse/jetty/jetty-security/9.3.25.v20180904/jetty-security-9.3.25.v20180904.jar:/home/user/.m2/repository/org/eclipse/jetty/jetty-webapp/9.3.25.v20180904/jetty-webapp-9.3.25.v20180904.jar:/home/user/.m2/repository/org/eclipse/jetty/jetty-xml/9.3.25.v20180904/jetty-xml-9.3.25.v20180904.jar:/home/user/.m2/repository/javax/servlet/jsp/jsp-api/2.1/jsp-api-2.1.jar:/home/user/.m2/repository/com/sun/jersey/jersey-core/1.19/jersey-core-1.19.jar:/home/user/.m2/repository/javax/ws/rs/jsr311-api/1.1.1/jsr311-api-1.1.1.jar:/home/user/.m2/repository/com/sun/jersey/jersey-servlet/1.19/jersey-servlet-1.19.jar:/home/user/.m2/repository/com/sun/jersey/jersey-json/1.19/jersey-json-1.19.jar:/home/user/.m2/repository/org/codehaus/jettison/jettison/1.1/jettison-1.1.jar:/home/user/.m2/repository/com/sun/xml/bind/jaxb-impl/2.3.0.1/jaxb-impl-2.3.0.1.jar:/home/user/.m2/repository/org/codehaus/jackson/jackson-core-asl/1.9.13/jackson-core-asl-1.9.13.jar:/home/user/.m2/repository/org/codehaus/jackson/jackson-mapper-asl/1.9.13/jackson-mapper-asl-1.9.13.jar:/home/user/.m2/repository/org/codehaus/jackson/jackson-jaxrs/1.9.13/jackson-jaxrs-1.9.13.jar:/home/user/.m2/repository/org/codehaus/jackson/jackson-xc/1.9.13/jackson-xc-1.9.13.jar:/home/user/.m2/repository/com/sun/jersey/jersey-server/1.19/jersey-server-1.19.jar:/home/user/.m2/repository/commons-logging/commons-logging/1.1.3/commons-logging-1.1.3.jar:/home/user/.m2/repository/log4j/log4j/1.2.17/log4j-1.2.17.jar:/home/user/.m2/repository/commons-beanutils/commons-beanutils/1.9.4/commons-beanutils-1.9.4.jar:/home/user/.m2/repository/org/apache/commons/commons-configuration2/2.1.1/commons-configuration2-2.1.1.jar:/home/user/.m2/repository/org/apache/commons/commons-lang3/3.7/commons-lang3-3.7.jar:/home/user/.m2/repository/org/apache/commons/commons-text/1.4/commons-text-1.4.jar:/home/user/.m2/repository/org/slf4j/slf4j-api/1.7.25/slf4j-api-1.7.25.jar:/home/user/.m2/repository/org/slf4j/slf4j-log4j12/1.7.25/slf4j-log4j12-1.7.25.jar:/home/user/.m2/repository/org/apache/avro/avro/1.7.7/avro-1.7.7.jar:/home/user/.m2/repository/com/thoughtworks/paranamer/paranamer/2.3/paranamer-2.3.jar:/home/user/.m2/repository/org/xerial/snappy/snappy-java/1.0.5/snappy-java-1.0.5.jar:/home/user/.m2/repository/com/google/re2j/re2j/1.1/re2j-1.1.jar:/home/user/.m2/repository/com/google/code/gson/gson/2.2.4/gson-2.2.4.jar:/home/user/.m2/repository/org/apache/hadoop/hadoop-auth/3.2.0/hadoop-auth-3.2.0.jar:/home/user/.m2/repository/com/nimbusds/nimbus-jose-jwt/4.41.1/nimbus-jose-jwt-4.41.1.jar:/home/user/.m2/repository/com/github/stephenc/jcip/jcip-annotations/1.0-1/jcip-annotations-1.0-1.jar:/home/user/.m2/repository/net/minidev/json-smart/2.3/json-smart-2.3.jar:/home/user/.m2/repository/net/minidev/accessors-smart/1.2/accessors-smart-1.2.jar:/home/user/.m2/repository/org/apache/curator/curator-framework/2.12.0/curator-framework-2.12.0.jar:/home/user/.m2/repository/com/jcraft/jsch/0.1.54/jsch-0.1.54.jar:/home/user/.m2/repository/org/apache/curator/curator-client/2.12.0/curator-client-2.12.0.jar:/home/user/.m2/repository/org/apache/curator/curator-recipes/2.12.0/curator-recipes-2.12.0.jar:/home/user/.m2/repository/com/google/code/findbugs/jsr305/3.0.0/jsr305-3.0.0.jar:/home/user/.m2/repository/org/apache/htrace/htrace-core4/4.1.0-incubating/htrace-core4-4.1.0-incubating.jar:/home/user/.m2/repository/org/apache/zookeeper/zookeeper/3.4.13/zookeeper-3.4.13.jar:/home/user/.m2/repository/jline/jline/0.9.94/jline-0.9.94.jar:/home/user/.m2/repository/org/apache/yetus/audience-annotations/0.5.0/audience-annotations-0.5.0.jar:/home/user/.m2/repository/org/apache/kerby/kerb-simplekdc/1.0.1/kerb-simplekdc-1.0.1.jar:/home/user/.m2/repository/org/apache/kerby/kerb-client/1.0.1/kerb-client-1.0.1.jar:/home/user/.m2/repository/org/apache/kerby/kerby-config/1.0.1/kerby-config-1.0.1.jar:/home/user/.m2/repository/org/apache/kerby/kerb-core/1.0.1/kerb-core-1.0.1.jar:/home/user/.m2/repository/org/apache/kerby/kerby-pkix/1.0.1/kerby-pkix-1.0.1.jar:/home/user/.m2/repository/org/apache/kerby/kerby-asn1/1.0.1/kerby-asn1-1.0.1.jar:/home/user/.m2/repository/org/apache/kerby/kerby-util/1.0.1/kerby-util-1.0.1.jar:/home/user/.m2/repository/org/apache/kerby/kerb-common/1.0.1/kerb-common-1.0.1.jar:/home/user/.m2/repository/org/apache/kerby/kerb-crypto/1.0.1/kerb-crypto-1.0.1.jar:/home/user/.m2/repository/org/apache/kerby/kerb-util/1.0.1/kerb-util-1.0.1.jar:/home/user/.m2/repository/org/apache/kerby/token-provider/1.0.1/token-provider-1.0.1.jar:/home/user/.m2/repository/org/apache/kerby/kerb-admin/1.0.1/kerb-admin-1.0.1.jar:/home/user/.m2/repository/org/apache/kerby/kerb-server/1.0.1/kerb-server-1.0.1.jar:/home/user/.m2/repository/org/apache/kerby/kerb-identity/1.0.1/kerb-identity-1.0.1.jar:/home/user/.m2/repository/org/apache/kerby/kerby-xdr/1.0.1/kerby-xdr-1.0.1.jar:/home/user/.m2/repository/com/fasterxml/jackson/core/jackson-databind/2.9.9/jackson-databind-2.9.9.jar:/home/user/.m2/repository/com/fasterxml/jackson/core/jackson-core/2.9.9/jackson-core-2.9.9.jar:/home/user/.m2/repository/org/codehaus/woodstox/stax2-api/3.1.4/stax2-api-3.1.4.jar:/home/user/.m2/repository/com/fasterxml/woodstox/woodstox-core/5.0.3/woodstox-core-5.0.3.jar:/home/user/.m2/repository/dnsjava/dnsjava/2.1.7/dnsjava-2.1.7.jar:/home/user/.m2/repository/org/apache/hadoop/hadoop-hdfs/3.2.0/hadoop-hdfs-3.2.0.jar:/home/user/.m2/repository/org/eclipse/jetty/jetty-util-ajax/9.3.25.v20180904/jetty-util-ajax-9.3.25.v20180904.jar:/home/user/.m2/repository/commons-daemon/commons-daemon/1.0.13/commons-daemon-1.0.13.jar:/home/user/.m2/repository/io/netty/netty/3.10.5.Final/netty-3.10.5.Final.jar:/home/user/.m2/repository/io/netty/netty-all/4.0.52.Final/netty-all-4.0.52.Final.jar:/home/user/.m2/repository/org/fusesource/leveldbjni/leveldbjni-all/1.8/leveldbjni-all-1.8.jar:/home/user/.m2/repository/com/sun/xml/bind/jaxb-core/2.3.0.1/jaxb-core-2.3.0.1.jar:/home/user/.m2/repository/javax/xml/bind/jaxb-api/2.3.0/jaxb-api-2.3.0.jar:/home/user/.m2/repository/javax/activation/activation/1.1.1/activation-1.1.1.jar:/home/user/.m2/repository/org/openjdk/jmh/jmh-core/1.19/jmh-core-1.19.jar:/home/user/.m2/repository/net/sf/jopt-simple/jopt-simple/4.6/jopt-simple-4.6.jar:/home/user/.m2/repository/org/openjdk/jmh/jmh-generator-annprocess/1.19/jmh-generator-annprocess-1.19.jar:/home/user/.m2/repository/io/dropwizard/metrics/metrics-core/3.2.4/metrics-core-3.2.4.jar:/home/user/.m2/repository/com/amazonaws/aws-java-sdk-s3/1.11.615/aws-java-sdk-s3-1.11.615.jar:/home/user/.m2/repository/com/amazonaws/aws-java-sdk-kms/1.11.615/aws-java-sdk-kms-1.11.615.jar:/home/user/.m2/repository/com/amazonaws/aws-java-sdk-core/1.11.615/aws-java-sdk-core-1.11.615.jar:/home/user/.m2/repository/software/amazon/ion/ion-java/1.0.2/ion-java-1.0.2.jar:/home/user/.m2/repository/com/fasterxml/jackson/dataformat/jackson-dataformat-cbor/2.9.9/jackson-dataformat-cbor-2.9.9.jar:/home/user/.m2/repository/joda-time/joda-time/2.9.9/joda-time-2.9.9.jar:/home/user/.m2/repository/com/amazonaws/jmespath-java/1.11.615/jmespath-java-1.11.615.jar:/home/user/.m2/repository/com/github/spotbugs/spotbugs/3.1.12/spotbugs-3.1.12.jar:/home/user/.m2/repository/org/ow2/asm/asm/5.0.4/asm-5.0.4.jar:/home/user/.m2/repository/org/ow2/asm/asm-analysis/7.0/asm-analysis-7.0.jar:/home/user/.m2/repository/org/ow2/asm/asm-commons/7.0/asm-commons-7.0.jar:/home/user/.m2/repository/org/ow2/asm/asm-tree/7.0/asm-tree-7.0.jar:/home/user/.m2/repository/org/ow2/asm/asm-util/7.0/asm-util-7.0.jar:/home/user/.m2/repository/org/apache/bcel/bcel/6.3/bcel-6.3.jar:/home/user/.m2/repository/net/jcip/jcip-annotations/1.0/jcip-annotations-1.0.jar:/home/user/.m2/repository/org/dom4j/dom4j/2.1.1/dom4j-2.1.1.jar:/home/user/.m2/repository/jaxen/jaxen/1.1.6/jaxen-1.1.6.jar:/home/user/.m2/repository/commons-lang/commons-lang/2.6/commons-lang-2.6.jar:/home/user/.m2/repository/com/github/spotbugs/spotbugs-annotations/3.1.12/spotbugs-annotations-3.1.12.jar:/home/user/.m2/repository/junit/junit/4.11/junit-4.11.jar:/home/user/.m2/repository/org/hamcrest/hamcrest-core/1.3/hamcrest-core-1.3.jar:/home/user/.m2/repository/org/apache/hadoop/hadoop-common/3.2.0/hadoop-common-3.2.0-tests.jar:/workdir/hadoop-ozone/integration-test/target/test-classes:/home/user/.m2/repository/org/apache/hadoop/hadoop-ozone-s3gateway/0.5.0-SNAPSHOT/hadoop-ozone-s3gateway-0.5.0-SNAPSHOT.jar:/home/user/.m2/repository/org/jboss/weld/servlet/weld-servlet/2.4.7.Final/weld-servlet-2.4.7.Final.jar:/home/user/.m2/repository/org/glassfish/jersey/containers/jersey-container-servlet-core/2.27/jersey-container-servlet-core-2.27.jar:/home/user/.m2/repository/org/glassfish/hk2/external/javax.inject/2.5.0-b42/javax.inject-2.5.0-b42.jar:/home/user/.m2/repository/org/glassfish/jersey/core/jersey-common/2.27/jersey-common-2.27.jar:/home/user/.m2/repository/org/glassfish/hk2/osgi-resource-locator/1.0.1/osgi-resource-locator-1.0.1.jar:/home/user/.m2/repository/javax/ws/rs/javax.ws.rs-api/2.1/javax.ws.rs-api-2.1.jar:/home/user/.m2/repository/org/glassfish/jersey/ext/cdi/jersey-cdi1x/2.27/jersey-cdi1x-2.27.jar:/home/user/.m2/repository/org/glassfish/jersey/inject/jersey-hk2/2.27/jersey-hk2-2.27.jar:/home/user/.m2/repository/org/glassfish/hk2/hk2-locator/2.5.0-b42/hk2-locator-2.5.0-b42.jar:/home/user/.m2/repository/org/javassist/javassist/3.22.0-CR2/javassist-3.22.0-CR2.jar:/home/user/.m2/repository/org/glassfish/hk2/hk2-api/2.5.0/hk2-api-2.5.0.jar:/home/user/.m2/repository/org/glassfish/hk2/external/jakarta.inject/2.5.0/jakarta.inject-2.5.0.jar:/home/user/.m2/repository/org/glassfish/hk2/hk2-utils/2.5.0/hk2-utils-2.5.0.jar:/home/user/.m2/repository/jakarta/annotation/jakarta.annotation-api/1.3.4/jakarta.annotation-api-1.3.4.jar:/home/user/.m2/repository/org/glassfish/hk2/external/aopalliance-repackaged/2.5.0/aopalliance-repackaged-2.5.0.jar:/home/user/.m2/repository/com/fasterxml/jackson/dataformat/jackson-dataformat-xml/2.9.0/jackson-dataformat-xml-2.9.0.jar:/home/user/.m2/repository/com/fasterxml/jackson/module/jackson-module-jaxb-annotations/2.9.9/jackson-module-jaxb-annotations-2.9.9.jar:/home/user/.m2/repository/javax/enterprise/cdi-api/1.2/cdi-api-1.2.jar:/home/user/.m2/repository/javax/el/javax.el-api/3.0.0/javax.el-api-3.0.0.jar:/home/user/.m2/repository/javax/interceptor/javax.interceptor-api/1.2/javax.interceptor-api-1.2.jar:/home/user/.m2/repository/javax/inject/javax.inject/1/javax.inject-1.jar:/home/user/.m2/repository/org/apache/hadoop/hadoop-ozone-csi/0.5.0-SNAPSHOT/hadoop-ozone-csi-0.5.0-SNAPSHOT.jar:/home/user/.m2/repository/com/google/protobuf/protobuf-java-util/3.5.1/protobuf-java-util-3.5.1.jar:/home/user/.m2/repository/io/grpc/grpc-netty/1.17.1/grpc-netty-1.17.1.jar:/home/user/.m2/repository/io/grpc/grpc-core/1.17.1/grpc-core-1.17.1.jar:/home/user/.m2/repository/io/grpc/grpc-context/1.17.1/grpc-context-1.17.1.jar:/home/user/.m2/repository/com/google/errorprone/error_prone_annotations/2.2.0/error_prone_annotations-2.2.0.jar:/home/user/.m2/repository/org/codehaus/mojo/animal-sniffer-annotations/1.17/animal-sniffer-annotations-1.17.jar:/home/user/.m2/repository/io/opencensus/opencensus-api/0.17.0/opencensus-api-0.17.0.jar:/home/user/.m2/repository/io/opencensus/opencensus-contrib-grpc-metrics/0.17.0/opencensus-contrib-grpc-metrics-0.17.0.jar:/home/user/.m2/repository/io/netty/netty-codec-http2/4.1.30.Final/netty-codec-http2-4.1.30.Final.jar:/home/user/.m2/repository/io/netty/netty-codec-http/4.1.30.Final/netty-codec-http-4.1.30.Final.jar:/home/user/.m2/repository/io/netty/netty-codec/4.1.30.Final/netty-codec-4.1.30.Final.jar:/home/user/.m2/repository/io/netty/netty-handler/4.1.30.Final/netty-handler-4.1.30.Final.jar:/home/user/.m2/repository/io/netty/netty-handler-proxy/4.1.30.Final/netty-handler-proxy-4.1.30.Final.jar:/home/user/.m2/repository/io/netty/netty-codec-socks/4.1.30.Final/netty-codec-socks-4.1.30.Final.jar:/home/user/.m2/repository/io/netty/netty-transport-native-epoll/4.1.30.Final/netty-transport-native-epoll-4.1.30.Final.jar:/home/user/.m2/repository/io/netty/netty-common/4.1.30.Final/netty-common-4.1.30.Final.jar:/home/user/.m2/repository/io/netty/netty-buffer/4.1.30.Final/netty-buffer-4.1.30.Final.jar:/home/user/.m2/repository/io/netty/netty-transport/4.1.30.Final/netty-transport-4.1.30.Final.jar:/home/user/.m2/repository/io/netty/netty-resolver/4.1.30.Final/netty-resolver-4.1.30.Final.jar:/home/user/.m2/repository/io/netty/netty-transport-native-unix-common/4.1.30.Final/netty-transport-native-unix-common-4.1.30.Final.jar:/home/user/.m2/repository/io/grpc/grpc-protobuf/1.17.1/grpc-protobuf-1.17.1.jar:/home/user/.m2/repository/com/google/api/grpc/proto-google-common-protos/1.0.0/proto-google-common-protos-1.0.0.jar:/home/user/.m2/repository/io/grpc/grpc-protobuf-lite/1.17.1/grpc-protobuf-lite-1.17.1.jar:/home/user/.m2/repository/io/grpc/grpc-stub/1.17.1/grpc-stub-1.17.1.jar:/home/user/.m2/repository/org/apache/hadoop/hadoop-ozone-recon/0.5.0-SNAPSHOT/hadoop-ozone-recon-0.5.0-SNAPSHOT.jar:/home/user/.m2/repository/org/apache/hadoop/hadoop-ozone-reconcodegen/0.5.0-SNAPSHOT/hadoop-ozone-reconcodegen-0.5.0-SNAPSHOT.jar:/home/user/.m2/repository/com/google/inject/extensions/guice-multibindings/4.0/guice-multibindings-4.0.jar:/home/user/.m2/repository/com/google/inject/guice/4.0/guice-4.0.jar:/home/user/.m2/repository/aopalliance/aopalliance/1.0/aopalliance-1.0.jar:/home/user/.m2/repository/com/google/inject/extensions/guice-servlet/4.0/guice-servlet-4.0.jar:/home/user/.m2/repository/org/glassfish/jersey/containers/jersey-container-servlet/2.27/jersey-container-servlet-2.27.jar:/home/user/.m2/repository/org/glassfish/hk2/guice-bridge/2.5.0/guice-bridge-2.5.0.jar:/home/user/.m2/repository/org/glassfish/jersey/core/jersey-server/2.27/jersey-server-2.27.jar:/home/user/.m2/repository/org/glassfish/jersey/core/jersey-client/2.27/jersey-client-2.27.jar:/home/user/.m2/repository/org/glassfish/jersey/media/jersey-media-jaxb/2.27/jersey-media-jaxb-2.27.jar:/home/user/.m2/repository/javax/validation/validation-api/1.1.0.Final/validation-api-1.1.0.Final.jar:/home/user/.m2/repository/org/glassfish/jersey/media/jersey-media-json-jackson/2.27/jersey-media-json-jackson-2.27.jar:/home/user/.m2/repository/org/glassfish/jersey/ext/jersey-entity-filtering/2.27/jersey-entity-filtering-2.27.jar:/home/user/.m2/repository/com/google/inject/extensions/guice-assistedinject/4.0/guice-assistedinject-4.0.jar:/home/user/.m2/repository/org/jooq/jooq/3.11.10/jooq-3.11.10.jar:/home/user/.m2/repository/org/jooq/jooq-meta/3.11.10/jooq-meta-3.11.10.jar:/home/user/.m2/repository/org/jooq/jooq-codegen/3.11.10/jooq-codegen-3.11.10.jar:/home/user/.m2/repository/com/jolbox/bonecp/0.8.0.RELEASE/bonecp-0.8.0.RELEASE.jar:/home/user/.m2/repository/org/springframework/spring-jdbc/5.1.3.RELEASE/spring-jdbc-5.1.3.RELEASE.jar:/home/user/.m2/repository/org/springframework/spring-beans/5.1.3.RELEASE/spring-beans-5.1.3.RELEASE.jar:/home/user/.m2/repository/org/springframework/spring-core/5.1.3.RELEASE/spring-core-5.1.3.RELEASE.jar:/home/user/.m2/repository/org/springframework/spring-jcl/5.1.3.RELEASE/spring-jcl-5.1.3.RELEASE.jar:/home/user/.m2/repository/org/springframework/spring-tx/5.1.3.RELEASE/spring-tx-5.1.3.RELEASE.jar:/home/user/.m2/repository/org/mockito/mockito-core/2.15.0/mockito-core-2.15.0.jar:/home/user/.m2/repository/net/bytebuddy/byte-buddy/1.7.9/byte-buddy-1.7.9.jar:/home/user/.m2/repository/net/bytebuddy/byte-buddy-agent/1.7.9/byte-buddy-agent-1.7.9.jar:/home/user/.m2/repository/org/objenesis/objenesis/1.0/objenesis-1.0.jar:"/>
    <property name="sun.cpu.endian" value="little"/>
    <property name="user.home" value="/home/user"/>
    <property name="user.language" value="en"/>
    <property name="java.specification.vendor" value="Oracle Corporation"/>
    <property name="java.home" value="/usr/lib/jvm/java-1.8.0-openjdk-1.8.0.222.b10-1.el7_7.x86_64/jre"/>
    <property name="surefire.excludesFile" value="/tools/ozone-bad-unit-tests"/>
    <property name="java.security.krb5.conf" value="/workdir/hadoop-ozone/tools/target/test-classes/krb5.conf"/>
    <property name="basedir" value="/workdir/hadoop-ozone/tools"/>
    <property name="file.separator" value="/"/>
    <property name="line.separator" value="&#10;"/>
    <property name="java.vm.specification.vendor" value="Oracle Corporation"/>
    <property name="java.specification.name" value="Java Platform API Specification"/>
    <property name="java.awt.graphicsenv" value="sun.awt.X11GraphicsEnvironment"/>
    <property name="surefire.real.class.path" value="/workdir/hadoop-ozone/tools/target/surefire/surefirebooter6504419118709552584.jar"/>
    <property name="hadoop.log.dir" value="/workdir/hadoop-ozone/tools/target/log"/>
    <property name="sun.boot.class.path" value="/usr/lib/jvm/java-1.8.0-openjdk-1.8.0.222.b10-1.el7_7.x86_64/jre/lib/resources.jar:/usr/lib/jvm/java-1.8.0-openjdk-1.8.0.222.b10-1.el7_7.x86_64/jre/lib/rt.jar:/usr/lib/jvm/java-1.8.0-openjdk-1.8.0.222.b10-1.el7_7.x86_64/jre/lib/sunrsasign.jar:/usr/lib/jvm/java-1.8.0-openjdk-1.8.0.222.b10-1.el7_7.x86_64/jre/lib/jsse.jar:/usr/lib/jvm/java-1.8.0-openjdk-1.8.0.222.b10-1.el7_7.x86_64/jre/lib/jce.jar:/usr/lib/jvm/java-1.8.0-openjdk-1.8.0.222.b10-1.el7_7.x86_64/jre/lib/charsets.jar:/usr/lib/jvm/java-1.8.0-openjdk-1.8.0.222.b10-1.el7_7.x86_64/jre/lib/jfr.jar:/usr/lib/jvm/java-1.8.0-openjdk-1.8.0.222.b10-1.el7_7.x86_64/jre/classes"/>
    <property name="sun.management.compiler" value="HotSpot 64-Bit Tiered Compilers"/>
    <property name="java.runtime.version" value="1.8.0_222-b10"/>
    <property name="java.net.preferIPv4Stack" value="true"/>
    <property name="user.name" value="jenkins1000"/>
    <property name="path.separator" value=":"/>
    <property name="java.security.egd" value="file:///dev/urandom"/>
    <property name="os.version" value="3.10.0-957.12.2.el7.x86_64"/>
    <property name="java.endorsed.dirs" value="/usr/lib/jvm/java-1.8.0-openjdk-1.8.0.222.b10-1.el7_7.x86_64/jre/lib/endorsed"/>
    <property name="java.runtime.name" value="OpenJDK Runtime Environment"/>
    <property name="file.encoding" value="ANSI_X3.4-1968"/>
    <property name="java.vm.name" value="OpenJDK 64-Bit Server VM"/>
    <property name="test.build.webapps" value=""/>
    <property name="localRepository" value="/home/user/.m2/repository"/>
    <property name="java.vendor.url.bug" value="http://bugreport.sun.com/bugreport/"/>
    <property name="java.io.tmpdir" value="/tmp"/>
    <property name="require.test.libhadoop" value=""/>
    <property name="java.version" value="1.8.0_222"/>
    <property name="user.dir" value="/workdir/hadoop-ozone/tools"/>
    <property name="os.arch" value="amd64"/>
    <property name="java.vm.specification.name" value="Java Virtual Machine Specification"/>
    <property name="test.build.classes" value="/workdir/hadoop-ozone/tools/target/test-classes"/>
    <property name="java.awt.printerjob" value="sun.print.PSPrinterJob"/>
    <property name="sun.os.patch.level" value="unknown"/>
    <property name="hadoop.tmp.dir" value="/workdir/hadoop-ozone/tools/target/tmp"/>
    <property name="java.library.path" value="/usr/lib:/workdir/hadoop-ozone/tools/target/native/target/usr/local/lib:/workdir/hadoop-ozone/tools/../../hadoop-common-project/hadoop-common/target/native/target/usr/local/lib:/usr/java/packages/lib/amd64:/usr/lib64:/lib64:/lib:/usr/lib"/>
    <property name="java.vm.info" value="mixed mode"/>
    <property name="java.vendor" value="Oracle Corporation"/>
    <property name="java.vm.version" value="25.222-b10"/>
    <property name="java.ext.dirs" value="/usr/lib/jvm/java-1.8.0-openjdk-1.8.0.222.b10-1.el7_7.x86_64/jre/lib/ext:/usr/java/packages/lib/ext"/>
    <property name="sun.io.unicode.encoding" value="UnicodeLittle"/>
    <property name="java.class.version" value="52.0"/>
  </properties>
  <testcase name="testRestart" classname="org.apache.hadoop.ozone.freon.TestFreonWithPipelineDestroy" time="16.414">
    <error message="INTERNAL_ERROR org.apache.hadoop.ozone.om.exceptions.OMException: Allocated 0 blocks. Requested 5 blocks" type="java.lang.RuntimeException">java.lang.RuntimeException: INTERNAL_ERROR org.apache.hadoop.ozone.om.exceptions.OMException: Allocated 0 blocks. Requested 5 blocks
	at org.apache.hadoop.ozone.freon.RandomKeyGenerator.call(RandomKeyGenerator.java:341)
	at org.apache.hadoop.ozone.freon.TestFreonWithPipelineDestroy.startFreon(TestFreonWithPipelineDestroy.java:87)
	at org.apache.hadoop.ozone.freon.TestFreonWithPipelineDestroy.testRestart(TestFreonWithPipelineDestroy.java:74)
	at sun.reflect.NativeMethodAccessorImpl.invoke0(Native Method)
	at sun.reflect.NativeMethodAccessorImpl.invoke(NativeMethodAccessorImpl.java:62)
	at sun.reflect.DelegatingMethodAccessorImpl.invoke(DelegatingMethodAccessorImpl.java:43)
	at java.lang.reflect.Method.invoke(Method.java:498)
	at org.junit.runners.model.FrameworkMethod$1.runReflectiveCall(FrameworkMethod.java:47)
	at org.junit.internal.runners.model.ReflectiveCallable.run(ReflectiveCallable.java:12)
	at org.junit.runners.model.FrameworkMethod.invokeExplosively(FrameworkMethod.java:44)
	at org.junit.internal.runners.statements.InvokeMethod.evaluate(InvokeMethod.java:17)
	at org.junit.runners.ParentRunner.runLeaf(ParentRunner.java:271)
	at org.junit.runners.BlockJUnit4ClassRunner.runChild(BlockJUnit4ClassRunner.java:70)
	at org.junit.runners.BlockJUnit4ClassRunner.runChild(BlockJUnit4ClassRunner.java:50)
	at org.junit.runners.ParentRunner$3.run(ParentRunner.java:238)
	at org.junit.runners.ParentRunner$1.schedule(ParentRunner.java:63)
	at org.junit.runners.ParentRunner.runChildren(ParentRunner.java:236)
	at org.junit.runners.ParentRunner.access$000(ParentRunner.java:53)
	at org.junit.runners.ParentRunner$2.evaluate(ParentRunner.java:229)
	at org.junit.internal.runners.statements.RunBefores.evaluate(RunBefores.java:26)
	at org.junit.internal.runners.statements.RunAfters.evaluate(RunAfters.java:27)
	at org.junit.runners.ParentRunner.run(ParentRunner.java:309)
	at org.apache.maven.surefire.junit4.JUnit4Provider.execute(JUnit4Provider.java:365)
	at org.apache.maven.surefire.junit4.JUnit4Provider.executeWithRerun(JUnit4Provider.java:273)
	at org.apache.maven.surefire.junit4.JUnit4Provider.executeTestSet(JUnit4Provider.java:238)
	at org.apache.maven.surefire.junit4.JUnit4Provider.invoke(JUnit4Provider.java:159)
	at org.apache.maven.surefire.booter.ForkedBooter.invokeProviderInSameClassLoader(ForkedBooter.java:384)
	at org.apache.maven.surefire.booter.ForkedBooter.runSuitesInProcess(ForkedBooter.java:345)
	at org.apache.maven.surefire.booter.ForkedBooter.execute(ForkedBooter.java:126)
	at org.apache.maven.surefire.booter.ForkedBooter.main(ForkedBooter.java:418)
Caused by: INTERNAL_ERROR org.apache.hadoop.ozone.om.exceptions.OMException: Allocated 0 blocks. Requested 5 blocks
	at org.apache.hadoop.ozone.om.protocolPB.OzoneManagerProtocolClientSideTranslatorPB.handleError(OzoneManagerProtocolClientSideTranslatorPB.java:761)
	at org.apache.hadoop.ozone.om.protocolPB.OzoneManagerProtocolClientSideTranslatorPB.openKey(OzoneManagerProtocolClientSideTranslatorPB.java:752)
	at sun.reflect.NativeMethodAccessorImpl.invoke0(Native Method)
	at sun.reflect.NativeMethodAccessorImpl.invoke(NativeMethodAccessorImpl.java:62)
	at sun.reflect.DelegatingMethodAccessorImpl.invoke(DelegatingMethodAccessorImpl.java:43)
	at java.lang.reflect.Method.invoke(Method.java:498)
	at org.apache.hadoop.hdds.tracing.TraceAllMethod.invoke(TraceAllMethod.java:66)
	at com.sun.proxy.$Proxy37.openKey(Unknown Source)
	at org.apache.hadoop.ozone.client.rpc.RpcClient.createKey(RpcClient.java:633)
	at org.apache.hadoop.ozone.client.OzoneBucket.createKey(OzoneBucket.java:325)
	at org.apache.hadoop.ozone.freon.RandomKeyGenerator.createKey(RandomKeyGenerator.java:697)
	at org.apache.hadoop.ozone.freon.RandomKeyGenerator.access$1100(RandomKeyGenerator.java:88)
	at org.apache.hadoop.ozone.freon.RandomKeyGenerator$ObjectCreator.run(RandomKeyGenerator.java:615)
	at java.util.concurrent.Executors$RunnableAdapter.call(Executors.java:511)
	at java.util.concurrent.FutureTask.run(FutureTask.java:266)
	at java.util.concurrent.ThreadPoolExecutor.runWorker(ThreadPoolExecutor.java:1149)
	at java.util.concurrent.ThreadPoolExecutor$Worker.run(ThreadPoolExecutor.java:624)
	at java.lang.Thread.run(Thread.java:748)
</error>
    <system-out><![CDATA[2019-11-14 23:37:14,486 [main] WARN  server.ServerUtils (ServerUtils.java:getScmDbDir(145)) - ozone.scm.db.dirs is not configured. We recommend adding this setting. Falling back to ozone.metadata.dirs instead.
2019-11-14 23:37:14,578 [main] WARN  server.ServerUtils (ServerUtils.java:getScmDbDir(145)) - ozone.scm.db.dirs is not configured. We recommend adding this setting. Falling back to ozone.metadata.dirs instead.
2019-11-14 23:37:14,581 [main] WARN  server.ServerUtils (ServerUtils.java:getScmDbDir(145)) - ozone.scm.db.dirs is not configured. We recommend adding this setting. Falling back to ozone.metadata.dirs instead.
2019-11-14 23:37:14,604 [main] INFO  util.log (Log.java:initialized(192)) - Logging initialized @816ms
2019-11-14 23:37:14,688 [main] INFO  db.DBStoreBuilder (DBStoreBuilder.java:addTable(127)) - using custom profile for table: deletedBlocks
2019-11-14 23:37:14,688 [main] INFO  db.DBStoreBuilder (DBStoreBuilder.java:processTables(183)) - Using default column profile:DBProfile.DISK for Table:deletedBlocks
2019-11-14 23:37:14,689 [main] INFO  db.DBStoreBuilder (DBStoreBuilder.java:addTable(127)) - using custom profile for table: validCerts
2019-11-14 23:37:14,689 [main] INFO  db.DBStoreBuilder (DBStoreBuilder.java:processTables(183)) - Using default column profile:DBProfile.DISK for Table:validCerts
2019-11-14 23:37:14,689 [main] INFO  db.DBStoreBuilder (DBStoreBuilder.java:addTable(127)) - using custom profile for table: revokedCerts
2019-11-14 23:37:14,689 [main] INFO  db.DBStoreBuilder (DBStoreBuilder.java:processTables(183)) - Using default column profile:DBProfile.DISK for Table:revokedCerts
2019-11-14 23:37:14,699 [main] INFO  db.DBStoreBuilder (DBStoreBuilder.java:addTable(127)) - using custom profile for table: default
2019-11-14 23:37:14,699 [main] INFO  db.DBStoreBuilder (DBStoreBuilder.java:processTables(189)) - Using default column profile:DBProfile.DISK for Table:default
2019-11-14 23:37:14,700 [main] INFO  db.DBStoreBuilder (DBStoreBuilder.java:getDbProfile(220)) - Using default options. DBProfile.DISK
2019-11-14 23:37:14,904 [main] INFO  net.NodeSchemaLoader (NodeSchemaLoader.java:loadSchemaFromFile(125)) - Loading file from sun.misc.CompoundEnumeration@5e0e82ae
2019-11-14 23:37:14,906 [main] INFO  net.NodeSchemaLoader (NodeSchemaLoader.java:loadSchema(171)) - Loading network topology layer schema file
2019-11-14 23:37:14,954 [main] INFO  node.SCMNodeManager (SCMNodeManager.java:<init>(116)) - Entering startup safe mode.
2019-11-14 23:37:15,041 [main] INFO  algorithms.ContainerPlacementPolicyFactory (ContainerPlacementPolicyFactory.java:getPolicy(57)) - Create container placement policy of type org.apache.hadoop.hdds.scm.container.placement.algorithms.SCMContainerPlacementRandom
2019-11-14 23:37:15,054 [main] WARN  server.ServerUtils (ServerUtils.java:getScmDbDir(145)) - ozone.scm.db.dirs is not configured. We recommend adding this setting. Falling back to ozone.metadata.dirs instead.
2019-11-14 23:37:15,114 [main] INFO  pipeline.SCMPipelineManager (SCMPipelineManager.java:initializePipelineState(132)) - No pipeline exists in current db
2019-11-14 23:37:15,116 [main] WARN  server.ServerUtils (ServerUtils.java:getScmDbDir(145)) - ozone.scm.db.dirs is not configured. We recommend adding this setting. Falling back to ozone.metadata.dirs instead.
2019-11-14 23:37:15,207 [main] WARN  events.EventQueue (EventQueue.java:fireEvent(183)) - No event handler registered for event TypedEvent{payloadType=SafeModeStatus, name='SafeModeStatus'}
2019-11-14 23:37:15,579 [main] INFO  ipc.CallQueueManager (CallQueueManager.java:<init>(84)) - Using callQueue: class java.util.concurrent.LinkedBlockingQueue, queueCapacity: 2000, scheduler: class org.apache.hadoop.ipc.DefaultRpcScheduler, ipcBackoff: false.
2019-11-14 23:37:15,604 [Socket Reader #1 for port 37437] INFO  ipc.Server (Server.java:run(1074)) - Starting Socket Reader #1 for port 37437
2019-11-14 23:37:15,725 [main] INFO  ipc.CallQueueManager (CallQueueManager.java:<init>(84)) - Using callQueue: class java.util.concurrent.LinkedBlockingQueue, queueCapacity: 2000, scheduler: class org.apache.hadoop.ipc.DefaultRpcScheduler, ipcBackoff: false.
2019-11-14 23:37:15,726 [Socket Reader #1 for port 45004] INFO  ipc.Server (Server.java:run(1074)) - Starting Socket Reader #1 for port 45004
2019-11-14 23:37:15,733 [main] INFO  ipc.CallQueueManager (CallQueueManager.java:<init>(84)) - Using callQueue: class java.util.concurrent.LinkedBlockingQueue, queueCapacity: 2000, scheduler: class org.apache.hadoop.ipc.DefaultRpcScheduler, ipcBackoff: false.
2019-11-14 23:37:15,734 [Socket Reader #1 for port 41793] INFO  ipc.Server (Server.java:run(1074)) - Starting Socket Reader #1 for port 41793
2019-11-14 23:37:15,756 [main] INFO  hdfs.DFSUtil (DFSUtil.java:httpServerTemplateForNNAndJN(1641)) - Starting Web-server for scm at: http://0.0.0.0:0
2019-11-14 23:37:15,909 [main] INFO  server.AuthenticationFilter (AuthenticationFilter.java:constructSecretProvider(240)) - Unable to initialize FileSignerSecretProvider, falling back to use random secrets.
2019-11-14 23:37:15,927 [main] WARN  http.HttpRequestLog (HttpRequestLog.java:getRequestLog(97)) - Jetty request log can only be enabled using Log4j
2019-11-14 23:37:15,938 [main] INFO  http.HttpServer2 (HttpServer2.java:addGlobalFilter(975)) - Added global filter 'safety' (class=org.apache.hadoop.http.HttpServer2$QuotingInputFilter)
2019-11-14 23:37:15,941 [main] INFO  http.HttpServer2 (HttpServer2.java:addFilter(948)) - Added filter static_user_filter (class=org.apache.hadoop.http.lib.StaticUserWebFilter$StaticUserFilter) to context scm
2019-11-14 23:37:15,941 [main] INFO  http.HttpServer2 (HttpServer2.java:addFilter(958)) - Added filter static_user_filter (class=org.apache.hadoop.http.lib.StaticUserWebFilter$StaticUserFilter) to context static
2019-11-14 23:37:15,941 [main] INFO  http.HttpServer2 (HttpServer2.java:addFilter(958)) - Added filter static_user_filter (class=org.apache.hadoop.http.lib.StaticUserWebFilter$StaticUserFilter) to context logs
2019-11-14 23:37:15,969 [main] INFO  server.StorageContainerManager (StorageContainerManager.java:start(766)) - StorageContainerLocationProtocol RPC server is listening at /0.0.0.0:41793
2019-11-14 23:37:16,032 [main] WARN  impl.MetricsConfig (MetricsConfig.java:loadFirst(134)) - Cannot locate configuration: tried hadoop-metrics2-storagecontainermanager.properties,hadoop-metrics2.properties
2019-11-14 23:37:16,047 [main] INFO  impl.MetricsSystemImpl (MetricsSystemImpl.java:startTimer(374)) - Scheduled Metric snapshot period at 10 second(s).
2019-11-14 23:37:16,047 [main] INFO  impl.MetricsSystemImpl (MetricsSystemImpl.java:start(191)) - StorageContainerManager metrics system started
2019-11-14 23:37:16,262 [main] INFO  server.SCMClientProtocolServer (SCMClientProtocolServer.java:start(160)) - RPC server for Client  is listening at /0.0.0.0:41793
2019-11-14 23:37:16,263 [IPC Server listener on 41793] INFO  ipc.Server (Server.java:run(1153)) - IPC Server listener on 41793: starting
2019-11-14 23:37:16,263 [IPC Server Responder] INFO  ipc.Server (Server.java:run(1314)) - IPC Server Responder: starting
2019-11-14 23:37:16,265 [main] INFO  server.StorageContainerManager (StorageContainerManager.java:start(776)) - ScmBlockLocationProtocol RPC server is listening at /0.0.0.0:45004
2019-11-14 23:37:16,266 [main] INFO  server.SCMBlockProtocolServer (SCMBlockProtocolServer.java:start(146)) - RPC server for Block Protocol is listening at /0.0.0.0:45004
2019-11-14 23:37:16,267 [IPC Server Responder] INFO  ipc.Server (Server.java:run(1314)) - IPC Server Responder: starting
2019-11-14 23:37:16,267 [IPC Server listener on 45004] INFO  ipc.Server (Server.java:run(1153)) - IPC Server listener on 45004: starting
2019-11-14 23:37:16,269 [main] INFO  server.StorageContainerManager (StorageContainerManager.java:start(780)) - ScmDatanodeProtocl RPC server is listening at /0.0.0.0:37437
2019-11-14 23:37:16,269 [main] INFO  server.SCMDatanodeProtocolServer (SCMDatanodeProtocolServer.java:start(169)) - RPC server for DataNodes is listening at /0.0.0.0:37437
2019-11-14 23:37:16,270 [IPC Server Responder] INFO  ipc.Server (Server.java:run(1314)) - IPC Server Responder: starting
2019-11-14 23:37:16,270 [IPC Server listener on 37437] INFO  ipc.Server (Server.java:run(1153)) - IPC Server listener on 37437: starting
2019-11-14 23:37:16,274 [main] INFO  http.HttpServer2 (HttpServer2.java:bindListener(1191)) - Jetty bound to port 33787
2019-11-14 23:37:16,275 [main] INFO  server.Server (Server.java:doStart(351)) - jetty-9.3.25.v20180904, build timestamp: 2018-09-04T21:11:46Z, git hash: 3ce520221d0240229c862b122d2b06c12a625732
2019-11-14 23:37:16,307 [main] INFO  handler.ContextHandler (ContextHandler.java:doStart(781)) - Started o.e.j.s.ServletContextHandler@56e8b606{/logs,file:///workdir/hadoop-ozone/tools/target/log,AVAILABLE}
2019-11-14 23:37:16,307 [main] INFO  handler.ContextHandler (ContextHandler.java:doStart(781)) - Started o.e.j.s.ServletContextHandler@40dff0b7{/static,jar:file:/home/user/.m2/repository/org/apache/hadoop/hadoop-hdds-server-scm/0.5.0-SNAPSHOT/hadoop-hdds-server-scm-0.5.0-SNAPSHOT.jar!/webapps/static,AVAILABLE}
2019-11-14 23:37:16,376 [main] INFO  handler.ContextHandler (ContextHandler.java:doStart(781)) - Started o.e.j.w.WebAppContext@5aceec94{/,file:///tmp/jetty-0.0.0.0-33787-scm-_-any-4346412699858310554.dir/webapp/,AVAILABLE}{/scm}
2019-11-14 23:37:16,381 [main] INFO  server.AbstractConnector (AbstractConnector.java:doStart(278)) - Started ServerConnector@733c423e{HTTP/1.1,[http/1.1]}{0.0.0.0:33787}
2019-11-14 23:37:16,381 [main] INFO  server.Server (Server.java:doStart(419)) - Started @2593ms
2019-11-14 23:37:16,383 [main] INFO  impl.MetricsSinkAdapter (MetricsSinkAdapter.java:start(204)) - Sink prometheus started
2019-11-14 23:37:16,383 [main] INFO  impl.MetricsSystemImpl (MetricsSystemImpl.java:registerSink(301)) - Registered sink prometheus
2019-11-14 23:37:16,385 [main] INFO  server.BaseHttpServer (BaseHttpServer.java:updateConnectorAddress(215)) - HTTP server of SCM is listening at http://0.0.0.0:33787
2019-11-14 23:37:16,392 [org.apache.hadoop.util.JvmPauseMonitor$Monitor@1b5bc39d] INFO  util.JvmPauseMonitor (JvmPauseMonitor.java:run(188)) - Starting JVM pause monitor
2019-11-14 23:37:16,395 [main] WARN  server.ServerUtils (ServerUtils.java:getDBPath(222)) - ozone.om.db.dirs is not configured. We recommend adding this setting. Falling back to ozone.metadata.dirs instead.
2019-11-14 23:37:16,562 [main] INFO  ha.OMHANodeDetails (OMHANodeDetails.java:loadOMHAConfig(190)) - Configuration either no ozone.om.address set. Falling back to the default OM address /127.0.0.1:0
2019-11-14 23:37:16,562 [main] INFO  ha.OMHANodeDetails (OMHANodeDetails.java:getOMNodeDetails(220)) - OM Service ID is not set. Setting it to the default ID: omServiceIdDefault
2019-11-14 23:37:16,564 [main] WARN  server.ServerUtils (ServerUtils.java:getDBPath(222)) - ozone.om.db.dirs is not configured. We recommend adding this setting. Falling back to ozone.metadata.dirs instead.
2019-11-14 23:37:16,564 [main] WARN  server.ServerUtils (ServerUtils.java:getDBPath(222)) - ozone.om.db.dirs is not configured. We recommend adding this setting. Falling back to ozone.metadata.dirs instead.
2019-11-14 23:37:17,237 [main] WARN  server.ServerUtils (ServerUtils.java:getDBPath(222)) - ozone.om.db.dirs is not configured. We recommend adding this setting. Falling back to ozone.metadata.dirs instead.
2019-11-14 23:37:17,245 [main] INFO  db.DBStoreBuilder (DBStoreBuilder.java:addTable(127)) - using custom profile for table: userTable
2019-11-14 23:37:17,246 [main] INFO  db.DBStoreBuilder (DBStoreBuilder.java:processTables(183)) - Using default column profile:DBProfile.DISK for Table:userTable
2019-11-14 23:37:17,246 [main] INFO  db.DBStoreBuilder (DBStoreBuilder.java:addTable(127)) - using custom profile for table: volumeTable
2019-11-14 23:37:17,246 [main] INFO  db.DBStoreBuilder (DBStoreBuilder.java:processTables(183)) - Using default column profile:DBProfile.DISK for Table:volumeTable
2019-11-14 23:37:17,246 [main] INFO  db.DBStoreBuilder (DBStoreBuilder.java:addTable(127)) - using custom profile for table: bucketTable
2019-11-14 23:37:17,246 [main] INFO  db.DBStoreBuilder (DBStoreBuilder.java:processTables(183)) - Using default column profile:DBProfile.DISK for Table:bucketTable
2019-11-14 23:37:17,247 [main] INFO  db.DBStoreBuilder (DBStoreBuilder.java:addTable(127)) - using custom profile for table: keyTable
2019-11-14 23:37:17,247 [main] INFO  db.DBStoreBuilder (DBStoreBuilder.java:processTables(183)) - Using default column profile:DBProfile.DISK for Table:keyTable
2019-11-14 23:37:17,247 [main] INFO  db.DBStoreBuilder (DBStoreBuilder.java:addTable(127)) - using custom profile for table: deletedTable
2019-11-14 23:37:17,247 [main] INFO  db.DBStoreBuilder (DBStoreBuilder.java:processTables(183)) - Using default column profile:DBProfile.DISK for Table:deletedTable
2019-11-14 23:37:17,248 [main] INFO  db.DBStoreBuilder (DBStoreBuilder.java:addTable(127)) - using custom profile for table: openKeyTable
2019-11-14 23:37:17,248 [main] INFO  db.DBStoreBuilder (DBStoreBuilder.java:processTables(183)) - Using default column profile:DBProfile.DISK for Table:openKeyTable
2019-11-14 23:37:17,248 [main] INFO  db.DBStoreBuilder (DBStoreBuilder.java:addTable(127)) - using custom profile for table: s3Table
2019-11-14 23:37:17,248 [main] INFO  db.DBStoreBuilder (DBStoreBuilder.java:processTables(183)) - Using default column profile:DBProfile.DISK for Table:s3Table
2019-11-14 23:37:17,249 [main] INFO  db.DBStoreBuilder (DBStoreBuilder.java:addTable(127)) - using custom profile for table: multipartInfoTable
2019-11-14 23:37:17,249 [main] INFO  db.DBStoreBuilder (DBStoreBuilder.java:processTables(183)) - Using default column profile:DBProfile.DISK for Table:multipartInfoTable
2019-11-14 23:37:17,249 [main] INFO  db.DBStoreBuilder (DBStoreBuilder.java:addTable(127)) - using custom profile for table: dTokenTable
2019-11-14 23:37:17,249 [main] INFO  db.DBStoreBuilder (DBStoreBuilder.java:processTables(183)) - Using default column profile:DBProfile.DISK for Table:dTokenTable
2019-11-14 23:37:17,249 [main] INFO  db.DBStoreBuilder (DBStoreBuilder.java:addTable(127)) - using custom profile for table: s3SecretTable
2019-11-14 23:37:17,250 [main] INFO  db.DBStoreBuilder (DBStoreBuilder.java:processTables(183)) - Using default column profile:DBProfile.DISK for Table:s3SecretTable
2019-11-14 23:37:17,250 [main] INFO  db.DBStoreBuilder (DBStoreBuilder.java:addTable(127)) - using custom profile for table: prefixTable
2019-11-14 23:37:17,250 [main] INFO  db.DBStoreBuilder (DBStoreBuilder.java:processTables(183)) - Using default column profile:DBProfile.DISK for Table:prefixTable
2019-11-14 23:37:17,250 [main] INFO  db.DBStoreBuilder (DBStoreBuilder.java:addTable(127)) - using custom profile for table: default
2019-11-14 23:37:17,251 [main] INFO  db.DBStoreBuilder (DBStoreBuilder.java:processTables(189)) - Using default column profile:DBProfile.DISK for Table:default
2019-11-14 23:37:17,251 [main] INFO  db.DBStoreBuilder (DBStoreBuilder.java:getDbProfile(220)) - Using default options. DBProfile.DISK
2019-11-14 23:37:17,579 [main] INFO  ipc.CallQueueManager (CallQueueManager.java:<init>(84)) - Using callQueue: class java.util.concurrent.LinkedBlockingQueue, queueCapacity: 2000, scheduler: class org.apache.hadoop.ipc.DefaultRpcScheduler, ipcBackoff: false.
2019-11-14 23:37:17,580 [Socket Reader #1 for port 43912] INFO  ipc.Server (Server.java:run(1074)) - Starting Socket Reader #1 for port 43912
2019-11-14 23:37:17,600 [main] INFO  om.OzoneManager (OzoneManager.java:start(1077)) - OzoneManager RPC server is listening at localhost/127.0.0.1:43912
2019-11-14 23:37:17,601 [main] INFO  impl.MetricsSystemImpl (MetricsSystemImpl.java:init(158)) - OzoneManager metrics system started (again)
2019-11-14 23:37:17,608 [IPC Server Responder] INFO  ipc.Server (Server.java:run(1314)) - IPC Server Responder: starting
2019-11-14 23:37:17,608 [IPC Server listener on 43912] INFO  ipc.Server (Server.java:run(1153)) - IPC Server listener on 43912: starting
2019-11-14 23:37:17,613 [main] INFO  hdfs.DFSUtil (DFSUtil.java:httpServerTemplateForNNAndJN(1641)) - Starting Web-server for ozoneManager at: http://0.0.0.0:0
2019-11-14 23:37:17,614 [main] INFO  server.AuthenticationFilter (AuthenticationFilter.java:constructSecretProvider(240)) - Unable to initialize FileSignerSecretProvider, falling back to use random secrets.
2019-11-14 23:37:17,615 [main] WARN  http.HttpRequestLog (HttpRequestLog.java:getRequestLog(97)) - Jetty request log can only be enabled using Log4j
2019-11-14 23:37:17,616 [main] INFO  http.HttpServer2 (HttpServer2.java:addGlobalFilter(975)) - Added global filter 'safety' (class=org.apache.hadoop.http.HttpServer2$QuotingInputFilter)
2019-11-14 23:37:17,617 [main] INFO  http.HttpServer2 (HttpServer2.java:addFilter(948)) - Added filter static_user_filter (class=org.apache.hadoop.http.lib.StaticUserWebFilter$StaticUserFilter) to context ozoneManager
2019-11-14 23:37:17,617 [main] INFO  http.HttpServer2 (HttpServer2.java:addFilter(958)) - Added filter static_user_filter (class=org.apache.hadoop.http.lib.StaticUserWebFilter$StaticUserFilter) to context static
2019-11-14 23:37:17,617 [main] INFO  http.HttpServer2 (HttpServer2.java:addFilter(958)) - Added filter static_user_filter (class=org.apache.hadoop.http.lib.StaticUserWebFilter$StaticUserFilter) to context logs
2019-11-14 23:37:17,620 [main] INFO  http.HttpServer2 (HttpServer2.java:bindListener(1191)) - Jetty bound to port 36269
2019-11-14 23:37:17,620 [main] INFO  server.Server (Server.java:doStart(351)) - jetty-9.3.25.v20180904, build timestamp: 2018-09-04T21:11:46Z, git hash: 3ce520221d0240229c862b122d2b06c12a625732
2019-11-14 23:37:17,622 [main] INFO  handler.ContextHandler (ContextHandler.java:doStart(781)) - Started o.e.j.s.ServletContextHandler@340b7ef6{/logs,file:///workdir/hadoop-ozone/tools/target/log,AVAILABLE}
2019-11-14 23:37:17,623 [main] INFO  handler.ContextHandler (ContextHandler.java:doStart(781)) - Started o.e.j.s.ServletContextHandler@6050462a{/static,jar:file:/home/user/.m2/repository/org/apache/hadoop/hadoop-ozone-ozone-manager/0.5.0-SNAPSHOT/hadoop-ozone-ozone-manager-0.5.0-SNAPSHOT.jar!/webapps/static,AVAILABLE}
2019-11-14 23:37:17,672 [main] INFO  handler.ContextHandler (ContextHandler.java:doStart(781)) - Started o.e.j.w.WebAppContext@425d5d46{/,file:///tmp/jetty-0.0.0.0-36269-ozoneManager-_-any-5063145305180572264.dir/webapp/,AVAILABLE}{/ozoneManager}
2019-11-14 23:37:17,672 [main] INFO  server.AbstractConnector (AbstractConnector.java:doStart(278)) - Started ServerConnector@198ef2ce{HTTP/1.1,[http/1.1]}{0.0.0.0:36269}
2019-11-14 23:37:17,673 [main] INFO  server.Server (Server.java:doStart(419)) - Started @3885ms
2019-11-14 23:37:17,673 [main] WARN  impl.MetricsSystemImpl (MetricsSystemImpl.java:register(276)) - Sink prometheus already exists!
2019-11-14 23:37:17,674 [main] INFO  server.BaseHttpServer (BaseHttpServer.java:updateConnectorAddress(215)) - HTTP server of OZONEMANAGER is listening at http://0.0.0.0:36269
2019-11-14 23:37:17,955 [main] INFO  impl.MetricsSystemImpl (MetricsSystemImpl.java:init(158)) - HddsDatanode metrics system started (again)
2019-11-14 23:37:18,005 [main] INFO  ozone.HddsDatanodeService (HddsDatanodeService.java:start(186)) - HddsDatanodeService host:pr-hdds-2448-del-container-qmj8s-3203767274 ip:192.168.164.210
2019-11-14 23:37:18,041 [main] INFO  volume.HddsVolume (HddsVolume.java:<init>(176)) - Creating Volume: /workdir/hadoop-ozone/tools/target/test-dir/MiniOzoneClusterImpl-f07ab170-b58e-42a5-bef9-89b4902fcd0c/datanode-0/data/containers/hdds of  storage type : DISK and capacity : 1482555576320
2019-11-14 23:37:18,043 [main] INFO  volume.VolumeSet (VolumeSet.java:initializeVolumeSet(170)) - Added Volume : /workdir/hadoop-ozone/tools/target/test-dir/MiniOzoneClusterImpl-f07ab170-b58e-42a5-bef9-89b4902fcd0c/datanode-0/data/containers/hdds to VolumeSet
2019-11-14 23:37:18,045 [main] INFO  volume.ThrottledAsyncChecker (ThrottledAsyncChecker.java:schedule(141)) - Scheduling a check for /workdir/hadoop-ozone/tools/target/test-dir/MiniOzoneClusterImpl-f07ab170-b58e-42a5-bef9-89b4902fcd0c/datanode-0/data/containers/hdds
2019-11-14 23:37:18,061 [main] INFO  volume.HddsVolumeChecker (HddsVolumeChecker.java:checkAllVolumes(204)) - Scheduled health check for volume /workdir/hadoop-ozone/tools/target/test-dir/MiniOzoneClusterImpl-f07ab170-b58e-42a5-bef9-89b4902fcd0c/datanode-0/data/containers/hdds
2019-11-14 23:37:18,174 [main] INFO  impl.RaftServerProxy (ConfUtils.java:logGet(43)) - raft.rpc.type = GRPC (default)
2019-11-14 23:37:18,240 [main] INFO  grpc.GrpcFactory (GrpcFactory.java:checkPooledByteBufAllocatorUseCacheForAllThreads(45)) - PERFORMANCE WARNING: useCacheForAllThreads is true that may cause Netty to create a lot garbage objects and, as a result, trigger GC.
	It is recommended to disable useCacheForAllThreads by setting -Dorg.apache.ratis.thirdparty.io.netty.allocator.useCacheForAllThreads=false in command line.
2019-11-14 23:37:18,244 [main] INFO  grpc.GrpcConfigKeys$Server (ConfUtils.java:logGet(43)) - raft.grpc.server.port = 0 (default)
2019-11-14 23:37:18,245 [main] INFO  server.GrpcService (ConfUtils.java:logGet(43)) - raft.grpc.message.size.max = 33570816 (custom)
2019-11-14 23:37:18,247 [main] INFO  server.RaftServerConfigKeys (ConfUtils.java:logGet(43)) - raft.server.log.appender.buffer.byte-limit = 33554432 (custom)
2019-11-14 23:37:18,247 [main] INFO  server.GrpcService (ConfUtils.java:logGet(43)) - raft.grpc.flow.control.window = 1MB (=1048576) (default)
2019-11-14 23:37:18,248 [main] INFO  server.RaftServerConfigKeys (ConfUtils.java:logGet(43)) - raft.server.rpc.request.timeout = 3000ms (default)
2019-11-14 23:37:18,396 [main] INFO  server.RaftServerConfigKeys (ConfUtils.java:logGet(43)) - raft.server.storage.dir = [/workdir/hadoop-ozone/tools/target/test-dir/MiniOzoneClusterImpl-f07ab170-b58e-42a5-bef9-89b4902fcd0c/datanode-0/data/ratis] (custom)
2019-11-14 23:37:18,439 [main] INFO  hdfs.DFSUtil (DFSUtil.java:httpServerTemplateForNNAndJN(1641)) - Starting Web-server for hddsDatanode at: http://0.0.0.0:0
2019-11-14 23:37:18,442 [main] INFO  server.AuthenticationFilter (AuthenticationFilter.java:constructSecretProvider(240)) - Unable to initialize FileSignerSecretProvider, falling back to use random secrets.
2019-11-14 23:37:18,443 [main] WARN  http.HttpRequestLog (HttpRequestLog.java:getRequestLog(97)) - Jetty request log can only be enabled using Log4j
2019-11-14 23:37:18,445 [main] INFO  http.HttpServer2 (HttpServer2.java:addGlobalFilter(975)) - Added global filter 'safety' (class=org.apache.hadoop.http.HttpServer2$QuotingInputFilter)
2019-11-14 23:37:18,446 [main] INFO  http.HttpServer2 (HttpServer2.java:addFilter(948)) - Added filter static_user_filter (class=org.apache.hadoop.http.lib.StaticUserWebFilter$StaticUserFilter) to context hddsDatanode
2019-11-14 23:37:18,446 [main] INFO  http.HttpServer2 (HttpServer2.java:addFilter(958)) - Added filter static_user_filter (class=org.apache.hadoop.http.lib.StaticUserWebFilter$StaticUserFilter) to context logs
2019-11-14 23:37:18,446 [main] INFO  http.HttpServer2 (HttpServer2.java:addFilter(958)) - Added filter static_user_filter (class=org.apache.hadoop.http.lib.StaticUserWebFilter$StaticUserFilter) to context static
2019-11-14 23:37:18,448 [main] INFO  http.HttpServer2 (HttpServer2.java:bindListener(1191)) - Jetty bound to port 38163
2019-11-14 23:37:18,448 [main] INFO  server.Server (Server.java:doStart(351)) - jetty-9.3.25.v20180904, build timestamp: 2018-09-04T21:11:46Z, git hash: 3ce520221d0240229c862b122d2b06c12a625732
2019-11-14 23:37:18,451 [main] INFO  handler.ContextHandler (ContextHandler.java:doStart(781)) - Started o.e.j.s.ServletContextHandler@1ba359bd{/logs,file:///workdir/hadoop-ozone/tools/target/log,AVAILABLE}
2019-11-14 23:37:18,452 [main] INFO  handler.ContextHandler (ContextHandler.java:doStart(781)) - Started o.e.j.s.ServletContextHandler@673919a7{/static,jar:file:/home/user/.m2/repository/org/apache/hadoop/hadoop-hdds-container-service/0.5.0-SNAPSHOT/hadoop-hdds-container-service-0.5.0-SNAPSHOT.jar!/webapps/static,AVAILABLE}
2019-11-14 23:37:18,493 [main] INFO  handler.ContextHandler (ContextHandler.java:doStart(781)) - Started o.e.j.w.WebAppContext@546e61d5{/,file:///tmp/jetty-0.0.0.0-38163-hddsDatanode-_-any-8678034886521180748.dir/webapp/,AVAILABLE}{/hddsDatanode}
2019-11-14 23:37:18,494 [main] INFO  server.AbstractConnector (AbstractConnector.java:doStart(278)) - Started ServerConnector@4674d90{HTTP/1.1,[http/1.1]}{0.0.0.0:38163}
2019-11-14 23:37:18,494 [main] INFO  server.Server (Server.java:doStart(419)) - Started @4706ms
2019-11-14 23:37:18,495 [main] WARN  impl.MetricsSystemImpl (MetricsSystemImpl.java:register(276)) - Sink prometheus already exists!
2019-11-14 23:37:18,496 [main] INFO  server.BaseHttpServer (BaseHttpServer.java:updateConnectorAddress(215)) - HTTP server of HDDSDATANODE is listening at http://0.0.0.0:38163
2019-11-14 23:37:18,497 [main] INFO  impl.MetricsSystemImpl (MetricsSystemImpl.java:init(158)) - HddsDatanode metrics system started (again)
2019-11-14 23:37:18,499 [main] INFO  ozone.HddsDatanodeService (HddsDatanodeService.java:start(186)) - HddsDatanodeService host:pr-hdds-2448-del-container-qmj8s-3203767274 ip:192.168.164.210
2019-11-14 23:37:18,502 [org.apache.hadoop.util.JvmPauseMonitor$Monitor@5f7da5a2] INFO  util.JvmPauseMonitor (JvmPauseMonitor.java:run(188)) - Starting JVM pause monitor
2019-11-14 23:37:18,508 [main] INFO  volume.HddsVolume (HddsVolume.java:<init>(176)) - Creating Volume: /workdir/hadoop-ozone/tools/target/test-dir/MiniOzoneClusterImpl-f07ab170-b58e-42a5-bef9-89b4902fcd0c/datanode-1/data/containers/hdds of  storage type : DISK and capacity : 1482555576320
2019-11-14 23:37:18,509 [main] INFO  volume.VolumeSet (VolumeSet.java:initializeVolumeSet(170)) - Added Volume : /workdir/hadoop-ozone/tools/target/test-dir/MiniOzoneClusterImpl-f07ab170-b58e-42a5-bef9-89b4902fcd0c/datanode-1/data/containers/hdds to VolumeSet
2019-11-14 23:37:18,509 [main] INFO  volume.ThrottledAsyncChecker (ThrottledAsyncChecker.java:schedule(141)) - Scheduling a check for /workdir/hadoop-ozone/tools/target/test-dir/MiniOzoneClusterImpl-f07ab170-b58e-42a5-bef9-89b4902fcd0c/datanode-1/data/containers/hdds
2019-11-14 23:37:18,509 [main] INFO  volume.HddsVolumeChecker (HddsVolumeChecker.java:checkAllVolumes(204)) - Scheduled health check for volume /workdir/hadoop-ozone/tools/target/test-dir/MiniOzoneClusterImpl-f07ab170-b58e-42a5-bef9-89b4902fcd0c/datanode-1/data/containers/hdds
2019-11-14 23:37:18,523 [main] INFO  impl.RaftServerProxy (ConfUtils.java:logGet(43)) - raft.rpc.type = GRPC (default)
2019-11-14 23:37:18,523 [main] INFO  grpc.GrpcFactory (GrpcFactory.java:checkPooledByteBufAllocatorUseCacheForAllThreads(45)) - PERFORMANCE WARNING: useCacheForAllThreads is true that may cause Netty to create a lot garbage objects and, as a result, trigger GC.
	It is recommended to disable useCacheForAllThreads by setting -Dorg.apache.ratis.thirdparty.io.netty.allocator.useCacheForAllThreads=false in command line.
2019-11-14 23:37:18,523 [main] INFO  grpc.GrpcConfigKeys$Server (ConfUtils.java:logGet(43)) - raft.grpc.server.port = 0 (default)
2019-11-14 23:37:18,524 [main] INFO  server.GrpcService (ConfUtils.java:logGet(43)) - raft.grpc.message.size.max = 33570816 (custom)
2019-11-14 23:37:18,524 [main] INFO  server.RaftServerConfigKeys (ConfUtils.java:logGet(43)) - raft.server.log.appender.buffer.byte-limit = 33554432 (custom)
2019-11-14 23:37:18,524 [main] INFO  server.GrpcService (ConfUtils.java:logGet(43)) - raft.grpc.flow.control.window = 1MB (=1048576) (default)
2019-11-14 23:37:18,524 [main] INFO  server.RaftServerConfigKeys (ConfUtils.java:logGet(43)) - raft.server.rpc.request.timeout = 3000ms (default)
2019-11-14 23:37:18,525 [main] INFO  server.RaftServerConfigKeys (ConfUtils.java:logGet(43)) - raft.server.storage.dir = [/workdir/hadoop-ozone/tools/target/test-dir/MiniOzoneClusterImpl-f07ab170-b58e-42a5-bef9-89b4902fcd0c/datanode-1/data/ratis] (custom)
2019-11-14 23:37:18,526 [main] INFO  hdfs.DFSUtil (DFSUtil.java:httpServerTemplateForNNAndJN(1641)) - Starting Web-server for hddsDatanode at: http://0.0.0.0:0
2019-11-14 23:37:18,527 [main] INFO  server.AuthenticationFilter (AuthenticationFilter.java:constructSecretProvider(240)) - Unable to initialize FileSignerSecretProvider, falling back to use random secrets.
2019-11-14 23:37:18,528 [main] WARN  http.HttpRequestLog (HttpRequestLog.java:getRequestLog(97)) - Jetty request log can only be enabled using Log4j
2019-11-14 23:37:18,529 [main] INFO  http.HttpServer2 (HttpServer2.java:addGlobalFilter(975)) - Added global filter 'safety' (class=org.apache.hadoop.http.HttpServer2$QuotingInputFilter)
2019-11-14 23:37:18,530 [main] INFO  http.HttpServer2 (HttpServer2.java:addFilter(948)) - Added filter static_user_filter (class=org.apache.hadoop.http.lib.StaticUserWebFilter$StaticUserFilter) to context hddsDatanode
2019-11-14 23:37:18,530 [main] INFO  http.HttpServer2 (HttpServer2.java:addFilter(958)) - Added filter static_user_filter (class=org.apache.hadoop.http.lib.StaticUserWebFilter$StaticUserFilter) to context logs
2019-11-14 23:37:18,530 [main] INFO  http.HttpServer2 (HttpServer2.java:addFilter(958)) - Added filter static_user_filter (class=org.apache.hadoop.http.lib.StaticUserWebFilter$StaticUserFilter) to context static
2019-11-14 23:37:18,531 [main] INFO  http.HttpServer2 (HttpServer2.java:bindListener(1191)) - Jetty bound to port 44749
2019-11-14 23:37:18,531 [main] INFO  server.Server (Server.java:doStart(351)) - jetty-9.3.25.v20180904, build timestamp: 2018-09-04T21:11:46Z, git hash: 3ce520221d0240229c862b122d2b06c12a625732
2019-11-14 23:37:18,533 [main] INFO  handler.ContextHandler (ContextHandler.java:doStart(781)) - Started o.e.j.s.ServletContextHandler@60325987{/logs,file:///workdir/hadoop-ozone/tools/target/log,AVAILABLE}
2019-11-14 23:37:18,534 [main] INFO  handler.ContextHandler (ContextHandler.java:doStart(781)) - Started o.e.j.s.ServletContextHandler@3374b5bc{/static,jar:file:/home/user/.m2/repository/org/apache/hadoop/hadoop-hdds-container-service/0.5.0-SNAPSHOT/hadoop-hdds-container-service-0.5.0-SNAPSHOT.jar!/webapps/static,AVAILABLE}
2019-11-14 23:37:18,563 [main] INFO  handler.ContextHandler (ContextHandler.java:doStart(781)) - Started o.e.j.w.WebAppContext@4649d70a{/,file:///tmp/jetty-0.0.0.0-44749-hddsDatanode-_-any-6051674881617155642.dir/webapp/,AVAILABLE}{/hddsDatanode}
2019-11-14 23:37:18,564 [main] INFO  server.AbstractConnector (AbstractConnector.java:doStart(278)) - Started ServerConnector@5d43409a{HTTP/1.1,[http/1.1]}{0.0.0.0:44749}
2019-11-14 23:37:18,564 [main] INFO  server.Server (Server.java:doStart(419)) - Started @4776ms
2019-11-14 23:37:18,565 [main] WARN  impl.MetricsSystemImpl (MetricsSystemImpl.java:register(276)) - Sink prometheus already exists!
2019-11-14 23:37:18,566 [main] INFO  server.BaseHttpServer (BaseHttpServer.java:updateConnectorAddress(215)) - HTTP server of HDDSDATANODE is listening at http://0.0.0.0:44749
2019-11-14 23:37:18,566 [main] INFO  impl.MetricsSystemImpl (MetricsSystemImpl.java:init(158)) - HddsDatanode metrics system started (again)
2019-11-14 23:37:18,568 [main] INFO  ozone.HddsDatanodeService (HddsDatanodeService.java:start(186)) - HddsDatanodeService host:pr-hdds-2448-del-container-qmj8s-3203767274 ip:192.168.164.210
2019-11-14 23:37:18,569 [org.apache.hadoop.util.JvmPauseMonitor$Monitor@144e8ce9] INFO  util.JvmPauseMonitor (JvmPauseMonitor.java:run(188)) - Starting JVM pause monitor
2019-11-14 23:37:18,577 [main] INFO  volume.HddsVolume (HddsVolume.java:<init>(176)) - Creating Volume: /workdir/hadoop-ozone/tools/target/test-dir/MiniOzoneClusterImpl-f07ab170-b58e-42a5-bef9-89b4902fcd0c/datanode-2/data/containers/hdds of  storage type : DISK and capacity : 1482555576320
2019-11-14 23:37:18,577 [main] INFO  volume.VolumeSet (VolumeSet.java:initializeVolumeSet(170)) - Added Volume : /workdir/hadoop-ozone/tools/target/test-dir/MiniOzoneClusterImpl-f07ab170-b58e-42a5-bef9-89b4902fcd0c/datanode-2/data/containers/hdds to VolumeSet
2019-11-14 23:37:18,578 [main] INFO  volume.ThrottledAsyncChecker (ThrottledAsyncChecker.java:schedule(141)) - Scheduling a check for /workdir/hadoop-ozone/tools/target/test-dir/MiniOzoneClusterImpl-f07ab170-b58e-42a5-bef9-89b4902fcd0c/datanode-2/data/containers/hdds
2019-11-14 23:37:18,578 [main] INFO  volume.HddsVolumeChecker (HddsVolumeChecker.java:checkAllVolumes(204)) - Scheduled health check for volume /workdir/hadoop-ozone/tools/target/test-dir/MiniOzoneClusterImpl-f07ab170-b58e-42a5-bef9-89b4902fcd0c/datanode-2/data/containers/hdds
2019-11-14 23:37:18,592 [main] INFO  impl.RaftServerProxy (ConfUtils.java:logGet(43)) - raft.rpc.type = GRPC (default)
2019-11-14 23:37:18,592 [main] INFO  grpc.GrpcFactory (GrpcFactory.java:checkPooledByteBufAllocatorUseCacheForAllThreads(45)) - PERFORMANCE WARNING: useCacheForAllThreads is true that may cause Netty to create a lot garbage objects and, as a result, trigger GC.
	It is recommended to disable useCacheForAllThreads by setting -Dorg.apache.ratis.thirdparty.io.netty.allocator.useCacheForAllThreads=false in command line.
2019-11-14 23:37:18,592 [main] INFO  grpc.GrpcConfigKeys$Server (ConfUtils.java:logGet(43)) - raft.grpc.server.port = 0 (default)
2019-11-14 23:37:18,592 [main] INFO  server.GrpcService (ConfUtils.java:logGet(43)) - raft.grpc.message.size.max = 33570816 (custom)
2019-11-14 23:37:18,593 [main] INFO  server.RaftServerConfigKeys (ConfUtils.java:logGet(43)) - raft.server.log.appender.buffer.byte-limit = 33554432 (custom)
2019-11-14 23:37:18,593 [main] INFO  server.GrpcService (ConfUtils.java:logGet(43)) - raft.grpc.flow.control.window = 1MB (=1048576) (default)
2019-11-14 23:37:18,593 [main] INFO  server.RaftServerConfigKeys (ConfUtils.java:logGet(43)) - raft.server.rpc.request.timeout = 3000ms (default)
2019-11-14 23:37:18,594 [main] INFO  server.RaftServerConfigKeys (ConfUtils.java:logGet(43)) - raft.server.storage.dir = [/workdir/hadoop-ozone/tools/target/test-dir/MiniOzoneClusterImpl-f07ab170-b58e-42a5-bef9-89b4902fcd0c/datanode-2/data/ratis] (custom)
2019-11-14 23:37:18,596 [main] INFO  hdfs.DFSUtil (DFSUtil.java:httpServerTemplateForNNAndJN(1641)) - Starting Web-server for hddsDatanode at: http://0.0.0.0:0
2019-11-14 23:37:18,597 [main] INFO  server.AuthenticationFilter (AuthenticationFilter.java:constructSecretProvider(240)) - Unable to initialize FileSignerSecretProvider, falling back to use random secrets.
2019-11-14 23:37:18,598 [main] WARN  http.HttpRequestLog (HttpRequestLog.java:getRequestLog(97)) - Jetty request log can only be enabled using Log4j
2019-11-14 23:37:18,599 [main] INFO  http.HttpServer2 (HttpServer2.java:addGlobalFilter(975)) - Added global filter 'safety' (class=org.apache.hadoop.http.HttpServer2$QuotingInputFilter)
2019-11-14 23:37:18,600 [Datanode State Machine Thread - 0] INFO  datanode.InitDatanodeState (InitDatanodeState.java:persistContainerDatanodeDetails(140)) - DatanodeDetails is persisted to /workdir/hadoop-ozone/tools/target/test-dir/MiniOzoneClusterImpl-f07ab170-b58e-42a5-bef9-89b4902fcd0c/datanode-0/meta/datanode.id
2019-11-14 23:37:18,600 [main] INFO  http.HttpServer2 (HttpServer2.java:addFilter(948)) - Added filter static_user_filter (class=org.apache.hadoop.http.lib.StaticUserWebFilter$StaticUserFilter) to context hddsDatanode
2019-11-14 23:37:18,600 [main] INFO  http.HttpServer2 (HttpServer2.java:addFilter(958)) - Added filter static_user_filter (class=org.apache.hadoop.http.lib.StaticUserWebFilter$StaticUserFilter) to context logs
2019-11-14 23:37:18,600 [main] INFO  http.HttpServer2 (HttpServer2.java:addFilter(958)) - Added filter static_user_filter (class=org.apache.hadoop.http.lib.StaticUserWebFilter$StaticUserFilter) to context static
2019-11-14 23:37:18,602 [main] INFO  http.HttpServer2 (HttpServer2.java:bindListener(1191)) - Jetty bound to port 35037
2019-11-14 23:37:18,602 [main] INFO  server.Server (Server.java:doStart(351)) - jetty-9.3.25.v20180904, build timestamp: 2018-09-04T21:11:46Z, git hash: 3ce520221d0240229c862b122d2b06c12a625732
2019-11-14 23:37:18,604 [Datanode State Machine Thread - 0] INFO  datanode.InitDatanodeState (InitDatanodeState.java:persistContainerDatanodeDetails(140)) - DatanodeDetails is persisted to /workdir/hadoop-ozone/tools/target/test-dir/MiniOzoneClusterImpl-f07ab170-b58e-42a5-bef9-89b4902fcd0c/datanode-1/meta/datanode.id
2019-11-14 23:37:18,605 [main] INFO  handler.ContextHandler (ContextHandler.java:doStart(781)) - Started o.e.j.s.ServletContextHandler@75ae4a1f{/logs,file:///workdir/hadoop-ozone/tools/target/log,AVAILABLE}
2019-11-14 23:37:18,606 [main] INFO  handler.ContextHandler (ContextHandler.java:doStart(781)) - Started o.e.j.s.ServletContextHandler@63c12e52{/static,jar:file:/home/user/.m2/repository/org/apache/hadoop/hadoop-hdds-container-service/0.5.0-SNAPSHOT/hadoop-hdds-container-service-0.5.0-SNAPSHOT.jar!/webapps/static,AVAILABLE}
2019-11-14 23:37:18,635 [main] INFO  handler.ContextHandler (ContextHandler.java:doStart(781)) - Started o.e.j.w.WebAppContext@e84fb85{/,file:///tmp/jetty-0.0.0.0-35037-hddsDatanode-_-any-8702750169955786084.dir/webapp/,AVAILABLE}{/hddsDatanode}
2019-11-14 23:37:18,636 [main] INFO  server.AbstractConnector (AbstractConnector.java:doStart(278)) - Started ServerConnector@68a4dcc6{HTTP/1.1,[http/1.1]}{0.0.0.0:35037}
2019-11-14 23:37:18,636 [main] INFO  server.Server (Server.java:doStart(419)) - Started @4848ms
2019-11-14 23:37:18,637 [main] WARN  impl.MetricsSystemImpl (MetricsSystemImpl.java:register(276)) - Sink prometheus already exists!
2019-11-14 23:37:18,638 [main] INFO  server.BaseHttpServer (BaseHttpServer.java:updateConnectorAddress(215)) - HTTP server of HDDSDATANODE is listening at http://0.0.0.0:35037
2019-11-14 23:37:18,641 [main] INFO  ozone.MiniOzoneClusterImpl (MiniOzoneClusterImpl.java:lambda$waitForClusterToBeReady$2(171)) - Waiting for cluster to be ready. Got 0 of 3 DN Heartbeats.
2019-11-14 23:37:18,642 [org.apache.hadoop.util.JvmPauseMonitor$Monitor@23f61920] INFO  util.JvmPauseMonitor (JvmPauseMonitor.java:run(188)) - Starting JVM pause monitor
2019-11-14 23:37:18,644 [Datanode State Machine Thread - 0] INFO  datanode.InitDatanodeState (InitDatanodeState.java:persistContainerDatanodeDetails(140)) - DatanodeDetails is persisted to /workdir/hadoop-ozone/tools/target/test-dir/MiniOzoneClusterImpl-f07ab170-b58e-42a5-bef9-89b4902fcd0c/datanode-2/meta/datanode.id
2019-11-14 23:37:19,641 [main] INFO  ozone.MiniOzoneClusterImpl (MiniOzoneClusterImpl.java:lambda$waitForClusterToBeReady$2(171)) - Waiting for cluster to be ready. Got 0 of 3 DN Heartbeats.
2019-11-14 23:37:20,598 [Datanode State Machine Thread - 0] INFO  ozoneimpl.OzoneContainer (OzoneContainer.java:start(230)) - Attempting to start container services.
2019-11-14 23:37:20,598 [Datanode State Machine Thread - 0] INFO  ozoneimpl.OzoneContainer (OzoneContainer.java:start(230)) - Attempting to start container services.
2019-11-14 23:37:20,602 [Datanode State Machine Thread - 0] INFO  ozoneimpl.OzoneContainer (OzoneContainer.java:startContainerScrub(194)) - Background container scanner has been disabled.
2019-11-14 23:37:20,602 [Datanode State Machine Thread - 0] INFO  ratis.XceiverServerRatis (XceiverServerRatis.java:start(421)) - Starting XceiverServerRatis 897108c5-f3e3-4027-9d47-6249c0da204d at port 0
2019-11-14 23:37:20,602 [Datanode State Machine Thread - 0] INFO  ozoneimpl.OzoneContainer (OzoneContainer.java:startContainerScrub(194)) - Background container scanner has been disabled.
2019-11-14 23:37:20,603 [Datanode State Machine Thread - 0] INFO  ratis.XceiverServerRatis (XceiverServerRatis.java:start(421)) - Starting XceiverServerRatis 7ed3e0d1-6b9f-472e-8f0f-f1c30a7e2ec2 at port 0
2019-11-14 23:37:20,641 [Datanode State Machine Thread - 0] INFO  impl.RaftServerProxy (RaftServerProxy.java:lambda$start$3(299)) - 897108c5-f3e3-4027-9d47-6249c0da204d: start RPC server
2019-11-14 23:37:20,641 [Datanode State Machine Thread - 0] INFO  impl.RaftServerProxy (RaftServerProxy.java:lambda$start$3(299)) - 7ed3e0d1-6b9f-472e-8f0f-f1c30a7e2ec2: start RPC server
2019-11-14 23:37:20,642 [main] INFO  ozone.MiniOzoneClusterImpl (MiniOzoneClusterImpl.java:lambda$waitForClusterToBeReady$2(171)) - Waiting for cluster to be ready. Got 0 of 3 DN Heartbeats.
2019-11-14 23:37:20,660 [Datanode State Machine Thread - 0] INFO  ozoneimpl.OzoneContainer (OzoneContainer.java:start(230)) - Attempting to start container services.
2019-11-14 23:37:20,664 [Datanode State Machine Thread - 0] INFO  ozoneimpl.OzoneContainer (OzoneContainer.java:startContainerScrub(194)) - Background container scanner has been disabled.
2019-11-14 23:37:20,664 [Datanode State Machine Thread - 0] INFO  ratis.XceiverServerRatis (XceiverServerRatis.java:start(421)) - Starting XceiverServerRatis f9d5cdb5-b3ac-43fe-9615-fae3d6058425 at port 0
2019-11-14 23:37:20,678 [Datanode State Machine Thread - 0] INFO  impl.RaftServerProxy (RaftServerProxy.java:lambda$start$3(299)) - f9d5cdb5-b3ac-43fe-9615-fae3d6058425: start RPC server
2019-11-14 23:37:20,787 [Datanode State Machine Thread - 0] INFO  server.GrpcService (GrpcService.java:startImpl(158)) - 897108c5-f3e3-4027-9d47-6249c0da204d: GrpcService started, listening on 0.0.0.0/0.0.0.0:39925
2019-11-14 23:37:20,787 [Datanode State Machine Thread - 0] INFO  server.GrpcService (GrpcService.java:startImpl(158)) - 7ed3e0d1-6b9f-472e-8f0f-f1c30a7e2ec2: GrpcService started, listening on 0.0.0.0/0.0.0.0:44223
2019-11-14 23:37:20,787 [Datanode State Machine Thread - 0] INFO  server.GrpcService (GrpcService.java:startImpl(158)) - f9d5cdb5-b3ac-43fe-9615-fae3d6058425: GrpcService started, listening on 0.0.0.0/0.0.0.0:41795
2019-11-14 23:37:20,788 [Datanode State Machine Thread - 0] INFO  ratis.XceiverServerRatis (XceiverServerRatis.java:start(431)) - XceiverServerRatis 7ed3e0d1-6b9f-472e-8f0f-f1c30a7e2ec2 is started using port 44223
2019-11-14 23:37:20,788 [Datanode State Machine Thread - 0] INFO  ratis.XceiverServerRatis (XceiverServerRatis.java:start(431)) - XceiverServerRatis 897108c5-f3e3-4027-9d47-6249c0da204d is started using port 39925
2019-11-14 23:37:20,788 [Datanode State Machine Thread - 0] INFO  ratis.XceiverServerRatis (XceiverServerRatis.java:start(431)) - XceiverServerRatis f9d5cdb5-b3ac-43fe-9615-fae3d6058425 is started using port 41795
2019-11-14 23:37:20,794 [Datanode State Machine Thread - 0] INFO  server.XceiverServerGrpc (XceiverServerGrpc.java:start(145)) - XceiverServerGrpc 897108c5-f3e3-4027-9d47-6249c0da204d is started using port 45529
2019-11-14 23:37:20,794 [Datanode State Machine Thread - 0] INFO  server.XceiverServerGrpc (XceiverServerGrpc.java:start(145)) - XceiverServerGrpc 7ed3e0d1-6b9f-472e-8f0f-f1c30a7e2ec2 is started using port 33702
2019-11-14 23:37:20,794 [Datanode State Machine Thread - 0] INFO  server.XceiverServerGrpc (XceiverServerGrpc.java:start(145)) - XceiverServerGrpc f9d5cdb5-b3ac-43fe-9615-fae3d6058425 is started using port 41879
2019-11-14 23:37:21,643 [main] INFO  ozone.MiniOzoneClusterImpl (MiniOzoneClusterImpl.java:lambda$waitForClusterToBeReady$2(171)) - Waiting for cluster to be ready. Got 0 of 3 DN Heartbeats.
2019-11-14 23:37:22,543 [IPC Server handler 0 on 37437] INFO  net.NetworkTopology (NetworkTopologyImpl.java:add(111)) - Added a new node: /default-rack/7ed3e0d1-6b9f-472e-8f0f-f1c30a7e2ec2
2019-11-14 23:37:22,544 [IPC Server handler 0 on 37437] INFO  node.SCMNodeManager (SCMNodeManager.java:register(267)) - Registered Data node : 7ed3e0d1-6b9f-472e-8f0f-f1c30a7e2ec2{ip: 192.168.164.210, host: pr-hdds-2448-del-container-qmj8s-3203767274, networkLocation: /default-rack, certSerialId: null}
2019-11-14 23:37:22,548 [EventQueue-NodeRegistrationContainerReportForDataNodeSafeModeRule] INFO  safemode.SCMSafeModeManager (DataNodeSafeModeRule.java:process(71)) - SCM in safe mode. 1 DataNodes registered, 1 required.
2019-11-14 23:37:22,548 [EventQueue-NodeRegistrationContainerReportForDataNodeSafeModeRule] INFO  safemode.SCMSafeModeManager (SCMSafeModeManager.java:validateSafeModeExitRules(177)) - ScmSafeModeManager, all rules are successfully validated
2019-11-14 23:37:22,548 [EventQueue-NodeRegistrationContainerReportForDataNodeSafeModeRule] INFO  safemode.SCMSafeModeManager (SCMSafeModeManager.java:exitSafeMode(193)) - SCM exiting safe mode.
2019-11-14 23:37:22,572 [IPC Server handler 2 on 37437] INFO  net.NetworkTopology (NetworkTopologyImpl.java:add(111)) - Added a new node: /default-rack/897108c5-f3e3-4027-9d47-6249c0da204d
2019-11-14 23:37:22,572 [IPC Server handler 2 on 37437] INFO  node.SCMNodeManager (SCMNodeManager.java:register(267)) - Registered Data node : 897108c5-f3e3-4027-9d47-6249c0da204d{ip: 192.168.164.210, host: pr-hdds-2448-del-container-qmj8s-3203767274, networkLocation: /default-rack, certSerialId: null}
2019-11-14 23:37:22,647 [IPC Server handler 4 on 37437] INFO  net.NetworkTopology (NetworkTopologyImpl.java:add(111)) - Added a new node: /default-rack/f9d5cdb5-b3ac-43fe-9615-fae3d6058425
2019-11-14 23:37:22,647 [IPC Server handler 4 on 37437] INFO  node.SCMNodeManager (SCMNodeManager.java:register(267)) - Registered Data node : f9d5cdb5-b3ac-43fe-9615-fae3d6058425{ip: 192.168.164.210, host: pr-hdds-2448-del-container-qmj8s-3203767274, networkLocation: /default-rack, certSerialId: null}
2019-11-14 23:37:23,033 [grpc-default-executor-0] INFO  impl.RaftServerProxy (RaftServerProxy.java:addNew(89)) - 7ed3e0d1-6b9f-472e-8f0f-f1c30a7e2ec2: addNew group-DB624E642C8C:[7ed3e0d1-6b9f-472e-8f0f-f1c30a7e2ec2:192.168.164.210:44223] returns group-DB624E642C8C:java.util.concurrent.CompletableFuture@d917e69[Not completed]
2019-11-14 23:37:23,047 [pool-27-thread-1] INFO  impl.RaftServerImpl (RaftServerImpl.java:<init>(98)) - 7ed3e0d1-6b9f-472e-8f0f-f1c30a7e2ec2: new RaftServerImpl for group-DB624E642C8C:[7ed3e0d1-6b9f-472e-8f0f-f1c30a7e2ec2:192.168.164.210:44223] with ContainerStateMachine:uninitialized
2019-11-14 23:37:23,050 [pool-27-thread-1] INFO  server.RaftServerConfigKeys (ConfUtils.java:logGet(43)) - raft.server.rpc.timeout.min = 5s (custom)
2019-11-14 23:37:23,051 [pool-27-thread-1] INFO  server.RaftServerConfigKeys (ConfUtils.java:logGet(43)) - raft.server.rpc.timeout.max = 5200ms (custom)
2019-11-14 23:37:23,051 [pool-27-thread-1] INFO  server.RaftServerConfigKeys (ConfUtils.java:logGet(43)) - raft.server.rpcslowness.timeout = 120s (custom)
2019-11-14 23:37:23,052 [pool-27-thread-1] INFO  server.RaftServerConfigKeys (ConfUtils.java:logGet(43)) - raft.server.sleep.deviation.threshold = 300 (default)
2019-11-14 23:37:23,053 [pool-27-thread-1] INFO  server.RaftServerConfigKeys (ConfUtils.java:logGet(43)) - raft.server.log.appender.install.snapshot.enabled = false (custom)
2019-11-14 23:37:23,062 [pool-27-thread-1] INFO  impl.RaftServerImpl (ServerState.java:<init>(103)) - 7ed3e0d1-6b9f-472e-8f0f-f1c30a7e2ec2@group-DB624E642C8C: ConfigurationManager, init=-1: [7ed3e0d1-6b9f-472e-8f0f-f1c30a7e2ec2:192.168.164.210:44223], old=null, confs=<EMPTY_MAP>
2019-11-14 23:37:23,063 [pool-27-thread-1] INFO  server.RaftServerConfigKeys (ConfUtils.java:logGet(43)) - raft.server.storage.dir = [/workdir/hadoop-ozone/tools/target/test-dir/MiniOzoneClusterImpl-f07ab170-b58e-42a5-bef9-89b4902fcd0c/datanode-0/data/ratis] (custom)
2019-11-14 23:37:23,070 [pool-27-thread-1] INFO  server.RaftServerConfigKeys (ConfUtils.java:logGet(43)) - raft.server.log.corruption.policy = EXCEPTION (default)
2019-11-14 23:37:23,072 [pool-27-thread-1] INFO  storage.RaftStorageDirectory (RaftStorageDirectory.java:analyzeStorage(246)) - The storage directory /workdir/hadoop-ozone/tools/target/test-dir/MiniOzoneClusterImpl-f07ab170-b58e-42a5-bef9-89b4902fcd0c/datanode-0/data/ratis/33820dec-c6a9-4190-bf7f-db624e642c8c does not exist. Creating ...
2019-11-14 23:37:23,092 [pool-27-thread-1] INFO  storage.RaftStorageDirectory (RaftStorageDirectory.java:tryLock(328)) - Lock on /workdir/hadoop-ozone/tools/target/test-dir/MiniOzoneClusterImpl-f07ab170-b58e-42a5-bef9-89b4902fcd0c/datanode-0/data/ratis/33820dec-c6a9-4190-bf7f-db624e642c8c/in_use.lock acquired by nodename 1728@pr-hdds-2448-del-container-qmj8s-3203767274
2019-11-14 23:37:23,108 [pool-27-thread-1] INFO  storage.RaftStorage (RaftStorage.java:format(84)) - Storage directory /workdir/hadoop-ozone/tools/target/test-dir/MiniOzoneClusterImpl-f07ab170-b58e-42a5-bef9-89b4902fcd0c/datanode-0/data/ratis/33820dec-c6a9-4190-bf7f-db624e642c8c has been successfully formatted.
2019-11-14 23:37:23,111 [pool-27-thread-1] INFO  ratis.ContainerStateMachine (ContainerStateMachine.java:loadSnapshot(223)) - group-DB624E642C8C: The snapshot info is null. Setting the last applied indexto:(t:0, i:~)
2019-11-14 23:37:23,111 [pool-27-thread-1] INFO  server.RaftServerConfigKeys (ConfUtils.java:logGet(43)) - raft.server.notification.no-leader.timeout = 120s (custom)
2019-11-14 23:37:23,113 [pool-27-thread-1] INFO  server.RaftServerConfigKeys (ConfUtils.java:logGet(43)) - raft.server.log.use.memory = false (default)
2019-11-14 23:37:23,119 [pool-27-thread-1] INFO  server.RaftServerConfigKeys (ConfUtils.java:logGet(43)) - raft.server.log.purge.gap = 1000000 (custom)
2019-11-14 23:37:23,119 [pool-27-thread-1] INFO  server.RaftServerConfigKeys (ConfUtils.java:logGet(43)) - raft.server.log.appender.buffer.byte-limit = 33554432 (custom)
2019-11-14 23:37:23,122 [pool-27-thread-1] INFO  server.RaftServerConfigKeys (ConfUtils.java:logGet(43)) - raft.server.log.segment.size.max = 1048576 (custom)
2019-11-14 23:37:23,127 [pool-27-thread-1] INFO  metrics.MetricRegistries (MetricRegistriesLoader.java:load(64)) - Loaded MetricRegistries class org.apache.ratis.metrics.impl.MetricRegistriesImpl
2019-11-14 23:37:23,131 [pool-27-thread-1] WARN  impl.MetricRegistriesImpl (MetricRegistriesImpl.java:lambda$create$1(61)) - First MetricRegistry has been created without registering reporters. You may need to call MetricRegistries.global().addReportRegistration(...) before.
2019-11-14 23:37:23,137 [pool-27-thread-1] INFO  server.RaftServerConfigKeys (ConfUtils.java:logGet(43)) - raft.server.log.segment.cache.num.max = 2 (custom)
2019-11-14 23:37:23,143 [pool-27-thread-1] INFO  segmented.SegmentedRaftLogWorker (SegmentedRaftLogWorker.java:<init>(173)) - new 7ed3e0d1-6b9f-472e-8f0f-f1c30a7e2ec2@group-DB624E642C8C-SegmentedRaftLogWorker for RaftStorage:Storage Directory /workdir/hadoop-ozone/tools/target/test-dir/MiniOzoneClusterImpl-f07ab170-b58e-42a5-bef9-89b4902fcd0c/datanode-0/data/ratis/33820dec-c6a9-4190-bf7f-db624e642c8c
2019-11-14 23:37:23,143 [pool-27-thread-1] INFO  server.RaftServerConfigKeys (ConfUtils.java:logGet(43)) - raft.server.log.queue.byte-limit = 2147483647 (custom)
2019-11-14 23:37:23,144 [pool-27-thread-1] INFO  server.RaftServerConfigKeys (ConfUtils.java:logGet(43)) - raft.server.log.queue.element-limit = 1024 (custom)
2019-11-14 23:37:23,145 [pool-27-thread-1] INFO  server.RaftServerConfigKeys (ConfUtils.java:logGet(43)) - raft.server.log.segment.size.max = 1048576 (custom)
2019-11-14 23:37:23,145 [pool-27-thread-1] INFO  server.RaftServerConfigKeys (ConfUtils.java:logGet(43)) - raft.server.log.preallocated.size = 16384 (custom)
2019-11-14 23:37:23,146 [pool-27-thread-1] INFO  server.RaftServerConfigKeys (ConfUtils.java:logGet(43)) - raft.server.log.write.buffer.size = 33554432 (custom)
2019-11-14 23:37:23,146 [pool-27-thread-1] INFO  server.RaftServerConfigKeys (ConfUtils.java:logGet(43)) - raft.server.log.force.sync.num = 128 (default)
2019-11-14 23:37:23,147 [pool-27-thread-1] INFO  server.RaftServerConfigKeys (ConfUtils.java:logGet(43)) - raft.server.log.statemachine.data.sync = true (default)
2019-11-14 23:37:23,148 [pool-27-thread-1] INFO  server.RaftServerConfigKeys (ConfUtils.java:logGet(43)) - raft.server.log.statemachine.data.sync.timeout = 10s (default)
2019-11-14 23:37:23,148 [pool-27-thread-1] INFO  server.RaftServerConfigKeys (ConfUtils.java:logGet(43)) - raft.server.log.statemachine.data.sync.timeout.retry = -1 (default)
2019-11-14 23:37:23,163 [pool-27-thread-1] INFO  server.RaftServerConfigKeys (ConfUtils.java:logGet(43)) - raft.server.log.statemachine.data.caching.enabled = true (custom)
2019-11-14 23:37:23,168 [pool-27-thread-1] INFO  segmented.SegmentedRaftLogWorker (SegmentedRaftLogWorker.java:lambda$new$0(128)) - 7ed3e0d1-6b9f-472e-8f0f-f1c30a7e2ec2@group-DB624E642C8C-SegmentedRaftLogWorker: flushIndex: setUnconditionally 0 -> -1
2019-11-14 23:37:23,172 [pool-27-thread-1] INFO  server.RaftServerConfigKeys (ConfUtils.java:logGet(43)) - raft.server.snapshot.auto.trigger.enabled = true (custom)
2019-11-14 23:37:23,173 [pool-27-thread-1] INFO  server.RaftServerConfigKeys (ConfUtils.java:logGet(43)) - raft.server.snapshot.auto.trigger.threshold = 10000 (custom)
2019-11-14 23:37:23,173 [pool-27-thread-1] INFO  server.RaftServerConfigKeys (ConfUtils.java:logGet(43)) - raft.server.snapshot.retention.file.num = 5 (custom)
2019-11-14 23:37:23,174 [pool-27-thread-1] INFO  server.RaftServerConfigKeys (ConfUtils.java:logGet(43)) - raft.server.retrycache.expirytime = 600000ms (custom)
2019-11-14 23:37:23,192 [pool-27-thread-1] WARN  impl.MetricRegistriesImpl (MetricRegistriesImpl.java:lambda$create$1(61)) - First MetricRegistry has been created without registering reporters. You may need to call MetricRegistries.global().addReportRegistration(...) before.
2019-11-14 23:37:23,194 [pool-27-thread-1] WARN  impl.MetricRegistriesImpl (MetricRegistriesImpl.java:lambda$create$1(61)) - First MetricRegistry has been created without registering reporters. You may need to call MetricRegistries.global().addReportRegistration(...) before.
2019-11-14 23:37:23,195 [pool-27-thread-1] INFO  impl.RaftServerImpl (RaftServerImpl.java:start(184)) - 7ed3e0d1-6b9f-472e-8f0f-f1c30a7e2ec2@group-DB624E642C8C: start as a follower, conf=-1: [7ed3e0d1-6b9f-472e-8f0f-f1c30a7e2ec2:192.168.164.210:44223], old=null
2019-11-14 23:37:23,196 [pool-27-thread-1] INFO  impl.RaftServerImpl (RaftServerImpl.java:setRole(173)) - 7ed3e0d1-6b9f-472e-8f0f-f1c30a7e2ec2@group-DB624E642C8C: changes role from      null to FOLLOWER at term 0 for startAsFollower
2019-11-14 23:37:23,197 [pool-27-thread-1] INFO  impl.RoleInfo (RoleInfo.java:updateAndGet(143)) - 7ed3e0d1-6b9f-472e-8f0f-f1c30a7e2ec2: start FollowerState
2019-11-14 23:37:23,199 [pool-27-thread-1] INFO  util.JmxRegister (JmxRegister.java:tryRegister(44)) - Successfully registered JMX Bean with object name Ratis:service=RaftServer,group=group-DB624E642C8C,id=7ed3e0d1-6b9f-472e-8f0f-f1c30a7e2ec2
2019-11-14 23:37:23,200 [pool-27-thread-1] WARN  impl.MetricRegistriesImpl (MetricRegistriesImpl.java:lambda$create$1(61)) - First MetricRegistry has been created without registering reporters. You may need to call MetricRegistries.global().addReportRegistration(...) before.
2019-11-14 23:37:23,272 [RatisPipelineUtilsThread] INFO  pipeline.PipelineStateManager (PipelineStateManager.java:addPipeline(55)) - Created pipeline Pipeline[ Id: 33820dec-c6a9-4190-bf7f-db624e642c8c, Nodes: 7ed3e0d1-6b9f-472e-8f0f-f1c30a7e2ec2{ip: 192.168.164.210, host: pr-hdds-2448-del-container-qmj8s-3203767274, networkLocation: /default-rack, certSerialId: null}, Type:RATIS, Factor:ONE, State:ALLOCATED]
2019-11-14 23:37:23,289 [grpc-default-executor-0] INFO  impl.RaftServerProxy (RaftServerProxy.java:addNew(89)) - f9d5cdb5-b3ac-43fe-9615-fae3d6058425: addNew group-F2B03D01FCAE:[f9d5cdb5-b3ac-43fe-9615-fae3d6058425:192.168.164.210:41795] returns group-F2B03D01FCAE:java.util.concurrent.CompletableFuture@36e03b8c[Not completed]
2019-11-14 23:37:23,308 [pool-49-thread-1] INFO  impl.RaftServerImpl (RaftServerImpl.java:<init>(98)) - f9d5cdb5-b3ac-43fe-9615-fae3d6058425: new RaftServerImpl for group-F2B03D01FCAE:[f9d5cdb5-b3ac-43fe-9615-fae3d6058425:192.168.164.210:41795] with ContainerStateMachine:uninitialized
2019-11-14 23:37:23,309 [pool-49-thread-1] INFO  server.RaftServerConfigKeys (ConfUtils.java:logGet(43)) - raft.server.rpc.timeout.min = 5s (custom)
2019-11-14 23:37:23,309 [pool-49-thread-1] INFO  server.RaftServerConfigKeys (ConfUtils.java:logGet(43)) - raft.server.rpc.timeout.max = 5200ms (custom)
2019-11-14 23:37:23,309 [pool-49-thread-1] INFO  server.RaftServerConfigKeys (ConfUtils.java:logGet(43)) - raft.server.rpcslowness.timeout = 120s (custom)
2019-11-14 23:37:23,309 [pool-49-thread-1] INFO  server.RaftServerConfigKeys (ConfUtils.java:logGet(43)) - raft.server.sleep.deviation.threshold = 300 (default)
2019-11-14 23:37:23,309 [pool-49-thread-1] INFO  server.RaftServerConfigKeys (ConfUtils.java:logGet(43)) - raft.server.log.appender.install.snapshot.enabled = false (custom)
2019-11-14 23:37:23,309 [pool-49-thread-1] INFO  impl.RaftServerImpl (ServerState.java:<init>(103)) - f9d5cdb5-b3ac-43fe-9615-fae3d6058425@group-F2B03D01FCAE: ConfigurationManager, init=-1: [f9d5cdb5-b3ac-43fe-9615-fae3d6058425:192.168.164.210:41795], old=null, confs=<EMPTY_MAP>
2019-11-14 23:37:23,310 [pool-49-thread-1] INFO  server.RaftServerConfigKeys (ConfUtils.java:logGet(43)) - raft.server.storage.dir = [/workdir/hadoop-ozone/tools/target/test-dir/MiniOzoneClusterImpl-f07ab170-b58e-42a5-bef9-89b4902fcd0c/datanode-2/data/ratis] (custom)
2019-11-14 23:37:23,310 [pool-49-thread-1] INFO  server.RaftServerConfigKeys (ConfUtils.java:logGet(43)) - raft.server.log.corruption.policy = EXCEPTION (default)
2019-11-14 23:37:23,310 [pool-49-thread-1] INFO  storage.RaftStorageDirectory (RaftStorageDirectory.java:analyzeStorage(246)) - The storage directory /workdir/hadoop-ozone/tools/target/test-dir/MiniOzoneClusterImpl-f07ab170-b58e-42a5-bef9-89b4902fcd0c/datanode-2/data/ratis/6dcd44d5-1c4c-4bd9-8719-f2b03d01fcae does not exist. Creating ...
2019-11-14 23:37:23,326 [pool-49-thread-1] INFO  storage.RaftStorageDirectory (RaftStorageDirectory.java:tryLock(328)) - Lock on /workdir/hadoop-ozone/tools/target/test-dir/MiniOzoneClusterImpl-f07ab170-b58e-42a5-bef9-89b4902fcd0c/datanode-2/data/ratis/6dcd44d5-1c4c-4bd9-8719-f2b03d01fcae/in_use.lock acquired by nodename 1728@pr-hdds-2448-del-container-qmj8s-3203767274
2019-11-14 23:37:23,338 [pool-49-thread-1] INFO  storage.RaftStorage (RaftStorage.java:format(84)) - Storage directory /workdir/hadoop-ozone/tools/target/test-dir/MiniOzoneClusterImpl-f07ab170-b58e-42a5-bef9-89b4902fcd0c/datanode-2/data/ratis/6dcd44d5-1c4c-4bd9-8719-f2b03d01fcae has been successfully formatted.
2019-11-14 23:37:23,339 [pool-49-thread-1] INFO  ratis.ContainerStateMachine (ContainerStateMachine.java:loadSnapshot(223)) - group-F2B03D01FCAE: The snapshot info is null. Setting the last applied indexto:(t:0, i:~)
2019-11-14 23:37:23,340 [pool-49-thread-1] INFO  server.RaftServerConfigKeys (ConfUtils.java:logGet(43)) - raft.server.notification.no-leader.timeout = 120s (custom)
2019-11-14 23:37:23,340 [pool-49-thread-1] INFO  server.RaftServerConfigKeys (ConfUtils.java:logGet(43)) - raft.server.log.use.memory = false (default)
2019-11-14 23:37:23,340 [pool-49-thread-1] INFO  server.RaftServerConfigKeys (ConfUtils.java:logGet(43)) - raft.server.log.purge.gap = 1000000 (custom)
2019-11-14 23:37:23,340 [pool-49-thread-1] INFO  server.RaftServerConfigKeys (ConfUtils.java:logGet(43)) - raft.server.log.appender.buffer.byte-limit = 33554432 (custom)
2019-11-14 23:37:23,340 [pool-49-thread-1] INFO  server.RaftServerConfigKeys (ConfUtils.java:logGet(43)) - raft.server.log.segment.size.max = 1048576 (custom)
2019-11-14 23:37:23,341 [pool-49-thread-1] WARN  impl.MetricRegistriesImpl (MetricRegistriesImpl.java:lambda$create$1(61)) - First MetricRegistry has been created without registering reporters. You may need to call MetricRegistries.global().addReportRegistration(...) before.
2019-11-14 23:37:23,341 [pool-49-thread-1] INFO  server.RaftServerConfigKeys (ConfUtils.java:logGet(43)) - raft.server.log.segment.cache.num.max = 2 (custom)
2019-11-14 23:37:23,341 [pool-49-thread-1] INFO  segmented.SegmentedRaftLogWorker (SegmentedRaftLogWorker.java:<init>(173)) - new f9d5cdb5-b3ac-43fe-9615-fae3d6058425@group-F2B03D01FCAE-SegmentedRaftLogWorker for RaftStorage:Storage Directory /workdir/hadoop-ozone/tools/target/test-dir/MiniOzoneClusterImpl-f07ab170-b58e-42a5-bef9-89b4902fcd0c/datanode-2/data/ratis/6dcd44d5-1c4c-4bd9-8719-f2b03d01fcae
2019-11-14 23:37:23,342 [pool-49-thread-1] INFO  server.RaftServerConfigKeys (ConfUtils.java:logGet(43)) - raft.server.log.queue.byte-limit = 2147483647 (custom)
2019-11-14 23:37:23,342 [pool-49-thread-1] INFO  server.RaftServerConfigKeys (ConfUtils.java:logGet(43)) - raft.server.log.queue.element-limit = 1024 (custom)
2019-11-14 23:37:23,342 [pool-49-thread-1] INFO  server.RaftServerConfigKeys (ConfUtils.java:logGet(43)) - raft.server.log.segment.size.max = 1048576 (custom)
2019-11-14 23:37:23,342 [pool-49-thread-1] INFO  server.RaftServerConfigKeys (ConfUtils.java:logGet(43)) - raft.server.log.preallocated.size = 16384 (custom)
2019-11-14 23:37:23,343 [pool-49-thread-1] INFO  server.RaftServerConfigKeys (ConfUtils.java:logGet(43)) - raft.server.log.write.buffer.size = 33554432 (custom)
2019-11-14 23:37:23,343 [pool-49-thread-1] INFO  server.RaftServerConfigKeys (ConfUtils.java:logGet(43)) - raft.server.log.force.sync.num = 128 (default)
2019-11-14 23:37:23,343 [pool-49-thread-1] INFO  server.RaftServerConfigKeys (ConfUtils.java:logGet(43)) - raft.server.log.statemachine.data.sync = true (default)
2019-11-14 23:37:23,343 [pool-49-thread-1] INFO  server.RaftServerConfigKeys (ConfUtils.java:logGet(43)) - raft.server.log.statemachine.data.sync.timeout = 10s (default)
2019-11-14 23:37:23,343 [pool-49-thread-1] INFO  server.RaftServerConfigKeys (ConfUtils.java:logGet(43)) - raft.server.log.statemachine.data.sync.timeout.retry = -1 (default)
2019-11-14 23:37:23,343 [pool-49-thread-1] INFO  server.RaftServerConfigKeys (ConfUtils.java:logGet(43)) - raft.server.log.statemachine.data.caching.enabled = true (custom)
2019-11-14 23:37:23,344 [pool-49-thread-1] INFO  segmented.SegmentedRaftLogWorker (SegmentedRaftLogWorker.java:lambda$new$0(128)) - f9d5cdb5-b3ac-43fe-9615-fae3d6058425@group-F2B03D01FCAE-SegmentedRaftLogWorker: flushIndex: setUnconditionally 0 -> -1
2019-11-14 23:37:23,344 [pool-49-thread-1] INFO  server.RaftServerConfigKeys (ConfUtils.java:logGet(43)) - raft.server.snapshot.auto.trigger.enabled = true (custom)
2019-11-14 23:37:23,344 [pool-49-thread-1] INFO  server.RaftServerConfigKeys (ConfUtils.java:logGet(43)) - raft.server.snapshot.auto.trigger.threshold = 10000 (custom)
2019-11-14 23:37:23,344 [pool-49-thread-1] INFO  server.RaftServerConfigKeys (ConfUtils.java:logGet(43)) - raft.server.snapshot.retention.file.num = 5 (custom)
2019-11-14 23:37:23,345 [pool-49-thread-1] INFO  server.RaftServerConfigKeys (ConfUtils.java:logGet(43)) - raft.server.retrycache.expirytime = 600000ms (custom)
2019-11-14 23:37:23,345 [pool-49-thread-1] WARN  impl.MetricRegistriesImpl (MetricRegistriesImpl.java:lambda$create$1(61)) - First MetricRegistry has been created without registering reporters. You may need to call MetricRegistries.global().addReportRegistration(...) before.
2019-11-14 23:37:23,345 [pool-49-thread-1] WARN  impl.MetricRegistriesImpl (MetricRegistriesImpl.java:lambda$create$1(61)) - First MetricRegistry has been created without registering reporters. You may need to call MetricRegistries.global().addReportRegistration(...) before.
2019-11-14 23:37:23,345 [pool-49-thread-1] INFO  impl.RaftServerImpl (RaftServerImpl.java:start(184)) - f9d5cdb5-b3ac-43fe-9615-fae3d6058425@group-F2B03D01FCAE: start as a follower, conf=-1: [f9d5cdb5-b3ac-43fe-9615-fae3d6058425:192.168.164.210:41795], old=null
2019-11-14 23:37:23,345 [pool-49-thread-1] INFO  impl.RaftServerImpl (RaftServerImpl.java:setRole(173)) - f9d5cdb5-b3ac-43fe-9615-fae3d6058425@group-F2B03D01FCAE: changes role from      null to FOLLOWER at term 0 for startAsFollower
2019-11-14 23:37:23,346 [pool-49-thread-1] INFO  impl.RoleInfo (RoleInfo.java:updateAndGet(143)) - f9d5cdb5-b3ac-43fe-9615-fae3d6058425: start FollowerState
2019-11-14 23:37:23,346 [pool-49-thread-1] INFO  util.JmxRegister (JmxRegister.java:tryRegister(44)) - Successfully registered JMX Bean with object name Ratis:service=RaftServer,group=group-F2B03D01FCAE,id=f9d5cdb5-b3ac-43fe-9615-fae3d6058425
2019-11-14 23:37:23,347 [pool-49-thread-1] WARN  impl.MetricRegistriesImpl (MetricRegistriesImpl.java:lambda$create$1(61)) - First MetricRegistry has been created without registering reporters. You may need to call MetricRegistries.global().addReportRegistration(...) before.
2019-11-14 23:37:23,359 [RatisPipelineUtilsThread] INFO  pipeline.PipelineStateManager (PipelineStateManager.java:addPipeline(55)) - Created pipeline Pipeline[ Id: 6dcd44d5-1c4c-4bd9-8719-f2b03d01fcae, Nodes: f9d5cdb5-b3ac-43fe-9615-fae3d6058425{ip: 192.168.164.210, host: pr-hdds-2448-del-container-qmj8s-3203767274, networkLocation: /default-rack, certSerialId: null}, Type:RATIS, Factor:ONE, State:ALLOCATED]
2019-11-14 23:37:23,373 [grpc-default-executor-0] INFO  impl.RaftServerProxy (RaftServerProxy.java:addNew(89)) - 897108c5-f3e3-4027-9d47-6249c0da204d: addNew group-0D63A9EBFBB8:[897108c5-f3e3-4027-9d47-6249c0da204d:192.168.164.210:39925] returns group-0D63A9EBFBB8:java.util.concurrent.CompletableFuture@331e4363[Not completed]
2019-11-14 23:37:23,384 [pool-38-thread-1] INFO  impl.RaftServerImpl (RaftServerImpl.java:<init>(98)) - 897108c5-f3e3-4027-9d47-6249c0da204d: new RaftServerImpl for group-0D63A9EBFBB8:[897108c5-f3e3-4027-9d47-6249c0da204d:192.168.164.210:39925] with ContainerStateMachine:uninitialized
2019-11-14 23:37:23,385 [pool-38-thread-1] INFO  server.RaftServerConfigKeys (ConfUtils.java:logGet(43)) - raft.server.rpc.timeout.min = 5s (custom)
2019-11-14 23:37:23,385 [pool-38-thread-1] INFO  server.RaftServerConfigKeys (ConfUtils.java:logGet(43)) - raft.server.rpc.timeout.max = 5200ms (custom)
2019-11-14 23:37:23,385 [pool-38-thread-1] INFO  server.RaftServerConfigKeys (ConfUtils.java:logGet(43)) - raft.server.rpcslowness.timeout = 120s (custom)
2019-11-14 23:37:23,386 [pool-38-thread-1] INFO  server.RaftServerConfigKeys (ConfUtils.java:logGet(43)) - raft.server.sleep.deviation.threshold = 300 (default)
2019-11-14 23:37:23,386 [pool-38-thread-1] INFO  server.RaftServerConfigKeys (ConfUtils.java:logGet(43)) - raft.server.log.appender.install.snapshot.enabled = false (custom)
2019-11-14 23:37:23,386 [pool-38-thread-1] INFO  impl.RaftServerImpl (ServerState.java:<init>(103)) - 897108c5-f3e3-4027-9d47-6249c0da204d@group-0D63A9EBFBB8: ConfigurationManager, init=-1: [897108c5-f3e3-4027-9d47-6249c0da204d:192.168.164.210:39925], old=null, confs=<EMPTY_MAP>
2019-11-14 23:37:23,386 [pool-38-thread-1] INFO  server.RaftServerConfigKeys (ConfUtils.java:logGet(43)) - raft.server.storage.dir = [/workdir/hadoop-ozone/tools/target/test-dir/MiniOzoneClusterImpl-f07ab170-b58e-42a5-bef9-89b4902fcd0c/datanode-1/data/ratis] (custom)
2019-11-14 23:37:23,386 [pool-38-thread-1] INFO  server.RaftServerConfigKeys (ConfUtils.java:logGet(43)) - raft.server.log.corruption.policy = EXCEPTION (default)
2019-11-14 23:37:23,387 [pool-38-thread-1] INFO  storage.RaftStorageDirectory (RaftStorageDirectory.java:analyzeStorage(246)) - The storage directory /workdir/hadoop-ozone/tools/target/test-dir/MiniOzoneClusterImpl-f07ab170-b58e-42a5-bef9-89b4902fcd0c/datanode-1/data/ratis/683d0550-7973-4b67-9d82-0d63a9ebfbb8 does not exist. Creating ...
2019-11-14 23:37:23,399 [pool-38-thread-1] INFO  storage.RaftStorageDirectory (RaftStorageDirectory.java:tryLock(328)) - Lock on /workdir/hadoop-ozone/tools/target/test-dir/MiniOzoneClusterImpl-f07ab170-b58e-42a5-bef9-89b4902fcd0c/datanode-1/data/ratis/683d0550-7973-4b67-9d82-0d63a9ebfbb8/in_use.lock acquired by nodename 1728@pr-hdds-2448-del-container-qmj8s-3203767274
2019-11-14 23:37:23,430 [pool-38-thread-1] INFO  storage.RaftStorage (RaftStorage.java:format(84)) - Storage directory /workdir/hadoop-ozone/tools/target/test-dir/MiniOzoneClusterImpl-f07ab170-b58e-42a5-bef9-89b4902fcd0c/datanode-1/data/ratis/683d0550-7973-4b67-9d82-0d63a9ebfbb8 has been successfully formatted.
2019-11-14 23:37:23,430 [pool-38-thread-1] INFO  ratis.ContainerStateMachine (ContainerStateMachine.java:loadSnapshot(223)) - group-0D63A9EBFBB8: The snapshot info is null. Setting the last applied indexto:(t:0, i:~)
2019-11-14 23:37:23,430 [pool-38-thread-1] INFO  server.RaftServerConfigKeys (ConfUtils.java:logGet(43)) - raft.server.notification.no-leader.timeout = 120s (custom)
2019-11-14 23:37:23,430 [pool-38-thread-1] INFO  server.RaftServerConfigKeys (ConfUtils.java:logGet(43)) - raft.server.log.use.memory = false (default)
2019-11-14 23:37:23,431 [pool-38-thread-1] INFO  server.RaftServerConfigKeys (ConfUtils.java:logGet(43)) - raft.server.log.purge.gap = 1000000 (custom)
2019-11-14 23:37:23,431 [pool-38-thread-1] INFO  server.RaftServerConfigKeys (ConfUtils.java:logGet(43)) - raft.server.log.appender.buffer.byte-limit = 33554432 (custom)
2019-11-14 23:37:23,431 [pool-38-thread-1] INFO  server.RaftServerConfigKeys (ConfUtils.java:logGet(43)) - raft.server.log.segment.size.max = 1048576 (custom)
2019-11-14 23:37:23,431 [pool-38-thread-1] WARN  impl.MetricRegistriesImpl (MetricRegistriesImpl.java:lambda$create$1(61)) - First MetricRegistry has been created without registering reporters. You may need to call MetricRegistries.global().addReportRegistration(...) before.
2019-11-14 23:37:23,431 [pool-38-thread-1] INFO  server.RaftServerConfigKeys (ConfUtils.java:logGet(43)) - raft.server.log.segment.cache.num.max = 2 (custom)
2019-11-14 23:37:23,431 [pool-38-thread-1] INFO  segmented.SegmentedRaftLogWorker (SegmentedRaftLogWorker.java:<init>(173)) - new 897108c5-f3e3-4027-9d47-6249c0da204d@group-0D63A9EBFBB8-SegmentedRaftLogWorker for RaftStorage:Storage Directory /workdir/hadoop-ozone/tools/target/test-dir/MiniOzoneClusterImpl-f07ab170-b58e-42a5-bef9-89b4902fcd0c/datanode-1/data/ratis/683d0550-7973-4b67-9d82-0d63a9ebfbb8
2019-11-14 23:37:23,431 [pool-38-thread-1] INFO  server.RaftServerConfigKeys (ConfUtils.java:logGet(43)) - raft.server.log.queue.byte-limit = 2147483647 (custom)
2019-11-14 23:37:23,431 [pool-38-thread-1] INFO  server.RaftServerConfigKeys (ConfUtils.java:logGet(43)) - raft.server.log.queue.element-limit = 1024 (custom)
2019-11-14 23:37:23,432 [pool-38-thread-1] INFO  server.RaftServerConfigKeys (ConfUtils.java:logGet(43)) - raft.server.log.segment.size.max = 1048576 (custom)
2019-11-14 23:37:23,432 [pool-38-thread-1] INFO  server.RaftServerConfigKeys (ConfUtils.java:logGet(43)) - raft.server.log.preallocated.size = 16384 (custom)
2019-11-14 23:37:23,432 [pool-38-thread-1] INFO  server.RaftServerConfigKeys (ConfUtils.java:logGet(43)) - raft.server.log.write.buffer.size = 33554432 (custom)
2019-11-14 23:37:23,432 [pool-38-thread-1] INFO  server.RaftServerConfigKeys (ConfUtils.java:logGet(43)) - raft.server.log.force.sync.num = 128 (default)
2019-11-14 23:37:23,432 [pool-38-thread-1] INFO  server.RaftServerConfigKeys (ConfUtils.java:logGet(43)) - raft.server.log.statemachine.data.sync = true (default)
2019-11-14 23:37:23,432 [pool-38-thread-1] INFO  server.RaftServerConfigKeys (ConfUtils.java:logGet(43)) - raft.server.log.statemachine.data.sync.timeout = 10s (default)
2019-11-14 23:37:23,432 [pool-38-thread-1] INFO  server.RaftServerConfigKeys (ConfUtils.java:logGet(43)) - raft.server.log.statemachine.data.sync.timeout.retry = -1 (default)
2019-11-14 23:37:23,433 [pool-38-thread-1] INFO  server.RaftServerConfigKeys (ConfUtils.java:logGet(43)) - raft.server.log.statemachine.data.caching.enabled = true (custom)
2019-11-14 23:37:23,433 [pool-38-thread-1] INFO  segmented.SegmentedRaftLogWorker (SegmentedRaftLogWorker.java:lambda$new$0(128)) - 897108c5-f3e3-4027-9d47-6249c0da204d@group-0D63A9EBFBB8-SegmentedRaftLogWorker: flushIndex: setUnconditionally 0 -> -1
2019-11-14 23:37:23,433 [pool-38-thread-1] INFO  server.RaftServerConfigKeys (ConfUtils.java:logGet(43)) - raft.server.snapshot.auto.trigger.enabled = true (custom)
2019-11-14 23:37:23,433 [pool-38-thread-1] INFO  server.RaftServerConfigKeys (ConfUtils.java:logGet(43)) - raft.server.snapshot.auto.trigger.threshold = 10000 (custom)
2019-11-14 23:37:23,434 [pool-38-thread-1] INFO  server.RaftServerConfigKeys (ConfUtils.java:logGet(43)) - raft.server.snapshot.retention.file.num = 5 (custom)
2019-11-14 23:37:23,434 [pool-38-thread-1] INFO  server.RaftServerConfigKeys (ConfUtils.java:logGet(43)) - raft.server.retrycache.expirytime = 600000ms (custom)
2019-11-14 23:37:23,434 [pool-38-thread-1] WARN  impl.MetricRegistriesImpl (MetricRegistriesImpl.java:lambda$create$1(61)) - First MetricRegistry has been created without registering reporters. You may need to call MetricRegistries.global().addReportRegistration(...) before.
2019-11-14 23:37:23,434 [pool-38-thread-1] WARN  impl.MetricRegistriesImpl (MetricRegistriesImpl.java:lambda$create$1(61)) - First MetricRegistry has been created without registering reporters. You may need to call MetricRegistries.global().addReportRegistration(...) before.
2019-11-14 23:37:23,434 [pool-38-thread-1] INFO  impl.RaftServerImpl (RaftServerImpl.java:start(184)) - 897108c5-f3e3-4027-9d47-6249c0da204d@group-0D63A9EBFBB8: start as a follower, conf=-1: [897108c5-f3e3-4027-9d47-6249c0da204d:192.168.164.210:39925], old=null
2019-11-14 23:37:23,434 [pool-38-thread-1] INFO  impl.RaftServerImpl (RaftServerImpl.java:setRole(173)) - 897108c5-f3e3-4027-9d47-6249c0da204d@group-0D63A9EBFBB8: changes role from      null to FOLLOWER at term 0 for startAsFollower
2019-11-14 23:37:23,435 [pool-38-thread-1] INFO  impl.RoleInfo (RoleInfo.java:updateAndGet(143)) - 897108c5-f3e3-4027-9d47-6249c0da204d: start FollowerState
2019-11-14 23:37:23,435 [pool-38-thread-1] INFO  util.JmxRegister (JmxRegister.java:tryRegister(44)) - Successfully registered JMX Bean with object name Ratis:service=RaftServer,group=group-0D63A9EBFBB8,id=897108c5-f3e3-4027-9d47-6249c0da204d
2019-11-14 23:37:23,435 [pool-38-thread-1] WARN  impl.MetricRegistriesImpl (MetricRegistriesImpl.java:lambda$create$1(61)) - First MetricRegistry has been created without registering reporters. You may need to call MetricRegistries.global().addReportRegistration(...) before.
2019-11-14 23:37:23,444 [RatisPipelineUtilsThread] INFO  pipeline.PipelineStateManager (PipelineStateManager.java:addPipeline(55)) - Created pipeline Pipeline[ Id: 683d0550-7973-4b67-9d82-0d63a9ebfbb8, Nodes: 897108c5-f3e3-4027-9d47-6249c0da204d{ip: 192.168.164.210, host: pr-hdds-2448-del-container-qmj8s-3203767274, networkLocation: /default-rack, certSerialId: null}, Type:RATIS, Factor:ONE, State:ALLOCATED]
2019-11-14 23:37:23,473 [grpc-default-executor-2] INFO  impl.RaftServerProxy (RaftServerProxy.java:addNew(89)) - 7ed3e0d1-6b9f-472e-8f0f-f1c30a7e2ec2: addNew group-CCE1571635DB:[7ed3e0d1-6b9f-472e-8f0f-f1c30a7e2ec2:192.168.164.210:44223, f9d5cdb5-b3ac-43fe-9615-fae3d6058425:192.168.164.210:41795, 897108c5-f3e3-4027-9d47-6249c0da204d:192.168.164.210:39925] returns group-CCE1571635DB:java.util.concurrent.CompletableFuture@c8b6272[Not completed]
2019-11-14 23:37:23,473 [grpc-default-executor-1] INFO  impl.RaftServerProxy (RaftServerProxy.java:addNew(89)) - 897108c5-f3e3-4027-9d47-6249c0da204d: addNew group-CCE1571635DB:[7ed3e0d1-6b9f-472e-8f0f-f1c30a7e2ec2:192.168.164.210:44223, f9d5cdb5-b3ac-43fe-9615-fae3d6058425:192.168.164.210:41795, 897108c5-f3e3-4027-9d47-6249c0da204d:192.168.164.210:39925] returns group-CCE1571635DB:java.util.concurrent.CompletableFuture@6659f780[Not completed]
2019-11-14 23:37:23,474 [grpc-default-executor-0] INFO  impl.RaftServerProxy (RaftServerProxy.java:addNew(89)) - f9d5cdb5-b3ac-43fe-9615-fae3d6058425: addNew group-CCE1571635DB:[7ed3e0d1-6b9f-472e-8f0f-f1c30a7e2ec2:192.168.164.210:44223, f9d5cdb5-b3ac-43fe-9615-fae3d6058425:192.168.164.210:41795, 897108c5-f3e3-4027-9d47-6249c0da204d:192.168.164.210:39925] returns group-CCE1571635DB:java.util.concurrent.CompletableFuture@30ae9e3c[Not completed]
2019-11-14 23:37:23,475 [pool-38-thread-1] INFO  impl.RaftServerImpl (RaftServerImpl.java:<init>(98)) - 897108c5-f3e3-4027-9d47-6249c0da204d: new RaftServerImpl for group-CCE1571635DB:[7ed3e0d1-6b9f-472e-8f0f-f1c30a7e2ec2:192.168.164.210:44223, f9d5cdb5-b3ac-43fe-9615-fae3d6058425:192.168.164.210:41795, 897108c5-f3e3-4027-9d47-6249c0da204d:192.168.164.210:39925] with ContainerStateMachine:uninitialized
2019-11-14 23:37:23,475 [pool-38-thread-1] INFO  server.RaftServerConfigKeys (ConfUtils.java:logGet(43)) - raft.server.rpc.timeout.min = 5s (custom)
2019-11-14 23:37:23,475 [pool-38-thread-1] INFO  server.RaftServerConfigKeys (ConfUtils.java:logGet(43)) - raft.server.rpc.timeout.max = 5200ms (custom)
2019-11-14 23:37:23,475 [pool-38-thread-1] INFO  server.RaftServerConfigKeys (ConfUtils.java:logGet(43)) - raft.server.rpcslowness.timeout = 120s (custom)
2019-11-14 23:37:23,475 [pool-38-thread-1] INFO  server.RaftServerConfigKeys (ConfUtils.java:logGet(43)) - raft.server.sleep.deviation.threshold = 300 (default)
2019-11-14 23:37:23,476 [pool-38-thread-1] INFO  server.RaftServerConfigKeys (ConfUtils.java:logGet(43)) - raft.server.log.appender.install.snapshot.enabled = false (custom)
2019-11-14 23:37:23,476 [pool-49-thread-1] INFO  impl.RaftServerImpl (RaftServerImpl.java:<init>(98)) - f9d5cdb5-b3ac-43fe-9615-fae3d6058425: new RaftServerImpl for group-CCE1571635DB:[7ed3e0d1-6b9f-472e-8f0f-f1c30a7e2ec2:192.168.164.210:44223, f9d5cdb5-b3ac-43fe-9615-fae3d6058425:192.168.164.210:41795, 897108c5-f3e3-4027-9d47-6249c0da204d:192.168.164.210:39925] with ContainerStateMachine:uninitialized
2019-11-14 23:37:23,476 [pool-38-thread-1] INFO  impl.RaftServerImpl (ServerState.java:<init>(103)) - 897108c5-f3e3-4027-9d47-6249c0da204d@group-CCE1571635DB: ConfigurationManager, init=-1: [7ed3e0d1-6b9f-472e-8f0f-f1c30a7e2ec2:192.168.164.210:44223, f9d5cdb5-b3ac-43fe-9615-fae3d6058425:192.168.164.210:41795, 897108c5-f3e3-4027-9d47-6249c0da204d:192.168.164.210:39925], old=null, confs=<EMPTY_MAP>
2019-11-14 23:37:23,476 [pool-49-thread-1] INFO  server.RaftServerConfigKeys (ConfUtils.java:logGet(43)) - raft.server.rpc.timeout.min = 5s (custom)
2019-11-14 23:37:23,476 [pool-38-thread-1] INFO  server.RaftServerConfigKeys (ConfUtils.java:logGet(43)) - raft.server.storage.dir = [/workdir/hadoop-ozone/tools/target/test-dir/MiniOzoneClusterImpl-f07ab170-b58e-42a5-bef9-89b4902fcd0c/datanode-1/data/ratis] (custom)
2019-11-14 23:37:23,476 [pool-49-thread-1] INFO  server.RaftServerConfigKeys (ConfUtils.java:logGet(43)) - raft.server.rpc.timeout.max = 5200ms (custom)
2019-11-14 23:37:23,476 [pool-49-thread-1] INFO  server.RaftServerConfigKeys (ConfUtils.java:logGet(43)) - raft.server.rpcslowness.timeout = 120s (custom)
2019-11-14 23:37:23,476 [pool-27-thread-1] INFO  impl.RaftServerImpl (RaftServerImpl.java:<init>(98)) - 7ed3e0d1-6b9f-472e-8f0f-f1c30a7e2ec2: new RaftServerImpl for group-CCE1571635DB:[7ed3e0d1-6b9f-472e-8f0f-f1c30a7e2ec2:192.168.164.210:44223, f9d5cdb5-b3ac-43fe-9615-fae3d6058425:192.168.164.210:41795, 897108c5-f3e3-4027-9d47-6249c0da204d:192.168.164.210:39925] with ContainerStateMachine:uninitialized
2019-11-14 23:37:23,476 [pool-38-thread-1] INFO  server.RaftServerConfigKeys (ConfUtils.java:logGet(43)) - raft.server.log.corruption.policy = EXCEPTION (default)
2019-11-14 23:37:23,476 [pool-49-thread-1] INFO  server.RaftServerConfigKeys (ConfUtils.java:logGet(43)) - raft.server.sleep.deviation.threshold = 300 (default)
2019-11-14 23:37:23,476 [pool-27-thread-1] INFO  server.RaftServerConfigKeys (ConfUtils.java:logGet(43)) - raft.server.rpc.timeout.min = 5s (custom)
2019-11-14 23:37:23,476 [pool-49-thread-1] INFO  server.RaftServerConfigKeys (ConfUtils.java:logGet(43)) - raft.server.log.appender.install.snapshot.enabled = false (custom)
2019-11-14 23:37:23,476 [pool-38-thread-1] INFO  storage.RaftStorageDirectory (RaftStorageDirectory.java:analyzeStorage(246)) - The storage directory /workdir/hadoop-ozone/tools/target/test-dir/MiniOzoneClusterImpl-f07ab170-b58e-42a5-bef9-89b4902fcd0c/datanode-1/data/ratis/8a42a16d-567e-449b-ad29-cce1571635db does not exist. Creating ...
2019-11-14 23:37:23,477 [pool-49-thread-1] INFO  impl.RaftServerImpl (ServerState.java:<init>(103)) - f9d5cdb5-b3ac-43fe-9615-fae3d6058425@group-CCE1571635DB: ConfigurationManager, init=-1: [7ed3e0d1-6b9f-472e-8f0f-f1c30a7e2ec2:192.168.164.210:44223, f9d5cdb5-b3ac-43fe-9615-fae3d6058425:192.168.164.210:41795, 897108c5-f3e3-4027-9d47-6249c0da204d:192.168.164.210:39925], old=null, confs=<EMPTY_MAP>
2019-11-14 23:37:23,477 [pool-27-thread-1] INFO  server.RaftServerConfigKeys (ConfUtils.java:logGet(43)) - raft.server.rpc.timeout.max = 5200ms (custom)
2019-11-14 23:37:23,477 [pool-49-thread-1] INFO  server.RaftServerConfigKeys (ConfUtils.java:logGet(43)) - raft.server.storage.dir = [/workdir/hadoop-ozone/tools/target/test-dir/MiniOzoneClusterImpl-f07ab170-b58e-42a5-bef9-89b4902fcd0c/datanode-2/data/ratis] (custom)
2019-11-14 23:37:23,477 [pool-27-thread-1] INFO  server.RaftServerConfigKeys (ConfUtils.java:logGet(43)) - raft.server.rpcslowness.timeout = 120s (custom)
2019-11-14 23:37:23,477 [pool-27-thread-1] INFO  server.RaftServerConfigKeys (ConfUtils.java:logGet(43)) - raft.server.sleep.deviation.threshold = 300 (default)
2019-11-14 23:37:23,477 [pool-49-thread-1] INFO  server.RaftServerConfigKeys (ConfUtils.java:logGet(43)) - raft.server.log.corruption.policy = EXCEPTION (default)
2019-11-14 23:37:23,477 [pool-27-thread-1] INFO  server.RaftServerConfigKeys (ConfUtils.java:logGet(43)) - raft.server.log.appender.install.snapshot.enabled = false (custom)
2019-11-14 23:37:23,477 [pool-49-thread-1] INFO  storage.RaftStorageDirectory (RaftStorageDirectory.java:analyzeStorage(246)) - The storage directory /workdir/hadoop-ozone/tools/target/test-dir/MiniOzoneClusterImpl-f07ab170-b58e-42a5-bef9-89b4902fcd0c/datanode-2/data/ratis/8a42a16d-567e-449b-ad29-cce1571635db does not exist. Creating ...
2019-11-14 23:37:23,477 [pool-27-thread-1] INFO  impl.RaftServerImpl (ServerState.java:<init>(103)) - 7ed3e0d1-6b9f-472e-8f0f-f1c30a7e2ec2@group-CCE1571635DB: ConfigurationManager, init=-1: [7ed3e0d1-6b9f-472e-8f0f-f1c30a7e2ec2:192.168.164.210:44223, f9d5cdb5-b3ac-43fe-9615-fae3d6058425:192.168.164.210:41795, 897108c5-f3e3-4027-9d47-6249c0da204d:192.168.164.210:39925], old=null, confs=<EMPTY_MAP>
2019-11-14 23:37:23,478 [pool-27-thread-1] INFO  server.RaftServerConfigKeys (ConfUtils.java:logGet(43)) - raft.server.storage.dir = [/workdir/hadoop-ozone/tools/target/test-dir/MiniOzoneClusterImpl-f07ab170-b58e-42a5-bef9-89b4902fcd0c/datanode-0/data/ratis] (custom)
2019-11-14 23:37:23,478 [pool-27-thread-1] INFO  server.RaftServerConfigKeys (ConfUtils.java:logGet(43)) - raft.server.log.corruption.policy = EXCEPTION (default)
2019-11-14 23:37:23,478 [pool-27-thread-1] INFO  storage.RaftStorageDirectory (RaftStorageDirectory.java:analyzeStorage(246)) - The storage directory /workdir/hadoop-ozone/tools/target/test-dir/MiniOzoneClusterImpl-f07ab170-b58e-42a5-bef9-89b4902fcd0c/datanode-0/data/ratis/8a42a16d-567e-449b-ad29-cce1571635db does not exist. Creating ...
2019-11-14 23:37:23,491 [pool-49-thread-1] INFO  storage.RaftStorageDirectory (RaftStorageDirectory.java:tryLock(328)) - Lock on /workdir/hadoop-ozone/tools/target/test-dir/MiniOzoneClusterImpl-f07ab170-b58e-42a5-bef9-89b4902fcd0c/datanode-2/data/ratis/8a42a16d-567e-449b-ad29-cce1571635db/in_use.lock acquired by nodename 1728@pr-hdds-2448-del-container-qmj8s-3203767274
2019-11-14 23:37:23,491 [pool-27-thread-1] INFO  storage.RaftStorageDirectory (RaftStorageDirectory.java:tryLock(328)) - Lock on /workdir/hadoop-ozone/tools/target/test-dir/MiniOzoneClusterImpl-f07ab170-b58e-42a5-bef9-89b4902fcd0c/datanode-0/data/ratis/8a42a16d-567e-449b-ad29-cce1571635db/in_use.lock acquired by nodename 1728@pr-hdds-2448-del-container-qmj8s-3203767274
2019-11-14 23:37:23,491 [pool-38-thread-1] INFO  storage.RaftStorageDirectory (RaftStorageDirectory.java:tryLock(328)) - Lock on /workdir/hadoop-ozone/tools/target/test-dir/MiniOzoneClusterImpl-f07ab170-b58e-42a5-bef9-89b4902fcd0c/datanode-1/data/ratis/8a42a16d-567e-449b-ad29-cce1571635db/in_use.lock acquired by nodename 1728@pr-hdds-2448-del-container-qmj8s-3203767274
2019-11-14 23:37:23,505 [pool-38-thread-1] INFO  storage.RaftStorage (RaftStorage.java:format(84)) - Storage directory /workdir/hadoop-ozone/tools/target/test-dir/MiniOzoneClusterImpl-f07ab170-b58e-42a5-bef9-89b4902fcd0c/datanode-1/data/ratis/8a42a16d-567e-449b-ad29-cce1571635db has been successfully formatted.
2019-11-14 23:37:23,505 [pool-27-thread-1] INFO  storage.RaftStorage (RaftStorage.java:format(84)) - Storage directory /workdir/hadoop-ozone/tools/target/test-dir/MiniOzoneClusterImpl-f07ab170-b58e-42a5-bef9-89b4902fcd0c/datanode-0/data/ratis/8a42a16d-567e-449b-ad29-cce1571635db has been successfully formatted.
2019-11-14 23:37:23,505 [pool-49-thread-1] INFO  storage.RaftStorage (RaftStorage.java:format(84)) - Storage directory /workdir/hadoop-ozone/tools/target/test-dir/MiniOzoneClusterImpl-f07ab170-b58e-42a5-bef9-89b4902fcd0c/datanode-2/data/ratis/8a42a16d-567e-449b-ad29-cce1571635db has been successfully formatted.
2019-11-14 23:37:23,505 [pool-38-thread-1] INFO  ratis.ContainerStateMachine (ContainerStateMachine.java:loadSnapshot(223)) - group-CCE1571635DB: The snapshot info is null. Setting the last applied indexto:(t:0, i:~)
2019-11-14 23:37:23,505 [pool-27-thread-1] INFO  ratis.ContainerStateMachine (ContainerStateMachine.java:loadSnapshot(223)) - group-CCE1571635DB: The snapshot info is null. Setting the last applied indexto:(t:0, i:~)
2019-11-14 23:37:23,505 [pool-38-thread-1] INFO  server.RaftServerConfigKeys (ConfUtils.java:logGet(43)) - raft.server.notification.no-leader.timeout = 120s (custom)
2019-11-14 23:37:23,505 [pool-27-thread-1] INFO  server.RaftServerConfigKeys (ConfUtils.java:logGet(43)) - raft.server.notification.no-leader.timeout = 120s (custom)
2019-11-14 23:37:23,505 [pool-49-thread-1] INFO  ratis.ContainerStateMachine (ContainerStateMachine.java:loadSnapshot(223)) - group-CCE1571635DB: The snapshot info is null. Setting the last applied indexto:(t:0, i:~)
2019-11-14 23:37:23,506 [pool-27-thread-1] INFO  server.RaftServerConfigKeys (ConfUtils.java:logGet(43)) - raft.server.log.use.memory = false (default)
2019-11-14 23:37:23,505 [pool-38-thread-1] INFO  server.RaftServerConfigKeys (ConfUtils.java:logGet(43)) - raft.server.log.use.memory = false (default)
2019-11-14 23:37:23,506 [pool-27-thread-1] INFO  server.RaftServerConfigKeys (ConfUtils.java:logGet(43)) - raft.server.log.purge.gap = 1000000 (custom)
2019-11-14 23:37:23,506 [pool-49-thread-1] INFO  server.RaftServerConfigKeys (ConfUtils.java:logGet(43)) - raft.server.notification.no-leader.timeout = 120s (custom)
2019-11-14 23:37:23,506 [pool-38-thread-1] INFO  server.RaftServerConfigKeys (ConfUtils.java:logGet(43)) - raft.server.log.purge.gap = 1000000 (custom)
2019-11-14 23:37:23,506 [pool-49-thread-1] INFO  server.RaftServerConfigKeys (ConfUtils.java:logGet(43)) - raft.server.log.use.memory = false (default)
2019-11-14 23:37:23,506 [pool-27-thread-1] INFO  server.RaftServerConfigKeys (ConfUtils.java:logGet(43)) - raft.server.log.appender.buffer.byte-limit = 33554432 (custom)
2019-11-14 23:37:23,506 [pool-49-thread-1] INFO  server.RaftServerConfigKeys (ConfUtils.java:logGet(43)) - raft.server.log.purge.gap = 1000000 (custom)
2019-11-14 23:37:23,507 [pool-27-thread-1] INFO  server.RaftServerConfigKeys (ConfUtils.java:logGet(43)) - raft.server.log.segment.size.max = 1048576 (custom)
2019-11-14 23:37:23,506 [pool-38-thread-1] INFO  server.RaftServerConfigKeys (ConfUtils.java:logGet(43)) - raft.server.log.appender.buffer.byte-limit = 33554432 (custom)
2019-11-14 23:37:23,507 [pool-49-thread-1] INFO  server.RaftServerConfigKeys (ConfUtils.java:logGet(43)) - raft.server.log.appender.buffer.byte-limit = 33554432 (custom)
2019-11-14 23:37:23,507 [pool-27-thread-1] INFO  server.RaftServerConfigKeys (ConfUtils.java:logGet(43)) - raft.server.log.segment.cache.num.max = 2 (custom)
2019-11-14 23:37:23,507 [pool-38-thread-1] INFO  server.RaftServerConfigKeys (ConfUtils.java:logGet(43)) - raft.server.log.segment.size.max = 1048576 (custom)
2019-11-14 23:37:23,507 [pool-27-thread-1] INFO  segmented.SegmentedRaftLogWorker (SegmentedRaftLogWorker.java:<init>(173)) - new 7ed3e0d1-6b9f-472e-8f0f-f1c30a7e2ec2@group-CCE1571635DB-SegmentedRaftLogWorker for RaftStorage:Storage Directory /workdir/hadoop-ozone/tools/target/test-dir/MiniOzoneClusterImpl-f07ab170-b58e-42a5-bef9-89b4902fcd0c/datanode-0/data/ratis/8a42a16d-567e-449b-ad29-cce1571635db
2019-11-14 23:37:23,507 [pool-49-thread-1] INFO  server.RaftServerConfigKeys (ConfUtils.java:logGet(43)) - raft.server.log.segment.size.max = 1048576 (custom)
2019-11-14 23:37:23,507 [pool-27-thread-1] INFO  server.RaftServerConfigKeys (ConfUtils.java:logGet(43)) - raft.server.log.queue.byte-limit = 2147483647 (custom)
2019-11-14 23:37:23,507 [pool-38-thread-1] INFO  server.RaftServerConfigKeys (ConfUtils.java:logGet(43)) - raft.server.log.segment.cache.num.max = 2 (custom)
2019-11-14 23:37:23,508 [pool-27-thread-1] INFO  server.RaftServerConfigKeys (ConfUtils.java:logGet(43)) - raft.server.log.queue.element-limit = 1024 (custom)
2019-11-14 23:37:23,508 [pool-49-thread-1] INFO  server.RaftServerConfigKeys (ConfUtils.java:logGet(43)) - raft.server.log.segment.cache.num.max = 2 (custom)
2019-11-14 23:37:23,508 [pool-27-thread-1] INFO  server.RaftServerConfigKeys (ConfUtils.java:logGet(43)) - raft.server.log.segment.size.max = 1048576 (custom)
2019-11-14 23:37:23,508 [pool-38-thread-1] INFO  segmented.SegmentedRaftLogWorker (SegmentedRaftLogWorker.java:<init>(173)) - new 897108c5-f3e3-4027-9d47-6249c0da204d@group-CCE1571635DB-SegmentedRaftLogWorker for RaftStorage:Storage Directory /workdir/hadoop-ozone/tools/target/test-dir/MiniOzoneClusterImpl-f07ab170-b58e-42a5-bef9-89b4902fcd0c/datanode-1/data/ratis/8a42a16d-567e-449b-ad29-cce1571635db
2019-11-14 23:37:23,508 [pool-27-thread-1] INFO  server.RaftServerConfigKeys (ConfUtils.java:logGet(43)) - raft.server.log.preallocated.size = 16384 (custom)
2019-11-14 23:37:23,508 [pool-49-thread-1] INFO  segmented.SegmentedRaftLogWorker (SegmentedRaftLogWorker.java:<init>(173)) - new f9d5cdb5-b3ac-43fe-9615-fae3d6058425@group-CCE1571635DB-SegmentedRaftLogWorker for RaftStorage:Storage Directory /workdir/hadoop-ozone/tools/target/test-dir/MiniOzoneClusterImpl-f07ab170-b58e-42a5-bef9-89b4902fcd0c/datanode-2/data/ratis/8a42a16d-567e-449b-ad29-cce1571635db
2019-11-14 23:37:23,508 [pool-27-thread-1] INFO  server.RaftServerConfigKeys (ConfUtils.java:logGet(43)) - raft.server.log.write.buffer.size = 33554432 (custom)
2019-11-14 23:37:23,508 [pool-38-thread-1] INFO  server.RaftServerConfigKeys (ConfUtils.java:logGet(43)) - raft.server.log.queue.byte-limit = 2147483647 (custom)
2019-11-14 23:37:23,509 [pool-27-thread-1] INFO  server.RaftServerConfigKeys (ConfUtils.java:logGet(43)) - raft.server.log.force.sync.num = 128 (default)
2019-11-14 23:37:23,508 [pool-49-thread-1] INFO  server.RaftServerConfigKeys (ConfUtils.java:logGet(43)) - raft.server.log.queue.byte-limit = 2147483647 (custom)
2019-11-14 23:37:23,509 [pool-27-thread-1] INFO  server.RaftServerConfigKeys (ConfUtils.java:logGet(43)) - raft.server.log.statemachine.data.sync = true (default)
2019-11-14 23:37:23,509 [pool-38-thread-1] INFO  server.RaftServerConfigKeys (ConfUtils.java:logGet(43)) - raft.server.log.queue.element-limit = 1024 (custom)
2019-11-14 23:37:23,509 [pool-27-thread-1] INFO  server.RaftServerConfigKeys (ConfUtils.java:logGet(43)) - raft.server.log.statemachine.data.sync.timeout = 10s (default)
2019-11-14 23:37:23,509 [pool-49-thread-1] INFO  server.RaftServerConfigKeys (ConfUtils.java:logGet(43)) - raft.server.log.queue.element-limit = 1024 (custom)
2019-11-14 23:37:23,510 [pool-27-thread-1] INFO  server.RaftServerConfigKeys (ConfUtils.java:logGet(43)) - raft.server.log.statemachine.data.sync.timeout.retry = -1 (default)
2019-11-14 23:37:23,509 [pool-38-thread-1] INFO  server.RaftServerConfigKeys (ConfUtils.java:logGet(43)) - raft.server.log.segment.size.max = 1048576 (custom)
2019-11-14 23:37:23,510 [pool-49-thread-1] INFO  server.RaftServerConfigKeys (ConfUtils.java:logGet(43)) - raft.server.log.segment.size.max = 1048576 (custom)
2019-11-14 23:37:23,510 [pool-38-thread-1] INFO  server.RaftServerConfigKeys (ConfUtils.java:logGet(43)) - raft.server.log.preallocated.size = 16384 (custom)
2019-11-14 23:37:23,510 [pool-27-thread-1] INFO  server.RaftServerConfigKeys (ConfUtils.java:logGet(43)) - raft.server.log.statemachine.data.caching.enabled = true (custom)
2019-11-14 23:37:23,510 [pool-49-thread-1] INFO  server.RaftServerConfigKeys (ConfUtils.java:logGet(43)) - raft.server.log.preallocated.size = 16384 (custom)
2019-11-14 23:37:23,510 [pool-38-thread-1] INFO  server.RaftServerConfigKeys (ConfUtils.java:logGet(43)) - raft.server.log.write.buffer.size = 33554432 (custom)
2019-11-14 23:37:23,510 [pool-49-thread-1] INFO  server.RaftServerConfigKeys (ConfUtils.java:logGet(43)) - raft.server.log.write.buffer.size = 33554432 (custom)
2019-11-14 23:37:23,510 [pool-38-thread-1] INFO  server.RaftServerConfigKeys (ConfUtils.java:logGet(43)) - raft.server.log.force.sync.num = 128 (default)
2019-11-14 23:37:23,510 [pool-49-thread-1] INFO  server.RaftServerConfigKeys (ConfUtils.java:logGet(43)) - raft.server.log.force.sync.num = 128 (default)
2019-11-14 23:37:23,511 [pool-27-thread-1] INFO  segmented.SegmentedRaftLogWorker (SegmentedRaftLogWorker.java:lambda$new$0(128)) - 7ed3e0d1-6b9f-472e-8f0f-f1c30a7e2ec2@group-CCE1571635DB-SegmentedRaftLogWorker: flushIndex: setUnconditionally 0 -> -1
2019-11-14 23:37:23,511 [pool-38-thread-1] INFO  server.RaftServerConfigKeys (ConfUtils.java:logGet(43)) - raft.server.log.statemachine.data.sync = true (default)
2019-11-14 23:37:23,511 [pool-49-thread-1] INFO  server.RaftServerConfigKeys (ConfUtils.java:logGet(43)) - raft.server.log.statemachine.data.sync = true (default)
2019-11-14 23:37:23,511 [pool-38-thread-1] INFO  server.RaftServerConfigKeys (ConfUtils.java:logGet(43)) - raft.server.log.statemachine.data.sync.timeout = 10s (default)
2019-11-14 23:37:23,511 [pool-49-thread-1] INFO  server.RaftServerConfigKeys (ConfUtils.java:logGet(43)) - raft.server.log.statemachine.data.sync.timeout = 10s (default)
2019-11-14 23:37:23,511 [pool-27-thread-1] INFO  server.RaftServerConfigKeys (ConfUtils.java:logGet(43)) - raft.server.snapshot.auto.trigger.enabled = true (custom)
2019-11-14 23:37:23,511 [pool-38-thread-1] INFO  server.RaftServerConfigKeys (ConfUtils.java:logGet(43)) - raft.server.log.statemachine.data.sync.timeout.retry = -1 (default)
2019-11-14 23:37:23,511 [pool-27-thread-1] INFO  server.RaftServerConfigKeys (ConfUtils.java:logGet(43)) - raft.server.snapshot.auto.trigger.threshold = 10000 (custom)
2019-11-14 23:37:23,511 [pool-49-thread-1] INFO  server.RaftServerConfigKeys (ConfUtils.java:logGet(43)) - raft.server.log.statemachine.data.sync.timeout.retry = -1 (default)
2019-11-14 23:37:23,512 [pool-27-thread-1] INFO  server.RaftServerConfigKeys (ConfUtils.java:logGet(43)) - raft.server.snapshot.retention.file.num = 5 (custom)
2019-11-14 23:37:23,512 [pool-38-thread-1] INFO  server.RaftServerConfigKeys (ConfUtils.java:logGet(43)) - raft.server.log.statemachine.data.caching.enabled = true (custom)
2019-11-14 23:37:23,512 [pool-49-thread-1] INFO  server.RaftServerConfigKeys (ConfUtils.java:logGet(43)) - raft.server.log.statemachine.data.caching.enabled = true (custom)
2019-11-14 23:37:23,512 [pool-27-thread-1] INFO  server.RaftServerConfigKeys (ConfUtils.java:logGet(43)) - raft.server.retrycache.expirytime = 600000ms (custom)
2019-11-14 23:37:23,512 [pool-38-thread-1] INFO  segmented.SegmentedRaftLogWorker (SegmentedRaftLogWorker.java:lambda$new$0(128)) - 897108c5-f3e3-4027-9d47-6249c0da204d@group-CCE1571635DB-SegmentedRaftLogWorker: flushIndex: setUnconditionally 0 -> -1
2019-11-14 23:37:23,512 [pool-49-thread-1] INFO  segmented.SegmentedRaftLogWorker (SegmentedRaftLogWorker.java:lambda$new$0(128)) - f9d5cdb5-b3ac-43fe-9615-fae3d6058425@group-CCE1571635DB-SegmentedRaftLogWorker: flushIndex: setUnconditionally 0 -> -1
2019-11-14 23:37:23,512 [pool-27-thread-1] WARN  impl.MetricRegistriesImpl (MetricRegistriesImpl.java:lambda$create$1(61)) - First MetricRegistry has been created without registering reporters. You may need to call MetricRegistries.global().addReportRegistration(...) before.
2019-11-14 23:37:23,513 [pool-38-thread-1] INFO  server.RaftServerConfigKeys (ConfUtils.java:logGet(43)) - raft.server.snapshot.auto.trigger.enabled = true (custom)
2019-11-14 23:37:23,513 [pool-27-thread-1] WARN  impl.MetricRegistriesImpl (MetricRegistriesImpl.java:lambda$create$1(61)) - First MetricRegistry has been created without registering reporters. You may need to call MetricRegistries.global().addReportRegistration(...) before.
2019-11-14 23:37:23,513 [pool-49-thread-1] INFO  server.RaftServerConfigKeys (ConfUtils.java:logGet(43)) - raft.server.snapshot.auto.trigger.enabled = true (custom)
2019-11-14 23:37:23,513 [pool-38-thread-1] INFO  server.RaftServerConfigKeys (ConfUtils.java:logGet(43)) - raft.server.snapshot.auto.trigger.threshold = 10000 (custom)
2019-11-14 23:37:23,513 [pool-49-thread-1] INFO  server.RaftServerConfigKeys (ConfUtils.java:logGet(43)) - raft.server.snapshot.auto.trigger.threshold = 10000 (custom)
2019-11-14 23:37:23,513 [pool-27-thread-1] INFO  impl.RaftServerImpl (RaftServerImpl.java:start(184)) - 7ed3e0d1-6b9f-472e-8f0f-f1c30a7e2ec2@group-CCE1571635DB: start as a follower, conf=-1: [7ed3e0d1-6b9f-472e-8f0f-f1c30a7e2ec2:192.168.164.210:44223, f9d5cdb5-b3ac-43fe-9615-fae3d6058425:192.168.164.210:41795, 897108c5-f3e3-4027-9d47-6249c0da204d:192.168.164.210:39925], old=null
2019-11-14 23:37:23,513 [pool-38-thread-1] INFO  server.RaftServerConfigKeys (ConfUtils.java:logGet(43)) - raft.server.snapshot.retention.file.num = 5 (custom)
2019-11-14 23:37:23,513 [pool-27-thread-1] INFO  impl.RaftServerImpl (RaftServerImpl.java:setRole(173)) - 7ed3e0d1-6b9f-472e-8f0f-f1c30a7e2ec2@group-CCE1571635DB: changes role from      null to FOLLOWER at term 0 for startAsFollower
2019-11-14 23:37:23,513 [pool-49-thread-1] INFO  server.RaftServerConfigKeys (ConfUtils.java:logGet(43)) - raft.server.snapshot.retention.file.num = 5 (custom)
2019-11-14 23:37:23,514 [pool-38-thread-1] INFO  server.RaftServerConfigKeys (ConfUtils.java:logGet(43)) - raft.server.retrycache.expirytime = 600000ms (custom)
2019-11-14 23:37:23,514 [pool-27-thread-1] INFO  impl.RoleInfo (RoleInfo.java:updateAndGet(143)) - 7ed3e0d1-6b9f-472e-8f0f-f1c30a7e2ec2: start FollowerState
2019-11-14 23:37:23,514 [pool-38-thread-1] WARN  impl.MetricRegistriesImpl (MetricRegistriesImpl.java:lambda$create$1(61)) - First MetricRegistry has been created without registering reporters. You may need to call MetricRegistries.global().addReportRegistration(...) before.
2019-11-14 23:37:23,514 [pool-49-thread-1] INFO  server.RaftServerConfigKeys (ConfUtils.java:logGet(43)) - raft.server.retrycache.expirytime = 600000ms (custom)
2019-11-14 23:37:23,514 [pool-38-thread-1] WARN  impl.MetricRegistriesImpl (MetricRegistriesImpl.java:lambda$create$1(61)) - First MetricRegistry has been created without registering reporters. You may need to call MetricRegistries.global().addReportRegistration(...) before.
2019-11-14 23:37:23,514 [pool-49-thread-1] WARN  impl.MetricRegistriesImpl (MetricRegistriesImpl.java:lambda$create$1(61)) - First MetricRegistry has been created without registering reporters. You may need to call MetricRegistries.global().addReportRegistration(...) before.
2019-11-14 23:37:23,514 [pool-38-thread-1] INFO  impl.RaftServerImpl (RaftServerImpl.java:start(184)) - 897108c5-f3e3-4027-9d47-6249c0da204d@group-CCE1571635DB: start as a follower, conf=-1: [7ed3e0d1-6b9f-472e-8f0f-f1c30a7e2ec2:192.168.164.210:44223, f9d5cdb5-b3ac-43fe-9615-fae3d6058425:192.168.164.210:41795, 897108c5-f3e3-4027-9d47-6249c0da204d:192.168.164.210:39925], old=null
2019-11-14 23:37:23,514 [pool-27-thread-1] INFO  util.JmxRegister (JmxRegister.java:tryRegister(44)) - Successfully registered JMX Bean with object name Ratis:service=RaftServer,group=group-CCE1571635DB,id=7ed3e0d1-6b9f-472e-8f0f-f1c30a7e2ec2
2019-11-14 23:37:23,515 [pool-38-thread-1] INFO  impl.RaftServerImpl (RaftServerImpl.java:setRole(173)) - 897108c5-f3e3-4027-9d47-6249c0da204d@group-CCE1571635DB: changes role from      null to FOLLOWER at term 0 for startAsFollower
2019-11-14 23:37:23,514 [pool-49-thread-1] WARN  impl.MetricRegistriesImpl (MetricRegistriesImpl.java:lambda$create$1(61)) - First MetricRegistry has been created without registering reporters. You may need to call MetricRegistries.global().addReportRegistration(...) before.
2019-11-14 23:37:23,515 [pool-27-thread-1] WARN  impl.MetricRegistriesImpl (MetricRegistriesImpl.java:lambda$create$1(61)) - First MetricRegistry has been created without registering reporters. You may need to call MetricRegistries.global().addReportRegistration(...) before.
2019-11-14 23:37:23,515 [pool-49-thread-1] INFO  impl.RaftServerImpl (RaftServerImpl.java:start(184)) - f9d5cdb5-b3ac-43fe-9615-fae3d6058425@group-CCE1571635DB: start as a follower, conf=-1: [7ed3e0d1-6b9f-472e-8f0f-f1c30a7e2ec2:192.168.164.210:44223, f9d5cdb5-b3ac-43fe-9615-fae3d6058425:192.168.164.210:41795, 897108c5-f3e3-4027-9d47-6249c0da204d:192.168.164.210:39925], old=null
2019-11-14 23:37:23,515 [pool-38-thread-1] INFO  impl.RoleInfo (RoleInfo.java:updateAndGet(143)) - 897108c5-f3e3-4027-9d47-6249c0da204d: start FollowerState
2019-11-14 23:37:23,515 [pool-49-thread-1] INFO  impl.RaftServerImpl (RaftServerImpl.java:setRole(173)) - f9d5cdb5-b3ac-43fe-9615-fae3d6058425@group-CCE1571635DB: changes role from      null to FOLLOWER at term 0 for startAsFollower
2019-11-14 23:37:23,515 [pool-49-thread-1] INFO  impl.RoleInfo (RoleInfo.java:updateAndGet(143)) - f9d5cdb5-b3ac-43fe-9615-fae3d6058425: start FollowerState
2019-11-14 23:37:23,515 [pool-38-thread-1] INFO  util.JmxRegister (JmxRegister.java:tryRegister(44)) - Successfully registered JMX Bean with object name Ratis:service=RaftServer,group=group-CCE1571635DB,id=897108c5-f3e3-4027-9d47-6249c0da204d
2019-11-14 23:37:23,516 [pool-38-thread-1] WARN  impl.MetricRegistriesImpl (MetricRegistriesImpl.java:lambda$create$1(61)) - First MetricRegistry has been created without registering reporters. You may need to call MetricRegistries.global().addReportRegistration(...) before.
2019-11-14 23:37:23,516 [pool-49-thread-1] INFO  util.JmxRegister (JmxRegister.java:tryRegister(44)) - Successfully registered JMX Bean with object name Ratis:service=RaftServer,group=group-CCE1571635DB,id=f9d5cdb5-b3ac-43fe-9615-fae3d6058425
2019-11-14 23:37:23,516 [pool-49-thread-1] WARN  impl.MetricRegistriesImpl (MetricRegistriesImpl.java:lambda$create$1(61)) - First MetricRegistry has been created without registering reporters. You may need to call MetricRegistries.global().addReportRegistration(...) before.
2019-11-14 23:37:23,533 [RatisPipelineUtilsThread] INFO  pipeline.PipelineStateManager (PipelineStateManager.java:addPipeline(55)) - Created pipeline Pipeline[ Id: 8a42a16d-567e-449b-ad29-cce1571635db, Nodes: 7ed3e0d1-6b9f-472e-8f0f-f1c30a7e2ec2{ip: 192.168.164.210, host: pr-hdds-2448-del-container-qmj8s-3203767274, networkLocation: /default-rack, certSerialId: null}f9d5cdb5-b3ac-43fe-9615-fae3d6058425{ip: 192.168.164.210, host: pr-hdds-2448-del-container-qmj8s-3203767274, networkLocation: /default-rack, certSerialId: null}897108c5-f3e3-4027-9d47-6249c0da204d{ip: 192.168.164.210, host: pr-hdds-2448-del-container-qmj8s-3203767274, networkLocation: /default-rack, certSerialId: null}, Type:RATIS, Factor:THREE, State:ALLOCATED]
2019-11-14 23:37:23,535 [main] INFO  ozone.MiniOzoneClusterImpl (MiniOzoneClusterImpl.java:lambda$waitForClusterToBeReady$2(163)) - Waiting for 4 number of pipelines out of 4, to report a leader.
2019-11-14 23:37:24,536 [main] INFO  ozone.MiniOzoneClusterImpl (MiniOzoneClusterImpl.java:lambda$waitForClusterToBeReady$2(163)) - Waiting for 4 number of pipelines out of 4, to report a leader.
2019-11-14 23:37:25,537 [main] INFO  ozone.MiniOzoneClusterImpl (MiniOzoneClusterImpl.java:lambda$waitForClusterToBeReady$2(163)) - Waiting for 4 number of pipelines out of 4, to report a leader.
2019-11-14 23:37:25,556 [Thread-178] INFO  container.ReplicationManager (ReplicationManager.java:start(162)) - Starting Replication Monitor Thread.
2019-11-14 23:37:25,559 [Thread-178] INFO  pipeline.SCMPipelineManager (SCMPipelineManager.java:finalizeAndDestroyPipeline(315)) - destroying pipeline:Pipeline[ Id: 33820dec-c6a9-4190-bf7f-db624e642c8c, Nodes: 7ed3e0d1-6b9f-472e-8f0f-f1c30a7e2ec2{ip: 192.168.164.210, host: pr-hdds-2448-del-container-qmj8s-3203767274, networkLocation: /default-rack, certSerialId: null}, Type:RATIS, Factor:ONE, State:ALLOCATED]
2019-11-14 23:37:25,559 [ReplicationMonitor] INFO  container.ReplicationManager (ReplicationManager.java:run(225)) - Replication Monitor Thread took 1 milliseconds for processing 0 containers.
2019-11-14 23:37:25,561 [Thread-178] INFO  pipeline.PipelineStateManager (PipelineStateManager.java:finalizePipeline(121)) - Pipeline Pipeline[ Id: 33820dec-c6a9-4190-bf7f-db624e642c8c, Nodes: 7ed3e0d1-6b9f-472e-8f0f-f1c30a7e2ec2{ip: 192.168.164.210, host: pr-hdds-2448-del-container-qmj8s-3203767274, networkLocation: /default-rack, certSerialId: null}, Type:RATIS, Factor:ONE, State:CLOSED] moved to CLOSED state
2019-11-14 23:37:25,600 [grpc-default-executor-0] INFO  impl.RaftServerProxy (RaftServerProxy.java:remove(95)) - 7ed3e0d1-6b9f-472e-8f0f-f1c30a7e2ec2: remove  FOLLOWER 7ed3e0d1-6b9f-472e-8f0f-f1c30a7e2ec2@group-DB624E642C8C:t0, leader=null, voted=null, raftlog=7ed3e0d1-6b9f-472e-8f0f-f1c30a7e2ec2@group-DB624E642C8C-SegmentedRaftLog:OPENED:c-1,f-1,i0, conf=-1: [7ed3e0d1-6b9f-472e-8f0f-f1c30a7e2ec2:192.168.164.210:44223], old=null RUNNING
2019-11-14 23:37:25,604 [grpc-default-executor-0] INFO  impl.RaftServerImpl (RaftServerImpl.java:lambda$shutdown$3(250)) - 7ed3e0d1-6b9f-472e-8f0f-f1c30a7e2ec2@group-DB624E642C8C: shutdown
2019-11-14 23:37:25,604 [grpc-default-executor-0] INFO  util.JmxRegister (JmxRegister.java:unregister(73)) - Successfully un-registered JMX Bean with object name Ratis:service=RaftServer,group=group-DB624E642C8C,id=7ed3e0d1-6b9f-472e-8f0f-f1c30a7e2ec2
2019-11-14 23:37:25,604 [grpc-default-executor-0] INFO  impl.RoleInfo (RoleInfo.java:shutdownFollowerState(121)) - 7ed3e0d1-6b9f-472e-8f0f-f1c30a7e2ec2: shutdown FollowerState
2019-11-14 23:37:25,605 [grpc-default-executor-0] INFO  impl.StateMachineUpdater (StateMachineUpdater.java:stopAndJoin(136)) - 7ed3e0d1-6b9f-472e-8f0f-f1c30a7e2ec2@group-DB624E642C8C-StateMachineUpdater: set stopIndex = -1
2019-11-14 23:37:25,605 [Thread-180] INFO  impl.FollowerState (FollowerState.java:run(120)) - 7ed3e0d1-6b9f-472e-8f0f-f1c30a7e2ec2@group-DB624E642C8C-FollowerState was interrupted: java.lang.InterruptedException: sleep interrupted
2019-11-14 23:37:25,608 [grpc-default-executor-0] INFO  impl.RaftServerImpl (ServerState.java:close(387)) - 7ed3e0d1-6b9f-472e-8f0f-f1c30a7e2ec2@group-DB624E642C8C: closes. applyIndex: -1
2019-11-14 23:37:25,613 [7ed3e0d1-6b9f-472e-8f0f-f1c30a7e2ec2@group-DB624E642C8C-SegmentedRaftLogWorker] INFO  segmented.SegmentedRaftLogWorker (SegmentedRaftLogWorker.java:run(316)) - 7ed3e0d1-6b9f-472e-8f0f-f1c30a7e2ec2@group-DB624E642C8C-SegmentedRaftLogWorker was interrupted, exiting. There are 0 tasks remaining in the queue.
2019-11-14 23:37:25,615 [grpc-default-executor-0] INFO  segmented.SegmentedRaftLogWorker (SegmentedRaftLogWorker.java:close(224)) - 7ed3e0d1-6b9f-472e-8f0f-f1c30a7e2ec2@group-DB624E642C8C-SegmentedRaftLogWorker close()
2019-11-14 23:37:25,633 [Thread-178] INFO  pipeline.PipelineStateManager (PipelineStateManager.java:removePipeline(106)) - Pipeline Pipeline[ Id: 33820dec-c6a9-4190-bf7f-db624e642c8c, Nodes: 7ed3e0d1-6b9f-472e-8f0f-f1c30a7e2ec2{ip: 192.168.164.210, host: pr-hdds-2448-del-container-qmj8s-3203767274, networkLocation: /default-rack, certSerialId: null}, Type:RATIS, Factor:ONE, State:CLOSED] removed from db
2019-11-14 23:37:25,634 [Thread-178] INFO  pipeline.SCMPipelineManager (SCMPipelineManager.java:finalizeAndDestroyPipeline(315)) - destroying pipeline:Pipeline[ Id: 6dcd44d5-1c4c-4bd9-8719-f2b03d01fcae, Nodes: f9d5cdb5-b3ac-43fe-9615-fae3d6058425{ip: 192.168.164.210, host: pr-hdds-2448-del-container-qmj8s-3203767274, networkLocation: /default-rack, certSerialId: null}, Type:RATIS, Factor:ONE, State:ALLOCATED]
2019-11-14 23:37:25,649 [grpc-default-executor-0] INFO  impl.RaftServerProxy (RaftServerProxy.java:addNew(89)) - 7ed3e0d1-6b9f-472e-8f0f-f1c30a7e2ec2: addNew group-FDFD5B99B121:[7ed3e0d1-6b9f-472e-8f0f-f1c30a7e2ec2:192.168.164.210:44223] returns group-FDFD5B99B121:java.util.concurrent.CompletableFuture@74f068d4[Not completed]
2019-11-14 23:37:25,652 [pool-27-thread-1] INFO  impl.RaftServerImpl (RaftServerImpl.java:<init>(98)) - 7ed3e0d1-6b9f-472e-8f0f-f1c30a7e2ec2: new RaftServerImpl for group-FDFD5B99B121:[7ed3e0d1-6b9f-472e-8f0f-f1c30a7e2ec2:192.168.164.210:44223] with ContainerStateMachine:uninitialized
2019-11-14 23:37:25,652 [pool-27-thread-1] INFO  server.RaftServerConfigKeys (ConfUtils.java:logGet(43)) - raft.server.rpc.timeout.min = 5s (custom)
2019-11-14 23:37:25,653 [pool-27-thread-1] INFO  server.RaftServerConfigKeys (ConfUtils.java:logGet(43)) - raft.server.rpc.timeout.max = 5200ms (custom)
2019-11-14 23:37:25,653 [pool-27-thread-1] INFO  server.RaftServerConfigKeys (ConfUtils.java:logGet(43)) - raft.server.rpcslowness.timeout = 120s (custom)
2019-11-14 23:37:25,653 [pool-27-thread-1] INFO  server.RaftServerConfigKeys (ConfUtils.java:logGet(43)) - raft.server.sleep.deviation.threshold = 300 (default)
2019-11-14 23:37:25,653 [pool-27-thread-1] INFO  server.RaftServerConfigKeys (ConfUtils.java:logGet(43)) - raft.server.log.appender.install.snapshot.enabled = false (custom)
2019-11-14 23:37:25,653 [pool-27-thread-1] INFO  impl.RaftServerImpl (ServerState.java:<init>(103)) - 7ed3e0d1-6b9f-472e-8f0f-f1c30a7e2ec2@group-FDFD5B99B121: ConfigurationManager, init=-1: [7ed3e0d1-6b9f-472e-8f0f-f1c30a7e2ec2:192.168.164.210:44223], old=null, confs=<EMPTY_MAP>
2019-11-14 23:37:25,654 [pool-27-thread-1] INFO  server.RaftServerConfigKeys (ConfUtils.java:logGet(43)) - raft.server.storage.dir = [/workdir/hadoop-ozone/tools/target/test-dir/MiniOzoneClusterImpl-f07ab170-b58e-42a5-bef9-89b4902fcd0c/datanode-0/data/ratis] (custom)
2019-11-14 23:37:25,654 [pool-27-thread-1] INFO  server.RaftServerConfigKeys (ConfUtils.java:logGet(43)) - raft.server.log.corruption.policy = EXCEPTION (default)
2019-11-14 23:37:25,654 [pool-27-thread-1] INFO  storage.RaftStorageDirectory (RaftStorageDirectory.java:analyzeStorage(246)) - The storage directory /workdir/hadoop-ozone/tools/target/test-dir/MiniOzoneClusterImpl-f07ab170-b58e-42a5-bef9-89b4902fcd0c/datanode-0/data/ratis/3d481b33-95a0-4f7b-9093-fdfd5b99b121 does not exist. Creating ...
2019-11-14 23:37:25,668 [pool-27-thread-1] INFO  storage.RaftStorageDirectory (RaftStorageDirectory.java:tryLock(328)) - Lock on /workdir/hadoop-ozone/tools/target/test-dir/MiniOzoneClusterImpl-f07ab170-b58e-42a5-bef9-89b4902fcd0c/datanode-0/data/ratis/3d481b33-95a0-4f7b-9093-fdfd5b99b121/in_use.lock acquired by nodename 1728@pr-hdds-2448-del-container-qmj8s-3203767274
2019-11-14 23:37:25,684 [pool-27-thread-1] INFO  storage.RaftStorage (RaftStorage.java:format(84)) - Storage directory /workdir/hadoop-ozone/tools/target/test-dir/MiniOzoneClusterImpl-f07ab170-b58e-42a5-bef9-89b4902fcd0c/datanode-0/data/ratis/3d481b33-95a0-4f7b-9093-fdfd5b99b121 has been successfully formatted.
2019-11-14 23:37:25,684 [pool-27-thread-1] INFO  ratis.ContainerStateMachine (ContainerStateMachine.java:loadSnapshot(223)) - group-FDFD5B99B121: The snapshot info is null. Setting the last applied indexto:(t:0, i:~)
2019-11-14 23:37:25,684 [pool-27-thread-1] INFO  server.RaftServerConfigKeys (ConfUtils.java:logGet(43)) - raft.server.notification.no-leader.timeout = 120s (custom)
2019-11-14 23:37:25,684 [pool-27-thread-1] INFO  server.RaftServerConfigKeys (ConfUtils.java:logGet(43)) - raft.server.log.use.memory = false (default)
2019-11-14 23:37:25,685 [pool-27-thread-1] INFO  server.RaftServerConfigKeys (ConfUtils.java:logGet(43)) - raft.server.log.purge.gap = 1000000 (custom)
2019-11-14 23:37:25,685 [pool-27-thread-1] INFO  server.RaftServerConfigKeys (ConfUtils.java:logGet(43)) - raft.server.log.appender.buffer.byte-limit = 33554432 (custom)
2019-11-14 23:37:25,685 [pool-27-thread-1] INFO  server.RaftServerConfigKeys (ConfUtils.java:logGet(43)) - raft.server.log.segment.size.max = 1048576 (custom)
2019-11-14 23:37:25,685 [pool-27-thread-1] INFO  server.RaftServerConfigKeys (ConfUtils.java:logGet(43)) - raft.server.log.segment.cache.num.max = 2 (custom)
2019-11-14 23:37:25,685 [pool-27-thread-1] INFO  segmented.SegmentedRaftLogWorker (SegmentedRaftLogWorker.java:<init>(173)) - new 7ed3e0d1-6b9f-472e-8f0f-f1c30a7e2ec2@group-FDFD5B99B121-SegmentedRaftLogWorker for RaftStorage:Storage Directory /workdir/hadoop-ozone/tools/target/test-dir/MiniOzoneClusterImpl-f07ab170-b58e-42a5-bef9-89b4902fcd0c/datanode-0/data/ratis/3d481b33-95a0-4f7b-9093-fdfd5b99b121
2019-11-14 23:37:25,686 [pool-27-thread-1] INFO  server.RaftServerConfigKeys (ConfUtils.java:logGet(43)) - raft.server.log.queue.byte-limit = 2147483647 (custom)
2019-11-14 23:37:25,686 [pool-27-thread-1] INFO  server.RaftServerConfigKeys (ConfUtils.java:logGet(43)) - raft.server.log.queue.element-limit = 1024 (custom)
2019-11-14 23:37:25,686 [pool-27-thread-1] INFO  server.RaftServerConfigKeys (ConfUtils.java:logGet(43)) - raft.server.log.segment.size.max = 1048576 (custom)
2019-11-14 23:37:25,686 [pool-27-thread-1] INFO  server.RaftServerConfigKeys (ConfUtils.java:logGet(43)) - raft.server.log.preallocated.size = 16384 (custom)
2019-11-14 23:37:25,686 [pool-27-thread-1] INFO  server.RaftServerConfigKeys (ConfUtils.java:logGet(43)) - raft.server.log.write.buffer.size = 33554432 (custom)
2019-11-14 23:37:25,687 [pool-27-thread-1] INFO  server.RaftServerConfigKeys (ConfUtils.java:logGet(43)) - raft.server.log.force.sync.num = 128 (default)
2019-11-14 23:37:25,687 [pool-27-thread-1] INFO  server.RaftServerConfigKeys (ConfUtils.java:logGet(43)) - raft.server.log.statemachine.data.sync = true (default)
2019-11-14 23:37:25,687 [pool-27-thread-1] INFO  server.RaftServerConfigKeys (ConfUtils.java:logGet(43)) - raft.server.log.statemachine.data.sync.timeout = 10s (default)
2019-11-14 23:37:25,687 [pool-27-thread-1] INFO  server.RaftServerConfigKeys (ConfUtils.java:logGet(43)) - raft.server.log.statemachine.data.sync.timeout.retry = -1 (default)
2019-11-14 23:37:25,687 [pool-27-thread-1] INFO  server.RaftServerConfigKeys (ConfUtils.java:logGet(43)) - raft.server.log.statemachine.data.caching.enabled = true (custom)
2019-11-14 23:37:25,688 [pool-27-thread-1] INFO  segmented.SegmentedRaftLogWorker (SegmentedRaftLogWorker.java:lambda$new$0(128)) - 7ed3e0d1-6b9f-472e-8f0f-f1c30a7e2ec2@group-FDFD5B99B121-SegmentedRaftLogWorker: flushIndex: setUnconditionally 0 -> -1
2019-11-14 23:37:25,688 [pool-27-thread-1] INFO  server.RaftServerConfigKeys (ConfUtils.java:logGet(43)) - raft.server.snapshot.auto.trigger.enabled = true (custom)
2019-11-14 23:37:25,688 [pool-27-thread-1] INFO  server.RaftServerConfigKeys (ConfUtils.java:logGet(43)) - raft.server.snapshot.auto.trigger.threshold = 10000 (custom)
2019-11-14 23:37:25,689 [pool-27-thread-1] INFO  server.RaftServerConfigKeys (ConfUtils.java:logGet(43)) - raft.server.snapshot.retention.file.num = 5 (custom)
2019-11-14 23:37:25,689 [pool-27-thread-1] INFO  server.RaftServerConfigKeys (ConfUtils.java:logGet(43)) - raft.server.retrycache.expirytime = 600000ms (custom)
2019-11-14 23:37:25,689 [pool-27-thread-1] WARN  impl.MetricRegistriesImpl (MetricRegistriesImpl.java:lambda$create$1(61)) - First MetricRegistry has been created without registering reporters. You may need to call MetricRegistries.global().addReportRegistration(...) before.
2019-11-14 23:37:25,689 [pool-27-thread-1] WARN  impl.MetricRegistriesImpl (MetricRegistriesImpl.java:lambda$create$1(61)) - First MetricRegistry has been created without registering reporters. You may need to call MetricRegistries.global().addReportRegistration(...) before.
2019-11-14 23:37:25,690 [pool-27-thread-1] INFO  impl.RaftServerImpl (RaftServerImpl.java:start(184)) - 7ed3e0d1-6b9f-472e-8f0f-f1c30a7e2ec2@group-FDFD5B99B121: start as a follower, conf=-1: [7ed3e0d1-6b9f-472e-8f0f-f1c30a7e2ec2:192.168.164.210:44223], old=null
2019-11-14 23:37:25,690 [pool-27-thread-1] INFO  impl.RaftServerImpl (RaftServerImpl.java:setRole(173)) - 7ed3e0d1-6b9f-472e-8f0f-f1c30a7e2ec2@group-FDFD5B99B121: changes role from      null to FOLLOWER at term 0 for startAsFollower
2019-11-14 23:37:25,690 [pool-27-thread-1] INFO  impl.RoleInfo (RoleInfo.java:updateAndGet(143)) - 7ed3e0d1-6b9f-472e-8f0f-f1c30a7e2ec2: start FollowerState
2019-11-14 23:37:25,691 [pool-27-thread-1] INFO  util.JmxRegister (JmxRegister.java:tryRegister(44)) - Successfully registered JMX Bean with object name Ratis:service=RaftServer,group=group-FDFD5B99B121,id=7ed3e0d1-6b9f-472e-8f0f-f1c30a7e2ec2
2019-11-14 23:37:25,691 [pool-27-thread-1] WARN  impl.MetricRegistriesImpl (MetricRegistriesImpl.java:lambda$create$1(61)) - First MetricRegistry has been created without registering reporters. You may need to call MetricRegistries.global().addReportRegistration(...) before.
2019-11-14 23:37:25,700 [RatisPipelineUtilsThread] INFO  pipeline.PipelineStateManager (PipelineStateManager.java:addPipeline(55)) - Created pipeline Pipeline[ Id: 3d481b33-95a0-4f7b-9093-fdfd5b99b121, Nodes: 7ed3e0d1-6b9f-472e-8f0f-f1c30a7e2ec2{ip: 192.168.164.210, host: pr-hdds-2448-del-container-qmj8s-3203767274, networkLocation: /default-rack, certSerialId: null}, Type:RATIS, Factor:ONE, State:ALLOCATED]
2019-11-14 23:37:25,702 [Thread-178] INFO  pipeline.PipelineStateManager (PipelineStateManager.java:finalizePipeline(121)) - Pipeline Pipeline[ Id: 6dcd44d5-1c4c-4bd9-8719-f2b03d01fcae, Nodes: f9d5cdb5-b3ac-43fe-9615-fae3d6058425{ip: 192.168.164.210, host: pr-hdds-2448-del-container-qmj8s-3203767274, networkLocation: /default-rack, certSerialId: null}, Type:RATIS, Factor:ONE, State:CLOSED] moved to CLOSED state
2019-11-14 23:37:25,714 [grpc-default-executor-0] INFO  impl.RaftServerProxy (RaftServerProxy.java:remove(95)) - f9d5cdb5-b3ac-43fe-9615-fae3d6058425: remove  FOLLOWER f9d5cdb5-b3ac-43fe-9615-fae3d6058425@group-F2B03D01FCAE:t0, leader=null, voted=null, raftlog=f9d5cdb5-b3ac-43fe-9615-fae3d6058425@group-F2B03D01FCAE-SegmentedRaftLog:OPENED:c-1,f-1,i0, conf=-1: [f9d5cdb5-b3ac-43fe-9615-fae3d6058425:192.168.164.210:41795], old=null RUNNING
2019-11-14 23:37:25,714 [grpc-default-executor-0] INFO  impl.RaftServerImpl (RaftServerImpl.java:lambda$shutdown$3(250)) - f9d5cdb5-b3ac-43fe-9615-fae3d6058425@group-F2B03D01FCAE: shutdown
2019-11-14 23:37:25,715 [grpc-default-executor-0] INFO  util.JmxRegister (JmxRegister.java:unregister(73)) - Successfully un-registered JMX Bean with object name Ratis:service=RaftServer,group=group-F2B03D01FCAE,id=f9d5cdb5-b3ac-43fe-9615-fae3d6058425
2019-11-14 23:37:25,715 [grpc-default-executor-0] INFO  impl.RoleInfo (RoleInfo.java:shutdownFollowerState(121)) - f9d5cdb5-b3ac-43fe-9615-fae3d6058425: shutdown FollowerState
2019-11-14 23:37:25,715 [grpc-default-executor-0] INFO  impl.StateMachineUpdater (StateMachineUpdater.java:stopAndJoin(136)) - f9d5cdb5-b3ac-43fe-9615-fae3d6058425@group-F2B03D01FCAE-StateMachineUpdater: set stopIndex = -1
2019-11-14 23:37:25,715 [Thread-183] INFO  impl.FollowerState (FollowerState.java:run(120)) - f9d5cdb5-b3ac-43fe-9615-fae3d6058425@group-F2B03D01FCAE-FollowerState was interrupted: java.lang.InterruptedException: sleep interrupted
2019-11-14 23:37:25,718 [grpc-default-executor-0] INFO  impl.RaftServerImpl (ServerState.java:close(387)) - f9d5cdb5-b3ac-43fe-9615-fae3d6058425@group-F2B03D01FCAE: closes. applyIndex: -1
2019-11-14 23:37:25,718 [f9d5cdb5-b3ac-43fe-9615-fae3d6058425@group-F2B03D01FCAE-SegmentedRaftLogWorker] INFO  segmented.SegmentedRaftLogWorker (SegmentedRaftLogWorker.java:run(316)) - f9d5cdb5-b3ac-43fe-9615-fae3d6058425@group-F2B03D01FCAE-SegmentedRaftLogWorker was interrupted, exiting. There are 0 tasks remaining in the queue.
2019-11-14 23:37:25,719 [grpc-default-executor-0] INFO  segmented.SegmentedRaftLogWorker (SegmentedRaftLogWorker.java:close(224)) - f9d5cdb5-b3ac-43fe-9615-fae3d6058425@group-F2B03D01FCAE-SegmentedRaftLogWorker close()
2019-11-14 23:37:25,731 [Thread-178] INFO  pipeline.PipelineStateManager (PipelineStateManager.java:removePipeline(106)) - Pipeline Pipeline[ Id: 6dcd44d5-1c4c-4bd9-8719-f2b03d01fcae, Nodes: f9d5cdb5-b3ac-43fe-9615-fae3d6058425{ip: 192.168.164.210, host: pr-hdds-2448-del-container-qmj8s-3203767274, networkLocation: /default-rack, certSerialId: null}, Type:RATIS, Factor:ONE, State:CLOSED] removed from db
2019-11-14 23:37:25,731 [Thread-178] INFO  pipeline.SCMPipelineManager (SCMPipelineManager.java:finalizeAndDestroyPipeline(315)) - destroying pipeline:Pipeline[ Id: 683d0550-7973-4b67-9d82-0d63a9ebfbb8, Nodes: 897108c5-f3e3-4027-9d47-6249c0da204d{ip: 192.168.164.210, host: pr-hdds-2448-del-container-qmj8s-3203767274, networkLocation: /default-rack, certSerialId: null}, Type:RATIS, Factor:ONE, State:ALLOCATED]
2019-11-14 23:37:25,743 [grpc-default-executor-0] INFO  impl.RaftServerProxy (RaftServerProxy.java:addNew(89)) - f9d5cdb5-b3ac-43fe-9615-fae3d6058425: addNew group-2D388961C895:[f9d5cdb5-b3ac-43fe-9615-fae3d6058425:192.168.164.210:41795] returns group-2D388961C895:java.util.concurrent.CompletableFuture@4fd9b6f6[Not completed]
2019-11-14 23:37:25,745 [pool-49-thread-1] INFO  impl.RaftServerImpl (RaftServerImpl.java:<init>(98)) - f9d5cdb5-b3ac-43fe-9615-fae3d6058425: new RaftServerImpl for group-2D388961C895:[f9d5cdb5-b3ac-43fe-9615-fae3d6058425:192.168.164.210:41795] with ContainerStateMachine:uninitialized
2019-11-14 23:37:25,745 [pool-49-thread-1] INFO  server.RaftServerConfigKeys (ConfUtils.java:logGet(43)) - raft.server.rpc.timeout.min = 5s (custom)
2019-11-14 23:37:25,745 [pool-49-thread-1] INFO  server.RaftServerConfigKeys (ConfUtils.java:logGet(43)) - raft.server.rpc.timeout.max = 5200ms (custom)
2019-11-14 23:37:25,745 [pool-49-thread-1] INFO  server.RaftServerConfigKeys (ConfUtils.java:logGet(43)) - raft.server.rpcslowness.timeout = 120s (custom)
2019-11-14 23:37:25,746 [pool-49-thread-1] INFO  server.RaftServerConfigKeys (ConfUtils.java:logGet(43)) - raft.server.sleep.deviation.threshold = 300 (default)
2019-11-14 23:37:25,746 [pool-49-thread-1] INFO  server.RaftServerConfigKeys (ConfUtils.java:logGet(43)) - raft.server.log.appender.install.snapshot.enabled = false (custom)
2019-11-14 23:37:25,746 [pool-49-thread-1] INFO  impl.RaftServerImpl (ServerState.java:<init>(103)) - f9d5cdb5-b3ac-43fe-9615-fae3d6058425@group-2D388961C895: ConfigurationManager, init=-1: [f9d5cdb5-b3ac-43fe-9615-fae3d6058425:192.168.164.210:41795], old=null, confs=<EMPTY_MAP>
2019-11-14 23:37:25,746 [pool-49-thread-1] INFO  server.RaftServerConfigKeys (ConfUtils.java:logGet(43)) - raft.server.storage.dir = [/workdir/hadoop-ozone/tools/target/test-dir/MiniOzoneClusterImpl-f07ab170-b58e-42a5-bef9-89b4902fcd0c/datanode-2/data/ratis] (custom)
2019-11-14 23:37:25,747 [pool-49-thread-1] INFO  server.RaftServerConfigKeys (ConfUtils.java:logGet(43)) - raft.server.log.corruption.policy = EXCEPTION (default)
2019-11-14 23:37:25,747 [pool-49-thread-1] INFO  storage.RaftStorageDirectory (RaftStorageDirectory.java:analyzeStorage(246)) - The storage directory /workdir/hadoop-ozone/tools/target/test-dir/MiniOzoneClusterImpl-f07ab170-b58e-42a5-bef9-89b4902fcd0c/datanode-2/data/ratis/98b7d19b-92b7-49c9-b77c-2d388961c895 does not exist. Creating ...
2019-11-14 23:37:25,760 [pool-49-thread-1] INFO  storage.RaftStorageDirectory (RaftStorageDirectory.java:tryLock(328)) - Lock on /workdir/hadoop-ozone/tools/target/test-dir/MiniOzoneClusterImpl-f07ab170-b58e-42a5-bef9-89b4902fcd0c/datanode-2/data/ratis/98b7d19b-92b7-49c9-b77c-2d388961c895/in_use.lock acquired by nodename 1728@pr-hdds-2448-del-container-qmj8s-3203767274
2019-11-14 23:37:25,773 [pool-49-thread-1] INFO  storage.RaftStorage (RaftStorage.java:format(84)) - Storage directory /workdir/hadoop-ozone/tools/target/test-dir/MiniOzoneClusterImpl-f07ab170-b58e-42a5-bef9-89b4902fcd0c/datanode-2/data/ratis/98b7d19b-92b7-49c9-b77c-2d388961c895 has been successfully formatted.
2019-11-14 23:37:25,773 [pool-49-thread-1] INFO  ratis.ContainerStateMachine (ContainerStateMachine.java:loadSnapshot(223)) - group-2D388961C895: The snapshot info is null. Setting the last applied indexto:(t:0, i:~)
2019-11-14 23:37:25,773 [pool-49-thread-1] INFO  server.RaftServerConfigKeys (ConfUtils.java:logGet(43)) - raft.server.notification.no-leader.timeout = 120s (custom)
2019-11-14 23:37:25,773 [pool-49-thread-1] INFO  server.RaftServerConfigKeys (ConfUtils.java:logGet(43)) - raft.server.log.use.memory = false (default)
2019-11-14 23:37:25,774 [pool-49-thread-1] INFO  server.RaftServerConfigKeys (ConfUtils.java:logGet(43)) - raft.server.log.purge.gap = 1000000 (custom)
2019-11-14 23:37:25,774 [pool-49-thread-1] INFO  server.RaftServerConfigKeys (ConfUtils.java:logGet(43)) - raft.server.log.appender.buffer.byte-limit = 33554432 (custom)
2019-11-14 23:37:25,774 [pool-49-thread-1] INFO  server.RaftServerConfigKeys (ConfUtils.java:logGet(43)) - raft.server.log.segment.size.max = 1048576 (custom)
2019-11-14 23:37:25,774 [pool-49-thread-1] INFO  server.RaftServerConfigKeys (ConfUtils.java:logGet(43)) - raft.server.log.segment.cache.num.max = 2 (custom)
2019-11-14 23:37:25,774 [pool-49-thread-1] INFO  segmented.SegmentedRaftLogWorker (SegmentedRaftLogWorker.java:<init>(173)) - new f9d5cdb5-b3ac-43fe-9615-fae3d6058425@group-2D388961C895-SegmentedRaftLogWorker for RaftStorage:Storage Directory /workdir/hadoop-ozone/tools/target/test-dir/MiniOzoneClusterImpl-f07ab170-b58e-42a5-bef9-89b4902fcd0c/datanode-2/data/ratis/98b7d19b-92b7-49c9-b77c-2d388961c895
2019-11-14 23:37:25,775 [pool-49-thread-1] INFO  server.RaftServerConfigKeys (ConfUtils.java:logGet(43)) - raft.server.log.queue.byte-limit = 2147483647 (custom)
2019-11-14 23:37:25,775 [pool-49-thread-1] INFO  server.RaftServerConfigKeys (ConfUtils.java:logGet(43)) - raft.server.log.queue.element-limit = 1024 (custom)
2019-11-14 23:37:25,775 [pool-49-thread-1] INFO  server.RaftServerConfigKeys (ConfUtils.java:logGet(43)) - raft.server.log.segment.size.max = 1048576 (custom)
2019-11-14 23:37:25,775 [pool-49-thread-1] INFO  server.RaftServerConfigKeys (ConfUtils.java:logGet(43)) - raft.server.log.preallocated.size = 16384 (custom)
2019-11-14 23:37:25,775 [pool-49-thread-1] INFO  server.RaftServerConfigKeys (ConfUtils.java:logGet(43)) - raft.server.log.write.buffer.size = 33554432 (custom)
2019-11-14 23:37:25,776 [pool-49-thread-1] INFO  server.RaftServerConfigKeys (ConfUtils.java:logGet(43)) - raft.server.log.force.sync.num = 128 (default)
2019-11-14 23:37:25,776 [pool-49-thread-1] INFO  server.RaftServerConfigKeys (ConfUtils.java:logGet(43)) - raft.server.log.statemachine.data.sync = true (default)
2019-11-14 23:37:25,776 [pool-49-thread-1] INFO  server.RaftServerConfigKeys (ConfUtils.java:logGet(43)) - raft.server.log.statemachine.data.sync.timeout = 10s (default)
2019-11-14 23:37:25,776 [pool-49-thread-1] INFO  server.RaftServerConfigKeys (ConfUtils.java:logGet(43)) - raft.server.log.statemachine.data.sync.timeout.retry = -1 (default)
2019-11-14 23:37:25,776 [pool-49-thread-1] INFO  server.RaftServerConfigKeys (ConfUtils.java:logGet(43)) - raft.server.log.statemachine.data.caching.enabled = true (custom)
2019-11-14 23:37:25,777 [pool-49-thread-1] INFO  segmented.SegmentedRaftLogWorker (SegmentedRaftLogWorker.java:lambda$new$0(128)) - f9d5cdb5-b3ac-43fe-9615-fae3d6058425@group-2D388961C895-SegmentedRaftLogWorker: flushIndex: setUnconditionally 0 -> -1
2019-11-14 23:37:25,777 [pool-49-thread-1] INFO  server.RaftServerConfigKeys (ConfUtils.java:logGet(43)) - raft.server.snapshot.auto.trigger.enabled = true (custom)
2019-11-14 23:37:25,777 [pool-49-thread-1] INFO  server.RaftServerConfigKeys (ConfUtils.java:logGet(43)) - raft.server.snapshot.auto.trigger.threshold = 10000 (custom)
2019-11-14 23:37:25,778 [pool-49-thread-1] INFO  server.RaftServerConfigKeys (ConfUtils.java:logGet(43)) - raft.server.snapshot.retention.file.num = 5 (custom)
2019-11-14 23:37:25,778 [pool-49-thread-1] INFO  server.RaftServerConfigKeys (ConfUtils.java:logGet(43)) - raft.server.retrycache.expirytime = 600000ms (custom)
2019-11-14 23:37:25,778 [pool-49-thread-1] WARN  impl.MetricRegistriesImpl (MetricRegistriesImpl.java:lambda$create$1(61)) - First MetricRegistry has been created without registering reporters. You may need to call MetricRegistries.global().addReportRegistration(...) before.
2019-11-14 23:37:25,778 [pool-49-thread-1] WARN  impl.MetricRegistriesImpl (MetricRegistriesImpl.java:lambda$create$1(61)) - First MetricRegistry has been created without registering reporters. You may need to call MetricRegistries.global().addReportRegistration(...) before.
2019-11-14 23:37:25,778 [pool-49-thread-1] INFO  impl.RaftServerImpl (RaftServerImpl.java:start(184)) - f9d5cdb5-b3ac-43fe-9615-fae3d6058425@group-2D388961C895: start as a follower, conf=-1: [f9d5cdb5-b3ac-43fe-9615-fae3d6058425:192.168.164.210:41795], old=null
2019-11-14 23:37:25,779 [pool-49-thread-1] INFO  impl.RaftServerImpl (RaftServerImpl.java:setRole(173)) - f9d5cdb5-b3ac-43fe-9615-fae3d6058425@group-2D388961C895: changes role from      null to FOLLOWER at term 0 for startAsFollower
2019-11-14 23:37:25,779 [pool-49-thread-1] INFO  impl.RoleInfo (RoleInfo.java:updateAndGet(143)) - f9d5cdb5-b3ac-43fe-9615-fae3d6058425: start FollowerState
2019-11-14 23:37:25,779 [pool-49-thread-1] INFO  util.JmxRegister (JmxRegister.java:tryRegister(44)) - Successfully registered JMX Bean with object name Ratis:service=RaftServer,group=group-2D388961C895,id=f9d5cdb5-b3ac-43fe-9615-fae3d6058425
2019-11-14 23:37:25,779 [pool-49-thread-1] WARN  impl.MetricRegistriesImpl (MetricRegistriesImpl.java:lambda$create$1(61)) - First MetricRegistry has been created without registering reporters. You may need to call MetricRegistries.global().addReportRegistration(...) before.
2019-11-14 23:37:25,788 [RatisPipelineUtilsThread] INFO  pipeline.PipelineStateManager (PipelineStateManager.java:addPipeline(55)) - Created pipeline Pipeline[ Id: 98b7d19b-92b7-49c9-b77c-2d388961c895, Nodes: f9d5cdb5-b3ac-43fe-9615-fae3d6058425{ip: 192.168.164.210, host: pr-hdds-2448-del-container-qmj8s-3203767274, networkLocation: /default-rack, certSerialId: null}, Type:RATIS, Factor:ONE, State:ALLOCATED]
2019-11-14 23:37:25,789 [Thread-178] INFO  pipeline.PipelineStateManager (PipelineStateManager.java:finalizePipeline(121)) - Pipeline Pipeline[ Id: 683d0550-7973-4b67-9d82-0d63a9ebfbb8, Nodes: 897108c5-f3e3-4027-9d47-6249c0da204d{ip: 192.168.164.210, host: pr-hdds-2448-del-container-qmj8s-3203767274, networkLocation: /default-rack, certSerialId: null}, Type:RATIS, Factor:ONE, State:CLOSED] moved to CLOSED state
2019-11-14 23:37:25,801 [grpc-default-executor-0] INFO  impl.RaftServerProxy (RaftServerProxy.java:remove(95)) - 897108c5-f3e3-4027-9d47-6249c0da204d: remove  FOLLOWER 897108c5-f3e3-4027-9d47-6249c0da204d@group-0D63A9EBFBB8:t0, leader=null, voted=null, raftlog=897108c5-f3e3-4027-9d47-6249c0da204d@group-0D63A9EBFBB8-SegmentedRaftLog:OPENED:c-1,f-1,i0, conf=-1: [897108c5-f3e3-4027-9d47-6249c0da204d:192.168.164.210:39925], old=null RUNNING
2019-11-14 23:37:25,801 [grpc-default-executor-0] INFO  impl.RaftServerImpl (RaftServerImpl.java:lambda$shutdown$3(250)) - 897108c5-f3e3-4027-9d47-6249c0da204d@group-0D63A9EBFBB8: shutdown
2019-11-14 23:37:25,802 [grpc-default-executor-0] INFO  util.JmxRegister (JmxRegister.java:unregister(73)) - Successfully un-registered JMX Bean with object name Ratis:service=RaftServer,group=group-0D63A9EBFBB8,id=897108c5-f3e3-4027-9d47-6249c0da204d
2019-11-14 23:37:25,802 [grpc-default-executor-0] INFO  impl.RoleInfo (RoleInfo.java:shutdownFollowerState(121)) - 897108c5-f3e3-4027-9d47-6249c0da204d: shutdown FollowerState
2019-11-14 23:37:25,802 [grpc-default-executor-0] INFO  impl.StateMachineUpdater (StateMachineUpdater.java:stopAndJoin(136)) - 897108c5-f3e3-4027-9d47-6249c0da204d@group-0D63A9EBFBB8-StateMachineUpdater: set stopIndex = -1
2019-11-14 23:37:25,802 [Thread-186] INFO  impl.FollowerState (FollowerState.java:run(120)) - 897108c5-f3e3-4027-9d47-6249c0da204d@group-0D63A9EBFBB8-FollowerState was interrupted: java.lang.InterruptedException: sleep interrupted
2019-11-14 23:37:25,803 [grpc-default-executor-0] INFO  impl.RaftServerImpl (ServerState.java:close(387)) - 897108c5-f3e3-4027-9d47-6249c0da204d@group-0D63A9EBFBB8: closes. applyIndex: -1
2019-11-14 23:37:25,808 [897108c5-f3e3-4027-9d47-6249c0da204d@group-0D63A9EBFBB8-SegmentedRaftLogWorker] INFO  segmented.SegmentedRaftLogWorker (SegmentedRaftLogWorker.java:run(316)) - 897108c5-f3e3-4027-9d47-6249c0da204d@group-0D63A9EBFBB8-SegmentedRaftLogWorker was interrupted, exiting. There are 0 tasks remaining in the queue.
2019-11-14 23:37:25,808 [grpc-default-executor-0] INFO  segmented.SegmentedRaftLogWorker (SegmentedRaftLogWorker.java:close(224)) - 897108c5-f3e3-4027-9d47-6249c0da204d@group-0D63A9EBFBB8-SegmentedRaftLogWorker close()
2019-11-14 23:37:25,818 [Thread-178] INFO  pipeline.PipelineStateManager (PipelineStateManager.java:removePipeline(106)) - Pipeline Pipeline[ Id: 683d0550-7973-4b67-9d82-0d63a9ebfbb8, Nodes: 897108c5-f3e3-4027-9d47-6249c0da204d{ip: 192.168.164.210, host: pr-hdds-2448-del-container-qmj8s-3203767274, networkLocation: /default-rack, certSerialId: null}, Type:RATIS, Factor:ONE, State:CLOSED] removed from db
2019-11-14 23:37:25,818 [Thread-178] INFO  pipeline.SCMPipelineManager (SCMPipelineManager.java:finalizeAndDestroyPipeline(315)) - destroying pipeline:Pipeline[ Id: 8a42a16d-567e-449b-ad29-cce1571635db, Nodes: 7ed3e0d1-6b9f-472e-8f0f-f1c30a7e2ec2{ip: 192.168.164.210, host: pr-hdds-2448-del-container-qmj8s-3203767274, networkLocation: /default-rack, certSerialId: null}f9d5cdb5-b3ac-43fe-9615-fae3d6058425{ip: 192.168.164.210, host: pr-hdds-2448-del-container-qmj8s-3203767274, networkLocation: /default-rack, certSerialId: null}897108c5-f3e3-4027-9d47-6249c0da204d{ip: 192.168.164.210, host: pr-hdds-2448-del-container-qmj8s-3203767274, networkLocation: /default-rack, certSerialId: null}, Type:RATIS, Factor:THREE, State:ALLOCATED]
2019-11-14 23:37:25,830 [grpc-default-executor-0] INFO  impl.RaftServerProxy (RaftServerProxy.java:addNew(89)) - 897108c5-f3e3-4027-9d47-6249c0da204d: addNew group-1659D24E0936:[897108c5-f3e3-4027-9d47-6249c0da204d:192.168.164.210:39925] returns group-1659D24E0936:java.util.concurrent.CompletableFuture@3562b75d[Not completed]
2019-11-14 23:37:25,833 [pool-38-thread-1] INFO  impl.RaftServerImpl (RaftServerImpl.java:<init>(98)) - 897108c5-f3e3-4027-9d47-6249c0da204d: new RaftServerImpl for group-1659D24E0936:[897108c5-f3e3-4027-9d47-6249c0da204d:192.168.164.210:39925] with ContainerStateMachine:uninitialized
2019-11-14 23:37:25,834 [pool-38-thread-1] INFO  server.RaftServerConfigKeys (ConfUtils.java:logGet(43)) - raft.server.rpc.timeout.min = 5s (custom)
2019-11-14 23:37:25,835 [pool-38-thread-1] INFO  server.RaftServerConfigKeys (ConfUtils.java:logGet(43)) - raft.server.rpc.timeout.max = 5200ms (custom)
2019-11-14 23:37:25,835 [pool-38-thread-1] INFO  server.RaftServerConfigKeys (ConfUtils.java:logGet(43)) - raft.server.rpcslowness.timeout = 120s (custom)
2019-11-14 23:37:25,835 [pool-38-thread-1] INFO  server.RaftServerConfigKeys (ConfUtils.java:logGet(43)) - raft.server.sleep.deviation.threshold = 300 (default)
2019-11-14 23:37:25,835 [pool-38-thread-1] INFO  server.RaftServerConfigKeys (ConfUtils.java:logGet(43)) - raft.server.log.appender.install.snapshot.enabled = false (custom)
2019-11-14 23:37:25,836 [pool-38-thread-1] INFO  impl.RaftServerImpl (ServerState.java:<init>(103)) - 897108c5-f3e3-4027-9d47-6249c0da204d@group-1659D24E0936: ConfigurationManager, init=-1: [897108c5-f3e3-4027-9d47-6249c0da204d:192.168.164.210:39925], old=null, confs=<EMPTY_MAP>
2019-11-14 23:37:25,836 [pool-38-thread-1] INFO  server.RaftServerConfigKeys (ConfUtils.java:logGet(43)) - raft.server.storage.dir = [/workdir/hadoop-ozone/tools/target/test-dir/MiniOzoneClusterImpl-f07ab170-b58e-42a5-bef9-89b4902fcd0c/datanode-1/data/ratis] (custom)
2019-11-14 23:37:25,836 [pool-38-thread-1] INFO  server.RaftServerConfigKeys (ConfUtils.java:logGet(43)) - raft.server.log.corruption.policy = EXCEPTION (default)
2019-11-14 23:37:25,837 [pool-38-thread-1] INFO  storage.RaftStorageDirectory (RaftStorageDirectory.java:analyzeStorage(246)) - The storage directory /workdir/hadoop-ozone/tools/target/test-dir/MiniOzoneClusterImpl-f07ab170-b58e-42a5-bef9-89b4902fcd0c/datanode-1/data/ratis/59bc7443-4603-4908-84a2-1659d24e0936 does not exist. Creating ...
2019-11-14 23:37:25,850 [pool-38-thread-1] INFO  storage.RaftStorageDirectory (RaftStorageDirectory.java:tryLock(328)) - Lock on /workdir/hadoop-ozone/tools/target/test-dir/MiniOzoneClusterImpl-f07ab170-b58e-42a5-bef9-89b4902fcd0c/datanode-1/data/ratis/59bc7443-4603-4908-84a2-1659d24e0936/in_use.lock acquired by nodename 1728@pr-hdds-2448-del-container-qmj8s-3203767274
2019-11-14 23:37:25,863 [pool-38-thread-1] INFO  storage.RaftStorage (RaftStorage.java:format(84)) - Storage directory /workdir/hadoop-ozone/tools/target/test-dir/MiniOzoneClusterImpl-f07ab170-b58e-42a5-bef9-89b4902fcd0c/datanode-1/data/ratis/59bc7443-4603-4908-84a2-1659d24e0936 has been successfully formatted.
2019-11-14 23:37:25,864 [pool-38-thread-1] INFO  ratis.ContainerStateMachine (ContainerStateMachine.java:loadSnapshot(223)) - group-1659D24E0936: The snapshot info is null. Setting the last applied indexto:(t:0, i:~)
2019-11-14 23:37:25,864 [pool-38-thread-1] INFO  server.RaftServerConfigKeys (ConfUtils.java:logGet(43)) - raft.server.notification.no-leader.timeout = 120s (custom)
2019-11-14 23:37:25,864 [pool-38-thread-1] INFO  server.RaftServerConfigKeys (ConfUtils.java:logGet(43)) - raft.server.log.use.memory = false (default)
2019-11-14 23:37:25,864 [pool-38-thread-1] INFO  server.RaftServerConfigKeys (ConfUtils.java:logGet(43)) - raft.server.log.purge.gap = 1000000 (custom)
2019-11-14 23:37:25,865 [pool-38-thread-1] INFO  server.RaftServerConfigKeys (ConfUtils.java:logGet(43)) - raft.server.log.appender.buffer.byte-limit = 33554432 (custom)
2019-11-14 23:37:25,865 [pool-38-thread-1] INFO  server.RaftServerConfigKeys (ConfUtils.java:logGet(43)) - raft.server.log.segment.size.max = 1048576 (custom)
2019-11-14 23:37:25,865 [pool-38-thread-1] INFO  server.RaftServerConfigKeys (ConfUtils.java:logGet(43)) - raft.server.log.segment.cache.num.max = 2 (custom)
2019-11-14 23:37:25,865 [pool-38-thread-1] INFO  segmented.SegmentedRaftLogWorker (SegmentedRaftLogWorker.java:<init>(173)) - new 897108c5-f3e3-4027-9d47-6249c0da204d@group-1659D24E0936-SegmentedRaftLogWorker for RaftStorage:Storage Directory /workdir/hadoop-ozone/tools/target/test-dir/MiniOzoneClusterImpl-f07ab170-b58e-42a5-bef9-89b4902fcd0c/datanode-1/data/ratis/59bc7443-4603-4908-84a2-1659d24e0936
2019-11-14 23:37:25,866 [pool-38-thread-1] INFO  server.RaftServerConfigKeys (ConfUtils.java:logGet(43)) - raft.server.log.queue.byte-limit = 2147483647 (custom)
2019-11-14 23:37:25,866 [pool-38-thread-1] INFO  server.RaftServerConfigKeys (ConfUtils.java:logGet(43)) - raft.server.log.queue.element-limit = 1024 (custom)
2019-11-14 23:37:25,866 [pool-38-thread-1] INFO  server.RaftServerConfigKeys (ConfUtils.java:logGet(43)) - raft.server.log.segment.size.max = 1048576 (custom)
2019-11-14 23:37:25,866 [pool-38-thread-1] INFO  server.RaftServerConfigKeys (ConfUtils.java:logGet(43)) - raft.server.log.preallocated.size = 16384 (custom)
2019-11-14 23:37:25,866 [pool-38-thread-1] INFO  server.RaftServerConfigKeys (ConfUtils.java:logGet(43)) - raft.server.log.write.buffer.size = 33554432 (custom)
2019-11-14 23:37:25,867 [pool-38-thread-1] INFO  server.RaftServerConfigKeys (ConfUtils.java:logGet(43)) - raft.server.log.force.sync.num = 128 (default)
2019-11-14 23:37:25,867 [pool-38-thread-1] INFO  server.RaftServerConfigKeys (ConfUtils.java:logGet(43)) - raft.server.log.statemachine.data.sync = true (default)
2019-11-14 23:37:25,867 [pool-38-thread-1] INFO  server.RaftServerConfigKeys (ConfUtils.java:logGet(43)) - raft.server.log.statemachine.data.sync.timeout = 10s (default)
2019-11-14 23:37:25,867 [pool-38-thread-1] INFO  server.RaftServerConfigKeys (ConfUtils.java:logGet(43)) - raft.server.log.statemachine.data.sync.timeout.retry = -1 (default)
2019-11-14 23:37:25,868 [pool-38-thread-1] INFO  server.RaftServerConfigKeys (ConfUtils.java:logGet(43)) - raft.server.log.statemachine.data.caching.enabled = true (custom)
2019-11-14 23:37:25,868 [pool-38-thread-1] INFO  segmented.SegmentedRaftLogWorker (SegmentedRaftLogWorker.java:lambda$new$0(128)) - 897108c5-f3e3-4027-9d47-6249c0da204d@group-1659D24E0936-SegmentedRaftLogWorker: flushIndex: setUnconditionally 0 -> -1
2019-11-14 23:37:25,869 [pool-38-thread-1] INFO  server.RaftServerConfigKeys (ConfUtils.java:logGet(43)) - raft.server.snapshot.auto.trigger.enabled = true (custom)
2019-11-14 23:37:25,869 [pool-38-thread-1] INFO  server.RaftServerConfigKeys (ConfUtils.java:logGet(43)) - raft.server.snapshot.auto.trigger.threshold = 10000 (custom)
2019-11-14 23:37:25,869 [pool-38-thread-1] INFO  server.RaftServerConfigKeys (ConfUtils.java:logGet(43)) - raft.server.snapshot.retention.file.num = 5 (custom)
2019-11-14 23:37:25,870 [pool-38-thread-1] INFO  server.RaftServerConfigKeys (ConfUtils.java:logGet(43)) - raft.server.retrycache.expirytime = 600000ms (custom)
2019-11-14 23:37:25,870 [pool-38-thread-1] WARN  impl.MetricRegistriesImpl (MetricRegistriesImpl.java:lambda$create$1(61)) - First MetricRegistry has been created without registering reporters. You may need to call MetricRegistries.global().addReportRegistration(...) before.
2019-11-14 23:37:25,870 [pool-38-thread-1] WARN  impl.MetricRegistriesImpl (MetricRegistriesImpl.java:lambda$create$1(61)) - First MetricRegistry has been created without registering reporters. You may need to call MetricRegistries.global().addReportRegistration(...) before.
2019-11-14 23:37:25,870 [pool-38-thread-1] INFO  impl.RaftServerImpl (RaftServerImpl.java:start(184)) - 897108c5-f3e3-4027-9d47-6249c0da204d@group-1659D24E0936: start as a follower, conf=-1: [897108c5-f3e3-4027-9d47-6249c0da204d:192.168.164.210:39925], old=null
2019-11-14 23:37:25,871 [pool-38-thread-1] INFO  impl.RaftServerImpl (RaftServerImpl.java:setRole(173)) - 897108c5-f3e3-4027-9d47-6249c0da204d@group-1659D24E0936: changes role from      null to FOLLOWER at term 0 for startAsFollower
2019-11-14 23:37:25,871 [pool-38-thread-1] INFO  impl.RoleInfo (RoleInfo.java:updateAndGet(143)) - 897108c5-f3e3-4027-9d47-6249c0da204d: start FollowerState
2019-11-14 23:37:25,871 [pool-38-thread-1] INFO  util.JmxRegister (JmxRegister.java:tryRegister(44)) - Successfully registered JMX Bean with object name Ratis:service=RaftServer,group=group-1659D24E0936,id=897108c5-f3e3-4027-9d47-6249c0da204d
2019-11-14 23:37:25,871 [pool-38-thread-1] WARN  impl.MetricRegistriesImpl (MetricRegistriesImpl.java:lambda$create$1(61)) - First MetricRegistry has been created without registering reporters. You may need to call MetricRegistries.global().addReportRegistration(...) before.
2019-11-14 23:37:25,879 [RatisPipelineUtilsThread] INFO  pipeline.PipelineStateManager (PipelineStateManager.java:addPipeline(55)) - Created pipeline Pipeline[ Id: 59bc7443-4603-4908-84a2-1659d24e0936, Nodes: 897108c5-f3e3-4027-9d47-6249c0da204d{ip: 192.168.164.210, host: pr-hdds-2448-del-container-qmj8s-3203767274, networkLocation: /default-rack, certSerialId: null}, Type:RATIS, Factor:ONE, State:ALLOCATED]
2019-11-14 23:37:25,881 [Thread-178] INFO  pipeline.PipelineStateManager (PipelineStateManager.java:finalizePipeline(121)) - Pipeline Pipeline[ Id: 8a42a16d-567e-449b-ad29-cce1571635db, Nodes: 7ed3e0d1-6b9f-472e-8f0f-f1c30a7e2ec2{ip: 192.168.164.210, host: pr-hdds-2448-del-container-qmj8s-3203767274, networkLocation: /default-rack, certSerialId: null}f9d5cdb5-b3ac-43fe-9615-fae3d6058425{ip: 192.168.164.210, host: pr-hdds-2448-del-container-qmj8s-3203767274, networkLocation: /default-rack, certSerialId: null}897108c5-f3e3-4027-9d47-6249c0da204d{ip: 192.168.164.210, host: pr-hdds-2448-del-container-qmj8s-3203767274, networkLocation: /default-rack, certSerialId: null}, Type:RATIS, Factor:THREE, State:CLOSED] moved to CLOSED state
2019-11-14 23:37:25,893 [grpc-default-executor-0] INFO  impl.RaftServerProxy (RaftServerProxy.java:remove(95)) - 7ed3e0d1-6b9f-472e-8f0f-f1c30a7e2ec2: remove  FOLLOWER 7ed3e0d1-6b9f-472e-8f0f-f1c30a7e2ec2@group-CCE1571635DB:t0, leader=null, voted=null, raftlog=7ed3e0d1-6b9f-472e-8f0f-f1c30a7e2ec2@group-CCE1571635DB-SegmentedRaftLog:OPENED:c-1,f-1,i0, conf=-1: [7ed3e0d1-6b9f-472e-8f0f-f1c30a7e2ec2:192.168.164.210:44223, f9d5cdb5-b3ac-43fe-9615-fae3d6058425:192.168.164.210:41795, 897108c5-f3e3-4027-9d47-6249c0da204d:192.168.164.210:39925], old=null RUNNING
2019-11-14 23:37:25,894 [grpc-default-executor-0] INFO  impl.RaftServerImpl (RaftServerImpl.java:lambda$shutdown$3(250)) - 7ed3e0d1-6b9f-472e-8f0f-f1c30a7e2ec2@group-CCE1571635DB: shutdown
2019-11-14 23:37:25,894 [grpc-default-executor-0] INFO  util.JmxRegister (JmxRegister.java:unregister(73)) - Successfully un-registered JMX Bean with object name Ratis:service=RaftServer,group=group-CCE1571635DB,id=7ed3e0d1-6b9f-472e-8f0f-f1c30a7e2ec2
2019-11-14 23:37:25,894 [grpc-default-executor-0] INFO  impl.RoleInfo (RoleInfo.java:shutdownFollowerState(121)) - 7ed3e0d1-6b9f-472e-8f0f-f1c30a7e2ec2: shutdown FollowerState
2019-11-14 23:37:25,894 [grpc-default-executor-0] INFO  impl.StateMachineUpdater (StateMachineUpdater.java:stopAndJoin(136)) - 7ed3e0d1-6b9f-472e-8f0f-f1c30a7e2ec2@group-CCE1571635DB-StateMachineUpdater: set stopIndex = -1
2019-11-14 23:37:25,895 [Thread-190] INFO  impl.FollowerState (FollowerState.java:run(120)) - 7ed3e0d1-6b9f-472e-8f0f-f1c30a7e2ec2@group-CCE1571635DB-FollowerState was interrupted: java.lang.InterruptedException: sleep interrupted
2019-11-14 23:37:25,896 [grpc-default-executor-0] INFO  impl.RaftServerImpl (ServerState.java:close(387)) - 7ed3e0d1-6b9f-472e-8f0f-f1c30a7e2ec2@group-CCE1571635DB: closes. applyIndex: -1
2019-11-14 23:37:25,897 [7ed3e0d1-6b9f-472e-8f0f-f1c30a7e2ec2@group-CCE1571635DB-SegmentedRaftLogWorker] INFO  segmented.SegmentedRaftLogWorker (SegmentedRaftLogWorker.java:run(316)) - 7ed3e0d1-6b9f-472e-8f0f-f1c30a7e2ec2@group-CCE1571635DB-SegmentedRaftLogWorker was interrupted, exiting. There are 0 tasks remaining in the queue.
2019-11-14 23:37:25,897 [grpc-default-executor-0] INFO  segmented.SegmentedRaftLogWorker (SegmentedRaftLogWorker.java:close(224)) - 7ed3e0d1-6b9f-472e-8f0f-f1c30a7e2ec2@group-CCE1571635DB-SegmentedRaftLogWorker close()
2019-11-14 23:37:25,917 [grpc-default-executor-0] INFO  impl.RaftServerProxy (RaftServerProxy.java:remove(95)) - f9d5cdb5-b3ac-43fe-9615-fae3d6058425: remove  FOLLOWER f9d5cdb5-b3ac-43fe-9615-fae3d6058425@group-CCE1571635DB:t0, leader=null, voted=null, raftlog=f9d5cdb5-b3ac-43fe-9615-fae3d6058425@group-CCE1571635DB-SegmentedRaftLog:OPENED:c-1,f-1,i0, conf=-1: [7ed3e0d1-6b9f-472e-8f0f-f1c30a7e2ec2:192.168.164.210:44223, f9d5cdb5-b3ac-43fe-9615-fae3d6058425:192.168.164.210:41795, 897108c5-f3e3-4027-9d47-6249c0da204d:192.168.164.210:39925], old=null RUNNING
2019-11-14 23:37:25,917 [grpc-default-executor-0] INFO  impl.RaftServerImpl (RaftServerImpl.java:lambda$shutdown$3(250)) - f9d5cdb5-b3ac-43fe-9615-fae3d6058425@group-CCE1571635DB: shutdown
2019-11-14 23:37:25,917 [grpc-default-executor-0] INFO  util.JmxRegister (JmxRegister.java:unregister(73)) - Successfully un-registered JMX Bean with object name Ratis:service=RaftServer,group=group-CCE1571635DB,id=f9d5cdb5-b3ac-43fe-9615-fae3d6058425
2019-11-14 23:37:25,918 [grpc-default-executor-0] INFO  impl.RoleInfo (RoleInfo.java:shutdownFollowerState(121)) - f9d5cdb5-b3ac-43fe-9615-fae3d6058425: shutdown FollowerState
2019-11-14 23:37:25,918 [grpc-default-executor-0] INFO  impl.StateMachineUpdater (StateMachineUpdater.java:stopAndJoin(136)) - f9d5cdb5-b3ac-43fe-9615-fae3d6058425@group-CCE1571635DB-StateMachineUpdater: set stopIndex = -1
2019-11-14 23:37:25,918 [Thread-193] INFO  impl.FollowerState (FollowerState.java:run(120)) - f9d5cdb5-b3ac-43fe-9615-fae3d6058425@group-CCE1571635DB-FollowerState was interrupted: java.lang.InterruptedException: sleep interrupted
2019-11-14 23:37:25,919 [grpc-default-executor-0] INFO  impl.RaftServerImpl (ServerState.java:close(387)) - f9d5cdb5-b3ac-43fe-9615-fae3d6058425@group-CCE1571635DB: closes. applyIndex: -1
2019-11-14 23:37:25,921 [f9d5cdb5-b3ac-43fe-9615-fae3d6058425@group-CCE1571635DB-SegmentedRaftLogWorker] INFO  segmented.SegmentedRaftLogWorker (SegmentedRaftLogWorker.java:run(316)) - f9d5cdb5-b3ac-43fe-9615-fae3d6058425@group-CCE1571635DB-SegmentedRaftLogWorker was interrupted, exiting. There are 0 tasks remaining in the queue.
2019-11-14 23:37:25,921 [grpc-default-executor-0] INFO  segmented.SegmentedRaftLogWorker (SegmentedRaftLogWorker.java:close(224)) - f9d5cdb5-b3ac-43fe-9615-fae3d6058425@group-CCE1571635DB-SegmentedRaftLogWorker close()
2019-11-14 23:37:25,944 [grpc-default-executor-0] INFO  impl.RaftServerProxy (RaftServerProxy.java:remove(95)) - 897108c5-f3e3-4027-9d47-6249c0da204d: remove  FOLLOWER 897108c5-f3e3-4027-9d47-6249c0da204d@group-CCE1571635DB:t0, leader=null, voted=null, raftlog=897108c5-f3e3-4027-9d47-6249c0da204d@group-CCE1571635DB-SegmentedRaftLog:OPENED:c-1,f-1,i0, conf=-1: [7ed3e0d1-6b9f-472e-8f0f-f1c30a7e2ec2:192.168.164.210:44223, f9d5cdb5-b3ac-43fe-9615-fae3d6058425:192.168.164.210:41795, 897108c5-f3e3-4027-9d47-6249c0da204d:192.168.164.210:39925], old=null RUNNING
2019-11-14 23:37:25,945 [grpc-default-executor-0] INFO  impl.RaftServerImpl (RaftServerImpl.java:lambda$shutdown$3(250)) - 897108c5-f3e3-4027-9d47-6249c0da204d@group-CCE1571635DB: shutdown
2019-11-14 23:37:25,945 [grpc-default-executor-0] INFO  util.JmxRegister (JmxRegister.java:unregister(73)) - Successfully un-registered JMX Bean with object name Ratis:service=RaftServer,group=group-CCE1571635DB,id=897108c5-f3e3-4027-9d47-6249c0da204d
2019-11-14 23:37:25,945 [grpc-default-executor-0] INFO  impl.RoleInfo (RoleInfo.java:shutdownFollowerState(121)) - 897108c5-f3e3-4027-9d47-6249c0da204d: shutdown FollowerState
2019-11-14 23:37:25,945 [grpc-default-executor-0] INFO  impl.StateMachineUpdater (StateMachineUpdater.java:stopAndJoin(136)) - 897108c5-f3e3-4027-9d47-6249c0da204d@group-CCE1571635DB-StateMachineUpdater: set stopIndex = -1
2019-11-14 23:37:25,946 [Thread-192] INFO  impl.FollowerState (FollowerState.java:run(120)) - 897108c5-f3e3-4027-9d47-6249c0da204d@group-CCE1571635DB-FollowerState was interrupted: java.lang.InterruptedException: sleep interrupted
2019-11-14 23:37:25,946 [grpc-default-executor-0] INFO  impl.RaftServerImpl (ServerState.java:close(387)) - 897108c5-f3e3-4027-9d47-6249c0da204d@group-CCE1571635DB: closes. applyIndex: -1
2019-11-14 23:37:25,947 [897108c5-f3e3-4027-9d47-6249c0da204d@group-CCE1571635DB-SegmentedRaftLogWorker] INFO  segmented.SegmentedRaftLogWorker (SegmentedRaftLogWorker.java:run(316)) - 897108c5-f3e3-4027-9d47-6249c0da204d@group-CCE1571635DB-SegmentedRaftLogWorker was interrupted, exiting. There are 0 tasks remaining in the queue.
2019-11-14 23:37:25,947 [grpc-default-executor-0] INFO  segmented.SegmentedRaftLogWorker (SegmentedRaftLogWorker.java:close(224)) - 897108c5-f3e3-4027-9d47-6249c0da204d@group-CCE1571635DB-SegmentedRaftLogWorker close()
2019-11-14 23:37:25,954 [Thread-178] INFO  pipeline.PipelineStateManager (PipelineStateManager.java:removePipeline(106)) - Pipeline Pipeline[ Id: 8a42a16d-567e-449b-ad29-cce1571635db, Nodes: 7ed3e0d1-6b9f-472e-8f0f-f1c30a7e2ec2{ip: 192.168.164.210, host: pr-hdds-2448-del-container-qmj8s-3203767274, networkLocation: /default-rack, certSerialId: null}f9d5cdb5-b3ac-43fe-9615-fae3d6058425{ip: 192.168.164.210, host: pr-hdds-2448-del-container-qmj8s-3203767274, networkLocation: /default-rack, certSerialId: null}897108c5-f3e3-4027-9d47-6249c0da204d{ip: 192.168.164.210, host: pr-hdds-2448-del-container-qmj8s-3203767274, networkLocation: /default-rack, certSerialId: null}, Type:RATIS, Factor:THREE, State:CLOSED] removed from db
2019-11-14 23:37:25,970 [grpc-default-executor-1] INFO  impl.RaftServerProxy (RaftServerProxy.java:addNew(89)) - f9d5cdb5-b3ac-43fe-9615-fae3d6058425: addNew group-64C23F75903D:[7ed3e0d1-6b9f-472e-8f0f-f1c30a7e2ec2:192.168.164.210:44223, f9d5cdb5-b3ac-43fe-9615-fae3d6058425:192.168.164.210:41795, 897108c5-f3e3-4027-9d47-6249c0da204d:192.168.164.210:39925] returns group-64C23F75903D:java.util.concurrent.CompletableFuture@3b7e722d[Not completed]
2019-11-14 23:37:25,971 [grpc-default-executor-2] INFO  impl.RaftServerProxy (RaftServerProxy.java:addNew(89)) - 897108c5-f3e3-4027-9d47-6249c0da204d: addNew group-64C23F75903D:[7ed3e0d1-6b9f-472e-8f0f-f1c30a7e2ec2:192.168.164.210:44223, f9d5cdb5-b3ac-43fe-9615-fae3d6058425:192.168.164.210:41795, 897108c5-f3e3-4027-9d47-6249c0da204d:192.168.164.210:39925] returns group-64C23F75903D:java.util.concurrent.CompletableFuture@2f45b762[Not completed]
2019-11-14 23:37:25,971 [grpc-default-executor-0] INFO  impl.RaftServerProxy (RaftServerProxy.java:addNew(89)) - 7ed3e0d1-6b9f-472e-8f0f-f1c30a7e2ec2: addNew group-64C23F75903D:[7ed3e0d1-6b9f-472e-8f0f-f1c30a7e2ec2:192.168.164.210:44223, f9d5cdb5-b3ac-43fe-9615-fae3d6058425:192.168.164.210:41795, 897108c5-f3e3-4027-9d47-6249c0da204d:192.168.164.210:39925] returns group-64C23F75903D:java.util.concurrent.CompletableFuture@cdcdc2f[Not completed]
2019-11-14 23:37:25,973 [pool-49-thread-1] INFO  impl.RaftServerImpl (RaftServerImpl.java:<init>(98)) - f9d5cdb5-b3ac-43fe-9615-fae3d6058425: new RaftServerImpl for group-64C23F75903D:[7ed3e0d1-6b9f-472e-8f0f-f1c30a7e2ec2:192.168.164.210:44223, f9d5cdb5-b3ac-43fe-9615-fae3d6058425:192.168.164.210:41795, 897108c5-f3e3-4027-9d47-6249c0da204d:192.168.164.210:39925] with ContainerStateMachine:uninitialized
2019-11-14 23:37:25,973 [pool-49-thread-1] INFO  server.RaftServerConfigKeys (ConfUtils.java:logGet(43)) - raft.server.rpc.timeout.min = 5s (custom)
2019-11-14 23:37:25,974 [pool-49-thread-1] INFO  server.RaftServerConfigKeys (ConfUtils.java:logGet(43)) - raft.server.rpc.timeout.max = 5200ms (custom)
2019-11-14 23:37:25,974 [pool-49-thread-1] INFO  server.RaftServerConfigKeys (ConfUtils.java:logGet(43)) - raft.server.rpcslowness.timeout = 120s (custom)
2019-11-14 23:37:25,974 [pool-49-thread-1] INFO  server.RaftServerConfigKeys (ConfUtils.java:logGet(43)) - raft.server.sleep.deviation.threshold = 300 (default)
2019-11-14 23:37:25,974 [pool-27-thread-1] INFO  impl.RaftServerImpl (RaftServerImpl.java:<init>(98)) - 7ed3e0d1-6b9f-472e-8f0f-f1c30a7e2ec2: new RaftServerImpl for group-64C23F75903D:[7ed3e0d1-6b9f-472e-8f0f-f1c30a7e2ec2:192.168.164.210:44223, f9d5cdb5-b3ac-43fe-9615-fae3d6058425:192.168.164.210:41795, 897108c5-f3e3-4027-9d47-6249c0da204d:192.168.164.210:39925] with ContainerStateMachine:uninitialized
2019-11-14 23:37:25,974 [pool-49-thread-1] INFO  server.RaftServerConfigKeys (ConfUtils.java:logGet(43)) - raft.server.log.appender.install.snapshot.enabled = false (custom)
2019-11-14 23:37:25,974 [pool-27-thread-1] INFO  server.RaftServerConfigKeys (ConfUtils.java:logGet(43)) - raft.server.rpc.timeout.min = 5s (custom)
2019-11-14 23:37:25,974 [pool-49-thread-1] INFO  impl.RaftServerImpl (ServerState.java:<init>(103)) - f9d5cdb5-b3ac-43fe-9615-fae3d6058425@group-64C23F75903D: ConfigurationManager, init=-1: [7ed3e0d1-6b9f-472e-8f0f-f1c30a7e2ec2:192.168.164.210:44223, f9d5cdb5-b3ac-43fe-9615-fae3d6058425:192.168.164.210:41795, 897108c5-f3e3-4027-9d47-6249c0da204d:192.168.164.210:39925], old=null, confs=<EMPTY_MAP>
2019-11-14 23:37:25,974 [pool-27-thread-1] INFO  server.RaftServerConfigKeys (ConfUtils.java:logGet(43)) - raft.server.rpc.timeout.max = 5200ms (custom)
2019-11-14 23:37:25,974 [pool-27-thread-1] INFO  server.RaftServerConfigKeys (ConfUtils.java:logGet(43)) - raft.server.rpcslowness.timeout = 120s (custom)
2019-11-14 23:37:25,975 [pool-38-thread-1] INFO  impl.RaftServerImpl (RaftServerImpl.java:<init>(98)) - 897108c5-f3e3-4027-9d47-6249c0da204d: new RaftServerImpl for group-64C23F75903D:[7ed3e0d1-6b9f-472e-8f0f-f1c30a7e2ec2:192.168.164.210:44223, f9d5cdb5-b3ac-43fe-9615-fae3d6058425:192.168.164.210:41795, 897108c5-f3e3-4027-9d47-6249c0da204d:192.168.164.210:39925] with ContainerStateMachine:uninitialized
2019-11-14 23:37:25,975 [pool-49-thread-1] INFO  server.RaftServerConfigKeys (ConfUtils.java:logGet(43)) - raft.server.storage.dir = [/workdir/hadoop-ozone/tools/target/test-dir/MiniOzoneClusterImpl-f07ab170-b58e-42a5-bef9-89b4902fcd0c/datanode-2/data/ratis] (custom)
2019-11-14 23:37:25,975 [pool-38-thread-1] INFO  server.RaftServerConfigKeys (ConfUtils.java:logGet(43)) - raft.server.rpc.timeout.min = 5s (custom)
2019-11-14 23:37:25,975 [pool-27-thread-1] INFO  server.RaftServerConfigKeys (ConfUtils.java:logGet(43)) - raft.server.sleep.deviation.threshold = 300 (default)
2019-11-14 23:37:25,975 [pool-38-thread-1] INFO  server.RaftServerConfigKeys (ConfUtils.java:logGet(43)) - raft.server.rpc.timeout.max = 5200ms (custom)
2019-11-14 23:37:25,975 [pool-27-thread-1] INFO  server.RaftServerConfigKeys (ConfUtils.java:logGet(43)) - raft.server.log.appender.install.snapshot.enabled = false (custom)
2019-11-14 23:37:25,975 [pool-49-thread-1] INFO  server.RaftServerConfigKeys (ConfUtils.java:logGet(43)) - raft.server.log.corruption.policy = EXCEPTION (default)
2019-11-14 23:37:25,975 [pool-27-thread-1] INFO  impl.RaftServerImpl (ServerState.java:<init>(103)) - 7ed3e0d1-6b9f-472e-8f0f-f1c30a7e2ec2@group-64C23F75903D: ConfigurationManager, init=-1: [7ed3e0d1-6b9f-472e-8f0f-f1c30a7e2ec2:192.168.164.210:44223, f9d5cdb5-b3ac-43fe-9615-fae3d6058425:192.168.164.210:41795, 897108c5-f3e3-4027-9d47-6249c0da204d:192.168.164.210:39925], old=null, confs=<EMPTY_MAP>
2019-11-14 23:37:25,975 [pool-38-thread-1] INFO  server.RaftServerConfigKeys (ConfUtils.java:logGet(43)) - raft.server.rpcslowness.timeout = 120s (custom)
2019-11-14 23:37:25,975 [pool-49-thread-1] INFO  storage.RaftStorageDirectory (RaftStorageDirectory.java:analyzeStorage(246)) - The storage directory /workdir/hadoop-ozone/tools/target/test-dir/MiniOzoneClusterImpl-f07ab170-b58e-42a5-bef9-89b4902fcd0c/datanode-2/data/ratis/3dca643d-3aaa-4320-92f2-64c23f75903d does not exist. Creating ...
2019-11-14 23:37:25,975 [pool-38-thread-1] INFO  server.RaftServerConfigKeys (ConfUtils.java:logGet(43)) - raft.server.sleep.deviation.threshold = 300 (default)
2019-11-14 23:37:25,975 [pool-27-thread-1] INFO  server.RaftServerConfigKeys (ConfUtils.java:logGet(43)) - raft.server.storage.dir = [/workdir/hadoop-ozone/tools/target/test-dir/MiniOzoneClusterImpl-f07ab170-b58e-42a5-bef9-89b4902fcd0c/datanode-0/data/ratis] (custom)
2019-11-14 23:37:25,976 [pool-38-thread-1] INFO  server.RaftServerConfigKeys (ConfUtils.java:logGet(43)) - raft.server.log.appender.install.snapshot.enabled = false (custom)
2019-11-14 23:37:25,976 [pool-38-thread-1] INFO  impl.RaftServerImpl (ServerState.java:<init>(103)) - 897108c5-f3e3-4027-9d47-6249c0da204d@group-64C23F75903D: ConfigurationManager, init=-1: [7ed3e0d1-6b9f-472e-8f0f-f1c30a7e2ec2:192.168.164.210:44223, f9d5cdb5-b3ac-43fe-9615-fae3d6058425:192.168.164.210:41795, 897108c5-f3e3-4027-9d47-6249c0da204d:192.168.164.210:39925], old=null, confs=<EMPTY_MAP>
2019-11-14 23:37:25,976 [pool-27-thread-1] INFO  server.RaftServerConfigKeys (ConfUtils.java:logGet(43)) - raft.server.log.corruption.policy = EXCEPTION (default)
2019-11-14 23:37:25,976 [pool-38-thread-1] INFO  server.RaftServerConfigKeys (ConfUtils.java:logGet(43)) - raft.server.storage.dir = [/workdir/hadoop-ozone/tools/target/test-dir/MiniOzoneClusterImpl-f07ab170-b58e-42a5-bef9-89b4902fcd0c/datanode-1/data/ratis] (custom)
2019-11-14 23:37:25,976 [pool-27-thread-1] INFO  storage.RaftStorageDirectory (RaftStorageDirectory.java:analyzeStorage(246)) - The storage directory /workdir/hadoop-ozone/tools/target/test-dir/MiniOzoneClusterImpl-f07ab170-b58e-42a5-bef9-89b4902fcd0c/datanode-0/data/ratis/3dca643d-3aaa-4320-92f2-64c23f75903d does not exist. Creating ...
2019-11-14 23:37:25,976 [pool-38-thread-1] INFO  server.RaftServerConfigKeys (ConfUtils.java:logGet(43)) - raft.server.log.corruption.policy = EXCEPTION (default)
2019-11-14 23:37:25,976 [pool-38-thread-1] INFO  storage.RaftStorageDirectory (RaftStorageDirectory.java:analyzeStorage(246)) - The storage directory /workdir/hadoop-ozone/tools/target/test-dir/MiniOzoneClusterImpl-f07ab170-b58e-42a5-bef9-89b4902fcd0c/datanode-1/data/ratis/3dca643d-3aaa-4320-92f2-64c23f75903d does not exist. Creating ...
2019-11-14 23:37:25,990 [pool-38-thread-1] INFO  storage.RaftStorageDirectory (RaftStorageDirectory.java:tryLock(328)) - Lock on /workdir/hadoop-ozone/tools/target/test-dir/MiniOzoneClusterImpl-f07ab170-b58e-42a5-bef9-89b4902fcd0c/datanode-1/data/ratis/3dca643d-3aaa-4320-92f2-64c23f75903d/in_use.lock acquired by nodename 1728@pr-hdds-2448-del-container-qmj8s-3203767274
2019-11-14 23:37:25,990 [pool-27-thread-1] INFO  storage.RaftStorageDirectory (RaftStorageDirectory.java:tryLock(328)) - Lock on /workdir/hadoop-ozone/tools/target/test-dir/MiniOzoneClusterImpl-f07ab170-b58e-42a5-bef9-89b4902fcd0c/datanode-0/data/ratis/3dca643d-3aaa-4320-92f2-64c23f75903d/in_use.lock acquired by nodename 1728@pr-hdds-2448-del-container-qmj8s-3203767274
2019-11-14 23:37:25,990 [pool-49-thread-1] INFO  storage.RaftStorageDirectory (RaftStorageDirectory.java:tryLock(328)) - Lock on /workdir/hadoop-ozone/tools/target/test-dir/MiniOzoneClusterImpl-f07ab170-b58e-42a5-bef9-89b4902fcd0c/datanode-2/data/ratis/3dca643d-3aaa-4320-92f2-64c23f75903d/in_use.lock acquired by nodename 1728@pr-hdds-2448-del-container-qmj8s-3203767274
2019-11-14 23:37:26,003 [pool-38-thread-1] INFO  storage.RaftStorage (RaftStorage.java:format(84)) - Storage directory /workdir/hadoop-ozone/tools/target/test-dir/MiniOzoneClusterImpl-f07ab170-b58e-42a5-bef9-89b4902fcd0c/datanode-1/data/ratis/3dca643d-3aaa-4320-92f2-64c23f75903d has been successfully formatted.
2019-11-14 23:37:26,003 [pool-27-thread-1] INFO  storage.RaftStorage (RaftStorage.java:format(84)) - Storage directory /workdir/hadoop-ozone/tools/target/test-dir/MiniOzoneClusterImpl-f07ab170-b58e-42a5-bef9-89b4902fcd0c/datanode-0/data/ratis/3dca643d-3aaa-4320-92f2-64c23f75903d has been successfully formatted.
2019-11-14 23:37:26,004 [pool-38-thread-1] INFO  ratis.ContainerStateMachine (ContainerStateMachine.java:loadSnapshot(223)) - group-64C23F75903D: The snapshot info is null. Setting the last applied indexto:(t:0, i:~)
2019-11-14 23:37:26,003 [pool-49-thread-1] INFO  storage.RaftStorage (RaftStorage.java:format(84)) - Storage directory /workdir/hadoop-ozone/tools/target/test-dir/MiniOzoneClusterImpl-f07ab170-b58e-42a5-bef9-89b4902fcd0c/datanode-2/data/ratis/3dca643d-3aaa-4320-92f2-64c23f75903d has been successfully formatted.
2019-11-14 23:37:26,004 [pool-27-thread-1] INFO  ratis.ContainerStateMachine (ContainerStateMachine.java:loadSnapshot(223)) - group-64C23F75903D: The snapshot info is null. Setting the last applied indexto:(t:0, i:~)
2019-11-14 23:37:26,004 [pool-38-thread-1] INFO  server.RaftServerConfigKeys (ConfUtils.java:logGet(43)) - raft.server.notification.no-leader.timeout = 120s (custom)
2019-11-14 23:37:26,004 [pool-27-thread-1] INFO  server.RaftServerConfigKeys (ConfUtils.java:logGet(43)) - raft.server.notification.no-leader.timeout = 120s (custom)
2019-11-14 23:37:26,004 [pool-27-thread-1] INFO  server.RaftServerConfigKeys (ConfUtils.java:logGet(43)) - raft.server.log.use.memory = false (default)
2019-11-14 23:37:26,004 [pool-49-thread-1] INFO  ratis.ContainerStateMachine (ContainerStateMachine.java:loadSnapshot(223)) - group-64C23F75903D: The snapshot info is null. Setting the last applied indexto:(t:0, i:~)
2019-11-14 23:37:26,005 [pool-27-thread-1] INFO  server.RaftServerConfigKeys (ConfUtils.java:logGet(43)) - raft.server.log.purge.gap = 1000000 (custom)
2019-11-14 23:37:26,004 [pool-38-thread-1] INFO  server.RaftServerConfigKeys (ConfUtils.java:logGet(43)) - raft.server.log.use.memory = false (default)
2019-11-14 23:37:26,005 [pool-27-thread-1] INFO  server.RaftServerConfigKeys (ConfUtils.java:logGet(43)) - raft.server.log.appender.buffer.byte-limit = 33554432 (custom)
2019-11-14 23:37:26,005 [pool-49-thread-1] INFO  server.RaftServerConfigKeys (ConfUtils.java:logGet(43)) - raft.server.notification.no-leader.timeout = 120s (custom)
2019-11-14 23:37:26,005 [pool-27-thread-1] INFO  server.RaftServerConfigKeys (ConfUtils.java:logGet(43)) - raft.server.log.segment.size.max = 1048576 (custom)
2019-11-14 23:37:26,005 [pool-38-thread-1] INFO  server.RaftServerConfigKeys (ConfUtils.java:logGet(43)) - raft.server.log.purge.gap = 1000000 (custom)
2019-11-14 23:37:26,006 [pool-27-thread-1] INFO  server.RaftServerConfigKeys (ConfUtils.java:logGet(43)) - raft.server.log.segment.cache.num.max = 2 (custom)
2019-11-14 23:37:26,005 [pool-49-thread-1] INFO  server.RaftServerConfigKeys (ConfUtils.java:logGet(43)) - raft.server.log.use.memory = false (default)
2019-11-14 23:37:26,006 [pool-27-thread-1] INFO  segmented.SegmentedRaftLogWorker (SegmentedRaftLogWorker.java:<init>(173)) - new 7ed3e0d1-6b9f-472e-8f0f-f1c30a7e2ec2@group-64C23F75903D-SegmentedRaftLogWorker for RaftStorage:Storage Directory /workdir/hadoop-ozone/tools/target/test-dir/MiniOzoneClusterImpl-f07ab170-b58e-42a5-bef9-89b4902fcd0c/datanode-0/data/ratis/3dca643d-3aaa-4320-92f2-64c23f75903d
2019-11-14 23:37:26,006 [pool-38-thread-1] INFO  server.RaftServerConfigKeys (ConfUtils.java:logGet(43)) - raft.server.log.appender.buffer.byte-limit = 33554432 (custom)
2019-11-14 23:37:26,006 [pool-27-thread-1] INFO  server.RaftServerConfigKeys (ConfUtils.java:logGet(43)) - raft.server.log.queue.byte-limit = 2147483647 (custom)
2019-11-14 23:37:26,006 [pool-49-thread-1] INFO  server.RaftServerConfigKeys (ConfUtils.java:logGet(43)) - raft.server.log.purge.gap = 1000000 (custom)
2019-11-14 23:37:26,006 [pool-27-thread-1] INFO  server.RaftServerConfigKeys (ConfUtils.java:logGet(43)) - raft.server.log.queue.element-limit = 1024 (custom)
2019-11-14 23:37:26,006 [pool-38-thread-1] INFO  server.RaftServerConfigKeys (ConfUtils.java:logGet(43)) - raft.server.log.segment.size.max = 1048576 (custom)
2019-11-14 23:37:26,006 [pool-27-thread-1] INFO  server.RaftServerConfigKeys (ConfUtils.java:logGet(43)) - raft.server.log.segment.size.max = 1048576 (custom)
2019-11-14 23:37:26,006 [pool-49-thread-1] INFO  server.RaftServerConfigKeys (ConfUtils.java:logGet(43)) - raft.server.log.appender.buffer.byte-limit = 33554432 (custom)
2019-11-14 23:37:26,007 [pool-27-thread-1] INFO  server.RaftServerConfigKeys (ConfUtils.java:logGet(43)) - raft.server.log.preallocated.size = 16384 (custom)
2019-11-14 23:37:26,007 [pool-38-thread-1] INFO  server.RaftServerConfigKeys (ConfUtils.java:logGet(43)) - raft.server.log.segment.cache.num.max = 2 (custom)
2019-11-14 23:37:26,007 [pool-27-thread-1] INFO  server.RaftServerConfigKeys (ConfUtils.java:logGet(43)) - raft.server.log.write.buffer.size = 33554432 (custom)
2019-11-14 23:37:26,007 [pool-49-thread-1] INFO  server.RaftServerConfigKeys (ConfUtils.java:logGet(43)) - raft.server.log.segment.size.max = 1048576 (custom)
2019-11-14 23:37:26,007 [pool-27-thread-1] INFO  server.RaftServerConfigKeys (ConfUtils.java:logGet(43)) - raft.server.log.force.sync.num = 128 (default)
2019-11-14 23:37:26,007 [pool-38-thread-1] INFO  segmented.SegmentedRaftLogWorker (SegmentedRaftLogWorker.java:<init>(173)) - new 897108c5-f3e3-4027-9d47-6249c0da204d@group-64C23F75903D-SegmentedRaftLogWorker for RaftStorage:Storage Directory /workdir/hadoop-ozone/tools/target/test-dir/MiniOzoneClusterImpl-f07ab170-b58e-42a5-bef9-89b4902fcd0c/datanode-1/data/ratis/3dca643d-3aaa-4320-92f2-64c23f75903d
2019-11-14 23:37:26,008 [pool-27-thread-1] INFO  server.RaftServerConfigKeys (ConfUtils.java:logGet(43)) - raft.server.log.statemachine.data.sync = true (default)
2019-11-14 23:37:26,007 [pool-49-thread-1] INFO  server.RaftServerConfigKeys (ConfUtils.java:logGet(43)) - raft.server.log.segment.cache.num.max = 2 (custom)
2019-11-14 23:37:26,008 [pool-27-thread-1] INFO  server.RaftServerConfigKeys (ConfUtils.java:logGet(43)) - raft.server.log.statemachine.data.sync.timeout = 10s (default)
2019-11-14 23:37:26,008 [pool-38-thread-1] INFO  server.RaftServerConfigKeys (ConfUtils.java:logGet(43)) - raft.server.log.queue.byte-limit = 2147483647 (custom)
2019-11-14 23:37:26,008 [pool-27-thread-1] INFO  server.RaftServerConfigKeys (ConfUtils.java:logGet(43)) - raft.server.log.statemachine.data.sync.timeout.retry = -1 (default)
2019-11-14 23:37:26,008 [pool-49-thread-1] INFO  segmented.SegmentedRaftLogWorker (SegmentedRaftLogWorker.java:<init>(173)) - new f9d5cdb5-b3ac-43fe-9615-fae3d6058425@group-64C23F75903D-SegmentedRaftLogWorker for RaftStorage:Storage Directory /workdir/hadoop-ozone/tools/target/test-dir/MiniOzoneClusterImpl-f07ab170-b58e-42a5-bef9-89b4902fcd0c/datanode-2/data/ratis/3dca643d-3aaa-4320-92f2-64c23f75903d
2019-11-14 23:37:26,008 [pool-38-thread-1] INFO  server.RaftServerConfigKeys (ConfUtils.java:logGet(43)) - raft.server.log.queue.element-limit = 1024 (custom)
2019-11-14 23:37:26,009 [pool-27-thread-1] INFO  server.RaftServerConfigKeys (ConfUtils.java:logGet(43)) - raft.server.log.statemachine.data.caching.enabled = true (custom)
2019-11-14 23:37:26,009 [pool-49-thread-1] INFO  server.RaftServerConfigKeys (ConfUtils.java:logGet(43)) - raft.server.log.queue.byte-limit = 2147483647 (custom)
2019-11-14 23:37:26,009 [pool-38-thread-1] INFO  server.RaftServerConfigKeys (ConfUtils.java:logGet(43)) - raft.server.log.segment.size.max = 1048576 (custom)
2019-11-14 23:37:26,009 [pool-49-thread-1] INFO  server.RaftServerConfigKeys (ConfUtils.java:logGet(43)) - raft.server.log.queue.element-limit = 1024 (custom)
2019-11-14 23:37:26,009 [pool-27-thread-1] INFO  segmented.SegmentedRaftLogWorker (SegmentedRaftLogWorker.java:lambda$new$0(128)) - 7ed3e0d1-6b9f-472e-8f0f-f1c30a7e2ec2@group-64C23F75903D-SegmentedRaftLogWorker: flushIndex: setUnconditionally 0 -> -1
2019-11-14 23:37:26,009 [pool-38-thread-1] INFO  server.RaftServerConfigKeys (ConfUtils.java:logGet(43)) - raft.server.log.preallocated.size = 16384 (custom)
2019-11-14 23:37:26,009 [pool-49-thread-1] INFO  server.RaftServerConfigKeys (ConfUtils.java:logGet(43)) - raft.server.log.segment.size.max = 1048576 (custom)
2019-11-14 23:37:26,010 [pool-38-thread-1] INFO  server.RaftServerConfigKeys (ConfUtils.java:logGet(43)) - raft.server.log.write.buffer.size = 33554432 (custom)
2019-11-14 23:37:26,010 [pool-49-thread-1] INFO  server.RaftServerConfigKeys (ConfUtils.java:logGet(43)) - raft.server.log.preallocated.size = 16384 (custom)
2019-11-14 23:37:26,010 [pool-27-thread-1] INFO  server.RaftServerConfigKeys (ConfUtils.java:logGet(43)) - raft.server.snapshot.auto.trigger.enabled = true (custom)
2019-11-14 23:37:26,010 [pool-49-thread-1] INFO  server.RaftServerConfigKeys (ConfUtils.java:logGet(43)) - raft.server.log.write.buffer.size = 33554432 (custom)
2019-11-14 23:37:26,010 [pool-38-thread-1] INFO  server.RaftServerConfigKeys (ConfUtils.java:logGet(43)) - raft.server.log.force.sync.num = 128 (default)
2019-11-14 23:37:26,010 [pool-49-thread-1] INFO  server.RaftServerConfigKeys (ConfUtils.java:logGet(43)) - raft.server.log.force.sync.num = 128 (default)
2019-11-14 23:37:26,010 [pool-27-thread-1] INFO  server.RaftServerConfigKeys (ConfUtils.java:logGet(43)) - raft.server.snapshot.auto.trigger.threshold = 10000 (custom)
2019-11-14 23:37:26,010 [pool-49-thread-1] INFO  server.RaftServerConfigKeys (ConfUtils.java:logGet(43)) - raft.server.log.statemachine.data.sync = true (default)
2019-11-14 23:37:26,010 [pool-38-thread-1] INFO  server.RaftServerConfigKeys (ConfUtils.java:logGet(43)) - raft.server.log.statemachine.data.sync = true (default)
2019-11-14 23:37:26,011 [pool-49-thread-1] INFO  server.RaftServerConfigKeys (ConfUtils.java:logGet(43)) - raft.server.log.statemachine.data.sync.timeout = 10s (default)
2019-11-14 23:37:26,011 [pool-27-thread-1] INFO  server.RaftServerConfigKeys (ConfUtils.java:logGet(43)) - raft.server.snapshot.retention.file.num = 5 (custom)
2019-11-14 23:37:26,011 [pool-49-thread-1] INFO  server.RaftServerConfigKeys (ConfUtils.java:logGet(43)) - raft.server.log.statemachine.data.sync.timeout.retry = -1 (default)
2019-11-14 23:37:26,011 [pool-27-thread-1] INFO  server.RaftServerConfigKeys (ConfUtils.java:logGet(43)) - raft.server.retrycache.expirytime = 600000ms (custom)
2019-11-14 23:37:26,011 [pool-38-thread-1] INFO  server.RaftServerConfigKeys (ConfUtils.java:logGet(43)) - raft.server.log.statemachine.data.sync.timeout = 10s (default)
2019-11-14 23:37:26,011 [pool-49-thread-1] INFO  server.RaftServerConfigKeys (ConfUtils.java:logGet(43)) - raft.server.log.statemachine.data.caching.enabled = true (custom)
2019-11-14 23:37:26,012 [pool-38-thread-1] INFO  server.RaftServerConfigKeys (ConfUtils.java:logGet(43)) - raft.server.log.statemachine.data.sync.timeout.retry = -1 (default)
2019-11-14 23:37:26,012 [pool-27-thread-1] WARN  impl.MetricRegistriesImpl (MetricRegistriesImpl.java:lambda$create$1(61)) - First MetricRegistry has been created without registering reporters. You may need to call MetricRegistries.global().addReportRegistration(...) before.
2019-11-14 23:37:26,012 [pool-38-thread-1] INFO  server.RaftServerConfigKeys (ConfUtils.java:logGet(43)) - raft.server.log.statemachine.data.caching.enabled = true (custom)
2019-11-14 23:37:26,012 [pool-27-thread-1] WARN  impl.MetricRegistriesImpl (MetricRegistriesImpl.java:lambda$create$1(61)) - First MetricRegistry has been created without registering reporters. You may need to call MetricRegistries.global().addReportRegistration(...) before.
2019-11-14 23:37:26,012 [pool-49-thread-1] INFO  segmented.SegmentedRaftLogWorker (SegmentedRaftLogWorker.java:lambda$new$0(128)) - f9d5cdb5-b3ac-43fe-9615-fae3d6058425@group-64C23F75903D-SegmentedRaftLogWorker: flushIndex: setUnconditionally 0 -> -1
2019-11-14 23:37:26,012 [pool-38-thread-1] INFO  segmented.SegmentedRaftLogWorker (SegmentedRaftLogWorker.java:lambda$new$0(128)) - 897108c5-f3e3-4027-9d47-6249c0da204d@group-64C23F75903D-SegmentedRaftLogWorker: flushIndex: setUnconditionally 0 -> -1
2019-11-14 23:37:26,012 [pool-27-thread-1] INFO  impl.RaftServerImpl (RaftServerImpl.java:start(184)) - 7ed3e0d1-6b9f-472e-8f0f-f1c30a7e2ec2@group-64C23F75903D: start as a follower, conf=-1: [7ed3e0d1-6b9f-472e-8f0f-f1c30a7e2ec2:192.168.164.210:44223, f9d5cdb5-b3ac-43fe-9615-fae3d6058425:192.168.164.210:41795, 897108c5-f3e3-4027-9d47-6249c0da204d:192.168.164.210:39925], old=null
2019-11-14 23:37:26,013 [pool-27-thread-1] INFO  impl.RaftServerImpl (RaftServerImpl.java:setRole(173)) - 7ed3e0d1-6b9f-472e-8f0f-f1c30a7e2ec2@group-64C23F75903D: changes role from      null to FOLLOWER at term 0 for startAsFollower
2019-11-14 23:37:26,013 [pool-38-thread-1] INFO  server.RaftServerConfigKeys (ConfUtils.java:logGet(43)) - raft.server.snapshot.auto.trigger.enabled = true (custom)
2019-11-14 23:37:26,013 [pool-49-thread-1] INFO  server.RaftServerConfigKeys (ConfUtils.java:logGet(43)) - raft.server.snapshot.auto.trigger.enabled = true (custom)
2019-11-14 23:37:26,013 [pool-38-thread-1] INFO  server.RaftServerConfigKeys (ConfUtils.java:logGet(43)) - raft.server.snapshot.auto.trigger.threshold = 10000 (custom)
2019-11-14 23:37:26,013 [pool-27-thread-1] INFO  impl.RoleInfo (RoleInfo.java:updateAndGet(143)) - 7ed3e0d1-6b9f-472e-8f0f-f1c30a7e2ec2: start FollowerState
2019-11-14 23:37:26,013 [pool-38-thread-1] INFO  server.RaftServerConfigKeys (ConfUtils.java:logGet(43)) - raft.server.snapshot.retention.file.num = 5 (custom)
2019-11-14 23:37:26,013 [pool-49-thread-1] INFO  server.RaftServerConfigKeys (ConfUtils.java:logGet(43)) - raft.server.snapshot.auto.trigger.threshold = 10000 (custom)
2019-11-14 23:37:26,013 [pool-38-thread-1] INFO  server.RaftServerConfigKeys (ConfUtils.java:logGet(43)) - raft.server.retrycache.expirytime = 600000ms (custom)
2019-11-14 23:37:26,013 [pool-49-thread-1] INFO  server.RaftServerConfigKeys (ConfUtils.java:logGet(43)) - raft.server.snapshot.retention.file.num = 5 (custom)
2019-11-14 23:37:26,013 [pool-27-thread-1] INFO  util.JmxRegister (JmxRegister.java:tryRegister(44)) - Successfully registered JMX Bean with object name Ratis:service=RaftServer,group=group-64C23F75903D,id=7ed3e0d1-6b9f-472e-8f0f-f1c30a7e2ec2
2019-11-14 23:37:26,013 [pool-38-thread-1] WARN  impl.MetricRegistriesImpl (MetricRegistriesImpl.java:lambda$create$1(61)) - First MetricRegistry has been created without registering reporters. You may need to call MetricRegistries.global().addReportRegistration(...) before.
2019-11-14 23:37:26,014 [pool-27-thread-1] WARN  impl.MetricRegistriesImpl (MetricRegistriesImpl.java:lambda$create$1(61)) - First MetricRegistry has been created without registering reporters. You may need to call MetricRegistries.global().addReportRegistration(...) before.
2019-11-14 23:37:26,014 [pool-49-thread-1] INFO  server.RaftServerConfigKeys (ConfUtils.java:logGet(43)) - raft.server.retrycache.expirytime = 600000ms (custom)
2019-11-14 23:37:26,014 [pool-38-thread-1] WARN  impl.MetricRegistriesImpl (MetricRegistriesImpl.java:lambda$create$1(61)) - First MetricRegistry has been created without registering reporters. You may need to call MetricRegistries.global().addReportRegistration(...) before.
2019-11-14 23:37:26,014 [pool-49-thread-1] WARN  impl.MetricRegistriesImpl (MetricRegistriesImpl.java:lambda$create$1(61)) - First MetricRegistry has been created without registering reporters. You may need to call MetricRegistries.global().addReportRegistration(...) before.
2019-11-14 23:37:26,014 [pool-38-thread-1] INFO  impl.RaftServerImpl (RaftServerImpl.java:start(184)) - 897108c5-f3e3-4027-9d47-6249c0da204d@group-64C23F75903D: start as a follower, conf=-1: [7ed3e0d1-6b9f-472e-8f0f-f1c30a7e2ec2:192.168.164.210:44223, f9d5cdb5-b3ac-43fe-9615-fae3d6058425:192.168.164.210:41795, 897108c5-f3e3-4027-9d47-6249c0da204d:192.168.164.210:39925], old=null
2019-11-14 23:37:26,014 [pool-49-thread-1] WARN  impl.MetricRegistriesImpl (MetricRegistriesImpl.java:lambda$create$1(61)) - First MetricRegistry has been created without registering reporters. You may need to call MetricRegistries.global().addReportRegistration(...) before.
2019-11-14 23:37:26,015 [pool-38-thread-1] INFO  impl.RaftServerImpl (RaftServerImpl.java:setRole(173)) - 897108c5-f3e3-4027-9d47-6249c0da204d@group-64C23F75903D: changes role from      null to FOLLOWER at term 0 for startAsFollower
2019-11-14 23:37:26,015 [pool-49-thread-1] INFO  impl.RaftServerImpl (RaftServerImpl.java:start(184)) - f9d5cdb5-b3ac-43fe-9615-fae3d6058425@group-64C23F75903D: start as a follower, conf=-1: [7ed3e0d1-6b9f-472e-8f0f-f1c30a7e2ec2:192.168.164.210:44223, f9d5cdb5-b3ac-43fe-9615-fae3d6058425:192.168.164.210:41795, 897108c5-f3e3-4027-9d47-6249c0da204d:192.168.164.210:39925], old=null
2019-11-14 23:37:26,015 [pool-38-thread-1] INFO  impl.RoleInfo (RoleInfo.java:updateAndGet(143)) - 897108c5-f3e3-4027-9d47-6249c0da204d: start FollowerState
2019-11-14 23:37:26,015 [pool-49-thread-1] INFO  impl.RaftServerImpl (RaftServerImpl.java:setRole(173)) - f9d5cdb5-b3ac-43fe-9615-fae3d6058425@group-64C23F75903D: changes role from      null to FOLLOWER at term 0 for startAsFollower
2019-11-14 23:37:26,015 [pool-49-thread-1] INFO  impl.RoleInfo (RoleInfo.java:updateAndGet(143)) - f9d5cdb5-b3ac-43fe-9615-fae3d6058425: start FollowerState
2019-11-14 23:37:26,015 [pool-38-thread-1] INFO  util.JmxRegister (JmxRegister.java:tryRegister(44)) - Successfully registered JMX Bean with object name Ratis:service=RaftServer,group=group-64C23F75903D,id=897108c5-f3e3-4027-9d47-6249c0da204d
2019-11-14 23:37:26,016 [pool-38-thread-1] WARN  impl.MetricRegistriesImpl (MetricRegistriesImpl.java:lambda$create$1(61)) - First MetricRegistry has been created without registering reporters. You may need to call MetricRegistries.global().addReportRegistration(...) before.
2019-11-14 23:37:26,016 [pool-49-thread-1] INFO  util.JmxRegister (JmxRegister.java:tryRegister(44)) - Successfully registered JMX Bean with object name Ratis:service=RaftServer,group=group-64C23F75903D,id=f9d5cdb5-b3ac-43fe-9615-fae3d6058425
2019-11-14 23:37:26,017 [pool-49-thread-1] WARN  impl.MetricRegistriesImpl (MetricRegistriesImpl.java:lambda$create$1(61)) - First MetricRegistry has been created without registering reporters. You may need to call MetricRegistries.global().addReportRegistration(...) before.
2019-11-14 23:37:26,024 [RatisPipelineUtilsThread] INFO  pipeline.PipelineStateManager (PipelineStateManager.java:addPipeline(55)) - Created pipeline Pipeline[ Id: 3dca643d-3aaa-4320-92f2-64c23f75903d, Nodes: 7ed3e0d1-6b9f-472e-8f0f-f1c30a7e2ec2{ip: 192.168.164.210, host: pr-hdds-2448-del-container-qmj8s-3203767274, networkLocation: /default-rack, certSerialId: null}f9d5cdb5-b3ac-43fe-9615-fae3d6058425{ip: 192.168.164.210, host: pr-hdds-2448-del-container-qmj8s-3203767274, networkLocation: /default-rack, certSerialId: null}897108c5-f3e3-4027-9d47-6249c0da204d{ip: 192.168.164.210, host: pr-hdds-2448-del-container-qmj8s-3203767274, networkLocation: /default-rack, certSerialId: null}, Type:RATIS, Factor:THREE, State:ALLOCATED]
2019-11-14 23:37:26,538 [main] INFO  ozone.MiniOzoneClusterImpl (MiniOzoneClusterImpl.java:lambda$waitForClusterToBeReady$2(163)) - Waiting for 4 number of pipelines out of 4, to report a leader.
2019-11-14 23:37:27,539 [main] INFO  ozone.MiniOzoneClusterImpl (MiniOzoneClusterImpl.java:lambda$waitForClusterToBeReady$2(163)) - Waiting for 4 number of pipelines out of 4, to report a leader.
2019-11-14 23:37:28,539 [main] INFO  ozone.MiniOzoneClusterImpl (MiniOzoneClusterImpl.java:lambda$waitForClusterToBeReady$2(163)) - Waiting for 4 number of pipelines out of 4, to report a leader.
2019-11-14 23:37:29,540 [main] INFO  ozone.MiniOzoneClusterImpl (MiniOzoneClusterImpl.java:lambda$waitForClusterToBeReady$2(163)) - Waiting for 4 number of pipelines out of 4, to report a leader.
2019-11-14 23:37:30,541 [main] INFO  ozone.MiniOzoneClusterImpl (MiniOzoneClusterImpl.java:lambda$waitForClusterToBeReady$2(163)) - Waiting for 4 number of pipelines out of 4, to report a leader.
2019-11-14 23:37:30,723 [Thread-200] INFO  impl.FollowerState (FollowerState.java:run(111)) - 7ed3e0d1-6b9f-472e-8f0f-f1c30a7e2ec2@group-FDFD5B99B121-FollowerState: change to CANDIDATE, lastRpcTime:5032ms, electionTimeout:5032ms
2019-11-14 23:37:30,726 [Thread-200] INFO  impl.RoleInfo (RoleInfo.java:shutdownFollowerState(121)) - 7ed3e0d1-6b9f-472e-8f0f-f1c30a7e2ec2: shutdown FollowerState
2019-11-14 23:37:30,726 [Thread-200] INFO  impl.RaftServerImpl (RaftServerImpl.java:setRole(173)) - 7ed3e0d1-6b9f-472e-8f0f-f1c30a7e2ec2@group-FDFD5B99B121: changes role from  FOLLOWER to CANDIDATE at term 0 for changeToCandidate
2019-11-14 23:37:30,732 [Thread-200] INFO  impl.RoleInfo (RoleInfo.java:updateAndGet(143)) - 7ed3e0d1-6b9f-472e-8f0f-f1c30a7e2ec2: start LeaderElection
2019-11-14 23:37:30,748 [7ed3e0d1-6b9f-472e-8f0f-f1c30a7e2ec2@group-FDFD5B99B121-LeaderElection1] INFO  impl.LeaderElection (LeaderElection.java:askForVotes(178)) - 7ed3e0d1-6b9f-472e-8f0f-f1c30a7e2ec2@group-FDFD5B99B121-LeaderElection1: begin an election at term 1 for -1: [7ed3e0d1-6b9f-472e-8f0f-f1c30a7e2ec2:192.168.164.210:44223], old=null
2019-11-14 23:37:30,751 [7ed3e0d1-6b9f-472e-8f0f-f1c30a7e2ec2@group-FDFD5B99B121-LeaderElection1] INFO  impl.RoleInfo (RoleInfo.java:shutdownLeaderElection(134)) - 7ed3e0d1-6b9f-472e-8f0f-f1c30a7e2ec2: shutdown LeaderElection
2019-11-14 23:37:30,752 [7ed3e0d1-6b9f-472e-8f0f-f1c30a7e2ec2@group-FDFD5B99B121-LeaderElection1] INFO  impl.RaftServerImpl (RaftServerImpl.java:setRole(173)) - 7ed3e0d1-6b9f-472e-8f0f-f1c30a7e2ec2@group-FDFD5B99B121: changes role from CANDIDATE to LEADER at term 1 for changeToLeader
2019-11-14 23:37:30,752 [7ed3e0d1-6b9f-472e-8f0f-f1c30a7e2ec2@group-FDFD5B99B121-LeaderElection1] INFO  ratis.XceiverServerRatis (XceiverServerRatis.java:handleLeaderChangedNotification(697)) - Leader change notification received for group: group-FDFD5B99B121 with new leaderId: 7ed3e0d1-6b9f-472e-8f0f-f1c30a7e2ec2
2019-11-14 23:37:30,757 [7ed3e0d1-6b9f-472e-8f0f-f1c30a7e2ec2@group-FDFD5B99B121-LeaderElection1] INFO  impl.RaftServerImpl (ServerState.java:setLeader(255)) - 7ed3e0d1-6b9f-472e-8f0f-f1c30a7e2ec2@group-FDFD5B99B121: change Leader from null to 7ed3e0d1-6b9f-472e-8f0f-f1c30a7e2ec2 at term 1 for becomeLeader, leader elected after 5067ms
2019-11-14 23:37:30,763 [7ed3e0d1-6b9f-472e-8f0f-f1c30a7e2ec2@group-FDFD5B99B121-LeaderElection1] INFO  server.RaftServerConfigKeys (ConfUtils.java:logGet(43)) - raft.server.staging.catchup.gap = 1000 (default)
2019-11-14 23:37:30,763 [7ed3e0d1-6b9f-472e-8f0f-f1c30a7e2ec2@group-FDFD5B99B121-LeaderElection1] INFO  server.RaftServerConfigKeys (ConfUtils.java:logGet(43)) - raft.server.rpc.sleep.time = 25ms (default)
2019-11-14 23:37:30,769 [7ed3e0d1-6b9f-472e-8f0f-f1c30a7e2ec2@group-FDFD5B99B121-LeaderElection1] INFO  server.RaftServerConfigKeys (ConfUtils.java:logGet(43)) - raft.server.write.element-limit = 4096 (default)
2019-11-14 23:37:30,774 [7ed3e0d1-6b9f-472e-8f0f-f1c30a7e2ec2@group-FDFD5B99B121-LeaderElection1] INFO  server.RaftServerConfigKeys (ConfUtils.java:logGet(43)) - raft.server.watch.timeout = 10s (default)
2019-11-14 23:37:30,774 [7ed3e0d1-6b9f-472e-8f0f-f1c30a7e2ec2@group-FDFD5B99B121-LeaderElection1] INFO  server.RaftServerConfigKeys (ConfUtils.java:logGet(43)) - raft.server.watch.timeout.denomination = 1s (default)
2019-11-14 23:37:30,775 [7ed3e0d1-6b9f-472e-8f0f-f1c30a7e2ec2@group-FDFD5B99B121-LeaderElection1] INFO  server.RaftServerConfigKeys (ConfUtils.java:logGet(43)) - raft.server.watch.element-limit = 65536 (default)
2019-11-14 23:37:30,781 [EventQueue-PipelineReportForPipelineReportHandler] INFO  pipeline.PipelineStateManager (PipelineStateManager.java:openPipeline(134)) - Pipeline Pipeline[ Id: 3d481b33-95a0-4f7b-9093-fdfd5b99b121, Nodes: 7ed3e0d1-6b9f-472e-8f0f-f1c30a7e2ec2{ip: 192.168.164.210, host: pr-hdds-2448-del-container-qmj8s-3203767274, networkLocation: /default-rack, certSerialId: null}, Type:RATIS, Factor:ONE, State:OPEN] moved to OPEN state
2019-11-14 23:37:30,786 [7ed3e0d1-6b9f-472e-8f0f-f1c30a7e2ec2@group-FDFD5B99B121-LeaderElection1] INFO  impl.RoleInfo (RoleInfo.java:updateAndGet(143)) - 7ed3e0d1-6b9f-472e-8f0f-f1c30a7e2ec2: start LeaderState
2019-11-14 23:37:30,807 [7ed3e0d1-6b9f-472e-8f0f-f1c30a7e2ec2@group-FDFD5B99B121-LeaderElection1] INFO  segmented.SegmentedRaftLogWorker (SegmentedRaftLogWorker.java:startLogSegment(385)) - 7ed3e0d1-6b9f-472e-8f0f-f1c30a7e2ec2@group-FDFD5B99B121-SegmentedRaftLogWorker: Starting segment from index:0
2019-11-14 23:37:30,819 [7ed3e0d1-6b9f-472e-8f0f-f1c30a7e2ec2@group-FDFD5B99B121-LeaderElection1] INFO  impl.RaftServerImpl (ServerState.java:setRaftConf(356)) - 7ed3e0d1-6b9f-472e-8f0f-f1c30a7e2ec2@group-FDFD5B99B121: set configuration 0: [7ed3e0d1-6b9f-472e-8f0f-f1c30a7e2ec2:192.168.164.210:44223], old=null at 0
2019-11-14 23:37:30,835 [Thread-204] INFO  impl.FollowerState (FollowerState.java:run(111)) - f9d5cdb5-b3ac-43fe-9615-fae3d6058425@group-2D388961C895-FollowerState: change to CANDIDATE, lastRpcTime:5056ms, electionTimeout:5056ms
2019-11-14 23:37:30,836 [Thread-204] INFO  impl.RoleInfo (RoleInfo.java:shutdownFollowerState(121)) - f9d5cdb5-b3ac-43fe-9615-fae3d6058425: shutdown FollowerState
2019-11-14 23:37:30,836 [Thread-204] INFO  impl.RaftServerImpl (RaftServerImpl.java:setRole(173)) - f9d5cdb5-b3ac-43fe-9615-fae3d6058425@group-2D388961C895: changes role from  FOLLOWER to CANDIDATE at term 0 for changeToCandidate
2019-11-14 23:37:30,836 [Thread-204] INFO  impl.RoleInfo (RoleInfo.java:updateAndGet(143)) - f9d5cdb5-b3ac-43fe-9615-fae3d6058425: start LeaderElection
2019-11-14 23:37:30,850 [f9d5cdb5-b3ac-43fe-9615-fae3d6058425@group-2D388961C895-LeaderElection2] INFO  impl.LeaderElection (LeaderElection.java:askForVotes(178)) - f9d5cdb5-b3ac-43fe-9615-fae3d6058425@group-2D388961C895-LeaderElection2: begin an election at term 1 for -1: [f9d5cdb5-b3ac-43fe-9615-fae3d6058425:192.168.164.210:41795], old=null
2019-11-14 23:37:30,854 [f9d5cdb5-b3ac-43fe-9615-fae3d6058425@group-2D388961C895-LeaderElection2] INFO  impl.RoleInfo (RoleInfo.java:shutdownLeaderElection(134)) - f9d5cdb5-b3ac-43fe-9615-fae3d6058425: shutdown LeaderElection
2019-11-14 23:37:30,854 [f9d5cdb5-b3ac-43fe-9615-fae3d6058425@group-2D388961C895-LeaderElection2] INFO  impl.RaftServerImpl (RaftServerImpl.java:setRole(173)) - f9d5cdb5-b3ac-43fe-9615-fae3d6058425@group-2D388961C895: changes role from CANDIDATE to LEADER at term 1 for changeToLeader
2019-11-14 23:37:30,854 [f9d5cdb5-b3ac-43fe-9615-fae3d6058425@group-2D388961C895-LeaderElection2] INFO  ratis.XceiverServerRatis (XceiverServerRatis.java:handleLeaderChangedNotification(697)) - Leader change notification received for group: group-2D388961C895 with new leaderId: f9d5cdb5-b3ac-43fe-9615-fae3d6058425
2019-11-14 23:37:30,855 [f9d5cdb5-b3ac-43fe-9615-fae3d6058425@group-2D388961C895-LeaderElection2] INFO  impl.RaftServerImpl (ServerState.java:setLeader(255)) - f9d5cdb5-b3ac-43fe-9615-fae3d6058425@group-2D388961C895: change Leader from null to f9d5cdb5-b3ac-43fe-9615-fae3d6058425 at term 1 for becomeLeader, leader elected after 5080ms
2019-11-14 23:37:30,855 [f9d5cdb5-b3ac-43fe-9615-fae3d6058425@group-2D388961C895-LeaderElection2] INFO  server.RaftServerConfigKeys (ConfUtils.java:logGet(43)) - raft.server.staging.catchup.gap = 1000 (default)
2019-11-14 23:37:30,855 [f9d5cdb5-b3ac-43fe-9615-fae3d6058425@group-2D388961C895-LeaderElection2] INFO  server.RaftServerConfigKeys (ConfUtils.java:logGet(43)) - raft.server.rpc.sleep.time = 25ms (default)
2019-11-14 23:37:30,856 [f9d5cdb5-b3ac-43fe-9615-fae3d6058425@group-2D388961C895-LeaderElection2] INFO  server.RaftServerConfigKeys (ConfUtils.java:logGet(43)) - raft.server.write.element-limit = 4096 (default)
2019-11-14 23:37:30,856 [f9d5cdb5-b3ac-43fe-9615-fae3d6058425@group-2D388961C895-LeaderElection2] INFO  server.RaftServerConfigKeys (ConfUtils.java:logGet(43)) - raft.server.watch.timeout = 10s (default)
2019-11-14 23:37:30,856 [f9d5cdb5-b3ac-43fe-9615-fae3d6058425@group-2D388961C895-LeaderElection2] INFO  server.RaftServerConfigKeys (ConfUtils.java:logGet(43)) - raft.server.watch.timeout.denomination = 1s (default)
2019-11-14 23:37:30,856 [f9d5cdb5-b3ac-43fe-9615-fae3d6058425@group-2D388961C895-LeaderElection2] INFO  server.RaftServerConfigKeys (ConfUtils.java:logGet(43)) - raft.server.watch.element-limit = 65536 (default)
2019-11-14 23:37:30,857 [f9d5cdb5-b3ac-43fe-9615-fae3d6058425@group-2D388961C895-LeaderElection2] INFO  impl.RoleInfo (RoleInfo.java:updateAndGet(143)) - f9d5cdb5-b3ac-43fe-9615-fae3d6058425: start LeaderState
2019-11-14 23:37:30,857 [f9d5cdb5-b3ac-43fe-9615-fae3d6058425@group-2D388961C895-LeaderElection2] INFO  segmented.SegmentedRaftLogWorker (SegmentedRaftLogWorker.java:startLogSegment(385)) - f9d5cdb5-b3ac-43fe-9615-fae3d6058425@group-2D388961C895-SegmentedRaftLogWorker: Starting segment from index:0
2019-11-14 23:37:30,858 [f9d5cdb5-b3ac-43fe-9615-fae3d6058425@group-2D388961C895-LeaderElection2] INFO  impl.RaftServerImpl (ServerState.java:setRaftConf(356)) - f9d5cdb5-b3ac-43fe-9615-fae3d6058425@group-2D388961C895: set configuration 0: [f9d5cdb5-b3ac-43fe-9615-fae3d6058425:192.168.164.210:41795], old=null at 0
2019-11-14 23:37:30,858 [EventQueue-PipelineReportForPipelineReportHandler] INFO  pipeline.PipelineStateManager (PipelineStateManager.java:openPipeline(134)) - Pipeline Pipeline[ Id: 98b7d19b-92b7-49c9-b77c-2d388961c895, Nodes: f9d5cdb5-b3ac-43fe-9615-fae3d6058425{ip: 192.168.164.210, host: pr-hdds-2448-del-container-qmj8s-3203767274, networkLocation: /default-rack, certSerialId: null}, Type:RATIS, Factor:ONE, State:OPEN] moved to OPEN state
2019-11-14 23:37:30,985 [7ed3e0d1-6b9f-472e-8f0f-f1c30a7e2ec2@group-FDFD5B99B121-SegmentedRaftLogWorker] INFO  segmented.SegmentedRaftLogWorker (SegmentedRaftLogWorker.java:execute(576)) - 7ed3e0d1-6b9f-472e-8f0f-f1c30a7e2ec2@group-FDFD5B99B121-SegmentedRaftLogWorker: created new log segment /workdir/hadoop-ozone/tools/target/test-dir/MiniOzoneClusterImpl-f07ab170-b58e-42a5-bef9-89b4902fcd0c/datanode-0/data/ratis/3d481b33-95a0-4f7b-9093-fdfd5b99b121/current/log_inprogress_0
2019-11-14 23:37:30,985 [f9d5cdb5-b3ac-43fe-9615-fae3d6058425@group-2D388961C895-SegmentedRaftLogWorker] INFO  segmented.SegmentedRaftLogWorker (SegmentedRaftLogWorker.java:execute(576)) - f9d5cdb5-b3ac-43fe-9615-fae3d6058425@group-2D388961C895-SegmentedRaftLogWorker: created new log segment /workdir/hadoop-ozone/tools/target/test-dir/MiniOzoneClusterImpl-f07ab170-b58e-42a5-bef9-89b4902fcd0c/datanode-2/data/ratis/98b7d19b-92b7-49c9-b77c-2d388961c895/current/log_inprogress_0
2019-11-14 23:37:31,039 [Thread-208] INFO  impl.FollowerState (FollowerState.java:run(111)) - 897108c5-f3e3-4027-9d47-6249c0da204d@group-1659D24E0936-FollowerState: change to CANDIDATE, lastRpcTime:5168ms, electionTimeout:5168ms
2019-11-14 23:37:31,040 [Thread-208] INFO  impl.RoleInfo (RoleInfo.java:shutdownFollowerState(121)) - 897108c5-f3e3-4027-9d47-6249c0da204d: shutdown FollowerState
2019-11-14 23:37:31,040 [Thread-208] INFO  impl.RaftServerImpl (RaftServerImpl.java:setRole(173)) - 897108c5-f3e3-4027-9d47-6249c0da204d@group-1659D24E0936: changes role from  FOLLOWER to CANDIDATE at term 0 for changeToCandidate
2019-11-14 23:37:31,040 [Thread-208] INFO  impl.RoleInfo (RoleInfo.java:updateAndGet(143)) - 897108c5-f3e3-4027-9d47-6249c0da204d: start LeaderElection
2019-11-14 23:37:31,058 [897108c5-f3e3-4027-9d47-6249c0da204d@group-1659D24E0936-LeaderElection3] INFO  impl.LeaderElection (LeaderElection.java:askForVotes(178)) - 897108c5-f3e3-4027-9d47-6249c0da204d@group-1659D24E0936-LeaderElection3: begin an election at term 1 for -1: [897108c5-f3e3-4027-9d47-6249c0da204d:192.168.164.210:39925], old=null
2019-11-14 23:37:31,059 [897108c5-f3e3-4027-9d47-6249c0da204d@group-1659D24E0936-LeaderElection3] INFO  impl.RoleInfo (RoleInfo.java:shutdownLeaderElection(134)) - 897108c5-f3e3-4027-9d47-6249c0da204d: shutdown LeaderElection
2019-11-14 23:37:31,059 [897108c5-f3e3-4027-9d47-6249c0da204d@group-1659D24E0936-LeaderElection3] INFO  impl.RaftServerImpl (RaftServerImpl.java:setRole(173)) - 897108c5-f3e3-4027-9d47-6249c0da204d@group-1659D24E0936: changes role from CANDIDATE to LEADER at term 1 for changeToLeader
2019-11-14 23:37:31,059 [897108c5-f3e3-4027-9d47-6249c0da204d@group-1659D24E0936-LeaderElection3] INFO  ratis.XceiverServerRatis (XceiverServerRatis.java:handleLeaderChangedNotification(697)) - Leader change notification received for group: group-1659D24E0936 with new leaderId: 897108c5-f3e3-4027-9d47-6249c0da204d
2019-11-14 23:37:31,060 [897108c5-f3e3-4027-9d47-6249c0da204d@group-1659D24E0936-LeaderElection3] INFO  impl.RaftServerImpl (ServerState.java:setLeader(255)) - 897108c5-f3e3-4027-9d47-6249c0da204d@group-1659D24E0936: change Leader from null to 897108c5-f3e3-4027-9d47-6249c0da204d at term 1 for becomeLeader, leader elected after 5195ms
2019-11-14 23:37:31,060 [897108c5-f3e3-4027-9d47-6249c0da204d@group-1659D24E0936-LeaderElection3] INFO  server.RaftServerConfigKeys (ConfUtils.java:logGet(43)) - raft.server.staging.catchup.gap = 1000 (default)
2019-11-14 23:37:31,061 [897108c5-f3e3-4027-9d47-6249c0da204d@group-1659D24E0936-LeaderElection3] INFO  server.RaftServerConfigKeys (ConfUtils.java:logGet(43)) - raft.server.rpc.sleep.time = 25ms (default)
2019-11-14 23:37:31,061 [897108c5-f3e3-4027-9d47-6249c0da204d@group-1659D24E0936-LeaderElection3] INFO  server.RaftServerConfigKeys (ConfUtils.java:logGet(43)) - raft.server.write.element-limit = 4096 (default)
2019-11-14 23:37:31,061 [897108c5-f3e3-4027-9d47-6249c0da204d@group-1659D24E0936-LeaderElection3] INFO  server.RaftServerConfigKeys (ConfUtils.java:logGet(43)) - raft.server.watch.timeout = 10s (default)
2019-11-14 23:37:31,062 [897108c5-f3e3-4027-9d47-6249c0da204d@group-1659D24E0936-LeaderElection3] INFO  server.RaftServerConfigKeys (ConfUtils.java:logGet(43)) - raft.server.watch.timeout.denomination = 1s (default)
2019-11-14 23:37:31,062 [897108c5-f3e3-4027-9d47-6249c0da204d@group-1659D24E0936-LeaderElection3] INFO  server.RaftServerConfigKeys (ConfUtils.java:logGet(43)) - raft.server.watch.element-limit = 65536 (default)
2019-11-14 23:37:31,063 [897108c5-f3e3-4027-9d47-6249c0da204d@group-1659D24E0936-LeaderElection3] INFO  impl.RoleInfo (RoleInfo.java:updateAndGet(143)) - 897108c5-f3e3-4027-9d47-6249c0da204d: start LeaderState
2019-11-14 23:37:31,063 [897108c5-f3e3-4027-9d47-6249c0da204d@group-1659D24E0936-LeaderElection3] INFO  segmented.SegmentedRaftLogWorker (SegmentedRaftLogWorker.java:startLogSegment(385)) - 897108c5-f3e3-4027-9d47-6249c0da204d@group-1659D24E0936-SegmentedRaftLogWorker: Starting segment from index:0
2019-11-14 23:37:31,063 [EventQueue-PipelineReportForPipelineReportHandler] INFO  pipeline.PipelineStateManager (PipelineStateManager.java:openPipeline(134)) - Pipeline Pipeline[ Id: 59bc7443-4603-4908-84a2-1659d24e0936, Nodes: 897108c5-f3e3-4027-9d47-6249c0da204d{ip: 192.168.164.210, host: pr-hdds-2448-del-container-qmj8s-3203767274, networkLocation: /default-rack, certSerialId: null}, Type:RATIS, Factor:ONE, State:OPEN] moved to OPEN state
2019-11-14 23:37:31,064 [897108c5-f3e3-4027-9d47-6249c0da204d@group-1659D24E0936-LeaderElection3] INFO  impl.RaftServerImpl (ServerState.java:setRaftConf(356)) - 897108c5-f3e3-4027-9d47-6249c0da204d@group-1659D24E0936: set configuration 0: [897108c5-f3e3-4027-9d47-6249c0da204d:192.168.164.210:39925], old=null at 0
2019-11-14 23:37:31,106 [Thread-219] INFO  impl.FollowerState (FollowerState.java:run(111)) - f9d5cdb5-b3ac-43fe-9615-fae3d6058425@group-64C23F75903D-FollowerState: change to CANDIDATE, lastRpcTime:5090ms, electionTimeout:5070ms
2019-11-14 23:37:31,106 [Thread-219] INFO  impl.RoleInfo (RoleInfo.java:shutdownFollowerState(121)) - f9d5cdb5-b3ac-43fe-9615-fae3d6058425: shutdown FollowerState
2019-11-14 23:37:31,106 [Thread-219] INFO  impl.RaftServerImpl (RaftServerImpl.java:setRole(173)) - f9d5cdb5-b3ac-43fe-9615-fae3d6058425@group-64C23F75903D: changes role from  FOLLOWER to CANDIDATE at term 0 for changeToCandidate
2019-11-14 23:37:31,107 [Thread-219] INFO  impl.RoleInfo (RoleInfo.java:updateAndGet(143)) - f9d5cdb5-b3ac-43fe-9615-fae3d6058425: start LeaderElection
2019-11-14 23:37:31,119 [897108c5-f3e3-4027-9d47-6249c0da204d@group-1659D24E0936-SegmentedRaftLogWorker] INFO  segmented.SegmentedRaftLogWorker (SegmentedRaftLogWorker.java:execute(576)) - 897108c5-f3e3-4027-9d47-6249c0da204d@group-1659D24E0936-SegmentedRaftLogWorker: created new log segment /workdir/hadoop-ozone/tools/target/test-dir/MiniOzoneClusterImpl-f07ab170-b58e-42a5-bef9-89b4902fcd0c/datanode-1/data/ratis/59bc7443-4603-4908-84a2-1659d24e0936/current/log_inprogress_0
2019-11-14 23:37:31,119 [f9d5cdb5-b3ac-43fe-9615-fae3d6058425@group-64C23F75903D-LeaderElection4] INFO  impl.LeaderElection (LeaderElection.java:askForVotes(178)) - f9d5cdb5-b3ac-43fe-9615-fae3d6058425@group-64C23F75903D-LeaderElection4: begin an election at term 1 for -1: [7ed3e0d1-6b9f-472e-8f0f-f1c30a7e2ec2:192.168.164.210:44223, f9d5cdb5-b3ac-43fe-9615-fae3d6058425:192.168.164.210:41795, 897108c5-f3e3-4027-9d47-6249c0da204d:192.168.164.210:39925], old=null
2019-11-14 23:37:31,133 [Thread-214] INFO  impl.FollowerState (FollowerState.java:run(111)) - 7ed3e0d1-6b9f-472e-8f0f-f1c30a7e2ec2@group-64C23F75903D-FollowerState: change to CANDIDATE, lastRpcTime:5120ms, electionTimeout:5120ms
2019-11-14 23:37:31,134 [Thread-214] INFO  impl.RoleInfo (RoleInfo.java:shutdownFollowerState(121)) - 7ed3e0d1-6b9f-472e-8f0f-f1c30a7e2ec2: shutdown FollowerState
2019-11-14 23:37:31,134 [Thread-214] INFO  impl.RaftServerImpl (RaftServerImpl.java:setRole(173)) - 7ed3e0d1-6b9f-472e-8f0f-f1c30a7e2ec2@group-64C23F75903D: changes role from  FOLLOWER to CANDIDATE at term 0 for changeToCandidate
2019-11-14 23:37:31,134 [Thread-214] INFO  impl.RoleInfo (RoleInfo.java:updateAndGet(143)) - 7ed3e0d1-6b9f-472e-8f0f-f1c30a7e2ec2: start LeaderElection
2019-11-14 23:37:31,149 [grpc-default-executor-0] INFO  impl.RaftServerImpl (RaftServerImpl.java:setRole(173)) - 897108c5-f3e3-4027-9d47-6249c0da204d@group-64C23F75903D: changes role from  FOLLOWER to FOLLOWER at term 1 for recognizeCandidate:f9d5cdb5-b3ac-43fe-9615-fae3d6058425
2019-11-14 23:37:31,149 [grpc-default-executor-0] INFO  impl.RoleInfo (RoleInfo.java:shutdownFollowerState(121)) - 897108c5-f3e3-4027-9d47-6249c0da204d: shutdown FollowerState
2019-11-14 23:37:31,149 [Thread-218] INFO  impl.FollowerState (FollowerState.java:run(120)) - 897108c5-f3e3-4027-9d47-6249c0da204d@group-64C23F75903D-FollowerState was interrupted: java.lang.InterruptedException: sleep interrupted
2019-11-14 23:37:31,149 [grpc-default-executor-0] INFO  impl.RoleInfo (RoleInfo.java:updateAndGet(143)) - 897108c5-f3e3-4027-9d47-6249c0da204d: start FollowerState
2019-11-14 23:37:31,150 [7ed3e0d1-6b9f-472e-8f0f-f1c30a7e2ec2@group-64C23F75903D-LeaderElection5] INFO  impl.LeaderElection (LeaderElection.java:askForVotes(178)) - 7ed3e0d1-6b9f-472e-8f0f-f1c30a7e2ec2@group-64C23F75903D-LeaderElection5: begin an election at term 1 for -1: [7ed3e0d1-6b9f-472e-8f0f-f1c30a7e2ec2:192.168.164.210:44223, f9d5cdb5-b3ac-43fe-9615-fae3d6058425:192.168.164.210:41795, 897108c5-f3e3-4027-9d47-6249c0da204d:192.168.164.210:39925], old=null
2019-11-14 23:37:31,170 [7ed3e0d1-6b9f-472e-8f0f-f1c30a7e2ec2@group-64C23F75903D-LeaderElection5] INFO  impl.LeaderElection (LeaderElection.java:logAndReturn(56)) - 7ed3e0d1-6b9f-472e-8f0f-f1c30a7e2ec2@group-64C23F75903D-LeaderElection5: Election REJECTED; received 2 response(s) [7ed3e0d1-6b9f-472e-8f0f-f1c30a7e2ec2<-f9d5cdb5-b3ac-43fe-9615-fae3d6058425#0:FAIL-t1, 7ed3e0d1-6b9f-472e-8f0f-f1c30a7e2ec2<-897108c5-f3e3-4027-9d47-6249c0da204d#0:FAIL-t1] and 0 exception(s); 7ed3e0d1-6b9f-472e-8f0f-f1c30a7e2ec2@group-64C23F75903D:t1, leader=null, voted=7ed3e0d1-6b9f-472e-8f0f-f1c30a7e2ec2, raftlog=7ed3e0d1-6b9f-472e-8f0f-f1c30a7e2ec2@group-64C23F75903D-SegmentedRaftLog:OPENED:c-1,f-1,i0, conf=-1: [7ed3e0d1-6b9f-472e-8f0f-f1c30a7e2ec2:192.168.164.210:44223, f9d5cdb5-b3ac-43fe-9615-fae3d6058425:192.168.164.210:41795, 897108c5-f3e3-4027-9d47-6249c0da204d:192.168.164.210:39925], old=null
2019-11-14 23:37:31,170 [f9d5cdb5-b3ac-43fe-9615-fae3d6058425@group-64C23F75903D-LeaderElection4] INFO  impl.LeaderElection (LeaderElection.java:logAndReturn(56)) - f9d5cdb5-b3ac-43fe-9615-fae3d6058425@group-64C23F75903D-LeaderElection4: Election PASSED; received 2 response(s) [f9d5cdb5-b3ac-43fe-9615-fae3d6058425<-7ed3e0d1-6b9f-472e-8f0f-f1c30a7e2ec2#0:FAIL-t1, f9d5cdb5-b3ac-43fe-9615-fae3d6058425<-897108c5-f3e3-4027-9d47-6249c0da204d#0:OK-t1] and 0 exception(s); f9d5cdb5-b3ac-43fe-9615-fae3d6058425@group-64C23F75903D:t1, leader=null, voted=f9d5cdb5-b3ac-43fe-9615-fae3d6058425, raftlog=f9d5cdb5-b3ac-43fe-9615-fae3d6058425@group-64C23F75903D-SegmentedRaftLog:OPENED:c-1,f-1,i0, conf=-1: [7ed3e0d1-6b9f-472e-8f0f-f1c30a7e2ec2:192.168.164.210:44223, f9d5cdb5-b3ac-43fe-9615-fae3d6058425:192.168.164.210:41795, 897108c5-f3e3-4027-9d47-6249c0da204d:192.168.164.210:39925], old=null
2019-11-14 23:37:31,171 [7ed3e0d1-6b9f-472e-8f0f-f1c30a7e2ec2@group-64C23F75903D-LeaderElection5] INFO  impl.RaftServerImpl (RaftServerImpl.java:setRole(173)) - 7ed3e0d1-6b9f-472e-8f0f-f1c30a7e2ec2@group-64C23F75903D: changes role from CANDIDATE to FOLLOWER at term 1 for DISCOVERED_A_NEW_TERM
2019-11-14 23:37:31,171 [f9d5cdb5-b3ac-43fe-9615-fae3d6058425@group-64C23F75903D-LeaderElection4] INFO  impl.RoleInfo (RoleInfo.java:shutdownLeaderElection(134)) - f9d5cdb5-b3ac-43fe-9615-fae3d6058425: shutdown LeaderElection
2019-11-14 23:37:31,173 [7ed3e0d1-6b9f-472e-8f0f-f1c30a7e2ec2@group-64C23F75903D-LeaderElection5] INFO  impl.RoleInfo (RoleInfo.java:shutdownLeaderElection(134)) - 7ed3e0d1-6b9f-472e-8f0f-f1c30a7e2ec2: shutdown LeaderElection
2019-11-14 23:37:31,174 [f9d5cdb5-b3ac-43fe-9615-fae3d6058425@group-64C23F75903D-LeaderElection4] INFO  impl.RaftServerImpl (RaftServerImpl.java:setRole(173)) - f9d5cdb5-b3ac-43fe-9615-fae3d6058425@group-64C23F75903D: changes role from CANDIDATE to LEADER at term 1 for changeToLeader
2019-11-14 23:37:31,174 [f9d5cdb5-b3ac-43fe-9615-fae3d6058425@group-64C23F75903D-LeaderElection4] INFO  ratis.XceiverServerRatis (XceiverServerRatis.java:handleLeaderChangedNotification(697)) - Leader change notification received for group: group-64C23F75903D with new leaderId: f9d5cdb5-b3ac-43fe-9615-fae3d6058425
2019-11-14 23:37:31,174 [7ed3e0d1-6b9f-472e-8f0f-f1c30a7e2ec2@group-64C23F75903D-LeaderElection5] INFO  impl.RoleInfo (RoleInfo.java:updateAndGet(143)) - 7ed3e0d1-6b9f-472e-8f0f-f1c30a7e2ec2: start FollowerState
2019-11-14 23:37:31,175 [f9d5cdb5-b3ac-43fe-9615-fae3d6058425@group-64C23F75903D-LeaderElection4] INFO  impl.RaftServerImpl (ServerState.java:setLeader(255)) - f9d5cdb5-b3ac-43fe-9615-fae3d6058425@group-64C23F75903D: change Leader from null to f9d5cdb5-b3ac-43fe-9615-fae3d6058425 at term 1 for becomeLeader, leader elected after 5169ms
2019-11-14 23:37:31,175 [f9d5cdb5-b3ac-43fe-9615-fae3d6058425@group-64C23F75903D-LeaderElection4] INFO  server.RaftServerConfigKeys (ConfUtils.java:logGet(43)) - raft.server.staging.catchup.gap = 1000 (default)
2019-11-14 23:37:31,176 [f9d5cdb5-b3ac-43fe-9615-fae3d6058425@group-64C23F75903D-LeaderElection4] INFO  server.RaftServerConfigKeys (ConfUtils.java:logGet(43)) - raft.server.rpc.sleep.time = 25ms (default)
2019-11-14 23:37:31,176 [f9d5cdb5-b3ac-43fe-9615-fae3d6058425@group-64C23F75903D-LeaderElection4] INFO  server.RaftServerConfigKeys (ConfUtils.java:logGet(43)) - raft.server.write.element-limit = 4096 (default)
2019-11-14 23:37:31,177 [f9d5cdb5-b3ac-43fe-9615-fae3d6058425@group-64C23F75903D-LeaderElection4] INFO  server.RaftServerConfigKeys (ConfUtils.java:logGet(43)) - raft.server.watch.timeout = 10s (default)
2019-11-14 23:37:31,177 [f9d5cdb5-b3ac-43fe-9615-fae3d6058425@group-64C23F75903D-LeaderElection4] INFO  server.RaftServerConfigKeys (ConfUtils.java:logGet(43)) - raft.server.watch.timeout.denomination = 1s (default)
2019-11-14 23:37:31,177 [f9d5cdb5-b3ac-43fe-9615-fae3d6058425@group-64C23F75903D-LeaderElection4] INFO  server.RaftServerConfigKeys (ConfUtils.java:logGet(43)) - raft.server.watch.element-limit = 65536 (default)
2019-11-14 23:37:31,178 [EventQueue-PipelineReportForPipelineReportHandler] INFO  pipeline.PipelineStateManager (PipelineStateManager.java:openPipeline(134)) - Pipeline Pipeline[ Id: 3dca643d-3aaa-4320-92f2-64c23f75903d, Nodes: 7ed3e0d1-6b9f-472e-8f0f-f1c30a7e2ec2{ip: 192.168.164.210, host: pr-hdds-2448-del-container-qmj8s-3203767274, networkLocation: /default-rack, certSerialId: null}f9d5cdb5-b3ac-43fe-9615-fae3d6058425{ip: 192.168.164.210, host: pr-hdds-2448-del-container-qmj8s-3203767274, networkLocation: /default-rack, certSerialId: null}897108c5-f3e3-4027-9d47-6249c0da204d{ip: 192.168.164.210, host: pr-hdds-2448-del-container-qmj8s-3203767274, networkLocation: /default-rack, certSerialId: null}, Type:RATIS, Factor:THREE, State:OPEN] moved to OPEN state
2019-11-14 23:37:31,180 [f9d5cdb5-b3ac-43fe-9615-fae3d6058425@group-64C23F75903D-LeaderElection4] INFO  server.RaftServerConfigKeys (ConfUtils.java:logGet(43)) - raft.server.log.appender.snapshot.chunk.size.max = 16MB (=16777216) (default)
2019-11-14 23:37:31,180 [f9d5cdb5-b3ac-43fe-9615-fae3d6058425@group-64C23F75903D-LeaderElection4] INFO  server.RaftServerConfigKeys (ConfUtils.java:logGet(43)) - raft.server.log.appender.buffer.byte-limit = 33554432 (custom)
2019-11-14 23:37:31,181 [f9d5cdb5-b3ac-43fe-9615-fae3d6058425@group-64C23F75903D-LeaderElection4] INFO  server.RaftServerConfigKeys (ConfUtils.java:logGet(43)) - raft.server.log.appender.buffer.element-limit = 1 (custom)
2019-11-14 23:37:31,185 [f9d5cdb5-b3ac-43fe-9615-fae3d6058425@group-64C23F75903D-LeaderElection4] INFO  grpc.GrpcConfigKeys$Server (ConfUtils.java:logGet(43)) - raft.grpc.server.leader.outstanding.appends.max = 128 (default)
2019-11-14 23:37:31,185 [f9d5cdb5-b3ac-43fe-9615-fae3d6058425@group-64C23F75903D-LeaderElection4] INFO  server.RaftServerConfigKeys (ConfUtils.java:logGet(43)) - raft.server.rpc.request.timeout = 3000ms (default)
2019-11-14 23:37:31,186 [f9d5cdb5-b3ac-43fe-9615-fae3d6058425@group-64C23F75903D-LeaderElection4] INFO  server.RaftServerConfigKeys (ConfUtils.java:logGet(43)) - raft.server.log.appender.install.snapshot.enabled = false (custom)
2019-11-14 23:37:31,187 [f9d5cdb5-b3ac-43fe-9615-fae3d6058425@group-64C23F75903D-LeaderElection4] WARN  impl.MetricRegistriesImpl (MetricRegistriesImpl.java:lambda$create$1(61)) - First MetricRegistry has been created without registering reporters. You may need to call MetricRegistries.global().addReportRegistration(...) before.
2019-11-14 23:37:31,188 [f9d5cdb5-b3ac-43fe-9615-fae3d6058425@group-64C23F75903D-LeaderElection4] INFO  server.RaftServerConfigKeys (ConfUtils.java:logGet(43)) - raft.server.log.appender.snapshot.chunk.size.max = 16MB (=16777216) (default)
2019-11-14 23:37:31,188 [f9d5cdb5-b3ac-43fe-9615-fae3d6058425@group-64C23F75903D-LeaderElection4] INFO  server.RaftServerConfigKeys (ConfUtils.java:logGet(43)) - raft.server.log.appender.buffer.byte-limit = 33554432 (custom)
2019-11-14 23:37:31,188 [f9d5cdb5-b3ac-43fe-9615-fae3d6058425@group-64C23F75903D-LeaderElection4] INFO  server.RaftServerConfigKeys (ConfUtils.java:logGet(43)) - raft.server.log.appender.buffer.element-limit = 1 (custom)
2019-11-14 23:37:31,189 [f9d5cdb5-b3ac-43fe-9615-fae3d6058425@group-64C23F75903D-LeaderElection4] INFO  grpc.GrpcConfigKeys$Server (ConfUtils.java:logGet(43)) - raft.grpc.server.leader.outstanding.appends.max = 128 (default)
2019-11-14 23:37:31,189 [f9d5cdb5-b3ac-43fe-9615-fae3d6058425@group-64C23F75903D-LeaderElection4] INFO  server.RaftServerConfigKeys (ConfUtils.java:logGet(43)) - raft.server.rpc.request.timeout = 3000ms (default)
2019-11-14 23:37:31,189 [f9d5cdb5-b3ac-43fe-9615-fae3d6058425@group-64C23F75903D-LeaderElection4] INFO  server.RaftServerConfigKeys (ConfUtils.java:logGet(43)) - raft.server.log.appender.install.snapshot.enabled = false (custom)
2019-11-14 23:37:31,193 [f9d5cdb5-b3ac-43fe-9615-fae3d6058425@group-64C23F75903D-LeaderElection4] INFO  impl.RoleInfo (RoleInfo.java:updateAndGet(143)) - f9d5cdb5-b3ac-43fe-9615-fae3d6058425: start LeaderState
2019-11-14 23:37:31,193 [f9d5cdb5-b3ac-43fe-9615-fae3d6058425@group-64C23F75903D-LeaderElection4] INFO  segmented.SegmentedRaftLogWorker (SegmentedRaftLogWorker.java:startLogSegment(385)) - f9d5cdb5-b3ac-43fe-9615-fae3d6058425@group-64C23F75903D-SegmentedRaftLogWorker: Starting segment from index:0
2019-11-14 23:37:31,194 [f9d5cdb5-b3ac-43fe-9615-fae3d6058425@group-64C23F75903D-LeaderElection4] INFO  impl.RaftServerImpl (ServerState.java:setRaftConf(356)) - f9d5cdb5-b3ac-43fe-9615-fae3d6058425@group-64C23F75903D: set configuration 0: [7ed3e0d1-6b9f-472e-8f0f-f1c30a7e2ec2:192.168.164.210:44223, f9d5cdb5-b3ac-43fe-9615-fae3d6058425:192.168.164.210:41795, 897108c5-f3e3-4027-9d47-6249c0da204d:192.168.164.210:39925], old=null at 0
2019-11-14 23:37:31,246 [grpc-default-executor-0] INFO  ratis.XceiverServerRatis (XceiverServerRatis.java:handleLeaderChangedNotification(697)) - Leader change notification received for group: group-64C23F75903D with new leaderId: f9d5cdb5-b3ac-43fe-9615-fae3d6058425
2019-11-14 23:37:31,246 [grpc-default-executor-2] INFO  ratis.XceiverServerRatis (XceiverServerRatis.java:handleLeaderChangedNotification(697)) - Leader change notification received for group: group-64C23F75903D with new leaderId: f9d5cdb5-b3ac-43fe-9615-fae3d6058425
2019-11-14 23:37:31,247 [grpc-default-executor-0] INFO  impl.RaftServerImpl (ServerState.java:setLeader(255)) - 7ed3e0d1-6b9f-472e-8f0f-f1c30a7e2ec2@group-64C23F75903D: change Leader from null to f9d5cdb5-b3ac-43fe-9615-fae3d6058425 at term 1 for appendEntries, leader elected after 5241ms
2019-11-14 23:37:31,247 [grpc-default-executor-2] INFO  impl.RaftServerImpl (ServerState.java:setLeader(255)) - 897108c5-f3e3-4027-9d47-6249c0da204d@group-64C23F75903D: change Leader from null to f9d5cdb5-b3ac-43fe-9615-fae3d6058425 at term 1 for appendEntries, leader elected after 5242ms
2019-11-14 23:37:31,248 [f9d5cdb5-b3ac-43fe-9615-fae3d6058425@group-64C23F75903D-SegmentedRaftLogWorker] INFO  segmented.SegmentedRaftLogWorker (SegmentedRaftLogWorker.java:execute(576)) - f9d5cdb5-b3ac-43fe-9615-fae3d6058425@group-64C23F75903D-SegmentedRaftLogWorker: created new log segment /workdir/hadoop-ozone/tools/target/test-dir/MiniOzoneClusterImpl-f07ab170-b58e-42a5-bef9-89b4902fcd0c/datanode-2/data/ratis/3dca643d-3aaa-4320-92f2-64c23f75903d/current/log_inprogress_0
2019-11-14 23:37:31,269 [grpc-default-executor-0] INFO  impl.RaftServerImpl (ServerState.java:setRaftConf(356)) - 7ed3e0d1-6b9f-472e-8f0f-f1c30a7e2ec2@group-64C23F75903D: set configuration 0: [7ed3e0d1-6b9f-472e-8f0f-f1c30a7e2ec2:192.168.164.210:44223, f9d5cdb5-b3ac-43fe-9615-fae3d6058425:192.168.164.210:41795, 897108c5-f3e3-4027-9d47-6249c0da204d:192.168.164.210:39925], old=null at 0
2019-11-14 23:37:31,269 [grpc-default-executor-2] INFO  impl.RaftServerImpl (ServerState.java:setRaftConf(356)) - 897108c5-f3e3-4027-9d47-6249c0da204d@group-64C23F75903D: set configuration 0: [7ed3e0d1-6b9f-472e-8f0f-f1c30a7e2ec2:192.168.164.210:44223, f9d5cdb5-b3ac-43fe-9615-fae3d6058425:192.168.164.210:41795, 897108c5-f3e3-4027-9d47-6249c0da204d:192.168.164.210:39925], old=null at 0
2019-11-14 23:37:31,270 [grpc-default-executor-0] INFO  segmented.SegmentedRaftLogWorker (SegmentedRaftLogWorker.java:startLogSegment(385)) - 7ed3e0d1-6b9f-472e-8f0f-f1c30a7e2ec2@group-64C23F75903D-SegmentedRaftLogWorker: Starting segment from index:0
2019-11-14 23:37:31,270 [grpc-default-executor-2] INFO  segmented.SegmentedRaftLogWorker (SegmentedRaftLogWorker.java:startLogSegment(385)) - 897108c5-f3e3-4027-9d47-6249c0da204d@group-64C23F75903D-SegmentedRaftLogWorker: Starting segment from index:0
2019-11-14 23:37:31,312 [7ed3e0d1-6b9f-472e-8f0f-f1c30a7e2ec2@group-64C23F75903D-SegmentedRaftLogWorker] INFO  segmented.SegmentedRaftLogWorker (SegmentedRaftLogWorker.java:execute(576)) - 7ed3e0d1-6b9f-472e-8f0f-f1c30a7e2ec2@group-64C23F75903D-SegmentedRaftLogWorker: created new log segment /workdir/hadoop-ozone/tools/target/test-dir/MiniOzoneClusterImpl-f07ab170-b58e-42a5-bef9-89b4902fcd0c/datanode-0/data/ratis/3dca643d-3aaa-4320-92f2-64c23f75903d/current/log_inprogress_0
2019-11-14 23:37:31,312 [897108c5-f3e3-4027-9d47-6249c0da204d@group-64C23F75903D-SegmentedRaftLogWorker] INFO  segmented.SegmentedRaftLogWorker (SegmentedRaftLogWorker.java:execute(576)) - 897108c5-f3e3-4027-9d47-6249c0da204d@group-64C23F75903D-SegmentedRaftLogWorker: created new log segment /workdir/hadoop-ozone/tools/target/test-dir/MiniOzoneClusterImpl-f07ab170-b58e-42a5-bef9-89b4902fcd0c/datanode-1/data/ratis/3dca643d-3aaa-4320-92f2-64c23f75903d/current/log_inprogress_0
2019-11-14 23:37:31,541 [main] INFO  ozone.MiniOzoneClusterImpl (MiniOzoneClusterImpl.java:lambda$waitForClusterToBeReady$2(171)) - Cluster is ready. Got 3 of 3 DN Heartbeats.
2019-11-14 23:37:32,382 [main] INFO  freon.RandomKeyGenerator (RandomKeyGenerator.java:call(283)) - Number of Threads: 10
2019-11-14 23:37:32,383 [main] INFO  freon.RandomKeyGenerator (RandomKeyGenerator.java:call(288)) - Number of Volumes: 1.
2019-11-14 23:37:32,383 [main] INFO  freon.RandomKeyGenerator (RandomKeyGenerator.java:call(289)) - Number of Buckets per Volume: 1.
2019-11-14 23:37:32,383 [main] INFO  freon.RandomKeyGenerator (RandomKeyGenerator.java:call(290)) - Number of Keys per Bucket: 1.
2019-11-14 23:37:32,383 [main] INFO  freon.RandomKeyGenerator (RandomKeyGenerator.java:call(291)) - Key size: 20971520 bytes
2019-11-14 23:37:32,383 [main] INFO  freon.RandomKeyGenerator (RandomKeyGenerator.java:call(292)) - Buffer size: 4096 bytes
2019-11-14 23:37:32,383 [main] INFO  freon.RandomKeyGenerator (RandomKeyGenerator.java:call(293)) - validateWrites : true
2019-11-14 23:37:32,387 [main] INFO  freon.RandomKeyGenerator (RandomKeyGenerator.java:call(307)) - Data validation is enabled.
2019-11-14 23:37:32,388 [main] INFO  freon.RandomKeyGenerator (RandomKeyGenerator.java:call(313)) - Starting progress bar Thread.

 0.00% |?                                                                                                    |  0/1 Time: 0:00:002019-11-14 23:37:32,409 [pool-56-thread-1] INFO  rpc.RpcClient (RpcClient.java:createVolume(292)) - Creating Volume: vol-0-81183, with jenkins1000 as owner.
2019-11-14 23:37:32,471 [IPC Server handler 1 on 43912] INFO  volume.OMVolumeCreateRequest (OMVolumeCreateRequest.java:validateAndUpdateCache(193)) - created volume:vol-0-81183 for user:jenkins1000
2019-11-14 23:37:32,521 [pool-56-thread-2] INFO  rpc.RpcClient (RpcClient.java:createBucket(431)) - Creating Bucket: vol-0-81183/bucket-0-60071, with Versioning false and Storage Type set to DISK and Encryption set to false 
2019-11-14 23:37:32,700 [pool-56-thread-3] INFO  impl.MetricsSystemImpl (MetricsSystemImpl.java:init(158)) - XceiverClientMetrics metrics system started (again)
 0.00% |?                                                                                                    |  0/1 Time: 0:00:01 0.00% |?                                                                                                    |  0/1 Time: 0:00:02 0.00% |?                                                                                                    |  0/1 Time: 0:00:03 0.00% |?                                                                                                    |  0/1 Time: 0:00:04 100.00% |?????????????????????????????????????????????????????????????????????????????????????????????????????|  1/1 Time: 0:00:05
2019-11-14 23:37:37,416 [main] INFO  pipeline.SCMPipelineManager (SCMPipelineManager.java:finalizeAndDestroyPipeline(315)) - destroying pipeline:Pipeline[ Id: 3dca643d-3aaa-4320-92f2-64c23f75903d, Nodes: 7ed3e0d1-6b9f-472e-8f0f-f1c30a7e2ec2{ip: 192.168.164.210, host: pr-hdds-2448-del-container-qmj8s-3203767274, networkLocation: /default-rack, certSerialId: null}f9d5cdb5-b3ac-43fe-9615-fae3d6058425{ip: 192.168.164.210, host: pr-hdds-2448-del-container-qmj8s-3203767274, networkLocation: /default-rack, certSerialId: null}897108c5-f3e3-4027-9d47-6249c0da204d{ip: 192.168.164.210, host: pr-hdds-2448-del-container-qmj8s-3203767274, networkLocation: /default-rack, certSerialId: null}, Type:RATIS, Factor:THREE, State:OPEN]
2019-11-14 23:37:37,416 [main] INFO  pipeline.PipelineStateManager (PipelineStateManager.java:finalizePipeline(121)) - Pipeline Pipeline[ Id: 3dca643d-3aaa-4320-92f2-64c23f75903d, Nodes: 7ed3e0d1-6b9f-472e-8f0f-f1c30a7e2ec2{ip: 192.168.164.210, host: pr-hdds-2448-del-container-qmj8s-3203767274, networkLocation: /default-rack, certSerialId: null}f9d5cdb5-b3ac-43fe-9615-fae3d6058425{ip: 192.168.164.210, host: pr-hdds-2448-del-container-qmj8s-3203767274, networkLocation: /default-rack, certSerialId: null}897108c5-f3e3-4027-9d47-6249c0da204d{ip: 192.168.164.210, host: pr-hdds-2448-del-container-qmj8s-3203767274, networkLocation: /default-rack, certSerialId: null}, Type:RATIS, Factor:THREE, State:CLOSED] moved to CLOSED state
2019-11-14 23:37:37,417 [EventQueue-CloseContainerForCloseContainerEventHandler] INFO  container.CloseContainerEventHandler (CloseContainerEventHandler.java:onMessage(61)) - Close container Event triggered for container : #1
2019-11-14 23:37:37,422 [EventQueue-CloseContainerForCloseContainerEventHandler] INFO  container.CloseContainerEventHandler (CloseContainerEventHandler.java:onMessage(61)) - Close container Event triggered for container : #2
2019-11-14 23:37:37,423 [EventQueue-CloseContainerForCloseContainerEventHandler] INFO  container.CloseContainerEventHandler (CloseContainerEventHandler.java:onMessage(61)) - Close container Event triggered for container : #3
2019-11-14 23:37:37,424 [grpc-default-executor-1] INFO  impl.RaftServerProxy (RaftServerProxy.java:remove(95)) - 7ed3e0d1-6b9f-472e-8f0f-f1c30a7e2ec2: remove  FOLLOWER 7ed3e0d1-6b9f-472e-8f0f-f1c30a7e2ec2@group-64C23F75903D:t1, leader=f9d5cdb5-b3ac-43fe-9615-fae3d6058425, voted=7ed3e0d1-6b9f-472e-8f0f-f1c30a7e2ec2, raftlog=7ed3e0d1-6b9f-472e-8f0f-f1c30a7e2ec2@group-64C23F75903D-SegmentedRaftLog:OPENED:c74,f76,i76, conf=0: [7ed3e0d1-6b9f-472e-8f0f-f1c30a7e2ec2:192.168.164.210:44223, f9d5cdb5-b3ac-43fe-9615-fae3d6058425:192.168.164.210:41795, 897108c5-f3e3-4027-9d47-6249c0da204d:192.168.164.210:39925], old=null RUNNING
2019-11-14 23:37:37,425 [grpc-default-executor-1] INFO  impl.RaftServerImpl (RaftServerImpl.java:lambda$shutdown$3(250)) - 7ed3e0d1-6b9f-472e-8f0f-f1c30a7e2ec2@group-64C23F75903D: shutdown
2019-11-14 23:37:37,425 [grpc-default-executor-1] INFO  util.JmxRegister (JmxRegister.java:unregister(73)) - Successfully un-registered JMX Bean with object name Ratis:service=RaftServer,group=group-64C23F75903D,id=7ed3e0d1-6b9f-472e-8f0f-f1c30a7e2ec2
2019-11-14 23:37:37,425 [grpc-default-executor-1] INFO  impl.RoleInfo (RoleInfo.java:shutdownFollowerState(121)) - 7ed3e0d1-6b9f-472e-8f0f-f1c30a7e2ec2: shutdown FollowerState
2019-11-14 23:37:37,426 [grpc-default-executor-1] INFO  impl.StateMachineUpdater (StateMachineUpdater.java:stopAndJoin(136)) - 7ed3e0d1-6b9f-472e-8f0f-f1c30a7e2ec2@group-64C23F75903D-StateMachineUpdater: set stopIndex = 74
2019-11-14 23:37:37,426 [Thread-235] INFO  impl.FollowerState (FollowerState.java:run(120)) - 7ed3e0d1-6b9f-472e-8f0f-f1c30a7e2ec2@group-64C23F75903D-FollowerState was interrupted: java.lang.InterruptedException: sleep interrupted
2019-11-14 23:37:37,427 [7ed3e0d1-6b9f-472e-8f0f-f1c30a7e2ec2@group-64C23F75903D-StateMachineUpdater] INFO  ratis.ContainerStateMachine (ContainerStateMachine.java:takeSnapshot(285)) - group-64C23F75903D: Taking a snapshot at:(t:1, i:74) file /workdir/hadoop-ozone/tools/target/test-dir/MiniOzoneClusterImpl-f07ab170-b58e-42a5-bef9-89b4902fcd0c/datanode-0/data/ratis/3dca643d-3aaa-4320-92f2-64c23f75903d/sm/snapshot.1_74
2019-11-14 23:37:37,468 [7ed3e0d1-6b9f-472e-8f0f-f1c30a7e2ec2@group-64C23F75903D-StateMachineUpdater] INFO  ratis.ContainerStateMachine (ContainerStateMachine.java:takeSnapshot(296)) - group-64C23F75903D: Finished taking a snapshot at:(t:1, i:74) file:/workdir/hadoop-ozone/tools/target/test-dir/MiniOzoneClusterImpl-f07ab170-b58e-42a5-bef9-89b4902fcd0c/datanode-0/data/ratis/3dca643d-3aaa-4320-92f2-64c23f75903d/sm/snapshot.1_74 time:42
2019-11-14 23:37:37,470 [7ed3e0d1-6b9f-472e-8f0f-f1c30a7e2ec2@group-64C23F75903D-StateMachineUpdater] INFO  impl.StateMachineUpdater (StateMachineUpdater.java:takeSnapshot(269)) - 7ed3e0d1-6b9f-472e-8f0f-f1c30a7e2ec2@group-64C23F75903D-StateMachineUpdater: Took a snapshot at index 74
2019-11-14 23:37:37,471 [7ed3e0d1-6b9f-472e-8f0f-f1c30a7e2ec2@group-64C23F75903D-StateMachineUpdater] INFO  impl.StateMachineUpdater (StateMachineUpdater.java:lambda$new$0(84)) - 7ed3e0d1-6b9f-472e-8f0f-f1c30a7e2ec2@group-64C23F75903D-StateMachineUpdater: snapshotIndex: updateIncreasingly -1 -> 74
2019-11-14 23:37:37,476 [grpc-default-executor-1] INFO  impl.RaftServerImpl (ServerState.java:close(387)) - 7ed3e0d1-6b9f-472e-8f0f-f1c30a7e2ec2@group-64C23F75903D: closes. applyIndex: 74
2019-11-14 23:37:37,476 [7ed3e0d1-6b9f-472e-8f0f-f1c30a7e2ec2@group-64C23F75903D-SegmentedRaftLogWorker] INFO  segmented.SegmentedRaftLogWorker (SegmentedRaftLogWorker.java:run(316)) - 7ed3e0d1-6b9f-472e-8f0f-f1c30a7e2ec2@group-64C23F75903D-SegmentedRaftLogWorker was interrupted, exiting. There are 0 tasks remaining in the queue.
2019-11-14 23:37:37,478 [grpc-default-executor-1] INFO  segmented.SegmentedRaftLogWorker (SegmentedRaftLogWorker.java:close(224)) - 7ed3e0d1-6b9f-472e-8f0f-f1c30a7e2ec2@group-64C23F75903D-SegmentedRaftLogWorker close()
2019-11-14 23:37:37,508 [grpc-default-executor-1] INFO  interfaces.Container (KeyValueContainer.java:flushAndSyncDB(400)) - Container 1 is synced with bcsId 58.
2019-11-14 23:37:37,508 [grpc-default-executor-1] INFO  interfaces.Container (KeyValueContainer.java:flushAndSyncDB(400)) - Container 1 is synced with bcsId 58.
2019-11-14 23:37:37,527 [EventQueue-IncrementalContainerReportForIncrementalContainerReportHandler] INFO  container.IncrementalContainerReportHandler (AbstractContainerReportHandler.java:updateContainerState(171)) - Moving container #1 to QUASI_CLOSED state, datanode 7ed3e0d1-6b9f-472e-8f0f-f1c30a7e2ec2{ip: 192.168.164.210, host: pr-hdds-2448-del-container-qmj8s-3203767274, networkLocation: /default-rack, certSerialId: null} reported QUASI_CLOSED replica.
2019-11-14 23:37:37,548 [grpc-default-executor-1] INFO  interfaces.Container (KeyValueContainer.java:flushAndSyncDB(400)) - Container 2 is synced with bcsId 74.
2019-11-14 23:37:37,548 [grpc-default-executor-1] INFO  interfaces.Container (KeyValueContainer.java:flushAndSyncDB(400)) - Container 2 is synced with bcsId 74.
2019-11-14 23:37:37,564 [EventQueue-IncrementalContainerReportForIncrementalContainerReportHandler] INFO  container.IncrementalContainerReportHandler (AbstractContainerReportHandler.java:updateContainerState(171)) - Moving container #2 to QUASI_CLOSED state, datanode 7ed3e0d1-6b9f-472e-8f0f-f1c30a7e2ec2{ip: 192.168.164.210, host: pr-hdds-2448-del-container-qmj8s-3203767274, networkLocation: /default-rack, certSerialId: null} reported QUASI_CLOSED replica.
2019-11-14 23:37:37,579 [grpc-default-executor-1] INFO  interfaces.Container (KeyValueContainer.java:flushAndSyncDB(400)) - Container 3 is synced with bcsId 41.
2019-11-14 23:37:37,579 [grpc-default-executor-1] INFO  interfaces.Container (KeyValueContainer.java:flushAndSyncDB(400)) - Container 3 is synced with bcsId 41.
2019-11-14 23:37:37,585 [EventQueue-IncrementalContainerReportForIncrementalContainerReportHandler] INFO  container.IncrementalContainerReportHandler (AbstractContainerReportHandler.java:updateContainerState(171)) - Moving container #3 to QUASI_CLOSED state, datanode 7ed3e0d1-6b9f-472e-8f0f-f1c30a7e2ec2{ip: 192.168.164.210, host: pr-hdds-2448-del-container-qmj8s-3203767274, networkLocation: /default-rack, certSerialId: null} reported QUASI_CLOSED replica.
2019-11-14 23:37:37,594 [grpc-default-executor-1] INFO  impl.RaftServerProxy (RaftServerProxy.java:remove(95)) - f9d5cdb5-b3ac-43fe-9615-fae3d6058425: remove    LEADER f9d5cdb5-b3ac-43fe-9615-fae3d6058425@group-64C23F75903D:t1, leader=f9d5cdb5-b3ac-43fe-9615-fae3d6058425, voted=f9d5cdb5-b3ac-43fe-9615-fae3d6058425, raftlog=f9d5cdb5-b3ac-43fe-9615-fae3d6058425@group-64C23F75903D-SegmentedRaftLog:OPENED:c76,f76,i76, conf=0: [7ed3e0d1-6b9f-472e-8f0f-f1c30a7e2ec2:192.168.164.210:44223, f9d5cdb5-b3ac-43fe-9615-fae3d6058425:192.168.164.210:41795, 897108c5-f3e3-4027-9d47-6249c0da204d:192.168.164.210:39925], old=null RUNNING
2019-11-14 23:37:37,594 [grpc-default-executor-1] INFO  impl.RaftServerImpl (RaftServerImpl.java:lambda$shutdown$3(250)) - f9d5cdb5-b3ac-43fe-9615-fae3d6058425@group-64C23F75903D: shutdown
2019-11-14 23:37:37,594 [grpc-default-executor-1] INFO  util.JmxRegister (JmxRegister.java:unregister(73)) - Successfully un-registered JMX Bean with object name Ratis:service=RaftServer,group=group-64C23F75903D,id=f9d5cdb5-b3ac-43fe-9615-fae3d6058425
2019-11-14 23:37:37,594 [grpc-default-executor-1] INFO  impl.RoleInfo (RoleInfo.java:shutdownLeaderState(104)) - f9d5cdb5-b3ac-43fe-9615-fae3d6058425: shutdown LeaderState
2019-11-14 23:37:37,596 [grpc-default-executor-1] INFO  impl.PendingRequests (PendingRequests.java:sendNotLeaderResponses(206)) - f9d5cdb5-b3ac-43fe-9615-fae3d6058425@group-64C23F75903D-PendingRequests: sendNotLeaderResponses
2019-11-14 23:37:37,596 [org.apache.ratis.server.impl.LogAppender$AppenderDaemon$$Lambda$442/1367442698@346a0013] WARN  server.GrpcLogAppender (GrpcLogAppender.java:mayWait(151)) - f9d5cdb5-b3ac-43fe-9615-fae3d6058425@group-64C23F75903D->897108c5-f3e3-4027-9d47-6249c0da204d-GrpcLogAppender: Wait interrupted by java.lang.InterruptedException
2019-11-14 23:37:37,596 [org.apache.ratis.server.impl.LogAppender$AppenderDaemon$$Lambda$442/1367442698@6f41ef9f] WARN  server.GrpcLogAppender (GrpcLogAppender.java:mayWait(151)) - f9d5cdb5-b3ac-43fe-9615-fae3d6058425@group-64C23F75903D->7ed3e0d1-6b9f-472e-8f0f-f1c30a7e2ec2-GrpcLogAppender: Wait interrupted by java.lang.InterruptedException
2019-11-14 23:37:37,601 [grpc-default-executor-1] INFO  impl.StateMachineUpdater (StateMachineUpdater.java:stopAndJoin(136)) - f9d5cdb5-b3ac-43fe-9615-fae3d6058425@group-64C23F75903D-StateMachineUpdater: set stopIndex = 76
2019-11-14 23:37:37,601 [f9d5cdb5-b3ac-43fe-9615-fae3d6058425@group-64C23F75903D-StateMachineUpdater] INFO  ratis.ContainerStateMachine (ContainerStateMachine.java:takeSnapshot(285)) - group-64C23F75903D: Taking a snapshot at:(t:1, i:74) file /workdir/hadoop-ozone/tools/target/test-dir/MiniOzoneClusterImpl-f07ab170-b58e-42a5-bef9-89b4902fcd0c/datanode-2/data/ratis/3dca643d-3aaa-4320-92f2-64c23f75903d/sm/snapshot.1_74
2019-11-14 23:37:37,602 [grpc-default-executor-0] INFO  server.GrpcServerProtocolService (GrpcServerProtocolService.java:onCompleted(113)) - 7ed3e0d1-6b9f-472e-8f0f-f1c30a7e2ec2: Completed APPEND_ENTRIES, lastRequest: f9d5cdb5-b3ac-43fe-9615-fae3d6058425->7ed3e0d1-6b9f-472e-8f0f-f1c30a7e2ec2#78-t1, previous=(t:1, i:75), leaderCommit=74, initializing? false, entries: size=1, first=(t:1, i:76), METADATAENTRY(c74)
2019-11-14 23:37:37,602 [grpc-default-executor-3] INFO  server.GrpcServerProtocolService (GrpcServerProtocolService.java:onCompleted(113)) - 897108c5-f3e3-4027-9d47-6249c0da204d: Completed APPEND_ENTRIES, lastRequest: f9d5cdb5-b3ac-43fe-9615-fae3d6058425->897108c5-f3e3-4027-9d47-6249c0da204d#78-t1, previous=(t:1, i:75), leaderCommit=74, initializing? false, entries: size=1, first=(t:1, i:76), METADATAENTRY(c74)
2019-11-14 23:37:37,603 [grpc-default-executor-0] INFO  server.GrpcLogAppender (GrpcLogAppender.java:onCompleted(308)) - f9d5cdb5-b3ac-43fe-9615-fae3d6058425@group-64C23F75903D->7ed3e0d1-6b9f-472e-8f0f-f1c30a7e2ec2-AppendLogResponseHandler: follower responses appendEntries COMPLETED
2019-11-14 23:37:37,604 [grpc-default-executor-2] INFO  server.GrpcLogAppender (GrpcLogAppender.java:onCompleted(308)) - f9d5cdb5-b3ac-43fe-9615-fae3d6058425@group-64C23F75903D->897108c5-f3e3-4027-9d47-6249c0da204d-AppendLogResponseHandler: follower responses appendEntries COMPLETED
2019-11-14 23:37:37,605 [f9d5cdb5-b3ac-43fe-9615-fae3d6058425@group-64C23F75903D-StateMachineUpdater] INFO  ratis.ContainerStateMachine (ContainerStateMachine.java:takeSnapshot(296)) - group-64C23F75903D: Finished taking a snapshot at:(t:1, i:74) file:/workdir/hadoop-ozone/tools/target/test-dir/MiniOzoneClusterImpl-f07ab170-b58e-42a5-bef9-89b4902fcd0c/datanode-2/data/ratis/3dca643d-3aaa-4320-92f2-64c23f75903d/sm/snapshot.1_74 time:4
2019-11-14 23:37:37,605 [f9d5cdb5-b3ac-43fe-9615-fae3d6058425@group-64C23F75903D-StateMachineUpdater] INFO  impl.StateMachineUpdater (StateMachineUpdater.java:takeSnapshot(269)) - f9d5cdb5-b3ac-43fe-9615-fae3d6058425@group-64C23F75903D-StateMachineUpdater: Took a snapshot at index 74
2019-11-14 23:37:37,605 [f9d5cdb5-b3ac-43fe-9615-fae3d6058425@group-64C23F75903D-StateMachineUpdater] INFO  impl.StateMachineUpdater (StateMachineUpdater.java:lambda$new$0(84)) - f9d5cdb5-b3ac-43fe-9615-fae3d6058425@group-64C23F75903D-StateMachineUpdater: snapshotIndex: updateIncreasingly -1 -> 74
2019-11-14 23:37:37,605 [f9d5cdb5-b3ac-43fe-9615-fae3d6058425@group-64C23F75903D-StateMachineUpdater] INFO  ratis.ContainerStateMachine (ContainerStateMachine.java:takeSnapshot(285)) - group-64C23F75903D: Taking a snapshot at:(t:1, i:74) file /workdir/hadoop-ozone/tools/target/test-dir/MiniOzoneClusterImpl-f07ab170-b58e-42a5-bef9-89b4902fcd0c/datanode-2/data/ratis/3dca643d-3aaa-4320-92f2-64c23f75903d/sm/snapshot.1_74
2019-11-14 23:37:37,606 [grpc-default-executor-2] INFO  impl.FollowerInfo (FollowerInfo.java:lambda$new$0(51)) - f9d5cdb5-b3ac-43fe-9615-fae3d6058425@group-64C23F75903D->897108c5-f3e3-4027-9d47-6249c0da204d: nextIndex: updateUnconditionally 77 -> 76
2019-11-14 23:37:37,606 [grpc-default-executor-0] INFO  impl.FollowerInfo (FollowerInfo.java:lambda$new$0(51)) - f9d5cdb5-b3ac-43fe-9615-fae3d6058425@group-64C23F75903D->7ed3e0d1-6b9f-472e-8f0f-f1c30a7e2ec2: nextIndex: updateUnconditionally 77 -> 76
2019-11-14 23:37:37,608 [f9d5cdb5-b3ac-43fe-9615-fae3d6058425@group-64C23F75903D-StateMachineUpdater] INFO  ratis.ContainerStateMachine (ContainerStateMachine.java:takeSnapshot(296)) - group-64C23F75903D: Finished taking a snapshot at:(t:1, i:74) file:/workdir/hadoop-ozone/tools/target/test-dir/MiniOzoneClusterImpl-f07ab170-b58e-42a5-bef9-89b4902fcd0c/datanode-2/data/ratis/3dca643d-3aaa-4320-92f2-64c23f75903d/sm/snapshot.1_74 time:3
2019-11-14 23:37:37,608 [f9d5cdb5-b3ac-43fe-9615-fae3d6058425@group-64C23F75903D-StateMachineUpdater] INFO  impl.StateMachineUpdater (StateMachineUpdater.java:takeSnapshot(269)) - f9d5cdb5-b3ac-43fe-9615-fae3d6058425@group-64C23F75903D-StateMachineUpdater: Took a snapshot at index 74
2019-11-14 23:37:37,608 [f9d5cdb5-b3ac-43fe-9615-fae3d6058425@group-64C23F75903D-StateMachineUpdater] INFO  impl.StateMachineUpdater (StateMachineUpdater.java:lambda$new$0(84)) - f9d5cdb5-b3ac-43fe-9615-fae3d6058425@group-64C23F75903D-StateMachineUpdater: snapshotIndex: updateIncreasingly 74 -> 74
2019-11-14 23:37:37,608 [grpc-default-executor-1] INFO  impl.RaftServerImpl (ServerState.java:close(387)) - f9d5cdb5-b3ac-43fe-9615-fae3d6058425@group-64C23F75903D: closes. applyIndex: 76
2019-11-14 23:37:37,609 [f9d5cdb5-b3ac-43fe-9615-fae3d6058425@group-64C23F75903D-SegmentedRaftLogWorker] INFO  segmented.SegmentedRaftLogWorker (SegmentedRaftLogWorker.java:run(316)) - f9d5cdb5-b3ac-43fe-9615-fae3d6058425@group-64C23F75903D-SegmentedRaftLogWorker was interrupted, exiting. There are 0 tasks remaining in the queue.
2019-11-14 23:37:37,610 [grpc-default-executor-1] INFO  segmented.SegmentedRaftLogWorker (SegmentedRaftLogWorker.java:close(224)) - f9d5cdb5-b3ac-43fe-9615-fae3d6058425@group-64C23F75903D-SegmentedRaftLogWorker close()
2019-11-14 23:37:37,619 [grpc-default-executor-1] INFO  interfaces.Container (KeyValueContainer.java:flushAndSyncDB(400)) - Container 1 is synced with bcsId 58.
2019-11-14 23:37:37,619 [grpc-default-executor-1] INFO  interfaces.Container (KeyValueContainer.java:flushAndSyncDB(400)) - Container 1 is synced with bcsId 58.
2019-11-14 23:37:37,631 [grpc-default-executor-1] INFO  interfaces.Container (KeyValueContainer.java:flushAndSyncDB(400)) - Container 2 is synced with bcsId 74.
2019-11-14 23:37:37,631 [grpc-default-executor-1] INFO  interfaces.Container (KeyValueContainer.java:flushAndSyncDB(400)) - Container 2 is synced with bcsId 74.
2019-11-14 23:37:37,647 [grpc-default-executor-1] INFO  interfaces.Container (KeyValueContainer.java:flushAndSyncDB(400)) - Container 3 is synced with bcsId 41.
2019-11-14 23:37:37,647 [grpc-default-executor-1] INFO  interfaces.Container (KeyValueContainer.java:flushAndSyncDB(400)) - Container 3 is synced with bcsId 41.
2019-11-14 23:37:37,679 [grpc-default-executor-1] INFO  impl.RaftServerProxy (RaftServerProxy.java:remove(95)) - 897108c5-f3e3-4027-9d47-6249c0da204d: remove  FOLLOWER 897108c5-f3e3-4027-9d47-6249c0da204d@group-64C23F75903D:t1, leader=f9d5cdb5-b3ac-43fe-9615-fae3d6058425, voted=f9d5cdb5-b3ac-43fe-9615-fae3d6058425, raftlog=897108c5-f3e3-4027-9d47-6249c0da204d@group-64C23F75903D-SegmentedRaftLog:OPENED:c74,f76,i76, conf=0: [7ed3e0d1-6b9f-472e-8f0f-f1c30a7e2ec2:192.168.164.210:44223, f9d5cdb5-b3ac-43fe-9615-fae3d6058425:192.168.164.210:41795, 897108c5-f3e3-4027-9d47-6249c0da204d:192.168.164.210:39925], old=null RUNNING
2019-11-14 23:37:37,679 [grpc-default-executor-1] INFO  impl.RaftServerImpl (RaftServerImpl.java:lambda$shutdown$3(250)) - 897108c5-f3e3-4027-9d47-6249c0da204d@group-64C23F75903D: shutdown
2019-11-14 23:37:37,679 [grpc-default-executor-1] INFO  util.JmxRegister (JmxRegister.java:unregister(73)) - Successfully un-registered JMX Bean with object name Ratis:service=RaftServer,group=group-64C23F75903D,id=897108c5-f3e3-4027-9d47-6249c0da204d
2019-11-14 23:37:37,679 [grpc-default-executor-1] INFO  impl.RoleInfo (RoleInfo.java:shutdownFollowerState(121)) - 897108c5-f3e3-4027-9d47-6249c0da204d: shutdown FollowerState
2019-11-14 23:37:37,680 [grpc-default-executor-1] INFO  impl.StateMachineUpdater (StateMachineUpdater.java:stopAndJoin(136)) - 897108c5-f3e3-4027-9d47-6249c0da204d@group-64C23F75903D-StateMachineUpdater: set stopIndex = 74
2019-11-14 23:37:37,680 [Thread-232] INFO  impl.FollowerState (FollowerState.java:run(120)) - 897108c5-f3e3-4027-9d47-6249c0da204d@group-64C23F75903D-FollowerState was interrupted: java.lang.InterruptedException: sleep interrupted
2019-11-14 23:37:37,680 [897108c5-f3e3-4027-9d47-6249c0da204d@group-64C23F75903D-StateMachineUpdater] INFO  ratis.ContainerStateMachine (ContainerStateMachine.java:takeSnapshot(285)) - group-64C23F75903D: Taking a snapshot at:(t:1, i:74) file /workdir/hadoop-ozone/tools/target/test-dir/MiniOzoneClusterImpl-f07ab170-b58e-42a5-bef9-89b4902fcd0c/datanode-1/data/ratis/3dca643d-3aaa-4320-92f2-64c23f75903d/sm/snapshot.1_74
2019-11-14 23:37:37,702 [897108c5-f3e3-4027-9d47-6249c0da204d@group-64C23F75903D-StateMachineUpdater] INFO  ratis.ContainerStateMachine (ContainerStateMachine.java:takeSnapshot(296)) - group-64C23F75903D: Finished taking a snapshot at:(t:1, i:74) file:/workdir/hadoop-ozone/tools/target/test-dir/MiniOzoneClusterImpl-f07ab170-b58e-42a5-bef9-89b4902fcd0c/datanode-1/data/ratis/3dca643d-3aaa-4320-92f2-64c23f75903d/sm/snapshot.1_74 time:22
2019-11-14 23:37:37,702 [897108c5-f3e3-4027-9d47-6249c0da204d@group-64C23F75903D-StateMachineUpdater] INFO  impl.StateMachineUpdater (StateMachineUpdater.java:takeSnapshot(269)) - 897108c5-f3e3-4027-9d47-6249c0da204d@group-64C23F75903D-StateMachineUpdater: Took a snapshot at index 74
2019-11-14 23:37:37,702 [897108c5-f3e3-4027-9d47-6249c0da204d@group-64C23F75903D-StateMachineUpdater] INFO  impl.StateMachineUpdater (StateMachineUpdater.java:lambda$new$0(84)) - 897108c5-f3e3-4027-9d47-6249c0da204d@group-64C23F75903D-StateMachineUpdater: snapshotIndex: updateIncreasingly -1 -> 74
2019-11-14 23:37:37,703 [grpc-default-executor-1] INFO  impl.RaftServerImpl (ServerState.java:close(387)) - 897108c5-f3e3-4027-9d47-6249c0da204d@group-64C23F75903D: closes. applyIndex: 74
2019-11-14 23:37:37,703 [897108c5-f3e3-4027-9d47-6249c0da204d@group-64C23F75903D-SegmentedRaftLogWorker] INFO  segmented.SegmentedRaftLogWorker (SegmentedRaftLogWorker.java:run(316)) - 897108c5-f3e3-4027-9d47-6249c0da204d@group-64C23F75903D-SegmentedRaftLogWorker was interrupted, exiting. There are 0 tasks remaining in the queue.
2019-11-14 23:37:37,705 [grpc-default-executor-1] INFO  segmented.SegmentedRaftLogWorker (SegmentedRaftLogWorker.java:close(224)) - 897108c5-f3e3-4027-9d47-6249c0da204d@group-64C23F75903D-SegmentedRaftLogWorker close()
2019-11-14 23:37:37,732 [grpc-default-executor-1] INFO  interfaces.Container (KeyValueContainer.java:flushAndSyncDB(400)) - Container 1 is synced with bcsId 58.
2019-11-14 23:37:37,732 [grpc-default-executor-1] INFO  interfaces.Container (KeyValueContainer.java:flushAndSyncDB(400)) - Container 1 is synced with bcsId 58.
2019-11-14 23:37:37,760 [grpc-default-executor-1] INFO  interfaces.Container (KeyValueContainer.java:flushAndSyncDB(400)) - Container 2 is synced with bcsId 74.
2019-11-14 23:37:37,760 [grpc-default-executor-1] INFO  interfaces.Container (KeyValueContainer.java:flushAndSyncDB(400)) - Container 2 is synced with bcsId 74.
2019-11-14 23:37:37,815 [grpc-default-executor-1] INFO  interfaces.Container (KeyValueContainer.java:flushAndSyncDB(400)) - Container 3 is synced with bcsId 41.
2019-11-14 23:37:37,815 [grpc-default-executor-1] INFO  interfaces.Container (KeyValueContainer.java:flushAndSyncDB(400)) - Container 3 is synced with bcsId 41.
2019-11-14 23:37:37,841 [main] INFO  pipeline.PipelineStateManager (PipelineStateManager.java:removePipeline(106)) - Pipeline Pipeline[ Id: 3dca643d-3aaa-4320-92f2-64c23f75903d, Nodes: 7ed3e0d1-6b9f-472e-8f0f-f1c30a7e2ec2{ip: 192.168.164.210, host: pr-hdds-2448-del-container-qmj8s-3203767274, networkLocation: /default-rack, certSerialId: null}f9d5cdb5-b3ac-43fe-9615-fae3d6058425{ip: 192.168.164.210, host: pr-hdds-2448-del-container-qmj8s-3203767274, networkLocation: /default-rack, certSerialId: null}897108c5-f3e3-4027-9d47-6249c0da204d{ip: 192.168.164.210, host: pr-hdds-2448-del-container-qmj8s-3203767274, networkLocation: /default-rack, certSerialId: null}, Type:RATIS, Factor:THREE, State:CLOSED] removed from db
2019-11-14 23:37:37,856 [grpc-default-executor-0] INFO  impl.RaftServerProxy (RaftServerProxy.java:addNew(89)) - f9d5cdb5-b3ac-43fe-9615-fae3d6058425: addNew group-09E2C1BE57CB:[7ed3e0d1-6b9f-472e-8f0f-f1c30a7e2ec2:192.168.164.210:44223, f9d5cdb5-b3ac-43fe-9615-fae3d6058425:192.168.164.210:41795, 897108c5-f3e3-4027-9d47-6249c0da204d:192.168.164.210:39925] returns group-09E2C1BE57CB:java.util.concurrent.CompletableFuture@709527f8[Not completed]
2019-11-14 23:37:37,857 [grpc-default-executor-0] INFO  impl.RaftServerProxy (RaftServerProxy.java:addNew(89)) - 7ed3e0d1-6b9f-472e-8f0f-f1c30a7e2ec2: addNew group-09E2C1BE57CB:[7ed3e0d1-6b9f-472e-8f0f-f1c30a7e2ec2:192.168.164.210:44223, f9d5cdb5-b3ac-43fe-9615-fae3d6058425:192.168.164.210:41795, 897108c5-f3e3-4027-9d47-6249c0da204d:192.168.164.210:39925] returns group-09E2C1BE57CB:java.util.concurrent.CompletableFuture@68b813c3[Not completed]
2019-11-14 23:37:37,857 [grpc-default-executor-1] INFO  impl.RaftServerProxy (RaftServerProxy.java:addNew(89)) - 897108c5-f3e3-4027-9d47-6249c0da204d: addNew group-09E2C1BE57CB:[7ed3e0d1-6b9f-472e-8f0f-f1c30a7e2ec2:192.168.164.210:44223, f9d5cdb5-b3ac-43fe-9615-fae3d6058425:192.168.164.210:41795, 897108c5-f3e3-4027-9d47-6249c0da204d:192.168.164.210:39925] returns group-09E2C1BE57CB:java.util.concurrent.CompletableFuture@40857b86[Not completed]
2019-11-14 23:37:37,860 [pool-49-thread-1] INFO  impl.RaftServerImpl (RaftServerImpl.java:<init>(98)) - f9d5cdb5-b3ac-43fe-9615-fae3d6058425: new RaftServerImpl for group-09E2C1BE57CB:[7ed3e0d1-6b9f-472e-8f0f-f1c30a7e2ec2:192.168.164.210:44223, f9d5cdb5-b3ac-43fe-9615-fae3d6058425:192.168.164.210:41795, 897108c5-f3e3-4027-9d47-6249c0da204d:192.168.164.210:39925] with ContainerStateMachine:uninitialized
2019-11-14 23:37:37,860 [pool-49-thread-1] INFO  server.RaftServerConfigKeys (ConfUtils.java:logGet(43)) - raft.server.rpc.timeout.min = 5s (custom)
2019-11-14 23:37:37,861 [pool-49-thread-1] INFO  server.RaftServerConfigKeys (ConfUtils.java:logGet(43)) - raft.server.rpc.timeout.max = 5200ms (custom)
2019-11-14 23:37:37,861 [pool-49-thread-1] INFO  server.RaftServerConfigKeys (ConfUtils.java:logGet(43)) - raft.server.rpcslowness.timeout = 120s (custom)
2019-11-14 23:37:37,861 [pool-27-thread-1] INFO  impl.RaftServerImpl (RaftServerImpl.java:<init>(98)) - 7ed3e0d1-6b9f-472e-8f0f-f1c30a7e2ec2: new RaftServerImpl for group-09E2C1BE57CB:[7ed3e0d1-6b9f-472e-8f0f-f1c30a7e2ec2:192.168.164.210:44223, f9d5cdb5-b3ac-43fe-9615-fae3d6058425:192.168.164.210:41795, 897108c5-f3e3-4027-9d47-6249c0da204d:192.168.164.210:39925] with ContainerStateMachine:uninitialized
2019-11-14 23:37:37,861 [pool-49-thread-1] INFO  server.RaftServerConfigKeys (ConfUtils.java:logGet(43)) - raft.server.sleep.deviation.threshold = 300 (default)
2019-11-14 23:37:37,861 [pool-27-thread-1] INFO  server.RaftServerConfigKeys (ConfUtils.java:logGet(43)) - raft.server.rpc.timeout.min = 5s (custom)
2019-11-14 23:37:37,861 [pool-49-thread-1] INFO  server.RaftServerConfigKeys (ConfUtils.java:logGet(43)) - raft.server.log.appender.install.snapshot.enabled = false (custom)
2019-11-14 23:37:37,862 [pool-27-thread-1] INFO  server.RaftServerConfigKeys (ConfUtils.java:logGet(43)) - raft.server.rpc.timeout.max = 5200ms (custom)
2019-11-14 23:37:37,862 [pool-49-thread-1] INFO  impl.RaftServerImpl (ServerState.java:<init>(103)) - f9d5cdb5-b3ac-43fe-9615-fae3d6058425@group-09E2C1BE57CB: ConfigurationManager, init=-1: [7ed3e0d1-6b9f-472e-8f0f-f1c30a7e2ec2:192.168.164.210:44223, f9d5cdb5-b3ac-43fe-9615-fae3d6058425:192.168.164.210:41795, 897108c5-f3e3-4027-9d47-6249c0da204d:192.168.164.210:39925], old=null, confs=<EMPTY_MAP>
2019-11-14 23:37:37,862 [pool-27-thread-1] INFO  server.RaftServerConfigKeys (ConfUtils.java:logGet(43)) - raft.server.rpcslowness.timeout = 120s (custom)
2019-11-14 23:37:37,862 [pool-27-thread-1] INFO  server.RaftServerConfigKeys (ConfUtils.java:logGet(43)) - raft.server.sleep.deviation.threshold = 300 (default)
2019-11-14 23:37:37,862 [pool-38-thread-1] INFO  impl.RaftServerImpl (RaftServerImpl.java:<init>(98)) - 897108c5-f3e3-4027-9d47-6249c0da204d: new RaftServerImpl for group-09E2C1BE57CB:[7ed3e0d1-6b9f-472e-8f0f-f1c30a7e2ec2:192.168.164.210:44223, f9d5cdb5-b3ac-43fe-9615-fae3d6058425:192.168.164.210:41795, 897108c5-f3e3-4027-9d47-6249c0da204d:192.168.164.210:39925] with ContainerStateMachine:uninitialized
2019-11-14 23:37:37,862 [pool-49-thread-1] INFO  server.RaftServerConfigKeys (ConfUtils.java:logGet(43)) - raft.server.storage.dir = [/workdir/hadoop-ozone/tools/target/test-dir/MiniOzoneClusterImpl-f07ab170-b58e-42a5-bef9-89b4902fcd0c/datanode-2/data/ratis] (custom)
2019-11-14 23:37:37,862 [pool-27-thread-1] INFO  server.RaftServerConfigKeys (ConfUtils.java:logGet(43)) - raft.server.log.appender.install.snapshot.enabled = false (custom)
2019-11-14 23:37:37,862 [pool-38-thread-1] INFO  server.RaftServerConfigKeys (ConfUtils.java:logGet(43)) - raft.server.rpc.timeout.min = 5s (custom)
2019-11-14 23:37:37,863 [pool-27-thread-1] INFO  impl.RaftServerImpl (ServerState.java:<init>(103)) - 7ed3e0d1-6b9f-472e-8f0f-f1c30a7e2ec2@group-09E2C1BE57CB: ConfigurationManager, init=-1: [7ed3e0d1-6b9f-472e-8f0f-f1c30a7e2ec2:192.168.164.210:44223, f9d5cdb5-b3ac-43fe-9615-fae3d6058425:192.168.164.210:41795, 897108c5-f3e3-4027-9d47-6249c0da204d:192.168.164.210:39925], old=null, confs=<EMPTY_MAP>
2019-11-14 23:37:37,863 [pool-38-thread-1] INFO  server.RaftServerConfigKeys (ConfUtils.java:logGet(43)) - raft.server.rpc.timeout.max = 5200ms (custom)
2019-11-14 23:37:37,863 [pool-49-thread-1] INFO  server.RaftServerConfigKeys (ConfUtils.java:logGet(43)) - raft.server.log.corruption.policy = EXCEPTION (default)
2019-11-14 23:37:37,863 [pool-38-thread-1] INFO  server.RaftServerConfigKeys (ConfUtils.java:logGet(43)) - raft.server.rpcslowness.timeout = 120s (custom)
2019-11-14 23:37:37,863 [pool-27-thread-1] INFO  server.RaftServerConfigKeys (ConfUtils.java:logGet(43)) - raft.server.storage.dir = [/workdir/hadoop-ozone/tools/target/test-dir/MiniOzoneClusterImpl-f07ab170-b58e-42a5-bef9-89b4902fcd0c/datanode-0/data/ratis] (custom)
2019-11-14 23:37:37,863 [pool-49-thread-1] INFO  storage.RaftStorageDirectory (RaftStorageDirectory.java:analyzeStorage(246)) - The storage directory /workdir/hadoop-ozone/tools/target/test-dir/MiniOzoneClusterImpl-f07ab170-b58e-42a5-bef9-89b4902fcd0c/datanode-2/data/ratis/02bba543-6937-4011-93a2-09e2c1be57cb does not exist. Creating ...
2019-11-14 23:37:37,863 [pool-38-thread-1] INFO  server.RaftServerConfigKeys (ConfUtils.java:logGet(43)) - raft.server.sleep.deviation.threshold = 300 (default)
2019-11-14 23:37:37,864 [pool-27-thread-1] INFO  server.RaftServerConfigKeys (ConfUtils.java:logGet(43)) - raft.server.log.corruption.policy = EXCEPTION (default)
2019-11-14 23:37:37,864 [pool-38-thread-1] INFO  server.RaftServerConfigKeys (ConfUtils.java:logGet(43)) - raft.server.log.appender.install.snapshot.enabled = false (custom)
2019-11-14 23:37:37,864 [pool-27-thread-1] INFO  storage.RaftStorageDirectory (RaftStorageDirectory.java:analyzeStorage(246)) - The storage directory /workdir/hadoop-ozone/tools/target/test-dir/MiniOzoneClusterImpl-f07ab170-b58e-42a5-bef9-89b4902fcd0c/datanode-0/data/ratis/02bba543-6937-4011-93a2-09e2c1be57cb does not exist. Creating ...
2019-11-14 23:37:37,864 [pool-38-thread-1] INFO  impl.RaftServerImpl (ServerState.java:<init>(103)) - 897108c5-f3e3-4027-9d47-6249c0da204d@group-09E2C1BE57CB: ConfigurationManager, init=-1: [7ed3e0d1-6b9f-472e-8f0f-f1c30a7e2ec2:192.168.164.210:44223, f9d5cdb5-b3ac-43fe-9615-fae3d6058425:192.168.164.210:41795, 897108c5-f3e3-4027-9d47-6249c0da204d:192.168.164.210:39925], old=null, confs=<EMPTY_MAP>
2019-11-14 23:37:37,864 [pool-38-thread-1] INFO  server.RaftServerConfigKeys (ConfUtils.java:logGet(43)) - raft.server.storage.dir = [/workdir/hadoop-ozone/tools/target/test-dir/MiniOzoneClusterImpl-f07ab170-b58e-42a5-bef9-89b4902fcd0c/datanode-1/data/ratis] (custom)
2019-11-14 23:37:37,865 [pool-38-thread-1] INFO  server.RaftServerConfigKeys (ConfUtils.java:logGet(43)) - raft.server.log.corruption.policy = EXCEPTION (default)
2019-11-14 23:37:37,865 [pool-38-thread-1] INFO  storage.RaftStorageDirectory (RaftStorageDirectory.java:analyzeStorage(246)) - The storage directory /workdir/hadoop-ozone/tools/target/test-dir/MiniOzoneClusterImpl-f07ab170-b58e-42a5-bef9-89b4902fcd0c/datanode-1/data/ratis/02bba543-6937-4011-93a2-09e2c1be57cb does not exist. Creating ...
2019-11-14 23:37:37,878 [pool-38-thread-1] INFO  storage.RaftStorageDirectory (RaftStorageDirectory.java:tryLock(328)) - Lock on /workdir/hadoop-ozone/tools/target/test-dir/MiniOzoneClusterImpl-f07ab170-b58e-42a5-bef9-89b4902fcd0c/datanode-1/data/ratis/02bba543-6937-4011-93a2-09e2c1be57cb/in_use.lock acquired by nodename 1728@pr-hdds-2448-del-container-qmj8s-3203767274
2019-11-14 23:37:37,878 [pool-27-thread-1] INFO  storage.RaftStorageDirectory (RaftStorageDirectory.java:tryLock(328)) - Lock on /workdir/hadoop-ozone/tools/target/test-dir/MiniOzoneClusterImpl-f07ab170-b58e-42a5-bef9-89b4902fcd0c/datanode-0/data/ratis/02bba543-6937-4011-93a2-09e2c1be57cb/in_use.lock acquired by nodename 1728@pr-hdds-2448-del-container-qmj8s-3203767274
2019-11-14 23:37:37,878 [pool-49-thread-1] INFO  storage.RaftStorageDirectory (RaftStorageDirectory.java:tryLock(328)) - Lock on /workdir/hadoop-ozone/tools/target/test-dir/MiniOzoneClusterImpl-f07ab170-b58e-42a5-bef9-89b4902fcd0c/datanode-2/data/ratis/02bba543-6937-4011-93a2-09e2c1be57cb/in_use.lock acquired by nodename 1728@pr-hdds-2448-del-container-qmj8s-3203767274
2019-11-14 23:37:37,903 [pool-38-thread-1] INFO  storage.RaftStorage (RaftStorage.java:format(84)) - Storage directory /workdir/hadoop-ozone/tools/target/test-dir/MiniOzoneClusterImpl-f07ab170-b58e-42a5-bef9-89b4902fcd0c/datanode-1/data/ratis/02bba543-6937-4011-93a2-09e2c1be57cb has been successfully formatted.
2019-11-14 23:37:37,903 [pool-27-thread-1] INFO  storage.RaftStorage (RaftStorage.java:format(84)) - Storage directory /workdir/hadoop-ozone/tools/target/test-dir/MiniOzoneClusterImpl-f07ab170-b58e-42a5-bef9-89b4902fcd0c/datanode-0/data/ratis/02bba543-6937-4011-93a2-09e2c1be57cb has been successfully formatted.
2019-11-14 23:37:37,903 [pool-49-thread-1] INFO  storage.RaftStorage (RaftStorage.java:format(84)) - Storage directory /workdir/hadoop-ozone/tools/target/test-dir/MiniOzoneClusterImpl-f07ab170-b58e-42a5-bef9-89b4902fcd0c/datanode-2/data/ratis/02bba543-6937-4011-93a2-09e2c1be57cb has been successfully formatted.
2019-11-14 23:37:37,904 [pool-38-thread-1] INFO  ratis.ContainerStateMachine (ContainerStateMachine.java:loadSnapshot(223)) - group-09E2C1BE57CB: The snapshot info is null. Setting the last applied indexto:(t:0, i:~)
2019-11-14 23:37:37,904 [pool-27-thread-1] INFO  ratis.ContainerStateMachine (ContainerStateMachine.java:loadSnapshot(223)) - group-09E2C1BE57CB: The snapshot info is null. Setting the last applied indexto:(t:0, i:~)
2019-11-14 23:37:37,904 [pool-38-thread-1] INFO  server.RaftServerConfigKeys (ConfUtils.java:logGet(43)) - raft.server.notification.no-leader.timeout = 120s (custom)
2019-11-14 23:37:37,904 [pool-49-thread-1] INFO  ratis.ContainerStateMachine (ContainerStateMachine.java:loadSnapshot(223)) - group-09E2C1BE57CB: The snapshot info is null. Setting the last applied indexto:(t:0, i:~)
2019-11-14 23:37:37,904 [pool-38-thread-1] INFO  server.RaftServerConfigKeys (ConfUtils.java:logGet(43)) - raft.server.log.use.memory = false (default)
2019-11-14 23:37:37,904 [pool-27-thread-1] INFO  server.RaftServerConfigKeys (ConfUtils.java:logGet(43)) - raft.server.notification.no-leader.timeout = 120s (custom)
2019-11-14 23:37:37,905 [pool-38-thread-1] INFO  server.RaftServerConfigKeys (ConfUtils.java:logGet(43)) - raft.server.log.purge.gap = 1000000 (custom)
2019-11-14 23:37:37,905 [pool-49-thread-1] INFO  server.RaftServerConfigKeys (ConfUtils.java:logGet(43)) - raft.server.notification.no-leader.timeout = 120s (custom)
2019-11-14 23:37:37,905 [pool-38-thread-1] INFO  server.RaftServerConfigKeys (ConfUtils.java:logGet(43)) - raft.server.log.appender.buffer.byte-limit = 33554432 (custom)
2019-11-14 23:37:37,905 [pool-27-thread-1] INFO  server.RaftServerConfigKeys (ConfUtils.java:logGet(43)) - raft.server.log.use.memory = false (default)
2019-11-14 23:37:37,905 [pool-38-thread-1] INFO  server.RaftServerConfigKeys (ConfUtils.java:logGet(43)) - raft.server.log.segment.size.max = 1048576 (custom)
2019-11-14 23:37:37,905 [pool-49-thread-1] INFO  server.RaftServerConfigKeys (ConfUtils.java:logGet(43)) - raft.server.log.use.memory = false (default)
2019-11-14 23:37:37,905 [pool-38-thread-1] INFO  server.RaftServerConfigKeys (ConfUtils.java:logGet(43)) - raft.server.log.segment.cache.num.max = 2 (custom)
2019-11-14 23:37:37,905 [pool-27-thread-1] INFO  server.RaftServerConfigKeys (ConfUtils.java:logGet(43)) - raft.server.log.purge.gap = 1000000 (custom)
2019-11-14 23:37:37,906 [pool-38-thread-1] INFO  segmented.SegmentedRaftLogWorker (SegmentedRaftLogWorker.java:<init>(173)) - new 897108c5-f3e3-4027-9d47-6249c0da204d@group-09E2C1BE57CB-SegmentedRaftLogWorker for RaftStorage:Storage Directory /workdir/hadoop-ozone/tools/target/test-dir/MiniOzoneClusterImpl-f07ab170-b58e-42a5-bef9-89b4902fcd0c/datanode-1/data/ratis/02bba543-6937-4011-93a2-09e2c1be57cb
2019-11-14 23:37:37,905 [pool-49-thread-1] INFO  server.RaftServerConfigKeys (ConfUtils.java:logGet(43)) - raft.server.log.purge.gap = 1000000 (custom)
2019-11-14 23:37:37,906 [pool-38-thread-1] INFO  server.RaftServerConfigKeys (ConfUtils.java:logGet(43)) - raft.server.log.queue.byte-limit = 2147483647 (custom)
2019-11-14 23:37:37,906 [pool-27-thread-1] INFO  server.RaftServerConfigKeys (ConfUtils.java:logGet(43)) - raft.server.log.appender.buffer.byte-limit = 33554432 (custom)
2019-11-14 23:37:37,906 [pool-38-thread-1] INFO  server.RaftServerConfigKeys (ConfUtils.java:logGet(43)) - raft.server.log.queue.element-limit = 1024 (custom)
2019-11-14 23:37:37,906 [pool-49-thread-1] INFO  server.RaftServerConfigKeys (ConfUtils.java:logGet(43)) - raft.server.log.appender.buffer.byte-limit = 33554432 (custom)
2019-11-14 23:37:37,906 [pool-38-thread-1] INFO  server.RaftServerConfigKeys (ConfUtils.java:logGet(43)) - raft.server.log.segment.size.max = 1048576 (custom)
2019-11-14 23:37:37,906 [pool-27-thread-1] INFO  server.RaftServerConfigKeys (ConfUtils.java:logGet(43)) - raft.server.log.segment.size.max = 1048576 (custom)
2019-11-14 23:37:37,906 [pool-38-thread-1] INFO  server.RaftServerConfigKeys (ConfUtils.java:logGet(43)) - raft.server.log.preallocated.size = 16384 (custom)
2019-11-14 23:37:37,906 [pool-49-thread-1] INFO  server.RaftServerConfigKeys (ConfUtils.java:logGet(43)) - raft.server.log.segment.size.max = 1048576 (custom)
2019-11-14 23:37:37,907 [pool-38-thread-1] INFO  server.RaftServerConfigKeys (ConfUtils.java:logGet(43)) - raft.server.log.write.buffer.size = 33554432 (custom)
2019-11-14 23:37:37,907 [pool-27-thread-1] INFO  server.RaftServerConfigKeys (ConfUtils.java:logGet(43)) - raft.server.log.segment.cache.num.max = 2 (custom)
2019-11-14 23:37:37,907 [pool-38-thread-1] INFO  server.RaftServerConfigKeys (ConfUtils.java:logGet(43)) - raft.server.log.force.sync.num = 128 (default)
2019-11-14 23:37:37,907 [pool-49-thread-1] INFO  server.RaftServerConfigKeys (ConfUtils.java:logGet(43)) - raft.server.log.segment.cache.num.max = 2 (custom)
2019-11-14 23:37:37,907 [pool-38-thread-1] INFO  server.RaftServerConfigKeys (ConfUtils.java:logGet(43)) - raft.server.log.statemachine.data.sync = true (default)
2019-11-14 23:37:37,907 [pool-27-thread-1] INFO  segmented.SegmentedRaftLogWorker (SegmentedRaftLogWorker.java:<init>(173)) - new 7ed3e0d1-6b9f-472e-8f0f-f1c30a7e2ec2@group-09E2C1BE57CB-SegmentedRaftLogWorker for RaftStorage:Storage Directory /workdir/hadoop-ozone/tools/target/test-dir/MiniOzoneClusterImpl-f07ab170-b58e-42a5-bef9-89b4902fcd0c/datanode-0/data/ratis/02bba543-6937-4011-93a2-09e2c1be57cb
2019-11-14 23:37:37,907 [pool-38-thread-1] INFO  server.RaftServerConfigKeys (ConfUtils.java:logGet(43)) - raft.server.log.statemachine.data.sync.timeout = 10s (default)
2019-11-14 23:37:37,907 [pool-49-thread-1] INFO  segmented.SegmentedRaftLogWorker (SegmentedRaftLogWorker.java:<init>(173)) - new f9d5cdb5-b3ac-43fe-9615-fae3d6058425@group-09E2C1BE57CB-SegmentedRaftLogWorker for RaftStorage:Storage Directory /workdir/hadoop-ozone/tools/target/test-dir/MiniOzoneClusterImpl-f07ab170-b58e-42a5-bef9-89b4902fcd0c/datanode-2/data/ratis/02bba543-6937-4011-93a2-09e2c1be57cb
2019-11-14 23:37:37,908 [pool-38-thread-1] INFO  server.RaftServerConfigKeys (ConfUtils.java:logGet(43)) - raft.server.log.statemachine.data.sync.timeout.retry = -1 (default)
2019-11-14 23:37:37,908 [pool-27-thread-1] INFO  server.RaftServerConfigKeys (ConfUtils.java:logGet(43)) - raft.server.log.queue.byte-limit = 2147483647 (custom)
2019-11-14 23:37:37,908 [pool-49-thread-1] INFO  server.RaftServerConfigKeys (ConfUtils.java:logGet(43)) - raft.server.log.queue.byte-limit = 2147483647 (custom)
2019-11-14 23:37:37,908 [pool-27-thread-1] INFO  server.RaftServerConfigKeys (ConfUtils.java:logGet(43)) - raft.server.log.queue.element-limit = 1024 (custom)
2019-11-14 23:37:37,908 [pool-38-thread-1] INFO  server.RaftServerConfigKeys (ConfUtils.java:logGet(43)) - raft.server.log.statemachine.data.caching.enabled = true (custom)
2019-11-14 23:37:37,908 [pool-27-thread-1] INFO  server.RaftServerConfigKeys (ConfUtils.java:logGet(43)) - raft.server.log.segment.size.max = 1048576 (custom)
2019-11-14 23:37:37,908 [pool-49-thread-1] INFO  server.RaftServerConfigKeys (ConfUtils.java:logGet(43)) - raft.server.log.queue.element-limit = 1024 (custom)
2019-11-14 23:37:37,908 [pool-27-thread-1] INFO  server.RaftServerConfigKeys (ConfUtils.java:logGet(43)) - raft.server.log.preallocated.size = 16384 (custom)
2019-11-14 23:37:37,909 [pool-49-thread-1] INFO  server.RaftServerConfigKeys (ConfUtils.java:logGet(43)) - raft.server.log.segment.size.max = 1048576 (custom)
2019-11-14 23:37:37,909 [pool-38-thread-1] INFO  segmented.SegmentedRaftLogWorker (SegmentedRaftLogWorker.java:lambda$new$0(128)) - 897108c5-f3e3-4027-9d47-6249c0da204d@group-09E2C1BE57CB-SegmentedRaftLogWorker: flushIndex: setUnconditionally 0 -> -1
2019-11-14 23:37:37,909 [pool-49-thread-1] INFO  server.RaftServerConfigKeys (ConfUtils.java:logGet(43)) - raft.server.log.preallocated.size = 16384 (custom)
2019-11-14 23:37:37,909 [pool-27-thread-1] INFO  server.RaftServerConfigKeys (ConfUtils.java:logGet(43)) - raft.server.log.write.buffer.size = 33554432 (custom)
2019-11-14 23:37:37,909 [pool-38-thread-1] INFO  server.RaftServerConfigKeys (ConfUtils.java:logGet(43)) - raft.server.snapshot.auto.trigger.enabled = true (custom)
2019-11-14 23:37:37,909 [pool-49-thread-1] INFO  server.RaftServerConfigKeys (ConfUtils.java:logGet(43)) - raft.server.log.write.buffer.size = 33554432 (custom)
2019-11-14 23:37:37,909 [pool-38-thread-1] INFO  server.RaftServerConfigKeys (ConfUtils.java:logGet(43)) - raft.server.snapshot.auto.trigger.threshold = 10000 (custom)
2019-11-14 23:37:37,909 [pool-27-thread-1] INFO  server.RaftServerConfigKeys (ConfUtils.java:logGet(43)) - raft.server.log.force.sync.num = 128 (default)
2019-11-14 23:37:37,909 [pool-38-thread-1] INFO  server.RaftServerConfigKeys (ConfUtils.java:logGet(43)) - raft.server.snapshot.retention.file.num = 5 (custom)
2019-11-14 23:37:37,909 [pool-49-thread-1] INFO  server.RaftServerConfigKeys (ConfUtils.java:logGet(43)) - raft.server.log.force.sync.num = 128 (default)
2019-11-14 23:37:37,910 [pool-38-thread-1] INFO  server.RaftServerConfigKeys (ConfUtils.java:logGet(43)) - raft.server.retrycache.expirytime = 600000ms (custom)
2019-11-14 23:37:37,910 [pool-27-thread-1] INFO  server.RaftServerConfigKeys (ConfUtils.java:logGet(43)) - raft.server.log.statemachine.data.sync = true (default)
2019-11-14 23:37:37,910 [pool-38-thread-1] WARN  impl.MetricRegistriesImpl (MetricRegistriesImpl.java:lambda$create$1(61)) - First MetricRegistry has been created without registering reporters. You may need to call MetricRegistries.global().addReportRegistration(...) before.
2019-11-14 23:37:37,910 [pool-49-thread-1] INFO  server.RaftServerConfigKeys (ConfUtils.java:logGet(43)) - raft.server.log.statemachine.data.sync = true (default)
2019-11-14 23:37:37,910 [pool-38-thread-1] WARN  impl.MetricRegistriesImpl (MetricRegistriesImpl.java:lambda$create$1(61)) - First MetricRegistry has been created without registering reporters. You may need to call MetricRegistries.global().addReportRegistration(...) before.
2019-11-14 23:37:37,910 [pool-27-thread-1] INFO  server.RaftServerConfigKeys (ConfUtils.java:logGet(43)) - raft.server.log.statemachine.data.sync.timeout = 10s (default)
2019-11-14 23:37:37,910 [pool-49-thread-1] INFO  server.RaftServerConfigKeys (ConfUtils.java:logGet(43)) - raft.server.log.statemachine.data.sync.timeout = 10s (default)
2019-11-14 23:37:37,910 [pool-38-thread-1] INFO  impl.RaftServerImpl (RaftServerImpl.java:start(184)) - 897108c5-f3e3-4027-9d47-6249c0da204d@group-09E2C1BE57CB: start as a follower, conf=-1: [7ed3e0d1-6b9f-472e-8f0f-f1c30a7e2ec2:192.168.164.210:44223, f9d5cdb5-b3ac-43fe-9615-fae3d6058425:192.168.164.210:41795, 897108c5-f3e3-4027-9d47-6249c0da204d:192.168.164.210:39925], old=null
2019-11-14 23:37:37,910 [pool-27-thread-1] INFO  server.RaftServerConfigKeys (ConfUtils.java:logGet(43)) - raft.server.log.statemachine.data.sync.timeout.retry = -1 (default)
2019-11-14 23:37:37,911 [pool-38-thread-1] INFO  impl.RaftServerImpl (RaftServerImpl.java:setRole(173)) - 897108c5-f3e3-4027-9d47-6249c0da204d@group-09E2C1BE57CB: changes role from      null to FOLLOWER at term 0 for startAsFollower
2019-11-14 23:37:37,911 [pool-49-thread-1] INFO  server.RaftServerConfigKeys (ConfUtils.java:logGet(43)) - raft.server.log.statemachine.data.sync.timeout.retry = -1 (default)
2019-11-14 23:37:37,911 [pool-38-thread-1] INFO  impl.RoleInfo (RoleInfo.java:updateAndGet(143)) - 897108c5-f3e3-4027-9d47-6249c0da204d: start FollowerState
2019-11-14 23:37:37,911 [pool-27-thread-1] INFO  server.RaftServerConfigKeys (ConfUtils.java:logGet(43)) - raft.server.log.statemachine.data.caching.enabled = true (custom)
2019-11-14 23:37:37,911 [pool-49-thread-1] INFO  server.RaftServerConfigKeys (ConfUtils.java:logGet(43)) - raft.server.log.statemachine.data.caching.enabled = true (custom)
2019-11-14 23:37:37,911 [pool-27-thread-1] INFO  segmented.SegmentedRaftLogWorker (SegmentedRaftLogWorker.java:lambda$new$0(128)) - 7ed3e0d1-6b9f-472e-8f0f-f1c30a7e2ec2@group-09E2C1BE57CB-SegmentedRaftLogWorker: flushIndex: setUnconditionally 0 -> -1
2019-11-14 23:37:37,911 [pool-38-thread-1] INFO  util.JmxRegister (JmxRegister.java:tryRegister(44)) - Successfully registered JMX Bean with object name Ratis:service=RaftServer,group=group-09E2C1BE57CB,id=897108c5-f3e3-4027-9d47-6249c0da204d
2019-11-14 23:37:37,911 [pool-49-thread-1] INFO  segmented.SegmentedRaftLogWorker (SegmentedRaftLogWorker.java:lambda$new$0(128)) - f9d5cdb5-b3ac-43fe-9615-fae3d6058425@group-09E2C1BE57CB-SegmentedRaftLogWorker: flushIndex: setUnconditionally 0 -> -1
2019-11-14 23:37:37,912 [pool-38-thread-1] WARN  impl.MetricRegistriesImpl (MetricRegistriesImpl.java:lambda$create$1(61)) - First MetricRegistry has been created without registering reporters. You may need to call MetricRegistries.global().addReportRegistration(...) before.
2019-11-14 23:37:37,912 [pool-27-thread-1] INFO  server.RaftServerConfigKeys (ConfUtils.java:logGet(43)) - raft.server.snapshot.auto.trigger.enabled = true (custom)
2019-11-14 23:37:37,912 [pool-49-thread-1] INFO  server.RaftServerConfigKeys (ConfUtils.java:logGet(43)) - raft.server.snapshot.auto.trigger.enabled = true (custom)
2019-11-14 23:37:37,912 [pool-27-thread-1] INFO  server.RaftServerConfigKeys (ConfUtils.java:logGet(43)) - raft.server.snapshot.auto.trigger.threshold = 10000 (custom)
2019-11-14 23:37:37,912 [pool-49-thread-1] INFO  server.RaftServerConfigKeys (ConfUtils.java:logGet(43)) - raft.server.snapshot.auto.trigger.threshold = 10000 (custom)
2019-11-14 23:37:37,912 [pool-27-thread-1] INFO  server.RaftServerConfigKeys (ConfUtils.java:logGet(43)) - raft.server.snapshot.retention.file.num = 5 (custom)
2019-11-14 23:37:37,912 [pool-49-thread-1] INFO  server.RaftServerConfigKeys (ConfUtils.java:logGet(43)) - raft.server.snapshot.retention.file.num = 5 (custom)
2019-11-14 23:37:37,912 [pool-27-thread-1] INFO  server.RaftServerConfigKeys (ConfUtils.java:logGet(43)) - raft.server.retrycache.expirytime = 600000ms (custom)
2019-11-14 23:37:37,913 [pool-49-thread-1] INFO  server.RaftServerConfigKeys (ConfUtils.java:logGet(43)) - raft.server.retrycache.expirytime = 600000ms (custom)
2019-11-14 23:37:37,913 [pool-27-thread-1] WARN  impl.MetricRegistriesImpl (MetricRegistriesImpl.java:lambda$create$1(61)) - First MetricRegistry has been created without registering reporters. You may need to call MetricRegistries.global().addReportRegistration(...) before.
2019-11-14 23:37:37,913 [pool-49-thread-1] WARN  impl.MetricRegistriesImpl (MetricRegistriesImpl.java:lambda$create$1(61)) - First MetricRegistry has been created without registering reporters. You may need to call MetricRegistries.global().addReportRegistration(...) before.
2019-11-14 23:37:37,913 [pool-27-thread-1] WARN  impl.MetricRegistriesImpl (MetricRegistriesImpl.java:lambda$create$1(61)) - First MetricRegistry has been created without registering reporters. You may need to call MetricRegistries.global().addReportRegistration(...) before.
2019-11-14 23:37:37,914 [pool-49-thread-1] WARN  impl.MetricRegistriesImpl (MetricRegistriesImpl.java:lambda$create$1(61)) - First MetricRegistry has been created without registering reporters. You may need to call MetricRegistries.global().addReportRegistration(...) before.
2019-11-14 23:37:37,915 [pool-27-thread-1] INFO  impl.RaftServerImpl (RaftServerImpl.java:start(184)) - 7ed3e0d1-6b9f-472e-8f0f-f1c30a7e2ec2@group-09E2C1BE57CB: start as a follower, conf=-1: [7ed3e0d1-6b9f-472e-8f0f-f1c30a7e2ec2:192.168.164.210:44223, f9d5cdb5-b3ac-43fe-9615-fae3d6058425:192.168.164.210:41795, 897108c5-f3e3-4027-9d47-6249c0da204d:192.168.164.210:39925], old=null
2019-11-14 23:37:37,915 [pool-49-thread-1] INFO  impl.RaftServerImpl (RaftServerImpl.java:start(184)) - f9d5cdb5-b3ac-43fe-9615-fae3d6058425@group-09E2C1BE57CB: start as a follower, conf=-1: [7ed3e0d1-6b9f-472e-8f0f-f1c30a7e2ec2:192.168.164.210:44223, f9d5cdb5-b3ac-43fe-9615-fae3d6058425:192.168.164.210:41795, 897108c5-f3e3-4027-9d47-6249c0da204d:192.168.164.210:39925], old=null
2019-11-14 23:37:37,915 [pool-27-thread-1] INFO  impl.RaftServerImpl (RaftServerImpl.java:setRole(173)) - 7ed3e0d1-6b9f-472e-8f0f-f1c30a7e2ec2@group-09E2C1BE57CB: changes role from      null to FOLLOWER at term 0 for startAsFollower
2019-11-14 23:37:37,915 [pool-49-thread-1] INFO  impl.RaftServerImpl (RaftServerImpl.java:setRole(173)) - f9d5cdb5-b3ac-43fe-9615-fae3d6058425@group-09E2C1BE57CB: changes role from      null to FOLLOWER at term 0 for startAsFollower
2019-11-14 23:37:37,915 [pool-27-thread-1] INFO  impl.RoleInfo (RoleInfo.java:updateAndGet(143)) - 7ed3e0d1-6b9f-472e-8f0f-f1c30a7e2ec2: start FollowerState
2019-11-14 23:37:37,915 [pool-49-thread-1] INFO  impl.RoleInfo (RoleInfo.java:updateAndGet(143)) - f9d5cdb5-b3ac-43fe-9615-fae3d6058425: start FollowerState
2019-11-14 23:37:37,915 [pool-27-thread-1] INFO  util.JmxRegister (JmxRegister.java:tryRegister(44)) - Successfully registered JMX Bean with object name Ratis:service=RaftServer,group=group-09E2C1BE57CB,id=7ed3e0d1-6b9f-472e-8f0f-f1c30a7e2ec2
2019-11-14 23:37:37,915 [pool-49-thread-1] INFO  util.JmxRegister (JmxRegister.java:tryRegister(44)) - Successfully registered JMX Bean with object name Ratis:service=RaftServer,group=group-09E2C1BE57CB,id=f9d5cdb5-b3ac-43fe-9615-fae3d6058425
2019-11-14 23:37:37,916 [pool-27-thread-1] WARN  impl.MetricRegistriesImpl (MetricRegistriesImpl.java:lambda$create$1(61)) - First MetricRegistry has been created without registering reporters. You may need to call MetricRegistries.global().addReportRegistration(...) before.
2019-11-14 23:37:37,916 [pool-49-thread-1] WARN  impl.MetricRegistriesImpl (MetricRegistriesImpl.java:lambda$create$1(61)) - First MetricRegistry has been created without registering reporters. You may need to call MetricRegistries.global().addReportRegistration(...) before.
2019-11-14 23:37:37,921 [RatisPipelineUtilsThread] INFO  pipeline.PipelineStateManager (PipelineStateManager.java:addPipeline(55)) - Created pipeline Pipeline[ Id: 02bba543-6937-4011-93a2-09e2c1be57cb, Nodes: 7ed3e0d1-6b9f-472e-8f0f-f1c30a7e2ec2{ip: 192.168.164.210, host: pr-hdds-2448-del-container-qmj8s-3203767274, networkLocation: /default-rack, certSerialId: null}f9d5cdb5-b3ac-43fe-9615-fae3d6058425{ip: 192.168.164.210, host: pr-hdds-2448-del-container-qmj8s-3203767274, networkLocation: /default-rack, certSerialId: null}897108c5-f3e3-4027-9d47-6249c0da204d{ip: 192.168.164.210, host: pr-hdds-2448-del-container-qmj8s-3203767274, networkLocation: /default-rack, certSerialId: null}, Type:RATIS, Factor:THREE, State:ALLOCATED]
2019-11-14 23:37:37,945 [main] INFO  freon.RandomKeyGenerator (RandomKeyGenerator.java:call(283)) - Number of Threads: 10
2019-11-14 23:37:37,945 [main] INFO  freon.RandomKeyGenerator (RandomKeyGenerator.java:call(288)) - Number of Volumes: 1.
2019-11-14 23:37:37,945 [main] INFO  freon.RandomKeyGenerator (RandomKeyGenerator.java:call(289)) - Number of Buckets per Volume: 1.
2019-11-14 23:37:37,945 [main] INFO  freon.RandomKeyGenerator (RandomKeyGenerator.java:call(290)) - Number of Keys per Bucket: 1.
2019-11-14 23:37:37,945 [main] INFO  freon.RandomKeyGenerator (RandomKeyGenerator.java:call(291)) - Key size: 20971520 bytes
2019-11-14 23:37:37,945 [main] INFO  freon.RandomKeyGenerator (RandomKeyGenerator.java:call(292)) - Buffer size: 4096 bytes
2019-11-14 23:37:37,945 [main] INFO  freon.RandomKeyGenerator (RandomKeyGenerator.java:call(293)) - validateWrites : true
2019-11-14 23:37:37,946 [main] INFO  freon.RandomKeyGenerator (RandomKeyGenerator.java:call(307)) - Data validation is enabled.
2019-11-14 23:37:37,946 [main] INFO  freon.RandomKeyGenerator (RandomKeyGenerator.java:call(313)) - Starting progress bar Thread.

2019-11-14 23:37:37,946 [pool-62-thread-1] INFO  rpc.RpcClient (RpcClient.java:createVolume(292)) - Creating Volume: vol-0-85845, with jenkins1000 as owner.
 0.00% |?                                                                                                    |  0/1 Time: 0:00:002019-11-14 23:37:37,950 [IPC Server handler 1 on 43912] INFO  volume.OMVolumeCreateRequest (OMVolumeCreateRequest.java:validateAndUpdateCache(193)) - created volume:vol-0-85845 for user:jenkins1000
2019-11-14 23:37:37,977 [pool-62-thread-4] INFO  rpc.RpcClient (RpcClient.java:createBucket(431)) - Creating Bucket: vol-0-85845/bucket-0-09173, with Versioning false and Storage Type set to DISK and Encryption set to false 
2019-11-14 23:37:38,001 [IPC Server handler 5 on 45004] WARN  block.BlockManagerImpl (BlockManagerImpl.java:allocateBlock(200)) - Pipeline creation failed for type:RATIS factor:THREE. Retrying get pipelines call once.
org.apache.hadoop.hdds.scm.pipeline.InsufficientDatanodesException: Cannot create pipeline of factor 3 using 0 nodes.
	at org.apache.hadoop.hdds.scm.pipeline.RatisPipelineProvider.create(RatisPipelineProvider.java:153)
	at org.apache.hadoop.hdds.scm.pipeline.PipelineFactory.create(PipelineFactory.java:58)
	at org.apache.hadoop.hdds.scm.pipeline.SCMPipelineManager.createPipeline(SCMPipelineManager.java:155)
	at org.apache.hadoop.hdds.scm.block.BlockManagerImpl.allocateBlock(BlockManagerImpl.java:198)
	at org.apache.hadoop.hdds.scm.server.SCMBlockProtocolServer.allocateBlock(SCMBlockProtocolServer.java:187)
	at org.apache.hadoop.hdds.scm.protocol.ScmBlockLocationProtocolServerSideTranslatorPB.allocateScmBlock(ScmBlockLocationProtocolServerSideTranslatorPB.java:159)
	at org.apache.hadoop.hdds.scm.protocol.ScmBlockLocationProtocolServerSideTranslatorPB.processMessage(ScmBlockLocationProtocolServerSideTranslatorPB.java:117)
	at org.apache.hadoop.hdds.server.OzoneProtocolMessageDispatcher.processRequest(OzoneProtocolMessageDispatcher.java:72)
	at org.apache.hadoop.hdds.scm.protocol.ScmBlockLocationProtocolServerSideTranslatorPB.send(ScmBlockLocationProtocolServerSideTranslatorPB.java:98)
	at org.apache.hadoop.hdds.protocol.proto.ScmBlockLocationProtocolProtos$ScmBlockLocationProtocolService$2.callBlockingMethod(ScmBlockLocationProtocolProtos.java:13157)
	at org.apache.hadoop.ipc.ProtobufRpcEngine$Server$ProtoBufRpcInvoker.call(ProtobufRpcEngine.java:524)
	at org.apache.hadoop.ipc.RPC$Server.call(RPC.java:1025)
	at org.apache.hadoop.ipc.Server$RpcCall.run(Server.java:876)
	at org.apache.hadoop.ipc.Server$RpcCall.run(Server.java:822)
	at java.security.AccessController.doPrivileged(Native Method)
	at javax.security.auth.Subject.doAs(Subject.java:422)
	at org.apache.hadoop.security.UserGroupInformation.doAs(UserGroupInformation.java:1730)
	at org.apache.hadoop.ipc.Server$Handler.run(Server.java:2682)
2019-11-14 23:37:38,002 [IPC Server handler 5 on 45004] INFO  block.BlockManagerImpl (BlockManagerImpl.java:allocateBlock(212)) - Could not find available pipeline of type:RATIS and factor:THREE even after retrying
2019-11-14 23:37:38,002 [IPC Server handler 5 on 45004] ERROR block.BlockManagerImpl (BlockManagerImpl.java:allocateBlock(236)) - Unable to allocate a block for the size: 4194304, type: RATIS, factor: THREE
2019-11-14 23:37:38,003 [IPC Server handler 5 on 45004] WARN  block.BlockManagerImpl (BlockManagerImpl.java:allocateBlock(200)) - Pipeline creation failed for type:RATIS factor:THREE. Retrying get pipelines call once.
org.apache.hadoop.hdds.scm.pipeline.InsufficientDatanodesException: Cannot create pipeline of factor 3 using 0 nodes.
	at org.apache.hadoop.hdds.scm.pipeline.RatisPipelineProvider.create(RatisPipelineProvider.java:153)
	at org.apache.hadoop.hdds.scm.pipeline.PipelineFactory.create(PipelineFactory.java:58)
	at org.apache.hadoop.hdds.scm.pipeline.SCMPipelineManager.createPipeline(SCMPipelineManager.java:155)
	at org.apache.hadoop.hdds.scm.block.BlockManagerImpl.allocateBlock(BlockManagerImpl.java:198)
	at org.apache.hadoop.hdds.scm.server.SCMBlockProtocolServer.allocateBlock(SCMBlockProtocolServer.java:187)
	at org.apache.hadoop.hdds.scm.protocol.ScmBlockLocationProtocolServerSideTranslatorPB.allocateScmBlock(ScmBlockLocationProtocolServerSideTranslatorPB.java:159)
	at org.apache.hadoop.hdds.scm.protocol.ScmBlockLocationProtocolServerSideTranslatorPB.processMessage(ScmBlockLocationProtocolServerSideTranslatorPB.java:117)
	at org.apache.hadoop.hdds.server.OzoneProtocolMessageDispatcher.processRequest(OzoneProtocolMessageDispatcher.java:72)
	at org.apache.hadoop.hdds.scm.protocol.ScmBlockLocationProtocolServerSideTranslatorPB.send(ScmBlockLocationProtocolServerSideTranslatorPB.java:98)
	at org.apache.hadoop.hdds.protocol.proto.ScmBlockLocationProtocolProtos$ScmBlockLocationProtocolService$2.callBlockingMethod(ScmBlockLocationProtocolProtos.java:13157)
	at org.apache.hadoop.ipc.ProtobufRpcEngine$Server$ProtoBufRpcInvoker.call(ProtobufRpcEngine.java:524)
	at org.apache.hadoop.ipc.RPC$Server.call(RPC.java:1025)
	at org.apache.hadoop.ipc.Server$RpcCall.run(Server.java:876)
	at org.apache.hadoop.ipc.Server$RpcCall.run(Server.java:822)
	at java.security.AccessController.doPrivileged(Native Method)
	at javax.security.auth.Subject.doAs(Subject.java:422)
	at org.apache.hadoop.security.UserGroupInformation.doAs(UserGroupInformation.java:1730)
	at org.apache.hadoop.ipc.Server$Handler.run(Server.java:2682)
2019-11-14 23:37:38,004 [IPC Server handler 5 on 45004] INFO  block.BlockManagerImpl (BlockManagerImpl.java:allocateBlock(212)) - Could not find available pipeline of type:RATIS and factor:THREE even after retrying
2019-11-14 23:37:38,004 [IPC Server handler 5 on 45004] ERROR block.BlockManagerImpl (BlockManagerImpl.java:allocateBlock(236)) - Unable to allocate a block for the size: 4194304, type: RATIS, factor: THREE
2019-11-14 23:37:38,006 [IPC Server handler 5 on 45004] WARN  block.BlockManagerImpl (BlockManagerImpl.java:allocateBlock(200)) - Pipeline creation failed for type:RATIS factor:THREE. Retrying get pipelines call once.
org.apache.hadoop.hdds.scm.pipeline.InsufficientDatanodesException: Cannot create pipeline of factor 3 using 0 nodes.
	at org.apache.hadoop.hdds.scm.pipeline.RatisPipelineProvider.create(RatisPipelineProvider.java:153)
	at org.apache.hadoop.hdds.scm.pipeline.PipelineFactory.create(PipelineFactory.java:58)
	at org.apache.hadoop.hdds.scm.pipeline.SCMPipelineManager.createPipeline(SCMPipelineManager.java:155)
	at org.apache.hadoop.hdds.scm.block.BlockManagerImpl.allocateBlock(BlockManagerImpl.java:198)
	at org.apache.hadoop.hdds.scm.server.SCMBlockProtocolServer.allocateBlock(SCMBlockProtocolServer.java:187)
	at org.apache.hadoop.hdds.scm.protocol.ScmBlockLocationProtocolServerSideTranslatorPB.allocateScmBlock(ScmBlockLocationProtocolServerSideTranslatorPB.java:159)
	at org.apache.hadoop.hdds.scm.protocol.ScmBlockLocationProtocolServerSideTranslatorPB.processMessage(ScmBlockLocationProtocolServerSideTranslatorPB.java:117)
	at org.apache.hadoop.hdds.server.OzoneProtocolMessageDispatcher.processRequest(OzoneProtocolMessageDispatcher.java:72)
	at org.apache.hadoop.hdds.scm.protocol.ScmBlockLocationProtocolServerSideTranslatorPB.send(ScmBlockLocationProtocolServerSideTranslatorPB.java:98)
	at org.apache.hadoop.hdds.protocol.proto.ScmBlockLocationProtocolProtos$ScmBlockLocationProtocolService$2.callBlockingMethod(ScmBlockLocationProtocolProtos.java:13157)
	at org.apache.hadoop.ipc.ProtobufRpcEngine$Server$ProtoBufRpcInvoker.call(ProtobufRpcEngine.java:524)
	at org.apache.hadoop.ipc.RPC$Server.call(RPC.java:1025)
	at org.apache.hadoop.ipc.Server$RpcCall.run(Server.java:876)
	at org.apache.hadoop.ipc.Server$RpcCall.run(Server.java:822)
	at java.security.AccessController.doPrivileged(Native Method)
	at javax.security.auth.Subject.doAs(Subject.java:422)
	at org.apache.hadoop.security.UserGroupInformation.doAs(UserGroupInformation.java:1730)
	at org.apache.hadoop.ipc.Server$Handler.run(Server.java:2682)
2019-11-14 23:37:38,006 [IPC Server handler 5 on 45004] INFO  block.BlockManagerImpl (BlockManagerImpl.java:allocateBlock(212)) - Could not find available pipeline of type:RATIS and factor:THREE even after retrying
2019-11-14 23:37:38,006 [IPC Server handler 5 on 45004] ERROR block.BlockManagerImpl (BlockManagerImpl.java:allocateBlock(236)) - Unable to allocate a block for the size: 4194304, type: RATIS, factor: THREE
2019-11-14 23:37:38,007 [IPC Server handler 5 on 45004] WARN  block.BlockManagerImpl (BlockManagerImpl.java:allocateBlock(200)) - Pipeline creation failed for type:RATIS factor:THREE. Retrying get pipelines call once.
org.apache.hadoop.hdds.scm.pipeline.InsufficientDatanodesException: Cannot create pipeline of factor 3 using 0 nodes.
	at org.apache.hadoop.hdds.scm.pipeline.RatisPipelineProvider.create(RatisPipelineProvider.java:153)
	at org.apache.hadoop.hdds.scm.pipeline.PipelineFactory.create(PipelineFactory.java:58)
	at org.apache.hadoop.hdds.scm.pipeline.SCMPipelineManager.createPipeline(SCMPipelineManager.java:155)
	at org.apache.hadoop.hdds.scm.block.BlockManagerImpl.allocateBlock(BlockManagerImpl.java:198)
	at org.apache.hadoop.hdds.scm.server.SCMBlockProtocolServer.allocateBlock(SCMBlockProtocolServer.java:187)
	at org.apache.hadoop.hdds.scm.protocol.ScmBlockLocationProtocolServerSideTranslatorPB.allocateScmBlock(ScmBlockLocationProtocolServerSideTranslatorPB.java:159)
	at org.apache.hadoop.hdds.scm.protocol.ScmBlockLocationProtocolServerSideTranslatorPB.processMessage(ScmBlockLocationProtocolServerSideTranslatorPB.java:117)
	at org.apache.hadoop.hdds.server.OzoneProtocolMessageDispatcher.processRequest(OzoneProtocolMessageDispatcher.java:72)
	at org.apache.hadoop.hdds.scm.protocol.ScmBlockLocationProtocolServerSideTranslatorPB.send(ScmBlockLocationProtocolServerSideTranslatorPB.java:98)
	at org.apache.hadoop.hdds.protocol.proto.ScmBlockLocationProtocolProtos$ScmBlockLocationProtocolService$2.callBlockingMethod(ScmBlockLocationProtocolProtos.java:13157)
	at org.apache.hadoop.ipc.ProtobufRpcEngine$Server$ProtoBufRpcInvoker.call(ProtobufRpcEngine.java:524)
	at org.apache.hadoop.ipc.RPC$Server.call(RPC.java:1025)
	at org.apache.hadoop.ipc.Server$RpcCall.run(Server.java:876)
	at org.apache.hadoop.ipc.Server$RpcCall.run(Server.java:822)
	at java.security.AccessController.doPrivileged(Native Method)
	at javax.security.auth.Subject.doAs(Subject.java:422)
	at org.apache.hadoop.security.UserGroupInformation.doAs(UserGroupInformation.java:1730)
	at org.apache.hadoop.ipc.Server$Handler.run(Server.java:2682)
2019-11-14 23:37:38,007 [IPC Server handler 5 on 45004] INFO  block.BlockManagerImpl (BlockManagerImpl.java:allocateBlock(212)) - Could not find available pipeline of type:RATIS and factor:THREE even after retrying
2019-11-14 23:37:38,007 [IPC Server handler 5 on 45004] ERROR block.BlockManagerImpl (BlockManagerImpl.java:allocateBlock(236)) - Unable to allocate a block for the size: 4194304, type: RATIS, factor: THREE
2019-11-14 23:37:38,012 [IPC Server handler 5 on 45004] WARN  block.BlockManagerImpl (BlockManagerImpl.java:allocateBlock(200)) - Pipeline creation failed for type:RATIS factor:THREE. Retrying get pipelines call once.
org.apache.hadoop.hdds.scm.pipeline.InsufficientDatanodesException: Cannot create pipeline of factor 3 using 0 nodes.
	at org.apache.hadoop.hdds.scm.pipeline.RatisPipelineProvider.create(RatisPipelineProvider.java:153)
	at org.apache.hadoop.hdds.scm.pipeline.PipelineFactory.create(PipelineFactory.java:58)
	at org.apache.hadoop.hdds.scm.pipeline.SCMPipelineManager.createPipeline(SCMPipelineManager.java:155)
	at org.apache.hadoop.hdds.scm.block.BlockManagerImpl.allocateBlock(BlockManagerImpl.java:198)
	at org.apache.hadoop.hdds.scm.server.SCMBlockProtocolServer.allocateBlock(SCMBlockProtocolServer.java:187)
	at org.apache.hadoop.hdds.scm.protocol.ScmBlockLocationProtocolServerSideTranslatorPB.allocateScmBlock(ScmBlockLocationProtocolServerSideTranslatorPB.java:159)
	at org.apache.hadoop.hdds.scm.protocol.ScmBlockLocationProtocolServerSideTranslatorPB.processMessage(ScmBlockLocationProtocolServerSideTranslatorPB.java:117)
	at org.apache.hadoop.hdds.server.OzoneProtocolMessageDispatcher.processRequest(OzoneProtocolMessageDispatcher.java:72)
	at org.apache.hadoop.hdds.scm.protocol.ScmBlockLocationProtocolServerSideTranslatorPB.send(ScmBlockLocationProtocolServerSideTranslatorPB.java:98)
	at org.apache.hadoop.hdds.protocol.proto.ScmBlockLocationProtocolProtos$ScmBlockLocationProtocolService$2.callBlockingMethod(ScmBlockLocationProtocolProtos.java:13157)
	at org.apache.hadoop.ipc.ProtobufRpcEngine$Server$ProtoBufRpcInvoker.call(ProtobufRpcEngine.java:524)
	at org.apache.hadoop.ipc.RPC$Server.call(RPC.java:1025)
	at org.apache.hadoop.ipc.Server$RpcCall.run(Server.java:876)
	at org.apache.hadoop.ipc.Server$RpcCall.run(Server.java:822)
	at java.security.AccessController.doPrivileged(Native Method)
	at javax.security.auth.Subject.doAs(Subject.java:422)
	at org.apache.hadoop.security.UserGroupInformation.doAs(UserGroupInformation.java:1730)
	at org.apache.hadoop.ipc.Server$Handler.run(Server.java:2682)
2019-11-14 23:37:38,013 [IPC Server handler 5 on 45004] INFO  block.BlockManagerImpl (BlockManagerImpl.java:allocateBlock(212)) - Could not find available pipeline of type:RATIS and factor:THREE even after retrying
2019-11-14 23:37:38,013 [IPC Server handler 5 on 45004] ERROR block.BlockManagerImpl (BlockManagerImpl.java:allocateBlock(236)) - Unable to allocate a block for the size: 4194304, type: RATIS, factor: THREE
2019-11-14 23:37:38,017 [pool-62-thread-2] ERROR freon.RandomKeyGenerator (RandomKeyGenerator.java:createKey(735)) - Exception while adding key: key-0-69618 in bucket: bucket-0-09173 of volume: vol-0-85845.
INTERNAL_ERROR org.apache.hadoop.ozone.om.exceptions.OMException: Allocated 0 blocks. Requested 5 blocks
	at org.apache.hadoop.ozone.om.protocolPB.OzoneManagerProtocolClientSideTranslatorPB.handleError(OzoneManagerProtocolClientSideTranslatorPB.java:761)
	at org.apache.hadoop.ozone.om.protocolPB.OzoneManagerProtocolClientSideTranslatorPB.openKey(OzoneManagerProtocolClientSideTranslatorPB.java:752)
	at sun.reflect.NativeMethodAccessorImpl.invoke0(Native Method)
	at sun.reflect.NativeMethodAccessorImpl.invoke(NativeMethodAccessorImpl.java:62)
	at sun.reflect.DelegatingMethodAccessorImpl.invoke(DelegatingMethodAccessorImpl.java:43)
	at java.lang.reflect.Method.invoke(Method.java:498)
	at org.apache.hadoop.hdds.tracing.TraceAllMethod.invoke(TraceAllMethod.java:66)
	at com.sun.proxy.$Proxy37.openKey(Unknown Source)
	at org.apache.hadoop.ozone.client.rpc.RpcClient.createKey(RpcClient.java:633)
	at org.apache.hadoop.ozone.client.OzoneBucket.createKey(OzoneBucket.java:325)
	at org.apache.hadoop.ozone.freon.RandomKeyGenerator.createKey(RandomKeyGenerator.java:697)
	at org.apache.hadoop.ozone.freon.RandomKeyGenerator.access$1100(RandomKeyGenerator.java:88)
	at org.apache.hadoop.ozone.freon.RandomKeyGenerator$ObjectCreator.run(RandomKeyGenerator.java:615)
	at java.util.concurrent.Executors$RunnableAdapter.call(Executors.java:511)
	at java.util.concurrent.FutureTask.run(FutureTask.java:266)
	at java.util.concurrent.ThreadPoolExecutor.runWorker(ThreadPoolExecutor.java:1149)
	at java.util.concurrent.ThreadPoolExecutor$Worker.run(ThreadPoolExecutor.java:624)
	at java.lang.Thread.run(Thread.java:748)
 0.00% |?                                                                                                    |  0/1 Time: 0:00:01 0.00% |?                                                                                                    |  0/1 Time: 0:00:02 0.00% |?                                                                                                    |  0/1 Time: 0:00:03 0.00% |?                                                                                                    |  0/1 Time: 0:00:042019-11-14 23:37:42,937 [Thread-483] INFO  impl.FollowerState (FollowerState.java:run(111)) - f9d5cdb5-b3ac-43fe-9615-fae3d6058425@group-09E2C1BE57CB-FollowerState: change to CANDIDATE, lastRpcTime:5021ms, electionTimeout:5021ms
2019-11-14 23:37:42,938 [Thread-483] INFO  impl.RoleInfo (RoleInfo.java:shutdownFollowerState(121)) - f9d5cdb5-b3ac-43fe-9615-fae3d6058425: shutdown FollowerState
2019-11-14 23:37:42,938 [Thread-483] INFO  impl.RaftServerImpl (RaftServerImpl.java:setRole(173)) - f9d5cdb5-b3ac-43fe-9615-fae3d6058425@group-09E2C1BE57CB: changes role from  FOLLOWER to CANDIDATE at term 0 for changeToCandidate
2019-11-14 23:37:42,939 [Thread-483] INFO  impl.RoleInfo (RoleInfo.java:updateAndGet(143)) - f9d5cdb5-b3ac-43fe-9615-fae3d6058425: start LeaderElection
 100.00% |?????????????????????????????????????????????????????????????????????????????????????????????????????|  1/1 Time: 0:00:05
2019-11-14 23:37:42,958 [f9d5cdb5-b3ac-43fe-9615-fae3d6058425@group-09E2C1BE57CB-LeaderElection6] INFO  impl.LeaderElection (LeaderElection.java:askForVotes(178)) - f9d5cdb5-b3ac-43fe-9615-fae3d6058425@group-09E2C1BE57CB-LeaderElection6: begin an election at term 1 for -1: [7ed3e0d1-6b9f-472e-8f0f-f1c30a7e2ec2:192.168.164.210:44223, f9d5cdb5-b3ac-43fe-9615-fae3d6058425:192.168.164.210:41795, 897108c5-f3e3-4027-9d47-6249c0da204d:192.168.164.210:39925], old=null
2019-11-14 23:37:42,973 [grpc-default-executor-1] INFO  impl.RaftServerImpl (RaftServerImpl.java:setRole(173)) - 897108c5-f3e3-4027-9d47-6249c0da204d@group-09E2C1BE57CB: changes role from  FOLLOWER to FOLLOWER at term 1 for recognizeCandidate:f9d5cdb5-b3ac-43fe-9615-fae3d6058425
2019-11-14 23:37:42,973 [grpc-default-executor-0] INFO  impl.RaftServerImpl (RaftServerImpl.java:setRole(173)) - 7ed3e0d1-6b9f-472e-8f0f-f1c30a7e2ec2@group-09E2C1BE57CB: changes role from  FOLLOWER to FOLLOWER at term 1 for recognizeCandidate:f9d5cdb5-b3ac-43fe-9615-fae3d6058425
2019-11-14 23:37:42,973 [grpc-default-executor-1] INFO  impl.RoleInfo (RoleInfo.java:shutdownFollowerState(121)) - 897108c5-f3e3-4027-9d47-6249c0da204d: shutdown FollowerState
2019-11-14 23:37:42,973 [grpc-default-executor-0] INFO  impl.RoleInfo (RoleInfo.java:shutdownFollowerState(121)) - 7ed3e0d1-6b9f-472e-8f0f-f1c30a7e2ec2: shutdown FollowerState
2019-11-14 23:37:42,974 [grpc-default-executor-1] INFO  impl.RoleInfo (RoleInfo.java:updateAndGet(143)) - 897108c5-f3e3-4027-9d47-6249c0da204d: start FollowerState
2019-11-14 23:37:42,974 [grpc-default-executor-0] INFO  impl.RoleInfo (RoleInfo.java:updateAndGet(143)) - 7ed3e0d1-6b9f-472e-8f0f-f1c30a7e2ec2: start FollowerState
2019-11-14 23:37:42,974 [Thread-482] INFO  impl.FollowerState (FollowerState.java:run(120)) - 7ed3e0d1-6b9f-472e-8f0f-f1c30a7e2ec2@group-09E2C1BE57CB-FollowerState was interrupted: java.lang.InterruptedException: sleep interrupted
2019-11-14 23:37:42,974 [Thread-478] INFO  impl.FollowerState (FollowerState.java:run(120)) - 897108c5-f3e3-4027-9d47-6249c0da204d@group-09E2C1BE57CB-FollowerState was interrupted: java.lang.InterruptedException: sleep interrupted
2019-11-14 23:37:43,000 [f9d5cdb5-b3ac-43fe-9615-fae3d6058425@group-09E2C1BE57CB-LeaderElection6] INFO  impl.LeaderElection (LeaderElection.java:logAndReturn(56)) - f9d5cdb5-b3ac-43fe-9615-fae3d6058425@group-09E2C1BE57CB-LeaderElection6: Election PASSED; received 1 response(s) [f9d5cdb5-b3ac-43fe-9615-fae3d6058425<-7ed3e0d1-6b9f-472e-8f0f-f1c30a7e2ec2#0:OK-t1] and 0 exception(s); f9d5cdb5-b3ac-43fe-9615-fae3d6058425@group-09E2C1BE57CB:t1, leader=null, voted=f9d5cdb5-b3ac-43fe-9615-fae3d6058425, raftlog=f9d5cdb5-b3ac-43fe-9615-fae3d6058425@group-09E2C1BE57CB-SegmentedRaftLog:OPENED:c-1,f-1,i0, conf=-1: [7ed3e0d1-6b9f-472e-8f0f-f1c30a7e2ec2:192.168.164.210:44223, f9d5cdb5-b3ac-43fe-9615-fae3d6058425:192.168.164.210:41795, 897108c5-f3e3-4027-9d47-6249c0da204d:192.168.164.210:39925], old=null
2019-11-14 23:37:43,001 [f9d5cdb5-b3ac-43fe-9615-fae3d6058425@group-09E2C1BE57CB-LeaderElection6] INFO  impl.RoleInfo (RoleInfo.java:shutdownLeaderElection(134)) - f9d5cdb5-b3ac-43fe-9615-fae3d6058425: shutdown LeaderElection
2019-11-14 23:37:43,002 [f9d5cdb5-b3ac-43fe-9615-fae3d6058425@group-09E2C1BE57CB-LeaderElection6] INFO  impl.RaftServerImpl (RaftServerImpl.java:setRole(173)) - f9d5cdb5-b3ac-43fe-9615-fae3d6058425@group-09E2C1BE57CB: changes role from CANDIDATE to LEADER at term 1 for changeToLeader
2019-11-14 23:37:43,002 [f9d5cdb5-b3ac-43fe-9615-fae3d6058425@group-09E2C1BE57CB-LeaderElection6] INFO  ratis.XceiverServerRatis (XceiverServerRatis.java:handleLeaderChangedNotification(697)) - Leader change notification received for group: group-09E2C1BE57CB with new leaderId: f9d5cdb5-b3ac-43fe-9615-fae3d6058425
2019-11-14 23:37:43,002 [f9d5cdb5-b3ac-43fe-9615-fae3d6058425@group-09E2C1BE57CB-LeaderElection6] INFO  impl.RaftServerImpl (ServerState.java:setLeader(255)) - f9d5cdb5-b3ac-43fe-9615-fae3d6058425@group-09E2C1BE57CB: change Leader from null to f9d5cdb5-b3ac-43fe-9615-fae3d6058425 at term 1 for becomeLeader, leader elected after 5097ms
2019-11-14 23:37:43,003 [f9d5cdb5-b3ac-43fe-9615-fae3d6058425@group-09E2C1BE57CB-LeaderElection6] INFO  server.RaftServerConfigKeys (ConfUtils.java:logGet(43)) - raft.server.staging.catchup.gap = 1000 (default)
2019-11-14 23:37:43,003 [f9d5cdb5-b3ac-43fe-9615-fae3d6058425@group-09E2C1BE57CB-LeaderElection6] INFO  server.RaftServerConfigKeys (ConfUtils.java:logGet(43)) - raft.server.rpc.sleep.time = 25ms (default)
2019-11-14 23:37:43,003 [f9d5cdb5-b3ac-43fe-9615-fae3d6058425@group-09E2C1BE57CB-LeaderElection6] INFO  server.RaftServerConfigKeys (ConfUtils.java:logGet(43)) - raft.server.write.element-limit = 4096 (default)
2019-11-14 23:37:43,003 [f9d5cdb5-b3ac-43fe-9615-fae3d6058425@group-09E2C1BE57CB-LeaderElection6] INFO  server.RaftServerConfigKeys (ConfUtils.java:logGet(43)) - raft.server.watch.timeout = 10s (default)
2019-11-14 23:37:43,003 [f9d5cdb5-b3ac-43fe-9615-fae3d6058425@group-09E2C1BE57CB-LeaderElection6] INFO  server.RaftServerConfigKeys (ConfUtils.java:logGet(43)) - raft.server.watch.timeout.denomination = 1s (default)
2019-11-14 23:37:43,004 [f9d5cdb5-b3ac-43fe-9615-fae3d6058425@group-09E2C1BE57CB-LeaderElection6] INFO  server.RaftServerConfigKeys (ConfUtils.java:logGet(43)) - raft.server.watch.element-limit = 65536 (default)
2019-11-14 23:37:43,004 [f9d5cdb5-b3ac-43fe-9615-fae3d6058425@group-09E2C1BE57CB-LeaderElection6] INFO  server.RaftServerConfigKeys (ConfUtils.java:logGet(43)) - raft.server.log.appender.snapshot.chunk.size.max = 16MB (=16777216) (default)
2019-11-14 23:37:43,004 [f9d5cdb5-b3ac-43fe-9615-fae3d6058425@group-09E2C1BE57CB-LeaderElection6] INFO  server.RaftServerConfigKeys (ConfUtils.java:logGet(43)) - raft.server.log.appender.buffer.byte-limit = 33554432 (custom)
2019-11-14 23:37:43,004 [EventQueue-PipelineReportForPipelineReportHandler] INFO  pipeline.PipelineStateManager (PipelineStateManager.java:openPipeline(134)) - Pipeline Pipeline[ Id: 02bba543-6937-4011-93a2-09e2c1be57cb, Nodes: 7ed3e0d1-6b9f-472e-8f0f-f1c30a7e2ec2{ip: 192.168.164.210, host: pr-hdds-2448-del-container-qmj8s-3203767274, networkLocation: /default-rack, certSerialId: null}f9d5cdb5-b3ac-43fe-9615-fae3d6058425{ip: 192.168.164.210, host: pr-hdds-2448-del-container-qmj8s-3203767274, networkLocation: /default-rack, certSerialId: null}897108c5-f3e3-4027-9d47-6249c0da204d{ip: 192.168.164.210, host: pr-hdds-2448-del-container-qmj8s-3203767274, networkLocation: /default-rack, certSerialId: null}, Type:RATIS, Factor:THREE, State:OPEN] moved to OPEN state
2019-11-14 23:37:43,005 [f9d5cdb5-b3ac-43fe-9615-fae3d6058425@group-09E2C1BE57CB-LeaderElection6] INFO  server.RaftServerConfigKeys (ConfUtils.java:logGet(43)) - raft.server.log.appender.buffer.element-limit = 1 (custom)
2019-11-14 23:37:43,006 [f9d5cdb5-b3ac-43fe-9615-fae3d6058425@group-09E2C1BE57CB-LeaderElection6] INFO  grpc.GrpcConfigKeys$Server (ConfUtils.java:logGet(43)) - raft.grpc.server.leader.outstanding.appends.max = 128 (default)
2019-11-14 23:37:43,007 [f9d5cdb5-b3ac-43fe-9615-fae3d6058425@group-09E2C1BE57CB-LeaderElection6] INFO  server.RaftServerConfigKeys (ConfUtils.java:logGet(43)) - raft.server.rpc.request.timeout = 3000ms (default)
2019-11-14 23:37:43,007 [f9d5cdb5-b3ac-43fe-9615-fae3d6058425@group-09E2C1BE57CB-LeaderElection6] INFO  server.RaftServerConfigKeys (ConfUtils.java:logGet(43)) - raft.server.log.appender.install.snapshot.enabled = false (custom)
2019-11-14 23:37:43,008 [f9d5cdb5-b3ac-43fe-9615-fae3d6058425@group-09E2C1BE57CB-LeaderElection6] WARN  impl.MetricRegistriesImpl (MetricRegistriesImpl.java:lambda$create$1(61)) - First MetricRegistry has been created without registering reporters. You may need to call MetricRegistries.global().addReportRegistration(...) before.
2019-11-14 23:37:43,008 [f9d5cdb5-b3ac-43fe-9615-fae3d6058425@group-09E2C1BE57CB-LeaderElection6] INFO  server.RaftServerConfigKeys (ConfUtils.java:logGet(43)) - raft.server.log.appender.snapshot.chunk.size.max = 16MB (=16777216) (default)
2019-11-14 23:37:43,008 [f9d5cdb5-b3ac-43fe-9615-fae3d6058425@group-09E2C1BE57CB-LeaderElection6] INFO  server.RaftServerConfigKeys (ConfUtils.java:logGet(43)) - raft.server.log.appender.buffer.byte-limit = 33554432 (custom)
2019-11-14 23:37:43,008 [f9d5cdb5-b3ac-43fe-9615-fae3d6058425@group-09E2C1BE57CB-LeaderElection6] INFO  server.RaftServerConfigKeys (ConfUtils.java:logGet(43)) - raft.server.log.appender.buffer.element-limit = 1 (custom)
2019-11-14 23:37:43,008 [f9d5cdb5-b3ac-43fe-9615-fae3d6058425@group-09E2C1BE57CB-LeaderElection6] INFO  grpc.GrpcConfigKeys$Server (ConfUtils.java:logGet(43)) - raft.grpc.server.leader.outstanding.appends.max = 128 (default)
2019-11-14 23:37:43,009 [f9d5cdb5-b3ac-43fe-9615-fae3d6058425@group-09E2C1BE57CB-LeaderElection6] INFO  server.RaftServerConfigKeys (ConfUtils.java:logGet(43)) - raft.server.rpc.request.timeout = 3000ms (default)
2019-11-14 23:37:43,009 [f9d5cdb5-b3ac-43fe-9615-fae3d6058425@group-09E2C1BE57CB-LeaderElection6] INFO  server.RaftServerConfigKeys (ConfUtils.java:logGet(43)) - raft.server.log.appender.install.snapshot.enabled = false (custom)
2019-11-14 23:37:43,009 [f9d5cdb5-b3ac-43fe-9615-fae3d6058425@group-09E2C1BE57CB-LeaderElection6] INFO  impl.RoleInfo (RoleInfo.java:updateAndGet(143)) - f9d5cdb5-b3ac-43fe-9615-fae3d6058425: start LeaderState
2019-11-14 23:37:43,009 [f9d5cdb5-b3ac-43fe-9615-fae3d6058425@group-09E2C1BE57CB-LeaderElection6] INFO  segmented.SegmentedRaftLogWorker (SegmentedRaftLogWorker.java:startLogSegment(385)) - f9d5cdb5-b3ac-43fe-9615-fae3d6058425@group-09E2C1BE57CB-SegmentedRaftLogWorker: Starting segment from index:0
2019-11-14 23:37:43,011 [f9d5cdb5-b3ac-43fe-9615-fae3d6058425@group-09E2C1BE57CB-LeaderElection6] INFO  impl.RaftServerImpl (ServerState.java:setRaftConf(356)) - f9d5cdb5-b3ac-43fe-9615-fae3d6058425@group-09E2C1BE57CB: set configuration 0: [7ed3e0d1-6b9f-472e-8f0f-f1c30a7e2ec2:192.168.164.210:44223, f9d5cdb5-b3ac-43fe-9615-fae3d6058425:192.168.164.210:41795, 897108c5-f3e3-4027-9d47-6249c0da204d:192.168.164.210:39925], old=null at 0
2019-11-14 23:37:43,048 [grpc-default-executor-0] INFO  ratis.XceiverServerRatis (XceiverServerRatis.java:handleLeaderChangedNotification(697)) - Leader change notification received for group: group-09E2C1BE57CB with new leaderId: f9d5cdb5-b3ac-43fe-9615-fae3d6058425
2019-11-14 23:37:43,050 [grpc-default-executor-0] INFO  impl.RaftServerImpl (ServerState.java:setLeader(255)) - 7ed3e0d1-6b9f-472e-8f0f-f1c30a7e2ec2@group-09E2C1BE57CB: change Leader from null to f9d5cdb5-b3ac-43fe-9615-fae3d6058425 at term 1 for appendEntries, leader elected after 5144ms
2019-11-14 23:37:43,050 [grpc-default-executor-1] INFO  ratis.XceiverServerRatis (XceiverServerRatis.java:handleLeaderChangedNotification(697)) - Leader change notification received for group: group-09E2C1BE57CB with new leaderId: f9d5cdb5-b3ac-43fe-9615-fae3d6058425
2019-11-14 23:37:43,050 [grpc-default-executor-1] INFO  impl.RaftServerImpl (ServerState.java:setLeader(255)) - 897108c5-f3e3-4027-9d47-6249c0da204d@group-09E2C1BE57CB: change Leader from null to f9d5cdb5-b3ac-43fe-9615-fae3d6058425 at term 1 for appendEntries, leader elected after 5145ms
2019-11-14 23:37:43,055 [grpc-default-executor-1] INFO  impl.RaftServerImpl (ServerState.java:setRaftConf(356)) - 7ed3e0d1-6b9f-472e-8f0f-f1c30a7e2ec2@group-09E2C1BE57CB: set configuration 0: [7ed3e0d1-6b9f-472e-8f0f-f1c30a7e2ec2:192.168.164.210:44223, f9d5cdb5-b3ac-43fe-9615-fae3d6058425:192.168.164.210:41795, 897108c5-f3e3-4027-9d47-6249c0da204d:192.168.164.210:39925], old=null at 0
2019-11-14 23:37:43,055 [grpc-default-executor-1] INFO  segmented.SegmentedRaftLogWorker (SegmentedRaftLogWorker.java:startLogSegment(385)) - 7ed3e0d1-6b9f-472e-8f0f-f1c30a7e2ec2@group-09E2C1BE57CB-SegmentedRaftLogWorker: Starting segment from index:0
2019-11-14 23:37:43,055 [grpc-default-executor-0] INFO  impl.RaftServerImpl (ServerState.java:setRaftConf(356)) - 897108c5-f3e3-4027-9d47-6249c0da204d@group-09E2C1BE57CB: set configuration 0: [7ed3e0d1-6b9f-472e-8f0f-f1c30a7e2ec2:192.168.164.210:44223, f9d5cdb5-b3ac-43fe-9615-fae3d6058425:192.168.164.210:41795, 897108c5-f3e3-4027-9d47-6249c0da204d:192.168.164.210:39925], old=null at 0
2019-11-14 23:37:43,056 [grpc-default-executor-0] INFO  segmented.SegmentedRaftLogWorker (SegmentedRaftLogWorker.java:startLogSegment(385)) - 897108c5-f3e3-4027-9d47-6249c0da204d@group-09E2C1BE57CB-SegmentedRaftLogWorker: Starting segment from index:0
2019-11-14 23:37:43,058 [f9d5cdb5-b3ac-43fe-9615-fae3d6058425@group-09E2C1BE57CB-SegmentedRaftLogWorker] INFO  segmented.SegmentedRaftLogWorker (SegmentedRaftLogWorker.java:execute(576)) - f9d5cdb5-b3ac-43fe-9615-fae3d6058425@group-09E2C1BE57CB-SegmentedRaftLogWorker: created new log segment /workdir/hadoop-ozone/tools/target/test-dir/MiniOzoneClusterImpl-f07ab170-b58e-42a5-bef9-89b4902fcd0c/datanode-2/data/ratis/02bba543-6937-4011-93a2-09e2c1be57cb/current/log_inprogress_0
2019-11-14 23:37:43,098 [7ed3e0d1-6b9f-472e-8f0f-f1c30a7e2ec2@group-09E2C1BE57CB-SegmentedRaftLogWorker] INFO  segmented.SegmentedRaftLogWorker (SegmentedRaftLogWorker.java:execute(576)) - 7ed3e0d1-6b9f-472e-8f0f-f1c30a7e2ec2@group-09E2C1BE57CB-SegmentedRaftLogWorker: created new log segment /workdir/hadoop-ozone/tools/target/test-dir/MiniOzoneClusterImpl-f07ab170-b58e-42a5-bef9-89b4902fcd0c/datanode-0/data/ratis/02bba543-6937-4011-93a2-09e2c1be57cb/current/log_inprogress_0
2019-11-14 23:37:43,098 [897108c5-f3e3-4027-9d47-6249c0da204d@group-09E2C1BE57CB-SegmentedRaftLogWorker] INFO  segmented.SegmentedRaftLogWorker (SegmentedRaftLogWorker.java:execute(576)) - 897108c5-f3e3-4027-9d47-6249c0da204d@group-09E2C1BE57CB-SegmentedRaftLogWorker: created new log segment /workdir/hadoop-ozone/tools/target/test-dir/MiniOzoneClusterImpl-f07ab170-b58e-42a5-bef9-89b4902fcd0c/datanode-1/data/ratis/02bba543-6937-4011-93a2-09e2c1be57cb/current/log_inprogress_0
]]></system-out>
    <system-err><![CDATA[ERROR StatusLogger No Log4j 2 configuration file found. Using default configuration (logging only errors to the console), or user programmatically provided configurations. Set system property 'log4j2.debug' to show Log4j 2 internal initialization logging. See https://logging.apache.org/log4j/2.x/manual/configuration.html for instructions on how to configure Log4j 2
]]></system-err>
  </testcase>
</testsuite>