<?xml version="1.0" encoding="UTF-8"?>
<testsuite xmlns:xsi="http://www.w3.org/2001/XMLSchema-instance" xsi:noNamespaceSchemaLocation="https://maven.apache.org/surefire/maven-surefire-plugin/xsd/surefire-test-report.xsd" name="org.apache.hadoop.ozone.fsck.TestContainerMapper" time="34.651" tests="1" errors="1" skipped="0" failures="0">
  <properties>
    <property name="awt.toolkit" value="sun.awt.X11.XToolkit"/>
    <property name="file.encoding.pkg" value="sun.io"/>
    <property name="java.specification.version" value="1.8"/>
    <property name="sun.cpu.isalist" value=""/>
    <property name="sun.jnu.encoding" value="ANSI_X3.4-1968"/>
    <property name="java.class.path" value="/workdir/hadoop-ozone/tools/target/test-classes:/workdir/hadoop-ozone/tools/target/classes:/home/user/.m2/repository/org/apache/hadoop/hadoop-ozone-ozone-manager/0.5.0-SNAPSHOT/hadoop-ozone-ozone-manager-0.5.0-SNAPSHOT.jar:/home/user/.m2/repository/org/apache/hadoop/hadoop-hdds-docs/0.5.0-SNAPSHOT/hadoop-hdds-docs-0.5.0-SNAPSHOT.jar:/home/user/.m2/repository/org/bouncycastle/bcprov-jdk15on/1.60/bcprov-jdk15on-1.60.jar:/home/user/.m2/repository/org/apache/hadoop/hadoop-ozone-common/0.5.0-SNAPSHOT/hadoop-ozone-common-0.5.0-SNAPSHOT.jar:/home/user/.m2/repository/org/apache/commons/commons-compress/1.4.1/commons-compress-1.4.1.jar:/home/user/.m2/repository/org/tukaani/xz/1.0/xz-1.0.jar:/home/user/.m2/repository/org/apache/hadoop/hadoop-hdfs-client/3.2.0/hadoop-hdfs-client-3.2.0.jar:/home/user/.m2/repository/com/fasterxml/jackson/core/jackson-annotations/2.9.9/jackson-annotations-2.9.9.jar:/home/user/.m2/repository/org/apache/hadoop/hadoop-hdds-common/0.5.0-SNAPSHOT/hadoop-hdds-common-0.5.0-SNAPSHOT.jar:/home/user/.m2/repository/org/apache/hadoop/hadoop-hdds-config/0.5.0-SNAPSHOT/hadoop-hdds-config-0.5.0-SNAPSHOT.jar:/home/user/.m2/repository/javax/annotation/javax.annotation-api/1.2/javax.annotation-api-1.2.jar:/home/user/.m2/repository/org/apache/ratis/ratis-server/0.5.0-d6d58d0-SNAPSHOT/ratis-server-0.5.0-d6d58d0-SNAPSHOT.jar:/home/user/.m2/repository/org/apache/ratis/ratis-thirdparty-misc/0.2.0/ratis-thirdparty-misc-0.2.0.jar:/home/user/.m2/repository/org/apache/ratis/ratis-proto/0.5.0-d6d58d0-SNAPSHOT/ratis-proto-0.5.0-d6d58d0-SNAPSHOT.jar:/home/user/.m2/repository/org/apache/ratis/ratis-common/0.5.0-d6d58d0-SNAPSHOT/ratis-common-0.5.0-d6d58d0-SNAPSHOT.jar:/home/user/.m2/repository/org/apache/ratis/ratis-client/0.5.0-d6d58d0-SNAPSHOT/ratis-client-0.5.0-d6d58d0-SNAPSHOT.jar:/home/user/.m2/repository/org/apache/ratis/ratis-metrics/0.5.0-d6d58d0-SNAPSHOT/ratis-metrics-0.5.0-d6d58d0-SNAPSHOT.jar:/home/user/.m2/repository/org/apache/ratis/ratis-netty/0.5.0-d6d58d0-SNAPSHOT/ratis-netty-0.5.0-d6d58d0-SNAPSHOT.jar:/home/user/.m2/repository/org/apache/ratis/ratis-grpc/0.5.0-d6d58d0-SNAPSHOT/ratis-grpc-0.5.0-d6d58d0-SNAPSHOT.jar:/home/user/.m2/repository/org/rocksdb/rocksdbjni/6.0.1/rocksdbjni-6.0.1.jar:/home/user/.m2/repository/org/apache/logging/log4j/log4j-api/2.11.0/log4j-api-2.11.0.jar:/home/user/.m2/repository/org/apache/logging/log4j/log4j-core/2.11.0/log4j-core-2.11.0.jar:/home/user/.m2/repository/com/lmax/disruptor/3.4.2/disruptor-3.4.2.jar:/home/user/.m2/repository/org/apache/commons/commons-pool2/2.6.0/commons-pool2-2.6.0.jar:/home/user/.m2/repository/org/bouncycastle/bcpkix-jdk15on/1.60/bcpkix-jdk15on-1.60.jar:/home/user/.m2/repository/commons-validator/commons-validator/1.6/commons-validator-1.6.jar:/home/user/.m2/repository/commons-digester/commons-digester/1.8.1/commons-digester-1.8.1.jar:/home/user/.m2/repository/io/jaegertracing/jaeger-client/0.34.0/jaeger-client-0.34.0.jar:/home/user/.m2/repository/io/jaegertracing/jaeger-thrift/0.34.0/jaeger-thrift-0.34.0.jar:/home/user/.m2/repository/org/apache/thrift/libthrift/0.12.0/libthrift-0.12.0.jar:/home/user/.m2/repository/com/squareup/okhttp3/okhttp/3.9.0/okhttp-3.9.0.jar:/home/user/.m2/repository/com/squareup/okio/okio/1.13.0/okio-1.13.0.jar:/home/user/.m2/repository/io/jaegertracing/jaeger-core/0.34.0/jaeger-core-0.34.0.jar:/home/user/.m2/repository/io/jaegertracing/jaeger-tracerresolver/0.34.0/jaeger-tracerresolver-0.34.0.jar:/home/user/.m2/repository/io/opentracing/contrib/opentracing-tracerresolver/0.1.5/opentracing-tracerresolver-0.1.5.jar:/home/user/.m2/repository/io/opentracing/opentracing-util/0.31.0/opentracing-util-0.31.0.jar:/home/user/.m2/repository/io/opentracing/opentracing-api/0.31.0/opentracing-api-0.31.0.jar:/home/user/.m2/repository/io/opentracing/opentracing-noop/0.31.0/opentracing-noop-0.31.0.jar:/home/user/.m2/repository/org/yaml/snakeyaml/1.16/snakeyaml-1.16.jar:/home/user/.m2/repository/org/apache/hadoop/hadoop-hdds-container-service/0.5.0-SNAPSHOT/hadoop-hdds-container-service-0.5.0-SNAPSHOT.jar:/home/user/.m2/repository/org/apache/hadoop/hadoop-hdds-client/0.5.0-SNAPSHOT/hadoop-hdds-client-0.5.0-SNAPSHOT.jar:/home/user/.m2/repository/org/apache/hadoop/hadoop-hdds-tools/0.5.0-SNAPSHOT/hadoop-hdds-tools-0.5.0-SNAPSHOT.jar:/home/user/.m2/repository/org/xerial/sqlite-jdbc/3.25.2/sqlite-jdbc-3.25.2.jar:/home/user/.m2/repository/org/apache/hadoop/hadoop-hdds-server-scm/0.5.0-SNAPSHOT/hadoop-hdds-server-scm-0.5.0-SNAPSHOT.jar:/home/user/.m2/repository/org/hamcrest/hamcrest-all/1.3/hamcrest-all-1.3.jar:/home/user/.m2/repository/info/picocli/picocli/3.9.6/picocli-3.9.6.jar:/home/user/.m2/repository/com/google/protobuf/protobuf-java/2.5.0/protobuf-java-2.5.0.jar:/home/user/.m2/repository/com/google/guava/guava/11.0.2/guava-11.0.2.jar:/home/user/.m2/repository/org/apache/hadoop/hadoop-ozone-client/0.5.0-SNAPSHOT/hadoop-ozone-client-0.5.0-SNAPSHOT.jar:/workdir/hadoop-ozone/ozonefs/target/classes:/home/user/.m2/repository/org/apache/httpcomponents/httpclient/4.5.2/httpclient-4.5.2.jar:/home/user/.m2/repository/org/apache/httpcomponents/httpcore/4.4.4/httpcore-4.4.4.jar:/home/user/.m2/repository/org/apache/hadoop/hadoop-hdds-server-framework/0.5.0-SNAPSHOT/hadoop-hdds-server-framework-0.5.0-SNAPSHOT.jar:/home/user/.m2/repository/org/apache/hadoop/hadoop-common/3.2.0/hadoop-common-3.2.0.jar:/home/user/.m2/repository/org/apache/hadoop/hadoop-annotations/3.2.0/hadoop-annotations-3.2.0.jar:/usr/lib/jvm/java-1.8.0-openjdk-1.8.0.222.b10-1.el7_7.x86_64/jre/../lib/tools.jar:/home/user/.m2/repository/commons-cli/commons-cli/1.2/commons-cli-1.2.jar:/home/user/.m2/repository/org/apache/commons/commons-math3/3.1.1/commons-math3-3.1.1.jar:/home/user/.m2/repository/commons-codec/commons-codec/1.11/commons-codec-1.11.jar:/home/user/.m2/repository/commons-io/commons-io/2.5/commons-io-2.5.jar:/home/user/.m2/repository/commons-net/commons-net/3.6/commons-net-3.6.jar:/home/user/.m2/repository/commons-collections/commons-collections/3.2.2/commons-collections-3.2.2.jar:/home/user/.m2/repository/javax/servlet/javax.servlet-api/3.1.0/javax.servlet-api-3.1.0.jar:/home/user/.m2/repository/org/eclipse/jetty/jetty-server/9.3.25.v20180904/jetty-server-9.3.25.v20180904.jar:/home/user/.m2/repository/org/eclipse/jetty/jetty-http/9.3.25.v20180904/jetty-http-9.3.25.v20180904.jar:/home/user/.m2/repository/org/eclipse/jetty/jetty-io/9.3.25.v20180904/jetty-io-9.3.25.v20180904.jar:/home/user/.m2/repository/org/eclipse/jetty/jetty-util/9.3.25.v20180904/jetty-util-9.3.25.v20180904.jar:/home/user/.m2/repository/org/eclipse/jetty/jetty-servlet/9.3.25.v20180904/jetty-servlet-9.3.25.v20180904.jar:/home/user/.m2/repository/org/eclipse/jetty/jetty-security/9.3.25.v20180904/jetty-security-9.3.25.v20180904.jar:/home/user/.m2/repository/org/eclipse/jetty/jetty-webapp/9.3.25.v20180904/jetty-webapp-9.3.25.v20180904.jar:/home/user/.m2/repository/org/eclipse/jetty/jetty-xml/9.3.25.v20180904/jetty-xml-9.3.25.v20180904.jar:/home/user/.m2/repository/javax/servlet/jsp/jsp-api/2.1/jsp-api-2.1.jar:/home/user/.m2/repository/com/sun/jersey/jersey-core/1.19/jersey-core-1.19.jar:/home/user/.m2/repository/javax/ws/rs/jsr311-api/1.1.1/jsr311-api-1.1.1.jar:/home/user/.m2/repository/com/sun/jersey/jersey-servlet/1.19/jersey-servlet-1.19.jar:/home/user/.m2/repository/com/sun/jersey/jersey-json/1.19/jersey-json-1.19.jar:/home/user/.m2/repository/org/codehaus/jettison/jettison/1.1/jettison-1.1.jar:/home/user/.m2/repository/com/sun/xml/bind/jaxb-impl/2.3.0.1/jaxb-impl-2.3.0.1.jar:/home/user/.m2/repository/org/codehaus/jackson/jackson-core-asl/1.9.13/jackson-core-asl-1.9.13.jar:/home/user/.m2/repository/org/codehaus/jackson/jackson-mapper-asl/1.9.13/jackson-mapper-asl-1.9.13.jar:/home/user/.m2/repository/org/codehaus/jackson/jackson-jaxrs/1.9.13/jackson-jaxrs-1.9.13.jar:/home/user/.m2/repository/org/codehaus/jackson/jackson-xc/1.9.13/jackson-xc-1.9.13.jar:/home/user/.m2/repository/com/sun/jersey/jersey-server/1.19/jersey-server-1.19.jar:/home/user/.m2/repository/commons-logging/commons-logging/1.1.3/commons-logging-1.1.3.jar:/home/user/.m2/repository/log4j/log4j/1.2.17/log4j-1.2.17.jar:/home/user/.m2/repository/commons-beanutils/commons-beanutils/1.9.4/commons-beanutils-1.9.4.jar:/home/user/.m2/repository/org/apache/commons/commons-configuration2/2.1.1/commons-configuration2-2.1.1.jar:/home/user/.m2/repository/org/apache/commons/commons-lang3/3.7/commons-lang3-3.7.jar:/home/user/.m2/repository/org/apache/commons/commons-text/1.4/commons-text-1.4.jar:/home/user/.m2/repository/org/slf4j/slf4j-api/1.7.25/slf4j-api-1.7.25.jar:/home/user/.m2/repository/org/slf4j/slf4j-log4j12/1.7.25/slf4j-log4j12-1.7.25.jar:/home/user/.m2/repository/org/apache/avro/avro/1.7.7/avro-1.7.7.jar:/home/user/.m2/repository/com/thoughtworks/paranamer/paranamer/2.3/paranamer-2.3.jar:/home/user/.m2/repository/org/xerial/snappy/snappy-java/1.0.5/snappy-java-1.0.5.jar:/home/user/.m2/repository/com/google/re2j/re2j/1.1/re2j-1.1.jar:/home/user/.m2/repository/com/google/code/gson/gson/2.2.4/gson-2.2.4.jar:/home/user/.m2/repository/org/apache/hadoop/hadoop-auth/3.2.0/hadoop-auth-3.2.0.jar:/home/user/.m2/repository/com/nimbusds/nimbus-jose-jwt/4.41.1/nimbus-jose-jwt-4.41.1.jar:/home/user/.m2/repository/com/github/stephenc/jcip/jcip-annotations/1.0-1/jcip-annotations-1.0-1.jar:/home/user/.m2/repository/net/minidev/json-smart/2.3/json-smart-2.3.jar:/home/user/.m2/repository/net/minidev/accessors-smart/1.2/accessors-smart-1.2.jar:/home/user/.m2/repository/org/apache/curator/curator-framework/2.12.0/curator-framework-2.12.0.jar:/home/user/.m2/repository/com/jcraft/jsch/0.1.54/jsch-0.1.54.jar:/home/user/.m2/repository/org/apache/curator/curator-client/2.12.0/curator-client-2.12.0.jar:/home/user/.m2/repository/org/apache/curator/curator-recipes/2.12.0/curator-recipes-2.12.0.jar:/home/user/.m2/repository/com/google/code/findbugs/jsr305/3.0.0/jsr305-3.0.0.jar:/home/user/.m2/repository/org/apache/htrace/htrace-core4/4.1.0-incubating/htrace-core4-4.1.0-incubating.jar:/home/user/.m2/repository/org/apache/zookeeper/zookeeper/3.4.13/zookeeper-3.4.13.jar:/home/user/.m2/repository/jline/jline/0.9.94/jline-0.9.94.jar:/home/user/.m2/repository/org/apache/yetus/audience-annotations/0.5.0/audience-annotations-0.5.0.jar:/home/user/.m2/repository/org/apache/kerby/kerb-simplekdc/1.0.1/kerb-simplekdc-1.0.1.jar:/home/user/.m2/repository/org/apache/kerby/kerb-client/1.0.1/kerb-client-1.0.1.jar:/home/user/.m2/repository/org/apache/kerby/kerby-config/1.0.1/kerby-config-1.0.1.jar:/home/user/.m2/repository/org/apache/kerby/kerb-core/1.0.1/kerb-core-1.0.1.jar:/home/user/.m2/repository/org/apache/kerby/kerby-pkix/1.0.1/kerby-pkix-1.0.1.jar:/home/user/.m2/repository/org/apache/kerby/kerby-asn1/1.0.1/kerby-asn1-1.0.1.jar:/home/user/.m2/repository/org/apache/kerby/kerby-util/1.0.1/kerby-util-1.0.1.jar:/home/user/.m2/repository/org/apache/kerby/kerb-common/1.0.1/kerb-common-1.0.1.jar:/home/user/.m2/repository/org/apache/kerby/kerb-crypto/1.0.1/kerb-crypto-1.0.1.jar:/home/user/.m2/repository/org/apache/kerby/kerb-util/1.0.1/kerb-util-1.0.1.jar:/home/user/.m2/repository/org/apache/kerby/token-provider/1.0.1/token-provider-1.0.1.jar:/home/user/.m2/repository/org/apache/kerby/kerb-admin/1.0.1/kerb-admin-1.0.1.jar:/home/user/.m2/repository/org/apache/kerby/kerb-server/1.0.1/kerb-server-1.0.1.jar:/home/user/.m2/repository/org/apache/kerby/kerb-identity/1.0.1/kerb-identity-1.0.1.jar:/home/user/.m2/repository/org/apache/kerby/kerby-xdr/1.0.1/kerby-xdr-1.0.1.jar:/home/user/.m2/repository/com/fasterxml/jackson/core/jackson-databind/2.9.9/jackson-databind-2.9.9.jar:/home/user/.m2/repository/com/fasterxml/jackson/core/jackson-core/2.9.9/jackson-core-2.9.9.jar:/home/user/.m2/repository/org/codehaus/woodstox/stax2-api/3.1.4/stax2-api-3.1.4.jar:/home/user/.m2/repository/com/fasterxml/woodstox/woodstox-core/5.0.3/woodstox-core-5.0.3.jar:/home/user/.m2/repository/dnsjava/dnsjava/2.1.7/dnsjava-2.1.7.jar:/home/user/.m2/repository/org/apache/hadoop/hadoop-hdfs/3.2.0/hadoop-hdfs-3.2.0.jar:/home/user/.m2/repository/org/eclipse/jetty/jetty-util-ajax/9.3.25.v20180904/jetty-util-ajax-9.3.25.v20180904.jar:/home/user/.m2/repository/commons-daemon/commons-daemon/1.0.13/commons-daemon-1.0.13.jar:/home/user/.m2/repository/io/netty/netty/3.10.5.Final/netty-3.10.5.Final.jar:/home/user/.m2/repository/io/netty/netty-all/4.0.52.Final/netty-all-4.0.52.Final.jar:/home/user/.m2/repository/org/fusesource/leveldbjni/leveldbjni-all/1.8/leveldbjni-all-1.8.jar:/home/user/.m2/repository/com/sun/xml/bind/jaxb-core/2.3.0.1/jaxb-core-2.3.0.1.jar:/home/user/.m2/repository/javax/xml/bind/jaxb-api/2.3.0/jaxb-api-2.3.0.jar:/home/user/.m2/repository/javax/activation/activation/1.1.1/activation-1.1.1.jar:/home/user/.m2/repository/org/openjdk/jmh/jmh-core/1.19/jmh-core-1.19.jar:/home/user/.m2/repository/net/sf/jopt-simple/jopt-simple/4.6/jopt-simple-4.6.jar:/home/user/.m2/repository/org/openjdk/jmh/jmh-generator-annprocess/1.19/jmh-generator-annprocess-1.19.jar:/home/user/.m2/repository/io/dropwizard/metrics/metrics-core/3.2.4/metrics-core-3.2.4.jar:/home/user/.m2/repository/com/amazonaws/aws-java-sdk-s3/1.11.615/aws-java-sdk-s3-1.11.615.jar:/home/user/.m2/repository/com/amazonaws/aws-java-sdk-kms/1.11.615/aws-java-sdk-kms-1.11.615.jar:/home/user/.m2/repository/com/amazonaws/aws-java-sdk-core/1.11.615/aws-java-sdk-core-1.11.615.jar:/home/user/.m2/repository/software/amazon/ion/ion-java/1.0.2/ion-java-1.0.2.jar:/home/user/.m2/repository/com/fasterxml/jackson/dataformat/jackson-dataformat-cbor/2.9.9/jackson-dataformat-cbor-2.9.9.jar:/home/user/.m2/repository/joda-time/joda-time/2.9.9/joda-time-2.9.9.jar:/home/user/.m2/repository/com/amazonaws/jmespath-java/1.11.615/jmespath-java-1.11.615.jar:/home/user/.m2/repository/com/github/spotbugs/spotbugs/3.1.12/spotbugs-3.1.12.jar:/home/user/.m2/repository/org/ow2/asm/asm/5.0.4/asm-5.0.4.jar:/home/user/.m2/repository/org/ow2/asm/asm-analysis/7.0/asm-analysis-7.0.jar:/home/user/.m2/repository/org/ow2/asm/asm-commons/7.0/asm-commons-7.0.jar:/home/user/.m2/repository/org/ow2/asm/asm-tree/7.0/asm-tree-7.0.jar:/home/user/.m2/repository/org/ow2/asm/asm-util/7.0/asm-util-7.0.jar:/home/user/.m2/repository/org/apache/bcel/bcel/6.3/bcel-6.3.jar:/home/user/.m2/repository/net/jcip/jcip-annotations/1.0/jcip-annotations-1.0.jar:/home/user/.m2/repository/org/dom4j/dom4j/2.1.1/dom4j-2.1.1.jar:/home/user/.m2/repository/jaxen/jaxen/1.1.6/jaxen-1.1.6.jar:/home/user/.m2/repository/commons-lang/commons-lang/2.6/commons-lang-2.6.jar:/home/user/.m2/repository/com/github/spotbugs/spotbugs-annotations/3.1.12/spotbugs-annotations-3.1.12.jar:/home/user/.m2/repository/junit/junit/4.11/junit-4.11.jar:/home/user/.m2/repository/org/hamcrest/hamcrest-core/1.3/hamcrest-core-1.3.jar:/home/user/.m2/repository/org/apache/hadoop/hadoop-common/3.2.0/hadoop-common-3.2.0-tests.jar:/workdir/hadoop-ozone/integration-test/target/test-classes:/home/user/.m2/repository/org/apache/hadoop/hadoop-ozone-s3gateway/0.5.0-SNAPSHOT/hadoop-ozone-s3gateway-0.5.0-SNAPSHOT.jar:/home/user/.m2/repository/org/jboss/weld/servlet/weld-servlet/2.4.7.Final/weld-servlet-2.4.7.Final.jar:/home/user/.m2/repository/org/glassfish/jersey/containers/jersey-container-servlet-core/2.27/jersey-container-servlet-core-2.27.jar:/home/user/.m2/repository/org/glassfish/hk2/external/javax.inject/2.5.0-b42/javax.inject-2.5.0-b42.jar:/home/user/.m2/repository/org/glassfish/jersey/core/jersey-common/2.27/jersey-common-2.27.jar:/home/user/.m2/repository/org/glassfish/hk2/osgi-resource-locator/1.0.1/osgi-resource-locator-1.0.1.jar:/home/user/.m2/repository/javax/ws/rs/javax.ws.rs-api/2.1/javax.ws.rs-api-2.1.jar:/home/user/.m2/repository/org/glassfish/jersey/ext/cdi/jersey-cdi1x/2.27/jersey-cdi1x-2.27.jar:/home/user/.m2/repository/org/glassfish/jersey/inject/jersey-hk2/2.27/jersey-hk2-2.27.jar:/home/user/.m2/repository/org/glassfish/hk2/hk2-locator/2.5.0-b42/hk2-locator-2.5.0-b42.jar:/home/user/.m2/repository/org/javassist/javassist/3.22.0-CR2/javassist-3.22.0-CR2.jar:/home/user/.m2/repository/org/glassfish/hk2/hk2-api/2.5.0/hk2-api-2.5.0.jar:/home/user/.m2/repository/org/glassfish/hk2/external/jakarta.inject/2.5.0/jakarta.inject-2.5.0.jar:/home/user/.m2/repository/org/glassfish/hk2/hk2-utils/2.5.0/hk2-utils-2.5.0.jar:/home/user/.m2/repository/jakarta/annotation/jakarta.annotation-api/1.3.4/jakarta.annotation-api-1.3.4.jar:/home/user/.m2/repository/org/glassfish/hk2/external/aopalliance-repackaged/2.5.0/aopalliance-repackaged-2.5.0.jar:/home/user/.m2/repository/com/fasterxml/jackson/dataformat/jackson-dataformat-xml/2.9.0/jackson-dataformat-xml-2.9.0.jar:/home/user/.m2/repository/com/fasterxml/jackson/module/jackson-module-jaxb-annotations/2.9.9/jackson-module-jaxb-annotations-2.9.9.jar:/home/user/.m2/repository/javax/enterprise/cdi-api/1.2/cdi-api-1.2.jar:/home/user/.m2/repository/javax/el/javax.el-api/3.0.0/javax.el-api-3.0.0.jar:/home/user/.m2/repository/javax/interceptor/javax.interceptor-api/1.2/javax.interceptor-api-1.2.jar:/home/user/.m2/repository/javax/inject/javax.inject/1/javax.inject-1.jar:/home/user/.m2/repository/org/apache/hadoop/hadoop-ozone-csi/0.5.0-SNAPSHOT/hadoop-ozone-csi-0.5.0-SNAPSHOT.jar:/home/user/.m2/repository/com/google/protobuf/protobuf-java-util/3.5.1/protobuf-java-util-3.5.1.jar:/home/user/.m2/repository/io/grpc/grpc-netty/1.17.1/grpc-netty-1.17.1.jar:/home/user/.m2/repository/io/grpc/grpc-core/1.17.1/grpc-core-1.17.1.jar:/home/user/.m2/repository/io/grpc/grpc-context/1.17.1/grpc-context-1.17.1.jar:/home/user/.m2/repository/com/google/errorprone/error_prone_annotations/2.2.0/error_prone_annotations-2.2.0.jar:/home/user/.m2/repository/org/codehaus/mojo/animal-sniffer-annotations/1.17/animal-sniffer-annotations-1.17.jar:/home/user/.m2/repository/io/opencensus/opencensus-api/0.17.0/opencensus-api-0.17.0.jar:/home/user/.m2/repository/io/opencensus/opencensus-contrib-grpc-metrics/0.17.0/opencensus-contrib-grpc-metrics-0.17.0.jar:/home/user/.m2/repository/io/netty/netty-codec-http2/4.1.30.Final/netty-codec-http2-4.1.30.Final.jar:/home/user/.m2/repository/io/netty/netty-codec-http/4.1.30.Final/netty-codec-http-4.1.30.Final.jar:/home/user/.m2/repository/io/netty/netty-codec/4.1.30.Final/netty-codec-4.1.30.Final.jar:/home/user/.m2/repository/io/netty/netty-handler/4.1.30.Final/netty-handler-4.1.30.Final.jar:/home/user/.m2/repository/io/netty/netty-handler-proxy/4.1.30.Final/netty-handler-proxy-4.1.30.Final.jar:/home/user/.m2/repository/io/netty/netty-codec-socks/4.1.30.Final/netty-codec-socks-4.1.30.Final.jar:/home/user/.m2/repository/io/netty/netty-transport-native-epoll/4.1.30.Final/netty-transport-native-epoll-4.1.30.Final.jar:/home/user/.m2/repository/io/netty/netty-common/4.1.30.Final/netty-common-4.1.30.Final.jar:/home/user/.m2/repository/io/netty/netty-buffer/4.1.30.Final/netty-buffer-4.1.30.Final.jar:/home/user/.m2/repository/io/netty/netty-transport/4.1.30.Final/netty-transport-4.1.30.Final.jar:/home/user/.m2/repository/io/netty/netty-resolver/4.1.30.Final/netty-resolver-4.1.30.Final.jar:/home/user/.m2/repository/io/netty/netty-transport-native-unix-common/4.1.30.Final/netty-transport-native-unix-common-4.1.30.Final.jar:/home/user/.m2/repository/io/grpc/grpc-protobuf/1.17.1/grpc-protobuf-1.17.1.jar:/home/user/.m2/repository/com/google/api/grpc/proto-google-common-protos/1.0.0/proto-google-common-protos-1.0.0.jar:/home/user/.m2/repository/io/grpc/grpc-protobuf-lite/1.17.1/grpc-protobuf-lite-1.17.1.jar:/home/user/.m2/repository/io/grpc/grpc-stub/1.17.1/grpc-stub-1.17.1.jar:/home/user/.m2/repository/org/apache/hadoop/hadoop-ozone-recon/0.5.0-SNAPSHOT/hadoop-ozone-recon-0.5.0-SNAPSHOT.jar:/home/user/.m2/repository/org/apache/hadoop/hadoop-ozone-reconcodegen/0.5.0-SNAPSHOT/hadoop-ozone-reconcodegen-0.5.0-SNAPSHOT.jar:/home/user/.m2/repository/com/google/inject/extensions/guice-multibindings/4.0/guice-multibindings-4.0.jar:/home/user/.m2/repository/com/google/inject/guice/4.0/guice-4.0.jar:/home/user/.m2/repository/aopalliance/aopalliance/1.0/aopalliance-1.0.jar:/home/user/.m2/repository/com/google/inject/extensions/guice-servlet/4.0/guice-servlet-4.0.jar:/home/user/.m2/repository/org/glassfish/jersey/containers/jersey-container-servlet/2.27/jersey-container-servlet-2.27.jar:/home/user/.m2/repository/org/glassfish/hk2/guice-bridge/2.5.0/guice-bridge-2.5.0.jar:/home/user/.m2/repository/org/glassfish/jersey/core/jersey-server/2.27/jersey-server-2.27.jar:/home/user/.m2/repository/org/glassfish/jersey/core/jersey-client/2.27/jersey-client-2.27.jar:/home/user/.m2/repository/org/glassfish/jersey/media/jersey-media-jaxb/2.27/jersey-media-jaxb-2.27.jar:/home/user/.m2/repository/javax/validation/validation-api/1.1.0.Final/validation-api-1.1.0.Final.jar:/home/user/.m2/repository/org/glassfish/jersey/media/jersey-media-json-jackson/2.27/jersey-media-json-jackson-2.27.jar:/home/user/.m2/repository/org/glassfish/jersey/ext/jersey-entity-filtering/2.27/jersey-entity-filtering-2.27.jar:/home/user/.m2/repository/com/google/inject/extensions/guice-assistedinject/4.0/guice-assistedinject-4.0.jar:/home/user/.m2/repository/org/jooq/jooq/3.11.10/jooq-3.11.10.jar:/home/user/.m2/repository/org/jooq/jooq-meta/3.11.10/jooq-meta-3.11.10.jar:/home/user/.m2/repository/org/jooq/jooq-codegen/3.11.10/jooq-codegen-3.11.10.jar:/home/user/.m2/repository/com/jolbox/bonecp/0.8.0.RELEASE/bonecp-0.8.0.RELEASE.jar:/home/user/.m2/repository/org/springframework/spring-jdbc/5.1.3.RELEASE/spring-jdbc-5.1.3.RELEASE.jar:/home/user/.m2/repository/org/springframework/spring-beans/5.1.3.RELEASE/spring-beans-5.1.3.RELEASE.jar:/home/user/.m2/repository/org/springframework/spring-core/5.1.3.RELEASE/spring-core-5.1.3.RELEASE.jar:/home/user/.m2/repository/org/springframework/spring-jcl/5.1.3.RELEASE/spring-jcl-5.1.3.RELEASE.jar:/home/user/.m2/repository/org/springframework/spring-tx/5.1.3.RELEASE/spring-tx-5.1.3.RELEASE.jar:/home/user/.m2/repository/org/mockito/mockito-core/2.15.0/mockito-core-2.15.0.jar:/home/user/.m2/repository/net/bytebuddy/byte-buddy/1.7.9/byte-buddy-1.7.9.jar:/home/user/.m2/repository/net/bytebuddy/byte-buddy-agent/1.7.9/byte-buddy-agent-1.7.9.jar:/home/user/.m2/repository/org/objenesis/objenesis/1.0/objenesis-1.0.jar:"/>
    <property name="java.vm.vendor" value="Oracle Corporation"/>
    <property name="sun.arch.data.model" value="64"/>
    <property name="test.build.dir" value="/workdir/hadoop-ozone/tools/target/test-dir"/>
    <property name="test.cache.data" value=""/>
    <property name="java.vendor.url" value="http://java.oracle.com/"/>
    <property name="user.timezone" value=""/>
    <property name="java.vm.specification.version" value="1.8"/>
    <property name="os.name" value="Linux"/>
    <property name="test.build.data" value="/workdir/hadoop-ozone/tools/target/test-dir"/>
    <property name="user.country" value="US"/>
    <property name="sun.java.launcher" value="SUN_STANDARD"/>
    <property name="sun.boot.library.path" value="/usr/lib/jvm/java-1.8.0-openjdk-1.8.0.222.b10-1.el7_7.x86_64/jre/lib/amd64"/>
    <property name="sun.java.command" value="/workdir/hadoop-ozone/tools/target/surefire/surefirebooter5749298222815067192.jar /workdir/hadoop-ozone/tools/target/surefire 2019-11-17T01-43-02_785-jvmRun1 surefire886529193375795015tmp surefire_985301370962428815732tmp"/>
    <property name="surefire.test.class.path" value="/workdir/hadoop-ozone/tools/target/test-classes:/workdir/hadoop-ozone/tools/target/classes:/home/user/.m2/repository/org/apache/hadoop/hadoop-ozone-ozone-manager/0.5.0-SNAPSHOT/hadoop-ozone-ozone-manager-0.5.0-SNAPSHOT.jar:/home/user/.m2/repository/org/apache/hadoop/hadoop-hdds-docs/0.5.0-SNAPSHOT/hadoop-hdds-docs-0.5.0-SNAPSHOT.jar:/home/user/.m2/repository/org/bouncycastle/bcprov-jdk15on/1.60/bcprov-jdk15on-1.60.jar:/home/user/.m2/repository/org/apache/hadoop/hadoop-ozone-common/0.5.0-SNAPSHOT/hadoop-ozone-common-0.5.0-SNAPSHOT.jar:/home/user/.m2/repository/org/apache/commons/commons-compress/1.4.1/commons-compress-1.4.1.jar:/home/user/.m2/repository/org/tukaani/xz/1.0/xz-1.0.jar:/home/user/.m2/repository/org/apache/hadoop/hadoop-hdfs-client/3.2.0/hadoop-hdfs-client-3.2.0.jar:/home/user/.m2/repository/com/fasterxml/jackson/core/jackson-annotations/2.9.9/jackson-annotations-2.9.9.jar:/home/user/.m2/repository/org/apache/hadoop/hadoop-hdds-common/0.5.0-SNAPSHOT/hadoop-hdds-common-0.5.0-SNAPSHOT.jar:/home/user/.m2/repository/org/apache/hadoop/hadoop-hdds-config/0.5.0-SNAPSHOT/hadoop-hdds-config-0.5.0-SNAPSHOT.jar:/home/user/.m2/repository/javax/annotation/javax.annotation-api/1.2/javax.annotation-api-1.2.jar:/home/user/.m2/repository/org/apache/ratis/ratis-server/0.5.0-d6d58d0-SNAPSHOT/ratis-server-0.5.0-d6d58d0-SNAPSHOT.jar:/home/user/.m2/repository/org/apache/ratis/ratis-thirdparty-misc/0.2.0/ratis-thirdparty-misc-0.2.0.jar:/home/user/.m2/repository/org/apache/ratis/ratis-proto/0.5.0-d6d58d0-SNAPSHOT/ratis-proto-0.5.0-d6d58d0-SNAPSHOT.jar:/home/user/.m2/repository/org/apache/ratis/ratis-common/0.5.0-d6d58d0-SNAPSHOT/ratis-common-0.5.0-d6d58d0-SNAPSHOT.jar:/home/user/.m2/repository/org/apache/ratis/ratis-client/0.5.0-d6d58d0-SNAPSHOT/ratis-client-0.5.0-d6d58d0-SNAPSHOT.jar:/home/user/.m2/repository/org/apache/ratis/ratis-metrics/0.5.0-d6d58d0-SNAPSHOT/ratis-metrics-0.5.0-d6d58d0-SNAPSHOT.jar:/home/user/.m2/repository/org/apache/ratis/ratis-netty/0.5.0-d6d58d0-SNAPSHOT/ratis-netty-0.5.0-d6d58d0-SNAPSHOT.jar:/home/user/.m2/repository/org/apache/ratis/ratis-grpc/0.5.0-d6d58d0-SNAPSHOT/ratis-grpc-0.5.0-d6d58d0-SNAPSHOT.jar:/home/user/.m2/repository/org/rocksdb/rocksdbjni/6.0.1/rocksdbjni-6.0.1.jar:/home/user/.m2/repository/org/apache/logging/log4j/log4j-api/2.11.0/log4j-api-2.11.0.jar:/home/user/.m2/repository/org/apache/logging/log4j/log4j-core/2.11.0/log4j-core-2.11.0.jar:/home/user/.m2/repository/com/lmax/disruptor/3.4.2/disruptor-3.4.2.jar:/home/user/.m2/repository/org/apache/commons/commons-pool2/2.6.0/commons-pool2-2.6.0.jar:/home/user/.m2/repository/org/bouncycastle/bcpkix-jdk15on/1.60/bcpkix-jdk15on-1.60.jar:/home/user/.m2/repository/commons-validator/commons-validator/1.6/commons-validator-1.6.jar:/home/user/.m2/repository/commons-digester/commons-digester/1.8.1/commons-digester-1.8.1.jar:/home/user/.m2/repository/io/jaegertracing/jaeger-client/0.34.0/jaeger-client-0.34.0.jar:/home/user/.m2/repository/io/jaegertracing/jaeger-thrift/0.34.0/jaeger-thrift-0.34.0.jar:/home/user/.m2/repository/org/apache/thrift/libthrift/0.12.0/libthrift-0.12.0.jar:/home/user/.m2/repository/com/squareup/okhttp3/okhttp/3.9.0/okhttp-3.9.0.jar:/home/user/.m2/repository/com/squareup/okio/okio/1.13.0/okio-1.13.0.jar:/home/user/.m2/repository/io/jaegertracing/jaeger-core/0.34.0/jaeger-core-0.34.0.jar:/home/user/.m2/repository/io/jaegertracing/jaeger-tracerresolver/0.34.0/jaeger-tracerresolver-0.34.0.jar:/home/user/.m2/repository/io/opentracing/contrib/opentracing-tracerresolver/0.1.5/opentracing-tracerresolver-0.1.5.jar:/home/user/.m2/repository/io/opentracing/opentracing-util/0.31.0/opentracing-util-0.31.0.jar:/home/user/.m2/repository/io/opentracing/opentracing-api/0.31.0/opentracing-api-0.31.0.jar:/home/user/.m2/repository/io/opentracing/opentracing-noop/0.31.0/opentracing-noop-0.31.0.jar:/home/user/.m2/repository/org/yaml/snakeyaml/1.16/snakeyaml-1.16.jar:/home/user/.m2/repository/org/apache/hadoop/hadoop-hdds-container-service/0.5.0-SNAPSHOT/hadoop-hdds-container-service-0.5.0-SNAPSHOT.jar:/home/user/.m2/repository/org/apache/hadoop/hadoop-hdds-client/0.5.0-SNAPSHOT/hadoop-hdds-client-0.5.0-SNAPSHOT.jar:/home/user/.m2/repository/org/apache/hadoop/hadoop-hdds-tools/0.5.0-SNAPSHOT/hadoop-hdds-tools-0.5.0-SNAPSHOT.jar:/home/user/.m2/repository/org/xerial/sqlite-jdbc/3.25.2/sqlite-jdbc-3.25.2.jar:/home/user/.m2/repository/org/apache/hadoop/hadoop-hdds-server-scm/0.5.0-SNAPSHOT/hadoop-hdds-server-scm-0.5.0-SNAPSHOT.jar:/home/user/.m2/repository/org/hamcrest/hamcrest-all/1.3/hamcrest-all-1.3.jar:/home/user/.m2/repository/info/picocli/picocli/3.9.6/picocli-3.9.6.jar:/home/user/.m2/repository/com/google/protobuf/protobuf-java/2.5.0/protobuf-java-2.5.0.jar:/home/user/.m2/repository/com/google/guava/guava/11.0.2/guava-11.0.2.jar:/home/user/.m2/repository/org/apache/hadoop/hadoop-ozone-client/0.5.0-SNAPSHOT/hadoop-ozone-client-0.5.0-SNAPSHOT.jar:/workdir/hadoop-ozone/ozonefs/target/classes:/home/user/.m2/repository/org/apache/httpcomponents/httpclient/4.5.2/httpclient-4.5.2.jar:/home/user/.m2/repository/org/apache/httpcomponents/httpcore/4.4.4/httpcore-4.4.4.jar:/home/user/.m2/repository/org/apache/hadoop/hadoop-hdds-server-framework/0.5.0-SNAPSHOT/hadoop-hdds-server-framework-0.5.0-SNAPSHOT.jar:/home/user/.m2/repository/org/apache/hadoop/hadoop-common/3.2.0/hadoop-common-3.2.0.jar:/home/user/.m2/repository/org/apache/hadoop/hadoop-annotations/3.2.0/hadoop-annotations-3.2.0.jar:/usr/lib/jvm/java-1.8.0-openjdk-1.8.0.222.b10-1.el7_7.x86_64/jre/../lib/tools.jar:/home/user/.m2/repository/commons-cli/commons-cli/1.2/commons-cli-1.2.jar:/home/user/.m2/repository/org/apache/commons/commons-math3/3.1.1/commons-math3-3.1.1.jar:/home/user/.m2/repository/commons-codec/commons-codec/1.11/commons-codec-1.11.jar:/home/user/.m2/repository/commons-io/commons-io/2.5/commons-io-2.5.jar:/home/user/.m2/repository/commons-net/commons-net/3.6/commons-net-3.6.jar:/home/user/.m2/repository/commons-collections/commons-collections/3.2.2/commons-collections-3.2.2.jar:/home/user/.m2/repository/javax/servlet/javax.servlet-api/3.1.0/javax.servlet-api-3.1.0.jar:/home/user/.m2/repository/org/eclipse/jetty/jetty-server/9.3.25.v20180904/jetty-server-9.3.25.v20180904.jar:/home/user/.m2/repository/org/eclipse/jetty/jetty-http/9.3.25.v20180904/jetty-http-9.3.25.v20180904.jar:/home/user/.m2/repository/org/eclipse/jetty/jetty-io/9.3.25.v20180904/jetty-io-9.3.25.v20180904.jar:/home/user/.m2/repository/org/eclipse/jetty/jetty-util/9.3.25.v20180904/jetty-util-9.3.25.v20180904.jar:/home/user/.m2/repository/org/eclipse/jetty/jetty-servlet/9.3.25.v20180904/jetty-servlet-9.3.25.v20180904.jar:/home/user/.m2/repository/org/eclipse/jetty/jetty-security/9.3.25.v20180904/jetty-security-9.3.25.v20180904.jar:/home/user/.m2/repository/org/eclipse/jetty/jetty-webapp/9.3.25.v20180904/jetty-webapp-9.3.25.v20180904.jar:/home/user/.m2/repository/org/eclipse/jetty/jetty-xml/9.3.25.v20180904/jetty-xml-9.3.25.v20180904.jar:/home/user/.m2/repository/javax/servlet/jsp/jsp-api/2.1/jsp-api-2.1.jar:/home/user/.m2/repository/com/sun/jersey/jersey-core/1.19/jersey-core-1.19.jar:/home/user/.m2/repository/javax/ws/rs/jsr311-api/1.1.1/jsr311-api-1.1.1.jar:/home/user/.m2/repository/com/sun/jersey/jersey-servlet/1.19/jersey-servlet-1.19.jar:/home/user/.m2/repository/com/sun/jersey/jersey-json/1.19/jersey-json-1.19.jar:/home/user/.m2/repository/org/codehaus/jettison/jettison/1.1/jettison-1.1.jar:/home/user/.m2/repository/com/sun/xml/bind/jaxb-impl/2.3.0.1/jaxb-impl-2.3.0.1.jar:/home/user/.m2/repository/org/codehaus/jackson/jackson-core-asl/1.9.13/jackson-core-asl-1.9.13.jar:/home/user/.m2/repository/org/codehaus/jackson/jackson-mapper-asl/1.9.13/jackson-mapper-asl-1.9.13.jar:/home/user/.m2/repository/org/codehaus/jackson/jackson-jaxrs/1.9.13/jackson-jaxrs-1.9.13.jar:/home/user/.m2/repository/org/codehaus/jackson/jackson-xc/1.9.13/jackson-xc-1.9.13.jar:/home/user/.m2/repository/com/sun/jersey/jersey-server/1.19/jersey-server-1.19.jar:/home/user/.m2/repository/commons-logging/commons-logging/1.1.3/commons-logging-1.1.3.jar:/home/user/.m2/repository/log4j/log4j/1.2.17/log4j-1.2.17.jar:/home/user/.m2/repository/commons-beanutils/commons-beanutils/1.9.4/commons-beanutils-1.9.4.jar:/home/user/.m2/repository/org/apache/commons/commons-configuration2/2.1.1/commons-configuration2-2.1.1.jar:/home/user/.m2/repository/org/apache/commons/commons-lang3/3.7/commons-lang3-3.7.jar:/home/user/.m2/repository/org/apache/commons/commons-text/1.4/commons-text-1.4.jar:/home/user/.m2/repository/org/slf4j/slf4j-api/1.7.25/slf4j-api-1.7.25.jar:/home/user/.m2/repository/org/slf4j/slf4j-log4j12/1.7.25/slf4j-log4j12-1.7.25.jar:/home/user/.m2/repository/org/apache/avro/avro/1.7.7/avro-1.7.7.jar:/home/user/.m2/repository/com/thoughtworks/paranamer/paranamer/2.3/paranamer-2.3.jar:/home/user/.m2/repository/org/xerial/snappy/snappy-java/1.0.5/snappy-java-1.0.5.jar:/home/user/.m2/repository/com/google/re2j/re2j/1.1/re2j-1.1.jar:/home/user/.m2/repository/com/google/code/gson/gson/2.2.4/gson-2.2.4.jar:/home/user/.m2/repository/org/apache/hadoop/hadoop-auth/3.2.0/hadoop-auth-3.2.0.jar:/home/user/.m2/repository/com/nimbusds/nimbus-jose-jwt/4.41.1/nimbus-jose-jwt-4.41.1.jar:/home/user/.m2/repository/com/github/stephenc/jcip/jcip-annotations/1.0-1/jcip-annotations-1.0-1.jar:/home/user/.m2/repository/net/minidev/json-smart/2.3/json-smart-2.3.jar:/home/user/.m2/repository/net/minidev/accessors-smart/1.2/accessors-smart-1.2.jar:/home/user/.m2/repository/org/apache/curator/curator-framework/2.12.0/curator-framework-2.12.0.jar:/home/user/.m2/repository/com/jcraft/jsch/0.1.54/jsch-0.1.54.jar:/home/user/.m2/repository/org/apache/curator/curator-client/2.12.0/curator-client-2.12.0.jar:/home/user/.m2/repository/org/apache/curator/curator-recipes/2.12.0/curator-recipes-2.12.0.jar:/home/user/.m2/repository/com/google/code/findbugs/jsr305/3.0.0/jsr305-3.0.0.jar:/home/user/.m2/repository/org/apache/htrace/htrace-core4/4.1.0-incubating/htrace-core4-4.1.0-incubating.jar:/home/user/.m2/repository/org/apache/zookeeper/zookeeper/3.4.13/zookeeper-3.4.13.jar:/home/user/.m2/repository/jline/jline/0.9.94/jline-0.9.94.jar:/home/user/.m2/repository/org/apache/yetus/audience-annotations/0.5.0/audience-annotations-0.5.0.jar:/home/user/.m2/repository/org/apache/kerby/kerb-simplekdc/1.0.1/kerb-simplekdc-1.0.1.jar:/home/user/.m2/repository/org/apache/kerby/kerb-client/1.0.1/kerb-client-1.0.1.jar:/home/user/.m2/repository/org/apache/kerby/kerby-config/1.0.1/kerby-config-1.0.1.jar:/home/user/.m2/repository/org/apache/kerby/kerb-core/1.0.1/kerb-core-1.0.1.jar:/home/user/.m2/repository/org/apache/kerby/kerby-pkix/1.0.1/kerby-pkix-1.0.1.jar:/home/user/.m2/repository/org/apache/kerby/kerby-asn1/1.0.1/kerby-asn1-1.0.1.jar:/home/user/.m2/repository/org/apache/kerby/kerby-util/1.0.1/kerby-util-1.0.1.jar:/home/user/.m2/repository/org/apache/kerby/kerb-common/1.0.1/kerb-common-1.0.1.jar:/home/user/.m2/repository/org/apache/kerby/kerb-crypto/1.0.1/kerb-crypto-1.0.1.jar:/home/user/.m2/repository/org/apache/kerby/kerb-util/1.0.1/kerb-util-1.0.1.jar:/home/user/.m2/repository/org/apache/kerby/token-provider/1.0.1/token-provider-1.0.1.jar:/home/user/.m2/repository/org/apache/kerby/kerb-admin/1.0.1/kerb-admin-1.0.1.jar:/home/user/.m2/repository/org/apache/kerby/kerb-server/1.0.1/kerb-server-1.0.1.jar:/home/user/.m2/repository/org/apache/kerby/kerb-identity/1.0.1/kerb-identity-1.0.1.jar:/home/user/.m2/repository/org/apache/kerby/kerby-xdr/1.0.1/kerby-xdr-1.0.1.jar:/home/user/.m2/repository/com/fasterxml/jackson/core/jackson-databind/2.9.9/jackson-databind-2.9.9.jar:/home/user/.m2/repository/com/fasterxml/jackson/core/jackson-core/2.9.9/jackson-core-2.9.9.jar:/home/user/.m2/repository/org/codehaus/woodstox/stax2-api/3.1.4/stax2-api-3.1.4.jar:/home/user/.m2/repository/com/fasterxml/woodstox/woodstox-core/5.0.3/woodstox-core-5.0.3.jar:/home/user/.m2/repository/dnsjava/dnsjava/2.1.7/dnsjava-2.1.7.jar:/home/user/.m2/repository/org/apache/hadoop/hadoop-hdfs/3.2.0/hadoop-hdfs-3.2.0.jar:/home/user/.m2/repository/org/eclipse/jetty/jetty-util-ajax/9.3.25.v20180904/jetty-util-ajax-9.3.25.v20180904.jar:/home/user/.m2/repository/commons-daemon/commons-daemon/1.0.13/commons-daemon-1.0.13.jar:/home/user/.m2/repository/io/netty/netty/3.10.5.Final/netty-3.10.5.Final.jar:/home/user/.m2/repository/io/netty/netty-all/4.0.52.Final/netty-all-4.0.52.Final.jar:/home/user/.m2/repository/org/fusesource/leveldbjni/leveldbjni-all/1.8/leveldbjni-all-1.8.jar:/home/user/.m2/repository/com/sun/xml/bind/jaxb-core/2.3.0.1/jaxb-core-2.3.0.1.jar:/home/user/.m2/repository/javax/xml/bind/jaxb-api/2.3.0/jaxb-api-2.3.0.jar:/home/user/.m2/repository/javax/activation/activation/1.1.1/activation-1.1.1.jar:/home/user/.m2/repository/org/openjdk/jmh/jmh-core/1.19/jmh-core-1.19.jar:/home/user/.m2/repository/net/sf/jopt-simple/jopt-simple/4.6/jopt-simple-4.6.jar:/home/user/.m2/repository/org/openjdk/jmh/jmh-generator-annprocess/1.19/jmh-generator-annprocess-1.19.jar:/home/user/.m2/repository/io/dropwizard/metrics/metrics-core/3.2.4/metrics-core-3.2.4.jar:/home/user/.m2/repository/com/amazonaws/aws-java-sdk-s3/1.11.615/aws-java-sdk-s3-1.11.615.jar:/home/user/.m2/repository/com/amazonaws/aws-java-sdk-kms/1.11.615/aws-java-sdk-kms-1.11.615.jar:/home/user/.m2/repository/com/amazonaws/aws-java-sdk-core/1.11.615/aws-java-sdk-core-1.11.615.jar:/home/user/.m2/repository/software/amazon/ion/ion-java/1.0.2/ion-java-1.0.2.jar:/home/user/.m2/repository/com/fasterxml/jackson/dataformat/jackson-dataformat-cbor/2.9.9/jackson-dataformat-cbor-2.9.9.jar:/home/user/.m2/repository/joda-time/joda-time/2.9.9/joda-time-2.9.9.jar:/home/user/.m2/repository/com/amazonaws/jmespath-java/1.11.615/jmespath-java-1.11.615.jar:/home/user/.m2/repository/com/github/spotbugs/spotbugs/3.1.12/spotbugs-3.1.12.jar:/home/user/.m2/repository/org/ow2/asm/asm/5.0.4/asm-5.0.4.jar:/home/user/.m2/repository/org/ow2/asm/asm-analysis/7.0/asm-analysis-7.0.jar:/home/user/.m2/repository/org/ow2/asm/asm-commons/7.0/asm-commons-7.0.jar:/home/user/.m2/repository/org/ow2/asm/asm-tree/7.0/asm-tree-7.0.jar:/home/user/.m2/repository/org/ow2/asm/asm-util/7.0/asm-util-7.0.jar:/home/user/.m2/repository/org/apache/bcel/bcel/6.3/bcel-6.3.jar:/home/user/.m2/repository/net/jcip/jcip-annotations/1.0/jcip-annotations-1.0.jar:/home/user/.m2/repository/org/dom4j/dom4j/2.1.1/dom4j-2.1.1.jar:/home/user/.m2/repository/jaxen/jaxen/1.1.6/jaxen-1.1.6.jar:/home/user/.m2/repository/commons-lang/commons-lang/2.6/commons-lang-2.6.jar:/home/user/.m2/repository/com/github/spotbugs/spotbugs-annotations/3.1.12/spotbugs-annotations-3.1.12.jar:/home/user/.m2/repository/junit/junit/4.11/junit-4.11.jar:/home/user/.m2/repository/org/hamcrest/hamcrest-core/1.3/hamcrest-core-1.3.jar:/home/user/.m2/repository/org/apache/hadoop/hadoop-common/3.2.0/hadoop-common-3.2.0-tests.jar:/workdir/hadoop-ozone/integration-test/target/test-classes:/home/user/.m2/repository/org/apache/hadoop/hadoop-ozone-s3gateway/0.5.0-SNAPSHOT/hadoop-ozone-s3gateway-0.5.0-SNAPSHOT.jar:/home/user/.m2/repository/org/jboss/weld/servlet/weld-servlet/2.4.7.Final/weld-servlet-2.4.7.Final.jar:/home/user/.m2/repository/org/glassfish/jersey/containers/jersey-container-servlet-core/2.27/jersey-container-servlet-core-2.27.jar:/home/user/.m2/repository/org/glassfish/hk2/external/javax.inject/2.5.0-b42/javax.inject-2.5.0-b42.jar:/home/user/.m2/repository/org/glassfish/jersey/core/jersey-common/2.27/jersey-common-2.27.jar:/home/user/.m2/repository/org/glassfish/hk2/osgi-resource-locator/1.0.1/osgi-resource-locator-1.0.1.jar:/home/user/.m2/repository/javax/ws/rs/javax.ws.rs-api/2.1/javax.ws.rs-api-2.1.jar:/home/user/.m2/repository/org/glassfish/jersey/ext/cdi/jersey-cdi1x/2.27/jersey-cdi1x-2.27.jar:/home/user/.m2/repository/org/glassfish/jersey/inject/jersey-hk2/2.27/jersey-hk2-2.27.jar:/home/user/.m2/repository/org/glassfish/hk2/hk2-locator/2.5.0-b42/hk2-locator-2.5.0-b42.jar:/home/user/.m2/repository/org/javassist/javassist/3.22.0-CR2/javassist-3.22.0-CR2.jar:/home/user/.m2/repository/org/glassfish/hk2/hk2-api/2.5.0/hk2-api-2.5.0.jar:/home/user/.m2/repository/org/glassfish/hk2/external/jakarta.inject/2.5.0/jakarta.inject-2.5.0.jar:/home/user/.m2/repository/org/glassfish/hk2/hk2-utils/2.5.0/hk2-utils-2.5.0.jar:/home/user/.m2/repository/jakarta/annotation/jakarta.annotation-api/1.3.4/jakarta.annotation-api-1.3.4.jar:/home/user/.m2/repository/org/glassfish/hk2/external/aopalliance-repackaged/2.5.0/aopalliance-repackaged-2.5.0.jar:/home/user/.m2/repository/com/fasterxml/jackson/dataformat/jackson-dataformat-xml/2.9.0/jackson-dataformat-xml-2.9.0.jar:/home/user/.m2/repository/com/fasterxml/jackson/module/jackson-module-jaxb-annotations/2.9.9/jackson-module-jaxb-annotations-2.9.9.jar:/home/user/.m2/repository/javax/enterprise/cdi-api/1.2/cdi-api-1.2.jar:/home/user/.m2/repository/javax/el/javax.el-api/3.0.0/javax.el-api-3.0.0.jar:/home/user/.m2/repository/javax/interceptor/javax.interceptor-api/1.2/javax.interceptor-api-1.2.jar:/home/user/.m2/repository/javax/inject/javax.inject/1/javax.inject-1.jar:/home/user/.m2/repository/org/apache/hadoop/hadoop-ozone-csi/0.5.0-SNAPSHOT/hadoop-ozone-csi-0.5.0-SNAPSHOT.jar:/home/user/.m2/repository/com/google/protobuf/protobuf-java-util/3.5.1/protobuf-java-util-3.5.1.jar:/home/user/.m2/repository/io/grpc/grpc-netty/1.17.1/grpc-netty-1.17.1.jar:/home/user/.m2/repository/io/grpc/grpc-core/1.17.1/grpc-core-1.17.1.jar:/home/user/.m2/repository/io/grpc/grpc-context/1.17.1/grpc-context-1.17.1.jar:/home/user/.m2/repository/com/google/errorprone/error_prone_annotations/2.2.0/error_prone_annotations-2.2.0.jar:/home/user/.m2/repository/org/codehaus/mojo/animal-sniffer-annotations/1.17/animal-sniffer-annotations-1.17.jar:/home/user/.m2/repository/io/opencensus/opencensus-api/0.17.0/opencensus-api-0.17.0.jar:/home/user/.m2/repository/io/opencensus/opencensus-contrib-grpc-metrics/0.17.0/opencensus-contrib-grpc-metrics-0.17.0.jar:/home/user/.m2/repository/io/netty/netty-codec-http2/4.1.30.Final/netty-codec-http2-4.1.30.Final.jar:/home/user/.m2/repository/io/netty/netty-codec-http/4.1.30.Final/netty-codec-http-4.1.30.Final.jar:/home/user/.m2/repository/io/netty/netty-codec/4.1.30.Final/netty-codec-4.1.30.Final.jar:/home/user/.m2/repository/io/netty/netty-handler/4.1.30.Final/netty-handler-4.1.30.Final.jar:/home/user/.m2/repository/io/netty/netty-handler-proxy/4.1.30.Final/netty-handler-proxy-4.1.30.Final.jar:/home/user/.m2/repository/io/netty/netty-codec-socks/4.1.30.Final/netty-codec-socks-4.1.30.Final.jar:/home/user/.m2/repository/io/netty/netty-transport-native-epoll/4.1.30.Final/netty-transport-native-epoll-4.1.30.Final.jar:/home/user/.m2/repository/io/netty/netty-common/4.1.30.Final/netty-common-4.1.30.Final.jar:/home/user/.m2/repository/io/netty/netty-buffer/4.1.30.Final/netty-buffer-4.1.30.Final.jar:/home/user/.m2/repository/io/netty/netty-transport/4.1.30.Final/netty-transport-4.1.30.Final.jar:/home/user/.m2/repository/io/netty/netty-resolver/4.1.30.Final/netty-resolver-4.1.30.Final.jar:/home/user/.m2/repository/io/netty/netty-transport-native-unix-common/4.1.30.Final/netty-transport-native-unix-common-4.1.30.Final.jar:/home/user/.m2/repository/io/grpc/grpc-protobuf/1.17.1/grpc-protobuf-1.17.1.jar:/home/user/.m2/repository/com/google/api/grpc/proto-google-common-protos/1.0.0/proto-google-common-protos-1.0.0.jar:/home/user/.m2/repository/io/grpc/grpc-protobuf-lite/1.17.1/grpc-protobuf-lite-1.17.1.jar:/home/user/.m2/repository/io/grpc/grpc-stub/1.17.1/grpc-stub-1.17.1.jar:/home/user/.m2/repository/org/apache/hadoop/hadoop-ozone-recon/0.5.0-SNAPSHOT/hadoop-ozone-recon-0.5.0-SNAPSHOT.jar:/home/user/.m2/repository/org/apache/hadoop/hadoop-ozone-reconcodegen/0.5.0-SNAPSHOT/hadoop-ozone-reconcodegen-0.5.0-SNAPSHOT.jar:/home/user/.m2/repository/com/google/inject/extensions/guice-multibindings/4.0/guice-multibindings-4.0.jar:/home/user/.m2/repository/com/google/inject/guice/4.0/guice-4.0.jar:/home/user/.m2/repository/aopalliance/aopalliance/1.0/aopalliance-1.0.jar:/home/user/.m2/repository/com/google/inject/extensions/guice-servlet/4.0/guice-servlet-4.0.jar:/home/user/.m2/repository/org/glassfish/jersey/containers/jersey-container-servlet/2.27/jersey-container-servlet-2.27.jar:/home/user/.m2/repository/org/glassfish/hk2/guice-bridge/2.5.0/guice-bridge-2.5.0.jar:/home/user/.m2/repository/org/glassfish/jersey/core/jersey-server/2.27/jersey-server-2.27.jar:/home/user/.m2/repository/org/glassfish/jersey/core/jersey-client/2.27/jersey-client-2.27.jar:/home/user/.m2/repository/org/glassfish/jersey/media/jersey-media-jaxb/2.27/jersey-media-jaxb-2.27.jar:/home/user/.m2/repository/javax/validation/validation-api/1.1.0.Final/validation-api-1.1.0.Final.jar:/home/user/.m2/repository/org/glassfish/jersey/media/jersey-media-json-jackson/2.27/jersey-media-json-jackson-2.27.jar:/home/user/.m2/repository/org/glassfish/jersey/ext/jersey-entity-filtering/2.27/jersey-entity-filtering-2.27.jar:/home/user/.m2/repository/com/google/inject/extensions/guice-assistedinject/4.0/guice-assistedinject-4.0.jar:/home/user/.m2/repository/org/jooq/jooq/3.11.10/jooq-3.11.10.jar:/home/user/.m2/repository/org/jooq/jooq-meta/3.11.10/jooq-meta-3.11.10.jar:/home/user/.m2/repository/org/jooq/jooq-codegen/3.11.10/jooq-codegen-3.11.10.jar:/home/user/.m2/repository/com/jolbox/bonecp/0.8.0.RELEASE/bonecp-0.8.0.RELEASE.jar:/home/user/.m2/repository/org/springframework/spring-jdbc/5.1.3.RELEASE/spring-jdbc-5.1.3.RELEASE.jar:/home/user/.m2/repository/org/springframework/spring-beans/5.1.3.RELEASE/spring-beans-5.1.3.RELEASE.jar:/home/user/.m2/repository/org/springframework/spring-core/5.1.3.RELEASE/spring-core-5.1.3.RELEASE.jar:/home/user/.m2/repository/org/springframework/spring-jcl/5.1.3.RELEASE/spring-jcl-5.1.3.RELEASE.jar:/home/user/.m2/repository/org/springframework/spring-tx/5.1.3.RELEASE/spring-tx-5.1.3.RELEASE.jar:/home/user/.m2/repository/org/mockito/mockito-core/2.15.0/mockito-core-2.15.0.jar:/home/user/.m2/repository/net/bytebuddy/byte-buddy/1.7.9/byte-buddy-1.7.9.jar:/home/user/.m2/repository/net/bytebuddy/byte-buddy-agent/1.7.9/byte-buddy-agent-1.7.9.jar:/home/user/.m2/repository/org/objenesis/objenesis/1.0/objenesis-1.0.jar:"/>
    <property name="sun.cpu.endian" value="little"/>
    <property name="user.home" value="/home/user"/>
    <property name="user.language" value="en"/>
    <property name="java.specification.vendor" value="Oracle Corporation"/>
    <property name="java.home" value="/usr/lib/jvm/java-1.8.0-openjdk-1.8.0.222.b10-1.el7_7.x86_64/jre"/>
    <property name="surefire.excludesFile" value="/tools/ozone-bad-unit-tests"/>
    <property name="java.security.krb5.conf" value="/workdir/hadoop-ozone/tools/target/test-classes/krb5.conf"/>
    <property name="basedir" value="/workdir/hadoop-ozone/tools"/>
    <property name="file.separator" value="/"/>
    <property name="line.separator" value="&#10;"/>
    <property name="java.vm.specification.vendor" value="Oracle Corporation"/>
    <property name="java.specification.name" value="Java Platform API Specification"/>
    <property name="java.awt.graphicsenv" value="sun.awt.X11GraphicsEnvironment"/>
    <property name="surefire.real.class.path" value="/workdir/hadoop-ozone/tools/target/surefire/surefirebooter5749298222815067192.jar"/>
    <property name="hadoop.log.dir" value="/workdir/hadoop-ozone/tools/target/log"/>
    <property name="sun.boot.class.path" value="/usr/lib/jvm/java-1.8.0-openjdk-1.8.0.222.b10-1.el7_7.x86_64/jre/lib/resources.jar:/usr/lib/jvm/java-1.8.0-openjdk-1.8.0.222.b10-1.el7_7.x86_64/jre/lib/rt.jar:/usr/lib/jvm/java-1.8.0-openjdk-1.8.0.222.b10-1.el7_7.x86_64/jre/lib/sunrsasign.jar:/usr/lib/jvm/java-1.8.0-openjdk-1.8.0.222.b10-1.el7_7.x86_64/jre/lib/jsse.jar:/usr/lib/jvm/java-1.8.0-openjdk-1.8.0.222.b10-1.el7_7.x86_64/jre/lib/jce.jar:/usr/lib/jvm/java-1.8.0-openjdk-1.8.0.222.b10-1.el7_7.x86_64/jre/lib/charsets.jar:/usr/lib/jvm/java-1.8.0-openjdk-1.8.0.222.b10-1.el7_7.x86_64/jre/lib/jfr.jar:/usr/lib/jvm/java-1.8.0-openjdk-1.8.0.222.b10-1.el7_7.x86_64/jre/classes"/>
    <property name="sun.management.compiler" value="HotSpot 64-Bit Tiered Compilers"/>
    <property name="java.runtime.version" value="1.8.0_222-b10"/>
    <property name="java.net.preferIPv4Stack" value="true"/>
    <property name="user.name" value="jenkins1000"/>
    <property name="path.separator" value=":"/>
    <property name="java.security.egd" value="file:///dev/urandom"/>
    <property name="os.version" value="3.10.0-957.12.2.el7.x86_64"/>
    <property name="java.endorsed.dirs" value="/usr/lib/jvm/java-1.8.0-openjdk-1.8.0.222.b10-1.el7_7.x86_64/jre/lib/endorsed"/>
    <property name="java.runtime.name" value="OpenJDK Runtime Environment"/>
    <property name="file.encoding" value="ANSI_X3.4-1968"/>
    <property name="java.vm.name" value="OpenJDK 64-Bit Server VM"/>
    <property name="test.build.webapps" value=""/>
    <property name="localRepository" value="/home/user/.m2/repository"/>
    <property name="java.vendor.url.bug" value="http://bugreport.sun.com/bugreport/"/>
    <property name="java.io.tmpdir" value="/tmp"/>
    <property name="require.test.libhadoop" value=""/>
    <property name="java.version" value="1.8.0_222"/>
    <property name="user.dir" value="/workdir/hadoop-ozone/tools"/>
    <property name="os.arch" value="amd64"/>
    <property name="java.vm.specification.name" value="Java Virtual Machine Specification"/>
    <property name="test.build.classes" value="/workdir/hadoop-ozone/tools/target/test-classes"/>
    <property name="java.awt.printerjob" value="sun.print.PSPrinterJob"/>
    <property name="sun.os.patch.level" value="unknown"/>
    <property name="hadoop.tmp.dir" value="/workdir/hadoop-ozone/tools/target/tmp"/>
    <property name="java.library.path" value="/usr/lib:/workdir/hadoop-ozone/tools/target/native/target/usr/local/lib:/workdir/hadoop-ozone/tools/../../hadoop-common-project/hadoop-common/target/native/target/usr/local/lib:/usr/java/packages/lib/amd64:/usr/lib64:/lib64:/lib:/usr/lib"/>
    <property name="java.vm.info" value="mixed mode"/>
    <property name="java.vendor" value="Oracle Corporation"/>
    <property name="java.vm.version" value="25.222-b10"/>
    <property name="java.ext.dirs" value="/usr/lib/jvm/java-1.8.0-openjdk-1.8.0.222.b10-1.el7_7.x86_64/jre/lib/ext:/usr/java/packages/lib/ext"/>
    <property name="sun.io.unicode.encoding" value="UnicodeLittle"/>
    <property name="java.class.version" value="52.0"/>
  </properties>
  <testcase name="org.apache.hadoop.ozone.fsck.TestContainerMapper" classname="org.apache.hadoop.ozone.fsck.TestContainerMapper" time="34.651">
    <error type="java.lang.IllegalArgumentException">java.lang.IllegalArgumentException
	at com.google.common.base.Preconditions.checkArgument(Preconditions.java:72)
	at org.apache.hadoop.hdds.scm.storage.BufferPool.releaseBuffer(BufferPool.java:97)
	at org.apache.hadoop.hdds.scm.storage.CommitWatcher.releaseBuffers(CommitWatcher.java:106)
	at org.apache.hadoop.hdds.scm.storage.CommitWatcher.adjustBuffers(CommitWatcher.java:174)
	at org.apache.hadoop.hdds.scm.storage.CommitWatcher.watchForCommit(CommitWatcher.java:204)
	at org.apache.hadoop.hdds.scm.storage.CommitWatcher.watchOnFirstIndex(CommitWatcher.java:137)
	at org.apache.hadoop.hdds.scm.storage.BlockOutputStream.watchForCommit(BlockOutputStream.java:347)
	at org.apache.hadoop.hdds.scm.storage.BlockOutputStream.handleFullBuffer(BlockOutputStream.java:324)
	at org.apache.hadoop.hdds.scm.storage.BlockOutputStream.write(BlockOutputStream.java:251)
	at org.apache.hadoop.ozone.client.io.BlockOutputStreamEntry.write(BlockOutputStreamEntry.java:129)
	at org.apache.hadoop.ozone.client.io.KeyOutputStream.handleWrite(KeyOutputStream.java:208)
	at org.apache.hadoop.ozone.client.io.KeyOutputStream.write(KeyOutputStream.java:190)
	at org.apache.hadoop.ozone.client.io.OzoneOutputStream.write(OzoneOutputStream.java:49)
	at org.apache.hadoop.ozone.fsck.TestContainerMapper.init(TestContainerMapper.java:89)
	at sun.reflect.NativeMethodAccessorImpl.invoke0(Native Method)
	at sun.reflect.NativeMethodAccessorImpl.invoke(NativeMethodAccessorImpl.java:62)
	at sun.reflect.DelegatingMethodAccessorImpl.invoke(DelegatingMethodAccessorImpl.java:43)
	at java.lang.reflect.Method.invoke(Method.java:498)
	at org.junit.runners.model.FrameworkMethod$1.runReflectiveCall(FrameworkMethod.java:47)
	at org.junit.internal.runners.model.ReflectiveCallable.run(ReflectiveCallable.java:12)
	at org.junit.runners.model.FrameworkMethod.invokeExplosively(FrameworkMethod.java:44)
	at org.junit.internal.runners.statements.RunBefores.evaluate(RunBefores.java:24)
	at org.junit.internal.runners.statements.RunAfters.evaluate(RunAfters.java:27)
	at org.junit.runners.ParentRunner.run(ParentRunner.java:309)
	at org.apache.maven.surefire.junit4.JUnit4Provider.execute(JUnit4Provider.java:365)
	at org.apache.maven.surefire.junit4.JUnit4Provider.executeWithRerun(JUnit4Provider.java:273)
	at org.apache.maven.surefire.junit4.JUnit4Provider.executeTestSet(JUnit4Provider.java:238)
	at org.apache.maven.surefire.junit4.JUnit4Provider.invoke(JUnit4Provider.java:159)
	at org.apache.maven.surefire.booter.ForkedBooter.invokeProviderInSameClassLoader(ForkedBooter.java:384)
	at org.apache.maven.surefire.booter.ForkedBooter.runSuitesInProcess(ForkedBooter.java:345)
	at org.apache.maven.surefire.booter.ForkedBooter.execute(ForkedBooter.java:126)
	at org.apache.maven.surefire.booter.ForkedBooter.main(ForkedBooter.java:418)
</error>
    <system-out><![CDATA[2019-11-17 03:23:56,185 [main] WARN  server.ServerUtils (ServerUtils.java:getScmDbDir(145)) - ozone.scm.db.dirs is not configured. We recommend adding this setting. Falling back to ozone.metadata.dirs instead.
2019-11-17 03:23:56,261 [main] WARN  server.ServerUtils (ServerUtils.java:getScmDbDir(145)) - ozone.scm.db.dirs is not configured. We recommend adding this setting. Falling back to ozone.metadata.dirs instead.
2019-11-17 03:23:56,263 [main] WARN  server.ServerUtils (ServerUtils.java:getScmDbDir(145)) - ozone.scm.db.dirs is not configured. We recommend adding this setting. Falling back to ozone.metadata.dirs instead.
2019-11-17 03:23:56,287 [main] INFO  util.log (Log.java:initialized(192)) - Logging initialized @764ms
2019-11-17 03:23:56,363 [main] INFO  db.DBStoreBuilder (DBStoreBuilder.java:addTable(127)) - using custom profile for table: deletedBlocks
2019-11-17 03:23:56,363 [main] INFO  db.DBStoreBuilder (DBStoreBuilder.java:processTables(183)) - Using default column profile:DBProfile.DISK for Table:deletedBlocks
2019-11-17 03:23:56,363 [main] INFO  db.DBStoreBuilder (DBStoreBuilder.java:addTable(127)) - using custom profile for table: validCerts
2019-11-17 03:23:56,363 [main] INFO  db.DBStoreBuilder (DBStoreBuilder.java:processTables(183)) - Using default column profile:DBProfile.DISK for Table:validCerts
2019-11-17 03:23:56,364 [main] INFO  db.DBStoreBuilder (DBStoreBuilder.java:addTable(127)) - using custom profile for table: revokedCerts
2019-11-17 03:23:56,364 [main] INFO  db.DBStoreBuilder (DBStoreBuilder.java:processTables(183)) - Using default column profile:DBProfile.DISK for Table:revokedCerts
2019-11-17 03:23:56,373 [main] INFO  db.DBStoreBuilder (DBStoreBuilder.java:addTable(127)) - using custom profile for table: default
2019-11-17 03:23:56,373 [main] INFO  db.DBStoreBuilder (DBStoreBuilder.java:processTables(189)) - Using default column profile:DBProfile.DISK for Table:default
2019-11-17 03:23:56,374 [main] INFO  db.DBStoreBuilder (DBStoreBuilder.java:getDbProfile(220)) - Using default options. DBProfile.DISK
2019-11-17 03:23:56,615 [main] INFO  net.NodeSchemaLoader (NodeSchemaLoader.java:loadSchemaFromFile(125)) - Loading file from sun.misc.CompoundEnumeration@6a6cb05c
2019-11-17 03:23:56,616 [main] INFO  net.NodeSchemaLoader (NodeSchemaLoader.java:loadSchema(171)) - Loading network topology layer schema file
2019-11-17 03:23:56,661 [main] WARN  server.ServerUtils (ServerUtils.java:sanitizeUserArgs(70)) - ozone.scm.stale.node.interval value = 300000 is larger than max = 100000 based on the key value of ozone.scm.heartbeat.thread.interval, reset to the max value 100000.
2019-11-17 03:23:56,662 [main] WARN  server.ServerUtils (ServerUtils.java:sanitizeUserArgs(70)) - ozone.scm.stale.node.interval value = 300000 is larger than max = 100000 based on the key value of ozone.scm.heartbeat.thread.interval, reset to the max value 100000.
2019-11-17 03:23:56,664 [main] INFO  node.SCMNodeManager (SCMNodeManager.java:<init>(116)) - Entering startup safe mode.
2019-11-17 03:23:56,712 [main] INFO  algorithms.ContainerPlacementPolicyFactory (ContainerPlacementPolicyFactory.java:getPolicy(57)) - Create container placement policy of type org.apache.hadoop.hdds.scm.container.placement.algorithms.SCMContainerPlacementRandom
2019-11-17 03:23:56,726 [main] WARN  server.ServerUtils (ServerUtils.java:getScmDbDir(145)) - ozone.scm.db.dirs is not configured. We recommend adding this setting. Falling back to ozone.metadata.dirs instead.
2019-11-17 03:23:56,810 [main] INFO  pipeline.SCMPipelineManager (SCMPipelineManager.java:initializePipelineState(136)) - No pipeline exists in current db
2019-11-17 03:23:56,812 [main] WARN  server.ServerUtils (ServerUtils.java:getScmDbDir(145)) - ozone.scm.db.dirs is not configured. We recommend adding this setting. Falling back to ozone.metadata.dirs instead.
2019-11-17 03:23:56,910 [main] INFO  safemode.HealthyPipelineSafeModeRule (HealthyPipelineSafeModeRule.java:<init>(92)) -  Total pipeline count is 0, healthy pipeline threshold count is 1
2019-11-17 03:23:56,913 [main] INFO  safemode.OneReplicaPipelineSafeModeRule (OneReplicaPipelineSafeModeRule.java:<init>(79)) - Total pipeline count is 0, pipeline's with at least one datanode reported threshold count is 0
2019-11-17 03:23:56,914 [main] WARN  events.EventQueue (EventQueue.java:fireEvent(183)) - No event handler registered for event TypedEvent{payloadType=SafeModeStatus, name='SafeModeStatus'}
2019-11-17 03:23:57,202 [main] INFO  ipc.CallQueueManager (CallQueueManager.java:<init>(84)) - Using callQueue: class java.util.concurrent.LinkedBlockingQueue, queueCapacity: 2000, scheduler: class org.apache.hadoop.ipc.DefaultRpcScheduler, ipcBackoff: false.
2019-11-17 03:23:57,358 [Socket Reader #1 for port 39439] INFO  ipc.Server (Server.java:run(1074)) - Starting Socket Reader #1 for port 39439
2019-11-17 03:23:57,396 [main] INFO  ipc.CallQueueManager (CallQueueManager.java:<init>(84)) - Using callQueue: class java.util.concurrent.LinkedBlockingQueue, queueCapacity: 2000, scheduler: class org.apache.hadoop.ipc.DefaultRpcScheduler, ipcBackoff: false.
2019-11-17 03:23:57,397 [Socket Reader #1 for port 36424] INFO  ipc.Server (Server.java:run(1074)) - Starting Socket Reader #1 for port 36424
2019-11-17 03:23:57,407 [main] INFO  ipc.CallQueueManager (CallQueueManager.java:<init>(84)) - Using callQueue: class java.util.concurrent.LinkedBlockingQueue, queueCapacity: 2000, scheduler: class org.apache.hadoop.ipc.DefaultRpcScheduler, ipcBackoff: false.
2019-11-17 03:23:57,408 [Socket Reader #1 for port 38705] INFO  ipc.Server (Server.java:run(1074)) - Starting Socket Reader #1 for port 38705
2019-11-17 03:23:57,438 [main] INFO  hdfs.DFSUtil (DFSUtil.java:httpServerTemplateForNNAndJN(1641)) - Starting Web-server for scm at: http://0.0.0.0:0
2019-11-17 03:23:57,583 [main] INFO  server.AuthenticationFilter (AuthenticationFilter.java:constructSecretProvider(240)) - Unable to initialize FileSignerSecretProvider, falling back to use random secrets.
2019-11-17 03:23:57,598 [main] WARN  http.HttpRequestLog (HttpRequestLog.java:getRequestLog(97)) - Jetty request log can only be enabled using Log4j
2019-11-17 03:23:57,606 [main] INFO  http.HttpServer2 (HttpServer2.java:addGlobalFilter(975)) - Added global filter 'safety' (class=org.apache.hadoop.http.HttpServer2$QuotingInputFilter)
2019-11-17 03:23:57,609 [main] INFO  http.HttpServer2 (HttpServer2.java:addFilter(948)) - Added filter static_user_filter (class=org.apache.hadoop.http.lib.StaticUserWebFilter$StaticUserFilter) to context scm
2019-11-17 03:23:57,609 [main] INFO  http.HttpServer2 (HttpServer2.java:addFilter(958)) - Added filter static_user_filter (class=org.apache.hadoop.http.lib.StaticUserWebFilter$StaticUserFilter) to context logs
2019-11-17 03:23:57,609 [main] INFO  http.HttpServer2 (HttpServer2.java:addFilter(958)) - Added filter static_user_filter (class=org.apache.hadoop.http.lib.StaticUserWebFilter$StaticUserFilter) to context static
2019-11-17 03:23:57,636 [main] INFO  server.StorageContainerManager (StorageContainerManager.java:start(765)) - StorageContainerLocationProtocol RPC server is listening at /0.0.0.0:38705
2019-11-17 03:23:57,687 [main] WARN  impl.MetricsConfig (MetricsConfig.java:loadFirst(134)) - Cannot locate configuration: tried hadoop-metrics2-storagecontainermanager.properties,hadoop-metrics2.properties
2019-11-17 03:23:57,700 [main] INFO  impl.MetricsSystemImpl (MetricsSystemImpl.java:startTimer(374)) - Scheduled Metric snapshot period at 10 second(s).
2019-11-17 03:23:57,700 [main] INFO  impl.MetricsSystemImpl (MetricsSystemImpl.java:start(191)) - StorageContainerManager metrics system started
2019-11-17 03:23:57,915 [main] INFO  server.SCMClientProtocolServer (SCMClientProtocolServer.java:start(160)) - RPC server for Client  is listening at /0.0.0.0:38705
2019-11-17 03:23:57,916 [IPC Server Responder] INFO  ipc.Server (Server.java:run(1314)) - IPC Server Responder: starting
2019-11-17 03:23:57,916 [IPC Server listener on 38705] INFO  ipc.Server (Server.java:run(1153)) - IPC Server listener on 38705: starting
2019-11-17 03:23:57,918 [main] INFO  server.StorageContainerManager (StorageContainerManager.java:start(775)) - ScmBlockLocationProtocol RPC server is listening at /0.0.0.0:36424
2019-11-17 03:23:57,919 [main] INFO  server.SCMBlockProtocolServer (SCMBlockProtocolServer.java:start(146)) - RPC server for Block Protocol is listening at /0.0.0.0:36424
2019-11-17 03:23:57,920 [IPC Server Responder] INFO  ipc.Server (Server.java:run(1314)) - IPC Server Responder: starting
2019-11-17 03:23:57,920 [IPC Server listener on 36424] INFO  ipc.Server (Server.java:run(1153)) - IPC Server listener on 36424: starting
2019-11-17 03:23:57,923 [main] INFO  server.StorageContainerManager (StorageContainerManager.java:start(779)) - ScmDatanodeProtocl RPC server is listening at /0.0.0.0:39439
2019-11-17 03:23:57,923 [main] INFO  server.SCMDatanodeProtocolServer (SCMDatanodeProtocolServer.java:start(177)) - RPC server for DataNodes is listening at /0.0.0.0:39439
2019-11-17 03:23:57,924 [IPC Server Responder] INFO  ipc.Server (Server.java:run(1314)) - IPC Server Responder: starting
2019-11-17 03:23:57,924 [IPC Server listener on 39439] INFO  ipc.Server (Server.java:run(1153)) - IPC Server listener on 39439: starting
2019-11-17 03:23:57,929 [main] INFO  http.HttpServer2 (HttpServer2.java:bindListener(1191)) - Jetty bound to port 44383
2019-11-17 03:23:57,932 [main] INFO  server.Server (Server.java:doStart(351)) - jetty-9.3.25.v20180904, build timestamp: 2018-09-04T21:11:46Z, git hash: 3ce520221d0240229c862b122d2b06c12a625732
2019-11-17 03:23:57,979 [main] INFO  handler.ContextHandler (ContextHandler.java:doStart(781)) - Started o.e.j.s.ServletContextHandler@7e276594{/logs,file:///workdir/hadoop-ozone/tools/target/log,AVAILABLE}
2019-11-17 03:23:57,980 [main] INFO  handler.ContextHandler (ContextHandler.java:doStart(781)) - Started o.e.j.s.ServletContextHandler@77d2e85{/static,jar:file:/home/user/.m2/repository/org/apache/hadoop/hadoop-hdds-server-scm/0.5.0-SNAPSHOT/hadoop-hdds-server-scm-0.5.0-SNAPSHOT.jar!/webapps/static,AVAILABLE}
2019-11-17 03:23:58,058 [main] INFO  handler.ContextHandler (ContextHandler.java:doStart(781)) - Started o.e.j.w.WebAppContext@7d61eccf{/,file:///tmp/jetty-0.0.0.0-44383-scm-_-any-1939487858584126095.dir/webapp/,AVAILABLE}{/scm}
2019-11-17 03:23:58,063 [main] INFO  server.AbstractConnector (AbstractConnector.java:doStart(278)) - Started ServerConnector@585811a4{HTTP/1.1,[http/1.1]}{0.0.0.0:44383}
2019-11-17 03:23:58,063 [main] INFO  server.Server (Server.java:doStart(419)) - Started @2540ms
2019-11-17 03:23:58,065 [main] INFO  impl.MetricsSinkAdapter (MetricsSinkAdapter.java:start(204)) - Sink prometheus started
2019-11-17 03:23:58,065 [main] INFO  impl.MetricsSystemImpl (MetricsSystemImpl.java:registerSink(301)) - Registered sink prometheus
2019-11-17 03:23:58,067 [main] INFO  server.BaseHttpServer (BaseHttpServer.java:updateConnectorAddress(215)) - HTTP server of SCM is listening at http://0.0.0.0:44383
2019-11-17 03:23:58,079 [org.apache.hadoop.util.JvmPauseMonitor$Monitor@41beb473] INFO  util.JvmPauseMonitor (JvmPauseMonitor.java:run(188)) - Starting JVM pause monitor
2019-11-17 03:23:58,180 [main] INFO  ha.OMHANodeDetails (OMHANodeDetails.java:loadOMHAConfig(190)) - Configuration either no ozone.om.address set. Falling back to the default OM address /127.0.0.1:0
2019-11-17 03:23:58,180 [main] INFO  ha.OMHANodeDetails (OMHANodeDetails.java:getOMNodeDetails(220)) - OM Service ID is not set. Setting it to the default ID: omServiceIdDefault
2019-11-17 03:23:58,791 [main] INFO  db.DBStoreBuilder (DBStoreBuilder.java:addTable(127)) - using custom profile for table: userTable
2019-11-17 03:23:58,792 [main] INFO  db.DBStoreBuilder (DBStoreBuilder.java:processTables(183)) - Using default column profile:DBProfile.DISK for Table:userTable
2019-11-17 03:23:58,792 [main] INFO  db.DBStoreBuilder (DBStoreBuilder.java:addTable(127)) - using custom profile for table: volumeTable
2019-11-17 03:23:58,792 [main] INFO  db.DBStoreBuilder (DBStoreBuilder.java:processTables(183)) - Using default column profile:DBProfile.DISK for Table:volumeTable
2019-11-17 03:23:58,792 [main] INFO  db.DBStoreBuilder (DBStoreBuilder.java:addTable(127)) - using custom profile for table: bucketTable
2019-11-17 03:23:58,793 [main] INFO  db.DBStoreBuilder (DBStoreBuilder.java:processTables(183)) - Using default column profile:DBProfile.DISK for Table:bucketTable
2019-11-17 03:23:58,793 [main] INFO  db.DBStoreBuilder (DBStoreBuilder.java:addTable(127)) - using custom profile for table: keyTable
2019-11-17 03:23:58,793 [main] INFO  db.DBStoreBuilder (DBStoreBuilder.java:processTables(183)) - Using default column profile:DBProfile.DISK for Table:keyTable
2019-11-17 03:23:58,793 [main] INFO  db.DBStoreBuilder (DBStoreBuilder.java:addTable(127)) - using custom profile for table: deletedTable
2019-11-17 03:23:58,793 [main] INFO  db.DBStoreBuilder (DBStoreBuilder.java:processTables(183)) - Using default column profile:DBProfile.DISK for Table:deletedTable
2019-11-17 03:23:58,794 [main] INFO  db.DBStoreBuilder (DBStoreBuilder.java:addTable(127)) - using custom profile for table: openKeyTable
2019-11-17 03:23:58,794 [main] INFO  db.DBStoreBuilder (DBStoreBuilder.java:processTables(183)) - Using default column profile:DBProfile.DISK for Table:openKeyTable
2019-11-17 03:23:58,794 [main] INFO  db.DBStoreBuilder (DBStoreBuilder.java:addTable(127)) - using custom profile for table: s3Table
2019-11-17 03:23:58,794 [main] INFO  db.DBStoreBuilder (DBStoreBuilder.java:processTables(183)) - Using default column profile:DBProfile.DISK for Table:s3Table
2019-11-17 03:23:58,794 [main] INFO  db.DBStoreBuilder (DBStoreBuilder.java:addTable(127)) - using custom profile for table: multipartInfoTable
2019-11-17 03:23:58,795 [main] INFO  db.DBStoreBuilder (DBStoreBuilder.java:processTables(183)) - Using default column profile:DBProfile.DISK for Table:multipartInfoTable
2019-11-17 03:23:58,795 [main] INFO  db.DBStoreBuilder (DBStoreBuilder.java:addTable(127)) - using custom profile for table: dTokenTable
2019-11-17 03:23:58,795 [main] INFO  db.DBStoreBuilder (DBStoreBuilder.java:processTables(183)) - Using default column profile:DBProfile.DISK for Table:dTokenTable
2019-11-17 03:23:58,795 [main] INFO  db.DBStoreBuilder (DBStoreBuilder.java:addTable(127)) - using custom profile for table: s3SecretTable
2019-11-17 03:23:58,795 [main] INFO  db.DBStoreBuilder (DBStoreBuilder.java:processTables(183)) - Using default column profile:DBProfile.DISK for Table:s3SecretTable
2019-11-17 03:23:58,796 [main] INFO  db.DBStoreBuilder (DBStoreBuilder.java:addTable(127)) - using custom profile for table: prefixTable
2019-11-17 03:23:58,796 [main] INFO  db.DBStoreBuilder (DBStoreBuilder.java:processTables(183)) - Using default column profile:DBProfile.DISK for Table:prefixTable
2019-11-17 03:23:58,796 [main] INFO  db.DBStoreBuilder (DBStoreBuilder.java:addTable(127)) - using custom profile for table: default
2019-11-17 03:23:58,796 [main] INFO  db.DBStoreBuilder (DBStoreBuilder.java:processTables(189)) - Using default column profile:DBProfile.DISK for Table:default
2019-11-17 03:23:58,796 [main] INFO  db.DBStoreBuilder (DBStoreBuilder.java:getDbProfile(220)) - Using default options. DBProfile.DISK
2019-11-17 03:23:59,437 [main] INFO  ipc.CallQueueManager (CallQueueManager.java:<init>(84)) - Using callQueue: class java.util.concurrent.LinkedBlockingQueue, queueCapacity: 2000, scheduler: class org.apache.hadoop.ipc.DefaultRpcScheduler, ipcBackoff: false.
2019-11-17 03:23:59,438 [Socket Reader #1 for port 33555] INFO  ipc.Server (Server.java:run(1074)) - Starting Socket Reader #1 for port 33555
2019-11-17 03:23:59,468 [main] INFO  om.OzoneManager (OzoneManager.java:start(1077)) - OzoneManager RPC server is listening at localhost/127.0.0.1:33555
2019-11-17 03:23:59,469 [main] INFO  impl.MetricsSystemImpl (MetricsSystemImpl.java:init(158)) - OzoneManager metrics system started (again)
2019-11-17 03:23:59,477 [IPC Server Responder] INFO  ipc.Server (Server.java:run(1314)) - IPC Server Responder: starting
2019-11-17 03:23:59,477 [IPC Server listener on 33555] INFO  ipc.Server (Server.java:run(1153)) - IPC Server listener on 33555: starting
2019-11-17 03:23:59,484 [main] INFO  hdfs.DFSUtil (DFSUtil.java:httpServerTemplateForNNAndJN(1641)) - Starting Web-server for ozoneManager at: http://0.0.0.0:0
2019-11-17 03:23:59,487 [main] INFO  server.AuthenticationFilter (AuthenticationFilter.java:constructSecretProvider(240)) - Unable to initialize FileSignerSecretProvider, falling back to use random secrets.
2019-11-17 03:23:59,488 [main] WARN  http.HttpRequestLog (HttpRequestLog.java:getRequestLog(97)) - Jetty request log can only be enabled using Log4j
2019-11-17 03:23:59,491 [main] INFO  http.HttpServer2 (HttpServer2.java:addGlobalFilter(975)) - Added global filter 'safety' (class=org.apache.hadoop.http.HttpServer2$QuotingInputFilter)
2019-11-17 03:23:59,493 [main] INFO  http.HttpServer2 (HttpServer2.java:addFilter(948)) - Added filter static_user_filter (class=org.apache.hadoop.http.lib.StaticUserWebFilter$StaticUserFilter) to context ozoneManager
2019-11-17 03:23:59,493 [main] INFO  http.HttpServer2 (HttpServer2.java:addFilter(958)) - Added filter static_user_filter (class=org.apache.hadoop.http.lib.StaticUserWebFilter$StaticUserFilter) to context logs
2019-11-17 03:23:59,494 [main] INFO  http.HttpServer2 (HttpServer2.java:addFilter(958)) - Added filter static_user_filter (class=org.apache.hadoop.http.lib.StaticUserWebFilter$StaticUserFilter) to context static
2019-11-17 03:23:59,498 [main] INFO  http.HttpServer2 (HttpServer2.java:bindListener(1191)) - Jetty bound to port 34588
2019-11-17 03:23:59,498 [main] INFO  server.Server (Server.java:doStart(351)) - jetty-9.3.25.v20180904, build timestamp: 2018-09-04T21:11:46Z, git hash: 3ce520221d0240229c862b122d2b06c12a625732
2019-11-17 03:23:59,502 [main] INFO  handler.ContextHandler (ContextHandler.java:doStart(781)) - Started o.e.j.s.ServletContextHandler@d1a10ac{/logs,file:///workdir/hadoop-ozone/tools/target/log,AVAILABLE}
2019-11-17 03:23:59,503 [main] INFO  handler.ContextHandler (ContextHandler.java:doStart(781)) - Started o.e.j.s.ServletContextHandler@31fc71ab{/static,jar:file:/home/user/.m2/repository/org/apache/hadoop/hadoop-ozone-ozone-manager/0.5.0-SNAPSHOT/hadoop-ozone-ozone-manager-0.5.0-SNAPSHOT.jar!/webapps/static,AVAILABLE}
2019-11-17 03:23:59,577 [main] INFO  handler.ContextHandler (ContextHandler.java:doStart(781)) - Started o.e.j.w.WebAppContext@5ee34b1b{/,file:///tmp/jetty-0.0.0.0-34588-ozoneManager-_-any-2726692692099233928.dir/webapp/,AVAILABLE}{/ozoneManager}
2019-11-17 03:23:59,578 [main] INFO  server.AbstractConnector (AbstractConnector.java:doStart(278)) - Started ServerConnector@3c89bb12{HTTP/1.1,[http/1.1]}{0.0.0.0:34588}
2019-11-17 03:23:59,579 [main] INFO  server.Server (Server.java:doStart(419)) - Started @4056ms
2019-11-17 03:23:59,579 [main] WARN  impl.MetricsSystemImpl (MetricsSystemImpl.java:register(276)) - Sink prometheus already exists!
2019-11-17 03:23:59,580 [main] INFO  server.BaseHttpServer (BaseHttpServer.java:updateConnectorAddress(215)) - HTTP server of OZONEMANAGER is listening at http://0.0.0.0:34588
2019-11-17 03:23:59,881 [main] INFO  impl.MetricsSystemImpl (MetricsSystemImpl.java:init(158)) - HddsDatanode metrics system started (again)
2019-11-17 03:23:59,926 [main] INFO  ozone.HddsDatanodeService (HddsDatanodeService.java:start(186)) - HddsDatanodeService host:pr-hdds-2386-kbj7l-2529383104 ip:192.168.69.108
2019-11-17 03:23:59,964 [main] INFO  volume.HddsVolume (HddsVolume.java:<init>(176)) - Creating Volume: /workdir/hadoop-ozone/tools/target/test-dir/MiniOzoneClusterImpl-7dc4cadb-dfd3-446b-9db4-aa1eea265744/datanode-0/data/containers/hdds of  storage type : DISK and capacity : 1482555576320
2019-11-17 03:23:59,965 [main] INFO  volume.VolumeSet (VolumeSet.java:initializeVolumeSet(170)) - Added Volume : /workdir/hadoop-ozone/tools/target/test-dir/MiniOzoneClusterImpl-7dc4cadb-dfd3-446b-9db4-aa1eea265744/datanode-0/data/containers/hdds to VolumeSet
2019-11-17 03:23:59,968 [main] INFO  volume.ThrottledAsyncChecker (ThrottledAsyncChecker.java:schedule(141)) - Scheduling a check for /workdir/hadoop-ozone/tools/target/test-dir/MiniOzoneClusterImpl-7dc4cadb-dfd3-446b-9db4-aa1eea265744/datanode-0/data/containers/hdds
2019-11-17 03:23:59,985 [main] INFO  volume.HddsVolumeChecker (HddsVolumeChecker.java:checkAllVolumes(204)) - Scheduled health check for volume /workdir/hadoop-ozone/tools/target/test-dir/MiniOzoneClusterImpl-7dc4cadb-dfd3-446b-9db4-aa1eea265744/datanode-0/data/containers/hdds
2019-11-17 03:24:00,089 [main] INFO  impl.RaftServerProxy (ConfUtils.java:logGet(43)) - raft.rpc.type = GRPC (default)
2019-11-17 03:24:00,151 [main] INFO  grpc.GrpcFactory (GrpcFactory.java:checkPooledByteBufAllocatorUseCacheForAllThreads(45)) - PERFORMANCE WARNING: useCacheForAllThreads is true that may cause Netty to create a lot garbage objects and, as a result, trigger GC.
	It is recommended to disable useCacheForAllThreads by setting -Dorg.apache.ratis.thirdparty.io.netty.allocator.useCacheForAllThreads=false in command line.
2019-11-17 03:24:00,156 [main] INFO  grpc.GrpcConfigKeys$Server (ConfUtils.java:logGet(43)) - raft.grpc.server.port = 0 (default)
2019-11-17 03:24:00,158 [main] INFO  server.GrpcService (ConfUtils.java:logGet(43)) - raft.grpc.message.size.max = 33570816 (custom)
2019-11-17 03:24:00,159 [main] INFO  server.RaftServerConfigKeys (ConfUtils.java:logGet(43)) - raft.server.log.appender.buffer.byte-limit = 33554432 (custom)
2019-11-17 03:24:00,160 [main] INFO  server.GrpcService (ConfUtils.java:logGet(43)) - raft.grpc.flow.control.window = 1MB (=1048576) (default)
2019-11-17 03:24:00,161 [main] INFO  server.RaftServerConfigKeys (ConfUtils.java:logGet(43)) - raft.server.rpc.request.timeout = 3000ms (default)
2019-11-17 03:24:00,330 [main] INFO  server.RaftServerConfigKeys (ConfUtils.java:logGet(43)) - raft.server.storage.dir = [/workdir/hadoop-ozone/tools/target/test-dir/MiniOzoneClusterImpl-7dc4cadb-dfd3-446b-9db4-aa1eea265744/datanode-0/data/ratis] (custom)
2019-11-17 03:24:00,378 [main] INFO  hdfs.DFSUtil (DFSUtil.java:httpServerTemplateForNNAndJN(1641)) - Starting Web-server for hddsDatanode at: http://0.0.0.0:0
2019-11-17 03:24:00,381 [main] INFO  server.AuthenticationFilter (AuthenticationFilter.java:constructSecretProvider(240)) - Unable to initialize FileSignerSecretProvider, falling back to use random secrets.
2019-11-17 03:24:00,381 [main] WARN  http.HttpRequestLog (HttpRequestLog.java:getRequestLog(97)) - Jetty request log can only be enabled using Log4j
2019-11-17 03:24:00,384 [main] INFO  http.HttpServer2 (HttpServer2.java:addGlobalFilter(975)) - Added global filter 'safety' (class=org.apache.hadoop.http.HttpServer2$QuotingInputFilter)
2019-11-17 03:24:00,385 [main] INFO  http.HttpServer2 (HttpServer2.java:addFilter(948)) - Added filter static_user_filter (class=org.apache.hadoop.http.lib.StaticUserWebFilter$StaticUserFilter) to context hddsDatanode
2019-11-17 03:24:00,386 [main] INFO  http.HttpServer2 (HttpServer2.java:addFilter(958)) - Added filter static_user_filter (class=org.apache.hadoop.http.lib.StaticUserWebFilter$StaticUserFilter) to context static
2019-11-17 03:24:00,386 [main] INFO  http.HttpServer2 (HttpServer2.java:addFilter(958)) - Added filter static_user_filter (class=org.apache.hadoop.http.lib.StaticUserWebFilter$StaticUserFilter) to context logs
2019-11-17 03:24:00,387 [main] INFO  http.HttpServer2 (HttpServer2.java:bindListener(1191)) - Jetty bound to port 34493
2019-11-17 03:24:00,388 [main] INFO  server.Server (Server.java:doStart(351)) - jetty-9.3.25.v20180904, build timestamp: 2018-09-04T21:11:46Z, git hash: 3ce520221d0240229c862b122d2b06c12a625732
2019-11-17 03:24:00,391 [main] INFO  handler.ContextHandler (ContextHandler.java:doStart(781)) - Started o.e.j.s.ServletContextHandler@de8039f{/logs,file:///workdir/hadoop-ozone/tools/target/log,AVAILABLE}
2019-11-17 03:24:00,392 [main] INFO  handler.ContextHandler (ContextHandler.java:doStart(781)) - Started o.e.j.s.ServletContextHandler@582a764a{/static,jar:file:/home/user/.m2/repository/org/apache/hadoop/hadoop-hdds-container-service/0.5.0-SNAPSHOT/hadoop-hdds-container-service-0.5.0-SNAPSHOT.jar!/webapps/static,AVAILABLE}
2019-11-17 03:24:00,438 [main] INFO  handler.ContextHandler (ContextHandler.java:doStart(781)) - Started o.e.j.w.WebAppContext@554f0dfb{/,file:///tmp/jetty-0.0.0.0-34493-hddsDatanode-_-any-3523340101659439257.dir/webapp/,AVAILABLE}{/hddsDatanode}
2019-11-17 03:24:00,439 [main] INFO  server.AbstractConnector (AbstractConnector.java:doStart(278)) - Started ServerConnector@1f7076bc{HTTP/1.1,[http/1.1]}{0.0.0.0:34493}
2019-11-17 03:24:00,439 [main] INFO  server.Server (Server.java:doStart(419)) - Started @4916ms
2019-11-17 03:24:00,440 [main] WARN  impl.MetricsSystemImpl (MetricsSystemImpl.java:register(276)) - Sink prometheus already exists!
2019-11-17 03:24:00,441 [main] INFO  server.BaseHttpServer (BaseHttpServer.java:updateConnectorAddress(215)) - HTTP server of HDDSDATANODE is listening at http://0.0.0.0:34493
2019-11-17 03:24:00,442 [main] INFO  impl.MetricsSystemImpl (MetricsSystemImpl.java:init(158)) - HddsDatanode metrics system started (again)
2019-11-17 03:24:00,444 [main] INFO  ozone.HddsDatanodeService (HddsDatanodeService.java:start(186)) - HddsDatanodeService host:pr-hdds-2386-kbj7l-2529383104 ip:192.168.69.108
2019-11-17 03:24:00,448 [org.apache.hadoop.util.JvmPauseMonitor$Monitor@26dada3d] INFO  util.JvmPauseMonitor (JvmPauseMonitor.java:run(188)) - Starting JVM pause monitor
2019-11-17 03:24:00,454 [main] INFO  volume.HddsVolume (HddsVolume.java:<init>(176)) - Creating Volume: /workdir/hadoop-ozone/tools/target/test-dir/MiniOzoneClusterImpl-7dc4cadb-dfd3-446b-9db4-aa1eea265744/datanode-1/data/containers/hdds of  storage type : DISK and capacity : 1482555576320
2019-11-17 03:24:00,454 [main] INFO  volume.VolumeSet (VolumeSet.java:initializeVolumeSet(170)) - Added Volume : /workdir/hadoop-ozone/tools/target/test-dir/MiniOzoneClusterImpl-7dc4cadb-dfd3-446b-9db4-aa1eea265744/datanode-1/data/containers/hdds to VolumeSet
2019-11-17 03:24:00,454 [main] INFO  volume.ThrottledAsyncChecker (ThrottledAsyncChecker.java:schedule(141)) - Scheduling a check for /workdir/hadoop-ozone/tools/target/test-dir/MiniOzoneClusterImpl-7dc4cadb-dfd3-446b-9db4-aa1eea265744/datanode-1/data/containers/hdds
2019-11-17 03:24:00,455 [main] INFO  volume.HddsVolumeChecker (HddsVolumeChecker.java:checkAllVolumes(204)) - Scheduled health check for volume /workdir/hadoop-ozone/tools/target/test-dir/MiniOzoneClusterImpl-7dc4cadb-dfd3-446b-9db4-aa1eea265744/datanode-1/data/containers/hdds
2019-11-17 03:24:00,470 [main] INFO  impl.RaftServerProxy (ConfUtils.java:logGet(43)) - raft.rpc.type = GRPC (default)
2019-11-17 03:24:00,470 [main] INFO  grpc.GrpcFactory (GrpcFactory.java:checkPooledByteBufAllocatorUseCacheForAllThreads(45)) - PERFORMANCE WARNING: useCacheForAllThreads is true that may cause Netty to create a lot garbage objects and, as a result, trigger GC.
	It is recommended to disable useCacheForAllThreads by setting -Dorg.apache.ratis.thirdparty.io.netty.allocator.useCacheForAllThreads=false in command line.
2019-11-17 03:24:00,470 [main] INFO  grpc.GrpcConfigKeys$Server (ConfUtils.java:logGet(43)) - raft.grpc.server.port = 0 (default)
2019-11-17 03:24:00,470 [main] INFO  server.GrpcService (ConfUtils.java:logGet(43)) - raft.grpc.message.size.max = 33570816 (custom)
2019-11-17 03:24:00,471 [main] INFO  server.RaftServerConfigKeys (ConfUtils.java:logGet(43)) - raft.server.log.appender.buffer.byte-limit = 33554432 (custom)
2019-11-17 03:24:00,471 [main] INFO  server.GrpcService (ConfUtils.java:logGet(43)) - raft.grpc.flow.control.window = 1MB (=1048576) (default)
2019-11-17 03:24:00,471 [main] INFO  server.RaftServerConfigKeys (ConfUtils.java:logGet(43)) - raft.server.rpc.request.timeout = 3000ms (default)
2019-11-17 03:24:00,472 [main] INFO  server.RaftServerConfigKeys (ConfUtils.java:logGet(43)) - raft.server.storage.dir = [/workdir/hadoop-ozone/tools/target/test-dir/MiniOzoneClusterImpl-7dc4cadb-dfd3-446b-9db4-aa1eea265744/datanode-1/data/ratis] (custom)
2019-11-17 03:24:00,473 [main] INFO  hdfs.DFSUtil (DFSUtil.java:httpServerTemplateForNNAndJN(1641)) - Starting Web-server for hddsDatanode at: http://0.0.0.0:0
2019-11-17 03:24:00,475 [main] INFO  server.AuthenticationFilter (AuthenticationFilter.java:constructSecretProvider(240)) - Unable to initialize FileSignerSecretProvider, falling back to use random secrets.
2019-11-17 03:24:00,475 [main] WARN  http.HttpRequestLog (HttpRequestLog.java:getRequestLog(97)) - Jetty request log can only be enabled using Log4j
2019-11-17 03:24:00,477 [main] INFO  http.HttpServer2 (HttpServer2.java:addGlobalFilter(975)) - Added global filter 'safety' (class=org.apache.hadoop.http.HttpServer2$QuotingInputFilter)
2019-11-17 03:24:00,477 [main] INFO  http.HttpServer2 (HttpServer2.java:addFilter(948)) - Added filter static_user_filter (class=org.apache.hadoop.http.lib.StaticUserWebFilter$StaticUserFilter) to context hddsDatanode
2019-11-17 03:24:00,478 [main] INFO  http.HttpServer2 (HttpServer2.java:addFilter(958)) - Added filter static_user_filter (class=org.apache.hadoop.http.lib.StaticUserWebFilter$StaticUserFilter) to context static
2019-11-17 03:24:00,478 [main] INFO  http.HttpServer2 (HttpServer2.java:addFilter(958)) - Added filter static_user_filter (class=org.apache.hadoop.http.lib.StaticUserWebFilter$StaticUserFilter) to context logs
2019-11-17 03:24:00,479 [main] INFO  http.HttpServer2 (HttpServer2.java:bindListener(1191)) - Jetty bound to port 39534
2019-11-17 03:24:00,479 [main] INFO  server.Server (Server.java:doStart(351)) - jetty-9.3.25.v20180904, build timestamp: 2018-09-04T21:11:46Z, git hash: 3ce520221d0240229c862b122d2b06c12a625732
2019-11-17 03:24:00,481 [main] INFO  handler.ContextHandler (ContextHandler.java:doStart(781)) - Started o.e.j.s.ServletContextHandler@1b1f5012{/logs,file:///workdir/hadoop-ozone/tools/target/log,AVAILABLE}
2019-11-17 03:24:00,481 [main] INFO  handler.ContextHandler (ContextHandler.java:doStart(781)) - Started o.e.j.s.ServletContextHandler@4a734c04{/static,jar:file:/home/user/.m2/repository/org/apache/hadoop/hadoop-hdds-container-service/0.5.0-SNAPSHOT/hadoop-hdds-container-service-0.5.0-SNAPSHOT.jar!/webapps/static,AVAILABLE}
2019-11-17 03:24:00,513 [main] INFO  handler.ContextHandler (ContextHandler.java:doStart(781)) - Started o.e.j.w.WebAppContext@262816a8{/,file:///tmp/jetty-0.0.0.0-39534-hddsDatanode-_-any-4551434633421720132.dir/webapp/,AVAILABLE}{/hddsDatanode}
2019-11-17 03:24:00,513 [main] INFO  server.AbstractConnector (AbstractConnector.java:doStart(278)) - Started ServerConnector@1effd53c{HTTP/1.1,[http/1.1]}{0.0.0.0:39534}
2019-11-17 03:24:00,514 [main] INFO  server.Server (Server.java:doStart(419)) - Started @4991ms
2019-11-17 03:24:00,514 [main] WARN  impl.MetricsSystemImpl (MetricsSystemImpl.java:register(276)) - Sink prometheus already exists!
2019-11-17 03:24:00,516 [main] INFO  server.BaseHttpServer (BaseHttpServer.java:updateConnectorAddress(215)) - HTTP server of HDDSDATANODE is listening at http://0.0.0.0:39534
2019-11-17 03:24:00,516 [main] INFO  impl.MetricsSystemImpl (MetricsSystemImpl.java:init(158)) - HddsDatanode metrics system started (again)
2019-11-17 03:24:00,519 [main] INFO  ozone.HddsDatanodeService (HddsDatanodeService.java:start(186)) - HddsDatanodeService host:pr-hdds-2386-kbj7l-2529383104 ip:192.168.69.108
2019-11-17 03:24:00,520 [org.apache.hadoop.util.JvmPauseMonitor$Monitor@37e2acd0] INFO  util.JvmPauseMonitor (JvmPauseMonitor.java:run(188)) - Starting JVM pause monitor
2019-11-17 03:24:00,532 [main] INFO  volume.HddsVolume (HddsVolume.java:<init>(176)) - Creating Volume: /workdir/hadoop-ozone/tools/target/test-dir/MiniOzoneClusterImpl-7dc4cadb-dfd3-446b-9db4-aa1eea265744/datanode-2/data/containers/hdds of  storage type : DISK and capacity : 1482555576320
2019-11-17 03:24:00,532 [main] INFO  volume.VolumeSet (VolumeSet.java:initializeVolumeSet(170)) - Added Volume : /workdir/hadoop-ozone/tools/target/test-dir/MiniOzoneClusterImpl-7dc4cadb-dfd3-446b-9db4-aa1eea265744/datanode-2/data/containers/hdds to VolumeSet
2019-11-17 03:24:00,533 [main] INFO  volume.ThrottledAsyncChecker (ThrottledAsyncChecker.java:schedule(141)) - Scheduling a check for /workdir/hadoop-ozone/tools/target/test-dir/MiniOzoneClusterImpl-7dc4cadb-dfd3-446b-9db4-aa1eea265744/datanode-2/data/containers/hdds
2019-11-17 03:24:00,533 [main] INFO  volume.HddsVolumeChecker (HddsVolumeChecker.java:checkAllVolumes(204)) - Scheduled health check for volume /workdir/hadoop-ozone/tools/target/test-dir/MiniOzoneClusterImpl-7dc4cadb-dfd3-446b-9db4-aa1eea265744/datanode-2/data/containers/hdds
2019-11-17 03:24:00,554 [main] INFO  impl.RaftServerProxy (ConfUtils.java:logGet(43)) - raft.rpc.type = GRPC (default)
2019-11-17 03:24:00,555 [main] INFO  grpc.GrpcFactory (GrpcFactory.java:checkPooledByteBufAllocatorUseCacheForAllThreads(45)) - PERFORMANCE WARNING: useCacheForAllThreads is true that may cause Netty to create a lot garbage objects and, as a result, trigger GC.
	It is recommended to disable useCacheForAllThreads by setting -Dorg.apache.ratis.thirdparty.io.netty.allocator.useCacheForAllThreads=false in command line.
2019-11-17 03:24:00,555 [main] INFO  grpc.GrpcConfigKeys$Server (ConfUtils.java:logGet(43)) - raft.grpc.server.port = 0 (default)
2019-11-17 03:24:00,555 [main] INFO  server.GrpcService (ConfUtils.java:logGet(43)) - raft.grpc.message.size.max = 33570816 (custom)
2019-11-17 03:24:00,556 [main] INFO  server.RaftServerConfigKeys (ConfUtils.java:logGet(43)) - raft.server.log.appender.buffer.byte-limit = 33554432 (custom)
2019-11-17 03:24:00,556 [main] INFO  server.GrpcService (ConfUtils.java:logGet(43)) - raft.grpc.flow.control.window = 1MB (=1048576) (default)
2019-11-17 03:24:00,556 [main] INFO  server.RaftServerConfigKeys (ConfUtils.java:logGet(43)) - raft.server.rpc.request.timeout = 3000ms (default)
2019-11-17 03:24:00,557 [main] INFO  server.RaftServerConfigKeys (ConfUtils.java:logGet(43)) - raft.server.storage.dir = [/workdir/hadoop-ozone/tools/target/test-dir/MiniOzoneClusterImpl-7dc4cadb-dfd3-446b-9db4-aa1eea265744/datanode-2/data/ratis] (custom)
2019-11-17 03:24:00,560 [main] INFO  hdfs.DFSUtil (DFSUtil.java:httpServerTemplateForNNAndJN(1641)) - Starting Web-server for hddsDatanode at: http://0.0.0.0:0
2019-11-17 03:24:00,561 [main] INFO  server.AuthenticationFilter (AuthenticationFilter.java:constructSecretProvider(240)) - Unable to initialize FileSignerSecretProvider, falling back to use random secrets.
2019-11-17 03:24:00,562 [main] WARN  http.HttpRequestLog (HttpRequestLog.java:getRequestLog(97)) - Jetty request log can only be enabled using Log4j
2019-11-17 03:24:00,564 [main] INFO  http.HttpServer2 (HttpServer2.java:addGlobalFilter(975)) - Added global filter 'safety' (class=org.apache.hadoop.http.HttpServer2$QuotingInputFilter)
2019-11-17 03:24:00,565 [main] INFO  http.HttpServer2 (HttpServer2.java:addFilter(948)) - Added filter static_user_filter (class=org.apache.hadoop.http.lib.StaticUserWebFilter$StaticUserFilter) to context hddsDatanode
2019-11-17 03:24:00,565 [main] INFO  http.HttpServer2 (HttpServer2.java:addFilter(958)) - Added filter static_user_filter (class=org.apache.hadoop.http.lib.StaticUserWebFilter$StaticUserFilter) to context logs
2019-11-17 03:24:00,565 [main] INFO  http.HttpServer2 (HttpServer2.java:addFilter(958)) - Added filter static_user_filter (class=org.apache.hadoop.http.lib.StaticUserWebFilter$StaticUserFilter) to context static
2019-11-17 03:24:00,566 [main] INFO  http.HttpServer2 (HttpServer2.java:bindListener(1191)) - Jetty bound to port 43304
2019-11-17 03:24:00,566 [main] INFO  server.Server (Server.java:doStart(351)) - jetty-9.3.25.v20180904, build timestamp: 2018-09-04T21:11:46Z, git hash: 3ce520221d0240229c862b122d2b06c12a625732
2019-11-17 03:24:00,568 [Datanode State Machine Thread - 0] INFO  datanode.InitDatanodeState (InitDatanodeState.java:persistContainerDatanodeDetails(140)) - DatanodeDetails is persisted to /workdir/hadoop-ozone/tools/target/test-dir/MiniOzoneClusterImpl-7dc4cadb-dfd3-446b-9db4-aa1eea265744/datanode-0/meta/datanode.id
2019-11-17 03:24:00,572 [main] INFO  handler.ContextHandler (ContextHandler.java:doStart(781)) - Started o.e.j.s.ServletContextHandler@3c5dbdf8{/logs,file:///workdir/hadoop-ozone/tools/target/log,AVAILABLE}
2019-11-17 03:24:00,573 [main] INFO  handler.ContextHandler (ContextHandler.java:doStart(781)) - Started o.e.j.s.ServletContextHandler@7aac8884{/static,jar:file:/home/user/.m2/repository/org/apache/hadoop/hadoop-hdds-container-service/0.5.0-SNAPSHOT/hadoop-hdds-container-service-0.5.0-SNAPSHOT.jar!/webapps/static,AVAILABLE}
2019-11-17 03:24:00,574 [Datanode State Machine Thread - 0] INFO  datanode.InitDatanodeState (InitDatanodeState.java:persistContainerDatanodeDetails(140)) - DatanodeDetails is persisted to /workdir/hadoop-ozone/tools/target/test-dir/MiniOzoneClusterImpl-7dc4cadb-dfd3-446b-9db4-aa1eea265744/datanode-1/meta/datanode.id
2019-11-17 03:24:00,604 [main] INFO  handler.ContextHandler (ContextHandler.java:doStart(781)) - Started o.e.j.w.WebAppContext@78054f54{/,file:///tmp/jetty-0.0.0.0-43304-hddsDatanode-_-any-5814170931296225712.dir/webapp/,AVAILABLE}{/hddsDatanode}
2019-11-17 03:24:00,604 [main] INFO  server.AbstractConnector (AbstractConnector.java:doStart(278)) - Started ServerConnector@cb7fa71{HTTP/1.1,[http/1.1]}{0.0.0.0:43304}
2019-11-17 03:24:00,605 [main] INFO  server.Server (Server.java:doStart(419)) - Started @5082ms
2019-11-17 03:24:00,605 [main] WARN  impl.MetricsSystemImpl (MetricsSystemImpl.java:register(276)) - Sink prometheus already exists!
2019-11-17 03:24:00,606 [main] INFO  server.BaseHttpServer (BaseHttpServer.java:updateConnectorAddress(215)) - HTTP server of HDDSDATANODE is listening at http://0.0.0.0:43304
2019-11-17 03:24:00,608 [main] INFO  ozone.MiniOzoneClusterImpl (MiniOzoneClusterImpl.java:lambda$waitForClusterToBeReady$0(150)) - Waiting for nodes to be ready. Got 0 of 3 DN Heartbeats.
2019-11-17 03:24:00,608 [main] INFO  ozone.MiniOzoneClusterImpl (MiniOzoneClusterImpl.java:lambda$waitForClusterToBeReady$0(153)) - Waiting for cluster to exit safe mode
2019-11-17 03:24:00,610 [org.apache.hadoop.util.JvmPauseMonitor$Monitor@3b6db304] INFO  util.JvmPauseMonitor (JvmPauseMonitor.java:run(188)) - Starting JVM pause monitor
2019-11-17 03:24:00,613 [Datanode State Machine Thread - 0] INFO  datanode.InitDatanodeState (InitDatanodeState.java:persistContainerDatanodeDetails(140)) - DatanodeDetails is persisted to /workdir/hadoop-ozone/tools/target/test-dir/MiniOzoneClusterImpl-7dc4cadb-dfd3-446b-9db4-aa1eea265744/datanode-2/meta/datanode.id
2019-11-17 03:24:01,608 [main] INFO  ozone.MiniOzoneClusterImpl (MiniOzoneClusterImpl.java:lambda$waitForClusterToBeReady$0(150)) - Waiting for nodes to be ready. Got 0 of 3 DN Heartbeats.
2019-11-17 03:24:01,609 [main] INFO  ozone.MiniOzoneClusterImpl (MiniOzoneClusterImpl.java:lambda$waitForClusterToBeReady$0(153)) - Waiting for cluster to exit safe mode
2019-11-17 03:24:02,570 [Datanode State Machine Thread - 0] INFO  ozoneimpl.OzoneContainer (OzoneContainer.java:start(230)) - Attempting to start container services.
2019-11-17 03:24:02,570 [Datanode State Machine Thread - 0] INFO  ozoneimpl.OzoneContainer (OzoneContainer.java:start(230)) - Attempting to start container services.
2019-11-17 03:24:02,575 [Datanode State Machine Thread - 0] INFO  ozoneimpl.OzoneContainer (OzoneContainer.java:startContainerScrub(194)) - Background container scanner has been disabled.
2019-11-17 03:24:02,575 [Datanode State Machine Thread - 0] INFO  ozoneimpl.OzoneContainer (OzoneContainer.java:startContainerScrub(194)) - Background container scanner has been disabled.
2019-11-17 03:24:02,576 [Datanode State Machine Thread - 0] INFO  ratis.XceiverServerRatis (XceiverServerRatis.java:start(422)) - Starting XceiverServerRatis e06f3018-defa-4092-9e97-706c02b761b9 at port 0
2019-11-17 03:24:02,576 [Datanode State Machine Thread - 0] INFO  ratis.XceiverServerRatis (XceiverServerRatis.java:start(422)) - Starting XceiverServerRatis 03b1666e-145c-4b53-bd68-00f78b8b8fe6 at port 0
2019-11-17 03:24:02,612 [main] INFO  ozone.MiniOzoneClusterImpl (MiniOzoneClusterImpl.java:lambda$waitForClusterToBeReady$0(150)) - Waiting for nodes to be ready. Got 0 of 3 DN Heartbeats.
2019-11-17 03:24:02,612 [main] INFO  ozone.MiniOzoneClusterImpl (MiniOzoneClusterImpl.java:lambda$waitForClusterToBeReady$0(153)) - Waiting for cluster to exit safe mode
2019-11-17 03:24:02,615 [Datanode State Machine Thread - 0] INFO  impl.RaftServerProxy (RaftServerProxy.java:lambda$start$3(299)) - e06f3018-defa-4092-9e97-706c02b761b9: start RPC server
2019-11-17 03:24:02,615 [Datanode State Machine Thread - 0] INFO  impl.RaftServerProxy (RaftServerProxy.java:lambda$start$3(299)) - 03b1666e-145c-4b53-bd68-00f78b8b8fe6: start RPC server
2019-11-17 03:24:02,635 [Datanode State Machine Thread - 0] INFO  ozoneimpl.OzoneContainer (OzoneContainer.java:start(230)) - Attempting to start container services.
2019-11-17 03:24:02,641 [Datanode State Machine Thread - 0] INFO  ozoneimpl.OzoneContainer (OzoneContainer.java:startContainerScrub(194)) - Background container scanner has been disabled.
2019-11-17 03:24:02,641 [Datanode State Machine Thread - 0] INFO  ratis.XceiverServerRatis (XceiverServerRatis.java:start(422)) - Starting XceiverServerRatis 8cec9330-4330-4bf2-ba04-d50f33bc118d at port 0
2019-11-17 03:24:02,655 [Datanode State Machine Thread - 0] INFO  impl.RaftServerProxy (RaftServerProxy.java:lambda$start$3(299)) - 8cec9330-4330-4bf2-ba04-d50f33bc118d: start RPC server
2019-11-17 03:24:02,769 [Datanode State Machine Thread - 0] INFO  server.GrpcService (GrpcService.java:startImpl(158)) - e06f3018-defa-4092-9e97-706c02b761b9: GrpcService started, listening on 0.0.0.0/0.0.0.0:41795
2019-11-17 03:24:02,769 [Datanode State Machine Thread - 0] INFO  server.GrpcService (GrpcService.java:startImpl(158)) - 8cec9330-4330-4bf2-ba04-d50f33bc118d: GrpcService started, listening on 0.0.0.0/0.0.0.0:35471
2019-11-17 03:24:02,769 [Datanode State Machine Thread - 0] INFO  server.GrpcService (GrpcService.java:startImpl(158)) - 03b1666e-145c-4b53-bd68-00f78b8b8fe6: GrpcService started, listening on 0.0.0.0/0.0.0.0:38932
2019-11-17 03:24:02,770 [Datanode State Machine Thread - 0] INFO  ratis.XceiverServerRatis (XceiverServerRatis.java:start(432)) - XceiverServerRatis 8cec9330-4330-4bf2-ba04-d50f33bc118d is started using port 35471
2019-11-17 03:24:02,770 [Datanode State Machine Thread - 0] INFO  ratis.XceiverServerRatis (XceiverServerRatis.java:start(432)) - XceiverServerRatis e06f3018-defa-4092-9e97-706c02b761b9 is started using port 41795
2019-11-17 03:24:02,770 [Datanode State Machine Thread - 0] INFO  ratis.XceiverServerRatis (XceiverServerRatis.java:start(432)) - XceiverServerRatis 03b1666e-145c-4b53-bd68-00f78b8b8fe6 is started using port 38932
2019-11-17 03:24:02,776 [Datanode State Machine Thread - 0] INFO  server.XceiverServerGrpc (XceiverServerGrpc.java:start(145)) - XceiverServerGrpc 03b1666e-145c-4b53-bd68-00f78b8b8fe6 is started using port 36599
2019-11-17 03:24:02,776 [Datanode State Machine Thread - 0] INFO  server.XceiverServerGrpc (XceiverServerGrpc.java:start(145)) - XceiverServerGrpc 8cec9330-4330-4bf2-ba04-d50f33bc118d is started using port 38271
2019-11-17 03:24:02,776 [Datanode State Machine Thread - 0] INFO  server.XceiverServerGrpc (XceiverServerGrpc.java:start(145)) - XceiverServerGrpc e06f3018-defa-4092-9e97-706c02b761b9 is started using port 34863
2019-11-17 03:24:03,613 [main] INFO  ozone.MiniOzoneClusterImpl (MiniOzoneClusterImpl.java:lambda$waitForClusterToBeReady$0(150)) - Waiting for nodes to be ready. Got 0 of 3 DN Heartbeats.
2019-11-17 03:24:03,613 [main] INFO  ozone.MiniOzoneClusterImpl (MiniOzoneClusterImpl.java:lambda$waitForClusterToBeReady$0(153)) - Waiting for cluster to exit safe mode
2019-11-17 03:24:04,489 [IPC Server handler 0 on 39439] INFO  net.NetworkTopology (NetworkTopologyImpl.java:add(111)) - Added a new node: /default-rack/03b1666e-145c-4b53-bd68-00f78b8b8fe6
2019-11-17 03:24:04,489 [IPC Server handler 0 on 39439] INFO  node.SCMNodeManager (SCMNodeManager.java:register(267)) - Registered Data node : 03b1666e-145c-4b53-bd68-00f78b8b8fe6{ip: 192.168.69.108, host: pr-hdds-2386-kbj7l-2529383104, networkLocation: /default-rack, certSerialId: null}
2019-11-17 03:24:04,492 [EventQueue-NodeRegistrationContainerReportForContainerSafeModeRule] INFO  safemode.SCMSafeModeManager (SCMSafeModeManager.java:validateSafeModeExitRules(176)) - ContainerSafeModeRule rule is successfully validated
2019-11-17 03:24:04,493 [EventQueue-NodeRegistrationContainerReportForDataNodeSafeModeRule] INFO  safemode.SCMSafeModeManager (DataNodeSafeModeRule.java:process(71)) - SCM in safe mode. 1 DataNodes registered, 1 required.
2019-11-17 03:24:04,493 [EventQueue-NodeRegistrationContainerReportForDataNodeSafeModeRule] INFO  safemode.SCMSafeModeManager (SCMSafeModeManager.java:validateSafeModeExitRules(176)) - DataNodeSafeModeRule rule is successfully validated
2019-11-17 03:24:04,497 [RatisPipelineUtilsThread] INFO  pipeline.RatisPipelineProvider (RatisPipelineProvider.java:lambda$create$4(163)) - Send pipeline:PipelineID=93cf102f-3176-453f-bcc3-f598b499ddbc create command to datanode 03b1666e-145c-4b53-bd68-00f78b8b8fe6
2019-11-17 03:24:04,509 [RatisPipelineUtilsThread] INFO  pipeline.PipelineStateManager (PipelineStateManager.java:addPipeline(55)) - Created pipeline Pipeline[ Id: 93cf102f-3176-453f-bcc3-f598b499ddbc, Nodes: 03b1666e-145c-4b53-bd68-00f78b8b8fe6{ip: 192.168.69.108, host: pr-hdds-2386-kbj7l-2529383104, networkLocation: /default-rack, certSerialId: null}, Type:RATIS, Factor:ONE, State:ALLOCATED]
2019-11-17 03:24:04,522 [IPC Server handler 1 on 39439] INFO  net.NetworkTopology (NetworkTopologyImpl.java:add(111)) - Added a new node: /default-rack/e06f3018-defa-4092-9e97-706c02b761b9
2019-11-17 03:24:04,522 [IPC Server handler 1 on 39439] INFO  node.SCMNodeManager (SCMNodeManager.java:register(267)) - Registered Data node : e06f3018-defa-4092-9e97-706c02b761b9{ip: 192.168.69.108, host: pr-hdds-2386-kbj7l-2529383104, networkLocation: /default-rack, certSerialId: null}
2019-11-17 03:24:04,523 [EventQueue-NodeRegistrationContainerReportForContainerSafeModeRule] INFO  safemode.SCMSafeModeManager (SCMSafeModeManager.java:validateSafeModeExitRules(176)) - ContainerSafeModeRule rule is successfully validated
2019-11-17 03:24:04,523 [EventQueue-NodeRegistrationContainerReportForDataNodeSafeModeRule] INFO  safemode.SCMSafeModeManager (SCMSafeModeManager.java:validateSafeModeExitRules(176)) - DataNodeSafeModeRule rule is successfully validated
2019-11-17 03:24:04,523 [RatisPipelineUtilsThread] INFO  pipeline.RatisPipelineProvider (RatisPipelineProvider.java:lambda$create$4(163)) - Send pipeline:PipelineID=44590713-be94-4921-9678-f5fceed6840e create command to datanode e06f3018-defa-4092-9e97-706c02b761b9
2019-11-17 03:24:04,524 [RatisPipelineUtilsThread] INFO  pipeline.PipelineStateManager (PipelineStateManager.java:addPipeline(55)) - Created pipeline Pipeline[ Id: 44590713-be94-4921-9678-f5fceed6840e, Nodes: e06f3018-defa-4092-9e97-706c02b761b9{ip: 192.168.69.108, host: pr-hdds-2386-kbj7l-2529383104, networkLocation: /default-rack, certSerialId: null}, Type:RATIS, Factor:ONE, State:ALLOCATED]
2019-11-17 03:24:04,614 [main] INFO  ozone.MiniOzoneClusterImpl (MiniOzoneClusterImpl.java:lambda$waitForClusterToBeReady$0(150)) - Waiting for nodes to be ready. Got 2 of 3 DN Heartbeats.
2019-11-17 03:24:04,614 [main] INFO  ozone.MiniOzoneClusterImpl (MiniOzoneClusterImpl.java:lambda$waitForClusterToBeReady$0(153)) - Waiting for cluster to exit safe mode
2019-11-17 03:24:04,615 [IPC Server handler 2 on 39439] INFO  net.NetworkTopology (NetworkTopologyImpl.java:add(111)) - Added a new node: /default-rack/8cec9330-4330-4bf2-ba04-d50f33bc118d
2019-11-17 03:24:04,616 [IPC Server handler 2 on 39439] INFO  node.SCMNodeManager (SCMNodeManager.java:register(267)) - Registered Data node : 8cec9330-4330-4bf2-ba04-d50f33bc118d{ip: 192.168.69.108, host: pr-hdds-2386-kbj7l-2529383104, networkLocation: /default-rack, certSerialId: null}
2019-11-17 03:24:04,616 [RatisPipelineUtilsThread] INFO  pipeline.RatisPipelineProvider (RatisPipelineProvider.java:lambda$create$4(163)) - Send pipeline:PipelineID=12cf9e98-6a5a-44f7-8cb6-94151d1129d6 create command to datanode 8cec9330-4330-4bf2-ba04-d50f33bc118d
2019-11-17 03:24:04,616 [EventQueue-NodeRegistrationContainerReportForContainerSafeModeRule] INFO  safemode.SCMSafeModeManager (SCMSafeModeManager.java:validateSafeModeExitRules(176)) - ContainerSafeModeRule rule is successfully validated
2019-11-17 03:24:04,617 [EventQueue-NodeRegistrationContainerReportForDataNodeSafeModeRule] INFO  safemode.SCMSafeModeManager (SCMSafeModeManager.java:validateSafeModeExitRules(176)) - DataNodeSafeModeRule rule is successfully validated
2019-11-17 03:24:04,617 [RatisPipelineUtilsThread] INFO  pipeline.PipelineStateManager (PipelineStateManager.java:addPipeline(55)) - Created pipeline Pipeline[ Id: 12cf9e98-6a5a-44f7-8cb6-94151d1129d6, Nodes: 8cec9330-4330-4bf2-ba04-d50f33bc118d{ip: 192.168.69.108, host: pr-hdds-2386-kbj7l-2529383104, networkLocation: /default-rack, certSerialId: null}, Type:RATIS, Factor:ONE, State:ALLOCATED]
2019-11-17 03:24:04,618 [RatisPipelineUtilsThread] INFO  pipeline.RatisPipelineProvider (RatisPipelineProvider.java:lambda$create$4(163)) - Send pipeline:PipelineID=249b48d7-39e6-422c-99c8-15a5e976efc6 create command to datanode 03b1666e-145c-4b53-bd68-00f78b8b8fe6
2019-11-17 03:24:04,618 [RatisPipelineUtilsThread] INFO  pipeline.RatisPipelineProvider (RatisPipelineProvider.java:lambda$create$4(163)) - Send pipeline:PipelineID=249b48d7-39e6-422c-99c8-15a5e976efc6 create command to datanode 8cec9330-4330-4bf2-ba04-d50f33bc118d
2019-11-17 03:24:04,619 [RatisPipelineUtilsThread] INFO  pipeline.RatisPipelineProvider (RatisPipelineProvider.java:lambda$create$4(163)) - Send pipeline:PipelineID=249b48d7-39e6-422c-99c8-15a5e976efc6 create command to datanode e06f3018-defa-4092-9e97-706c02b761b9
2019-11-17 03:24:04,619 [RatisPipelineUtilsThread] INFO  pipeline.PipelineStateManager (PipelineStateManager.java:addPipeline(55)) - Created pipeline Pipeline[ Id: 249b48d7-39e6-422c-99c8-15a5e976efc6, Nodes: 03b1666e-145c-4b53-bd68-00f78b8b8fe6{ip: 192.168.69.108, host: pr-hdds-2386-kbj7l-2529383104, networkLocation: /default-rack, certSerialId: null}8cec9330-4330-4bf2-ba04-d50f33bc118d{ip: 192.168.69.108, host: pr-hdds-2386-kbj7l-2529383104, networkLocation: /default-rack, certSerialId: null}e06f3018-defa-4092-9e97-706c02b761b9{ip: 192.168.69.108, host: pr-hdds-2386-kbj7l-2529383104, networkLocation: /default-rack, certSerialId: null}, Type:RATIS, Factor:THREE, State:ALLOCATED]
2019-11-17 03:24:05,615 [main] INFO  ozone.MiniOzoneClusterImpl (MiniOzoneClusterImpl.java:lambda$waitForClusterToBeReady$0(150)) - Nodes are ready. Got 3 of 3 DN Heartbeats.
2019-11-17 03:24:05,615 [main] INFO  ozone.MiniOzoneClusterImpl (MiniOzoneClusterImpl.java:lambda$waitForClusterToBeReady$0(153)) - Waiting for cluster to exit safe mode
2019-11-17 03:24:06,615 [main] INFO  ozone.MiniOzoneClusterImpl (MiniOzoneClusterImpl.java:lambda$waitForClusterToBeReady$0(150)) - Nodes are ready. Got 3 of 3 DN Heartbeats.
2019-11-17 03:24:06,616 [main] INFO  ozone.MiniOzoneClusterImpl (MiniOzoneClusterImpl.java:lambda$waitForClusterToBeReady$0(153)) - Waiting for cluster to exit safe mode
2019-11-17 03:24:07,480 [Command processor thread] INFO  impl.RaftServerProxy (RaftServerProxy.java:addNew(89)) - 03b1666e-145c-4b53-bd68-00f78b8b8fe6: addNew group-F598B499DDBC:[03b1666e-145c-4b53-bd68-00f78b8b8fe6:192.168.69.108:38932] returns group-F598B499DDBC:java.util.concurrent.CompletableFuture@70d9ac3f[Not completed]
2019-11-17 03:24:07,503 [pool-27-thread-1] INFO  impl.RaftServerImpl (RaftServerImpl.java:<init>(98)) - 03b1666e-145c-4b53-bd68-00f78b8b8fe6: new RaftServerImpl for group-F598B499DDBC:[03b1666e-145c-4b53-bd68-00f78b8b8fe6:192.168.69.108:38932] with ContainerStateMachine:uninitialized
2019-11-17 03:24:07,506 [pool-27-thread-1] INFO  server.RaftServerConfigKeys (ConfUtils.java:logGet(43)) - raft.server.rpc.timeout.min = 5s (custom)
2019-11-17 03:24:07,507 [pool-27-thread-1] INFO  server.RaftServerConfigKeys (ConfUtils.java:logGet(43)) - raft.server.rpc.timeout.max = 5200ms (custom)
2019-11-17 03:24:07,508 [pool-27-thread-1] INFO  server.RaftServerConfigKeys (ConfUtils.java:logGet(43)) - raft.server.rpcslowness.timeout = 120s (custom)
2019-11-17 03:24:07,509 [pool-27-thread-1] INFO  server.RaftServerConfigKeys (ConfUtils.java:logGet(43)) - raft.server.sleep.deviation.threshold = 300 (default)
2019-11-17 03:24:07,510 [pool-27-thread-1] INFO  server.RaftServerConfigKeys (ConfUtils.java:logGet(43)) - raft.server.log.appender.install.snapshot.enabled = false (custom)
2019-11-17 03:24:07,521 [pool-27-thread-1] INFO  impl.RaftServerImpl (ServerState.java:<init>(103)) - 03b1666e-145c-4b53-bd68-00f78b8b8fe6@group-F598B499DDBC: ConfigurationManager, init=-1: [03b1666e-145c-4b53-bd68-00f78b8b8fe6:192.168.69.108:38932], old=null, confs=<EMPTY_MAP>
2019-11-17 03:24:07,521 [Command processor thread] INFO  impl.RaftServerProxy (RaftServerProxy.java:addNew(89)) - e06f3018-defa-4092-9e97-706c02b761b9: addNew group-F5FCEED6840E:[e06f3018-defa-4092-9e97-706c02b761b9:192.168.69.108:41795] returns group-F5FCEED6840E:java.util.concurrent.CompletableFuture@b8ddd39[Not completed]
2019-11-17 03:24:07,521 [pool-27-thread-1] INFO  server.RaftServerConfigKeys (ConfUtils.java:logGet(43)) - raft.server.storage.dir = [/workdir/hadoop-ozone/tools/target/test-dir/MiniOzoneClusterImpl-7dc4cadb-dfd3-446b-9db4-aa1eea265744/datanode-0/data/ratis] (custom)
2019-11-17 03:24:07,550 [pool-37-thread-1] INFO  impl.RaftServerImpl (RaftServerImpl.java:<init>(98)) - e06f3018-defa-4092-9e97-706c02b761b9: new RaftServerImpl for group-F5FCEED6840E:[e06f3018-defa-4092-9e97-706c02b761b9:192.168.69.108:41795] with ContainerStateMachine:uninitialized
2019-11-17 03:24:07,552 [pool-37-thread-1] INFO  server.RaftServerConfigKeys (ConfUtils.java:logGet(43)) - raft.server.rpc.timeout.min = 5s (custom)
2019-11-17 03:24:07,552 [pool-37-thread-1] INFO  server.RaftServerConfigKeys (ConfUtils.java:logGet(43)) - raft.server.rpc.timeout.max = 5200ms (custom)
2019-11-17 03:24:07,552 [pool-37-thread-1] INFO  server.RaftServerConfigKeys (ConfUtils.java:logGet(43)) - raft.server.rpcslowness.timeout = 120s (custom)
2019-11-17 03:24:07,553 [pool-37-thread-1] INFO  server.RaftServerConfigKeys (ConfUtils.java:logGet(43)) - raft.server.sleep.deviation.threshold = 300 (default)
2019-11-17 03:24:07,553 [pool-37-thread-1] INFO  server.RaftServerConfigKeys (ConfUtils.java:logGet(43)) - raft.server.log.appender.install.snapshot.enabled = false (custom)
2019-11-17 03:24:07,553 [pool-37-thread-1] INFO  impl.RaftServerImpl (ServerState.java:<init>(103)) - e06f3018-defa-4092-9e97-706c02b761b9@group-F5FCEED6840E: ConfigurationManager, init=-1: [e06f3018-defa-4092-9e97-706c02b761b9:192.168.69.108:41795], old=null, confs=<EMPTY_MAP>
2019-11-17 03:24:07,553 [pool-37-thread-1] INFO  server.RaftServerConfigKeys (ConfUtils.java:logGet(43)) - raft.server.storage.dir = [/workdir/hadoop-ozone/tools/target/test-dir/MiniOzoneClusterImpl-7dc4cadb-dfd3-446b-9db4-aa1eea265744/datanode-1/data/ratis] (custom)
2019-11-17 03:24:07,558 [pool-37-thread-1] INFO  server.RaftServerConfigKeys (ConfUtils.java:logGet(43)) - raft.server.log.corruption.policy = EXCEPTION (default)
2019-11-17 03:24:07,558 [pool-27-thread-1] INFO  server.RaftServerConfigKeys (ConfUtils.java:logGet(43)) - raft.server.log.corruption.policy = EXCEPTION (default)
2019-11-17 03:24:07,561 [pool-37-thread-1] INFO  storage.RaftStorageDirectory (RaftStorageDirectory.java:analyzeStorage(246)) - The storage directory /workdir/hadoop-ozone/tools/target/test-dir/MiniOzoneClusterImpl-7dc4cadb-dfd3-446b-9db4-aa1eea265744/datanode-1/data/ratis/44590713-be94-4921-9678-f5fceed6840e does not exist. Creating ...
2019-11-17 03:24:07,561 [pool-27-thread-1] INFO  storage.RaftStorageDirectory (RaftStorageDirectory.java:analyzeStorage(246)) - The storage directory /workdir/hadoop-ozone/tools/target/test-dir/MiniOzoneClusterImpl-7dc4cadb-dfd3-446b-9db4-aa1eea265744/datanode-0/data/ratis/93cf102f-3176-453f-bcc3-f598b499ddbc does not exist. Creating ...
2019-11-17 03:24:07,582 [pool-27-thread-1] INFO  storage.RaftStorageDirectory (RaftStorageDirectory.java:tryLock(328)) - Lock on /workdir/hadoop-ozone/tools/target/test-dir/MiniOzoneClusterImpl-7dc4cadb-dfd3-446b-9db4-aa1eea265744/datanode-0/data/ratis/93cf102f-3176-453f-bcc3-f598b499ddbc/in_use.lock acquired by nodename 27854@pr-hdds-2386-kbj7l-2529383104
2019-11-17 03:24:07,582 [pool-37-thread-1] INFO  storage.RaftStorageDirectory (RaftStorageDirectory.java:tryLock(328)) - Lock on /workdir/hadoop-ozone/tools/target/test-dir/MiniOzoneClusterImpl-7dc4cadb-dfd3-446b-9db4-aa1eea265744/datanode-1/data/ratis/44590713-be94-4921-9678-f5fceed6840e/in_use.lock acquired by nodename 27854@pr-hdds-2386-kbj7l-2529383104
2019-11-17 03:24:07,600 [pool-27-thread-1] INFO  storage.RaftStorage (RaftStorage.java:format(84)) - Storage directory /workdir/hadoop-ozone/tools/target/test-dir/MiniOzoneClusterImpl-7dc4cadb-dfd3-446b-9db4-aa1eea265744/datanode-0/data/ratis/93cf102f-3176-453f-bcc3-f598b499ddbc has been successfully formatted.
2019-11-17 03:24:07,600 [pool-37-thread-1] INFO  storage.RaftStorage (RaftStorage.java:format(84)) - Storage directory /workdir/hadoop-ozone/tools/target/test-dir/MiniOzoneClusterImpl-7dc4cadb-dfd3-446b-9db4-aa1eea265744/datanode-1/data/ratis/44590713-be94-4921-9678-f5fceed6840e has been successfully formatted.
2019-11-17 03:24:07,605 [pool-37-thread-1] INFO  ratis.ContainerStateMachine (ContainerStateMachine.java:loadSnapshot(223)) - group-F5FCEED6840E: The snapshot info is null. Setting the last applied indexto:(t:0, i:~)
2019-11-17 03:24:07,605 [pool-27-thread-1] INFO  ratis.ContainerStateMachine (ContainerStateMachine.java:loadSnapshot(223)) - group-F598B499DDBC: The snapshot info is null. Setting the last applied indexto:(t:0, i:~)
2019-11-17 03:24:07,606 [pool-37-thread-1] INFO  server.RaftServerConfigKeys (ConfUtils.java:logGet(43)) - raft.server.notification.no-leader.timeout = 120s (custom)
2019-11-17 03:24:07,606 [pool-27-thread-1] INFO  server.RaftServerConfigKeys (ConfUtils.java:logGet(43)) - raft.server.notification.no-leader.timeout = 120s (custom)
2019-11-17 03:24:07,609 [pool-37-thread-1] INFO  server.RaftServerConfigKeys (ConfUtils.java:logGet(43)) - raft.server.log.use.memory = false (default)
2019-11-17 03:24:07,609 [pool-27-thread-1] INFO  server.RaftServerConfigKeys (ConfUtils.java:logGet(43)) - raft.server.log.use.memory = false (default)
2019-11-17 03:24:07,614 [Command processor thread] INFO  impl.RaftServerProxy (RaftServerProxy.java:addNew(89)) - 8cec9330-4330-4bf2-ba04-d50f33bc118d: addNew group-94151D1129D6:[8cec9330-4330-4bf2-ba04-d50f33bc118d:192.168.69.108:35471] returns group-94151D1129D6:java.util.concurrent.CompletableFuture@38c32611[Not completed]
2019-11-17 03:24:07,616 [main] INFO  ozone.MiniOzoneClusterImpl (MiniOzoneClusterImpl.java:lambda$waitForClusterToBeReady$0(150)) - Nodes are ready. Got 3 of 3 DN Heartbeats.
2019-11-17 03:24:07,628 [main] INFO  ozone.MiniOzoneClusterImpl (MiniOzoneClusterImpl.java:lambda$waitForClusterToBeReady$0(153)) - Waiting for cluster to exit safe mode
2019-11-17 03:24:07,633 [pool-47-thread-1] INFO  impl.RaftServerImpl (RaftServerImpl.java:<init>(98)) - 8cec9330-4330-4bf2-ba04-d50f33bc118d: new RaftServerImpl for group-94151D1129D6:[8cec9330-4330-4bf2-ba04-d50f33bc118d:192.168.69.108:35471] with ContainerStateMachine:uninitialized
2019-11-17 03:24:07,634 [pool-47-thread-1] INFO  server.RaftServerConfigKeys (ConfUtils.java:logGet(43)) - raft.server.rpc.timeout.min = 5s (custom)
2019-11-17 03:24:07,634 [pool-47-thread-1] INFO  server.RaftServerConfigKeys (ConfUtils.java:logGet(43)) - raft.server.rpc.timeout.max = 5200ms (custom)
2019-11-17 03:24:07,635 [pool-47-thread-1] INFO  server.RaftServerConfigKeys (ConfUtils.java:logGet(43)) - raft.server.rpcslowness.timeout = 120s (custom)
2019-11-17 03:24:07,635 [pool-37-thread-1] INFO  server.RaftServerConfigKeys (ConfUtils.java:logGet(43)) - raft.server.log.purge.gap = 1000000 (custom)
2019-11-17 03:24:07,635 [pool-47-thread-1] INFO  server.RaftServerConfigKeys (ConfUtils.java:logGet(43)) - raft.server.sleep.deviation.threshold = 300 (default)
2019-11-17 03:24:07,635 [pool-37-thread-1] INFO  server.RaftServerConfigKeys (ConfUtils.java:logGet(43)) - raft.server.log.appender.buffer.byte-limit = 33554432 (custom)
2019-11-17 03:24:07,635 [pool-27-thread-1] INFO  server.RaftServerConfigKeys (ConfUtils.java:logGet(43)) - raft.server.log.purge.gap = 1000000 (custom)
2019-11-17 03:24:07,635 [pool-47-thread-1] INFO  server.RaftServerConfigKeys (ConfUtils.java:logGet(43)) - raft.server.log.appender.install.snapshot.enabled = false (custom)
2019-11-17 03:24:07,636 [pool-27-thread-1] INFO  server.RaftServerConfigKeys (ConfUtils.java:logGet(43)) - raft.server.log.appender.buffer.byte-limit = 33554432 (custom)
2019-11-17 03:24:07,636 [pool-47-thread-1] INFO  impl.RaftServerImpl (ServerState.java:<init>(103)) - 8cec9330-4330-4bf2-ba04-d50f33bc118d@group-94151D1129D6: ConfigurationManager, init=-1: [8cec9330-4330-4bf2-ba04-d50f33bc118d:192.168.69.108:35471], old=null, confs=<EMPTY_MAP>
2019-11-17 03:24:07,636 [pool-47-thread-1] INFO  server.RaftServerConfigKeys (ConfUtils.java:logGet(43)) - raft.server.storage.dir = [/workdir/hadoop-ozone/tools/target/test-dir/MiniOzoneClusterImpl-7dc4cadb-dfd3-446b-9db4-aa1eea265744/datanode-2/data/ratis] (custom)
2019-11-17 03:24:07,637 [pool-47-thread-1] INFO  server.RaftServerConfigKeys (ConfUtils.java:logGet(43)) - raft.server.log.corruption.policy = EXCEPTION (default)
2019-11-17 03:24:07,637 [pool-47-thread-1] INFO  storage.RaftStorageDirectory (RaftStorageDirectory.java:analyzeStorage(246)) - The storage directory /workdir/hadoop-ozone/tools/target/test-dir/MiniOzoneClusterImpl-7dc4cadb-dfd3-446b-9db4-aa1eea265744/datanode-2/data/ratis/12cf9e98-6a5a-44f7-8cb6-94151d1129d6 does not exist. Creating ...
2019-11-17 03:24:07,638 [pool-37-thread-1] INFO  server.RaftServerConfigKeys (ConfUtils.java:logGet(43)) - raft.server.log.segment.size.max = 1048576 (custom)
2019-11-17 03:24:07,638 [pool-27-thread-1] INFO  server.RaftServerConfigKeys (ConfUtils.java:logGet(43)) - raft.server.log.segment.size.max = 1048576 (custom)
2019-11-17 03:24:07,644 [pool-37-thread-1] INFO  metrics.MetricRegistries (MetricRegistriesLoader.java:load(64)) - Loaded MetricRegistries class org.apache.ratis.metrics.impl.MetricRegistriesImpl
2019-11-17 03:24:07,649 [pool-37-thread-1] WARN  impl.MetricRegistriesImpl (MetricRegistriesImpl.java:lambda$create$1(61)) - First MetricRegistry has been created without registering reporters. You may need to call MetricRegistries.global().addReportRegistration(...) before.
2019-11-17 03:24:07,649 [pool-27-thread-1] WARN  impl.MetricRegistriesImpl (MetricRegistriesImpl.java:lambda$create$1(61)) - First MetricRegistry has been created without registering reporters. You may need to call MetricRegistries.global().addReportRegistration(...) before.
2019-11-17 03:24:07,650 [pool-47-thread-1] INFO  storage.RaftStorageDirectory (RaftStorageDirectory.java:tryLock(328)) - Lock on /workdir/hadoop-ozone/tools/target/test-dir/MiniOzoneClusterImpl-7dc4cadb-dfd3-446b-9db4-aa1eea265744/datanode-2/data/ratis/12cf9e98-6a5a-44f7-8cb6-94151d1129d6/in_use.lock acquired by nodename 27854@pr-hdds-2386-kbj7l-2529383104
2019-11-17 03:24:07,656 [pool-37-thread-1] INFO  server.RaftServerConfigKeys (ConfUtils.java:logGet(43)) - raft.server.log.segment.cache.num.max = 2 (custom)
2019-11-17 03:24:07,656 [pool-27-thread-1] INFO  server.RaftServerConfigKeys (ConfUtils.java:logGet(43)) - raft.server.log.segment.cache.num.max = 2 (custom)
2019-11-17 03:24:07,662 [pool-47-thread-1] INFO  storage.RaftStorage (RaftStorage.java:format(84)) - Storage directory /workdir/hadoop-ozone/tools/target/test-dir/MiniOzoneClusterImpl-7dc4cadb-dfd3-446b-9db4-aa1eea265744/datanode-2/data/ratis/12cf9e98-6a5a-44f7-8cb6-94151d1129d6 has been successfully formatted.
2019-11-17 03:24:07,662 [pool-37-thread-1] INFO  segmented.SegmentedRaftLogWorker (SegmentedRaftLogWorker.java:<init>(173)) - new e06f3018-defa-4092-9e97-706c02b761b9@group-F5FCEED6840E-SegmentedRaftLogWorker for RaftStorage:Storage Directory /workdir/hadoop-ozone/tools/target/test-dir/MiniOzoneClusterImpl-7dc4cadb-dfd3-446b-9db4-aa1eea265744/datanode-1/data/ratis/44590713-be94-4921-9678-f5fceed6840e
2019-11-17 03:24:07,662 [pool-27-thread-1] INFO  segmented.SegmentedRaftLogWorker (SegmentedRaftLogWorker.java:<init>(173)) - new 03b1666e-145c-4b53-bd68-00f78b8b8fe6@group-F598B499DDBC-SegmentedRaftLogWorker for RaftStorage:Storage Directory /workdir/hadoop-ozone/tools/target/test-dir/MiniOzoneClusterImpl-7dc4cadb-dfd3-446b-9db4-aa1eea265744/datanode-0/data/ratis/93cf102f-3176-453f-bcc3-f598b499ddbc
2019-11-17 03:24:07,663 [pool-47-thread-1] INFO  ratis.ContainerStateMachine (ContainerStateMachine.java:loadSnapshot(223)) - group-94151D1129D6: The snapshot info is null. Setting the last applied indexto:(t:0, i:~)
2019-11-17 03:24:07,663 [pool-37-thread-1] INFO  server.RaftServerConfigKeys (ConfUtils.java:logGet(43)) - raft.server.log.queue.byte-limit = 2147483647 (custom)
2019-11-17 03:24:07,663 [pool-47-thread-1] INFO  server.RaftServerConfigKeys (ConfUtils.java:logGet(43)) - raft.server.notification.no-leader.timeout = 120s (custom)
2019-11-17 03:24:07,664 [pool-27-thread-1] INFO  server.RaftServerConfigKeys (ConfUtils.java:logGet(43)) - raft.server.log.queue.byte-limit = 2147483647 (custom)
2019-11-17 03:24:07,664 [pool-47-thread-1] INFO  server.RaftServerConfigKeys (ConfUtils.java:logGet(43)) - raft.server.log.use.memory = false (default)
2019-11-17 03:24:07,664 [pool-27-thread-1] INFO  server.RaftServerConfigKeys (ConfUtils.java:logGet(43)) - raft.server.log.queue.element-limit = 1024 (custom)
2019-11-17 03:24:07,664 [pool-37-thread-1] INFO  server.RaftServerConfigKeys (ConfUtils.java:logGet(43)) - raft.server.log.queue.element-limit = 1024 (custom)
2019-11-17 03:24:07,664 [pool-47-thread-1] INFO  server.RaftServerConfigKeys (ConfUtils.java:logGet(43)) - raft.server.log.purge.gap = 1000000 (custom)
2019-11-17 03:24:07,665 [pool-47-thread-1] INFO  server.RaftServerConfigKeys (ConfUtils.java:logGet(43)) - raft.server.log.appender.buffer.byte-limit = 33554432 (custom)
2019-11-17 03:24:07,665 [pool-47-thread-1] INFO  server.RaftServerConfigKeys (ConfUtils.java:logGet(43)) - raft.server.log.segment.size.max = 1048576 (custom)
2019-11-17 03:24:07,665 [pool-47-thread-1] WARN  impl.MetricRegistriesImpl (MetricRegistriesImpl.java:lambda$create$1(61)) - First MetricRegistry has been created without registering reporters. You may need to call MetricRegistries.global().addReportRegistration(...) before.
2019-11-17 03:24:07,665 [pool-47-thread-1] INFO  server.RaftServerConfigKeys (ConfUtils.java:logGet(43)) - raft.server.log.segment.cache.num.max = 2 (custom)
2019-11-17 03:24:07,666 [pool-47-thread-1] INFO  segmented.SegmentedRaftLogWorker (SegmentedRaftLogWorker.java:<init>(173)) - new 8cec9330-4330-4bf2-ba04-d50f33bc118d@group-94151D1129D6-SegmentedRaftLogWorker for RaftStorage:Storage Directory /workdir/hadoop-ozone/tools/target/test-dir/MiniOzoneClusterImpl-7dc4cadb-dfd3-446b-9db4-aa1eea265744/datanode-2/data/ratis/12cf9e98-6a5a-44f7-8cb6-94151d1129d6
2019-11-17 03:24:07,666 [pool-47-thread-1] INFO  server.RaftServerConfigKeys (ConfUtils.java:logGet(43)) - raft.server.log.queue.byte-limit = 2147483647 (custom)
2019-11-17 03:24:07,666 [pool-37-thread-1] INFO  server.RaftServerConfigKeys (ConfUtils.java:logGet(43)) - raft.server.log.segment.size.max = 1048576 (custom)
2019-11-17 03:24:07,666 [pool-47-thread-1] INFO  server.RaftServerConfigKeys (ConfUtils.java:logGet(43)) - raft.server.log.queue.element-limit = 1024 (custom)
2019-11-17 03:24:07,666 [pool-27-thread-1] INFO  server.RaftServerConfigKeys (ConfUtils.java:logGet(43)) - raft.server.log.segment.size.max = 1048576 (custom)
2019-11-17 03:24:07,666 [pool-47-thread-1] INFO  server.RaftServerConfigKeys (ConfUtils.java:logGet(43)) - raft.server.log.segment.size.max = 1048576 (custom)
2019-11-17 03:24:07,666 [pool-27-thread-1] INFO  server.RaftServerConfigKeys (ConfUtils.java:logGet(43)) - raft.server.log.preallocated.size = 16384 (custom)
2019-11-17 03:24:07,666 [pool-37-thread-1] INFO  server.RaftServerConfigKeys (ConfUtils.java:logGet(43)) - raft.server.log.preallocated.size = 16384 (custom)
2019-11-17 03:24:07,667 [pool-47-thread-1] INFO  server.RaftServerConfigKeys (ConfUtils.java:logGet(43)) - raft.server.log.preallocated.size = 16384 (custom)
2019-11-17 03:24:07,667 [pool-37-thread-1] INFO  server.RaftServerConfigKeys (ConfUtils.java:logGet(43)) - raft.server.log.write.buffer.size = 33554432 (custom)
2019-11-17 03:24:07,667 [pool-27-thread-1] INFO  server.RaftServerConfigKeys (ConfUtils.java:logGet(43)) - raft.server.log.write.buffer.size = 33554432 (custom)
2019-11-17 03:24:07,667 [pool-47-thread-1] INFO  server.RaftServerConfigKeys (ConfUtils.java:logGet(43)) - raft.server.log.write.buffer.size = 33554432 (custom)
2019-11-17 03:24:07,668 [pool-37-thread-1] INFO  server.RaftServerConfigKeys (ConfUtils.java:logGet(43)) - raft.server.log.force.sync.num = 128 (default)
2019-11-17 03:24:07,668 [pool-47-thread-1] INFO  server.RaftServerConfigKeys (ConfUtils.java:logGet(43)) - raft.server.log.force.sync.num = 128 (default)
2019-11-17 03:24:07,668 [pool-27-thread-1] INFO  server.RaftServerConfigKeys (ConfUtils.java:logGet(43)) - raft.server.log.force.sync.num = 128 (default)
2019-11-17 03:24:07,669 [pool-37-thread-1] INFO  server.RaftServerConfigKeys (ConfUtils.java:logGet(43)) - raft.server.log.statemachine.data.sync = true (default)
2019-11-17 03:24:07,669 [pool-47-thread-1] INFO  server.RaftServerConfigKeys (ConfUtils.java:logGet(43)) - raft.server.log.statemachine.data.sync = true (default)
2019-11-17 03:24:07,669 [pool-37-thread-1] INFO  server.RaftServerConfigKeys (ConfUtils.java:logGet(43)) - raft.server.log.statemachine.data.sync.timeout = 10s (default)
2019-11-17 03:24:07,669 [pool-27-thread-1] INFO  server.RaftServerConfigKeys (ConfUtils.java:logGet(43)) - raft.server.log.statemachine.data.sync = true (default)
2019-11-17 03:24:07,669 [pool-47-thread-1] INFO  server.RaftServerConfigKeys (ConfUtils.java:logGet(43)) - raft.server.log.statemachine.data.sync.timeout = 10s (default)
2019-11-17 03:24:07,670 [pool-27-thread-1] INFO  server.RaftServerConfigKeys (ConfUtils.java:logGet(43)) - raft.server.log.statemachine.data.sync.timeout = 10s (default)
2019-11-17 03:24:07,670 [pool-37-thread-1] INFO  server.RaftServerConfigKeys (ConfUtils.java:logGet(43)) - raft.server.log.statemachine.data.sync.timeout.retry = -1 (default)
2019-11-17 03:24:07,670 [pool-47-thread-1] INFO  server.RaftServerConfigKeys (ConfUtils.java:logGet(43)) - raft.server.log.statemachine.data.sync.timeout.retry = -1 (default)
2019-11-17 03:24:07,670 [pool-27-thread-1] INFO  server.RaftServerConfigKeys (ConfUtils.java:logGet(43)) - raft.server.log.statemachine.data.sync.timeout.retry = -1 (default)
2019-11-17 03:24:07,688 [pool-47-thread-1] INFO  server.RaftServerConfigKeys (ConfUtils.java:logGet(43)) - raft.server.log.statemachine.data.caching.enabled = true (custom)
2019-11-17 03:24:07,688 [pool-27-thread-1] INFO  server.RaftServerConfigKeys (ConfUtils.java:logGet(43)) - raft.server.log.statemachine.data.caching.enabled = true (custom)
2019-11-17 03:24:07,688 [pool-37-thread-1] INFO  server.RaftServerConfigKeys (ConfUtils.java:logGet(43)) - raft.server.log.statemachine.data.caching.enabled = true (custom)
2019-11-17 03:24:07,696 [pool-37-thread-1] INFO  segmented.SegmentedRaftLogWorker (SegmentedRaftLogWorker.java:lambda$new$0(128)) - e06f3018-defa-4092-9e97-706c02b761b9@group-F5FCEED6840E-SegmentedRaftLogWorker: flushIndex: setUnconditionally 0 -> -1
2019-11-17 03:24:07,696 [pool-47-thread-1] INFO  segmented.SegmentedRaftLogWorker (SegmentedRaftLogWorker.java:lambda$new$0(128)) - 8cec9330-4330-4bf2-ba04-d50f33bc118d@group-94151D1129D6-SegmentedRaftLogWorker: flushIndex: setUnconditionally 0 -> -1
2019-11-17 03:24:07,697 [pool-27-thread-1] INFO  segmented.SegmentedRaftLogWorker (SegmentedRaftLogWorker.java:lambda$new$0(128)) - 03b1666e-145c-4b53-bd68-00f78b8b8fe6@group-F598B499DDBC-SegmentedRaftLogWorker: flushIndex: setUnconditionally 0 -> -1
2019-11-17 03:24:07,701 [pool-37-thread-1] INFO  server.RaftServerConfigKeys (ConfUtils.java:logGet(43)) - raft.server.snapshot.auto.trigger.enabled = true (custom)
2019-11-17 03:24:07,701 [pool-27-thread-1] INFO  server.RaftServerConfigKeys (ConfUtils.java:logGet(43)) - raft.server.snapshot.auto.trigger.enabled = true (custom)
2019-11-17 03:24:07,701 [pool-47-thread-1] INFO  server.RaftServerConfigKeys (ConfUtils.java:logGet(43)) - raft.server.snapshot.auto.trigger.enabled = true (custom)
2019-11-17 03:24:07,703 [pool-37-thread-1] INFO  server.RaftServerConfigKeys (ConfUtils.java:logGet(43)) - raft.server.snapshot.auto.trigger.threshold = 10000 (custom)
2019-11-17 03:24:07,703 [pool-27-thread-1] INFO  server.RaftServerConfigKeys (ConfUtils.java:logGet(43)) - raft.server.snapshot.auto.trigger.threshold = 10000 (custom)
2019-11-17 03:24:07,703 [pool-47-thread-1] INFO  server.RaftServerConfigKeys (ConfUtils.java:logGet(43)) - raft.server.snapshot.auto.trigger.threshold = 10000 (custom)
2019-11-17 03:24:07,704 [pool-37-thread-1] INFO  server.RaftServerConfigKeys (ConfUtils.java:logGet(43)) - raft.server.snapshot.retention.file.num = 5 (custom)
2019-11-17 03:24:07,704 [pool-47-thread-1] INFO  server.RaftServerConfigKeys (ConfUtils.java:logGet(43)) - raft.server.snapshot.retention.file.num = 5 (custom)
2019-11-17 03:24:07,704 [pool-27-thread-1] INFO  server.RaftServerConfigKeys (ConfUtils.java:logGet(43)) - raft.server.snapshot.retention.file.num = 5 (custom)
2019-11-17 03:24:07,704 [pool-47-thread-1] INFO  server.RaftServerConfigKeys (ConfUtils.java:logGet(43)) - raft.server.retrycache.expirytime = 600000ms (custom)
2019-11-17 03:24:07,704 [pool-37-thread-1] INFO  server.RaftServerConfigKeys (ConfUtils.java:logGet(43)) - raft.server.retrycache.expirytime = 600000ms (custom)
2019-11-17 03:24:07,704 [pool-27-thread-1] INFO  server.RaftServerConfigKeys (ConfUtils.java:logGet(43)) - raft.server.retrycache.expirytime = 600000ms (custom)
2019-11-17 03:24:07,735 [pool-27-thread-1] WARN  impl.MetricRegistriesImpl (MetricRegistriesImpl.java:lambda$create$1(61)) - First MetricRegistry has been created without registering reporters. You may need to call MetricRegistries.global().addReportRegistration(...) before.
2019-11-17 03:24:07,735 [pool-37-thread-1] WARN  impl.MetricRegistriesImpl (MetricRegistriesImpl.java:lambda$create$1(61)) - First MetricRegistry has been created without registering reporters. You may need to call MetricRegistries.global().addReportRegistration(...) before.
2019-11-17 03:24:07,737 [pool-47-thread-1] WARN  impl.MetricRegistriesImpl (MetricRegistriesImpl.java:lambda$create$1(61)) - First MetricRegistry has been created without registering reporters. You may need to call MetricRegistries.global().addReportRegistration(...) before.
2019-11-17 03:24:07,738 [pool-47-thread-1] WARN  impl.MetricRegistriesImpl (MetricRegistriesImpl.java:lambda$create$1(61)) - First MetricRegistry has been created without registering reporters. You may need to call MetricRegistries.global().addReportRegistration(...) before.
2019-11-17 03:24:07,738 [pool-27-thread-1] WARN  impl.MetricRegistriesImpl (MetricRegistriesImpl.java:lambda$create$1(61)) - First MetricRegistry has been created without registering reporters. You may need to call MetricRegistries.global().addReportRegistration(...) before.
2019-11-17 03:24:07,743 [pool-37-thread-1] WARN  impl.MetricRegistriesImpl (MetricRegistriesImpl.java:lambda$create$1(61)) - First MetricRegistry has been created without registering reporters. You may need to call MetricRegistries.global().addReportRegistration(...) before.
2019-11-17 03:24:07,745 [pool-47-thread-1] INFO  impl.RaftServerImpl (RaftServerImpl.java:start(184)) - 8cec9330-4330-4bf2-ba04-d50f33bc118d@group-94151D1129D6: start as a follower, conf=-1: [8cec9330-4330-4bf2-ba04-d50f33bc118d:192.168.69.108:35471], old=null
2019-11-17 03:24:07,745 [pool-27-thread-1] INFO  impl.RaftServerImpl (RaftServerImpl.java:start(184)) - 03b1666e-145c-4b53-bd68-00f78b8b8fe6@group-F598B499DDBC: start as a follower, conf=-1: [03b1666e-145c-4b53-bd68-00f78b8b8fe6:192.168.69.108:38932], old=null
2019-11-17 03:24:07,745 [pool-37-thread-1] INFO  impl.RaftServerImpl (RaftServerImpl.java:start(184)) - e06f3018-defa-4092-9e97-706c02b761b9@group-F5FCEED6840E: start as a follower, conf=-1: [e06f3018-defa-4092-9e97-706c02b761b9:192.168.69.108:41795], old=null
2019-11-17 03:24:07,748 [pool-47-thread-1] INFO  impl.RaftServerImpl (RaftServerImpl.java:setRole(173)) - 8cec9330-4330-4bf2-ba04-d50f33bc118d@group-94151D1129D6: changes role from      null to FOLLOWER at term 0 for startAsFollower
2019-11-17 03:24:07,748 [pool-27-thread-1] INFO  impl.RaftServerImpl (RaftServerImpl.java:setRole(173)) - 03b1666e-145c-4b53-bd68-00f78b8b8fe6@group-F598B499DDBC: changes role from      null to FOLLOWER at term 0 for startAsFollower
2019-11-17 03:24:07,748 [pool-37-thread-1] INFO  impl.RaftServerImpl (RaftServerImpl.java:setRole(173)) - e06f3018-defa-4092-9e97-706c02b761b9@group-F5FCEED6840E: changes role from      null to FOLLOWER at term 0 for startAsFollower
2019-11-17 03:24:07,750 [pool-37-thread-1] INFO  impl.RoleInfo (RoleInfo.java:updateAndGet(143)) - e06f3018-defa-4092-9e97-706c02b761b9: start FollowerState
2019-11-17 03:24:07,750 [pool-47-thread-1] INFO  impl.RoleInfo (RoleInfo.java:updateAndGet(143)) - 8cec9330-4330-4bf2-ba04-d50f33bc118d: start FollowerState
2019-11-17 03:24:07,751 [pool-27-thread-1] INFO  impl.RoleInfo (RoleInfo.java:updateAndGet(143)) - 03b1666e-145c-4b53-bd68-00f78b8b8fe6: start FollowerState
2019-11-17 03:24:07,753 [pool-47-thread-1] INFO  util.JmxRegister (JmxRegister.java:tryRegister(44)) - Successfully registered JMX Bean with object name Ratis:service=RaftServer,group=group-94151D1129D6,id=8cec9330-4330-4bf2-ba04-d50f33bc118d
2019-11-17 03:24:07,753 [pool-27-thread-1] INFO  util.JmxRegister (JmxRegister.java:tryRegister(44)) - Successfully registered JMX Bean with object name Ratis:service=RaftServer,group=group-F598B499DDBC,id=03b1666e-145c-4b53-bd68-00f78b8b8fe6
2019-11-17 03:24:07,753 [pool-37-thread-1] INFO  util.JmxRegister (JmxRegister.java:tryRegister(44)) - Successfully registered JMX Bean with object name Ratis:service=RaftServer,group=group-F5FCEED6840E,id=e06f3018-defa-4092-9e97-706c02b761b9
2019-11-17 03:24:07,757 [pool-47-thread-1] WARN  impl.MetricRegistriesImpl (MetricRegistriesImpl.java:lambda$create$1(61)) - First MetricRegistry has been created without registering reporters. You may need to call MetricRegistries.global().addReportRegistration(...) before.
2019-11-17 03:24:07,757 [pool-37-thread-1] WARN  impl.MetricRegistriesImpl (MetricRegistriesImpl.java:lambda$create$1(61)) - First MetricRegistry has been created without registering reporters. You may need to call MetricRegistries.global().addReportRegistration(...) before.
2019-11-17 03:24:07,758 [pool-27-thread-1] WARN  impl.MetricRegistriesImpl (MetricRegistriesImpl.java:lambda$create$1(61)) - First MetricRegistry has been created without registering reporters. You may need to call MetricRegistries.global().addReportRegistration(...) before.
2019-11-17 03:24:07,773 [Command processor thread] INFO  commandhandler.CreatePipelineCommandHandler (CreatePipelineCommandHandler.java:handle(86)) - Create Pipeline RATIS ONE #id: "44590713-be94-4921-9678-f5fceed6840e"
 command succeed on datanode e06f3018-defa-4092-9e97-706c02b761b9.
2019-11-17 03:24:07,773 [Command processor thread] INFO  commandhandler.CreatePipelineCommandHandler (CreatePipelineCommandHandler.java:handle(86)) - Create Pipeline RATIS ONE #id: "12cf9e98-6a5a-44f7-8cb6-94151d1129d6"
 command succeed on datanode 8cec9330-4330-4bf2-ba04-d50f33bc118d.
2019-11-17 03:24:07,773 [Command processor thread] INFO  commandhandler.CreatePipelineCommandHandler (CreatePipelineCommandHandler.java:handle(86)) - Create Pipeline RATIS ONE #id: "93cf102f-3176-453f-bcc3-f598b499ddbc"
 command succeed on datanode 03b1666e-145c-4b53-bd68-00f78b8b8fe6.
2019-11-17 03:24:07,779 [Command processor thread] INFO  impl.RaftServerProxy (RaftServerProxy.java:addNew(89)) - 03b1666e-145c-4b53-bd68-00f78b8b8fe6: addNew group-15A5E976EFC6:[8cec9330-4330-4bf2-ba04-d50f33bc118d:192.168.69.108:35471, e06f3018-defa-4092-9e97-706c02b761b9:192.168.69.108:41795, 03b1666e-145c-4b53-bd68-00f78b8b8fe6:192.168.69.108:38932] returns group-15A5E976EFC6:java.util.concurrent.CompletableFuture@5aa83287[Not completed]
2019-11-17 03:24:07,780 [Command processor thread] INFO  impl.RaftServerProxy (RaftServerProxy.java:addNew(89)) - e06f3018-defa-4092-9e97-706c02b761b9: addNew group-15A5E976EFC6:[8cec9330-4330-4bf2-ba04-d50f33bc118d:192.168.69.108:35471, e06f3018-defa-4092-9e97-706c02b761b9:192.168.69.108:41795, 03b1666e-145c-4b53-bd68-00f78b8b8fe6:192.168.69.108:38932] returns group-15A5E976EFC6:java.util.concurrent.CompletableFuture@fb25890[Not completed]
2019-11-17 03:24:07,779 [Command processor thread] INFO  impl.RaftServerProxy (RaftServerProxy.java:addNew(89)) - 8cec9330-4330-4bf2-ba04-d50f33bc118d: addNew group-15A5E976EFC6:[8cec9330-4330-4bf2-ba04-d50f33bc118d:192.168.69.108:35471, e06f3018-defa-4092-9e97-706c02b761b9:192.168.69.108:41795, 03b1666e-145c-4b53-bd68-00f78b8b8fe6:192.168.69.108:38932] returns group-15A5E976EFC6:java.util.concurrent.CompletableFuture@3cfcb5d1[Not completed]
2019-11-17 03:24:07,783 [pool-37-thread-1] INFO  impl.RaftServerImpl (RaftServerImpl.java:<init>(98)) - e06f3018-defa-4092-9e97-706c02b761b9: new RaftServerImpl for group-15A5E976EFC6:[8cec9330-4330-4bf2-ba04-d50f33bc118d:192.168.69.108:35471, e06f3018-defa-4092-9e97-706c02b761b9:192.168.69.108:41795, 03b1666e-145c-4b53-bd68-00f78b8b8fe6:192.168.69.108:38932] with ContainerStateMachine:uninitialized
2019-11-17 03:24:07,783 [pool-37-thread-1] INFO  server.RaftServerConfigKeys (ConfUtils.java:logGet(43)) - raft.server.rpc.timeout.min = 5s (custom)
2019-11-17 03:24:07,784 [pool-37-thread-1] INFO  server.RaftServerConfigKeys (ConfUtils.java:logGet(43)) - raft.server.rpc.timeout.max = 5200ms (custom)
2019-11-17 03:24:07,784 [pool-37-thread-1] INFO  server.RaftServerConfigKeys (ConfUtils.java:logGet(43)) - raft.server.rpcslowness.timeout = 120s (custom)
2019-11-17 03:24:07,784 [pool-37-thread-1] INFO  server.RaftServerConfigKeys (ConfUtils.java:logGet(43)) - raft.server.sleep.deviation.threshold = 300 (default)
2019-11-17 03:24:07,784 [pool-37-thread-1] INFO  server.RaftServerConfigKeys (ConfUtils.java:logGet(43)) - raft.server.log.appender.install.snapshot.enabled = false (custom)
2019-11-17 03:24:07,784 [pool-37-thread-1] INFO  impl.RaftServerImpl (ServerState.java:<init>(103)) - e06f3018-defa-4092-9e97-706c02b761b9@group-15A5E976EFC6: ConfigurationManager, init=-1: [8cec9330-4330-4bf2-ba04-d50f33bc118d:192.168.69.108:35471, e06f3018-defa-4092-9e97-706c02b761b9:192.168.69.108:41795, 03b1666e-145c-4b53-bd68-00f78b8b8fe6:192.168.69.108:38932], old=null, confs=<EMPTY_MAP>
2019-11-17 03:24:07,784 [pool-37-thread-1] INFO  server.RaftServerConfigKeys (ConfUtils.java:logGet(43)) - raft.server.storage.dir = [/workdir/hadoop-ozone/tools/target/test-dir/MiniOzoneClusterImpl-7dc4cadb-dfd3-446b-9db4-aa1eea265744/datanode-1/data/ratis] (custom)
2019-11-17 03:24:07,785 [pool-37-thread-1] INFO  server.RaftServerConfigKeys (ConfUtils.java:logGet(43)) - raft.server.log.corruption.policy = EXCEPTION (default)
2019-11-17 03:24:07,785 [pool-27-thread-1] INFO  impl.RaftServerImpl (RaftServerImpl.java:<init>(98)) - 03b1666e-145c-4b53-bd68-00f78b8b8fe6: new RaftServerImpl for group-15A5E976EFC6:[8cec9330-4330-4bf2-ba04-d50f33bc118d:192.168.69.108:35471, e06f3018-defa-4092-9e97-706c02b761b9:192.168.69.108:41795, 03b1666e-145c-4b53-bd68-00f78b8b8fe6:192.168.69.108:38932] with ContainerStateMachine:uninitialized
2019-11-17 03:24:07,785 [pool-37-thread-1] INFO  storage.RaftStorageDirectory (RaftStorageDirectory.java:analyzeStorage(246)) - The storage directory /workdir/hadoop-ozone/tools/target/test-dir/MiniOzoneClusterImpl-7dc4cadb-dfd3-446b-9db4-aa1eea265744/datanode-1/data/ratis/249b48d7-39e6-422c-99c8-15a5e976efc6 does not exist. Creating ...
2019-11-17 03:24:07,785 [pool-27-thread-1] INFO  server.RaftServerConfigKeys (ConfUtils.java:logGet(43)) - raft.server.rpc.timeout.min = 5s (custom)
2019-11-17 03:24:07,785 [pool-27-thread-1] INFO  server.RaftServerConfigKeys (ConfUtils.java:logGet(43)) - raft.server.rpc.timeout.max = 5200ms (custom)
2019-11-17 03:24:07,785 [pool-27-thread-1] INFO  server.RaftServerConfigKeys (ConfUtils.java:logGet(43)) - raft.server.rpcslowness.timeout = 120s (custom)
2019-11-17 03:24:07,785 [pool-27-thread-1] INFO  server.RaftServerConfigKeys (ConfUtils.java:logGet(43)) - raft.server.sleep.deviation.threshold = 300 (default)
2019-11-17 03:24:07,786 [pool-47-thread-1] INFO  impl.RaftServerImpl (RaftServerImpl.java:<init>(98)) - 8cec9330-4330-4bf2-ba04-d50f33bc118d: new RaftServerImpl for group-15A5E976EFC6:[8cec9330-4330-4bf2-ba04-d50f33bc118d:192.168.69.108:35471, e06f3018-defa-4092-9e97-706c02b761b9:192.168.69.108:41795, 03b1666e-145c-4b53-bd68-00f78b8b8fe6:192.168.69.108:38932] with ContainerStateMachine:uninitialized
2019-11-17 03:24:07,786 [pool-27-thread-1] INFO  server.RaftServerConfigKeys (ConfUtils.java:logGet(43)) - raft.server.log.appender.install.snapshot.enabled = false (custom)
2019-11-17 03:24:07,786 [pool-47-thread-1] INFO  server.RaftServerConfigKeys (ConfUtils.java:logGet(43)) - raft.server.rpc.timeout.min = 5s (custom)
2019-11-17 03:24:07,786 [pool-27-thread-1] INFO  impl.RaftServerImpl (ServerState.java:<init>(103)) - 03b1666e-145c-4b53-bd68-00f78b8b8fe6@group-15A5E976EFC6: ConfigurationManager, init=-1: [8cec9330-4330-4bf2-ba04-d50f33bc118d:192.168.69.108:35471, e06f3018-defa-4092-9e97-706c02b761b9:192.168.69.108:41795, 03b1666e-145c-4b53-bd68-00f78b8b8fe6:192.168.69.108:38932], old=null, confs=<EMPTY_MAP>
2019-11-17 03:24:07,786 [pool-47-thread-1] INFO  server.RaftServerConfigKeys (ConfUtils.java:logGet(43)) - raft.server.rpc.timeout.max = 5200ms (custom)
2019-11-17 03:24:07,786 [pool-47-thread-1] INFO  server.RaftServerConfigKeys (ConfUtils.java:logGet(43)) - raft.server.rpcslowness.timeout = 120s (custom)
2019-11-17 03:24:07,786 [pool-27-thread-1] INFO  server.RaftServerConfigKeys (ConfUtils.java:logGet(43)) - raft.server.storage.dir = [/workdir/hadoop-ozone/tools/target/test-dir/MiniOzoneClusterImpl-7dc4cadb-dfd3-446b-9db4-aa1eea265744/datanode-0/data/ratis] (custom)
2019-11-17 03:24:07,786 [pool-47-thread-1] INFO  server.RaftServerConfigKeys (ConfUtils.java:logGet(43)) - raft.server.sleep.deviation.threshold = 300 (default)
2019-11-17 03:24:07,786 [pool-47-thread-1] INFO  server.RaftServerConfigKeys (ConfUtils.java:logGet(43)) - raft.server.log.appender.install.snapshot.enabled = false (custom)
2019-11-17 03:24:07,787 [pool-27-thread-1] INFO  server.RaftServerConfigKeys (ConfUtils.java:logGet(43)) - raft.server.log.corruption.policy = EXCEPTION (default)
2019-11-17 03:24:07,787 [pool-47-thread-1] INFO  impl.RaftServerImpl (ServerState.java:<init>(103)) - 8cec9330-4330-4bf2-ba04-d50f33bc118d@group-15A5E976EFC6: ConfigurationManager, init=-1: [8cec9330-4330-4bf2-ba04-d50f33bc118d:192.168.69.108:35471, e06f3018-defa-4092-9e97-706c02b761b9:192.168.69.108:41795, 03b1666e-145c-4b53-bd68-00f78b8b8fe6:192.168.69.108:38932], old=null, confs=<EMPTY_MAP>
2019-11-17 03:24:07,787 [pool-27-thread-1] INFO  storage.RaftStorageDirectory (RaftStorageDirectory.java:analyzeStorage(246)) - The storage directory /workdir/hadoop-ozone/tools/target/test-dir/MiniOzoneClusterImpl-7dc4cadb-dfd3-446b-9db4-aa1eea265744/datanode-0/data/ratis/249b48d7-39e6-422c-99c8-15a5e976efc6 does not exist. Creating ...
2019-11-17 03:24:07,787 [pool-47-thread-1] INFO  server.RaftServerConfigKeys (ConfUtils.java:logGet(43)) - raft.server.storage.dir = [/workdir/hadoop-ozone/tools/target/test-dir/MiniOzoneClusterImpl-7dc4cadb-dfd3-446b-9db4-aa1eea265744/datanode-2/data/ratis] (custom)
2019-11-17 03:24:07,787 [pool-47-thread-1] INFO  server.RaftServerConfigKeys (ConfUtils.java:logGet(43)) - raft.server.log.corruption.policy = EXCEPTION (default)
2019-11-17 03:24:07,787 [pool-47-thread-1] INFO  storage.RaftStorageDirectory (RaftStorageDirectory.java:analyzeStorage(246)) - The storage directory /workdir/hadoop-ozone/tools/target/test-dir/MiniOzoneClusterImpl-7dc4cadb-dfd3-446b-9db4-aa1eea265744/datanode-2/data/ratis/249b48d7-39e6-422c-99c8-15a5e976efc6 does not exist. Creating ...
2019-11-17 03:24:07,798 [pool-27-thread-1] INFO  storage.RaftStorageDirectory (RaftStorageDirectory.java:tryLock(328)) - Lock on /workdir/hadoop-ozone/tools/target/test-dir/MiniOzoneClusterImpl-7dc4cadb-dfd3-446b-9db4-aa1eea265744/datanode-0/data/ratis/249b48d7-39e6-422c-99c8-15a5e976efc6/in_use.lock acquired by nodename 27854@pr-hdds-2386-kbj7l-2529383104
2019-11-17 03:24:07,798 [pool-47-thread-1] INFO  storage.RaftStorageDirectory (RaftStorageDirectory.java:tryLock(328)) - Lock on /workdir/hadoop-ozone/tools/target/test-dir/MiniOzoneClusterImpl-7dc4cadb-dfd3-446b-9db4-aa1eea265744/datanode-2/data/ratis/249b48d7-39e6-422c-99c8-15a5e976efc6/in_use.lock acquired by nodename 27854@pr-hdds-2386-kbj7l-2529383104
2019-11-17 03:24:07,798 [pool-37-thread-1] INFO  storage.RaftStorageDirectory (RaftStorageDirectory.java:tryLock(328)) - Lock on /workdir/hadoop-ozone/tools/target/test-dir/MiniOzoneClusterImpl-7dc4cadb-dfd3-446b-9db4-aa1eea265744/datanode-1/data/ratis/249b48d7-39e6-422c-99c8-15a5e976efc6/in_use.lock acquired by nodename 27854@pr-hdds-2386-kbj7l-2529383104
2019-11-17 03:24:07,798 [EventQueue-PipelineReportForPipelineReportHandler] INFO  pipeline.PipelineReportHandler (PipelineReportHandler.java:processPipelineReport(113)) - Pipeline ONE PipelineID=12cf9e98-6a5a-44f7-8cb6-94151d1129d6 reported by 8cec9330-4330-4bf2-ba04-d50f33bc118d{ip: 192.168.69.108, host: pr-hdds-2386-kbj7l-2529383104, networkLocation: /default-rack, certSerialId: null}
2019-11-17 03:24:07,799 [EventQueue-PipelineReportForPipelineReportHandler] INFO  pipeline.PipelineStateManager (PipelineStateManager.java:openPipeline(132)) - Pipeline Pipeline[ Id: 12cf9e98-6a5a-44f7-8cb6-94151d1129d6, Nodes: 8cec9330-4330-4bf2-ba04-d50f33bc118d{ip: 192.168.69.108, host: pr-hdds-2386-kbj7l-2529383104, networkLocation: /default-rack, certSerialId: null}, Type:RATIS, Factor:ONE, State:ALLOCATED] moved to OPEN state
2019-11-17 03:24:07,802 [EventQueue-OpenPipelineForHealthyPipelineSafeModeRule] INFO  safemode.SCMSafeModeManager (HealthyPipelineSafeModeRule.java:process(132)) - SCM in safe mode. Healthy pipelines reported count is 0, required healthy pipeline reported count is 1
2019-11-17 03:24:07,802 [EventQueue-PipelineReportForPipelineReportHandler] INFO  pipeline.PipelineReportHandler (PipelineReportHandler.java:processPipelineReport(113)) - Pipeline ONE PipelineID=44590713-be94-4921-9678-f5fceed6840e reported by e06f3018-defa-4092-9e97-706c02b761b9{ip: 192.168.69.108, host: pr-hdds-2386-kbj7l-2529383104, networkLocation: /default-rack, certSerialId: null}
2019-11-17 03:24:07,802 [EventQueue-OpenPipelineForOneReplicaPipelineSafeModeRule] INFO  safemode.SCMSafeModeManager (SCMSafeModeManager.java:validateSafeModeExitRules(176)) - AtleastOneDatanodeReportedRule rule is successfully validated
2019-11-17 03:24:07,802 [EventQueue-PipelineReportForPipelineReportHandler] INFO  pipeline.PipelineStateManager (PipelineStateManager.java:openPipeline(132)) - Pipeline Pipeline[ Id: 44590713-be94-4921-9678-f5fceed6840e, Nodes: e06f3018-defa-4092-9e97-706c02b761b9{ip: 192.168.69.108, host: pr-hdds-2386-kbj7l-2529383104, networkLocation: /default-rack, certSerialId: null}, Type:RATIS, Factor:ONE, State:ALLOCATED] moved to OPEN state
2019-11-17 03:24:07,802 [EventQueue-OpenPipelineForHealthyPipelineSafeModeRule] INFO  safemode.SCMSafeModeManager (HealthyPipelineSafeModeRule.java:process(132)) - SCM in safe mode. Healthy pipelines reported count is 0, required healthy pipeline reported count is 1
2019-11-17 03:24:07,802 [EventQueue-OpenPipelineForOneReplicaPipelineSafeModeRule] INFO  safemode.SCMSafeModeManager (SCMSafeModeManager.java:validateSafeModeExitRules(176)) - AtleastOneDatanodeReportedRule rule is successfully validated
2019-11-17 03:24:07,803 [EventQueue-PipelineReportForPipelineReportHandler] INFO  pipeline.PipelineReportHandler (PipelineReportHandler.java:processPipelineReport(113)) - Pipeline ONE PipelineID=93cf102f-3176-453f-bcc3-f598b499ddbc reported by 03b1666e-145c-4b53-bd68-00f78b8b8fe6{ip: 192.168.69.108, host: pr-hdds-2386-kbj7l-2529383104, networkLocation: /default-rack, certSerialId: null}
2019-11-17 03:24:07,803 [EventQueue-PipelineReportForPipelineReportHandler] INFO  pipeline.PipelineStateManager (PipelineStateManager.java:openPipeline(132)) - Pipeline Pipeline[ Id: 93cf102f-3176-453f-bcc3-f598b499ddbc, Nodes: 03b1666e-145c-4b53-bd68-00f78b8b8fe6{ip: 192.168.69.108, host: pr-hdds-2386-kbj7l-2529383104, networkLocation: /default-rack, certSerialId: null}, Type:RATIS, Factor:ONE, State:ALLOCATED] moved to OPEN state
2019-11-17 03:24:07,803 [EventQueue-OpenPipelineForHealthyPipelineSafeModeRule] INFO  safemode.SCMSafeModeManager (HealthyPipelineSafeModeRule.java:process(132)) - SCM in safe mode. Healthy pipelines reported count is 0, required healthy pipeline reported count is 1
2019-11-17 03:24:07,803 [EventQueue-OpenPipelineForOneReplicaPipelineSafeModeRule] INFO  safemode.SCMSafeModeManager (SCMSafeModeManager.java:validateSafeModeExitRules(176)) - AtleastOneDatanodeReportedRule rule is successfully validated
2019-11-17 03:24:07,810 [pool-37-thread-1] INFO  storage.RaftStorage (RaftStorage.java:format(84)) - Storage directory /workdir/hadoop-ozone/tools/target/test-dir/MiniOzoneClusterImpl-7dc4cadb-dfd3-446b-9db4-aa1eea265744/datanode-1/data/ratis/249b48d7-39e6-422c-99c8-15a5e976efc6 has been successfully formatted.
2019-11-17 03:24:07,810 [pool-27-thread-1] INFO  storage.RaftStorage (RaftStorage.java:format(84)) - Storage directory /workdir/hadoop-ozone/tools/target/test-dir/MiniOzoneClusterImpl-7dc4cadb-dfd3-446b-9db4-aa1eea265744/datanode-0/data/ratis/249b48d7-39e6-422c-99c8-15a5e976efc6 has been successfully formatted.
2019-11-17 03:24:07,810 [pool-47-thread-1] INFO  storage.RaftStorage (RaftStorage.java:format(84)) - Storage directory /workdir/hadoop-ozone/tools/target/test-dir/MiniOzoneClusterImpl-7dc4cadb-dfd3-446b-9db4-aa1eea265744/datanode-2/data/ratis/249b48d7-39e6-422c-99c8-15a5e976efc6 has been successfully formatted.
2019-11-17 03:24:07,810 [pool-37-thread-1] INFO  ratis.ContainerStateMachine (ContainerStateMachine.java:loadSnapshot(223)) - group-15A5E976EFC6: The snapshot info is null. Setting the last applied indexto:(t:0, i:~)
2019-11-17 03:24:07,810 [pool-27-thread-1] INFO  ratis.ContainerStateMachine (ContainerStateMachine.java:loadSnapshot(223)) - group-15A5E976EFC6: The snapshot info is null. Setting the last applied indexto:(t:0, i:~)
2019-11-17 03:24:07,811 [pool-47-thread-1] INFO  ratis.ContainerStateMachine (ContainerStateMachine.java:loadSnapshot(223)) - group-15A5E976EFC6: The snapshot info is null. Setting the last applied indexto:(t:0, i:~)
2019-11-17 03:24:07,811 [pool-37-thread-1] INFO  server.RaftServerConfigKeys (ConfUtils.java:logGet(43)) - raft.server.notification.no-leader.timeout = 120s (custom)
2019-11-17 03:24:07,811 [pool-47-thread-1] INFO  server.RaftServerConfigKeys (ConfUtils.java:logGet(43)) - raft.server.notification.no-leader.timeout = 120s (custom)
2019-11-17 03:24:07,811 [pool-27-thread-1] INFO  server.RaftServerConfigKeys (ConfUtils.java:logGet(43)) - raft.server.notification.no-leader.timeout = 120s (custom)
2019-11-17 03:24:07,811 [pool-47-thread-1] INFO  server.RaftServerConfigKeys (ConfUtils.java:logGet(43)) - raft.server.log.use.memory = false (default)
2019-11-17 03:24:07,811 [pool-37-thread-1] INFO  server.RaftServerConfigKeys (ConfUtils.java:logGet(43)) - raft.server.log.use.memory = false (default)
2019-11-17 03:24:07,811 [pool-47-thread-1] INFO  server.RaftServerConfigKeys (ConfUtils.java:logGet(43)) - raft.server.log.purge.gap = 1000000 (custom)
2019-11-17 03:24:07,811 [pool-27-thread-1] INFO  server.RaftServerConfigKeys (ConfUtils.java:logGet(43)) - raft.server.log.use.memory = false (default)
2019-11-17 03:24:07,812 [pool-47-thread-1] INFO  server.RaftServerConfigKeys (ConfUtils.java:logGet(43)) - raft.server.log.appender.buffer.byte-limit = 33554432 (custom)
2019-11-17 03:24:07,812 [pool-37-thread-1] INFO  server.RaftServerConfigKeys (ConfUtils.java:logGet(43)) - raft.server.log.purge.gap = 1000000 (custom)
2019-11-17 03:24:07,812 [pool-47-thread-1] INFO  server.RaftServerConfigKeys (ConfUtils.java:logGet(43)) - raft.server.log.segment.size.max = 1048576 (custom)
2019-11-17 03:24:07,812 [pool-27-thread-1] INFO  server.RaftServerConfigKeys (ConfUtils.java:logGet(43)) - raft.server.log.purge.gap = 1000000 (custom)
2019-11-17 03:24:07,812 [pool-47-thread-1] INFO  server.RaftServerConfigKeys (ConfUtils.java:logGet(43)) - raft.server.log.segment.cache.num.max = 2 (custom)
2019-11-17 03:24:07,812 [pool-37-thread-1] INFO  server.RaftServerConfigKeys (ConfUtils.java:logGet(43)) - raft.server.log.appender.buffer.byte-limit = 33554432 (custom)
2019-11-17 03:24:07,813 [pool-47-thread-1] INFO  segmented.SegmentedRaftLogWorker (SegmentedRaftLogWorker.java:<init>(173)) - new 8cec9330-4330-4bf2-ba04-d50f33bc118d@group-15A5E976EFC6-SegmentedRaftLogWorker for RaftStorage:Storage Directory /workdir/hadoop-ozone/tools/target/test-dir/MiniOzoneClusterImpl-7dc4cadb-dfd3-446b-9db4-aa1eea265744/datanode-2/data/ratis/249b48d7-39e6-422c-99c8-15a5e976efc6
2019-11-17 03:24:07,812 [pool-27-thread-1] INFO  server.RaftServerConfigKeys (ConfUtils.java:logGet(43)) - raft.server.log.appender.buffer.byte-limit = 33554432 (custom)
2019-11-17 03:24:07,813 [pool-47-thread-1] INFO  server.RaftServerConfigKeys (ConfUtils.java:logGet(43)) - raft.server.log.queue.byte-limit = 2147483647 (custom)
2019-11-17 03:24:07,813 [pool-37-thread-1] INFO  server.RaftServerConfigKeys (ConfUtils.java:logGet(43)) - raft.server.log.segment.size.max = 1048576 (custom)
2019-11-17 03:24:07,813 [pool-47-thread-1] INFO  server.RaftServerConfigKeys (ConfUtils.java:logGet(43)) - raft.server.log.queue.element-limit = 1024 (custom)
2019-11-17 03:24:07,813 [pool-27-thread-1] INFO  server.RaftServerConfigKeys (ConfUtils.java:logGet(43)) - raft.server.log.segment.size.max = 1048576 (custom)
2019-11-17 03:24:07,813 [pool-47-thread-1] INFO  server.RaftServerConfigKeys (ConfUtils.java:logGet(43)) - raft.server.log.segment.size.max = 1048576 (custom)
2019-11-17 03:24:07,813 [pool-37-thread-1] INFO  server.RaftServerConfigKeys (ConfUtils.java:logGet(43)) - raft.server.log.segment.cache.num.max = 2 (custom)
2019-11-17 03:24:07,814 [pool-47-thread-1] INFO  server.RaftServerConfigKeys (ConfUtils.java:logGet(43)) - raft.server.log.preallocated.size = 16384 (custom)
2019-11-17 03:24:07,814 [pool-27-thread-1] INFO  server.RaftServerConfigKeys (ConfUtils.java:logGet(43)) - raft.server.log.segment.cache.num.max = 2 (custom)
2019-11-17 03:24:07,814 [pool-47-thread-1] INFO  server.RaftServerConfigKeys (ConfUtils.java:logGet(43)) - raft.server.log.write.buffer.size = 33554432 (custom)
2019-11-17 03:24:07,814 [pool-37-thread-1] INFO  segmented.SegmentedRaftLogWorker (SegmentedRaftLogWorker.java:<init>(173)) - new e06f3018-defa-4092-9e97-706c02b761b9@group-15A5E976EFC6-SegmentedRaftLogWorker for RaftStorage:Storage Directory /workdir/hadoop-ozone/tools/target/test-dir/MiniOzoneClusterImpl-7dc4cadb-dfd3-446b-9db4-aa1eea265744/datanode-1/data/ratis/249b48d7-39e6-422c-99c8-15a5e976efc6
2019-11-17 03:24:07,814 [pool-47-thread-1] INFO  server.RaftServerConfigKeys (ConfUtils.java:logGet(43)) - raft.server.log.force.sync.num = 128 (default)
2019-11-17 03:24:07,814 [pool-27-thread-1] INFO  segmented.SegmentedRaftLogWorker (SegmentedRaftLogWorker.java:<init>(173)) - new 03b1666e-145c-4b53-bd68-00f78b8b8fe6@group-15A5E976EFC6-SegmentedRaftLogWorker for RaftStorage:Storage Directory /workdir/hadoop-ozone/tools/target/test-dir/MiniOzoneClusterImpl-7dc4cadb-dfd3-446b-9db4-aa1eea265744/datanode-0/data/ratis/249b48d7-39e6-422c-99c8-15a5e976efc6
2019-11-17 03:24:07,814 [pool-47-thread-1] INFO  server.RaftServerConfigKeys (ConfUtils.java:logGet(43)) - raft.server.log.statemachine.data.sync = true (default)
2019-11-17 03:24:07,814 [pool-37-thread-1] INFO  server.RaftServerConfigKeys (ConfUtils.java:logGet(43)) - raft.server.log.queue.byte-limit = 2147483647 (custom)
2019-11-17 03:24:07,815 [pool-47-thread-1] INFO  server.RaftServerConfigKeys (ConfUtils.java:logGet(43)) - raft.server.log.statemachine.data.sync.timeout = 10s (default)
2019-11-17 03:24:07,815 [pool-27-thread-1] INFO  server.RaftServerConfigKeys (ConfUtils.java:logGet(43)) - raft.server.log.queue.byte-limit = 2147483647 (custom)
2019-11-17 03:24:07,815 [pool-47-thread-1] INFO  server.RaftServerConfigKeys (ConfUtils.java:logGet(43)) - raft.server.log.statemachine.data.sync.timeout.retry = -1 (default)
2019-11-17 03:24:07,815 [pool-37-thread-1] INFO  server.RaftServerConfigKeys (ConfUtils.java:logGet(43)) - raft.server.log.queue.element-limit = 1024 (custom)
2019-11-17 03:24:07,815 [pool-27-thread-1] INFO  server.RaftServerConfigKeys (ConfUtils.java:logGet(43)) - raft.server.log.queue.element-limit = 1024 (custom)
2019-11-17 03:24:07,815 [pool-37-thread-1] INFO  server.RaftServerConfigKeys (ConfUtils.java:logGet(43)) - raft.server.log.segment.size.max = 1048576 (custom)
2019-11-17 03:24:07,815 [pool-47-thread-1] INFO  server.RaftServerConfigKeys (ConfUtils.java:logGet(43)) - raft.server.log.statemachine.data.caching.enabled = true (custom)
2019-11-17 03:24:07,816 [pool-37-thread-1] INFO  server.RaftServerConfigKeys (ConfUtils.java:logGet(43)) - raft.server.log.preallocated.size = 16384 (custom)
2019-11-17 03:24:07,816 [pool-27-thread-1] INFO  server.RaftServerConfigKeys (ConfUtils.java:logGet(43)) - raft.server.log.segment.size.max = 1048576 (custom)
2019-11-17 03:24:07,816 [pool-37-thread-1] INFO  server.RaftServerConfigKeys (ConfUtils.java:logGet(43)) - raft.server.log.write.buffer.size = 33554432 (custom)
2019-11-17 03:24:07,816 [pool-27-thread-1] INFO  server.RaftServerConfigKeys (ConfUtils.java:logGet(43)) - raft.server.log.preallocated.size = 16384 (custom)
2019-11-17 03:24:07,816 [pool-47-thread-1] INFO  segmented.SegmentedRaftLogWorker (SegmentedRaftLogWorker.java:lambda$new$0(128)) - 8cec9330-4330-4bf2-ba04-d50f33bc118d@group-15A5E976EFC6-SegmentedRaftLogWorker: flushIndex: setUnconditionally 0 -> -1
2019-11-17 03:24:07,816 [pool-27-thread-1] INFO  server.RaftServerConfigKeys (ConfUtils.java:logGet(43)) - raft.server.log.write.buffer.size = 33554432 (custom)
2019-11-17 03:24:07,816 [pool-37-thread-1] INFO  server.RaftServerConfigKeys (ConfUtils.java:logGet(43)) - raft.server.log.force.sync.num = 128 (default)
2019-11-17 03:24:07,817 [pool-47-thread-1] INFO  server.RaftServerConfigKeys (ConfUtils.java:logGet(43)) - raft.server.snapshot.auto.trigger.enabled = true (custom)
2019-11-17 03:24:07,817 [pool-27-thread-1] INFO  server.RaftServerConfigKeys (ConfUtils.java:logGet(43)) - raft.server.log.force.sync.num = 128 (default)
2019-11-17 03:24:07,817 [pool-47-thread-1] INFO  server.RaftServerConfigKeys (ConfUtils.java:logGet(43)) - raft.server.snapshot.auto.trigger.threshold = 10000 (custom)
2019-11-17 03:24:07,817 [pool-37-thread-1] INFO  server.RaftServerConfigKeys (ConfUtils.java:logGet(43)) - raft.server.log.statemachine.data.sync = true (default)
2019-11-17 03:24:07,817 [pool-47-thread-1] INFO  server.RaftServerConfigKeys (ConfUtils.java:logGet(43)) - raft.server.snapshot.retention.file.num = 5 (custom)
2019-11-17 03:24:07,817 [pool-27-thread-1] INFO  server.RaftServerConfigKeys (ConfUtils.java:logGet(43)) - raft.server.log.statemachine.data.sync = true (default)
2019-11-17 03:24:07,818 [pool-47-thread-1] INFO  server.RaftServerConfigKeys (ConfUtils.java:logGet(43)) - raft.server.retrycache.expirytime = 600000ms (custom)
2019-11-17 03:24:07,817 [pool-37-thread-1] INFO  server.RaftServerConfigKeys (ConfUtils.java:logGet(43)) - raft.server.log.statemachine.data.sync.timeout = 10s (default)
2019-11-17 03:24:07,818 [pool-47-thread-1] WARN  impl.MetricRegistriesImpl (MetricRegistriesImpl.java:lambda$create$1(61)) - First MetricRegistry has been created without registering reporters. You may need to call MetricRegistries.global().addReportRegistration(...) before.
2019-11-17 03:24:07,818 [pool-27-thread-1] INFO  server.RaftServerConfigKeys (ConfUtils.java:logGet(43)) - raft.server.log.statemachine.data.sync.timeout = 10s (default)
2019-11-17 03:24:07,818 [pool-47-thread-1] WARN  impl.MetricRegistriesImpl (MetricRegistriesImpl.java:lambda$create$1(61)) - First MetricRegistry has been created without registering reporters. You may need to call MetricRegistries.global().addReportRegistration(...) before.
2019-11-17 03:24:07,818 [pool-37-thread-1] INFO  server.RaftServerConfigKeys (ConfUtils.java:logGet(43)) - raft.server.log.statemachine.data.sync.timeout.retry = -1 (default)
2019-11-17 03:24:07,818 [pool-27-thread-1] INFO  server.RaftServerConfigKeys (ConfUtils.java:logGet(43)) - raft.server.log.statemachine.data.sync.timeout.retry = -1 (default)
2019-11-17 03:24:07,819 [pool-37-thread-1] INFO  server.RaftServerConfigKeys (ConfUtils.java:logGet(43)) - raft.server.log.statemachine.data.caching.enabled = true (custom)
2019-11-17 03:24:07,819 [pool-27-thread-1] INFO  server.RaftServerConfigKeys (ConfUtils.java:logGet(43)) - raft.server.log.statemachine.data.caching.enabled = true (custom)
2019-11-17 03:24:07,819 [pool-47-thread-1] INFO  impl.RaftServerImpl (RaftServerImpl.java:start(184)) - 8cec9330-4330-4bf2-ba04-d50f33bc118d@group-15A5E976EFC6: start as a follower, conf=-1: [8cec9330-4330-4bf2-ba04-d50f33bc118d:192.168.69.108:35471, e06f3018-defa-4092-9e97-706c02b761b9:192.168.69.108:41795, 03b1666e-145c-4b53-bd68-00f78b8b8fe6:192.168.69.108:38932], old=null
2019-11-17 03:24:07,819 [pool-37-thread-1] INFO  segmented.SegmentedRaftLogWorker (SegmentedRaftLogWorker.java:lambda$new$0(128)) - e06f3018-defa-4092-9e97-706c02b761b9@group-15A5E976EFC6-SegmentedRaftLogWorker: flushIndex: setUnconditionally 0 -> -1
2019-11-17 03:24:07,819 [pool-27-thread-1] INFO  segmented.SegmentedRaftLogWorker (SegmentedRaftLogWorker.java:lambda$new$0(128)) - 03b1666e-145c-4b53-bd68-00f78b8b8fe6@group-15A5E976EFC6-SegmentedRaftLogWorker: flushIndex: setUnconditionally 0 -> -1
2019-11-17 03:24:07,819 [pool-47-thread-1] INFO  impl.RaftServerImpl (RaftServerImpl.java:setRole(173)) - 8cec9330-4330-4bf2-ba04-d50f33bc118d@group-15A5E976EFC6: changes role from      null to FOLLOWER at term 0 for startAsFollower
2019-11-17 03:24:07,819 [pool-37-thread-1] INFO  server.RaftServerConfigKeys (ConfUtils.java:logGet(43)) - raft.server.snapshot.auto.trigger.enabled = true (custom)
2019-11-17 03:24:07,820 [pool-47-thread-1] INFO  impl.RoleInfo (RoleInfo.java:updateAndGet(143)) - 8cec9330-4330-4bf2-ba04-d50f33bc118d: start FollowerState
2019-11-17 03:24:07,820 [pool-27-thread-1] INFO  server.RaftServerConfigKeys (ConfUtils.java:logGet(43)) - raft.server.snapshot.auto.trigger.enabled = true (custom)
2019-11-17 03:24:07,820 [pool-37-thread-1] INFO  server.RaftServerConfigKeys (ConfUtils.java:logGet(43)) - raft.server.snapshot.auto.trigger.threshold = 10000 (custom)
2019-11-17 03:24:07,820 [pool-27-thread-1] INFO  server.RaftServerConfigKeys (ConfUtils.java:logGet(43)) - raft.server.snapshot.auto.trigger.threshold = 10000 (custom)
2019-11-17 03:24:07,820 [pool-47-thread-1] INFO  util.JmxRegister (JmxRegister.java:tryRegister(44)) - Successfully registered JMX Bean with object name Ratis:service=RaftServer,group=group-15A5E976EFC6,id=8cec9330-4330-4bf2-ba04-d50f33bc118d
2019-11-17 03:24:07,820 [pool-37-thread-1] INFO  server.RaftServerConfigKeys (ConfUtils.java:logGet(43)) - raft.server.snapshot.retention.file.num = 5 (custom)
2019-11-17 03:24:07,820 [pool-47-thread-1] WARN  impl.MetricRegistriesImpl (MetricRegistriesImpl.java:lambda$create$1(61)) - First MetricRegistry has been created without registering reporters. You may need to call MetricRegistries.global().addReportRegistration(...) before.
2019-11-17 03:24:07,820 [pool-27-thread-1] INFO  server.RaftServerConfigKeys (ConfUtils.java:logGet(43)) - raft.server.snapshot.retention.file.num = 5 (custom)
2019-11-17 03:24:07,821 [pool-37-thread-1] INFO  server.RaftServerConfigKeys (ConfUtils.java:logGet(43)) - raft.server.retrycache.expirytime = 600000ms (custom)
2019-11-17 03:24:07,821 [pool-27-thread-1] INFO  server.RaftServerConfigKeys (ConfUtils.java:logGet(43)) - raft.server.retrycache.expirytime = 600000ms (custom)
2019-11-17 03:24:07,821 [pool-37-thread-1] WARN  impl.MetricRegistriesImpl (MetricRegistriesImpl.java:lambda$create$1(61)) - First MetricRegistry has been created without registering reporters. You may need to call MetricRegistries.global().addReportRegistration(...) before.
2019-11-17 03:24:07,821 [pool-27-thread-1] WARN  impl.MetricRegistriesImpl (MetricRegistriesImpl.java:lambda$create$1(61)) - First MetricRegistry has been created without registering reporters. You may need to call MetricRegistries.global().addReportRegistration(...) before.
2019-11-17 03:24:07,821 [pool-37-thread-1] WARN  impl.MetricRegistriesImpl (MetricRegistriesImpl.java:lambda$create$1(61)) - First MetricRegistry has been created without registering reporters. You may need to call MetricRegistries.global().addReportRegistration(...) before.
2019-11-17 03:24:07,821 [Command processor thread] INFO  commandhandler.CreatePipelineCommandHandler (CreatePipelineCommandHandler.java:handle(86)) - Create Pipeline RATIS THREE #id: "249b48d7-39e6-422c-99c8-15a5e976efc6"
 command succeed on datanode 8cec9330-4330-4bf2-ba04-d50f33bc118d.
2019-11-17 03:24:07,822 [pool-37-thread-1] INFO  impl.RaftServerImpl (RaftServerImpl.java:start(184)) - e06f3018-defa-4092-9e97-706c02b761b9@group-15A5E976EFC6: start as a follower, conf=-1: [8cec9330-4330-4bf2-ba04-d50f33bc118d:192.168.69.108:35471, e06f3018-defa-4092-9e97-706c02b761b9:192.168.69.108:41795, 03b1666e-145c-4b53-bd68-00f78b8b8fe6:192.168.69.108:38932], old=null
2019-11-17 03:24:07,821 [pool-27-thread-1] WARN  impl.MetricRegistriesImpl (MetricRegistriesImpl.java:lambda$create$1(61)) - First MetricRegistry has been created without registering reporters. You may need to call MetricRegistries.global().addReportRegistration(...) before.
2019-11-17 03:24:07,822 [pool-37-thread-1] INFO  impl.RaftServerImpl (RaftServerImpl.java:setRole(173)) - e06f3018-defa-4092-9e97-706c02b761b9@group-15A5E976EFC6: changes role from      null to FOLLOWER at term 0 for startAsFollower
2019-11-17 03:24:07,822 [pool-27-thread-1] INFO  impl.RaftServerImpl (RaftServerImpl.java:start(184)) - 03b1666e-145c-4b53-bd68-00f78b8b8fe6@group-15A5E976EFC6: start as a follower, conf=-1: [8cec9330-4330-4bf2-ba04-d50f33bc118d:192.168.69.108:35471, e06f3018-defa-4092-9e97-706c02b761b9:192.168.69.108:41795, 03b1666e-145c-4b53-bd68-00f78b8b8fe6:192.168.69.108:38932], old=null
2019-11-17 03:24:07,822 [pool-37-thread-1] INFO  impl.RoleInfo (RoleInfo.java:updateAndGet(143)) - e06f3018-defa-4092-9e97-706c02b761b9: start FollowerState
2019-11-17 03:24:07,822 [pool-27-thread-1] INFO  impl.RaftServerImpl (RaftServerImpl.java:setRole(173)) - 03b1666e-145c-4b53-bd68-00f78b8b8fe6@group-15A5E976EFC6: changes role from      null to FOLLOWER at term 0 for startAsFollower
2019-11-17 03:24:07,822 [pool-27-thread-1] INFO  impl.RoleInfo (RoleInfo.java:updateAndGet(143)) - 03b1666e-145c-4b53-bd68-00f78b8b8fe6: start FollowerState
2019-11-17 03:24:07,823 [pool-37-thread-1] INFO  util.JmxRegister (JmxRegister.java:tryRegister(44)) - Successfully registered JMX Bean with object name Ratis:service=RaftServer,group=group-15A5E976EFC6,id=e06f3018-defa-4092-9e97-706c02b761b9
2019-11-17 03:24:07,824 [pool-37-thread-1] WARN  impl.MetricRegistriesImpl (MetricRegistriesImpl.java:lambda$create$1(61)) - First MetricRegistry has been created without registering reporters. You may need to call MetricRegistries.global().addReportRegistration(...) before.
2019-11-17 03:24:07,824 [pool-27-thread-1] INFO  util.JmxRegister (JmxRegister.java:tryRegister(44)) - Successfully registered JMX Bean with object name Ratis:service=RaftServer,group=group-15A5E976EFC6,id=03b1666e-145c-4b53-bd68-00f78b8b8fe6
2019-11-17 03:24:07,824 [pool-27-thread-1] WARN  impl.MetricRegistriesImpl (MetricRegistriesImpl.java:lambda$create$1(61)) - First MetricRegistry has been created without registering reporters. You may need to call MetricRegistries.global().addReportRegistration(...) before.
2019-11-17 03:24:07,824 [Command processor thread] INFO  commandhandler.CreatePipelineCommandHandler (CreatePipelineCommandHandler.java:handle(86)) - Create Pipeline RATIS THREE #id: "249b48d7-39e6-422c-99c8-15a5e976efc6"
 command succeed on datanode e06f3018-defa-4092-9e97-706c02b761b9.
2019-11-17 03:24:07,825 [EventQueue-PipelineReportForPipelineReportHandler] INFO  pipeline.PipelineReportHandler (PipelineReportHandler.java:processPipelineReport(113)) - Pipeline THREE PipelineID=249b48d7-39e6-422c-99c8-15a5e976efc6 reported by 8cec9330-4330-4bf2-ba04-d50f33bc118d{ip: 192.168.69.108, host: pr-hdds-2386-kbj7l-2529383104, networkLocation: /default-rack, certSerialId: null}
2019-11-17 03:24:07,825 [Command processor thread] INFO  commandhandler.CreatePipelineCommandHandler (CreatePipelineCommandHandler.java:handle(86)) - Create Pipeline RATIS THREE #id: "249b48d7-39e6-422c-99c8-15a5e976efc6"
 command succeed on datanode 03b1666e-145c-4b53-bd68-00f78b8b8fe6.
2019-11-17 03:24:07,828 [EventQueue-PipelineReportForPipelineReportHandler] INFO  pipeline.PipelineReportHandler (PipelineReportHandler.java:processPipelineReport(113)) - Pipeline THREE PipelineID=249b48d7-39e6-422c-99c8-15a5e976efc6 reported by e06f3018-defa-4092-9e97-706c02b761b9{ip: 192.168.69.108, host: pr-hdds-2386-kbj7l-2529383104, networkLocation: /default-rack, certSerialId: null}
2019-11-17 03:24:07,828 [EventQueue-PipelineReportForPipelineReportHandler] INFO  pipeline.PipelineReportHandler (PipelineReportHandler.java:processPipelineReport(113)) - Pipeline THREE PipelineID=249b48d7-39e6-422c-99c8-15a5e976efc6 reported by 03b1666e-145c-4b53-bd68-00f78b8b8fe6{ip: 192.168.69.108, host: pr-hdds-2386-kbj7l-2529383104, networkLocation: /default-rack, certSerialId: null}
2019-11-17 03:24:08,632 [main] INFO  ozone.MiniOzoneClusterImpl (MiniOzoneClusterImpl.java:lambda$waitForClusterToBeReady$0(150)) - Nodes are ready. Got 3 of 3 DN Heartbeats.
2019-11-17 03:24:08,633 [main] INFO  ozone.MiniOzoneClusterImpl (MiniOzoneClusterImpl.java:lambda$waitForClusterToBeReady$0(153)) - Waiting for cluster to exit safe mode
2019-11-17 03:24:09,633 [main] INFO  ozone.MiniOzoneClusterImpl (MiniOzoneClusterImpl.java:lambda$waitForClusterToBeReady$0(150)) - Nodes are ready. Got 3 of 3 DN Heartbeats.
2019-11-17 03:24:09,634 [main] INFO  ozone.MiniOzoneClusterImpl (MiniOzoneClusterImpl.java:lambda$waitForClusterToBeReady$0(153)) - Waiting for cluster to exit safe mode
2019-11-17 03:24:10,634 [main] INFO  ozone.MiniOzoneClusterImpl (MiniOzoneClusterImpl.java:lambda$waitForClusterToBeReady$0(150)) - Nodes are ready. Got 3 of 3 DN Heartbeats.
2019-11-17 03:24:10,634 [main] INFO  ozone.MiniOzoneClusterImpl (MiniOzoneClusterImpl.java:lambda$waitForClusterToBeReady$0(153)) - Waiting for cluster to exit safe mode
2019-11-17 03:24:11,635 [main] INFO  ozone.MiniOzoneClusterImpl (MiniOzoneClusterImpl.java:lambda$waitForClusterToBeReady$0(150)) - Nodes are ready. Got 3 of 3 DN Heartbeats.
2019-11-17 03:24:11,635 [main] INFO  ozone.MiniOzoneClusterImpl (MiniOzoneClusterImpl.java:lambda$waitForClusterToBeReady$0(153)) - Waiting for cluster to exit safe mode
2019-11-17 03:24:12,635 [main] INFO  ozone.MiniOzoneClusterImpl (MiniOzoneClusterImpl.java:lambda$waitForClusterToBeReady$0(150)) - Nodes are ready. Got 3 of 3 DN Heartbeats.
2019-11-17 03:24:12,636 [main] INFO  ozone.MiniOzoneClusterImpl (MiniOzoneClusterImpl.java:lambda$waitForClusterToBeReady$0(153)) - Waiting for cluster to exit safe mode
2019-11-17 03:24:12,840 [Thread-181] INFO  impl.FollowerState (FollowerState.java:run(111)) - e06f3018-defa-4092-9e97-706c02b761b9@group-F5FCEED6840E-FollowerState: change to CANDIDATE, lastRpcTime:5090ms, electionTimeout:5088ms
2019-11-17 03:24:12,841 [Thread-181] INFO  impl.RoleInfo (RoleInfo.java:shutdownFollowerState(121)) - e06f3018-defa-4092-9e97-706c02b761b9: shutdown FollowerState
2019-11-17 03:24:12,842 [Thread-181] INFO  impl.RaftServerImpl (RaftServerImpl.java:setRole(173)) - e06f3018-defa-4092-9e97-706c02b761b9@group-F5FCEED6840E: changes role from  FOLLOWER to CANDIDATE at term 0 for changeToCandidate
2019-11-17 03:24:12,846 [Thread-181] INFO  impl.RoleInfo (RoleInfo.java:updateAndGet(143)) - e06f3018-defa-4092-9e97-706c02b761b9: start LeaderElection
2019-11-17 03:24:12,863 [e06f3018-defa-4092-9e97-706c02b761b9@group-F5FCEED6840E-LeaderElection1] INFO  impl.LeaderElection (LeaderElection.java:askForVotes(178)) - e06f3018-defa-4092-9e97-706c02b761b9@group-F5FCEED6840E-LeaderElection1: begin an election at term 1 for -1: [e06f3018-defa-4092-9e97-706c02b761b9:192.168.69.108:41795], old=null
2019-11-17 03:24:12,864 [Thread-191] INFO  impl.FollowerState (FollowerState.java:run(111)) - 03b1666e-145c-4b53-bd68-00f78b8b8fe6@group-15A5E976EFC6-FollowerState: change to CANDIDATE, lastRpcTime:5041ms, electionTimeout:5040ms
2019-11-17 03:24:12,865 [Thread-191] INFO  impl.RoleInfo (RoleInfo.java:shutdownFollowerState(121)) - 03b1666e-145c-4b53-bd68-00f78b8b8fe6: shutdown FollowerState
2019-11-17 03:24:12,865 [Thread-191] INFO  impl.RaftServerImpl (RaftServerImpl.java:setRole(173)) - 03b1666e-145c-4b53-bd68-00f78b8b8fe6@group-15A5E976EFC6: changes role from  FOLLOWER to CANDIDATE at term 0 for changeToCandidate
2019-11-17 03:24:12,865 [Thread-191] INFO  impl.RoleInfo (RoleInfo.java:updateAndGet(143)) - 03b1666e-145c-4b53-bd68-00f78b8b8fe6: start LeaderElection
2019-11-17 03:24:12,865 [e06f3018-defa-4092-9e97-706c02b761b9@group-F5FCEED6840E-LeaderElection1] INFO  impl.RoleInfo (RoleInfo.java:shutdownLeaderElection(134)) - e06f3018-defa-4092-9e97-706c02b761b9: shutdown LeaderElection
2019-11-17 03:24:12,869 [e06f3018-defa-4092-9e97-706c02b761b9@group-F5FCEED6840E-LeaderElection1] INFO  impl.RaftServerImpl (RaftServerImpl.java:setRole(173)) - e06f3018-defa-4092-9e97-706c02b761b9@group-F5FCEED6840E: changes role from CANDIDATE to LEADER at term 1 for changeToLeader
2019-11-17 03:24:12,869 [e06f3018-defa-4092-9e97-706c02b761b9@group-F5FCEED6840E-LeaderElection1] INFO  ratis.XceiverServerRatis (XceiverServerRatis.java:handleLeaderChangedNotification(733)) - Leader change notification received for group: group-F5FCEED6840E with new leaderId: e06f3018-defa-4092-9e97-706c02b761b9
2019-11-17 03:24:12,869 [e06f3018-defa-4092-9e97-706c02b761b9@group-F5FCEED6840E-LeaderElection1] INFO  impl.RaftServerImpl (ServerState.java:setLeader(255)) - e06f3018-defa-4092-9e97-706c02b761b9@group-F5FCEED6840E: change Leader from null to e06f3018-defa-4092-9e97-706c02b761b9 at term 1 for becomeLeader, leader elected after 5263ms
2019-11-17 03:24:12,872 [EventQueue-PipelineReportForPipelineReportHandler] INFO  pipeline.PipelineReportHandler (PipelineReportHandler.java:processPipelineReport(113)) - Pipeline THREE PipelineID=249b48d7-39e6-422c-99c8-15a5e976efc6 reported by e06f3018-defa-4092-9e97-706c02b761b9{ip: 192.168.69.108, host: pr-hdds-2386-kbj7l-2529383104, networkLocation: /default-rack, certSerialId: null}
2019-11-17 03:24:12,877 [e06f3018-defa-4092-9e97-706c02b761b9@group-F5FCEED6840E-LeaderElection1] INFO  server.RaftServerConfigKeys (ConfUtils.java:logGet(43)) - raft.server.staging.catchup.gap = 1000 (default)
2019-11-17 03:24:12,877 [e06f3018-defa-4092-9e97-706c02b761b9@group-F5FCEED6840E-LeaderElection1] INFO  server.RaftServerConfigKeys (ConfUtils.java:logGet(43)) - raft.server.rpc.sleep.time = 25ms (default)
2019-11-17 03:24:12,881 [03b1666e-145c-4b53-bd68-00f78b8b8fe6@group-15A5E976EFC6-LeaderElection2] INFO  impl.LeaderElection (LeaderElection.java:askForVotes(178)) - 03b1666e-145c-4b53-bd68-00f78b8b8fe6@group-15A5E976EFC6-LeaderElection2: begin an election at term 1 for -1: [8cec9330-4330-4bf2-ba04-d50f33bc118d:192.168.69.108:35471, e06f3018-defa-4092-9e97-706c02b761b9:192.168.69.108:41795, 03b1666e-145c-4b53-bd68-00f78b8b8fe6:192.168.69.108:38932], old=null
2019-11-17 03:24:12,883 [e06f3018-defa-4092-9e97-706c02b761b9@group-F5FCEED6840E-LeaderElection1] INFO  server.RaftServerConfigKeys (ConfUtils.java:logGet(43)) - raft.server.write.element-limit = 4096 (default)
2019-11-17 03:24:12,890 [e06f3018-defa-4092-9e97-706c02b761b9@group-F5FCEED6840E-LeaderElection1] INFO  server.RaftServerConfigKeys (ConfUtils.java:logGet(43)) - raft.server.watch.timeout = 10s (default)
2019-11-17 03:24:12,891 [Thread-182] INFO  impl.FollowerState (FollowerState.java:run(111)) - 8cec9330-4330-4bf2-ba04-d50f33bc118d@group-94151D1129D6-FollowerState: change to CANDIDATE, lastRpcTime:5141ms, electionTimeout:5139ms
2019-11-17 03:24:12,891 [e06f3018-defa-4092-9e97-706c02b761b9@group-F5FCEED6840E-LeaderElection1] INFO  server.RaftServerConfigKeys (ConfUtils.java:logGet(43)) - raft.server.watch.timeout.denomination = 1s (default)
2019-11-17 03:24:12,891 [Thread-182] INFO  impl.RoleInfo (RoleInfo.java:shutdownFollowerState(121)) - 8cec9330-4330-4bf2-ba04-d50f33bc118d: shutdown FollowerState
2019-11-17 03:24:12,891 [Thread-182] INFO  impl.RaftServerImpl (RaftServerImpl.java:setRole(173)) - 8cec9330-4330-4bf2-ba04-d50f33bc118d@group-94151D1129D6: changes role from  FOLLOWER to CANDIDATE at term 0 for changeToCandidate
2019-11-17 03:24:12,891 [Thread-182] INFO  impl.RoleInfo (RoleInfo.java:updateAndGet(143)) - 8cec9330-4330-4bf2-ba04-d50f33bc118d: start LeaderElection
2019-11-17 03:24:12,894 [e06f3018-defa-4092-9e97-706c02b761b9@group-F5FCEED6840E-LeaderElection1] INFO  server.RaftServerConfigKeys (ConfUtils.java:logGet(43)) - raft.server.watch.element-limit = 65536 (default)
2019-11-17 03:24:12,905 [e06f3018-defa-4092-9e97-706c02b761b9@group-F5FCEED6840E-LeaderElection1] INFO  impl.RoleInfo (RoleInfo.java:updateAndGet(143)) - e06f3018-defa-4092-9e97-706c02b761b9: start LeaderState
2019-11-17 03:24:12,909 [8cec9330-4330-4bf2-ba04-d50f33bc118d@group-94151D1129D6-LeaderElection3] INFO  impl.LeaderElection (LeaderElection.java:askForVotes(178)) - 8cec9330-4330-4bf2-ba04-d50f33bc118d@group-94151D1129D6-LeaderElection3: begin an election at term 1 for -1: [8cec9330-4330-4bf2-ba04-d50f33bc118d:192.168.69.108:35471], old=null
2019-11-17 03:24:12,909 [8cec9330-4330-4bf2-ba04-d50f33bc118d@group-94151D1129D6-LeaderElection3] INFO  impl.RoleInfo (RoleInfo.java:shutdownLeaderElection(134)) - 8cec9330-4330-4bf2-ba04-d50f33bc118d: shutdown LeaderElection
2019-11-17 03:24:12,909 [8cec9330-4330-4bf2-ba04-d50f33bc118d@group-94151D1129D6-LeaderElection3] INFO  impl.RaftServerImpl (RaftServerImpl.java:setRole(173)) - 8cec9330-4330-4bf2-ba04-d50f33bc118d@group-94151D1129D6: changes role from CANDIDATE to LEADER at term 1 for changeToLeader
2019-11-17 03:24:12,909 [8cec9330-4330-4bf2-ba04-d50f33bc118d@group-94151D1129D6-LeaderElection3] INFO  ratis.XceiverServerRatis (XceiverServerRatis.java:handleLeaderChangedNotification(733)) - Leader change notification received for group: group-94151D1129D6 with new leaderId: 8cec9330-4330-4bf2-ba04-d50f33bc118d
2019-11-17 03:24:12,910 [8cec9330-4330-4bf2-ba04-d50f33bc118d@group-94151D1129D6-LeaderElection3] INFO  impl.RaftServerImpl (ServerState.java:setLeader(255)) - 8cec9330-4330-4bf2-ba04-d50f33bc118d@group-94151D1129D6: change Leader from null to 8cec9330-4330-4bf2-ba04-d50f33bc118d at term 1 for becomeLeader, leader elected after 5245ms
2019-11-17 03:24:12,910 [8cec9330-4330-4bf2-ba04-d50f33bc118d@group-94151D1129D6-LeaderElection3] INFO  server.RaftServerConfigKeys (ConfUtils.java:logGet(43)) - raft.server.staging.catchup.gap = 1000 (default)
2019-11-17 03:24:12,910 [8cec9330-4330-4bf2-ba04-d50f33bc118d@group-94151D1129D6-LeaderElection3] INFO  server.RaftServerConfigKeys (ConfUtils.java:logGet(43)) - raft.server.rpc.sleep.time = 25ms (default)
2019-11-17 03:24:12,910 [8cec9330-4330-4bf2-ba04-d50f33bc118d@group-94151D1129D6-LeaderElection3] INFO  server.RaftServerConfigKeys (ConfUtils.java:logGet(43)) - raft.server.write.element-limit = 4096 (default)
2019-11-17 03:24:12,911 [8cec9330-4330-4bf2-ba04-d50f33bc118d@group-94151D1129D6-LeaderElection3] INFO  server.RaftServerConfigKeys (ConfUtils.java:logGet(43)) - raft.server.watch.timeout = 10s (default)
2019-11-17 03:24:12,911 [8cec9330-4330-4bf2-ba04-d50f33bc118d@group-94151D1129D6-LeaderElection3] INFO  server.RaftServerConfigKeys (ConfUtils.java:logGet(43)) - raft.server.watch.timeout.denomination = 1s (default)
2019-11-17 03:24:12,912 [8cec9330-4330-4bf2-ba04-d50f33bc118d@group-94151D1129D6-LeaderElection3] INFO  server.RaftServerConfigKeys (ConfUtils.java:logGet(43)) - raft.server.watch.element-limit = 65536 (default)
2019-11-17 03:24:12,916 [8cec9330-4330-4bf2-ba04-d50f33bc118d@group-94151D1129D6-LeaderElection3] INFO  impl.RoleInfo (RoleInfo.java:updateAndGet(143)) - 8cec9330-4330-4bf2-ba04-d50f33bc118d: start LeaderState
2019-11-17 03:24:12,916 [EventQueue-PipelineReportForPipelineReportHandler] INFO  pipeline.PipelineReportHandler (PipelineReportHandler.java:processPipelineReport(113)) - Pipeline THREE PipelineID=249b48d7-39e6-422c-99c8-15a5e976efc6 reported by 8cec9330-4330-4bf2-ba04-d50f33bc118d{ip: 192.168.69.108, host: pr-hdds-2386-kbj7l-2529383104, networkLocation: /default-rack, certSerialId: null}
2019-11-17 03:24:12,935 [e06f3018-defa-4092-9e97-706c02b761b9@group-F5FCEED6840E-LeaderElection1] INFO  segmented.SegmentedRaftLogWorker (SegmentedRaftLogWorker.java:startLogSegment(385)) - e06f3018-defa-4092-9e97-706c02b761b9@group-F5FCEED6840E-SegmentedRaftLogWorker: Starting segment from index:0
2019-11-17 03:24:12,935 [8cec9330-4330-4bf2-ba04-d50f33bc118d@group-94151D1129D6-LeaderElection3] INFO  segmented.SegmentedRaftLogWorker (SegmentedRaftLogWorker.java:startLogSegment(385)) - 8cec9330-4330-4bf2-ba04-d50f33bc118d@group-94151D1129D6-SegmentedRaftLogWorker: Starting segment from index:0
2019-11-17 03:24:12,950 [Thread-183] INFO  impl.FollowerState (FollowerState.java:run(111)) - 03b1666e-145c-4b53-bd68-00f78b8b8fe6@group-F598B499DDBC-FollowerState: change to CANDIDATE, lastRpcTime:5200ms, electionTimeout:5198ms
2019-11-17 03:24:12,950 [Thread-183] INFO  impl.RoleInfo (RoleInfo.java:shutdownFollowerState(121)) - 03b1666e-145c-4b53-bd68-00f78b8b8fe6: shutdown FollowerState
2019-11-17 03:24:12,950 [Thread-183] INFO  impl.RaftServerImpl (RaftServerImpl.java:setRole(173)) - 03b1666e-145c-4b53-bd68-00f78b8b8fe6@group-F598B499DDBC: changes role from  FOLLOWER to CANDIDATE at term 0 for changeToCandidate
2019-11-17 03:24:12,950 [Thread-183] INFO  impl.RoleInfo (RoleInfo.java:updateAndGet(143)) - 03b1666e-145c-4b53-bd68-00f78b8b8fe6: start LeaderElection
2019-11-17 03:24:12,966 [03b1666e-145c-4b53-bd68-00f78b8b8fe6@group-F598B499DDBC-LeaderElection4] INFO  impl.LeaderElection (LeaderElection.java:askForVotes(178)) - 03b1666e-145c-4b53-bd68-00f78b8b8fe6@group-F598B499DDBC-LeaderElection4: begin an election at term 1 for -1: [03b1666e-145c-4b53-bd68-00f78b8b8fe6:192.168.69.108:38932], old=null
2019-11-17 03:24:12,966 [03b1666e-145c-4b53-bd68-00f78b8b8fe6@group-F598B499DDBC-LeaderElection4] INFO  impl.RoleInfo (RoleInfo.java:shutdownLeaderElection(134)) - 03b1666e-145c-4b53-bd68-00f78b8b8fe6: shutdown LeaderElection
2019-11-17 03:24:12,966 [03b1666e-145c-4b53-bd68-00f78b8b8fe6@group-F598B499DDBC-LeaderElection4] INFO  impl.RaftServerImpl (RaftServerImpl.java:setRole(173)) - 03b1666e-145c-4b53-bd68-00f78b8b8fe6@group-F598B499DDBC: changes role from CANDIDATE to LEADER at term 1 for changeToLeader
2019-11-17 03:24:12,966 [03b1666e-145c-4b53-bd68-00f78b8b8fe6@group-F598B499DDBC-LeaderElection4] INFO  ratis.XceiverServerRatis (XceiverServerRatis.java:handleLeaderChangedNotification(733)) - Leader change notification received for group: group-F598B499DDBC with new leaderId: 03b1666e-145c-4b53-bd68-00f78b8b8fe6
2019-11-17 03:24:12,967 [03b1666e-145c-4b53-bd68-00f78b8b8fe6@group-F598B499DDBC-LeaderElection4] INFO  impl.RaftServerImpl (ServerState.java:setLeader(255)) - 03b1666e-145c-4b53-bd68-00f78b8b8fe6@group-F598B499DDBC: change Leader from null to 03b1666e-145c-4b53-bd68-00f78b8b8fe6 at term 1 for becomeLeader, leader elected after 5360ms
2019-11-17 03:24:12,967 [03b1666e-145c-4b53-bd68-00f78b8b8fe6@group-F598B499DDBC-LeaderElection4] INFO  server.RaftServerConfigKeys (ConfUtils.java:logGet(43)) - raft.server.staging.catchup.gap = 1000 (default)
2019-11-17 03:24:12,967 [03b1666e-145c-4b53-bd68-00f78b8b8fe6@group-F598B499DDBC-LeaderElection4] INFO  server.RaftServerConfigKeys (ConfUtils.java:logGet(43)) - raft.server.rpc.sleep.time = 25ms (default)
2019-11-17 03:24:12,967 [03b1666e-145c-4b53-bd68-00f78b8b8fe6@group-F598B499DDBC-LeaderElection4] INFO  server.RaftServerConfigKeys (ConfUtils.java:logGet(43)) - raft.server.write.element-limit = 4096 (default)
2019-11-17 03:24:12,967 [8cec9330-4330-4bf2-ba04-d50f33bc118d@group-94151D1129D6-LeaderElection3] INFO  impl.RaftServerImpl (ServerState.java:setRaftConf(356)) - 8cec9330-4330-4bf2-ba04-d50f33bc118d@group-94151D1129D6: set configuration 0: [8cec9330-4330-4bf2-ba04-d50f33bc118d:192.168.69.108:35471], old=null at 0
2019-11-17 03:24:12,967 [e06f3018-defa-4092-9e97-706c02b761b9@group-F5FCEED6840E-LeaderElection1] INFO  impl.RaftServerImpl (ServerState.java:setRaftConf(356)) - e06f3018-defa-4092-9e97-706c02b761b9@group-F5FCEED6840E: set configuration 0: [e06f3018-defa-4092-9e97-706c02b761b9:192.168.69.108:41795], old=null at 0
2019-11-17 03:24:12,968 [03b1666e-145c-4b53-bd68-00f78b8b8fe6@group-F598B499DDBC-LeaderElection4] INFO  server.RaftServerConfigKeys (ConfUtils.java:logGet(43)) - raft.server.watch.timeout = 10s (default)
2019-11-17 03:24:12,969 [Thread-187] INFO  impl.FollowerState (FollowerState.java:run(111)) - 8cec9330-4330-4bf2-ba04-d50f33bc118d@group-15A5E976EFC6-FollowerState: change to CANDIDATE, lastRpcTime:5149ms, electionTimeout:5149ms
2019-11-17 03:24:12,971 [03b1666e-145c-4b53-bd68-00f78b8b8fe6@group-F598B499DDBC-LeaderElection4] INFO  server.RaftServerConfigKeys (ConfUtils.java:logGet(43)) - raft.server.watch.timeout.denomination = 1s (default)
2019-11-17 03:24:12,971 [Thread-187] INFO  impl.RoleInfo (RoleInfo.java:shutdownFollowerState(121)) - 8cec9330-4330-4bf2-ba04-d50f33bc118d: shutdown FollowerState
2019-11-17 03:24:12,971 [03b1666e-145c-4b53-bd68-00f78b8b8fe6@group-F598B499DDBC-LeaderElection4] INFO  server.RaftServerConfigKeys (ConfUtils.java:logGet(43)) - raft.server.watch.element-limit = 65536 (default)
2019-11-17 03:24:12,971 [EventQueue-PipelineReportForPipelineReportHandler] INFO  pipeline.PipelineReportHandler (PipelineReportHandler.java:processPipelineReport(113)) - Pipeline THREE PipelineID=249b48d7-39e6-422c-99c8-15a5e976efc6 reported by 03b1666e-145c-4b53-bd68-00f78b8b8fe6{ip: 192.168.69.108, host: pr-hdds-2386-kbj7l-2529383104, networkLocation: /default-rack, certSerialId: null}
2019-11-17 03:24:12,971 [Thread-187] INFO  impl.RaftServerImpl (RaftServerImpl.java:setRole(173)) - 8cec9330-4330-4bf2-ba04-d50f33bc118d@group-15A5E976EFC6: changes role from  FOLLOWER to CANDIDATE at term 0 for changeToCandidate
2019-11-17 03:24:12,971 [03b1666e-145c-4b53-bd68-00f78b8b8fe6@group-F598B499DDBC-LeaderElection4] INFO  impl.RoleInfo (RoleInfo.java:updateAndGet(143)) - 03b1666e-145c-4b53-bd68-00f78b8b8fe6: start LeaderState
2019-11-17 03:24:12,972 [Thread-187] INFO  impl.RoleInfo (RoleInfo.java:updateAndGet(143)) - 8cec9330-4330-4bf2-ba04-d50f33bc118d: start LeaderElection
2019-11-17 03:24:12,972 [03b1666e-145c-4b53-bd68-00f78b8b8fe6@group-F598B499DDBC-LeaderElection4] INFO  segmented.SegmentedRaftLogWorker (SegmentedRaftLogWorker.java:startLogSegment(385)) - 03b1666e-145c-4b53-bd68-00f78b8b8fe6@group-F598B499DDBC-SegmentedRaftLogWorker: Starting segment from index:0
2019-11-17 03:24:12,975 [03b1666e-145c-4b53-bd68-00f78b8b8fe6@group-F598B499DDBC-LeaderElection4] INFO  impl.RaftServerImpl (ServerState.java:setRaftConf(356)) - 03b1666e-145c-4b53-bd68-00f78b8b8fe6@group-F598B499DDBC: set configuration 0: [03b1666e-145c-4b53-bd68-00f78b8b8fe6:192.168.69.108:38932], old=null at 0
2019-11-17 03:24:12,988 [8cec9330-4330-4bf2-ba04-d50f33bc118d@group-15A5E976EFC6-LeaderElection5] INFO  impl.LeaderElection (LeaderElection.java:askForVotes(178)) - 8cec9330-4330-4bf2-ba04-d50f33bc118d@group-15A5E976EFC6-LeaderElection5: begin an election at term 1 for -1: [8cec9330-4330-4bf2-ba04-d50f33bc118d:192.168.69.108:35471, e06f3018-defa-4092-9e97-706c02b761b9:192.168.69.108:41795, 03b1666e-145c-4b53-bd68-00f78b8b8fe6:192.168.69.108:38932], old=null
2019-11-17 03:24:13,023 [Thread-190] INFO  impl.FollowerState (FollowerState.java:run(111)) - e06f3018-defa-4092-9e97-706c02b761b9@group-15A5E976EFC6-FollowerState: change to CANDIDATE, lastRpcTime:5201ms, electionTimeout:5200ms
2019-11-17 03:24:13,023 [Thread-190] INFO  impl.RoleInfo (RoleInfo.java:shutdownFollowerState(121)) - e06f3018-defa-4092-9e97-706c02b761b9: shutdown FollowerState
2019-11-17 03:24:13,024 [Thread-190] INFO  impl.RaftServerImpl (RaftServerImpl.java:setRole(173)) - e06f3018-defa-4092-9e97-706c02b761b9@group-15A5E976EFC6: changes role from  FOLLOWER to CANDIDATE at term 0 for changeToCandidate
2019-11-17 03:24:13,024 [Thread-190] INFO  impl.RoleInfo (RoleInfo.java:updateAndGet(143)) - e06f3018-defa-4092-9e97-706c02b761b9: start LeaderElection
2019-11-17 03:24:13,039 [e06f3018-defa-4092-9e97-706c02b761b9@group-15A5E976EFC6-LeaderElection6] INFO  impl.LeaderElection (LeaderElection.java:askForVotes(178)) - e06f3018-defa-4092-9e97-706c02b761b9@group-15A5E976EFC6-LeaderElection6: begin an election at term 1 for -1: [8cec9330-4330-4bf2-ba04-d50f33bc118d:192.168.69.108:35471, e06f3018-defa-4092-9e97-706c02b761b9:192.168.69.108:41795, 03b1666e-145c-4b53-bd68-00f78b8b8fe6:192.168.69.108:38932], old=null
2019-11-17 03:24:13,143 [03b1666e-145c-4b53-bd68-00f78b8b8fe6@group-F598B499DDBC-SegmentedRaftLogWorker] INFO  segmented.SegmentedRaftLogWorker (SegmentedRaftLogWorker.java:execute(576)) - 03b1666e-145c-4b53-bd68-00f78b8b8fe6@group-F598B499DDBC-SegmentedRaftLogWorker: created new log segment /workdir/hadoop-ozone/tools/target/test-dir/MiniOzoneClusterImpl-7dc4cadb-dfd3-446b-9db4-aa1eea265744/datanode-0/data/ratis/93cf102f-3176-453f-bcc3-f598b499ddbc/current/log_inprogress_0
2019-11-17 03:24:13,143 [e06f3018-defa-4092-9e97-706c02b761b9@group-F5FCEED6840E-SegmentedRaftLogWorker] INFO  segmented.SegmentedRaftLogWorker (SegmentedRaftLogWorker.java:execute(576)) - e06f3018-defa-4092-9e97-706c02b761b9@group-F5FCEED6840E-SegmentedRaftLogWorker: created new log segment /workdir/hadoop-ozone/tools/target/test-dir/MiniOzoneClusterImpl-7dc4cadb-dfd3-446b-9db4-aa1eea265744/datanode-1/data/ratis/44590713-be94-4921-9678-f5fceed6840e/current/log_inprogress_0
2019-11-17 03:24:13,143 [8cec9330-4330-4bf2-ba04-d50f33bc118d@group-94151D1129D6-SegmentedRaftLogWorker] INFO  segmented.SegmentedRaftLogWorker (SegmentedRaftLogWorker.java:execute(576)) - 8cec9330-4330-4bf2-ba04-d50f33bc118d@group-94151D1129D6-SegmentedRaftLogWorker: created new log segment /workdir/hadoop-ozone/tools/target/test-dir/MiniOzoneClusterImpl-7dc4cadb-dfd3-446b-9db4-aa1eea265744/datanode-2/data/ratis/12cf9e98-6a5a-44f7-8cb6-94151d1129d6/current/log_inprogress_0
2019-11-17 03:24:13,378 [03b1666e-145c-4b53-bd68-00f78b8b8fe6@group-15A5E976EFC6-LeaderElection2] INFO  impl.LeaderElection (LeaderElection.java:logAndReturn(56)) - 03b1666e-145c-4b53-bd68-00f78b8b8fe6@group-15A5E976EFC6-LeaderElection2: Election REJECTED; received 2 response(s) [03b1666e-145c-4b53-bd68-00f78b8b8fe6<-e06f3018-defa-4092-9e97-706c02b761b9#0:FAIL-t1, 03b1666e-145c-4b53-bd68-00f78b8b8fe6<-8cec9330-4330-4bf2-ba04-d50f33bc118d#0:FAIL-t1] and 0 exception(s); 03b1666e-145c-4b53-bd68-00f78b8b8fe6@group-15A5E976EFC6:t1, leader=null, voted=03b1666e-145c-4b53-bd68-00f78b8b8fe6, raftlog=03b1666e-145c-4b53-bd68-00f78b8b8fe6@group-15A5E976EFC6-SegmentedRaftLog:OPENED:c-1,f-1,i0, conf=-1: [8cec9330-4330-4bf2-ba04-d50f33bc118d:192.168.69.108:35471, e06f3018-defa-4092-9e97-706c02b761b9:192.168.69.108:41795, 03b1666e-145c-4b53-bd68-00f78b8b8fe6:192.168.69.108:38932], old=null
2019-11-17 03:24:13,378 [e06f3018-defa-4092-9e97-706c02b761b9@group-15A5E976EFC6-LeaderElection6] INFO  impl.LeaderElection (LeaderElection.java:logAndReturn(56)) - e06f3018-defa-4092-9e97-706c02b761b9@group-15A5E976EFC6-LeaderElection6: Election REJECTED; received 2 response(s) [e06f3018-defa-4092-9e97-706c02b761b9<-8cec9330-4330-4bf2-ba04-d50f33bc118d#0:FAIL-t1, e06f3018-defa-4092-9e97-706c02b761b9<-03b1666e-145c-4b53-bd68-00f78b8b8fe6#0:FAIL-t1] and 0 exception(s); e06f3018-defa-4092-9e97-706c02b761b9@group-15A5E976EFC6:t1, leader=null, voted=e06f3018-defa-4092-9e97-706c02b761b9, raftlog=e06f3018-defa-4092-9e97-706c02b761b9@group-15A5E976EFC6-SegmentedRaftLog:OPENED:c-1,f-1,i0, conf=-1: [8cec9330-4330-4bf2-ba04-d50f33bc118d:192.168.69.108:35471, e06f3018-defa-4092-9e97-706c02b761b9:192.168.69.108:41795, 03b1666e-145c-4b53-bd68-00f78b8b8fe6:192.168.69.108:38932], old=null
2019-11-17 03:24:13,378 [8cec9330-4330-4bf2-ba04-d50f33bc118d@group-15A5E976EFC6-LeaderElection5] INFO  impl.LeaderElection (LeaderElection.java:logAndReturn(56)) - 8cec9330-4330-4bf2-ba04-d50f33bc118d@group-15A5E976EFC6-LeaderElection5: Election REJECTED; received 2 response(s) [8cec9330-4330-4bf2-ba04-d50f33bc118d<-e06f3018-defa-4092-9e97-706c02b761b9#0:FAIL-t1, 8cec9330-4330-4bf2-ba04-d50f33bc118d<-03b1666e-145c-4b53-bd68-00f78b8b8fe6#0:FAIL-t1] and 0 exception(s); 8cec9330-4330-4bf2-ba04-d50f33bc118d@group-15A5E976EFC6:t1, leader=null, voted=8cec9330-4330-4bf2-ba04-d50f33bc118d, raftlog=8cec9330-4330-4bf2-ba04-d50f33bc118d@group-15A5E976EFC6-SegmentedRaftLog:OPENED:c-1,f-1,i0, conf=-1: [8cec9330-4330-4bf2-ba04-d50f33bc118d:192.168.69.108:35471, e06f3018-defa-4092-9e97-706c02b761b9:192.168.69.108:41795, 03b1666e-145c-4b53-bd68-00f78b8b8fe6:192.168.69.108:38932], old=null
2019-11-17 03:24:13,382 [03b1666e-145c-4b53-bd68-00f78b8b8fe6@group-15A5E976EFC6-LeaderElection2] INFO  impl.RaftServerImpl (RaftServerImpl.java:setRole(173)) - 03b1666e-145c-4b53-bd68-00f78b8b8fe6@group-15A5E976EFC6: changes role from CANDIDATE to FOLLOWER at term 1 for DISCOVERED_A_NEW_TERM
2019-11-17 03:24:13,382 [8cec9330-4330-4bf2-ba04-d50f33bc118d@group-15A5E976EFC6-LeaderElection5] INFO  impl.RaftServerImpl (RaftServerImpl.java:setRole(173)) - 8cec9330-4330-4bf2-ba04-d50f33bc118d@group-15A5E976EFC6: changes role from CANDIDATE to FOLLOWER at term 1 for DISCOVERED_A_NEW_TERM
2019-11-17 03:24:13,383 [e06f3018-defa-4092-9e97-706c02b761b9@group-15A5E976EFC6-LeaderElection6] INFO  impl.RaftServerImpl (RaftServerImpl.java:setRole(173)) - e06f3018-defa-4092-9e97-706c02b761b9@group-15A5E976EFC6: changes role from CANDIDATE to FOLLOWER at term 1 for DISCOVERED_A_NEW_TERM
2019-11-17 03:24:13,384 [8cec9330-4330-4bf2-ba04-d50f33bc118d@group-15A5E976EFC6-LeaderElection5] INFO  impl.RoleInfo (RoleInfo.java:shutdownLeaderElection(134)) - 8cec9330-4330-4bf2-ba04-d50f33bc118d: shutdown LeaderElection
2019-11-17 03:24:13,383 [03b1666e-145c-4b53-bd68-00f78b8b8fe6@group-15A5E976EFC6-LeaderElection2] INFO  impl.RoleInfo (RoleInfo.java:shutdownLeaderElection(134)) - 03b1666e-145c-4b53-bd68-00f78b8b8fe6: shutdown LeaderElection
2019-11-17 03:24:13,384 [e06f3018-defa-4092-9e97-706c02b761b9@group-15A5E976EFC6-LeaderElection6] INFO  impl.RoleInfo (RoleInfo.java:shutdownLeaderElection(134)) - e06f3018-defa-4092-9e97-706c02b761b9: shutdown LeaderElection
2019-11-17 03:24:13,385 [8cec9330-4330-4bf2-ba04-d50f33bc118d@group-15A5E976EFC6-LeaderElection5] INFO  impl.RoleInfo (RoleInfo.java:updateAndGet(143)) - 8cec9330-4330-4bf2-ba04-d50f33bc118d: start FollowerState
2019-11-17 03:24:13,385 [e06f3018-defa-4092-9e97-706c02b761b9@group-15A5E976EFC6-LeaderElection6] INFO  impl.RoleInfo (RoleInfo.java:updateAndGet(143)) - e06f3018-defa-4092-9e97-706c02b761b9: start FollowerState
2019-11-17 03:24:13,385 [03b1666e-145c-4b53-bd68-00f78b8b8fe6@group-15A5E976EFC6-LeaderElection2] INFO  impl.RoleInfo (RoleInfo.java:updateAndGet(143)) - 03b1666e-145c-4b53-bd68-00f78b8b8fe6: start FollowerState
2019-11-17 03:24:13,636 [main] INFO  ozone.MiniOzoneClusterImpl (MiniOzoneClusterImpl.java:lambda$waitForClusterToBeReady$0(150)) - Nodes are ready. Got 3 of 3 DN Heartbeats.
2019-11-17 03:24:13,637 [main] INFO  ozone.MiniOzoneClusterImpl (MiniOzoneClusterImpl.java:lambda$waitForClusterToBeReady$0(153)) - Waiting for cluster to exit safe mode
2019-11-17 03:24:14,637 [main] INFO  ozone.MiniOzoneClusterImpl (MiniOzoneClusterImpl.java:lambda$waitForClusterToBeReady$0(150)) - Nodes are ready. Got 3 of 3 DN Heartbeats.
2019-11-17 03:24:14,637 [main] INFO  ozone.MiniOzoneClusterImpl (MiniOzoneClusterImpl.java:lambda$waitForClusterToBeReady$0(153)) - Waiting for cluster to exit safe mode
2019-11-17 03:24:15,638 [main] INFO  ozone.MiniOzoneClusterImpl (MiniOzoneClusterImpl.java:lambda$waitForClusterToBeReady$0(150)) - Nodes are ready. Got 3 of 3 DN Heartbeats.
2019-11-17 03:24:15,638 [main] INFO  ozone.MiniOzoneClusterImpl (MiniOzoneClusterImpl.java:lambda$waitForClusterToBeReady$0(153)) - Waiting for cluster to exit safe mode
2019-11-17 03:24:16,638 [main] INFO  ozone.MiniOzoneClusterImpl (MiniOzoneClusterImpl.java:lambda$waitForClusterToBeReady$0(150)) - Nodes are ready. Got 3 of 3 DN Heartbeats.
2019-11-17 03:24:16,639 [main] INFO  ozone.MiniOzoneClusterImpl (MiniOzoneClusterImpl.java:lambda$waitForClusterToBeReady$0(153)) - Waiting for cluster to exit safe mode
2019-11-17 03:24:17,639 [main] INFO  ozone.MiniOzoneClusterImpl (MiniOzoneClusterImpl.java:lambda$waitForClusterToBeReady$0(150)) - Nodes are ready. Got 3 of 3 DN Heartbeats.
2019-11-17 03:24:17,639 [main] INFO  ozone.MiniOzoneClusterImpl (MiniOzoneClusterImpl.java:lambda$waitForClusterToBeReady$0(153)) - Waiting for cluster to exit safe mode
2019-11-17 03:24:18,423 [Thread-207] INFO  impl.FollowerState (FollowerState.java:run(111)) - 8cec9330-4330-4bf2-ba04-d50f33bc118d@group-15A5E976EFC6-FollowerState: change to CANDIDATE, lastRpcTime:5038ms, electionTimeout:5038ms
2019-11-17 03:24:18,423 [Thread-207] INFO  impl.RoleInfo (RoleInfo.java:shutdownFollowerState(121)) - 8cec9330-4330-4bf2-ba04-d50f33bc118d: shutdown FollowerState
2019-11-17 03:24:18,424 [Thread-207] INFO  impl.RaftServerImpl (RaftServerImpl.java:setRole(173)) - 8cec9330-4330-4bf2-ba04-d50f33bc118d@group-15A5E976EFC6: changes role from  FOLLOWER to CANDIDATE at term 1 for changeToCandidate
2019-11-17 03:24:18,424 [Thread-207] INFO  impl.RoleInfo (RoleInfo.java:updateAndGet(143)) - 8cec9330-4330-4bf2-ba04-d50f33bc118d: start LeaderElection
2019-11-17 03:24:18,431 [Thread-209] INFO  impl.FollowerState (FollowerState.java:run(111)) - e06f3018-defa-4092-9e97-706c02b761b9@group-15A5E976EFC6-FollowerState: change to CANDIDATE, lastRpcTime:5046ms, electionTimeout:5044ms
2019-11-17 03:24:18,431 [Thread-209] INFO  impl.RoleInfo (RoleInfo.java:shutdownFollowerState(121)) - e06f3018-defa-4092-9e97-706c02b761b9: shutdown FollowerState
2019-11-17 03:24:18,432 [Thread-209] INFO  impl.RaftServerImpl (RaftServerImpl.java:setRole(173)) - e06f3018-defa-4092-9e97-706c02b761b9@group-15A5E976EFC6: changes role from  FOLLOWER to CANDIDATE at term 1 for changeToCandidate
2019-11-17 03:24:18,432 [Thread-209] INFO  impl.RoleInfo (RoleInfo.java:updateAndGet(143)) - e06f3018-defa-4092-9e97-706c02b761b9: start LeaderElection
2019-11-17 03:24:18,438 [8cec9330-4330-4bf2-ba04-d50f33bc118d@group-15A5E976EFC6-LeaderElection7] INFO  impl.LeaderElection (LeaderElection.java:askForVotes(178)) - 8cec9330-4330-4bf2-ba04-d50f33bc118d@group-15A5E976EFC6-LeaderElection7: begin an election at term 2 for -1: [8cec9330-4330-4bf2-ba04-d50f33bc118d:192.168.69.108:35471, e06f3018-defa-4092-9e97-706c02b761b9:192.168.69.108:41795, 03b1666e-145c-4b53-bd68-00f78b8b8fe6:192.168.69.108:38932], old=null
2019-11-17 03:24:18,438 [e06f3018-defa-4092-9e97-706c02b761b9@group-15A5E976EFC6-LeaderElection8] INFO  impl.LeaderElection (LeaderElection.java:askForVotes(178)) - e06f3018-defa-4092-9e97-706c02b761b9@group-15A5E976EFC6-LeaderElection8: begin an election at term 2 for -1: [8cec9330-4330-4bf2-ba04-d50f33bc118d:192.168.69.108:35471, e06f3018-defa-4092-9e97-706c02b761b9:192.168.69.108:41795, 03b1666e-145c-4b53-bd68-00f78b8b8fe6:192.168.69.108:38932], old=null
2019-11-17 03:24:18,452 [grpc-default-executor-1] INFO  impl.RaftServerImpl (RaftServerImpl.java:setRole(173)) - 03b1666e-145c-4b53-bd68-00f78b8b8fe6@group-15A5E976EFC6: changes role from  FOLLOWER to FOLLOWER at term 2 for recognizeCandidate:e06f3018-defa-4092-9e97-706c02b761b9
2019-11-17 03:24:18,453 [grpc-default-executor-1] INFO  impl.RoleInfo (RoleInfo.java:shutdownFollowerState(121)) - 03b1666e-145c-4b53-bd68-00f78b8b8fe6: shutdown FollowerState
2019-11-17 03:24:18,454 [Thread-208] INFO  impl.FollowerState (FollowerState.java:run(120)) - 03b1666e-145c-4b53-bd68-00f78b8b8fe6@group-15A5E976EFC6-FollowerState was interrupted: java.lang.InterruptedException: sleep interrupted
2019-11-17 03:24:18,454 [grpc-default-executor-1] INFO  impl.RoleInfo (RoleInfo.java:updateAndGet(143)) - 03b1666e-145c-4b53-bd68-00f78b8b8fe6: start FollowerState
2019-11-17 03:24:18,498 [8cec9330-4330-4bf2-ba04-d50f33bc118d@group-15A5E976EFC6-LeaderElection7] INFO  impl.LeaderElection (LeaderElection.java:logAndReturn(56)) - 8cec9330-4330-4bf2-ba04-d50f33bc118d@group-15A5E976EFC6-LeaderElection7: Election REJECTED; received 2 response(s) [8cec9330-4330-4bf2-ba04-d50f33bc118d<-e06f3018-defa-4092-9e97-706c02b761b9#0:FAIL-t2, 8cec9330-4330-4bf2-ba04-d50f33bc118d<-03b1666e-145c-4b53-bd68-00f78b8b8fe6#0:FAIL-t2] and 0 exception(s); 8cec9330-4330-4bf2-ba04-d50f33bc118d@group-15A5E976EFC6:t2, leader=null, voted=8cec9330-4330-4bf2-ba04-d50f33bc118d, raftlog=8cec9330-4330-4bf2-ba04-d50f33bc118d@group-15A5E976EFC6-SegmentedRaftLog:OPENED:c-1,f-1,i0, conf=-1: [8cec9330-4330-4bf2-ba04-d50f33bc118d:192.168.69.108:35471, e06f3018-defa-4092-9e97-706c02b761b9:192.168.69.108:41795, 03b1666e-145c-4b53-bd68-00f78b8b8fe6:192.168.69.108:38932], old=null
2019-11-17 03:24:18,502 [8cec9330-4330-4bf2-ba04-d50f33bc118d@group-15A5E976EFC6-LeaderElection7] INFO  impl.RaftServerImpl (RaftServerImpl.java:setRole(173)) - 8cec9330-4330-4bf2-ba04-d50f33bc118d@group-15A5E976EFC6: changes role from CANDIDATE to FOLLOWER at term 2 for DISCOVERED_A_NEW_TERM
2019-11-17 03:24:18,503 [8cec9330-4330-4bf2-ba04-d50f33bc118d@group-15A5E976EFC6-LeaderElection7] INFO  impl.RoleInfo (RoleInfo.java:shutdownLeaderElection(134)) - 8cec9330-4330-4bf2-ba04-d50f33bc118d: shutdown LeaderElection
2019-11-17 03:24:18,504 [e06f3018-defa-4092-9e97-706c02b761b9@group-15A5E976EFC6-LeaderElection8] INFO  impl.LeaderElection (LeaderElection.java:logAndReturn(56)) - e06f3018-defa-4092-9e97-706c02b761b9@group-15A5E976EFC6-LeaderElection8: Election PASSED; received 2 response(s) [e06f3018-defa-4092-9e97-706c02b761b9<-8cec9330-4330-4bf2-ba04-d50f33bc118d#0:FAIL-t2, e06f3018-defa-4092-9e97-706c02b761b9<-03b1666e-145c-4b53-bd68-00f78b8b8fe6#0:OK-t2] and 0 exception(s); e06f3018-defa-4092-9e97-706c02b761b9@group-15A5E976EFC6:t2, leader=null, voted=e06f3018-defa-4092-9e97-706c02b761b9, raftlog=e06f3018-defa-4092-9e97-706c02b761b9@group-15A5E976EFC6-SegmentedRaftLog:OPENED:c-1,f-1,i0, conf=-1: [8cec9330-4330-4bf2-ba04-d50f33bc118d:192.168.69.108:35471, e06f3018-defa-4092-9e97-706c02b761b9:192.168.69.108:41795, 03b1666e-145c-4b53-bd68-00f78b8b8fe6:192.168.69.108:38932], old=null
2019-11-17 03:24:18,505 [8cec9330-4330-4bf2-ba04-d50f33bc118d@group-15A5E976EFC6-LeaderElection7] INFO  impl.RoleInfo (RoleInfo.java:updateAndGet(143)) - 8cec9330-4330-4bf2-ba04-d50f33bc118d: start FollowerState
2019-11-17 03:24:18,505 [e06f3018-defa-4092-9e97-706c02b761b9@group-15A5E976EFC6-LeaderElection8] INFO  impl.RoleInfo (RoleInfo.java:shutdownLeaderElection(134)) - e06f3018-defa-4092-9e97-706c02b761b9: shutdown LeaderElection
2019-11-17 03:24:18,507 [e06f3018-defa-4092-9e97-706c02b761b9@group-15A5E976EFC6-LeaderElection8] INFO  impl.RaftServerImpl (RaftServerImpl.java:setRole(173)) - e06f3018-defa-4092-9e97-706c02b761b9@group-15A5E976EFC6: changes role from CANDIDATE to LEADER at term 2 for changeToLeader
2019-11-17 03:24:18,507 [e06f3018-defa-4092-9e97-706c02b761b9@group-15A5E976EFC6-LeaderElection8] INFO  ratis.XceiverServerRatis (XceiverServerRatis.java:handleLeaderChangedNotification(733)) - Leader change notification received for group: group-15A5E976EFC6 with new leaderId: e06f3018-defa-4092-9e97-706c02b761b9
2019-11-17 03:24:18,507 [e06f3018-defa-4092-9e97-706c02b761b9@group-15A5E976EFC6-LeaderElection8] INFO  impl.RaftServerImpl (ServerState.java:setLeader(255)) - e06f3018-defa-4092-9e97-706c02b761b9@group-15A5E976EFC6: change Leader from null to e06f3018-defa-4092-9e97-706c02b761b9 at term 2 for becomeLeader, leader elected after 10696ms
2019-11-17 03:24:18,507 [e06f3018-defa-4092-9e97-706c02b761b9@group-15A5E976EFC6-LeaderElection8] INFO  server.RaftServerConfigKeys (ConfUtils.java:logGet(43)) - raft.server.staging.catchup.gap = 1000 (default)
2019-11-17 03:24:18,508 [e06f3018-defa-4092-9e97-706c02b761b9@group-15A5E976EFC6-LeaderElection8] INFO  server.RaftServerConfigKeys (ConfUtils.java:logGet(43)) - raft.server.rpc.sleep.time = 25ms (default)
2019-11-17 03:24:18,508 [e06f3018-defa-4092-9e97-706c02b761b9@group-15A5E976EFC6-LeaderElection8] INFO  server.RaftServerConfigKeys (ConfUtils.java:logGet(43)) - raft.server.write.element-limit = 4096 (default)
2019-11-17 03:24:18,508 [e06f3018-defa-4092-9e97-706c02b761b9@group-15A5E976EFC6-LeaderElection8] INFO  server.RaftServerConfigKeys (ConfUtils.java:logGet(43)) - raft.server.watch.timeout = 10s (default)
2019-11-17 03:24:18,508 [e06f3018-defa-4092-9e97-706c02b761b9@group-15A5E976EFC6-LeaderElection8] INFO  server.RaftServerConfigKeys (ConfUtils.java:logGet(43)) - raft.server.watch.timeout.denomination = 1s (default)
2019-11-17 03:24:18,509 [e06f3018-defa-4092-9e97-706c02b761b9@group-15A5E976EFC6-LeaderElection8] INFO  server.RaftServerConfigKeys (ConfUtils.java:logGet(43)) - raft.server.watch.element-limit = 65536 (default)
2019-11-17 03:24:18,510 [EventQueue-PipelineReportForPipelineReportHandler] INFO  pipeline.PipelineReportHandler (PipelineReportHandler.java:processPipelineReport(113)) - Pipeline THREE PipelineID=249b48d7-39e6-422c-99c8-15a5e976efc6 reported by e06f3018-defa-4092-9e97-706c02b761b9{ip: 192.168.69.108, host: pr-hdds-2386-kbj7l-2529383104, networkLocation: /default-rack, certSerialId: null}
2019-11-17 03:24:18,510 [EventQueue-PipelineReportForPipelineReportHandler] INFO  pipeline.PipelineStateManager (PipelineStateManager.java:openPipeline(132)) - Pipeline Pipeline[ Id: 249b48d7-39e6-422c-99c8-15a5e976efc6, Nodes: 03b1666e-145c-4b53-bd68-00f78b8b8fe6{ip: 192.168.69.108, host: pr-hdds-2386-kbj7l-2529383104, networkLocation: /default-rack, certSerialId: null}8cec9330-4330-4bf2-ba04-d50f33bc118d{ip: 192.168.69.108, host: pr-hdds-2386-kbj7l-2529383104, networkLocation: /default-rack, certSerialId: null}e06f3018-defa-4092-9e97-706c02b761b9{ip: 192.168.69.108, host: pr-hdds-2386-kbj7l-2529383104, networkLocation: /default-rack, certSerialId: null}, Type:RATIS, Factor:THREE, State:ALLOCATED] moved to OPEN state
2019-11-17 03:24:18,510 [EventQueue-OpenPipelineForHealthyPipelineSafeModeRule] INFO  safemode.SCMSafeModeManager (HealthyPipelineSafeModeRule.java:process(132)) - SCM in safe mode. Healthy pipelines reported count is 1, required healthy pipeline reported count is 1
2019-11-17 03:24:18,510 [EventQueue-OpenPipelineForOneReplicaPipelineSafeModeRule] INFO  safemode.SCMSafeModeManager (SCMSafeModeManager.java:validateSafeModeExitRules(176)) - AtleastOneDatanodeReportedRule rule is successfully validated
2019-11-17 03:24:18,514 [EventQueue-OpenPipelineForHealthyPipelineSafeModeRule] INFO  safemode.SCMSafeModeManager (SCMSafeModeManager.java:validateSafeModeExitRules(176)) - HealthyPipelineSafeModeRule rule is successfully validated
2019-11-17 03:24:18,514 [EventQueue-OpenPipelineForHealthyPipelineSafeModeRule] INFO  safemode.SCMSafeModeManager (SCMSafeModeManager.java:validateSafeModeExitRules(185)) - ScmSafeModeManager, all rules are successfully validated
2019-11-17 03:24:18,514 [EventQueue-OpenPipelineForHealthyPipelineSafeModeRule] INFO  safemode.SCMSafeModeManager (SCMSafeModeManager.java:exitSafeMode(201)) - SCM exiting safe mode.
2019-11-17 03:24:18,514 [e06f3018-defa-4092-9e97-706c02b761b9@group-15A5E976EFC6-LeaderElection8] INFO  server.RaftServerConfigKeys (ConfUtils.java:logGet(43)) - raft.server.log.appender.snapshot.chunk.size.max = 16MB (=16777216) (default)
2019-11-17 03:24:18,515 [e06f3018-defa-4092-9e97-706c02b761b9@group-15A5E976EFC6-LeaderElection8] INFO  server.RaftServerConfigKeys (ConfUtils.java:logGet(43)) - raft.server.log.appender.buffer.byte-limit = 33554432 (custom)
2019-11-17 03:24:18,515 [e06f3018-defa-4092-9e97-706c02b761b9@group-15A5E976EFC6-LeaderElection8] INFO  server.RaftServerConfigKeys (ConfUtils.java:logGet(43)) - raft.server.log.appender.buffer.element-limit = 1 (custom)
2019-11-17 03:24:18,520 [e06f3018-defa-4092-9e97-706c02b761b9@group-15A5E976EFC6-LeaderElection8] INFO  grpc.GrpcConfigKeys$Server (ConfUtils.java:logGet(43)) - raft.grpc.server.leader.outstanding.appends.max = 128 (default)
2019-11-17 03:24:18,521 [e06f3018-defa-4092-9e97-706c02b761b9@group-15A5E976EFC6-LeaderElection8] INFO  server.RaftServerConfigKeys (ConfUtils.java:logGet(43)) - raft.server.rpc.request.timeout = 3000ms (default)
2019-11-17 03:24:18,521 [e06f3018-defa-4092-9e97-706c02b761b9@group-15A5E976EFC6-LeaderElection8] INFO  server.RaftServerConfigKeys (ConfUtils.java:logGet(43)) - raft.server.log.appender.install.snapshot.enabled = false (custom)
2019-11-17 03:24:18,522 [e06f3018-defa-4092-9e97-706c02b761b9@group-15A5E976EFC6-LeaderElection8] WARN  impl.MetricRegistriesImpl (MetricRegistriesImpl.java:lambda$create$1(61)) - First MetricRegistry has been created without registering reporters. You may need to call MetricRegistries.global().addReportRegistration(...) before.
2019-11-17 03:24:18,524 [e06f3018-defa-4092-9e97-706c02b761b9@group-15A5E976EFC6-LeaderElection8] INFO  server.RaftServerConfigKeys (ConfUtils.java:logGet(43)) - raft.server.log.appender.snapshot.chunk.size.max = 16MB (=16777216) (default)
2019-11-17 03:24:18,524 [e06f3018-defa-4092-9e97-706c02b761b9@group-15A5E976EFC6-LeaderElection8] INFO  server.RaftServerConfigKeys (ConfUtils.java:logGet(43)) - raft.server.log.appender.buffer.byte-limit = 33554432 (custom)
2019-11-17 03:24:18,524 [e06f3018-defa-4092-9e97-706c02b761b9@group-15A5E976EFC6-LeaderElection8] INFO  server.RaftServerConfigKeys (ConfUtils.java:logGet(43)) - raft.server.log.appender.buffer.element-limit = 1 (custom)
2019-11-17 03:24:18,524 [e06f3018-defa-4092-9e97-706c02b761b9@group-15A5E976EFC6-LeaderElection8] INFO  grpc.GrpcConfigKeys$Server (ConfUtils.java:logGet(43)) - raft.grpc.server.leader.outstanding.appends.max = 128 (default)
2019-11-17 03:24:18,525 [e06f3018-defa-4092-9e97-706c02b761b9@group-15A5E976EFC6-LeaderElection8] INFO  server.RaftServerConfigKeys (ConfUtils.java:logGet(43)) - raft.server.rpc.request.timeout = 3000ms (default)
2019-11-17 03:24:18,525 [e06f3018-defa-4092-9e97-706c02b761b9@group-15A5E976EFC6-LeaderElection8] INFO  server.RaftServerConfigKeys (ConfUtils.java:logGet(43)) - raft.server.log.appender.install.snapshot.enabled = false (custom)
2019-11-17 03:24:18,529 [e06f3018-defa-4092-9e97-706c02b761b9@group-15A5E976EFC6-LeaderElection8] INFO  impl.RoleInfo (RoleInfo.java:updateAndGet(143)) - e06f3018-defa-4092-9e97-706c02b761b9: start LeaderState
2019-11-17 03:24:18,529 [e06f3018-defa-4092-9e97-706c02b761b9@group-15A5E976EFC6-LeaderElection8] INFO  segmented.SegmentedRaftLogWorker (SegmentedRaftLogWorker.java:startLogSegment(385)) - e06f3018-defa-4092-9e97-706c02b761b9@group-15A5E976EFC6-SegmentedRaftLogWorker: Starting segment from index:0
2019-11-17 03:24:18,530 [e06f3018-defa-4092-9e97-706c02b761b9@group-15A5E976EFC6-LeaderElection8] INFO  impl.RaftServerImpl (ServerState.java:setRaftConf(356)) - e06f3018-defa-4092-9e97-706c02b761b9@group-15A5E976EFC6: set configuration 0: [8cec9330-4330-4bf2-ba04-d50f33bc118d:192.168.69.108:35471, e06f3018-defa-4092-9e97-706c02b761b9:192.168.69.108:41795, 03b1666e-145c-4b53-bd68-00f78b8b8fe6:192.168.69.108:38932], old=null at 0
2019-11-17 03:24:18,580 [e06f3018-defa-4092-9e97-706c02b761b9@group-15A5E976EFC6-SegmentedRaftLogWorker] INFO  segmented.SegmentedRaftLogWorker (SegmentedRaftLogWorker.java:execute(576)) - e06f3018-defa-4092-9e97-706c02b761b9@group-15A5E976EFC6-SegmentedRaftLogWorker: created new log segment /workdir/hadoop-ozone/tools/target/test-dir/MiniOzoneClusterImpl-7dc4cadb-dfd3-446b-9db4-aa1eea265744/datanode-1/data/ratis/249b48d7-39e6-422c-99c8-15a5e976efc6/current/log_inprogress_0
2019-11-17 03:24:18,601 [grpc-default-executor-1] INFO  ratis.XceiverServerRatis (XceiverServerRatis.java:handleLeaderChangedNotification(733)) - Leader change notification received for group: group-15A5E976EFC6 with new leaderId: e06f3018-defa-4092-9e97-706c02b761b9
2019-11-17 03:24:18,601 [grpc-default-executor-4] INFO  ratis.XceiverServerRatis (XceiverServerRatis.java:handleLeaderChangedNotification(733)) - Leader change notification received for group: group-15A5E976EFC6 with new leaderId: e06f3018-defa-4092-9e97-706c02b761b9
2019-11-17 03:24:18,601 [grpc-default-executor-1] INFO  impl.RaftServerImpl (ServerState.java:setLeader(255)) - 03b1666e-145c-4b53-bd68-00f78b8b8fe6@group-15A5E976EFC6: change Leader from null to e06f3018-defa-4092-9e97-706c02b761b9 at term 2 for appendEntries, leader elected after 10790ms
2019-11-17 03:24:18,602 [grpc-default-executor-4] INFO  impl.RaftServerImpl (ServerState.java:setLeader(255)) - 8cec9330-4330-4bf2-ba04-d50f33bc118d@group-15A5E976EFC6: change Leader from null to e06f3018-defa-4092-9e97-706c02b761b9 at term 2 for appendEntries, leader elected after 10790ms
2019-11-17 03:24:18,635 [grpc-default-executor-1] INFO  impl.RaftServerImpl (ServerState.java:setRaftConf(356)) - 03b1666e-145c-4b53-bd68-00f78b8b8fe6@group-15A5E976EFC6: set configuration 0: [8cec9330-4330-4bf2-ba04-d50f33bc118d:192.168.69.108:35471, e06f3018-defa-4092-9e97-706c02b761b9:192.168.69.108:41795, 03b1666e-145c-4b53-bd68-00f78b8b8fe6:192.168.69.108:38932], old=null at 0
2019-11-17 03:24:18,635 [grpc-default-executor-4] INFO  impl.RaftServerImpl (ServerState.java:setRaftConf(356)) - 8cec9330-4330-4bf2-ba04-d50f33bc118d@group-15A5E976EFC6: set configuration 0: [8cec9330-4330-4bf2-ba04-d50f33bc118d:192.168.69.108:35471, e06f3018-defa-4092-9e97-706c02b761b9:192.168.69.108:41795, 03b1666e-145c-4b53-bd68-00f78b8b8fe6:192.168.69.108:38932], old=null at 0
2019-11-17 03:24:18,635 [grpc-default-executor-1] INFO  segmented.SegmentedRaftLogWorker (SegmentedRaftLogWorker.java:startLogSegment(385)) - 03b1666e-145c-4b53-bd68-00f78b8b8fe6@group-15A5E976EFC6-SegmentedRaftLogWorker: Starting segment from index:0
2019-11-17 03:24:18,635 [grpc-default-executor-4] INFO  segmented.SegmentedRaftLogWorker (SegmentedRaftLogWorker.java:startLogSegment(385)) - 8cec9330-4330-4bf2-ba04-d50f33bc118d@group-15A5E976EFC6-SegmentedRaftLogWorker: Starting segment from index:0
2019-11-17 03:24:18,640 [main] INFO  ozone.MiniOzoneClusterImpl (MiniOzoneClusterImpl.java:lambda$waitForClusterToBeReady$0(150)) - Nodes are ready. Got 3 of 3 DN Heartbeats.
2019-11-17 03:24:18,640 [main] INFO  ozone.MiniOzoneClusterImpl (MiniOzoneClusterImpl.java:lambda$waitForClusterToBeReady$0(153)) - Cluster exits safe mode
2019-11-17 03:24:18,699 [8cec9330-4330-4bf2-ba04-d50f33bc118d@group-15A5E976EFC6-SegmentedRaftLogWorker] INFO  segmented.SegmentedRaftLogWorker (SegmentedRaftLogWorker.java:execute(576)) - 8cec9330-4330-4bf2-ba04-d50f33bc118d@group-15A5E976EFC6-SegmentedRaftLogWorker: created new log segment /workdir/hadoop-ozone/tools/target/test-dir/MiniOzoneClusterImpl-7dc4cadb-dfd3-446b-9db4-aa1eea265744/datanode-2/data/ratis/249b48d7-39e6-422c-99c8-15a5e976efc6/current/log_inprogress_0
2019-11-17 03:24:18,699 [03b1666e-145c-4b53-bd68-00f78b8b8fe6@group-15A5E976EFC6-SegmentedRaftLogWorker] INFO  segmented.SegmentedRaftLogWorker (SegmentedRaftLogWorker.java:execute(576)) - 03b1666e-145c-4b53-bd68-00f78b8b8fe6@group-15A5E976EFC6-SegmentedRaftLogWorker: created new log segment /workdir/hadoop-ozone/tools/target/test-dir/MiniOzoneClusterImpl-7dc4cadb-dfd3-446b-9db4-aa1eea265744/datanode-0/data/ratis/249b48d7-39e6-422c-99c8-15a5e976efc6/current/log_inprogress_0
2019-11-17 03:24:19,502 [main] INFO  ozone.MiniOzoneClusterImpl (MiniOzoneClusterImpl.java:getStorageContainerLocationClient(241)) - Creating StorageContainerLocationProtocol RPC client with address /0.0.0.0:38705
2019-11-17 03:24:19,531 [main] INFO  rpc.RpcClient (RpcClient.java:createVolume(292)) - Creating Volume: 66d779cf-4ac0-44f5-ab83-8c70d2dbb472, with jenkins1000 as owner.
2019-11-17 03:24:19,582 [IPC Server handler 2 on 33555] INFO  volume.OMVolumeCreateRequest (OMVolumeCreateRequest.java:validateAndUpdateCache(193)) - created volume:66d779cf-4ac0-44f5-ab83-8c70d2dbb472 for user:jenkins1000
2019-11-17 03:24:19,641 [main] INFO  rpc.RpcClient (RpcClient.java:createBucket(431)) - Creating Bucket: 66d779cf-4ac0-44f5-ab83-8c70d2dbb472/45df9662-17e0-4f78-87e7-b937d64234dc, with Versioning false and Storage Type set to DISK and Encryption set to false 
2019-11-17 03:24:19,733 [IPC Server handler 3 on 36424] INFO  pipeline.PipelineStateManager (PipelineStateManager.java:addPipeline(55)) - Created pipeline Pipeline[ Id: 76d0718d-c59e-44fa-9044-6ecb77ee3d11, Nodes: 8cec9330-4330-4bf2-ba04-d50f33bc118d{ip: 192.168.69.108, host: pr-hdds-2386-kbj7l-2529383104, networkLocation: /default-rack, certSerialId: null}, Type:STAND_ALONE, Factor:ONE, State:OPEN]
2019-11-17 03:24:19,838 [main] INFO  impl.MetricsSystemImpl (MetricsSystemImpl.java:init(158)) - XceiverClientMetrics metrics system started (again)
2019-11-17 03:24:20,244 [main] INFO  ozone.MiniOzoneClusterImpl (MiniOzoneClusterImpl.java:shutdown(334)) - Shutting down the Mini Ozone Cluster
2019-11-17 03:24:20,245 [main] INFO  ozone.MiniOzoneClusterImpl (MiniOzoneClusterImpl.java:stop(350)) - Stopping the Mini Ozone Cluster
2019-11-17 03:24:20,245 [main] INFO  ozone.MiniOzoneClusterImpl (MiniOzoneClusterImpl.java:stopOM(420)) - Stopping the OzoneManager
2019-11-17 03:24:20,245 [main] INFO  ipc.Server (Server.java:stop(3082)) - Stopping server on 33555
2019-11-17 03:24:20,247 [IPC Server listener on 33555] INFO  ipc.Server (Server.java:run(1185)) - Stopping IPC Server listener on 33555
2019-11-17 03:24:20,247 [main] INFO  ratis.OzoneManagerDoubleBuffer (OzoneManagerDoubleBuffer.java:stop(261)) - Stopping OMDoubleBuffer flush thread
2019-11-17 03:24:20,247 [IPC Server Responder] INFO  ipc.Server (Server.java:run(1319)) - Stopping IPC Server Responder
2019-11-17 03:24:20,248 [OMDoubleBufferFlushThread] INFO  ratis.OzoneManagerDoubleBuffer (OzoneManagerDoubleBuffer.java:flushTransactions(199)) - OMDoubleBuffer flush thread OMDoubleBufferFlushThread is interrupted and will exit. OMDoubleBufferFlushThread
2019-11-17 03:24:20,248 [main] INFO  utils.BackgroundService (BackgroundService.java:shutdown(151)) - Shutting down service KeyDeletingService
2019-11-17 03:24:20,252 [main] INFO  handler.ContextHandler (ContextHandler.java:doStop(910)) - Stopped o.e.j.w.WebAppContext@5ee34b1b{/,null,UNAVAILABLE}{/ozoneManager}
2019-11-17 03:24:20,258 [main] INFO  server.AbstractConnector (AbstractConnector.java:doStop(318)) - Stopped ServerConnector@3c89bb12{HTTP/1.1,[http/1.1]}{0.0.0.0:0}
2019-11-17 03:24:20,258 [main] INFO  handler.ContextHandler (ContextHandler.java:doStop(910)) - Stopped o.e.j.s.ServletContextHandler@31fc71ab{/static,jar:file:/home/user/.m2/repository/org/apache/hadoop/hadoop-ozone-ozone-manager/0.5.0-SNAPSHOT/hadoop-ozone-ozone-manager-0.5.0-SNAPSHOT.jar!/webapps/static,UNAVAILABLE}
2019-11-17 03:24:20,259 [main] INFO  handler.ContextHandler (ContextHandler.java:doStop(910)) - Stopped o.e.j.s.ServletContextHandler@d1a10ac{/logs,file:///workdir/hadoop-ozone/tools/target/log,UNAVAILABLE}
2019-11-17 03:24:20,263 [main] INFO  ozone.MiniOzoneClusterImpl (MiniOzoneClusterImpl.java:stopDatanodes(397)) - Stopping the HddsDatanodes
2019-11-17 03:24:20,508 [Datanode State Machine Thread - 0] INFO  statemachine.DatanodeStateMachine (DatanodeStateMachine.java:lambda$startDaemon$0(361)) - Ozone container server started.
2019-11-17 03:24:20,968 [Datanode State Machine Thread - 0] INFO  statemachine.DatanodeStateMachine (DatanodeStateMachine.java:lambda$startDaemon$0(361)) - Ozone container server started.
2019-11-17 03:24:21,519 [Thread-220] INFO  container.ReplicationManager (ReplicationManager.java:start(162)) - Starting Replication Monitor Thread.
2019-11-17 03:24:21,522 [ReplicationMonitor] INFO  container.ReplicationManager (ReplicationManager.java:run(225)) - Replication Monitor Thread took 2 milliseconds for processing 3 containers.
2019-11-17 03:24:25,265 [ForkJoinPool.commonPool-worker-0] INFO  ozoneimpl.OzoneContainer (OzoneContainer.java:stop(244)) - Attempting to stop container services.
2019-11-17 03:24:25,265 [main] INFO  ozoneimpl.OzoneContainer (OzoneContainer.java:stop(244)) - Attempting to stop container services.
2019-11-17 03:24:25,268 [ForkJoinPool.commonPool-worker-0] INFO  impl.RaftServerProxy (RaftServerProxy.java:lambda$close$4(314)) - 03b1666e-145c-4b53-bd68-00f78b8b8fe6: close
2019-11-17 03:24:25,269 [main] INFO  impl.RaftServerProxy (RaftServerProxy.java:lambda$close$4(314)) - e06f3018-defa-4092-9e97-706c02b761b9: close
2019-11-17 03:24:25,271 [ForkJoinPool.commonPool-worker-0] INFO  impl.RaftServerImpl (RaftServerImpl.java:lambda$shutdown$3(250)) - 03b1666e-145c-4b53-bd68-00f78b8b8fe6@group-F598B499DDBC: shutdown
2019-11-17 03:24:25,271 [main] INFO  impl.RaftServerImpl (RaftServerImpl.java:lambda$shutdown$3(250)) - e06f3018-defa-4092-9e97-706c02b761b9@group-F5FCEED6840E: shutdown
2019-11-17 03:24:25,272 [ForkJoinPool.commonPool-worker-0] INFO  util.JmxRegister (JmxRegister.java:unregister(73)) - Successfully un-registered JMX Bean with object name Ratis:service=RaftServer,group=group-F598B499DDBC,id=03b1666e-145c-4b53-bd68-00f78b8b8fe6
2019-11-17 03:24:25,272 [main] INFO  util.JmxRegister (JmxRegister.java:unregister(73)) - Successfully un-registered JMX Bean with object name Ratis:service=RaftServer,group=group-F5FCEED6840E,id=e06f3018-defa-4092-9e97-706c02b761b9
2019-11-17 03:24:25,272 [ForkJoinPool.commonPool-worker-0] INFO  impl.RoleInfo (RoleInfo.java:shutdownLeaderState(104)) - 03b1666e-145c-4b53-bd68-00f78b8b8fe6: shutdown LeaderState
2019-11-17 03:24:25,273 [main] INFO  impl.RoleInfo (RoleInfo.java:shutdownLeaderState(104)) - e06f3018-defa-4092-9e97-706c02b761b9: shutdown LeaderState
2019-11-17 03:24:25,274 [main] INFO  impl.PendingRequests (PendingRequests.java:sendNotLeaderResponses(206)) - e06f3018-defa-4092-9e97-706c02b761b9@group-F5FCEED6840E-PendingRequests: sendNotLeaderResponses
2019-11-17 03:24:25,274 [ForkJoinPool.commonPool-worker-0] INFO  impl.PendingRequests (PendingRequests.java:sendNotLeaderResponses(206)) - 03b1666e-145c-4b53-bd68-00f78b8b8fe6@group-F598B499DDBC-PendingRequests: sendNotLeaderResponses
2019-11-17 03:24:25,277 [ForkJoinPool.commonPool-worker-0] INFO  impl.StateMachineUpdater (StateMachineUpdater.java:stopAndJoin(136)) - 03b1666e-145c-4b53-bd68-00f78b8b8fe6@group-F598B499DDBC-StateMachineUpdater: set stopIndex = 0
2019-11-17 03:24:25,277 [main] INFO  impl.StateMachineUpdater (StateMachineUpdater.java:stopAndJoin(136)) - e06f3018-defa-4092-9e97-706c02b761b9@group-F5FCEED6840E-StateMachineUpdater: set stopIndex = 0
2019-11-17 03:24:25,282 [ForkJoinPool.commonPool-worker-0] INFO  impl.RaftServerImpl (ServerState.java:close(387)) - 03b1666e-145c-4b53-bd68-00f78b8b8fe6@group-F598B499DDBC: closes. applyIndex: 0
2019-11-17 03:24:25,283 [main] INFO  impl.RaftServerImpl (ServerState.java:close(387)) - e06f3018-defa-4092-9e97-706c02b761b9@group-F5FCEED6840E: closes. applyIndex: 0
2019-11-17 03:24:25,287 [e06f3018-defa-4092-9e97-706c02b761b9@group-F5FCEED6840E-SegmentedRaftLogWorker] INFO  segmented.SegmentedRaftLogWorker (SegmentedRaftLogWorker.java:run(316)) - e06f3018-defa-4092-9e97-706c02b761b9@group-F5FCEED6840E-SegmentedRaftLogWorker was interrupted, exiting. There are 0 tasks remaining in the queue.
2019-11-17 03:24:25,287 [03b1666e-145c-4b53-bd68-00f78b8b8fe6@group-F598B499DDBC-SegmentedRaftLogWorker] INFO  segmented.SegmentedRaftLogWorker (SegmentedRaftLogWorker.java:run(316)) - 03b1666e-145c-4b53-bd68-00f78b8b8fe6@group-F598B499DDBC-SegmentedRaftLogWorker was interrupted, exiting. There are 0 tasks remaining in the queue.
2019-11-17 03:24:25,288 [main] INFO  segmented.SegmentedRaftLogWorker (SegmentedRaftLogWorker.java:close(224)) - e06f3018-defa-4092-9e97-706c02b761b9@group-F5FCEED6840E-SegmentedRaftLogWorker close()
2019-11-17 03:24:25,290 [main] INFO  impl.RaftServerImpl (RaftServerImpl.java:lambda$shutdown$3(250)) - e06f3018-defa-4092-9e97-706c02b761b9@group-15A5E976EFC6: shutdown
2019-11-17 03:24:25,290 [main] INFO  util.JmxRegister (JmxRegister.java:unregister(73)) - Successfully un-registered JMX Bean with object name Ratis:service=RaftServer,group=group-15A5E976EFC6,id=e06f3018-defa-4092-9e97-706c02b761b9
2019-11-17 03:24:25,291 [main] INFO  impl.RoleInfo (RoleInfo.java:shutdownLeaderState(104)) - e06f3018-defa-4092-9e97-706c02b761b9: shutdown LeaderState
2019-11-17 03:24:25,292 [main] INFO  impl.PendingRequests (PendingRequests.java:sendNotLeaderResponses(206)) - e06f3018-defa-4092-9e97-706c02b761b9@group-15A5E976EFC6-PendingRequests: sendNotLeaderResponses
2019-11-17 03:24:25,292 [org.apache.ratis.server.impl.LogAppender$AppenderDaemon$$Lambda$555/981502691@33deec45] WARN  server.GrpcLogAppender (GrpcLogAppender.java:mayWait(151)) - e06f3018-defa-4092-9e97-706c02b761b9@group-15A5E976EFC6->03b1666e-145c-4b53-bd68-00f78b8b8fe6-GrpcLogAppender: Wait interrupted by java.lang.InterruptedException
2019-11-17 03:24:25,292 [org.apache.ratis.server.impl.LogAppender$AppenderDaemon$$Lambda$555/981502691@77c84be4] WARN  server.GrpcLogAppender (GrpcLogAppender.java:mayWait(151)) - e06f3018-defa-4092-9e97-706c02b761b9@group-15A5E976EFC6->8cec9330-4330-4bf2-ba04-d50f33bc118d-GrpcLogAppender: Wait interrupted by java.lang.InterruptedException
2019-11-17 03:24:25,294 [main] INFO  impl.StateMachineUpdater (StateMachineUpdater.java:stopAndJoin(136)) - e06f3018-defa-4092-9e97-706c02b761b9@group-15A5E976EFC6-StateMachineUpdater: set stopIndex = 0
2019-11-17 03:24:25,294 [main] INFO  impl.RaftServerImpl (ServerState.java:close(387)) - e06f3018-defa-4092-9e97-706c02b761b9@group-15A5E976EFC6: closes. applyIndex: 0
2019-11-17 03:24:25,295 [e06f3018-defa-4092-9e97-706c02b761b9@group-15A5E976EFC6-SegmentedRaftLogWorker] INFO  segmented.SegmentedRaftLogWorker (SegmentedRaftLogWorker.java:run(316)) - e06f3018-defa-4092-9e97-706c02b761b9@group-15A5E976EFC6-SegmentedRaftLogWorker was interrupted, exiting. There are 0 tasks remaining in the queue.
2019-11-17 03:24:25,296 [main] INFO  segmented.SegmentedRaftLogWorker (SegmentedRaftLogWorker.java:close(224)) - e06f3018-defa-4092-9e97-706c02b761b9@group-15A5E976EFC6-SegmentedRaftLogWorker close()
2019-11-17 03:24:25,299 [main] INFO  server.GrpcService (GrpcService.java:closeImpl(164)) - e06f3018-defa-4092-9e97-706c02b761b9: shutdown server with port 41795 now
2019-11-17 03:24:25,299 [grpc-default-executor-3] INFO  server.GrpcServerProtocolService (GrpcServerProtocolService.java:onCompleted(113)) - 03b1666e-145c-4b53-bd68-00f78b8b8fe6: Completed APPEND_ENTRIES, lastRequest: e06f3018-defa-4092-9e97-706c02b761b9->03b1666e-145c-4b53-bd68-00f78b8b8fe6#3-t2, previous=(t:2, i:0), leaderCommit=0, initializing? false, entries: <empty>
2019-11-17 03:24:25,300 [ForkJoinPool.commonPool-worker-0] INFO  segmented.SegmentedRaftLogWorker (SegmentedRaftLogWorker.java:close(224)) - 03b1666e-145c-4b53-bd68-00f78b8b8fe6@group-F598B499DDBC-SegmentedRaftLogWorker close()
2019-11-17 03:24:25,299 [grpc-default-executor-4] INFO  server.GrpcServerProtocolService (GrpcServerProtocolService.java:onCompleted(113)) - 8cec9330-4330-4bf2-ba04-d50f33bc118d: Completed APPEND_ENTRIES, lastRequest: e06f3018-defa-4092-9e97-706c02b761b9->8cec9330-4330-4bf2-ba04-d50f33bc118d#3-t2, previous=(t:2, i:0), leaderCommit=0, initializing? false, entries: <empty>
2019-11-17 03:24:25,301 [ForkJoinPool.commonPool-worker-0] INFO  impl.RaftServerImpl (RaftServerImpl.java:lambda$shutdown$3(250)) - 03b1666e-145c-4b53-bd68-00f78b8b8fe6@group-15A5E976EFC6: shutdown
2019-11-17 03:24:25,302 [ForkJoinPool.commonPool-worker-0] INFO  util.JmxRegister (JmxRegister.java:unregister(73)) - Successfully un-registered JMX Bean with object name Ratis:service=RaftServer,group=group-15A5E976EFC6,id=03b1666e-145c-4b53-bd68-00f78b8b8fe6
2019-11-17 03:24:25,302 [ForkJoinPool.commonPool-worker-0] INFO  impl.RoleInfo (RoleInfo.java:shutdownFollowerState(121)) - 03b1666e-145c-4b53-bd68-00f78b8b8fe6: shutdown FollowerState
2019-11-17 03:24:25,302 [ForkJoinPool.commonPool-worker-0] INFO  impl.StateMachineUpdater (StateMachineUpdater.java:stopAndJoin(136)) - 03b1666e-145c-4b53-bd68-00f78b8b8fe6@group-15A5E976EFC6-StateMachineUpdater: set stopIndex = 0
2019-11-17 03:24:25,302 [Thread-216] INFO  impl.FollowerState (FollowerState.java:run(120)) - 03b1666e-145c-4b53-bd68-00f78b8b8fe6@group-15A5E976EFC6-FollowerState was interrupted: java.lang.InterruptedException: sleep interrupted
2019-11-17 03:24:25,305 [ForkJoinPool.commonPool-worker-0] INFO  impl.RaftServerImpl (ServerState.java:close(387)) - 03b1666e-145c-4b53-bd68-00f78b8b8fe6@group-15A5E976EFC6: closes. applyIndex: 0
2019-11-17 03:24:25,304 [grpc-default-executor-3] INFO  server.GrpcLogAppender (GrpcLogAppender.java:onCompleted(308)) - e06f3018-defa-4092-9e97-706c02b761b9@group-15A5E976EFC6->8cec9330-4330-4bf2-ba04-d50f33bc118d-AppendLogResponseHandler: follower responses appendEntries COMPLETED
2019-11-17 03:24:25,304 [grpc-default-executor-4] INFO  server.GrpcLogAppender (GrpcLogAppender.java:onCompleted(308)) - e06f3018-defa-4092-9e97-706c02b761b9@group-15A5E976EFC6->03b1666e-145c-4b53-bd68-00f78b8b8fe6-AppendLogResponseHandler: follower responses appendEntries COMPLETED
2019-11-17 03:24:25,306 [03b1666e-145c-4b53-bd68-00f78b8b8fe6@group-15A5E976EFC6-SegmentedRaftLogWorker] INFO  segmented.SegmentedRaftLogWorker (SegmentedRaftLogWorker.java:run(316)) - 03b1666e-145c-4b53-bd68-00f78b8b8fe6@group-15A5E976EFC6-SegmentedRaftLogWorker was interrupted, exiting. There are 0 tasks remaining in the queue.
2019-11-17 03:24:25,309 [ForkJoinPool.commonPool-worker-0] INFO  segmented.SegmentedRaftLogWorker (SegmentedRaftLogWorker.java:close(224)) - 03b1666e-145c-4b53-bd68-00f78b8b8fe6@group-15A5E976EFC6-SegmentedRaftLogWorker close()
2019-11-17 03:24:25,311 [ForkJoinPool.commonPool-worker-0] INFO  server.GrpcService (GrpcService.java:closeImpl(164)) - 03b1666e-145c-4b53-bd68-00f78b8b8fe6: shutdown server with port 38932 now
2019-11-17 03:24:25,313 [grpc-default-executor-3] INFO  impl.FollowerInfo (FollowerInfo.java:lambda$new$0(51)) - e06f3018-defa-4092-9e97-706c02b761b9@group-15A5E976EFC6->8cec9330-4330-4bf2-ba04-d50f33bc118d: nextIndex: updateUnconditionally 1 -> 0
2019-11-17 03:24:25,319 [grpc-default-executor-4] INFO  impl.FollowerInfo (FollowerInfo.java:lambda$new$0(51)) - e06f3018-defa-4092-9e97-706c02b761b9@group-15A5E976EFC6->03b1666e-145c-4b53-bd68-00f78b8b8fe6: nextIndex: updateUnconditionally 1 -> 0
2019-11-17 03:24:25,320 [main] INFO  server.GrpcService (GrpcService.java:closeImpl(172)) - e06f3018-defa-4092-9e97-706c02b761b9: shutdown server with port 41795 successfully
2019-11-17 03:24:25,321 [ForkJoinPool.commonPool-worker-0] INFO  server.GrpcService (GrpcService.java:closeImpl(172)) - 03b1666e-145c-4b53-bd68-00f78b8b8fe6: shutdown server with port 38932 successfully
2019-11-17 03:24:25,324 [refreshUsed-/workdir/hadoop-ozone/tools/target/test-dir/MiniOzoneClusterImpl-7dc4cadb-dfd3-446b-9db4-aa1eea265744/datanode-1/data/containers] WARN  fs.CachingGetSpaceUsed (CachingGetSpaceUsed.java:run(183)) - Thread Interrupted waiting to refresh disk information: sleep interrupted
2019-11-17 03:24:25,328 [refreshUsed-/workdir/hadoop-ozone/tools/target/test-dir/MiniOzoneClusterImpl-7dc4cadb-dfd3-446b-9db4-aa1eea265744/datanode-0/data/containers] WARN  fs.CachingGetSpaceUsed (CachingGetSpaceUsed.java:run(183)) - Thread Interrupted waiting to refresh disk information: sleep interrupted
2019-11-17 03:24:25,350 [ForkJoinPool.commonPool-worker-0] INFO  utils.BackgroundService (BackgroundService.java:shutdown(151)) - Shutting down service BlockDeletingService
2019-11-17 03:24:25,353 [ForkJoinPool.commonPool-worker-0] INFO  statemachine.DatanodeStateMachine (DatanodeStateMachine.java:stopDaemon(406)) - Ozone container server stopped.
2019-11-17 03:24:25,356 [ForkJoinPool.commonPool-worker-0] INFO  handler.ContextHandler (ContextHandler.java:doStop(910)) - Stopped o.e.j.w.WebAppContext@554f0dfb{/,null,UNAVAILABLE}{/hddsDatanode}
2019-11-17 03:24:25,356 [ForkJoinPool.commonPool-worker-0] INFO  server.AbstractConnector (AbstractConnector.java:doStop(318)) - Stopped ServerConnector@1f7076bc{HTTP/1.1,[http/1.1]}{0.0.0.0:0}
2019-11-17 03:24:25,357 [ForkJoinPool.commonPool-worker-0] INFO  handler.ContextHandler (ContextHandler.java:doStop(910)) - Stopped o.e.j.s.ServletContextHandler@582a764a{/static,jar:file:/home/user/.m2/repository/org/apache/hadoop/hadoop-hdds-container-service/0.5.0-SNAPSHOT/hadoop-hdds-container-service-0.5.0-SNAPSHOT.jar!/webapps/static,UNAVAILABLE}
2019-11-17 03:24:25,358 [ForkJoinPool.commonPool-worker-0] INFO  handler.ContextHandler (ContextHandler.java:doStop(910)) - Stopped o.e.j.s.ServletContextHandler@de8039f{/logs,file:///workdir/hadoop-ozone/tools/target/log,UNAVAILABLE}
2019-11-17 03:24:25,365 [main] INFO  utils.BackgroundService (BackgroundService.java:shutdown(151)) - Shutting down service BlockDeletingService
2019-11-17 03:24:25,367 [main] INFO  statemachine.DatanodeStateMachine (DatanodeStateMachine.java:stopDaemon(406)) - Ozone container server stopped.
2019-11-17 03:24:25,369 [main] INFO  handler.ContextHandler (ContextHandler.java:doStop(910)) - Stopped o.e.j.w.WebAppContext@262816a8{/,null,UNAVAILABLE}{/hddsDatanode}
2019-11-17 03:24:25,371 [main] INFO  server.AbstractConnector (AbstractConnector.java:doStop(318)) - Stopped ServerConnector@1effd53c{HTTP/1.1,[http/1.1]}{0.0.0.0:0}
2019-11-17 03:24:25,371 [main] INFO  handler.ContextHandler (ContextHandler.java:doStop(910)) - Stopped o.e.j.s.ServletContextHandler@4a734c04{/static,jar:file:/home/user/.m2/repository/org/apache/hadoop/hadoop-hdds-container-service/0.5.0-SNAPSHOT/hadoop-hdds-container-service-0.5.0-SNAPSHOT.jar!/webapps/static,UNAVAILABLE}
2019-11-17 03:24:25,372 [main] INFO  handler.ContextHandler (ContextHandler.java:doStop(910)) - Stopped o.e.j.s.ServletContextHandler@1b1f5012{/logs,file:///workdir/hadoop-ozone/tools/target/log,UNAVAILABLE}
2019-11-17 03:24:26,085 [Datanode State Machine Thread - 0] INFO  statemachine.DatanodeStateMachine (DatanodeStateMachine.java:lambda$startDaemon$0(361)) - Ozone container server started.
2019-11-17 03:24:30,360 [ForkJoinPool.commonPool-worker-0] INFO  ozoneimpl.OzoneContainer (OzoneContainer.java:stop(244)) - Attempting to stop container services.
2019-11-17 03:24:30,361 [ForkJoinPool.commonPool-worker-0] INFO  impl.RaftServerProxy (RaftServerProxy.java:lambda$close$4(314)) - 8cec9330-4330-4bf2-ba04-d50f33bc118d: close
2019-11-17 03:24:30,361 [ForkJoinPool.commonPool-worker-0] INFO  impl.RaftServerImpl (RaftServerImpl.java:lambda$shutdown$3(250)) - 8cec9330-4330-4bf2-ba04-d50f33bc118d@group-15A5E976EFC6: shutdown
2019-11-17 03:24:30,361 [ForkJoinPool.commonPool-worker-0] INFO  util.JmxRegister (JmxRegister.java:unregister(73)) - Successfully un-registered JMX Bean with object name Ratis:service=RaftServer,group=group-15A5E976EFC6,id=8cec9330-4330-4bf2-ba04-d50f33bc118d
2019-11-17 03:24:30,362 [ForkJoinPool.commonPool-worker-0] INFO  impl.RoleInfo (RoleInfo.java:shutdownFollowerState(121)) - 8cec9330-4330-4bf2-ba04-d50f33bc118d: shutdown FollowerState
2019-11-17 03:24:30,362 [ForkJoinPool.commonPool-worker-0] INFO  impl.StateMachineUpdater (StateMachineUpdater.java:stopAndJoin(136)) - 8cec9330-4330-4bf2-ba04-d50f33bc118d@group-15A5E976EFC6-StateMachineUpdater: set stopIndex = 0
2019-11-17 03:24:30,362 [Thread-217] INFO  impl.FollowerState (FollowerState.java:run(120)) - 8cec9330-4330-4bf2-ba04-d50f33bc118d@group-15A5E976EFC6-FollowerState was interrupted: java.lang.InterruptedException: sleep interrupted
2019-11-17 03:24:30,363 [ForkJoinPool.commonPool-worker-0] INFO  impl.RaftServerImpl (ServerState.java:close(387)) - 8cec9330-4330-4bf2-ba04-d50f33bc118d@group-15A5E976EFC6: closes. applyIndex: 0
2019-11-17 03:24:30,364 [8cec9330-4330-4bf2-ba04-d50f33bc118d@group-15A5E976EFC6-SegmentedRaftLogWorker] INFO  segmented.SegmentedRaftLogWorker (SegmentedRaftLogWorker.java:run(316)) - 8cec9330-4330-4bf2-ba04-d50f33bc118d@group-15A5E976EFC6-SegmentedRaftLogWorker was interrupted, exiting. There are 0 tasks remaining in the queue.
2019-11-17 03:24:30,365 [ForkJoinPool.commonPool-worker-0] INFO  segmented.SegmentedRaftLogWorker (SegmentedRaftLogWorker.java:close(224)) - 8cec9330-4330-4bf2-ba04-d50f33bc118d@group-15A5E976EFC6-SegmentedRaftLogWorker close()
2019-11-17 03:24:30,366 [ForkJoinPool.commonPool-worker-0] INFO  impl.RaftServerImpl (RaftServerImpl.java:lambda$shutdown$3(250)) - 8cec9330-4330-4bf2-ba04-d50f33bc118d@group-94151D1129D6: shutdown
2019-11-17 03:24:30,367 [ForkJoinPool.commonPool-worker-0] INFO  util.JmxRegister (JmxRegister.java:unregister(73)) - Successfully un-registered JMX Bean with object name Ratis:service=RaftServer,group=group-94151D1129D6,id=8cec9330-4330-4bf2-ba04-d50f33bc118d
2019-11-17 03:24:30,367 [ForkJoinPool.commonPool-worker-0] INFO  impl.RoleInfo (RoleInfo.java:shutdownLeaderState(104)) - 8cec9330-4330-4bf2-ba04-d50f33bc118d: shutdown LeaderState
2019-11-17 03:24:30,367 [ForkJoinPool.commonPool-worker-0] INFO  impl.PendingRequests (PendingRequests.java:sendNotLeaderResponses(206)) - 8cec9330-4330-4bf2-ba04-d50f33bc118d@group-94151D1129D6-PendingRequests: sendNotLeaderResponses
2019-11-17 03:24:30,368 [ForkJoinPool.commonPool-worker-0] INFO  impl.StateMachineUpdater (StateMachineUpdater.java:stopAndJoin(136)) - 8cec9330-4330-4bf2-ba04-d50f33bc118d@group-94151D1129D6-StateMachineUpdater: set stopIndex = 0
2019-11-17 03:24:30,368 [ForkJoinPool.commonPool-worker-0] INFO  impl.RaftServerImpl (ServerState.java:close(387)) - 8cec9330-4330-4bf2-ba04-d50f33bc118d@group-94151D1129D6: closes. applyIndex: 0
2019-11-17 03:24:30,368 [8cec9330-4330-4bf2-ba04-d50f33bc118d@group-94151D1129D6-SegmentedRaftLogWorker] INFO  segmented.SegmentedRaftLogWorker (SegmentedRaftLogWorker.java:run(316)) - 8cec9330-4330-4bf2-ba04-d50f33bc118d@group-94151D1129D6-SegmentedRaftLogWorker was interrupted, exiting. There are 0 tasks remaining in the queue.
2019-11-17 03:24:30,376 [ForkJoinPool.commonPool-worker-0] INFO  segmented.SegmentedRaftLogWorker (SegmentedRaftLogWorker.java:close(224)) - 8cec9330-4330-4bf2-ba04-d50f33bc118d@group-94151D1129D6-SegmentedRaftLogWorker close()
2019-11-17 03:24:30,377 [ForkJoinPool.commonPool-worker-0] INFO  server.GrpcService (GrpcService.java:closeImpl(164)) - 8cec9330-4330-4bf2-ba04-d50f33bc118d: shutdown server with port 35471 now
2019-11-17 03:24:30,379 [ForkJoinPool.commonPool-worker-0] INFO  server.GrpcService (GrpcService.java:closeImpl(172)) - 8cec9330-4330-4bf2-ba04-d50f33bc118d: shutdown server with port 35471 successfully
2019-11-17 03:24:30,390 [refreshUsed-/workdir/hadoop-ozone/tools/target/test-dir/MiniOzoneClusterImpl-7dc4cadb-dfd3-446b-9db4-aa1eea265744/datanode-2/data/containers] WARN  fs.CachingGetSpaceUsed (CachingGetSpaceUsed.java:run(183)) - Thread Interrupted waiting to refresh disk information: sleep interrupted
2019-11-17 03:24:30,409 [ForkJoinPool.commonPool-worker-0] INFO  utils.BackgroundService (BackgroundService.java:shutdown(151)) - Shutting down service BlockDeletingService
2019-11-17 03:24:30,410 [ForkJoinPool.commonPool-worker-0] INFO  statemachine.DatanodeStateMachine (DatanodeStateMachine.java:stopDaemon(406)) - Ozone container server stopped.
2019-11-17 03:24:30,412 [ForkJoinPool.commonPool-worker-0] INFO  handler.ContextHandler (ContextHandler.java:doStop(910)) - Stopped o.e.j.w.WebAppContext@78054f54{/,null,UNAVAILABLE}{/hddsDatanode}
2019-11-17 03:24:30,413 [ForkJoinPool.commonPool-worker-0] INFO  server.AbstractConnector (AbstractConnector.java:doStop(318)) - Stopped ServerConnector@cb7fa71{HTTP/1.1,[http/1.1]}{0.0.0.0:0}
2019-11-17 03:24:30,414 [ForkJoinPool.commonPool-worker-0] INFO  handler.ContextHandler (ContextHandler.java:doStop(910)) - Stopped o.e.j.s.ServletContextHandler@7aac8884{/static,jar:file:/home/user/.m2/repository/org/apache/hadoop/hadoop-hdds-container-service/0.5.0-SNAPSHOT/hadoop-hdds-container-service-0.5.0-SNAPSHOT.jar!/webapps/static,UNAVAILABLE}
2019-11-17 03:24:30,414 [ForkJoinPool.commonPool-worker-0] INFO  handler.ContextHandler (ContextHandler.java:doStop(910)) - Stopped o.e.j.s.ServletContextHandler@3c5dbdf8{/logs,file:///workdir/hadoop-ozone/tools/target/log,UNAVAILABLE}
2019-11-17 03:24:30,416 [main] INFO  ozone.MiniOzoneClusterImpl (MiniOzoneClusterImpl.java:stopSCM(412)) - Stopping the StorageContainerManager
2019-11-17 03:24:30,416 [main] INFO  server.StorageContainerManager (StorageContainerManager.java:stop(803)) - Stopping Replication Manager Service.
2019-11-17 03:24:30,416 [main] INFO  container.ReplicationManager (ReplicationManager.java:stop(203)) - Stopping Replication Monitor Thread.
2019-11-17 03:24:30,416 [main] INFO  server.StorageContainerManager (StorageContainerManager.java:stop(810)) - Stopping Lease Manager of the command watchers
2019-11-17 03:24:30,417 [main] INFO  server.StorageContainerManager (StorageContainerManager.java:stop(817)) - Stopping datanode service RPC server
2019-11-17 03:24:30,417 [main] INFO  server.SCMDatanodeProtocolServer (SCMDatanodeProtocolServer.java:stop(366)) - Stopping the RPC server for DataNodes
2019-11-17 03:24:30,417 [main] INFO  ipc.Server (Server.java:stop(3082)) - Stopping server on 39439
2019-11-17 03:24:30,418 [IPC Server listener on 39439] INFO  ipc.Server (Server.java:run(1185)) - Stopping IPC Server listener on 39439
2019-11-17 03:24:30,418 [IPC Server Responder] INFO  ipc.Server (Server.java:run(1319)) - Stopping IPC Server Responder
2019-11-17 03:24:30,427 [SCM Heartbeat Processing Thread - 0] WARN  node.NodeStateManager (NodeStateManager.java:scheduleNextHealthCheck(646)) - Current Thread is interrupted, shutting down HB processing thread for Node Manager.
2019-11-17 03:24:30,427 [main] INFO  server.StorageContainerManager (StorageContainerManager.java:stop(825)) - Stopping block service RPC server
2019-11-17 03:24:30,427 [main] INFO  server.SCMBlockProtocolServer (SCMBlockProtocolServer.java:stop(155)) - Stopping the RPC server for Block Protocol
2019-11-17 03:24:30,427 [main] INFO  ipc.Server (Server.java:stop(3082)) - Stopping server on 36424
2019-11-17 03:24:30,428 [IPC Server listener on 36424] INFO  ipc.Server (Server.java:run(1185)) - Stopping IPC Server listener on 36424
2019-11-17 03:24:30,428 [main] INFO  server.StorageContainerManager (StorageContainerManager.java:stop(832)) - Stopping the StorageContainerLocationProtocol RPC server
2019-11-17 03:24:30,429 [main] INFO  server.SCMClientProtocolServer (SCMClientProtocolServer.java:stop(169)) - Stopping the RPC server for Client Protocol
2019-11-17 03:24:30,429 [IPC Server Responder] INFO  ipc.Server (Server.java:run(1319)) - Stopping IPC Server Responder
2019-11-17 03:24:30,429 [main] INFO  ipc.Server (Server.java:stop(3082)) - Stopping server on 38705
2019-11-17 03:24:30,430 [IPC Server listener on 38705] INFO  ipc.Server (Server.java:run(1185)) - Stopping IPC Server listener on 38705
2019-11-17 03:24:30,430 [main] INFO  server.StorageContainerManager (StorageContainerManager.java:stop(839)) - Stopping Storage Container Manager HTTP server.
2019-11-17 03:24:30,430 [IPC Server Responder] INFO  ipc.Server (Server.java:run(1319)) - Stopping IPC Server Responder
2019-11-17 03:24:30,432 [main] INFO  handler.ContextHandler (ContextHandler.java:doStop(910)) - Stopped o.e.j.w.WebAppContext@7d61eccf{/,null,UNAVAILABLE}{/scm}
2019-11-17 03:24:30,433 [main] INFO  server.AbstractConnector (AbstractConnector.java:doStop(318)) - Stopped ServerConnector@585811a4{HTTP/1.1,[http/1.1]}{0.0.0.0:0}
2019-11-17 03:24:30,433 [main] INFO  handler.ContextHandler (ContextHandler.java:doStop(910)) - Stopped o.e.j.s.ServletContextHandler@77d2e85{/static,jar:file:/home/user/.m2/repository/org/apache/hadoop/hadoop-hdds-server-scm/0.5.0-SNAPSHOT/hadoop-hdds-server-scm-0.5.0-SNAPSHOT.jar!/webapps/static,UNAVAILABLE}
2019-11-17 03:24:30,433 [main] INFO  handler.ContextHandler (ContextHandler.java:doStop(910)) - Stopped o.e.j.s.ServletContextHandler@7e276594{/logs,file:///workdir/hadoop-ozone/tools/target/log,UNAVAILABLE}
2019-11-17 03:24:30,435 [main] INFO  server.StorageContainerManager (StorageContainerManager.java:stop(850)) - Stopping Block Manager Service.
2019-11-17 03:24:30,435 [main] INFO  utils.BackgroundService (BackgroundService.java:shutdown(151)) - Shutting down service SCMBlockDeletingService
2019-11-17 03:24:30,435 [main] INFO  utils.BackgroundService (BackgroundService.java:shutdown(151)) - Shutting down service SCMBlockDeletingService
2019-11-17 03:24:30,436 [main] INFO  server.StorageContainerManager (StorageContainerManager.java:stop(872)) - Stopping SCM Event Queue.
2019-11-17 03:24:30,443 [main] INFO  impl.MetricsSystemImpl (MetricsSystemImpl.java:stop(210)) - Stopping XceiverClientMetrics metrics system...
2019-11-17 03:24:30,447 [prometheus] INFO  impl.MetricsSinkAdapter (MetricsSinkAdapter.java:publishMetricsFromQueue(141)) - prometheus thread interrupted.
2019-11-17 03:24:30,447 [main] INFO  impl.MetricsSystemImpl (MetricsSystemImpl.java:stop(216)) - XceiverClientMetrics metrics system stopped.
]]></system-out>
    <system-err><![CDATA[ERROR StatusLogger No Log4j 2 configuration file found. Using default configuration (logging only errors to the console), or user programmatically provided configurations. Set system property 'log4j2.debug' to show Log4j 2 internal initialization logging. See https://logging.apache.org/log4j/2.x/manual/configuration.html for instructions on how to configure Log4j 2
]]></system-err>
  </testcase>
</testsuite>