<?xml version="1.0" encoding="UTF-8"?>
<testsuite xmlns:xsi="http://www.w3.org/2001/XMLSchema-instance" xsi:noNamespaceSchemaLocation="https://maven.apache.org/surefire/maven-surefire-plugin/xsd/surefire-test-report.xsd" name="org.apache.hadoop.ozone.client.rpc.TestDeleteWithSlowFollower" time="136.891" tests="1" errors="0" skipped="0" failures="1">
  <properties>
    <property name="awt.toolkit" value="sun.awt.X11.XToolkit"/>
    <property name="file.encoding.pkg" value="sun.io"/>
    <property name="java.specification.version" value="1.8"/>
    <property name="sun.cpu.isalist" value=""/>
    <property name="sun.jnu.encoding" value="ANSI_X3.4-1968"/>
    <property name="java.class.path" value="/workdir/hadoop-ozone/integration-test/target/test-classes:/workdir/hadoop-ozone/integration-test/target/classes:/home/user/.m2/repository/org/apache/hadoop/hadoop-ozone-common/0.5.0-SNAPSHOT/hadoop-ozone-common-0.5.0-SNAPSHOT.jar:/home/user/.m2/repository/org/apache/commons/commons-compress/1.4.1/commons-compress-1.4.1.jar:/home/user/.m2/repository/org/tukaani/xz/1.0/xz-1.0.jar:/home/user/.m2/repository/org/apache/hadoop/hadoop-common/3.2.0/hadoop-common-3.2.0.jar:/home/user/.m2/repository/org/apache/hadoop/hadoop-hdfs/3.2.0/hadoop-hdfs-3.2.0.jar:/home/user/.m2/repository/org/apache/hadoop/hadoop-hdfs-client/3.2.0/hadoop-hdfs-client-3.2.0.jar:/home/user/.m2/repository/com/fasterxml/jackson/core/jackson-annotations/2.9.9/jackson-annotations-2.9.9.jar:/home/user/.m2/repository/org/apache/hadoop/hadoop-hdds-common/0.5.0-SNAPSHOT/hadoop-hdds-common-0.5.0-SNAPSHOT.jar:/home/user/.m2/repository/javax/annotation/javax.annotation-api/1.2/javax.annotation-api-1.2.jar:/home/user/.m2/repository/org/apache/ratis/ratis-server/0.5.0-ced7dbf-SNAPSHOT/ratis-server-0.5.0-ced7dbf-SNAPSHOT.jar:/home/user/.m2/repository/org/apache/ratis/ratis-thirdparty-misc/0.2.0/ratis-thirdparty-misc-0.2.0.jar:/home/user/.m2/repository/org/apache/ratis/ratis-proto/0.5.0-ced7dbf-SNAPSHOT/ratis-proto-0.5.0-ced7dbf-SNAPSHOT.jar:/home/user/.m2/repository/org/apache/ratis/ratis-common/0.5.0-ced7dbf-SNAPSHOT/ratis-common-0.5.0-ced7dbf-SNAPSHOT.jar:/home/user/.m2/repository/org/apache/ratis/ratis-client/0.5.0-ced7dbf-SNAPSHOT/ratis-client-0.5.0-ced7dbf-SNAPSHOT.jar:/home/user/.m2/repository/org/apache/ratis/ratis-metrics/0.5.0-ced7dbf-SNAPSHOT/ratis-metrics-0.5.0-ced7dbf-SNAPSHOT.jar:/home/user/.m2/repository/org/apache/ratis/ratis-netty/0.5.0-ced7dbf-SNAPSHOT/ratis-netty-0.5.0-ced7dbf-SNAPSHOT.jar:/home/user/.m2/repository/org/apache/ratis/ratis-grpc/0.5.0-ced7dbf-SNAPSHOT/ratis-grpc-0.5.0-ced7dbf-SNAPSHOT.jar:/home/user/.m2/repository/org/rocksdb/rocksdbjni/6.0.1/rocksdbjni-6.0.1.jar:/home/user/.m2/repository/org/apache/logging/log4j/log4j-api/2.11.0/log4j-api-2.11.0.jar:/home/user/.m2/repository/org/apache/logging/log4j/log4j-core/2.11.0/log4j-core-2.11.0.jar:/home/user/.m2/repository/com/lmax/disruptor/3.4.2/disruptor-3.4.2.jar:/home/user/.m2/repository/org/apache/commons/commons-pool2/2.6.0/commons-pool2-2.6.0.jar:/home/user/.m2/repository/org/bouncycastle/bcpkix-jdk15on/1.60/bcpkix-jdk15on-1.60.jar:/home/user/.m2/repository/commons-validator/commons-validator/1.6/commons-validator-1.6.jar:/home/user/.m2/repository/commons-digester/commons-digester/1.8.1/commons-digester-1.8.1.jar:/home/user/.m2/repository/io/jaegertracing/jaeger-client/0.34.0/jaeger-client-0.34.0.jar:/home/user/.m2/repository/io/jaegertracing/jaeger-thrift/0.34.0/jaeger-thrift-0.34.0.jar:/home/user/.m2/repository/org/apache/thrift/libthrift/0.12.0/libthrift-0.12.0.jar:/home/user/.m2/repository/com/squareup/okhttp3/okhttp/3.9.0/okhttp-3.9.0.jar:/home/user/.m2/repository/com/squareup/okio/okio/1.13.0/okio-1.13.0.jar:/home/user/.m2/repository/io/jaegertracing/jaeger-core/0.34.0/jaeger-core-0.34.0.jar:/home/user/.m2/repository/io/jaegertracing/jaeger-tracerresolver/0.34.0/jaeger-tracerresolver-0.34.0.jar:/home/user/.m2/repository/io/opentracing/contrib/opentracing-tracerresolver/0.1.5/opentracing-tracerresolver-0.1.5.jar:/home/user/.m2/repository/io/opentracing/opentracing-util/0.31.0/opentracing-util-0.31.0.jar:/home/user/.m2/repository/io/opentracing/opentracing-api/0.31.0/opentracing-api-0.31.0.jar:/home/user/.m2/repository/io/opentracing/opentracing-noop/0.31.0/opentracing-noop-0.31.0.jar:/home/user/.m2/repository/org/apache/hadoop/hadoop-hdds-server-framework/0.5.0-SNAPSHOT/hadoop-hdds-server-framework-0.5.0-SNAPSHOT.jar:/home/user/.m2/repository/org/apache/hadoop/hadoop-hdds-container-service/0.5.0-SNAPSHOT/hadoop-hdds-container-service-0.5.0-SNAPSHOT.jar:/home/user/.m2/repository/org/apache/hadoop/hadoop-hdds-client/0.5.0-SNAPSHOT/hadoop-hdds-client-0.5.0-SNAPSHOT.jar:/home/user/.m2/repository/org/apache/hadoop/hadoop-hdds-tools/0.5.0-SNAPSHOT/hadoop-hdds-tools-0.5.0-SNAPSHOT.jar:/home/user/.m2/repository/org/apache/hadoop/hadoop-hdds-server-scm/0.5.0-SNAPSHOT/hadoop-hdds-server-scm-0.5.0-SNAPSHOT.jar:/home/user/.m2/repository/org/apache/hadoop/hadoop-hdds-docs/0.5.0-SNAPSHOT/hadoop-hdds-docs-0.5.0-SNAPSHOT.jar:/home/user/.m2/repository/io/dropwizard/metrics/metrics-core/3.2.4/metrics-core-3.2.4.jar:/home/user/.m2/repository/org/hamcrest/hamcrest-all/1.3/hamcrest-all-1.3.jar:/home/user/.m2/repository/org/bouncycastle/bcprov-jdk15on/1.60/bcprov-jdk15on-1.60.jar:/home/user/.m2/repository/info/picocli/picocli/3.9.6/picocli-3.9.6.jar:/home/user/.m2/repository/com/google/protobuf/protobuf-java/2.5.0/protobuf-java-2.5.0.jar:/home/user/.m2/repository/com/google/guava/guava/11.0.2/guava-11.0.2.jar:/home/user/.m2/repository/org/apache/hadoop/hadoop-ozone-ozone-manager/0.5.0-SNAPSHOT/hadoop-ozone-ozone-manager-0.5.0-SNAPSHOT.jar:/home/user/.m2/repository/org/apache/hadoop/hadoop-minikdc/3.2.0/hadoop-minikdc-3.2.0.jar:/home/user/.m2/repository/commons-io/commons-io/2.5/commons-io-2.5.jar:/home/user/.m2/repository/org/apache/kerby/kerb-simplekdc/1.0.1/kerb-simplekdc-1.0.1.jar:/home/user/.m2/repository/org/apache/kerby/kerb-client/1.0.1/kerb-client-1.0.1.jar:/home/user/.m2/repository/org/apache/kerby/kerby-config/1.0.1/kerby-config-1.0.1.jar:/home/user/.m2/repository/org/apache/kerby/kerb-core/1.0.1/kerb-core-1.0.1.jar:/home/user/.m2/repository/org/apache/kerby/kerby-pkix/1.0.1/kerby-pkix-1.0.1.jar:/home/user/.m2/repository/org/apache/kerby/kerby-asn1/1.0.1/kerby-asn1-1.0.1.jar:/home/user/.m2/repository/org/apache/kerby/kerby-util/1.0.1/kerby-util-1.0.1.jar:/home/user/.m2/repository/org/apache/kerby/kerb-common/1.0.1/kerb-common-1.0.1.jar:/home/user/.m2/repository/org/apache/kerby/kerb-crypto/1.0.1/kerb-crypto-1.0.1.jar:/home/user/.m2/repository/org/apache/kerby/kerb-util/1.0.1/kerb-util-1.0.1.jar:/home/user/.m2/repository/org/apache/kerby/token-provider/1.0.1/token-provider-1.0.1.jar:/home/user/.m2/repository/org/apache/kerby/kerb-admin/1.0.1/kerb-admin-1.0.1.jar:/home/user/.m2/repository/org/apache/kerby/kerb-server/1.0.1/kerb-server-1.0.1.jar:/home/user/.m2/repository/org/apache/kerby/kerb-identity/1.0.1/kerb-identity-1.0.1.jar:/home/user/.m2/repository/org/apache/kerby/kerby-xdr/1.0.1/kerby-xdr-1.0.1.jar:/home/user/.m2/repository/org/slf4j/slf4j-log4j12/1.7.25/slf4j-log4j12-1.7.25.jar:/home/user/.m2/repository/org/apache/hadoop/hadoop-ozone-s3gateway/0.5.0-SNAPSHOT/hadoop-ozone-s3gateway-0.5.0-SNAPSHOT.jar:/home/user/.m2/repository/org/jboss/weld/servlet/weld-servlet/2.4.7.Final/weld-servlet-2.4.7.Final.jar:/home/user/.m2/repository/org/glassfish/jersey/containers/jersey-container-servlet-core/2.27/jersey-container-servlet-core-2.27.jar:/home/user/.m2/repository/org/glassfish/hk2/external/javax.inject/2.5.0-b42/javax.inject-2.5.0-b42.jar:/home/user/.m2/repository/org/glassfish/jersey/core/jersey-common/2.27/jersey-common-2.27.jar:/home/user/.m2/repository/org/glassfish/hk2/osgi-resource-locator/1.0.1/osgi-resource-locator-1.0.1.jar:/home/user/.m2/repository/javax/ws/rs/javax.ws.rs-api/2.1/javax.ws.rs-api-2.1.jar:/home/user/.m2/repository/org/glassfish/jersey/ext/cdi/jersey-cdi1x/2.27/jersey-cdi1x-2.27.jar:/home/user/.m2/repository/org/glassfish/jersey/inject/jersey-hk2/2.27/jersey-hk2-2.27.jar:/home/user/.m2/repository/org/glassfish/hk2/hk2-locator/2.5.0-b42/hk2-locator-2.5.0-b42.jar:/home/user/.m2/repository/org/javassist/javassist/3.22.0-CR2/javassist-3.22.0-CR2.jar:/home/user/.m2/repository/org/glassfish/hk2/hk2-api/2.5.0/hk2-api-2.5.0.jar:/home/user/.m2/repository/org/glassfish/hk2/external/jakarta.inject/2.5.0/jakarta.inject-2.5.0.jar:/home/user/.m2/repository/org/glassfish/hk2/hk2-utils/2.5.0/hk2-utils-2.5.0.jar:/home/user/.m2/repository/jakarta/annotation/jakarta.annotation-api/1.3.4/jakarta.annotation-api-1.3.4.jar:/home/user/.m2/repository/org/glassfish/hk2/external/aopalliance-repackaged/2.5.0/aopalliance-repackaged-2.5.0.jar:/home/user/.m2/repository/com/fasterxml/jackson/dataformat/jackson-dataformat-xml/2.9.0/jackson-dataformat-xml-2.9.0.jar:/home/user/.m2/repository/com/fasterxml/jackson/core/jackson-core/2.9.9/jackson-core-2.9.9.jar:/home/user/.m2/repository/com/fasterxml/jackson/module/jackson-module-jaxb-annotations/2.9.9/jackson-module-jaxb-annotations-2.9.9.jar:/home/user/.m2/repository/javax/enterprise/cdi-api/1.2/cdi-api-1.2.jar:/home/user/.m2/repository/javax/el/javax.el-api/3.0.0/javax.el-api-3.0.0.jar:/home/user/.m2/repository/javax/interceptor/javax.interceptor-api/1.2/javax.interceptor-api-1.2.jar:/home/user/.m2/repository/javax/inject/javax.inject/1/javax.inject-1.jar:/home/user/.m2/repository/com/sun/xml/bind/jaxb-impl/2.3.0.1/jaxb-impl-2.3.0.1.jar:/home/user/.m2/repository/com/sun/xml/bind/jaxb-core/2.3.0.1/jaxb-core-2.3.0.1.jar:/home/user/.m2/repository/javax/xml/bind/jaxb-api/2.3.0/jaxb-api-2.3.0.jar:/home/user/.m2/repository/javax/activation/activation/1.1.1/activation-1.1.1.jar:/home/user/.m2/repository/org/apache/hadoop/hadoop-ozone-csi/0.5.0-SNAPSHOT/hadoop-ozone-csi-0.5.0-SNAPSHOT.jar:/home/user/.m2/repository/com/google/protobuf/protobuf-java-util/3.5.1/protobuf-java-util-3.5.1.jar:/home/user/.m2/repository/org/apache/hadoop/hadoop-hdds-config/0.5.0-SNAPSHOT/hadoop-hdds-config-0.5.0-SNAPSHOT.jar:/home/user/.m2/repository/io/grpc/grpc-netty/1.17.1/grpc-netty-1.17.1.jar:/home/user/.m2/repository/io/grpc/grpc-core/1.17.1/grpc-core-1.17.1.jar:/home/user/.m2/repository/io/grpc/grpc-context/1.17.1/grpc-context-1.17.1.jar:/home/user/.m2/repository/com/google/errorprone/error_prone_annotations/2.2.0/error_prone_annotations-2.2.0.jar:/home/user/.m2/repository/org/codehaus/mojo/animal-sniffer-annotations/1.17/animal-sniffer-annotations-1.17.jar:/home/user/.m2/repository/io/opencensus/opencensus-api/0.17.0/opencensus-api-0.17.0.jar:/home/user/.m2/repository/io/opencensus/opencensus-contrib-grpc-metrics/0.17.0/opencensus-contrib-grpc-metrics-0.17.0.jar:/home/user/.m2/repository/io/netty/netty-codec-http2/4.1.30.Final/netty-codec-http2-4.1.30.Final.jar:/home/user/.m2/repository/io/netty/netty-codec-http/4.1.30.Final/netty-codec-http-4.1.30.Final.jar:/home/user/.m2/repository/io/netty/netty-codec/4.1.30.Final/netty-codec-4.1.30.Final.jar:/home/user/.m2/repository/io/netty/netty-handler/4.1.30.Final/netty-handler-4.1.30.Final.jar:/home/user/.m2/repository/io/netty/netty-handler-proxy/4.1.30.Final/netty-handler-proxy-4.1.30.Final.jar:/home/user/.m2/repository/io/netty/netty-codec-socks/4.1.30.Final/netty-codec-socks-4.1.30.Final.jar:/home/user/.m2/repository/io/netty/netty-transport-native-epoll/4.1.30.Final/netty-transport-native-epoll-4.1.30.Final.jar:/home/user/.m2/repository/io/netty/netty-common/4.1.30.Final/netty-common-4.1.30.Final.jar:/home/user/.m2/repository/io/netty/netty-buffer/4.1.30.Final/netty-buffer-4.1.30.Final.jar:/home/user/.m2/repository/io/netty/netty-transport/4.1.30.Final/netty-transport-4.1.30.Final.jar:/home/user/.m2/repository/io/netty/netty-resolver/4.1.30.Final/netty-resolver-4.1.30.Final.jar:/home/user/.m2/repository/io/netty/netty-transport-native-unix-common/4.1.30.Final/netty-transport-native-unix-common-4.1.30.Final.jar:/home/user/.m2/repository/io/grpc/grpc-protobuf/1.17.1/grpc-protobuf-1.17.1.jar:/home/user/.m2/repository/com/google/api/grpc/proto-google-common-protos/1.0.0/proto-google-common-protos-1.0.0.jar:/home/user/.m2/repository/io/grpc/grpc-protobuf-lite/1.17.1/grpc-protobuf-lite-1.17.1.jar:/home/user/.m2/repository/io/grpc/grpc-stub/1.17.1/grpc-stub-1.17.1.jar:/home/user/.m2/repository/org/apache/hadoop/hadoop-ozone-recon/0.5.0-SNAPSHOT/hadoop-ozone-recon-0.5.0-SNAPSHOT.jar:/home/user/.m2/repository/org/apache/hadoop/hadoop-ozone-reconcodegen/0.5.0-SNAPSHOT/hadoop-ozone-reconcodegen-0.5.0-SNAPSHOT.jar:/home/user/.m2/repository/com/google/inject/extensions/guice-multibindings/4.0/guice-multibindings-4.0.jar:/home/user/.m2/repository/com/google/inject/guice/4.0/guice-4.0.jar:/home/user/.m2/repository/aopalliance/aopalliance/1.0/aopalliance-1.0.jar:/home/user/.m2/repository/com/google/inject/extensions/guice-servlet/4.0/guice-servlet-4.0.jar:/home/user/.m2/repository/org/glassfish/jersey/containers/jersey-container-servlet/2.27/jersey-container-servlet-2.27.jar:/home/user/.m2/repository/org/glassfish/hk2/guice-bridge/2.5.0/guice-bridge-2.5.0.jar:/home/user/.m2/repository/org/glassfish/jersey/core/jersey-server/2.27/jersey-server-2.27.jar:/home/user/.m2/repository/org/glassfish/jersey/core/jersey-client/2.27/jersey-client-2.27.jar:/home/user/.m2/repository/org/glassfish/jersey/media/jersey-media-jaxb/2.27/jersey-media-jaxb-2.27.jar:/home/user/.m2/repository/javax/validation/validation-api/1.1.0.Final/validation-api-1.1.0.Final.jar:/home/user/.m2/repository/org/glassfish/jersey/media/jersey-media-json-jackson/2.27/jersey-media-json-jackson-2.27.jar:/home/user/.m2/repository/org/glassfish/jersey/ext/jersey-entity-filtering/2.27/jersey-entity-filtering-2.27.jar:/home/user/.m2/repository/com/google/inject/extensions/guice-assistedinject/4.0/guice-assistedinject-4.0.jar:/home/user/.m2/repository/org/jooq/jooq/3.11.10/jooq-3.11.10.jar:/home/user/.m2/repository/org/jooq/jooq-meta/3.11.10/jooq-meta-3.11.10.jar:/home/user/.m2/repository/org/jooq/jooq-codegen/3.11.10/jooq-codegen-3.11.10.jar:/home/user/.m2/repository/com/jolbox/bonecp/0.8.0.RELEASE/bonecp-0.8.0.RELEASE.jar:/home/user/.m2/repository/org/xerial/sqlite-jdbc/3.25.2/sqlite-jdbc-3.25.2.jar:/home/user/.m2/repository/org/springframework/spring-jdbc/5.1.3.RELEASE/spring-jdbc-5.1.3.RELEASE.jar:/home/user/.m2/repository/org/springframework/spring-beans/5.1.3.RELEASE/spring-beans-5.1.3.RELEASE.jar:/home/user/.m2/repository/org/springframework/spring-core/5.1.3.RELEASE/spring-core-5.1.3.RELEASE.jar:/home/user/.m2/repository/org/springframework/spring-jcl/5.1.3.RELEASE/spring-jcl-5.1.3.RELEASE.jar:/home/user/.m2/repository/org/springframework/spring-tx/5.1.3.RELEASE/spring-tx-5.1.3.RELEASE.jar:/home/user/.m2/repository/org/apache/hadoop/hadoop-ozone-client/0.5.0-SNAPSHOT/hadoop-ozone-client-0.5.0-SNAPSHOT.jar:/home/user/.m2/repository/commons-lang/commons-lang/2.6/commons-lang-2.6.jar:/home/user/.m2/repository/org/apache/hadoop/hadoop-ozone-ozone-manager/0.5.0-SNAPSHOT/hadoop-ozone-ozone-manager-0.5.0-SNAPSHOT-tests.jar:/home/user/.m2/repository/junit/junit/4.11/junit-4.11.jar:/home/user/.m2/repository/org/hamcrest/hamcrest-core/1.3/hamcrest-core-1.3.jar:/home/user/.m2/repository/org/openjdk/jmh/jmh-core/1.19/jmh-core-1.19.jar:/home/user/.m2/repository/net/sf/jopt-simple/jopt-simple/4.6/jopt-simple-4.6.jar:/home/user/.m2/repository/org/apache/commons/commons-math3/3.1.1/commons-math3-3.1.1.jar:/home/user/.m2/repository/org/openjdk/jmh/jmh-generator-annprocess/1.19/jmh-generator-annprocess-1.19.jar:/home/user/.m2/repository/org/mockito/mockito-all/1.8.5/mockito-all-1.8.5.jar:/home/user/.m2/repository/org/apache/hadoop/hadoop-kms/3.2.0/hadoop-kms-3.2.0.jar:/home/user/.m2/repository/org/apache/hadoop/hadoop-auth/3.2.0/hadoop-auth-3.2.0.jar:/home/user/.m2/repository/com/nimbusds/nimbus-jose-jwt/4.41.1/nimbus-jose-jwt-4.41.1.jar:/home/user/.m2/repository/com/github/stephenc/jcip/jcip-annotations/1.0-1/jcip-annotations-1.0-1.jar:/home/user/.m2/repository/net/minidev/json-smart/2.3/json-smart-2.3.jar:/home/user/.m2/repository/net/minidev/accessors-smart/1.2/accessors-smart-1.2.jar:/home/user/.m2/repository/org/ow2/asm/asm/5.0.4/asm-5.0.4.jar:/home/user/.m2/repository/org/apache/curator/curator-framework/2.12.0/curator-framework-2.12.0.jar:/home/user/.m2/repository/com/sun/jersey/jersey-core/1.19/jersey-core-1.19.jar:/home/user/.m2/repository/javax/ws/rs/jsr311-api/1.1.1/jsr311-api-1.1.1.jar:/home/user/.m2/repository/com/sun/jersey/jersey-server/1.19/jersey-server-1.19.jar:/home/user/.m2/repository/javax/servlet/javax.servlet-api/3.1.0/javax.servlet-api-3.1.0.jar:/home/user/.m2/repository/org/eclipse/jetty/jetty-server/9.3.25.v20180904/jetty-server-9.3.25.v20180904.jar:/home/user/.m2/repository/org/eclipse/jetty/jetty-http/9.3.25.v20180904/jetty-http-9.3.25.v20180904.jar:/home/user/.m2/repository/org/eclipse/jetty/jetty-io/9.3.25.v20180904/jetty-io-9.3.25.v20180904.jar:/home/user/.m2/repository/org/eclipse/jetty/jetty-webapp/9.3.25.v20180904/jetty-webapp-9.3.25.v20180904.jar:/home/user/.m2/repository/org/eclipse/jetty/jetty-xml/9.3.25.v20180904/jetty-xml-9.3.25.v20180904.jar:/home/user/.m2/repository/log4j/log4j/1.2.17/log4j-1.2.17.jar:/home/user/.m2/repository/org/slf4j/slf4j-api/1.7.25/slf4j-api-1.7.25.jar:/home/user/.m2/repository/org/slf4j/jul-to-slf4j/1.7.25/jul-to-slf4j-1.7.25.jar:/home/user/.m2/repository/org/eclipse/jetty/jetty-util/9.3.25.v20180904/jetty-util-9.3.25.v20180904.jar:/home/user/.m2/repository/com/fasterxml/jackson/core/jackson-databind/2.9.9/jackson-databind-2.9.9.jar:/home/user/.m2/repository/org/apache/hadoop/hadoop-kms/3.2.0/hadoop-kms-3.2.0-tests.jar:/home/user/.m2/repository/org/apache/hadoop/hadoop-hdds-server-scm/0.5.0-SNAPSHOT/hadoop-hdds-server-scm-0.5.0-SNAPSHOT-tests.jar:/home/user/.m2/repository/org/apache/hadoop/hadoop-hdds-container-service/0.5.0-SNAPSHOT/hadoop-hdds-container-service-0.5.0-SNAPSHOT-tests.jar:/home/user/.m2/repository/org/yaml/snakeyaml/1.16/snakeyaml-1.16.jar:/home/user/.m2/repository/org/apache/hadoop/hadoop-common/3.2.0/hadoop-common-3.2.0-tests.jar:/home/user/.m2/repository/org/apache/hadoop/hadoop-annotations/3.2.0/hadoop-annotations-3.2.0.jar:/usr/lib/jvm/java-1.8.0-openjdk-1.8.0.222.b10-1.el7_7.x86_64/jre/../lib/tools.jar:/home/user/.m2/repository/commons-cli/commons-cli/1.2/commons-cli-1.2.jar:/home/user/.m2/repository/org/apache/httpcomponents/httpclient/4.5.2/httpclient-4.5.2.jar:/home/user/.m2/repository/org/apache/httpcomponents/httpcore/4.4.4/httpcore-4.4.4.jar:/home/user/.m2/repository/commons-codec/commons-codec/1.11/commons-codec-1.11.jar:/home/user/.m2/repository/commons-net/commons-net/3.6/commons-net-3.6.jar:/home/user/.m2/repository/commons-collections/commons-collections/3.2.2/commons-collections-3.2.2.jar:/home/user/.m2/repository/org/eclipse/jetty/jetty-servlet/9.3.25.v20180904/jetty-servlet-9.3.25.v20180904.jar:/home/user/.m2/repository/org/eclipse/jetty/jetty-security/9.3.25.v20180904/jetty-security-9.3.25.v20180904.jar:/home/user/.m2/repository/javax/servlet/jsp/jsp-api/2.1/jsp-api-2.1.jar:/home/user/.m2/repository/com/sun/jersey/jersey-servlet/1.19/jersey-servlet-1.19.jar:/home/user/.m2/repository/com/sun/jersey/jersey-json/1.19/jersey-json-1.19.jar:/home/user/.m2/repository/org/codehaus/jettison/jettison/1.1/jettison-1.1.jar:/home/user/.m2/repository/org/codehaus/jackson/jackson-core-asl/1.9.13/jackson-core-asl-1.9.13.jar:/home/user/.m2/repository/org/codehaus/jackson/jackson-mapper-asl/1.9.13/jackson-mapper-asl-1.9.13.jar:/home/user/.m2/repository/org/codehaus/jackson/jackson-jaxrs/1.9.13/jackson-jaxrs-1.9.13.jar:/home/user/.m2/repository/org/codehaus/jackson/jackson-xc/1.9.13/jackson-xc-1.9.13.jar:/home/user/.m2/repository/commons-logging/commons-logging/1.1.3/commons-logging-1.1.3.jar:/home/user/.m2/repository/commons-beanutils/commons-beanutils/1.9.4/commons-beanutils-1.9.4.jar:/home/user/.m2/repository/org/apache/commons/commons-configuration2/2.1.1/commons-configuration2-2.1.1.jar:/home/user/.m2/repository/org/apache/commons/commons-lang3/3.7/commons-lang3-3.7.jar:/home/user/.m2/repository/org/apache/commons/commons-text/1.4/commons-text-1.4.jar:/home/user/.m2/repository/org/apache/avro/avro/1.7.7/avro-1.7.7.jar:/home/user/.m2/repository/com/thoughtworks/paranamer/paranamer/2.3/paranamer-2.3.jar:/home/user/.m2/repository/org/xerial/snappy/snappy-java/1.0.5/snappy-java-1.0.5.jar:/home/user/.m2/repository/com/google/re2j/re2j/1.1/re2j-1.1.jar:/home/user/.m2/repository/com/google/code/gson/gson/2.2.4/gson-2.2.4.jar:/home/user/.m2/repository/com/jcraft/jsch/0.1.54/jsch-0.1.54.jar:/home/user/.m2/repository/org/apache/curator/curator-client/2.12.0/curator-client-2.12.0.jar:/home/user/.m2/repository/org/apache/curator/curator-recipes/2.12.0/curator-recipes-2.12.0.jar:/home/user/.m2/repository/com/google/code/findbugs/jsr305/3.0.0/jsr305-3.0.0.jar:/home/user/.m2/repository/org/apache/htrace/htrace-core4/4.1.0-incubating/htrace-core4-4.1.0-incubating.jar:/home/user/.m2/repository/org/apache/zookeeper/zookeeper/3.4.13/zookeeper-3.4.13.jar:/home/user/.m2/repository/jline/jline/0.9.94/jline-0.9.94.jar:/home/user/.m2/repository/org/apache/yetus/audience-annotations/0.5.0/audience-annotations-0.5.0.jar:/home/user/.m2/repository/org/codehaus/woodstox/stax2-api/3.1.4/stax2-api-3.1.4.jar:/home/user/.m2/repository/com/fasterxml/woodstox/woodstox-core/5.0.3/woodstox-core-5.0.3.jar:/home/user/.m2/repository/dnsjava/dnsjava/2.1.7/dnsjava-2.1.7.jar:/home/user/.m2/repository/org/apache/hadoop/hadoop-hdfs/3.2.0/hadoop-hdfs-3.2.0-tests.jar:/home/user/.m2/repository/org/eclipse/jetty/jetty-util-ajax/9.3.25.v20180904/jetty-util-ajax-9.3.25.v20180904.jar:/home/user/.m2/repository/commons-daemon/commons-daemon/1.0.13/commons-daemon-1.0.13.jar:/home/user/.m2/repository/io/netty/netty/3.10.5.Final/netty-3.10.5.Final.jar:/home/user/.m2/repository/io/netty/netty-all/4.0.52.Final/netty-all-4.0.52.Final.jar:/home/user/.m2/repository/org/fusesource/leveldbjni/leveldbjni-all/1.8/leveldbjni-all-1.8.jar:"/>
    <property name="java.vm.vendor" value="Oracle Corporation"/>
    <property name="sun.arch.data.model" value="64"/>
    <property name="test.build.dir" value="/workdir/hadoop-ozone/integration-test/target/test-dir"/>
    <property name="test.cache.data" value=""/>
    <property name="java.vendor.url" value="http://java.oracle.com/"/>
    <property name="user.timezone" value=""/>
    <property name="java.vm.specification.version" value="1.8"/>
    <property name="os.name" value="Linux"/>
    <property name="test.build.data" value="/workdir/hadoop-ozone/integration-test/target/test-dir"/>
    <property name="user.country" value="US"/>
    <property name="sun.java.launcher" value="SUN_STANDARD"/>
    <property name="sun.boot.library.path" value="/usr/lib/jvm/java-1.8.0-openjdk-1.8.0.222.b10-1.el7_7.x86_64/jre/lib/amd64"/>
    <property name="sun.java.command" value="/workdir/hadoop-ozone/integration-test/target/surefire/surefirebooter7324709123957410063.jar /workdir/hadoop-ozone/integration-test/target/surefire 2019-10-25T05-19-21_729-jvmRun1 surefire1519915296046767831tmp surefire_30247307820769944700tmp"/>
    <property name="surefire.test.class.path" value="/workdir/hadoop-ozone/integration-test/target/test-classes:/workdir/hadoop-ozone/integration-test/target/classes:/home/user/.m2/repository/org/apache/hadoop/hadoop-ozone-common/0.5.0-SNAPSHOT/hadoop-ozone-common-0.5.0-SNAPSHOT.jar:/home/user/.m2/repository/org/apache/commons/commons-compress/1.4.1/commons-compress-1.4.1.jar:/home/user/.m2/repository/org/tukaani/xz/1.0/xz-1.0.jar:/home/user/.m2/repository/org/apache/hadoop/hadoop-common/3.2.0/hadoop-common-3.2.0.jar:/home/user/.m2/repository/org/apache/hadoop/hadoop-hdfs/3.2.0/hadoop-hdfs-3.2.0.jar:/home/user/.m2/repository/org/apache/hadoop/hadoop-hdfs-client/3.2.0/hadoop-hdfs-client-3.2.0.jar:/home/user/.m2/repository/com/fasterxml/jackson/core/jackson-annotations/2.9.9/jackson-annotations-2.9.9.jar:/home/user/.m2/repository/org/apache/hadoop/hadoop-hdds-common/0.5.0-SNAPSHOT/hadoop-hdds-common-0.5.0-SNAPSHOT.jar:/home/user/.m2/repository/javax/annotation/javax.annotation-api/1.2/javax.annotation-api-1.2.jar:/home/user/.m2/repository/org/apache/ratis/ratis-server/0.5.0-ced7dbf-SNAPSHOT/ratis-server-0.5.0-ced7dbf-SNAPSHOT.jar:/home/user/.m2/repository/org/apache/ratis/ratis-thirdparty-misc/0.2.0/ratis-thirdparty-misc-0.2.0.jar:/home/user/.m2/repository/org/apache/ratis/ratis-proto/0.5.0-ced7dbf-SNAPSHOT/ratis-proto-0.5.0-ced7dbf-SNAPSHOT.jar:/home/user/.m2/repository/org/apache/ratis/ratis-common/0.5.0-ced7dbf-SNAPSHOT/ratis-common-0.5.0-ced7dbf-SNAPSHOT.jar:/home/user/.m2/repository/org/apache/ratis/ratis-client/0.5.0-ced7dbf-SNAPSHOT/ratis-client-0.5.0-ced7dbf-SNAPSHOT.jar:/home/user/.m2/repository/org/apache/ratis/ratis-metrics/0.5.0-ced7dbf-SNAPSHOT/ratis-metrics-0.5.0-ced7dbf-SNAPSHOT.jar:/home/user/.m2/repository/org/apache/ratis/ratis-netty/0.5.0-ced7dbf-SNAPSHOT/ratis-netty-0.5.0-ced7dbf-SNAPSHOT.jar:/home/user/.m2/repository/org/apache/ratis/ratis-grpc/0.5.0-ced7dbf-SNAPSHOT/ratis-grpc-0.5.0-ced7dbf-SNAPSHOT.jar:/home/user/.m2/repository/org/rocksdb/rocksdbjni/6.0.1/rocksdbjni-6.0.1.jar:/home/user/.m2/repository/org/apache/logging/log4j/log4j-api/2.11.0/log4j-api-2.11.0.jar:/home/user/.m2/repository/org/apache/logging/log4j/log4j-core/2.11.0/log4j-core-2.11.0.jar:/home/user/.m2/repository/com/lmax/disruptor/3.4.2/disruptor-3.4.2.jar:/home/user/.m2/repository/org/apache/commons/commons-pool2/2.6.0/commons-pool2-2.6.0.jar:/home/user/.m2/repository/org/bouncycastle/bcpkix-jdk15on/1.60/bcpkix-jdk15on-1.60.jar:/home/user/.m2/repository/commons-validator/commons-validator/1.6/commons-validator-1.6.jar:/home/user/.m2/repository/commons-digester/commons-digester/1.8.1/commons-digester-1.8.1.jar:/home/user/.m2/repository/io/jaegertracing/jaeger-client/0.34.0/jaeger-client-0.34.0.jar:/home/user/.m2/repository/io/jaegertracing/jaeger-thrift/0.34.0/jaeger-thrift-0.34.0.jar:/home/user/.m2/repository/org/apache/thrift/libthrift/0.12.0/libthrift-0.12.0.jar:/home/user/.m2/repository/com/squareup/okhttp3/okhttp/3.9.0/okhttp-3.9.0.jar:/home/user/.m2/repository/com/squareup/okio/okio/1.13.0/okio-1.13.0.jar:/home/user/.m2/repository/io/jaegertracing/jaeger-core/0.34.0/jaeger-core-0.34.0.jar:/home/user/.m2/repository/io/jaegertracing/jaeger-tracerresolver/0.34.0/jaeger-tracerresolver-0.34.0.jar:/home/user/.m2/repository/io/opentracing/contrib/opentracing-tracerresolver/0.1.5/opentracing-tracerresolver-0.1.5.jar:/home/user/.m2/repository/io/opentracing/opentracing-util/0.31.0/opentracing-util-0.31.0.jar:/home/user/.m2/repository/io/opentracing/opentracing-api/0.31.0/opentracing-api-0.31.0.jar:/home/user/.m2/repository/io/opentracing/opentracing-noop/0.31.0/opentracing-noop-0.31.0.jar:/home/user/.m2/repository/org/apache/hadoop/hadoop-hdds-server-framework/0.5.0-SNAPSHOT/hadoop-hdds-server-framework-0.5.0-SNAPSHOT.jar:/home/user/.m2/repository/org/apache/hadoop/hadoop-hdds-container-service/0.5.0-SNAPSHOT/hadoop-hdds-container-service-0.5.0-SNAPSHOT.jar:/home/user/.m2/repository/org/apache/hadoop/hadoop-hdds-client/0.5.0-SNAPSHOT/hadoop-hdds-client-0.5.0-SNAPSHOT.jar:/home/user/.m2/repository/org/apache/hadoop/hadoop-hdds-tools/0.5.0-SNAPSHOT/hadoop-hdds-tools-0.5.0-SNAPSHOT.jar:/home/user/.m2/repository/org/apache/hadoop/hadoop-hdds-server-scm/0.5.0-SNAPSHOT/hadoop-hdds-server-scm-0.5.0-SNAPSHOT.jar:/home/user/.m2/repository/org/apache/hadoop/hadoop-hdds-docs/0.5.0-SNAPSHOT/hadoop-hdds-docs-0.5.0-SNAPSHOT.jar:/home/user/.m2/repository/io/dropwizard/metrics/metrics-core/3.2.4/metrics-core-3.2.4.jar:/home/user/.m2/repository/org/hamcrest/hamcrest-all/1.3/hamcrest-all-1.3.jar:/home/user/.m2/repository/org/bouncycastle/bcprov-jdk15on/1.60/bcprov-jdk15on-1.60.jar:/home/user/.m2/repository/info/picocli/picocli/3.9.6/picocli-3.9.6.jar:/home/user/.m2/repository/com/google/protobuf/protobuf-java/2.5.0/protobuf-java-2.5.0.jar:/home/user/.m2/repository/com/google/guava/guava/11.0.2/guava-11.0.2.jar:/home/user/.m2/repository/org/apache/hadoop/hadoop-ozone-ozone-manager/0.5.0-SNAPSHOT/hadoop-ozone-ozone-manager-0.5.0-SNAPSHOT.jar:/home/user/.m2/repository/org/apache/hadoop/hadoop-minikdc/3.2.0/hadoop-minikdc-3.2.0.jar:/home/user/.m2/repository/commons-io/commons-io/2.5/commons-io-2.5.jar:/home/user/.m2/repository/org/apache/kerby/kerb-simplekdc/1.0.1/kerb-simplekdc-1.0.1.jar:/home/user/.m2/repository/org/apache/kerby/kerb-client/1.0.1/kerb-client-1.0.1.jar:/home/user/.m2/repository/org/apache/kerby/kerby-config/1.0.1/kerby-config-1.0.1.jar:/home/user/.m2/repository/org/apache/kerby/kerb-core/1.0.1/kerb-core-1.0.1.jar:/home/user/.m2/repository/org/apache/kerby/kerby-pkix/1.0.1/kerby-pkix-1.0.1.jar:/home/user/.m2/repository/org/apache/kerby/kerby-asn1/1.0.1/kerby-asn1-1.0.1.jar:/home/user/.m2/repository/org/apache/kerby/kerby-util/1.0.1/kerby-util-1.0.1.jar:/home/user/.m2/repository/org/apache/kerby/kerb-common/1.0.1/kerb-common-1.0.1.jar:/home/user/.m2/repository/org/apache/kerby/kerb-crypto/1.0.1/kerb-crypto-1.0.1.jar:/home/user/.m2/repository/org/apache/kerby/kerb-util/1.0.1/kerb-util-1.0.1.jar:/home/user/.m2/repository/org/apache/kerby/token-provider/1.0.1/token-provider-1.0.1.jar:/home/user/.m2/repository/org/apache/kerby/kerb-admin/1.0.1/kerb-admin-1.0.1.jar:/home/user/.m2/repository/org/apache/kerby/kerb-server/1.0.1/kerb-server-1.0.1.jar:/home/user/.m2/repository/org/apache/kerby/kerb-identity/1.0.1/kerb-identity-1.0.1.jar:/home/user/.m2/repository/org/apache/kerby/kerby-xdr/1.0.1/kerby-xdr-1.0.1.jar:/home/user/.m2/repository/org/slf4j/slf4j-log4j12/1.7.25/slf4j-log4j12-1.7.25.jar:/home/user/.m2/repository/org/apache/hadoop/hadoop-ozone-s3gateway/0.5.0-SNAPSHOT/hadoop-ozone-s3gateway-0.5.0-SNAPSHOT.jar:/home/user/.m2/repository/org/jboss/weld/servlet/weld-servlet/2.4.7.Final/weld-servlet-2.4.7.Final.jar:/home/user/.m2/repository/org/glassfish/jersey/containers/jersey-container-servlet-core/2.27/jersey-container-servlet-core-2.27.jar:/home/user/.m2/repository/org/glassfish/hk2/external/javax.inject/2.5.0-b42/javax.inject-2.5.0-b42.jar:/home/user/.m2/repository/org/glassfish/jersey/core/jersey-common/2.27/jersey-common-2.27.jar:/home/user/.m2/repository/org/glassfish/hk2/osgi-resource-locator/1.0.1/osgi-resource-locator-1.0.1.jar:/home/user/.m2/repository/javax/ws/rs/javax.ws.rs-api/2.1/javax.ws.rs-api-2.1.jar:/home/user/.m2/repository/org/glassfish/jersey/ext/cdi/jersey-cdi1x/2.27/jersey-cdi1x-2.27.jar:/home/user/.m2/repository/org/glassfish/jersey/inject/jersey-hk2/2.27/jersey-hk2-2.27.jar:/home/user/.m2/repository/org/glassfish/hk2/hk2-locator/2.5.0-b42/hk2-locator-2.5.0-b42.jar:/home/user/.m2/repository/org/javassist/javassist/3.22.0-CR2/javassist-3.22.0-CR2.jar:/home/user/.m2/repository/org/glassfish/hk2/hk2-api/2.5.0/hk2-api-2.5.0.jar:/home/user/.m2/repository/org/glassfish/hk2/external/jakarta.inject/2.5.0/jakarta.inject-2.5.0.jar:/home/user/.m2/repository/org/glassfish/hk2/hk2-utils/2.5.0/hk2-utils-2.5.0.jar:/home/user/.m2/repository/jakarta/annotation/jakarta.annotation-api/1.3.4/jakarta.annotation-api-1.3.4.jar:/home/user/.m2/repository/org/glassfish/hk2/external/aopalliance-repackaged/2.5.0/aopalliance-repackaged-2.5.0.jar:/home/user/.m2/repository/com/fasterxml/jackson/dataformat/jackson-dataformat-xml/2.9.0/jackson-dataformat-xml-2.9.0.jar:/home/user/.m2/repository/com/fasterxml/jackson/core/jackson-core/2.9.9/jackson-core-2.9.9.jar:/home/user/.m2/repository/com/fasterxml/jackson/module/jackson-module-jaxb-annotations/2.9.9/jackson-module-jaxb-annotations-2.9.9.jar:/home/user/.m2/repository/javax/enterprise/cdi-api/1.2/cdi-api-1.2.jar:/home/user/.m2/repository/javax/el/javax.el-api/3.0.0/javax.el-api-3.0.0.jar:/home/user/.m2/repository/javax/interceptor/javax.interceptor-api/1.2/javax.interceptor-api-1.2.jar:/home/user/.m2/repository/javax/inject/javax.inject/1/javax.inject-1.jar:/home/user/.m2/repository/com/sun/xml/bind/jaxb-impl/2.3.0.1/jaxb-impl-2.3.0.1.jar:/home/user/.m2/repository/com/sun/xml/bind/jaxb-core/2.3.0.1/jaxb-core-2.3.0.1.jar:/home/user/.m2/repository/javax/xml/bind/jaxb-api/2.3.0/jaxb-api-2.3.0.jar:/home/user/.m2/repository/javax/activation/activation/1.1.1/activation-1.1.1.jar:/home/user/.m2/repository/org/apache/hadoop/hadoop-ozone-csi/0.5.0-SNAPSHOT/hadoop-ozone-csi-0.5.0-SNAPSHOT.jar:/home/user/.m2/repository/com/google/protobuf/protobuf-java-util/3.5.1/protobuf-java-util-3.5.1.jar:/home/user/.m2/repository/org/apache/hadoop/hadoop-hdds-config/0.5.0-SNAPSHOT/hadoop-hdds-config-0.5.0-SNAPSHOT.jar:/home/user/.m2/repository/io/grpc/grpc-netty/1.17.1/grpc-netty-1.17.1.jar:/home/user/.m2/repository/io/grpc/grpc-core/1.17.1/grpc-core-1.17.1.jar:/home/user/.m2/repository/io/grpc/grpc-context/1.17.1/grpc-context-1.17.1.jar:/home/user/.m2/repository/com/google/errorprone/error_prone_annotations/2.2.0/error_prone_annotations-2.2.0.jar:/home/user/.m2/repository/org/codehaus/mojo/animal-sniffer-annotations/1.17/animal-sniffer-annotations-1.17.jar:/home/user/.m2/repository/io/opencensus/opencensus-api/0.17.0/opencensus-api-0.17.0.jar:/home/user/.m2/repository/io/opencensus/opencensus-contrib-grpc-metrics/0.17.0/opencensus-contrib-grpc-metrics-0.17.0.jar:/home/user/.m2/repository/io/netty/netty-codec-http2/4.1.30.Final/netty-codec-http2-4.1.30.Final.jar:/home/user/.m2/repository/io/netty/netty-codec-http/4.1.30.Final/netty-codec-http-4.1.30.Final.jar:/home/user/.m2/repository/io/netty/netty-codec/4.1.30.Final/netty-codec-4.1.30.Final.jar:/home/user/.m2/repository/io/netty/netty-handler/4.1.30.Final/netty-handler-4.1.30.Final.jar:/home/user/.m2/repository/io/netty/netty-handler-proxy/4.1.30.Final/netty-handler-proxy-4.1.30.Final.jar:/home/user/.m2/repository/io/netty/netty-codec-socks/4.1.30.Final/netty-codec-socks-4.1.30.Final.jar:/home/user/.m2/repository/io/netty/netty-transport-native-epoll/4.1.30.Final/netty-transport-native-epoll-4.1.30.Final.jar:/home/user/.m2/repository/io/netty/netty-common/4.1.30.Final/netty-common-4.1.30.Final.jar:/home/user/.m2/repository/io/netty/netty-buffer/4.1.30.Final/netty-buffer-4.1.30.Final.jar:/home/user/.m2/repository/io/netty/netty-transport/4.1.30.Final/netty-transport-4.1.30.Final.jar:/home/user/.m2/repository/io/netty/netty-resolver/4.1.30.Final/netty-resolver-4.1.30.Final.jar:/home/user/.m2/repository/io/netty/netty-transport-native-unix-common/4.1.30.Final/netty-transport-native-unix-common-4.1.30.Final.jar:/home/user/.m2/repository/io/grpc/grpc-protobuf/1.17.1/grpc-protobuf-1.17.1.jar:/home/user/.m2/repository/com/google/api/grpc/proto-google-common-protos/1.0.0/proto-google-common-protos-1.0.0.jar:/home/user/.m2/repository/io/grpc/grpc-protobuf-lite/1.17.1/grpc-protobuf-lite-1.17.1.jar:/home/user/.m2/repository/io/grpc/grpc-stub/1.17.1/grpc-stub-1.17.1.jar:/home/user/.m2/repository/org/apache/hadoop/hadoop-ozone-recon/0.5.0-SNAPSHOT/hadoop-ozone-recon-0.5.0-SNAPSHOT.jar:/home/user/.m2/repository/org/apache/hadoop/hadoop-ozone-reconcodegen/0.5.0-SNAPSHOT/hadoop-ozone-reconcodegen-0.5.0-SNAPSHOT.jar:/home/user/.m2/repository/com/google/inject/extensions/guice-multibindings/4.0/guice-multibindings-4.0.jar:/home/user/.m2/repository/com/google/inject/guice/4.0/guice-4.0.jar:/home/user/.m2/repository/aopalliance/aopalliance/1.0/aopalliance-1.0.jar:/home/user/.m2/repository/com/google/inject/extensions/guice-servlet/4.0/guice-servlet-4.0.jar:/home/user/.m2/repository/org/glassfish/jersey/containers/jersey-container-servlet/2.27/jersey-container-servlet-2.27.jar:/home/user/.m2/repository/org/glassfish/hk2/guice-bridge/2.5.0/guice-bridge-2.5.0.jar:/home/user/.m2/repository/org/glassfish/jersey/core/jersey-server/2.27/jersey-server-2.27.jar:/home/user/.m2/repository/org/glassfish/jersey/core/jersey-client/2.27/jersey-client-2.27.jar:/home/user/.m2/repository/org/glassfish/jersey/media/jersey-media-jaxb/2.27/jersey-media-jaxb-2.27.jar:/home/user/.m2/repository/javax/validation/validation-api/1.1.0.Final/validation-api-1.1.0.Final.jar:/home/user/.m2/repository/org/glassfish/jersey/media/jersey-media-json-jackson/2.27/jersey-media-json-jackson-2.27.jar:/home/user/.m2/repository/org/glassfish/jersey/ext/jersey-entity-filtering/2.27/jersey-entity-filtering-2.27.jar:/home/user/.m2/repository/com/google/inject/extensions/guice-assistedinject/4.0/guice-assistedinject-4.0.jar:/home/user/.m2/repository/org/jooq/jooq/3.11.10/jooq-3.11.10.jar:/home/user/.m2/repository/org/jooq/jooq-meta/3.11.10/jooq-meta-3.11.10.jar:/home/user/.m2/repository/org/jooq/jooq-codegen/3.11.10/jooq-codegen-3.11.10.jar:/home/user/.m2/repository/com/jolbox/bonecp/0.8.0.RELEASE/bonecp-0.8.0.RELEASE.jar:/home/user/.m2/repository/org/xerial/sqlite-jdbc/3.25.2/sqlite-jdbc-3.25.2.jar:/home/user/.m2/repository/org/springframework/spring-jdbc/5.1.3.RELEASE/spring-jdbc-5.1.3.RELEASE.jar:/home/user/.m2/repository/org/springframework/spring-beans/5.1.3.RELEASE/spring-beans-5.1.3.RELEASE.jar:/home/user/.m2/repository/org/springframework/spring-core/5.1.3.RELEASE/spring-core-5.1.3.RELEASE.jar:/home/user/.m2/repository/org/springframework/spring-jcl/5.1.3.RELEASE/spring-jcl-5.1.3.RELEASE.jar:/home/user/.m2/repository/org/springframework/spring-tx/5.1.3.RELEASE/spring-tx-5.1.3.RELEASE.jar:/home/user/.m2/repository/org/apache/hadoop/hadoop-ozone-client/0.5.0-SNAPSHOT/hadoop-ozone-client-0.5.0-SNAPSHOT.jar:/home/user/.m2/repository/commons-lang/commons-lang/2.6/commons-lang-2.6.jar:/home/user/.m2/repository/org/apache/hadoop/hadoop-ozone-ozone-manager/0.5.0-SNAPSHOT/hadoop-ozone-ozone-manager-0.5.0-SNAPSHOT-tests.jar:/home/user/.m2/repository/junit/junit/4.11/junit-4.11.jar:/home/user/.m2/repository/org/hamcrest/hamcrest-core/1.3/hamcrest-core-1.3.jar:/home/user/.m2/repository/org/openjdk/jmh/jmh-core/1.19/jmh-core-1.19.jar:/home/user/.m2/repository/net/sf/jopt-simple/jopt-simple/4.6/jopt-simple-4.6.jar:/home/user/.m2/repository/org/apache/commons/commons-math3/3.1.1/commons-math3-3.1.1.jar:/home/user/.m2/repository/org/openjdk/jmh/jmh-generator-annprocess/1.19/jmh-generator-annprocess-1.19.jar:/home/user/.m2/repository/org/mockito/mockito-all/1.8.5/mockito-all-1.8.5.jar:/home/user/.m2/repository/org/apache/hadoop/hadoop-kms/3.2.0/hadoop-kms-3.2.0.jar:/home/user/.m2/repository/org/apache/hadoop/hadoop-auth/3.2.0/hadoop-auth-3.2.0.jar:/home/user/.m2/repository/com/nimbusds/nimbus-jose-jwt/4.41.1/nimbus-jose-jwt-4.41.1.jar:/home/user/.m2/repository/com/github/stephenc/jcip/jcip-annotations/1.0-1/jcip-annotations-1.0-1.jar:/home/user/.m2/repository/net/minidev/json-smart/2.3/json-smart-2.3.jar:/home/user/.m2/repository/net/minidev/accessors-smart/1.2/accessors-smart-1.2.jar:/home/user/.m2/repository/org/ow2/asm/asm/5.0.4/asm-5.0.4.jar:/home/user/.m2/repository/org/apache/curator/curator-framework/2.12.0/curator-framework-2.12.0.jar:/home/user/.m2/repository/com/sun/jersey/jersey-core/1.19/jersey-core-1.19.jar:/home/user/.m2/repository/javax/ws/rs/jsr311-api/1.1.1/jsr311-api-1.1.1.jar:/home/user/.m2/repository/com/sun/jersey/jersey-server/1.19/jersey-server-1.19.jar:/home/user/.m2/repository/javax/servlet/javax.servlet-api/3.1.0/javax.servlet-api-3.1.0.jar:/home/user/.m2/repository/org/eclipse/jetty/jetty-server/9.3.25.v20180904/jetty-server-9.3.25.v20180904.jar:/home/user/.m2/repository/org/eclipse/jetty/jetty-http/9.3.25.v20180904/jetty-http-9.3.25.v20180904.jar:/home/user/.m2/repository/org/eclipse/jetty/jetty-io/9.3.25.v20180904/jetty-io-9.3.25.v20180904.jar:/home/user/.m2/repository/org/eclipse/jetty/jetty-webapp/9.3.25.v20180904/jetty-webapp-9.3.25.v20180904.jar:/home/user/.m2/repository/org/eclipse/jetty/jetty-xml/9.3.25.v20180904/jetty-xml-9.3.25.v20180904.jar:/home/user/.m2/repository/log4j/log4j/1.2.17/log4j-1.2.17.jar:/home/user/.m2/repository/org/slf4j/slf4j-api/1.7.25/slf4j-api-1.7.25.jar:/home/user/.m2/repository/org/slf4j/jul-to-slf4j/1.7.25/jul-to-slf4j-1.7.25.jar:/home/user/.m2/repository/org/eclipse/jetty/jetty-util/9.3.25.v20180904/jetty-util-9.3.25.v20180904.jar:/home/user/.m2/repository/com/fasterxml/jackson/core/jackson-databind/2.9.9/jackson-databind-2.9.9.jar:/home/user/.m2/repository/org/apache/hadoop/hadoop-kms/3.2.0/hadoop-kms-3.2.0-tests.jar:/home/user/.m2/repository/org/apache/hadoop/hadoop-hdds-server-scm/0.5.0-SNAPSHOT/hadoop-hdds-server-scm-0.5.0-SNAPSHOT-tests.jar:/home/user/.m2/repository/org/apache/hadoop/hadoop-hdds-container-service/0.5.0-SNAPSHOT/hadoop-hdds-container-service-0.5.0-SNAPSHOT-tests.jar:/home/user/.m2/repository/org/yaml/snakeyaml/1.16/snakeyaml-1.16.jar:/home/user/.m2/repository/org/apache/hadoop/hadoop-common/3.2.0/hadoop-common-3.2.0-tests.jar:/home/user/.m2/repository/org/apache/hadoop/hadoop-annotations/3.2.0/hadoop-annotations-3.2.0.jar:/usr/lib/jvm/java-1.8.0-openjdk-1.8.0.222.b10-1.el7_7.x86_64/jre/../lib/tools.jar:/home/user/.m2/repository/commons-cli/commons-cli/1.2/commons-cli-1.2.jar:/home/user/.m2/repository/org/apache/httpcomponents/httpclient/4.5.2/httpclient-4.5.2.jar:/home/user/.m2/repository/org/apache/httpcomponents/httpcore/4.4.4/httpcore-4.4.4.jar:/home/user/.m2/repository/commons-codec/commons-codec/1.11/commons-codec-1.11.jar:/home/user/.m2/repository/commons-net/commons-net/3.6/commons-net-3.6.jar:/home/user/.m2/repository/commons-collections/commons-collections/3.2.2/commons-collections-3.2.2.jar:/home/user/.m2/repository/org/eclipse/jetty/jetty-servlet/9.3.25.v20180904/jetty-servlet-9.3.25.v20180904.jar:/home/user/.m2/repository/org/eclipse/jetty/jetty-security/9.3.25.v20180904/jetty-security-9.3.25.v20180904.jar:/home/user/.m2/repository/javax/servlet/jsp/jsp-api/2.1/jsp-api-2.1.jar:/home/user/.m2/repository/com/sun/jersey/jersey-servlet/1.19/jersey-servlet-1.19.jar:/home/user/.m2/repository/com/sun/jersey/jersey-json/1.19/jersey-json-1.19.jar:/home/user/.m2/repository/org/codehaus/jettison/jettison/1.1/jettison-1.1.jar:/home/user/.m2/repository/org/codehaus/jackson/jackson-core-asl/1.9.13/jackson-core-asl-1.9.13.jar:/home/user/.m2/repository/org/codehaus/jackson/jackson-mapper-asl/1.9.13/jackson-mapper-asl-1.9.13.jar:/home/user/.m2/repository/org/codehaus/jackson/jackson-jaxrs/1.9.13/jackson-jaxrs-1.9.13.jar:/home/user/.m2/repository/org/codehaus/jackson/jackson-xc/1.9.13/jackson-xc-1.9.13.jar:/home/user/.m2/repository/commons-logging/commons-logging/1.1.3/commons-logging-1.1.3.jar:/home/user/.m2/repository/commons-beanutils/commons-beanutils/1.9.4/commons-beanutils-1.9.4.jar:/home/user/.m2/repository/org/apache/commons/commons-configuration2/2.1.1/commons-configuration2-2.1.1.jar:/home/user/.m2/repository/org/apache/commons/commons-lang3/3.7/commons-lang3-3.7.jar:/home/user/.m2/repository/org/apache/commons/commons-text/1.4/commons-text-1.4.jar:/home/user/.m2/repository/org/apache/avro/avro/1.7.7/avro-1.7.7.jar:/home/user/.m2/repository/com/thoughtworks/paranamer/paranamer/2.3/paranamer-2.3.jar:/home/user/.m2/repository/org/xerial/snappy/snappy-java/1.0.5/snappy-java-1.0.5.jar:/home/user/.m2/repository/com/google/re2j/re2j/1.1/re2j-1.1.jar:/home/user/.m2/repository/com/google/code/gson/gson/2.2.4/gson-2.2.4.jar:/home/user/.m2/repository/com/jcraft/jsch/0.1.54/jsch-0.1.54.jar:/home/user/.m2/repository/org/apache/curator/curator-client/2.12.0/curator-client-2.12.0.jar:/home/user/.m2/repository/org/apache/curator/curator-recipes/2.12.0/curator-recipes-2.12.0.jar:/home/user/.m2/repository/com/google/code/findbugs/jsr305/3.0.0/jsr305-3.0.0.jar:/home/user/.m2/repository/org/apache/htrace/htrace-core4/4.1.0-incubating/htrace-core4-4.1.0-incubating.jar:/home/user/.m2/repository/org/apache/zookeeper/zookeeper/3.4.13/zookeeper-3.4.13.jar:/home/user/.m2/repository/jline/jline/0.9.94/jline-0.9.94.jar:/home/user/.m2/repository/org/apache/yetus/audience-annotations/0.5.0/audience-annotations-0.5.0.jar:/home/user/.m2/repository/org/codehaus/woodstox/stax2-api/3.1.4/stax2-api-3.1.4.jar:/home/user/.m2/repository/com/fasterxml/woodstox/woodstox-core/5.0.3/woodstox-core-5.0.3.jar:/home/user/.m2/repository/dnsjava/dnsjava/2.1.7/dnsjava-2.1.7.jar:/home/user/.m2/repository/org/apache/hadoop/hadoop-hdfs/3.2.0/hadoop-hdfs-3.2.0-tests.jar:/home/user/.m2/repository/org/eclipse/jetty/jetty-util-ajax/9.3.25.v20180904/jetty-util-ajax-9.3.25.v20180904.jar:/home/user/.m2/repository/commons-daemon/commons-daemon/1.0.13/commons-daemon-1.0.13.jar:/home/user/.m2/repository/io/netty/netty/3.10.5.Final/netty-3.10.5.Final.jar:/home/user/.m2/repository/io/netty/netty-all/4.0.52.Final/netty-all-4.0.52.Final.jar:/home/user/.m2/repository/org/fusesource/leveldbjni/leveldbjni-all/1.8/leveldbjni-all-1.8.jar:"/>
    <property name="sun.cpu.endian" value="little"/>
    <property name="user.home" value="/home/user"/>
    <property name="user.language" value="en"/>
    <property name="java.specification.vendor" value="Oracle Corporation"/>
    <property name="java.home" value="/usr/lib/jvm/java-1.8.0-openjdk-1.8.0.222.b10-1.el7_7.x86_64/jre"/>
    <property name="surefire.excludesFile" value="/tools/ozone-bad-unit-tests"/>
    <property name="java.security.krb5.conf" value="/workdir/hadoop-ozone/integration-test/target/test-classes/krb5.conf"/>
    <property name="basedir" value="/workdir/hadoop-ozone/integration-test"/>
    <property name="file.separator" value="/"/>
    <property name="line.separator" value="&#10;"/>
    <property name="java.vm.specification.vendor" value="Oracle Corporation"/>
    <property name="java.specification.name" value="Java Platform API Specification"/>
    <property name="java.awt.graphicsenv" value="sun.awt.X11GraphicsEnvironment"/>
    <property name="surefire.real.class.path" value="/workdir/hadoop-ozone/integration-test/target/surefire/surefirebooter7324709123957410063.jar"/>
    <property name="hadoop.log.dir" value="/workdir/hadoop-ozone/integration-test/target/log"/>
    <property name="sun.boot.class.path" value="/usr/lib/jvm/java-1.8.0-openjdk-1.8.0.222.b10-1.el7_7.x86_64/jre/lib/resources.jar:/usr/lib/jvm/java-1.8.0-openjdk-1.8.0.222.b10-1.el7_7.x86_64/jre/lib/rt.jar:/usr/lib/jvm/java-1.8.0-openjdk-1.8.0.222.b10-1.el7_7.x86_64/jre/lib/sunrsasign.jar:/usr/lib/jvm/java-1.8.0-openjdk-1.8.0.222.b10-1.el7_7.x86_64/jre/lib/jsse.jar:/usr/lib/jvm/java-1.8.0-openjdk-1.8.0.222.b10-1.el7_7.x86_64/jre/lib/jce.jar:/usr/lib/jvm/java-1.8.0-openjdk-1.8.0.222.b10-1.el7_7.x86_64/jre/lib/charsets.jar:/usr/lib/jvm/java-1.8.0-openjdk-1.8.0.222.b10-1.el7_7.x86_64/jre/lib/jfr.jar:/usr/lib/jvm/java-1.8.0-openjdk-1.8.0.222.b10-1.el7_7.x86_64/jre/classes"/>
    <property name="sun.management.compiler" value="HotSpot 64-Bit Tiered Compilers"/>
    <property name="java.runtime.version" value="1.8.0_222-b10"/>
    <property name="java.net.preferIPv4Stack" value="true"/>
    <property name="user.name" value="jenkins1000"/>
    <property name="path.separator" value=":"/>
    <property name="java.security.egd" value="file:///dev/urandom"/>
    <property name="os.version" value="3.10.0-957.12.2.el7.x86_64"/>
    <property name="java.endorsed.dirs" value="/usr/lib/jvm/java-1.8.0-openjdk-1.8.0.222.b10-1.el7_7.x86_64/jre/lib/endorsed"/>
    <property name="java.runtime.name" value="OpenJDK Runtime Environment"/>
    <property name="file.encoding" value="ANSI_X3.4-1968"/>
    <property name="java.vm.name" value="OpenJDK 64-Bit Server VM"/>
    <property name="test.build.webapps" value=""/>
    <property name="localRepository" value="/home/user/.m2/repository"/>
    <property name="java.vendor.url.bug" value="http://bugreport.sun.com/bugreport/"/>
    <property name="java.io.tmpdir" value="/tmp"/>
    <property name="require.test.libhadoop" value=""/>
    <property name="java.version" value="1.8.0_222"/>
    <property name="user.dir" value="/workdir/hadoop-ozone/integration-test"/>
    <property name="os.arch" value="amd64"/>
    <property name="java.vm.specification.name" value="Java Virtual Machine Specification"/>
    <property name="test.build.classes" value="/workdir/hadoop-ozone/integration-test/target/test-classes"/>
    <property name="java.awt.printerjob" value="sun.print.PSPrinterJob"/>
    <property name="sun.os.patch.level" value="unknown"/>
    <property name="hadoop.tmp.dir" value="/workdir/hadoop-ozone/integration-test/target/tmp"/>
    <property name="java.library.path" value="/usr/lib:/workdir/hadoop-ozone/integration-test/target/native/target/usr/local/lib:/workdir/hadoop-ozone/integration-test/../../hadoop-common-project/hadoop-common/target/native/target/usr/local/lib:/usr/java/packages/lib/amd64:/usr/lib64:/lib64:/lib:/usr/lib"/>
    <property name="java.vm.info" value="mixed mode"/>
    <property name="java.vendor" value="Oracle Corporation"/>
    <property name="java.vm.version" value="25.222-b10"/>
    <property name="java.ext.dirs" value="/usr/lib/jvm/java-1.8.0-openjdk-1.8.0.222.b10-1.el7_7.x86_64/jre/lib/ext:/usr/java/packages/lib/ext"/>
    <property name="sun.io.unicode.encoding" value="UnicodeLittle"/>
    <property name="java.class.version" value="52.0"/>
  </properties>
  <testcase name="testDeleteKeyWithSlowFollower" classname="org.apache.hadoop.ozone.client.rpc.TestDeleteWithSlowFollower" time="116.951">
    <failure type="java.lang.AssertionError">java.lang.AssertionError
	at org.junit.Assert.fail(Assert.java:86)
	at org.junit.Assert.assertTrue(Assert.java:41)
	at org.junit.Assert.assertTrue(Assert.java:52)
	at org.apache.hadoop.ozone.client.rpc.TestDeleteWithSlowFollower.testDeleteKeyWithSlowFollower(TestDeleteWithSlowFollower.java:265)
	at sun.reflect.NativeMethodAccessorImpl.invoke0(Native Method)
	at sun.reflect.NativeMethodAccessorImpl.invoke(NativeMethodAccessorImpl.java:62)
	at sun.reflect.DelegatingMethodAccessorImpl.invoke(DelegatingMethodAccessorImpl.java:43)
	at java.lang.reflect.Method.invoke(Method.java:498)
	at org.junit.runners.model.FrameworkMethod$1.runReflectiveCall(FrameworkMethod.java:47)
	at org.junit.internal.runners.model.ReflectiveCallable.run(ReflectiveCallable.java:12)
	at org.junit.runners.model.FrameworkMethod.invokeExplosively(FrameworkMethod.java:44)
	at org.junit.internal.runners.statements.InvokeMethod.evaluate(InvokeMethod.java:17)
	at org.junit.runners.ParentRunner.runLeaf(ParentRunner.java:271)
	at org.junit.runners.BlockJUnit4ClassRunner.runChild(BlockJUnit4ClassRunner.java:70)
	at org.junit.runners.BlockJUnit4ClassRunner.runChild(BlockJUnit4ClassRunner.java:50)
	at org.junit.runners.ParentRunner$3.run(ParentRunner.java:238)
	at org.junit.runners.ParentRunner$1.schedule(ParentRunner.java:63)
	at org.junit.runners.ParentRunner.runChildren(ParentRunner.java:236)
	at org.junit.runners.ParentRunner.access$000(ParentRunner.java:53)
	at org.junit.runners.ParentRunner$2.evaluate(ParentRunner.java:229)
	at org.junit.internal.runners.statements.RunBefores.evaluate(RunBefores.java:26)
	at org.junit.internal.runners.statements.RunAfters.evaluate(RunAfters.java:27)
	at org.junit.runners.ParentRunner.run(ParentRunner.java:309)
	at org.apache.maven.surefire.junit4.JUnit4Provider.execute(JUnit4Provider.java:365)
	at org.apache.maven.surefire.junit4.JUnit4Provider.executeWithRerun(JUnit4Provider.java:273)
	at org.apache.maven.surefire.junit4.JUnit4Provider.executeTestSet(JUnit4Provider.java:238)
	at org.apache.maven.surefire.junit4.JUnit4Provider.invoke(JUnit4Provider.java:159)
	at org.apache.maven.surefire.booter.ForkedBooter.invokeProviderInSameClassLoader(ForkedBooter.java:384)
	at org.apache.maven.surefire.booter.ForkedBooter.runSuitesInProcess(ForkedBooter.java:345)
	at org.apache.maven.surefire.booter.ForkedBooter.execute(ForkedBooter.java:126)
	at org.apache.maven.surefire.booter.ForkedBooter.main(ForkedBooter.java:418)
</failure>
    <system-out><![CDATA[2019-10-25 05:40:08,398 [main] WARN  server.ServerUtils (ServerUtils.java:getScmDbDir(145)) - ozone.scm.db.dirs is not configured. We recommend adding this setting. Falling back to ozone.metadata.dirs instead.
2019-10-25 05:40:08,502 [main] WARN  server.ServerUtils (ServerUtils.java:getScmDbDir(145)) - ozone.scm.db.dirs is not configured. We recommend adding this setting. Falling back to ozone.metadata.dirs instead.
2019-10-25 05:40:08,505 [main] WARN  server.ServerUtils (ServerUtils.java:getScmDbDir(145)) - ozone.scm.db.dirs is not configured. We recommend adding this setting. Falling back to ozone.metadata.dirs instead.
2019-10-25 05:40:08,528 [main] INFO  util.log (Log.java:initialized(192)) - Logging initialized @739ms
2019-10-25 05:40:08,615 [main] INFO  db.DBStoreBuilder (DBStoreBuilder.java:addTable(127)) - using custom profile for table: deletedBlocks
2019-10-25 05:40:08,616 [main] INFO  db.DBStoreBuilder (DBStoreBuilder.java:processTables(183)) - Using default column profile:DBProfile.DISK for Table:deletedBlocks
2019-10-25 05:40:08,616 [main] INFO  db.DBStoreBuilder (DBStoreBuilder.java:addTable(127)) - using custom profile for table: validCerts
2019-10-25 05:40:08,616 [main] INFO  db.DBStoreBuilder (DBStoreBuilder.java:processTables(183)) - Using default column profile:DBProfile.DISK for Table:validCerts
2019-10-25 05:40:08,616 [main] INFO  db.DBStoreBuilder (DBStoreBuilder.java:addTable(127)) - using custom profile for table: revokedCerts
2019-10-25 05:40:08,617 [main] INFO  db.DBStoreBuilder (DBStoreBuilder.java:processTables(183)) - Using default column profile:DBProfile.DISK for Table:revokedCerts
2019-10-25 05:40:08,627 [main] INFO  db.DBStoreBuilder (DBStoreBuilder.java:addTable(127)) - using custom profile for table: default
2019-10-25 05:40:08,627 [main] INFO  db.DBStoreBuilder (DBStoreBuilder.java:processTables(189)) - Using default column profile:DBProfile.DISK for Table:default
2019-10-25 05:40:08,628 [main] INFO  db.DBStoreBuilder (DBStoreBuilder.java:getDbProfile(220)) - Using default options. DBProfile.DISK
2019-10-25 05:40:08,949 [main] INFO  net.NodeSchemaLoader (NodeSchemaLoader.java:loadSchemaFromFile(125)) - Loading file from sun.misc.CompoundEnumeration@78691363
2019-10-25 05:40:08,951 [main] INFO  net.NodeSchemaLoader (NodeSchemaLoader.java:loadSchema(171)) - Loading network topology layer schema file
2019-10-25 05:40:09,007 [main] WARN  server.ServerUtils (ServerUtils.java:sanitizeUserArgs(70)) - ozone.scm.stale.node.interval value = 1000000 is larger than max = 100000 based on the key value of ozone.scm.heartbeat.thread.interval, reset to the max value 100000.
2019-10-25 05:40:09,009 [main] WARN  server.ServerUtils (ServerUtils.java:sanitizeUserArgs(70)) - ozone.scm.stale.node.interval value = 1000000 is larger than max = 100000 based on the key value of ozone.scm.heartbeat.thread.interval, reset to the max value 100000.
2019-10-25 05:40:09,011 [main] INFO  node.SCMNodeManager (SCMNodeManager.java:<init>(116)) - Entering startup safe mode.
2019-10-25 05:40:09,070 [main] INFO  algorithms.ContainerPlacementPolicyFactory (ContainerPlacementPolicyFactory.java:getPolicy(57)) - Create container placement policy of type org.apache.hadoop.hdds.scm.container.placement.algorithms.SCMContainerPlacementRandom
2019-10-25 05:40:09,085 [main] WARN  server.ServerUtils (ServerUtils.java:getScmDbDir(145)) - ozone.scm.db.dirs is not configured. We recommend adding this setting. Falling back to ozone.metadata.dirs instead.
2019-10-25 05:40:09,142 [main] INFO  pipeline.SCMPipelineManager (SCMPipelineManager.java:initializePipelineState(132)) - No pipeline exists in current db
2019-10-25 05:40:09,145 [main] WARN  server.ServerUtils (ServerUtils.java:getScmDbDir(145)) - ozone.scm.db.dirs is not configured. We recommend adding this setting. Falling back to ozone.metadata.dirs instead.
2019-10-25 05:40:09,235 [main] WARN  events.EventQueue (EventQueue.java:fireEvent(183)) - No event handler registered for event TypedEvent{payloadType=SafeModeStatus, name='SafeModeStatus'}
2019-10-25 05:40:09,541 [main] INFO  ipc.CallQueueManager (CallQueueManager.java:<init>(84)) - Using callQueue: class java.util.concurrent.LinkedBlockingQueue, queueCapacity: 2000, scheduler: class org.apache.hadoop.ipc.DefaultRpcScheduler, ipcBackoff: false.
2019-10-25 05:40:09,634 [Socket Reader #1 for port 42958] INFO  ipc.Server (Server.java:run(1074)) - Starting Socket Reader #1 for port 42958
2019-10-25 05:40:09,656 [main] INFO  ipc.CallQueueManager (CallQueueManager.java:<init>(84)) - Using callQueue: class java.util.concurrent.LinkedBlockingQueue, queueCapacity: 2000, scheduler: class org.apache.hadoop.ipc.DefaultRpcScheduler, ipcBackoff: false.
2019-10-25 05:40:09,657 [Socket Reader #1 for port 45221] INFO  ipc.Server (Server.java:run(1074)) - Starting Socket Reader #1 for port 45221
2019-10-25 05:40:09,664 [main] INFO  ipc.CallQueueManager (CallQueueManager.java:<init>(84)) - Using callQueue: class java.util.concurrent.LinkedBlockingQueue, queueCapacity: 2000, scheduler: class org.apache.hadoop.ipc.DefaultRpcScheduler, ipcBackoff: false.
2019-10-25 05:40:09,665 [Socket Reader #1 for port 43520] INFO  ipc.Server (Server.java:run(1074)) - Starting Socket Reader #1 for port 43520
2019-10-25 05:40:09,684 [main] INFO  hdfs.DFSUtil (DFSUtil.java:httpServerTemplateForNNAndJN(1641)) - Starting Web-server for scm at: http://0.0.0.0:0
2019-10-25 05:40:09,809 [main] INFO  server.AuthenticationFilter (AuthenticationFilter.java:constructSecretProvider(240)) - Unable to initialize FileSignerSecretProvider, falling back to use random secrets.
2019-10-25 05:40:09,818 [main] WARN  http.HttpRequestLog (HttpRequestLog.java:getRequestLog(97)) - Jetty request log can only be enabled using Log4j
2019-10-25 05:40:09,825 [main] INFO  http.HttpServer2 (HttpServer2.java:addGlobalFilter(975)) - Added global filter 'safety' (class=org.apache.hadoop.http.HttpServer2$QuotingInputFilter)
2019-10-25 05:40:09,828 [main] INFO  http.HttpServer2 (HttpServer2.java:addFilter(948)) - Added filter static_user_filter (class=org.apache.hadoop.http.lib.StaticUserWebFilter$StaticUserFilter) to context scm
2019-10-25 05:40:09,828 [main] INFO  http.HttpServer2 (HttpServer2.java:addFilter(958)) - Added filter static_user_filter (class=org.apache.hadoop.http.lib.StaticUserWebFilter$StaticUserFilter) to context static
2019-10-25 05:40:09,828 [main] INFO  http.HttpServer2 (HttpServer2.java:addFilter(958)) - Added filter static_user_filter (class=org.apache.hadoop.http.lib.StaticUserWebFilter$StaticUserFilter) to context logs
2019-10-25 05:40:09,856 [main] INFO  server.StorageContainerManager (StorageContainerManager.java:start(772)) - StorageContainerLocationProtocol RPC server is listening at /0.0.0.0:43520
2019-10-25 05:40:09,912 [main] WARN  impl.MetricsConfig (MetricsConfig.java:loadFirst(134)) - Cannot locate configuration: tried hadoop-metrics2-storagecontainermanager.properties,hadoop-metrics2.properties
2019-10-25 05:40:09,923 [main] INFO  impl.MetricsSystemImpl (MetricsSystemImpl.java:startTimer(374)) - Scheduled Metric snapshot period at 10 second(s).
2019-10-25 05:40:09,924 [main] INFO  impl.MetricsSystemImpl (MetricsSystemImpl.java:start(191)) - StorageContainerManager metrics system started
2019-10-25 05:40:10,133 [main] INFO  server.SCMClientProtocolServer (SCMClientProtocolServer.java:start(159)) - RPC server for Client  is listening at /0.0.0.0:43520
2019-10-25 05:40:10,133 [IPC Server Responder] INFO  ipc.Server (Server.java:run(1314)) - IPC Server Responder: starting
2019-10-25 05:40:10,134 [IPC Server listener on 43520] INFO  ipc.Server (Server.java:run(1153)) - IPC Server listener on 43520: starting
2019-10-25 05:40:10,136 [main] INFO  server.StorageContainerManager (StorageContainerManager.java:start(782)) - ScmBlockLocationProtocol RPC server is listening at /0.0.0.0:45221
2019-10-25 05:40:10,136 [main] INFO  server.SCMBlockProtocolServer (SCMBlockProtocolServer.java:start(146)) - RPC server for Block Protocol is listening at /0.0.0.0:45221
2019-10-25 05:40:10,137 [IPC Server Responder] INFO  ipc.Server (Server.java:run(1314)) - IPC Server Responder: starting
2019-10-25 05:40:10,137 [IPC Server listener on 45221] INFO  ipc.Server (Server.java:run(1153)) - IPC Server listener on 45221: starting
2019-10-25 05:40:10,139 [main] INFO  server.StorageContainerManager (StorageContainerManager.java:start(786)) - ScmDatanodeProtocl RPC server is listening at /0.0.0.0:42958
2019-10-25 05:40:10,139 [main] INFO  server.SCMDatanodeProtocolServer (SCMDatanodeProtocolServer.java:start(169)) - RPC server for DataNodes is listening at /0.0.0.0:42958
2019-10-25 05:40:10,140 [IPC Server Responder] INFO  ipc.Server (Server.java:run(1314)) - IPC Server Responder: starting
2019-10-25 05:40:10,140 [IPC Server listener on 42958] INFO  ipc.Server (Server.java:run(1153)) - IPC Server listener on 42958: starting
2019-10-25 05:40:10,143 [main] INFO  http.HttpServer2 (HttpServer2.java:bindListener(1191)) - Jetty bound to port 41949
2019-10-25 05:40:10,144 [main] INFO  server.Server (Server.java:doStart(351)) - jetty-9.3.25.v20180904, build timestamp: 2018-09-04T21:11:46Z, git hash: 3ce520221d0240229c862b122d2b06c12a625732
2019-10-25 05:40:10,174 [main] INFO  handler.ContextHandler (ContextHandler.java:doStart(781)) - Started o.e.j.s.ServletContextHandler@2f48b3d2{/logs,file:///workdir/hadoop-ozone/integration-test/target/log,AVAILABLE}
2019-10-25 05:40:10,175 [main] INFO  handler.ContextHandler (ContextHandler.java:doStart(781)) - Started o.e.j.s.ServletContextHandler@753432a2{/static,file:///workdir/hadoop-ozone/integration-test/target/test-classes/webapps/static,AVAILABLE}
2019-10-25 05:40:10,203 [main] INFO  handler.ContextHandler (ContextHandler.java:doStart(781)) - Started o.e.j.w.WebAppContext@16fb356{/,file:///workdir/hadoop-ozone/integration-test/target/test-classes/webapps/scm/,AVAILABLE}{/scm}
2019-10-25 05:40:10,208 [main] INFO  server.AbstractConnector (AbstractConnector.java:doStart(278)) - Started ServerConnector@56102e1c{HTTP/1.1,[http/1.1]}{0.0.0.0:41949}
2019-10-25 05:40:10,208 [main] INFO  server.Server (Server.java:doStart(419)) - Started @2419ms
2019-10-25 05:40:10,210 [main] INFO  impl.MetricsSinkAdapter (MetricsSinkAdapter.java:start(204)) - Sink prometheus started
2019-10-25 05:40:10,211 [main] INFO  impl.MetricsSystemImpl (MetricsSystemImpl.java:registerSink(301)) - Registered sink prometheus
2019-10-25 05:40:10,212 [main] INFO  server.BaseHttpServer (BaseHttpServer.java:updateConnectorAddress(215)) - HTTP server of SCM is listening at http://0.0.0.0:41949
2019-10-25 05:40:10,217 [org.apache.hadoop.util.JvmPauseMonitor$Monitor@3a4b0e5d] INFO  util.JvmPauseMonitor (JvmPauseMonitor.java:run(188)) - Starting JVM pause monitor
2019-10-25 05:40:10,219 [main] WARN  server.ServerUtils (ServerUtils.java:getDBPath(222)) - ozone.om.db.dirs is not configured. We recommend adding this setting. Falling back to ozone.metadata.dirs instead.
2019-10-25 05:40:10,313 [main] INFO  ha.OMHANodeDetails (OMHANodeDetails.java:loadOMHAConfig(190)) - Configuration either no ozone.om.address set. Falling back to the default OM address /127.0.0.1:0
2019-10-25 05:40:10,313 [main] INFO  ha.OMHANodeDetails (OMHANodeDetails.java:getOMNodeDetails(220)) - OM Service ID is not set. Setting it to the default ID: omServiceIdDefault
2019-10-25 05:40:10,315 [main] WARN  server.ServerUtils (ServerUtils.java:getDBPath(222)) - ozone.om.db.dirs is not configured. We recommend adding this setting. Falling back to ozone.metadata.dirs instead.
2019-10-25 05:40:10,315 [main] WARN  server.ServerUtils (ServerUtils.java:getDBPath(222)) - ozone.om.db.dirs is not configured. We recommend adding this setting. Falling back to ozone.metadata.dirs instead.
2019-10-25 05:40:10,878 [main] WARN  server.ServerUtils (ServerUtils.java:getDBPath(222)) - ozone.om.db.dirs is not configured. We recommend adding this setting. Falling back to ozone.metadata.dirs instead.
2019-10-25 05:40:10,886 [main] INFO  db.DBStoreBuilder (DBStoreBuilder.java:addTable(127)) - using custom profile for table: userTable
2019-10-25 05:40:10,886 [main] INFO  db.DBStoreBuilder (DBStoreBuilder.java:processTables(183)) - Using default column profile:DBProfile.DISK for Table:userTable
2019-10-25 05:40:10,886 [main] INFO  db.DBStoreBuilder (DBStoreBuilder.java:addTable(127)) - using custom profile for table: volumeTable
2019-10-25 05:40:10,887 [main] INFO  db.DBStoreBuilder (DBStoreBuilder.java:processTables(183)) - Using default column profile:DBProfile.DISK for Table:volumeTable
2019-10-25 05:40:10,887 [main] INFO  db.DBStoreBuilder (DBStoreBuilder.java:addTable(127)) - using custom profile for table: bucketTable
2019-10-25 05:40:10,887 [main] INFO  db.DBStoreBuilder (DBStoreBuilder.java:processTables(183)) - Using default column profile:DBProfile.DISK for Table:bucketTable
2019-10-25 05:40:10,887 [main] INFO  db.DBStoreBuilder (DBStoreBuilder.java:addTable(127)) - using custom profile for table: keyTable
2019-10-25 05:40:10,887 [main] INFO  db.DBStoreBuilder (DBStoreBuilder.java:processTables(183)) - Using default column profile:DBProfile.DISK for Table:keyTable
2019-10-25 05:40:10,888 [main] INFO  db.DBStoreBuilder (DBStoreBuilder.java:addTable(127)) - using custom profile for table: deletedTable
2019-10-25 05:40:10,888 [main] INFO  db.DBStoreBuilder (DBStoreBuilder.java:processTables(183)) - Using default column profile:DBProfile.DISK for Table:deletedTable
2019-10-25 05:40:10,888 [main] INFO  db.DBStoreBuilder (DBStoreBuilder.java:addTable(127)) - using custom profile for table: openKeyTable
2019-10-25 05:40:10,888 [main] INFO  db.DBStoreBuilder (DBStoreBuilder.java:processTables(183)) - Using default column profile:DBProfile.DISK for Table:openKeyTable
2019-10-25 05:40:10,889 [main] INFO  db.DBStoreBuilder (DBStoreBuilder.java:addTable(127)) - using custom profile for table: s3Table
2019-10-25 05:40:10,889 [main] INFO  db.DBStoreBuilder (DBStoreBuilder.java:processTables(183)) - Using default column profile:DBProfile.DISK for Table:s3Table
2019-10-25 05:40:10,889 [main] INFO  db.DBStoreBuilder (DBStoreBuilder.java:addTable(127)) - using custom profile for table: multipartInfoTable
2019-10-25 05:40:10,889 [main] INFO  db.DBStoreBuilder (DBStoreBuilder.java:processTables(183)) - Using default column profile:DBProfile.DISK for Table:multipartInfoTable
2019-10-25 05:40:10,889 [main] INFO  db.DBStoreBuilder (DBStoreBuilder.java:addTable(127)) - using custom profile for table: dTokenTable
2019-10-25 05:40:10,890 [main] INFO  db.DBStoreBuilder (DBStoreBuilder.java:processTables(183)) - Using default column profile:DBProfile.DISK for Table:dTokenTable
2019-10-25 05:40:10,890 [main] INFO  db.DBStoreBuilder (DBStoreBuilder.java:addTable(127)) - using custom profile for table: s3SecretTable
2019-10-25 05:40:10,890 [main] INFO  db.DBStoreBuilder (DBStoreBuilder.java:processTables(183)) - Using default column profile:DBProfile.DISK for Table:s3SecretTable
2019-10-25 05:40:10,890 [main] INFO  db.DBStoreBuilder (DBStoreBuilder.java:addTable(127)) - using custom profile for table: prefixTable
2019-10-25 05:40:10,890 [main] INFO  db.DBStoreBuilder (DBStoreBuilder.java:processTables(183)) - Using default column profile:DBProfile.DISK for Table:prefixTable
2019-10-25 05:40:10,891 [main] INFO  db.DBStoreBuilder (DBStoreBuilder.java:addTable(127)) - using custom profile for table: default
2019-10-25 05:40:10,891 [main] INFO  db.DBStoreBuilder (DBStoreBuilder.java:processTables(189)) - Using default column profile:DBProfile.DISK for Table:default
2019-10-25 05:40:10,891 [main] INFO  db.DBStoreBuilder (DBStoreBuilder.java:getDbProfile(220)) - Using default options. DBProfile.DISK
2019-10-25 05:40:11,266 [main] INFO  ipc.CallQueueManager (CallQueueManager.java:<init>(84)) - Using callQueue: class java.util.concurrent.LinkedBlockingQueue, queueCapacity: 2000, scheduler: class org.apache.hadoop.ipc.DefaultRpcScheduler, ipcBackoff: false.
2019-10-25 05:40:11,267 [Socket Reader #1 for port 38693] INFO  ipc.Server (Server.java:run(1074)) - Starting Socket Reader #1 for port 38693
2019-10-25 05:40:11,292 [main] INFO  om.OzoneManager (OzoneManager.java:start(1074)) - OzoneManager RPC server is listening at localhost/127.0.0.1:38693
2019-10-25 05:40:11,292 [main] INFO  impl.MetricsSystemImpl (MetricsSystemImpl.java:init(158)) - OzoneManager metrics system started (again)
2019-10-25 05:40:11,300 [IPC Server Responder] INFO  ipc.Server (Server.java:run(1314)) - IPC Server Responder: starting
2019-10-25 05:40:11,300 [IPC Server listener on 38693] INFO  ipc.Server (Server.java:run(1153)) - IPC Server listener on 38693: starting
2019-10-25 05:40:11,304 [main] INFO  hdfs.DFSUtil (DFSUtil.java:httpServerTemplateForNNAndJN(1641)) - Starting Web-server for ozoneManager at: http://0.0.0.0:0
2019-10-25 05:40:11,306 [main] INFO  server.AuthenticationFilter (AuthenticationFilter.java:constructSecretProvider(240)) - Unable to initialize FileSignerSecretProvider, falling back to use random secrets.
2019-10-25 05:40:11,307 [main] WARN  http.HttpRequestLog (HttpRequestLog.java:getRequestLog(97)) - Jetty request log can only be enabled using Log4j
2019-10-25 05:40:11,309 [main] INFO  http.HttpServer2 (HttpServer2.java:addGlobalFilter(975)) - Added global filter 'safety' (class=org.apache.hadoop.http.HttpServer2$QuotingInputFilter)
2019-10-25 05:40:11,310 [main] INFO  http.HttpServer2 (HttpServer2.java:addFilter(948)) - Added filter static_user_filter (class=org.apache.hadoop.http.lib.StaticUserWebFilter$StaticUserFilter) to context ozoneManager
2019-10-25 05:40:11,310 [main] INFO  http.HttpServer2 (HttpServer2.java:addFilter(958)) - Added filter static_user_filter (class=org.apache.hadoop.http.lib.StaticUserWebFilter$StaticUserFilter) to context static
2019-10-25 05:40:11,310 [main] INFO  http.HttpServer2 (HttpServer2.java:addFilter(958)) - Added filter static_user_filter (class=org.apache.hadoop.http.lib.StaticUserWebFilter$StaticUserFilter) to context logs
2019-10-25 05:40:11,313 [main] INFO  http.HttpServer2 (HttpServer2.java:bindListener(1191)) - Jetty bound to port 32812
2019-10-25 05:40:11,313 [main] INFO  server.Server (Server.java:doStart(351)) - jetty-9.3.25.v20180904, build timestamp: 2018-09-04T21:11:46Z, git hash: 3ce520221d0240229c862b122d2b06c12a625732
2019-10-25 05:40:11,315 [main] INFO  handler.ContextHandler (ContextHandler.java:doStart(781)) - Started o.e.j.s.ServletContextHandler@160396db{/logs,file:///workdir/hadoop-ozone/integration-test/target/log,AVAILABLE}
2019-10-25 05:40:11,315 [main] INFO  handler.ContextHandler (ContextHandler.java:doStart(781)) - Started o.e.j.s.ServletContextHandler@40ab8a8{/static,file:///workdir/hadoop-ozone/integration-test/target/test-classes/webapps/static,AVAILABLE}
2019-10-25 05:40:11,320 [main] INFO  handler.ContextHandler (ContextHandler.java:doStart(781)) - Started o.e.j.w.WebAppContext@3e83c18{/,file:///workdir/hadoop-ozone/integration-test/target/test-classes/webapps/ozoneManager/,AVAILABLE}{/ozoneManager}
2019-10-25 05:40:11,320 [main] INFO  server.AbstractConnector (AbstractConnector.java:doStart(278)) - Started ServerConnector@783efb48{HTTP/1.1,[http/1.1]}{0.0.0.0:32812}
2019-10-25 05:40:11,320 [main] INFO  server.Server (Server.java:doStart(419)) - Started @3532ms
2019-10-25 05:40:11,321 [main] WARN  impl.MetricsSystemImpl (MetricsSystemImpl.java:register(276)) - Sink prometheus already exists!
2019-10-25 05:40:11,322 [main] INFO  server.BaseHttpServer (BaseHttpServer.java:updateConnectorAddress(215)) - HTTP server of OZONEMANAGER is listening at http://0.0.0.0:32812
2019-10-25 05:40:11,522 [main] INFO  impl.MetricsSystemImpl (MetricsSystemImpl.java:init(158)) - HddsDatanode metrics system started (again)
2019-10-25 05:40:11,562 [main] INFO  ozone.HddsDatanodeService (HddsDatanodeService.java:start(184)) - HddsDatanodeService host:pr-hdds-1701-sv9gv-972070529 ip:192.168.157.195
2019-10-25 05:40:11,592 [main] INFO  volume.HddsVolume (HddsVolume.java:<init>(176)) - Creating Volume: /workdir/hadoop-ozone/integration-test/target/test-dir/MiniOzoneClusterImpl-930516e5-2413-421c-8e65-2cdb10067440/datanode-0/data/containers/hdds of  storage type : DISK and capacity : 1482555576320
2019-10-25 05:40:11,593 [main] INFO  volume.VolumeSet (VolumeSet.java:initializeVolumeSet(170)) - Added Volume : /workdir/hadoop-ozone/integration-test/target/test-dir/MiniOzoneClusterImpl-930516e5-2413-421c-8e65-2cdb10067440/datanode-0/data/containers/hdds to VolumeSet
2019-10-25 05:40:11,596 [main] INFO  volume.ThrottledAsyncChecker (ThrottledAsyncChecker.java:schedule(141)) - Scheduling a check for /workdir/hadoop-ozone/integration-test/target/test-dir/MiniOzoneClusterImpl-930516e5-2413-421c-8e65-2cdb10067440/datanode-0/data/containers/hdds
2019-10-25 05:40:11,610 [main] INFO  volume.HddsVolumeChecker (HddsVolumeChecker.java:checkAllVolumes(204)) - Scheduled health check for volume /workdir/hadoop-ozone/integration-test/target/test-dir/MiniOzoneClusterImpl-930516e5-2413-421c-8e65-2cdb10067440/datanode-0/data/containers/hdds
2019-10-25 05:40:11,703 [main] INFO  impl.RaftServerProxy (ConfUtils.java:logGet(43)) - raft.rpc.type = GRPC (default)
2019-10-25 05:40:11,759 [main] INFO  grpc.GrpcFactory (GrpcFactory.java:checkPooledByteBufAllocatorUseCacheForAllThreads(45)) - PERFORMANCE WARNING: useCacheForAllThreads is true that may cause Netty to create a lot garbage objects and, as a result, trigger GC.
	It is recommended to disable useCacheForAllThreads by setting -Dorg.apache.ratis.thirdparty.io.netty.allocator.useCacheForAllThreads=false in command line.
2019-10-25 05:40:11,763 [main] INFO  grpc.GrpcConfigKeys$Server (ConfUtils.java:logGet(43)) - raft.grpc.server.port = 0 (default)
2019-10-25 05:40:11,764 [main] INFO  server.GrpcService (ConfUtils.java:logGet(43)) - raft.grpc.message.size.max = 33570816 (custom)
2019-10-25 05:40:11,765 [main] INFO  server.RaftServerConfigKeys (ConfUtils.java:logGet(43)) - raft.server.log.appender.buffer.byte-limit = 33554432 (custom)
2019-10-25 05:40:11,766 [main] INFO  server.GrpcService (ConfUtils.java:logGet(43)) - raft.grpc.flow.control.window = 1MB (=1048576) (default)
2019-10-25 05:40:11,767 [main] INFO  server.RaftServerConfigKeys (ConfUtils.java:logGet(43)) - raft.server.rpc.request.timeout = 3000ms (default)
2019-10-25 05:40:11,900 [main] INFO  server.RaftServerConfigKeys (ConfUtils.java:logGet(43)) - raft.server.storage.dir = [/workdir/hadoop-ozone/integration-test/target/test-dir/MiniOzoneClusterImpl-930516e5-2413-421c-8e65-2cdb10067440/datanode-0/data/ratis] (custom)
2019-10-25 05:40:11,941 [main] INFO  hdfs.DFSUtil (DFSUtil.java:httpServerTemplateForNNAndJN(1641)) - Starting Web-server for hddsDatanode at: http://0.0.0.0:0
2019-10-25 05:40:11,942 [main] INFO  server.AuthenticationFilter (AuthenticationFilter.java:constructSecretProvider(240)) - Unable to initialize FileSignerSecretProvider, falling back to use random secrets.
2019-10-25 05:40:11,943 [main] WARN  http.HttpRequestLog (HttpRequestLog.java:getRequestLog(97)) - Jetty request log can only be enabled using Log4j
2019-10-25 05:40:11,944 [main] INFO  http.HttpServer2 (HttpServer2.java:addGlobalFilter(975)) - Added global filter 'safety' (class=org.apache.hadoop.http.HttpServer2$QuotingInputFilter)
2019-10-25 05:40:11,945 [main] INFO  http.HttpServer2 (HttpServer2.java:addFilter(948)) - Added filter static_user_filter (class=org.apache.hadoop.http.lib.StaticUserWebFilter$StaticUserFilter) to context hddsDatanode
2019-10-25 05:40:11,945 [main] INFO  http.HttpServer2 (HttpServer2.java:addFilter(958)) - Added filter static_user_filter (class=org.apache.hadoop.http.lib.StaticUserWebFilter$StaticUserFilter) to context logs
2019-10-25 05:40:11,945 [main] INFO  http.HttpServer2 (HttpServer2.java:addFilter(958)) - Added filter static_user_filter (class=org.apache.hadoop.http.lib.StaticUserWebFilter$StaticUserFilter) to context static
2019-10-25 05:40:11,946 [main] INFO  http.HttpServer2 (HttpServer2.java:bindListener(1191)) - Jetty bound to port 34276
2019-10-25 05:40:11,946 [main] INFO  server.Server (Server.java:doStart(351)) - jetty-9.3.25.v20180904, build timestamp: 2018-09-04T21:11:46Z, git hash: 3ce520221d0240229c862b122d2b06c12a625732
2019-10-25 05:40:11,948 [main] INFO  handler.ContextHandler (ContextHandler.java:doStart(781)) - Started o.e.j.s.ServletContextHandler@6c008c24{/logs,file:///workdir/hadoop-ozone/integration-test/target/log,AVAILABLE}
2019-10-25 05:40:11,949 [main] INFO  handler.ContextHandler (ContextHandler.java:doStart(781)) - Started o.e.j.s.ServletContextHandler@21079a12{/static,jar:file:/home/user/.m2/repository/org/apache/hadoop/hadoop-hdds-container-service/0.5.0-SNAPSHOT/hadoop-hdds-container-service-0.5.0-SNAPSHOT.jar!/webapps/static,AVAILABLE}
2019-10-25 05:40:11,980 [main] INFO  handler.ContextHandler (ContextHandler.java:doStart(781)) - Started o.e.j.w.WebAppContext@673919a7{/,file:///tmp/jetty-0.0.0.0-34276-hddsDatanode-_-any-1677015341026188994.dir/webapp/,AVAILABLE}{/hddsDatanode}
2019-10-25 05:40:11,981 [main] INFO  server.AbstractConnector (AbstractConnector.java:doStart(278)) - Started ServerConnector@25d93198{HTTP/1.1,[http/1.1]}{0.0.0.0:34276}
2019-10-25 05:40:11,981 [main] INFO  server.Server (Server.java:doStart(419)) - Started @4192ms
2019-10-25 05:40:11,981 [main] WARN  impl.MetricsSystemImpl (MetricsSystemImpl.java:register(276)) - Sink prometheus already exists!
2019-10-25 05:40:11,984 [main] INFO  server.BaseHttpServer (BaseHttpServer.java:updateConnectorAddress(215)) - HTTP server of HDDSDATANODE is listening at http://0.0.0.0:34276
2019-10-25 05:40:11,984 [main] INFO  impl.MetricsSystemImpl (MetricsSystemImpl.java:init(158)) - HddsDatanode metrics system started (again)
2019-10-25 05:40:11,986 [main] INFO  ozone.HddsDatanodeService (HddsDatanodeService.java:start(184)) - HddsDatanodeService host:pr-hdds-1701-sv9gv-972070529 ip:192.168.157.195
2019-10-25 05:40:11,989 [org.apache.hadoop.util.JvmPauseMonitor$Monitor@697c9014] INFO  util.JvmPauseMonitor (JvmPauseMonitor.java:run(188)) - Starting JVM pause monitor
2019-10-25 05:40:11,995 [main] INFO  volume.HddsVolume (HddsVolume.java:<init>(176)) - Creating Volume: /workdir/hadoop-ozone/integration-test/target/test-dir/MiniOzoneClusterImpl-930516e5-2413-421c-8e65-2cdb10067440/datanode-1/data/containers/hdds of  storage type : DISK and capacity : 1482555576320
2019-10-25 05:40:11,995 [main] INFO  volume.VolumeSet (VolumeSet.java:initializeVolumeSet(170)) - Added Volume : /workdir/hadoop-ozone/integration-test/target/test-dir/MiniOzoneClusterImpl-930516e5-2413-421c-8e65-2cdb10067440/datanode-1/data/containers/hdds to VolumeSet
2019-10-25 05:40:11,995 [main] INFO  volume.ThrottledAsyncChecker (ThrottledAsyncChecker.java:schedule(141)) - Scheduling a check for /workdir/hadoop-ozone/integration-test/target/test-dir/MiniOzoneClusterImpl-930516e5-2413-421c-8e65-2cdb10067440/datanode-1/data/containers/hdds
2019-10-25 05:40:11,996 [main] INFO  volume.HddsVolumeChecker (HddsVolumeChecker.java:checkAllVolumes(204)) - Scheduled health check for volume /workdir/hadoop-ozone/integration-test/target/test-dir/MiniOzoneClusterImpl-930516e5-2413-421c-8e65-2cdb10067440/datanode-1/data/containers/hdds
2019-10-25 05:40:12,009 [main] INFO  impl.RaftServerProxy (ConfUtils.java:logGet(43)) - raft.rpc.type = GRPC (default)
2019-10-25 05:40:12,010 [main] INFO  grpc.GrpcFactory (GrpcFactory.java:checkPooledByteBufAllocatorUseCacheForAllThreads(45)) - PERFORMANCE WARNING: useCacheForAllThreads is true that may cause Netty to create a lot garbage objects and, as a result, trigger GC.
	It is recommended to disable useCacheForAllThreads by setting -Dorg.apache.ratis.thirdparty.io.netty.allocator.useCacheForAllThreads=false in command line.
2019-10-25 05:40:12,010 [main] INFO  grpc.GrpcConfigKeys$Server (ConfUtils.java:logGet(43)) - raft.grpc.server.port = 0 (default)
2019-10-25 05:40:12,010 [main] INFO  server.GrpcService (ConfUtils.java:logGet(43)) - raft.grpc.message.size.max = 33570816 (custom)
2019-10-25 05:40:12,010 [main] INFO  server.RaftServerConfigKeys (ConfUtils.java:logGet(43)) - raft.server.log.appender.buffer.byte-limit = 33554432 (custom)
2019-10-25 05:40:12,010 [main] INFO  server.GrpcService (ConfUtils.java:logGet(43)) - raft.grpc.flow.control.window = 1MB (=1048576) (default)
2019-10-25 05:40:12,011 [main] INFO  server.RaftServerConfigKeys (ConfUtils.java:logGet(43)) - raft.server.rpc.request.timeout = 3000ms (default)
2019-10-25 05:40:12,011 [main] INFO  server.RaftServerConfigKeys (ConfUtils.java:logGet(43)) - raft.server.storage.dir = [/workdir/hadoop-ozone/integration-test/target/test-dir/MiniOzoneClusterImpl-930516e5-2413-421c-8e65-2cdb10067440/datanode-1/data/ratis] (custom)
2019-10-25 05:40:12,013 [main] INFO  hdfs.DFSUtil (DFSUtil.java:httpServerTemplateForNNAndJN(1641)) - Starting Web-server for hddsDatanode at: http://0.0.0.0:0
2019-10-25 05:40:12,014 [main] INFO  server.AuthenticationFilter (AuthenticationFilter.java:constructSecretProvider(240)) - Unable to initialize FileSignerSecretProvider, falling back to use random secrets.
2019-10-25 05:40:12,014 [main] WARN  http.HttpRequestLog (HttpRequestLog.java:getRequestLog(97)) - Jetty request log can only be enabled using Log4j
2019-10-25 05:40:12,016 [main] INFO  http.HttpServer2 (HttpServer2.java:addGlobalFilter(975)) - Added global filter 'safety' (class=org.apache.hadoop.http.HttpServer2$QuotingInputFilter)
2019-10-25 05:40:12,016 [main] INFO  http.HttpServer2 (HttpServer2.java:addFilter(948)) - Added filter static_user_filter (class=org.apache.hadoop.http.lib.StaticUserWebFilter$StaticUserFilter) to context hddsDatanode
2019-10-25 05:40:12,017 [main] INFO  http.HttpServer2 (HttpServer2.java:addFilter(958)) - Added filter static_user_filter (class=org.apache.hadoop.http.lib.StaticUserWebFilter$StaticUserFilter) to context logs
2019-10-25 05:40:12,017 [main] INFO  http.HttpServer2 (HttpServer2.java:addFilter(958)) - Added filter static_user_filter (class=org.apache.hadoop.http.lib.StaticUserWebFilter$StaticUserFilter) to context static
2019-10-25 05:40:12,018 [main] INFO  http.HttpServer2 (HttpServer2.java:bindListener(1191)) - Jetty bound to port 42759
2019-10-25 05:40:12,018 [main] INFO  server.Server (Server.java:doStart(351)) - jetty-9.3.25.v20180904, build timestamp: 2018-09-04T21:11:46Z, git hash: 3ce520221d0240229c862b122d2b06c12a625732
2019-10-25 05:40:12,019 [main] INFO  handler.ContextHandler (ContextHandler.java:doStart(781)) - Started o.e.j.s.ServletContextHandler@30364216{/logs,file:///workdir/hadoop-ozone/integration-test/target/log,AVAILABLE}
2019-10-25 05:40:12,020 [main] INFO  handler.ContextHandler (ContextHandler.java:doStart(781)) - Started o.e.j.s.ServletContextHandler@1e8ab90f{/static,jar:file:/home/user/.m2/repository/org/apache/hadoop/hadoop-hdds-container-service/0.5.0-SNAPSHOT/hadoop-hdds-container-service-0.5.0-SNAPSHOT.jar!/webapps/static,AVAILABLE}
2019-10-25 05:40:12,051 [main] INFO  handler.ContextHandler (ContextHandler.java:doStart(781)) - Started o.e.j.w.WebAppContext@60325987{/,file:///tmp/jetty-0.0.0.0-42759-hddsDatanode-_-any-7602474781942294378.dir/webapp/,AVAILABLE}{/hddsDatanode}
2019-10-25 05:40:12,052 [main] INFO  server.AbstractConnector (AbstractConnector.java:doStart(278)) - Started ServerConnector@2f37f1f9{HTTP/1.1,[http/1.1]}{0.0.0.0:42759}
2019-10-25 05:40:12,053 [main] INFO  server.Server (Server.java:doStart(419)) - Started @4264ms
2019-10-25 05:40:12,053 [main] WARN  impl.MetricsSystemImpl (MetricsSystemImpl.java:register(276)) - Sink prometheus already exists!
2019-10-25 05:40:12,054 [main] INFO  server.BaseHttpServer (BaseHttpServer.java:updateConnectorAddress(215)) - HTTP server of HDDSDATANODE is listening at http://0.0.0.0:42759
2019-10-25 05:40:12,054 [main] INFO  impl.MetricsSystemImpl (MetricsSystemImpl.java:init(158)) - HddsDatanode metrics system started (again)
2019-10-25 05:40:12,056 [org.apache.hadoop.util.JvmPauseMonitor$Monitor@1233f7c9] INFO  util.JvmPauseMonitor (JvmPauseMonitor.java:run(188)) - Starting JVM pause monitor
2019-10-25 05:40:12,056 [main] INFO  ozone.HddsDatanodeService (HddsDatanodeService.java:start(184)) - HddsDatanodeService host:pr-hdds-1701-sv9gv-972070529 ip:192.168.157.195
2019-10-25 05:40:12,063 [main] INFO  volume.HddsVolume (HddsVolume.java:<init>(176)) - Creating Volume: /workdir/hadoop-ozone/integration-test/target/test-dir/MiniOzoneClusterImpl-930516e5-2413-421c-8e65-2cdb10067440/datanode-2/data/containers/hdds of  storage type : DISK and capacity : 1482555576320
2019-10-25 05:40:12,064 [main] INFO  volume.VolumeSet (VolumeSet.java:initializeVolumeSet(170)) - Added Volume : /workdir/hadoop-ozone/integration-test/target/test-dir/MiniOzoneClusterImpl-930516e5-2413-421c-8e65-2cdb10067440/datanode-2/data/containers/hdds to VolumeSet
2019-10-25 05:40:12,064 [main] INFO  volume.ThrottledAsyncChecker (ThrottledAsyncChecker.java:schedule(141)) - Scheduling a check for /workdir/hadoop-ozone/integration-test/target/test-dir/MiniOzoneClusterImpl-930516e5-2413-421c-8e65-2cdb10067440/datanode-2/data/containers/hdds
2019-10-25 05:40:12,064 [main] INFO  volume.HddsVolumeChecker (HddsVolumeChecker.java:checkAllVolumes(204)) - Scheduled health check for volume /workdir/hadoop-ozone/integration-test/target/test-dir/MiniOzoneClusterImpl-930516e5-2413-421c-8e65-2cdb10067440/datanode-2/data/containers/hdds
2019-10-25 05:40:12,071 [Datanode State Machine Thread - 0] INFO  datanode.InitDatanodeState (InitDatanodeState.java:persistContainerDatanodeDetails(140)) - DatanodeDetails is persisted to /workdir/hadoop-ozone/integration-test/target/test-dir/MiniOzoneClusterImpl-930516e5-2413-421c-8e65-2cdb10067440/datanode-0/meta/datanode.id
2019-10-25 05:40:12,073 [Datanode State Machine Thread - 0] INFO  datanode.InitDatanodeState (InitDatanodeState.java:persistContainerDatanodeDetails(140)) - DatanodeDetails is persisted to /workdir/hadoop-ozone/integration-test/target/test-dir/MiniOzoneClusterImpl-930516e5-2413-421c-8e65-2cdb10067440/datanode-1/meta/datanode.id
2019-10-25 05:40:12,077 [main] INFO  impl.RaftServerProxy (ConfUtils.java:logGet(43)) - raft.rpc.type = GRPC (default)
2019-10-25 05:40:12,078 [main] INFO  grpc.GrpcFactory (GrpcFactory.java:checkPooledByteBufAllocatorUseCacheForAllThreads(45)) - PERFORMANCE WARNING: useCacheForAllThreads is true that may cause Netty to create a lot garbage objects and, as a result, trigger GC.
	It is recommended to disable useCacheForAllThreads by setting -Dorg.apache.ratis.thirdparty.io.netty.allocator.useCacheForAllThreads=false in command line.
2019-10-25 05:40:12,078 [main] INFO  grpc.GrpcConfigKeys$Server (ConfUtils.java:logGet(43)) - raft.grpc.server.port = 0 (default)
2019-10-25 05:40:12,078 [main] INFO  server.GrpcService (ConfUtils.java:logGet(43)) - raft.grpc.message.size.max = 33570816 (custom)
2019-10-25 05:40:12,078 [main] INFO  server.RaftServerConfigKeys (ConfUtils.java:logGet(43)) - raft.server.log.appender.buffer.byte-limit = 33554432 (custom)
2019-10-25 05:40:12,078 [main] INFO  server.GrpcService (ConfUtils.java:logGet(43)) - raft.grpc.flow.control.window = 1MB (=1048576) (default)
2019-10-25 05:40:12,079 [main] INFO  server.RaftServerConfigKeys (ConfUtils.java:logGet(43)) - raft.server.rpc.request.timeout = 3000ms (default)
2019-10-25 05:40:12,079 [main] INFO  server.RaftServerConfigKeys (ConfUtils.java:logGet(43)) - raft.server.storage.dir = [/workdir/hadoop-ozone/integration-test/target/test-dir/MiniOzoneClusterImpl-930516e5-2413-421c-8e65-2cdb10067440/datanode-2/data/ratis] (custom)
2019-10-25 05:40:12,082 [main] INFO  hdfs.DFSUtil (DFSUtil.java:httpServerTemplateForNNAndJN(1641)) - Starting Web-server for hddsDatanode at: http://0.0.0.0:0
2019-10-25 05:40:12,083 [main] INFO  server.AuthenticationFilter (AuthenticationFilter.java:constructSecretProvider(240)) - Unable to initialize FileSignerSecretProvider, falling back to use random secrets.
2019-10-25 05:40:12,084 [main] WARN  http.HttpRequestLog (HttpRequestLog.java:getRequestLog(97)) - Jetty request log can only be enabled using Log4j
2019-10-25 05:40:12,085 [main] INFO  http.HttpServer2 (HttpServer2.java:addGlobalFilter(975)) - Added global filter 'safety' (class=org.apache.hadoop.http.HttpServer2$QuotingInputFilter)
2019-10-25 05:40:12,086 [main] INFO  http.HttpServer2 (HttpServer2.java:addFilter(948)) - Added filter static_user_filter (class=org.apache.hadoop.http.lib.StaticUserWebFilter$StaticUserFilter) to context hddsDatanode
2019-10-25 05:40:12,086 [main] INFO  http.HttpServer2 (HttpServer2.java:addFilter(958)) - Added filter static_user_filter (class=org.apache.hadoop.http.lib.StaticUserWebFilter$StaticUserFilter) to context static
2019-10-25 05:40:12,086 [main] INFO  http.HttpServer2 (HttpServer2.java:addFilter(958)) - Added filter static_user_filter (class=org.apache.hadoop.http.lib.StaticUserWebFilter$StaticUserFilter) to context logs
2019-10-25 05:40:12,087 [main] INFO  http.HttpServer2 (HttpServer2.java:bindListener(1191)) - Jetty bound to port 33472
2019-10-25 05:40:12,087 [main] INFO  server.Server (Server.java:doStart(351)) - jetty-9.3.25.v20180904, build timestamp: 2018-09-04T21:11:46Z, git hash: 3ce520221d0240229c862b122d2b06c12a625732
2019-10-25 05:40:12,090 [main] INFO  handler.ContextHandler (ContextHandler.java:doStart(781)) - Started o.e.j.s.ServletContextHandler@e5cbff2{/logs,file:///workdir/hadoop-ozone/integration-test/target/log,AVAILABLE}
2019-10-25 05:40:12,090 [main] INFO  handler.ContextHandler (ContextHandler.java:doStart(781)) - Started o.e.j.s.ServletContextHandler@4fc3c165{/static,jar:file:/home/user/.m2/repository/org/apache/hadoop/hadoop-hdds-container-service/0.5.0-SNAPSHOT/hadoop-hdds-container-service-0.5.0-SNAPSHOT.jar!/webapps/static,AVAILABLE}
2019-10-25 05:40:12,118 [main] INFO  handler.ContextHandler (ContextHandler.java:doStart(781)) - Started o.e.j.w.WebAppContext@70228253{/,file:///tmp/jetty-0.0.0.0-33472-hddsDatanode-_-any-1000626008183930706.dir/webapp/,AVAILABLE}{/hddsDatanode}
2019-10-25 05:40:12,119 [main] INFO  server.AbstractConnector (AbstractConnector.java:doStart(278)) - Started ServerConnector@63c12e52{HTTP/1.1,[http/1.1]}{0.0.0.0:33472}
2019-10-25 05:40:12,119 [main] INFO  server.Server (Server.java:doStart(419)) - Started @4330ms
2019-10-25 05:40:12,120 [main] WARN  impl.MetricsSystemImpl (MetricsSystemImpl.java:register(276)) - Sink prometheus already exists!
2019-10-25 05:40:12,121 [main] INFO  server.BaseHttpServer (BaseHttpServer.java:updateConnectorAddress(215)) - HTTP server of HDDSDATANODE is listening at http://0.0.0.0:33472
2019-10-25 05:40:12,121 [main] INFO  ozone.MiniOzoneClusterImpl (MiniOzoneClusterImpl.java:lambda$waitForClusterToBeReady$0(147)) - Waiting for cluster to be ready. Got 0 of 3 DN Heartbeats.
2019-10-25 05:40:12,122 [org.apache.hadoop.util.JvmPauseMonitor$Monitor@3551dcf5] INFO  util.JvmPauseMonitor (JvmPauseMonitor.java:run(188)) - Starting JVM pause monitor
2019-10-25 05:40:12,124 [Datanode State Machine Thread - 0] INFO  datanode.InitDatanodeState (InitDatanodeState.java:persistContainerDatanodeDetails(140)) - DatanodeDetails is persisted to /workdir/hadoop-ozone/integration-test/target/test-dir/MiniOzoneClusterImpl-930516e5-2413-421c-8e65-2cdb10067440/datanode-2/meta/datanode.id
2019-10-25 05:40:13,122 [main] INFO  ozone.MiniOzoneClusterImpl (MiniOzoneClusterImpl.java:lambda$waitForClusterToBeReady$0(147)) - Waiting for cluster to be ready. Got 0 of 3 DN Heartbeats.
2019-10-25 05:40:14,049 [Datanode State Machine Thread - 0] INFO  ozoneimpl.OzoneContainer (OzoneContainer.java:start(213)) - Attempting to start container services.
2019-10-25 05:40:14,051 [Datanode State Machine Thread - 0] INFO  ozoneimpl.OzoneContainer (OzoneContainer.java:startContainerScrub(177)) - Background container scanner has been disabled.
2019-10-25 05:40:14,051 [Datanode State Machine Thread - 0] INFO  ratis.XceiverServerRatis (XceiverServerRatis.java:start(418)) - Starting XceiverServerRatis 35510205-702a-42b0-9e73-ae326acfc6fe at port 0
2019-10-25 05:40:14,068 [Datanode State Machine Thread - 0] INFO  impl.RaftServerProxy (RaftServerProxy.java:lambda$start$3(299)) - 35510205-702a-42b0-9e73-ae326acfc6fe: start RPC server
2019-10-25 05:40:14,073 [Datanode State Machine Thread - 0] INFO  ozoneimpl.OzoneContainer (OzoneContainer.java:start(213)) - Attempting to start container services.
2019-10-25 05:40:14,076 [Datanode State Machine Thread - 0] INFO  ozoneimpl.OzoneContainer (OzoneContainer.java:startContainerScrub(177)) - Background container scanner has been disabled.
2019-10-25 05:40:14,076 [Datanode State Machine Thread - 0] INFO  ratis.XceiverServerRatis (XceiverServerRatis.java:start(418)) - Starting XceiverServerRatis 07cbec61-e91b-416e-becf-32794c7f01be at port 0
2019-10-25 05:40:14,083 [Datanode State Machine Thread - 0] INFO  impl.RaftServerProxy (RaftServerProxy.java:lambda$start$3(299)) - 07cbec61-e91b-416e-becf-32794c7f01be: start RPC server
2019-10-25 05:40:14,122 [main] INFO  ozone.MiniOzoneClusterImpl (MiniOzoneClusterImpl.java:lambda$waitForClusterToBeReady$0(147)) - Waiting for cluster to be ready. Got 0 of 3 DN Heartbeats.
2019-10-25 05:40:14,132 [Datanode State Machine Thread - 0] INFO  ozoneimpl.OzoneContainer (OzoneContainer.java:start(213)) - Attempting to start container services.
2019-10-25 05:40:14,133 [Datanode State Machine Thread - 0] INFO  ozoneimpl.OzoneContainer (OzoneContainer.java:startContainerScrub(177)) - Background container scanner has been disabled.
2019-10-25 05:40:14,133 [Datanode State Machine Thread - 0] INFO  ratis.XceiverServerRatis (XceiverServerRatis.java:start(418)) - Starting XceiverServerRatis 61d80c3a-7652-449d-b68e-5fa718f84473 at port 0
2019-10-25 05:40:14,142 [Datanode State Machine Thread - 0] INFO  impl.RaftServerProxy (RaftServerProxy.java:lambda$start$3(299)) - 61d80c3a-7652-449d-b68e-5fa718f84473: start RPC server
2019-10-25 05:40:14,183 [Datanode State Machine Thread - 0] INFO  server.GrpcService (GrpcService.java:startImpl(158)) - 07cbec61-e91b-416e-becf-32794c7f01be: GrpcService started, listening on 0.0.0.0/0.0.0.0:42361
2019-10-25 05:40:14,183 [Datanode State Machine Thread - 0] INFO  server.GrpcService (GrpcService.java:startImpl(158)) - 35510205-702a-42b0-9e73-ae326acfc6fe: GrpcService started, listening on 0.0.0.0/0.0.0.0:43594
2019-10-25 05:40:14,183 [Datanode State Machine Thread - 0] INFO  server.GrpcService (GrpcService.java:startImpl(158)) - 61d80c3a-7652-449d-b68e-5fa718f84473: GrpcService started, listening on 0.0.0.0/0.0.0.0:45627
2019-10-25 05:40:14,184 [Datanode State Machine Thread - 0] INFO  ratis.XceiverServerRatis (XceiverServerRatis.java:start(428)) - XceiverServerRatis 35510205-702a-42b0-9e73-ae326acfc6fe is started using port 43594
2019-10-25 05:40:14,184 [Datanode State Machine Thread - 0] INFO  ratis.XceiverServerRatis (XceiverServerRatis.java:start(428)) - XceiverServerRatis 07cbec61-e91b-416e-becf-32794c7f01be is started using port 42361
2019-10-25 05:40:14,184 [Datanode State Machine Thread - 0] INFO  ratis.XceiverServerRatis (XceiverServerRatis.java:start(428)) - XceiverServerRatis 61d80c3a-7652-449d-b68e-5fa718f84473 is started using port 45627
2019-10-25 05:40:14,187 [Datanode State Machine Thread - 0] INFO  server.XceiverServerGrpc (XceiverServerGrpc.java:start(149)) - XceiverServerGrpc 07cbec61-e91b-416e-becf-32794c7f01be is started using port 43259
2019-10-25 05:40:14,187 [Datanode State Machine Thread - 0] INFO  server.XceiverServerGrpc (XceiverServerGrpc.java:start(149)) - XceiverServerGrpc 61d80c3a-7652-449d-b68e-5fa718f84473 is started using port 42749
2019-10-25 05:40:14,187 [Datanode State Machine Thread - 0] INFO  server.XceiverServerGrpc (XceiverServerGrpc.java:start(149)) - XceiverServerGrpc 35510205-702a-42b0-9e73-ae326acfc6fe is started using port 37269
2019-10-25 05:40:15,123 [main] INFO  ozone.MiniOzoneClusterImpl (MiniOzoneClusterImpl.java:lambda$waitForClusterToBeReady$0(147)) - Waiting for cluster to be ready. Got 0 of 3 DN Heartbeats.
2019-10-25 05:40:16,016 [IPC Server handler 0 on 42958] INFO  net.NetworkTopology (NetworkTopologyImpl.java:add(111)) - Added a new node: /default-rack/35510205-702a-42b0-9e73-ae326acfc6fe
2019-10-25 05:40:16,017 [IPC Server handler 0 on 42958] INFO  node.SCMNodeManager (SCMNodeManager.java:register(268)) - Registered Data node : 35510205-702a-42b0-9e73-ae326acfc6fe{ip: 192.168.157.195, host: pr-hdds-1701-sv9gv-972070529, networkLocation: /default-rack, certSerialId: null}
2019-10-25 05:40:16,019 [EventQueue-NodeRegistrationContainerReportForDataNodeSafeModeRule] INFO  safemode.SCMSafeModeManager (DataNodeSafeModeRule.java:process(71)) - SCM in safe mode. 1 DataNodes registered, 1 required.
2019-10-25 05:40:16,019 [EventQueue-NodeRegistrationContainerReportForDataNodeSafeModeRule] INFO  safemode.SCMSafeModeManager (SCMSafeModeManager.java:validateSafeModeExitRules(177)) - ScmSafeModeManager, all rules are successfully validated
2019-10-25 05:40:16,019 [EventQueue-NodeRegistrationContainerReportForDataNodeSafeModeRule] INFO  safemode.SCMSafeModeManager (SCMSafeModeManager.java:exitSafeMode(193)) - SCM exiting safe mode.
2019-10-25 05:40:16,060 [IPC Server handler 1 on 42958] INFO  net.NetworkTopology (NetworkTopologyImpl.java:add(111)) - Added a new node: /default-rack/07cbec61-e91b-416e-becf-32794c7f01be
2019-10-25 05:40:16,060 [IPC Server handler 1 on 42958] INFO  node.SCMNodeManager (SCMNodeManager.java:register(268)) - Registered Data node : 07cbec61-e91b-416e-becf-32794c7f01be{ip: 192.168.157.195, host: pr-hdds-1701-sv9gv-972070529, networkLocation: /default-rack, certSerialId: null}
2019-10-25 05:40:16,123 [main] INFO  ozone.MiniOzoneClusterImpl (MiniOzoneClusterImpl.java:lambda$waitForClusterToBeReady$0(147)) - Waiting for cluster to be ready. Got 2 of 3 DN Heartbeats.
2019-10-25 05:40:16,128 [IPC Server handler 2 on 42958] INFO  net.NetworkTopology (NetworkTopologyImpl.java:add(111)) - Added a new node: /default-rack/61d80c3a-7652-449d-b68e-5fa718f84473
2019-10-25 05:40:16,128 [IPC Server handler 2 on 42958] INFO  node.SCMNodeManager (SCMNodeManager.java:register(268)) - Registered Data node : 61d80c3a-7652-449d-b68e-5fa718f84473{ip: 192.168.157.195, host: pr-hdds-1701-sv9gv-972070529, networkLocation: /default-rack, certSerialId: null}
2019-10-25 05:40:16,401 [grpc-default-executor-0] INFO  impl.RaftServerProxy (RaftServerProxy.java:addNew(89)) - 35510205-702a-42b0-9e73-ae326acfc6fe: addNew group-EC0FC578D71F:[35510205-702a-42b0-9e73-ae326acfc6fe:192.168.157.195:43594] returns group-EC0FC578D71F:java.util.concurrent.CompletableFuture@52fcd847[Not completed]
2019-10-25 05:40:16,409 [pool-27-thread-1] INFO  impl.RaftServerImpl (RaftServerImpl.java:<init>(98)) - 35510205-702a-42b0-9e73-ae326acfc6fe: new RaftServerImpl for group-EC0FC578D71F:[35510205-702a-42b0-9e73-ae326acfc6fe:192.168.157.195:43594] with ContainerStateMachine:uninitialized
2019-10-25 05:40:16,410 [pool-27-thread-1] INFO  server.RaftServerConfigKeys (ConfUtils.java:logGet(43)) - raft.server.rpc.timeout.min = 5s (custom)
2019-10-25 05:40:16,411 [pool-27-thread-1] INFO  server.RaftServerConfigKeys (ConfUtils.java:logGet(43)) - raft.server.rpc.timeout.max = 5200ms (custom)
2019-10-25 05:40:16,411 [pool-27-thread-1] INFO  server.RaftServerConfigKeys (ConfUtils.java:logGet(43)) - raft.server.rpcslowness.timeout = 1000s (custom)
2019-10-25 05:40:16,411 [pool-27-thread-1] INFO  server.RaftServerConfigKeys (ConfUtils.java:logGet(43)) - raft.server.sleep.deviation.threshold = 300 (default)
2019-10-25 05:40:16,412 [pool-27-thread-1] INFO  server.RaftServerConfigKeys (ConfUtils.java:logGet(43)) - raft.server.log.appender.install.snapshot.enabled = false (custom)
2019-10-25 05:40:16,417 [pool-27-thread-1] INFO  impl.RaftServerImpl (ServerState.java:<init>(103)) - 35510205-702a-42b0-9e73-ae326acfc6fe@group-EC0FC578D71F: ConfigurationManager, init=-1: [35510205-702a-42b0-9e73-ae326acfc6fe:192.168.157.195:43594], old=null, confs=<EMPTY_MAP>
2019-10-25 05:40:16,418 [pool-27-thread-1] INFO  server.RaftServerConfigKeys (ConfUtils.java:logGet(43)) - raft.server.storage.dir = [/workdir/hadoop-ozone/integration-test/target/test-dir/MiniOzoneClusterImpl-930516e5-2413-421c-8e65-2cdb10067440/datanode-0/data/ratis] (custom)
2019-10-25 05:40:16,422 [pool-27-thread-1] INFO  server.RaftServerConfigKeys (ConfUtils.java:logGet(43)) - raft.server.log.corruption.policy = EXCEPTION (default)
2019-10-25 05:40:16,424 [pool-27-thread-1] INFO  storage.RaftStorageDirectory (RaftStorageDirectory.java:analyzeStorage(246)) - The storage directory /workdir/hadoop-ozone/integration-test/target/test-dir/MiniOzoneClusterImpl-930516e5-2413-421c-8e65-2cdb10067440/datanode-0/data/ratis/35b197a9-6a18-4285-adbf-ec0fc578d71f does not exist. Creating ...
2019-10-25 05:40:16,431 [pool-27-thread-1] INFO  storage.RaftStorageDirectory (RaftStorageDirectory.java:tryLock(328)) - Lock on /workdir/hadoop-ozone/integration-test/target/test-dir/MiniOzoneClusterImpl-930516e5-2413-421c-8e65-2cdb10067440/datanode-0/data/ratis/35b197a9-6a18-4285-adbf-ec0fc578d71f/in_use.lock acquired by nodename 2454@pr-hdds-1701-sv9gv-972070529
2019-10-25 05:40:16,445 [pool-27-thread-1] INFO  storage.RaftStorage (RaftStorage.java:format(84)) - Storage directory /workdir/hadoop-ozone/integration-test/target/test-dir/MiniOzoneClusterImpl-930516e5-2413-421c-8e65-2cdb10067440/datanode-0/data/ratis/35b197a9-6a18-4285-adbf-ec0fc578d71f has been successfully formatted.
2019-10-25 05:40:16,446 [pool-27-thread-1] INFO  ratis.ContainerStateMachine (ContainerStateMachine.java:loadSnapshot(231)) - group-EC0FC578D71F: The snapshot info is null. Setting the last applied indexto:(t:0, i:~)
2019-10-25 05:40:16,446 [pool-27-thread-1] INFO  server.RaftServerConfigKeys (ConfUtils.java:logGet(43)) - raft.server.notification.no-leader.timeout = 1000s (custom)
2019-10-25 05:40:16,448 [pool-27-thread-1] INFO  server.RaftServerConfigKeys (ConfUtils.java:logGet(43)) - raft.server.log.use.memory = false (default)
2019-10-25 05:40:16,452 [pool-27-thread-1] INFO  server.RaftServerConfigKeys (ConfUtils.java:logGet(43)) - raft.server.log.purge.gap = 1000000 (custom)
2019-10-25 05:40:16,452 [pool-27-thread-1] INFO  server.RaftServerConfigKeys (ConfUtils.java:logGet(43)) - raft.server.log.appender.buffer.byte-limit = 33554432 (custom)
2019-10-25 05:40:16,454 [pool-27-thread-1] INFO  server.RaftServerConfigKeys (ConfUtils.java:logGet(43)) - raft.server.log.segment.size.max = 1048576 (custom)
2019-10-25 05:40:16,457 [pool-27-thread-1] INFO  metrics.MetricRegistries (MetricRegistriesLoader.java:load(64)) - Loaded MetricRegistries class org.apache.ratis.metrics.impl.MetricRegistriesImpl
2019-10-25 05:40:16,460 [pool-27-thread-1] WARN  impl.MetricRegistriesImpl (MetricRegistriesImpl.java:lambda$create$1(61)) - First MetricRegistry has been created without registering reporters. You may need to call MetricRegistries.global().addReportRegistration(...) before.
2019-10-25 05:40:16,465 [pool-27-thread-1] INFO  server.RaftServerConfigKeys (ConfUtils.java:logGet(43)) - raft.server.log.segment.cache.num.max = 2 (custom)
2019-10-25 05:40:16,469 [pool-27-thread-1] INFO  segmented.SegmentedRaftLogWorker (SegmentedRaftLogWorker.java:<init>(173)) - new 35510205-702a-42b0-9e73-ae326acfc6fe@group-EC0FC578D71F-SegmentedRaftLogWorker for RaftStorage:Storage Directory /workdir/hadoop-ozone/integration-test/target/test-dir/MiniOzoneClusterImpl-930516e5-2413-421c-8e65-2cdb10067440/datanode-0/data/ratis/35b197a9-6a18-4285-adbf-ec0fc578d71f
2019-10-25 05:40:16,470 [pool-27-thread-1] INFO  server.RaftServerConfigKeys (ConfUtils.java:logGet(43)) - raft.server.log.queue.byte-limit = 2147483647 (custom)
2019-10-25 05:40:16,470 [pool-27-thread-1] INFO  server.RaftServerConfigKeys (ConfUtils.java:logGet(43)) - raft.server.log.queue.element-limit = 1024 (custom)
2019-10-25 05:40:16,471 [pool-27-thread-1] INFO  server.RaftServerConfigKeys (ConfUtils.java:logGet(43)) - raft.server.log.segment.size.max = 1048576 (custom)
2019-10-25 05:40:16,472 [pool-27-thread-1] INFO  server.RaftServerConfigKeys (ConfUtils.java:logGet(43)) - raft.server.log.preallocated.size = 16384 (custom)
2019-10-25 05:40:16,472 [pool-27-thread-1] INFO  server.RaftServerConfigKeys (ConfUtils.java:logGet(43)) - raft.server.log.write.buffer.size = 33554432 (custom)
2019-10-25 05:40:16,472 [pool-27-thread-1] INFO  server.RaftServerConfigKeys (ConfUtils.java:logGet(43)) - raft.server.log.force.sync.num = 128 (default)
2019-10-25 05:40:16,473 [pool-27-thread-1] INFO  server.RaftServerConfigKeys (ConfUtils.java:logGet(43)) - raft.server.log.statemachine.data.sync = true (default)
2019-10-25 05:40:16,473 [pool-27-thread-1] INFO  server.RaftServerConfigKeys (ConfUtils.java:logGet(43)) - raft.server.log.statemachine.data.sync.timeout = 10s (default)
2019-10-25 05:40:16,474 [pool-27-thread-1] INFO  server.RaftServerConfigKeys (ConfUtils.java:logGet(43)) - raft.server.log.statemachine.data.sync.timeout.retry = -1 (default)
2019-10-25 05:40:16,482 [pool-27-thread-1] INFO  server.RaftServerConfigKeys (ConfUtils.java:logGet(43)) - raft.server.log.statemachine.data.caching.enabled = true (custom)
2019-10-25 05:40:16,486 [pool-27-thread-1] INFO  segmented.SegmentedRaftLogWorker (SegmentedRaftLogWorker.java:lambda$new$0(128)) - 35510205-702a-42b0-9e73-ae326acfc6fe@group-EC0FC578D71F-SegmentedRaftLogWorker: flushIndex: setUnconditionally 0 -> -1
2019-10-25 05:40:16,489 [pool-27-thread-1] INFO  server.RaftServerConfigKeys (ConfUtils.java:logGet(43)) - raft.server.snapshot.auto.trigger.enabled = true (custom)
2019-10-25 05:40:16,490 [pool-27-thread-1] INFO  server.RaftServerConfigKeys (ConfUtils.java:logGet(43)) - raft.server.snapshot.auto.trigger.threshold = 10000 (custom)
2019-10-25 05:40:16,490 [pool-27-thread-1] INFO  server.RaftServerConfigKeys (ConfUtils.java:logGet(43)) - raft.server.snapshot.retention.file.num = 5 (custom)
2019-10-25 05:40:16,491 [pool-27-thread-1] INFO  server.RaftServerConfigKeys (ConfUtils.java:logGet(43)) - raft.server.retrycache.expirytime = 600000ms (custom)
2019-10-25 05:40:16,508 [pool-27-thread-1] WARN  impl.MetricRegistriesImpl (MetricRegistriesImpl.java:lambda$create$1(61)) - First MetricRegistry has been created without registering reporters. You may need to call MetricRegistries.global().addReportRegistration(...) before.
2019-10-25 05:40:16,509 [pool-27-thread-1] WARN  impl.MetricRegistriesImpl (MetricRegistriesImpl.java:lambda$create$1(61)) - First MetricRegistry has been created without registering reporters. You may need to call MetricRegistries.global().addReportRegistration(...) before.
2019-10-25 05:40:16,511 [pool-27-thread-1] INFO  impl.RaftServerImpl (RaftServerImpl.java:start(184)) - 35510205-702a-42b0-9e73-ae326acfc6fe@group-EC0FC578D71F: start as a follower, conf=-1: [35510205-702a-42b0-9e73-ae326acfc6fe:192.168.157.195:43594], old=null
2019-10-25 05:40:16,512 [pool-27-thread-1] INFO  impl.RaftServerImpl (RaftServerImpl.java:setRole(173)) - 35510205-702a-42b0-9e73-ae326acfc6fe@group-EC0FC578D71F: changes role from      null to FOLLOWER at term 0 for startAsFollower
2019-10-25 05:40:16,513 [pool-27-thread-1] INFO  impl.RoleInfo (RoleInfo.java:updateAndGet(143)) - 35510205-702a-42b0-9e73-ae326acfc6fe: start FollowerState
2019-10-25 05:40:16,514 [pool-27-thread-1] INFO  util.JmxRegister (JmxRegister.java:tryRegister(44)) - Successfully registered JMX Bean with object name Ratis:service=RaftServer,group=group-EC0FC578D71F,id=35510205-702a-42b0-9e73-ae326acfc6fe
2019-10-25 05:40:16,515 [pool-27-thread-1] WARN  impl.MetricRegistriesImpl (MetricRegistriesImpl.java:lambda$create$1(61)) - First MetricRegistry has been created without registering reporters. You may need to call MetricRegistries.global().addReportRegistration(...) before.
2019-10-25 05:40:16,558 [RatisPipelineUtilsThread] INFO  pipeline.PipelineStateManager (PipelineStateManager.java:addPipeline(56)) - Created pipeline Pipeline[ Id: 35b197a9-6a18-4285-adbf-ec0fc578d71f, Nodes: 35510205-702a-42b0-9e73-ae326acfc6fe{ip: 192.168.157.195, host: pr-hdds-1701-sv9gv-972070529, networkLocation: /default-rack, certSerialId: null}, Type:RATIS, Factor:ONE, State:OPEN]
2019-10-25 05:40:16,570 [grpc-default-executor-0] INFO  impl.RaftServerProxy (RaftServerProxy.java:addNew(89)) - 07cbec61-e91b-416e-becf-32794c7f01be: addNew group-E3343B269492:[07cbec61-e91b-416e-becf-32794c7f01be:192.168.157.195:42361] returns group-E3343B269492:java.util.concurrent.CompletableFuture@955c963[Not completed]
2019-10-25 05:40:16,584 [pool-37-thread-1] INFO  impl.RaftServerImpl (RaftServerImpl.java:<init>(98)) - 07cbec61-e91b-416e-becf-32794c7f01be: new RaftServerImpl for group-E3343B269492:[07cbec61-e91b-416e-becf-32794c7f01be:192.168.157.195:42361] with ContainerStateMachine:uninitialized
2019-10-25 05:40:16,585 [pool-37-thread-1] INFO  server.RaftServerConfigKeys (ConfUtils.java:logGet(43)) - raft.server.rpc.timeout.min = 5s (custom)
2019-10-25 05:40:16,585 [pool-37-thread-1] INFO  server.RaftServerConfigKeys (ConfUtils.java:logGet(43)) - raft.server.rpc.timeout.max = 5200ms (custom)
2019-10-25 05:40:16,585 [pool-37-thread-1] INFO  server.RaftServerConfigKeys (ConfUtils.java:logGet(43)) - raft.server.rpcslowness.timeout = 1000s (custom)
2019-10-25 05:40:16,585 [pool-37-thread-1] INFO  server.RaftServerConfigKeys (ConfUtils.java:logGet(43)) - raft.server.sleep.deviation.threshold = 300 (default)
2019-10-25 05:40:16,586 [pool-37-thread-1] INFO  server.RaftServerConfigKeys (ConfUtils.java:logGet(43)) - raft.server.log.appender.install.snapshot.enabled = false (custom)
2019-10-25 05:40:16,586 [pool-37-thread-1] INFO  impl.RaftServerImpl (ServerState.java:<init>(103)) - 07cbec61-e91b-416e-becf-32794c7f01be@group-E3343B269492: ConfigurationManager, init=-1: [07cbec61-e91b-416e-becf-32794c7f01be:192.168.157.195:42361], old=null, confs=<EMPTY_MAP>
2019-10-25 05:40:16,586 [pool-37-thread-1] INFO  server.RaftServerConfigKeys (ConfUtils.java:logGet(43)) - raft.server.storage.dir = [/workdir/hadoop-ozone/integration-test/target/test-dir/MiniOzoneClusterImpl-930516e5-2413-421c-8e65-2cdb10067440/datanode-1/data/ratis] (custom)
2019-10-25 05:40:16,586 [pool-37-thread-1] INFO  server.RaftServerConfigKeys (ConfUtils.java:logGet(43)) - raft.server.log.corruption.policy = EXCEPTION (default)
2019-10-25 05:40:16,586 [pool-37-thread-1] INFO  storage.RaftStorageDirectory (RaftStorageDirectory.java:analyzeStorage(246)) - The storage directory /workdir/hadoop-ozone/integration-test/target/test-dir/MiniOzoneClusterImpl-930516e5-2413-421c-8e65-2cdb10067440/datanode-1/data/ratis/9ff54bc6-4246-4000-b6d7-e3343b269492 does not exist. Creating ...
2019-10-25 05:40:16,606 [pool-37-thread-1] INFO  storage.RaftStorageDirectory (RaftStorageDirectory.java:tryLock(328)) - Lock on /workdir/hadoop-ozone/integration-test/target/test-dir/MiniOzoneClusterImpl-930516e5-2413-421c-8e65-2cdb10067440/datanode-1/data/ratis/9ff54bc6-4246-4000-b6d7-e3343b269492/in_use.lock acquired by nodename 2454@pr-hdds-1701-sv9gv-972070529
2019-10-25 05:40:16,610 [pool-37-thread-1] INFO  storage.RaftStorage (RaftStorage.java:format(84)) - Storage directory /workdir/hadoop-ozone/integration-test/target/test-dir/MiniOzoneClusterImpl-930516e5-2413-421c-8e65-2cdb10067440/datanode-1/data/ratis/9ff54bc6-4246-4000-b6d7-e3343b269492 has been successfully formatted.
2019-10-25 05:40:16,610 [pool-37-thread-1] INFO  ratis.ContainerStateMachine (ContainerStateMachine.java:loadSnapshot(231)) - group-E3343B269492: The snapshot info is null. Setting the last applied indexto:(t:0, i:~)
2019-10-25 05:40:16,611 [pool-37-thread-1] INFO  server.RaftServerConfigKeys (ConfUtils.java:logGet(43)) - raft.server.notification.no-leader.timeout = 1000s (custom)
2019-10-25 05:40:16,611 [pool-37-thread-1] INFO  server.RaftServerConfigKeys (ConfUtils.java:logGet(43)) - raft.server.log.use.memory = false (default)
2019-10-25 05:40:16,611 [pool-37-thread-1] INFO  server.RaftServerConfigKeys (ConfUtils.java:logGet(43)) - raft.server.log.purge.gap = 1000000 (custom)
2019-10-25 05:40:16,612 [pool-37-thread-1] INFO  server.RaftServerConfigKeys (ConfUtils.java:logGet(43)) - raft.server.log.appender.buffer.byte-limit = 33554432 (custom)
2019-10-25 05:40:16,612 [pool-37-thread-1] INFO  server.RaftServerConfigKeys (ConfUtils.java:logGet(43)) - raft.server.log.segment.size.max = 1048576 (custom)
2019-10-25 05:40:16,612 [pool-37-thread-1] WARN  impl.MetricRegistriesImpl (MetricRegistriesImpl.java:lambda$create$1(61)) - First MetricRegistry has been created without registering reporters. You may need to call MetricRegistries.global().addReportRegistration(...) before.
2019-10-25 05:40:16,612 [pool-37-thread-1] INFO  server.RaftServerConfigKeys (ConfUtils.java:logGet(43)) - raft.server.log.segment.cache.num.max = 2 (custom)
2019-10-25 05:40:16,613 [pool-37-thread-1] INFO  segmented.SegmentedRaftLogWorker (SegmentedRaftLogWorker.java:<init>(173)) - new 07cbec61-e91b-416e-becf-32794c7f01be@group-E3343B269492-SegmentedRaftLogWorker for RaftStorage:Storage Directory /workdir/hadoop-ozone/integration-test/target/test-dir/MiniOzoneClusterImpl-930516e5-2413-421c-8e65-2cdb10067440/datanode-1/data/ratis/9ff54bc6-4246-4000-b6d7-e3343b269492
2019-10-25 05:40:16,613 [pool-37-thread-1] INFO  server.RaftServerConfigKeys (ConfUtils.java:logGet(43)) - raft.server.log.queue.byte-limit = 2147483647 (custom)
2019-10-25 05:40:16,613 [pool-37-thread-1] INFO  server.RaftServerConfigKeys (ConfUtils.java:logGet(43)) - raft.server.log.queue.element-limit = 1024 (custom)
2019-10-25 05:40:16,614 [pool-37-thread-1] INFO  server.RaftServerConfigKeys (ConfUtils.java:logGet(43)) - raft.server.log.segment.size.max = 1048576 (custom)
2019-10-25 05:40:16,614 [pool-37-thread-1] INFO  server.RaftServerConfigKeys (ConfUtils.java:logGet(43)) - raft.server.log.preallocated.size = 16384 (custom)
2019-10-25 05:40:16,614 [pool-37-thread-1] INFO  server.RaftServerConfigKeys (ConfUtils.java:logGet(43)) - raft.server.log.write.buffer.size = 33554432 (custom)
2019-10-25 05:40:16,614 [pool-37-thread-1] INFO  server.RaftServerConfigKeys (ConfUtils.java:logGet(43)) - raft.server.log.force.sync.num = 128 (default)
2019-10-25 05:40:16,614 [pool-37-thread-1] INFO  server.RaftServerConfigKeys (ConfUtils.java:logGet(43)) - raft.server.log.statemachine.data.sync = true (default)
2019-10-25 05:40:16,614 [pool-37-thread-1] INFO  server.RaftServerConfigKeys (ConfUtils.java:logGet(43)) - raft.server.log.statemachine.data.sync.timeout = 10s (default)
2019-10-25 05:40:16,615 [pool-37-thread-1] INFO  server.RaftServerConfigKeys (ConfUtils.java:logGet(43)) - raft.server.log.statemachine.data.sync.timeout.retry = -1 (default)
2019-10-25 05:40:16,615 [pool-37-thread-1] INFO  server.RaftServerConfigKeys (ConfUtils.java:logGet(43)) - raft.server.log.statemachine.data.caching.enabled = true (custom)
2019-10-25 05:40:16,615 [pool-37-thread-1] INFO  segmented.SegmentedRaftLogWorker (SegmentedRaftLogWorker.java:lambda$new$0(128)) - 07cbec61-e91b-416e-becf-32794c7f01be@group-E3343B269492-SegmentedRaftLogWorker: flushIndex: setUnconditionally 0 -> -1
2019-10-25 05:40:16,616 [pool-37-thread-1] INFO  server.RaftServerConfigKeys (ConfUtils.java:logGet(43)) - raft.server.snapshot.auto.trigger.enabled = true (custom)
2019-10-25 05:40:16,616 [pool-37-thread-1] INFO  server.RaftServerConfigKeys (ConfUtils.java:logGet(43)) - raft.server.snapshot.auto.trigger.threshold = 10000 (custom)
2019-10-25 05:40:16,616 [pool-37-thread-1] INFO  server.RaftServerConfigKeys (ConfUtils.java:logGet(43)) - raft.server.snapshot.retention.file.num = 5 (custom)
2019-10-25 05:40:16,616 [pool-37-thread-1] INFO  server.RaftServerConfigKeys (ConfUtils.java:logGet(43)) - raft.server.retrycache.expirytime = 600000ms (custom)
2019-10-25 05:40:16,616 [pool-37-thread-1] WARN  impl.MetricRegistriesImpl (MetricRegistriesImpl.java:lambda$create$1(61)) - First MetricRegistry has been created without registering reporters. You may need to call MetricRegistries.global().addReportRegistration(...) before.
2019-10-25 05:40:16,617 [pool-37-thread-1] WARN  impl.MetricRegistriesImpl (MetricRegistriesImpl.java:lambda$create$1(61)) - First MetricRegistry has been created without registering reporters. You may need to call MetricRegistries.global().addReportRegistration(...) before.
2019-10-25 05:40:16,617 [pool-37-thread-1] INFO  impl.RaftServerImpl (RaftServerImpl.java:start(184)) - 07cbec61-e91b-416e-becf-32794c7f01be@group-E3343B269492: start as a follower, conf=-1: [07cbec61-e91b-416e-becf-32794c7f01be:192.168.157.195:42361], old=null
2019-10-25 05:40:16,617 [pool-37-thread-1] INFO  impl.RaftServerImpl (RaftServerImpl.java:setRole(173)) - 07cbec61-e91b-416e-becf-32794c7f01be@group-E3343B269492: changes role from      null to FOLLOWER at term 0 for startAsFollower
2019-10-25 05:40:16,617 [pool-37-thread-1] INFO  impl.RoleInfo (RoleInfo.java:updateAndGet(143)) - 07cbec61-e91b-416e-becf-32794c7f01be: start FollowerState
2019-10-25 05:40:16,618 [pool-37-thread-1] INFO  util.JmxRegister (JmxRegister.java:tryRegister(44)) - Successfully registered JMX Bean with object name Ratis:service=RaftServer,group=group-E3343B269492,id=07cbec61-e91b-416e-becf-32794c7f01be
2019-10-25 05:40:16,618 [pool-37-thread-1] WARN  impl.MetricRegistriesImpl (MetricRegistriesImpl.java:lambda$create$1(61)) - First MetricRegistry has been created without registering reporters. You may need to call MetricRegistries.global().addReportRegistration(...) before.
2019-10-25 05:40:16,627 [RatisPipelineUtilsThread] INFO  pipeline.PipelineStateManager (PipelineStateManager.java:addPipeline(56)) - Created pipeline Pipeline[ Id: 9ff54bc6-4246-4000-b6d7-e3343b269492, Nodes: 07cbec61-e91b-416e-becf-32794c7f01be{ip: 192.168.157.195, host: pr-hdds-1701-sv9gv-972070529, networkLocation: /default-rack, certSerialId: null}, Type:RATIS, Factor:ONE, State:OPEN]
2019-10-25 05:40:16,638 [grpc-default-executor-0] INFO  impl.RaftServerProxy (RaftServerProxy.java:addNew(89)) - 61d80c3a-7652-449d-b68e-5fa718f84473: addNew group-EC94F09EE081:[61d80c3a-7652-449d-b68e-5fa718f84473:192.168.157.195:45627] returns group-EC94F09EE081:java.util.concurrent.CompletableFuture@6b4832ad[Not completed]
2019-10-25 05:40:16,648 [pool-47-thread-1] INFO  impl.RaftServerImpl (RaftServerImpl.java:<init>(98)) - 61d80c3a-7652-449d-b68e-5fa718f84473: new RaftServerImpl for group-EC94F09EE081:[61d80c3a-7652-449d-b68e-5fa718f84473:192.168.157.195:45627] with ContainerStateMachine:uninitialized
2019-10-25 05:40:16,648 [pool-47-thread-1] INFO  server.RaftServerConfigKeys (ConfUtils.java:logGet(43)) - raft.server.rpc.timeout.min = 5s (custom)
2019-10-25 05:40:16,649 [pool-47-thread-1] INFO  server.RaftServerConfigKeys (ConfUtils.java:logGet(43)) - raft.server.rpc.timeout.max = 5200ms (custom)
2019-10-25 05:40:16,649 [pool-47-thread-1] INFO  server.RaftServerConfigKeys (ConfUtils.java:logGet(43)) - raft.server.rpcslowness.timeout = 1000s (custom)
2019-10-25 05:40:16,649 [pool-47-thread-1] INFO  server.RaftServerConfigKeys (ConfUtils.java:logGet(43)) - raft.server.sleep.deviation.threshold = 300 (default)
2019-10-25 05:40:16,649 [pool-47-thread-1] INFO  server.RaftServerConfigKeys (ConfUtils.java:logGet(43)) - raft.server.log.appender.install.snapshot.enabled = false (custom)
2019-10-25 05:40:16,649 [pool-47-thread-1] INFO  impl.RaftServerImpl (ServerState.java:<init>(103)) - 61d80c3a-7652-449d-b68e-5fa718f84473@group-EC94F09EE081: ConfigurationManager, init=-1: [61d80c3a-7652-449d-b68e-5fa718f84473:192.168.157.195:45627], old=null, confs=<EMPTY_MAP>
2019-10-25 05:40:16,649 [pool-47-thread-1] INFO  server.RaftServerConfigKeys (ConfUtils.java:logGet(43)) - raft.server.storage.dir = [/workdir/hadoop-ozone/integration-test/target/test-dir/MiniOzoneClusterImpl-930516e5-2413-421c-8e65-2cdb10067440/datanode-2/data/ratis] (custom)
2019-10-25 05:40:16,649 [pool-47-thread-1] INFO  server.RaftServerConfigKeys (ConfUtils.java:logGet(43)) - raft.server.log.corruption.policy = EXCEPTION (default)
2019-10-25 05:40:16,650 [pool-47-thread-1] INFO  storage.RaftStorageDirectory (RaftStorageDirectory.java:analyzeStorage(246)) - The storage directory /workdir/hadoop-ozone/integration-test/target/test-dir/MiniOzoneClusterImpl-930516e5-2413-421c-8e65-2cdb10067440/datanode-2/data/ratis/0e410644-1565-4e2b-a3e4-ec94f09ee081 does not exist. Creating ...
2019-10-25 05:40:16,664 [pool-47-thread-1] INFO  storage.RaftStorageDirectory (RaftStorageDirectory.java:tryLock(328)) - Lock on /workdir/hadoop-ozone/integration-test/target/test-dir/MiniOzoneClusterImpl-930516e5-2413-421c-8e65-2cdb10067440/datanode-2/data/ratis/0e410644-1565-4e2b-a3e4-ec94f09ee081/in_use.lock acquired by nodename 2454@pr-hdds-1701-sv9gv-972070529
2019-10-25 05:40:16,696 [pool-47-thread-1] INFO  storage.RaftStorage (RaftStorage.java:format(84)) - Storage directory /workdir/hadoop-ozone/integration-test/target/test-dir/MiniOzoneClusterImpl-930516e5-2413-421c-8e65-2cdb10067440/datanode-2/data/ratis/0e410644-1565-4e2b-a3e4-ec94f09ee081 has been successfully formatted.
2019-10-25 05:40:16,697 [pool-47-thread-1] INFO  ratis.ContainerStateMachine (ContainerStateMachine.java:loadSnapshot(231)) - group-EC94F09EE081: The snapshot info is null. Setting the last applied indexto:(t:0, i:~)
2019-10-25 05:40:16,697 [pool-47-thread-1] INFO  server.RaftServerConfigKeys (ConfUtils.java:logGet(43)) - raft.server.notification.no-leader.timeout = 1000s (custom)
2019-10-25 05:40:16,697 [pool-47-thread-1] INFO  server.RaftServerConfigKeys (ConfUtils.java:logGet(43)) - raft.server.log.use.memory = false (default)
2019-10-25 05:40:16,697 [pool-47-thread-1] INFO  server.RaftServerConfigKeys (ConfUtils.java:logGet(43)) - raft.server.log.purge.gap = 1000000 (custom)
2019-10-25 05:40:16,697 [pool-47-thread-1] INFO  server.RaftServerConfigKeys (ConfUtils.java:logGet(43)) - raft.server.log.appender.buffer.byte-limit = 33554432 (custom)
2019-10-25 05:40:16,697 [pool-47-thread-1] INFO  server.RaftServerConfigKeys (ConfUtils.java:logGet(43)) - raft.server.log.segment.size.max = 1048576 (custom)
2019-10-25 05:40:16,697 [pool-47-thread-1] WARN  impl.MetricRegistriesImpl (MetricRegistriesImpl.java:lambda$create$1(61)) - First MetricRegistry has been created without registering reporters. You may need to call MetricRegistries.global().addReportRegistration(...) before.
2019-10-25 05:40:16,698 [pool-47-thread-1] INFO  server.RaftServerConfigKeys (ConfUtils.java:logGet(43)) - raft.server.log.segment.cache.num.max = 2 (custom)
2019-10-25 05:40:16,698 [pool-47-thread-1] INFO  segmented.SegmentedRaftLogWorker (SegmentedRaftLogWorker.java:<init>(173)) - new 61d80c3a-7652-449d-b68e-5fa718f84473@group-EC94F09EE081-SegmentedRaftLogWorker for RaftStorage:Storage Directory /workdir/hadoop-ozone/integration-test/target/test-dir/MiniOzoneClusterImpl-930516e5-2413-421c-8e65-2cdb10067440/datanode-2/data/ratis/0e410644-1565-4e2b-a3e4-ec94f09ee081
2019-10-25 05:40:16,698 [pool-47-thread-1] INFO  server.RaftServerConfigKeys (ConfUtils.java:logGet(43)) - raft.server.log.queue.byte-limit = 2147483647 (custom)
2019-10-25 05:40:16,698 [pool-47-thread-1] INFO  server.RaftServerConfigKeys (ConfUtils.java:logGet(43)) - raft.server.log.queue.element-limit = 1024 (custom)
2019-10-25 05:40:16,698 [pool-47-thread-1] INFO  server.RaftServerConfigKeys (ConfUtils.java:logGet(43)) - raft.server.log.segment.size.max = 1048576 (custom)
2019-10-25 05:40:16,698 [pool-47-thread-1] INFO  server.RaftServerConfigKeys (ConfUtils.java:logGet(43)) - raft.server.log.preallocated.size = 16384 (custom)
2019-10-25 05:40:16,698 [pool-47-thread-1] INFO  server.RaftServerConfigKeys (ConfUtils.java:logGet(43)) - raft.server.log.write.buffer.size = 33554432 (custom)
2019-10-25 05:40:16,699 [pool-47-thread-1] INFO  server.RaftServerConfigKeys (ConfUtils.java:logGet(43)) - raft.server.log.force.sync.num = 128 (default)
2019-10-25 05:40:16,699 [pool-47-thread-1] INFO  server.RaftServerConfigKeys (ConfUtils.java:logGet(43)) - raft.server.log.statemachine.data.sync = true (default)
2019-10-25 05:40:16,699 [pool-47-thread-1] INFO  server.RaftServerConfigKeys (ConfUtils.java:logGet(43)) - raft.server.log.statemachine.data.sync.timeout = 10s (default)
2019-10-25 05:40:16,699 [pool-47-thread-1] INFO  server.RaftServerConfigKeys (ConfUtils.java:logGet(43)) - raft.server.log.statemachine.data.sync.timeout.retry = -1 (default)
2019-10-25 05:40:16,699 [pool-47-thread-1] INFO  server.RaftServerConfigKeys (ConfUtils.java:logGet(43)) - raft.server.log.statemachine.data.caching.enabled = true (custom)
2019-10-25 05:40:16,699 [pool-47-thread-1] INFO  segmented.SegmentedRaftLogWorker (SegmentedRaftLogWorker.java:lambda$new$0(128)) - 61d80c3a-7652-449d-b68e-5fa718f84473@group-EC94F09EE081-SegmentedRaftLogWorker: flushIndex: setUnconditionally 0 -> -1
2019-10-25 05:40:16,700 [pool-47-thread-1] INFO  server.RaftServerConfigKeys (ConfUtils.java:logGet(43)) - raft.server.snapshot.auto.trigger.enabled = true (custom)
2019-10-25 05:40:16,700 [pool-47-thread-1] INFO  server.RaftServerConfigKeys (ConfUtils.java:logGet(43)) - raft.server.snapshot.auto.trigger.threshold = 10000 (custom)
2019-10-25 05:40:16,700 [pool-47-thread-1] INFO  server.RaftServerConfigKeys (ConfUtils.java:logGet(43)) - raft.server.snapshot.retention.file.num = 5 (custom)
2019-10-25 05:40:16,700 [pool-47-thread-1] INFO  server.RaftServerConfigKeys (ConfUtils.java:logGet(43)) - raft.server.retrycache.expirytime = 600000ms (custom)
2019-10-25 05:40:16,700 [pool-47-thread-1] WARN  impl.MetricRegistriesImpl (MetricRegistriesImpl.java:lambda$create$1(61)) - First MetricRegistry has been created without registering reporters. You may need to call MetricRegistries.global().addReportRegistration(...) before.
2019-10-25 05:40:16,701 [pool-47-thread-1] WARN  impl.MetricRegistriesImpl (MetricRegistriesImpl.java:lambda$create$1(61)) - First MetricRegistry has been created without registering reporters. You may need to call MetricRegistries.global().addReportRegistration(...) before.
2019-10-25 05:40:16,701 [pool-47-thread-1] INFO  impl.RaftServerImpl (RaftServerImpl.java:start(184)) - 61d80c3a-7652-449d-b68e-5fa718f84473@group-EC94F09EE081: start as a follower, conf=-1: [61d80c3a-7652-449d-b68e-5fa718f84473:192.168.157.195:45627], old=null
2019-10-25 05:40:16,701 [pool-47-thread-1] INFO  impl.RaftServerImpl (RaftServerImpl.java:setRole(173)) - 61d80c3a-7652-449d-b68e-5fa718f84473@group-EC94F09EE081: changes role from      null to FOLLOWER at term 0 for startAsFollower
2019-10-25 05:40:16,701 [pool-47-thread-1] INFO  impl.RoleInfo (RoleInfo.java:updateAndGet(143)) - 61d80c3a-7652-449d-b68e-5fa718f84473: start FollowerState
2019-10-25 05:40:16,701 [pool-47-thread-1] INFO  util.JmxRegister (JmxRegister.java:tryRegister(44)) - Successfully registered JMX Bean with object name Ratis:service=RaftServer,group=group-EC94F09EE081,id=61d80c3a-7652-449d-b68e-5fa718f84473
2019-10-25 05:40:16,702 [pool-47-thread-1] WARN  impl.MetricRegistriesImpl (MetricRegistriesImpl.java:lambda$create$1(61)) - First MetricRegistry has been created without registering reporters. You may need to call MetricRegistries.global().addReportRegistration(...) before.
2019-10-25 05:40:16,708 [RatisPipelineUtilsThread] INFO  pipeline.PipelineStateManager (PipelineStateManager.java:addPipeline(56)) - Created pipeline Pipeline[ Id: 0e410644-1565-4e2b-a3e4-ec94f09ee081, Nodes: 61d80c3a-7652-449d-b68e-5fa718f84473{ip: 192.168.157.195, host: pr-hdds-1701-sv9gv-972070529, networkLocation: /default-rack, certSerialId: null}, Type:RATIS, Factor:ONE, State:OPEN]
2019-10-25 05:40:16,726 [grpc-default-executor-1] INFO  impl.RaftServerProxy (RaftServerProxy.java:addNew(89)) - 61d80c3a-7652-449d-b68e-5fa718f84473: addNew group-E436C85FAD58:[61d80c3a-7652-449d-b68e-5fa718f84473:192.168.157.195:45627, 07cbec61-e91b-416e-becf-32794c7f01be:192.168.157.195:42361, 35510205-702a-42b0-9e73-ae326acfc6fe:192.168.157.195:43594] returns group-E436C85FAD58:java.util.concurrent.CompletableFuture@5354f6d2[Not completed]
2019-10-25 05:40:16,726 [grpc-default-executor-2] INFO  impl.RaftServerProxy (RaftServerProxy.java:addNew(89)) - 35510205-702a-42b0-9e73-ae326acfc6fe: addNew group-E436C85FAD58:[61d80c3a-7652-449d-b68e-5fa718f84473:192.168.157.195:45627, 07cbec61-e91b-416e-becf-32794c7f01be:192.168.157.195:42361, 35510205-702a-42b0-9e73-ae326acfc6fe:192.168.157.195:43594] returns group-E436C85FAD58:java.util.concurrent.CompletableFuture@3d28ce3[Not completed]
2019-10-25 05:40:16,726 [grpc-default-executor-0] INFO  impl.RaftServerProxy (RaftServerProxy.java:addNew(89)) - 07cbec61-e91b-416e-becf-32794c7f01be: addNew group-E436C85FAD58:[61d80c3a-7652-449d-b68e-5fa718f84473:192.168.157.195:45627, 07cbec61-e91b-416e-becf-32794c7f01be:192.168.157.195:42361, 35510205-702a-42b0-9e73-ae326acfc6fe:192.168.157.195:43594] returns group-E436C85FAD58:java.util.concurrent.CompletableFuture@6ba3a0[Not completed]
2019-10-25 05:40:16,727 [pool-47-thread-1] INFO  impl.RaftServerImpl (RaftServerImpl.java:<init>(98)) - 61d80c3a-7652-449d-b68e-5fa718f84473: new RaftServerImpl for group-E436C85FAD58:[61d80c3a-7652-449d-b68e-5fa718f84473:192.168.157.195:45627, 07cbec61-e91b-416e-becf-32794c7f01be:192.168.157.195:42361, 35510205-702a-42b0-9e73-ae326acfc6fe:192.168.157.195:43594] with ContainerStateMachine:uninitialized
2019-10-25 05:40:16,727 [pool-47-thread-1] INFO  server.RaftServerConfigKeys (ConfUtils.java:logGet(43)) - raft.server.rpc.timeout.min = 5s (custom)
2019-10-25 05:40:16,727 [pool-47-thread-1] INFO  server.RaftServerConfigKeys (ConfUtils.java:logGet(43)) - raft.server.rpc.timeout.max = 5200ms (custom)
2019-10-25 05:40:16,727 [pool-47-thread-1] INFO  server.RaftServerConfigKeys (ConfUtils.java:logGet(43)) - raft.server.rpcslowness.timeout = 1000s (custom)
2019-10-25 05:40:16,727 [pool-47-thread-1] INFO  server.RaftServerConfigKeys (ConfUtils.java:logGet(43)) - raft.server.sleep.deviation.threshold = 300 (default)
2019-10-25 05:40:16,727 [pool-47-thread-1] INFO  server.RaftServerConfigKeys (ConfUtils.java:logGet(43)) - raft.server.log.appender.install.snapshot.enabled = false (custom)
2019-10-25 05:40:16,728 [pool-47-thread-1] INFO  impl.RaftServerImpl (ServerState.java:<init>(103)) - 61d80c3a-7652-449d-b68e-5fa718f84473@group-E436C85FAD58: ConfigurationManager, init=-1: [61d80c3a-7652-449d-b68e-5fa718f84473:192.168.157.195:45627, 07cbec61-e91b-416e-becf-32794c7f01be:192.168.157.195:42361, 35510205-702a-42b0-9e73-ae326acfc6fe:192.168.157.195:43594], old=null, confs=<EMPTY_MAP>
2019-10-25 05:40:16,728 [pool-37-thread-1] INFO  impl.RaftServerImpl (RaftServerImpl.java:<init>(98)) - 07cbec61-e91b-416e-becf-32794c7f01be: new RaftServerImpl for group-E436C85FAD58:[61d80c3a-7652-449d-b68e-5fa718f84473:192.168.157.195:45627, 07cbec61-e91b-416e-becf-32794c7f01be:192.168.157.195:42361, 35510205-702a-42b0-9e73-ae326acfc6fe:192.168.157.195:43594] with ContainerStateMachine:uninitialized
2019-10-25 05:40:16,728 [pool-47-thread-1] INFO  server.RaftServerConfigKeys (ConfUtils.java:logGet(43)) - raft.server.storage.dir = [/workdir/hadoop-ozone/integration-test/target/test-dir/MiniOzoneClusterImpl-930516e5-2413-421c-8e65-2cdb10067440/datanode-2/data/ratis] (custom)
2019-10-25 05:40:16,728 [pool-37-thread-1] INFO  server.RaftServerConfigKeys (ConfUtils.java:logGet(43)) - raft.server.rpc.timeout.min = 5s (custom)
2019-10-25 05:40:16,728 [pool-37-thread-1] INFO  server.RaftServerConfigKeys (ConfUtils.java:logGet(43)) - raft.server.rpc.timeout.max = 5200ms (custom)
2019-10-25 05:40:16,728 [pool-47-thread-1] INFO  server.RaftServerConfigKeys (ConfUtils.java:logGet(43)) - raft.server.log.corruption.policy = EXCEPTION (default)
2019-10-25 05:40:16,728 [pool-37-thread-1] INFO  server.RaftServerConfigKeys (ConfUtils.java:logGet(43)) - raft.server.rpcslowness.timeout = 1000s (custom)
2019-10-25 05:40:16,728 [pool-47-thread-1] INFO  storage.RaftStorageDirectory (RaftStorageDirectory.java:analyzeStorage(246)) - The storage directory /workdir/hadoop-ozone/integration-test/target/test-dir/MiniOzoneClusterImpl-930516e5-2413-421c-8e65-2cdb10067440/datanode-2/data/ratis/c5632910-c548-43bf-b295-e436c85fad58 does not exist. Creating ...
2019-10-25 05:40:16,728 [pool-37-thread-1] INFO  server.RaftServerConfigKeys (ConfUtils.java:logGet(43)) - raft.server.sleep.deviation.threshold = 300 (default)
2019-10-25 05:40:16,729 [pool-37-thread-1] INFO  server.RaftServerConfigKeys (ConfUtils.java:logGet(43)) - raft.server.log.appender.install.snapshot.enabled = false (custom)
2019-10-25 05:40:16,729 [pool-27-thread-1] INFO  impl.RaftServerImpl (RaftServerImpl.java:<init>(98)) - 35510205-702a-42b0-9e73-ae326acfc6fe: new RaftServerImpl for group-E436C85FAD58:[61d80c3a-7652-449d-b68e-5fa718f84473:192.168.157.195:45627, 07cbec61-e91b-416e-becf-32794c7f01be:192.168.157.195:42361, 35510205-702a-42b0-9e73-ae326acfc6fe:192.168.157.195:43594] with ContainerStateMachine:uninitialized
2019-10-25 05:40:16,729 [pool-37-thread-1] INFO  impl.RaftServerImpl (ServerState.java:<init>(103)) - 07cbec61-e91b-416e-becf-32794c7f01be@group-E436C85FAD58: ConfigurationManager, init=-1: [61d80c3a-7652-449d-b68e-5fa718f84473:192.168.157.195:45627, 07cbec61-e91b-416e-becf-32794c7f01be:192.168.157.195:42361, 35510205-702a-42b0-9e73-ae326acfc6fe:192.168.157.195:43594], old=null, confs=<EMPTY_MAP>
2019-10-25 05:40:16,729 [pool-27-thread-1] INFO  server.RaftServerConfigKeys (ConfUtils.java:logGet(43)) - raft.server.rpc.timeout.min = 5s (custom)
2019-10-25 05:40:16,729 [pool-37-thread-1] INFO  server.RaftServerConfigKeys (ConfUtils.java:logGet(43)) - raft.server.storage.dir = [/workdir/hadoop-ozone/integration-test/target/test-dir/MiniOzoneClusterImpl-930516e5-2413-421c-8e65-2cdb10067440/datanode-1/data/ratis] (custom)
2019-10-25 05:40:16,729 [pool-27-thread-1] INFO  server.RaftServerConfigKeys (ConfUtils.java:logGet(43)) - raft.server.rpc.timeout.max = 5200ms (custom)
2019-10-25 05:40:16,729 [pool-37-thread-1] INFO  server.RaftServerConfigKeys (ConfUtils.java:logGet(43)) - raft.server.log.corruption.policy = EXCEPTION (default)
2019-10-25 05:40:16,729 [pool-27-thread-1] INFO  server.RaftServerConfigKeys (ConfUtils.java:logGet(43)) - raft.server.rpcslowness.timeout = 1000s (custom)
2019-10-25 05:40:16,730 [pool-37-thread-1] INFO  storage.RaftStorageDirectory (RaftStorageDirectory.java:analyzeStorage(246)) - The storage directory /workdir/hadoop-ozone/integration-test/target/test-dir/MiniOzoneClusterImpl-930516e5-2413-421c-8e65-2cdb10067440/datanode-1/data/ratis/c5632910-c548-43bf-b295-e436c85fad58 does not exist. Creating ...
2019-10-25 05:40:16,730 [pool-27-thread-1] INFO  server.RaftServerConfigKeys (ConfUtils.java:logGet(43)) - raft.server.sleep.deviation.threshold = 300 (default)
2019-10-25 05:40:16,730 [pool-27-thread-1] INFO  server.RaftServerConfigKeys (ConfUtils.java:logGet(43)) - raft.server.log.appender.install.snapshot.enabled = false (custom)
2019-10-25 05:40:16,730 [pool-27-thread-1] INFO  impl.RaftServerImpl (ServerState.java:<init>(103)) - 35510205-702a-42b0-9e73-ae326acfc6fe@group-E436C85FAD58: ConfigurationManager, init=-1: [61d80c3a-7652-449d-b68e-5fa718f84473:192.168.157.195:45627, 07cbec61-e91b-416e-becf-32794c7f01be:192.168.157.195:42361, 35510205-702a-42b0-9e73-ae326acfc6fe:192.168.157.195:43594], old=null, confs=<EMPTY_MAP>
2019-10-25 05:40:16,730 [pool-27-thread-1] INFO  server.RaftServerConfigKeys (ConfUtils.java:logGet(43)) - raft.server.storage.dir = [/workdir/hadoop-ozone/integration-test/target/test-dir/MiniOzoneClusterImpl-930516e5-2413-421c-8e65-2cdb10067440/datanode-0/data/ratis] (custom)
2019-10-25 05:40:16,730 [pool-27-thread-1] INFO  server.RaftServerConfigKeys (ConfUtils.java:logGet(43)) - raft.server.log.corruption.policy = EXCEPTION (default)
2019-10-25 05:40:16,731 [pool-27-thread-1] INFO  storage.RaftStorageDirectory (RaftStorageDirectory.java:analyzeStorage(246)) - The storage directory /workdir/hadoop-ozone/integration-test/target/test-dir/MiniOzoneClusterImpl-930516e5-2413-421c-8e65-2cdb10067440/datanode-0/data/ratis/c5632910-c548-43bf-b295-e436c85fad58 does not exist. Creating ...
2019-10-25 05:40:16,734 [pool-47-thread-1] INFO  storage.RaftStorageDirectory (RaftStorageDirectory.java:tryLock(328)) - Lock on /workdir/hadoop-ozone/integration-test/target/test-dir/MiniOzoneClusterImpl-930516e5-2413-421c-8e65-2cdb10067440/datanode-2/data/ratis/c5632910-c548-43bf-b295-e436c85fad58/in_use.lock acquired by nodename 2454@pr-hdds-1701-sv9gv-972070529
2019-10-25 05:40:16,734 [pool-37-thread-1] INFO  storage.RaftStorageDirectory (RaftStorageDirectory.java:tryLock(328)) - Lock on /workdir/hadoop-ozone/integration-test/target/test-dir/MiniOzoneClusterImpl-930516e5-2413-421c-8e65-2cdb10067440/datanode-1/data/ratis/c5632910-c548-43bf-b295-e436c85fad58/in_use.lock acquired by nodename 2454@pr-hdds-1701-sv9gv-972070529
2019-10-25 05:40:16,734 [pool-27-thread-1] INFO  storage.RaftStorageDirectory (RaftStorageDirectory.java:tryLock(328)) - Lock on /workdir/hadoop-ozone/integration-test/target/test-dir/MiniOzoneClusterImpl-930516e5-2413-421c-8e65-2cdb10067440/datanode-0/data/ratis/c5632910-c548-43bf-b295-e436c85fad58/in_use.lock acquired by nodename 2454@pr-hdds-1701-sv9gv-972070529
2019-10-25 05:40:16,745 [pool-27-thread-1] INFO  storage.RaftStorage (RaftStorage.java:format(84)) - Storage directory /workdir/hadoop-ozone/integration-test/target/test-dir/MiniOzoneClusterImpl-930516e5-2413-421c-8e65-2cdb10067440/datanode-0/data/ratis/c5632910-c548-43bf-b295-e436c85fad58 has been successfully formatted.
2019-10-25 05:40:16,745 [pool-37-thread-1] INFO  storage.RaftStorage (RaftStorage.java:format(84)) - Storage directory /workdir/hadoop-ozone/integration-test/target/test-dir/MiniOzoneClusterImpl-930516e5-2413-421c-8e65-2cdb10067440/datanode-1/data/ratis/c5632910-c548-43bf-b295-e436c85fad58 has been successfully formatted.
2019-10-25 05:40:16,745 [pool-47-thread-1] INFO  storage.RaftStorage (RaftStorage.java:format(84)) - Storage directory /workdir/hadoop-ozone/integration-test/target/test-dir/MiniOzoneClusterImpl-930516e5-2413-421c-8e65-2cdb10067440/datanode-2/data/ratis/c5632910-c548-43bf-b295-e436c85fad58 has been successfully formatted.
2019-10-25 05:40:16,746 [pool-47-thread-1] INFO  ratis.ContainerStateMachine (ContainerStateMachine.java:loadSnapshot(231)) - group-E436C85FAD58: The snapshot info is null. Setting the last applied indexto:(t:0, i:~)
2019-10-25 05:40:16,747 [pool-27-thread-1] INFO  ratis.ContainerStateMachine (ContainerStateMachine.java:loadSnapshot(231)) - group-E436C85FAD58: The snapshot info is null. Setting the last applied indexto:(t:0, i:~)
2019-10-25 05:40:16,747 [pool-37-thread-1] INFO  ratis.ContainerStateMachine (ContainerStateMachine.java:loadSnapshot(231)) - group-E436C85FAD58: The snapshot info is null. Setting the last applied indexto:(t:0, i:~)
2019-10-25 05:40:16,747 [pool-27-thread-1] INFO  server.RaftServerConfigKeys (ConfUtils.java:logGet(43)) - raft.server.notification.no-leader.timeout = 1000s (custom)
2019-10-25 05:40:16,747 [pool-47-thread-1] INFO  server.RaftServerConfigKeys (ConfUtils.java:logGet(43)) - raft.server.notification.no-leader.timeout = 1000s (custom)
2019-10-25 05:40:16,747 [pool-27-thread-1] INFO  server.RaftServerConfigKeys (ConfUtils.java:logGet(43)) - raft.server.log.use.memory = false (default)
2019-10-25 05:40:16,747 [pool-37-thread-1] INFO  server.RaftServerConfigKeys (ConfUtils.java:logGet(43)) - raft.server.notification.no-leader.timeout = 1000s (custom)
2019-10-25 05:40:16,747 [pool-27-thread-1] INFO  server.RaftServerConfigKeys (ConfUtils.java:logGet(43)) - raft.server.log.purge.gap = 1000000 (custom)
2019-10-25 05:40:16,747 [pool-47-thread-1] INFO  server.RaftServerConfigKeys (ConfUtils.java:logGet(43)) - raft.server.log.use.memory = false (default)
2019-10-25 05:40:16,747 [pool-27-thread-1] INFO  server.RaftServerConfigKeys (ConfUtils.java:logGet(43)) - raft.server.log.appender.buffer.byte-limit = 33554432 (custom)
2019-10-25 05:40:16,747 [pool-37-thread-1] INFO  server.RaftServerConfigKeys (ConfUtils.java:logGet(43)) - raft.server.log.use.memory = false (default)
2019-10-25 05:40:16,748 [pool-27-thread-1] INFO  server.RaftServerConfigKeys (ConfUtils.java:logGet(43)) - raft.server.log.segment.size.max = 1048576 (custom)
2019-10-25 05:40:16,748 [pool-47-thread-1] INFO  server.RaftServerConfigKeys (ConfUtils.java:logGet(43)) - raft.server.log.purge.gap = 1000000 (custom)
2019-10-25 05:40:16,748 [pool-37-thread-1] INFO  server.RaftServerConfigKeys (ConfUtils.java:logGet(43)) - raft.server.log.purge.gap = 1000000 (custom)
2019-10-25 05:40:16,748 [pool-47-thread-1] INFO  server.RaftServerConfigKeys (ConfUtils.java:logGet(43)) - raft.server.log.appender.buffer.byte-limit = 33554432 (custom)
2019-10-25 05:40:16,748 [pool-27-thread-1] INFO  server.RaftServerConfigKeys (ConfUtils.java:logGet(43)) - raft.server.log.segment.cache.num.max = 2 (custom)
2019-10-25 05:40:16,748 [pool-47-thread-1] INFO  server.RaftServerConfigKeys (ConfUtils.java:logGet(43)) - raft.server.log.segment.size.max = 1048576 (custom)
2019-10-25 05:40:16,748 [pool-37-thread-1] INFO  server.RaftServerConfigKeys (ConfUtils.java:logGet(43)) - raft.server.log.appender.buffer.byte-limit = 33554432 (custom)
2019-10-25 05:40:16,748 [pool-47-thread-1] INFO  server.RaftServerConfigKeys (ConfUtils.java:logGet(43)) - raft.server.log.segment.cache.num.max = 2 (custom)
2019-10-25 05:40:16,748 [pool-27-thread-1] INFO  segmented.SegmentedRaftLogWorker (SegmentedRaftLogWorker.java:<init>(173)) - new 35510205-702a-42b0-9e73-ae326acfc6fe@group-E436C85FAD58-SegmentedRaftLogWorker for RaftStorage:Storage Directory /workdir/hadoop-ozone/integration-test/target/test-dir/MiniOzoneClusterImpl-930516e5-2413-421c-8e65-2cdb10067440/datanode-0/data/ratis/c5632910-c548-43bf-b295-e436c85fad58
2019-10-25 05:40:16,749 [pool-47-thread-1] INFO  segmented.SegmentedRaftLogWorker (SegmentedRaftLogWorker.java:<init>(173)) - new 61d80c3a-7652-449d-b68e-5fa718f84473@group-E436C85FAD58-SegmentedRaftLogWorker for RaftStorage:Storage Directory /workdir/hadoop-ozone/integration-test/target/test-dir/MiniOzoneClusterImpl-930516e5-2413-421c-8e65-2cdb10067440/datanode-2/data/ratis/c5632910-c548-43bf-b295-e436c85fad58
2019-10-25 05:40:16,749 [pool-37-thread-1] INFO  server.RaftServerConfigKeys (ConfUtils.java:logGet(43)) - raft.server.log.segment.size.max = 1048576 (custom)
2019-10-25 05:40:16,749 [pool-47-thread-1] INFO  server.RaftServerConfigKeys (ConfUtils.java:logGet(43)) - raft.server.log.queue.byte-limit = 2147483647 (custom)
2019-10-25 05:40:16,749 [pool-27-thread-1] INFO  server.RaftServerConfigKeys (ConfUtils.java:logGet(43)) - raft.server.log.queue.byte-limit = 2147483647 (custom)
2019-10-25 05:40:16,749 [pool-47-thread-1] INFO  server.RaftServerConfigKeys (ConfUtils.java:logGet(43)) - raft.server.log.queue.element-limit = 1024 (custom)
2019-10-25 05:40:16,749 [pool-37-thread-1] INFO  server.RaftServerConfigKeys (ConfUtils.java:logGet(43)) - raft.server.log.segment.cache.num.max = 2 (custom)
2019-10-25 05:40:16,749 [pool-37-thread-1] INFO  segmented.SegmentedRaftLogWorker (SegmentedRaftLogWorker.java:<init>(173)) - new 07cbec61-e91b-416e-becf-32794c7f01be@group-E436C85FAD58-SegmentedRaftLogWorker for RaftStorage:Storage Directory /workdir/hadoop-ozone/integration-test/target/test-dir/MiniOzoneClusterImpl-930516e5-2413-421c-8e65-2cdb10067440/datanode-1/data/ratis/c5632910-c548-43bf-b295-e436c85fad58
2019-10-25 05:40:16,749 [pool-47-thread-1] INFO  server.RaftServerConfigKeys (ConfUtils.java:logGet(43)) - raft.server.log.segment.size.max = 1048576 (custom)
2019-10-25 05:40:16,749 [pool-27-thread-1] INFO  server.RaftServerConfigKeys (ConfUtils.java:logGet(43)) - raft.server.log.queue.element-limit = 1024 (custom)
2019-10-25 05:40:16,750 [pool-47-thread-1] INFO  server.RaftServerConfigKeys (ConfUtils.java:logGet(43)) - raft.server.log.preallocated.size = 16384 (custom)
2019-10-25 05:40:16,749 [pool-37-thread-1] INFO  server.RaftServerConfigKeys (ConfUtils.java:logGet(43)) - raft.server.log.queue.byte-limit = 2147483647 (custom)
2019-10-25 05:40:16,750 [pool-47-thread-1] INFO  server.RaftServerConfigKeys (ConfUtils.java:logGet(43)) - raft.server.log.write.buffer.size = 33554432 (custom)
2019-10-25 05:40:16,750 [pool-27-thread-1] INFO  server.RaftServerConfigKeys (ConfUtils.java:logGet(43)) - raft.server.log.segment.size.max = 1048576 (custom)
2019-10-25 05:40:16,750 [pool-47-thread-1] INFO  server.RaftServerConfigKeys (ConfUtils.java:logGet(43)) - raft.server.log.force.sync.num = 128 (default)
2019-10-25 05:40:16,750 [pool-37-thread-1] INFO  server.RaftServerConfigKeys (ConfUtils.java:logGet(43)) - raft.server.log.queue.element-limit = 1024 (custom)
2019-10-25 05:40:16,750 [pool-47-thread-1] INFO  server.RaftServerConfigKeys (ConfUtils.java:logGet(43)) - raft.server.log.statemachine.data.sync = true (default)
2019-10-25 05:40:16,750 [pool-27-thread-1] INFO  server.RaftServerConfigKeys (ConfUtils.java:logGet(43)) - raft.server.log.preallocated.size = 16384 (custom)
2019-10-25 05:40:16,750 [pool-47-thread-1] INFO  server.RaftServerConfigKeys (ConfUtils.java:logGet(43)) - raft.server.log.statemachine.data.sync.timeout = 10s (default)
2019-10-25 05:40:16,750 [pool-37-thread-1] INFO  server.RaftServerConfigKeys (ConfUtils.java:logGet(43)) - raft.server.log.segment.size.max = 1048576 (custom)
2019-10-25 05:40:16,751 [pool-47-thread-1] INFO  server.RaftServerConfigKeys (ConfUtils.java:logGet(43)) - raft.server.log.statemachine.data.sync.timeout.retry = -1 (default)
2019-10-25 05:40:16,751 [pool-27-thread-1] INFO  server.RaftServerConfigKeys (ConfUtils.java:logGet(43)) - raft.server.log.write.buffer.size = 33554432 (custom)
2019-10-25 05:40:16,751 [pool-47-thread-1] INFO  server.RaftServerConfigKeys (ConfUtils.java:logGet(43)) - raft.server.log.statemachine.data.caching.enabled = true (custom)
2019-10-25 05:40:16,751 [pool-37-thread-1] INFO  server.RaftServerConfigKeys (ConfUtils.java:logGet(43)) - raft.server.log.preallocated.size = 16384 (custom)
2019-10-25 05:40:16,751 [pool-27-thread-1] INFO  server.RaftServerConfigKeys (ConfUtils.java:logGet(43)) - raft.server.log.force.sync.num = 128 (default)
2019-10-25 05:40:16,751 [pool-47-thread-1] INFO  segmented.SegmentedRaftLogWorker (SegmentedRaftLogWorker.java:lambda$new$0(128)) - 61d80c3a-7652-449d-b68e-5fa718f84473@group-E436C85FAD58-SegmentedRaftLogWorker: flushIndex: setUnconditionally 0 -> -1
2019-10-25 05:40:16,751 [pool-37-thread-1] INFO  server.RaftServerConfigKeys (ConfUtils.java:logGet(43)) - raft.server.log.write.buffer.size = 33554432 (custom)
2019-10-25 05:40:16,751 [pool-27-thread-1] INFO  server.RaftServerConfigKeys (ConfUtils.java:logGet(43)) - raft.server.log.statemachine.data.sync = true (default)
2019-10-25 05:40:16,751 [pool-37-thread-1] INFO  server.RaftServerConfigKeys (ConfUtils.java:logGet(43)) - raft.server.log.force.sync.num = 128 (default)
2019-10-25 05:40:16,751 [pool-47-thread-1] INFO  server.RaftServerConfigKeys (ConfUtils.java:logGet(43)) - raft.server.snapshot.auto.trigger.enabled = true (custom)
2019-10-25 05:40:16,752 [pool-37-thread-1] INFO  server.RaftServerConfigKeys (ConfUtils.java:logGet(43)) - raft.server.log.statemachine.data.sync = true (default)
2019-10-25 05:40:16,752 [pool-27-thread-1] INFO  server.RaftServerConfigKeys (ConfUtils.java:logGet(43)) - raft.server.log.statemachine.data.sync.timeout = 10s (default)
2019-10-25 05:40:16,752 [pool-37-thread-1] INFO  server.RaftServerConfigKeys (ConfUtils.java:logGet(43)) - raft.server.log.statemachine.data.sync.timeout = 10s (default)
2019-10-25 05:40:16,752 [pool-47-thread-1] INFO  server.RaftServerConfigKeys (ConfUtils.java:logGet(43)) - raft.server.snapshot.auto.trigger.threshold = 10000 (custom)
2019-10-25 05:40:16,752 [pool-37-thread-1] INFO  server.RaftServerConfigKeys (ConfUtils.java:logGet(43)) - raft.server.log.statemachine.data.sync.timeout.retry = -1 (default)
2019-10-25 05:40:16,752 [pool-27-thread-1] INFO  server.RaftServerConfigKeys (ConfUtils.java:logGet(43)) - raft.server.log.statemachine.data.sync.timeout.retry = -1 (default)
2019-10-25 05:40:16,752 [pool-37-thread-1] INFO  server.RaftServerConfigKeys (ConfUtils.java:logGet(43)) - raft.server.log.statemachine.data.caching.enabled = true (custom)
2019-10-25 05:40:16,752 [pool-47-thread-1] INFO  server.RaftServerConfigKeys (ConfUtils.java:logGet(43)) - raft.server.snapshot.retention.file.num = 5 (custom)
2019-10-25 05:40:16,753 [pool-27-thread-1] INFO  server.RaftServerConfigKeys (ConfUtils.java:logGet(43)) - raft.server.log.statemachine.data.caching.enabled = true (custom)
2019-10-25 05:40:16,753 [pool-37-thread-1] INFO  segmented.SegmentedRaftLogWorker (SegmentedRaftLogWorker.java:lambda$new$0(128)) - 07cbec61-e91b-416e-becf-32794c7f01be@group-E436C85FAD58-SegmentedRaftLogWorker: flushIndex: setUnconditionally 0 -> -1
2019-10-25 05:40:16,753 [pool-47-thread-1] INFO  server.RaftServerConfigKeys (ConfUtils.java:logGet(43)) - raft.server.retrycache.expirytime = 600000ms (custom)
2019-10-25 05:40:16,753 [pool-27-thread-1] INFO  segmented.SegmentedRaftLogWorker (SegmentedRaftLogWorker.java:lambda$new$0(128)) - 35510205-702a-42b0-9e73-ae326acfc6fe@group-E436C85FAD58-SegmentedRaftLogWorker: flushIndex: setUnconditionally 0 -> -1
2019-10-25 05:40:16,753 [pool-37-thread-1] INFO  server.RaftServerConfigKeys (ConfUtils.java:logGet(43)) - raft.server.snapshot.auto.trigger.enabled = true (custom)
2019-10-25 05:40:16,753 [pool-47-thread-1] WARN  impl.MetricRegistriesImpl (MetricRegistriesImpl.java:lambda$create$1(61)) - First MetricRegistry has been created without registering reporters. You may need to call MetricRegistries.global().addReportRegistration(...) before.
2019-10-25 05:40:16,753 [pool-27-thread-1] INFO  server.RaftServerConfigKeys (ConfUtils.java:logGet(43)) - raft.server.snapshot.auto.trigger.enabled = true (custom)
2019-10-25 05:40:16,753 [pool-37-thread-1] INFO  server.RaftServerConfigKeys (ConfUtils.java:logGet(43)) - raft.server.snapshot.auto.trigger.threshold = 10000 (custom)
2019-10-25 05:40:16,754 [pool-27-thread-1] INFO  server.RaftServerConfigKeys (ConfUtils.java:logGet(43)) - raft.server.snapshot.auto.trigger.threshold = 10000 (custom)
2019-10-25 05:40:16,753 [pool-47-thread-1] WARN  impl.MetricRegistriesImpl (MetricRegistriesImpl.java:lambda$create$1(61)) - First MetricRegistry has been created without registering reporters. You may need to call MetricRegistries.global().addReportRegistration(...) before.
2019-10-25 05:40:16,754 [pool-27-thread-1] INFO  server.RaftServerConfigKeys (ConfUtils.java:logGet(43)) - raft.server.snapshot.retention.file.num = 5 (custom)
2019-10-25 05:40:16,754 [pool-47-thread-1] INFO  impl.RaftServerImpl (RaftServerImpl.java:start(184)) - 61d80c3a-7652-449d-b68e-5fa718f84473@group-E436C85FAD58: start as a follower, conf=-1: [61d80c3a-7652-449d-b68e-5fa718f84473:192.168.157.195:45627, 07cbec61-e91b-416e-becf-32794c7f01be:192.168.157.195:42361, 35510205-702a-42b0-9e73-ae326acfc6fe:192.168.157.195:43594], old=null
2019-10-25 05:40:16,754 [pool-37-thread-1] INFO  server.RaftServerConfigKeys (ConfUtils.java:logGet(43)) - raft.server.snapshot.retention.file.num = 5 (custom)
2019-10-25 05:40:16,754 [pool-47-thread-1] INFO  impl.RaftServerImpl (RaftServerImpl.java:setRole(173)) - 61d80c3a-7652-449d-b68e-5fa718f84473@group-E436C85FAD58: changes role from      null to FOLLOWER at term 0 for startAsFollower
2019-10-25 05:40:16,754 [pool-27-thread-1] INFO  server.RaftServerConfigKeys (ConfUtils.java:logGet(43)) - raft.server.retrycache.expirytime = 600000ms (custom)
2019-10-25 05:40:16,754 [pool-47-thread-1] INFO  impl.RoleInfo (RoleInfo.java:updateAndGet(143)) - 61d80c3a-7652-449d-b68e-5fa718f84473: start FollowerState
2019-10-25 05:40:16,754 [pool-37-thread-1] INFO  server.RaftServerConfigKeys (ConfUtils.java:logGet(43)) - raft.server.retrycache.expirytime = 600000ms (custom)
2019-10-25 05:40:16,755 [pool-27-thread-1] WARN  impl.MetricRegistriesImpl (MetricRegistriesImpl.java:lambda$create$1(61)) - First MetricRegistry has been created without registering reporters. You may need to call MetricRegistries.global().addReportRegistration(...) before.
2019-10-25 05:40:16,755 [pool-37-thread-1] WARN  impl.MetricRegistriesImpl (MetricRegistriesImpl.java:lambda$create$1(61)) - First MetricRegistry has been created without registering reporters. You may need to call MetricRegistries.global().addReportRegistration(...) before.
2019-10-25 05:40:16,755 [pool-47-thread-1] INFO  util.JmxRegister (JmxRegister.java:tryRegister(44)) - Successfully registered JMX Bean with object name Ratis:service=RaftServer,group=group-E436C85FAD58,id=61d80c3a-7652-449d-b68e-5fa718f84473
2019-10-25 05:40:16,755 [pool-27-thread-1] WARN  impl.MetricRegistriesImpl (MetricRegistriesImpl.java:lambda$create$1(61)) - First MetricRegistry has been created without registering reporters. You may need to call MetricRegistries.global().addReportRegistration(...) before.
2019-10-25 05:40:16,755 [pool-47-thread-1] WARN  impl.MetricRegistriesImpl (MetricRegistriesImpl.java:lambda$create$1(61)) - First MetricRegistry has been created without registering reporters. You may need to call MetricRegistries.global().addReportRegistration(...) before.
2019-10-25 05:40:16,755 [pool-37-thread-1] WARN  impl.MetricRegistriesImpl (MetricRegistriesImpl.java:lambda$create$1(61)) - First MetricRegistry has been created without registering reporters. You may need to call MetricRegistries.global().addReportRegistration(...) before.
2019-10-25 05:40:16,755 [pool-27-thread-1] INFO  impl.RaftServerImpl (RaftServerImpl.java:start(184)) - 35510205-702a-42b0-9e73-ae326acfc6fe@group-E436C85FAD58: start as a follower, conf=-1: [61d80c3a-7652-449d-b68e-5fa718f84473:192.168.157.195:45627, 07cbec61-e91b-416e-becf-32794c7f01be:192.168.157.195:42361, 35510205-702a-42b0-9e73-ae326acfc6fe:192.168.157.195:43594], old=null
2019-10-25 05:40:16,756 [pool-37-thread-1] INFO  impl.RaftServerImpl (RaftServerImpl.java:start(184)) - 07cbec61-e91b-416e-becf-32794c7f01be@group-E436C85FAD58: start as a follower, conf=-1: [61d80c3a-7652-449d-b68e-5fa718f84473:192.168.157.195:45627, 07cbec61-e91b-416e-becf-32794c7f01be:192.168.157.195:42361, 35510205-702a-42b0-9e73-ae326acfc6fe:192.168.157.195:43594], old=null
2019-10-25 05:40:16,756 [pool-27-thread-1] INFO  impl.RaftServerImpl (RaftServerImpl.java:setRole(173)) - 35510205-702a-42b0-9e73-ae326acfc6fe@group-E436C85FAD58: changes role from      null to FOLLOWER at term 0 for startAsFollower
2019-10-25 05:40:16,756 [pool-37-thread-1] INFO  impl.RaftServerImpl (RaftServerImpl.java:setRole(173)) - 07cbec61-e91b-416e-becf-32794c7f01be@group-E436C85FAD58: changes role from      null to FOLLOWER at term 0 for startAsFollower
2019-10-25 05:40:16,756 [pool-27-thread-1] INFO  impl.RoleInfo (RoleInfo.java:updateAndGet(143)) - 35510205-702a-42b0-9e73-ae326acfc6fe: start FollowerState
2019-10-25 05:40:16,756 [pool-37-thread-1] INFO  impl.RoleInfo (RoleInfo.java:updateAndGet(143)) - 07cbec61-e91b-416e-becf-32794c7f01be: start FollowerState
2019-10-25 05:40:16,756 [pool-27-thread-1] INFO  util.JmxRegister (JmxRegister.java:tryRegister(44)) - Successfully registered JMX Bean with object name Ratis:service=RaftServer,group=group-E436C85FAD58,id=35510205-702a-42b0-9e73-ae326acfc6fe
2019-10-25 05:40:16,757 [pool-27-thread-1] WARN  impl.MetricRegistriesImpl (MetricRegistriesImpl.java:lambda$create$1(61)) - First MetricRegistry has been created without registering reporters. You may need to call MetricRegistries.global().addReportRegistration(...) before.
2019-10-25 05:40:16,757 [pool-37-thread-1] INFO  util.JmxRegister (JmxRegister.java:tryRegister(44)) - Successfully registered JMX Bean with object name Ratis:service=RaftServer,group=group-E436C85FAD58,id=07cbec61-e91b-416e-becf-32794c7f01be
2019-10-25 05:40:16,757 [pool-37-thread-1] WARN  impl.MetricRegistriesImpl (MetricRegistriesImpl.java:lambda$create$1(61)) - First MetricRegistry has been created without registering reporters. You may need to call MetricRegistries.global().addReportRegistration(...) before.
2019-10-25 05:40:16,768 [RatisPipelineUtilsThread] INFO  pipeline.PipelineStateManager (PipelineStateManager.java:addPipeline(56)) - Created pipeline Pipeline[ Id: c5632910-c548-43bf-b295-e436c85fad58, Nodes: 07cbec61-e91b-416e-becf-32794c7f01be{ip: 192.168.157.195, host: pr-hdds-1701-sv9gv-972070529, networkLocation: /default-rack, certSerialId: null}35510205-702a-42b0-9e73-ae326acfc6fe{ip: 192.168.157.195, host: pr-hdds-1701-sv9gv-972070529, networkLocation: /default-rack, certSerialId: null}61d80c3a-7652-449d-b68e-5fa718f84473{ip: 192.168.157.195, host: pr-hdds-1701-sv9gv-972070529, networkLocation: /default-rack, certSerialId: null}, Type:RATIS, Factor:THREE, State:OPEN]
2019-10-25 05:40:17,124 [main] INFO  ozone.MiniOzoneClusterImpl (MiniOzoneClusterImpl.java:lambda$waitForClusterToBeReady$0(147)) - Cluster is ready. Got 3 of 3 DN Heartbeats.
2019-10-25 05:40:17,495 [main] INFO  rpc.RpcClient (RpcClient.java:createVolume(272)) - Creating Volume: testcontainerstatemachinefailures, with jenkins1000 as owner.
2019-10-25 05:40:17,568 [IPC Server handler 2 on 38693] INFO  volume.OMVolumeCreateRequest (OMVolumeCreateRequest.java:validateAndUpdateCache(193)) - created volume:testcontainerstatemachinefailures for user:jenkins1000
2019-10-25 05:40:17,602 [main] INFO  rpc.RpcClient (RpcClient.java:createBucket(411)) - Creating Bucket: testcontainerstatemachinefailures/testcontainerstatemachinefailures, with Versioning false and Storage Type set to DISK and Encryption set to false 
2019-10-25 05:40:17,976 [main] INFO  impl.MetricsSystemImpl (MetricsSystemImpl.java:init(158)) - XceiverClientMetrics metrics system started (again)
2019-10-25 05:40:19,023 [Thread-181] INFO  container.ReplicationManager (ReplicationManager.java:start(162)) - Starting Replication Monitor Thread.
2019-10-25 05:40:19,027 [ReplicationMonitor] INFO  container.ReplicationManager (ReplicationManager.java:run(225)) - Replication Monitor Thread took 3 milliseconds for processing 1 containers.
2019-10-25 05:40:21,682 [Thread-186] INFO  impl.FollowerState (FollowerState.java:run(111)) - 35510205-702a-42b0-9e73-ae326acfc6fe@group-EC0FC578D71F-FollowerState: change to CANDIDATE, lastRpcTime:5169ms, electionTimeout:5169ms
2019-10-25 05:40:21,685 [Thread-186] INFO  impl.RoleInfo (RoleInfo.java:shutdownFollowerState(121)) - 35510205-702a-42b0-9e73-ae326acfc6fe: shutdown FollowerState
2019-10-25 05:40:21,686 [Thread-186] INFO  impl.RaftServerImpl (RaftServerImpl.java:setRole(173)) - 35510205-702a-42b0-9e73-ae326acfc6fe@group-EC0FC578D71F: changes role from  FOLLOWER to CANDIDATE at term 0 for changeToCandidate
2019-10-25 05:40:21,694 [Thread-186] INFO  impl.RoleInfo (RoleInfo.java:updateAndGet(143)) - 35510205-702a-42b0-9e73-ae326acfc6fe: start LeaderElection
2019-10-25 05:40:21,702 [35510205-702a-42b0-9e73-ae326acfc6fe@group-EC0FC578D71F-LeaderElection1] INFO  impl.LeaderElection (LeaderElection.java:askForVotes(178)) - 35510205-702a-42b0-9e73-ae326acfc6fe@group-EC0FC578D71F-LeaderElection1: begin an election at term 1 for -1: [35510205-702a-42b0-9e73-ae326acfc6fe:192.168.157.195:43594], old=null
2019-10-25 05:40:21,704 [35510205-702a-42b0-9e73-ae326acfc6fe@group-EC0FC578D71F-LeaderElection1] INFO  impl.RoleInfo (RoleInfo.java:shutdownLeaderElection(134)) - 35510205-702a-42b0-9e73-ae326acfc6fe: shutdown LeaderElection
2019-10-25 05:40:21,704 [35510205-702a-42b0-9e73-ae326acfc6fe@group-EC0FC578D71F-LeaderElection1] INFO  impl.RaftServerImpl (RaftServerImpl.java:setRole(173)) - 35510205-702a-42b0-9e73-ae326acfc6fe@group-EC0FC578D71F: changes role from CANDIDATE to LEADER at term 1 for changeToLeader
2019-10-25 05:40:21,705 [35510205-702a-42b0-9e73-ae326acfc6fe@group-EC0FC578D71F-LeaderElection1] INFO  impl.RaftServerImpl (ServerState.java:setLeader(255)) - 35510205-702a-42b0-9e73-ae326acfc6fe@group-EC0FC578D71F: change Leader from null to 35510205-702a-42b0-9e73-ae326acfc6fe at term 1 for becomeLeader, leader elected after 5258ms
2019-10-25 05:40:21,709 [Thread-192] INFO  impl.FollowerState (FollowerState.java:run(111)) - 61d80c3a-7652-449d-b68e-5fa718f84473@group-EC94F09EE081-FollowerState: change to CANDIDATE, lastRpcTime:5007ms, electionTimeout:5007ms
2019-10-25 05:40:21,710 [Thread-192] INFO  impl.RoleInfo (RoleInfo.java:shutdownFollowerState(121)) - 61d80c3a-7652-449d-b68e-5fa718f84473: shutdown FollowerState
2019-10-25 05:40:21,710 [Thread-192] INFO  impl.RaftServerImpl (RaftServerImpl.java:setRole(173)) - 61d80c3a-7652-449d-b68e-5fa718f84473@group-EC94F09EE081: changes role from  FOLLOWER to CANDIDATE at term 0 for changeToCandidate
2019-10-25 05:40:21,710 [Thread-192] INFO  impl.RoleInfo (RoleInfo.java:updateAndGet(143)) - 61d80c3a-7652-449d-b68e-5fa718f84473: start LeaderElection
2019-10-25 05:40:21,711 [Thread-189] INFO  impl.FollowerState (FollowerState.java:run(111)) - 07cbec61-e91b-416e-becf-32794c7f01be@group-E3343B269492-FollowerState: change to CANDIDATE, lastRpcTime:5094ms, electionTimeout:5093ms
2019-10-25 05:40:21,712 [Thread-189] INFO  impl.RoleInfo (RoleInfo.java:shutdownFollowerState(121)) - 07cbec61-e91b-416e-becf-32794c7f01be: shutdown FollowerState
2019-10-25 05:40:21,712 [Thread-189] INFO  impl.RaftServerImpl (RaftServerImpl.java:setRole(173)) - 07cbec61-e91b-416e-becf-32794c7f01be@group-E3343B269492: changes role from  FOLLOWER to CANDIDATE at term 0 for changeToCandidate
2019-10-25 05:40:21,712 [Thread-189] INFO  impl.RoleInfo (RoleInfo.java:updateAndGet(143)) - 07cbec61-e91b-416e-becf-32794c7f01be: start LeaderElection
2019-10-25 05:40:21,714 [35510205-702a-42b0-9e73-ae326acfc6fe@group-EC0FC578D71F-LeaderElection1] INFO  server.RaftServerConfigKeys (ConfUtils.java:logGet(43)) - raft.server.staging.catchup.gap = 1000 (default)
2019-10-25 05:40:21,714 [35510205-702a-42b0-9e73-ae326acfc6fe@group-EC0FC578D71F-LeaderElection1] INFO  server.RaftServerConfigKeys (ConfUtils.java:logGet(43)) - raft.server.rpc.sleep.time = 25ms (default)
2019-10-25 05:40:21,719 [61d80c3a-7652-449d-b68e-5fa718f84473@group-EC94F09EE081-LeaderElection2] INFO  impl.LeaderElection (LeaderElection.java:askForVotes(178)) - 61d80c3a-7652-449d-b68e-5fa718f84473@group-EC94F09EE081-LeaderElection2: begin an election at term 1 for -1: [61d80c3a-7652-449d-b68e-5fa718f84473:192.168.157.195:45627], old=null
2019-10-25 05:40:21,719 [07cbec61-e91b-416e-becf-32794c7f01be@group-E3343B269492-LeaderElection3] INFO  impl.LeaderElection (LeaderElection.java:askForVotes(178)) - 07cbec61-e91b-416e-becf-32794c7f01be@group-E3343B269492-LeaderElection3: begin an election at term 1 for -1: [07cbec61-e91b-416e-becf-32794c7f01be:192.168.157.195:42361], old=null
2019-10-25 05:40:21,719 [61d80c3a-7652-449d-b68e-5fa718f84473@group-EC94F09EE081-LeaderElection2] INFO  impl.RoleInfo (RoleInfo.java:shutdownLeaderElection(134)) - 61d80c3a-7652-449d-b68e-5fa718f84473: shutdown LeaderElection
2019-10-25 05:40:21,719 [07cbec61-e91b-416e-becf-32794c7f01be@group-E3343B269492-LeaderElection3] INFO  impl.RoleInfo (RoleInfo.java:shutdownLeaderElection(134)) - 07cbec61-e91b-416e-becf-32794c7f01be: shutdown LeaderElection
2019-10-25 05:40:21,719 [61d80c3a-7652-449d-b68e-5fa718f84473@group-EC94F09EE081-LeaderElection2] INFO  impl.RaftServerImpl (RaftServerImpl.java:setRole(173)) - 61d80c3a-7652-449d-b68e-5fa718f84473@group-EC94F09EE081: changes role from CANDIDATE to LEADER at term 1 for changeToLeader
2019-10-25 05:40:21,720 [07cbec61-e91b-416e-becf-32794c7f01be@group-E3343B269492-LeaderElection3] INFO  impl.RaftServerImpl (RaftServerImpl.java:setRole(173)) - 07cbec61-e91b-416e-becf-32794c7f01be@group-E3343B269492: changes role from CANDIDATE to LEADER at term 1 for changeToLeader
2019-10-25 05:40:21,720 [61d80c3a-7652-449d-b68e-5fa718f84473@group-EC94F09EE081-LeaderElection2] INFO  impl.RaftServerImpl (ServerState.java:setLeader(255)) - 61d80c3a-7652-449d-b68e-5fa718f84473@group-EC94F09EE081: change Leader from null to 61d80c3a-7652-449d-b68e-5fa718f84473 at term 1 for becomeLeader, leader elected after 5022ms
2019-10-25 05:40:21,720 [07cbec61-e91b-416e-becf-32794c7f01be@group-E3343B269492-LeaderElection3] INFO  impl.RaftServerImpl (ServerState.java:setLeader(255)) - 07cbec61-e91b-416e-becf-32794c7f01be@group-E3343B269492: change Leader from null to 07cbec61-e91b-416e-becf-32794c7f01be at term 1 for becomeLeader, leader elected after 5108ms
2019-10-25 05:40:21,720 [35510205-702a-42b0-9e73-ae326acfc6fe@group-EC0FC578D71F-LeaderElection1] INFO  server.RaftServerConfigKeys (ConfUtils.java:logGet(43)) - raft.server.write.element-limit = 4096 (default)
2019-10-25 05:40:21,720 [61d80c3a-7652-449d-b68e-5fa718f84473@group-EC94F09EE081-LeaderElection2] INFO  server.RaftServerConfigKeys (ConfUtils.java:logGet(43)) - raft.server.staging.catchup.gap = 1000 (default)
2019-10-25 05:40:21,720 [07cbec61-e91b-416e-becf-32794c7f01be@group-E3343B269492-LeaderElection3] INFO  server.RaftServerConfigKeys (ConfUtils.java:logGet(43)) - raft.server.staging.catchup.gap = 1000 (default)
2019-10-25 05:40:21,720 [61d80c3a-7652-449d-b68e-5fa718f84473@group-EC94F09EE081-LeaderElection2] INFO  server.RaftServerConfigKeys (ConfUtils.java:logGet(43)) - raft.server.rpc.sleep.time = 25ms (default)
2019-10-25 05:40:21,720 [07cbec61-e91b-416e-becf-32794c7f01be@group-E3343B269492-LeaderElection3] INFO  server.RaftServerConfigKeys (ConfUtils.java:logGet(43)) - raft.server.rpc.sleep.time = 25ms (default)
2019-10-25 05:40:21,721 [61d80c3a-7652-449d-b68e-5fa718f84473@group-EC94F09EE081-LeaderElection2] INFO  server.RaftServerConfigKeys (ConfUtils.java:logGet(43)) - raft.server.write.element-limit = 4096 (default)
2019-10-25 05:40:21,721 [07cbec61-e91b-416e-becf-32794c7f01be@group-E3343B269492-LeaderElection3] INFO  server.RaftServerConfigKeys (ConfUtils.java:logGet(43)) - raft.server.write.element-limit = 4096 (default)
2019-10-25 05:40:21,725 [61d80c3a-7652-449d-b68e-5fa718f84473@group-EC94F09EE081-LeaderElection2] INFO  server.RaftServerConfigKeys (ConfUtils.java:logGet(43)) - raft.server.watch.timeout = 10s (default)
2019-10-25 05:40:21,725 [35510205-702a-42b0-9e73-ae326acfc6fe@group-EC0FC578D71F-LeaderElection1] INFO  server.RaftServerConfigKeys (ConfUtils.java:logGet(43)) - raft.server.watch.timeout = 10s (default)
2019-10-25 05:40:21,725 [07cbec61-e91b-416e-becf-32794c7f01be@group-E3343B269492-LeaderElection3] INFO  server.RaftServerConfigKeys (ConfUtils.java:logGet(43)) - raft.server.watch.timeout = 10s (default)
2019-10-25 05:40:21,725 [35510205-702a-42b0-9e73-ae326acfc6fe@group-EC0FC578D71F-LeaderElection1] INFO  server.RaftServerConfigKeys (ConfUtils.java:logGet(43)) - raft.server.watch.timeout.denomination = 1s (default)
2019-10-25 05:40:21,725 [61d80c3a-7652-449d-b68e-5fa718f84473@group-EC94F09EE081-LeaderElection2] INFO  server.RaftServerConfigKeys (ConfUtils.java:logGet(43)) - raft.server.watch.timeout.denomination = 1s (default)
2019-10-25 05:40:21,725 [07cbec61-e91b-416e-becf-32794c7f01be@group-E3343B269492-LeaderElection3] INFO  server.RaftServerConfigKeys (ConfUtils.java:logGet(43)) - raft.server.watch.timeout.denomination = 1s (default)
2019-10-25 05:40:21,726 [07cbec61-e91b-416e-becf-32794c7f01be@group-E3343B269492-LeaderElection3] INFO  server.RaftServerConfigKeys (ConfUtils.java:logGet(43)) - raft.server.watch.element-limit = 65536 (default)
2019-10-25 05:40:21,726 [61d80c3a-7652-449d-b68e-5fa718f84473@group-EC94F09EE081-LeaderElection2] INFO  server.RaftServerConfigKeys (ConfUtils.java:logGet(43)) - raft.server.watch.element-limit = 65536 (default)
2019-10-25 05:40:21,726 [35510205-702a-42b0-9e73-ae326acfc6fe@group-EC0FC578D71F-LeaderElection1] INFO  server.RaftServerConfigKeys (ConfUtils.java:logGet(43)) - raft.server.watch.element-limit = 65536 (default)
2019-10-25 05:40:21,735 [07cbec61-e91b-416e-becf-32794c7f01be@group-E3343B269492-LeaderElection3] INFO  impl.RoleInfo (RoleInfo.java:updateAndGet(143)) - 07cbec61-e91b-416e-becf-32794c7f01be: start LeaderState
2019-10-25 05:40:21,735 [61d80c3a-7652-449d-b68e-5fa718f84473@group-EC94F09EE081-LeaderElection2] INFO  impl.RoleInfo (RoleInfo.java:updateAndGet(143)) - 61d80c3a-7652-449d-b68e-5fa718f84473: start LeaderState
2019-10-25 05:40:21,735 [35510205-702a-42b0-9e73-ae326acfc6fe@group-EC0FC578D71F-LeaderElection1] INFO  impl.RoleInfo (RoleInfo.java:updateAndGet(143)) - 35510205-702a-42b0-9e73-ae326acfc6fe: start LeaderState
2019-10-25 05:40:21,754 [07cbec61-e91b-416e-becf-32794c7f01be@group-E3343B269492-LeaderElection3] INFO  segmented.SegmentedRaftLogWorker (SegmentedRaftLogWorker.java:startLogSegment(385)) - 07cbec61-e91b-416e-becf-32794c7f01be@group-E3343B269492-SegmentedRaftLogWorker: Starting segment from index:0
2019-10-25 05:40:21,754 [35510205-702a-42b0-9e73-ae326acfc6fe@group-EC0FC578D71F-LeaderElection1] INFO  segmented.SegmentedRaftLogWorker (SegmentedRaftLogWorker.java:startLogSegment(385)) - 35510205-702a-42b0-9e73-ae326acfc6fe@group-EC0FC578D71F-SegmentedRaftLogWorker: Starting segment from index:0
2019-10-25 05:40:21,754 [61d80c3a-7652-449d-b68e-5fa718f84473@group-EC94F09EE081-LeaderElection2] INFO  segmented.SegmentedRaftLogWorker (SegmentedRaftLogWorker.java:startLogSegment(385)) - 61d80c3a-7652-449d-b68e-5fa718f84473@group-EC94F09EE081-SegmentedRaftLogWorker: Starting segment from index:0
2019-10-25 05:40:21,763 [07cbec61-e91b-416e-becf-32794c7f01be@group-E3343B269492-LeaderElection3] INFO  impl.RaftServerImpl (ServerState.java:setRaftConf(356)) - 07cbec61-e91b-416e-becf-32794c7f01be@group-E3343B269492: set configuration 0: [07cbec61-e91b-416e-becf-32794c7f01be:192.168.157.195:42361], old=null at 0
2019-10-25 05:40:21,763 [35510205-702a-42b0-9e73-ae326acfc6fe@group-EC0FC578D71F-LeaderElection1] INFO  impl.RaftServerImpl (ServerState.java:setRaftConf(356)) - 35510205-702a-42b0-9e73-ae326acfc6fe@group-EC0FC578D71F: set configuration 0: [35510205-702a-42b0-9e73-ae326acfc6fe:192.168.157.195:43594], old=null at 0
2019-10-25 05:40:21,763 [61d80c3a-7652-449d-b68e-5fa718f84473@group-EC94F09EE081-LeaderElection2] INFO  impl.RaftServerImpl (ServerState.java:setRaftConf(356)) - 61d80c3a-7652-449d-b68e-5fa718f84473@group-EC94F09EE081: set configuration 0: [61d80c3a-7652-449d-b68e-5fa718f84473:192.168.157.195:45627], old=null at 0
2019-10-25 05:40:21,766 [Thread-197] INFO  impl.FollowerState (FollowerState.java:run(111)) - 61d80c3a-7652-449d-b68e-5fa718f84473@group-E436C85FAD58-FollowerState: change to CANDIDATE, lastRpcTime:5011ms, electionTimeout:5011ms
2019-10-25 05:40:21,766 [Thread-197] INFO  impl.RoleInfo (RoleInfo.java:shutdownFollowerState(121)) - 61d80c3a-7652-449d-b68e-5fa718f84473: shutdown FollowerState
2019-10-25 05:40:21,766 [Thread-197] INFO  impl.RaftServerImpl (RaftServerImpl.java:setRole(173)) - 61d80c3a-7652-449d-b68e-5fa718f84473@group-E436C85FAD58: changes role from  FOLLOWER to CANDIDATE at term 0 for changeToCandidate
2019-10-25 05:40:21,766 [Thread-197] INFO  impl.RoleInfo (RoleInfo.java:updateAndGet(143)) - 61d80c3a-7652-449d-b68e-5fa718f84473: start LeaderElection
2019-10-25 05:40:21,779 [61d80c3a-7652-449d-b68e-5fa718f84473@group-E436C85FAD58-LeaderElection4] INFO  impl.LeaderElection (LeaderElection.java:askForVotes(178)) - 61d80c3a-7652-449d-b68e-5fa718f84473@group-E436C85FAD58-LeaderElection4: begin an election at term 1 for -1: [61d80c3a-7652-449d-b68e-5fa718f84473:192.168.157.195:45627, 07cbec61-e91b-416e-becf-32794c7f01be:192.168.157.195:42361, 35510205-702a-42b0-9e73-ae326acfc6fe:192.168.157.195:43594], old=null
2019-10-25 05:40:21,796 [grpc-default-executor-0] INFO  impl.RaftServerImpl (RaftServerImpl.java:setRole(173)) - 07cbec61-e91b-416e-becf-32794c7f01be@group-E436C85FAD58: changes role from  FOLLOWER to FOLLOWER at term 1 for recognizeCandidate:61d80c3a-7652-449d-b68e-5fa718f84473
2019-10-25 05:40:21,796 [grpc-default-executor-2] INFO  impl.RaftServerImpl (RaftServerImpl.java:setRole(173)) - 35510205-702a-42b0-9e73-ae326acfc6fe@group-E436C85FAD58: changes role from  FOLLOWER to FOLLOWER at term 1 for recognizeCandidate:61d80c3a-7652-449d-b68e-5fa718f84473
2019-10-25 05:40:21,796 [grpc-default-executor-0] INFO  impl.RoleInfo (RoleInfo.java:shutdownFollowerState(121)) - 07cbec61-e91b-416e-becf-32794c7f01be: shutdown FollowerState
2019-10-25 05:40:21,796 [grpc-default-executor-2] INFO  impl.RoleInfo (RoleInfo.java:shutdownFollowerState(121)) - 35510205-702a-42b0-9e73-ae326acfc6fe: shutdown FollowerState
2019-10-25 05:40:21,796 [Thread-200] INFO  impl.FollowerState (FollowerState.java:run(120)) - 07cbec61-e91b-416e-becf-32794c7f01be@group-E436C85FAD58-FollowerState was interrupted: java.lang.InterruptedException: sleep interrupted
2019-10-25 05:40:21,796 [Thread-199] INFO  impl.FollowerState (FollowerState.java:run(120)) - 35510205-702a-42b0-9e73-ae326acfc6fe@group-E436C85FAD58-FollowerState was interrupted: java.lang.InterruptedException: sleep interrupted
2019-10-25 05:40:21,796 [grpc-default-executor-0] INFO  impl.RoleInfo (RoleInfo.java:updateAndGet(143)) - 07cbec61-e91b-416e-becf-32794c7f01be: start FollowerState
2019-10-25 05:40:21,797 [grpc-default-executor-2] INFO  impl.RoleInfo (RoleInfo.java:updateAndGet(143)) - 35510205-702a-42b0-9e73-ae326acfc6fe: start FollowerState
2019-10-25 05:40:21,811 [61d80c3a-7652-449d-b68e-5fa718f84473@group-E436C85FAD58-LeaderElection4] INFO  impl.LeaderElection (LeaderElection.java:logAndReturn(56)) - 61d80c3a-7652-449d-b68e-5fa718f84473@group-E436C85FAD58-LeaderElection4: Election PASSED; received 1 response(s) [61d80c3a-7652-449d-b68e-5fa718f84473<-35510205-702a-42b0-9e73-ae326acfc6fe#0:OK-t1] and 0 exception(s); 61d80c3a-7652-449d-b68e-5fa718f84473@group-E436C85FAD58:t1, leader=null, voted=61d80c3a-7652-449d-b68e-5fa718f84473, raftlog=61d80c3a-7652-449d-b68e-5fa718f84473@group-E436C85FAD58-SegmentedRaftLog:OPENED:c-1,f-1,i0, conf=-1: [61d80c3a-7652-449d-b68e-5fa718f84473:192.168.157.195:45627, 07cbec61-e91b-416e-becf-32794c7f01be:192.168.157.195:42361, 35510205-702a-42b0-9e73-ae326acfc6fe:192.168.157.195:43594], old=null
2019-10-25 05:40:21,812 [61d80c3a-7652-449d-b68e-5fa718f84473@group-E436C85FAD58-LeaderElection4] INFO  impl.RoleInfo (RoleInfo.java:shutdownLeaderElection(134)) - 61d80c3a-7652-449d-b68e-5fa718f84473: shutdown LeaderElection
2019-10-25 05:40:21,812 [61d80c3a-7652-449d-b68e-5fa718f84473@group-E436C85FAD58-LeaderElection4] INFO  impl.RaftServerImpl (RaftServerImpl.java:setRole(173)) - 61d80c3a-7652-449d-b68e-5fa718f84473@group-E436C85FAD58: changes role from CANDIDATE to LEADER at term 1 for changeToLeader
2019-10-25 05:40:21,812 [61d80c3a-7652-449d-b68e-5fa718f84473@group-E436C85FAD58-LeaderElection4] INFO  impl.RaftServerImpl (ServerState.java:setLeader(255)) - 61d80c3a-7652-449d-b68e-5fa718f84473@group-E436C85FAD58: change Leader from null to 61d80c3a-7652-449d-b68e-5fa718f84473 at term 1 for becomeLeader, leader elected after 5065ms
2019-10-25 05:40:21,812 [61d80c3a-7652-449d-b68e-5fa718f84473@group-E436C85FAD58-LeaderElection4] INFO  server.RaftServerConfigKeys (ConfUtils.java:logGet(43)) - raft.server.staging.catchup.gap = 1000 (default)
2019-10-25 05:40:21,812 [61d80c3a-7652-449d-b68e-5fa718f84473@group-E436C85FAD58-LeaderElection4] INFO  server.RaftServerConfigKeys (ConfUtils.java:logGet(43)) - raft.server.rpc.sleep.time = 25ms (default)
2019-10-25 05:40:21,813 [61d80c3a-7652-449d-b68e-5fa718f84473@group-E436C85FAD58-LeaderElection4] INFO  server.RaftServerConfigKeys (ConfUtils.java:logGet(43)) - raft.server.write.element-limit = 4096 (default)
2019-10-25 05:40:21,813 [61d80c3a-7652-449d-b68e-5fa718f84473@group-E436C85FAD58-LeaderElection4] INFO  server.RaftServerConfigKeys (ConfUtils.java:logGet(43)) - raft.server.watch.timeout = 10s (default)
2019-10-25 05:40:21,813 [61d80c3a-7652-449d-b68e-5fa718f84473@group-E436C85FAD58-LeaderElection4] INFO  server.RaftServerConfigKeys (ConfUtils.java:logGet(43)) - raft.server.watch.timeout.denomination = 1s (default)
2019-10-25 05:40:21,813 [61d80c3a-7652-449d-b68e-5fa718f84473@group-E436C85FAD58-LeaderElection4] INFO  server.RaftServerConfigKeys (ConfUtils.java:logGet(43)) - raft.server.watch.element-limit = 65536 (default)
2019-10-25 05:40:21,815 [61d80c3a-7652-449d-b68e-5fa718f84473@group-E436C85FAD58-LeaderElection4] INFO  server.RaftServerConfigKeys (ConfUtils.java:logGet(43)) - raft.server.log.appender.snapshot.chunk.size.max = 16MB (=16777216) (default)
2019-10-25 05:40:21,815 [61d80c3a-7652-449d-b68e-5fa718f84473@group-E436C85FAD58-LeaderElection4] INFO  server.RaftServerConfigKeys (ConfUtils.java:logGet(43)) - raft.server.log.appender.buffer.byte-limit = 33554432 (custom)
2019-10-25 05:40:21,815 [61d80c3a-7652-449d-b68e-5fa718f84473@group-E436C85FAD58-LeaderElection4] INFO  server.RaftServerConfigKeys (ConfUtils.java:logGet(43)) - raft.server.log.appender.buffer.element-limit = 1 (custom)
2019-10-25 05:40:21,818 [61d80c3a-7652-449d-b68e-5fa718f84473@group-E436C85FAD58-LeaderElection4] INFO  grpc.GrpcConfigKeys$Server (ConfUtils.java:logGet(43)) - raft.grpc.server.leader.outstanding.appends.max = 128 (default)
2019-10-25 05:40:21,818 [61d80c3a-7652-449d-b68e-5fa718f84473@group-E436C85FAD58-LeaderElection4] INFO  server.RaftServerConfigKeys (ConfUtils.java:logGet(43)) - raft.server.rpc.request.timeout = 3000ms (default)
2019-10-25 05:40:21,818 [61d80c3a-7652-449d-b68e-5fa718f84473@group-E436C85FAD58-LeaderElection4] INFO  server.RaftServerConfigKeys (ConfUtils.java:logGet(43)) - raft.server.log.appender.install.snapshot.enabled = false (custom)
2019-10-25 05:40:21,819 [61d80c3a-7652-449d-b68e-5fa718f84473@group-E436C85FAD58-LeaderElection4] WARN  impl.MetricRegistriesImpl (MetricRegistriesImpl.java:lambda$create$1(61)) - First MetricRegistry has been created without registering reporters. You may need to call MetricRegistries.global().addReportRegistration(...) before.
2019-10-25 05:40:21,820 [61d80c3a-7652-449d-b68e-5fa718f84473@group-E436C85FAD58-LeaderElection4] INFO  server.RaftServerConfigKeys (ConfUtils.java:logGet(43)) - raft.server.log.appender.snapshot.chunk.size.max = 16MB (=16777216) (default)
2019-10-25 05:40:21,820 [61d80c3a-7652-449d-b68e-5fa718f84473@group-E436C85FAD58-LeaderElection4] INFO  server.RaftServerConfigKeys (ConfUtils.java:logGet(43)) - raft.server.log.appender.buffer.byte-limit = 33554432 (custom)
2019-10-25 05:40:21,821 [61d80c3a-7652-449d-b68e-5fa718f84473@group-E436C85FAD58-LeaderElection4] INFO  server.RaftServerConfigKeys (ConfUtils.java:logGet(43)) - raft.server.log.appender.buffer.element-limit = 1 (custom)
2019-10-25 05:40:21,821 [61d80c3a-7652-449d-b68e-5fa718f84473@group-E436C85FAD58-LeaderElection4] INFO  grpc.GrpcConfigKeys$Server (ConfUtils.java:logGet(43)) - raft.grpc.server.leader.outstanding.appends.max = 128 (default)
2019-10-25 05:40:21,821 [61d80c3a-7652-449d-b68e-5fa718f84473@group-E436C85FAD58-LeaderElection4] INFO  server.RaftServerConfigKeys (ConfUtils.java:logGet(43)) - raft.server.rpc.request.timeout = 3000ms (default)
2019-10-25 05:40:21,821 [61d80c3a-7652-449d-b68e-5fa718f84473@group-E436C85FAD58-LeaderElection4] INFO  server.RaftServerConfigKeys (ConfUtils.java:logGet(43)) - raft.server.log.appender.install.snapshot.enabled = false (custom)
2019-10-25 05:40:21,822 [61d80c3a-7652-449d-b68e-5fa718f84473@group-E436C85FAD58-LeaderElection4] INFO  impl.RoleInfo (RoleInfo.java:updateAndGet(143)) - 61d80c3a-7652-449d-b68e-5fa718f84473: start LeaderState
2019-10-25 05:40:21,822 [61d80c3a-7652-449d-b68e-5fa718f84473@group-E436C85FAD58-LeaderElection4] INFO  segmented.SegmentedRaftLogWorker (SegmentedRaftLogWorker.java:startLogSegment(385)) - 61d80c3a-7652-449d-b68e-5fa718f84473@group-E436C85FAD58-SegmentedRaftLogWorker: Starting segment from index:0
2019-10-25 05:40:21,823 [61d80c3a-7652-449d-b68e-5fa718f84473@group-E436C85FAD58-LeaderElection4] INFO  impl.RaftServerImpl (ServerState.java:setRaftConf(356)) - 61d80c3a-7652-449d-b68e-5fa718f84473@group-E436C85FAD58: set configuration 0: [61d80c3a-7652-449d-b68e-5fa718f84473:192.168.157.195:45627, 07cbec61-e91b-416e-becf-32794c7f01be:192.168.157.195:42361, 35510205-702a-42b0-9e73-ae326acfc6fe:192.168.157.195:43594], old=null at 0
2019-10-25 05:40:21,837 [grpc-default-executor-0] INFO  impl.RaftServerImpl (ServerState.java:setLeader(255)) - 07cbec61-e91b-416e-becf-32794c7f01be@group-E436C85FAD58: change Leader from null to 61d80c3a-7652-449d-b68e-5fa718f84473 at term 1 for appendEntries, leader elected after 5089ms
2019-10-25 05:40:21,837 [grpc-default-executor-2] INFO  impl.RaftServerImpl (ServerState.java:setLeader(255)) - 35510205-702a-42b0-9e73-ae326acfc6fe@group-E436C85FAD58: change Leader from null to 61d80c3a-7652-449d-b68e-5fa718f84473 at term 1 for appendEntries, leader elected after 5090ms
2019-10-25 05:40:21,857 [grpc-default-executor-2] INFO  impl.RaftServerImpl (ServerState.java:setRaftConf(356)) - 07cbec61-e91b-416e-becf-32794c7f01be@group-E436C85FAD58: set configuration 0: [61d80c3a-7652-449d-b68e-5fa718f84473:192.168.157.195:45627, 07cbec61-e91b-416e-becf-32794c7f01be:192.168.157.195:42361, 35510205-702a-42b0-9e73-ae326acfc6fe:192.168.157.195:43594], old=null at 0
2019-10-25 05:40:21,857 [grpc-default-executor-0] INFO  impl.RaftServerImpl (ServerState.java:setRaftConf(356)) - 35510205-702a-42b0-9e73-ae326acfc6fe@group-E436C85FAD58: set configuration 0: [61d80c3a-7652-449d-b68e-5fa718f84473:192.168.157.195:45627, 07cbec61-e91b-416e-becf-32794c7f01be:192.168.157.195:42361, 35510205-702a-42b0-9e73-ae326acfc6fe:192.168.157.195:43594], old=null at 0
2019-10-25 05:40:21,857 [grpc-default-executor-2] INFO  segmented.SegmentedRaftLogWorker (SegmentedRaftLogWorker.java:startLogSegment(385)) - 07cbec61-e91b-416e-becf-32794c7f01be@group-E436C85FAD58-SegmentedRaftLogWorker: Starting segment from index:0
2019-10-25 05:40:21,857 [grpc-default-executor-0] INFO  segmented.SegmentedRaftLogWorker (SegmentedRaftLogWorker.java:startLogSegment(385)) - 35510205-702a-42b0-9e73-ae326acfc6fe@group-E436C85FAD58-SegmentedRaftLogWorker: Starting segment from index:0
2019-10-25 05:40:21,942 [61d80c3a-7652-449d-b68e-5fa718f84473@group-EC94F09EE081-SegmentedRaftLogWorker] INFO  segmented.SegmentedRaftLogWorker (SegmentedRaftLogWorker.java:execute(576)) - 61d80c3a-7652-449d-b68e-5fa718f84473@group-EC94F09EE081-SegmentedRaftLogWorker: created new log segment /workdir/hadoop-ozone/integration-test/target/test-dir/MiniOzoneClusterImpl-930516e5-2413-421c-8e65-2cdb10067440/datanode-2/data/ratis/0e410644-1565-4e2b-a3e4-ec94f09ee081/current/log_inprogress_0
2019-10-25 05:40:21,942 [07cbec61-e91b-416e-becf-32794c7f01be@group-E436C85FAD58-SegmentedRaftLogWorker] INFO  segmented.SegmentedRaftLogWorker (SegmentedRaftLogWorker.java:execute(576)) - 07cbec61-e91b-416e-becf-32794c7f01be@group-E436C85FAD58-SegmentedRaftLogWorker: created new log segment /workdir/hadoop-ozone/integration-test/target/test-dir/MiniOzoneClusterImpl-930516e5-2413-421c-8e65-2cdb10067440/datanode-1/data/ratis/c5632910-c548-43bf-b295-e436c85fad58/current/log_inprogress_0
2019-10-25 05:40:21,942 [35510205-702a-42b0-9e73-ae326acfc6fe@group-EC0FC578D71F-SegmentedRaftLogWorker] INFO  segmented.SegmentedRaftLogWorker (SegmentedRaftLogWorker.java:execute(576)) - 35510205-702a-42b0-9e73-ae326acfc6fe@group-EC0FC578D71F-SegmentedRaftLogWorker: created new log segment /workdir/hadoop-ozone/integration-test/target/test-dir/MiniOzoneClusterImpl-930516e5-2413-421c-8e65-2cdb10067440/datanode-0/data/ratis/35b197a9-6a18-4285-adbf-ec0fc578d71f/current/log_inprogress_0
2019-10-25 05:40:21,942 [35510205-702a-42b0-9e73-ae326acfc6fe@group-E436C85FAD58-SegmentedRaftLogWorker] INFO  segmented.SegmentedRaftLogWorker (SegmentedRaftLogWorker.java:execute(576)) - 35510205-702a-42b0-9e73-ae326acfc6fe@group-E436C85FAD58-SegmentedRaftLogWorker: created new log segment /workdir/hadoop-ozone/integration-test/target/test-dir/MiniOzoneClusterImpl-930516e5-2413-421c-8e65-2cdb10067440/datanode-0/data/ratis/c5632910-c548-43bf-b295-e436c85fad58/current/log_inprogress_0
2019-10-25 05:40:21,942 [61d80c3a-7652-449d-b68e-5fa718f84473@group-E436C85FAD58-SegmentedRaftLogWorker] INFO  segmented.SegmentedRaftLogWorker (SegmentedRaftLogWorker.java:execute(576)) - 61d80c3a-7652-449d-b68e-5fa718f84473@group-E436C85FAD58-SegmentedRaftLogWorker: created new log segment /workdir/hadoop-ozone/integration-test/target/test-dir/MiniOzoneClusterImpl-930516e5-2413-421c-8e65-2cdb10067440/datanode-2/data/ratis/c5632910-c548-43bf-b295-e436c85fad58/current/log_inprogress_0
2019-10-25 05:40:21,942 [07cbec61-e91b-416e-becf-32794c7f01be@group-E3343B269492-SegmentedRaftLogWorker] INFO  segmented.SegmentedRaftLogWorker (SegmentedRaftLogWorker.java:execute(576)) - 07cbec61-e91b-416e-becf-32794c7f01be@group-E3343B269492-SegmentedRaftLogWorker: created new log segment /workdir/hadoop-ozone/integration-test/target/test-dir/MiniOzoneClusterImpl-930516e5-2413-421c-8e65-2cdb10067440/datanode-1/data/ratis/9ff54bc6-4246-4000-b6d7-e3343b269492/current/log_inprogress_0
2019-10-25 05:40:22,553 [Datanode State Machine Thread - 0] INFO  statemachine.DatanodeStateMachine (DatanodeStateMachine.java:lambda$startDaemon$0(350)) - Ozone container server started.
2019-10-25 05:40:27,513 [main] INFO  ozoneimpl.OzoneContainer (OzoneContainer.java:stop(227)) - Attempting to stop container services.
2019-10-25 05:40:27,515 [main] INFO  impl.RaftServerProxy (RaftServerProxy.java:lambda$close$4(314)) - 07cbec61-e91b-416e-becf-32794c7f01be: close
2019-10-25 05:40:27,516 [main] INFO  impl.RaftServerImpl (RaftServerImpl.java:lambda$shutdown$3(250)) - 07cbec61-e91b-416e-becf-32794c7f01be@group-E436C85FAD58: shutdown
2019-10-25 05:40:27,517 [main] INFO  util.JmxRegister (JmxRegister.java:unregister(73)) - Successfully un-registered JMX Bean with object name Ratis:service=RaftServer,group=group-E436C85FAD58,id=07cbec61-e91b-416e-becf-32794c7f01be
2019-10-25 05:40:27,517 [main] INFO  impl.RoleInfo (RoleInfo.java:shutdownFollowerState(121)) - 07cbec61-e91b-416e-becf-32794c7f01be: shutdown FollowerState
2019-10-25 05:40:27,517 [Thread-240] INFO  impl.FollowerState (FollowerState.java:run(120)) - 07cbec61-e91b-416e-becf-32794c7f01be@group-E436C85FAD58-FollowerState was interrupted: java.lang.InterruptedException: sleep interrupted
2019-10-25 05:40:27,517 [main] INFO  impl.StateMachineUpdater (StateMachineUpdater.java:stopAndJoin(136)) - 07cbec61-e91b-416e-becf-32794c7f01be@group-E436C85FAD58-StateMachineUpdater: set stopIndex = 4
2019-10-25 05:40:27,519 [07cbec61-e91b-416e-becf-32794c7f01be@group-E436C85FAD58-StateMachineUpdater] INFO  ratis.ContainerStateMachine (ContainerStateMachine.java:takeSnapshot(294)) - group-E436C85FAD58: Taking a snapshot at:(t:1, i:3) file /workdir/hadoop-ozone/integration-test/target/test-dir/MiniOzoneClusterImpl-930516e5-2413-421c-8e65-2cdb10067440/datanode-1/data/ratis/c5632910-c548-43bf-b295-e436c85fad58/sm/snapshot.1_3
2019-10-25 05:40:27,635 [07cbec61-e91b-416e-becf-32794c7f01be@group-E436C85FAD58-StateMachineUpdater] INFO  ratis.ContainerStateMachine (ContainerStateMachine.java:takeSnapshot(305)) - group-E436C85FAD58: Finished taking a snapshot at:(t:1, i:3) file:/workdir/hadoop-ozone/integration-test/target/test-dir/MiniOzoneClusterImpl-930516e5-2413-421c-8e65-2cdb10067440/datanode-1/data/ratis/c5632910-c548-43bf-b295-e436c85fad58/sm/snapshot.1_3 time:117
2019-10-25 05:40:27,637 [07cbec61-e91b-416e-becf-32794c7f01be@group-E436C85FAD58-StateMachineUpdater] INFO  impl.StateMachineUpdater (StateMachineUpdater.java:takeSnapshot(269)) - 07cbec61-e91b-416e-becf-32794c7f01be@group-E436C85FAD58-StateMachineUpdater: Took a snapshot at index 3
2019-10-25 05:40:27,639 [07cbec61-e91b-416e-becf-32794c7f01be@group-E436C85FAD58-StateMachineUpdater] INFO  impl.StateMachineUpdater (StateMachineUpdater.java:lambda$new$0(84)) - 07cbec61-e91b-416e-becf-32794c7f01be@group-E436C85FAD58-StateMachineUpdater: snapshotIndex: updateIncreasingly -1 -> 3
2019-10-25 05:40:27,643 [07cbec61-e91b-416e-becf-32794c7f01be@group-E436C85FAD58-StateMachineUpdater] INFO  ratis.ContainerStateMachine (ContainerStateMachine.java:takeSnapshot(294)) - group-E436C85FAD58: Taking a snapshot at:(t:1, i:3) file /workdir/hadoop-ozone/integration-test/target/test-dir/MiniOzoneClusterImpl-930516e5-2413-421c-8e65-2cdb10067440/datanode-1/data/ratis/c5632910-c548-43bf-b295-e436c85fad58/sm/snapshot.1_3
2019-10-25 05:40:27,655 [07cbec61-e91b-416e-becf-32794c7f01be@group-E436C85FAD58-StateMachineUpdater] INFO  ratis.ContainerStateMachine (ContainerStateMachine.java:takeSnapshot(305)) - group-E436C85FAD58: Finished taking a snapshot at:(t:1, i:3) file:/workdir/hadoop-ozone/integration-test/target/test-dir/MiniOzoneClusterImpl-930516e5-2413-421c-8e65-2cdb10067440/datanode-1/data/ratis/c5632910-c548-43bf-b295-e436c85fad58/sm/snapshot.1_3 time:12
2019-10-25 05:40:27,656 [07cbec61-e91b-416e-becf-32794c7f01be@group-E436C85FAD58-StateMachineUpdater] INFO  impl.StateMachineUpdater (StateMachineUpdater.java:takeSnapshot(269)) - 07cbec61-e91b-416e-becf-32794c7f01be@group-E436C85FAD58-StateMachineUpdater: Took a snapshot at index 3
2019-10-25 05:40:27,656 [07cbec61-e91b-416e-becf-32794c7f01be@group-E436C85FAD58-StateMachineUpdater] INFO  impl.StateMachineUpdater (StateMachineUpdater.java:lambda$new$0(84)) - 07cbec61-e91b-416e-becf-32794c7f01be@group-E436C85FAD58-StateMachineUpdater: snapshotIndex: updateIncreasingly 3 -> 3
2019-10-25 05:40:27,657 [main] INFO  impl.RaftServerImpl (ServerState.java:close(387)) - 07cbec61-e91b-416e-becf-32794c7f01be@group-E436C85FAD58: closes. applyIndex: 4
2019-10-25 05:40:27,658 [07cbec61-e91b-416e-becf-32794c7f01be@group-E436C85FAD58-SegmentedRaftLogWorker] INFO  segmented.SegmentedRaftLogWorker (SegmentedRaftLogWorker.java:run(316)) - 07cbec61-e91b-416e-becf-32794c7f01be@group-E436C85FAD58-SegmentedRaftLogWorker was interrupted, exiting. There are 0 tasks remaining in the queue.
2019-10-25 05:40:27,660 [main] INFO  segmented.SegmentedRaftLogWorker (SegmentedRaftLogWorker.java:close(224)) - 07cbec61-e91b-416e-becf-32794c7f01be@group-E436C85FAD58-SegmentedRaftLogWorker close()
2019-10-25 05:40:27,662 [main] INFO  impl.RaftServerImpl (RaftServerImpl.java:lambda$shutdown$3(250)) - 07cbec61-e91b-416e-becf-32794c7f01be@group-E3343B269492: shutdown
2019-10-25 05:40:27,662 [main] INFO  util.JmxRegister (JmxRegister.java:unregister(73)) - Successfully un-registered JMX Bean with object name Ratis:service=RaftServer,group=group-E3343B269492,id=07cbec61-e91b-416e-becf-32794c7f01be
2019-10-25 05:40:27,662 [main] INFO  impl.RoleInfo (RoleInfo.java:shutdownLeaderState(104)) - 07cbec61-e91b-416e-becf-32794c7f01be: shutdown LeaderState
2019-10-25 05:40:27,663 [main] INFO  impl.PendingRequests (PendingRequests.java:sendNotLeaderResponses(206)) - 07cbec61-e91b-416e-becf-32794c7f01be@group-E3343B269492-PendingRequests: sendNotLeaderResponses
2019-10-25 05:40:27,664 [main] INFO  impl.StateMachineUpdater (StateMachineUpdater.java:stopAndJoin(136)) - 07cbec61-e91b-416e-becf-32794c7f01be@group-E3343B269492-StateMachineUpdater: set stopIndex = 0
2019-10-25 05:40:27,665 [main] INFO  impl.RaftServerImpl (ServerState.java:close(387)) - 07cbec61-e91b-416e-becf-32794c7f01be@group-E3343B269492: closes. applyIndex: 0
2019-10-25 05:40:27,665 [07cbec61-e91b-416e-becf-32794c7f01be@group-E3343B269492-SegmentedRaftLogWorker] INFO  segmented.SegmentedRaftLogWorker (SegmentedRaftLogWorker.java:run(316)) - 07cbec61-e91b-416e-becf-32794c7f01be@group-E3343B269492-SegmentedRaftLogWorker was interrupted, exiting. There are 0 tasks remaining in the queue.
2019-10-25 05:40:27,667 [main] INFO  segmented.SegmentedRaftLogWorker (SegmentedRaftLogWorker.java:close(224)) - 07cbec61-e91b-416e-becf-32794c7f01be@group-E3343B269492-SegmentedRaftLogWorker close()
2019-10-25 05:40:27,668 [main] INFO  server.GrpcService (GrpcService.java:closeImpl(164)) - 07cbec61-e91b-416e-becf-32794c7f01be: shutdown server with port 42361 now
2019-10-25 05:40:27,674 [main] INFO  server.GrpcService (GrpcService.java:closeImpl(172)) - 07cbec61-e91b-416e-becf-32794c7f01be: shutdown server with port 42361 successfully
2019-10-25 05:40:27,675 [grpc-default-executor-0] WARN  server.GrpcServerProtocolService (LogUtils.java:warn(134)) - 07cbec61-e91b-416e-becf-32794c7f01be: installSnapshot onError, lastRequest: 61d80c3a-7652-449d-b68e-5fa718f84473->07cbec61-e91b-416e-becf-32794c7f01be#7-t1, previous=(t:1, i:4), leaderCommit=4, initializing? false, entries: <empty>: org.apache.ratis.thirdparty.io.grpc.StatusRuntimeException: CANCELLED: cancelled before receiving half close
2019-10-25 05:40:27,676 [refreshUsed-/workdir/hadoop-ozone/integration-test/target/test-dir/MiniOzoneClusterImpl-930516e5-2413-421c-8e65-2cdb10067440/datanode-1/data/containers] WARN  fs.CachingGetSpaceUsed (CachingGetSpaceUsed.java:run(183)) - Thread Interrupted waiting to refresh disk information: sleep interrupted
2019-10-25 05:40:27,679 [grpc-default-executor-2] WARN  server.GrpcLogAppender (LogUtils.java:warn(134)) - 61d80c3a-7652-449d-b68e-5fa718f84473@group-E436C85FAD58->07cbec61-e91b-416e-becf-32794c7f01be-AppendLogResponseHandler: Failed appendEntries: org.apache.ratis.thirdparty.io.grpc.StatusRuntimeException: CANCELLED: HTTP/2 error code: CANCEL
Received Rst Stream
2019-10-25 05:40:27,698 [main] INFO  utils.BackgroundService (BackgroundService.java:shutdown(151)) - Shutting down service BlockDeletingService
2019-10-25 05:40:27,702 [main] INFO  statemachine.DatanodeStateMachine (DatanodeStateMachine.java:stopDaemon(395)) - Ozone container server stopped.
2019-10-25 05:40:27,705 [main] INFO  handler.ContextHandler (ContextHandler.java:doStop(910)) - Stopped o.e.j.w.WebAppContext@60325987{/,null,UNAVAILABLE}{/hddsDatanode}
2019-10-25 05:40:27,710 [main] INFO  server.AbstractConnector (AbstractConnector.java:doStop(318)) - Stopped ServerConnector@2f37f1f9{HTTP/1.1,[http/1.1]}{0.0.0.0:0}
2019-10-25 05:40:27,710 [main] INFO  handler.ContextHandler (ContextHandler.java:doStop(910)) - Stopped o.e.j.s.ServletContextHandler@1e8ab90f{/static,jar:file:/home/user/.m2/repository/org/apache/hadoop/hadoop-hdds-container-service/0.5.0-SNAPSHOT/hadoop-hdds-container-service-0.5.0-SNAPSHOT.jar!/webapps/static,UNAVAILABLE}
2019-10-25 05:40:27,710 [main] INFO  handler.ContextHandler (ContextHandler.java:doStop(910)) - Stopped o.e.j.s.ServletContextHandler@30364216{/logs,file:///workdir/hadoop-ozone/integration-test/target/log,UNAVAILABLE}
2019-10-25 05:40:30,717 [java.util.concurrent.ThreadPoolExecutor$Worker@aec7811[State = -1, empty queue]] WARN  server.GrpcLogAppender (GrpcLogAppender.java:timeoutAppendRequest(209)) - 61d80c3a-7652-449d-b68e-5fa718f84473@group-E436C85FAD58->07cbec61-e91b-416e-becf-32794c7f01be-GrpcLogAppender: appendEntries Timeout, request=61d80c3a-7652-449d-b68e-5fa718f84473->07cbec61-e91b-416e-becf-32794c7f01be#8-t1, previous=(t:1, i:4), leaderCommit=4, initializing? false, entries: size=1, first=(t:1, i:5), STATEMACHINELOGENTRY, client-042E50236798, cid=8
2019-10-25 05:40:30,719 [java.util.concurrent.ThreadPoolExecutor$Worker@aec7811[State = -1, empty queue]] WARN  server.GrpcLogAppender (GrpcLogAppender.java:timeoutAppendRequest(209)) - 61d80c3a-7652-449d-b68e-5fa718f84473@group-E436C85FAD58->07cbec61-e91b-416e-becf-32794c7f01be-GrpcLogAppender: appendEntries Timeout, request=61d80c3a-7652-449d-b68e-5fa718f84473->07cbec61-e91b-416e-becf-32794c7f01be#9-t1, previous=(t:1, i:5), leaderCommit=4, initializing? false, entries: size=1, first=(t:1, i:6), STATEMACHINELOGENTRY, client-042E50236798, cid=9
2019-10-25 05:40:30,723 [java.util.concurrent.ThreadPoolExecutor$Worker@aec7811[State = -1, empty queue]] WARN  server.GrpcLogAppender (GrpcLogAppender.java:timeoutAppendRequest(209)) - 61d80c3a-7652-449d-b68e-5fa718f84473@group-E436C85FAD58->07cbec61-e91b-416e-becf-32794c7f01be-GrpcLogAppender: appendEntries Timeout, request=61d80c3a-7652-449d-b68e-5fa718f84473->07cbec61-e91b-416e-becf-32794c7f01be#10-t1, previous=(t:1, i:6), leaderCommit=6, initializing? false, entries: size=1, first=(t:1, i:7), METADATAENTRY(c5)
2019-10-25 05:40:30,725 [java.util.concurrent.ThreadPoolExecutor$Worker@aec7811[State = -1, empty queue]] WARN  server.GrpcLogAppender (GrpcLogAppender.java:timeoutAppendRequest(209)) - 61d80c3a-7652-449d-b68e-5fa718f84473@group-E436C85FAD58->07cbec61-e91b-416e-becf-32794c7f01be-GrpcLogAppender: appendEntries Timeout, request=61d80c3a-7652-449d-b68e-5fa718f84473->07cbec61-e91b-416e-becf-32794c7f01be#11-t1, previous=(t:1, i:7), leaderCommit=6, initializing? false, entries: size=1, first=(t:1, i:8), METADATAENTRY(c6)
2019-10-25 05:40:33,227 [java.util.concurrent.ThreadPoolExecutor$Worker@aec7811[State = -1, empty queue]] WARN  server.GrpcLogAppender (GrpcLogAppender.java:timeoutAppendRequest(209)) - 61d80c3a-7652-449d-b68e-5fa718f84473@group-E436C85FAD58->07cbec61-e91b-416e-becf-32794c7f01be-GrpcLogAppender: appendEntries Timeout, request=61d80c3a-7652-449d-b68e-5fa718f84473->07cbec61-e91b-416e-becf-32794c7f01be#12-t1, previous=(t:1, i:8), leaderCommit=8, initializing? false, entries: <empty>
2019-10-25 05:40:35,731 [java.util.concurrent.ThreadPoolExecutor$Worker@aec7811[State = -1, empty queue]] WARN  server.GrpcLogAppender (GrpcLogAppender.java:timeoutAppendRequest(209)) - 61d80c3a-7652-449d-b68e-5fa718f84473@group-E436C85FAD58->07cbec61-e91b-416e-becf-32794c7f01be-GrpcLogAppender: appendEntries Timeout, request=61d80c3a-7652-449d-b68e-5fa718f84473->07cbec61-e91b-416e-becf-32794c7f01be#13-t1, previous=(t:1, i:8), leaderCommit=8, initializing? false, entries: <empty>
2019-10-25 05:40:37,768 [Thread-290] INFO  client.GrpcClientProtocolService (GrpcClientProtocolService.java:lambda$processClientRequest$0(279)) - Failed RaftClientRequest:client-042E50236798->35510205-702a-42b0-9e73-ae326acfc6fe@group-E436C85FAD58, cid=10, seq=0, Watch-ALL_COMMITTED(6), Message:<EMPTY>, reply=RaftClientReply:client-042E50236798->35510205-702a-42b0-9e73-ae326acfc6fe@group-E436C85FAD58, cid=10, FAILED org.apache.ratis.protocol.NotLeaderException: Server 35510205-702a-42b0-9e73-ae326acfc6fe@group-E436C85FAD58 is not the leader 61d80c3a-7652-449d-b68e-5fa718f84473:192.168.157.195:45627, logIndex=0, commits[35510205-702a-42b0-9e73-ae326acfc6fe:c8, 61d80c3a-7652-449d-b68e-5fa718f84473:c8, 07cbec61-e91b-416e-becf-32794c7f01be:c4]
2019-10-25 05:40:38,232 [java.util.concurrent.ThreadPoolExecutor$Worker@aec7811[State = -1, empty queue]] WARN  server.GrpcLogAppender (GrpcLogAppender.java:timeoutAppendRequest(209)) - 61d80c3a-7652-449d-b68e-5fa718f84473@group-E436C85FAD58->07cbec61-e91b-416e-becf-32794c7f01be-GrpcLogAppender: appendEntries Timeout, request=61d80c3a-7652-449d-b68e-5fa718f84473->07cbec61-e91b-416e-becf-32794c7f01be#14-t1, previous=(t:1, i:8), leaderCommit=8, initializing? false, entries: <empty>
2019-10-25 05:40:38,587 [Thread-293] INFO  client.GrpcClientProtocolService (GrpcClientProtocolService.java:lambda$processClientRequest$0(279)) - Failed RaftClientRequest:client-042E50236798->61d80c3a-7652-449d-b68e-5fa718f84473@group-E436C85FAD58, cid=10, seq=0, Watch-ALL_COMMITTED(6), Message:<EMPTY>, reply=RaftClientReply:client-042E50236798->61d80c3a-7652-449d-b68e-5fa718f84473@group-E436C85FAD58, cid=10, FAILED org.apache.ratis.protocol.NotReplicatedException: Request with call Id 10 and log index 6 is not yet replicated to ALL_COMMITTED, logIndex=6, commits[61d80c3a-7652-449d-b68e-5fa718f84473:c8, 07cbec61-e91b-416e-becf-32794c7f01be:c4, 35510205-702a-42b0-9e73-ae326acfc6fe:c8]
2019-10-25 05:40:40,733 [java.util.concurrent.ThreadPoolExecutor$Worker@aec7811[State = -1, empty queue]] WARN  server.GrpcLogAppender (GrpcLogAppender.java:timeoutAppendRequest(209)) - 61d80c3a-7652-449d-b68e-5fa718f84473@group-E436C85FAD58->07cbec61-e91b-416e-becf-32794c7f01be-GrpcLogAppender: appendEntries Timeout, request=61d80c3a-7652-449d-b68e-5fa718f84473->07cbec61-e91b-416e-becf-32794c7f01be#15-t1, previous=(t:1, i:8), leaderCommit=8, initializing? false, entries: <empty>
2019-10-25 05:40:43,233 [java.util.concurrent.ThreadPoolExecutor$Worker@aec7811[State = -1, empty queue]] WARN  server.GrpcLogAppender (GrpcLogAppender.java:timeoutAppendRequest(209)) - 61d80c3a-7652-449d-b68e-5fa718f84473@group-E436C85FAD58->07cbec61-e91b-416e-becf-32794c7f01be-GrpcLogAppender: appendEntries Timeout, request=61d80c3a-7652-449d-b68e-5fa718f84473->07cbec61-e91b-416e-becf-32794c7f01be#16-t1, previous=(t:1, i:8), leaderCommit=8, initializing? false, entries: <empty>
2019-10-25 05:40:45,736 [java.util.concurrent.ThreadPoolExecutor$Worker@aec7811[State = -1, empty queue]] WARN  server.GrpcLogAppender (GrpcLogAppender.java:timeoutAppendRequest(209)) - 61d80c3a-7652-449d-b68e-5fa718f84473@group-E436C85FAD58->07cbec61-e91b-416e-becf-32794c7f01be-GrpcLogAppender: appendEntries Timeout, request=61d80c3a-7652-449d-b68e-5fa718f84473->07cbec61-e91b-416e-becf-32794c7f01be#17-t1, previous=(t:1, i:8), leaderCommit=8, initializing? false, entries: <empty>
2019-10-25 05:40:48,236 [java.util.concurrent.ThreadPoolExecutor$Worker@aec7811[State = -1, empty queue]] WARN  server.GrpcLogAppender (GrpcLogAppender.java:timeoutAppendRequest(209)) - 61d80c3a-7652-449d-b68e-5fa718f84473@group-E436C85FAD58->07cbec61-e91b-416e-becf-32794c7f01be-GrpcLogAppender: appendEntries Timeout, request=61d80c3a-7652-449d-b68e-5fa718f84473->07cbec61-e91b-416e-becf-32794c7f01be#18-t1, previous=(t:1, i:8), leaderCommit=8, initializing? false, entries: <empty>
2019-10-25 05:40:48,584 [Thread-302] INFO  client.GrpcClientProtocolService (GrpcClientProtocolService.java:lambda$processClientRequest$0(279)) - Failed RaftClientRequest:client-042E50236798->61d80c3a-7652-449d-b68e-5fa718f84473@group-E436C85FAD58, cid=10, seq=0, Watch-ALL_COMMITTED(6), Message:<EMPTY>, reply=RaftClientReply:client-042E50236798->61d80c3a-7652-449d-b68e-5fa718f84473@group-E436C85FAD58, cid=10, FAILED org.apache.ratis.protocol.NotReplicatedException: Request with call Id 10 and log index 6 is not yet replicated to ALL_COMMITTED, logIndex=6, commits[61d80c3a-7652-449d-b68e-5fa718f84473:c8, 07cbec61-e91b-416e-becf-32794c7f01be:c4, 35510205-702a-42b0-9e73-ae326acfc6fe:c8]
2019-10-25 05:40:50,737 [java.util.concurrent.ThreadPoolExecutor$Worker@aec7811[State = -1, empty queue]] WARN  server.GrpcLogAppender (GrpcLogAppender.java:timeoutAppendRequest(209)) - 61d80c3a-7652-449d-b68e-5fa718f84473@group-E436C85FAD58->07cbec61-e91b-416e-becf-32794c7f01be-GrpcLogAppender: appendEntries Timeout, request=61d80c3a-7652-449d-b68e-5fa718f84473->07cbec61-e91b-416e-becf-32794c7f01be#19-t1, previous=(t:1, i:8), leaderCommit=8, initializing? false, entries: <empty>
2019-10-25 05:40:53,238 [java.util.concurrent.ThreadPoolExecutor$Worker@aec7811[State = -1, empty queue]] WARN  server.GrpcLogAppender (GrpcLogAppender.java:timeoutAppendRequest(209)) - 61d80c3a-7652-449d-b68e-5fa718f84473@group-E436C85FAD58->07cbec61-e91b-416e-becf-32794c7f01be-GrpcLogAppender: appendEntries Timeout, request=61d80c3a-7652-449d-b68e-5fa718f84473->07cbec61-e91b-416e-becf-32794c7f01be#20-t1, previous=(t:1, i:8), leaderCommit=8, initializing? false, entries: <empty>
2019-10-25 05:40:55,739 [java.util.concurrent.ThreadPoolExecutor$Worker@aec7811[State = -1, empty queue]] WARN  server.GrpcLogAppender (GrpcLogAppender.java:timeoutAppendRequest(209)) - 61d80c3a-7652-449d-b68e-5fa718f84473@group-E436C85FAD58->07cbec61-e91b-416e-becf-32794c7f01be-GrpcLogAppender: appendEntries Timeout, request=61d80c3a-7652-449d-b68e-5fa718f84473->07cbec61-e91b-416e-becf-32794c7f01be#21-t1, previous=(t:1, i:8), leaderCommit=8, initializing? false, entries: <empty>
2019-10-25 05:40:56,826 [Thread-308] INFO  client.GrpcClientProtocolService (GrpcClientProtocolService.java:lambda$processClientRequest$0(279)) - Failed RaftClientRequest:client-042E50236798->35510205-702a-42b0-9e73-ae326acfc6fe@group-E436C85FAD58, cid=10, seq=0, Watch-ALL_COMMITTED(6), Message:<EMPTY>, reply=RaftClientReply:client-042E50236798->35510205-702a-42b0-9e73-ae326acfc6fe@group-E436C85FAD58, cid=10, FAILED org.apache.ratis.protocol.NotLeaderException: Server 35510205-702a-42b0-9e73-ae326acfc6fe@group-E436C85FAD58 is not the leader 61d80c3a-7652-449d-b68e-5fa718f84473:192.168.157.195:45627, logIndex=0, commits[35510205-702a-42b0-9e73-ae326acfc6fe:c8, 61d80c3a-7652-449d-b68e-5fa718f84473:c8, 07cbec61-e91b-416e-becf-32794c7f01be:c4]
2019-10-25 05:40:57,739 [main] WARN  scm.XceiverClientRatis (XceiverClientRatis.java:watchForCommit(277)) - 3 way commit failed on pipeline Pipeline[ Id: c5632910-c548-43bf-b295-e436c85fad58, Nodes: 07cbec61-e91b-416e-becf-32794c7f01be{ip: 192.168.157.195, host: pr-hdds-1701-sv9gv-972070529, networkLocation: /default-rack, certSerialId: null}35510205-702a-42b0-9e73-ae326acfc6fe{ip: 192.168.157.195, host: pr-hdds-1701-sv9gv-972070529, networkLocation: /default-rack, certSerialId: null}61d80c3a-7652-449d-b68e-5fa718f84473{ip: 192.168.157.195, host: pr-hdds-1701-sv9gv-972070529, networkLocation: /default-rack, certSerialId: null}, Type:RATIS, Factor:THREE, State:OPEN]
java.util.concurrent.TimeoutException
	at java.util.concurrent.CompletableFuture.timedGet(CompletableFuture.java:1771)
	at java.util.concurrent.CompletableFuture.get(CompletableFuture.java:1915)
	at org.apache.hadoop.hdds.scm.XceiverClientRatis.watchForCommit(XceiverClientRatis.java:274)
	at org.apache.hadoop.hdds.scm.storage.CommitWatcher.watchForCommit(CommitWatcher.java:198)
	at org.apache.hadoop.hdds.scm.storage.CommitWatcher.watchOnLastIndex(CommitWatcher.java:161)
	at org.apache.hadoop.hdds.scm.storage.BlockOutputStream.watchForCommit(BlockOutputStream.java:346)
	at org.apache.hadoop.hdds.scm.storage.BlockOutputStream.handleFlush(BlockOutputStream.java:482)
	at org.apache.hadoop.hdds.scm.storage.BlockOutputStream.close(BlockOutputStream.java:496)
	at org.apache.hadoop.ozone.client.io.BlockOutputStreamEntry.close(BlockOutputStreamEntry.java:143)
	at org.apache.hadoop.ozone.client.io.KeyOutputStream.handleFlushOrClose(KeyOutputStream.java:435)
	at org.apache.hadoop.ozone.client.io.KeyOutputStream.close(KeyOutputStream.java:473)
	at org.apache.hadoop.ozone.client.io.OzoneOutputStream.close(OzoneOutputStream.java:60)
	at org.apache.hadoop.ozone.client.rpc.TestDeleteWithSlowFollower.testDeleteKeyWithSlowFollower(TestDeleteWithSlowFollower.java:193)
	at sun.reflect.NativeMethodAccessorImpl.invoke0(Native Method)
	at sun.reflect.NativeMethodAccessorImpl.invoke(NativeMethodAccessorImpl.java:62)
	at sun.reflect.DelegatingMethodAccessorImpl.invoke(DelegatingMethodAccessorImpl.java:43)
	at java.lang.reflect.Method.invoke(Method.java:498)
	at org.junit.runners.model.FrameworkMethod$1.runReflectiveCall(FrameworkMethod.java:47)
	at org.junit.internal.runners.model.ReflectiveCallable.run(ReflectiveCallable.java:12)
	at org.junit.runners.model.FrameworkMethod.invokeExplosively(FrameworkMethod.java:44)
	at org.junit.internal.runners.statements.InvokeMethod.evaluate(InvokeMethod.java:17)
	at org.junit.runners.ParentRunner.runLeaf(ParentRunner.java:271)
	at org.junit.runners.BlockJUnit4ClassRunner.runChild(BlockJUnit4ClassRunner.java:70)
	at org.junit.runners.BlockJUnit4ClassRunner.runChild(BlockJUnit4ClassRunner.java:50)
	at org.junit.runners.ParentRunner$3.run(ParentRunner.java:238)
	at org.junit.runners.ParentRunner$1.schedule(ParentRunner.java:63)
	at org.junit.runners.ParentRunner.runChildren(ParentRunner.java:236)
	at org.junit.runners.ParentRunner.access$000(ParentRunner.java:53)
	at org.junit.runners.ParentRunner$2.evaluate(ParentRunner.java:229)
	at org.junit.internal.runners.statements.RunBefores.evaluate(RunBefores.java:26)
	at org.junit.internal.runners.statements.RunAfters.evaluate(RunAfters.java:27)
	at org.junit.runners.ParentRunner.run(ParentRunner.java:309)
	at org.apache.maven.surefire.junit4.JUnit4Provider.execute(JUnit4Provider.java:365)
	at org.apache.maven.surefire.junit4.JUnit4Provider.executeWithRerun(JUnit4Provider.java:273)
	at org.apache.maven.surefire.junit4.JUnit4Provider.executeTestSet(JUnit4Provider.java:238)
	at org.apache.maven.surefire.junit4.JUnit4Provider.invoke(JUnit4Provider.java:159)
	at org.apache.maven.surefire.booter.ForkedBooter.invokeProviderInSameClassLoader(ForkedBooter.java:384)
	at org.apache.maven.surefire.booter.ForkedBooter.runSuitesInProcess(ForkedBooter.java:345)
	at org.apache.maven.surefire.booter.ForkedBooter.execute(ForkedBooter.java:126)
	at org.apache.maven.surefire.booter.ForkedBooter.main(ForkedBooter.java:418)
2019-10-25 05:40:57,752 [main] INFO  scm.XceiverClientRatis (XceiverClientRatis.java:lambda$watchForCommit$5(295)) - Could not commit index 6 on pipeline Pipeline[ Id: c5632910-c548-43bf-b295-e436c85fad58, Nodes: 07cbec61-e91b-416e-becf-32794c7f01be{ip: 192.168.157.195, host: pr-hdds-1701-sv9gv-972070529, networkLocation: /default-rack, certSerialId: null}35510205-702a-42b0-9e73-ae326acfc6fe{ip: 192.168.157.195, host: pr-hdds-1701-sv9gv-972070529, networkLocation: /default-rack, certSerialId: null}61d80c3a-7652-449d-b68e-5fa718f84473{ip: 192.168.157.195, host: pr-hdds-1701-sv9gv-972070529, networkLocation: /default-rack, certSerialId: null}, Type:RATIS, Factor:THREE, State:OPEN] to all the nodes. Server 07cbec61-e91b-416e-becf-32794c7f01be has failed. Committed by majority.
2019-10-25 05:40:57,752 [main] WARN  storage.BlockOutputStream (BlockOutputStream.java:watchForCommit(352)) - Failed to commit BlockId conID: 1 locID: 103021413524635648 bcsId: 6 on Pipeline[ Id: c5632910-c548-43bf-b295-e436c85fad58, Nodes: 07cbec61-e91b-416e-becf-32794c7f01be{ip: 192.168.157.195, host: pr-hdds-1701-sv9gv-972070529, networkLocation: /default-rack, certSerialId: null}35510205-702a-42b0-9e73-ae326acfc6fe{ip: 192.168.157.195, host: pr-hdds-1701-sv9gv-972070529, networkLocation: /default-rack, certSerialId: null}61d80c3a-7652-449d-b68e-5fa718f84473{ip: 192.168.157.195, host: pr-hdds-1701-sv9gv-972070529, networkLocation: /default-rack, certSerialId: null}, Type:RATIS, Factor:THREE, State:OPEN]. Failed nodes: [07cbec61-e91b-416e-becf-32794c7f01be{ip: null, host: null, networkLocation: /default-rack, certSerialId: null}]
2019-10-25 05:40:58,241 [java.util.concurrent.ThreadPoolExecutor$Worker@aec7811[State = -1, empty queue]] WARN  server.GrpcLogAppender (GrpcLogAppender.java:timeoutAppendRequest(209)) - 61d80c3a-7652-449d-b68e-5fa718f84473@group-E436C85FAD58->07cbec61-e91b-416e-becf-32794c7f01be-GrpcLogAppender: appendEntries Timeout, request=61d80c3a-7652-449d-b68e-5fa718f84473->07cbec61-e91b-416e-becf-32794c7f01be#22-t1, previous=(t:1, i:8), leaderCommit=8, initializing? false, entries: <empty>
2019-10-25 05:40:58,584 [Thread-317] INFO  client.GrpcClientProtocolService (GrpcClientProtocolService.java:lambda$processClientRequest$0(279)) - Failed RaftClientRequest:client-042E50236798->61d80c3a-7652-449d-b68e-5fa718f84473@group-E436C85FAD58, cid=10, seq=0, Watch-ALL_COMMITTED(6), Message:<EMPTY>, reply=RaftClientReply:client-042E50236798->61d80c3a-7652-449d-b68e-5fa718f84473@group-E436C85FAD58, cid=10, FAILED org.apache.ratis.protocol.NotReplicatedException: Request with call Id 10 and log index 6 is not yet replicated to ALL_COMMITTED, logIndex=6, commits[61d80c3a-7652-449d-b68e-5fa718f84473:c8, 07cbec61-e91b-416e-becf-32794c7f01be:c4, 35510205-702a-42b0-9e73-ae326acfc6fe:c8]
2019-10-25 05:40:58,850 [EventQueue-IncrementalContainerReportForIncrementalContainerReportHandler] WARN  container.IncrementalContainerReportHandler (AbstractContainerReportHandler.java:updateContainerState(145)) - Container #1 is in OPEN state, but the datanode 61d80c3a-7652-449d-b68e-5fa718f84473{ip: 192.168.157.195, host: pr-hdds-1701-sv9gv-972070529, networkLocation: /default-rack, certSerialId: null} reports an CLOSING replica.
2019-10-25 05:40:58,861 [RatisApplyTransactionExecutor 1] INFO  interfaces.Container (KeyValueContainer.java:flushAndSyncDB(386)) - Container 1 is synced with bcsId 6.
2019-10-25 05:40:58,863 [RatisApplyTransactionExecutor 1] INFO  interfaces.Container (KeyValueContainer.java:flushAndSyncDB(386)) - Container 1 is synced with bcsId 6.
2019-10-25 05:40:58,867 [EventQueue-IncrementalContainerReportForIncrementalContainerReportHandler] WARN  container.IncrementalContainerReportHandler (AbstractContainerReportHandler.java:updateContainerState(145)) - Container #1 is in OPEN state, but the datanode 35510205-702a-42b0-9e73-ae326acfc6fe{ip: 192.168.157.195, host: pr-hdds-1701-sv9gv-972070529, networkLocation: /default-rack, certSerialId: null} reports an CLOSING replica.
2019-10-25 05:40:58,868 [EventQueue-ContainerReportForContainerReportHandler] WARN  container.ContainerReportHandler (AbstractContainerReportHandler.java:updateContainerState(145)) - Container #1 is in OPEN state, but the datanode 35510205-702a-42b0-9e73-ae326acfc6fe{ip: 192.168.157.195, host: pr-hdds-1701-sv9gv-972070529, networkLocation: /default-rack, certSerialId: null} reports an CLOSING replica.
2019-10-25 05:40:58,869 [RatisApplyTransactionExecutor 1] INFO  interfaces.Container (KeyValueContainer.java:flushAndSyncDB(386)) - Container 1 is synced with bcsId 6.
2019-10-25 05:40:58,869 [RatisApplyTransactionExecutor 1] INFO  interfaces.Container (KeyValueContainer.java:flushAndSyncDB(386)) - Container 1 is synced with bcsId 6.
2019-10-25 05:40:58,880 [RatisApplyTransactionExecutor 1] INFO  interfaces.Container (KeyValueContainer.java:close(335)) - Container 1 is closed with bcsId 6.
2019-10-25 05:40:58,882 [RatisApplyTransactionExecutor 1] INFO  interfaces.Container (KeyValueContainer.java:close(335)) - Container 1 is closed with bcsId 6.
2019-10-25 05:40:58,882 [EventQueue-IncrementalContainerReportForIncrementalContainerReportHandler] WARN  container.IncrementalContainerReportHandler (AbstractContainerReportHandler.java:updateContainerState(145)) - Container #1 is in OPEN state, but the datanode 61d80c3a-7652-449d-b68e-5fa718f84473{ip: 192.168.157.195, host: pr-hdds-1701-sv9gv-972070529, networkLocation: /default-rack, certSerialId: null} reports an CLOSED replica.
2019-10-25 05:40:58,883 [EventQueue-IncrementalContainerReportForIncrementalContainerReportHandler] WARN  container.IncrementalContainerReportHandler (AbstractContainerReportHandler.java:updateContainerState(145)) - Container #1 is in OPEN state, but the datanode 35510205-702a-42b0-9e73-ae326acfc6fe{ip: 192.168.157.195, host: pr-hdds-1701-sv9gv-972070529, networkLocation: /default-rack, certSerialId: null} reports an CLOSED replica.
2019-10-25 05:40:58,981 [EventQueue-ContainerReportForContainerReportHandler] WARN  container.ContainerReportHandler (AbstractContainerReportHandler.java:updateContainerState(145)) - Container #1 is in OPEN state, but the datanode 61d80c3a-7652-449d-b68e-5fa718f84473{ip: 192.168.157.195, host: pr-hdds-1701-sv9gv-972070529, networkLocation: /default-rack, certSerialId: null} reports an CLOSED replica.
2019-10-25 05:40:59,185 [EventQueue-ContainerReportForContainerReportHandler] WARN  container.ContainerReportHandler (AbstractContainerReportHandler.java:updateContainerState(145)) - Container #1 is in OPEN state, but the datanode 35510205-702a-42b0-9e73-ae326acfc6fe{ip: 192.168.157.195, host: pr-hdds-1701-sv9gv-972070529, networkLocation: /default-rack, certSerialId: null} reports an CLOSED replica.
2019-10-25 05:40:59,221 [BlockDeletingService#6] WARN  background.BlockDeletingService (BlockDeletingService.java:isDeletionAllowed(187)) - Close Container log Index 6 is not replicated across allthe servers in the pipeline c5632910-c548-43bf-b295-e436c85fad58 as the min replicated index is 4. Deletion is not allowed in this container yet.
2019-10-25 05:40:59,221 [BlockDeletingService#2] WARN  background.BlockDeletingService (BlockDeletingService.java:isDeletionAllowed(187)) - Close Container log Index 6 is not replicated across allthe servers in the pipeline c5632910-c548-43bf-b295-e436c85fad58 as the min replicated index is 4. Deletion is not allowed in this container yet.
2019-10-25 05:40:59,332 [IPC Server handler 0 on 45221] INFO  server.SCMBlockProtocolServer (SCMBlockProtocolServer.java:deleteKeyBlocks(217)) - SCM is informed by OM to delete 1 blocks
2019-10-25 05:40:59,333 [IPC Server handler 0 on 45221] INFO  block.BlockManagerImpl (BlockManagerImpl.java:deleteBlocks(285)) - Deleting blocks conID: 1 locID: 103021413524635648 bcsId: 0
2019-10-25 05:40:59,384 [EventQueue-ContainerReportForContainerReportHandler] WARN  container.ContainerReportHandler (AbstractContainerReportHandler.java:updateContainerState(145)) - Container #1 is in OPEN state, but the datanode 61d80c3a-7652-449d-b68e-5fa718f84473{ip: 192.168.157.195, host: pr-hdds-1701-sv9gv-972070529, networkLocation: /default-rack, certSerialId: null} reports an CLOSED replica.
2019-10-25 05:40:59,385 [EventQueue-ContainerReportForContainerReportHandler] WARN  container.ContainerReportHandler (AbstractContainerReportHandler.java:updateContainerState(145)) - Container #1 is in OPEN state, but the datanode 35510205-702a-42b0-9e73-ae326acfc6fe{ip: 192.168.157.195, host: pr-hdds-1701-sv9gv-972070529, networkLocation: /default-rack, certSerialId: null} reports an CLOSED replica.
2019-10-25 05:40:59,684 [EventQueue-ContainerReportForContainerReportHandler] WARN  container.ContainerReportHandler (AbstractContainerReportHandler.java:updateContainerState(145)) - Container #1 is in OPEN state, but the datanode 35510205-702a-42b0-9e73-ae326acfc6fe{ip: 192.168.157.195, host: pr-hdds-1701-sv9gv-972070529, networkLocation: /default-rack, certSerialId: null} reports an CLOSED replica.
2019-10-25 05:40:59,784 [EventQueue-ContainerReportForContainerReportHandler] WARN  container.ContainerReportHandler (AbstractContainerReportHandler.java:updateContainerState(145)) - Container #1 is in OPEN state, but the datanode 61d80c3a-7652-449d-b68e-5fa718f84473{ip: 192.168.157.195, host: pr-hdds-1701-sv9gv-972070529, networkLocation: /default-rack, certSerialId: null} reports an CLOSED replica.
2019-10-25 05:40:59,884 [EventQueue-ContainerReportForContainerReportHandler] WARN  container.ContainerReportHandler (AbstractContainerReportHandler.java:updateContainerState(145)) - Container #1 is in OPEN state, but the datanode 35510205-702a-42b0-9e73-ae326acfc6fe{ip: 192.168.157.195, host: pr-hdds-1701-sv9gv-972070529, networkLocation: /default-rack, certSerialId: null} reports an CLOSED replica.
2019-10-25 05:41:00,084 [EventQueue-ContainerReportForContainerReportHandler] WARN  container.ContainerReportHandler (AbstractContainerReportHandler.java:updateContainerState(145)) - Container #1 is in OPEN state, but the datanode 61d80c3a-7652-449d-b68e-5fa718f84473{ip: 192.168.157.195, host: pr-hdds-1701-sv9gv-972070529, networkLocation: /default-rack, certSerialId: null} reports an CLOSED replica.
2019-10-25 05:41:00,222 [BlockDeletingService#6] WARN  background.BlockDeletingService (BlockDeletingService.java:isDeletionAllowed(187)) - Close Container log Index 6 is not replicated across allthe servers in the pipeline c5632910-c548-43bf-b295-e436c85fad58 as the min replicated index is 4. Deletion is not allowed in this container yet.
2019-10-25 05:41:00,223 [BlockDeletingService#2] WARN  background.BlockDeletingService (BlockDeletingService.java:isDeletionAllowed(187)) - Close Container log Index 6 is not replicated across allthe servers in the pipeline c5632910-c548-43bf-b295-e436c85fad58 as the min replicated index is 4. Deletion is not allowed in this container yet.
2019-10-25 05:41:00,284 [EventQueue-ContainerReportForContainerReportHandler] WARN  container.ContainerReportHandler (AbstractContainerReportHandler.java:updateContainerState(145)) - Container #1 is in OPEN state, but the datanode 35510205-702a-42b0-9e73-ae326acfc6fe{ip: 192.168.157.195, host: pr-hdds-1701-sv9gv-972070529, networkLocation: /default-rack, certSerialId: null} reports an CLOSED replica.
2019-10-25 05:41:00,484 [EventQueue-ContainerReportForContainerReportHandler] WARN  container.ContainerReportHandler (AbstractContainerReportHandler.java:updateContainerState(145)) - Container #1 is in OPEN state, but the datanode 61d80c3a-7652-449d-b68e-5fa718f84473{ip: 192.168.157.195, host: pr-hdds-1701-sv9gv-972070529, networkLocation: /default-rack, certSerialId: null} reports an CLOSED replica.
2019-10-25 05:41:00,584 [EventQueue-ContainerReportForContainerReportHandler] WARN  container.ContainerReportHandler (AbstractContainerReportHandler.java:updateContainerState(145)) - Container #1 is in OPEN state, but the datanode 35510205-702a-42b0-9e73-ae326acfc6fe{ip: 192.168.157.195, host: pr-hdds-1701-sv9gv-972070529, networkLocation: /default-rack, certSerialId: null} reports an CLOSED replica.
2019-10-25 05:41:00,742 [java.util.concurrent.ThreadPoolExecutor$Worker@aec7811[State = -1, empty queue]] WARN  server.GrpcLogAppender (GrpcLogAppender.java:timeoutAppendRequest(209)) - 61d80c3a-7652-449d-b68e-5fa718f84473@group-E436C85FAD58->07cbec61-e91b-416e-becf-32794c7f01be-GrpcLogAppender: appendEntries Timeout, request=61d80c3a-7652-449d-b68e-5fa718f84473->07cbec61-e91b-416e-becf-32794c7f01be#23-t1, previous=(t:1, i:8), leaderCommit=8, initializing? false, entries: <empty>
2019-10-25 05:41:00,884 [EventQueue-ContainerReportForContainerReportHandler] WARN  container.ContainerReportHandler (AbstractContainerReportHandler.java:updateContainerState(145)) - Container #1 is in OPEN state, but the datanode 61d80c3a-7652-449d-b68e-5fa718f84473{ip: 192.168.157.195, host: pr-hdds-1701-sv9gv-972070529, networkLocation: /default-rack, certSerialId: null} reports an CLOSED replica.
2019-10-25 05:41:00,887 [EventQueue-ContainerReportForContainerReportHandler] WARN  container.ContainerReportHandler (AbstractContainerReportHandler.java:updateContainerState(145)) - Container #1 is in OPEN state, but the datanode 35510205-702a-42b0-9e73-ae326acfc6fe{ip: 192.168.157.195, host: pr-hdds-1701-sv9gv-972070529, networkLocation: /default-rack, certSerialId: null} reports an CLOSED replica.
2019-10-25 05:41:01,084 [EventQueue-ContainerReportForContainerReportHandler] WARN  container.ContainerReportHandler (AbstractContainerReportHandler.java:updateContainerState(145)) - Container #1 is in OPEN state, but the datanode 61d80c3a-7652-449d-b68e-5fa718f84473{ip: 192.168.157.195, host: pr-hdds-1701-sv9gv-972070529, networkLocation: /default-rack, certSerialId: null} reports an CLOSED replica.
2019-10-25 05:41:01,223 [BlockDeletingService#6] WARN  background.BlockDeletingService (BlockDeletingService.java:isDeletionAllowed(187)) - Close Container log Index 6 is not replicated across allthe servers in the pipeline c5632910-c548-43bf-b295-e436c85fad58 as the min replicated index is 4. Deletion is not allowed in this container yet.
2019-10-25 05:41:01,226 [BlockDeletingService#2] WARN  background.BlockDeletingService (BlockDeletingService.java:isDeletionAllowed(187)) - Close Container log Index 6 is not replicated across allthe servers in the pipeline c5632910-c548-43bf-b295-e436c85fad58 as the min replicated index is 4. Deletion is not allowed in this container yet.
2019-10-25 05:41:01,286 [EventQueue-ContainerReportForContainerReportHandler] WARN  container.ContainerReportHandler (AbstractContainerReportHandler.java:updateContainerState(145)) - Container #1 is in OPEN state, but the datanode 35510205-702a-42b0-9e73-ae326acfc6fe{ip: 192.168.157.195, host: pr-hdds-1701-sv9gv-972070529, networkLocation: /default-rack, certSerialId: null} reports an CLOSED replica.
2019-10-25 05:41:01,384 [EventQueue-ContainerReportForContainerReportHandler] WARN  container.ContainerReportHandler (AbstractContainerReportHandler.java:updateContainerState(145)) - Container #1 is in OPEN state, but the datanode 61d80c3a-7652-449d-b68e-5fa718f84473{ip: 192.168.157.195, host: pr-hdds-1701-sv9gv-972070529, networkLocation: /default-rack, certSerialId: null} reports an CLOSED replica.
2019-10-25 05:41:01,584 [EventQueue-ContainerReportForContainerReportHandler] WARN  container.ContainerReportHandler (AbstractContainerReportHandler.java:updateContainerState(145)) - Container #1 is in OPEN state, but the datanode 35510205-702a-42b0-9e73-ae326acfc6fe{ip: 192.168.157.195, host: pr-hdds-1701-sv9gv-972070529, networkLocation: /default-rack, certSerialId: null} reports an CLOSED replica.
2019-10-25 05:41:01,684 [EventQueue-ContainerReportForContainerReportHandler] WARN  container.ContainerReportHandler (AbstractContainerReportHandler.java:updateContainerState(145)) - Container #1 is in OPEN state, but the datanode 61d80c3a-7652-449d-b68e-5fa718f84473{ip: 192.168.157.195, host: pr-hdds-1701-sv9gv-972070529, networkLocation: /default-rack, certSerialId: null} reports an CLOSED replica.
2019-10-25 05:41:01,817 [java.util.concurrent.ThreadPoolExecutor$Worker@aec7811[State = -1, empty queue]] WARN  server.GrpcLogAppender (GrpcLogAppender.java:timeoutAppendRequest(209)) - 61d80c3a-7652-449d-b68e-5fa718f84473@group-E436C85FAD58->07cbec61-e91b-416e-becf-32794c7f01be-GrpcLogAppender: appendEntries Timeout, request=61d80c3a-7652-449d-b68e-5fa718f84473->07cbec61-e91b-416e-becf-32794c7f01be#24-t1, previous=(t:1, i:8), leaderCommit=8, initializing? false, entries: size=1, first=(t:1, i:9), STATEMACHINELOGENTRY, client-9BDA48F5C7E1, cid=12
2019-10-25 05:41:01,835 [java.util.concurrent.ThreadPoolExecutor$Worker@aec7811[State = -1, empty queue]] WARN  server.GrpcLogAppender (GrpcLogAppender.java:timeoutAppendRequest(209)) - 61d80c3a-7652-449d-b68e-5fa718f84473@group-E436C85FAD58->07cbec61-e91b-416e-becf-32794c7f01be-GrpcLogAppender: appendEntries Timeout, request=61d80c3a-7652-449d-b68e-5fa718f84473->07cbec61-e91b-416e-becf-32794c7f01be#25-t1, previous=(t:1, i:9), leaderCommit=9, initializing? false, entries: size=1, first=(t:1, i:10), METADATAENTRY(c9)
2019-10-25 05:41:01,985 [EventQueue-ContainerReportForContainerReportHandler] WARN  container.ContainerReportHandler (AbstractContainerReportHandler.java:updateContainerState(145)) - Container #1 is in OPEN state, but the datanode 61d80c3a-7652-449d-b68e-5fa718f84473{ip: 192.168.157.195, host: pr-hdds-1701-sv9gv-972070529, networkLocation: /default-rack, certSerialId: null} reports an CLOSED replica.
2019-10-25 05:41:01,988 [EventQueue-ContainerReportForContainerReportHandler] WARN  container.ContainerReportHandler (AbstractContainerReportHandler.java:updateContainerState(145)) - Container #1 is in OPEN state, but the datanode 35510205-702a-42b0-9e73-ae326acfc6fe{ip: 192.168.157.195, host: pr-hdds-1701-sv9gv-972070529, networkLocation: /default-rack, certSerialId: null} reports an CLOSED replica.
2019-10-25 05:41:02,232 [BlockDeletingService#6] WARN  background.BlockDeletingService (BlockDeletingService.java:isDeletionAllowed(187)) - Close Container log Index 6 is not replicated across allthe servers in the pipeline c5632910-c548-43bf-b295-e436c85fad58 as the min replicated index is 4. Deletion is not allowed in this container yet.
2019-10-25 05:41:02,233 [BlockDeletingService#2] WARN  background.BlockDeletingService (BlockDeletingService.java:isDeletionAllowed(187)) - Close Container log Index 6 is not replicated across allthe servers in the pipeline c5632910-c548-43bf-b295-e436c85fad58 as the min replicated index is 4. Deletion is not allowed in this container yet.
2019-10-25 05:41:02,285 [EventQueue-ContainerReportForContainerReportHandler] WARN  container.ContainerReportHandler (AbstractContainerReportHandler.java:updateContainerState(145)) - Container #1 is in OPEN state, but the datanode 61d80c3a-7652-449d-b68e-5fa718f84473{ip: 192.168.157.195, host: pr-hdds-1701-sv9gv-972070529, networkLocation: /default-rack, certSerialId: null} reports an CLOSED replica.
2019-10-25 05:41:02,287 [EventQueue-ContainerReportForContainerReportHandler] WARN  container.ContainerReportHandler (AbstractContainerReportHandler.java:updateContainerState(145)) - Container #1 is in OPEN state, but the datanode 35510205-702a-42b0-9e73-ae326acfc6fe{ip: 192.168.157.195, host: pr-hdds-1701-sv9gv-972070529, networkLocation: /default-rack, certSerialId: null} reports an CLOSED replica.
2019-10-25 05:41:02,588 [EventQueue-ContainerReportForContainerReportHandler] WARN  container.ContainerReportHandler (AbstractContainerReportHandler.java:updateContainerState(145)) - Container #1 is in OPEN state, but the datanode 35510205-702a-42b0-9e73-ae326acfc6fe{ip: 192.168.157.195, host: pr-hdds-1701-sv9gv-972070529, networkLocation: /default-rack, certSerialId: null} reports an CLOSED replica.
2019-10-25 05:41:02,685 [EventQueue-ContainerReportForContainerReportHandler] WARN  container.ContainerReportHandler (AbstractContainerReportHandler.java:updateContainerState(145)) - Container #1 is in OPEN state, but the datanode 61d80c3a-7652-449d-b68e-5fa718f84473{ip: 192.168.157.195, host: pr-hdds-1701-sv9gv-972070529, networkLocation: /default-rack, certSerialId: null} reports an CLOSED replica.
2019-10-25 05:41:02,985 [EventQueue-ContainerReportForContainerReportHandler] WARN  container.ContainerReportHandler (AbstractContainerReportHandler.java:updateContainerState(145)) - Container #1 is in OPEN state, but the datanode 61d80c3a-7652-449d-b68e-5fa718f84473{ip: 192.168.157.195, host: pr-hdds-1701-sv9gv-972070529, networkLocation: /default-rack, certSerialId: null} reports an CLOSED replica.
2019-10-25 05:41:02,987 [EventQueue-ContainerReportForContainerReportHandler] WARN  container.ContainerReportHandler (AbstractContainerReportHandler.java:updateContainerState(145)) - Container #1 is in OPEN state, but the datanode 35510205-702a-42b0-9e73-ae326acfc6fe{ip: 192.168.157.195, host: pr-hdds-1701-sv9gv-972070529, networkLocation: /default-rack, certSerialId: null} reports an CLOSED replica.
2019-10-25 05:41:03,236 [BlockDeletingService#2] WARN  background.BlockDeletingService (BlockDeletingService.java:isDeletionAllowed(187)) - Close Container log Index 6 is not replicated across allthe servers in the pipeline c5632910-c548-43bf-b295-e436c85fad58 as the min replicated index is 4. Deletion is not allowed in this container yet.
2019-10-25 05:41:03,236 [BlockDeletingService#6] WARN  background.BlockDeletingService (BlockDeletingService.java:isDeletionAllowed(187)) - Close Container log Index 6 is not replicated across allthe servers in the pipeline c5632910-c548-43bf-b295-e436c85fad58 as the min replicated index is 4. Deletion is not allowed in this container yet.
2019-10-25 05:41:03,285 [EventQueue-ContainerReportForContainerReportHandler] WARN  container.ContainerReportHandler (AbstractContainerReportHandler.java:updateContainerState(145)) - Container #1 is in OPEN state, but the datanode 61d80c3a-7652-449d-b68e-5fa718f84473{ip: 192.168.157.195, host: pr-hdds-1701-sv9gv-972070529, networkLocation: /default-rack, certSerialId: null} reports an CLOSED replica.
2019-10-25 05:41:03,388 [EventQueue-ContainerReportForContainerReportHandler] WARN  container.ContainerReportHandler (AbstractContainerReportHandler.java:updateContainerState(145)) - Container #1 is in OPEN state, but the datanode 35510205-702a-42b0-9e73-ae326acfc6fe{ip: 192.168.157.195, host: pr-hdds-1701-sv9gv-972070529, networkLocation: /default-rack, certSerialId: null} reports an CLOSED replica.
2019-10-25 05:41:03,685 [EventQueue-ContainerReportForContainerReportHandler] WARN  container.ContainerReportHandler (AbstractContainerReportHandler.java:updateContainerState(145)) - Container #1 is in OPEN state, but the datanode 61d80c3a-7652-449d-b68e-5fa718f84473{ip: 192.168.157.195, host: pr-hdds-1701-sv9gv-972070529, networkLocation: /default-rack, certSerialId: null} reports an CLOSED replica.
2019-10-25 05:41:03,687 [EventQueue-ContainerReportForContainerReportHandler] WARN  container.ContainerReportHandler (AbstractContainerReportHandler.java:updateContainerState(145)) - Container #1 is in OPEN state, but the datanode 35510205-702a-42b0-9e73-ae326acfc6fe{ip: 192.168.157.195, host: pr-hdds-1701-sv9gv-972070529, networkLocation: /default-rack, certSerialId: null} reports an CLOSED replica.
2019-10-25 05:41:03,984 [EventQueue-ContainerReportForContainerReportHandler] WARN  container.ContainerReportHandler (AbstractContainerReportHandler.java:updateContainerState(145)) - Container #1 is in OPEN state, but the datanode 61d80c3a-7652-449d-b68e-5fa718f84473{ip: 192.168.157.195, host: pr-hdds-1701-sv9gv-972070529, networkLocation: /default-rack, certSerialId: null} reports an CLOSED replica.
2019-10-25 05:41:03,987 [EventQueue-ContainerReportForContainerReportHandler] WARN  container.ContainerReportHandler (AbstractContainerReportHandler.java:updateContainerState(145)) - Container #1 is in OPEN state, but the datanode 35510205-702a-42b0-9e73-ae326acfc6fe{ip: 192.168.157.195, host: pr-hdds-1701-sv9gv-972070529, networkLocation: /default-rack, certSerialId: null} reports an CLOSED replica.
2019-10-25 05:41:04,185 [EventQueue-ContainerReportForContainerReportHandler] WARN  container.ContainerReportHandler (AbstractContainerReportHandler.java:updateContainerState(145)) - Container #1 is in OPEN state, but the datanode 61d80c3a-7652-449d-b68e-5fa718f84473{ip: 192.168.157.195, host: pr-hdds-1701-sv9gv-972070529, networkLocation: /default-rack, certSerialId: null} reports an CLOSED replica.
2019-10-25 05:41:04,238 [BlockDeletingService#2] WARN  background.BlockDeletingService (BlockDeletingService.java:isDeletionAllowed(187)) - Close Container log Index 6 is not replicated across allthe servers in the pipeline c5632910-c548-43bf-b295-e436c85fad58 as the min replicated index is 4. Deletion is not allowed in this container yet.
2019-10-25 05:41:04,238 [BlockDeletingService#6] WARN  background.BlockDeletingService (BlockDeletingService.java:isDeletionAllowed(187)) - Close Container log Index 6 is not replicated across allthe servers in the pipeline c5632910-c548-43bf-b295-e436c85fad58 as the min replicated index is 4. Deletion is not allowed in this container yet.
2019-10-25 05:41:04,287 [EventQueue-ContainerReportForContainerReportHandler] WARN  container.ContainerReportHandler (AbstractContainerReportHandler.java:updateContainerState(145)) - Container #1 is in OPEN state, but the datanode 35510205-702a-42b0-9e73-ae326acfc6fe{ip: 192.168.157.195, host: pr-hdds-1701-sv9gv-972070529, networkLocation: /default-rack, certSerialId: null} reports an CLOSED replica.
2019-10-25 05:41:04,336 [java.util.concurrent.ThreadPoolExecutor$Worker@aec7811[State = -1, empty queue]] WARN  server.GrpcLogAppender (GrpcLogAppender.java:timeoutAppendRequest(209)) - 61d80c3a-7652-449d-b68e-5fa718f84473@group-E436C85FAD58->07cbec61-e91b-416e-becf-32794c7f01be-GrpcLogAppender: appendEntries Timeout, request=61d80c3a-7652-449d-b68e-5fa718f84473->07cbec61-e91b-416e-becf-32794c7f01be#26-t1, previous=(t:1, i:10), leaderCommit=10, initializing? false, entries: <empty>
2019-10-25 05:41:04,487 [EventQueue-ContainerReportForContainerReportHandler] WARN  container.ContainerReportHandler (AbstractContainerReportHandler.java:updateContainerState(145)) - Container #1 is in OPEN state, but the datanode 35510205-702a-42b0-9e73-ae326acfc6fe{ip: 192.168.157.195, host: pr-hdds-1701-sv9gv-972070529, networkLocation: /default-rack, certSerialId: null} reports an CLOSED replica.
2019-10-25 05:41:04,584 [EventQueue-ContainerReportForContainerReportHandler] WARN  container.ContainerReportHandler (AbstractContainerReportHandler.java:updateContainerState(145)) - Container #1 is in OPEN state, but the datanode 61d80c3a-7652-449d-b68e-5fa718f84473{ip: 192.168.157.195, host: pr-hdds-1701-sv9gv-972070529, networkLocation: /default-rack, certSerialId: null} reports an CLOSED replica.
2019-10-25 05:41:04,784 [EventQueue-ContainerReportForContainerReportHandler] WARN  container.ContainerReportHandler (AbstractContainerReportHandler.java:updateContainerState(145)) - Container #1 is in OPEN state, but the datanode 61d80c3a-7652-449d-b68e-5fa718f84473{ip: 192.168.157.195, host: pr-hdds-1701-sv9gv-972070529, networkLocation: /default-rack, certSerialId: null} reports an CLOSED replica.
2019-10-25 05:41:04,888 [EventQueue-ContainerReportForContainerReportHandler] WARN  container.ContainerReportHandler (AbstractContainerReportHandler.java:updateContainerState(145)) - Container #1 is in OPEN state, but the datanode 35510205-702a-42b0-9e73-ae326acfc6fe{ip: 192.168.157.195, host: pr-hdds-1701-sv9gv-972070529, networkLocation: /default-rack, certSerialId: null} reports an CLOSED replica.
2019-10-25 05:41:05,084 [EventQueue-ContainerReportForContainerReportHandler] WARN  container.ContainerReportHandler (AbstractContainerReportHandler.java:updateContainerState(145)) - Container #1 is in OPEN state, but the datanode 61d80c3a-7652-449d-b68e-5fa718f84473{ip: 192.168.157.195, host: pr-hdds-1701-sv9gv-972070529, networkLocation: /default-rack, certSerialId: null} reports an CLOSED replica.
2019-10-25 05:41:05,088 [EventQueue-ContainerReportForContainerReportHandler] WARN  container.ContainerReportHandler (AbstractContainerReportHandler.java:updateContainerState(145)) - Container #1 is in OPEN state, but the datanode 35510205-702a-42b0-9e73-ae326acfc6fe{ip: 192.168.157.195, host: pr-hdds-1701-sv9gv-972070529, networkLocation: /default-rack, certSerialId: null} reports an CLOSED replica.
2019-10-25 05:41:05,240 [BlockDeletingService#2] WARN  background.BlockDeletingService (BlockDeletingService.java:isDeletionAllowed(187)) - Close Container log Index 6 is not replicated across allthe servers in the pipeline c5632910-c548-43bf-b295-e436c85fad58 as the min replicated index is 4. Deletion is not allowed in this container yet.
2019-10-25 05:41:05,240 [BlockDeletingService#6] WARN  background.BlockDeletingService (BlockDeletingService.java:isDeletionAllowed(187)) - Close Container log Index 6 is not replicated across allthe servers in the pipeline c5632910-c548-43bf-b295-e436c85fad58 as the min replicated index is 4. Deletion is not allowed in this container yet.
2019-10-25 05:41:05,384 [EventQueue-ContainerReportForContainerReportHandler] WARN  container.ContainerReportHandler (AbstractContainerReportHandler.java:updateContainerState(145)) - Container #1 is in OPEN state, but the datanode 61d80c3a-7652-449d-b68e-5fa718f84473{ip: 192.168.157.195, host: pr-hdds-1701-sv9gv-972070529, networkLocation: /default-rack, certSerialId: null} reports an CLOSED replica.
2019-10-25 05:41:05,388 [EventQueue-ContainerReportForContainerReportHandler] WARN  container.ContainerReportHandler (AbstractContainerReportHandler.java:updateContainerState(145)) - Container #1 is in OPEN state, but the datanode 35510205-702a-42b0-9e73-ae326acfc6fe{ip: 192.168.157.195, host: pr-hdds-1701-sv9gv-972070529, networkLocation: /default-rack, certSerialId: null} reports an CLOSED replica.
2019-10-25 05:41:05,584 [EventQueue-ContainerReportForContainerReportHandler] WARN  container.ContainerReportHandler (AbstractContainerReportHandler.java:updateContainerState(145)) - Container #1 is in OPEN state, but the datanode 61d80c3a-7652-449d-b68e-5fa718f84473{ip: 192.168.157.195, host: pr-hdds-1701-sv9gv-972070529, networkLocation: /default-rack, certSerialId: null} reports an CLOSED replica.
2019-10-25 05:41:05,688 [EventQueue-ContainerReportForContainerReportHandler] WARN  container.ContainerReportHandler (AbstractContainerReportHandler.java:updateContainerState(145)) - Container #1 is in OPEN state, but the datanode 35510205-702a-42b0-9e73-ae326acfc6fe{ip: 192.168.157.195, host: pr-hdds-1701-sv9gv-972070529, networkLocation: /default-rack, certSerialId: null} reports an CLOSED replica.
2019-10-25 05:41:05,884 [EventQueue-ContainerReportForContainerReportHandler] WARN  container.ContainerReportHandler (AbstractContainerReportHandler.java:updateContainerState(145)) - Container #1 is in OPEN state, but the datanode 61d80c3a-7652-449d-b68e-5fa718f84473{ip: 192.168.157.195, host: pr-hdds-1701-sv9gv-972070529, networkLocation: /default-rack, certSerialId: null} reports an CLOSED replica.
2019-10-25 05:41:05,888 [EventQueue-ContainerReportForContainerReportHandler] WARN  container.ContainerReportHandler (AbstractContainerReportHandler.java:updateContainerState(145)) - Container #1 is in OPEN state, but the datanode 35510205-702a-42b0-9e73-ae326acfc6fe{ip: 192.168.157.195, host: pr-hdds-1701-sv9gv-972070529, networkLocation: /default-rack, certSerialId: null} reports an CLOSED replica.
2019-10-25 05:41:06,084 [EventQueue-ContainerReportForContainerReportHandler] WARN  container.ContainerReportHandler (AbstractContainerReportHandler.java:updateContainerState(145)) - Container #1 is in OPEN state, but the datanode 61d80c3a-7652-449d-b68e-5fa718f84473{ip: 192.168.157.195, host: pr-hdds-1701-sv9gv-972070529, networkLocation: /default-rack, certSerialId: null} reports an CLOSED replica.
2019-10-25 05:41:06,188 [EventQueue-ContainerReportForContainerReportHandler] WARN  container.ContainerReportHandler (AbstractContainerReportHandler.java:updateContainerState(145)) - Container #1 is in OPEN state, but the datanode 35510205-702a-42b0-9e73-ae326acfc6fe{ip: 192.168.157.195, host: pr-hdds-1701-sv9gv-972070529, networkLocation: /default-rack, certSerialId: null} reports an CLOSED replica.
2019-10-25 05:41:06,241 [BlockDeletingService#6] WARN  background.BlockDeletingService (BlockDeletingService.java:isDeletionAllowed(187)) - Close Container log Index 6 is not replicated across allthe servers in the pipeline c5632910-c548-43bf-b295-e436c85fad58 as the min replicated index is 4. Deletion is not allowed in this container yet.
2019-10-25 05:41:06,241 [BlockDeletingService#2] WARN  background.BlockDeletingService (BlockDeletingService.java:isDeletionAllowed(187)) - Close Container log Index 6 is not replicated across allthe servers in the pipeline c5632910-c548-43bf-b295-e436c85fad58 as the min replicated index is 4. Deletion is not allowed in this container yet.
2019-10-25 05:41:06,484 [EventQueue-ContainerReportForContainerReportHandler] WARN  container.ContainerReportHandler (AbstractContainerReportHandler.java:updateContainerState(145)) - Container #1 is in OPEN state, but the datanode 61d80c3a-7652-449d-b68e-5fa718f84473{ip: 192.168.157.195, host: pr-hdds-1701-sv9gv-972070529, networkLocation: /default-rack, certSerialId: null} reports an CLOSED replica.
2019-10-25 05:41:06,588 [EventQueue-ContainerReportForContainerReportHandler] WARN  container.ContainerReportHandler (AbstractContainerReportHandler.java:updateContainerState(145)) - Container #1 is in OPEN state, but the datanode 35510205-702a-42b0-9e73-ae326acfc6fe{ip: 192.168.157.195, host: pr-hdds-1701-sv9gv-972070529, networkLocation: /default-rack, certSerialId: null} reports an CLOSED replica.
2019-10-25 05:41:06,785 [EventQueue-ContainerReportForContainerReportHandler] WARN  container.ContainerReportHandler (AbstractContainerReportHandler.java:updateContainerState(145)) - Container #1 is in OPEN state, but the datanode 61d80c3a-7652-449d-b68e-5fa718f84473{ip: 192.168.157.195, host: pr-hdds-1701-sv9gv-972070529, networkLocation: /default-rack, certSerialId: null} reports an CLOSED replica.
2019-10-25 05:41:06,788 [EventQueue-ContainerReportForContainerReportHandler] WARN  container.ContainerReportHandler (AbstractContainerReportHandler.java:updateContainerState(145)) - Container #1 is in OPEN state, but the datanode 35510205-702a-42b0-9e73-ae326acfc6fe{ip: 192.168.157.195, host: pr-hdds-1701-sv9gv-972070529, networkLocation: /default-rack, certSerialId: null} reports an CLOSED replica.
2019-10-25 05:41:06,838 [java.util.concurrent.ThreadPoolExecutor$Worker@aec7811[State = -1, empty queue]] WARN  server.GrpcLogAppender (GrpcLogAppender.java:timeoutAppendRequest(209)) - 61d80c3a-7652-449d-b68e-5fa718f84473@group-E436C85FAD58->07cbec61-e91b-416e-becf-32794c7f01be-GrpcLogAppender: appendEntries Timeout, request=61d80c3a-7652-449d-b68e-5fa718f84473->07cbec61-e91b-416e-becf-32794c7f01be#27-t1, previous=(t:1, i:10), leaderCommit=10, initializing? false, entries: <empty>
2019-10-25 05:41:06,859 [Thread-348] INFO  client.GrpcClientProtocolService (GrpcClientProtocolService.java:lambda$processClientRequest$0(279)) - Failed RaftClientRequest:client-042E50236798->35510205-702a-42b0-9e73-ae326acfc6fe@group-E436C85FAD58, cid=10, seq=0, Watch-ALL_COMMITTED(6), Message:<EMPTY>, reply=RaftClientReply:client-042E50236798->35510205-702a-42b0-9e73-ae326acfc6fe@group-E436C85FAD58, cid=10, FAILED org.apache.ratis.protocol.NotLeaderException: Server 35510205-702a-42b0-9e73-ae326acfc6fe@group-E436C85FAD58 is not the leader 61d80c3a-7652-449d-b68e-5fa718f84473:192.168.157.195:45627, logIndex=0, commits[35510205-702a-42b0-9e73-ae326acfc6fe:c10, 61d80c3a-7652-449d-b68e-5fa718f84473:c10, 07cbec61-e91b-416e-becf-32794c7f01be:c4]
2019-10-25 05:41:07,085 [EventQueue-ContainerReportForContainerReportHandler] WARN  container.ContainerReportHandler (AbstractContainerReportHandler.java:updateContainerState(145)) - Container #1 is in OPEN state, but the datanode 61d80c3a-7652-449d-b68e-5fa718f84473{ip: 192.168.157.195, host: pr-hdds-1701-sv9gv-972070529, networkLocation: /default-rack, certSerialId: null} reports an CLOSED replica.
2019-10-25 05:41:07,089 [EventQueue-ContainerReportForContainerReportHandler] WARN  container.ContainerReportHandler (AbstractContainerReportHandler.java:updateContainerState(145)) - Container #1 is in OPEN state, but the datanode 35510205-702a-42b0-9e73-ae326acfc6fe{ip: 192.168.157.195, host: pr-hdds-1701-sv9gv-972070529, networkLocation: /default-rack, certSerialId: null} reports an CLOSED replica.
2019-10-25 05:41:07,244 [BlockDeletingService#2] WARN  background.BlockDeletingService (BlockDeletingService.java:isDeletionAllowed(187)) - Close Container log Index 6 is not replicated across allthe servers in the pipeline c5632910-c548-43bf-b295-e436c85fad58 as the min replicated index is 4. Deletion is not allowed in this container yet.
2019-10-25 05:41:07,244 [BlockDeletingService#6] WARN  background.BlockDeletingService (BlockDeletingService.java:isDeletionAllowed(187)) - Close Container log Index 6 is not replicated across allthe servers in the pipeline c5632910-c548-43bf-b295-e436c85fad58 as the min replicated index is 4. Deletion is not allowed in this container yet.
2019-10-25 05:41:07,385 [EventQueue-ContainerReportForContainerReportHandler] WARN  container.ContainerReportHandler (AbstractContainerReportHandler.java:updateContainerState(145)) - Container #1 is in OPEN state, but the datanode 61d80c3a-7652-449d-b68e-5fa718f84473{ip: 192.168.157.195, host: pr-hdds-1701-sv9gv-972070529, networkLocation: /default-rack, certSerialId: null} reports an CLOSED replica.
2019-10-25 05:41:07,389 [EventQueue-ContainerReportForContainerReportHandler] WARN  container.ContainerReportHandler (AbstractContainerReportHandler.java:updateContainerState(145)) - Container #1 is in OPEN state, but the datanode 35510205-702a-42b0-9e73-ae326acfc6fe{ip: 192.168.157.195, host: pr-hdds-1701-sv9gv-972070529, networkLocation: /default-rack, certSerialId: null} reports an CLOSED replica.
2019-10-25 05:41:07,586 [Thread-353] INFO  client.GrpcClientProtocolService (GrpcClientProtocolService.java:lambda$processClientRequest$0(279)) - Failed RaftClientRequest:client-042E50236798->61d80c3a-7652-449d-b68e-5fa718f84473@group-E436C85FAD58, cid=10, seq=0, Watch-ALL_COMMITTED(6), Message:<EMPTY>, reply=RaftClientReply:client-042E50236798->61d80c3a-7652-449d-b68e-5fa718f84473@group-E436C85FAD58, cid=10, FAILED org.apache.ratis.protocol.NotReplicatedException: Request with call Id 10 and log index 6 is not yet replicated to ALL_COMMITTED, logIndex=6, commits[61d80c3a-7652-449d-b68e-5fa718f84473:c10, 07cbec61-e91b-416e-becf-32794c7f01be:c4, 35510205-702a-42b0-9e73-ae326acfc6fe:c10]
2019-10-25 05:41:07,685 [EventQueue-ContainerReportForContainerReportHandler] WARN  container.ContainerReportHandler (AbstractContainerReportHandler.java:updateContainerState(145)) - Container #1 is in OPEN state, but the datanode 61d80c3a-7652-449d-b68e-5fa718f84473{ip: 192.168.157.195, host: pr-hdds-1701-sv9gv-972070529, networkLocation: /default-rack, certSerialId: null} reports an CLOSED replica.
2019-10-25 05:41:07,789 [EventQueue-ContainerReportForContainerReportHandler] WARN  container.ContainerReportHandler (AbstractContainerReportHandler.java:updateContainerState(145)) - Container #1 is in OPEN state, but the datanode 35510205-702a-42b0-9e73-ae326acfc6fe{ip: 192.168.157.195, host: pr-hdds-1701-sv9gv-972070529, networkLocation: /default-rack, certSerialId: null} reports an CLOSED replica.
2019-10-25 05:41:07,987 [EventQueue-ContainerReportForContainerReportHandler] WARN  container.ContainerReportHandler (AbstractContainerReportHandler.java:updateContainerState(145)) - Container #1 is in OPEN state, but the datanode 61d80c3a-7652-449d-b68e-5fa718f84473{ip: 192.168.157.195, host: pr-hdds-1701-sv9gv-972070529, networkLocation: /default-rack, certSerialId: null} reports an CLOSED replica.
2019-10-25 05:41:08,089 [EventQueue-ContainerReportForContainerReportHandler] WARN  container.ContainerReportHandler (AbstractContainerReportHandler.java:updateContainerState(145)) - Container #1 is in OPEN state, but the datanode 35510205-702a-42b0-9e73-ae326acfc6fe{ip: 192.168.157.195, host: pr-hdds-1701-sv9gv-972070529, networkLocation: /default-rack, certSerialId: null} reports an CLOSED replica.
2019-10-25 05:41:08,186 [EventQueue-ContainerReportForContainerReportHandler] WARN  container.ContainerReportHandler (AbstractContainerReportHandler.java:updateContainerState(145)) - Container #1 is in OPEN state, but the datanode 61d80c3a-7652-449d-b68e-5fa718f84473{ip: 192.168.157.195, host: pr-hdds-1701-sv9gv-972070529, networkLocation: /default-rack, certSerialId: null} reports an CLOSED replica.
2019-10-25 05:41:08,248 [BlockDeletingService#6] WARN  background.BlockDeletingService (BlockDeletingService.java:isDeletionAllowed(187)) - Close Container log Index 6 is not replicated across allthe servers in the pipeline c5632910-c548-43bf-b295-e436c85fad58 as the min replicated index is 4. Deletion is not allowed in this container yet.
2019-10-25 05:41:08,248 [BlockDeletingService#2] WARN  background.BlockDeletingService (BlockDeletingService.java:isDeletionAllowed(187)) - Close Container log Index 6 is not replicated across allthe servers in the pipeline c5632910-c548-43bf-b295-e436c85fad58 as the min replicated index is 4. Deletion is not allowed in this container yet.
2019-10-25 05:41:08,389 [EventQueue-ContainerReportForContainerReportHandler] WARN  container.ContainerReportHandler (AbstractContainerReportHandler.java:updateContainerState(145)) - Container #1 is in OPEN state, but the datanode 35510205-702a-42b0-9e73-ae326acfc6fe{ip: 192.168.157.195, host: pr-hdds-1701-sv9gv-972070529, networkLocation: /default-rack, certSerialId: null} reports an CLOSED replica.
2019-10-25 05:41:08,487 [EventQueue-ContainerReportForContainerReportHandler] WARN  container.ContainerReportHandler (AbstractContainerReportHandler.java:updateContainerState(145)) - Container #1 is in OPEN state, but the datanode 61d80c3a-7652-449d-b68e-5fa718f84473{ip: 192.168.157.195, host: pr-hdds-1701-sv9gv-972070529, networkLocation: /default-rack, certSerialId: null} reports an CLOSED replica.
2019-10-25 05:41:08,689 [EventQueue-ContainerReportForContainerReportHandler] WARN  container.ContainerReportHandler (AbstractContainerReportHandler.java:updateContainerState(145)) - Container #1 is in OPEN state, but the datanode 35510205-702a-42b0-9e73-ae326acfc6fe{ip: 192.168.157.195, host: pr-hdds-1701-sv9gv-972070529, networkLocation: /default-rack, certSerialId: null} reports an CLOSED replica.
2019-10-25 05:41:08,887 [EventQueue-ContainerReportForContainerReportHandler] WARN  container.ContainerReportHandler (AbstractContainerReportHandler.java:updateContainerState(145)) - Container #1 is in OPEN state, but the datanode 61d80c3a-7652-449d-b68e-5fa718f84473{ip: 192.168.157.195, host: pr-hdds-1701-sv9gv-972070529, networkLocation: /default-rack, certSerialId: null} reports an CLOSED replica.
2019-10-25 05:41:08,989 [EventQueue-ContainerReportForContainerReportHandler] WARN  container.ContainerReportHandler (AbstractContainerReportHandler.java:updateContainerState(145)) - Container #1 is in OPEN state, but the datanode 35510205-702a-42b0-9e73-ae326acfc6fe{ip: 192.168.157.195, host: pr-hdds-1701-sv9gv-972070529, networkLocation: /default-rack, certSerialId: null} reports an CLOSED replica.
2019-10-25 05:41:09,189 [EventQueue-ContainerReportForContainerReportHandler] WARN  container.ContainerReportHandler (AbstractContainerReportHandler.java:updateContainerState(145)) - Container #1 is in OPEN state, but the datanode 35510205-702a-42b0-9e73-ae326acfc6fe{ip: 192.168.157.195, host: pr-hdds-1701-sv9gv-972070529, networkLocation: /default-rack, certSerialId: null} reports an CLOSED replica.
2019-10-25 05:41:09,251 [BlockDeletingService#2] WARN  background.BlockDeletingService (BlockDeletingService.java:isDeletionAllowed(187)) - Close Container log Index 6 is not replicated across allthe servers in the pipeline c5632910-c548-43bf-b295-e436c85fad58 as the min replicated index is 4. Deletion is not allowed in this container yet.
2019-10-25 05:41:09,251 [BlockDeletingService#6] WARN  background.BlockDeletingService (BlockDeletingService.java:isDeletionAllowed(187)) - Close Container log Index 6 is not replicated across allthe servers in the pipeline c5632910-c548-43bf-b295-e436c85fad58 as the min replicated index is 4. Deletion is not allowed in this container yet.
2019-10-25 05:41:09,287 [EventQueue-ContainerReportForContainerReportHandler] WARN  container.ContainerReportHandler (AbstractContainerReportHandler.java:updateContainerState(145)) - Container #1 is in OPEN state, but the datanode 61d80c3a-7652-449d-b68e-5fa718f84473{ip: 192.168.157.195, host: pr-hdds-1701-sv9gv-972070529, networkLocation: /default-rack, certSerialId: null} reports an CLOSED replica.
2019-10-25 05:41:09,339 [java.util.concurrent.ThreadPoolExecutor$Worker@aec7811[State = -1, empty queue]] WARN  server.GrpcLogAppender (GrpcLogAppender.java:timeoutAppendRequest(209)) - 61d80c3a-7652-449d-b68e-5fa718f84473@group-E436C85FAD58->07cbec61-e91b-416e-becf-32794c7f01be-GrpcLogAppender: appendEntries Timeout, request=61d80c3a-7652-449d-b68e-5fa718f84473->07cbec61-e91b-416e-becf-32794c7f01be#28-t1, previous=(t:1, i:10), leaderCommit=10, initializing? false, entries: <empty>
2019-10-25 05:41:09,487 [EventQueue-ContainerReportForContainerReportHandler] WARN  container.ContainerReportHandler (AbstractContainerReportHandler.java:updateContainerState(145)) - Container #1 is in OPEN state, but the datanode 61d80c3a-7652-449d-b68e-5fa718f84473{ip: 192.168.157.195, host: pr-hdds-1701-sv9gv-972070529, networkLocation: /default-rack, certSerialId: null} reports an CLOSED replica.
2019-10-25 05:41:09,489 [EventQueue-ContainerReportForContainerReportHandler] WARN  container.ContainerReportHandler (AbstractContainerReportHandler.java:updateContainerState(145)) - Container #1 is in OPEN state, but the datanode 35510205-702a-42b0-9e73-ae326acfc6fe{ip: 192.168.157.195, host: pr-hdds-1701-sv9gv-972070529, networkLocation: /default-rack, certSerialId: null} reports an CLOSED replica.
2019-10-25 05:41:09,697 [EventQueue-ContainerReportForContainerReportHandler] WARN  container.ContainerReportHandler (AbstractContainerReportHandler.java:updateContainerState(145)) - Container #1 is in OPEN state, but the datanode 35510205-702a-42b0-9e73-ae326acfc6fe{ip: 192.168.157.195, host: pr-hdds-1701-sv9gv-972070529, networkLocation: /default-rack, certSerialId: null} reports an CLOSED replica.
2019-10-25 05:41:09,787 [EventQueue-ContainerReportForContainerReportHandler] WARN  container.ContainerReportHandler (AbstractContainerReportHandler.java:updateContainerState(145)) - Container #1 is in OPEN state, but the datanode 61d80c3a-7652-449d-b68e-5fa718f84473{ip: 192.168.157.195, host: pr-hdds-1701-sv9gv-972070529, networkLocation: /default-rack, certSerialId: null} reports an CLOSED replica.
2019-10-25 05:41:10,087 [EventQueue-ContainerReportForContainerReportHandler] WARN  container.ContainerReportHandler (AbstractContainerReportHandler.java:updateContainerState(145)) - Container #1 is in OPEN state, but the datanode 61d80c3a-7652-449d-b68e-5fa718f84473{ip: 192.168.157.195, host: pr-hdds-1701-sv9gv-972070529, networkLocation: /default-rack, certSerialId: null} reports an CLOSED replica.
2019-10-25 05:41:10,090 [EventQueue-ContainerReportForContainerReportHandler] WARN  container.ContainerReportHandler (AbstractContainerReportHandler.java:updateContainerState(145)) - Container #1 is in OPEN state, but the datanode 35510205-702a-42b0-9e73-ae326acfc6fe{ip: 192.168.157.195, host: pr-hdds-1701-sv9gv-972070529, networkLocation: /default-rack, certSerialId: null} reports an CLOSED replica.
2019-10-25 05:41:10,253 [BlockDeletingService#2] WARN  background.BlockDeletingService (BlockDeletingService.java:isDeletionAllowed(187)) - Close Container log Index 6 is not replicated across allthe servers in the pipeline c5632910-c548-43bf-b295-e436c85fad58 as the min replicated index is 4. Deletion is not allowed in this container yet.
2019-10-25 05:41:10,253 [BlockDeletingService#6] WARN  background.BlockDeletingService (BlockDeletingService.java:isDeletionAllowed(187)) - Close Container log Index 6 is not replicated across allthe servers in the pipeline c5632910-c548-43bf-b295-e436c85fad58 as the min replicated index is 4. Deletion is not allowed in this container yet.
2019-10-25 05:41:10,388 [EventQueue-ContainerReportForContainerReportHandler] WARN  container.ContainerReportHandler (AbstractContainerReportHandler.java:updateContainerState(145)) - Container #1 is in OPEN state, but the datanode 61d80c3a-7652-449d-b68e-5fa718f84473{ip: 192.168.157.195, host: pr-hdds-1701-sv9gv-972070529, networkLocation: /default-rack, certSerialId: null} reports an CLOSED replica.
2019-10-25 05:41:10,390 [EventQueue-ContainerReportForContainerReportHandler] WARN  container.ContainerReportHandler (AbstractContainerReportHandler.java:updateContainerState(145)) - Container #1 is in OPEN state, but the datanode 35510205-702a-42b0-9e73-ae326acfc6fe{ip: 192.168.157.195, host: pr-hdds-1701-sv9gv-972070529, networkLocation: /default-rack, certSerialId: null} reports an CLOSED replica.
2019-10-25 05:41:10,588 [EventQueue-ContainerReportForContainerReportHandler] WARN  container.ContainerReportHandler (AbstractContainerReportHandler.java:updateContainerState(145)) - Container #1 is in OPEN state, but the datanode 61d80c3a-7652-449d-b68e-5fa718f84473{ip: 192.168.157.195, host: pr-hdds-1701-sv9gv-972070529, networkLocation: /default-rack, certSerialId: null} reports an CLOSED replica.
2019-10-25 05:41:10,691 [EventQueue-ContainerReportForContainerReportHandler] WARN  container.ContainerReportHandler (AbstractContainerReportHandler.java:updateContainerState(145)) - Container #1 is in OPEN state, but the datanode 35510205-702a-42b0-9e73-ae326acfc6fe{ip: 192.168.157.195, host: pr-hdds-1701-sv9gv-972070529, networkLocation: /default-rack, certSerialId: null} reports an CLOSED replica.
2019-10-25 05:41:10,888 [EventQueue-ContainerReportForContainerReportHandler] WARN  container.ContainerReportHandler (AbstractContainerReportHandler.java:updateContainerState(145)) - Container #1 is in OPEN state, but the datanode 61d80c3a-7652-449d-b68e-5fa718f84473{ip: 192.168.157.195, host: pr-hdds-1701-sv9gv-972070529, networkLocation: /default-rack, certSerialId: null} reports an CLOSED replica.
2019-10-25 05:41:10,991 [EventQueue-ContainerReportForContainerReportHandler] WARN  container.ContainerReportHandler (AbstractContainerReportHandler.java:updateContainerState(145)) - Container #1 is in OPEN state, but the datanode 35510205-702a-42b0-9e73-ae326acfc6fe{ip: 192.168.157.195, host: pr-hdds-1701-sv9gv-972070529, networkLocation: /default-rack, certSerialId: null} reports an CLOSED replica.
2019-10-25 05:41:11,189 [EventQueue-ContainerReportForContainerReportHandler] WARN  container.ContainerReportHandler (AbstractContainerReportHandler.java:updateContainerState(145)) - Container #1 is in OPEN state, but the datanode 61d80c3a-7652-449d-b68e-5fa718f84473{ip: 192.168.157.195, host: pr-hdds-1701-sv9gv-972070529, networkLocation: /default-rack, certSerialId: null} reports an CLOSED replica.
2019-10-25 05:41:11,254 [BlockDeletingService#2] WARN  background.BlockDeletingService (BlockDeletingService.java:isDeletionAllowed(187)) - Close Container log Index 6 is not replicated across allthe servers in the pipeline c5632910-c548-43bf-b295-e436c85fad58 as the min replicated index is 4. Deletion is not allowed in this container yet.
2019-10-25 05:41:11,254 [BlockDeletingService#6] WARN  background.BlockDeletingService (BlockDeletingService.java:isDeletionAllowed(187)) - Close Container log Index 6 is not replicated across allthe servers in the pipeline c5632910-c548-43bf-b295-e436c85fad58 as the min replicated index is 4. Deletion is not allowed in this container yet.
2019-10-25 05:41:11,292 [EventQueue-ContainerReportForContainerReportHandler] WARN  container.ContainerReportHandler (AbstractContainerReportHandler.java:updateContainerState(145)) - Container #1 is in OPEN state, but the datanode 35510205-702a-42b0-9e73-ae326acfc6fe{ip: 192.168.157.195, host: pr-hdds-1701-sv9gv-972070529, networkLocation: /default-rack, certSerialId: null} reports an CLOSED replica.
2019-10-25 05:41:11,590 [EventQueue-ContainerReportForContainerReportHandler] WARN  container.ContainerReportHandler (AbstractContainerReportHandler.java:updateContainerState(145)) - Container #1 is in OPEN state, but the datanode 61d80c3a-7652-449d-b68e-5fa718f84473{ip: 192.168.157.195, host: pr-hdds-1701-sv9gv-972070529, networkLocation: /default-rack, certSerialId: null} reports an CLOSED replica.
2019-10-25 05:41:11,593 [EventQueue-ContainerReportForContainerReportHandler] WARN  container.ContainerReportHandler (AbstractContainerReportHandler.java:updateContainerState(145)) - Container #1 is in OPEN state, but the datanode 35510205-702a-42b0-9e73-ae326acfc6fe{ip: 192.168.157.195, host: pr-hdds-1701-sv9gv-972070529, networkLocation: /default-rack, certSerialId: null} reports an CLOSED replica.
2019-10-25 05:41:11,793 [EventQueue-ContainerReportForContainerReportHandler] WARN  container.ContainerReportHandler (AbstractContainerReportHandler.java:updateContainerState(145)) - Container #1 is in OPEN state, but the datanode 35510205-702a-42b0-9e73-ae326acfc6fe{ip: 192.168.157.195, host: pr-hdds-1701-sv9gv-972070529, networkLocation: /default-rack, certSerialId: null} reports an CLOSED replica.
2019-10-25 05:41:11,841 [java.util.concurrent.ThreadPoolExecutor$Worker@aec7811[State = -1, empty queue]] WARN  server.GrpcLogAppender (GrpcLogAppender.java:timeoutAppendRequest(209)) - 61d80c3a-7652-449d-b68e-5fa718f84473@group-E436C85FAD58->07cbec61-e91b-416e-becf-32794c7f01be-GrpcLogAppender: appendEntries Timeout, request=61d80c3a-7652-449d-b68e-5fa718f84473->07cbec61-e91b-416e-becf-32794c7f01be#29-t1, previous=(t:1, i:10), leaderCommit=10, initializing? false, entries: <empty>
2019-10-25 05:41:11,890 [EventQueue-ContainerReportForContainerReportHandler] WARN  container.ContainerReportHandler (AbstractContainerReportHandler.java:updateContainerState(145)) - Container #1 is in OPEN state, but the datanode 61d80c3a-7652-449d-b68e-5fa718f84473{ip: 192.168.157.195, host: pr-hdds-1701-sv9gv-972070529, networkLocation: /default-rack, certSerialId: null} reports an CLOSED replica.
2019-10-25 05:41:12,090 [EventQueue-ContainerReportForContainerReportHandler] WARN  container.ContainerReportHandler (AbstractContainerReportHandler.java:updateContainerState(145)) - Container #1 is in OPEN state, but the datanode 61d80c3a-7652-449d-b68e-5fa718f84473{ip: 192.168.157.195, host: pr-hdds-1701-sv9gv-972070529, networkLocation: /default-rack, certSerialId: null} reports an CLOSED replica.
2019-10-25 05:41:12,093 [EventQueue-ContainerReportForContainerReportHandler] WARN  container.ContainerReportHandler (AbstractContainerReportHandler.java:updateContainerState(145)) - Container #1 is in OPEN state, but the datanode 35510205-702a-42b0-9e73-ae326acfc6fe{ip: 192.168.157.195, host: pr-hdds-1701-sv9gv-972070529, networkLocation: /default-rack, certSerialId: null} reports an CLOSED replica.
2019-10-25 05:41:12,255 [BlockDeletingService#2] WARN  background.BlockDeletingService (BlockDeletingService.java:isDeletionAllowed(187)) - Close Container log Index 6 is not replicated across allthe servers in the pipeline c5632910-c548-43bf-b295-e436c85fad58 as the min replicated index is 4. Deletion is not allowed in this container yet.
2019-10-25 05:41:12,255 [BlockDeletingService#6] WARN  background.BlockDeletingService (BlockDeletingService.java:isDeletionAllowed(187)) - Close Container log Index 6 is not replicated across allthe servers in the pipeline c5632910-c548-43bf-b295-e436c85fad58 as the min replicated index is 4. Deletion is not allowed in this container yet.
2019-10-25 05:41:12,390 [EventQueue-ContainerReportForContainerReportHandler] WARN  container.ContainerReportHandler (AbstractContainerReportHandler.java:updateContainerState(145)) - Container #1 is in OPEN state, but the datanode 61d80c3a-7652-449d-b68e-5fa718f84473{ip: 192.168.157.195, host: pr-hdds-1701-sv9gv-972070529, networkLocation: /default-rack, certSerialId: null} reports an CLOSED replica.
2019-10-25 05:41:12,494 [EventQueue-ContainerReportForContainerReportHandler] WARN  container.ContainerReportHandler (AbstractContainerReportHandler.java:updateContainerState(145)) - Container #1 is in OPEN state, but the datanode 35510205-702a-42b0-9e73-ae326acfc6fe{ip: 192.168.157.195, host: pr-hdds-1701-sv9gv-972070529, networkLocation: /default-rack, certSerialId: null} reports an CLOSED replica.
2019-10-25 05:41:12,691 [EventQueue-ContainerReportForContainerReportHandler] WARN  container.ContainerReportHandler (AbstractContainerReportHandler.java:updateContainerState(145)) - Container #1 is in OPEN state, but the datanode 61d80c3a-7652-449d-b68e-5fa718f84473{ip: 192.168.157.195, host: pr-hdds-1701-sv9gv-972070529, networkLocation: /default-rack, certSerialId: null} reports an CLOSED replica.
2019-10-25 05:41:12,694 [EventQueue-ContainerReportForContainerReportHandler] WARN  container.ContainerReportHandler (AbstractContainerReportHandler.java:updateContainerState(145)) - Container #1 is in OPEN state, but the datanode 35510205-702a-42b0-9e73-ae326acfc6fe{ip: 192.168.157.195, host: pr-hdds-1701-sv9gv-972070529, networkLocation: /default-rack, certSerialId: null} reports an CLOSED replica.
2019-10-25 05:41:12,990 [EventQueue-ContainerReportForContainerReportHandler] WARN  container.ContainerReportHandler (AbstractContainerReportHandler.java:updateContainerState(145)) - Container #1 is in OPEN state, but the datanode 61d80c3a-7652-449d-b68e-5fa718f84473{ip: 192.168.157.195, host: pr-hdds-1701-sv9gv-972070529, networkLocation: /default-rack, certSerialId: null} reports an CLOSED replica.
2019-10-25 05:41:13,094 [EventQueue-ContainerReportForContainerReportHandler] WARN  container.ContainerReportHandler (AbstractContainerReportHandler.java:updateContainerState(145)) - Container #1 is in OPEN state, but the datanode 35510205-702a-42b0-9e73-ae326acfc6fe{ip: 192.168.157.195, host: pr-hdds-1701-sv9gv-972070529, networkLocation: /default-rack, certSerialId: null} reports an CLOSED replica.
2019-10-25 05:41:13,191 [EventQueue-ContainerReportForContainerReportHandler] WARN  container.ContainerReportHandler (AbstractContainerReportHandler.java:updateContainerState(145)) - Container #1 is in OPEN state, but the datanode 61d80c3a-7652-449d-b68e-5fa718f84473{ip: 192.168.157.195, host: pr-hdds-1701-sv9gv-972070529, networkLocation: /default-rack, certSerialId: null} reports an CLOSED replica.
2019-10-25 05:41:13,256 [BlockDeletingService#2] WARN  background.BlockDeletingService (BlockDeletingService.java:isDeletionAllowed(187)) - Close Container log Index 6 is not replicated across allthe servers in the pipeline c5632910-c548-43bf-b295-e436c85fad58 as the min replicated index is 4. Deletion is not allowed in this container yet.
2019-10-25 05:41:13,257 [BlockDeletingService#6] WARN  background.BlockDeletingService (BlockDeletingService.java:isDeletionAllowed(187)) - Close Container log Index 6 is not replicated across allthe servers in the pipeline c5632910-c548-43bf-b295-e436c85fad58 as the min replicated index is 4. Deletion is not allowed in this container yet.
2019-10-25 05:41:13,294 [EventQueue-ContainerReportForContainerReportHandler] WARN  container.ContainerReportHandler (AbstractContainerReportHandler.java:updateContainerState(145)) - Container #1 is in OPEN state, but the datanode 35510205-702a-42b0-9e73-ae326acfc6fe{ip: 192.168.157.195, host: pr-hdds-1701-sv9gv-972070529, networkLocation: /default-rack, certSerialId: null} reports an CLOSED replica.
2019-10-25 05:41:13,591 [EventQueue-ContainerReportForContainerReportHandler] WARN  container.ContainerReportHandler (AbstractContainerReportHandler.java:updateContainerState(145)) - Container #1 is in OPEN state, but the datanode 61d80c3a-7652-449d-b68e-5fa718f84473{ip: 192.168.157.195, host: pr-hdds-1701-sv9gv-972070529, networkLocation: /default-rack, certSerialId: null} reports an CLOSED replica.
2019-10-25 05:41:13,594 [EventQueue-ContainerReportForContainerReportHandler] WARN  container.ContainerReportHandler (AbstractContainerReportHandler.java:updateContainerState(145)) - Container #1 is in OPEN state, but the datanode 35510205-702a-42b0-9e73-ae326acfc6fe{ip: 192.168.157.195, host: pr-hdds-1701-sv9gv-972070529, networkLocation: /default-rack, certSerialId: null} reports an CLOSED replica.
2019-10-25 05:41:13,892 [EventQueue-ContainerReportForContainerReportHandler] WARN  container.ContainerReportHandler (AbstractContainerReportHandler.java:updateContainerState(145)) - Container #1 is in OPEN state, but the datanode 61d80c3a-7652-449d-b68e-5fa718f84473{ip: 192.168.157.195, host: pr-hdds-1701-sv9gv-972070529, networkLocation: /default-rack, certSerialId: null} reports an CLOSED replica.
2019-10-25 05:41:13,995 [EventQueue-ContainerReportForContainerReportHandler] WARN  container.ContainerReportHandler (AbstractContainerReportHandler.java:updateContainerState(145)) - Container #1 is in OPEN state, but the datanode 35510205-702a-42b0-9e73-ae326acfc6fe{ip: 192.168.157.195, host: pr-hdds-1701-sv9gv-972070529, networkLocation: /default-rack, certSerialId: null} reports an CLOSED replica.
2019-10-25 05:41:14,092 [EventQueue-ContainerReportForContainerReportHandler] WARN  container.ContainerReportHandler (AbstractContainerReportHandler.java:updateContainerState(145)) - Container #1 is in OPEN state, but the datanode 61d80c3a-7652-449d-b68e-5fa718f84473{ip: 192.168.157.195, host: pr-hdds-1701-sv9gv-972070529, networkLocation: /default-rack, certSerialId: null} reports an CLOSED replica.
2019-10-25 05:41:14,258 [BlockDeletingService#2] WARN  background.BlockDeletingService (BlockDeletingService.java:isDeletionAllowed(187)) - Close Container log Index 6 is not replicated across allthe servers in the pipeline c5632910-c548-43bf-b295-e436c85fad58 as the min replicated index is 4. Deletion is not allowed in this container yet.
2019-10-25 05:41:14,258 [BlockDeletingService#6] WARN  background.BlockDeletingService (BlockDeletingService.java:isDeletionAllowed(187)) - Close Container log Index 6 is not replicated across allthe servers in the pipeline c5632910-c548-43bf-b295-e436c85fad58 as the min replicated index is 4. Deletion is not allowed in this container yet.
2019-10-25 05:41:14,295 [EventQueue-ContainerReportForContainerReportHandler] WARN  container.ContainerReportHandler (AbstractContainerReportHandler.java:updateContainerState(145)) - Container #1 is in OPEN state, but the datanode 35510205-702a-42b0-9e73-ae326acfc6fe{ip: 192.168.157.195, host: pr-hdds-1701-sv9gv-972070529, networkLocation: /default-rack, certSerialId: null} reports an CLOSED replica.
2019-10-25 05:41:14,341 [java.util.concurrent.ThreadPoolExecutor$Worker@aec7811[State = -1, empty queue]] WARN  server.GrpcLogAppender (GrpcLogAppender.java:timeoutAppendRequest(209)) - 61d80c3a-7652-449d-b68e-5fa718f84473@group-E436C85FAD58->07cbec61-e91b-416e-becf-32794c7f01be-GrpcLogAppender: appendEntries Timeout, request=61d80c3a-7652-449d-b68e-5fa718f84473->07cbec61-e91b-416e-becf-32794c7f01be#30-t1, previous=(t:1, i:10), leaderCommit=10, initializing? false, entries: <empty>
2019-10-25 05:41:14,393 [EventQueue-ContainerReportForContainerReportHandler] WARN  container.ContainerReportHandler (AbstractContainerReportHandler.java:updateContainerState(145)) - Container #1 is in OPEN state, but the datanode 61d80c3a-7652-449d-b68e-5fa718f84473{ip: 192.168.157.195, host: pr-hdds-1701-sv9gv-972070529, networkLocation: /default-rack, certSerialId: null} reports an CLOSED replica.
2019-10-25 05:41:14,495 [EventQueue-ContainerReportForContainerReportHandler] WARN  container.ContainerReportHandler (AbstractContainerReportHandler.java:updateContainerState(145)) - Container #1 is in OPEN state, but the datanode 35510205-702a-42b0-9e73-ae326acfc6fe{ip: 192.168.157.195, host: pr-hdds-1701-sv9gv-972070529, networkLocation: /default-rack, certSerialId: null} reports an CLOSED replica.
2019-10-25 05:41:14,593 [EventQueue-ContainerReportForContainerReportHandler] WARN  container.ContainerReportHandler (AbstractContainerReportHandler.java:updateContainerState(145)) - Container #1 is in OPEN state, but the datanode 61d80c3a-7652-449d-b68e-5fa718f84473{ip: 192.168.157.195, host: pr-hdds-1701-sv9gv-972070529, networkLocation: /default-rack, certSerialId: null} reports an CLOSED replica.
2019-10-25 05:41:14,795 [EventQueue-ContainerReportForContainerReportHandler] WARN  container.ContainerReportHandler (AbstractContainerReportHandler.java:updateContainerState(145)) - Container #1 is in OPEN state, but the datanode 35510205-702a-42b0-9e73-ae326acfc6fe{ip: 192.168.157.195, host: pr-hdds-1701-sv9gv-972070529, networkLocation: /default-rack, certSerialId: null} reports an CLOSED replica.
2019-10-25 05:41:14,893 [EventQueue-ContainerReportForContainerReportHandler] WARN  container.ContainerReportHandler (AbstractContainerReportHandler.java:updateContainerState(145)) - Container #1 is in OPEN state, but the datanode 61d80c3a-7652-449d-b68e-5fa718f84473{ip: 192.168.157.195, host: pr-hdds-1701-sv9gv-972070529, networkLocation: /default-rack, certSerialId: null} reports an CLOSED replica.
2019-10-25 05:41:15,096 [EventQueue-ContainerReportForContainerReportHandler] WARN  container.ContainerReportHandler (AbstractContainerReportHandler.java:updateContainerState(145)) - Container #1 is in OPEN state, but the datanode 35510205-702a-42b0-9e73-ae326acfc6fe{ip: 192.168.157.195, host: pr-hdds-1701-sv9gv-972070529, networkLocation: /default-rack, certSerialId: null} reports an CLOSED replica.
2019-10-25 05:41:15,193 [EventQueue-ContainerReportForContainerReportHandler] WARN  container.ContainerReportHandler (AbstractContainerReportHandler.java:updateContainerState(145)) - Container #1 is in OPEN state, but the datanode 61d80c3a-7652-449d-b68e-5fa718f84473{ip: 192.168.157.195, host: pr-hdds-1701-sv9gv-972070529, networkLocation: /default-rack, certSerialId: null} reports an CLOSED replica.
2019-10-25 05:41:15,260 [BlockDeletingService#2] WARN  background.BlockDeletingService (BlockDeletingService.java:isDeletionAllowed(187)) - Close Container log Index 6 is not replicated across allthe servers in the pipeline c5632910-c548-43bf-b295-e436c85fad58 as the min replicated index is 4. Deletion is not allowed in this container yet.
2019-10-25 05:41:15,260 [BlockDeletingService#6] WARN  background.BlockDeletingService (BlockDeletingService.java:isDeletionAllowed(187)) - Close Container log Index 6 is not replicated across allthe servers in the pipeline c5632910-c548-43bf-b295-e436c85fad58 as the min replicated index is 4. Deletion is not allowed in this container yet.
2019-10-25 05:41:15,492 [EventQueue-ContainerReportForContainerReportHandler] WARN  container.ContainerReportHandler (AbstractContainerReportHandler.java:updateContainerState(145)) - Container #1 is in OPEN state, but the datanode 61d80c3a-7652-449d-b68e-5fa718f84473{ip: 192.168.157.195, host: pr-hdds-1701-sv9gv-972070529, networkLocation: /default-rack, certSerialId: null} reports an CLOSED replica.
2019-10-25 05:41:15,495 [EventQueue-ContainerReportForContainerReportHandler] WARN  container.ContainerReportHandler (AbstractContainerReportHandler.java:updateContainerState(145)) - Container #1 is in OPEN state, but the datanode 35510205-702a-42b0-9e73-ae326acfc6fe{ip: 192.168.157.195, host: pr-hdds-1701-sv9gv-972070529, networkLocation: /default-rack, certSerialId: null} reports an CLOSED replica.
2019-10-25 05:41:15,796 [EventQueue-ContainerReportForContainerReportHandler] WARN  container.ContainerReportHandler (AbstractContainerReportHandler.java:updateContainerState(145)) - Container #1 is in OPEN state, but the datanode 35510205-702a-42b0-9e73-ae326acfc6fe{ip: 192.168.157.195, host: pr-hdds-1701-sv9gv-972070529, networkLocation: /default-rack, certSerialId: null} reports an CLOSED replica.
2019-10-25 05:41:15,892 [EventQueue-ContainerReportForContainerReportHandler] WARN  container.ContainerReportHandler (AbstractContainerReportHandler.java:updateContainerState(145)) - Container #1 is in OPEN state, but the datanode 61d80c3a-7652-449d-b68e-5fa718f84473{ip: 192.168.157.195, host: pr-hdds-1701-sv9gv-972070529, networkLocation: /default-rack, certSerialId: null} reports an CLOSED replica.
2019-10-25 05:41:16,096 [EventQueue-ContainerReportForContainerReportHandler] WARN  container.ContainerReportHandler (AbstractContainerReportHandler.java:updateContainerState(145)) - Container #1 is in OPEN state, but the datanode 35510205-702a-42b0-9e73-ae326acfc6fe{ip: 192.168.157.195, host: pr-hdds-1701-sv9gv-972070529, networkLocation: /default-rack, certSerialId: null} reports an CLOSED replica.
2019-10-25 05:41:16,192 [EventQueue-ContainerReportForContainerReportHandler] WARN  container.ContainerReportHandler (AbstractContainerReportHandler.java:updateContainerState(145)) - Container #1 is in OPEN state, but the datanode 61d80c3a-7652-449d-b68e-5fa718f84473{ip: 192.168.157.195, host: pr-hdds-1701-sv9gv-972070529, networkLocation: /default-rack, certSerialId: null} reports an CLOSED replica.
2019-10-25 05:41:16,261 [BlockDeletingService#2] WARN  background.BlockDeletingService (BlockDeletingService.java:isDeletionAllowed(187)) - Close Container log Index 6 is not replicated across allthe servers in the pipeline c5632910-c548-43bf-b295-e436c85fad58 as the min replicated index is 4. Deletion is not allowed in this container yet.
2019-10-25 05:41:16,261 [BlockDeletingService#6] WARN  background.BlockDeletingService (BlockDeletingService.java:isDeletionAllowed(187)) - Close Container log Index 6 is not replicated across allthe servers in the pipeline c5632910-c548-43bf-b295-e436c85fad58 as the min replicated index is 4. Deletion is not allowed in this container yet.
2019-10-25 05:41:16,493 [EventQueue-ContainerReportForContainerReportHandler] WARN  container.ContainerReportHandler (AbstractContainerReportHandler.java:updateContainerState(145)) - Container #1 is in OPEN state, but the datanode 61d80c3a-7652-449d-b68e-5fa718f84473{ip: 192.168.157.195, host: pr-hdds-1701-sv9gv-972070529, networkLocation: /default-rack, certSerialId: null} reports an CLOSED replica.
2019-10-25 05:41:16,496 [EventQueue-ContainerReportForContainerReportHandler] WARN  container.ContainerReportHandler (AbstractContainerReportHandler.java:updateContainerState(145)) - Container #1 is in OPEN state, but the datanode 35510205-702a-42b0-9e73-ae326acfc6fe{ip: 192.168.157.195, host: pr-hdds-1701-sv9gv-972070529, networkLocation: /default-rack, certSerialId: null} reports an CLOSED replica.
2019-10-25 05:41:16,693 [EventQueue-ContainerReportForContainerReportHandler] WARN  container.ContainerReportHandler (AbstractContainerReportHandler.java:updateContainerState(145)) - Container #1 is in OPEN state, but the datanode 61d80c3a-7652-449d-b68e-5fa718f84473{ip: 192.168.157.195, host: pr-hdds-1701-sv9gv-972070529, networkLocation: /default-rack, certSerialId: null} reports an CLOSED replica.
2019-10-25 05:41:16,797 [EventQueue-ContainerReportForContainerReportHandler] WARN  container.ContainerReportHandler (AbstractContainerReportHandler.java:updateContainerState(145)) - Container #1 is in OPEN state, but the datanode 35510205-702a-42b0-9e73-ae326acfc6fe{ip: 192.168.157.195, host: pr-hdds-1701-sv9gv-972070529, networkLocation: /default-rack, certSerialId: null} reports an CLOSED replica.
2019-10-25 05:41:16,842 [java.util.concurrent.ThreadPoolExecutor$Worker@aec7811[State = -1, empty queue]] WARN  server.GrpcLogAppender (GrpcLogAppender.java:timeoutAppendRequest(209)) - 61d80c3a-7652-449d-b68e-5fa718f84473@group-E436C85FAD58->07cbec61-e91b-416e-becf-32794c7f01be-GrpcLogAppender: appendEntries Timeout, request=61d80c3a-7652-449d-b68e-5fa718f84473->07cbec61-e91b-416e-becf-32794c7f01be#31-t1, previous=(t:1, i:10), leaderCommit=10, initializing? false, entries: <empty>
2019-10-25 05:41:16,897 [EventQueue-ContainerReportForContainerReportHandler] WARN  container.ContainerReportHandler (AbstractContainerReportHandler.java:updateContainerState(145)) - Container #1 is in OPEN state, but the datanode 61d80c3a-7652-449d-b68e-5fa718f84473{ip: 192.168.157.195, host: pr-hdds-1701-sv9gv-972070529, networkLocation: /default-rack, certSerialId: null} reports an CLOSED replica.
2019-10-25 05:41:16,901 [Thread-381] INFO  client.GrpcClientProtocolService (GrpcClientProtocolService.java:lambda$processClientRequest$0(279)) - Failed RaftClientRequest:client-042E50236798->35510205-702a-42b0-9e73-ae326acfc6fe@group-E436C85FAD58, cid=10, seq=0, Watch-ALL_COMMITTED(6), Message:<EMPTY>, reply=RaftClientReply:client-042E50236798->35510205-702a-42b0-9e73-ae326acfc6fe@group-E436C85FAD58, cid=10, FAILED org.apache.ratis.protocol.NotLeaderException: Server 35510205-702a-42b0-9e73-ae326acfc6fe@group-E436C85FAD58 is not the leader 61d80c3a-7652-449d-b68e-5fa718f84473:192.168.157.195:45627, logIndex=0, commits[35510205-702a-42b0-9e73-ae326acfc6fe:c10, 61d80c3a-7652-449d-b68e-5fa718f84473:c10, 07cbec61-e91b-416e-becf-32794c7f01be:c4]
2019-10-25 05:41:17,097 [EventQueue-ContainerReportForContainerReportHandler] WARN  container.ContainerReportHandler (AbstractContainerReportHandler.java:updateContainerState(145)) - Container #1 is in OPEN state, but the datanode 35510205-702a-42b0-9e73-ae326acfc6fe{ip: 192.168.157.195, host: pr-hdds-1701-sv9gv-972070529, networkLocation: /default-rack, certSerialId: null} reports an CLOSED replica.
2019-10-25 05:41:17,263 [BlockDeletingService#6] WARN  background.BlockDeletingService (BlockDeletingService.java:isDeletionAllowed(187)) - Close Container log Index 6 is not replicated across allthe servers in the pipeline c5632910-c548-43bf-b295-e436c85fad58 as the min replicated index is 4. Deletion is not allowed in this container yet.
2019-10-25 05:41:17,263 [BlockDeletingService#2] WARN  background.BlockDeletingService (BlockDeletingService.java:isDeletionAllowed(187)) - Close Container log Index 6 is not replicated across allthe servers in the pipeline c5632910-c548-43bf-b295-e436c85fad58 as the min replicated index is 4. Deletion is not allowed in this container yet.
2019-10-25 05:41:17,294 [EventQueue-ContainerReportForContainerReportHandler] WARN  container.ContainerReportHandler (AbstractContainerReportHandler.java:updateContainerState(145)) - Container #1 is in OPEN state, but the datanode 61d80c3a-7652-449d-b68e-5fa718f84473{ip: 192.168.157.195, host: pr-hdds-1701-sv9gv-972070529, networkLocation: /default-rack, certSerialId: null} reports an CLOSED replica.
2019-10-25 05:41:17,497 [EventQueue-ContainerReportForContainerReportHandler] WARN  container.ContainerReportHandler (AbstractContainerReportHandler.java:updateContainerState(145)) - Container #1 is in OPEN state, but the datanode 35510205-702a-42b0-9e73-ae326acfc6fe{ip: 192.168.157.195, host: pr-hdds-1701-sv9gv-972070529, networkLocation: /default-rack, certSerialId: null} reports an CLOSED replica.
2019-10-25 05:41:17,584 [Thread-386] INFO  client.GrpcClientProtocolService (GrpcClientProtocolService.java:lambda$processClientRequest$0(279)) - Failed RaftClientRequest:client-042E50236798->61d80c3a-7652-449d-b68e-5fa718f84473@group-E436C85FAD58, cid=10, seq=0, Watch-ALL_COMMITTED(6), Message:<EMPTY>, reply=RaftClientReply:client-042E50236798->61d80c3a-7652-449d-b68e-5fa718f84473@group-E436C85FAD58, cid=10, FAILED org.apache.ratis.protocol.NotReplicatedException: Request with call Id 10 and log index 6 is not yet replicated to ALL_COMMITTED, logIndex=6, commits[61d80c3a-7652-449d-b68e-5fa718f84473:c10, 07cbec61-e91b-416e-becf-32794c7f01be:c4, 35510205-702a-42b0-9e73-ae326acfc6fe:c10]
2019-10-25 05:41:17,694 [EventQueue-ContainerReportForContainerReportHandler] WARN  container.ContainerReportHandler (AbstractContainerReportHandler.java:updateContainerState(145)) - Container #1 is in OPEN state, but the datanode 61d80c3a-7652-449d-b68e-5fa718f84473{ip: 192.168.157.195, host: pr-hdds-1701-sv9gv-972070529, networkLocation: /default-rack, certSerialId: null} reports an CLOSED replica.
2019-10-25 05:41:17,698 [EventQueue-ContainerReportForContainerReportHandler] WARN  container.ContainerReportHandler (AbstractContainerReportHandler.java:updateContainerState(145)) - Container #1 is in OPEN state, but the datanode 35510205-702a-42b0-9e73-ae326acfc6fe{ip: 192.168.157.195, host: pr-hdds-1701-sv9gv-972070529, networkLocation: /default-rack, certSerialId: null} reports an CLOSED replica.
2019-10-25 05:41:17,994 [EventQueue-ContainerReportForContainerReportHandler] WARN  container.ContainerReportHandler (AbstractContainerReportHandler.java:updateContainerState(145)) - Container #1 is in OPEN state, but the datanode 61d80c3a-7652-449d-b68e-5fa718f84473{ip: 192.168.157.195, host: pr-hdds-1701-sv9gv-972070529, networkLocation: /default-rack, certSerialId: null} reports an CLOSED replica.
2019-10-25 05:41:18,098 [EventQueue-ContainerReportForContainerReportHandler] WARN  container.ContainerReportHandler (AbstractContainerReportHandler.java:updateContainerState(145)) - Container #1 is in OPEN state, but the datanode 35510205-702a-42b0-9e73-ae326acfc6fe{ip: 192.168.157.195, host: pr-hdds-1701-sv9gv-972070529, networkLocation: /default-rack, certSerialId: null} reports an CLOSED replica.
2019-10-25 05:41:18,265 [BlockDeletingService#2] WARN  background.BlockDeletingService (BlockDeletingService.java:isDeletionAllowed(187)) - Close Container log Index 6 is not replicated across allthe servers in the pipeline c5632910-c548-43bf-b295-e436c85fad58 as the min replicated index is 4. Deletion is not allowed in this container yet.
2019-10-25 05:41:18,266 [BlockDeletingService#6] WARN  background.BlockDeletingService (BlockDeletingService.java:isDeletionAllowed(187)) - Close Container log Index 6 is not replicated across allthe servers in the pipeline c5632910-c548-43bf-b295-e436c85fad58 as the min replicated index is 4. Deletion is not allowed in this container yet.
2019-10-25 05:41:18,395 [EventQueue-ContainerReportForContainerReportHandler] WARN  container.ContainerReportHandler (AbstractContainerReportHandler.java:updateContainerState(145)) - Container #1 is in OPEN state, but the datanode 61d80c3a-7652-449d-b68e-5fa718f84473{ip: 192.168.157.195, host: pr-hdds-1701-sv9gv-972070529, networkLocation: /default-rack, certSerialId: null} reports an CLOSED replica.
2019-10-25 05:41:18,398 [EventQueue-ContainerReportForContainerReportHandler] WARN  container.ContainerReportHandler (AbstractContainerReportHandler.java:updateContainerState(145)) - Container #1 is in OPEN state, but the datanode 35510205-702a-42b0-9e73-ae326acfc6fe{ip: 192.168.157.195, host: pr-hdds-1701-sv9gv-972070529, networkLocation: /default-rack, certSerialId: null} reports an CLOSED replica.
2019-10-25 05:41:18,698 [EventQueue-ContainerReportForContainerReportHandler] WARN  container.ContainerReportHandler (AbstractContainerReportHandler.java:updateContainerState(145)) - Container #1 is in OPEN state, but the datanode 35510205-702a-42b0-9e73-ae326acfc6fe{ip: 192.168.157.195, host: pr-hdds-1701-sv9gv-972070529, networkLocation: /default-rack, certSerialId: null} reports an CLOSED replica.
2019-10-25 05:41:18,793 [EventQueue-ContainerReportForContainerReportHandler] WARN  container.ContainerReportHandler (AbstractContainerReportHandler.java:updateContainerState(145)) - Container #1 is in OPEN state, but the datanode 61d80c3a-7652-449d-b68e-5fa718f84473{ip: 192.168.157.195, host: pr-hdds-1701-sv9gv-972070529, networkLocation: /default-rack, certSerialId: null} reports an CLOSED replica.
2019-10-25 05:41:18,998 [EventQueue-ContainerReportForContainerReportHandler] WARN  container.ContainerReportHandler (AbstractContainerReportHandler.java:updateContainerState(145)) - Container #1 is in OPEN state, but the datanode 35510205-702a-42b0-9e73-ae326acfc6fe{ip: 192.168.157.195, host: pr-hdds-1701-sv9gv-972070529, networkLocation: /default-rack, certSerialId: null} reports an CLOSED replica.
2019-10-25 05:41:19,196 [EventQueue-ContainerReportForContainerReportHandler] WARN  container.ContainerReportHandler (AbstractContainerReportHandler.java:updateContainerState(145)) - Container #1 is in OPEN state, but the datanode 61d80c3a-7652-449d-b68e-5fa718f84473{ip: 192.168.157.195, host: pr-hdds-1701-sv9gv-972070529, networkLocation: /default-rack, certSerialId: null} reports an CLOSED replica.
2019-10-25 05:41:19,268 [BlockDeletingService#6] WARN  background.BlockDeletingService (BlockDeletingService.java:isDeletionAllowed(187)) - Close Container log Index 6 is not replicated across allthe servers in the pipeline c5632910-c548-43bf-b295-e436c85fad58 as the min replicated index is 4. Deletion is not allowed in this container yet.
2019-10-25 05:41:19,269 [BlockDeletingService#2] WARN  background.BlockDeletingService (BlockDeletingService.java:isDeletionAllowed(187)) - Close Container log Index 6 is not replicated across allthe servers in the pipeline c5632910-c548-43bf-b295-e436c85fad58 as the min replicated index is 4. Deletion is not allowed in this container yet.
2019-10-25 05:41:19,299 [EventQueue-ContainerReportForContainerReportHandler] WARN  container.ContainerReportHandler (AbstractContainerReportHandler.java:updateContainerState(145)) - Container #1 is in OPEN state, but the datanode 35510205-702a-42b0-9e73-ae326acfc6fe{ip: 192.168.157.195, host: pr-hdds-1701-sv9gv-972070529, networkLocation: /default-rack, certSerialId: null} reports an CLOSED replica.
2019-10-25 05:41:19,343 [java.util.concurrent.ThreadPoolExecutor$Worker@aec7811[State = -1, empty queue]] WARN  server.GrpcLogAppender (GrpcLogAppender.java:timeoutAppendRequest(209)) - 61d80c3a-7652-449d-b68e-5fa718f84473@group-E436C85FAD58->07cbec61-e91b-416e-becf-32794c7f01be-GrpcLogAppender: appendEntries Timeout, request=61d80c3a-7652-449d-b68e-5fa718f84473->07cbec61-e91b-416e-becf-32794c7f01be#32-t1, previous=(t:1, i:10), leaderCommit=10, initializing? false, entries: <empty>
2019-10-25 05:41:19,397 [EventQueue-ContainerReportForContainerReportHandler] WARN  container.ContainerReportHandler (AbstractContainerReportHandler.java:updateContainerState(145)) - Container #1 is in OPEN state, but the datanode 61d80c3a-7652-449d-b68e-5fa718f84473{ip: 192.168.157.195, host: pr-hdds-1701-sv9gv-972070529, networkLocation: /default-rack, certSerialId: null} reports an CLOSED replica.
2019-10-25 05:41:19,499 [EventQueue-ContainerReportForContainerReportHandler] WARN  container.ContainerReportHandler (AbstractContainerReportHandler.java:updateContainerState(145)) - Container #1 is in OPEN state, but the datanode 35510205-702a-42b0-9e73-ae326acfc6fe{ip: 192.168.157.195, host: pr-hdds-1701-sv9gv-972070529, networkLocation: /default-rack, certSerialId: null} reports an CLOSED replica.
2019-10-25 05:41:19,697 [EventQueue-ContainerReportForContainerReportHandler] WARN  container.ContainerReportHandler (AbstractContainerReportHandler.java:updateContainerState(145)) - Container #1 is in OPEN state, but the datanode 61d80c3a-7652-449d-b68e-5fa718f84473{ip: 192.168.157.195, host: pr-hdds-1701-sv9gv-972070529, networkLocation: /default-rack, certSerialId: null} reports an CLOSED replica.
2019-10-25 05:41:19,799 [EventQueue-ContainerReportForContainerReportHandler] WARN  container.ContainerReportHandler (AbstractContainerReportHandler.java:updateContainerState(145)) - Container #1 is in OPEN state, but the datanode 35510205-702a-42b0-9e73-ae326acfc6fe{ip: 192.168.157.195, host: pr-hdds-1701-sv9gv-972070529, networkLocation: /default-rack, certSerialId: null} reports an CLOSED replica.
2019-10-25 05:41:20,098 [EventQueue-ContainerReportForContainerReportHandler] WARN  container.ContainerReportHandler (AbstractContainerReportHandler.java:updateContainerState(145)) - Container #1 is in OPEN state, but the datanode 61d80c3a-7652-449d-b68e-5fa718f84473{ip: 192.168.157.195, host: pr-hdds-1701-sv9gv-972070529, networkLocation: /default-rack, certSerialId: null} reports an CLOSED replica.
2019-10-25 05:41:20,099 [EventQueue-ContainerReportForContainerReportHandler] WARN  container.ContainerReportHandler (AbstractContainerReportHandler.java:updateContainerState(145)) - Container #1 is in OPEN state, but the datanode 35510205-702a-42b0-9e73-ae326acfc6fe{ip: 192.168.157.195, host: pr-hdds-1701-sv9gv-972070529, networkLocation: /default-rack, certSerialId: null} reports an CLOSED replica.
2019-10-25 05:41:20,271 [BlockDeletingService#6] WARN  background.BlockDeletingService (BlockDeletingService.java:isDeletionAllowed(187)) - Close Container log Index 6 is not replicated across allthe servers in the pipeline c5632910-c548-43bf-b295-e436c85fad58 as the min replicated index is 4. Deletion is not allowed in this container yet.
2019-10-25 05:41:20,271 [BlockDeletingService#2] WARN  background.BlockDeletingService (BlockDeletingService.java:isDeletionAllowed(187)) - Close Container log Index 6 is not replicated across allthe servers in the pipeline c5632910-c548-43bf-b295-e436c85fad58 as the min replicated index is 4. Deletion is not allowed in this container yet.
2019-10-25 05:41:20,397 [EventQueue-ContainerReportForContainerReportHandler] WARN  container.ContainerReportHandler (AbstractContainerReportHandler.java:updateContainerState(145)) - Container #1 is in OPEN state, but the datanode 61d80c3a-7652-449d-b68e-5fa718f84473{ip: 192.168.157.195, host: pr-hdds-1701-sv9gv-972070529, networkLocation: /default-rack, certSerialId: null} reports an CLOSED replica.
2019-10-25 05:41:20,399 [EventQueue-ContainerReportForContainerReportHandler] WARN  container.ContainerReportHandler (AbstractContainerReportHandler.java:updateContainerState(145)) - Container #1 is in OPEN state, but the datanode 35510205-702a-42b0-9e73-ae326acfc6fe{ip: 192.168.157.195, host: pr-hdds-1701-sv9gv-972070529, networkLocation: /default-rack, certSerialId: null} reports an CLOSED replica.
2019-10-25 05:41:20,599 [EventQueue-ContainerReportForContainerReportHandler] WARN  container.ContainerReportHandler (AbstractContainerReportHandler.java:updateContainerState(145)) - Container #1 is in OPEN state, but the datanode 35510205-702a-42b0-9e73-ae326acfc6fe{ip: 192.168.157.195, host: pr-hdds-1701-sv9gv-972070529, networkLocation: /default-rack, certSerialId: null} reports an CLOSED replica.
2019-10-25 05:41:20,797 [EventQueue-ContainerReportForContainerReportHandler] WARN  container.ContainerReportHandler (AbstractContainerReportHandler.java:updateContainerState(145)) - Container #1 is in OPEN state, but the datanode 61d80c3a-7652-449d-b68e-5fa718f84473{ip: 192.168.157.195, host: pr-hdds-1701-sv9gv-972070529, networkLocation: /default-rack, certSerialId: null} reports an CLOSED replica.
2019-10-25 05:41:20,899 [EventQueue-ContainerReportForContainerReportHandler] WARN  container.ContainerReportHandler (AbstractContainerReportHandler.java:updateContainerState(145)) - Container #1 is in OPEN state, but the datanode 35510205-702a-42b0-9e73-ae326acfc6fe{ip: 192.168.157.195, host: pr-hdds-1701-sv9gv-972070529, networkLocation: /default-rack, certSerialId: null} reports an CLOSED replica.
2019-10-25 05:41:21,098 [EventQueue-ContainerReportForContainerReportHandler] WARN  container.ContainerReportHandler (AbstractContainerReportHandler.java:updateContainerState(145)) - Container #1 is in OPEN state, but the datanode 61d80c3a-7652-449d-b68e-5fa718f84473{ip: 192.168.157.195, host: pr-hdds-1701-sv9gv-972070529, networkLocation: /default-rack, certSerialId: null} reports an CLOSED replica.
2019-10-25 05:41:21,104 [EventQueue-ContainerReportForContainerReportHandler] WARN  container.ContainerReportHandler (AbstractContainerReportHandler.java:updateContainerState(145)) - Container #1 is in OPEN state, but the datanode 35510205-702a-42b0-9e73-ae326acfc6fe{ip: 192.168.157.195, host: pr-hdds-1701-sv9gv-972070529, networkLocation: /default-rack, certSerialId: null} reports an CLOSED replica.
2019-10-25 05:41:21,272 [BlockDeletingService#6] WARN  background.BlockDeletingService (BlockDeletingService.java:isDeletionAllowed(187)) - Close Container log Index 6 is not replicated across allthe servers in the pipeline c5632910-c548-43bf-b295-e436c85fad58 as the min replicated index is 4. Deletion is not allowed in this container yet.
2019-10-25 05:41:21,272 [BlockDeletingService#2] WARN  background.BlockDeletingService (BlockDeletingService.java:isDeletionAllowed(187)) - Close Container log Index 6 is not replicated across allthe servers in the pipeline c5632910-c548-43bf-b295-e436c85fad58 as the min replicated index is 4. Deletion is not allowed in this container yet.
2019-10-25 05:41:21,405 [EventQueue-ContainerReportForContainerReportHandler] WARN  container.ContainerReportHandler (AbstractContainerReportHandler.java:updateContainerState(145)) - Container #1 is in OPEN state, but the datanode 35510205-702a-42b0-9e73-ae326acfc6fe{ip: 192.168.157.195, host: pr-hdds-1701-sv9gv-972070529, networkLocation: /default-rack, certSerialId: null} reports an CLOSED replica.
2019-10-25 05:41:21,498 [EventQueue-ContainerReportForContainerReportHandler] WARN  container.ContainerReportHandler (AbstractContainerReportHandler.java:updateContainerState(145)) - Container #1 is in OPEN state, but the datanode 61d80c3a-7652-449d-b68e-5fa718f84473{ip: 192.168.157.195, host: pr-hdds-1701-sv9gv-972070529, networkLocation: /default-rack, certSerialId: null} reports an CLOSED replica.
2019-10-25 05:41:21,698 [EventQueue-ContainerReportForContainerReportHandler] WARN  container.ContainerReportHandler (AbstractContainerReportHandler.java:updateContainerState(145)) - Container #1 is in OPEN state, but the datanode 61d80c3a-7652-449d-b68e-5fa718f84473{ip: 192.168.157.195, host: pr-hdds-1701-sv9gv-972070529, networkLocation: /default-rack, certSerialId: null} reports an CLOSED replica.
2019-10-25 05:41:21,703 [EventQueue-ContainerReportForContainerReportHandler] WARN  container.ContainerReportHandler (AbstractContainerReportHandler.java:updateContainerState(145)) - Container #1 is in OPEN state, but the datanode 35510205-702a-42b0-9e73-ae326acfc6fe{ip: 192.168.157.195, host: pr-hdds-1701-sv9gv-972070529, networkLocation: /default-rack, certSerialId: null} reports an CLOSED replica.
2019-10-25 05:41:21,844 [java.util.concurrent.ThreadPoolExecutor$Worker@aec7811[State = -1, empty queue]] WARN  server.GrpcLogAppender (GrpcLogAppender.java:timeoutAppendRequest(209)) - 61d80c3a-7652-449d-b68e-5fa718f84473@group-E436C85FAD58->07cbec61-e91b-416e-becf-32794c7f01be-GrpcLogAppender: appendEntries Timeout, request=61d80c3a-7652-449d-b68e-5fa718f84473->07cbec61-e91b-416e-becf-32794c7f01be#33-t1, previous=(t:1, i:10), leaderCommit=10, initializing? false, entries: <empty>
2019-10-25 05:41:21,998 [EventQueue-ContainerReportForContainerReportHandler] WARN  container.ContainerReportHandler (AbstractContainerReportHandler.java:updateContainerState(145)) - Container #1 is in OPEN state, but the datanode 61d80c3a-7652-449d-b68e-5fa718f84473{ip: 192.168.157.195, host: pr-hdds-1701-sv9gv-972070529, networkLocation: /default-rack, certSerialId: null} reports an CLOSED replica.
2019-10-25 05:41:22,004 [EventQueue-ContainerReportForContainerReportHandler] WARN  container.ContainerReportHandler (AbstractContainerReportHandler.java:updateContainerState(145)) - Container #1 is in OPEN state, but the datanode 35510205-702a-42b0-9e73-ae326acfc6fe{ip: 192.168.157.195, host: pr-hdds-1701-sv9gv-972070529, networkLocation: /default-rack, certSerialId: null} reports an CLOSED replica.
2019-10-25 05:41:22,204 [EventQueue-ContainerReportForContainerReportHandler] WARN  container.ContainerReportHandler (AbstractContainerReportHandler.java:updateContainerState(145)) - Container #1 is in OPEN state, but the datanode 35510205-702a-42b0-9e73-ae326acfc6fe{ip: 192.168.157.195, host: pr-hdds-1701-sv9gv-972070529, networkLocation: /default-rack, certSerialId: null} reports an CLOSED replica.
2019-10-25 05:41:22,273 [BlockDeletingService#6] WARN  background.BlockDeletingService (BlockDeletingService.java:isDeletionAllowed(187)) - Close Container log Index 6 is not replicated across allthe servers in the pipeline c5632910-c548-43bf-b295-e436c85fad58 as the min replicated index is 4. Deletion is not allowed in this container yet.
2019-10-25 05:41:22,273 [BlockDeletingService#2] WARN  background.BlockDeletingService (BlockDeletingService.java:isDeletionAllowed(187)) - Close Container log Index 6 is not replicated across allthe servers in the pipeline c5632910-c548-43bf-b295-e436c85fad58 as the min replicated index is 4. Deletion is not allowed in this container yet.
2019-10-25 05:41:22,398 [EventQueue-ContainerReportForContainerReportHandler] WARN  container.ContainerReportHandler (AbstractContainerReportHandler.java:updateContainerState(145)) - Container #1 is in OPEN state, but the datanode 61d80c3a-7652-449d-b68e-5fa718f84473{ip: 192.168.157.195, host: pr-hdds-1701-sv9gv-972070529, networkLocation: /default-rack, certSerialId: null} reports an CLOSED replica.
2019-10-25 05:41:22,503 [EventQueue-ContainerReportForContainerReportHandler] WARN  container.ContainerReportHandler (AbstractContainerReportHandler.java:updateContainerState(145)) - Container #1 is in OPEN state, but the datanode 35510205-702a-42b0-9e73-ae326acfc6fe{ip: 192.168.157.195, host: pr-hdds-1701-sv9gv-972070529, networkLocation: /default-rack, certSerialId: null} reports an CLOSED replica.
2019-10-25 05:41:22,698 [EventQueue-ContainerReportForContainerReportHandler] WARN  container.ContainerReportHandler (AbstractContainerReportHandler.java:updateContainerState(145)) - Container #1 is in OPEN state, but the datanode 61d80c3a-7652-449d-b68e-5fa718f84473{ip: 192.168.157.195, host: pr-hdds-1701-sv9gv-972070529, networkLocation: /default-rack, certSerialId: null} reports an CLOSED replica.
2019-10-25 05:41:22,904 [EventQueue-ContainerReportForContainerReportHandler] WARN  container.ContainerReportHandler (AbstractContainerReportHandler.java:updateContainerState(145)) - Container #1 is in OPEN state, but the datanode 35510205-702a-42b0-9e73-ae326acfc6fe{ip: 192.168.157.195, host: pr-hdds-1701-sv9gv-972070529, networkLocation: /default-rack, certSerialId: null} reports an CLOSED replica.
2019-10-25 05:41:23,098 [EventQueue-ContainerReportForContainerReportHandler] WARN  container.ContainerReportHandler (AbstractContainerReportHandler.java:updateContainerState(145)) - Container #1 is in OPEN state, but the datanode 61d80c3a-7652-449d-b68e-5fa718f84473{ip: 192.168.157.195, host: pr-hdds-1701-sv9gv-972070529, networkLocation: /default-rack, certSerialId: null} reports an CLOSED replica.
2019-10-25 05:41:23,204 [EventQueue-ContainerReportForContainerReportHandler] WARN  container.ContainerReportHandler (AbstractContainerReportHandler.java:updateContainerState(145)) - Container #1 is in OPEN state, but the datanode 35510205-702a-42b0-9e73-ae326acfc6fe{ip: 192.168.157.195, host: pr-hdds-1701-sv9gv-972070529, networkLocation: /default-rack, certSerialId: null} reports an CLOSED replica.
2019-10-25 05:41:23,275 [BlockDeletingService#6] WARN  background.BlockDeletingService (BlockDeletingService.java:isDeletionAllowed(187)) - Close Container log Index 6 is not replicated across allthe servers in the pipeline c5632910-c548-43bf-b295-e436c85fad58 as the min replicated index is 4. Deletion is not allowed in this container yet.
2019-10-25 05:41:23,275 [BlockDeletingService#2] WARN  background.BlockDeletingService (BlockDeletingService.java:isDeletionAllowed(187)) - Close Container log Index 6 is not replicated across allthe servers in the pipeline c5632910-c548-43bf-b295-e436c85fad58 as the min replicated index is 4. Deletion is not allowed in this container yet.
2019-10-25 05:41:23,398 [EventQueue-ContainerReportForContainerReportHandler] WARN  container.ContainerReportHandler (AbstractContainerReportHandler.java:updateContainerState(145)) - Container #1 is in OPEN state, but the datanode 61d80c3a-7652-449d-b68e-5fa718f84473{ip: 192.168.157.195, host: pr-hdds-1701-sv9gv-972070529, networkLocation: /default-rack, certSerialId: null} reports an CLOSED replica.
2019-10-25 05:41:23,505 [EventQueue-ContainerReportForContainerReportHandler] WARN  container.ContainerReportHandler (AbstractContainerReportHandler.java:updateContainerState(145)) - Container #1 is in OPEN state, but the datanode 35510205-702a-42b0-9e73-ae326acfc6fe{ip: 192.168.157.195, host: pr-hdds-1701-sv9gv-972070529, networkLocation: /default-rack, certSerialId: null} reports an CLOSED replica.
2019-10-25 05:41:23,706 [EventQueue-ContainerReportForContainerReportHandler] WARN  container.ContainerReportHandler (AbstractContainerReportHandler.java:updateContainerState(145)) - Container #1 is in OPEN state, but the datanode 35510205-702a-42b0-9e73-ae326acfc6fe{ip: 192.168.157.195, host: pr-hdds-1701-sv9gv-972070529, networkLocation: /default-rack, certSerialId: null} reports an CLOSED replica.
2019-10-25 05:41:23,798 [EventQueue-ContainerReportForContainerReportHandler] WARN  container.ContainerReportHandler (AbstractContainerReportHandler.java:updateContainerState(145)) - Container #1 is in OPEN state, but the datanode 61d80c3a-7652-449d-b68e-5fa718f84473{ip: 192.168.157.195, host: pr-hdds-1701-sv9gv-972070529, networkLocation: /default-rack, certSerialId: null} reports an CLOSED replica.
2019-10-25 05:41:24,106 [EventQueue-ContainerReportForContainerReportHandler] WARN  container.ContainerReportHandler (AbstractContainerReportHandler.java:updateContainerState(145)) - Container #1 is in OPEN state, but the datanode 35510205-702a-42b0-9e73-ae326acfc6fe{ip: 192.168.157.195, host: pr-hdds-1701-sv9gv-972070529, networkLocation: /default-rack, certSerialId: null} reports an CLOSED replica.
2019-10-25 05:41:24,200 [EventQueue-ContainerReportForContainerReportHandler] WARN  container.ContainerReportHandler (AbstractContainerReportHandler.java:updateContainerState(145)) - Container #1 is in OPEN state, but the datanode 61d80c3a-7652-449d-b68e-5fa718f84473{ip: 192.168.157.195, host: pr-hdds-1701-sv9gv-972070529, networkLocation: /default-rack, certSerialId: null} reports an CLOSED replica.
2019-10-25 05:41:24,276 [BlockDeletingService#2] WARN  background.BlockDeletingService (BlockDeletingService.java:isDeletionAllowed(187)) - Close Container log Index 6 is not replicated across allthe servers in the pipeline c5632910-c548-43bf-b295-e436c85fad58 as the min replicated index is 4. Deletion is not allowed in this container yet.
2019-10-25 05:41:24,276 [BlockDeletingService#6] WARN  background.BlockDeletingService (BlockDeletingService.java:isDeletionAllowed(187)) - Close Container log Index 6 is not replicated across allthe servers in the pipeline c5632910-c548-43bf-b295-e436c85fad58 as the min replicated index is 4. Deletion is not allowed in this container yet.
2019-10-25 05:41:24,345 [java.util.concurrent.ThreadPoolExecutor$Worker@aec7811[State = -1, empty queue]] WARN  server.GrpcLogAppender (GrpcLogAppender.java:timeoutAppendRequest(209)) - 61d80c3a-7652-449d-b68e-5fa718f84473@group-E436C85FAD58->07cbec61-e91b-416e-becf-32794c7f01be-GrpcLogAppender: appendEntries Timeout, request=61d80c3a-7652-449d-b68e-5fa718f84473->07cbec61-e91b-416e-becf-32794c7f01be#34-t1, previous=(t:1, i:10), leaderCommit=10, initializing? false, entries: <empty>
2019-10-25 05:41:24,401 [EventQueue-ContainerReportForContainerReportHandler] WARN  container.ContainerReportHandler (AbstractContainerReportHandler.java:updateContainerState(145)) - Container #1 is in OPEN state, but the datanode 61d80c3a-7652-449d-b68e-5fa718f84473{ip: 192.168.157.195, host: pr-hdds-1701-sv9gv-972070529, networkLocation: /default-rack, certSerialId: null} reports an CLOSED replica.
2019-10-25 05:41:24,406 [EventQueue-ContainerReportForContainerReportHandler] WARN  container.ContainerReportHandler (AbstractContainerReportHandler.java:updateContainerState(145)) - Container #1 is in OPEN state, but the datanode 35510205-702a-42b0-9e73-ae326acfc6fe{ip: 192.168.157.195, host: pr-hdds-1701-sv9gv-972070529, networkLocation: /default-rack, certSerialId: null} reports an CLOSED replica.
2019-10-25 05:41:24,706 [EventQueue-ContainerReportForContainerReportHandler] WARN  container.ContainerReportHandler (AbstractContainerReportHandler.java:updateContainerState(145)) - Container #1 is in OPEN state, but the datanode 35510205-702a-42b0-9e73-ae326acfc6fe{ip: 192.168.157.195, host: pr-hdds-1701-sv9gv-972070529, networkLocation: /default-rack, certSerialId: null} reports an CLOSED replica.
2019-10-25 05:41:24,801 [EventQueue-ContainerReportForContainerReportHandler] WARN  container.ContainerReportHandler (AbstractContainerReportHandler.java:updateContainerState(145)) - Container #1 is in OPEN state, but the datanode 61d80c3a-7652-449d-b68e-5fa718f84473{ip: 192.168.157.195, host: pr-hdds-1701-sv9gv-972070529, networkLocation: /default-rack, certSerialId: null} reports an CLOSED replica.
2019-10-25 05:41:24,905 [EventQueue-ContainerReportForContainerReportHandler] WARN  container.ContainerReportHandler (AbstractContainerReportHandler.java:updateContainerState(145)) - Container #1 is in OPEN state, but the datanode 35510205-702a-42b0-9e73-ae326acfc6fe{ip: 192.168.157.195, host: pr-hdds-1701-sv9gv-972070529, networkLocation: /default-rack, certSerialId: null} reports an CLOSED replica.
2019-10-25 05:41:25,002 [EventQueue-ContainerReportForContainerReportHandler] WARN  container.ContainerReportHandler (AbstractContainerReportHandler.java:updateContainerState(145)) - Container #1 is in OPEN state, but the datanode 61d80c3a-7652-449d-b68e-5fa718f84473{ip: 192.168.157.195, host: pr-hdds-1701-sv9gv-972070529, networkLocation: /default-rack, certSerialId: null} reports an CLOSED replica.
2019-10-25 05:41:25,206 [EventQueue-ContainerReportForContainerReportHandler] WARN  container.ContainerReportHandler (AbstractContainerReportHandler.java:updateContainerState(145)) - Container #1 is in OPEN state, but the datanode 35510205-702a-42b0-9e73-ae326acfc6fe{ip: 192.168.157.195, host: pr-hdds-1701-sv9gv-972070529, networkLocation: /default-rack, certSerialId: null} reports an CLOSED replica.
2019-10-25 05:41:25,282 [BlockDeletingService#2] WARN  background.BlockDeletingService (BlockDeletingService.java:isDeletionAllowed(187)) - Close Container log Index 6 is not replicated across allthe servers in the pipeline c5632910-c548-43bf-b295-e436c85fad58 as the min replicated index is 4. Deletion is not allowed in this container yet.
2019-10-25 05:41:25,282 [BlockDeletingService#6] WARN  background.BlockDeletingService (BlockDeletingService.java:isDeletionAllowed(187)) - Close Container log Index 6 is not replicated across allthe servers in the pipeline c5632910-c548-43bf-b295-e436c85fad58 as the min replicated index is 4. Deletion is not allowed in this container yet.
2019-10-25 05:41:25,401 [EventQueue-ContainerReportForContainerReportHandler] WARN  container.ContainerReportHandler (AbstractContainerReportHandler.java:updateContainerState(145)) - Container #1 is in OPEN state, but the datanode 61d80c3a-7652-449d-b68e-5fa718f84473{ip: 192.168.157.195, host: pr-hdds-1701-sv9gv-972070529, networkLocation: /default-rack, certSerialId: null} reports an CLOSED replica.
2019-10-25 05:41:25,505 [EventQueue-ContainerReportForContainerReportHandler] WARN  container.ContainerReportHandler (AbstractContainerReportHandler.java:updateContainerState(145)) - Container #1 is in OPEN state, but the datanode 35510205-702a-42b0-9e73-ae326acfc6fe{ip: 192.168.157.195, host: pr-hdds-1701-sv9gv-972070529, networkLocation: /default-rack, certSerialId: null} reports an CLOSED replica.
2019-10-25 05:41:25,801 [EventQueue-ContainerReportForContainerReportHandler] WARN  container.ContainerReportHandler (AbstractContainerReportHandler.java:updateContainerState(145)) - Container #1 is in OPEN state, but the datanode 61d80c3a-7652-449d-b68e-5fa718f84473{ip: 192.168.157.195, host: pr-hdds-1701-sv9gv-972070529, networkLocation: /default-rack, certSerialId: null} reports an CLOSED replica.
2019-10-25 05:41:25,806 [EventQueue-ContainerReportForContainerReportHandler] WARN  container.ContainerReportHandler (AbstractContainerReportHandler.java:updateContainerState(145)) - Container #1 is in OPEN state, but the datanode 35510205-702a-42b0-9e73-ae326acfc6fe{ip: 192.168.157.195, host: pr-hdds-1701-sv9gv-972070529, networkLocation: /default-rack, certSerialId: null} reports an CLOSED replica.
2019-10-25 05:41:26,001 [EventQueue-ContainerReportForContainerReportHandler] WARN  container.ContainerReportHandler (AbstractContainerReportHandler.java:updateContainerState(145)) - Container #1 is in OPEN state, but the datanode 61d80c3a-7652-449d-b68e-5fa718f84473{ip: 192.168.157.195, host: pr-hdds-1701-sv9gv-972070529, networkLocation: /default-rack, certSerialId: null} reports an CLOSED replica.
2019-10-25 05:41:26,205 [EventQueue-ContainerReportForContainerReportHandler] WARN  container.ContainerReportHandler (AbstractContainerReportHandler.java:updateContainerState(145)) - Container #1 is in OPEN state, but the datanode 35510205-702a-42b0-9e73-ae326acfc6fe{ip: 192.168.157.195, host: pr-hdds-1701-sv9gv-972070529, networkLocation: /default-rack, certSerialId: null} reports an CLOSED replica.
2019-10-25 05:41:26,283 [BlockDeletingService#2] WARN  background.BlockDeletingService (BlockDeletingService.java:isDeletionAllowed(187)) - Close Container log Index 6 is not replicated across allthe servers in the pipeline c5632910-c548-43bf-b295-e436c85fad58 as the min replicated index is 4. Deletion is not allowed in this container yet.
2019-10-25 05:41:26,283 [BlockDeletingService#6] WARN  background.BlockDeletingService (BlockDeletingService.java:isDeletionAllowed(187)) - Close Container log Index 6 is not replicated across allthe servers in the pipeline c5632910-c548-43bf-b295-e436c85fad58 as the min replicated index is 4. Deletion is not allowed in this container yet.
2019-10-25 05:41:26,302 [EventQueue-ContainerReportForContainerReportHandler] WARN  container.ContainerReportHandler (AbstractContainerReportHandler.java:updateContainerState(145)) - Container #1 is in OPEN state, but the datanode 61d80c3a-7652-449d-b68e-5fa718f84473{ip: 192.168.157.195, host: pr-hdds-1701-sv9gv-972070529, networkLocation: /default-rack, certSerialId: null} reports an CLOSED replica.
2019-10-25 05:41:26,606 [EventQueue-ContainerReportForContainerReportHandler] WARN  container.ContainerReportHandler (AbstractContainerReportHandler.java:updateContainerState(145)) - Container #1 is in OPEN state, but the datanode 35510205-702a-42b0-9e73-ae326acfc6fe{ip: 192.168.157.195, host: pr-hdds-1701-sv9gv-972070529, networkLocation: /default-rack, certSerialId: null} reports an CLOSED replica.
2019-10-25 05:41:26,704 [EventQueue-ContainerReportForContainerReportHandler] WARN  container.ContainerReportHandler (AbstractContainerReportHandler.java:updateContainerState(145)) - Container #1 is in OPEN state, but the datanode 61d80c3a-7652-449d-b68e-5fa718f84473{ip: 192.168.157.195, host: pr-hdds-1701-sv9gv-972070529, networkLocation: /default-rack, certSerialId: null} reports an CLOSED replica.
2019-10-25 05:41:26,846 [java.util.concurrent.ThreadPoolExecutor$Worker@aec7811[State = -1, empty queue]] WARN  server.GrpcLogAppender (GrpcLogAppender.java:timeoutAppendRequest(209)) - 61d80c3a-7652-449d-b68e-5fa718f84473@group-E436C85FAD58->07cbec61-e91b-416e-becf-32794c7f01be-GrpcLogAppender: appendEntries Timeout, request=61d80c3a-7652-449d-b68e-5fa718f84473->07cbec61-e91b-416e-becf-32794c7f01be#35-t1, previous=(t:1, i:10), leaderCommit=10, initializing? false, entries: <empty>
2019-10-25 05:41:26,932 [Thread-413] INFO  client.GrpcClientProtocolService (GrpcClientProtocolService.java:lambda$processClientRequest$0(279)) - Failed RaftClientRequest:client-042E50236798->35510205-702a-42b0-9e73-ae326acfc6fe@group-E436C85FAD58, cid=10, seq=0, Watch-ALL_COMMITTED(6), Message:<EMPTY>, reply=RaftClientReply:client-042E50236798->35510205-702a-42b0-9e73-ae326acfc6fe@group-E436C85FAD58, cid=10, FAILED org.apache.ratis.protocol.NotLeaderException: Server 35510205-702a-42b0-9e73-ae326acfc6fe@group-E436C85FAD58 is not the leader 61d80c3a-7652-449d-b68e-5fa718f84473:192.168.157.195:45627, logIndex=0, commits[35510205-702a-42b0-9e73-ae326acfc6fe:c10, 61d80c3a-7652-449d-b68e-5fa718f84473:c10, 07cbec61-e91b-416e-becf-32794c7f01be:c4]
2019-10-25 05:41:27,004 [EventQueue-ContainerReportForContainerReportHandler] WARN  container.ContainerReportHandler (AbstractContainerReportHandler.java:updateContainerState(145)) - Container #1 is in OPEN state, but the datanode 61d80c3a-7652-449d-b68e-5fa718f84473{ip: 192.168.157.195, host: pr-hdds-1701-sv9gv-972070529, networkLocation: /default-rack, certSerialId: null} reports an CLOSED replica.
2019-10-25 05:41:27,006 [EventQueue-ContainerReportForContainerReportHandler] WARN  container.ContainerReportHandler (AbstractContainerReportHandler.java:updateContainerState(145)) - Container #1 is in OPEN state, but the datanode 35510205-702a-42b0-9e73-ae326acfc6fe{ip: 192.168.157.195, host: pr-hdds-1701-sv9gv-972070529, networkLocation: /default-rack, certSerialId: null} reports an CLOSED replica.
2019-10-25 05:41:27,284 [BlockDeletingService#2] WARN  background.BlockDeletingService (BlockDeletingService.java:isDeletionAllowed(187)) - Close Container log Index 6 is not replicated across allthe servers in the pipeline c5632910-c548-43bf-b295-e436c85fad58 as the min replicated index is 4. Deletion is not allowed in this container yet.
2019-10-25 05:41:27,285 [BlockDeletingService#6] WARN  background.BlockDeletingService (BlockDeletingService.java:isDeletionAllowed(187)) - Close Container log Index 6 is not replicated across allthe servers in the pipeline c5632910-c548-43bf-b295-e436c85fad58 as the min replicated index is 4. Deletion is not allowed in this container yet.
2019-10-25 05:41:27,304 [EventQueue-ContainerReportForContainerReportHandler] WARN  container.ContainerReportHandler (AbstractContainerReportHandler.java:updateContainerState(145)) - Container #1 is in OPEN state, but the datanode 61d80c3a-7652-449d-b68e-5fa718f84473{ip: 192.168.157.195, host: pr-hdds-1701-sv9gv-972070529, networkLocation: /default-rack, certSerialId: null} reports an CLOSED replica.
2019-10-25 05:41:27,307 [EventQueue-ContainerReportForContainerReportHandler] WARN  container.ContainerReportHandler (AbstractContainerReportHandler.java:updateContainerState(145)) - Container #1 is in OPEN state, but the datanode 35510205-702a-42b0-9e73-ae326acfc6fe{ip: 192.168.157.195, host: pr-hdds-1701-sv9gv-972070529, networkLocation: /default-rack, certSerialId: null} reports an CLOSED replica.
2019-10-25 05:41:27,584 [Thread-418] INFO  client.GrpcClientProtocolService (GrpcClientProtocolService.java:lambda$processClientRequest$0(279)) - Failed RaftClientRequest:client-042E50236798->61d80c3a-7652-449d-b68e-5fa718f84473@group-E436C85FAD58, cid=10, seq=0, Watch-ALL_COMMITTED(6), Message:<EMPTY>, reply=RaftClientReply:client-042E50236798->61d80c3a-7652-449d-b68e-5fa718f84473@group-E436C85FAD58, cid=10, FAILED org.apache.ratis.protocol.NotReplicatedException: Request with call Id 10 and log index 6 is not yet replicated to ALL_COMMITTED, logIndex=6, commits[61d80c3a-7652-449d-b68e-5fa718f84473:c10, 07cbec61-e91b-416e-becf-32794c7f01be:c4, 35510205-702a-42b0-9e73-ae326acfc6fe:c10]
2019-10-25 05:41:27,603 [EventQueue-ContainerReportForContainerReportHandler] WARN  container.ContainerReportHandler (AbstractContainerReportHandler.java:updateContainerState(145)) - Container #1 is in OPEN state, but the datanode 61d80c3a-7652-449d-b68e-5fa718f84473{ip: 192.168.157.195, host: pr-hdds-1701-sv9gv-972070529, networkLocation: /default-rack, certSerialId: null} reports an CLOSED replica.
2019-10-25 05:41:27,707 [EventQueue-ContainerReportForContainerReportHandler] WARN  container.ContainerReportHandler (AbstractContainerReportHandler.java:updateContainerState(145)) - Container #1 is in OPEN state, but the datanode 35510205-702a-42b0-9e73-ae326acfc6fe{ip: 192.168.157.195, host: pr-hdds-1701-sv9gv-972070529, networkLocation: /default-rack, certSerialId: null} reports an CLOSED replica.
2019-10-25 05:41:27,803 [EventQueue-ContainerReportForContainerReportHandler] WARN  container.ContainerReportHandler (AbstractContainerReportHandler.java:updateContainerState(145)) - Container #1 is in OPEN state, but the datanode 61d80c3a-7652-449d-b68e-5fa718f84473{ip: 192.168.157.195, host: pr-hdds-1701-sv9gv-972070529, networkLocation: /default-rack, certSerialId: null} reports an CLOSED replica.
2019-10-25 05:41:28,004 [EventQueue-ContainerReportForContainerReportHandler] WARN  container.ContainerReportHandler (AbstractContainerReportHandler.java:updateContainerState(145)) - Container #1 is in OPEN state, but the datanode 61d80c3a-7652-449d-b68e-5fa718f84473{ip: 192.168.157.195, host: pr-hdds-1701-sv9gv-972070529, networkLocation: /default-rack, certSerialId: null} reports an CLOSED replica.
2019-10-25 05:41:28,007 [EventQueue-ContainerReportForContainerReportHandler] WARN  container.ContainerReportHandler (AbstractContainerReportHandler.java:updateContainerState(145)) - Container #1 is in OPEN state, but the datanode 35510205-702a-42b0-9e73-ae326acfc6fe{ip: 192.168.157.195, host: pr-hdds-1701-sv9gv-972070529, networkLocation: /default-rack, certSerialId: null} reports an CLOSED replica.
2019-10-25 05:41:28,286 [BlockDeletingService#1] WARN  background.BlockDeletingService (BlockDeletingService.java:isDeletionAllowed(187)) - Close Container log Index 6 is not replicated across allthe servers in the pipeline c5632910-c548-43bf-b295-e436c85fad58 as the min replicated index is 4. Deletion is not allowed in this container yet.
2019-10-25 05:41:28,287 [BlockDeletingService#6] WARN  background.BlockDeletingService (BlockDeletingService.java:isDeletionAllowed(187)) - Close Container log Index 6 is not replicated across allthe servers in the pipeline c5632910-c548-43bf-b295-e436c85fad58 as the min replicated index is 4. Deletion is not allowed in this container yet.
2019-10-25 05:41:28,404 [EventQueue-ContainerReportForContainerReportHandler] WARN  container.ContainerReportHandler (AbstractContainerReportHandler.java:updateContainerState(145)) - Container #1 is in OPEN state, but the datanode 61d80c3a-7652-449d-b68e-5fa718f84473{ip: 192.168.157.195, host: pr-hdds-1701-sv9gv-972070529, networkLocation: /default-rack, certSerialId: null} reports an CLOSED replica.
2019-10-25 05:41:28,408 [EventQueue-ContainerReportForContainerReportHandler] WARN  container.ContainerReportHandler (AbstractContainerReportHandler.java:updateContainerState(145)) - Container #1 is in OPEN state, but the datanode 35510205-702a-42b0-9e73-ae326acfc6fe{ip: 192.168.157.195, host: pr-hdds-1701-sv9gv-972070529, networkLocation: /default-rack, certSerialId: null} reports an CLOSED replica.
2019-10-25 05:41:28,707 [EventQueue-ContainerReportForContainerReportHandler] WARN  container.ContainerReportHandler (AbstractContainerReportHandler.java:updateContainerState(145)) - Container #1 is in OPEN state, but the datanode 35510205-702a-42b0-9e73-ae326acfc6fe{ip: 192.168.157.195, host: pr-hdds-1701-sv9gv-972070529, networkLocation: /default-rack, certSerialId: null} reports an CLOSED replica.
2019-10-25 05:41:28,804 [EventQueue-ContainerReportForContainerReportHandler] WARN  container.ContainerReportHandler (AbstractContainerReportHandler.java:updateContainerState(145)) - Container #1 is in OPEN state, but the datanode 61d80c3a-7652-449d-b68e-5fa718f84473{ip: 192.168.157.195, host: pr-hdds-1701-sv9gv-972070529, networkLocation: /default-rack, certSerialId: null} reports an CLOSED replica.
2019-10-25 05:41:29,008 [EventQueue-ContainerReportForContainerReportHandler] WARN  container.ContainerReportHandler (AbstractContainerReportHandler.java:updateContainerState(145)) - Container #1 is in OPEN state, but the datanode 35510205-702a-42b0-9e73-ae326acfc6fe{ip: 192.168.157.195, host: pr-hdds-1701-sv9gv-972070529, networkLocation: /default-rack, certSerialId: null} reports an CLOSED replica.
2019-10-25 05:41:29,104 [EventQueue-ContainerReportForContainerReportHandler] WARN  container.ContainerReportHandler (AbstractContainerReportHandler.java:updateContainerState(145)) - Container #1 is in OPEN state, but the datanode 61d80c3a-7652-449d-b68e-5fa718f84473{ip: 192.168.157.195, host: pr-hdds-1701-sv9gv-972070529, networkLocation: /default-rack, certSerialId: null} reports an CLOSED replica.
2019-10-25 05:41:29,289 [BlockDeletingService#6] WARN  background.BlockDeletingService (BlockDeletingService.java:isDeletionAllowed(187)) - Close Container log Index 6 is not replicated across allthe servers in the pipeline c5632910-c548-43bf-b295-e436c85fad58 as the min replicated index is 4. Deletion is not allowed in this container yet.
2019-10-25 05:41:29,289 [BlockDeletingService#1] WARN  background.BlockDeletingService (BlockDeletingService.java:isDeletionAllowed(187)) - Close Container log Index 6 is not replicated across allthe servers in the pipeline c5632910-c548-43bf-b295-e436c85fad58 as the min replicated index is 4. Deletion is not allowed in this container yet.
2019-10-25 05:41:29,311 [EventQueue-ContainerReportForContainerReportHandler] WARN  container.ContainerReportHandler (AbstractContainerReportHandler.java:updateContainerState(145)) - Container #1 is in OPEN state, but the datanode 35510205-702a-42b0-9e73-ae326acfc6fe{ip: 192.168.157.195, host: pr-hdds-1701-sv9gv-972070529, networkLocation: /default-rack, certSerialId: null} reports an CLOSED replica.
2019-10-25 05:41:29,346 [java.util.concurrent.ThreadPoolExecutor$Worker@aec7811[State = -1, empty queue]] WARN  server.GrpcLogAppender (GrpcLogAppender.java:timeoutAppendRequest(209)) - 61d80c3a-7652-449d-b68e-5fa718f84473@group-E436C85FAD58->07cbec61-e91b-416e-becf-32794c7f01be-GrpcLogAppender: appendEntries Timeout, request=61d80c3a-7652-449d-b68e-5fa718f84473->07cbec61-e91b-416e-becf-32794c7f01be#36-t1, previous=(t:1, i:10), leaderCommit=10, initializing? false, entries: <empty>
2019-10-25 05:41:29,505 [EventQueue-ContainerReportForContainerReportHandler] WARN  container.ContainerReportHandler (AbstractContainerReportHandler.java:updateContainerState(145)) - Container #1 is in OPEN state, but the datanode 61d80c3a-7652-449d-b68e-5fa718f84473{ip: 192.168.157.195, host: pr-hdds-1701-sv9gv-972070529, networkLocation: /default-rack, certSerialId: null} reports an CLOSED replica.
2019-10-25 05:41:29,612 [EventQueue-ContainerReportForContainerReportHandler] WARN  container.ContainerReportHandler (AbstractContainerReportHandler.java:updateContainerState(145)) - Container #1 is in OPEN state, but the datanode 35510205-702a-42b0-9e73-ae326acfc6fe{ip: 192.168.157.195, host: pr-hdds-1701-sv9gv-972070529, networkLocation: /default-rack, certSerialId: null} reports an CLOSED replica.
2019-10-25 05:41:29,805 [EventQueue-ContainerReportForContainerReportHandler] WARN  container.ContainerReportHandler (AbstractContainerReportHandler.java:updateContainerState(145)) - Container #1 is in OPEN state, but the datanode 61d80c3a-7652-449d-b68e-5fa718f84473{ip: 192.168.157.195, host: pr-hdds-1701-sv9gv-972070529, networkLocation: /default-rack, certSerialId: null} reports an CLOSED replica.
2019-10-25 05:41:29,812 [EventQueue-ContainerReportForContainerReportHandler] WARN  container.ContainerReportHandler (AbstractContainerReportHandler.java:updateContainerState(145)) - Container #1 is in OPEN state, but the datanode 35510205-702a-42b0-9e73-ae326acfc6fe{ip: 192.168.157.195, host: pr-hdds-1701-sv9gv-972070529, networkLocation: /default-rack, certSerialId: null} reports an CLOSED replica.
2019-10-25 05:41:30,105 [EventQueue-ContainerReportForContainerReportHandler] WARN  container.ContainerReportHandler (AbstractContainerReportHandler.java:updateContainerState(145)) - Container #1 is in OPEN state, but the datanode 61d80c3a-7652-449d-b68e-5fa718f84473{ip: 192.168.157.195, host: pr-hdds-1701-sv9gv-972070529, networkLocation: /default-rack, certSerialId: null} reports an CLOSED replica.
2019-10-25 05:41:30,112 [EventQueue-ContainerReportForContainerReportHandler] WARN  container.ContainerReportHandler (AbstractContainerReportHandler.java:updateContainerState(145)) - Container #1 is in OPEN state, but the datanode 35510205-702a-42b0-9e73-ae326acfc6fe{ip: 192.168.157.195, host: pr-hdds-1701-sv9gv-972070529, networkLocation: /default-rack, certSerialId: null} reports an CLOSED replica.
2019-10-25 05:41:30,290 [BlockDeletingService#1] WARN  background.BlockDeletingService (BlockDeletingService.java:isDeletionAllowed(187)) - Close Container log Index 6 is not replicated across allthe servers in the pipeline c5632910-c548-43bf-b295-e436c85fad58 as the min replicated index is 4. Deletion is not allowed in this container yet.
2019-10-25 05:41:30,290 [BlockDeletingService#6] WARN  background.BlockDeletingService (BlockDeletingService.java:isDeletionAllowed(187)) - Close Container log Index 6 is not replicated across allthe servers in the pipeline c5632910-c548-43bf-b295-e436c85fad58 as the min replicated index is 4. Deletion is not allowed in this container yet.
2019-10-25 05:41:30,306 [EventQueue-ContainerReportForContainerReportHandler] WARN  container.ContainerReportHandler (AbstractContainerReportHandler.java:updateContainerState(145)) - Container #1 is in OPEN state, but the datanode 61d80c3a-7652-449d-b68e-5fa718f84473{ip: 192.168.157.195, host: pr-hdds-1701-sv9gv-972070529, networkLocation: /default-rack, certSerialId: null} reports an CLOSED replica.
2019-10-25 05:41:30,413 [EventQueue-ContainerReportForContainerReportHandler] WARN  container.ContainerReportHandler (AbstractContainerReportHandler.java:updateContainerState(145)) - Container #1 is in OPEN state, but the datanode 35510205-702a-42b0-9e73-ae326acfc6fe{ip: 192.168.157.195, host: pr-hdds-1701-sv9gv-972070529, networkLocation: /default-rack, certSerialId: null} reports an CLOSED replica.
2019-10-25 05:41:30,613 [EventQueue-ContainerReportForContainerReportHandler] WARN  container.ContainerReportHandler (AbstractContainerReportHandler.java:updateContainerState(145)) - Container #1 is in OPEN state, but the datanode 35510205-702a-42b0-9e73-ae326acfc6fe{ip: 192.168.157.195, host: pr-hdds-1701-sv9gv-972070529, networkLocation: /default-rack, certSerialId: null} reports an CLOSED replica.
2019-10-25 05:41:30,706 [EventQueue-ContainerReportForContainerReportHandler] WARN  container.ContainerReportHandler (AbstractContainerReportHandler.java:updateContainerState(145)) - Container #1 is in OPEN state, but the datanode 61d80c3a-7652-449d-b68e-5fa718f84473{ip: 192.168.157.195, host: pr-hdds-1701-sv9gv-972070529, networkLocation: /default-rack, certSerialId: null} reports an CLOSED replica.
2019-10-25 05:41:30,814 [EventQueue-ContainerReportForContainerReportHandler] WARN  container.ContainerReportHandler (AbstractContainerReportHandler.java:updateContainerState(145)) - Container #1 is in OPEN state, but the datanode 35510205-702a-42b0-9e73-ae326acfc6fe{ip: 192.168.157.195, host: pr-hdds-1701-sv9gv-972070529, networkLocation: /default-rack, certSerialId: null} reports an CLOSED replica.
2019-10-25 05:41:30,906 [EventQueue-ContainerReportForContainerReportHandler] WARN  container.ContainerReportHandler (AbstractContainerReportHandler.java:updateContainerState(145)) - Container #1 is in OPEN state, but the datanode 61d80c3a-7652-449d-b68e-5fa718f84473{ip: 192.168.157.195, host: pr-hdds-1701-sv9gv-972070529, networkLocation: /default-rack, certSerialId: null} reports an CLOSED replica.
2019-10-25 05:41:31,121 [EventQueue-ContainerReportForContainerReportHandler] WARN  container.ContainerReportHandler (AbstractContainerReportHandler.java:updateContainerState(145)) - Container #1 is in OPEN state, but the datanode 35510205-702a-42b0-9e73-ae326acfc6fe{ip: 192.168.157.195, host: pr-hdds-1701-sv9gv-972070529, networkLocation: /default-rack, certSerialId: null} reports an CLOSED replica.
2019-10-25 05:41:31,207 [EventQueue-ContainerReportForContainerReportHandler] WARN  container.ContainerReportHandler (AbstractContainerReportHandler.java:updateContainerState(145)) - Container #1 is in OPEN state, but the datanode 61d80c3a-7652-449d-b68e-5fa718f84473{ip: 192.168.157.195, host: pr-hdds-1701-sv9gv-972070529, networkLocation: /default-rack, certSerialId: null} reports an CLOSED replica.
2019-10-25 05:41:31,291 [BlockDeletingService#1] WARN  background.BlockDeletingService (BlockDeletingService.java:isDeletionAllowed(187)) - Close Container log Index 6 is not replicated across allthe servers in the pipeline c5632910-c548-43bf-b295-e436c85fad58 as the min replicated index is 4. Deletion is not allowed in this container yet.
2019-10-25 05:41:31,291 [BlockDeletingService#6] WARN  background.BlockDeletingService (BlockDeletingService.java:isDeletionAllowed(187)) - Close Container log Index 6 is not replicated across allthe servers in the pipeline c5632910-c548-43bf-b295-e436c85fad58 as the min replicated index is 4. Deletion is not allowed in this container yet.
2019-10-25 05:41:31,421 [EventQueue-ContainerReportForContainerReportHandler] WARN  container.ContainerReportHandler (AbstractContainerReportHandler.java:updateContainerState(145)) - Container #1 is in OPEN state, but the datanode 35510205-702a-42b0-9e73-ae326acfc6fe{ip: 192.168.157.195, host: pr-hdds-1701-sv9gv-972070529, networkLocation: /default-rack, certSerialId: null} reports an CLOSED replica.
2019-10-25 05:41:31,506 [EventQueue-ContainerReportForContainerReportHandler] WARN  container.ContainerReportHandler (AbstractContainerReportHandler.java:updateContainerState(145)) - Container #1 is in OPEN state, but the datanode 61d80c3a-7652-449d-b68e-5fa718f84473{ip: 192.168.157.195, host: pr-hdds-1701-sv9gv-972070529, networkLocation: /default-rack, certSerialId: null} reports an CLOSED replica.
2019-10-25 05:41:31,722 [EventQueue-ContainerReportForContainerReportHandler] WARN  container.ContainerReportHandler (AbstractContainerReportHandler.java:updateContainerState(145)) - Container #1 is in OPEN state, but the datanode 35510205-702a-42b0-9e73-ae326acfc6fe{ip: 192.168.157.195, host: pr-hdds-1701-sv9gv-972070529, networkLocation: /default-rack, certSerialId: null} reports an CLOSED replica.
2019-10-25 05:41:31,847 [java.util.concurrent.ThreadPoolExecutor$Worker@aec7811[State = -1, empty queue]] WARN  server.GrpcLogAppender (GrpcLogAppender.java:timeoutAppendRequest(209)) - 61d80c3a-7652-449d-b68e-5fa718f84473@group-E436C85FAD58->07cbec61-e91b-416e-becf-32794c7f01be-GrpcLogAppender: appendEntries Timeout, request=61d80c3a-7652-449d-b68e-5fa718f84473->07cbec61-e91b-416e-becf-32794c7f01be#37-t1, previous=(t:1, i:10), leaderCommit=10, initializing? false, entries: <empty>
2019-10-25 05:41:31,907 [EventQueue-ContainerReportForContainerReportHandler] WARN  container.ContainerReportHandler (AbstractContainerReportHandler.java:updateContainerState(145)) - Container #1 is in OPEN state, but the datanode 61d80c3a-7652-449d-b68e-5fa718f84473{ip: 192.168.157.195, host: pr-hdds-1701-sv9gv-972070529, networkLocation: /default-rack, certSerialId: null} reports an CLOSED replica.
2019-10-25 05:41:32,022 [EventQueue-ContainerReportForContainerReportHandler] WARN  container.ContainerReportHandler (AbstractContainerReportHandler.java:updateContainerState(145)) - Container #1 is in OPEN state, but the datanode 35510205-702a-42b0-9e73-ae326acfc6fe{ip: 192.168.157.195, host: pr-hdds-1701-sv9gv-972070529, networkLocation: /default-rack, certSerialId: null} reports an CLOSED replica.
2019-10-25 05:41:32,222 [EventQueue-ContainerReportForContainerReportHandler] WARN  container.ContainerReportHandler (AbstractContainerReportHandler.java:updateContainerState(145)) - Container #1 is in OPEN state, but the datanode 35510205-702a-42b0-9e73-ae326acfc6fe{ip: 192.168.157.195, host: pr-hdds-1701-sv9gv-972070529, networkLocation: /default-rack, certSerialId: null} reports an CLOSED replica.
2019-10-25 05:41:32,293 [BlockDeletingService#6] WARN  background.BlockDeletingService (BlockDeletingService.java:isDeletionAllowed(187)) - Close Container log Index 6 is not replicated across allthe servers in the pipeline c5632910-c548-43bf-b295-e436c85fad58 as the min replicated index is 4. Deletion is not allowed in this container yet.
2019-10-25 05:41:32,293 [BlockDeletingService#1] WARN  background.BlockDeletingService (BlockDeletingService.java:isDeletionAllowed(187)) - Close Container log Index 6 is not replicated across allthe servers in the pipeline c5632910-c548-43bf-b295-e436c85fad58 as the min replicated index is 4. Deletion is not allowed in this container yet.
2019-10-25 05:41:32,306 [EventQueue-ContainerReportForContainerReportHandler] WARN  container.ContainerReportHandler (AbstractContainerReportHandler.java:updateContainerState(145)) - Container #1 is in OPEN state, but the datanode 61d80c3a-7652-449d-b68e-5fa718f84473{ip: 192.168.157.195, host: pr-hdds-1701-sv9gv-972070529, networkLocation: /default-rack, certSerialId: null} reports an CLOSED replica.
2019-10-25 05:41:32,606 [EventQueue-ContainerReportForContainerReportHandler] WARN  container.ContainerReportHandler (AbstractContainerReportHandler.java:updateContainerState(145)) - Container #1 is in OPEN state, but the datanode 61d80c3a-7652-449d-b68e-5fa718f84473{ip: 192.168.157.195, host: pr-hdds-1701-sv9gv-972070529, networkLocation: /default-rack, certSerialId: null} reports an CLOSED replica.
2019-10-25 05:41:32,622 [EventQueue-ContainerReportForContainerReportHandler] WARN  container.ContainerReportHandler (AbstractContainerReportHandler.java:updateContainerState(145)) - Container #1 is in OPEN state, but the datanode 35510205-702a-42b0-9e73-ae326acfc6fe{ip: 192.168.157.195, host: pr-hdds-1701-sv9gv-972070529, networkLocation: /default-rack, certSerialId: null} reports an CLOSED replica.
2019-10-25 05:41:32,806 [EventQueue-ContainerReportForContainerReportHandler] WARN  container.ContainerReportHandler (AbstractContainerReportHandler.java:updateContainerState(145)) - Container #1 is in OPEN state, but the datanode 61d80c3a-7652-449d-b68e-5fa718f84473{ip: 192.168.157.195, host: pr-hdds-1701-sv9gv-972070529, networkLocation: /default-rack, certSerialId: null} reports an CLOSED replica.
2019-10-25 05:41:32,822 [EventQueue-ContainerReportForContainerReportHandler] WARN  container.ContainerReportHandler (AbstractContainerReportHandler.java:updateContainerState(145)) - Container #1 is in OPEN state, but the datanode 35510205-702a-42b0-9e73-ae326acfc6fe{ip: 192.168.157.195, host: pr-hdds-1701-sv9gv-972070529, networkLocation: /default-rack, certSerialId: null} reports an CLOSED replica.
2019-10-25 05:41:33,007 [EventQueue-ContainerReportForContainerReportHandler] WARN  container.ContainerReportHandler (AbstractContainerReportHandler.java:updateContainerState(145)) - Container #1 is in OPEN state, but the datanode 61d80c3a-7652-449d-b68e-5fa718f84473{ip: 192.168.157.195, host: pr-hdds-1701-sv9gv-972070529, networkLocation: /default-rack, certSerialId: null} reports an CLOSED replica.
2019-10-25 05:41:33,223 [EventQueue-ContainerReportForContainerReportHandler] WARN  container.ContainerReportHandler (AbstractContainerReportHandler.java:updateContainerState(145)) - Container #1 is in OPEN state, but the datanode 35510205-702a-42b0-9e73-ae326acfc6fe{ip: 192.168.157.195, host: pr-hdds-1701-sv9gv-972070529, networkLocation: /default-rack, certSerialId: null} reports an CLOSED replica.
2019-10-25 05:41:33,294 [BlockDeletingService#1] WARN  background.BlockDeletingService (BlockDeletingService.java:isDeletionAllowed(187)) - Close Container log Index 6 is not replicated across allthe servers in the pipeline c5632910-c548-43bf-b295-e436c85fad58 as the min replicated index is 4. Deletion is not allowed in this container yet.
2019-10-25 05:41:33,294 [BlockDeletingService#6] WARN  background.BlockDeletingService (BlockDeletingService.java:isDeletionAllowed(187)) - Close Container log Index 6 is not replicated across allthe servers in the pipeline c5632910-c548-43bf-b295-e436c85fad58 as the min replicated index is 4. Deletion is not allowed in this container yet.
2019-10-25 05:41:33,407 [EventQueue-ContainerReportForContainerReportHandler] WARN  container.ContainerReportHandler (AbstractContainerReportHandler.java:updateContainerState(145)) - Container #1 is in OPEN state, but the datanode 61d80c3a-7652-449d-b68e-5fa718f84473{ip: 192.168.157.195, host: pr-hdds-1701-sv9gv-972070529, networkLocation: /default-rack, certSerialId: null} reports an CLOSED replica.
2019-10-25 05:41:33,423 [EventQueue-ContainerReportForContainerReportHandler] WARN  container.ContainerReportHandler (AbstractContainerReportHandler.java:updateContainerState(145)) - Container #1 is in OPEN state, but the datanode 35510205-702a-42b0-9e73-ae326acfc6fe{ip: 192.168.157.195, host: pr-hdds-1701-sv9gv-972070529, networkLocation: /default-rack, certSerialId: null} reports an CLOSED replica.
2019-10-25 05:41:33,723 [EventQueue-ContainerReportForContainerReportHandler] WARN  container.ContainerReportHandler (AbstractContainerReportHandler.java:updateContainerState(145)) - Container #1 is in OPEN state, but the datanode 35510205-702a-42b0-9e73-ae326acfc6fe{ip: 192.168.157.195, host: pr-hdds-1701-sv9gv-972070529, networkLocation: /default-rack, certSerialId: null} reports an CLOSED replica.
2019-10-25 05:41:33,808 [EventQueue-ContainerReportForContainerReportHandler] WARN  container.ContainerReportHandler (AbstractContainerReportHandler.java:updateContainerState(145)) - Container #1 is in OPEN state, but the datanode 61d80c3a-7652-449d-b68e-5fa718f84473{ip: 192.168.157.195, host: pr-hdds-1701-sv9gv-972070529, networkLocation: /default-rack, certSerialId: null} reports an CLOSED replica.
2019-10-25 05:41:34,008 [EventQueue-ContainerReportForContainerReportHandler] WARN  container.ContainerReportHandler (AbstractContainerReportHandler.java:updateContainerState(145)) - Container #1 is in OPEN state, but the datanode 61d80c3a-7652-449d-b68e-5fa718f84473{ip: 192.168.157.195, host: pr-hdds-1701-sv9gv-972070529, networkLocation: /default-rack, certSerialId: null} reports an CLOSED replica.
2019-10-25 05:41:34,023 [EventQueue-ContainerReportForContainerReportHandler] WARN  container.ContainerReportHandler (AbstractContainerReportHandler.java:updateContainerState(145)) - Container #1 is in OPEN state, but the datanode 35510205-702a-42b0-9e73-ae326acfc6fe{ip: 192.168.157.195, host: pr-hdds-1701-sv9gv-972070529, networkLocation: /default-rack, certSerialId: null} reports an CLOSED replica.
2019-10-25 05:41:34,208 [EventQueue-ContainerReportForContainerReportHandler] WARN  container.ContainerReportHandler (AbstractContainerReportHandler.java:updateContainerState(145)) - Container #1 is in OPEN state, but the datanode 61d80c3a-7652-449d-b68e-5fa718f84473{ip: 192.168.157.195, host: pr-hdds-1701-sv9gv-972070529, networkLocation: /default-rack, certSerialId: null} reports an CLOSED replica.
2019-10-25 05:41:34,295 [BlockDeletingService#1] WARN  background.BlockDeletingService (BlockDeletingService.java:isDeletionAllowed(187)) - Close Container log Index 6 is not replicated across allthe servers in the pipeline c5632910-c548-43bf-b295-e436c85fad58 as the min replicated index is 4. Deletion is not allowed in this container yet.
2019-10-25 05:41:34,295 [BlockDeletingService#6] WARN  background.BlockDeletingService (BlockDeletingService.java:isDeletionAllowed(187)) - Close Container log Index 6 is not replicated across allthe servers in the pipeline c5632910-c548-43bf-b295-e436c85fad58 as the min replicated index is 4. Deletion is not allowed in this container yet.
2019-10-25 05:41:34,323 [EventQueue-ContainerReportForContainerReportHandler] WARN  container.ContainerReportHandler (AbstractContainerReportHandler.java:updateContainerState(145)) - Container #1 is in OPEN state, but the datanode 35510205-702a-42b0-9e73-ae326acfc6fe{ip: 192.168.157.195, host: pr-hdds-1701-sv9gv-972070529, networkLocation: /default-rack, certSerialId: null} reports an CLOSED replica.
2019-10-25 05:41:34,347 [java.util.concurrent.ThreadPoolExecutor$Worker@aec7811[State = -1, empty queue]] WARN  server.GrpcLogAppender (GrpcLogAppender.java:timeoutAppendRequest(209)) - 61d80c3a-7652-449d-b68e-5fa718f84473@group-E436C85FAD58->07cbec61-e91b-416e-becf-32794c7f01be-GrpcLogAppender: appendEntries Timeout, request=61d80c3a-7652-449d-b68e-5fa718f84473->07cbec61-e91b-416e-becf-32794c7f01be#38-t1, previous=(t:1, i:10), leaderCommit=10, initializing? false, entries: <empty>
2019-10-25 05:41:34,508 [EventQueue-ContainerReportForContainerReportHandler] WARN  container.ContainerReportHandler (AbstractContainerReportHandler.java:updateContainerState(145)) - Container #1 is in OPEN state, but the datanode 61d80c3a-7652-449d-b68e-5fa718f84473{ip: 192.168.157.195, host: pr-hdds-1701-sv9gv-972070529, networkLocation: /default-rack, certSerialId: null} reports an CLOSED replica.
2019-10-25 05:41:34,623 [EventQueue-ContainerReportForContainerReportHandler] WARN  container.ContainerReportHandler (AbstractContainerReportHandler.java:updateContainerState(145)) - Container #1 is in OPEN state, but the datanode 35510205-702a-42b0-9e73-ae326acfc6fe{ip: 192.168.157.195, host: pr-hdds-1701-sv9gv-972070529, networkLocation: /default-rack, certSerialId: null} reports an CLOSED replica.
2019-10-25 05:41:34,808 [EventQueue-ContainerReportForContainerReportHandler] WARN  container.ContainerReportHandler (AbstractContainerReportHandler.java:updateContainerState(145)) - Container #1 is in OPEN state, but the datanode 61d80c3a-7652-449d-b68e-5fa718f84473{ip: 192.168.157.195, host: pr-hdds-1701-sv9gv-972070529, networkLocation: /default-rack, certSerialId: null} reports an CLOSED replica.
2019-10-25 05:41:34,924 [EventQueue-ContainerReportForContainerReportHandler] WARN  container.ContainerReportHandler (AbstractContainerReportHandler.java:updateContainerState(145)) - Container #1 is in OPEN state, but the datanode 35510205-702a-42b0-9e73-ae326acfc6fe{ip: 192.168.157.195, host: pr-hdds-1701-sv9gv-972070529, networkLocation: /default-rack, certSerialId: null} reports an CLOSED replica.
2019-10-25 05:41:35,208 [EventQueue-ContainerReportForContainerReportHandler] WARN  container.ContainerReportHandler (AbstractContainerReportHandler.java:updateContainerState(145)) - Container #1 is in OPEN state, but the datanode 61d80c3a-7652-449d-b68e-5fa718f84473{ip: 192.168.157.195, host: pr-hdds-1701-sv9gv-972070529, networkLocation: /default-rack, certSerialId: null} reports an CLOSED replica.
2019-10-25 05:41:35,225 [EventQueue-ContainerReportForContainerReportHandler] WARN  container.ContainerReportHandler (AbstractContainerReportHandler.java:updateContainerState(145)) - Container #1 is in OPEN state, but the datanode 35510205-702a-42b0-9e73-ae326acfc6fe{ip: 192.168.157.195, host: pr-hdds-1701-sv9gv-972070529, networkLocation: /default-rack, certSerialId: null} reports an CLOSED replica.
2019-10-25 05:41:35,296 [BlockDeletingService#1] WARN  background.BlockDeletingService (BlockDeletingService.java:isDeletionAllowed(187)) - Close Container log Index 6 is not replicated across allthe servers in the pipeline c5632910-c548-43bf-b295-e436c85fad58 as the min replicated index is 4. Deletion is not allowed in this container yet.
2019-10-25 05:41:35,296 [BlockDeletingService#6] WARN  background.BlockDeletingService (BlockDeletingService.java:isDeletionAllowed(187)) - Close Container log Index 6 is not replicated across allthe servers in the pipeline c5632910-c548-43bf-b295-e436c85fad58 as the min replicated index is 4. Deletion is not allowed in this container yet.
2019-10-25 05:41:35,508 [EventQueue-ContainerReportForContainerReportHandler] WARN  container.ContainerReportHandler (AbstractContainerReportHandler.java:updateContainerState(145)) - Container #1 is in OPEN state, but the datanode 61d80c3a-7652-449d-b68e-5fa718f84473{ip: 192.168.157.195, host: pr-hdds-1701-sv9gv-972070529, networkLocation: /default-rack, certSerialId: null} reports an CLOSED replica.
2019-10-25 05:41:35,525 [EventQueue-ContainerReportForContainerReportHandler] WARN  container.ContainerReportHandler (AbstractContainerReportHandler.java:updateContainerState(145)) - Container #1 is in OPEN state, but the datanode 35510205-702a-42b0-9e73-ae326acfc6fe{ip: 192.168.157.195, host: pr-hdds-1701-sv9gv-972070529, networkLocation: /default-rack, certSerialId: null} reports an CLOSED replica.
2019-10-25 05:41:35,725 [EventQueue-ContainerReportForContainerReportHandler] WARN  container.ContainerReportHandler (AbstractContainerReportHandler.java:updateContainerState(145)) - Container #1 is in OPEN state, but the datanode 35510205-702a-42b0-9e73-ae326acfc6fe{ip: 192.168.157.195, host: pr-hdds-1701-sv9gv-972070529, networkLocation: /default-rack, certSerialId: null} reports an CLOSED replica.
2019-10-25 05:41:35,808 [EventQueue-ContainerReportForContainerReportHandler] WARN  container.ContainerReportHandler (AbstractContainerReportHandler.java:updateContainerState(145)) - Container #1 is in OPEN state, but the datanode 61d80c3a-7652-449d-b68e-5fa718f84473{ip: 192.168.157.195, host: pr-hdds-1701-sv9gv-972070529, networkLocation: /default-rack, certSerialId: null} reports an CLOSED replica.
2019-10-25 05:41:35,948 [Thread-440] INFO  client.GrpcClientProtocolService (GrpcClientProtocolService.java:lambda$processClientRequest$0(279)) - Failed RaftClientRequest:client-042E50236798->35510205-702a-42b0-9e73-ae326acfc6fe@group-E436C85FAD58, cid=10, seq=0, Watch-ALL_COMMITTED(6), Message:<EMPTY>, reply=RaftClientReply:client-042E50236798->35510205-702a-42b0-9e73-ae326acfc6fe@group-E436C85FAD58, cid=10, FAILED org.apache.ratis.protocol.NotLeaderException: Server 35510205-702a-42b0-9e73-ae326acfc6fe@group-E436C85FAD58 is not the leader 61d80c3a-7652-449d-b68e-5fa718f84473:192.168.157.195:45627, logIndex=0, commits[35510205-702a-42b0-9e73-ae326acfc6fe:c10, 61d80c3a-7652-449d-b68e-5fa718f84473:c10, 07cbec61-e91b-416e-becf-32794c7f01be:c4]
2019-10-25 05:41:36,125 [EventQueue-ContainerReportForContainerReportHandler] WARN  container.ContainerReportHandler (AbstractContainerReportHandler.java:updateContainerState(145)) - Container #1 is in OPEN state, but the datanode 35510205-702a-42b0-9e73-ae326acfc6fe{ip: 192.168.157.195, host: pr-hdds-1701-sv9gv-972070529, networkLocation: /default-rack, certSerialId: null} reports an CLOSED replica.
2019-10-25 05:41:36,208 [EventQueue-ContainerReportForContainerReportHandler] WARN  container.ContainerReportHandler (AbstractContainerReportHandler.java:updateContainerState(145)) - Container #1 is in OPEN state, but the datanode 61d80c3a-7652-449d-b68e-5fa718f84473{ip: 192.168.157.195, host: pr-hdds-1701-sv9gv-972070529, networkLocation: /default-rack, certSerialId: null} reports an CLOSED replica.
2019-10-25 05:41:36,298 [BlockDeletingService#6] WARN  background.BlockDeletingService (BlockDeletingService.java:isDeletionAllowed(187)) - Close Container log Index 6 is not replicated across allthe servers in the pipeline c5632910-c548-43bf-b295-e436c85fad58 as the min replicated index is 4. Deletion is not allowed in this container yet.
2019-10-25 05:41:36,298 [BlockDeletingService#1] WARN  background.BlockDeletingService (BlockDeletingService.java:isDeletionAllowed(187)) - Close Container log Index 6 is not replicated across allthe servers in the pipeline c5632910-c548-43bf-b295-e436c85fad58 as the min replicated index is 4. Deletion is not allowed in this container yet.
2019-10-25 05:41:36,509 [EventQueue-ContainerReportForContainerReportHandler] WARN  container.ContainerReportHandler (AbstractContainerReportHandler.java:updateContainerState(145)) - Container #1 is in OPEN state, but the datanode 61d80c3a-7652-449d-b68e-5fa718f84473{ip: 192.168.157.195, host: pr-hdds-1701-sv9gv-972070529, networkLocation: /default-rack, certSerialId: null} reports an CLOSED replica.
2019-10-25 05:41:36,525 [EventQueue-ContainerReportForContainerReportHandler] WARN  container.ContainerReportHandler (AbstractContainerReportHandler.java:updateContainerState(145)) - Container #1 is in OPEN state, but the datanode 35510205-702a-42b0-9e73-ae326acfc6fe{ip: 192.168.157.195, host: pr-hdds-1701-sv9gv-972070529, networkLocation: /default-rack, certSerialId: null} reports an CLOSED replica.
2019-10-25 05:41:36,808 [EventQueue-ContainerReportForContainerReportHandler] WARN  container.ContainerReportHandler (AbstractContainerReportHandler.java:updateContainerState(145)) - Container #1 is in OPEN state, but the datanode 61d80c3a-7652-449d-b68e-5fa718f84473{ip: 192.168.157.195, host: pr-hdds-1701-sv9gv-972070529, networkLocation: /default-rack, certSerialId: null} reports an CLOSED replica.
2019-10-25 05:41:36,848 [java.util.concurrent.ThreadPoolExecutor$Worker@aec7811[State = -1, empty queue]] WARN  server.GrpcLogAppender (GrpcLogAppender.java:timeoutAppendRequest(209)) - 61d80c3a-7652-449d-b68e-5fa718f84473@group-E436C85FAD58->07cbec61-e91b-416e-becf-32794c7f01be-GrpcLogAppender: appendEntries Timeout, request=61d80c3a-7652-449d-b68e-5fa718f84473->07cbec61-e91b-416e-becf-32794c7f01be#39-t1, previous=(t:1, i:10), leaderCommit=10, initializing? false, entries: <empty>
2019-10-25 05:41:36,926 [EventQueue-ContainerReportForContainerReportHandler] WARN  container.ContainerReportHandler (AbstractContainerReportHandler.java:updateContainerState(145)) - Container #1 is in OPEN state, but the datanode 35510205-702a-42b0-9e73-ae326acfc6fe{ip: 192.168.157.195, host: pr-hdds-1701-sv9gv-972070529, networkLocation: /default-rack, certSerialId: null} reports an CLOSED replica.
2019-10-25 05:41:37,009 [EventQueue-ContainerReportForContainerReportHandler] WARN  container.ContainerReportHandler (AbstractContainerReportHandler.java:updateContainerState(145)) - Container #1 is in OPEN state, but the datanode 61d80c3a-7652-449d-b68e-5fa718f84473{ip: 192.168.157.195, host: pr-hdds-1701-sv9gv-972070529, networkLocation: /default-rack, certSerialId: null} reports an CLOSED replica.
2019-10-25 05:41:37,209 [EventQueue-ContainerReportForContainerReportHandler] WARN  container.ContainerReportHandler (AbstractContainerReportHandler.java:updateContainerState(145)) - Container #1 is in OPEN state, but the datanode 61d80c3a-7652-449d-b68e-5fa718f84473{ip: 192.168.157.195, host: pr-hdds-1701-sv9gv-972070529, networkLocation: /default-rack, certSerialId: null} reports an CLOSED replica.
2019-10-25 05:41:37,226 [EventQueue-ContainerReportForContainerReportHandler] WARN  container.ContainerReportHandler (AbstractContainerReportHandler.java:updateContainerState(145)) - Container #1 is in OPEN state, but the datanode 35510205-702a-42b0-9e73-ae326acfc6fe{ip: 192.168.157.195, host: pr-hdds-1701-sv9gv-972070529, networkLocation: /default-rack, certSerialId: null} reports an CLOSED replica.
2019-10-25 05:41:37,301 [BlockDeletingService#1] WARN  background.BlockDeletingService (BlockDeletingService.java:isDeletionAllowed(187)) - Close Container log Index 6 is not replicated across allthe servers in the pipeline c5632910-c548-43bf-b295-e436c85fad58 as the min replicated index is 4. Deletion is not allowed in this container yet.
2019-10-25 05:41:37,301 [BlockDeletingService#6] WARN  background.BlockDeletingService (BlockDeletingService.java:isDeletionAllowed(187)) - Close Container log Index 6 is not replicated across allthe servers in the pipeline c5632910-c548-43bf-b295-e436c85fad58 as the min replicated index is 4. Deletion is not allowed in this container yet.
2019-10-25 05:41:37,426 [EventQueue-ContainerReportForContainerReportHandler] WARN  container.ContainerReportHandler (AbstractContainerReportHandler.java:updateContainerState(145)) - Container #1 is in OPEN state, but the datanode 35510205-702a-42b0-9e73-ae326acfc6fe{ip: 192.168.157.195, host: pr-hdds-1701-sv9gv-972070529, networkLocation: /default-rack, certSerialId: null} reports an CLOSED replica.
2019-10-25 05:41:37,510 [EventQueue-ContainerReportForContainerReportHandler] WARN  container.ContainerReportHandler (AbstractContainerReportHandler.java:updateContainerState(145)) - Container #1 is in OPEN state, but the datanode 61d80c3a-7652-449d-b68e-5fa718f84473{ip: 192.168.157.195, host: pr-hdds-1701-sv9gv-972070529, networkLocation: /default-rack, certSerialId: null} reports an CLOSED replica.
2019-10-25 05:41:37,584 [Thread-448] INFO  client.GrpcClientProtocolService (GrpcClientProtocolService.java:lambda$processClientRequest$0(279)) - Failed RaftClientRequest:client-042E50236798->61d80c3a-7652-449d-b68e-5fa718f84473@group-E436C85FAD58, cid=10, seq=0, Watch-ALL_COMMITTED(6), Message:<EMPTY>, reply=RaftClientReply:client-042E50236798->61d80c3a-7652-449d-b68e-5fa718f84473@group-E436C85FAD58, cid=10, FAILED org.apache.ratis.protocol.NotReplicatedException: Request with call Id 10 and log index 6 is not yet replicated to ALL_COMMITTED, logIndex=6, commits[61d80c3a-7652-449d-b68e-5fa718f84473:c10, 07cbec61-e91b-416e-becf-32794c7f01be:c4, 35510205-702a-42b0-9e73-ae326acfc6fe:c10]
2019-10-25 05:41:37,727 [EventQueue-ContainerReportForContainerReportHandler] WARN  container.ContainerReportHandler (AbstractContainerReportHandler.java:updateContainerState(145)) - Container #1 is in OPEN state, but the datanode 35510205-702a-42b0-9e73-ae326acfc6fe{ip: 192.168.157.195, host: pr-hdds-1701-sv9gv-972070529, networkLocation: /default-rack, certSerialId: null} reports an CLOSED replica.
2019-10-25 05:41:37,910 [EventQueue-ContainerReportForContainerReportHandler] WARN  container.ContainerReportHandler (AbstractContainerReportHandler.java:updateContainerState(145)) - Container #1 is in OPEN state, but the datanode 61d80c3a-7652-449d-b68e-5fa718f84473{ip: 192.168.157.195, host: pr-hdds-1701-sv9gv-972070529, networkLocation: /default-rack, certSerialId: null} reports an CLOSED replica.
2019-10-25 05:41:37,927 [EventQueue-ContainerReportForContainerReportHandler] WARN  container.ContainerReportHandler (AbstractContainerReportHandler.java:updateContainerState(145)) - Container #1 is in OPEN state, but the datanode 35510205-702a-42b0-9e73-ae326acfc6fe{ip: 192.168.157.195, host: pr-hdds-1701-sv9gv-972070529, networkLocation: /default-rack, certSerialId: null} reports an CLOSED replica.
2019-10-25 05:41:38,111 [EventQueue-ContainerReportForContainerReportHandler] WARN  container.ContainerReportHandler (AbstractContainerReportHandler.java:updateContainerState(145)) - Container #1 is in OPEN state, but the datanode 61d80c3a-7652-449d-b68e-5fa718f84473{ip: 192.168.157.195, host: pr-hdds-1701-sv9gv-972070529, networkLocation: /default-rack, certSerialId: null} reports an CLOSED replica.
2019-10-25 05:41:38,227 [EventQueue-ContainerReportForContainerReportHandler] WARN  container.ContainerReportHandler (AbstractContainerReportHandler.java:updateContainerState(145)) - Container #1 is in OPEN state, but the datanode 35510205-702a-42b0-9e73-ae326acfc6fe{ip: 192.168.157.195, host: pr-hdds-1701-sv9gv-972070529, networkLocation: /default-rack, certSerialId: null} reports an CLOSED replica.
2019-10-25 05:41:38,303 [BlockDeletingService#1] WARN  background.BlockDeletingService (BlockDeletingService.java:isDeletionAllowed(187)) - Close Container log Index 6 is not replicated across allthe servers in the pipeline c5632910-c548-43bf-b295-e436c85fad58 as the min replicated index is 4. Deletion is not allowed in this container yet.
2019-10-25 05:41:38,303 [BlockDeletingService#6] WARN  background.BlockDeletingService (BlockDeletingService.java:isDeletionAllowed(187)) - Close Container log Index 6 is not replicated across allthe servers in the pipeline c5632910-c548-43bf-b295-e436c85fad58 as the min replicated index is 4. Deletion is not allowed in this container yet.
2019-10-25 05:41:38,513 [EventQueue-ContainerReportForContainerReportHandler] WARN  container.ContainerReportHandler (AbstractContainerReportHandler.java:updateContainerState(145)) - Container #1 is in OPEN state, but the datanode 61d80c3a-7652-449d-b68e-5fa718f84473{ip: 192.168.157.195, host: pr-hdds-1701-sv9gv-972070529, networkLocation: /default-rack, certSerialId: null} reports an CLOSED replica.
2019-10-25 05:41:38,627 [EventQueue-ContainerReportForContainerReportHandler] WARN  container.ContainerReportHandler (AbstractContainerReportHandler.java:updateContainerState(145)) - Container #1 is in OPEN state, but the datanode 35510205-702a-42b0-9e73-ae326acfc6fe{ip: 192.168.157.195, host: pr-hdds-1701-sv9gv-972070529, networkLocation: /default-rack, certSerialId: null} reports an CLOSED replica.
2019-10-25 05:41:38,711 [EventQueue-ContainerReportForContainerReportHandler] WARN  container.ContainerReportHandler (AbstractContainerReportHandler.java:updateContainerState(145)) - Container #1 is in OPEN state, but the datanode 61d80c3a-7652-449d-b68e-5fa718f84473{ip: 192.168.157.195, host: pr-hdds-1701-sv9gv-972070529, networkLocation: /default-rack, certSerialId: null} reports an CLOSED replica.
2019-10-25 05:41:38,911 [EventQueue-ContainerReportForContainerReportHandler] WARN  container.ContainerReportHandler (AbstractContainerReportHandler.java:updateContainerState(145)) - Container #1 is in OPEN state, but the datanode 61d80c3a-7652-449d-b68e-5fa718f84473{ip: 192.168.157.195, host: pr-hdds-1701-sv9gv-972070529, networkLocation: /default-rack, certSerialId: null} reports an CLOSED replica.
2019-10-25 05:41:39,027 [EventQueue-ContainerReportForContainerReportHandler] WARN  container.ContainerReportHandler (AbstractContainerReportHandler.java:updateContainerState(145)) - Container #1 is in OPEN state, but the datanode 35510205-702a-42b0-9e73-ae326acfc6fe{ip: 192.168.157.195, host: pr-hdds-1701-sv9gv-972070529, networkLocation: /default-rack, certSerialId: null} reports an CLOSED replica.
2019-10-25 05:41:39,213 [EventQueue-ContainerReportForContainerReportHandler] WARN  container.ContainerReportHandler (AbstractContainerReportHandler.java:updateContainerState(145)) - Container #1 is in OPEN state, but the datanode 61d80c3a-7652-449d-b68e-5fa718f84473{ip: 192.168.157.195, host: pr-hdds-1701-sv9gv-972070529, networkLocation: /default-rack, certSerialId: null} reports an CLOSED replica.
2019-10-25 05:41:39,305 [BlockDeletingService#6] WARN  background.BlockDeletingService (BlockDeletingService.java:isDeletionAllowed(187)) - Close Container log Index 6 is not replicated across allthe servers in the pipeline c5632910-c548-43bf-b295-e436c85fad58 as the min replicated index is 4. Deletion is not allowed in this container yet.
2019-10-25 05:41:39,305 [BlockDeletingService#1] WARN  background.BlockDeletingService (BlockDeletingService.java:isDeletionAllowed(187)) - Close Container log Index 6 is not replicated across allthe servers in the pipeline c5632910-c548-43bf-b295-e436c85fad58 as the min replicated index is 4. Deletion is not allowed in this container yet.
2019-10-25 05:41:39,327 [EventQueue-ContainerReportForContainerReportHandler] WARN  container.ContainerReportHandler (AbstractContainerReportHandler.java:updateContainerState(145)) - Container #1 is in OPEN state, but the datanode 35510205-702a-42b0-9e73-ae326acfc6fe{ip: 192.168.157.195, host: pr-hdds-1701-sv9gv-972070529, networkLocation: /default-rack, certSerialId: null} reports an CLOSED replica.
2019-10-25 05:41:39,349 [java.util.concurrent.ThreadPoolExecutor$Worker@aec7811[State = -1, empty queue]] WARN  server.GrpcLogAppender (GrpcLogAppender.java:timeoutAppendRequest(209)) - 61d80c3a-7652-449d-b68e-5fa718f84473@group-E436C85FAD58->07cbec61-e91b-416e-becf-32794c7f01be-GrpcLogAppender: appendEntries Timeout, request=61d80c3a-7652-449d-b68e-5fa718f84473->07cbec61-e91b-416e-becf-32794c7f01be#40-t1, previous=(t:1, i:10), leaderCommit=10, initializing? false, entries: <empty>
2019-10-25 05:41:39,612 [EventQueue-ContainerReportForContainerReportHandler] WARN  container.ContainerReportHandler (AbstractContainerReportHandler.java:updateContainerState(145)) - Container #1 is in OPEN state, but the datanode 61d80c3a-7652-449d-b68e-5fa718f84473{ip: 192.168.157.195, host: pr-hdds-1701-sv9gv-972070529, networkLocation: /default-rack, certSerialId: null} reports an CLOSED replica.
2019-10-25 05:41:39,627 [EventQueue-ContainerReportForContainerReportHandler] WARN  container.ContainerReportHandler (AbstractContainerReportHandler.java:updateContainerState(145)) - Container #1 is in OPEN state, but the datanode 35510205-702a-42b0-9e73-ae326acfc6fe{ip: 192.168.157.195, host: pr-hdds-1701-sv9gv-972070529, networkLocation: /default-rack, certSerialId: null} reports an CLOSED replica.
2019-10-25 05:41:39,912 [EventQueue-ContainerReportForContainerReportHandler] WARN  container.ContainerReportHandler (AbstractContainerReportHandler.java:updateContainerState(145)) - Container #1 is in OPEN state, but the datanode 61d80c3a-7652-449d-b68e-5fa718f84473{ip: 192.168.157.195, host: pr-hdds-1701-sv9gv-972070529, networkLocation: /default-rack, certSerialId: null} reports an CLOSED replica.
2019-10-25 05:41:39,927 [EventQueue-ContainerReportForContainerReportHandler] WARN  container.ContainerReportHandler (AbstractContainerReportHandler.java:updateContainerState(145)) - Container #1 is in OPEN state, but the datanode 35510205-702a-42b0-9e73-ae326acfc6fe{ip: 192.168.157.195, host: pr-hdds-1701-sv9gv-972070529, networkLocation: /default-rack, certSerialId: null} reports an CLOSED replica.
2019-10-25 05:41:40,112 [EventQueue-ContainerReportForContainerReportHandler] WARN  container.ContainerReportHandler (AbstractContainerReportHandler.java:updateContainerState(145)) - Container #1 is in OPEN state, but the datanode 61d80c3a-7652-449d-b68e-5fa718f84473{ip: 192.168.157.195, host: pr-hdds-1701-sv9gv-972070529, networkLocation: /default-rack, certSerialId: null} reports an CLOSED replica.
2019-10-25 05:41:40,128 [EventQueue-ContainerReportForContainerReportHandler] WARN  container.ContainerReportHandler (AbstractContainerReportHandler.java:updateContainerState(145)) - Container #1 is in OPEN state, but the datanode 35510205-702a-42b0-9e73-ae326acfc6fe{ip: 192.168.157.195, host: pr-hdds-1701-sv9gv-972070529, networkLocation: /default-rack, certSerialId: null} reports an CLOSED replica.
2019-10-25 05:41:40,307 [BlockDeletingService#1] WARN  background.BlockDeletingService (BlockDeletingService.java:isDeletionAllowed(187)) - Close Container log Index 6 is not replicated across allthe servers in the pipeline c5632910-c548-43bf-b295-e436c85fad58 as the min replicated index is 4. Deletion is not allowed in this container yet.
2019-10-25 05:41:40,307 [BlockDeletingService#6] WARN  background.BlockDeletingService (BlockDeletingService.java:isDeletionAllowed(187)) - Close Container log Index 6 is not replicated across allthe servers in the pipeline c5632910-c548-43bf-b295-e436c85fad58 as the min replicated index is 4. Deletion is not allowed in this container yet.
2019-10-25 05:41:40,412 [EventQueue-ContainerReportForContainerReportHandler] WARN  container.ContainerReportHandler (AbstractContainerReportHandler.java:updateContainerState(145)) - Container #1 is in OPEN state, but the datanode 61d80c3a-7652-449d-b68e-5fa718f84473{ip: 192.168.157.195, host: pr-hdds-1701-sv9gv-972070529, networkLocation: /default-rack, certSerialId: null} reports an CLOSED replica.
2019-10-25 05:41:40,529 [EventQueue-ContainerReportForContainerReportHandler] WARN  container.ContainerReportHandler (AbstractContainerReportHandler.java:updateContainerState(145)) - Container #1 is in OPEN state, but the datanode 35510205-702a-42b0-9e73-ae326acfc6fe{ip: 192.168.157.195, host: pr-hdds-1701-sv9gv-972070529, networkLocation: /default-rack, certSerialId: null} reports an CLOSED replica.
2019-10-25 05:41:40,712 [EventQueue-ContainerReportForContainerReportHandler] WARN  container.ContainerReportHandler (AbstractContainerReportHandler.java:updateContainerState(145)) - Container #1 is in OPEN state, but the datanode 61d80c3a-7652-449d-b68e-5fa718f84473{ip: 192.168.157.195, host: pr-hdds-1701-sv9gv-972070529, networkLocation: /default-rack, certSerialId: null} reports an CLOSED replica.
2019-10-25 05:41:40,730 [EventQueue-ContainerReportForContainerReportHandler] WARN  container.ContainerReportHandler (AbstractContainerReportHandler.java:updateContainerState(145)) - Container #1 is in OPEN state, but the datanode 35510205-702a-42b0-9e73-ae326acfc6fe{ip: 192.168.157.195, host: pr-hdds-1701-sv9gv-972070529, networkLocation: /default-rack, certSerialId: null} reports an CLOSED replica.
2019-10-25 05:41:41,013 [EventQueue-ContainerReportForContainerReportHandler] WARN  container.ContainerReportHandler (AbstractContainerReportHandler.java:updateContainerState(145)) - Container #1 is in OPEN state, but the datanode 61d80c3a-7652-449d-b68e-5fa718f84473{ip: 192.168.157.195, host: pr-hdds-1701-sv9gv-972070529, networkLocation: /default-rack, certSerialId: null} reports an CLOSED replica.
2019-10-25 05:41:41,030 [EventQueue-ContainerReportForContainerReportHandler] WARN  container.ContainerReportHandler (AbstractContainerReportHandler.java:updateContainerState(145)) - Container #1 is in OPEN state, but the datanode 35510205-702a-42b0-9e73-ae326acfc6fe{ip: 192.168.157.195, host: pr-hdds-1701-sv9gv-972070529, networkLocation: /default-rack, certSerialId: null} reports an CLOSED replica.
2019-10-25 05:41:41,310 [BlockDeletingService#1] WARN  background.BlockDeletingService (BlockDeletingService.java:isDeletionAllowed(187)) - Close Container log Index 6 is not replicated across allthe servers in the pipeline c5632910-c548-43bf-b295-e436c85fad58 as the min replicated index is 4. Deletion is not allowed in this container yet.
2019-10-25 05:41:41,310 [BlockDeletingService#6] WARN  background.BlockDeletingService (BlockDeletingService.java:isDeletionAllowed(187)) - Close Container log Index 6 is not replicated across allthe servers in the pipeline c5632910-c548-43bf-b295-e436c85fad58 as the min replicated index is 4. Deletion is not allowed in this container yet.
2019-10-25 05:41:41,313 [EventQueue-ContainerReportForContainerReportHandler] WARN  container.ContainerReportHandler (AbstractContainerReportHandler.java:updateContainerState(145)) - Container #1 is in OPEN state, but the datanode 61d80c3a-7652-449d-b68e-5fa718f84473{ip: 192.168.157.195, host: pr-hdds-1701-sv9gv-972070529, networkLocation: /default-rack, certSerialId: null} reports an CLOSED replica.
2019-10-25 05:41:41,431 [EventQueue-ContainerReportForContainerReportHandler] WARN  container.ContainerReportHandler (AbstractContainerReportHandler.java:updateContainerState(145)) - Container #1 is in OPEN state, but the datanode 35510205-702a-42b0-9e73-ae326acfc6fe{ip: 192.168.157.195, host: pr-hdds-1701-sv9gv-972070529, networkLocation: /default-rack, certSerialId: null} reports an CLOSED replica.
2019-10-25 05:41:41,715 [EventQueue-ContainerReportForContainerReportHandler] WARN  container.ContainerReportHandler (AbstractContainerReportHandler.java:updateContainerState(145)) - Container #1 is in OPEN state, but the datanode 61d80c3a-7652-449d-b68e-5fa718f84473{ip: 192.168.157.195, host: pr-hdds-1701-sv9gv-972070529, networkLocation: /default-rack, certSerialId: null} reports an CLOSED replica.
2019-10-25 05:41:41,731 [EventQueue-ContainerReportForContainerReportHandler] WARN  container.ContainerReportHandler (AbstractContainerReportHandler.java:updateContainerState(145)) - Container #1 is in OPEN state, but the datanode 35510205-702a-42b0-9e73-ae326acfc6fe{ip: 192.168.157.195, host: pr-hdds-1701-sv9gv-972070529, networkLocation: /default-rack, certSerialId: null} reports an CLOSED replica.
2019-10-25 05:41:41,851 [java.util.concurrent.ThreadPoolExecutor$Worker@aec7811[State = -1, empty queue]] WARN  server.GrpcLogAppender (GrpcLogAppender.java:timeoutAppendRequest(209)) - 61d80c3a-7652-449d-b68e-5fa718f84473@group-E436C85FAD58->07cbec61-e91b-416e-becf-32794c7f01be-GrpcLogAppender: appendEntries Timeout, request=61d80c3a-7652-449d-b68e-5fa718f84473->07cbec61-e91b-416e-becf-32794c7f01be#41-t1, previous=(t:1, i:10), leaderCommit=10, initializing? false, entries: <empty>
2019-10-25 05:41:42,014 [EventQueue-ContainerReportForContainerReportHandler] WARN  container.ContainerReportHandler (AbstractContainerReportHandler.java:updateContainerState(145)) - Container #1 is in OPEN state, but the datanode 61d80c3a-7652-449d-b68e-5fa718f84473{ip: 192.168.157.195, host: pr-hdds-1701-sv9gv-972070529, networkLocation: /default-rack, certSerialId: null} reports an CLOSED replica.
2019-10-25 05:41:42,031 [EventQueue-ContainerReportForContainerReportHandler] WARN  container.ContainerReportHandler (AbstractContainerReportHandler.java:updateContainerState(145)) - Container #1 is in OPEN state, but the datanode 35510205-702a-42b0-9e73-ae326acfc6fe{ip: 192.168.157.195, host: pr-hdds-1701-sv9gv-972070529, networkLocation: /default-rack, certSerialId: null} reports an CLOSED replica.
2019-10-25 05:41:42,214 [EventQueue-ContainerReportForContainerReportHandler] WARN  container.ContainerReportHandler (AbstractContainerReportHandler.java:updateContainerState(145)) - Container #1 is in OPEN state, but the datanode 61d80c3a-7652-449d-b68e-5fa718f84473{ip: 192.168.157.195, host: pr-hdds-1701-sv9gv-972070529, networkLocation: /default-rack, certSerialId: null} reports an CLOSED replica.
2019-10-25 05:41:42,311 [BlockDeletingService#1] WARN  background.BlockDeletingService (BlockDeletingService.java:isDeletionAllowed(187)) - Close Container log Index 6 is not replicated across allthe servers in the pipeline c5632910-c548-43bf-b295-e436c85fad58 as the min replicated index is 4. Deletion is not allowed in this container yet.
2019-10-25 05:41:42,311 [BlockDeletingService#6] WARN  background.BlockDeletingService (BlockDeletingService.java:isDeletionAllowed(187)) - Close Container log Index 6 is not replicated across allthe servers in the pipeline c5632910-c548-43bf-b295-e436c85fad58 as the min replicated index is 4. Deletion is not allowed in this container yet.
2019-10-25 05:41:42,431 [EventQueue-ContainerReportForContainerReportHandler] WARN  container.ContainerReportHandler (AbstractContainerReportHandler.java:updateContainerState(145)) - Container #1 is in OPEN state, but the datanode 35510205-702a-42b0-9e73-ae326acfc6fe{ip: 192.168.157.195, host: pr-hdds-1701-sv9gv-972070529, networkLocation: /default-rack, certSerialId: null} reports an CLOSED replica.
2019-10-25 05:41:42,514 [EventQueue-ContainerReportForContainerReportHandler] WARN  container.ContainerReportHandler (AbstractContainerReportHandler.java:updateContainerState(145)) - Container #1 is in OPEN state, but the datanode 61d80c3a-7652-449d-b68e-5fa718f84473{ip: 192.168.157.195, host: pr-hdds-1701-sv9gv-972070529, networkLocation: /default-rack, certSerialId: null} reports an CLOSED replica.
2019-10-25 05:41:42,731 [EventQueue-ContainerReportForContainerReportHandler] WARN  container.ContainerReportHandler (AbstractContainerReportHandler.java:updateContainerState(145)) - Container #1 is in OPEN state, but the datanode 35510205-702a-42b0-9e73-ae326acfc6fe{ip: 192.168.157.195, host: pr-hdds-1701-sv9gv-972070529, networkLocation: /default-rack, certSerialId: null} reports an CLOSED replica.
2019-10-25 05:41:42,819 [EventQueue-ContainerReportForContainerReportHandler] WARN  container.ContainerReportHandler (AbstractContainerReportHandler.java:updateContainerState(145)) - Container #1 is in OPEN state, but the datanode 61d80c3a-7652-449d-b68e-5fa718f84473{ip: 192.168.157.195, host: pr-hdds-1701-sv9gv-972070529, networkLocation: /default-rack, certSerialId: null} reports an CLOSED replica.
2019-10-25 05:41:43,119 [EventQueue-ContainerReportForContainerReportHandler] WARN  container.ContainerReportHandler (AbstractContainerReportHandler.java:updateContainerState(145)) - Container #1 is in OPEN state, but the datanode 61d80c3a-7652-449d-b68e-5fa718f84473{ip: 192.168.157.195, host: pr-hdds-1701-sv9gv-972070529, networkLocation: /default-rack, certSerialId: null} reports an CLOSED replica.
2019-10-25 05:41:43,131 [EventQueue-ContainerReportForContainerReportHandler] WARN  container.ContainerReportHandler (AbstractContainerReportHandler.java:updateContainerState(145)) - Container #1 is in OPEN state, but the datanode 35510205-702a-42b0-9e73-ae326acfc6fe{ip: 192.168.157.195, host: pr-hdds-1701-sv9gv-972070529, networkLocation: /default-rack, certSerialId: null} reports an CLOSED replica.
2019-10-25 05:41:43,313 [BlockDeletingService#1] WARN  background.BlockDeletingService (BlockDeletingService.java:isDeletionAllowed(187)) - Close Container log Index 6 is not replicated across allthe servers in the pipeline c5632910-c548-43bf-b295-e436c85fad58 as the min replicated index is 4. Deletion is not allowed in this container yet.
2019-10-25 05:41:43,313 [BlockDeletingService#6] WARN  background.BlockDeletingService (BlockDeletingService.java:isDeletionAllowed(187)) - Close Container log Index 6 is not replicated across allthe servers in the pipeline c5632910-c548-43bf-b295-e436c85fad58 as the min replicated index is 4. Deletion is not allowed in this container yet.
2019-10-25 05:41:43,419 [EventQueue-ContainerReportForContainerReportHandler] WARN  container.ContainerReportHandler (AbstractContainerReportHandler.java:updateContainerState(145)) - Container #1 is in OPEN state, but the datanode 61d80c3a-7652-449d-b68e-5fa718f84473{ip: 192.168.157.195, host: pr-hdds-1701-sv9gv-972070529, networkLocation: /default-rack, certSerialId: null} reports an CLOSED replica.
2019-10-25 05:41:43,431 [EventQueue-ContainerReportForContainerReportHandler] WARN  container.ContainerReportHandler (AbstractContainerReportHandler.java:updateContainerState(145)) - Container #1 is in OPEN state, but the datanode 35510205-702a-42b0-9e73-ae326acfc6fe{ip: 192.168.157.195, host: pr-hdds-1701-sv9gv-972070529, networkLocation: /default-rack, certSerialId: null} reports an CLOSED replica.
2019-10-25 05:41:43,719 [EventQueue-ContainerReportForContainerReportHandler] WARN  container.ContainerReportHandler (AbstractContainerReportHandler.java:updateContainerState(145)) - Container #1 is in OPEN state, but the datanode 61d80c3a-7652-449d-b68e-5fa718f84473{ip: 192.168.157.195, host: pr-hdds-1701-sv9gv-972070529, networkLocation: /default-rack, certSerialId: null} reports an CLOSED replica.
2019-10-25 05:41:43,832 [EventQueue-ContainerReportForContainerReportHandler] WARN  container.ContainerReportHandler (AbstractContainerReportHandler.java:updateContainerState(145)) - Container #1 is in OPEN state, but the datanode 35510205-702a-42b0-9e73-ae326acfc6fe{ip: 192.168.157.195, host: pr-hdds-1701-sv9gv-972070529, networkLocation: /default-rack, certSerialId: null} reports an CLOSED replica.
2019-10-25 05:41:43,919 [EventQueue-ContainerReportForContainerReportHandler] WARN  container.ContainerReportHandler (AbstractContainerReportHandler.java:updateContainerState(145)) - Container #1 is in OPEN state, but the datanode 61d80c3a-7652-449d-b68e-5fa718f84473{ip: 192.168.157.195, host: pr-hdds-1701-sv9gv-972070529, networkLocation: /default-rack, certSerialId: null} reports an CLOSED replica.
2019-10-25 05:41:44,132 [EventQueue-ContainerReportForContainerReportHandler] WARN  container.ContainerReportHandler (AbstractContainerReportHandler.java:updateContainerState(145)) - Container #1 is in OPEN state, but the datanode 35510205-702a-42b0-9e73-ae326acfc6fe{ip: 192.168.157.195, host: pr-hdds-1701-sv9gv-972070529, networkLocation: /default-rack, certSerialId: null} reports an CLOSED replica.
2019-10-25 05:41:44,314 [BlockDeletingService#1] WARN  background.BlockDeletingService (BlockDeletingService.java:isDeletionAllowed(187)) - Close Container log Index 6 is not replicated across allthe servers in the pipeline c5632910-c548-43bf-b295-e436c85fad58 as the min replicated index is 4. Deletion is not allowed in this container yet.
2019-10-25 05:41:44,314 [BlockDeletingService#6] WARN  background.BlockDeletingService (BlockDeletingService.java:isDeletionAllowed(187)) - Close Container log Index 6 is not replicated across allthe servers in the pipeline c5632910-c548-43bf-b295-e436c85fad58 as the min replicated index is 4. Deletion is not allowed in this container yet.
2019-10-25 05:41:44,319 [EventQueue-ContainerReportForContainerReportHandler] WARN  container.ContainerReportHandler (AbstractContainerReportHandler.java:updateContainerState(145)) - Container #1 is in OPEN state, but the datanode 61d80c3a-7652-449d-b68e-5fa718f84473{ip: 192.168.157.195, host: pr-hdds-1701-sv9gv-972070529, networkLocation: /default-rack, certSerialId: null} reports an CLOSED replica.
2019-10-25 05:41:44,352 [java.util.concurrent.ThreadPoolExecutor$Worker@aec7811[State = -1, empty queue]] WARN  server.GrpcLogAppender (GrpcLogAppender.java:timeoutAppendRequest(209)) - 61d80c3a-7652-449d-b68e-5fa718f84473@group-E436C85FAD58->07cbec61-e91b-416e-becf-32794c7f01be-GrpcLogAppender: appendEntries Timeout, request=61d80c3a-7652-449d-b68e-5fa718f84473->07cbec61-e91b-416e-becf-32794c7f01be#42-t1, previous=(t:1, i:10), leaderCommit=10, initializing? false, entries: <empty>
2019-10-25 05:41:44,432 [EventQueue-ContainerReportForContainerReportHandler] WARN  container.ContainerReportHandler (AbstractContainerReportHandler.java:updateContainerState(145)) - Container #1 is in OPEN state, but the datanode 35510205-702a-42b0-9e73-ae326acfc6fe{ip: 192.168.157.195, host: pr-hdds-1701-sv9gv-972070529, networkLocation: /default-rack, certSerialId: null} reports an CLOSED replica.
2019-10-25 05:41:44,619 [EventQueue-ContainerReportForContainerReportHandler] WARN  container.ContainerReportHandler (AbstractContainerReportHandler.java:updateContainerState(145)) - Container #1 is in OPEN state, but the datanode 61d80c3a-7652-449d-b68e-5fa718f84473{ip: 192.168.157.195, host: pr-hdds-1701-sv9gv-972070529, networkLocation: /default-rack, certSerialId: null} reports an CLOSED replica.
2019-10-25 05:41:44,819 [EventQueue-ContainerReportForContainerReportHandler] WARN  container.ContainerReportHandler (AbstractContainerReportHandler.java:updateContainerState(145)) - Container #1 is in OPEN state, but the datanode 61d80c3a-7652-449d-b68e-5fa718f84473{ip: 192.168.157.195, host: pr-hdds-1701-sv9gv-972070529, networkLocation: /default-rack, certSerialId: null} reports an CLOSED replica.
2019-10-25 05:41:44,832 [EventQueue-ContainerReportForContainerReportHandler] WARN  container.ContainerReportHandler (AbstractContainerReportHandler.java:updateContainerState(145)) - Container #1 is in OPEN state, but the datanode 35510205-702a-42b0-9e73-ae326acfc6fe{ip: 192.168.157.195, host: pr-hdds-1701-sv9gv-972070529, networkLocation: /default-rack, certSerialId: null} reports an CLOSED replica.
2019-10-25 05:41:45,019 [EventQueue-ContainerReportForContainerReportHandler] WARN  container.ContainerReportHandler (AbstractContainerReportHandler.java:updateContainerState(145)) - Container #1 is in OPEN state, but the datanode 61d80c3a-7652-449d-b68e-5fa718f84473{ip: 192.168.157.195, host: pr-hdds-1701-sv9gv-972070529, networkLocation: /default-rack, certSerialId: null} reports an CLOSED replica.
2019-10-25 05:41:45,132 [EventQueue-ContainerReportForContainerReportHandler] WARN  container.ContainerReportHandler (AbstractContainerReportHandler.java:updateContainerState(145)) - Container #1 is in OPEN state, but the datanode 35510205-702a-42b0-9e73-ae326acfc6fe{ip: 192.168.157.195, host: pr-hdds-1701-sv9gv-972070529, networkLocation: /default-rack, certSerialId: null} reports an CLOSED replica.
2019-10-25 05:41:45,316 [BlockDeletingService#1] WARN  background.BlockDeletingService (BlockDeletingService.java:isDeletionAllowed(187)) - Close Container log Index 6 is not replicated across allthe servers in the pipeline c5632910-c548-43bf-b295-e436c85fad58 as the min replicated index is 4. Deletion is not allowed in this container yet.
2019-10-25 05:41:45,316 [BlockDeletingService#6] WARN  background.BlockDeletingService (BlockDeletingService.java:isDeletionAllowed(187)) - Close Container log Index 6 is not replicated across allthe servers in the pipeline c5632910-c548-43bf-b295-e436c85fad58 as the min replicated index is 4. Deletion is not allowed in this container yet.
2019-10-25 05:41:45,320 [EventQueue-ContainerReportForContainerReportHandler] WARN  container.ContainerReportHandler (AbstractContainerReportHandler.java:updateContainerState(145)) - Container #1 is in OPEN state, but the datanode 61d80c3a-7652-449d-b68e-5fa718f84473{ip: 192.168.157.195, host: pr-hdds-1701-sv9gv-972070529, networkLocation: /default-rack, certSerialId: null} reports an CLOSED replica.
2019-10-25 05:41:45,433 [EventQueue-ContainerReportForContainerReportHandler] WARN  container.ContainerReportHandler (AbstractContainerReportHandler.java:updateContainerState(145)) - Container #1 is in OPEN state, but the datanode 35510205-702a-42b0-9e73-ae326acfc6fe{ip: 192.168.157.195, host: pr-hdds-1701-sv9gv-972070529, networkLocation: /default-rack, certSerialId: null} reports an CLOSED replica.
2019-10-25 05:41:45,621 [EventQueue-ContainerReportForContainerReportHandler] WARN  container.ContainerReportHandler (AbstractContainerReportHandler.java:updateContainerState(145)) - Container #1 is in OPEN state, but the datanode 61d80c3a-7652-449d-b68e-5fa718f84473{ip: 192.168.157.195, host: pr-hdds-1701-sv9gv-972070529, networkLocation: /default-rack, certSerialId: null} reports an CLOSED replica.
2019-10-25 05:41:45,833 [EventQueue-ContainerReportForContainerReportHandler] WARN  container.ContainerReportHandler (AbstractContainerReportHandler.java:updateContainerState(145)) - Container #1 is in OPEN state, but the datanode 35510205-702a-42b0-9e73-ae326acfc6fe{ip: 192.168.157.195, host: pr-hdds-1701-sv9gv-972070529, networkLocation: /default-rack, certSerialId: null} reports an CLOSED replica.
2019-10-25 05:41:46,021 [EventQueue-ContainerReportForContainerReportHandler] WARN  container.ContainerReportHandler (AbstractContainerReportHandler.java:updateContainerState(145)) - Container #1 is in OPEN state, but the datanode 61d80c3a-7652-449d-b68e-5fa718f84473{ip: 192.168.157.195, host: pr-hdds-1701-sv9gv-972070529, networkLocation: /default-rack, certSerialId: null} reports an CLOSED replica.
2019-10-25 05:41:46,132 [EventQueue-ContainerReportForContainerReportHandler] WARN  container.ContainerReportHandler (AbstractContainerReportHandler.java:updateContainerState(145)) - Container #1 is in OPEN state, but the datanode 35510205-702a-42b0-9e73-ae326acfc6fe{ip: 192.168.157.195, host: pr-hdds-1701-sv9gv-972070529, networkLocation: /default-rack, certSerialId: null} reports an CLOSED replica.
2019-10-25 05:41:46,317 [BlockDeletingService#1] WARN  background.BlockDeletingService (BlockDeletingService.java:isDeletionAllowed(187)) - Close Container log Index 6 is not replicated across allthe servers in the pipeline c5632910-c548-43bf-b295-e436c85fad58 as the min replicated index is 4. Deletion is not allowed in this container yet.
2019-10-25 05:41:46,317 [BlockDeletingService#6] WARN  background.BlockDeletingService (BlockDeletingService.java:isDeletionAllowed(187)) - Close Container log Index 6 is not replicated across allthe servers in the pipeline c5632910-c548-43bf-b295-e436c85fad58 as the min replicated index is 4. Deletion is not allowed in this container yet.
2019-10-25 05:41:46,321 [EventQueue-ContainerReportForContainerReportHandler] WARN  container.ContainerReportHandler (AbstractContainerReportHandler.java:updateContainerState(145)) - Container #1 is in OPEN state, but the datanode 61d80c3a-7652-449d-b68e-5fa718f84473{ip: 192.168.157.195, host: pr-hdds-1701-sv9gv-972070529, networkLocation: /default-rack, certSerialId: null} reports an CLOSED replica.
2019-10-25 05:41:46,433 [EventQueue-ContainerReportForContainerReportHandler] WARN  container.ContainerReportHandler (AbstractContainerReportHandler.java:updateContainerState(145)) - Container #1 is in OPEN state, but the datanode 35510205-702a-42b0-9e73-ae326acfc6fe{ip: 192.168.157.195, host: pr-hdds-1701-sv9gv-972070529, networkLocation: /default-rack, certSerialId: null} reports an CLOSED replica.
2019-10-25 05:41:46,584 [Thread-475] INFO  client.GrpcClientProtocolService (GrpcClientProtocolService.java:lambda$processClientRequest$0(279)) - Failed RaftClientRequest:client-042E50236798->61d80c3a-7652-449d-b68e-5fa718f84473@group-E436C85FAD58, cid=10, seq=0, Watch-ALL_COMMITTED(6), Message:<EMPTY>, reply=RaftClientReply:client-042E50236798->61d80c3a-7652-449d-b68e-5fa718f84473@group-E436C85FAD58, cid=10, FAILED org.apache.ratis.protocol.NotReplicatedException: Request with call Id 10 and log index 6 is not yet replicated to ALL_COMMITTED, logIndex=6, commits[61d80c3a-7652-449d-b68e-5fa718f84473:c10, 07cbec61-e91b-416e-becf-32794c7f01be:c4, 35510205-702a-42b0-9e73-ae326acfc6fe:c10]
2019-10-25 05:41:46,621 [EventQueue-ContainerReportForContainerReportHandler] WARN  container.ContainerReportHandler (AbstractContainerReportHandler.java:updateContainerState(145)) - Container #1 is in OPEN state, but the datanode 61d80c3a-7652-449d-b68e-5fa718f84473{ip: 192.168.157.195, host: pr-hdds-1701-sv9gv-972070529, networkLocation: /default-rack, certSerialId: null} reports an CLOSED replica.
2019-10-25 05:41:46,734 [EventQueue-ContainerReportForContainerReportHandler] WARN  container.ContainerReportHandler (AbstractContainerReportHandler.java:updateContainerState(145)) - Container #1 is in OPEN state, but the datanode 35510205-702a-42b0-9e73-ae326acfc6fe{ip: 192.168.157.195, host: pr-hdds-1701-sv9gv-972070529, networkLocation: /default-rack, certSerialId: null} reports an CLOSED replica.
2019-10-25 05:41:46,822 [EventQueue-ContainerReportForContainerReportHandler] WARN  container.ContainerReportHandler (AbstractContainerReportHandler.java:updateContainerState(145)) - Container #1 is in OPEN state, but the datanode 61d80c3a-7652-449d-b68e-5fa718f84473{ip: 192.168.157.195, host: pr-hdds-1701-sv9gv-972070529, networkLocation: /default-rack, certSerialId: null} reports an CLOSED replica.
2019-10-25 05:41:46,853 [java.util.concurrent.ThreadPoolExecutor$Worker@aec7811[State = -1, empty queue]] WARN  server.GrpcLogAppender (GrpcLogAppender.java:timeoutAppendRequest(209)) - 61d80c3a-7652-449d-b68e-5fa718f84473@group-E436C85FAD58->07cbec61-e91b-416e-becf-32794c7f01be-GrpcLogAppender: appendEntries Timeout, request=61d80c3a-7652-449d-b68e-5fa718f84473->07cbec61-e91b-416e-becf-32794c7f01be#43-t1, previous=(t:1, i:10), leaderCommit=10, initializing? false, entries: <empty>
2019-10-25 05:41:47,034 [EventQueue-ContainerReportForContainerReportHandler] WARN  container.ContainerReportHandler (AbstractContainerReportHandler.java:updateContainerState(145)) - Container #1 is in OPEN state, but the datanode 35510205-702a-42b0-9e73-ae326acfc6fe{ip: 192.168.157.195, host: pr-hdds-1701-sv9gv-972070529, networkLocation: /default-rack, certSerialId: null} reports an CLOSED replica.
2019-10-25 05:41:47,222 [EventQueue-ContainerReportForContainerReportHandler] WARN  container.ContainerReportHandler (AbstractContainerReportHandler.java:updateContainerState(145)) - Container #1 is in OPEN state, but the datanode 61d80c3a-7652-449d-b68e-5fa718f84473{ip: 192.168.157.195, host: pr-hdds-1701-sv9gv-972070529, networkLocation: /default-rack, certSerialId: null} reports an CLOSED replica.
2019-10-25 05:41:47,319 [BlockDeletingService#1] WARN  background.BlockDeletingService (BlockDeletingService.java:isDeletionAllowed(187)) - Close Container log Index 6 is not replicated across allthe servers in the pipeline c5632910-c548-43bf-b295-e436c85fad58 as the min replicated index is 4. Deletion is not allowed in this container yet.
2019-10-25 05:41:47,319 [BlockDeletingService#6] WARN  background.BlockDeletingService (BlockDeletingService.java:isDeletionAllowed(187)) - Close Container log Index 6 is not replicated across allthe servers in the pipeline c5632910-c548-43bf-b295-e436c85fad58 as the min replicated index is 4. Deletion is not allowed in this container yet.
2019-10-25 05:41:47,334 [EventQueue-ContainerReportForContainerReportHandler] WARN  container.ContainerReportHandler (AbstractContainerReportHandler.java:updateContainerState(145)) - Container #1 is in OPEN state, but the datanode 35510205-702a-42b0-9e73-ae326acfc6fe{ip: 192.168.157.195, host: pr-hdds-1701-sv9gv-972070529, networkLocation: /default-rack, certSerialId: null} reports an CLOSED replica.
2019-10-25 05:41:47,522 [EventQueue-ContainerReportForContainerReportHandler] WARN  container.ContainerReportHandler (AbstractContainerReportHandler.java:updateContainerState(145)) - Container #1 is in OPEN state, but the datanode 61d80c3a-7652-449d-b68e-5fa718f84473{ip: 192.168.157.195, host: pr-hdds-1701-sv9gv-972070529, networkLocation: /default-rack, certSerialId: null} reports an CLOSED replica.
2019-10-25 05:41:47,634 [EventQueue-ContainerReportForContainerReportHandler] WARN  container.ContainerReportHandler (AbstractContainerReportHandler.java:updateContainerState(145)) - Container #1 is in OPEN state, but the datanode 35510205-702a-42b0-9e73-ae326acfc6fe{ip: 192.168.157.195, host: pr-hdds-1701-sv9gv-972070529, networkLocation: /default-rack, certSerialId: null} reports an CLOSED replica.
2019-10-25 05:41:47,923 [EventQueue-ContainerReportForContainerReportHandler] WARN  container.ContainerReportHandler (AbstractContainerReportHandler.java:updateContainerState(145)) - Container #1 is in OPEN state, but the datanode 61d80c3a-7652-449d-b68e-5fa718f84473{ip: 192.168.157.195, host: pr-hdds-1701-sv9gv-972070529, networkLocation: /default-rack, certSerialId: null} reports an CLOSED replica.
2019-10-25 05:41:47,935 [EventQueue-ContainerReportForContainerReportHandler] WARN  container.ContainerReportHandler (AbstractContainerReportHandler.java:updateContainerState(145)) - Container #1 is in OPEN state, but the datanode 35510205-702a-42b0-9e73-ae326acfc6fe{ip: 192.168.157.195, host: pr-hdds-1701-sv9gv-972070529, networkLocation: /default-rack, certSerialId: null} reports an CLOSED replica.
2019-10-25 05:41:48,223 [EventQueue-ContainerReportForContainerReportHandler] WARN  container.ContainerReportHandler (AbstractContainerReportHandler.java:updateContainerState(145)) - Container #1 is in OPEN state, but the datanode 61d80c3a-7652-449d-b68e-5fa718f84473{ip: 192.168.157.195, host: pr-hdds-1701-sv9gv-972070529, networkLocation: /default-rack, certSerialId: null} reports an CLOSED replica.
2019-10-25 05:41:48,236 [EventQueue-ContainerReportForContainerReportHandler] WARN  container.ContainerReportHandler (AbstractContainerReportHandler.java:updateContainerState(145)) - Container #1 is in OPEN state, but the datanode 35510205-702a-42b0-9e73-ae326acfc6fe{ip: 192.168.157.195, host: pr-hdds-1701-sv9gv-972070529, networkLocation: /default-rack, certSerialId: null} reports an CLOSED replica.
2019-10-25 05:41:48,320 [BlockDeletingService#1] WARN  background.BlockDeletingService (BlockDeletingService.java:isDeletionAllowed(187)) - Close Container log Index 6 is not replicated across allthe servers in the pipeline c5632910-c548-43bf-b295-e436c85fad58 as the min replicated index is 4. Deletion is not allowed in this container yet.
2019-10-25 05:41:48,320 [BlockDeletingService#6] WARN  background.BlockDeletingService (BlockDeletingService.java:isDeletionAllowed(187)) - Close Container log Index 6 is not replicated across allthe servers in the pipeline c5632910-c548-43bf-b295-e436c85fad58 as the min replicated index is 4. Deletion is not allowed in this container yet.
2019-10-25 05:41:48,524 [EventQueue-ContainerReportForContainerReportHandler] WARN  container.ContainerReportHandler (AbstractContainerReportHandler.java:updateContainerState(145)) - Container #1 is in OPEN state, but the datanode 61d80c3a-7652-449d-b68e-5fa718f84473{ip: 192.168.157.195, host: pr-hdds-1701-sv9gv-972070529, networkLocation: /default-rack, certSerialId: null} reports an CLOSED replica.
2019-10-25 05:41:48,636 [EventQueue-ContainerReportForContainerReportHandler] WARN  container.ContainerReportHandler (AbstractContainerReportHandler.java:updateContainerState(145)) - Container #1 is in OPEN state, but the datanode 35510205-702a-42b0-9e73-ae326acfc6fe{ip: 192.168.157.195, host: pr-hdds-1701-sv9gv-972070529, networkLocation: /default-rack, certSerialId: null} reports an CLOSED replica.
2019-10-25 05:41:48,923 [EventQueue-ContainerReportForContainerReportHandler] WARN  container.ContainerReportHandler (AbstractContainerReportHandler.java:updateContainerState(145)) - Container #1 is in OPEN state, but the datanode 61d80c3a-7652-449d-b68e-5fa718f84473{ip: 192.168.157.195, host: pr-hdds-1701-sv9gv-972070529, networkLocation: /default-rack, certSerialId: null} reports an CLOSED replica.
2019-10-25 05:41:48,937 [EventQueue-ContainerReportForContainerReportHandler] WARN  container.ContainerReportHandler (AbstractContainerReportHandler.java:updateContainerState(145)) - Container #1 is in OPEN state, but the datanode 35510205-702a-42b0-9e73-ae326acfc6fe{ip: 192.168.157.195, host: pr-hdds-1701-sv9gv-972070529, networkLocation: /default-rack, certSerialId: null} reports an CLOSED replica.
2019-10-25 05:41:49,137 [EventQueue-ContainerReportForContainerReportHandler] WARN  container.ContainerReportHandler (AbstractContainerReportHandler.java:updateContainerState(145)) - Container #1 is in OPEN state, but the datanode 35510205-702a-42b0-9e73-ae326acfc6fe{ip: 192.168.157.195, host: pr-hdds-1701-sv9gv-972070529, networkLocation: /default-rack, certSerialId: null} reports an CLOSED replica.
2019-10-25 05:41:49,321 [BlockDeletingService#1] WARN  background.BlockDeletingService (BlockDeletingService.java:isDeletionAllowed(187)) - Close Container log Index 6 is not replicated across allthe servers in the pipeline c5632910-c548-43bf-b295-e436c85fad58 as the min replicated index is 4. Deletion is not allowed in this container yet.
2019-10-25 05:41:49,321 [BlockDeletingService#6] WARN  background.BlockDeletingService (BlockDeletingService.java:isDeletionAllowed(187)) - Close Container log Index 6 is not replicated across allthe servers in the pipeline c5632910-c548-43bf-b295-e436c85fad58 as the min replicated index is 4. Deletion is not allowed in this container yet.
2019-10-25 05:41:49,323 [EventQueue-ContainerReportForContainerReportHandler] WARN  container.ContainerReportHandler (AbstractContainerReportHandler.java:updateContainerState(145)) - Container #1 is in OPEN state, but the datanode 61d80c3a-7652-449d-b68e-5fa718f84473{ip: 192.168.157.195, host: pr-hdds-1701-sv9gv-972070529, networkLocation: /default-rack, certSerialId: null} reports an CLOSED replica.
2019-10-25 05:41:49,337 [EventQueue-ContainerReportForContainerReportHandler] WARN  container.ContainerReportHandler (AbstractContainerReportHandler.java:updateContainerState(145)) - Container #1 is in OPEN state, but the datanode 35510205-702a-42b0-9e73-ae326acfc6fe{ip: 192.168.157.195, host: pr-hdds-1701-sv9gv-972070529, networkLocation: /default-rack, certSerialId: null} reports an CLOSED replica.
2019-10-25 05:41:49,354 [java.util.concurrent.ThreadPoolExecutor$Worker@aec7811[State = -1, empty queue]] WARN  server.GrpcLogAppender (GrpcLogAppender.java:timeoutAppendRequest(209)) - 61d80c3a-7652-449d-b68e-5fa718f84473@group-E436C85FAD58->07cbec61-e91b-416e-becf-32794c7f01be-GrpcLogAppender: appendEntries Timeout, request=61d80c3a-7652-449d-b68e-5fa718f84473->07cbec61-e91b-416e-becf-32794c7f01be#44-t1, previous=(t:1, i:10), leaderCommit=10, initializing? false, entries: <empty>
2019-10-25 05:41:49,523 [EventQueue-ContainerReportForContainerReportHandler] WARN  container.ContainerReportHandler (AbstractContainerReportHandler.java:updateContainerState(145)) - Container #1 is in OPEN state, but the datanode 61d80c3a-7652-449d-b68e-5fa718f84473{ip: 192.168.157.195, host: pr-hdds-1701-sv9gv-972070529, networkLocation: /default-rack, certSerialId: null} reports an CLOSED replica.
2019-10-25 05:41:49,538 [EventQueue-ContainerReportForContainerReportHandler] WARN  container.ContainerReportHandler (AbstractContainerReportHandler.java:updateContainerState(145)) - Container #1 is in OPEN state, but the datanode 35510205-702a-42b0-9e73-ae326acfc6fe{ip: 192.168.157.195, host: pr-hdds-1701-sv9gv-972070529, networkLocation: /default-rack, certSerialId: null} reports an CLOSED replica.
2019-10-25 05:41:49,724 [EventQueue-ContainerReportForContainerReportHandler] WARN  container.ContainerReportHandler (AbstractContainerReportHandler.java:updateContainerState(145)) - Container #1 is in OPEN state, but the datanode 61d80c3a-7652-449d-b68e-5fa718f84473{ip: 192.168.157.195, host: pr-hdds-1701-sv9gv-972070529, networkLocation: /default-rack, certSerialId: null} reports an CLOSED replica.
2019-10-25 05:41:49,839 [EventQueue-ContainerReportForContainerReportHandler] WARN  container.ContainerReportHandler (AbstractContainerReportHandler.java:updateContainerState(145)) - Container #1 is in OPEN state, but the datanode 35510205-702a-42b0-9e73-ae326acfc6fe{ip: 192.168.157.195, host: pr-hdds-1701-sv9gv-972070529, networkLocation: /default-rack, certSerialId: null} reports an CLOSED replica.
2019-10-25 05:41:50,039 [EventQueue-ContainerReportForContainerReportHandler] WARN  container.ContainerReportHandler (AbstractContainerReportHandler.java:updateContainerState(145)) - Container #1 is in OPEN state, but the datanode 35510205-702a-42b0-9e73-ae326acfc6fe{ip: 192.168.157.195, host: pr-hdds-1701-sv9gv-972070529, networkLocation: /default-rack, certSerialId: null} reports an CLOSED replica.
2019-10-25 05:41:50,123 [EventQueue-ContainerReportForContainerReportHandler] WARN  container.ContainerReportHandler (AbstractContainerReportHandler.java:updateContainerState(145)) - Container #1 is in OPEN state, but the datanode 61d80c3a-7652-449d-b68e-5fa718f84473{ip: 192.168.157.195, host: pr-hdds-1701-sv9gv-972070529, networkLocation: /default-rack, certSerialId: null} reports an CLOSED replica.
2019-10-25 05:41:50,322 [BlockDeletingService#1] WARN  background.BlockDeletingService (BlockDeletingService.java:isDeletionAllowed(187)) - Close Container log Index 6 is not replicated across allthe servers in the pipeline c5632910-c548-43bf-b295-e436c85fad58 as the min replicated index is 4. Deletion is not allowed in this container yet.
2019-10-25 05:41:50,322 [BlockDeletingService#6] WARN  background.BlockDeletingService (BlockDeletingService.java:isDeletionAllowed(187)) - Close Container log Index 6 is not replicated across allthe servers in the pipeline c5632910-c548-43bf-b295-e436c85fad58 as the min replicated index is 4. Deletion is not allowed in this container yet.
2019-10-25 05:41:50,339 [EventQueue-ContainerReportForContainerReportHandler] WARN  container.ContainerReportHandler (AbstractContainerReportHandler.java:updateContainerState(145)) - Container #1 is in OPEN state, but the datanode 35510205-702a-42b0-9e73-ae326acfc6fe{ip: 192.168.157.195, host: pr-hdds-1701-sv9gv-972070529, networkLocation: /default-rack, certSerialId: null} reports an CLOSED replica.
2019-10-25 05:41:50,423 [EventQueue-ContainerReportForContainerReportHandler] WARN  container.ContainerReportHandler (AbstractContainerReportHandler.java:updateContainerState(145)) - Container #1 is in OPEN state, but the datanode 61d80c3a-7652-449d-b68e-5fa718f84473{ip: 192.168.157.195, host: pr-hdds-1701-sv9gv-972070529, networkLocation: /default-rack, certSerialId: null} reports an CLOSED replica.
2019-10-25 05:41:50,640 [EventQueue-ContainerReportForContainerReportHandler] WARN  container.ContainerReportHandler (AbstractContainerReportHandler.java:updateContainerState(145)) - Container #1 is in OPEN state, but the datanode 35510205-702a-42b0-9e73-ae326acfc6fe{ip: 192.168.157.195, host: pr-hdds-1701-sv9gv-972070529, networkLocation: /default-rack, certSerialId: null} reports an CLOSED replica.
2019-10-25 05:41:50,723 [EventQueue-ContainerReportForContainerReportHandler] WARN  container.ContainerReportHandler (AbstractContainerReportHandler.java:updateContainerState(145)) - Container #1 is in OPEN state, but the datanode 61d80c3a-7652-449d-b68e-5fa718f84473{ip: 192.168.157.195, host: pr-hdds-1701-sv9gv-972070529, networkLocation: /default-rack, certSerialId: null} reports an CLOSED replica.
2019-10-25 05:41:50,941 [EventQueue-ContainerReportForContainerReportHandler] WARN  container.ContainerReportHandler (AbstractContainerReportHandler.java:updateContainerState(145)) - Container #1 is in OPEN state, but the datanode 35510205-702a-42b0-9e73-ae326acfc6fe{ip: 192.168.157.195, host: pr-hdds-1701-sv9gv-972070529, networkLocation: /default-rack, certSerialId: null} reports an CLOSED replica.
2019-10-25 05:41:51,024 [EventQueue-ContainerReportForContainerReportHandler] WARN  container.ContainerReportHandler (AbstractContainerReportHandler.java:updateContainerState(145)) - Container #1 is in OPEN state, but the datanode 61d80c3a-7652-449d-b68e-5fa718f84473{ip: 192.168.157.195, host: pr-hdds-1701-sv9gv-972070529, networkLocation: /default-rack, certSerialId: null} reports an CLOSED replica.
2019-10-25 05:41:51,242 [EventQueue-ContainerReportForContainerReportHandler] WARN  container.ContainerReportHandler (AbstractContainerReportHandler.java:updateContainerState(145)) - Container #1 is in OPEN state, but the datanode 35510205-702a-42b0-9e73-ae326acfc6fe{ip: 192.168.157.195, host: pr-hdds-1701-sv9gv-972070529, networkLocation: /default-rack, certSerialId: null} reports an CLOSED replica.
2019-10-25 05:41:51,323 [BlockDeletingService#1] WARN  background.BlockDeletingService (BlockDeletingService.java:isDeletionAllowed(187)) - Close Container log Index 6 is not replicated across allthe servers in the pipeline c5632910-c548-43bf-b295-e436c85fad58 as the min replicated index is 4. Deletion is not allowed in this container yet.
2019-10-25 05:41:51,324 [BlockDeletingService#6] WARN  background.BlockDeletingService (BlockDeletingService.java:isDeletionAllowed(187)) - Close Container log Index 6 is not replicated across allthe servers in the pipeline c5632910-c548-43bf-b295-e436c85fad58 as the min replicated index is 4. Deletion is not allowed in this container yet.
2019-10-25 05:41:51,326 [EventQueue-ContainerReportForContainerReportHandler] WARN  container.ContainerReportHandler (AbstractContainerReportHandler.java:updateContainerState(145)) - Container #1 is in OPEN state, but the datanode 61d80c3a-7652-449d-b68e-5fa718f84473{ip: 192.168.157.195, host: pr-hdds-1701-sv9gv-972070529, networkLocation: /default-rack, certSerialId: null} reports an CLOSED replica.
2019-10-25 05:41:51,625 [EventQueue-ContainerReportForContainerReportHandler] WARN  container.ContainerReportHandler (AbstractContainerReportHandler.java:updateContainerState(145)) - Container #1 is in OPEN state, but the datanode 61d80c3a-7652-449d-b68e-5fa718f84473{ip: 192.168.157.195, host: pr-hdds-1701-sv9gv-972070529, networkLocation: /default-rack, certSerialId: null} reports an CLOSED replica.
2019-10-25 05:41:51,642 [EventQueue-ContainerReportForContainerReportHandler] WARN  container.ContainerReportHandler (AbstractContainerReportHandler.java:updateContainerState(145)) - Container #1 is in OPEN state, but the datanode 35510205-702a-42b0-9e73-ae326acfc6fe{ip: 192.168.157.195, host: pr-hdds-1701-sv9gv-972070529, networkLocation: /default-rack, certSerialId: null} reports an CLOSED replica.
2019-10-25 05:41:51,826 [EventQueue-ContainerReportForContainerReportHandler] WARN  container.ContainerReportHandler (AbstractContainerReportHandler.java:updateContainerState(145)) - Container #1 is in OPEN state, but the datanode 61d80c3a-7652-449d-b68e-5fa718f84473{ip: 192.168.157.195, host: pr-hdds-1701-sv9gv-972070529, networkLocation: /default-rack, certSerialId: null} reports an CLOSED replica.
2019-10-25 05:41:51,854 [java.util.concurrent.ThreadPoolExecutor$Worker@aec7811[State = -1, empty queue]] WARN  server.GrpcLogAppender (GrpcLogAppender.java:timeoutAppendRequest(209)) - 61d80c3a-7652-449d-b68e-5fa718f84473@group-E436C85FAD58->07cbec61-e91b-416e-becf-32794c7f01be-GrpcLogAppender: appendEntries Timeout, request=61d80c3a-7652-449d-b68e-5fa718f84473->07cbec61-e91b-416e-becf-32794c7f01be#45-t1, previous=(t:1, i:10), leaderCommit=10, initializing? false, entries: <empty>
2019-10-25 05:41:51,942 [EventQueue-ContainerReportForContainerReportHandler] WARN  container.ContainerReportHandler (AbstractContainerReportHandler.java:updateContainerState(145)) - Container #1 is in OPEN state, but the datanode 35510205-702a-42b0-9e73-ae326acfc6fe{ip: 192.168.157.195, host: pr-hdds-1701-sv9gv-972070529, networkLocation: /default-rack, certSerialId: null} reports an CLOSED replica.
2019-10-25 05:41:52,125 [EventQueue-ContainerReportForContainerReportHandler] WARN  container.ContainerReportHandler (AbstractContainerReportHandler.java:updateContainerState(145)) - Container #1 is in OPEN state, but the datanode 61d80c3a-7652-449d-b68e-5fa718f84473{ip: 192.168.157.195, host: pr-hdds-1701-sv9gv-972070529, networkLocation: /default-rack, certSerialId: null} reports an CLOSED replica.
2019-10-25 05:41:52,242 [EventQueue-ContainerReportForContainerReportHandler] WARN  container.ContainerReportHandler (AbstractContainerReportHandler.java:updateContainerState(145)) - Container #1 is in OPEN state, but the datanode 35510205-702a-42b0-9e73-ae326acfc6fe{ip: 192.168.157.195, host: pr-hdds-1701-sv9gv-972070529, networkLocation: /default-rack, certSerialId: null} reports an CLOSED replica.
2019-10-25 05:41:52,325 [BlockDeletingService#1] WARN  background.BlockDeletingService (BlockDeletingService.java:isDeletionAllowed(187)) - Close Container log Index 6 is not replicated across allthe servers in the pipeline c5632910-c548-43bf-b295-e436c85fad58 as the min replicated index is 4. Deletion is not allowed in this container yet.
2019-10-25 05:41:52,326 [BlockDeletingService#6] WARN  background.BlockDeletingService (BlockDeletingService.java:isDeletionAllowed(187)) - Close Container log Index 6 is not replicated across allthe servers in the pipeline c5632910-c548-43bf-b295-e436c85fad58 as the min replicated index is 4. Deletion is not allowed in this container yet.
2019-10-25 05:41:52,525 [EventQueue-ContainerReportForContainerReportHandler] WARN  container.ContainerReportHandler (AbstractContainerReportHandler.java:updateContainerState(145)) - Container #1 is in OPEN state, but the datanode 61d80c3a-7652-449d-b68e-5fa718f84473{ip: 192.168.157.195, host: pr-hdds-1701-sv9gv-972070529, networkLocation: /default-rack, certSerialId: null} reports an CLOSED replica.
2019-10-25 05:41:52,643 [EventQueue-ContainerReportForContainerReportHandler] WARN  container.ContainerReportHandler (AbstractContainerReportHandler.java:updateContainerState(145)) - Container #1 is in OPEN state, but the datanode 35510205-702a-42b0-9e73-ae326acfc6fe{ip: 192.168.157.195, host: pr-hdds-1701-sv9gv-972070529, networkLocation: /default-rack, certSerialId: null} reports an CLOSED replica.
2019-10-25 05:41:52,825 [EventQueue-ContainerReportForContainerReportHandler] WARN  container.ContainerReportHandler (AbstractContainerReportHandler.java:updateContainerState(145)) - Container #1 is in OPEN state, but the datanode 61d80c3a-7652-449d-b68e-5fa718f84473{ip: 192.168.157.195, host: pr-hdds-1701-sv9gv-972070529, networkLocation: /default-rack, certSerialId: null} reports an CLOSED replica.
2019-10-25 05:41:53,043 [EventQueue-ContainerReportForContainerReportHandler] WARN  container.ContainerReportHandler (AbstractContainerReportHandler.java:updateContainerState(145)) - Container #1 is in OPEN state, but the datanode 35510205-702a-42b0-9e73-ae326acfc6fe{ip: 192.168.157.195, host: pr-hdds-1701-sv9gv-972070529, networkLocation: /default-rack, certSerialId: null} reports an CLOSED replica.
2019-10-25 05:41:53,125 [EventQueue-ContainerReportForContainerReportHandler] WARN  container.ContainerReportHandler (AbstractContainerReportHandler.java:updateContainerState(145)) - Container #1 is in OPEN state, but the datanode 61d80c3a-7652-449d-b68e-5fa718f84473{ip: 192.168.157.195, host: pr-hdds-1701-sv9gv-972070529, networkLocation: /default-rack, certSerialId: null} reports an CLOSED replica.
2019-10-25 05:41:53,326 [BlockDeletingService#9] WARN  background.BlockDeletingService (BlockDeletingService.java:isDeletionAllowed(187)) - Close Container log Index 6 is not replicated across allthe servers in the pipeline c5632910-c548-43bf-b295-e436c85fad58 as the min replicated index is 4. Deletion is not allowed in this container yet.
2019-10-25 05:41:53,327 [BlockDeletingService#6] WARN  background.BlockDeletingService (BlockDeletingService.java:isDeletionAllowed(187)) - Close Container log Index 6 is not replicated across allthe servers in the pipeline c5632910-c548-43bf-b295-e436c85fad58 as the min replicated index is 4. Deletion is not allowed in this container yet.
2019-10-25 05:41:53,344 [EventQueue-ContainerReportForContainerReportHandler] WARN  container.ContainerReportHandler (AbstractContainerReportHandler.java:updateContainerState(145)) - Container #1 is in OPEN state, but the datanode 35510205-702a-42b0-9e73-ae326acfc6fe{ip: 192.168.157.195, host: pr-hdds-1701-sv9gv-972070529, networkLocation: /default-rack, certSerialId: null} reports an CLOSED replica.
2019-10-25 05:41:53,528 [EventQueue-ContainerReportForContainerReportHandler] WARN  container.ContainerReportHandler (AbstractContainerReportHandler.java:updateContainerState(145)) - Container #1 is in OPEN state, but the datanode 61d80c3a-7652-449d-b68e-5fa718f84473{ip: 192.168.157.195, host: pr-hdds-1701-sv9gv-972070529, networkLocation: /default-rack, certSerialId: null} reports an CLOSED replica.
2019-10-25 05:41:53,545 [EventQueue-ContainerReportForContainerReportHandler] WARN  container.ContainerReportHandler (AbstractContainerReportHandler.java:updateContainerState(145)) - Container #1 is in OPEN state, but the datanode 35510205-702a-42b0-9e73-ae326acfc6fe{ip: 192.168.157.195, host: pr-hdds-1701-sv9gv-972070529, networkLocation: /default-rack, certSerialId: null} reports an CLOSED replica.
2019-10-25 05:41:53,846 [EventQueue-ContainerReportForContainerReportHandler] WARN  container.ContainerReportHandler (AbstractContainerReportHandler.java:updateContainerState(145)) - Container #1 is in OPEN state, but the datanode 35510205-702a-42b0-9e73-ae326acfc6fe{ip: 192.168.157.195, host: pr-hdds-1701-sv9gv-972070529, networkLocation: /default-rack, certSerialId: null} reports an CLOSED replica.
2019-10-25 05:41:53,928 [EventQueue-ContainerReportForContainerReportHandler] WARN  container.ContainerReportHandler (AbstractContainerReportHandler.java:updateContainerState(145)) - Container #1 is in OPEN state, but the datanode 61d80c3a-7652-449d-b68e-5fa718f84473{ip: 192.168.157.195, host: pr-hdds-1701-sv9gv-972070529, networkLocation: /default-rack, certSerialId: null} reports an CLOSED replica.
2019-10-25 05:41:54,128 [EventQueue-ContainerReportForContainerReportHandler] WARN  container.ContainerReportHandler (AbstractContainerReportHandler.java:updateContainerState(145)) - Container #1 is in OPEN state, but the datanode 61d80c3a-7652-449d-b68e-5fa718f84473{ip: 192.168.157.195, host: pr-hdds-1701-sv9gv-972070529, networkLocation: /default-rack, certSerialId: null} reports an CLOSED replica.
2019-10-25 05:41:54,146 [EventQueue-ContainerReportForContainerReportHandler] WARN  container.ContainerReportHandler (AbstractContainerReportHandler.java:updateContainerState(145)) - Container #1 is in OPEN state, but the datanode 35510205-702a-42b0-9e73-ae326acfc6fe{ip: 192.168.157.195, host: pr-hdds-1701-sv9gv-972070529, networkLocation: /default-rack, certSerialId: null} reports an CLOSED replica.
2019-10-25 05:41:54,327 [BlockDeletingService#9] WARN  background.BlockDeletingService (BlockDeletingService.java:isDeletionAllowed(187)) - Close Container log Index 6 is not replicated across allthe servers in the pipeline c5632910-c548-43bf-b295-e436c85fad58 as the min replicated index is 4. Deletion is not allowed in this container yet.
2019-10-25 05:41:54,328 [BlockDeletingService#6] WARN  background.BlockDeletingService (BlockDeletingService.java:isDeletionAllowed(187)) - Close Container log Index 6 is not replicated across allthe servers in the pipeline c5632910-c548-43bf-b295-e436c85fad58 as the min replicated index is 4. Deletion is not allowed in this container yet.
2019-10-25 05:41:54,355 [java.util.concurrent.ThreadPoolExecutor$Worker@aec7811[State = -1, empty queue]] WARN  server.GrpcLogAppender (GrpcLogAppender.java:timeoutAppendRequest(209)) - 61d80c3a-7652-449d-b68e-5fa718f84473@group-E436C85FAD58->07cbec61-e91b-416e-becf-32794c7f01be-GrpcLogAppender: appendEntries Timeout, request=61d80c3a-7652-449d-b68e-5fa718f84473->07cbec61-e91b-416e-becf-32794c7f01be#46-t1, previous=(t:1, i:10), leaderCommit=10, initializing? false, entries: <empty>
2019-10-25 05:41:54,428 [EventQueue-ContainerReportForContainerReportHandler] WARN  container.ContainerReportHandler (AbstractContainerReportHandler.java:updateContainerState(145)) - Container #1 is in OPEN state, but the datanode 61d80c3a-7652-449d-b68e-5fa718f84473{ip: 192.168.157.195, host: pr-hdds-1701-sv9gv-972070529, networkLocation: /default-rack, certSerialId: null} reports an CLOSED replica.
2019-10-25 05:41:54,547 [EventQueue-ContainerReportForContainerReportHandler] WARN  container.ContainerReportHandler (AbstractContainerReportHandler.java:updateContainerState(145)) - Container #1 is in OPEN state, but the datanode 35510205-702a-42b0-9e73-ae326acfc6fe{ip: 192.168.157.195, host: pr-hdds-1701-sv9gv-972070529, networkLocation: /default-rack, certSerialId: null} reports an CLOSED replica.
2019-10-25 05:41:54,628 [EventQueue-ContainerReportForContainerReportHandler] WARN  container.ContainerReportHandler (AbstractContainerReportHandler.java:updateContainerState(145)) - Container #1 is in OPEN state, but the datanode 61d80c3a-7652-449d-b68e-5fa718f84473{ip: 192.168.157.195, host: pr-hdds-1701-sv9gv-972070529, networkLocation: /default-rack, certSerialId: null} reports an CLOSED replica.
2019-10-25 05:41:54,847 [EventQueue-ContainerReportForContainerReportHandler] WARN  container.ContainerReportHandler (AbstractContainerReportHandler.java:updateContainerState(145)) - Container #1 is in OPEN state, but the datanode 35510205-702a-42b0-9e73-ae326acfc6fe{ip: 192.168.157.195, host: pr-hdds-1701-sv9gv-972070529, networkLocation: /default-rack, certSerialId: null} reports an CLOSED replica.
2019-10-25 05:41:55,028 [EventQueue-ContainerReportForContainerReportHandler] WARN  container.ContainerReportHandler (AbstractContainerReportHandler.java:updateContainerState(145)) - Container #1 is in OPEN state, but the datanode 61d80c3a-7652-449d-b68e-5fa718f84473{ip: 192.168.157.195, host: pr-hdds-1701-sv9gv-972070529, networkLocation: /default-rack, certSerialId: null} reports an CLOSED replica.
2019-10-25 05:41:55,147 [EventQueue-ContainerReportForContainerReportHandler] WARN  container.ContainerReportHandler (AbstractContainerReportHandler.java:updateContainerState(145)) - Container #1 is in OPEN state, but the datanode 35510205-702a-42b0-9e73-ae326acfc6fe{ip: 192.168.157.195, host: pr-hdds-1701-sv9gv-972070529, networkLocation: /default-rack, certSerialId: null} reports an CLOSED replica.
2019-10-25 05:41:55,328 [BlockDeletingService#9] WARN  background.BlockDeletingService (BlockDeletingService.java:isDeletionAllowed(187)) - Close Container log Index 6 is not replicated across allthe servers in the pipeline c5632910-c548-43bf-b295-e436c85fad58 as the min replicated index is 4. Deletion is not allowed in this container yet.
2019-10-25 05:41:55,328 [BlockDeletingService#6] WARN  background.BlockDeletingService (BlockDeletingService.java:isDeletionAllowed(187)) - Close Container log Index 6 is not replicated across allthe servers in the pipeline c5632910-c548-43bf-b295-e436c85fad58 as the min replicated index is 4. Deletion is not allowed in this container yet.
2019-10-25 05:41:55,329 [EventQueue-ContainerReportForContainerReportHandler] WARN  container.ContainerReportHandler (AbstractContainerReportHandler.java:updateContainerState(145)) - Container #1 is in OPEN state, but the datanode 61d80c3a-7652-449d-b68e-5fa718f84473{ip: 192.168.157.195, host: pr-hdds-1701-sv9gv-972070529, networkLocation: /default-rack, certSerialId: null} reports an CLOSED replica.
2019-10-25 05:41:55,347 [EventQueue-ContainerReportForContainerReportHandler] WARN  container.ContainerReportHandler (AbstractContainerReportHandler.java:updateContainerState(145)) - Container #1 is in OPEN state, but the datanode 35510205-702a-42b0-9e73-ae326acfc6fe{ip: 192.168.157.195, host: pr-hdds-1701-sv9gv-972070529, networkLocation: /default-rack, certSerialId: null} reports an CLOSED replica.
2019-10-25 05:41:55,547 [EventQueue-ContainerReportForContainerReportHandler] WARN  container.ContainerReportHandler (AbstractContainerReportHandler.java:updateContainerState(145)) - Container #1 is in OPEN state, but the datanode 35510205-702a-42b0-9e73-ae326acfc6fe{ip: 192.168.157.195, host: pr-hdds-1701-sv9gv-972070529, networkLocation: /default-rack, certSerialId: null} reports an CLOSED replica.
2019-10-25 05:41:55,629 [EventQueue-ContainerReportForContainerReportHandler] WARN  container.ContainerReportHandler (AbstractContainerReportHandler.java:updateContainerState(145)) - Container #1 is in OPEN state, but the datanode 61d80c3a-7652-449d-b68e-5fa718f84473{ip: 192.168.157.195, host: pr-hdds-1701-sv9gv-972070529, networkLocation: /default-rack, certSerialId: null} reports an CLOSED replica.
2019-10-25 05:41:55,847 [EventQueue-ContainerReportForContainerReportHandler] WARN  container.ContainerReportHandler (AbstractContainerReportHandler.java:updateContainerState(145)) - Container #1 is in OPEN state, but the datanode 35510205-702a-42b0-9e73-ae326acfc6fe{ip: 192.168.157.195, host: pr-hdds-1701-sv9gv-972070529, networkLocation: /default-rack, certSerialId: null} reports an CLOSED replica.
2019-10-25 05:41:55,929 [EventQueue-ContainerReportForContainerReportHandler] WARN  container.ContainerReportHandler (AbstractContainerReportHandler.java:updateContainerState(145)) - Container #1 is in OPEN state, but the datanode 61d80c3a-7652-449d-b68e-5fa718f84473{ip: 192.168.157.195, host: pr-hdds-1701-sv9gv-972070529, networkLocation: /default-rack, certSerialId: null} reports an CLOSED replica.
2019-10-25 05:41:55,998 [Thread-501] INFO  client.GrpcClientProtocolService (GrpcClientProtocolService.java:lambda$processClientRequest$0(279)) - Failed RaftClientRequest:client-042E50236798->35510205-702a-42b0-9e73-ae326acfc6fe@group-E436C85FAD58, cid=10, seq=0, Watch-ALL_COMMITTED(6), Message:<EMPTY>, reply=RaftClientReply:client-042E50236798->35510205-702a-42b0-9e73-ae326acfc6fe@group-E436C85FAD58, cid=10, FAILED org.apache.ratis.protocol.NotLeaderException: Server 35510205-702a-42b0-9e73-ae326acfc6fe@group-E436C85FAD58 is not the leader 61d80c3a-7652-449d-b68e-5fa718f84473:192.168.157.195:45627, logIndex=0, commits[35510205-702a-42b0-9e73-ae326acfc6fe:c10, 61d80c3a-7652-449d-b68e-5fa718f84473:c10, 07cbec61-e91b-416e-becf-32794c7f01be:c4]
2019-10-25 05:41:56,229 [EventQueue-ContainerReportForContainerReportHandler] WARN  container.ContainerReportHandler (AbstractContainerReportHandler.java:updateContainerState(145)) - Container #1 is in OPEN state, but the datanode 61d80c3a-7652-449d-b68e-5fa718f84473{ip: 192.168.157.195, host: pr-hdds-1701-sv9gv-972070529, networkLocation: /default-rack, certSerialId: null} reports an CLOSED replica.
2019-10-25 05:41:56,248 [EventQueue-ContainerReportForContainerReportHandler] WARN  container.ContainerReportHandler (AbstractContainerReportHandler.java:updateContainerState(145)) - Container #1 is in OPEN state, but the datanode 35510205-702a-42b0-9e73-ae326acfc6fe{ip: 192.168.157.195, host: pr-hdds-1701-sv9gv-972070529, networkLocation: /default-rack, certSerialId: null} reports an CLOSED replica.
2019-10-25 05:41:56,329 [BlockDeletingService#9] WARN  background.BlockDeletingService (BlockDeletingService.java:isDeletionAllowed(187)) - Close Container log Index 6 is not replicated across allthe servers in the pipeline c5632910-c548-43bf-b295-e436c85fad58 as the min replicated index is 4. Deletion is not allowed in this container yet.
2019-10-25 05:41:56,330 [BlockDeletingService#6] WARN  background.BlockDeletingService (BlockDeletingService.java:isDeletionAllowed(187)) - Close Container log Index 6 is not replicated across allthe servers in the pipeline c5632910-c548-43bf-b295-e436c85fad58 as the min replicated index is 4. Deletion is not allowed in this container yet.
2019-10-25 05:41:56,449 [EventQueue-ContainerReportForContainerReportHandler] WARN  container.ContainerReportHandler (AbstractContainerReportHandler.java:updateContainerState(145)) - Container #1 is in OPEN state, but the datanode 35510205-702a-42b0-9e73-ae326acfc6fe{ip: 192.168.157.195, host: pr-hdds-1701-sv9gv-972070529, networkLocation: /default-rack, certSerialId: null} reports an CLOSED replica.
2019-10-25 05:41:56,584 [Thread-507] INFO  client.GrpcClientProtocolService (GrpcClientProtocolService.java:lambda$processClientRequest$0(279)) - Failed RaftClientRequest:client-042E50236798->61d80c3a-7652-449d-b68e-5fa718f84473@group-E436C85FAD58, cid=10, seq=0, Watch-ALL_COMMITTED(6), Message:<EMPTY>, reply=RaftClientReply:client-042E50236798->61d80c3a-7652-449d-b68e-5fa718f84473@group-E436C85FAD58, cid=10, FAILED org.apache.ratis.protocol.NotReplicatedException: Request with call Id 10 and log index 6 is not yet replicated to ALL_COMMITTED, logIndex=6, commits[61d80c3a-7652-449d-b68e-5fa718f84473:c10, 07cbec61-e91b-416e-becf-32794c7f01be:c4, 35510205-702a-42b0-9e73-ae326acfc6fe:c10]
2019-10-25 05:41:56,629 [EventQueue-ContainerReportForContainerReportHandler] WARN  container.ContainerReportHandler (AbstractContainerReportHandler.java:updateContainerState(145)) - Container #1 is in OPEN state, but the datanode 61d80c3a-7652-449d-b68e-5fa718f84473{ip: 192.168.157.195, host: pr-hdds-1701-sv9gv-972070529, networkLocation: /default-rack, certSerialId: null} reports an CLOSED replica.
2019-10-25 05:41:56,749 [EventQueue-ContainerReportForContainerReportHandler] WARN  container.ContainerReportHandler (AbstractContainerReportHandler.java:updateContainerState(145)) - Container #1 is in OPEN state, but the datanode 35510205-702a-42b0-9e73-ae326acfc6fe{ip: 192.168.157.195, host: pr-hdds-1701-sv9gv-972070529, networkLocation: /default-rack, certSerialId: null} reports an CLOSED replica.
2019-10-25 05:41:56,856 [java.util.concurrent.ThreadPoolExecutor$Worker@aec7811[State = -1, empty queue]] WARN  server.GrpcLogAppender (GrpcLogAppender.java:timeoutAppendRequest(209)) - 61d80c3a-7652-449d-b68e-5fa718f84473@group-E436C85FAD58->07cbec61-e91b-416e-becf-32794c7f01be-GrpcLogAppender: appendEntries Timeout, request=61d80c3a-7652-449d-b68e-5fa718f84473->07cbec61-e91b-416e-becf-32794c7f01be#47-t1, previous=(t:1, i:10), leaderCommit=10, initializing? false, entries: <empty>
2019-10-25 05:41:56,949 [EventQueue-ContainerReportForContainerReportHandler] WARN  container.ContainerReportHandler (AbstractContainerReportHandler.java:updateContainerState(145)) - Container #1 is in OPEN state, but the datanode 35510205-702a-42b0-9e73-ae326acfc6fe{ip: 192.168.157.195, host: pr-hdds-1701-sv9gv-972070529, networkLocation: /default-rack, certSerialId: null} reports an CLOSED replica.
2019-10-25 05:41:57,029 [EventQueue-ContainerReportForContainerReportHandler] WARN  container.ContainerReportHandler (AbstractContainerReportHandler.java:updateContainerState(145)) - Container #1 is in OPEN state, but the datanode 61d80c3a-7652-449d-b68e-5fa718f84473{ip: 192.168.157.195, host: pr-hdds-1701-sv9gv-972070529, networkLocation: /default-rack, certSerialId: null} reports an CLOSED replica.
2019-10-25 05:41:57,249 [EventQueue-ContainerReportForContainerReportHandler] WARN  container.ContainerReportHandler (AbstractContainerReportHandler.java:updateContainerState(145)) - Container #1 is in OPEN state, but the datanode 35510205-702a-42b0-9e73-ae326acfc6fe{ip: 192.168.157.195, host: pr-hdds-1701-sv9gv-972070529, networkLocation: /default-rack, certSerialId: null} reports an CLOSED replica.
2019-10-25 05:41:57,329 [EventQueue-ContainerReportForContainerReportHandler] WARN  container.ContainerReportHandler (AbstractContainerReportHandler.java:updateContainerState(145)) - Container #1 is in OPEN state, but the datanode 61d80c3a-7652-449d-b68e-5fa718f84473{ip: 192.168.157.195, host: pr-hdds-1701-sv9gv-972070529, networkLocation: /default-rack, certSerialId: null} reports an CLOSED replica.
2019-10-25 05:41:57,331 [BlockDeletingService#9] WARN  background.BlockDeletingService (BlockDeletingService.java:isDeletionAllowed(187)) - Close Container log Index 6 is not replicated across allthe servers in the pipeline c5632910-c548-43bf-b295-e436c85fad58 as the min replicated index is 4. Deletion is not allowed in this container yet.
2019-10-25 05:41:57,332 [BlockDeletingService#6] WARN  background.BlockDeletingService (BlockDeletingService.java:isDeletionAllowed(187)) - Close Container log Index 6 is not replicated across allthe servers in the pipeline c5632910-c548-43bf-b295-e436c85fad58 as the min replicated index is 4. Deletion is not allowed in this container yet.
2019-10-25 05:41:57,529 [EventQueue-ContainerReportForContainerReportHandler] WARN  container.ContainerReportHandler (AbstractContainerReportHandler.java:updateContainerState(145)) - Container #1 is in OPEN state, but the datanode 61d80c3a-7652-449d-b68e-5fa718f84473{ip: 192.168.157.195, host: pr-hdds-1701-sv9gv-972070529, networkLocation: /default-rack, certSerialId: null} reports an CLOSED replica.
2019-10-25 05:41:57,649 [EventQueue-ContainerReportForContainerReportHandler] WARN  container.ContainerReportHandler (AbstractContainerReportHandler.java:updateContainerState(145)) - Container #1 is in OPEN state, but the datanode 35510205-702a-42b0-9e73-ae326acfc6fe{ip: 192.168.157.195, host: pr-hdds-1701-sv9gv-972070529, networkLocation: /default-rack, certSerialId: null} reports an CLOSED replica.
2019-10-25 05:41:57,829 [EventQueue-ContainerReportForContainerReportHandler] WARN  container.ContainerReportHandler (AbstractContainerReportHandler.java:updateContainerState(145)) - Container #1 is in OPEN state, but the datanode 61d80c3a-7652-449d-b68e-5fa718f84473{ip: 192.168.157.195, host: pr-hdds-1701-sv9gv-972070529, networkLocation: /default-rack, certSerialId: null} reports an CLOSED replica.
2019-10-25 05:41:58,049 [EventQueue-ContainerReportForContainerReportHandler] WARN  container.ContainerReportHandler (AbstractContainerReportHandler.java:updateContainerState(145)) - Container #1 is in OPEN state, but the datanode 35510205-702a-42b0-9e73-ae326acfc6fe{ip: 192.168.157.195, host: pr-hdds-1701-sv9gv-972070529, networkLocation: /default-rack, certSerialId: null} reports an CLOSED replica.
2019-10-25 05:41:58,152 [EventQueue-ContainerReportForContainerReportHandler] WARN  container.ContainerReportHandler (AbstractContainerReportHandler.java:updateContainerState(145)) - Container #1 is in OPEN state, but the datanode 61d80c3a-7652-449d-b68e-5fa718f84473{ip: 192.168.157.195, host: pr-hdds-1701-sv9gv-972070529, networkLocation: /default-rack, certSerialId: null} reports an CLOSED replica.
2019-10-25 05:41:58,249 [EventQueue-ContainerReportForContainerReportHandler] WARN  container.ContainerReportHandler (AbstractContainerReportHandler.java:updateContainerState(145)) - Container #1 is in OPEN state, but the datanode 35510205-702a-42b0-9e73-ae326acfc6fe{ip: 192.168.157.195, host: pr-hdds-1701-sv9gv-972070529, networkLocation: /default-rack, certSerialId: null} reports an CLOSED replica.
2019-10-25 05:41:58,332 [BlockDeletingService#9] WARN  background.BlockDeletingService (BlockDeletingService.java:isDeletionAllowed(187)) - Close Container log Index 6 is not replicated across allthe servers in the pipeline c5632910-c548-43bf-b295-e436c85fad58 as the min replicated index is 4. Deletion is not allowed in this container yet.
2019-10-25 05:41:58,333 [BlockDeletingService#6] WARN  background.BlockDeletingService (BlockDeletingService.java:isDeletionAllowed(187)) - Close Container log Index 6 is not replicated across allthe servers in the pipeline c5632910-c548-43bf-b295-e436c85fad58 as the min replicated index is 4. Deletion is not allowed in this container yet.
2019-10-25 05:41:58,429 [EventQueue-ContainerReportForContainerReportHandler] WARN  container.ContainerReportHandler (AbstractContainerReportHandler.java:updateContainerState(145)) - Container #1 is in OPEN state, but the datanode 61d80c3a-7652-449d-b68e-5fa718f84473{ip: 192.168.157.195, host: pr-hdds-1701-sv9gv-972070529, networkLocation: /default-rack, certSerialId: null} reports an CLOSED replica.
2019-10-25 05:41:58,549 [EventQueue-ContainerReportForContainerReportHandler] WARN  container.ContainerReportHandler (AbstractContainerReportHandler.java:updateContainerState(145)) - Container #1 is in OPEN state, but the datanode 35510205-702a-42b0-9e73-ae326acfc6fe{ip: 192.168.157.195, host: pr-hdds-1701-sv9gv-972070529, networkLocation: /default-rack, certSerialId: null} reports an CLOSED replica.
2019-10-25 05:41:58,630 [EventQueue-ContainerReportForContainerReportHandler] WARN  container.ContainerReportHandler (AbstractContainerReportHandler.java:updateContainerState(145)) - Container #1 is in OPEN state, but the datanode 61d80c3a-7652-449d-b68e-5fa718f84473{ip: 192.168.157.195, host: pr-hdds-1701-sv9gv-972070529, networkLocation: /default-rack, certSerialId: null} reports an CLOSED replica.
2019-10-25 05:41:58,749 [EventQueue-ContainerReportForContainerReportHandler] WARN  container.ContainerReportHandler (AbstractContainerReportHandler.java:updateContainerState(145)) - Container #1 is in OPEN state, but the datanode 35510205-702a-42b0-9e73-ae326acfc6fe{ip: 192.168.157.195, host: pr-hdds-1701-sv9gv-972070529, networkLocation: /default-rack, certSerialId: null} reports an CLOSED replica.
2019-10-25 05:41:58,930 [EventQueue-ContainerReportForContainerReportHandler] WARN  container.ContainerReportHandler (AbstractContainerReportHandler.java:updateContainerState(145)) - Container #1 is in OPEN state, but the datanode 61d80c3a-7652-449d-b68e-5fa718f84473{ip: 192.168.157.195, host: pr-hdds-1701-sv9gv-972070529, networkLocation: /default-rack, certSerialId: null} reports an CLOSED replica.
2019-10-25 05:41:59,150 [EventQueue-ContainerReportForContainerReportHandler] WARN  container.ContainerReportHandler (AbstractContainerReportHandler.java:updateContainerState(145)) - Container #1 is in OPEN state, but the datanode 35510205-702a-42b0-9e73-ae326acfc6fe{ip: 192.168.157.195, host: pr-hdds-1701-sv9gv-972070529, networkLocation: /default-rack, certSerialId: null} reports an CLOSED replica.
2019-10-25 05:41:59,330 [EventQueue-ContainerReportForContainerReportHandler] WARN  container.ContainerReportHandler (AbstractContainerReportHandler.java:updateContainerState(145)) - Container #1 is in OPEN state, but the datanode 61d80c3a-7652-449d-b68e-5fa718f84473{ip: 192.168.157.195, host: pr-hdds-1701-sv9gv-972070529, networkLocation: /default-rack, certSerialId: null} reports an CLOSED replica.
2019-10-25 05:41:59,333 [BlockDeletingService#9] WARN  background.BlockDeletingService (BlockDeletingService.java:isDeletionAllowed(187)) - Close Container log Index 6 is not replicated across allthe servers in the pipeline c5632910-c548-43bf-b295-e436c85fad58 as the min replicated index is 4. Deletion is not allowed in this container yet.
2019-10-25 05:41:59,334 [BlockDeletingService#6] WARN  background.BlockDeletingService (BlockDeletingService.java:isDeletionAllowed(187)) - Close Container log Index 6 is not replicated across allthe servers in the pipeline c5632910-c548-43bf-b295-e436c85fad58 as the min replicated index is 4. Deletion is not allowed in this container yet.
2019-10-25 05:41:59,356 [java.util.concurrent.ThreadPoolExecutor$Worker@aec7811[State = -1, empty queue]] WARN  server.GrpcLogAppender (GrpcLogAppender.java:timeoutAppendRequest(209)) - 61d80c3a-7652-449d-b68e-5fa718f84473@group-E436C85FAD58->07cbec61-e91b-416e-becf-32794c7f01be-GrpcLogAppender: appendEntries Timeout, request=61d80c3a-7652-449d-b68e-5fa718f84473->07cbec61-e91b-416e-becf-32794c7f01be#48-t1, previous=(t:1, i:10), leaderCommit=10, initializing? false, entries: <empty>
2019-10-25 05:41:59,450 [EventQueue-ContainerReportForContainerReportHandler] WARN  container.ContainerReportHandler (AbstractContainerReportHandler.java:updateContainerState(145)) - Container #1 is in OPEN state, but the datanode 35510205-702a-42b0-9e73-ae326acfc6fe{ip: 192.168.157.195, host: pr-hdds-1701-sv9gv-972070529, networkLocation: /default-rack, certSerialId: null} reports an CLOSED replica.
2019-10-25 05:41:59,630 [EventQueue-ContainerReportForContainerReportHandler] WARN  container.ContainerReportHandler (AbstractContainerReportHandler.java:updateContainerState(145)) - Container #1 is in OPEN state, but the datanode 61d80c3a-7652-449d-b68e-5fa718f84473{ip: 192.168.157.195, host: pr-hdds-1701-sv9gv-972070529, networkLocation: /default-rack, certSerialId: null} reports an CLOSED replica.
2019-10-25 05:41:59,650 [EventQueue-ContainerReportForContainerReportHandler] WARN  container.ContainerReportHandler (AbstractContainerReportHandler.java:updateContainerState(145)) - Container #1 is in OPEN state, but the datanode 35510205-702a-42b0-9e73-ae326acfc6fe{ip: 192.168.157.195, host: pr-hdds-1701-sv9gv-972070529, networkLocation: /default-rack, certSerialId: null} reports an CLOSED replica.
2019-10-25 05:41:59,950 [EventQueue-ContainerReportForContainerReportHandler] WARN  container.ContainerReportHandler (AbstractContainerReportHandler.java:updateContainerState(145)) - Container #1 is in OPEN state, but the datanode 35510205-702a-42b0-9e73-ae326acfc6fe{ip: 192.168.157.195, host: pr-hdds-1701-sv9gv-972070529, networkLocation: /default-rack, certSerialId: null} reports an CLOSED replica.
2019-10-25 05:42:00,030 [EventQueue-ContainerReportForContainerReportHandler] WARN  container.ContainerReportHandler (AbstractContainerReportHandler.java:updateContainerState(145)) - Container #1 is in OPEN state, but the datanode 61d80c3a-7652-449d-b68e-5fa718f84473{ip: 192.168.157.195, host: pr-hdds-1701-sv9gv-972070529, networkLocation: /default-rack, certSerialId: null} reports an CLOSED replica.
2019-10-25 05:42:00,150 [EventQueue-ContainerReportForContainerReportHandler] WARN  container.ContainerReportHandler (AbstractContainerReportHandler.java:updateContainerState(145)) - Container #1 is in OPEN state, but the datanode 35510205-702a-42b0-9e73-ae326acfc6fe{ip: 192.168.157.195, host: pr-hdds-1701-sv9gv-972070529, networkLocation: /default-rack, certSerialId: null} reports an CLOSED replica.
2019-10-25 05:42:00,331 [EventQueue-ContainerReportForContainerReportHandler] WARN  container.ContainerReportHandler (AbstractContainerReportHandler.java:updateContainerState(145)) - Container #1 is in OPEN state, but the datanode 61d80c3a-7652-449d-b68e-5fa718f84473{ip: 192.168.157.195, host: pr-hdds-1701-sv9gv-972070529, networkLocation: /default-rack, certSerialId: null} reports an CLOSED replica.
2019-10-25 05:42:00,335 [BlockDeletingService#9] WARN  background.BlockDeletingService (BlockDeletingService.java:isDeletionAllowed(187)) - Close Container log Index 6 is not replicated across allthe servers in the pipeline c5632910-c548-43bf-b295-e436c85fad58 as the min replicated index is 4. Deletion is not allowed in this container yet.
2019-10-25 05:42:00,335 [BlockDeletingService#6] WARN  background.BlockDeletingService (BlockDeletingService.java:isDeletionAllowed(187)) - Close Container log Index 6 is not replicated across allthe servers in the pipeline c5632910-c548-43bf-b295-e436c85fad58 as the min replicated index is 4. Deletion is not allowed in this container yet.
2019-10-25 05:42:00,451 [EventQueue-ContainerReportForContainerReportHandler] WARN  container.ContainerReportHandler (AbstractContainerReportHandler.java:updateContainerState(145)) - Container #1 is in OPEN state, but the datanode 35510205-702a-42b0-9e73-ae326acfc6fe{ip: 192.168.157.195, host: pr-hdds-1701-sv9gv-972070529, networkLocation: /default-rack, certSerialId: null} reports an CLOSED replica.
2019-10-25 05:42:00,731 [EventQueue-ContainerReportForContainerReportHandler] WARN  container.ContainerReportHandler (AbstractContainerReportHandler.java:updateContainerState(145)) - Container #1 is in OPEN state, but the datanode 61d80c3a-7652-449d-b68e-5fa718f84473{ip: 192.168.157.195, host: pr-hdds-1701-sv9gv-972070529, networkLocation: /default-rack, certSerialId: null} reports an CLOSED replica.
2019-10-25 05:42:00,750 [EventQueue-ContainerReportForContainerReportHandler] WARN  container.ContainerReportHandler (AbstractContainerReportHandler.java:updateContainerState(145)) - Container #1 is in OPEN state, but the datanode 35510205-702a-42b0-9e73-ae326acfc6fe{ip: 192.168.157.195, host: pr-hdds-1701-sv9gv-972070529, networkLocation: /default-rack, certSerialId: null} reports an CLOSED replica.
2019-10-25 05:42:00,931 [EventQueue-ContainerReportForContainerReportHandler] WARN  container.ContainerReportHandler (AbstractContainerReportHandler.java:updateContainerState(145)) - Container #1 is in OPEN state, but the datanode 61d80c3a-7652-449d-b68e-5fa718f84473{ip: 192.168.157.195, host: pr-hdds-1701-sv9gv-972070529, networkLocation: /default-rack, certSerialId: null} reports an CLOSED replica.
2019-10-25 05:42:01,051 [EventQueue-ContainerReportForContainerReportHandler] WARN  container.ContainerReportHandler (AbstractContainerReportHandler.java:updateContainerState(145)) - Container #1 is in OPEN state, but the datanode 35510205-702a-42b0-9e73-ae326acfc6fe{ip: 192.168.157.195, host: pr-hdds-1701-sv9gv-972070529, networkLocation: /default-rack, certSerialId: null} reports an CLOSED replica.
2019-10-25 05:42:01,132 [EventQueue-ContainerReportForContainerReportHandler] WARN  container.ContainerReportHandler (AbstractContainerReportHandler.java:updateContainerState(145)) - Container #1 is in OPEN state, but the datanode 61d80c3a-7652-449d-b68e-5fa718f84473{ip: 192.168.157.195, host: pr-hdds-1701-sv9gv-972070529, networkLocation: /default-rack, certSerialId: null} reports an CLOSED replica.
2019-10-25 05:42:01,336 [BlockDeletingService#9] WARN  background.BlockDeletingService (BlockDeletingService.java:isDeletionAllowed(187)) - Close Container log Index 6 is not replicated across allthe servers in the pipeline c5632910-c548-43bf-b295-e436c85fad58 as the min replicated index is 4. Deletion is not allowed in this container yet.
2019-10-25 05:42:01,336 [BlockDeletingService#6] WARN  background.BlockDeletingService (BlockDeletingService.java:isDeletionAllowed(187)) - Close Container log Index 6 is not replicated across allthe servers in the pipeline c5632910-c548-43bf-b295-e436c85fad58 as the min replicated index is 4. Deletion is not allowed in this container yet.
2019-10-25 05:42:01,353 [EventQueue-ContainerReportForContainerReportHandler] WARN  container.ContainerReportHandler (AbstractContainerReportHandler.java:updateContainerState(145)) - Container #1 is in OPEN state, but the datanode 35510205-702a-42b0-9e73-ae326acfc6fe{ip: 192.168.157.195, host: pr-hdds-1701-sv9gv-972070529, networkLocation: /default-rack, certSerialId: null} reports an CLOSED replica.
2019-10-25 05:42:01,532 [EventQueue-ContainerReportForContainerReportHandler] WARN  container.ContainerReportHandler (AbstractContainerReportHandler.java:updateContainerState(145)) - Container #1 is in OPEN state, but the datanode 61d80c3a-7652-449d-b68e-5fa718f84473{ip: 192.168.157.195, host: pr-hdds-1701-sv9gv-972070529, networkLocation: /default-rack, certSerialId: null} reports an CLOSED replica.
2019-10-25 05:42:01,552 [EventQueue-ContainerReportForContainerReportHandler] WARN  container.ContainerReportHandler (AbstractContainerReportHandler.java:updateContainerState(145)) - Container #1 is in OPEN state, but the datanode 35510205-702a-42b0-9e73-ae326acfc6fe{ip: 192.168.157.195, host: pr-hdds-1701-sv9gv-972070529, networkLocation: /default-rack, certSerialId: null} reports an CLOSED replica.
2019-10-25 05:42:01,732 [EventQueue-ContainerReportForContainerReportHandler] WARN  container.ContainerReportHandler (AbstractContainerReportHandler.java:updateContainerState(145)) - Container #1 is in OPEN state, but the datanode 61d80c3a-7652-449d-b68e-5fa718f84473{ip: 192.168.157.195, host: pr-hdds-1701-sv9gv-972070529, networkLocation: /default-rack, certSerialId: null} reports an CLOSED replica.
2019-10-25 05:42:01,857 [java.util.concurrent.ThreadPoolExecutor$Worker@aec7811[State = -1, empty queue]] WARN  server.GrpcLogAppender (GrpcLogAppender.java:timeoutAppendRequest(209)) - 61d80c3a-7652-449d-b68e-5fa718f84473@group-E436C85FAD58->07cbec61-e91b-416e-becf-32794c7f01be-GrpcLogAppender: appendEntries Timeout, request=61d80c3a-7652-449d-b68e-5fa718f84473->07cbec61-e91b-416e-becf-32794c7f01be#49-t1, previous=(t:1, i:10), leaderCommit=10, initializing? false, entries: <empty>
2019-10-25 05:42:01,955 [EventQueue-ContainerReportForContainerReportHandler] WARN  container.ContainerReportHandler (AbstractContainerReportHandler.java:updateContainerState(145)) - Container #1 is in OPEN state, but the datanode 35510205-702a-42b0-9e73-ae326acfc6fe{ip: 192.168.157.195, host: pr-hdds-1701-sv9gv-972070529, networkLocation: /default-rack, certSerialId: null} reports an CLOSED replica.
2019-10-25 05:42:02,032 [EventQueue-ContainerReportForContainerReportHandler] WARN  container.ContainerReportHandler (AbstractContainerReportHandler.java:updateContainerState(145)) - Container #1 is in OPEN state, but the datanode 61d80c3a-7652-449d-b68e-5fa718f84473{ip: 192.168.157.195, host: pr-hdds-1701-sv9gv-972070529, networkLocation: /default-rack, certSerialId: null} reports an CLOSED replica.
2019-10-25 05:42:02,255 [EventQueue-ContainerReportForContainerReportHandler] WARN  container.ContainerReportHandler (AbstractContainerReportHandler.java:updateContainerState(145)) - Container #1 is in OPEN state, but the datanode 35510205-702a-42b0-9e73-ae326acfc6fe{ip: 192.168.157.195, host: pr-hdds-1701-sv9gv-972070529, networkLocation: /default-rack, certSerialId: null} reports an CLOSED replica.
2019-10-25 05:42:02,339 [BlockDeletingService#9] WARN  background.BlockDeletingService (BlockDeletingService.java:isDeletionAllowed(187)) - Close Container log Index 6 is not replicated across allthe servers in the pipeline c5632910-c548-43bf-b295-e436c85fad58 as the min replicated index is 4. Deletion is not allowed in this container yet.
2019-10-25 05:42:02,339 [BlockDeletingService#6] WARN  background.BlockDeletingService (BlockDeletingService.java:isDeletionAllowed(187)) - Close Container log Index 6 is not replicated across allthe servers in the pipeline c5632910-c548-43bf-b295-e436c85fad58 as the min replicated index is 4. Deletion is not allowed in this container yet.
2019-10-25 05:42:02,432 [EventQueue-ContainerReportForContainerReportHandler] WARN  container.ContainerReportHandler (AbstractContainerReportHandler.java:updateContainerState(145)) - Container #1 is in OPEN state, but the datanode 61d80c3a-7652-449d-b68e-5fa718f84473{ip: 192.168.157.195, host: pr-hdds-1701-sv9gv-972070529, networkLocation: /default-rack, certSerialId: null} reports an CLOSED replica.
2019-10-25 05:42:02,500 [EventQueue-StaleNodeForStaleNodeHandler] INFO  node.StaleNodeHandler (StaleNodeHandler.java:onMessage(58)) - Datanode 07cbec61-e91b-416e-becf-32794c7f01be{ip: 192.168.157.195, host: pr-hdds-1701-sv9gv-972070529, networkLocation: /default-rack, certSerialId: null} moved to stale state. Finalizing its pipelines [PipelineID=c5632910-c548-43bf-b295-e436c85fad58, PipelineID=9ff54bc6-4246-4000-b6d7-e3343b269492]
2019-10-25 05:42:02,501 [EventQueue-StaleNodeForStaleNodeHandler] INFO  pipeline.SCMPipelineManager (SCMPipelineManager.java:finalizeAndDestroyPipeline(315)) - destroying pipeline:Pipeline[ Id: c5632910-c548-43bf-b295-e436c85fad58, Nodes: 07cbec61-e91b-416e-becf-32794c7f01be{ip: 192.168.157.195, host: pr-hdds-1701-sv9gv-972070529, networkLocation: /default-rack, certSerialId: null}35510205-702a-42b0-9e73-ae326acfc6fe{ip: 192.168.157.195, host: pr-hdds-1701-sv9gv-972070529, networkLocation: /default-rack, certSerialId: null}61d80c3a-7652-449d-b68e-5fa718f84473{ip: 192.168.157.195, host: pr-hdds-1701-sv9gv-972070529, networkLocation: /default-rack, certSerialId: null}, Type:RATIS, Factor:THREE, State:OPEN]
2019-10-25 05:42:02,504 [EventQueue-StaleNodeForStaleNodeHandler] INFO  pipeline.PipelineStateManager (PipelineStateManager.java:finalizePipeline(123)) - Pipeline Pipeline[ Id: c5632910-c548-43bf-b295-e436c85fad58, Nodes: 07cbec61-e91b-416e-becf-32794c7f01be{ip: 192.168.157.195, host: pr-hdds-1701-sv9gv-972070529, networkLocation: /default-rack, certSerialId: null}35510205-702a-42b0-9e73-ae326acfc6fe{ip: 192.168.157.195, host: pr-hdds-1701-sv9gv-972070529, networkLocation: /default-rack, certSerialId: null}61d80c3a-7652-449d-b68e-5fa718f84473{ip: 192.168.157.195, host: pr-hdds-1701-sv9gv-972070529, networkLocation: /default-rack, certSerialId: null}, Type:RATIS, Factor:THREE, State:CLOSED] moved to CLOSED state
2019-10-25 05:42:02,505 [EventQueue-CloseContainerForCloseContainerEventHandler] INFO  container.CloseContainerEventHandler (CloseContainerEventHandler.java:onMessage(61)) - Close container Event triggered for container : #1
2019-10-25 05:42:02,508 [EventQueue-StaleNodeForStaleNodeHandler] INFO  pipeline.SCMPipelineManager (SCMPipelineManager.java:finalizeAndDestroyPipeline(315)) - destroying pipeline:Pipeline[ Id: 9ff54bc6-4246-4000-b6d7-e3343b269492, Nodes: 07cbec61-e91b-416e-becf-32794c7f01be{ip: 192.168.157.195, host: pr-hdds-1701-sv9gv-972070529, networkLocation: /default-rack, certSerialId: null}, Type:RATIS, Factor:ONE, State:OPEN]
2019-10-25 05:42:02,509 [EventQueue-StaleNodeForStaleNodeHandler] INFO  pipeline.PipelineStateManager (PipelineStateManager.java:finalizePipeline(123)) - Pipeline Pipeline[ Id: 9ff54bc6-4246-4000-b6d7-e3343b269492, Nodes: 07cbec61-e91b-416e-becf-32794c7f01be{ip: 192.168.157.195, host: pr-hdds-1701-sv9gv-972070529, networkLocation: /default-rack, certSerialId: null}, Type:RATIS, Factor:ONE, State:CLOSED] moved to CLOSED state
2019-10-25 05:42:02,555 [EventQueue-ContainerReportForContainerReportHandler] INFO  container.ContainerReportHandler (AbstractContainerReportHandler.java:updateContainerState(178)) - Moving container #1 to CLOSED state, datanode 35510205-702a-42b0-9e73-ae326acfc6fe{ip: 192.168.157.195, host: pr-hdds-1701-sv9gv-972070529, networkLocation: /default-rack, certSerialId: null} reported CLOSED replica.
2019-10-25 05:42:03,278 [SCMBlockDeletingService#1] INFO  block.SCMBlockDeletingService (SCMBlockDeletingService.java:call(184)) - Totally added 3 delete blocks command for 3 datanodes, task elapsed time: 4ms
2019-10-25 05:42:03,340 [BlockDeletingService#6] WARN  background.BlockDeletingService (BlockDeletingService.java:isDeletionAllowed(187)) - Close Container log Index 6 is not replicated across allthe servers in the pipeline c5632910-c548-43bf-b295-e436c85fad58 as the min replicated index is 4. Deletion is not allowed in this container yet.
2019-10-25 05:42:03,340 [BlockDeletingService#9] WARN  background.BlockDeletingService (BlockDeletingService.java:isDeletionAllowed(187)) - Close Container log Index 6 is not replicated across allthe servers in the pipeline c5632910-c548-43bf-b295-e436c85fad58 as the min replicated index is 4. Deletion is not allowed in this container yet.
2019-10-25 05:42:03,455 [EventQueue-PendingDeleteStatusForPendingDeleteHandler] INFO  block.SCMBlockDeletingService (SCMBlockDeletingService.java:handlePendingDeletes(115)) - Block deletion txnID mismatch in datanode 35510205-702a-42b0-9e73-ae326acfc6fe for containerID 1. Datanode delete txnID: 0, SCM txnID: 1
2019-10-25 05:42:03,533 [EventQueue-PendingDeleteStatusForPendingDeleteHandler] INFO  block.SCMBlockDeletingService (SCMBlockDeletingService.java:handlePendingDeletes(115)) - Block deletion txnID mismatch in datanode 61d80c3a-7652-449d-b68e-5fa718f84473 for containerID 1. Datanode delete txnID: 0, SCM txnID: 1
2019-10-25 05:42:03,655 [EventQueue-PendingDeleteStatusForPendingDeleteHandler] INFO  block.SCMBlockDeletingService (SCMBlockDeletingService.java:handlePendingDeletes(115)) - Block deletion txnID mismatch in datanode 35510205-702a-42b0-9e73-ae326acfc6fe for containerID 1. Datanode delete txnID: 0, SCM txnID: 1
2019-10-25 05:42:03,733 [EventQueue-PendingDeleteStatusForPendingDeleteHandler] INFO  block.SCMBlockDeletingService (SCMBlockDeletingService.java:handlePendingDeletes(115)) - Block deletion txnID mismatch in datanode 61d80c3a-7652-449d-b68e-5fa718f84473 for containerID 1. Datanode delete txnID: 0, SCM txnID: 1
2019-10-25 05:42:03,858 [Command processor thread] INFO  commandhandler.DeleteBlocksCommandHandler (DeleteBlocksCommandHandler.java:handle(106)) - Start to delete container blocks, TXIDs=[1(0)], numOfContainers=1, numOfBlocks=1
2019-10-25 05:42:03,932 [Command processor thread] INFO  commandhandler.DeleteBlocksCommandHandler (DeleteBlocksCommandHandler.java:handle(106)) - Start to delete container blocks, TXIDs=[1(0)], numOfContainers=1, numOfBlocks=1
2019-10-25 05:42:04,279 [SCMBlockDeletingService#1] INFO  block.SCMBlockDeletingService (SCMBlockDeletingService.java:call(184)) - Totally added 1 delete blocks command for 1 datanodes, task elapsed time: 0ms
2019-10-25 05:42:04,281 [pool-7-thread-1] INFO  commands.RetriableDatanodeEventWatcher (RetriableDatanodeEventWatcher.java:onTimeout(47)) - RetriableDatanodeCommand type=deleteBlocksCommand with id=1571982123278 timed out. Retrying.
2019-10-25 05:42:04,341 [BlockDeletingService#6] WARN  background.BlockDeletingService (BlockDeletingService.java:isDeletionAllowed(187)) - Close Container log Index 6 is not replicated across allthe servers in the pipeline c5632910-c548-43bf-b295-e436c85fad58 as the min replicated index is 4. Deletion is not allowed in this container yet.
2019-10-25 05:42:04,342 [BlockDeletingService#9] WARN  background.BlockDeletingService (BlockDeletingService.java:isDeletionAllowed(187)) - Close Container log Index 6 is not replicated across allthe servers in the pipeline c5632910-c548-43bf-b295-e436c85fad58 as the min replicated index is 4. Deletion is not allowed in this container yet.
2019-10-25 05:42:04,358 [java.util.concurrent.ThreadPoolExecutor$Worker@aec7811[State = -1, empty queue]] WARN  server.GrpcLogAppender (GrpcLogAppender.java:timeoutAppendRequest(209)) - 61d80c3a-7652-449d-b68e-5fa718f84473@group-E436C85FAD58->07cbec61-e91b-416e-becf-32794c7f01be-GrpcLogAppender: appendEntries Timeout, request=61d80c3a-7652-449d-b68e-5fa718f84473->07cbec61-e91b-416e-becf-32794c7f01be#50-t1, previous=(t:1, i:10), leaderCommit=10, initializing? false, entries: <empty>
2019-10-25 05:42:04,418 [main] INFO  impl.MetricsSystemImpl (MetricsSystemImpl.java:init(158)) - HddsDatanode metrics system started (again)
2019-10-25 05:42:04,462 [main] INFO  ozone.HddsDatanodeService (HddsDatanodeService.java:start(184)) - HddsDatanodeService host:pr-hdds-1701-sv9gv-972070529 ip:192.168.157.195
2019-10-25 05:42:04,466 [main] INFO  volume.VolumeUsage (VolumeUsage.java:loadScmUsed(144)) - Cached ScmUsed found for /workdir/hadoop-ozone/integration-test/target/test-dir/MiniOzoneClusterImpl-930516e5-2413-421c-8e65-2cdb10067440/datanode-1/data/containers : 4096 
2019-10-25 05:42:04,467 [main] INFO  volume.HddsVolume (HddsVolume.java:<init>(176)) - Creating Volume: /workdir/hadoop-ozone/integration-test/target/test-dir/MiniOzoneClusterImpl-930516e5-2413-421c-8e65-2cdb10067440/datanode-1/data/containers/hdds of  storage type : DISK and capacity : 1482555576320
2019-10-25 05:42:04,468 [main] INFO  volume.VolumeSet (VolumeSet.java:initializeVolumeSet(170)) - Added Volume : /workdir/hadoop-ozone/integration-test/target/test-dir/MiniOzoneClusterImpl-930516e5-2413-421c-8e65-2cdb10067440/datanode-1/data/containers/hdds to VolumeSet
2019-10-25 05:42:04,468 [main] INFO  volume.ThrottledAsyncChecker (ThrottledAsyncChecker.java:schedule(141)) - Scheduling a check for /workdir/hadoop-ozone/integration-test/target/test-dir/MiniOzoneClusterImpl-930516e5-2413-421c-8e65-2cdb10067440/datanode-1/data/containers/hdds
2019-10-25 05:42:04,469 [main] INFO  volume.HddsVolumeChecker (HddsVolumeChecker.java:checkAllVolumes(204)) - Scheduled health check for volume /workdir/hadoop-ozone/integration-test/target/test-dir/MiniOzoneClusterImpl-930516e5-2413-421c-8e65-2cdb10067440/datanode-1/data/containers/hdds
2019-10-25 05:42:04,506 [main] INFO  impl.RaftServerProxy (ConfUtils.java:logGet(43)) - raft.rpc.type = GRPC (default)
2019-10-25 05:42:04,506 [main] INFO  grpc.GrpcFactory (GrpcFactory.java:checkPooledByteBufAllocatorUseCacheForAllThreads(45)) - PERFORMANCE WARNING: useCacheForAllThreads is true that may cause Netty to create a lot garbage objects and, as a result, trigger GC.
	It is recommended to disable useCacheForAllThreads by setting -Dorg.apache.ratis.thirdparty.io.netty.allocator.useCacheForAllThreads=false in command line.
2019-10-25 05:42:04,506 [main] INFO  grpc.GrpcConfigKeys$Server (ConfUtils.java:logGet(43)) - raft.grpc.server.port = 42361 (custom)
2019-10-25 05:42:04,506 [main] INFO  server.GrpcService (ConfUtils.java:logGet(43)) - raft.grpc.message.size.max = 33570816 (custom)
2019-10-25 05:42:04,506 [main] INFO  server.RaftServerConfigKeys (ConfUtils.java:logGet(43)) - raft.server.log.appender.buffer.byte-limit = 33554432 (custom)
2019-10-25 05:42:04,507 [main] INFO  server.GrpcService (ConfUtils.java:logGet(43)) - raft.grpc.flow.control.window = 1MB (=1048576) (default)
2019-10-25 05:42:04,507 [main] INFO  server.RaftServerConfigKeys (ConfUtils.java:logGet(43)) - raft.server.rpc.request.timeout = 3000ms (default)
2019-10-25 05:42:04,508 [main] INFO  server.RaftServerConfigKeys (ConfUtils.java:logGet(43)) - raft.server.storage.dir = [/workdir/hadoop-ozone/integration-test/target/test-dir/MiniOzoneClusterImpl-930516e5-2413-421c-8e65-2cdb10067440/datanode-1/data/ratis] (custom)
2019-10-25 05:42:04,508 [main] INFO  impl.RaftServerProxy (RaftServerProxy.java:lambda$null$0(191)) - 07cbec61-e91b-416e-becf-32794c7f01be: found a subdirectory /workdir/hadoop-ozone/integration-test/target/test-dir/MiniOzoneClusterImpl-930516e5-2413-421c-8e65-2cdb10067440/datanode-1/data/ratis/9ff54bc6-4246-4000-b6d7-e3343b269492
2019-10-25 05:42:04,509 [main] INFO  impl.RaftServerProxy (RaftServerProxy.java:addNew(89)) - 07cbec61-e91b-416e-becf-32794c7f01be: addNew group-E3343B269492:[] returns group-E3343B269492:java.util.concurrent.CompletableFuture@7301eebe[Not completed]
2019-10-25 05:42:04,509 [main] INFO  impl.RaftServerProxy (RaftServerProxy.java:lambda$null$0(191)) - 07cbec61-e91b-416e-becf-32794c7f01be: found a subdirectory /workdir/hadoop-ozone/integration-test/target/test-dir/MiniOzoneClusterImpl-930516e5-2413-421c-8e65-2cdb10067440/datanode-1/data/ratis/c5632910-c548-43bf-b295-e436c85fad58
2019-10-25 05:42:04,510 [main] INFO  impl.RaftServerProxy (RaftServerProxy.java:addNew(89)) - 07cbec61-e91b-416e-becf-32794c7f01be: addNew group-E436C85FAD58:[] returns group-E436C85FAD58:java.util.concurrent.CompletableFuture@76b47204[Not completed]
2019-10-25 05:42:04,512 [pool-59-thread-1] INFO  impl.RaftServerImpl (RaftServerImpl.java:<init>(98)) - 07cbec61-e91b-416e-becf-32794c7f01be: new RaftServerImpl for group-E3343B269492:[] with ContainerStateMachine:uninitialized
2019-10-25 05:42:04,512 [main] INFO  hdfs.DFSUtil (DFSUtil.java:httpServerTemplateForNNAndJN(1641)) - Starting Web-server for hddsDatanode at: http://0.0.0.0:42759
2019-10-25 05:42:04,513 [pool-59-thread-1] INFO  server.RaftServerConfigKeys (ConfUtils.java:logGet(43)) - raft.server.rpc.timeout.min = 5s (custom)
2019-10-25 05:42:04,513 [pool-59-thread-1] INFO  server.RaftServerConfigKeys (ConfUtils.java:logGet(43)) - raft.server.rpc.timeout.max = 5200ms (custom)
2019-10-25 05:42:04,513 [pool-59-thread-1] INFO  server.RaftServerConfigKeys (ConfUtils.java:logGet(43)) - raft.server.rpcslowness.timeout = 1000s (custom)
2019-10-25 05:42:04,513 [pool-59-thread-1] INFO  server.RaftServerConfigKeys (ConfUtils.java:logGet(43)) - raft.server.sleep.deviation.threshold = 300 (default)
2019-10-25 05:42:04,513 [pool-59-thread-1] INFO  server.RaftServerConfigKeys (ConfUtils.java:logGet(43)) - raft.server.log.appender.install.snapshot.enabled = false (custom)
2019-10-25 05:42:04,514 [pool-59-thread-1] INFO  impl.RaftServerImpl (ServerState.java:<init>(103)) - 07cbec61-e91b-416e-becf-32794c7f01be@group-E3343B269492: ConfigurationManager, init=-1: [], old=null, confs=<EMPTY_MAP>
2019-10-25 05:42:04,514 [pool-59-thread-1] INFO  server.RaftServerConfigKeys (ConfUtils.java:logGet(43)) - raft.server.storage.dir = [/workdir/hadoop-ozone/integration-test/target/test-dir/MiniOzoneClusterImpl-930516e5-2413-421c-8e65-2cdb10067440/datanode-1/data/ratis] (custom)
2019-10-25 05:42:04,514 [pool-59-thread-1] INFO  server.RaftServerConfigKeys (ConfUtils.java:logGet(43)) - raft.server.log.corruption.policy = EXCEPTION (default)
2019-10-25 05:42:04,515 [main] INFO  server.AuthenticationFilter (AuthenticationFilter.java:constructSecretProvider(240)) - Unable to initialize FileSignerSecretProvider, falling back to use random secrets.
2019-10-25 05:42:04,516 [main] WARN  http.HttpRequestLog (HttpRequestLog.java:getRequestLog(97)) - Jetty request log can only be enabled using Log4j
2019-10-25 05:42:04,518 [main] INFO  http.HttpServer2 (HttpServer2.java:addGlobalFilter(975)) - Added global filter 'safety' (class=org.apache.hadoop.http.HttpServer2$QuotingInputFilter)
2019-10-25 05:42:04,518 [main] INFO  http.HttpServer2 (HttpServer2.java:addFilter(948)) - Added filter static_user_filter (class=org.apache.hadoop.http.lib.StaticUserWebFilter$StaticUserFilter) to context hddsDatanode
2019-10-25 05:42:04,519 [main] INFO  http.HttpServer2 (HttpServer2.java:addFilter(958)) - Added filter static_user_filter (class=org.apache.hadoop.http.lib.StaticUserWebFilter$StaticUserFilter) to context static
2019-10-25 05:42:04,519 [main] INFO  http.HttpServer2 (HttpServer2.java:addFilter(958)) - Added filter static_user_filter (class=org.apache.hadoop.http.lib.StaticUserWebFilter$StaticUserFilter) to context logs
2019-10-25 05:42:04,520 [main] INFO  http.HttpServer2 (HttpServer2.java:bindListener(1191)) - Jetty bound to port 42759
2019-10-25 05:42:04,520 [main] INFO  server.Server (Server.java:doStart(351)) - jetty-9.3.25.v20180904, build timestamp: 2018-09-04T21:11:46Z, git hash: 3ce520221d0240229c862b122d2b06c12a625732
2019-10-25 05:42:04,522 [main] INFO  handler.ContextHandler (ContextHandler.java:doStart(781)) - Started o.e.j.s.ServletContextHandler@149b0577{/logs,file:///workdir/hadoop-ozone/integration-test/target/log,AVAILABLE}
2019-10-25 05:42:04,523 [main] INFO  handler.ContextHandler (ContextHandler.java:doStart(781)) - Started o.e.j.s.ServletContextHandler@4a901445{/static,jar:file:/home/user/.m2/repository/org/apache/hadoop/hadoop-hdds-container-service/0.5.0-SNAPSHOT/hadoop-hdds-container-service-0.5.0-SNAPSHOT.jar!/webapps/static,AVAILABLE}
2019-10-25 05:42:04,527 [pool-59-thread-1] INFO  storage.RaftStorageDirectory (RaftStorageDirectory.java:tryLock(328)) - Lock on /workdir/hadoop-ozone/integration-test/target/test-dir/MiniOzoneClusterImpl-930516e5-2413-421c-8e65-2cdb10067440/datanode-1/data/ratis/9ff54bc6-4246-4000-b6d7-e3343b269492/in_use.lock acquired by nodename 2454@pr-hdds-1701-sv9gv-972070529
2019-10-25 05:42:04,528 [pool-59-thread-1] INFO  ratis.ContainerStateMachine (ContainerStateMachine.java:loadSnapshot(231)) - group-E3343B269492: The snapshot info is null. Setting the last applied indexto:(t:0, i:~)
2019-10-25 05:42:04,528 [pool-59-thread-1] INFO  server.RaftServerConfigKeys (ConfUtils.java:logGet(43)) - raft.server.notification.no-leader.timeout = 1000s (custom)
2019-10-25 05:42:04,528 [pool-59-thread-1] INFO  server.RaftServerConfigKeys (ConfUtils.java:logGet(43)) - raft.server.log.use.memory = false (default)
2019-10-25 05:42:04,528 [pool-59-thread-1] INFO  server.RaftServerConfigKeys (ConfUtils.java:logGet(43)) - raft.server.log.purge.gap = 1000000 (custom)
2019-10-25 05:42:04,528 [pool-59-thread-1] INFO  server.RaftServerConfigKeys (ConfUtils.java:logGet(43)) - raft.server.log.appender.buffer.byte-limit = 33554432 (custom)
2019-10-25 05:42:04,528 [pool-59-thread-1] INFO  server.RaftServerConfigKeys (ConfUtils.java:logGet(43)) - raft.server.log.segment.size.max = 1048576 (custom)
2019-10-25 05:42:04,529 [pool-59-thread-1] INFO  server.RaftServerConfigKeys (ConfUtils.java:logGet(43)) - raft.server.log.segment.cache.num.max = 2 (custom)
2019-10-25 05:42:04,529 [pool-59-thread-1] INFO  segmented.SegmentedRaftLogWorker (SegmentedRaftLogWorker.java:<init>(173)) - new 07cbec61-e91b-416e-becf-32794c7f01be@group-E3343B269492-SegmentedRaftLogWorker for RaftStorage:Storage Directory /workdir/hadoop-ozone/integration-test/target/test-dir/MiniOzoneClusterImpl-930516e5-2413-421c-8e65-2cdb10067440/datanode-1/data/ratis/9ff54bc6-4246-4000-b6d7-e3343b269492
2019-10-25 05:42:04,529 [pool-59-thread-1] INFO  server.RaftServerConfigKeys (ConfUtils.java:logGet(43)) - raft.server.log.queue.byte-limit = 2147483647 (custom)
2019-10-25 05:42:04,529 [pool-59-thread-1] INFO  server.RaftServerConfigKeys (ConfUtils.java:logGet(43)) - raft.server.log.queue.element-limit = 1024 (custom)
2019-10-25 05:42:04,529 [pool-59-thread-1] INFO  server.RaftServerConfigKeys (ConfUtils.java:logGet(43)) - raft.server.log.segment.size.max = 1048576 (custom)
2019-10-25 05:42:04,529 [pool-59-thread-1] INFO  server.RaftServerConfigKeys (ConfUtils.java:logGet(43)) - raft.server.log.preallocated.size = 16384 (custom)
2019-10-25 05:42:04,529 [pool-59-thread-1] INFO  server.RaftServerConfigKeys (ConfUtils.java:logGet(43)) - raft.server.log.write.buffer.size = 33554432 (custom)
2019-10-25 05:42:04,529 [pool-59-thread-1] INFO  server.RaftServerConfigKeys (ConfUtils.java:logGet(43)) - raft.server.log.force.sync.num = 128 (default)
2019-10-25 05:42:04,530 [pool-59-thread-1] INFO  server.RaftServerConfigKeys (ConfUtils.java:logGet(43)) - raft.server.log.statemachine.data.sync = true (default)
2019-10-25 05:42:04,530 [pool-59-thread-1] INFO  server.RaftServerConfigKeys (ConfUtils.java:logGet(43)) - raft.server.log.statemachine.data.sync.timeout = 10s (default)
2019-10-25 05:42:04,530 [pool-59-thread-1] INFO  server.RaftServerConfigKeys (ConfUtils.java:logGet(43)) - raft.server.log.statemachine.data.sync.timeout.retry = -1 (default)
2019-10-25 05:42:04,530 [pool-59-thread-1] INFO  server.RaftServerConfigKeys (ConfUtils.java:logGet(43)) - raft.server.log.statemachine.data.caching.enabled = true (custom)
2019-10-25 05:42:04,535 [pool-59-thread-1] INFO  impl.RaftServerImpl (ServerState.java:setRaftConf(356)) - 07cbec61-e91b-416e-becf-32794c7f01be@group-E3343B269492: set configuration 0: [07cbec61-e91b-416e-becf-32794c7f01be:192.168.157.195:42361], old=null at 0
2019-10-25 05:42:04,536 [pool-59-thread-1] INFO  segmented.LogSegment (LogSegment.java:loadSegment(140)) - Successfully read 1 entries from segment file /workdir/hadoop-ozone/integration-test/target/test-dir/MiniOzoneClusterImpl-930516e5-2413-421c-8e65-2cdb10067440/datanode-1/data/ratis/9ff54bc6-4246-4000-b6d7-e3343b269492/current/log_inprogress_0
2019-10-25 05:42:04,536 [pool-59-thread-1] INFO  segmented.SegmentedRaftLogWorker (SegmentedRaftLogWorker.java:lambda$new$0(128)) - 07cbec61-e91b-416e-becf-32794c7f01be@group-E3343B269492-SegmentedRaftLogWorker: flushIndex: setUnconditionally 0 -> 0
2019-10-25 05:42:04,560 [pool-59-thread-1] INFO  server.RaftServerConfigKeys (ConfUtils.java:logGet(43)) - raft.server.snapshot.auto.trigger.enabled = true (custom)
2019-10-25 05:42:04,560 [pool-59-thread-1] INFO  server.RaftServerConfigKeys (ConfUtils.java:logGet(43)) - raft.server.snapshot.auto.trigger.threshold = 10000 (custom)
2019-10-25 05:42:04,560 [pool-59-thread-1] INFO  server.RaftServerConfigKeys (ConfUtils.java:logGet(43)) - raft.server.snapshot.retention.file.num = 5 (custom)
2019-10-25 05:42:04,560 [pool-59-thread-1] INFO  server.RaftServerConfigKeys (ConfUtils.java:logGet(43)) - raft.server.retrycache.expirytime = 600000ms (custom)
2019-10-25 05:42:04,562 [pool-59-thread-1] INFO  impl.RaftServerImpl (RaftServerImpl.java:<init>(98)) - 07cbec61-e91b-416e-becf-32794c7f01be: new RaftServerImpl for group-E436C85FAD58:[] with ContainerStateMachine:uninitialized
2019-10-25 05:42:04,562 [pool-59-thread-1] INFO  server.RaftServerConfigKeys (ConfUtils.java:logGet(43)) - raft.server.rpc.timeout.min = 5s (custom)
2019-10-25 05:42:04,562 [pool-59-thread-1] INFO  server.RaftServerConfigKeys (ConfUtils.java:logGet(43)) - raft.server.rpc.timeout.max = 5200ms (custom)
2019-10-25 05:42:04,562 [pool-59-thread-1] INFO  server.RaftServerConfigKeys (ConfUtils.java:logGet(43)) - raft.server.rpcslowness.timeout = 1000s (custom)
2019-10-25 05:42:04,562 [pool-59-thread-1] INFO  server.RaftServerConfigKeys (ConfUtils.java:logGet(43)) - raft.server.sleep.deviation.threshold = 300 (default)
2019-10-25 05:42:04,563 [pool-59-thread-1] INFO  server.RaftServerConfigKeys (ConfUtils.java:logGet(43)) - raft.server.log.appender.install.snapshot.enabled = false (custom)
2019-10-25 05:42:04,563 [pool-59-thread-1] INFO  impl.RaftServerImpl (ServerState.java:<init>(103)) - 07cbec61-e91b-416e-becf-32794c7f01be@group-E436C85FAD58: ConfigurationManager, init=-1: [], old=null, confs=<EMPTY_MAP>
2019-10-25 05:42:04,563 [pool-59-thread-1] INFO  server.RaftServerConfigKeys (ConfUtils.java:logGet(43)) - raft.server.storage.dir = [/workdir/hadoop-ozone/integration-test/target/test-dir/MiniOzoneClusterImpl-930516e5-2413-421c-8e65-2cdb10067440/datanode-1/data/ratis] (custom)
2019-10-25 05:42:04,563 [pool-59-thread-1] INFO  server.RaftServerConfigKeys (ConfUtils.java:logGet(43)) - raft.server.log.corruption.policy = EXCEPTION (default)
2019-10-25 05:42:04,565 [main] INFO  handler.ContextHandler (ContextHandler.java:doStart(781)) - Started o.e.j.w.WebAppContext@48eb001a{/,file:///tmp/jetty-0.0.0.0-42759-hddsDatanode-_-any-2934347194177624295.dir/webapp/,AVAILABLE}{/hddsDatanode}
2019-10-25 05:42:04,566 [main] INFO  server.AbstractConnector (AbstractConnector.java:doStart(278)) - Started ServerConnector@34332b8d{HTTP/1.1,[http/1.1]}{0.0.0.0:42759}
2019-10-25 05:42:04,567 [main] INFO  server.Server (Server.java:doStart(419)) - Started @116778ms
2019-10-25 05:42:04,567 [main] WARN  impl.MetricsSystemImpl (MetricsSystemImpl.java:register(276)) - Sink prometheus already exists!
2019-10-25 05:42:04,568 [main] INFO  server.BaseHttpServer (BaseHttpServer.java:updateConnectorAddress(215)) - HTTP server of HDDSDATANODE is listening at http://0.0.0.0:42759
2019-10-25 05:42:04,568 [pool-59-thread-1] INFO  storage.RaftStorageDirectory (RaftStorageDirectory.java:tryLock(328)) - Lock on /workdir/hadoop-ozone/integration-test/target/test-dir/MiniOzoneClusterImpl-930516e5-2413-421c-8e65-2cdb10067440/datanode-1/data/ratis/c5632910-c548-43bf-b295-e436c85fad58/in_use.lock acquired by nodename 2454@pr-hdds-1701-sv9gv-972070529
2019-10-25 05:42:04,570 [org.apache.hadoop.util.JvmPauseMonitor$Monitor@71df14b] INFO  util.JvmPauseMonitor (JvmPauseMonitor.java:run(188)) - Starting JVM pause monitor
2019-10-25 05:42:04,570 [pool-59-thread-1] INFO  ratis.ContainerStateMachine (ContainerStateMachine.java:loadSnapshot(240)) - group-E436C85FAD58: Setting the last applied index to (t:1, i:3)
2019-10-25 05:42:04,574 [pool-59-thread-1] INFO  impl.RaftServerImpl (ServerState.java:setRaftConf(356)) - 07cbec61-e91b-416e-becf-32794c7f01be@group-E436C85FAD58: set configuration 0: [61d80c3a-7652-449d-b68e-5fa718f84473:192.168.157.195:45627, 07cbec61-e91b-416e-becf-32794c7f01be:192.168.157.195:42361, 35510205-702a-42b0-9e73-ae326acfc6fe:192.168.157.195:43594], old=null at 0
2019-10-25 05:42:04,574 [pool-59-thread-1] INFO  server.RaftServerConfigKeys (ConfUtils.java:logGet(43)) - raft.server.notification.no-leader.timeout = 1000s (custom)
2019-10-25 05:42:04,574 [pool-59-thread-1] INFO  server.RaftServerConfigKeys (ConfUtils.java:logGet(43)) - raft.server.log.use.memory = false (default)
2019-10-25 05:42:04,575 [pool-59-thread-1] INFO  server.RaftServerConfigKeys (ConfUtils.java:logGet(43)) - raft.server.log.purge.gap = 1000000 (custom)
2019-10-25 05:42:04,575 [pool-59-thread-1] INFO  server.RaftServerConfigKeys (ConfUtils.java:logGet(43)) - raft.server.log.appender.buffer.byte-limit = 33554432 (custom)
2019-10-25 05:42:04,575 [pool-59-thread-1] INFO  server.RaftServerConfigKeys (ConfUtils.java:logGet(43)) - raft.server.log.segment.size.max = 1048576 (custom)
2019-10-25 05:42:04,575 [pool-59-thread-1] INFO  server.RaftServerConfigKeys (ConfUtils.java:logGet(43)) - raft.server.log.segment.cache.num.max = 2 (custom)
2019-10-25 05:42:04,575 [pool-59-thread-1] INFO  segmented.SegmentedRaftLogWorker (SegmentedRaftLogWorker.java:<init>(173)) - new 07cbec61-e91b-416e-becf-32794c7f01be@group-E436C85FAD58-SegmentedRaftLogWorker for RaftStorage:Storage Directory /workdir/hadoop-ozone/integration-test/target/test-dir/MiniOzoneClusterImpl-930516e5-2413-421c-8e65-2cdb10067440/datanode-1/data/ratis/c5632910-c548-43bf-b295-e436c85fad58
2019-10-25 05:42:04,575 [pool-59-thread-1] INFO  server.RaftServerConfigKeys (ConfUtils.java:logGet(43)) - raft.server.log.queue.byte-limit = 2147483647 (custom)
2019-10-25 05:42:04,575 [pool-59-thread-1] INFO  server.RaftServerConfigKeys (ConfUtils.java:logGet(43)) - raft.server.log.queue.element-limit = 1024 (custom)
2019-10-25 05:42:04,575 [pool-59-thread-1] INFO  server.RaftServerConfigKeys (ConfUtils.java:logGet(43)) - raft.server.log.segment.size.max = 1048576 (custom)
2019-10-25 05:42:04,575 [pool-59-thread-1] INFO  server.RaftServerConfigKeys (ConfUtils.java:logGet(43)) - raft.server.log.preallocated.size = 16384 (custom)
2019-10-25 05:42:04,576 [pool-59-thread-1] INFO  server.RaftServerConfigKeys (ConfUtils.java:logGet(43)) - raft.server.log.write.buffer.size = 33554432 (custom)
2019-10-25 05:42:04,576 [pool-59-thread-1] INFO  server.RaftServerConfigKeys (ConfUtils.java:logGet(43)) - raft.server.log.force.sync.num = 128 (default)
2019-10-25 05:42:04,576 [pool-59-thread-1] INFO  server.RaftServerConfigKeys (ConfUtils.java:logGet(43)) - raft.server.log.statemachine.data.sync = true (default)
2019-10-25 05:42:04,576 [pool-59-thread-1] INFO  server.RaftServerConfigKeys (ConfUtils.java:logGet(43)) - raft.server.log.statemachine.data.sync.timeout = 10s (default)
2019-10-25 05:42:04,576 [pool-59-thread-1] INFO  server.RaftServerConfigKeys (ConfUtils.java:logGet(43)) - raft.server.log.statemachine.data.sync.timeout.retry = -1 (default)
2019-10-25 05:42:04,576 [pool-59-thread-1] INFO  server.RaftServerConfigKeys (ConfUtils.java:logGet(43)) - raft.server.log.statemachine.data.caching.enabled = true (custom)
2019-10-25 05:42:04,577 [pool-59-thread-1] INFO  impl.RaftServerImpl (ServerState.java:setRaftConf(356)) - 07cbec61-e91b-416e-becf-32794c7f01be@group-E436C85FAD58: set configuration 0: [61d80c3a-7652-449d-b68e-5fa718f84473:192.168.157.195:45627, 07cbec61-e91b-416e-becf-32794c7f01be:192.168.157.195:42361, 35510205-702a-42b0-9e73-ae326acfc6fe:192.168.157.195:43594], old=null at 0
2019-10-25 05:42:04,577 [pool-59-thread-1] INFO  segmented.LogSegment (LogSegment.java:loadSegment(140)) - Successfully read 5 entries from segment file /workdir/hadoop-ozone/integration-test/target/test-dir/MiniOzoneClusterImpl-930516e5-2413-421c-8e65-2cdb10067440/datanode-1/data/ratis/c5632910-c548-43bf-b295-e436c85fad58/current/log_inprogress_0
2019-10-25 05:42:04,577 [pool-59-thread-1] INFO  segmented.SegmentedRaftLogWorker (SegmentedRaftLogWorker.java:lambda$new$0(128)) - 07cbec61-e91b-416e-becf-32794c7f01be@group-E436C85FAD58-SegmentedRaftLogWorker: flushIndex: setUnconditionally 0 -> 4
2019-10-25 05:42:04,601 [pool-59-thread-1] INFO  raftlog.RaftLog (RaftLog.java:lambda$new$0(61)) - 07cbec61-e91b-416e-becf-32794c7f01be@group-E436C85FAD58-SegmentedRaftLog: commitIndex: updateToMax old=3, new=3, updated? false
2019-10-25 05:42:04,601 [pool-59-thread-1] INFO  server.RaftServerConfigKeys (ConfUtils.java:logGet(43)) - raft.server.snapshot.auto.trigger.enabled = true (custom)
2019-10-25 05:42:04,601 [pool-59-thread-1] INFO  server.RaftServerConfigKeys (ConfUtils.java:logGet(43)) - raft.server.snapshot.auto.trigger.threshold = 10000 (custom)
2019-10-25 05:42:04,601 [pool-59-thread-1] INFO  server.RaftServerConfigKeys (ConfUtils.java:logGet(43)) - raft.server.snapshot.retention.file.num = 5 (custom)
2019-10-25 05:42:04,601 [pool-59-thread-1] INFO  server.RaftServerConfigKeys (ConfUtils.java:logGet(43)) - raft.server.retrycache.expirytime = 600000ms (custom)
2019-10-25 05:42:05,021 [Thread-552] INFO  client.GrpcClientProtocolService (GrpcClientProtocolService.java:lambda$processClientRequest$0(279)) - Failed RaftClientRequest:client-042E50236798->35510205-702a-42b0-9e73-ae326acfc6fe@group-E436C85FAD58, cid=10, seq=0, Watch-ALL_COMMITTED(6), Message:<EMPTY>, reply=RaftClientReply:client-042E50236798->35510205-702a-42b0-9e73-ae326acfc6fe@group-E436C85FAD58, cid=10, FAILED org.apache.ratis.protocol.NotLeaderException: Server 35510205-702a-42b0-9e73-ae326acfc6fe@group-E436C85FAD58 is not the leader 61d80c3a-7652-449d-b68e-5fa718f84473:192.168.157.195:45627, logIndex=0, commits[35510205-702a-42b0-9e73-ae326acfc6fe:c10, 61d80c3a-7652-449d-b68e-5fa718f84473:c10, 07cbec61-e91b-416e-becf-32794c7f01be:c4]
2019-10-25 05:42:05,279 [pool-7-thread-1] INFO  commands.RetriableDatanodeEventWatcher (RetriableDatanodeEventWatcher.java:onTimeout(47)) - RetriableDatanodeCommand type=deleteBlocksCommand with id=1571982123281 timed out. Retrying.
2019-10-25 05:42:05,280 [SCMBlockDeletingService#1] INFO  block.SCMBlockDeletingService (SCMBlockDeletingService.java:call(184)) - Totally added 1 delete blocks command for 1 datanodes, task elapsed time: 1ms
2019-10-25 05:42:05,281 [pool-7-thread-1] INFO  commands.RetriableDatanodeEventWatcher (RetriableDatanodeEventWatcher.java:onTimeout(47)) - RetriableDatanodeCommand type=deleteBlocksCommand with id=1571982123278 timed out. Retrying.
2019-10-25 05:42:05,343 [BlockDeletingService#6] WARN  background.BlockDeletingService (BlockDeletingService.java:isDeletionAllowed(187)) - Close Container log Index 6 is not replicated across allthe servers in the pipeline c5632910-c548-43bf-b295-e436c85fad58 as the min replicated index is 4. Deletion is not allowed in this container yet.
2019-10-25 05:42:05,343 [BlockDeletingService#9] WARN  background.BlockDeletingService (BlockDeletingService.java:isDeletionAllowed(187)) - Close Container log Index 6 is not replicated across allthe servers in the pipeline c5632910-c548-43bf-b295-e436c85fad58 as the min replicated index is 4. Deletion is not allowed in this container yet.
2019-10-25 05:42:06,280 [pool-7-thread-1] INFO  commands.RetriableDatanodeEventWatcher (RetriableDatanodeEventWatcher.java:onTimeout(47)) - RetriableDatanodeCommand type=deleteBlocksCommand with id=1571982123281 timed out. Retrying.
2019-10-25 05:42:06,280 [pool-7-thread-1] INFO  commands.RetriableDatanodeEventWatcher (RetriableDatanodeEventWatcher.java:onTimeout(47)) - RetriableDatanodeCommand type=deleteBlocksCommand with id=1571982123282 timed out. Retrying.
2019-10-25 05:42:06,282 [pool-7-thread-1] INFO  commands.RetriableDatanodeEventWatcher (RetriableDatanodeEventWatcher.java:onTimeout(47)) - RetriableDatanodeCommand type=deleteBlocksCommand with id=1571982123278 timed out. Retrying.
2019-10-25 05:42:06,283 [SCMBlockDeletingService#1] INFO  block.SCMBlockDeletingService (SCMBlockDeletingService.java:call(184)) - Totally added 1 delete blocks command for 1 datanodes, task elapsed time: 0ms
2019-10-25 05:42:06,345 [BlockDeletingService#9] WARN  background.BlockDeletingService (BlockDeletingService.java:isDeletionAllowed(187)) - Close Container log Index 6 is not replicated across allthe servers in the pipeline c5632910-c548-43bf-b295-e436c85fad58 as the min replicated index is 4. Deletion is not allowed in this container yet.
2019-10-25 05:42:06,345 [BlockDeletingService#6] WARN  background.BlockDeletingService (BlockDeletingService.java:isDeletionAllowed(187)) - Close Container log Index 6 is not replicated across allthe servers in the pipeline c5632910-c548-43bf-b295-e436c85fad58 as the min replicated index is 4. Deletion is not allowed in this container yet.
2019-10-25 05:42:06,570 [Datanode State Machine Thread - 0] INFO  ozoneimpl.OzoneContainer (OzoneContainer.java:start(213)) - Attempting to start container services.
2019-10-25 05:42:06,571 [Datanode State Machine Thread - 0] INFO  ozoneimpl.OzoneContainer (OzoneContainer.java:startContainerScrub(177)) - Background container scanner has been disabled.
2019-10-25 05:42:06,571 [Datanode State Machine Thread - 0] INFO  ratis.XceiverServerRatis (XceiverServerRatis.java:start(418)) - Starting XceiverServerRatis 07cbec61-e91b-416e-becf-32794c7f01be at port 42361
2019-10-25 05:42:06,577 [Datanode State Machine Thread - 0] INFO  impl.RaftServerImpl (RaftServerImpl.java:start(184)) - 07cbec61-e91b-416e-becf-32794c7f01be@group-E3343B269492: start as a follower, conf=0: [07cbec61-e91b-416e-becf-32794c7f01be:192.168.157.195:42361], old=null
2019-10-25 05:42:06,578 [ForkJoinPool.commonPool-worker-1] INFO  impl.RaftServerImpl (RaftServerImpl.java:start(184)) - 07cbec61-e91b-416e-becf-32794c7f01be@group-E436C85FAD58: start as a follower, conf=0: [61d80c3a-7652-449d-b68e-5fa718f84473:192.168.157.195:45627, 07cbec61-e91b-416e-becf-32794c7f01be:192.168.157.195:42361, 35510205-702a-42b0-9e73-ae326acfc6fe:192.168.157.195:43594], old=null
2019-10-25 05:42:06,578 [Datanode State Machine Thread - 0] INFO  impl.RaftServerImpl (RaftServerImpl.java:setRole(173)) - 07cbec61-e91b-416e-becf-32794c7f01be@group-E3343B269492: changes role from      null to FOLLOWER at term 1 for startAsFollower
2019-10-25 05:42:06,578 [ForkJoinPool.commonPool-worker-1] INFO  impl.RaftServerImpl (RaftServerImpl.java:setRole(173)) - 07cbec61-e91b-416e-becf-32794c7f01be@group-E436C85FAD58: changes role from      null to FOLLOWER at term 1 for startAsFollower
2019-10-25 05:42:06,578 [Datanode State Machine Thread - 0] INFO  impl.RoleInfo (RoleInfo.java:updateAndGet(143)) - 07cbec61-e91b-416e-becf-32794c7f01be: start FollowerState
2019-10-25 05:42:06,578 [ForkJoinPool.commonPool-worker-1] INFO  impl.RoleInfo (RoleInfo.java:updateAndGet(143)) - 07cbec61-e91b-416e-becf-32794c7f01be: start FollowerState
2019-10-25 05:42:06,579 [ForkJoinPool.commonPool-worker-1] INFO  util.JmxRegister (JmxRegister.java:tryRegister(44)) - Successfully registered JMX Bean with object name Ratis:service=RaftServer,group=group-E436C85FAD58,id=07cbec61-e91b-416e-becf-32794c7f01be
2019-10-25 05:42:06,579 [Datanode State Machine Thread - 0] INFO  util.JmxRegister (JmxRegister.java:tryRegister(44)) - Successfully registered JMX Bean with object name Ratis:service=RaftServer,group=group-E3343B269492,id=07cbec61-e91b-416e-becf-32794c7f01be
2019-10-25 05:42:06,580 [Datanode State Machine Thread - 0] INFO  impl.RaftServerProxy (RaftServerProxy.java:lambda$start$3(299)) - 07cbec61-e91b-416e-becf-32794c7f01be: start RPC server
2019-10-25 05:42:06,582 [Datanode State Machine Thread - 0] INFO  server.GrpcService (GrpcService.java:startImpl(158)) - 07cbec61-e91b-416e-becf-32794c7f01be: GrpcService started, listening on 0.0.0.0/0.0.0.0:42361
2019-10-25 05:42:06,584 [Thread-564] INFO  client.GrpcClientProtocolService (GrpcClientProtocolService.java:lambda$processClientRequest$0(279)) - Failed RaftClientRequest:client-042E50236798->61d80c3a-7652-449d-b68e-5fa718f84473@group-E436C85FAD58, cid=10, seq=0, Watch-ALL_COMMITTED(6), Message:<EMPTY>, reply=RaftClientReply:client-042E50236798->61d80c3a-7652-449d-b68e-5fa718f84473@group-E436C85FAD58, cid=10, FAILED org.apache.ratis.protocol.NotReplicatedException: Request with call Id 10 and log index 6 is not yet replicated to ALL_COMMITTED, logIndex=6, commits[61d80c3a-7652-449d-b68e-5fa718f84473:c10, 07cbec61-e91b-416e-becf-32794c7f01be:c4, 35510205-702a-42b0-9e73-ae326acfc6fe:c10]
2019-10-25 05:42:06,859 [java.util.concurrent.ThreadPoolExecutor$Worker@aec7811[State = -1, empty queue]] WARN  server.GrpcLogAppender (GrpcLogAppender.java:timeoutAppendRequest(209)) - 61d80c3a-7652-449d-b68e-5fa718f84473@group-E436C85FAD58->07cbec61-e91b-416e-becf-32794c7f01be-GrpcLogAppender: appendEntries Timeout, request=61d80c3a-7652-449d-b68e-5fa718f84473->07cbec61-e91b-416e-becf-32794c7f01be#51-t1, previous=(t:1, i:10), leaderCommit=10, initializing? false, entries: <empty>
2019-10-25 05:42:07,281 [pool-7-thread-1] INFO  commands.RetriableDatanodeEventWatcher (RetriableDatanodeEventWatcher.java:onTimeout(47)) - RetriableDatanodeCommand type=deleteBlocksCommand with id=1571982123281 timed out. Retrying.
2019-10-25 05:42:07,285 [pool-7-thread-3] INFO  commands.RetriableDatanodeEventWatcher (RetriableDatanodeEventWatcher.java:onTimeout(47)) - RetriableDatanodeCommand type=deleteBlocksCommand with id=1571982123278 timed out. Retrying.
2019-10-25 05:42:07,285 [pool-7-thread-3] INFO  commands.RetriableDatanodeEventWatcher (RetriableDatanodeEventWatcher.java:onTimeout(47)) - RetriableDatanodeCommand type=deleteBlocksCommand with id=1571982123283 timed out. Retrying.
2019-10-25 05:42:07,285 [pool-7-thread-2] INFO  commands.RetriableDatanodeEventWatcher (RetriableDatanodeEventWatcher.java:onTimeout(47)) - RetriableDatanodeCommand type=deleteBlocksCommand with id=1571982123282 timed out. Retrying.
2019-10-25 05:42:07,285 [SCMBlockDeletingService#1] INFO  block.SCMBlockDeletingService (SCMBlockDeletingService.java:call(184)) - Totally added 1 delete blocks command for 1 datanodes, task elapsed time: 1ms
2019-10-25 05:42:07,346 [BlockDeletingService#6] WARN  background.BlockDeletingService (BlockDeletingService.java:isDeletionAllowed(187)) - Close Container log Index 6 is not replicated across allthe servers in the pipeline c5632910-c548-43bf-b295-e436c85fad58 as the min replicated index is 4. Deletion is not allowed in this container yet.
2019-10-25 05:42:07,347 [BlockDeletingService#9] WARN  background.BlockDeletingService (BlockDeletingService.java:isDeletionAllowed(187)) - Close Container log Index 6 is not replicated across allthe servers in the pipeline c5632910-c548-43bf-b295-e436c85fad58 as the min replicated index is 4. Deletion is not allowed in this container yet.
2019-10-25 05:42:08,286 [pool-7-thread-2] INFO  commands.RetriableDatanodeEventWatcher (RetriableDatanodeEventWatcher.java:onTimeout(47)) - RetriableDatanodeCommand type=deleteBlocksCommand with id=1571982123281 timed out. Retrying.
2019-10-25 05:42:08,287 [pool-7-thread-5] INFO  commands.RetriableDatanodeEventWatcher (RetriableDatanodeEventWatcher.java:onTimeout(47)) - RetriableDatanodeCommand type=deleteBlocksCommand with id=1571982123278 timed out. Retrying.
2019-10-25 05:42:08,287 [pool-7-thread-4] INFO  commands.RetriableDatanodeEventWatcher (RetriableDatanodeEventWatcher.java:onTimeout(47)) - RetriableDatanodeCommand type=deleteBlocksCommand with id=1571982123284 timed out. Retrying.
2019-10-25 05:42:08,288 [pool-7-thread-1] INFO  commands.RetriableDatanodeEventWatcher (RetriableDatanodeEventWatcher.java:onTimeout(47)) - RetriableDatanodeCommand type=deleteBlocksCommand with id=1571982123282 timed out. Retrying.
2019-10-25 05:42:08,288 [pool-7-thread-3] INFO  commands.RetriableDatanodeEventWatcher (RetriableDatanodeEventWatcher.java:onTimeout(47)) - RetriableDatanodeCommand type=deleteBlocksCommand with id=1571982123283 timed out. Retrying.
2019-10-25 05:42:08,288 [SCMBlockDeletingService#1] INFO  block.SCMBlockDeletingService (SCMBlockDeletingService.java:call(184)) - Totally added 1 delete blocks command for 1 datanodes, task elapsed time: 1ms
2019-10-25 05:42:08,348 [BlockDeletingService#9] WARN  background.BlockDeletingService (BlockDeletingService.java:isDeletionAllowed(187)) - Close Container log Index 6 is not replicated across allthe servers in the pipeline c5632910-c548-43bf-b295-e436c85fad58 as the min replicated index is 4. Deletion is not allowed in this container yet.
2019-10-25 05:42:08,348 [BlockDeletingService#6] WARN  background.BlockDeletingService (BlockDeletingService.java:isDeletionAllowed(187)) - Close Container log Index 6 is not replicated across allthe servers in the pipeline c5632910-c548-43bf-b295-e436c85fad58 as the min replicated index is 4. Deletion is not allowed in this container yet.
2019-10-25 05:42:08,574 [EventQueue-PendingDeleteStatusForPendingDeleteHandler] INFO  block.SCMBlockDeletingService (SCMBlockDeletingService.java:handlePendingDeletes(115)) - Block deletion txnID mismatch in datanode 07cbec61-e91b-416e-becf-32794c7f01be for containerID 1. Datanode delete txnID: 0, SCM txnID: 1
2019-10-25 05:42:09,288 [pool-7-thread-3] INFO  commands.RetriableDatanodeEventWatcher (RetriableDatanodeEventWatcher.java:onTimeout(47)) - RetriableDatanodeCommand type=deleteBlocksCommand with id=1571982123281 timed out. Retrying.
2019-10-25 05:42:09,289 [SCMBlockDeletingService#1] INFO  block.SCMBlockDeletingService (SCMBlockDeletingService.java:call(184)) - Totally added 1 delete blocks command for 1 datanodes, task elapsed time: 0ms
2019-10-25 05:42:09,292 [pool-7-thread-2] INFO  commands.RetriableDatanodeEventWatcher (RetriableDatanodeEventWatcher.java:onTimeout(47)) - RetriableDatanodeCommand type=deleteBlocksCommand with id=1571982123284 timed out. Retrying.
2019-10-25 05:42:09,292 [pool-7-thread-5] INFO  commands.RetriableDatanodeEventWatcher (RetriableDatanodeEventWatcher.java:onTimeout(47)) - RetriableDatanodeCommand type=deleteBlocksCommand with id=1571982123285 timed out. Retrying.
2019-10-25 05:42:09,292 [pool-7-thread-1] INFO  commands.RetriableDatanodeEventWatcher (RetriableDatanodeEventWatcher.java:onTimeout(47)) - RetriableDatanodeCommand type=deleteBlocksCommand with id=1571982123283 timed out. Retrying.
2019-10-25 05:42:09,293 [pool-7-thread-4] INFO  commands.RetriableDatanodeEventWatcher (RetriableDatanodeEventWatcher.java:onTimeout(47)) - RetriableDatanodeCommand type=deleteBlocksCommand with id=1571982123282 timed out. Retrying.
2019-10-25 05:42:09,293 [pool-7-thread-6] INFO  commands.RetriableDatanodeEventWatcher (RetriableDatanodeEventWatcher.java:onTimeout(47)) - RetriableDatanodeCommand type=deleteBlocksCommand with id=1571982123278 timed out. Retrying.
2019-10-25 05:42:09,349 [BlockDeletingService#9] WARN  background.BlockDeletingService (BlockDeletingService.java:isDeletionAllowed(187)) - Close Container log Index 6 is not replicated across allthe servers in the pipeline c5632910-c548-43bf-b295-e436c85fad58 as the min replicated index is 4. Deletion is not allowed in this container yet.
2019-10-25 05:42:09,350 [BlockDeletingService#6] WARN  background.BlockDeletingService (BlockDeletingService.java:isDeletionAllowed(187)) - Close Container log Index 6 is not replicated across allthe servers in the pipeline c5632910-c548-43bf-b295-e436c85fad58 as the min replicated index is 4. Deletion is not allowed in this container yet.
2019-10-25 05:42:09,360 [java.util.concurrent.ThreadPoolExecutor$Worker@aec7811[State = -1, empty queue]] WARN  server.GrpcLogAppender (GrpcLogAppender.java:timeoutAppendRequest(209)) - 61d80c3a-7652-449d-b68e-5fa718f84473@group-E436C85FAD58->07cbec61-e91b-416e-becf-32794c7f01be-GrpcLogAppender: appendEntries Timeout, request=61d80c3a-7652-449d-b68e-5fa718f84473->07cbec61-e91b-416e-becf-32794c7f01be#52-t1, previous=(t:1, i:10), leaderCommit=10, initializing? false, entries: <empty>
2019-10-25 05:42:10,288 [pool-7-thread-6] INFO  commands.RetriableDatanodeEventWatcher (RetriableDatanodeEventWatcher.java:onTimeout(47)) - RetriableDatanodeCommand type=deleteBlocksCommand with id=1571982123286 timed out. Retrying.
2019-10-25 05:42:10,290 [SCMBlockDeletingService#1] INFO  block.SCMBlockDeletingService (SCMBlockDeletingService.java:call(184)) - Totally added 1 delete blocks command for 1 datanodes, task elapsed time: 1ms
2019-10-25 05:42:10,293 [pool-7-thread-6] INFO  commands.RetriableDatanodeEventWatcher (RetriableDatanodeEventWatcher.java:onTimeout(47)) - RetriableDatanodeCommand type=deleteBlocksCommand with id=1571982123281 timed out. Retrying.
2019-10-25 05:42:10,293 [pool-7-thread-2] INFO  commands.RetriableDatanodeEventWatcher (RetriableDatanodeEventWatcher.java:onTimeout(47)) - RetriableDatanodeCommand type=deleteBlocksCommand with id=1571982123284 timed out. Retrying.
2019-10-25 05:42:10,293 [pool-7-thread-1] INFO  commands.RetriableDatanodeEventWatcher (RetriableDatanodeEventWatcher.java:onTimeout(47)) - RetriableDatanodeCommand type=deleteBlocksCommand with id=1571982123282 timed out. Retrying.
2019-10-25 05:42:10,293 [pool-7-thread-4] INFO  commands.RetriableDatanodeEventWatcher (RetriableDatanodeEventWatcher.java:onTimeout(47)) - RetriableDatanodeCommand type=deleteBlocksCommand with id=1571982123283 timed out. Retrying.
2019-10-25 05:42:10,294 [pool-7-thread-5] INFO  commands.RetriableDatanodeEventWatcher (RetriableDatanodeEventWatcher.java:onTimeout(47)) - RetriableDatanodeCommand type=deleteBlocksCommand with id=1571982123285 timed out. Retrying.
2019-10-25 05:42:10,294 [pool-7-thread-2] INFO  commands.RetriableDatanodeEventWatcher (RetriableDatanodeEventWatcher.java:onTimeout(47)) - RetriableDatanodeCommand type=deleteBlocksCommand with id=1571982123278 timed out. Retrying.
2019-10-25 05:42:10,350 [BlockDeletingService#9] WARN  background.BlockDeletingService (BlockDeletingService.java:isDeletionAllowed(187)) - Close Container log Index 6 is not replicated across allthe servers in the pipeline c5632910-c548-43bf-b295-e436c85fad58 as the min replicated index is 4. Deletion is not allowed in this container yet.
2019-10-25 05:42:10,350 [BlockDeletingService#6] WARN  background.BlockDeletingService (BlockDeletingService.java:isDeletionAllowed(187)) - Close Container log Index 6 is not replicated across allthe servers in the pipeline c5632910-c548-43bf-b295-e436c85fad58 as the min replicated index is 4. Deletion is not allowed in this container yet.
2019-10-25 05:42:10,570 [EventQueue-PendingDeleteStatusForPendingDeleteHandler] INFO  block.SCMBlockDeletingService (SCMBlockDeletingService.java:handlePendingDeletes(115)) - Block deletion txnID mismatch in datanode 07cbec61-e91b-416e-becf-32794c7f01be for containerID 1. Datanode delete txnID: 0, SCM txnID: 1
2019-10-25 05:42:10,624 [grpc-default-executor-2] INFO  impl.RaftServerProxy (RaftServerProxy.java:addNew(89)) - 07cbec61-e91b-416e-becf-32794c7f01be: addNew group-456FDD36AC1E:[07cbec61-e91b-416e-becf-32794c7f01be:192.168.157.195:42361] returns group-456FDD36AC1E:java.util.concurrent.CompletableFuture@182f2e5c[Not completed]
2019-10-25 05:42:10,626 [pool-59-thread-1] INFO  impl.RaftServerImpl (RaftServerImpl.java:<init>(98)) - 07cbec61-e91b-416e-becf-32794c7f01be: new RaftServerImpl for group-456FDD36AC1E:[07cbec61-e91b-416e-becf-32794c7f01be:192.168.157.195:42361] with ContainerStateMachine:uninitialized
2019-10-25 05:42:10,626 [pool-59-thread-1] INFO  server.RaftServerConfigKeys (ConfUtils.java:logGet(43)) - raft.server.rpc.timeout.min = 5s (custom)
2019-10-25 05:42:10,626 [pool-59-thread-1] INFO  server.RaftServerConfigKeys (ConfUtils.java:logGet(43)) - raft.server.rpc.timeout.max = 5200ms (custom)
2019-10-25 05:42:10,627 [pool-59-thread-1] INFO  server.RaftServerConfigKeys (ConfUtils.java:logGet(43)) - raft.server.rpcslowness.timeout = 1000s (custom)
2019-10-25 05:42:10,627 [pool-59-thread-1] INFO  server.RaftServerConfigKeys (ConfUtils.java:logGet(43)) - raft.server.sleep.deviation.threshold = 300 (default)
2019-10-25 05:42:10,627 [pool-59-thread-1] INFO  server.RaftServerConfigKeys (ConfUtils.java:logGet(43)) - raft.server.log.appender.install.snapshot.enabled = false (custom)
2019-10-25 05:42:10,627 [pool-59-thread-1] INFO  impl.RaftServerImpl (ServerState.java:<init>(103)) - 07cbec61-e91b-416e-becf-32794c7f01be@group-456FDD36AC1E: ConfigurationManager, init=-1: [07cbec61-e91b-416e-becf-32794c7f01be:192.168.157.195:42361], old=null, confs=<EMPTY_MAP>
2019-10-25 05:42:10,627 [pool-59-thread-1] INFO  server.RaftServerConfigKeys (ConfUtils.java:logGet(43)) - raft.server.storage.dir = [/workdir/hadoop-ozone/integration-test/target/test-dir/MiniOzoneClusterImpl-930516e5-2413-421c-8e65-2cdb10067440/datanode-1/data/ratis] (custom)
2019-10-25 05:42:10,627 [pool-59-thread-1] INFO  server.RaftServerConfigKeys (ConfUtils.java:logGet(43)) - raft.server.log.corruption.policy = EXCEPTION (default)
2019-10-25 05:42:10,628 [pool-59-thread-1] INFO  storage.RaftStorageDirectory (RaftStorageDirectory.java:analyzeStorage(246)) - The storage directory /workdir/hadoop-ozone/integration-test/target/test-dir/MiniOzoneClusterImpl-930516e5-2413-421c-8e65-2cdb10067440/datanode-1/data/ratis/5e49d500-3e70-43b7-937a-456fdd36ac1e does not exist. Creating ...
2019-10-25 05:42:10,646 [pool-59-thread-1] INFO  storage.RaftStorageDirectory (RaftStorageDirectory.java:tryLock(328)) - Lock on /workdir/hadoop-ozone/integration-test/target/test-dir/MiniOzoneClusterImpl-930516e5-2413-421c-8e65-2cdb10067440/datanode-1/data/ratis/5e49d500-3e70-43b7-937a-456fdd36ac1e/in_use.lock acquired by nodename 2454@pr-hdds-1701-sv9gv-972070529
2019-10-25 05:42:10,650 [pool-59-thread-1] INFO  storage.RaftStorage (RaftStorage.java:format(84)) - Storage directory /workdir/hadoop-ozone/integration-test/target/test-dir/MiniOzoneClusterImpl-930516e5-2413-421c-8e65-2cdb10067440/datanode-1/data/ratis/5e49d500-3e70-43b7-937a-456fdd36ac1e has been successfully formatted.
2019-10-25 05:42:10,650 [pool-59-thread-1] INFO  ratis.ContainerStateMachine (ContainerStateMachine.java:loadSnapshot(231)) - group-456FDD36AC1E: The snapshot info is null. Setting the last applied indexto:(t:0, i:~)
2019-10-25 05:42:10,651 [pool-59-thread-1] INFO  server.RaftServerConfigKeys (ConfUtils.java:logGet(43)) - raft.server.notification.no-leader.timeout = 1000s (custom)
2019-10-25 05:42:10,651 [pool-59-thread-1] INFO  server.RaftServerConfigKeys (ConfUtils.java:logGet(43)) - raft.server.log.use.memory = false (default)
2019-10-25 05:42:10,651 [pool-59-thread-1] INFO  server.RaftServerConfigKeys (ConfUtils.java:logGet(43)) - raft.server.log.purge.gap = 1000000 (custom)
2019-10-25 05:42:10,651 [pool-59-thread-1] INFO  server.RaftServerConfigKeys (ConfUtils.java:logGet(43)) - raft.server.log.appender.buffer.byte-limit = 33554432 (custom)
2019-10-25 05:42:10,652 [pool-59-thread-1] INFO  server.RaftServerConfigKeys (ConfUtils.java:logGet(43)) - raft.server.log.segment.size.max = 1048576 (custom)
2019-10-25 05:42:10,652 [pool-59-thread-1] INFO  server.RaftServerConfigKeys (ConfUtils.java:logGet(43)) - raft.server.log.segment.cache.num.max = 2 (custom)
2019-10-25 05:42:10,652 [pool-59-thread-1] INFO  segmented.SegmentedRaftLogWorker (SegmentedRaftLogWorker.java:<init>(173)) - new 07cbec61-e91b-416e-becf-32794c7f01be@group-456FDD36AC1E-SegmentedRaftLogWorker for RaftStorage:Storage Directory /workdir/hadoop-ozone/integration-test/target/test-dir/MiniOzoneClusterImpl-930516e5-2413-421c-8e65-2cdb10067440/datanode-1/data/ratis/5e49d500-3e70-43b7-937a-456fdd36ac1e
2019-10-25 05:42:10,652 [pool-59-thread-1] INFO  server.RaftServerConfigKeys (ConfUtils.java:logGet(43)) - raft.server.log.queue.byte-limit = 2147483647 (custom)
2019-10-25 05:42:10,652 [pool-59-thread-1] INFO  server.RaftServerConfigKeys (ConfUtils.java:logGet(43)) - raft.server.log.queue.element-limit = 1024 (custom)
2019-10-25 05:42:10,653 [pool-59-thread-1] INFO  server.RaftServerConfigKeys (ConfUtils.java:logGet(43)) - raft.server.log.segment.size.max = 1048576 (custom)
2019-10-25 05:42:10,653 [pool-59-thread-1] INFO  server.RaftServerConfigKeys (ConfUtils.java:logGet(43)) - raft.server.log.preallocated.size = 16384 (custom)
2019-10-25 05:42:10,653 [pool-59-thread-1] INFO  server.RaftServerConfigKeys (ConfUtils.java:logGet(43)) - raft.server.log.write.buffer.size = 33554432 (custom)
2019-10-25 05:42:10,653 [pool-59-thread-1] INFO  server.RaftServerConfigKeys (ConfUtils.java:logGet(43)) - raft.server.log.force.sync.num = 128 (default)
2019-10-25 05:42:10,653 [pool-59-thread-1] INFO  server.RaftServerConfigKeys (ConfUtils.java:logGet(43)) - raft.server.log.statemachine.data.sync = true (default)
2019-10-25 05:42:10,653 [pool-59-thread-1] INFO  server.RaftServerConfigKeys (ConfUtils.java:logGet(43)) - raft.server.log.statemachine.data.sync.timeout = 10s (default)
2019-10-25 05:42:10,653 [pool-59-thread-1] INFO  server.RaftServerConfigKeys (ConfUtils.java:logGet(43)) - raft.server.log.statemachine.data.sync.timeout.retry = -1 (default)
2019-10-25 05:42:10,654 [pool-59-thread-1] INFO  server.RaftServerConfigKeys (ConfUtils.java:logGet(43)) - raft.server.log.statemachine.data.caching.enabled = true (custom)
2019-10-25 05:42:10,654 [pool-59-thread-1] INFO  segmented.SegmentedRaftLogWorker (SegmentedRaftLogWorker.java:lambda$new$0(128)) - 07cbec61-e91b-416e-becf-32794c7f01be@group-456FDD36AC1E-SegmentedRaftLogWorker: flushIndex: setUnconditionally 0 -> -1
2019-10-25 05:42:10,655 [pool-59-thread-1] INFO  server.RaftServerConfigKeys (ConfUtils.java:logGet(43)) - raft.server.snapshot.auto.trigger.enabled = true (custom)
2019-10-25 05:42:10,655 [pool-59-thread-1] INFO  server.RaftServerConfigKeys (ConfUtils.java:logGet(43)) - raft.server.snapshot.auto.trigger.threshold = 10000 (custom)
2019-10-25 05:42:10,655 [pool-59-thread-1] INFO  server.RaftServerConfigKeys (ConfUtils.java:logGet(43)) - raft.server.snapshot.retention.file.num = 5 (custom)
2019-10-25 05:42:10,655 [pool-59-thread-1] INFO  server.RaftServerConfigKeys (ConfUtils.java:logGet(43)) - raft.server.retrycache.expirytime = 600000ms (custom)
2019-10-25 05:42:10,655 [pool-59-thread-1] WARN  impl.MetricRegistriesImpl (MetricRegistriesImpl.java:lambda$create$1(61)) - First MetricRegistry has been created without registering reporters. You may need to call MetricRegistries.global().addReportRegistration(...) before.
2019-10-25 05:42:10,656 [pool-59-thread-1] WARN  impl.MetricRegistriesImpl (MetricRegistriesImpl.java:lambda$create$1(61)) - First MetricRegistry has been created without registering reporters. You may need to call MetricRegistries.global().addReportRegistration(...) before.
2019-10-25 05:42:10,656 [pool-59-thread-1] INFO  impl.RaftServerImpl (RaftServerImpl.java:start(184)) - 07cbec61-e91b-416e-becf-32794c7f01be@group-456FDD36AC1E: start as a follower, conf=-1: [07cbec61-e91b-416e-becf-32794c7f01be:192.168.157.195:42361], old=null
2019-10-25 05:42:10,656 [pool-59-thread-1] INFO  impl.RaftServerImpl (RaftServerImpl.java:setRole(173)) - 07cbec61-e91b-416e-becf-32794c7f01be@group-456FDD36AC1E: changes role from      null to FOLLOWER at term 0 for startAsFollower
2019-10-25 05:42:10,656 [pool-59-thread-1] INFO  impl.RoleInfo (RoleInfo.java:updateAndGet(143)) - 07cbec61-e91b-416e-becf-32794c7f01be: start FollowerState
2019-10-25 05:42:10,657 [pool-59-thread-1] INFO  util.JmxRegister (JmxRegister.java:tryRegister(44)) - Successfully registered JMX Bean with object name Ratis:service=RaftServer,group=group-456FDD36AC1E,id=07cbec61-e91b-416e-becf-32794c7f01be
2019-10-25 05:42:10,657 [pool-59-thread-1] WARN  impl.MetricRegistriesImpl (MetricRegistriesImpl.java:lambda$create$1(61)) - First MetricRegistry has been created without registering reporters. You may need to call MetricRegistries.global().addReportRegistration(...) before.
2019-10-25 05:42:10,670 [EventQueue-PendingDeleteStatusForPendingDeleteHandler] INFO  block.SCMBlockDeletingService (SCMBlockDeletingService.java:handlePendingDeletes(115)) - Block deletion txnID mismatch in datanode 07cbec61-e91b-416e-becf-32794c7f01be for containerID 1. Datanode delete txnID: 0, SCM txnID: 1
2019-10-25 05:42:10,671 [RatisPipelineUtilsThread] INFO  pipeline.PipelineStateManager (PipelineStateManager.java:addPipeline(56)) - Created pipeline Pipeline[ Id: 5e49d500-3e70-43b7-937a-456fdd36ac1e, Nodes: 07cbec61-e91b-416e-becf-32794c7f01be{ip: 192.168.157.195, host: pr-hdds-1701-sv9gv-972070529, networkLocation: /default-rack, certSerialId: null}, Type:RATIS, Factor:ONE, State:OPEN]
2019-10-25 05:42:10,690 [grpc-default-executor-2] INFO  impl.RaftServerProxy (RaftServerProxy.java:addNew(89)) - 07cbec61-e91b-416e-becf-32794c7f01be: addNew group-3C624E7D626D:[61d80c3a-7652-449d-b68e-5fa718f84473:192.168.157.195:45627, 07cbec61-e91b-416e-becf-32794c7f01be:192.168.157.195:42361, 35510205-702a-42b0-9e73-ae326acfc6fe:192.168.157.195:43594] returns group-3C624E7D626D:java.util.concurrent.CompletableFuture@12d103e8[Not completed]
2019-10-25 05:42:10,690 [grpc-default-executor-0] INFO  impl.RaftServerProxy (RaftServerProxy.java:addNew(89)) - 61d80c3a-7652-449d-b68e-5fa718f84473: addNew group-3C624E7D626D:[61d80c3a-7652-449d-b68e-5fa718f84473:192.168.157.195:45627, 07cbec61-e91b-416e-becf-32794c7f01be:192.168.157.195:42361, 35510205-702a-42b0-9e73-ae326acfc6fe:192.168.157.195:43594] returns group-3C624E7D626D:java.util.concurrent.CompletableFuture@56cf63ff[Not completed]
2019-10-25 05:42:10,692 [grpc-default-executor-1] INFO  impl.RaftServerProxy (RaftServerProxy.java:addNew(89)) - 35510205-702a-42b0-9e73-ae326acfc6fe: addNew group-3C624E7D626D:[61d80c3a-7652-449d-b68e-5fa718f84473:192.168.157.195:45627, 07cbec61-e91b-416e-becf-32794c7f01be:192.168.157.195:42361, 35510205-702a-42b0-9e73-ae326acfc6fe:192.168.157.195:43594] returns group-3C624E7D626D:java.util.concurrent.CompletableFuture@1e3c5597[Not completed]
2019-10-25 05:42:10,693 [pool-47-thread-1] INFO  impl.RaftServerImpl (RaftServerImpl.java:<init>(98)) - 61d80c3a-7652-449d-b68e-5fa718f84473: new RaftServerImpl for group-3C624E7D626D:[61d80c3a-7652-449d-b68e-5fa718f84473:192.168.157.195:45627, 07cbec61-e91b-416e-becf-32794c7f01be:192.168.157.195:42361, 35510205-702a-42b0-9e73-ae326acfc6fe:192.168.157.195:43594] with ContainerStateMachine:uninitialized
2019-10-25 05:42:10,693 [pool-47-thread-1] INFO  server.RaftServerConfigKeys (ConfUtils.java:logGet(43)) - raft.server.rpc.timeout.min = 5s (custom)
2019-10-25 05:42:10,693 [pool-47-thread-1] INFO  server.RaftServerConfigKeys (ConfUtils.java:logGet(43)) - raft.server.rpc.timeout.max = 5200ms (custom)
2019-10-25 05:42:10,693 [pool-47-thread-1] INFO  server.RaftServerConfigKeys (ConfUtils.java:logGet(43)) - raft.server.rpcslowness.timeout = 1000s (custom)
2019-10-25 05:42:10,693 [pool-47-thread-1] INFO  server.RaftServerConfigKeys (ConfUtils.java:logGet(43)) - raft.server.sleep.deviation.threshold = 300 (default)
2019-10-25 05:42:10,693 [pool-47-thread-1] INFO  server.RaftServerConfigKeys (ConfUtils.java:logGet(43)) - raft.server.log.appender.install.snapshot.enabled = false (custom)
2019-10-25 05:42:10,693 [pool-47-thread-1] INFO  impl.RaftServerImpl (ServerState.java:<init>(103)) - 61d80c3a-7652-449d-b68e-5fa718f84473@group-3C624E7D626D: ConfigurationManager, init=-1: [61d80c3a-7652-449d-b68e-5fa718f84473:192.168.157.195:45627, 07cbec61-e91b-416e-becf-32794c7f01be:192.168.157.195:42361, 35510205-702a-42b0-9e73-ae326acfc6fe:192.168.157.195:43594], old=null, confs=<EMPTY_MAP>
2019-10-25 05:42:10,694 [pool-27-thread-1] INFO  impl.RaftServerImpl (RaftServerImpl.java:<init>(98)) - 35510205-702a-42b0-9e73-ae326acfc6fe: new RaftServerImpl for group-3C624E7D626D:[61d80c3a-7652-449d-b68e-5fa718f84473:192.168.157.195:45627, 07cbec61-e91b-416e-becf-32794c7f01be:192.168.157.195:42361, 35510205-702a-42b0-9e73-ae326acfc6fe:192.168.157.195:43594] with ContainerStateMachine:uninitialized
2019-10-25 05:42:10,694 [pool-47-thread-1] INFO  server.RaftServerConfigKeys (ConfUtils.java:logGet(43)) - raft.server.storage.dir = [/workdir/hadoop-ozone/integration-test/target/test-dir/MiniOzoneClusterImpl-930516e5-2413-421c-8e65-2cdb10067440/datanode-2/data/ratis] (custom)
2019-10-25 05:42:10,694 [pool-27-thread-1] INFO  server.RaftServerConfigKeys (ConfUtils.java:logGet(43)) - raft.server.rpc.timeout.min = 5s (custom)
2019-10-25 05:42:10,694 [pool-27-thread-1] INFO  server.RaftServerConfigKeys (ConfUtils.java:logGet(43)) - raft.server.rpc.timeout.max = 5200ms (custom)
2019-10-25 05:42:10,694 [pool-47-thread-1] INFO  server.RaftServerConfigKeys (ConfUtils.java:logGet(43)) - raft.server.log.corruption.policy = EXCEPTION (default)
2019-10-25 05:42:10,694 [pool-27-thread-1] INFO  server.RaftServerConfigKeys (ConfUtils.java:logGet(43)) - raft.server.rpcslowness.timeout = 1000s (custom)
2019-10-25 05:42:10,694 [pool-47-thread-1] INFO  storage.RaftStorageDirectory (RaftStorageDirectory.java:analyzeStorage(246)) - The storage directory /workdir/hadoop-ozone/integration-test/target/test-dir/MiniOzoneClusterImpl-930516e5-2413-421c-8e65-2cdb10067440/datanode-2/data/ratis/0848f226-dc42-44d7-9556-3c624e7d626d does not exist. Creating ...
2019-10-25 05:42:10,694 [pool-27-thread-1] INFO  server.RaftServerConfigKeys (ConfUtils.java:logGet(43)) - raft.server.sleep.deviation.threshold = 300 (default)
2019-10-25 05:42:10,694 [pool-27-thread-1] INFO  server.RaftServerConfigKeys (ConfUtils.java:logGet(43)) - raft.server.log.appender.install.snapshot.enabled = false (custom)
2019-10-25 05:42:10,694 [pool-59-thread-1] INFO  impl.RaftServerImpl (RaftServerImpl.java:<init>(98)) - 07cbec61-e91b-416e-becf-32794c7f01be: new RaftServerImpl for group-3C624E7D626D:[61d80c3a-7652-449d-b68e-5fa718f84473:192.168.157.195:45627, 07cbec61-e91b-416e-becf-32794c7f01be:192.168.157.195:42361, 35510205-702a-42b0-9e73-ae326acfc6fe:192.168.157.195:43594] with ContainerStateMachine:uninitialized
2019-10-25 05:42:10,695 [pool-27-thread-1] INFO  impl.RaftServerImpl (ServerState.java:<init>(103)) - 35510205-702a-42b0-9e73-ae326acfc6fe@group-3C624E7D626D: ConfigurationManager, init=-1: [61d80c3a-7652-449d-b68e-5fa718f84473:192.168.157.195:45627, 07cbec61-e91b-416e-becf-32794c7f01be:192.168.157.195:42361, 35510205-702a-42b0-9e73-ae326acfc6fe:192.168.157.195:43594], old=null, confs=<EMPTY_MAP>
2019-10-25 05:42:10,695 [pool-59-thread-1] INFO  server.RaftServerConfigKeys (ConfUtils.java:logGet(43)) - raft.server.rpc.timeout.min = 5s (custom)
2019-10-25 05:42:10,695 [pool-27-thread-1] INFO  server.RaftServerConfigKeys (ConfUtils.java:logGet(43)) - raft.server.storage.dir = [/workdir/hadoop-ozone/integration-test/target/test-dir/MiniOzoneClusterImpl-930516e5-2413-421c-8e65-2cdb10067440/datanode-0/data/ratis] (custom)
2019-10-25 05:42:10,695 [pool-59-thread-1] INFO  server.RaftServerConfigKeys (ConfUtils.java:logGet(43)) - raft.server.rpc.timeout.max = 5200ms (custom)
2019-10-25 05:42:10,695 [pool-59-thread-1] INFO  server.RaftServerConfigKeys (ConfUtils.java:logGet(43)) - raft.server.rpcslowness.timeout = 1000s (custom)
2019-10-25 05:42:10,695 [pool-27-thread-1] INFO  server.RaftServerConfigKeys (ConfUtils.java:logGet(43)) - raft.server.log.corruption.policy = EXCEPTION (default)
2019-10-25 05:42:10,695 [pool-59-thread-1] INFO  server.RaftServerConfigKeys (ConfUtils.java:logGet(43)) - raft.server.sleep.deviation.threshold = 300 (default)
2019-10-25 05:42:10,695 [pool-27-thread-1] INFO  storage.RaftStorageDirectory (RaftStorageDirectory.java:analyzeStorage(246)) - The storage directory /workdir/hadoop-ozone/integration-test/target/test-dir/MiniOzoneClusterImpl-930516e5-2413-421c-8e65-2cdb10067440/datanode-0/data/ratis/0848f226-dc42-44d7-9556-3c624e7d626d does not exist. Creating ...
2019-10-25 05:42:10,696 [pool-59-thread-1] INFO  server.RaftServerConfigKeys (ConfUtils.java:logGet(43)) - raft.server.log.appender.install.snapshot.enabled = false (custom)
2019-10-25 05:42:10,696 [pool-59-thread-1] INFO  impl.RaftServerImpl (ServerState.java:<init>(103)) - 07cbec61-e91b-416e-becf-32794c7f01be@group-3C624E7D626D: ConfigurationManager, init=-1: [61d80c3a-7652-449d-b68e-5fa718f84473:192.168.157.195:45627, 07cbec61-e91b-416e-becf-32794c7f01be:192.168.157.195:42361, 35510205-702a-42b0-9e73-ae326acfc6fe:192.168.157.195:43594], old=null, confs=<EMPTY_MAP>
2019-10-25 05:42:10,696 [pool-59-thread-1] INFO  server.RaftServerConfigKeys (ConfUtils.java:logGet(43)) - raft.server.storage.dir = [/workdir/hadoop-ozone/integration-test/target/test-dir/MiniOzoneClusterImpl-930516e5-2413-421c-8e65-2cdb10067440/datanode-1/data/ratis] (custom)
2019-10-25 05:42:10,697 [pool-59-thread-1] INFO  server.RaftServerConfigKeys (ConfUtils.java:logGet(43)) - raft.server.log.corruption.policy = EXCEPTION (default)
2019-10-25 05:42:10,697 [pool-59-thread-1] INFO  storage.RaftStorageDirectory (RaftStorageDirectory.java:analyzeStorage(246)) - The storage directory /workdir/hadoop-ozone/integration-test/target/test-dir/MiniOzoneClusterImpl-930516e5-2413-421c-8e65-2cdb10067440/datanode-1/data/ratis/0848f226-dc42-44d7-9556-3c624e7d626d does not exist. Creating ...
2019-10-25 05:42:10,698 [pool-47-thread-1] INFO  storage.RaftStorageDirectory (RaftStorageDirectory.java:tryLock(328)) - Lock on /workdir/hadoop-ozone/integration-test/target/test-dir/MiniOzoneClusterImpl-930516e5-2413-421c-8e65-2cdb10067440/datanode-2/data/ratis/0848f226-dc42-44d7-9556-3c624e7d626d/in_use.lock acquired by nodename 2454@pr-hdds-1701-sv9gv-972070529
2019-10-25 05:42:10,700 [pool-27-thread-1] INFO  storage.RaftStorageDirectory (RaftStorageDirectory.java:tryLock(328)) - Lock on /workdir/hadoop-ozone/integration-test/target/test-dir/MiniOzoneClusterImpl-930516e5-2413-421c-8e65-2cdb10067440/datanode-0/data/ratis/0848f226-dc42-44d7-9556-3c624e7d626d/in_use.lock acquired by nodename 2454@pr-hdds-1701-sv9gv-972070529
2019-10-25 05:42:10,704 [pool-59-thread-1] INFO  storage.RaftStorageDirectory (RaftStorageDirectory.java:tryLock(328)) - Lock on /workdir/hadoop-ozone/integration-test/target/test-dir/MiniOzoneClusterImpl-930516e5-2413-421c-8e65-2cdb10067440/datanode-1/data/ratis/0848f226-dc42-44d7-9556-3c624e7d626d/in_use.lock acquired by nodename 2454@pr-hdds-1701-sv9gv-972070529
2019-10-25 05:42:10,717 [pool-27-thread-1] INFO  storage.RaftStorage (RaftStorage.java:format(84)) - Storage directory /workdir/hadoop-ozone/integration-test/target/test-dir/MiniOzoneClusterImpl-930516e5-2413-421c-8e65-2cdb10067440/datanode-0/data/ratis/0848f226-dc42-44d7-9556-3c624e7d626d has been successfully formatted.
2019-10-25 05:42:10,717 [pool-47-thread-1] INFO  storage.RaftStorage (RaftStorage.java:format(84)) - Storage directory /workdir/hadoop-ozone/integration-test/target/test-dir/MiniOzoneClusterImpl-930516e5-2413-421c-8e65-2cdb10067440/datanode-2/data/ratis/0848f226-dc42-44d7-9556-3c624e7d626d has been successfully formatted.
2019-10-25 05:42:10,717 [pool-27-thread-1] INFO  ratis.ContainerStateMachine (ContainerStateMachine.java:loadSnapshot(231)) - group-3C624E7D626D: The snapshot info is null. Setting the last applied indexto:(t:0, i:~)
2019-10-25 05:42:10,717 [pool-47-thread-1] INFO  ratis.ContainerStateMachine (ContainerStateMachine.java:loadSnapshot(231)) - group-3C624E7D626D: The snapshot info is null. Setting the last applied indexto:(t:0, i:~)
2019-10-25 05:42:10,717 [pool-27-thread-1] INFO  server.RaftServerConfigKeys (ConfUtils.java:logGet(43)) - raft.server.notification.no-leader.timeout = 1000s (custom)
2019-10-25 05:42:10,717 [pool-47-thread-1] INFO  server.RaftServerConfigKeys (ConfUtils.java:logGet(43)) - raft.server.notification.no-leader.timeout = 1000s (custom)
2019-10-25 05:42:10,717 [pool-59-thread-1] INFO  storage.RaftStorage (RaftStorage.java:format(84)) - Storage directory /workdir/hadoop-ozone/integration-test/target/test-dir/MiniOzoneClusterImpl-930516e5-2413-421c-8e65-2cdb10067440/datanode-1/data/ratis/0848f226-dc42-44d7-9556-3c624e7d626d has been successfully formatted.
2019-10-25 05:42:10,717 [pool-27-thread-1] INFO  server.RaftServerConfigKeys (ConfUtils.java:logGet(43)) - raft.server.log.use.memory = false (default)
2019-10-25 05:42:10,717 [pool-47-thread-1] INFO  server.RaftServerConfigKeys (ConfUtils.java:logGet(43)) - raft.server.log.use.memory = false (default)
2019-10-25 05:42:10,718 [pool-27-thread-1] INFO  server.RaftServerConfigKeys (ConfUtils.java:logGet(43)) - raft.server.log.purge.gap = 1000000 (custom)
2019-10-25 05:42:10,718 [pool-59-thread-1] INFO  ratis.ContainerStateMachine (ContainerStateMachine.java:loadSnapshot(231)) - group-3C624E7D626D: The snapshot info is null. Setting the last applied indexto:(t:0, i:~)
2019-10-25 05:42:10,718 [pool-27-thread-1] INFO  server.RaftServerConfigKeys (ConfUtils.java:logGet(43)) - raft.server.log.appender.buffer.byte-limit = 33554432 (custom)
2019-10-25 05:42:10,718 [pool-47-thread-1] INFO  server.RaftServerConfigKeys (ConfUtils.java:logGet(43)) - raft.server.log.purge.gap = 1000000 (custom)
2019-10-25 05:42:10,718 [pool-27-thread-1] INFO  server.RaftServerConfigKeys (ConfUtils.java:logGet(43)) - raft.server.log.segment.size.max = 1048576 (custom)
2019-10-25 05:42:10,718 [pool-59-thread-1] INFO  server.RaftServerConfigKeys (ConfUtils.java:logGet(43)) - raft.server.notification.no-leader.timeout = 1000s (custom)
2019-10-25 05:42:10,718 [pool-27-thread-1] INFO  server.RaftServerConfigKeys (ConfUtils.java:logGet(43)) - raft.server.log.segment.cache.num.max = 2 (custom)
2019-10-25 05:42:10,718 [pool-47-thread-1] INFO  server.RaftServerConfigKeys (ConfUtils.java:logGet(43)) - raft.server.log.appender.buffer.byte-limit = 33554432 (custom)
2019-10-25 05:42:10,718 [pool-27-thread-1] INFO  segmented.SegmentedRaftLogWorker (SegmentedRaftLogWorker.java:<init>(173)) - new 35510205-702a-42b0-9e73-ae326acfc6fe@group-3C624E7D626D-SegmentedRaftLogWorker for RaftStorage:Storage Directory /workdir/hadoop-ozone/integration-test/target/test-dir/MiniOzoneClusterImpl-930516e5-2413-421c-8e65-2cdb10067440/datanode-0/data/ratis/0848f226-dc42-44d7-9556-3c624e7d626d
2019-10-25 05:42:10,718 [pool-59-thread-1] INFO  server.RaftServerConfigKeys (ConfUtils.java:logGet(43)) - raft.server.log.use.memory = false (default)
2019-10-25 05:42:10,719 [pool-27-thread-1] INFO  server.RaftServerConfigKeys (ConfUtils.java:logGet(43)) - raft.server.log.queue.byte-limit = 2147483647 (custom)
2019-10-25 05:42:10,719 [pool-47-thread-1] INFO  server.RaftServerConfigKeys (ConfUtils.java:logGet(43)) - raft.server.log.segment.size.max = 1048576 (custom)
2019-10-25 05:42:10,719 [pool-27-thread-1] INFO  server.RaftServerConfigKeys (ConfUtils.java:logGet(43)) - raft.server.log.queue.element-limit = 1024 (custom)
2019-10-25 05:42:10,719 [pool-59-thread-1] INFO  server.RaftServerConfigKeys (ConfUtils.java:logGet(43)) - raft.server.log.purge.gap = 1000000 (custom)
2019-10-25 05:42:10,719 [pool-27-thread-1] INFO  server.RaftServerConfigKeys (ConfUtils.java:logGet(43)) - raft.server.log.segment.size.max = 1048576 (custom)
2019-10-25 05:42:10,719 [pool-47-thread-1] INFO  server.RaftServerConfigKeys (ConfUtils.java:logGet(43)) - raft.server.log.segment.cache.num.max = 2 (custom)
2019-10-25 05:42:10,719 [pool-27-thread-1] INFO  server.RaftServerConfigKeys (ConfUtils.java:logGet(43)) - raft.server.log.preallocated.size = 16384 (custom)
2019-10-25 05:42:10,719 [pool-59-thread-1] INFO  server.RaftServerConfigKeys (ConfUtils.java:logGet(43)) - raft.server.log.appender.buffer.byte-limit = 33554432 (custom)
2019-10-25 05:42:10,719 [pool-27-thread-1] INFO  server.RaftServerConfigKeys (ConfUtils.java:logGet(43)) - raft.server.log.write.buffer.size = 33554432 (custom)
2019-10-25 05:42:10,719 [pool-47-thread-1] INFO  segmented.SegmentedRaftLogWorker (SegmentedRaftLogWorker.java:<init>(173)) - new 61d80c3a-7652-449d-b68e-5fa718f84473@group-3C624E7D626D-SegmentedRaftLogWorker for RaftStorage:Storage Directory /workdir/hadoop-ozone/integration-test/target/test-dir/MiniOzoneClusterImpl-930516e5-2413-421c-8e65-2cdb10067440/datanode-2/data/ratis/0848f226-dc42-44d7-9556-3c624e7d626d
2019-10-25 05:42:10,720 [pool-27-thread-1] INFO  server.RaftServerConfigKeys (ConfUtils.java:logGet(43)) - raft.server.log.force.sync.num = 128 (default)
2019-10-25 05:42:10,720 [pool-59-thread-1] INFO  server.RaftServerConfigKeys (ConfUtils.java:logGet(43)) - raft.server.log.segment.size.max = 1048576 (custom)
2019-10-25 05:42:10,720 [pool-27-thread-1] INFO  server.RaftServerConfigKeys (ConfUtils.java:logGet(43)) - raft.server.log.statemachine.data.sync = true (default)
2019-10-25 05:42:10,720 [pool-47-thread-1] INFO  server.RaftServerConfigKeys (ConfUtils.java:logGet(43)) - raft.server.log.queue.byte-limit = 2147483647 (custom)
2019-10-25 05:42:10,720 [pool-27-thread-1] INFO  server.RaftServerConfigKeys (ConfUtils.java:logGet(43)) - raft.server.log.statemachine.data.sync.timeout = 10s (default)
2019-10-25 05:42:10,720 [pool-59-thread-1] INFO  server.RaftServerConfigKeys (ConfUtils.java:logGet(43)) - raft.server.log.segment.cache.num.max = 2 (custom)
2019-10-25 05:42:10,720 [pool-27-thread-1] INFO  server.RaftServerConfigKeys (ConfUtils.java:logGet(43)) - raft.server.log.statemachine.data.sync.timeout.retry = -1 (default)
2019-10-25 05:42:10,720 [pool-47-thread-1] INFO  server.RaftServerConfigKeys (ConfUtils.java:logGet(43)) - raft.server.log.queue.element-limit = 1024 (custom)
2019-10-25 05:42:10,720 [pool-59-thread-1] INFO  segmented.SegmentedRaftLogWorker (SegmentedRaftLogWorker.java:<init>(173)) - new 07cbec61-e91b-416e-becf-32794c7f01be@group-3C624E7D626D-SegmentedRaftLogWorker for RaftStorage:Storage Directory /workdir/hadoop-ozone/integration-test/target/test-dir/MiniOzoneClusterImpl-930516e5-2413-421c-8e65-2cdb10067440/datanode-1/data/ratis/0848f226-dc42-44d7-9556-3c624e7d626d
2019-10-25 05:42:10,721 [pool-27-thread-1] INFO  server.RaftServerConfigKeys (ConfUtils.java:logGet(43)) - raft.server.log.statemachine.data.caching.enabled = true (custom)
2019-10-25 05:42:10,721 [pool-47-thread-1] INFO  server.RaftServerConfigKeys (ConfUtils.java:logGet(43)) - raft.server.log.segment.size.max = 1048576 (custom)
2019-10-25 05:42:10,721 [pool-59-thread-1] INFO  server.RaftServerConfigKeys (ConfUtils.java:logGet(43)) - raft.server.log.queue.byte-limit = 2147483647 (custom)
2019-10-25 05:42:10,721 [pool-47-thread-1] INFO  server.RaftServerConfigKeys (ConfUtils.java:logGet(43)) - raft.server.log.preallocated.size = 16384 (custom)
2019-10-25 05:42:10,721 [pool-59-thread-1] INFO  server.RaftServerConfigKeys (ConfUtils.java:logGet(43)) - raft.server.log.queue.element-limit = 1024 (custom)
2019-10-25 05:42:10,721 [pool-27-thread-1] INFO  segmented.SegmentedRaftLogWorker (SegmentedRaftLogWorker.java:lambda$new$0(128)) - 35510205-702a-42b0-9e73-ae326acfc6fe@group-3C624E7D626D-SegmentedRaftLogWorker: flushIndex: setUnconditionally 0 -> -1
2019-10-25 05:42:10,721 [pool-59-thread-1] INFO  server.RaftServerConfigKeys (ConfUtils.java:logGet(43)) - raft.server.log.segment.size.max = 1048576 (custom)
2019-10-25 05:42:10,721 [pool-47-thread-1] INFO  server.RaftServerConfigKeys (ConfUtils.java:logGet(43)) - raft.server.log.write.buffer.size = 33554432 (custom)
2019-10-25 05:42:10,721 [pool-27-thread-1] INFO  server.RaftServerConfigKeys (ConfUtils.java:logGet(43)) - raft.server.snapshot.auto.trigger.enabled = true (custom)
2019-10-25 05:42:10,721 [pool-59-thread-1] INFO  server.RaftServerConfigKeys (ConfUtils.java:logGet(43)) - raft.server.log.preallocated.size = 16384 (custom)
2019-10-25 05:42:10,722 [pool-27-thread-1] INFO  server.RaftServerConfigKeys (ConfUtils.java:logGet(43)) - raft.server.snapshot.auto.trigger.threshold = 10000 (custom)
2019-10-25 05:42:10,721 [pool-47-thread-1] INFO  server.RaftServerConfigKeys (ConfUtils.java:logGet(43)) - raft.server.log.force.sync.num = 128 (default)
2019-10-25 05:42:10,722 [pool-27-thread-1] INFO  server.RaftServerConfigKeys (ConfUtils.java:logGet(43)) - raft.server.snapshot.retention.file.num = 5 (custom)
2019-10-25 05:42:10,722 [pool-59-thread-1] INFO  server.RaftServerConfigKeys (ConfUtils.java:logGet(43)) - raft.server.log.write.buffer.size = 33554432 (custom)
2019-10-25 05:42:10,722 [pool-27-thread-1] INFO  server.RaftServerConfigKeys (ConfUtils.java:logGet(43)) - raft.server.retrycache.expirytime = 600000ms (custom)
2019-10-25 05:42:10,722 [pool-47-thread-1] INFO  server.RaftServerConfigKeys (ConfUtils.java:logGet(43)) - raft.server.log.statemachine.data.sync = true (default)
2019-10-25 05:42:10,722 [pool-27-thread-1] WARN  impl.MetricRegistriesImpl (MetricRegistriesImpl.java:lambda$create$1(61)) - First MetricRegistry has been created without registering reporters. You may need to call MetricRegistries.global().addReportRegistration(...) before.
2019-10-25 05:42:10,722 [pool-59-thread-1] INFO  server.RaftServerConfigKeys (ConfUtils.java:logGet(43)) - raft.server.log.force.sync.num = 128 (default)
2019-10-25 05:42:10,722 [pool-27-thread-1] WARN  impl.MetricRegistriesImpl (MetricRegistriesImpl.java:lambda$create$1(61)) - First MetricRegistry has been created without registering reporters. You may need to call MetricRegistries.global().addReportRegistration(...) before.
2019-10-25 05:42:10,722 [pool-59-thread-1] INFO  server.RaftServerConfigKeys (ConfUtils.java:logGet(43)) - raft.server.log.statemachine.data.sync = true (default)
2019-10-25 05:42:10,722 [pool-47-thread-1] INFO  server.RaftServerConfigKeys (ConfUtils.java:logGet(43)) - raft.server.log.statemachine.data.sync.timeout = 10s (default)
2019-10-25 05:42:10,723 [pool-59-thread-1] INFO  server.RaftServerConfigKeys (ConfUtils.java:logGet(43)) - raft.server.log.statemachine.data.sync.timeout = 10s (default)
2019-10-25 05:42:10,723 [pool-27-thread-1] INFO  impl.RaftServerImpl (RaftServerImpl.java:start(184)) - 35510205-702a-42b0-9e73-ae326acfc6fe@group-3C624E7D626D: start as a follower, conf=-1: [61d80c3a-7652-449d-b68e-5fa718f84473:192.168.157.195:45627, 07cbec61-e91b-416e-becf-32794c7f01be:192.168.157.195:42361, 35510205-702a-42b0-9e73-ae326acfc6fe:192.168.157.195:43594], old=null
2019-10-25 05:42:10,723 [pool-59-thread-1] INFO  server.RaftServerConfigKeys (ConfUtils.java:logGet(43)) - raft.server.log.statemachine.data.sync.timeout.retry = -1 (default)
2019-10-25 05:42:10,723 [pool-47-thread-1] INFO  server.RaftServerConfigKeys (ConfUtils.java:logGet(43)) - raft.server.log.statemachine.data.sync.timeout.retry = -1 (default)
2019-10-25 05:42:10,723 [pool-27-thread-1] INFO  impl.RaftServerImpl (RaftServerImpl.java:setRole(173)) - 35510205-702a-42b0-9e73-ae326acfc6fe@group-3C624E7D626D: changes role from      null to FOLLOWER at term 0 for startAsFollower
2019-10-25 05:42:10,723 [pool-47-thread-1] INFO  server.RaftServerConfigKeys (ConfUtils.java:logGet(43)) - raft.server.log.statemachine.data.caching.enabled = true (custom)
2019-10-25 05:42:10,723 [pool-59-thread-1] INFO  server.RaftServerConfigKeys (ConfUtils.java:logGet(43)) - raft.server.log.statemachine.data.caching.enabled = true (custom)
2019-10-25 05:42:10,723 [pool-27-thread-1] INFO  impl.RoleInfo (RoleInfo.java:updateAndGet(143)) - 35510205-702a-42b0-9e73-ae326acfc6fe: start FollowerState
2019-10-25 05:42:10,723 [pool-47-thread-1] INFO  segmented.SegmentedRaftLogWorker (SegmentedRaftLogWorker.java:lambda$new$0(128)) - 61d80c3a-7652-449d-b68e-5fa718f84473@group-3C624E7D626D-SegmentedRaftLogWorker: flushIndex: setUnconditionally 0 -> -1
2019-10-25 05:42:10,724 [pool-59-thread-1] INFO  segmented.SegmentedRaftLogWorker (SegmentedRaftLogWorker.java:lambda$new$0(128)) - 07cbec61-e91b-416e-becf-32794c7f01be@group-3C624E7D626D-SegmentedRaftLogWorker: flushIndex: setUnconditionally 0 -> -1
2019-10-25 05:42:10,724 [pool-47-thread-1] INFO  server.RaftServerConfigKeys (ConfUtils.java:logGet(43)) - raft.server.snapshot.auto.trigger.enabled = true (custom)
2019-10-25 05:42:10,724 [pool-59-thread-1] INFO  server.RaftServerConfigKeys (ConfUtils.java:logGet(43)) - raft.server.snapshot.auto.trigger.enabled = true (custom)
2019-10-25 05:42:10,724 [pool-27-thread-1] INFO  util.JmxRegister (JmxRegister.java:tryRegister(44)) - Successfully registered JMX Bean with object name Ratis:service=RaftServer,group=group-3C624E7D626D,id=35510205-702a-42b0-9e73-ae326acfc6fe
2019-10-25 05:42:10,724 [pool-59-thread-1] INFO  server.RaftServerConfigKeys (ConfUtils.java:logGet(43)) - raft.server.snapshot.auto.trigger.threshold = 10000 (custom)
2019-10-25 05:42:10,724 [pool-47-thread-1] INFO  server.RaftServerConfigKeys (ConfUtils.java:logGet(43)) - raft.server.snapshot.auto.trigger.threshold = 10000 (custom)
2019-10-25 05:42:10,724 [pool-59-thread-1] INFO  server.RaftServerConfigKeys (ConfUtils.java:logGet(43)) - raft.server.snapshot.retention.file.num = 5 (custom)
2019-10-25 05:42:10,724 [pool-27-thread-1] WARN  impl.MetricRegistriesImpl (MetricRegistriesImpl.java:lambda$create$1(61)) - First MetricRegistry has been created without registering reporters. You may need to call MetricRegistries.global().addReportRegistration(...) before.
2019-10-25 05:42:10,724 [pool-59-thread-1] INFO  server.RaftServerConfigKeys (ConfUtils.java:logGet(43)) - raft.server.retrycache.expirytime = 600000ms (custom)
2019-10-25 05:42:10,724 [pool-47-thread-1] INFO  server.RaftServerConfigKeys (ConfUtils.java:logGet(43)) - raft.server.snapshot.retention.file.num = 5 (custom)
2019-10-25 05:42:10,725 [pool-59-thread-1] WARN  impl.MetricRegistriesImpl (MetricRegistriesImpl.java:lambda$create$1(61)) - First MetricRegistry has been created without registering reporters. You may need to call MetricRegistries.global().addReportRegistration(...) before.
2019-10-25 05:42:10,725 [pool-47-thread-1] INFO  server.RaftServerConfigKeys (ConfUtils.java:logGet(43)) - raft.server.retrycache.expirytime = 600000ms (custom)
2019-10-25 05:42:10,725 [pool-59-thread-1] WARN  impl.MetricRegistriesImpl (MetricRegistriesImpl.java:lambda$create$1(61)) - First MetricRegistry has been created without registering reporters. You may need to call MetricRegistries.global().addReportRegistration(...) before.
2019-10-25 05:42:10,725 [pool-47-thread-1] WARN  impl.MetricRegistriesImpl (MetricRegistriesImpl.java:lambda$create$1(61)) - First MetricRegistry has been created without registering reporters. You may need to call MetricRegistries.global().addReportRegistration(...) before.
2019-10-25 05:42:10,725 [pool-47-thread-1] WARN  impl.MetricRegistriesImpl (MetricRegistriesImpl.java:lambda$create$1(61)) - First MetricRegistry has been created without registering reporters. You may need to call MetricRegistries.global().addReportRegistration(...) before.
2019-10-25 05:42:10,725 [pool-59-thread-1] INFO  impl.RaftServerImpl (RaftServerImpl.java:start(184)) - 07cbec61-e91b-416e-becf-32794c7f01be@group-3C624E7D626D: start as a follower, conf=-1: [61d80c3a-7652-449d-b68e-5fa718f84473:192.168.157.195:45627, 07cbec61-e91b-416e-becf-32794c7f01be:192.168.157.195:42361, 35510205-702a-42b0-9e73-ae326acfc6fe:192.168.157.195:43594], old=null
2019-10-25 05:42:10,725 [pool-47-thread-1] INFO  impl.RaftServerImpl (RaftServerImpl.java:start(184)) - 61d80c3a-7652-449d-b68e-5fa718f84473@group-3C624E7D626D: start as a follower, conf=-1: [61d80c3a-7652-449d-b68e-5fa718f84473:192.168.157.195:45627, 07cbec61-e91b-416e-becf-32794c7f01be:192.168.157.195:42361, 35510205-702a-42b0-9e73-ae326acfc6fe:192.168.157.195:43594], old=null
2019-10-25 05:42:10,725 [pool-59-thread-1] INFO  impl.RaftServerImpl (RaftServerImpl.java:setRole(173)) - 07cbec61-e91b-416e-becf-32794c7f01be@group-3C624E7D626D: changes role from      null to FOLLOWER at term 0 for startAsFollower
2019-10-25 05:42:10,725 [pool-47-thread-1] INFO  impl.RaftServerImpl (RaftServerImpl.java:setRole(173)) - 61d80c3a-7652-449d-b68e-5fa718f84473@group-3C624E7D626D: changes role from      null to FOLLOWER at term 0 for startAsFollower
2019-10-25 05:42:10,725 [pool-59-thread-1] INFO  impl.RoleInfo (RoleInfo.java:updateAndGet(143)) - 07cbec61-e91b-416e-becf-32794c7f01be: start FollowerState
2019-10-25 05:42:10,727 [pool-47-thread-1] INFO  impl.RoleInfo (RoleInfo.java:updateAndGet(143)) - 61d80c3a-7652-449d-b68e-5fa718f84473: start FollowerState
2019-10-25 05:42:10,728 [pool-59-thread-1] INFO  util.JmxRegister (JmxRegister.java:tryRegister(44)) - Successfully registered JMX Bean with object name Ratis:service=RaftServer,group=group-3C624E7D626D,id=07cbec61-e91b-416e-becf-32794c7f01be
2019-10-25 05:42:10,728 [pool-47-thread-1] INFO  util.JmxRegister (JmxRegister.java:tryRegister(44)) - Successfully registered JMX Bean with object name Ratis:service=RaftServer,group=group-3C624E7D626D,id=61d80c3a-7652-449d-b68e-5fa718f84473
2019-10-25 05:42:10,728 [pool-59-thread-1] WARN  impl.MetricRegistriesImpl (MetricRegistriesImpl.java:lambda$create$1(61)) - First MetricRegistry has been created without registering reporters. You may need to call MetricRegistries.global().addReportRegistration(...) before.
2019-10-25 05:42:10,728 [pool-47-thread-1] WARN  impl.MetricRegistriesImpl (MetricRegistriesImpl.java:lambda$create$1(61)) - First MetricRegistry has been created without registering reporters. You may need to call MetricRegistries.global().addReportRegistration(...) before.
2019-10-25 05:42:10,736 [RatisPipelineUtilsThread] INFO  pipeline.PipelineStateManager (PipelineStateManager.java:addPipeline(56)) - Created pipeline Pipeline[ Id: 0848f226-dc42-44d7-9556-3c624e7d626d, Nodes: 07cbec61-e91b-416e-becf-32794c7f01be{ip: 192.168.157.195, host: pr-hdds-1701-sv9gv-972070529, networkLocation: /default-rack, certSerialId: null}35510205-702a-42b0-9e73-ae326acfc6fe{ip: 192.168.157.195, host: pr-hdds-1701-sv9gv-972070529, networkLocation: /default-rack, certSerialId: null}61d80c3a-7652-449d-b68e-5fa718f84473{ip: 192.168.157.195, host: pr-hdds-1701-sv9gv-972070529, networkLocation: /default-rack, certSerialId: null}, Type:RATIS, Factor:THREE, State:OPEN]
2019-10-25 05:42:10,869 [EventQueue-PendingDeleteStatusForPendingDeleteHandler] INFO  block.SCMBlockDeletingService (SCMBlockDeletingService.java:handlePendingDeletes(115)) - Block deletion txnID mismatch in datanode 07cbec61-e91b-416e-becf-32794c7f01be for containerID 1. Datanode delete txnID: 0, SCM txnID: 1
2019-10-25 05:42:11,170 [EventQueue-PendingDeleteStatusForPendingDeleteHandler] INFO  block.SCMBlockDeletingService (SCMBlockDeletingService.java:handlePendingDeletes(115)) - Block deletion txnID mismatch in datanode 07cbec61-e91b-416e-becf-32794c7f01be for containerID 1. Datanode delete txnID: 0, SCM txnID: 1
2019-10-25 05:42:11,288 [pool-7-thread-2] INFO  commands.RetriableDatanodeEventWatcher (RetriableDatanodeEventWatcher.java:onTimeout(47)) - RetriableDatanodeCommand type=deleteBlocksCommand with id=1571982123286 timed out. Retrying.
2019-10-25 05:42:11,289 [pool-7-thread-5] INFO  commands.RetriableDatanodeEventWatcher (RetriableDatanodeEventWatcher.java:onTimeout(47)) - RetriableDatanodeCommand type=deleteBlocksCommand with id=1571982123287 timed out. Retrying.
2019-10-25 05:42:11,291 [SCMBlockDeletingService#1] INFO  block.SCMBlockDeletingService (SCMBlockDeletingService.java:call(184)) - Totally added 1 delete blocks command for 1 datanodes, task elapsed time: 1ms
2019-10-25 05:42:11,294 [pool-7-thread-2] INFO  commands.RetriableDatanodeEventWatcher (RetriableDatanodeEventWatcher.java:onTimeout(47)) - RetriableDatanodeCommand type=deleteBlocksCommand with id=1571982123283 timed out. Retrying.
2019-10-25 05:42:11,294 [pool-7-thread-5] INFO  commands.RetriableDatanodeEventWatcher (RetriableDatanodeEventWatcher.java:onTimeout(47)) - RetriableDatanodeCommand type=deleteBlocksCommand with id=1571982123281 timed out. Retrying.
2019-10-25 05:42:11,294 [pool-7-thread-6] INFO  commands.RetriableDatanodeEventWatcher (RetriableDatanodeEventWatcher.java:onTimeout(47)) - RetriableDatanodeCommand type=deleteBlocksCommand with id=1571982123284 timed out. Retrying.
2019-10-25 05:42:11,294 [pool-7-thread-1] INFO  commands.RetriableDatanodeEventWatcher (RetriableDatanodeEventWatcher.java:onTimeout(47)) - RetriableDatanodeCommand type=deleteBlocksCommand with id=1571982123285 timed out. Retrying.
2019-10-25 05:42:11,295 [pool-7-thread-4] INFO  commands.RetriableDatanodeEventWatcher (RetriableDatanodeEventWatcher.java:onTimeout(47)) - RetriableDatanodeCommand type=deleteBlocksCommand with id=1571982123282 timed out. Retrying.
2019-10-25 05:42:11,295 [pool-7-thread-3] INFO  commands.RetriableDatanodeEventWatcher (RetriableDatanodeEventWatcher.java:onTimeout(47)) - RetriableDatanodeCommand type=deleteBlocksCommand with id=1571982123278 timed out. Retrying.
2019-10-25 05:42:11,351 [BlockDeletingService#9] WARN  background.BlockDeletingService (BlockDeletingService.java:isDeletionAllowed(187)) - Close Container log Index 6 is not replicated across allthe servers in the pipeline c5632910-c548-43bf-b295-e436c85fad58 as the min replicated index is 4. Deletion is not allowed in this container yet.
2019-10-25 05:42:11,351 [BlockDeletingService#6] WARN  background.BlockDeletingService (BlockDeletingService.java:isDeletionAllowed(187)) - Close Container log Index 6 is not replicated across allthe servers in the pipeline c5632910-c548-43bf-b295-e436c85fad58 as the min replicated index is 4. Deletion is not allowed in this container yet.
2019-10-25 05:42:11,370 [EventQueue-PendingDeleteStatusForPendingDeleteHandler] INFO  block.SCMBlockDeletingService (SCMBlockDeletingService.java:handlePendingDeletes(115)) - Block deletion txnID mismatch in datanode 07cbec61-e91b-416e-becf-32794c7f01be for containerID 1. Datanode delete txnID: 0, SCM txnID: 1
2019-10-25 05:42:11,581 [Command processor thread] INFO  commandhandler.DeleteBlocksCommandHandler (DeleteBlocksCommandHandler.java:handle(106)) - Start to delete container blocks, TXIDs=[1(0)], numOfContainers=1, numOfBlocks=1
2019-10-25 05:42:11,582 [Command processor thread] INFO  commandhandler.DeleteBlocksCommandHandler (DeleteBlocksCommandHandler.java:handle(106)) - Start to delete container blocks, TXIDs=[1(2)], numOfContainers=1, numOfBlocks=1
2019-10-25 05:42:11,582 [Command processor thread] INFO  commandhandler.DeleteBlocksCommandHandler (DeleteBlocksCommandHandler.java:handle(106)) - Start to delete container blocks, TXIDs=[1(0)], numOfContainers=1, numOfBlocks=1
2019-10-25 05:42:11,582 [Command processor thread] INFO  commandhandler.DeleteBlocksCommandHandler (DeleteBlocksCommandHandler.java:handle(106)) - Start to delete container blocks, TXIDs=[1(2)], numOfContainers=1, numOfBlocks=1
2019-10-25 05:42:11,582 [Command processor thread] INFO  commandhandler.DeleteBlocksCommandHandler (DeleteBlocksCommandHandler.java:handle(106)) - Start to delete container blocks, TXIDs=[1(2)], numOfContainers=1, numOfBlocks=1
2019-10-25 05:42:11,582 [Command processor thread] INFO  commandhandler.DeleteBlocksCommandHandler (DeleteBlocksCommandHandler.java:handle(106)) - Start to delete container blocks, TXIDs=[1(0)], numOfContainers=1, numOfBlocks=1
2019-10-25 05:42:11,583 [Command processor thread] INFO  commandhandler.DeleteBlocksCommandHandler (DeleteBlocksCommandHandler.java:handle(106)) - Start to delete container blocks, TXIDs=[1(2)], numOfContainers=1, numOfBlocks=1
2019-10-25 05:42:11,583 [Command processor thread] INFO  commandhandler.DeleteBlocksCommandHandler (DeleteBlocksCommandHandler.java:handle(106)) - Start to delete container blocks, TXIDs=[1(2)], numOfContainers=1, numOfBlocks=1
2019-10-25 05:42:11,583 [Command processor thread] INFO  commandhandler.DeleteBlocksCommandHandler (DeleteBlocksCommandHandler.java:handle(106)) - Start to delete container blocks, TXIDs=[1(0)], numOfContainers=1, numOfBlocks=1
2019-10-25 05:42:11,583 [Command processor thread] INFO  commandhandler.DeleteBlocksCommandHandler (DeleteBlocksCommandHandler.java:handle(106)) - Start to delete container blocks, TXIDs=[1(2)], numOfContainers=1, numOfBlocks=1
2019-10-25 05:42:11,583 [Command processor thread] INFO  commandhandler.DeleteBlocksCommandHandler (DeleteBlocksCommandHandler.java:handle(106)) - Start to delete container blocks, TXIDs=[1(2)], numOfContainers=1, numOfBlocks=1
2019-10-25 05:42:11,584 [Command processor thread] INFO  commandhandler.DeleteBlocksCommandHandler (DeleteBlocksCommandHandler.java:handle(106)) - Start to delete container blocks, TXIDs=[1(0)], numOfContainers=1, numOfBlocks=1
2019-10-25 05:42:11,584 [Command processor thread] INFO  commandhandler.DeleteBlocksCommandHandler (DeleteBlocksCommandHandler.java:handle(106)) - Start to delete container blocks, TXIDs=[1(2)], numOfContainers=1, numOfBlocks=1
2019-10-25 05:42:11,584 [Command processor thread] INFO  commandhandler.DeleteBlocksCommandHandler (DeleteBlocksCommandHandler.java:handle(106)) - Start to delete container blocks, TXIDs=[1(2)], numOfContainers=1, numOfBlocks=1
2019-10-25 05:42:11,584 [Command processor thread] INFO  commandhandler.DeleteBlocksCommandHandler (DeleteBlocksCommandHandler.java:handle(106)) - Start to delete container blocks, TXIDs=[1(2)], numOfContainers=1, numOfBlocks=1
2019-10-25 05:42:11,584 [Command processor thread] INFO  commandhandler.DeleteBlocksCommandHandler (DeleteBlocksCommandHandler.java:handle(106)) - Start to delete container blocks, TXIDs=[1(2)], numOfContainers=1, numOfBlocks=1
2019-10-25 05:42:11,585 [Command processor thread] INFO  commandhandler.DeleteBlocksCommandHandler (DeleteBlocksCommandHandler.java:handle(106)) - Start to delete container blocks, TXIDs=[1(2)], numOfContainers=1, numOfBlocks=1
2019-10-25 05:42:11,585 [Command processor thread] INFO  commandhandler.DeleteBlocksCommandHandler (DeleteBlocksCommandHandler.java:handle(106)) - Start to delete container blocks, TXIDs=[1(0)], numOfContainers=1, numOfBlocks=1
2019-10-25 05:42:11,585 [Command processor thread] INFO  commandhandler.DeleteBlocksCommandHandler (DeleteBlocksCommandHandler.java:handle(106)) - Start to delete container blocks, TXIDs=[1(2)], numOfContainers=1, numOfBlocks=1
2019-10-25 05:42:11,585 [Command processor thread] INFO  commandhandler.DeleteBlocksCommandHandler (DeleteBlocksCommandHandler.java:handle(106)) - Start to delete container blocks, TXIDs=[1(2)], numOfContainers=1, numOfBlocks=1
2019-10-25 05:42:11,585 [Command processor thread] INFO  commandhandler.DeleteBlocksCommandHandler (DeleteBlocksCommandHandler.java:handle(106)) - Start to delete container blocks, TXIDs=[1(2)], numOfContainers=1, numOfBlocks=1
2019-10-25 05:42:11,586 [Command processor thread] INFO  commandhandler.DeleteBlocksCommandHandler (DeleteBlocksCommandHandler.java:handle(106)) - Start to delete container blocks, TXIDs=[1(2)], numOfContainers=1, numOfBlocks=1
2019-10-25 05:42:11,586 [Command processor thread] INFO  commandhandler.DeleteBlocksCommandHandler (DeleteBlocksCommandHandler.java:handle(106)) - Start to delete container blocks, TXIDs=[1(2)], numOfContainers=1, numOfBlocks=1
2019-10-25 05:42:11,586 [Command processor thread] INFO  commandhandler.DeleteBlocksCommandHandler (DeleteBlocksCommandHandler.java:handle(106)) - Start to delete container blocks, TXIDs=[1(2)], numOfContainers=1, numOfBlocks=1
2019-10-25 05:42:11,586 [Command processor thread] INFO  commandhandler.DeleteBlocksCommandHandler (DeleteBlocksCommandHandler.java:handle(106)) - Start to delete container blocks, TXIDs=[1(2)], numOfContainers=1, numOfBlocks=1
2019-10-25 05:42:11,586 [Command processor thread] INFO  commandhandler.DeleteBlocksCommandHandler (DeleteBlocksCommandHandler.java:handle(106)) - Start to delete container blocks, TXIDs=[1(2)], numOfContainers=1, numOfBlocks=1
2019-10-25 05:42:11,587 [Command processor thread] INFO  commandhandler.DeleteBlocksCommandHandler (DeleteBlocksCommandHandler.java:handle(106)) - Start to delete container blocks, TXIDs=[1(2)], numOfContainers=1, numOfBlocks=1
2019-10-25 05:42:11,587 [Command processor thread] INFO  commandhandler.DeleteBlocksCommandHandler (DeleteBlocksCommandHandler.java:handle(106)) - Start to delete container blocks, TXIDs=[1(0)], numOfContainers=1, numOfBlocks=1
2019-10-25 05:42:11,587 [Command processor thread] INFO  commandhandler.DeleteBlocksCommandHandler (DeleteBlocksCommandHandler.java:handle(106)) - Start to delete container blocks, TXIDs=[1(2)], numOfContainers=1, numOfBlocks=1
2019-10-25 05:42:11,587 [Command processor thread] INFO  commandhandler.DeleteBlocksCommandHandler (DeleteBlocksCommandHandler.java:handle(106)) - Start to delete container blocks, TXIDs=[1(2)], numOfContainers=1, numOfBlocks=1
2019-10-25 05:42:11,587 [Command processor thread] INFO  commandhandler.DeleteBlocksCommandHandler (DeleteBlocksCommandHandler.java:handle(106)) - Start to delete container blocks, TXIDs=[1(2)], numOfContainers=1, numOfBlocks=1
2019-10-25 05:42:11,588 [Command processor thread] INFO  commandhandler.DeleteBlocksCommandHandler (DeleteBlocksCommandHandler.java:handle(106)) - Start to delete container blocks, TXIDs=[1(2)], numOfContainers=1, numOfBlocks=1
2019-10-25 05:42:11,588 [Command processor thread] INFO  commandhandler.DeleteBlocksCommandHandler (DeleteBlocksCommandHandler.java:handle(106)) - Start to delete container blocks, TXIDs=[1(2)], numOfContainers=1, numOfBlocks=1
2019-10-25 05:42:11,588 [Command processor thread] INFO  commandhandler.DeleteBlocksCommandHandler (DeleteBlocksCommandHandler.java:handle(106)) - Start to delete container blocks, TXIDs=[1(2)], numOfContainers=1, numOfBlocks=1
2019-10-25 05:42:11,588 [Command processor thread] INFO  commandhandler.DeleteBlocksCommandHandler (DeleteBlocksCommandHandler.java:handle(106)) - Start to delete container blocks, TXIDs=[1(2)], numOfContainers=1, numOfBlocks=1
2019-10-25 05:42:11,590 [Command processor thread] INFO  commandhandler.DeleteBlocksCommandHandler (DeleteBlocksCommandHandler.java:handle(106)) - Start to delete container blocks, TXIDs=[1(0)], numOfContainers=1, numOfBlocks=1
2019-10-25 05:42:11,590 [Command processor thread] INFO  commandhandler.DeleteBlocksCommandHandler (DeleteBlocksCommandHandler.java:handle(106)) - Start to delete container blocks, TXIDs=[1(2)], numOfContainers=1, numOfBlocks=1
2019-10-25 05:42:11,591 [Command processor thread] INFO  commandhandler.DeleteBlocksCommandHandler (DeleteBlocksCommandHandler.java:handle(106)) - Start to delete container blocks, TXIDs=[1(2)], numOfContainers=1, numOfBlocks=1
2019-10-25 05:42:11,591 [Command processor thread] INFO  commandhandler.DeleteBlocksCommandHandler (DeleteBlocksCommandHandler.java:handle(106)) - Start to delete container blocks, TXIDs=[1(38)], numOfContainers=1, numOfBlocks=1
2019-10-25 05:42:11,591 [Command processor thread] INFO  commandhandler.DeleteBlocksCommandHandler (DeleteBlocksCommandHandler.java:handle(106)) - Start to delete container blocks, TXIDs=[1(2)], numOfContainers=1, numOfBlocks=1
2019-10-25 05:42:11,591 [Command processor thread] INFO  commandhandler.DeleteBlocksCommandHandler (DeleteBlocksCommandHandler.java:handle(106)) - Start to delete container blocks, TXIDs=[1(2)], numOfContainers=1, numOfBlocks=1
2019-10-25 05:42:11,591 [Command processor thread] INFO  commandhandler.DeleteBlocksCommandHandler (DeleteBlocksCommandHandler.java:handle(106)) - Start to delete container blocks, TXIDs=[1(2)], numOfContainers=1, numOfBlocks=1
2019-10-25 05:42:11,591 [Command processor thread] INFO  commandhandler.DeleteBlocksCommandHandler (DeleteBlocksCommandHandler.java:handle(106)) - Start to delete container blocks, TXIDs=[1(2)], numOfContainers=1, numOfBlocks=1
2019-10-25 05:42:11,592 [Command processor thread] INFO  commandhandler.DeleteBlocksCommandHandler (DeleteBlocksCommandHandler.java:handle(106)) - Start to delete container blocks, TXIDs=[1(2)], numOfContainers=1, numOfBlocks=1
2019-10-25 05:42:11,592 [Command processor thread] INFO  commandhandler.DeleteBlocksCommandHandler (DeleteBlocksCommandHandler.java:handle(106)) - Start to delete container blocks, TXIDs=[1(0)], numOfContainers=1, numOfBlocks=1
2019-10-25 05:42:11,708 [Thread-561] INFO  impl.FollowerState (FollowerState.java:run(111)) - 07cbec61-e91b-416e-becf-32794c7f01be@group-E436C85FAD58-FollowerState: change to CANDIDATE, lastRpcTime:5129ms, electionTimeout:5129ms
2019-10-25 05:42:11,708 [Thread-561] INFO  impl.RoleInfo (RoleInfo.java:shutdownFollowerState(121)) - 07cbec61-e91b-416e-becf-32794c7f01be: shutdown FollowerState
2019-10-25 05:42:11,708 [Thread-561] INFO  impl.RaftServerImpl (RaftServerImpl.java:setRole(173)) - 07cbec61-e91b-416e-becf-32794c7f01be@group-E436C85FAD58: changes role from  FOLLOWER to CANDIDATE at term 1 for changeToCandidate
2019-10-25 05:42:11,708 [Thread-561] INFO  impl.RoleInfo (RoleInfo.java:updateAndGet(143)) - 07cbec61-e91b-416e-becf-32794c7f01be: start LeaderElection
2019-10-25 05:42:11,716 [07cbec61-e91b-416e-becf-32794c7f01be@group-E436C85FAD58-LeaderElection5] INFO  impl.LeaderElection (LeaderElection.java:askForVotes(178)) - 07cbec61-e91b-416e-becf-32794c7f01be@group-E436C85FAD58-LeaderElection5: begin an election at term 2 for 0: [61d80c3a-7652-449d-b68e-5fa718f84473:192.168.157.195:45627, 07cbec61-e91b-416e-becf-32794c7f01be:192.168.157.195:42361, 35510205-702a-42b0-9e73-ae326acfc6fe:192.168.157.195:43594], old=null
2019-10-25 05:42:11,728 [grpc-default-executor-0] INFO  impl.RaftServerImpl (ServerState.java:setLeader(255)) - 35510205-702a-42b0-9e73-ae326acfc6fe@group-E436C85FAD58: change Leader from 61d80c3a-7652-449d-b68e-5fa718f84473 to null at term 2 for updateCurrentTerm
2019-10-25 05:42:11,728 [grpc-default-executor-1] INFO  impl.RaftServerImpl (ServerState.java:setLeader(255)) - 61d80c3a-7652-449d-b68e-5fa718f84473@group-E436C85FAD58: change Leader from 61d80c3a-7652-449d-b68e-5fa718f84473 to null at term 2 for updateCurrentTerm
2019-10-25 05:42:11,728 [grpc-default-executor-0] INFO  impl.RaftServerImpl (RaftServerImpl.java:setRole(173)) - 35510205-702a-42b0-9e73-ae326acfc6fe@group-E436C85FAD58: changes role from  FOLLOWER to FOLLOWER at term 2 for recognizeCandidate:07cbec61-e91b-416e-becf-32794c7f01be
2019-10-25 05:42:11,728 [grpc-default-executor-1] INFO  impl.RaftServerImpl (RaftServerImpl.java:setRole(173)) - 61d80c3a-7652-449d-b68e-5fa718f84473@group-E436C85FAD58: changes role from    LEADER to FOLLOWER at term 2 for recognizeCandidate:07cbec61-e91b-416e-becf-32794c7f01be
2019-10-25 05:42:11,729 [grpc-default-executor-0] INFO  impl.RoleInfo (RoleInfo.java:shutdownFollowerState(121)) - 35510205-702a-42b0-9e73-ae326acfc6fe: shutdown FollowerState
2019-10-25 05:42:11,729 [grpc-default-executor-1] INFO  impl.RoleInfo (RoleInfo.java:shutdownLeaderState(104)) - 61d80c3a-7652-449d-b68e-5fa718f84473: shutdown LeaderState
2019-10-25 05:42:11,729 [grpc-default-executor-0] INFO  impl.RoleInfo (RoleInfo.java:updateAndGet(143)) - 35510205-702a-42b0-9e73-ae326acfc6fe: start FollowerState
2019-10-25 05:42:11,729 [Thread-241] INFO  impl.FollowerState (FollowerState.java:run(120)) - 35510205-702a-42b0-9e73-ae326acfc6fe@group-E436C85FAD58-FollowerState was interrupted: java.lang.InterruptedException: sleep interrupted
2019-10-25 05:42:11,731 [org.apache.ratis.server.impl.LogAppender$AppenderDaemon$$Lambda$570/159989160@656d7039] WARN  server.GrpcLogAppender (GrpcLogAppender.java:mayWait(149)) - 61d80c3a-7652-449d-b68e-5fa718f84473@group-E436C85FAD58->07cbec61-e91b-416e-becf-32794c7f01be-GrpcLogAppender: Wait interrupted by java.lang.InterruptedException
2019-10-25 05:42:11,731 [org.apache.ratis.server.impl.LogAppender$AppenderDaemon$$Lambda$570/159989160@126b1b4a] WARN  server.GrpcLogAppender (GrpcLogAppender.java:mayWait(149)) - 61d80c3a-7652-449d-b68e-5fa718f84473@group-E436C85FAD58->35510205-702a-42b0-9e73-ae326acfc6fe-GrpcLogAppender: Wait interrupted by java.lang.InterruptedException
2019-10-25 05:42:11,731 [grpc-default-executor-1] INFO  impl.PendingRequests (PendingRequests.java:sendNotLeaderResponses(206)) - 61d80c3a-7652-449d-b68e-5fa718f84473@group-E436C85FAD58-PendingRequests: sendNotLeaderResponses
2019-10-25 05:42:11,739 [grpc-default-executor-2] INFO  server.GrpcServerProtocolService (GrpcServerProtocolService.java:onCompleted(113)) - 35510205-702a-42b0-9e73-ae326acfc6fe: Completed APPEND_ENTRIES, lastRequest: 61d80c3a-7652-449d-b68e-5fa718f84473->35510205-702a-42b0-9e73-ae326acfc6fe#54-t1, previous=(t:1, i:10), leaderCommit=10, initializing? false, entries: <empty>
2019-10-25 05:42:11,740 [Thread-600] INFO  client.GrpcClientProtocolService (GrpcClientProtocolService.java:lambda$processClientRequest$0(279)) - Failed RaftClientRequest:client-042E50236798->61d80c3a-7652-449d-b68e-5fa718f84473@group-E436C85FAD58, cid=10, seq=0, Watch-ALL_COMMITTED(6), Message:<EMPTY>, reply=RaftClientReply:client-042E50236798->61d80c3a-7652-449d-b68e-5fa718f84473@group-E436C85FAD58, cid=10, FAILED org.apache.ratis.protocol.NotLeaderException: Server 61d80c3a-7652-449d-b68e-5fa718f84473@group-E436C85FAD58 is not the leader, logIndex=0, commits[61d80c3a-7652-449d-b68e-5fa718f84473:c10, 07cbec61-e91b-416e-becf-32794c7f01be:c4, 35510205-702a-42b0-9e73-ae326acfc6fe:c10]
2019-10-25 05:42:11,740 [grpc-default-executor-1] INFO  impl.RoleInfo (RoleInfo.java:updateAndGet(143)) - 61d80c3a-7652-449d-b68e-5fa718f84473: start FollowerState
2019-10-25 05:42:11,744 [grpc-default-executor-4] INFO  server.GrpcLogAppender (GrpcLogAppender.java:onCompleted(308)) - 61d80c3a-7652-449d-b68e-5fa718f84473@group-E436C85FAD58->35510205-702a-42b0-9e73-ae326acfc6fe-AppendLogResponseHandler: follower responses appendEntries COMPLETED
2019-10-25 05:42:11,747 [grpc-default-executor-4] INFO  impl.FollowerInfo (FollowerInfo.java:lambda$new$0(51)) - 61d80c3a-7652-449d-b68e-5fa718f84473@group-E436C85FAD58->35510205-702a-42b0-9e73-ae326acfc6fe: nextIndex: updateUnconditionally 11 -> 10
2019-10-25 05:42:11,755 [Thread-560] INFO  impl.FollowerState (FollowerState.java:run(111)) - 07cbec61-e91b-416e-becf-32794c7f01be@group-E3343B269492-FollowerState: change to CANDIDATE, lastRpcTime:5176ms, electionTimeout:5176ms
2019-10-25 05:42:11,755 [Thread-560] INFO  impl.RoleInfo (RoleInfo.java:shutdownFollowerState(121)) - 07cbec61-e91b-416e-becf-32794c7f01be: shutdown FollowerState
2019-10-25 05:42:11,755 [Thread-560] INFO  impl.RaftServerImpl (RaftServerImpl.java:setRole(173)) - 07cbec61-e91b-416e-becf-32794c7f01be@group-E3343B269492: changes role from  FOLLOWER to CANDIDATE at term 1 for changeToCandidate
2019-10-25 05:42:11,755 [Thread-560] INFO  impl.RoleInfo (RoleInfo.java:updateAndGet(143)) - 07cbec61-e91b-416e-becf-32794c7f01be: start LeaderElection
2019-10-25 05:42:11,766 [07cbec61-e91b-416e-becf-32794c7f01be@group-E3343B269492-LeaderElection6] INFO  impl.LeaderElection (LeaderElection.java:askForVotes(178)) - 07cbec61-e91b-416e-becf-32794c7f01be@group-E3343B269492-LeaderElection6: begin an election at term 2 for 0: [07cbec61-e91b-416e-becf-32794c7f01be:192.168.157.195:42361], old=null
2019-10-25 05:42:11,766 [07cbec61-e91b-416e-becf-32794c7f01be@group-E3343B269492-LeaderElection6] INFO  impl.RoleInfo (RoleInfo.java:shutdownLeaderElection(134)) - 07cbec61-e91b-416e-becf-32794c7f01be: shutdown LeaderElection
2019-10-25 05:42:11,766 [07cbec61-e91b-416e-becf-32794c7f01be@group-E3343B269492-LeaderElection6] INFO  impl.RaftServerImpl (RaftServerImpl.java:setRole(173)) - 07cbec61-e91b-416e-becf-32794c7f01be@group-E3343B269492: changes role from CANDIDATE to LEADER at term 2 for changeToLeader
2019-10-25 05:42:11,766 [07cbec61-e91b-416e-becf-32794c7f01be@group-E3343B269492-LeaderElection6] INFO  impl.RaftServerImpl (ServerState.java:setLeader(255)) - 07cbec61-e91b-416e-becf-32794c7f01be@group-E3343B269492: change Leader from null to 07cbec61-e91b-416e-becf-32794c7f01be at term 2 for becomeLeader, leader elected after 7238ms
2019-10-25 05:42:11,769 [07cbec61-e91b-416e-becf-32794c7f01be@group-E3343B269492-LeaderElection6] INFO  server.RaftServerConfigKeys (ConfUtils.java:logGet(43)) - raft.server.staging.catchup.gap = 1000 (default)
2019-10-25 05:42:11,769 [07cbec61-e91b-416e-becf-32794c7f01be@group-E3343B269492-LeaderElection6] INFO  server.RaftServerConfigKeys (ConfUtils.java:logGet(43)) - raft.server.rpc.sleep.time = 25ms (default)
2019-10-25 05:42:11,771 [07cbec61-e91b-416e-becf-32794c7f01be@group-E3343B269492-LeaderElection6] INFO  server.RaftServerConfigKeys (ConfUtils.java:logGet(43)) - raft.server.write.element-limit = 4096 (default)
2019-10-25 05:42:11,771 [07cbec61-e91b-416e-becf-32794c7f01be@group-E3343B269492-LeaderElection6] INFO  server.RaftServerConfigKeys (ConfUtils.java:logGet(43)) - raft.server.watch.timeout = 10s (default)
2019-10-25 05:42:11,771 [07cbec61-e91b-416e-becf-32794c7f01be@group-E436C85FAD58-LeaderElection5] INFO  impl.LeaderElection (LeaderElection.java:logAndReturn(56)) - 07cbec61-e91b-416e-becf-32794c7f01be@group-E436C85FAD58-LeaderElection5: Election REJECTED; received 2 response(s) [07cbec61-e91b-416e-becf-32794c7f01be<-61d80c3a-7652-449d-b68e-5fa718f84473#0:FAIL-t2, 07cbec61-e91b-416e-becf-32794c7f01be<-35510205-702a-42b0-9e73-ae326acfc6fe#0:FAIL-t2] and 0 exception(s); 07cbec61-e91b-416e-becf-32794c7f01be@group-E436C85FAD58:t2, leader=null, voted=07cbec61-e91b-416e-becf-32794c7f01be, raftlog=07cbec61-e91b-416e-becf-32794c7f01be@group-E436C85FAD58-SegmentedRaftLog:OPENED:c3,f4,i4, conf=0: [61d80c3a-7652-449d-b68e-5fa718f84473:192.168.157.195:45627, 07cbec61-e91b-416e-becf-32794c7f01be:192.168.157.195:42361, 35510205-702a-42b0-9e73-ae326acfc6fe:192.168.157.195:43594], old=null
2019-10-25 05:42:11,772 [07cbec61-e91b-416e-becf-32794c7f01be@group-E3343B269492-LeaderElection6] INFO  server.RaftServerConfigKeys (ConfUtils.java:logGet(43)) - raft.server.watch.timeout.denomination = 1s (default)
2019-10-25 05:42:11,772 [07cbec61-e91b-416e-becf-32794c7f01be@group-E436C85FAD58-LeaderElection5] INFO  impl.RaftServerImpl (RaftServerImpl.java:setRole(173)) - 07cbec61-e91b-416e-becf-32794c7f01be@group-E436C85FAD58: changes role from CANDIDATE to FOLLOWER at term 2 for DISCOVERED_A_NEW_TERM
2019-10-25 05:42:11,773 [07cbec61-e91b-416e-becf-32794c7f01be@group-E3343B269492-LeaderElection6] INFO  server.RaftServerConfigKeys (ConfUtils.java:logGet(43)) - raft.server.watch.element-limit = 65536 (default)
2019-10-25 05:42:11,773 [07cbec61-e91b-416e-becf-32794c7f01be@group-E436C85FAD58-LeaderElection5] INFO  impl.RoleInfo (RoleInfo.java:shutdownLeaderElection(134)) - 07cbec61-e91b-416e-becf-32794c7f01be: shutdown LeaderElection
2019-10-25 05:42:11,773 [07cbec61-e91b-416e-becf-32794c7f01be@group-E436C85FAD58-LeaderElection5] INFO  impl.RoleInfo (RoleInfo.java:updateAndGet(143)) - 07cbec61-e91b-416e-becf-32794c7f01be: start FollowerState
2019-10-25 05:42:11,773 [07cbec61-e91b-416e-becf-32794c7f01be@group-E3343B269492-LeaderElection6] INFO  impl.RoleInfo (RoleInfo.java:updateAndGet(143)) - 07cbec61-e91b-416e-becf-32794c7f01be: start LeaderState
2019-10-25 05:42:11,777 [07cbec61-e91b-416e-becf-32794c7f01be@group-E3343B269492-LeaderElection6] INFO  segmented.SegmentedRaftLogWorker (SegmentedRaftLogWorker.java:rollLogSegment(390)) - 07cbec61-e91b-416e-becf-32794c7f01be@group-E3343B269492-SegmentedRaftLogWorker: Rolling segment log-0_0 to index:0
2019-10-25 05:42:11,779 [07cbec61-e91b-416e-becf-32794c7f01be@group-E3343B269492-LeaderElection6] INFO  impl.RaftServerImpl (ServerState.java:setRaftConf(356)) - 07cbec61-e91b-416e-becf-32794c7f01be@group-E3343B269492: set configuration 1: [07cbec61-e91b-416e-becf-32794c7f01be:192.168.157.195:42361], old=null at 1
2019-10-25 05:42:11,780 [07cbec61-e91b-416e-becf-32794c7f01be@group-E3343B269492-SegmentedRaftLogWorker] INFO  segmented.SegmentedRaftLogWorker (SegmentedRaftLogWorker.java:execute(533)) - 07cbec61-e91b-416e-becf-32794c7f01be@group-E3343B269492-SegmentedRaftLogWorker: Rolled log segment from /workdir/hadoop-ozone/integration-test/target/test-dir/MiniOzoneClusterImpl-930516e5-2413-421c-8e65-2cdb10067440/datanode-1/data/ratis/9ff54bc6-4246-4000-b6d7-e3343b269492/current/log_inprogress_0 to /workdir/hadoop-ozone/integration-test/target/test-dir/MiniOzoneClusterImpl-930516e5-2413-421c-8e65-2cdb10067440/datanode-1/data/ratis/9ff54bc6-4246-4000-b6d7-e3343b269492/current/log_0-0
2019-10-25 05:42:11,783 [EventQueue-DeleteBlockStatusForDeletedBlockLogImpl] WARN  block.DeletedBlockLogImpl (DeletedBlockLogImpl.java:commitTransactions(205)) - Transaction txId=1 commit by dnId=07cbec61-e91b-416e-becf-32794c7f01be for containerID=#1 failed. Corresponding entry not found.
2019-10-25 05:42:11,783 [EventQueue-DeleteBlockStatusForDeletedBlockLogImpl] WARN  block.DeletedBlockLogImpl (DeletedBlockLogImpl.java:commitTransactions(205)) - Transaction txId=1 commit by dnId=07cbec61-e91b-416e-becf-32794c7f01be for containerID=#1 failed. Corresponding entry not found.
2019-10-25 05:42:11,783 [EventQueue-DeleteBlockStatusForDeletedBlockLogImpl] WARN  block.DeletedBlockLogImpl (DeletedBlockLogImpl.java:commitTransactions(205)) - Transaction txId=1 commit by dnId=07cbec61-e91b-416e-becf-32794c7f01be for containerID=#1 failed. Corresponding entry not found.
2019-10-25 05:42:11,783 [EventQueue-DeleteBlockStatusForDeletedBlockLogImpl] WARN  block.DeletedBlockLogImpl (DeletedBlockLogImpl.java:commitTransactions(205)) - Transaction txId=1 commit by dnId=07cbec61-e91b-416e-becf-32794c7f01be for containerID=#1 failed. Corresponding entry not found.
2019-10-25 05:42:11,783 [EventQueue-DeleteBlockStatusForDeletedBlockLogImpl] WARN  block.DeletedBlockLogImpl (DeletedBlockLogImpl.java:commitTransactions(205)) - Transaction txId=1 commit by dnId=07cbec61-e91b-416e-becf-32794c7f01be for containerID=#1 failed. Corresponding entry not found.
2019-10-25 05:42:11,783 [EventQueue-DeleteBlockStatusForDeletedBlockLogImpl] WARN  block.DeletedBlockLogImpl (DeletedBlockLogImpl.java:commitTransactions(205)) - Transaction txId=1 commit by dnId=07cbec61-e91b-416e-becf-32794c7f01be for containerID=#1 failed. Corresponding entry not found.
2019-10-25 05:42:11,783 [EventQueue-DeleteBlockStatusForDeletedBlockLogImpl] WARN  block.DeletedBlockLogImpl (DeletedBlockLogImpl.java:commitTransactions(205)) - Transaction txId=1 commit by dnId=07cbec61-e91b-416e-becf-32794c7f01be for containerID=#1 failed. Corresponding entry not found.
2019-10-25 05:42:11,783 [EventQueue-DeleteBlockStatusForDeletedBlockLogImpl] WARN  block.DeletedBlockLogImpl (DeletedBlockLogImpl.java:commitTransactions(205)) - Transaction txId=1 commit by dnId=07cbec61-e91b-416e-becf-32794c7f01be for containerID=#1 failed. Corresponding entry not found.
2019-10-25 05:42:11,814 [07cbec61-e91b-416e-becf-32794c7f01be@group-E3343B269492-SegmentedRaftLogWorker] INFO  segmented.SegmentedRaftLogWorker (SegmentedRaftLogWorker.java:execute(576)) - 07cbec61-e91b-416e-becf-32794c7f01be@group-E3343B269492-SegmentedRaftLogWorker: created new log segment /workdir/hadoop-ozone/integration-test/target/test-dir/MiniOzoneClusterImpl-930516e5-2413-421c-8e65-2cdb10067440/datanode-1/data/ratis/9ff54bc6-4246-4000-b6d7-e3343b269492/current/log_inprogress_1
2019-10-25 05:42:11,861 [java.util.concurrent.ThreadPoolExecutor$Worker@aec7811[State = -1, empty queue]] WARN  server.GrpcLogAppender (GrpcLogAppender.java:timeoutAppendRequest(209)) - 61d80c3a-7652-449d-b68e-5fa718f84473@group-E436C85FAD58->07cbec61-e91b-416e-becf-32794c7f01be-GrpcLogAppender: appendEntries Timeout, request=61d80c3a-7652-449d-b68e-5fa718f84473->07cbec61-e91b-416e-becf-32794c7f01be#53-t1, previous=(t:1, i:10), leaderCommit=10, initializing? false, entries: <empty>
2019-10-25 05:42:12,352 [BlockDeletingService#9] WARN  background.BlockDeletingService (BlockDeletingService.java:isDeletionAllowed(187)) - Close Container log Index 6 is not replicated across allthe servers in the pipeline c5632910-c548-43bf-b295-e436c85fad58 as the min replicated index is 4. Deletion is not allowed in this container yet.
2019-10-25 05:42:12,353 [BlockDeletingService#6] WARN  background.BlockDeletingService (BlockDeletingService.java:isDeletionAllowed(187)) - Close Container log Index 6 is not replicated across allthe servers in the pipeline c5632910-c548-43bf-b295-e436c85fad58 as the min replicated index is 4. Deletion is not allowed in this container yet.
2019-10-25 05:42:12,752 [Thread-609] INFO  client.GrpcClientProtocolService (GrpcClientProtocolService.java:lambda$processClientRequest$0(279)) - Failed RaftClientRequest:client-042E50236798->35510205-702a-42b0-9e73-ae326acfc6fe@group-E436C85FAD58, cid=10, seq=0, Watch-ALL_COMMITTED(6), Message:<EMPTY>, reply=RaftClientReply:client-042E50236798->35510205-702a-42b0-9e73-ae326acfc6fe@group-E436C85FAD58, cid=10, FAILED org.apache.ratis.protocol.NotLeaderException: Server 35510205-702a-42b0-9e73-ae326acfc6fe@group-E436C85FAD58 is not the leader, logIndex=0, commits[35510205-702a-42b0-9e73-ae326acfc6fe:c10, 61d80c3a-7652-449d-b68e-5fa718f84473:c10, 07cbec61-e91b-416e-becf-32794c7f01be:c4]
2019-10-25 05:42:13,354 [BlockDeletingService#9] WARN  background.BlockDeletingService (BlockDeletingService.java:isDeletionAllowed(187)) - Close Container log Index 6 is not replicated across allthe servers in the pipeline c5632910-c548-43bf-b295-e436c85fad58 as the min replicated index is 4. Deletion is not allowed in this container yet.
2019-10-25 05:42:13,354 [BlockDeletingService#6] WARN  background.BlockDeletingService (BlockDeletingService.java:isDeletionAllowed(187)) - Close Container log Index 6 is not replicated across allthe servers in the pipeline c5632910-c548-43bf-b295-e436c85fad58 as the min replicated index is 4. Deletion is not allowed in this container yet.
2019-10-25 05:42:13,775 [Thread-615] INFO  client.GrpcClientProtocolService (GrpcClientProtocolService.java:lambda$processClientRequest$0(279)) - Failed RaftClientRequest:client-042E50236798->07cbec61-e91b-416e-becf-32794c7f01be@group-E436C85FAD58, cid=10, seq=0, Watch-ALL_COMMITTED(6), Message:<EMPTY>, reply=RaftClientReply:client-042E50236798->07cbec61-e91b-416e-becf-32794c7f01be@group-E436C85FAD58, cid=10, FAILED org.apache.ratis.protocol.NotLeaderException: Server 07cbec61-e91b-416e-becf-32794c7f01be@group-E436C85FAD58 is not the leader, logIndex=0, commits[07cbec61-e91b-416e-becf-32794c7f01be:c3]
2019-10-25 05:42:14,355 [BlockDeletingService#9] WARN  background.BlockDeletingService (BlockDeletingService.java:isDeletionAllowed(187)) - Close Container log Index 6 is not replicated across allthe servers in the pipeline c5632910-c548-43bf-b295-e436c85fad58 as the min replicated index is 4. Deletion is not allowed in this container yet.
2019-10-25 05:42:14,356 [BlockDeletingService#6] WARN  background.BlockDeletingService (BlockDeletingService.java:isDeletionAllowed(187)) - Close Container log Index 6 is not replicated across allthe servers in the pipeline c5632910-c548-43bf-b295-e436c85fad58 as the min replicated index is 4. Deletion is not allowed in this container yet.
2019-10-25 05:42:14,362 [java.util.concurrent.ThreadPoolExecutor$Worker@aec7811[State = -1, empty queue]] WARN  server.GrpcLogAppender (GrpcLogAppender.java:timeoutAppendRequest(209)) - 61d80c3a-7652-449d-b68e-5fa718f84473@group-E436C85FAD58->07cbec61-e91b-416e-becf-32794c7f01be-GrpcLogAppender: appendEntries Timeout, request=61d80c3a-7652-449d-b68e-5fa718f84473->07cbec61-e91b-416e-becf-32794c7f01be#54-t1, previous=(t:1, i:10), leaderCommit=10, initializing? false, entries: <empty>
]]></system-out>
    <system-err><![CDATA[ERROR StatusLogger No Log4j 2 configuration file found. Using default configuration (logging only errors to the console), or user programmatically provided configurations. Set system property 'log4j2.debug' to show Log4j 2 internal initialization logging. See https://logging.apache.org/log4j/2.x/manual/configuration.html for instructions on how to configure Log4j 2
Oct 25, 2019 5:40:27 AM org.apache.ratis.thirdparty.io.grpc.internal.SerializingExecutor run
SEVERE: Exception while executing runnable org.apache.ratis.thirdparty.io.grpc.internal.ServerImpl$JumpToApplicationThreadServerStreamListener$1Closed@292fb4f6
org.apache.ratis.thirdparty.io.grpc.StatusRuntimeException: CANCELLED: call already cancelled
	at org.apache.ratis.thirdparty.io.grpc.Status.asRuntimeException(Status.java:517)
	at org.apache.ratis.thirdparty.io.grpc.stub.ServerCalls$ServerCallStreamObserverImpl.onCompleted(ServerCalls.java:356)
	at org.apache.ratis.grpc.server.GrpcServerProtocolService$ServerRequestStreamObserver.onError(GrpcServerProtocolService.java:121)
	at org.apache.ratis.thirdparty.io.grpc.stub.ServerCalls$StreamingServerCallHandler$StreamingServerCallListener.onCancel(ServerCalls.java:269)
	at org.apache.ratis.thirdparty.io.grpc.internal.ServerCallImpl$ServerStreamListenerImpl.closed(ServerCallImpl.java:293)
	at org.apache.ratis.thirdparty.io.grpc.internal.ServerImpl$JumpToApplicationThreadServerStreamListener$1Closed.runInContext(ServerImpl.java:741)
	at org.apache.ratis.thirdparty.io.grpc.internal.ContextRunnable.run(ContextRunnable.java:37)
	at org.apache.ratis.thirdparty.io.grpc.internal.SerializingExecutor.run(SerializingExecutor.java:123)
	at java.util.concurrent.ThreadPoolExecutor.runWorker(ThreadPoolExecutor.java:1149)
	at java.util.concurrent.ThreadPoolExecutor$Worker.run(ThreadPoolExecutor.java:624)
	at java.lang.Thread.run(Thread.java:748)

Oct 25, 2019 5:40:27 AM org.apache.ratis.thirdparty.io.grpc.internal.SerializingExecutor run
SEVERE: Exception while executing runnable org.apache.ratis.thirdparty.io.grpc.internal.ClientCallImpl$ClientStreamListenerImpl$1StreamClosed@75320f13
java.lang.NullPointerException
	at org.apache.ratis.grpc.server.GrpcLogAppender$AppendLogResponseHandler.onError(GrpcLogAppender.java:303)
	at org.apache.ratis.thirdparty.io.grpc.stub.ClientCalls$StreamObserverToCallListenerAdapter.onClose(ClientCalls.java:434)
	at org.apache.ratis.thirdparty.io.grpc.PartialForwardingClientCallListener.onClose(PartialForwardingClientCallListener.java:39)
	at org.apache.ratis.thirdparty.io.grpc.ForwardingClientCallListener.onClose(ForwardingClientCallListener.java:23)
	at org.apache.ratis.thirdparty.io.grpc.ForwardingClientCallListener$SimpleForwardingClientCallListener.onClose(ForwardingClientCallListener.java:40)
	at org.apache.ratis.thirdparty.io.grpc.internal.CensusStatsModule$StatsClientInterceptor$1$1.onClose(CensusStatsModule.java:678)
	at org.apache.ratis.thirdparty.io.grpc.PartialForwardingClientCallListener.onClose(PartialForwardingClientCallListener.java:39)
	at org.apache.ratis.thirdparty.io.grpc.ForwardingClientCallListener.onClose(ForwardingClientCallListener.java:23)
	at org.apache.ratis.thirdparty.io.grpc.ForwardingClientCallListener$SimpleForwardingClientCallListener.onClose(ForwardingClientCallListener.java:40)
	at org.apache.ratis.thirdparty.io.grpc.internal.CensusTracingModule$TracingClientInterceptor$1$1.onClose(CensusTracingModule.java:397)
	at org.apache.ratis.thirdparty.io.grpc.internal.ClientCallImpl.closeObserver(ClientCallImpl.java:459)
	at org.apache.ratis.thirdparty.io.grpc.internal.ClientCallImpl.access$300(ClientCallImpl.java:63)
	at org.apache.ratis.thirdparty.io.grpc.internal.ClientCallImpl$ClientStreamListenerImpl.close(ClientCallImpl.java:546)
	at org.apache.ratis.thirdparty.io.grpc.internal.ClientCallImpl$ClientStreamListenerImpl.access$600(ClientCallImpl.java:467)
	at org.apache.ratis.thirdparty.io.grpc.internal.ClientCallImpl$ClientStreamListenerImpl$1StreamClosed.runInContext(ClientCallImpl.java:584)
	at org.apache.ratis.thirdparty.io.grpc.internal.ContextRunnable.run(ContextRunnable.java:37)
	at org.apache.ratis.thirdparty.io.grpc.internal.SerializingExecutor.run(SerializingExecutor.java:123)
	at java.util.concurrent.ThreadPoolExecutor.runWorker(ThreadPoolExecutor.java:1149)
	at java.util.concurrent.ThreadPoolExecutor$Worker.run(ThreadPoolExecutor.java:624)
	at java.lang.Thread.run(Thread.java:748)

]]></system-err>
  </testcase>
</testsuite>