<?xml version="1.0" encoding="UTF-8"?>
<testsuite xmlns:xsi="http://www.w3.org/2001/XMLSchema-instance" xsi:noNamespaceSchemaLocation="https://maven.apache.org/surefire/maven-surefire-plugin/xsd/surefire-test-report.xsd" name="org.apache.hadoop.ozone.freon.TestFreonWithPipelineDestroy" time="48.096" tests="1" errors="1" skipped="0" failures="0">
  <properties>
    <property name="awt.toolkit" value="sun.awt.X11.XToolkit"/>
    <property name="file.encoding.pkg" value="sun.io"/>
    <property name="java.specification.version" value="1.8"/>
    <property name="sun.cpu.isalist" value=""/>
    <property name="sun.jnu.encoding" value="ANSI_X3.4-1968"/>
    <property name="java.class.path" value="/workdir/hadoop-ozone/tools/target/test-classes:/workdir/hadoop-ozone/tools/target/classes:/home/user/.m2/repository/org/apache/hadoop/hadoop-ozone-ozone-manager/0.5.0-SNAPSHOT/hadoop-ozone-ozone-manager-0.5.0-SNAPSHOT.jar:/home/user/.m2/repository/org/apache/hadoop/hadoop-hdds-docs/0.5.0-SNAPSHOT/hadoop-hdds-docs-0.5.0-SNAPSHOT.jar:/home/user/.m2/repository/org/bouncycastle/bcprov-jdk15on/1.60/bcprov-jdk15on-1.60.jar:/home/user/.m2/repository/org/apache/hadoop/hadoop-ozone-common/0.5.0-SNAPSHOT/hadoop-ozone-common-0.5.0-SNAPSHOT.jar:/home/user/.m2/repository/org/apache/commons/commons-compress/1.4.1/commons-compress-1.4.1.jar:/home/user/.m2/repository/org/tukaani/xz/1.0/xz-1.0.jar:/home/user/.m2/repository/org/apache/hadoop/hadoop-hdfs-client/3.2.0/hadoop-hdfs-client-3.2.0.jar:/home/user/.m2/repository/com/fasterxml/jackson/core/jackson-annotations/2.9.9/jackson-annotations-2.9.9.jar:/home/user/.m2/repository/org/apache/hadoop/hadoop-hdds-common/0.5.0-SNAPSHOT/hadoop-hdds-common-0.5.0-SNAPSHOT.jar:/home/user/.m2/repository/org/apache/hadoop/hadoop-hdds-config/0.5.0-SNAPSHOT/hadoop-hdds-config-0.5.0-SNAPSHOT.jar:/home/user/.m2/repository/javax/annotation/javax.annotation-api/1.2/javax.annotation-api-1.2.jar:/home/user/.m2/repository/org/apache/ratis/ratis-server/0.5.0-d6d58d0-SNAPSHOT/ratis-server-0.5.0-d6d58d0-SNAPSHOT.jar:/home/user/.m2/repository/org/apache/ratis/ratis-thirdparty-misc/0.2.0/ratis-thirdparty-misc-0.2.0.jar:/home/user/.m2/repository/org/apache/ratis/ratis-proto/0.5.0-d6d58d0-SNAPSHOT/ratis-proto-0.5.0-d6d58d0-SNAPSHOT.jar:/home/user/.m2/repository/org/apache/ratis/ratis-common/0.5.0-d6d58d0-SNAPSHOT/ratis-common-0.5.0-d6d58d0-SNAPSHOT.jar:/home/user/.m2/repository/org/apache/ratis/ratis-client/0.5.0-d6d58d0-SNAPSHOT/ratis-client-0.5.0-d6d58d0-SNAPSHOT.jar:/home/user/.m2/repository/org/apache/ratis/ratis-metrics/0.5.0-d6d58d0-SNAPSHOT/ratis-metrics-0.5.0-d6d58d0-SNAPSHOT.jar:/home/user/.m2/repository/org/apache/ratis/ratis-netty/0.5.0-d6d58d0-SNAPSHOT/ratis-netty-0.5.0-d6d58d0-SNAPSHOT.jar:/home/user/.m2/repository/org/apache/ratis/ratis-grpc/0.5.0-d6d58d0-SNAPSHOT/ratis-grpc-0.5.0-d6d58d0-SNAPSHOT.jar:/home/user/.m2/repository/org/rocksdb/rocksdbjni/6.0.1/rocksdbjni-6.0.1.jar:/home/user/.m2/repository/org/apache/logging/log4j/log4j-api/2.11.0/log4j-api-2.11.0.jar:/home/user/.m2/repository/org/apache/logging/log4j/log4j-core/2.11.0/log4j-core-2.11.0.jar:/home/user/.m2/repository/com/lmax/disruptor/3.4.2/disruptor-3.4.2.jar:/home/user/.m2/repository/org/apache/commons/commons-pool2/2.6.0/commons-pool2-2.6.0.jar:/home/user/.m2/repository/org/bouncycastle/bcpkix-jdk15on/1.60/bcpkix-jdk15on-1.60.jar:/home/user/.m2/repository/commons-validator/commons-validator/1.6/commons-validator-1.6.jar:/home/user/.m2/repository/commons-digester/commons-digester/1.8.1/commons-digester-1.8.1.jar:/home/user/.m2/repository/io/jaegertracing/jaeger-client/0.34.0/jaeger-client-0.34.0.jar:/home/user/.m2/repository/io/jaegertracing/jaeger-thrift/0.34.0/jaeger-thrift-0.34.0.jar:/home/user/.m2/repository/org/apache/thrift/libthrift/0.12.0/libthrift-0.12.0.jar:/home/user/.m2/repository/com/squareup/okhttp3/okhttp/3.9.0/okhttp-3.9.0.jar:/home/user/.m2/repository/com/squareup/okio/okio/1.13.0/okio-1.13.0.jar:/home/user/.m2/repository/io/jaegertracing/jaeger-core/0.34.0/jaeger-core-0.34.0.jar:/home/user/.m2/repository/io/jaegertracing/jaeger-tracerresolver/0.34.0/jaeger-tracerresolver-0.34.0.jar:/home/user/.m2/repository/io/opentracing/contrib/opentracing-tracerresolver/0.1.5/opentracing-tracerresolver-0.1.5.jar:/home/user/.m2/repository/io/opentracing/opentracing-util/0.31.0/opentracing-util-0.31.0.jar:/home/user/.m2/repository/io/opentracing/opentracing-api/0.31.0/opentracing-api-0.31.0.jar:/home/user/.m2/repository/io/opentracing/opentracing-noop/0.31.0/opentracing-noop-0.31.0.jar:/home/user/.m2/repository/org/yaml/snakeyaml/1.16/snakeyaml-1.16.jar:/home/user/.m2/repository/org/apache/hadoop/hadoop-hdds-container-service/0.5.0-SNAPSHOT/hadoop-hdds-container-service-0.5.0-SNAPSHOT.jar:/home/user/.m2/repository/org/apache/hadoop/hadoop-hdds-client/0.5.0-SNAPSHOT/hadoop-hdds-client-0.5.0-SNAPSHOT.jar:/home/user/.m2/repository/org/apache/hadoop/hadoop-hdds-tools/0.5.0-SNAPSHOT/hadoop-hdds-tools-0.5.0-SNAPSHOT.jar:/home/user/.m2/repository/org/xerial/sqlite-jdbc/3.25.2/sqlite-jdbc-3.25.2.jar:/home/user/.m2/repository/org/apache/hadoop/hadoop-hdds-server-scm/0.5.0-SNAPSHOT/hadoop-hdds-server-scm-0.5.0-SNAPSHOT.jar:/home/user/.m2/repository/org/hamcrest/hamcrest-all/1.3/hamcrest-all-1.3.jar:/home/user/.m2/repository/info/picocli/picocli/3.9.6/picocli-3.9.6.jar:/home/user/.m2/repository/com/google/protobuf/protobuf-java/2.5.0/protobuf-java-2.5.0.jar:/home/user/.m2/repository/com/google/guava/guava/11.0.2/guava-11.0.2.jar:/home/user/.m2/repository/org/apache/hadoop/hadoop-ozone-client/0.5.0-SNAPSHOT/hadoop-ozone-client-0.5.0-SNAPSHOT.jar:/workdir/hadoop-ozone/ozonefs/target/classes:/home/user/.m2/repository/org/apache/httpcomponents/httpclient/4.5.2/httpclient-4.5.2.jar:/home/user/.m2/repository/org/apache/httpcomponents/httpcore/4.4.4/httpcore-4.4.4.jar:/home/user/.m2/repository/org/apache/hadoop/hadoop-hdds-server-framework/0.5.0-SNAPSHOT/hadoop-hdds-server-framework-0.5.0-SNAPSHOT.jar:/home/user/.m2/repository/org/apache/hadoop/hadoop-common/3.2.0/hadoop-common-3.2.0.jar:/home/user/.m2/repository/org/apache/hadoop/hadoop-annotations/3.2.0/hadoop-annotations-3.2.0.jar:/usr/lib/jvm/java-1.8.0-openjdk-1.8.0.222.b10-1.el7_7.x86_64/jre/../lib/tools.jar:/home/user/.m2/repository/commons-cli/commons-cli/1.2/commons-cli-1.2.jar:/home/user/.m2/repository/org/apache/commons/commons-math3/3.1.1/commons-math3-3.1.1.jar:/home/user/.m2/repository/commons-codec/commons-codec/1.11/commons-codec-1.11.jar:/home/user/.m2/repository/commons-io/commons-io/2.5/commons-io-2.5.jar:/home/user/.m2/repository/commons-net/commons-net/3.6/commons-net-3.6.jar:/home/user/.m2/repository/commons-collections/commons-collections/3.2.2/commons-collections-3.2.2.jar:/home/user/.m2/repository/javax/servlet/javax.servlet-api/3.1.0/javax.servlet-api-3.1.0.jar:/home/user/.m2/repository/org/eclipse/jetty/jetty-server/9.3.25.v20180904/jetty-server-9.3.25.v20180904.jar:/home/user/.m2/repository/org/eclipse/jetty/jetty-http/9.3.25.v20180904/jetty-http-9.3.25.v20180904.jar:/home/user/.m2/repository/org/eclipse/jetty/jetty-io/9.3.25.v20180904/jetty-io-9.3.25.v20180904.jar:/home/user/.m2/repository/org/eclipse/jetty/jetty-util/9.3.25.v20180904/jetty-util-9.3.25.v20180904.jar:/home/user/.m2/repository/org/eclipse/jetty/jetty-servlet/9.3.25.v20180904/jetty-servlet-9.3.25.v20180904.jar:/home/user/.m2/repository/org/eclipse/jetty/jetty-security/9.3.25.v20180904/jetty-security-9.3.25.v20180904.jar:/home/user/.m2/repository/org/eclipse/jetty/jetty-webapp/9.3.25.v20180904/jetty-webapp-9.3.25.v20180904.jar:/home/user/.m2/repository/org/eclipse/jetty/jetty-xml/9.3.25.v20180904/jetty-xml-9.3.25.v20180904.jar:/home/user/.m2/repository/javax/servlet/jsp/jsp-api/2.1/jsp-api-2.1.jar:/home/user/.m2/repository/com/sun/jersey/jersey-core/1.19/jersey-core-1.19.jar:/home/user/.m2/repository/javax/ws/rs/jsr311-api/1.1.1/jsr311-api-1.1.1.jar:/home/user/.m2/repository/com/sun/jersey/jersey-servlet/1.19/jersey-servlet-1.19.jar:/home/user/.m2/repository/com/sun/jersey/jersey-json/1.19/jersey-json-1.19.jar:/home/user/.m2/repository/org/codehaus/jettison/jettison/1.1/jettison-1.1.jar:/home/user/.m2/repository/com/sun/xml/bind/jaxb-impl/2.3.0.1/jaxb-impl-2.3.0.1.jar:/home/user/.m2/repository/org/codehaus/jackson/jackson-core-asl/1.9.13/jackson-core-asl-1.9.13.jar:/home/user/.m2/repository/org/codehaus/jackson/jackson-mapper-asl/1.9.13/jackson-mapper-asl-1.9.13.jar:/home/user/.m2/repository/org/codehaus/jackson/jackson-jaxrs/1.9.13/jackson-jaxrs-1.9.13.jar:/home/user/.m2/repository/org/codehaus/jackson/jackson-xc/1.9.13/jackson-xc-1.9.13.jar:/home/user/.m2/repository/com/sun/jersey/jersey-server/1.19/jersey-server-1.19.jar:/home/user/.m2/repository/commons-logging/commons-logging/1.1.3/commons-logging-1.1.3.jar:/home/user/.m2/repository/log4j/log4j/1.2.17/log4j-1.2.17.jar:/home/user/.m2/repository/commons-beanutils/commons-beanutils/1.9.4/commons-beanutils-1.9.4.jar:/home/user/.m2/repository/org/apache/commons/commons-configuration2/2.1.1/commons-configuration2-2.1.1.jar:/home/user/.m2/repository/org/apache/commons/commons-lang3/3.7/commons-lang3-3.7.jar:/home/user/.m2/repository/org/apache/commons/commons-text/1.4/commons-text-1.4.jar:/home/user/.m2/repository/org/slf4j/slf4j-api/1.7.25/slf4j-api-1.7.25.jar:/home/user/.m2/repository/org/slf4j/slf4j-log4j12/1.7.25/slf4j-log4j12-1.7.25.jar:/home/user/.m2/repository/org/apache/avro/avro/1.7.7/avro-1.7.7.jar:/home/user/.m2/repository/com/thoughtworks/paranamer/paranamer/2.3/paranamer-2.3.jar:/home/user/.m2/repository/org/xerial/snappy/snappy-java/1.0.5/snappy-java-1.0.5.jar:/home/user/.m2/repository/com/google/re2j/re2j/1.1/re2j-1.1.jar:/home/user/.m2/repository/com/google/code/gson/gson/2.2.4/gson-2.2.4.jar:/home/user/.m2/repository/org/apache/hadoop/hadoop-auth/3.2.0/hadoop-auth-3.2.0.jar:/home/user/.m2/repository/com/nimbusds/nimbus-jose-jwt/4.41.1/nimbus-jose-jwt-4.41.1.jar:/home/user/.m2/repository/com/github/stephenc/jcip/jcip-annotations/1.0-1/jcip-annotations-1.0-1.jar:/home/user/.m2/repository/net/minidev/json-smart/2.3/json-smart-2.3.jar:/home/user/.m2/repository/net/minidev/accessors-smart/1.2/accessors-smart-1.2.jar:/home/user/.m2/repository/org/apache/curator/curator-framework/2.12.0/curator-framework-2.12.0.jar:/home/user/.m2/repository/com/jcraft/jsch/0.1.54/jsch-0.1.54.jar:/home/user/.m2/repository/org/apache/curator/curator-client/2.12.0/curator-client-2.12.0.jar:/home/user/.m2/repository/org/apache/curator/curator-recipes/2.12.0/curator-recipes-2.12.0.jar:/home/user/.m2/repository/com/google/code/findbugs/jsr305/3.0.0/jsr305-3.0.0.jar:/home/user/.m2/repository/org/apache/htrace/htrace-core4/4.1.0-incubating/htrace-core4-4.1.0-incubating.jar:/home/user/.m2/repository/org/apache/zookeeper/zookeeper/3.4.13/zookeeper-3.4.13.jar:/home/user/.m2/repository/jline/jline/0.9.94/jline-0.9.94.jar:/home/user/.m2/repository/org/apache/yetus/audience-annotations/0.5.0/audience-annotations-0.5.0.jar:/home/user/.m2/repository/org/apache/kerby/kerb-simplekdc/1.0.1/kerb-simplekdc-1.0.1.jar:/home/user/.m2/repository/org/apache/kerby/kerb-client/1.0.1/kerb-client-1.0.1.jar:/home/user/.m2/repository/org/apache/kerby/kerby-config/1.0.1/kerby-config-1.0.1.jar:/home/user/.m2/repository/org/apache/kerby/kerb-core/1.0.1/kerb-core-1.0.1.jar:/home/user/.m2/repository/org/apache/kerby/kerby-pkix/1.0.1/kerby-pkix-1.0.1.jar:/home/user/.m2/repository/org/apache/kerby/kerby-asn1/1.0.1/kerby-asn1-1.0.1.jar:/home/user/.m2/repository/org/apache/kerby/kerby-util/1.0.1/kerby-util-1.0.1.jar:/home/user/.m2/repository/org/apache/kerby/kerb-common/1.0.1/kerb-common-1.0.1.jar:/home/user/.m2/repository/org/apache/kerby/kerb-crypto/1.0.1/kerb-crypto-1.0.1.jar:/home/user/.m2/repository/org/apache/kerby/kerb-util/1.0.1/kerb-util-1.0.1.jar:/home/user/.m2/repository/org/apache/kerby/token-provider/1.0.1/token-provider-1.0.1.jar:/home/user/.m2/repository/org/apache/kerby/kerb-admin/1.0.1/kerb-admin-1.0.1.jar:/home/user/.m2/repository/org/apache/kerby/kerb-server/1.0.1/kerb-server-1.0.1.jar:/home/user/.m2/repository/org/apache/kerby/kerb-identity/1.0.1/kerb-identity-1.0.1.jar:/home/user/.m2/repository/org/apache/kerby/kerby-xdr/1.0.1/kerby-xdr-1.0.1.jar:/home/user/.m2/repository/com/fasterxml/jackson/core/jackson-databind/2.9.9/jackson-databind-2.9.9.jar:/home/user/.m2/repository/com/fasterxml/jackson/core/jackson-core/2.9.9/jackson-core-2.9.9.jar:/home/user/.m2/repository/org/codehaus/woodstox/stax2-api/3.1.4/stax2-api-3.1.4.jar:/home/user/.m2/repository/com/fasterxml/woodstox/woodstox-core/5.0.3/woodstox-core-5.0.3.jar:/home/user/.m2/repository/dnsjava/dnsjava/2.1.7/dnsjava-2.1.7.jar:/home/user/.m2/repository/org/apache/hadoop/hadoop-hdfs/3.2.0/hadoop-hdfs-3.2.0.jar:/home/user/.m2/repository/org/eclipse/jetty/jetty-util-ajax/9.3.25.v20180904/jetty-util-ajax-9.3.25.v20180904.jar:/home/user/.m2/repository/commons-daemon/commons-daemon/1.0.13/commons-daemon-1.0.13.jar:/home/user/.m2/repository/io/netty/netty/3.10.5.Final/netty-3.10.5.Final.jar:/home/user/.m2/repository/io/netty/netty-all/4.0.52.Final/netty-all-4.0.52.Final.jar:/home/user/.m2/repository/org/fusesource/leveldbjni/leveldbjni-all/1.8/leveldbjni-all-1.8.jar:/home/user/.m2/repository/com/sun/xml/bind/jaxb-core/2.3.0.1/jaxb-core-2.3.0.1.jar:/home/user/.m2/repository/javax/xml/bind/jaxb-api/2.3.0/jaxb-api-2.3.0.jar:/home/user/.m2/repository/javax/activation/activation/1.1.1/activation-1.1.1.jar:/home/user/.m2/repository/org/openjdk/jmh/jmh-core/1.19/jmh-core-1.19.jar:/home/user/.m2/repository/net/sf/jopt-simple/jopt-simple/4.6/jopt-simple-4.6.jar:/home/user/.m2/repository/org/openjdk/jmh/jmh-generator-annprocess/1.19/jmh-generator-annprocess-1.19.jar:/home/user/.m2/repository/io/dropwizard/metrics/metrics-core/3.2.4/metrics-core-3.2.4.jar:/home/user/.m2/repository/com/amazonaws/aws-java-sdk-s3/1.11.615/aws-java-sdk-s3-1.11.615.jar:/home/user/.m2/repository/com/amazonaws/aws-java-sdk-kms/1.11.615/aws-java-sdk-kms-1.11.615.jar:/home/user/.m2/repository/com/amazonaws/aws-java-sdk-core/1.11.615/aws-java-sdk-core-1.11.615.jar:/home/user/.m2/repository/software/amazon/ion/ion-java/1.0.2/ion-java-1.0.2.jar:/home/user/.m2/repository/com/fasterxml/jackson/dataformat/jackson-dataformat-cbor/2.9.9/jackson-dataformat-cbor-2.9.9.jar:/home/user/.m2/repository/joda-time/joda-time/2.9.9/joda-time-2.9.9.jar:/home/user/.m2/repository/com/amazonaws/jmespath-java/1.11.615/jmespath-java-1.11.615.jar:/home/user/.m2/repository/com/github/spotbugs/spotbugs/3.1.12/spotbugs-3.1.12.jar:/home/user/.m2/repository/org/ow2/asm/asm/5.0.4/asm-5.0.4.jar:/home/user/.m2/repository/org/ow2/asm/asm-analysis/7.0/asm-analysis-7.0.jar:/home/user/.m2/repository/org/ow2/asm/asm-commons/7.0/asm-commons-7.0.jar:/home/user/.m2/repository/org/ow2/asm/asm-tree/7.0/asm-tree-7.0.jar:/home/user/.m2/repository/org/ow2/asm/asm-util/7.0/asm-util-7.0.jar:/home/user/.m2/repository/org/apache/bcel/bcel/6.3/bcel-6.3.jar:/home/user/.m2/repository/net/jcip/jcip-annotations/1.0/jcip-annotations-1.0.jar:/home/user/.m2/repository/org/dom4j/dom4j/2.1.1/dom4j-2.1.1.jar:/home/user/.m2/repository/jaxen/jaxen/1.1.6/jaxen-1.1.6.jar:/home/user/.m2/repository/commons-lang/commons-lang/2.6/commons-lang-2.6.jar:/home/user/.m2/repository/com/github/spotbugs/spotbugs-annotations/3.1.12/spotbugs-annotations-3.1.12.jar:/home/user/.m2/repository/junit/junit/4.11/junit-4.11.jar:/home/user/.m2/repository/org/hamcrest/hamcrest-core/1.3/hamcrest-core-1.3.jar:/home/user/.m2/repository/org/apache/hadoop/hadoop-common/3.2.0/hadoop-common-3.2.0-tests.jar:/workdir/hadoop-ozone/integration-test/target/test-classes:/home/user/.m2/repository/org/apache/hadoop/hadoop-ozone-s3gateway/0.5.0-SNAPSHOT/hadoop-ozone-s3gateway-0.5.0-SNAPSHOT.jar:/home/user/.m2/repository/org/jboss/weld/servlet/weld-servlet/2.4.7.Final/weld-servlet-2.4.7.Final.jar:/home/user/.m2/repository/org/glassfish/jersey/containers/jersey-container-servlet-core/2.27/jersey-container-servlet-core-2.27.jar:/home/user/.m2/repository/org/glassfish/hk2/external/javax.inject/2.5.0-b42/javax.inject-2.5.0-b42.jar:/home/user/.m2/repository/org/glassfish/jersey/core/jersey-common/2.27/jersey-common-2.27.jar:/home/user/.m2/repository/org/glassfish/hk2/osgi-resource-locator/1.0.1/osgi-resource-locator-1.0.1.jar:/home/user/.m2/repository/javax/ws/rs/javax.ws.rs-api/2.1/javax.ws.rs-api-2.1.jar:/home/user/.m2/repository/org/glassfish/jersey/ext/cdi/jersey-cdi1x/2.27/jersey-cdi1x-2.27.jar:/home/user/.m2/repository/org/glassfish/jersey/inject/jersey-hk2/2.27/jersey-hk2-2.27.jar:/home/user/.m2/repository/org/glassfish/hk2/hk2-locator/2.5.0-b42/hk2-locator-2.5.0-b42.jar:/home/user/.m2/repository/org/javassist/javassist/3.22.0-CR2/javassist-3.22.0-CR2.jar:/home/user/.m2/repository/org/glassfish/hk2/hk2-api/2.5.0/hk2-api-2.5.0.jar:/home/user/.m2/repository/org/glassfish/hk2/external/jakarta.inject/2.5.0/jakarta.inject-2.5.0.jar:/home/user/.m2/repository/org/glassfish/hk2/hk2-utils/2.5.0/hk2-utils-2.5.0.jar:/home/user/.m2/repository/jakarta/annotation/jakarta.annotation-api/1.3.4/jakarta.annotation-api-1.3.4.jar:/home/user/.m2/repository/org/glassfish/hk2/external/aopalliance-repackaged/2.5.0/aopalliance-repackaged-2.5.0.jar:/home/user/.m2/repository/com/fasterxml/jackson/dataformat/jackson-dataformat-xml/2.9.0/jackson-dataformat-xml-2.9.0.jar:/home/user/.m2/repository/com/fasterxml/jackson/module/jackson-module-jaxb-annotations/2.9.9/jackson-module-jaxb-annotations-2.9.9.jar:/home/user/.m2/repository/javax/enterprise/cdi-api/1.2/cdi-api-1.2.jar:/home/user/.m2/repository/javax/el/javax.el-api/3.0.0/javax.el-api-3.0.0.jar:/home/user/.m2/repository/javax/interceptor/javax.interceptor-api/1.2/javax.interceptor-api-1.2.jar:/home/user/.m2/repository/javax/inject/javax.inject/1/javax.inject-1.jar:/home/user/.m2/repository/org/apache/hadoop/hadoop-ozone-csi/0.5.0-SNAPSHOT/hadoop-ozone-csi-0.5.0-SNAPSHOT.jar:/home/user/.m2/repository/com/google/protobuf/protobuf-java-util/3.5.1/protobuf-java-util-3.5.1.jar:/home/user/.m2/repository/io/grpc/grpc-netty/1.17.1/grpc-netty-1.17.1.jar:/home/user/.m2/repository/io/grpc/grpc-core/1.17.1/grpc-core-1.17.1.jar:/home/user/.m2/repository/io/grpc/grpc-context/1.17.1/grpc-context-1.17.1.jar:/home/user/.m2/repository/com/google/errorprone/error_prone_annotations/2.2.0/error_prone_annotations-2.2.0.jar:/home/user/.m2/repository/org/codehaus/mojo/animal-sniffer-annotations/1.17/animal-sniffer-annotations-1.17.jar:/home/user/.m2/repository/io/opencensus/opencensus-api/0.17.0/opencensus-api-0.17.0.jar:/home/user/.m2/repository/io/opencensus/opencensus-contrib-grpc-metrics/0.17.0/opencensus-contrib-grpc-metrics-0.17.0.jar:/home/user/.m2/repository/io/netty/netty-codec-http2/4.1.30.Final/netty-codec-http2-4.1.30.Final.jar:/home/user/.m2/repository/io/netty/netty-codec-http/4.1.30.Final/netty-codec-http-4.1.30.Final.jar:/home/user/.m2/repository/io/netty/netty-codec/4.1.30.Final/netty-codec-4.1.30.Final.jar:/home/user/.m2/repository/io/netty/netty-handler/4.1.30.Final/netty-handler-4.1.30.Final.jar:/home/user/.m2/repository/io/netty/netty-handler-proxy/4.1.30.Final/netty-handler-proxy-4.1.30.Final.jar:/home/user/.m2/repository/io/netty/netty-codec-socks/4.1.30.Final/netty-codec-socks-4.1.30.Final.jar:/home/user/.m2/repository/io/netty/netty-transport-native-epoll/4.1.30.Final/netty-transport-native-epoll-4.1.30.Final.jar:/home/user/.m2/repository/io/netty/netty-common/4.1.30.Final/netty-common-4.1.30.Final.jar:/home/user/.m2/repository/io/netty/netty-buffer/4.1.30.Final/netty-buffer-4.1.30.Final.jar:/home/user/.m2/repository/io/netty/netty-transport/4.1.30.Final/netty-transport-4.1.30.Final.jar:/home/user/.m2/repository/io/netty/netty-resolver/4.1.30.Final/netty-resolver-4.1.30.Final.jar:/home/user/.m2/repository/io/netty/netty-transport-native-unix-common/4.1.30.Final/netty-transport-native-unix-common-4.1.30.Final.jar:/home/user/.m2/repository/io/grpc/grpc-protobuf/1.17.1/grpc-protobuf-1.17.1.jar:/home/user/.m2/repository/com/google/api/grpc/proto-google-common-protos/1.0.0/proto-google-common-protos-1.0.0.jar:/home/user/.m2/repository/io/grpc/grpc-protobuf-lite/1.17.1/grpc-protobuf-lite-1.17.1.jar:/home/user/.m2/repository/io/grpc/grpc-stub/1.17.1/grpc-stub-1.17.1.jar:/home/user/.m2/repository/org/apache/hadoop/hadoop-ozone-recon/0.5.0-SNAPSHOT/hadoop-ozone-recon-0.5.0-SNAPSHOT.jar:/home/user/.m2/repository/org/apache/hadoop/hadoop-ozone-reconcodegen/0.5.0-SNAPSHOT/hadoop-ozone-reconcodegen-0.5.0-SNAPSHOT.jar:/home/user/.m2/repository/com/google/inject/extensions/guice-multibindings/4.0/guice-multibindings-4.0.jar:/home/user/.m2/repository/com/google/inject/guice/4.0/guice-4.0.jar:/home/user/.m2/repository/aopalliance/aopalliance/1.0/aopalliance-1.0.jar:/home/user/.m2/repository/com/google/inject/extensions/guice-servlet/4.0/guice-servlet-4.0.jar:/home/user/.m2/repository/org/glassfish/jersey/containers/jersey-container-servlet/2.27/jersey-container-servlet-2.27.jar:/home/user/.m2/repository/org/glassfish/hk2/guice-bridge/2.5.0/guice-bridge-2.5.0.jar:/home/user/.m2/repository/org/glassfish/jersey/core/jersey-server/2.27/jersey-server-2.27.jar:/home/user/.m2/repository/org/glassfish/jersey/core/jersey-client/2.27/jersey-client-2.27.jar:/home/user/.m2/repository/org/glassfish/jersey/media/jersey-media-jaxb/2.27/jersey-media-jaxb-2.27.jar:/home/user/.m2/repository/javax/validation/validation-api/1.1.0.Final/validation-api-1.1.0.Final.jar:/home/user/.m2/repository/org/glassfish/jersey/media/jersey-media-json-jackson/2.27/jersey-media-json-jackson-2.27.jar:/home/user/.m2/repository/org/glassfish/jersey/ext/jersey-entity-filtering/2.27/jersey-entity-filtering-2.27.jar:/home/user/.m2/repository/com/google/inject/extensions/guice-assistedinject/4.0/guice-assistedinject-4.0.jar:/home/user/.m2/repository/org/jooq/jooq/3.11.10/jooq-3.11.10.jar:/home/user/.m2/repository/org/jooq/jooq-meta/3.11.10/jooq-meta-3.11.10.jar:/home/user/.m2/repository/org/jooq/jooq-codegen/3.11.10/jooq-codegen-3.11.10.jar:/home/user/.m2/repository/com/jolbox/bonecp/0.8.0.RELEASE/bonecp-0.8.0.RELEASE.jar:/home/user/.m2/repository/org/springframework/spring-jdbc/5.1.3.RELEASE/spring-jdbc-5.1.3.RELEASE.jar:/home/user/.m2/repository/org/springframework/spring-beans/5.1.3.RELEASE/spring-beans-5.1.3.RELEASE.jar:/home/user/.m2/repository/org/springframework/spring-core/5.1.3.RELEASE/spring-core-5.1.3.RELEASE.jar:/home/user/.m2/repository/org/springframework/spring-jcl/5.1.3.RELEASE/spring-jcl-5.1.3.RELEASE.jar:/home/user/.m2/repository/org/springframework/spring-tx/5.1.3.RELEASE/spring-tx-5.1.3.RELEASE.jar:/home/user/.m2/repository/org/mockito/mockito-core/2.15.0/mockito-core-2.15.0.jar:/home/user/.m2/repository/net/bytebuddy/byte-buddy/1.7.9/byte-buddy-1.7.9.jar:/home/user/.m2/repository/net/bytebuddy/byte-buddy-agent/1.7.9/byte-buddy-agent-1.7.9.jar:/home/user/.m2/repository/org/objenesis/objenesis/1.0/objenesis-1.0.jar:"/>
    <property name="java.vm.vendor" value="Oracle Corporation"/>
    <property name="sun.arch.data.model" value="64"/>
    <property name="test.build.dir" value="/workdir/hadoop-ozone/tools/target/test-dir"/>
    <property name="test.cache.data" value=""/>
    <property name="java.vendor.url" value="http://java.oracle.com/"/>
    <property name="user.timezone" value=""/>
    <property name="java.vm.specification.version" value="1.8"/>
    <property name="os.name" value="Linux"/>
    <property name="test.build.data" value="/workdir/hadoop-ozone/tools/target/test-dir"/>
    <property name="user.country" value="US"/>
    <property name="sun.java.launcher" value="SUN_STANDARD"/>
    <property name="sun.boot.library.path" value="/usr/lib/jvm/java-1.8.0-openjdk-1.8.0.222.b10-1.el7_7.x86_64/jre/lib/amd64"/>
    <property name="sun.java.command" value="/workdir/hadoop-ozone/tools/target/surefire/surefirebooter836526367815757310.jar /workdir/hadoop-ozone/tools/target/surefire 2019-11-16T11-32-28_985-jvmRun1 surefire3694669229602999807tmp surefire_101950438115059816393tmp"/>
    <property name="surefire.test.class.path" value="/workdir/hadoop-ozone/tools/target/test-classes:/workdir/hadoop-ozone/tools/target/classes:/home/user/.m2/repository/org/apache/hadoop/hadoop-ozone-ozone-manager/0.5.0-SNAPSHOT/hadoop-ozone-ozone-manager-0.5.0-SNAPSHOT.jar:/home/user/.m2/repository/org/apache/hadoop/hadoop-hdds-docs/0.5.0-SNAPSHOT/hadoop-hdds-docs-0.5.0-SNAPSHOT.jar:/home/user/.m2/repository/org/bouncycastle/bcprov-jdk15on/1.60/bcprov-jdk15on-1.60.jar:/home/user/.m2/repository/org/apache/hadoop/hadoop-ozone-common/0.5.0-SNAPSHOT/hadoop-ozone-common-0.5.0-SNAPSHOT.jar:/home/user/.m2/repository/org/apache/commons/commons-compress/1.4.1/commons-compress-1.4.1.jar:/home/user/.m2/repository/org/tukaani/xz/1.0/xz-1.0.jar:/home/user/.m2/repository/org/apache/hadoop/hadoop-hdfs-client/3.2.0/hadoop-hdfs-client-3.2.0.jar:/home/user/.m2/repository/com/fasterxml/jackson/core/jackson-annotations/2.9.9/jackson-annotations-2.9.9.jar:/home/user/.m2/repository/org/apache/hadoop/hadoop-hdds-common/0.5.0-SNAPSHOT/hadoop-hdds-common-0.5.0-SNAPSHOT.jar:/home/user/.m2/repository/org/apache/hadoop/hadoop-hdds-config/0.5.0-SNAPSHOT/hadoop-hdds-config-0.5.0-SNAPSHOT.jar:/home/user/.m2/repository/javax/annotation/javax.annotation-api/1.2/javax.annotation-api-1.2.jar:/home/user/.m2/repository/org/apache/ratis/ratis-server/0.5.0-d6d58d0-SNAPSHOT/ratis-server-0.5.0-d6d58d0-SNAPSHOT.jar:/home/user/.m2/repository/org/apache/ratis/ratis-thirdparty-misc/0.2.0/ratis-thirdparty-misc-0.2.0.jar:/home/user/.m2/repository/org/apache/ratis/ratis-proto/0.5.0-d6d58d0-SNAPSHOT/ratis-proto-0.5.0-d6d58d0-SNAPSHOT.jar:/home/user/.m2/repository/org/apache/ratis/ratis-common/0.5.0-d6d58d0-SNAPSHOT/ratis-common-0.5.0-d6d58d0-SNAPSHOT.jar:/home/user/.m2/repository/org/apache/ratis/ratis-client/0.5.0-d6d58d0-SNAPSHOT/ratis-client-0.5.0-d6d58d0-SNAPSHOT.jar:/home/user/.m2/repository/org/apache/ratis/ratis-metrics/0.5.0-d6d58d0-SNAPSHOT/ratis-metrics-0.5.0-d6d58d0-SNAPSHOT.jar:/home/user/.m2/repository/org/apache/ratis/ratis-netty/0.5.0-d6d58d0-SNAPSHOT/ratis-netty-0.5.0-d6d58d0-SNAPSHOT.jar:/home/user/.m2/repository/org/apache/ratis/ratis-grpc/0.5.0-d6d58d0-SNAPSHOT/ratis-grpc-0.5.0-d6d58d0-SNAPSHOT.jar:/home/user/.m2/repository/org/rocksdb/rocksdbjni/6.0.1/rocksdbjni-6.0.1.jar:/home/user/.m2/repository/org/apache/logging/log4j/log4j-api/2.11.0/log4j-api-2.11.0.jar:/home/user/.m2/repository/org/apache/logging/log4j/log4j-core/2.11.0/log4j-core-2.11.0.jar:/home/user/.m2/repository/com/lmax/disruptor/3.4.2/disruptor-3.4.2.jar:/home/user/.m2/repository/org/apache/commons/commons-pool2/2.6.0/commons-pool2-2.6.0.jar:/home/user/.m2/repository/org/bouncycastle/bcpkix-jdk15on/1.60/bcpkix-jdk15on-1.60.jar:/home/user/.m2/repository/commons-validator/commons-validator/1.6/commons-validator-1.6.jar:/home/user/.m2/repository/commons-digester/commons-digester/1.8.1/commons-digester-1.8.1.jar:/home/user/.m2/repository/io/jaegertracing/jaeger-client/0.34.0/jaeger-client-0.34.0.jar:/home/user/.m2/repository/io/jaegertracing/jaeger-thrift/0.34.0/jaeger-thrift-0.34.0.jar:/home/user/.m2/repository/org/apache/thrift/libthrift/0.12.0/libthrift-0.12.0.jar:/home/user/.m2/repository/com/squareup/okhttp3/okhttp/3.9.0/okhttp-3.9.0.jar:/home/user/.m2/repository/com/squareup/okio/okio/1.13.0/okio-1.13.0.jar:/home/user/.m2/repository/io/jaegertracing/jaeger-core/0.34.0/jaeger-core-0.34.0.jar:/home/user/.m2/repository/io/jaegertracing/jaeger-tracerresolver/0.34.0/jaeger-tracerresolver-0.34.0.jar:/home/user/.m2/repository/io/opentracing/contrib/opentracing-tracerresolver/0.1.5/opentracing-tracerresolver-0.1.5.jar:/home/user/.m2/repository/io/opentracing/opentracing-util/0.31.0/opentracing-util-0.31.0.jar:/home/user/.m2/repository/io/opentracing/opentracing-api/0.31.0/opentracing-api-0.31.0.jar:/home/user/.m2/repository/io/opentracing/opentracing-noop/0.31.0/opentracing-noop-0.31.0.jar:/home/user/.m2/repository/org/yaml/snakeyaml/1.16/snakeyaml-1.16.jar:/home/user/.m2/repository/org/apache/hadoop/hadoop-hdds-container-service/0.5.0-SNAPSHOT/hadoop-hdds-container-service-0.5.0-SNAPSHOT.jar:/home/user/.m2/repository/org/apache/hadoop/hadoop-hdds-client/0.5.0-SNAPSHOT/hadoop-hdds-client-0.5.0-SNAPSHOT.jar:/home/user/.m2/repository/org/apache/hadoop/hadoop-hdds-tools/0.5.0-SNAPSHOT/hadoop-hdds-tools-0.5.0-SNAPSHOT.jar:/home/user/.m2/repository/org/xerial/sqlite-jdbc/3.25.2/sqlite-jdbc-3.25.2.jar:/home/user/.m2/repository/org/apache/hadoop/hadoop-hdds-server-scm/0.5.0-SNAPSHOT/hadoop-hdds-server-scm-0.5.0-SNAPSHOT.jar:/home/user/.m2/repository/org/hamcrest/hamcrest-all/1.3/hamcrest-all-1.3.jar:/home/user/.m2/repository/info/picocli/picocli/3.9.6/picocli-3.9.6.jar:/home/user/.m2/repository/com/google/protobuf/protobuf-java/2.5.0/protobuf-java-2.5.0.jar:/home/user/.m2/repository/com/google/guava/guava/11.0.2/guava-11.0.2.jar:/home/user/.m2/repository/org/apache/hadoop/hadoop-ozone-client/0.5.0-SNAPSHOT/hadoop-ozone-client-0.5.0-SNAPSHOT.jar:/workdir/hadoop-ozone/ozonefs/target/classes:/home/user/.m2/repository/org/apache/httpcomponents/httpclient/4.5.2/httpclient-4.5.2.jar:/home/user/.m2/repository/org/apache/httpcomponents/httpcore/4.4.4/httpcore-4.4.4.jar:/home/user/.m2/repository/org/apache/hadoop/hadoop-hdds-server-framework/0.5.0-SNAPSHOT/hadoop-hdds-server-framework-0.5.0-SNAPSHOT.jar:/home/user/.m2/repository/org/apache/hadoop/hadoop-common/3.2.0/hadoop-common-3.2.0.jar:/home/user/.m2/repository/org/apache/hadoop/hadoop-annotations/3.2.0/hadoop-annotations-3.2.0.jar:/usr/lib/jvm/java-1.8.0-openjdk-1.8.0.222.b10-1.el7_7.x86_64/jre/../lib/tools.jar:/home/user/.m2/repository/commons-cli/commons-cli/1.2/commons-cli-1.2.jar:/home/user/.m2/repository/org/apache/commons/commons-math3/3.1.1/commons-math3-3.1.1.jar:/home/user/.m2/repository/commons-codec/commons-codec/1.11/commons-codec-1.11.jar:/home/user/.m2/repository/commons-io/commons-io/2.5/commons-io-2.5.jar:/home/user/.m2/repository/commons-net/commons-net/3.6/commons-net-3.6.jar:/home/user/.m2/repository/commons-collections/commons-collections/3.2.2/commons-collections-3.2.2.jar:/home/user/.m2/repository/javax/servlet/javax.servlet-api/3.1.0/javax.servlet-api-3.1.0.jar:/home/user/.m2/repository/org/eclipse/jetty/jetty-server/9.3.25.v20180904/jetty-server-9.3.25.v20180904.jar:/home/user/.m2/repository/org/eclipse/jetty/jetty-http/9.3.25.v20180904/jetty-http-9.3.25.v20180904.jar:/home/user/.m2/repository/org/eclipse/jetty/jetty-io/9.3.25.v20180904/jetty-io-9.3.25.v20180904.jar:/home/user/.m2/repository/org/eclipse/jetty/jetty-util/9.3.25.v20180904/jetty-util-9.3.25.v20180904.jar:/home/user/.m2/repository/org/eclipse/jetty/jetty-servlet/9.3.25.v20180904/jetty-servlet-9.3.25.v20180904.jar:/home/user/.m2/repository/org/eclipse/jetty/jetty-security/9.3.25.v20180904/jetty-security-9.3.25.v20180904.jar:/home/user/.m2/repository/org/eclipse/jetty/jetty-webapp/9.3.25.v20180904/jetty-webapp-9.3.25.v20180904.jar:/home/user/.m2/repository/org/eclipse/jetty/jetty-xml/9.3.25.v20180904/jetty-xml-9.3.25.v20180904.jar:/home/user/.m2/repository/javax/servlet/jsp/jsp-api/2.1/jsp-api-2.1.jar:/home/user/.m2/repository/com/sun/jersey/jersey-core/1.19/jersey-core-1.19.jar:/home/user/.m2/repository/javax/ws/rs/jsr311-api/1.1.1/jsr311-api-1.1.1.jar:/home/user/.m2/repository/com/sun/jersey/jersey-servlet/1.19/jersey-servlet-1.19.jar:/home/user/.m2/repository/com/sun/jersey/jersey-json/1.19/jersey-json-1.19.jar:/home/user/.m2/repository/org/codehaus/jettison/jettison/1.1/jettison-1.1.jar:/home/user/.m2/repository/com/sun/xml/bind/jaxb-impl/2.3.0.1/jaxb-impl-2.3.0.1.jar:/home/user/.m2/repository/org/codehaus/jackson/jackson-core-asl/1.9.13/jackson-core-asl-1.9.13.jar:/home/user/.m2/repository/org/codehaus/jackson/jackson-mapper-asl/1.9.13/jackson-mapper-asl-1.9.13.jar:/home/user/.m2/repository/org/codehaus/jackson/jackson-jaxrs/1.9.13/jackson-jaxrs-1.9.13.jar:/home/user/.m2/repository/org/codehaus/jackson/jackson-xc/1.9.13/jackson-xc-1.9.13.jar:/home/user/.m2/repository/com/sun/jersey/jersey-server/1.19/jersey-server-1.19.jar:/home/user/.m2/repository/commons-logging/commons-logging/1.1.3/commons-logging-1.1.3.jar:/home/user/.m2/repository/log4j/log4j/1.2.17/log4j-1.2.17.jar:/home/user/.m2/repository/commons-beanutils/commons-beanutils/1.9.4/commons-beanutils-1.9.4.jar:/home/user/.m2/repository/org/apache/commons/commons-configuration2/2.1.1/commons-configuration2-2.1.1.jar:/home/user/.m2/repository/org/apache/commons/commons-lang3/3.7/commons-lang3-3.7.jar:/home/user/.m2/repository/org/apache/commons/commons-text/1.4/commons-text-1.4.jar:/home/user/.m2/repository/org/slf4j/slf4j-api/1.7.25/slf4j-api-1.7.25.jar:/home/user/.m2/repository/org/slf4j/slf4j-log4j12/1.7.25/slf4j-log4j12-1.7.25.jar:/home/user/.m2/repository/org/apache/avro/avro/1.7.7/avro-1.7.7.jar:/home/user/.m2/repository/com/thoughtworks/paranamer/paranamer/2.3/paranamer-2.3.jar:/home/user/.m2/repository/org/xerial/snappy/snappy-java/1.0.5/snappy-java-1.0.5.jar:/home/user/.m2/repository/com/google/re2j/re2j/1.1/re2j-1.1.jar:/home/user/.m2/repository/com/google/code/gson/gson/2.2.4/gson-2.2.4.jar:/home/user/.m2/repository/org/apache/hadoop/hadoop-auth/3.2.0/hadoop-auth-3.2.0.jar:/home/user/.m2/repository/com/nimbusds/nimbus-jose-jwt/4.41.1/nimbus-jose-jwt-4.41.1.jar:/home/user/.m2/repository/com/github/stephenc/jcip/jcip-annotations/1.0-1/jcip-annotations-1.0-1.jar:/home/user/.m2/repository/net/minidev/json-smart/2.3/json-smart-2.3.jar:/home/user/.m2/repository/net/minidev/accessors-smart/1.2/accessors-smart-1.2.jar:/home/user/.m2/repository/org/apache/curator/curator-framework/2.12.0/curator-framework-2.12.0.jar:/home/user/.m2/repository/com/jcraft/jsch/0.1.54/jsch-0.1.54.jar:/home/user/.m2/repository/org/apache/curator/curator-client/2.12.0/curator-client-2.12.0.jar:/home/user/.m2/repository/org/apache/curator/curator-recipes/2.12.0/curator-recipes-2.12.0.jar:/home/user/.m2/repository/com/google/code/findbugs/jsr305/3.0.0/jsr305-3.0.0.jar:/home/user/.m2/repository/org/apache/htrace/htrace-core4/4.1.0-incubating/htrace-core4-4.1.0-incubating.jar:/home/user/.m2/repository/org/apache/zookeeper/zookeeper/3.4.13/zookeeper-3.4.13.jar:/home/user/.m2/repository/jline/jline/0.9.94/jline-0.9.94.jar:/home/user/.m2/repository/org/apache/yetus/audience-annotations/0.5.0/audience-annotations-0.5.0.jar:/home/user/.m2/repository/org/apache/kerby/kerb-simplekdc/1.0.1/kerb-simplekdc-1.0.1.jar:/home/user/.m2/repository/org/apache/kerby/kerb-client/1.0.1/kerb-client-1.0.1.jar:/home/user/.m2/repository/org/apache/kerby/kerby-config/1.0.1/kerby-config-1.0.1.jar:/home/user/.m2/repository/org/apache/kerby/kerb-core/1.0.1/kerb-core-1.0.1.jar:/home/user/.m2/repository/org/apache/kerby/kerby-pkix/1.0.1/kerby-pkix-1.0.1.jar:/home/user/.m2/repository/org/apache/kerby/kerby-asn1/1.0.1/kerby-asn1-1.0.1.jar:/home/user/.m2/repository/org/apache/kerby/kerby-util/1.0.1/kerby-util-1.0.1.jar:/home/user/.m2/repository/org/apache/kerby/kerb-common/1.0.1/kerb-common-1.0.1.jar:/home/user/.m2/repository/org/apache/kerby/kerb-crypto/1.0.1/kerb-crypto-1.0.1.jar:/home/user/.m2/repository/org/apache/kerby/kerb-util/1.0.1/kerb-util-1.0.1.jar:/home/user/.m2/repository/org/apache/kerby/token-provider/1.0.1/token-provider-1.0.1.jar:/home/user/.m2/repository/org/apache/kerby/kerb-admin/1.0.1/kerb-admin-1.0.1.jar:/home/user/.m2/repository/org/apache/kerby/kerb-server/1.0.1/kerb-server-1.0.1.jar:/home/user/.m2/repository/org/apache/kerby/kerb-identity/1.0.1/kerb-identity-1.0.1.jar:/home/user/.m2/repository/org/apache/kerby/kerby-xdr/1.0.1/kerby-xdr-1.0.1.jar:/home/user/.m2/repository/com/fasterxml/jackson/core/jackson-databind/2.9.9/jackson-databind-2.9.9.jar:/home/user/.m2/repository/com/fasterxml/jackson/core/jackson-core/2.9.9/jackson-core-2.9.9.jar:/home/user/.m2/repository/org/codehaus/woodstox/stax2-api/3.1.4/stax2-api-3.1.4.jar:/home/user/.m2/repository/com/fasterxml/woodstox/woodstox-core/5.0.3/woodstox-core-5.0.3.jar:/home/user/.m2/repository/dnsjava/dnsjava/2.1.7/dnsjava-2.1.7.jar:/home/user/.m2/repository/org/apache/hadoop/hadoop-hdfs/3.2.0/hadoop-hdfs-3.2.0.jar:/home/user/.m2/repository/org/eclipse/jetty/jetty-util-ajax/9.3.25.v20180904/jetty-util-ajax-9.3.25.v20180904.jar:/home/user/.m2/repository/commons-daemon/commons-daemon/1.0.13/commons-daemon-1.0.13.jar:/home/user/.m2/repository/io/netty/netty/3.10.5.Final/netty-3.10.5.Final.jar:/home/user/.m2/repository/io/netty/netty-all/4.0.52.Final/netty-all-4.0.52.Final.jar:/home/user/.m2/repository/org/fusesource/leveldbjni/leveldbjni-all/1.8/leveldbjni-all-1.8.jar:/home/user/.m2/repository/com/sun/xml/bind/jaxb-core/2.3.0.1/jaxb-core-2.3.0.1.jar:/home/user/.m2/repository/javax/xml/bind/jaxb-api/2.3.0/jaxb-api-2.3.0.jar:/home/user/.m2/repository/javax/activation/activation/1.1.1/activation-1.1.1.jar:/home/user/.m2/repository/org/openjdk/jmh/jmh-core/1.19/jmh-core-1.19.jar:/home/user/.m2/repository/net/sf/jopt-simple/jopt-simple/4.6/jopt-simple-4.6.jar:/home/user/.m2/repository/org/openjdk/jmh/jmh-generator-annprocess/1.19/jmh-generator-annprocess-1.19.jar:/home/user/.m2/repository/io/dropwizard/metrics/metrics-core/3.2.4/metrics-core-3.2.4.jar:/home/user/.m2/repository/com/amazonaws/aws-java-sdk-s3/1.11.615/aws-java-sdk-s3-1.11.615.jar:/home/user/.m2/repository/com/amazonaws/aws-java-sdk-kms/1.11.615/aws-java-sdk-kms-1.11.615.jar:/home/user/.m2/repository/com/amazonaws/aws-java-sdk-core/1.11.615/aws-java-sdk-core-1.11.615.jar:/home/user/.m2/repository/software/amazon/ion/ion-java/1.0.2/ion-java-1.0.2.jar:/home/user/.m2/repository/com/fasterxml/jackson/dataformat/jackson-dataformat-cbor/2.9.9/jackson-dataformat-cbor-2.9.9.jar:/home/user/.m2/repository/joda-time/joda-time/2.9.9/joda-time-2.9.9.jar:/home/user/.m2/repository/com/amazonaws/jmespath-java/1.11.615/jmespath-java-1.11.615.jar:/home/user/.m2/repository/com/github/spotbugs/spotbugs/3.1.12/spotbugs-3.1.12.jar:/home/user/.m2/repository/org/ow2/asm/asm/5.0.4/asm-5.0.4.jar:/home/user/.m2/repository/org/ow2/asm/asm-analysis/7.0/asm-analysis-7.0.jar:/home/user/.m2/repository/org/ow2/asm/asm-commons/7.0/asm-commons-7.0.jar:/home/user/.m2/repository/org/ow2/asm/asm-tree/7.0/asm-tree-7.0.jar:/home/user/.m2/repository/org/ow2/asm/asm-util/7.0/asm-util-7.0.jar:/home/user/.m2/repository/org/apache/bcel/bcel/6.3/bcel-6.3.jar:/home/user/.m2/repository/net/jcip/jcip-annotations/1.0/jcip-annotations-1.0.jar:/home/user/.m2/repository/org/dom4j/dom4j/2.1.1/dom4j-2.1.1.jar:/home/user/.m2/repository/jaxen/jaxen/1.1.6/jaxen-1.1.6.jar:/home/user/.m2/repository/commons-lang/commons-lang/2.6/commons-lang-2.6.jar:/home/user/.m2/repository/com/github/spotbugs/spotbugs-annotations/3.1.12/spotbugs-annotations-3.1.12.jar:/home/user/.m2/repository/junit/junit/4.11/junit-4.11.jar:/home/user/.m2/repository/org/hamcrest/hamcrest-core/1.3/hamcrest-core-1.3.jar:/home/user/.m2/repository/org/apache/hadoop/hadoop-common/3.2.0/hadoop-common-3.2.0-tests.jar:/workdir/hadoop-ozone/integration-test/target/test-classes:/home/user/.m2/repository/org/apache/hadoop/hadoop-ozone-s3gateway/0.5.0-SNAPSHOT/hadoop-ozone-s3gateway-0.5.0-SNAPSHOT.jar:/home/user/.m2/repository/org/jboss/weld/servlet/weld-servlet/2.4.7.Final/weld-servlet-2.4.7.Final.jar:/home/user/.m2/repository/org/glassfish/jersey/containers/jersey-container-servlet-core/2.27/jersey-container-servlet-core-2.27.jar:/home/user/.m2/repository/org/glassfish/hk2/external/javax.inject/2.5.0-b42/javax.inject-2.5.0-b42.jar:/home/user/.m2/repository/org/glassfish/jersey/core/jersey-common/2.27/jersey-common-2.27.jar:/home/user/.m2/repository/org/glassfish/hk2/osgi-resource-locator/1.0.1/osgi-resource-locator-1.0.1.jar:/home/user/.m2/repository/javax/ws/rs/javax.ws.rs-api/2.1/javax.ws.rs-api-2.1.jar:/home/user/.m2/repository/org/glassfish/jersey/ext/cdi/jersey-cdi1x/2.27/jersey-cdi1x-2.27.jar:/home/user/.m2/repository/org/glassfish/jersey/inject/jersey-hk2/2.27/jersey-hk2-2.27.jar:/home/user/.m2/repository/org/glassfish/hk2/hk2-locator/2.5.0-b42/hk2-locator-2.5.0-b42.jar:/home/user/.m2/repository/org/javassist/javassist/3.22.0-CR2/javassist-3.22.0-CR2.jar:/home/user/.m2/repository/org/glassfish/hk2/hk2-api/2.5.0/hk2-api-2.5.0.jar:/home/user/.m2/repository/org/glassfish/hk2/external/jakarta.inject/2.5.0/jakarta.inject-2.5.0.jar:/home/user/.m2/repository/org/glassfish/hk2/hk2-utils/2.5.0/hk2-utils-2.5.0.jar:/home/user/.m2/repository/jakarta/annotation/jakarta.annotation-api/1.3.4/jakarta.annotation-api-1.3.4.jar:/home/user/.m2/repository/org/glassfish/hk2/external/aopalliance-repackaged/2.5.0/aopalliance-repackaged-2.5.0.jar:/home/user/.m2/repository/com/fasterxml/jackson/dataformat/jackson-dataformat-xml/2.9.0/jackson-dataformat-xml-2.9.0.jar:/home/user/.m2/repository/com/fasterxml/jackson/module/jackson-module-jaxb-annotations/2.9.9/jackson-module-jaxb-annotations-2.9.9.jar:/home/user/.m2/repository/javax/enterprise/cdi-api/1.2/cdi-api-1.2.jar:/home/user/.m2/repository/javax/el/javax.el-api/3.0.0/javax.el-api-3.0.0.jar:/home/user/.m2/repository/javax/interceptor/javax.interceptor-api/1.2/javax.interceptor-api-1.2.jar:/home/user/.m2/repository/javax/inject/javax.inject/1/javax.inject-1.jar:/home/user/.m2/repository/org/apache/hadoop/hadoop-ozone-csi/0.5.0-SNAPSHOT/hadoop-ozone-csi-0.5.0-SNAPSHOT.jar:/home/user/.m2/repository/com/google/protobuf/protobuf-java-util/3.5.1/protobuf-java-util-3.5.1.jar:/home/user/.m2/repository/io/grpc/grpc-netty/1.17.1/grpc-netty-1.17.1.jar:/home/user/.m2/repository/io/grpc/grpc-core/1.17.1/grpc-core-1.17.1.jar:/home/user/.m2/repository/io/grpc/grpc-context/1.17.1/grpc-context-1.17.1.jar:/home/user/.m2/repository/com/google/errorprone/error_prone_annotations/2.2.0/error_prone_annotations-2.2.0.jar:/home/user/.m2/repository/org/codehaus/mojo/animal-sniffer-annotations/1.17/animal-sniffer-annotations-1.17.jar:/home/user/.m2/repository/io/opencensus/opencensus-api/0.17.0/opencensus-api-0.17.0.jar:/home/user/.m2/repository/io/opencensus/opencensus-contrib-grpc-metrics/0.17.0/opencensus-contrib-grpc-metrics-0.17.0.jar:/home/user/.m2/repository/io/netty/netty-codec-http2/4.1.30.Final/netty-codec-http2-4.1.30.Final.jar:/home/user/.m2/repository/io/netty/netty-codec-http/4.1.30.Final/netty-codec-http-4.1.30.Final.jar:/home/user/.m2/repository/io/netty/netty-codec/4.1.30.Final/netty-codec-4.1.30.Final.jar:/home/user/.m2/repository/io/netty/netty-handler/4.1.30.Final/netty-handler-4.1.30.Final.jar:/home/user/.m2/repository/io/netty/netty-handler-proxy/4.1.30.Final/netty-handler-proxy-4.1.30.Final.jar:/home/user/.m2/repository/io/netty/netty-codec-socks/4.1.30.Final/netty-codec-socks-4.1.30.Final.jar:/home/user/.m2/repository/io/netty/netty-transport-native-epoll/4.1.30.Final/netty-transport-native-epoll-4.1.30.Final.jar:/home/user/.m2/repository/io/netty/netty-common/4.1.30.Final/netty-common-4.1.30.Final.jar:/home/user/.m2/repository/io/netty/netty-buffer/4.1.30.Final/netty-buffer-4.1.30.Final.jar:/home/user/.m2/repository/io/netty/netty-transport/4.1.30.Final/netty-transport-4.1.30.Final.jar:/home/user/.m2/repository/io/netty/netty-resolver/4.1.30.Final/netty-resolver-4.1.30.Final.jar:/home/user/.m2/repository/io/netty/netty-transport-native-unix-common/4.1.30.Final/netty-transport-native-unix-common-4.1.30.Final.jar:/home/user/.m2/repository/io/grpc/grpc-protobuf/1.17.1/grpc-protobuf-1.17.1.jar:/home/user/.m2/repository/com/google/api/grpc/proto-google-common-protos/1.0.0/proto-google-common-protos-1.0.0.jar:/home/user/.m2/repository/io/grpc/grpc-protobuf-lite/1.17.1/grpc-protobuf-lite-1.17.1.jar:/home/user/.m2/repository/io/grpc/grpc-stub/1.17.1/grpc-stub-1.17.1.jar:/home/user/.m2/repository/org/apache/hadoop/hadoop-ozone-recon/0.5.0-SNAPSHOT/hadoop-ozone-recon-0.5.0-SNAPSHOT.jar:/home/user/.m2/repository/org/apache/hadoop/hadoop-ozone-reconcodegen/0.5.0-SNAPSHOT/hadoop-ozone-reconcodegen-0.5.0-SNAPSHOT.jar:/home/user/.m2/repository/com/google/inject/extensions/guice-multibindings/4.0/guice-multibindings-4.0.jar:/home/user/.m2/repository/com/google/inject/guice/4.0/guice-4.0.jar:/home/user/.m2/repository/aopalliance/aopalliance/1.0/aopalliance-1.0.jar:/home/user/.m2/repository/com/google/inject/extensions/guice-servlet/4.0/guice-servlet-4.0.jar:/home/user/.m2/repository/org/glassfish/jersey/containers/jersey-container-servlet/2.27/jersey-container-servlet-2.27.jar:/home/user/.m2/repository/org/glassfish/hk2/guice-bridge/2.5.0/guice-bridge-2.5.0.jar:/home/user/.m2/repository/org/glassfish/jersey/core/jersey-server/2.27/jersey-server-2.27.jar:/home/user/.m2/repository/org/glassfish/jersey/core/jersey-client/2.27/jersey-client-2.27.jar:/home/user/.m2/repository/org/glassfish/jersey/media/jersey-media-jaxb/2.27/jersey-media-jaxb-2.27.jar:/home/user/.m2/repository/javax/validation/validation-api/1.1.0.Final/validation-api-1.1.0.Final.jar:/home/user/.m2/repository/org/glassfish/jersey/media/jersey-media-json-jackson/2.27/jersey-media-json-jackson-2.27.jar:/home/user/.m2/repository/org/glassfish/jersey/ext/jersey-entity-filtering/2.27/jersey-entity-filtering-2.27.jar:/home/user/.m2/repository/com/google/inject/extensions/guice-assistedinject/4.0/guice-assistedinject-4.0.jar:/home/user/.m2/repository/org/jooq/jooq/3.11.10/jooq-3.11.10.jar:/home/user/.m2/repository/org/jooq/jooq-meta/3.11.10/jooq-meta-3.11.10.jar:/home/user/.m2/repository/org/jooq/jooq-codegen/3.11.10/jooq-codegen-3.11.10.jar:/home/user/.m2/repository/com/jolbox/bonecp/0.8.0.RELEASE/bonecp-0.8.0.RELEASE.jar:/home/user/.m2/repository/org/springframework/spring-jdbc/5.1.3.RELEASE/spring-jdbc-5.1.3.RELEASE.jar:/home/user/.m2/repository/org/springframework/spring-beans/5.1.3.RELEASE/spring-beans-5.1.3.RELEASE.jar:/home/user/.m2/repository/org/springframework/spring-core/5.1.3.RELEASE/spring-core-5.1.3.RELEASE.jar:/home/user/.m2/repository/org/springframework/spring-jcl/5.1.3.RELEASE/spring-jcl-5.1.3.RELEASE.jar:/home/user/.m2/repository/org/springframework/spring-tx/5.1.3.RELEASE/spring-tx-5.1.3.RELEASE.jar:/home/user/.m2/repository/org/mockito/mockito-core/2.15.0/mockito-core-2.15.0.jar:/home/user/.m2/repository/net/bytebuddy/byte-buddy/1.7.9/byte-buddy-1.7.9.jar:/home/user/.m2/repository/net/bytebuddy/byte-buddy-agent/1.7.9/byte-buddy-agent-1.7.9.jar:/home/user/.m2/repository/org/objenesis/objenesis/1.0/objenesis-1.0.jar:"/>
    <property name="sun.cpu.endian" value="little"/>
    <property name="user.home" value="/home/user"/>
    <property name="user.language" value="en"/>
    <property name="java.specification.vendor" value="Oracle Corporation"/>
    <property name="java.home" value="/usr/lib/jvm/java-1.8.0-openjdk-1.8.0.222.b10-1.el7_7.x86_64/jre"/>
    <property name="surefire.excludesFile" value="/tools/ozone-bad-unit-tests"/>
    <property name="java.security.krb5.conf" value="/workdir/hadoop-ozone/tools/target/test-classes/krb5.conf"/>
    <property name="basedir" value="/workdir/hadoop-ozone/tools"/>
    <property name="file.separator" value="/"/>
    <property name="line.separator" value="&#10;"/>
    <property name="java.vm.specification.vendor" value="Oracle Corporation"/>
    <property name="java.specification.name" value="Java Platform API Specification"/>
    <property name="java.awt.graphicsenv" value="sun.awt.X11GraphicsEnvironment"/>
    <property name="surefire.real.class.path" value="/workdir/hadoop-ozone/tools/target/surefire/surefirebooter836526367815757310.jar"/>
    <property name="hadoop.log.dir" value="/workdir/hadoop-ozone/tools/target/log"/>
    <property name="sun.boot.class.path" value="/usr/lib/jvm/java-1.8.0-openjdk-1.8.0.222.b10-1.el7_7.x86_64/jre/lib/resources.jar:/usr/lib/jvm/java-1.8.0-openjdk-1.8.0.222.b10-1.el7_7.x86_64/jre/lib/rt.jar:/usr/lib/jvm/java-1.8.0-openjdk-1.8.0.222.b10-1.el7_7.x86_64/jre/lib/sunrsasign.jar:/usr/lib/jvm/java-1.8.0-openjdk-1.8.0.222.b10-1.el7_7.x86_64/jre/lib/jsse.jar:/usr/lib/jvm/java-1.8.0-openjdk-1.8.0.222.b10-1.el7_7.x86_64/jre/lib/jce.jar:/usr/lib/jvm/java-1.8.0-openjdk-1.8.0.222.b10-1.el7_7.x86_64/jre/lib/charsets.jar:/usr/lib/jvm/java-1.8.0-openjdk-1.8.0.222.b10-1.el7_7.x86_64/jre/lib/jfr.jar:/usr/lib/jvm/java-1.8.0-openjdk-1.8.0.222.b10-1.el7_7.x86_64/jre/classes"/>
    <property name="sun.management.compiler" value="HotSpot 64-Bit Tiered Compilers"/>
    <property name="java.runtime.version" value="1.8.0_222-b10"/>
    <property name="java.net.preferIPv4Stack" value="true"/>
    <property name="user.name" value="jenkins1000"/>
    <property name="path.separator" value=":"/>
    <property name="java.security.egd" value="file:///dev/urandom"/>
    <property name="os.version" value="3.10.0-957.12.2.el7.x86_64"/>
    <property name="java.endorsed.dirs" value="/usr/lib/jvm/java-1.8.0-openjdk-1.8.0.222.b10-1.el7_7.x86_64/jre/lib/endorsed"/>
    <property name="java.runtime.name" value="OpenJDK Runtime Environment"/>
    <property name="file.encoding" value="ANSI_X3.4-1968"/>
    <property name="java.vm.name" value="OpenJDK 64-Bit Server VM"/>
    <property name="test.build.webapps" value=""/>
    <property name="localRepository" value="/home/user/.m2/repository"/>
    <property name="java.vendor.url.bug" value="http://bugreport.sun.com/bugreport/"/>
    <property name="java.io.tmpdir" value="/tmp"/>
    <property name="require.test.libhadoop" value=""/>
    <property name="java.version" value="1.8.0_222"/>
    <property name="user.dir" value="/workdir/hadoop-ozone/tools"/>
    <property name="os.arch" value="amd64"/>
    <property name="java.vm.specification.name" value="Java Virtual Machine Specification"/>
    <property name="test.build.classes" value="/workdir/hadoop-ozone/tools/target/test-classes"/>
    <property name="java.awt.printerjob" value="sun.print.PSPrinterJob"/>
    <property name="sun.os.patch.level" value="unknown"/>
    <property name="hadoop.tmp.dir" value="/workdir/hadoop-ozone/tools/target/tmp"/>
    <property name="java.library.path" value="/usr/lib:/workdir/hadoop-ozone/tools/target/native/target/usr/local/lib:/workdir/hadoop-ozone/tools/../../hadoop-common-project/hadoop-common/target/native/target/usr/local/lib:/usr/java/packages/lib/amd64:/usr/lib64:/lib64:/lib:/usr/lib"/>
    <property name="java.vm.info" value="mixed mode"/>
    <property name="java.vendor" value="Oracle Corporation"/>
    <property name="java.vm.version" value="25.222-b10"/>
    <property name="java.ext.dirs" value="/usr/lib/jvm/java-1.8.0-openjdk-1.8.0.222.b10-1.el7_7.x86_64/jre/lib/ext:/usr/java/packages/lib/ext"/>
    <property name="sun.io.unicode.encoding" value="UnicodeLittle"/>
    <property name="java.class.version" value="52.0"/>
  </properties>
  <testcase name="testRestart" classname="org.apache.hadoop.ozone.freon.TestFreonWithPipelineDestroy" time="19.067">
    <error message="INTERNAL_ERROR org.apache.hadoop.ozone.om.exceptions.OMException: Allocated 0 blocks. Requested 5 blocks" type="java.lang.RuntimeException">java.lang.RuntimeException: INTERNAL_ERROR org.apache.hadoop.ozone.om.exceptions.OMException: Allocated 0 blocks. Requested 5 blocks
	at org.apache.hadoop.ozone.freon.RandomKeyGenerator.call(RandomKeyGenerator.java:341)
	at org.apache.hadoop.ozone.freon.TestFreonWithPipelineDestroy.startFreon(TestFreonWithPipelineDestroy.java:87)
	at org.apache.hadoop.ozone.freon.TestFreonWithPipelineDestroy.testRestart(TestFreonWithPipelineDestroy.java:74)
	at sun.reflect.NativeMethodAccessorImpl.invoke0(Native Method)
	at sun.reflect.NativeMethodAccessorImpl.invoke(NativeMethodAccessorImpl.java:62)
	at sun.reflect.DelegatingMethodAccessorImpl.invoke(DelegatingMethodAccessorImpl.java:43)
	at java.lang.reflect.Method.invoke(Method.java:498)
	at org.junit.runners.model.FrameworkMethod$1.runReflectiveCall(FrameworkMethod.java:47)
	at org.junit.internal.runners.model.ReflectiveCallable.run(ReflectiveCallable.java:12)
	at org.junit.runners.model.FrameworkMethod.invokeExplosively(FrameworkMethod.java:44)
	at org.junit.internal.runners.statements.InvokeMethod.evaluate(InvokeMethod.java:17)
	at org.junit.runners.ParentRunner.runLeaf(ParentRunner.java:271)
	at org.junit.runners.BlockJUnit4ClassRunner.runChild(BlockJUnit4ClassRunner.java:70)
	at org.junit.runners.BlockJUnit4ClassRunner.runChild(BlockJUnit4ClassRunner.java:50)
	at org.junit.runners.ParentRunner$3.run(ParentRunner.java:238)
	at org.junit.runners.ParentRunner$1.schedule(ParentRunner.java:63)
	at org.junit.runners.ParentRunner.runChildren(ParentRunner.java:236)
	at org.junit.runners.ParentRunner.access$000(ParentRunner.java:53)
	at org.junit.runners.ParentRunner$2.evaluate(ParentRunner.java:229)
	at org.junit.internal.runners.statements.RunBefores.evaluate(RunBefores.java:26)
	at org.junit.internal.runners.statements.RunAfters.evaluate(RunAfters.java:27)
	at org.junit.runners.ParentRunner.run(ParentRunner.java:309)
	at org.apache.maven.surefire.junit4.JUnit4Provider.execute(JUnit4Provider.java:365)
	at org.apache.maven.surefire.junit4.JUnit4Provider.executeWithRerun(JUnit4Provider.java:273)
	at org.apache.maven.surefire.junit4.JUnit4Provider.executeTestSet(JUnit4Provider.java:238)
	at org.apache.maven.surefire.junit4.JUnit4Provider.invoke(JUnit4Provider.java:159)
	at org.apache.maven.surefire.booter.ForkedBooter.invokeProviderInSameClassLoader(ForkedBooter.java:384)
	at org.apache.maven.surefire.booter.ForkedBooter.runSuitesInProcess(ForkedBooter.java:345)
	at org.apache.maven.surefire.booter.ForkedBooter.execute(ForkedBooter.java:126)
	at org.apache.maven.surefire.booter.ForkedBooter.main(ForkedBooter.java:418)
Caused by: INTERNAL_ERROR org.apache.hadoop.ozone.om.exceptions.OMException: Allocated 0 blocks. Requested 5 blocks
	at org.apache.hadoop.ozone.om.protocolPB.OzoneManagerProtocolClientSideTranslatorPB.handleError(OzoneManagerProtocolClientSideTranslatorPB.java:761)
	at org.apache.hadoop.ozone.om.protocolPB.OzoneManagerProtocolClientSideTranslatorPB.openKey(OzoneManagerProtocolClientSideTranslatorPB.java:752)
	at sun.reflect.NativeMethodAccessorImpl.invoke0(Native Method)
	at sun.reflect.NativeMethodAccessorImpl.invoke(NativeMethodAccessorImpl.java:62)
	at sun.reflect.DelegatingMethodAccessorImpl.invoke(DelegatingMethodAccessorImpl.java:43)
	at java.lang.reflect.Method.invoke(Method.java:498)
	at org.apache.hadoop.hdds.tracing.TraceAllMethod.invoke(TraceAllMethod.java:66)
	at com.sun.proxy.$Proxy37.openKey(Unknown Source)
	at org.apache.hadoop.ozone.client.rpc.RpcClient.createKey(RpcClient.java:633)
	at org.apache.hadoop.ozone.client.OzoneBucket.createKey(OzoneBucket.java:325)
	at org.apache.hadoop.ozone.freon.RandomKeyGenerator.createKey(RandomKeyGenerator.java:697)
	at org.apache.hadoop.ozone.freon.RandomKeyGenerator.access$1100(RandomKeyGenerator.java:88)
	at org.apache.hadoop.ozone.freon.RandomKeyGenerator$ObjectCreator.run(RandomKeyGenerator.java:615)
	at java.util.concurrent.Executors$RunnableAdapter.call(Executors.java:511)
	at java.util.concurrent.FutureTask.run(FutureTask.java:266)
	at java.util.concurrent.ThreadPoolExecutor.runWorker(ThreadPoolExecutor.java:1149)
	at java.util.concurrent.ThreadPoolExecutor$Worker.run(ThreadPoolExecutor.java:624)
	at java.lang.Thread.run(Thread.java:748)
</error>
    <system-out><![CDATA[2019-11-16 13:05:22,993 [main] WARN  server.ServerUtils (ServerUtils.java:getScmDbDir(145)) - ozone.scm.db.dirs is not configured. We recommend adding this setting. Falling back to ozone.metadata.dirs instead.
2019-11-16 13:05:23,111 [main] WARN  server.ServerUtils (ServerUtils.java:getScmDbDir(145)) - ozone.scm.db.dirs is not configured. We recommend adding this setting. Falling back to ozone.metadata.dirs instead.
2019-11-16 13:05:23,114 [main] WARN  server.ServerUtils (ServerUtils.java:getScmDbDir(145)) - ozone.scm.db.dirs is not configured. We recommend adding this setting. Falling back to ozone.metadata.dirs instead.
2019-11-16 13:05:23,139 [main] INFO  util.log (Log.java:initialized(192)) - Logging initialized @891ms
2019-11-16 13:05:23,235 [main] INFO  db.DBStoreBuilder (DBStoreBuilder.java:addTable(127)) - using custom profile for table: deletedBlocks
2019-11-16 13:05:23,236 [main] INFO  db.DBStoreBuilder (DBStoreBuilder.java:processTables(183)) - Using default column profile:DBProfile.DISK for Table:deletedBlocks
2019-11-16 13:05:23,236 [main] INFO  db.DBStoreBuilder (DBStoreBuilder.java:addTable(127)) - using custom profile for table: validCerts
2019-11-16 13:05:23,237 [main] INFO  db.DBStoreBuilder (DBStoreBuilder.java:processTables(183)) - Using default column profile:DBProfile.DISK for Table:validCerts
2019-11-16 13:05:23,237 [main] INFO  db.DBStoreBuilder (DBStoreBuilder.java:addTable(127)) - using custom profile for table: revokedCerts
2019-11-16 13:05:23,237 [main] INFO  db.DBStoreBuilder (DBStoreBuilder.java:processTables(183)) - Using default column profile:DBProfile.DISK for Table:revokedCerts
2019-11-16 13:05:23,255 [main] INFO  db.DBStoreBuilder (DBStoreBuilder.java:addTable(127)) - using custom profile for table: default
2019-11-16 13:05:23,255 [main] INFO  db.DBStoreBuilder (DBStoreBuilder.java:processTables(189)) - Using default column profile:DBProfile.DISK for Table:default
2019-11-16 13:05:23,257 [main] INFO  db.DBStoreBuilder (DBStoreBuilder.java:getDbProfile(220)) - Using default options. DBProfile.DISK
2019-11-16 13:05:23,540 [main] INFO  net.NodeSchemaLoader (NodeSchemaLoader.java:loadSchemaFromFile(125)) - Loading file from sun.misc.CompoundEnumeration@5e0e82ae
2019-11-16 13:05:23,543 [main] INFO  net.NodeSchemaLoader (NodeSchemaLoader.java:loadSchema(171)) - Loading network topology layer schema file
2019-11-16 13:05:23,603 [main] INFO  node.SCMNodeManager (SCMNodeManager.java:<init>(116)) - Entering startup safe mode.
2019-11-16 13:05:23,667 [main] INFO  algorithms.ContainerPlacementPolicyFactory (ContainerPlacementPolicyFactory.java:getPolicy(57)) - Create container placement policy of type org.apache.hadoop.hdds.scm.container.placement.algorithms.SCMContainerPlacementRandom
2019-11-16 13:05:23,680 [main] WARN  server.ServerUtils (ServerUtils.java:getScmDbDir(145)) - ozone.scm.db.dirs is not configured. We recommend adding this setting. Falling back to ozone.metadata.dirs instead.
2019-11-16 13:05:23,796 [main] INFO  pipeline.SCMPipelineManager (SCMPipelineManager.java:initializePipelineState(132)) - No pipeline exists in current db
2019-11-16 13:05:23,799 [main] WARN  server.ServerUtils (ServerUtils.java:getScmDbDir(145)) - ozone.scm.db.dirs is not configured. We recommend adding this setting. Falling back to ozone.metadata.dirs instead.
2019-11-16 13:05:23,947 [main] WARN  events.EventQueue (EventQueue.java:fireEvent(183)) - No event handler registered for event TypedEvent{payloadType=SafeModeStatus, name='SafeModeStatus'}
2019-11-16 13:05:24,307 [main] INFO  ipc.CallQueueManager (CallQueueManager.java:<init>(84)) - Using callQueue: class java.util.concurrent.LinkedBlockingQueue, queueCapacity: 2000, scheduler: class org.apache.hadoop.ipc.DefaultRpcScheduler, ipcBackoff: false.
2019-11-16 13:05:24,332 [Socket Reader #1 for port 33806] INFO  ipc.Server (Server.java:run(1074)) - Starting Socket Reader #1 for port 33806
2019-11-16 13:05:24,484 [main] INFO  ipc.CallQueueManager (CallQueueManager.java:<init>(84)) - Using callQueue: class java.util.concurrent.LinkedBlockingQueue, queueCapacity: 2000, scheduler: class org.apache.hadoop.ipc.DefaultRpcScheduler, ipcBackoff: false.
2019-11-16 13:05:24,486 [Socket Reader #1 for port 35336] INFO  ipc.Server (Server.java:run(1074)) - Starting Socket Reader #1 for port 35336
2019-11-16 13:05:24,497 [main] INFO  ipc.CallQueueManager (CallQueueManager.java:<init>(84)) - Using callQueue: class java.util.concurrent.LinkedBlockingQueue, queueCapacity: 2000, scheduler: class org.apache.hadoop.ipc.DefaultRpcScheduler, ipcBackoff: false.
2019-11-16 13:05:24,498 [Socket Reader #1 for port 32906] INFO  ipc.Server (Server.java:run(1074)) - Starting Socket Reader #1 for port 32906
2019-11-16 13:05:24,530 [main] INFO  hdfs.DFSUtil (DFSUtil.java:httpServerTemplateForNNAndJN(1641)) - Starting Web-server for scm at: http://0.0.0.0:0
2019-11-16 13:05:24,675 [main] INFO  server.AuthenticationFilter (AuthenticationFilter.java:constructSecretProvider(240)) - Unable to initialize FileSignerSecretProvider, falling back to use random secrets.
2019-11-16 13:05:24,692 [main] WARN  http.HttpRequestLog (HttpRequestLog.java:getRequestLog(97)) - Jetty request log can only be enabled using Log4j
2019-11-16 13:05:24,702 [main] INFO  http.HttpServer2 (HttpServer2.java:addGlobalFilter(975)) - Added global filter 'safety' (class=org.apache.hadoop.http.HttpServer2$QuotingInputFilter)
2019-11-16 13:05:24,705 [main] INFO  http.HttpServer2 (HttpServer2.java:addFilter(948)) - Added filter static_user_filter (class=org.apache.hadoop.http.lib.StaticUserWebFilter$StaticUserFilter) to context scm
2019-11-16 13:05:24,705 [main] INFO  http.HttpServer2 (HttpServer2.java:addFilter(958)) - Added filter static_user_filter (class=org.apache.hadoop.http.lib.StaticUserWebFilter$StaticUserFilter) to context static
2019-11-16 13:05:24,706 [main] INFO  http.HttpServer2 (HttpServer2.java:addFilter(958)) - Added filter static_user_filter (class=org.apache.hadoop.http.lib.StaticUserWebFilter$StaticUserFilter) to context logs
2019-11-16 13:05:24,734 [main] INFO  server.StorageContainerManager (StorageContainerManager.java:start(766)) - StorageContainerLocationProtocol RPC server is listening at /0.0.0.0:32906
2019-11-16 13:05:24,790 [main] WARN  impl.MetricsConfig (MetricsConfig.java:loadFirst(134)) - Cannot locate configuration: tried hadoop-metrics2-storagecontainermanager.properties,hadoop-metrics2.properties
2019-11-16 13:05:24,806 [main] INFO  impl.MetricsSystemImpl (MetricsSystemImpl.java:startTimer(374)) - Scheduled Metric snapshot period at 10 second(s).
2019-11-16 13:05:24,806 [main] INFO  impl.MetricsSystemImpl (MetricsSystemImpl.java:start(191)) - StorageContainerManager metrics system started
2019-11-16 13:05:25,037 [main] INFO  server.SCMClientProtocolServer (SCMClientProtocolServer.java:start(160)) - RPC server for Client  is listening at /0.0.0.0:32906
2019-11-16 13:05:25,038 [IPC Server Responder] INFO  ipc.Server (Server.java:run(1314)) - IPC Server Responder: starting
2019-11-16 13:05:25,038 [IPC Server listener on 32906] INFO  ipc.Server (Server.java:run(1153)) - IPC Server listener on 32906: starting
2019-11-16 13:05:25,041 [main] INFO  server.StorageContainerManager (StorageContainerManager.java:start(776)) - ScmBlockLocationProtocol RPC server is listening at /0.0.0.0:35336
2019-11-16 13:05:25,042 [main] INFO  server.SCMBlockProtocolServer (SCMBlockProtocolServer.java:start(146)) - RPC server for Block Protocol is listening at /0.0.0.0:35336
2019-11-16 13:05:25,042 [IPC Server Responder] INFO  ipc.Server (Server.java:run(1314)) - IPC Server Responder: starting
2019-11-16 13:05:25,043 [IPC Server listener on 35336] INFO  ipc.Server (Server.java:run(1153)) - IPC Server listener on 35336: starting
2019-11-16 13:05:25,045 [main] INFO  server.StorageContainerManager (StorageContainerManager.java:start(780)) - ScmDatanodeProtocl RPC server is listening at /0.0.0.0:33806
2019-11-16 13:05:25,045 [main] INFO  server.SCMDatanodeProtocolServer (SCMDatanodeProtocolServer.java:start(169)) - RPC server for DataNodes is listening at /0.0.0.0:33806
2019-11-16 13:05:25,046 [IPC Server Responder] INFO  ipc.Server (Server.java:run(1314)) - IPC Server Responder: starting
2019-11-16 13:05:25,046 [IPC Server listener on 33806] INFO  ipc.Server (Server.java:run(1153)) - IPC Server listener on 33806: starting
2019-11-16 13:05:25,050 [main] INFO  http.HttpServer2 (HttpServer2.java:bindListener(1191)) - Jetty bound to port 35902
2019-11-16 13:05:25,051 [main] INFO  server.Server (Server.java:doStart(351)) - jetty-9.3.25.v20180904, build timestamp: 2018-09-04T21:11:46Z, git hash: 3ce520221d0240229c862b122d2b06c12a625732
2019-11-16 13:05:25,083 [main] INFO  handler.ContextHandler (ContextHandler.java:doStart(781)) - Started o.e.j.s.ServletContextHandler@56e8b606{/logs,file:///workdir/hadoop-ozone/tools/target/log,AVAILABLE}
2019-11-16 13:05:25,084 [main] INFO  handler.ContextHandler (ContextHandler.java:doStart(781)) - Started o.e.j.s.ServletContextHandler@40dff0b7{/static,jar:file:/home/user/.m2/repository/org/apache/hadoop/hadoop-hdds-server-scm/0.5.0-SNAPSHOT/hadoop-hdds-server-scm-0.5.0-SNAPSHOT.jar!/webapps/static,AVAILABLE}
2019-11-16 13:05:25,154 [main] INFO  handler.ContextHandler (ContextHandler.java:doStart(781)) - Started o.e.j.w.WebAppContext@5aceec94{/,file:///tmp/jetty-0.0.0.0-35902-scm-_-any-5447583615772183645.dir/webapp/,AVAILABLE}{/scm}
2019-11-16 13:05:25,158 [main] INFO  server.AbstractConnector (AbstractConnector.java:doStart(278)) - Started ServerConnector@733c423e{HTTP/1.1,[http/1.1]}{0.0.0.0:35902}
2019-11-16 13:05:25,159 [main] INFO  server.Server (Server.java:doStart(419)) - Started @2911ms
2019-11-16 13:05:25,161 [main] INFO  impl.MetricsSinkAdapter (MetricsSinkAdapter.java:start(204)) - Sink prometheus started
2019-11-16 13:05:25,161 [main] INFO  impl.MetricsSystemImpl (MetricsSystemImpl.java:registerSink(301)) - Registered sink prometheus
2019-11-16 13:05:25,163 [main] INFO  server.BaseHttpServer (BaseHttpServer.java:updateConnectorAddress(215)) - HTTP server of SCM is listening at http://0.0.0.0:35902
2019-11-16 13:05:25,173 [org.apache.hadoop.util.JvmPauseMonitor$Monitor@1b5bc39d] INFO  util.JvmPauseMonitor (JvmPauseMonitor.java:run(188)) - Starting JVM pause monitor
2019-11-16 13:05:25,177 [main] WARN  server.ServerUtils (ServerUtils.java:getDBPath(222)) - ozone.om.db.dirs is not configured. We recommend adding this setting. Falling back to ozone.metadata.dirs instead.
2019-11-16 13:05:25,359 [main] INFO  ha.OMHANodeDetails (OMHANodeDetails.java:loadOMHAConfig(190)) - Configuration either no ozone.om.address set. Falling back to the default OM address /127.0.0.1:0
2019-11-16 13:05:25,360 [main] INFO  ha.OMHANodeDetails (OMHANodeDetails.java:getOMNodeDetails(220)) - OM Service ID is not set. Setting it to the default ID: omServiceIdDefault
2019-11-16 13:05:25,361 [main] WARN  server.ServerUtils (ServerUtils.java:getDBPath(222)) - ozone.om.db.dirs is not configured. We recommend adding this setting. Falling back to ozone.metadata.dirs instead.
2019-11-16 13:05:25,362 [main] WARN  server.ServerUtils (ServerUtils.java:getDBPath(222)) - ozone.om.db.dirs is not configured. We recommend adding this setting. Falling back to ozone.metadata.dirs instead.
2019-11-16 13:05:26,003 [main] WARN  server.ServerUtils (ServerUtils.java:getDBPath(222)) - ozone.om.db.dirs is not configured. We recommend adding this setting. Falling back to ozone.metadata.dirs instead.
2019-11-16 13:05:26,012 [main] INFO  db.DBStoreBuilder (DBStoreBuilder.java:addTable(127)) - using custom profile for table: userTable
2019-11-16 13:05:26,012 [main] INFO  db.DBStoreBuilder (DBStoreBuilder.java:processTables(183)) - Using default column profile:DBProfile.DISK for Table:userTable
2019-11-16 13:05:26,012 [main] INFO  db.DBStoreBuilder (DBStoreBuilder.java:addTable(127)) - using custom profile for table: volumeTable
2019-11-16 13:05:26,012 [main] INFO  db.DBStoreBuilder (DBStoreBuilder.java:processTables(183)) - Using default column profile:DBProfile.DISK for Table:volumeTable
2019-11-16 13:05:26,013 [main] INFO  db.DBStoreBuilder (DBStoreBuilder.java:addTable(127)) - using custom profile for table: bucketTable
2019-11-16 13:05:26,013 [main] INFO  db.DBStoreBuilder (DBStoreBuilder.java:processTables(183)) - Using default column profile:DBProfile.DISK for Table:bucketTable
2019-11-16 13:05:26,014 [main] INFO  db.DBStoreBuilder (DBStoreBuilder.java:addTable(127)) - using custom profile for table: keyTable
2019-11-16 13:05:26,014 [main] INFO  db.DBStoreBuilder (DBStoreBuilder.java:processTables(183)) - Using default column profile:DBProfile.DISK for Table:keyTable
2019-11-16 13:05:26,015 [main] INFO  db.DBStoreBuilder (DBStoreBuilder.java:addTable(127)) - using custom profile for table: deletedTable
2019-11-16 13:05:26,015 [main] INFO  db.DBStoreBuilder (DBStoreBuilder.java:processTables(183)) - Using default column profile:DBProfile.DISK for Table:deletedTable
2019-11-16 13:05:26,016 [main] INFO  db.DBStoreBuilder (DBStoreBuilder.java:addTable(127)) - using custom profile for table: openKeyTable
2019-11-16 13:05:26,016 [main] INFO  db.DBStoreBuilder (DBStoreBuilder.java:processTables(183)) - Using default column profile:DBProfile.DISK for Table:openKeyTable
2019-11-16 13:05:26,017 [main] INFO  db.DBStoreBuilder (DBStoreBuilder.java:addTable(127)) - using custom profile for table: s3Table
2019-11-16 13:05:26,017 [main] INFO  db.DBStoreBuilder (DBStoreBuilder.java:processTables(183)) - Using default column profile:DBProfile.DISK for Table:s3Table
2019-11-16 13:05:26,017 [main] INFO  db.DBStoreBuilder (DBStoreBuilder.java:addTable(127)) - using custom profile for table: multipartInfoTable
2019-11-16 13:05:26,018 [main] INFO  db.DBStoreBuilder (DBStoreBuilder.java:processTables(183)) - Using default column profile:DBProfile.DISK for Table:multipartInfoTable
2019-11-16 13:05:26,018 [main] INFO  db.DBStoreBuilder (DBStoreBuilder.java:addTable(127)) - using custom profile for table: dTokenTable
2019-11-16 13:05:26,019 [main] INFO  db.DBStoreBuilder (DBStoreBuilder.java:processTables(183)) - Using default column profile:DBProfile.DISK for Table:dTokenTable
2019-11-16 13:05:26,019 [main] INFO  db.DBStoreBuilder (DBStoreBuilder.java:addTable(127)) - using custom profile for table: s3SecretTable
2019-11-16 13:05:26,019 [main] INFO  db.DBStoreBuilder (DBStoreBuilder.java:processTables(183)) - Using default column profile:DBProfile.DISK for Table:s3SecretTable
2019-11-16 13:05:26,020 [main] INFO  db.DBStoreBuilder (DBStoreBuilder.java:addTable(127)) - using custom profile for table: prefixTable
2019-11-16 13:05:26,020 [main] INFO  db.DBStoreBuilder (DBStoreBuilder.java:processTables(183)) - Using default column profile:DBProfile.DISK for Table:prefixTable
2019-11-16 13:05:26,021 [main] INFO  db.DBStoreBuilder (DBStoreBuilder.java:addTable(127)) - using custom profile for table: default
2019-11-16 13:05:26,021 [main] INFO  db.DBStoreBuilder (DBStoreBuilder.java:processTables(189)) - Using default column profile:DBProfile.DISK for Table:default
2019-11-16 13:05:26,021 [main] INFO  db.DBStoreBuilder (DBStoreBuilder.java:getDbProfile(220)) - Using default options. DBProfile.DISK
2019-11-16 13:05:26,480 [main] INFO  ipc.CallQueueManager (CallQueueManager.java:<init>(84)) - Using callQueue: class java.util.concurrent.LinkedBlockingQueue, queueCapacity: 2000, scheduler: class org.apache.hadoop.ipc.DefaultRpcScheduler, ipcBackoff: false.
2019-11-16 13:05:26,481 [Socket Reader #1 for port 38394] INFO  ipc.Server (Server.java:run(1074)) - Starting Socket Reader #1 for port 38394
2019-11-16 13:05:26,504 [main] INFO  om.OzoneManager (OzoneManager.java:start(1077)) - OzoneManager RPC server is listening at localhost/127.0.0.1:38394
2019-11-16 13:05:26,505 [main] INFO  impl.MetricsSystemImpl (MetricsSystemImpl.java:init(158)) - OzoneManager metrics system started (again)
2019-11-16 13:05:26,513 [IPC Server Responder] INFO  ipc.Server (Server.java:run(1314)) - IPC Server Responder: starting
2019-11-16 13:05:26,513 [IPC Server listener on 38394] INFO  ipc.Server (Server.java:run(1153)) - IPC Server listener on 38394: starting
2019-11-16 13:05:26,520 [main] INFO  hdfs.DFSUtil (DFSUtil.java:httpServerTemplateForNNAndJN(1641)) - Starting Web-server for ozoneManager at: http://0.0.0.0:0
2019-11-16 13:05:26,523 [main] INFO  server.AuthenticationFilter (AuthenticationFilter.java:constructSecretProvider(240)) - Unable to initialize FileSignerSecretProvider, falling back to use random secrets.
2019-11-16 13:05:26,523 [main] WARN  http.HttpRequestLog (HttpRequestLog.java:getRequestLog(97)) - Jetty request log can only be enabled using Log4j
2019-11-16 13:05:26,527 [main] INFO  http.HttpServer2 (HttpServer2.java:addGlobalFilter(975)) - Added global filter 'safety' (class=org.apache.hadoop.http.HttpServer2$QuotingInputFilter)
2019-11-16 13:05:26,528 [main] INFO  http.HttpServer2 (HttpServer2.java:addFilter(948)) - Added filter static_user_filter (class=org.apache.hadoop.http.lib.StaticUserWebFilter$StaticUserFilter) to context ozoneManager
2019-11-16 13:05:26,529 [main] INFO  http.HttpServer2 (HttpServer2.java:addFilter(958)) - Added filter static_user_filter (class=org.apache.hadoop.http.lib.StaticUserWebFilter$StaticUserFilter) to context static
2019-11-16 13:05:26,529 [main] INFO  http.HttpServer2 (HttpServer2.java:addFilter(958)) - Added filter static_user_filter (class=org.apache.hadoop.http.lib.StaticUserWebFilter$StaticUserFilter) to context logs
2019-11-16 13:05:26,532 [main] INFO  http.HttpServer2 (HttpServer2.java:bindListener(1191)) - Jetty bound to port 38959
2019-11-16 13:05:26,533 [main] INFO  server.Server (Server.java:doStart(351)) - jetty-9.3.25.v20180904, build timestamp: 2018-09-04T21:11:46Z, git hash: 3ce520221d0240229c862b122d2b06c12a625732
2019-11-16 13:05:26,536 [main] INFO  handler.ContextHandler (ContextHandler.java:doStart(781)) - Started o.e.j.s.ServletContextHandler@340b7ef6{/logs,file:///workdir/hadoop-ozone/tools/target/log,AVAILABLE}
2019-11-16 13:05:26,537 [main] INFO  handler.ContextHandler (ContextHandler.java:doStart(781)) - Started o.e.j.s.ServletContextHandler@6050462a{/static,jar:file:/home/user/.m2/repository/org/apache/hadoop/hadoop-ozone-ozone-manager/0.5.0-SNAPSHOT/hadoop-ozone-ozone-manager-0.5.0-SNAPSHOT.jar!/webapps/static,AVAILABLE}
2019-11-16 13:05:26,608 [main] INFO  handler.ContextHandler (ContextHandler.java:doStart(781)) - Started o.e.j.w.WebAppContext@425d5d46{/,file:///tmp/jetty-0.0.0.0-38959-ozoneManager-_-any-3564923432939693476.dir/webapp/,AVAILABLE}{/ozoneManager}
2019-11-16 13:05:26,609 [main] INFO  server.AbstractConnector (AbstractConnector.java:doStart(278)) - Started ServerConnector@198ef2ce{HTTP/1.1,[http/1.1]}{0.0.0.0:38959}
2019-11-16 13:05:26,609 [main] INFO  server.Server (Server.java:doStart(419)) - Started @4362ms
2019-11-16 13:05:26,610 [main] WARN  impl.MetricsSystemImpl (MetricsSystemImpl.java:register(276)) - Sink prometheus already exists!
2019-11-16 13:05:26,611 [main] INFO  server.BaseHttpServer (BaseHttpServer.java:updateConnectorAddress(215)) - HTTP server of OZONEMANAGER is listening at http://0.0.0.0:38959
2019-11-16 13:05:26,907 [main] INFO  impl.MetricsSystemImpl (MetricsSystemImpl.java:init(158)) - HddsDatanode metrics system started (again)
2019-11-16 13:05:26,956 [main] INFO  ozone.HddsDatanodeService (HddsDatanodeService.java:start(186)) - HddsDatanodeService host:pr-hdds-2508-jgffk-3148646922 ip:192.168.69.84
2019-11-16 13:05:26,991 [main] INFO  volume.HddsVolume (HddsVolume.java:<init>(176)) - Creating Volume: /workdir/hadoop-ozone/tools/target/test-dir/MiniOzoneClusterImpl-eb0973ae-92a9-46ee-85ce-ef1f9c3ff6e2/datanode-0/data/containers/hdds of  storage type : DISK and capacity : 1482555576320
2019-11-16 13:05:26,993 [main] INFO  volume.VolumeSet (VolumeSet.java:initializeVolumeSet(170)) - Added Volume : /workdir/hadoop-ozone/tools/target/test-dir/MiniOzoneClusterImpl-eb0973ae-92a9-46ee-85ce-ef1f9c3ff6e2/datanode-0/data/containers/hdds to VolumeSet
2019-11-16 13:05:26,995 [main] INFO  volume.ThrottledAsyncChecker (ThrottledAsyncChecker.java:schedule(141)) - Scheduling a check for /workdir/hadoop-ozone/tools/target/test-dir/MiniOzoneClusterImpl-eb0973ae-92a9-46ee-85ce-ef1f9c3ff6e2/datanode-0/data/containers/hdds
2019-11-16 13:05:27,012 [main] INFO  volume.HddsVolumeChecker (HddsVolumeChecker.java:checkAllVolumes(204)) - Scheduled health check for volume /workdir/hadoop-ozone/tools/target/test-dir/MiniOzoneClusterImpl-eb0973ae-92a9-46ee-85ce-ef1f9c3ff6e2/datanode-0/data/containers/hdds
2019-11-16 13:05:27,119 [main] INFO  impl.RaftServerProxy (ConfUtils.java:logGet(43)) - raft.rpc.type = GRPC (default)
2019-11-16 13:05:27,182 [main] INFO  grpc.GrpcFactory (GrpcFactory.java:checkPooledByteBufAllocatorUseCacheForAllThreads(45)) - PERFORMANCE WARNING: useCacheForAllThreads is true that may cause Netty to create a lot garbage objects and, as a result, trigger GC.
	It is recommended to disable useCacheForAllThreads by setting -Dorg.apache.ratis.thirdparty.io.netty.allocator.useCacheForAllThreads=false in command line.
2019-11-16 13:05:27,191 [main] INFO  grpc.GrpcConfigKeys$Server (ConfUtils.java:logGet(43)) - raft.grpc.server.port = 0 (default)
2019-11-16 13:05:27,192 [main] INFO  server.GrpcService (ConfUtils.java:logGet(43)) - raft.grpc.message.size.max = 33570816 (custom)
2019-11-16 13:05:27,195 [main] INFO  server.RaftServerConfigKeys (ConfUtils.java:logGet(43)) - raft.server.log.appender.buffer.byte-limit = 33554432 (custom)
2019-11-16 13:05:27,196 [main] INFO  server.GrpcService (ConfUtils.java:logGet(43)) - raft.grpc.flow.control.window = 1MB (=1048576) (default)
2019-11-16 13:05:27,198 [main] INFO  server.RaftServerConfigKeys (ConfUtils.java:logGet(43)) - raft.server.rpc.request.timeout = 3000ms (default)
2019-11-16 13:05:27,372 [main] INFO  server.RaftServerConfigKeys (ConfUtils.java:logGet(43)) - raft.server.storage.dir = [/workdir/hadoop-ozone/tools/target/test-dir/MiniOzoneClusterImpl-eb0973ae-92a9-46ee-85ce-ef1f9c3ff6e2/datanode-0/data/ratis] (custom)
2019-11-16 13:05:27,424 [main] INFO  hdfs.DFSUtil (DFSUtil.java:httpServerTemplateForNNAndJN(1641)) - Starting Web-server for hddsDatanode at: http://0.0.0.0:0
2019-11-16 13:05:27,427 [main] INFO  server.AuthenticationFilter (AuthenticationFilter.java:constructSecretProvider(240)) - Unable to initialize FileSignerSecretProvider, falling back to use random secrets.
2019-11-16 13:05:27,429 [main] WARN  http.HttpRequestLog (HttpRequestLog.java:getRequestLog(97)) - Jetty request log can only be enabled using Log4j
2019-11-16 13:05:27,432 [main] INFO  http.HttpServer2 (HttpServer2.java:addGlobalFilter(975)) - Added global filter 'safety' (class=org.apache.hadoop.http.HttpServer2$QuotingInputFilter)
2019-11-16 13:05:27,434 [main] INFO  http.HttpServer2 (HttpServer2.java:addFilter(948)) - Added filter static_user_filter (class=org.apache.hadoop.http.lib.StaticUserWebFilter$StaticUserFilter) to context hddsDatanode
2019-11-16 13:05:27,434 [main] INFO  http.HttpServer2 (HttpServer2.java:addFilter(958)) - Added filter static_user_filter (class=org.apache.hadoop.http.lib.StaticUserWebFilter$StaticUserFilter) to context logs
2019-11-16 13:05:27,434 [main] INFO  http.HttpServer2 (HttpServer2.java:addFilter(958)) - Added filter static_user_filter (class=org.apache.hadoop.http.lib.StaticUserWebFilter$StaticUserFilter) to context static
2019-11-16 13:05:27,436 [main] INFO  http.HttpServer2 (HttpServer2.java:bindListener(1191)) - Jetty bound to port 34614
2019-11-16 13:05:27,436 [main] INFO  server.Server (Server.java:doStart(351)) - jetty-9.3.25.v20180904, build timestamp: 2018-09-04T21:11:46Z, git hash: 3ce520221d0240229c862b122d2b06c12a625732
2019-11-16 13:05:27,440 [main] INFO  handler.ContextHandler (ContextHandler.java:doStart(781)) - Started o.e.j.s.ServletContextHandler@1ba359bd{/logs,file:///workdir/hadoop-ozone/tools/target/log,AVAILABLE}
2019-11-16 13:05:27,441 [main] INFO  handler.ContextHandler (ContextHandler.java:doStart(781)) - Started o.e.j.s.ServletContextHandler@673919a7{/static,jar:file:/home/user/.m2/repository/org/apache/hadoop/hadoop-hdds-container-service/0.5.0-SNAPSHOT/hadoop-hdds-container-service-0.5.0-SNAPSHOT.jar!/webapps/static,AVAILABLE}
2019-11-16 13:05:27,488 [main] INFO  handler.ContextHandler (ContextHandler.java:doStart(781)) - Started o.e.j.w.WebAppContext@546e61d5{/,file:///tmp/jetty-0.0.0.0-34614-hddsDatanode-_-any-6969739955815027848.dir/webapp/,AVAILABLE}{/hddsDatanode}
2019-11-16 13:05:27,489 [main] INFO  server.AbstractConnector (AbstractConnector.java:doStart(278)) - Started ServerConnector@4674d90{HTTP/1.1,[http/1.1]}{0.0.0.0:34614}
2019-11-16 13:05:27,490 [main] INFO  server.Server (Server.java:doStart(419)) - Started @5243ms
2019-11-16 13:05:27,491 [main] WARN  impl.MetricsSystemImpl (MetricsSystemImpl.java:register(276)) - Sink prometheus already exists!
2019-11-16 13:05:27,492 [main] INFO  server.BaseHttpServer (BaseHttpServer.java:updateConnectorAddress(215)) - HTTP server of HDDSDATANODE is listening at http://0.0.0.0:34614
2019-11-16 13:05:27,494 [main] INFO  impl.MetricsSystemImpl (MetricsSystemImpl.java:init(158)) - HddsDatanode metrics system started (again)
2019-11-16 13:05:27,497 [main] INFO  ozone.HddsDatanodeService (HddsDatanodeService.java:start(186)) - HddsDatanodeService host:pr-hdds-2508-jgffk-3148646922 ip:192.168.69.84
2019-11-16 13:05:27,500 [org.apache.hadoop.util.JvmPauseMonitor$Monitor@256d8255] INFO  util.JvmPauseMonitor (JvmPauseMonitor.java:run(188)) - Starting JVM pause monitor
2019-11-16 13:05:27,507 [main] INFO  volume.HddsVolume (HddsVolume.java:<init>(176)) - Creating Volume: /workdir/hadoop-ozone/tools/target/test-dir/MiniOzoneClusterImpl-eb0973ae-92a9-46ee-85ce-ef1f9c3ff6e2/datanode-1/data/containers/hdds of  storage type : DISK and capacity : 1482555576320
2019-11-16 13:05:27,507 [main] INFO  volume.VolumeSet (VolumeSet.java:initializeVolumeSet(170)) - Added Volume : /workdir/hadoop-ozone/tools/target/test-dir/MiniOzoneClusterImpl-eb0973ae-92a9-46ee-85ce-ef1f9c3ff6e2/datanode-1/data/containers/hdds to VolumeSet
2019-11-16 13:05:27,508 [main] INFO  volume.ThrottledAsyncChecker (ThrottledAsyncChecker.java:schedule(141)) - Scheduling a check for /workdir/hadoop-ozone/tools/target/test-dir/MiniOzoneClusterImpl-eb0973ae-92a9-46ee-85ce-ef1f9c3ff6e2/datanode-1/data/containers/hdds
2019-11-16 13:05:27,509 [main] INFO  volume.HddsVolumeChecker (HddsVolumeChecker.java:checkAllVolumes(204)) - Scheduled health check for volume /workdir/hadoop-ozone/tools/target/test-dir/MiniOzoneClusterImpl-eb0973ae-92a9-46ee-85ce-ef1f9c3ff6e2/datanode-1/data/containers/hdds
2019-11-16 13:05:27,526 [main] INFO  impl.RaftServerProxy (ConfUtils.java:logGet(43)) - raft.rpc.type = GRPC (default)
2019-11-16 13:05:27,527 [main] INFO  grpc.GrpcFactory (GrpcFactory.java:checkPooledByteBufAllocatorUseCacheForAllThreads(45)) - PERFORMANCE WARNING: useCacheForAllThreads is true that may cause Netty to create a lot garbage objects and, as a result, trigger GC.
	It is recommended to disable useCacheForAllThreads by setting -Dorg.apache.ratis.thirdparty.io.netty.allocator.useCacheForAllThreads=false in command line.
2019-11-16 13:05:27,527 [main] INFO  grpc.GrpcConfigKeys$Server (ConfUtils.java:logGet(43)) - raft.grpc.server.port = 0 (default)
2019-11-16 13:05:27,527 [main] INFO  server.GrpcService (ConfUtils.java:logGet(43)) - raft.grpc.message.size.max = 33570816 (custom)
2019-11-16 13:05:27,527 [main] INFO  server.RaftServerConfigKeys (ConfUtils.java:logGet(43)) - raft.server.log.appender.buffer.byte-limit = 33554432 (custom)
2019-11-16 13:05:27,528 [main] INFO  server.GrpcService (ConfUtils.java:logGet(43)) - raft.grpc.flow.control.window = 1MB (=1048576) (default)
2019-11-16 13:05:27,528 [main] INFO  server.RaftServerConfigKeys (ConfUtils.java:logGet(43)) - raft.server.rpc.request.timeout = 3000ms (default)
2019-11-16 13:05:27,530 [main] INFO  server.RaftServerConfigKeys (ConfUtils.java:logGet(43)) - raft.server.storage.dir = [/workdir/hadoop-ozone/tools/target/test-dir/MiniOzoneClusterImpl-eb0973ae-92a9-46ee-85ce-ef1f9c3ff6e2/datanode-1/data/ratis] (custom)
2019-11-16 13:05:27,533 [main] INFO  hdfs.DFSUtil (DFSUtil.java:httpServerTemplateForNNAndJN(1641)) - Starting Web-server for hddsDatanode at: http://0.0.0.0:0
2019-11-16 13:05:27,535 [main] INFO  server.AuthenticationFilter (AuthenticationFilter.java:constructSecretProvider(240)) - Unable to initialize FileSignerSecretProvider, falling back to use random secrets.
2019-11-16 13:05:27,535 [main] WARN  http.HttpRequestLog (HttpRequestLog.java:getRequestLog(97)) - Jetty request log can only be enabled using Log4j
2019-11-16 13:05:27,537 [main] INFO  http.HttpServer2 (HttpServer2.java:addGlobalFilter(975)) - Added global filter 'safety' (class=org.apache.hadoop.http.HttpServer2$QuotingInputFilter)
2019-11-16 13:05:27,538 [main] INFO  http.HttpServer2 (HttpServer2.java:addFilter(948)) - Added filter static_user_filter (class=org.apache.hadoop.http.lib.StaticUserWebFilter$StaticUserFilter) to context hddsDatanode
2019-11-16 13:05:27,538 [main] INFO  http.HttpServer2 (HttpServer2.java:addFilter(958)) - Added filter static_user_filter (class=org.apache.hadoop.http.lib.StaticUserWebFilter$StaticUserFilter) to context logs
2019-11-16 13:05:27,538 [main] INFO  http.HttpServer2 (HttpServer2.java:addFilter(958)) - Added filter static_user_filter (class=org.apache.hadoop.http.lib.StaticUserWebFilter$StaticUserFilter) to context static
2019-11-16 13:05:27,539 [main] INFO  http.HttpServer2 (HttpServer2.java:bindListener(1191)) - Jetty bound to port 45611
2019-11-16 13:05:27,539 [main] INFO  server.Server (Server.java:doStart(351)) - jetty-9.3.25.v20180904, build timestamp: 2018-09-04T21:11:46Z, git hash: 3ce520221d0240229c862b122d2b06c12a625732
2019-11-16 13:05:27,545 [main] INFO  handler.ContextHandler (ContextHandler.java:doStart(781)) - Started o.e.j.s.ServletContextHandler@60325987{/logs,file:///workdir/hadoop-ozone/tools/target/log,AVAILABLE}
2019-11-16 13:05:27,545 [main] INFO  handler.ContextHandler (ContextHandler.java:doStart(781)) - Started o.e.j.s.ServletContextHandler@3374b5bc{/static,jar:file:/home/user/.m2/repository/org/apache/hadoop/hadoop-hdds-container-service/0.5.0-SNAPSHOT/hadoop-hdds-container-service-0.5.0-SNAPSHOT.jar!/webapps/static,AVAILABLE}
2019-11-16 13:05:27,578 [main] INFO  handler.ContextHandler (ContextHandler.java:doStart(781)) - Started o.e.j.w.WebAppContext@4649d70a{/,file:///tmp/jetty-0.0.0.0-45611-hddsDatanode-_-any-5397239043227343804.dir/webapp/,AVAILABLE}{/hddsDatanode}
2019-11-16 13:05:27,578 [main] INFO  server.AbstractConnector (AbstractConnector.java:doStart(278)) - Started ServerConnector@5d43409a{HTTP/1.1,[http/1.1]}{0.0.0.0:45611}
2019-11-16 13:05:27,579 [main] INFO  server.Server (Server.java:doStart(419)) - Started @5332ms
2019-11-16 13:05:27,579 [main] WARN  impl.MetricsSystemImpl (MetricsSystemImpl.java:register(276)) - Sink prometheus already exists!
2019-11-16 13:05:27,581 [main] INFO  server.BaseHttpServer (BaseHttpServer.java:updateConnectorAddress(215)) - HTTP server of HDDSDATANODE is listening at http://0.0.0.0:45611
2019-11-16 13:05:27,582 [main] INFO  impl.MetricsSystemImpl (MetricsSystemImpl.java:init(158)) - HddsDatanode metrics system started (again)
2019-11-16 13:05:27,585 [main] INFO  ozone.HddsDatanodeService (HddsDatanodeService.java:start(186)) - HddsDatanodeService host:pr-hdds-2508-jgffk-3148646922 ip:192.168.69.84
2019-11-16 13:05:27,585 [org.apache.hadoop.util.JvmPauseMonitor$Monitor@5c33584f] INFO  util.JvmPauseMonitor (JvmPauseMonitor.java:run(188)) - Starting JVM pause monitor
2019-11-16 13:05:27,595 [main] INFO  volume.HddsVolume (HddsVolume.java:<init>(176)) - Creating Volume: /workdir/hadoop-ozone/tools/target/test-dir/MiniOzoneClusterImpl-eb0973ae-92a9-46ee-85ce-ef1f9c3ff6e2/datanode-2/data/containers/hdds of  storage type : DISK and capacity : 1482555576320
2019-11-16 13:05:27,595 [main] INFO  volume.VolumeSet (VolumeSet.java:initializeVolumeSet(170)) - Added Volume : /workdir/hadoop-ozone/tools/target/test-dir/MiniOzoneClusterImpl-eb0973ae-92a9-46ee-85ce-ef1f9c3ff6e2/datanode-2/data/containers/hdds to VolumeSet
2019-11-16 13:05:27,595 [main] INFO  volume.ThrottledAsyncChecker (ThrottledAsyncChecker.java:schedule(141)) - Scheduling a check for /workdir/hadoop-ozone/tools/target/test-dir/MiniOzoneClusterImpl-eb0973ae-92a9-46ee-85ce-ef1f9c3ff6e2/datanode-2/data/containers/hdds
2019-11-16 13:05:27,596 [main] INFO  volume.HddsVolumeChecker (HddsVolumeChecker.java:checkAllVolumes(204)) - Scheduled health check for volume /workdir/hadoop-ozone/tools/target/test-dir/MiniOzoneClusterImpl-eb0973ae-92a9-46ee-85ce-ef1f9c3ff6e2/datanode-2/data/containers/hdds
2019-11-16 13:05:27,597 [Datanode State Machine Thread - 0] INFO  datanode.InitDatanodeState (InitDatanodeState.java:persistContainerDatanodeDetails(140)) - DatanodeDetails is persisted to /workdir/hadoop-ozone/tools/target/test-dir/MiniOzoneClusterImpl-eb0973ae-92a9-46ee-85ce-ef1f9c3ff6e2/datanode-0/meta/datanode.id
2019-11-16 13:05:27,601 [Datanode State Machine Thread - 0] INFO  datanode.InitDatanodeState (InitDatanodeState.java:persistContainerDatanodeDetails(140)) - DatanodeDetails is persisted to /workdir/hadoop-ozone/tools/target/test-dir/MiniOzoneClusterImpl-eb0973ae-92a9-46ee-85ce-ef1f9c3ff6e2/datanode-1/meta/datanode.id
2019-11-16 13:05:27,612 [main] INFO  impl.RaftServerProxy (ConfUtils.java:logGet(43)) - raft.rpc.type = GRPC (default)
2019-11-16 13:05:27,612 [main] INFO  grpc.GrpcFactory (GrpcFactory.java:checkPooledByteBufAllocatorUseCacheForAllThreads(45)) - PERFORMANCE WARNING: useCacheForAllThreads is true that may cause Netty to create a lot garbage objects and, as a result, trigger GC.
	It is recommended to disable useCacheForAllThreads by setting -Dorg.apache.ratis.thirdparty.io.netty.allocator.useCacheForAllThreads=false in command line.
2019-11-16 13:05:27,612 [main] INFO  grpc.GrpcConfigKeys$Server (ConfUtils.java:logGet(43)) - raft.grpc.server.port = 0 (default)
2019-11-16 13:05:27,612 [main] INFO  server.GrpcService (ConfUtils.java:logGet(43)) - raft.grpc.message.size.max = 33570816 (custom)
2019-11-16 13:05:27,613 [main] INFO  server.RaftServerConfigKeys (ConfUtils.java:logGet(43)) - raft.server.log.appender.buffer.byte-limit = 33554432 (custom)
2019-11-16 13:05:27,613 [main] INFO  server.GrpcService (ConfUtils.java:logGet(43)) - raft.grpc.flow.control.window = 1MB (=1048576) (default)
2019-11-16 13:05:27,613 [main] INFO  server.RaftServerConfigKeys (ConfUtils.java:logGet(43)) - raft.server.rpc.request.timeout = 3000ms (default)
2019-11-16 13:05:27,614 [main] INFO  server.RaftServerConfigKeys (ConfUtils.java:logGet(43)) - raft.server.storage.dir = [/workdir/hadoop-ozone/tools/target/test-dir/MiniOzoneClusterImpl-eb0973ae-92a9-46ee-85ce-ef1f9c3ff6e2/datanode-2/data/ratis] (custom)
2019-11-16 13:05:27,616 [main] INFO  hdfs.DFSUtil (DFSUtil.java:httpServerTemplateForNNAndJN(1641)) - Starting Web-server for hddsDatanode at: http://0.0.0.0:0
2019-11-16 13:05:27,617 [main] INFO  server.AuthenticationFilter (AuthenticationFilter.java:constructSecretProvider(240)) - Unable to initialize FileSignerSecretProvider, falling back to use random secrets.
2019-11-16 13:05:27,617 [main] WARN  http.HttpRequestLog (HttpRequestLog.java:getRequestLog(97)) - Jetty request log can only be enabled using Log4j
2019-11-16 13:05:27,619 [main] INFO  http.HttpServer2 (HttpServer2.java:addGlobalFilter(975)) - Added global filter 'safety' (class=org.apache.hadoop.http.HttpServer2$QuotingInputFilter)
2019-11-16 13:05:27,619 [main] INFO  http.HttpServer2 (HttpServer2.java:addFilter(948)) - Added filter static_user_filter (class=org.apache.hadoop.http.lib.StaticUserWebFilter$StaticUserFilter) to context hddsDatanode
2019-11-16 13:05:27,620 [main] INFO  http.HttpServer2 (HttpServer2.java:addFilter(958)) - Added filter static_user_filter (class=org.apache.hadoop.http.lib.StaticUserWebFilter$StaticUserFilter) to context logs
2019-11-16 13:05:27,620 [main] INFO  http.HttpServer2 (HttpServer2.java:addFilter(958)) - Added filter static_user_filter (class=org.apache.hadoop.http.lib.StaticUserWebFilter$StaticUserFilter) to context static
2019-11-16 13:05:27,620 [main] INFO  http.HttpServer2 (HttpServer2.java:bindListener(1191)) - Jetty bound to port 44791
2019-11-16 13:05:27,621 [main] INFO  server.Server (Server.java:doStart(351)) - jetty-9.3.25.v20180904, build timestamp: 2018-09-04T21:11:46Z, git hash: 3ce520221d0240229c862b122d2b06c12a625732
2019-11-16 13:05:27,623 [main] INFO  handler.ContextHandler (ContextHandler.java:doStart(781)) - Started o.e.j.s.ServletContextHandler@75ae4a1f{/logs,file:///workdir/hadoop-ozone/tools/target/log,AVAILABLE}
2019-11-16 13:05:27,623 [main] INFO  handler.ContextHandler (ContextHandler.java:doStart(781)) - Started o.e.j.s.ServletContextHandler@63c12e52{/static,jar:file:/home/user/.m2/repository/org/apache/hadoop/hadoop-hdds-container-service/0.5.0-SNAPSHOT/hadoop-hdds-container-service-0.5.0-SNAPSHOT.jar!/webapps/static,AVAILABLE}
2019-11-16 13:05:27,653 [main] INFO  handler.ContextHandler (ContextHandler.java:doStart(781)) - Started o.e.j.w.WebAppContext@e84fb85{/,file:///tmp/jetty-0.0.0.0-44791-hddsDatanode-_-any-860820003422465997.dir/webapp/,AVAILABLE}{/hddsDatanode}
2019-11-16 13:05:27,655 [main] INFO  server.AbstractConnector (AbstractConnector.java:doStart(278)) - Started ServerConnector@68a4dcc6{HTTP/1.1,[http/1.1]}{0.0.0.0:44791}
2019-11-16 13:05:27,657 [main] INFO  server.Server (Server.java:doStart(419)) - Started @5409ms
2019-11-16 13:05:27,657 [main] WARN  impl.MetricsSystemImpl (MetricsSystemImpl.java:register(276)) - Sink prometheus already exists!
2019-11-16 13:05:27,658 [main] INFO  server.BaseHttpServer (BaseHttpServer.java:updateConnectorAddress(215)) - HTTP server of HDDSDATANODE is listening at http://0.0.0.0:44791
2019-11-16 13:05:27,660 [main] INFO  ozone.MiniOzoneClusterImpl (MiniOzoneClusterImpl.java:lambda$waitForClusterToBeReady$2(171)) - Waiting for cluster to be ready. Got 0 of 3 DN Heartbeats.
2019-11-16 13:05:27,661 [org.apache.hadoop.util.JvmPauseMonitor$Monitor@28769ae2] INFO  util.JvmPauseMonitor (JvmPauseMonitor.java:run(188)) - Starting JVM pause monitor
2019-11-16 13:05:27,665 [Datanode State Machine Thread - 0] INFO  datanode.InitDatanodeState (InitDatanodeState.java:persistContainerDatanodeDetails(140)) - DatanodeDetails is persisted to /workdir/hadoop-ozone/tools/target/test-dir/MiniOzoneClusterImpl-eb0973ae-92a9-46ee-85ce-ef1f9c3ff6e2/datanode-2/meta/datanode.id
2019-11-16 13:05:28,660 [main] INFO  ozone.MiniOzoneClusterImpl (MiniOzoneClusterImpl.java:lambda$waitForClusterToBeReady$2(171)) - Waiting for cluster to be ready. Got 0 of 3 DN Heartbeats.
2019-11-16 13:05:29,609 [Datanode State Machine Thread - 0] INFO  ozoneimpl.OzoneContainer (OzoneContainer.java:start(230)) - Attempting to start container services.
2019-11-16 13:05:29,609 [Datanode State Machine Thread - 0] INFO  ozoneimpl.OzoneContainer (OzoneContainer.java:start(230)) - Attempting to start container services.
2019-11-16 13:05:29,614 [Datanode State Machine Thread - 0] INFO  ozoneimpl.OzoneContainer (OzoneContainer.java:startContainerScrub(194)) - Background container scanner has been disabled.
2019-11-16 13:05:29,614 [Datanode State Machine Thread - 0] INFO  ozoneimpl.OzoneContainer (OzoneContainer.java:startContainerScrub(194)) - Background container scanner has been disabled.
2019-11-16 13:05:29,614 [Datanode State Machine Thread - 0] INFO  ratis.XceiverServerRatis (XceiverServerRatis.java:start(421)) - Starting XceiverServerRatis c3c7e958-9883-4fbe-b063-de98235d6943 at port 0
2019-11-16 13:05:29,614 [Datanode State Machine Thread - 0] INFO  ratis.XceiverServerRatis (XceiverServerRatis.java:start(421)) - Starting XceiverServerRatis ce7b161b-b478-44a6-ba80-df77e3c8324c at port 0
2019-11-16 13:05:29,656 [Datanode State Machine Thread - 0] INFO  impl.RaftServerProxy (RaftServerProxy.java:lambda$start$3(299)) - ce7b161b-b478-44a6-ba80-df77e3c8324c: start RPC server
2019-11-16 13:05:29,656 [Datanode State Machine Thread - 0] INFO  impl.RaftServerProxy (RaftServerProxy.java:lambda$start$3(299)) - c3c7e958-9883-4fbe-b063-de98235d6943: start RPC server
2019-11-16 13:05:29,661 [main] INFO  ozone.MiniOzoneClusterImpl (MiniOzoneClusterImpl.java:lambda$waitForClusterToBeReady$2(171)) - Waiting for cluster to be ready. Got 0 of 3 DN Heartbeats.
2019-11-16 13:05:29,690 [Datanode State Machine Thread - 0] INFO  ozoneimpl.OzoneContainer (OzoneContainer.java:start(230)) - Attempting to start container services.
2019-11-16 13:05:29,695 [Datanode State Machine Thread - 0] INFO  ozoneimpl.OzoneContainer (OzoneContainer.java:startContainerScrub(194)) - Background container scanner has been disabled.
2019-11-16 13:05:29,695 [Datanode State Machine Thread - 0] INFO  ratis.XceiverServerRatis (XceiverServerRatis.java:start(421)) - Starting XceiverServerRatis 44937579-fd9e-42f3-96b7-3931c17c73cd at port 0
2019-11-16 13:05:29,707 [Datanode State Machine Thread - 0] INFO  impl.RaftServerProxy (RaftServerProxy.java:lambda$start$3(299)) - 44937579-fd9e-42f3-96b7-3931c17c73cd: start RPC server
2019-11-16 13:05:29,793 [Datanode State Machine Thread - 0] INFO  server.GrpcService (GrpcService.java:startImpl(158)) - 44937579-fd9e-42f3-96b7-3931c17c73cd: GrpcService started, listening on 0.0.0.0/0.0.0.0:43118
2019-11-16 13:05:29,793 [Datanode State Machine Thread - 0] INFO  server.GrpcService (GrpcService.java:startImpl(158)) - ce7b161b-b478-44a6-ba80-df77e3c8324c: GrpcService started, listening on 0.0.0.0/0.0.0.0:42106
2019-11-16 13:05:29,793 [Datanode State Machine Thread - 0] INFO  server.GrpcService (GrpcService.java:startImpl(158)) - c3c7e958-9883-4fbe-b063-de98235d6943: GrpcService started, listening on 0.0.0.0/0.0.0.0:45072
2019-11-16 13:05:29,794 [Datanode State Machine Thread - 0] INFO  ratis.XceiverServerRatis (XceiverServerRatis.java:start(431)) - XceiverServerRatis ce7b161b-b478-44a6-ba80-df77e3c8324c is started using port 42106
2019-11-16 13:05:29,794 [Datanode State Machine Thread - 0] INFO  ratis.XceiverServerRatis (XceiverServerRatis.java:start(431)) - XceiverServerRatis 44937579-fd9e-42f3-96b7-3931c17c73cd is started using port 43118
2019-11-16 13:05:29,795 [Datanode State Machine Thread - 0] INFO  ratis.XceiverServerRatis (XceiverServerRatis.java:start(431)) - XceiverServerRatis c3c7e958-9883-4fbe-b063-de98235d6943 is started using port 45072
2019-11-16 13:05:29,799 [Datanode State Machine Thread - 0] INFO  server.XceiverServerGrpc (XceiverServerGrpc.java:start(145)) - XceiverServerGrpc c3c7e958-9883-4fbe-b063-de98235d6943 is started using port 32772
2019-11-16 13:05:29,800 [Datanode State Machine Thread - 0] INFO  server.XceiverServerGrpc (XceiverServerGrpc.java:start(145)) - XceiverServerGrpc ce7b161b-b478-44a6-ba80-df77e3c8324c is started using port 36676
2019-11-16 13:05:29,799 [Datanode State Machine Thread - 0] INFO  server.XceiverServerGrpc (XceiverServerGrpc.java:start(145)) - XceiverServerGrpc 44937579-fd9e-42f3-96b7-3931c17c73cd is started using port 33133
2019-11-16 13:05:30,662 [main] INFO  ozone.MiniOzoneClusterImpl (MiniOzoneClusterImpl.java:lambda$waitForClusterToBeReady$2(171)) - Waiting for cluster to be ready. Got 0 of 3 DN Heartbeats.
2019-11-16 13:05:31,542 [IPC Server handler 0 on 33806] INFO  net.NetworkTopology (NetworkTopologyImpl.java:add(111)) - Added a new node: /default-rack/ce7b161b-b478-44a6-ba80-df77e3c8324c
2019-11-16 13:05:31,542 [IPC Server handler 0 on 33806] INFO  node.SCMNodeManager (SCMNodeManager.java:register(267)) - Registered Data node : ce7b161b-b478-44a6-ba80-df77e3c8324c{ip: 192.168.69.84, host: pr-hdds-2508-jgffk-3148646922, networkLocation: /default-rack, certSerialId: null}
2019-11-16 13:05:31,546 [EventQueue-NodeRegistrationContainerReportForDataNodeSafeModeRule] INFO  safemode.SCMSafeModeManager (DataNodeSafeModeRule.java:process(71)) - SCM in safe mode. 1 DataNodes registered, 1 required.
2019-11-16 13:05:31,546 [EventQueue-NodeRegistrationContainerReportForDataNodeSafeModeRule] INFO  safemode.SCMSafeModeManager (SCMSafeModeManager.java:validateSafeModeExitRules(177)) - ScmSafeModeManager, all rules are successfully validated
2019-11-16 13:05:31,547 [EventQueue-NodeRegistrationContainerReportForDataNodeSafeModeRule] INFO  safemode.SCMSafeModeManager (SCMSafeModeManager.java:exitSafeMode(193)) - SCM exiting safe mode.
2019-11-16 13:05:31,591 [IPC Server handler 2 on 33806] INFO  net.NetworkTopology (NetworkTopologyImpl.java:add(111)) - Added a new node: /default-rack/c3c7e958-9883-4fbe-b063-de98235d6943
2019-11-16 13:05:31,591 [IPC Server handler 2 on 33806] INFO  node.SCMNodeManager (SCMNodeManager.java:register(267)) - Registered Data node : c3c7e958-9883-4fbe-b063-de98235d6943{ip: 192.168.69.84, host: pr-hdds-2508-jgffk-3148646922, networkLocation: /default-rack, certSerialId: null}
2019-11-16 13:05:31,664 [IPC Server handler 3 on 33806] INFO  net.NetworkTopology (NetworkTopologyImpl.java:add(111)) - Added a new node: /default-rack/44937579-fd9e-42f3-96b7-3931c17c73cd
2019-11-16 13:05:31,664 [IPC Server handler 3 on 33806] INFO  node.SCMNodeManager (SCMNodeManager.java:register(267)) - Registered Data node : 44937579-fd9e-42f3-96b7-3931c17c73cd{ip: 192.168.69.84, host: pr-hdds-2508-jgffk-3148646922, networkLocation: /default-rack, certSerialId: null}
2019-11-16 13:05:32,029 [grpc-default-executor-0] INFO  impl.RaftServerProxy (RaftServerProxy.java:addNew(89)) - ce7b161b-b478-44a6-ba80-df77e3c8324c: addNew group-A14D4E693335:[ce7b161b-b478-44a6-ba80-df77e3c8324c:192.168.69.84:42106] returns group-A14D4E693335:java.util.concurrent.CompletableFuture@655f8bcc[Not completed]
2019-11-16 13:05:32,041 [pool-27-thread-1] INFO  impl.RaftServerImpl (RaftServerImpl.java:<init>(98)) - ce7b161b-b478-44a6-ba80-df77e3c8324c: new RaftServerImpl for group-A14D4E693335:[ce7b161b-b478-44a6-ba80-df77e3c8324c:192.168.69.84:42106] with ContainerStateMachine:uninitialized
2019-11-16 13:05:32,049 [pool-27-thread-1] INFO  server.RaftServerConfigKeys (ConfUtils.java:logGet(43)) - raft.server.rpc.timeout.min = 5s (custom)
2019-11-16 13:05:32,052 [pool-27-thread-1] INFO  server.RaftServerConfigKeys (ConfUtils.java:logGet(43)) - raft.server.rpc.timeout.max = 5200ms (custom)
2019-11-16 13:05:32,052 [pool-27-thread-1] INFO  server.RaftServerConfigKeys (ConfUtils.java:logGet(43)) - raft.server.rpcslowness.timeout = 120s (custom)
2019-11-16 13:05:32,055 [pool-27-thread-1] INFO  server.RaftServerConfigKeys (ConfUtils.java:logGet(43)) - raft.server.sleep.deviation.threshold = 300 (default)
2019-11-16 13:05:32,057 [pool-27-thread-1] INFO  server.RaftServerConfigKeys (ConfUtils.java:logGet(43)) - raft.server.log.appender.install.snapshot.enabled = false (custom)
2019-11-16 13:05:32,070 [pool-27-thread-1] INFO  impl.RaftServerImpl (ServerState.java:<init>(103)) - ce7b161b-b478-44a6-ba80-df77e3c8324c@group-A14D4E693335: ConfigurationManager, init=-1: [ce7b161b-b478-44a6-ba80-df77e3c8324c:192.168.69.84:42106], old=null, confs=<EMPTY_MAP>
2019-11-16 13:05:32,071 [pool-27-thread-1] INFO  server.RaftServerConfigKeys (ConfUtils.java:logGet(43)) - raft.server.storage.dir = [/workdir/hadoop-ozone/tools/target/test-dir/MiniOzoneClusterImpl-eb0973ae-92a9-46ee-85ce-ef1f9c3ff6e2/datanode-0/data/ratis] (custom)
2019-11-16 13:05:32,078 [pool-27-thread-1] INFO  server.RaftServerConfigKeys (ConfUtils.java:logGet(43)) - raft.server.log.corruption.policy = EXCEPTION (default)
2019-11-16 13:05:32,080 [pool-27-thread-1] INFO  storage.RaftStorageDirectory (RaftStorageDirectory.java:analyzeStorage(246)) - The storage directory /workdir/hadoop-ozone/tools/target/test-dir/MiniOzoneClusterImpl-eb0973ae-92a9-46ee-85ce-ef1f9c3ff6e2/datanode-0/data/ratis/41971847-1d26-4436-8402-a14d4e693335 does not exist. Creating ...
2019-11-16 13:05:32,109 [pool-27-thread-1] INFO  storage.RaftStorageDirectory (RaftStorageDirectory.java:tryLock(328)) - Lock on /workdir/hadoop-ozone/tools/target/test-dir/MiniOzoneClusterImpl-eb0973ae-92a9-46ee-85ce-ef1f9c3ff6e2/datanode-0/data/ratis/41971847-1d26-4436-8402-a14d4e693335/in_use.lock acquired by nodename 20834@pr-hdds-2508-jgffk-3148646922
2019-11-16 13:05:32,124 [pool-27-thread-1] INFO  storage.RaftStorage (RaftStorage.java:format(84)) - Storage directory /workdir/hadoop-ozone/tools/target/test-dir/MiniOzoneClusterImpl-eb0973ae-92a9-46ee-85ce-ef1f9c3ff6e2/datanode-0/data/ratis/41971847-1d26-4436-8402-a14d4e693335 has been successfully formatted.
2019-11-16 13:05:32,126 [pool-27-thread-1] INFO  ratis.ContainerStateMachine (ContainerStateMachine.java:loadSnapshot(223)) - group-A14D4E693335: The snapshot info is null. Setting the last applied indexto:(t:0, i:~)
2019-11-16 13:05:32,126 [pool-27-thread-1] INFO  server.RaftServerConfigKeys (ConfUtils.java:logGet(43)) - raft.server.notification.no-leader.timeout = 120s (custom)
2019-11-16 13:05:32,128 [pool-27-thread-1] INFO  server.RaftServerConfigKeys (ConfUtils.java:logGet(43)) - raft.server.log.use.memory = false (default)
2019-11-16 13:05:32,133 [pool-27-thread-1] INFO  server.RaftServerConfigKeys (ConfUtils.java:logGet(43)) - raft.server.log.purge.gap = 1000000 (custom)
2019-11-16 13:05:32,133 [pool-27-thread-1] INFO  server.RaftServerConfigKeys (ConfUtils.java:logGet(43)) - raft.server.log.appender.buffer.byte-limit = 33554432 (custom)
2019-11-16 13:05:32,135 [pool-27-thread-1] INFO  server.RaftServerConfigKeys (ConfUtils.java:logGet(43)) - raft.server.log.segment.size.max = 1048576 (custom)
2019-11-16 13:05:32,144 [pool-27-thread-1] INFO  metrics.MetricRegistries (MetricRegistriesLoader.java:load(64)) - Loaded MetricRegistries class org.apache.ratis.metrics.impl.MetricRegistriesImpl
2019-11-16 13:05:32,148 [pool-27-thread-1] WARN  impl.MetricRegistriesImpl (MetricRegistriesImpl.java:lambda$create$1(61)) - First MetricRegistry has been created without registering reporters. You may need to call MetricRegistries.global().addReportRegistration(...) before.
2019-11-16 13:05:32,153 [pool-27-thread-1] INFO  server.RaftServerConfigKeys (ConfUtils.java:logGet(43)) - raft.server.log.segment.cache.num.max = 2 (custom)
2019-11-16 13:05:32,158 [pool-27-thread-1] INFO  segmented.SegmentedRaftLogWorker (SegmentedRaftLogWorker.java:<init>(173)) - new ce7b161b-b478-44a6-ba80-df77e3c8324c@group-A14D4E693335-SegmentedRaftLogWorker for RaftStorage:Storage Directory /workdir/hadoop-ozone/tools/target/test-dir/MiniOzoneClusterImpl-eb0973ae-92a9-46ee-85ce-ef1f9c3ff6e2/datanode-0/data/ratis/41971847-1d26-4436-8402-a14d4e693335
2019-11-16 13:05:32,158 [pool-27-thread-1] INFO  server.RaftServerConfigKeys (ConfUtils.java:logGet(43)) - raft.server.log.queue.byte-limit = 2147483647 (custom)
2019-11-16 13:05:32,159 [pool-27-thread-1] INFO  server.RaftServerConfigKeys (ConfUtils.java:logGet(43)) - raft.server.log.queue.element-limit = 1024 (custom)
2019-11-16 13:05:32,160 [pool-27-thread-1] INFO  server.RaftServerConfigKeys (ConfUtils.java:logGet(43)) - raft.server.log.segment.size.max = 1048576 (custom)
2019-11-16 13:05:32,160 [pool-27-thread-1] INFO  server.RaftServerConfigKeys (ConfUtils.java:logGet(43)) - raft.server.log.preallocated.size = 16384 (custom)
2019-11-16 13:05:32,161 [pool-27-thread-1] INFO  server.RaftServerConfigKeys (ConfUtils.java:logGet(43)) - raft.server.log.write.buffer.size = 33554432 (custom)
2019-11-16 13:05:32,161 [pool-27-thread-1] INFO  server.RaftServerConfigKeys (ConfUtils.java:logGet(43)) - raft.server.log.force.sync.num = 128 (default)
2019-11-16 13:05:32,162 [pool-27-thread-1] INFO  server.RaftServerConfigKeys (ConfUtils.java:logGet(43)) - raft.server.log.statemachine.data.sync = true (default)
2019-11-16 13:05:32,162 [pool-27-thread-1] INFO  server.RaftServerConfigKeys (ConfUtils.java:logGet(43)) - raft.server.log.statemachine.data.sync.timeout = 10s (default)
2019-11-16 13:05:32,163 [pool-27-thread-1] INFO  server.RaftServerConfigKeys (ConfUtils.java:logGet(43)) - raft.server.log.statemachine.data.sync.timeout.retry = -1 (default)
2019-11-16 13:05:32,174 [pool-27-thread-1] INFO  server.RaftServerConfigKeys (ConfUtils.java:logGet(43)) - raft.server.log.statemachine.data.caching.enabled = true (custom)
2019-11-16 13:05:32,178 [pool-27-thread-1] INFO  segmented.SegmentedRaftLogWorker (SegmentedRaftLogWorker.java:lambda$new$0(128)) - ce7b161b-b478-44a6-ba80-df77e3c8324c@group-A14D4E693335-SegmentedRaftLogWorker: flushIndex: setUnconditionally 0 -> -1
2019-11-16 13:05:32,182 [pool-27-thread-1] INFO  server.RaftServerConfigKeys (ConfUtils.java:logGet(43)) - raft.server.snapshot.auto.trigger.enabled = true (custom)
2019-11-16 13:05:32,183 [pool-27-thread-1] INFO  server.RaftServerConfigKeys (ConfUtils.java:logGet(43)) - raft.server.snapshot.auto.trigger.threshold = 10000 (custom)
2019-11-16 13:05:32,183 [pool-27-thread-1] INFO  server.RaftServerConfigKeys (ConfUtils.java:logGet(43)) - raft.server.snapshot.retention.file.num = 5 (custom)
2019-11-16 13:05:32,184 [pool-27-thread-1] INFO  server.RaftServerConfigKeys (ConfUtils.java:logGet(43)) - raft.server.retrycache.expirytime = 600000ms (custom)
2019-11-16 13:05:32,201 [pool-27-thread-1] WARN  impl.MetricRegistriesImpl (MetricRegistriesImpl.java:lambda$create$1(61)) - First MetricRegistry has been created without registering reporters. You may need to call MetricRegistries.global().addReportRegistration(...) before.
2019-11-16 13:05:32,203 [pool-27-thread-1] WARN  impl.MetricRegistriesImpl (MetricRegistriesImpl.java:lambda$create$1(61)) - First MetricRegistry has been created without registering reporters. You may need to call MetricRegistries.global().addReportRegistration(...) before.
2019-11-16 13:05:32,205 [pool-27-thread-1] INFO  impl.RaftServerImpl (RaftServerImpl.java:start(184)) - ce7b161b-b478-44a6-ba80-df77e3c8324c@group-A14D4E693335: start as a follower, conf=-1: [ce7b161b-b478-44a6-ba80-df77e3c8324c:192.168.69.84:42106], old=null
2019-11-16 13:05:32,206 [pool-27-thread-1] INFO  impl.RaftServerImpl (RaftServerImpl.java:setRole(173)) - ce7b161b-b478-44a6-ba80-df77e3c8324c@group-A14D4E693335: changes role from      null to FOLLOWER at term 0 for startAsFollower
2019-11-16 13:05:32,207 [pool-27-thread-1] INFO  impl.RoleInfo (RoleInfo.java:updateAndGet(143)) - ce7b161b-b478-44a6-ba80-df77e3c8324c: start FollowerState
2019-11-16 13:05:32,210 [pool-27-thread-1] INFO  util.JmxRegister (JmxRegister.java:tryRegister(44)) - Successfully registered JMX Bean with object name Ratis:service=RaftServer,group=group-A14D4E693335,id=ce7b161b-b478-44a6-ba80-df77e3c8324c
2019-11-16 13:05:32,212 [pool-27-thread-1] WARN  impl.MetricRegistriesImpl (MetricRegistriesImpl.java:lambda$create$1(61)) - First MetricRegistry has been created without registering reporters. You may need to call MetricRegistries.global().addReportRegistration(...) before.
2019-11-16 13:05:32,269 [RatisPipelineUtilsThread] INFO  pipeline.PipelineStateManager (PipelineStateManager.java:addPipeline(55)) - Created pipeline Pipeline[ Id: 41971847-1d26-4436-8402-a14d4e693335, Nodes: ce7b161b-b478-44a6-ba80-df77e3c8324c{ip: 192.168.69.84, host: pr-hdds-2508-jgffk-3148646922, networkLocation: /default-rack, certSerialId: null}, Type:RATIS, Factor:ONE, State:ALLOCATED]
2019-11-16 13:05:32,286 [grpc-default-executor-0] INFO  impl.RaftServerProxy (RaftServerProxy.java:addNew(89)) - 44937579-fd9e-42f3-96b7-3931c17c73cd: addNew group-93E978F1CC37:[44937579-fd9e-42f3-96b7-3931c17c73cd:192.168.69.84:43118] returns group-93E978F1CC37:java.util.concurrent.CompletableFuture@63eb13d[Not completed]
2019-11-16 13:05:32,305 [pool-47-thread-1] INFO  impl.RaftServerImpl (RaftServerImpl.java:<init>(98)) - 44937579-fd9e-42f3-96b7-3931c17c73cd: new RaftServerImpl for group-93E978F1CC37:[44937579-fd9e-42f3-96b7-3931c17c73cd:192.168.69.84:43118] with ContainerStateMachine:uninitialized
2019-11-16 13:05:32,306 [pool-47-thread-1] INFO  server.RaftServerConfigKeys (ConfUtils.java:logGet(43)) - raft.server.rpc.timeout.min = 5s (custom)
2019-11-16 13:05:32,306 [pool-47-thread-1] INFO  server.RaftServerConfigKeys (ConfUtils.java:logGet(43)) - raft.server.rpc.timeout.max = 5200ms (custom)
2019-11-16 13:05:32,306 [pool-47-thread-1] INFO  server.RaftServerConfigKeys (ConfUtils.java:logGet(43)) - raft.server.rpcslowness.timeout = 120s (custom)
2019-11-16 13:05:32,306 [pool-47-thread-1] INFO  server.RaftServerConfigKeys (ConfUtils.java:logGet(43)) - raft.server.sleep.deviation.threshold = 300 (default)
2019-11-16 13:05:32,306 [pool-47-thread-1] INFO  server.RaftServerConfigKeys (ConfUtils.java:logGet(43)) - raft.server.log.appender.install.snapshot.enabled = false (custom)
2019-11-16 13:05:32,306 [pool-47-thread-1] INFO  impl.RaftServerImpl (ServerState.java:<init>(103)) - 44937579-fd9e-42f3-96b7-3931c17c73cd@group-93E978F1CC37: ConfigurationManager, init=-1: [44937579-fd9e-42f3-96b7-3931c17c73cd:192.168.69.84:43118], old=null, confs=<EMPTY_MAP>
2019-11-16 13:05:32,306 [pool-47-thread-1] INFO  server.RaftServerConfigKeys (ConfUtils.java:logGet(43)) - raft.server.storage.dir = [/workdir/hadoop-ozone/tools/target/test-dir/MiniOzoneClusterImpl-eb0973ae-92a9-46ee-85ce-ef1f9c3ff6e2/datanode-2/data/ratis] (custom)
2019-11-16 13:05:32,307 [pool-47-thread-1] INFO  server.RaftServerConfigKeys (ConfUtils.java:logGet(43)) - raft.server.log.corruption.policy = EXCEPTION (default)
2019-11-16 13:05:32,307 [pool-47-thread-1] INFO  storage.RaftStorageDirectory (RaftStorageDirectory.java:analyzeStorage(246)) - The storage directory /workdir/hadoop-ozone/tools/target/test-dir/MiniOzoneClusterImpl-eb0973ae-92a9-46ee-85ce-ef1f9c3ff6e2/datanode-2/data/ratis/0417dc3a-4860-45e0-bf99-93e978f1cc37 does not exist. Creating ...
2019-11-16 13:05:32,321 [pool-47-thread-1] INFO  storage.RaftStorageDirectory (RaftStorageDirectory.java:tryLock(328)) - Lock on /workdir/hadoop-ozone/tools/target/test-dir/MiniOzoneClusterImpl-eb0973ae-92a9-46ee-85ce-ef1f9c3ff6e2/datanode-2/data/ratis/0417dc3a-4860-45e0-bf99-93e978f1cc37/in_use.lock acquired by nodename 20834@pr-hdds-2508-jgffk-3148646922
2019-11-16 13:05:32,334 [pool-47-thread-1] INFO  storage.RaftStorage (RaftStorage.java:format(84)) - Storage directory /workdir/hadoop-ozone/tools/target/test-dir/MiniOzoneClusterImpl-eb0973ae-92a9-46ee-85ce-ef1f9c3ff6e2/datanode-2/data/ratis/0417dc3a-4860-45e0-bf99-93e978f1cc37 has been successfully formatted.
2019-11-16 13:05:32,336 [pool-47-thread-1] INFO  ratis.ContainerStateMachine (ContainerStateMachine.java:loadSnapshot(223)) - group-93E978F1CC37: The snapshot info is null. Setting the last applied indexto:(t:0, i:~)
2019-11-16 13:05:32,336 [pool-47-thread-1] INFO  server.RaftServerConfigKeys (ConfUtils.java:logGet(43)) - raft.server.notification.no-leader.timeout = 120s (custom)
2019-11-16 13:05:32,337 [pool-47-thread-1] INFO  server.RaftServerConfigKeys (ConfUtils.java:logGet(43)) - raft.server.log.use.memory = false (default)
2019-11-16 13:05:32,337 [pool-47-thread-1] INFO  server.RaftServerConfigKeys (ConfUtils.java:logGet(43)) - raft.server.log.purge.gap = 1000000 (custom)
2019-11-16 13:05:32,338 [pool-47-thread-1] INFO  server.RaftServerConfigKeys (ConfUtils.java:logGet(43)) - raft.server.log.appender.buffer.byte-limit = 33554432 (custom)
2019-11-16 13:05:32,338 [pool-47-thread-1] INFO  server.RaftServerConfigKeys (ConfUtils.java:logGet(43)) - raft.server.log.segment.size.max = 1048576 (custom)
2019-11-16 13:05:32,338 [pool-47-thread-1] WARN  impl.MetricRegistriesImpl (MetricRegistriesImpl.java:lambda$create$1(61)) - First MetricRegistry has been created without registering reporters. You may need to call MetricRegistries.global().addReportRegistration(...) before.
2019-11-16 13:05:32,339 [pool-47-thread-1] INFO  server.RaftServerConfigKeys (ConfUtils.java:logGet(43)) - raft.server.log.segment.cache.num.max = 2 (custom)
2019-11-16 13:05:32,340 [pool-47-thread-1] INFO  segmented.SegmentedRaftLogWorker (SegmentedRaftLogWorker.java:<init>(173)) - new 44937579-fd9e-42f3-96b7-3931c17c73cd@group-93E978F1CC37-SegmentedRaftLogWorker for RaftStorage:Storage Directory /workdir/hadoop-ozone/tools/target/test-dir/MiniOzoneClusterImpl-eb0973ae-92a9-46ee-85ce-ef1f9c3ff6e2/datanode-2/data/ratis/0417dc3a-4860-45e0-bf99-93e978f1cc37
2019-11-16 13:05:32,341 [pool-47-thread-1] INFO  server.RaftServerConfigKeys (ConfUtils.java:logGet(43)) - raft.server.log.queue.byte-limit = 2147483647 (custom)
2019-11-16 13:05:32,341 [pool-47-thread-1] INFO  server.RaftServerConfigKeys (ConfUtils.java:logGet(43)) - raft.server.log.queue.element-limit = 1024 (custom)
2019-11-16 13:05:32,342 [pool-47-thread-1] INFO  server.RaftServerConfigKeys (ConfUtils.java:logGet(43)) - raft.server.log.segment.size.max = 1048576 (custom)
2019-11-16 13:05:32,342 [pool-47-thread-1] INFO  server.RaftServerConfigKeys (ConfUtils.java:logGet(43)) - raft.server.log.preallocated.size = 16384 (custom)
2019-11-16 13:05:32,342 [pool-47-thread-1] INFO  server.RaftServerConfigKeys (ConfUtils.java:logGet(43)) - raft.server.log.write.buffer.size = 33554432 (custom)
2019-11-16 13:05:32,343 [pool-47-thread-1] INFO  server.RaftServerConfigKeys (ConfUtils.java:logGet(43)) - raft.server.log.force.sync.num = 128 (default)
2019-11-16 13:05:32,343 [pool-47-thread-1] INFO  server.RaftServerConfigKeys (ConfUtils.java:logGet(43)) - raft.server.log.statemachine.data.sync = true (default)
2019-11-16 13:05:32,343 [pool-47-thread-1] INFO  server.RaftServerConfigKeys (ConfUtils.java:logGet(43)) - raft.server.log.statemachine.data.sync.timeout = 10s (default)
2019-11-16 13:05:32,344 [pool-47-thread-1] INFO  server.RaftServerConfigKeys (ConfUtils.java:logGet(43)) - raft.server.log.statemachine.data.sync.timeout.retry = -1 (default)
2019-11-16 13:05:32,344 [pool-47-thread-1] INFO  server.RaftServerConfigKeys (ConfUtils.java:logGet(43)) - raft.server.log.statemachine.data.caching.enabled = true (custom)
2019-11-16 13:05:32,345 [pool-47-thread-1] INFO  segmented.SegmentedRaftLogWorker (SegmentedRaftLogWorker.java:lambda$new$0(128)) - 44937579-fd9e-42f3-96b7-3931c17c73cd@group-93E978F1CC37-SegmentedRaftLogWorker: flushIndex: setUnconditionally 0 -> -1
2019-11-16 13:05:32,346 [pool-47-thread-1] INFO  server.RaftServerConfigKeys (ConfUtils.java:logGet(43)) - raft.server.snapshot.auto.trigger.enabled = true (custom)
2019-11-16 13:05:32,346 [pool-47-thread-1] INFO  server.RaftServerConfigKeys (ConfUtils.java:logGet(43)) - raft.server.snapshot.auto.trigger.threshold = 10000 (custom)
2019-11-16 13:05:32,346 [pool-47-thread-1] INFO  server.RaftServerConfigKeys (ConfUtils.java:logGet(43)) - raft.server.snapshot.retention.file.num = 5 (custom)
2019-11-16 13:05:32,347 [pool-47-thread-1] INFO  server.RaftServerConfigKeys (ConfUtils.java:logGet(43)) - raft.server.retrycache.expirytime = 600000ms (custom)
2019-11-16 13:05:32,347 [pool-47-thread-1] WARN  impl.MetricRegistriesImpl (MetricRegistriesImpl.java:lambda$create$1(61)) - First MetricRegistry has been created without registering reporters. You may need to call MetricRegistries.global().addReportRegistration(...) before.
2019-11-16 13:05:32,348 [pool-47-thread-1] WARN  impl.MetricRegistriesImpl (MetricRegistriesImpl.java:lambda$create$1(61)) - First MetricRegistry has been created without registering reporters. You may need to call MetricRegistries.global().addReportRegistration(...) before.
2019-11-16 13:05:32,348 [pool-47-thread-1] INFO  impl.RaftServerImpl (RaftServerImpl.java:start(184)) - 44937579-fd9e-42f3-96b7-3931c17c73cd@group-93E978F1CC37: start as a follower, conf=-1: [44937579-fd9e-42f3-96b7-3931c17c73cd:192.168.69.84:43118], old=null
2019-11-16 13:05:32,348 [pool-47-thread-1] INFO  impl.RaftServerImpl (RaftServerImpl.java:setRole(173)) - 44937579-fd9e-42f3-96b7-3931c17c73cd@group-93E978F1CC37: changes role from      null to FOLLOWER at term 0 for startAsFollower
2019-11-16 13:05:32,349 [pool-47-thread-1] INFO  impl.RoleInfo (RoleInfo.java:updateAndGet(143)) - 44937579-fd9e-42f3-96b7-3931c17c73cd: start FollowerState
2019-11-16 13:05:32,351 [pool-47-thread-1] INFO  util.JmxRegister (JmxRegister.java:tryRegister(44)) - Successfully registered JMX Bean with object name Ratis:service=RaftServer,group=group-93E978F1CC37,id=44937579-fd9e-42f3-96b7-3931c17c73cd
2019-11-16 13:05:32,353 [pool-47-thread-1] WARN  impl.MetricRegistriesImpl (MetricRegistriesImpl.java:lambda$create$1(61)) - First MetricRegistry has been created without registering reporters. You may need to call MetricRegistries.global().addReportRegistration(...) before.
2019-11-16 13:05:32,366 [RatisPipelineUtilsThread] INFO  pipeline.PipelineStateManager (PipelineStateManager.java:addPipeline(55)) - Created pipeline Pipeline[ Id: 0417dc3a-4860-45e0-bf99-93e978f1cc37, Nodes: 44937579-fd9e-42f3-96b7-3931c17c73cd{ip: 192.168.69.84, host: pr-hdds-2508-jgffk-3148646922, networkLocation: /default-rack, certSerialId: null}, Type:RATIS, Factor:ONE, State:ALLOCATED]
2019-11-16 13:05:32,382 [grpc-default-executor-0] INFO  impl.RaftServerProxy (RaftServerProxy.java:addNew(89)) - c3c7e958-9883-4fbe-b063-de98235d6943: addNew group-F903739350A4:[c3c7e958-9883-4fbe-b063-de98235d6943:192.168.69.84:45072] returns group-F903739350A4:java.util.concurrent.CompletableFuture@6878868d[Not completed]
2019-11-16 13:05:32,392 [pool-37-thread-1] INFO  impl.RaftServerImpl (RaftServerImpl.java:<init>(98)) - c3c7e958-9883-4fbe-b063-de98235d6943: new RaftServerImpl for group-F903739350A4:[c3c7e958-9883-4fbe-b063-de98235d6943:192.168.69.84:45072] with ContainerStateMachine:uninitialized
2019-11-16 13:05:32,393 [pool-37-thread-1] INFO  server.RaftServerConfigKeys (ConfUtils.java:logGet(43)) - raft.server.rpc.timeout.min = 5s (custom)
2019-11-16 13:05:32,393 [pool-37-thread-1] INFO  server.RaftServerConfigKeys (ConfUtils.java:logGet(43)) - raft.server.rpc.timeout.max = 5200ms (custom)
2019-11-16 13:05:32,393 [pool-37-thread-1] INFO  server.RaftServerConfigKeys (ConfUtils.java:logGet(43)) - raft.server.rpcslowness.timeout = 120s (custom)
2019-11-16 13:05:32,393 [pool-37-thread-1] INFO  server.RaftServerConfigKeys (ConfUtils.java:logGet(43)) - raft.server.sleep.deviation.threshold = 300 (default)
2019-11-16 13:05:32,393 [pool-37-thread-1] INFO  server.RaftServerConfigKeys (ConfUtils.java:logGet(43)) - raft.server.log.appender.install.snapshot.enabled = false (custom)
2019-11-16 13:05:32,393 [pool-37-thread-1] INFO  impl.RaftServerImpl (ServerState.java:<init>(103)) - c3c7e958-9883-4fbe-b063-de98235d6943@group-F903739350A4: ConfigurationManager, init=-1: [c3c7e958-9883-4fbe-b063-de98235d6943:192.168.69.84:45072], old=null, confs=<EMPTY_MAP>
2019-11-16 13:05:32,394 [pool-37-thread-1] INFO  server.RaftServerConfigKeys (ConfUtils.java:logGet(43)) - raft.server.storage.dir = [/workdir/hadoop-ozone/tools/target/test-dir/MiniOzoneClusterImpl-eb0973ae-92a9-46ee-85ce-ef1f9c3ff6e2/datanode-1/data/ratis] (custom)
2019-11-16 13:05:32,394 [pool-37-thread-1] INFO  server.RaftServerConfigKeys (ConfUtils.java:logGet(43)) - raft.server.log.corruption.policy = EXCEPTION (default)
2019-11-16 13:05:32,394 [pool-37-thread-1] INFO  storage.RaftStorageDirectory (RaftStorageDirectory.java:analyzeStorage(246)) - The storage directory /workdir/hadoop-ozone/tools/target/test-dir/MiniOzoneClusterImpl-eb0973ae-92a9-46ee-85ce-ef1f9c3ff6e2/datanode-1/data/ratis/8cdd905a-92f9-4d08-826d-f903739350a4 does not exist. Creating ...
2019-11-16 13:05:32,414 [pool-37-thread-1] INFO  storage.RaftStorageDirectory (RaftStorageDirectory.java:tryLock(328)) - Lock on /workdir/hadoop-ozone/tools/target/test-dir/MiniOzoneClusterImpl-eb0973ae-92a9-46ee-85ce-ef1f9c3ff6e2/datanode-1/data/ratis/8cdd905a-92f9-4d08-826d-f903739350a4/in_use.lock acquired by nodename 20834@pr-hdds-2508-jgffk-3148646922
2019-11-16 13:05:32,429 [pool-37-thread-1] INFO  storage.RaftStorage (RaftStorage.java:format(84)) - Storage directory /workdir/hadoop-ozone/tools/target/test-dir/MiniOzoneClusterImpl-eb0973ae-92a9-46ee-85ce-ef1f9c3ff6e2/datanode-1/data/ratis/8cdd905a-92f9-4d08-826d-f903739350a4 has been successfully formatted.
2019-11-16 13:05:32,429 [pool-37-thread-1] INFO  ratis.ContainerStateMachine (ContainerStateMachine.java:loadSnapshot(223)) - group-F903739350A4: The snapshot info is null. Setting the last applied indexto:(t:0, i:~)
2019-11-16 13:05:32,430 [pool-37-thread-1] INFO  server.RaftServerConfigKeys (ConfUtils.java:logGet(43)) - raft.server.notification.no-leader.timeout = 120s (custom)
2019-11-16 13:05:32,430 [pool-37-thread-1] INFO  server.RaftServerConfigKeys (ConfUtils.java:logGet(43)) - raft.server.log.use.memory = false (default)
2019-11-16 13:05:32,430 [pool-37-thread-1] INFO  server.RaftServerConfigKeys (ConfUtils.java:logGet(43)) - raft.server.log.purge.gap = 1000000 (custom)
2019-11-16 13:05:32,430 [pool-37-thread-1] INFO  server.RaftServerConfigKeys (ConfUtils.java:logGet(43)) - raft.server.log.appender.buffer.byte-limit = 33554432 (custom)
2019-11-16 13:05:32,430 [pool-37-thread-1] INFO  server.RaftServerConfigKeys (ConfUtils.java:logGet(43)) - raft.server.log.segment.size.max = 1048576 (custom)
2019-11-16 13:05:32,430 [pool-37-thread-1] WARN  impl.MetricRegistriesImpl (MetricRegistriesImpl.java:lambda$create$1(61)) - First MetricRegistry has been created without registering reporters. You may need to call MetricRegistries.global().addReportRegistration(...) before.
2019-11-16 13:05:32,430 [pool-37-thread-1] INFO  server.RaftServerConfigKeys (ConfUtils.java:logGet(43)) - raft.server.log.segment.cache.num.max = 2 (custom)
2019-11-16 13:05:32,431 [pool-37-thread-1] INFO  segmented.SegmentedRaftLogWorker (SegmentedRaftLogWorker.java:<init>(173)) - new c3c7e958-9883-4fbe-b063-de98235d6943@group-F903739350A4-SegmentedRaftLogWorker for RaftStorage:Storage Directory /workdir/hadoop-ozone/tools/target/test-dir/MiniOzoneClusterImpl-eb0973ae-92a9-46ee-85ce-ef1f9c3ff6e2/datanode-1/data/ratis/8cdd905a-92f9-4d08-826d-f903739350a4
2019-11-16 13:05:32,431 [pool-37-thread-1] INFO  server.RaftServerConfigKeys (ConfUtils.java:logGet(43)) - raft.server.log.queue.byte-limit = 2147483647 (custom)
2019-11-16 13:05:32,431 [pool-37-thread-1] INFO  server.RaftServerConfigKeys (ConfUtils.java:logGet(43)) - raft.server.log.queue.element-limit = 1024 (custom)
2019-11-16 13:05:32,431 [pool-37-thread-1] INFO  server.RaftServerConfigKeys (ConfUtils.java:logGet(43)) - raft.server.log.segment.size.max = 1048576 (custom)
2019-11-16 13:05:32,431 [pool-37-thread-1] INFO  server.RaftServerConfigKeys (ConfUtils.java:logGet(43)) - raft.server.log.preallocated.size = 16384 (custom)
2019-11-16 13:05:32,431 [pool-37-thread-1] INFO  server.RaftServerConfigKeys (ConfUtils.java:logGet(43)) - raft.server.log.write.buffer.size = 33554432 (custom)
2019-11-16 13:05:32,431 [pool-37-thread-1] INFO  server.RaftServerConfigKeys (ConfUtils.java:logGet(43)) - raft.server.log.force.sync.num = 128 (default)
2019-11-16 13:05:32,431 [pool-37-thread-1] INFO  server.RaftServerConfigKeys (ConfUtils.java:logGet(43)) - raft.server.log.statemachine.data.sync = true (default)
2019-11-16 13:05:32,431 [pool-37-thread-1] INFO  server.RaftServerConfigKeys (ConfUtils.java:logGet(43)) - raft.server.log.statemachine.data.sync.timeout = 10s (default)
2019-11-16 13:05:32,432 [pool-37-thread-1] INFO  server.RaftServerConfigKeys (ConfUtils.java:logGet(43)) - raft.server.log.statemachine.data.sync.timeout.retry = -1 (default)
2019-11-16 13:05:32,432 [pool-37-thread-1] INFO  server.RaftServerConfigKeys (ConfUtils.java:logGet(43)) - raft.server.log.statemachine.data.caching.enabled = true (custom)
2019-11-16 13:05:32,432 [pool-37-thread-1] INFO  segmented.SegmentedRaftLogWorker (SegmentedRaftLogWorker.java:lambda$new$0(128)) - c3c7e958-9883-4fbe-b063-de98235d6943@group-F903739350A4-SegmentedRaftLogWorker: flushIndex: setUnconditionally 0 -> -1
2019-11-16 13:05:32,433 [pool-37-thread-1] INFO  server.RaftServerConfigKeys (ConfUtils.java:logGet(43)) - raft.server.snapshot.auto.trigger.enabled = true (custom)
2019-11-16 13:05:32,433 [pool-37-thread-1] INFO  server.RaftServerConfigKeys (ConfUtils.java:logGet(43)) - raft.server.snapshot.auto.trigger.threshold = 10000 (custom)
2019-11-16 13:05:32,433 [pool-37-thread-1] INFO  server.RaftServerConfigKeys (ConfUtils.java:logGet(43)) - raft.server.snapshot.retention.file.num = 5 (custom)
2019-11-16 13:05:32,433 [pool-37-thread-1] INFO  server.RaftServerConfigKeys (ConfUtils.java:logGet(43)) - raft.server.retrycache.expirytime = 600000ms (custom)
2019-11-16 13:05:32,433 [pool-37-thread-1] WARN  impl.MetricRegistriesImpl (MetricRegistriesImpl.java:lambda$create$1(61)) - First MetricRegistry has been created without registering reporters. You may need to call MetricRegistries.global().addReportRegistration(...) before.
2019-11-16 13:05:32,433 [pool-37-thread-1] WARN  impl.MetricRegistriesImpl (MetricRegistriesImpl.java:lambda$create$1(61)) - First MetricRegistry has been created without registering reporters. You may need to call MetricRegistries.global().addReportRegistration(...) before.
2019-11-16 13:05:32,434 [pool-37-thread-1] INFO  impl.RaftServerImpl (RaftServerImpl.java:start(184)) - c3c7e958-9883-4fbe-b063-de98235d6943@group-F903739350A4: start as a follower, conf=-1: [c3c7e958-9883-4fbe-b063-de98235d6943:192.168.69.84:45072], old=null
2019-11-16 13:05:32,434 [pool-37-thread-1] INFO  impl.RaftServerImpl (RaftServerImpl.java:setRole(173)) - c3c7e958-9883-4fbe-b063-de98235d6943@group-F903739350A4: changes role from      null to FOLLOWER at term 0 for startAsFollower
2019-11-16 13:05:32,434 [pool-37-thread-1] INFO  impl.RoleInfo (RoleInfo.java:updateAndGet(143)) - c3c7e958-9883-4fbe-b063-de98235d6943: start FollowerState
2019-11-16 13:05:32,434 [pool-37-thread-1] INFO  util.JmxRegister (JmxRegister.java:tryRegister(44)) - Successfully registered JMX Bean with object name Ratis:service=RaftServer,group=group-F903739350A4,id=c3c7e958-9883-4fbe-b063-de98235d6943
2019-11-16 13:05:32,435 [pool-37-thread-1] WARN  impl.MetricRegistriesImpl (MetricRegistriesImpl.java:lambda$create$1(61)) - First MetricRegistry has been created without registering reporters. You may need to call MetricRegistries.global().addReportRegistration(...) before.
2019-11-16 13:05:32,443 [RatisPipelineUtilsThread] INFO  pipeline.PipelineStateManager (PipelineStateManager.java:addPipeline(55)) - Created pipeline Pipeline[ Id: 8cdd905a-92f9-4d08-826d-f903739350a4, Nodes: c3c7e958-9883-4fbe-b063-de98235d6943{ip: 192.168.69.84, host: pr-hdds-2508-jgffk-3148646922, networkLocation: /default-rack, certSerialId: null}, Type:RATIS, Factor:ONE, State:ALLOCATED]
2019-11-16 13:05:32,471 [grpc-default-executor-1] INFO  impl.RaftServerProxy (RaftServerProxy.java:addNew(89)) - 44937579-fd9e-42f3-96b7-3931c17c73cd: addNew group-6ADAB2F0EC1C:[ce7b161b-b478-44a6-ba80-df77e3c8324c:192.168.69.84:42106, c3c7e958-9883-4fbe-b063-de98235d6943:192.168.69.84:45072, 44937579-fd9e-42f3-96b7-3931c17c73cd:192.168.69.84:43118] returns group-6ADAB2F0EC1C:java.util.concurrent.CompletableFuture@551007ff[Not completed]
2019-11-16 13:05:32,471 [grpc-default-executor-2] INFO  impl.RaftServerProxy (RaftServerProxy.java:addNew(89)) - c3c7e958-9883-4fbe-b063-de98235d6943: addNew group-6ADAB2F0EC1C:[ce7b161b-b478-44a6-ba80-df77e3c8324c:192.168.69.84:42106, c3c7e958-9883-4fbe-b063-de98235d6943:192.168.69.84:45072, 44937579-fd9e-42f3-96b7-3931c17c73cd:192.168.69.84:43118] returns group-6ADAB2F0EC1C:java.util.concurrent.CompletableFuture@59e55bbb[Not completed]
2019-11-16 13:05:32,475 [pool-37-thread-1] INFO  impl.RaftServerImpl (RaftServerImpl.java:<init>(98)) - c3c7e958-9883-4fbe-b063-de98235d6943: new RaftServerImpl for group-6ADAB2F0EC1C:[ce7b161b-b478-44a6-ba80-df77e3c8324c:192.168.69.84:42106, c3c7e958-9883-4fbe-b063-de98235d6943:192.168.69.84:45072, 44937579-fd9e-42f3-96b7-3931c17c73cd:192.168.69.84:43118] with ContainerStateMachine:uninitialized
2019-11-16 13:05:32,475 [pool-37-thread-1] INFO  server.RaftServerConfigKeys (ConfUtils.java:logGet(43)) - raft.server.rpc.timeout.min = 5s (custom)
2019-11-16 13:05:32,475 [grpc-default-executor-2] INFO  impl.RaftServerProxy (RaftServerProxy.java:addNew(89)) - ce7b161b-b478-44a6-ba80-df77e3c8324c: addNew group-6ADAB2F0EC1C:[ce7b161b-b478-44a6-ba80-df77e3c8324c:192.168.69.84:42106, c3c7e958-9883-4fbe-b063-de98235d6943:192.168.69.84:45072, 44937579-fd9e-42f3-96b7-3931c17c73cd:192.168.69.84:43118] returns group-6ADAB2F0EC1C:java.util.concurrent.CompletableFuture@5ddad45f[Not completed]
2019-11-16 13:05:32,475 [pool-37-thread-1] INFO  server.RaftServerConfigKeys (ConfUtils.java:logGet(43)) - raft.server.rpc.timeout.max = 5200ms (custom)
2019-11-16 13:05:32,475 [pool-37-thread-1] INFO  server.RaftServerConfigKeys (ConfUtils.java:logGet(43)) - raft.server.rpcslowness.timeout = 120s (custom)
2019-11-16 13:05:32,476 [pool-37-thread-1] INFO  server.RaftServerConfigKeys (ConfUtils.java:logGet(43)) - raft.server.sleep.deviation.threshold = 300 (default)
2019-11-16 13:05:32,476 [pool-37-thread-1] INFO  server.RaftServerConfigKeys (ConfUtils.java:logGet(43)) - raft.server.log.appender.install.snapshot.enabled = false (custom)
2019-11-16 13:05:32,476 [pool-37-thread-1] INFO  impl.RaftServerImpl (ServerState.java:<init>(103)) - c3c7e958-9883-4fbe-b063-de98235d6943@group-6ADAB2F0EC1C: ConfigurationManager, init=-1: [ce7b161b-b478-44a6-ba80-df77e3c8324c:192.168.69.84:42106, c3c7e958-9883-4fbe-b063-de98235d6943:192.168.69.84:45072, 44937579-fd9e-42f3-96b7-3931c17c73cd:192.168.69.84:43118], old=null, confs=<EMPTY_MAP>
2019-11-16 13:05:32,476 [pool-47-thread-1] INFO  impl.RaftServerImpl (RaftServerImpl.java:<init>(98)) - 44937579-fd9e-42f3-96b7-3931c17c73cd: new RaftServerImpl for group-6ADAB2F0EC1C:[ce7b161b-b478-44a6-ba80-df77e3c8324c:192.168.69.84:42106, c3c7e958-9883-4fbe-b063-de98235d6943:192.168.69.84:45072, 44937579-fd9e-42f3-96b7-3931c17c73cd:192.168.69.84:43118] with ContainerStateMachine:uninitialized
2019-11-16 13:05:32,476 [pool-37-thread-1] INFO  server.RaftServerConfigKeys (ConfUtils.java:logGet(43)) - raft.server.storage.dir = [/workdir/hadoop-ozone/tools/target/test-dir/MiniOzoneClusterImpl-eb0973ae-92a9-46ee-85ce-ef1f9c3ff6e2/datanode-1/data/ratis] (custom)
2019-11-16 13:05:32,476 [pool-47-thread-1] INFO  server.RaftServerConfigKeys (ConfUtils.java:logGet(43)) - raft.server.rpc.timeout.min = 5s (custom)
2019-11-16 13:05:32,476 [pool-37-thread-1] INFO  server.RaftServerConfigKeys (ConfUtils.java:logGet(43)) - raft.server.log.corruption.policy = EXCEPTION (default)
2019-11-16 13:05:32,476 [pool-47-thread-1] INFO  server.RaftServerConfigKeys (ConfUtils.java:logGet(43)) - raft.server.rpc.timeout.max = 5200ms (custom)
2019-11-16 13:05:32,477 [pool-37-thread-1] INFO  storage.RaftStorageDirectory (RaftStorageDirectory.java:analyzeStorage(246)) - The storage directory /workdir/hadoop-ozone/tools/target/test-dir/MiniOzoneClusterImpl-eb0973ae-92a9-46ee-85ce-ef1f9c3ff6e2/datanode-1/data/ratis/e5d03b38-0cff-493c-8683-6adab2f0ec1c does not exist. Creating ...
2019-11-16 13:05:32,477 [pool-47-thread-1] INFO  server.RaftServerConfigKeys (ConfUtils.java:logGet(43)) - raft.server.rpcslowness.timeout = 120s (custom)
2019-11-16 13:05:32,477 [pool-27-thread-1] INFO  impl.RaftServerImpl (RaftServerImpl.java:<init>(98)) - ce7b161b-b478-44a6-ba80-df77e3c8324c: new RaftServerImpl for group-6ADAB2F0EC1C:[ce7b161b-b478-44a6-ba80-df77e3c8324c:192.168.69.84:42106, c3c7e958-9883-4fbe-b063-de98235d6943:192.168.69.84:45072, 44937579-fd9e-42f3-96b7-3931c17c73cd:192.168.69.84:43118] with ContainerStateMachine:uninitialized
2019-11-16 13:05:32,477 [pool-47-thread-1] INFO  server.RaftServerConfigKeys (ConfUtils.java:logGet(43)) - raft.server.sleep.deviation.threshold = 300 (default)
2019-11-16 13:05:32,477 [pool-27-thread-1] INFO  server.RaftServerConfigKeys (ConfUtils.java:logGet(43)) - raft.server.rpc.timeout.min = 5s (custom)
2019-11-16 13:05:32,477 [pool-47-thread-1] INFO  server.RaftServerConfigKeys (ConfUtils.java:logGet(43)) - raft.server.log.appender.install.snapshot.enabled = false (custom)
2019-11-16 13:05:32,477 [pool-27-thread-1] INFO  server.RaftServerConfigKeys (ConfUtils.java:logGet(43)) - raft.server.rpc.timeout.max = 5200ms (custom)
2019-11-16 13:05:32,478 [pool-47-thread-1] INFO  impl.RaftServerImpl (ServerState.java:<init>(103)) - 44937579-fd9e-42f3-96b7-3931c17c73cd@group-6ADAB2F0EC1C: ConfigurationManager, init=-1: [ce7b161b-b478-44a6-ba80-df77e3c8324c:192.168.69.84:42106, c3c7e958-9883-4fbe-b063-de98235d6943:192.168.69.84:45072, 44937579-fd9e-42f3-96b7-3931c17c73cd:192.168.69.84:43118], old=null, confs=<EMPTY_MAP>
2019-11-16 13:05:32,478 [pool-27-thread-1] INFO  server.RaftServerConfigKeys (ConfUtils.java:logGet(43)) - raft.server.rpcslowness.timeout = 120s (custom)
2019-11-16 13:05:32,478 [pool-27-thread-1] INFO  server.RaftServerConfigKeys (ConfUtils.java:logGet(43)) - raft.server.sleep.deviation.threshold = 300 (default)
2019-11-16 13:05:32,478 [pool-47-thread-1] INFO  server.RaftServerConfigKeys (ConfUtils.java:logGet(43)) - raft.server.storage.dir = [/workdir/hadoop-ozone/tools/target/test-dir/MiniOzoneClusterImpl-eb0973ae-92a9-46ee-85ce-ef1f9c3ff6e2/datanode-2/data/ratis] (custom)
2019-11-16 13:05:32,478 [pool-27-thread-1] INFO  server.RaftServerConfigKeys (ConfUtils.java:logGet(43)) - raft.server.log.appender.install.snapshot.enabled = false (custom)
2019-11-16 13:05:32,478 [pool-27-thread-1] INFO  impl.RaftServerImpl (ServerState.java:<init>(103)) - ce7b161b-b478-44a6-ba80-df77e3c8324c@group-6ADAB2F0EC1C: ConfigurationManager, init=-1: [ce7b161b-b478-44a6-ba80-df77e3c8324c:192.168.69.84:42106, c3c7e958-9883-4fbe-b063-de98235d6943:192.168.69.84:45072, 44937579-fd9e-42f3-96b7-3931c17c73cd:192.168.69.84:43118], old=null, confs=<EMPTY_MAP>
2019-11-16 13:05:32,478 [pool-47-thread-1] INFO  server.RaftServerConfigKeys (ConfUtils.java:logGet(43)) - raft.server.log.corruption.policy = EXCEPTION (default)
2019-11-16 13:05:32,478 [pool-27-thread-1] INFO  server.RaftServerConfigKeys (ConfUtils.java:logGet(43)) - raft.server.storage.dir = [/workdir/hadoop-ozone/tools/target/test-dir/MiniOzoneClusterImpl-eb0973ae-92a9-46ee-85ce-ef1f9c3ff6e2/datanode-0/data/ratis] (custom)
2019-11-16 13:05:32,479 [pool-47-thread-1] INFO  storage.RaftStorageDirectory (RaftStorageDirectory.java:analyzeStorage(246)) - The storage directory /workdir/hadoop-ozone/tools/target/test-dir/MiniOzoneClusterImpl-eb0973ae-92a9-46ee-85ce-ef1f9c3ff6e2/datanode-2/data/ratis/e5d03b38-0cff-493c-8683-6adab2f0ec1c does not exist. Creating ...
2019-11-16 13:05:32,479 [pool-27-thread-1] INFO  server.RaftServerConfigKeys (ConfUtils.java:logGet(43)) - raft.server.log.corruption.policy = EXCEPTION (default)
2019-11-16 13:05:32,479 [pool-27-thread-1] INFO  storage.RaftStorageDirectory (RaftStorageDirectory.java:analyzeStorage(246)) - The storage directory /workdir/hadoop-ozone/tools/target/test-dir/MiniOzoneClusterImpl-eb0973ae-92a9-46ee-85ce-ef1f9c3ff6e2/datanode-0/data/ratis/e5d03b38-0cff-493c-8683-6adab2f0ec1c does not exist. Creating ...
2019-11-16 13:05:32,503 [pool-37-thread-1] INFO  storage.RaftStorageDirectory (RaftStorageDirectory.java:tryLock(328)) - Lock on /workdir/hadoop-ozone/tools/target/test-dir/MiniOzoneClusterImpl-eb0973ae-92a9-46ee-85ce-ef1f9c3ff6e2/datanode-1/data/ratis/e5d03b38-0cff-493c-8683-6adab2f0ec1c/in_use.lock acquired by nodename 20834@pr-hdds-2508-jgffk-3148646922
2019-11-16 13:05:32,503 [pool-27-thread-1] INFO  storage.RaftStorageDirectory (RaftStorageDirectory.java:tryLock(328)) - Lock on /workdir/hadoop-ozone/tools/target/test-dir/MiniOzoneClusterImpl-eb0973ae-92a9-46ee-85ce-ef1f9c3ff6e2/datanode-0/data/ratis/e5d03b38-0cff-493c-8683-6adab2f0ec1c/in_use.lock acquired by nodename 20834@pr-hdds-2508-jgffk-3148646922
2019-11-16 13:05:32,503 [pool-47-thread-1] INFO  storage.RaftStorageDirectory (RaftStorageDirectory.java:tryLock(328)) - Lock on /workdir/hadoop-ozone/tools/target/test-dir/MiniOzoneClusterImpl-eb0973ae-92a9-46ee-85ce-ef1f9c3ff6e2/datanode-2/data/ratis/e5d03b38-0cff-493c-8683-6adab2f0ec1c/in_use.lock acquired by nodename 20834@pr-hdds-2508-jgffk-3148646922
2019-11-16 13:05:32,529 [pool-47-thread-1] INFO  storage.RaftStorage (RaftStorage.java:format(84)) - Storage directory /workdir/hadoop-ozone/tools/target/test-dir/MiniOzoneClusterImpl-eb0973ae-92a9-46ee-85ce-ef1f9c3ff6e2/datanode-2/data/ratis/e5d03b38-0cff-493c-8683-6adab2f0ec1c has been successfully formatted.
2019-11-16 13:05:32,529 [pool-37-thread-1] INFO  storage.RaftStorage (RaftStorage.java:format(84)) - Storage directory /workdir/hadoop-ozone/tools/target/test-dir/MiniOzoneClusterImpl-eb0973ae-92a9-46ee-85ce-ef1f9c3ff6e2/datanode-1/data/ratis/e5d03b38-0cff-493c-8683-6adab2f0ec1c has been successfully formatted.
2019-11-16 13:05:32,529 [pool-27-thread-1] INFO  storage.RaftStorage (RaftStorage.java:format(84)) - Storage directory /workdir/hadoop-ozone/tools/target/test-dir/MiniOzoneClusterImpl-eb0973ae-92a9-46ee-85ce-ef1f9c3ff6e2/datanode-0/data/ratis/e5d03b38-0cff-493c-8683-6adab2f0ec1c has been successfully formatted.
2019-11-16 13:05:32,530 [pool-47-thread-1] INFO  ratis.ContainerStateMachine (ContainerStateMachine.java:loadSnapshot(223)) - group-6ADAB2F0EC1C: The snapshot info is null. Setting the last applied indexto:(t:0, i:~)
2019-11-16 13:05:32,530 [pool-37-thread-1] INFO  ratis.ContainerStateMachine (ContainerStateMachine.java:loadSnapshot(223)) - group-6ADAB2F0EC1C: The snapshot info is null. Setting the last applied indexto:(t:0, i:~)
2019-11-16 13:05:32,530 [pool-27-thread-1] INFO  ratis.ContainerStateMachine (ContainerStateMachine.java:loadSnapshot(223)) - group-6ADAB2F0EC1C: The snapshot info is null. Setting the last applied indexto:(t:0, i:~)
2019-11-16 13:05:32,530 [pool-47-thread-1] INFO  server.RaftServerConfigKeys (ConfUtils.java:logGet(43)) - raft.server.notification.no-leader.timeout = 120s (custom)
2019-11-16 13:05:32,530 [pool-27-thread-1] INFO  server.RaftServerConfigKeys (ConfUtils.java:logGet(43)) - raft.server.notification.no-leader.timeout = 120s (custom)
2019-11-16 13:05:32,530 [pool-37-thread-1] INFO  server.RaftServerConfigKeys (ConfUtils.java:logGet(43)) - raft.server.notification.no-leader.timeout = 120s (custom)
2019-11-16 13:05:32,531 [pool-27-thread-1] INFO  server.RaftServerConfigKeys (ConfUtils.java:logGet(43)) - raft.server.log.use.memory = false (default)
2019-11-16 13:05:32,530 [pool-47-thread-1] INFO  server.RaftServerConfigKeys (ConfUtils.java:logGet(43)) - raft.server.log.use.memory = false (default)
2019-11-16 13:05:32,531 [pool-27-thread-1] INFO  server.RaftServerConfigKeys (ConfUtils.java:logGet(43)) - raft.server.log.purge.gap = 1000000 (custom)
2019-11-16 13:05:32,531 [pool-37-thread-1] INFO  server.RaftServerConfigKeys (ConfUtils.java:logGet(43)) - raft.server.log.use.memory = false (default)
2019-11-16 13:05:32,531 [pool-27-thread-1] INFO  server.RaftServerConfigKeys (ConfUtils.java:logGet(43)) - raft.server.log.appender.buffer.byte-limit = 33554432 (custom)
2019-11-16 13:05:32,531 [pool-47-thread-1] INFO  server.RaftServerConfigKeys (ConfUtils.java:logGet(43)) - raft.server.log.purge.gap = 1000000 (custom)
2019-11-16 13:05:32,532 [pool-27-thread-1] INFO  server.RaftServerConfigKeys (ConfUtils.java:logGet(43)) - raft.server.log.segment.size.max = 1048576 (custom)
2019-11-16 13:05:32,532 [pool-37-thread-1] INFO  server.RaftServerConfigKeys (ConfUtils.java:logGet(43)) - raft.server.log.purge.gap = 1000000 (custom)
2019-11-16 13:05:32,532 [pool-27-thread-1] INFO  server.RaftServerConfigKeys (ConfUtils.java:logGet(43)) - raft.server.log.segment.cache.num.max = 2 (custom)
2019-11-16 13:05:32,532 [pool-47-thread-1] INFO  server.RaftServerConfigKeys (ConfUtils.java:logGet(43)) - raft.server.log.appender.buffer.byte-limit = 33554432 (custom)
2019-11-16 13:05:32,532 [pool-27-thread-1] INFO  segmented.SegmentedRaftLogWorker (SegmentedRaftLogWorker.java:<init>(173)) - new ce7b161b-b478-44a6-ba80-df77e3c8324c@group-6ADAB2F0EC1C-SegmentedRaftLogWorker for RaftStorage:Storage Directory /workdir/hadoop-ozone/tools/target/test-dir/MiniOzoneClusterImpl-eb0973ae-92a9-46ee-85ce-ef1f9c3ff6e2/datanode-0/data/ratis/e5d03b38-0cff-493c-8683-6adab2f0ec1c
2019-11-16 13:05:32,532 [pool-37-thread-1] INFO  server.RaftServerConfigKeys (ConfUtils.java:logGet(43)) - raft.server.log.appender.buffer.byte-limit = 33554432 (custom)
2019-11-16 13:05:32,533 [pool-27-thread-1] INFO  server.RaftServerConfigKeys (ConfUtils.java:logGet(43)) - raft.server.log.queue.byte-limit = 2147483647 (custom)
2019-11-16 13:05:32,533 [pool-47-thread-1] INFO  server.RaftServerConfigKeys (ConfUtils.java:logGet(43)) - raft.server.log.segment.size.max = 1048576 (custom)
2019-11-16 13:05:32,533 [pool-27-thread-1] INFO  server.RaftServerConfigKeys (ConfUtils.java:logGet(43)) - raft.server.log.queue.element-limit = 1024 (custom)
2019-11-16 13:05:32,533 [pool-37-thread-1] INFO  server.RaftServerConfigKeys (ConfUtils.java:logGet(43)) - raft.server.log.segment.size.max = 1048576 (custom)
2019-11-16 13:05:32,533 [pool-27-thread-1] INFO  server.RaftServerConfigKeys (ConfUtils.java:logGet(43)) - raft.server.log.segment.size.max = 1048576 (custom)
2019-11-16 13:05:32,533 [pool-47-thread-1] INFO  server.RaftServerConfigKeys (ConfUtils.java:logGet(43)) - raft.server.log.segment.cache.num.max = 2 (custom)
2019-11-16 13:05:32,534 [pool-27-thread-1] INFO  server.RaftServerConfigKeys (ConfUtils.java:logGet(43)) - raft.server.log.preallocated.size = 16384 (custom)
2019-11-16 13:05:32,534 [pool-37-thread-1] INFO  server.RaftServerConfigKeys (ConfUtils.java:logGet(43)) - raft.server.log.segment.cache.num.max = 2 (custom)
2019-11-16 13:05:32,534 [pool-27-thread-1] INFO  server.RaftServerConfigKeys (ConfUtils.java:logGet(43)) - raft.server.log.write.buffer.size = 33554432 (custom)
2019-11-16 13:05:32,534 [pool-47-thread-1] INFO  segmented.SegmentedRaftLogWorker (SegmentedRaftLogWorker.java:<init>(173)) - new 44937579-fd9e-42f3-96b7-3931c17c73cd@group-6ADAB2F0EC1C-SegmentedRaftLogWorker for RaftStorage:Storage Directory /workdir/hadoop-ozone/tools/target/test-dir/MiniOzoneClusterImpl-eb0973ae-92a9-46ee-85ce-ef1f9c3ff6e2/datanode-2/data/ratis/e5d03b38-0cff-493c-8683-6adab2f0ec1c
2019-11-16 13:05:32,534 [pool-27-thread-1] INFO  server.RaftServerConfigKeys (ConfUtils.java:logGet(43)) - raft.server.log.force.sync.num = 128 (default)
2019-11-16 13:05:32,534 [pool-37-thread-1] INFO  segmented.SegmentedRaftLogWorker (SegmentedRaftLogWorker.java:<init>(173)) - new c3c7e958-9883-4fbe-b063-de98235d6943@group-6ADAB2F0EC1C-SegmentedRaftLogWorker for RaftStorage:Storage Directory /workdir/hadoop-ozone/tools/target/test-dir/MiniOzoneClusterImpl-eb0973ae-92a9-46ee-85ce-ef1f9c3ff6e2/datanode-1/data/ratis/e5d03b38-0cff-493c-8683-6adab2f0ec1c
2019-11-16 13:05:32,535 [pool-27-thread-1] INFO  server.RaftServerConfigKeys (ConfUtils.java:logGet(43)) - raft.server.log.statemachine.data.sync = true (default)
2019-11-16 13:05:32,535 [pool-47-thread-1] INFO  server.RaftServerConfigKeys (ConfUtils.java:logGet(43)) - raft.server.log.queue.byte-limit = 2147483647 (custom)
2019-11-16 13:05:32,535 [pool-27-thread-1] INFO  server.RaftServerConfigKeys (ConfUtils.java:logGet(43)) - raft.server.log.statemachine.data.sync.timeout = 10s (default)
2019-11-16 13:05:32,535 [pool-37-thread-1] INFO  server.RaftServerConfigKeys (ConfUtils.java:logGet(43)) - raft.server.log.queue.byte-limit = 2147483647 (custom)
2019-11-16 13:05:32,536 [pool-27-thread-1] INFO  server.RaftServerConfigKeys (ConfUtils.java:logGet(43)) - raft.server.log.statemachine.data.sync.timeout.retry = -1 (default)
2019-11-16 13:05:32,535 [pool-47-thread-1] INFO  server.RaftServerConfigKeys (ConfUtils.java:logGet(43)) - raft.server.log.queue.element-limit = 1024 (custom)
2019-11-16 13:05:32,536 [pool-27-thread-1] INFO  server.RaftServerConfigKeys (ConfUtils.java:logGet(43)) - raft.server.log.statemachine.data.caching.enabled = true (custom)
2019-11-16 13:05:32,536 [pool-37-thread-1] INFO  server.RaftServerConfigKeys (ConfUtils.java:logGet(43)) - raft.server.log.queue.element-limit = 1024 (custom)
2019-11-16 13:05:32,536 [pool-47-thread-1] INFO  server.RaftServerConfigKeys (ConfUtils.java:logGet(43)) - raft.server.log.segment.size.max = 1048576 (custom)
2019-11-16 13:05:32,536 [pool-37-thread-1] INFO  server.RaftServerConfigKeys (ConfUtils.java:logGet(43)) - raft.server.log.segment.size.max = 1048576 (custom)
2019-11-16 13:05:32,537 [pool-47-thread-1] INFO  server.RaftServerConfigKeys (ConfUtils.java:logGet(43)) - raft.server.log.preallocated.size = 16384 (custom)
2019-11-16 13:05:32,537 [pool-27-thread-1] INFO  segmented.SegmentedRaftLogWorker (SegmentedRaftLogWorker.java:lambda$new$0(128)) - ce7b161b-b478-44a6-ba80-df77e3c8324c@group-6ADAB2F0EC1C-SegmentedRaftLogWorker: flushIndex: setUnconditionally 0 -> -1
2019-11-16 13:05:32,537 [pool-47-thread-1] INFO  server.RaftServerConfigKeys (ConfUtils.java:logGet(43)) - raft.server.log.write.buffer.size = 33554432 (custom)
2019-11-16 13:05:32,537 [pool-37-thread-1] INFO  server.RaftServerConfigKeys (ConfUtils.java:logGet(43)) - raft.server.log.preallocated.size = 16384 (custom)
2019-11-16 13:05:32,537 [pool-27-thread-1] INFO  server.RaftServerConfigKeys (ConfUtils.java:logGet(43)) - raft.server.snapshot.auto.trigger.enabled = true (custom)
2019-11-16 13:05:32,537 [pool-47-thread-1] INFO  server.RaftServerConfigKeys (ConfUtils.java:logGet(43)) - raft.server.log.force.sync.num = 128 (default)
2019-11-16 13:05:32,538 [pool-27-thread-1] INFO  server.RaftServerConfigKeys (ConfUtils.java:logGet(43)) - raft.server.snapshot.auto.trigger.threshold = 10000 (custom)
2019-11-16 13:05:32,537 [pool-37-thread-1] INFO  server.RaftServerConfigKeys (ConfUtils.java:logGet(43)) - raft.server.log.write.buffer.size = 33554432 (custom)
2019-11-16 13:05:32,538 [pool-27-thread-1] INFO  server.RaftServerConfigKeys (ConfUtils.java:logGet(43)) - raft.server.snapshot.retention.file.num = 5 (custom)
2019-11-16 13:05:32,538 [pool-47-thread-1] INFO  server.RaftServerConfigKeys (ConfUtils.java:logGet(43)) - raft.server.log.statemachine.data.sync = true (default)
2019-11-16 13:05:32,538 [pool-27-thread-1] INFO  server.RaftServerConfigKeys (ConfUtils.java:logGet(43)) - raft.server.retrycache.expirytime = 600000ms (custom)
2019-11-16 13:05:32,538 [pool-47-thread-1] INFO  server.RaftServerConfigKeys (ConfUtils.java:logGet(43)) - raft.server.log.statemachine.data.sync.timeout = 10s (default)
2019-11-16 13:05:32,538 [pool-37-thread-1] INFO  server.RaftServerConfigKeys (ConfUtils.java:logGet(43)) - raft.server.log.force.sync.num = 128 (default)
2019-11-16 13:05:32,539 [pool-47-thread-1] INFO  server.RaftServerConfigKeys (ConfUtils.java:logGet(43)) - raft.server.log.statemachine.data.sync.timeout.retry = -1 (default)
2019-11-16 13:05:32,539 [pool-27-thread-1] WARN  impl.MetricRegistriesImpl (MetricRegistriesImpl.java:lambda$create$1(61)) - First MetricRegistry has been created without registering reporters. You may need to call MetricRegistries.global().addReportRegistration(...) before.
2019-11-16 13:05:32,539 [pool-37-thread-1] INFO  server.RaftServerConfigKeys (ConfUtils.java:logGet(43)) - raft.server.log.statemachine.data.sync = true (default)
2019-11-16 13:05:32,539 [pool-27-thread-1] WARN  impl.MetricRegistriesImpl (MetricRegistriesImpl.java:lambda$create$1(61)) - First MetricRegistry has been created without registering reporters. You may need to call MetricRegistries.global().addReportRegistration(...) before.
2019-11-16 13:05:32,539 [pool-47-thread-1] INFO  server.RaftServerConfigKeys (ConfUtils.java:logGet(43)) - raft.server.log.statemachine.data.caching.enabled = true (custom)
2019-11-16 13:05:32,540 [pool-37-thread-1] INFO  server.RaftServerConfigKeys (ConfUtils.java:logGet(43)) - raft.server.log.statemachine.data.sync.timeout = 10s (default)
2019-11-16 13:05:32,540 [pool-27-thread-1] INFO  impl.RaftServerImpl (RaftServerImpl.java:start(184)) - ce7b161b-b478-44a6-ba80-df77e3c8324c@group-6ADAB2F0EC1C: start as a follower, conf=-1: [ce7b161b-b478-44a6-ba80-df77e3c8324c:192.168.69.84:42106, c3c7e958-9883-4fbe-b063-de98235d6943:192.168.69.84:45072, 44937579-fd9e-42f3-96b7-3931c17c73cd:192.168.69.84:43118], old=null
2019-11-16 13:05:32,540 [pool-37-thread-1] INFO  server.RaftServerConfigKeys (ConfUtils.java:logGet(43)) - raft.server.log.statemachine.data.sync.timeout.retry = -1 (default)
2019-11-16 13:05:32,540 [pool-27-thread-1] INFO  impl.RaftServerImpl (RaftServerImpl.java:setRole(173)) - ce7b161b-b478-44a6-ba80-df77e3c8324c@group-6ADAB2F0EC1C: changes role from      null to FOLLOWER at term 0 for startAsFollower
2019-11-16 13:05:32,540 [pool-47-thread-1] INFO  segmented.SegmentedRaftLogWorker (SegmentedRaftLogWorker.java:lambda$new$0(128)) - 44937579-fd9e-42f3-96b7-3931c17c73cd@group-6ADAB2F0EC1C-SegmentedRaftLogWorker: flushIndex: setUnconditionally 0 -> -1
2019-11-16 13:05:32,541 [pool-27-thread-1] INFO  impl.RoleInfo (RoleInfo.java:updateAndGet(143)) - ce7b161b-b478-44a6-ba80-df77e3c8324c: start FollowerState
2019-11-16 13:05:32,540 [pool-37-thread-1] INFO  server.RaftServerConfigKeys (ConfUtils.java:logGet(43)) - raft.server.log.statemachine.data.caching.enabled = true (custom)
2019-11-16 13:05:32,541 [pool-47-thread-1] INFO  server.RaftServerConfigKeys (ConfUtils.java:logGet(43)) - raft.server.snapshot.auto.trigger.enabled = true (custom)
2019-11-16 13:05:32,541 [pool-47-thread-1] INFO  server.RaftServerConfigKeys (ConfUtils.java:logGet(43)) - raft.server.snapshot.auto.trigger.threshold = 10000 (custom)
2019-11-16 13:05:32,541 [pool-37-thread-1] INFO  segmented.SegmentedRaftLogWorker (SegmentedRaftLogWorker.java:lambda$new$0(128)) - c3c7e958-9883-4fbe-b063-de98235d6943@group-6ADAB2F0EC1C-SegmentedRaftLogWorker: flushIndex: setUnconditionally 0 -> -1
2019-11-16 13:05:32,541 [pool-47-thread-1] INFO  server.RaftServerConfigKeys (ConfUtils.java:logGet(43)) - raft.server.snapshot.retention.file.num = 5 (custom)
2019-11-16 13:05:32,541 [pool-27-thread-1] INFO  util.JmxRegister (JmxRegister.java:tryRegister(44)) - Successfully registered JMX Bean with object name Ratis:service=RaftServer,group=group-6ADAB2F0EC1C,id=ce7b161b-b478-44a6-ba80-df77e3c8324c
2019-11-16 13:05:32,542 [pool-47-thread-1] INFO  server.RaftServerConfigKeys (ConfUtils.java:logGet(43)) - raft.server.retrycache.expirytime = 600000ms (custom)
2019-11-16 13:05:32,542 [pool-37-thread-1] INFO  server.RaftServerConfigKeys (ConfUtils.java:logGet(43)) - raft.server.snapshot.auto.trigger.enabled = true (custom)
2019-11-16 13:05:32,542 [pool-47-thread-1] WARN  impl.MetricRegistriesImpl (MetricRegistriesImpl.java:lambda$create$1(61)) - First MetricRegistry has been created without registering reporters. You may need to call MetricRegistries.global().addReportRegistration(...) before.
2019-11-16 13:05:32,542 [pool-37-thread-1] INFO  server.RaftServerConfigKeys (ConfUtils.java:logGet(43)) - raft.server.snapshot.auto.trigger.threshold = 10000 (custom)
2019-11-16 13:05:32,542 [pool-27-thread-1] WARN  impl.MetricRegistriesImpl (MetricRegistriesImpl.java:lambda$create$1(61)) - First MetricRegistry has been created without registering reporters. You may need to call MetricRegistries.global().addReportRegistration(...) before.
2019-11-16 13:05:32,542 [pool-37-thread-1] INFO  server.RaftServerConfigKeys (ConfUtils.java:logGet(43)) - raft.server.snapshot.retention.file.num = 5 (custom)
2019-11-16 13:05:32,542 [pool-47-thread-1] WARN  impl.MetricRegistriesImpl (MetricRegistriesImpl.java:lambda$create$1(61)) - First MetricRegistry has been created without registering reporters. You may need to call MetricRegistries.global().addReportRegistration(...) before.
2019-11-16 13:05:32,543 [pool-37-thread-1] INFO  server.RaftServerConfigKeys (ConfUtils.java:logGet(43)) - raft.server.retrycache.expirytime = 600000ms (custom)
2019-11-16 13:05:32,543 [pool-37-thread-1] WARN  impl.MetricRegistriesImpl (MetricRegistriesImpl.java:lambda$create$1(61)) - First MetricRegistry has been created without registering reporters. You may need to call MetricRegistries.global().addReportRegistration(...) before.
2019-11-16 13:05:32,543 [pool-47-thread-1] INFO  impl.RaftServerImpl (RaftServerImpl.java:start(184)) - 44937579-fd9e-42f3-96b7-3931c17c73cd@group-6ADAB2F0EC1C: start as a follower, conf=-1: [ce7b161b-b478-44a6-ba80-df77e3c8324c:192.168.69.84:42106, c3c7e958-9883-4fbe-b063-de98235d6943:192.168.69.84:45072, 44937579-fd9e-42f3-96b7-3931c17c73cd:192.168.69.84:43118], old=null
2019-11-16 13:05:32,543 [pool-37-thread-1] WARN  impl.MetricRegistriesImpl (MetricRegistriesImpl.java:lambda$create$1(61)) - First MetricRegistry has been created without registering reporters. You may need to call MetricRegistries.global().addReportRegistration(...) before.
2019-11-16 13:05:32,543 [pool-47-thread-1] INFO  impl.RaftServerImpl (RaftServerImpl.java:setRole(173)) - 44937579-fd9e-42f3-96b7-3931c17c73cd@group-6ADAB2F0EC1C: changes role from      null to FOLLOWER at term 0 for startAsFollower
2019-11-16 13:05:32,544 [pool-37-thread-1] INFO  impl.RaftServerImpl (RaftServerImpl.java:start(184)) - c3c7e958-9883-4fbe-b063-de98235d6943@group-6ADAB2F0EC1C: start as a follower, conf=-1: [ce7b161b-b478-44a6-ba80-df77e3c8324c:192.168.69.84:42106, c3c7e958-9883-4fbe-b063-de98235d6943:192.168.69.84:45072, 44937579-fd9e-42f3-96b7-3931c17c73cd:192.168.69.84:43118], old=null
2019-11-16 13:05:32,544 [pool-47-thread-1] INFO  impl.RoleInfo (RoleInfo.java:updateAndGet(143)) - 44937579-fd9e-42f3-96b7-3931c17c73cd: start FollowerState
2019-11-16 13:05:32,544 [pool-37-thread-1] INFO  impl.RaftServerImpl (RaftServerImpl.java:setRole(173)) - c3c7e958-9883-4fbe-b063-de98235d6943@group-6ADAB2F0EC1C: changes role from      null to FOLLOWER at term 0 for startAsFollower
2019-11-16 13:05:32,545 [pool-37-thread-1] INFO  impl.RoleInfo (RoleInfo.java:updateAndGet(143)) - c3c7e958-9883-4fbe-b063-de98235d6943: start FollowerState
2019-11-16 13:05:32,545 [pool-47-thread-1] INFO  util.JmxRegister (JmxRegister.java:tryRegister(44)) - Successfully registered JMX Bean with object name Ratis:service=RaftServer,group=group-6ADAB2F0EC1C,id=44937579-fd9e-42f3-96b7-3931c17c73cd
2019-11-16 13:05:32,546 [pool-47-thread-1] WARN  impl.MetricRegistriesImpl (MetricRegistriesImpl.java:lambda$create$1(61)) - First MetricRegistry has been created without registering reporters. You may need to call MetricRegistries.global().addReportRegistration(...) before.
2019-11-16 13:05:32,547 [pool-37-thread-1] INFO  util.JmxRegister (JmxRegister.java:tryRegister(44)) - Successfully registered JMX Bean with object name Ratis:service=RaftServer,group=group-6ADAB2F0EC1C,id=c3c7e958-9883-4fbe-b063-de98235d6943
2019-11-16 13:05:32,547 [pool-37-thread-1] WARN  impl.MetricRegistriesImpl (MetricRegistriesImpl.java:lambda$create$1(61)) - First MetricRegistry has been created without registering reporters. You may need to call MetricRegistries.global().addReportRegistration(...) before.
2019-11-16 13:05:32,565 [RatisPipelineUtilsThread] INFO  pipeline.PipelineStateManager (PipelineStateManager.java:addPipeline(55)) - Created pipeline Pipeline[ Id: e5d03b38-0cff-493c-8683-6adab2f0ec1c, Nodes: 44937579-fd9e-42f3-96b7-3931c17c73cd{ip: 192.168.69.84, host: pr-hdds-2508-jgffk-3148646922, networkLocation: /default-rack, certSerialId: null}c3c7e958-9883-4fbe-b063-de98235d6943{ip: 192.168.69.84, host: pr-hdds-2508-jgffk-3148646922, networkLocation: /default-rack, certSerialId: null}ce7b161b-b478-44a6-ba80-df77e3c8324c{ip: 192.168.69.84, host: pr-hdds-2508-jgffk-3148646922, networkLocation: /default-rack, certSerialId: null}, Type:RATIS, Factor:THREE, State:ALLOCATED]
2019-11-16 13:05:32,568 [main] INFO  ozone.MiniOzoneClusterImpl (MiniOzoneClusterImpl.java:lambda$waitForClusterToBeReady$2(163)) - Waiting for 4 number of pipelines out of 4, to report a leader.
2019-11-16 13:05:33,569 [main] INFO  ozone.MiniOzoneClusterImpl (MiniOzoneClusterImpl.java:lambda$waitForClusterToBeReady$2(163)) - Waiting for 4 number of pipelines out of 4, to report a leader.
2019-11-16 13:05:34,554 [Thread-178] INFO  container.ReplicationManager (ReplicationManager.java:start(162)) - Starting Replication Monitor Thread.
2019-11-16 13:05:34,557 [Thread-178] INFO  pipeline.SCMPipelineManager (SCMPipelineManager.java:finalizeAndDestroyPipeline(315)) - destroying pipeline:Pipeline[ Id: 41971847-1d26-4436-8402-a14d4e693335, Nodes: ce7b161b-b478-44a6-ba80-df77e3c8324c{ip: 192.168.69.84, host: pr-hdds-2508-jgffk-3148646922, networkLocation: /default-rack, certSerialId: null}, Type:RATIS, Factor:ONE, State:ALLOCATED]
2019-11-16 13:05:34,558 [ReplicationMonitor] INFO  container.ReplicationManager (ReplicationManager.java:run(225)) - Replication Monitor Thread took 1 milliseconds for processing 0 containers.
2019-11-16 13:05:34,559 [Thread-178] INFO  pipeline.PipelineStateManager (PipelineStateManager.java:finalizePipeline(121)) - Pipeline Pipeline[ Id: 41971847-1d26-4436-8402-a14d4e693335, Nodes: ce7b161b-b478-44a6-ba80-df77e3c8324c{ip: 192.168.69.84, host: pr-hdds-2508-jgffk-3148646922, networkLocation: /default-rack, certSerialId: null}, Type:RATIS, Factor:ONE, State:CLOSED] moved to CLOSED state
2019-11-16 13:05:34,570 [main] INFO  ozone.MiniOzoneClusterImpl (MiniOzoneClusterImpl.java:lambda$waitForClusterToBeReady$2(163)) - Waiting for 3 number of pipelines out of 4, to report a leader.
2019-11-16 13:05:34,591 [grpc-default-executor-2] INFO  impl.RaftServerProxy (RaftServerProxy.java:remove(95)) - ce7b161b-b478-44a6-ba80-df77e3c8324c: remove  FOLLOWER ce7b161b-b478-44a6-ba80-df77e3c8324c@group-A14D4E693335:t0, leader=null, voted=null, raftlog=ce7b161b-b478-44a6-ba80-df77e3c8324c@group-A14D4E693335-SegmentedRaftLog:OPENED:c-1,f-1,i0, conf=-1: [ce7b161b-b478-44a6-ba80-df77e3c8324c:192.168.69.84:42106], old=null RUNNING
2019-11-16 13:05:34,595 [grpc-default-executor-2] INFO  impl.RaftServerImpl (RaftServerImpl.java:lambda$shutdown$3(250)) - ce7b161b-b478-44a6-ba80-df77e3c8324c@group-A14D4E693335: shutdown
2019-11-16 13:05:34,595 [grpc-default-executor-2] INFO  util.JmxRegister (JmxRegister.java:unregister(73)) - Successfully un-registered JMX Bean with object name Ratis:service=RaftServer,group=group-A14D4E693335,id=ce7b161b-b478-44a6-ba80-df77e3c8324c
2019-11-16 13:05:34,595 [grpc-default-executor-2] INFO  impl.RoleInfo (RoleInfo.java:shutdownFollowerState(121)) - ce7b161b-b478-44a6-ba80-df77e3c8324c: shutdown FollowerState
2019-11-16 13:05:34,596 [grpc-default-executor-2] INFO  impl.StateMachineUpdater (StateMachineUpdater.java:stopAndJoin(136)) - ce7b161b-b478-44a6-ba80-df77e3c8324c@group-A14D4E693335-StateMachineUpdater: set stopIndex = -1
2019-11-16 13:05:34,596 [Thread-180] INFO  impl.FollowerState (FollowerState.java:run(120)) - ce7b161b-b478-44a6-ba80-df77e3c8324c@group-A14D4E693335-FollowerState was interrupted: java.lang.InterruptedException: sleep interrupted
2019-11-16 13:05:34,598 [grpc-default-executor-2] INFO  impl.RaftServerImpl (ServerState.java:close(387)) - ce7b161b-b478-44a6-ba80-df77e3c8324c@group-A14D4E693335: closes. applyIndex: -1
2019-11-16 13:05:34,604 [ce7b161b-b478-44a6-ba80-df77e3c8324c@group-A14D4E693335-SegmentedRaftLogWorker] INFO  segmented.SegmentedRaftLogWorker (SegmentedRaftLogWorker.java:run(316)) - ce7b161b-b478-44a6-ba80-df77e3c8324c@group-A14D4E693335-SegmentedRaftLogWorker was interrupted, exiting. There are 0 tasks remaining in the queue.
2019-11-16 13:05:34,605 [grpc-default-executor-2] INFO  segmented.SegmentedRaftLogWorker (SegmentedRaftLogWorker.java:close(224)) - ce7b161b-b478-44a6-ba80-df77e3c8324c@group-A14D4E693335-SegmentedRaftLogWorker close()
2019-11-16 13:05:34,624 [Thread-178] INFO  pipeline.PipelineStateManager (PipelineStateManager.java:removePipeline(106)) - Pipeline Pipeline[ Id: 41971847-1d26-4436-8402-a14d4e693335, Nodes: ce7b161b-b478-44a6-ba80-df77e3c8324c{ip: 192.168.69.84, host: pr-hdds-2508-jgffk-3148646922, networkLocation: /default-rack, certSerialId: null}, Type:RATIS, Factor:ONE, State:CLOSED] removed from db
2019-11-16 13:05:34,625 [Thread-178] INFO  pipeline.SCMPipelineManager (SCMPipelineManager.java:finalizeAndDestroyPipeline(315)) - destroying pipeline:Pipeline[ Id: 0417dc3a-4860-45e0-bf99-93e978f1cc37, Nodes: 44937579-fd9e-42f3-96b7-3931c17c73cd{ip: 192.168.69.84, host: pr-hdds-2508-jgffk-3148646922, networkLocation: /default-rack, certSerialId: null}, Type:RATIS, Factor:ONE, State:ALLOCATED]
2019-11-16 13:05:34,638 [grpc-default-executor-2] INFO  impl.RaftServerProxy (RaftServerProxy.java:addNew(89)) - ce7b161b-b478-44a6-ba80-df77e3c8324c: addNew group-DC8FA2F4F6DF:[ce7b161b-b478-44a6-ba80-df77e3c8324c:192.168.69.84:42106] returns group-DC8FA2F4F6DF:java.util.concurrent.CompletableFuture@6dffda31[Not completed]
2019-11-16 13:05:34,640 [pool-27-thread-1] INFO  impl.RaftServerImpl (RaftServerImpl.java:<init>(98)) - ce7b161b-b478-44a6-ba80-df77e3c8324c: new RaftServerImpl for group-DC8FA2F4F6DF:[ce7b161b-b478-44a6-ba80-df77e3c8324c:192.168.69.84:42106] with ContainerStateMachine:uninitialized
2019-11-16 13:05:34,640 [pool-27-thread-1] INFO  server.RaftServerConfigKeys (ConfUtils.java:logGet(43)) - raft.server.rpc.timeout.min = 5s (custom)
2019-11-16 13:05:34,640 [pool-27-thread-1] INFO  server.RaftServerConfigKeys (ConfUtils.java:logGet(43)) - raft.server.rpc.timeout.max = 5200ms (custom)
2019-11-16 13:05:34,641 [pool-27-thread-1] INFO  server.RaftServerConfigKeys (ConfUtils.java:logGet(43)) - raft.server.rpcslowness.timeout = 120s (custom)
2019-11-16 13:05:34,641 [pool-27-thread-1] INFO  server.RaftServerConfigKeys (ConfUtils.java:logGet(43)) - raft.server.sleep.deviation.threshold = 300 (default)
2019-11-16 13:05:34,641 [pool-27-thread-1] INFO  server.RaftServerConfigKeys (ConfUtils.java:logGet(43)) - raft.server.log.appender.install.snapshot.enabled = false (custom)
2019-11-16 13:05:34,641 [pool-27-thread-1] INFO  impl.RaftServerImpl (ServerState.java:<init>(103)) - ce7b161b-b478-44a6-ba80-df77e3c8324c@group-DC8FA2F4F6DF: ConfigurationManager, init=-1: [ce7b161b-b478-44a6-ba80-df77e3c8324c:192.168.69.84:42106], old=null, confs=<EMPTY_MAP>
2019-11-16 13:05:34,641 [pool-27-thread-1] INFO  server.RaftServerConfigKeys (ConfUtils.java:logGet(43)) - raft.server.storage.dir = [/workdir/hadoop-ozone/tools/target/test-dir/MiniOzoneClusterImpl-eb0973ae-92a9-46ee-85ce-ef1f9c3ff6e2/datanode-0/data/ratis] (custom)
2019-11-16 13:05:34,642 [pool-27-thread-1] INFO  server.RaftServerConfigKeys (ConfUtils.java:logGet(43)) - raft.server.log.corruption.policy = EXCEPTION (default)
2019-11-16 13:05:34,642 [pool-27-thread-1] INFO  storage.RaftStorageDirectory (RaftStorageDirectory.java:analyzeStorage(246)) - The storage directory /workdir/hadoop-ozone/tools/target/test-dir/MiniOzoneClusterImpl-eb0973ae-92a9-46ee-85ce-ef1f9c3ff6e2/datanode-0/data/ratis/016a1c23-0b35-49ef-ae2e-dc8fa2f4f6df does not exist. Creating ...
2019-11-16 13:05:34,656 [pool-27-thread-1] INFO  storage.RaftStorageDirectory (RaftStorageDirectory.java:tryLock(328)) - Lock on /workdir/hadoop-ozone/tools/target/test-dir/MiniOzoneClusterImpl-eb0973ae-92a9-46ee-85ce-ef1f9c3ff6e2/datanode-0/data/ratis/016a1c23-0b35-49ef-ae2e-dc8fa2f4f6df/in_use.lock acquired by nodename 20834@pr-hdds-2508-jgffk-3148646922
2019-11-16 13:05:34,681 [pool-27-thread-1] INFO  storage.RaftStorage (RaftStorage.java:format(84)) - Storage directory /workdir/hadoop-ozone/tools/target/test-dir/MiniOzoneClusterImpl-eb0973ae-92a9-46ee-85ce-ef1f9c3ff6e2/datanode-0/data/ratis/016a1c23-0b35-49ef-ae2e-dc8fa2f4f6df has been successfully formatted.
2019-11-16 13:05:34,682 [pool-27-thread-1] INFO  ratis.ContainerStateMachine (ContainerStateMachine.java:loadSnapshot(223)) - group-DC8FA2F4F6DF: The snapshot info is null. Setting the last applied indexto:(t:0, i:~)
2019-11-16 13:05:34,682 [pool-27-thread-1] INFO  server.RaftServerConfigKeys (ConfUtils.java:logGet(43)) - raft.server.notification.no-leader.timeout = 120s (custom)
2019-11-16 13:05:34,682 [pool-27-thread-1] INFO  server.RaftServerConfigKeys (ConfUtils.java:logGet(43)) - raft.server.log.use.memory = false (default)
2019-11-16 13:05:34,682 [pool-27-thread-1] INFO  server.RaftServerConfigKeys (ConfUtils.java:logGet(43)) - raft.server.log.purge.gap = 1000000 (custom)
2019-11-16 13:05:34,682 [pool-27-thread-1] INFO  server.RaftServerConfigKeys (ConfUtils.java:logGet(43)) - raft.server.log.appender.buffer.byte-limit = 33554432 (custom)
2019-11-16 13:05:34,683 [pool-27-thread-1] INFO  server.RaftServerConfigKeys (ConfUtils.java:logGet(43)) - raft.server.log.segment.size.max = 1048576 (custom)
2019-11-16 13:05:34,683 [pool-27-thread-1] INFO  server.RaftServerConfigKeys (ConfUtils.java:logGet(43)) - raft.server.log.segment.cache.num.max = 2 (custom)
2019-11-16 13:05:34,683 [pool-27-thread-1] INFO  segmented.SegmentedRaftLogWorker (SegmentedRaftLogWorker.java:<init>(173)) - new ce7b161b-b478-44a6-ba80-df77e3c8324c@group-DC8FA2F4F6DF-SegmentedRaftLogWorker for RaftStorage:Storage Directory /workdir/hadoop-ozone/tools/target/test-dir/MiniOzoneClusterImpl-eb0973ae-92a9-46ee-85ce-ef1f9c3ff6e2/datanode-0/data/ratis/016a1c23-0b35-49ef-ae2e-dc8fa2f4f6df
2019-11-16 13:05:34,683 [pool-27-thread-1] INFO  server.RaftServerConfigKeys (ConfUtils.java:logGet(43)) - raft.server.log.queue.byte-limit = 2147483647 (custom)
2019-11-16 13:05:34,683 [pool-27-thread-1] INFO  server.RaftServerConfigKeys (ConfUtils.java:logGet(43)) - raft.server.log.queue.element-limit = 1024 (custom)
2019-11-16 13:05:34,684 [pool-27-thread-1] INFO  server.RaftServerConfigKeys (ConfUtils.java:logGet(43)) - raft.server.log.segment.size.max = 1048576 (custom)
2019-11-16 13:05:34,684 [pool-27-thread-1] INFO  server.RaftServerConfigKeys (ConfUtils.java:logGet(43)) - raft.server.log.preallocated.size = 16384 (custom)
2019-11-16 13:05:34,684 [pool-27-thread-1] INFO  server.RaftServerConfigKeys (ConfUtils.java:logGet(43)) - raft.server.log.write.buffer.size = 33554432 (custom)
2019-11-16 13:05:34,684 [pool-27-thread-1] INFO  server.RaftServerConfigKeys (ConfUtils.java:logGet(43)) - raft.server.log.force.sync.num = 128 (default)
2019-11-16 13:05:34,684 [pool-27-thread-1] INFO  server.RaftServerConfigKeys (ConfUtils.java:logGet(43)) - raft.server.log.statemachine.data.sync = true (default)
2019-11-16 13:05:34,685 [pool-27-thread-1] INFO  server.RaftServerConfigKeys (ConfUtils.java:logGet(43)) - raft.server.log.statemachine.data.sync.timeout = 10s (default)
2019-11-16 13:05:34,685 [pool-27-thread-1] INFO  server.RaftServerConfigKeys (ConfUtils.java:logGet(43)) - raft.server.log.statemachine.data.sync.timeout.retry = -1 (default)
2019-11-16 13:05:34,685 [pool-27-thread-1] INFO  server.RaftServerConfigKeys (ConfUtils.java:logGet(43)) - raft.server.log.statemachine.data.caching.enabled = true (custom)
2019-11-16 13:05:34,686 [pool-27-thread-1] INFO  segmented.SegmentedRaftLogWorker (SegmentedRaftLogWorker.java:lambda$new$0(128)) - ce7b161b-b478-44a6-ba80-df77e3c8324c@group-DC8FA2F4F6DF-SegmentedRaftLogWorker: flushIndex: setUnconditionally 0 -> -1
2019-11-16 13:05:34,686 [pool-27-thread-1] INFO  server.RaftServerConfigKeys (ConfUtils.java:logGet(43)) - raft.server.snapshot.auto.trigger.enabled = true (custom)
2019-11-16 13:05:34,686 [pool-27-thread-1] INFO  server.RaftServerConfigKeys (ConfUtils.java:logGet(43)) - raft.server.snapshot.auto.trigger.threshold = 10000 (custom)
2019-11-16 13:05:34,686 [pool-27-thread-1] INFO  server.RaftServerConfigKeys (ConfUtils.java:logGet(43)) - raft.server.snapshot.retention.file.num = 5 (custom)
2019-11-16 13:05:34,687 [pool-27-thread-1] INFO  server.RaftServerConfigKeys (ConfUtils.java:logGet(43)) - raft.server.retrycache.expirytime = 600000ms (custom)
2019-11-16 13:05:34,687 [pool-27-thread-1] WARN  impl.MetricRegistriesImpl (MetricRegistriesImpl.java:lambda$create$1(61)) - First MetricRegistry has been created without registering reporters. You may need to call MetricRegistries.global().addReportRegistration(...) before.
2019-11-16 13:05:34,687 [pool-27-thread-1] WARN  impl.MetricRegistriesImpl (MetricRegistriesImpl.java:lambda$create$1(61)) - First MetricRegistry has been created without registering reporters. You may need to call MetricRegistries.global().addReportRegistration(...) before.
2019-11-16 13:05:34,687 [pool-27-thread-1] INFO  impl.RaftServerImpl (RaftServerImpl.java:start(184)) - ce7b161b-b478-44a6-ba80-df77e3c8324c@group-DC8FA2F4F6DF: start as a follower, conf=-1: [ce7b161b-b478-44a6-ba80-df77e3c8324c:192.168.69.84:42106], old=null
2019-11-16 13:05:34,688 [pool-27-thread-1] INFO  impl.RaftServerImpl (RaftServerImpl.java:setRole(173)) - ce7b161b-b478-44a6-ba80-df77e3c8324c@group-DC8FA2F4F6DF: changes role from      null to FOLLOWER at term 0 for startAsFollower
2019-11-16 13:05:34,688 [pool-27-thread-1] INFO  impl.RoleInfo (RoleInfo.java:updateAndGet(143)) - ce7b161b-b478-44a6-ba80-df77e3c8324c: start FollowerState
2019-11-16 13:05:34,688 [pool-27-thread-1] INFO  util.JmxRegister (JmxRegister.java:tryRegister(44)) - Successfully registered JMX Bean with object name Ratis:service=RaftServer,group=group-DC8FA2F4F6DF,id=ce7b161b-b478-44a6-ba80-df77e3c8324c
2019-11-16 13:05:34,689 [pool-27-thread-1] WARN  impl.MetricRegistriesImpl (MetricRegistriesImpl.java:lambda$create$1(61)) - First MetricRegistry has been created without registering reporters. You may need to call MetricRegistries.global().addReportRegistration(...) before.
2019-11-16 13:05:34,697 [RatisPipelineUtilsThread] INFO  pipeline.PipelineStateManager (PipelineStateManager.java:addPipeline(55)) - Created pipeline Pipeline[ Id: 016a1c23-0b35-49ef-ae2e-dc8fa2f4f6df, Nodes: ce7b161b-b478-44a6-ba80-df77e3c8324c{ip: 192.168.69.84, host: pr-hdds-2508-jgffk-3148646922, networkLocation: /default-rack, certSerialId: null}, Type:RATIS, Factor:ONE, State:ALLOCATED]
2019-11-16 13:05:34,699 [Thread-178] INFO  pipeline.PipelineStateManager (PipelineStateManager.java:finalizePipeline(121)) - Pipeline Pipeline[ Id: 0417dc3a-4860-45e0-bf99-93e978f1cc37, Nodes: 44937579-fd9e-42f3-96b7-3931c17c73cd{ip: 192.168.69.84, host: pr-hdds-2508-jgffk-3148646922, networkLocation: /default-rack, certSerialId: null}, Type:RATIS, Factor:ONE, State:CLOSED] moved to CLOSED state
2019-11-16 13:05:34,711 [grpc-default-executor-2] INFO  impl.RaftServerProxy (RaftServerProxy.java:remove(95)) - 44937579-fd9e-42f3-96b7-3931c17c73cd: remove  FOLLOWER 44937579-fd9e-42f3-96b7-3931c17c73cd@group-93E978F1CC37:t0, leader=null, voted=null, raftlog=44937579-fd9e-42f3-96b7-3931c17c73cd@group-93E978F1CC37-SegmentedRaftLog:OPENED:c-1,f-1,i0, conf=-1: [44937579-fd9e-42f3-96b7-3931c17c73cd:192.168.69.84:43118], old=null RUNNING
2019-11-16 13:05:34,711 [grpc-default-executor-2] INFO  impl.RaftServerImpl (RaftServerImpl.java:lambda$shutdown$3(250)) - 44937579-fd9e-42f3-96b7-3931c17c73cd@group-93E978F1CC37: shutdown
2019-11-16 13:05:34,711 [grpc-default-executor-2] INFO  util.JmxRegister (JmxRegister.java:unregister(73)) - Successfully un-registered JMX Bean with object name Ratis:service=RaftServer,group=group-93E978F1CC37,id=44937579-fd9e-42f3-96b7-3931c17c73cd
2019-11-16 13:05:34,711 [grpc-default-executor-2] INFO  impl.RoleInfo (RoleInfo.java:shutdownFollowerState(121)) - 44937579-fd9e-42f3-96b7-3931c17c73cd: shutdown FollowerState
2019-11-16 13:05:34,712 [grpc-default-executor-2] INFO  impl.StateMachineUpdater (StateMachineUpdater.java:stopAndJoin(136)) - 44937579-fd9e-42f3-96b7-3931c17c73cd@group-93E978F1CC37-StateMachineUpdater: set stopIndex = -1
2019-11-16 13:05:34,712 [Thread-183] INFO  impl.FollowerState (FollowerState.java:run(120)) - 44937579-fd9e-42f3-96b7-3931c17c73cd@group-93E978F1CC37-FollowerState was interrupted: java.lang.InterruptedException: sleep interrupted
2019-11-16 13:05:34,713 [grpc-default-executor-2] INFO  impl.RaftServerImpl (ServerState.java:close(387)) - 44937579-fd9e-42f3-96b7-3931c17c73cd@group-93E978F1CC37: closes. applyIndex: -1
2019-11-16 13:05:34,714 [44937579-fd9e-42f3-96b7-3931c17c73cd@group-93E978F1CC37-SegmentedRaftLogWorker] INFO  segmented.SegmentedRaftLogWorker (SegmentedRaftLogWorker.java:run(316)) - 44937579-fd9e-42f3-96b7-3931c17c73cd@group-93E978F1CC37-SegmentedRaftLogWorker was interrupted, exiting. There are 0 tasks remaining in the queue.
2019-11-16 13:05:34,714 [grpc-default-executor-2] INFO  segmented.SegmentedRaftLogWorker (SegmentedRaftLogWorker.java:close(224)) - 44937579-fd9e-42f3-96b7-3931c17c73cd@group-93E978F1CC37-SegmentedRaftLogWorker close()
2019-11-16 13:05:34,724 [Thread-178] INFO  pipeline.PipelineStateManager (PipelineStateManager.java:removePipeline(106)) - Pipeline Pipeline[ Id: 0417dc3a-4860-45e0-bf99-93e978f1cc37, Nodes: 44937579-fd9e-42f3-96b7-3931c17c73cd{ip: 192.168.69.84, host: pr-hdds-2508-jgffk-3148646922, networkLocation: /default-rack, certSerialId: null}, Type:RATIS, Factor:ONE, State:CLOSED] removed from db
2019-11-16 13:05:34,725 [Thread-178] INFO  pipeline.SCMPipelineManager (SCMPipelineManager.java:finalizeAndDestroyPipeline(315)) - destroying pipeline:Pipeline[ Id: e5d03b38-0cff-493c-8683-6adab2f0ec1c, Nodes: 44937579-fd9e-42f3-96b7-3931c17c73cd{ip: 192.168.69.84, host: pr-hdds-2508-jgffk-3148646922, networkLocation: /default-rack, certSerialId: null}c3c7e958-9883-4fbe-b063-de98235d6943{ip: 192.168.69.84, host: pr-hdds-2508-jgffk-3148646922, networkLocation: /default-rack, certSerialId: null}ce7b161b-b478-44a6-ba80-df77e3c8324c{ip: 192.168.69.84, host: pr-hdds-2508-jgffk-3148646922, networkLocation: /default-rack, certSerialId: null}, Type:RATIS, Factor:THREE, State:ALLOCATED]
2019-11-16 13:05:34,737 [grpc-default-executor-2] INFO  impl.RaftServerProxy (RaftServerProxy.java:addNew(89)) - 44937579-fd9e-42f3-96b7-3931c17c73cd: addNew group-ED13B1E2DE12:[44937579-fd9e-42f3-96b7-3931c17c73cd:192.168.69.84:43118] returns group-ED13B1E2DE12:java.util.concurrent.CompletableFuture@7011c964[Not completed]
2019-11-16 13:05:34,739 [pool-47-thread-1] INFO  impl.RaftServerImpl (RaftServerImpl.java:<init>(98)) - 44937579-fd9e-42f3-96b7-3931c17c73cd: new RaftServerImpl for group-ED13B1E2DE12:[44937579-fd9e-42f3-96b7-3931c17c73cd:192.168.69.84:43118] with ContainerStateMachine:uninitialized
2019-11-16 13:05:34,740 [pool-47-thread-1] INFO  server.RaftServerConfigKeys (ConfUtils.java:logGet(43)) - raft.server.rpc.timeout.min = 5s (custom)
2019-11-16 13:05:34,740 [pool-47-thread-1] INFO  server.RaftServerConfigKeys (ConfUtils.java:logGet(43)) - raft.server.rpc.timeout.max = 5200ms (custom)
2019-11-16 13:05:34,741 [pool-47-thread-1] INFO  server.RaftServerConfigKeys (ConfUtils.java:logGet(43)) - raft.server.rpcslowness.timeout = 120s (custom)
2019-11-16 13:05:34,741 [pool-47-thread-1] INFO  server.RaftServerConfigKeys (ConfUtils.java:logGet(43)) - raft.server.sleep.deviation.threshold = 300 (default)
2019-11-16 13:05:34,741 [pool-47-thread-1] INFO  server.RaftServerConfigKeys (ConfUtils.java:logGet(43)) - raft.server.log.appender.install.snapshot.enabled = false (custom)
2019-11-16 13:05:34,741 [pool-47-thread-1] INFO  impl.RaftServerImpl (ServerState.java:<init>(103)) - 44937579-fd9e-42f3-96b7-3931c17c73cd@group-ED13B1E2DE12: ConfigurationManager, init=-1: [44937579-fd9e-42f3-96b7-3931c17c73cd:192.168.69.84:43118], old=null, confs=<EMPTY_MAP>
2019-11-16 13:05:34,741 [pool-47-thread-1] INFO  server.RaftServerConfigKeys (ConfUtils.java:logGet(43)) - raft.server.storage.dir = [/workdir/hadoop-ozone/tools/target/test-dir/MiniOzoneClusterImpl-eb0973ae-92a9-46ee-85ce-ef1f9c3ff6e2/datanode-2/data/ratis] (custom)
2019-11-16 13:05:34,742 [pool-47-thread-1] INFO  server.RaftServerConfigKeys (ConfUtils.java:logGet(43)) - raft.server.log.corruption.policy = EXCEPTION (default)
2019-11-16 13:05:34,742 [pool-47-thread-1] INFO  storage.RaftStorageDirectory (RaftStorageDirectory.java:analyzeStorage(246)) - The storage directory /workdir/hadoop-ozone/tools/target/test-dir/MiniOzoneClusterImpl-eb0973ae-92a9-46ee-85ce-ef1f9c3ff6e2/datanode-2/data/ratis/6b64f8b1-ea14-42c7-8bc4-ed13b1e2de12 does not exist. Creating ...
2019-11-16 13:05:34,767 [pool-47-thread-1] INFO  storage.RaftStorageDirectory (RaftStorageDirectory.java:tryLock(328)) - Lock on /workdir/hadoop-ozone/tools/target/test-dir/MiniOzoneClusterImpl-eb0973ae-92a9-46ee-85ce-ef1f9c3ff6e2/datanode-2/data/ratis/6b64f8b1-ea14-42c7-8bc4-ed13b1e2de12/in_use.lock acquired by nodename 20834@pr-hdds-2508-jgffk-3148646922
2019-11-16 13:05:34,781 [pool-47-thread-1] INFO  storage.RaftStorage (RaftStorage.java:format(84)) - Storage directory /workdir/hadoop-ozone/tools/target/test-dir/MiniOzoneClusterImpl-eb0973ae-92a9-46ee-85ce-ef1f9c3ff6e2/datanode-2/data/ratis/6b64f8b1-ea14-42c7-8bc4-ed13b1e2de12 has been successfully formatted.
2019-11-16 13:05:34,781 [pool-47-thread-1] INFO  ratis.ContainerStateMachine (ContainerStateMachine.java:loadSnapshot(223)) - group-ED13B1E2DE12: The snapshot info is null. Setting the last applied indexto:(t:0, i:~)
2019-11-16 13:05:34,781 [pool-47-thread-1] INFO  server.RaftServerConfigKeys (ConfUtils.java:logGet(43)) - raft.server.notification.no-leader.timeout = 120s (custom)
2019-11-16 13:05:34,781 [pool-47-thread-1] INFO  server.RaftServerConfigKeys (ConfUtils.java:logGet(43)) - raft.server.log.use.memory = false (default)
2019-11-16 13:05:34,782 [pool-47-thread-1] INFO  server.RaftServerConfigKeys (ConfUtils.java:logGet(43)) - raft.server.log.purge.gap = 1000000 (custom)
2019-11-16 13:05:34,782 [pool-47-thread-1] INFO  server.RaftServerConfigKeys (ConfUtils.java:logGet(43)) - raft.server.log.appender.buffer.byte-limit = 33554432 (custom)
2019-11-16 13:05:34,782 [pool-47-thread-1] INFO  server.RaftServerConfigKeys (ConfUtils.java:logGet(43)) - raft.server.log.segment.size.max = 1048576 (custom)
2019-11-16 13:05:34,782 [pool-47-thread-1] INFO  server.RaftServerConfigKeys (ConfUtils.java:logGet(43)) - raft.server.log.segment.cache.num.max = 2 (custom)
2019-11-16 13:05:34,783 [pool-47-thread-1] INFO  segmented.SegmentedRaftLogWorker (SegmentedRaftLogWorker.java:<init>(173)) - new 44937579-fd9e-42f3-96b7-3931c17c73cd@group-ED13B1E2DE12-SegmentedRaftLogWorker for RaftStorage:Storage Directory /workdir/hadoop-ozone/tools/target/test-dir/MiniOzoneClusterImpl-eb0973ae-92a9-46ee-85ce-ef1f9c3ff6e2/datanode-2/data/ratis/6b64f8b1-ea14-42c7-8bc4-ed13b1e2de12
2019-11-16 13:05:34,783 [pool-47-thread-1] INFO  server.RaftServerConfigKeys (ConfUtils.java:logGet(43)) - raft.server.log.queue.byte-limit = 2147483647 (custom)
2019-11-16 13:05:34,783 [pool-47-thread-1] INFO  server.RaftServerConfigKeys (ConfUtils.java:logGet(43)) - raft.server.log.queue.element-limit = 1024 (custom)
2019-11-16 13:05:34,783 [pool-47-thread-1] INFO  server.RaftServerConfigKeys (ConfUtils.java:logGet(43)) - raft.server.log.segment.size.max = 1048576 (custom)
2019-11-16 13:05:34,783 [pool-47-thread-1] INFO  server.RaftServerConfigKeys (ConfUtils.java:logGet(43)) - raft.server.log.preallocated.size = 16384 (custom)
2019-11-16 13:05:34,783 [pool-47-thread-1] INFO  server.RaftServerConfigKeys (ConfUtils.java:logGet(43)) - raft.server.log.write.buffer.size = 33554432 (custom)
2019-11-16 13:05:34,784 [pool-47-thread-1] INFO  server.RaftServerConfigKeys (ConfUtils.java:logGet(43)) - raft.server.log.force.sync.num = 128 (default)
2019-11-16 13:05:34,784 [pool-47-thread-1] INFO  server.RaftServerConfigKeys (ConfUtils.java:logGet(43)) - raft.server.log.statemachine.data.sync = true (default)
2019-11-16 13:05:34,784 [pool-47-thread-1] INFO  server.RaftServerConfigKeys (ConfUtils.java:logGet(43)) - raft.server.log.statemachine.data.sync.timeout = 10s (default)
2019-11-16 13:05:34,784 [pool-47-thread-1] INFO  server.RaftServerConfigKeys (ConfUtils.java:logGet(43)) - raft.server.log.statemachine.data.sync.timeout.retry = -1 (default)
2019-11-16 13:05:34,785 [pool-47-thread-1] INFO  server.RaftServerConfigKeys (ConfUtils.java:logGet(43)) - raft.server.log.statemachine.data.caching.enabled = true (custom)
2019-11-16 13:05:34,785 [pool-47-thread-1] INFO  segmented.SegmentedRaftLogWorker (SegmentedRaftLogWorker.java:lambda$new$0(128)) - 44937579-fd9e-42f3-96b7-3931c17c73cd@group-ED13B1E2DE12-SegmentedRaftLogWorker: flushIndex: setUnconditionally 0 -> -1
2019-11-16 13:05:34,785 [pool-47-thread-1] INFO  server.RaftServerConfigKeys (ConfUtils.java:logGet(43)) - raft.server.snapshot.auto.trigger.enabled = true (custom)
2019-11-16 13:05:34,786 [pool-47-thread-1] INFO  server.RaftServerConfigKeys (ConfUtils.java:logGet(43)) - raft.server.snapshot.auto.trigger.threshold = 10000 (custom)
2019-11-16 13:05:34,786 [pool-47-thread-1] INFO  server.RaftServerConfigKeys (ConfUtils.java:logGet(43)) - raft.server.snapshot.retention.file.num = 5 (custom)
2019-11-16 13:05:34,786 [pool-47-thread-1] INFO  server.RaftServerConfigKeys (ConfUtils.java:logGet(43)) - raft.server.retrycache.expirytime = 600000ms (custom)
2019-11-16 13:05:34,786 [pool-47-thread-1] WARN  impl.MetricRegistriesImpl (MetricRegistriesImpl.java:lambda$create$1(61)) - First MetricRegistry has been created without registering reporters. You may need to call MetricRegistries.global().addReportRegistration(...) before.
2019-11-16 13:05:34,787 [pool-47-thread-1] WARN  impl.MetricRegistriesImpl (MetricRegistriesImpl.java:lambda$create$1(61)) - First MetricRegistry has been created without registering reporters. You may need to call MetricRegistries.global().addReportRegistration(...) before.
2019-11-16 13:05:34,787 [pool-47-thread-1] INFO  impl.RaftServerImpl (RaftServerImpl.java:start(184)) - 44937579-fd9e-42f3-96b7-3931c17c73cd@group-ED13B1E2DE12: start as a follower, conf=-1: [44937579-fd9e-42f3-96b7-3931c17c73cd:192.168.69.84:43118], old=null
2019-11-16 13:05:34,787 [pool-47-thread-1] INFO  impl.RaftServerImpl (RaftServerImpl.java:setRole(173)) - 44937579-fd9e-42f3-96b7-3931c17c73cd@group-ED13B1E2DE12: changes role from      null to FOLLOWER at term 0 for startAsFollower
2019-11-16 13:05:34,787 [pool-47-thread-1] INFO  impl.RoleInfo (RoleInfo.java:updateAndGet(143)) - 44937579-fd9e-42f3-96b7-3931c17c73cd: start FollowerState
2019-11-16 13:05:34,788 [pool-47-thread-1] INFO  util.JmxRegister (JmxRegister.java:tryRegister(44)) - Successfully registered JMX Bean with object name Ratis:service=RaftServer,group=group-ED13B1E2DE12,id=44937579-fd9e-42f3-96b7-3931c17c73cd
2019-11-16 13:05:34,788 [pool-47-thread-1] WARN  impl.MetricRegistriesImpl (MetricRegistriesImpl.java:lambda$create$1(61)) - First MetricRegistry has been created without registering reporters. You may need to call MetricRegistries.global().addReportRegistration(...) before.
2019-11-16 13:05:34,799 [RatisPipelineUtilsThread] INFO  pipeline.PipelineStateManager (PipelineStateManager.java:addPipeline(55)) - Created pipeline Pipeline[ Id: 6b64f8b1-ea14-42c7-8bc4-ed13b1e2de12, Nodes: 44937579-fd9e-42f3-96b7-3931c17c73cd{ip: 192.168.69.84, host: pr-hdds-2508-jgffk-3148646922, networkLocation: /default-rack, certSerialId: null}, Type:RATIS, Factor:ONE, State:ALLOCATED]
2019-11-16 13:05:34,801 [Thread-178] INFO  pipeline.PipelineStateManager (PipelineStateManager.java:finalizePipeline(121)) - Pipeline Pipeline[ Id: e5d03b38-0cff-493c-8683-6adab2f0ec1c, Nodes: 44937579-fd9e-42f3-96b7-3931c17c73cd{ip: 192.168.69.84, host: pr-hdds-2508-jgffk-3148646922, networkLocation: /default-rack, certSerialId: null}c3c7e958-9883-4fbe-b063-de98235d6943{ip: 192.168.69.84, host: pr-hdds-2508-jgffk-3148646922, networkLocation: /default-rack, certSerialId: null}ce7b161b-b478-44a6-ba80-df77e3c8324c{ip: 192.168.69.84, host: pr-hdds-2508-jgffk-3148646922, networkLocation: /default-rack, certSerialId: null}, Type:RATIS, Factor:THREE, State:CLOSED] moved to CLOSED state
2019-11-16 13:05:34,815 [grpc-default-executor-2] INFO  impl.RaftServerProxy (RaftServerProxy.java:remove(95)) - 44937579-fd9e-42f3-96b7-3931c17c73cd: remove  FOLLOWER 44937579-fd9e-42f3-96b7-3931c17c73cd@group-6ADAB2F0EC1C:t0, leader=null, voted=null, raftlog=44937579-fd9e-42f3-96b7-3931c17c73cd@group-6ADAB2F0EC1C-SegmentedRaftLog:OPENED:c-1,f-1,i0, conf=-1: [ce7b161b-b478-44a6-ba80-df77e3c8324c:192.168.69.84:42106, c3c7e958-9883-4fbe-b063-de98235d6943:192.168.69.84:45072, 44937579-fd9e-42f3-96b7-3931c17c73cd:192.168.69.84:43118], old=null RUNNING
2019-11-16 13:05:34,815 [grpc-default-executor-2] INFO  impl.RaftServerImpl (RaftServerImpl.java:lambda$shutdown$3(250)) - 44937579-fd9e-42f3-96b7-3931c17c73cd@group-6ADAB2F0EC1C: shutdown
2019-11-16 13:05:34,816 [grpc-default-executor-2] INFO  util.JmxRegister (JmxRegister.java:unregister(73)) - Successfully un-registered JMX Bean with object name Ratis:service=RaftServer,group=group-6ADAB2F0EC1C,id=44937579-fd9e-42f3-96b7-3931c17c73cd
2019-11-16 13:05:34,816 [grpc-default-executor-2] INFO  impl.RoleInfo (RoleInfo.java:shutdownFollowerState(121)) - 44937579-fd9e-42f3-96b7-3931c17c73cd: shutdown FollowerState
2019-11-16 13:05:34,816 [grpc-default-executor-2] INFO  impl.StateMachineUpdater (StateMachineUpdater.java:stopAndJoin(136)) - 44937579-fd9e-42f3-96b7-3931c17c73cd@group-6ADAB2F0EC1C-StateMachineUpdater: set stopIndex = -1
2019-11-16 13:05:34,816 [Thread-193] INFO  impl.FollowerState (FollowerState.java:run(120)) - 44937579-fd9e-42f3-96b7-3931c17c73cd@group-6ADAB2F0EC1C-FollowerState was interrupted: java.lang.InterruptedException: sleep interrupted
2019-11-16 13:05:34,817 [grpc-default-executor-2] INFO  impl.RaftServerImpl (ServerState.java:close(387)) - 44937579-fd9e-42f3-96b7-3931c17c73cd@group-6ADAB2F0EC1C: closes. applyIndex: -1
2019-11-16 13:05:34,818 [44937579-fd9e-42f3-96b7-3931c17c73cd@group-6ADAB2F0EC1C-SegmentedRaftLogWorker] INFO  segmented.SegmentedRaftLogWorker (SegmentedRaftLogWorker.java:run(316)) - 44937579-fd9e-42f3-96b7-3931c17c73cd@group-6ADAB2F0EC1C-SegmentedRaftLogWorker was interrupted, exiting. There are 0 tasks remaining in the queue.
2019-11-16 13:05:34,818 [grpc-default-executor-2] INFO  segmented.SegmentedRaftLogWorker (SegmentedRaftLogWorker.java:close(224)) - 44937579-fd9e-42f3-96b7-3931c17c73cd@group-6ADAB2F0EC1C-SegmentedRaftLogWorker close()
2019-11-16 13:05:34,855 [grpc-default-executor-2] INFO  impl.RaftServerProxy (RaftServerProxy.java:remove(95)) - c3c7e958-9883-4fbe-b063-de98235d6943: remove  FOLLOWER c3c7e958-9883-4fbe-b063-de98235d6943@group-6ADAB2F0EC1C:t0, leader=null, voted=null, raftlog=c3c7e958-9883-4fbe-b063-de98235d6943@group-6ADAB2F0EC1C-SegmentedRaftLog:OPENED:c-1,f-1,i0, conf=-1: [ce7b161b-b478-44a6-ba80-df77e3c8324c:192.168.69.84:42106, c3c7e958-9883-4fbe-b063-de98235d6943:192.168.69.84:45072, 44937579-fd9e-42f3-96b7-3931c17c73cd:192.168.69.84:43118], old=null RUNNING
2019-11-16 13:05:34,860 [grpc-default-executor-2] INFO  impl.RaftServerImpl (RaftServerImpl.java:lambda$shutdown$3(250)) - c3c7e958-9883-4fbe-b063-de98235d6943@group-6ADAB2F0EC1C: shutdown
2019-11-16 13:05:34,868 [grpc-default-executor-2] INFO  util.JmxRegister (JmxRegister.java:unregister(73)) - Successfully un-registered JMX Bean with object name Ratis:service=RaftServer,group=group-6ADAB2F0EC1C,id=c3c7e958-9883-4fbe-b063-de98235d6943
2019-11-16 13:05:34,868 [grpc-default-executor-2] INFO  impl.RoleInfo (RoleInfo.java:shutdownFollowerState(121)) - c3c7e958-9883-4fbe-b063-de98235d6943: shutdown FollowerState
2019-11-16 13:05:34,872 [grpc-default-executor-2] INFO  impl.StateMachineUpdater (StateMachineUpdater.java:stopAndJoin(136)) - c3c7e958-9883-4fbe-b063-de98235d6943@group-6ADAB2F0EC1C-StateMachineUpdater: set stopIndex = -1
2019-11-16 13:05:34,872 [Thread-194] INFO  impl.FollowerState (FollowerState.java:run(120)) - c3c7e958-9883-4fbe-b063-de98235d6943@group-6ADAB2F0EC1C-FollowerState was interrupted: java.lang.InterruptedException: sleep interrupted
2019-11-16 13:05:34,872 [grpc-default-executor-2] INFO  impl.RaftServerImpl (ServerState.java:close(387)) - c3c7e958-9883-4fbe-b063-de98235d6943@group-6ADAB2F0EC1C: closes. applyIndex: -1
2019-11-16 13:05:34,874 [c3c7e958-9883-4fbe-b063-de98235d6943@group-6ADAB2F0EC1C-SegmentedRaftLogWorker] INFO  segmented.SegmentedRaftLogWorker (SegmentedRaftLogWorker.java:run(316)) - c3c7e958-9883-4fbe-b063-de98235d6943@group-6ADAB2F0EC1C-SegmentedRaftLogWorker was interrupted, exiting. There are 0 tasks remaining in the queue.
2019-11-16 13:05:34,874 [grpc-default-executor-2] INFO  segmented.SegmentedRaftLogWorker (SegmentedRaftLogWorker.java:close(224)) - c3c7e958-9883-4fbe-b063-de98235d6943@group-6ADAB2F0EC1C-SegmentedRaftLogWorker close()
2019-11-16 13:05:34,903 [grpc-default-executor-2] INFO  impl.RaftServerProxy (RaftServerProxy.java:remove(95)) - ce7b161b-b478-44a6-ba80-df77e3c8324c: remove  FOLLOWER ce7b161b-b478-44a6-ba80-df77e3c8324c@group-6ADAB2F0EC1C:t0, leader=null, voted=null, raftlog=ce7b161b-b478-44a6-ba80-df77e3c8324c@group-6ADAB2F0EC1C-SegmentedRaftLog:OPENED:c-1,f-1,i0, conf=-1: [ce7b161b-b478-44a6-ba80-df77e3c8324c:192.168.69.84:42106, c3c7e958-9883-4fbe-b063-de98235d6943:192.168.69.84:45072, 44937579-fd9e-42f3-96b7-3931c17c73cd:192.168.69.84:43118], old=null RUNNING
2019-11-16 13:05:34,903 [grpc-default-executor-2] INFO  impl.RaftServerImpl (RaftServerImpl.java:lambda$shutdown$3(250)) - ce7b161b-b478-44a6-ba80-df77e3c8324c@group-6ADAB2F0EC1C: shutdown
2019-11-16 13:05:34,903 [grpc-default-executor-2] INFO  util.JmxRegister (JmxRegister.java:unregister(73)) - Successfully un-registered JMX Bean with object name Ratis:service=RaftServer,group=group-6ADAB2F0EC1C,id=ce7b161b-b478-44a6-ba80-df77e3c8324c
2019-11-16 13:05:34,904 [grpc-default-executor-2] INFO  impl.RoleInfo (RoleInfo.java:shutdownFollowerState(121)) - ce7b161b-b478-44a6-ba80-df77e3c8324c: shutdown FollowerState
2019-11-16 13:05:34,904 [grpc-default-executor-2] INFO  impl.StateMachineUpdater (StateMachineUpdater.java:stopAndJoin(136)) - ce7b161b-b478-44a6-ba80-df77e3c8324c@group-6ADAB2F0EC1C-StateMachineUpdater: set stopIndex = -1
2019-11-16 13:05:34,904 [Thread-189] INFO  impl.FollowerState (FollowerState.java:run(120)) - ce7b161b-b478-44a6-ba80-df77e3c8324c@group-6ADAB2F0EC1C-FollowerState was interrupted: java.lang.InterruptedException: sleep interrupted
2019-11-16 13:05:34,905 [grpc-default-executor-2] INFO  impl.RaftServerImpl (ServerState.java:close(387)) - ce7b161b-b478-44a6-ba80-df77e3c8324c@group-6ADAB2F0EC1C: closes. applyIndex: -1
2019-11-16 13:05:34,906 [ce7b161b-b478-44a6-ba80-df77e3c8324c@group-6ADAB2F0EC1C-SegmentedRaftLogWorker] INFO  segmented.SegmentedRaftLogWorker (SegmentedRaftLogWorker.java:run(316)) - ce7b161b-b478-44a6-ba80-df77e3c8324c@group-6ADAB2F0EC1C-SegmentedRaftLogWorker was interrupted, exiting. There are 0 tasks remaining in the queue.
2019-11-16 13:05:34,906 [grpc-default-executor-2] INFO  segmented.SegmentedRaftLogWorker (SegmentedRaftLogWorker.java:close(224)) - ce7b161b-b478-44a6-ba80-df77e3c8324c@group-6ADAB2F0EC1C-SegmentedRaftLogWorker close()
2019-11-16 13:05:34,915 [Thread-178] INFO  pipeline.PipelineStateManager (PipelineStateManager.java:removePipeline(106)) - Pipeline Pipeline[ Id: e5d03b38-0cff-493c-8683-6adab2f0ec1c, Nodes: 44937579-fd9e-42f3-96b7-3931c17c73cd{ip: 192.168.69.84, host: pr-hdds-2508-jgffk-3148646922, networkLocation: /default-rack, certSerialId: null}c3c7e958-9883-4fbe-b063-de98235d6943{ip: 192.168.69.84, host: pr-hdds-2508-jgffk-3148646922, networkLocation: /default-rack, certSerialId: null}ce7b161b-b478-44a6-ba80-df77e3c8324c{ip: 192.168.69.84, host: pr-hdds-2508-jgffk-3148646922, networkLocation: /default-rack, certSerialId: null}, Type:RATIS, Factor:THREE, State:CLOSED] removed from db
2019-11-16 13:05:34,915 [Thread-178] INFO  pipeline.SCMPipelineManager (SCMPipelineManager.java:finalizeAndDestroyPipeline(315)) - destroying pipeline:Pipeline[ Id: 8cdd905a-92f9-4d08-826d-f903739350a4, Nodes: c3c7e958-9883-4fbe-b063-de98235d6943{ip: 192.168.69.84, host: pr-hdds-2508-jgffk-3148646922, networkLocation: /default-rack, certSerialId: null}, Type:RATIS, Factor:ONE, State:ALLOCATED]
2019-11-16 13:05:34,933 [grpc-default-executor-1] INFO  impl.RaftServerProxy (RaftServerProxy.java:addNew(89)) - c3c7e958-9883-4fbe-b063-de98235d6943: addNew group-455F4A12DCED:[ce7b161b-b478-44a6-ba80-df77e3c8324c:192.168.69.84:42106, c3c7e958-9883-4fbe-b063-de98235d6943:192.168.69.84:45072, 44937579-fd9e-42f3-96b7-3931c17c73cd:192.168.69.84:43118] returns group-455F4A12DCED:java.util.concurrent.CompletableFuture@703d7c76[Not completed]
2019-11-16 13:05:34,934 [grpc-default-executor-0] INFO  impl.RaftServerProxy (RaftServerProxy.java:addNew(89)) - ce7b161b-b478-44a6-ba80-df77e3c8324c: addNew group-455F4A12DCED:[ce7b161b-b478-44a6-ba80-df77e3c8324c:192.168.69.84:42106, c3c7e958-9883-4fbe-b063-de98235d6943:192.168.69.84:45072, 44937579-fd9e-42f3-96b7-3931c17c73cd:192.168.69.84:43118] returns group-455F4A12DCED:java.util.concurrent.CompletableFuture@61115e17[Not completed]
2019-11-16 13:05:34,935 [grpc-default-executor-0] INFO  impl.RaftServerProxy (RaftServerProxy.java:addNew(89)) - 44937579-fd9e-42f3-96b7-3931c17c73cd: addNew group-455F4A12DCED:[ce7b161b-b478-44a6-ba80-df77e3c8324c:192.168.69.84:42106, c3c7e958-9883-4fbe-b063-de98235d6943:192.168.69.84:45072, 44937579-fd9e-42f3-96b7-3931c17c73cd:192.168.69.84:43118] returns group-455F4A12DCED:java.util.concurrent.CompletableFuture@4d71f056[Not completed]
2019-11-16 13:05:34,936 [pool-37-thread-1] INFO  impl.RaftServerImpl (RaftServerImpl.java:<init>(98)) - c3c7e958-9883-4fbe-b063-de98235d6943: new RaftServerImpl for group-455F4A12DCED:[ce7b161b-b478-44a6-ba80-df77e3c8324c:192.168.69.84:42106, c3c7e958-9883-4fbe-b063-de98235d6943:192.168.69.84:45072, 44937579-fd9e-42f3-96b7-3931c17c73cd:192.168.69.84:43118] with ContainerStateMachine:uninitialized
2019-11-16 13:05:34,936 [pool-37-thread-1] INFO  server.RaftServerConfigKeys (ConfUtils.java:logGet(43)) - raft.server.rpc.timeout.min = 5s (custom)
2019-11-16 13:05:34,936 [pool-37-thread-1] INFO  server.RaftServerConfigKeys (ConfUtils.java:logGet(43)) - raft.server.rpc.timeout.max = 5200ms (custom)
2019-11-16 13:05:34,936 [pool-37-thread-1] INFO  server.RaftServerConfigKeys (ConfUtils.java:logGet(43)) - raft.server.rpcslowness.timeout = 120s (custom)
2019-11-16 13:05:34,937 [pool-37-thread-1] INFO  server.RaftServerConfigKeys (ConfUtils.java:logGet(43)) - raft.server.sleep.deviation.threshold = 300 (default)
2019-11-16 13:05:34,937 [pool-37-thread-1] INFO  server.RaftServerConfigKeys (ConfUtils.java:logGet(43)) - raft.server.log.appender.install.snapshot.enabled = false (custom)
2019-11-16 13:05:34,937 [pool-37-thread-1] INFO  impl.RaftServerImpl (ServerState.java:<init>(103)) - c3c7e958-9883-4fbe-b063-de98235d6943@group-455F4A12DCED: ConfigurationManager, init=-1: [ce7b161b-b478-44a6-ba80-df77e3c8324c:192.168.69.84:42106, c3c7e958-9883-4fbe-b063-de98235d6943:192.168.69.84:45072, 44937579-fd9e-42f3-96b7-3931c17c73cd:192.168.69.84:43118], old=null, confs=<EMPTY_MAP>
2019-11-16 13:05:34,937 [pool-37-thread-1] INFO  server.RaftServerConfigKeys (ConfUtils.java:logGet(43)) - raft.server.storage.dir = [/workdir/hadoop-ozone/tools/target/test-dir/MiniOzoneClusterImpl-eb0973ae-92a9-46ee-85ce-ef1f9c3ff6e2/datanode-1/data/ratis] (custom)
2019-11-16 13:05:34,937 [pool-27-thread-1] INFO  impl.RaftServerImpl (RaftServerImpl.java:<init>(98)) - ce7b161b-b478-44a6-ba80-df77e3c8324c: new RaftServerImpl for group-455F4A12DCED:[ce7b161b-b478-44a6-ba80-df77e3c8324c:192.168.69.84:42106, c3c7e958-9883-4fbe-b063-de98235d6943:192.168.69.84:45072, 44937579-fd9e-42f3-96b7-3931c17c73cd:192.168.69.84:43118] with ContainerStateMachine:uninitialized
2019-11-16 13:05:34,937 [pool-37-thread-1] INFO  server.RaftServerConfigKeys (ConfUtils.java:logGet(43)) - raft.server.log.corruption.policy = EXCEPTION (default)
2019-11-16 13:05:34,937 [pool-27-thread-1] INFO  server.RaftServerConfigKeys (ConfUtils.java:logGet(43)) - raft.server.rpc.timeout.min = 5s (custom)
2019-11-16 13:05:34,938 [pool-37-thread-1] INFO  storage.RaftStorageDirectory (RaftStorageDirectory.java:analyzeStorage(246)) - The storage directory /workdir/hadoop-ozone/tools/target/test-dir/MiniOzoneClusterImpl-eb0973ae-92a9-46ee-85ce-ef1f9c3ff6e2/datanode-1/data/ratis/f24f4bcb-91c3-47ac-a768-455f4a12dced does not exist. Creating ...
2019-11-16 13:05:34,938 [pool-27-thread-1] INFO  server.RaftServerConfigKeys (ConfUtils.java:logGet(43)) - raft.server.rpc.timeout.max = 5200ms (custom)
2019-11-16 13:05:34,938 [pool-27-thread-1] INFO  server.RaftServerConfigKeys (ConfUtils.java:logGet(43)) - raft.server.rpcslowness.timeout = 120s (custom)
2019-11-16 13:05:34,938 [pool-27-thread-1] INFO  server.RaftServerConfigKeys (ConfUtils.java:logGet(43)) - raft.server.sleep.deviation.threshold = 300 (default)
2019-11-16 13:05:34,938 [pool-27-thread-1] INFO  server.RaftServerConfigKeys (ConfUtils.java:logGet(43)) - raft.server.log.appender.install.snapshot.enabled = false (custom)
2019-11-16 13:05:34,938 [pool-47-thread-1] INFO  impl.RaftServerImpl (RaftServerImpl.java:<init>(98)) - 44937579-fd9e-42f3-96b7-3931c17c73cd: new RaftServerImpl for group-455F4A12DCED:[ce7b161b-b478-44a6-ba80-df77e3c8324c:192.168.69.84:42106, c3c7e958-9883-4fbe-b063-de98235d6943:192.168.69.84:45072, 44937579-fd9e-42f3-96b7-3931c17c73cd:192.168.69.84:43118] with ContainerStateMachine:uninitialized
2019-11-16 13:05:34,938 [pool-27-thread-1] INFO  impl.RaftServerImpl (ServerState.java:<init>(103)) - ce7b161b-b478-44a6-ba80-df77e3c8324c@group-455F4A12DCED: ConfigurationManager, init=-1: [ce7b161b-b478-44a6-ba80-df77e3c8324c:192.168.69.84:42106, c3c7e958-9883-4fbe-b063-de98235d6943:192.168.69.84:45072, 44937579-fd9e-42f3-96b7-3931c17c73cd:192.168.69.84:43118], old=null, confs=<EMPTY_MAP>
2019-11-16 13:05:34,938 [pool-47-thread-1] INFO  server.RaftServerConfigKeys (ConfUtils.java:logGet(43)) - raft.server.rpc.timeout.min = 5s (custom)
2019-11-16 13:05:34,939 [pool-27-thread-1] INFO  server.RaftServerConfigKeys (ConfUtils.java:logGet(43)) - raft.server.storage.dir = [/workdir/hadoop-ozone/tools/target/test-dir/MiniOzoneClusterImpl-eb0973ae-92a9-46ee-85ce-ef1f9c3ff6e2/datanode-0/data/ratis] (custom)
2019-11-16 13:05:34,939 [pool-47-thread-1] INFO  server.RaftServerConfigKeys (ConfUtils.java:logGet(43)) - raft.server.rpc.timeout.max = 5200ms (custom)
2019-11-16 13:05:34,939 [pool-47-thread-1] INFO  server.RaftServerConfigKeys (ConfUtils.java:logGet(43)) - raft.server.rpcslowness.timeout = 120s (custom)
2019-11-16 13:05:34,939 [pool-27-thread-1] INFO  server.RaftServerConfigKeys (ConfUtils.java:logGet(43)) - raft.server.log.corruption.policy = EXCEPTION (default)
2019-11-16 13:05:34,939 [pool-47-thread-1] INFO  server.RaftServerConfigKeys (ConfUtils.java:logGet(43)) - raft.server.sleep.deviation.threshold = 300 (default)
2019-11-16 13:05:34,939 [pool-47-thread-1] INFO  server.RaftServerConfigKeys (ConfUtils.java:logGet(43)) - raft.server.log.appender.install.snapshot.enabled = false (custom)
2019-11-16 13:05:34,939 [pool-27-thread-1] INFO  storage.RaftStorageDirectory (RaftStorageDirectory.java:analyzeStorage(246)) - The storage directory /workdir/hadoop-ozone/tools/target/test-dir/MiniOzoneClusterImpl-eb0973ae-92a9-46ee-85ce-ef1f9c3ff6e2/datanode-0/data/ratis/f24f4bcb-91c3-47ac-a768-455f4a12dced does not exist. Creating ...
2019-11-16 13:05:34,939 [pool-47-thread-1] INFO  impl.RaftServerImpl (ServerState.java:<init>(103)) - 44937579-fd9e-42f3-96b7-3931c17c73cd@group-455F4A12DCED: ConfigurationManager, init=-1: [ce7b161b-b478-44a6-ba80-df77e3c8324c:192.168.69.84:42106, c3c7e958-9883-4fbe-b063-de98235d6943:192.168.69.84:45072, 44937579-fd9e-42f3-96b7-3931c17c73cd:192.168.69.84:43118], old=null, confs=<EMPTY_MAP>
2019-11-16 13:05:34,940 [pool-47-thread-1] INFO  server.RaftServerConfigKeys (ConfUtils.java:logGet(43)) - raft.server.storage.dir = [/workdir/hadoop-ozone/tools/target/test-dir/MiniOzoneClusterImpl-eb0973ae-92a9-46ee-85ce-ef1f9c3ff6e2/datanode-2/data/ratis] (custom)
2019-11-16 13:05:34,940 [pool-47-thread-1] INFO  server.RaftServerConfigKeys (ConfUtils.java:logGet(43)) - raft.server.log.corruption.policy = EXCEPTION (default)
2019-11-16 13:05:34,940 [pool-47-thread-1] INFO  storage.RaftStorageDirectory (RaftStorageDirectory.java:analyzeStorage(246)) - The storage directory /workdir/hadoop-ozone/tools/target/test-dir/MiniOzoneClusterImpl-eb0973ae-92a9-46ee-85ce-ef1f9c3ff6e2/datanode-2/data/ratis/f24f4bcb-91c3-47ac-a768-455f4a12dced does not exist. Creating ...
2019-11-16 13:05:34,958 [pool-27-thread-1] INFO  storage.RaftStorageDirectory (RaftStorageDirectory.java:tryLock(328)) - Lock on /workdir/hadoop-ozone/tools/target/test-dir/MiniOzoneClusterImpl-eb0973ae-92a9-46ee-85ce-ef1f9c3ff6e2/datanode-0/data/ratis/f24f4bcb-91c3-47ac-a768-455f4a12dced/in_use.lock acquired by nodename 20834@pr-hdds-2508-jgffk-3148646922
2019-11-16 13:05:34,958 [pool-47-thread-1] INFO  storage.RaftStorageDirectory (RaftStorageDirectory.java:tryLock(328)) - Lock on /workdir/hadoop-ozone/tools/target/test-dir/MiniOzoneClusterImpl-eb0973ae-92a9-46ee-85ce-ef1f9c3ff6e2/datanode-2/data/ratis/f24f4bcb-91c3-47ac-a768-455f4a12dced/in_use.lock acquired by nodename 20834@pr-hdds-2508-jgffk-3148646922
2019-11-16 13:05:34,958 [pool-37-thread-1] INFO  storage.RaftStorageDirectory (RaftStorageDirectory.java:tryLock(328)) - Lock on /workdir/hadoop-ozone/tools/target/test-dir/MiniOzoneClusterImpl-eb0973ae-92a9-46ee-85ce-ef1f9c3ff6e2/datanode-1/data/ratis/f24f4bcb-91c3-47ac-a768-455f4a12dced/in_use.lock acquired by nodename 20834@pr-hdds-2508-jgffk-3148646922
2019-11-16 13:05:34,972 [pool-27-thread-1] INFO  storage.RaftStorage (RaftStorage.java:format(84)) - Storage directory /workdir/hadoop-ozone/tools/target/test-dir/MiniOzoneClusterImpl-eb0973ae-92a9-46ee-85ce-ef1f9c3ff6e2/datanode-0/data/ratis/f24f4bcb-91c3-47ac-a768-455f4a12dced has been successfully formatted.
2019-11-16 13:05:34,972 [pool-47-thread-1] INFO  storage.RaftStorage (RaftStorage.java:format(84)) - Storage directory /workdir/hadoop-ozone/tools/target/test-dir/MiniOzoneClusterImpl-eb0973ae-92a9-46ee-85ce-ef1f9c3ff6e2/datanode-2/data/ratis/f24f4bcb-91c3-47ac-a768-455f4a12dced has been successfully formatted.
2019-11-16 13:05:34,972 [pool-37-thread-1] INFO  storage.RaftStorage (RaftStorage.java:format(84)) - Storage directory /workdir/hadoop-ozone/tools/target/test-dir/MiniOzoneClusterImpl-eb0973ae-92a9-46ee-85ce-ef1f9c3ff6e2/datanode-1/data/ratis/f24f4bcb-91c3-47ac-a768-455f4a12dced has been successfully formatted.
2019-11-16 13:05:34,972 [pool-27-thread-1] INFO  ratis.ContainerStateMachine (ContainerStateMachine.java:loadSnapshot(223)) - group-455F4A12DCED: The snapshot info is null. Setting the last applied indexto:(t:0, i:~)
2019-11-16 13:05:34,972 [pool-37-thread-1] INFO  ratis.ContainerStateMachine (ContainerStateMachine.java:loadSnapshot(223)) - group-455F4A12DCED: The snapshot info is null. Setting the last applied indexto:(t:0, i:~)
2019-11-16 13:05:34,972 [pool-47-thread-1] INFO  ratis.ContainerStateMachine (ContainerStateMachine.java:loadSnapshot(223)) - group-455F4A12DCED: The snapshot info is null. Setting the last applied indexto:(t:0, i:~)
2019-11-16 13:05:34,973 [pool-27-thread-1] INFO  server.RaftServerConfigKeys (ConfUtils.java:logGet(43)) - raft.server.notification.no-leader.timeout = 120s (custom)
2019-11-16 13:05:34,973 [pool-37-thread-1] INFO  server.RaftServerConfigKeys (ConfUtils.java:logGet(43)) - raft.server.notification.no-leader.timeout = 120s (custom)
2019-11-16 13:05:34,973 [pool-27-thread-1] INFO  server.RaftServerConfigKeys (ConfUtils.java:logGet(43)) - raft.server.log.use.memory = false (default)
2019-11-16 13:05:34,973 [pool-47-thread-1] INFO  server.RaftServerConfigKeys (ConfUtils.java:logGet(43)) - raft.server.notification.no-leader.timeout = 120s (custom)
2019-11-16 13:05:34,973 [pool-27-thread-1] INFO  server.RaftServerConfigKeys (ConfUtils.java:logGet(43)) - raft.server.log.purge.gap = 1000000 (custom)
2019-11-16 13:05:34,973 [pool-37-thread-1] INFO  server.RaftServerConfigKeys (ConfUtils.java:logGet(43)) - raft.server.log.use.memory = false (default)
2019-11-16 13:05:34,973 [pool-27-thread-1] INFO  server.RaftServerConfigKeys (ConfUtils.java:logGet(43)) - raft.server.log.appender.buffer.byte-limit = 33554432 (custom)
2019-11-16 13:05:34,973 [pool-47-thread-1] INFO  server.RaftServerConfigKeys (ConfUtils.java:logGet(43)) - raft.server.log.use.memory = false (default)
2019-11-16 13:05:34,974 [pool-27-thread-1] INFO  server.RaftServerConfigKeys (ConfUtils.java:logGet(43)) - raft.server.log.segment.size.max = 1048576 (custom)
2019-11-16 13:05:34,974 [pool-37-thread-1] INFO  server.RaftServerConfigKeys (ConfUtils.java:logGet(43)) - raft.server.log.purge.gap = 1000000 (custom)
2019-11-16 13:05:34,974 [pool-27-thread-1] INFO  server.RaftServerConfigKeys (ConfUtils.java:logGet(43)) - raft.server.log.segment.cache.num.max = 2 (custom)
2019-11-16 13:05:34,974 [pool-47-thread-1] INFO  server.RaftServerConfigKeys (ConfUtils.java:logGet(43)) - raft.server.log.purge.gap = 1000000 (custom)
2019-11-16 13:05:34,974 [pool-27-thread-1] INFO  segmented.SegmentedRaftLogWorker (SegmentedRaftLogWorker.java:<init>(173)) - new ce7b161b-b478-44a6-ba80-df77e3c8324c@group-455F4A12DCED-SegmentedRaftLogWorker for RaftStorage:Storage Directory /workdir/hadoop-ozone/tools/target/test-dir/MiniOzoneClusterImpl-eb0973ae-92a9-46ee-85ce-ef1f9c3ff6e2/datanode-0/data/ratis/f24f4bcb-91c3-47ac-a768-455f4a12dced
2019-11-16 13:05:34,974 [pool-37-thread-1] INFO  server.RaftServerConfigKeys (ConfUtils.java:logGet(43)) - raft.server.log.appender.buffer.byte-limit = 33554432 (custom)
2019-11-16 13:05:34,974 [pool-27-thread-1] INFO  server.RaftServerConfigKeys (ConfUtils.java:logGet(43)) - raft.server.log.queue.byte-limit = 2147483647 (custom)
2019-11-16 13:05:34,974 [pool-47-thread-1] INFO  server.RaftServerConfigKeys (ConfUtils.java:logGet(43)) - raft.server.log.appender.buffer.byte-limit = 33554432 (custom)
2019-11-16 13:05:34,975 [pool-27-thread-1] INFO  server.RaftServerConfigKeys (ConfUtils.java:logGet(43)) - raft.server.log.queue.element-limit = 1024 (custom)
2019-11-16 13:05:34,975 [pool-37-thread-1] INFO  server.RaftServerConfigKeys (ConfUtils.java:logGet(43)) - raft.server.log.segment.size.max = 1048576 (custom)
2019-11-16 13:05:34,975 [pool-27-thread-1] INFO  server.RaftServerConfigKeys (ConfUtils.java:logGet(43)) - raft.server.log.segment.size.max = 1048576 (custom)
2019-11-16 13:05:34,975 [pool-47-thread-1] INFO  server.RaftServerConfigKeys (ConfUtils.java:logGet(43)) - raft.server.log.segment.size.max = 1048576 (custom)
2019-11-16 13:05:34,975 [pool-27-thread-1] INFO  server.RaftServerConfigKeys (ConfUtils.java:logGet(43)) - raft.server.log.preallocated.size = 16384 (custom)
2019-11-16 13:05:34,975 [pool-37-thread-1] INFO  server.RaftServerConfigKeys (ConfUtils.java:logGet(43)) - raft.server.log.segment.cache.num.max = 2 (custom)
2019-11-16 13:05:34,975 [pool-27-thread-1] INFO  server.RaftServerConfigKeys (ConfUtils.java:logGet(43)) - raft.server.log.write.buffer.size = 33554432 (custom)
2019-11-16 13:05:34,975 [pool-47-thread-1] INFO  server.RaftServerConfigKeys (ConfUtils.java:logGet(43)) - raft.server.log.segment.cache.num.max = 2 (custom)
2019-11-16 13:05:34,976 [pool-27-thread-1] INFO  server.RaftServerConfigKeys (ConfUtils.java:logGet(43)) - raft.server.log.force.sync.num = 128 (default)
2019-11-16 13:05:34,976 [pool-37-thread-1] INFO  segmented.SegmentedRaftLogWorker (SegmentedRaftLogWorker.java:<init>(173)) - new c3c7e958-9883-4fbe-b063-de98235d6943@group-455F4A12DCED-SegmentedRaftLogWorker for RaftStorage:Storage Directory /workdir/hadoop-ozone/tools/target/test-dir/MiniOzoneClusterImpl-eb0973ae-92a9-46ee-85ce-ef1f9c3ff6e2/datanode-1/data/ratis/f24f4bcb-91c3-47ac-a768-455f4a12dced
2019-11-16 13:05:34,976 [pool-27-thread-1] INFO  server.RaftServerConfigKeys (ConfUtils.java:logGet(43)) - raft.server.log.statemachine.data.sync = true (default)
2019-11-16 13:05:34,976 [pool-47-thread-1] INFO  segmented.SegmentedRaftLogWorker (SegmentedRaftLogWorker.java:<init>(173)) - new 44937579-fd9e-42f3-96b7-3931c17c73cd@group-455F4A12DCED-SegmentedRaftLogWorker for RaftStorage:Storage Directory /workdir/hadoop-ozone/tools/target/test-dir/MiniOzoneClusterImpl-eb0973ae-92a9-46ee-85ce-ef1f9c3ff6e2/datanode-2/data/ratis/f24f4bcb-91c3-47ac-a768-455f4a12dced
2019-11-16 13:05:34,976 [pool-27-thread-1] INFO  server.RaftServerConfigKeys (ConfUtils.java:logGet(43)) - raft.server.log.statemachine.data.sync.timeout = 10s (default)
2019-11-16 13:05:34,976 [pool-37-thread-1] INFO  server.RaftServerConfigKeys (ConfUtils.java:logGet(43)) - raft.server.log.queue.byte-limit = 2147483647 (custom)
2019-11-16 13:05:34,977 [pool-27-thread-1] INFO  server.RaftServerConfigKeys (ConfUtils.java:logGet(43)) - raft.server.log.statemachine.data.sync.timeout.retry = -1 (default)
2019-11-16 13:05:34,976 [pool-47-thread-1] INFO  server.RaftServerConfigKeys (ConfUtils.java:logGet(43)) - raft.server.log.queue.byte-limit = 2147483647 (custom)
2019-11-16 13:05:34,977 [pool-37-thread-1] INFO  server.RaftServerConfigKeys (ConfUtils.java:logGet(43)) - raft.server.log.queue.element-limit = 1024 (custom)
2019-11-16 13:05:34,977 [pool-47-thread-1] INFO  server.RaftServerConfigKeys (ConfUtils.java:logGet(43)) - raft.server.log.queue.element-limit = 1024 (custom)
2019-11-16 13:05:34,977 [pool-27-thread-1] INFO  server.RaftServerConfigKeys (ConfUtils.java:logGet(43)) - raft.server.log.statemachine.data.caching.enabled = true (custom)
2019-11-16 13:05:34,977 [pool-47-thread-1] INFO  server.RaftServerConfigKeys (ConfUtils.java:logGet(43)) - raft.server.log.segment.size.max = 1048576 (custom)
2019-11-16 13:05:34,977 [pool-37-thread-1] INFO  server.RaftServerConfigKeys (ConfUtils.java:logGet(43)) - raft.server.log.segment.size.max = 1048576 (custom)
2019-11-16 13:05:34,977 [pool-47-thread-1] INFO  server.RaftServerConfigKeys (ConfUtils.java:logGet(43)) - raft.server.log.preallocated.size = 16384 (custom)
2019-11-16 13:05:34,978 [pool-27-thread-1] INFO  segmented.SegmentedRaftLogWorker (SegmentedRaftLogWorker.java:lambda$new$0(128)) - ce7b161b-b478-44a6-ba80-df77e3c8324c@group-455F4A12DCED-SegmentedRaftLogWorker: flushIndex: setUnconditionally 0 -> -1
2019-11-16 13:05:34,978 [pool-37-thread-1] INFO  server.RaftServerConfigKeys (ConfUtils.java:logGet(43)) - raft.server.log.preallocated.size = 16384 (custom)
2019-11-16 13:05:34,978 [pool-47-thread-1] INFO  server.RaftServerConfigKeys (ConfUtils.java:logGet(43)) - raft.server.log.write.buffer.size = 33554432 (custom)
2019-11-16 13:05:34,978 [pool-37-thread-1] INFO  server.RaftServerConfigKeys (ConfUtils.java:logGet(43)) - raft.server.log.write.buffer.size = 33554432 (custom)
2019-11-16 13:05:34,978 [pool-27-thread-1] INFO  server.RaftServerConfigKeys (ConfUtils.java:logGet(43)) - raft.server.snapshot.auto.trigger.enabled = true (custom)
2019-11-16 13:05:34,978 [pool-47-thread-1] INFO  server.RaftServerConfigKeys (ConfUtils.java:logGet(43)) - raft.server.log.force.sync.num = 128 (default)
2019-11-16 13:05:34,978 [pool-27-thread-1] INFO  server.RaftServerConfigKeys (ConfUtils.java:logGet(43)) - raft.server.snapshot.auto.trigger.threshold = 10000 (custom)
2019-11-16 13:05:34,978 [pool-37-thread-1] INFO  server.RaftServerConfigKeys (ConfUtils.java:logGet(43)) - raft.server.log.force.sync.num = 128 (default)
2019-11-16 13:05:34,979 [pool-27-thread-1] INFO  server.RaftServerConfigKeys (ConfUtils.java:logGet(43)) - raft.server.snapshot.retention.file.num = 5 (custom)
2019-11-16 13:05:34,978 [pool-47-thread-1] INFO  server.RaftServerConfigKeys (ConfUtils.java:logGet(43)) - raft.server.log.statemachine.data.sync = true (default)
2019-11-16 13:05:34,979 [pool-27-thread-1] INFO  server.RaftServerConfigKeys (ConfUtils.java:logGet(43)) - raft.server.retrycache.expirytime = 600000ms (custom)
2019-11-16 13:05:34,979 [pool-37-thread-1] INFO  server.RaftServerConfigKeys (ConfUtils.java:logGet(43)) - raft.server.log.statemachine.data.sync = true (default)
2019-11-16 13:05:34,979 [pool-27-thread-1] WARN  impl.MetricRegistriesImpl (MetricRegistriesImpl.java:lambda$create$1(61)) - First MetricRegistry has been created without registering reporters. You may need to call MetricRegistries.global().addReportRegistration(...) before.
2019-11-16 13:05:34,979 [pool-47-thread-1] INFO  server.RaftServerConfigKeys (ConfUtils.java:logGet(43)) - raft.server.log.statemachine.data.sync.timeout = 10s (default)
2019-11-16 13:05:34,979 [pool-27-thread-1] WARN  impl.MetricRegistriesImpl (MetricRegistriesImpl.java:lambda$create$1(61)) - First MetricRegistry has been created without registering reporters. You may need to call MetricRegistries.global().addReportRegistration(...) before.
2019-11-16 13:05:34,979 [pool-37-thread-1] INFO  server.RaftServerConfigKeys (ConfUtils.java:logGet(43)) - raft.server.log.statemachine.data.sync.timeout = 10s (default)
2019-11-16 13:05:34,979 [pool-47-thread-1] INFO  server.RaftServerConfigKeys (ConfUtils.java:logGet(43)) - raft.server.log.statemachine.data.sync.timeout.retry = -1 (default)
2019-11-16 13:05:34,980 [pool-27-thread-1] INFO  impl.RaftServerImpl (RaftServerImpl.java:start(184)) - ce7b161b-b478-44a6-ba80-df77e3c8324c@group-455F4A12DCED: start as a follower, conf=-1: [ce7b161b-b478-44a6-ba80-df77e3c8324c:192.168.69.84:42106, c3c7e958-9883-4fbe-b063-de98235d6943:192.168.69.84:45072, 44937579-fd9e-42f3-96b7-3931c17c73cd:192.168.69.84:43118], old=null
2019-11-16 13:05:34,980 [pool-37-thread-1] INFO  server.RaftServerConfigKeys (ConfUtils.java:logGet(43)) - raft.server.log.statemachine.data.sync.timeout.retry = -1 (default)
2019-11-16 13:05:34,980 [pool-27-thread-1] INFO  impl.RaftServerImpl (RaftServerImpl.java:setRole(173)) - ce7b161b-b478-44a6-ba80-df77e3c8324c@group-455F4A12DCED: changes role from      null to FOLLOWER at term 0 for startAsFollower
2019-11-16 13:05:34,980 [pool-47-thread-1] INFO  server.RaftServerConfigKeys (ConfUtils.java:logGet(43)) - raft.server.log.statemachine.data.caching.enabled = true (custom)
2019-11-16 13:05:34,980 [pool-37-thread-1] INFO  server.RaftServerConfigKeys (ConfUtils.java:logGet(43)) - raft.server.log.statemachine.data.caching.enabled = true (custom)
2019-11-16 13:05:34,980 [pool-27-thread-1] INFO  impl.RoleInfo (RoleInfo.java:updateAndGet(143)) - ce7b161b-b478-44a6-ba80-df77e3c8324c: start FollowerState
2019-11-16 13:05:34,981 [pool-47-thread-1] INFO  segmented.SegmentedRaftLogWorker (SegmentedRaftLogWorker.java:lambda$new$0(128)) - 44937579-fd9e-42f3-96b7-3931c17c73cd@group-455F4A12DCED-SegmentedRaftLogWorker: flushIndex: setUnconditionally 0 -> -1
2019-11-16 13:05:34,981 [pool-37-thread-1] INFO  segmented.SegmentedRaftLogWorker (SegmentedRaftLogWorker.java:lambda$new$0(128)) - c3c7e958-9883-4fbe-b063-de98235d6943@group-455F4A12DCED-SegmentedRaftLogWorker: flushIndex: setUnconditionally 0 -> -1
2019-11-16 13:05:34,981 [pool-27-thread-1] INFO  util.JmxRegister (JmxRegister.java:tryRegister(44)) - Successfully registered JMX Bean with object name Ratis:service=RaftServer,group=group-455F4A12DCED,id=ce7b161b-b478-44a6-ba80-df77e3c8324c
2019-11-16 13:05:34,981 [pool-37-thread-1] INFO  server.RaftServerConfigKeys (ConfUtils.java:logGet(43)) - raft.server.snapshot.auto.trigger.enabled = true (custom)
2019-11-16 13:05:34,981 [pool-47-thread-1] INFO  server.RaftServerConfigKeys (ConfUtils.java:logGet(43)) - raft.server.snapshot.auto.trigger.enabled = true (custom)
2019-11-16 13:05:34,981 [pool-37-thread-1] INFO  server.RaftServerConfigKeys (ConfUtils.java:logGet(43)) - raft.server.snapshot.auto.trigger.threshold = 10000 (custom)
2019-11-16 13:05:34,981 [pool-27-thread-1] WARN  impl.MetricRegistriesImpl (MetricRegistriesImpl.java:lambda$create$1(61)) - First MetricRegistry has been created without registering reporters. You may need to call MetricRegistries.global().addReportRegistration(...) before.
2019-11-16 13:05:34,981 [pool-37-thread-1] INFO  server.RaftServerConfigKeys (ConfUtils.java:logGet(43)) - raft.server.snapshot.retention.file.num = 5 (custom)
2019-11-16 13:05:34,981 [pool-47-thread-1] INFO  server.RaftServerConfigKeys (ConfUtils.java:logGet(43)) - raft.server.snapshot.auto.trigger.threshold = 10000 (custom)
2019-11-16 13:05:34,982 [pool-37-thread-1] INFO  server.RaftServerConfigKeys (ConfUtils.java:logGet(43)) - raft.server.retrycache.expirytime = 600000ms (custom)
2019-11-16 13:05:34,982 [pool-47-thread-1] INFO  server.RaftServerConfigKeys (ConfUtils.java:logGet(43)) - raft.server.snapshot.retention.file.num = 5 (custom)
2019-11-16 13:05:34,982 [pool-37-thread-1] WARN  impl.MetricRegistriesImpl (MetricRegistriesImpl.java:lambda$create$1(61)) - First MetricRegistry has been created without registering reporters. You may need to call MetricRegistries.global().addReportRegistration(...) before.
2019-11-16 13:05:34,982 [pool-47-thread-1] INFO  server.RaftServerConfigKeys (ConfUtils.java:logGet(43)) - raft.server.retrycache.expirytime = 600000ms (custom)
2019-11-16 13:05:34,982 [pool-37-thread-1] WARN  impl.MetricRegistriesImpl (MetricRegistriesImpl.java:lambda$create$1(61)) - First MetricRegistry has been created without registering reporters. You may need to call MetricRegistries.global().addReportRegistration(...) before.
2019-11-16 13:05:34,982 [pool-47-thread-1] WARN  impl.MetricRegistriesImpl (MetricRegistriesImpl.java:lambda$create$1(61)) - First MetricRegistry has been created without registering reporters. You may need to call MetricRegistries.global().addReportRegistration(...) before.
2019-11-16 13:05:34,983 [pool-37-thread-1] INFO  impl.RaftServerImpl (RaftServerImpl.java:start(184)) - c3c7e958-9883-4fbe-b063-de98235d6943@group-455F4A12DCED: start as a follower, conf=-1: [ce7b161b-b478-44a6-ba80-df77e3c8324c:192.168.69.84:42106, c3c7e958-9883-4fbe-b063-de98235d6943:192.168.69.84:45072, 44937579-fd9e-42f3-96b7-3931c17c73cd:192.168.69.84:43118], old=null
2019-11-16 13:05:34,983 [pool-47-thread-1] WARN  impl.MetricRegistriesImpl (MetricRegistriesImpl.java:lambda$create$1(61)) - First MetricRegistry has been created without registering reporters. You may need to call MetricRegistries.global().addReportRegistration(...) before.
2019-11-16 13:05:34,983 [pool-37-thread-1] INFO  impl.RaftServerImpl (RaftServerImpl.java:setRole(173)) - c3c7e958-9883-4fbe-b063-de98235d6943@group-455F4A12DCED: changes role from      null to FOLLOWER at term 0 for startAsFollower
2019-11-16 13:05:34,983 [pool-47-thread-1] INFO  impl.RaftServerImpl (RaftServerImpl.java:start(184)) - 44937579-fd9e-42f3-96b7-3931c17c73cd@group-455F4A12DCED: start as a follower, conf=-1: [ce7b161b-b478-44a6-ba80-df77e3c8324c:192.168.69.84:42106, c3c7e958-9883-4fbe-b063-de98235d6943:192.168.69.84:45072, 44937579-fd9e-42f3-96b7-3931c17c73cd:192.168.69.84:43118], old=null
2019-11-16 13:05:34,983 [pool-37-thread-1] INFO  impl.RoleInfo (RoleInfo.java:updateAndGet(143)) - c3c7e958-9883-4fbe-b063-de98235d6943: start FollowerState
2019-11-16 13:05:34,983 [pool-47-thread-1] INFO  impl.RaftServerImpl (RaftServerImpl.java:setRole(173)) - 44937579-fd9e-42f3-96b7-3931c17c73cd@group-455F4A12DCED: changes role from      null to FOLLOWER at term 0 for startAsFollower
2019-11-16 13:05:34,983 [pool-47-thread-1] INFO  impl.RoleInfo (RoleInfo.java:updateAndGet(143)) - 44937579-fd9e-42f3-96b7-3931c17c73cd: start FollowerState
2019-11-16 13:05:34,983 [pool-37-thread-1] INFO  util.JmxRegister (JmxRegister.java:tryRegister(44)) - Successfully registered JMX Bean with object name Ratis:service=RaftServer,group=group-455F4A12DCED,id=c3c7e958-9883-4fbe-b063-de98235d6943
2019-11-16 13:05:34,984 [pool-37-thread-1] WARN  impl.MetricRegistriesImpl (MetricRegistriesImpl.java:lambda$create$1(61)) - First MetricRegistry has been created without registering reporters. You may need to call MetricRegistries.global().addReportRegistration(...) before.
2019-11-16 13:05:34,985 [pool-47-thread-1] INFO  util.JmxRegister (JmxRegister.java:tryRegister(44)) - Successfully registered JMX Bean with object name Ratis:service=RaftServer,group=group-455F4A12DCED,id=44937579-fd9e-42f3-96b7-3931c17c73cd
2019-11-16 13:05:34,985 [pool-47-thread-1] WARN  impl.MetricRegistriesImpl (MetricRegistriesImpl.java:lambda$create$1(61)) - First MetricRegistry has been created without registering reporters. You may need to call MetricRegistries.global().addReportRegistration(...) before.
2019-11-16 13:05:34,996 [RatisPipelineUtilsThread] INFO  pipeline.PipelineStateManager (PipelineStateManager.java:addPipeline(55)) - Created pipeline Pipeline[ Id: f24f4bcb-91c3-47ac-a768-455f4a12dced, Nodes: 44937579-fd9e-42f3-96b7-3931c17c73cd{ip: 192.168.69.84, host: pr-hdds-2508-jgffk-3148646922, networkLocation: /default-rack, certSerialId: null}c3c7e958-9883-4fbe-b063-de98235d6943{ip: 192.168.69.84, host: pr-hdds-2508-jgffk-3148646922, networkLocation: /default-rack, certSerialId: null}ce7b161b-b478-44a6-ba80-df77e3c8324c{ip: 192.168.69.84, host: pr-hdds-2508-jgffk-3148646922, networkLocation: /default-rack, certSerialId: null}, Type:RATIS, Factor:THREE, State:ALLOCATED]
2019-11-16 13:05:34,997 [Thread-178] INFO  pipeline.PipelineStateManager (PipelineStateManager.java:finalizePipeline(121)) - Pipeline Pipeline[ Id: 8cdd905a-92f9-4d08-826d-f903739350a4, Nodes: c3c7e958-9883-4fbe-b063-de98235d6943{ip: 192.168.69.84, host: pr-hdds-2508-jgffk-3148646922, networkLocation: /default-rack, certSerialId: null}, Type:RATIS, Factor:ONE, State:CLOSED] moved to CLOSED state
2019-11-16 13:05:35,010 [grpc-default-executor-0] INFO  impl.RaftServerProxy (RaftServerProxy.java:remove(95)) - c3c7e958-9883-4fbe-b063-de98235d6943: remove  FOLLOWER c3c7e958-9883-4fbe-b063-de98235d6943@group-F903739350A4:t0, leader=null, voted=null, raftlog=c3c7e958-9883-4fbe-b063-de98235d6943@group-F903739350A4-SegmentedRaftLog:OPENED:c-1,f-1,i0, conf=-1: [c3c7e958-9883-4fbe-b063-de98235d6943:192.168.69.84:45072], old=null RUNNING
2019-11-16 13:05:35,010 [grpc-default-executor-0] INFO  impl.RaftServerImpl (RaftServerImpl.java:lambda$shutdown$3(250)) - c3c7e958-9883-4fbe-b063-de98235d6943@group-F903739350A4: shutdown
2019-11-16 13:05:35,011 [grpc-default-executor-0] INFO  util.JmxRegister (JmxRegister.java:unregister(73)) - Successfully un-registered JMX Bean with object name Ratis:service=RaftServer,group=group-F903739350A4,id=c3c7e958-9883-4fbe-b063-de98235d6943
2019-11-16 13:05:35,011 [grpc-default-executor-0] INFO  impl.RoleInfo (RoleInfo.java:shutdownFollowerState(121)) - c3c7e958-9883-4fbe-b063-de98235d6943: shutdown FollowerState
2019-11-16 13:05:35,011 [grpc-default-executor-0] INFO  impl.StateMachineUpdater (StateMachineUpdater.java:stopAndJoin(136)) - c3c7e958-9883-4fbe-b063-de98235d6943@group-F903739350A4-StateMachineUpdater: set stopIndex = -1
2019-11-16 13:05:35,013 [Thread-186] INFO  impl.FollowerState (FollowerState.java:run(120)) - c3c7e958-9883-4fbe-b063-de98235d6943@group-F903739350A4-FollowerState was interrupted: java.lang.InterruptedException: sleep interrupted
2019-11-16 13:05:35,015 [grpc-default-executor-0] INFO  impl.RaftServerImpl (ServerState.java:close(387)) - c3c7e958-9883-4fbe-b063-de98235d6943@group-F903739350A4: closes. applyIndex: -1
2019-11-16 13:05:35,015 [c3c7e958-9883-4fbe-b063-de98235d6943@group-F903739350A4-SegmentedRaftLogWorker] INFO  segmented.SegmentedRaftLogWorker (SegmentedRaftLogWorker.java:run(316)) - c3c7e958-9883-4fbe-b063-de98235d6943@group-F903739350A4-SegmentedRaftLogWorker was interrupted, exiting. There are 0 tasks remaining in the queue.
2019-11-16 13:05:35,015 [grpc-default-executor-0] INFO  segmented.SegmentedRaftLogWorker (SegmentedRaftLogWorker.java:close(224)) - c3c7e958-9883-4fbe-b063-de98235d6943@group-F903739350A4-SegmentedRaftLogWorker close()
2019-11-16 13:05:35,023 [Thread-178] INFO  pipeline.PipelineStateManager (PipelineStateManager.java:removePipeline(106)) - Pipeline Pipeline[ Id: 8cdd905a-92f9-4d08-826d-f903739350a4, Nodes: c3c7e958-9883-4fbe-b063-de98235d6943{ip: 192.168.69.84, host: pr-hdds-2508-jgffk-3148646922, networkLocation: /default-rack, certSerialId: null}, Type:RATIS, Factor:ONE, State:CLOSED] removed from db
2019-11-16 13:05:35,033 [grpc-default-executor-0] INFO  impl.RaftServerProxy (RaftServerProxy.java:addNew(89)) - c3c7e958-9883-4fbe-b063-de98235d6943: addNew group-EB3072CA9589:[c3c7e958-9883-4fbe-b063-de98235d6943:192.168.69.84:45072] returns group-EB3072CA9589:java.util.concurrent.CompletableFuture@172ee55f[Not completed]
2019-11-16 13:05:35,035 [pool-37-thread-1] INFO  impl.RaftServerImpl (RaftServerImpl.java:<init>(98)) - c3c7e958-9883-4fbe-b063-de98235d6943: new RaftServerImpl for group-EB3072CA9589:[c3c7e958-9883-4fbe-b063-de98235d6943:192.168.69.84:45072] with ContainerStateMachine:uninitialized
2019-11-16 13:05:35,035 [pool-37-thread-1] INFO  server.RaftServerConfigKeys (ConfUtils.java:logGet(43)) - raft.server.rpc.timeout.min = 5s (custom)
2019-11-16 13:05:35,035 [pool-37-thread-1] INFO  server.RaftServerConfigKeys (ConfUtils.java:logGet(43)) - raft.server.rpc.timeout.max = 5200ms (custom)
2019-11-16 13:05:35,035 [pool-37-thread-1] INFO  server.RaftServerConfigKeys (ConfUtils.java:logGet(43)) - raft.server.rpcslowness.timeout = 120s (custom)
2019-11-16 13:05:35,036 [pool-37-thread-1] INFO  server.RaftServerConfigKeys (ConfUtils.java:logGet(43)) - raft.server.sleep.deviation.threshold = 300 (default)
2019-11-16 13:05:35,036 [pool-37-thread-1] INFO  server.RaftServerConfigKeys (ConfUtils.java:logGet(43)) - raft.server.log.appender.install.snapshot.enabled = false (custom)
2019-11-16 13:05:35,036 [pool-37-thread-1] INFO  impl.RaftServerImpl (ServerState.java:<init>(103)) - c3c7e958-9883-4fbe-b063-de98235d6943@group-EB3072CA9589: ConfigurationManager, init=-1: [c3c7e958-9883-4fbe-b063-de98235d6943:192.168.69.84:45072], old=null, confs=<EMPTY_MAP>
2019-11-16 13:05:35,036 [pool-37-thread-1] INFO  server.RaftServerConfigKeys (ConfUtils.java:logGet(43)) - raft.server.storage.dir = [/workdir/hadoop-ozone/tools/target/test-dir/MiniOzoneClusterImpl-eb0973ae-92a9-46ee-85ce-ef1f9c3ff6e2/datanode-1/data/ratis] (custom)
2019-11-16 13:05:35,037 [pool-37-thread-1] INFO  server.RaftServerConfigKeys (ConfUtils.java:logGet(43)) - raft.server.log.corruption.policy = EXCEPTION (default)
2019-11-16 13:05:35,037 [pool-37-thread-1] INFO  storage.RaftStorageDirectory (RaftStorageDirectory.java:analyzeStorage(246)) - The storage directory /workdir/hadoop-ozone/tools/target/test-dir/MiniOzoneClusterImpl-eb0973ae-92a9-46ee-85ce-ef1f9c3ff6e2/datanode-1/data/ratis/e4d709db-8498-4add-8d73-eb3072ca9589 does not exist. Creating ...
2019-11-16 13:05:35,050 [pool-37-thread-1] INFO  storage.RaftStorageDirectory (RaftStorageDirectory.java:tryLock(328)) - Lock on /workdir/hadoop-ozone/tools/target/test-dir/MiniOzoneClusterImpl-eb0973ae-92a9-46ee-85ce-ef1f9c3ff6e2/datanode-1/data/ratis/e4d709db-8498-4add-8d73-eb3072ca9589/in_use.lock acquired by nodename 20834@pr-hdds-2508-jgffk-3148646922
2019-11-16 13:05:35,071 [pool-37-thread-1] INFO  storage.RaftStorage (RaftStorage.java:format(84)) - Storage directory /workdir/hadoop-ozone/tools/target/test-dir/MiniOzoneClusterImpl-eb0973ae-92a9-46ee-85ce-ef1f9c3ff6e2/datanode-1/data/ratis/e4d709db-8498-4add-8d73-eb3072ca9589 has been successfully formatted.
2019-11-16 13:05:35,071 [pool-37-thread-1] INFO  ratis.ContainerStateMachine (ContainerStateMachine.java:loadSnapshot(223)) - group-EB3072CA9589: The snapshot info is null. Setting the last applied indexto:(t:0, i:~)
2019-11-16 13:05:35,072 [pool-37-thread-1] INFO  server.RaftServerConfigKeys (ConfUtils.java:logGet(43)) - raft.server.notification.no-leader.timeout = 120s (custom)
2019-11-16 13:05:35,072 [pool-37-thread-1] INFO  server.RaftServerConfigKeys (ConfUtils.java:logGet(43)) - raft.server.log.use.memory = false (default)
2019-11-16 13:05:35,072 [pool-37-thread-1] INFO  server.RaftServerConfigKeys (ConfUtils.java:logGet(43)) - raft.server.log.purge.gap = 1000000 (custom)
2019-11-16 13:05:35,072 [pool-37-thread-1] INFO  server.RaftServerConfigKeys (ConfUtils.java:logGet(43)) - raft.server.log.appender.buffer.byte-limit = 33554432 (custom)
2019-11-16 13:05:35,072 [pool-37-thread-1] INFO  server.RaftServerConfigKeys (ConfUtils.java:logGet(43)) - raft.server.log.segment.size.max = 1048576 (custom)
2019-11-16 13:05:35,073 [pool-37-thread-1] INFO  server.RaftServerConfigKeys (ConfUtils.java:logGet(43)) - raft.server.log.segment.cache.num.max = 2 (custom)
2019-11-16 13:05:35,073 [pool-37-thread-1] INFO  segmented.SegmentedRaftLogWorker (SegmentedRaftLogWorker.java:<init>(173)) - new c3c7e958-9883-4fbe-b063-de98235d6943@group-EB3072CA9589-SegmentedRaftLogWorker for RaftStorage:Storage Directory /workdir/hadoop-ozone/tools/target/test-dir/MiniOzoneClusterImpl-eb0973ae-92a9-46ee-85ce-ef1f9c3ff6e2/datanode-1/data/ratis/e4d709db-8498-4add-8d73-eb3072ca9589
2019-11-16 13:05:35,073 [pool-37-thread-1] INFO  server.RaftServerConfigKeys (ConfUtils.java:logGet(43)) - raft.server.log.queue.byte-limit = 2147483647 (custom)
2019-11-16 13:05:35,073 [pool-37-thread-1] INFO  server.RaftServerConfigKeys (ConfUtils.java:logGet(43)) - raft.server.log.queue.element-limit = 1024 (custom)
2019-11-16 13:05:35,073 [pool-37-thread-1] INFO  server.RaftServerConfigKeys (ConfUtils.java:logGet(43)) - raft.server.log.segment.size.max = 1048576 (custom)
2019-11-16 13:05:35,074 [pool-37-thread-1] INFO  server.RaftServerConfigKeys (ConfUtils.java:logGet(43)) - raft.server.log.preallocated.size = 16384 (custom)
2019-11-16 13:05:35,074 [pool-37-thread-1] INFO  server.RaftServerConfigKeys (ConfUtils.java:logGet(43)) - raft.server.log.write.buffer.size = 33554432 (custom)
2019-11-16 13:05:35,074 [pool-37-thread-1] INFO  server.RaftServerConfigKeys (ConfUtils.java:logGet(43)) - raft.server.log.force.sync.num = 128 (default)
2019-11-16 13:05:35,074 [pool-37-thread-1] INFO  server.RaftServerConfigKeys (ConfUtils.java:logGet(43)) - raft.server.log.statemachine.data.sync = true (default)
2019-11-16 13:05:35,074 [pool-37-thread-1] INFO  server.RaftServerConfigKeys (ConfUtils.java:logGet(43)) - raft.server.log.statemachine.data.sync.timeout = 10s (default)
2019-11-16 13:05:35,074 [pool-37-thread-1] INFO  server.RaftServerConfigKeys (ConfUtils.java:logGet(43)) - raft.server.log.statemachine.data.sync.timeout.retry = -1 (default)
2019-11-16 13:05:35,075 [pool-37-thread-1] INFO  server.RaftServerConfigKeys (ConfUtils.java:logGet(43)) - raft.server.log.statemachine.data.caching.enabled = true (custom)
2019-11-16 13:05:35,075 [pool-37-thread-1] INFO  segmented.SegmentedRaftLogWorker (SegmentedRaftLogWorker.java:lambda$new$0(128)) - c3c7e958-9883-4fbe-b063-de98235d6943@group-EB3072CA9589-SegmentedRaftLogWorker: flushIndex: setUnconditionally 0 -> -1
2019-11-16 13:05:35,076 [pool-37-thread-1] INFO  server.RaftServerConfigKeys (ConfUtils.java:logGet(43)) - raft.server.snapshot.auto.trigger.enabled = true (custom)
2019-11-16 13:05:35,076 [pool-37-thread-1] INFO  server.RaftServerConfigKeys (ConfUtils.java:logGet(43)) - raft.server.snapshot.auto.trigger.threshold = 10000 (custom)
2019-11-16 13:05:35,076 [pool-37-thread-1] INFO  server.RaftServerConfigKeys (ConfUtils.java:logGet(43)) - raft.server.snapshot.retention.file.num = 5 (custom)
2019-11-16 13:05:35,076 [pool-37-thread-1] INFO  server.RaftServerConfigKeys (ConfUtils.java:logGet(43)) - raft.server.retrycache.expirytime = 600000ms (custom)
2019-11-16 13:05:35,076 [pool-37-thread-1] WARN  impl.MetricRegistriesImpl (MetricRegistriesImpl.java:lambda$create$1(61)) - First MetricRegistry has been created without registering reporters. You may need to call MetricRegistries.global().addReportRegistration(...) before.
2019-11-16 13:05:35,077 [pool-37-thread-1] WARN  impl.MetricRegistriesImpl (MetricRegistriesImpl.java:lambda$create$1(61)) - First MetricRegistry has been created without registering reporters. You may need to call MetricRegistries.global().addReportRegistration(...) before.
2019-11-16 13:05:35,077 [pool-37-thread-1] INFO  impl.RaftServerImpl (RaftServerImpl.java:start(184)) - c3c7e958-9883-4fbe-b063-de98235d6943@group-EB3072CA9589: start as a follower, conf=-1: [c3c7e958-9883-4fbe-b063-de98235d6943:192.168.69.84:45072], old=null
2019-11-16 13:05:35,077 [pool-37-thread-1] INFO  impl.RaftServerImpl (RaftServerImpl.java:setRole(173)) - c3c7e958-9883-4fbe-b063-de98235d6943@group-EB3072CA9589: changes role from      null to FOLLOWER at term 0 for startAsFollower
2019-11-16 13:05:35,077 [pool-37-thread-1] INFO  impl.RoleInfo (RoleInfo.java:updateAndGet(143)) - c3c7e958-9883-4fbe-b063-de98235d6943: start FollowerState
2019-11-16 13:05:35,078 [pool-37-thread-1] INFO  util.JmxRegister (JmxRegister.java:tryRegister(44)) - Successfully registered JMX Bean with object name Ratis:service=RaftServer,group=group-EB3072CA9589,id=c3c7e958-9883-4fbe-b063-de98235d6943
2019-11-16 13:05:35,078 [pool-37-thread-1] WARN  impl.MetricRegistriesImpl (MetricRegistriesImpl.java:lambda$create$1(61)) - First MetricRegistry has been created without registering reporters. You may need to call MetricRegistries.global().addReportRegistration(...) before.
2019-11-16 13:05:35,083 [RatisPipelineUtilsThread] INFO  pipeline.PipelineStateManager (PipelineStateManager.java:addPipeline(55)) - Created pipeline Pipeline[ Id: e4d709db-8498-4add-8d73-eb3072ca9589, Nodes: c3c7e958-9883-4fbe-b063-de98235d6943{ip: 192.168.69.84, host: pr-hdds-2508-jgffk-3148646922, networkLocation: /default-rack, certSerialId: null}, Type:RATIS, Factor:ONE, State:ALLOCATED]
2019-11-16 13:05:35,570 [main] INFO  ozone.MiniOzoneClusterImpl (MiniOzoneClusterImpl.java:lambda$waitForClusterToBeReady$2(163)) - Waiting for 4 number of pipelines out of 4, to report a leader.
2019-11-16 13:05:36,571 [main] INFO  ozone.MiniOzoneClusterImpl (MiniOzoneClusterImpl.java:lambda$waitForClusterToBeReady$2(163)) - Waiting for 4 number of pipelines out of 4, to report a leader.
2019-11-16 13:05:37,572 [main] INFO  ozone.MiniOzoneClusterImpl (MiniOzoneClusterImpl.java:lambda$waitForClusterToBeReady$2(163)) - Waiting for 4 number of pipelines out of 4, to report a leader.
2019-11-16 13:05:38,572 [main] INFO  ozone.MiniOzoneClusterImpl (MiniOzoneClusterImpl.java:lambda$waitForClusterToBeReady$2(163)) - Waiting for 4 number of pipelines out of 4, to report a leader.
2019-11-16 13:05:39,573 [main] INFO  ozone.MiniOzoneClusterImpl (MiniOzoneClusterImpl.java:lambda$waitForClusterToBeReady$2(163)) - Waiting for 4 number of pipelines out of 4, to report a leader.
2019-11-16 13:05:39,792 [Thread-200] INFO  impl.FollowerState (FollowerState.java:run(111)) - ce7b161b-b478-44a6-ba80-df77e3c8324c@group-DC8FA2F4F6DF-FollowerState: change to CANDIDATE, lastRpcTime:5103ms, electionTimeout:5103ms
2019-11-16 13:05:39,794 [Thread-200] INFO  impl.RoleInfo (RoleInfo.java:shutdownFollowerState(121)) - ce7b161b-b478-44a6-ba80-df77e3c8324c: shutdown FollowerState
2019-11-16 13:05:39,794 [Thread-200] INFO  impl.RaftServerImpl (RaftServerImpl.java:setRole(173)) - ce7b161b-b478-44a6-ba80-df77e3c8324c@group-DC8FA2F4F6DF: changes role from  FOLLOWER to CANDIDATE at term 0 for changeToCandidate
2019-11-16 13:05:39,800 [Thread-200] INFO  impl.RoleInfo (RoleInfo.java:updateAndGet(143)) - ce7b161b-b478-44a6-ba80-df77e3c8324c: start LeaderElection
2019-11-16 13:05:39,831 [Thread-204] INFO  impl.FollowerState (FollowerState.java:run(111)) - 44937579-fd9e-42f3-96b7-3931c17c73cd@group-ED13B1E2DE12-FollowerState: change to CANDIDATE, lastRpcTime:5043ms, electionTimeout:5043ms
2019-11-16 13:05:39,831 [Thread-204] INFO  impl.RoleInfo (RoleInfo.java:shutdownFollowerState(121)) - 44937579-fd9e-42f3-96b7-3931c17c73cd: shutdown FollowerState
2019-11-16 13:05:39,832 [Thread-204] INFO  impl.RaftServerImpl (RaftServerImpl.java:setRole(173)) - 44937579-fd9e-42f3-96b7-3931c17c73cd@group-ED13B1E2DE12: changes role from  FOLLOWER to CANDIDATE at term 0 for changeToCandidate
2019-11-16 13:05:39,832 [Thread-204] INFO  impl.RoleInfo (RoleInfo.java:updateAndGet(143)) - 44937579-fd9e-42f3-96b7-3931c17c73cd: start LeaderElection
2019-11-16 13:05:39,837 [ce7b161b-b478-44a6-ba80-df77e3c8324c@group-DC8FA2F4F6DF-LeaderElection1] INFO  impl.LeaderElection (LeaderElection.java:askForVotes(178)) - ce7b161b-b478-44a6-ba80-df77e3c8324c@group-DC8FA2F4F6DF-LeaderElection1: begin an election at term 1 for -1: [ce7b161b-b478-44a6-ba80-df77e3c8324c:192.168.69.84:42106], old=null
2019-11-16 13:05:39,839 [ce7b161b-b478-44a6-ba80-df77e3c8324c@group-DC8FA2F4F6DF-LeaderElection1] INFO  impl.RoleInfo (RoleInfo.java:shutdownLeaderElection(134)) - ce7b161b-b478-44a6-ba80-df77e3c8324c: shutdown LeaderElection
2019-11-16 13:05:39,839 [44937579-fd9e-42f3-96b7-3931c17c73cd@group-ED13B1E2DE12-LeaderElection2] INFO  impl.LeaderElection (LeaderElection.java:askForVotes(178)) - 44937579-fd9e-42f3-96b7-3931c17c73cd@group-ED13B1E2DE12-LeaderElection2: begin an election at term 1 for -1: [44937579-fd9e-42f3-96b7-3931c17c73cd:192.168.69.84:43118], old=null
2019-11-16 13:05:39,840 [44937579-fd9e-42f3-96b7-3931c17c73cd@group-ED13B1E2DE12-LeaderElection2] INFO  impl.RoleInfo (RoleInfo.java:shutdownLeaderElection(134)) - 44937579-fd9e-42f3-96b7-3931c17c73cd: shutdown LeaderElection
2019-11-16 13:05:39,840 [ce7b161b-b478-44a6-ba80-df77e3c8324c@group-DC8FA2F4F6DF-LeaderElection1] INFO  impl.RaftServerImpl (RaftServerImpl.java:setRole(173)) - ce7b161b-b478-44a6-ba80-df77e3c8324c@group-DC8FA2F4F6DF: changes role from CANDIDATE to LEADER at term 1 for changeToLeader
2019-11-16 13:05:39,841 [44937579-fd9e-42f3-96b7-3931c17c73cd@group-ED13B1E2DE12-LeaderElection2] INFO  impl.RaftServerImpl (RaftServerImpl.java:setRole(173)) - 44937579-fd9e-42f3-96b7-3931c17c73cd@group-ED13B1E2DE12: changes role from CANDIDATE to LEADER at term 1 for changeToLeader
2019-11-16 13:05:39,841 [ce7b161b-b478-44a6-ba80-df77e3c8324c@group-DC8FA2F4F6DF-LeaderElection1] INFO  ratis.XceiverServerRatis (XceiverServerRatis.java:handleLeaderChangedNotification(697)) - Leader change notification received for group: group-DC8FA2F4F6DF with new leaderId: ce7b161b-b478-44a6-ba80-df77e3c8324c
2019-11-16 13:05:39,841 [44937579-fd9e-42f3-96b7-3931c17c73cd@group-ED13B1E2DE12-LeaderElection2] INFO  ratis.XceiverServerRatis (XceiverServerRatis.java:handleLeaderChangedNotification(697)) - Leader change notification received for group: group-ED13B1E2DE12 with new leaderId: 44937579-fd9e-42f3-96b7-3931c17c73cd
2019-11-16 13:05:39,846 [44937579-fd9e-42f3-96b7-3931c17c73cd@group-ED13B1E2DE12-LeaderElection2] INFO  impl.RaftServerImpl (ServerState.java:setLeader(255)) - 44937579-fd9e-42f3-96b7-3931c17c73cd@group-ED13B1E2DE12: change Leader from null to 44937579-fd9e-42f3-96b7-3931c17c73cd at term 1 for becomeLeader, leader elected after 5059ms
2019-11-16 13:05:39,846 [ce7b161b-b478-44a6-ba80-df77e3c8324c@group-DC8FA2F4F6DF-LeaderElection1] INFO  impl.RaftServerImpl (ServerState.java:setLeader(255)) - ce7b161b-b478-44a6-ba80-df77e3c8324c@group-DC8FA2F4F6DF: change Leader from null to ce7b161b-b478-44a6-ba80-df77e3c8324c at term 1 for becomeLeader, leader elected after 5158ms
2019-11-16 13:05:39,855 [ce7b161b-b478-44a6-ba80-df77e3c8324c@group-DC8FA2F4F6DF-LeaderElection1] INFO  server.RaftServerConfigKeys (ConfUtils.java:logGet(43)) - raft.server.staging.catchup.gap = 1000 (default)
2019-11-16 13:05:39,855 [44937579-fd9e-42f3-96b7-3931c17c73cd@group-ED13B1E2DE12-LeaderElection2] INFO  server.RaftServerConfigKeys (ConfUtils.java:logGet(43)) - raft.server.staging.catchup.gap = 1000 (default)
2019-11-16 13:05:39,855 [ce7b161b-b478-44a6-ba80-df77e3c8324c@group-DC8FA2F4F6DF-LeaderElection1] INFO  server.RaftServerConfigKeys (ConfUtils.java:logGet(43)) - raft.server.rpc.sleep.time = 25ms (default)
2019-11-16 13:05:39,855 [44937579-fd9e-42f3-96b7-3931c17c73cd@group-ED13B1E2DE12-LeaderElection2] INFO  server.RaftServerConfigKeys (ConfUtils.java:logGet(43)) - raft.server.rpc.sleep.time = 25ms (default)
2019-11-16 13:05:39,861 [ce7b161b-b478-44a6-ba80-df77e3c8324c@group-DC8FA2F4F6DF-LeaderElection1] INFO  server.RaftServerConfigKeys (ConfUtils.java:logGet(43)) - raft.server.write.element-limit = 4096 (default)
2019-11-16 13:05:39,861 [44937579-fd9e-42f3-96b7-3931c17c73cd@group-ED13B1E2DE12-LeaderElection2] INFO  server.RaftServerConfigKeys (ConfUtils.java:logGet(43)) - raft.server.write.element-limit = 4096 (default)
2019-11-16 13:05:39,866 [44937579-fd9e-42f3-96b7-3931c17c73cd@group-ED13B1E2DE12-LeaderElection2] INFO  server.RaftServerConfigKeys (ConfUtils.java:logGet(43)) - raft.server.watch.timeout = 10s (default)
2019-11-16 13:05:39,866 [ce7b161b-b478-44a6-ba80-df77e3c8324c@group-DC8FA2F4F6DF-LeaderElection1] INFO  server.RaftServerConfigKeys (ConfUtils.java:logGet(43)) - raft.server.watch.timeout = 10s (default)
2019-11-16 13:05:39,866 [44937579-fd9e-42f3-96b7-3931c17c73cd@group-ED13B1E2DE12-LeaderElection2] INFO  server.RaftServerConfigKeys (ConfUtils.java:logGet(43)) - raft.server.watch.timeout.denomination = 1s (default)
2019-11-16 13:05:39,866 [ce7b161b-b478-44a6-ba80-df77e3c8324c@group-DC8FA2F4F6DF-LeaderElection1] INFO  server.RaftServerConfigKeys (ConfUtils.java:logGet(43)) - raft.server.watch.timeout.denomination = 1s (default)
2019-11-16 13:05:39,867 [44937579-fd9e-42f3-96b7-3931c17c73cd@group-ED13B1E2DE12-LeaderElection2] INFO  server.RaftServerConfigKeys (ConfUtils.java:logGet(43)) - raft.server.watch.element-limit = 65536 (default)
2019-11-16 13:05:39,867 [ce7b161b-b478-44a6-ba80-df77e3c8324c@group-DC8FA2F4F6DF-LeaderElection1] INFO  server.RaftServerConfigKeys (ConfUtils.java:logGet(43)) - raft.server.watch.element-limit = 65536 (default)
2019-11-16 13:05:39,871 [EventQueue-PipelineReportForPipelineReportHandler] INFO  pipeline.PipelineStateManager (PipelineStateManager.java:openPipeline(134)) - Pipeline Pipeline[ Id: 016a1c23-0b35-49ef-ae2e-dc8fa2f4f6df, Nodes: ce7b161b-b478-44a6-ba80-df77e3c8324c{ip: 192.168.69.84, host: pr-hdds-2508-jgffk-3148646922, networkLocation: /default-rack, certSerialId: null}, Type:RATIS, Factor:ONE, State:OPEN] moved to OPEN state
2019-11-16 13:05:39,871 [EventQueue-PipelineReportForPipelineReportHandler] INFO  pipeline.PipelineStateManager (PipelineStateManager.java:openPipeline(134)) - Pipeline Pipeline[ Id: 6b64f8b1-ea14-42c7-8bc4-ed13b1e2de12, Nodes: 44937579-fd9e-42f3-96b7-3931c17c73cd{ip: 192.168.69.84, host: pr-hdds-2508-jgffk-3148646922, networkLocation: /default-rack, certSerialId: null}, Type:RATIS, Factor:ONE, State:OPEN] moved to OPEN state
2019-11-16 13:05:39,883 [44937579-fd9e-42f3-96b7-3931c17c73cd@group-ED13B1E2DE12-LeaderElection2] INFO  impl.RoleInfo (RoleInfo.java:updateAndGet(143)) - 44937579-fd9e-42f3-96b7-3931c17c73cd: start LeaderState
2019-11-16 13:05:39,883 [ce7b161b-b478-44a6-ba80-df77e3c8324c@group-DC8FA2F4F6DF-LeaderElection1] INFO  impl.RoleInfo (RoleInfo.java:updateAndGet(143)) - ce7b161b-b478-44a6-ba80-df77e3c8324c: start LeaderState
2019-11-16 13:05:39,904 [ce7b161b-b478-44a6-ba80-df77e3c8324c@group-DC8FA2F4F6DF-LeaderElection1] INFO  segmented.SegmentedRaftLogWorker (SegmentedRaftLogWorker.java:startLogSegment(385)) - ce7b161b-b478-44a6-ba80-df77e3c8324c@group-DC8FA2F4F6DF-SegmentedRaftLogWorker: Starting segment from index:0
2019-11-16 13:05:39,904 [44937579-fd9e-42f3-96b7-3931c17c73cd@group-ED13B1E2DE12-LeaderElection2] INFO  segmented.SegmentedRaftLogWorker (SegmentedRaftLogWorker.java:startLogSegment(385)) - 44937579-fd9e-42f3-96b7-3931c17c73cd@group-ED13B1E2DE12-SegmentedRaftLogWorker: Starting segment from index:0
2019-11-16 13:05:39,916 [ce7b161b-b478-44a6-ba80-df77e3c8324c@group-DC8FA2F4F6DF-LeaderElection1] INFO  impl.RaftServerImpl (ServerState.java:setRaftConf(356)) - ce7b161b-b478-44a6-ba80-df77e3c8324c@group-DC8FA2F4F6DF: set configuration 0: [ce7b161b-b478-44a6-ba80-df77e3c8324c:192.168.69.84:42106], old=null at 0
2019-11-16 13:05:39,916 [44937579-fd9e-42f3-96b7-3931c17c73cd@group-ED13B1E2DE12-LeaderElection2] INFO  impl.RaftServerImpl (ServerState.java:setRaftConf(356)) - 44937579-fd9e-42f3-96b7-3931c17c73cd@group-ED13B1E2DE12: set configuration 0: [44937579-fd9e-42f3-96b7-3931c17c73cd:192.168.69.84:43118], old=null at 0
2019-11-16 13:05:40,055 [Thread-214] INFO  impl.FollowerState (FollowerState.java:run(111)) - c3c7e958-9883-4fbe-b063-de98235d6943@group-455F4A12DCED-FollowerState: change to CANDIDATE, lastRpcTime:5072ms, electionTimeout:5072ms
2019-11-16 13:05:40,056 [Thread-214] INFO  impl.RoleInfo (RoleInfo.java:shutdownFollowerState(121)) - c3c7e958-9883-4fbe-b063-de98235d6943: shutdown FollowerState
2019-11-16 13:05:40,056 [Thread-214] INFO  impl.RaftServerImpl (RaftServerImpl.java:setRole(173)) - c3c7e958-9883-4fbe-b063-de98235d6943@group-455F4A12DCED: changes role from  FOLLOWER to CANDIDATE at term 0 for changeToCandidate
2019-11-16 13:05:40,056 [Thread-214] INFO  impl.RoleInfo (RoleInfo.java:updateAndGet(143)) - c3c7e958-9883-4fbe-b063-de98235d6943: start LeaderElection
2019-11-16 13:05:40,072 [c3c7e958-9883-4fbe-b063-de98235d6943@group-455F4A12DCED-LeaderElection3] INFO  impl.LeaderElection (LeaderElection.java:askForVotes(178)) - c3c7e958-9883-4fbe-b063-de98235d6943@group-455F4A12DCED-LeaderElection3: begin an election at term 1 for -1: [ce7b161b-b478-44a6-ba80-df77e3c8324c:192.168.69.84:42106, c3c7e958-9883-4fbe-b063-de98235d6943:192.168.69.84:45072, 44937579-fd9e-42f3-96b7-3931c17c73cd:192.168.69.84:43118], old=null
2019-11-16 13:05:40,107 [Thread-215] INFO  impl.FollowerState (FollowerState.java:run(111)) - 44937579-fd9e-42f3-96b7-3931c17c73cd@group-455F4A12DCED-FollowerState: change to CANDIDATE, lastRpcTime:5123ms, electionTimeout:5101ms
2019-11-16 13:05:40,107 [Thread-215] INFO  impl.RoleInfo (RoleInfo.java:shutdownFollowerState(121)) - 44937579-fd9e-42f3-96b7-3931c17c73cd: shutdown FollowerState
2019-11-16 13:05:40,107 [Thread-215] INFO  impl.RaftServerImpl (RaftServerImpl.java:setRole(173)) - 44937579-fd9e-42f3-96b7-3931c17c73cd@group-455F4A12DCED: changes role from  FOLLOWER to CANDIDATE at term 0 for changeToCandidate
2019-11-16 13:05:40,107 [Thread-215] INFO  impl.RoleInfo (RoleInfo.java:updateAndGet(143)) - 44937579-fd9e-42f3-96b7-3931c17c73cd: start LeaderElection
2019-11-16 13:05:40,124 [grpc-default-executor-0] INFO  impl.RaftServerImpl (RaftServerImpl.java:setRole(173)) - ce7b161b-b478-44a6-ba80-df77e3c8324c@group-455F4A12DCED: changes role from  FOLLOWER to FOLLOWER at term 1 for recognizeCandidate:c3c7e958-9883-4fbe-b063-de98235d6943
2019-11-16 13:05:40,124 [grpc-default-executor-0] INFO  impl.RoleInfo (RoleInfo.java:shutdownFollowerState(121)) - ce7b161b-b478-44a6-ba80-df77e3c8324c: shutdown FollowerState
2019-11-16 13:05:40,125 [Thread-210] INFO  impl.FollowerState (FollowerState.java:run(120)) - ce7b161b-b478-44a6-ba80-df77e3c8324c@group-455F4A12DCED-FollowerState was interrupted: java.lang.InterruptedException: sleep interrupted
2019-11-16 13:05:40,125 [grpc-default-executor-0] INFO  impl.RoleInfo (RoleInfo.java:updateAndGet(143)) - ce7b161b-b478-44a6-ba80-df77e3c8324c: start FollowerState
2019-11-16 13:05:40,135 [ce7b161b-b478-44a6-ba80-df77e3c8324c@group-DC8FA2F4F6DF-SegmentedRaftLogWorker] INFO  segmented.SegmentedRaftLogWorker (SegmentedRaftLogWorker.java:execute(576)) - ce7b161b-b478-44a6-ba80-df77e3c8324c@group-DC8FA2F4F6DF-SegmentedRaftLogWorker: created new log segment /workdir/hadoop-ozone/tools/target/test-dir/MiniOzoneClusterImpl-eb0973ae-92a9-46ee-85ce-ef1f9c3ff6e2/datanode-0/data/ratis/016a1c23-0b35-49ef-ae2e-dc8fa2f4f6df/current/log_inprogress_0
2019-11-16 13:05:40,135 [44937579-fd9e-42f3-96b7-3931c17c73cd@group-ED13B1E2DE12-SegmentedRaftLogWorker] INFO  segmented.SegmentedRaftLogWorker (SegmentedRaftLogWorker.java:execute(576)) - 44937579-fd9e-42f3-96b7-3931c17c73cd@group-ED13B1E2DE12-SegmentedRaftLogWorker: created new log segment /workdir/hadoop-ozone/tools/target/test-dir/MiniOzoneClusterImpl-eb0973ae-92a9-46ee-85ce-ef1f9c3ff6e2/datanode-2/data/ratis/6b64f8b1-ea14-42c7-8bc4-ed13b1e2de12/current/log_inprogress_0
2019-11-16 13:05:40,136 [44937579-fd9e-42f3-96b7-3931c17c73cd@group-455F4A12DCED-LeaderElection4] INFO  impl.LeaderElection (LeaderElection.java:askForVotes(178)) - 44937579-fd9e-42f3-96b7-3931c17c73cd@group-455F4A12DCED-LeaderElection4: begin an election at term 1 for -1: [ce7b161b-b478-44a6-ba80-df77e3c8324c:192.168.69.84:42106, c3c7e958-9883-4fbe-b063-de98235d6943:192.168.69.84:45072, 44937579-fd9e-42f3-96b7-3931c17c73cd:192.168.69.84:43118], old=null
2019-11-16 13:05:40,162 [44937579-fd9e-42f3-96b7-3931c17c73cd@group-455F4A12DCED-LeaderElection4] INFO  impl.LeaderElection (LeaderElection.java:logAndReturn(56)) - 44937579-fd9e-42f3-96b7-3931c17c73cd@group-455F4A12DCED-LeaderElection4: Election REJECTED; received 2 response(s) [44937579-fd9e-42f3-96b7-3931c17c73cd<-ce7b161b-b478-44a6-ba80-df77e3c8324c#0:FAIL-t1, 44937579-fd9e-42f3-96b7-3931c17c73cd<-c3c7e958-9883-4fbe-b063-de98235d6943#0:FAIL-t1] and 0 exception(s); 44937579-fd9e-42f3-96b7-3931c17c73cd@group-455F4A12DCED:t1, leader=null, voted=44937579-fd9e-42f3-96b7-3931c17c73cd, raftlog=44937579-fd9e-42f3-96b7-3931c17c73cd@group-455F4A12DCED-SegmentedRaftLog:OPENED:c-1,f-1,i0, conf=-1: [ce7b161b-b478-44a6-ba80-df77e3c8324c:192.168.69.84:42106, c3c7e958-9883-4fbe-b063-de98235d6943:192.168.69.84:45072, 44937579-fd9e-42f3-96b7-3931c17c73cd:192.168.69.84:43118], old=null
2019-11-16 13:05:40,162 [c3c7e958-9883-4fbe-b063-de98235d6943@group-455F4A12DCED-LeaderElection3] INFO  impl.LeaderElection (LeaderElection.java:logAndReturn(56)) - c3c7e958-9883-4fbe-b063-de98235d6943@group-455F4A12DCED-LeaderElection3: Election PASSED; received 2 response(s) [c3c7e958-9883-4fbe-b063-de98235d6943<-ce7b161b-b478-44a6-ba80-df77e3c8324c#0:OK-t1, c3c7e958-9883-4fbe-b063-de98235d6943<-44937579-fd9e-42f3-96b7-3931c17c73cd#0:FAIL-t1] and 0 exception(s); c3c7e958-9883-4fbe-b063-de98235d6943@group-455F4A12DCED:t1, leader=null, voted=c3c7e958-9883-4fbe-b063-de98235d6943, raftlog=c3c7e958-9883-4fbe-b063-de98235d6943@group-455F4A12DCED-SegmentedRaftLog:OPENED:c-1,f-1,i0, conf=-1: [ce7b161b-b478-44a6-ba80-df77e3c8324c:192.168.69.84:42106, c3c7e958-9883-4fbe-b063-de98235d6943:192.168.69.84:45072, 44937579-fd9e-42f3-96b7-3931c17c73cd:192.168.69.84:43118], old=null
2019-11-16 13:05:40,163 [44937579-fd9e-42f3-96b7-3931c17c73cd@group-455F4A12DCED-LeaderElection4] INFO  impl.RaftServerImpl (RaftServerImpl.java:setRole(173)) - 44937579-fd9e-42f3-96b7-3931c17c73cd@group-455F4A12DCED: changes role from CANDIDATE to FOLLOWER at term 1 for DISCOVERED_A_NEW_TERM
2019-11-16 13:05:40,164 [c3c7e958-9883-4fbe-b063-de98235d6943@group-455F4A12DCED-LeaderElection3] INFO  impl.RoleInfo (RoleInfo.java:shutdownLeaderElection(134)) - c3c7e958-9883-4fbe-b063-de98235d6943: shutdown LeaderElection
2019-11-16 13:05:40,165 [44937579-fd9e-42f3-96b7-3931c17c73cd@group-455F4A12DCED-LeaderElection4] INFO  impl.RoleInfo (RoleInfo.java:shutdownLeaderElection(134)) - 44937579-fd9e-42f3-96b7-3931c17c73cd: shutdown LeaderElection
2019-11-16 13:05:40,165 [c3c7e958-9883-4fbe-b063-de98235d6943@group-455F4A12DCED-LeaderElection3] INFO  impl.RaftServerImpl (RaftServerImpl.java:setRole(173)) - c3c7e958-9883-4fbe-b063-de98235d6943@group-455F4A12DCED: changes role from CANDIDATE to LEADER at term 1 for changeToLeader
2019-11-16 13:05:40,167 [c3c7e958-9883-4fbe-b063-de98235d6943@group-455F4A12DCED-LeaderElection3] INFO  ratis.XceiverServerRatis (XceiverServerRatis.java:handleLeaderChangedNotification(697)) - Leader change notification received for group: group-455F4A12DCED with new leaderId: c3c7e958-9883-4fbe-b063-de98235d6943
2019-11-16 13:05:40,167 [44937579-fd9e-42f3-96b7-3931c17c73cd@group-455F4A12DCED-LeaderElection4] INFO  impl.RoleInfo (RoleInfo.java:updateAndGet(143)) - 44937579-fd9e-42f3-96b7-3931c17c73cd: start FollowerState
2019-11-16 13:05:40,168 [c3c7e958-9883-4fbe-b063-de98235d6943@group-455F4A12DCED-LeaderElection3] INFO  impl.RaftServerImpl (ServerState.java:setLeader(255)) - c3c7e958-9883-4fbe-b063-de98235d6943@group-455F4A12DCED: change Leader from null to c3c7e958-9883-4fbe-b063-de98235d6943 at term 1 for becomeLeader, leader elected after 5194ms
2019-11-16 13:05:40,169 [c3c7e958-9883-4fbe-b063-de98235d6943@group-455F4A12DCED-LeaderElection3] INFO  server.RaftServerConfigKeys (ConfUtils.java:logGet(43)) - raft.server.staging.catchup.gap = 1000 (default)
2019-11-16 13:05:40,169 [c3c7e958-9883-4fbe-b063-de98235d6943@group-455F4A12DCED-LeaderElection3] INFO  server.RaftServerConfigKeys (ConfUtils.java:logGet(43)) - raft.server.rpc.sleep.time = 25ms (default)
2019-11-16 13:05:40,170 [c3c7e958-9883-4fbe-b063-de98235d6943@group-455F4A12DCED-LeaderElection3] INFO  server.RaftServerConfigKeys (ConfUtils.java:logGet(43)) - raft.server.write.element-limit = 4096 (default)
2019-11-16 13:05:40,170 [c3c7e958-9883-4fbe-b063-de98235d6943@group-455F4A12DCED-LeaderElection3] INFO  server.RaftServerConfigKeys (ConfUtils.java:logGet(43)) - raft.server.watch.timeout = 10s (default)
2019-11-16 13:05:40,171 [c3c7e958-9883-4fbe-b063-de98235d6943@group-455F4A12DCED-LeaderElection3] INFO  server.RaftServerConfigKeys (ConfUtils.java:logGet(43)) - raft.server.watch.timeout.denomination = 1s (default)
2019-11-16 13:05:40,171 [c3c7e958-9883-4fbe-b063-de98235d6943@group-455F4A12DCED-LeaderElection3] INFO  server.RaftServerConfigKeys (ConfUtils.java:logGet(43)) - raft.server.watch.element-limit = 65536 (default)
2019-11-16 13:05:40,172 [EventQueue-PipelineReportForPipelineReportHandler] INFO  pipeline.PipelineStateManager (PipelineStateManager.java:openPipeline(134)) - Pipeline Pipeline[ Id: f24f4bcb-91c3-47ac-a768-455f4a12dced, Nodes: 44937579-fd9e-42f3-96b7-3931c17c73cd{ip: 192.168.69.84, host: pr-hdds-2508-jgffk-3148646922, networkLocation: /default-rack, certSerialId: null}c3c7e958-9883-4fbe-b063-de98235d6943{ip: 192.168.69.84, host: pr-hdds-2508-jgffk-3148646922, networkLocation: /default-rack, certSerialId: null}ce7b161b-b478-44a6-ba80-df77e3c8324c{ip: 192.168.69.84, host: pr-hdds-2508-jgffk-3148646922, networkLocation: /default-rack, certSerialId: null}, Type:RATIS, Factor:THREE, State:OPEN] moved to OPEN state
2019-11-16 13:05:40,174 [c3c7e958-9883-4fbe-b063-de98235d6943@group-455F4A12DCED-LeaderElection3] INFO  server.RaftServerConfigKeys (ConfUtils.java:logGet(43)) - raft.server.log.appender.snapshot.chunk.size.max = 16MB (=16777216) (default)
2019-11-16 13:05:40,175 [c3c7e958-9883-4fbe-b063-de98235d6943@group-455F4A12DCED-LeaderElection3] INFO  server.RaftServerConfigKeys (ConfUtils.java:logGet(43)) - raft.server.log.appender.buffer.byte-limit = 33554432 (custom)
2019-11-16 13:05:40,175 [c3c7e958-9883-4fbe-b063-de98235d6943@group-455F4A12DCED-LeaderElection3] INFO  server.RaftServerConfigKeys (ConfUtils.java:logGet(43)) - raft.server.log.appender.buffer.element-limit = 1 (custom)
2019-11-16 13:05:40,180 [c3c7e958-9883-4fbe-b063-de98235d6943@group-455F4A12DCED-LeaderElection3] INFO  grpc.GrpcConfigKeys$Server (ConfUtils.java:logGet(43)) - raft.grpc.server.leader.outstanding.appends.max = 128 (default)
2019-11-16 13:05:40,180 [c3c7e958-9883-4fbe-b063-de98235d6943@group-455F4A12DCED-LeaderElection3] INFO  server.RaftServerConfigKeys (ConfUtils.java:logGet(43)) - raft.server.rpc.request.timeout = 3000ms (default)
2019-11-16 13:05:40,180 [c3c7e958-9883-4fbe-b063-de98235d6943@group-455F4A12DCED-LeaderElection3] INFO  server.RaftServerConfigKeys (ConfUtils.java:logGet(43)) - raft.server.log.appender.install.snapshot.enabled = false (custom)
2019-11-16 13:05:40,182 [c3c7e958-9883-4fbe-b063-de98235d6943@group-455F4A12DCED-LeaderElection3] WARN  impl.MetricRegistriesImpl (MetricRegistriesImpl.java:lambda$create$1(61)) - First MetricRegistry has been created without registering reporters. You may need to call MetricRegistries.global().addReportRegistration(...) before.
2019-11-16 13:05:40,183 [Thread-220] INFO  impl.FollowerState (FollowerState.java:run(111)) - c3c7e958-9883-4fbe-b063-de98235d6943@group-EB3072CA9589-FollowerState: change to CANDIDATE, lastRpcTime:5105ms, electionTimeout:5105ms
2019-11-16 13:05:40,184 [c3c7e958-9883-4fbe-b063-de98235d6943@group-455F4A12DCED-LeaderElection3] INFO  server.RaftServerConfigKeys (ConfUtils.java:logGet(43)) - raft.server.log.appender.snapshot.chunk.size.max = 16MB (=16777216) (default)
2019-11-16 13:05:40,184 [Thread-220] INFO  impl.RoleInfo (RoleInfo.java:shutdownFollowerState(121)) - c3c7e958-9883-4fbe-b063-de98235d6943: shutdown FollowerState
2019-11-16 13:05:40,184 [c3c7e958-9883-4fbe-b063-de98235d6943@group-455F4A12DCED-LeaderElection3] INFO  server.RaftServerConfigKeys (ConfUtils.java:logGet(43)) - raft.server.log.appender.buffer.byte-limit = 33554432 (custom)
2019-11-16 13:05:40,184 [Thread-220] INFO  impl.RaftServerImpl (RaftServerImpl.java:setRole(173)) - c3c7e958-9883-4fbe-b063-de98235d6943@group-EB3072CA9589: changes role from  FOLLOWER to CANDIDATE at term 0 for changeToCandidate
2019-11-16 13:05:40,184 [c3c7e958-9883-4fbe-b063-de98235d6943@group-455F4A12DCED-LeaderElection3] INFO  server.RaftServerConfigKeys (ConfUtils.java:logGet(43)) - raft.server.log.appender.buffer.element-limit = 1 (custom)
2019-11-16 13:05:40,185 [Thread-220] INFO  impl.RoleInfo (RoleInfo.java:updateAndGet(143)) - c3c7e958-9883-4fbe-b063-de98235d6943: start LeaderElection
2019-11-16 13:05:40,185 [c3c7e958-9883-4fbe-b063-de98235d6943@group-455F4A12DCED-LeaderElection3] INFO  grpc.GrpcConfigKeys$Server (ConfUtils.java:logGet(43)) - raft.grpc.server.leader.outstanding.appends.max = 128 (default)
2019-11-16 13:05:40,185 [c3c7e958-9883-4fbe-b063-de98235d6943@group-455F4A12DCED-LeaderElection3] INFO  server.RaftServerConfigKeys (ConfUtils.java:logGet(43)) - raft.server.rpc.request.timeout = 3000ms (default)
2019-11-16 13:05:40,187 [c3c7e958-9883-4fbe-b063-de98235d6943@group-455F4A12DCED-LeaderElection3] INFO  server.RaftServerConfigKeys (ConfUtils.java:logGet(43)) - raft.server.log.appender.install.snapshot.enabled = false (custom)
2019-11-16 13:05:40,191 [c3c7e958-9883-4fbe-b063-de98235d6943@group-455F4A12DCED-LeaderElection3] INFO  impl.RoleInfo (RoleInfo.java:updateAndGet(143)) - c3c7e958-9883-4fbe-b063-de98235d6943: start LeaderState
2019-11-16 13:05:40,191 [c3c7e958-9883-4fbe-b063-de98235d6943@group-455F4A12DCED-LeaderElection3] INFO  segmented.SegmentedRaftLogWorker (SegmentedRaftLogWorker.java:startLogSegment(385)) - c3c7e958-9883-4fbe-b063-de98235d6943@group-455F4A12DCED-SegmentedRaftLogWorker: Starting segment from index:0
2019-11-16 13:05:40,192 [c3c7e958-9883-4fbe-b063-de98235d6943@group-455F4A12DCED-LeaderElection3] INFO  impl.RaftServerImpl (ServerState.java:setRaftConf(356)) - c3c7e958-9883-4fbe-b063-de98235d6943@group-455F4A12DCED: set configuration 0: [ce7b161b-b478-44a6-ba80-df77e3c8324c:192.168.69.84:42106, c3c7e958-9883-4fbe-b063-de98235d6943:192.168.69.84:45072, 44937579-fd9e-42f3-96b7-3931c17c73cd:192.168.69.84:43118], old=null at 0
2019-11-16 13:05:40,233 [c3c7e958-9883-4fbe-b063-de98235d6943@group-EB3072CA9589-LeaderElection5] INFO  impl.LeaderElection (LeaderElection.java:askForVotes(178)) - c3c7e958-9883-4fbe-b063-de98235d6943@group-EB3072CA9589-LeaderElection5: begin an election at term 1 for -1: [c3c7e958-9883-4fbe-b063-de98235d6943:192.168.69.84:45072], old=null
2019-11-16 13:05:40,233 [c3c7e958-9883-4fbe-b063-de98235d6943@group-EB3072CA9589-LeaderElection5] INFO  impl.RoleInfo (RoleInfo.java:shutdownLeaderElection(134)) - c3c7e958-9883-4fbe-b063-de98235d6943: shutdown LeaderElection
2019-11-16 13:05:40,233 [c3c7e958-9883-4fbe-b063-de98235d6943@group-EB3072CA9589-LeaderElection5] INFO  impl.RaftServerImpl (RaftServerImpl.java:setRole(173)) - c3c7e958-9883-4fbe-b063-de98235d6943@group-EB3072CA9589: changes role from CANDIDATE to LEADER at term 1 for changeToLeader
2019-11-16 13:05:40,233 [c3c7e958-9883-4fbe-b063-de98235d6943@group-EB3072CA9589-LeaderElection5] INFO  ratis.XceiverServerRatis (XceiverServerRatis.java:handleLeaderChangedNotification(697)) - Leader change notification received for group: group-EB3072CA9589 with new leaderId: c3c7e958-9883-4fbe-b063-de98235d6943
2019-11-16 13:05:40,234 [c3c7e958-9883-4fbe-b063-de98235d6943@group-EB3072CA9589-LeaderElection5] INFO  impl.RaftServerImpl (ServerState.java:setLeader(255)) - c3c7e958-9883-4fbe-b063-de98235d6943@group-EB3072CA9589: change Leader from null to c3c7e958-9883-4fbe-b063-de98235d6943 at term 1 for becomeLeader, leader elected after 5161ms
2019-11-16 13:05:40,234 [c3c7e958-9883-4fbe-b063-de98235d6943@group-EB3072CA9589-LeaderElection5] INFO  server.RaftServerConfigKeys (ConfUtils.java:logGet(43)) - raft.server.staging.catchup.gap = 1000 (default)
2019-11-16 13:05:40,234 [c3c7e958-9883-4fbe-b063-de98235d6943@group-EB3072CA9589-LeaderElection5] INFO  server.RaftServerConfigKeys (ConfUtils.java:logGet(43)) - raft.server.rpc.sleep.time = 25ms (default)
2019-11-16 13:05:40,235 [c3c7e958-9883-4fbe-b063-de98235d6943@group-EB3072CA9589-LeaderElection5] INFO  server.RaftServerConfigKeys (ConfUtils.java:logGet(43)) - raft.server.write.element-limit = 4096 (default)
2019-11-16 13:05:40,237 [c3c7e958-9883-4fbe-b063-de98235d6943@group-EB3072CA9589-LeaderElection5] INFO  server.RaftServerConfigKeys (ConfUtils.java:logGet(43)) - raft.server.watch.timeout = 10s (default)
2019-11-16 13:05:40,237 [c3c7e958-9883-4fbe-b063-de98235d6943@group-EB3072CA9589-LeaderElection5] INFO  server.RaftServerConfigKeys (ConfUtils.java:logGet(43)) - raft.server.watch.timeout.denomination = 1s (default)
2019-11-16 13:05:40,237 [c3c7e958-9883-4fbe-b063-de98235d6943@group-EB3072CA9589-LeaderElection5] INFO  server.RaftServerConfigKeys (ConfUtils.java:logGet(43)) - raft.server.watch.element-limit = 65536 (default)
2019-11-16 13:05:40,237 [c3c7e958-9883-4fbe-b063-de98235d6943@group-EB3072CA9589-LeaderElection5] INFO  impl.RoleInfo (RoleInfo.java:updateAndGet(143)) - c3c7e958-9883-4fbe-b063-de98235d6943: start LeaderState
2019-11-16 13:05:40,237 [EventQueue-PipelineReportForPipelineReportHandler] INFO  pipeline.PipelineStateManager (PipelineStateManager.java:openPipeline(134)) - Pipeline Pipeline[ Id: e4d709db-8498-4add-8d73-eb3072ca9589, Nodes: c3c7e958-9883-4fbe-b063-de98235d6943{ip: 192.168.69.84, host: pr-hdds-2508-jgffk-3148646922, networkLocation: /default-rack, certSerialId: null}, Type:RATIS, Factor:ONE, State:OPEN] moved to OPEN state
2019-11-16 13:05:40,238 [c3c7e958-9883-4fbe-b063-de98235d6943@group-EB3072CA9589-LeaderElection5] INFO  segmented.SegmentedRaftLogWorker (SegmentedRaftLogWorker.java:startLogSegment(385)) - c3c7e958-9883-4fbe-b063-de98235d6943@group-EB3072CA9589-SegmentedRaftLogWorker: Starting segment from index:0
2019-11-16 13:05:40,239 [c3c7e958-9883-4fbe-b063-de98235d6943@group-EB3072CA9589-LeaderElection5] INFO  impl.RaftServerImpl (ServerState.java:setRaftConf(356)) - c3c7e958-9883-4fbe-b063-de98235d6943@group-EB3072CA9589: set configuration 0: [c3c7e958-9883-4fbe-b063-de98235d6943:192.168.69.84:45072], old=null at 0
2019-11-16 13:05:40,278 [c3c7e958-9883-4fbe-b063-de98235d6943@group-455F4A12DCED-SegmentedRaftLogWorker] INFO  segmented.SegmentedRaftLogWorker (SegmentedRaftLogWorker.java:execute(576)) - c3c7e958-9883-4fbe-b063-de98235d6943@group-455F4A12DCED-SegmentedRaftLogWorker: created new log segment /workdir/hadoop-ozone/tools/target/test-dir/MiniOzoneClusterImpl-eb0973ae-92a9-46ee-85ce-ef1f9c3ff6e2/datanode-1/data/ratis/f24f4bcb-91c3-47ac-a768-455f4a12dced/current/log_inprogress_0
2019-11-16 13:05:40,304 [c3c7e958-9883-4fbe-b063-de98235d6943@group-EB3072CA9589-SegmentedRaftLogWorker] INFO  segmented.SegmentedRaftLogWorker (SegmentedRaftLogWorker.java:execute(576)) - c3c7e958-9883-4fbe-b063-de98235d6943@group-EB3072CA9589-SegmentedRaftLogWorker: created new log segment /workdir/hadoop-ozone/tools/target/test-dir/MiniOzoneClusterImpl-eb0973ae-92a9-46ee-85ce-ef1f9c3ff6e2/datanode-1/data/ratis/e4d709db-8498-4add-8d73-eb3072ca9589/current/log_inprogress_0
2019-11-16 13:05:40,304 [grpc-default-executor-0] INFO  ratis.XceiverServerRatis (XceiverServerRatis.java:handleLeaderChangedNotification(697)) - Leader change notification received for group: group-455F4A12DCED with new leaderId: c3c7e958-9883-4fbe-b063-de98235d6943
2019-11-16 13:05:40,304 [grpc-default-executor-3] INFO  ratis.XceiverServerRatis (XceiverServerRatis.java:handleLeaderChangedNotification(697)) - Leader change notification received for group: group-455F4A12DCED with new leaderId: c3c7e958-9883-4fbe-b063-de98235d6943
2019-11-16 13:05:40,304 [grpc-default-executor-0] INFO  impl.RaftServerImpl (ServerState.java:setLeader(255)) - ce7b161b-b478-44a6-ba80-df77e3c8324c@group-455F4A12DCED: change Leader from null to c3c7e958-9883-4fbe-b063-de98235d6943 at term 1 for appendEntries, leader elected after 5331ms
2019-11-16 13:05:40,305 [grpc-default-executor-3] INFO  impl.RaftServerImpl (ServerState.java:setLeader(255)) - 44937579-fd9e-42f3-96b7-3931c17c73cd@group-455F4A12DCED: change Leader from null to c3c7e958-9883-4fbe-b063-de98235d6943 at term 1 for appendEntries, leader elected after 5331ms
2019-11-16 13:05:40,336 [grpc-default-executor-0] INFO  impl.RaftServerImpl (ServerState.java:setRaftConf(356)) - ce7b161b-b478-44a6-ba80-df77e3c8324c@group-455F4A12DCED: set configuration 0: [ce7b161b-b478-44a6-ba80-df77e3c8324c:192.168.69.84:42106, c3c7e958-9883-4fbe-b063-de98235d6943:192.168.69.84:45072, 44937579-fd9e-42f3-96b7-3931c17c73cd:192.168.69.84:43118], old=null at 0
2019-11-16 13:05:40,336 [grpc-default-executor-3] INFO  impl.RaftServerImpl (ServerState.java:setRaftConf(356)) - 44937579-fd9e-42f3-96b7-3931c17c73cd@group-455F4A12DCED: set configuration 0: [ce7b161b-b478-44a6-ba80-df77e3c8324c:192.168.69.84:42106, c3c7e958-9883-4fbe-b063-de98235d6943:192.168.69.84:45072, 44937579-fd9e-42f3-96b7-3931c17c73cd:192.168.69.84:43118], old=null at 0
2019-11-16 13:05:40,336 [grpc-default-executor-0] INFO  segmented.SegmentedRaftLogWorker (SegmentedRaftLogWorker.java:startLogSegment(385)) - ce7b161b-b478-44a6-ba80-df77e3c8324c@group-455F4A12DCED-SegmentedRaftLogWorker: Starting segment from index:0
2019-11-16 13:05:40,336 [grpc-default-executor-3] INFO  segmented.SegmentedRaftLogWorker (SegmentedRaftLogWorker.java:startLogSegment(385)) - 44937579-fd9e-42f3-96b7-3931c17c73cd@group-455F4A12DCED-SegmentedRaftLogWorker: Starting segment from index:0
2019-11-16 13:05:40,388 [ce7b161b-b478-44a6-ba80-df77e3c8324c@group-455F4A12DCED-SegmentedRaftLogWorker] INFO  segmented.SegmentedRaftLogWorker (SegmentedRaftLogWorker.java:execute(576)) - ce7b161b-b478-44a6-ba80-df77e3c8324c@group-455F4A12DCED-SegmentedRaftLogWorker: created new log segment /workdir/hadoop-ozone/tools/target/test-dir/MiniOzoneClusterImpl-eb0973ae-92a9-46ee-85ce-ef1f9c3ff6e2/datanode-0/data/ratis/f24f4bcb-91c3-47ac-a768-455f4a12dced/current/log_inprogress_0
2019-11-16 13:05:40,388 [44937579-fd9e-42f3-96b7-3931c17c73cd@group-455F4A12DCED-SegmentedRaftLogWorker] INFO  segmented.SegmentedRaftLogWorker (SegmentedRaftLogWorker.java:execute(576)) - 44937579-fd9e-42f3-96b7-3931c17c73cd@group-455F4A12DCED-SegmentedRaftLogWorker: created new log segment /workdir/hadoop-ozone/tools/target/test-dir/MiniOzoneClusterImpl-eb0973ae-92a9-46ee-85ce-ef1f9c3ff6e2/datanode-2/data/ratis/f24f4bcb-91c3-47ac-a768-455f4a12dced/current/log_inprogress_0
2019-11-16 13:05:40,574 [main] INFO  ozone.MiniOzoneClusterImpl (MiniOzoneClusterImpl.java:lambda$waitForClusterToBeReady$2(171)) - Cluster is ready. Got 3 of 3 DN Heartbeats.
2019-11-16 13:05:41,576 [main] INFO  freon.RandomKeyGenerator (RandomKeyGenerator.java:call(283)) - Number of Threads: 10
2019-11-16 13:05:41,578 [main] INFO  freon.RandomKeyGenerator (RandomKeyGenerator.java:call(288)) - Number of Volumes: 1.
2019-11-16 13:05:41,578 [main] INFO  freon.RandomKeyGenerator (RandomKeyGenerator.java:call(289)) - Number of Buckets per Volume: 1.
2019-11-16 13:05:41,578 [main] INFO  freon.RandomKeyGenerator (RandomKeyGenerator.java:call(290)) - Number of Keys per Bucket: 1.
2019-11-16 13:05:41,578 [main] INFO  freon.RandomKeyGenerator (RandomKeyGenerator.java:call(291)) - Key size: 20971520 bytes
2019-11-16 13:05:41,578 [main] INFO  freon.RandomKeyGenerator (RandomKeyGenerator.java:call(292)) - Buffer size: 4096 bytes
2019-11-16 13:05:41,578 [main] INFO  freon.RandomKeyGenerator (RandomKeyGenerator.java:call(293)) - validateWrites : true
2019-11-16 13:05:41,583 [main] INFO  freon.RandomKeyGenerator (RandomKeyGenerator.java:call(307)) - Data validation is enabled.
2019-11-16 13:05:41,584 [main] INFO  freon.RandomKeyGenerator (RandomKeyGenerator.java:call(313)) - Starting progress bar Thread.

 0.00% |?                                                                                                    |  0/1 Time: 0:00:002019-11-16 13:05:41,605 [pool-53-thread-1] INFO  rpc.RpcClient (RpcClient.java:createVolume(292)) - Creating Volume: vol-0-16806, with jenkins1000 as owner.
2019-11-16 13:05:41,656 [IPC Server handler 2 on 38394] INFO  volume.OMVolumeCreateRequest (OMVolumeCreateRequest.java:validateAndUpdateCache(193)) - created volume:vol-0-16806 for user:jenkins1000
2019-11-16 13:05:41,695 [pool-53-thread-2] INFO  rpc.RpcClient (RpcClient.java:createBucket(431)) - Creating Bucket: vol-0-16806/bucket-0-94288, with Versioning false and Storage Type set to DISK and Encryption set to false 
2019-11-16 13:05:41,875 [pool-53-thread-3] INFO  impl.MetricsSystemImpl (MetricsSystemImpl.java:init(158)) - XceiverClientMetrics metrics system started (again)
 0.00% |?                                                                                                    |  0/1 Time: 0:00:01 0.00% |?                                                                                                    |  0/1 Time: 0:00:02 100.00% |?????????????????????????????????????????????????????????????????????????????????????????????????????|  1/1 Time: 0:00:03
2019-11-16 13:05:49,033 [main] INFO  pipeline.SCMPipelineManager (SCMPipelineManager.java:finalizeAndDestroyPipeline(315)) - destroying pipeline:Pipeline[ Id: f24f4bcb-91c3-47ac-a768-455f4a12dced, Nodes: 44937579-fd9e-42f3-96b7-3931c17c73cd{ip: 192.168.69.84, host: pr-hdds-2508-jgffk-3148646922, networkLocation: /default-rack, certSerialId: null}c3c7e958-9883-4fbe-b063-de98235d6943{ip: 192.168.69.84, host: pr-hdds-2508-jgffk-3148646922, networkLocation: /default-rack, certSerialId: null}ce7b161b-b478-44a6-ba80-df77e3c8324c{ip: 192.168.69.84, host: pr-hdds-2508-jgffk-3148646922, networkLocation: /default-rack, certSerialId: null}, Type:RATIS, Factor:THREE, State:OPEN]
2019-11-16 13:05:49,034 [main] INFO  pipeline.PipelineStateManager (PipelineStateManager.java:finalizePipeline(121)) - Pipeline Pipeline[ Id: f24f4bcb-91c3-47ac-a768-455f4a12dced, Nodes: 44937579-fd9e-42f3-96b7-3931c17c73cd{ip: 192.168.69.84, host: pr-hdds-2508-jgffk-3148646922, networkLocation: /default-rack, certSerialId: null}c3c7e958-9883-4fbe-b063-de98235d6943{ip: 192.168.69.84, host: pr-hdds-2508-jgffk-3148646922, networkLocation: /default-rack, certSerialId: null}ce7b161b-b478-44a6-ba80-df77e3c8324c{ip: 192.168.69.84, host: pr-hdds-2508-jgffk-3148646922, networkLocation: /default-rack, certSerialId: null}, Type:RATIS, Factor:THREE, State:CLOSED] moved to CLOSED state
2019-11-16 13:05:49,035 [EventQueue-CloseContainerForCloseContainerEventHandler] INFO  container.CloseContainerEventHandler (CloseContainerEventHandler.java:onMessage(61)) - Close container Event triggered for container : #1
2019-11-16 13:05:49,040 [EventQueue-CloseContainerForCloseContainerEventHandler] INFO  container.CloseContainerEventHandler (CloseContainerEventHandler.java:onMessage(61)) - Close container Event triggered for container : #2
2019-11-16 13:05:49,045 [grpc-default-executor-2] INFO  impl.RaftServerProxy (RaftServerProxy.java:remove(95)) - 44937579-fd9e-42f3-96b7-3931c17c73cd: remove  FOLLOWER 44937579-fd9e-42f3-96b7-3931c17c73cd@group-455F4A12DCED:t1, leader=c3c7e958-9883-4fbe-b063-de98235d6943, voted=44937579-fd9e-42f3-96b7-3931c17c73cd, raftlog=44937579-fd9e-42f3-96b7-3931c17c73cd@group-455F4A12DCED-SegmentedRaftLog:OPENED:c77,f77,i77, conf=0: [ce7b161b-b478-44a6-ba80-df77e3c8324c:192.168.69.84:42106, c3c7e958-9883-4fbe-b063-de98235d6943:192.168.69.84:45072, 44937579-fd9e-42f3-96b7-3931c17c73cd:192.168.69.84:43118], old=null RUNNING
2019-11-16 13:05:49,046 [grpc-default-executor-2] INFO  impl.RaftServerImpl (RaftServerImpl.java:lambda$shutdown$3(250)) - 44937579-fd9e-42f3-96b7-3931c17c73cd@group-455F4A12DCED: shutdown
2019-11-16 13:05:49,046 [grpc-default-executor-2] INFO  util.JmxRegister (JmxRegister.java:unregister(73)) - Successfully un-registered JMX Bean with object name Ratis:service=RaftServer,group=group-455F4A12DCED,id=44937579-fd9e-42f3-96b7-3931c17c73cd
2019-11-16 13:05:49,046 [grpc-default-executor-2] INFO  impl.RoleInfo (RoleInfo.java:shutdownFollowerState(121)) - 44937579-fd9e-42f3-96b7-3931c17c73cd: shutdown FollowerState
2019-11-16 13:05:49,047 [grpc-default-executor-2] INFO  impl.StateMachineUpdater (StateMachineUpdater.java:stopAndJoin(136)) - 44937579-fd9e-42f3-96b7-3931c17c73cd@group-455F4A12DCED-StateMachineUpdater: set stopIndex = 77
2019-11-16 13:05:49,047 [Thread-233] INFO  impl.FollowerState (FollowerState.java:run(120)) - 44937579-fd9e-42f3-96b7-3931c17c73cd@group-455F4A12DCED-FollowerState was interrupted: java.lang.InterruptedException: sleep interrupted
2019-11-16 13:05:49,048 [44937579-fd9e-42f3-96b7-3931c17c73cd@group-455F4A12DCED-StateMachineUpdater] INFO  ratis.ContainerStateMachine (ContainerStateMachine.java:takeSnapshot(285)) - group-455F4A12DCED: Taking a snapshot at:(t:1, i:75) file /workdir/hadoop-ozone/tools/target/test-dir/MiniOzoneClusterImpl-eb0973ae-92a9-46ee-85ce-ef1f9c3ff6e2/datanode-2/data/ratis/f24f4bcb-91c3-47ac-a768-455f4a12dced/sm/snapshot.1_75
2019-11-16 13:05:49,048 [EventQueue-CloseContainerForCloseContainerEventHandler] INFO  container.CloseContainerEventHandler (CloseContainerEventHandler.java:onMessage(61)) - Close container Event triggered for container : #3
2019-11-16 13:05:49,088 [44937579-fd9e-42f3-96b7-3931c17c73cd@group-455F4A12DCED-StateMachineUpdater] INFO  ratis.ContainerStateMachine (ContainerStateMachine.java:takeSnapshot(296)) - group-455F4A12DCED: Finished taking a snapshot at:(t:1, i:75) file:/workdir/hadoop-ozone/tools/target/test-dir/MiniOzoneClusterImpl-eb0973ae-92a9-46ee-85ce-ef1f9c3ff6e2/datanode-2/data/ratis/f24f4bcb-91c3-47ac-a768-455f4a12dced/sm/snapshot.1_75 time:41
2019-11-16 13:05:49,090 [44937579-fd9e-42f3-96b7-3931c17c73cd@group-455F4A12DCED-StateMachineUpdater] INFO  impl.StateMachineUpdater (StateMachineUpdater.java:takeSnapshot(269)) - 44937579-fd9e-42f3-96b7-3931c17c73cd@group-455F4A12DCED-StateMachineUpdater: Took a snapshot at index 75
2019-11-16 13:05:49,090 [44937579-fd9e-42f3-96b7-3931c17c73cd@group-455F4A12DCED-StateMachineUpdater] INFO  impl.StateMachineUpdater (StateMachineUpdater.java:lambda$new$0(84)) - 44937579-fd9e-42f3-96b7-3931c17c73cd@group-455F4A12DCED-StateMachineUpdater: snapshotIndex: updateIncreasingly -1 -> 75
2019-11-16 13:05:49,094 [44937579-fd9e-42f3-96b7-3931c17c73cd@group-455F4A12DCED-StateMachineUpdater] INFO  ratis.ContainerStateMachine (ContainerStateMachine.java:takeSnapshot(285)) - group-455F4A12DCED: Taking a snapshot at:(t:1, i:75) file /workdir/hadoop-ozone/tools/target/test-dir/MiniOzoneClusterImpl-eb0973ae-92a9-46ee-85ce-ef1f9c3ff6e2/datanode-2/data/ratis/f24f4bcb-91c3-47ac-a768-455f4a12dced/sm/snapshot.1_75
2019-11-16 13:05:49,106 [44937579-fd9e-42f3-96b7-3931c17c73cd@group-455F4A12DCED-StateMachineUpdater] INFO  ratis.ContainerStateMachine (ContainerStateMachine.java:takeSnapshot(296)) - group-455F4A12DCED: Finished taking a snapshot at:(t:1, i:75) file:/workdir/hadoop-ozone/tools/target/test-dir/MiniOzoneClusterImpl-eb0973ae-92a9-46ee-85ce-ef1f9c3ff6e2/datanode-2/data/ratis/f24f4bcb-91c3-47ac-a768-455f4a12dced/sm/snapshot.1_75 time:13
2019-11-16 13:05:49,107 [44937579-fd9e-42f3-96b7-3931c17c73cd@group-455F4A12DCED-StateMachineUpdater] INFO  impl.StateMachineUpdater (StateMachineUpdater.java:takeSnapshot(269)) - 44937579-fd9e-42f3-96b7-3931c17c73cd@group-455F4A12DCED-StateMachineUpdater: Took a snapshot at index 75
2019-11-16 13:05:49,107 [44937579-fd9e-42f3-96b7-3931c17c73cd@group-455F4A12DCED-StateMachineUpdater] INFO  impl.StateMachineUpdater (StateMachineUpdater.java:lambda$new$0(84)) - 44937579-fd9e-42f3-96b7-3931c17c73cd@group-455F4A12DCED-StateMachineUpdater: snapshotIndex: updateIncreasingly 75 -> 75
2019-11-16 13:05:49,107 [grpc-default-executor-2] INFO  impl.RaftServerImpl (ServerState.java:close(387)) - 44937579-fd9e-42f3-96b7-3931c17c73cd@group-455F4A12DCED: closes. applyIndex: 77
2019-11-16 13:05:49,108 [44937579-fd9e-42f3-96b7-3931c17c73cd@group-455F4A12DCED-SegmentedRaftLogWorker] INFO  segmented.SegmentedRaftLogWorker (SegmentedRaftLogWorker.java:run(316)) - 44937579-fd9e-42f3-96b7-3931c17c73cd@group-455F4A12DCED-SegmentedRaftLogWorker was interrupted, exiting. There are 0 tasks remaining in the queue.
2019-11-16 13:05:49,109 [grpc-default-executor-2] INFO  segmented.SegmentedRaftLogWorker (SegmentedRaftLogWorker.java:close(224)) - 44937579-fd9e-42f3-96b7-3931c17c73cd@group-455F4A12DCED-SegmentedRaftLogWorker close()
2019-11-16 13:05:49,142 [grpc-default-executor-2] INFO  interfaces.Container (KeyValueContainer.java:flushAndSyncDB(400)) - Container 1 is synced with bcsId 59.
2019-11-16 13:05:49,142 [grpc-default-executor-2] INFO  interfaces.Container (KeyValueContainer.java:flushAndSyncDB(400)) - Container 1 is synced with bcsId 59.
2019-11-16 13:05:49,161 [EventQueue-IncrementalContainerReportForIncrementalContainerReportHandler] INFO  container.IncrementalContainerReportHandler (AbstractContainerReportHandler.java:updateContainerState(171)) - Moving container #1 to QUASI_CLOSED state, datanode 44937579-fd9e-42f3-96b7-3931c17c73cd{ip: 192.168.69.84, host: pr-hdds-2508-jgffk-3148646922, networkLocation: /default-rack, certSerialId: null} reported QUASI_CLOSED replica.
2019-11-16 13:05:49,187 [grpc-default-executor-2] INFO  interfaces.Container (KeyValueContainer.java:flushAndSyncDB(400)) - Container 2 is synced with bcsId 75.
2019-11-16 13:05:49,187 [grpc-default-executor-2] INFO  interfaces.Container (KeyValueContainer.java:flushAndSyncDB(400)) - Container 2 is synced with bcsId 75.
2019-11-16 13:05:49,203 [EventQueue-IncrementalContainerReportForIncrementalContainerReportHandler] INFO  container.IncrementalContainerReportHandler (AbstractContainerReportHandler.java:updateContainerState(171)) - Moving container #2 to QUASI_CLOSED state, datanode 44937579-fd9e-42f3-96b7-3931c17c73cd{ip: 192.168.69.84, host: pr-hdds-2508-jgffk-3148646922, networkLocation: /default-rack, certSerialId: null} reported QUASI_CLOSED replica.
2019-11-16 13:05:49,217 [grpc-default-executor-2] INFO  interfaces.Container (KeyValueContainer.java:flushAndSyncDB(400)) - Container 3 is synced with bcsId 41.
2019-11-16 13:05:49,217 [grpc-default-executor-2] INFO  interfaces.Container (KeyValueContainer.java:flushAndSyncDB(400)) - Container 3 is synced with bcsId 41.
2019-11-16 13:05:49,234 [EventQueue-IncrementalContainerReportForIncrementalContainerReportHandler] INFO  container.IncrementalContainerReportHandler (AbstractContainerReportHandler.java:updateContainerState(171)) - Moving container #3 to QUASI_CLOSED state, datanode 44937579-fd9e-42f3-96b7-3931c17c73cd{ip: 192.168.69.84, host: pr-hdds-2508-jgffk-3148646922, networkLocation: /default-rack, certSerialId: null} reported QUASI_CLOSED replica.
2019-11-16 13:05:49,243 [grpc-default-executor-2] INFO  impl.RaftServerProxy (RaftServerProxy.java:remove(95)) - c3c7e958-9883-4fbe-b063-de98235d6943: remove    LEADER c3c7e958-9883-4fbe-b063-de98235d6943@group-455F4A12DCED:t1, leader=c3c7e958-9883-4fbe-b063-de98235d6943, voted=c3c7e958-9883-4fbe-b063-de98235d6943, raftlog=c3c7e958-9883-4fbe-b063-de98235d6943@group-455F4A12DCED-SegmentedRaftLog:OPENED:c77,f77,i77, conf=0: [ce7b161b-b478-44a6-ba80-df77e3c8324c:192.168.69.84:42106, c3c7e958-9883-4fbe-b063-de98235d6943:192.168.69.84:45072, 44937579-fd9e-42f3-96b7-3931c17c73cd:192.168.69.84:43118], old=null RUNNING
2019-11-16 13:05:49,244 [grpc-default-executor-2] INFO  impl.RaftServerImpl (RaftServerImpl.java:lambda$shutdown$3(250)) - c3c7e958-9883-4fbe-b063-de98235d6943@group-455F4A12DCED: shutdown
2019-11-16 13:05:49,244 [grpc-default-executor-2] INFO  util.JmxRegister (JmxRegister.java:unregister(73)) - Successfully un-registered JMX Bean with object name Ratis:service=RaftServer,group=group-455F4A12DCED,id=c3c7e958-9883-4fbe-b063-de98235d6943
2019-11-16 13:05:49,244 [grpc-default-executor-2] INFO  impl.RoleInfo (RoleInfo.java:shutdownLeaderState(104)) - c3c7e958-9883-4fbe-b063-de98235d6943: shutdown LeaderState
2019-11-16 13:05:49,246 [grpc-default-executor-2] INFO  impl.PendingRequests (PendingRequests.java:sendNotLeaderResponses(206)) - c3c7e958-9883-4fbe-b063-de98235d6943@group-455F4A12DCED-PendingRequests: sendNotLeaderResponses
2019-11-16 13:05:49,246 [org.apache.ratis.server.impl.LogAppender$AppenderDaemon$$Lambda$477/1892270630@281c16b8] WARN  server.GrpcLogAppender (GrpcLogAppender.java:mayWait(151)) - c3c7e958-9883-4fbe-b063-de98235d6943@group-455F4A12DCED->44937579-fd9e-42f3-96b7-3931c17c73cd-GrpcLogAppender: Wait interrupted by java.lang.InterruptedException
2019-11-16 13:05:49,246 [org.apache.ratis.server.impl.LogAppender$AppenderDaemon$$Lambda$477/1892270630@5d699260] WARN  server.GrpcLogAppender (GrpcLogAppender.java:mayWait(151)) - c3c7e958-9883-4fbe-b063-de98235d6943@group-455F4A12DCED->ce7b161b-b478-44a6-ba80-df77e3c8324c-GrpcLogAppender: Wait interrupted by java.lang.InterruptedException
2019-11-16 13:05:49,254 [grpc-default-executor-2] INFO  impl.StateMachineUpdater (StateMachineUpdater.java:stopAndJoin(136)) - c3c7e958-9883-4fbe-b063-de98235d6943@group-455F4A12DCED-StateMachineUpdater: set stopIndex = 77
2019-11-16 13:05:49,254 [c3c7e958-9883-4fbe-b063-de98235d6943@group-455F4A12DCED-StateMachineUpdater] INFO  ratis.ContainerStateMachine (ContainerStateMachine.java:takeSnapshot(285)) - group-455F4A12DCED: Taking a snapshot at:(t:1, i:75) file /workdir/hadoop-ozone/tools/target/test-dir/MiniOzoneClusterImpl-eb0973ae-92a9-46ee-85ce-ef1f9c3ff6e2/datanode-1/data/ratis/f24f4bcb-91c3-47ac-a768-455f4a12dced/sm/snapshot.1_75
2019-11-16 13:05:49,255 [grpc-default-executor-0] INFO  server.GrpcServerProtocolService (GrpcServerProtocolService.java:onCompleted(113)) - ce7b161b-b478-44a6-ba80-df77e3c8324c: Completed APPEND_ENTRIES, lastRequest: c3c7e958-9883-4fbe-b063-de98235d6943->ce7b161b-b478-44a6-ba80-df77e3c8324c#80-t1, previous=(t:1, i:77), leaderCommit=77, initializing? false, entries: <empty>
2019-11-16 13:05:49,255 [grpc-default-executor-3] INFO  server.GrpcServerProtocolService (GrpcServerProtocolService.java:onCompleted(113)) - 44937579-fd9e-42f3-96b7-3931c17c73cd: Completed APPEND_ENTRIES, lastRequest: c3c7e958-9883-4fbe-b063-de98235d6943->44937579-fd9e-42f3-96b7-3931c17c73cd#80-t1, previous=(t:1, i:77), leaderCommit=77, initializing? false, entries: <empty>
2019-11-16 13:05:49,257 [grpc-default-executor-0] INFO  server.GrpcLogAppender (GrpcLogAppender.java:onCompleted(308)) - c3c7e958-9883-4fbe-b063-de98235d6943@group-455F4A12DCED->ce7b161b-b478-44a6-ba80-df77e3c8324c-AppendLogResponseHandler: follower responses appendEntries COMPLETED
2019-11-16 13:05:49,257 [grpc-default-executor-3] INFO  server.GrpcLogAppender (GrpcLogAppender.java:onCompleted(308)) - c3c7e958-9883-4fbe-b063-de98235d6943@group-455F4A12DCED->44937579-fd9e-42f3-96b7-3931c17c73cd-AppendLogResponseHandler: follower responses appendEntries COMPLETED
2019-11-16 13:05:49,262 [grpc-default-executor-0] INFO  impl.FollowerInfo (FollowerInfo.java:lambda$new$0(51)) - c3c7e958-9883-4fbe-b063-de98235d6943@group-455F4A12DCED->ce7b161b-b478-44a6-ba80-df77e3c8324c: nextIndex: updateUnconditionally 78 -> 77
2019-11-16 13:05:49,262 [grpc-default-executor-3] INFO  impl.FollowerInfo (FollowerInfo.java:lambda$new$0(51)) - c3c7e958-9883-4fbe-b063-de98235d6943@group-455F4A12DCED->44937579-fd9e-42f3-96b7-3931c17c73cd: nextIndex: updateUnconditionally 78 -> 77
2019-11-16 13:05:49,267 [c3c7e958-9883-4fbe-b063-de98235d6943@group-455F4A12DCED-StateMachineUpdater] INFO  ratis.ContainerStateMachine (ContainerStateMachine.java:takeSnapshot(296)) - group-455F4A12DCED: Finished taking a snapshot at:(t:1, i:75) file:/workdir/hadoop-ozone/tools/target/test-dir/MiniOzoneClusterImpl-eb0973ae-92a9-46ee-85ce-ef1f9c3ff6e2/datanode-1/data/ratis/f24f4bcb-91c3-47ac-a768-455f4a12dced/sm/snapshot.1_75 time:13
2019-11-16 13:05:49,267 [c3c7e958-9883-4fbe-b063-de98235d6943@group-455F4A12DCED-StateMachineUpdater] INFO  impl.StateMachineUpdater (StateMachineUpdater.java:takeSnapshot(269)) - c3c7e958-9883-4fbe-b063-de98235d6943@group-455F4A12DCED-StateMachineUpdater: Took a snapshot at index 75
2019-11-16 13:05:49,268 [c3c7e958-9883-4fbe-b063-de98235d6943@group-455F4A12DCED-StateMachineUpdater] INFO  impl.StateMachineUpdater (StateMachineUpdater.java:lambda$new$0(84)) - c3c7e958-9883-4fbe-b063-de98235d6943@group-455F4A12DCED-StateMachineUpdater: snapshotIndex: updateIncreasingly -1 -> 75
2019-11-16 13:05:49,268 [c3c7e958-9883-4fbe-b063-de98235d6943@group-455F4A12DCED-StateMachineUpdater] INFO  ratis.ContainerStateMachine (ContainerStateMachine.java:takeSnapshot(285)) - group-455F4A12DCED: Taking a snapshot at:(t:1, i:75) file /workdir/hadoop-ozone/tools/target/test-dir/MiniOzoneClusterImpl-eb0973ae-92a9-46ee-85ce-ef1f9c3ff6e2/datanode-1/data/ratis/f24f4bcb-91c3-47ac-a768-455f4a12dced/sm/snapshot.1_75
2019-11-16 13:05:49,280 [c3c7e958-9883-4fbe-b063-de98235d6943@group-455F4A12DCED-StateMachineUpdater] INFO  ratis.ContainerStateMachine (ContainerStateMachine.java:takeSnapshot(296)) - group-455F4A12DCED: Finished taking a snapshot at:(t:1, i:75) file:/workdir/hadoop-ozone/tools/target/test-dir/MiniOzoneClusterImpl-eb0973ae-92a9-46ee-85ce-ef1f9c3ff6e2/datanode-1/data/ratis/f24f4bcb-91c3-47ac-a768-455f4a12dced/sm/snapshot.1_75 time:12
2019-11-16 13:05:49,280 [c3c7e958-9883-4fbe-b063-de98235d6943@group-455F4A12DCED-StateMachineUpdater] INFO  impl.StateMachineUpdater (StateMachineUpdater.java:takeSnapshot(269)) - c3c7e958-9883-4fbe-b063-de98235d6943@group-455F4A12DCED-StateMachineUpdater: Took a snapshot at index 75
2019-11-16 13:05:49,280 [c3c7e958-9883-4fbe-b063-de98235d6943@group-455F4A12DCED-StateMachineUpdater] INFO  impl.StateMachineUpdater (StateMachineUpdater.java:lambda$new$0(84)) - c3c7e958-9883-4fbe-b063-de98235d6943@group-455F4A12DCED-StateMachineUpdater: snapshotIndex: updateIncreasingly 75 -> 75
2019-11-16 13:05:49,281 [grpc-default-executor-2] INFO  impl.RaftServerImpl (ServerState.java:close(387)) - c3c7e958-9883-4fbe-b063-de98235d6943@group-455F4A12DCED: closes. applyIndex: 77
2019-11-16 13:05:49,281 [c3c7e958-9883-4fbe-b063-de98235d6943@group-455F4A12DCED-SegmentedRaftLogWorker] INFO  segmented.SegmentedRaftLogWorker (SegmentedRaftLogWorker.java:run(316)) - c3c7e958-9883-4fbe-b063-de98235d6943@group-455F4A12DCED-SegmentedRaftLogWorker was interrupted, exiting. There are 0 tasks remaining in the queue.
2019-11-16 13:05:49,282 [grpc-default-executor-2] INFO  segmented.SegmentedRaftLogWorker (SegmentedRaftLogWorker.java:close(224)) - c3c7e958-9883-4fbe-b063-de98235d6943@group-455F4A12DCED-SegmentedRaftLogWorker close()
2019-11-16 13:05:49,291 [grpc-default-executor-2] INFO  interfaces.Container (KeyValueContainer.java:flushAndSyncDB(400)) - Container 1 is synced with bcsId 59.
2019-11-16 13:05:49,291 [grpc-default-executor-2] INFO  interfaces.Container (KeyValueContainer.java:flushAndSyncDB(400)) - Container 1 is synced with bcsId 59.
2019-11-16 13:05:49,331 [grpc-default-executor-2] INFO  interfaces.Container (KeyValueContainer.java:flushAndSyncDB(400)) - Container 2 is synced with bcsId 75.
2019-11-16 13:05:49,331 [grpc-default-executor-2] INFO  interfaces.Container (KeyValueContainer.java:flushAndSyncDB(400)) - Container 2 is synced with bcsId 75.
2019-11-16 13:05:49,361 [grpc-default-executor-2] INFO  interfaces.Container (KeyValueContainer.java:flushAndSyncDB(400)) - Container 3 is synced with bcsId 41.
2019-11-16 13:05:49,361 [grpc-default-executor-2] INFO  interfaces.Container (KeyValueContainer.java:flushAndSyncDB(400)) - Container 3 is synced with bcsId 41.
2019-11-16 13:05:49,391 [grpc-default-executor-2] INFO  impl.RaftServerProxy (RaftServerProxy.java:remove(95)) - ce7b161b-b478-44a6-ba80-df77e3c8324c: remove  FOLLOWER ce7b161b-b478-44a6-ba80-df77e3c8324c@group-455F4A12DCED:t1, leader=c3c7e958-9883-4fbe-b063-de98235d6943, voted=c3c7e958-9883-4fbe-b063-de98235d6943, raftlog=ce7b161b-b478-44a6-ba80-df77e3c8324c@group-455F4A12DCED-SegmentedRaftLog:OPENED:c77,f77,i77, conf=0: [ce7b161b-b478-44a6-ba80-df77e3c8324c:192.168.69.84:42106, c3c7e958-9883-4fbe-b063-de98235d6943:192.168.69.84:45072, 44937579-fd9e-42f3-96b7-3931c17c73cd:192.168.69.84:43118], old=null RUNNING
2019-11-16 13:05:49,391 [grpc-default-executor-2] INFO  impl.RaftServerImpl (RaftServerImpl.java:lambda$shutdown$3(250)) - ce7b161b-b478-44a6-ba80-df77e3c8324c@group-455F4A12DCED: shutdown
2019-11-16 13:05:49,392 [grpc-default-executor-2] INFO  util.JmxRegister (JmxRegister.java:unregister(73)) - Successfully un-registered JMX Bean with object name Ratis:service=RaftServer,group=group-455F4A12DCED,id=ce7b161b-b478-44a6-ba80-df77e3c8324c
2019-11-16 13:05:49,392 [grpc-default-executor-2] INFO  impl.RoleInfo (RoleInfo.java:shutdownFollowerState(121)) - ce7b161b-b478-44a6-ba80-df77e3c8324c: shutdown FollowerState
2019-11-16 13:05:49,392 [grpc-default-executor-2] INFO  impl.StateMachineUpdater (StateMachineUpdater.java:stopAndJoin(136)) - ce7b161b-b478-44a6-ba80-df77e3c8324c@group-455F4A12DCED-StateMachineUpdater: set stopIndex = 77
2019-11-16 13:05:49,392 [Thread-230] INFO  impl.FollowerState (FollowerState.java:run(120)) - ce7b161b-b478-44a6-ba80-df77e3c8324c@group-455F4A12DCED-FollowerState was interrupted: java.lang.InterruptedException: sleep interrupted
2019-11-16 13:05:49,392 [ce7b161b-b478-44a6-ba80-df77e3c8324c@group-455F4A12DCED-StateMachineUpdater] INFO  ratis.ContainerStateMachine (ContainerStateMachine.java:takeSnapshot(285)) - group-455F4A12DCED: Taking a snapshot at:(t:1, i:75) file /workdir/hadoop-ozone/tools/target/test-dir/MiniOzoneClusterImpl-eb0973ae-92a9-46ee-85ce-ef1f9c3ff6e2/datanode-0/data/ratis/f24f4bcb-91c3-47ac-a768-455f4a12dced/sm/snapshot.1_75
2019-11-16 13:05:49,407 [ce7b161b-b478-44a6-ba80-df77e3c8324c@group-455F4A12DCED-StateMachineUpdater] INFO  ratis.ContainerStateMachine (ContainerStateMachine.java:takeSnapshot(296)) - group-455F4A12DCED: Finished taking a snapshot at:(t:1, i:75) file:/workdir/hadoop-ozone/tools/target/test-dir/MiniOzoneClusterImpl-eb0973ae-92a9-46ee-85ce-ef1f9c3ff6e2/datanode-0/data/ratis/f24f4bcb-91c3-47ac-a768-455f4a12dced/sm/snapshot.1_75 time:15
2019-11-16 13:05:49,407 [ce7b161b-b478-44a6-ba80-df77e3c8324c@group-455F4A12DCED-StateMachineUpdater] INFO  impl.StateMachineUpdater (StateMachineUpdater.java:takeSnapshot(269)) - ce7b161b-b478-44a6-ba80-df77e3c8324c@group-455F4A12DCED-StateMachineUpdater: Took a snapshot at index 75
2019-11-16 13:05:49,407 [ce7b161b-b478-44a6-ba80-df77e3c8324c@group-455F4A12DCED-StateMachineUpdater] INFO  impl.StateMachineUpdater (StateMachineUpdater.java:lambda$new$0(84)) - ce7b161b-b478-44a6-ba80-df77e3c8324c@group-455F4A12DCED-StateMachineUpdater: snapshotIndex: updateIncreasingly -1 -> 75
2019-11-16 13:05:49,408 [ce7b161b-b478-44a6-ba80-df77e3c8324c@group-455F4A12DCED-StateMachineUpdater] INFO  ratis.ContainerStateMachine (ContainerStateMachine.java:takeSnapshot(285)) - group-455F4A12DCED: Taking a snapshot at:(t:1, i:75) file /workdir/hadoop-ozone/tools/target/test-dir/MiniOzoneClusterImpl-eb0973ae-92a9-46ee-85ce-ef1f9c3ff6e2/datanode-0/data/ratis/f24f4bcb-91c3-47ac-a768-455f4a12dced/sm/snapshot.1_75
2019-11-16 13:05:49,420 [ce7b161b-b478-44a6-ba80-df77e3c8324c@group-455F4A12DCED-StateMachineUpdater] INFO  ratis.ContainerStateMachine (ContainerStateMachine.java:takeSnapshot(296)) - group-455F4A12DCED: Finished taking a snapshot at:(t:1, i:75) file:/workdir/hadoop-ozone/tools/target/test-dir/MiniOzoneClusterImpl-eb0973ae-92a9-46ee-85ce-ef1f9c3ff6e2/datanode-0/data/ratis/f24f4bcb-91c3-47ac-a768-455f4a12dced/sm/snapshot.1_75 time:13
2019-11-16 13:05:49,420 [ce7b161b-b478-44a6-ba80-df77e3c8324c@group-455F4A12DCED-StateMachineUpdater] INFO  impl.StateMachineUpdater (StateMachineUpdater.java:takeSnapshot(269)) - ce7b161b-b478-44a6-ba80-df77e3c8324c@group-455F4A12DCED-StateMachineUpdater: Took a snapshot at index 75
2019-11-16 13:05:49,420 [ce7b161b-b478-44a6-ba80-df77e3c8324c@group-455F4A12DCED-StateMachineUpdater] INFO  impl.StateMachineUpdater (StateMachineUpdater.java:lambda$new$0(84)) - ce7b161b-b478-44a6-ba80-df77e3c8324c@group-455F4A12DCED-StateMachineUpdater: snapshotIndex: updateIncreasingly 75 -> 75
2019-11-16 13:05:49,421 [grpc-default-executor-2] INFO  impl.RaftServerImpl (ServerState.java:close(387)) - ce7b161b-b478-44a6-ba80-df77e3c8324c@group-455F4A12DCED: closes. applyIndex: 77
2019-11-16 13:05:49,421 [ce7b161b-b478-44a6-ba80-df77e3c8324c@group-455F4A12DCED-SegmentedRaftLogWorker] INFO  segmented.SegmentedRaftLogWorker (SegmentedRaftLogWorker.java:run(316)) - ce7b161b-b478-44a6-ba80-df77e3c8324c@group-455F4A12DCED-SegmentedRaftLogWorker was interrupted, exiting. There are 0 tasks remaining in the queue.
2019-11-16 13:05:49,422 [grpc-default-executor-2] INFO  segmented.SegmentedRaftLogWorker (SegmentedRaftLogWorker.java:close(224)) - ce7b161b-b478-44a6-ba80-df77e3c8324c@group-455F4A12DCED-SegmentedRaftLogWorker close()
2019-11-16 13:05:49,442 [grpc-default-executor-2] INFO  interfaces.Container (KeyValueContainer.java:flushAndSyncDB(400)) - Container 1 is synced with bcsId 59.
2019-11-16 13:05:49,442 [grpc-default-executor-2] INFO  interfaces.Container (KeyValueContainer.java:flushAndSyncDB(400)) - Container 1 is synced with bcsId 59.
2019-11-16 13:05:49,473 [grpc-default-executor-2] INFO  interfaces.Container (KeyValueContainer.java:flushAndSyncDB(400)) - Container 2 is synced with bcsId 75.
2019-11-16 13:05:49,473 [grpc-default-executor-2] INFO  interfaces.Container (KeyValueContainer.java:flushAndSyncDB(400)) - Container 2 is synced with bcsId 75.
2019-11-16 13:05:49,502 [grpc-default-executor-2] INFO  interfaces.Container (KeyValueContainer.java:flushAndSyncDB(400)) - Container 3 is synced with bcsId 41.
2019-11-16 13:05:49,503 [grpc-default-executor-2] INFO  interfaces.Container (KeyValueContainer.java:flushAndSyncDB(400)) - Container 3 is synced with bcsId 41.
2019-11-16 13:05:49,520 [main] INFO  pipeline.PipelineStateManager (PipelineStateManager.java:removePipeline(106)) - Pipeline Pipeline[ Id: f24f4bcb-91c3-47ac-a768-455f4a12dced, Nodes: 44937579-fd9e-42f3-96b7-3931c17c73cd{ip: 192.168.69.84, host: pr-hdds-2508-jgffk-3148646922, networkLocation: /default-rack, certSerialId: null}c3c7e958-9883-4fbe-b063-de98235d6943{ip: 192.168.69.84, host: pr-hdds-2508-jgffk-3148646922, networkLocation: /default-rack, certSerialId: null}ce7b161b-b478-44a6-ba80-df77e3c8324c{ip: 192.168.69.84, host: pr-hdds-2508-jgffk-3148646922, networkLocation: /default-rack, certSerialId: null}, Type:RATIS, Factor:THREE, State:CLOSED] removed from db
2019-11-16 13:05:49,533 [grpc-default-executor-2] INFO  impl.RaftServerProxy (RaftServerProxy.java:addNew(89)) - 44937579-fd9e-42f3-96b7-3931c17c73cd: addNew group-A7DD1ECA0D88:[ce7b161b-b478-44a6-ba80-df77e3c8324c:192.168.69.84:42106, c3c7e958-9883-4fbe-b063-de98235d6943:192.168.69.84:45072, 44937579-fd9e-42f3-96b7-3931c17c73cd:192.168.69.84:43118] returns group-A7DD1ECA0D88:java.util.concurrent.CompletableFuture@4fabffca[Not completed]
2019-11-16 13:05:49,533 [grpc-default-executor-0] INFO  impl.RaftServerProxy (RaftServerProxy.java:addNew(89)) - ce7b161b-b478-44a6-ba80-df77e3c8324c: addNew group-A7DD1ECA0D88:[ce7b161b-b478-44a6-ba80-df77e3c8324c:192.168.69.84:42106, c3c7e958-9883-4fbe-b063-de98235d6943:192.168.69.84:45072, 44937579-fd9e-42f3-96b7-3931c17c73cd:192.168.69.84:43118] returns group-A7DD1ECA0D88:java.util.concurrent.CompletableFuture@4944553c[Not completed]
2019-11-16 13:05:49,533 [grpc-default-executor-3] INFO  impl.RaftServerProxy (RaftServerProxy.java:addNew(89)) - c3c7e958-9883-4fbe-b063-de98235d6943: addNew group-A7DD1ECA0D88:[ce7b161b-b478-44a6-ba80-df77e3c8324c:192.168.69.84:42106, c3c7e958-9883-4fbe-b063-de98235d6943:192.168.69.84:45072, 44937579-fd9e-42f3-96b7-3931c17c73cd:192.168.69.84:43118] returns group-A7DD1ECA0D88:java.util.concurrent.CompletableFuture@644ebd4[Not completed]
2019-11-16 13:05:49,537 [pool-37-thread-1] INFO  impl.RaftServerImpl (RaftServerImpl.java:<init>(98)) - c3c7e958-9883-4fbe-b063-de98235d6943: new RaftServerImpl for group-A7DD1ECA0D88:[ce7b161b-b478-44a6-ba80-df77e3c8324c:192.168.69.84:42106, c3c7e958-9883-4fbe-b063-de98235d6943:192.168.69.84:45072, 44937579-fd9e-42f3-96b7-3931c17c73cd:192.168.69.84:43118] with ContainerStateMachine:uninitialized
2019-11-16 13:05:49,537 [pool-37-thread-1] INFO  server.RaftServerConfigKeys (ConfUtils.java:logGet(43)) - raft.server.rpc.timeout.min = 5s (custom)
2019-11-16 13:05:49,537 [pool-37-thread-1] INFO  server.RaftServerConfigKeys (ConfUtils.java:logGet(43)) - raft.server.rpc.timeout.max = 5200ms (custom)
2019-11-16 13:05:49,537 [pool-37-thread-1] INFO  server.RaftServerConfigKeys (ConfUtils.java:logGet(43)) - raft.server.rpcslowness.timeout = 120s (custom)
2019-11-16 13:05:49,538 [pool-37-thread-1] INFO  server.RaftServerConfigKeys (ConfUtils.java:logGet(43)) - raft.server.sleep.deviation.threshold = 300 (default)
2019-11-16 13:05:49,538 [pool-37-thread-1] INFO  server.RaftServerConfigKeys (ConfUtils.java:logGet(43)) - raft.server.log.appender.install.snapshot.enabled = false (custom)
2019-11-16 13:05:49,538 [pool-37-thread-1] INFO  impl.RaftServerImpl (ServerState.java:<init>(103)) - c3c7e958-9883-4fbe-b063-de98235d6943@group-A7DD1ECA0D88: ConfigurationManager, init=-1: [ce7b161b-b478-44a6-ba80-df77e3c8324c:192.168.69.84:42106, c3c7e958-9883-4fbe-b063-de98235d6943:192.168.69.84:45072, 44937579-fd9e-42f3-96b7-3931c17c73cd:192.168.69.84:43118], old=null, confs=<EMPTY_MAP>
2019-11-16 13:05:49,538 [pool-37-thread-1] INFO  server.RaftServerConfigKeys (ConfUtils.java:logGet(43)) - raft.server.storage.dir = [/workdir/hadoop-ozone/tools/target/test-dir/MiniOzoneClusterImpl-eb0973ae-92a9-46ee-85ce-ef1f9c3ff6e2/datanode-1/data/ratis] (custom)
2019-11-16 13:05:49,538 [pool-27-thread-1] INFO  impl.RaftServerImpl (RaftServerImpl.java:<init>(98)) - ce7b161b-b478-44a6-ba80-df77e3c8324c: new RaftServerImpl for group-A7DD1ECA0D88:[ce7b161b-b478-44a6-ba80-df77e3c8324c:192.168.69.84:42106, c3c7e958-9883-4fbe-b063-de98235d6943:192.168.69.84:45072, 44937579-fd9e-42f3-96b7-3931c17c73cd:192.168.69.84:43118] with ContainerStateMachine:uninitialized
2019-11-16 13:05:49,538 [pool-37-thread-1] INFO  server.RaftServerConfigKeys (ConfUtils.java:logGet(43)) - raft.server.log.corruption.policy = EXCEPTION (default)
2019-11-16 13:05:49,538 [pool-27-thread-1] INFO  server.RaftServerConfigKeys (ConfUtils.java:logGet(43)) - raft.server.rpc.timeout.min = 5s (custom)
2019-11-16 13:05:49,539 [pool-37-thread-1] INFO  storage.RaftStorageDirectory (RaftStorageDirectory.java:analyzeStorage(246)) - The storage directory /workdir/hadoop-ozone/tools/target/test-dir/MiniOzoneClusterImpl-eb0973ae-92a9-46ee-85ce-ef1f9c3ff6e2/datanode-1/data/ratis/5feedb42-a35e-41e7-b5b8-a7dd1eca0d88 does not exist. Creating ...
2019-11-16 13:05:49,539 [pool-27-thread-1] INFO  server.RaftServerConfigKeys (ConfUtils.java:logGet(43)) - raft.server.rpc.timeout.max = 5200ms (custom)
2019-11-16 13:05:49,539 [pool-27-thread-1] INFO  server.RaftServerConfigKeys (ConfUtils.java:logGet(43)) - raft.server.rpcslowness.timeout = 120s (custom)
2019-11-16 13:05:49,539 [pool-27-thread-1] INFO  server.RaftServerConfigKeys (ConfUtils.java:logGet(43)) - raft.server.sleep.deviation.threshold = 300 (default)
2019-11-16 13:05:49,539 [pool-47-thread-1] INFO  impl.RaftServerImpl (RaftServerImpl.java:<init>(98)) - 44937579-fd9e-42f3-96b7-3931c17c73cd: new RaftServerImpl for group-A7DD1ECA0D88:[ce7b161b-b478-44a6-ba80-df77e3c8324c:192.168.69.84:42106, c3c7e958-9883-4fbe-b063-de98235d6943:192.168.69.84:45072, 44937579-fd9e-42f3-96b7-3931c17c73cd:192.168.69.84:43118] with ContainerStateMachine:uninitialized
2019-11-16 13:05:49,539 [pool-27-thread-1] INFO  server.RaftServerConfigKeys (ConfUtils.java:logGet(43)) - raft.server.log.appender.install.snapshot.enabled = false (custom)
2019-11-16 13:05:49,539 [pool-47-thread-1] INFO  server.RaftServerConfigKeys (ConfUtils.java:logGet(43)) - raft.server.rpc.timeout.min = 5s (custom)
2019-11-16 13:05:49,539 [pool-27-thread-1] INFO  impl.RaftServerImpl (ServerState.java:<init>(103)) - ce7b161b-b478-44a6-ba80-df77e3c8324c@group-A7DD1ECA0D88: ConfigurationManager, init=-1: [ce7b161b-b478-44a6-ba80-df77e3c8324c:192.168.69.84:42106, c3c7e958-9883-4fbe-b063-de98235d6943:192.168.69.84:45072, 44937579-fd9e-42f3-96b7-3931c17c73cd:192.168.69.84:43118], old=null, confs=<EMPTY_MAP>
2019-11-16 13:05:49,540 [pool-47-thread-1] INFO  server.RaftServerConfigKeys (ConfUtils.java:logGet(43)) - raft.server.rpc.timeout.max = 5200ms (custom)
2019-11-16 13:05:49,540 [pool-27-thread-1] INFO  server.RaftServerConfigKeys (ConfUtils.java:logGet(43)) - raft.server.storage.dir = [/workdir/hadoop-ozone/tools/target/test-dir/MiniOzoneClusterImpl-eb0973ae-92a9-46ee-85ce-ef1f9c3ff6e2/datanode-0/data/ratis] (custom)
2019-11-16 13:05:49,540 [pool-47-thread-1] INFO  server.RaftServerConfigKeys (ConfUtils.java:logGet(43)) - raft.server.rpcslowness.timeout = 120s (custom)
2019-11-16 13:05:49,540 [pool-47-thread-1] INFO  server.RaftServerConfigKeys (ConfUtils.java:logGet(43)) - raft.server.sleep.deviation.threshold = 300 (default)
2019-11-16 13:05:49,540 [pool-27-thread-1] INFO  server.RaftServerConfigKeys (ConfUtils.java:logGet(43)) - raft.server.log.corruption.policy = EXCEPTION (default)
2019-11-16 13:05:49,540 [pool-47-thread-1] INFO  server.RaftServerConfigKeys (ConfUtils.java:logGet(43)) - raft.server.log.appender.install.snapshot.enabled = false (custom)
2019-11-16 13:05:49,540 [pool-27-thread-1] INFO  storage.RaftStorageDirectory (RaftStorageDirectory.java:analyzeStorage(246)) - The storage directory /workdir/hadoop-ozone/tools/target/test-dir/MiniOzoneClusterImpl-eb0973ae-92a9-46ee-85ce-ef1f9c3ff6e2/datanode-0/data/ratis/5feedb42-a35e-41e7-b5b8-a7dd1eca0d88 does not exist. Creating ...
2019-11-16 13:05:49,540 [pool-47-thread-1] INFO  impl.RaftServerImpl (ServerState.java:<init>(103)) - 44937579-fd9e-42f3-96b7-3931c17c73cd@group-A7DD1ECA0D88: ConfigurationManager, init=-1: [ce7b161b-b478-44a6-ba80-df77e3c8324c:192.168.69.84:42106, c3c7e958-9883-4fbe-b063-de98235d6943:192.168.69.84:45072, 44937579-fd9e-42f3-96b7-3931c17c73cd:192.168.69.84:43118], old=null, confs=<EMPTY_MAP>
2019-11-16 13:05:49,541 [pool-47-thread-1] INFO  server.RaftServerConfigKeys (ConfUtils.java:logGet(43)) - raft.server.storage.dir = [/workdir/hadoop-ozone/tools/target/test-dir/MiniOzoneClusterImpl-eb0973ae-92a9-46ee-85ce-ef1f9c3ff6e2/datanode-2/data/ratis] (custom)
2019-11-16 13:05:49,541 [pool-47-thread-1] INFO  server.RaftServerConfigKeys (ConfUtils.java:logGet(43)) - raft.server.log.corruption.policy = EXCEPTION (default)
2019-11-16 13:05:49,541 [pool-47-thread-1] INFO  storage.RaftStorageDirectory (RaftStorageDirectory.java:analyzeStorage(246)) - The storage directory /workdir/hadoop-ozone/tools/target/test-dir/MiniOzoneClusterImpl-eb0973ae-92a9-46ee-85ce-ef1f9c3ff6e2/datanode-2/data/ratis/5feedb42-a35e-41e7-b5b8-a7dd1eca0d88 does not exist. Creating ...
2019-11-16 13:05:49,552 [pool-47-thread-1] INFO  storage.RaftStorageDirectory (RaftStorageDirectory.java:tryLock(328)) - Lock on /workdir/hadoop-ozone/tools/target/test-dir/MiniOzoneClusterImpl-eb0973ae-92a9-46ee-85ce-ef1f9c3ff6e2/datanode-2/data/ratis/5feedb42-a35e-41e7-b5b8-a7dd1eca0d88/in_use.lock acquired by nodename 20834@pr-hdds-2508-jgffk-3148646922
2019-11-16 13:05:49,552 [pool-27-thread-1] INFO  storage.RaftStorageDirectory (RaftStorageDirectory.java:tryLock(328)) - Lock on /workdir/hadoop-ozone/tools/target/test-dir/MiniOzoneClusterImpl-eb0973ae-92a9-46ee-85ce-ef1f9c3ff6e2/datanode-0/data/ratis/5feedb42-a35e-41e7-b5b8-a7dd1eca0d88/in_use.lock acquired by nodename 20834@pr-hdds-2508-jgffk-3148646922
2019-11-16 13:05:49,552 [pool-37-thread-1] INFO  storage.RaftStorageDirectory (RaftStorageDirectory.java:tryLock(328)) - Lock on /workdir/hadoop-ozone/tools/target/test-dir/MiniOzoneClusterImpl-eb0973ae-92a9-46ee-85ce-ef1f9c3ff6e2/datanode-1/data/ratis/5feedb42-a35e-41e7-b5b8-a7dd1eca0d88/in_use.lock acquired by nodename 20834@pr-hdds-2508-jgffk-3148646922
2019-11-16 13:05:49,575 [pool-37-thread-1] INFO  storage.RaftStorage (RaftStorage.java:format(84)) - Storage directory /workdir/hadoop-ozone/tools/target/test-dir/MiniOzoneClusterImpl-eb0973ae-92a9-46ee-85ce-ef1f9c3ff6e2/datanode-1/data/ratis/5feedb42-a35e-41e7-b5b8-a7dd1eca0d88 has been successfully formatted.
2019-11-16 13:05:49,575 [pool-27-thread-1] INFO  storage.RaftStorage (RaftStorage.java:format(84)) - Storage directory /workdir/hadoop-ozone/tools/target/test-dir/MiniOzoneClusterImpl-eb0973ae-92a9-46ee-85ce-ef1f9c3ff6e2/datanode-0/data/ratis/5feedb42-a35e-41e7-b5b8-a7dd1eca0d88 has been successfully formatted.
2019-11-16 13:05:49,575 [pool-47-thread-1] INFO  storage.RaftStorage (RaftStorage.java:format(84)) - Storage directory /workdir/hadoop-ozone/tools/target/test-dir/MiniOzoneClusterImpl-eb0973ae-92a9-46ee-85ce-ef1f9c3ff6e2/datanode-2/data/ratis/5feedb42-a35e-41e7-b5b8-a7dd1eca0d88 has been successfully formatted.
2019-11-16 13:05:49,575 [pool-37-thread-1] INFO  ratis.ContainerStateMachine (ContainerStateMachine.java:loadSnapshot(223)) - group-A7DD1ECA0D88: The snapshot info is null. Setting the last applied indexto:(t:0, i:~)
2019-11-16 13:05:49,575 [pool-27-thread-1] INFO  ratis.ContainerStateMachine (ContainerStateMachine.java:loadSnapshot(223)) - group-A7DD1ECA0D88: The snapshot info is null. Setting the last applied indexto:(t:0, i:~)
2019-11-16 13:05:49,575 [pool-37-thread-1] INFO  server.RaftServerConfigKeys (ConfUtils.java:logGet(43)) - raft.server.notification.no-leader.timeout = 120s (custom)
2019-11-16 13:05:49,575 [pool-47-thread-1] INFO  ratis.ContainerStateMachine (ContainerStateMachine.java:loadSnapshot(223)) - group-A7DD1ECA0D88: The snapshot info is null. Setting the last applied indexto:(t:0, i:~)
2019-11-16 13:05:49,576 [pool-37-thread-1] INFO  server.RaftServerConfigKeys (ConfUtils.java:logGet(43)) - raft.server.log.use.memory = false (default)
2019-11-16 13:05:49,576 [pool-27-thread-1] INFO  server.RaftServerConfigKeys (ConfUtils.java:logGet(43)) - raft.server.notification.no-leader.timeout = 120s (custom)
2019-11-16 13:05:49,576 [pool-37-thread-1] INFO  server.RaftServerConfigKeys (ConfUtils.java:logGet(43)) - raft.server.log.purge.gap = 1000000 (custom)
2019-11-16 13:05:49,576 [pool-47-thread-1] INFO  server.RaftServerConfigKeys (ConfUtils.java:logGet(43)) - raft.server.notification.no-leader.timeout = 120s (custom)
2019-11-16 13:05:49,576 [pool-37-thread-1] INFO  server.RaftServerConfigKeys (ConfUtils.java:logGet(43)) - raft.server.log.appender.buffer.byte-limit = 33554432 (custom)
2019-11-16 13:05:49,576 [pool-27-thread-1] INFO  server.RaftServerConfigKeys (ConfUtils.java:logGet(43)) - raft.server.log.use.memory = false (default)
2019-11-16 13:05:49,576 [pool-37-thread-1] INFO  server.RaftServerConfigKeys (ConfUtils.java:logGet(43)) - raft.server.log.segment.size.max = 1048576 (custom)
2019-11-16 13:05:49,576 [pool-47-thread-1] INFO  server.RaftServerConfigKeys (ConfUtils.java:logGet(43)) - raft.server.log.use.memory = false (default)
2019-11-16 13:05:49,577 [pool-37-thread-1] INFO  server.RaftServerConfigKeys (ConfUtils.java:logGet(43)) - raft.server.log.segment.cache.num.max = 2 (custom)
2019-11-16 13:05:49,576 [pool-27-thread-1] INFO  server.RaftServerConfigKeys (ConfUtils.java:logGet(43)) - raft.server.log.purge.gap = 1000000 (custom)
2019-11-16 13:05:49,577 [pool-37-thread-1] INFO  segmented.SegmentedRaftLogWorker (SegmentedRaftLogWorker.java:<init>(173)) - new c3c7e958-9883-4fbe-b063-de98235d6943@group-A7DD1ECA0D88-SegmentedRaftLogWorker for RaftStorage:Storage Directory /workdir/hadoop-ozone/tools/target/test-dir/MiniOzoneClusterImpl-eb0973ae-92a9-46ee-85ce-ef1f9c3ff6e2/datanode-1/data/ratis/5feedb42-a35e-41e7-b5b8-a7dd1eca0d88
2019-11-16 13:05:49,577 [pool-47-thread-1] INFO  server.RaftServerConfigKeys (ConfUtils.java:logGet(43)) - raft.server.log.purge.gap = 1000000 (custom)
2019-11-16 13:05:49,577 [pool-37-thread-1] INFO  server.RaftServerConfigKeys (ConfUtils.java:logGet(43)) - raft.server.log.queue.byte-limit = 2147483647 (custom)
2019-11-16 13:05:49,577 [pool-27-thread-1] INFO  server.RaftServerConfigKeys (ConfUtils.java:logGet(43)) - raft.server.log.appender.buffer.byte-limit = 33554432 (custom)
2019-11-16 13:05:49,577 [pool-37-thread-1] INFO  server.RaftServerConfigKeys (ConfUtils.java:logGet(43)) - raft.server.log.queue.element-limit = 1024 (custom)
2019-11-16 13:05:49,577 [pool-47-thread-1] INFO  server.RaftServerConfigKeys (ConfUtils.java:logGet(43)) - raft.server.log.appender.buffer.byte-limit = 33554432 (custom)
2019-11-16 13:05:49,578 [pool-37-thread-1] INFO  server.RaftServerConfigKeys (ConfUtils.java:logGet(43)) - raft.server.log.segment.size.max = 1048576 (custom)
2019-11-16 13:05:49,577 [pool-27-thread-1] INFO  server.RaftServerConfigKeys (ConfUtils.java:logGet(43)) - raft.server.log.segment.size.max = 1048576 (custom)
2019-11-16 13:05:49,578 [pool-37-thread-1] INFO  server.RaftServerConfigKeys (ConfUtils.java:logGet(43)) - raft.server.log.preallocated.size = 16384 (custom)
2019-11-16 13:05:49,578 [pool-47-thread-1] INFO  server.RaftServerConfigKeys (ConfUtils.java:logGet(43)) - raft.server.log.segment.size.max = 1048576 (custom)
2019-11-16 13:05:49,578 [pool-37-thread-1] INFO  server.RaftServerConfigKeys (ConfUtils.java:logGet(43)) - raft.server.log.write.buffer.size = 33554432 (custom)
2019-11-16 13:05:49,578 [pool-27-thread-1] INFO  server.RaftServerConfigKeys (ConfUtils.java:logGet(43)) - raft.server.log.segment.cache.num.max = 2 (custom)
2019-11-16 13:05:49,578 [pool-37-thread-1] INFO  server.RaftServerConfigKeys (ConfUtils.java:logGet(43)) - raft.server.log.force.sync.num = 128 (default)
2019-11-16 13:05:49,578 [pool-47-thread-1] INFO  server.RaftServerConfigKeys (ConfUtils.java:logGet(43)) - raft.server.log.segment.cache.num.max = 2 (custom)
2019-11-16 13:05:49,578 [pool-37-thread-1] INFO  server.RaftServerConfigKeys (ConfUtils.java:logGet(43)) - raft.server.log.statemachine.data.sync = true (default)
2019-11-16 13:05:49,578 [pool-27-thread-1] INFO  segmented.SegmentedRaftLogWorker (SegmentedRaftLogWorker.java:<init>(173)) - new ce7b161b-b478-44a6-ba80-df77e3c8324c@group-A7DD1ECA0D88-SegmentedRaftLogWorker for RaftStorage:Storage Directory /workdir/hadoop-ozone/tools/target/test-dir/MiniOzoneClusterImpl-eb0973ae-92a9-46ee-85ce-ef1f9c3ff6e2/datanode-0/data/ratis/5feedb42-a35e-41e7-b5b8-a7dd1eca0d88
2019-11-16 13:05:49,579 [pool-37-thread-1] INFO  server.RaftServerConfigKeys (ConfUtils.java:logGet(43)) - raft.server.log.statemachine.data.sync.timeout = 10s (default)
2019-11-16 13:05:49,579 [pool-47-thread-1] INFO  segmented.SegmentedRaftLogWorker (SegmentedRaftLogWorker.java:<init>(173)) - new 44937579-fd9e-42f3-96b7-3931c17c73cd@group-A7DD1ECA0D88-SegmentedRaftLogWorker for RaftStorage:Storage Directory /workdir/hadoop-ozone/tools/target/test-dir/MiniOzoneClusterImpl-eb0973ae-92a9-46ee-85ce-ef1f9c3ff6e2/datanode-2/data/ratis/5feedb42-a35e-41e7-b5b8-a7dd1eca0d88
2019-11-16 13:05:49,579 [pool-37-thread-1] INFO  server.RaftServerConfigKeys (ConfUtils.java:logGet(43)) - raft.server.log.statemachine.data.sync.timeout.retry = -1 (default)
2019-11-16 13:05:49,579 [pool-27-thread-1] INFO  server.RaftServerConfigKeys (ConfUtils.java:logGet(43)) - raft.server.log.queue.byte-limit = 2147483647 (custom)
2019-11-16 13:05:49,579 [pool-37-thread-1] INFO  server.RaftServerConfigKeys (ConfUtils.java:logGet(43)) - raft.server.log.statemachine.data.caching.enabled = true (custom)
2019-11-16 13:05:49,579 [pool-47-thread-1] INFO  server.RaftServerConfigKeys (ConfUtils.java:logGet(43)) - raft.server.log.queue.byte-limit = 2147483647 (custom)
2019-11-16 13:05:49,579 [pool-27-thread-1] INFO  server.RaftServerConfigKeys (ConfUtils.java:logGet(43)) - raft.server.log.queue.element-limit = 1024 (custom)
2019-11-16 13:05:49,579 [pool-37-thread-1] INFO  segmented.SegmentedRaftLogWorker (SegmentedRaftLogWorker.java:lambda$new$0(128)) - c3c7e958-9883-4fbe-b063-de98235d6943@group-A7DD1ECA0D88-SegmentedRaftLogWorker: flushIndex: setUnconditionally 0 -> -1
2019-11-16 13:05:49,579 [pool-47-thread-1] INFO  server.RaftServerConfigKeys (ConfUtils.java:logGet(43)) - raft.server.log.queue.element-limit = 1024 (custom)
2019-11-16 13:05:49,580 [pool-27-thread-1] INFO  server.RaftServerConfigKeys (ConfUtils.java:logGet(43)) - raft.server.log.segment.size.max = 1048576 (custom)
2019-11-16 13:05:49,580 [pool-37-thread-1] INFO  server.RaftServerConfigKeys (ConfUtils.java:logGet(43)) - raft.server.snapshot.auto.trigger.enabled = true (custom)
2019-11-16 13:05:49,580 [pool-47-thread-1] INFO  server.RaftServerConfigKeys (ConfUtils.java:logGet(43)) - raft.server.log.segment.size.max = 1048576 (custom)
2019-11-16 13:05:49,580 [pool-37-thread-1] INFO  server.RaftServerConfigKeys (ConfUtils.java:logGet(43)) - raft.server.snapshot.auto.trigger.threshold = 10000 (custom)
2019-11-16 13:05:49,580 [pool-27-thread-1] INFO  server.RaftServerConfigKeys (ConfUtils.java:logGet(43)) - raft.server.log.preallocated.size = 16384 (custom)
2019-11-16 13:05:49,580 [pool-37-thread-1] INFO  server.RaftServerConfigKeys (ConfUtils.java:logGet(43)) - raft.server.snapshot.retention.file.num = 5 (custom)
2019-11-16 13:05:49,580 [pool-47-thread-1] INFO  server.RaftServerConfigKeys (ConfUtils.java:logGet(43)) - raft.server.log.preallocated.size = 16384 (custom)
2019-11-16 13:05:49,580 [pool-37-thread-1] INFO  server.RaftServerConfigKeys (ConfUtils.java:logGet(43)) - raft.server.retrycache.expirytime = 600000ms (custom)
2019-11-16 13:05:49,580 [pool-27-thread-1] INFO  server.RaftServerConfigKeys (ConfUtils.java:logGet(43)) - raft.server.log.write.buffer.size = 33554432 (custom)
2019-11-16 13:05:49,581 [pool-27-thread-1] INFO  server.RaftServerConfigKeys (ConfUtils.java:logGet(43)) - raft.server.log.force.sync.num = 128 (default)
2019-11-16 13:05:49,581 [pool-37-thread-1] WARN  impl.MetricRegistriesImpl (MetricRegistriesImpl.java:lambda$create$1(61)) - First MetricRegistry has been created without registering reporters. You may need to call MetricRegistries.global().addReportRegistration(...) before.
2019-11-16 13:05:49,581 [pool-47-thread-1] INFO  server.RaftServerConfigKeys (ConfUtils.java:logGet(43)) - raft.server.log.write.buffer.size = 33554432 (custom)
2019-11-16 13:05:49,581 [pool-37-thread-1] WARN  impl.MetricRegistriesImpl (MetricRegistriesImpl.java:lambda$create$1(61)) - First MetricRegistry has been created without registering reporters. You may need to call MetricRegistries.global().addReportRegistration(...) before.
2019-11-16 13:05:49,581 [pool-47-thread-1] INFO  server.RaftServerConfigKeys (ConfUtils.java:logGet(43)) - raft.server.log.force.sync.num = 128 (default)
2019-11-16 13:05:49,581 [pool-27-thread-1] INFO  server.RaftServerConfigKeys (ConfUtils.java:logGet(43)) - raft.server.log.statemachine.data.sync = true (default)
2019-11-16 13:05:49,582 [pool-37-thread-1] INFO  impl.RaftServerImpl (RaftServerImpl.java:start(184)) - c3c7e958-9883-4fbe-b063-de98235d6943@group-A7DD1ECA0D88: start as a follower, conf=-1: [ce7b161b-b478-44a6-ba80-df77e3c8324c:192.168.69.84:42106, c3c7e958-9883-4fbe-b063-de98235d6943:192.168.69.84:45072, 44937579-fd9e-42f3-96b7-3931c17c73cd:192.168.69.84:43118], old=null
2019-11-16 13:05:49,582 [pool-47-thread-1] INFO  server.RaftServerConfigKeys (ConfUtils.java:logGet(43)) - raft.server.log.statemachine.data.sync = true (default)
2019-11-16 13:05:49,582 [pool-37-thread-1] INFO  impl.RaftServerImpl (RaftServerImpl.java:setRole(173)) - c3c7e958-9883-4fbe-b063-de98235d6943@group-A7DD1ECA0D88: changes role from      null to FOLLOWER at term 0 for startAsFollower
2019-11-16 13:05:49,582 [pool-27-thread-1] INFO  server.RaftServerConfigKeys (ConfUtils.java:logGet(43)) - raft.server.log.statemachine.data.sync.timeout = 10s (default)
2019-11-16 13:05:49,582 [pool-37-thread-1] INFO  impl.RoleInfo (RoleInfo.java:updateAndGet(143)) - c3c7e958-9883-4fbe-b063-de98235d6943: start FollowerState
2019-11-16 13:05:49,582 [pool-47-thread-1] INFO  server.RaftServerConfigKeys (ConfUtils.java:logGet(43)) - raft.server.log.statemachine.data.sync.timeout = 10s (default)
2019-11-16 13:05:49,582 [pool-27-thread-1] INFO  server.RaftServerConfigKeys (ConfUtils.java:logGet(43)) - raft.server.log.statemachine.data.sync.timeout.retry = -1 (default)
2019-11-16 13:05:49,583 [pool-47-thread-1] INFO  server.RaftServerConfigKeys (ConfUtils.java:logGet(43)) - raft.server.log.statemachine.data.sync.timeout.retry = -1 (default)
2019-11-16 13:05:49,583 [pool-37-thread-1] INFO  util.JmxRegister (JmxRegister.java:tryRegister(44)) - Successfully registered JMX Bean with object name Ratis:service=RaftServer,group=group-A7DD1ECA0D88,id=c3c7e958-9883-4fbe-b063-de98235d6943
2019-11-16 13:05:49,583 [pool-47-thread-1] INFO  server.RaftServerConfigKeys (ConfUtils.java:logGet(43)) - raft.server.log.statemachine.data.caching.enabled = true (custom)
2019-11-16 13:05:49,583 [pool-27-thread-1] INFO  server.RaftServerConfigKeys (ConfUtils.java:logGet(43)) - raft.server.log.statemachine.data.caching.enabled = true (custom)
2019-11-16 13:05:49,583 [pool-37-thread-1] WARN  impl.MetricRegistriesImpl (MetricRegistriesImpl.java:lambda$create$1(61)) - First MetricRegistry has been created without registering reporters. You may need to call MetricRegistries.global().addReportRegistration(...) before.
2019-11-16 13:05:49,583 [pool-47-thread-1] INFO  segmented.SegmentedRaftLogWorker (SegmentedRaftLogWorker.java:lambda$new$0(128)) - 44937579-fd9e-42f3-96b7-3931c17c73cd@group-A7DD1ECA0D88-SegmentedRaftLogWorker: flushIndex: setUnconditionally 0 -> -1
2019-11-16 13:05:49,584 [pool-27-thread-1] INFO  segmented.SegmentedRaftLogWorker (SegmentedRaftLogWorker.java:lambda$new$0(128)) - ce7b161b-b478-44a6-ba80-df77e3c8324c@group-A7DD1ECA0D88-SegmentedRaftLogWorker: flushIndex: setUnconditionally 0 -> -1
2019-11-16 13:05:49,584 [pool-47-thread-1] INFO  server.RaftServerConfigKeys (ConfUtils.java:logGet(43)) - raft.server.snapshot.auto.trigger.enabled = true (custom)
2019-11-16 13:05:49,584 [pool-27-thread-1] INFO  server.RaftServerConfigKeys (ConfUtils.java:logGet(43)) - raft.server.snapshot.auto.trigger.enabled = true (custom)
2019-11-16 13:05:49,584 [pool-47-thread-1] INFO  server.RaftServerConfigKeys (ConfUtils.java:logGet(43)) - raft.server.snapshot.auto.trigger.threshold = 10000 (custom)
2019-11-16 13:05:49,584 [pool-27-thread-1] INFO  server.RaftServerConfigKeys (ConfUtils.java:logGet(43)) - raft.server.snapshot.auto.trigger.threshold = 10000 (custom)
2019-11-16 13:05:49,584 [pool-47-thread-1] INFO  server.RaftServerConfigKeys (ConfUtils.java:logGet(43)) - raft.server.snapshot.retention.file.num = 5 (custom)
2019-11-16 13:05:49,584 [pool-27-thread-1] INFO  server.RaftServerConfigKeys (ConfUtils.java:logGet(43)) - raft.server.snapshot.retention.file.num = 5 (custom)
2019-11-16 13:05:49,586 [pool-47-thread-1] INFO  server.RaftServerConfigKeys (ConfUtils.java:logGet(43)) - raft.server.retrycache.expirytime = 600000ms (custom)
2019-11-16 13:05:49,586 [pool-27-thread-1] INFO  server.RaftServerConfigKeys (ConfUtils.java:logGet(43)) - raft.server.retrycache.expirytime = 600000ms (custom)
2019-11-16 13:05:49,587 [pool-47-thread-1] WARN  impl.MetricRegistriesImpl (MetricRegistriesImpl.java:lambda$create$1(61)) - First MetricRegistry has been created without registering reporters. You may need to call MetricRegistries.global().addReportRegistration(...) before.
2019-11-16 13:05:49,587 [pool-27-thread-1] WARN  impl.MetricRegistriesImpl (MetricRegistriesImpl.java:lambda$create$1(61)) - First MetricRegistry has been created without registering reporters. You may need to call MetricRegistries.global().addReportRegistration(...) before.
2019-11-16 13:05:49,587 [pool-47-thread-1] WARN  impl.MetricRegistriesImpl (MetricRegistriesImpl.java:lambda$create$1(61)) - First MetricRegistry has been created without registering reporters. You may need to call MetricRegistries.global().addReportRegistration(...) before.
2019-11-16 13:05:49,587 [pool-27-thread-1] WARN  impl.MetricRegistriesImpl (MetricRegistriesImpl.java:lambda$create$1(61)) - First MetricRegistry has been created without registering reporters. You may need to call MetricRegistries.global().addReportRegistration(...) before.
2019-11-16 13:05:49,587 [pool-47-thread-1] INFO  impl.RaftServerImpl (RaftServerImpl.java:start(184)) - 44937579-fd9e-42f3-96b7-3931c17c73cd@group-A7DD1ECA0D88: start as a follower, conf=-1: [ce7b161b-b478-44a6-ba80-df77e3c8324c:192.168.69.84:42106, c3c7e958-9883-4fbe-b063-de98235d6943:192.168.69.84:45072, 44937579-fd9e-42f3-96b7-3931c17c73cd:192.168.69.84:43118], old=null
2019-11-16 13:05:49,587 [pool-27-thread-1] INFO  impl.RaftServerImpl (RaftServerImpl.java:start(184)) - ce7b161b-b478-44a6-ba80-df77e3c8324c@group-A7DD1ECA0D88: start as a follower, conf=-1: [ce7b161b-b478-44a6-ba80-df77e3c8324c:192.168.69.84:42106, c3c7e958-9883-4fbe-b063-de98235d6943:192.168.69.84:45072, 44937579-fd9e-42f3-96b7-3931c17c73cd:192.168.69.84:43118], old=null
2019-11-16 13:05:49,588 [pool-47-thread-1] INFO  impl.RaftServerImpl (RaftServerImpl.java:setRole(173)) - 44937579-fd9e-42f3-96b7-3931c17c73cd@group-A7DD1ECA0D88: changes role from      null to FOLLOWER at term 0 for startAsFollower
2019-11-16 13:05:49,588 [pool-27-thread-1] INFO  impl.RaftServerImpl (RaftServerImpl.java:setRole(173)) - ce7b161b-b478-44a6-ba80-df77e3c8324c@group-A7DD1ECA0D88: changes role from      null to FOLLOWER at term 0 for startAsFollower
2019-11-16 13:05:49,588 [pool-47-thread-1] INFO  impl.RoleInfo (RoleInfo.java:updateAndGet(143)) - 44937579-fd9e-42f3-96b7-3931c17c73cd: start FollowerState
2019-11-16 13:05:49,588 [pool-27-thread-1] INFO  impl.RoleInfo (RoleInfo.java:updateAndGet(143)) - ce7b161b-b478-44a6-ba80-df77e3c8324c: start FollowerState
2019-11-16 13:05:49,588 [pool-47-thread-1] INFO  util.JmxRegister (JmxRegister.java:tryRegister(44)) - Successfully registered JMX Bean with object name Ratis:service=RaftServer,group=group-A7DD1ECA0D88,id=44937579-fd9e-42f3-96b7-3931c17c73cd
2019-11-16 13:05:49,588 [pool-47-thread-1] WARN  impl.MetricRegistriesImpl (MetricRegistriesImpl.java:lambda$create$1(61)) - First MetricRegistry has been created without registering reporters. You may need to call MetricRegistries.global().addReportRegistration(...) before.
2019-11-16 13:05:49,588 [pool-27-thread-1] INFO  util.JmxRegister (JmxRegister.java:tryRegister(44)) - Successfully registered JMX Bean with object name Ratis:service=RaftServer,group=group-A7DD1ECA0D88,id=ce7b161b-b478-44a6-ba80-df77e3c8324c
2019-11-16 13:05:49,589 [pool-27-thread-1] WARN  impl.MetricRegistriesImpl (MetricRegistriesImpl.java:lambda$create$1(61)) - First MetricRegistry has been created without registering reporters. You may need to call MetricRegistries.global().addReportRegistration(...) before.
2019-11-16 13:05:49,593 [RatisPipelineUtilsThread] INFO  pipeline.PipelineStateManager (PipelineStateManager.java:addPipeline(55)) - Created pipeline Pipeline[ Id: 5feedb42-a35e-41e7-b5b8-a7dd1eca0d88, Nodes: 44937579-fd9e-42f3-96b7-3931c17c73cd{ip: 192.168.69.84, host: pr-hdds-2508-jgffk-3148646922, networkLocation: /default-rack, certSerialId: null}c3c7e958-9883-4fbe-b063-de98235d6943{ip: 192.168.69.84, host: pr-hdds-2508-jgffk-3148646922, networkLocation: /default-rack, certSerialId: null}ce7b161b-b478-44a6-ba80-df77e3c8324c{ip: 192.168.69.84, host: pr-hdds-2508-jgffk-3148646922, networkLocation: /default-rack, certSerialId: null}, Type:RATIS, Factor:THREE, State:ALLOCATED]
2019-11-16 13:05:49,630 [main] INFO  freon.RandomKeyGenerator (RandomKeyGenerator.java:call(283)) - Number of Threads: 10
2019-11-16 13:05:49,631 [main] INFO  freon.RandomKeyGenerator (RandomKeyGenerator.java:call(288)) - Number of Volumes: 1.
2019-11-16 13:05:49,631 [main] INFO  freon.RandomKeyGenerator (RandomKeyGenerator.java:call(289)) - Number of Buckets per Volume: 1.
2019-11-16 13:05:49,631 [main] INFO  freon.RandomKeyGenerator (RandomKeyGenerator.java:call(290)) - Number of Keys per Bucket: 1.
2019-11-16 13:05:49,631 [main] INFO  freon.RandomKeyGenerator (RandomKeyGenerator.java:call(291)) - Key size: 20971520 bytes
2019-11-16 13:05:49,631 [main] INFO  freon.RandomKeyGenerator (RandomKeyGenerator.java:call(292)) - Buffer size: 4096 bytes
2019-11-16 13:05:49,631 [main] INFO  freon.RandomKeyGenerator (RandomKeyGenerator.java:call(293)) - validateWrites : true
2019-11-16 13:05:49,632 [main] INFO  freon.RandomKeyGenerator (RandomKeyGenerator.java:call(307)) - Data validation is enabled.
2019-11-16 13:05:49,632 [main] INFO  freon.RandomKeyGenerator (RandomKeyGenerator.java:call(313)) - Starting progress bar Thread.

2019-11-16 13:05:49,632 [pool-59-thread-1] INFO  rpc.RpcClient (RpcClient.java:createVolume(292)) - Creating Volume: vol-0-42106, with jenkins1000 as owner.
 0.00% |?                                                                                                    |  0/1 Time: 0:00:002019-11-16 13:05:49,637 [IPC Server handler 0 on 38394] INFO  volume.OMVolumeCreateRequest (OMVolumeCreateRequest.java:validateAndUpdateCache(193)) - created volume:vol-0-42106 for user:jenkins1000
2019-11-16 13:05:49,662 [pool-59-thread-2] INFO  rpc.RpcClient (RpcClient.java:createBucket(431)) - Creating Bucket: vol-0-42106/bucket-0-23285, with Versioning false and Storage Type set to DISK and Encryption set to false 
2019-11-16 13:05:49,688 [IPC Server handler 4 on 35336] WARN  block.BlockManagerImpl (BlockManagerImpl.java:allocateBlock(200)) - Pipeline creation failed for type:RATIS factor:THREE. Retrying get pipelines call once.
org.apache.hadoop.hdds.scm.pipeline.InsufficientDatanodesException: Cannot create pipeline of factor 3 using 0 nodes.
	at org.apache.hadoop.hdds.scm.pipeline.RatisPipelineProvider.create(RatisPipelineProvider.java:153)
	at org.apache.hadoop.hdds.scm.pipeline.PipelineFactory.create(PipelineFactory.java:58)
	at org.apache.hadoop.hdds.scm.pipeline.SCMPipelineManager.createPipeline(SCMPipelineManager.java:155)
	at org.apache.hadoop.hdds.scm.block.BlockManagerImpl.allocateBlock(BlockManagerImpl.java:198)
	at org.apache.hadoop.hdds.scm.server.SCMBlockProtocolServer.allocateBlock(SCMBlockProtocolServer.java:187)
	at org.apache.hadoop.hdds.scm.protocol.ScmBlockLocationProtocolServerSideTranslatorPB.allocateScmBlock(ScmBlockLocationProtocolServerSideTranslatorPB.java:159)
	at org.apache.hadoop.hdds.scm.protocol.ScmBlockLocationProtocolServerSideTranslatorPB.processMessage(ScmBlockLocationProtocolServerSideTranslatorPB.java:117)
	at org.apache.hadoop.hdds.server.OzoneProtocolMessageDispatcher.processRequest(OzoneProtocolMessageDispatcher.java:72)
	at org.apache.hadoop.hdds.scm.protocol.ScmBlockLocationProtocolServerSideTranslatorPB.send(ScmBlockLocationProtocolServerSideTranslatorPB.java:98)
	at org.apache.hadoop.hdds.protocol.proto.ScmBlockLocationProtocolProtos$ScmBlockLocationProtocolService$2.callBlockingMethod(ScmBlockLocationProtocolProtos.java:13157)
	at org.apache.hadoop.ipc.ProtobufRpcEngine$Server$ProtoBufRpcInvoker.call(ProtobufRpcEngine.java:524)
	at org.apache.hadoop.ipc.RPC$Server.call(RPC.java:1025)
	at org.apache.hadoop.ipc.Server$RpcCall.run(Server.java:876)
	at org.apache.hadoop.ipc.Server$RpcCall.run(Server.java:822)
	at java.security.AccessController.doPrivileged(Native Method)
	at javax.security.auth.Subject.doAs(Subject.java:422)
	at org.apache.hadoop.security.UserGroupInformation.doAs(UserGroupInformation.java:1730)
	at org.apache.hadoop.ipc.Server$Handler.run(Server.java:2682)
2019-11-16 13:05:49,690 [IPC Server handler 4 on 35336] INFO  block.BlockManagerImpl (BlockManagerImpl.java:allocateBlock(212)) - Could not find available pipeline of type:RATIS and factor:THREE even after retrying
2019-11-16 13:05:49,690 [IPC Server handler 4 on 35336] ERROR block.BlockManagerImpl (BlockManagerImpl.java:allocateBlock(236)) - Unable to allocate a block for the size: 4194304, type: RATIS, factor: THREE
2019-11-16 13:05:49,695 [IPC Server handler 4 on 35336] WARN  block.BlockManagerImpl (BlockManagerImpl.java:allocateBlock(200)) - Pipeline creation failed for type:RATIS factor:THREE. Retrying get pipelines call once.
org.apache.hadoop.hdds.scm.pipeline.InsufficientDatanodesException: Cannot create pipeline of factor 3 using 0 nodes.
	at org.apache.hadoop.hdds.scm.pipeline.RatisPipelineProvider.create(RatisPipelineProvider.java:153)
	at org.apache.hadoop.hdds.scm.pipeline.PipelineFactory.create(PipelineFactory.java:58)
	at org.apache.hadoop.hdds.scm.pipeline.SCMPipelineManager.createPipeline(SCMPipelineManager.java:155)
	at org.apache.hadoop.hdds.scm.block.BlockManagerImpl.allocateBlock(BlockManagerImpl.java:198)
	at org.apache.hadoop.hdds.scm.server.SCMBlockProtocolServer.allocateBlock(SCMBlockProtocolServer.java:187)
	at org.apache.hadoop.hdds.scm.protocol.ScmBlockLocationProtocolServerSideTranslatorPB.allocateScmBlock(ScmBlockLocationProtocolServerSideTranslatorPB.java:159)
	at org.apache.hadoop.hdds.scm.protocol.ScmBlockLocationProtocolServerSideTranslatorPB.processMessage(ScmBlockLocationProtocolServerSideTranslatorPB.java:117)
	at org.apache.hadoop.hdds.server.OzoneProtocolMessageDispatcher.processRequest(OzoneProtocolMessageDispatcher.java:72)
	at org.apache.hadoop.hdds.scm.protocol.ScmBlockLocationProtocolServerSideTranslatorPB.send(ScmBlockLocationProtocolServerSideTranslatorPB.java:98)
	at org.apache.hadoop.hdds.protocol.proto.ScmBlockLocationProtocolProtos$ScmBlockLocationProtocolService$2.callBlockingMethod(ScmBlockLocationProtocolProtos.java:13157)
	at org.apache.hadoop.ipc.ProtobufRpcEngine$Server$ProtoBufRpcInvoker.call(ProtobufRpcEngine.java:524)
	at org.apache.hadoop.ipc.RPC$Server.call(RPC.java:1025)
	at org.apache.hadoop.ipc.Server$RpcCall.run(Server.java:876)
	at org.apache.hadoop.ipc.Server$RpcCall.run(Server.java:822)
	at java.security.AccessController.doPrivileged(Native Method)
	at javax.security.auth.Subject.doAs(Subject.java:422)
	at org.apache.hadoop.security.UserGroupInformation.doAs(UserGroupInformation.java:1730)
	at org.apache.hadoop.ipc.Server$Handler.run(Server.java:2682)
2019-11-16 13:05:49,696 [IPC Server handler 4 on 35336] INFO  block.BlockManagerImpl (BlockManagerImpl.java:allocateBlock(212)) - Could not find available pipeline of type:RATIS and factor:THREE even after retrying
2019-11-16 13:05:49,696 [IPC Server handler 4 on 35336] ERROR block.BlockManagerImpl (BlockManagerImpl.java:allocateBlock(236)) - Unable to allocate a block for the size: 4194304, type: RATIS, factor: THREE
2019-11-16 13:05:49,697 [IPC Server handler 4 on 35336] WARN  block.BlockManagerImpl (BlockManagerImpl.java:allocateBlock(200)) - Pipeline creation failed for type:RATIS factor:THREE. Retrying get pipelines call once.
org.apache.hadoop.hdds.scm.pipeline.InsufficientDatanodesException: Cannot create pipeline of factor 3 using 0 nodes.
	at org.apache.hadoop.hdds.scm.pipeline.RatisPipelineProvider.create(RatisPipelineProvider.java:153)
	at org.apache.hadoop.hdds.scm.pipeline.PipelineFactory.create(PipelineFactory.java:58)
	at org.apache.hadoop.hdds.scm.pipeline.SCMPipelineManager.createPipeline(SCMPipelineManager.java:155)
	at org.apache.hadoop.hdds.scm.block.BlockManagerImpl.allocateBlock(BlockManagerImpl.java:198)
	at org.apache.hadoop.hdds.scm.server.SCMBlockProtocolServer.allocateBlock(SCMBlockProtocolServer.java:187)
	at org.apache.hadoop.hdds.scm.protocol.ScmBlockLocationProtocolServerSideTranslatorPB.allocateScmBlock(ScmBlockLocationProtocolServerSideTranslatorPB.java:159)
	at org.apache.hadoop.hdds.scm.protocol.ScmBlockLocationProtocolServerSideTranslatorPB.processMessage(ScmBlockLocationProtocolServerSideTranslatorPB.java:117)
	at org.apache.hadoop.hdds.server.OzoneProtocolMessageDispatcher.processRequest(OzoneProtocolMessageDispatcher.java:72)
	at org.apache.hadoop.hdds.scm.protocol.ScmBlockLocationProtocolServerSideTranslatorPB.send(ScmBlockLocationProtocolServerSideTranslatorPB.java:98)
	at org.apache.hadoop.hdds.protocol.proto.ScmBlockLocationProtocolProtos$ScmBlockLocationProtocolService$2.callBlockingMethod(ScmBlockLocationProtocolProtos.java:13157)
	at org.apache.hadoop.ipc.ProtobufRpcEngine$Server$ProtoBufRpcInvoker.call(ProtobufRpcEngine.java:524)
	at org.apache.hadoop.ipc.RPC$Server.call(RPC.java:1025)
	at org.apache.hadoop.ipc.Server$RpcCall.run(Server.java:876)
	at org.apache.hadoop.ipc.Server$RpcCall.run(Server.java:822)
	at java.security.AccessController.doPrivileged(Native Method)
	at javax.security.auth.Subject.doAs(Subject.java:422)
	at org.apache.hadoop.security.UserGroupInformation.doAs(UserGroupInformation.java:1730)
	at org.apache.hadoop.ipc.Server$Handler.run(Server.java:2682)
2019-11-16 13:05:49,697 [IPC Server handler 4 on 35336] INFO  block.BlockManagerImpl (BlockManagerImpl.java:allocateBlock(212)) - Could not find available pipeline of type:RATIS and factor:THREE even after retrying
2019-11-16 13:05:49,697 [IPC Server handler 4 on 35336] ERROR block.BlockManagerImpl (BlockManagerImpl.java:allocateBlock(236)) - Unable to allocate a block for the size: 4194304, type: RATIS, factor: THREE
2019-11-16 13:05:49,698 [IPC Server handler 4 on 35336] WARN  block.BlockManagerImpl (BlockManagerImpl.java:allocateBlock(200)) - Pipeline creation failed for type:RATIS factor:THREE. Retrying get pipelines call once.
org.apache.hadoop.hdds.scm.pipeline.InsufficientDatanodesException: Cannot create pipeline of factor 3 using 0 nodes.
	at org.apache.hadoop.hdds.scm.pipeline.RatisPipelineProvider.create(RatisPipelineProvider.java:153)
	at org.apache.hadoop.hdds.scm.pipeline.PipelineFactory.create(PipelineFactory.java:58)
	at org.apache.hadoop.hdds.scm.pipeline.SCMPipelineManager.createPipeline(SCMPipelineManager.java:155)
	at org.apache.hadoop.hdds.scm.block.BlockManagerImpl.allocateBlock(BlockManagerImpl.java:198)
	at org.apache.hadoop.hdds.scm.server.SCMBlockProtocolServer.allocateBlock(SCMBlockProtocolServer.java:187)
	at org.apache.hadoop.hdds.scm.protocol.ScmBlockLocationProtocolServerSideTranslatorPB.allocateScmBlock(ScmBlockLocationProtocolServerSideTranslatorPB.java:159)
	at org.apache.hadoop.hdds.scm.protocol.ScmBlockLocationProtocolServerSideTranslatorPB.processMessage(ScmBlockLocationProtocolServerSideTranslatorPB.java:117)
	at org.apache.hadoop.hdds.server.OzoneProtocolMessageDispatcher.processRequest(OzoneProtocolMessageDispatcher.java:72)
	at org.apache.hadoop.hdds.scm.protocol.ScmBlockLocationProtocolServerSideTranslatorPB.send(ScmBlockLocationProtocolServerSideTranslatorPB.java:98)
	at org.apache.hadoop.hdds.protocol.proto.ScmBlockLocationProtocolProtos$ScmBlockLocationProtocolService$2.callBlockingMethod(ScmBlockLocationProtocolProtos.java:13157)
	at org.apache.hadoop.ipc.ProtobufRpcEngine$Server$ProtoBufRpcInvoker.call(ProtobufRpcEngine.java:524)
	at org.apache.hadoop.ipc.RPC$Server.call(RPC.java:1025)
	at org.apache.hadoop.ipc.Server$RpcCall.run(Server.java:876)
	at org.apache.hadoop.ipc.Server$RpcCall.run(Server.java:822)
	at java.security.AccessController.doPrivileged(Native Method)
	at javax.security.auth.Subject.doAs(Subject.java:422)
	at org.apache.hadoop.security.UserGroupInformation.doAs(UserGroupInformation.java:1730)
	at org.apache.hadoop.ipc.Server$Handler.run(Server.java:2682)
2019-11-16 13:05:49,699 [IPC Server handler 4 on 35336] INFO  block.BlockManagerImpl (BlockManagerImpl.java:allocateBlock(212)) - Could not find available pipeline of type:RATIS and factor:THREE even after retrying
2019-11-16 13:05:49,699 [IPC Server handler 4 on 35336] ERROR block.BlockManagerImpl (BlockManagerImpl.java:allocateBlock(236)) - Unable to allocate a block for the size: 4194304, type: RATIS, factor: THREE
2019-11-16 13:05:49,700 [IPC Server handler 4 on 35336] WARN  block.BlockManagerImpl (BlockManagerImpl.java:allocateBlock(200)) - Pipeline creation failed for type:RATIS factor:THREE. Retrying get pipelines call once.
org.apache.hadoop.hdds.scm.pipeline.InsufficientDatanodesException: Cannot create pipeline of factor 3 using 0 nodes.
	at org.apache.hadoop.hdds.scm.pipeline.RatisPipelineProvider.create(RatisPipelineProvider.java:153)
	at org.apache.hadoop.hdds.scm.pipeline.PipelineFactory.create(PipelineFactory.java:58)
	at org.apache.hadoop.hdds.scm.pipeline.SCMPipelineManager.createPipeline(SCMPipelineManager.java:155)
	at org.apache.hadoop.hdds.scm.block.BlockManagerImpl.allocateBlock(BlockManagerImpl.java:198)
	at org.apache.hadoop.hdds.scm.server.SCMBlockProtocolServer.allocateBlock(SCMBlockProtocolServer.java:187)
	at org.apache.hadoop.hdds.scm.protocol.ScmBlockLocationProtocolServerSideTranslatorPB.allocateScmBlock(ScmBlockLocationProtocolServerSideTranslatorPB.java:159)
	at org.apache.hadoop.hdds.scm.protocol.ScmBlockLocationProtocolServerSideTranslatorPB.processMessage(ScmBlockLocationProtocolServerSideTranslatorPB.java:117)
	at org.apache.hadoop.hdds.server.OzoneProtocolMessageDispatcher.processRequest(OzoneProtocolMessageDispatcher.java:72)
	at org.apache.hadoop.hdds.scm.protocol.ScmBlockLocationProtocolServerSideTranslatorPB.send(ScmBlockLocationProtocolServerSideTranslatorPB.java:98)
	at org.apache.hadoop.hdds.protocol.proto.ScmBlockLocationProtocolProtos$ScmBlockLocationProtocolService$2.callBlockingMethod(ScmBlockLocationProtocolProtos.java:13157)
	at org.apache.hadoop.ipc.ProtobufRpcEngine$Server$ProtoBufRpcInvoker.call(ProtobufRpcEngine.java:524)
	at org.apache.hadoop.ipc.RPC$Server.call(RPC.java:1025)
	at org.apache.hadoop.ipc.Server$RpcCall.run(Server.java:876)
	at org.apache.hadoop.ipc.Server$RpcCall.run(Server.java:822)
	at java.security.AccessController.doPrivileged(Native Method)
	at javax.security.auth.Subject.doAs(Subject.java:422)
	at org.apache.hadoop.security.UserGroupInformation.doAs(UserGroupInformation.java:1730)
	at org.apache.hadoop.ipc.Server$Handler.run(Server.java:2682)
2019-11-16 13:05:49,701 [IPC Server handler 4 on 35336] INFO  block.BlockManagerImpl (BlockManagerImpl.java:allocateBlock(212)) - Could not find available pipeline of type:RATIS and factor:THREE even after retrying
2019-11-16 13:05:49,701 [IPC Server handler 4 on 35336] ERROR block.BlockManagerImpl (BlockManagerImpl.java:allocateBlock(236)) - Unable to allocate a block for the size: 4194304, type: RATIS, factor: THREE
2019-11-16 13:05:49,705 [pool-59-thread-4] ERROR freon.RandomKeyGenerator (RandomKeyGenerator.java:createKey(735)) - Exception while adding key: key-0-58034 in bucket: bucket-0-23285 of volume: vol-0-42106.
INTERNAL_ERROR org.apache.hadoop.ozone.om.exceptions.OMException: Allocated 0 blocks. Requested 5 blocks
	at org.apache.hadoop.ozone.om.protocolPB.OzoneManagerProtocolClientSideTranslatorPB.handleError(OzoneManagerProtocolClientSideTranslatorPB.java:761)
	at org.apache.hadoop.ozone.om.protocolPB.OzoneManagerProtocolClientSideTranslatorPB.openKey(OzoneManagerProtocolClientSideTranslatorPB.java:752)
	at sun.reflect.NativeMethodAccessorImpl.invoke0(Native Method)
	at sun.reflect.NativeMethodAccessorImpl.invoke(NativeMethodAccessorImpl.java:62)
	at sun.reflect.DelegatingMethodAccessorImpl.invoke(DelegatingMethodAccessorImpl.java:43)
	at java.lang.reflect.Method.invoke(Method.java:498)
	at org.apache.hadoop.hdds.tracing.TraceAllMethod.invoke(TraceAllMethod.java:66)
	at com.sun.proxy.$Proxy37.openKey(Unknown Source)
	at org.apache.hadoop.ozone.client.rpc.RpcClient.createKey(RpcClient.java:633)
	at org.apache.hadoop.ozone.client.OzoneBucket.createKey(OzoneBucket.java:325)
	at org.apache.hadoop.ozone.freon.RandomKeyGenerator.createKey(RandomKeyGenerator.java:697)
	at org.apache.hadoop.ozone.freon.RandomKeyGenerator.access$1100(RandomKeyGenerator.java:88)
	at org.apache.hadoop.ozone.freon.RandomKeyGenerator$ObjectCreator.run(RandomKeyGenerator.java:615)
	at java.util.concurrent.Executors$RunnableAdapter.call(Executors.java:511)
	at java.util.concurrent.FutureTask.run(FutureTask.java:266)
	at java.util.concurrent.ThreadPoolExecutor.runWorker(ThreadPoolExecutor.java:1149)
	at java.util.concurrent.ThreadPoolExecutor$Worker.run(ThreadPoolExecutor.java:624)
	at java.lang.Thread.run(Thread.java:748)
 0.00% |?                                                                                                    |  0/1 Time: 0:00:01 0.00% |?                                                                                                    |  0/1 Time: 0:00:02 0.00% |?                                                                                                    |  0/1 Time: 0:00:03 0.00% |?                                                                                                    |  0/1 Time: 0:00:042019-11-16 13:05:54,593 [Thread-491] INFO  impl.FollowerState (FollowerState.java:run(111)) - ce7b161b-b478-44a6-ba80-df77e3c8324c@group-A7DD1ECA0D88-FollowerState: change to CANDIDATE, lastRpcTime:5004ms, electionTimeout:5004ms
2019-11-16 13:05:54,593 [Thread-491] INFO  impl.RoleInfo (RoleInfo.java:shutdownFollowerState(121)) - ce7b161b-b478-44a6-ba80-df77e3c8324c: shutdown FollowerState
2019-11-16 13:05:54,593 [Thread-491] INFO  impl.RaftServerImpl (RaftServerImpl.java:setRole(173)) - ce7b161b-b478-44a6-ba80-df77e3c8324c@group-A7DD1ECA0D88: changes role from  FOLLOWER to CANDIDATE at term 0 for changeToCandidate
2019-11-16 13:05:54,594 [Thread-491] INFO  impl.RoleInfo (RoleInfo.java:updateAndGet(143)) - ce7b161b-b478-44a6-ba80-df77e3c8324c: start LeaderElection
2019-11-16 13:05:54,597 [Thread-490] INFO  impl.FollowerState (FollowerState.java:run(111)) - 44937579-fd9e-42f3-96b7-3931c17c73cd@group-A7DD1ECA0D88-FollowerState: change to CANDIDATE, lastRpcTime:5009ms, electionTimeout:5009ms
2019-11-16 13:05:54,598 [Thread-490] INFO  impl.RoleInfo (RoleInfo.java:shutdownFollowerState(121)) - 44937579-fd9e-42f3-96b7-3931c17c73cd: shutdown FollowerState
2019-11-16 13:05:54,598 [Thread-490] INFO  impl.RaftServerImpl (RaftServerImpl.java:setRole(173)) - 44937579-fd9e-42f3-96b7-3931c17c73cd@group-A7DD1ECA0D88: changes role from  FOLLOWER to CANDIDATE at term 0 for changeToCandidate
2019-11-16 13:05:54,598 [Thread-490] INFO  impl.RoleInfo (RoleInfo.java:updateAndGet(143)) - 44937579-fd9e-42f3-96b7-3931c17c73cd: start LeaderElection
2019-11-16 13:05:54,611 [ce7b161b-b478-44a6-ba80-df77e3c8324c@group-A7DD1ECA0D88-LeaderElection6] INFO  impl.LeaderElection (LeaderElection.java:askForVotes(178)) - ce7b161b-b478-44a6-ba80-df77e3c8324c@group-A7DD1ECA0D88-LeaderElection6: begin an election at term 1 for -1: [ce7b161b-b478-44a6-ba80-df77e3c8324c:192.168.69.84:42106, c3c7e958-9883-4fbe-b063-de98235d6943:192.168.69.84:45072, 44937579-fd9e-42f3-96b7-3931c17c73cd:192.168.69.84:43118], old=null
2019-11-16 13:05:54,611 [44937579-fd9e-42f3-96b7-3931c17c73cd@group-A7DD1ECA0D88-LeaderElection7] INFO  impl.LeaderElection (LeaderElection.java:askForVotes(178)) - 44937579-fd9e-42f3-96b7-3931c17c73cd@group-A7DD1ECA0D88-LeaderElection7: begin an election at term 1 for -1: [ce7b161b-b478-44a6-ba80-df77e3c8324c:192.168.69.84:42106, c3c7e958-9883-4fbe-b063-de98235d6943:192.168.69.84:45072, 44937579-fd9e-42f3-96b7-3931c17c73cd:192.168.69.84:43118], old=null
2019-11-16 13:05:54,620 [grpc-default-executor-0] INFO  impl.RaftServerImpl (RaftServerImpl.java:setRole(173)) - c3c7e958-9883-4fbe-b063-de98235d6943@group-A7DD1ECA0D88: changes role from  FOLLOWER to FOLLOWER at term 1 for recognizeCandidate:44937579-fd9e-42f3-96b7-3931c17c73cd
2019-11-16 13:05:54,621 [grpc-default-executor-0] INFO  impl.RoleInfo (RoleInfo.java:shutdownFollowerState(121)) - c3c7e958-9883-4fbe-b063-de98235d6943: shutdown FollowerState
2019-11-16 13:05:54,621 [Thread-486] INFO  impl.FollowerState (FollowerState.java:run(120)) - c3c7e958-9883-4fbe-b063-de98235d6943@group-A7DD1ECA0D88-FollowerState was interrupted: java.lang.InterruptedException: sleep interrupted
2019-11-16 13:05:54,621 [grpc-default-executor-0] INFO  impl.RoleInfo (RoleInfo.java:updateAndGet(143)) - c3c7e958-9883-4fbe-b063-de98235d6943: start FollowerState
2019-11-16 13:05:54,634 [ce7b161b-b478-44a6-ba80-df77e3c8324c@group-A7DD1ECA0D88-LeaderElection6] INFO  impl.LeaderElection (LeaderElection.java:logAndReturn(56)) - ce7b161b-b478-44a6-ba80-df77e3c8324c@group-A7DD1ECA0D88-LeaderElection6: Election REJECTED; received 2 response(s) [ce7b161b-b478-44a6-ba80-df77e3c8324c<-c3c7e958-9883-4fbe-b063-de98235d6943#0:FAIL-t1, ce7b161b-b478-44a6-ba80-df77e3c8324c<-44937579-fd9e-42f3-96b7-3931c17c73cd#0:FAIL-t1] and 0 exception(s); ce7b161b-b478-44a6-ba80-df77e3c8324c@group-A7DD1ECA0D88:t1, leader=null, voted=ce7b161b-b478-44a6-ba80-df77e3c8324c, raftlog=ce7b161b-b478-44a6-ba80-df77e3c8324c@group-A7DD1ECA0D88-SegmentedRaftLog:OPENED:c-1,f-1,i0, conf=-1: [ce7b161b-b478-44a6-ba80-df77e3c8324c:192.168.69.84:42106, c3c7e958-9883-4fbe-b063-de98235d6943:192.168.69.84:45072, 44937579-fd9e-42f3-96b7-3931c17c73cd:192.168.69.84:43118], old=null
2019-11-16 13:05:54,634 [44937579-fd9e-42f3-96b7-3931c17c73cd@group-A7DD1ECA0D88-LeaderElection7] INFO  impl.LeaderElection (LeaderElection.java:logAndReturn(56)) - 44937579-fd9e-42f3-96b7-3931c17c73cd@group-A7DD1ECA0D88-LeaderElection7: Election PASSED; received 2 response(s) [44937579-fd9e-42f3-96b7-3931c17c73cd<-ce7b161b-b478-44a6-ba80-df77e3c8324c#0:FAIL-t1, 44937579-fd9e-42f3-96b7-3931c17c73cd<-c3c7e958-9883-4fbe-b063-de98235d6943#0:OK-t1] and 0 exception(s); 44937579-fd9e-42f3-96b7-3931c17c73cd@group-A7DD1ECA0D88:t1, leader=null, voted=44937579-fd9e-42f3-96b7-3931c17c73cd, raftlog=44937579-fd9e-42f3-96b7-3931c17c73cd@group-A7DD1ECA0D88-SegmentedRaftLog:OPENED:c-1,f-1,i0, conf=-1: [ce7b161b-b478-44a6-ba80-df77e3c8324c:192.168.69.84:42106, c3c7e958-9883-4fbe-b063-de98235d6943:192.168.69.84:45072, 44937579-fd9e-42f3-96b7-3931c17c73cd:192.168.69.84:43118], old=null
2019-11-16 13:05:54,634 [ce7b161b-b478-44a6-ba80-df77e3c8324c@group-A7DD1ECA0D88-LeaderElection6] INFO  impl.RaftServerImpl (RaftServerImpl.java:setRole(173)) - ce7b161b-b478-44a6-ba80-df77e3c8324c@group-A7DD1ECA0D88: changes role from CANDIDATE to FOLLOWER at term 1 for DISCOVERED_A_NEW_TERM
2019-11-16 13:05:54,635 [44937579-fd9e-42f3-96b7-3931c17c73cd@group-A7DD1ECA0D88-LeaderElection7] INFO  impl.RoleInfo (RoleInfo.java:shutdownLeaderElection(134)) - 44937579-fd9e-42f3-96b7-3931c17c73cd: shutdown LeaderElection
2019-11-16 13:05:54,636 [ce7b161b-b478-44a6-ba80-df77e3c8324c@group-A7DD1ECA0D88-LeaderElection6] INFO  impl.RoleInfo (RoleInfo.java:shutdownLeaderElection(134)) - ce7b161b-b478-44a6-ba80-df77e3c8324c: shutdown LeaderElection
2019-11-16 13:05:54,637 [44937579-fd9e-42f3-96b7-3931c17c73cd@group-A7DD1ECA0D88-LeaderElection7] INFO  impl.RaftServerImpl (RaftServerImpl.java:setRole(173)) - 44937579-fd9e-42f3-96b7-3931c17c73cd@group-A7DD1ECA0D88: changes role from CANDIDATE to LEADER at term 1 for changeToLeader
 100.00% |?????????????????????????????????????????????????????????????????????????????????????????????????????|  1/1 Time: 0:00:05
2019-11-16 13:05:54,637 [ce7b161b-b478-44a6-ba80-df77e3c8324c@group-A7DD1ECA0D88-LeaderElection6] INFO  impl.RoleInfo (RoleInfo.java:updateAndGet(143)) - ce7b161b-b478-44a6-ba80-df77e3c8324c: start FollowerState
2019-11-16 13:05:54,637 [44937579-fd9e-42f3-96b7-3931c17c73cd@group-A7DD1ECA0D88-LeaderElection7] INFO  ratis.XceiverServerRatis (XceiverServerRatis.java:handleLeaderChangedNotification(697)) - Leader change notification received for group: group-A7DD1ECA0D88 with new leaderId: 44937579-fd9e-42f3-96b7-3931c17c73cd
2019-11-16 13:05:54,638 [44937579-fd9e-42f3-96b7-3931c17c73cd@group-A7DD1ECA0D88-LeaderElection7] INFO  impl.RaftServerImpl (ServerState.java:setLeader(255)) - 44937579-fd9e-42f3-96b7-3931c17c73cd@group-A7DD1ECA0D88: change Leader from null to 44937579-fd9e-42f3-96b7-3931c17c73cd at term 1 for becomeLeader, leader elected after 5061ms
2019-11-16 13:05:54,638 [44937579-fd9e-42f3-96b7-3931c17c73cd@group-A7DD1ECA0D88-LeaderElection7] INFO  server.RaftServerConfigKeys (ConfUtils.java:logGet(43)) - raft.server.staging.catchup.gap = 1000 (default)
2019-11-16 13:05:54,638 [44937579-fd9e-42f3-96b7-3931c17c73cd@group-A7DD1ECA0D88-LeaderElection7] INFO  server.RaftServerConfigKeys (ConfUtils.java:logGet(43)) - raft.server.rpc.sleep.time = 25ms (default)
2019-11-16 13:05:54,639 [44937579-fd9e-42f3-96b7-3931c17c73cd@group-A7DD1ECA0D88-LeaderElection7] INFO  server.RaftServerConfigKeys (ConfUtils.java:logGet(43)) - raft.server.write.element-limit = 4096 (default)
2019-11-16 13:05:54,639 [44937579-fd9e-42f3-96b7-3931c17c73cd@group-A7DD1ECA0D88-LeaderElection7] INFO  server.RaftServerConfigKeys (ConfUtils.java:logGet(43)) - raft.server.watch.timeout = 10s (default)
2019-11-16 13:05:54,639 [44937579-fd9e-42f3-96b7-3931c17c73cd@group-A7DD1ECA0D88-LeaderElection7] INFO  server.RaftServerConfigKeys (ConfUtils.java:logGet(43)) - raft.server.watch.timeout.denomination = 1s (default)
2019-11-16 13:05:54,639 [44937579-fd9e-42f3-96b7-3931c17c73cd@group-A7DD1ECA0D88-LeaderElection7] INFO  server.RaftServerConfigKeys (ConfUtils.java:logGet(43)) - raft.server.watch.element-limit = 65536 (default)
2019-11-16 13:05:54,639 [44937579-fd9e-42f3-96b7-3931c17c73cd@group-A7DD1ECA0D88-LeaderElection7] INFO  server.RaftServerConfigKeys (ConfUtils.java:logGet(43)) - raft.server.log.appender.snapshot.chunk.size.max = 16MB (=16777216) (default)
2019-11-16 13:05:54,640 [44937579-fd9e-42f3-96b7-3931c17c73cd@group-A7DD1ECA0D88-LeaderElection7] INFO  server.RaftServerConfigKeys (ConfUtils.java:logGet(43)) - raft.server.log.appender.buffer.byte-limit = 33554432 (custom)
2019-11-16 13:05:54,640 [44937579-fd9e-42f3-96b7-3931c17c73cd@group-A7DD1ECA0D88-LeaderElection7] INFO  server.RaftServerConfigKeys (ConfUtils.java:logGet(43)) - raft.server.log.appender.buffer.element-limit = 1 (custom)
2019-11-16 13:05:54,640 [EventQueue-PipelineReportForPipelineReportHandler] INFO  pipeline.PipelineStateManager (PipelineStateManager.java:openPipeline(134)) - Pipeline Pipeline[ Id: 5feedb42-a35e-41e7-b5b8-a7dd1eca0d88, Nodes: 44937579-fd9e-42f3-96b7-3931c17c73cd{ip: 192.168.69.84, host: pr-hdds-2508-jgffk-3148646922, networkLocation: /default-rack, certSerialId: null}c3c7e958-9883-4fbe-b063-de98235d6943{ip: 192.168.69.84, host: pr-hdds-2508-jgffk-3148646922, networkLocation: /default-rack, certSerialId: null}ce7b161b-b478-44a6-ba80-df77e3c8324c{ip: 192.168.69.84, host: pr-hdds-2508-jgffk-3148646922, networkLocation: /default-rack, certSerialId: null}, Type:RATIS, Factor:THREE, State:OPEN] moved to OPEN state
2019-11-16 13:05:54,640 [44937579-fd9e-42f3-96b7-3931c17c73cd@group-A7DD1ECA0D88-LeaderElection7] INFO  grpc.GrpcConfigKeys$Server (ConfUtils.java:logGet(43)) - raft.grpc.server.leader.outstanding.appends.max = 128 (default)
2019-11-16 13:05:54,642 [44937579-fd9e-42f3-96b7-3931c17c73cd@group-A7DD1ECA0D88-LeaderElection7] INFO  server.RaftServerConfigKeys (ConfUtils.java:logGet(43)) - raft.server.rpc.request.timeout = 3000ms (default)
2019-11-16 13:05:54,642 [44937579-fd9e-42f3-96b7-3931c17c73cd@group-A7DD1ECA0D88-LeaderElection7] INFO  server.RaftServerConfigKeys (ConfUtils.java:logGet(43)) - raft.server.log.appender.install.snapshot.enabled = false (custom)
2019-11-16 13:05:54,642 [44937579-fd9e-42f3-96b7-3931c17c73cd@group-A7DD1ECA0D88-LeaderElection7] WARN  impl.MetricRegistriesImpl (MetricRegistriesImpl.java:lambda$create$1(61)) - First MetricRegistry has been created without registering reporters. You may need to call MetricRegistries.global().addReportRegistration(...) before.
2019-11-16 13:05:54,642 [44937579-fd9e-42f3-96b7-3931c17c73cd@group-A7DD1ECA0D88-LeaderElection7] INFO  server.RaftServerConfigKeys (ConfUtils.java:logGet(43)) - raft.server.log.appender.snapshot.chunk.size.max = 16MB (=16777216) (default)
2019-11-16 13:05:54,642 [44937579-fd9e-42f3-96b7-3931c17c73cd@group-A7DD1ECA0D88-LeaderElection7] INFO  server.RaftServerConfigKeys (ConfUtils.java:logGet(43)) - raft.server.log.appender.buffer.byte-limit = 33554432 (custom)
2019-11-16 13:05:54,642 [44937579-fd9e-42f3-96b7-3931c17c73cd@group-A7DD1ECA0D88-LeaderElection7] INFO  server.RaftServerConfigKeys (ConfUtils.java:logGet(43)) - raft.server.log.appender.buffer.element-limit = 1 (custom)
2019-11-16 13:05:54,643 [44937579-fd9e-42f3-96b7-3931c17c73cd@group-A7DD1ECA0D88-LeaderElection7] INFO  grpc.GrpcConfigKeys$Server (ConfUtils.java:logGet(43)) - raft.grpc.server.leader.outstanding.appends.max = 128 (default)
2019-11-16 13:05:54,643 [44937579-fd9e-42f3-96b7-3931c17c73cd@group-A7DD1ECA0D88-LeaderElection7] INFO  server.RaftServerConfigKeys (ConfUtils.java:logGet(43)) - raft.server.rpc.request.timeout = 3000ms (default)
2019-11-16 13:05:54,643 [44937579-fd9e-42f3-96b7-3931c17c73cd@group-A7DD1ECA0D88-LeaderElection7] INFO  server.RaftServerConfigKeys (ConfUtils.java:logGet(43)) - raft.server.log.appender.install.snapshot.enabled = false (custom)
2019-11-16 13:05:54,643 [44937579-fd9e-42f3-96b7-3931c17c73cd@group-A7DD1ECA0D88-LeaderElection7] INFO  impl.RoleInfo (RoleInfo.java:updateAndGet(143)) - 44937579-fd9e-42f3-96b7-3931c17c73cd: start LeaderState
2019-11-16 13:05:54,644 [44937579-fd9e-42f3-96b7-3931c17c73cd@group-A7DD1ECA0D88-LeaderElection7] INFO  segmented.SegmentedRaftLogWorker (SegmentedRaftLogWorker.java:startLogSegment(385)) - 44937579-fd9e-42f3-96b7-3931c17c73cd@group-A7DD1ECA0D88-SegmentedRaftLogWorker: Starting segment from index:0
2019-11-16 13:05:54,645 [44937579-fd9e-42f3-96b7-3931c17c73cd@group-A7DD1ECA0D88-LeaderElection7] INFO  impl.RaftServerImpl (ServerState.java:setRaftConf(356)) - 44937579-fd9e-42f3-96b7-3931c17c73cd@group-A7DD1ECA0D88: set configuration 0: [ce7b161b-b478-44a6-ba80-df77e3c8324c:192.168.69.84:42106, c3c7e958-9883-4fbe-b063-de98235d6943:192.168.69.84:45072, 44937579-fd9e-42f3-96b7-3931c17c73cd:192.168.69.84:43118], old=null at 0
2019-11-16 13:05:54,681 [grpc-default-executor-2] INFO  ratis.XceiverServerRatis (XceiverServerRatis.java:handleLeaderChangedNotification(697)) - Leader change notification received for group: group-A7DD1ECA0D88 with new leaderId: 44937579-fd9e-42f3-96b7-3931c17c73cd
2019-11-16 13:05:54,685 [grpc-default-executor-3] INFO  ratis.XceiverServerRatis (XceiverServerRatis.java:handleLeaderChangedNotification(697)) - Leader change notification received for group: group-A7DD1ECA0D88 with new leaderId: 44937579-fd9e-42f3-96b7-3931c17c73cd
2019-11-16 13:05:54,685 [grpc-default-executor-2] INFO  impl.RaftServerImpl (ServerState.java:setLeader(255)) - ce7b161b-b478-44a6-ba80-df77e3c8324c@group-A7DD1ECA0D88: change Leader from null to 44937579-fd9e-42f3-96b7-3931c17c73cd at term 1 for appendEntries, leader elected after 5105ms
2019-11-16 13:05:54,687 [grpc-default-executor-3] INFO  impl.RaftServerImpl (ServerState.java:setLeader(255)) - c3c7e958-9883-4fbe-b063-de98235d6943@group-A7DD1ECA0D88: change Leader from null to 44937579-fd9e-42f3-96b7-3931c17c73cd at term 1 for appendEntries, leader elected after 5105ms
2019-11-16 13:05:54,690 [grpc-default-executor-3] INFO  impl.RaftServerImpl (ServerState.java:setRaftConf(356)) - ce7b161b-b478-44a6-ba80-df77e3c8324c@group-A7DD1ECA0D88: set configuration 0: [ce7b161b-b478-44a6-ba80-df77e3c8324c:192.168.69.84:42106, c3c7e958-9883-4fbe-b063-de98235d6943:192.168.69.84:45072, 44937579-fd9e-42f3-96b7-3931c17c73cd:192.168.69.84:43118], old=null at 0
2019-11-16 13:05:54,691 [grpc-default-executor-2] INFO  impl.RaftServerImpl (ServerState.java:setRaftConf(356)) - c3c7e958-9883-4fbe-b063-de98235d6943@group-A7DD1ECA0D88: set configuration 0: [ce7b161b-b478-44a6-ba80-df77e3c8324c:192.168.69.84:42106, c3c7e958-9883-4fbe-b063-de98235d6943:192.168.69.84:45072, 44937579-fd9e-42f3-96b7-3931c17c73cd:192.168.69.84:43118], old=null at 0
2019-11-16 13:05:54,691 [grpc-default-executor-3] INFO  segmented.SegmentedRaftLogWorker (SegmentedRaftLogWorker.java:startLogSegment(385)) - ce7b161b-b478-44a6-ba80-df77e3c8324c@group-A7DD1ECA0D88-SegmentedRaftLogWorker: Starting segment from index:0
2019-11-16 13:05:54,691 [44937579-fd9e-42f3-96b7-3931c17c73cd@group-A7DD1ECA0D88-SegmentedRaftLogWorker] INFO  segmented.SegmentedRaftLogWorker (SegmentedRaftLogWorker.java:execute(576)) - 44937579-fd9e-42f3-96b7-3931c17c73cd@group-A7DD1ECA0D88-SegmentedRaftLogWorker: created new log segment /workdir/hadoop-ozone/tools/target/test-dir/MiniOzoneClusterImpl-eb0973ae-92a9-46ee-85ce-ef1f9c3ff6e2/datanode-2/data/ratis/5feedb42-a35e-41e7-b5b8-a7dd1eca0d88/current/log_inprogress_0
2019-11-16 13:05:54,691 [grpc-default-executor-2] INFO  segmented.SegmentedRaftLogWorker (SegmentedRaftLogWorker.java:startLogSegment(385)) - c3c7e958-9883-4fbe-b063-de98235d6943@group-A7DD1ECA0D88-SegmentedRaftLogWorker: Starting segment from index:0
2019-11-16 13:05:54,746 [c3c7e958-9883-4fbe-b063-de98235d6943@group-A7DD1ECA0D88-SegmentedRaftLogWorker] INFO  segmented.SegmentedRaftLogWorker (SegmentedRaftLogWorker.java:execute(576)) - c3c7e958-9883-4fbe-b063-de98235d6943@group-A7DD1ECA0D88-SegmentedRaftLogWorker: created new log segment /workdir/hadoop-ozone/tools/target/test-dir/MiniOzoneClusterImpl-eb0973ae-92a9-46ee-85ce-ef1f9c3ff6e2/datanode-1/data/ratis/5feedb42-a35e-41e7-b5b8-a7dd1eca0d88/current/log_inprogress_0
2019-11-16 13:05:54,746 [ce7b161b-b478-44a6-ba80-df77e3c8324c@group-A7DD1ECA0D88-SegmentedRaftLogWorker] INFO  segmented.SegmentedRaftLogWorker (SegmentedRaftLogWorker.java:execute(576)) - ce7b161b-b478-44a6-ba80-df77e3c8324c@group-A7DD1ECA0D88-SegmentedRaftLogWorker: created new log segment /workdir/hadoop-ozone/tools/target/test-dir/MiniOzoneClusterImpl-eb0973ae-92a9-46ee-85ce-ef1f9c3ff6e2/datanode-0/data/ratis/5feedb42-a35e-41e7-b5b8-a7dd1eca0d88/current/log_inprogress_0
]]></system-out>
    <system-err><![CDATA[ERROR StatusLogger No Log4j 2 configuration file found. Using default configuration (logging only errors to the console), or user programmatically provided configurations. Set system property 'log4j2.debug' to show Log4j 2 internal initialization logging. See https://logging.apache.org/log4j/2.x/manual/configuration.html for instructions on how to configure Log4j 2
]]></system-err>
  </testcase>
</testsuite>