<?xml version="1.0" encoding="UTF-8"?>
<testsuite xmlns:xsi="http://www.w3.org/2001/XMLSchema-instance" xsi:noNamespaceSchemaLocation="https://maven.apache.org/surefire/maven-surefire-plugin/xsd/surefire-test-report.xsd" name="org.apache.hadoop.ozone.freon.TestFreonWithPipelineDestroy" time="48.207" tests="1" errors="1" skipped="0" failures="0">
  <properties>
    <property name="awt.toolkit" value="sun.awt.X11.XToolkit"/>
    <property name="file.encoding.pkg" value="sun.io"/>
    <property name="java.specification.version" value="1.8"/>
    <property name="sun.cpu.isalist" value=""/>
    <property name="sun.jnu.encoding" value="ANSI_X3.4-1968"/>
    <property name="java.class.path" value="/workdir/hadoop-ozone/tools/target/test-classes:/workdir/hadoop-ozone/tools/target/classes:/home/user/.m2/repository/org/apache/hadoop/hadoop-ozone-ozone-manager/0.5.0-SNAPSHOT/hadoop-ozone-ozone-manager-0.5.0-SNAPSHOT.jar:/home/user/.m2/repository/org/apache/hadoop/hadoop-hdds-docs/0.5.0-SNAPSHOT/hadoop-hdds-docs-0.5.0-SNAPSHOT.jar:/home/user/.m2/repository/org/bouncycastle/bcprov-jdk15on/1.60/bcprov-jdk15on-1.60.jar:/home/user/.m2/repository/org/apache/hadoop/hadoop-ozone-common/0.5.0-SNAPSHOT/hadoop-ozone-common-0.5.0-SNAPSHOT.jar:/home/user/.m2/repository/org/apache/commons/commons-compress/1.4.1/commons-compress-1.4.1.jar:/home/user/.m2/repository/org/tukaani/xz/1.0/xz-1.0.jar:/home/user/.m2/repository/org/apache/hadoop/hadoop-hdfs-client/3.2.0/hadoop-hdfs-client-3.2.0.jar:/home/user/.m2/repository/com/fasterxml/jackson/core/jackson-annotations/2.9.9/jackson-annotations-2.9.9.jar:/home/user/.m2/repository/org/apache/hadoop/hadoop-hdds-common/0.5.0-SNAPSHOT/hadoop-hdds-common-0.5.0-SNAPSHOT.jar:/home/user/.m2/repository/org/apache/hadoop/hadoop-hdds-config/0.5.0-SNAPSHOT/hadoop-hdds-config-0.5.0-SNAPSHOT.jar:/home/user/.m2/repository/javax/annotation/javax.annotation-api/1.2/javax.annotation-api-1.2.jar:/home/user/.m2/repository/org/apache/ratis/ratis-server/0.5.0-d6d58d0-SNAPSHOT/ratis-server-0.5.0-d6d58d0-SNAPSHOT.jar:/home/user/.m2/repository/org/apache/ratis/ratis-thirdparty-misc/0.2.0/ratis-thirdparty-misc-0.2.0.jar:/home/user/.m2/repository/org/apache/ratis/ratis-proto/0.5.0-d6d58d0-SNAPSHOT/ratis-proto-0.5.0-d6d58d0-SNAPSHOT.jar:/home/user/.m2/repository/org/apache/ratis/ratis-common/0.5.0-d6d58d0-SNAPSHOT/ratis-common-0.5.0-d6d58d0-SNAPSHOT.jar:/home/user/.m2/repository/org/apache/ratis/ratis-client/0.5.0-d6d58d0-SNAPSHOT/ratis-client-0.5.0-d6d58d0-SNAPSHOT.jar:/home/user/.m2/repository/org/apache/ratis/ratis-metrics/0.5.0-d6d58d0-SNAPSHOT/ratis-metrics-0.5.0-d6d58d0-SNAPSHOT.jar:/home/user/.m2/repository/org/apache/ratis/ratis-netty/0.5.0-d6d58d0-SNAPSHOT/ratis-netty-0.5.0-d6d58d0-SNAPSHOT.jar:/home/user/.m2/repository/org/apache/ratis/ratis-grpc/0.5.0-d6d58d0-SNAPSHOT/ratis-grpc-0.5.0-d6d58d0-SNAPSHOT.jar:/home/user/.m2/repository/org/rocksdb/rocksdbjni/6.0.1/rocksdbjni-6.0.1.jar:/home/user/.m2/repository/org/apache/logging/log4j/log4j-api/2.11.0/log4j-api-2.11.0.jar:/home/user/.m2/repository/org/apache/logging/log4j/log4j-core/2.11.0/log4j-core-2.11.0.jar:/home/user/.m2/repository/com/lmax/disruptor/3.4.2/disruptor-3.4.2.jar:/home/user/.m2/repository/org/apache/commons/commons-pool2/2.6.0/commons-pool2-2.6.0.jar:/home/user/.m2/repository/org/bouncycastle/bcpkix-jdk15on/1.60/bcpkix-jdk15on-1.60.jar:/home/user/.m2/repository/commons-validator/commons-validator/1.6/commons-validator-1.6.jar:/home/user/.m2/repository/commons-digester/commons-digester/1.8.1/commons-digester-1.8.1.jar:/home/user/.m2/repository/io/jaegertracing/jaeger-client/0.34.0/jaeger-client-0.34.0.jar:/home/user/.m2/repository/io/jaegertracing/jaeger-thrift/0.34.0/jaeger-thrift-0.34.0.jar:/home/user/.m2/repository/org/apache/thrift/libthrift/0.12.0/libthrift-0.12.0.jar:/home/user/.m2/repository/com/squareup/okhttp3/okhttp/3.9.0/okhttp-3.9.0.jar:/home/user/.m2/repository/com/squareup/okio/okio/1.13.0/okio-1.13.0.jar:/home/user/.m2/repository/io/jaegertracing/jaeger-core/0.34.0/jaeger-core-0.34.0.jar:/home/user/.m2/repository/io/jaegertracing/jaeger-tracerresolver/0.34.0/jaeger-tracerresolver-0.34.0.jar:/home/user/.m2/repository/io/opentracing/contrib/opentracing-tracerresolver/0.1.5/opentracing-tracerresolver-0.1.5.jar:/home/user/.m2/repository/io/opentracing/opentracing-util/0.31.0/opentracing-util-0.31.0.jar:/home/user/.m2/repository/io/opentracing/opentracing-api/0.31.0/opentracing-api-0.31.0.jar:/home/user/.m2/repository/io/opentracing/opentracing-noop/0.31.0/opentracing-noop-0.31.0.jar:/home/user/.m2/repository/org/yaml/snakeyaml/1.16/snakeyaml-1.16.jar:/home/user/.m2/repository/org/apache/hadoop/hadoop-hdds-container-service/0.5.0-SNAPSHOT/hadoop-hdds-container-service-0.5.0-SNAPSHOT.jar:/home/user/.m2/repository/org/apache/hadoop/hadoop-hdds-client/0.5.0-SNAPSHOT/hadoop-hdds-client-0.5.0-SNAPSHOT.jar:/home/user/.m2/repository/org/apache/hadoop/hadoop-hdds-tools/0.5.0-SNAPSHOT/hadoop-hdds-tools-0.5.0-SNAPSHOT.jar:/home/user/.m2/repository/org/xerial/sqlite-jdbc/3.25.2/sqlite-jdbc-3.25.2.jar:/home/user/.m2/repository/org/apache/hadoop/hadoop-hdds-server-scm/0.5.0-SNAPSHOT/hadoop-hdds-server-scm-0.5.0-SNAPSHOT.jar:/home/user/.m2/repository/org/hamcrest/hamcrest-all/1.3/hamcrest-all-1.3.jar:/home/user/.m2/repository/info/picocli/picocli/3.9.6/picocli-3.9.6.jar:/home/user/.m2/repository/com/google/protobuf/protobuf-java/2.5.0/protobuf-java-2.5.0.jar:/home/user/.m2/repository/com/google/guava/guava/11.0.2/guava-11.0.2.jar:/home/user/.m2/repository/org/apache/hadoop/hadoop-ozone-client/0.5.0-SNAPSHOT/hadoop-ozone-client-0.5.0-SNAPSHOT.jar:/workdir/hadoop-ozone/ozonefs/target/classes:/home/user/.m2/repository/org/apache/httpcomponents/httpclient/4.5.2/httpclient-4.5.2.jar:/home/user/.m2/repository/org/apache/httpcomponents/httpcore/4.4.4/httpcore-4.4.4.jar:/home/user/.m2/repository/org/apache/hadoop/hadoop-hdds-server-framework/0.5.0-SNAPSHOT/hadoop-hdds-server-framework-0.5.0-SNAPSHOT.jar:/home/user/.m2/repository/org/apache/hadoop/hadoop-common/3.2.0/hadoop-common-3.2.0.jar:/home/user/.m2/repository/org/apache/hadoop/hadoop-annotations/3.2.0/hadoop-annotations-3.2.0.jar:/usr/lib/jvm/java-1.8.0-openjdk-1.8.0.222.b10-1.el7_7.x86_64/jre/../lib/tools.jar:/home/user/.m2/repository/commons-cli/commons-cli/1.2/commons-cli-1.2.jar:/home/user/.m2/repository/org/apache/commons/commons-math3/3.1.1/commons-math3-3.1.1.jar:/home/user/.m2/repository/commons-codec/commons-codec/1.11/commons-codec-1.11.jar:/home/user/.m2/repository/commons-io/commons-io/2.5/commons-io-2.5.jar:/home/user/.m2/repository/commons-net/commons-net/3.6/commons-net-3.6.jar:/home/user/.m2/repository/commons-collections/commons-collections/3.2.2/commons-collections-3.2.2.jar:/home/user/.m2/repository/javax/servlet/javax.servlet-api/3.1.0/javax.servlet-api-3.1.0.jar:/home/user/.m2/repository/org/eclipse/jetty/jetty-server/9.3.25.v20180904/jetty-server-9.3.25.v20180904.jar:/home/user/.m2/repository/org/eclipse/jetty/jetty-http/9.3.25.v20180904/jetty-http-9.3.25.v20180904.jar:/home/user/.m2/repository/org/eclipse/jetty/jetty-io/9.3.25.v20180904/jetty-io-9.3.25.v20180904.jar:/home/user/.m2/repository/org/eclipse/jetty/jetty-util/9.3.25.v20180904/jetty-util-9.3.25.v20180904.jar:/home/user/.m2/repository/org/eclipse/jetty/jetty-servlet/9.3.25.v20180904/jetty-servlet-9.3.25.v20180904.jar:/home/user/.m2/repository/org/eclipse/jetty/jetty-security/9.3.25.v20180904/jetty-security-9.3.25.v20180904.jar:/home/user/.m2/repository/org/eclipse/jetty/jetty-webapp/9.3.25.v20180904/jetty-webapp-9.3.25.v20180904.jar:/home/user/.m2/repository/org/eclipse/jetty/jetty-xml/9.3.25.v20180904/jetty-xml-9.3.25.v20180904.jar:/home/user/.m2/repository/javax/servlet/jsp/jsp-api/2.1/jsp-api-2.1.jar:/home/user/.m2/repository/com/sun/jersey/jersey-core/1.19/jersey-core-1.19.jar:/home/user/.m2/repository/javax/ws/rs/jsr311-api/1.1.1/jsr311-api-1.1.1.jar:/home/user/.m2/repository/com/sun/jersey/jersey-servlet/1.19/jersey-servlet-1.19.jar:/home/user/.m2/repository/com/sun/jersey/jersey-json/1.19/jersey-json-1.19.jar:/home/user/.m2/repository/org/codehaus/jettison/jettison/1.1/jettison-1.1.jar:/home/user/.m2/repository/com/sun/xml/bind/jaxb-impl/2.3.0.1/jaxb-impl-2.3.0.1.jar:/home/user/.m2/repository/org/codehaus/jackson/jackson-core-asl/1.9.13/jackson-core-asl-1.9.13.jar:/home/user/.m2/repository/org/codehaus/jackson/jackson-mapper-asl/1.9.13/jackson-mapper-asl-1.9.13.jar:/home/user/.m2/repository/org/codehaus/jackson/jackson-jaxrs/1.9.13/jackson-jaxrs-1.9.13.jar:/home/user/.m2/repository/org/codehaus/jackson/jackson-xc/1.9.13/jackson-xc-1.9.13.jar:/home/user/.m2/repository/com/sun/jersey/jersey-server/1.19/jersey-server-1.19.jar:/home/user/.m2/repository/commons-logging/commons-logging/1.1.3/commons-logging-1.1.3.jar:/home/user/.m2/repository/log4j/log4j/1.2.17/log4j-1.2.17.jar:/home/user/.m2/repository/commons-beanutils/commons-beanutils/1.9.4/commons-beanutils-1.9.4.jar:/home/user/.m2/repository/org/apache/commons/commons-configuration2/2.1.1/commons-configuration2-2.1.1.jar:/home/user/.m2/repository/org/apache/commons/commons-lang3/3.7/commons-lang3-3.7.jar:/home/user/.m2/repository/org/apache/commons/commons-text/1.4/commons-text-1.4.jar:/home/user/.m2/repository/org/slf4j/slf4j-api/1.7.25/slf4j-api-1.7.25.jar:/home/user/.m2/repository/org/slf4j/slf4j-log4j12/1.7.25/slf4j-log4j12-1.7.25.jar:/home/user/.m2/repository/org/apache/avro/avro/1.7.7/avro-1.7.7.jar:/home/user/.m2/repository/com/thoughtworks/paranamer/paranamer/2.3/paranamer-2.3.jar:/home/user/.m2/repository/org/xerial/snappy/snappy-java/1.0.5/snappy-java-1.0.5.jar:/home/user/.m2/repository/com/google/re2j/re2j/1.1/re2j-1.1.jar:/home/user/.m2/repository/com/google/code/gson/gson/2.2.4/gson-2.2.4.jar:/home/user/.m2/repository/org/apache/hadoop/hadoop-auth/3.2.0/hadoop-auth-3.2.0.jar:/home/user/.m2/repository/com/nimbusds/nimbus-jose-jwt/4.41.1/nimbus-jose-jwt-4.41.1.jar:/home/user/.m2/repository/com/github/stephenc/jcip/jcip-annotations/1.0-1/jcip-annotations-1.0-1.jar:/home/user/.m2/repository/net/minidev/json-smart/2.3/json-smart-2.3.jar:/home/user/.m2/repository/net/minidev/accessors-smart/1.2/accessors-smart-1.2.jar:/home/user/.m2/repository/org/apache/curator/curator-framework/2.12.0/curator-framework-2.12.0.jar:/home/user/.m2/repository/com/jcraft/jsch/0.1.54/jsch-0.1.54.jar:/home/user/.m2/repository/org/apache/curator/curator-client/2.12.0/curator-client-2.12.0.jar:/home/user/.m2/repository/org/apache/curator/curator-recipes/2.12.0/curator-recipes-2.12.0.jar:/home/user/.m2/repository/com/google/code/findbugs/jsr305/3.0.0/jsr305-3.0.0.jar:/home/user/.m2/repository/org/apache/htrace/htrace-core4/4.1.0-incubating/htrace-core4-4.1.0-incubating.jar:/home/user/.m2/repository/org/apache/zookeeper/zookeeper/3.4.13/zookeeper-3.4.13.jar:/home/user/.m2/repository/jline/jline/0.9.94/jline-0.9.94.jar:/home/user/.m2/repository/org/apache/yetus/audience-annotations/0.5.0/audience-annotations-0.5.0.jar:/home/user/.m2/repository/org/apache/kerby/kerb-simplekdc/1.0.1/kerb-simplekdc-1.0.1.jar:/home/user/.m2/repository/org/apache/kerby/kerb-client/1.0.1/kerb-client-1.0.1.jar:/home/user/.m2/repository/org/apache/kerby/kerby-config/1.0.1/kerby-config-1.0.1.jar:/home/user/.m2/repository/org/apache/kerby/kerb-core/1.0.1/kerb-core-1.0.1.jar:/home/user/.m2/repository/org/apache/kerby/kerby-pkix/1.0.1/kerby-pkix-1.0.1.jar:/home/user/.m2/repository/org/apache/kerby/kerby-asn1/1.0.1/kerby-asn1-1.0.1.jar:/home/user/.m2/repository/org/apache/kerby/kerby-util/1.0.1/kerby-util-1.0.1.jar:/home/user/.m2/repository/org/apache/kerby/kerb-common/1.0.1/kerb-common-1.0.1.jar:/home/user/.m2/repository/org/apache/kerby/kerb-crypto/1.0.1/kerb-crypto-1.0.1.jar:/home/user/.m2/repository/org/apache/kerby/kerb-util/1.0.1/kerb-util-1.0.1.jar:/home/user/.m2/repository/org/apache/kerby/token-provider/1.0.1/token-provider-1.0.1.jar:/home/user/.m2/repository/org/apache/kerby/kerb-admin/1.0.1/kerb-admin-1.0.1.jar:/home/user/.m2/repository/org/apache/kerby/kerb-server/1.0.1/kerb-server-1.0.1.jar:/home/user/.m2/repository/org/apache/kerby/kerb-identity/1.0.1/kerb-identity-1.0.1.jar:/home/user/.m2/repository/org/apache/kerby/kerby-xdr/1.0.1/kerby-xdr-1.0.1.jar:/home/user/.m2/repository/com/fasterxml/jackson/core/jackson-databind/2.9.9/jackson-databind-2.9.9.jar:/home/user/.m2/repository/com/fasterxml/jackson/core/jackson-core/2.9.9/jackson-core-2.9.9.jar:/home/user/.m2/repository/org/codehaus/woodstox/stax2-api/3.1.4/stax2-api-3.1.4.jar:/home/user/.m2/repository/com/fasterxml/woodstox/woodstox-core/5.0.3/woodstox-core-5.0.3.jar:/home/user/.m2/repository/dnsjava/dnsjava/2.1.7/dnsjava-2.1.7.jar:/home/user/.m2/repository/org/apache/hadoop/hadoop-hdfs/3.2.0/hadoop-hdfs-3.2.0.jar:/home/user/.m2/repository/org/eclipse/jetty/jetty-util-ajax/9.3.25.v20180904/jetty-util-ajax-9.3.25.v20180904.jar:/home/user/.m2/repository/commons-daemon/commons-daemon/1.0.13/commons-daemon-1.0.13.jar:/home/user/.m2/repository/io/netty/netty/3.10.5.Final/netty-3.10.5.Final.jar:/home/user/.m2/repository/io/netty/netty-all/4.0.52.Final/netty-all-4.0.52.Final.jar:/home/user/.m2/repository/org/fusesource/leveldbjni/leveldbjni-all/1.8/leveldbjni-all-1.8.jar:/home/user/.m2/repository/com/sun/xml/bind/jaxb-core/2.3.0.1/jaxb-core-2.3.0.1.jar:/home/user/.m2/repository/javax/xml/bind/jaxb-api/2.3.0/jaxb-api-2.3.0.jar:/home/user/.m2/repository/javax/activation/activation/1.1.1/activation-1.1.1.jar:/home/user/.m2/repository/org/openjdk/jmh/jmh-core/1.19/jmh-core-1.19.jar:/home/user/.m2/repository/net/sf/jopt-simple/jopt-simple/4.6/jopt-simple-4.6.jar:/home/user/.m2/repository/org/openjdk/jmh/jmh-generator-annprocess/1.19/jmh-generator-annprocess-1.19.jar:/home/user/.m2/repository/io/dropwizard/metrics/metrics-core/3.2.4/metrics-core-3.2.4.jar:/home/user/.m2/repository/com/amazonaws/aws-java-sdk-s3/1.11.615/aws-java-sdk-s3-1.11.615.jar:/home/user/.m2/repository/com/amazonaws/aws-java-sdk-kms/1.11.615/aws-java-sdk-kms-1.11.615.jar:/home/user/.m2/repository/com/amazonaws/aws-java-sdk-core/1.11.615/aws-java-sdk-core-1.11.615.jar:/home/user/.m2/repository/software/amazon/ion/ion-java/1.0.2/ion-java-1.0.2.jar:/home/user/.m2/repository/com/fasterxml/jackson/dataformat/jackson-dataformat-cbor/2.9.9/jackson-dataformat-cbor-2.9.9.jar:/home/user/.m2/repository/joda-time/joda-time/2.9.9/joda-time-2.9.9.jar:/home/user/.m2/repository/com/amazonaws/jmespath-java/1.11.615/jmespath-java-1.11.615.jar:/home/user/.m2/repository/com/github/spotbugs/spotbugs/3.1.12/spotbugs-3.1.12.jar:/home/user/.m2/repository/org/ow2/asm/asm/5.0.4/asm-5.0.4.jar:/home/user/.m2/repository/org/ow2/asm/asm-analysis/7.0/asm-analysis-7.0.jar:/home/user/.m2/repository/org/ow2/asm/asm-commons/7.0/asm-commons-7.0.jar:/home/user/.m2/repository/org/ow2/asm/asm-tree/7.0/asm-tree-7.0.jar:/home/user/.m2/repository/org/ow2/asm/asm-util/7.0/asm-util-7.0.jar:/home/user/.m2/repository/org/apache/bcel/bcel/6.3/bcel-6.3.jar:/home/user/.m2/repository/net/jcip/jcip-annotations/1.0/jcip-annotations-1.0.jar:/home/user/.m2/repository/org/dom4j/dom4j/2.1.1/dom4j-2.1.1.jar:/home/user/.m2/repository/jaxen/jaxen/1.1.6/jaxen-1.1.6.jar:/home/user/.m2/repository/commons-lang/commons-lang/2.6/commons-lang-2.6.jar:/home/user/.m2/repository/com/github/spotbugs/spotbugs-annotations/3.1.12/spotbugs-annotations-3.1.12.jar:/home/user/.m2/repository/junit/junit/4.11/junit-4.11.jar:/home/user/.m2/repository/org/hamcrest/hamcrest-core/1.3/hamcrest-core-1.3.jar:/home/user/.m2/repository/org/apache/hadoop/hadoop-common/3.2.0/hadoop-common-3.2.0-tests.jar:/workdir/hadoop-ozone/integration-test/target/test-classes:/home/user/.m2/repository/org/apache/hadoop/hadoop-ozone-s3gateway/0.5.0-SNAPSHOT/hadoop-ozone-s3gateway-0.5.0-SNAPSHOT.jar:/home/user/.m2/repository/org/jboss/weld/servlet/weld-servlet/2.4.7.Final/weld-servlet-2.4.7.Final.jar:/home/user/.m2/repository/org/glassfish/jersey/containers/jersey-container-servlet-core/2.27/jersey-container-servlet-core-2.27.jar:/home/user/.m2/repository/org/glassfish/hk2/external/javax.inject/2.5.0-b42/javax.inject-2.5.0-b42.jar:/home/user/.m2/repository/org/glassfish/jersey/core/jersey-common/2.27/jersey-common-2.27.jar:/home/user/.m2/repository/org/glassfish/hk2/osgi-resource-locator/1.0.1/osgi-resource-locator-1.0.1.jar:/home/user/.m2/repository/javax/ws/rs/javax.ws.rs-api/2.1/javax.ws.rs-api-2.1.jar:/home/user/.m2/repository/org/glassfish/jersey/ext/cdi/jersey-cdi1x/2.27/jersey-cdi1x-2.27.jar:/home/user/.m2/repository/org/glassfish/jersey/inject/jersey-hk2/2.27/jersey-hk2-2.27.jar:/home/user/.m2/repository/org/glassfish/hk2/hk2-locator/2.5.0-b42/hk2-locator-2.5.0-b42.jar:/home/user/.m2/repository/org/javassist/javassist/3.22.0-CR2/javassist-3.22.0-CR2.jar:/home/user/.m2/repository/org/glassfish/hk2/hk2-api/2.5.0/hk2-api-2.5.0.jar:/home/user/.m2/repository/org/glassfish/hk2/external/jakarta.inject/2.5.0/jakarta.inject-2.5.0.jar:/home/user/.m2/repository/org/glassfish/hk2/hk2-utils/2.5.0/hk2-utils-2.5.0.jar:/home/user/.m2/repository/jakarta/annotation/jakarta.annotation-api/1.3.4/jakarta.annotation-api-1.3.4.jar:/home/user/.m2/repository/org/glassfish/hk2/external/aopalliance-repackaged/2.5.0/aopalliance-repackaged-2.5.0.jar:/home/user/.m2/repository/com/fasterxml/jackson/dataformat/jackson-dataformat-xml/2.9.0/jackson-dataformat-xml-2.9.0.jar:/home/user/.m2/repository/com/fasterxml/jackson/module/jackson-module-jaxb-annotations/2.9.9/jackson-module-jaxb-annotations-2.9.9.jar:/home/user/.m2/repository/javax/enterprise/cdi-api/1.2/cdi-api-1.2.jar:/home/user/.m2/repository/javax/el/javax.el-api/3.0.0/javax.el-api-3.0.0.jar:/home/user/.m2/repository/javax/interceptor/javax.interceptor-api/1.2/javax.interceptor-api-1.2.jar:/home/user/.m2/repository/javax/inject/javax.inject/1/javax.inject-1.jar:/home/user/.m2/repository/org/apache/hadoop/hadoop-ozone-csi/0.5.0-SNAPSHOT/hadoop-ozone-csi-0.5.0-SNAPSHOT.jar:/home/user/.m2/repository/com/google/protobuf/protobuf-java-util/3.5.1/protobuf-java-util-3.5.1.jar:/home/user/.m2/repository/io/grpc/grpc-netty/1.17.1/grpc-netty-1.17.1.jar:/home/user/.m2/repository/io/grpc/grpc-core/1.17.1/grpc-core-1.17.1.jar:/home/user/.m2/repository/io/grpc/grpc-context/1.17.1/grpc-context-1.17.1.jar:/home/user/.m2/repository/com/google/errorprone/error_prone_annotations/2.2.0/error_prone_annotations-2.2.0.jar:/home/user/.m2/repository/org/codehaus/mojo/animal-sniffer-annotations/1.17/animal-sniffer-annotations-1.17.jar:/home/user/.m2/repository/io/opencensus/opencensus-api/0.17.0/opencensus-api-0.17.0.jar:/home/user/.m2/repository/io/opencensus/opencensus-contrib-grpc-metrics/0.17.0/opencensus-contrib-grpc-metrics-0.17.0.jar:/home/user/.m2/repository/io/netty/netty-codec-http2/4.1.30.Final/netty-codec-http2-4.1.30.Final.jar:/home/user/.m2/repository/io/netty/netty-codec-http/4.1.30.Final/netty-codec-http-4.1.30.Final.jar:/home/user/.m2/repository/io/netty/netty-codec/4.1.30.Final/netty-codec-4.1.30.Final.jar:/home/user/.m2/repository/io/netty/netty-handler/4.1.30.Final/netty-handler-4.1.30.Final.jar:/home/user/.m2/repository/io/netty/netty-handler-proxy/4.1.30.Final/netty-handler-proxy-4.1.30.Final.jar:/home/user/.m2/repository/io/netty/netty-codec-socks/4.1.30.Final/netty-codec-socks-4.1.30.Final.jar:/home/user/.m2/repository/io/netty/netty-transport-native-epoll/4.1.30.Final/netty-transport-native-epoll-4.1.30.Final.jar:/home/user/.m2/repository/io/netty/netty-common/4.1.30.Final/netty-common-4.1.30.Final.jar:/home/user/.m2/repository/io/netty/netty-buffer/4.1.30.Final/netty-buffer-4.1.30.Final.jar:/home/user/.m2/repository/io/netty/netty-transport/4.1.30.Final/netty-transport-4.1.30.Final.jar:/home/user/.m2/repository/io/netty/netty-resolver/4.1.30.Final/netty-resolver-4.1.30.Final.jar:/home/user/.m2/repository/io/netty/netty-transport-native-unix-common/4.1.30.Final/netty-transport-native-unix-common-4.1.30.Final.jar:/home/user/.m2/repository/io/grpc/grpc-protobuf/1.17.1/grpc-protobuf-1.17.1.jar:/home/user/.m2/repository/com/google/api/grpc/proto-google-common-protos/1.0.0/proto-google-common-protos-1.0.0.jar:/home/user/.m2/repository/io/grpc/grpc-protobuf-lite/1.17.1/grpc-protobuf-lite-1.17.1.jar:/home/user/.m2/repository/io/grpc/grpc-stub/1.17.1/grpc-stub-1.17.1.jar:/home/user/.m2/repository/org/apache/hadoop/hadoop-ozone-recon/0.5.0-SNAPSHOT/hadoop-ozone-recon-0.5.0-SNAPSHOT.jar:/home/user/.m2/repository/org/apache/hadoop/hadoop-ozone-reconcodegen/0.5.0-SNAPSHOT/hadoop-ozone-reconcodegen-0.5.0-SNAPSHOT.jar:/home/user/.m2/repository/com/google/inject/extensions/guice-multibindings/4.0/guice-multibindings-4.0.jar:/home/user/.m2/repository/com/google/inject/guice/4.0/guice-4.0.jar:/home/user/.m2/repository/aopalliance/aopalliance/1.0/aopalliance-1.0.jar:/home/user/.m2/repository/com/google/inject/extensions/guice-servlet/4.0/guice-servlet-4.0.jar:/home/user/.m2/repository/org/glassfish/jersey/containers/jersey-container-servlet/2.27/jersey-container-servlet-2.27.jar:/home/user/.m2/repository/org/glassfish/hk2/guice-bridge/2.5.0/guice-bridge-2.5.0.jar:/home/user/.m2/repository/org/glassfish/jersey/core/jersey-server/2.27/jersey-server-2.27.jar:/home/user/.m2/repository/org/glassfish/jersey/core/jersey-client/2.27/jersey-client-2.27.jar:/home/user/.m2/repository/org/glassfish/jersey/media/jersey-media-jaxb/2.27/jersey-media-jaxb-2.27.jar:/home/user/.m2/repository/javax/validation/validation-api/1.1.0.Final/validation-api-1.1.0.Final.jar:/home/user/.m2/repository/org/glassfish/jersey/media/jersey-media-json-jackson/2.27/jersey-media-json-jackson-2.27.jar:/home/user/.m2/repository/org/glassfish/jersey/ext/jersey-entity-filtering/2.27/jersey-entity-filtering-2.27.jar:/home/user/.m2/repository/com/google/inject/extensions/guice-assistedinject/4.0/guice-assistedinject-4.0.jar:/home/user/.m2/repository/org/jooq/jooq/3.11.10/jooq-3.11.10.jar:/home/user/.m2/repository/org/jooq/jooq-meta/3.11.10/jooq-meta-3.11.10.jar:/home/user/.m2/repository/org/jooq/jooq-codegen/3.11.10/jooq-codegen-3.11.10.jar:/home/user/.m2/repository/com/jolbox/bonecp/0.8.0.RELEASE/bonecp-0.8.0.RELEASE.jar:/home/user/.m2/repository/org/springframework/spring-jdbc/5.1.3.RELEASE/spring-jdbc-5.1.3.RELEASE.jar:/home/user/.m2/repository/org/springframework/spring-beans/5.1.3.RELEASE/spring-beans-5.1.3.RELEASE.jar:/home/user/.m2/repository/org/springframework/spring-core/5.1.3.RELEASE/spring-core-5.1.3.RELEASE.jar:/home/user/.m2/repository/org/springframework/spring-jcl/5.1.3.RELEASE/spring-jcl-5.1.3.RELEASE.jar:/home/user/.m2/repository/org/springframework/spring-tx/5.1.3.RELEASE/spring-tx-5.1.3.RELEASE.jar:/home/user/.m2/repository/org/mockito/mockito-core/2.15.0/mockito-core-2.15.0.jar:/home/user/.m2/repository/net/bytebuddy/byte-buddy/1.7.9/byte-buddy-1.7.9.jar:/home/user/.m2/repository/net/bytebuddy/byte-buddy-agent/1.7.9/byte-buddy-agent-1.7.9.jar:/home/user/.m2/repository/org/objenesis/objenesis/1.0/objenesis-1.0.jar:"/>
    <property name="java.vm.vendor" value="Oracle Corporation"/>
    <property name="sun.arch.data.model" value="64"/>
    <property name="test.build.dir" value="/workdir/hadoop-ozone/tools/target/test-dir"/>
    <property name="test.cache.data" value=""/>
    <property name="java.vendor.url" value="http://java.oracle.com/"/>
    <property name="user.timezone" value=""/>
    <property name="java.vm.specification.version" value="1.8"/>
    <property name="os.name" value="Linux"/>
    <property name="test.build.data" value="/workdir/hadoop-ozone/tools/target/test-dir"/>
    <property name="user.country" value="US"/>
    <property name="sun.java.launcher" value="SUN_STANDARD"/>
    <property name="sun.boot.library.path" value="/usr/lib/jvm/java-1.8.0-openjdk-1.8.0.222.b10-1.el7_7.x86_64/jre/lib/amd64"/>
    <property name="sun.java.command" value="/workdir/hadoop-ozone/tools/target/surefire/surefirebooter5157704062458608451.jar /workdir/hadoop-ozone/tools/target/surefire 2019-11-17T10-34-11_332-jvmRun1 surefire7440830132330399403tmp surefire_981305550633903466657tmp"/>
    <property name="surefire.test.class.path" value="/workdir/hadoop-ozone/tools/target/test-classes:/workdir/hadoop-ozone/tools/target/classes:/home/user/.m2/repository/org/apache/hadoop/hadoop-ozone-ozone-manager/0.5.0-SNAPSHOT/hadoop-ozone-ozone-manager-0.5.0-SNAPSHOT.jar:/home/user/.m2/repository/org/apache/hadoop/hadoop-hdds-docs/0.5.0-SNAPSHOT/hadoop-hdds-docs-0.5.0-SNAPSHOT.jar:/home/user/.m2/repository/org/bouncycastle/bcprov-jdk15on/1.60/bcprov-jdk15on-1.60.jar:/home/user/.m2/repository/org/apache/hadoop/hadoop-ozone-common/0.5.0-SNAPSHOT/hadoop-ozone-common-0.5.0-SNAPSHOT.jar:/home/user/.m2/repository/org/apache/commons/commons-compress/1.4.1/commons-compress-1.4.1.jar:/home/user/.m2/repository/org/tukaani/xz/1.0/xz-1.0.jar:/home/user/.m2/repository/org/apache/hadoop/hadoop-hdfs-client/3.2.0/hadoop-hdfs-client-3.2.0.jar:/home/user/.m2/repository/com/fasterxml/jackson/core/jackson-annotations/2.9.9/jackson-annotations-2.9.9.jar:/home/user/.m2/repository/org/apache/hadoop/hadoop-hdds-common/0.5.0-SNAPSHOT/hadoop-hdds-common-0.5.0-SNAPSHOT.jar:/home/user/.m2/repository/org/apache/hadoop/hadoop-hdds-config/0.5.0-SNAPSHOT/hadoop-hdds-config-0.5.0-SNAPSHOT.jar:/home/user/.m2/repository/javax/annotation/javax.annotation-api/1.2/javax.annotation-api-1.2.jar:/home/user/.m2/repository/org/apache/ratis/ratis-server/0.5.0-d6d58d0-SNAPSHOT/ratis-server-0.5.0-d6d58d0-SNAPSHOT.jar:/home/user/.m2/repository/org/apache/ratis/ratis-thirdparty-misc/0.2.0/ratis-thirdparty-misc-0.2.0.jar:/home/user/.m2/repository/org/apache/ratis/ratis-proto/0.5.0-d6d58d0-SNAPSHOT/ratis-proto-0.5.0-d6d58d0-SNAPSHOT.jar:/home/user/.m2/repository/org/apache/ratis/ratis-common/0.5.0-d6d58d0-SNAPSHOT/ratis-common-0.5.0-d6d58d0-SNAPSHOT.jar:/home/user/.m2/repository/org/apache/ratis/ratis-client/0.5.0-d6d58d0-SNAPSHOT/ratis-client-0.5.0-d6d58d0-SNAPSHOT.jar:/home/user/.m2/repository/org/apache/ratis/ratis-metrics/0.5.0-d6d58d0-SNAPSHOT/ratis-metrics-0.5.0-d6d58d0-SNAPSHOT.jar:/home/user/.m2/repository/org/apache/ratis/ratis-netty/0.5.0-d6d58d0-SNAPSHOT/ratis-netty-0.5.0-d6d58d0-SNAPSHOT.jar:/home/user/.m2/repository/org/apache/ratis/ratis-grpc/0.5.0-d6d58d0-SNAPSHOT/ratis-grpc-0.5.0-d6d58d0-SNAPSHOT.jar:/home/user/.m2/repository/org/rocksdb/rocksdbjni/6.0.1/rocksdbjni-6.0.1.jar:/home/user/.m2/repository/org/apache/logging/log4j/log4j-api/2.11.0/log4j-api-2.11.0.jar:/home/user/.m2/repository/org/apache/logging/log4j/log4j-core/2.11.0/log4j-core-2.11.0.jar:/home/user/.m2/repository/com/lmax/disruptor/3.4.2/disruptor-3.4.2.jar:/home/user/.m2/repository/org/apache/commons/commons-pool2/2.6.0/commons-pool2-2.6.0.jar:/home/user/.m2/repository/org/bouncycastle/bcpkix-jdk15on/1.60/bcpkix-jdk15on-1.60.jar:/home/user/.m2/repository/commons-validator/commons-validator/1.6/commons-validator-1.6.jar:/home/user/.m2/repository/commons-digester/commons-digester/1.8.1/commons-digester-1.8.1.jar:/home/user/.m2/repository/io/jaegertracing/jaeger-client/0.34.0/jaeger-client-0.34.0.jar:/home/user/.m2/repository/io/jaegertracing/jaeger-thrift/0.34.0/jaeger-thrift-0.34.0.jar:/home/user/.m2/repository/org/apache/thrift/libthrift/0.12.0/libthrift-0.12.0.jar:/home/user/.m2/repository/com/squareup/okhttp3/okhttp/3.9.0/okhttp-3.9.0.jar:/home/user/.m2/repository/com/squareup/okio/okio/1.13.0/okio-1.13.0.jar:/home/user/.m2/repository/io/jaegertracing/jaeger-core/0.34.0/jaeger-core-0.34.0.jar:/home/user/.m2/repository/io/jaegertracing/jaeger-tracerresolver/0.34.0/jaeger-tracerresolver-0.34.0.jar:/home/user/.m2/repository/io/opentracing/contrib/opentracing-tracerresolver/0.1.5/opentracing-tracerresolver-0.1.5.jar:/home/user/.m2/repository/io/opentracing/opentracing-util/0.31.0/opentracing-util-0.31.0.jar:/home/user/.m2/repository/io/opentracing/opentracing-api/0.31.0/opentracing-api-0.31.0.jar:/home/user/.m2/repository/io/opentracing/opentracing-noop/0.31.0/opentracing-noop-0.31.0.jar:/home/user/.m2/repository/org/yaml/snakeyaml/1.16/snakeyaml-1.16.jar:/home/user/.m2/repository/org/apache/hadoop/hadoop-hdds-container-service/0.5.0-SNAPSHOT/hadoop-hdds-container-service-0.5.0-SNAPSHOT.jar:/home/user/.m2/repository/org/apache/hadoop/hadoop-hdds-client/0.5.0-SNAPSHOT/hadoop-hdds-client-0.5.0-SNAPSHOT.jar:/home/user/.m2/repository/org/apache/hadoop/hadoop-hdds-tools/0.5.0-SNAPSHOT/hadoop-hdds-tools-0.5.0-SNAPSHOT.jar:/home/user/.m2/repository/org/xerial/sqlite-jdbc/3.25.2/sqlite-jdbc-3.25.2.jar:/home/user/.m2/repository/org/apache/hadoop/hadoop-hdds-server-scm/0.5.0-SNAPSHOT/hadoop-hdds-server-scm-0.5.0-SNAPSHOT.jar:/home/user/.m2/repository/org/hamcrest/hamcrest-all/1.3/hamcrest-all-1.3.jar:/home/user/.m2/repository/info/picocli/picocli/3.9.6/picocli-3.9.6.jar:/home/user/.m2/repository/com/google/protobuf/protobuf-java/2.5.0/protobuf-java-2.5.0.jar:/home/user/.m2/repository/com/google/guava/guava/11.0.2/guava-11.0.2.jar:/home/user/.m2/repository/org/apache/hadoop/hadoop-ozone-client/0.5.0-SNAPSHOT/hadoop-ozone-client-0.5.0-SNAPSHOT.jar:/workdir/hadoop-ozone/ozonefs/target/classes:/home/user/.m2/repository/org/apache/httpcomponents/httpclient/4.5.2/httpclient-4.5.2.jar:/home/user/.m2/repository/org/apache/httpcomponents/httpcore/4.4.4/httpcore-4.4.4.jar:/home/user/.m2/repository/org/apache/hadoop/hadoop-hdds-server-framework/0.5.0-SNAPSHOT/hadoop-hdds-server-framework-0.5.0-SNAPSHOT.jar:/home/user/.m2/repository/org/apache/hadoop/hadoop-common/3.2.0/hadoop-common-3.2.0.jar:/home/user/.m2/repository/org/apache/hadoop/hadoop-annotations/3.2.0/hadoop-annotations-3.2.0.jar:/usr/lib/jvm/java-1.8.0-openjdk-1.8.0.222.b10-1.el7_7.x86_64/jre/../lib/tools.jar:/home/user/.m2/repository/commons-cli/commons-cli/1.2/commons-cli-1.2.jar:/home/user/.m2/repository/org/apache/commons/commons-math3/3.1.1/commons-math3-3.1.1.jar:/home/user/.m2/repository/commons-codec/commons-codec/1.11/commons-codec-1.11.jar:/home/user/.m2/repository/commons-io/commons-io/2.5/commons-io-2.5.jar:/home/user/.m2/repository/commons-net/commons-net/3.6/commons-net-3.6.jar:/home/user/.m2/repository/commons-collections/commons-collections/3.2.2/commons-collections-3.2.2.jar:/home/user/.m2/repository/javax/servlet/javax.servlet-api/3.1.0/javax.servlet-api-3.1.0.jar:/home/user/.m2/repository/org/eclipse/jetty/jetty-server/9.3.25.v20180904/jetty-server-9.3.25.v20180904.jar:/home/user/.m2/repository/org/eclipse/jetty/jetty-http/9.3.25.v20180904/jetty-http-9.3.25.v20180904.jar:/home/user/.m2/repository/org/eclipse/jetty/jetty-io/9.3.25.v20180904/jetty-io-9.3.25.v20180904.jar:/home/user/.m2/repository/org/eclipse/jetty/jetty-util/9.3.25.v20180904/jetty-util-9.3.25.v20180904.jar:/home/user/.m2/repository/org/eclipse/jetty/jetty-servlet/9.3.25.v20180904/jetty-servlet-9.3.25.v20180904.jar:/home/user/.m2/repository/org/eclipse/jetty/jetty-security/9.3.25.v20180904/jetty-security-9.3.25.v20180904.jar:/home/user/.m2/repository/org/eclipse/jetty/jetty-webapp/9.3.25.v20180904/jetty-webapp-9.3.25.v20180904.jar:/home/user/.m2/repository/org/eclipse/jetty/jetty-xml/9.3.25.v20180904/jetty-xml-9.3.25.v20180904.jar:/home/user/.m2/repository/javax/servlet/jsp/jsp-api/2.1/jsp-api-2.1.jar:/home/user/.m2/repository/com/sun/jersey/jersey-core/1.19/jersey-core-1.19.jar:/home/user/.m2/repository/javax/ws/rs/jsr311-api/1.1.1/jsr311-api-1.1.1.jar:/home/user/.m2/repository/com/sun/jersey/jersey-servlet/1.19/jersey-servlet-1.19.jar:/home/user/.m2/repository/com/sun/jersey/jersey-json/1.19/jersey-json-1.19.jar:/home/user/.m2/repository/org/codehaus/jettison/jettison/1.1/jettison-1.1.jar:/home/user/.m2/repository/com/sun/xml/bind/jaxb-impl/2.3.0.1/jaxb-impl-2.3.0.1.jar:/home/user/.m2/repository/org/codehaus/jackson/jackson-core-asl/1.9.13/jackson-core-asl-1.9.13.jar:/home/user/.m2/repository/org/codehaus/jackson/jackson-mapper-asl/1.9.13/jackson-mapper-asl-1.9.13.jar:/home/user/.m2/repository/org/codehaus/jackson/jackson-jaxrs/1.9.13/jackson-jaxrs-1.9.13.jar:/home/user/.m2/repository/org/codehaus/jackson/jackson-xc/1.9.13/jackson-xc-1.9.13.jar:/home/user/.m2/repository/com/sun/jersey/jersey-server/1.19/jersey-server-1.19.jar:/home/user/.m2/repository/commons-logging/commons-logging/1.1.3/commons-logging-1.1.3.jar:/home/user/.m2/repository/log4j/log4j/1.2.17/log4j-1.2.17.jar:/home/user/.m2/repository/commons-beanutils/commons-beanutils/1.9.4/commons-beanutils-1.9.4.jar:/home/user/.m2/repository/org/apache/commons/commons-configuration2/2.1.1/commons-configuration2-2.1.1.jar:/home/user/.m2/repository/org/apache/commons/commons-lang3/3.7/commons-lang3-3.7.jar:/home/user/.m2/repository/org/apache/commons/commons-text/1.4/commons-text-1.4.jar:/home/user/.m2/repository/org/slf4j/slf4j-api/1.7.25/slf4j-api-1.7.25.jar:/home/user/.m2/repository/org/slf4j/slf4j-log4j12/1.7.25/slf4j-log4j12-1.7.25.jar:/home/user/.m2/repository/org/apache/avro/avro/1.7.7/avro-1.7.7.jar:/home/user/.m2/repository/com/thoughtworks/paranamer/paranamer/2.3/paranamer-2.3.jar:/home/user/.m2/repository/org/xerial/snappy/snappy-java/1.0.5/snappy-java-1.0.5.jar:/home/user/.m2/repository/com/google/re2j/re2j/1.1/re2j-1.1.jar:/home/user/.m2/repository/com/google/code/gson/gson/2.2.4/gson-2.2.4.jar:/home/user/.m2/repository/org/apache/hadoop/hadoop-auth/3.2.0/hadoop-auth-3.2.0.jar:/home/user/.m2/repository/com/nimbusds/nimbus-jose-jwt/4.41.1/nimbus-jose-jwt-4.41.1.jar:/home/user/.m2/repository/com/github/stephenc/jcip/jcip-annotations/1.0-1/jcip-annotations-1.0-1.jar:/home/user/.m2/repository/net/minidev/json-smart/2.3/json-smart-2.3.jar:/home/user/.m2/repository/net/minidev/accessors-smart/1.2/accessors-smart-1.2.jar:/home/user/.m2/repository/org/apache/curator/curator-framework/2.12.0/curator-framework-2.12.0.jar:/home/user/.m2/repository/com/jcraft/jsch/0.1.54/jsch-0.1.54.jar:/home/user/.m2/repository/org/apache/curator/curator-client/2.12.0/curator-client-2.12.0.jar:/home/user/.m2/repository/org/apache/curator/curator-recipes/2.12.0/curator-recipes-2.12.0.jar:/home/user/.m2/repository/com/google/code/findbugs/jsr305/3.0.0/jsr305-3.0.0.jar:/home/user/.m2/repository/org/apache/htrace/htrace-core4/4.1.0-incubating/htrace-core4-4.1.0-incubating.jar:/home/user/.m2/repository/org/apache/zookeeper/zookeeper/3.4.13/zookeeper-3.4.13.jar:/home/user/.m2/repository/jline/jline/0.9.94/jline-0.9.94.jar:/home/user/.m2/repository/org/apache/yetus/audience-annotations/0.5.0/audience-annotations-0.5.0.jar:/home/user/.m2/repository/org/apache/kerby/kerb-simplekdc/1.0.1/kerb-simplekdc-1.0.1.jar:/home/user/.m2/repository/org/apache/kerby/kerb-client/1.0.1/kerb-client-1.0.1.jar:/home/user/.m2/repository/org/apache/kerby/kerby-config/1.0.1/kerby-config-1.0.1.jar:/home/user/.m2/repository/org/apache/kerby/kerb-core/1.0.1/kerb-core-1.0.1.jar:/home/user/.m2/repository/org/apache/kerby/kerby-pkix/1.0.1/kerby-pkix-1.0.1.jar:/home/user/.m2/repository/org/apache/kerby/kerby-asn1/1.0.1/kerby-asn1-1.0.1.jar:/home/user/.m2/repository/org/apache/kerby/kerby-util/1.0.1/kerby-util-1.0.1.jar:/home/user/.m2/repository/org/apache/kerby/kerb-common/1.0.1/kerb-common-1.0.1.jar:/home/user/.m2/repository/org/apache/kerby/kerb-crypto/1.0.1/kerb-crypto-1.0.1.jar:/home/user/.m2/repository/org/apache/kerby/kerb-util/1.0.1/kerb-util-1.0.1.jar:/home/user/.m2/repository/org/apache/kerby/token-provider/1.0.1/token-provider-1.0.1.jar:/home/user/.m2/repository/org/apache/kerby/kerb-admin/1.0.1/kerb-admin-1.0.1.jar:/home/user/.m2/repository/org/apache/kerby/kerb-server/1.0.1/kerb-server-1.0.1.jar:/home/user/.m2/repository/org/apache/kerby/kerb-identity/1.0.1/kerb-identity-1.0.1.jar:/home/user/.m2/repository/org/apache/kerby/kerby-xdr/1.0.1/kerby-xdr-1.0.1.jar:/home/user/.m2/repository/com/fasterxml/jackson/core/jackson-databind/2.9.9/jackson-databind-2.9.9.jar:/home/user/.m2/repository/com/fasterxml/jackson/core/jackson-core/2.9.9/jackson-core-2.9.9.jar:/home/user/.m2/repository/org/codehaus/woodstox/stax2-api/3.1.4/stax2-api-3.1.4.jar:/home/user/.m2/repository/com/fasterxml/woodstox/woodstox-core/5.0.3/woodstox-core-5.0.3.jar:/home/user/.m2/repository/dnsjava/dnsjava/2.1.7/dnsjava-2.1.7.jar:/home/user/.m2/repository/org/apache/hadoop/hadoop-hdfs/3.2.0/hadoop-hdfs-3.2.0.jar:/home/user/.m2/repository/org/eclipse/jetty/jetty-util-ajax/9.3.25.v20180904/jetty-util-ajax-9.3.25.v20180904.jar:/home/user/.m2/repository/commons-daemon/commons-daemon/1.0.13/commons-daemon-1.0.13.jar:/home/user/.m2/repository/io/netty/netty/3.10.5.Final/netty-3.10.5.Final.jar:/home/user/.m2/repository/io/netty/netty-all/4.0.52.Final/netty-all-4.0.52.Final.jar:/home/user/.m2/repository/org/fusesource/leveldbjni/leveldbjni-all/1.8/leveldbjni-all-1.8.jar:/home/user/.m2/repository/com/sun/xml/bind/jaxb-core/2.3.0.1/jaxb-core-2.3.0.1.jar:/home/user/.m2/repository/javax/xml/bind/jaxb-api/2.3.0/jaxb-api-2.3.0.jar:/home/user/.m2/repository/javax/activation/activation/1.1.1/activation-1.1.1.jar:/home/user/.m2/repository/org/openjdk/jmh/jmh-core/1.19/jmh-core-1.19.jar:/home/user/.m2/repository/net/sf/jopt-simple/jopt-simple/4.6/jopt-simple-4.6.jar:/home/user/.m2/repository/org/openjdk/jmh/jmh-generator-annprocess/1.19/jmh-generator-annprocess-1.19.jar:/home/user/.m2/repository/io/dropwizard/metrics/metrics-core/3.2.4/metrics-core-3.2.4.jar:/home/user/.m2/repository/com/amazonaws/aws-java-sdk-s3/1.11.615/aws-java-sdk-s3-1.11.615.jar:/home/user/.m2/repository/com/amazonaws/aws-java-sdk-kms/1.11.615/aws-java-sdk-kms-1.11.615.jar:/home/user/.m2/repository/com/amazonaws/aws-java-sdk-core/1.11.615/aws-java-sdk-core-1.11.615.jar:/home/user/.m2/repository/software/amazon/ion/ion-java/1.0.2/ion-java-1.0.2.jar:/home/user/.m2/repository/com/fasterxml/jackson/dataformat/jackson-dataformat-cbor/2.9.9/jackson-dataformat-cbor-2.9.9.jar:/home/user/.m2/repository/joda-time/joda-time/2.9.9/joda-time-2.9.9.jar:/home/user/.m2/repository/com/amazonaws/jmespath-java/1.11.615/jmespath-java-1.11.615.jar:/home/user/.m2/repository/com/github/spotbugs/spotbugs/3.1.12/spotbugs-3.1.12.jar:/home/user/.m2/repository/org/ow2/asm/asm/5.0.4/asm-5.0.4.jar:/home/user/.m2/repository/org/ow2/asm/asm-analysis/7.0/asm-analysis-7.0.jar:/home/user/.m2/repository/org/ow2/asm/asm-commons/7.0/asm-commons-7.0.jar:/home/user/.m2/repository/org/ow2/asm/asm-tree/7.0/asm-tree-7.0.jar:/home/user/.m2/repository/org/ow2/asm/asm-util/7.0/asm-util-7.0.jar:/home/user/.m2/repository/org/apache/bcel/bcel/6.3/bcel-6.3.jar:/home/user/.m2/repository/net/jcip/jcip-annotations/1.0/jcip-annotations-1.0.jar:/home/user/.m2/repository/org/dom4j/dom4j/2.1.1/dom4j-2.1.1.jar:/home/user/.m2/repository/jaxen/jaxen/1.1.6/jaxen-1.1.6.jar:/home/user/.m2/repository/commons-lang/commons-lang/2.6/commons-lang-2.6.jar:/home/user/.m2/repository/com/github/spotbugs/spotbugs-annotations/3.1.12/spotbugs-annotations-3.1.12.jar:/home/user/.m2/repository/junit/junit/4.11/junit-4.11.jar:/home/user/.m2/repository/org/hamcrest/hamcrest-core/1.3/hamcrest-core-1.3.jar:/home/user/.m2/repository/org/apache/hadoop/hadoop-common/3.2.0/hadoop-common-3.2.0-tests.jar:/workdir/hadoop-ozone/integration-test/target/test-classes:/home/user/.m2/repository/org/apache/hadoop/hadoop-ozone-s3gateway/0.5.0-SNAPSHOT/hadoop-ozone-s3gateway-0.5.0-SNAPSHOT.jar:/home/user/.m2/repository/org/jboss/weld/servlet/weld-servlet/2.4.7.Final/weld-servlet-2.4.7.Final.jar:/home/user/.m2/repository/org/glassfish/jersey/containers/jersey-container-servlet-core/2.27/jersey-container-servlet-core-2.27.jar:/home/user/.m2/repository/org/glassfish/hk2/external/javax.inject/2.5.0-b42/javax.inject-2.5.0-b42.jar:/home/user/.m2/repository/org/glassfish/jersey/core/jersey-common/2.27/jersey-common-2.27.jar:/home/user/.m2/repository/org/glassfish/hk2/osgi-resource-locator/1.0.1/osgi-resource-locator-1.0.1.jar:/home/user/.m2/repository/javax/ws/rs/javax.ws.rs-api/2.1/javax.ws.rs-api-2.1.jar:/home/user/.m2/repository/org/glassfish/jersey/ext/cdi/jersey-cdi1x/2.27/jersey-cdi1x-2.27.jar:/home/user/.m2/repository/org/glassfish/jersey/inject/jersey-hk2/2.27/jersey-hk2-2.27.jar:/home/user/.m2/repository/org/glassfish/hk2/hk2-locator/2.5.0-b42/hk2-locator-2.5.0-b42.jar:/home/user/.m2/repository/org/javassist/javassist/3.22.0-CR2/javassist-3.22.0-CR2.jar:/home/user/.m2/repository/org/glassfish/hk2/hk2-api/2.5.0/hk2-api-2.5.0.jar:/home/user/.m2/repository/org/glassfish/hk2/external/jakarta.inject/2.5.0/jakarta.inject-2.5.0.jar:/home/user/.m2/repository/org/glassfish/hk2/hk2-utils/2.5.0/hk2-utils-2.5.0.jar:/home/user/.m2/repository/jakarta/annotation/jakarta.annotation-api/1.3.4/jakarta.annotation-api-1.3.4.jar:/home/user/.m2/repository/org/glassfish/hk2/external/aopalliance-repackaged/2.5.0/aopalliance-repackaged-2.5.0.jar:/home/user/.m2/repository/com/fasterxml/jackson/dataformat/jackson-dataformat-xml/2.9.0/jackson-dataformat-xml-2.9.0.jar:/home/user/.m2/repository/com/fasterxml/jackson/module/jackson-module-jaxb-annotations/2.9.9/jackson-module-jaxb-annotations-2.9.9.jar:/home/user/.m2/repository/javax/enterprise/cdi-api/1.2/cdi-api-1.2.jar:/home/user/.m2/repository/javax/el/javax.el-api/3.0.0/javax.el-api-3.0.0.jar:/home/user/.m2/repository/javax/interceptor/javax.interceptor-api/1.2/javax.interceptor-api-1.2.jar:/home/user/.m2/repository/javax/inject/javax.inject/1/javax.inject-1.jar:/home/user/.m2/repository/org/apache/hadoop/hadoop-ozone-csi/0.5.0-SNAPSHOT/hadoop-ozone-csi-0.5.0-SNAPSHOT.jar:/home/user/.m2/repository/com/google/protobuf/protobuf-java-util/3.5.1/protobuf-java-util-3.5.1.jar:/home/user/.m2/repository/io/grpc/grpc-netty/1.17.1/grpc-netty-1.17.1.jar:/home/user/.m2/repository/io/grpc/grpc-core/1.17.1/grpc-core-1.17.1.jar:/home/user/.m2/repository/io/grpc/grpc-context/1.17.1/grpc-context-1.17.1.jar:/home/user/.m2/repository/com/google/errorprone/error_prone_annotations/2.2.0/error_prone_annotations-2.2.0.jar:/home/user/.m2/repository/org/codehaus/mojo/animal-sniffer-annotations/1.17/animal-sniffer-annotations-1.17.jar:/home/user/.m2/repository/io/opencensus/opencensus-api/0.17.0/opencensus-api-0.17.0.jar:/home/user/.m2/repository/io/opencensus/opencensus-contrib-grpc-metrics/0.17.0/opencensus-contrib-grpc-metrics-0.17.0.jar:/home/user/.m2/repository/io/netty/netty-codec-http2/4.1.30.Final/netty-codec-http2-4.1.30.Final.jar:/home/user/.m2/repository/io/netty/netty-codec-http/4.1.30.Final/netty-codec-http-4.1.30.Final.jar:/home/user/.m2/repository/io/netty/netty-codec/4.1.30.Final/netty-codec-4.1.30.Final.jar:/home/user/.m2/repository/io/netty/netty-handler/4.1.30.Final/netty-handler-4.1.30.Final.jar:/home/user/.m2/repository/io/netty/netty-handler-proxy/4.1.30.Final/netty-handler-proxy-4.1.30.Final.jar:/home/user/.m2/repository/io/netty/netty-codec-socks/4.1.30.Final/netty-codec-socks-4.1.30.Final.jar:/home/user/.m2/repository/io/netty/netty-transport-native-epoll/4.1.30.Final/netty-transport-native-epoll-4.1.30.Final.jar:/home/user/.m2/repository/io/netty/netty-common/4.1.30.Final/netty-common-4.1.30.Final.jar:/home/user/.m2/repository/io/netty/netty-buffer/4.1.30.Final/netty-buffer-4.1.30.Final.jar:/home/user/.m2/repository/io/netty/netty-transport/4.1.30.Final/netty-transport-4.1.30.Final.jar:/home/user/.m2/repository/io/netty/netty-resolver/4.1.30.Final/netty-resolver-4.1.30.Final.jar:/home/user/.m2/repository/io/netty/netty-transport-native-unix-common/4.1.30.Final/netty-transport-native-unix-common-4.1.30.Final.jar:/home/user/.m2/repository/io/grpc/grpc-protobuf/1.17.1/grpc-protobuf-1.17.1.jar:/home/user/.m2/repository/com/google/api/grpc/proto-google-common-protos/1.0.0/proto-google-common-protos-1.0.0.jar:/home/user/.m2/repository/io/grpc/grpc-protobuf-lite/1.17.1/grpc-protobuf-lite-1.17.1.jar:/home/user/.m2/repository/io/grpc/grpc-stub/1.17.1/grpc-stub-1.17.1.jar:/home/user/.m2/repository/org/apache/hadoop/hadoop-ozone-recon/0.5.0-SNAPSHOT/hadoop-ozone-recon-0.5.0-SNAPSHOT.jar:/home/user/.m2/repository/org/apache/hadoop/hadoop-ozone-reconcodegen/0.5.0-SNAPSHOT/hadoop-ozone-reconcodegen-0.5.0-SNAPSHOT.jar:/home/user/.m2/repository/com/google/inject/extensions/guice-multibindings/4.0/guice-multibindings-4.0.jar:/home/user/.m2/repository/com/google/inject/guice/4.0/guice-4.0.jar:/home/user/.m2/repository/aopalliance/aopalliance/1.0/aopalliance-1.0.jar:/home/user/.m2/repository/com/google/inject/extensions/guice-servlet/4.0/guice-servlet-4.0.jar:/home/user/.m2/repository/org/glassfish/jersey/containers/jersey-container-servlet/2.27/jersey-container-servlet-2.27.jar:/home/user/.m2/repository/org/glassfish/hk2/guice-bridge/2.5.0/guice-bridge-2.5.0.jar:/home/user/.m2/repository/org/glassfish/jersey/core/jersey-server/2.27/jersey-server-2.27.jar:/home/user/.m2/repository/org/glassfish/jersey/core/jersey-client/2.27/jersey-client-2.27.jar:/home/user/.m2/repository/org/glassfish/jersey/media/jersey-media-jaxb/2.27/jersey-media-jaxb-2.27.jar:/home/user/.m2/repository/javax/validation/validation-api/1.1.0.Final/validation-api-1.1.0.Final.jar:/home/user/.m2/repository/org/glassfish/jersey/media/jersey-media-json-jackson/2.27/jersey-media-json-jackson-2.27.jar:/home/user/.m2/repository/org/glassfish/jersey/ext/jersey-entity-filtering/2.27/jersey-entity-filtering-2.27.jar:/home/user/.m2/repository/com/google/inject/extensions/guice-assistedinject/4.0/guice-assistedinject-4.0.jar:/home/user/.m2/repository/org/jooq/jooq/3.11.10/jooq-3.11.10.jar:/home/user/.m2/repository/org/jooq/jooq-meta/3.11.10/jooq-meta-3.11.10.jar:/home/user/.m2/repository/org/jooq/jooq-codegen/3.11.10/jooq-codegen-3.11.10.jar:/home/user/.m2/repository/com/jolbox/bonecp/0.8.0.RELEASE/bonecp-0.8.0.RELEASE.jar:/home/user/.m2/repository/org/springframework/spring-jdbc/5.1.3.RELEASE/spring-jdbc-5.1.3.RELEASE.jar:/home/user/.m2/repository/org/springframework/spring-beans/5.1.3.RELEASE/spring-beans-5.1.3.RELEASE.jar:/home/user/.m2/repository/org/springframework/spring-core/5.1.3.RELEASE/spring-core-5.1.3.RELEASE.jar:/home/user/.m2/repository/org/springframework/spring-jcl/5.1.3.RELEASE/spring-jcl-5.1.3.RELEASE.jar:/home/user/.m2/repository/org/springframework/spring-tx/5.1.3.RELEASE/spring-tx-5.1.3.RELEASE.jar:/home/user/.m2/repository/org/mockito/mockito-core/2.15.0/mockito-core-2.15.0.jar:/home/user/.m2/repository/net/bytebuddy/byte-buddy/1.7.9/byte-buddy-1.7.9.jar:/home/user/.m2/repository/net/bytebuddy/byte-buddy-agent/1.7.9/byte-buddy-agent-1.7.9.jar:/home/user/.m2/repository/org/objenesis/objenesis/1.0/objenesis-1.0.jar:"/>
    <property name="sun.cpu.endian" value="little"/>
    <property name="user.home" value="/home/user"/>
    <property name="user.language" value="en"/>
    <property name="java.specification.vendor" value="Oracle Corporation"/>
    <property name="java.home" value="/usr/lib/jvm/java-1.8.0-openjdk-1.8.0.222.b10-1.el7_7.x86_64/jre"/>
    <property name="surefire.excludesFile" value="/tools/ozone-bad-unit-tests"/>
    <property name="java.security.krb5.conf" value="/workdir/hadoop-ozone/tools/target/test-classes/krb5.conf"/>
    <property name="basedir" value="/workdir/hadoop-ozone/tools"/>
    <property name="file.separator" value="/"/>
    <property name="line.separator" value="&#10;"/>
    <property name="java.vm.specification.vendor" value="Oracle Corporation"/>
    <property name="java.specification.name" value="Java Platform API Specification"/>
    <property name="java.awt.graphicsenv" value="sun.awt.X11GraphicsEnvironment"/>
    <property name="surefire.real.class.path" value="/workdir/hadoop-ozone/tools/target/surefire/surefirebooter5157704062458608451.jar"/>
    <property name="hadoop.log.dir" value="/workdir/hadoop-ozone/tools/target/log"/>
    <property name="sun.boot.class.path" value="/usr/lib/jvm/java-1.8.0-openjdk-1.8.0.222.b10-1.el7_7.x86_64/jre/lib/resources.jar:/usr/lib/jvm/java-1.8.0-openjdk-1.8.0.222.b10-1.el7_7.x86_64/jre/lib/rt.jar:/usr/lib/jvm/java-1.8.0-openjdk-1.8.0.222.b10-1.el7_7.x86_64/jre/lib/sunrsasign.jar:/usr/lib/jvm/java-1.8.0-openjdk-1.8.0.222.b10-1.el7_7.x86_64/jre/lib/jsse.jar:/usr/lib/jvm/java-1.8.0-openjdk-1.8.0.222.b10-1.el7_7.x86_64/jre/lib/jce.jar:/usr/lib/jvm/java-1.8.0-openjdk-1.8.0.222.b10-1.el7_7.x86_64/jre/lib/charsets.jar:/usr/lib/jvm/java-1.8.0-openjdk-1.8.0.222.b10-1.el7_7.x86_64/jre/lib/jfr.jar:/usr/lib/jvm/java-1.8.0-openjdk-1.8.0.222.b10-1.el7_7.x86_64/jre/classes"/>
    <property name="sun.management.compiler" value="HotSpot 64-Bit Tiered Compilers"/>
    <property name="java.runtime.version" value="1.8.0_222-b10"/>
    <property name="java.net.preferIPv4Stack" value="true"/>
    <property name="user.name" value="jenkins1000"/>
    <property name="path.separator" value=":"/>
    <property name="java.security.egd" value="file:///dev/urandom"/>
    <property name="os.version" value="3.10.0-957.12.2.el7.x86_64"/>
    <property name="java.endorsed.dirs" value="/usr/lib/jvm/java-1.8.0-openjdk-1.8.0.222.b10-1.el7_7.x86_64/jre/lib/endorsed"/>
    <property name="java.runtime.name" value="OpenJDK Runtime Environment"/>
    <property name="file.encoding" value="ANSI_X3.4-1968"/>
    <property name="java.vm.name" value="OpenJDK 64-Bit Server VM"/>
    <property name="test.build.webapps" value=""/>
    <property name="localRepository" value="/home/user/.m2/repository"/>
    <property name="java.vendor.url.bug" value="http://bugreport.sun.com/bugreport/"/>
    <property name="java.io.tmpdir" value="/tmp"/>
    <property name="require.test.libhadoop" value=""/>
    <property name="java.version" value="1.8.0_222"/>
    <property name="user.dir" value="/workdir/hadoop-ozone/tools"/>
    <property name="os.arch" value="amd64"/>
    <property name="java.vm.specification.name" value="Java Virtual Machine Specification"/>
    <property name="test.build.classes" value="/workdir/hadoop-ozone/tools/target/test-classes"/>
    <property name="java.awt.printerjob" value="sun.print.PSPrinterJob"/>
    <property name="sun.os.patch.level" value="unknown"/>
    <property name="hadoop.tmp.dir" value="/workdir/hadoop-ozone/tools/target/tmp"/>
    <property name="java.library.path" value="/usr/lib:/workdir/hadoop-ozone/tools/target/native/target/usr/local/lib:/workdir/hadoop-ozone/tools/../../hadoop-common-project/hadoop-common/target/native/target/usr/local/lib:/usr/java/packages/lib/amd64:/usr/lib64:/lib64:/lib:/usr/lib"/>
    <property name="java.vm.info" value="mixed mode"/>
    <property name="java.vendor" value="Oracle Corporation"/>
    <property name="java.vm.version" value="25.222-b10"/>
    <property name="java.ext.dirs" value="/usr/lib/jvm/java-1.8.0-openjdk-1.8.0.222.b10-1.el7_7.x86_64/jre/lib/ext:/usr/java/packages/lib/ext"/>
    <property name="sun.io.unicode.encoding" value="UnicodeLittle"/>
    <property name="java.class.version" value="52.0"/>
  </properties>
  <testcase name="testRestart" classname="org.apache.hadoop.ozone.freon.TestFreonWithPipelineDestroy" time="19.137">
    <error message="INTERNAL_ERROR org.apache.hadoop.ozone.om.exceptions.OMException: Allocated 0 blocks. Requested 5 blocks" type="java.lang.RuntimeException">java.lang.RuntimeException: INTERNAL_ERROR org.apache.hadoop.ozone.om.exceptions.OMException: Allocated 0 blocks. Requested 5 blocks
	at org.apache.hadoop.ozone.freon.RandomKeyGenerator.call(RandomKeyGenerator.java:341)
	at org.apache.hadoop.ozone.freon.TestFreonWithPipelineDestroy.startFreon(TestFreonWithPipelineDestroy.java:87)
	at org.apache.hadoop.ozone.freon.TestFreonWithPipelineDestroy.testRestart(TestFreonWithPipelineDestroy.java:74)
	at sun.reflect.NativeMethodAccessorImpl.invoke0(Native Method)
	at sun.reflect.NativeMethodAccessorImpl.invoke(NativeMethodAccessorImpl.java:62)
	at sun.reflect.DelegatingMethodAccessorImpl.invoke(DelegatingMethodAccessorImpl.java:43)
	at java.lang.reflect.Method.invoke(Method.java:498)
	at org.junit.runners.model.FrameworkMethod$1.runReflectiveCall(FrameworkMethod.java:47)
	at org.junit.internal.runners.model.ReflectiveCallable.run(ReflectiveCallable.java:12)
	at org.junit.runners.model.FrameworkMethod.invokeExplosively(FrameworkMethod.java:44)
	at org.junit.internal.runners.statements.InvokeMethod.evaluate(InvokeMethod.java:17)
	at org.junit.runners.ParentRunner.runLeaf(ParentRunner.java:271)
	at org.junit.runners.BlockJUnit4ClassRunner.runChild(BlockJUnit4ClassRunner.java:70)
	at org.junit.runners.BlockJUnit4ClassRunner.runChild(BlockJUnit4ClassRunner.java:50)
	at org.junit.runners.ParentRunner$3.run(ParentRunner.java:238)
	at org.junit.runners.ParentRunner$1.schedule(ParentRunner.java:63)
	at org.junit.runners.ParentRunner.runChildren(ParentRunner.java:236)
	at org.junit.runners.ParentRunner.access$000(ParentRunner.java:53)
	at org.junit.runners.ParentRunner$2.evaluate(ParentRunner.java:229)
	at org.junit.internal.runners.statements.RunBefores.evaluate(RunBefores.java:26)
	at org.junit.internal.runners.statements.RunAfters.evaluate(RunAfters.java:27)
	at org.junit.runners.ParentRunner.run(ParentRunner.java:309)
	at org.apache.maven.surefire.junit4.JUnit4Provider.execute(JUnit4Provider.java:365)
	at org.apache.maven.surefire.junit4.JUnit4Provider.executeWithRerun(JUnit4Provider.java:273)
	at org.apache.maven.surefire.junit4.JUnit4Provider.executeTestSet(JUnit4Provider.java:238)
	at org.apache.maven.surefire.junit4.JUnit4Provider.invoke(JUnit4Provider.java:159)
	at org.apache.maven.surefire.booter.ForkedBooter.invokeProviderInSameClassLoader(ForkedBooter.java:384)
	at org.apache.maven.surefire.booter.ForkedBooter.runSuitesInProcess(ForkedBooter.java:345)
	at org.apache.maven.surefire.booter.ForkedBooter.execute(ForkedBooter.java:126)
	at org.apache.maven.surefire.booter.ForkedBooter.main(ForkedBooter.java:418)
Caused by: INTERNAL_ERROR org.apache.hadoop.ozone.om.exceptions.OMException: Allocated 0 blocks. Requested 5 blocks
	at org.apache.hadoop.ozone.om.protocolPB.OzoneManagerProtocolClientSideTranslatorPB.handleError(OzoneManagerProtocolClientSideTranslatorPB.java:761)
	at org.apache.hadoop.ozone.om.protocolPB.OzoneManagerProtocolClientSideTranslatorPB.openKey(OzoneManagerProtocolClientSideTranslatorPB.java:752)
	at sun.reflect.NativeMethodAccessorImpl.invoke0(Native Method)
	at sun.reflect.NativeMethodAccessorImpl.invoke(NativeMethodAccessorImpl.java:62)
	at sun.reflect.DelegatingMethodAccessorImpl.invoke(DelegatingMethodAccessorImpl.java:43)
	at java.lang.reflect.Method.invoke(Method.java:498)
	at org.apache.hadoop.hdds.tracing.TraceAllMethod.invoke(TraceAllMethod.java:66)
	at com.sun.proxy.$Proxy37.openKey(Unknown Source)
	at org.apache.hadoop.ozone.client.rpc.RpcClient.createKey(RpcClient.java:633)
	at org.apache.hadoop.ozone.client.OzoneBucket.createKey(OzoneBucket.java:325)
	at org.apache.hadoop.ozone.freon.RandomKeyGenerator.createKey(RandomKeyGenerator.java:697)
	at org.apache.hadoop.ozone.freon.RandomKeyGenerator.access$1100(RandomKeyGenerator.java:88)
	at org.apache.hadoop.ozone.freon.RandomKeyGenerator$ObjectCreator.run(RandomKeyGenerator.java:615)
	at java.util.concurrent.Executors$RunnableAdapter.call(Executors.java:511)
	at java.util.concurrent.FutureTask.run(FutureTask.java:266)
	at java.util.concurrent.ThreadPoolExecutor.runWorker(ThreadPoolExecutor.java:1149)
	at java.util.concurrent.ThreadPoolExecutor$Worker.run(ThreadPoolExecutor.java:624)
	at java.lang.Thread.run(Thread.java:748)
</error>
    <system-out><![CDATA[2019-11-17 12:10:38,937 [main] WARN  server.ServerUtils (ServerUtils.java:getScmDbDir(145)) - ozone.scm.db.dirs is not configured. We recommend adding this setting. Falling back to ozone.metadata.dirs instead.
2019-11-17 12:10:39,121 [main] WARN  server.ServerUtils (ServerUtils.java:getScmDbDir(145)) - ozone.scm.db.dirs is not configured. We recommend adding this setting. Falling back to ozone.metadata.dirs instead.
2019-11-17 12:10:39,125 [main] WARN  server.ServerUtils (ServerUtils.java:getScmDbDir(145)) - ozone.scm.db.dirs is not configured. We recommend adding this setting. Falling back to ozone.metadata.dirs instead.
2019-11-17 12:10:39,154 [main] INFO  util.log (Log.java:initialized(192)) - Logging initialized @993ms
2019-11-17 12:10:39,253 [main] INFO  db.DBStoreBuilder (DBStoreBuilder.java:addTable(127)) - using custom profile for table: deletedBlocks
2019-11-17 12:10:39,254 [main] INFO  db.DBStoreBuilder (DBStoreBuilder.java:processTables(183)) - Using default column profile:DBProfile.DISK for Table:deletedBlocks
2019-11-17 12:10:39,254 [main] INFO  db.DBStoreBuilder (DBStoreBuilder.java:addTable(127)) - using custom profile for table: validCerts
2019-11-17 12:10:39,254 [main] INFO  db.DBStoreBuilder (DBStoreBuilder.java:processTables(183)) - Using default column profile:DBProfile.DISK for Table:validCerts
2019-11-17 12:10:39,255 [main] INFO  db.DBStoreBuilder (DBStoreBuilder.java:addTable(127)) - using custom profile for table: revokedCerts
2019-11-17 12:10:39,255 [main] INFO  db.DBStoreBuilder (DBStoreBuilder.java:processTables(183)) - Using default column profile:DBProfile.DISK for Table:revokedCerts
2019-11-17 12:10:39,267 [main] INFO  db.DBStoreBuilder (DBStoreBuilder.java:addTable(127)) - using custom profile for table: default
2019-11-17 12:10:39,268 [main] INFO  db.DBStoreBuilder (DBStoreBuilder.java:processTables(189)) - Using default column profile:DBProfile.DISK for Table:default
2019-11-17 12:10:39,269 [main] INFO  db.DBStoreBuilder (DBStoreBuilder.java:getDbProfile(220)) - Using default options. DBProfile.DISK
2019-11-17 12:10:39,545 [main] INFO  net.NodeSchemaLoader (NodeSchemaLoader.java:loadSchemaFromFile(125)) - Loading file from sun.misc.CompoundEnumeration@5e0e82ae
2019-11-17 12:10:39,547 [main] INFO  net.NodeSchemaLoader (NodeSchemaLoader.java:loadSchema(171)) - Loading network topology layer schema file
2019-11-17 12:10:39,607 [main] INFO  node.SCMNodeManager (SCMNodeManager.java:<init>(116)) - Entering startup safe mode.
2019-11-17 12:10:39,671 [main] INFO  algorithms.ContainerPlacementPolicyFactory (ContainerPlacementPolicyFactory.java:getPolicy(57)) - Create container placement policy of type org.apache.hadoop.hdds.scm.container.placement.algorithms.SCMContainerPlacementRandom
2019-11-17 12:10:39,687 [main] WARN  server.ServerUtils (ServerUtils.java:getScmDbDir(145)) - ozone.scm.db.dirs is not configured. We recommend adding this setting. Falling back to ozone.metadata.dirs instead.
2019-11-17 12:10:39,803 [main] INFO  pipeline.SCMPipelineManager (SCMPipelineManager.java:initializePipelineState(132)) - No pipeline exists in current db
2019-11-17 12:10:39,806 [main] WARN  server.ServerUtils (ServerUtils.java:getScmDbDir(145)) - ozone.scm.db.dirs is not configured. We recommend adding this setting. Falling back to ozone.metadata.dirs instead.
2019-11-17 12:10:39,907 [main] WARN  events.EventQueue (EventQueue.java:fireEvent(183)) - No event handler registered for event TypedEvent{payloadType=SafeModeStatus, name='SafeModeStatus'}
2019-11-17 12:10:40,255 [main] INFO  ipc.CallQueueManager (CallQueueManager.java:<init>(84)) - Using callQueue: class java.util.concurrent.LinkedBlockingQueue, queueCapacity: 2000, scheduler: class org.apache.hadoop.ipc.DefaultRpcScheduler, ipcBackoff: false.
2019-11-17 12:10:40,280 [Socket Reader #1 for port 38455] INFO  ipc.Server (Server.java:run(1074)) - Starting Socket Reader #1 for port 38455
2019-11-17 12:10:40,419 [main] INFO  ipc.CallQueueManager (CallQueueManager.java:<init>(84)) - Using callQueue: class java.util.concurrent.LinkedBlockingQueue, queueCapacity: 2000, scheduler: class org.apache.hadoop.ipc.DefaultRpcScheduler, ipcBackoff: false.
2019-11-17 12:10:40,421 [Socket Reader #1 for port 35055] INFO  ipc.Server (Server.java:run(1074)) - Starting Socket Reader #1 for port 35055
2019-11-17 12:10:40,431 [main] INFO  ipc.CallQueueManager (CallQueueManager.java:<init>(84)) - Using callQueue: class java.util.concurrent.LinkedBlockingQueue, queueCapacity: 2000, scheduler: class org.apache.hadoop.ipc.DefaultRpcScheduler, ipcBackoff: false.
2019-11-17 12:10:40,432 [Socket Reader #1 for port 40520] INFO  ipc.Server (Server.java:run(1074)) - Starting Socket Reader #1 for port 40520
2019-11-17 12:10:40,460 [main] INFO  hdfs.DFSUtil (DFSUtil.java:httpServerTemplateForNNAndJN(1641)) - Starting Web-server for scm at: http://0.0.0.0:0
2019-11-17 12:10:40,576 [main] INFO  server.AuthenticationFilter (AuthenticationFilter.java:constructSecretProvider(240)) - Unable to initialize FileSignerSecretProvider, falling back to use random secrets.
2019-11-17 12:10:40,592 [main] WARN  http.HttpRequestLog (HttpRequestLog.java:getRequestLog(97)) - Jetty request log can only be enabled using Log4j
2019-11-17 12:10:40,600 [main] INFO  http.HttpServer2 (HttpServer2.java:addGlobalFilter(975)) - Added global filter 'safety' (class=org.apache.hadoop.http.HttpServer2$QuotingInputFilter)
2019-11-17 12:10:40,603 [main] INFO  http.HttpServer2 (HttpServer2.java:addFilter(948)) - Added filter static_user_filter (class=org.apache.hadoop.http.lib.StaticUserWebFilter$StaticUserFilter) to context scm
2019-11-17 12:10:40,603 [main] INFO  http.HttpServer2 (HttpServer2.java:addFilter(958)) - Added filter static_user_filter (class=org.apache.hadoop.http.lib.StaticUserWebFilter$StaticUserFilter) to context static
2019-11-17 12:10:40,604 [main] INFO  http.HttpServer2 (HttpServer2.java:addFilter(958)) - Added filter static_user_filter (class=org.apache.hadoop.http.lib.StaticUserWebFilter$StaticUserFilter) to context logs
2019-11-17 12:10:40,632 [main] INFO  server.StorageContainerManager (StorageContainerManager.java:start(766)) - StorageContainerLocationProtocol RPC server is listening at /0.0.0.0:40520
2019-11-17 12:10:40,682 [main] WARN  impl.MetricsConfig (MetricsConfig.java:loadFirst(134)) - Cannot locate configuration: tried hadoop-metrics2-storagecontainermanager.properties,hadoop-metrics2.properties
2019-11-17 12:10:40,695 [main] INFO  impl.MetricsSystemImpl (MetricsSystemImpl.java:startTimer(374)) - Scheduled Metric snapshot period at 10 second(s).
2019-11-17 12:10:40,695 [main] INFO  impl.MetricsSystemImpl (MetricsSystemImpl.java:start(191)) - StorageContainerManager metrics system started
2019-11-17 12:10:40,948 [main] INFO  server.SCMClientProtocolServer (SCMClientProtocolServer.java:start(160)) - RPC server for Client  is listening at /0.0.0.0:40520
2019-11-17 12:10:40,949 [IPC Server Responder] INFO  ipc.Server (Server.java:run(1314)) - IPC Server Responder: starting
2019-11-17 12:10:40,949 [IPC Server listener on 40520] INFO  ipc.Server (Server.java:run(1153)) - IPC Server listener on 40520: starting
2019-11-17 12:10:40,952 [main] INFO  server.StorageContainerManager (StorageContainerManager.java:start(776)) - ScmBlockLocationProtocol RPC server is listening at /0.0.0.0:35055
2019-11-17 12:10:40,953 [main] INFO  server.SCMBlockProtocolServer (SCMBlockProtocolServer.java:start(146)) - RPC server for Block Protocol is listening at /0.0.0.0:35055
2019-11-17 12:10:40,954 [IPC Server Responder] INFO  ipc.Server (Server.java:run(1314)) - IPC Server Responder: starting
2019-11-17 12:10:40,954 [IPC Server listener on 35055] INFO  ipc.Server (Server.java:run(1153)) - IPC Server listener on 35055: starting
2019-11-17 12:10:40,960 [main] INFO  server.StorageContainerManager (StorageContainerManager.java:start(780)) - ScmDatanodeProtocl RPC server is listening at /0.0.0.0:38455
2019-11-17 12:10:40,961 [main] INFO  server.SCMDatanodeProtocolServer (SCMDatanodeProtocolServer.java:start(169)) - RPC server for DataNodes is listening at /0.0.0.0:38455
2019-11-17 12:10:40,962 [IPC Server Responder] INFO  ipc.Server (Server.java:run(1314)) - IPC Server Responder: starting
2019-11-17 12:10:40,962 [IPC Server listener on 38455] INFO  ipc.Server (Server.java:run(1153)) - IPC Server listener on 38455: starting
2019-11-17 12:10:40,966 [main] INFO  http.HttpServer2 (HttpServer2.java:bindListener(1191)) - Jetty bound to port 38905
2019-11-17 12:10:40,967 [main] INFO  server.Server (Server.java:doStart(351)) - jetty-9.3.25.v20180904, build timestamp: 2018-09-04T21:11:46Z, git hash: 3ce520221d0240229c862b122d2b06c12a625732
2019-11-17 12:10:41,011 [main] INFO  handler.ContextHandler (ContextHandler.java:doStart(781)) - Started o.e.j.s.ServletContextHandler@56e8b606{/logs,file:///workdir/hadoop-ozone/tools/target/log,AVAILABLE}
2019-11-17 12:10:41,012 [main] INFO  handler.ContextHandler (ContextHandler.java:doStart(781)) - Started o.e.j.s.ServletContextHandler@40dff0b7{/static,jar:file:/home/user/.m2/repository/org/apache/hadoop/hadoop-hdds-server-scm/0.5.0-SNAPSHOT/hadoop-hdds-server-scm-0.5.0-SNAPSHOT.jar!/webapps/static,AVAILABLE}
2019-11-17 12:10:41,089 [main] INFO  handler.ContextHandler (ContextHandler.java:doStart(781)) - Started o.e.j.w.WebAppContext@5aceec94{/,file:///tmp/jetty-0.0.0.0-38905-scm-_-any-8560355635335545236.dir/webapp/,AVAILABLE}{/scm}
2019-11-17 12:10:41,093 [main] INFO  server.AbstractConnector (AbstractConnector.java:doStart(278)) - Started ServerConnector@733c423e{HTTP/1.1,[http/1.1]}{0.0.0.0:38905}
2019-11-17 12:10:41,094 [main] INFO  server.Server (Server.java:doStart(419)) - Started @2932ms
2019-11-17 12:10:41,096 [main] INFO  impl.MetricsSinkAdapter (MetricsSinkAdapter.java:start(204)) - Sink prometheus started
2019-11-17 12:10:41,096 [main] INFO  impl.MetricsSystemImpl (MetricsSystemImpl.java:registerSink(301)) - Registered sink prometheus
2019-11-17 12:10:41,098 [main] INFO  server.BaseHttpServer (BaseHttpServer.java:updateConnectorAddress(215)) - HTTP server of SCM is listening at http://0.0.0.0:38905
2019-11-17 12:10:41,108 [org.apache.hadoop.util.JvmPauseMonitor$Monitor@1b5bc39d] INFO  util.JvmPauseMonitor (JvmPauseMonitor.java:run(188)) - Starting JVM pause monitor
2019-11-17 12:10:41,114 [main] WARN  server.ServerUtils (ServerUtils.java:getDBPath(222)) - ozone.om.db.dirs is not configured. We recommend adding this setting. Falling back to ozone.metadata.dirs instead.
2019-11-17 12:10:41,229 [main] INFO  ha.OMHANodeDetails (OMHANodeDetails.java:loadOMHAConfig(190)) - Configuration either no ozone.om.address set. Falling back to the default OM address /127.0.0.1:0
2019-11-17 12:10:41,230 [main] INFO  ha.OMHANodeDetails (OMHANodeDetails.java:getOMNodeDetails(220)) - OM Service ID is not set. Setting it to the default ID: omServiceIdDefault
2019-11-17 12:10:41,231 [main] WARN  server.ServerUtils (ServerUtils.java:getDBPath(222)) - ozone.om.db.dirs is not configured. We recommend adding this setting. Falling back to ozone.metadata.dirs instead.
2019-11-17 12:10:41,232 [main] WARN  server.ServerUtils (ServerUtils.java:getDBPath(222)) - ozone.om.db.dirs is not configured. We recommend adding this setting. Falling back to ozone.metadata.dirs instead.
2019-11-17 12:10:41,841 [main] WARN  server.ServerUtils (ServerUtils.java:getDBPath(222)) - ozone.om.db.dirs is not configured. We recommend adding this setting. Falling back to ozone.metadata.dirs instead.
2019-11-17 12:10:41,850 [main] INFO  db.DBStoreBuilder (DBStoreBuilder.java:addTable(127)) - using custom profile for table: userTable
2019-11-17 12:10:41,850 [main] INFO  db.DBStoreBuilder (DBStoreBuilder.java:processTables(183)) - Using default column profile:DBProfile.DISK for Table:userTable
2019-11-17 12:10:41,851 [main] INFO  db.DBStoreBuilder (DBStoreBuilder.java:addTable(127)) - using custom profile for table: volumeTable
2019-11-17 12:10:41,851 [main] INFO  db.DBStoreBuilder (DBStoreBuilder.java:processTables(183)) - Using default column profile:DBProfile.DISK for Table:volumeTable
2019-11-17 12:10:41,851 [main] INFO  db.DBStoreBuilder (DBStoreBuilder.java:addTable(127)) - using custom profile for table: bucketTable
2019-11-17 12:10:41,851 [main] INFO  db.DBStoreBuilder (DBStoreBuilder.java:processTables(183)) - Using default column profile:DBProfile.DISK for Table:bucketTable
2019-11-17 12:10:41,851 [main] INFO  db.DBStoreBuilder (DBStoreBuilder.java:addTable(127)) - using custom profile for table: keyTable
2019-11-17 12:10:41,852 [main] INFO  db.DBStoreBuilder (DBStoreBuilder.java:processTables(183)) - Using default column profile:DBProfile.DISK for Table:keyTable
2019-11-17 12:10:41,852 [main] INFO  db.DBStoreBuilder (DBStoreBuilder.java:addTable(127)) - using custom profile for table: deletedTable
2019-11-17 12:10:41,852 [main] INFO  db.DBStoreBuilder (DBStoreBuilder.java:processTables(183)) - Using default column profile:DBProfile.DISK for Table:deletedTable
2019-11-17 12:10:41,852 [main] INFO  db.DBStoreBuilder (DBStoreBuilder.java:addTable(127)) - using custom profile for table: openKeyTable
2019-11-17 12:10:41,853 [main] INFO  db.DBStoreBuilder (DBStoreBuilder.java:processTables(183)) - Using default column profile:DBProfile.DISK for Table:openKeyTable
2019-11-17 12:10:41,853 [main] INFO  db.DBStoreBuilder (DBStoreBuilder.java:addTable(127)) - using custom profile for table: s3Table
2019-11-17 12:10:41,853 [main] INFO  db.DBStoreBuilder (DBStoreBuilder.java:processTables(183)) - Using default column profile:DBProfile.DISK for Table:s3Table
2019-11-17 12:10:41,853 [main] INFO  db.DBStoreBuilder (DBStoreBuilder.java:addTable(127)) - using custom profile for table: multipartInfoTable
2019-11-17 12:10:41,854 [main] INFO  db.DBStoreBuilder (DBStoreBuilder.java:processTables(183)) - Using default column profile:DBProfile.DISK for Table:multipartInfoTable
2019-11-17 12:10:41,854 [main] INFO  db.DBStoreBuilder (DBStoreBuilder.java:addTable(127)) - using custom profile for table: dTokenTable
2019-11-17 12:10:41,854 [main] INFO  db.DBStoreBuilder (DBStoreBuilder.java:processTables(183)) - Using default column profile:DBProfile.DISK for Table:dTokenTable
2019-11-17 12:10:41,854 [main] INFO  db.DBStoreBuilder (DBStoreBuilder.java:addTable(127)) - using custom profile for table: s3SecretTable
2019-11-17 12:10:41,855 [main] INFO  db.DBStoreBuilder (DBStoreBuilder.java:processTables(183)) - Using default column profile:DBProfile.DISK for Table:s3SecretTable
2019-11-17 12:10:41,855 [main] INFO  db.DBStoreBuilder (DBStoreBuilder.java:addTable(127)) - using custom profile for table: prefixTable
2019-11-17 12:10:41,855 [main] INFO  db.DBStoreBuilder (DBStoreBuilder.java:processTables(183)) - Using default column profile:DBProfile.DISK for Table:prefixTable
2019-11-17 12:10:41,855 [main] INFO  db.DBStoreBuilder (DBStoreBuilder.java:addTable(127)) - using custom profile for table: default
2019-11-17 12:10:41,856 [main] INFO  db.DBStoreBuilder (DBStoreBuilder.java:processTables(189)) - Using default column profile:DBProfile.DISK for Table:default
2019-11-17 12:10:41,856 [main] INFO  db.DBStoreBuilder (DBStoreBuilder.java:getDbProfile(220)) - Using default options. DBProfile.DISK
2019-11-17 12:10:42,336 [main] INFO  ipc.CallQueueManager (CallQueueManager.java:<init>(84)) - Using callQueue: class java.util.concurrent.LinkedBlockingQueue, queueCapacity: 2000, scheduler: class org.apache.hadoop.ipc.DefaultRpcScheduler, ipcBackoff: false.
2019-11-17 12:10:42,338 [Socket Reader #1 for port 33043] INFO  ipc.Server (Server.java:run(1074)) - Starting Socket Reader #1 for port 33043
2019-11-17 12:10:42,362 [main] INFO  om.OzoneManager (OzoneManager.java:start(1077)) - OzoneManager RPC server is listening at localhost/127.0.0.1:33043
2019-11-17 12:10:42,362 [main] INFO  impl.MetricsSystemImpl (MetricsSystemImpl.java:init(158)) - OzoneManager metrics system started (again)
2019-11-17 12:10:42,371 [IPC Server Responder] INFO  ipc.Server (Server.java:run(1314)) - IPC Server Responder: starting
2019-11-17 12:10:42,371 [IPC Server listener on 33043] INFO  ipc.Server (Server.java:run(1153)) - IPC Server listener on 33043: starting
2019-11-17 12:10:42,378 [main] INFO  hdfs.DFSUtil (DFSUtil.java:httpServerTemplateForNNAndJN(1641)) - Starting Web-server for ozoneManager at: http://0.0.0.0:0
2019-11-17 12:10:42,379 [main] INFO  server.AuthenticationFilter (AuthenticationFilter.java:constructSecretProvider(240)) - Unable to initialize FileSignerSecretProvider, falling back to use random secrets.
2019-11-17 12:10:42,380 [main] WARN  http.HttpRequestLog (HttpRequestLog.java:getRequestLog(97)) - Jetty request log can only be enabled using Log4j
2019-11-17 12:10:42,381 [main] INFO  http.HttpServer2 (HttpServer2.java:addGlobalFilter(975)) - Added global filter 'safety' (class=org.apache.hadoop.http.HttpServer2$QuotingInputFilter)
2019-11-17 12:10:42,382 [main] INFO  http.HttpServer2 (HttpServer2.java:addFilter(948)) - Added filter static_user_filter (class=org.apache.hadoop.http.lib.StaticUserWebFilter$StaticUserFilter) to context ozoneManager
2019-11-17 12:10:42,382 [main] INFO  http.HttpServer2 (HttpServer2.java:addFilter(958)) - Added filter static_user_filter (class=org.apache.hadoop.http.lib.StaticUserWebFilter$StaticUserFilter) to context static
2019-11-17 12:10:42,383 [main] INFO  http.HttpServer2 (HttpServer2.java:addFilter(958)) - Added filter static_user_filter (class=org.apache.hadoop.http.lib.StaticUserWebFilter$StaticUserFilter) to context logs
2019-11-17 12:10:42,385 [main] INFO  http.HttpServer2 (HttpServer2.java:bindListener(1191)) - Jetty bound to port 43590
2019-11-17 12:10:42,385 [main] INFO  server.Server (Server.java:doStart(351)) - jetty-9.3.25.v20180904, build timestamp: 2018-09-04T21:11:46Z, git hash: 3ce520221d0240229c862b122d2b06c12a625732
2019-11-17 12:10:42,387 [main] INFO  handler.ContextHandler (ContextHandler.java:doStart(781)) - Started o.e.j.s.ServletContextHandler@340b7ef6{/logs,file:///workdir/hadoop-ozone/tools/target/log,AVAILABLE}
2019-11-17 12:10:42,388 [main] INFO  handler.ContextHandler (ContextHandler.java:doStart(781)) - Started o.e.j.s.ServletContextHandler@6050462a{/static,jar:file:/home/user/.m2/repository/org/apache/hadoop/hadoop-ozone-ozone-manager/0.5.0-SNAPSHOT/hadoop-ozone-ozone-manager-0.5.0-SNAPSHOT.jar!/webapps/static,AVAILABLE}
2019-11-17 12:10:42,444 [main] INFO  handler.ContextHandler (ContextHandler.java:doStart(781)) - Started o.e.j.w.WebAppContext@425d5d46{/,file:///tmp/jetty-0.0.0.0-43590-ozoneManager-_-any-6522376951132936633.dir/webapp/,AVAILABLE}{/ozoneManager}
2019-11-17 12:10:42,444 [main] INFO  server.AbstractConnector (AbstractConnector.java:doStart(278)) - Started ServerConnector@198ef2ce{HTTP/1.1,[http/1.1]}{0.0.0.0:43590}
2019-11-17 12:10:42,445 [main] INFO  server.Server (Server.java:doStart(419)) - Started @4284ms
2019-11-17 12:10:42,445 [main] WARN  impl.MetricsSystemImpl (MetricsSystemImpl.java:register(276)) - Sink prometheus already exists!
2019-11-17 12:10:42,447 [main] INFO  server.BaseHttpServer (BaseHttpServer.java:updateConnectorAddress(215)) - HTTP server of OZONEMANAGER is listening at http://0.0.0.0:43590
2019-11-17 12:10:42,703 [main] INFO  impl.MetricsSystemImpl (MetricsSystemImpl.java:init(158)) - HddsDatanode metrics system started (again)
2019-11-17 12:10:42,750 [main] INFO  ozone.HddsDatanodeService (HddsDatanodeService.java:start(186)) - HddsDatanodeService host:pr-hdds-2291-5997d-4279494527 ip:192.168.34.35
2019-11-17 12:10:42,786 [main] INFO  volume.HddsVolume (HddsVolume.java:<init>(176)) - Creating Volume: /workdir/hadoop-ozone/tools/target/test-dir/MiniOzoneClusterImpl-001153d4-cfdc-40b4-815d-d1451a38a209/datanode-0/data/containers/hdds of  storage type : DISK and capacity : 1482555576320
2019-11-17 12:10:42,788 [main] INFO  volume.VolumeSet (VolumeSet.java:initializeVolumeSet(170)) - Added Volume : /workdir/hadoop-ozone/tools/target/test-dir/MiniOzoneClusterImpl-001153d4-cfdc-40b4-815d-d1451a38a209/datanode-0/data/containers/hdds to VolumeSet
2019-11-17 12:10:42,791 [main] INFO  volume.ThrottledAsyncChecker (ThrottledAsyncChecker.java:schedule(141)) - Scheduling a check for /workdir/hadoop-ozone/tools/target/test-dir/MiniOzoneClusterImpl-001153d4-cfdc-40b4-815d-d1451a38a209/datanode-0/data/containers/hdds
2019-11-17 12:10:42,807 [main] INFO  volume.HddsVolumeChecker (HddsVolumeChecker.java:checkAllVolumes(204)) - Scheduled health check for volume /workdir/hadoop-ozone/tools/target/test-dir/MiniOzoneClusterImpl-001153d4-cfdc-40b4-815d-d1451a38a209/datanode-0/data/containers/hdds
2019-11-17 12:10:42,913 [main] INFO  impl.RaftServerProxy (ConfUtils.java:logGet(43)) - raft.rpc.type = GRPC (default)
2019-11-17 12:10:42,972 [main] INFO  grpc.GrpcFactory (GrpcFactory.java:checkPooledByteBufAllocatorUseCacheForAllThreads(45)) - PERFORMANCE WARNING: useCacheForAllThreads is true that may cause Netty to create a lot garbage objects and, as a result, trigger GC.
	It is recommended to disable useCacheForAllThreads by setting -Dorg.apache.ratis.thirdparty.io.netty.allocator.useCacheForAllThreads=false in command line.
2019-11-17 12:10:42,977 [main] INFO  grpc.GrpcConfigKeys$Server (ConfUtils.java:logGet(43)) - raft.grpc.server.port = 0 (default)
2019-11-17 12:10:42,978 [main] INFO  server.GrpcService (ConfUtils.java:logGet(43)) - raft.grpc.message.size.max = 33570816 (custom)
2019-11-17 12:10:42,979 [main] INFO  server.RaftServerConfigKeys (ConfUtils.java:logGet(43)) - raft.server.log.appender.buffer.byte-limit = 33554432 (custom)
2019-11-17 12:10:42,980 [main] INFO  server.GrpcService (ConfUtils.java:logGet(43)) - raft.grpc.flow.control.window = 1MB (=1048576) (default)
2019-11-17 12:10:42,981 [main] INFO  server.RaftServerConfigKeys (ConfUtils.java:logGet(43)) - raft.server.rpc.request.timeout = 3000ms (default)
2019-11-17 12:10:43,140 [main] INFO  server.RaftServerConfigKeys (ConfUtils.java:logGet(43)) - raft.server.storage.dir = [/workdir/hadoop-ozone/tools/target/test-dir/MiniOzoneClusterImpl-001153d4-cfdc-40b4-815d-d1451a38a209/datanode-0/data/ratis] (custom)
2019-11-17 12:10:43,193 [main] INFO  hdfs.DFSUtil (DFSUtil.java:httpServerTemplateForNNAndJN(1641)) - Starting Web-server for hddsDatanode at: http://0.0.0.0:0
2019-11-17 12:10:43,195 [main] INFO  server.AuthenticationFilter (AuthenticationFilter.java:constructSecretProvider(240)) - Unable to initialize FileSignerSecretProvider, falling back to use random secrets.
2019-11-17 12:10:43,195 [main] WARN  http.HttpRequestLog (HttpRequestLog.java:getRequestLog(97)) - Jetty request log can only be enabled using Log4j
2019-11-17 12:10:43,197 [main] INFO  http.HttpServer2 (HttpServer2.java:addGlobalFilter(975)) - Added global filter 'safety' (class=org.apache.hadoop.http.HttpServer2$QuotingInputFilter)
2019-11-17 12:10:43,198 [main] INFO  http.HttpServer2 (HttpServer2.java:addFilter(948)) - Added filter static_user_filter (class=org.apache.hadoop.http.lib.StaticUserWebFilter$StaticUserFilter) to context hddsDatanode
2019-11-17 12:10:43,198 [main] INFO  http.HttpServer2 (HttpServer2.java:addFilter(958)) - Added filter static_user_filter (class=org.apache.hadoop.http.lib.StaticUserWebFilter$StaticUserFilter) to context logs
2019-11-17 12:10:43,198 [main] INFO  http.HttpServer2 (HttpServer2.java:addFilter(958)) - Added filter static_user_filter (class=org.apache.hadoop.http.lib.StaticUserWebFilter$StaticUserFilter) to context static
2019-11-17 12:10:43,199 [main] INFO  http.HttpServer2 (HttpServer2.java:bindListener(1191)) - Jetty bound to port 46279
2019-11-17 12:10:43,199 [main] INFO  server.Server (Server.java:doStart(351)) - jetty-9.3.25.v20180904, build timestamp: 2018-09-04T21:11:46Z, git hash: 3ce520221d0240229c862b122d2b06c12a625732
2019-11-17 12:10:43,202 [main] INFO  handler.ContextHandler (ContextHandler.java:doStart(781)) - Started o.e.j.s.ServletContextHandler@5300cac{/logs,file:///workdir/hadoop-ozone/tools/target/log,AVAILABLE}
2019-11-17 12:10:43,202 [main] INFO  handler.ContextHandler (ContextHandler.java:doStart(781)) - Started o.e.j.s.ServletContextHandler@1ba359bd{/static,jar:file:/home/user/.m2/repository/org/apache/hadoop/hadoop-hdds-container-service/0.5.0-SNAPSHOT/hadoop-hdds-container-service-0.5.0-SNAPSHOT.jar!/webapps/static,AVAILABLE}
2019-11-17 12:10:43,232 [main] INFO  handler.ContextHandler (ContextHandler.java:doStart(781)) - Started o.e.j.w.WebAppContext@5bc7e78e{/,file:///tmp/jetty-0.0.0.0-46279-hddsDatanode-_-any-7332133845645043259.dir/webapp/,AVAILABLE}{/hddsDatanode}
2019-11-17 12:10:43,233 [main] INFO  server.AbstractConnector (AbstractConnector.java:doStart(278)) - Started ServerConnector@1a4d1ab7{HTTP/1.1,[http/1.1]}{0.0.0.0:46279}
2019-11-17 12:10:43,235 [main] INFO  server.Server (Server.java:doStart(419)) - Started @5073ms
2019-11-17 12:10:43,235 [main] WARN  impl.MetricsSystemImpl (MetricsSystemImpl.java:register(276)) - Sink prometheus already exists!
2019-11-17 12:10:43,237 [main] INFO  server.BaseHttpServer (BaseHttpServer.java:updateConnectorAddress(215)) - HTTP server of HDDSDATANODE is listening at http://0.0.0.0:46279
2019-11-17 12:10:43,238 [main] INFO  impl.MetricsSystemImpl (MetricsSystemImpl.java:init(158)) - HddsDatanode metrics system started (again)
2019-11-17 12:10:43,240 [main] INFO  ozone.HddsDatanodeService (HddsDatanodeService.java:start(186)) - HddsDatanodeService host:pr-hdds-2291-5997d-4279494527 ip:192.168.34.35
2019-11-17 12:10:43,244 [org.apache.hadoop.util.JvmPauseMonitor$Monitor@24a8fa2d] INFO  util.JvmPauseMonitor (JvmPauseMonitor.java:run(188)) - Starting JVM pause monitor
2019-11-17 12:10:43,253 [main] INFO  volume.HddsVolume (HddsVolume.java:<init>(176)) - Creating Volume: /workdir/hadoop-ozone/tools/target/test-dir/MiniOzoneClusterImpl-001153d4-cfdc-40b4-815d-d1451a38a209/datanode-1/data/containers/hdds of  storage type : DISK and capacity : 1482555576320
2019-11-17 12:10:43,254 [main] INFO  volume.VolumeSet (VolumeSet.java:initializeVolumeSet(170)) - Added Volume : /workdir/hadoop-ozone/tools/target/test-dir/MiniOzoneClusterImpl-001153d4-cfdc-40b4-815d-d1451a38a209/datanode-1/data/containers/hdds to VolumeSet
2019-11-17 12:10:43,255 [main] INFO  volume.ThrottledAsyncChecker (ThrottledAsyncChecker.java:schedule(141)) - Scheduling a check for /workdir/hadoop-ozone/tools/target/test-dir/MiniOzoneClusterImpl-001153d4-cfdc-40b4-815d-d1451a38a209/datanode-1/data/containers/hdds
2019-11-17 12:10:43,258 [main] INFO  volume.HddsVolumeChecker (HddsVolumeChecker.java:checkAllVolumes(204)) - Scheduled health check for volume /workdir/hadoop-ozone/tools/target/test-dir/MiniOzoneClusterImpl-001153d4-cfdc-40b4-815d-d1451a38a209/datanode-1/data/containers/hdds
2019-11-17 12:10:43,275 [main] INFO  impl.RaftServerProxy (ConfUtils.java:logGet(43)) - raft.rpc.type = GRPC (default)
2019-11-17 12:10:43,275 [main] INFO  grpc.GrpcFactory (GrpcFactory.java:checkPooledByteBufAllocatorUseCacheForAllThreads(45)) - PERFORMANCE WARNING: useCacheForAllThreads is true that may cause Netty to create a lot garbage objects and, as a result, trigger GC.
	It is recommended to disable useCacheForAllThreads by setting -Dorg.apache.ratis.thirdparty.io.netty.allocator.useCacheForAllThreads=false in command line.
2019-11-17 12:10:43,276 [main] INFO  grpc.GrpcConfigKeys$Server (ConfUtils.java:logGet(43)) - raft.grpc.server.port = 0 (default)
2019-11-17 12:10:43,276 [main] INFO  server.GrpcService (ConfUtils.java:logGet(43)) - raft.grpc.message.size.max = 33570816 (custom)
2019-11-17 12:10:43,276 [main] INFO  server.RaftServerConfigKeys (ConfUtils.java:logGet(43)) - raft.server.log.appender.buffer.byte-limit = 33554432 (custom)
2019-11-17 12:10:43,277 [main] INFO  server.GrpcService (ConfUtils.java:logGet(43)) - raft.grpc.flow.control.window = 1MB (=1048576) (default)
2019-11-17 12:10:43,277 [main] INFO  server.RaftServerConfigKeys (ConfUtils.java:logGet(43)) - raft.server.rpc.request.timeout = 3000ms (default)
2019-11-17 12:10:43,278 [main] INFO  server.RaftServerConfigKeys (ConfUtils.java:logGet(43)) - raft.server.storage.dir = [/workdir/hadoop-ozone/tools/target/test-dir/MiniOzoneClusterImpl-001153d4-cfdc-40b4-815d-d1451a38a209/datanode-1/data/ratis] (custom)
2019-11-17 12:10:43,280 [main] INFO  hdfs.DFSUtil (DFSUtil.java:httpServerTemplateForNNAndJN(1641)) - Starting Web-server for hddsDatanode at: http://0.0.0.0:0
2019-11-17 12:10:43,282 [main] INFO  server.AuthenticationFilter (AuthenticationFilter.java:constructSecretProvider(240)) - Unable to initialize FileSignerSecretProvider, falling back to use random secrets.
2019-11-17 12:10:43,282 [main] WARN  http.HttpRequestLog (HttpRequestLog.java:getRequestLog(97)) - Jetty request log can only be enabled using Log4j
2019-11-17 12:10:43,284 [main] INFO  http.HttpServer2 (HttpServer2.java:addGlobalFilter(975)) - Added global filter 'safety' (class=org.apache.hadoop.http.HttpServer2$QuotingInputFilter)
2019-11-17 12:10:43,285 [main] INFO  http.HttpServer2 (HttpServer2.java:addFilter(948)) - Added filter static_user_filter (class=org.apache.hadoop.http.lib.StaticUserWebFilter$StaticUserFilter) to context hddsDatanode
2019-11-17 12:10:43,285 [main] INFO  http.HttpServer2 (HttpServer2.java:addFilter(958)) - Added filter static_user_filter (class=org.apache.hadoop.http.lib.StaticUserWebFilter$StaticUserFilter) to context static
2019-11-17 12:10:43,285 [main] INFO  http.HttpServer2 (HttpServer2.java:addFilter(958)) - Added filter static_user_filter (class=org.apache.hadoop.http.lib.StaticUserWebFilter$StaticUserFilter) to context logs
2019-11-17 12:10:43,286 [main] INFO  http.HttpServer2 (HttpServer2.java:bindListener(1191)) - Jetty bound to port 45694
2019-11-17 12:10:43,286 [main] INFO  server.Server (Server.java:doStart(351)) - jetty-9.3.25.v20180904, build timestamp: 2018-09-04T21:11:46Z, git hash: 3ce520221d0240229c862b122d2b06c12a625732
2019-11-17 12:10:43,291 [main] INFO  handler.ContextHandler (ContextHandler.java:doStart(781)) - Started o.e.j.s.ServletContextHandler@4beaf6bd{/logs,file:///workdir/hadoop-ozone/tools/target/log,AVAILABLE}
2019-11-17 12:10:43,291 [main] INFO  handler.ContextHandler (ContextHandler.java:doStart(781)) - Started o.e.j.s.ServletContextHandler@60325987{/static,jar:file:/home/user/.m2/repository/org/apache/hadoop/hadoop-hdds-container-service/0.5.0-SNAPSHOT/hadoop-hdds-container-service-0.5.0-SNAPSHOT.jar!/webapps/static,AVAILABLE}
2019-11-17 12:10:43,328 [main] INFO  handler.ContextHandler (ContextHandler.java:doStart(781)) - Started o.e.j.w.WebAppContext@23b8d9f3{/,file:///tmp/jetty-0.0.0.0-45694-hddsDatanode-_-any-1743460857418817662.dir/webapp/,AVAILABLE}{/hddsDatanode}
2019-11-17 12:10:43,330 [main] INFO  server.AbstractConnector (AbstractConnector.java:doStart(278)) - Started ServerConnector@7f353d99{HTTP/1.1,[http/1.1]}{0.0.0.0:45694}
2019-11-17 12:10:43,330 [main] INFO  server.Server (Server.java:doStart(419)) - Started @5169ms
2019-11-17 12:10:43,330 [main] WARN  impl.MetricsSystemImpl (MetricsSystemImpl.java:register(276)) - Sink prometheus already exists!
2019-11-17 12:10:43,332 [main] INFO  server.BaseHttpServer (BaseHttpServer.java:updateConnectorAddress(215)) - HTTP server of HDDSDATANODE is listening at http://0.0.0.0:45694
2019-11-17 12:10:43,332 [main] INFO  impl.MetricsSystemImpl (MetricsSystemImpl.java:init(158)) - HddsDatanode metrics system started (again)
2019-11-17 12:10:43,335 [main] INFO  ozone.HddsDatanodeService (HddsDatanodeService.java:start(186)) - HddsDatanodeService host:pr-hdds-2291-5997d-4279494527 ip:192.168.34.35
2019-11-17 12:10:43,335 [org.apache.hadoop.util.JvmPauseMonitor$Monitor@1ce3403] INFO  util.JvmPauseMonitor (JvmPauseMonitor.java:run(188)) - Starting JVM pause monitor
2019-11-17 12:10:43,344 [main] INFO  volume.HddsVolume (HddsVolume.java:<init>(176)) - Creating Volume: /workdir/hadoop-ozone/tools/target/test-dir/MiniOzoneClusterImpl-001153d4-cfdc-40b4-815d-d1451a38a209/datanode-2/data/containers/hdds of  storage type : DISK and capacity : 1482555576320
2019-11-17 12:10:43,345 [main] INFO  volume.VolumeSet (VolumeSet.java:initializeVolumeSet(170)) - Added Volume : /workdir/hadoop-ozone/tools/target/test-dir/MiniOzoneClusterImpl-001153d4-cfdc-40b4-815d-d1451a38a209/datanode-2/data/containers/hdds to VolumeSet
2019-11-17 12:10:43,345 [main] INFO  volume.ThrottledAsyncChecker (ThrottledAsyncChecker.java:schedule(141)) - Scheduling a check for /workdir/hadoop-ozone/tools/target/test-dir/MiniOzoneClusterImpl-001153d4-cfdc-40b4-815d-d1451a38a209/datanode-2/data/containers/hdds
2019-11-17 12:10:43,345 [main] INFO  volume.HddsVolumeChecker (HddsVolumeChecker.java:checkAllVolumes(204)) - Scheduled health check for volume /workdir/hadoop-ozone/tools/target/test-dir/MiniOzoneClusterImpl-001153d4-cfdc-40b4-815d-d1451a38a209/datanode-2/data/containers/hdds
2019-11-17 12:10:43,354 [Datanode State Machine Thread - 0] INFO  datanode.InitDatanodeState (InitDatanodeState.java:persistContainerDatanodeDetails(140)) - DatanodeDetails is persisted to /workdir/hadoop-ozone/tools/target/test-dir/MiniOzoneClusterImpl-001153d4-cfdc-40b4-815d-d1451a38a209/datanode-0/meta/datanode.id
2019-11-17 12:10:43,357 [Datanode State Machine Thread - 0] INFO  datanode.InitDatanodeState (InitDatanodeState.java:persistContainerDatanodeDetails(140)) - DatanodeDetails is persisted to /workdir/hadoop-ozone/tools/target/test-dir/MiniOzoneClusterImpl-001153d4-cfdc-40b4-815d-d1451a38a209/datanode-1/meta/datanode.id
2019-11-17 12:10:43,362 [main] INFO  impl.RaftServerProxy (ConfUtils.java:logGet(43)) - raft.rpc.type = GRPC (default)
2019-11-17 12:10:43,362 [main] INFO  grpc.GrpcFactory (GrpcFactory.java:checkPooledByteBufAllocatorUseCacheForAllThreads(45)) - PERFORMANCE WARNING: useCacheForAllThreads is true that may cause Netty to create a lot garbage objects and, as a result, trigger GC.
	It is recommended to disable useCacheForAllThreads by setting -Dorg.apache.ratis.thirdparty.io.netty.allocator.useCacheForAllThreads=false in command line.
2019-11-17 12:10:43,362 [main] INFO  grpc.GrpcConfigKeys$Server (ConfUtils.java:logGet(43)) - raft.grpc.server.port = 0 (default)
2019-11-17 12:10:43,362 [main] INFO  server.GrpcService (ConfUtils.java:logGet(43)) - raft.grpc.message.size.max = 33570816 (custom)
2019-11-17 12:10:43,362 [main] INFO  server.RaftServerConfigKeys (ConfUtils.java:logGet(43)) - raft.server.log.appender.buffer.byte-limit = 33554432 (custom)
2019-11-17 12:10:43,363 [main] INFO  server.GrpcService (ConfUtils.java:logGet(43)) - raft.grpc.flow.control.window = 1MB (=1048576) (default)
2019-11-17 12:10:43,363 [main] INFO  server.RaftServerConfigKeys (ConfUtils.java:logGet(43)) - raft.server.rpc.request.timeout = 3000ms (default)
2019-11-17 12:10:43,363 [main] INFO  server.RaftServerConfigKeys (ConfUtils.java:logGet(43)) - raft.server.storage.dir = [/workdir/hadoop-ozone/tools/target/test-dir/MiniOzoneClusterImpl-001153d4-cfdc-40b4-815d-d1451a38a209/datanode-2/data/ratis] (custom)
2019-11-17 12:10:43,366 [main] INFO  hdfs.DFSUtil (DFSUtil.java:httpServerTemplateForNNAndJN(1641)) - Starting Web-server for hddsDatanode at: http://0.0.0.0:0
2019-11-17 12:10:43,367 [main] INFO  server.AuthenticationFilter (AuthenticationFilter.java:constructSecretProvider(240)) - Unable to initialize FileSignerSecretProvider, falling back to use random secrets.
2019-11-17 12:10:43,368 [main] WARN  http.HttpRequestLog (HttpRequestLog.java:getRequestLog(97)) - Jetty request log can only be enabled using Log4j
2019-11-17 12:10:43,369 [main] INFO  http.HttpServer2 (HttpServer2.java:addGlobalFilter(975)) - Added global filter 'safety' (class=org.apache.hadoop.http.HttpServer2$QuotingInputFilter)
2019-11-17 12:10:43,370 [main] INFO  http.HttpServer2 (HttpServer2.java:addFilter(948)) - Added filter static_user_filter (class=org.apache.hadoop.http.lib.StaticUserWebFilter$StaticUserFilter) to context hddsDatanode
2019-11-17 12:10:43,370 [main] INFO  http.HttpServer2 (HttpServer2.java:addFilter(958)) - Added filter static_user_filter (class=org.apache.hadoop.http.lib.StaticUserWebFilter$StaticUserFilter) to context static
2019-11-17 12:10:43,370 [main] INFO  http.HttpServer2 (HttpServer2.java:addFilter(958)) - Added filter static_user_filter (class=org.apache.hadoop.http.lib.StaticUserWebFilter$StaticUserFilter) to context logs
2019-11-17 12:10:43,371 [main] INFO  http.HttpServer2 (HttpServer2.java:bindListener(1191)) - Jetty bound to port 41253
2019-11-17 12:10:43,371 [main] INFO  server.Server (Server.java:doStart(351)) - jetty-9.3.25.v20180904, build timestamp: 2018-09-04T21:11:46Z, git hash: 3ce520221d0240229c862b122d2b06c12a625732
2019-11-17 12:10:43,373 [main] INFO  handler.ContextHandler (ContextHandler.java:doStart(781)) - Started o.e.j.s.ServletContextHandler@227a47{/logs,file:///workdir/hadoop-ozone/tools/target/log,AVAILABLE}
2019-11-17 12:10:43,374 [main] INFO  handler.ContextHandler (ContextHandler.java:doStart(781)) - Started o.e.j.s.ServletContextHandler@75ae4a1f{/static,jar:file:/home/user/.m2/repository/org/apache/hadoop/hadoop-hdds-container-service/0.5.0-SNAPSHOT/hadoop-hdds-container-service-0.5.0-SNAPSHOT.jar!/webapps/static,AVAILABLE}
2019-11-17 12:10:43,404 [main] INFO  handler.ContextHandler (ContextHandler.java:doStart(781)) - Started o.e.j.w.WebAppContext@623dcf2a{/,file:///tmp/jetty-0.0.0.0-41253-hddsDatanode-_-any-3056413663384097954.dir/webapp/,AVAILABLE}{/hddsDatanode}
2019-11-17 12:10:43,405 [main] INFO  server.AbstractConnector (AbstractConnector.java:doStart(278)) - Started ServerConnector@2eae4349{HTTP/1.1,[http/1.1]}{0.0.0.0:41253}
2019-11-17 12:10:43,406 [main] INFO  server.Server (Server.java:doStart(419)) - Started @5244ms
2019-11-17 12:10:43,406 [main] WARN  impl.MetricsSystemImpl (MetricsSystemImpl.java:register(276)) - Sink prometheus already exists!
2019-11-17 12:10:43,408 [main] INFO  server.BaseHttpServer (BaseHttpServer.java:updateConnectorAddress(215)) - HTTP server of HDDSDATANODE is listening at http://0.0.0.0:41253
2019-11-17 12:10:43,410 [main] INFO  ozone.MiniOzoneClusterImpl (MiniOzoneClusterImpl.java:lambda$waitForClusterToBeReady$2(171)) - Waiting for cluster to be ready. Got 0 of 3 DN Heartbeats.
2019-11-17 12:10:43,411 [org.apache.hadoop.util.JvmPauseMonitor$Monitor@23e74840] INFO  util.JvmPauseMonitor (JvmPauseMonitor.java:run(188)) - Starting JVM pause monitor
2019-11-17 12:10:43,414 [Datanode State Machine Thread - 0] INFO  datanode.InitDatanodeState (InitDatanodeState.java:persistContainerDatanodeDetails(140)) - DatanodeDetails is persisted to /workdir/hadoop-ozone/tools/target/test-dir/MiniOzoneClusterImpl-001153d4-cfdc-40b4-815d-d1451a38a209/datanode-2/meta/datanode.id
2019-11-17 12:10:44,411 [main] INFO  ozone.MiniOzoneClusterImpl (MiniOzoneClusterImpl.java:lambda$waitForClusterToBeReady$2(171)) - Waiting for cluster to be ready. Got 0 of 3 DN Heartbeats.
2019-11-17 12:10:45,341 [Datanode State Machine Thread - 0] INFO  ozoneimpl.OzoneContainer (OzoneContainer.java:start(230)) - Attempting to start container services.
2019-11-17 12:10:45,343 [Datanode State Machine Thread - 0] INFO  ozoneimpl.OzoneContainer (OzoneContainer.java:startContainerScrub(194)) - Background container scanner has been disabled.
2019-11-17 12:10:45,344 [Datanode State Machine Thread - 0] INFO  ratis.XceiverServerRatis (XceiverServerRatis.java:start(421)) - Starting XceiverServerRatis f8c171d0-1f10-4cc7-96b8-2148e4362ba2 at port 0
2019-11-17 12:10:45,351 [Datanode State Machine Thread - 0] INFO  ozoneimpl.OzoneContainer (OzoneContainer.java:start(230)) - Attempting to start container services.
2019-11-17 12:10:45,358 [Datanode State Machine Thread - 0] INFO  ozoneimpl.OzoneContainer (OzoneContainer.java:startContainerScrub(194)) - Background container scanner has been disabled.
2019-11-17 12:10:45,358 [Datanode State Machine Thread - 0] INFO  ratis.XceiverServerRatis (XceiverServerRatis.java:start(421)) - Starting XceiverServerRatis f834217c-c8f6-4875-b0f2-58e9e124a81d at port 0
2019-11-17 12:10:45,376 [Datanode State Machine Thread - 0] INFO  impl.RaftServerProxy (RaftServerProxy.java:lambda$start$3(299)) - f8c171d0-1f10-4cc7-96b8-2148e4362ba2: start RPC server
2019-11-17 12:10:45,376 [Datanode State Machine Thread - 0] INFO  impl.RaftServerProxy (RaftServerProxy.java:lambda$start$3(299)) - f834217c-c8f6-4875-b0f2-58e9e124a81d: start RPC server
2019-11-17 12:10:45,413 [main] INFO  ozone.MiniOzoneClusterImpl (MiniOzoneClusterImpl.java:lambda$waitForClusterToBeReady$2(171)) - Waiting for cluster to be ready. Got 0 of 3 DN Heartbeats.
2019-11-17 12:10:45,426 [Datanode State Machine Thread - 0] INFO  ozoneimpl.OzoneContainer (OzoneContainer.java:start(230)) - Attempting to start container services.
2019-11-17 12:10:45,428 [Datanode State Machine Thread - 0] INFO  ozoneimpl.OzoneContainer (OzoneContainer.java:startContainerScrub(194)) - Background container scanner has been disabled.
2019-11-17 12:10:45,428 [Datanode State Machine Thread - 0] INFO  ratis.XceiverServerRatis (XceiverServerRatis.java:start(421)) - Starting XceiverServerRatis 6e88a04a-eefd-4ce0-8615-e06a993968a7 at port 0
2019-11-17 12:10:45,437 [Datanode State Machine Thread - 0] INFO  impl.RaftServerProxy (RaftServerProxy.java:lambda$start$3(299)) - 6e88a04a-eefd-4ce0-8615-e06a993968a7: start RPC server
2019-11-17 12:10:45,533 [Datanode State Machine Thread - 0] INFO  server.GrpcService (GrpcService.java:startImpl(158)) - f8c171d0-1f10-4cc7-96b8-2148e4362ba2: GrpcService started, listening on 0.0.0.0/0.0.0.0:46263
2019-11-17 12:10:45,533 [Datanode State Machine Thread - 0] INFO  server.GrpcService (GrpcService.java:startImpl(158)) - f834217c-c8f6-4875-b0f2-58e9e124a81d: GrpcService started, listening on 0.0.0.0/0.0.0.0:39697
2019-11-17 12:10:45,533 [Datanode State Machine Thread - 0] INFO  server.GrpcService (GrpcService.java:startImpl(158)) - 6e88a04a-eefd-4ce0-8615-e06a993968a7: GrpcService started, listening on 0.0.0.0/0.0.0.0:33336
2019-11-17 12:10:45,534 [Datanode State Machine Thread - 0] INFO  ratis.XceiverServerRatis (XceiverServerRatis.java:start(431)) - XceiverServerRatis f834217c-c8f6-4875-b0f2-58e9e124a81d is started using port 39697
2019-11-17 12:10:45,534 [Datanode State Machine Thread - 0] INFO  ratis.XceiverServerRatis (XceiverServerRatis.java:start(431)) - XceiverServerRatis f8c171d0-1f10-4cc7-96b8-2148e4362ba2 is started using port 46263
2019-11-17 12:10:45,534 [Datanode State Machine Thread - 0] INFO  ratis.XceiverServerRatis (XceiverServerRatis.java:start(431)) - XceiverServerRatis 6e88a04a-eefd-4ce0-8615-e06a993968a7 is started using port 33336
2019-11-17 12:10:45,539 [Datanode State Machine Thread - 0] INFO  server.XceiverServerGrpc (XceiverServerGrpc.java:start(145)) - XceiverServerGrpc f834217c-c8f6-4875-b0f2-58e9e124a81d is started using port 43379
2019-11-17 12:10:45,540 [Datanode State Machine Thread - 0] INFO  server.XceiverServerGrpc (XceiverServerGrpc.java:start(145)) - XceiverServerGrpc f8c171d0-1f10-4cc7-96b8-2148e4362ba2 is started using port 32948
2019-11-17 12:10:45,539 [Datanode State Machine Thread - 0] INFO  server.XceiverServerGrpc (XceiverServerGrpc.java:start(145)) - XceiverServerGrpc 6e88a04a-eefd-4ce0-8615-e06a993968a7 is started using port 35691
2019-11-17 12:10:46,413 [main] INFO  ozone.MiniOzoneClusterImpl (MiniOzoneClusterImpl.java:lambda$waitForClusterToBeReady$2(171)) - Waiting for cluster to be ready. Got 0 of 3 DN Heartbeats.
2019-11-17 12:10:47,285 [IPC Server handler 0 on 38455] INFO  net.NetworkTopology (NetworkTopologyImpl.java:add(111)) - Added a new node: /default-rack/f8c171d0-1f10-4cc7-96b8-2148e4362ba2
2019-11-17 12:10:47,286 [IPC Server handler 0 on 38455] INFO  node.SCMNodeManager (SCMNodeManager.java:register(267)) - Registered Data node : f8c171d0-1f10-4cc7-96b8-2148e4362ba2{ip: 192.168.34.35, host: pr-hdds-2291-5997d-4279494527, networkLocation: /default-rack, certSerialId: null}
2019-11-17 12:10:47,289 [EventQueue-NodeRegistrationContainerReportForDataNodeSafeModeRule] INFO  safemode.SCMSafeModeManager (DataNodeSafeModeRule.java:process(71)) - SCM in safe mode. 1 DataNodes registered, 1 required.
2019-11-17 12:10:47,289 [EventQueue-NodeRegistrationContainerReportForContainerSafeModeRule] INFO  safemode.SCMSafeModeManager (SCMSafeModeManager.java:validateSafeModeExitRules(177)) - ScmSafeModeManager, all rules are successfully validated
2019-11-17 12:10:47,290 [EventQueue-NodeRegistrationContainerReportForContainerSafeModeRule] INFO  safemode.SCMSafeModeManager (SCMSafeModeManager.java:exitSafeMode(193)) - SCM exiting safe mode.
2019-11-17 12:10:47,337 [IPC Server handler 1 on 38455] INFO  net.NetworkTopology (NetworkTopologyImpl.java:add(111)) - Added a new node: /default-rack/f834217c-c8f6-4875-b0f2-58e9e124a81d
2019-11-17 12:10:47,338 [IPC Server handler 1 on 38455] INFO  node.SCMNodeManager (SCMNodeManager.java:register(267)) - Registered Data node : f834217c-c8f6-4875-b0f2-58e9e124a81d{ip: 192.168.34.35, host: pr-hdds-2291-5997d-4279494527, networkLocation: /default-rack, certSerialId: null}
2019-11-17 12:10:47,415 [IPC Server handler 2 on 38455] INFO  net.NetworkTopology (NetworkTopologyImpl.java:add(111)) - Added a new node: /default-rack/6e88a04a-eefd-4ce0-8615-e06a993968a7
2019-11-17 12:10:47,416 [IPC Server handler 2 on 38455] INFO  node.SCMNodeManager (SCMNodeManager.java:register(267)) - Registered Data node : 6e88a04a-eefd-4ce0-8615-e06a993968a7{ip: 192.168.34.35, host: pr-hdds-2291-5997d-4279494527, networkLocation: /default-rack, certSerialId: null}
2019-11-17 12:10:47,739 [grpc-default-executor-0] INFO  impl.RaftServerProxy (RaftServerProxy.java:addNew(89)) - f8c171d0-1f10-4cc7-96b8-2148e4362ba2: addNew group-9D8E30981D05:[f8c171d0-1f10-4cc7-96b8-2148e4362ba2:192.168.34.35:46263] returns group-9D8E30981D05:java.util.concurrent.CompletableFuture@1d75d277[Not completed]
2019-11-17 12:10:47,754 [pool-27-thread-1] INFO  impl.RaftServerImpl (RaftServerImpl.java:<init>(98)) - f8c171d0-1f10-4cc7-96b8-2148e4362ba2: new RaftServerImpl for group-9D8E30981D05:[f8c171d0-1f10-4cc7-96b8-2148e4362ba2:192.168.34.35:46263] with ContainerStateMachine:uninitialized
2019-11-17 12:10:47,757 [pool-27-thread-1] INFO  server.RaftServerConfigKeys (ConfUtils.java:logGet(43)) - raft.server.rpc.timeout.min = 5s (custom)
2019-11-17 12:10:47,758 [pool-27-thread-1] INFO  server.RaftServerConfigKeys (ConfUtils.java:logGet(43)) - raft.server.rpc.timeout.max = 5200ms (custom)
2019-11-17 12:10:47,758 [pool-27-thread-1] INFO  server.RaftServerConfigKeys (ConfUtils.java:logGet(43)) - raft.server.rpcslowness.timeout = 120s (custom)
2019-11-17 12:10:47,759 [pool-27-thread-1] INFO  server.RaftServerConfigKeys (ConfUtils.java:logGet(43)) - raft.server.sleep.deviation.threshold = 300 (default)
2019-11-17 12:10:47,760 [pool-27-thread-1] INFO  server.RaftServerConfigKeys (ConfUtils.java:logGet(43)) - raft.server.log.appender.install.snapshot.enabled = false (custom)
2019-11-17 12:10:47,770 [pool-27-thread-1] INFO  impl.RaftServerImpl (ServerState.java:<init>(103)) - f8c171d0-1f10-4cc7-96b8-2148e4362ba2@group-9D8E30981D05: ConfigurationManager, init=-1: [f8c171d0-1f10-4cc7-96b8-2148e4362ba2:192.168.34.35:46263], old=null, confs=<EMPTY_MAP>
2019-11-17 12:10:47,770 [pool-27-thread-1] INFO  server.RaftServerConfigKeys (ConfUtils.java:logGet(43)) - raft.server.storage.dir = [/workdir/hadoop-ozone/tools/target/test-dir/MiniOzoneClusterImpl-001153d4-cfdc-40b4-815d-d1451a38a209/datanode-0/data/ratis] (custom)
2019-11-17 12:10:47,779 [pool-27-thread-1] INFO  server.RaftServerConfigKeys (ConfUtils.java:logGet(43)) - raft.server.log.corruption.policy = EXCEPTION (default)
2019-11-17 12:10:47,781 [pool-27-thread-1] INFO  storage.RaftStorageDirectory (RaftStorageDirectory.java:analyzeStorage(246)) - The storage directory /workdir/hadoop-ozone/tools/target/test-dir/MiniOzoneClusterImpl-001153d4-cfdc-40b4-815d-d1451a38a209/datanode-0/data/ratis/12a64258-7a99-41c2-82c2-9d8e30981d05 does not exist. Creating ...
2019-11-17 12:10:47,800 [pool-27-thread-1] INFO  storage.RaftStorageDirectory (RaftStorageDirectory.java:tryLock(328)) - Lock on /workdir/hadoop-ozone/tools/target/test-dir/MiniOzoneClusterImpl-001153d4-cfdc-40b4-815d-d1451a38a209/datanode-0/data/ratis/12a64258-7a99-41c2-82c2-9d8e30981d05/in_use.lock acquired by nodename 12174@pr-hdds-2291-5997d-4279494527
2019-11-17 12:10:47,815 [pool-27-thread-1] INFO  storage.RaftStorage (RaftStorage.java:format(84)) - Storage directory /workdir/hadoop-ozone/tools/target/test-dir/MiniOzoneClusterImpl-001153d4-cfdc-40b4-815d-d1451a38a209/datanode-0/data/ratis/12a64258-7a99-41c2-82c2-9d8e30981d05 has been successfully formatted.
2019-11-17 12:10:47,818 [pool-27-thread-1] INFO  ratis.ContainerStateMachine (ContainerStateMachine.java:loadSnapshot(223)) - group-9D8E30981D05: The snapshot info is null. Setting the last applied indexto:(t:0, i:~)
2019-11-17 12:10:47,819 [pool-27-thread-1] INFO  server.RaftServerConfigKeys (ConfUtils.java:logGet(43)) - raft.server.notification.no-leader.timeout = 120s (custom)
2019-11-17 12:10:47,821 [pool-27-thread-1] INFO  server.RaftServerConfigKeys (ConfUtils.java:logGet(43)) - raft.server.log.use.memory = false (default)
2019-11-17 12:10:47,827 [pool-27-thread-1] INFO  server.RaftServerConfigKeys (ConfUtils.java:logGet(43)) - raft.server.log.purge.gap = 1000000 (custom)
2019-11-17 12:10:47,828 [pool-27-thread-1] INFO  server.RaftServerConfigKeys (ConfUtils.java:logGet(43)) - raft.server.log.appender.buffer.byte-limit = 33554432 (custom)
2019-11-17 12:10:47,830 [pool-27-thread-1] INFO  server.RaftServerConfigKeys (ConfUtils.java:logGet(43)) - raft.server.log.segment.size.max = 1048576 (custom)
2019-11-17 12:10:47,836 [pool-27-thread-1] INFO  metrics.MetricRegistries (MetricRegistriesLoader.java:load(64)) - Loaded MetricRegistries class org.apache.ratis.metrics.impl.MetricRegistriesImpl
2019-11-17 12:10:47,840 [pool-27-thread-1] WARN  impl.MetricRegistriesImpl (MetricRegistriesImpl.java:lambda$create$1(61)) - First MetricRegistry has been created without registering reporters. You may need to call MetricRegistries.global().addReportRegistration(...) before.
2019-11-17 12:10:47,847 [pool-27-thread-1] INFO  server.RaftServerConfigKeys (ConfUtils.java:logGet(43)) - raft.server.log.segment.cache.num.max = 2 (custom)
2019-11-17 12:10:47,853 [pool-27-thread-1] INFO  segmented.SegmentedRaftLogWorker (SegmentedRaftLogWorker.java:<init>(173)) - new f8c171d0-1f10-4cc7-96b8-2148e4362ba2@group-9D8E30981D05-SegmentedRaftLogWorker for RaftStorage:Storage Directory /workdir/hadoop-ozone/tools/target/test-dir/MiniOzoneClusterImpl-001153d4-cfdc-40b4-815d-d1451a38a209/datanode-0/data/ratis/12a64258-7a99-41c2-82c2-9d8e30981d05
2019-11-17 12:10:47,853 [pool-27-thread-1] INFO  server.RaftServerConfigKeys (ConfUtils.java:logGet(43)) - raft.server.log.queue.byte-limit = 2147483647 (custom)
2019-11-17 12:10:47,854 [pool-27-thread-1] INFO  server.RaftServerConfigKeys (ConfUtils.java:logGet(43)) - raft.server.log.queue.element-limit = 1024 (custom)
2019-11-17 12:10:47,856 [pool-27-thread-1] INFO  server.RaftServerConfigKeys (ConfUtils.java:logGet(43)) - raft.server.log.segment.size.max = 1048576 (custom)
2019-11-17 12:10:47,856 [pool-27-thread-1] INFO  server.RaftServerConfigKeys (ConfUtils.java:logGet(43)) - raft.server.log.preallocated.size = 16384 (custom)
2019-11-17 12:10:47,857 [pool-27-thread-1] INFO  server.RaftServerConfigKeys (ConfUtils.java:logGet(43)) - raft.server.log.write.buffer.size = 33554432 (custom)
2019-11-17 12:10:47,857 [pool-27-thread-1] INFO  server.RaftServerConfigKeys (ConfUtils.java:logGet(43)) - raft.server.log.force.sync.num = 128 (default)
2019-11-17 12:10:47,858 [pool-27-thread-1] INFO  server.RaftServerConfigKeys (ConfUtils.java:logGet(43)) - raft.server.log.statemachine.data.sync = true (default)
2019-11-17 12:10:47,859 [pool-27-thread-1] INFO  server.RaftServerConfigKeys (ConfUtils.java:logGet(43)) - raft.server.log.statemachine.data.sync.timeout = 10s (default)
2019-11-17 12:10:47,859 [pool-27-thread-1] INFO  server.RaftServerConfigKeys (ConfUtils.java:logGet(43)) - raft.server.log.statemachine.data.sync.timeout.retry = -1 (default)
2019-11-17 12:10:47,872 [pool-27-thread-1] INFO  server.RaftServerConfigKeys (ConfUtils.java:logGet(43)) - raft.server.log.statemachine.data.caching.enabled = true (custom)
2019-11-17 12:10:47,877 [pool-27-thread-1] INFO  segmented.SegmentedRaftLogWorker (SegmentedRaftLogWorker.java:lambda$new$0(128)) - f8c171d0-1f10-4cc7-96b8-2148e4362ba2@group-9D8E30981D05-SegmentedRaftLogWorker: flushIndex: setUnconditionally 0 -> -1
2019-11-17 12:10:47,882 [pool-27-thread-1] INFO  server.RaftServerConfigKeys (ConfUtils.java:logGet(43)) - raft.server.snapshot.auto.trigger.enabled = true (custom)
2019-11-17 12:10:47,883 [pool-27-thread-1] INFO  server.RaftServerConfigKeys (ConfUtils.java:logGet(43)) - raft.server.snapshot.auto.trigger.threshold = 10000 (custom)
2019-11-17 12:10:47,883 [pool-27-thread-1] INFO  server.RaftServerConfigKeys (ConfUtils.java:logGet(43)) - raft.server.snapshot.retention.file.num = 5 (custom)
2019-11-17 12:10:47,884 [pool-27-thread-1] INFO  server.RaftServerConfigKeys (ConfUtils.java:logGet(43)) - raft.server.retrycache.expirytime = 600000ms (custom)
2019-11-17 12:10:47,903 [pool-27-thread-1] WARN  impl.MetricRegistriesImpl (MetricRegistriesImpl.java:lambda$create$1(61)) - First MetricRegistry has been created without registering reporters. You may need to call MetricRegistries.global().addReportRegistration(...) before.
2019-11-17 12:10:47,905 [pool-27-thread-1] WARN  impl.MetricRegistriesImpl (MetricRegistriesImpl.java:lambda$create$1(61)) - First MetricRegistry has been created without registering reporters. You may need to call MetricRegistries.global().addReportRegistration(...) before.
2019-11-17 12:10:47,907 [pool-27-thread-1] INFO  impl.RaftServerImpl (RaftServerImpl.java:start(184)) - f8c171d0-1f10-4cc7-96b8-2148e4362ba2@group-9D8E30981D05: start as a follower, conf=-1: [f8c171d0-1f10-4cc7-96b8-2148e4362ba2:192.168.34.35:46263], old=null
2019-11-17 12:10:47,908 [pool-27-thread-1] INFO  impl.RaftServerImpl (RaftServerImpl.java:setRole(173)) - f8c171d0-1f10-4cc7-96b8-2148e4362ba2@group-9D8E30981D05: changes role from      null to FOLLOWER at term 0 for startAsFollower
2019-11-17 12:10:47,909 [pool-27-thread-1] INFO  impl.RoleInfo (RoleInfo.java:updateAndGet(143)) - f8c171d0-1f10-4cc7-96b8-2148e4362ba2: start FollowerState
2019-11-17 12:10:47,913 [pool-27-thread-1] INFO  util.JmxRegister (JmxRegister.java:tryRegister(44)) - Successfully registered JMX Bean with object name Ratis:service=RaftServer,group=group-9D8E30981D05,id=f8c171d0-1f10-4cc7-96b8-2148e4362ba2
2019-11-17 12:10:47,915 [pool-27-thread-1] WARN  impl.MetricRegistriesImpl (MetricRegistriesImpl.java:lambda$create$1(61)) - First MetricRegistry has been created without registering reporters. You may need to call MetricRegistries.global().addReportRegistration(...) before.
2019-11-17 12:10:48,002 [RatisPipelineUtilsThread] INFO  pipeline.PipelineStateManager (PipelineStateManager.java:addPipeline(55)) - Created pipeline Pipeline[ Id: 12a64258-7a99-41c2-82c2-9d8e30981d05, Nodes: f8c171d0-1f10-4cc7-96b8-2148e4362ba2{ip: 192.168.34.35, host: pr-hdds-2291-5997d-4279494527, networkLocation: /default-rack, certSerialId: null}, Type:RATIS, Factor:ONE, State:ALLOCATED]
2019-11-17 12:10:48,021 [grpc-default-executor-0] INFO  impl.RaftServerProxy (RaftServerProxy.java:addNew(89)) - f834217c-c8f6-4875-b0f2-58e9e124a81d: addNew group-94F0477EB013:[f834217c-c8f6-4875-b0f2-58e9e124a81d:192.168.34.35:39697] returns group-94F0477EB013:java.util.concurrent.CompletableFuture@1380afe8[Not completed]
2019-11-17 12:10:48,041 [pool-37-thread-1] INFO  impl.RaftServerImpl (RaftServerImpl.java:<init>(98)) - f834217c-c8f6-4875-b0f2-58e9e124a81d: new RaftServerImpl for group-94F0477EB013:[f834217c-c8f6-4875-b0f2-58e9e124a81d:192.168.34.35:39697] with ContainerStateMachine:uninitialized
2019-11-17 12:10:48,042 [pool-37-thread-1] INFO  server.RaftServerConfigKeys (ConfUtils.java:logGet(43)) - raft.server.rpc.timeout.min = 5s (custom)
2019-11-17 12:10:48,043 [pool-37-thread-1] INFO  server.RaftServerConfigKeys (ConfUtils.java:logGet(43)) - raft.server.rpc.timeout.max = 5200ms (custom)
2019-11-17 12:10:48,043 [pool-37-thread-1] INFO  server.RaftServerConfigKeys (ConfUtils.java:logGet(43)) - raft.server.rpcslowness.timeout = 120s (custom)
2019-11-17 12:10:48,043 [pool-37-thread-1] INFO  server.RaftServerConfigKeys (ConfUtils.java:logGet(43)) - raft.server.sleep.deviation.threshold = 300 (default)
2019-11-17 12:10:48,043 [pool-37-thread-1] INFO  server.RaftServerConfigKeys (ConfUtils.java:logGet(43)) - raft.server.log.appender.install.snapshot.enabled = false (custom)
2019-11-17 12:10:48,043 [pool-37-thread-1] INFO  impl.RaftServerImpl (ServerState.java:<init>(103)) - f834217c-c8f6-4875-b0f2-58e9e124a81d@group-94F0477EB013: ConfigurationManager, init=-1: [f834217c-c8f6-4875-b0f2-58e9e124a81d:192.168.34.35:39697], old=null, confs=<EMPTY_MAP>
2019-11-17 12:10:48,043 [pool-37-thread-1] INFO  server.RaftServerConfigKeys (ConfUtils.java:logGet(43)) - raft.server.storage.dir = [/workdir/hadoop-ozone/tools/target/test-dir/MiniOzoneClusterImpl-001153d4-cfdc-40b4-815d-d1451a38a209/datanode-1/data/ratis] (custom)
2019-11-17 12:10:48,043 [pool-37-thread-1] INFO  server.RaftServerConfigKeys (ConfUtils.java:logGet(43)) - raft.server.log.corruption.policy = EXCEPTION (default)
2019-11-17 12:10:48,044 [pool-37-thread-1] INFO  storage.RaftStorageDirectory (RaftStorageDirectory.java:analyzeStorage(246)) - The storage directory /workdir/hadoop-ozone/tools/target/test-dir/MiniOzoneClusterImpl-001153d4-cfdc-40b4-815d-d1451a38a209/datanode-1/data/ratis/a41b51b3-2b2d-485c-83c5-94f0477eb013 does not exist. Creating ...
2019-11-17 12:10:48,057 [pool-37-thread-1] INFO  storage.RaftStorageDirectory (RaftStorageDirectory.java:tryLock(328)) - Lock on /workdir/hadoop-ozone/tools/target/test-dir/MiniOzoneClusterImpl-001153d4-cfdc-40b4-815d-d1451a38a209/datanode-1/data/ratis/a41b51b3-2b2d-485c-83c5-94f0477eb013/in_use.lock acquired by nodename 12174@pr-hdds-2291-5997d-4279494527
2019-11-17 12:10:48,089 [pool-37-thread-1] INFO  storage.RaftStorage (RaftStorage.java:format(84)) - Storage directory /workdir/hadoop-ozone/tools/target/test-dir/MiniOzoneClusterImpl-001153d4-cfdc-40b4-815d-d1451a38a209/datanode-1/data/ratis/a41b51b3-2b2d-485c-83c5-94f0477eb013 has been successfully formatted.
2019-11-17 12:10:48,091 [pool-37-thread-1] INFO  ratis.ContainerStateMachine (ContainerStateMachine.java:loadSnapshot(223)) - group-94F0477EB013: The snapshot info is null. Setting the last applied indexto:(t:0, i:~)
2019-11-17 12:10:48,091 [pool-37-thread-1] INFO  server.RaftServerConfigKeys (ConfUtils.java:logGet(43)) - raft.server.notification.no-leader.timeout = 120s (custom)
2019-11-17 12:10:48,092 [pool-37-thread-1] INFO  server.RaftServerConfigKeys (ConfUtils.java:logGet(43)) - raft.server.log.use.memory = false (default)
2019-11-17 12:10:48,092 [pool-37-thread-1] INFO  server.RaftServerConfigKeys (ConfUtils.java:logGet(43)) - raft.server.log.purge.gap = 1000000 (custom)
2019-11-17 12:10:48,092 [pool-37-thread-1] INFO  server.RaftServerConfigKeys (ConfUtils.java:logGet(43)) - raft.server.log.appender.buffer.byte-limit = 33554432 (custom)
2019-11-17 12:10:48,092 [pool-37-thread-1] INFO  server.RaftServerConfigKeys (ConfUtils.java:logGet(43)) - raft.server.log.segment.size.max = 1048576 (custom)
2019-11-17 12:10:48,093 [pool-37-thread-1] WARN  impl.MetricRegistriesImpl (MetricRegistriesImpl.java:lambda$create$1(61)) - First MetricRegistry has been created without registering reporters. You may need to call MetricRegistries.global().addReportRegistration(...) before.
2019-11-17 12:10:48,093 [pool-37-thread-1] INFO  server.RaftServerConfigKeys (ConfUtils.java:logGet(43)) - raft.server.log.segment.cache.num.max = 2 (custom)
2019-11-17 12:10:48,094 [pool-37-thread-1] INFO  segmented.SegmentedRaftLogWorker (SegmentedRaftLogWorker.java:<init>(173)) - new f834217c-c8f6-4875-b0f2-58e9e124a81d@group-94F0477EB013-SegmentedRaftLogWorker for RaftStorage:Storage Directory /workdir/hadoop-ozone/tools/target/test-dir/MiniOzoneClusterImpl-001153d4-cfdc-40b4-815d-d1451a38a209/datanode-1/data/ratis/a41b51b3-2b2d-485c-83c5-94f0477eb013
2019-11-17 12:10:48,095 [pool-37-thread-1] INFO  server.RaftServerConfigKeys (ConfUtils.java:logGet(43)) - raft.server.log.queue.byte-limit = 2147483647 (custom)
2019-11-17 12:10:48,095 [pool-37-thread-1] INFO  server.RaftServerConfigKeys (ConfUtils.java:logGet(43)) - raft.server.log.queue.element-limit = 1024 (custom)
2019-11-17 12:10:48,095 [pool-37-thread-1] INFO  server.RaftServerConfigKeys (ConfUtils.java:logGet(43)) - raft.server.log.segment.size.max = 1048576 (custom)
2019-11-17 12:10:48,095 [pool-37-thread-1] INFO  server.RaftServerConfigKeys (ConfUtils.java:logGet(43)) - raft.server.log.preallocated.size = 16384 (custom)
2019-11-17 12:10:48,096 [pool-37-thread-1] INFO  server.RaftServerConfigKeys (ConfUtils.java:logGet(43)) - raft.server.log.write.buffer.size = 33554432 (custom)
2019-11-17 12:10:48,096 [pool-37-thread-1] INFO  server.RaftServerConfigKeys (ConfUtils.java:logGet(43)) - raft.server.log.force.sync.num = 128 (default)
2019-11-17 12:10:48,096 [pool-37-thread-1] INFO  server.RaftServerConfigKeys (ConfUtils.java:logGet(43)) - raft.server.log.statemachine.data.sync = true (default)
2019-11-17 12:10:48,096 [pool-37-thread-1] INFO  server.RaftServerConfigKeys (ConfUtils.java:logGet(43)) - raft.server.log.statemachine.data.sync.timeout = 10s (default)
2019-11-17 12:10:48,097 [pool-37-thread-1] INFO  server.RaftServerConfigKeys (ConfUtils.java:logGet(43)) - raft.server.log.statemachine.data.sync.timeout.retry = -1 (default)
2019-11-17 12:10:48,097 [pool-37-thread-1] INFO  server.RaftServerConfigKeys (ConfUtils.java:logGet(43)) - raft.server.log.statemachine.data.caching.enabled = true (custom)
2019-11-17 12:10:48,098 [pool-37-thread-1] INFO  segmented.SegmentedRaftLogWorker (SegmentedRaftLogWorker.java:lambda$new$0(128)) - f834217c-c8f6-4875-b0f2-58e9e124a81d@group-94F0477EB013-SegmentedRaftLogWorker: flushIndex: setUnconditionally 0 -> -1
2019-11-17 12:10:48,098 [pool-37-thread-1] INFO  server.RaftServerConfigKeys (ConfUtils.java:logGet(43)) - raft.server.snapshot.auto.trigger.enabled = true (custom)
2019-11-17 12:10:48,098 [pool-37-thread-1] INFO  server.RaftServerConfigKeys (ConfUtils.java:logGet(43)) - raft.server.snapshot.auto.trigger.threshold = 10000 (custom)
2019-11-17 12:10:48,099 [pool-37-thread-1] INFO  server.RaftServerConfigKeys (ConfUtils.java:logGet(43)) - raft.server.snapshot.retention.file.num = 5 (custom)
2019-11-17 12:10:48,099 [pool-37-thread-1] INFO  server.RaftServerConfigKeys (ConfUtils.java:logGet(43)) - raft.server.retrycache.expirytime = 600000ms (custom)
2019-11-17 12:10:48,099 [pool-37-thread-1] WARN  impl.MetricRegistriesImpl (MetricRegistriesImpl.java:lambda$create$1(61)) - First MetricRegistry has been created without registering reporters. You may need to call MetricRegistries.global().addReportRegistration(...) before.
2019-11-17 12:10:48,099 [pool-37-thread-1] WARN  impl.MetricRegistriesImpl (MetricRegistriesImpl.java:lambda$create$1(61)) - First MetricRegistry has been created without registering reporters. You may need to call MetricRegistries.global().addReportRegistration(...) before.
2019-11-17 12:10:48,100 [pool-37-thread-1] INFO  impl.RaftServerImpl (RaftServerImpl.java:start(184)) - f834217c-c8f6-4875-b0f2-58e9e124a81d@group-94F0477EB013: start as a follower, conf=-1: [f834217c-c8f6-4875-b0f2-58e9e124a81d:192.168.34.35:39697], old=null
2019-11-17 12:10:48,100 [pool-37-thread-1] INFO  impl.RaftServerImpl (RaftServerImpl.java:setRole(173)) - f834217c-c8f6-4875-b0f2-58e9e124a81d@group-94F0477EB013: changes role from      null to FOLLOWER at term 0 for startAsFollower
2019-11-17 12:10:48,100 [pool-37-thread-1] INFO  impl.RoleInfo (RoleInfo.java:updateAndGet(143)) - f834217c-c8f6-4875-b0f2-58e9e124a81d: start FollowerState
2019-11-17 12:10:48,101 [pool-37-thread-1] INFO  util.JmxRegister (JmxRegister.java:tryRegister(44)) - Successfully registered JMX Bean with object name Ratis:service=RaftServer,group=group-94F0477EB013,id=f834217c-c8f6-4875-b0f2-58e9e124a81d
2019-11-17 12:10:48,102 [pool-37-thread-1] WARN  impl.MetricRegistriesImpl (MetricRegistriesImpl.java:lambda$create$1(61)) - First MetricRegistry has been created without registering reporters. You may need to call MetricRegistries.global().addReportRegistration(...) before.
2019-11-17 12:10:48,113 [RatisPipelineUtilsThread] INFO  pipeline.PipelineStateManager (PipelineStateManager.java:addPipeline(55)) - Created pipeline Pipeline[ Id: a41b51b3-2b2d-485c-83c5-94f0477eb013, Nodes: f834217c-c8f6-4875-b0f2-58e9e124a81d{ip: 192.168.34.35, host: pr-hdds-2291-5997d-4279494527, networkLocation: /default-rack, certSerialId: null}, Type:RATIS, Factor:ONE, State:ALLOCATED]
2019-11-17 12:10:48,129 [grpc-default-executor-0] INFO  impl.RaftServerProxy (RaftServerProxy.java:addNew(89)) - 6e88a04a-eefd-4ce0-8615-e06a993968a7: addNew group-88D90C3DF79B:[6e88a04a-eefd-4ce0-8615-e06a993968a7:192.168.34.35:33336] returns group-88D90C3DF79B:java.util.concurrent.CompletableFuture@43846929[Not completed]
2019-11-17 12:10:48,144 [pool-47-thread-1] INFO  impl.RaftServerImpl (RaftServerImpl.java:<init>(98)) - 6e88a04a-eefd-4ce0-8615-e06a993968a7: new RaftServerImpl for group-88D90C3DF79B:[6e88a04a-eefd-4ce0-8615-e06a993968a7:192.168.34.35:33336] with ContainerStateMachine:uninitialized
2019-11-17 12:10:48,145 [pool-47-thread-1] INFO  server.RaftServerConfigKeys (ConfUtils.java:logGet(43)) - raft.server.rpc.timeout.min = 5s (custom)
2019-11-17 12:10:48,145 [pool-47-thread-1] INFO  server.RaftServerConfigKeys (ConfUtils.java:logGet(43)) - raft.server.rpc.timeout.max = 5200ms (custom)
2019-11-17 12:10:48,145 [pool-47-thread-1] INFO  server.RaftServerConfigKeys (ConfUtils.java:logGet(43)) - raft.server.rpcslowness.timeout = 120s (custom)
2019-11-17 12:10:48,145 [pool-47-thread-1] INFO  server.RaftServerConfigKeys (ConfUtils.java:logGet(43)) - raft.server.sleep.deviation.threshold = 300 (default)
2019-11-17 12:10:48,146 [pool-47-thread-1] INFO  server.RaftServerConfigKeys (ConfUtils.java:logGet(43)) - raft.server.log.appender.install.snapshot.enabled = false (custom)
2019-11-17 12:10:48,146 [pool-47-thread-1] INFO  impl.RaftServerImpl (ServerState.java:<init>(103)) - 6e88a04a-eefd-4ce0-8615-e06a993968a7@group-88D90C3DF79B: ConfigurationManager, init=-1: [6e88a04a-eefd-4ce0-8615-e06a993968a7:192.168.34.35:33336], old=null, confs=<EMPTY_MAP>
2019-11-17 12:10:48,146 [pool-47-thread-1] INFO  server.RaftServerConfigKeys (ConfUtils.java:logGet(43)) - raft.server.storage.dir = [/workdir/hadoop-ozone/tools/target/test-dir/MiniOzoneClusterImpl-001153d4-cfdc-40b4-815d-d1451a38a209/datanode-2/data/ratis] (custom)
2019-11-17 12:10:48,147 [pool-47-thread-1] INFO  server.RaftServerConfigKeys (ConfUtils.java:logGet(43)) - raft.server.log.corruption.policy = EXCEPTION (default)
2019-11-17 12:10:48,147 [pool-47-thread-1] INFO  storage.RaftStorageDirectory (RaftStorageDirectory.java:analyzeStorage(246)) - The storage directory /workdir/hadoop-ozone/tools/target/test-dir/MiniOzoneClusterImpl-001153d4-cfdc-40b4-815d-d1451a38a209/datanode-2/data/ratis/bef08aac-ea45-4a09-8a05-88d90c3df79b does not exist. Creating ...
2019-11-17 12:10:48,160 [pool-47-thread-1] INFO  storage.RaftStorageDirectory (RaftStorageDirectory.java:tryLock(328)) - Lock on /workdir/hadoop-ozone/tools/target/test-dir/MiniOzoneClusterImpl-001153d4-cfdc-40b4-815d-d1451a38a209/datanode-2/data/ratis/bef08aac-ea45-4a09-8a05-88d90c3df79b/in_use.lock acquired by nodename 12174@pr-hdds-2291-5997d-4279494527
2019-11-17 12:10:48,173 [pool-47-thread-1] INFO  storage.RaftStorage (RaftStorage.java:format(84)) - Storage directory /workdir/hadoop-ozone/tools/target/test-dir/MiniOzoneClusterImpl-001153d4-cfdc-40b4-815d-d1451a38a209/datanode-2/data/ratis/bef08aac-ea45-4a09-8a05-88d90c3df79b has been successfully formatted.
2019-11-17 12:10:48,173 [pool-47-thread-1] INFO  ratis.ContainerStateMachine (ContainerStateMachine.java:loadSnapshot(223)) - group-88D90C3DF79B: The snapshot info is null. Setting the last applied indexto:(t:0, i:~)
2019-11-17 12:10:48,174 [pool-47-thread-1] INFO  server.RaftServerConfigKeys (ConfUtils.java:logGet(43)) - raft.server.notification.no-leader.timeout = 120s (custom)
2019-11-17 12:10:48,174 [pool-47-thread-1] INFO  server.RaftServerConfigKeys (ConfUtils.java:logGet(43)) - raft.server.log.use.memory = false (default)
2019-11-17 12:10:48,174 [pool-47-thread-1] INFO  server.RaftServerConfigKeys (ConfUtils.java:logGet(43)) - raft.server.log.purge.gap = 1000000 (custom)
2019-11-17 12:10:48,174 [pool-47-thread-1] INFO  server.RaftServerConfigKeys (ConfUtils.java:logGet(43)) - raft.server.log.appender.buffer.byte-limit = 33554432 (custom)
2019-11-17 12:10:48,174 [pool-47-thread-1] INFO  server.RaftServerConfigKeys (ConfUtils.java:logGet(43)) - raft.server.log.segment.size.max = 1048576 (custom)
2019-11-17 12:10:48,174 [pool-47-thread-1] WARN  impl.MetricRegistriesImpl (MetricRegistriesImpl.java:lambda$create$1(61)) - First MetricRegistry has been created without registering reporters. You may need to call MetricRegistries.global().addReportRegistration(...) before.
2019-11-17 12:10:48,175 [pool-47-thread-1] INFO  server.RaftServerConfigKeys (ConfUtils.java:logGet(43)) - raft.server.log.segment.cache.num.max = 2 (custom)
2019-11-17 12:10:48,175 [pool-47-thread-1] INFO  segmented.SegmentedRaftLogWorker (SegmentedRaftLogWorker.java:<init>(173)) - new 6e88a04a-eefd-4ce0-8615-e06a993968a7@group-88D90C3DF79B-SegmentedRaftLogWorker for RaftStorage:Storage Directory /workdir/hadoop-ozone/tools/target/test-dir/MiniOzoneClusterImpl-001153d4-cfdc-40b4-815d-d1451a38a209/datanode-2/data/ratis/bef08aac-ea45-4a09-8a05-88d90c3df79b
2019-11-17 12:10:48,175 [pool-47-thread-1] INFO  server.RaftServerConfigKeys (ConfUtils.java:logGet(43)) - raft.server.log.queue.byte-limit = 2147483647 (custom)
2019-11-17 12:10:48,175 [pool-47-thread-1] INFO  server.RaftServerConfigKeys (ConfUtils.java:logGet(43)) - raft.server.log.queue.element-limit = 1024 (custom)
2019-11-17 12:10:48,175 [pool-47-thread-1] INFO  server.RaftServerConfigKeys (ConfUtils.java:logGet(43)) - raft.server.log.segment.size.max = 1048576 (custom)
2019-11-17 12:10:48,175 [pool-47-thread-1] INFO  server.RaftServerConfigKeys (ConfUtils.java:logGet(43)) - raft.server.log.preallocated.size = 16384 (custom)
2019-11-17 12:10:48,176 [pool-47-thread-1] INFO  server.RaftServerConfigKeys (ConfUtils.java:logGet(43)) - raft.server.log.write.buffer.size = 33554432 (custom)
2019-11-17 12:10:48,176 [pool-47-thread-1] INFO  server.RaftServerConfigKeys (ConfUtils.java:logGet(43)) - raft.server.log.force.sync.num = 128 (default)
2019-11-17 12:10:48,176 [pool-47-thread-1] INFO  server.RaftServerConfigKeys (ConfUtils.java:logGet(43)) - raft.server.log.statemachine.data.sync = true (default)
2019-11-17 12:10:48,176 [pool-47-thread-1] INFO  server.RaftServerConfigKeys (ConfUtils.java:logGet(43)) - raft.server.log.statemachine.data.sync.timeout = 10s (default)
2019-11-17 12:10:48,176 [pool-47-thread-1] INFO  server.RaftServerConfigKeys (ConfUtils.java:logGet(43)) - raft.server.log.statemachine.data.sync.timeout.retry = -1 (default)
2019-11-17 12:10:48,177 [pool-47-thread-1] INFO  server.RaftServerConfigKeys (ConfUtils.java:logGet(43)) - raft.server.log.statemachine.data.caching.enabled = true (custom)
2019-11-17 12:10:48,177 [pool-47-thread-1] INFO  segmented.SegmentedRaftLogWorker (SegmentedRaftLogWorker.java:lambda$new$0(128)) - 6e88a04a-eefd-4ce0-8615-e06a993968a7@group-88D90C3DF79B-SegmentedRaftLogWorker: flushIndex: setUnconditionally 0 -> -1
2019-11-17 12:10:48,177 [pool-47-thread-1] INFO  server.RaftServerConfigKeys (ConfUtils.java:logGet(43)) - raft.server.snapshot.auto.trigger.enabled = true (custom)
2019-11-17 12:10:48,178 [pool-47-thread-1] INFO  server.RaftServerConfigKeys (ConfUtils.java:logGet(43)) - raft.server.snapshot.auto.trigger.threshold = 10000 (custom)
2019-11-17 12:10:48,178 [pool-47-thread-1] INFO  server.RaftServerConfigKeys (ConfUtils.java:logGet(43)) - raft.server.snapshot.retention.file.num = 5 (custom)
2019-11-17 12:10:48,178 [pool-47-thread-1] INFO  server.RaftServerConfigKeys (ConfUtils.java:logGet(43)) - raft.server.retrycache.expirytime = 600000ms (custom)
2019-11-17 12:10:48,178 [pool-47-thread-1] WARN  impl.MetricRegistriesImpl (MetricRegistriesImpl.java:lambda$create$1(61)) - First MetricRegistry has been created without registering reporters. You may need to call MetricRegistries.global().addReportRegistration(...) before.
2019-11-17 12:10:48,178 [pool-47-thread-1] WARN  impl.MetricRegistriesImpl (MetricRegistriesImpl.java:lambda$create$1(61)) - First MetricRegistry has been created without registering reporters. You may need to call MetricRegistries.global().addReportRegistration(...) before.
2019-11-17 12:10:48,179 [pool-47-thread-1] INFO  impl.RaftServerImpl (RaftServerImpl.java:start(184)) - 6e88a04a-eefd-4ce0-8615-e06a993968a7@group-88D90C3DF79B: start as a follower, conf=-1: [6e88a04a-eefd-4ce0-8615-e06a993968a7:192.168.34.35:33336], old=null
2019-11-17 12:10:48,179 [pool-47-thread-1] INFO  impl.RaftServerImpl (RaftServerImpl.java:setRole(173)) - 6e88a04a-eefd-4ce0-8615-e06a993968a7@group-88D90C3DF79B: changes role from      null to FOLLOWER at term 0 for startAsFollower
2019-11-17 12:10:48,179 [pool-47-thread-1] INFO  impl.RoleInfo (RoleInfo.java:updateAndGet(143)) - 6e88a04a-eefd-4ce0-8615-e06a993968a7: start FollowerState
2019-11-17 12:10:48,180 [pool-47-thread-1] INFO  util.JmxRegister (JmxRegister.java:tryRegister(44)) - Successfully registered JMX Bean with object name Ratis:service=RaftServer,group=group-88D90C3DF79B,id=6e88a04a-eefd-4ce0-8615-e06a993968a7
2019-11-17 12:10:48,180 [pool-47-thread-1] WARN  impl.MetricRegistriesImpl (MetricRegistriesImpl.java:lambda$create$1(61)) - First MetricRegistry has been created without registering reporters. You may need to call MetricRegistries.global().addReportRegistration(...) before.
2019-11-17 12:10:48,189 [RatisPipelineUtilsThread] INFO  pipeline.PipelineStateManager (PipelineStateManager.java:addPipeline(55)) - Created pipeline Pipeline[ Id: bef08aac-ea45-4a09-8a05-88d90c3df79b, Nodes: 6e88a04a-eefd-4ce0-8615-e06a993968a7{ip: 192.168.34.35, host: pr-hdds-2291-5997d-4279494527, networkLocation: /default-rack, certSerialId: null}, Type:RATIS, Factor:ONE, State:ALLOCATED]
2019-11-17 12:10:48,218 [grpc-default-executor-2] INFO  impl.RaftServerProxy (RaftServerProxy.java:addNew(89)) - f8c171d0-1f10-4cc7-96b8-2148e4362ba2: addNew group-D76331FDFD65:[f8c171d0-1f10-4cc7-96b8-2148e4362ba2:192.168.34.35:46263, f834217c-c8f6-4875-b0f2-58e9e124a81d:192.168.34.35:39697, 6e88a04a-eefd-4ce0-8615-e06a993968a7:192.168.34.35:33336] returns group-D76331FDFD65:java.util.concurrent.CompletableFuture@53b085b5[Not completed]
2019-11-17 12:10:48,220 [grpc-default-executor-1] INFO  impl.RaftServerProxy (RaftServerProxy.java:addNew(89)) - f834217c-c8f6-4875-b0f2-58e9e124a81d: addNew group-D76331FDFD65:[f8c171d0-1f10-4cc7-96b8-2148e4362ba2:192.168.34.35:46263, f834217c-c8f6-4875-b0f2-58e9e124a81d:192.168.34.35:39697, 6e88a04a-eefd-4ce0-8615-e06a993968a7:192.168.34.35:33336] returns group-D76331FDFD65:java.util.concurrent.CompletableFuture@1f40d8d2[Not completed]
2019-11-17 12:10:48,223 [pool-27-thread-1] INFO  impl.RaftServerImpl (RaftServerImpl.java:<init>(98)) - f8c171d0-1f10-4cc7-96b8-2148e4362ba2: new RaftServerImpl for group-D76331FDFD65:[f8c171d0-1f10-4cc7-96b8-2148e4362ba2:192.168.34.35:46263, f834217c-c8f6-4875-b0f2-58e9e124a81d:192.168.34.35:39697, 6e88a04a-eefd-4ce0-8615-e06a993968a7:192.168.34.35:33336] with ContainerStateMachine:uninitialized
2019-11-17 12:10:48,223 [pool-27-thread-1] INFO  server.RaftServerConfigKeys (ConfUtils.java:logGet(43)) - raft.server.rpc.timeout.min = 5s (custom)
2019-11-17 12:10:48,224 [pool-27-thread-1] INFO  server.RaftServerConfigKeys (ConfUtils.java:logGet(43)) - raft.server.rpc.timeout.max = 5200ms (custom)
2019-11-17 12:10:48,225 [pool-27-thread-1] INFO  server.RaftServerConfigKeys (ConfUtils.java:logGet(43)) - raft.server.rpcslowness.timeout = 120s (custom)
2019-11-17 12:10:48,225 [pool-27-thread-1] INFO  server.RaftServerConfigKeys (ConfUtils.java:logGet(43)) - raft.server.sleep.deviation.threshold = 300 (default)
2019-11-17 12:10:48,225 [pool-27-thread-1] INFO  server.RaftServerConfigKeys (ConfUtils.java:logGet(43)) - raft.server.log.appender.install.snapshot.enabled = false (custom)
2019-11-17 12:10:48,225 [pool-27-thread-1] INFO  impl.RaftServerImpl (ServerState.java:<init>(103)) - f8c171d0-1f10-4cc7-96b8-2148e4362ba2@group-D76331FDFD65: ConfigurationManager, init=-1: [f8c171d0-1f10-4cc7-96b8-2148e4362ba2:192.168.34.35:46263, f834217c-c8f6-4875-b0f2-58e9e124a81d:192.168.34.35:39697, 6e88a04a-eefd-4ce0-8615-e06a993968a7:192.168.34.35:33336], old=null, confs=<EMPTY_MAP>
2019-11-17 12:10:48,225 [grpc-default-executor-1] INFO  impl.RaftServerProxy (RaftServerProxy.java:addNew(89)) - 6e88a04a-eefd-4ce0-8615-e06a993968a7: addNew group-D76331FDFD65:[f8c171d0-1f10-4cc7-96b8-2148e4362ba2:192.168.34.35:46263, f834217c-c8f6-4875-b0f2-58e9e124a81d:192.168.34.35:39697, 6e88a04a-eefd-4ce0-8615-e06a993968a7:192.168.34.35:33336] returns group-D76331FDFD65:java.util.concurrent.CompletableFuture@5a42455e[Not completed]
2019-11-17 12:10:48,225 [pool-27-thread-1] INFO  server.RaftServerConfigKeys (ConfUtils.java:logGet(43)) - raft.server.storage.dir = [/workdir/hadoop-ozone/tools/target/test-dir/MiniOzoneClusterImpl-001153d4-cfdc-40b4-815d-d1451a38a209/datanode-0/data/ratis] (custom)
2019-11-17 12:10:48,225 [pool-37-thread-1] INFO  impl.RaftServerImpl (RaftServerImpl.java:<init>(98)) - f834217c-c8f6-4875-b0f2-58e9e124a81d: new RaftServerImpl for group-D76331FDFD65:[f8c171d0-1f10-4cc7-96b8-2148e4362ba2:192.168.34.35:46263, f834217c-c8f6-4875-b0f2-58e9e124a81d:192.168.34.35:39697, 6e88a04a-eefd-4ce0-8615-e06a993968a7:192.168.34.35:33336] with ContainerStateMachine:uninitialized
2019-11-17 12:10:48,226 [pool-37-thread-1] INFO  server.RaftServerConfigKeys (ConfUtils.java:logGet(43)) - raft.server.rpc.timeout.min = 5s (custom)
2019-11-17 12:10:48,226 [pool-27-thread-1] INFO  server.RaftServerConfigKeys (ConfUtils.java:logGet(43)) - raft.server.log.corruption.policy = EXCEPTION (default)
2019-11-17 12:10:48,226 [pool-37-thread-1] INFO  server.RaftServerConfigKeys (ConfUtils.java:logGet(43)) - raft.server.rpc.timeout.max = 5200ms (custom)
2019-11-17 12:10:48,226 [pool-27-thread-1] INFO  storage.RaftStorageDirectory (RaftStorageDirectory.java:analyzeStorage(246)) - The storage directory /workdir/hadoop-ozone/tools/target/test-dir/MiniOzoneClusterImpl-001153d4-cfdc-40b4-815d-d1451a38a209/datanode-0/data/ratis/f3a42094-702c-441a-80f2-d76331fdfd65 does not exist. Creating ...
2019-11-17 12:10:48,226 [pool-37-thread-1] INFO  server.RaftServerConfigKeys (ConfUtils.java:logGet(43)) - raft.server.rpcslowness.timeout = 120s (custom)
2019-11-17 12:10:48,227 [pool-37-thread-1] INFO  server.RaftServerConfigKeys (ConfUtils.java:logGet(43)) - raft.server.sleep.deviation.threshold = 300 (default)
2019-11-17 12:10:48,227 [pool-37-thread-1] INFO  server.RaftServerConfigKeys (ConfUtils.java:logGet(43)) - raft.server.log.appender.install.snapshot.enabled = false (custom)
2019-11-17 12:10:48,227 [pool-37-thread-1] INFO  impl.RaftServerImpl (ServerState.java:<init>(103)) - f834217c-c8f6-4875-b0f2-58e9e124a81d@group-D76331FDFD65: ConfigurationManager, init=-1: [f8c171d0-1f10-4cc7-96b8-2148e4362ba2:192.168.34.35:46263, f834217c-c8f6-4875-b0f2-58e9e124a81d:192.168.34.35:39697, 6e88a04a-eefd-4ce0-8615-e06a993968a7:192.168.34.35:33336], old=null, confs=<EMPTY_MAP>
2019-11-17 12:10:48,227 [pool-37-thread-1] INFO  server.RaftServerConfigKeys (ConfUtils.java:logGet(43)) - raft.server.storage.dir = [/workdir/hadoop-ozone/tools/target/test-dir/MiniOzoneClusterImpl-001153d4-cfdc-40b4-815d-d1451a38a209/datanode-1/data/ratis] (custom)
2019-11-17 12:10:48,228 [pool-47-thread-1] INFO  impl.RaftServerImpl (RaftServerImpl.java:<init>(98)) - 6e88a04a-eefd-4ce0-8615-e06a993968a7: new RaftServerImpl for group-D76331FDFD65:[f8c171d0-1f10-4cc7-96b8-2148e4362ba2:192.168.34.35:46263, f834217c-c8f6-4875-b0f2-58e9e124a81d:192.168.34.35:39697, 6e88a04a-eefd-4ce0-8615-e06a993968a7:192.168.34.35:33336] with ContainerStateMachine:uninitialized
2019-11-17 12:10:48,228 [pool-37-thread-1] INFO  server.RaftServerConfigKeys (ConfUtils.java:logGet(43)) - raft.server.log.corruption.policy = EXCEPTION (default)
2019-11-17 12:10:48,228 [pool-47-thread-1] INFO  server.RaftServerConfigKeys (ConfUtils.java:logGet(43)) - raft.server.rpc.timeout.min = 5s (custom)
2019-11-17 12:10:48,228 [pool-37-thread-1] INFO  storage.RaftStorageDirectory (RaftStorageDirectory.java:analyzeStorage(246)) - The storage directory /workdir/hadoop-ozone/tools/target/test-dir/MiniOzoneClusterImpl-001153d4-cfdc-40b4-815d-d1451a38a209/datanode-1/data/ratis/f3a42094-702c-441a-80f2-d76331fdfd65 does not exist. Creating ...
2019-11-17 12:10:48,228 [pool-47-thread-1] INFO  server.RaftServerConfigKeys (ConfUtils.java:logGet(43)) - raft.server.rpc.timeout.max = 5200ms (custom)
2019-11-17 12:10:48,229 [pool-47-thread-1] INFO  server.RaftServerConfigKeys (ConfUtils.java:logGet(43)) - raft.server.rpcslowness.timeout = 120s (custom)
2019-11-17 12:10:48,229 [pool-47-thread-1] INFO  server.RaftServerConfigKeys (ConfUtils.java:logGet(43)) - raft.server.sleep.deviation.threshold = 300 (default)
2019-11-17 12:10:48,229 [pool-47-thread-1] INFO  server.RaftServerConfigKeys (ConfUtils.java:logGet(43)) - raft.server.log.appender.install.snapshot.enabled = false (custom)
2019-11-17 12:10:48,229 [pool-47-thread-1] INFO  impl.RaftServerImpl (ServerState.java:<init>(103)) - 6e88a04a-eefd-4ce0-8615-e06a993968a7@group-D76331FDFD65: ConfigurationManager, init=-1: [f8c171d0-1f10-4cc7-96b8-2148e4362ba2:192.168.34.35:46263, f834217c-c8f6-4875-b0f2-58e9e124a81d:192.168.34.35:39697, 6e88a04a-eefd-4ce0-8615-e06a993968a7:192.168.34.35:33336], old=null, confs=<EMPTY_MAP>
2019-11-17 12:10:48,230 [pool-47-thread-1] INFO  server.RaftServerConfigKeys (ConfUtils.java:logGet(43)) - raft.server.storage.dir = [/workdir/hadoop-ozone/tools/target/test-dir/MiniOzoneClusterImpl-001153d4-cfdc-40b4-815d-d1451a38a209/datanode-2/data/ratis] (custom)
2019-11-17 12:10:48,230 [pool-47-thread-1] INFO  server.RaftServerConfigKeys (ConfUtils.java:logGet(43)) - raft.server.log.corruption.policy = EXCEPTION (default)
2019-11-17 12:10:48,230 [pool-47-thread-1] INFO  storage.RaftStorageDirectory (RaftStorageDirectory.java:analyzeStorage(246)) - The storage directory /workdir/hadoop-ozone/tools/target/test-dir/MiniOzoneClusterImpl-001153d4-cfdc-40b4-815d-d1451a38a209/datanode-2/data/ratis/f3a42094-702c-441a-80f2-d76331fdfd65 does not exist. Creating ...
2019-11-17 12:10:48,240 [pool-37-thread-1] INFO  storage.RaftStorageDirectory (RaftStorageDirectory.java:tryLock(328)) - Lock on /workdir/hadoop-ozone/tools/target/test-dir/MiniOzoneClusterImpl-001153d4-cfdc-40b4-815d-d1451a38a209/datanode-1/data/ratis/f3a42094-702c-441a-80f2-d76331fdfd65/in_use.lock acquired by nodename 12174@pr-hdds-2291-5997d-4279494527
2019-11-17 12:10:48,240 [pool-27-thread-1] INFO  storage.RaftStorageDirectory (RaftStorageDirectory.java:tryLock(328)) - Lock on /workdir/hadoop-ozone/tools/target/test-dir/MiniOzoneClusterImpl-001153d4-cfdc-40b4-815d-d1451a38a209/datanode-0/data/ratis/f3a42094-702c-441a-80f2-d76331fdfd65/in_use.lock acquired by nodename 12174@pr-hdds-2291-5997d-4279494527
2019-11-17 12:10:48,240 [pool-47-thread-1] INFO  storage.RaftStorageDirectory (RaftStorageDirectory.java:tryLock(328)) - Lock on /workdir/hadoop-ozone/tools/target/test-dir/MiniOzoneClusterImpl-001153d4-cfdc-40b4-815d-d1451a38a209/datanode-2/data/ratis/f3a42094-702c-441a-80f2-d76331fdfd65/in_use.lock acquired by nodename 12174@pr-hdds-2291-5997d-4279494527
2019-11-17 12:10:48,255 [pool-27-thread-1] INFO  storage.RaftStorage (RaftStorage.java:format(84)) - Storage directory /workdir/hadoop-ozone/tools/target/test-dir/MiniOzoneClusterImpl-001153d4-cfdc-40b4-815d-d1451a38a209/datanode-0/data/ratis/f3a42094-702c-441a-80f2-d76331fdfd65 has been successfully formatted.
2019-11-17 12:10:48,255 [pool-37-thread-1] INFO  storage.RaftStorage (RaftStorage.java:format(84)) - Storage directory /workdir/hadoop-ozone/tools/target/test-dir/MiniOzoneClusterImpl-001153d4-cfdc-40b4-815d-d1451a38a209/datanode-1/data/ratis/f3a42094-702c-441a-80f2-d76331fdfd65 has been successfully formatted.
2019-11-17 12:10:48,255 [pool-47-thread-1] INFO  storage.RaftStorage (RaftStorage.java:format(84)) - Storage directory /workdir/hadoop-ozone/tools/target/test-dir/MiniOzoneClusterImpl-001153d4-cfdc-40b4-815d-d1451a38a209/datanode-2/data/ratis/f3a42094-702c-441a-80f2-d76331fdfd65 has been successfully formatted.
2019-11-17 12:10:48,256 [pool-27-thread-1] INFO  ratis.ContainerStateMachine (ContainerStateMachine.java:loadSnapshot(223)) - group-D76331FDFD65: The snapshot info is null. Setting the last applied indexto:(t:0, i:~)
2019-11-17 12:10:48,256 [pool-47-thread-1] INFO  ratis.ContainerStateMachine (ContainerStateMachine.java:loadSnapshot(223)) - group-D76331FDFD65: The snapshot info is null. Setting the last applied indexto:(t:0, i:~)
2019-11-17 12:10:48,256 [pool-37-thread-1] INFO  ratis.ContainerStateMachine (ContainerStateMachine.java:loadSnapshot(223)) - group-D76331FDFD65: The snapshot info is null. Setting the last applied indexto:(t:0, i:~)
2019-11-17 12:10:48,256 [pool-47-thread-1] INFO  server.RaftServerConfigKeys (ConfUtils.java:logGet(43)) - raft.server.notification.no-leader.timeout = 120s (custom)
2019-11-17 12:10:48,256 [pool-27-thread-1] INFO  server.RaftServerConfigKeys (ConfUtils.java:logGet(43)) - raft.server.notification.no-leader.timeout = 120s (custom)
2019-11-17 12:10:48,257 [pool-47-thread-1] INFO  server.RaftServerConfigKeys (ConfUtils.java:logGet(43)) - raft.server.log.use.memory = false (default)
2019-11-17 12:10:48,256 [pool-37-thread-1] INFO  server.RaftServerConfigKeys (ConfUtils.java:logGet(43)) - raft.server.notification.no-leader.timeout = 120s (custom)
2019-11-17 12:10:48,257 [pool-27-thread-1] INFO  server.RaftServerConfigKeys (ConfUtils.java:logGet(43)) - raft.server.log.use.memory = false (default)
2019-11-17 12:10:48,257 [pool-47-thread-1] INFO  server.RaftServerConfigKeys (ConfUtils.java:logGet(43)) - raft.server.log.purge.gap = 1000000 (custom)
2019-11-17 12:10:48,257 [pool-37-thread-1] INFO  server.RaftServerConfigKeys (ConfUtils.java:logGet(43)) - raft.server.log.use.memory = false (default)
2019-11-17 12:10:48,258 [pool-47-thread-1] INFO  server.RaftServerConfigKeys (ConfUtils.java:logGet(43)) - raft.server.log.appender.buffer.byte-limit = 33554432 (custom)
2019-11-17 12:10:48,257 [pool-27-thread-1] INFO  server.RaftServerConfigKeys (ConfUtils.java:logGet(43)) - raft.server.log.purge.gap = 1000000 (custom)
2019-11-17 12:10:48,258 [pool-47-thread-1] INFO  server.RaftServerConfigKeys (ConfUtils.java:logGet(43)) - raft.server.log.segment.size.max = 1048576 (custom)
2019-11-17 12:10:48,258 [pool-37-thread-1] INFO  server.RaftServerConfigKeys (ConfUtils.java:logGet(43)) - raft.server.log.purge.gap = 1000000 (custom)
2019-11-17 12:10:48,258 [pool-47-thread-1] INFO  server.RaftServerConfigKeys (ConfUtils.java:logGet(43)) - raft.server.log.segment.cache.num.max = 2 (custom)
2019-11-17 12:10:48,258 [pool-27-thread-1] INFO  server.RaftServerConfigKeys (ConfUtils.java:logGet(43)) - raft.server.log.appender.buffer.byte-limit = 33554432 (custom)
2019-11-17 12:10:48,259 [pool-47-thread-1] INFO  segmented.SegmentedRaftLogWorker (SegmentedRaftLogWorker.java:<init>(173)) - new 6e88a04a-eefd-4ce0-8615-e06a993968a7@group-D76331FDFD65-SegmentedRaftLogWorker for RaftStorage:Storage Directory /workdir/hadoop-ozone/tools/target/test-dir/MiniOzoneClusterImpl-001153d4-cfdc-40b4-815d-d1451a38a209/datanode-2/data/ratis/f3a42094-702c-441a-80f2-d76331fdfd65
2019-11-17 12:10:48,258 [pool-37-thread-1] INFO  server.RaftServerConfigKeys (ConfUtils.java:logGet(43)) - raft.server.log.appender.buffer.byte-limit = 33554432 (custom)
2019-11-17 12:10:48,259 [pool-47-thread-1] INFO  server.RaftServerConfigKeys (ConfUtils.java:logGet(43)) - raft.server.log.queue.byte-limit = 2147483647 (custom)
2019-11-17 12:10:48,259 [pool-27-thread-1] INFO  server.RaftServerConfigKeys (ConfUtils.java:logGet(43)) - raft.server.log.segment.size.max = 1048576 (custom)
2019-11-17 12:10:48,259 [pool-47-thread-1] INFO  server.RaftServerConfigKeys (ConfUtils.java:logGet(43)) - raft.server.log.queue.element-limit = 1024 (custom)
2019-11-17 12:10:48,259 [pool-37-thread-1] INFO  server.RaftServerConfigKeys (ConfUtils.java:logGet(43)) - raft.server.log.segment.size.max = 1048576 (custom)
2019-11-17 12:10:48,259 [pool-47-thread-1] INFO  server.RaftServerConfigKeys (ConfUtils.java:logGet(43)) - raft.server.log.segment.size.max = 1048576 (custom)
2019-11-17 12:10:48,259 [pool-27-thread-1] INFO  server.RaftServerConfigKeys (ConfUtils.java:logGet(43)) - raft.server.log.segment.cache.num.max = 2 (custom)
2019-11-17 12:10:48,260 [pool-47-thread-1] INFO  server.RaftServerConfigKeys (ConfUtils.java:logGet(43)) - raft.server.log.preallocated.size = 16384 (custom)
2019-11-17 12:10:48,260 [pool-37-thread-1] INFO  server.RaftServerConfigKeys (ConfUtils.java:logGet(43)) - raft.server.log.segment.cache.num.max = 2 (custom)
2019-11-17 12:10:48,260 [pool-47-thread-1] INFO  server.RaftServerConfigKeys (ConfUtils.java:logGet(43)) - raft.server.log.write.buffer.size = 33554432 (custom)
2019-11-17 12:10:48,260 [pool-27-thread-1] INFO  segmented.SegmentedRaftLogWorker (SegmentedRaftLogWorker.java:<init>(173)) - new f8c171d0-1f10-4cc7-96b8-2148e4362ba2@group-D76331FDFD65-SegmentedRaftLogWorker for RaftStorage:Storage Directory /workdir/hadoop-ozone/tools/target/test-dir/MiniOzoneClusterImpl-001153d4-cfdc-40b4-815d-d1451a38a209/datanode-0/data/ratis/f3a42094-702c-441a-80f2-d76331fdfd65
2019-11-17 12:10:48,260 [pool-47-thread-1] INFO  server.RaftServerConfigKeys (ConfUtils.java:logGet(43)) - raft.server.log.force.sync.num = 128 (default)
2019-11-17 12:10:48,260 [pool-37-thread-1] INFO  segmented.SegmentedRaftLogWorker (SegmentedRaftLogWorker.java:<init>(173)) - new f834217c-c8f6-4875-b0f2-58e9e124a81d@group-D76331FDFD65-SegmentedRaftLogWorker for RaftStorage:Storage Directory /workdir/hadoop-ozone/tools/target/test-dir/MiniOzoneClusterImpl-001153d4-cfdc-40b4-815d-d1451a38a209/datanode-1/data/ratis/f3a42094-702c-441a-80f2-d76331fdfd65
2019-11-17 12:10:48,261 [pool-47-thread-1] INFO  server.RaftServerConfigKeys (ConfUtils.java:logGet(43)) - raft.server.log.statemachine.data.sync = true (default)
2019-11-17 12:10:48,261 [pool-27-thread-1] INFO  server.RaftServerConfigKeys (ConfUtils.java:logGet(43)) - raft.server.log.queue.byte-limit = 2147483647 (custom)
2019-11-17 12:10:48,261 [pool-47-thread-1] INFO  server.RaftServerConfigKeys (ConfUtils.java:logGet(43)) - raft.server.log.statemachine.data.sync.timeout = 10s (default)
2019-11-17 12:10:48,261 [pool-37-thread-1] INFO  server.RaftServerConfigKeys (ConfUtils.java:logGet(43)) - raft.server.log.queue.byte-limit = 2147483647 (custom)
2019-11-17 12:10:48,261 [pool-47-thread-1] INFO  server.RaftServerConfigKeys (ConfUtils.java:logGet(43)) - raft.server.log.statemachine.data.sync.timeout.retry = -1 (default)
2019-11-17 12:10:48,262 [pool-37-thread-1] INFO  server.RaftServerConfigKeys (ConfUtils.java:logGet(43)) - raft.server.log.queue.element-limit = 1024 (custom)
2019-11-17 12:10:48,261 [pool-27-thread-1] INFO  server.RaftServerConfigKeys (ConfUtils.java:logGet(43)) - raft.server.log.queue.element-limit = 1024 (custom)
2019-11-17 12:10:48,262 [pool-37-thread-1] INFO  server.RaftServerConfigKeys (ConfUtils.java:logGet(43)) - raft.server.log.segment.size.max = 1048576 (custom)
2019-11-17 12:10:48,262 [pool-47-thread-1] INFO  server.RaftServerConfigKeys (ConfUtils.java:logGet(43)) - raft.server.log.statemachine.data.caching.enabled = true (custom)
2019-11-17 12:10:48,262 [pool-37-thread-1] INFO  server.RaftServerConfigKeys (ConfUtils.java:logGet(43)) - raft.server.log.preallocated.size = 16384 (custom)
2019-11-17 12:10:48,262 [pool-27-thread-1] INFO  server.RaftServerConfigKeys (ConfUtils.java:logGet(43)) - raft.server.log.segment.size.max = 1048576 (custom)
2019-11-17 12:10:48,263 [pool-47-thread-1] INFO  segmented.SegmentedRaftLogWorker (SegmentedRaftLogWorker.java:lambda$new$0(128)) - 6e88a04a-eefd-4ce0-8615-e06a993968a7@group-D76331FDFD65-SegmentedRaftLogWorker: flushIndex: setUnconditionally 0 -> -1
2019-11-17 12:10:48,263 [pool-37-thread-1] INFO  server.RaftServerConfigKeys (ConfUtils.java:logGet(43)) - raft.server.log.write.buffer.size = 33554432 (custom)
2019-11-17 12:10:48,263 [pool-27-thread-1] INFO  server.RaftServerConfigKeys (ConfUtils.java:logGet(43)) - raft.server.log.preallocated.size = 16384 (custom)
2019-11-17 12:10:48,263 [pool-47-thread-1] INFO  server.RaftServerConfigKeys (ConfUtils.java:logGet(43)) - raft.server.snapshot.auto.trigger.enabled = true (custom)
2019-11-17 12:10:48,263 [pool-37-thread-1] INFO  server.RaftServerConfigKeys (ConfUtils.java:logGet(43)) - raft.server.log.force.sync.num = 128 (default)
2019-11-17 12:10:48,264 [pool-47-thread-1] INFO  server.RaftServerConfigKeys (ConfUtils.java:logGet(43)) - raft.server.snapshot.auto.trigger.threshold = 10000 (custom)
2019-11-17 12:10:48,264 [pool-27-thread-1] INFO  server.RaftServerConfigKeys (ConfUtils.java:logGet(43)) - raft.server.log.write.buffer.size = 33554432 (custom)
2019-11-17 12:10:48,264 [pool-47-thread-1] INFO  server.RaftServerConfigKeys (ConfUtils.java:logGet(43)) - raft.server.snapshot.retention.file.num = 5 (custom)
2019-11-17 12:10:48,264 [pool-37-thread-1] INFO  server.RaftServerConfigKeys (ConfUtils.java:logGet(43)) - raft.server.log.statemachine.data.sync = true (default)
2019-11-17 12:10:48,264 [pool-47-thread-1] INFO  server.RaftServerConfigKeys (ConfUtils.java:logGet(43)) - raft.server.retrycache.expirytime = 600000ms (custom)
2019-11-17 12:10:48,264 [pool-27-thread-1] INFO  server.RaftServerConfigKeys (ConfUtils.java:logGet(43)) - raft.server.log.force.sync.num = 128 (default)
2019-11-17 12:10:48,265 [pool-47-thread-1] WARN  impl.MetricRegistriesImpl (MetricRegistriesImpl.java:lambda$create$1(61)) - First MetricRegistry has been created without registering reporters. You may need to call MetricRegistries.global().addReportRegistration(...) before.
2019-11-17 12:10:48,265 [pool-37-thread-1] INFO  server.RaftServerConfigKeys (ConfUtils.java:logGet(43)) - raft.server.log.statemachine.data.sync.timeout = 10s (default)
2019-11-17 12:10:48,265 [pool-47-thread-1] WARN  impl.MetricRegistriesImpl (MetricRegistriesImpl.java:lambda$create$1(61)) - First MetricRegistry has been created without registering reporters. You may need to call MetricRegistries.global().addReportRegistration(...) before.
2019-11-17 12:10:48,265 [pool-27-thread-1] INFO  server.RaftServerConfigKeys (ConfUtils.java:logGet(43)) - raft.server.log.statemachine.data.sync = true (default)
2019-11-17 12:10:48,265 [pool-37-thread-1] INFO  server.RaftServerConfigKeys (ConfUtils.java:logGet(43)) - raft.server.log.statemachine.data.sync.timeout.retry = -1 (default)
2019-11-17 12:10:48,266 [pool-27-thread-1] INFO  server.RaftServerConfigKeys (ConfUtils.java:logGet(43)) - raft.server.log.statemachine.data.sync.timeout = 10s (default)
2019-11-17 12:10:48,266 [pool-47-thread-1] INFO  impl.RaftServerImpl (RaftServerImpl.java:start(184)) - 6e88a04a-eefd-4ce0-8615-e06a993968a7@group-D76331FDFD65: start as a follower, conf=-1: [f8c171d0-1f10-4cc7-96b8-2148e4362ba2:192.168.34.35:46263, f834217c-c8f6-4875-b0f2-58e9e124a81d:192.168.34.35:39697, 6e88a04a-eefd-4ce0-8615-e06a993968a7:192.168.34.35:33336], old=null
2019-11-17 12:10:48,266 [pool-27-thread-1] INFO  server.RaftServerConfigKeys (ConfUtils.java:logGet(43)) - raft.server.log.statemachine.data.sync.timeout.retry = -1 (default)
2019-11-17 12:10:48,266 [pool-37-thread-1] INFO  server.RaftServerConfigKeys (ConfUtils.java:logGet(43)) - raft.server.log.statemachine.data.caching.enabled = true (custom)
2019-11-17 12:10:48,266 [pool-47-thread-1] INFO  impl.RaftServerImpl (RaftServerImpl.java:setRole(173)) - 6e88a04a-eefd-4ce0-8615-e06a993968a7@group-D76331FDFD65: changes role from      null to FOLLOWER at term 0 for startAsFollower
2019-11-17 12:10:48,267 [pool-27-thread-1] INFO  server.RaftServerConfigKeys (ConfUtils.java:logGet(43)) - raft.server.log.statemachine.data.caching.enabled = true (custom)
2019-11-17 12:10:48,267 [pool-47-thread-1] INFO  impl.RoleInfo (RoleInfo.java:updateAndGet(143)) - 6e88a04a-eefd-4ce0-8615-e06a993968a7: start FollowerState
2019-11-17 12:10:48,267 [pool-37-thread-1] INFO  segmented.SegmentedRaftLogWorker (SegmentedRaftLogWorker.java:lambda$new$0(128)) - f834217c-c8f6-4875-b0f2-58e9e124a81d@group-D76331FDFD65-SegmentedRaftLogWorker: flushIndex: setUnconditionally 0 -> -1
2019-11-17 12:10:48,267 [pool-27-thread-1] INFO  segmented.SegmentedRaftLogWorker (SegmentedRaftLogWorker.java:lambda$new$0(128)) - f8c171d0-1f10-4cc7-96b8-2148e4362ba2@group-D76331FDFD65-SegmentedRaftLogWorker: flushIndex: setUnconditionally 0 -> -1
2019-11-17 12:10:48,268 [pool-37-thread-1] INFO  server.RaftServerConfigKeys (ConfUtils.java:logGet(43)) - raft.server.snapshot.auto.trigger.enabled = true (custom)
2019-11-17 12:10:48,268 [pool-47-thread-1] INFO  util.JmxRegister (JmxRegister.java:tryRegister(44)) - Successfully registered JMX Bean with object name Ratis:service=RaftServer,group=group-D76331FDFD65,id=6e88a04a-eefd-4ce0-8615-e06a993968a7
2019-11-17 12:10:48,268 [pool-27-thread-1] INFO  server.RaftServerConfigKeys (ConfUtils.java:logGet(43)) - raft.server.snapshot.auto.trigger.enabled = true (custom)
2019-11-17 12:10:48,268 [pool-37-thread-1] INFO  server.RaftServerConfigKeys (ConfUtils.java:logGet(43)) - raft.server.snapshot.auto.trigger.threshold = 10000 (custom)
2019-11-17 12:10:48,268 [pool-27-thread-1] INFO  server.RaftServerConfigKeys (ConfUtils.java:logGet(43)) - raft.server.snapshot.auto.trigger.threshold = 10000 (custom)
2019-11-17 12:10:48,268 [pool-47-thread-1] WARN  impl.MetricRegistriesImpl (MetricRegistriesImpl.java:lambda$create$1(61)) - First MetricRegistry has been created without registering reporters. You may need to call MetricRegistries.global().addReportRegistration(...) before.
2019-11-17 12:10:48,268 [pool-27-thread-1] INFO  server.RaftServerConfigKeys (ConfUtils.java:logGet(43)) - raft.server.snapshot.retention.file.num = 5 (custom)
2019-11-17 12:10:48,268 [pool-37-thread-1] INFO  server.RaftServerConfigKeys (ConfUtils.java:logGet(43)) - raft.server.snapshot.retention.file.num = 5 (custom)
2019-11-17 12:10:48,269 [pool-27-thread-1] INFO  server.RaftServerConfigKeys (ConfUtils.java:logGet(43)) - raft.server.retrycache.expirytime = 600000ms (custom)
2019-11-17 12:10:48,269 [pool-37-thread-1] INFO  server.RaftServerConfigKeys (ConfUtils.java:logGet(43)) - raft.server.retrycache.expirytime = 600000ms (custom)
2019-11-17 12:10:48,269 [pool-27-thread-1] WARN  impl.MetricRegistriesImpl (MetricRegistriesImpl.java:lambda$create$1(61)) - First MetricRegistry has been created without registering reporters. You may need to call MetricRegistries.global().addReportRegistration(...) before.
2019-11-17 12:10:48,269 [pool-37-thread-1] WARN  impl.MetricRegistriesImpl (MetricRegistriesImpl.java:lambda$create$1(61)) - First MetricRegistry has been created without registering reporters. You may need to call MetricRegistries.global().addReportRegistration(...) before.
2019-11-17 12:10:48,270 [pool-27-thread-1] WARN  impl.MetricRegistriesImpl (MetricRegistriesImpl.java:lambda$create$1(61)) - First MetricRegistry has been created without registering reporters. You may need to call MetricRegistries.global().addReportRegistration(...) before.
2019-11-17 12:10:48,270 [pool-37-thread-1] WARN  impl.MetricRegistriesImpl (MetricRegistriesImpl.java:lambda$create$1(61)) - First MetricRegistry has been created without registering reporters. You may need to call MetricRegistries.global().addReportRegistration(...) before.
2019-11-17 12:10:48,270 [pool-27-thread-1] INFO  impl.RaftServerImpl (RaftServerImpl.java:start(184)) - f8c171d0-1f10-4cc7-96b8-2148e4362ba2@group-D76331FDFD65: start as a follower, conf=-1: [f8c171d0-1f10-4cc7-96b8-2148e4362ba2:192.168.34.35:46263, f834217c-c8f6-4875-b0f2-58e9e124a81d:192.168.34.35:39697, 6e88a04a-eefd-4ce0-8615-e06a993968a7:192.168.34.35:33336], old=null
2019-11-17 12:10:48,270 [pool-37-thread-1] INFO  impl.RaftServerImpl (RaftServerImpl.java:start(184)) - f834217c-c8f6-4875-b0f2-58e9e124a81d@group-D76331FDFD65: start as a follower, conf=-1: [f8c171d0-1f10-4cc7-96b8-2148e4362ba2:192.168.34.35:46263, f834217c-c8f6-4875-b0f2-58e9e124a81d:192.168.34.35:39697, 6e88a04a-eefd-4ce0-8615-e06a993968a7:192.168.34.35:33336], old=null
2019-11-17 12:10:48,274 [pool-27-thread-1] INFO  impl.RaftServerImpl (RaftServerImpl.java:setRole(173)) - f8c171d0-1f10-4cc7-96b8-2148e4362ba2@group-D76331FDFD65: changes role from      null to FOLLOWER at term 0 for startAsFollower
2019-11-17 12:10:48,275 [pool-37-thread-1] INFO  impl.RaftServerImpl (RaftServerImpl.java:setRole(173)) - f834217c-c8f6-4875-b0f2-58e9e124a81d@group-D76331FDFD65: changes role from      null to FOLLOWER at term 0 for startAsFollower
2019-11-17 12:10:48,275 [pool-27-thread-1] INFO  impl.RoleInfo (RoleInfo.java:updateAndGet(143)) - f8c171d0-1f10-4cc7-96b8-2148e4362ba2: start FollowerState
2019-11-17 12:10:48,276 [pool-37-thread-1] INFO  impl.RoleInfo (RoleInfo.java:updateAndGet(143)) - f834217c-c8f6-4875-b0f2-58e9e124a81d: start FollowerState
2019-11-17 12:10:48,278 [pool-37-thread-1] INFO  util.JmxRegister (JmxRegister.java:tryRegister(44)) - Successfully registered JMX Bean with object name Ratis:service=RaftServer,group=group-D76331FDFD65,id=f834217c-c8f6-4875-b0f2-58e9e124a81d
2019-11-17 12:10:48,278 [pool-27-thread-1] INFO  util.JmxRegister (JmxRegister.java:tryRegister(44)) - Successfully registered JMX Bean with object name Ratis:service=RaftServer,group=group-D76331FDFD65,id=f8c171d0-1f10-4cc7-96b8-2148e4362ba2
2019-11-17 12:10:48,278 [pool-37-thread-1] WARN  impl.MetricRegistriesImpl (MetricRegistriesImpl.java:lambda$create$1(61)) - First MetricRegistry has been created without registering reporters. You may need to call MetricRegistries.global().addReportRegistration(...) before.
2019-11-17 12:10:48,279 [pool-27-thread-1] WARN  impl.MetricRegistriesImpl (MetricRegistriesImpl.java:lambda$create$1(61)) - First MetricRegistry has been created without registering reporters. You may need to call MetricRegistries.global().addReportRegistration(...) before.
2019-11-17 12:10:48,307 [RatisPipelineUtilsThread] INFO  pipeline.PipelineStateManager (PipelineStateManager.java:addPipeline(55)) - Created pipeline Pipeline[ Id: f3a42094-702c-441a-80f2-d76331fdfd65, Nodes: f8c171d0-1f10-4cc7-96b8-2148e4362ba2{ip: 192.168.34.35, host: pr-hdds-2291-5997d-4279494527, networkLocation: /default-rack, certSerialId: null}f834217c-c8f6-4875-b0f2-58e9e124a81d{ip: 192.168.34.35, host: pr-hdds-2291-5997d-4279494527, networkLocation: /default-rack, certSerialId: null}6e88a04a-eefd-4ce0-8615-e06a993968a7{ip: 192.168.34.35, host: pr-hdds-2291-5997d-4279494527, networkLocation: /default-rack, certSerialId: null}, Type:RATIS, Factor:THREE, State:ALLOCATED]
2019-11-17 12:10:48,310 [main] INFO  ozone.MiniOzoneClusterImpl (MiniOzoneClusterImpl.java:lambda$waitForClusterToBeReady$2(163)) - Waiting for 4 number of pipelines out of 4, to report a leader.
2019-11-17 12:10:49,311 [main] INFO  ozone.MiniOzoneClusterImpl (MiniOzoneClusterImpl.java:lambda$waitForClusterToBeReady$2(163)) - Waiting for 4 number of pipelines out of 4, to report a leader.
2019-11-17 12:10:50,297 [Thread-178] INFO  container.ReplicationManager (ReplicationManager.java:start(162)) - Starting Replication Monitor Thread.
2019-11-17 12:10:50,301 [Thread-178] INFO  pipeline.SCMPipelineManager (SCMPipelineManager.java:finalizeAndDestroyPipeline(315)) - destroying pipeline:Pipeline[ Id: a41b51b3-2b2d-485c-83c5-94f0477eb013, Nodes: f834217c-c8f6-4875-b0f2-58e9e124a81d{ip: 192.168.34.35, host: pr-hdds-2291-5997d-4279494527, networkLocation: /default-rack, certSerialId: null}, Type:RATIS, Factor:ONE, State:ALLOCATED]
2019-11-17 12:10:50,302 [ReplicationMonitor] INFO  container.ReplicationManager (ReplicationManager.java:run(225)) - Replication Monitor Thread took 1 milliseconds for processing 0 containers.
2019-11-17 12:10:50,302 [Thread-178] INFO  pipeline.PipelineStateManager (PipelineStateManager.java:finalizePipeline(121)) - Pipeline Pipeline[ Id: a41b51b3-2b2d-485c-83c5-94f0477eb013, Nodes: f834217c-c8f6-4875-b0f2-58e9e124a81d{ip: 192.168.34.35, host: pr-hdds-2291-5997d-4279494527, networkLocation: /default-rack, certSerialId: null}, Type:RATIS, Factor:ONE, State:CLOSED] moved to CLOSED state
2019-11-17 12:10:50,312 [main] INFO  ozone.MiniOzoneClusterImpl (MiniOzoneClusterImpl.java:lambda$waitForClusterToBeReady$2(163)) - Waiting for 3 number of pipelines out of 4, to report a leader.
2019-11-17 12:10:50,334 [grpc-default-executor-1] INFO  impl.RaftServerProxy (RaftServerProxy.java:remove(95)) - f834217c-c8f6-4875-b0f2-58e9e124a81d: remove  FOLLOWER f834217c-c8f6-4875-b0f2-58e9e124a81d@group-94F0477EB013:t0, leader=null, voted=null, raftlog=f834217c-c8f6-4875-b0f2-58e9e124a81d@group-94F0477EB013-SegmentedRaftLog:OPENED:c-1,f-1,i0, conf=-1: [f834217c-c8f6-4875-b0f2-58e9e124a81d:192.168.34.35:39697], old=null RUNNING
2019-11-17 12:10:50,339 [grpc-default-executor-1] INFO  impl.RaftServerImpl (RaftServerImpl.java:lambda$shutdown$3(250)) - f834217c-c8f6-4875-b0f2-58e9e124a81d@group-94F0477EB013: shutdown
2019-11-17 12:10:50,340 [grpc-default-executor-1] INFO  util.JmxRegister (JmxRegister.java:unregister(73)) - Successfully un-registered JMX Bean with object name Ratis:service=RaftServer,group=group-94F0477EB013,id=f834217c-c8f6-4875-b0f2-58e9e124a81d
2019-11-17 12:10:50,340 [grpc-default-executor-1] INFO  impl.RoleInfo (RoleInfo.java:shutdownFollowerState(121)) - f834217c-c8f6-4875-b0f2-58e9e124a81d: shutdown FollowerState
2019-11-17 12:10:50,340 [grpc-default-executor-1] INFO  impl.StateMachineUpdater (StateMachineUpdater.java:stopAndJoin(136)) - f834217c-c8f6-4875-b0f2-58e9e124a81d@group-94F0477EB013-StateMachineUpdater: set stopIndex = -1
2019-11-17 12:10:50,340 [Thread-183] INFO  impl.FollowerState (FollowerState.java:run(120)) - f834217c-c8f6-4875-b0f2-58e9e124a81d@group-94F0477EB013-FollowerState was interrupted: java.lang.InterruptedException: sleep interrupted
2019-11-17 12:10:50,343 [grpc-default-executor-1] INFO  impl.RaftServerImpl (ServerState.java:close(387)) - f834217c-c8f6-4875-b0f2-58e9e124a81d@group-94F0477EB013: closes. applyIndex: -1
2019-11-17 12:10:50,348 [f834217c-c8f6-4875-b0f2-58e9e124a81d@group-94F0477EB013-SegmentedRaftLogWorker] INFO  segmented.SegmentedRaftLogWorker (SegmentedRaftLogWorker.java:run(316)) - f834217c-c8f6-4875-b0f2-58e9e124a81d@group-94F0477EB013-SegmentedRaftLogWorker was interrupted, exiting. There are 0 tasks remaining in the queue.
2019-11-17 12:10:50,350 [grpc-default-executor-1] INFO  segmented.SegmentedRaftLogWorker (SegmentedRaftLogWorker.java:close(224)) - f834217c-c8f6-4875-b0f2-58e9e124a81d@group-94F0477EB013-SegmentedRaftLogWorker close()
2019-11-17 12:10:50,367 [Thread-178] INFO  pipeline.PipelineStateManager (PipelineStateManager.java:removePipeline(106)) - Pipeline Pipeline[ Id: a41b51b3-2b2d-485c-83c5-94f0477eb013, Nodes: f834217c-c8f6-4875-b0f2-58e9e124a81d{ip: 192.168.34.35, host: pr-hdds-2291-5997d-4279494527, networkLocation: /default-rack, certSerialId: null}, Type:RATIS, Factor:ONE, State:CLOSED] removed from db
2019-11-17 12:10:50,368 [Thread-178] INFO  pipeline.SCMPipelineManager (SCMPipelineManager.java:finalizeAndDestroyPipeline(315)) - destroying pipeline:Pipeline[ Id: 12a64258-7a99-41c2-82c2-9d8e30981d05, Nodes: f8c171d0-1f10-4cc7-96b8-2148e4362ba2{ip: 192.168.34.35, host: pr-hdds-2291-5997d-4279494527, networkLocation: /default-rack, certSerialId: null}, Type:RATIS, Factor:ONE, State:ALLOCATED]
2019-11-17 12:10:50,381 [grpc-default-executor-1] INFO  impl.RaftServerProxy (RaftServerProxy.java:addNew(89)) - f834217c-c8f6-4875-b0f2-58e9e124a81d: addNew group-A0DBC7CA8A85:[f834217c-c8f6-4875-b0f2-58e9e124a81d:192.168.34.35:39697] returns group-A0DBC7CA8A85:java.util.concurrent.CompletableFuture@5bfd884b[Not completed]
2019-11-17 12:10:50,384 [pool-37-thread-1] INFO  impl.RaftServerImpl (RaftServerImpl.java:<init>(98)) - f834217c-c8f6-4875-b0f2-58e9e124a81d: new RaftServerImpl for group-A0DBC7CA8A85:[f834217c-c8f6-4875-b0f2-58e9e124a81d:192.168.34.35:39697] with ContainerStateMachine:uninitialized
2019-11-17 12:10:50,384 [pool-37-thread-1] INFO  server.RaftServerConfigKeys (ConfUtils.java:logGet(43)) - raft.server.rpc.timeout.min = 5s (custom)
2019-11-17 12:10:50,384 [pool-37-thread-1] INFO  server.RaftServerConfigKeys (ConfUtils.java:logGet(43)) - raft.server.rpc.timeout.max = 5200ms (custom)
2019-11-17 12:10:50,384 [pool-37-thread-1] INFO  server.RaftServerConfigKeys (ConfUtils.java:logGet(43)) - raft.server.rpcslowness.timeout = 120s (custom)
2019-11-17 12:10:50,384 [pool-37-thread-1] INFO  server.RaftServerConfigKeys (ConfUtils.java:logGet(43)) - raft.server.sleep.deviation.threshold = 300 (default)
2019-11-17 12:10:50,385 [pool-37-thread-1] INFO  server.RaftServerConfigKeys (ConfUtils.java:logGet(43)) - raft.server.log.appender.install.snapshot.enabled = false (custom)
2019-11-17 12:10:50,385 [pool-37-thread-1] INFO  impl.RaftServerImpl (ServerState.java:<init>(103)) - f834217c-c8f6-4875-b0f2-58e9e124a81d@group-A0DBC7CA8A85: ConfigurationManager, init=-1: [f834217c-c8f6-4875-b0f2-58e9e124a81d:192.168.34.35:39697], old=null, confs=<EMPTY_MAP>
2019-11-17 12:10:50,385 [pool-37-thread-1] INFO  server.RaftServerConfigKeys (ConfUtils.java:logGet(43)) - raft.server.storage.dir = [/workdir/hadoop-ozone/tools/target/test-dir/MiniOzoneClusterImpl-001153d4-cfdc-40b4-815d-d1451a38a209/datanode-1/data/ratis] (custom)
2019-11-17 12:10:50,385 [pool-37-thread-1] INFO  server.RaftServerConfigKeys (ConfUtils.java:logGet(43)) - raft.server.log.corruption.policy = EXCEPTION (default)
2019-11-17 12:10:50,386 [pool-37-thread-1] INFO  storage.RaftStorageDirectory (RaftStorageDirectory.java:analyzeStorage(246)) - The storage directory /workdir/hadoop-ozone/tools/target/test-dir/MiniOzoneClusterImpl-001153d4-cfdc-40b4-815d-d1451a38a209/datanode-1/data/ratis/a7ff4489-386e-47a6-8bb6-a0dbc7ca8a85 does not exist. Creating ...
2019-11-17 12:10:50,399 [pool-37-thread-1] INFO  storage.RaftStorageDirectory (RaftStorageDirectory.java:tryLock(328)) - Lock on /workdir/hadoop-ozone/tools/target/test-dir/MiniOzoneClusterImpl-001153d4-cfdc-40b4-815d-d1451a38a209/datanode-1/data/ratis/a7ff4489-386e-47a6-8bb6-a0dbc7ca8a85/in_use.lock acquired by nodename 12174@pr-hdds-2291-5997d-4279494527
2019-11-17 12:10:50,412 [pool-37-thread-1] INFO  storage.RaftStorage (RaftStorage.java:format(84)) - Storage directory /workdir/hadoop-ozone/tools/target/test-dir/MiniOzoneClusterImpl-001153d4-cfdc-40b4-815d-d1451a38a209/datanode-1/data/ratis/a7ff4489-386e-47a6-8bb6-a0dbc7ca8a85 has been successfully formatted.
2019-11-17 12:10:50,413 [pool-37-thread-1] INFO  ratis.ContainerStateMachine (ContainerStateMachine.java:loadSnapshot(223)) - group-A0DBC7CA8A85: The snapshot info is null. Setting the last applied indexto:(t:0, i:~)
2019-11-17 12:10:50,413 [pool-37-thread-1] INFO  server.RaftServerConfigKeys (ConfUtils.java:logGet(43)) - raft.server.notification.no-leader.timeout = 120s (custom)
2019-11-17 12:10:50,414 [pool-37-thread-1] INFO  server.RaftServerConfigKeys (ConfUtils.java:logGet(43)) - raft.server.log.use.memory = false (default)
2019-11-17 12:10:50,414 [pool-37-thread-1] INFO  server.RaftServerConfigKeys (ConfUtils.java:logGet(43)) - raft.server.log.purge.gap = 1000000 (custom)
2019-11-17 12:10:50,414 [pool-37-thread-1] INFO  server.RaftServerConfigKeys (ConfUtils.java:logGet(43)) - raft.server.log.appender.buffer.byte-limit = 33554432 (custom)
2019-11-17 12:10:50,414 [pool-37-thread-1] INFO  server.RaftServerConfigKeys (ConfUtils.java:logGet(43)) - raft.server.log.segment.size.max = 1048576 (custom)
2019-11-17 12:10:50,414 [pool-37-thread-1] INFO  server.RaftServerConfigKeys (ConfUtils.java:logGet(43)) - raft.server.log.segment.cache.num.max = 2 (custom)
2019-11-17 12:10:50,414 [pool-37-thread-1] INFO  segmented.SegmentedRaftLogWorker (SegmentedRaftLogWorker.java:<init>(173)) - new f834217c-c8f6-4875-b0f2-58e9e124a81d@group-A0DBC7CA8A85-SegmentedRaftLogWorker for RaftStorage:Storage Directory /workdir/hadoop-ozone/tools/target/test-dir/MiniOzoneClusterImpl-001153d4-cfdc-40b4-815d-d1451a38a209/datanode-1/data/ratis/a7ff4489-386e-47a6-8bb6-a0dbc7ca8a85
2019-11-17 12:10:50,415 [pool-37-thread-1] INFO  server.RaftServerConfigKeys (ConfUtils.java:logGet(43)) - raft.server.log.queue.byte-limit = 2147483647 (custom)
2019-11-17 12:10:50,415 [pool-37-thread-1] INFO  server.RaftServerConfigKeys (ConfUtils.java:logGet(43)) - raft.server.log.queue.element-limit = 1024 (custom)
2019-11-17 12:10:50,415 [pool-37-thread-1] INFO  server.RaftServerConfigKeys (ConfUtils.java:logGet(43)) - raft.server.log.segment.size.max = 1048576 (custom)
2019-11-17 12:10:50,415 [pool-37-thread-1] INFO  server.RaftServerConfigKeys (ConfUtils.java:logGet(43)) - raft.server.log.preallocated.size = 16384 (custom)
2019-11-17 12:10:50,415 [pool-37-thread-1] INFO  server.RaftServerConfigKeys (ConfUtils.java:logGet(43)) - raft.server.log.write.buffer.size = 33554432 (custom)
2019-11-17 12:10:50,416 [pool-37-thread-1] INFO  server.RaftServerConfigKeys (ConfUtils.java:logGet(43)) - raft.server.log.force.sync.num = 128 (default)
2019-11-17 12:10:50,416 [pool-37-thread-1] INFO  server.RaftServerConfigKeys (ConfUtils.java:logGet(43)) - raft.server.log.statemachine.data.sync = true (default)
2019-11-17 12:10:50,416 [pool-37-thread-1] INFO  server.RaftServerConfigKeys (ConfUtils.java:logGet(43)) - raft.server.log.statemachine.data.sync.timeout = 10s (default)
2019-11-17 12:10:50,416 [pool-37-thread-1] INFO  server.RaftServerConfigKeys (ConfUtils.java:logGet(43)) - raft.server.log.statemachine.data.sync.timeout.retry = -1 (default)
2019-11-17 12:10:50,416 [pool-37-thread-1] INFO  server.RaftServerConfigKeys (ConfUtils.java:logGet(43)) - raft.server.log.statemachine.data.caching.enabled = true (custom)
2019-11-17 12:10:50,417 [pool-37-thread-1] INFO  segmented.SegmentedRaftLogWorker (SegmentedRaftLogWorker.java:lambda$new$0(128)) - f834217c-c8f6-4875-b0f2-58e9e124a81d@group-A0DBC7CA8A85-SegmentedRaftLogWorker: flushIndex: setUnconditionally 0 -> -1
2019-11-17 12:10:50,417 [pool-37-thread-1] INFO  server.RaftServerConfigKeys (ConfUtils.java:logGet(43)) - raft.server.snapshot.auto.trigger.enabled = true (custom)
2019-11-17 12:10:50,417 [pool-37-thread-1] INFO  server.RaftServerConfigKeys (ConfUtils.java:logGet(43)) - raft.server.snapshot.auto.trigger.threshold = 10000 (custom)
2019-11-17 12:10:50,417 [pool-37-thread-1] INFO  server.RaftServerConfigKeys (ConfUtils.java:logGet(43)) - raft.server.snapshot.retention.file.num = 5 (custom)
2019-11-17 12:10:50,418 [pool-37-thread-1] INFO  server.RaftServerConfigKeys (ConfUtils.java:logGet(43)) - raft.server.retrycache.expirytime = 600000ms (custom)
2019-11-17 12:10:50,418 [pool-37-thread-1] WARN  impl.MetricRegistriesImpl (MetricRegistriesImpl.java:lambda$create$1(61)) - First MetricRegistry has been created without registering reporters. You may need to call MetricRegistries.global().addReportRegistration(...) before.
2019-11-17 12:10:50,418 [pool-37-thread-1] WARN  impl.MetricRegistriesImpl (MetricRegistriesImpl.java:lambda$create$1(61)) - First MetricRegistry has been created without registering reporters. You may need to call MetricRegistries.global().addReportRegistration(...) before.
2019-11-17 12:10:50,418 [pool-37-thread-1] INFO  impl.RaftServerImpl (RaftServerImpl.java:start(184)) - f834217c-c8f6-4875-b0f2-58e9e124a81d@group-A0DBC7CA8A85: start as a follower, conf=-1: [f834217c-c8f6-4875-b0f2-58e9e124a81d:192.168.34.35:39697], old=null
2019-11-17 12:10:50,418 [pool-37-thread-1] INFO  impl.RaftServerImpl (RaftServerImpl.java:setRole(173)) - f834217c-c8f6-4875-b0f2-58e9e124a81d@group-A0DBC7CA8A85: changes role from      null to FOLLOWER at term 0 for startAsFollower
2019-11-17 12:10:50,419 [pool-37-thread-1] INFO  impl.RoleInfo (RoleInfo.java:updateAndGet(143)) - f834217c-c8f6-4875-b0f2-58e9e124a81d: start FollowerState
2019-11-17 12:10:50,419 [pool-37-thread-1] INFO  util.JmxRegister (JmxRegister.java:tryRegister(44)) - Successfully registered JMX Bean with object name Ratis:service=RaftServer,group=group-A0DBC7CA8A85,id=f834217c-c8f6-4875-b0f2-58e9e124a81d
2019-11-17 12:10:50,419 [pool-37-thread-1] WARN  impl.MetricRegistriesImpl (MetricRegistriesImpl.java:lambda$create$1(61)) - First MetricRegistry has been created without registering reporters. You may need to call MetricRegistries.global().addReportRegistration(...) before.
2019-11-17 12:10:50,427 [RatisPipelineUtilsThread] INFO  pipeline.PipelineStateManager (PipelineStateManager.java:addPipeline(55)) - Created pipeline Pipeline[ Id: a7ff4489-386e-47a6-8bb6-a0dbc7ca8a85, Nodes: f834217c-c8f6-4875-b0f2-58e9e124a81d{ip: 192.168.34.35, host: pr-hdds-2291-5997d-4279494527, networkLocation: /default-rack, certSerialId: null}, Type:RATIS, Factor:ONE, State:ALLOCATED]
2019-11-17 12:10:50,429 [Thread-178] INFO  pipeline.PipelineStateManager (PipelineStateManager.java:finalizePipeline(121)) - Pipeline Pipeline[ Id: 12a64258-7a99-41c2-82c2-9d8e30981d05, Nodes: f8c171d0-1f10-4cc7-96b8-2148e4362ba2{ip: 192.168.34.35, host: pr-hdds-2291-5997d-4279494527, networkLocation: /default-rack, certSerialId: null}, Type:RATIS, Factor:ONE, State:CLOSED] moved to CLOSED state
2019-11-17 12:10:50,441 [grpc-default-executor-1] INFO  impl.RaftServerProxy (RaftServerProxy.java:remove(95)) - f8c171d0-1f10-4cc7-96b8-2148e4362ba2: remove  FOLLOWER f8c171d0-1f10-4cc7-96b8-2148e4362ba2@group-9D8E30981D05:t0, leader=null, voted=null, raftlog=f8c171d0-1f10-4cc7-96b8-2148e4362ba2@group-9D8E30981D05-SegmentedRaftLog:OPENED:c-1,f-1,i0, conf=-1: [f8c171d0-1f10-4cc7-96b8-2148e4362ba2:192.168.34.35:46263], old=null RUNNING
2019-11-17 12:10:50,441 [grpc-default-executor-1] INFO  impl.RaftServerImpl (RaftServerImpl.java:lambda$shutdown$3(250)) - f8c171d0-1f10-4cc7-96b8-2148e4362ba2@group-9D8E30981D05: shutdown
2019-11-17 12:10:50,441 [grpc-default-executor-1] INFO  util.JmxRegister (JmxRegister.java:unregister(73)) - Successfully un-registered JMX Bean with object name Ratis:service=RaftServer,group=group-9D8E30981D05,id=f8c171d0-1f10-4cc7-96b8-2148e4362ba2
2019-11-17 12:10:50,442 [grpc-default-executor-1] INFO  impl.RoleInfo (RoleInfo.java:shutdownFollowerState(121)) - f8c171d0-1f10-4cc7-96b8-2148e4362ba2: shutdown FollowerState
2019-11-17 12:10:50,442 [grpc-default-executor-1] INFO  impl.StateMachineUpdater (StateMachineUpdater.java:stopAndJoin(136)) - f8c171d0-1f10-4cc7-96b8-2148e4362ba2@group-9D8E30981D05-StateMachineUpdater: set stopIndex = -1
2019-11-17 12:10:50,442 [Thread-180] INFO  impl.FollowerState (FollowerState.java:run(120)) - f8c171d0-1f10-4cc7-96b8-2148e4362ba2@group-9D8E30981D05-FollowerState was interrupted: java.lang.InterruptedException: sleep interrupted
2019-11-17 12:10:50,443 [grpc-default-executor-1] INFO  impl.RaftServerImpl (ServerState.java:close(387)) - f8c171d0-1f10-4cc7-96b8-2148e4362ba2@group-9D8E30981D05: closes. applyIndex: -1
2019-11-17 12:10:50,444 [f8c171d0-1f10-4cc7-96b8-2148e4362ba2@group-9D8E30981D05-SegmentedRaftLogWorker] INFO  segmented.SegmentedRaftLogWorker (SegmentedRaftLogWorker.java:run(316)) - f8c171d0-1f10-4cc7-96b8-2148e4362ba2@group-9D8E30981D05-SegmentedRaftLogWorker was interrupted, exiting. There are 0 tasks remaining in the queue.
2019-11-17 12:10:50,444 [grpc-default-executor-1] INFO  segmented.SegmentedRaftLogWorker (SegmentedRaftLogWorker.java:close(224)) - f8c171d0-1f10-4cc7-96b8-2148e4362ba2@group-9D8E30981D05-SegmentedRaftLogWorker close()
2019-11-17 12:10:50,454 [Thread-178] INFO  pipeline.PipelineStateManager (PipelineStateManager.java:removePipeline(106)) - Pipeline Pipeline[ Id: 12a64258-7a99-41c2-82c2-9d8e30981d05, Nodes: f8c171d0-1f10-4cc7-96b8-2148e4362ba2{ip: 192.168.34.35, host: pr-hdds-2291-5997d-4279494527, networkLocation: /default-rack, certSerialId: null}, Type:RATIS, Factor:ONE, State:CLOSED] removed from db
2019-11-17 12:10:50,454 [Thread-178] INFO  pipeline.SCMPipelineManager (SCMPipelineManager.java:finalizeAndDestroyPipeline(315)) - destroying pipeline:Pipeline[ Id: bef08aac-ea45-4a09-8a05-88d90c3df79b, Nodes: 6e88a04a-eefd-4ce0-8615-e06a993968a7{ip: 192.168.34.35, host: pr-hdds-2291-5997d-4279494527, networkLocation: /default-rack, certSerialId: null}, Type:RATIS, Factor:ONE, State:ALLOCATED]
2019-11-17 12:10:50,466 [grpc-default-executor-1] INFO  impl.RaftServerProxy (RaftServerProxy.java:addNew(89)) - f8c171d0-1f10-4cc7-96b8-2148e4362ba2: addNew group-5F61B56C3227:[f8c171d0-1f10-4cc7-96b8-2148e4362ba2:192.168.34.35:46263] returns group-5F61B56C3227:java.util.concurrent.CompletableFuture@7a95cfbf[Not completed]
2019-11-17 12:10:50,469 [pool-27-thread-1] INFO  impl.RaftServerImpl (RaftServerImpl.java:<init>(98)) - f8c171d0-1f10-4cc7-96b8-2148e4362ba2: new RaftServerImpl for group-5F61B56C3227:[f8c171d0-1f10-4cc7-96b8-2148e4362ba2:192.168.34.35:46263] with ContainerStateMachine:uninitialized
2019-11-17 12:10:50,469 [pool-27-thread-1] INFO  server.RaftServerConfigKeys (ConfUtils.java:logGet(43)) - raft.server.rpc.timeout.min = 5s (custom)
2019-11-17 12:10:50,469 [pool-27-thread-1] INFO  server.RaftServerConfigKeys (ConfUtils.java:logGet(43)) - raft.server.rpc.timeout.max = 5200ms (custom)
2019-11-17 12:10:50,470 [pool-27-thread-1] INFO  server.RaftServerConfigKeys (ConfUtils.java:logGet(43)) - raft.server.rpcslowness.timeout = 120s (custom)
2019-11-17 12:10:50,470 [pool-27-thread-1] INFO  server.RaftServerConfigKeys (ConfUtils.java:logGet(43)) - raft.server.sleep.deviation.threshold = 300 (default)
2019-11-17 12:10:50,470 [pool-27-thread-1] INFO  server.RaftServerConfigKeys (ConfUtils.java:logGet(43)) - raft.server.log.appender.install.snapshot.enabled = false (custom)
2019-11-17 12:10:50,470 [pool-27-thread-1] INFO  impl.RaftServerImpl (ServerState.java:<init>(103)) - f8c171d0-1f10-4cc7-96b8-2148e4362ba2@group-5F61B56C3227: ConfigurationManager, init=-1: [f8c171d0-1f10-4cc7-96b8-2148e4362ba2:192.168.34.35:46263], old=null, confs=<EMPTY_MAP>
2019-11-17 12:10:50,470 [pool-27-thread-1] INFO  server.RaftServerConfigKeys (ConfUtils.java:logGet(43)) - raft.server.storage.dir = [/workdir/hadoop-ozone/tools/target/test-dir/MiniOzoneClusterImpl-001153d4-cfdc-40b4-815d-d1451a38a209/datanode-0/data/ratis] (custom)
2019-11-17 12:10:50,471 [pool-27-thread-1] INFO  server.RaftServerConfigKeys (ConfUtils.java:logGet(43)) - raft.server.log.corruption.policy = EXCEPTION (default)
2019-11-17 12:10:50,471 [pool-27-thread-1] INFO  storage.RaftStorageDirectory (RaftStorageDirectory.java:analyzeStorage(246)) - The storage directory /workdir/hadoop-ozone/tools/target/test-dir/MiniOzoneClusterImpl-001153d4-cfdc-40b4-815d-d1451a38a209/datanode-0/data/ratis/9312e155-cca3-410b-854b-5f61b56c3227 does not exist. Creating ...
2019-11-17 12:10:50,485 [pool-27-thread-1] INFO  storage.RaftStorageDirectory (RaftStorageDirectory.java:tryLock(328)) - Lock on /workdir/hadoop-ozone/tools/target/test-dir/MiniOzoneClusterImpl-001153d4-cfdc-40b4-815d-d1451a38a209/datanode-0/data/ratis/9312e155-cca3-410b-854b-5f61b56c3227/in_use.lock acquired by nodename 12174@pr-hdds-2291-5997d-4279494527
2019-11-17 12:10:50,498 [pool-27-thread-1] INFO  storage.RaftStorage (RaftStorage.java:format(84)) - Storage directory /workdir/hadoop-ozone/tools/target/test-dir/MiniOzoneClusterImpl-001153d4-cfdc-40b4-815d-d1451a38a209/datanode-0/data/ratis/9312e155-cca3-410b-854b-5f61b56c3227 has been successfully formatted.
2019-11-17 12:10:50,498 [pool-27-thread-1] INFO  ratis.ContainerStateMachine (ContainerStateMachine.java:loadSnapshot(223)) - group-5F61B56C3227: The snapshot info is null. Setting the last applied indexto:(t:0, i:~)
2019-11-17 12:10:50,498 [pool-27-thread-1] INFO  server.RaftServerConfigKeys (ConfUtils.java:logGet(43)) - raft.server.notification.no-leader.timeout = 120s (custom)
2019-11-17 12:10:50,498 [pool-27-thread-1] INFO  server.RaftServerConfigKeys (ConfUtils.java:logGet(43)) - raft.server.log.use.memory = false (default)
2019-11-17 12:10:50,499 [pool-27-thread-1] INFO  server.RaftServerConfigKeys (ConfUtils.java:logGet(43)) - raft.server.log.purge.gap = 1000000 (custom)
2019-11-17 12:10:50,499 [pool-27-thread-1] INFO  server.RaftServerConfigKeys (ConfUtils.java:logGet(43)) - raft.server.log.appender.buffer.byte-limit = 33554432 (custom)
2019-11-17 12:10:50,499 [pool-27-thread-1] INFO  server.RaftServerConfigKeys (ConfUtils.java:logGet(43)) - raft.server.log.segment.size.max = 1048576 (custom)
2019-11-17 12:10:50,499 [pool-27-thread-1] INFO  server.RaftServerConfigKeys (ConfUtils.java:logGet(43)) - raft.server.log.segment.cache.num.max = 2 (custom)
2019-11-17 12:10:50,500 [pool-27-thread-1] INFO  segmented.SegmentedRaftLogWorker (SegmentedRaftLogWorker.java:<init>(173)) - new f8c171d0-1f10-4cc7-96b8-2148e4362ba2@group-5F61B56C3227-SegmentedRaftLogWorker for RaftStorage:Storage Directory /workdir/hadoop-ozone/tools/target/test-dir/MiniOzoneClusterImpl-001153d4-cfdc-40b4-815d-d1451a38a209/datanode-0/data/ratis/9312e155-cca3-410b-854b-5f61b56c3227
2019-11-17 12:10:50,500 [pool-27-thread-1] INFO  server.RaftServerConfigKeys (ConfUtils.java:logGet(43)) - raft.server.log.queue.byte-limit = 2147483647 (custom)
2019-11-17 12:10:50,500 [pool-27-thread-1] INFO  server.RaftServerConfigKeys (ConfUtils.java:logGet(43)) - raft.server.log.queue.element-limit = 1024 (custom)
2019-11-17 12:10:50,500 [pool-27-thread-1] INFO  server.RaftServerConfigKeys (ConfUtils.java:logGet(43)) - raft.server.log.segment.size.max = 1048576 (custom)
2019-11-17 12:10:50,500 [pool-27-thread-1] INFO  server.RaftServerConfigKeys (ConfUtils.java:logGet(43)) - raft.server.log.preallocated.size = 16384 (custom)
2019-11-17 12:10:50,500 [pool-27-thread-1] INFO  server.RaftServerConfigKeys (ConfUtils.java:logGet(43)) - raft.server.log.write.buffer.size = 33554432 (custom)
2019-11-17 12:10:50,500 [pool-27-thread-1] INFO  server.RaftServerConfigKeys (ConfUtils.java:logGet(43)) - raft.server.log.force.sync.num = 128 (default)
2019-11-17 12:10:50,501 [pool-27-thread-1] INFO  server.RaftServerConfigKeys (ConfUtils.java:logGet(43)) - raft.server.log.statemachine.data.sync = true (default)
2019-11-17 12:10:50,501 [pool-27-thread-1] INFO  server.RaftServerConfigKeys (ConfUtils.java:logGet(43)) - raft.server.log.statemachine.data.sync.timeout = 10s (default)
2019-11-17 12:10:50,501 [pool-27-thread-1] INFO  server.RaftServerConfigKeys (ConfUtils.java:logGet(43)) - raft.server.log.statemachine.data.sync.timeout.retry = -1 (default)
2019-11-17 12:10:50,501 [pool-27-thread-1] INFO  server.RaftServerConfigKeys (ConfUtils.java:logGet(43)) - raft.server.log.statemachine.data.caching.enabled = true (custom)
2019-11-17 12:10:50,502 [pool-27-thread-1] INFO  segmented.SegmentedRaftLogWorker (SegmentedRaftLogWorker.java:lambda$new$0(128)) - f8c171d0-1f10-4cc7-96b8-2148e4362ba2@group-5F61B56C3227-SegmentedRaftLogWorker: flushIndex: setUnconditionally 0 -> -1
2019-11-17 12:10:50,502 [pool-27-thread-1] INFO  server.RaftServerConfigKeys (ConfUtils.java:logGet(43)) - raft.server.snapshot.auto.trigger.enabled = true (custom)
2019-11-17 12:10:50,502 [pool-27-thread-1] INFO  server.RaftServerConfigKeys (ConfUtils.java:logGet(43)) - raft.server.snapshot.auto.trigger.threshold = 10000 (custom)
2019-11-17 12:10:50,503 [pool-27-thread-1] INFO  server.RaftServerConfigKeys (ConfUtils.java:logGet(43)) - raft.server.snapshot.retention.file.num = 5 (custom)
2019-11-17 12:10:50,503 [pool-27-thread-1] INFO  server.RaftServerConfigKeys (ConfUtils.java:logGet(43)) - raft.server.retrycache.expirytime = 600000ms (custom)
2019-11-17 12:10:50,503 [pool-27-thread-1] WARN  impl.MetricRegistriesImpl (MetricRegistriesImpl.java:lambda$create$1(61)) - First MetricRegistry has been created without registering reporters. You may need to call MetricRegistries.global().addReportRegistration(...) before.
2019-11-17 12:10:50,503 [pool-27-thread-1] WARN  impl.MetricRegistriesImpl (MetricRegistriesImpl.java:lambda$create$1(61)) - First MetricRegistry has been created without registering reporters. You may need to call MetricRegistries.global().addReportRegistration(...) before.
2019-11-17 12:10:50,504 [pool-27-thread-1] INFO  impl.RaftServerImpl (RaftServerImpl.java:start(184)) - f8c171d0-1f10-4cc7-96b8-2148e4362ba2@group-5F61B56C3227: start as a follower, conf=-1: [f8c171d0-1f10-4cc7-96b8-2148e4362ba2:192.168.34.35:46263], old=null
2019-11-17 12:10:50,504 [pool-27-thread-1] INFO  impl.RaftServerImpl (RaftServerImpl.java:setRole(173)) - f8c171d0-1f10-4cc7-96b8-2148e4362ba2@group-5F61B56C3227: changes role from      null to FOLLOWER at term 0 for startAsFollower
2019-11-17 12:10:50,504 [pool-27-thread-1] INFO  impl.RoleInfo (RoleInfo.java:updateAndGet(143)) - f8c171d0-1f10-4cc7-96b8-2148e4362ba2: start FollowerState
2019-11-17 12:10:50,505 [pool-27-thread-1] INFO  util.JmxRegister (JmxRegister.java:tryRegister(44)) - Successfully registered JMX Bean with object name Ratis:service=RaftServer,group=group-5F61B56C3227,id=f8c171d0-1f10-4cc7-96b8-2148e4362ba2
2019-11-17 12:10:50,505 [pool-27-thread-1] WARN  impl.MetricRegistriesImpl (MetricRegistriesImpl.java:lambda$create$1(61)) - First MetricRegistry has been created without registering reporters. You may need to call MetricRegistries.global().addReportRegistration(...) before.
2019-11-17 12:10:50,513 [RatisPipelineUtilsThread] INFO  pipeline.PipelineStateManager (PipelineStateManager.java:addPipeline(55)) - Created pipeline Pipeline[ Id: 9312e155-cca3-410b-854b-5f61b56c3227, Nodes: f8c171d0-1f10-4cc7-96b8-2148e4362ba2{ip: 192.168.34.35, host: pr-hdds-2291-5997d-4279494527, networkLocation: /default-rack, certSerialId: null}, Type:RATIS, Factor:ONE, State:ALLOCATED]
2019-11-17 12:10:50,514 [Thread-178] INFO  pipeline.PipelineStateManager (PipelineStateManager.java:finalizePipeline(121)) - Pipeline Pipeline[ Id: bef08aac-ea45-4a09-8a05-88d90c3df79b, Nodes: 6e88a04a-eefd-4ce0-8615-e06a993968a7{ip: 192.168.34.35, host: pr-hdds-2291-5997d-4279494527, networkLocation: /default-rack, certSerialId: null}, Type:RATIS, Factor:ONE, State:CLOSED] moved to CLOSED state
2019-11-17 12:10:50,525 [grpc-default-executor-1] INFO  impl.RaftServerProxy (RaftServerProxy.java:remove(95)) - 6e88a04a-eefd-4ce0-8615-e06a993968a7: remove  FOLLOWER 6e88a04a-eefd-4ce0-8615-e06a993968a7@group-88D90C3DF79B:t0, leader=null, voted=null, raftlog=6e88a04a-eefd-4ce0-8615-e06a993968a7@group-88D90C3DF79B-SegmentedRaftLog:OPENED:c-1,f-1,i0, conf=-1: [6e88a04a-eefd-4ce0-8615-e06a993968a7:192.168.34.35:33336], old=null RUNNING
2019-11-17 12:10:50,526 [grpc-default-executor-1] INFO  impl.RaftServerImpl (RaftServerImpl.java:lambda$shutdown$3(250)) - 6e88a04a-eefd-4ce0-8615-e06a993968a7@group-88D90C3DF79B: shutdown
2019-11-17 12:10:50,526 [grpc-default-executor-1] INFO  util.JmxRegister (JmxRegister.java:unregister(73)) - Successfully un-registered JMX Bean with object name Ratis:service=RaftServer,group=group-88D90C3DF79B,id=6e88a04a-eefd-4ce0-8615-e06a993968a7
2019-11-17 12:10:50,526 [grpc-default-executor-1] INFO  impl.RoleInfo (RoleInfo.java:shutdownFollowerState(121)) - 6e88a04a-eefd-4ce0-8615-e06a993968a7: shutdown FollowerState
2019-11-17 12:10:50,526 [grpc-default-executor-1] INFO  impl.StateMachineUpdater (StateMachineUpdater.java:stopAndJoin(136)) - 6e88a04a-eefd-4ce0-8615-e06a993968a7@group-88D90C3DF79B-StateMachineUpdater: set stopIndex = -1
2019-11-17 12:10:50,526 [Thread-186] INFO  impl.FollowerState (FollowerState.java:run(120)) - 6e88a04a-eefd-4ce0-8615-e06a993968a7@group-88D90C3DF79B-FollowerState was interrupted: java.lang.InterruptedException: sleep interrupted
2019-11-17 12:10:50,527 [grpc-default-executor-1] INFO  impl.RaftServerImpl (ServerState.java:close(387)) - 6e88a04a-eefd-4ce0-8615-e06a993968a7@group-88D90C3DF79B: closes. applyIndex: -1
2019-11-17 12:10:50,528 [6e88a04a-eefd-4ce0-8615-e06a993968a7@group-88D90C3DF79B-SegmentedRaftLogWorker] INFO  segmented.SegmentedRaftLogWorker (SegmentedRaftLogWorker.java:run(316)) - 6e88a04a-eefd-4ce0-8615-e06a993968a7@group-88D90C3DF79B-SegmentedRaftLogWorker was interrupted, exiting. There are 0 tasks remaining in the queue.
2019-11-17 12:10:50,528 [grpc-default-executor-1] INFO  segmented.SegmentedRaftLogWorker (SegmentedRaftLogWorker.java:close(224)) - 6e88a04a-eefd-4ce0-8615-e06a993968a7@group-88D90C3DF79B-SegmentedRaftLogWorker close()
2019-11-17 12:10:50,538 [Thread-178] INFO  pipeline.PipelineStateManager (PipelineStateManager.java:removePipeline(106)) - Pipeline Pipeline[ Id: bef08aac-ea45-4a09-8a05-88d90c3df79b, Nodes: 6e88a04a-eefd-4ce0-8615-e06a993968a7{ip: 192.168.34.35, host: pr-hdds-2291-5997d-4279494527, networkLocation: /default-rack, certSerialId: null}, Type:RATIS, Factor:ONE, State:CLOSED] removed from db
2019-11-17 12:10:50,538 [Thread-178] INFO  pipeline.SCMPipelineManager (SCMPipelineManager.java:finalizeAndDestroyPipeline(315)) - destroying pipeline:Pipeline[ Id: f3a42094-702c-441a-80f2-d76331fdfd65, Nodes: f8c171d0-1f10-4cc7-96b8-2148e4362ba2{ip: 192.168.34.35, host: pr-hdds-2291-5997d-4279494527, networkLocation: /default-rack, certSerialId: null}f834217c-c8f6-4875-b0f2-58e9e124a81d{ip: 192.168.34.35, host: pr-hdds-2291-5997d-4279494527, networkLocation: /default-rack, certSerialId: null}6e88a04a-eefd-4ce0-8615-e06a993968a7{ip: 192.168.34.35, host: pr-hdds-2291-5997d-4279494527, networkLocation: /default-rack, certSerialId: null}, Type:RATIS, Factor:THREE, State:ALLOCATED]
2019-11-17 12:10:50,550 [grpc-default-executor-1] INFO  impl.RaftServerProxy (RaftServerProxy.java:addNew(89)) - 6e88a04a-eefd-4ce0-8615-e06a993968a7: addNew group-FAA431A786CD:[6e88a04a-eefd-4ce0-8615-e06a993968a7:192.168.34.35:33336] returns group-FAA431A786CD:java.util.concurrent.CompletableFuture@7af3283[Not completed]
2019-11-17 12:10:50,552 [pool-47-thread-1] INFO  impl.RaftServerImpl (RaftServerImpl.java:<init>(98)) - 6e88a04a-eefd-4ce0-8615-e06a993968a7: new RaftServerImpl for group-FAA431A786CD:[6e88a04a-eefd-4ce0-8615-e06a993968a7:192.168.34.35:33336] with ContainerStateMachine:uninitialized
2019-11-17 12:10:50,553 [pool-47-thread-1] INFO  server.RaftServerConfigKeys (ConfUtils.java:logGet(43)) - raft.server.rpc.timeout.min = 5s (custom)
2019-11-17 12:10:50,553 [pool-47-thread-1] INFO  server.RaftServerConfigKeys (ConfUtils.java:logGet(43)) - raft.server.rpc.timeout.max = 5200ms (custom)
2019-11-17 12:10:50,553 [pool-47-thread-1] INFO  server.RaftServerConfigKeys (ConfUtils.java:logGet(43)) - raft.server.rpcslowness.timeout = 120s (custom)
2019-11-17 12:10:50,553 [pool-47-thread-1] INFO  server.RaftServerConfigKeys (ConfUtils.java:logGet(43)) - raft.server.sleep.deviation.threshold = 300 (default)
2019-11-17 12:10:50,554 [pool-47-thread-1] INFO  server.RaftServerConfigKeys (ConfUtils.java:logGet(43)) - raft.server.log.appender.install.snapshot.enabled = false (custom)
2019-11-17 12:10:50,554 [pool-47-thread-1] INFO  impl.RaftServerImpl (ServerState.java:<init>(103)) - 6e88a04a-eefd-4ce0-8615-e06a993968a7@group-FAA431A786CD: ConfigurationManager, init=-1: [6e88a04a-eefd-4ce0-8615-e06a993968a7:192.168.34.35:33336], old=null, confs=<EMPTY_MAP>
2019-11-17 12:10:50,554 [pool-47-thread-1] INFO  server.RaftServerConfigKeys (ConfUtils.java:logGet(43)) - raft.server.storage.dir = [/workdir/hadoop-ozone/tools/target/test-dir/MiniOzoneClusterImpl-001153d4-cfdc-40b4-815d-d1451a38a209/datanode-2/data/ratis] (custom)
2019-11-17 12:10:50,554 [pool-47-thread-1] INFO  server.RaftServerConfigKeys (ConfUtils.java:logGet(43)) - raft.server.log.corruption.policy = EXCEPTION (default)
2019-11-17 12:10:50,554 [pool-47-thread-1] INFO  storage.RaftStorageDirectory (RaftStorageDirectory.java:analyzeStorage(246)) - The storage directory /workdir/hadoop-ozone/tools/target/test-dir/MiniOzoneClusterImpl-001153d4-cfdc-40b4-815d-d1451a38a209/datanode-2/data/ratis/cd40563d-8528-41a6-9540-faa431a786cd does not exist. Creating ...
2019-11-17 12:10:50,567 [pool-47-thread-1] INFO  storage.RaftStorageDirectory (RaftStorageDirectory.java:tryLock(328)) - Lock on /workdir/hadoop-ozone/tools/target/test-dir/MiniOzoneClusterImpl-001153d4-cfdc-40b4-815d-d1451a38a209/datanode-2/data/ratis/cd40563d-8528-41a6-9540-faa431a786cd/in_use.lock acquired by nodename 12174@pr-hdds-2291-5997d-4279494527
2019-11-17 12:10:50,580 [pool-47-thread-1] INFO  storage.RaftStorage (RaftStorage.java:format(84)) - Storage directory /workdir/hadoop-ozone/tools/target/test-dir/MiniOzoneClusterImpl-001153d4-cfdc-40b4-815d-d1451a38a209/datanode-2/data/ratis/cd40563d-8528-41a6-9540-faa431a786cd has been successfully formatted.
2019-11-17 12:10:50,581 [pool-47-thread-1] INFO  ratis.ContainerStateMachine (ContainerStateMachine.java:loadSnapshot(223)) - group-FAA431A786CD: The snapshot info is null. Setting the last applied indexto:(t:0, i:~)
2019-11-17 12:10:50,581 [pool-47-thread-1] INFO  server.RaftServerConfigKeys (ConfUtils.java:logGet(43)) - raft.server.notification.no-leader.timeout = 120s (custom)
2019-11-17 12:10:50,581 [pool-47-thread-1] INFO  server.RaftServerConfigKeys (ConfUtils.java:logGet(43)) - raft.server.log.use.memory = false (default)
2019-11-17 12:10:50,581 [pool-47-thread-1] INFO  server.RaftServerConfigKeys (ConfUtils.java:logGet(43)) - raft.server.log.purge.gap = 1000000 (custom)
2019-11-17 12:10:50,581 [pool-47-thread-1] INFO  server.RaftServerConfigKeys (ConfUtils.java:logGet(43)) - raft.server.log.appender.buffer.byte-limit = 33554432 (custom)
2019-11-17 12:10:50,581 [pool-47-thread-1] INFO  server.RaftServerConfigKeys (ConfUtils.java:logGet(43)) - raft.server.log.segment.size.max = 1048576 (custom)
2019-11-17 12:10:50,582 [pool-47-thread-1] INFO  server.RaftServerConfigKeys (ConfUtils.java:logGet(43)) - raft.server.log.segment.cache.num.max = 2 (custom)
2019-11-17 12:10:50,582 [pool-47-thread-1] INFO  segmented.SegmentedRaftLogWorker (SegmentedRaftLogWorker.java:<init>(173)) - new 6e88a04a-eefd-4ce0-8615-e06a993968a7@group-FAA431A786CD-SegmentedRaftLogWorker for RaftStorage:Storage Directory /workdir/hadoop-ozone/tools/target/test-dir/MiniOzoneClusterImpl-001153d4-cfdc-40b4-815d-d1451a38a209/datanode-2/data/ratis/cd40563d-8528-41a6-9540-faa431a786cd
2019-11-17 12:10:50,582 [pool-47-thread-1] INFO  server.RaftServerConfigKeys (ConfUtils.java:logGet(43)) - raft.server.log.queue.byte-limit = 2147483647 (custom)
2019-11-17 12:10:50,582 [pool-47-thread-1] INFO  server.RaftServerConfigKeys (ConfUtils.java:logGet(43)) - raft.server.log.queue.element-limit = 1024 (custom)
2019-11-17 12:10:50,582 [pool-47-thread-1] INFO  server.RaftServerConfigKeys (ConfUtils.java:logGet(43)) - raft.server.log.segment.size.max = 1048576 (custom)
2019-11-17 12:10:50,582 [pool-47-thread-1] INFO  server.RaftServerConfigKeys (ConfUtils.java:logGet(43)) - raft.server.log.preallocated.size = 16384 (custom)
2019-11-17 12:10:50,582 [pool-47-thread-1] INFO  server.RaftServerConfigKeys (ConfUtils.java:logGet(43)) - raft.server.log.write.buffer.size = 33554432 (custom)
2019-11-17 12:10:50,583 [pool-47-thread-1] INFO  server.RaftServerConfigKeys (ConfUtils.java:logGet(43)) - raft.server.log.force.sync.num = 128 (default)
2019-11-17 12:10:50,583 [pool-47-thread-1] INFO  server.RaftServerConfigKeys (ConfUtils.java:logGet(43)) - raft.server.log.statemachine.data.sync = true (default)
2019-11-17 12:10:50,583 [pool-47-thread-1] INFO  server.RaftServerConfigKeys (ConfUtils.java:logGet(43)) - raft.server.log.statemachine.data.sync.timeout = 10s (default)
2019-11-17 12:10:50,583 [pool-47-thread-1] INFO  server.RaftServerConfigKeys (ConfUtils.java:logGet(43)) - raft.server.log.statemachine.data.sync.timeout.retry = -1 (default)
2019-11-17 12:10:50,583 [pool-47-thread-1] INFO  server.RaftServerConfigKeys (ConfUtils.java:logGet(43)) - raft.server.log.statemachine.data.caching.enabled = true (custom)
2019-11-17 12:10:50,584 [pool-47-thread-1] INFO  segmented.SegmentedRaftLogWorker (SegmentedRaftLogWorker.java:lambda$new$0(128)) - 6e88a04a-eefd-4ce0-8615-e06a993968a7@group-FAA431A786CD-SegmentedRaftLogWorker: flushIndex: setUnconditionally 0 -> -1
2019-11-17 12:10:50,584 [pool-47-thread-1] INFO  server.RaftServerConfigKeys (ConfUtils.java:logGet(43)) - raft.server.snapshot.auto.trigger.enabled = true (custom)
2019-11-17 12:10:50,584 [pool-47-thread-1] INFO  server.RaftServerConfigKeys (ConfUtils.java:logGet(43)) - raft.server.snapshot.auto.trigger.threshold = 10000 (custom)
2019-11-17 12:10:50,584 [pool-47-thread-1] INFO  server.RaftServerConfigKeys (ConfUtils.java:logGet(43)) - raft.server.snapshot.retention.file.num = 5 (custom)
2019-11-17 12:10:50,584 [pool-47-thread-1] INFO  server.RaftServerConfigKeys (ConfUtils.java:logGet(43)) - raft.server.retrycache.expirytime = 600000ms (custom)
2019-11-17 12:10:50,585 [pool-47-thread-1] WARN  impl.MetricRegistriesImpl (MetricRegistriesImpl.java:lambda$create$1(61)) - First MetricRegistry has been created without registering reporters. You may need to call MetricRegistries.global().addReportRegistration(...) before.
2019-11-17 12:10:50,585 [pool-47-thread-1] WARN  impl.MetricRegistriesImpl (MetricRegistriesImpl.java:lambda$create$1(61)) - First MetricRegistry has been created without registering reporters. You may need to call MetricRegistries.global().addReportRegistration(...) before.
2019-11-17 12:10:50,585 [pool-47-thread-1] INFO  impl.RaftServerImpl (RaftServerImpl.java:start(184)) - 6e88a04a-eefd-4ce0-8615-e06a993968a7@group-FAA431A786CD: start as a follower, conf=-1: [6e88a04a-eefd-4ce0-8615-e06a993968a7:192.168.34.35:33336], old=null
2019-11-17 12:10:50,585 [pool-47-thread-1] INFO  impl.RaftServerImpl (RaftServerImpl.java:setRole(173)) - 6e88a04a-eefd-4ce0-8615-e06a993968a7@group-FAA431A786CD: changes role from      null to FOLLOWER at term 0 for startAsFollower
2019-11-17 12:10:50,585 [pool-47-thread-1] INFO  impl.RoleInfo (RoleInfo.java:updateAndGet(143)) - 6e88a04a-eefd-4ce0-8615-e06a993968a7: start FollowerState
2019-11-17 12:10:50,586 [pool-47-thread-1] INFO  util.JmxRegister (JmxRegister.java:tryRegister(44)) - Successfully registered JMX Bean with object name Ratis:service=RaftServer,group=group-FAA431A786CD,id=6e88a04a-eefd-4ce0-8615-e06a993968a7
2019-11-17 12:10:50,586 [pool-47-thread-1] WARN  impl.MetricRegistriesImpl (MetricRegistriesImpl.java:lambda$create$1(61)) - First MetricRegistry has been created without registering reporters. You may need to call MetricRegistries.global().addReportRegistration(...) before.
2019-11-17 12:10:50,593 [RatisPipelineUtilsThread] INFO  pipeline.PipelineStateManager (PipelineStateManager.java:addPipeline(55)) - Created pipeline Pipeline[ Id: cd40563d-8528-41a6-9540-faa431a786cd, Nodes: 6e88a04a-eefd-4ce0-8615-e06a993968a7{ip: 192.168.34.35, host: pr-hdds-2291-5997d-4279494527, networkLocation: /default-rack, certSerialId: null}, Type:RATIS, Factor:ONE, State:ALLOCATED]
2019-11-17 12:10:50,594 [Thread-178] INFO  pipeline.PipelineStateManager (PipelineStateManager.java:finalizePipeline(121)) - Pipeline Pipeline[ Id: f3a42094-702c-441a-80f2-d76331fdfd65, Nodes: f8c171d0-1f10-4cc7-96b8-2148e4362ba2{ip: 192.168.34.35, host: pr-hdds-2291-5997d-4279494527, networkLocation: /default-rack, certSerialId: null}f834217c-c8f6-4875-b0f2-58e9e124a81d{ip: 192.168.34.35, host: pr-hdds-2291-5997d-4279494527, networkLocation: /default-rack, certSerialId: null}6e88a04a-eefd-4ce0-8615-e06a993968a7{ip: 192.168.34.35, host: pr-hdds-2291-5997d-4279494527, networkLocation: /default-rack, certSerialId: null}, Type:RATIS, Factor:THREE, State:CLOSED] moved to CLOSED state
2019-11-17 12:10:50,605 [grpc-default-executor-1] INFO  impl.RaftServerProxy (RaftServerProxy.java:remove(95)) - f8c171d0-1f10-4cc7-96b8-2148e4362ba2: remove  FOLLOWER f8c171d0-1f10-4cc7-96b8-2148e4362ba2@group-D76331FDFD65:t0, leader=null, voted=null, raftlog=f8c171d0-1f10-4cc7-96b8-2148e4362ba2@group-D76331FDFD65-SegmentedRaftLog:OPENED:c-1,f-1,i0, conf=-1: [f8c171d0-1f10-4cc7-96b8-2148e4362ba2:192.168.34.35:46263, f834217c-c8f6-4875-b0f2-58e9e124a81d:192.168.34.35:39697, 6e88a04a-eefd-4ce0-8615-e06a993968a7:192.168.34.35:33336], old=null RUNNING
2019-11-17 12:10:50,605 [grpc-default-executor-1] INFO  impl.RaftServerImpl (RaftServerImpl.java:lambda$shutdown$3(250)) - f8c171d0-1f10-4cc7-96b8-2148e4362ba2@group-D76331FDFD65: shutdown
2019-11-17 12:10:50,606 [grpc-default-executor-1] INFO  util.JmxRegister (JmxRegister.java:unregister(73)) - Successfully un-registered JMX Bean with object name Ratis:service=RaftServer,group=group-D76331FDFD65,id=f8c171d0-1f10-4cc7-96b8-2148e4362ba2
2019-11-17 12:10:50,606 [grpc-default-executor-1] INFO  impl.RoleInfo (RoleInfo.java:shutdownFollowerState(121)) - f8c171d0-1f10-4cc7-96b8-2148e4362ba2: shutdown FollowerState
2019-11-17 12:10:50,606 [grpc-default-executor-1] INFO  impl.StateMachineUpdater (StateMachineUpdater.java:stopAndJoin(136)) - f8c171d0-1f10-4cc7-96b8-2148e4362ba2@group-D76331FDFD65-StateMachineUpdater: set stopIndex = -1
2019-11-17 12:10:50,606 [Thread-193] INFO  impl.FollowerState (FollowerState.java:run(120)) - f8c171d0-1f10-4cc7-96b8-2148e4362ba2@group-D76331FDFD65-FollowerState was interrupted: java.lang.InterruptedException: sleep interrupted
2019-11-17 12:10:50,607 [grpc-default-executor-1] INFO  impl.RaftServerImpl (ServerState.java:close(387)) - f8c171d0-1f10-4cc7-96b8-2148e4362ba2@group-D76331FDFD65: closes. applyIndex: -1
2019-11-17 12:10:50,608 [f8c171d0-1f10-4cc7-96b8-2148e4362ba2@group-D76331FDFD65-SegmentedRaftLogWorker] INFO  segmented.SegmentedRaftLogWorker (SegmentedRaftLogWorker.java:run(316)) - f8c171d0-1f10-4cc7-96b8-2148e4362ba2@group-D76331FDFD65-SegmentedRaftLogWorker was interrupted, exiting. There are 0 tasks remaining in the queue.
2019-11-17 12:10:50,608 [grpc-default-executor-1] INFO  segmented.SegmentedRaftLogWorker (SegmentedRaftLogWorker.java:close(224)) - f8c171d0-1f10-4cc7-96b8-2148e4362ba2@group-D76331FDFD65-SegmentedRaftLogWorker close()
2019-11-17 12:10:50,628 [grpc-default-executor-1] INFO  impl.RaftServerProxy (RaftServerProxy.java:remove(95)) - f834217c-c8f6-4875-b0f2-58e9e124a81d: remove  FOLLOWER f834217c-c8f6-4875-b0f2-58e9e124a81d@group-D76331FDFD65:t0, leader=null, voted=null, raftlog=f834217c-c8f6-4875-b0f2-58e9e124a81d@group-D76331FDFD65-SegmentedRaftLog:OPENED:c-1,f-1,i0, conf=-1: [f8c171d0-1f10-4cc7-96b8-2148e4362ba2:192.168.34.35:46263, f834217c-c8f6-4875-b0f2-58e9e124a81d:192.168.34.35:39697, 6e88a04a-eefd-4ce0-8615-e06a993968a7:192.168.34.35:33336], old=null RUNNING
2019-11-17 12:10:50,628 [grpc-default-executor-1] INFO  impl.RaftServerImpl (RaftServerImpl.java:lambda$shutdown$3(250)) - f834217c-c8f6-4875-b0f2-58e9e124a81d@group-D76331FDFD65: shutdown
2019-11-17 12:10:50,628 [grpc-default-executor-1] INFO  util.JmxRegister (JmxRegister.java:unregister(73)) - Successfully un-registered JMX Bean with object name Ratis:service=RaftServer,group=group-D76331FDFD65,id=f834217c-c8f6-4875-b0f2-58e9e124a81d
2019-11-17 12:10:50,628 [grpc-default-executor-1] INFO  impl.RoleInfo (RoleInfo.java:shutdownFollowerState(121)) - f834217c-c8f6-4875-b0f2-58e9e124a81d: shutdown FollowerState
2019-11-17 12:10:50,628 [grpc-default-executor-1] INFO  impl.StateMachineUpdater (StateMachineUpdater.java:stopAndJoin(136)) - f834217c-c8f6-4875-b0f2-58e9e124a81d@group-D76331FDFD65-StateMachineUpdater: set stopIndex = -1
2019-11-17 12:10:50,629 [Thread-194] INFO  impl.FollowerState (FollowerState.java:run(120)) - f834217c-c8f6-4875-b0f2-58e9e124a81d@group-D76331FDFD65-FollowerState was interrupted: java.lang.InterruptedException: sleep interrupted
2019-11-17 12:10:50,630 [grpc-default-executor-1] INFO  impl.RaftServerImpl (ServerState.java:close(387)) - f834217c-c8f6-4875-b0f2-58e9e124a81d@group-D76331FDFD65: closes. applyIndex: -1
2019-11-17 12:10:50,631 [f834217c-c8f6-4875-b0f2-58e9e124a81d@group-D76331FDFD65-SegmentedRaftLogWorker] INFO  segmented.SegmentedRaftLogWorker (SegmentedRaftLogWorker.java:run(316)) - f834217c-c8f6-4875-b0f2-58e9e124a81d@group-D76331FDFD65-SegmentedRaftLogWorker was interrupted, exiting. There are 0 tasks remaining in the queue.
2019-11-17 12:10:50,631 [grpc-default-executor-1] INFO  segmented.SegmentedRaftLogWorker (SegmentedRaftLogWorker.java:close(224)) - f834217c-c8f6-4875-b0f2-58e9e124a81d@group-D76331FDFD65-SegmentedRaftLogWorker close()
2019-11-17 12:10:50,651 [grpc-default-executor-1] INFO  impl.RaftServerProxy (RaftServerProxy.java:remove(95)) - 6e88a04a-eefd-4ce0-8615-e06a993968a7: remove  FOLLOWER 6e88a04a-eefd-4ce0-8615-e06a993968a7@group-D76331FDFD65:t0, leader=null, voted=null, raftlog=6e88a04a-eefd-4ce0-8615-e06a993968a7@group-D76331FDFD65-SegmentedRaftLog:OPENED:c-1,f-1,i0, conf=-1: [f8c171d0-1f10-4cc7-96b8-2148e4362ba2:192.168.34.35:46263, f834217c-c8f6-4875-b0f2-58e9e124a81d:192.168.34.35:39697, 6e88a04a-eefd-4ce0-8615-e06a993968a7:192.168.34.35:33336], old=null RUNNING
2019-11-17 12:10:50,651 [grpc-default-executor-1] INFO  impl.RaftServerImpl (RaftServerImpl.java:lambda$shutdown$3(250)) - 6e88a04a-eefd-4ce0-8615-e06a993968a7@group-D76331FDFD65: shutdown
2019-11-17 12:10:50,651 [grpc-default-executor-1] INFO  util.JmxRegister (JmxRegister.java:unregister(73)) - Successfully un-registered JMX Bean with object name Ratis:service=RaftServer,group=group-D76331FDFD65,id=6e88a04a-eefd-4ce0-8615-e06a993968a7
2019-11-17 12:10:50,651 [grpc-default-executor-1] INFO  impl.RoleInfo (RoleInfo.java:shutdownFollowerState(121)) - 6e88a04a-eefd-4ce0-8615-e06a993968a7: shutdown FollowerState
2019-11-17 12:10:50,651 [grpc-default-executor-1] INFO  impl.StateMachineUpdater (StateMachineUpdater.java:stopAndJoin(136)) - 6e88a04a-eefd-4ce0-8615-e06a993968a7@group-D76331FDFD65-StateMachineUpdater: set stopIndex = -1
2019-11-17 12:10:50,651 [Thread-189] INFO  impl.FollowerState (FollowerState.java:run(120)) - 6e88a04a-eefd-4ce0-8615-e06a993968a7@group-D76331FDFD65-FollowerState was interrupted: java.lang.InterruptedException: sleep interrupted
2019-11-17 12:10:50,652 [grpc-default-executor-1] INFO  impl.RaftServerImpl (ServerState.java:close(387)) - 6e88a04a-eefd-4ce0-8615-e06a993968a7@group-D76331FDFD65: closes. applyIndex: -1
2019-11-17 12:10:50,653 [6e88a04a-eefd-4ce0-8615-e06a993968a7@group-D76331FDFD65-SegmentedRaftLogWorker] INFO  segmented.SegmentedRaftLogWorker (SegmentedRaftLogWorker.java:run(316)) - 6e88a04a-eefd-4ce0-8615-e06a993968a7@group-D76331FDFD65-SegmentedRaftLogWorker was interrupted, exiting. There are 0 tasks remaining in the queue.
2019-11-17 12:10:50,653 [grpc-default-executor-1] INFO  segmented.SegmentedRaftLogWorker (SegmentedRaftLogWorker.java:close(224)) - 6e88a04a-eefd-4ce0-8615-e06a993968a7@group-D76331FDFD65-SegmentedRaftLogWorker close()
2019-11-17 12:10:50,660 [Thread-178] INFO  pipeline.PipelineStateManager (PipelineStateManager.java:removePipeline(106)) - Pipeline Pipeline[ Id: f3a42094-702c-441a-80f2-d76331fdfd65, Nodes: f8c171d0-1f10-4cc7-96b8-2148e4362ba2{ip: 192.168.34.35, host: pr-hdds-2291-5997d-4279494527, networkLocation: /default-rack, certSerialId: null}f834217c-c8f6-4875-b0f2-58e9e124a81d{ip: 192.168.34.35, host: pr-hdds-2291-5997d-4279494527, networkLocation: /default-rack, certSerialId: null}6e88a04a-eefd-4ce0-8615-e06a993968a7{ip: 192.168.34.35, host: pr-hdds-2291-5997d-4279494527, networkLocation: /default-rack, certSerialId: null}, Type:RATIS, Factor:THREE, State:CLOSED] removed from db
2019-11-17 12:10:50,677 [grpc-default-executor-2] INFO  impl.RaftServerProxy (RaftServerProxy.java:addNew(89)) - 6e88a04a-eefd-4ce0-8615-e06a993968a7: addNew group-B1658D9D1877:[f8c171d0-1f10-4cc7-96b8-2148e4362ba2:192.168.34.35:46263, f834217c-c8f6-4875-b0f2-58e9e124a81d:192.168.34.35:39697, 6e88a04a-eefd-4ce0-8615-e06a993968a7:192.168.34.35:33336] returns group-B1658D9D1877:java.util.concurrent.CompletableFuture@70a47662[Not completed]
2019-11-17 12:10:50,679 [grpc-default-executor-2] INFO  impl.RaftServerProxy (RaftServerProxy.java:addNew(89)) - f834217c-c8f6-4875-b0f2-58e9e124a81d: addNew group-B1658D9D1877:[f8c171d0-1f10-4cc7-96b8-2148e4362ba2:192.168.34.35:46263, f834217c-c8f6-4875-b0f2-58e9e124a81d:192.168.34.35:39697, 6e88a04a-eefd-4ce0-8615-e06a993968a7:192.168.34.35:33336] returns group-B1658D9D1877:java.util.concurrent.CompletableFuture@769dfee8[Not completed]
2019-11-17 12:10:50,679 [grpc-default-executor-0] INFO  impl.RaftServerProxy (RaftServerProxy.java:addNew(89)) - f8c171d0-1f10-4cc7-96b8-2148e4362ba2: addNew group-B1658D9D1877:[f8c171d0-1f10-4cc7-96b8-2148e4362ba2:192.168.34.35:46263, f834217c-c8f6-4875-b0f2-58e9e124a81d:192.168.34.35:39697, 6e88a04a-eefd-4ce0-8615-e06a993968a7:192.168.34.35:33336] returns group-B1658D9D1877:java.util.concurrent.CompletableFuture@7a894061[Not completed]
2019-11-17 12:10:50,681 [pool-47-thread-1] INFO  impl.RaftServerImpl (RaftServerImpl.java:<init>(98)) - 6e88a04a-eefd-4ce0-8615-e06a993968a7: new RaftServerImpl for group-B1658D9D1877:[f8c171d0-1f10-4cc7-96b8-2148e4362ba2:192.168.34.35:46263, f834217c-c8f6-4875-b0f2-58e9e124a81d:192.168.34.35:39697, 6e88a04a-eefd-4ce0-8615-e06a993968a7:192.168.34.35:33336] with ContainerStateMachine:uninitialized
2019-11-17 12:10:50,681 [pool-47-thread-1] INFO  server.RaftServerConfigKeys (ConfUtils.java:logGet(43)) - raft.server.rpc.timeout.min = 5s (custom)
2019-11-17 12:10:50,681 [pool-47-thread-1] INFO  server.RaftServerConfigKeys (ConfUtils.java:logGet(43)) - raft.server.rpc.timeout.max = 5200ms (custom)
2019-11-17 12:10:50,681 [pool-47-thread-1] INFO  server.RaftServerConfigKeys (ConfUtils.java:logGet(43)) - raft.server.rpcslowness.timeout = 120s (custom)
2019-11-17 12:10:50,681 [pool-47-thread-1] INFO  server.RaftServerConfigKeys (ConfUtils.java:logGet(43)) - raft.server.sleep.deviation.threshold = 300 (default)
2019-11-17 12:10:50,681 [pool-47-thread-1] INFO  server.RaftServerConfigKeys (ConfUtils.java:logGet(43)) - raft.server.log.appender.install.snapshot.enabled = false (custom)
2019-11-17 12:10:50,682 [pool-47-thread-1] INFO  impl.RaftServerImpl (ServerState.java:<init>(103)) - 6e88a04a-eefd-4ce0-8615-e06a993968a7@group-B1658D9D1877: ConfigurationManager, init=-1: [f8c171d0-1f10-4cc7-96b8-2148e4362ba2:192.168.34.35:46263, f834217c-c8f6-4875-b0f2-58e9e124a81d:192.168.34.35:39697, 6e88a04a-eefd-4ce0-8615-e06a993968a7:192.168.34.35:33336], old=null, confs=<EMPTY_MAP>
2019-11-17 12:10:50,682 [pool-47-thread-1] INFO  server.RaftServerConfigKeys (ConfUtils.java:logGet(43)) - raft.server.storage.dir = [/workdir/hadoop-ozone/tools/target/test-dir/MiniOzoneClusterImpl-001153d4-cfdc-40b4-815d-d1451a38a209/datanode-2/data/ratis] (custom)
2019-11-17 12:10:50,682 [pool-47-thread-1] INFO  server.RaftServerConfigKeys (ConfUtils.java:logGet(43)) - raft.server.log.corruption.policy = EXCEPTION (default)
2019-11-17 12:10:50,682 [pool-37-thread-1] INFO  impl.RaftServerImpl (RaftServerImpl.java:<init>(98)) - f834217c-c8f6-4875-b0f2-58e9e124a81d: new RaftServerImpl for group-B1658D9D1877:[f8c171d0-1f10-4cc7-96b8-2148e4362ba2:192.168.34.35:46263, f834217c-c8f6-4875-b0f2-58e9e124a81d:192.168.34.35:39697, 6e88a04a-eefd-4ce0-8615-e06a993968a7:192.168.34.35:33336] with ContainerStateMachine:uninitialized
2019-11-17 12:10:50,682 [pool-47-thread-1] INFO  storage.RaftStorageDirectory (RaftStorageDirectory.java:analyzeStorage(246)) - The storage directory /workdir/hadoop-ozone/tools/target/test-dir/MiniOzoneClusterImpl-001153d4-cfdc-40b4-815d-d1451a38a209/datanode-2/data/ratis/ac9d7865-4dd7-4420-b53b-b1658d9d1877 does not exist. Creating ...
2019-11-17 12:10:50,682 [pool-37-thread-1] INFO  server.RaftServerConfigKeys (ConfUtils.java:logGet(43)) - raft.server.rpc.timeout.min = 5s (custom)
2019-11-17 12:10:50,683 [pool-37-thread-1] INFO  server.RaftServerConfigKeys (ConfUtils.java:logGet(43)) - raft.server.rpc.timeout.max = 5200ms (custom)
2019-11-17 12:10:50,683 [pool-37-thread-1] INFO  server.RaftServerConfigKeys (ConfUtils.java:logGet(43)) - raft.server.rpcslowness.timeout = 120s (custom)
2019-11-17 12:10:50,683 [pool-37-thread-1] INFO  server.RaftServerConfigKeys (ConfUtils.java:logGet(43)) - raft.server.sleep.deviation.threshold = 300 (default)
2019-11-17 12:10:50,683 [pool-37-thread-1] INFO  server.RaftServerConfigKeys (ConfUtils.java:logGet(43)) - raft.server.log.appender.install.snapshot.enabled = false (custom)
2019-11-17 12:10:50,683 [pool-37-thread-1] INFO  impl.RaftServerImpl (ServerState.java:<init>(103)) - f834217c-c8f6-4875-b0f2-58e9e124a81d@group-B1658D9D1877: ConfigurationManager, init=-1: [f8c171d0-1f10-4cc7-96b8-2148e4362ba2:192.168.34.35:46263, f834217c-c8f6-4875-b0f2-58e9e124a81d:192.168.34.35:39697, 6e88a04a-eefd-4ce0-8615-e06a993968a7:192.168.34.35:33336], old=null, confs=<EMPTY_MAP>
2019-11-17 12:10:50,683 [pool-27-thread-1] INFO  impl.RaftServerImpl (RaftServerImpl.java:<init>(98)) - f8c171d0-1f10-4cc7-96b8-2148e4362ba2: new RaftServerImpl for group-B1658D9D1877:[f8c171d0-1f10-4cc7-96b8-2148e4362ba2:192.168.34.35:46263, f834217c-c8f6-4875-b0f2-58e9e124a81d:192.168.34.35:39697, 6e88a04a-eefd-4ce0-8615-e06a993968a7:192.168.34.35:33336] with ContainerStateMachine:uninitialized
2019-11-17 12:10:50,683 [pool-37-thread-1] INFO  server.RaftServerConfigKeys (ConfUtils.java:logGet(43)) - raft.server.storage.dir = [/workdir/hadoop-ozone/tools/target/test-dir/MiniOzoneClusterImpl-001153d4-cfdc-40b4-815d-d1451a38a209/datanode-1/data/ratis] (custom)
2019-11-17 12:10:50,684 [pool-27-thread-1] INFO  server.RaftServerConfigKeys (ConfUtils.java:logGet(43)) - raft.server.rpc.timeout.min = 5s (custom)
2019-11-17 12:10:50,684 [pool-27-thread-1] INFO  server.RaftServerConfigKeys (ConfUtils.java:logGet(43)) - raft.server.rpc.timeout.max = 5200ms (custom)
2019-11-17 12:10:50,684 [pool-37-thread-1] INFO  server.RaftServerConfigKeys (ConfUtils.java:logGet(43)) - raft.server.log.corruption.policy = EXCEPTION (default)
2019-11-17 12:10:50,684 [pool-27-thread-1] INFO  server.RaftServerConfigKeys (ConfUtils.java:logGet(43)) - raft.server.rpcslowness.timeout = 120s (custom)
2019-11-17 12:10:50,684 [pool-37-thread-1] INFO  storage.RaftStorageDirectory (RaftStorageDirectory.java:analyzeStorage(246)) - The storage directory /workdir/hadoop-ozone/tools/target/test-dir/MiniOzoneClusterImpl-001153d4-cfdc-40b4-815d-d1451a38a209/datanode-1/data/ratis/ac9d7865-4dd7-4420-b53b-b1658d9d1877 does not exist. Creating ...
2019-11-17 12:10:50,684 [pool-27-thread-1] INFO  server.RaftServerConfigKeys (ConfUtils.java:logGet(43)) - raft.server.sleep.deviation.threshold = 300 (default)
2019-11-17 12:10:50,685 [pool-27-thread-1] INFO  server.RaftServerConfigKeys (ConfUtils.java:logGet(43)) - raft.server.log.appender.install.snapshot.enabled = false (custom)
2019-11-17 12:10:50,685 [pool-27-thread-1] INFO  impl.RaftServerImpl (ServerState.java:<init>(103)) - f8c171d0-1f10-4cc7-96b8-2148e4362ba2@group-B1658D9D1877: ConfigurationManager, init=-1: [f8c171d0-1f10-4cc7-96b8-2148e4362ba2:192.168.34.35:46263, f834217c-c8f6-4875-b0f2-58e9e124a81d:192.168.34.35:39697, 6e88a04a-eefd-4ce0-8615-e06a993968a7:192.168.34.35:33336], old=null, confs=<EMPTY_MAP>
2019-11-17 12:10:50,685 [pool-27-thread-1] INFO  server.RaftServerConfigKeys (ConfUtils.java:logGet(43)) - raft.server.storage.dir = [/workdir/hadoop-ozone/tools/target/test-dir/MiniOzoneClusterImpl-001153d4-cfdc-40b4-815d-d1451a38a209/datanode-0/data/ratis] (custom)
2019-11-17 12:10:50,685 [pool-27-thread-1] INFO  server.RaftServerConfigKeys (ConfUtils.java:logGet(43)) - raft.server.log.corruption.policy = EXCEPTION (default)
2019-11-17 12:10:50,686 [pool-27-thread-1] INFO  storage.RaftStorageDirectory (RaftStorageDirectory.java:analyzeStorage(246)) - The storage directory /workdir/hadoop-ozone/tools/target/test-dir/MiniOzoneClusterImpl-001153d4-cfdc-40b4-815d-d1451a38a209/datanode-0/data/ratis/ac9d7865-4dd7-4420-b53b-b1658d9d1877 does not exist. Creating ...
2019-11-17 12:10:50,695 [pool-47-thread-1] INFO  storage.RaftStorageDirectory (RaftStorageDirectory.java:tryLock(328)) - Lock on /workdir/hadoop-ozone/tools/target/test-dir/MiniOzoneClusterImpl-001153d4-cfdc-40b4-815d-d1451a38a209/datanode-2/data/ratis/ac9d7865-4dd7-4420-b53b-b1658d9d1877/in_use.lock acquired by nodename 12174@pr-hdds-2291-5997d-4279494527
2019-11-17 12:10:50,695 [pool-27-thread-1] INFO  storage.RaftStorageDirectory (RaftStorageDirectory.java:tryLock(328)) - Lock on /workdir/hadoop-ozone/tools/target/test-dir/MiniOzoneClusterImpl-001153d4-cfdc-40b4-815d-d1451a38a209/datanode-0/data/ratis/ac9d7865-4dd7-4420-b53b-b1658d9d1877/in_use.lock acquired by nodename 12174@pr-hdds-2291-5997d-4279494527
2019-11-17 12:10:50,695 [pool-37-thread-1] INFO  storage.RaftStorageDirectory (RaftStorageDirectory.java:tryLock(328)) - Lock on /workdir/hadoop-ozone/tools/target/test-dir/MiniOzoneClusterImpl-001153d4-cfdc-40b4-815d-d1451a38a209/datanode-1/data/ratis/ac9d7865-4dd7-4420-b53b-b1658d9d1877/in_use.lock acquired by nodename 12174@pr-hdds-2291-5997d-4279494527
2019-11-17 12:10:50,718 [pool-47-thread-1] INFO  storage.RaftStorage (RaftStorage.java:format(84)) - Storage directory /workdir/hadoop-ozone/tools/target/test-dir/MiniOzoneClusterImpl-001153d4-cfdc-40b4-815d-d1451a38a209/datanode-2/data/ratis/ac9d7865-4dd7-4420-b53b-b1658d9d1877 has been successfully formatted.
2019-11-17 12:10:50,718 [pool-27-thread-1] INFO  storage.RaftStorage (RaftStorage.java:format(84)) - Storage directory /workdir/hadoop-ozone/tools/target/test-dir/MiniOzoneClusterImpl-001153d4-cfdc-40b4-815d-d1451a38a209/datanode-0/data/ratis/ac9d7865-4dd7-4420-b53b-b1658d9d1877 has been successfully formatted.
2019-11-17 12:10:50,718 [pool-37-thread-1] INFO  storage.RaftStorage (RaftStorage.java:format(84)) - Storage directory /workdir/hadoop-ozone/tools/target/test-dir/MiniOzoneClusterImpl-001153d4-cfdc-40b4-815d-d1451a38a209/datanode-1/data/ratis/ac9d7865-4dd7-4420-b53b-b1658d9d1877 has been successfully formatted.
2019-11-17 12:10:50,718 [pool-47-thread-1] INFO  ratis.ContainerStateMachine (ContainerStateMachine.java:loadSnapshot(223)) - group-B1658D9D1877: The snapshot info is null. Setting the last applied indexto:(t:0, i:~)
2019-11-17 12:10:50,718 [pool-27-thread-1] INFO  ratis.ContainerStateMachine (ContainerStateMachine.java:loadSnapshot(223)) - group-B1658D9D1877: The snapshot info is null. Setting the last applied indexto:(t:0, i:~)
2019-11-17 12:10:50,719 [pool-37-thread-1] INFO  ratis.ContainerStateMachine (ContainerStateMachine.java:loadSnapshot(223)) - group-B1658D9D1877: The snapshot info is null. Setting the last applied indexto:(t:0, i:~)
2019-11-17 12:10:50,719 [pool-47-thread-1] INFO  server.RaftServerConfigKeys (ConfUtils.java:logGet(43)) - raft.server.notification.no-leader.timeout = 120s (custom)
2019-11-17 12:10:50,719 [pool-47-thread-1] INFO  server.RaftServerConfigKeys (ConfUtils.java:logGet(43)) - raft.server.log.use.memory = false (default)
2019-11-17 12:10:50,719 [pool-37-thread-1] INFO  server.RaftServerConfigKeys (ConfUtils.java:logGet(43)) - raft.server.notification.no-leader.timeout = 120s (custom)
2019-11-17 12:10:50,719 [pool-27-thread-1] INFO  server.RaftServerConfigKeys (ConfUtils.java:logGet(43)) - raft.server.notification.no-leader.timeout = 120s (custom)
2019-11-17 12:10:50,729 [pool-37-thread-1] INFO  server.RaftServerConfigKeys (ConfUtils.java:logGet(43)) - raft.server.log.use.memory = false (default)
2019-11-17 12:10:50,721 [pool-47-thread-1] INFO  server.RaftServerConfigKeys (ConfUtils.java:logGet(43)) - raft.server.log.purge.gap = 1000000 (custom)
2019-11-17 12:10:50,730 [pool-37-thread-1] INFO  server.RaftServerConfigKeys (ConfUtils.java:logGet(43)) - raft.server.log.purge.gap = 1000000 (custom)
2019-11-17 12:10:50,730 [pool-27-thread-1] INFO  server.RaftServerConfigKeys (ConfUtils.java:logGet(43)) - raft.server.log.use.memory = false (default)
2019-11-17 12:10:50,730 [pool-37-thread-1] INFO  server.RaftServerConfigKeys (ConfUtils.java:logGet(43)) - raft.server.log.appender.buffer.byte-limit = 33554432 (custom)
2019-11-17 12:10:50,730 [pool-47-thread-1] INFO  server.RaftServerConfigKeys (ConfUtils.java:logGet(43)) - raft.server.log.appender.buffer.byte-limit = 33554432 (custom)
2019-11-17 12:10:50,731 [pool-37-thread-1] INFO  server.RaftServerConfigKeys (ConfUtils.java:logGet(43)) - raft.server.log.segment.size.max = 1048576 (custom)
2019-11-17 12:10:50,730 [pool-27-thread-1] INFO  server.RaftServerConfigKeys (ConfUtils.java:logGet(43)) - raft.server.log.purge.gap = 1000000 (custom)
2019-11-17 12:10:50,731 [pool-37-thread-1] INFO  server.RaftServerConfigKeys (ConfUtils.java:logGet(43)) - raft.server.log.segment.cache.num.max = 2 (custom)
2019-11-17 12:10:50,731 [pool-47-thread-1] INFO  server.RaftServerConfigKeys (ConfUtils.java:logGet(43)) - raft.server.log.segment.size.max = 1048576 (custom)
2019-11-17 12:10:50,731 [pool-37-thread-1] INFO  segmented.SegmentedRaftLogWorker (SegmentedRaftLogWorker.java:<init>(173)) - new f834217c-c8f6-4875-b0f2-58e9e124a81d@group-B1658D9D1877-SegmentedRaftLogWorker for RaftStorage:Storage Directory /workdir/hadoop-ozone/tools/target/test-dir/MiniOzoneClusterImpl-001153d4-cfdc-40b4-815d-d1451a38a209/datanode-1/data/ratis/ac9d7865-4dd7-4420-b53b-b1658d9d1877
2019-11-17 12:10:50,731 [pool-37-thread-1] INFO  server.RaftServerConfigKeys (ConfUtils.java:logGet(43)) - raft.server.log.queue.byte-limit = 2147483647 (custom)
2019-11-17 12:10:50,731 [pool-27-thread-1] INFO  server.RaftServerConfigKeys (ConfUtils.java:logGet(43)) - raft.server.log.appender.buffer.byte-limit = 33554432 (custom)
2019-11-17 12:10:50,731 [pool-37-thread-1] INFO  server.RaftServerConfigKeys (ConfUtils.java:logGet(43)) - raft.server.log.queue.element-limit = 1024 (custom)
2019-11-17 12:10:50,731 [pool-47-thread-1] INFO  server.RaftServerConfigKeys (ConfUtils.java:logGet(43)) - raft.server.log.segment.cache.num.max = 2 (custom)
2019-11-17 12:10:50,732 [pool-37-thread-1] INFO  server.RaftServerConfigKeys (ConfUtils.java:logGet(43)) - raft.server.log.segment.size.max = 1048576 (custom)
2019-11-17 12:10:50,732 [pool-37-thread-1] INFO  server.RaftServerConfigKeys (ConfUtils.java:logGet(43)) - raft.server.log.preallocated.size = 16384 (custom)
2019-11-17 12:10:50,732 [pool-27-thread-1] INFO  server.RaftServerConfigKeys (ConfUtils.java:logGet(43)) - raft.server.log.segment.size.max = 1048576 (custom)
2019-11-17 12:10:50,732 [pool-37-thread-1] INFO  server.RaftServerConfigKeys (ConfUtils.java:logGet(43)) - raft.server.log.write.buffer.size = 33554432 (custom)
2019-11-17 12:10:50,733 [pool-27-thread-1] INFO  server.RaftServerConfigKeys (ConfUtils.java:logGet(43)) - raft.server.log.segment.cache.num.max = 2 (custom)
2019-11-17 12:10:50,732 [pool-47-thread-1] INFO  segmented.SegmentedRaftLogWorker (SegmentedRaftLogWorker.java:<init>(173)) - new 6e88a04a-eefd-4ce0-8615-e06a993968a7@group-B1658D9D1877-SegmentedRaftLogWorker for RaftStorage:Storage Directory /workdir/hadoop-ozone/tools/target/test-dir/MiniOzoneClusterImpl-001153d4-cfdc-40b4-815d-d1451a38a209/datanode-2/data/ratis/ac9d7865-4dd7-4420-b53b-b1658d9d1877
2019-11-17 12:10:50,733 [pool-37-thread-1] INFO  server.RaftServerConfigKeys (ConfUtils.java:logGet(43)) - raft.server.log.force.sync.num = 128 (default)
2019-11-17 12:10:50,733 [pool-27-thread-1] INFO  segmented.SegmentedRaftLogWorker (SegmentedRaftLogWorker.java:<init>(173)) - new f8c171d0-1f10-4cc7-96b8-2148e4362ba2@group-B1658D9D1877-SegmentedRaftLogWorker for RaftStorage:Storage Directory /workdir/hadoop-ozone/tools/target/test-dir/MiniOzoneClusterImpl-001153d4-cfdc-40b4-815d-d1451a38a209/datanode-0/data/ratis/ac9d7865-4dd7-4420-b53b-b1658d9d1877
2019-11-17 12:10:50,734 [pool-37-thread-1] INFO  server.RaftServerConfigKeys (ConfUtils.java:logGet(43)) - raft.server.log.statemachine.data.sync = true (default)
2019-11-17 12:10:50,734 [pool-47-thread-1] INFO  server.RaftServerConfigKeys (ConfUtils.java:logGet(43)) - raft.server.log.queue.byte-limit = 2147483647 (custom)
2019-11-17 12:10:50,734 [pool-37-thread-1] INFO  server.RaftServerConfigKeys (ConfUtils.java:logGet(43)) - raft.server.log.statemachine.data.sync.timeout = 10s (default)
2019-11-17 12:10:50,734 [pool-37-thread-1] INFO  server.RaftServerConfigKeys (ConfUtils.java:logGet(43)) - raft.server.log.statemachine.data.sync.timeout.retry = -1 (default)
2019-11-17 12:10:50,734 [pool-27-thread-1] INFO  server.RaftServerConfigKeys (ConfUtils.java:logGet(43)) - raft.server.log.queue.byte-limit = 2147483647 (custom)
2019-11-17 12:10:50,734 [pool-47-thread-1] INFO  server.RaftServerConfigKeys (ConfUtils.java:logGet(43)) - raft.server.log.queue.element-limit = 1024 (custom)
2019-11-17 12:10:50,735 [pool-27-thread-1] INFO  server.RaftServerConfigKeys (ConfUtils.java:logGet(43)) - raft.server.log.queue.element-limit = 1024 (custom)
2019-11-17 12:10:50,735 [pool-47-thread-1] INFO  server.RaftServerConfigKeys (ConfUtils.java:logGet(43)) - raft.server.log.segment.size.max = 1048576 (custom)
2019-11-17 12:10:50,735 [pool-27-thread-1] INFO  server.RaftServerConfigKeys (ConfUtils.java:logGet(43)) - raft.server.log.segment.size.max = 1048576 (custom)
2019-11-17 12:10:50,735 [pool-47-thread-1] INFO  server.RaftServerConfigKeys (ConfUtils.java:logGet(43)) - raft.server.log.preallocated.size = 16384 (custom)
2019-11-17 12:10:50,735 [pool-27-thread-1] INFO  server.RaftServerConfigKeys (ConfUtils.java:logGet(43)) - raft.server.log.preallocated.size = 16384 (custom)
2019-11-17 12:10:50,735 [pool-47-thread-1] INFO  server.RaftServerConfigKeys (ConfUtils.java:logGet(43)) - raft.server.log.write.buffer.size = 33554432 (custom)
2019-11-17 12:10:50,736 [pool-27-thread-1] INFO  server.RaftServerConfigKeys (ConfUtils.java:logGet(43)) - raft.server.log.write.buffer.size = 33554432 (custom)
2019-11-17 12:10:50,736 [pool-47-thread-1] INFO  server.RaftServerConfigKeys (ConfUtils.java:logGet(43)) - raft.server.log.force.sync.num = 128 (default)
2019-11-17 12:10:50,736 [pool-27-thread-1] INFO  server.RaftServerConfigKeys (ConfUtils.java:logGet(43)) - raft.server.log.force.sync.num = 128 (default)
2019-11-17 12:10:50,736 [pool-47-thread-1] INFO  server.RaftServerConfigKeys (ConfUtils.java:logGet(43)) - raft.server.log.statemachine.data.sync = true (default)
2019-11-17 12:10:50,736 [pool-27-thread-1] INFO  server.RaftServerConfigKeys (ConfUtils.java:logGet(43)) - raft.server.log.statemachine.data.sync = true (default)
2019-11-17 12:10:50,736 [pool-47-thread-1] INFO  server.RaftServerConfigKeys (ConfUtils.java:logGet(43)) - raft.server.log.statemachine.data.sync.timeout = 10s (default)
2019-11-17 12:10:50,736 [pool-37-thread-1] INFO  server.RaftServerConfigKeys (ConfUtils.java:logGet(43)) - raft.server.log.statemachine.data.caching.enabled = true (custom)
2019-11-17 12:10:50,736 [pool-27-thread-1] INFO  server.RaftServerConfigKeys (ConfUtils.java:logGet(43)) - raft.server.log.statemachine.data.sync.timeout = 10s (default)
2019-11-17 12:10:50,736 [pool-47-thread-1] INFO  server.RaftServerConfigKeys (ConfUtils.java:logGet(43)) - raft.server.log.statemachine.data.sync.timeout.retry = -1 (default)
2019-11-17 12:10:50,737 [pool-27-thread-1] INFO  server.RaftServerConfigKeys (ConfUtils.java:logGet(43)) - raft.server.log.statemachine.data.sync.timeout.retry = -1 (default)
2019-11-17 12:10:50,737 [pool-47-thread-1] INFO  server.RaftServerConfigKeys (ConfUtils.java:logGet(43)) - raft.server.log.statemachine.data.caching.enabled = true (custom)
2019-11-17 12:10:50,737 [pool-37-thread-1] INFO  segmented.SegmentedRaftLogWorker (SegmentedRaftLogWorker.java:lambda$new$0(128)) - f834217c-c8f6-4875-b0f2-58e9e124a81d@group-B1658D9D1877-SegmentedRaftLogWorker: flushIndex: setUnconditionally 0 -> -1
2019-11-17 12:10:50,738 [pool-27-thread-1] INFO  server.RaftServerConfigKeys (ConfUtils.java:logGet(43)) - raft.server.log.statemachine.data.caching.enabled = true (custom)
2019-11-17 12:10:50,739 [pool-47-thread-1] INFO  segmented.SegmentedRaftLogWorker (SegmentedRaftLogWorker.java:lambda$new$0(128)) - 6e88a04a-eefd-4ce0-8615-e06a993968a7@group-B1658D9D1877-SegmentedRaftLogWorker: flushIndex: setUnconditionally 0 -> -1
2019-11-17 12:10:50,743 [pool-37-thread-1] INFO  server.RaftServerConfigKeys (ConfUtils.java:logGet(43)) - raft.server.snapshot.auto.trigger.enabled = true (custom)
2019-11-17 12:10:50,743 [pool-47-thread-1] INFO  server.RaftServerConfigKeys (ConfUtils.java:logGet(43)) - raft.server.snapshot.auto.trigger.enabled = true (custom)
2019-11-17 12:10:50,743 [pool-37-thread-1] INFO  server.RaftServerConfigKeys (ConfUtils.java:logGet(43)) - raft.server.snapshot.auto.trigger.threshold = 10000 (custom)
2019-11-17 12:10:50,746 [pool-27-thread-1] INFO  segmented.SegmentedRaftLogWorker (SegmentedRaftLogWorker.java:lambda$new$0(128)) - f8c171d0-1f10-4cc7-96b8-2148e4362ba2@group-B1658D9D1877-SegmentedRaftLogWorker: flushIndex: setUnconditionally 0 -> -1
2019-11-17 12:10:50,746 [pool-47-thread-1] INFO  server.RaftServerConfigKeys (ConfUtils.java:logGet(43)) - raft.server.snapshot.auto.trigger.threshold = 10000 (custom)
2019-11-17 12:10:50,752 [pool-47-thread-1] INFO  server.RaftServerConfigKeys (ConfUtils.java:logGet(43)) - raft.server.snapshot.retention.file.num = 5 (custom)
2019-11-17 12:10:50,750 [pool-37-thread-1] INFO  server.RaftServerConfigKeys (ConfUtils.java:logGet(43)) - raft.server.snapshot.retention.file.num = 5 (custom)
2019-11-17 12:10:50,752 [pool-47-thread-1] INFO  server.RaftServerConfigKeys (ConfUtils.java:logGet(43)) - raft.server.retrycache.expirytime = 600000ms (custom)
2019-11-17 12:10:50,752 [pool-27-thread-1] INFO  server.RaftServerConfigKeys (ConfUtils.java:logGet(43)) - raft.server.snapshot.auto.trigger.enabled = true (custom)
2019-11-17 12:10:50,752 [pool-47-thread-1] WARN  impl.MetricRegistriesImpl (MetricRegistriesImpl.java:lambda$create$1(61)) - First MetricRegistry has been created without registering reporters. You may need to call MetricRegistries.global().addReportRegistration(...) before.
2019-11-17 12:10:50,752 [pool-37-thread-1] INFO  server.RaftServerConfigKeys (ConfUtils.java:logGet(43)) - raft.server.retrycache.expirytime = 600000ms (custom)
2019-11-17 12:10:50,752 [pool-47-thread-1] WARN  impl.MetricRegistriesImpl (MetricRegistriesImpl.java:lambda$create$1(61)) - First MetricRegistry has been created without registering reporters. You may need to call MetricRegistries.global().addReportRegistration(...) before.
2019-11-17 12:10:50,753 [pool-37-thread-1] WARN  impl.MetricRegistriesImpl (MetricRegistriesImpl.java:lambda$create$1(61)) - First MetricRegistry has been created without registering reporters. You may need to call MetricRegistries.global().addReportRegistration(...) before.
2019-11-17 12:10:50,752 [pool-27-thread-1] INFO  server.RaftServerConfigKeys (ConfUtils.java:logGet(43)) - raft.server.snapshot.auto.trigger.threshold = 10000 (custom)
2019-11-17 12:10:50,753 [pool-37-thread-1] WARN  impl.MetricRegistriesImpl (MetricRegistriesImpl.java:lambda$create$1(61)) - First MetricRegistry has been created without registering reporters. You may need to call MetricRegistries.global().addReportRegistration(...) before.
2019-11-17 12:10:50,753 [pool-47-thread-1] INFO  impl.RaftServerImpl (RaftServerImpl.java:start(184)) - 6e88a04a-eefd-4ce0-8615-e06a993968a7@group-B1658D9D1877: start as a follower, conf=-1: [f8c171d0-1f10-4cc7-96b8-2148e4362ba2:192.168.34.35:46263, f834217c-c8f6-4875-b0f2-58e9e124a81d:192.168.34.35:39697, 6e88a04a-eefd-4ce0-8615-e06a993968a7:192.168.34.35:33336], old=null
2019-11-17 12:10:50,753 [pool-27-thread-1] INFO  server.RaftServerConfigKeys (ConfUtils.java:logGet(43)) - raft.server.snapshot.retention.file.num = 5 (custom)
2019-11-17 12:10:50,753 [pool-37-thread-1] INFO  impl.RaftServerImpl (RaftServerImpl.java:start(184)) - f834217c-c8f6-4875-b0f2-58e9e124a81d@group-B1658D9D1877: start as a follower, conf=-1: [f8c171d0-1f10-4cc7-96b8-2148e4362ba2:192.168.34.35:46263, f834217c-c8f6-4875-b0f2-58e9e124a81d:192.168.34.35:39697, 6e88a04a-eefd-4ce0-8615-e06a993968a7:192.168.34.35:33336], old=null
2019-11-17 12:10:50,753 [pool-47-thread-1] INFO  impl.RaftServerImpl (RaftServerImpl.java:setRole(173)) - 6e88a04a-eefd-4ce0-8615-e06a993968a7@group-B1658D9D1877: changes role from      null to FOLLOWER at term 0 for startAsFollower
2019-11-17 12:10:50,753 [pool-37-thread-1] INFO  impl.RaftServerImpl (RaftServerImpl.java:setRole(173)) - f834217c-c8f6-4875-b0f2-58e9e124a81d@group-B1658D9D1877: changes role from      null to FOLLOWER at term 0 for startAsFollower
2019-11-17 12:10:50,753 [pool-27-thread-1] INFO  server.RaftServerConfigKeys (ConfUtils.java:logGet(43)) - raft.server.retrycache.expirytime = 600000ms (custom)
2019-11-17 12:10:50,754 [pool-37-thread-1] INFO  impl.RoleInfo (RoleInfo.java:updateAndGet(143)) - f834217c-c8f6-4875-b0f2-58e9e124a81d: start FollowerState
2019-11-17 12:10:50,754 [pool-27-thread-1] WARN  impl.MetricRegistriesImpl (MetricRegistriesImpl.java:lambda$create$1(61)) - First MetricRegistry has been created without registering reporters. You may need to call MetricRegistries.global().addReportRegistration(...) before.
2019-11-17 12:10:50,754 [pool-47-thread-1] INFO  impl.RoleInfo (RoleInfo.java:updateAndGet(143)) - 6e88a04a-eefd-4ce0-8615-e06a993968a7: start FollowerState
2019-11-17 12:10:50,754 [pool-27-thread-1] WARN  impl.MetricRegistriesImpl (MetricRegistriesImpl.java:lambda$create$1(61)) - First MetricRegistry has been created without registering reporters. You may need to call MetricRegistries.global().addReportRegistration(...) before.
2019-11-17 12:10:50,754 [pool-37-thread-1] INFO  util.JmxRegister (JmxRegister.java:tryRegister(44)) - Successfully registered JMX Bean with object name Ratis:service=RaftServer,group=group-B1658D9D1877,id=f834217c-c8f6-4875-b0f2-58e9e124a81d
2019-11-17 12:10:50,754 [pool-27-thread-1] INFO  impl.RaftServerImpl (RaftServerImpl.java:start(184)) - f8c171d0-1f10-4cc7-96b8-2148e4362ba2@group-B1658D9D1877: start as a follower, conf=-1: [f8c171d0-1f10-4cc7-96b8-2148e4362ba2:192.168.34.35:46263, f834217c-c8f6-4875-b0f2-58e9e124a81d:192.168.34.35:39697, 6e88a04a-eefd-4ce0-8615-e06a993968a7:192.168.34.35:33336], old=null
2019-11-17 12:10:50,754 [pool-47-thread-1] INFO  util.JmxRegister (JmxRegister.java:tryRegister(44)) - Successfully registered JMX Bean with object name Ratis:service=RaftServer,group=group-B1658D9D1877,id=6e88a04a-eefd-4ce0-8615-e06a993968a7
2019-11-17 12:10:50,755 [pool-27-thread-1] INFO  impl.RaftServerImpl (RaftServerImpl.java:setRole(173)) - f8c171d0-1f10-4cc7-96b8-2148e4362ba2@group-B1658D9D1877: changes role from      null to FOLLOWER at term 0 for startAsFollower
2019-11-17 12:10:50,754 [pool-37-thread-1] WARN  impl.MetricRegistriesImpl (MetricRegistriesImpl.java:lambda$create$1(61)) - First MetricRegistry has been created without registering reporters. You may need to call MetricRegistries.global().addReportRegistration(...) before.
2019-11-17 12:10:50,755 [pool-27-thread-1] INFO  impl.RoleInfo (RoleInfo.java:updateAndGet(143)) - f8c171d0-1f10-4cc7-96b8-2148e4362ba2: start FollowerState
2019-11-17 12:10:50,755 [pool-47-thread-1] WARN  impl.MetricRegistriesImpl (MetricRegistriesImpl.java:lambda$create$1(61)) - First MetricRegistry has been created without registering reporters. You may need to call MetricRegistries.global().addReportRegistration(...) before.
2019-11-17 12:10:50,755 [pool-27-thread-1] INFO  util.JmxRegister (JmxRegister.java:tryRegister(44)) - Successfully registered JMX Bean with object name Ratis:service=RaftServer,group=group-B1658D9D1877,id=f8c171d0-1f10-4cc7-96b8-2148e4362ba2
2019-11-17 12:10:50,756 [pool-27-thread-1] WARN  impl.MetricRegistriesImpl (MetricRegistriesImpl.java:lambda$create$1(61)) - First MetricRegistry has been created without registering reporters. You may need to call MetricRegistries.global().addReportRegistration(...) before.
2019-11-17 12:10:50,762 [RatisPipelineUtilsThread] INFO  pipeline.PipelineStateManager (PipelineStateManager.java:addPipeline(55)) - Created pipeline Pipeline[ Id: ac9d7865-4dd7-4420-b53b-b1658d9d1877, Nodes: f8c171d0-1f10-4cc7-96b8-2148e4362ba2{ip: 192.168.34.35, host: pr-hdds-2291-5997d-4279494527, networkLocation: /default-rack, certSerialId: null}f834217c-c8f6-4875-b0f2-58e9e124a81d{ip: 192.168.34.35, host: pr-hdds-2291-5997d-4279494527, networkLocation: /default-rack, certSerialId: null}6e88a04a-eefd-4ce0-8615-e06a993968a7{ip: 192.168.34.35, host: pr-hdds-2291-5997d-4279494527, networkLocation: /default-rack, certSerialId: null}, Type:RATIS, Factor:THREE, State:ALLOCATED]
2019-11-17 12:10:51,312 [main] INFO  ozone.MiniOzoneClusterImpl (MiniOzoneClusterImpl.java:lambda$waitForClusterToBeReady$2(163)) - Waiting for 4 number of pipelines out of 4, to report a leader.
2019-11-17 12:10:52,313 [main] INFO  ozone.MiniOzoneClusterImpl (MiniOzoneClusterImpl.java:lambda$waitForClusterToBeReady$2(163)) - Waiting for 4 number of pipelines out of 4, to report a leader.
2019-11-17 12:10:53,314 [main] INFO  ozone.MiniOzoneClusterImpl (MiniOzoneClusterImpl.java:lambda$waitForClusterToBeReady$2(163)) - Waiting for 4 number of pipelines out of 4, to report a leader.
2019-11-17 12:10:54,314 [main] INFO  ozone.MiniOzoneClusterImpl (MiniOzoneClusterImpl.java:lambda$waitForClusterToBeReady$2(163)) - Waiting for 4 number of pipelines out of 4, to report a leader.
2019-11-17 12:10:55,315 [main] INFO  ozone.MiniOzoneClusterImpl (MiniOzoneClusterImpl.java:lambda$waitForClusterToBeReady$2(163)) - Waiting for 4 number of pipelines out of 4, to report a leader.
2019-11-17 12:10:55,426 [Thread-200] INFO  impl.FollowerState (FollowerState.java:run(111)) - f834217c-c8f6-4875-b0f2-58e9e124a81d@group-A0DBC7CA8A85-FollowerState: change to CANDIDATE, lastRpcTime:5007ms, electionTimeout:5007ms
2019-11-17 12:10:55,430 [Thread-200] INFO  impl.RoleInfo (RoleInfo.java:shutdownFollowerState(121)) - f834217c-c8f6-4875-b0f2-58e9e124a81d: shutdown FollowerState
2019-11-17 12:10:55,430 [Thread-200] INFO  impl.RaftServerImpl (RaftServerImpl.java:setRole(173)) - f834217c-c8f6-4875-b0f2-58e9e124a81d@group-A0DBC7CA8A85: changes role from  FOLLOWER to CANDIDATE at term 0 for changeToCandidate
2019-11-17 12:10:55,435 [Thread-200] INFO  impl.RoleInfo (RoleInfo.java:updateAndGet(143)) - f834217c-c8f6-4875-b0f2-58e9e124a81d: start LeaderElection
2019-11-17 12:10:55,450 [f834217c-c8f6-4875-b0f2-58e9e124a81d@group-A0DBC7CA8A85-LeaderElection1] INFO  impl.LeaderElection (LeaderElection.java:askForVotes(178)) - f834217c-c8f6-4875-b0f2-58e9e124a81d@group-A0DBC7CA8A85-LeaderElection1: begin an election at term 1 for -1: [f834217c-c8f6-4875-b0f2-58e9e124a81d:192.168.34.35:39697], old=null
2019-11-17 12:10:55,452 [f834217c-c8f6-4875-b0f2-58e9e124a81d@group-A0DBC7CA8A85-LeaderElection1] INFO  impl.RoleInfo (RoleInfo.java:shutdownLeaderElection(134)) - f834217c-c8f6-4875-b0f2-58e9e124a81d: shutdown LeaderElection
2019-11-17 12:10:55,453 [f834217c-c8f6-4875-b0f2-58e9e124a81d@group-A0DBC7CA8A85-LeaderElection1] INFO  impl.RaftServerImpl (RaftServerImpl.java:setRole(173)) - f834217c-c8f6-4875-b0f2-58e9e124a81d@group-A0DBC7CA8A85: changes role from CANDIDATE to LEADER at term 1 for changeToLeader
2019-11-17 12:10:55,453 [f834217c-c8f6-4875-b0f2-58e9e124a81d@group-A0DBC7CA8A85-LeaderElection1] INFO  ratis.XceiverServerRatis (XceiverServerRatis.java:handleLeaderChangedNotification(697)) - Leader change notification received for group: group-A0DBC7CA8A85 with new leaderId: f834217c-c8f6-4875-b0f2-58e9e124a81d
2019-11-17 12:10:55,458 [f834217c-c8f6-4875-b0f2-58e9e124a81d@group-A0DBC7CA8A85-LeaderElection1] INFO  impl.RaftServerImpl (ServerState.java:setLeader(255)) - f834217c-c8f6-4875-b0f2-58e9e124a81d@group-A0DBC7CA8A85: change Leader from null to f834217c-c8f6-4875-b0f2-58e9e124a81d at term 1 for becomeLeader, leader elected after 5040ms
2019-11-17 12:10:55,465 [f834217c-c8f6-4875-b0f2-58e9e124a81d@group-A0DBC7CA8A85-LeaderElection1] INFO  server.RaftServerConfigKeys (ConfUtils.java:logGet(43)) - raft.server.staging.catchup.gap = 1000 (default)
2019-11-17 12:10:55,466 [f834217c-c8f6-4875-b0f2-58e9e124a81d@group-A0DBC7CA8A85-LeaderElection1] INFO  server.RaftServerConfigKeys (ConfUtils.java:logGet(43)) - raft.server.rpc.sleep.time = 25ms (default)
2019-11-17 12:10:55,471 [f834217c-c8f6-4875-b0f2-58e9e124a81d@group-A0DBC7CA8A85-LeaderElection1] INFO  server.RaftServerConfigKeys (ConfUtils.java:logGet(43)) - raft.server.write.element-limit = 4096 (default)
2019-11-17 12:10:55,475 [f834217c-c8f6-4875-b0f2-58e9e124a81d@group-A0DBC7CA8A85-LeaderElection1] INFO  server.RaftServerConfigKeys (ConfUtils.java:logGet(43)) - raft.server.watch.timeout = 10s (default)
2019-11-17 12:10:55,475 [f834217c-c8f6-4875-b0f2-58e9e124a81d@group-A0DBC7CA8A85-LeaderElection1] INFO  server.RaftServerConfigKeys (ConfUtils.java:logGet(43)) - raft.server.watch.timeout.denomination = 1s (default)
2019-11-17 12:10:55,476 [f834217c-c8f6-4875-b0f2-58e9e124a81d@group-A0DBC7CA8A85-LeaderElection1] INFO  server.RaftServerConfigKeys (ConfUtils.java:logGet(43)) - raft.server.watch.element-limit = 65536 (default)
2019-11-17 12:10:55,479 [EventQueue-PipelineReportForPipelineReportHandler] INFO  pipeline.PipelineStateManager (PipelineStateManager.java:openPipeline(134)) - Pipeline Pipeline[ Id: a7ff4489-386e-47a6-8bb6-a0dbc7ca8a85, Nodes: f834217c-c8f6-4875-b0f2-58e9e124a81d{ip: 192.168.34.35, host: pr-hdds-2291-5997d-4279494527, networkLocation: /default-rack, certSerialId: null}, Type:RATIS, Factor:ONE, State:OPEN] moved to OPEN state
2019-11-17 12:10:55,486 [f834217c-c8f6-4875-b0f2-58e9e124a81d@group-A0DBC7CA8A85-LeaderElection1] INFO  impl.RoleInfo (RoleInfo.java:updateAndGet(143)) - f834217c-c8f6-4875-b0f2-58e9e124a81d: start LeaderState
2019-11-17 12:10:55,508 [f834217c-c8f6-4875-b0f2-58e9e124a81d@group-A0DBC7CA8A85-LeaderElection1] INFO  segmented.SegmentedRaftLogWorker (SegmentedRaftLogWorker.java:startLogSegment(385)) - f834217c-c8f6-4875-b0f2-58e9e124a81d@group-A0DBC7CA8A85-SegmentedRaftLogWorker: Starting segment from index:0
2019-11-17 12:10:55,524 [f834217c-c8f6-4875-b0f2-58e9e124a81d@group-A0DBC7CA8A85-LeaderElection1] INFO  impl.RaftServerImpl (ServerState.java:setRaftConf(356)) - f834217c-c8f6-4875-b0f2-58e9e124a81d@group-A0DBC7CA8A85: set configuration 0: [f834217c-c8f6-4875-b0f2-58e9e124a81d:192.168.34.35:39697], old=null at 0
2019-11-17 12:10:55,664 [f834217c-c8f6-4875-b0f2-58e9e124a81d@group-A0DBC7CA8A85-SegmentedRaftLogWorker] INFO  segmented.SegmentedRaftLogWorker (SegmentedRaftLogWorker.java:execute(576)) - f834217c-c8f6-4875-b0f2-58e9e124a81d@group-A0DBC7CA8A85-SegmentedRaftLogWorker: created new log segment /workdir/hadoop-ozone/tools/target/test-dir/MiniOzoneClusterImpl-001153d4-cfdc-40b4-815d-d1451a38a209/datanode-1/data/ratis/a7ff4489-386e-47a6-8bb6-a0dbc7ca8a85/current/log_inprogress_0
2019-11-17 12:10:55,675 [Thread-204] INFO  impl.FollowerState (FollowerState.java:run(111)) - f8c171d0-1f10-4cc7-96b8-2148e4362ba2@group-5F61B56C3227-FollowerState: change to CANDIDATE, lastRpcTime:5170ms, electionTimeout:5170ms
2019-11-17 12:10:55,675 [Thread-204] INFO  impl.RoleInfo (RoleInfo.java:shutdownFollowerState(121)) - f8c171d0-1f10-4cc7-96b8-2148e4362ba2: shutdown FollowerState
2019-11-17 12:10:55,675 [Thread-204] INFO  impl.RaftServerImpl (RaftServerImpl.java:setRole(173)) - f8c171d0-1f10-4cc7-96b8-2148e4362ba2@group-5F61B56C3227: changes role from  FOLLOWER to CANDIDATE at term 0 for changeToCandidate
2019-11-17 12:10:55,675 [Thread-204] INFO  impl.RoleInfo (RoleInfo.java:updateAndGet(143)) - f8c171d0-1f10-4cc7-96b8-2148e4362ba2: start LeaderElection
2019-11-17 12:10:55,684 [f8c171d0-1f10-4cc7-96b8-2148e4362ba2@group-5F61B56C3227-LeaderElection2] INFO  impl.LeaderElection (LeaderElection.java:askForVotes(178)) - f8c171d0-1f10-4cc7-96b8-2148e4362ba2@group-5F61B56C3227-LeaderElection2: begin an election at term 1 for -1: [f8c171d0-1f10-4cc7-96b8-2148e4362ba2:192.168.34.35:46263], old=null
2019-11-17 12:10:55,687 [f8c171d0-1f10-4cc7-96b8-2148e4362ba2@group-5F61B56C3227-LeaderElection2] INFO  impl.RoleInfo (RoleInfo.java:shutdownLeaderElection(134)) - f8c171d0-1f10-4cc7-96b8-2148e4362ba2: shutdown LeaderElection
2019-11-17 12:10:55,687 [f8c171d0-1f10-4cc7-96b8-2148e4362ba2@group-5F61B56C3227-LeaderElection2] INFO  impl.RaftServerImpl (RaftServerImpl.java:setRole(173)) - f8c171d0-1f10-4cc7-96b8-2148e4362ba2@group-5F61B56C3227: changes role from CANDIDATE to LEADER at term 1 for changeToLeader
2019-11-17 12:10:55,688 [f8c171d0-1f10-4cc7-96b8-2148e4362ba2@group-5F61B56C3227-LeaderElection2] INFO  ratis.XceiverServerRatis (XceiverServerRatis.java:handleLeaderChangedNotification(697)) - Leader change notification received for group: group-5F61B56C3227 with new leaderId: f8c171d0-1f10-4cc7-96b8-2148e4362ba2
2019-11-17 12:10:55,688 [f8c171d0-1f10-4cc7-96b8-2148e4362ba2@group-5F61B56C3227-LeaderElection2] INFO  impl.RaftServerImpl (ServerState.java:setLeader(255)) - f8c171d0-1f10-4cc7-96b8-2148e4362ba2@group-5F61B56C3227: change Leader from null to f8c171d0-1f10-4cc7-96b8-2148e4362ba2 at term 1 for becomeLeader, leader elected after 5189ms
2019-11-17 12:10:55,688 [f8c171d0-1f10-4cc7-96b8-2148e4362ba2@group-5F61B56C3227-LeaderElection2] INFO  server.RaftServerConfigKeys (ConfUtils.java:logGet(43)) - raft.server.staging.catchup.gap = 1000 (default)
2019-11-17 12:10:55,688 [f8c171d0-1f10-4cc7-96b8-2148e4362ba2@group-5F61B56C3227-LeaderElection2] INFO  server.RaftServerConfigKeys (ConfUtils.java:logGet(43)) - raft.server.rpc.sleep.time = 25ms (default)
2019-11-17 12:10:55,689 [f8c171d0-1f10-4cc7-96b8-2148e4362ba2@group-5F61B56C3227-LeaderElection2] INFO  server.RaftServerConfigKeys (ConfUtils.java:logGet(43)) - raft.server.write.element-limit = 4096 (default)
2019-11-17 12:10:55,689 [f8c171d0-1f10-4cc7-96b8-2148e4362ba2@group-5F61B56C3227-LeaderElection2] INFO  server.RaftServerConfigKeys (ConfUtils.java:logGet(43)) - raft.server.watch.timeout = 10s (default)
2019-11-17 12:10:55,689 [f8c171d0-1f10-4cc7-96b8-2148e4362ba2@group-5F61B56C3227-LeaderElection2] INFO  server.RaftServerConfigKeys (ConfUtils.java:logGet(43)) - raft.server.watch.timeout.denomination = 1s (default)
2019-11-17 12:10:55,689 [f8c171d0-1f10-4cc7-96b8-2148e4362ba2@group-5F61B56C3227-LeaderElection2] INFO  server.RaftServerConfigKeys (ConfUtils.java:logGet(43)) - raft.server.watch.element-limit = 65536 (default)
2019-11-17 12:10:55,689 [f8c171d0-1f10-4cc7-96b8-2148e4362ba2@group-5F61B56C3227-LeaderElection2] INFO  impl.RoleInfo (RoleInfo.java:updateAndGet(143)) - f8c171d0-1f10-4cc7-96b8-2148e4362ba2: start LeaderState
2019-11-17 12:10:55,690 [f8c171d0-1f10-4cc7-96b8-2148e4362ba2@group-5F61B56C3227-LeaderElection2] INFO  segmented.SegmentedRaftLogWorker (SegmentedRaftLogWorker.java:startLogSegment(385)) - f8c171d0-1f10-4cc7-96b8-2148e4362ba2@group-5F61B56C3227-SegmentedRaftLogWorker: Starting segment from index:0
2019-11-17 12:10:55,690 [f8c171d0-1f10-4cc7-96b8-2148e4362ba2@group-5F61B56C3227-LeaderElection2] INFO  impl.RaftServerImpl (ServerState.java:setRaftConf(356)) - f8c171d0-1f10-4cc7-96b8-2148e4362ba2@group-5F61B56C3227: set configuration 0: [f8c171d0-1f10-4cc7-96b8-2148e4362ba2:192.168.34.35:46263], old=null at 0
2019-11-17 12:10:55,727 [Thread-208] INFO  impl.FollowerState (FollowerState.java:run(111)) - 6e88a04a-eefd-4ce0-8615-e06a993968a7@group-FAA431A786CD-FollowerState: change to CANDIDATE, lastRpcTime:5141ms, electionTimeout:5118ms
2019-11-17 12:10:55,727 [Thread-208] INFO  impl.RoleInfo (RoleInfo.java:shutdownFollowerState(121)) - 6e88a04a-eefd-4ce0-8615-e06a993968a7: shutdown FollowerState
2019-11-17 12:10:55,728 [Thread-208] INFO  impl.RaftServerImpl (RaftServerImpl.java:setRole(173)) - 6e88a04a-eefd-4ce0-8615-e06a993968a7@group-FAA431A786CD: changes role from  FOLLOWER to CANDIDATE at term 0 for changeToCandidate
2019-11-17 12:10:55,728 [Thread-208] INFO  impl.RoleInfo (RoleInfo.java:updateAndGet(143)) - 6e88a04a-eefd-4ce0-8615-e06a993968a7: start LeaderElection
2019-11-17 12:10:55,728 [EventQueue-PipelineReportForPipelineReportHandler] INFO  pipeline.PipelineStateManager (PipelineStateManager.java:openPipeline(134)) - Pipeline Pipeline[ Id: 9312e155-cca3-410b-854b-5f61b56c3227, Nodes: f8c171d0-1f10-4cc7-96b8-2148e4362ba2{ip: 192.168.34.35, host: pr-hdds-2291-5997d-4279494527, networkLocation: /default-rack, certSerialId: null}, Type:RATIS, Factor:ONE, State:OPEN] moved to OPEN state
2019-11-17 12:10:55,740 [f8c171d0-1f10-4cc7-96b8-2148e4362ba2@group-5F61B56C3227-SegmentedRaftLogWorker] INFO  segmented.SegmentedRaftLogWorker (SegmentedRaftLogWorker.java:execute(576)) - f8c171d0-1f10-4cc7-96b8-2148e4362ba2@group-5F61B56C3227-SegmentedRaftLogWorker: created new log segment /workdir/hadoop-ozone/tools/target/test-dir/MiniOzoneClusterImpl-001153d4-cfdc-40b4-815d-d1451a38a209/datanode-0/data/ratis/9312e155-cca3-410b-854b-5f61b56c3227/current/log_inprogress_0
2019-11-17 12:10:55,740 [6e88a04a-eefd-4ce0-8615-e06a993968a7@group-FAA431A786CD-LeaderElection3] INFO  impl.LeaderElection (LeaderElection.java:askForVotes(178)) - 6e88a04a-eefd-4ce0-8615-e06a993968a7@group-FAA431A786CD-LeaderElection3: begin an election at term 1 for -1: [6e88a04a-eefd-4ce0-8615-e06a993968a7:192.168.34.35:33336], old=null
2019-11-17 12:10:55,741 [6e88a04a-eefd-4ce0-8615-e06a993968a7@group-FAA431A786CD-LeaderElection3] INFO  impl.RoleInfo (RoleInfo.java:shutdownLeaderElection(134)) - 6e88a04a-eefd-4ce0-8615-e06a993968a7: shutdown LeaderElection
2019-11-17 12:10:55,741 [6e88a04a-eefd-4ce0-8615-e06a993968a7@group-FAA431A786CD-LeaderElection3] INFO  impl.RaftServerImpl (RaftServerImpl.java:setRole(173)) - 6e88a04a-eefd-4ce0-8615-e06a993968a7@group-FAA431A786CD: changes role from CANDIDATE to LEADER at term 1 for changeToLeader
2019-11-17 12:10:55,741 [6e88a04a-eefd-4ce0-8615-e06a993968a7@group-FAA431A786CD-LeaderElection3] INFO  ratis.XceiverServerRatis (XceiverServerRatis.java:handleLeaderChangedNotification(697)) - Leader change notification received for group: group-FAA431A786CD with new leaderId: 6e88a04a-eefd-4ce0-8615-e06a993968a7
2019-11-17 12:10:55,742 [6e88a04a-eefd-4ce0-8615-e06a993968a7@group-FAA431A786CD-LeaderElection3] INFO  impl.RaftServerImpl (ServerState.java:setLeader(255)) - 6e88a04a-eefd-4ce0-8615-e06a993968a7@group-FAA431A786CD: change Leader from null to 6e88a04a-eefd-4ce0-8615-e06a993968a7 at term 1 for becomeLeader, leader elected after 5160ms
2019-11-17 12:10:55,743 [6e88a04a-eefd-4ce0-8615-e06a993968a7@group-FAA431A786CD-LeaderElection3] INFO  server.RaftServerConfigKeys (ConfUtils.java:logGet(43)) - raft.server.staging.catchup.gap = 1000 (default)
2019-11-17 12:10:55,743 [6e88a04a-eefd-4ce0-8615-e06a993968a7@group-FAA431A786CD-LeaderElection3] INFO  server.RaftServerConfigKeys (ConfUtils.java:logGet(43)) - raft.server.rpc.sleep.time = 25ms (default)
2019-11-17 12:10:55,743 [6e88a04a-eefd-4ce0-8615-e06a993968a7@group-FAA431A786CD-LeaderElection3] INFO  server.RaftServerConfigKeys (ConfUtils.java:logGet(43)) - raft.server.write.element-limit = 4096 (default)
2019-11-17 12:10:55,743 [6e88a04a-eefd-4ce0-8615-e06a993968a7@group-FAA431A786CD-LeaderElection3] INFO  server.RaftServerConfigKeys (ConfUtils.java:logGet(43)) - raft.server.watch.timeout = 10s (default)
2019-11-17 12:10:55,744 [6e88a04a-eefd-4ce0-8615-e06a993968a7@group-FAA431A786CD-LeaderElection3] INFO  server.RaftServerConfigKeys (ConfUtils.java:logGet(43)) - raft.server.watch.timeout.denomination = 1s (default)
2019-11-17 12:10:55,744 [6e88a04a-eefd-4ce0-8615-e06a993968a7@group-FAA431A786CD-LeaderElection3] INFO  server.RaftServerConfigKeys (ConfUtils.java:logGet(43)) - raft.server.watch.element-limit = 65536 (default)
2019-11-17 12:10:55,744 [6e88a04a-eefd-4ce0-8615-e06a993968a7@group-FAA431A786CD-LeaderElection3] INFO  impl.RoleInfo (RoleInfo.java:updateAndGet(143)) - 6e88a04a-eefd-4ce0-8615-e06a993968a7: start LeaderState
2019-11-17 12:10:55,745 [6e88a04a-eefd-4ce0-8615-e06a993968a7@group-FAA431A786CD-LeaderElection3] INFO  segmented.SegmentedRaftLogWorker (SegmentedRaftLogWorker.java:startLogSegment(385)) - 6e88a04a-eefd-4ce0-8615-e06a993968a7@group-FAA431A786CD-SegmentedRaftLogWorker: Starting segment from index:0
2019-11-17 12:10:55,745 [EventQueue-PipelineReportForPipelineReportHandler] INFO  pipeline.PipelineStateManager (PipelineStateManager.java:openPipeline(134)) - Pipeline Pipeline[ Id: cd40563d-8528-41a6-9540-faa431a786cd, Nodes: 6e88a04a-eefd-4ce0-8615-e06a993968a7{ip: 192.168.34.35, host: pr-hdds-2291-5997d-4279494527, networkLocation: /default-rack, certSerialId: null}, Type:RATIS, Factor:ONE, State:OPEN] moved to OPEN state
2019-11-17 12:10:55,745 [6e88a04a-eefd-4ce0-8615-e06a993968a7@group-FAA431A786CD-LeaderElection3] INFO  impl.RaftServerImpl (ServerState.java:setRaftConf(356)) - 6e88a04a-eefd-4ce0-8615-e06a993968a7@group-FAA431A786CD: set configuration 0: [6e88a04a-eefd-4ce0-8615-e06a993968a7:192.168.34.35:33336], old=null at 0
2019-11-17 12:10:55,785 [Thread-218] INFO  impl.FollowerState (FollowerState.java:run(111)) - f8c171d0-1f10-4cc7-96b8-2148e4362ba2@group-B1658D9D1877-FollowerState: change to CANDIDATE, lastRpcTime:5030ms, electionTimeout:5030ms
2019-11-17 12:10:55,786 [Thread-218] INFO  impl.RoleInfo (RoleInfo.java:shutdownFollowerState(121)) - f8c171d0-1f10-4cc7-96b8-2148e4362ba2: shutdown FollowerState
2019-11-17 12:10:55,786 [Thread-218] INFO  impl.RaftServerImpl (RaftServerImpl.java:setRole(173)) - f8c171d0-1f10-4cc7-96b8-2148e4362ba2@group-B1658D9D1877: changes role from  FOLLOWER to CANDIDATE at term 0 for changeToCandidate
2019-11-17 12:10:55,786 [Thread-218] INFO  impl.RoleInfo (RoleInfo.java:updateAndGet(143)) - f8c171d0-1f10-4cc7-96b8-2148e4362ba2: start LeaderElection
2019-11-17 12:10:55,794 [6e88a04a-eefd-4ce0-8615-e06a993968a7@group-FAA431A786CD-SegmentedRaftLogWorker] INFO  segmented.SegmentedRaftLogWorker (SegmentedRaftLogWorker.java:execute(576)) - 6e88a04a-eefd-4ce0-8615-e06a993968a7@group-FAA431A786CD-SegmentedRaftLogWorker: created new log segment /workdir/hadoop-ozone/tools/target/test-dir/MiniOzoneClusterImpl-001153d4-cfdc-40b4-815d-d1451a38a209/datanode-2/data/ratis/cd40563d-8528-41a6-9540-faa431a786cd/current/log_inprogress_0
2019-11-17 12:10:55,794 [f8c171d0-1f10-4cc7-96b8-2148e4362ba2@group-B1658D9D1877-LeaderElection4] INFO  impl.LeaderElection (LeaderElection.java:askForVotes(178)) - f8c171d0-1f10-4cc7-96b8-2148e4362ba2@group-B1658D9D1877-LeaderElection4: begin an election at term 1 for -1: [f8c171d0-1f10-4cc7-96b8-2148e4362ba2:192.168.34.35:46263, f834217c-c8f6-4875-b0f2-58e9e124a81d:192.168.34.35:39697, 6e88a04a-eefd-4ce0-8615-e06a993968a7:192.168.34.35:33336], old=null
2019-11-17 12:10:55,796 [Thread-217] INFO  impl.FollowerState (FollowerState.java:run(111)) - f834217c-c8f6-4875-b0f2-58e9e124a81d@group-B1658D9D1877-FollowerState: change to CANDIDATE, lastRpcTime:5042ms, electionTimeout:5042ms
2019-11-17 12:10:55,796 [Thread-217] INFO  impl.RoleInfo (RoleInfo.java:shutdownFollowerState(121)) - f834217c-c8f6-4875-b0f2-58e9e124a81d: shutdown FollowerState
2019-11-17 12:10:55,797 [Thread-217] INFO  impl.RaftServerImpl (RaftServerImpl.java:setRole(173)) - f834217c-c8f6-4875-b0f2-58e9e124a81d@group-B1658D9D1877: changes role from  FOLLOWER to CANDIDATE at term 0 for changeToCandidate
2019-11-17 12:10:55,797 [Thread-217] INFO  impl.RoleInfo (RoleInfo.java:updateAndGet(143)) - f834217c-c8f6-4875-b0f2-58e9e124a81d: start LeaderElection
2019-11-17 12:10:55,808 [f834217c-c8f6-4875-b0f2-58e9e124a81d@group-B1658D9D1877-LeaderElection5] INFO  impl.LeaderElection (LeaderElection.java:askForVotes(178)) - f834217c-c8f6-4875-b0f2-58e9e124a81d@group-B1658D9D1877-LeaderElection5: begin an election at term 1 for -1: [f8c171d0-1f10-4cc7-96b8-2148e4362ba2:192.168.34.35:46263, f834217c-c8f6-4875-b0f2-58e9e124a81d:192.168.34.35:39697, 6e88a04a-eefd-4ce0-8615-e06a993968a7:192.168.34.35:33336], old=null
2019-11-17 12:10:55,833 [grpc-default-executor-1] INFO  impl.RaftServerImpl (RaftServerImpl.java:setRole(173)) - 6e88a04a-eefd-4ce0-8615-e06a993968a7@group-B1658D9D1877: changes role from  FOLLOWER to FOLLOWER at term 1 for recognizeCandidate:f834217c-c8f6-4875-b0f2-58e9e124a81d
2019-11-17 12:10:55,833 [grpc-default-executor-1] INFO  impl.RoleInfo (RoleInfo.java:shutdownFollowerState(121)) - 6e88a04a-eefd-4ce0-8615-e06a993968a7: shutdown FollowerState
2019-11-17 12:10:55,834 [Thread-216] INFO  impl.FollowerState (FollowerState.java:run(120)) - 6e88a04a-eefd-4ce0-8615-e06a993968a7@group-B1658D9D1877-FollowerState was interrupted: java.lang.InterruptedException: sleep interrupted
2019-11-17 12:10:55,834 [grpc-default-executor-1] INFO  impl.RoleInfo (RoleInfo.java:updateAndGet(143)) - 6e88a04a-eefd-4ce0-8615-e06a993968a7: start FollowerState
2019-11-17 12:10:55,851 [f8c171d0-1f10-4cc7-96b8-2148e4362ba2@group-B1658D9D1877-LeaderElection4] INFO  impl.LeaderElection (LeaderElection.java:logAndReturn(56)) - f8c171d0-1f10-4cc7-96b8-2148e4362ba2@group-B1658D9D1877-LeaderElection4: Election REJECTED; received 2 response(s) [f8c171d0-1f10-4cc7-96b8-2148e4362ba2<-f834217c-c8f6-4875-b0f2-58e9e124a81d#0:FAIL-t1, f8c171d0-1f10-4cc7-96b8-2148e4362ba2<-6e88a04a-eefd-4ce0-8615-e06a993968a7#0:FAIL-t1] and 0 exception(s); f8c171d0-1f10-4cc7-96b8-2148e4362ba2@group-B1658D9D1877:t1, leader=null, voted=f8c171d0-1f10-4cc7-96b8-2148e4362ba2, raftlog=f8c171d0-1f10-4cc7-96b8-2148e4362ba2@group-B1658D9D1877-SegmentedRaftLog:OPENED:c-1,f-1,i0, conf=-1: [f8c171d0-1f10-4cc7-96b8-2148e4362ba2:192.168.34.35:46263, f834217c-c8f6-4875-b0f2-58e9e124a81d:192.168.34.35:39697, 6e88a04a-eefd-4ce0-8615-e06a993968a7:192.168.34.35:33336], old=null
2019-11-17 12:10:55,851 [f834217c-c8f6-4875-b0f2-58e9e124a81d@group-B1658D9D1877-LeaderElection5] INFO  impl.LeaderElection (LeaderElection.java:logAndReturn(56)) - f834217c-c8f6-4875-b0f2-58e9e124a81d@group-B1658D9D1877-LeaderElection5: Election PASSED; received 2 response(s) [f834217c-c8f6-4875-b0f2-58e9e124a81d<-f8c171d0-1f10-4cc7-96b8-2148e4362ba2#0:FAIL-t1, f834217c-c8f6-4875-b0f2-58e9e124a81d<-6e88a04a-eefd-4ce0-8615-e06a993968a7#0:OK-t1] and 0 exception(s); f834217c-c8f6-4875-b0f2-58e9e124a81d@group-B1658D9D1877:t1, leader=null, voted=f834217c-c8f6-4875-b0f2-58e9e124a81d, raftlog=f834217c-c8f6-4875-b0f2-58e9e124a81d@group-B1658D9D1877-SegmentedRaftLog:OPENED:c-1,f-1,i0, conf=-1: [f8c171d0-1f10-4cc7-96b8-2148e4362ba2:192.168.34.35:46263, f834217c-c8f6-4875-b0f2-58e9e124a81d:192.168.34.35:39697, 6e88a04a-eefd-4ce0-8615-e06a993968a7:192.168.34.35:33336], old=null
2019-11-17 12:10:55,851 [f834217c-c8f6-4875-b0f2-58e9e124a81d@group-B1658D9D1877-LeaderElection5] INFO  impl.RoleInfo (RoleInfo.java:shutdownLeaderElection(134)) - f834217c-c8f6-4875-b0f2-58e9e124a81d: shutdown LeaderElection
2019-11-17 12:10:55,851 [f8c171d0-1f10-4cc7-96b8-2148e4362ba2@group-B1658D9D1877-LeaderElection4] INFO  impl.RaftServerImpl (RaftServerImpl.java:setRole(173)) - f8c171d0-1f10-4cc7-96b8-2148e4362ba2@group-B1658D9D1877: changes role from CANDIDATE to FOLLOWER at term 1 for DISCOVERED_A_NEW_TERM
2019-11-17 12:10:55,853 [f834217c-c8f6-4875-b0f2-58e9e124a81d@group-B1658D9D1877-LeaderElection5] INFO  impl.RaftServerImpl (RaftServerImpl.java:setRole(173)) - f834217c-c8f6-4875-b0f2-58e9e124a81d@group-B1658D9D1877: changes role from CANDIDATE to LEADER at term 1 for changeToLeader
2019-11-17 12:10:55,853 [f8c171d0-1f10-4cc7-96b8-2148e4362ba2@group-B1658D9D1877-LeaderElection4] INFO  impl.RoleInfo (RoleInfo.java:shutdownLeaderElection(134)) - f8c171d0-1f10-4cc7-96b8-2148e4362ba2: shutdown LeaderElection
2019-11-17 12:10:55,853 [f834217c-c8f6-4875-b0f2-58e9e124a81d@group-B1658D9D1877-LeaderElection5] INFO  ratis.XceiverServerRatis (XceiverServerRatis.java:handleLeaderChangedNotification(697)) - Leader change notification received for group: group-B1658D9D1877 with new leaderId: f834217c-c8f6-4875-b0f2-58e9e124a81d
2019-11-17 12:10:55,854 [f8c171d0-1f10-4cc7-96b8-2148e4362ba2@group-B1658D9D1877-LeaderElection4] INFO  impl.RoleInfo (RoleInfo.java:updateAndGet(143)) - f8c171d0-1f10-4cc7-96b8-2148e4362ba2: start FollowerState
2019-11-17 12:10:55,854 [f834217c-c8f6-4875-b0f2-58e9e124a81d@group-B1658D9D1877-LeaderElection5] INFO  impl.RaftServerImpl (ServerState.java:setLeader(255)) - f834217c-c8f6-4875-b0f2-58e9e124a81d@group-B1658D9D1877: change Leader from null to f834217c-c8f6-4875-b0f2-58e9e124a81d at term 1 for becomeLeader, leader elected after 5134ms
2019-11-17 12:10:55,854 [f834217c-c8f6-4875-b0f2-58e9e124a81d@group-B1658D9D1877-LeaderElection5] INFO  server.RaftServerConfigKeys (ConfUtils.java:logGet(43)) - raft.server.staging.catchup.gap = 1000 (default)
2019-11-17 12:10:55,855 [f834217c-c8f6-4875-b0f2-58e9e124a81d@group-B1658D9D1877-LeaderElection5] INFO  server.RaftServerConfigKeys (ConfUtils.java:logGet(43)) - raft.server.rpc.sleep.time = 25ms (default)
2019-11-17 12:10:55,855 [f834217c-c8f6-4875-b0f2-58e9e124a81d@group-B1658D9D1877-LeaderElection5] INFO  server.RaftServerConfigKeys (ConfUtils.java:logGet(43)) - raft.server.write.element-limit = 4096 (default)
2019-11-17 12:10:55,855 [f834217c-c8f6-4875-b0f2-58e9e124a81d@group-B1658D9D1877-LeaderElection5] INFO  server.RaftServerConfigKeys (ConfUtils.java:logGet(43)) - raft.server.watch.timeout = 10s (default)
2019-11-17 12:10:55,855 [f834217c-c8f6-4875-b0f2-58e9e124a81d@group-B1658D9D1877-LeaderElection5] INFO  server.RaftServerConfigKeys (ConfUtils.java:logGet(43)) - raft.server.watch.timeout.denomination = 1s (default)
2019-11-17 12:10:55,856 [f834217c-c8f6-4875-b0f2-58e9e124a81d@group-B1658D9D1877-LeaderElection5] INFO  server.RaftServerConfigKeys (ConfUtils.java:logGet(43)) - raft.server.watch.element-limit = 65536 (default)
2019-11-17 12:10:55,858 [EventQueue-PipelineReportForPipelineReportHandler] INFO  pipeline.PipelineStateManager (PipelineStateManager.java:openPipeline(134)) - Pipeline Pipeline[ Id: ac9d7865-4dd7-4420-b53b-b1658d9d1877, Nodes: f8c171d0-1f10-4cc7-96b8-2148e4362ba2{ip: 192.168.34.35, host: pr-hdds-2291-5997d-4279494527, networkLocation: /default-rack, certSerialId: null}f834217c-c8f6-4875-b0f2-58e9e124a81d{ip: 192.168.34.35, host: pr-hdds-2291-5997d-4279494527, networkLocation: /default-rack, certSerialId: null}6e88a04a-eefd-4ce0-8615-e06a993968a7{ip: 192.168.34.35, host: pr-hdds-2291-5997d-4279494527, networkLocation: /default-rack, certSerialId: null}, Type:RATIS, Factor:THREE, State:OPEN] moved to OPEN state
2019-11-17 12:10:55,859 [f834217c-c8f6-4875-b0f2-58e9e124a81d@group-B1658D9D1877-LeaderElection5] INFO  server.RaftServerConfigKeys (ConfUtils.java:logGet(43)) - raft.server.log.appender.snapshot.chunk.size.max = 16MB (=16777216) (default)
2019-11-17 12:10:55,859 [f834217c-c8f6-4875-b0f2-58e9e124a81d@group-B1658D9D1877-LeaderElection5] INFO  server.RaftServerConfigKeys (ConfUtils.java:logGet(43)) - raft.server.log.appender.buffer.byte-limit = 33554432 (custom)
2019-11-17 12:10:55,860 [f834217c-c8f6-4875-b0f2-58e9e124a81d@group-B1658D9D1877-LeaderElection5] INFO  server.RaftServerConfigKeys (ConfUtils.java:logGet(43)) - raft.server.log.appender.buffer.element-limit = 1 (custom)
2019-11-17 12:10:55,863 [f834217c-c8f6-4875-b0f2-58e9e124a81d@group-B1658D9D1877-LeaderElection5] INFO  grpc.GrpcConfigKeys$Server (ConfUtils.java:logGet(43)) - raft.grpc.server.leader.outstanding.appends.max = 128 (default)
2019-11-17 12:10:55,863 [f834217c-c8f6-4875-b0f2-58e9e124a81d@group-B1658D9D1877-LeaderElection5] INFO  server.RaftServerConfigKeys (ConfUtils.java:logGet(43)) - raft.server.rpc.request.timeout = 3000ms (default)
2019-11-17 12:10:55,863 [f834217c-c8f6-4875-b0f2-58e9e124a81d@group-B1658D9D1877-LeaderElection5] INFO  server.RaftServerConfigKeys (ConfUtils.java:logGet(43)) - raft.server.log.appender.install.snapshot.enabled = false (custom)
2019-11-17 12:10:55,864 [f834217c-c8f6-4875-b0f2-58e9e124a81d@group-B1658D9D1877-LeaderElection5] WARN  impl.MetricRegistriesImpl (MetricRegistriesImpl.java:lambda$create$1(61)) - First MetricRegistry has been created without registering reporters. You may need to call MetricRegistries.global().addReportRegistration(...) before.
2019-11-17 12:10:55,865 [f834217c-c8f6-4875-b0f2-58e9e124a81d@group-B1658D9D1877-LeaderElection5] INFO  server.RaftServerConfigKeys (ConfUtils.java:logGet(43)) - raft.server.log.appender.snapshot.chunk.size.max = 16MB (=16777216) (default)
2019-11-17 12:10:55,866 [f834217c-c8f6-4875-b0f2-58e9e124a81d@group-B1658D9D1877-LeaderElection5] INFO  server.RaftServerConfigKeys (ConfUtils.java:logGet(43)) - raft.server.log.appender.buffer.byte-limit = 33554432 (custom)
2019-11-17 12:10:55,866 [f834217c-c8f6-4875-b0f2-58e9e124a81d@group-B1658D9D1877-LeaderElection5] INFO  server.RaftServerConfigKeys (ConfUtils.java:logGet(43)) - raft.server.log.appender.buffer.element-limit = 1 (custom)
2019-11-17 12:10:55,866 [f834217c-c8f6-4875-b0f2-58e9e124a81d@group-B1658D9D1877-LeaderElection5] INFO  grpc.GrpcConfigKeys$Server (ConfUtils.java:logGet(43)) - raft.grpc.server.leader.outstanding.appends.max = 128 (default)
2019-11-17 12:10:55,866 [f834217c-c8f6-4875-b0f2-58e9e124a81d@group-B1658D9D1877-LeaderElection5] INFO  server.RaftServerConfigKeys (ConfUtils.java:logGet(43)) - raft.server.rpc.request.timeout = 3000ms (default)
2019-11-17 12:10:55,866 [f834217c-c8f6-4875-b0f2-58e9e124a81d@group-B1658D9D1877-LeaderElection5] INFO  server.RaftServerConfigKeys (ConfUtils.java:logGet(43)) - raft.server.log.appender.install.snapshot.enabled = false (custom)
2019-11-17 12:10:55,869 [f834217c-c8f6-4875-b0f2-58e9e124a81d@group-B1658D9D1877-LeaderElection5] INFO  impl.RoleInfo (RoleInfo.java:updateAndGet(143)) - f834217c-c8f6-4875-b0f2-58e9e124a81d: start LeaderState
2019-11-17 12:10:55,870 [f834217c-c8f6-4875-b0f2-58e9e124a81d@group-B1658D9D1877-LeaderElection5] INFO  segmented.SegmentedRaftLogWorker (SegmentedRaftLogWorker.java:startLogSegment(385)) - f834217c-c8f6-4875-b0f2-58e9e124a81d@group-B1658D9D1877-SegmentedRaftLogWorker: Starting segment from index:0
2019-11-17 12:10:55,871 [f834217c-c8f6-4875-b0f2-58e9e124a81d@group-B1658D9D1877-LeaderElection5] INFO  impl.RaftServerImpl (ServerState.java:setRaftConf(356)) - f834217c-c8f6-4875-b0f2-58e9e124a81d@group-B1658D9D1877: set configuration 0: [f8c171d0-1f10-4cc7-96b8-2148e4362ba2:192.168.34.35:46263, f834217c-c8f6-4875-b0f2-58e9e124a81d:192.168.34.35:39697, 6e88a04a-eefd-4ce0-8615-e06a993968a7:192.168.34.35:33336], old=null at 0
2019-11-17 12:10:55,924 [f834217c-c8f6-4875-b0f2-58e9e124a81d@group-B1658D9D1877-SegmentedRaftLogWorker] INFO  segmented.SegmentedRaftLogWorker (SegmentedRaftLogWorker.java:execute(576)) - f834217c-c8f6-4875-b0f2-58e9e124a81d@group-B1658D9D1877-SegmentedRaftLogWorker: created new log segment /workdir/hadoop-ozone/tools/target/test-dir/MiniOzoneClusterImpl-001153d4-cfdc-40b4-815d-d1451a38a209/datanode-1/data/ratis/ac9d7865-4dd7-4420-b53b-b1658d9d1877/current/log_inprogress_0
2019-11-17 12:10:55,940 [grpc-default-executor-1] INFO  ratis.XceiverServerRatis (XceiverServerRatis.java:handleLeaderChangedNotification(697)) - Leader change notification received for group: group-B1658D9D1877 with new leaderId: f834217c-c8f6-4875-b0f2-58e9e124a81d
2019-11-17 12:10:55,940 [grpc-default-executor-0] INFO  ratis.XceiverServerRatis (XceiverServerRatis.java:handleLeaderChangedNotification(697)) - Leader change notification received for group: group-B1658D9D1877 with new leaderId: f834217c-c8f6-4875-b0f2-58e9e124a81d
2019-11-17 12:10:55,940 [grpc-default-executor-1] INFO  impl.RaftServerImpl (ServerState.java:setLeader(255)) - 6e88a04a-eefd-4ce0-8615-e06a993968a7@group-B1658D9D1877: change Leader from null to f834217c-c8f6-4875-b0f2-58e9e124a81d at term 1 for appendEntries, leader elected after 5221ms
2019-11-17 12:10:55,940 [grpc-default-executor-0] INFO  impl.RaftServerImpl (ServerState.java:setLeader(255)) - f8c171d0-1f10-4cc7-96b8-2148e4362ba2@group-B1658D9D1877: change Leader from null to f834217c-c8f6-4875-b0f2-58e9e124a81d at term 1 for appendEntries, leader elected after 5220ms
2019-11-17 12:10:55,972 [grpc-default-executor-0] INFO  impl.RaftServerImpl (ServerState.java:setRaftConf(356)) - f8c171d0-1f10-4cc7-96b8-2148e4362ba2@group-B1658D9D1877: set configuration 0: [f8c171d0-1f10-4cc7-96b8-2148e4362ba2:192.168.34.35:46263, f834217c-c8f6-4875-b0f2-58e9e124a81d:192.168.34.35:39697, 6e88a04a-eefd-4ce0-8615-e06a993968a7:192.168.34.35:33336], old=null at 0
2019-11-17 12:10:55,972 [grpc-default-executor-1] INFO  impl.RaftServerImpl (ServerState.java:setRaftConf(356)) - 6e88a04a-eefd-4ce0-8615-e06a993968a7@group-B1658D9D1877: set configuration 0: [f8c171d0-1f10-4cc7-96b8-2148e4362ba2:192.168.34.35:46263, f834217c-c8f6-4875-b0f2-58e9e124a81d:192.168.34.35:39697, 6e88a04a-eefd-4ce0-8615-e06a993968a7:192.168.34.35:33336], old=null at 0
2019-11-17 12:10:55,973 [grpc-default-executor-0] INFO  segmented.SegmentedRaftLogWorker (SegmentedRaftLogWorker.java:startLogSegment(385)) - f8c171d0-1f10-4cc7-96b8-2148e4362ba2@group-B1658D9D1877-SegmentedRaftLogWorker: Starting segment from index:0
2019-11-17 12:10:55,973 [grpc-default-executor-1] INFO  segmented.SegmentedRaftLogWorker (SegmentedRaftLogWorker.java:startLogSegment(385)) - 6e88a04a-eefd-4ce0-8615-e06a993968a7@group-B1658D9D1877-SegmentedRaftLogWorker: Starting segment from index:0
2019-11-17 12:10:56,022 [6e88a04a-eefd-4ce0-8615-e06a993968a7@group-B1658D9D1877-SegmentedRaftLogWorker] INFO  segmented.SegmentedRaftLogWorker (SegmentedRaftLogWorker.java:execute(576)) - 6e88a04a-eefd-4ce0-8615-e06a993968a7@group-B1658D9D1877-SegmentedRaftLogWorker: created new log segment /workdir/hadoop-ozone/tools/target/test-dir/MiniOzoneClusterImpl-001153d4-cfdc-40b4-815d-d1451a38a209/datanode-2/data/ratis/ac9d7865-4dd7-4420-b53b-b1658d9d1877/current/log_inprogress_0
2019-11-17 12:10:56,022 [f8c171d0-1f10-4cc7-96b8-2148e4362ba2@group-B1658D9D1877-SegmentedRaftLogWorker] INFO  segmented.SegmentedRaftLogWorker (SegmentedRaftLogWorker.java:execute(576)) - f8c171d0-1f10-4cc7-96b8-2148e4362ba2@group-B1658D9D1877-SegmentedRaftLogWorker: created new log segment /workdir/hadoop-ozone/tools/target/test-dir/MiniOzoneClusterImpl-001153d4-cfdc-40b4-815d-d1451a38a209/datanode-0/data/ratis/ac9d7865-4dd7-4420-b53b-b1658d9d1877/current/log_inprogress_0
2019-11-17 12:10:56,316 [main] INFO  ozone.MiniOzoneClusterImpl (MiniOzoneClusterImpl.java:lambda$waitForClusterToBeReady$2(171)) - Cluster is ready. Got 3 of 3 DN Heartbeats.
2019-11-17 12:10:57,103 [main] INFO  freon.RandomKeyGenerator (RandomKeyGenerator.java:call(283)) - Number of Threads: 10
2019-11-17 12:10:57,104 [main] INFO  freon.RandomKeyGenerator (RandomKeyGenerator.java:call(288)) - Number of Volumes: 1.
2019-11-17 12:10:57,104 [main] INFO  freon.RandomKeyGenerator (RandomKeyGenerator.java:call(289)) - Number of Buckets per Volume: 1.
2019-11-17 12:10:57,104 [main] INFO  freon.RandomKeyGenerator (RandomKeyGenerator.java:call(290)) - Number of Keys per Bucket: 1.
2019-11-17 12:10:57,104 [main] INFO  freon.RandomKeyGenerator (RandomKeyGenerator.java:call(291)) - Key size: 20971520 bytes
2019-11-17 12:10:57,104 [main] INFO  freon.RandomKeyGenerator (RandomKeyGenerator.java:call(292)) - Buffer size: 4096 bytes
2019-11-17 12:10:57,104 [main] INFO  freon.RandomKeyGenerator (RandomKeyGenerator.java:call(293)) - validateWrites : true
2019-11-17 12:10:57,108 [main] INFO  freon.RandomKeyGenerator (RandomKeyGenerator.java:call(307)) - Data validation is enabled.
2019-11-17 12:10:57,110 [main] INFO  freon.RandomKeyGenerator (RandomKeyGenerator.java:call(313)) - Starting progress bar Thread.

 0.00% |?                                                                                                    |  0/1 Time: 0:00:002019-11-17 12:10:57,135 [pool-53-thread-1] INFO  rpc.RpcClient (RpcClient.java:createVolume(292)) - Creating Volume: vol-0-74426, with jenkins1000 as owner.
2019-11-17 12:10:57,195 [IPC Server handler 5 on 33043] INFO  volume.OMVolumeCreateRequest (OMVolumeCreateRequest.java:validateAndUpdateCache(193)) - created volume:vol-0-74426 for user:jenkins1000
2019-11-17 12:10:57,262 [pool-53-thread-2] INFO  rpc.RpcClient (RpcClient.java:createBucket(431)) - Creating Bucket: vol-0-74426/bucket-0-25186, with Versioning false and Storage Type set to DISK and Encryption set to false 
2019-11-17 12:10:57,472 [pool-53-thread-3] INFO  impl.MetricsSystemImpl (MetricsSystemImpl.java:init(158)) - XceiverClientMetrics metrics system started (again)
 0.00% |?                                                                                                    |  0/1 Time: 0:00:01 0.00% |?                                                                                                    |  0/1 Time: 0:00:02 100.00% |?????????????????????????????????????????????????????????????????????????????????????????????????????|  1/1 Time: 0:00:03
2019-11-17 12:11:04,779 [main] INFO  pipeline.SCMPipelineManager (SCMPipelineManager.java:finalizeAndDestroyPipeline(315)) - destroying pipeline:Pipeline[ Id: ac9d7865-4dd7-4420-b53b-b1658d9d1877, Nodes: f8c171d0-1f10-4cc7-96b8-2148e4362ba2{ip: 192.168.34.35, host: pr-hdds-2291-5997d-4279494527, networkLocation: /default-rack, certSerialId: null}f834217c-c8f6-4875-b0f2-58e9e124a81d{ip: 192.168.34.35, host: pr-hdds-2291-5997d-4279494527, networkLocation: /default-rack, certSerialId: null}6e88a04a-eefd-4ce0-8615-e06a993968a7{ip: 192.168.34.35, host: pr-hdds-2291-5997d-4279494527, networkLocation: /default-rack, certSerialId: null}, Type:RATIS, Factor:THREE, State:OPEN]
2019-11-17 12:11:04,780 [main] INFO  pipeline.PipelineStateManager (PipelineStateManager.java:finalizePipeline(121)) - Pipeline Pipeline[ Id: ac9d7865-4dd7-4420-b53b-b1658d9d1877, Nodes: f8c171d0-1f10-4cc7-96b8-2148e4362ba2{ip: 192.168.34.35, host: pr-hdds-2291-5997d-4279494527, networkLocation: /default-rack, certSerialId: null}f834217c-c8f6-4875-b0f2-58e9e124a81d{ip: 192.168.34.35, host: pr-hdds-2291-5997d-4279494527, networkLocation: /default-rack, certSerialId: null}6e88a04a-eefd-4ce0-8615-e06a993968a7{ip: 192.168.34.35, host: pr-hdds-2291-5997d-4279494527, networkLocation: /default-rack, certSerialId: null}, Type:RATIS, Factor:THREE, State:CLOSED] moved to CLOSED state
2019-11-17 12:11:04,780 [EventQueue-CloseContainerForCloseContainerEventHandler] INFO  container.CloseContainerEventHandler (CloseContainerEventHandler.java:onMessage(61)) - Close container Event triggered for container : #1
2019-11-17 12:11:04,786 [EventQueue-CloseContainerForCloseContainerEventHandler] INFO  container.CloseContainerEventHandler (CloseContainerEventHandler.java:onMessage(61)) - Close container Event triggered for container : #2
2019-11-17 12:11:04,790 [grpc-default-executor-3] INFO  impl.RaftServerProxy (RaftServerProxy.java:remove(95)) - f8c171d0-1f10-4cc7-96b8-2148e4362ba2: remove  FOLLOWER f8c171d0-1f10-4cc7-96b8-2148e4362ba2@group-B1658D9D1877:t1, leader=f834217c-c8f6-4875-b0f2-58e9e124a81d, voted=f8c171d0-1f10-4cc7-96b8-2148e4362ba2, raftlog=f8c171d0-1f10-4cc7-96b8-2148e4362ba2@group-B1658D9D1877-SegmentedRaftLog:OPENED:c77,f77,i77, conf=0: [f8c171d0-1f10-4cc7-96b8-2148e4362ba2:192.168.34.35:46263, f834217c-c8f6-4875-b0f2-58e9e124a81d:192.168.34.35:39697, 6e88a04a-eefd-4ce0-8615-e06a993968a7:192.168.34.35:33336], old=null RUNNING
2019-11-17 12:11:04,791 [grpc-default-executor-3] INFO  impl.RaftServerImpl (RaftServerImpl.java:lambda$shutdown$3(250)) - f8c171d0-1f10-4cc7-96b8-2148e4362ba2@group-B1658D9D1877: shutdown
2019-11-17 12:11:04,792 [grpc-default-executor-3] INFO  util.JmxRegister (JmxRegister.java:unregister(73)) - Successfully un-registered JMX Bean with object name Ratis:service=RaftServer,group=group-B1658D9D1877,id=f8c171d0-1f10-4cc7-96b8-2148e4362ba2
2019-11-17 12:11:04,792 [grpc-default-executor-3] INFO  impl.RoleInfo (RoleInfo.java:shutdownFollowerState(121)) - f8c171d0-1f10-4cc7-96b8-2148e4362ba2: shutdown FollowerState
2019-11-17 12:11:04,792 [grpc-default-executor-3] INFO  impl.StateMachineUpdater (StateMachineUpdater.java:stopAndJoin(136)) - f8c171d0-1f10-4cc7-96b8-2148e4362ba2@group-B1658D9D1877-StateMachineUpdater: set stopIndex = 77
2019-11-17 12:11:04,792 [Thread-235] INFO  impl.FollowerState (FollowerState.java:run(120)) - f8c171d0-1f10-4cc7-96b8-2148e4362ba2@group-B1658D9D1877-FollowerState was interrupted: java.lang.InterruptedException: sleep interrupted
2019-11-17 12:11:04,793 [f8c171d0-1f10-4cc7-96b8-2148e4362ba2@group-B1658D9D1877-StateMachineUpdater] INFO  ratis.ContainerStateMachine (ContainerStateMachine.java:takeSnapshot(285)) - group-B1658D9D1877: Taking a snapshot at:(t:1, i:75) file /workdir/hadoop-ozone/tools/target/test-dir/MiniOzoneClusterImpl-001153d4-cfdc-40b4-815d-d1451a38a209/datanode-0/data/ratis/ac9d7865-4dd7-4420-b53b-b1658d9d1877/sm/snapshot.1_75
2019-11-17 12:11:04,794 [EventQueue-CloseContainerForCloseContainerEventHandler] INFO  container.CloseContainerEventHandler (CloseContainerEventHandler.java:onMessage(61)) - Close container Event triggered for container : #3
2019-11-17 12:11:04,817 [f8c171d0-1f10-4cc7-96b8-2148e4362ba2@group-B1658D9D1877-StateMachineUpdater] INFO  ratis.ContainerStateMachine (ContainerStateMachine.java:takeSnapshot(296)) - group-B1658D9D1877: Finished taking a snapshot at:(t:1, i:75) file:/workdir/hadoop-ozone/tools/target/test-dir/MiniOzoneClusterImpl-001153d4-cfdc-40b4-815d-d1451a38a209/datanode-0/data/ratis/ac9d7865-4dd7-4420-b53b-b1658d9d1877/sm/snapshot.1_75 time:26
2019-11-17 12:11:04,819 [f8c171d0-1f10-4cc7-96b8-2148e4362ba2@group-B1658D9D1877-StateMachineUpdater] INFO  impl.StateMachineUpdater (StateMachineUpdater.java:takeSnapshot(269)) - f8c171d0-1f10-4cc7-96b8-2148e4362ba2@group-B1658D9D1877-StateMachineUpdater: Took a snapshot at index 75
2019-11-17 12:11:04,820 [f8c171d0-1f10-4cc7-96b8-2148e4362ba2@group-B1658D9D1877-StateMachineUpdater] INFO  impl.StateMachineUpdater (StateMachineUpdater.java:lambda$new$0(84)) - f8c171d0-1f10-4cc7-96b8-2148e4362ba2@group-B1658D9D1877-StateMachineUpdater: snapshotIndex: updateIncreasingly -1 -> 75
2019-11-17 12:11:04,824 [f8c171d0-1f10-4cc7-96b8-2148e4362ba2@group-B1658D9D1877-StateMachineUpdater] INFO  ratis.ContainerStateMachine (ContainerStateMachine.java:takeSnapshot(285)) - group-B1658D9D1877: Taking a snapshot at:(t:1, i:75) file /workdir/hadoop-ozone/tools/target/test-dir/MiniOzoneClusterImpl-001153d4-cfdc-40b4-815d-d1451a38a209/datanode-0/data/ratis/ac9d7865-4dd7-4420-b53b-b1658d9d1877/sm/snapshot.1_75
2019-11-17 12:11:04,837 [f8c171d0-1f10-4cc7-96b8-2148e4362ba2@group-B1658D9D1877-StateMachineUpdater] INFO  ratis.ContainerStateMachine (ContainerStateMachine.java:takeSnapshot(296)) - group-B1658D9D1877: Finished taking a snapshot at:(t:1, i:75) file:/workdir/hadoop-ozone/tools/target/test-dir/MiniOzoneClusterImpl-001153d4-cfdc-40b4-815d-d1451a38a209/datanode-0/data/ratis/ac9d7865-4dd7-4420-b53b-b1658d9d1877/sm/snapshot.1_75 time:12
2019-11-17 12:11:04,837 [f8c171d0-1f10-4cc7-96b8-2148e4362ba2@group-B1658D9D1877-StateMachineUpdater] INFO  impl.StateMachineUpdater (StateMachineUpdater.java:takeSnapshot(269)) - f8c171d0-1f10-4cc7-96b8-2148e4362ba2@group-B1658D9D1877-StateMachineUpdater: Took a snapshot at index 75
2019-11-17 12:11:04,837 [f8c171d0-1f10-4cc7-96b8-2148e4362ba2@group-B1658D9D1877-StateMachineUpdater] INFO  impl.StateMachineUpdater (StateMachineUpdater.java:lambda$new$0(84)) - f8c171d0-1f10-4cc7-96b8-2148e4362ba2@group-B1658D9D1877-StateMachineUpdater: snapshotIndex: updateIncreasingly 75 -> 75
2019-11-17 12:11:04,838 [grpc-default-executor-3] INFO  impl.RaftServerImpl (ServerState.java:close(387)) - f8c171d0-1f10-4cc7-96b8-2148e4362ba2@group-B1658D9D1877: closes. applyIndex: 77
2019-11-17 12:11:04,838 [f8c171d0-1f10-4cc7-96b8-2148e4362ba2@group-B1658D9D1877-SegmentedRaftLogWorker] INFO  segmented.SegmentedRaftLogWorker (SegmentedRaftLogWorker.java:run(316)) - f8c171d0-1f10-4cc7-96b8-2148e4362ba2@group-B1658D9D1877-SegmentedRaftLogWorker was interrupted, exiting. There are 0 tasks remaining in the queue.
2019-11-17 12:11:04,840 [grpc-default-executor-3] INFO  segmented.SegmentedRaftLogWorker (SegmentedRaftLogWorker.java:close(224)) - f8c171d0-1f10-4cc7-96b8-2148e4362ba2@group-B1658D9D1877-SegmentedRaftLogWorker close()
2019-11-17 12:11:04,884 [grpc-default-executor-3] INFO  interfaces.Container (KeyValueContainer.java:flushAndSyncDB(400)) - Container 1 is synced with bcsId 59.
2019-11-17 12:11:04,884 [grpc-default-executor-3] INFO  interfaces.Container (KeyValueContainer.java:flushAndSyncDB(400)) - Container 1 is synced with bcsId 59.
2019-11-17 12:11:04,902 [EventQueue-IncrementalContainerReportForIncrementalContainerReportHandler] INFO  container.IncrementalContainerReportHandler (AbstractContainerReportHandler.java:updateContainerState(171)) - Moving container #1 to QUASI_CLOSED state, datanode f8c171d0-1f10-4cc7-96b8-2148e4362ba2{ip: 192.168.34.35, host: pr-hdds-2291-5997d-4279494527, networkLocation: /default-rack, certSerialId: null} reported QUASI_CLOSED replica.
2019-11-17 12:11:04,918 [grpc-default-executor-3] INFO  interfaces.Container (KeyValueContainer.java:flushAndSyncDB(400)) - Container 2 is synced with bcsId 75.
2019-11-17 12:11:04,918 [grpc-default-executor-3] INFO  interfaces.Container (KeyValueContainer.java:flushAndSyncDB(400)) - Container 2 is synced with bcsId 75.
2019-11-17 12:11:04,925 [EventQueue-IncrementalContainerReportForIncrementalContainerReportHandler] INFO  container.IncrementalContainerReportHandler (AbstractContainerReportHandler.java:updateContainerState(171)) - Moving container #2 to QUASI_CLOSED state, datanode f8c171d0-1f10-4cc7-96b8-2148e4362ba2{ip: 192.168.34.35, host: pr-hdds-2291-5997d-4279494527, networkLocation: /default-rack, certSerialId: null} reported QUASI_CLOSED replica.
2019-11-17 12:11:04,944 [grpc-default-executor-3] INFO  interfaces.Container (KeyValueContainer.java:flushAndSyncDB(400)) - Container 3 is synced with bcsId 41.
2019-11-17 12:11:04,944 [grpc-default-executor-3] INFO  interfaces.Container (KeyValueContainer.java:flushAndSyncDB(400)) - Container 3 is synced with bcsId 41.
2019-11-17 12:11:04,953 [EventQueue-IncrementalContainerReportForIncrementalContainerReportHandler] INFO  container.IncrementalContainerReportHandler (AbstractContainerReportHandler.java:updateContainerState(171)) - Moving container #3 to QUASI_CLOSED state, datanode f8c171d0-1f10-4cc7-96b8-2148e4362ba2{ip: 192.168.34.35, host: pr-hdds-2291-5997d-4279494527, networkLocation: /default-rack, certSerialId: null} reported QUASI_CLOSED replica.
2019-11-17 12:11:04,962 [grpc-default-executor-3] INFO  impl.RaftServerProxy (RaftServerProxy.java:remove(95)) - f834217c-c8f6-4875-b0f2-58e9e124a81d: remove    LEADER f834217c-c8f6-4875-b0f2-58e9e124a81d@group-B1658D9D1877:t1, leader=f834217c-c8f6-4875-b0f2-58e9e124a81d, voted=f834217c-c8f6-4875-b0f2-58e9e124a81d, raftlog=f834217c-c8f6-4875-b0f2-58e9e124a81d@group-B1658D9D1877-SegmentedRaftLog:OPENED:c77,f77,i77, conf=0: [f8c171d0-1f10-4cc7-96b8-2148e4362ba2:192.168.34.35:46263, f834217c-c8f6-4875-b0f2-58e9e124a81d:192.168.34.35:39697, 6e88a04a-eefd-4ce0-8615-e06a993968a7:192.168.34.35:33336], old=null RUNNING
2019-11-17 12:11:04,962 [grpc-default-executor-3] INFO  impl.RaftServerImpl (RaftServerImpl.java:lambda$shutdown$3(250)) - f834217c-c8f6-4875-b0f2-58e9e124a81d@group-B1658D9D1877: shutdown
2019-11-17 12:11:04,963 [grpc-default-executor-3] INFO  util.JmxRegister (JmxRegister.java:unregister(73)) - Successfully un-registered JMX Bean with object name Ratis:service=RaftServer,group=group-B1658D9D1877,id=f834217c-c8f6-4875-b0f2-58e9e124a81d
2019-11-17 12:11:04,963 [grpc-default-executor-3] INFO  impl.RoleInfo (RoleInfo.java:shutdownLeaderState(104)) - f834217c-c8f6-4875-b0f2-58e9e124a81d: shutdown LeaderState
2019-11-17 12:11:04,965 [grpc-default-executor-3] INFO  impl.PendingRequests (PendingRequests.java:sendNotLeaderResponses(206)) - f834217c-c8f6-4875-b0f2-58e9e124a81d@group-B1658D9D1877-PendingRequests: sendNotLeaderResponses
2019-11-17 12:11:04,965 [org.apache.ratis.server.impl.LogAppender$AppenderDaemon$$Lambda$422/677594219@10927c14] WARN  server.GrpcLogAppender (GrpcLogAppender.java:mayWait(151)) - f834217c-c8f6-4875-b0f2-58e9e124a81d@group-B1658D9D1877->6e88a04a-eefd-4ce0-8615-e06a993968a7-GrpcLogAppender: Wait interrupted by java.lang.InterruptedException
2019-11-17 12:11:04,966 [org.apache.ratis.server.impl.LogAppender$AppenderDaemon$$Lambda$422/677594219@7d1f033b] WARN  server.GrpcLogAppender (GrpcLogAppender.java:mayWait(151)) - f834217c-c8f6-4875-b0f2-58e9e124a81d@group-B1658D9D1877->f8c171d0-1f10-4cc7-96b8-2148e4362ba2-GrpcLogAppender: Wait interrupted by java.lang.InterruptedException
2019-11-17 12:11:04,970 [grpc-default-executor-3] INFO  impl.StateMachineUpdater (StateMachineUpdater.java:stopAndJoin(136)) - f834217c-c8f6-4875-b0f2-58e9e124a81d@group-B1658D9D1877-StateMachineUpdater: set stopIndex = 77
2019-11-17 12:11:04,970 [f834217c-c8f6-4875-b0f2-58e9e124a81d@group-B1658D9D1877-StateMachineUpdater] INFO  ratis.ContainerStateMachine (ContainerStateMachine.java:takeSnapshot(285)) - group-B1658D9D1877: Taking a snapshot at:(t:1, i:75) file /workdir/hadoop-ozone/tools/target/test-dir/MiniOzoneClusterImpl-001153d4-cfdc-40b4-815d-d1451a38a209/datanode-1/data/ratis/ac9d7865-4dd7-4420-b53b-b1658d9d1877/sm/snapshot.1_75
2019-11-17 12:11:04,977 [grpc-default-executor-0] INFO  server.GrpcServerProtocolService (GrpcServerProtocolService.java:onCompleted(113)) - f8c171d0-1f10-4cc7-96b8-2148e4362ba2: Completed APPEND_ENTRIES, lastRequest: f834217c-c8f6-4875-b0f2-58e9e124a81d->f8c171d0-1f10-4cc7-96b8-2148e4362ba2#80-t1, previous=(t:1, i:77), leaderCommit=77, initializing? false, entries: <empty>
2019-11-17 12:11:04,977 [grpc-default-executor-1] INFO  server.GrpcServerProtocolService (GrpcServerProtocolService.java:onCompleted(113)) - 6e88a04a-eefd-4ce0-8615-e06a993968a7: Completed APPEND_ENTRIES, lastRequest: f834217c-c8f6-4875-b0f2-58e9e124a81d->6e88a04a-eefd-4ce0-8615-e06a993968a7#80-t1, previous=(t:1, i:77), leaderCommit=77, initializing? false, entries: <empty>
2019-11-17 12:11:04,980 [grpc-default-executor-1] INFO  server.GrpcLogAppender (GrpcLogAppender.java:onCompleted(308)) - f834217c-c8f6-4875-b0f2-58e9e124a81d@group-B1658D9D1877->f8c171d0-1f10-4cc7-96b8-2148e4362ba2-AppendLogResponseHandler: follower responses appendEntries COMPLETED
2019-11-17 12:11:04,980 [grpc-default-executor-2] INFO  server.GrpcLogAppender (GrpcLogAppender.java:onCompleted(308)) - f834217c-c8f6-4875-b0f2-58e9e124a81d@group-B1658D9D1877->6e88a04a-eefd-4ce0-8615-e06a993968a7-AppendLogResponseHandler: follower responses appendEntries COMPLETED
2019-11-17 12:11:04,980 [f834217c-c8f6-4875-b0f2-58e9e124a81d@group-B1658D9D1877-StateMachineUpdater] INFO  ratis.ContainerStateMachine (ContainerStateMachine.java:takeSnapshot(296)) - group-B1658D9D1877: Finished taking a snapshot at:(t:1, i:75) file:/workdir/hadoop-ozone/tools/target/test-dir/MiniOzoneClusterImpl-001153d4-cfdc-40b4-815d-d1451a38a209/datanode-1/data/ratis/ac9d7865-4dd7-4420-b53b-b1658d9d1877/sm/snapshot.1_75 time:9
2019-11-17 12:11:04,982 [f834217c-c8f6-4875-b0f2-58e9e124a81d@group-B1658D9D1877-StateMachineUpdater] INFO  impl.StateMachineUpdater (StateMachineUpdater.java:takeSnapshot(269)) - f834217c-c8f6-4875-b0f2-58e9e124a81d@group-B1658D9D1877-StateMachineUpdater: Took a snapshot at index 75
2019-11-17 12:11:04,982 [f834217c-c8f6-4875-b0f2-58e9e124a81d@group-B1658D9D1877-StateMachineUpdater] INFO  impl.StateMachineUpdater (StateMachineUpdater.java:lambda$new$0(84)) - f834217c-c8f6-4875-b0f2-58e9e124a81d@group-B1658D9D1877-StateMachineUpdater: snapshotIndex: updateIncreasingly -1 -> 75
2019-11-17 12:11:04,983 [f834217c-c8f6-4875-b0f2-58e9e124a81d@group-B1658D9D1877-StateMachineUpdater] INFO  ratis.ContainerStateMachine (ContainerStateMachine.java:takeSnapshot(285)) - group-B1658D9D1877: Taking a snapshot at:(t:1, i:75) file /workdir/hadoop-ozone/tools/target/test-dir/MiniOzoneClusterImpl-001153d4-cfdc-40b4-815d-d1451a38a209/datanode-1/data/ratis/ac9d7865-4dd7-4420-b53b-b1658d9d1877/sm/snapshot.1_75
2019-11-17 12:11:04,984 [grpc-default-executor-1] INFO  impl.FollowerInfo (FollowerInfo.java:lambda$new$0(51)) - f834217c-c8f6-4875-b0f2-58e9e124a81d@group-B1658D9D1877->f8c171d0-1f10-4cc7-96b8-2148e4362ba2: nextIndex: updateUnconditionally 78 -> 77
2019-11-17 12:11:04,984 [grpc-default-executor-2] INFO  impl.FollowerInfo (FollowerInfo.java:lambda$new$0(51)) - f834217c-c8f6-4875-b0f2-58e9e124a81d@group-B1658D9D1877->6e88a04a-eefd-4ce0-8615-e06a993968a7: nextIndex: updateUnconditionally 78 -> 77
2019-11-17 12:11:04,985 [f834217c-c8f6-4875-b0f2-58e9e124a81d@group-B1658D9D1877-StateMachineUpdater] INFO  ratis.ContainerStateMachine (ContainerStateMachine.java:takeSnapshot(296)) - group-B1658D9D1877: Finished taking a snapshot at:(t:1, i:75) file:/workdir/hadoop-ozone/tools/target/test-dir/MiniOzoneClusterImpl-001153d4-cfdc-40b4-815d-d1451a38a209/datanode-1/data/ratis/ac9d7865-4dd7-4420-b53b-b1658d9d1877/sm/snapshot.1_75 time:3
2019-11-17 12:11:04,986 [f834217c-c8f6-4875-b0f2-58e9e124a81d@group-B1658D9D1877-StateMachineUpdater] INFO  impl.StateMachineUpdater (StateMachineUpdater.java:takeSnapshot(269)) - f834217c-c8f6-4875-b0f2-58e9e124a81d@group-B1658D9D1877-StateMachineUpdater: Took a snapshot at index 75
2019-11-17 12:11:04,986 [f834217c-c8f6-4875-b0f2-58e9e124a81d@group-B1658D9D1877-StateMachineUpdater] INFO  impl.StateMachineUpdater (StateMachineUpdater.java:lambda$new$0(84)) - f834217c-c8f6-4875-b0f2-58e9e124a81d@group-B1658D9D1877-StateMachineUpdater: snapshotIndex: updateIncreasingly 75 -> 75
2019-11-17 12:11:04,986 [grpc-default-executor-3] INFO  impl.RaftServerImpl (ServerState.java:close(387)) - f834217c-c8f6-4875-b0f2-58e9e124a81d@group-B1658D9D1877: closes. applyIndex: 77
2019-11-17 12:11:04,986 [f834217c-c8f6-4875-b0f2-58e9e124a81d@group-B1658D9D1877-SegmentedRaftLogWorker] INFO  segmented.SegmentedRaftLogWorker (SegmentedRaftLogWorker.java:run(316)) - f834217c-c8f6-4875-b0f2-58e9e124a81d@group-B1658D9D1877-SegmentedRaftLogWorker was interrupted, exiting. There are 0 tasks remaining in the queue.
2019-11-17 12:11:04,988 [grpc-default-executor-3] INFO  segmented.SegmentedRaftLogWorker (SegmentedRaftLogWorker.java:close(224)) - f834217c-c8f6-4875-b0f2-58e9e124a81d@group-B1658D9D1877-SegmentedRaftLogWorker close()
2019-11-17 12:11:05,008 [grpc-default-executor-3] INFO  interfaces.Container (KeyValueContainer.java:flushAndSyncDB(400)) - Container 1 is synced with bcsId 59.
2019-11-17 12:11:05,008 [grpc-default-executor-3] INFO  interfaces.Container (KeyValueContainer.java:flushAndSyncDB(400)) - Container 1 is synced with bcsId 59.
2019-11-17 12:11:05,031 [grpc-default-executor-3] INFO  interfaces.Container (KeyValueContainer.java:flushAndSyncDB(400)) - Container 2 is synced with bcsId 75.
2019-11-17 12:11:05,031 [grpc-default-executor-3] INFO  interfaces.Container (KeyValueContainer.java:flushAndSyncDB(400)) - Container 2 is synced with bcsId 75.
2019-11-17 12:11:05,083 [grpc-default-executor-3] INFO  interfaces.Container (KeyValueContainer.java:flushAndSyncDB(400)) - Container 3 is synced with bcsId 41.
2019-11-17 12:11:05,083 [grpc-default-executor-3] INFO  interfaces.Container (KeyValueContainer.java:flushAndSyncDB(400)) - Container 3 is synced with bcsId 41.
2019-11-17 12:11:05,121 [grpc-default-executor-2] INFO  impl.RaftServerProxy (RaftServerProxy.java:remove(95)) - 6e88a04a-eefd-4ce0-8615-e06a993968a7: remove  FOLLOWER 6e88a04a-eefd-4ce0-8615-e06a993968a7@group-B1658D9D1877:t1, leader=f834217c-c8f6-4875-b0f2-58e9e124a81d, voted=f834217c-c8f6-4875-b0f2-58e9e124a81d, raftlog=6e88a04a-eefd-4ce0-8615-e06a993968a7@group-B1658D9D1877-SegmentedRaftLog:OPENED:c77,f77,i77, conf=0: [f8c171d0-1f10-4cc7-96b8-2148e4362ba2:192.168.34.35:46263, f834217c-c8f6-4875-b0f2-58e9e124a81d:192.168.34.35:39697, 6e88a04a-eefd-4ce0-8615-e06a993968a7:192.168.34.35:33336], old=null RUNNING
2019-11-17 12:11:05,122 [grpc-default-executor-2] INFO  impl.RaftServerImpl (RaftServerImpl.java:lambda$shutdown$3(250)) - 6e88a04a-eefd-4ce0-8615-e06a993968a7@group-B1658D9D1877: shutdown
2019-11-17 12:11:05,122 [grpc-default-executor-2] INFO  util.JmxRegister (JmxRegister.java:unregister(73)) - Successfully un-registered JMX Bean with object name Ratis:service=RaftServer,group=group-B1658D9D1877,id=6e88a04a-eefd-4ce0-8615-e06a993968a7
2019-11-17 12:11:05,122 [grpc-default-executor-2] INFO  impl.RoleInfo (RoleInfo.java:shutdownFollowerState(121)) - 6e88a04a-eefd-4ce0-8615-e06a993968a7: shutdown FollowerState
2019-11-17 12:11:05,123 [grpc-default-executor-2] INFO  impl.StateMachineUpdater (StateMachineUpdater.java:stopAndJoin(136)) - 6e88a04a-eefd-4ce0-8615-e06a993968a7@group-B1658D9D1877-StateMachineUpdater: set stopIndex = 77
2019-11-17 12:11:05,123 [6e88a04a-eefd-4ce0-8615-e06a993968a7@group-B1658D9D1877-StateMachineUpdater] INFO  ratis.ContainerStateMachine (ContainerStateMachine.java:takeSnapshot(285)) - group-B1658D9D1877: Taking a snapshot at:(t:1, i:75) file /workdir/hadoop-ozone/tools/target/test-dir/MiniOzoneClusterImpl-001153d4-cfdc-40b4-815d-d1451a38a209/datanode-2/data/ratis/ac9d7865-4dd7-4420-b53b-b1658d9d1877/sm/snapshot.1_75
2019-11-17 12:11:05,123 [Thread-234] INFO  impl.FollowerState (FollowerState.java:run(120)) - 6e88a04a-eefd-4ce0-8615-e06a993968a7@group-B1658D9D1877-FollowerState was interrupted: java.lang.InterruptedException: sleep interrupted
2019-11-17 12:11:05,151 [6e88a04a-eefd-4ce0-8615-e06a993968a7@group-B1658D9D1877-StateMachineUpdater] INFO  ratis.ContainerStateMachine (ContainerStateMachine.java:takeSnapshot(296)) - group-B1658D9D1877: Finished taking a snapshot at:(t:1, i:75) file:/workdir/hadoop-ozone/tools/target/test-dir/MiniOzoneClusterImpl-001153d4-cfdc-40b4-815d-d1451a38a209/datanode-2/data/ratis/ac9d7865-4dd7-4420-b53b-b1658d9d1877/sm/snapshot.1_75 time:29
2019-11-17 12:11:05,152 [6e88a04a-eefd-4ce0-8615-e06a993968a7@group-B1658D9D1877-StateMachineUpdater] INFO  impl.StateMachineUpdater (StateMachineUpdater.java:takeSnapshot(269)) - 6e88a04a-eefd-4ce0-8615-e06a993968a7@group-B1658D9D1877-StateMachineUpdater: Took a snapshot at index 75
2019-11-17 12:11:05,152 [6e88a04a-eefd-4ce0-8615-e06a993968a7@group-B1658D9D1877-StateMachineUpdater] INFO  impl.StateMachineUpdater (StateMachineUpdater.java:lambda$new$0(84)) - 6e88a04a-eefd-4ce0-8615-e06a993968a7@group-B1658D9D1877-StateMachineUpdater: snapshotIndex: updateIncreasingly -1 -> 75
2019-11-17 12:11:05,153 [6e88a04a-eefd-4ce0-8615-e06a993968a7@group-B1658D9D1877-StateMachineUpdater] INFO  ratis.ContainerStateMachine (ContainerStateMachine.java:takeSnapshot(285)) - group-B1658D9D1877: Taking a snapshot at:(t:1, i:75) file /workdir/hadoop-ozone/tools/target/test-dir/MiniOzoneClusterImpl-001153d4-cfdc-40b4-815d-d1451a38a209/datanode-2/data/ratis/ac9d7865-4dd7-4420-b53b-b1658d9d1877/sm/snapshot.1_75
2019-11-17 12:11:05,166 [6e88a04a-eefd-4ce0-8615-e06a993968a7@group-B1658D9D1877-StateMachineUpdater] INFO  ratis.ContainerStateMachine (ContainerStateMachine.java:takeSnapshot(296)) - group-B1658D9D1877: Finished taking a snapshot at:(t:1, i:75) file:/workdir/hadoop-ozone/tools/target/test-dir/MiniOzoneClusterImpl-001153d4-cfdc-40b4-815d-d1451a38a209/datanode-2/data/ratis/ac9d7865-4dd7-4420-b53b-b1658d9d1877/sm/snapshot.1_75 time:13
2019-11-17 12:11:05,166 [6e88a04a-eefd-4ce0-8615-e06a993968a7@group-B1658D9D1877-StateMachineUpdater] INFO  impl.StateMachineUpdater (StateMachineUpdater.java:takeSnapshot(269)) - 6e88a04a-eefd-4ce0-8615-e06a993968a7@group-B1658D9D1877-StateMachineUpdater: Took a snapshot at index 75
2019-11-17 12:11:05,167 [6e88a04a-eefd-4ce0-8615-e06a993968a7@group-B1658D9D1877-StateMachineUpdater] INFO  impl.StateMachineUpdater (StateMachineUpdater.java:lambda$new$0(84)) - 6e88a04a-eefd-4ce0-8615-e06a993968a7@group-B1658D9D1877-StateMachineUpdater: snapshotIndex: updateIncreasingly 75 -> 75
2019-11-17 12:11:05,168 [grpc-default-executor-2] INFO  impl.RaftServerImpl (ServerState.java:close(387)) - 6e88a04a-eefd-4ce0-8615-e06a993968a7@group-B1658D9D1877: closes. applyIndex: 77
2019-11-17 12:11:05,169 [6e88a04a-eefd-4ce0-8615-e06a993968a7@group-B1658D9D1877-SegmentedRaftLogWorker] INFO  segmented.SegmentedRaftLogWorker (SegmentedRaftLogWorker.java:run(316)) - 6e88a04a-eefd-4ce0-8615-e06a993968a7@group-B1658D9D1877-SegmentedRaftLogWorker was interrupted, exiting. There are 0 tasks remaining in the queue.
2019-11-17 12:11:05,171 [grpc-default-executor-2] INFO  segmented.SegmentedRaftLogWorker (SegmentedRaftLogWorker.java:close(224)) - 6e88a04a-eefd-4ce0-8615-e06a993968a7@group-B1658D9D1877-SegmentedRaftLogWorker close()
2019-11-17 12:11:05,212 [grpc-default-executor-2] INFO  interfaces.Container (KeyValueContainer.java:flushAndSyncDB(400)) - Container 1 is synced with bcsId 59.
2019-11-17 12:11:05,213 [grpc-default-executor-2] INFO  interfaces.Container (KeyValueContainer.java:flushAndSyncDB(400)) - Container 1 is synced with bcsId 59.
2019-11-17 12:11:05,266 [grpc-default-executor-2] INFO  interfaces.Container (KeyValueContainer.java:flushAndSyncDB(400)) - Container 2 is synced with bcsId 75.
2019-11-17 12:11:05,266 [grpc-default-executor-2] INFO  interfaces.Container (KeyValueContainer.java:flushAndSyncDB(400)) - Container 2 is synced with bcsId 75.
2019-11-17 12:11:05,296 [grpc-default-executor-2] INFO  interfaces.Container (KeyValueContainer.java:flushAndSyncDB(400)) - Container 3 is synced with bcsId 41.
2019-11-17 12:11:05,296 [grpc-default-executor-2] INFO  interfaces.Container (KeyValueContainer.java:flushAndSyncDB(400)) - Container 3 is synced with bcsId 41.
2019-11-17 12:11:05,329 [main] INFO  pipeline.PipelineStateManager (PipelineStateManager.java:removePipeline(106)) - Pipeline Pipeline[ Id: ac9d7865-4dd7-4420-b53b-b1658d9d1877, Nodes: f8c171d0-1f10-4cc7-96b8-2148e4362ba2{ip: 192.168.34.35, host: pr-hdds-2291-5997d-4279494527, networkLocation: /default-rack, certSerialId: null}f834217c-c8f6-4875-b0f2-58e9e124a81d{ip: 192.168.34.35, host: pr-hdds-2291-5997d-4279494527, networkLocation: /default-rack, certSerialId: null}6e88a04a-eefd-4ce0-8615-e06a993968a7{ip: 192.168.34.35, host: pr-hdds-2291-5997d-4279494527, networkLocation: /default-rack, certSerialId: null}, Type:RATIS, Factor:THREE, State:CLOSED] removed from db
2019-11-17 12:11:05,346 [grpc-default-executor-3] INFO  impl.RaftServerProxy (RaftServerProxy.java:addNew(89)) - 6e88a04a-eefd-4ce0-8615-e06a993968a7: addNew group-38E732D546E2:[f8c171d0-1f10-4cc7-96b8-2148e4362ba2:192.168.34.35:46263, f834217c-c8f6-4875-b0f2-58e9e124a81d:192.168.34.35:39697, 6e88a04a-eefd-4ce0-8615-e06a993968a7:192.168.34.35:33336] returns group-38E732D546E2:java.util.concurrent.CompletableFuture@7839b3e1[Not completed]
2019-11-17 12:11:05,346 [grpc-default-executor-1] INFO  impl.RaftServerProxy (RaftServerProxy.java:addNew(89)) - f8c171d0-1f10-4cc7-96b8-2148e4362ba2: addNew group-38E732D546E2:[f8c171d0-1f10-4cc7-96b8-2148e4362ba2:192.168.34.35:46263, f834217c-c8f6-4875-b0f2-58e9e124a81d:192.168.34.35:39697, 6e88a04a-eefd-4ce0-8615-e06a993968a7:192.168.34.35:33336] returns group-38E732D546E2:java.util.concurrent.CompletableFuture@45856346[Not completed]
2019-11-17 12:11:05,346 [grpc-default-executor-2] INFO  impl.RaftServerProxy (RaftServerProxy.java:addNew(89)) - f834217c-c8f6-4875-b0f2-58e9e124a81d: addNew group-38E732D546E2:[f8c171d0-1f10-4cc7-96b8-2148e4362ba2:192.168.34.35:46263, f834217c-c8f6-4875-b0f2-58e9e124a81d:192.168.34.35:39697, 6e88a04a-eefd-4ce0-8615-e06a993968a7:192.168.34.35:33336] returns group-38E732D546E2:java.util.concurrent.CompletableFuture@ef77fd0[Not completed]
2019-11-17 12:11:05,349 [pool-27-thread-1] INFO  impl.RaftServerImpl (RaftServerImpl.java:<init>(98)) - f8c171d0-1f10-4cc7-96b8-2148e4362ba2: new RaftServerImpl for group-38E732D546E2:[f8c171d0-1f10-4cc7-96b8-2148e4362ba2:192.168.34.35:46263, f834217c-c8f6-4875-b0f2-58e9e124a81d:192.168.34.35:39697, 6e88a04a-eefd-4ce0-8615-e06a993968a7:192.168.34.35:33336] with ContainerStateMachine:uninitialized
2019-11-17 12:11:05,349 [pool-27-thread-1] INFO  server.RaftServerConfigKeys (ConfUtils.java:logGet(43)) - raft.server.rpc.timeout.min = 5s (custom)
2019-11-17 12:11:05,350 [pool-27-thread-1] INFO  server.RaftServerConfigKeys (ConfUtils.java:logGet(43)) - raft.server.rpc.timeout.max = 5200ms (custom)
2019-11-17 12:11:05,350 [pool-27-thread-1] INFO  server.RaftServerConfigKeys (ConfUtils.java:logGet(43)) - raft.server.rpcslowness.timeout = 120s (custom)
2019-11-17 12:11:05,350 [pool-27-thread-1] INFO  server.RaftServerConfigKeys (ConfUtils.java:logGet(43)) - raft.server.sleep.deviation.threshold = 300 (default)
2019-11-17 12:11:05,350 [pool-27-thread-1] INFO  server.RaftServerConfigKeys (ConfUtils.java:logGet(43)) - raft.server.log.appender.install.snapshot.enabled = false (custom)
2019-11-17 12:11:05,350 [pool-27-thread-1] INFO  impl.RaftServerImpl (ServerState.java:<init>(103)) - f8c171d0-1f10-4cc7-96b8-2148e4362ba2@group-38E732D546E2: ConfigurationManager, init=-1: [f8c171d0-1f10-4cc7-96b8-2148e4362ba2:192.168.34.35:46263, f834217c-c8f6-4875-b0f2-58e9e124a81d:192.168.34.35:39697, 6e88a04a-eefd-4ce0-8615-e06a993968a7:192.168.34.35:33336], old=null, confs=<EMPTY_MAP>
2019-11-17 12:11:05,350 [pool-27-thread-1] INFO  server.RaftServerConfigKeys (ConfUtils.java:logGet(43)) - raft.server.storage.dir = [/workdir/hadoop-ozone/tools/target/test-dir/MiniOzoneClusterImpl-001153d4-cfdc-40b4-815d-d1451a38a209/datanode-0/data/ratis] (custom)
2019-11-17 12:11:05,351 [pool-27-thread-1] INFO  server.RaftServerConfigKeys (ConfUtils.java:logGet(43)) - raft.server.log.corruption.policy = EXCEPTION (default)
2019-11-17 12:11:05,351 [pool-27-thread-1] INFO  storage.RaftStorageDirectory (RaftStorageDirectory.java:analyzeStorage(246)) - The storage directory /workdir/hadoop-ozone/tools/target/test-dir/MiniOzoneClusterImpl-001153d4-cfdc-40b4-815d-d1451a38a209/datanode-0/data/ratis/027533ef-6557-4c71-b51d-38e732d546e2 does not exist. Creating ...
2019-11-17 12:11:05,352 [pool-37-thread-1] INFO  impl.RaftServerImpl (RaftServerImpl.java:<init>(98)) - f834217c-c8f6-4875-b0f2-58e9e124a81d: new RaftServerImpl for group-38E732D546E2:[f8c171d0-1f10-4cc7-96b8-2148e4362ba2:192.168.34.35:46263, f834217c-c8f6-4875-b0f2-58e9e124a81d:192.168.34.35:39697, 6e88a04a-eefd-4ce0-8615-e06a993968a7:192.168.34.35:33336] with ContainerStateMachine:uninitialized
2019-11-17 12:11:05,352 [pool-37-thread-1] INFO  server.RaftServerConfigKeys (ConfUtils.java:logGet(43)) - raft.server.rpc.timeout.min = 5s (custom)
2019-11-17 12:11:05,352 [pool-37-thread-1] INFO  server.RaftServerConfigKeys (ConfUtils.java:logGet(43)) - raft.server.rpc.timeout.max = 5200ms (custom)
2019-11-17 12:11:05,353 [pool-37-thread-1] INFO  server.RaftServerConfigKeys (ConfUtils.java:logGet(43)) - raft.server.rpcslowness.timeout = 120s (custom)
2019-11-17 12:11:05,353 [pool-37-thread-1] INFO  server.RaftServerConfigKeys (ConfUtils.java:logGet(43)) - raft.server.sleep.deviation.threshold = 300 (default)
2019-11-17 12:11:05,353 [pool-37-thread-1] INFO  server.RaftServerConfigKeys (ConfUtils.java:logGet(43)) - raft.server.log.appender.install.snapshot.enabled = false (custom)
2019-11-17 12:11:05,353 [pool-37-thread-1] INFO  impl.RaftServerImpl (ServerState.java:<init>(103)) - f834217c-c8f6-4875-b0f2-58e9e124a81d@group-38E732D546E2: ConfigurationManager, init=-1: [f8c171d0-1f10-4cc7-96b8-2148e4362ba2:192.168.34.35:46263, f834217c-c8f6-4875-b0f2-58e9e124a81d:192.168.34.35:39697, 6e88a04a-eefd-4ce0-8615-e06a993968a7:192.168.34.35:33336], old=null, confs=<EMPTY_MAP>
2019-11-17 12:11:05,353 [pool-37-thread-1] INFO  server.RaftServerConfigKeys (ConfUtils.java:logGet(43)) - raft.server.storage.dir = [/workdir/hadoop-ozone/tools/target/test-dir/MiniOzoneClusterImpl-001153d4-cfdc-40b4-815d-d1451a38a209/datanode-1/data/ratis] (custom)
2019-11-17 12:11:05,354 [pool-47-thread-1] INFO  impl.RaftServerImpl (RaftServerImpl.java:<init>(98)) - 6e88a04a-eefd-4ce0-8615-e06a993968a7: new RaftServerImpl for group-38E732D546E2:[f8c171d0-1f10-4cc7-96b8-2148e4362ba2:192.168.34.35:46263, f834217c-c8f6-4875-b0f2-58e9e124a81d:192.168.34.35:39697, 6e88a04a-eefd-4ce0-8615-e06a993968a7:192.168.34.35:33336] with ContainerStateMachine:uninitialized
2019-11-17 12:11:05,354 [pool-47-thread-1] INFO  server.RaftServerConfigKeys (ConfUtils.java:logGet(43)) - raft.server.rpc.timeout.min = 5s (custom)
2019-11-17 12:11:05,354 [pool-37-thread-1] INFO  server.RaftServerConfigKeys (ConfUtils.java:logGet(43)) - raft.server.log.corruption.policy = EXCEPTION (default)
2019-11-17 12:11:05,354 [pool-47-thread-1] INFO  server.RaftServerConfigKeys (ConfUtils.java:logGet(43)) - raft.server.rpc.timeout.max = 5200ms (custom)
2019-11-17 12:11:05,354 [pool-37-thread-1] INFO  storage.RaftStorageDirectory (RaftStorageDirectory.java:analyzeStorage(246)) - The storage directory /workdir/hadoop-ozone/tools/target/test-dir/MiniOzoneClusterImpl-001153d4-cfdc-40b4-815d-d1451a38a209/datanode-1/data/ratis/027533ef-6557-4c71-b51d-38e732d546e2 does not exist. Creating ...
2019-11-17 12:11:05,354 [pool-47-thread-1] INFO  server.RaftServerConfigKeys (ConfUtils.java:logGet(43)) - raft.server.rpcslowness.timeout = 120s (custom)
2019-11-17 12:11:05,354 [pool-47-thread-1] INFO  server.RaftServerConfigKeys (ConfUtils.java:logGet(43)) - raft.server.sleep.deviation.threshold = 300 (default)
2019-11-17 12:11:05,355 [pool-47-thread-1] INFO  server.RaftServerConfigKeys (ConfUtils.java:logGet(43)) - raft.server.log.appender.install.snapshot.enabled = false (custom)
2019-11-17 12:11:05,355 [pool-47-thread-1] INFO  impl.RaftServerImpl (ServerState.java:<init>(103)) - 6e88a04a-eefd-4ce0-8615-e06a993968a7@group-38E732D546E2: ConfigurationManager, init=-1: [f8c171d0-1f10-4cc7-96b8-2148e4362ba2:192.168.34.35:46263, f834217c-c8f6-4875-b0f2-58e9e124a81d:192.168.34.35:39697, 6e88a04a-eefd-4ce0-8615-e06a993968a7:192.168.34.35:33336], old=null, confs=<EMPTY_MAP>
2019-11-17 12:11:05,355 [pool-47-thread-1] INFO  server.RaftServerConfigKeys (ConfUtils.java:logGet(43)) - raft.server.storage.dir = [/workdir/hadoop-ozone/tools/target/test-dir/MiniOzoneClusterImpl-001153d4-cfdc-40b4-815d-d1451a38a209/datanode-2/data/ratis] (custom)
2019-11-17 12:11:05,355 [pool-47-thread-1] INFO  server.RaftServerConfigKeys (ConfUtils.java:logGet(43)) - raft.server.log.corruption.policy = EXCEPTION (default)
2019-11-17 12:11:05,356 [pool-47-thread-1] INFO  storage.RaftStorageDirectory (RaftStorageDirectory.java:analyzeStorage(246)) - The storage directory /workdir/hadoop-ozone/tools/target/test-dir/MiniOzoneClusterImpl-001153d4-cfdc-40b4-815d-d1451a38a209/datanode-2/data/ratis/027533ef-6557-4c71-b51d-38e732d546e2 does not exist. Creating ...
2019-11-17 12:11:05,366 [pool-27-thread-1] INFO  storage.RaftStorageDirectory (RaftStorageDirectory.java:tryLock(328)) - Lock on /workdir/hadoop-ozone/tools/target/test-dir/MiniOzoneClusterImpl-001153d4-cfdc-40b4-815d-d1451a38a209/datanode-0/data/ratis/027533ef-6557-4c71-b51d-38e732d546e2/in_use.lock acquired by nodename 12174@pr-hdds-2291-5997d-4279494527
2019-11-17 12:11:05,366 [pool-47-thread-1] INFO  storage.RaftStorageDirectory (RaftStorageDirectory.java:tryLock(328)) - Lock on /workdir/hadoop-ozone/tools/target/test-dir/MiniOzoneClusterImpl-001153d4-cfdc-40b4-815d-d1451a38a209/datanode-2/data/ratis/027533ef-6557-4c71-b51d-38e732d546e2/in_use.lock acquired by nodename 12174@pr-hdds-2291-5997d-4279494527
2019-11-17 12:11:05,366 [pool-37-thread-1] INFO  storage.RaftStorageDirectory (RaftStorageDirectory.java:tryLock(328)) - Lock on /workdir/hadoop-ozone/tools/target/test-dir/MiniOzoneClusterImpl-001153d4-cfdc-40b4-815d-d1451a38a209/datanode-1/data/ratis/027533ef-6557-4c71-b51d-38e732d546e2/in_use.lock acquired by nodename 12174@pr-hdds-2291-5997d-4279494527
2019-11-17 12:11:05,379 [pool-27-thread-1] INFO  storage.RaftStorage (RaftStorage.java:format(84)) - Storage directory /workdir/hadoop-ozone/tools/target/test-dir/MiniOzoneClusterImpl-001153d4-cfdc-40b4-815d-d1451a38a209/datanode-0/data/ratis/027533ef-6557-4c71-b51d-38e732d546e2 has been successfully formatted.
2019-11-17 12:11:05,380 [pool-47-thread-1] INFO  storage.RaftStorage (RaftStorage.java:format(84)) - Storage directory /workdir/hadoop-ozone/tools/target/test-dir/MiniOzoneClusterImpl-001153d4-cfdc-40b4-815d-d1451a38a209/datanode-2/data/ratis/027533ef-6557-4c71-b51d-38e732d546e2 has been successfully formatted.
2019-11-17 12:11:05,380 [pool-27-thread-1] INFO  ratis.ContainerStateMachine (ContainerStateMachine.java:loadSnapshot(223)) - group-38E732D546E2: The snapshot info is null. Setting the last applied indexto:(t:0, i:~)
2019-11-17 12:11:05,380 [pool-37-thread-1] INFO  storage.RaftStorage (RaftStorage.java:format(84)) - Storage directory /workdir/hadoop-ozone/tools/target/test-dir/MiniOzoneClusterImpl-001153d4-cfdc-40b4-815d-d1451a38a209/datanode-1/data/ratis/027533ef-6557-4c71-b51d-38e732d546e2 has been successfully formatted.
2019-11-17 12:11:05,380 [pool-27-thread-1] INFO  server.RaftServerConfigKeys (ConfUtils.java:logGet(43)) - raft.server.notification.no-leader.timeout = 120s (custom)
2019-11-17 12:11:05,380 [pool-47-thread-1] INFO  ratis.ContainerStateMachine (ContainerStateMachine.java:loadSnapshot(223)) - group-38E732D546E2: The snapshot info is null. Setting the last applied indexto:(t:0, i:~)
2019-11-17 12:11:05,381 [pool-37-thread-1] INFO  ratis.ContainerStateMachine (ContainerStateMachine.java:loadSnapshot(223)) - group-38E732D546E2: The snapshot info is null. Setting the last applied indexto:(t:0, i:~)
2019-11-17 12:11:05,381 [pool-27-thread-1] INFO  server.RaftServerConfigKeys (ConfUtils.java:logGet(43)) - raft.server.log.use.memory = false (default)
2019-11-17 12:11:05,381 [pool-37-thread-1] INFO  server.RaftServerConfigKeys (ConfUtils.java:logGet(43)) - raft.server.notification.no-leader.timeout = 120s (custom)
2019-11-17 12:11:05,381 [pool-47-thread-1] INFO  server.RaftServerConfigKeys (ConfUtils.java:logGet(43)) - raft.server.notification.no-leader.timeout = 120s (custom)
2019-11-17 12:11:05,381 [pool-37-thread-1] INFO  server.RaftServerConfigKeys (ConfUtils.java:logGet(43)) - raft.server.log.use.memory = false (default)
2019-11-17 12:11:05,381 [pool-27-thread-1] INFO  server.RaftServerConfigKeys (ConfUtils.java:logGet(43)) - raft.server.log.purge.gap = 1000000 (custom)
2019-11-17 12:11:05,382 [pool-37-thread-1] INFO  server.RaftServerConfigKeys (ConfUtils.java:logGet(43)) - raft.server.log.purge.gap = 1000000 (custom)
2019-11-17 12:11:05,382 [pool-47-thread-1] INFO  server.RaftServerConfigKeys (ConfUtils.java:logGet(43)) - raft.server.log.use.memory = false (default)
2019-11-17 12:11:05,382 [pool-37-thread-1] INFO  server.RaftServerConfigKeys (ConfUtils.java:logGet(43)) - raft.server.log.appender.buffer.byte-limit = 33554432 (custom)
2019-11-17 12:11:05,382 [pool-27-thread-1] INFO  server.RaftServerConfigKeys (ConfUtils.java:logGet(43)) - raft.server.log.appender.buffer.byte-limit = 33554432 (custom)
2019-11-17 12:11:05,383 [pool-37-thread-1] INFO  server.RaftServerConfigKeys (ConfUtils.java:logGet(43)) - raft.server.log.segment.size.max = 1048576 (custom)
2019-11-17 12:11:05,382 [pool-47-thread-1] INFO  server.RaftServerConfigKeys (ConfUtils.java:logGet(43)) - raft.server.log.purge.gap = 1000000 (custom)
2019-11-17 12:11:05,383 [pool-37-thread-1] INFO  server.RaftServerConfigKeys (ConfUtils.java:logGet(43)) - raft.server.log.segment.cache.num.max = 2 (custom)
2019-11-17 12:11:05,383 [pool-27-thread-1] INFO  server.RaftServerConfigKeys (ConfUtils.java:logGet(43)) - raft.server.log.segment.size.max = 1048576 (custom)
2019-11-17 12:11:05,384 [pool-37-thread-1] INFO  segmented.SegmentedRaftLogWorker (SegmentedRaftLogWorker.java:<init>(173)) - new f834217c-c8f6-4875-b0f2-58e9e124a81d@group-38E732D546E2-SegmentedRaftLogWorker for RaftStorage:Storage Directory /workdir/hadoop-ozone/tools/target/test-dir/MiniOzoneClusterImpl-001153d4-cfdc-40b4-815d-d1451a38a209/datanode-1/data/ratis/027533ef-6557-4c71-b51d-38e732d546e2
2019-11-17 12:11:05,383 [pool-47-thread-1] INFO  server.RaftServerConfigKeys (ConfUtils.java:logGet(43)) - raft.server.log.appender.buffer.byte-limit = 33554432 (custom)
2019-11-17 12:11:05,384 [pool-37-thread-1] INFO  server.RaftServerConfigKeys (ConfUtils.java:logGet(43)) - raft.server.log.queue.byte-limit = 2147483647 (custom)
2019-11-17 12:11:05,384 [pool-27-thread-1] INFO  server.RaftServerConfigKeys (ConfUtils.java:logGet(43)) - raft.server.log.segment.cache.num.max = 2 (custom)
2019-11-17 12:11:05,384 [pool-37-thread-1] INFO  server.RaftServerConfigKeys (ConfUtils.java:logGet(43)) - raft.server.log.queue.element-limit = 1024 (custom)
2019-11-17 12:11:05,384 [pool-47-thread-1] INFO  server.RaftServerConfigKeys (ConfUtils.java:logGet(43)) - raft.server.log.segment.size.max = 1048576 (custom)
2019-11-17 12:11:05,385 [pool-37-thread-1] INFO  server.RaftServerConfigKeys (ConfUtils.java:logGet(43)) - raft.server.log.segment.size.max = 1048576 (custom)
2019-11-17 12:11:05,385 [pool-27-thread-1] INFO  segmented.SegmentedRaftLogWorker (SegmentedRaftLogWorker.java:<init>(173)) - new f8c171d0-1f10-4cc7-96b8-2148e4362ba2@group-38E732D546E2-SegmentedRaftLogWorker for RaftStorage:Storage Directory /workdir/hadoop-ozone/tools/target/test-dir/MiniOzoneClusterImpl-001153d4-cfdc-40b4-815d-d1451a38a209/datanode-0/data/ratis/027533ef-6557-4c71-b51d-38e732d546e2
2019-11-17 12:11:05,385 [pool-37-thread-1] INFO  server.RaftServerConfigKeys (ConfUtils.java:logGet(43)) - raft.server.log.preallocated.size = 16384 (custom)
2019-11-17 12:11:05,385 [pool-47-thread-1] INFO  server.RaftServerConfigKeys (ConfUtils.java:logGet(43)) - raft.server.log.segment.cache.num.max = 2 (custom)
2019-11-17 12:11:05,386 [pool-37-thread-1] INFO  server.RaftServerConfigKeys (ConfUtils.java:logGet(43)) - raft.server.log.write.buffer.size = 33554432 (custom)
2019-11-17 12:11:05,385 [pool-27-thread-1] INFO  server.RaftServerConfigKeys (ConfUtils.java:logGet(43)) - raft.server.log.queue.byte-limit = 2147483647 (custom)
2019-11-17 12:11:05,386 [pool-37-thread-1] INFO  server.RaftServerConfigKeys (ConfUtils.java:logGet(43)) - raft.server.log.force.sync.num = 128 (default)
2019-11-17 12:11:05,386 [pool-47-thread-1] INFO  segmented.SegmentedRaftLogWorker (SegmentedRaftLogWorker.java:<init>(173)) - new 6e88a04a-eefd-4ce0-8615-e06a993968a7@group-38E732D546E2-SegmentedRaftLogWorker for RaftStorage:Storage Directory /workdir/hadoop-ozone/tools/target/test-dir/MiniOzoneClusterImpl-001153d4-cfdc-40b4-815d-d1451a38a209/datanode-2/data/ratis/027533ef-6557-4c71-b51d-38e732d546e2
2019-11-17 12:11:05,387 [pool-37-thread-1] INFO  server.RaftServerConfigKeys (ConfUtils.java:logGet(43)) - raft.server.log.statemachine.data.sync = true (default)
2019-11-17 12:11:05,386 [pool-27-thread-1] INFO  server.RaftServerConfigKeys (ConfUtils.java:logGet(43)) - raft.server.log.queue.element-limit = 1024 (custom)
2019-11-17 12:11:05,387 [pool-37-thread-1] INFO  server.RaftServerConfigKeys (ConfUtils.java:logGet(43)) - raft.server.log.statemachine.data.sync.timeout = 10s (default)
2019-11-17 12:11:05,387 [pool-47-thread-1] INFO  server.RaftServerConfigKeys (ConfUtils.java:logGet(43)) - raft.server.log.queue.byte-limit = 2147483647 (custom)
2019-11-17 12:11:05,387 [pool-37-thread-1] INFO  server.RaftServerConfigKeys (ConfUtils.java:logGet(43)) - raft.server.log.statemachine.data.sync.timeout.retry = -1 (default)
2019-11-17 12:11:05,387 [pool-27-thread-1] INFO  server.RaftServerConfigKeys (ConfUtils.java:logGet(43)) - raft.server.log.segment.size.max = 1048576 (custom)
2019-11-17 12:11:05,388 [pool-47-thread-1] INFO  server.RaftServerConfigKeys (ConfUtils.java:logGet(43)) - raft.server.log.queue.element-limit = 1024 (custom)
2019-11-17 12:11:05,388 [pool-37-thread-1] INFO  server.RaftServerConfigKeys (ConfUtils.java:logGet(43)) - raft.server.log.statemachine.data.caching.enabled = true (custom)
2019-11-17 12:11:05,389 [pool-37-thread-1] INFO  segmented.SegmentedRaftLogWorker (SegmentedRaftLogWorker.java:lambda$new$0(128)) - f834217c-c8f6-4875-b0f2-58e9e124a81d@group-38E732D546E2-SegmentedRaftLogWorker: flushIndex: setUnconditionally 0 -> -1
2019-11-17 12:11:05,389 [pool-37-thread-1] INFO  server.RaftServerConfigKeys (ConfUtils.java:logGet(43)) - raft.server.snapshot.auto.trigger.enabled = true (custom)
2019-11-17 12:11:05,390 [pool-37-thread-1] INFO  server.RaftServerConfigKeys (ConfUtils.java:logGet(43)) - raft.server.snapshot.auto.trigger.threshold = 10000 (custom)
2019-11-17 12:11:05,390 [pool-37-thread-1] INFO  server.RaftServerConfigKeys (ConfUtils.java:logGet(43)) - raft.server.snapshot.retention.file.num = 5 (custom)
2019-11-17 12:11:05,390 [pool-37-thread-1] INFO  server.RaftServerConfigKeys (ConfUtils.java:logGet(43)) - raft.server.retrycache.expirytime = 600000ms (custom)
2019-11-17 12:11:05,391 [pool-37-thread-1] WARN  impl.MetricRegistriesImpl (MetricRegistriesImpl.java:lambda$create$1(61)) - First MetricRegistry has been created without registering reporters. You may need to call MetricRegistries.global().addReportRegistration(...) before.
2019-11-17 12:11:05,391 [pool-37-thread-1] WARN  impl.MetricRegistriesImpl (MetricRegistriesImpl.java:lambda$create$1(61)) - First MetricRegistry has been created without registering reporters. You may need to call MetricRegistries.global().addReportRegistration(...) before.
2019-11-17 12:11:05,392 [pool-37-thread-1] INFO  impl.RaftServerImpl (RaftServerImpl.java:start(184)) - f834217c-c8f6-4875-b0f2-58e9e124a81d@group-38E732D546E2: start as a follower, conf=-1: [f8c171d0-1f10-4cc7-96b8-2148e4362ba2:192.168.34.35:46263, f834217c-c8f6-4875-b0f2-58e9e124a81d:192.168.34.35:39697, 6e88a04a-eefd-4ce0-8615-e06a993968a7:192.168.34.35:33336], old=null
2019-11-17 12:11:05,392 [pool-37-thread-1] INFO  impl.RaftServerImpl (RaftServerImpl.java:setRole(173)) - f834217c-c8f6-4875-b0f2-58e9e124a81d@group-38E732D546E2: changes role from      null to FOLLOWER at term 0 for startAsFollower
2019-11-17 12:11:05,392 [pool-37-thread-1] INFO  impl.RoleInfo (RoleInfo.java:updateAndGet(143)) - f834217c-c8f6-4875-b0f2-58e9e124a81d: start FollowerState
2019-11-17 12:11:05,393 [pool-37-thread-1] INFO  util.JmxRegister (JmxRegister.java:tryRegister(44)) - Successfully registered JMX Bean with object name Ratis:service=RaftServer,group=group-38E732D546E2,id=f834217c-c8f6-4875-b0f2-58e9e124a81d
2019-11-17 12:11:05,388 [pool-27-thread-1] INFO  server.RaftServerConfigKeys (ConfUtils.java:logGet(43)) - raft.server.log.preallocated.size = 16384 (custom)
2019-11-17 12:11:05,393 [pool-37-thread-1] WARN  impl.MetricRegistriesImpl (MetricRegistriesImpl.java:lambda$create$1(61)) - First MetricRegistry has been created without registering reporters. You may need to call MetricRegistries.global().addReportRegistration(...) before.
2019-11-17 12:11:05,388 [pool-47-thread-1] INFO  server.RaftServerConfigKeys (ConfUtils.java:logGet(43)) - raft.server.log.segment.size.max = 1048576 (custom)
2019-11-17 12:11:05,394 [pool-27-thread-1] INFO  server.RaftServerConfigKeys (ConfUtils.java:logGet(43)) - raft.server.log.write.buffer.size = 33554432 (custom)
2019-11-17 12:11:05,394 [pool-47-thread-1] INFO  server.RaftServerConfigKeys (ConfUtils.java:logGet(43)) - raft.server.log.preallocated.size = 16384 (custom)
2019-11-17 12:11:05,394 [pool-27-thread-1] INFO  server.RaftServerConfigKeys (ConfUtils.java:logGet(43)) - raft.server.log.force.sync.num = 128 (default)
2019-11-17 12:11:05,394 [pool-47-thread-1] INFO  server.RaftServerConfigKeys (ConfUtils.java:logGet(43)) - raft.server.log.write.buffer.size = 33554432 (custom)
2019-11-17 12:11:05,395 [pool-27-thread-1] INFO  server.RaftServerConfigKeys (ConfUtils.java:logGet(43)) - raft.server.log.statemachine.data.sync = true (default)
2019-11-17 12:11:05,395 [pool-47-thread-1] INFO  server.RaftServerConfigKeys (ConfUtils.java:logGet(43)) - raft.server.log.force.sync.num = 128 (default)
2019-11-17 12:11:05,395 [pool-27-thread-1] INFO  server.RaftServerConfigKeys (ConfUtils.java:logGet(43)) - raft.server.log.statemachine.data.sync.timeout = 10s (default)
2019-11-17 12:11:05,395 [pool-47-thread-1] INFO  server.RaftServerConfigKeys (ConfUtils.java:logGet(43)) - raft.server.log.statemachine.data.sync = true (default)
2019-11-17 12:11:05,396 [pool-27-thread-1] INFO  server.RaftServerConfigKeys (ConfUtils.java:logGet(43)) - raft.server.log.statemachine.data.sync.timeout.retry = -1 (default)
2019-11-17 12:11:05,396 [pool-47-thread-1] INFO  server.RaftServerConfigKeys (ConfUtils.java:logGet(43)) - raft.server.log.statemachine.data.sync.timeout = 10s (default)
2019-11-17 12:11:05,399 [pool-47-thread-1] INFO  server.RaftServerConfigKeys (ConfUtils.java:logGet(43)) - raft.server.log.statemachine.data.sync.timeout.retry = -1 (default)
2019-11-17 12:11:05,400 [pool-47-thread-1] INFO  server.RaftServerConfigKeys (ConfUtils.java:logGet(43)) - raft.server.log.statemachine.data.caching.enabled = true (custom)
2019-11-17 12:11:05,400 [pool-47-thread-1] INFO  segmented.SegmentedRaftLogWorker (SegmentedRaftLogWorker.java:lambda$new$0(128)) - 6e88a04a-eefd-4ce0-8615-e06a993968a7@group-38E732D546E2-SegmentedRaftLogWorker: flushIndex: setUnconditionally 0 -> -1
2019-11-17 12:11:05,399 [pool-27-thread-1] INFO  server.RaftServerConfigKeys (ConfUtils.java:logGet(43)) - raft.server.log.statemachine.data.caching.enabled = true (custom)
2019-11-17 12:11:05,401 [pool-47-thread-1] INFO  server.RaftServerConfigKeys (ConfUtils.java:logGet(43)) - raft.server.snapshot.auto.trigger.enabled = true (custom)
2019-11-17 12:11:05,401 [pool-47-thread-1] INFO  server.RaftServerConfigKeys (ConfUtils.java:logGet(43)) - raft.server.snapshot.auto.trigger.threshold = 10000 (custom)
2019-11-17 12:11:05,401 [pool-27-thread-1] INFO  segmented.SegmentedRaftLogWorker (SegmentedRaftLogWorker.java:lambda$new$0(128)) - f8c171d0-1f10-4cc7-96b8-2148e4362ba2@group-38E732D546E2-SegmentedRaftLogWorker: flushIndex: setUnconditionally 0 -> -1
2019-11-17 12:11:05,401 [pool-47-thread-1] INFO  server.RaftServerConfigKeys (ConfUtils.java:logGet(43)) - raft.server.snapshot.retention.file.num = 5 (custom)
2019-11-17 12:11:05,401 [pool-27-thread-1] INFO  server.RaftServerConfigKeys (ConfUtils.java:logGet(43)) - raft.server.snapshot.auto.trigger.enabled = true (custom)
2019-11-17 12:11:05,401 [pool-27-thread-1] INFO  server.RaftServerConfigKeys (ConfUtils.java:logGet(43)) - raft.server.snapshot.auto.trigger.threshold = 10000 (custom)
2019-11-17 12:11:05,401 [pool-47-thread-1] INFO  server.RaftServerConfigKeys (ConfUtils.java:logGet(43)) - raft.server.retrycache.expirytime = 600000ms (custom)
2019-11-17 12:11:05,402 [pool-27-thread-1] INFO  server.RaftServerConfigKeys (ConfUtils.java:logGet(43)) - raft.server.snapshot.retention.file.num = 5 (custom)
2019-11-17 12:11:05,402 [pool-47-thread-1] WARN  impl.MetricRegistriesImpl (MetricRegistriesImpl.java:lambda$create$1(61)) - First MetricRegistry has been created without registering reporters. You may need to call MetricRegistries.global().addReportRegistration(...) before.
2019-11-17 12:11:05,402 [pool-27-thread-1] INFO  server.RaftServerConfigKeys (ConfUtils.java:logGet(43)) - raft.server.retrycache.expirytime = 600000ms (custom)
2019-11-17 12:11:05,402 [pool-47-thread-1] WARN  impl.MetricRegistriesImpl (MetricRegistriesImpl.java:lambda$create$1(61)) - First MetricRegistry has been created without registering reporters. You may need to call MetricRegistries.global().addReportRegistration(...) before.
2019-11-17 12:11:05,402 [pool-27-thread-1] WARN  impl.MetricRegistriesImpl (MetricRegistriesImpl.java:lambda$create$1(61)) - First MetricRegistry has been created without registering reporters. You may need to call MetricRegistries.global().addReportRegistration(...) before.
2019-11-17 12:11:05,402 [pool-27-thread-1] WARN  impl.MetricRegistriesImpl (MetricRegistriesImpl.java:lambda$create$1(61)) - First MetricRegistry has been created without registering reporters. You may need to call MetricRegistries.global().addReportRegistration(...) before.
2019-11-17 12:11:05,402 [pool-47-thread-1] INFO  impl.RaftServerImpl (RaftServerImpl.java:start(184)) - 6e88a04a-eefd-4ce0-8615-e06a993968a7@group-38E732D546E2: start as a follower, conf=-1: [f8c171d0-1f10-4cc7-96b8-2148e4362ba2:192.168.34.35:46263, f834217c-c8f6-4875-b0f2-58e9e124a81d:192.168.34.35:39697, 6e88a04a-eefd-4ce0-8615-e06a993968a7:192.168.34.35:33336], old=null
2019-11-17 12:11:05,403 [pool-27-thread-1] INFO  impl.RaftServerImpl (RaftServerImpl.java:start(184)) - f8c171d0-1f10-4cc7-96b8-2148e4362ba2@group-38E732D546E2: start as a follower, conf=-1: [f8c171d0-1f10-4cc7-96b8-2148e4362ba2:192.168.34.35:46263, f834217c-c8f6-4875-b0f2-58e9e124a81d:192.168.34.35:39697, 6e88a04a-eefd-4ce0-8615-e06a993968a7:192.168.34.35:33336], old=null
2019-11-17 12:11:05,403 [pool-47-thread-1] INFO  impl.RaftServerImpl (RaftServerImpl.java:setRole(173)) - 6e88a04a-eefd-4ce0-8615-e06a993968a7@group-38E732D546E2: changes role from      null to FOLLOWER at term 0 for startAsFollower
2019-11-17 12:11:05,403 [pool-27-thread-1] INFO  impl.RaftServerImpl (RaftServerImpl.java:setRole(173)) - f8c171d0-1f10-4cc7-96b8-2148e4362ba2@group-38E732D546E2: changes role from      null to FOLLOWER at term 0 for startAsFollower
2019-11-17 12:11:05,403 [pool-47-thread-1] INFO  impl.RoleInfo (RoleInfo.java:updateAndGet(143)) - 6e88a04a-eefd-4ce0-8615-e06a993968a7: start FollowerState
2019-11-17 12:11:05,403 [pool-27-thread-1] INFO  impl.RoleInfo (RoleInfo.java:updateAndGet(143)) - f8c171d0-1f10-4cc7-96b8-2148e4362ba2: start FollowerState
2019-11-17 12:11:05,403 [pool-47-thread-1] INFO  util.JmxRegister (JmxRegister.java:tryRegister(44)) - Successfully registered JMX Bean with object name Ratis:service=RaftServer,group=group-38E732D546E2,id=6e88a04a-eefd-4ce0-8615-e06a993968a7
2019-11-17 12:11:05,403 [pool-27-thread-1] INFO  util.JmxRegister (JmxRegister.java:tryRegister(44)) - Successfully registered JMX Bean with object name Ratis:service=RaftServer,group=group-38E732D546E2,id=f8c171d0-1f10-4cc7-96b8-2148e4362ba2
2019-11-17 12:11:05,404 [pool-47-thread-1] WARN  impl.MetricRegistriesImpl (MetricRegistriesImpl.java:lambda$create$1(61)) - First MetricRegistry has been created without registering reporters. You may need to call MetricRegistries.global().addReportRegistration(...) before.
2019-11-17 12:11:05,404 [pool-27-thread-1] WARN  impl.MetricRegistriesImpl (MetricRegistriesImpl.java:lambda$create$1(61)) - First MetricRegistry has been created without registering reporters. You may need to call MetricRegistries.global().addReportRegistration(...) before.
2019-11-17 12:11:05,411 [RatisPipelineUtilsThread] INFO  pipeline.PipelineStateManager (PipelineStateManager.java:addPipeline(55)) - Created pipeline Pipeline[ Id: 027533ef-6557-4c71-b51d-38e732d546e2, Nodes: f8c171d0-1f10-4cc7-96b8-2148e4362ba2{ip: 192.168.34.35, host: pr-hdds-2291-5997d-4279494527, networkLocation: /default-rack, certSerialId: null}f834217c-c8f6-4875-b0f2-58e9e124a81d{ip: 192.168.34.35, host: pr-hdds-2291-5997d-4279494527, networkLocation: /default-rack, certSerialId: null}6e88a04a-eefd-4ce0-8615-e06a993968a7{ip: 192.168.34.35, host: pr-hdds-2291-5997d-4279494527, networkLocation: /default-rack, certSerialId: null}, Type:RATIS, Factor:THREE, State:ALLOCATED]
2019-11-17 12:11:05,441 [main] INFO  freon.RandomKeyGenerator (RandomKeyGenerator.java:call(283)) - Number of Threads: 10
2019-11-17 12:11:05,441 [main] INFO  freon.RandomKeyGenerator (RandomKeyGenerator.java:call(288)) - Number of Volumes: 1.
2019-11-17 12:11:05,442 [main] INFO  freon.RandomKeyGenerator (RandomKeyGenerator.java:call(289)) - Number of Buckets per Volume: 1.
2019-11-17 12:11:05,442 [main] INFO  freon.RandomKeyGenerator (RandomKeyGenerator.java:call(290)) - Number of Keys per Bucket: 1.
2019-11-17 12:11:05,442 [main] INFO  freon.RandomKeyGenerator (RandomKeyGenerator.java:call(291)) - Key size: 20971520 bytes
2019-11-17 12:11:05,442 [main] INFO  freon.RandomKeyGenerator (RandomKeyGenerator.java:call(292)) - Buffer size: 4096 bytes
2019-11-17 12:11:05,442 [main] INFO  freon.RandomKeyGenerator (RandomKeyGenerator.java:call(293)) - validateWrites : true
2019-11-17 12:11:05,443 [main] INFO  freon.RandomKeyGenerator (RandomKeyGenerator.java:call(307)) - Data validation is enabled.
2019-11-17 12:11:05,443 [main] INFO  freon.RandomKeyGenerator (RandomKeyGenerator.java:call(313)) - Starting progress bar Thread.

 0.00% |?                                                                                                    |  0/1 Time: 0:00:002019-11-17 12:11:05,443 [pool-59-thread-1] INFO  rpc.RpcClient (RpcClient.java:createVolume(292)) - Creating Volume: vol-0-77779, with jenkins1000 as owner.
2019-11-17 12:11:05,447 [IPC Server handler 1 on 33043] INFO  volume.OMVolumeCreateRequest (OMVolumeCreateRequest.java:validateAndUpdateCache(193)) - created volume:vol-0-77779 for user:jenkins1000
2019-11-17 12:11:05,493 [pool-59-thread-2] INFO  rpc.RpcClient (RpcClient.java:createBucket(431)) - Creating Bucket: vol-0-77779/bucket-0-05179, with Versioning false and Storage Type set to DISK and Encryption set to false 
2019-11-17 12:11:05,534 [IPC Server handler 1 on 35055] WARN  block.BlockManagerImpl (BlockManagerImpl.java:allocateBlock(200)) - Pipeline creation failed for type:RATIS factor:THREE. Retrying get pipelines call once.
org.apache.hadoop.hdds.scm.pipeline.InsufficientDatanodesException: Cannot create pipeline of factor 3 using 0 nodes.
	at org.apache.hadoop.hdds.scm.pipeline.RatisPipelineProvider.create(RatisPipelineProvider.java:153)
	at org.apache.hadoop.hdds.scm.pipeline.PipelineFactory.create(PipelineFactory.java:58)
	at org.apache.hadoop.hdds.scm.pipeline.SCMPipelineManager.createPipeline(SCMPipelineManager.java:155)
	at org.apache.hadoop.hdds.scm.block.BlockManagerImpl.allocateBlock(BlockManagerImpl.java:198)
	at org.apache.hadoop.hdds.scm.server.SCMBlockProtocolServer.allocateBlock(SCMBlockProtocolServer.java:187)
	at org.apache.hadoop.hdds.scm.protocol.ScmBlockLocationProtocolServerSideTranslatorPB.allocateScmBlock(ScmBlockLocationProtocolServerSideTranslatorPB.java:159)
	at org.apache.hadoop.hdds.scm.protocol.ScmBlockLocationProtocolServerSideTranslatorPB.processMessage(ScmBlockLocationProtocolServerSideTranslatorPB.java:117)
	at org.apache.hadoop.hdds.server.OzoneProtocolMessageDispatcher.processRequest(OzoneProtocolMessageDispatcher.java:72)
	at org.apache.hadoop.hdds.scm.protocol.ScmBlockLocationProtocolServerSideTranslatorPB.send(ScmBlockLocationProtocolServerSideTranslatorPB.java:98)
	at org.apache.hadoop.hdds.protocol.proto.ScmBlockLocationProtocolProtos$ScmBlockLocationProtocolService$2.callBlockingMethod(ScmBlockLocationProtocolProtos.java:13157)
	at org.apache.hadoop.ipc.ProtobufRpcEngine$Server$ProtoBufRpcInvoker.call(ProtobufRpcEngine.java:524)
	at org.apache.hadoop.ipc.RPC$Server.call(RPC.java:1025)
	at org.apache.hadoop.ipc.Server$RpcCall.run(Server.java:876)
	at org.apache.hadoop.ipc.Server$RpcCall.run(Server.java:822)
	at java.security.AccessController.doPrivileged(Native Method)
	at javax.security.auth.Subject.doAs(Subject.java:422)
	at org.apache.hadoop.security.UserGroupInformation.doAs(UserGroupInformation.java:1730)
	at org.apache.hadoop.ipc.Server$Handler.run(Server.java:2682)
2019-11-17 12:11:05,536 [IPC Server handler 1 on 35055] INFO  block.BlockManagerImpl (BlockManagerImpl.java:allocateBlock(212)) - Could not find available pipeline of type:RATIS and factor:THREE even after retrying
2019-11-17 12:11:05,537 [IPC Server handler 1 on 35055] ERROR block.BlockManagerImpl (BlockManagerImpl.java:allocateBlock(236)) - Unable to allocate a block for the size: 4194304, type: RATIS, factor: THREE
2019-11-17 12:11:05,537 [IPC Server handler 1 on 35055] WARN  block.BlockManagerImpl (BlockManagerImpl.java:allocateBlock(200)) - Pipeline creation failed for type:RATIS factor:THREE. Retrying get pipelines call once.
org.apache.hadoop.hdds.scm.pipeline.InsufficientDatanodesException: Cannot create pipeline of factor 3 using 0 nodes.
	at org.apache.hadoop.hdds.scm.pipeline.RatisPipelineProvider.create(RatisPipelineProvider.java:153)
	at org.apache.hadoop.hdds.scm.pipeline.PipelineFactory.create(PipelineFactory.java:58)
	at org.apache.hadoop.hdds.scm.pipeline.SCMPipelineManager.createPipeline(SCMPipelineManager.java:155)
	at org.apache.hadoop.hdds.scm.block.BlockManagerImpl.allocateBlock(BlockManagerImpl.java:198)
	at org.apache.hadoop.hdds.scm.server.SCMBlockProtocolServer.allocateBlock(SCMBlockProtocolServer.java:187)
	at org.apache.hadoop.hdds.scm.protocol.ScmBlockLocationProtocolServerSideTranslatorPB.allocateScmBlock(ScmBlockLocationProtocolServerSideTranslatorPB.java:159)
	at org.apache.hadoop.hdds.scm.protocol.ScmBlockLocationProtocolServerSideTranslatorPB.processMessage(ScmBlockLocationProtocolServerSideTranslatorPB.java:117)
	at org.apache.hadoop.hdds.server.OzoneProtocolMessageDispatcher.processRequest(OzoneProtocolMessageDispatcher.java:72)
	at org.apache.hadoop.hdds.scm.protocol.ScmBlockLocationProtocolServerSideTranslatorPB.send(ScmBlockLocationProtocolServerSideTranslatorPB.java:98)
	at org.apache.hadoop.hdds.protocol.proto.ScmBlockLocationProtocolProtos$ScmBlockLocationProtocolService$2.callBlockingMethod(ScmBlockLocationProtocolProtos.java:13157)
	at org.apache.hadoop.ipc.ProtobufRpcEngine$Server$ProtoBufRpcInvoker.call(ProtobufRpcEngine.java:524)
	at org.apache.hadoop.ipc.RPC$Server.call(RPC.java:1025)
	at org.apache.hadoop.ipc.Server$RpcCall.run(Server.java:876)
	at org.apache.hadoop.ipc.Server$RpcCall.run(Server.java:822)
	at java.security.AccessController.doPrivileged(Native Method)
	at javax.security.auth.Subject.doAs(Subject.java:422)
	at org.apache.hadoop.security.UserGroupInformation.doAs(UserGroupInformation.java:1730)
	at org.apache.hadoop.ipc.Server$Handler.run(Server.java:2682)
2019-11-17 12:11:05,538 [IPC Server handler 1 on 35055] INFO  block.BlockManagerImpl (BlockManagerImpl.java:allocateBlock(212)) - Could not find available pipeline of type:RATIS and factor:THREE even after retrying
2019-11-17 12:11:05,538 [IPC Server handler 1 on 35055] ERROR block.BlockManagerImpl (BlockManagerImpl.java:allocateBlock(236)) - Unable to allocate a block for the size: 4194304, type: RATIS, factor: THREE
2019-11-17 12:11:05,539 [IPC Server handler 1 on 35055] WARN  block.BlockManagerImpl (BlockManagerImpl.java:allocateBlock(200)) - Pipeline creation failed for type:RATIS factor:THREE. Retrying get pipelines call once.
org.apache.hadoop.hdds.scm.pipeline.InsufficientDatanodesException: Cannot create pipeline of factor 3 using 0 nodes.
	at org.apache.hadoop.hdds.scm.pipeline.RatisPipelineProvider.create(RatisPipelineProvider.java:153)
	at org.apache.hadoop.hdds.scm.pipeline.PipelineFactory.create(PipelineFactory.java:58)
	at org.apache.hadoop.hdds.scm.pipeline.SCMPipelineManager.createPipeline(SCMPipelineManager.java:155)
	at org.apache.hadoop.hdds.scm.block.BlockManagerImpl.allocateBlock(BlockManagerImpl.java:198)
	at org.apache.hadoop.hdds.scm.server.SCMBlockProtocolServer.allocateBlock(SCMBlockProtocolServer.java:187)
	at org.apache.hadoop.hdds.scm.protocol.ScmBlockLocationProtocolServerSideTranslatorPB.allocateScmBlock(ScmBlockLocationProtocolServerSideTranslatorPB.java:159)
	at org.apache.hadoop.hdds.scm.protocol.ScmBlockLocationProtocolServerSideTranslatorPB.processMessage(ScmBlockLocationProtocolServerSideTranslatorPB.java:117)
	at org.apache.hadoop.hdds.server.OzoneProtocolMessageDispatcher.processRequest(OzoneProtocolMessageDispatcher.java:72)
	at org.apache.hadoop.hdds.scm.protocol.ScmBlockLocationProtocolServerSideTranslatorPB.send(ScmBlockLocationProtocolServerSideTranslatorPB.java:98)
	at org.apache.hadoop.hdds.protocol.proto.ScmBlockLocationProtocolProtos$ScmBlockLocationProtocolService$2.callBlockingMethod(ScmBlockLocationProtocolProtos.java:13157)
	at org.apache.hadoop.ipc.ProtobufRpcEngine$Server$ProtoBufRpcInvoker.call(ProtobufRpcEngine.java:524)
	at org.apache.hadoop.ipc.RPC$Server.call(RPC.java:1025)
	at org.apache.hadoop.ipc.Server$RpcCall.run(Server.java:876)
	at org.apache.hadoop.ipc.Server$RpcCall.run(Server.java:822)
	at java.security.AccessController.doPrivileged(Native Method)
	at javax.security.auth.Subject.doAs(Subject.java:422)
	at org.apache.hadoop.security.UserGroupInformation.doAs(UserGroupInformation.java:1730)
	at org.apache.hadoop.ipc.Server$Handler.run(Server.java:2682)
2019-11-17 12:11:05,539 [IPC Server handler 1 on 35055] INFO  block.BlockManagerImpl (BlockManagerImpl.java:allocateBlock(212)) - Could not find available pipeline of type:RATIS and factor:THREE even after retrying
2019-11-17 12:11:05,539 [IPC Server handler 1 on 35055] ERROR block.BlockManagerImpl (BlockManagerImpl.java:allocateBlock(236)) - Unable to allocate a block for the size: 4194304, type: RATIS, factor: THREE
2019-11-17 12:11:05,540 [IPC Server handler 1 on 35055] WARN  block.BlockManagerImpl (BlockManagerImpl.java:allocateBlock(200)) - Pipeline creation failed for type:RATIS factor:THREE. Retrying get pipelines call once.
org.apache.hadoop.hdds.scm.pipeline.InsufficientDatanodesException: Cannot create pipeline of factor 3 using 0 nodes.
	at org.apache.hadoop.hdds.scm.pipeline.RatisPipelineProvider.create(RatisPipelineProvider.java:153)
	at org.apache.hadoop.hdds.scm.pipeline.PipelineFactory.create(PipelineFactory.java:58)
	at org.apache.hadoop.hdds.scm.pipeline.SCMPipelineManager.createPipeline(SCMPipelineManager.java:155)
	at org.apache.hadoop.hdds.scm.block.BlockManagerImpl.allocateBlock(BlockManagerImpl.java:198)
	at org.apache.hadoop.hdds.scm.server.SCMBlockProtocolServer.allocateBlock(SCMBlockProtocolServer.java:187)
	at org.apache.hadoop.hdds.scm.protocol.ScmBlockLocationProtocolServerSideTranslatorPB.allocateScmBlock(ScmBlockLocationProtocolServerSideTranslatorPB.java:159)
	at org.apache.hadoop.hdds.scm.protocol.ScmBlockLocationProtocolServerSideTranslatorPB.processMessage(ScmBlockLocationProtocolServerSideTranslatorPB.java:117)
	at org.apache.hadoop.hdds.server.OzoneProtocolMessageDispatcher.processRequest(OzoneProtocolMessageDispatcher.java:72)
	at org.apache.hadoop.hdds.scm.protocol.ScmBlockLocationProtocolServerSideTranslatorPB.send(ScmBlockLocationProtocolServerSideTranslatorPB.java:98)
	at org.apache.hadoop.hdds.protocol.proto.ScmBlockLocationProtocolProtos$ScmBlockLocationProtocolService$2.callBlockingMethod(ScmBlockLocationProtocolProtos.java:13157)
	at org.apache.hadoop.ipc.ProtobufRpcEngine$Server$ProtoBufRpcInvoker.call(ProtobufRpcEngine.java:524)
	at org.apache.hadoop.ipc.RPC$Server.call(RPC.java:1025)
	at org.apache.hadoop.ipc.Server$RpcCall.run(Server.java:876)
	at org.apache.hadoop.ipc.Server$RpcCall.run(Server.java:822)
	at java.security.AccessController.doPrivileged(Native Method)
	at javax.security.auth.Subject.doAs(Subject.java:422)
	at org.apache.hadoop.security.UserGroupInformation.doAs(UserGroupInformation.java:1730)
	at org.apache.hadoop.ipc.Server$Handler.run(Server.java:2682)
2019-11-17 12:11:05,540 [IPC Server handler 1 on 35055] INFO  block.BlockManagerImpl (BlockManagerImpl.java:allocateBlock(212)) - Could not find available pipeline of type:RATIS and factor:THREE even after retrying
2019-11-17 12:11:05,541 [IPC Server handler 1 on 35055] ERROR block.BlockManagerImpl (BlockManagerImpl.java:allocateBlock(236)) - Unable to allocate a block for the size: 4194304, type: RATIS, factor: THREE
2019-11-17 12:11:05,541 [IPC Server handler 1 on 35055] WARN  block.BlockManagerImpl (BlockManagerImpl.java:allocateBlock(200)) - Pipeline creation failed for type:RATIS factor:THREE. Retrying get pipelines call once.
org.apache.hadoop.hdds.scm.pipeline.InsufficientDatanodesException: Cannot create pipeline of factor 3 using 0 nodes.
	at org.apache.hadoop.hdds.scm.pipeline.RatisPipelineProvider.create(RatisPipelineProvider.java:153)
	at org.apache.hadoop.hdds.scm.pipeline.PipelineFactory.create(PipelineFactory.java:58)
	at org.apache.hadoop.hdds.scm.pipeline.SCMPipelineManager.createPipeline(SCMPipelineManager.java:155)
	at org.apache.hadoop.hdds.scm.block.BlockManagerImpl.allocateBlock(BlockManagerImpl.java:198)
	at org.apache.hadoop.hdds.scm.server.SCMBlockProtocolServer.allocateBlock(SCMBlockProtocolServer.java:187)
	at org.apache.hadoop.hdds.scm.protocol.ScmBlockLocationProtocolServerSideTranslatorPB.allocateScmBlock(ScmBlockLocationProtocolServerSideTranslatorPB.java:159)
	at org.apache.hadoop.hdds.scm.protocol.ScmBlockLocationProtocolServerSideTranslatorPB.processMessage(ScmBlockLocationProtocolServerSideTranslatorPB.java:117)
	at org.apache.hadoop.hdds.server.OzoneProtocolMessageDispatcher.processRequest(OzoneProtocolMessageDispatcher.java:72)
	at org.apache.hadoop.hdds.scm.protocol.ScmBlockLocationProtocolServerSideTranslatorPB.send(ScmBlockLocationProtocolServerSideTranslatorPB.java:98)
	at org.apache.hadoop.hdds.protocol.proto.ScmBlockLocationProtocolProtos$ScmBlockLocationProtocolService$2.callBlockingMethod(ScmBlockLocationProtocolProtos.java:13157)
	at org.apache.hadoop.ipc.ProtobufRpcEngine$Server$ProtoBufRpcInvoker.call(ProtobufRpcEngine.java:524)
	at org.apache.hadoop.ipc.RPC$Server.call(RPC.java:1025)
	at org.apache.hadoop.ipc.Server$RpcCall.run(Server.java:876)
	at org.apache.hadoop.ipc.Server$RpcCall.run(Server.java:822)
	at java.security.AccessController.doPrivileged(Native Method)
	at javax.security.auth.Subject.doAs(Subject.java:422)
	at org.apache.hadoop.security.UserGroupInformation.doAs(UserGroupInformation.java:1730)
	at org.apache.hadoop.ipc.Server$Handler.run(Server.java:2682)
2019-11-17 12:11:05,542 [IPC Server handler 1 on 35055] INFO  block.BlockManagerImpl (BlockManagerImpl.java:allocateBlock(212)) - Could not find available pipeline of type:RATIS and factor:THREE even after retrying
2019-11-17 12:11:05,542 [IPC Server handler 1 on 35055] ERROR block.BlockManagerImpl (BlockManagerImpl.java:allocateBlock(236)) - Unable to allocate a block for the size: 4194304, type: RATIS, factor: THREE
2019-11-17 12:11:05,547 [pool-59-thread-4] ERROR freon.RandomKeyGenerator (RandomKeyGenerator.java:createKey(735)) - Exception while adding key: key-0-96473 in bucket: bucket-0-05179 of volume: vol-0-77779.
INTERNAL_ERROR org.apache.hadoop.ozone.om.exceptions.OMException: Allocated 0 blocks. Requested 5 blocks
	at org.apache.hadoop.ozone.om.protocolPB.OzoneManagerProtocolClientSideTranslatorPB.handleError(OzoneManagerProtocolClientSideTranslatorPB.java:761)
	at org.apache.hadoop.ozone.om.protocolPB.OzoneManagerProtocolClientSideTranslatorPB.openKey(OzoneManagerProtocolClientSideTranslatorPB.java:752)
	at sun.reflect.NativeMethodAccessorImpl.invoke0(Native Method)
	at sun.reflect.NativeMethodAccessorImpl.invoke(NativeMethodAccessorImpl.java:62)
	at sun.reflect.DelegatingMethodAccessorImpl.invoke(DelegatingMethodAccessorImpl.java:43)
	at java.lang.reflect.Method.invoke(Method.java:498)
	at org.apache.hadoop.hdds.tracing.TraceAllMethod.invoke(TraceAllMethod.java:66)
	at com.sun.proxy.$Proxy37.openKey(Unknown Source)
	at org.apache.hadoop.ozone.client.rpc.RpcClient.createKey(RpcClient.java:633)
	at org.apache.hadoop.ozone.client.OzoneBucket.createKey(OzoneBucket.java:325)
	at org.apache.hadoop.ozone.freon.RandomKeyGenerator.createKey(RandomKeyGenerator.java:697)
	at org.apache.hadoop.ozone.freon.RandomKeyGenerator.access$1100(RandomKeyGenerator.java:88)
	at org.apache.hadoop.ozone.freon.RandomKeyGenerator$ObjectCreator.run(RandomKeyGenerator.java:615)
	at java.util.concurrent.Executors$RunnableAdapter.call(Executors.java:511)
	at java.util.concurrent.FutureTask.run(FutureTask.java:266)
	at java.util.concurrent.ThreadPoolExecutor.runWorker(ThreadPoolExecutor.java:1149)
	at java.util.concurrent.ThreadPoolExecutor$Worker.run(ThreadPoolExecutor.java:624)
	at java.lang.Thread.run(Thread.java:748)
 0.00% |?                                                                                                    |  0/1 Time: 0:00:01 0.00% |?                                                                                                    |  0/1 Time: 0:00:02 0.00% |?                                                                                                    |  0/1 Time: 0:00:03 0.00% |?                                                                                                    |  0/1 Time: 0:00:042019-11-17 12:11:10,404 [Thread-484] INFO  impl.FollowerState (FollowerState.java:run(111)) - f834217c-c8f6-4875-b0f2-58e9e124a81d@group-38E732D546E2-FollowerState: change to CANDIDATE, lastRpcTime:5011ms, electionTimeout:5011ms
2019-11-17 12:11:10,405 [Thread-484] INFO  impl.RoleInfo (RoleInfo.java:shutdownFollowerState(121)) - f834217c-c8f6-4875-b0f2-58e9e124a81d: shutdown FollowerState
2019-11-17 12:11:10,405 [Thread-484] INFO  impl.RaftServerImpl (RaftServerImpl.java:setRole(173)) - f834217c-c8f6-4875-b0f2-58e9e124a81d@group-38E732D546E2: changes role from  FOLLOWER to CANDIDATE at term 0 for changeToCandidate
2019-11-17 12:11:10,406 [Thread-484] INFO  impl.RoleInfo (RoleInfo.java:updateAndGet(143)) - f834217c-c8f6-4875-b0f2-58e9e124a81d: start LeaderElection
2019-11-17 12:11:10,420 [f834217c-c8f6-4875-b0f2-58e9e124a81d@group-38E732D546E2-LeaderElection6] INFO  impl.LeaderElection (LeaderElection.java:askForVotes(178)) - f834217c-c8f6-4875-b0f2-58e9e124a81d@group-38E732D546E2-LeaderElection6: begin an election at term 1 for -1: [f8c171d0-1f10-4cc7-96b8-2148e4362ba2:192.168.34.35:46263, f834217c-c8f6-4875-b0f2-58e9e124a81d:192.168.34.35:39697, 6e88a04a-eefd-4ce0-8615-e06a993968a7:192.168.34.35:33336], old=null
2019-11-17 12:11:10,443 [grpc-default-executor-1] INFO  impl.RaftServerImpl (RaftServerImpl.java:setRole(173)) - f8c171d0-1f10-4cc7-96b8-2148e4362ba2@group-38E732D546E2: changes role from  FOLLOWER to FOLLOWER at term 1 for recognizeCandidate:f834217c-c8f6-4875-b0f2-58e9e124a81d
2019-11-17 12:11:10,443 [grpc-default-executor-2] INFO  impl.RaftServerImpl (RaftServerImpl.java:setRole(173)) - 6e88a04a-eefd-4ce0-8615-e06a993968a7@group-38E732D546E2: changes role from  FOLLOWER to FOLLOWER at term 1 for recognizeCandidate:f834217c-c8f6-4875-b0f2-58e9e124a81d
2019-11-17 12:11:10,443 [grpc-default-executor-1] INFO  impl.RoleInfo (RoleInfo.java:shutdownFollowerState(121)) - f8c171d0-1f10-4cc7-96b8-2148e4362ba2: shutdown FollowerState
2019-11-17 12:11:10,444 [grpc-default-executor-2] INFO  impl.RoleInfo (RoleInfo.java:shutdownFollowerState(121)) - 6e88a04a-eefd-4ce0-8615-e06a993968a7: shutdown FollowerState
2019-11-17 12:11:10,444 [Thread-489] INFO  impl.FollowerState (FollowerState.java:run(120)) - f8c171d0-1f10-4cc7-96b8-2148e4362ba2@group-38E732D546E2-FollowerState was interrupted: java.lang.InterruptedException: sleep interrupted
2019-11-17 12:11:10,445 [grpc-default-executor-2] INFO  impl.RoleInfo (RoleInfo.java:updateAndGet(143)) - 6e88a04a-eefd-4ce0-8615-e06a993968a7: start FollowerState
2019-11-17 12:11:10,445 [Thread-488] INFO  impl.FollowerState (FollowerState.java:run(120)) - 6e88a04a-eefd-4ce0-8615-e06a993968a7@group-38E732D546E2-FollowerState was interrupted: java.lang.InterruptedException: sleep interrupted
2019-11-17 12:11:10,445 [grpc-default-executor-1] INFO  impl.RoleInfo (RoleInfo.java:updateAndGet(143)) - f8c171d0-1f10-4cc7-96b8-2148e4362ba2: start FollowerState
 100.00% |?????????????????????????????????????????????????????????????????????????????????????????????????????|  1/1 Time: 0:00:05
2019-11-17 12:11:10,464 [f834217c-c8f6-4875-b0f2-58e9e124a81d@group-38E732D546E2-LeaderElection6] INFO  impl.LeaderElection (LeaderElection.java:logAndReturn(56)) - f834217c-c8f6-4875-b0f2-58e9e124a81d@group-38E732D546E2-LeaderElection6: Election PASSED; received 1 response(s) [f834217c-c8f6-4875-b0f2-58e9e124a81d<-f8c171d0-1f10-4cc7-96b8-2148e4362ba2#0:OK-t1] and 0 exception(s); f834217c-c8f6-4875-b0f2-58e9e124a81d@group-38E732D546E2:t1, leader=null, voted=f834217c-c8f6-4875-b0f2-58e9e124a81d, raftlog=f834217c-c8f6-4875-b0f2-58e9e124a81d@group-38E732D546E2-SegmentedRaftLog:OPENED:c-1,f-1,i0, conf=-1: [f8c171d0-1f10-4cc7-96b8-2148e4362ba2:192.168.34.35:46263, f834217c-c8f6-4875-b0f2-58e9e124a81d:192.168.34.35:39697, 6e88a04a-eefd-4ce0-8615-e06a993968a7:192.168.34.35:33336], old=null
2019-11-17 12:11:10,465 [f834217c-c8f6-4875-b0f2-58e9e124a81d@group-38E732D546E2-LeaderElection6] INFO  impl.RoleInfo (RoleInfo.java:shutdownLeaderElection(134)) - f834217c-c8f6-4875-b0f2-58e9e124a81d: shutdown LeaderElection
2019-11-17 12:11:10,465 [f834217c-c8f6-4875-b0f2-58e9e124a81d@group-38E732D546E2-LeaderElection6] INFO  impl.RaftServerImpl (RaftServerImpl.java:setRole(173)) - f834217c-c8f6-4875-b0f2-58e9e124a81d@group-38E732D546E2: changes role from CANDIDATE to LEADER at term 1 for changeToLeader
2019-11-17 12:11:10,466 [f834217c-c8f6-4875-b0f2-58e9e124a81d@group-38E732D546E2-LeaderElection6] INFO  ratis.XceiverServerRatis (XceiverServerRatis.java:handleLeaderChangedNotification(697)) - Leader change notification received for group: group-38E732D546E2 with new leaderId: f834217c-c8f6-4875-b0f2-58e9e124a81d
2019-11-17 12:11:10,466 [f834217c-c8f6-4875-b0f2-58e9e124a81d@group-38E732D546E2-LeaderElection6] INFO  impl.RaftServerImpl (ServerState.java:setLeader(255)) - f834217c-c8f6-4875-b0f2-58e9e124a81d@group-38E732D546E2: change Leader from null to f834217c-c8f6-4875-b0f2-58e9e124a81d at term 1 for becomeLeader, leader elected after 5084ms
2019-11-17 12:11:10,466 [f834217c-c8f6-4875-b0f2-58e9e124a81d@group-38E732D546E2-LeaderElection6] INFO  server.RaftServerConfigKeys (ConfUtils.java:logGet(43)) - raft.server.staging.catchup.gap = 1000 (default)
2019-11-17 12:11:10,467 [f834217c-c8f6-4875-b0f2-58e9e124a81d@group-38E732D546E2-LeaderElection6] INFO  server.RaftServerConfigKeys (ConfUtils.java:logGet(43)) - raft.server.rpc.sleep.time = 25ms (default)
2019-11-17 12:11:10,467 [f834217c-c8f6-4875-b0f2-58e9e124a81d@group-38E732D546E2-LeaderElection6] INFO  server.RaftServerConfigKeys (ConfUtils.java:logGet(43)) - raft.server.write.element-limit = 4096 (default)
2019-11-17 12:11:10,467 [f834217c-c8f6-4875-b0f2-58e9e124a81d@group-38E732D546E2-LeaderElection6] INFO  server.RaftServerConfigKeys (ConfUtils.java:logGet(43)) - raft.server.watch.timeout = 10s (default)
2019-11-17 12:11:10,467 [f834217c-c8f6-4875-b0f2-58e9e124a81d@group-38E732D546E2-LeaderElection6] INFO  server.RaftServerConfigKeys (ConfUtils.java:logGet(43)) - raft.server.watch.timeout.denomination = 1s (default)
2019-11-17 12:11:10,468 [f834217c-c8f6-4875-b0f2-58e9e124a81d@group-38E732D546E2-LeaderElection6] INFO  server.RaftServerConfigKeys (ConfUtils.java:logGet(43)) - raft.server.watch.element-limit = 65536 (default)
2019-11-17 12:11:10,468 [f834217c-c8f6-4875-b0f2-58e9e124a81d@group-38E732D546E2-LeaderElection6] INFO  server.RaftServerConfigKeys (ConfUtils.java:logGet(43)) - raft.server.log.appender.snapshot.chunk.size.max = 16MB (=16777216) (default)
2019-11-17 12:11:10,469 [EventQueue-PipelineReportForPipelineReportHandler] INFO  pipeline.PipelineStateManager (PipelineStateManager.java:openPipeline(134)) - Pipeline Pipeline[ Id: 027533ef-6557-4c71-b51d-38e732d546e2, Nodes: f8c171d0-1f10-4cc7-96b8-2148e4362ba2{ip: 192.168.34.35, host: pr-hdds-2291-5997d-4279494527, networkLocation: /default-rack, certSerialId: null}f834217c-c8f6-4875-b0f2-58e9e124a81d{ip: 192.168.34.35, host: pr-hdds-2291-5997d-4279494527, networkLocation: /default-rack, certSerialId: null}6e88a04a-eefd-4ce0-8615-e06a993968a7{ip: 192.168.34.35, host: pr-hdds-2291-5997d-4279494527, networkLocation: /default-rack, certSerialId: null}, Type:RATIS, Factor:THREE, State:OPEN] moved to OPEN state
2019-11-17 12:11:10,469 [f834217c-c8f6-4875-b0f2-58e9e124a81d@group-38E732D546E2-LeaderElection6] INFO  server.RaftServerConfigKeys (ConfUtils.java:logGet(43)) - raft.server.log.appender.buffer.byte-limit = 33554432 (custom)
2019-11-17 12:11:10,470 [f834217c-c8f6-4875-b0f2-58e9e124a81d@group-38E732D546E2-LeaderElection6] INFO  server.RaftServerConfigKeys (ConfUtils.java:logGet(43)) - raft.server.log.appender.buffer.element-limit = 1 (custom)
2019-11-17 12:11:10,470 [f834217c-c8f6-4875-b0f2-58e9e124a81d@group-38E732D546E2-LeaderElection6] INFO  grpc.GrpcConfigKeys$Server (ConfUtils.java:logGet(43)) - raft.grpc.server.leader.outstanding.appends.max = 128 (default)
2019-11-17 12:11:10,471 [f834217c-c8f6-4875-b0f2-58e9e124a81d@group-38E732D546E2-LeaderElection6] INFO  server.RaftServerConfigKeys (ConfUtils.java:logGet(43)) - raft.server.rpc.request.timeout = 3000ms (default)
2019-11-17 12:11:10,471 [f834217c-c8f6-4875-b0f2-58e9e124a81d@group-38E732D546E2-LeaderElection6] INFO  server.RaftServerConfigKeys (ConfUtils.java:logGet(43)) - raft.server.log.appender.install.snapshot.enabled = false (custom)
2019-11-17 12:11:10,472 [f834217c-c8f6-4875-b0f2-58e9e124a81d@group-38E732D546E2-LeaderElection6] WARN  impl.MetricRegistriesImpl (MetricRegistriesImpl.java:lambda$create$1(61)) - First MetricRegistry has been created without registering reporters. You may need to call MetricRegistries.global().addReportRegistration(...) before.
2019-11-17 12:11:10,472 [f834217c-c8f6-4875-b0f2-58e9e124a81d@group-38E732D546E2-LeaderElection6] INFO  server.RaftServerConfigKeys (ConfUtils.java:logGet(43)) - raft.server.log.appender.snapshot.chunk.size.max = 16MB (=16777216) (default)
2019-11-17 12:11:10,472 [f834217c-c8f6-4875-b0f2-58e9e124a81d@group-38E732D546E2-LeaderElection6] INFO  server.RaftServerConfigKeys (ConfUtils.java:logGet(43)) - raft.server.log.appender.buffer.byte-limit = 33554432 (custom)
2019-11-17 12:11:10,472 [f834217c-c8f6-4875-b0f2-58e9e124a81d@group-38E732D546E2-LeaderElection6] INFO  server.RaftServerConfigKeys (ConfUtils.java:logGet(43)) - raft.server.log.appender.buffer.element-limit = 1 (custom)
2019-11-17 12:11:10,472 [f834217c-c8f6-4875-b0f2-58e9e124a81d@group-38E732D546E2-LeaderElection6] INFO  grpc.GrpcConfigKeys$Server (ConfUtils.java:logGet(43)) - raft.grpc.server.leader.outstanding.appends.max = 128 (default)
2019-11-17 12:11:10,472 [f834217c-c8f6-4875-b0f2-58e9e124a81d@group-38E732D546E2-LeaderElection6] INFO  server.RaftServerConfigKeys (ConfUtils.java:logGet(43)) - raft.server.rpc.request.timeout = 3000ms (default)
2019-11-17 12:11:10,473 [f834217c-c8f6-4875-b0f2-58e9e124a81d@group-38E732D546E2-LeaderElection6] INFO  server.RaftServerConfigKeys (ConfUtils.java:logGet(43)) - raft.server.log.appender.install.snapshot.enabled = false (custom)
2019-11-17 12:11:10,473 [f834217c-c8f6-4875-b0f2-58e9e124a81d@group-38E732D546E2-LeaderElection6] INFO  impl.RoleInfo (RoleInfo.java:updateAndGet(143)) - f834217c-c8f6-4875-b0f2-58e9e124a81d: start LeaderState
2019-11-17 12:11:10,474 [f834217c-c8f6-4875-b0f2-58e9e124a81d@group-38E732D546E2-LeaderElection6] INFO  segmented.SegmentedRaftLogWorker (SegmentedRaftLogWorker.java:startLogSegment(385)) - f834217c-c8f6-4875-b0f2-58e9e124a81d@group-38E732D546E2-SegmentedRaftLogWorker: Starting segment from index:0
2019-11-17 12:11:10,475 [f834217c-c8f6-4875-b0f2-58e9e124a81d@group-38E732D546E2-LeaderElection6] INFO  impl.RaftServerImpl (ServerState.java:setRaftConf(356)) - f834217c-c8f6-4875-b0f2-58e9e124a81d@group-38E732D546E2: set configuration 0: [f8c171d0-1f10-4cc7-96b8-2148e4362ba2:192.168.34.35:46263, f834217c-c8f6-4875-b0f2-58e9e124a81d:192.168.34.35:39697, 6e88a04a-eefd-4ce0-8615-e06a993968a7:192.168.34.35:33336], old=null at 0
2019-11-17 12:11:10,515 [grpc-default-executor-2] INFO  ratis.XceiverServerRatis (XceiverServerRatis.java:handleLeaderChangedNotification(697)) - Leader change notification received for group: group-38E732D546E2 with new leaderId: f834217c-c8f6-4875-b0f2-58e9e124a81d
2019-11-17 12:11:10,516 [grpc-default-executor-2] INFO  impl.RaftServerImpl (ServerState.java:setLeader(255)) - 6e88a04a-eefd-4ce0-8615-e06a993968a7@group-38E732D546E2: change Leader from null to f834217c-c8f6-4875-b0f2-58e9e124a81d at term 1 for appendEntries, leader elected after 5134ms
2019-11-17 12:11:10,516 [grpc-default-executor-1] INFO  ratis.XceiverServerRatis (XceiverServerRatis.java:handleLeaderChangedNotification(697)) - Leader change notification received for group: group-38E732D546E2 with new leaderId: f834217c-c8f6-4875-b0f2-58e9e124a81d
2019-11-17 12:11:10,517 [grpc-default-executor-1] INFO  impl.RaftServerImpl (ServerState.java:setLeader(255)) - f8c171d0-1f10-4cc7-96b8-2148e4362ba2@group-38E732D546E2: change Leader from null to f834217c-c8f6-4875-b0f2-58e9e124a81d at term 1 for appendEntries, leader elected after 5136ms
2019-11-17 12:11:10,523 [grpc-default-executor-1] INFO  impl.RaftServerImpl (ServerState.java:setRaftConf(356)) - 6e88a04a-eefd-4ce0-8615-e06a993968a7@group-38E732D546E2: set configuration 0: [f8c171d0-1f10-4cc7-96b8-2148e4362ba2:192.168.34.35:46263, f834217c-c8f6-4875-b0f2-58e9e124a81d:192.168.34.35:39697, 6e88a04a-eefd-4ce0-8615-e06a993968a7:192.168.34.35:33336], old=null at 0
2019-11-17 12:11:10,523 [grpc-default-executor-2] INFO  impl.RaftServerImpl (ServerState.java:setRaftConf(356)) - f8c171d0-1f10-4cc7-96b8-2148e4362ba2@group-38E732D546E2: set configuration 0: [f8c171d0-1f10-4cc7-96b8-2148e4362ba2:192.168.34.35:46263, f834217c-c8f6-4875-b0f2-58e9e124a81d:192.168.34.35:39697, 6e88a04a-eefd-4ce0-8615-e06a993968a7:192.168.34.35:33336], old=null at 0
2019-11-17 12:11:10,523 [grpc-default-executor-1] INFO  segmented.SegmentedRaftLogWorker (SegmentedRaftLogWorker.java:startLogSegment(385)) - 6e88a04a-eefd-4ce0-8615-e06a993968a7@group-38E732D546E2-SegmentedRaftLogWorker: Starting segment from index:0
2019-11-17 12:11:10,523 [grpc-default-executor-2] INFO  segmented.SegmentedRaftLogWorker (SegmentedRaftLogWorker.java:startLogSegment(385)) - f8c171d0-1f10-4cc7-96b8-2148e4362ba2@group-38E732D546E2-SegmentedRaftLogWorker: Starting segment from index:0
2019-11-17 12:11:10,525 [f834217c-c8f6-4875-b0f2-58e9e124a81d@group-38E732D546E2-SegmentedRaftLogWorker] INFO  segmented.SegmentedRaftLogWorker (SegmentedRaftLogWorker.java:execute(576)) - f834217c-c8f6-4875-b0f2-58e9e124a81d@group-38E732D546E2-SegmentedRaftLogWorker: created new log segment /workdir/hadoop-ozone/tools/target/test-dir/MiniOzoneClusterImpl-001153d4-cfdc-40b4-815d-d1451a38a209/datanode-1/data/ratis/027533ef-6557-4c71-b51d-38e732d546e2/current/log_inprogress_0
2019-11-17 12:11:10,569 [6e88a04a-eefd-4ce0-8615-e06a993968a7@group-38E732D546E2-SegmentedRaftLogWorker] INFO  segmented.SegmentedRaftLogWorker (SegmentedRaftLogWorker.java:execute(576)) - 6e88a04a-eefd-4ce0-8615-e06a993968a7@group-38E732D546E2-SegmentedRaftLogWorker: created new log segment /workdir/hadoop-ozone/tools/target/test-dir/MiniOzoneClusterImpl-001153d4-cfdc-40b4-815d-d1451a38a209/datanode-2/data/ratis/027533ef-6557-4c71-b51d-38e732d546e2/current/log_inprogress_0
2019-11-17 12:11:10,569 [f8c171d0-1f10-4cc7-96b8-2148e4362ba2@group-38E732D546E2-SegmentedRaftLogWorker] INFO  segmented.SegmentedRaftLogWorker (SegmentedRaftLogWorker.java:execute(576)) - f8c171d0-1f10-4cc7-96b8-2148e4362ba2@group-38E732D546E2-SegmentedRaftLogWorker: created new log segment /workdir/hadoop-ozone/tools/target/test-dir/MiniOzoneClusterImpl-001153d4-cfdc-40b4-815d-d1451a38a209/datanode-0/data/ratis/027533ef-6557-4c71-b51d-38e732d546e2/current/log_inprogress_0
]]></system-out>
    <system-err><![CDATA[ERROR StatusLogger No Log4j 2 configuration file found. Using default configuration (logging only errors to the console), or user programmatically provided configurations. Set system property 'log4j2.debug' to show Log4j 2 internal initialization logging. See https://logging.apache.org/log4j/2.x/manual/configuration.html for instructions on how to configure Log4j 2
]]></system-err>
  </testcase>
</testsuite>