<?xml version="1.0" encoding="UTF-8"?>
<testsuite xmlns:xsi="http://www.w3.org/2001/XMLSchema-instance" xsi:noNamespaceSchemaLocation="https://maven.apache.org/surefire/maven-surefire-plugin/xsd/surefire-test-report.xsd" name="org.apache.hadoop.ozone.freon.TestFreonWithPipelineDestroy" time="48.201" tests="1" errors="1" skipped="0" failures="0">
  <properties>
    <property name="awt.toolkit" value="sun.awt.X11.XToolkit"/>
    <property name="file.encoding.pkg" value="sun.io"/>
    <property name="java.specification.version" value="1.8"/>
    <property name="sun.cpu.isalist" value=""/>
    <property name="sun.jnu.encoding" value="ANSI_X3.4-1968"/>
    <property name="java.class.path" value="/workdir/hadoop-ozone/tools/target/test-classes:/workdir/hadoop-ozone/tools/target/classes:/home/user/.m2/repository/org/apache/hadoop/hadoop-ozone-ozone-manager/0.5.0-SNAPSHOT/hadoop-ozone-ozone-manager-0.5.0-SNAPSHOT.jar:/home/user/.m2/repository/org/apache/hadoop/hadoop-hdds-docs/0.5.0-SNAPSHOT/hadoop-hdds-docs-0.5.0-SNAPSHOT.jar:/home/user/.m2/repository/org/bouncycastle/bcprov-jdk15on/1.60/bcprov-jdk15on-1.60.jar:/home/user/.m2/repository/org/apache/hadoop/hadoop-ozone-common/0.5.0-SNAPSHOT/hadoop-ozone-common-0.5.0-SNAPSHOT.jar:/home/user/.m2/repository/org/apache/commons/commons-compress/1.4.1/commons-compress-1.4.1.jar:/home/user/.m2/repository/org/tukaani/xz/1.0/xz-1.0.jar:/home/user/.m2/repository/org/apache/hadoop/hadoop-hdfs-client/3.2.0/hadoop-hdfs-client-3.2.0.jar:/home/user/.m2/repository/com/fasterxml/jackson/core/jackson-annotations/2.9.9/jackson-annotations-2.9.9.jar:/home/user/.m2/repository/org/apache/hadoop/hadoop-hdds-common/0.5.0-SNAPSHOT/hadoop-hdds-common-0.5.0-SNAPSHOT.jar:/home/user/.m2/repository/org/apache/hadoop/hadoop-hdds-config/0.5.0-SNAPSHOT/hadoop-hdds-config-0.5.0-SNAPSHOT.jar:/home/user/.m2/repository/javax/annotation/javax.annotation-api/1.2/javax.annotation-api-1.2.jar:/home/user/.m2/repository/org/apache/ratis/ratis-server/0.5.0-d6d58d0-SNAPSHOT/ratis-server-0.5.0-d6d58d0-SNAPSHOT.jar:/home/user/.m2/repository/org/apache/ratis/ratis-thirdparty-misc/0.2.0/ratis-thirdparty-misc-0.2.0.jar:/home/user/.m2/repository/org/apache/ratis/ratis-proto/0.5.0-d6d58d0-SNAPSHOT/ratis-proto-0.5.0-d6d58d0-SNAPSHOT.jar:/home/user/.m2/repository/org/apache/ratis/ratis-common/0.5.0-d6d58d0-SNAPSHOT/ratis-common-0.5.0-d6d58d0-SNAPSHOT.jar:/home/user/.m2/repository/org/apache/ratis/ratis-client/0.5.0-d6d58d0-SNAPSHOT/ratis-client-0.5.0-d6d58d0-SNAPSHOT.jar:/home/user/.m2/repository/org/apache/ratis/ratis-metrics/0.5.0-d6d58d0-SNAPSHOT/ratis-metrics-0.5.0-d6d58d0-SNAPSHOT.jar:/home/user/.m2/repository/org/apache/ratis/ratis-netty/0.5.0-d6d58d0-SNAPSHOT/ratis-netty-0.5.0-d6d58d0-SNAPSHOT.jar:/home/user/.m2/repository/org/apache/ratis/ratis-grpc/0.5.0-d6d58d0-SNAPSHOT/ratis-grpc-0.5.0-d6d58d0-SNAPSHOT.jar:/home/user/.m2/repository/org/rocksdb/rocksdbjni/6.0.1/rocksdbjni-6.0.1.jar:/home/user/.m2/repository/org/apache/logging/log4j/log4j-api/2.11.0/log4j-api-2.11.0.jar:/home/user/.m2/repository/org/apache/logging/log4j/log4j-core/2.11.0/log4j-core-2.11.0.jar:/home/user/.m2/repository/com/lmax/disruptor/3.4.2/disruptor-3.4.2.jar:/home/user/.m2/repository/org/apache/commons/commons-pool2/2.6.0/commons-pool2-2.6.0.jar:/home/user/.m2/repository/org/bouncycastle/bcpkix-jdk15on/1.60/bcpkix-jdk15on-1.60.jar:/home/user/.m2/repository/commons-validator/commons-validator/1.6/commons-validator-1.6.jar:/home/user/.m2/repository/commons-digester/commons-digester/1.8.1/commons-digester-1.8.1.jar:/home/user/.m2/repository/io/jaegertracing/jaeger-client/0.34.0/jaeger-client-0.34.0.jar:/home/user/.m2/repository/io/jaegertracing/jaeger-thrift/0.34.0/jaeger-thrift-0.34.0.jar:/home/user/.m2/repository/org/apache/thrift/libthrift/0.12.0/libthrift-0.12.0.jar:/home/user/.m2/repository/com/squareup/okhttp3/okhttp/3.9.0/okhttp-3.9.0.jar:/home/user/.m2/repository/com/squareup/okio/okio/1.13.0/okio-1.13.0.jar:/home/user/.m2/repository/io/jaegertracing/jaeger-core/0.34.0/jaeger-core-0.34.0.jar:/home/user/.m2/repository/io/jaegertracing/jaeger-tracerresolver/0.34.0/jaeger-tracerresolver-0.34.0.jar:/home/user/.m2/repository/io/opentracing/contrib/opentracing-tracerresolver/0.1.5/opentracing-tracerresolver-0.1.5.jar:/home/user/.m2/repository/io/opentracing/opentracing-util/0.31.0/opentracing-util-0.31.0.jar:/home/user/.m2/repository/io/opentracing/opentracing-api/0.31.0/opentracing-api-0.31.0.jar:/home/user/.m2/repository/io/opentracing/opentracing-noop/0.31.0/opentracing-noop-0.31.0.jar:/home/user/.m2/repository/org/yaml/snakeyaml/1.16/snakeyaml-1.16.jar:/home/user/.m2/repository/org/apache/hadoop/hadoop-hdds-container-service/0.5.0-SNAPSHOT/hadoop-hdds-container-service-0.5.0-SNAPSHOT.jar:/home/user/.m2/repository/org/apache/hadoop/hadoop-hdds-client/0.5.0-SNAPSHOT/hadoop-hdds-client-0.5.0-SNAPSHOT.jar:/home/user/.m2/repository/org/apache/hadoop/hadoop-hdds-tools/0.5.0-SNAPSHOT/hadoop-hdds-tools-0.5.0-SNAPSHOT.jar:/home/user/.m2/repository/org/xerial/sqlite-jdbc/3.25.2/sqlite-jdbc-3.25.2.jar:/home/user/.m2/repository/org/apache/hadoop/hadoop-hdds-server-scm/0.5.0-SNAPSHOT/hadoop-hdds-server-scm-0.5.0-SNAPSHOT.jar:/home/user/.m2/repository/org/hamcrest/hamcrest-all/1.3/hamcrest-all-1.3.jar:/home/user/.m2/repository/info/picocli/picocli/3.9.6/picocli-3.9.6.jar:/home/user/.m2/repository/com/google/protobuf/protobuf-java/2.5.0/protobuf-java-2.5.0.jar:/home/user/.m2/repository/com/google/guava/guava/11.0.2/guava-11.0.2.jar:/home/user/.m2/repository/org/apache/hadoop/hadoop-ozone-client/0.5.0-SNAPSHOT/hadoop-ozone-client-0.5.0-SNAPSHOT.jar:/workdir/hadoop-ozone/ozonefs/target/classes:/home/user/.m2/repository/org/apache/httpcomponents/httpclient/4.5.2/httpclient-4.5.2.jar:/home/user/.m2/repository/org/apache/httpcomponents/httpcore/4.4.4/httpcore-4.4.4.jar:/home/user/.m2/repository/org/apache/hadoop/hadoop-hdds-server-framework/0.5.0-SNAPSHOT/hadoop-hdds-server-framework-0.5.0-SNAPSHOT.jar:/home/user/.m2/repository/org/apache/hadoop/hadoop-common/3.2.0/hadoop-common-3.2.0.jar:/home/user/.m2/repository/org/apache/hadoop/hadoop-annotations/3.2.0/hadoop-annotations-3.2.0.jar:/usr/lib/jvm/java-1.8.0-openjdk-1.8.0.222.b10-1.el7_7.x86_64/jre/../lib/tools.jar:/home/user/.m2/repository/commons-cli/commons-cli/1.2/commons-cli-1.2.jar:/home/user/.m2/repository/org/apache/commons/commons-math3/3.1.1/commons-math3-3.1.1.jar:/home/user/.m2/repository/commons-codec/commons-codec/1.11/commons-codec-1.11.jar:/home/user/.m2/repository/commons-io/commons-io/2.5/commons-io-2.5.jar:/home/user/.m2/repository/commons-net/commons-net/3.6/commons-net-3.6.jar:/home/user/.m2/repository/commons-collections/commons-collections/3.2.2/commons-collections-3.2.2.jar:/home/user/.m2/repository/javax/servlet/javax.servlet-api/3.1.0/javax.servlet-api-3.1.0.jar:/home/user/.m2/repository/org/eclipse/jetty/jetty-server/9.3.25.v20180904/jetty-server-9.3.25.v20180904.jar:/home/user/.m2/repository/org/eclipse/jetty/jetty-http/9.3.25.v20180904/jetty-http-9.3.25.v20180904.jar:/home/user/.m2/repository/org/eclipse/jetty/jetty-io/9.3.25.v20180904/jetty-io-9.3.25.v20180904.jar:/home/user/.m2/repository/org/eclipse/jetty/jetty-util/9.3.25.v20180904/jetty-util-9.3.25.v20180904.jar:/home/user/.m2/repository/org/eclipse/jetty/jetty-servlet/9.3.25.v20180904/jetty-servlet-9.3.25.v20180904.jar:/home/user/.m2/repository/org/eclipse/jetty/jetty-security/9.3.25.v20180904/jetty-security-9.3.25.v20180904.jar:/home/user/.m2/repository/org/eclipse/jetty/jetty-webapp/9.3.25.v20180904/jetty-webapp-9.3.25.v20180904.jar:/home/user/.m2/repository/org/eclipse/jetty/jetty-xml/9.3.25.v20180904/jetty-xml-9.3.25.v20180904.jar:/home/user/.m2/repository/javax/servlet/jsp/jsp-api/2.1/jsp-api-2.1.jar:/home/user/.m2/repository/com/sun/jersey/jersey-core/1.19/jersey-core-1.19.jar:/home/user/.m2/repository/javax/ws/rs/jsr311-api/1.1.1/jsr311-api-1.1.1.jar:/home/user/.m2/repository/com/sun/jersey/jersey-servlet/1.19/jersey-servlet-1.19.jar:/home/user/.m2/repository/com/sun/jersey/jersey-json/1.19/jersey-json-1.19.jar:/home/user/.m2/repository/org/codehaus/jettison/jettison/1.1/jettison-1.1.jar:/home/user/.m2/repository/com/sun/xml/bind/jaxb-impl/2.3.0.1/jaxb-impl-2.3.0.1.jar:/home/user/.m2/repository/org/codehaus/jackson/jackson-core-asl/1.9.13/jackson-core-asl-1.9.13.jar:/home/user/.m2/repository/org/codehaus/jackson/jackson-mapper-asl/1.9.13/jackson-mapper-asl-1.9.13.jar:/home/user/.m2/repository/org/codehaus/jackson/jackson-jaxrs/1.9.13/jackson-jaxrs-1.9.13.jar:/home/user/.m2/repository/org/codehaus/jackson/jackson-xc/1.9.13/jackson-xc-1.9.13.jar:/home/user/.m2/repository/com/sun/jersey/jersey-server/1.19/jersey-server-1.19.jar:/home/user/.m2/repository/commons-logging/commons-logging/1.1.3/commons-logging-1.1.3.jar:/home/user/.m2/repository/log4j/log4j/1.2.17/log4j-1.2.17.jar:/home/user/.m2/repository/commons-beanutils/commons-beanutils/1.9.4/commons-beanutils-1.9.4.jar:/home/user/.m2/repository/org/apache/commons/commons-configuration2/2.1.1/commons-configuration2-2.1.1.jar:/home/user/.m2/repository/org/apache/commons/commons-lang3/3.7/commons-lang3-3.7.jar:/home/user/.m2/repository/org/apache/commons/commons-text/1.4/commons-text-1.4.jar:/home/user/.m2/repository/org/slf4j/slf4j-api/1.7.25/slf4j-api-1.7.25.jar:/home/user/.m2/repository/org/slf4j/slf4j-log4j12/1.7.25/slf4j-log4j12-1.7.25.jar:/home/user/.m2/repository/org/apache/avro/avro/1.7.7/avro-1.7.7.jar:/home/user/.m2/repository/com/thoughtworks/paranamer/paranamer/2.3/paranamer-2.3.jar:/home/user/.m2/repository/org/xerial/snappy/snappy-java/1.0.5/snappy-java-1.0.5.jar:/home/user/.m2/repository/com/google/re2j/re2j/1.1/re2j-1.1.jar:/home/user/.m2/repository/com/google/code/gson/gson/2.2.4/gson-2.2.4.jar:/home/user/.m2/repository/org/apache/hadoop/hadoop-auth/3.2.0/hadoop-auth-3.2.0.jar:/home/user/.m2/repository/com/nimbusds/nimbus-jose-jwt/4.41.1/nimbus-jose-jwt-4.41.1.jar:/home/user/.m2/repository/com/github/stephenc/jcip/jcip-annotations/1.0-1/jcip-annotations-1.0-1.jar:/home/user/.m2/repository/net/minidev/json-smart/2.3/json-smart-2.3.jar:/home/user/.m2/repository/net/minidev/accessors-smart/1.2/accessors-smart-1.2.jar:/home/user/.m2/repository/org/apache/curator/curator-framework/2.12.0/curator-framework-2.12.0.jar:/home/user/.m2/repository/com/jcraft/jsch/0.1.54/jsch-0.1.54.jar:/home/user/.m2/repository/org/apache/curator/curator-client/2.12.0/curator-client-2.12.0.jar:/home/user/.m2/repository/org/apache/curator/curator-recipes/2.12.0/curator-recipes-2.12.0.jar:/home/user/.m2/repository/com/google/code/findbugs/jsr305/3.0.0/jsr305-3.0.0.jar:/home/user/.m2/repository/org/apache/htrace/htrace-core4/4.1.0-incubating/htrace-core4-4.1.0-incubating.jar:/home/user/.m2/repository/org/apache/zookeeper/zookeeper/3.4.13/zookeeper-3.4.13.jar:/home/user/.m2/repository/jline/jline/0.9.94/jline-0.9.94.jar:/home/user/.m2/repository/org/apache/yetus/audience-annotations/0.5.0/audience-annotations-0.5.0.jar:/home/user/.m2/repository/org/apache/kerby/kerb-simplekdc/1.0.1/kerb-simplekdc-1.0.1.jar:/home/user/.m2/repository/org/apache/kerby/kerb-client/1.0.1/kerb-client-1.0.1.jar:/home/user/.m2/repository/org/apache/kerby/kerby-config/1.0.1/kerby-config-1.0.1.jar:/home/user/.m2/repository/org/apache/kerby/kerb-core/1.0.1/kerb-core-1.0.1.jar:/home/user/.m2/repository/org/apache/kerby/kerby-pkix/1.0.1/kerby-pkix-1.0.1.jar:/home/user/.m2/repository/org/apache/kerby/kerby-asn1/1.0.1/kerby-asn1-1.0.1.jar:/home/user/.m2/repository/org/apache/kerby/kerby-util/1.0.1/kerby-util-1.0.1.jar:/home/user/.m2/repository/org/apache/kerby/kerb-common/1.0.1/kerb-common-1.0.1.jar:/home/user/.m2/repository/org/apache/kerby/kerb-crypto/1.0.1/kerb-crypto-1.0.1.jar:/home/user/.m2/repository/org/apache/kerby/kerb-util/1.0.1/kerb-util-1.0.1.jar:/home/user/.m2/repository/org/apache/kerby/token-provider/1.0.1/token-provider-1.0.1.jar:/home/user/.m2/repository/org/apache/kerby/kerb-admin/1.0.1/kerb-admin-1.0.1.jar:/home/user/.m2/repository/org/apache/kerby/kerb-server/1.0.1/kerb-server-1.0.1.jar:/home/user/.m2/repository/org/apache/kerby/kerb-identity/1.0.1/kerb-identity-1.0.1.jar:/home/user/.m2/repository/org/apache/kerby/kerby-xdr/1.0.1/kerby-xdr-1.0.1.jar:/home/user/.m2/repository/com/fasterxml/jackson/core/jackson-databind/2.9.9/jackson-databind-2.9.9.jar:/home/user/.m2/repository/com/fasterxml/jackson/core/jackson-core/2.9.9/jackson-core-2.9.9.jar:/home/user/.m2/repository/org/codehaus/woodstox/stax2-api/3.1.4/stax2-api-3.1.4.jar:/home/user/.m2/repository/com/fasterxml/woodstox/woodstox-core/5.0.3/woodstox-core-5.0.3.jar:/home/user/.m2/repository/dnsjava/dnsjava/2.1.7/dnsjava-2.1.7.jar:/home/user/.m2/repository/org/apache/hadoop/hadoop-hdfs/3.2.0/hadoop-hdfs-3.2.0.jar:/home/user/.m2/repository/org/eclipse/jetty/jetty-util-ajax/9.3.25.v20180904/jetty-util-ajax-9.3.25.v20180904.jar:/home/user/.m2/repository/commons-daemon/commons-daemon/1.0.13/commons-daemon-1.0.13.jar:/home/user/.m2/repository/io/netty/netty/3.10.5.Final/netty-3.10.5.Final.jar:/home/user/.m2/repository/io/netty/netty-all/4.0.52.Final/netty-all-4.0.52.Final.jar:/home/user/.m2/repository/org/fusesource/leveldbjni/leveldbjni-all/1.8/leveldbjni-all-1.8.jar:/home/user/.m2/repository/com/sun/xml/bind/jaxb-core/2.3.0.1/jaxb-core-2.3.0.1.jar:/home/user/.m2/repository/javax/xml/bind/jaxb-api/2.3.0/jaxb-api-2.3.0.jar:/home/user/.m2/repository/javax/activation/activation/1.1.1/activation-1.1.1.jar:/home/user/.m2/repository/org/openjdk/jmh/jmh-core/1.19/jmh-core-1.19.jar:/home/user/.m2/repository/net/sf/jopt-simple/jopt-simple/4.6/jopt-simple-4.6.jar:/home/user/.m2/repository/org/openjdk/jmh/jmh-generator-annprocess/1.19/jmh-generator-annprocess-1.19.jar:/home/user/.m2/repository/io/dropwizard/metrics/metrics-core/3.2.4/metrics-core-3.2.4.jar:/home/user/.m2/repository/com/amazonaws/aws-java-sdk-s3/1.11.615/aws-java-sdk-s3-1.11.615.jar:/home/user/.m2/repository/com/amazonaws/aws-java-sdk-kms/1.11.615/aws-java-sdk-kms-1.11.615.jar:/home/user/.m2/repository/com/amazonaws/aws-java-sdk-core/1.11.615/aws-java-sdk-core-1.11.615.jar:/home/user/.m2/repository/software/amazon/ion/ion-java/1.0.2/ion-java-1.0.2.jar:/home/user/.m2/repository/com/fasterxml/jackson/dataformat/jackson-dataformat-cbor/2.9.9/jackson-dataformat-cbor-2.9.9.jar:/home/user/.m2/repository/joda-time/joda-time/2.9.9/joda-time-2.9.9.jar:/home/user/.m2/repository/com/amazonaws/jmespath-java/1.11.615/jmespath-java-1.11.615.jar:/home/user/.m2/repository/com/github/spotbugs/spotbugs/3.1.12/spotbugs-3.1.12.jar:/home/user/.m2/repository/org/ow2/asm/asm/5.0.4/asm-5.0.4.jar:/home/user/.m2/repository/org/ow2/asm/asm-analysis/7.0/asm-analysis-7.0.jar:/home/user/.m2/repository/org/ow2/asm/asm-commons/7.0/asm-commons-7.0.jar:/home/user/.m2/repository/org/ow2/asm/asm-tree/7.0/asm-tree-7.0.jar:/home/user/.m2/repository/org/ow2/asm/asm-util/7.0/asm-util-7.0.jar:/home/user/.m2/repository/org/apache/bcel/bcel/6.3/bcel-6.3.jar:/home/user/.m2/repository/net/jcip/jcip-annotations/1.0/jcip-annotations-1.0.jar:/home/user/.m2/repository/org/dom4j/dom4j/2.1.1/dom4j-2.1.1.jar:/home/user/.m2/repository/jaxen/jaxen/1.1.6/jaxen-1.1.6.jar:/home/user/.m2/repository/commons-lang/commons-lang/2.6/commons-lang-2.6.jar:/home/user/.m2/repository/com/github/spotbugs/spotbugs-annotations/3.1.12/spotbugs-annotations-3.1.12.jar:/home/user/.m2/repository/junit/junit/4.11/junit-4.11.jar:/home/user/.m2/repository/org/hamcrest/hamcrest-core/1.3/hamcrest-core-1.3.jar:/home/user/.m2/repository/org/apache/hadoop/hadoop-common/3.2.0/hadoop-common-3.2.0-tests.jar:/workdir/hadoop-ozone/integration-test/target/test-classes:/home/user/.m2/repository/org/apache/hadoop/hadoop-ozone-s3gateway/0.5.0-SNAPSHOT/hadoop-ozone-s3gateway-0.5.0-SNAPSHOT.jar:/home/user/.m2/repository/org/jboss/weld/servlet/weld-servlet/2.4.7.Final/weld-servlet-2.4.7.Final.jar:/home/user/.m2/repository/org/glassfish/jersey/containers/jersey-container-servlet-core/2.27/jersey-container-servlet-core-2.27.jar:/home/user/.m2/repository/org/glassfish/hk2/external/javax.inject/2.5.0-b42/javax.inject-2.5.0-b42.jar:/home/user/.m2/repository/org/glassfish/jersey/core/jersey-common/2.27/jersey-common-2.27.jar:/home/user/.m2/repository/org/glassfish/hk2/osgi-resource-locator/1.0.1/osgi-resource-locator-1.0.1.jar:/home/user/.m2/repository/javax/ws/rs/javax.ws.rs-api/2.1/javax.ws.rs-api-2.1.jar:/home/user/.m2/repository/org/glassfish/jersey/ext/cdi/jersey-cdi1x/2.27/jersey-cdi1x-2.27.jar:/home/user/.m2/repository/org/glassfish/jersey/inject/jersey-hk2/2.27/jersey-hk2-2.27.jar:/home/user/.m2/repository/org/glassfish/hk2/hk2-locator/2.5.0-b42/hk2-locator-2.5.0-b42.jar:/home/user/.m2/repository/org/javassist/javassist/3.22.0-CR2/javassist-3.22.0-CR2.jar:/home/user/.m2/repository/org/glassfish/hk2/hk2-api/2.5.0/hk2-api-2.5.0.jar:/home/user/.m2/repository/org/glassfish/hk2/external/jakarta.inject/2.5.0/jakarta.inject-2.5.0.jar:/home/user/.m2/repository/org/glassfish/hk2/hk2-utils/2.5.0/hk2-utils-2.5.0.jar:/home/user/.m2/repository/jakarta/annotation/jakarta.annotation-api/1.3.4/jakarta.annotation-api-1.3.4.jar:/home/user/.m2/repository/org/glassfish/hk2/external/aopalliance-repackaged/2.5.0/aopalliance-repackaged-2.5.0.jar:/home/user/.m2/repository/com/fasterxml/jackson/dataformat/jackson-dataformat-xml/2.9.0/jackson-dataformat-xml-2.9.0.jar:/home/user/.m2/repository/com/fasterxml/jackson/module/jackson-module-jaxb-annotations/2.9.9/jackson-module-jaxb-annotations-2.9.9.jar:/home/user/.m2/repository/javax/enterprise/cdi-api/1.2/cdi-api-1.2.jar:/home/user/.m2/repository/javax/el/javax.el-api/3.0.0/javax.el-api-3.0.0.jar:/home/user/.m2/repository/javax/interceptor/javax.interceptor-api/1.2/javax.interceptor-api-1.2.jar:/home/user/.m2/repository/javax/inject/javax.inject/1/javax.inject-1.jar:/home/user/.m2/repository/org/apache/hadoop/hadoop-ozone-csi/0.5.0-SNAPSHOT/hadoop-ozone-csi-0.5.0-SNAPSHOT.jar:/home/user/.m2/repository/com/google/protobuf/protobuf-java-util/3.5.1/protobuf-java-util-3.5.1.jar:/home/user/.m2/repository/io/grpc/grpc-netty/1.17.1/grpc-netty-1.17.1.jar:/home/user/.m2/repository/io/grpc/grpc-core/1.17.1/grpc-core-1.17.1.jar:/home/user/.m2/repository/io/grpc/grpc-context/1.17.1/grpc-context-1.17.1.jar:/home/user/.m2/repository/com/google/errorprone/error_prone_annotations/2.2.0/error_prone_annotations-2.2.0.jar:/home/user/.m2/repository/org/codehaus/mojo/animal-sniffer-annotations/1.17/animal-sniffer-annotations-1.17.jar:/home/user/.m2/repository/io/opencensus/opencensus-api/0.17.0/opencensus-api-0.17.0.jar:/home/user/.m2/repository/io/opencensus/opencensus-contrib-grpc-metrics/0.17.0/opencensus-contrib-grpc-metrics-0.17.0.jar:/home/user/.m2/repository/io/netty/netty-codec-http2/4.1.30.Final/netty-codec-http2-4.1.30.Final.jar:/home/user/.m2/repository/io/netty/netty-codec-http/4.1.30.Final/netty-codec-http-4.1.30.Final.jar:/home/user/.m2/repository/io/netty/netty-codec/4.1.30.Final/netty-codec-4.1.30.Final.jar:/home/user/.m2/repository/io/netty/netty-handler/4.1.30.Final/netty-handler-4.1.30.Final.jar:/home/user/.m2/repository/io/netty/netty-handler-proxy/4.1.30.Final/netty-handler-proxy-4.1.30.Final.jar:/home/user/.m2/repository/io/netty/netty-codec-socks/4.1.30.Final/netty-codec-socks-4.1.30.Final.jar:/home/user/.m2/repository/io/netty/netty-transport-native-epoll/4.1.30.Final/netty-transport-native-epoll-4.1.30.Final.jar:/home/user/.m2/repository/io/netty/netty-common/4.1.30.Final/netty-common-4.1.30.Final.jar:/home/user/.m2/repository/io/netty/netty-buffer/4.1.30.Final/netty-buffer-4.1.30.Final.jar:/home/user/.m2/repository/io/netty/netty-transport/4.1.30.Final/netty-transport-4.1.30.Final.jar:/home/user/.m2/repository/io/netty/netty-resolver/4.1.30.Final/netty-resolver-4.1.30.Final.jar:/home/user/.m2/repository/io/netty/netty-transport-native-unix-common/4.1.30.Final/netty-transport-native-unix-common-4.1.30.Final.jar:/home/user/.m2/repository/io/grpc/grpc-protobuf/1.17.1/grpc-protobuf-1.17.1.jar:/home/user/.m2/repository/com/google/api/grpc/proto-google-common-protos/1.0.0/proto-google-common-protos-1.0.0.jar:/home/user/.m2/repository/io/grpc/grpc-protobuf-lite/1.17.1/grpc-protobuf-lite-1.17.1.jar:/home/user/.m2/repository/io/grpc/grpc-stub/1.17.1/grpc-stub-1.17.1.jar:/home/user/.m2/repository/org/apache/hadoop/hadoop-ozone-recon/0.5.0-SNAPSHOT/hadoop-ozone-recon-0.5.0-SNAPSHOT.jar:/home/user/.m2/repository/org/apache/hadoop/hadoop-ozone-reconcodegen/0.5.0-SNAPSHOT/hadoop-ozone-reconcodegen-0.5.0-SNAPSHOT.jar:/home/user/.m2/repository/com/google/inject/extensions/guice-multibindings/4.0/guice-multibindings-4.0.jar:/home/user/.m2/repository/com/google/inject/guice/4.0/guice-4.0.jar:/home/user/.m2/repository/aopalliance/aopalliance/1.0/aopalliance-1.0.jar:/home/user/.m2/repository/com/google/inject/extensions/guice-servlet/4.0/guice-servlet-4.0.jar:/home/user/.m2/repository/org/glassfish/jersey/containers/jersey-container-servlet/2.27/jersey-container-servlet-2.27.jar:/home/user/.m2/repository/org/glassfish/hk2/guice-bridge/2.5.0/guice-bridge-2.5.0.jar:/home/user/.m2/repository/org/glassfish/jersey/core/jersey-server/2.27/jersey-server-2.27.jar:/home/user/.m2/repository/org/glassfish/jersey/core/jersey-client/2.27/jersey-client-2.27.jar:/home/user/.m2/repository/org/glassfish/jersey/media/jersey-media-jaxb/2.27/jersey-media-jaxb-2.27.jar:/home/user/.m2/repository/javax/validation/validation-api/1.1.0.Final/validation-api-1.1.0.Final.jar:/home/user/.m2/repository/org/glassfish/jersey/media/jersey-media-json-jackson/2.27/jersey-media-json-jackson-2.27.jar:/home/user/.m2/repository/org/glassfish/jersey/ext/jersey-entity-filtering/2.27/jersey-entity-filtering-2.27.jar:/home/user/.m2/repository/com/google/inject/extensions/guice-assistedinject/4.0/guice-assistedinject-4.0.jar:/home/user/.m2/repository/org/jooq/jooq/3.11.10/jooq-3.11.10.jar:/home/user/.m2/repository/org/jooq/jooq-meta/3.11.10/jooq-meta-3.11.10.jar:/home/user/.m2/repository/org/jooq/jooq-codegen/3.11.10/jooq-codegen-3.11.10.jar:/home/user/.m2/repository/com/jolbox/bonecp/0.8.0.RELEASE/bonecp-0.8.0.RELEASE.jar:/home/user/.m2/repository/org/springframework/spring-jdbc/5.1.3.RELEASE/spring-jdbc-5.1.3.RELEASE.jar:/home/user/.m2/repository/org/springframework/spring-beans/5.1.3.RELEASE/spring-beans-5.1.3.RELEASE.jar:/home/user/.m2/repository/org/springframework/spring-core/5.1.3.RELEASE/spring-core-5.1.3.RELEASE.jar:/home/user/.m2/repository/org/springframework/spring-jcl/5.1.3.RELEASE/spring-jcl-5.1.3.RELEASE.jar:/home/user/.m2/repository/org/springframework/spring-tx/5.1.3.RELEASE/spring-tx-5.1.3.RELEASE.jar:/home/user/.m2/repository/org/mockito/mockito-core/2.15.0/mockito-core-2.15.0.jar:/home/user/.m2/repository/net/bytebuddy/byte-buddy/1.7.9/byte-buddy-1.7.9.jar:/home/user/.m2/repository/net/bytebuddy/byte-buddy-agent/1.7.9/byte-buddy-agent-1.7.9.jar:/home/user/.m2/repository/org/objenesis/objenesis/1.0/objenesis-1.0.jar:"/>
    <property name="java.vm.vendor" value="Oracle Corporation"/>
    <property name="sun.arch.data.model" value="64"/>
    <property name="test.build.dir" value="/workdir/hadoop-ozone/tools/target/test-dir"/>
    <property name="test.cache.data" value=""/>
    <property name="java.vendor.url" value="http://java.oracle.com/"/>
    <property name="user.timezone" value=""/>
    <property name="java.vm.specification.version" value="1.8"/>
    <property name="os.name" value="Linux"/>
    <property name="test.build.data" value="/workdir/hadoop-ozone/tools/target/test-dir"/>
    <property name="user.country" value="US"/>
    <property name="sun.java.launcher" value="SUN_STANDARD"/>
    <property name="sun.boot.library.path" value="/usr/lib/jvm/java-1.8.0-openjdk-1.8.0.222.b10-1.el7_7.x86_64/jre/lib/amd64"/>
    <property name="sun.java.command" value="/workdir/hadoop-ozone/tools/target/surefire/surefirebooter8574820446672366850.jar /workdir/hadoop-ozone/tools/target/surefire 2019-11-13T21-15-23_719-jvmRun1 surefire3992213442998608978tmp surefire_996724079886256381127tmp"/>
    <property name="surefire.test.class.path" value="/workdir/hadoop-ozone/tools/target/test-classes:/workdir/hadoop-ozone/tools/target/classes:/home/user/.m2/repository/org/apache/hadoop/hadoop-ozone-ozone-manager/0.5.0-SNAPSHOT/hadoop-ozone-ozone-manager-0.5.0-SNAPSHOT.jar:/home/user/.m2/repository/org/apache/hadoop/hadoop-hdds-docs/0.5.0-SNAPSHOT/hadoop-hdds-docs-0.5.0-SNAPSHOT.jar:/home/user/.m2/repository/org/bouncycastle/bcprov-jdk15on/1.60/bcprov-jdk15on-1.60.jar:/home/user/.m2/repository/org/apache/hadoop/hadoop-ozone-common/0.5.0-SNAPSHOT/hadoop-ozone-common-0.5.0-SNAPSHOT.jar:/home/user/.m2/repository/org/apache/commons/commons-compress/1.4.1/commons-compress-1.4.1.jar:/home/user/.m2/repository/org/tukaani/xz/1.0/xz-1.0.jar:/home/user/.m2/repository/org/apache/hadoop/hadoop-hdfs-client/3.2.0/hadoop-hdfs-client-3.2.0.jar:/home/user/.m2/repository/com/fasterxml/jackson/core/jackson-annotations/2.9.9/jackson-annotations-2.9.9.jar:/home/user/.m2/repository/org/apache/hadoop/hadoop-hdds-common/0.5.0-SNAPSHOT/hadoop-hdds-common-0.5.0-SNAPSHOT.jar:/home/user/.m2/repository/org/apache/hadoop/hadoop-hdds-config/0.5.0-SNAPSHOT/hadoop-hdds-config-0.5.0-SNAPSHOT.jar:/home/user/.m2/repository/javax/annotation/javax.annotation-api/1.2/javax.annotation-api-1.2.jar:/home/user/.m2/repository/org/apache/ratis/ratis-server/0.5.0-d6d58d0-SNAPSHOT/ratis-server-0.5.0-d6d58d0-SNAPSHOT.jar:/home/user/.m2/repository/org/apache/ratis/ratis-thirdparty-misc/0.2.0/ratis-thirdparty-misc-0.2.0.jar:/home/user/.m2/repository/org/apache/ratis/ratis-proto/0.5.0-d6d58d0-SNAPSHOT/ratis-proto-0.5.0-d6d58d0-SNAPSHOT.jar:/home/user/.m2/repository/org/apache/ratis/ratis-common/0.5.0-d6d58d0-SNAPSHOT/ratis-common-0.5.0-d6d58d0-SNAPSHOT.jar:/home/user/.m2/repository/org/apache/ratis/ratis-client/0.5.0-d6d58d0-SNAPSHOT/ratis-client-0.5.0-d6d58d0-SNAPSHOT.jar:/home/user/.m2/repository/org/apache/ratis/ratis-metrics/0.5.0-d6d58d0-SNAPSHOT/ratis-metrics-0.5.0-d6d58d0-SNAPSHOT.jar:/home/user/.m2/repository/org/apache/ratis/ratis-netty/0.5.0-d6d58d0-SNAPSHOT/ratis-netty-0.5.0-d6d58d0-SNAPSHOT.jar:/home/user/.m2/repository/org/apache/ratis/ratis-grpc/0.5.0-d6d58d0-SNAPSHOT/ratis-grpc-0.5.0-d6d58d0-SNAPSHOT.jar:/home/user/.m2/repository/org/rocksdb/rocksdbjni/6.0.1/rocksdbjni-6.0.1.jar:/home/user/.m2/repository/org/apache/logging/log4j/log4j-api/2.11.0/log4j-api-2.11.0.jar:/home/user/.m2/repository/org/apache/logging/log4j/log4j-core/2.11.0/log4j-core-2.11.0.jar:/home/user/.m2/repository/com/lmax/disruptor/3.4.2/disruptor-3.4.2.jar:/home/user/.m2/repository/org/apache/commons/commons-pool2/2.6.0/commons-pool2-2.6.0.jar:/home/user/.m2/repository/org/bouncycastle/bcpkix-jdk15on/1.60/bcpkix-jdk15on-1.60.jar:/home/user/.m2/repository/commons-validator/commons-validator/1.6/commons-validator-1.6.jar:/home/user/.m2/repository/commons-digester/commons-digester/1.8.1/commons-digester-1.8.1.jar:/home/user/.m2/repository/io/jaegertracing/jaeger-client/0.34.0/jaeger-client-0.34.0.jar:/home/user/.m2/repository/io/jaegertracing/jaeger-thrift/0.34.0/jaeger-thrift-0.34.0.jar:/home/user/.m2/repository/org/apache/thrift/libthrift/0.12.0/libthrift-0.12.0.jar:/home/user/.m2/repository/com/squareup/okhttp3/okhttp/3.9.0/okhttp-3.9.0.jar:/home/user/.m2/repository/com/squareup/okio/okio/1.13.0/okio-1.13.0.jar:/home/user/.m2/repository/io/jaegertracing/jaeger-core/0.34.0/jaeger-core-0.34.0.jar:/home/user/.m2/repository/io/jaegertracing/jaeger-tracerresolver/0.34.0/jaeger-tracerresolver-0.34.0.jar:/home/user/.m2/repository/io/opentracing/contrib/opentracing-tracerresolver/0.1.5/opentracing-tracerresolver-0.1.5.jar:/home/user/.m2/repository/io/opentracing/opentracing-util/0.31.0/opentracing-util-0.31.0.jar:/home/user/.m2/repository/io/opentracing/opentracing-api/0.31.0/opentracing-api-0.31.0.jar:/home/user/.m2/repository/io/opentracing/opentracing-noop/0.31.0/opentracing-noop-0.31.0.jar:/home/user/.m2/repository/org/yaml/snakeyaml/1.16/snakeyaml-1.16.jar:/home/user/.m2/repository/org/apache/hadoop/hadoop-hdds-container-service/0.5.0-SNAPSHOT/hadoop-hdds-container-service-0.5.0-SNAPSHOT.jar:/home/user/.m2/repository/org/apache/hadoop/hadoop-hdds-client/0.5.0-SNAPSHOT/hadoop-hdds-client-0.5.0-SNAPSHOT.jar:/home/user/.m2/repository/org/apache/hadoop/hadoop-hdds-tools/0.5.0-SNAPSHOT/hadoop-hdds-tools-0.5.0-SNAPSHOT.jar:/home/user/.m2/repository/org/xerial/sqlite-jdbc/3.25.2/sqlite-jdbc-3.25.2.jar:/home/user/.m2/repository/org/apache/hadoop/hadoop-hdds-server-scm/0.5.0-SNAPSHOT/hadoop-hdds-server-scm-0.5.0-SNAPSHOT.jar:/home/user/.m2/repository/org/hamcrest/hamcrest-all/1.3/hamcrest-all-1.3.jar:/home/user/.m2/repository/info/picocli/picocli/3.9.6/picocli-3.9.6.jar:/home/user/.m2/repository/com/google/protobuf/protobuf-java/2.5.0/protobuf-java-2.5.0.jar:/home/user/.m2/repository/com/google/guava/guava/11.0.2/guava-11.0.2.jar:/home/user/.m2/repository/org/apache/hadoop/hadoop-ozone-client/0.5.0-SNAPSHOT/hadoop-ozone-client-0.5.0-SNAPSHOT.jar:/workdir/hadoop-ozone/ozonefs/target/classes:/home/user/.m2/repository/org/apache/httpcomponents/httpclient/4.5.2/httpclient-4.5.2.jar:/home/user/.m2/repository/org/apache/httpcomponents/httpcore/4.4.4/httpcore-4.4.4.jar:/home/user/.m2/repository/org/apache/hadoop/hadoop-hdds-server-framework/0.5.0-SNAPSHOT/hadoop-hdds-server-framework-0.5.0-SNAPSHOT.jar:/home/user/.m2/repository/org/apache/hadoop/hadoop-common/3.2.0/hadoop-common-3.2.0.jar:/home/user/.m2/repository/org/apache/hadoop/hadoop-annotations/3.2.0/hadoop-annotations-3.2.0.jar:/usr/lib/jvm/java-1.8.0-openjdk-1.8.0.222.b10-1.el7_7.x86_64/jre/../lib/tools.jar:/home/user/.m2/repository/commons-cli/commons-cli/1.2/commons-cli-1.2.jar:/home/user/.m2/repository/org/apache/commons/commons-math3/3.1.1/commons-math3-3.1.1.jar:/home/user/.m2/repository/commons-codec/commons-codec/1.11/commons-codec-1.11.jar:/home/user/.m2/repository/commons-io/commons-io/2.5/commons-io-2.5.jar:/home/user/.m2/repository/commons-net/commons-net/3.6/commons-net-3.6.jar:/home/user/.m2/repository/commons-collections/commons-collections/3.2.2/commons-collections-3.2.2.jar:/home/user/.m2/repository/javax/servlet/javax.servlet-api/3.1.0/javax.servlet-api-3.1.0.jar:/home/user/.m2/repository/org/eclipse/jetty/jetty-server/9.3.25.v20180904/jetty-server-9.3.25.v20180904.jar:/home/user/.m2/repository/org/eclipse/jetty/jetty-http/9.3.25.v20180904/jetty-http-9.3.25.v20180904.jar:/home/user/.m2/repository/org/eclipse/jetty/jetty-io/9.3.25.v20180904/jetty-io-9.3.25.v20180904.jar:/home/user/.m2/repository/org/eclipse/jetty/jetty-util/9.3.25.v20180904/jetty-util-9.3.25.v20180904.jar:/home/user/.m2/repository/org/eclipse/jetty/jetty-servlet/9.3.25.v20180904/jetty-servlet-9.3.25.v20180904.jar:/home/user/.m2/repository/org/eclipse/jetty/jetty-security/9.3.25.v20180904/jetty-security-9.3.25.v20180904.jar:/home/user/.m2/repository/org/eclipse/jetty/jetty-webapp/9.3.25.v20180904/jetty-webapp-9.3.25.v20180904.jar:/home/user/.m2/repository/org/eclipse/jetty/jetty-xml/9.3.25.v20180904/jetty-xml-9.3.25.v20180904.jar:/home/user/.m2/repository/javax/servlet/jsp/jsp-api/2.1/jsp-api-2.1.jar:/home/user/.m2/repository/com/sun/jersey/jersey-core/1.19/jersey-core-1.19.jar:/home/user/.m2/repository/javax/ws/rs/jsr311-api/1.1.1/jsr311-api-1.1.1.jar:/home/user/.m2/repository/com/sun/jersey/jersey-servlet/1.19/jersey-servlet-1.19.jar:/home/user/.m2/repository/com/sun/jersey/jersey-json/1.19/jersey-json-1.19.jar:/home/user/.m2/repository/org/codehaus/jettison/jettison/1.1/jettison-1.1.jar:/home/user/.m2/repository/com/sun/xml/bind/jaxb-impl/2.3.0.1/jaxb-impl-2.3.0.1.jar:/home/user/.m2/repository/org/codehaus/jackson/jackson-core-asl/1.9.13/jackson-core-asl-1.9.13.jar:/home/user/.m2/repository/org/codehaus/jackson/jackson-mapper-asl/1.9.13/jackson-mapper-asl-1.9.13.jar:/home/user/.m2/repository/org/codehaus/jackson/jackson-jaxrs/1.9.13/jackson-jaxrs-1.9.13.jar:/home/user/.m2/repository/org/codehaus/jackson/jackson-xc/1.9.13/jackson-xc-1.9.13.jar:/home/user/.m2/repository/com/sun/jersey/jersey-server/1.19/jersey-server-1.19.jar:/home/user/.m2/repository/commons-logging/commons-logging/1.1.3/commons-logging-1.1.3.jar:/home/user/.m2/repository/log4j/log4j/1.2.17/log4j-1.2.17.jar:/home/user/.m2/repository/commons-beanutils/commons-beanutils/1.9.4/commons-beanutils-1.9.4.jar:/home/user/.m2/repository/org/apache/commons/commons-configuration2/2.1.1/commons-configuration2-2.1.1.jar:/home/user/.m2/repository/org/apache/commons/commons-lang3/3.7/commons-lang3-3.7.jar:/home/user/.m2/repository/org/apache/commons/commons-text/1.4/commons-text-1.4.jar:/home/user/.m2/repository/org/slf4j/slf4j-api/1.7.25/slf4j-api-1.7.25.jar:/home/user/.m2/repository/org/slf4j/slf4j-log4j12/1.7.25/slf4j-log4j12-1.7.25.jar:/home/user/.m2/repository/org/apache/avro/avro/1.7.7/avro-1.7.7.jar:/home/user/.m2/repository/com/thoughtworks/paranamer/paranamer/2.3/paranamer-2.3.jar:/home/user/.m2/repository/org/xerial/snappy/snappy-java/1.0.5/snappy-java-1.0.5.jar:/home/user/.m2/repository/com/google/re2j/re2j/1.1/re2j-1.1.jar:/home/user/.m2/repository/com/google/code/gson/gson/2.2.4/gson-2.2.4.jar:/home/user/.m2/repository/org/apache/hadoop/hadoop-auth/3.2.0/hadoop-auth-3.2.0.jar:/home/user/.m2/repository/com/nimbusds/nimbus-jose-jwt/4.41.1/nimbus-jose-jwt-4.41.1.jar:/home/user/.m2/repository/com/github/stephenc/jcip/jcip-annotations/1.0-1/jcip-annotations-1.0-1.jar:/home/user/.m2/repository/net/minidev/json-smart/2.3/json-smart-2.3.jar:/home/user/.m2/repository/net/minidev/accessors-smart/1.2/accessors-smart-1.2.jar:/home/user/.m2/repository/org/apache/curator/curator-framework/2.12.0/curator-framework-2.12.0.jar:/home/user/.m2/repository/com/jcraft/jsch/0.1.54/jsch-0.1.54.jar:/home/user/.m2/repository/org/apache/curator/curator-client/2.12.0/curator-client-2.12.0.jar:/home/user/.m2/repository/org/apache/curator/curator-recipes/2.12.0/curator-recipes-2.12.0.jar:/home/user/.m2/repository/com/google/code/findbugs/jsr305/3.0.0/jsr305-3.0.0.jar:/home/user/.m2/repository/org/apache/htrace/htrace-core4/4.1.0-incubating/htrace-core4-4.1.0-incubating.jar:/home/user/.m2/repository/org/apache/zookeeper/zookeeper/3.4.13/zookeeper-3.4.13.jar:/home/user/.m2/repository/jline/jline/0.9.94/jline-0.9.94.jar:/home/user/.m2/repository/org/apache/yetus/audience-annotations/0.5.0/audience-annotations-0.5.0.jar:/home/user/.m2/repository/org/apache/kerby/kerb-simplekdc/1.0.1/kerb-simplekdc-1.0.1.jar:/home/user/.m2/repository/org/apache/kerby/kerb-client/1.0.1/kerb-client-1.0.1.jar:/home/user/.m2/repository/org/apache/kerby/kerby-config/1.0.1/kerby-config-1.0.1.jar:/home/user/.m2/repository/org/apache/kerby/kerb-core/1.0.1/kerb-core-1.0.1.jar:/home/user/.m2/repository/org/apache/kerby/kerby-pkix/1.0.1/kerby-pkix-1.0.1.jar:/home/user/.m2/repository/org/apache/kerby/kerby-asn1/1.0.1/kerby-asn1-1.0.1.jar:/home/user/.m2/repository/org/apache/kerby/kerby-util/1.0.1/kerby-util-1.0.1.jar:/home/user/.m2/repository/org/apache/kerby/kerb-common/1.0.1/kerb-common-1.0.1.jar:/home/user/.m2/repository/org/apache/kerby/kerb-crypto/1.0.1/kerb-crypto-1.0.1.jar:/home/user/.m2/repository/org/apache/kerby/kerb-util/1.0.1/kerb-util-1.0.1.jar:/home/user/.m2/repository/org/apache/kerby/token-provider/1.0.1/token-provider-1.0.1.jar:/home/user/.m2/repository/org/apache/kerby/kerb-admin/1.0.1/kerb-admin-1.0.1.jar:/home/user/.m2/repository/org/apache/kerby/kerb-server/1.0.1/kerb-server-1.0.1.jar:/home/user/.m2/repository/org/apache/kerby/kerb-identity/1.0.1/kerb-identity-1.0.1.jar:/home/user/.m2/repository/org/apache/kerby/kerby-xdr/1.0.1/kerby-xdr-1.0.1.jar:/home/user/.m2/repository/com/fasterxml/jackson/core/jackson-databind/2.9.9/jackson-databind-2.9.9.jar:/home/user/.m2/repository/com/fasterxml/jackson/core/jackson-core/2.9.9/jackson-core-2.9.9.jar:/home/user/.m2/repository/org/codehaus/woodstox/stax2-api/3.1.4/stax2-api-3.1.4.jar:/home/user/.m2/repository/com/fasterxml/woodstox/woodstox-core/5.0.3/woodstox-core-5.0.3.jar:/home/user/.m2/repository/dnsjava/dnsjava/2.1.7/dnsjava-2.1.7.jar:/home/user/.m2/repository/org/apache/hadoop/hadoop-hdfs/3.2.0/hadoop-hdfs-3.2.0.jar:/home/user/.m2/repository/org/eclipse/jetty/jetty-util-ajax/9.3.25.v20180904/jetty-util-ajax-9.3.25.v20180904.jar:/home/user/.m2/repository/commons-daemon/commons-daemon/1.0.13/commons-daemon-1.0.13.jar:/home/user/.m2/repository/io/netty/netty/3.10.5.Final/netty-3.10.5.Final.jar:/home/user/.m2/repository/io/netty/netty-all/4.0.52.Final/netty-all-4.0.52.Final.jar:/home/user/.m2/repository/org/fusesource/leveldbjni/leveldbjni-all/1.8/leveldbjni-all-1.8.jar:/home/user/.m2/repository/com/sun/xml/bind/jaxb-core/2.3.0.1/jaxb-core-2.3.0.1.jar:/home/user/.m2/repository/javax/xml/bind/jaxb-api/2.3.0/jaxb-api-2.3.0.jar:/home/user/.m2/repository/javax/activation/activation/1.1.1/activation-1.1.1.jar:/home/user/.m2/repository/org/openjdk/jmh/jmh-core/1.19/jmh-core-1.19.jar:/home/user/.m2/repository/net/sf/jopt-simple/jopt-simple/4.6/jopt-simple-4.6.jar:/home/user/.m2/repository/org/openjdk/jmh/jmh-generator-annprocess/1.19/jmh-generator-annprocess-1.19.jar:/home/user/.m2/repository/io/dropwizard/metrics/metrics-core/3.2.4/metrics-core-3.2.4.jar:/home/user/.m2/repository/com/amazonaws/aws-java-sdk-s3/1.11.615/aws-java-sdk-s3-1.11.615.jar:/home/user/.m2/repository/com/amazonaws/aws-java-sdk-kms/1.11.615/aws-java-sdk-kms-1.11.615.jar:/home/user/.m2/repository/com/amazonaws/aws-java-sdk-core/1.11.615/aws-java-sdk-core-1.11.615.jar:/home/user/.m2/repository/software/amazon/ion/ion-java/1.0.2/ion-java-1.0.2.jar:/home/user/.m2/repository/com/fasterxml/jackson/dataformat/jackson-dataformat-cbor/2.9.9/jackson-dataformat-cbor-2.9.9.jar:/home/user/.m2/repository/joda-time/joda-time/2.9.9/joda-time-2.9.9.jar:/home/user/.m2/repository/com/amazonaws/jmespath-java/1.11.615/jmespath-java-1.11.615.jar:/home/user/.m2/repository/com/github/spotbugs/spotbugs/3.1.12/spotbugs-3.1.12.jar:/home/user/.m2/repository/org/ow2/asm/asm/5.0.4/asm-5.0.4.jar:/home/user/.m2/repository/org/ow2/asm/asm-analysis/7.0/asm-analysis-7.0.jar:/home/user/.m2/repository/org/ow2/asm/asm-commons/7.0/asm-commons-7.0.jar:/home/user/.m2/repository/org/ow2/asm/asm-tree/7.0/asm-tree-7.0.jar:/home/user/.m2/repository/org/ow2/asm/asm-util/7.0/asm-util-7.0.jar:/home/user/.m2/repository/org/apache/bcel/bcel/6.3/bcel-6.3.jar:/home/user/.m2/repository/net/jcip/jcip-annotations/1.0/jcip-annotations-1.0.jar:/home/user/.m2/repository/org/dom4j/dom4j/2.1.1/dom4j-2.1.1.jar:/home/user/.m2/repository/jaxen/jaxen/1.1.6/jaxen-1.1.6.jar:/home/user/.m2/repository/commons-lang/commons-lang/2.6/commons-lang-2.6.jar:/home/user/.m2/repository/com/github/spotbugs/spotbugs-annotations/3.1.12/spotbugs-annotations-3.1.12.jar:/home/user/.m2/repository/junit/junit/4.11/junit-4.11.jar:/home/user/.m2/repository/org/hamcrest/hamcrest-core/1.3/hamcrest-core-1.3.jar:/home/user/.m2/repository/org/apache/hadoop/hadoop-common/3.2.0/hadoop-common-3.2.0-tests.jar:/workdir/hadoop-ozone/integration-test/target/test-classes:/home/user/.m2/repository/org/apache/hadoop/hadoop-ozone-s3gateway/0.5.0-SNAPSHOT/hadoop-ozone-s3gateway-0.5.0-SNAPSHOT.jar:/home/user/.m2/repository/org/jboss/weld/servlet/weld-servlet/2.4.7.Final/weld-servlet-2.4.7.Final.jar:/home/user/.m2/repository/org/glassfish/jersey/containers/jersey-container-servlet-core/2.27/jersey-container-servlet-core-2.27.jar:/home/user/.m2/repository/org/glassfish/hk2/external/javax.inject/2.5.0-b42/javax.inject-2.5.0-b42.jar:/home/user/.m2/repository/org/glassfish/jersey/core/jersey-common/2.27/jersey-common-2.27.jar:/home/user/.m2/repository/org/glassfish/hk2/osgi-resource-locator/1.0.1/osgi-resource-locator-1.0.1.jar:/home/user/.m2/repository/javax/ws/rs/javax.ws.rs-api/2.1/javax.ws.rs-api-2.1.jar:/home/user/.m2/repository/org/glassfish/jersey/ext/cdi/jersey-cdi1x/2.27/jersey-cdi1x-2.27.jar:/home/user/.m2/repository/org/glassfish/jersey/inject/jersey-hk2/2.27/jersey-hk2-2.27.jar:/home/user/.m2/repository/org/glassfish/hk2/hk2-locator/2.5.0-b42/hk2-locator-2.5.0-b42.jar:/home/user/.m2/repository/org/javassist/javassist/3.22.0-CR2/javassist-3.22.0-CR2.jar:/home/user/.m2/repository/org/glassfish/hk2/hk2-api/2.5.0/hk2-api-2.5.0.jar:/home/user/.m2/repository/org/glassfish/hk2/external/jakarta.inject/2.5.0/jakarta.inject-2.5.0.jar:/home/user/.m2/repository/org/glassfish/hk2/hk2-utils/2.5.0/hk2-utils-2.5.0.jar:/home/user/.m2/repository/jakarta/annotation/jakarta.annotation-api/1.3.4/jakarta.annotation-api-1.3.4.jar:/home/user/.m2/repository/org/glassfish/hk2/external/aopalliance-repackaged/2.5.0/aopalliance-repackaged-2.5.0.jar:/home/user/.m2/repository/com/fasterxml/jackson/dataformat/jackson-dataformat-xml/2.9.0/jackson-dataformat-xml-2.9.0.jar:/home/user/.m2/repository/com/fasterxml/jackson/module/jackson-module-jaxb-annotations/2.9.9/jackson-module-jaxb-annotations-2.9.9.jar:/home/user/.m2/repository/javax/enterprise/cdi-api/1.2/cdi-api-1.2.jar:/home/user/.m2/repository/javax/el/javax.el-api/3.0.0/javax.el-api-3.0.0.jar:/home/user/.m2/repository/javax/interceptor/javax.interceptor-api/1.2/javax.interceptor-api-1.2.jar:/home/user/.m2/repository/javax/inject/javax.inject/1/javax.inject-1.jar:/home/user/.m2/repository/org/apache/hadoop/hadoop-ozone-csi/0.5.0-SNAPSHOT/hadoop-ozone-csi-0.5.0-SNAPSHOT.jar:/home/user/.m2/repository/com/google/protobuf/protobuf-java-util/3.5.1/protobuf-java-util-3.5.1.jar:/home/user/.m2/repository/io/grpc/grpc-netty/1.17.1/grpc-netty-1.17.1.jar:/home/user/.m2/repository/io/grpc/grpc-core/1.17.1/grpc-core-1.17.1.jar:/home/user/.m2/repository/io/grpc/grpc-context/1.17.1/grpc-context-1.17.1.jar:/home/user/.m2/repository/com/google/errorprone/error_prone_annotations/2.2.0/error_prone_annotations-2.2.0.jar:/home/user/.m2/repository/org/codehaus/mojo/animal-sniffer-annotations/1.17/animal-sniffer-annotations-1.17.jar:/home/user/.m2/repository/io/opencensus/opencensus-api/0.17.0/opencensus-api-0.17.0.jar:/home/user/.m2/repository/io/opencensus/opencensus-contrib-grpc-metrics/0.17.0/opencensus-contrib-grpc-metrics-0.17.0.jar:/home/user/.m2/repository/io/netty/netty-codec-http2/4.1.30.Final/netty-codec-http2-4.1.30.Final.jar:/home/user/.m2/repository/io/netty/netty-codec-http/4.1.30.Final/netty-codec-http-4.1.30.Final.jar:/home/user/.m2/repository/io/netty/netty-codec/4.1.30.Final/netty-codec-4.1.30.Final.jar:/home/user/.m2/repository/io/netty/netty-handler/4.1.30.Final/netty-handler-4.1.30.Final.jar:/home/user/.m2/repository/io/netty/netty-handler-proxy/4.1.30.Final/netty-handler-proxy-4.1.30.Final.jar:/home/user/.m2/repository/io/netty/netty-codec-socks/4.1.30.Final/netty-codec-socks-4.1.30.Final.jar:/home/user/.m2/repository/io/netty/netty-transport-native-epoll/4.1.30.Final/netty-transport-native-epoll-4.1.30.Final.jar:/home/user/.m2/repository/io/netty/netty-common/4.1.30.Final/netty-common-4.1.30.Final.jar:/home/user/.m2/repository/io/netty/netty-buffer/4.1.30.Final/netty-buffer-4.1.30.Final.jar:/home/user/.m2/repository/io/netty/netty-transport/4.1.30.Final/netty-transport-4.1.30.Final.jar:/home/user/.m2/repository/io/netty/netty-resolver/4.1.30.Final/netty-resolver-4.1.30.Final.jar:/home/user/.m2/repository/io/netty/netty-transport-native-unix-common/4.1.30.Final/netty-transport-native-unix-common-4.1.30.Final.jar:/home/user/.m2/repository/io/grpc/grpc-protobuf/1.17.1/grpc-protobuf-1.17.1.jar:/home/user/.m2/repository/com/google/api/grpc/proto-google-common-protos/1.0.0/proto-google-common-protos-1.0.0.jar:/home/user/.m2/repository/io/grpc/grpc-protobuf-lite/1.17.1/grpc-protobuf-lite-1.17.1.jar:/home/user/.m2/repository/io/grpc/grpc-stub/1.17.1/grpc-stub-1.17.1.jar:/home/user/.m2/repository/org/apache/hadoop/hadoop-ozone-recon/0.5.0-SNAPSHOT/hadoop-ozone-recon-0.5.0-SNAPSHOT.jar:/home/user/.m2/repository/org/apache/hadoop/hadoop-ozone-reconcodegen/0.5.0-SNAPSHOT/hadoop-ozone-reconcodegen-0.5.0-SNAPSHOT.jar:/home/user/.m2/repository/com/google/inject/extensions/guice-multibindings/4.0/guice-multibindings-4.0.jar:/home/user/.m2/repository/com/google/inject/guice/4.0/guice-4.0.jar:/home/user/.m2/repository/aopalliance/aopalliance/1.0/aopalliance-1.0.jar:/home/user/.m2/repository/com/google/inject/extensions/guice-servlet/4.0/guice-servlet-4.0.jar:/home/user/.m2/repository/org/glassfish/jersey/containers/jersey-container-servlet/2.27/jersey-container-servlet-2.27.jar:/home/user/.m2/repository/org/glassfish/hk2/guice-bridge/2.5.0/guice-bridge-2.5.0.jar:/home/user/.m2/repository/org/glassfish/jersey/core/jersey-server/2.27/jersey-server-2.27.jar:/home/user/.m2/repository/org/glassfish/jersey/core/jersey-client/2.27/jersey-client-2.27.jar:/home/user/.m2/repository/org/glassfish/jersey/media/jersey-media-jaxb/2.27/jersey-media-jaxb-2.27.jar:/home/user/.m2/repository/javax/validation/validation-api/1.1.0.Final/validation-api-1.1.0.Final.jar:/home/user/.m2/repository/org/glassfish/jersey/media/jersey-media-json-jackson/2.27/jersey-media-json-jackson-2.27.jar:/home/user/.m2/repository/org/glassfish/jersey/ext/jersey-entity-filtering/2.27/jersey-entity-filtering-2.27.jar:/home/user/.m2/repository/com/google/inject/extensions/guice-assistedinject/4.0/guice-assistedinject-4.0.jar:/home/user/.m2/repository/org/jooq/jooq/3.11.10/jooq-3.11.10.jar:/home/user/.m2/repository/org/jooq/jooq-meta/3.11.10/jooq-meta-3.11.10.jar:/home/user/.m2/repository/org/jooq/jooq-codegen/3.11.10/jooq-codegen-3.11.10.jar:/home/user/.m2/repository/com/jolbox/bonecp/0.8.0.RELEASE/bonecp-0.8.0.RELEASE.jar:/home/user/.m2/repository/org/springframework/spring-jdbc/5.1.3.RELEASE/spring-jdbc-5.1.3.RELEASE.jar:/home/user/.m2/repository/org/springframework/spring-beans/5.1.3.RELEASE/spring-beans-5.1.3.RELEASE.jar:/home/user/.m2/repository/org/springframework/spring-core/5.1.3.RELEASE/spring-core-5.1.3.RELEASE.jar:/home/user/.m2/repository/org/springframework/spring-jcl/5.1.3.RELEASE/spring-jcl-5.1.3.RELEASE.jar:/home/user/.m2/repository/org/springframework/spring-tx/5.1.3.RELEASE/spring-tx-5.1.3.RELEASE.jar:/home/user/.m2/repository/org/mockito/mockito-core/2.15.0/mockito-core-2.15.0.jar:/home/user/.m2/repository/net/bytebuddy/byte-buddy/1.7.9/byte-buddy-1.7.9.jar:/home/user/.m2/repository/net/bytebuddy/byte-buddy-agent/1.7.9/byte-buddy-agent-1.7.9.jar:/home/user/.m2/repository/org/objenesis/objenesis/1.0/objenesis-1.0.jar:"/>
    <property name="sun.cpu.endian" value="little"/>
    <property name="user.home" value="/home/user"/>
    <property name="user.language" value="en"/>
    <property name="java.specification.vendor" value="Oracle Corporation"/>
    <property name="java.home" value="/usr/lib/jvm/java-1.8.0-openjdk-1.8.0.222.b10-1.el7_7.x86_64/jre"/>
    <property name="surefire.excludesFile" value="/tools/ozone-bad-unit-tests"/>
    <property name="java.security.krb5.conf" value="/workdir/hadoop-ozone/tools/target/test-classes/krb5.conf"/>
    <property name="basedir" value="/workdir/hadoop-ozone/tools"/>
    <property name="file.separator" value="/"/>
    <property name="line.separator" value="&#10;"/>
    <property name="java.vm.specification.vendor" value="Oracle Corporation"/>
    <property name="java.specification.name" value="Java Platform API Specification"/>
    <property name="java.awt.graphicsenv" value="sun.awt.X11GraphicsEnvironment"/>
    <property name="surefire.real.class.path" value="/workdir/hadoop-ozone/tools/target/surefire/surefirebooter8574820446672366850.jar"/>
    <property name="hadoop.log.dir" value="/workdir/hadoop-ozone/tools/target/log"/>
    <property name="sun.boot.class.path" value="/usr/lib/jvm/java-1.8.0-openjdk-1.8.0.222.b10-1.el7_7.x86_64/jre/lib/resources.jar:/usr/lib/jvm/java-1.8.0-openjdk-1.8.0.222.b10-1.el7_7.x86_64/jre/lib/rt.jar:/usr/lib/jvm/java-1.8.0-openjdk-1.8.0.222.b10-1.el7_7.x86_64/jre/lib/sunrsasign.jar:/usr/lib/jvm/java-1.8.0-openjdk-1.8.0.222.b10-1.el7_7.x86_64/jre/lib/jsse.jar:/usr/lib/jvm/java-1.8.0-openjdk-1.8.0.222.b10-1.el7_7.x86_64/jre/lib/jce.jar:/usr/lib/jvm/java-1.8.0-openjdk-1.8.0.222.b10-1.el7_7.x86_64/jre/lib/charsets.jar:/usr/lib/jvm/java-1.8.0-openjdk-1.8.0.222.b10-1.el7_7.x86_64/jre/lib/jfr.jar:/usr/lib/jvm/java-1.8.0-openjdk-1.8.0.222.b10-1.el7_7.x86_64/jre/classes"/>
    <property name="sun.management.compiler" value="HotSpot 64-Bit Tiered Compilers"/>
    <property name="java.runtime.version" value="1.8.0_222-b10"/>
    <property name="java.net.preferIPv4Stack" value="true"/>
    <property name="user.name" value="jenkins1000"/>
    <property name="path.separator" value=":"/>
    <property name="java.security.egd" value="file:///dev/urandom"/>
    <property name="os.version" value="3.10.0-957.12.2.el7.x86_64"/>
    <property name="java.endorsed.dirs" value="/usr/lib/jvm/java-1.8.0-openjdk-1.8.0.222.b10-1.el7_7.x86_64/jre/lib/endorsed"/>
    <property name="java.runtime.name" value="OpenJDK Runtime Environment"/>
    <property name="file.encoding" value="ANSI_X3.4-1968"/>
    <property name="java.vm.name" value="OpenJDK 64-Bit Server VM"/>
    <property name="test.build.webapps" value=""/>
    <property name="localRepository" value="/home/user/.m2/repository"/>
    <property name="java.vendor.url.bug" value="http://bugreport.sun.com/bugreport/"/>
    <property name="java.io.tmpdir" value="/tmp"/>
    <property name="require.test.libhadoop" value=""/>
    <property name="java.version" value="1.8.0_222"/>
    <property name="user.dir" value="/workdir/hadoop-ozone/tools"/>
    <property name="os.arch" value="amd64"/>
    <property name="java.vm.specification.name" value="Java Virtual Machine Specification"/>
    <property name="test.build.classes" value="/workdir/hadoop-ozone/tools/target/test-classes"/>
    <property name="java.awt.printerjob" value="sun.print.PSPrinterJob"/>
    <property name="sun.os.patch.level" value="unknown"/>
    <property name="hadoop.tmp.dir" value="/workdir/hadoop-ozone/tools/target/tmp"/>
    <property name="java.library.path" value="/usr/lib:/workdir/hadoop-ozone/tools/target/native/target/usr/local/lib:/workdir/hadoop-ozone/tools/../../hadoop-common-project/hadoop-common/target/native/target/usr/local/lib:/usr/java/packages/lib/amd64:/usr/lib64:/lib64:/lib:/usr/lib"/>
    <property name="java.vm.info" value="mixed mode"/>
    <property name="java.vendor" value="Oracle Corporation"/>
    <property name="java.vm.version" value="25.222-b10"/>
    <property name="java.ext.dirs" value="/usr/lib/jvm/java-1.8.0-openjdk-1.8.0.222.b10-1.el7_7.x86_64/jre/lib/ext:/usr/java/packages/lib/ext"/>
    <property name="sun.io.unicode.encoding" value="UnicodeLittle"/>
    <property name="java.class.version" value="52.0"/>
  </properties>
  <testcase name="testRestart" classname="org.apache.hadoop.ozone.freon.TestFreonWithPipelineDestroy" time="19.473">
    <error message="INTERNAL_ERROR org.apache.hadoop.ozone.om.exceptions.OMException: Allocated 0 blocks. Requested 5 blocks" type="java.lang.RuntimeException">java.lang.RuntimeException: INTERNAL_ERROR org.apache.hadoop.ozone.om.exceptions.OMException: Allocated 0 blocks. Requested 5 blocks
	at org.apache.hadoop.ozone.freon.RandomKeyGenerator.call(RandomKeyGenerator.java:341)
	at org.apache.hadoop.ozone.freon.TestFreonWithPipelineDestroy.startFreon(TestFreonWithPipelineDestroy.java:87)
	at org.apache.hadoop.ozone.freon.TestFreonWithPipelineDestroy.testRestart(TestFreonWithPipelineDestroy.java:74)
	at sun.reflect.NativeMethodAccessorImpl.invoke0(Native Method)
	at sun.reflect.NativeMethodAccessorImpl.invoke(NativeMethodAccessorImpl.java:62)
	at sun.reflect.DelegatingMethodAccessorImpl.invoke(DelegatingMethodAccessorImpl.java:43)
	at java.lang.reflect.Method.invoke(Method.java:498)
	at org.junit.runners.model.FrameworkMethod$1.runReflectiveCall(FrameworkMethod.java:47)
	at org.junit.internal.runners.model.ReflectiveCallable.run(ReflectiveCallable.java:12)
	at org.junit.runners.model.FrameworkMethod.invokeExplosively(FrameworkMethod.java:44)
	at org.junit.internal.runners.statements.InvokeMethod.evaluate(InvokeMethod.java:17)
	at org.junit.runners.ParentRunner.runLeaf(ParentRunner.java:271)
	at org.junit.runners.BlockJUnit4ClassRunner.runChild(BlockJUnit4ClassRunner.java:70)
	at org.junit.runners.BlockJUnit4ClassRunner.runChild(BlockJUnit4ClassRunner.java:50)
	at org.junit.runners.ParentRunner$3.run(ParentRunner.java:238)
	at org.junit.runners.ParentRunner$1.schedule(ParentRunner.java:63)
	at org.junit.runners.ParentRunner.runChildren(ParentRunner.java:236)
	at org.junit.runners.ParentRunner.access$000(ParentRunner.java:53)
	at org.junit.runners.ParentRunner$2.evaluate(ParentRunner.java:229)
	at org.junit.internal.runners.statements.RunBefores.evaluate(RunBefores.java:26)
	at org.junit.internal.runners.statements.RunAfters.evaluate(RunAfters.java:27)
	at org.junit.runners.ParentRunner.run(ParentRunner.java:309)
	at org.apache.maven.surefire.junit4.JUnit4Provider.execute(JUnit4Provider.java:365)
	at org.apache.maven.surefire.junit4.JUnit4Provider.executeWithRerun(JUnit4Provider.java:273)
	at org.apache.maven.surefire.junit4.JUnit4Provider.executeTestSet(JUnit4Provider.java:238)
	at org.apache.maven.surefire.junit4.JUnit4Provider.invoke(JUnit4Provider.java:159)
	at org.apache.maven.surefire.booter.ForkedBooter.invokeProviderInSameClassLoader(ForkedBooter.java:384)
	at org.apache.maven.surefire.booter.ForkedBooter.runSuitesInProcess(ForkedBooter.java:345)
	at org.apache.maven.surefire.booter.ForkedBooter.execute(ForkedBooter.java:126)
	at org.apache.maven.surefire.booter.ForkedBooter.main(ForkedBooter.java:418)
Caused by: INTERNAL_ERROR org.apache.hadoop.ozone.om.exceptions.OMException: Allocated 0 blocks. Requested 5 blocks
	at org.apache.hadoop.ozone.om.protocolPB.OzoneManagerProtocolClientSideTranslatorPB.handleError(OzoneManagerProtocolClientSideTranslatorPB.java:761)
	at org.apache.hadoop.ozone.om.protocolPB.OzoneManagerProtocolClientSideTranslatorPB.openKey(OzoneManagerProtocolClientSideTranslatorPB.java:752)
	at sun.reflect.NativeMethodAccessorImpl.invoke0(Native Method)
	at sun.reflect.NativeMethodAccessorImpl.invoke(NativeMethodAccessorImpl.java:62)
	at sun.reflect.DelegatingMethodAccessorImpl.invoke(DelegatingMethodAccessorImpl.java:43)
	at java.lang.reflect.Method.invoke(Method.java:498)
	at org.apache.hadoop.hdds.tracing.TraceAllMethod.invoke(TraceAllMethod.java:66)
	at com.sun.proxy.$Proxy37.openKey(Unknown Source)
	at org.apache.hadoop.ozone.client.rpc.RpcClient.createKey(RpcClient.java:634)
	at org.apache.hadoop.ozone.client.OzoneBucket.createKey(OzoneBucket.java:325)
	at org.apache.hadoop.ozone.freon.RandomKeyGenerator.createKey(RandomKeyGenerator.java:697)
	at org.apache.hadoop.ozone.freon.RandomKeyGenerator.access$1100(RandomKeyGenerator.java:88)
	at org.apache.hadoop.ozone.freon.RandomKeyGenerator$ObjectCreator.run(RandomKeyGenerator.java:615)
	at java.util.concurrent.Executors$RunnableAdapter.call(Executors.java:511)
	at java.util.concurrent.FutureTask.run(FutureTask.java:266)
	at java.util.concurrent.ThreadPoolExecutor.runWorker(ThreadPoolExecutor.java:1149)
	at java.util.concurrent.ThreadPoolExecutor$Worker.run(ThreadPoolExecutor.java:624)
	at java.lang.Thread.run(Thread.java:748)
</error>
    <system-out><![CDATA[2019-11-13 23:00:55,179 [main] WARN  server.ServerUtils (ServerUtils.java:getScmDbDir(145)) - ozone.scm.db.dirs is not configured. We recommend adding this setting. Falling back to ozone.metadata.dirs instead.
2019-11-13 23:00:55,278 [main] WARN  server.ServerUtils (ServerUtils.java:getScmDbDir(145)) - ozone.scm.db.dirs is not configured. We recommend adding this setting. Falling back to ozone.metadata.dirs instead.
2019-11-13 23:00:55,281 [main] WARN  server.ServerUtils (ServerUtils.java:getScmDbDir(145)) - ozone.scm.db.dirs is not configured. We recommend adding this setting. Falling back to ozone.metadata.dirs instead.
2019-11-13 23:00:55,321 [main] INFO  util.log (Log.java:initialized(192)) - Logging initialized @908ms
2019-11-13 23:00:55,432 [main] INFO  db.DBStoreBuilder (DBStoreBuilder.java:addTable(127)) - using custom profile for table: deletedBlocks
2019-11-13 23:00:55,432 [main] INFO  db.DBStoreBuilder (DBStoreBuilder.java:processTables(183)) - Using default column profile:DBProfile.DISK for Table:deletedBlocks
2019-11-13 23:00:55,433 [main] INFO  db.DBStoreBuilder (DBStoreBuilder.java:addTable(127)) - using custom profile for table: validCerts
2019-11-13 23:00:55,434 [main] INFO  db.DBStoreBuilder (DBStoreBuilder.java:processTables(183)) - Using default column profile:DBProfile.DISK for Table:validCerts
2019-11-13 23:00:55,434 [main] INFO  db.DBStoreBuilder (DBStoreBuilder.java:addTable(127)) - using custom profile for table: revokedCerts
2019-11-13 23:00:55,435 [main] INFO  db.DBStoreBuilder (DBStoreBuilder.java:processTables(183)) - Using default column profile:DBProfile.DISK for Table:revokedCerts
2019-11-13 23:00:55,454 [main] INFO  db.DBStoreBuilder (DBStoreBuilder.java:addTable(127)) - using custom profile for table: default
2019-11-13 23:00:55,454 [main] INFO  db.DBStoreBuilder (DBStoreBuilder.java:processTables(189)) - Using default column profile:DBProfile.DISK for Table:default
2019-11-13 23:00:55,456 [main] INFO  db.DBStoreBuilder (DBStoreBuilder.java:getDbProfile(220)) - Using default options. DBProfile.DISK
2019-11-13 23:00:55,789 [main] INFO  net.NodeSchemaLoader (NodeSchemaLoader.java:loadSchemaFromFile(125)) - Loading file from sun.misc.CompoundEnumeration@618b19ad
2019-11-13 23:00:55,791 [main] INFO  net.NodeSchemaLoader (NodeSchemaLoader.java:loadSchema(171)) - Loading network topology layer schema file
2019-11-13 23:00:55,865 [main] INFO  node.SCMNodeManager (SCMNodeManager.java:<init>(116)) - Entering startup safe mode.
2019-11-13 23:00:55,929 [main] INFO  algorithms.ContainerPlacementPolicyFactory (ContainerPlacementPolicyFactory.java:getPolicy(57)) - Create container placement policy of type org.apache.hadoop.hdds.scm.container.placement.algorithms.SCMContainerPlacementRandom
2019-11-13 23:00:55,943 [main] WARN  server.ServerUtils (ServerUtils.java:getScmDbDir(145)) - ozone.scm.db.dirs is not configured. We recommend adding this setting. Falling back to ozone.metadata.dirs instead.
2019-11-13 23:00:56,055 [main] INFO  pipeline.SCMPipelineManager (SCMPipelineManager.java:initializePipelineState(132)) - No pipeline exists in current db
2019-11-13 23:00:56,059 [main] WARN  server.ServerUtils (ServerUtils.java:getScmDbDir(145)) - ozone.scm.db.dirs is not configured. We recommend adding this setting. Falling back to ozone.metadata.dirs instead.
2019-11-13 23:00:56,189 [main] WARN  events.EventQueue (EventQueue.java:fireEvent(183)) - No event handler registered for event TypedEvent{payloadType=SafeModeStatus, name='SafeModeStatus'}
2019-11-13 23:00:56,584 [main] INFO  ipc.CallQueueManager (CallQueueManager.java:<init>(84)) - Using callQueue: class java.util.concurrent.LinkedBlockingQueue, queueCapacity: 2000, scheduler: class org.apache.hadoop.ipc.DefaultRpcScheduler, ipcBackoff: false.
2019-11-13 23:00:56,609 [Socket Reader #1 for port 37413] INFO  ipc.Server (Server.java:run(1074)) - Starting Socket Reader #1 for port 37413
2019-11-13 23:00:56,758 [main] INFO  ipc.CallQueueManager (CallQueueManager.java:<init>(84)) - Using callQueue: class java.util.concurrent.LinkedBlockingQueue, queueCapacity: 2000, scheduler: class org.apache.hadoop.ipc.DefaultRpcScheduler, ipcBackoff: false.
2019-11-13 23:00:56,760 [Socket Reader #1 for port 42797] INFO  ipc.Server (Server.java:run(1074)) - Starting Socket Reader #1 for port 42797
2019-11-13 23:00:56,771 [main] INFO  ipc.CallQueueManager (CallQueueManager.java:<init>(84)) - Using callQueue: class java.util.concurrent.LinkedBlockingQueue, queueCapacity: 2000, scheduler: class org.apache.hadoop.ipc.DefaultRpcScheduler, ipcBackoff: false.
2019-11-13 23:00:56,772 [Socket Reader #1 for port 39118] INFO  ipc.Server (Server.java:run(1074)) - Starting Socket Reader #1 for port 39118
2019-11-13 23:00:56,803 [main] INFO  hdfs.DFSUtil (DFSUtil.java:httpServerTemplateForNNAndJN(1641)) - Starting Web-server for scm at: http://0.0.0.0:0
2019-11-13 23:00:56,948 [main] INFO  server.AuthenticationFilter (AuthenticationFilter.java:constructSecretProvider(240)) - Unable to initialize FileSignerSecretProvider, falling back to use random secrets.
2019-11-13 23:00:56,963 [main] WARN  http.HttpRequestLog (HttpRequestLog.java:getRequestLog(97)) - Jetty request log can only be enabled using Log4j
2019-11-13 23:00:56,972 [main] INFO  http.HttpServer2 (HttpServer2.java:addGlobalFilter(975)) - Added global filter 'safety' (class=org.apache.hadoop.http.HttpServer2$QuotingInputFilter)
2019-11-13 23:00:56,975 [main] INFO  http.HttpServer2 (HttpServer2.java:addFilter(948)) - Added filter static_user_filter (class=org.apache.hadoop.http.lib.StaticUserWebFilter$StaticUserFilter) to context scm
2019-11-13 23:00:56,975 [main] INFO  http.HttpServer2 (HttpServer2.java:addFilter(958)) - Added filter static_user_filter (class=org.apache.hadoop.http.lib.StaticUserWebFilter$StaticUserFilter) to context static
2019-11-13 23:00:56,975 [main] INFO  http.HttpServer2 (HttpServer2.java:addFilter(958)) - Added filter static_user_filter (class=org.apache.hadoop.http.lib.StaticUserWebFilter$StaticUserFilter) to context logs
2019-11-13 23:00:57,001 [main] INFO  server.StorageContainerManager (StorageContainerManager.java:start(764)) - StorageContainerLocationProtocol RPC server is listening at /0.0.0.0:39118
2019-11-13 23:00:57,055 [main] WARN  impl.MetricsConfig (MetricsConfig.java:loadFirst(134)) - Cannot locate configuration: tried hadoop-metrics2-storagecontainermanager.properties,hadoop-metrics2.properties
2019-11-13 23:00:57,070 [main] INFO  impl.MetricsSystemImpl (MetricsSystemImpl.java:startTimer(374)) - Scheduled Metric snapshot period at 10 second(s).
2019-11-13 23:00:57,070 [main] INFO  impl.MetricsSystemImpl (MetricsSystemImpl.java:start(191)) - StorageContainerManager metrics system started
2019-11-13 23:00:57,301 [main] INFO  server.SCMClientProtocolServer (SCMClientProtocolServer.java:start(159)) - RPC server for Client  is listening at /0.0.0.0:39118
2019-11-13 23:00:57,301 [IPC Server Responder] INFO  ipc.Server (Server.java:run(1314)) - IPC Server Responder: starting
2019-11-13 23:00:57,301 [IPC Server listener on 39118] INFO  ipc.Server (Server.java:run(1153)) - IPC Server listener on 39118: starting
2019-11-13 23:00:57,304 [main] INFO  server.StorageContainerManager (StorageContainerManager.java:start(774)) - ScmBlockLocationProtocol RPC server is listening at /0.0.0.0:42797
2019-11-13 23:00:57,305 [main] INFO  server.SCMBlockProtocolServer (SCMBlockProtocolServer.java:start(146)) - RPC server for Block Protocol is listening at /0.0.0.0:42797
2019-11-13 23:00:57,306 [IPC Server Responder] INFO  ipc.Server (Server.java:run(1314)) - IPC Server Responder: starting
2019-11-13 23:00:57,306 [IPC Server listener on 42797] INFO  ipc.Server (Server.java:run(1153)) - IPC Server listener on 42797: starting
2019-11-13 23:00:57,308 [main] INFO  server.StorageContainerManager (StorageContainerManager.java:start(778)) - ScmDatanodeProtocl RPC server is listening at /0.0.0.0:37413
2019-11-13 23:00:57,308 [main] INFO  server.SCMDatanodeProtocolServer (SCMDatanodeProtocolServer.java:start(169)) - RPC server for DataNodes is listening at /0.0.0.0:37413
2019-11-13 23:00:57,309 [IPC Server Responder] INFO  ipc.Server (Server.java:run(1314)) - IPC Server Responder: starting
2019-11-13 23:00:57,309 [IPC Server listener on 37413] INFO  ipc.Server (Server.java:run(1153)) - IPC Server listener on 37413: starting
2019-11-13 23:00:57,313 [main] INFO  http.HttpServer2 (HttpServer2.java:bindListener(1191)) - Jetty bound to port 36791
2019-11-13 23:00:57,314 [main] INFO  server.Server (Server.java:doStart(351)) - jetty-9.3.25.v20180904, build timestamp: 2018-09-04T21:11:46Z, git hash: 3ce520221d0240229c862b122d2b06c12a625732
2019-11-13 23:00:57,346 [main] INFO  handler.ContextHandler (ContextHandler.java:doStart(781)) - Started o.e.j.s.ServletContextHandler@293a5f75{/logs,file:///workdir/hadoop-ozone/tools/target/log,AVAILABLE}
2019-11-13 23:00:57,347 [main] INFO  handler.ContextHandler (ContextHandler.java:doStart(781)) - Started o.e.j.s.ServletContextHandler@2dd29a59{/static,jar:file:/home/user/.m2/repository/org/apache/hadoop/hadoop-hdds-server-scm/0.5.0-SNAPSHOT/hadoop-hdds-server-scm-0.5.0-SNAPSHOT.jar!/webapps/static,AVAILABLE}
2019-11-13 23:00:57,417 [main] INFO  handler.ContextHandler (ContextHandler.java:doStart(781)) - Started o.e.j.w.WebAppContext@6815c5f2{/,file:///tmp/jetty-0.0.0.0-36791-scm-_-any-870176161644427448.dir/webapp/,AVAILABLE}{/scm}
2019-11-13 23:00:57,422 [main] INFO  server.AbstractConnector (AbstractConnector.java:doStart(278)) - Started ServerConnector@7689ddef{HTTP/1.1,[http/1.1]}{0.0.0.0:36791}
2019-11-13 23:00:57,422 [main] INFO  server.Server (Server.java:doStart(419)) - Started @3009ms
2019-11-13 23:00:57,424 [main] INFO  impl.MetricsSinkAdapter (MetricsSinkAdapter.java:start(204)) - Sink prometheus started
2019-11-13 23:00:57,424 [main] INFO  impl.MetricsSystemImpl (MetricsSystemImpl.java:registerSink(301)) - Registered sink prometheus
2019-11-13 23:00:57,426 [main] INFO  server.BaseHttpServer (BaseHttpServer.java:updateConnectorAddress(215)) - HTTP server of SCM is listening at http://0.0.0.0:36791
2019-11-13 23:00:57,432 [org.apache.hadoop.util.JvmPauseMonitor$Monitor@27eb3298] INFO  util.JvmPauseMonitor (JvmPauseMonitor.java:run(188)) - Starting JVM pause monitor
2019-11-13 23:00:57,434 [main] WARN  server.ServerUtils (ServerUtils.java:getDBPath(222)) - ozone.om.db.dirs is not configured. We recommend adding this setting. Falling back to ozone.metadata.dirs instead.
2019-11-13 23:00:57,521 [main] INFO  ha.OMHANodeDetails (OMHANodeDetails.java:loadOMHAConfig(190)) - Configuration either no ozone.om.address set. Falling back to the default OM address /127.0.0.1:0
2019-11-13 23:00:57,521 [main] INFO  ha.OMHANodeDetails (OMHANodeDetails.java:getOMNodeDetails(220)) - OM Service ID is not set. Setting it to the default ID: omServiceIdDefault
2019-11-13 23:00:57,523 [main] WARN  server.ServerUtils (ServerUtils.java:getDBPath(222)) - ozone.om.db.dirs is not configured. We recommend adding this setting. Falling back to ozone.metadata.dirs instead.
2019-11-13 23:00:57,523 [main] WARN  server.ServerUtils (ServerUtils.java:getDBPath(222)) - ozone.om.db.dirs is not configured. We recommend adding this setting. Falling back to ozone.metadata.dirs instead.
2019-11-13 23:00:58,139 [main] WARN  server.ServerUtils (ServerUtils.java:getDBPath(222)) - ozone.om.db.dirs is not configured. We recommend adding this setting. Falling back to ozone.metadata.dirs instead.
2019-11-13 23:00:58,150 [main] INFO  db.DBStoreBuilder (DBStoreBuilder.java:addTable(127)) - using custom profile for table: userTable
2019-11-13 23:00:58,151 [main] INFO  db.DBStoreBuilder (DBStoreBuilder.java:processTables(183)) - Using default column profile:DBProfile.DISK for Table:userTable
2019-11-13 23:00:58,151 [main] INFO  db.DBStoreBuilder (DBStoreBuilder.java:addTable(127)) - using custom profile for table: volumeTable
2019-11-13 23:00:58,151 [main] INFO  db.DBStoreBuilder (DBStoreBuilder.java:processTables(183)) - Using default column profile:DBProfile.DISK for Table:volumeTable
2019-11-13 23:00:58,152 [main] INFO  db.DBStoreBuilder (DBStoreBuilder.java:addTable(127)) - using custom profile for table: bucketTable
2019-11-13 23:00:58,152 [main] INFO  db.DBStoreBuilder (DBStoreBuilder.java:processTables(183)) - Using default column profile:DBProfile.DISK for Table:bucketTable
2019-11-13 23:00:58,152 [main] INFO  db.DBStoreBuilder (DBStoreBuilder.java:addTable(127)) - using custom profile for table: keyTable
2019-11-13 23:00:58,152 [main] INFO  db.DBStoreBuilder (DBStoreBuilder.java:processTables(183)) - Using default column profile:DBProfile.DISK for Table:keyTable
2019-11-13 23:00:58,153 [main] INFO  db.DBStoreBuilder (DBStoreBuilder.java:addTable(127)) - using custom profile for table: deletedTable
2019-11-13 23:00:58,153 [main] INFO  db.DBStoreBuilder (DBStoreBuilder.java:processTables(183)) - Using default column profile:DBProfile.DISK for Table:deletedTable
2019-11-13 23:00:58,153 [main] INFO  db.DBStoreBuilder (DBStoreBuilder.java:addTable(127)) - using custom profile for table: openKeyTable
2019-11-13 23:00:58,154 [main] INFO  db.DBStoreBuilder (DBStoreBuilder.java:processTables(183)) - Using default column profile:DBProfile.DISK for Table:openKeyTable
2019-11-13 23:00:58,154 [main] INFO  db.DBStoreBuilder (DBStoreBuilder.java:addTable(127)) - using custom profile for table: s3Table
2019-11-13 23:00:58,154 [main] INFO  db.DBStoreBuilder (DBStoreBuilder.java:processTables(183)) - Using default column profile:DBProfile.DISK for Table:s3Table
2019-11-13 23:00:58,155 [main] INFO  db.DBStoreBuilder (DBStoreBuilder.java:addTable(127)) - using custom profile for table: multipartInfoTable
2019-11-13 23:00:58,155 [main] INFO  db.DBStoreBuilder (DBStoreBuilder.java:processTables(183)) - Using default column profile:DBProfile.DISK for Table:multipartInfoTable
2019-11-13 23:00:58,155 [main] INFO  db.DBStoreBuilder (DBStoreBuilder.java:addTable(127)) - using custom profile for table: dTokenTable
2019-11-13 23:00:58,155 [main] INFO  db.DBStoreBuilder (DBStoreBuilder.java:processTables(183)) - Using default column profile:DBProfile.DISK for Table:dTokenTable
2019-11-13 23:00:58,156 [main] INFO  db.DBStoreBuilder (DBStoreBuilder.java:addTable(127)) - using custom profile for table: s3SecretTable
2019-11-13 23:00:58,156 [main] INFO  db.DBStoreBuilder (DBStoreBuilder.java:processTables(183)) - Using default column profile:DBProfile.DISK for Table:s3SecretTable
2019-11-13 23:00:58,156 [main] INFO  db.DBStoreBuilder (DBStoreBuilder.java:addTable(127)) - using custom profile for table: prefixTable
2019-11-13 23:00:58,157 [main] INFO  db.DBStoreBuilder (DBStoreBuilder.java:processTables(183)) - Using default column profile:DBProfile.DISK for Table:prefixTable
2019-11-13 23:00:58,157 [main] INFO  db.DBStoreBuilder (DBStoreBuilder.java:addTable(127)) - using custom profile for table: default
2019-11-13 23:00:58,157 [main] INFO  db.DBStoreBuilder (DBStoreBuilder.java:processTables(189)) - Using default column profile:DBProfile.DISK for Table:default
2019-11-13 23:00:58,158 [main] INFO  db.DBStoreBuilder (DBStoreBuilder.java:getDbProfile(220)) - Using default options. DBProfile.DISK
2019-11-13 23:00:58,796 [main] INFO  ipc.CallQueueManager (CallQueueManager.java:<init>(84)) - Using callQueue: class java.util.concurrent.LinkedBlockingQueue, queueCapacity: 2000, scheduler: class org.apache.hadoop.ipc.DefaultRpcScheduler, ipcBackoff: false.
2019-11-13 23:00:58,797 [Socket Reader #1 for port 44564] INFO  ipc.Server (Server.java:run(1074)) - Starting Socket Reader #1 for port 44564
2019-11-13 23:00:58,826 [main] INFO  om.OzoneManager (OzoneManager.java:start(1077)) - OzoneManager RPC server is listening at localhost/127.0.0.1:44564
2019-11-13 23:00:58,826 [main] INFO  impl.MetricsSystemImpl (MetricsSystemImpl.java:init(158)) - OzoneManager metrics system started (again)
2019-11-13 23:00:58,835 [IPC Server Responder] INFO  ipc.Server (Server.java:run(1314)) - IPC Server Responder: starting
2019-11-13 23:00:58,835 [IPC Server listener on 44564] INFO  ipc.Server (Server.java:run(1153)) - IPC Server listener on 44564: starting
2019-11-13 23:00:58,843 [main] INFO  hdfs.DFSUtil (DFSUtil.java:httpServerTemplateForNNAndJN(1641)) - Starting Web-server for ozoneManager at: http://0.0.0.0:0
2019-11-13 23:00:58,846 [main] INFO  server.AuthenticationFilter (AuthenticationFilter.java:constructSecretProvider(240)) - Unable to initialize FileSignerSecretProvider, falling back to use random secrets.
2019-11-13 23:00:58,846 [main] WARN  http.HttpRequestLog (HttpRequestLog.java:getRequestLog(97)) - Jetty request log can only be enabled using Log4j
2019-11-13 23:00:58,849 [main] INFO  http.HttpServer2 (HttpServer2.java:addGlobalFilter(975)) - Added global filter 'safety' (class=org.apache.hadoop.http.HttpServer2$QuotingInputFilter)
2019-11-13 23:00:58,851 [main] INFO  http.HttpServer2 (HttpServer2.java:addFilter(948)) - Added filter static_user_filter (class=org.apache.hadoop.http.lib.StaticUserWebFilter$StaticUserFilter) to context ozoneManager
2019-11-13 23:00:58,851 [main] INFO  http.HttpServer2 (HttpServer2.java:addFilter(958)) - Added filter static_user_filter (class=org.apache.hadoop.http.lib.StaticUserWebFilter$StaticUserFilter) to context static
2019-11-13 23:00:58,851 [main] INFO  http.HttpServer2 (HttpServer2.java:addFilter(958)) - Added filter static_user_filter (class=org.apache.hadoop.http.lib.StaticUserWebFilter$StaticUserFilter) to context logs
2019-11-13 23:00:58,854 [main] INFO  http.HttpServer2 (HttpServer2.java:bindListener(1191)) - Jetty bound to port 44087
2019-11-13 23:00:58,855 [main] INFO  server.Server (Server.java:doStart(351)) - jetty-9.3.25.v20180904, build timestamp: 2018-09-04T21:11:46Z, git hash: 3ce520221d0240229c862b122d2b06c12a625732
2019-11-13 23:00:58,858 [main] INFO  handler.ContextHandler (ContextHandler.java:doStart(781)) - Started o.e.j.s.ServletContextHandler@7b208b45{/logs,file:///workdir/hadoop-ozone/tools/target/log,AVAILABLE}
2019-11-13 23:00:58,858 [main] INFO  handler.ContextHandler (ContextHandler.java:doStart(781)) - Started o.e.j.s.ServletContextHandler@34523d46{/static,jar:file:/home/user/.m2/repository/org/apache/hadoop/hadoop-ozone-ozone-manager/0.5.0-SNAPSHOT/hadoop-ozone-ozone-manager-0.5.0-SNAPSHOT.jar!/webapps/static,AVAILABLE}
2019-11-13 23:00:58,925 [main] INFO  handler.ContextHandler (ContextHandler.java:doStart(781)) - Started o.e.j.w.WebAppContext@2a49fe{/,file:///tmp/jetty-0.0.0.0-44087-ozoneManager-_-any-5157971285298102523.dir/webapp/,AVAILABLE}{/ozoneManager}
2019-11-13 23:00:58,925 [main] INFO  server.AbstractConnector (AbstractConnector.java:doStart(278)) - Started ServerConnector@66596a88{HTTP/1.1,[http/1.1]}{0.0.0.0:44087}
2019-11-13 23:00:58,926 [main] INFO  server.Server (Server.java:doStart(419)) - Started @4513ms
2019-11-13 23:00:58,926 [main] WARN  impl.MetricsSystemImpl (MetricsSystemImpl.java:register(276)) - Sink prometheus already exists!
2019-11-13 23:00:58,928 [main] INFO  server.BaseHttpServer (BaseHttpServer.java:updateConnectorAddress(215)) - HTTP server of OZONEMANAGER is listening at http://0.0.0.0:44087
2019-11-13 23:00:59,215 [main] INFO  impl.MetricsSystemImpl (MetricsSystemImpl.java:init(158)) - HddsDatanode metrics system started (again)
2019-11-13 23:00:59,286 [main] INFO  ozone.HddsDatanodeService (HddsDatanodeService.java:start(186)) - HddsDatanodeService host:pr-hdds-2471-vxr4w-2980416436 ip:192.168.164.237
2019-11-13 23:00:59,334 [main] INFO  volume.HddsVolume (HddsVolume.java:<init>(176)) - Creating Volume: /workdir/hadoop-ozone/tools/target/test-dir/MiniOzoneClusterImpl-4b653e79-0c46-4b0e-80a2-ec6314d5d114/datanode-0/data/containers/hdds of  storage type : DISK and capacity : 1482555576320
2019-11-13 23:00:59,337 [main] INFO  volume.VolumeSet (VolumeSet.java:initializeVolumeSet(170)) - Added Volume : /workdir/hadoop-ozone/tools/target/test-dir/MiniOzoneClusterImpl-4b653e79-0c46-4b0e-80a2-ec6314d5d114/datanode-0/data/containers/hdds to VolumeSet
2019-11-13 23:00:59,340 [main] INFO  volume.ThrottledAsyncChecker (ThrottledAsyncChecker.java:schedule(141)) - Scheduling a check for /workdir/hadoop-ozone/tools/target/test-dir/MiniOzoneClusterImpl-4b653e79-0c46-4b0e-80a2-ec6314d5d114/datanode-0/data/containers/hdds
2019-11-13 23:00:59,360 [main] INFO  volume.HddsVolumeChecker (HddsVolumeChecker.java:checkAllVolumes(204)) - Scheduled health check for volume /workdir/hadoop-ozone/tools/target/test-dir/MiniOzoneClusterImpl-4b653e79-0c46-4b0e-80a2-ec6314d5d114/datanode-0/data/containers/hdds
2019-11-13 23:00:59,476 [main] INFO  impl.RaftServerProxy (ConfUtils.java:logGet(43)) - raft.rpc.type = GRPC (default)
2019-11-13 23:00:59,557 [main] INFO  grpc.GrpcFactory (GrpcFactory.java:checkPooledByteBufAllocatorUseCacheForAllThreads(45)) - PERFORMANCE WARNING: useCacheForAllThreads is true that may cause Netty to create a lot garbage objects and, as a result, trigger GC.
	It is recommended to disable useCacheForAllThreads by setting -Dorg.apache.ratis.thirdparty.io.netty.allocator.useCacheForAllThreads=false in command line.
2019-11-13 23:00:59,562 [main] INFO  grpc.GrpcConfigKeys$Server (ConfUtils.java:logGet(43)) - raft.grpc.server.port = 0 (default)
2019-11-13 23:00:59,564 [main] INFO  server.GrpcService (ConfUtils.java:logGet(43)) - raft.grpc.message.size.max = 33570816 (custom)
2019-11-13 23:00:59,565 [main] INFO  server.RaftServerConfigKeys (ConfUtils.java:logGet(43)) - raft.server.log.appender.buffer.byte-limit = 33554432 (custom)
2019-11-13 23:00:59,566 [main] INFO  server.GrpcService (ConfUtils.java:logGet(43)) - raft.grpc.flow.control.window = 1MB (=1048576) (default)
2019-11-13 23:00:59,567 [main] INFO  server.RaftServerConfigKeys (ConfUtils.java:logGet(43)) - raft.server.rpc.request.timeout = 3000ms (default)
2019-11-13 23:00:59,728 [main] INFO  server.RaftServerConfigKeys (ConfUtils.java:logGet(43)) - raft.server.storage.dir = [/workdir/hadoop-ozone/tools/target/test-dir/MiniOzoneClusterImpl-4b653e79-0c46-4b0e-80a2-ec6314d5d114/datanode-0/data/ratis] (custom)
2019-11-13 23:00:59,795 [main] INFO  hdfs.DFSUtil (DFSUtil.java:httpServerTemplateForNNAndJN(1641)) - Starting Web-server for hddsDatanode at: http://0.0.0.0:0
2019-11-13 23:00:59,800 [main] INFO  server.AuthenticationFilter (AuthenticationFilter.java:constructSecretProvider(240)) - Unable to initialize FileSignerSecretProvider, falling back to use random secrets.
2019-11-13 23:00:59,802 [main] WARN  http.HttpRequestLog (HttpRequestLog.java:getRequestLog(97)) - Jetty request log can only be enabled using Log4j
2019-11-13 23:00:59,806 [main] INFO  http.HttpServer2 (HttpServer2.java:addGlobalFilter(975)) - Added global filter 'safety' (class=org.apache.hadoop.http.HttpServer2$QuotingInputFilter)
2019-11-13 23:00:59,807 [main] INFO  http.HttpServer2 (HttpServer2.java:addFilter(948)) - Added filter static_user_filter (class=org.apache.hadoop.http.lib.StaticUserWebFilter$StaticUserFilter) to context hddsDatanode
2019-11-13 23:00:59,807 [main] INFO  http.HttpServer2 (HttpServer2.java:addFilter(958)) - Added filter static_user_filter (class=org.apache.hadoop.http.lib.StaticUserWebFilter$StaticUserFilter) to context static
2019-11-13 23:00:59,807 [main] INFO  http.HttpServer2 (HttpServer2.java:addFilter(958)) - Added filter static_user_filter (class=org.apache.hadoop.http.lib.StaticUserWebFilter$StaticUserFilter) to context logs
2019-11-13 23:00:59,810 [main] INFO  http.HttpServer2 (HttpServer2.java:bindListener(1191)) - Jetty bound to port 41567
2019-11-13 23:00:59,810 [main] INFO  server.Server (Server.java:doStart(351)) - jetty-9.3.25.v20180904, build timestamp: 2018-09-04T21:11:46Z, git hash: 3ce520221d0240229c862b122d2b06c12a625732
2019-11-13 23:00:59,815 [main] INFO  handler.ContextHandler (ContextHandler.java:doStart(781)) - Started o.e.j.s.ServletContextHandler@673919a7{/logs,file:///workdir/hadoop-ozone/tools/target/log,AVAILABLE}
2019-11-13 23:00:59,816 [main] INFO  handler.ContextHandler (ContextHandler.java:doStart(781)) - Started o.e.j.s.ServletContextHandler@2436ea2f{/static,jar:file:/home/user/.m2/repository/org/apache/hadoop/hadoop-hdds-container-service/0.5.0-SNAPSHOT/hadoop-hdds-container-service-0.5.0-SNAPSHOT.jar!/webapps/static,AVAILABLE}
2019-11-13 23:00:59,862 [main] INFO  handler.ContextHandler (ContextHandler.java:doStart(781)) - Started o.e.j.w.WebAppContext@60783105{/,file:///tmp/jetty-0.0.0.0-41567-hddsDatanode-_-any-3798509236306409365.dir/webapp/,AVAILABLE}{/hddsDatanode}
2019-11-13 23:00:59,863 [main] INFO  server.AbstractConnector (AbstractConnector.java:doStart(278)) - Started ServerConnector@1292071f{HTTP/1.1,[http/1.1]}{0.0.0.0:41567}
2019-11-13 23:00:59,864 [main] INFO  server.Server (Server.java:doStart(419)) - Started @5452ms
2019-11-13 23:00:59,865 [main] WARN  impl.MetricsSystemImpl (MetricsSystemImpl.java:register(276)) - Sink prometheus already exists!
2019-11-13 23:00:59,866 [main] INFO  server.BaseHttpServer (BaseHttpServer.java:updateConnectorAddress(215)) - HTTP server of HDDSDATANODE is listening at http://0.0.0.0:41567
2019-11-13 23:00:59,868 [main] INFO  impl.MetricsSystemImpl (MetricsSystemImpl.java:init(158)) - HddsDatanode metrics system started (again)
2019-11-13 23:00:59,873 [main] INFO  ozone.HddsDatanodeService (HddsDatanodeService.java:start(186)) - HddsDatanodeService host:pr-hdds-2471-vxr4w-2980416436 ip:192.168.164.237
2019-11-13 23:00:59,876 [org.apache.hadoop.util.JvmPauseMonitor$Monitor@7833439e] INFO  util.JvmPauseMonitor (JvmPauseMonitor.java:run(188)) - Starting JVM pause monitor
2019-11-13 23:00:59,884 [main] INFO  volume.HddsVolume (HddsVolume.java:<init>(176)) - Creating Volume: /workdir/hadoop-ozone/tools/target/test-dir/MiniOzoneClusterImpl-4b653e79-0c46-4b0e-80a2-ec6314d5d114/datanode-1/data/containers/hdds of  storage type : DISK and capacity : 1482555576320
2019-11-13 23:00:59,886 [main] INFO  volume.VolumeSet (VolumeSet.java:initializeVolumeSet(170)) - Added Volume : /workdir/hadoop-ozone/tools/target/test-dir/MiniOzoneClusterImpl-4b653e79-0c46-4b0e-80a2-ec6314d5d114/datanode-1/data/containers/hdds to VolumeSet
2019-11-13 23:00:59,887 [main] INFO  volume.ThrottledAsyncChecker (ThrottledAsyncChecker.java:schedule(141)) - Scheduling a check for /workdir/hadoop-ozone/tools/target/test-dir/MiniOzoneClusterImpl-4b653e79-0c46-4b0e-80a2-ec6314d5d114/datanode-1/data/containers/hdds
2019-11-13 23:00:59,888 [main] INFO  volume.HddsVolumeChecker (HddsVolumeChecker.java:checkAllVolumes(204)) - Scheduled health check for volume /workdir/hadoop-ozone/tools/target/test-dir/MiniOzoneClusterImpl-4b653e79-0c46-4b0e-80a2-ec6314d5d114/datanode-1/data/containers/hdds
2019-11-13 23:00:59,921 [main] INFO  impl.RaftServerProxy (ConfUtils.java:logGet(43)) - raft.rpc.type = GRPC (default)
2019-11-13 23:00:59,922 [main] INFO  grpc.GrpcFactory (GrpcFactory.java:checkPooledByteBufAllocatorUseCacheForAllThreads(45)) - PERFORMANCE WARNING: useCacheForAllThreads is true that may cause Netty to create a lot garbage objects and, as a result, trigger GC.
	It is recommended to disable useCacheForAllThreads by setting -Dorg.apache.ratis.thirdparty.io.netty.allocator.useCacheForAllThreads=false in command line.
2019-11-13 23:00:59,922 [main] INFO  grpc.GrpcConfigKeys$Server (ConfUtils.java:logGet(43)) - raft.grpc.server.port = 0 (default)
2019-11-13 23:00:59,922 [main] INFO  server.GrpcService (ConfUtils.java:logGet(43)) - raft.grpc.message.size.max = 33570816 (custom)
2019-11-13 23:00:59,923 [main] INFO  server.RaftServerConfigKeys (ConfUtils.java:logGet(43)) - raft.server.log.appender.buffer.byte-limit = 33554432 (custom)
2019-11-13 23:00:59,923 [main] INFO  server.GrpcService (ConfUtils.java:logGet(43)) - raft.grpc.flow.control.window = 1MB (=1048576) (default)
2019-11-13 23:00:59,923 [main] INFO  server.RaftServerConfigKeys (ConfUtils.java:logGet(43)) - raft.server.rpc.request.timeout = 3000ms (default)
2019-11-13 23:00:59,924 [main] INFO  server.RaftServerConfigKeys (ConfUtils.java:logGet(43)) - raft.server.storage.dir = [/workdir/hadoop-ozone/tools/target/test-dir/MiniOzoneClusterImpl-4b653e79-0c46-4b0e-80a2-ec6314d5d114/datanode-1/data/ratis] (custom)
2019-11-13 23:00:59,927 [main] INFO  hdfs.DFSUtil (DFSUtil.java:httpServerTemplateForNNAndJN(1641)) - Starting Web-server for hddsDatanode at: http://0.0.0.0:0
2019-11-13 23:00:59,929 [main] INFO  server.AuthenticationFilter (AuthenticationFilter.java:constructSecretProvider(240)) - Unable to initialize FileSignerSecretProvider, falling back to use random secrets.
2019-11-13 23:00:59,930 [main] WARN  http.HttpRequestLog (HttpRequestLog.java:getRequestLog(97)) - Jetty request log can only be enabled using Log4j
2019-11-13 23:00:59,933 [main] INFO  http.HttpServer2 (HttpServer2.java:addGlobalFilter(975)) - Added global filter 'safety' (class=org.apache.hadoop.http.HttpServer2$QuotingInputFilter)
2019-11-13 23:00:59,934 [main] INFO  http.HttpServer2 (HttpServer2.java:addFilter(948)) - Added filter static_user_filter (class=org.apache.hadoop.http.lib.StaticUserWebFilter$StaticUserFilter) to context hddsDatanode
2019-11-13 23:00:59,934 [main] INFO  http.HttpServer2 (HttpServer2.java:addFilter(958)) - Added filter static_user_filter (class=org.apache.hadoop.http.lib.StaticUserWebFilter$StaticUserFilter) to context logs
2019-11-13 23:00:59,935 [main] INFO  http.HttpServer2 (HttpServer2.java:addFilter(958)) - Added filter static_user_filter (class=org.apache.hadoop.http.lib.StaticUserWebFilter$StaticUserFilter) to context static
2019-11-13 23:00:59,936 [main] INFO  http.HttpServer2 (HttpServer2.java:bindListener(1191)) - Jetty bound to port 37132
2019-11-13 23:00:59,936 [main] INFO  server.Server (Server.java:doStart(351)) - jetty-9.3.25.v20180904, build timestamp: 2018-09-04T21:11:46Z, git hash: 3ce520221d0240229c862b122d2b06c12a625732
2019-11-13 23:00:59,941 [main] INFO  handler.ContextHandler (ContextHandler.java:doStart(781)) - Started o.e.j.s.ServletContextHandler@587a1cfb{/logs,file:///workdir/hadoop-ozone/tools/target/log,AVAILABLE}
2019-11-13 23:00:59,942 [main] INFO  handler.ContextHandler (ContextHandler.java:doStart(781)) - Started o.e.j.s.ServletContextHandler@5e1d03d7{/static,jar:file:/home/user/.m2/repository/org/apache/hadoop/hadoop-hdds-container-service/0.5.0-SNAPSHOT/hadoop-hdds-container-service-0.5.0-SNAPSHOT.jar!/webapps/static,AVAILABLE}
2019-11-13 23:00:59,983 [Datanode State Machine Thread - 0] INFO  datanode.InitDatanodeState (InitDatanodeState.java:persistContainerDatanodeDetails(140)) - DatanodeDetails is persisted to /workdir/hadoop-ozone/tools/target/test-dir/MiniOzoneClusterImpl-4b653e79-0c46-4b0e-80a2-ec6314d5d114/datanode-0/meta/datanode.id
2019-11-13 23:00:59,987 [main] INFO  handler.ContextHandler (ContextHandler.java:doStart(781)) - Started o.e.j.w.WebAppContext@66273da0{/,file:///tmp/jetty-0.0.0.0-37132-hddsDatanode-_-any-3063097200241241572.dir/webapp/,AVAILABLE}{/hddsDatanode}
2019-11-13 23:00:59,988 [main] INFO  server.AbstractConnector (AbstractConnector.java:doStart(278)) - Started ServerConnector@2127e66e{HTTP/1.1,[http/1.1]}{0.0.0.0:37132}
2019-11-13 23:00:59,988 [main] INFO  server.Server (Server.java:doStart(419)) - Started @5576ms
2019-11-13 23:00:59,989 [main] WARN  impl.MetricsSystemImpl (MetricsSystemImpl.java:register(276)) - Sink prometheus already exists!
2019-11-13 23:00:59,990 [main] INFO  server.BaseHttpServer (BaseHttpServer.java:updateConnectorAddress(215)) - HTTP server of HDDSDATANODE is listening at http://0.0.0.0:37132
2019-11-13 23:00:59,991 [main] INFO  impl.MetricsSystemImpl (MetricsSystemImpl.java:init(158)) - HddsDatanode metrics system started (again)
2019-11-13 23:00:59,994 [main] INFO  ozone.HddsDatanodeService (HddsDatanodeService.java:start(186)) - HddsDatanodeService host:pr-hdds-2471-vxr4w-2980416436 ip:192.168.164.237
2019-11-13 23:00:59,994 [org.apache.hadoop.util.JvmPauseMonitor$Monitor@136ab491] INFO  util.JvmPauseMonitor (JvmPauseMonitor.java:run(188)) - Starting JVM pause monitor
2019-11-13 23:00:59,999 [Datanode State Machine Thread - 0] INFO  datanode.InitDatanodeState (InitDatanodeState.java:persistContainerDatanodeDetails(140)) - DatanodeDetails is persisted to /workdir/hadoop-ozone/tools/target/test-dir/MiniOzoneClusterImpl-4b653e79-0c46-4b0e-80a2-ec6314d5d114/datanode-1/meta/datanode.id
2019-11-13 23:01:00,004 [main] INFO  volume.HddsVolume (HddsVolume.java:<init>(176)) - Creating Volume: /workdir/hadoop-ozone/tools/target/test-dir/MiniOzoneClusterImpl-4b653e79-0c46-4b0e-80a2-ec6314d5d114/datanode-2/data/containers/hdds of  storage type : DISK and capacity : 1482555576320
2019-11-13 23:01:00,005 [main] INFO  volume.VolumeSet (VolumeSet.java:initializeVolumeSet(170)) - Added Volume : /workdir/hadoop-ozone/tools/target/test-dir/MiniOzoneClusterImpl-4b653e79-0c46-4b0e-80a2-ec6314d5d114/datanode-2/data/containers/hdds to VolumeSet
2019-11-13 23:01:00,005 [main] INFO  volume.ThrottledAsyncChecker (ThrottledAsyncChecker.java:schedule(141)) - Scheduling a check for /workdir/hadoop-ozone/tools/target/test-dir/MiniOzoneClusterImpl-4b653e79-0c46-4b0e-80a2-ec6314d5d114/datanode-2/data/containers/hdds
2019-11-13 23:01:00,006 [main] INFO  volume.HddsVolumeChecker (HddsVolumeChecker.java:checkAllVolumes(204)) - Scheduled health check for volume /workdir/hadoop-ozone/tools/target/test-dir/MiniOzoneClusterImpl-4b653e79-0c46-4b0e-80a2-ec6314d5d114/datanode-2/data/containers/hdds
2019-11-13 23:01:00,024 [main] INFO  impl.RaftServerProxy (ConfUtils.java:logGet(43)) - raft.rpc.type = GRPC (default)
2019-11-13 23:01:00,025 [main] INFO  grpc.GrpcFactory (GrpcFactory.java:checkPooledByteBufAllocatorUseCacheForAllThreads(45)) - PERFORMANCE WARNING: useCacheForAllThreads is true that may cause Netty to create a lot garbage objects and, as a result, trigger GC.
	It is recommended to disable useCacheForAllThreads by setting -Dorg.apache.ratis.thirdparty.io.netty.allocator.useCacheForAllThreads=false in command line.
2019-11-13 23:01:00,025 [main] INFO  grpc.GrpcConfigKeys$Server (ConfUtils.java:logGet(43)) - raft.grpc.server.port = 0 (default)
2019-11-13 23:01:00,026 [main] INFO  server.GrpcService (ConfUtils.java:logGet(43)) - raft.grpc.message.size.max = 33570816 (custom)
2019-11-13 23:01:00,026 [main] INFO  server.RaftServerConfigKeys (ConfUtils.java:logGet(43)) - raft.server.log.appender.buffer.byte-limit = 33554432 (custom)
2019-11-13 23:01:00,026 [main] INFO  server.GrpcService (ConfUtils.java:logGet(43)) - raft.grpc.flow.control.window = 1MB (=1048576) (default)
2019-11-13 23:01:00,027 [main] INFO  server.RaftServerConfigKeys (ConfUtils.java:logGet(43)) - raft.server.rpc.request.timeout = 3000ms (default)
2019-11-13 23:01:00,027 [main] INFO  server.RaftServerConfigKeys (ConfUtils.java:logGet(43)) - raft.server.storage.dir = [/workdir/hadoop-ozone/tools/target/test-dir/MiniOzoneClusterImpl-4b653e79-0c46-4b0e-80a2-ec6314d5d114/datanode-2/data/ratis] (custom)
2019-11-13 23:01:00,031 [main] INFO  hdfs.DFSUtil (DFSUtil.java:httpServerTemplateForNNAndJN(1641)) - Starting Web-server for hddsDatanode at: http://0.0.0.0:0
2019-11-13 23:01:00,033 [main] INFO  server.AuthenticationFilter (AuthenticationFilter.java:constructSecretProvider(240)) - Unable to initialize FileSignerSecretProvider, falling back to use random secrets.
2019-11-13 23:01:00,033 [main] WARN  http.HttpRequestLog (HttpRequestLog.java:getRequestLog(97)) - Jetty request log can only be enabled using Log4j
2019-11-13 23:01:00,036 [main] INFO  http.HttpServer2 (HttpServer2.java:addGlobalFilter(975)) - Added global filter 'safety' (class=org.apache.hadoop.http.HttpServer2$QuotingInputFilter)
2019-11-13 23:01:00,037 [main] INFO  http.HttpServer2 (HttpServer2.java:addFilter(948)) - Added filter static_user_filter (class=org.apache.hadoop.http.lib.StaticUserWebFilter$StaticUserFilter) to context hddsDatanode
2019-11-13 23:01:00,037 [main] INFO  http.HttpServer2 (HttpServer2.java:addFilter(958)) - Added filter static_user_filter (class=org.apache.hadoop.http.lib.StaticUserWebFilter$StaticUserFilter) to context logs
2019-11-13 23:01:00,037 [main] INFO  http.HttpServer2 (HttpServer2.java:addFilter(958)) - Added filter static_user_filter (class=org.apache.hadoop.http.lib.StaticUserWebFilter$StaticUserFilter) to context static
2019-11-13 23:01:00,039 [main] INFO  http.HttpServer2 (HttpServer2.java:bindListener(1191)) - Jetty bound to port 37968
2019-11-13 23:01:00,039 [main] INFO  server.Server (Server.java:doStart(351)) - jetty-9.3.25.v20180904, build timestamp: 2018-09-04T21:11:46Z, git hash: 3ce520221d0240229c862b122d2b06c12a625732
2019-11-13 23:01:00,042 [main] INFO  handler.ContextHandler (ContextHandler.java:doStart(781)) - Started o.e.j.s.ServletContextHandler@21bd20ee{/logs,file:///workdir/hadoop-ozone/tools/target/log,AVAILABLE}
2019-11-13 23:01:00,043 [main] INFO  handler.ContextHandler (ContextHandler.java:doStart(781)) - Started o.e.j.s.ServletContextHandler@421056e5{/static,jar:file:/home/user/.m2/repository/org/apache/hadoop/hadoop-hdds-container-service/0.5.0-SNAPSHOT/hadoop-hdds-container-service-0.5.0-SNAPSHOT.jar!/webapps/static,AVAILABLE}
2019-11-13 23:01:00,088 [main] INFO  handler.ContextHandler (ContextHandler.java:doStart(781)) - Started o.e.j.w.WebAppContext@3804a9a8{/,file:///tmp/jetty-0.0.0.0-37968-hddsDatanode-_-any-7128912044296885666.dir/webapp/,AVAILABLE}{/hddsDatanode}
2019-11-13 23:01:00,089 [main] INFO  server.AbstractConnector (AbstractConnector.java:doStart(278)) - Started ServerConnector@117525fe{HTTP/1.1,[http/1.1]}{0.0.0.0:37968}
2019-11-13 23:01:00,089 [main] INFO  server.Server (Server.java:doStart(419)) - Started @5677ms
2019-11-13 23:01:00,090 [main] WARN  impl.MetricsSystemImpl (MetricsSystemImpl.java:register(276)) - Sink prometheus already exists!
2019-11-13 23:01:00,091 [main] INFO  server.BaseHttpServer (BaseHttpServer.java:updateConnectorAddress(215)) - HTTP server of HDDSDATANODE is listening at http://0.0.0.0:37968
2019-11-13 23:01:00,094 [main] INFO  ozone.MiniOzoneClusterImpl (MiniOzoneClusterImpl.java:lambda$waitForClusterToBeReady$2(171)) - Waiting for cluster to be ready. Got 0 of 3 DN Heartbeats.
2019-11-13 23:01:00,095 [org.apache.hadoop.util.JvmPauseMonitor$Monitor@15ea9da9] INFO  util.JvmPauseMonitor (JvmPauseMonitor.java:run(188)) - Starting JVM pause monitor
2019-11-13 23:01:00,097 [Datanode State Machine Thread - 0] INFO  datanode.InitDatanodeState (InitDatanodeState.java:persistContainerDatanodeDetails(140)) - DatanodeDetails is persisted to /workdir/hadoop-ozone/tools/target/test-dir/MiniOzoneClusterImpl-4b653e79-0c46-4b0e-80a2-ec6314d5d114/datanode-2/meta/datanode.id
2019-11-13 23:01:01,094 [main] INFO  ozone.MiniOzoneClusterImpl (MiniOzoneClusterImpl.java:lambda$waitForClusterToBeReady$2(171)) - Waiting for cluster to be ready. Got 0 of 3 DN Heartbeats.
2019-11-13 23:01:01,959 [Datanode State Machine Thread - 0] INFO  ozoneimpl.OzoneContainer (OzoneContainer.java:start(230)) - Attempting to start container services.
2019-11-13 23:01:01,962 [Datanode State Machine Thread - 0] INFO  ozoneimpl.OzoneContainer (OzoneContainer.java:startContainerScrub(194)) - Background container scanner has been disabled.
2019-11-13 23:01:01,962 [Datanode State Machine Thread - 0] INFO  ratis.XceiverServerRatis (XceiverServerRatis.java:start(421)) - Starting XceiverServerRatis f3f8a366-04a8-447c-8c9c-11275a3e7960 at port 0
2019-11-13 23:01:01,991 [Datanode State Machine Thread - 0] INFO  impl.RaftServerProxy (RaftServerProxy.java:lambda$start$3(299)) - f3f8a366-04a8-447c-8c9c-11275a3e7960: start RPC server
2019-11-13 23:01:02,011 [Datanode State Machine Thread - 0] INFO  ozoneimpl.OzoneContainer (OzoneContainer.java:start(230)) - Attempting to start container services.
2019-11-13 23:01:02,018 [Datanode State Machine Thread - 0] INFO  ozoneimpl.OzoneContainer (OzoneContainer.java:startContainerScrub(194)) - Background container scanner has been disabled.
2019-11-13 23:01:02,018 [Datanode State Machine Thread - 0] INFO  ratis.XceiverServerRatis (XceiverServerRatis.java:start(421)) - Starting XceiverServerRatis 2b518b36-d90d-4564-a57b-9224905a4de1 at port 0
2019-11-13 23:01:02,031 [Datanode State Machine Thread - 0] INFO  impl.RaftServerProxy (RaftServerProxy.java:lambda$start$3(299)) - 2b518b36-d90d-4564-a57b-9224905a4de1: start RPC server
2019-11-13 23:01:02,095 [main] INFO  ozone.MiniOzoneClusterImpl (MiniOzoneClusterImpl.java:lambda$waitForClusterToBeReady$2(171)) - Waiting for cluster to be ready. Got 0 of 3 DN Heartbeats.
2019-11-13 23:01:02,111 [Datanode State Machine Thread - 0] INFO  ozoneimpl.OzoneContainer (OzoneContainer.java:start(230)) - Attempting to start container services.
2019-11-13 23:01:02,112 [Datanode State Machine Thread - 0] INFO  ozoneimpl.OzoneContainer (OzoneContainer.java:startContainerScrub(194)) - Background container scanner has been disabled.
2019-11-13 23:01:02,112 [Datanode State Machine Thread - 0] INFO  ratis.XceiverServerRatis (XceiverServerRatis.java:start(421)) - Starting XceiverServerRatis a27d5411-7ba0-4758-adf2-2b792b77b144 at port 0
2019-11-13 23:01:02,128 [Datanode State Machine Thread - 0] INFO  impl.RaftServerProxy (RaftServerProxy.java:lambda$start$3(299)) - a27d5411-7ba0-4758-adf2-2b792b77b144: start RPC server
2019-11-13 23:01:02,130 [Datanode State Machine Thread - 0] INFO  server.GrpcService (GrpcService.java:startImpl(158)) - f3f8a366-04a8-447c-8c9c-11275a3e7960: GrpcService started, listening on 0.0.0.0/0.0.0.0:39690
2019-11-13 23:01:02,131 [Datanode State Machine Thread - 0] INFO  server.GrpcService (GrpcService.java:startImpl(158)) - 2b518b36-d90d-4564-a57b-9224905a4de1: GrpcService started, listening on 0.0.0.0/0.0.0.0:38090
2019-11-13 23:01:02,131 [Datanode State Machine Thread - 0] INFO  ratis.XceiverServerRatis (XceiverServerRatis.java:start(431)) - XceiverServerRatis f3f8a366-04a8-447c-8c9c-11275a3e7960 is started using port 39690
2019-11-13 23:01:02,131 [Datanode State Machine Thread - 0] INFO  server.GrpcService (GrpcService.java:startImpl(158)) - a27d5411-7ba0-4758-adf2-2b792b77b144: GrpcService started, listening on 0.0.0.0/0.0.0.0:38909
2019-11-13 23:01:02,131 [Datanode State Machine Thread - 0] INFO  ratis.XceiverServerRatis (XceiverServerRatis.java:start(431)) - XceiverServerRatis 2b518b36-d90d-4564-a57b-9224905a4de1 is started using port 38090
2019-11-13 23:01:02,132 [Datanode State Machine Thread - 0] INFO  ratis.XceiverServerRatis (XceiverServerRatis.java:start(431)) - XceiverServerRatis a27d5411-7ba0-4758-adf2-2b792b77b144 is started using port 38909
2019-11-13 23:01:02,137 [Datanode State Machine Thread - 0] INFO  server.XceiverServerGrpc (XceiverServerGrpc.java:start(145)) - XceiverServerGrpc a27d5411-7ba0-4758-adf2-2b792b77b144 is started using port 44070
2019-11-13 23:01:02,138 [Datanode State Machine Thread - 0] INFO  server.XceiverServerGrpc (XceiverServerGrpc.java:start(145)) - XceiverServerGrpc 2b518b36-d90d-4564-a57b-9224905a4de1 is started using port 39022
2019-11-13 23:01:02,137 [Datanode State Machine Thread - 0] INFO  server.XceiverServerGrpc (XceiverServerGrpc.java:start(145)) - XceiverServerGrpc f3f8a366-04a8-447c-8c9c-11275a3e7960 is started using port 41003
2019-11-13 23:01:03,096 [main] INFO  ozone.MiniOzoneClusterImpl (MiniOzoneClusterImpl.java:lambda$waitForClusterToBeReady$2(171)) - Waiting for cluster to be ready. Got 0 of 3 DN Heartbeats.
2019-11-13 23:01:03,921 [IPC Server handler 0 on 37413] INFO  net.NetworkTopology (NetworkTopologyImpl.java:add(111)) - Added a new node: /default-rack/f3f8a366-04a8-447c-8c9c-11275a3e7960
2019-11-13 23:01:03,921 [IPC Server handler 0 on 37413] INFO  node.SCMNodeManager (SCMNodeManager.java:register(267)) - Registered Data node : f3f8a366-04a8-447c-8c9c-11275a3e7960{ip: 192.168.164.237, host: pr-hdds-2471-vxr4w-2980416436, networkLocation: /default-rack, certSerialId: null}
2019-11-13 23:01:03,925 [EventQueue-NodeRegistrationContainerReportForDataNodeSafeModeRule] INFO  safemode.SCMSafeModeManager (DataNodeSafeModeRule.java:process(71)) - SCM in safe mode. 1 DataNodes registered, 1 required.
2019-11-13 23:01:03,925 [EventQueue-NodeRegistrationContainerReportForDataNodeSafeModeRule] INFO  safemode.SCMSafeModeManager (SCMSafeModeManager.java:validateSafeModeExitRules(177)) - ScmSafeModeManager, all rules are successfully validated
2019-11-13 23:01:03,925 [EventQueue-NodeRegistrationContainerReportForDataNodeSafeModeRule] INFO  safemode.SCMSafeModeManager (SCMSafeModeManager.java:exitSafeMode(193)) - SCM exiting safe mode.
2019-11-13 23:01:04,000 [IPC Server handler 2 on 37413] INFO  net.NetworkTopology (NetworkTopologyImpl.java:add(111)) - Added a new node: /default-rack/2b518b36-d90d-4564-a57b-9224905a4de1
2019-11-13 23:01:04,000 [IPC Server handler 2 on 37413] INFO  node.SCMNodeManager (SCMNodeManager.java:register(267)) - Registered Data node : 2b518b36-d90d-4564-a57b-9224905a4de1{ip: 192.168.164.237, host: pr-hdds-2471-vxr4w-2980416436, networkLocation: /default-rack, certSerialId: null}
2019-11-13 23:01:04,099 [IPC Server handler 3 on 37413] INFO  net.NetworkTopology (NetworkTopologyImpl.java:add(111)) - Added a new node: /default-rack/a27d5411-7ba0-4758-adf2-2b792b77b144
2019-11-13 23:01:04,099 [IPC Server handler 3 on 37413] INFO  node.SCMNodeManager (SCMNodeManager.java:register(267)) - Registered Data node : a27d5411-7ba0-4758-adf2-2b792b77b144{ip: 192.168.164.237, host: pr-hdds-2471-vxr4w-2980416436, networkLocation: /default-rack, certSerialId: null}
2019-11-13 23:01:04,405 [grpc-default-executor-0] INFO  impl.RaftServerProxy (RaftServerProxy.java:addNew(89)) - f3f8a366-04a8-447c-8c9c-11275a3e7960: addNew group-A3B46D6638C2:[f3f8a366-04a8-447c-8c9c-11275a3e7960:192.168.164.237:39690] returns group-A3B46D6638C2:java.util.concurrent.CompletableFuture@6eef8e9f[Not completed]
2019-11-13 23:01:04,414 [pool-27-thread-1] INFO  impl.RaftServerImpl (RaftServerImpl.java:<init>(98)) - f3f8a366-04a8-447c-8c9c-11275a3e7960: new RaftServerImpl for group-A3B46D6638C2:[f3f8a366-04a8-447c-8c9c-11275a3e7960:192.168.164.237:39690] with ContainerStateMachine:uninitialized
2019-11-13 23:01:04,417 [pool-27-thread-1] INFO  server.RaftServerConfigKeys (ConfUtils.java:logGet(43)) - raft.server.rpc.timeout.min = 5s (custom)
2019-11-13 23:01:04,417 [pool-27-thread-1] INFO  server.RaftServerConfigKeys (ConfUtils.java:logGet(43)) - raft.server.rpc.timeout.max = 5200ms (custom)
2019-11-13 23:01:04,417 [pool-27-thread-1] INFO  server.RaftServerConfigKeys (ConfUtils.java:logGet(43)) - raft.server.rpcslowness.timeout = 120s (custom)
2019-11-13 23:01:04,418 [pool-27-thread-1] INFO  server.RaftServerConfigKeys (ConfUtils.java:logGet(43)) - raft.server.sleep.deviation.threshold = 300 (default)
2019-11-13 23:01:04,419 [pool-27-thread-1] INFO  server.RaftServerConfigKeys (ConfUtils.java:logGet(43)) - raft.server.log.appender.install.snapshot.enabled = false (custom)
2019-11-13 23:01:04,425 [pool-27-thread-1] INFO  impl.RaftServerImpl (ServerState.java:<init>(103)) - f3f8a366-04a8-447c-8c9c-11275a3e7960@group-A3B46D6638C2: ConfigurationManager, init=-1: [f3f8a366-04a8-447c-8c9c-11275a3e7960:192.168.164.237:39690], old=null, confs=<EMPTY_MAP>
2019-11-13 23:01:04,426 [pool-27-thread-1] INFO  server.RaftServerConfigKeys (ConfUtils.java:logGet(43)) - raft.server.storage.dir = [/workdir/hadoop-ozone/tools/target/test-dir/MiniOzoneClusterImpl-4b653e79-0c46-4b0e-80a2-ec6314d5d114/datanode-0/data/ratis] (custom)
2019-11-13 23:01:04,432 [pool-27-thread-1] INFO  server.RaftServerConfigKeys (ConfUtils.java:logGet(43)) - raft.server.log.corruption.policy = EXCEPTION (default)
2019-11-13 23:01:04,434 [pool-27-thread-1] INFO  storage.RaftStorageDirectory (RaftStorageDirectory.java:analyzeStorage(246)) - The storage directory /workdir/hadoop-ozone/tools/target/test-dir/MiniOzoneClusterImpl-4b653e79-0c46-4b0e-80a2-ec6314d5d114/datanode-0/data/ratis/2e41db99-f35f-4c93-8109-a3b46d6638c2 does not exist. Creating ...
2019-11-13 23:01:04,460 [pool-27-thread-1] INFO  storage.RaftStorageDirectory (RaftStorageDirectory.java:tryLock(328)) - Lock on /workdir/hadoop-ozone/tools/target/test-dir/MiniOzoneClusterImpl-4b653e79-0c46-4b0e-80a2-ec6314d5d114/datanode-0/data/ratis/2e41db99-f35f-4c93-8109-a3b46d6638c2/in_use.lock acquired by nodename 14681@pr-hdds-2471-vxr4w-2980416436
2019-11-13 23:01:04,467 [pool-27-thread-1] INFO  storage.RaftStorage (RaftStorage.java:format(84)) - Storage directory /workdir/hadoop-ozone/tools/target/test-dir/MiniOzoneClusterImpl-4b653e79-0c46-4b0e-80a2-ec6314d5d114/datanode-0/data/ratis/2e41db99-f35f-4c93-8109-a3b46d6638c2 has been successfully formatted.
2019-11-13 23:01:04,470 [pool-27-thread-1] INFO  ratis.ContainerStateMachine (ContainerStateMachine.java:loadSnapshot(223)) - group-A3B46D6638C2: The snapshot info is null. Setting the last applied indexto:(t:0, i:~)
2019-11-13 23:01:04,470 [pool-27-thread-1] INFO  server.RaftServerConfigKeys (ConfUtils.java:logGet(43)) - raft.server.notification.no-leader.timeout = 120s (custom)
2019-11-13 23:01:04,472 [pool-27-thread-1] INFO  server.RaftServerConfigKeys (ConfUtils.java:logGet(43)) - raft.server.log.use.memory = false (default)
2019-11-13 23:01:04,477 [pool-27-thread-1] INFO  server.RaftServerConfigKeys (ConfUtils.java:logGet(43)) - raft.server.log.purge.gap = 1000000 (custom)
2019-11-13 23:01:04,477 [pool-27-thread-1] INFO  server.RaftServerConfigKeys (ConfUtils.java:logGet(43)) - raft.server.log.appender.buffer.byte-limit = 33554432 (custom)
2019-11-13 23:01:04,479 [pool-27-thread-1] INFO  server.RaftServerConfigKeys (ConfUtils.java:logGet(43)) - raft.server.log.segment.size.max = 1048576 (custom)
2019-11-13 23:01:04,484 [pool-27-thread-1] INFO  metrics.MetricRegistries (MetricRegistriesLoader.java:load(64)) - Loaded MetricRegistries class org.apache.ratis.metrics.impl.MetricRegistriesImpl
2019-11-13 23:01:04,488 [pool-27-thread-1] WARN  impl.MetricRegistriesImpl (MetricRegistriesImpl.java:lambda$create$1(61)) - First MetricRegistry has been created without registering reporters. You may need to call MetricRegistries.global().addReportRegistration(...) before.
2019-11-13 23:01:04,493 [pool-27-thread-1] INFO  server.RaftServerConfigKeys (ConfUtils.java:logGet(43)) - raft.server.log.segment.cache.num.max = 2 (custom)
2019-11-13 23:01:04,497 [pool-27-thread-1] INFO  segmented.SegmentedRaftLogWorker (SegmentedRaftLogWorker.java:<init>(173)) - new f3f8a366-04a8-447c-8c9c-11275a3e7960@group-A3B46D6638C2-SegmentedRaftLogWorker for RaftStorage:Storage Directory /workdir/hadoop-ozone/tools/target/test-dir/MiniOzoneClusterImpl-4b653e79-0c46-4b0e-80a2-ec6314d5d114/datanode-0/data/ratis/2e41db99-f35f-4c93-8109-a3b46d6638c2
2019-11-13 23:01:04,498 [pool-27-thread-1] INFO  server.RaftServerConfigKeys (ConfUtils.java:logGet(43)) - raft.server.log.queue.byte-limit = 2147483647 (custom)
2019-11-13 23:01:04,498 [pool-27-thread-1] INFO  server.RaftServerConfigKeys (ConfUtils.java:logGet(43)) - raft.server.log.queue.element-limit = 1024 (custom)
2019-11-13 23:01:04,499 [pool-27-thread-1] INFO  server.RaftServerConfigKeys (ConfUtils.java:logGet(43)) - raft.server.log.segment.size.max = 1048576 (custom)
2019-11-13 23:01:04,500 [pool-27-thread-1] INFO  server.RaftServerConfigKeys (ConfUtils.java:logGet(43)) - raft.server.log.preallocated.size = 16384 (custom)
2019-11-13 23:01:04,500 [pool-27-thread-1] INFO  server.RaftServerConfigKeys (ConfUtils.java:logGet(43)) - raft.server.log.write.buffer.size = 33554432 (custom)
2019-11-13 23:01:04,501 [pool-27-thread-1] INFO  server.RaftServerConfigKeys (ConfUtils.java:logGet(43)) - raft.server.log.force.sync.num = 128 (default)
2019-11-13 23:01:04,502 [pool-27-thread-1] INFO  server.RaftServerConfigKeys (ConfUtils.java:logGet(43)) - raft.server.log.statemachine.data.sync = true (default)
2019-11-13 23:01:04,502 [pool-27-thread-1] INFO  server.RaftServerConfigKeys (ConfUtils.java:logGet(43)) - raft.server.log.statemachine.data.sync.timeout = 10s (default)
2019-11-13 23:01:04,502 [pool-27-thread-1] INFO  server.RaftServerConfigKeys (ConfUtils.java:logGet(43)) - raft.server.log.statemachine.data.sync.timeout.retry = -1 (default)
2019-11-13 23:01:04,513 [pool-27-thread-1] INFO  server.RaftServerConfigKeys (ConfUtils.java:logGet(43)) - raft.server.log.statemachine.data.caching.enabled = true (custom)
2019-11-13 23:01:04,517 [pool-27-thread-1] INFO  segmented.SegmentedRaftLogWorker (SegmentedRaftLogWorker.java:lambda$new$0(128)) - f3f8a366-04a8-447c-8c9c-11275a3e7960@group-A3B46D6638C2-SegmentedRaftLogWorker: flushIndex: setUnconditionally 0 -> -1
2019-11-13 23:01:04,521 [pool-27-thread-1] INFO  server.RaftServerConfigKeys (ConfUtils.java:logGet(43)) - raft.server.snapshot.auto.trigger.enabled = true (custom)
2019-11-13 23:01:04,522 [pool-27-thread-1] INFO  server.RaftServerConfigKeys (ConfUtils.java:logGet(43)) - raft.server.snapshot.auto.trigger.threshold = 10000 (custom)
2019-11-13 23:01:04,522 [pool-27-thread-1] INFO  server.RaftServerConfigKeys (ConfUtils.java:logGet(43)) - raft.server.snapshot.retention.file.num = 5 (custom)
2019-11-13 23:01:04,523 [pool-27-thread-1] INFO  server.RaftServerConfigKeys (ConfUtils.java:logGet(43)) - raft.server.retrycache.expirytime = 600000ms (custom)
2019-11-13 23:01:04,541 [pool-27-thread-1] WARN  impl.MetricRegistriesImpl (MetricRegistriesImpl.java:lambda$create$1(61)) - First MetricRegistry has been created without registering reporters. You may need to call MetricRegistries.global().addReportRegistration(...) before.
2019-11-13 23:01:04,543 [pool-27-thread-1] WARN  impl.MetricRegistriesImpl (MetricRegistriesImpl.java:lambda$create$1(61)) - First MetricRegistry has been created without registering reporters. You may need to call MetricRegistries.global().addReportRegistration(...) before.
2019-11-13 23:01:04,544 [pool-27-thread-1] INFO  impl.RaftServerImpl (RaftServerImpl.java:start(184)) - f3f8a366-04a8-447c-8c9c-11275a3e7960@group-A3B46D6638C2: start as a follower, conf=-1: [f3f8a366-04a8-447c-8c9c-11275a3e7960:192.168.164.237:39690], old=null
2019-11-13 23:01:04,545 [pool-27-thread-1] INFO  impl.RaftServerImpl (RaftServerImpl.java:setRole(173)) - f3f8a366-04a8-447c-8c9c-11275a3e7960@group-A3B46D6638C2: changes role from      null to FOLLOWER at term 0 for startAsFollower
2019-11-13 23:01:04,546 [pool-27-thread-1] INFO  impl.RoleInfo (RoleInfo.java:updateAndGet(143)) - f3f8a366-04a8-447c-8c9c-11275a3e7960: start FollowerState
2019-11-13 23:01:04,548 [pool-27-thread-1] INFO  util.JmxRegister (JmxRegister.java:tryRegister(44)) - Successfully registered JMX Bean with object name Ratis:service=RaftServer,group=group-A3B46D6638C2,id=f3f8a366-04a8-447c-8c9c-11275a3e7960
2019-11-13 23:01:04,550 [pool-27-thread-1] WARN  impl.MetricRegistriesImpl (MetricRegistriesImpl.java:lambda$create$1(61)) - First MetricRegistry has been created without registering reporters. You may need to call MetricRegistries.global().addReportRegistration(...) before.
2019-11-13 23:01:04,611 [RatisPipelineUtilsThread] INFO  pipeline.PipelineStateManager (PipelineStateManager.java:addPipeline(55)) - Created pipeline Pipeline[ Id: 2e41db99-f35f-4c93-8109-a3b46d6638c2, Nodes: f3f8a366-04a8-447c-8c9c-11275a3e7960{ip: 192.168.164.237, host: pr-hdds-2471-vxr4w-2980416436, networkLocation: /default-rack, certSerialId: null}, Type:RATIS, Factor:ONE, State:ALLOCATED]
2019-11-13 23:01:04,627 [grpc-default-executor-0] INFO  impl.RaftServerProxy (RaftServerProxy.java:addNew(89)) - 2b518b36-d90d-4564-a57b-9224905a4de1: addNew group-F0B00BC9E034:[2b518b36-d90d-4564-a57b-9224905a4de1:192.168.164.237:38090] returns group-F0B00BC9E034:java.util.concurrent.CompletableFuture@7868e1ba[Not completed]
2019-11-13 23:01:04,643 [pool-37-thread-1] INFO  impl.RaftServerImpl (RaftServerImpl.java:<init>(98)) - 2b518b36-d90d-4564-a57b-9224905a4de1: new RaftServerImpl for group-F0B00BC9E034:[2b518b36-d90d-4564-a57b-9224905a4de1:192.168.164.237:38090] with ContainerStateMachine:uninitialized
2019-11-13 23:01:04,644 [pool-37-thread-1] INFO  server.RaftServerConfigKeys (ConfUtils.java:logGet(43)) - raft.server.rpc.timeout.min = 5s (custom)
2019-11-13 23:01:04,644 [pool-37-thread-1] INFO  server.RaftServerConfigKeys (ConfUtils.java:logGet(43)) - raft.server.rpc.timeout.max = 5200ms (custom)
2019-11-13 23:01:04,645 [pool-37-thread-1] INFO  server.RaftServerConfigKeys (ConfUtils.java:logGet(43)) - raft.server.rpcslowness.timeout = 120s (custom)
2019-11-13 23:01:04,645 [pool-37-thread-1] INFO  server.RaftServerConfigKeys (ConfUtils.java:logGet(43)) - raft.server.sleep.deviation.threshold = 300 (default)
2019-11-13 23:01:04,645 [pool-37-thread-1] INFO  server.RaftServerConfigKeys (ConfUtils.java:logGet(43)) - raft.server.log.appender.install.snapshot.enabled = false (custom)
2019-11-13 23:01:04,645 [pool-37-thread-1] INFO  impl.RaftServerImpl (ServerState.java:<init>(103)) - 2b518b36-d90d-4564-a57b-9224905a4de1@group-F0B00BC9E034: ConfigurationManager, init=-1: [2b518b36-d90d-4564-a57b-9224905a4de1:192.168.164.237:38090], old=null, confs=<EMPTY_MAP>
2019-11-13 23:01:04,645 [pool-37-thread-1] INFO  server.RaftServerConfigKeys (ConfUtils.java:logGet(43)) - raft.server.storage.dir = [/workdir/hadoop-ozone/tools/target/test-dir/MiniOzoneClusterImpl-4b653e79-0c46-4b0e-80a2-ec6314d5d114/datanode-1/data/ratis] (custom)
2019-11-13 23:01:04,646 [pool-37-thread-1] INFO  server.RaftServerConfigKeys (ConfUtils.java:logGet(43)) - raft.server.log.corruption.policy = EXCEPTION (default)
2019-11-13 23:01:04,646 [pool-37-thread-1] INFO  storage.RaftStorageDirectory (RaftStorageDirectory.java:analyzeStorage(246)) - The storage directory /workdir/hadoop-ozone/tools/target/test-dir/MiniOzoneClusterImpl-4b653e79-0c46-4b0e-80a2-ec6314d5d114/datanode-1/data/ratis/75629e92-916d-459b-8573-f0b00bc9e034 does not exist. Creating ...
2019-11-13 23:01:04,660 [pool-37-thread-1] INFO  storage.RaftStorageDirectory (RaftStorageDirectory.java:tryLock(328)) - Lock on /workdir/hadoop-ozone/tools/target/test-dir/MiniOzoneClusterImpl-4b653e79-0c46-4b0e-80a2-ec6314d5d114/datanode-1/data/ratis/75629e92-916d-459b-8573-f0b00bc9e034/in_use.lock acquired by nodename 14681@pr-hdds-2471-vxr4w-2980416436
2019-11-13 23:01:04,664 [pool-37-thread-1] INFO  storage.RaftStorage (RaftStorage.java:format(84)) - Storage directory /workdir/hadoop-ozone/tools/target/test-dir/MiniOzoneClusterImpl-4b653e79-0c46-4b0e-80a2-ec6314d5d114/datanode-1/data/ratis/75629e92-916d-459b-8573-f0b00bc9e034 has been successfully formatted.
2019-11-13 23:01:04,665 [pool-37-thread-1] INFO  ratis.ContainerStateMachine (ContainerStateMachine.java:loadSnapshot(223)) - group-F0B00BC9E034: The snapshot info is null. Setting the last applied indexto:(t:0, i:~)
2019-11-13 23:01:04,665 [pool-37-thread-1] INFO  server.RaftServerConfigKeys (ConfUtils.java:logGet(43)) - raft.server.notification.no-leader.timeout = 120s (custom)
2019-11-13 23:01:04,665 [pool-37-thread-1] INFO  server.RaftServerConfigKeys (ConfUtils.java:logGet(43)) - raft.server.log.use.memory = false (default)
2019-11-13 23:01:04,666 [pool-37-thread-1] INFO  server.RaftServerConfigKeys (ConfUtils.java:logGet(43)) - raft.server.log.purge.gap = 1000000 (custom)
2019-11-13 23:01:04,666 [pool-37-thread-1] INFO  server.RaftServerConfigKeys (ConfUtils.java:logGet(43)) - raft.server.log.appender.buffer.byte-limit = 33554432 (custom)
2019-11-13 23:01:04,666 [pool-37-thread-1] INFO  server.RaftServerConfigKeys (ConfUtils.java:logGet(43)) - raft.server.log.segment.size.max = 1048576 (custom)
2019-11-13 23:01:04,666 [pool-37-thread-1] WARN  impl.MetricRegistriesImpl (MetricRegistriesImpl.java:lambda$create$1(61)) - First MetricRegistry has been created without registering reporters. You may need to call MetricRegistries.global().addReportRegistration(...) before.
2019-11-13 23:01:04,667 [pool-37-thread-1] INFO  server.RaftServerConfigKeys (ConfUtils.java:logGet(43)) - raft.server.log.segment.cache.num.max = 2 (custom)
2019-11-13 23:01:04,667 [pool-37-thread-1] INFO  segmented.SegmentedRaftLogWorker (SegmentedRaftLogWorker.java:<init>(173)) - new 2b518b36-d90d-4564-a57b-9224905a4de1@group-F0B00BC9E034-SegmentedRaftLogWorker for RaftStorage:Storage Directory /workdir/hadoop-ozone/tools/target/test-dir/MiniOzoneClusterImpl-4b653e79-0c46-4b0e-80a2-ec6314d5d114/datanode-1/data/ratis/75629e92-916d-459b-8573-f0b00bc9e034
2019-11-13 23:01:04,668 [pool-37-thread-1] INFO  server.RaftServerConfigKeys (ConfUtils.java:logGet(43)) - raft.server.log.queue.byte-limit = 2147483647 (custom)
2019-11-13 23:01:04,668 [pool-37-thread-1] INFO  server.RaftServerConfigKeys (ConfUtils.java:logGet(43)) - raft.server.log.queue.element-limit = 1024 (custom)
2019-11-13 23:01:04,668 [pool-37-thread-1] INFO  server.RaftServerConfigKeys (ConfUtils.java:logGet(43)) - raft.server.log.segment.size.max = 1048576 (custom)
2019-11-13 23:01:04,668 [pool-37-thread-1] INFO  server.RaftServerConfigKeys (ConfUtils.java:logGet(43)) - raft.server.log.preallocated.size = 16384 (custom)
2019-11-13 23:01:04,668 [pool-37-thread-1] INFO  server.RaftServerConfigKeys (ConfUtils.java:logGet(43)) - raft.server.log.write.buffer.size = 33554432 (custom)
2019-11-13 23:01:04,669 [pool-37-thread-1] INFO  server.RaftServerConfigKeys (ConfUtils.java:logGet(43)) - raft.server.log.force.sync.num = 128 (default)
2019-11-13 23:01:04,669 [pool-37-thread-1] INFO  server.RaftServerConfigKeys (ConfUtils.java:logGet(43)) - raft.server.log.statemachine.data.sync = true (default)
2019-11-13 23:01:04,669 [pool-37-thread-1] INFO  server.RaftServerConfigKeys (ConfUtils.java:logGet(43)) - raft.server.log.statemachine.data.sync.timeout = 10s (default)
2019-11-13 23:01:04,669 [pool-37-thread-1] INFO  server.RaftServerConfigKeys (ConfUtils.java:logGet(43)) - raft.server.log.statemachine.data.sync.timeout.retry = -1 (default)
2019-11-13 23:01:04,670 [pool-37-thread-1] INFO  server.RaftServerConfigKeys (ConfUtils.java:logGet(43)) - raft.server.log.statemachine.data.caching.enabled = true (custom)
2019-11-13 23:01:04,670 [pool-37-thread-1] INFO  segmented.SegmentedRaftLogWorker (SegmentedRaftLogWorker.java:lambda$new$0(128)) - 2b518b36-d90d-4564-a57b-9224905a4de1@group-F0B00BC9E034-SegmentedRaftLogWorker: flushIndex: setUnconditionally 0 -> -1
2019-11-13 23:01:04,671 [pool-37-thread-1] INFO  server.RaftServerConfigKeys (ConfUtils.java:logGet(43)) - raft.server.snapshot.auto.trigger.enabled = true (custom)
2019-11-13 23:01:04,671 [pool-37-thread-1] INFO  server.RaftServerConfigKeys (ConfUtils.java:logGet(43)) - raft.server.snapshot.auto.trigger.threshold = 10000 (custom)
2019-11-13 23:01:04,671 [pool-37-thread-1] INFO  server.RaftServerConfigKeys (ConfUtils.java:logGet(43)) - raft.server.snapshot.retention.file.num = 5 (custom)
2019-11-13 23:01:04,671 [pool-37-thread-1] INFO  server.RaftServerConfigKeys (ConfUtils.java:logGet(43)) - raft.server.retrycache.expirytime = 600000ms (custom)
2019-11-13 23:01:04,672 [pool-37-thread-1] WARN  impl.MetricRegistriesImpl (MetricRegistriesImpl.java:lambda$create$1(61)) - First MetricRegistry has been created without registering reporters. You may need to call MetricRegistries.global().addReportRegistration(...) before.
2019-11-13 23:01:04,672 [pool-37-thread-1] WARN  impl.MetricRegistriesImpl (MetricRegistriesImpl.java:lambda$create$1(61)) - First MetricRegistry has been created without registering reporters. You may need to call MetricRegistries.global().addReportRegistration(...) before.
2019-11-13 23:01:04,672 [pool-37-thread-1] INFO  impl.RaftServerImpl (RaftServerImpl.java:start(184)) - 2b518b36-d90d-4564-a57b-9224905a4de1@group-F0B00BC9E034: start as a follower, conf=-1: [2b518b36-d90d-4564-a57b-9224905a4de1:192.168.164.237:38090], old=null
2019-11-13 23:01:04,672 [pool-37-thread-1] INFO  impl.RaftServerImpl (RaftServerImpl.java:setRole(173)) - 2b518b36-d90d-4564-a57b-9224905a4de1@group-F0B00BC9E034: changes role from      null to FOLLOWER at term 0 for startAsFollower
2019-11-13 23:01:04,672 [pool-37-thread-1] INFO  impl.RoleInfo (RoleInfo.java:updateAndGet(143)) - 2b518b36-d90d-4564-a57b-9224905a4de1: start FollowerState
2019-11-13 23:01:04,673 [pool-37-thread-1] INFO  util.JmxRegister (JmxRegister.java:tryRegister(44)) - Successfully registered JMX Bean with object name Ratis:service=RaftServer,group=group-F0B00BC9E034,id=2b518b36-d90d-4564-a57b-9224905a4de1
2019-11-13 23:01:04,674 [pool-37-thread-1] WARN  impl.MetricRegistriesImpl (MetricRegistriesImpl.java:lambda$create$1(61)) - First MetricRegistry has been created without registering reporters. You may need to call MetricRegistries.global().addReportRegistration(...) before.
2019-11-13 23:01:04,682 [RatisPipelineUtilsThread] INFO  pipeline.PipelineStateManager (PipelineStateManager.java:addPipeline(55)) - Created pipeline Pipeline[ Id: 75629e92-916d-459b-8573-f0b00bc9e034, Nodes: 2b518b36-d90d-4564-a57b-9224905a4de1{ip: 192.168.164.237, host: pr-hdds-2471-vxr4w-2980416436, networkLocation: /default-rack, certSerialId: null}, Type:RATIS, Factor:ONE, State:ALLOCATED]
2019-11-13 23:01:04,697 [grpc-default-executor-0] INFO  impl.RaftServerProxy (RaftServerProxy.java:addNew(89)) - a27d5411-7ba0-4758-adf2-2b792b77b144: addNew group-3897ABF66C7F:[a27d5411-7ba0-4758-adf2-2b792b77b144:192.168.164.237:38909] returns group-3897ABF66C7F:java.util.concurrent.CompletableFuture@2090069c[Not completed]
2019-11-13 23:01:04,709 [pool-47-thread-1] INFO  impl.RaftServerImpl (RaftServerImpl.java:<init>(98)) - a27d5411-7ba0-4758-adf2-2b792b77b144: new RaftServerImpl for group-3897ABF66C7F:[a27d5411-7ba0-4758-adf2-2b792b77b144:192.168.164.237:38909] with ContainerStateMachine:uninitialized
2019-11-13 23:01:04,710 [pool-47-thread-1] INFO  server.RaftServerConfigKeys (ConfUtils.java:logGet(43)) - raft.server.rpc.timeout.min = 5s (custom)
2019-11-13 23:01:04,710 [pool-47-thread-1] INFO  server.RaftServerConfigKeys (ConfUtils.java:logGet(43)) - raft.server.rpc.timeout.max = 5200ms (custom)
2019-11-13 23:01:04,711 [pool-47-thread-1] INFO  server.RaftServerConfigKeys (ConfUtils.java:logGet(43)) - raft.server.rpcslowness.timeout = 120s (custom)
2019-11-13 23:01:04,711 [pool-47-thread-1] INFO  server.RaftServerConfigKeys (ConfUtils.java:logGet(43)) - raft.server.sleep.deviation.threshold = 300 (default)
2019-11-13 23:01:04,711 [pool-47-thread-1] INFO  server.RaftServerConfigKeys (ConfUtils.java:logGet(43)) - raft.server.log.appender.install.snapshot.enabled = false (custom)
2019-11-13 23:01:04,711 [pool-47-thread-1] INFO  impl.RaftServerImpl (ServerState.java:<init>(103)) - a27d5411-7ba0-4758-adf2-2b792b77b144@group-3897ABF66C7F: ConfigurationManager, init=-1: [a27d5411-7ba0-4758-adf2-2b792b77b144:192.168.164.237:38909], old=null, confs=<EMPTY_MAP>
2019-11-13 23:01:04,712 [pool-47-thread-1] INFO  server.RaftServerConfigKeys (ConfUtils.java:logGet(43)) - raft.server.storage.dir = [/workdir/hadoop-ozone/tools/target/test-dir/MiniOzoneClusterImpl-4b653e79-0c46-4b0e-80a2-ec6314d5d114/datanode-2/data/ratis] (custom)
2019-11-13 23:01:04,712 [pool-47-thread-1] INFO  server.RaftServerConfigKeys (ConfUtils.java:logGet(43)) - raft.server.log.corruption.policy = EXCEPTION (default)
2019-11-13 23:01:04,712 [pool-47-thread-1] INFO  storage.RaftStorageDirectory (RaftStorageDirectory.java:analyzeStorage(246)) - The storage directory /workdir/hadoop-ozone/tools/target/test-dir/MiniOzoneClusterImpl-4b653e79-0c46-4b0e-80a2-ec6314d5d114/datanode-2/data/ratis/cbd6d587-a55d-422b-af67-3897abf66c7f does not exist. Creating ...
2019-11-13 23:01:04,726 [pool-47-thread-1] INFO  storage.RaftStorageDirectory (RaftStorageDirectory.java:tryLock(328)) - Lock on /workdir/hadoop-ozone/tools/target/test-dir/MiniOzoneClusterImpl-4b653e79-0c46-4b0e-80a2-ec6314d5d114/datanode-2/data/ratis/cbd6d587-a55d-422b-af67-3897abf66c7f/in_use.lock acquired by nodename 14681@pr-hdds-2471-vxr4w-2980416436
2019-11-13 23:01:04,748 [pool-47-thread-1] INFO  storage.RaftStorage (RaftStorage.java:format(84)) - Storage directory /workdir/hadoop-ozone/tools/target/test-dir/MiniOzoneClusterImpl-4b653e79-0c46-4b0e-80a2-ec6314d5d114/datanode-2/data/ratis/cbd6d587-a55d-422b-af67-3897abf66c7f has been successfully formatted.
2019-11-13 23:01:04,748 [pool-47-thread-1] INFO  ratis.ContainerStateMachine (ContainerStateMachine.java:loadSnapshot(223)) - group-3897ABF66C7F: The snapshot info is null. Setting the last applied indexto:(t:0, i:~)
2019-11-13 23:01:04,748 [pool-47-thread-1] INFO  server.RaftServerConfigKeys (ConfUtils.java:logGet(43)) - raft.server.notification.no-leader.timeout = 120s (custom)
2019-11-13 23:01:04,748 [pool-47-thread-1] INFO  server.RaftServerConfigKeys (ConfUtils.java:logGet(43)) - raft.server.log.use.memory = false (default)
2019-11-13 23:01:04,749 [pool-47-thread-1] INFO  server.RaftServerConfigKeys (ConfUtils.java:logGet(43)) - raft.server.log.purge.gap = 1000000 (custom)
2019-11-13 23:01:04,749 [pool-47-thread-1] INFO  server.RaftServerConfigKeys (ConfUtils.java:logGet(43)) - raft.server.log.appender.buffer.byte-limit = 33554432 (custom)
2019-11-13 23:01:04,749 [pool-47-thread-1] INFO  server.RaftServerConfigKeys (ConfUtils.java:logGet(43)) - raft.server.log.segment.size.max = 1048576 (custom)
2019-11-13 23:01:04,749 [pool-47-thread-1] WARN  impl.MetricRegistriesImpl (MetricRegistriesImpl.java:lambda$create$1(61)) - First MetricRegistry has been created without registering reporters. You may need to call MetricRegistries.global().addReportRegistration(...) before.
2019-11-13 23:01:04,749 [pool-47-thread-1] INFO  server.RaftServerConfigKeys (ConfUtils.java:logGet(43)) - raft.server.log.segment.cache.num.max = 2 (custom)
2019-11-13 23:01:04,749 [pool-47-thread-1] INFO  segmented.SegmentedRaftLogWorker (SegmentedRaftLogWorker.java:<init>(173)) - new a27d5411-7ba0-4758-adf2-2b792b77b144@group-3897ABF66C7F-SegmentedRaftLogWorker for RaftStorage:Storage Directory /workdir/hadoop-ozone/tools/target/test-dir/MiniOzoneClusterImpl-4b653e79-0c46-4b0e-80a2-ec6314d5d114/datanode-2/data/ratis/cbd6d587-a55d-422b-af67-3897abf66c7f
2019-11-13 23:01:04,750 [pool-47-thread-1] INFO  server.RaftServerConfigKeys (ConfUtils.java:logGet(43)) - raft.server.log.queue.byte-limit = 2147483647 (custom)
2019-11-13 23:01:04,750 [pool-47-thread-1] INFO  server.RaftServerConfigKeys (ConfUtils.java:logGet(43)) - raft.server.log.queue.element-limit = 1024 (custom)
2019-11-13 23:01:04,750 [pool-47-thread-1] INFO  server.RaftServerConfigKeys (ConfUtils.java:logGet(43)) - raft.server.log.segment.size.max = 1048576 (custom)
2019-11-13 23:01:04,750 [pool-47-thread-1] INFO  server.RaftServerConfigKeys (ConfUtils.java:logGet(43)) - raft.server.log.preallocated.size = 16384 (custom)
2019-11-13 23:01:04,750 [pool-47-thread-1] INFO  server.RaftServerConfigKeys (ConfUtils.java:logGet(43)) - raft.server.log.write.buffer.size = 33554432 (custom)
2019-11-13 23:01:04,750 [pool-47-thread-1] INFO  server.RaftServerConfigKeys (ConfUtils.java:logGet(43)) - raft.server.log.force.sync.num = 128 (default)
2019-11-13 23:01:04,751 [pool-47-thread-1] INFO  server.RaftServerConfigKeys (ConfUtils.java:logGet(43)) - raft.server.log.statemachine.data.sync = true (default)
2019-11-13 23:01:04,751 [pool-47-thread-1] INFO  server.RaftServerConfigKeys (ConfUtils.java:logGet(43)) - raft.server.log.statemachine.data.sync.timeout = 10s (default)
2019-11-13 23:01:04,751 [pool-47-thread-1] INFO  server.RaftServerConfigKeys (ConfUtils.java:logGet(43)) - raft.server.log.statemachine.data.sync.timeout.retry = -1 (default)
2019-11-13 23:01:04,751 [pool-47-thread-1] INFO  server.RaftServerConfigKeys (ConfUtils.java:logGet(43)) - raft.server.log.statemachine.data.caching.enabled = true (custom)
2019-11-13 23:01:04,752 [pool-47-thread-1] INFO  segmented.SegmentedRaftLogWorker (SegmentedRaftLogWorker.java:lambda$new$0(128)) - a27d5411-7ba0-4758-adf2-2b792b77b144@group-3897ABF66C7F-SegmentedRaftLogWorker: flushIndex: setUnconditionally 0 -> -1
2019-11-13 23:01:04,752 [pool-47-thread-1] INFO  server.RaftServerConfigKeys (ConfUtils.java:logGet(43)) - raft.server.snapshot.auto.trigger.enabled = true (custom)
2019-11-13 23:01:04,752 [pool-47-thread-1] INFO  server.RaftServerConfigKeys (ConfUtils.java:logGet(43)) - raft.server.snapshot.auto.trigger.threshold = 10000 (custom)
2019-11-13 23:01:04,753 [pool-47-thread-1] INFO  server.RaftServerConfigKeys (ConfUtils.java:logGet(43)) - raft.server.snapshot.retention.file.num = 5 (custom)
2019-11-13 23:01:04,753 [pool-47-thread-1] INFO  server.RaftServerConfigKeys (ConfUtils.java:logGet(43)) - raft.server.retrycache.expirytime = 600000ms (custom)
2019-11-13 23:01:04,753 [pool-47-thread-1] WARN  impl.MetricRegistriesImpl (MetricRegistriesImpl.java:lambda$create$1(61)) - First MetricRegistry has been created without registering reporters. You may need to call MetricRegistries.global().addReportRegistration(...) before.
2019-11-13 23:01:04,753 [pool-47-thread-1] WARN  impl.MetricRegistriesImpl (MetricRegistriesImpl.java:lambda$create$1(61)) - First MetricRegistry has been created without registering reporters. You may need to call MetricRegistries.global().addReportRegistration(...) before.
2019-11-13 23:01:04,754 [pool-47-thread-1] INFO  impl.RaftServerImpl (RaftServerImpl.java:start(184)) - a27d5411-7ba0-4758-adf2-2b792b77b144@group-3897ABF66C7F: start as a follower, conf=-1: [a27d5411-7ba0-4758-adf2-2b792b77b144:192.168.164.237:38909], old=null
2019-11-13 23:01:04,754 [pool-47-thread-1] INFO  impl.RaftServerImpl (RaftServerImpl.java:setRole(173)) - a27d5411-7ba0-4758-adf2-2b792b77b144@group-3897ABF66C7F: changes role from      null to FOLLOWER at term 0 for startAsFollower
2019-11-13 23:01:04,754 [pool-47-thread-1] INFO  impl.RoleInfo (RoleInfo.java:updateAndGet(143)) - a27d5411-7ba0-4758-adf2-2b792b77b144: start FollowerState
2019-11-13 23:01:04,755 [pool-47-thread-1] INFO  util.JmxRegister (JmxRegister.java:tryRegister(44)) - Successfully registered JMX Bean with object name Ratis:service=RaftServer,group=group-3897ABF66C7F,id=a27d5411-7ba0-4758-adf2-2b792b77b144
2019-11-13 23:01:04,755 [pool-47-thread-1] WARN  impl.MetricRegistriesImpl (MetricRegistriesImpl.java:lambda$create$1(61)) - First MetricRegistry has been created without registering reporters. You may need to call MetricRegistries.global().addReportRegistration(...) before.
2019-11-13 23:01:04,765 [RatisPipelineUtilsThread] INFO  pipeline.PipelineStateManager (PipelineStateManager.java:addPipeline(55)) - Created pipeline Pipeline[ Id: cbd6d587-a55d-422b-af67-3897abf66c7f, Nodes: a27d5411-7ba0-4758-adf2-2b792b77b144{ip: 192.168.164.237, host: pr-hdds-2471-vxr4w-2980416436, networkLocation: /default-rack, certSerialId: null}, Type:RATIS, Factor:ONE, State:ALLOCATED]
2019-11-13 23:01:04,797 [grpc-default-executor-1] INFO  impl.RaftServerProxy (RaftServerProxy.java:addNew(89)) - f3f8a366-04a8-447c-8c9c-11275a3e7960: addNew group-FE9206ACC810:[a27d5411-7ba0-4758-adf2-2b792b77b144:192.168.164.237:38909, f3f8a366-04a8-447c-8c9c-11275a3e7960:192.168.164.237:39690, 2b518b36-d90d-4564-a57b-9224905a4de1:192.168.164.237:38090] returns group-FE9206ACC810:java.util.concurrent.CompletableFuture@12c673d4[Not completed]
2019-11-13 23:01:04,797 [grpc-default-executor-2] INFO  impl.RaftServerProxy (RaftServerProxy.java:addNew(89)) - a27d5411-7ba0-4758-adf2-2b792b77b144: addNew group-FE9206ACC810:[a27d5411-7ba0-4758-adf2-2b792b77b144:192.168.164.237:38909, f3f8a366-04a8-447c-8c9c-11275a3e7960:192.168.164.237:39690, 2b518b36-d90d-4564-a57b-9224905a4de1:192.168.164.237:38090] returns group-FE9206ACC810:java.util.concurrent.CompletableFuture@21a3af4f[Not completed]
2019-11-13 23:01:04,801 [pool-27-thread-1] INFO  impl.RaftServerImpl (RaftServerImpl.java:<init>(98)) - f3f8a366-04a8-447c-8c9c-11275a3e7960: new RaftServerImpl for group-FE9206ACC810:[a27d5411-7ba0-4758-adf2-2b792b77b144:192.168.164.237:38909, f3f8a366-04a8-447c-8c9c-11275a3e7960:192.168.164.237:39690, 2b518b36-d90d-4564-a57b-9224905a4de1:192.168.164.237:38090] with ContainerStateMachine:uninitialized
2019-11-13 23:01:04,802 [pool-27-thread-1] INFO  server.RaftServerConfigKeys (ConfUtils.java:logGet(43)) - raft.server.rpc.timeout.min = 5s (custom)
2019-11-13 23:01:04,802 [pool-27-thread-1] INFO  server.RaftServerConfigKeys (ConfUtils.java:logGet(43)) - raft.server.rpc.timeout.max = 5200ms (custom)
2019-11-13 23:01:04,802 [grpc-default-executor-2] INFO  impl.RaftServerProxy (RaftServerProxy.java:addNew(89)) - 2b518b36-d90d-4564-a57b-9224905a4de1: addNew group-FE9206ACC810:[a27d5411-7ba0-4758-adf2-2b792b77b144:192.168.164.237:38909, f3f8a366-04a8-447c-8c9c-11275a3e7960:192.168.164.237:39690, 2b518b36-d90d-4564-a57b-9224905a4de1:192.168.164.237:38090] returns group-FE9206ACC810:java.util.concurrent.CompletableFuture@64a1351f[Not completed]
2019-11-13 23:01:04,802 [pool-27-thread-1] INFO  server.RaftServerConfigKeys (ConfUtils.java:logGet(43)) - raft.server.rpcslowness.timeout = 120s (custom)
2019-11-13 23:01:04,802 [pool-27-thread-1] INFO  server.RaftServerConfigKeys (ConfUtils.java:logGet(43)) - raft.server.sleep.deviation.threshold = 300 (default)
2019-11-13 23:01:04,803 [pool-27-thread-1] INFO  server.RaftServerConfigKeys (ConfUtils.java:logGet(43)) - raft.server.log.appender.install.snapshot.enabled = false (custom)
2019-11-13 23:01:04,803 [pool-27-thread-1] INFO  impl.RaftServerImpl (ServerState.java:<init>(103)) - f3f8a366-04a8-447c-8c9c-11275a3e7960@group-FE9206ACC810: ConfigurationManager, init=-1: [a27d5411-7ba0-4758-adf2-2b792b77b144:192.168.164.237:38909, f3f8a366-04a8-447c-8c9c-11275a3e7960:192.168.164.237:39690, 2b518b36-d90d-4564-a57b-9224905a4de1:192.168.164.237:38090], old=null, confs=<EMPTY_MAP>
2019-11-13 23:01:04,803 [pool-47-thread-1] INFO  impl.RaftServerImpl (RaftServerImpl.java:<init>(98)) - a27d5411-7ba0-4758-adf2-2b792b77b144: new RaftServerImpl for group-FE9206ACC810:[a27d5411-7ba0-4758-adf2-2b792b77b144:192.168.164.237:38909, f3f8a366-04a8-447c-8c9c-11275a3e7960:192.168.164.237:39690, 2b518b36-d90d-4564-a57b-9224905a4de1:192.168.164.237:38090] with ContainerStateMachine:uninitialized
2019-11-13 23:01:04,803 [pool-27-thread-1] INFO  server.RaftServerConfigKeys (ConfUtils.java:logGet(43)) - raft.server.storage.dir = [/workdir/hadoop-ozone/tools/target/test-dir/MiniOzoneClusterImpl-4b653e79-0c46-4b0e-80a2-ec6314d5d114/datanode-0/data/ratis] (custom)
2019-11-13 23:01:04,803 [pool-47-thread-1] INFO  server.RaftServerConfigKeys (ConfUtils.java:logGet(43)) - raft.server.rpc.timeout.min = 5s (custom)
2019-11-13 23:01:04,804 [pool-47-thread-1] INFO  server.RaftServerConfigKeys (ConfUtils.java:logGet(43)) - raft.server.rpc.timeout.max = 5200ms (custom)
2019-11-13 23:01:04,804 [pool-27-thread-1] INFO  server.RaftServerConfigKeys (ConfUtils.java:logGet(43)) - raft.server.log.corruption.policy = EXCEPTION (default)
2019-11-13 23:01:04,804 [pool-47-thread-1] INFO  server.RaftServerConfigKeys (ConfUtils.java:logGet(43)) - raft.server.rpcslowness.timeout = 120s (custom)
2019-11-13 23:01:04,804 [pool-27-thread-1] INFO  storage.RaftStorageDirectory (RaftStorageDirectory.java:analyzeStorage(246)) - The storage directory /workdir/hadoop-ozone/tools/target/test-dir/MiniOzoneClusterImpl-4b653e79-0c46-4b0e-80a2-ec6314d5d114/datanode-0/data/ratis/56ed6fe1-39eb-461e-b377-fe9206acc810 does not exist. Creating ...
2019-11-13 23:01:04,804 [pool-47-thread-1] INFO  server.RaftServerConfigKeys (ConfUtils.java:logGet(43)) - raft.server.sleep.deviation.threshold = 300 (default)
2019-11-13 23:01:04,804 [pool-47-thread-1] INFO  server.RaftServerConfigKeys (ConfUtils.java:logGet(43)) - raft.server.log.appender.install.snapshot.enabled = false (custom)
2019-11-13 23:01:04,804 [pool-47-thread-1] INFO  impl.RaftServerImpl (ServerState.java:<init>(103)) - a27d5411-7ba0-4758-adf2-2b792b77b144@group-FE9206ACC810: ConfigurationManager, init=-1: [a27d5411-7ba0-4758-adf2-2b792b77b144:192.168.164.237:38909, f3f8a366-04a8-447c-8c9c-11275a3e7960:192.168.164.237:39690, 2b518b36-d90d-4564-a57b-9224905a4de1:192.168.164.237:38090], old=null, confs=<EMPTY_MAP>
2019-11-13 23:01:04,805 [pool-37-thread-1] INFO  impl.RaftServerImpl (RaftServerImpl.java:<init>(98)) - 2b518b36-d90d-4564-a57b-9224905a4de1: new RaftServerImpl for group-FE9206ACC810:[a27d5411-7ba0-4758-adf2-2b792b77b144:192.168.164.237:38909, f3f8a366-04a8-447c-8c9c-11275a3e7960:192.168.164.237:39690, 2b518b36-d90d-4564-a57b-9224905a4de1:192.168.164.237:38090] with ContainerStateMachine:uninitialized
2019-11-13 23:01:04,805 [pool-47-thread-1] INFO  server.RaftServerConfigKeys (ConfUtils.java:logGet(43)) - raft.server.storage.dir = [/workdir/hadoop-ozone/tools/target/test-dir/MiniOzoneClusterImpl-4b653e79-0c46-4b0e-80a2-ec6314d5d114/datanode-2/data/ratis] (custom)
2019-11-13 23:01:04,805 [pool-37-thread-1] INFO  server.RaftServerConfigKeys (ConfUtils.java:logGet(43)) - raft.server.rpc.timeout.min = 5s (custom)
2019-11-13 23:01:04,805 [pool-37-thread-1] INFO  server.RaftServerConfigKeys (ConfUtils.java:logGet(43)) - raft.server.rpc.timeout.max = 5200ms (custom)
2019-11-13 23:01:04,805 [pool-47-thread-1] INFO  server.RaftServerConfigKeys (ConfUtils.java:logGet(43)) - raft.server.log.corruption.policy = EXCEPTION (default)
2019-11-13 23:01:04,805 [pool-37-thread-1] INFO  server.RaftServerConfigKeys (ConfUtils.java:logGet(43)) - raft.server.rpcslowness.timeout = 120s (custom)
2019-11-13 23:01:04,806 [pool-47-thread-1] INFO  storage.RaftStorageDirectory (RaftStorageDirectory.java:analyzeStorage(246)) - The storage directory /workdir/hadoop-ozone/tools/target/test-dir/MiniOzoneClusterImpl-4b653e79-0c46-4b0e-80a2-ec6314d5d114/datanode-2/data/ratis/56ed6fe1-39eb-461e-b377-fe9206acc810 does not exist. Creating ...
2019-11-13 23:01:04,806 [pool-37-thread-1] INFO  server.RaftServerConfigKeys (ConfUtils.java:logGet(43)) - raft.server.sleep.deviation.threshold = 300 (default)
2019-11-13 23:01:04,806 [pool-37-thread-1] INFO  server.RaftServerConfigKeys (ConfUtils.java:logGet(43)) - raft.server.log.appender.install.snapshot.enabled = false (custom)
2019-11-13 23:01:04,806 [pool-37-thread-1] INFO  impl.RaftServerImpl (ServerState.java:<init>(103)) - 2b518b36-d90d-4564-a57b-9224905a4de1@group-FE9206ACC810: ConfigurationManager, init=-1: [a27d5411-7ba0-4758-adf2-2b792b77b144:192.168.164.237:38909, f3f8a366-04a8-447c-8c9c-11275a3e7960:192.168.164.237:39690, 2b518b36-d90d-4564-a57b-9224905a4de1:192.168.164.237:38090], old=null, confs=<EMPTY_MAP>
2019-11-13 23:01:04,807 [pool-37-thread-1] INFO  server.RaftServerConfigKeys (ConfUtils.java:logGet(43)) - raft.server.storage.dir = [/workdir/hadoop-ozone/tools/target/test-dir/MiniOzoneClusterImpl-4b653e79-0c46-4b0e-80a2-ec6314d5d114/datanode-1/data/ratis] (custom)
2019-11-13 23:01:04,807 [pool-37-thread-1] INFO  server.RaftServerConfigKeys (ConfUtils.java:logGet(43)) - raft.server.log.corruption.policy = EXCEPTION (default)
2019-11-13 23:01:04,807 [pool-37-thread-1] INFO  storage.RaftStorageDirectory (RaftStorageDirectory.java:analyzeStorage(246)) - The storage directory /workdir/hadoop-ozone/tools/target/test-dir/MiniOzoneClusterImpl-4b653e79-0c46-4b0e-80a2-ec6314d5d114/datanode-1/data/ratis/56ed6fe1-39eb-461e-b377-fe9206acc810 does not exist. Creating ...
2019-11-13 23:01:04,818 [pool-47-thread-1] INFO  storage.RaftStorageDirectory (RaftStorageDirectory.java:tryLock(328)) - Lock on /workdir/hadoop-ozone/tools/target/test-dir/MiniOzoneClusterImpl-4b653e79-0c46-4b0e-80a2-ec6314d5d114/datanode-2/data/ratis/56ed6fe1-39eb-461e-b377-fe9206acc810/in_use.lock acquired by nodename 14681@pr-hdds-2471-vxr4w-2980416436
2019-11-13 23:01:04,818 [pool-37-thread-1] INFO  storage.RaftStorageDirectory (RaftStorageDirectory.java:tryLock(328)) - Lock on /workdir/hadoop-ozone/tools/target/test-dir/MiniOzoneClusterImpl-4b653e79-0c46-4b0e-80a2-ec6314d5d114/datanode-1/data/ratis/56ed6fe1-39eb-461e-b377-fe9206acc810/in_use.lock acquired by nodename 14681@pr-hdds-2471-vxr4w-2980416436
2019-11-13 23:01:04,818 [pool-27-thread-1] INFO  storage.RaftStorageDirectory (RaftStorageDirectory.java:tryLock(328)) - Lock on /workdir/hadoop-ozone/tools/target/test-dir/MiniOzoneClusterImpl-4b653e79-0c46-4b0e-80a2-ec6314d5d114/datanode-0/data/ratis/56ed6fe1-39eb-461e-b377-fe9206acc810/in_use.lock acquired by nodename 14681@pr-hdds-2471-vxr4w-2980416436
2019-11-13 23:01:04,832 [pool-37-thread-1] INFO  storage.RaftStorage (RaftStorage.java:format(84)) - Storage directory /workdir/hadoop-ozone/tools/target/test-dir/MiniOzoneClusterImpl-4b653e79-0c46-4b0e-80a2-ec6314d5d114/datanode-1/data/ratis/56ed6fe1-39eb-461e-b377-fe9206acc810 has been successfully formatted.
2019-11-13 23:01:04,832 [pool-47-thread-1] INFO  storage.RaftStorage (RaftStorage.java:format(84)) - Storage directory /workdir/hadoop-ozone/tools/target/test-dir/MiniOzoneClusterImpl-4b653e79-0c46-4b0e-80a2-ec6314d5d114/datanode-2/data/ratis/56ed6fe1-39eb-461e-b377-fe9206acc810 has been successfully formatted.
2019-11-13 23:01:04,832 [pool-27-thread-1] INFO  storage.RaftStorage (RaftStorage.java:format(84)) - Storage directory /workdir/hadoop-ozone/tools/target/test-dir/MiniOzoneClusterImpl-4b653e79-0c46-4b0e-80a2-ec6314d5d114/datanode-0/data/ratis/56ed6fe1-39eb-461e-b377-fe9206acc810 has been successfully formatted.
2019-11-13 23:01:04,832 [pool-37-thread-1] INFO  ratis.ContainerStateMachine (ContainerStateMachine.java:loadSnapshot(223)) - group-FE9206ACC810: The snapshot info is null. Setting the last applied indexto:(t:0, i:~)
2019-11-13 23:01:04,832 [pool-47-thread-1] INFO  ratis.ContainerStateMachine (ContainerStateMachine.java:loadSnapshot(223)) - group-FE9206ACC810: The snapshot info is null. Setting the last applied indexto:(t:0, i:~)
2019-11-13 23:01:04,833 [pool-37-thread-1] INFO  server.RaftServerConfigKeys (ConfUtils.java:logGet(43)) - raft.server.notification.no-leader.timeout = 120s (custom)
2019-11-13 23:01:04,833 [pool-27-thread-1] INFO  ratis.ContainerStateMachine (ContainerStateMachine.java:loadSnapshot(223)) - group-FE9206ACC810: The snapshot info is null. Setting the last applied indexto:(t:0, i:~)
2019-11-13 23:01:04,833 [pool-47-thread-1] INFO  server.RaftServerConfigKeys (ConfUtils.java:logGet(43)) - raft.server.notification.no-leader.timeout = 120s (custom)
2019-11-13 23:01:04,833 [pool-27-thread-1] INFO  server.RaftServerConfigKeys (ConfUtils.java:logGet(43)) - raft.server.notification.no-leader.timeout = 120s (custom)
2019-11-13 23:01:04,833 [pool-37-thread-1] INFO  server.RaftServerConfigKeys (ConfUtils.java:logGet(43)) - raft.server.log.use.memory = false (default)
2019-11-13 23:01:04,833 [pool-27-thread-1] INFO  server.RaftServerConfigKeys (ConfUtils.java:logGet(43)) - raft.server.log.use.memory = false (default)
2019-11-13 23:01:04,833 [pool-47-thread-1] INFO  server.RaftServerConfigKeys (ConfUtils.java:logGet(43)) - raft.server.log.use.memory = false (default)
2019-11-13 23:01:04,834 [pool-27-thread-1] INFO  server.RaftServerConfigKeys (ConfUtils.java:logGet(43)) - raft.server.log.purge.gap = 1000000 (custom)
2019-11-13 23:01:04,833 [pool-37-thread-1] INFO  server.RaftServerConfigKeys (ConfUtils.java:logGet(43)) - raft.server.log.purge.gap = 1000000 (custom)
2019-11-13 23:01:04,834 [pool-27-thread-1] INFO  server.RaftServerConfigKeys (ConfUtils.java:logGet(43)) - raft.server.log.appender.buffer.byte-limit = 33554432 (custom)
2019-11-13 23:01:04,834 [pool-47-thread-1] INFO  server.RaftServerConfigKeys (ConfUtils.java:logGet(43)) - raft.server.log.purge.gap = 1000000 (custom)
2019-11-13 23:01:04,834 [pool-27-thread-1] INFO  server.RaftServerConfigKeys (ConfUtils.java:logGet(43)) - raft.server.log.segment.size.max = 1048576 (custom)
2019-11-13 23:01:04,834 [pool-37-thread-1] INFO  server.RaftServerConfigKeys (ConfUtils.java:logGet(43)) - raft.server.log.appender.buffer.byte-limit = 33554432 (custom)
2019-11-13 23:01:04,835 [pool-27-thread-1] INFO  server.RaftServerConfigKeys (ConfUtils.java:logGet(43)) - raft.server.log.segment.cache.num.max = 2 (custom)
2019-11-13 23:01:04,834 [pool-47-thread-1] INFO  server.RaftServerConfigKeys (ConfUtils.java:logGet(43)) - raft.server.log.appender.buffer.byte-limit = 33554432 (custom)
2019-11-13 23:01:04,835 [pool-27-thread-1] INFO  segmented.SegmentedRaftLogWorker (SegmentedRaftLogWorker.java:<init>(173)) - new f3f8a366-04a8-447c-8c9c-11275a3e7960@group-FE9206ACC810-SegmentedRaftLogWorker for RaftStorage:Storage Directory /workdir/hadoop-ozone/tools/target/test-dir/MiniOzoneClusterImpl-4b653e79-0c46-4b0e-80a2-ec6314d5d114/datanode-0/data/ratis/56ed6fe1-39eb-461e-b377-fe9206acc810
2019-11-13 23:01:04,835 [pool-37-thread-1] INFO  server.RaftServerConfigKeys (ConfUtils.java:logGet(43)) - raft.server.log.segment.size.max = 1048576 (custom)
2019-11-13 23:01:04,835 [pool-27-thread-1] INFO  server.RaftServerConfigKeys (ConfUtils.java:logGet(43)) - raft.server.log.queue.byte-limit = 2147483647 (custom)
2019-11-13 23:01:04,835 [pool-47-thread-1] INFO  server.RaftServerConfigKeys (ConfUtils.java:logGet(43)) - raft.server.log.segment.size.max = 1048576 (custom)
2019-11-13 23:01:04,835 [pool-27-thread-1] INFO  server.RaftServerConfigKeys (ConfUtils.java:logGet(43)) - raft.server.log.queue.element-limit = 1024 (custom)
2019-11-13 23:01:04,835 [pool-37-thread-1] INFO  server.RaftServerConfigKeys (ConfUtils.java:logGet(43)) - raft.server.log.segment.cache.num.max = 2 (custom)
2019-11-13 23:01:04,836 [pool-27-thread-1] INFO  server.RaftServerConfigKeys (ConfUtils.java:logGet(43)) - raft.server.log.segment.size.max = 1048576 (custom)
2019-11-13 23:01:04,836 [pool-47-thread-1] INFO  server.RaftServerConfigKeys (ConfUtils.java:logGet(43)) - raft.server.log.segment.cache.num.max = 2 (custom)
2019-11-13 23:01:04,836 [pool-27-thread-1] INFO  server.RaftServerConfigKeys (ConfUtils.java:logGet(43)) - raft.server.log.preallocated.size = 16384 (custom)
2019-11-13 23:01:04,836 [pool-37-thread-1] INFO  segmented.SegmentedRaftLogWorker (SegmentedRaftLogWorker.java:<init>(173)) - new 2b518b36-d90d-4564-a57b-9224905a4de1@group-FE9206ACC810-SegmentedRaftLogWorker for RaftStorage:Storage Directory /workdir/hadoop-ozone/tools/target/test-dir/MiniOzoneClusterImpl-4b653e79-0c46-4b0e-80a2-ec6314d5d114/datanode-1/data/ratis/56ed6fe1-39eb-461e-b377-fe9206acc810
2019-11-13 23:01:04,837 [pool-27-thread-1] INFO  server.RaftServerConfigKeys (ConfUtils.java:logGet(43)) - raft.server.log.write.buffer.size = 33554432 (custom)
2019-11-13 23:01:04,836 [pool-47-thread-1] INFO  segmented.SegmentedRaftLogWorker (SegmentedRaftLogWorker.java:<init>(173)) - new a27d5411-7ba0-4758-adf2-2b792b77b144@group-FE9206ACC810-SegmentedRaftLogWorker for RaftStorage:Storage Directory /workdir/hadoop-ozone/tools/target/test-dir/MiniOzoneClusterImpl-4b653e79-0c46-4b0e-80a2-ec6314d5d114/datanode-2/data/ratis/56ed6fe1-39eb-461e-b377-fe9206acc810
2019-11-13 23:01:04,837 [pool-27-thread-1] INFO  server.RaftServerConfigKeys (ConfUtils.java:logGet(43)) - raft.server.log.force.sync.num = 128 (default)
2019-11-13 23:01:04,837 [pool-37-thread-1] INFO  server.RaftServerConfigKeys (ConfUtils.java:logGet(43)) - raft.server.log.queue.byte-limit = 2147483647 (custom)
2019-11-13 23:01:04,837 [pool-27-thread-1] INFO  server.RaftServerConfigKeys (ConfUtils.java:logGet(43)) - raft.server.log.statemachine.data.sync = true (default)
2019-11-13 23:01:04,837 [pool-47-thread-1] INFO  server.RaftServerConfigKeys (ConfUtils.java:logGet(43)) - raft.server.log.queue.byte-limit = 2147483647 (custom)
2019-11-13 23:01:04,837 [pool-27-thread-1] INFO  server.RaftServerConfigKeys (ConfUtils.java:logGet(43)) - raft.server.log.statemachine.data.sync.timeout = 10s (default)
2019-11-13 23:01:04,837 [pool-37-thread-1] INFO  server.RaftServerConfigKeys (ConfUtils.java:logGet(43)) - raft.server.log.queue.element-limit = 1024 (custom)
2019-11-13 23:01:04,838 [pool-27-thread-1] INFO  server.RaftServerConfigKeys (ConfUtils.java:logGet(43)) - raft.server.log.statemachine.data.sync.timeout.retry = -1 (default)
2019-11-13 23:01:04,838 [pool-47-thread-1] INFO  server.RaftServerConfigKeys (ConfUtils.java:logGet(43)) - raft.server.log.queue.element-limit = 1024 (custom)
2019-11-13 23:01:04,838 [pool-37-thread-1] INFO  server.RaftServerConfigKeys (ConfUtils.java:logGet(43)) - raft.server.log.segment.size.max = 1048576 (custom)
2019-11-13 23:01:04,838 [pool-47-thread-1] INFO  server.RaftServerConfigKeys (ConfUtils.java:logGet(43)) - raft.server.log.segment.size.max = 1048576 (custom)
2019-11-13 23:01:04,838 [pool-27-thread-1] INFO  server.RaftServerConfigKeys (ConfUtils.java:logGet(43)) - raft.server.log.statemachine.data.caching.enabled = true (custom)
2019-11-13 23:01:04,838 [pool-47-thread-1] INFO  server.RaftServerConfigKeys (ConfUtils.java:logGet(43)) - raft.server.log.preallocated.size = 16384 (custom)
2019-11-13 23:01:04,838 [pool-37-thread-1] INFO  server.RaftServerConfigKeys (ConfUtils.java:logGet(43)) - raft.server.log.preallocated.size = 16384 (custom)
2019-11-13 23:01:04,839 [pool-47-thread-1] INFO  server.RaftServerConfigKeys (ConfUtils.java:logGet(43)) - raft.server.log.write.buffer.size = 33554432 (custom)
2019-11-13 23:01:04,839 [pool-27-thread-1] INFO  segmented.SegmentedRaftLogWorker (SegmentedRaftLogWorker.java:lambda$new$0(128)) - f3f8a366-04a8-447c-8c9c-11275a3e7960@group-FE9206ACC810-SegmentedRaftLogWorker: flushIndex: setUnconditionally 0 -> -1
2019-11-13 23:01:04,839 [pool-37-thread-1] INFO  server.RaftServerConfigKeys (ConfUtils.java:logGet(43)) - raft.server.log.write.buffer.size = 33554432 (custom)
2019-11-13 23:01:04,839 [pool-47-thread-1] INFO  server.RaftServerConfigKeys (ConfUtils.java:logGet(43)) - raft.server.log.force.sync.num = 128 (default)
2019-11-13 23:01:04,839 [pool-27-thread-1] INFO  server.RaftServerConfigKeys (ConfUtils.java:logGet(43)) - raft.server.snapshot.auto.trigger.enabled = true (custom)
2019-11-13 23:01:04,839 [pool-37-thread-1] INFO  server.RaftServerConfigKeys (ConfUtils.java:logGet(43)) - raft.server.log.force.sync.num = 128 (default)
2019-11-13 23:01:04,840 [pool-27-thread-1] INFO  server.RaftServerConfigKeys (ConfUtils.java:logGet(43)) - raft.server.snapshot.auto.trigger.threshold = 10000 (custom)
2019-11-13 23:01:04,839 [pool-47-thread-1] INFO  server.RaftServerConfigKeys (ConfUtils.java:logGet(43)) - raft.server.log.statemachine.data.sync = true (default)
2019-11-13 23:01:04,840 [pool-27-thread-1] INFO  server.RaftServerConfigKeys (ConfUtils.java:logGet(43)) - raft.server.snapshot.retention.file.num = 5 (custom)
2019-11-13 23:01:04,840 [pool-37-thread-1] INFO  server.RaftServerConfigKeys (ConfUtils.java:logGet(43)) - raft.server.log.statemachine.data.sync = true (default)
2019-11-13 23:01:04,840 [pool-47-thread-1] INFO  server.RaftServerConfigKeys (ConfUtils.java:logGet(43)) - raft.server.log.statemachine.data.sync.timeout = 10s (default)
2019-11-13 23:01:04,840 [pool-27-thread-1] INFO  server.RaftServerConfigKeys (ConfUtils.java:logGet(43)) - raft.server.retrycache.expirytime = 600000ms (custom)
2019-11-13 23:01:04,840 [pool-37-thread-1] INFO  server.RaftServerConfigKeys (ConfUtils.java:logGet(43)) - raft.server.log.statemachine.data.sync.timeout = 10s (default)
2019-11-13 23:01:04,841 [pool-27-thread-1] WARN  impl.MetricRegistriesImpl (MetricRegistriesImpl.java:lambda$create$1(61)) - First MetricRegistry has been created without registering reporters. You may need to call MetricRegistries.global().addReportRegistration(...) before.
2019-11-13 23:01:04,841 [pool-47-thread-1] INFO  server.RaftServerConfigKeys (ConfUtils.java:logGet(43)) - raft.server.log.statemachine.data.sync.timeout.retry = -1 (default)
2019-11-13 23:01:04,841 [pool-27-thread-1] WARN  impl.MetricRegistriesImpl (MetricRegistriesImpl.java:lambda$create$1(61)) - First MetricRegistry has been created without registering reporters. You may need to call MetricRegistries.global().addReportRegistration(...) before.
2019-11-13 23:01:04,841 [pool-37-thread-1] INFO  server.RaftServerConfigKeys (ConfUtils.java:logGet(43)) - raft.server.log.statemachine.data.sync.timeout.retry = -1 (default)
2019-11-13 23:01:04,841 [pool-47-thread-1] INFO  server.RaftServerConfigKeys (ConfUtils.java:logGet(43)) - raft.server.log.statemachine.data.caching.enabled = true (custom)
2019-11-13 23:01:04,842 [pool-37-thread-1] INFO  server.RaftServerConfigKeys (ConfUtils.java:logGet(43)) - raft.server.log.statemachine.data.caching.enabled = true (custom)
2019-11-13 23:01:04,842 [pool-27-thread-1] INFO  impl.RaftServerImpl (RaftServerImpl.java:start(184)) - f3f8a366-04a8-447c-8c9c-11275a3e7960@group-FE9206ACC810: start as a follower, conf=-1: [a27d5411-7ba0-4758-adf2-2b792b77b144:192.168.164.237:38909, f3f8a366-04a8-447c-8c9c-11275a3e7960:192.168.164.237:39690, 2b518b36-d90d-4564-a57b-9224905a4de1:192.168.164.237:38090], old=null
2019-11-13 23:01:04,842 [pool-27-thread-1] INFO  impl.RaftServerImpl (RaftServerImpl.java:setRole(173)) - f3f8a366-04a8-447c-8c9c-11275a3e7960@group-FE9206ACC810: changes role from      null to FOLLOWER at term 0 for startAsFollower
2019-11-13 23:01:04,842 [pool-37-thread-1] INFO  segmented.SegmentedRaftLogWorker (SegmentedRaftLogWorker.java:lambda$new$0(128)) - 2b518b36-d90d-4564-a57b-9224905a4de1@group-FE9206ACC810-SegmentedRaftLogWorker: flushIndex: setUnconditionally 0 -> -1
2019-11-13 23:01:04,842 [pool-47-thread-1] INFO  segmented.SegmentedRaftLogWorker (SegmentedRaftLogWorker.java:lambda$new$0(128)) - a27d5411-7ba0-4758-adf2-2b792b77b144@group-FE9206ACC810-SegmentedRaftLogWorker: flushIndex: setUnconditionally 0 -> -1
2019-11-13 23:01:04,842 [pool-27-thread-1] INFO  impl.RoleInfo (RoleInfo.java:updateAndGet(143)) - f3f8a366-04a8-447c-8c9c-11275a3e7960: start FollowerState
2019-11-13 23:01:04,843 [pool-37-thread-1] INFO  server.RaftServerConfigKeys (ConfUtils.java:logGet(43)) - raft.server.snapshot.auto.trigger.enabled = true (custom)
2019-11-13 23:01:04,843 [pool-47-thread-1] INFO  server.RaftServerConfigKeys (ConfUtils.java:logGet(43)) - raft.server.snapshot.auto.trigger.enabled = true (custom)
2019-11-13 23:01:04,843 [pool-37-thread-1] INFO  server.RaftServerConfigKeys (ConfUtils.java:logGet(43)) - raft.server.snapshot.auto.trigger.threshold = 10000 (custom)
2019-11-13 23:01:04,843 [pool-47-thread-1] INFO  server.RaftServerConfigKeys (ConfUtils.java:logGet(43)) - raft.server.snapshot.auto.trigger.threshold = 10000 (custom)
2019-11-13 23:01:04,843 [pool-37-thread-1] INFO  server.RaftServerConfigKeys (ConfUtils.java:logGet(43)) - raft.server.snapshot.retention.file.num = 5 (custom)
2019-11-13 23:01:04,843 [pool-47-thread-1] INFO  server.RaftServerConfigKeys (ConfUtils.java:logGet(43)) - raft.server.snapshot.retention.file.num = 5 (custom)
2019-11-13 23:01:04,843 [pool-37-thread-1] INFO  server.RaftServerConfigKeys (ConfUtils.java:logGet(43)) - raft.server.retrycache.expirytime = 600000ms (custom)
2019-11-13 23:01:04,843 [pool-27-thread-1] INFO  util.JmxRegister (JmxRegister.java:tryRegister(44)) - Successfully registered JMX Bean with object name Ratis:service=RaftServer,group=group-FE9206ACC810,id=f3f8a366-04a8-447c-8c9c-11275a3e7960
2019-11-13 23:01:04,844 [pool-37-thread-1] WARN  impl.MetricRegistriesImpl (MetricRegistriesImpl.java:lambda$create$1(61)) - First MetricRegistry has been created without registering reporters. You may need to call MetricRegistries.global().addReportRegistration(...) before.
2019-11-13 23:01:04,843 [pool-47-thread-1] INFO  server.RaftServerConfigKeys (ConfUtils.java:logGet(43)) - raft.server.retrycache.expirytime = 600000ms (custom)
2019-11-13 23:01:04,844 [pool-37-thread-1] WARN  impl.MetricRegistriesImpl (MetricRegistriesImpl.java:lambda$create$1(61)) - First MetricRegistry has been created without registering reporters. You may need to call MetricRegistries.global().addReportRegistration(...) before.
2019-11-13 23:01:04,844 [pool-27-thread-1] WARN  impl.MetricRegistriesImpl (MetricRegistriesImpl.java:lambda$create$1(61)) - First MetricRegistry has been created without registering reporters. You may need to call MetricRegistries.global().addReportRegistration(...) before.
2019-11-13 23:01:04,844 [pool-37-thread-1] INFO  impl.RaftServerImpl (RaftServerImpl.java:start(184)) - 2b518b36-d90d-4564-a57b-9224905a4de1@group-FE9206ACC810: start as a follower, conf=-1: [a27d5411-7ba0-4758-adf2-2b792b77b144:192.168.164.237:38909, f3f8a366-04a8-447c-8c9c-11275a3e7960:192.168.164.237:39690, 2b518b36-d90d-4564-a57b-9224905a4de1:192.168.164.237:38090], old=null
2019-11-13 23:01:04,844 [pool-47-thread-1] WARN  impl.MetricRegistriesImpl (MetricRegistriesImpl.java:lambda$create$1(61)) - First MetricRegistry has been created without registering reporters. You may need to call MetricRegistries.global().addReportRegistration(...) before.
2019-11-13 23:01:04,844 [pool-37-thread-1] INFO  impl.RaftServerImpl (RaftServerImpl.java:setRole(173)) - 2b518b36-d90d-4564-a57b-9224905a4de1@group-FE9206ACC810: changes role from      null to FOLLOWER at term 0 for startAsFollower
2019-11-13 23:01:04,845 [pool-47-thread-1] WARN  impl.MetricRegistriesImpl (MetricRegistriesImpl.java:lambda$create$1(61)) - First MetricRegistry has been created without registering reporters. You may need to call MetricRegistries.global().addReportRegistration(...) before.
2019-11-13 23:01:04,845 [pool-37-thread-1] INFO  impl.RoleInfo (RoleInfo.java:updateAndGet(143)) - 2b518b36-d90d-4564-a57b-9224905a4de1: start FollowerState
2019-11-13 23:01:04,845 [pool-47-thread-1] INFO  impl.RaftServerImpl (RaftServerImpl.java:start(184)) - a27d5411-7ba0-4758-adf2-2b792b77b144@group-FE9206ACC810: start as a follower, conf=-1: [a27d5411-7ba0-4758-adf2-2b792b77b144:192.168.164.237:38909, f3f8a366-04a8-447c-8c9c-11275a3e7960:192.168.164.237:39690, 2b518b36-d90d-4564-a57b-9224905a4de1:192.168.164.237:38090], old=null
2019-11-13 23:01:04,845 [pool-47-thread-1] INFO  impl.RaftServerImpl (RaftServerImpl.java:setRole(173)) - a27d5411-7ba0-4758-adf2-2b792b77b144@group-FE9206ACC810: changes role from      null to FOLLOWER at term 0 for startAsFollower
2019-11-13 23:01:04,845 [pool-47-thread-1] INFO  impl.RoleInfo (RoleInfo.java:updateAndGet(143)) - a27d5411-7ba0-4758-adf2-2b792b77b144: start FollowerState
2019-11-13 23:01:04,845 [pool-37-thread-1] INFO  util.JmxRegister (JmxRegister.java:tryRegister(44)) - Successfully registered JMX Bean with object name Ratis:service=RaftServer,group=group-FE9206ACC810,id=2b518b36-d90d-4564-a57b-9224905a4de1
2019-11-13 23:01:04,846 [pool-37-thread-1] WARN  impl.MetricRegistriesImpl (MetricRegistriesImpl.java:lambda$create$1(61)) - First MetricRegistry has been created without registering reporters. You may need to call MetricRegistries.global().addReportRegistration(...) before.
2019-11-13 23:01:04,847 [pool-47-thread-1] INFO  util.JmxRegister (JmxRegister.java:tryRegister(44)) - Successfully registered JMX Bean with object name Ratis:service=RaftServer,group=group-FE9206ACC810,id=a27d5411-7ba0-4758-adf2-2b792b77b144
2019-11-13 23:01:04,848 [pool-47-thread-1] WARN  impl.MetricRegistriesImpl (MetricRegistriesImpl.java:lambda$create$1(61)) - First MetricRegistry has been created without registering reporters. You may need to call MetricRegistries.global().addReportRegistration(...) before.
2019-11-13 23:01:04,870 [RatisPipelineUtilsThread] INFO  pipeline.PipelineStateManager (PipelineStateManager.java:addPipeline(55)) - Created pipeline Pipeline[ Id: 56ed6fe1-39eb-461e-b377-fe9206acc810, Nodes: 2b518b36-d90d-4564-a57b-9224905a4de1{ip: 192.168.164.237, host: pr-hdds-2471-vxr4w-2980416436, networkLocation: /default-rack, certSerialId: null}a27d5411-7ba0-4758-adf2-2b792b77b144{ip: 192.168.164.237, host: pr-hdds-2471-vxr4w-2980416436, networkLocation: /default-rack, certSerialId: null}f3f8a366-04a8-447c-8c9c-11275a3e7960{ip: 192.168.164.237, host: pr-hdds-2471-vxr4w-2980416436, networkLocation: /default-rack, certSerialId: null}, Type:RATIS, Factor:THREE, State:ALLOCATED]
2019-11-13 23:01:04,873 [main] INFO  ozone.MiniOzoneClusterImpl (MiniOzoneClusterImpl.java:lambda$waitForClusterToBeReady$2(163)) - Waiting for 4 number of pipelines out of 4, to report a leader.
2019-11-13 23:01:05,873 [main] INFO  ozone.MiniOzoneClusterImpl (MiniOzoneClusterImpl.java:lambda$waitForClusterToBeReady$2(163)) - Waiting for 4 number of pipelines out of 4, to report a leader.
2019-11-13 23:01:06,874 [main] INFO  ozone.MiniOzoneClusterImpl (MiniOzoneClusterImpl.java:lambda$waitForClusterToBeReady$2(163)) - Waiting for 4 number of pipelines out of 4, to report a leader.
2019-11-13 23:01:06,933 [Thread-178] INFO  container.ReplicationManager (ReplicationManager.java:start(162)) - Starting Replication Monitor Thread.
2019-11-13 23:01:06,936 [Thread-178] INFO  pipeline.SCMPipelineManager (SCMPipelineManager.java:finalizeAndDestroyPipeline(315)) - destroying pipeline:Pipeline[ Id: 56ed6fe1-39eb-461e-b377-fe9206acc810, Nodes: 2b518b36-d90d-4564-a57b-9224905a4de1{ip: 192.168.164.237, host: pr-hdds-2471-vxr4w-2980416436, networkLocation: /default-rack, certSerialId: null}a27d5411-7ba0-4758-adf2-2b792b77b144{ip: 192.168.164.237, host: pr-hdds-2471-vxr4w-2980416436, networkLocation: /default-rack, certSerialId: null}f3f8a366-04a8-447c-8c9c-11275a3e7960{ip: 192.168.164.237, host: pr-hdds-2471-vxr4w-2980416436, networkLocation: /default-rack, certSerialId: null}, Type:RATIS, Factor:THREE, State:ALLOCATED]
2019-11-13 23:01:06,937 [ReplicationMonitor] INFO  container.ReplicationManager (ReplicationManager.java:run(225)) - Replication Monitor Thread took 1 milliseconds for processing 0 containers.
2019-11-13 23:01:06,937 [Thread-178] INFO  pipeline.PipelineStateManager (PipelineStateManager.java:finalizePipeline(121)) - Pipeline Pipeline[ Id: 56ed6fe1-39eb-461e-b377-fe9206acc810, Nodes: 2b518b36-d90d-4564-a57b-9224905a4de1{ip: 192.168.164.237, host: pr-hdds-2471-vxr4w-2980416436, networkLocation: /default-rack, certSerialId: null}a27d5411-7ba0-4758-adf2-2b792b77b144{ip: 192.168.164.237, host: pr-hdds-2471-vxr4w-2980416436, networkLocation: /default-rack, certSerialId: null}f3f8a366-04a8-447c-8c9c-11275a3e7960{ip: 192.168.164.237, host: pr-hdds-2471-vxr4w-2980416436, networkLocation: /default-rack, certSerialId: null}, Type:RATIS, Factor:THREE, State:CLOSED] moved to CLOSED state
2019-11-13 23:01:06,969 [grpc-default-executor-2] INFO  impl.RaftServerProxy (RaftServerProxy.java:remove(95)) - 2b518b36-d90d-4564-a57b-9224905a4de1: remove  FOLLOWER 2b518b36-d90d-4564-a57b-9224905a4de1@group-FE9206ACC810:t0, leader=null, voted=null, raftlog=2b518b36-d90d-4564-a57b-9224905a4de1@group-FE9206ACC810-SegmentedRaftLog:OPENED:c-1,f-1,i0, conf=-1: [a27d5411-7ba0-4758-adf2-2b792b77b144:192.168.164.237:38909, f3f8a366-04a8-447c-8c9c-11275a3e7960:192.168.164.237:39690, 2b518b36-d90d-4564-a57b-9224905a4de1:192.168.164.237:38090], old=null RUNNING
2019-11-13 23:01:06,972 [grpc-default-executor-2] INFO  impl.RaftServerImpl (RaftServerImpl.java:lambda$shutdown$3(250)) - 2b518b36-d90d-4564-a57b-9224905a4de1@group-FE9206ACC810: shutdown
2019-11-13 23:01:06,973 [grpc-default-executor-2] INFO  util.JmxRegister (JmxRegister.java:unregister(73)) - Successfully un-registered JMX Bean with object name Ratis:service=RaftServer,group=group-FE9206ACC810,id=2b518b36-d90d-4564-a57b-9224905a4de1
2019-11-13 23:01:06,973 [grpc-default-executor-2] INFO  impl.RoleInfo (RoleInfo.java:shutdownFollowerState(121)) - 2b518b36-d90d-4564-a57b-9224905a4de1: shutdown FollowerState
2019-11-13 23:01:06,973 [grpc-default-executor-2] INFO  impl.StateMachineUpdater (StateMachineUpdater.java:stopAndJoin(136)) - 2b518b36-d90d-4564-a57b-9224905a4de1@group-FE9206ACC810-StateMachineUpdater: set stopIndex = -1
2019-11-13 23:01:06,974 [Thread-192] INFO  impl.FollowerState (FollowerState.java:run(120)) - 2b518b36-d90d-4564-a57b-9224905a4de1@group-FE9206ACC810-FollowerState was interrupted: java.lang.InterruptedException: sleep interrupted
2019-11-13 23:01:06,976 [grpc-default-executor-2] INFO  impl.RaftServerImpl (ServerState.java:close(387)) - 2b518b36-d90d-4564-a57b-9224905a4de1@group-FE9206ACC810: closes. applyIndex: -1
2019-11-13 23:01:06,981 [2b518b36-d90d-4564-a57b-9224905a4de1@group-FE9206ACC810-SegmentedRaftLogWorker] INFO  segmented.SegmentedRaftLogWorker (SegmentedRaftLogWorker.java:run(316)) - 2b518b36-d90d-4564-a57b-9224905a4de1@group-FE9206ACC810-SegmentedRaftLogWorker was interrupted, exiting. There are 0 tasks remaining in the queue.
2019-11-13 23:01:06,983 [grpc-default-executor-2] INFO  segmented.SegmentedRaftLogWorker (SegmentedRaftLogWorker.java:close(224)) - 2b518b36-d90d-4564-a57b-9224905a4de1@group-FE9206ACC810-SegmentedRaftLogWorker close()
2019-11-13 23:01:07,014 [grpc-default-executor-2] INFO  impl.RaftServerProxy (RaftServerProxy.java:remove(95)) - a27d5411-7ba0-4758-adf2-2b792b77b144: remove  FOLLOWER a27d5411-7ba0-4758-adf2-2b792b77b144@group-FE9206ACC810:t0, leader=null, voted=null, raftlog=a27d5411-7ba0-4758-adf2-2b792b77b144@group-FE9206ACC810-SegmentedRaftLog:OPENED:c-1,f-1,i0, conf=-1: [a27d5411-7ba0-4758-adf2-2b792b77b144:192.168.164.237:38909, f3f8a366-04a8-447c-8c9c-11275a3e7960:192.168.164.237:39690, 2b518b36-d90d-4564-a57b-9224905a4de1:192.168.164.237:38090], old=null RUNNING
2019-11-13 23:01:07,015 [grpc-default-executor-2] INFO  impl.RaftServerImpl (RaftServerImpl.java:lambda$shutdown$3(250)) - a27d5411-7ba0-4758-adf2-2b792b77b144@group-FE9206ACC810: shutdown
2019-11-13 23:01:07,015 [grpc-default-executor-2] INFO  util.JmxRegister (JmxRegister.java:unregister(73)) - Successfully un-registered JMX Bean with object name Ratis:service=RaftServer,group=group-FE9206ACC810,id=a27d5411-7ba0-4758-adf2-2b792b77b144
2019-11-13 23:01:07,015 [grpc-default-executor-2] INFO  impl.RoleInfo (RoleInfo.java:shutdownFollowerState(121)) - a27d5411-7ba0-4758-adf2-2b792b77b144: shutdown FollowerState
2019-11-13 23:01:07,015 [grpc-default-executor-2] INFO  impl.StateMachineUpdater (StateMachineUpdater.java:stopAndJoin(136)) - a27d5411-7ba0-4758-adf2-2b792b77b144@group-FE9206ACC810-StateMachineUpdater: set stopIndex = -1
2019-11-13 23:01:07,016 [Thread-194] INFO  impl.FollowerState (FollowerState.java:run(120)) - a27d5411-7ba0-4758-adf2-2b792b77b144@group-FE9206ACC810-FollowerState was interrupted: java.lang.InterruptedException: sleep interrupted
2019-11-13 23:01:07,017 [grpc-default-executor-2] INFO  impl.RaftServerImpl (ServerState.java:close(387)) - a27d5411-7ba0-4758-adf2-2b792b77b144@group-FE9206ACC810: closes. applyIndex: -1
2019-11-13 23:01:07,018 [a27d5411-7ba0-4758-adf2-2b792b77b144@group-FE9206ACC810-SegmentedRaftLogWorker] INFO  segmented.SegmentedRaftLogWorker (SegmentedRaftLogWorker.java:run(316)) - a27d5411-7ba0-4758-adf2-2b792b77b144@group-FE9206ACC810-SegmentedRaftLogWorker was interrupted, exiting. There are 0 tasks remaining in the queue.
2019-11-13 23:01:07,018 [grpc-default-executor-2] INFO  segmented.SegmentedRaftLogWorker (SegmentedRaftLogWorker.java:close(224)) - a27d5411-7ba0-4758-adf2-2b792b77b144@group-FE9206ACC810-SegmentedRaftLogWorker close()
2019-11-13 23:01:07,038 [grpc-default-executor-2] INFO  impl.RaftServerProxy (RaftServerProxy.java:remove(95)) - f3f8a366-04a8-447c-8c9c-11275a3e7960: remove  FOLLOWER f3f8a366-04a8-447c-8c9c-11275a3e7960@group-FE9206ACC810:t0, leader=null, voted=null, raftlog=f3f8a366-04a8-447c-8c9c-11275a3e7960@group-FE9206ACC810-SegmentedRaftLog:OPENED:c-1,f-1,i0, conf=-1: [a27d5411-7ba0-4758-adf2-2b792b77b144:192.168.164.237:38909, f3f8a366-04a8-447c-8c9c-11275a3e7960:192.168.164.237:39690, 2b518b36-d90d-4564-a57b-9224905a4de1:192.168.164.237:38090], old=null RUNNING
2019-11-13 23:01:07,038 [grpc-default-executor-2] INFO  impl.RaftServerImpl (RaftServerImpl.java:lambda$shutdown$3(250)) - f3f8a366-04a8-447c-8c9c-11275a3e7960@group-FE9206ACC810: shutdown
2019-11-13 23:01:07,038 [grpc-default-executor-2] INFO  util.JmxRegister (JmxRegister.java:unregister(73)) - Successfully un-registered JMX Bean with object name Ratis:service=RaftServer,group=group-FE9206ACC810,id=f3f8a366-04a8-447c-8c9c-11275a3e7960
2019-11-13 23:01:07,038 [grpc-default-executor-2] INFO  impl.RoleInfo (RoleInfo.java:shutdownFollowerState(121)) - f3f8a366-04a8-447c-8c9c-11275a3e7960: shutdown FollowerState
2019-11-13 23:01:07,039 [grpc-default-executor-2] INFO  impl.StateMachineUpdater (StateMachineUpdater.java:stopAndJoin(136)) - f3f8a366-04a8-447c-8c9c-11275a3e7960@group-FE9206ACC810-StateMachineUpdater: set stopIndex = -1
2019-11-13 23:01:07,039 [Thread-189] INFO  impl.FollowerState (FollowerState.java:run(120)) - f3f8a366-04a8-447c-8c9c-11275a3e7960@group-FE9206ACC810-FollowerState was interrupted: java.lang.InterruptedException: sleep interrupted
2019-11-13 23:01:07,039 [grpc-default-executor-2] INFO  impl.RaftServerImpl (ServerState.java:close(387)) - f3f8a366-04a8-447c-8c9c-11275a3e7960@group-FE9206ACC810: closes. applyIndex: -1
2019-11-13 23:01:07,040 [f3f8a366-04a8-447c-8c9c-11275a3e7960@group-FE9206ACC810-SegmentedRaftLogWorker] INFO  segmented.SegmentedRaftLogWorker (SegmentedRaftLogWorker.java:run(316)) - f3f8a366-04a8-447c-8c9c-11275a3e7960@group-FE9206ACC810-SegmentedRaftLogWorker was interrupted, exiting. There are 0 tasks remaining in the queue.
2019-11-13 23:01:07,041 [grpc-default-executor-2] INFO  segmented.SegmentedRaftLogWorker (SegmentedRaftLogWorker.java:close(224)) - f3f8a366-04a8-447c-8c9c-11275a3e7960@group-FE9206ACC810-SegmentedRaftLogWorker close()
2019-11-13 23:01:07,051 [Thread-178] INFO  pipeline.PipelineStateManager (PipelineStateManager.java:removePipeline(106)) - Pipeline Pipeline[ Id: 56ed6fe1-39eb-461e-b377-fe9206acc810, Nodes: 2b518b36-d90d-4564-a57b-9224905a4de1{ip: 192.168.164.237, host: pr-hdds-2471-vxr4w-2980416436, networkLocation: /default-rack, certSerialId: null}a27d5411-7ba0-4758-adf2-2b792b77b144{ip: 192.168.164.237, host: pr-hdds-2471-vxr4w-2980416436, networkLocation: /default-rack, certSerialId: null}f3f8a366-04a8-447c-8c9c-11275a3e7960{ip: 192.168.164.237, host: pr-hdds-2471-vxr4w-2980416436, networkLocation: /default-rack, certSerialId: null}, Type:RATIS, Factor:THREE, State:CLOSED] removed from db
2019-11-13 23:01:07,052 [Thread-178] INFO  pipeline.SCMPipelineManager (SCMPipelineManager.java:finalizeAndDestroyPipeline(315)) - destroying pipeline:Pipeline[ Id: 75629e92-916d-459b-8573-f0b00bc9e034, Nodes: 2b518b36-d90d-4564-a57b-9224905a4de1{ip: 192.168.164.237, host: pr-hdds-2471-vxr4w-2980416436, networkLocation: /default-rack, certSerialId: null}, Type:RATIS, Factor:ONE, State:ALLOCATED]
2019-11-13 23:01:07,071 [grpc-default-executor-0] INFO  impl.RaftServerProxy (RaftServerProxy.java:addNew(89)) - a27d5411-7ba0-4758-adf2-2b792b77b144: addNew group-D34CABA6FD78:[a27d5411-7ba0-4758-adf2-2b792b77b144:192.168.164.237:38909, f3f8a366-04a8-447c-8c9c-11275a3e7960:192.168.164.237:39690, 2b518b36-d90d-4564-a57b-9224905a4de1:192.168.164.237:38090] returns group-D34CABA6FD78:java.util.concurrent.CompletableFuture@19172b[Not completed]
2019-11-13 23:01:07,071 [grpc-default-executor-2] INFO  impl.RaftServerProxy (RaftServerProxy.java:addNew(89)) - 2b518b36-d90d-4564-a57b-9224905a4de1: addNew group-D34CABA6FD78:[a27d5411-7ba0-4758-adf2-2b792b77b144:192.168.164.237:38909, f3f8a366-04a8-447c-8c9c-11275a3e7960:192.168.164.237:39690, 2b518b36-d90d-4564-a57b-9224905a4de1:192.168.164.237:38090] returns group-D34CABA6FD78:java.util.concurrent.CompletableFuture@27b6d709[Not completed]
2019-11-13 23:01:07,076 [grpc-default-executor-2] INFO  impl.RaftServerProxy (RaftServerProxy.java:addNew(89)) - f3f8a366-04a8-447c-8c9c-11275a3e7960: addNew group-D34CABA6FD78:[a27d5411-7ba0-4758-adf2-2b792b77b144:192.168.164.237:38909, f3f8a366-04a8-447c-8c9c-11275a3e7960:192.168.164.237:39690, 2b518b36-d90d-4564-a57b-9224905a4de1:192.168.164.237:38090] returns group-D34CABA6FD78:java.util.concurrent.CompletableFuture@6f6d7513[Not completed]
2019-11-13 23:01:07,139 [pool-27-thread-1] INFO  impl.RaftServerImpl (RaftServerImpl.java:<init>(98)) - f3f8a366-04a8-447c-8c9c-11275a3e7960: new RaftServerImpl for group-D34CABA6FD78:[a27d5411-7ba0-4758-adf2-2b792b77b144:192.168.164.237:38909, f3f8a366-04a8-447c-8c9c-11275a3e7960:192.168.164.237:39690, 2b518b36-d90d-4564-a57b-9224905a4de1:192.168.164.237:38090] with ContainerStateMachine:uninitialized
2019-11-13 23:01:07,140 [pool-27-thread-1] INFO  server.RaftServerConfigKeys (ConfUtils.java:logGet(43)) - raft.server.rpc.timeout.min = 5s (custom)
2019-11-13 23:01:07,140 [pool-27-thread-1] INFO  server.RaftServerConfigKeys (ConfUtils.java:logGet(43)) - raft.server.rpc.timeout.max = 5200ms (custom)
2019-11-13 23:01:07,140 [pool-27-thread-1] INFO  server.RaftServerConfigKeys (ConfUtils.java:logGet(43)) - raft.server.rpcslowness.timeout = 120s (custom)
2019-11-13 23:01:07,140 [pool-27-thread-1] INFO  server.RaftServerConfigKeys (ConfUtils.java:logGet(43)) - raft.server.sleep.deviation.threshold = 300 (default)
2019-11-13 23:01:07,140 [pool-27-thread-1] INFO  server.RaftServerConfigKeys (ConfUtils.java:logGet(43)) - raft.server.log.appender.install.snapshot.enabled = false (custom)
2019-11-13 23:01:07,140 [pool-27-thread-1] INFO  impl.RaftServerImpl (ServerState.java:<init>(103)) - f3f8a366-04a8-447c-8c9c-11275a3e7960@group-D34CABA6FD78: ConfigurationManager, init=-1: [a27d5411-7ba0-4758-adf2-2b792b77b144:192.168.164.237:38909, f3f8a366-04a8-447c-8c9c-11275a3e7960:192.168.164.237:39690, 2b518b36-d90d-4564-a57b-9224905a4de1:192.168.164.237:38090], old=null, confs=<EMPTY_MAP>
2019-11-13 23:01:07,141 [pool-27-thread-1] INFO  server.RaftServerConfigKeys (ConfUtils.java:logGet(43)) - raft.server.storage.dir = [/workdir/hadoop-ozone/tools/target/test-dir/MiniOzoneClusterImpl-4b653e79-0c46-4b0e-80a2-ec6314d5d114/datanode-0/data/ratis] (custom)
2019-11-13 23:01:07,141 [pool-47-thread-1] INFO  impl.RaftServerImpl (RaftServerImpl.java:<init>(98)) - a27d5411-7ba0-4758-adf2-2b792b77b144: new RaftServerImpl for group-D34CABA6FD78:[a27d5411-7ba0-4758-adf2-2b792b77b144:192.168.164.237:38909, f3f8a366-04a8-447c-8c9c-11275a3e7960:192.168.164.237:39690, 2b518b36-d90d-4564-a57b-9224905a4de1:192.168.164.237:38090] with ContainerStateMachine:uninitialized
2019-11-13 23:01:07,141 [pool-47-thread-1] INFO  server.RaftServerConfigKeys (ConfUtils.java:logGet(43)) - raft.server.rpc.timeout.min = 5s (custom)
2019-11-13 23:01:07,141 [pool-27-thread-1] INFO  server.RaftServerConfigKeys (ConfUtils.java:logGet(43)) - raft.server.log.corruption.policy = EXCEPTION (default)
2019-11-13 23:01:07,141 [pool-47-thread-1] INFO  server.RaftServerConfigKeys (ConfUtils.java:logGet(43)) - raft.server.rpc.timeout.max = 5200ms (custom)
2019-11-13 23:01:07,142 [pool-27-thread-1] INFO  storage.RaftStorageDirectory (RaftStorageDirectory.java:analyzeStorage(246)) - The storage directory /workdir/hadoop-ozone/tools/target/test-dir/MiniOzoneClusterImpl-4b653e79-0c46-4b0e-80a2-ec6314d5d114/datanode-0/data/ratis/91e22e40-b5b2-480b-951e-d34caba6fd78 does not exist. Creating ...
2019-11-13 23:01:07,142 [pool-47-thread-1] INFO  server.RaftServerConfigKeys (ConfUtils.java:logGet(43)) - raft.server.rpcslowness.timeout = 120s (custom)
2019-11-13 23:01:07,142 [pool-37-thread-1] INFO  impl.RaftServerImpl (RaftServerImpl.java:<init>(98)) - 2b518b36-d90d-4564-a57b-9224905a4de1: new RaftServerImpl for group-D34CABA6FD78:[a27d5411-7ba0-4758-adf2-2b792b77b144:192.168.164.237:38909, f3f8a366-04a8-447c-8c9c-11275a3e7960:192.168.164.237:39690, 2b518b36-d90d-4564-a57b-9224905a4de1:192.168.164.237:38090] with ContainerStateMachine:uninitialized
2019-11-13 23:01:07,142 [pool-47-thread-1] INFO  server.RaftServerConfigKeys (ConfUtils.java:logGet(43)) - raft.server.sleep.deviation.threshold = 300 (default)
2019-11-13 23:01:07,142 [pool-37-thread-1] INFO  server.RaftServerConfigKeys (ConfUtils.java:logGet(43)) - raft.server.rpc.timeout.min = 5s (custom)
2019-11-13 23:01:07,142 [pool-47-thread-1] INFO  server.RaftServerConfigKeys (ConfUtils.java:logGet(43)) - raft.server.log.appender.install.snapshot.enabled = false (custom)
2019-11-13 23:01:07,142 [pool-37-thread-1] INFO  server.RaftServerConfigKeys (ConfUtils.java:logGet(43)) - raft.server.rpc.timeout.max = 5200ms (custom)
2019-11-13 23:01:07,143 [pool-47-thread-1] INFO  impl.RaftServerImpl (ServerState.java:<init>(103)) - a27d5411-7ba0-4758-adf2-2b792b77b144@group-D34CABA6FD78: ConfigurationManager, init=-1: [a27d5411-7ba0-4758-adf2-2b792b77b144:192.168.164.237:38909, f3f8a366-04a8-447c-8c9c-11275a3e7960:192.168.164.237:39690, 2b518b36-d90d-4564-a57b-9224905a4de1:192.168.164.237:38090], old=null, confs=<EMPTY_MAP>
2019-11-13 23:01:07,143 [pool-37-thread-1] INFO  server.RaftServerConfigKeys (ConfUtils.java:logGet(43)) - raft.server.rpcslowness.timeout = 120s (custom)
2019-11-13 23:01:07,143 [pool-37-thread-1] INFO  server.RaftServerConfigKeys (ConfUtils.java:logGet(43)) - raft.server.sleep.deviation.threshold = 300 (default)
2019-11-13 23:01:07,143 [pool-47-thread-1] INFO  server.RaftServerConfigKeys (ConfUtils.java:logGet(43)) - raft.server.storage.dir = [/workdir/hadoop-ozone/tools/target/test-dir/MiniOzoneClusterImpl-4b653e79-0c46-4b0e-80a2-ec6314d5d114/datanode-2/data/ratis] (custom)
2019-11-13 23:01:07,143 [pool-37-thread-1] INFO  server.RaftServerConfigKeys (ConfUtils.java:logGet(43)) - raft.server.log.appender.install.snapshot.enabled = false (custom)
2019-11-13 23:01:07,143 [pool-37-thread-1] INFO  impl.RaftServerImpl (ServerState.java:<init>(103)) - 2b518b36-d90d-4564-a57b-9224905a4de1@group-D34CABA6FD78: ConfigurationManager, init=-1: [a27d5411-7ba0-4758-adf2-2b792b77b144:192.168.164.237:38909, f3f8a366-04a8-447c-8c9c-11275a3e7960:192.168.164.237:39690, 2b518b36-d90d-4564-a57b-9224905a4de1:192.168.164.237:38090], old=null, confs=<EMPTY_MAP>
2019-11-13 23:01:07,143 [pool-47-thread-1] INFO  server.RaftServerConfigKeys (ConfUtils.java:logGet(43)) - raft.server.log.corruption.policy = EXCEPTION (default)
2019-11-13 23:01:07,144 [pool-37-thread-1] INFO  server.RaftServerConfigKeys (ConfUtils.java:logGet(43)) - raft.server.storage.dir = [/workdir/hadoop-ozone/tools/target/test-dir/MiniOzoneClusterImpl-4b653e79-0c46-4b0e-80a2-ec6314d5d114/datanode-1/data/ratis] (custom)
2019-11-13 23:01:07,144 [pool-47-thread-1] INFO  storage.RaftStorageDirectory (RaftStorageDirectory.java:analyzeStorage(246)) - The storage directory /workdir/hadoop-ozone/tools/target/test-dir/MiniOzoneClusterImpl-4b653e79-0c46-4b0e-80a2-ec6314d5d114/datanode-2/data/ratis/91e22e40-b5b2-480b-951e-d34caba6fd78 does not exist. Creating ...
2019-11-13 23:01:07,144 [pool-37-thread-1] INFO  server.RaftServerConfigKeys (ConfUtils.java:logGet(43)) - raft.server.log.corruption.policy = EXCEPTION (default)
2019-11-13 23:01:07,144 [pool-37-thread-1] INFO  storage.RaftStorageDirectory (RaftStorageDirectory.java:analyzeStorage(246)) - The storage directory /workdir/hadoop-ozone/tools/target/test-dir/MiniOzoneClusterImpl-4b653e79-0c46-4b0e-80a2-ec6314d5d114/datanode-1/data/ratis/91e22e40-b5b2-480b-951e-d34caba6fd78 does not exist. Creating ...
2019-11-13 23:01:07,156 [pool-47-thread-1] INFO  storage.RaftStorageDirectory (RaftStorageDirectory.java:tryLock(328)) - Lock on /workdir/hadoop-ozone/tools/target/test-dir/MiniOzoneClusterImpl-4b653e79-0c46-4b0e-80a2-ec6314d5d114/datanode-2/data/ratis/91e22e40-b5b2-480b-951e-d34caba6fd78/in_use.lock acquired by nodename 14681@pr-hdds-2471-vxr4w-2980416436
2019-11-13 23:01:07,156 [pool-37-thread-1] INFO  storage.RaftStorageDirectory (RaftStorageDirectory.java:tryLock(328)) - Lock on /workdir/hadoop-ozone/tools/target/test-dir/MiniOzoneClusterImpl-4b653e79-0c46-4b0e-80a2-ec6314d5d114/datanode-1/data/ratis/91e22e40-b5b2-480b-951e-d34caba6fd78/in_use.lock acquired by nodename 14681@pr-hdds-2471-vxr4w-2980416436
2019-11-13 23:01:07,156 [pool-27-thread-1] INFO  storage.RaftStorageDirectory (RaftStorageDirectory.java:tryLock(328)) - Lock on /workdir/hadoop-ozone/tools/target/test-dir/MiniOzoneClusterImpl-4b653e79-0c46-4b0e-80a2-ec6314d5d114/datanode-0/data/ratis/91e22e40-b5b2-480b-951e-d34caba6fd78/in_use.lock acquired by nodename 14681@pr-hdds-2471-vxr4w-2980416436
2019-11-13 23:01:07,170 [pool-27-thread-1] INFO  storage.RaftStorage (RaftStorage.java:format(84)) - Storage directory /workdir/hadoop-ozone/tools/target/test-dir/MiniOzoneClusterImpl-4b653e79-0c46-4b0e-80a2-ec6314d5d114/datanode-0/data/ratis/91e22e40-b5b2-480b-951e-d34caba6fd78 has been successfully formatted.
2019-11-13 23:01:07,170 [pool-37-thread-1] INFO  storage.RaftStorage (RaftStorage.java:format(84)) - Storage directory /workdir/hadoop-ozone/tools/target/test-dir/MiniOzoneClusterImpl-4b653e79-0c46-4b0e-80a2-ec6314d5d114/datanode-1/data/ratis/91e22e40-b5b2-480b-951e-d34caba6fd78 has been successfully formatted.
2019-11-13 23:01:07,170 [pool-47-thread-1] INFO  storage.RaftStorage (RaftStorage.java:format(84)) - Storage directory /workdir/hadoop-ozone/tools/target/test-dir/MiniOzoneClusterImpl-4b653e79-0c46-4b0e-80a2-ec6314d5d114/datanode-2/data/ratis/91e22e40-b5b2-480b-951e-d34caba6fd78 has been successfully formatted.
2019-11-13 23:01:07,170 [pool-27-thread-1] INFO  ratis.ContainerStateMachine (ContainerStateMachine.java:loadSnapshot(223)) - group-D34CABA6FD78: The snapshot info is null. Setting the last applied indexto:(t:0, i:~)
2019-11-13 23:01:07,170 [pool-37-thread-1] INFO  ratis.ContainerStateMachine (ContainerStateMachine.java:loadSnapshot(223)) - group-D34CABA6FD78: The snapshot info is null. Setting the last applied indexto:(t:0, i:~)
2019-11-13 23:01:07,170 [pool-27-thread-1] INFO  server.RaftServerConfigKeys (ConfUtils.java:logGet(43)) - raft.server.notification.no-leader.timeout = 120s (custom)
2019-11-13 23:01:07,170 [pool-47-thread-1] INFO  ratis.ContainerStateMachine (ContainerStateMachine.java:loadSnapshot(223)) - group-D34CABA6FD78: The snapshot info is null. Setting the last applied indexto:(t:0, i:~)
2019-11-13 23:01:07,171 [pool-27-thread-1] INFO  server.RaftServerConfigKeys (ConfUtils.java:logGet(43)) - raft.server.log.use.memory = false (default)
2019-11-13 23:01:07,171 [pool-37-thread-1] INFO  server.RaftServerConfigKeys (ConfUtils.java:logGet(43)) - raft.server.notification.no-leader.timeout = 120s (custom)
2019-11-13 23:01:07,171 [pool-27-thread-1] INFO  server.RaftServerConfigKeys (ConfUtils.java:logGet(43)) - raft.server.log.purge.gap = 1000000 (custom)
2019-11-13 23:01:07,171 [pool-47-thread-1] INFO  server.RaftServerConfigKeys (ConfUtils.java:logGet(43)) - raft.server.notification.no-leader.timeout = 120s (custom)
2019-11-13 23:01:07,171 [pool-27-thread-1] INFO  server.RaftServerConfigKeys (ConfUtils.java:logGet(43)) - raft.server.log.appender.buffer.byte-limit = 33554432 (custom)
2019-11-13 23:01:07,171 [pool-37-thread-1] INFO  server.RaftServerConfigKeys (ConfUtils.java:logGet(43)) - raft.server.log.use.memory = false (default)
2019-11-13 23:01:07,172 [pool-27-thread-1] INFO  server.RaftServerConfigKeys (ConfUtils.java:logGet(43)) - raft.server.log.segment.size.max = 1048576 (custom)
2019-11-13 23:01:07,171 [pool-47-thread-1] INFO  server.RaftServerConfigKeys (ConfUtils.java:logGet(43)) - raft.server.log.use.memory = false (default)
2019-11-13 23:01:07,172 [pool-27-thread-1] INFO  server.RaftServerConfigKeys (ConfUtils.java:logGet(43)) - raft.server.log.segment.cache.num.max = 2 (custom)
2019-11-13 23:01:07,172 [pool-37-thread-1] INFO  server.RaftServerConfigKeys (ConfUtils.java:logGet(43)) - raft.server.log.purge.gap = 1000000 (custom)
2019-11-13 23:01:07,172 [pool-27-thread-1] INFO  segmented.SegmentedRaftLogWorker (SegmentedRaftLogWorker.java:<init>(173)) - new f3f8a366-04a8-447c-8c9c-11275a3e7960@group-D34CABA6FD78-SegmentedRaftLogWorker for RaftStorage:Storage Directory /workdir/hadoop-ozone/tools/target/test-dir/MiniOzoneClusterImpl-4b653e79-0c46-4b0e-80a2-ec6314d5d114/datanode-0/data/ratis/91e22e40-b5b2-480b-951e-d34caba6fd78
2019-11-13 23:01:07,172 [pool-47-thread-1] INFO  server.RaftServerConfigKeys (ConfUtils.java:logGet(43)) - raft.server.log.purge.gap = 1000000 (custom)
2019-11-13 23:01:07,172 [pool-27-thread-1] INFO  server.RaftServerConfigKeys (ConfUtils.java:logGet(43)) - raft.server.log.queue.byte-limit = 2147483647 (custom)
2019-11-13 23:01:07,172 [pool-37-thread-1] INFO  server.RaftServerConfigKeys (ConfUtils.java:logGet(43)) - raft.server.log.appender.buffer.byte-limit = 33554432 (custom)
2019-11-13 23:01:07,173 [pool-27-thread-1] INFO  server.RaftServerConfigKeys (ConfUtils.java:logGet(43)) - raft.server.log.queue.element-limit = 1024 (custom)
2019-11-13 23:01:07,172 [pool-47-thread-1] INFO  server.RaftServerConfigKeys (ConfUtils.java:logGet(43)) - raft.server.log.appender.buffer.byte-limit = 33554432 (custom)
2019-11-13 23:01:07,173 [pool-27-thread-1] INFO  server.RaftServerConfigKeys (ConfUtils.java:logGet(43)) - raft.server.log.segment.size.max = 1048576 (custom)
2019-11-13 23:01:07,173 [pool-37-thread-1] INFO  server.RaftServerConfigKeys (ConfUtils.java:logGet(43)) - raft.server.log.segment.size.max = 1048576 (custom)
2019-11-13 23:01:07,173 [pool-27-thread-1] INFO  server.RaftServerConfigKeys (ConfUtils.java:logGet(43)) - raft.server.log.preallocated.size = 16384 (custom)
2019-11-13 23:01:07,173 [pool-47-thread-1] INFO  server.RaftServerConfigKeys (ConfUtils.java:logGet(43)) - raft.server.log.segment.size.max = 1048576 (custom)
2019-11-13 23:01:07,174 [pool-27-thread-1] INFO  server.RaftServerConfigKeys (ConfUtils.java:logGet(43)) - raft.server.log.write.buffer.size = 33554432 (custom)
2019-11-13 23:01:07,173 [pool-37-thread-1] INFO  server.RaftServerConfigKeys (ConfUtils.java:logGet(43)) - raft.server.log.segment.cache.num.max = 2 (custom)
2019-11-13 23:01:07,174 [pool-27-thread-1] INFO  server.RaftServerConfigKeys (ConfUtils.java:logGet(43)) - raft.server.log.force.sync.num = 128 (default)
2019-11-13 23:01:07,174 [pool-47-thread-1] INFO  server.RaftServerConfigKeys (ConfUtils.java:logGet(43)) - raft.server.log.segment.cache.num.max = 2 (custom)
2019-11-13 23:01:07,174 [pool-27-thread-1] INFO  server.RaftServerConfigKeys (ConfUtils.java:logGet(43)) - raft.server.log.statemachine.data.sync = true (default)
2019-11-13 23:01:07,174 [pool-37-thread-1] INFO  segmented.SegmentedRaftLogWorker (SegmentedRaftLogWorker.java:<init>(173)) - new 2b518b36-d90d-4564-a57b-9224905a4de1@group-D34CABA6FD78-SegmentedRaftLogWorker for RaftStorage:Storage Directory /workdir/hadoop-ozone/tools/target/test-dir/MiniOzoneClusterImpl-4b653e79-0c46-4b0e-80a2-ec6314d5d114/datanode-1/data/ratis/91e22e40-b5b2-480b-951e-d34caba6fd78
2019-11-13 23:01:07,174 [pool-27-thread-1] INFO  server.RaftServerConfigKeys (ConfUtils.java:logGet(43)) - raft.server.log.statemachine.data.sync.timeout = 10s (default)
2019-11-13 23:01:07,174 [pool-47-thread-1] INFO  segmented.SegmentedRaftLogWorker (SegmentedRaftLogWorker.java:<init>(173)) - new a27d5411-7ba0-4758-adf2-2b792b77b144@group-D34CABA6FD78-SegmentedRaftLogWorker for RaftStorage:Storage Directory /workdir/hadoop-ozone/tools/target/test-dir/MiniOzoneClusterImpl-4b653e79-0c46-4b0e-80a2-ec6314d5d114/datanode-2/data/ratis/91e22e40-b5b2-480b-951e-d34caba6fd78
2019-11-13 23:01:07,175 [pool-27-thread-1] INFO  server.RaftServerConfigKeys (ConfUtils.java:logGet(43)) - raft.server.log.statemachine.data.sync.timeout.retry = -1 (default)
2019-11-13 23:01:07,175 [pool-37-thread-1] INFO  server.RaftServerConfigKeys (ConfUtils.java:logGet(43)) - raft.server.log.queue.byte-limit = 2147483647 (custom)
2019-11-13 23:01:07,175 [pool-47-thread-1] INFO  server.RaftServerConfigKeys (ConfUtils.java:logGet(43)) - raft.server.log.queue.byte-limit = 2147483647 (custom)
2019-11-13 23:01:07,175 [pool-37-thread-1] INFO  server.RaftServerConfigKeys (ConfUtils.java:logGet(43)) - raft.server.log.queue.element-limit = 1024 (custom)
2019-11-13 23:01:07,175 [pool-27-thread-1] INFO  server.RaftServerConfigKeys (ConfUtils.java:logGet(43)) - raft.server.log.statemachine.data.caching.enabled = true (custom)
2019-11-13 23:01:07,175 [pool-37-thread-1] INFO  server.RaftServerConfigKeys (ConfUtils.java:logGet(43)) - raft.server.log.segment.size.max = 1048576 (custom)
2019-11-13 23:01:07,175 [pool-47-thread-1] INFO  server.RaftServerConfigKeys (ConfUtils.java:logGet(43)) - raft.server.log.queue.element-limit = 1024 (custom)
2019-11-13 23:01:07,176 [pool-37-thread-1] INFO  server.RaftServerConfigKeys (ConfUtils.java:logGet(43)) - raft.server.log.preallocated.size = 16384 (custom)
2019-11-13 23:01:07,176 [pool-27-thread-1] INFO  segmented.SegmentedRaftLogWorker (SegmentedRaftLogWorker.java:lambda$new$0(128)) - f3f8a366-04a8-447c-8c9c-11275a3e7960@group-D34CABA6FD78-SegmentedRaftLogWorker: flushIndex: setUnconditionally 0 -> -1
2019-11-13 23:01:07,176 [pool-47-thread-1] INFO  server.RaftServerConfigKeys (ConfUtils.java:logGet(43)) - raft.server.log.segment.size.max = 1048576 (custom)
2019-11-13 23:01:07,176 [pool-37-thread-1] INFO  server.RaftServerConfigKeys (ConfUtils.java:logGet(43)) - raft.server.log.write.buffer.size = 33554432 (custom)
2019-11-13 23:01:07,176 [pool-27-thread-1] INFO  server.RaftServerConfigKeys (ConfUtils.java:logGet(43)) - raft.server.snapshot.auto.trigger.enabled = true (custom)
2019-11-13 23:01:07,176 [pool-47-thread-1] INFO  server.RaftServerConfigKeys (ConfUtils.java:logGet(43)) - raft.server.log.preallocated.size = 16384 (custom)
2019-11-13 23:01:07,177 [pool-27-thread-1] INFO  server.RaftServerConfigKeys (ConfUtils.java:logGet(43)) - raft.server.snapshot.auto.trigger.threshold = 10000 (custom)
2019-11-13 23:01:07,176 [pool-37-thread-1] INFO  server.RaftServerConfigKeys (ConfUtils.java:logGet(43)) - raft.server.log.force.sync.num = 128 (default)
2019-11-13 23:01:07,177 [pool-27-thread-1] INFO  server.RaftServerConfigKeys (ConfUtils.java:logGet(43)) - raft.server.snapshot.retention.file.num = 5 (custom)
2019-11-13 23:01:07,177 [pool-47-thread-1] INFO  server.RaftServerConfigKeys (ConfUtils.java:logGet(43)) - raft.server.log.write.buffer.size = 33554432 (custom)
2019-11-13 23:01:07,177 [pool-37-thread-1] INFO  server.RaftServerConfigKeys (ConfUtils.java:logGet(43)) - raft.server.log.statemachine.data.sync = true (default)
2019-11-13 23:01:07,177 [pool-47-thread-1] INFO  server.RaftServerConfigKeys (ConfUtils.java:logGet(43)) - raft.server.log.force.sync.num = 128 (default)
2019-11-13 23:01:07,177 [pool-27-thread-1] INFO  server.RaftServerConfigKeys (ConfUtils.java:logGet(43)) - raft.server.retrycache.expirytime = 600000ms (custom)
2019-11-13 23:01:07,178 [pool-47-thread-1] INFO  server.RaftServerConfigKeys (ConfUtils.java:logGet(43)) - raft.server.log.statemachine.data.sync = true (default)
2019-11-13 23:01:07,178 [pool-27-thread-1] WARN  impl.MetricRegistriesImpl (MetricRegistriesImpl.java:lambda$create$1(61)) - First MetricRegistry has been created without registering reporters. You may need to call MetricRegistries.global().addReportRegistration(...) before.
2019-11-13 23:01:07,178 [pool-37-thread-1] INFO  server.RaftServerConfigKeys (ConfUtils.java:logGet(43)) - raft.server.log.statemachine.data.sync.timeout = 10s (default)
2019-11-13 23:01:07,178 [pool-27-thread-1] WARN  impl.MetricRegistriesImpl (MetricRegistriesImpl.java:lambda$create$1(61)) - First MetricRegistry has been created without registering reporters. You may need to call MetricRegistries.global().addReportRegistration(...) before.
2019-11-13 23:01:07,178 [pool-47-thread-1] INFO  server.RaftServerConfigKeys (ConfUtils.java:logGet(43)) - raft.server.log.statemachine.data.sync.timeout = 10s (default)
2019-11-13 23:01:07,178 [pool-37-thread-1] INFO  server.RaftServerConfigKeys (ConfUtils.java:logGet(43)) - raft.server.log.statemachine.data.sync.timeout.retry = -1 (default)
2019-11-13 23:01:07,178 [pool-27-thread-1] INFO  impl.RaftServerImpl (RaftServerImpl.java:start(184)) - f3f8a366-04a8-447c-8c9c-11275a3e7960@group-D34CABA6FD78: start as a follower, conf=-1: [a27d5411-7ba0-4758-adf2-2b792b77b144:192.168.164.237:38909, f3f8a366-04a8-447c-8c9c-11275a3e7960:192.168.164.237:39690, 2b518b36-d90d-4564-a57b-9224905a4de1:192.168.164.237:38090], old=null
2019-11-13 23:01:07,178 [pool-47-thread-1] INFO  server.RaftServerConfigKeys (ConfUtils.java:logGet(43)) - raft.server.log.statemachine.data.sync.timeout.retry = -1 (default)
2019-11-13 23:01:07,179 [pool-37-thread-1] INFO  server.RaftServerConfigKeys (ConfUtils.java:logGet(43)) - raft.server.log.statemachine.data.caching.enabled = true (custom)
2019-11-13 23:01:07,179 [pool-47-thread-1] INFO  server.RaftServerConfigKeys (ConfUtils.java:logGet(43)) - raft.server.log.statemachine.data.caching.enabled = true (custom)
2019-11-13 23:01:07,179 [pool-27-thread-1] INFO  impl.RaftServerImpl (RaftServerImpl.java:setRole(173)) - f3f8a366-04a8-447c-8c9c-11275a3e7960@group-D34CABA6FD78: changes role from      null to FOLLOWER at term 0 for startAsFollower
2019-11-13 23:01:07,179 [pool-37-thread-1] INFO  segmented.SegmentedRaftLogWorker (SegmentedRaftLogWorker.java:lambda$new$0(128)) - 2b518b36-d90d-4564-a57b-9224905a4de1@group-D34CABA6FD78-SegmentedRaftLogWorker: flushIndex: setUnconditionally 0 -> -1
2019-11-13 23:01:07,179 [pool-47-thread-1] INFO  segmented.SegmentedRaftLogWorker (SegmentedRaftLogWorker.java:lambda$new$0(128)) - a27d5411-7ba0-4758-adf2-2b792b77b144@group-D34CABA6FD78-SegmentedRaftLogWorker: flushIndex: setUnconditionally 0 -> -1
2019-11-13 23:01:07,179 [pool-27-thread-1] INFO  impl.RoleInfo (RoleInfo.java:updateAndGet(143)) - f3f8a366-04a8-447c-8c9c-11275a3e7960: start FollowerState
2019-11-13 23:01:07,180 [pool-47-thread-1] INFO  server.RaftServerConfigKeys (ConfUtils.java:logGet(43)) - raft.server.snapshot.auto.trigger.enabled = true (custom)
2019-11-13 23:01:07,180 [pool-37-thread-1] INFO  server.RaftServerConfigKeys (ConfUtils.java:logGet(43)) - raft.server.snapshot.auto.trigger.enabled = true (custom)
2019-11-13 23:01:07,180 [pool-47-thread-1] INFO  server.RaftServerConfigKeys (ConfUtils.java:logGet(43)) - raft.server.snapshot.auto.trigger.threshold = 10000 (custom)
2019-11-13 23:01:07,180 [pool-37-thread-1] INFO  server.RaftServerConfigKeys (ConfUtils.java:logGet(43)) - raft.server.snapshot.auto.trigger.threshold = 10000 (custom)
2019-11-13 23:01:07,180 [pool-27-thread-1] INFO  util.JmxRegister (JmxRegister.java:tryRegister(44)) - Successfully registered JMX Bean with object name Ratis:service=RaftServer,group=group-D34CABA6FD78,id=f3f8a366-04a8-447c-8c9c-11275a3e7960
2019-11-13 23:01:07,180 [pool-47-thread-1] INFO  server.RaftServerConfigKeys (ConfUtils.java:logGet(43)) - raft.server.snapshot.retention.file.num = 5 (custom)
2019-11-13 23:01:07,180 [pool-27-thread-1] WARN  impl.MetricRegistriesImpl (MetricRegistriesImpl.java:lambda$create$1(61)) - First MetricRegistry has been created without registering reporters. You may need to call MetricRegistries.global().addReportRegistration(...) before.
2019-11-13 23:01:07,180 [pool-37-thread-1] INFO  server.RaftServerConfigKeys (ConfUtils.java:logGet(43)) - raft.server.snapshot.retention.file.num = 5 (custom)
2019-11-13 23:01:07,181 [pool-47-thread-1] INFO  server.RaftServerConfigKeys (ConfUtils.java:logGet(43)) - raft.server.retrycache.expirytime = 600000ms (custom)
2019-11-13 23:01:07,181 [pool-37-thread-1] INFO  server.RaftServerConfigKeys (ConfUtils.java:logGet(43)) - raft.server.retrycache.expirytime = 600000ms (custom)
2019-11-13 23:01:07,181 [pool-47-thread-1] WARN  impl.MetricRegistriesImpl (MetricRegistriesImpl.java:lambda$create$1(61)) - First MetricRegistry has been created without registering reporters. You may need to call MetricRegistries.global().addReportRegistration(...) before.
2019-11-13 23:01:07,181 [pool-37-thread-1] WARN  impl.MetricRegistriesImpl (MetricRegistriesImpl.java:lambda$create$1(61)) - First MetricRegistry has been created without registering reporters. You may need to call MetricRegistries.global().addReportRegistration(...) before.
2019-11-13 23:01:07,181 [pool-47-thread-1] WARN  impl.MetricRegistriesImpl (MetricRegistriesImpl.java:lambda$create$1(61)) - First MetricRegistry has been created without registering reporters. You may need to call MetricRegistries.global().addReportRegistration(...) before.
2019-11-13 23:01:07,181 [pool-37-thread-1] WARN  impl.MetricRegistriesImpl (MetricRegistriesImpl.java:lambda$create$1(61)) - First MetricRegistry has been created without registering reporters. You may need to call MetricRegistries.global().addReportRegistration(...) before.
2019-11-13 23:01:07,182 [pool-47-thread-1] INFO  impl.RaftServerImpl (RaftServerImpl.java:start(184)) - a27d5411-7ba0-4758-adf2-2b792b77b144@group-D34CABA6FD78: start as a follower, conf=-1: [a27d5411-7ba0-4758-adf2-2b792b77b144:192.168.164.237:38909, f3f8a366-04a8-447c-8c9c-11275a3e7960:192.168.164.237:39690, 2b518b36-d90d-4564-a57b-9224905a4de1:192.168.164.237:38090], old=null
2019-11-13 23:01:07,182 [pool-37-thread-1] INFO  impl.RaftServerImpl (RaftServerImpl.java:start(184)) - 2b518b36-d90d-4564-a57b-9224905a4de1@group-D34CABA6FD78: start as a follower, conf=-1: [a27d5411-7ba0-4758-adf2-2b792b77b144:192.168.164.237:38909, f3f8a366-04a8-447c-8c9c-11275a3e7960:192.168.164.237:39690, 2b518b36-d90d-4564-a57b-9224905a4de1:192.168.164.237:38090], old=null
2019-11-13 23:01:07,182 [pool-47-thread-1] INFO  impl.RaftServerImpl (RaftServerImpl.java:setRole(173)) - a27d5411-7ba0-4758-adf2-2b792b77b144@group-D34CABA6FD78: changes role from      null to FOLLOWER at term 0 for startAsFollower
2019-11-13 23:01:07,182 [pool-37-thread-1] INFO  impl.RaftServerImpl (RaftServerImpl.java:setRole(173)) - 2b518b36-d90d-4564-a57b-9224905a4de1@group-D34CABA6FD78: changes role from      null to FOLLOWER at term 0 for startAsFollower
2019-11-13 23:01:07,182 [pool-47-thread-1] INFO  impl.RoleInfo (RoleInfo.java:updateAndGet(143)) - a27d5411-7ba0-4758-adf2-2b792b77b144: start FollowerState
2019-11-13 23:01:07,182 [pool-37-thread-1] INFO  impl.RoleInfo (RoleInfo.java:updateAndGet(143)) - 2b518b36-d90d-4564-a57b-9224905a4de1: start FollowerState
2019-11-13 23:01:07,183 [pool-47-thread-1] INFO  util.JmxRegister (JmxRegister.java:tryRegister(44)) - Successfully registered JMX Bean with object name Ratis:service=RaftServer,group=group-D34CABA6FD78,id=a27d5411-7ba0-4758-adf2-2b792b77b144
2019-11-13 23:01:07,183 [pool-37-thread-1] INFO  util.JmxRegister (JmxRegister.java:tryRegister(44)) - Successfully registered JMX Bean with object name Ratis:service=RaftServer,group=group-D34CABA6FD78,id=2b518b36-d90d-4564-a57b-9224905a4de1
2019-11-13 23:01:07,183 [pool-47-thread-1] WARN  impl.MetricRegistriesImpl (MetricRegistriesImpl.java:lambda$create$1(61)) - First MetricRegistry has been created without registering reporters. You may need to call MetricRegistries.global().addReportRegistration(...) before.
2019-11-13 23:01:07,183 [pool-37-thread-1] WARN  impl.MetricRegistriesImpl (MetricRegistriesImpl.java:lambda$create$1(61)) - First MetricRegistry has been created without registering reporters. You may need to call MetricRegistries.global().addReportRegistration(...) before.
2019-11-13 23:01:07,196 [RatisPipelineUtilsThread] INFO  pipeline.PipelineStateManager (PipelineStateManager.java:addPipeline(55)) - Created pipeline Pipeline[ Id: 91e22e40-b5b2-480b-951e-d34caba6fd78, Nodes: 2b518b36-d90d-4564-a57b-9224905a4de1{ip: 192.168.164.237, host: pr-hdds-2471-vxr4w-2980416436, networkLocation: /default-rack, certSerialId: null}a27d5411-7ba0-4758-adf2-2b792b77b144{ip: 192.168.164.237, host: pr-hdds-2471-vxr4w-2980416436, networkLocation: /default-rack, certSerialId: null}f3f8a366-04a8-447c-8c9c-11275a3e7960{ip: 192.168.164.237, host: pr-hdds-2471-vxr4w-2980416436, networkLocation: /default-rack, certSerialId: null}, Type:RATIS, Factor:THREE, State:ALLOCATED]
2019-11-13 23:01:07,197 [Thread-178] INFO  pipeline.PipelineStateManager (PipelineStateManager.java:finalizePipeline(121)) - Pipeline Pipeline[ Id: 75629e92-916d-459b-8573-f0b00bc9e034, Nodes: 2b518b36-d90d-4564-a57b-9224905a4de1{ip: 192.168.164.237, host: pr-hdds-2471-vxr4w-2980416436, networkLocation: /default-rack, certSerialId: null}, Type:RATIS, Factor:ONE, State:CLOSED] moved to CLOSED state
2019-11-13 23:01:07,210 [grpc-default-executor-2] INFO  impl.RaftServerProxy (RaftServerProxy.java:remove(95)) - 2b518b36-d90d-4564-a57b-9224905a4de1: remove  FOLLOWER 2b518b36-d90d-4564-a57b-9224905a4de1@group-F0B00BC9E034:t0, leader=null, voted=null, raftlog=2b518b36-d90d-4564-a57b-9224905a4de1@group-F0B00BC9E034-SegmentedRaftLog:OPENED:c-1,f-1,i0, conf=-1: [2b518b36-d90d-4564-a57b-9224905a4de1:192.168.164.237:38090], old=null RUNNING
2019-11-13 23:01:07,211 [grpc-default-executor-2] INFO  impl.RaftServerImpl (RaftServerImpl.java:lambda$shutdown$3(250)) - 2b518b36-d90d-4564-a57b-9224905a4de1@group-F0B00BC9E034: shutdown
2019-11-13 23:01:07,211 [grpc-default-executor-2] INFO  util.JmxRegister (JmxRegister.java:unregister(73)) - Successfully un-registered JMX Bean with object name Ratis:service=RaftServer,group=group-F0B00BC9E034,id=2b518b36-d90d-4564-a57b-9224905a4de1
2019-11-13 23:01:07,211 [grpc-default-executor-2] INFO  impl.RoleInfo (RoleInfo.java:shutdownFollowerState(121)) - 2b518b36-d90d-4564-a57b-9224905a4de1: shutdown FollowerState
2019-11-13 23:01:07,212 [grpc-default-executor-2] INFO  impl.StateMachineUpdater (StateMachineUpdater.java:stopAndJoin(136)) - 2b518b36-d90d-4564-a57b-9224905a4de1@group-F0B00BC9E034-StateMachineUpdater: set stopIndex = -1
2019-11-13 23:01:07,212 [Thread-183] INFO  impl.FollowerState (FollowerState.java:run(120)) - 2b518b36-d90d-4564-a57b-9224905a4de1@group-F0B00BC9E034-FollowerState was interrupted: java.lang.InterruptedException: sleep interrupted
2019-11-13 23:01:07,213 [grpc-default-executor-2] INFO  impl.RaftServerImpl (ServerState.java:close(387)) - 2b518b36-d90d-4564-a57b-9224905a4de1@group-F0B00BC9E034: closes. applyIndex: -1
2019-11-13 23:01:07,213 [2b518b36-d90d-4564-a57b-9224905a4de1@group-F0B00BC9E034-SegmentedRaftLogWorker] INFO  segmented.SegmentedRaftLogWorker (SegmentedRaftLogWorker.java:run(316)) - 2b518b36-d90d-4564-a57b-9224905a4de1@group-F0B00BC9E034-SegmentedRaftLogWorker was interrupted, exiting. There are 0 tasks remaining in the queue.
2019-11-13 23:01:07,214 [grpc-default-executor-2] INFO  segmented.SegmentedRaftLogWorker (SegmentedRaftLogWorker.java:close(224)) - 2b518b36-d90d-4564-a57b-9224905a4de1@group-F0B00BC9E034-SegmentedRaftLogWorker close()
2019-11-13 23:01:07,222 [Thread-178] INFO  pipeline.PipelineStateManager (PipelineStateManager.java:removePipeline(106)) - Pipeline Pipeline[ Id: 75629e92-916d-459b-8573-f0b00bc9e034, Nodes: 2b518b36-d90d-4564-a57b-9224905a4de1{ip: 192.168.164.237, host: pr-hdds-2471-vxr4w-2980416436, networkLocation: /default-rack, certSerialId: null}, Type:RATIS, Factor:ONE, State:CLOSED] removed from db
2019-11-13 23:01:07,222 [Thread-178] INFO  pipeline.SCMPipelineManager (SCMPipelineManager.java:finalizeAndDestroyPipeline(315)) - destroying pipeline:Pipeline[ Id: 2e41db99-f35f-4c93-8109-a3b46d6638c2, Nodes: f3f8a366-04a8-447c-8c9c-11275a3e7960{ip: 192.168.164.237, host: pr-hdds-2471-vxr4w-2980416436, networkLocation: /default-rack, certSerialId: null}, Type:RATIS, Factor:ONE, State:ALLOCATED]
2019-11-13 23:01:07,232 [grpc-default-executor-2] INFO  impl.RaftServerProxy (RaftServerProxy.java:addNew(89)) - 2b518b36-d90d-4564-a57b-9224905a4de1: addNew group-815496B74440:[2b518b36-d90d-4564-a57b-9224905a4de1:192.168.164.237:38090] returns group-815496B74440:java.util.concurrent.CompletableFuture@3aefff0b[Not completed]
2019-11-13 23:01:07,234 [pool-37-thread-1] INFO  impl.RaftServerImpl (RaftServerImpl.java:<init>(98)) - 2b518b36-d90d-4564-a57b-9224905a4de1: new RaftServerImpl for group-815496B74440:[2b518b36-d90d-4564-a57b-9224905a4de1:192.168.164.237:38090] with ContainerStateMachine:uninitialized
2019-11-13 23:01:07,234 [pool-37-thread-1] INFO  server.RaftServerConfigKeys (ConfUtils.java:logGet(43)) - raft.server.rpc.timeout.min = 5s (custom)
2019-11-13 23:01:07,234 [pool-37-thread-1] INFO  server.RaftServerConfigKeys (ConfUtils.java:logGet(43)) - raft.server.rpc.timeout.max = 5200ms (custom)
2019-11-13 23:01:07,234 [pool-37-thread-1] INFO  server.RaftServerConfigKeys (ConfUtils.java:logGet(43)) - raft.server.rpcslowness.timeout = 120s (custom)
2019-11-13 23:01:07,235 [pool-37-thread-1] INFO  server.RaftServerConfigKeys (ConfUtils.java:logGet(43)) - raft.server.sleep.deviation.threshold = 300 (default)
2019-11-13 23:01:07,235 [pool-37-thread-1] INFO  server.RaftServerConfigKeys (ConfUtils.java:logGet(43)) - raft.server.log.appender.install.snapshot.enabled = false (custom)
2019-11-13 23:01:07,235 [pool-37-thread-1] INFO  impl.RaftServerImpl (ServerState.java:<init>(103)) - 2b518b36-d90d-4564-a57b-9224905a4de1@group-815496B74440: ConfigurationManager, init=-1: [2b518b36-d90d-4564-a57b-9224905a4de1:192.168.164.237:38090], old=null, confs=<EMPTY_MAP>
2019-11-13 23:01:07,235 [pool-37-thread-1] INFO  server.RaftServerConfigKeys (ConfUtils.java:logGet(43)) - raft.server.storage.dir = [/workdir/hadoop-ozone/tools/target/test-dir/MiniOzoneClusterImpl-4b653e79-0c46-4b0e-80a2-ec6314d5d114/datanode-1/data/ratis] (custom)
2019-11-13 23:01:07,235 [pool-37-thread-1] INFO  server.RaftServerConfigKeys (ConfUtils.java:logGet(43)) - raft.server.log.corruption.policy = EXCEPTION (default)
2019-11-13 23:01:07,236 [pool-37-thread-1] INFO  storage.RaftStorageDirectory (RaftStorageDirectory.java:analyzeStorage(246)) - The storage directory /workdir/hadoop-ozone/tools/target/test-dir/MiniOzoneClusterImpl-4b653e79-0c46-4b0e-80a2-ec6314d5d114/datanode-1/data/ratis/435a0463-05e5-43e9-8841-815496b74440 does not exist. Creating ...
2019-11-13 23:01:07,249 [pool-37-thread-1] INFO  storage.RaftStorageDirectory (RaftStorageDirectory.java:tryLock(328)) - Lock on /workdir/hadoop-ozone/tools/target/test-dir/MiniOzoneClusterImpl-4b653e79-0c46-4b0e-80a2-ec6314d5d114/datanode-1/data/ratis/435a0463-05e5-43e9-8841-815496b74440/in_use.lock acquired by nodename 14681@pr-hdds-2471-vxr4w-2980416436
2019-11-13 23:01:07,262 [pool-37-thread-1] INFO  storage.RaftStorage (RaftStorage.java:format(84)) - Storage directory /workdir/hadoop-ozone/tools/target/test-dir/MiniOzoneClusterImpl-4b653e79-0c46-4b0e-80a2-ec6314d5d114/datanode-1/data/ratis/435a0463-05e5-43e9-8841-815496b74440 has been successfully formatted.
2019-11-13 23:01:07,262 [pool-37-thread-1] INFO  ratis.ContainerStateMachine (ContainerStateMachine.java:loadSnapshot(223)) - group-815496B74440: The snapshot info is null. Setting the last applied indexto:(t:0, i:~)
2019-11-13 23:01:07,262 [pool-37-thread-1] INFO  server.RaftServerConfigKeys (ConfUtils.java:logGet(43)) - raft.server.notification.no-leader.timeout = 120s (custom)
2019-11-13 23:01:07,262 [pool-37-thread-1] INFO  server.RaftServerConfigKeys (ConfUtils.java:logGet(43)) - raft.server.log.use.memory = false (default)
2019-11-13 23:01:07,263 [pool-37-thread-1] INFO  server.RaftServerConfigKeys (ConfUtils.java:logGet(43)) - raft.server.log.purge.gap = 1000000 (custom)
2019-11-13 23:01:07,263 [pool-37-thread-1] INFO  server.RaftServerConfigKeys (ConfUtils.java:logGet(43)) - raft.server.log.appender.buffer.byte-limit = 33554432 (custom)
2019-11-13 23:01:07,263 [pool-37-thread-1] INFO  server.RaftServerConfigKeys (ConfUtils.java:logGet(43)) - raft.server.log.segment.size.max = 1048576 (custom)
2019-11-13 23:01:07,263 [pool-37-thread-1] INFO  server.RaftServerConfigKeys (ConfUtils.java:logGet(43)) - raft.server.log.segment.cache.num.max = 2 (custom)
2019-11-13 23:01:07,263 [pool-37-thread-1] INFO  segmented.SegmentedRaftLogWorker (SegmentedRaftLogWorker.java:<init>(173)) - new 2b518b36-d90d-4564-a57b-9224905a4de1@group-815496B74440-SegmentedRaftLogWorker for RaftStorage:Storage Directory /workdir/hadoop-ozone/tools/target/test-dir/MiniOzoneClusterImpl-4b653e79-0c46-4b0e-80a2-ec6314d5d114/datanode-1/data/ratis/435a0463-05e5-43e9-8841-815496b74440
2019-11-13 23:01:07,263 [pool-37-thread-1] INFO  server.RaftServerConfigKeys (ConfUtils.java:logGet(43)) - raft.server.log.queue.byte-limit = 2147483647 (custom)
2019-11-13 23:01:07,263 [pool-37-thread-1] INFO  server.RaftServerConfigKeys (ConfUtils.java:logGet(43)) - raft.server.log.queue.element-limit = 1024 (custom)
2019-11-13 23:01:07,263 [pool-37-thread-1] INFO  server.RaftServerConfigKeys (ConfUtils.java:logGet(43)) - raft.server.log.segment.size.max = 1048576 (custom)
2019-11-13 23:01:07,264 [pool-37-thread-1] INFO  server.RaftServerConfigKeys (ConfUtils.java:logGet(43)) - raft.server.log.preallocated.size = 16384 (custom)
2019-11-13 23:01:07,264 [pool-37-thread-1] INFO  server.RaftServerConfigKeys (ConfUtils.java:logGet(43)) - raft.server.log.write.buffer.size = 33554432 (custom)
2019-11-13 23:01:07,264 [pool-37-thread-1] INFO  server.RaftServerConfigKeys (ConfUtils.java:logGet(43)) - raft.server.log.force.sync.num = 128 (default)
2019-11-13 23:01:07,264 [pool-37-thread-1] INFO  server.RaftServerConfigKeys (ConfUtils.java:logGet(43)) - raft.server.log.statemachine.data.sync = true (default)
2019-11-13 23:01:07,264 [pool-37-thread-1] INFO  server.RaftServerConfigKeys (ConfUtils.java:logGet(43)) - raft.server.log.statemachine.data.sync.timeout = 10s (default)
2019-11-13 23:01:07,264 [pool-37-thread-1] INFO  server.RaftServerConfigKeys (ConfUtils.java:logGet(43)) - raft.server.log.statemachine.data.sync.timeout.retry = -1 (default)
2019-11-13 23:01:07,265 [pool-37-thread-1] INFO  server.RaftServerConfigKeys (ConfUtils.java:logGet(43)) - raft.server.log.statemachine.data.caching.enabled = true (custom)
2019-11-13 23:01:07,265 [pool-37-thread-1] INFO  segmented.SegmentedRaftLogWorker (SegmentedRaftLogWorker.java:lambda$new$0(128)) - 2b518b36-d90d-4564-a57b-9224905a4de1@group-815496B74440-SegmentedRaftLogWorker: flushIndex: setUnconditionally 0 -> -1
2019-11-13 23:01:07,266 [pool-37-thread-1] INFO  server.RaftServerConfigKeys (ConfUtils.java:logGet(43)) - raft.server.snapshot.auto.trigger.enabled = true (custom)
2019-11-13 23:01:07,266 [pool-37-thread-1] INFO  server.RaftServerConfigKeys (ConfUtils.java:logGet(43)) - raft.server.snapshot.auto.trigger.threshold = 10000 (custom)
2019-11-13 23:01:07,266 [pool-37-thread-1] INFO  server.RaftServerConfigKeys (ConfUtils.java:logGet(43)) - raft.server.snapshot.retention.file.num = 5 (custom)
2019-11-13 23:01:07,266 [pool-37-thread-1] INFO  server.RaftServerConfigKeys (ConfUtils.java:logGet(43)) - raft.server.retrycache.expirytime = 600000ms (custom)
2019-11-13 23:01:07,266 [pool-37-thread-1] WARN  impl.MetricRegistriesImpl (MetricRegistriesImpl.java:lambda$create$1(61)) - First MetricRegistry has been created without registering reporters. You may need to call MetricRegistries.global().addReportRegistration(...) before.
2019-11-13 23:01:07,267 [pool-37-thread-1] WARN  impl.MetricRegistriesImpl (MetricRegistriesImpl.java:lambda$create$1(61)) - First MetricRegistry has been created without registering reporters. You may need to call MetricRegistries.global().addReportRegistration(...) before.
2019-11-13 23:01:07,267 [pool-37-thread-1] INFO  impl.RaftServerImpl (RaftServerImpl.java:start(184)) - 2b518b36-d90d-4564-a57b-9224905a4de1@group-815496B74440: start as a follower, conf=-1: [2b518b36-d90d-4564-a57b-9224905a4de1:192.168.164.237:38090], old=null
2019-11-13 23:01:07,267 [pool-37-thread-1] INFO  impl.RaftServerImpl (RaftServerImpl.java:setRole(173)) - 2b518b36-d90d-4564-a57b-9224905a4de1@group-815496B74440: changes role from      null to FOLLOWER at term 0 for startAsFollower
2019-11-13 23:01:07,267 [pool-37-thread-1] INFO  impl.RoleInfo (RoleInfo.java:updateAndGet(143)) - 2b518b36-d90d-4564-a57b-9224905a4de1: start FollowerState
2019-11-13 23:01:07,268 [pool-37-thread-1] INFO  util.JmxRegister (JmxRegister.java:tryRegister(44)) - Successfully registered JMX Bean with object name Ratis:service=RaftServer,group=group-815496B74440,id=2b518b36-d90d-4564-a57b-9224905a4de1
2019-11-13 23:01:07,268 [pool-37-thread-1] WARN  impl.MetricRegistriesImpl (MetricRegistriesImpl.java:lambda$create$1(61)) - First MetricRegistry has been created without registering reporters. You may need to call MetricRegistries.global().addReportRegistration(...) before.
2019-11-13 23:01:07,276 [RatisPipelineUtilsThread] INFO  pipeline.PipelineStateManager (PipelineStateManager.java:addPipeline(55)) - Created pipeline Pipeline[ Id: 435a0463-05e5-43e9-8841-815496b74440, Nodes: 2b518b36-d90d-4564-a57b-9224905a4de1{ip: 192.168.164.237, host: pr-hdds-2471-vxr4w-2980416436, networkLocation: /default-rack, certSerialId: null}, Type:RATIS, Factor:ONE, State:ALLOCATED]
2019-11-13 23:01:07,277 [Thread-178] INFO  pipeline.PipelineStateManager (PipelineStateManager.java:finalizePipeline(121)) - Pipeline Pipeline[ Id: 2e41db99-f35f-4c93-8109-a3b46d6638c2, Nodes: f3f8a366-04a8-447c-8c9c-11275a3e7960{ip: 192.168.164.237, host: pr-hdds-2471-vxr4w-2980416436, networkLocation: /default-rack, certSerialId: null}, Type:RATIS, Factor:ONE, State:CLOSED] moved to CLOSED state
2019-11-13 23:01:07,287 [grpc-default-executor-2] INFO  impl.RaftServerProxy (RaftServerProxy.java:remove(95)) - f3f8a366-04a8-447c-8c9c-11275a3e7960: remove  FOLLOWER f3f8a366-04a8-447c-8c9c-11275a3e7960@group-A3B46D6638C2:t0, leader=null, voted=null, raftlog=f3f8a366-04a8-447c-8c9c-11275a3e7960@group-A3B46D6638C2-SegmentedRaftLog:OPENED:c-1,f-1,i0, conf=-1: [f3f8a366-04a8-447c-8c9c-11275a3e7960:192.168.164.237:39690], old=null RUNNING
2019-11-13 23:01:07,288 [grpc-default-executor-2] INFO  impl.RaftServerImpl (RaftServerImpl.java:lambda$shutdown$3(250)) - f3f8a366-04a8-447c-8c9c-11275a3e7960@group-A3B46D6638C2: shutdown
2019-11-13 23:01:07,288 [grpc-default-executor-2] INFO  util.JmxRegister (JmxRegister.java:unregister(73)) - Successfully un-registered JMX Bean with object name Ratis:service=RaftServer,group=group-A3B46D6638C2,id=f3f8a366-04a8-447c-8c9c-11275a3e7960
2019-11-13 23:01:07,288 [grpc-default-executor-2] INFO  impl.RoleInfo (RoleInfo.java:shutdownFollowerState(121)) - f3f8a366-04a8-447c-8c9c-11275a3e7960: shutdown FollowerState
2019-11-13 23:01:07,288 [grpc-default-executor-2] INFO  impl.StateMachineUpdater (StateMachineUpdater.java:stopAndJoin(136)) - f3f8a366-04a8-447c-8c9c-11275a3e7960@group-A3B46D6638C2-StateMachineUpdater: set stopIndex = -1
2019-11-13 23:01:07,288 [Thread-180] INFO  impl.FollowerState (FollowerState.java:run(120)) - f3f8a366-04a8-447c-8c9c-11275a3e7960@group-A3B46D6638C2-FollowerState was interrupted: java.lang.InterruptedException: sleep interrupted
2019-11-13 23:01:07,289 [grpc-default-executor-2] INFO  impl.RaftServerImpl (ServerState.java:close(387)) - f3f8a366-04a8-447c-8c9c-11275a3e7960@group-A3B46D6638C2: closes. applyIndex: -1
2019-11-13 23:01:07,290 [f3f8a366-04a8-447c-8c9c-11275a3e7960@group-A3B46D6638C2-SegmentedRaftLogWorker] INFO  segmented.SegmentedRaftLogWorker (SegmentedRaftLogWorker.java:run(316)) - f3f8a366-04a8-447c-8c9c-11275a3e7960@group-A3B46D6638C2-SegmentedRaftLogWorker was interrupted, exiting. There are 0 tasks remaining in the queue.
2019-11-13 23:01:07,290 [grpc-default-executor-2] INFO  segmented.SegmentedRaftLogWorker (SegmentedRaftLogWorker.java:close(224)) - f3f8a366-04a8-447c-8c9c-11275a3e7960@group-A3B46D6638C2-SegmentedRaftLogWorker close()
2019-11-13 23:01:07,298 [Thread-178] INFO  pipeline.PipelineStateManager (PipelineStateManager.java:removePipeline(106)) - Pipeline Pipeline[ Id: 2e41db99-f35f-4c93-8109-a3b46d6638c2, Nodes: f3f8a366-04a8-447c-8c9c-11275a3e7960{ip: 192.168.164.237, host: pr-hdds-2471-vxr4w-2980416436, networkLocation: /default-rack, certSerialId: null}, Type:RATIS, Factor:ONE, State:CLOSED] removed from db
2019-11-13 23:01:07,298 [Thread-178] INFO  pipeline.SCMPipelineManager (SCMPipelineManager.java:finalizeAndDestroyPipeline(315)) - destroying pipeline:Pipeline[ Id: cbd6d587-a55d-422b-af67-3897abf66c7f, Nodes: a27d5411-7ba0-4758-adf2-2b792b77b144{ip: 192.168.164.237, host: pr-hdds-2471-vxr4w-2980416436, networkLocation: /default-rack, certSerialId: null}, Type:RATIS, Factor:ONE, State:ALLOCATED]
2019-11-13 23:01:07,311 [grpc-default-executor-2] INFO  impl.RaftServerProxy (RaftServerProxy.java:addNew(89)) - f3f8a366-04a8-447c-8c9c-11275a3e7960: addNew group-4E084C3DDD41:[f3f8a366-04a8-447c-8c9c-11275a3e7960:192.168.164.237:39690] returns group-4E084C3DDD41:java.util.concurrent.CompletableFuture@a7699df[Not completed]
2019-11-13 23:01:07,313 [pool-27-thread-1] INFO  impl.RaftServerImpl (RaftServerImpl.java:<init>(98)) - f3f8a366-04a8-447c-8c9c-11275a3e7960: new RaftServerImpl for group-4E084C3DDD41:[f3f8a366-04a8-447c-8c9c-11275a3e7960:192.168.164.237:39690] with ContainerStateMachine:uninitialized
2019-11-13 23:01:07,313 [pool-27-thread-1] INFO  server.RaftServerConfigKeys (ConfUtils.java:logGet(43)) - raft.server.rpc.timeout.min = 5s (custom)
2019-11-13 23:01:07,313 [pool-27-thread-1] INFO  server.RaftServerConfigKeys (ConfUtils.java:logGet(43)) - raft.server.rpc.timeout.max = 5200ms (custom)
2019-11-13 23:01:07,313 [pool-27-thread-1] INFO  server.RaftServerConfigKeys (ConfUtils.java:logGet(43)) - raft.server.rpcslowness.timeout = 120s (custom)
2019-11-13 23:01:07,313 [pool-27-thread-1] INFO  server.RaftServerConfigKeys (ConfUtils.java:logGet(43)) - raft.server.sleep.deviation.threshold = 300 (default)
2019-11-13 23:01:07,313 [pool-27-thread-1] INFO  server.RaftServerConfigKeys (ConfUtils.java:logGet(43)) - raft.server.log.appender.install.snapshot.enabled = false (custom)
2019-11-13 23:01:07,314 [pool-27-thread-1] INFO  impl.RaftServerImpl (ServerState.java:<init>(103)) - f3f8a366-04a8-447c-8c9c-11275a3e7960@group-4E084C3DDD41: ConfigurationManager, init=-1: [f3f8a366-04a8-447c-8c9c-11275a3e7960:192.168.164.237:39690], old=null, confs=<EMPTY_MAP>
2019-11-13 23:01:07,314 [pool-27-thread-1] INFO  server.RaftServerConfigKeys (ConfUtils.java:logGet(43)) - raft.server.storage.dir = [/workdir/hadoop-ozone/tools/target/test-dir/MiniOzoneClusterImpl-4b653e79-0c46-4b0e-80a2-ec6314d5d114/datanode-0/data/ratis] (custom)
2019-11-13 23:01:07,314 [pool-27-thread-1] INFO  server.RaftServerConfigKeys (ConfUtils.java:logGet(43)) - raft.server.log.corruption.policy = EXCEPTION (default)
2019-11-13 23:01:07,314 [pool-27-thread-1] INFO  storage.RaftStorageDirectory (RaftStorageDirectory.java:analyzeStorage(246)) - The storage directory /workdir/hadoop-ozone/tools/target/test-dir/MiniOzoneClusterImpl-4b653e79-0c46-4b0e-80a2-ec6314d5d114/datanode-0/data/ratis/47ee465e-f1db-4ed8-80bb-4e084c3ddd41 does not exist. Creating ...
2019-11-13 23:01:07,327 [pool-27-thread-1] INFO  storage.RaftStorageDirectory (RaftStorageDirectory.java:tryLock(328)) - Lock on /workdir/hadoop-ozone/tools/target/test-dir/MiniOzoneClusterImpl-4b653e79-0c46-4b0e-80a2-ec6314d5d114/datanode-0/data/ratis/47ee465e-f1db-4ed8-80bb-4e084c3ddd41/in_use.lock acquired by nodename 14681@pr-hdds-2471-vxr4w-2980416436
2019-11-13 23:01:07,331 [pool-27-thread-1] INFO  storage.RaftStorage (RaftStorage.java:format(84)) - Storage directory /workdir/hadoop-ozone/tools/target/test-dir/MiniOzoneClusterImpl-4b653e79-0c46-4b0e-80a2-ec6314d5d114/datanode-0/data/ratis/47ee465e-f1db-4ed8-80bb-4e084c3ddd41 has been successfully formatted.
2019-11-13 23:01:07,331 [pool-27-thread-1] INFO  ratis.ContainerStateMachine (ContainerStateMachine.java:loadSnapshot(223)) - group-4E084C3DDD41: The snapshot info is null. Setting the last applied indexto:(t:0, i:~)
2019-11-13 23:01:07,331 [pool-27-thread-1] INFO  server.RaftServerConfigKeys (ConfUtils.java:logGet(43)) - raft.server.notification.no-leader.timeout = 120s (custom)
2019-11-13 23:01:07,331 [pool-27-thread-1] INFO  server.RaftServerConfigKeys (ConfUtils.java:logGet(43)) - raft.server.log.use.memory = false (default)
2019-11-13 23:01:07,331 [pool-27-thread-1] INFO  server.RaftServerConfigKeys (ConfUtils.java:logGet(43)) - raft.server.log.purge.gap = 1000000 (custom)
2019-11-13 23:01:07,332 [pool-27-thread-1] INFO  server.RaftServerConfigKeys (ConfUtils.java:logGet(43)) - raft.server.log.appender.buffer.byte-limit = 33554432 (custom)
2019-11-13 23:01:07,332 [pool-27-thread-1] INFO  server.RaftServerConfigKeys (ConfUtils.java:logGet(43)) - raft.server.log.segment.size.max = 1048576 (custom)
2019-11-13 23:01:07,332 [pool-27-thread-1] INFO  server.RaftServerConfigKeys (ConfUtils.java:logGet(43)) - raft.server.log.segment.cache.num.max = 2 (custom)
2019-11-13 23:01:07,332 [pool-27-thread-1] INFO  segmented.SegmentedRaftLogWorker (SegmentedRaftLogWorker.java:<init>(173)) - new f3f8a366-04a8-447c-8c9c-11275a3e7960@group-4E084C3DDD41-SegmentedRaftLogWorker for RaftStorage:Storage Directory /workdir/hadoop-ozone/tools/target/test-dir/MiniOzoneClusterImpl-4b653e79-0c46-4b0e-80a2-ec6314d5d114/datanode-0/data/ratis/47ee465e-f1db-4ed8-80bb-4e084c3ddd41
2019-11-13 23:01:07,332 [pool-27-thread-1] INFO  server.RaftServerConfigKeys (ConfUtils.java:logGet(43)) - raft.server.log.queue.byte-limit = 2147483647 (custom)
2019-11-13 23:01:07,332 [pool-27-thread-1] INFO  server.RaftServerConfigKeys (ConfUtils.java:logGet(43)) - raft.server.log.queue.element-limit = 1024 (custom)
2019-11-13 23:01:07,332 [pool-27-thread-1] INFO  server.RaftServerConfigKeys (ConfUtils.java:logGet(43)) - raft.server.log.segment.size.max = 1048576 (custom)
2019-11-13 23:01:07,333 [pool-27-thread-1] INFO  server.RaftServerConfigKeys (ConfUtils.java:logGet(43)) - raft.server.log.preallocated.size = 16384 (custom)
2019-11-13 23:01:07,333 [pool-27-thread-1] INFO  server.RaftServerConfigKeys (ConfUtils.java:logGet(43)) - raft.server.log.write.buffer.size = 33554432 (custom)
2019-11-13 23:01:07,333 [pool-27-thread-1] INFO  server.RaftServerConfigKeys (ConfUtils.java:logGet(43)) - raft.server.log.force.sync.num = 128 (default)
2019-11-13 23:01:07,333 [pool-27-thread-1] INFO  server.RaftServerConfigKeys (ConfUtils.java:logGet(43)) - raft.server.log.statemachine.data.sync = true (default)
2019-11-13 23:01:07,333 [pool-27-thread-1] INFO  server.RaftServerConfigKeys (ConfUtils.java:logGet(43)) - raft.server.log.statemachine.data.sync.timeout = 10s (default)
2019-11-13 23:01:07,333 [pool-27-thread-1] INFO  server.RaftServerConfigKeys (ConfUtils.java:logGet(43)) - raft.server.log.statemachine.data.sync.timeout.retry = -1 (default)
2019-11-13 23:01:07,334 [pool-27-thread-1] INFO  server.RaftServerConfigKeys (ConfUtils.java:logGet(43)) - raft.server.log.statemachine.data.caching.enabled = true (custom)
2019-11-13 23:01:07,334 [pool-27-thread-1] INFO  segmented.SegmentedRaftLogWorker (SegmentedRaftLogWorker.java:lambda$new$0(128)) - f3f8a366-04a8-447c-8c9c-11275a3e7960@group-4E084C3DDD41-SegmentedRaftLogWorker: flushIndex: setUnconditionally 0 -> -1
2019-11-13 23:01:07,334 [pool-27-thread-1] INFO  server.RaftServerConfigKeys (ConfUtils.java:logGet(43)) - raft.server.snapshot.auto.trigger.enabled = true (custom)
2019-11-13 23:01:07,334 [pool-27-thread-1] INFO  server.RaftServerConfigKeys (ConfUtils.java:logGet(43)) - raft.server.snapshot.auto.trigger.threshold = 10000 (custom)
2019-11-13 23:01:07,335 [pool-27-thread-1] INFO  server.RaftServerConfigKeys (ConfUtils.java:logGet(43)) - raft.server.snapshot.retention.file.num = 5 (custom)
2019-11-13 23:01:07,335 [pool-27-thread-1] INFO  server.RaftServerConfigKeys (ConfUtils.java:logGet(43)) - raft.server.retrycache.expirytime = 600000ms (custom)
2019-11-13 23:01:07,335 [pool-27-thread-1] WARN  impl.MetricRegistriesImpl (MetricRegistriesImpl.java:lambda$create$1(61)) - First MetricRegistry has been created without registering reporters. You may need to call MetricRegistries.global().addReportRegistration(...) before.
2019-11-13 23:01:07,335 [pool-27-thread-1] WARN  impl.MetricRegistriesImpl (MetricRegistriesImpl.java:lambda$create$1(61)) - First MetricRegistry has been created without registering reporters. You may need to call MetricRegistries.global().addReportRegistration(...) before.
2019-11-13 23:01:07,335 [pool-27-thread-1] INFO  impl.RaftServerImpl (RaftServerImpl.java:start(184)) - f3f8a366-04a8-447c-8c9c-11275a3e7960@group-4E084C3DDD41: start as a follower, conf=-1: [f3f8a366-04a8-447c-8c9c-11275a3e7960:192.168.164.237:39690], old=null
2019-11-13 23:01:07,335 [pool-27-thread-1] INFO  impl.RaftServerImpl (RaftServerImpl.java:setRole(173)) - f3f8a366-04a8-447c-8c9c-11275a3e7960@group-4E084C3DDD41: changes role from      null to FOLLOWER at term 0 for startAsFollower
2019-11-13 23:01:07,336 [pool-27-thread-1] INFO  impl.RoleInfo (RoleInfo.java:updateAndGet(143)) - f3f8a366-04a8-447c-8c9c-11275a3e7960: start FollowerState
2019-11-13 23:01:07,336 [pool-27-thread-1] INFO  util.JmxRegister (JmxRegister.java:tryRegister(44)) - Successfully registered JMX Bean with object name Ratis:service=RaftServer,group=group-4E084C3DDD41,id=f3f8a366-04a8-447c-8c9c-11275a3e7960
2019-11-13 23:01:07,336 [pool-27-thread-1] WARN  impl.MetricRegistriesImpl (MetricRegistriesImpl.java:lambda$create$1(61)) - First MetricRegistry has been created without registering reporters. You may need to call MetricRegistries.global().addReportRegistration(...) before.
2019-11-13 23:01:07,341 [RatisPipelineUtilsThread] INFO  pipeline.PipelineStateManager (PipelineStateManager.java:addPipeline(55)) - Created pipeline Pipeline[ Id: 47ee465e-f1db-4ed8-80bb-4e084c3ddd41, Nodes: f3f8a366-04a8-447c-8c9c-11275a3e7960{ip: 192.168.164.237, host: pr-hdds-2471-vxr4w-2980416436, networkLocation: /default-rack, certSerialId: null}, Type:RATIS, Factor:ONE, State:ALLOCATED]
2019-11-13 23:01:07,342 [Thread-178] INFO  pipeline.PipelineStateManager (PipelineStateManager.java:finalizePipeline(121)) - Pipeline Pipeline[ Id: cbd6d587-a55d-422b-af67-3897abf66c7f, Nodes: a27d5411-7ba0-4758-adf2-2b792b77b144{ip: 192.168.164.237, host: pr-hdds-2471-vxr4w-2980416436, networkLocation: /default-rack, certSerialId: null}, Type:RATIS, Factor:ONE, State:CLOSED] moved to CLOSED state
2019-11-13 23:01:07,354 [grpc-default-executor-2] INFO  impl.RaftServerProxy (RaftServerProxy.java:remove(95)) - a27d5411-7ba0-4758-adf2-2b792b77b144: remove  FOLLOWER a27d5411-7ba0-4758-adf2-2b792b77b144@group-3897ABF66C7F:t0, leader=null, voted=null, raftlog=a27d5411-7ba0-4758-adf2-2b792b77b144@group-3897ABF66C7F-SegmentedRaftLog:OPENED:c-1,f-1,i0, conf=-1: [a27d5411-7ba0-4758-adf2-2b792b77b144:192.168.164.237:38909], old=null RUNNING
2019-11-13 23:01:07,355 [grpc-default-executor-2] INFO  impl.RaftServerImpl (RaftServerImpl.java:lambda$shutdown$3(250)) - a27d5411-7ba0-4758-adf2-2b792b77b144@group-3897ABF66C7F: shutdown
2019-11-13 23:01:07,355 [grpc-default-executor-2] INFO  util.JmxRegister (JmxRegister.java:unregister(73)) - Successfully un-registered JMX Bean with object name Ratis:service=RaftServer,group=group-3897ABF66C7F,id=a27d5411-7ba0-4758-adf2-2b792b77b144
2019-11-13 23:01:07,355 [grpc-default-executor-2] INFO  impl.RoleInfo (RoleInfo.java:shutdownFollowerState(121)) - a27d5411-7ba0-4758-adf2-2b792b77b144: shutdown FollowerState
2019-11-13 23:01:07,355 [grpc-default-executor-2] INFO  impl.StateMachineUpdater (StateMachineUpdater.java:stopAndJoin(136)) - a27d5411-7ba0-4758-adf2-2b792b77b144@group-3897ABF66C7F-StateMachineUpdater: set stopIndex = -1
2019-11-13 23:01:07,355 [Thread-186] INFO  impl.FollowerState (FollowerState.java:run(120)) - a27d5411-7ba0-4758-adf2-2b792b77b144@group-3897ABF66C7F-FollowerState was interrupted: java.lang.InterruptedException: sleep interrupted
2019-11-13 23:01:07,356 [grpc-default-executor-2] INFO  impl.RaftServerImpl (ServerState.java:close(387)) - a27d5411-7ba0-4758-adf2-2b792b77b144@group-3897ABF66C7F: closes. applyIndex: -1
2019-11-13 23:01:07,357 [a27d5411-7ba0-4758-adf2-2b792b77b144@group-3897ABF66C7F-SegmentedRaftLogWorker] INFO  segmented.SegmentedRaftLogWorker (SegmentedRaftLogWorker.java:run(316)) - a27d5411-7ba0-4758-adf2-2b792b77b144@group-3897ABF66C7F-SegmentedRaftLogWorker was interrupted, exiting. There are 0 tasks remaining in the queue.
2019-11-13 23:01:07,357 [grpc-default-executor-2] INFO  segmented.SegmentedRaftLogWorker (SegmentedRaftLogWorker.java:close(224)) - a27d5411-7ba0-4758-adf2-2b792b77b144@group-3897ABF66C7F-SegmentedRaftLogWorker close()
2019-11-13 23:01:07,365 [Thread-178] INFO  pipeline.PipelineStateManager (PipelineStateManager.java:removePipeline(106)) - Pipeline Pipeline[ Id: cbd6d587-a55d-422b-af67-3897abf66c7f, Nodes: a27d5411-7ba0-4758-adf2-2b792b77b144{ip: 192.168.164.237, host: pr-hdds-2471-vxr4w-2980416436, networkLocation: /default-rack, certSerialId: null}, Type:RATIS, Factor:ONE, State:CLOSED] removed from db
2019-11-13 23:01:07,374 [grpc-default-executor-2] INFO  impl.RaftServerProxy (RaftServerProxy.java:addNew(89)) - a27d5411-7ba0-4758-adf2-2b792b77b144: addNew group-A3FACA6C579C:[a27d5411-7ba0-4758-adf2-2b792b77b144:192.168.164.237:38909] returns group-A3FACA6C579C:java.util.concurrent.CompletableFuture@73839822[Not completed]
2019-11-13 23:01:07,376 [pool-47-thread-1] INFO  impl.RaftServerImpl (RaftServerImpl.java:<init>(98)) - a27d5411-7ba0-4758-adf2-2b792b77b144: new RaftServerImpl for group-A3FACA6C579C:[a27d5411-7ba0-4758-adf2-2b792b77b144:192.168.164.237:38909] with ContainerStateMachine:uninitialized
2019-11-13 23:01:07,376 [pool-47-thread-1] INFO  server.RaftServerConfigKeys (ConfUtils.java:logGet(43)) - raft.server.rpc.timeout.min = 5s (custom)
2019-11-13 23:01:07,377 [pool-47-thread-1] INFO  server.RaftServerConfigKeys (ConfUtils.java:logGet(43)) - raft.server.rpc.timeout.max = 5200ms (custom)
2019-11-13 23:01:07,377 [pool-47-thread-1] INFO  server.RaftServerConfigKeys (ConfUtils.java:logGet(43)) - raft.server.rpcslowness.timeout = 120s (custom)
2019-11-13 23:01:07,377 [pool-47-thread-1] INFO  server.RaftServerConfigKeys (ConfUtils.java:logGet(43)) - raft.server.sleep.deviation.threshold = 300 (default)
2019-11-13 23:01:07,377 [pool-47-thread-1] INFO  server.RaftServerConfigKeys (ConfUtils.java:logGet(43)) - raft.server.log.appender.install.snapshot.enabled = false (custom)
2019-11-13 23:01:07,377 [pool-47-thread-1] INFO  impl.RaftServerImpl (ServerState.java:<init>(103)) - a27d5411-7ba0-4758-adf2-2b792b77b144@group-A3FACA6C579C: ConfigurationManager, init=-1: [a27d5411-7ba0-4758-adf2-2b792b77b144:192.168.164.237:38909], old=null, confs=<EMPTY_MAP>
2019-11-13 23:01:07,377 [pool-47-thread-1] INFO  server.RaftServerConfigKeys (ConfUtils.java:logGet(43)) - raft.server.storage.dir = [/workdir/hadoop-ozone/tools/target/test-dir/MiniOzoneClusterImpl-4b653e79-0c46-4b0e-80a2-ec6314d5d114/datanode-2/data/ratis] (custom)
2019-11-13 23:01:07,378 [pool-47-thread-1] INFO  server.RaftServerConfigKeys (ConfUtils.java:logGet(43)) - raft.server.log.corruption.policy = EXCEPTION (default)
2019-11-13 23:01:07,378 [pool-47-thread-1] INFO  storage.RaftStorageDirectory (RaftStorageDirectory.java:analyzeStorage(246)) - The storage directory /workdir/hadoop-ozone/tools/target/test-dir/MiniOzoneClusterImpl-4b653e79-0c46-4b0e-80a2-ec6314d5d114/datanode-2/data/ratis/39cadbce-c65a-448e-ae18-a3faca6c579c does not exist. Creating ...
2019-11-13 23:01:07,390 [pool-47-thread-1] INFO  storage.RaftStorageDirectory (RaftStorageDirectory.java:tryLock(328)) - Lock on /workdir/hadoop-ozone/tools/target/test-dir/MiniOzoneClusterImpl-4b653e79-0c46-4b0e-80a2-ec6314d5d114/datanode-2/data/ratis/39cadbce-c65a-448e-ae18-a3faca6c579c/in_use.lock acquired by nodename 14681@pr-hdds-2471-vxr4w-2980416436
2019-11-13 23:01:07,395 [pool-47-thread-1] INFO  storage.RaftStorage (RaftStorage.java:format(84)) - Storage directory /workdir/hadoop-ozone/tools/target/test-dir/MiniOzoneClusterImpl-4b653e79-0c46-4b0e-80a2-ec6314d5d114/datanode-2/data/ratis/39cadbce-c65a-448e-ae18-a3faca6c579c has been successfully formatted.
2019-11-13 23:01:07,395 [pool-47-thread-1] INFO  ratis.ContainerStateMachine (ContainerStateMachine.java:loadSnapshot(223)) - group-A3FACA6C579C: The snapshot info is null. Setting the last applied indexto:(t:0, i:~)
2019-11-13 23:01:07,395 [pool-47-thread-1] INFO  server.RaftServerConfigKeys (ConfUtils.java:logGet(43)) - raft.server.notification.no-leader.timeout = 120s (custom)
2019-11-13 23:01:07,396 [pool-47-thread-1] INFO  server.RaftServerConfigKeys (ConfUtils.java:logGet(43)) - raft.server.log.use.memory = false (default)
2019-11-13 23:01:07,396 [pool-47-thread-1] INFO  server.RaftServerConfigKeys (ConfUtils.java:logGet(43)) - raft.server.log.purge.gap = 1000000 (custom)
2019-11-13 23:01:07,396 [pool-47-thread-1] INFO  server.RaftServerConfigKeys (ConfUtils.java:logGet(43)) - raft.server.log.appender.buffer.byte-limit = 33554432 (custom)
2019-11-13 23:01:07,396 [pool-47-thread-1] INFO  server.RaftServerConfigKeys (ConfUtils.java:logGet(43)) - raft.server.log.segment.size.max = 1048576 (custom)
2019-11-13 23:01:07,396 [pool-47-thread-1] INFO  server.RaftServerConfigKeys (ConfUtils.java:logGet(43)) - raft.server.log.segment.cache.num.max = 2 (custom)
2019-11-13 23:01:07,396 [pool-47-thread-1] INFO  segmented.SegmentedRaftLogWorker (SegmentedRaftLogWorker.java:<init>(173)) - new a27d5411-7ba0-4758-adf2-2b792b77b144@group-A3FACA6C579C-SegmentedRaftLogWorker for RaftStorage:Storage Directory /workdir/hadoop-ozone/tools/target/test-dir/MiniOzoneClusterImpl-4b653e79-0c46-4b0e-80a2-ec6314d5d114/datanode-2/data/ratis/39cadbce-c65a-448e-ae18-a3faca6c579c
2019-11-13 23:01:07,397 [pool-47-thread-1] INFO  server.RaftServerConfigKeys (ConfUtils.java:logGet(43)) - raft.server.log.queue.byte-limit = 2147483647 (custom)
2019-11-13 23:01:07,397 [pool-47-thread-1] INFO  server.RaftServerConfigKeys (ConfUtils.java:logGet(43)) - raft.server.log.queue.element-limit = 1024 (custom)
2019-11-13 23:01:07,397 [pool-47-thread-1] INFO  server.RaftServerConfigKeys (ConfUtils.java:logGet(43)) - raft.server.log.segment.size.max = 1048576 (custom)
2019-11-13 23:01:07,397 [pool-47-thread-1] INFO  server.RaftServerConfigKeys (ConfUtils.java:logGet(43)) - raft.server.log.preallocated.size = 16384 (custom)
2019-11-13 23:01:07,397 [pool-47-thread-1] INFO  server.RaftServerConfigKeys (ConfUtils.java:logGet(43)) - raft.server.log.write.buffer.size = 33554432 (custom)
2019-11-13 23:01:07,397 [pool-47-thread-1] INFO  server.RaftServerConfigKeys (ConfUtils.java:logGet(43)) - raft.server.log.force.sync.num = 128 (default)
2019-11-13 23:01:07,397 [pool-47-thread-1] INFO  server.RaftServerConfigKeys (ConfUtils.java:logGet(43)) - raft.server.log.statemachine.data.sync = true (default)
2019-11-13 23:01:07,398 [pool-47-thread-1] INFO  server.RaftServerConfigKeys (ConfUtils.java:logGet(43)) - raft.server.log.statemachine.data.sync.timeout = 10s (default)
2019-11-13 23:01:07,398 [pool-47-thread-1] INFO  server.RaftServerConfigKeys (ConfUtils.java:logGet(43)) - raft.server.log.statemachine.data.sync.timeout.retry = -1 (default)
2019-11-13 23:01:07,398 [pool-47-thread-1] INFO  server.RaftServerConfigKeys (ConfUtils.java:logGet(43)) - raft.server.log.statemachine.data.caching.enabled = true (custom)
2019-11-13 23:01:07,398 [pool-47-thread-1] INFO  segmented.SegmentedRaftLogWorker (SegmentedRaftLogWorker.java:lambda$new$0(128)) - a27d5411-7ba0-4758-adf2-2b792b77b144@group-A3FACA6C579C-SegmentedRaftLogWorker: flushIndex: setUnconditionally 0 -> -1
2019-11-13 23:01:07,399 [pool-47-thread-1] INFO  server.RaftServerConfigKeys (ConfUtils.java:logGet(43)) - raft.server.snapshot.auto.trigger.enabled = true (custom)
2019-11-13 23:01:07,399 [pool-47-thread-1] INFO  server.RaftServerConfigKeys (ConfUtils.java:logGet(43)) - raft.server.snapshot.auto.trigger.threshold = 10000 (custom)
2019-11-13 23:01:07,399 [pool-47-thread-1] INFO  server.RaftServerConfigKeys (ConfUtils.java:logGet(43)) - raft.server.snapshot.retention.file.num = 5 (custom)
2019-11-13 23:01:07,399 [pool-47-thread-1] INFO  server.RaftServerConfigKeys (ConfUtils.java:logGet(43)) - raft.server.retrycache.expirytime = 600000ms (custom)
2019-11-13 23:01:07,399 [pool-47-thread-1] WARN  impl.MetricRegistriesImpl (MetricRegistriesImpl.java:lambda$create$1(61)) - First MetricRegistry has been created without registering reporters. You may need to call MetricRegistries.global().addReportRegistration(...) before.
2019-11-13 23:01:07,400 [pool-47-thread-1] WARN  impl.MetricRegistriesImpl (MetricRegistriesImpl.java:lambda$create$1(61)) - First MetricRegistry has been created without registering reporters. You may need to call MetricRegistries.global().addReportRegistration(...) before.
2019-11-13 23:01:07,400 [pool-47-thread-1] INFO  impl.RaftServerImpl (RaftServerImpl.java:start(184)) - a27d5411-7ba0-4758-adf2-2b792b77b144@group-A3FACA6C579C: start as a follower, conf=-1: [a27d5411-7ba0-4758-adf2-2b792b77b144:192.168.164.237:38909], old=null
2019-11-13 23:01:07,400 [pool-47-thread-1] INFO  impl.RaftServerImpl (RaftServerImpl.java:setRole(173)) - a27d5411-7ba0-4758-adf2-2b792b77b144@group-A3FACA6C579C: changes role from      null to FOLLOWER at term 0 for startAsFollower
2019-11-13 23:01:07,400 [pool-47-thread-1] INFO  impl.RoleInfo (RoleInfo.java:updateAndGet(143)) - a27d5411-7ba0-4758-adf2-2b792b77b144: start FollowerState
2019-11-13 23:01:07,401 [pool-47-thread-1] INFO  util.JmxRegister (JmxRegister.java:tryRegister(44)) - Successfully registered JMX Bean with object name Ratis:service=RaftServer,group=group-A3FACA6C579C,id=a27d5411-7ba0-4758-adf2-2b792b77b144
2019-11-13 23:01:07,401 [pool-47-thread-1] WARN  impl.MetricRegistriesImpl (MetricRegistriesImpl.java:lambda$create$1(61)) - First MetricRegistry has been created without registering reporters. You may need to call MetricRegistries.global().addReportRegistration(...) before.
2019-11-13 23:01:07,406 [RatisPipelineUtilsThread] INFO  pipeline.PipelineStateManager (PipelineStateManager.java:addPipeline(55)) - Created pipeline Pipeline[ Id: 39cadbce-c65a-448e-ae18-a3faca6c579c, Nodes: a27d5411-7ba0-4758-adf2-2b792b77b144{ip: 192.168.164.237, host: pr-hdds-2471-vxr4w-2980416436, networkLocation: /default-rack, certSerialId: null}, Type:RATIS, Factor:ONE, State:ALLOCATED]
2019-11-13 23:01:07,875 [main] INFO  ozone.MiniOzoneClusterImpl (MiniOzoneClusterImpl.java:lambda$waitForClusterToBeReady$2(163)) - Waiting for 4 number of pipelines out of 4, to report a leader.
2019-11-13 23:01:08,876 [main] INFO  ozone.MiniOzoneClusterImpl (MiniOzoneClusterImpl.java:lambda$waitForClusterToBeReady$2(163)) - Waiting for 4 number of pipelines out of 4, to report a leader.
2019-11-13 23:01:09,877 [main] INFO  ozone.MiniOzoneClusterImpl (MiniOzoneClusterImpl.java:lambda$waitForClusterToBeReady$2(163)) - Waiting for 4 number of pipelines out of 4, to report a leader.
2019-11-13 23:01:10,877 [main] INFO  ozone.MiniOzoneClusterImpl (MiniOzoneClusterImpl.java:lambda$waitForClusterToBeReady$2(163)) - Waiting for 4 number of pipelines out of 4, to report a leader.
2019-11-13 23:01:11,878 [main] INFO  ozone.MiniOzoneClusterImpl (MiniOzoneClusterImpl.java:lambda$waitForClusterToBeReady$2(163)) - Waiting for 4 number of pipelines out of 4, to report a leader.
2019-11-13 23:01:12,298 [Thread-202] INFO  impl.FollowerState (FollowerState.java:run(111)) - f3f8a366-04a8-447c-8c9c-11275a3e7960@group-D34CABA6FD78-FollowerState: change to CANDIDATE, lastRpcTime:5118ms, electionTimeout:5118ms
2019-11-13 23:01:12,301 [Thread-202] INFO  impl.RoleInfo (RoleInfo.java:shutdownFollowerState(121)) - f3f8a366-04a8-447c-8c9c-11275a3e7960: shutdown FollowerState
2019-11-13 23:01:12,301 [Thread-202] INFO  impl.RaftServerImpl (RaftServerImpl.java:setRole(173)) - f3f8a366-04a8-447c-8c9c-11275a3e7960@group-D34CABA6FD78: changes role from  FOLLOWER to CANDIDATE at term 0 for changeToCandidate
2019-11-13 23:01:12,306 [Thread-202] INFO  impl.RoleInfo (RoleInfo.java:updateAndGet(143)) - f3f8a366-04a8-447c-8c9c-11275a3e7960: start LeaderElection
2019-11-13 23:01:12,313 [Thread-207] INFO  impl.FollowerState (FollowerState.java:run(111)) - 2b518b36-d90d-4564-a57b-9224905a4de1@group-D34CABA6FD78-FollowerState: change to CANDIDATE, lastRpcTime:5130ms, electionTimeout:5130ms
2019-11-13 23:01:12,313 [Thread-207] INFO  impl.RoleInfo (RoleInfo.java:shutdownFollowerState(121)) - 2b518b36-d90d-4564-a57b-9224905a4de1: shutdown FollowerState
2019-11-13 23:01:12,313 [Thread-207] INFO  impl.RaftServerImpl (RaftServerImpl.java:setRole(173)) - 2b518b36-d90d-4564-a57b-9224905a4de1@group-D34CABA6FD78: changes role from  FOLLOWER to CANDIDATE at term 0 for changeToCandidate
2019-11-13 23:01:12,314 [Thread-207] INFO  impl.RoleInfo (RoleInfo.java:updateAndGet(143)) - 2b518b36-d90d-4564-a57b-9224905a4de1: start LeaderElection
2019-11-13 23:01:12,323 [f3f8a366-04a8-447c-8c9c-11275a3e7960@group-D34CABA6FD78-LeaderElection1] INFO  impl.LeaderElection (LeaderElection.java:askForVotes(178)) - f3f8a366-04a8-447c-8c9c-11275a3e7960@group-D34CABA6FD78-LeaderElection1: begin an election at term 1 for -1: [a27d5411-7ba0-4758-adf2-2b792b77b144:192.168.164.237:38909, f3f8a366-04a8-447c-8c9c-11275a3e7960:192.168.164.237:39690, 2b518b36-d90d-4564-a57b-9224905a4de1:192.168.164.237:38090], old=null
2019-11-13 23:01:12,323 [2b518b36-d90d-4564-a57b-9224905a4de1@group-D34CABA6FD78-LeaderElection2] INFO  impl.LeaderElection (LeaderElection.java:askForVotes(178)) - 2b518b36-d90d-4564-a57b-9224905a4de1@group-D34CABA6FD78-LeaderElection2: begin an election at term 1 for -1: [a27d5411-7ba0-4758-adf2-2b792b77b144:192.168.164.237:38909, f3f8a366-04a8-447c-8c9c-11275a3e7960:192.168.164.237:39690, 2b518b36-d90d-4564-a57b-9224905a4de1:192.168.164.237:38090], old=null
2019-11-13 23:01:12,362 [grpc-default-executor-2] INFO  impl.RaftServerImpl (RaftServerImpl.java:setRole(173)) - a27d5411-7ba0-4758-adf2-2b792b77b144@group-D34CABA6FD78: changes role from  FOLLOWER to FOLLOWER at term 1 for recognizeCandidate:2b518b36-d90d-4564-a57b-9224905a4de1
2019-11-13 23:01:12,363 [grpc-default-executor-2] INFO  impl.RoleInfo (RoleInfo.java:shutdownFollowerState(121)) - a27d5411-7ba0-4758-adf2-2b792b77b144: shutdown FollowerState
2019-11-13 23:01:12,363 [Thread-206] INFO  impl.FollowerState (FollowerState.java:run(120)) - a27d5411-7ba0-4758-adf2-2b792b77b144@group-D34CABA6FD78-FollowerState was interrupted: java.lang.InterruptedException: sleep interrupted
2019-11-13 23:01:12,363 [grpc-default-executor-2] INFO  impl.RoleInfo (RoleInfo.java:updateAndGet(143)) - a27d5411-7ba0-4758-adf2-2b792b77b144: start FollowerState
2019-11-13 23:01:12,370 [Thread-216] INFO  impl.FollowerState (FollowerState.java:run(111)) - f3f8a366-04a8-447c-8c9c-11275a3e7960@group-4E084C3DDD41-FollowerState: change to CANDIDATE, lastRpcTime:5034ms, electionTimeout:5034ms
2019-11-13 23:01:12,370 [Thread-216] INFO  impl.RoleInfo (RoleInfo.java:shutdownFollowerState(121)) - f3f8a366-04a8-447c-8c9c-11275a3e7960: shutdown FollowerState
2019-11-13 23:01:12,371 [Thread-216] INFO  impl.RaftServerImpl (RaftServerImpl.java:setRole(173)) - f3f8a366-04a8-447c-8c9c-11275a3e7960@group-4E084C3DDD41: changes role from  FOLLOWER to CANDIDATE at term 0 for changeToCandidate
2019-11-13 23:01:12,371 [Thread-216] INFO  impl.RoleInfo (RoleInfo.java:updateAndGet(143)) - f3f8a366-04a8-447c-8c9c-11275a3e7960: start LeaderElection
2019-11-13 23:01:12,387 [f3f8a366-04a8-447c-8c9c-11275a3e7960@group-4E084C3DDD41-LeaderElection3] INFO  impl.LeaderElection (LeaderElection.java:askForVotes(178)) - f3f8a366-04a8-447c-8c9c-11275a3e7960@group-4E084C3DDD41-LeaderElection3: begin an election at term 1 for -1: [f3f8a366-04a8-447c-8c9c-11275a3e7960:192.168.164.237:39690], old=null
2019-11-13 23:01:12,389 [f3f8a366-04a8-447c-8c9c-11275a3e7960@group-4E084C3DDD41-LeaderElection3] INFO  impl.RoleInfo (RoleInfo.java:shutdownLeaderElection(134)) - f3f8a366-04a8-447c-8c9c-11275a3e7960: shutdown LeaderElection
2019-11-13 23:01:12,391 [f3f8a366-04a8-447c-8c9c-11275a3e7960@group-4E084C3DDD41-LeaderElection3] INFO  impl.RaftServerImpl (RaftServerImpl.java:setRole(173)) - f3f8a366-04a8-447c-8c9c-11275a3e7960@group-4E084C3DDD41: changes role from CANDIDATE to LEADER at term 1 for changeToLeader
2019-11-13 23:01:12,391 [f3f8a366-04a8-447c-8c9c-11275a3e7960@group-4E084C3DDD41-LeaderElection3] INFO  ratis.XceiverServerRatis (XceiverServerRatis.java:handleLeaderChangedNotification(697)) - Leader change notification received for group: group-4E084C3DDD41 with new leaderId: f3f8a366-04a8-447c-8c9c-11275a3e7960
2019-11-13 23:01:12,392 [f3f8a366-04a8-447c-8c9c-11275a3e7960@group-D34CABA6FD78-LeaderElection1] INFO  impl.LeaderElection (LeaderElection.java:logAndReturn(56)) - f3f8a366-04a8-447c-8c9c-11275a3e7960@group-D34CABA6FD78-LeaderElection1: Election REJECTED; received 2 response(s) [f3f8a366-04a8-447c-8c9c-11275a3e7960<-a27d5411-7ba0-4758-adf2-2b792b77b144#0:FAIL-t1, f3f8a366-04a8-447c-8c9c-11275a3e7960<-2b518b36-d90d-4564-a57b-9224905a4de1#0:FAIL-t1] and 0 exception(s); f3f8a366-04a8-447c-8c9c-11275a3e7960@group-D34CABA6FD78:t1, leader=null, voted=f3f8a366-04a8-447c-8c9c-11275a3e7960, raftlog=f3f8a366-04a8-447c-8c9c-11275a3e7960@group-D34CABA6FD78-SegmentedRaftLog:OPENED:c-1,f-1,i0, conf=-1: [a27d5411-7ba0-4758-adf2-2b792b77b144:192.168.164.237:38909, f3f8a366-04a8-447c-8c9c-11275a3e7960:192.168.164.237:39690, 2b518b36-d90d-4564-a57b-9224905a4de1:192.168.164.237:38090], old=null
2019-11-13 23:01:12,392 [2b518b36-d90d-4564-a57b-9224905a4de1@group-D34CABA6FD78-LeaderElection2] INFO  impl.LeaderElection (LeaderElection.java:logAndReturn(56)) - 2b518b36-d90d-4564-a57b-9224905a4de1@group-D34CABA6FD78-LeaderElection2: Election PASSED; received 2 response(s) [2b518b36-d90d-4564-a57b-9224905a4de1<-a27d5411-7ba0-4758-adf2-2b792b77b144#0:OK-t1, 2b518b36-d90d-4564-a57b-9224905a4de1<-f3f8a366-04a8-447c-8c9c-11275a3e7960#0:FAIL-t1] and 0 exception(s); 2b518b36-d90d-4564-a57b-9224905a4de1@group-D34CABA6FD78:t1, leader=null, voted=2b518b36-d90d-4564-a57b-9224905a4de1, raftlog=2b518b36-d90d-4564-a57b-9224905a4de1@group-D34CABA6FD78-SegmentedRaftLog:OPENED:c-1,f-1,i0, conf=-1: [a27d5411-7ba0-4758-adf2-2b792b77b144:192.168.164.237:38909, f3f8a366-04a8-447c-8c9c-11275a3e7960:192.168.164.237:39690, 2b518b36-d90d-4564-a57b-9224905a4de1:192.168.164.237:38090], old=null
2019-11-13 23:01:12,392 [f3f8a366-04a8-447c-8c9c-11275a3e7960@group-D34CABA6FD78-LeaderElection1] INFO  impl.RaftServerImpl (RaftServerImpl.java:setRole(173)) - f3f8a366-04a8-447c-8c9c-11275a3e7960@group-D34CABA6FD78: changes role from CANDIDATE to FOLLOWER at term 1 for DISCOVERED_A_NEW_TERM
2019-11-13 23:01:12,394 [Thread-212] INFO  impl.FollowerState (FollowerState.java:run(111)) - 2b518b36-d90d-4564-a57b-9224905a4de1@group-815496B74440-FollowerState: change to CANDIDATE, lastRpcTime:5126ms, electionTimeout:5126ms
2019-11-13 23:01:12,394 [2b518b36-d90d-4564-a57b-9224905a4de1@group-D34CABA6FD78-LeaderElection2] INFO  impl.RoleInfo (RoleInfo.java:shutdownLeaderElection(134)) - 2b518b36-d90d-4564-a57b-9224905a4de1: shutdown LeaderElection
2019-11-13 23:01:12,398 [Thread-212] INFO  impl.RoleInfo (RoleInfo.java:shutdownFollowerState(121)) - 2b518b36-d90d-4564-a57b-9224905a4de1: shutdown FollowerState
2019-11-13 23:01:12,395 [f3f8a366-04a8-447c-8c9c-11275a3e7960@group-D34CABA6FD78-LeaderElection1] INFO  impl.RoleInfo (RoleInfo.java:shutdownLeaderElection(134)) - f3f8a366-04a8-447c-8c9c-11275a3e7960: shutdown LeaderElection
2019-11-13 23:01:12,398 [Thread-212] INFO  impl.RaftServerImpl (RaftServerImpl.java:setRole(173)) - 2b518b36-d90d-4564-a57b-9224905a4de1@group-815496B74440: changes role from  FOLLOWER to CANDIDATE at term 0 for changeToCandidate
2019-11-13 23:01:12,398 [2b518b36-d90d-4564-a57b-9224905a4de1@group-D34CABA6FD78-LeaderElection2] INFO  impl.RaftServerImpl (RaftServerImpl.java:setRole(173)) - 2b518b36-d90d-4564-a57b-9224905a4de1@group-D34CABA6FD78: changes role from CANDIDATE to LEADER at term 1 for changeToLeader
2019-11-13 23:01:12,398 [Thread-212] INFO  impl.RoleInfo (RoleInfo.java:updateAndGet(143)) - 2b518b36-d90d-4564-a57b-9224905a4de1: start LeaderElection
2019-11-13 23:01:12,398 [f3f8a366-04a8-447c-8c9c-11275a3e7960@group-D34CABA6FD78-LeaderElection1] INFO  impl.RoleInfo (RoleInfo.java:updateAndGet(143)) - f3f8a366-04a8-447c-8c9c-11275a3e7960: start FollowerState
2019-11-13 23:01:12,398 [2b518b36-d90d-4564-a57b-9224905a4de1@group-D34CABA6FD78-LeaderElection2] INFO  ratis.XceiverServerRatis (XceiverServerRatis.java:handleLeaderChangedNotification(697)) - Leader change notification received for group: group-D34CABA6FD78 with new leaderId: 2b518b36-d90d-4564-a57b-9224905a4de1
2019-11-13 23:01:12,404 [2b518b36-d90d-4564-a57b-9224905a4de1@group-D34CABA6FD78-LeaderElection2] INFO  impl.RaftServerImpl (ServerState.java:setLeader(255)) - 2b518b36-d90d-4564-a57b-9224905a4de1@group-D34CABA6FD78: change Leader from null to 2b518b36-d90d-4564-a57b-9224905a4de1 at term 1 for becomeLeader, leader elected after 5227ms
2019-11-13 23:01:12,404 [f3f8a366-04a8-447c-8c9c-11275a3e7960@group-4E084C3DDD41-LeaderElection3] INFO  impl.RaftServerImpl (ServerState.java:setLeader(255)) - f3f8a366-04a8-447c-8c9c-11275a3e7960@group-4E084C3DDD41: change Leader from null to f3f8a366-04a8-447c-8c9c-11275a3e7960 at term 1 for becomeLeader, leader elected after 5059ms
2019-11-13 23:01:12,413 [f3f8a366-04a8-447c-8c9c-11275a3e7960@group-4E084C3DDD41-LeaderElection3] INFO  server.RaftServerConfigKeys (ConfUtils.java:logGet(43)) - raft.server.staging.catchup.gap = 1000 (default)
2019-11-13 23:01:12,413 [2b518b36-d90d-4564-a57b-9224905a4de1@group-D34CABA6FD78-LeaderElection2] INFO  server.RaftServerConfigKeys (ConfUtils.java:logGet(43)) - raft.server.staging.catchup.gap = 1000 (default)
2019-11-13 23:01:12,413 [f3f8a366-04a8-447c-8c9c-11275a3e7960@group-4E084C3DDD41-LeaderElection3] INFO  server.RaftServerConfigKeys (ConfUtils.java:logGet(43)) - raft.server.rpc.sleep.time = 25ms (default)
2019-11-13 23:01:12,413 [2b518b36-d90d-4564-a57b-9224905a4de1@group-D34CABA6FD78-LeaderElection2] INFO  server.RaftServerConfigKeys (ConfUtils.java:logGet(43)) - raft.server.rpc.sleep.time = 25ms (default)
2019-11-13 23:01:12,416 [2b518b36-d90d-4564-a57b-9224905a4de1@group-815496B74440-LeaderElection4] INFO  impl.LeaderElection (LeaderElection.java:askForVotes(178)) - 2b518b36-d90d-4564-a57b-9224905a4de1@group-815496B74440-LeaderElection4: begin an election at term 1 for -1: [2b518b36-d90d-4564-a57b-9224905a4de1:192.168.164.237:38090], old=null
2019-11-13 23:01:12,416 [2b518b36-d90d-4564-a57b-9224905a4de1@group-815496B74440-LeaderElection4] INFO  impl.RoleInfo (RoleInfo.java:shutdownLeaderElection(134)) - 2b518b36-d90d-4564-a57b-9224905a4de1: shutdown LeaderElection
2019-11-13 23:01:12,416 [2b518b36-d90d-4564-a57b-9224905a4de1@group-815496B74440-LeaderElection4] INFO  impl.RaftServerImpl (RaftServerImpl.java:setRole(173)) - 2b518b36-d90d-4564-a57b-9224905a4de1@group-815496B74440: changes role from CANDIDATE to LEADER at term 1 for changeToLeader
2019-11-13 23:01:12,417 [2b518b36-d90d-4564-a57b-9224905a4de1@group-815496B74440-LeaderElection4] INFO  ratis.XceiverServerRatis (XceiverServerRatis.java:handleLeaderChangedNotification(697)) - Leader change notification received for group: group-815496B74440 with new leaderId: 2b518b36-d90d-4564-a57b-9224905a4de1
2019-11-13 23:01:12,417 [2b518b36-d90d-4564-a57b-9224905a4de1@group-815496B74440-LeaderElection4] INFO  impl.RaftServerImpl (ServerState.java:setLeader(255)) - 2b518b36-d90d-4564-a57b-9224905a4de1@group-815496B74440: change Leader from null to 2b518b36-d90d-4564-a57b-9224905a4de1 at term 1 for becomeLeader, leader elected after 5154ms
2019-11-13 23:01:12,417 [2b518b36-d90d-4564-a57b-9224905a4de1@group-815496B74440-LeaderElection4] INFO  server.RaftServerConfigKeys (ConfUtils.java:logGet(43)) - raft.server.staging.catchup.gap = 1000 (default)
2019-11-13 23:01:12,417 [2b518b36-d90d-4564-a57b-9224905a4de1@group-815496B74440-LeaderElection4] INFO  server.RaftServerConfigKeys (ConfUtils.java:logGet(43)) - raft.server.rpc.sleep.time = 25ms (default)
2019-11-13 23:01:12,418 [f3f8a366-04a8-447c-8c9c-11275a3e7960@group-4E084C3DDD41-LeaderElection3] INFO  server.RaftServerConfigKeys (ConfUtils.java:logGet(43)) - raft.server.write.element-limit = 4096 (default)
2019-11-13 23:01:12,418 [2b518b36-d90d-4564-a57b-9224905a4de1@group-815496B74440-LeaderElection4] INFO  server.RaftServerConfigKeys (ConfUtils.java:logGet(43)) - raft.server.write.element-limit = 4096 (default)
2019-11-13 23:01:12,418 [2b518b36-d90d-4564-a57b-9224905a4de1@group-D34CABA6FD78-LeaderElection2] INFO  server.RaftServerConfigKeys (ConfUtils.java:logGet(43)) - raft.server.write.element-limit = 4096 (default)
2019-11-13 23:01:12,422 [f3f8a366-04a8-447c-8c9c-11275a3e7960@group-4E084C3DDD41-LeaderElection3] INFO  server.RaftServerConfigKeys (ConfUtils.java:logGet(43)) - raft.server.watch.timeout = 10s (default)
2019-11-13 23:01:12,422 [2b518b36-d90d-4564-a57b-9224905a4de1@group-D34CABA6FD78-LeaderElection2] INFO  server.RaftServerConfigKeys (ConfUtils.java:logGet(43)) - raft.server.watch.timeout = 10s (default)
2019-11-13 23:01:12,422 [2b518b36-d90d-4564-a57b-9224905a4de1@group-815496B74440-LeaderElection4] INFO  server.RaftServerConfigKeys (ConfUtils.java:logGet(43)) - raft.server.watch.timeout = 10s (default)
2019-11-13 23:01:12,422 [2b518b36-d90d-4564-a57b-9224905a4de1@group-D34CABA6FD78-LeaderElection2] INFO  server.RaftServerConfigKeys (ConfUtils.java:logGet(43)) - raft.server.watch.timeout.denomination = 1s (default)
2019-11-13 23:01:12,422 [f3f8a366-04a8-447c-8c9c-11275a3e7960@group-4E084C3DDD41-LeaderElection3] INFO  server.RaftServerConfigKeys (ConfUtils.java:logGet(43)) - raft.server.watch.timeout.denomination = 1s (default)
2019-11-13 23:01:12,422 [2b518b36-d90d-4564-a57b-9224905a4de1@group-815496B74440-LeaderElection4] INFO  server.RaftServerConfigKeys (ConfUtils.java:logGet(43)) - raft.server.watch.timeout.denomination = 1s (default)
2019-11-13 23:01:12,423 [f3f8a366-04a8-447c-8c9c-11275a3e7960@group-4E084C3DDD41-LeaderElection3] INFO  server.RaftServerConfigKeys (ConfUtils.java:logGet(43)) - raft.server.watch.element-limit = 65536 (default)
2019-11-13 23:01:12,424 [2b518b36-d90d-4564-a57b-9224905a4de1@group-815496B74440-LeaderElection4] INFO  server.RaftServerConfigKeys (ConfUtils.java:logGet(43)) - raft.server.watch.element-limit = 65536 (default)
2019-11-13 23:01:12,424 [2b518b36-d90d-4564-a57b-9224905a4de1@group-D34CABA6FD78-LeaderElection2] INFO  server.RaftServerConfigKeys (ConfUtils.java:logGet(43)) - raft.server.watch.element-limit = 65536 (default)
2019-11-13 23:01:12,428 [EventQueue-PipelineReportForPipelineReportHandler] INFO  pipeline.PipelineStateManager (PipelineStateManager.java:openPipeline(134)) - Pipeline Pipeline[ Id: 91e22e40-b5b2-480b-951e-d34caba6fd78, Nodes: 2b518b36-d90d-4564-a57b-9224905a4de1{ip: 192.168.164.237, host: pr-hdds-2471-vxr4w-2980416436, networkLocation: /default-rack, certSerialId: null}a27d5411-7ba0-4758-adf2-2b792b77b144{ip: 192.168.164.237, host: pr-hdds-2471-vxr4w-2980416436, networkLocation: /default-rack, certSerialId: null}f3f8a366-04a8-447c-8c9c-11275a3e7960{ip: 192.168.164.237, host: pr-hdds-2471-vxr4w-2980416436, networkLocation: /default-rack, certSerialId: null}, Type:RATIS, Factor:THREE, State:OPEN] moved to OPEN state
2019-11-13 23:01:12,428 [EventQueue-PipelineReportForPipelineReportHandler] INFO  pipeline.PipelineStateManager (PipelineStateManager.java:openPipeline(134)) - Pipeline Pipeline[ Id: 47ee465e-f1db-4ed8-80bb-4e084c3ddd41, Nodes: f3f8a366-04a8-447c-8c9c-11275a3e7960{ip: 192.168.164.237, host: pr-hdds-2471-vxr4w-2980416436, networkLocation: /default-rack, certSerialId: null}, Type:RATIS, Factor:ONE, State:OPEN] moved to OPEN state
2019-11-13 23:01:12,433 [EventQueue-PipelineReportForPipelineReportHandler] INFO  pipeline.PipelineStateManager (PipelineStateManager.java:openPipeline(134)) - Pipeline Pipeline[ Id: 435a0463-05e5-43e9-8841-815496b74440, Nodes: 2b518b36-d90d-4564-a57b-9224905a4de1{ip: 192.168.164.237, host: pr-hdds-2471-vxr4w-2980416436, networkLocation: /default-rack, certSerialId: null}, Type:RATIS, Factor:ONE, State:OPEN] moved to OPEN state
2019-11-13 23:01:12,441 [2b518b36-d90d-4564-a57b-9224905a4de1@group-815496B74440-LeaderElection4] INFO  impl.RoleInfo (RoleInfo.java:updateAndGet(143)) - 2b518b36-d90d-4564-a57b-9224905a4de1: start LeaderState
2019-11-13 23:01:12,441 [f3f8a366-04a8-447c-8c9c-11275a3e7960@group-4E084C3DDD41-LeaderElection3] INFO  impl.RoleInfo (RoleInfo.java:updateAndGet(143)) - f3f8a366-04a8-447c-8c9c-11275a3e7960: start LeaderState
2019-11-13 23:01:12,444 [2b518b36-d90d-4564-a57b-9224905a4de1@group-D34CABA6FD78-LeaderElection2] INFO  server.RaftServerConfigKeys (ConfUtils.java:logGet(43)) - raft.server.log.appender.snapshot.chunk.size.max = 16MB (=16777216) (default)
2019-11-13 23:01:12,444 [2b518b36-d90d-4564-a57b-9224905a4de1@group-D34CABA6FD78-LeaderElection2] INFO  server.RaftServerConfigKeys (ConfUtils.java:logGet(43)) - raft.server.log.appender.buffer.byte-limit = 33554432 (custom)
2019-11-13 23:01:12,445 [2b518b36-d90d-4564-a57b-9224905a4de1@group-D34CABA6FD78-LeaderElection2] INFO  server.RaftServerConfigKeys (ConfUtils.java:logGet(43)) - raft.server.log.appender.buffer.element-limit = 1 (custom)
2019-11-13 23:01:12,449 [2b518b36-d90d-4564-a57b-9224905a4de1@group-D34CABA6FD78-LeaderElection2] INFO  grpc.GrpcConfigKeys$Server (ConfUtils.java:logGet(43)) - raft.grpc.server.leader.outstanding.appends.max = 128 (default)
2019-11-13 23:01:12,450 [2b518b36-d90d-4564-a57b-9224905a4de1@group-D34CABA6FD78-LeaderElection2] INFO  server.RaftServerConfigKeys (ConfUtils.java:logGet(43)) - raft.server.rpc.request.timeout = 3000ms (default)
2019-11-13 23:01:12,450 [2b518b36-d90d-4564-a57b-9224905a4de1@group-D34CABA6FD78-LeaderElection2] INFO  server.RaftServerConfigKeys (ConfUtils.java:logGet(43)) - raft.server.log.appender.install.snapshot.enabled = false (custom)
2019-11-13 23:01:12,452 [2b518b36-d90d-4564-a57b-9224905a4de1@group-D34CABA6FD78-LeaderElection2] WARN  impl.MetricRegistriesImpl (MetricRegistriesImpl.java:lambda$create$1(61)) - First MetricRegistry has been created without registering reporters. You may need to call MetricRegistries.global().addReportRegistration(...) before.
2019-11-13 23:01:12,453 [2b518b36-d90d-4564-a57b-9224905a4de1@group-D34CABA6FD78-LeaderElection2] INFO  server.RaftServerConfigKeys (ConfUtils.java:logGet(43)) - raft.server.log.appender.snapshot.chunk.size.max = 16MB (=16777216) (default)
2019-11-13 23:01:12,453 [2b518b36-d90d-4564-a57b-9224905a4de1@group-D34CABA6FD78-LeaderElection2] INFO  server.RaftServerConfigKeys (ConfUtils.java:logGet(43)) - raft.server.log.appender.buffer.byte-limit = 33554432 (custom)
2019-11-13 23:01:12,453 [2b518b36-d90d-4564-a57b-9224905a4de1@group-D34CABA6FD78-LeaderElection2] INFO  server.RaftServerConfigKeys (ConfUtils.java:logGet(43)) - raft.server.log.appender.buffer.element-limit = 1 (custom)
2019-11-13 23:01:12,454 [2b518b36-d90d-4564-a57b-9224905a4de1@group-D34CABA6FD78-LeaderElection2] INFO  grpc.GrpcConfigKeys$Server (ConfUtils.java:logGet(43)) - raft.grpc.server.leader.outstanding.appends.max = 128 (default)
2019-11-13 23:01:12,454 [2b518b36-d90d-4564-a57b-9224905a4de1@group-D34CABA6FD78-LeaderElection2] INFO  server.RaftServerConfigKeys (ConfUtils.java:logGet(43)) - raft.server.rpc.request.timeout = 3000ms (default)
2019-11-13 23:01:12,454 [2b518b36-d90d-4564-a57b-9224905a4de1@group-D34CABA6FD78-LeaderElection2] INFO  server.RaftServerConfigKeys (ConfUtils.java:logGet(43)) - raft.server.log.appender.install.snapshot.enabled = false (custom)
2019-11-13 23:01:12,458 [2b518b36-d90d-4564-a57b-9224905a4de1@group-D34CABA6FD78-LeaderElection2] INFO  impl.RoleInfo (RoleInfo.java:updateAndGet(143)) - 2b518b36-d90d-4564-a57b-9224905a4de1: start LeaderState
2019-11-13 23:01:12,463 [2b518b36-d90d-4564-a57b-9224905a4de1@group-D34CABA6FD78-LeaderElection2] INFO  segmented.SegmentedRaftLogWorker (SegmentedRaftLogWorker.java:startLogSegment(385)) - 2b518b36-d90d-4564-a57b-9224905a4de1@group-D34CABA6FD78-SegmentedRaftLogWorker: Starting segment from index:0
2019-11-13 23:01:12,463 [f3f8a366-04a8-447c-8c9c-11275a3e7960@group-4E084C3DDD41-LeaderElection3] INFO  segmented.SegmentedRaftLogWorker (SegmentedRaftLogWorker.java:startLogSegment(385)) - f3f8a366-04a8-447c-8c9c-11275a3e7960@group-4E084C3DDD41-SegmentedRaftLogWorker: Starting segment from index:0
2019-11-13 23:01:12,463 [2b518b36-d90d-4564-a57b-9224905a4de1@group-815496B74440-LeaderElection4] INFO  segmented.SegmentedRaftLogWorker (SegmentedRaftLogWorker.java:startLogSegment(385)) - 2b518b36-d90d-4564-a57b-9224905a4de1@group-815496B74440-SegmentedRaftLogWorker: Starting segment from index:0
2019-11-13 23:01:12,477 [2b518b36-d90d-4564-a57b-9224905a4de1@group-815496B74440-LeaderElection4] INFO  impl.RaftServerImpl (ServerState.java:setRaftConf(356)) - 2b518b36-d90d-4564-a57b-9224905a4de1@group-815496B74440: set configuration 0: [2b518b36-d90d-4564-a57b-9224905a4de1:192.168.164.237:38090], old=null at 0
2019-11-13 23:01:12,477 [f3f8a366-04a8-447c-8c9c-11275a3e7960@group-4E084C3DDD41-LeaderElection3] INFO  impl.RaftServerImpl (ServerState.java:setRaftConf(356)) - f3f8a366-04a8-447c-8c9c-11275a3e7960@group-4E084C3DDD41: set configuration 0: [f3f8a366-04a8-447c-8c9c-11275a3e7960:192.168.164.237:39690], old=null at 0
2019-11-13 23:01:12,479 [2b518b36-d90d-4564-a57b-9224905a4de1@group-D34CABA6FD78-LeaderElection2] INFO  impl.RaftServerImpl (ServerState.java:setRaftConf(356)) - 2b518b36-d90d-4564-a57b-9224905a4de1@group-D34CABA6FD78: set configuration 0: [a27d5411-7ba0-4758-adf2-2b792b77b144:192.168.164.237:38909, f3f8a366-04a8-447c-8c9c-11275a3e7960:192.168.164.237:39690, 2b518b36-d90d-4564-a57b-9224905a4de1:192.168.164.237:38090], old=null at 0
2019-11-13 23:01:12,508 [grpc-default-executor-0] INFO  ratis.XceiverServerRatis (XceiverServerRatis.java:handleLeaderChangedNotification(697)) - Leader change notification received for group: group-D34CABA6FD78 with new leaderId: 2b518b36-d90d-4564-a57b-9224905a4de1
2019-11-13 23:01:12,508 [grpc-default-executor-2] INFO  ratis.XceiverServerRatis (XceiverServerRatis.java:handleLeaderChangedNotification(697)) - Leader change notification received for group: group-D34CABA6FD78 with new leaderId: 2b518b36-d90d-4564-a57b-9224905a4de1
2019-11-13 23:01:12,508 [grpc-default-executor-0] INFO  impl.RaftServerImpl (ServerState.java:setLeader(255)) - a27d5411-7ba0-4758-adf2-2b792b77b144@group-D34CABA6FD78: change Leader from null to 2b518b36-d90d-4564-a57b-9224905a4de1 at term 1 for appendEntries, leader elected after 5337ms
2019-11-13 23:01:12,509 [grpc-default-executor-2] INFO  impl.RaftServerImpl (ServerState.java:setLeader(255)) - f3f8a366-04a8-447c-8c9c-11275a3e7960@group-D34CABA6FD78: change Leader from null to 2b518b36-d90d-4564-a57b-9224905a4de1 at term 1 for appendEntries, leader elected after 5337ms
2019-11-13 23:01:12,540 [grpc-default-executor-0] INFO  impl.RaftServerImpl (ServerState.java:setRaftConf(356)) - f3f8a366-04a8-447c-8c9c-11275a3e7960@group-D34CABA6FD78: set configuration 0: [a27d5411-7ba0-4758-adf2-2b792b77b144:192.168.164.237:38909, f3f8a366-04a8-447c-8c9c-11275a3e7960:192.168.164.237:39690, 2b518b36-d90d-4564-a57b-9224905a4de1:192.168.164.237:38090], old=null at 0
2019-11-13 23:01:12,540 [grpc-default-executor-2] INFO  impl.RaftServerImpl (ServerState.java:setRaftConf(356)) - a27d5411-7ba0-4758-adf2-2b792b77b144@group-D34CABA6FD78: set configuration 0: [a27d5411-7ba0-4758-adf2-2b792b77b144:192.168.164.237:38909, f3f8a366-04a8-447c-8c9c-11275a3e7960:192.168.164.237:39690, 2b518b36-d90d-4564-a57b-9224905a4de1:192.168.164.237:38090], old=null at 0
2019-11-13 23:01:12,541 [grpc-default-executor-0] INFO  segmented.SegmentedRaftLogWorker (SegmentedRaftLogWorker.java:startLogSegment(385)) - f3f8a366-04a8-447c-8c9c-11275a3e7960@group-D34CABA6FD78-SegmentedRaftLogWorker: Starting segment from index:0
2019-11-13 23:01:12,541 [grpc-default-executor-2] INFO  segmented.SegmentedRaftLogWorker (SegmentedRaftLogWorker.java:startLogSegment(385)) - a27d5411-7ba0-4758-adf2-2b792b77b144@group-D34CABA6FD78-SegmentedRaftLogWorker: Starting segment from index:0
2019-11-13 23:01:12,569 [Thread-220] INFO  impl.FollowerState (FollowerState.java:run(111)) - a27d5411-7ba0-4758-adf2-2b792b77b144@group-A3FACA6C579C-FollowerState: change to CANDIDATE, lastRpcTime:5168ms, electionTimeout:5168ms
2019-11-13 23:01:12,569 [Thread-220] INFO  impl.RoleInfo (RoleInfo.java:shutdownFollowerState(121)) - a27d5411-7ba0-4758-adf2-2b792b77b144: shutdown FollowerState
2019-11-13 23:01:12,569 [Thread-220] INFO  impl.RaftServerImpl (RaftServerImpl.java:setRole(173)) - a27d5411-7ba0-4758-adf2-2b792b77b144@group-A3FACA6C579C: changes role from  FOLLOWER to CANDIDATE at term 0 for changeToCandidate
2019-11-13 23:01:12,569 [Thread-220] INFO  impl.RoleInfo (RoleInfo.java:updateAndGet(143)) - a27d5411-7ba0-4758-adf2-2b792b77b144: start LeaderElection
2019-11-13 23:01:12,585 [a27d5411-7ba0-4758-adf2-2b792b77b144@group-A3FACA6C579C-LeaderElection5] INFO  impl.LeaderElection (LeaderElection.java:askForVotes(178)) - a27d5411-7ba0-4758-adf2-2b792b77b144@group-A3FACA6C579C-LeaderElection5: begin an election at term 1 for -1: [a27d5411-7ba0-4758-adf2-2b792b77b144:192.168.164.237:38909], old=null
2019-11-13 23:01:12,585 [a27d5411-7ba0-4758-adf2-2b792b77b144@group-A3FACA6C579C-LeaderElection5] INFO  impl.RoleInfo (RoleInfo.java:shutdownLeaderElection(134)) - a27d5411-7ba0-4758-adf2-2b792b77b144: shutdown LeaderElection
2019-11-13 23:01:12,585 [a27d5411-7ba0-4758-adf2-2b792b77b144@group-A3FACA6C579C-LeaderElection5] INFO  impl.RaftServerImpl (RaftServerImpl.java:setRole(173)) - a27d5411-7ba0-4758-adf2-2b792b77b144@group-A3FACA6C579C: changes role from CANDIDATE to LEADER at term 1 for changeToLeader
2019-11-13 23:01:12,585 [a27d5411-7ba0-4758-adf2-2b792b77b144@group-A3FACA6C579C-LeaderElection5] INFO  ratis.XceiverServerRatis (XceiverServerRatis.java:handleLeaderChangedNotification(697)) - Leader change notification received for group: group-A3FACA6C579C with new leaderId: a27d5411-7ba0-4758-adf2-2b792b77b144
2019-11-13 23:01:12,586 [a27d5411-7ba0-4758-adf2-2b792b77b144@group-A3FACA6C579C-LeaderElection5] INFO  impl.RaftServerImpl (ServerState.java:setLeader(255)) - a27d5411-7ba0-4758-adf2-2b792b77b144@group-A3FACA6C579C: change Leader from null to a27d5411-7ba0-4758-adf2-2b792b77b144 at term 1 for becomeLeader, leader elected after 5189ms
2019-11-13 23:01:12,586 [a27d5411-7ba0-4758-adf2-2b792b77b144@group-A3FACA6C579C-LeaderElection5] INFO  server.RaftServerConfigKeys (ConfUtils.java:logGet(43)) - raft.server.staging.catchup.gap = 1000 (default)
2019-11-13 23:01:12,586 [a27d5411-7ba0-4758-adf2-2b792b77b144@group-A3FACA6C579C-LeaderElection5] INFO  server.RaftServerConfigKeys (ConfUtils.java:logGet(43)) - raft.server.rpc.sleep.time = 25ms (default)
2019-11-13 23:01:12,586 [a27d5411-7ba0-4758-adf2-2b792b77b144@group-A3FACA6C579C-LeaderElection5] INFO  server.RaftServerConfigKeys (ConfUtils.java:logGet(43)) - raft.server.write.element-limit = 4096 (default)
2019-11-13 23:01:12,587 [a27d5411-7ba0-4758-adf2-2b792b77b144@group-A3FACA6C579C-LeaderElection5] INFO  server.RaftServerConfigKeys (ConfUtils.java:logGet(43)) - raft.server.watch.timeout = 10s (default)
2019-11-13 23:01:12,587 [a27d5411-7ba0-4758-adf2-2b792b77b144@group-A3FACA6C579C-LeaderElection5] INFO  server.RaftServerConfigKeys (ConfUtils.java:logGet(43)) - raft.server.watch.timeout.denomination = 1s (default)
2019-11-13 23:01:12,587 [a27d5411-7ba0-4758-adf2-2b792b77b144@group-A3FACA6C579C-LeaderElection5] INFO  server.RaftServerConfigKeys (ConfUtils.java:logGet(43)) - raft.server.watch.element-limit = 65536 (default)
2019-11-13 23:01:12,588 [a27d5411-7ba0-4758-adf2-2b792b77b144@group-A3FACA6C579C-LeaderElection5] INFO  impl.RoleInfo (RoleInfo.java:updateAndGet(143)) - a27d5411-7ba0-4758-adf2-2b792b77b144: start LeaderState
2019-11-13 23:01:12,588 [a27d5411-7ba0-4758-adf2-2b792b77b144@group-A3FACA6C579C-LeaderElection5] INFO  segmented.SegmentedRaftLogWorker (SegmentedRaftLogWorker.java:startLogSegment(385)) - a27d5411-7ba0-4758-adf2-2b792b77b144@group-A3FACA6C579C-SegmentedRaftLogWorker: Starting segment from index:0
2019-11-13 23:01:12,588 [a27d5411-7ba0-4758-adf2-2b792b77b144@group-A3FACA6C579C-LeaderElection5] INFO  impl.RaftServerImpl (ServerState.java:setRaftConf(356)) - a27d5411-7ba0-4758-adf2-2b792b77b144@group-A3FACA6C579C: set configuration 0: [a27d5411-7ba0-4758-adf2-2b792b77b144:192.168.164.237:38909], old=null at 0
2019-11-13 23:01:12,589 [EventQueue-PipelineReportForPipelineReportHandler] INFO  pipeline.PipelineStateManager (PipelineStateManager.java:openPipeline(134)) - Pipeline Pipeline[ Id: 39cadbce-c65a-448e-ae18-a3faca6c579c, Nodes: a27d5411-7ba0-4758-adf2-2b792b77b144{ip: 192.168.164.237, host: pr-hdds-2471-vxr4w-2980416436, networkLocation: /default-rack, certSerialId: null}, Type:RATIS, Factor:ONE, State:OPEN] moved to OPEN state
2019-11-13 23:01:12,664 [a27d5411-7ba0-4758-adf2-2b792b77b144@group-D34CABA6FD78-SegmentedRaftLogWorker] INFO  segmented.SegmentedRaftLogWorker (SegmentedRaftLogWorker.java:execute(576)) - a27d5411-7ba0-4758-adf2-2b792b77b144@group-D34CABA6FD78-SegmentedRaftLogWorker: created new log segment /workdir/hadoop-ozone/tools/target/test-dir/MiniOzoneClusterImpl-4b653e79-0c46-4b0e-80a2-ec6314d5d114/datanode-2/data/ratis/91e22e40-b5b2-480b-951e-d34caba6fd78/current/log_inprogress_0
2019-11-13 23:01:12,664 [f3f8a366-04a8-447c-8c9c-11275a3e7960@group-4E084C3DDD41-SegmentedRaftLogWorker] INFO  segmented.SegmentedRaftLogWorker (SegmentedRaftLogWorker.java:execute(576)) - f3f8a366-04a8-447c-8c9c-11275a3e7960@group-4E084C3DDD41-SegmentedRaftLogWorker: created new log segment /workdir/hadoop-ozone/tools/target/test-dir/MiniOzoneClusterImpl-4b653e79-0c46-4b0e-80a2-ec6314d5d114/datanode-0/data/ratis/47ee465e-f1db-4ed8-80bb-4e084c3ddd41/current/log_inprogress_0
2019-11-13 23:01:12,664 [2b518b36-d90d-4564-a57b-9224905a4de1@group-D34CABA6FD78-SegmentedRaftLogWorker] INFO  segmented.SegmentedRaftLogWorker (SegmentedRaftLogWorker.java:execute(576)) - 2b518b36-d90d-4564-a57b-9224905a4de1@group-D34CABA6FD78-SegmentedRaftLogWorker: created new log segment /workdir/hadoop-ozone/tools/target/test-dir/MiniOzoneClusterImpl-4b653e79-0c46-4b0e-80a2-ec6314d5d114/datanode-1/data/ratis/91e22e40-b5b2-480b-951e-d34caba6fd78/current/log_inprogress_0
2019-11-13 23:01:12,664 [2b518b36-d90d-4564-a57b-9224905a4de1@group-815496B74440-SegmentedRaftLogWorker] INFO  segmented.SegmentedRaftLogWorker (SegmentedRaftLogWorker.java:execute(576)) - 2b518b36-d90d-4564-a57b-9224905a4de1@group-815496B74440-SegmentedRaftLogWorker: created new log segment /workdir/hadoop-ozone/tools/target/test-dir/MiniOzoneClusterImpl-4b653e79-0c46-4b0e-80a2-ec6314d5d114/datanode-1/data/ratis/435a0463-05e5-43e9-8841-815496b74440/current/log_inprogress_0
2019-11-13 23:01:12,689 [f3f8a366-04a8-447c-8c9c-11275a3e7960@group-D34CABA6FD78-SegmentedRaftLogWorker] INFO  segmented.SegmentedRaftLogWorker (SegmentedRaftLogWorker.java:execute(576)) - f3f8a366-04a8-447c-8c9c-11275a3e7960@group-D34CABA6FD78-SegmentedRaftLogWorker: created new log segment /workdir/hadoop-ozone/tools/target/test-dir/MiniOzoneClusterImpl-4b653e79-0c46-4b0e-80a2-ec6314d5d114/datanode-0/data/ratis/91e22e40-b5b2-480b-951e-d34caba6fd78/current/log_inprogress_0
2019-11-13 23:01:12,689 [a27d5411-7ba0-4758-adf2-2b792b77b144@group-A3FACA6C579C-SegmentedRaftLogWorker] INFO  segmented.SegmentedRaftLogWorker (SegmentedRaftLogWorker.java:execute(576)) - a27d5411-7ba0-4758-adf2-2b792b77b144@group-A3FACA6C579C-SegmentedRaftLogWorker: created new log segment /workdir/hadoop-ozone/tools/target/test-dir/MiniOzoneClusterImpl-4b653e79-0c46-4b0e-80a2-ec6314d5d114/datanode-2/data/ratis/39cadbce-c65a-448e-ae18-a3faca6c579c/current/log_inprogress_0
2019-11-13 23:01:12,879 [main] INFO  ozone.MiniOzoneClusterImpl (MiniOzoneClusterImpl.java:lambda$waitForClusterToBeReady$2(171)) - Cluster is ready. Got 3 of 3 DN Heartbeats.
2019-11-13 23:01:13,788 [main] INFO  freon.RandomKeyGenerator (RandomKeyGenerator.java:call(283)) - Number of Threads: 10
2019-11-13 23:01:13,789 [main] INFO  freon.RandomKeyGenerator (RandomKeyGenerator.java:call(288)) - Number of Volumes: 1.
2019-11-13 23:01:13,789 [main] INFO  freon.RandomKeyGenerator (RandomKeyGenerator.java:call(289)) - Number of Buckets per Volume: 1.
2019-11-13 23:01:13,789 [main] INFO  freon.RandomKeyGenerator (RandomKeyGenerator.java:call(290)) - Number of Keys per Bucket: 1.
2019-11-13 23:01:13,789 [main] INFO  freon.RandomKeyGenerator (RandomKeyGenerator.java:call(291)) - Key size: 20971520 bytes
2019-11-13 23:01:13,789 [main] INFO  freon.RandomKeyGenerator (RandomKeyGenerator.java:call(292)) - Buffer size: 4096 bytes
2019-11-13 23:01:13,789 [main] INFO  freon.RandomKeyGenerator (RandomKeyGenerator.java:call(293)) - validateWrites : true
2019-11-13 23:01:13,794 [main] INFO  freon.RandomKeyGenerator (RandomKeyGenerator.java:call(307)) - Data validation is enabled.
2019-11-13 23:01:13,795 [main] INFO  freon.RandomKeyGenerator (RandomKeyGenerator.java:call(313)) - Starting progress bar Thread.

 0.00% |?                                                                                                    |  0/1 Time: 0:00:002019-11-13 23:01:13,819 [pool-53-thread-1] INFO  rpc.RpcClient (RpcClient.java:createVolume(292)) - Creating Volume: vol-0-47269, with jenkins1000 as owner.
2019-11-13 23:01:13,881 [IPC Server handler 2 on 44564] INFO  volume.OMVolumeCreateRequest (OMVolumeCreateRequest.java:validateAndUpdateCache(193)) - created volume:vol-0-47269 for user:jenkins1000
2019-11-13 23:01:13,936 [pool-53-thread-2] INFO  rpc.RpcClient (RpcClient.java:createBucket(431)) - Creating Bucket: vol-0-47269/bucket-0-20014, with Versioning false and Storage Type set to DISK and Encryption set to false 
2019-11-13 23:01:14,148 [pool-53-thread-3] INFO  impl.MetricsSystemImpl (MetricsSystemImpl.java:init(158)) - XceiverClientMetrics metrics system started (again)
 0.00% |?                                                                                                    |  0/1 Time: 0:00:01 0.00% |?                                                                                                    |  0/1 Time: 0:00:02 100.00% |?????????????????????????????????????????????????????????????????????????????????????????????????????|  1/1 Time: 0:00:03
2019-11-13 23:01:21,528 [main] INFO  pipeline.SCMPipelineManager (SCMPipelineManager.java:finalizeAndDestroyPipeline(315)) - destroying pipeline:Pipeline[ Id: 91e22e40-b5b2-480b-951e-d34caba6fd78, Nodes: 2b518b36-d90d-4564-a57b-9224905a4de1{ip: 192.168.164.237, host: pr-hdds-2471-vxr4w-2980416436, networkLocation: /default-rack, certSerialId: null}a27d5411-7ba0-4758-adf2-2b792b77b144{ip: 192.168.164.237, host: pr-hdds-2471-vxr4w-2980416436, networkLocation: /default-rack, certSerialId: null}f3f8a366-04a8-447c-8c9c-11275a3e7960{ip: 192.168.164.237, host: pr-hdds-2471-vxr4w-2980416436, networkLocation: /default-rack, certSerialId: null}, Type:RATIS, Factor:THREE, State:OPEN]
2019-11-13 23:01:21,529 [main] INFO  pipeline.PipelineStateManager (PipelineStateManager.java:finalizePipeline(121)) - Pipeline Pipeline[ Id: 91e22e40-b5b2-480b-951e-d34caba6fd78, Nodes: 2b518b36-d90d-4564-a57b-9224905a4de1{ip: 192.168.164.237, host: pr-hdds-2471-vxr4w-2980416436, networkLocation: /default-rack, certSerialId: null}a27d5411-7ba0-4758-adf2-2b792b77b144{ip: 192.168.164.237, host: pr-hdds-2471-vxr4w-2980416436, networkLocation: /default-rack, certSerialId: null}f3f8a366-04a8-447c-8c9c-11275a3e7960{ip: 192.168.164.237, host: pr-hdds-2471-vxr4w-2980416436, networkLocation: /default-rack, certSerialId: null}, Type:RATIS, Factor:THREE, State:CLOSED] moved to CLOSED state
2019-11-13 23:01:21,529 [EventQueue-CloseContainerForCloseContainerEventHandler] INFO  container.CloseContainerEventHandler (CloseContainerEventHandler.java:onMessage(61)) - Close container Event triggered for container : #1
2019-11-13 23:01:21,535 [EventQueue-CloseContainerForCloseContainerEventHandler] INFO  container.CloseContainerEventHandler (CloseContainerEventHandler.java:onMessage(61)) - Close container Event triggered for container : #2
2019-11-13 23:01:21,536 [EventQueue-CloseContainerForCloseContainerEventHandler] INFO  container.CloseContainerEventHandler (CloseContainerEventHandler.java:onMessage(61)) - Close container Event triggered for container : #3
2019-11-13 23:01:21,539 [grpc-default-executor-1] INFO  impl.RaftServerProxy (RaftServerProxy.java:remove(95)) - 2b518b36-d90d-4564-a57b-9224905a4de1: remove    LEADER 2b518b36-d90d-4564-a57b-9224905a4de1@group-D34CABA6FD78:t1, leader=2b518b36-d90d-4564-a57b-9224905a4de1, voted=2b518b36-d90d-4564-a57b-9224905a4de1, raftlog=2b518b36-d90d-4564-a57b-9224905a4de1@group-D34CABA6FD78-SegmentedRaftLog:OPENED:c78,f78,i78, conf=0: [a27d5411-7ba0-4758-adf2-2b792b77b144:192.168.164.237:38909, f3f8a366-04a8-447c-8c9c-11275a3e7960:192.168.164.237:39690, 2b518b36-d90d-4564-a57b-9224905a4de1:192.168.164.237:38090], old=null RUNNING
2019-11-13 23:01:21,540 [grpc-default-executor-1] INFO  impl.RaftServerImpl (RaftServerImpl.java:lambda$shutdown$3(250)) - 2b518b36-d90d-4564-a57b-9224905a4de1@group-D34CABA6FD78: shutdown
2019-11-13 23:01:21,540 [grpc-default-executor-1] INFO  util.JmxRegister (JmxRegister.java:unregister(73)) - Successfully un-registered JMX Bean with object name Ratis:service=RaftServer,group=group-D34CABA6FD78,id=2b518b36-d90d-4564-a57b-9224905a4de1
2019-11-13 23:01:21,540 [grpc-default-executor-1] INFO  impl.RoleInfo (RoleInfo.java:shutdownLeaderState(104)) - 2b518b36-d90d-4564-a57b-9224905a4de1: shutdown LeaderState
2019-11-13 23:01:21,542 [org.apache.ratis.server.impl.LogAppender$AppenderDaemon$$Lambda$411/224530797@66cce0ce] WARN  server.GrpcLogAppender (GrpcLogAppender.java:mayWait(151)) - 2b518b36-d90d-4564-a57b-9224905a4de1@group-D34CABA6FD78->f3f8a366-04a8-447c-8c9c-11275a3e7960-GrpcLogAppender: Wait interrupted by java.lang.InterruptedException
2019-11-13 23:01:21,542 [org.apache.ratis.server.impl.LogAppender$AppenderDaemon$$Lambda$411/224530797@3569792b] WARN  server.GrpcLogAppender (GrpcLogAppender.java:mayWait(151)) - 2b518b36-d90d-4564-a57b-9224905a4de1@group-D34CABA6FD78->a27d5411-7ba0-4758-adf2-2b792b77b144-GrpcLogAppender: Wait interrupted by java.lang.InterruptedException
2019-11-13 23:01:21,546 [grpc-default-executor-1] INFO  impl.PendingRequests (PendingRequests.java:sendNotLeaderResponses(206)) - 2b518b36-d90d-4564-a57b-9224905a4de1@group-D34CABA6FD78-PendingRequests: sendNotLeaderResponses
2019-11-13 23:01:21,549 [grpc-default-executor-3] INFO  server.GrpcServerProtocolService (GrpcServerProtocolService.java:onCompleted(113)) - f3f8a366-04a8-447c-8c9c-11275a3e7960: Completed APPEND_ENTRIES, lastRequest: 2b518b36-d90d-4564-a57b-9224905a4de1->f3f8a366-04a8-447c-8c9c-11275a3e7960#81-t1, previous=(t:1, i:78), leaderCommit=78, initializing? false, entries: <empty>
2019-11-13 23:01:21,549 [grpc-default-executor-0] INFO  server.GrpcServerProtocolService (GrpcServerProtocolService.java:onCompleted(113)) - a27d5411-7ba0-4758-adf2-2b792b77b144: Completed APPEND_ENTRIES, lastRequest: 2b518b36-d90d-4564-a57b-9224905a4de1->a27d5411-7ba0-4758-adf2-2b792b77b144#81-t1, previous=(t:1, i:78), leaderCommit=78, initializing? false, entries: <empty>
2019-11-13 23:01:21,550 [2b518b36-d90d-4564-a57b-9224905a4de1@group-D34CABA6FD78-StateMachineUpdater] INFO  ratis.ContainerStateMachine (ContainerStateMachine.java:takeSnapshot(285)) - group-D34CABA6FD78: Taking a snapshot at:(t:1, i:76) file /workdir/hadoop-ozone/tools/target/test-dir/MiniOzoneClusterImpl-4b653e79-0c46-4b0e-80a2-ec6314d5d114/datanode-1/data/ratis/91e22e40-b5b2-480b-951e-d34caba6fd78/sm/snapshot.1_76
2019-11-13 23:01:21,550 [grpc-default-executor-1] INFO  impl.StateMachineUpdater (StateMachineUpdater.java:stopAndJoin(136)) - 2b518b36-d90d-4564-a57b-9224905a4de1@group-D34CABA6FD78-StateMachineUpdater: set stopIndex = 78
2019-11-13 23:01:21,553 [grpc-default-executor-3] INFO  server.GrpcLogAppender (GrpcLogAppender.java:onCompleted(308)) - 2b518b36-d90d-4564-a57b-9224905a4de1@group-D34CABA6FD78->f3f8a366-04a8-447c-8c9c-11275a3e7960-AppendLogResponseHandler: follower responses appendEntries COMPLETED
2019-11-13 23:01:21,555 [grpc-default-executor-0] INFO  server.GrpcLogAppender (GrpcLogAppender.java:onCompleted(308)) - 2b518b36-d90d-4564-a57b-9224905a4de1@group-D34CABA6FD78->a27d5411-7ba0-4758-adf2-2b792b77b144-AppendLogResponseHandler: follower responses appendEntries COMPLETED
2019-11-13 23:01:21,560 [grpc-default-executor-3] INFO  impl.FollowerInfo (FollowerInfo.java:lambda$new$0(51)) - 2b518b36-d90d-4564-a57b-9224905a4de1@group-D34CABA6FD78->f3f8a366-04a8-447c-8c9c-11275a3e7960: nextIndex: updateUnconditionally 79 -> 78
2019-11-13 23:01:21,560 [grpc-default-executor-0] INFO  impl.FollowerInfo (FollowerInfo.java:lambda$new$0(51)) - 2b518b36-d90d-4564-a57b-9224905a4de1@group-D34CABA6FD78->a27d5411-7ba0-4758-adf2-2b792b77b144: nextIndex: updateUnconditionally 79 -> 78
2019-11-13 23:01:21,591 [2b518b36-d90d-4564-a57b-9224905a4de1@group-D34CABA6FD78-StateMachineUpdater] INFO  ratis.ContainerStateMachine (ContainerStateMachine.java:takeSnapshot(296)) - group-D34CABA6FD78: Finished taking a snapshot at:(t:1, i:76) file:/workdir/hadoop-ozone/tools/target/test-dir/MiniOzoneClusterImpl-4b653e79-0c46-4b0e-80a2-ec6314d5d114/datanode-1/data/ratis/91e22e40-b5b2-480b-951e-d34caba6fd78/sm/snapshot.1_76 time:42
2019-11-13 23:01:21,593 [2b518b36-d90d-4564-a57b-9224905a4de1@group-D34CABA6FD78-StateMachineUpdater] INFO  impl.StateMachineUpdater (StateMachineUpdater.java:takeSnapshot(269)) - 2b518b36-d90d-4564-a57b-9224905a4de1@group-D34CABA6FD78-StateMachineUpdater: Took a snapshot at index 76
2019-11-13 23:01:21,595 [2b518b36-d90d-4564-a57b-9224905a4de1@group-D34CABA6FD78-StateMachineUpdater] INFO  impl.StateMachineUpdater (StateMachineUpdater.java:lambda$new$0(84)) - 2b518b36-d90d-4564-a57b-9224905a4de1@group-D34CABA6FD78-StateMachineUpdater: snapshotIndex: updateIncreasingly -1 -> 76
2019-11-13 23:01:21,598 [2b518b36-d90d-4564-a57b-9224905a4de1@group-D34CABA6FD78-StateMachineUpdater] INFO  ratis.ContainerStateMachine (ContainerStateMachine.java:takeSnapshot(285)) - group-D34CABA6FD78: Taking a snapshot at:(t:1, i:76) file /workdir/hadoop-ozone/tools/target/test-dir/MiniOzoneClusterImpl-4b653e79-0c46-4b0e-80a2-ec6314d5d114/datanode-1/data/ratis/91e22e40-b5b2-480b-951e-d34caba6fd78/sm/snapshot.1_76
2019-11-13 23:01:21,611 [2b518b36-d90d-4564-a57b-9224905a4de1@group-D34CABA6FD78-StateMachineUpdater] INFO  ratis.ContainerStateMachine (ContainerStateMachine.java:takeSnapshot(296)) - group-D34CABA6FD78: Finished taking a snapshot at:(t:1, i:76) file:/workdir/hadoop-ozone/tools/target/test-dir/MiniOzoneClusterImpl-4b653e79-0c46-4b0e-80a2-ec6314d5d114/datanode-1/data/ratis/91e22e40-b5b2-480b-951e-d34caba6fd78/sm/snapshot.1_76 time:12
2019-11-13 23:01:21,611 [2b518b36-d90d-4564-a57b-9224905a4de1@group-D34CABA6FD78-StateMachineUpdater] INFO  impl.StateMachineUpdater (StateMachineUpdater.java:takeSnapshot(269)) - 2b518b36-d90d-4564-a57b-9224905a4de1@group-D34CABA6FD78-StateMachineUpdater: Took a snapshot at index 76
2019-11-13 23:01:21,611 [2b518b36-d90d-4564-a57b-9224905a4de1@group-D34CABA6FD78-StateMachineUpdater] INFO  impl.StateMachineUpdater (StateMachineUpdater.java:lambda$new$0(84)) - 2b518b36-d90d-4564-a57b-9224905a4de1@group-D34CABA6FD78-StateMachineUpdater: snapshotIndex: updateIncreasingly 76 -> 76
2019-11-13 23:01:21,612 [grpc-default-executor-1] INFO  impl.RaftServerImpl (ServerState.java:close(387)) - 2b518b36-d90d-4564-a57b-9224905a4de1@group-D34CABA6FD78: closes. applyIndex: 78
2019-11-13 23:01:21,612 [2b518b36-d90d-4564-a57b-9224905a4de1@group-D34CABA6FD78-SegmentedRaftLogWorker] INFO  segmented.SegmentedRaftLogWorker (SegmentedRaftLogWorker.java:run(316)) - 2b518b36-d90d-4564-a57b-9224905a4de1@group-D34CABA6FD78-SegmentedRaftLogWorker was interrupted, exiting. There are 0 tasks remaining in the queue.
2019-11-13 23:01:21,614 [grpc-default-executor-1] INFO  segmented.SegmentedRaftLogWorker (SegmentedRaftLogWorker.java:close(224)) - 2b518b36-d90d-4564-a57b-9224905a4de1@group-D34CABA6FD78-SegmentedRaftLogWorker close()
2019-11-13 23:01:21,651 [grpc-default-executor-1] INFO  interfaces.Container (KeyValueContainer.java:flushAndSyncDB(400)) - Container 1 is synced with bcsId 60.
2019-11-13 23:01:21,652 [grpc-default-executor-1] INFO  interfaces.Container (KeyValueContainer.java:flushAndSyncDB(400)) - Container 1 is synced with bcsId 60.
2019-11-13 23:01:21,683 [EventQueue-IncrementalContainerReportForIncrementalContainerReportHandler] INFO  container.IncrementalContainerReportHandler (AbstractContainerReportHandler.java:updateContainerState(171)) - Moving container #1 to QUASI_CLOSED state, datanode 2b518b36-d90d-4564-a57b-9224905a4de1{ip: 192.168.164.237, host: pr-hdds-2471-vxr4w-2980416436, networkLocation: /default-rack, certSerialId: null} reported QUASI_CLOSED replica.
2019-11-13 23:01:21,727 [grpc-default-executor-1] INFO  interfaces.Container (KeyValueContainer.java:flushAndSyncDB(400)) - Container 2 is synced with bcsId 76.
2019-11-13 23:01:21,728 [grpc-default-executor-1] INFO  interfaces.Container (KeyValueContainer.java:flushAndSyncDB(400)) - Container 2 is synced with bcsId 76.
2019-11-13 23:01:21,746 [EventQueue-IncrementalContainerReportForIncrementalContainerReportHandler] INFO  container.IncrementalContainerReportHandler (AbstractContainerReportHandler.java:updateContainerState(171)) - Moving container #2 to QUASI_CLOSED state, datanode 2b518b36-d90d-4564-a57b-9224905a4de1{ip: 192.168.164.237, host: pr-hdds-2471-vxr4w-2980416436, networkLocation: /default-rack, certSerialId: null} reported QUASI_CLOSED replica.
2019-11-13 23:01:21,785 [grpc-default-executor-1] INFO  interfaces.Container (KeyValueContainer.java:flushAndSyncDB(400)) - Container 3 is synced with bcsId 42.
2019-11-13 23:01:21,785 [grpc-default-executor-1] INFO  interfaces.Container (KeyValueContainer.java:flushAndSyncDB(400)) - Container 3 is synced with bcsId 42.
2019-11-13 23:01:21,805 [EventQueue-IncrementalContainerReportForIncrementalContainerReportHandler] INFO  container.IncrementalContainerReportHandler (AbstractContainerReportHandler.java:updateContainerState(171)) - Moving container #3 to QUASI_CLOSED state, datanode 2b518b36-d90d-4564-a57b-9224905a4de1{ip: 192.168.164.237, host: pr-hdds-2471-vxr4w-2980416436, networkLocation: /default-rack, certSerialId: null} reported QUASI_CLOSED replica.
2019-11-13 23:01:21,815 [grpc-default-executor-1] INFO  impl.RaftServerProxy (RaftServerProxy.java:remove(95)) - a27d5411-7ba0-4758-adf2-2b792b77b144: remove  FOLLOWER a27d5411-7ba0-4758-adf2-2b792b77b144@group-D34CABA6FD78:t1, leader=2b518b36-d90d-4564-a57b-9224905a4de1, voted=2b518b36-d90d-4564-a57b-9224905a4de1, raftlog=a27d5411-7ba0-4758-adf2-2b792b77b144@group-D34CABA6FD78-SegmentedRaftLog:OPENED:c78,f78,i78, conf=0: [a27d5411-7ba0-4758-adf2-2b792b77b144:192.168.164.237:38909, f3f8a366-04a8-447c-8c9c-11275a3e7960:192.168.164.237:39690, 2b518b36-d90d-4564-a57b-9224905a4de1:192.168.164.237:38090], old=null RUNNING
2019-11-13 23:01:21,815 [grpc-default-executor-1] INFO  impl.RaftServerImpl (RaftServerImpl.java:lambda$shutdown$3(250)) - a27d5411-7ba0-4758-adf2-2b792b77b144@group-D34CABA6FD78: shutdown
2019-11-13 23:01:21,815 [grpc-default-executor-1] INFO  util.JmxRegister (JmxRegister.java:unregister(73)) - Successfully un-registered JMX Bean with object name Ratis:service=RaftServer,group=group-D34CABA6FD78,id=a27d5411-7ba0-4758-adf2-2b792b77b144
2019-11-13 23:01:21,815 [grpc-default-executor-1] INFO  impl.RoleInfo (RoleInfo.java:shutdownFollowerState(121)) - a27d5411-7ba0-4758-adf2-2b792b77b144: shutdown FollowerState
2019-11-13 23:01:21,816 [grpc-default-executor-1] INFO  impl.StateMachineUpdater (StateMachineUpdater.java:stopAndJoin(136)) - a27d5411-7ba0-4758-adf2-2b792b77b144@group-D34CABA6FD78-StateMachineUpdater: set stopIndex = 78
2019-11-13 23:01:21,816 [a27d5411-7ba0-4758-adf2-2b792b77b144@group-D34CABA6FD78-StateMachineUpdater] INFO  ratis.ContainerStateMachine (ContainerStateMachine.java:takeSnapshot(285)) - group-D34CABA6FD78: Taking a snapshot at:(t:1, i:76) file /workdir/hadoop-ozone/tools/target/test-dir/MiniOzoneClusterImpl-4b653e79-0c46-4b0e-80a2-ec6314d5d114/datanode-2/data/ratis/91e22e40-b5b2-480b-951e-d34caba6fd78/sm/snapshot.1_76
2019-11-13 23:01:21,816 [Thread-228] INFO  impl.FollowerState (FollowerState.java:run(120)) - a27d5411-7ba0-4758-adf2-2b792b77b144@group-D34CABA6FD78-FollowerState was interrupted: java.lang.InterruptedException: sleep interrupted
2019-11-13 23:01:21,833 [a27d5411-7ba0-4758-adf2-2b792b77b144@group-D34CABA6FD78-StateMachineUpdater] INFO  ratis.ContainerStateMachine (ContainerStateMachine.java:takeSnapshot(296)) - group-D34CABA6FD78: Finished taking a snapshot at:(t:1, i:76) file:/workdir/hadoop-ozone/tools/target/test-dir/MiniOzoneClusterImpl-4b653e79-0c46-4b0e-80a2-ec6314d5d114/datanode-2/data/ratis/91e22e40-b5b2-480b-951e-d34caba6fd78/sm/snapshot.1_76 time:17
2019-11-13 23:01:21,833 [a27d5411-7ba0-4758-adf2-2b792b77b144@group-D34CABA6FD78-StateMachineUpdater] INFO  impl.StateMachineUpdater (StateMachineUpdater.java:takeSnapshot(269)) - a27d5411-7ba0-4758-adf2-2b792b77b144@group-D34CABA6FD78-StateMachineUpdater: Took a snapshot at index 76
2019-11-13 23:01:21,834 [a27d5411-7ba0-4758-adf2-2b792b77b144@group-D34CABA6FD78-StateMachineUpdater] INFO  impl.StateMachineUpdater (StateMachineUpdater.java:lambda$new$0(84)) - a27d5411-7ba0-4758-adf2-2b792b77b144@group-D34CABA6FD78-StateMachineUpdater: snapshotIndex: updateIncreasingly -1 -> 76
2019-11-13 23:01:21,834 [a27d5411-7ba0-4758-adf2-2b792b77b144@group-D34CABA6FD78-StateMachineUpdater] INFO  ratis.ContainerStateMachine (ContainerStateMachine.java:takeSnapshot(285)) - group-D34CABA6FD78: Taking a snapshot at:(t:1, i:76) file /workdir/hadoop-ozone/tools/target/test-dir/MiniOzoneClusterImpl-4b653e79-0c46-4b0e-80a2-ec6314d5d114/datanode-2/data/ratis/91e22e40-b5b2-480b-951e-d34caba6fd78/sm/snapshot.1_76
2019-11-13 23:01:21,846 [a27d5411-7ba0-4758-adf2-2b792b77b144@group-D34CABA6FD78-StateMachineUpdater] INFO  ratis.ContainerStateMachine (ContainerStateMachine.java:takeSnapshot(296)) - group-D34CABA6FD78: Finished taking a snapshot at:(t:1, i:76) file:/workdir/hadoop-ozone/tools/target/test-dir/MiniOzoneClusterImpl-4b653e79-0c46-4b0e-80a2-ec6314d5d114/datanode-2/data/ratis/91e22e40-b5b2-480b-951e-d34caba6fd78/sm/snapshot.1_76 time:13
2019-11-13 23:01:21,847 [a27d5411-7ba0-4758-adf2-2b792b77b144@group-D34CABA6FD78-StateMachineUpdater] INFO  impl.StateMachineUpdater (StateMachineUpdater.java:takeSnapshot(269)) - a27d5411-7ba0-4758-adf2-2b792b77b144@group-D34CABA6FD78-StateMachineUpdater: Took a snapshot at index 76
2019-11-13 23:01:21,847 [a27d5411-7ba0-4758-adf2-2b792b77b144@group-D34CABA6FD78-StateMachineUpdater] INFO  impl.StateMachineUpdater (StateMachineUpdater.java:lambda$new$0(84)) - a27d5411-7ba0-4758-adf2-2b792b77b144@group-D34CABA6FD78-StateMachineUpdater: snapshotIndex: updateIncreasingly 76 -> 76
2019-11-13 23:01:21,848 [grpc-default-executor-1] INFO  impl.RaftServerImpl (ServerState.java:close(387)) - a27d5411-7ba0-4758-adf2-2b792b77b144@group-D34CABA6FD78: closes. applyIndex: 78
2019-11-13 23:01:21,848 [a27d5411-7ba0-4758-adf2-2b792b77b144@group-D34CABA6FD78-SegmentedRaftLogWorker] INFO  segmented.SegmentedRaftLogWorker (SegmentedRaftLogWorker.java:run(316)) - a27d5411-7ba0-4758-adf2-2b792b77b144@group-D34CABA6FD78-SegmentedRaftLogWorker was interrupted, exiting. There are 0 tasks remaining in the queue.
2019-11-13 23:01:21,849 [grpc-default-executor-1] INFO  segmented.SegmentedRaftLogWorker (SegmentedRaftLogWorker.java:close(224)) - a27d5411-7ba0-4758-adf2-2b792b77b144@group-D34CABA6FD78-SegmentedRaftLogWorker close()
2019-11-13 23:01:21,884 [grpc-default-executor-1] INFO  interfaces.Container (KeyValueContainer.java:flushAndSyncDB(400)) - Container 1 is synced with bcsId 60.
2019-11-13 23:01:21,884 [grpc-default-executor-1] INFO  interfaces.Container (KeyValueContainer.java:flushAndSyncDB(400)) - Container 1 is synced with bcsId 60.
2019-11-13 23:01:21,938 [grpc-default-executor-1] INFO  interfaces.Container (KeyValueContainer.java:flushAndSyncDB(400)) - Container 2 is synced with bcsId 76.
2019-11-13 23:01:21,938 [grpc-default-executor-1] INFO  interfaces.Container (KeyValueContainer.java:flushAndSyncDB(400)) - Container 2 is synced with bcsId 76.
2019-11-13 23:01:21,992 [grpc-default-executor-1] INFO  interfaces.Container (KeyValueContainer.java:flushAndSyncDB(400)) - Container 3 is synced with bcsId 42.
2019-11-13 23:01:21,992 [grpc-default-executor-1] INFO  interfaces.Container (KeyValueContainer.java:flushAndSyncDB(400)) - Container 3 is synced with bcsId 42.
2019-11-13 23:01:22,024 [grpc-default-executor-1] INFO  impl.RaftServerProxy (RaftServerProxy.java:remove(95)) - f3f8a366-04a8-447c-8c9c-11275a3e7960: remove  FOLLOWER f3f8a366-04a8-447c-8c9c-11275a3e7960@group-D34CABA6FD78:t1, leader=2b518b36-d90d-4564-a57b-9224905a4de1, voted=f3f8a366-04a8-447c-8c9c-11275a3e7960, raftlog=f3f8a366-04a8-447c-8c9c-11275a3e7960@group-D34CABA6FD78-SegmentedRaftLog:OPENED:c78,f78,i78, conf=0: [a27d5411-7ba0-4758-adf2-2b792b77b144:192.168.164.237:38909, f3f8a366-04a8-447c-8c9c-11275a3e7960:192.168.164.237:39690, 2b518b36-d90d-4564-a57b-9224905a4de1:192.168.164.237:38090], old=null RUNNING
2019-11-13 23:01:22,024 [grpc-default-executor-1] INFO  impl.RaftServerImpl (RaftServerImpl.java:lambda$shutdown$3(250)) - f3f8a366-04a8-447c-8c9c-11275a3e7960@group-D34CABA6FD78: shutdown
2019-11-13 23:01:22,025 [grpc-default-executor-1] INFO  util.JmxRegister (JmxRegister.java:unregister(73)) - Successfully un-registered JMX Bean with object name Ratis:service=RaftServer,group=group-D34CABA6FD78,id=f3f8a366-04a8-447c-8c9c-11275a3e7960
2019-11-13 23:01:22,025 [grpc-default-executor-1] INFO  impl.RoleInfo (RoleInfo.java:shutdownFollowerState(121)) - f3f8a366-04a8-447c-8c9c-11275a3e7960: shutdown FollowerState
2019-11-13 23:01:22,025 [grpc-default-executor-1] INFO  impl.StateMachineUpdater (StateMachineUpdater.java:stopAndJoin(136)) - f3f8a366-04a8-447c-8c9c-11275a3e7960@group-D34CABA6FD78-StateMachineUpdater: set stopIndex = 78
2019-11-13 23:01:22,025 [Thread-230] INFO  impl.FollowerState (FollowerState.java:run(120)) - f3f8a366-04a8-447c-8c9c-11275a3e7960@group-D34CABA6FD78-FollowerState was interrupted: java.lang.InterruptedException: sleep interrupted
2019-11-13 23:01:22,027 [f3f8a366-04a8-447c-8c9c-11275a3e7960@group-D34CABA6FD78-StateMachineUpdater] INFO  ratis.ContainerStateMachine (ContainerStateMachine.java:takeSnapshot(285)) - group-D34CABA6FD78: Taking a snapshot at:(t:1, i:76) file /workdir/hadoop-ozone/tools/target/test-dir/MiniOzoneClusterImpl-4b653e79-0c46-4b0e-80a2-ec6314d5d114/datanode-0/data/ratis/91e22e40-b5b2-480b-951e-d34caba6fd78/sm/snapshot.1_76
2019-11-13 23:01:22,040 [f3f8a366-04a8-447c-8c9c-11275a3e7960@group-D34CABA6FD78-StateMachineUpdater] INFO  ratis.ContainerStateMachine (ContainerStateMachine.java:takeSnapshot(296)) - group-D34CABA6FD78: Finished taking a snapshot at:(t:1, i:76) file:/workdir/hadoop-ozone/tools/target/test-dir/MiniOzoneClusterImpl-4b653e79-0c46-4b0e-80a2-ec6314d5d114/datanode-0/data/ratis/91e22e40-b5b2-480b-951e-d34caba6fd78/sm/snapshot.1_76 time:15
2019-11-13 23:01:22,041 [f3f8a366-04a8-447c-8c9c-11275a3e7960@group-D34CABA6FD78-StateMachineUpdater] INFO  impl.StateMachineUpdater (StateMachineUpdater.java:takeSnapshot(269)) - f3f8a366-04a8-447c-8c9c-11275a3e7960@group-D34CABA6FD78-StateMachineUpdater: Took a snapshot at index 76
2019-11-13 23:01:22,041 [f3f8a366-04a8-447c-8c9c-11275a3e7960@group-D34CABA6FD78-StateMachineUpdater] INFO  impl.StateMachineUpdater (StateMachineUpdater.java:lambda$new$0(84)) - f3f8a366-04a8-447c-8c9c-11275a3e7960@group-D34CABA6FD78-StateMachineUpdater: snapshotIndex: updateIncreasingly -1 -> 76
2019-11-13 23:01:22,041 [f3f8a366-04a8-447c-8c9c-11275a3e7960@group-D34CABA6FD78-StateMachineUpdater] INFO  ratis.ContainerStateMachine (ContainerStateMachine.java:takeSnapshot(285)) - group-D34CABA6FD78: Taking a snapshot at:(t:1, i:76) file /workdir/hadoop-ozone/tools/target/test-dir/MiniOzoneClusterImpl-4b653e79-0c46-4b0e-80a2-ec6314d5d114/datanode-0/data/ratis/91e22e40-b5b2-480b-951e-d34caba6fd78/sm/snapshot.1_76
2019-11-13 23:01:22,054 [f3f8a366-04a8-447c-8c9c-11275a3e7960@group-D34CABA6FD78-StateMachineUpdater] INFO  ratis.ContainerStateMachine (ContainerStateMachine.java:takeSnapshot(296)) - group-D34CABA6FD78: Finished taking a snapshot at:(t:1, i:76) file:/workdir/hadoop-ozone/tools/target/test-dir/MiniOzoneClusterImpl-4b653e79-0c46-4b0e-80a2-ec6314d5d114/datanode-0/data/ratis/91e22e40-b5b2-480b-951e-d34caba6fd78/sm/snapshot.1_76 time:13
2019-11-13 23:01:22,054 [f3f8a366-04a8-447c-8c9c-11275a3e7960@group-D34CABA6FD78-StateMachineUpdater] INFO  impl.StateMachineUpdater (StateMachineUpdater.java:takeSnapshot(269)) - f3f8a366-04a8-447c-8c9c-11275a3e7960@group-D34CABA6FD78-StateMachineUpdater: Took a snapshot at index 76
2019-11-13 23:01:22,054 [f3f8a366-04a8-447c-8c9c-11275a3e7960@group-D34CABA6FD78-StateMachineUpdater] INFO  impl.StateMachineUpdater (StateMachineUpdater.java:lambda$new$0(84)) - f3f8a366-04a8-447c-8c9c-11275a3e7960@group-D34CABA6FD78-StateMachineUpdater: snapshotIndex: updateIncreasingly 76 -> 76
2019-11-13 23:01:22,055 [grpc-default-executor-1] INFO  impl.RaftServerImpl (ServerState.java:close(387)) - f3f8a366-04a8-447c-8c9c-11275a3e7960@group-D34CABA6FD78: closes. applyIndex: 78
2019-11-13 23:01:22,055 [f3f8a366-04a8-447c-8c9c-11275a3e7960@group-D34CABA6FD78-SegmentedRaftLogWorker] INFO  segmented.SegmentedRaftLogWorker (SegmentedRaftLogWorker.java:run(316)) - f3f8a366-04a8-447c-8c9c-11275a3e7960@group-D34CABA6FD78-SegmentedRaftLogWorker was interrupted, exiting. There are 0 tasks remaining in the queue.
2019-11-13 23:01:22,056 [grpc-default-executor-1] INFO  segmented.SegmentedRaftLogWorker (SegmentedRaftLogWorker.java:close(224)) - f3f8a366-04a8-447c-8c9c-11275a3e7960@group-D34CABA6FD78-SegmentedRaftLogWorker close()
2019-11-13 23:01:22,099 [grpc-default-executor-1] INFO  interfaces.Container (KeyValueContainer.java:flushAndSyncDB(400)) - Container 1 is synced with bcsId 60.
2019-11-13 23:01:22,099 [grpc-default-executor-1] INFO  interfaces.Container (KeyValueContainer.java:flushAndSyncDB(400)) - Container 1 is synced with bcsId 60.
2019-11-13 23:01:22,132 [grpc-default-executor-1] INFO  interfaces.Container (KeyValueContainer.java:flushAndSyncDB(400)) - Container 2 is synced with bcsId 76.
2019-11-13 23:01:22,133 [grpc-default-executor-1] INFO  interfaces.Container (KeyValueContainer.java:flushAndSyncDB(400)) - Container 2 is synced with bcsId 76.
2019-11-13 23:01:22,190 [grpc-default-executor-1] INFO  interfaces.Container (KeyValueContainer.java:flushAndSyncDB(400)) - Container 3 is synced with bcsId 42.
2019-11-13 23:01:22,190 [grpc-default-executor-1] INFO  interfaces.Container (KeyValueContainer.java:flushAndSyncDB(400)) - Container 3 is synced with bcsId 42.
2019-11-13 23:01:22,209 [main] INFO  pipeline.PipelineStateManager (PipelineStateManager.java:removePipeline(106)) - Pipeline Pipeline[ Id: 91e22e40-b5b2-480b-951e-d34caba6fd78, Nodes: 2b518b36-d90d-4564-a57b-9224905a4de1{ip: 192.168.164.237, host: pr-hdds-2471-vxr4w-2980416436, networkLocation: /default-rack, certSerialId: null}a27d5411-7ba0-4758-adf2-2b792b77b144{ip: 192.168.164.237, host: pr-hdds-2471-vxr4w-2980416436, networkLocation: /default-rack, certSerialId: null}f3f8a366-04a8-447c-8c9c-11275a3e7960{ip: 192.168.164.237, host: pr-hdds-2471-vxr4w-2980416436, networkLocation: /default-rack, certSerialId: null}, Type:RATIS, Factor:THREE, State:CLOSED] removed from db
2019-11-13 23:01:22,223 [grpc-default-executor-0] INFO  impl.RaftServerProxy (RaftServerProxy.java:addNew(89)) - a27d5411-7ba0-4758-adf2-2b792b77b144: addNew group-C43D9344C852:[a27d5411-7ba0-4758-adf2-2b792b77b144:192.168.164.237:38909, f3f8a366-04a8-447c-8c9c-11275a3e7960:192.168.164.237:39690, 2b518b36-d90d-4564-a57b-9224905a4de1:192.168.164.237:38090] returns group-C43D9344C852:java.util.concurrent.CompletableFuture@4d31c71a[Not completed]
2019-11-13 23:01:22,223 [grpc-default-executor-3] INFO  impl.RaftServerProxy (RaftServerProxy.java:addNew(89)) - 2b518b36-d90d-4564-a57b-9224905a4de1: addNew group-C43D9344C852:[a27d5411-7ba0-4758-adf2-2b792b77b144:192.168.164.237:38909, f3f8a366-04a8-447c-8c9c-11275a3e7960:192.168.164.237:39690, 2b518b36-d90d-4564-a57b-9224905a4de1:192.168.164.237:38090] returns group-C43D9344C852:java.util.concurrent.CompletableFuture@16ea3398[Not completed]
2019-11-13 23:01:22,228 [grpc-default-executor-3] INFO  impl.RaftServerProxy (RaftServerProxy.java:addNew(89)) - f3f8a366-04a8-447c-8c9c-11275a3e7960: addNew group-C43D9344C852:[a27d5411-7ba0-4758-adf2-2b792b77b144:192.168.164.237:38909, f3f8a366-04a8-447c-8c9c-11275a3e7960:192.168.164.237:39690, 2b518b36-d90d-4564-a57b-9224905a4de1:192.168.164.237:38090] returns group-C43D9344C852:java.util.concurrent.CompletableFuture@32f5a7e[Not completed]
2019-11-13 23:01:22,231 [pool-37-thread-1] INFO  impl.RaftServerImpl (RaftServerImpl.java:<init>(98)) - 2b518b36-d90d-4564-a57b-9224905a4de1: new RaftServerImpl for group-C43D9344C852:[a27d5411-7ba0-4758-adf2-2b792b77b144:192.168.164.237:38909, f3f8a366-04a8-447c-8c9c-11275a3e7960:192.168.164.237:39690, 2b518b36-d90d-4564-a57b-9224905a4de1:192.168.164.237:38090] with ContainerStateMachine:uninitialized
2019-11-13 23:01:22,231 [pool-37-thread-1] INFO  server.RaftServerConfigKeys (ConfUtils.java:logGet(43)) - raft.server.rpc.timeout.min = 5s (custom)
2019-11-13 23:01:22,231 [pool-37-thread-1] INFO  server.RaftServerConfigKeys (ConfUtils.java:logGet(43)) - raft.server.rpc.timeout.max = 5200ms (custom)
2019-11-13 23:01:22,231 [pool-37-thread-1] INFO  server.RaftServerConfigKeys (ConfUtils.java:logGet(43)) - raft.server.rpcslowness.timeout = 120s (custom)
2019-11-13 23:01:22,232 [pool-37-thread-1] INFO  server.RaftServerConfigKeys (ConfUtils.java:logGet(43)) - raft.server.sleep.deviation.threshold = 300 (default)
2019-11-13 23:01:22,232 [pool-37-thread-1] INFO  server.RaftServerConfigKeys (ConfUtils.java:logGet(43)) - raft.server.log.appender.install.snapshot.enabled = false (custom)
2019-11-13 23:01:22,232 [pool-37-thread-1] INFO  impl.RaftServerImpl (ServerState.java:<init>(103)) - 2b518b36-d90d-4564-a57b-9224905a4de1@group-C43D9344C852: ConfigurationManager, init=-1: [a27d5411-7ba0-4758-adf2-2b792b77b144:192.168.164.237:38909, f3f8a366-04a8-447c-8c9c-11275a3e7960:192.168.164.237:39690, 2b518b36-d90d-4564-a57b-9224905a4de1:192.168.164.237:38090], old=null, confs=<EMPTY_MAP>
2019-11-13 23:01:22,232 [pool-37-thread-1] INFO  server.RaftServerConfigKeys (ConfUtils.java:logGet(43)) - raft.server.storage.dir = [/workdir/hadoop-ozone/tools/target/test-dir/MiniOzoneClusterImpl-4b653e79-0c46-4b0e-80a2-ec6314d5d114/datanode-1/data/ratis] (custom)
2019-11-13 23:01:22,233 [pool-27-thread-1] INFO  impl.RaftServerImpl (RaftServerImpl.java:<init>(98)) - f3f8a366-04a8-447c-8c9c-11275a3e7960: new RaftServerImpl for group-C43D9344C852:[a27d5411-7ba0-4758-adf2-2b792b77b144:192.168.164.237:38909, f3f8a366-04a8-447c-8c9c-11275a3e7960:192.168.164.237:39690, 2b518b36-d90d-4564-a57b-9224905a4de1:192.168.164.237:38090] with ContainerStateMachine:uninitialized
2019-11-13 23:01:22,233 [pool-37-thread-1] INFO  server.RaftServerConfigKeys (ConfUtils.java:logGet(43)) - raft.server.log.corruption.policy = EXCEPTION (default)
2019-11-13 23:01:22,233 [pool-27-thread-1] INFO  server.RaftServerConfigKeys (ConfUtils.java:logGet(43)) - raft.server.rpc.timeout.min = 5s (custom)
2019-11-13 23:01:22,233 [pool-37-thread-1] INFO  storage.RaftStorageDirectory (RaftStorageDirectory.java:analyzeStorage(246)) - The storage directory /workdir/hadoop-ozone/tools/target/test-dir/MiniOzoneClusterImpl-4b653e79-0c46-4b0e-80a2-ec6314d5d114/datanode-1/data/ratis/43a7c7ea-cd4f-4518-893f-c43d9344c852 does not exist. Creating ...
2019-11-13 23:01:22,233 [pool-27-thread-1] INFO  server.RaftServerConfigKeys (ConfUtils.java:logGet(43)) - raft.server.rpc.timeout.max = 5200ms (custom)
2019-11-13 23:01:22,234 [pool-27-thread-1] INFO  server.RaftServerConfigKeys (ConfUtils.java:logGet(43)) - raft.server.rpcslowness.timeout = 120s (custom)
2019-11-13 23:01:22,234 [pool-27-thread-1] INFO  server.RaftServerConfigKeys (ConfUtils.java:logGet(43)) - raft.server.sleep.deviation.threshold = 300 (default)
2019-11-13 23:01:22,234 [pool-27-thread-1] INFO  server.RaftServerConfigKeys (ConfUtils.java:logGet(43)) - raft.server.log.appender.install.snapshot.enabled = false (custom)
2019-11-13 23:01:22,234 [pool-27-thread-1] INFO  impl.RaftServerImpl (ServerState.java:<init>(103)) - f3f8a366-04a8-447c-8c9c-11275a3e7960@group-C43D9344C852: ConfigurationManager, init=-1: [a27d5411-7ba0-4758-adf2-2b792b77b144:192.168.164.237:38909, f3f8a366-04a8-447c-8c9c-11275a3e7960:192.168.164.237:39690, 2b518b36-d90d-4564-a57b-9224905a4de1:192.168.164.237:38090], old=null, confs=<EMPTY_MAP>
2019-11-13 23:01:22,234 [pool-27-thread-1] INFO  server.RaftServerConfigKeys (ConfUtils.java:logGet(43)) - raft.server.storage.dir = [/workdir/hadoop-ozone/tools/target/test-dir/MiniOzoneClusterImpl-4b653e79-0c46-4b0e-80a2-ec6314d5d114/datanode-0/data/ratis] (custom)
2019-11-13 23:01:22,235 [pool-47-thread-1] INFO  impl.RaftServerImpl (RaftServerImpl.java:<init>(98)) - a27d5411-7ba0-4758-adf2-2b792b77b144: new RaftServerImpl for group-C43D9344C852:[a27d5411-7ba0-4758-adf2-2b792b77b144:192.168.164.237:38909, f3f8a366-04a8-447c-8c9c-11275a3e7960:192.168.164.237:39690, 2b518b36-d90d-4564-a57b-9224905a4de1:192.168.164.237:38090] with ContainerStateMachine:uninitialized
2019-11-13 23:01:22,236 [pool-27-thread-1] INFO  server.RaftServerConfigKeys (ConfUtils.java:logGet(43)) - raft.server.log.corruption.policy = EXCEPTION (default)
2019-11-13 23:01:22,236 [pool-47-thread-1] INFO  server.RaftServerConfigKeys (ConfUtils.java:logGet(43)) - raft.server.rpc.timeout.min = 5s (custom)
2019-11-13 23:01:22,237 [pool-27-thread-1] INFO  storage.RaftStorageDirectory (RaftStorageDirectory.java:analyzeStorage(246)) - The storage directory /workdir/hadoop-ozone/tools/target/test-dir/MiniOzoneClusterImpl-4b653e79-0c46-4b0e-80a2-ec6314d5d114/datanode-0/data/ratis/43a7c7ea-cd4f-4518-893f-c43d9344c852 does not exist. Creating ...
2019-11-13 23:01:22,237 [pool-47-thread-1] INFO  server.RaftServerConfigKeys (ConfUtils.java:logGet(43)) - raft.server.rpc.timeout.max = 5200ms (custom)
2019-11-13 23:01:22,237 [pool-47-thread-1] INFO  server.RaftServerConfigKeys (ConfUtils.java:logGet(43)) - raft.server.rpcslowness.timeout = 120s (custom)
2019-11-13 23:01:22,237 [pool-47-thread-1] INFO  server.RaftServerConfigKeys (ConfUtils.java:logGet(43)) - raft.server.sleep.deviation.threshold = 300 (default)
2019-11-13 23:01:22,237 [pool-47-thread-1] INFO  server.RaftServerConfigKeys (ConfUtils.java:logGet(43)) - raft.server.log.appender.install.snapshot.enabled = false (custom)
2019-11-13 23:01:22,237 [pool-47-thread-1] INFO  impl.RaftServerImpl (ServerState.java:<init>(103)) - a27d5411-7ba0-4758-adf2-2b792b77b144@group-C43D9344C852: ConfigurationManager, init=-1: [a27d5411-7ba0-4758-adf2-2b792b77b144:192.168.164.237:38909, f3f8a366-04a8-447c-8c9c-11275a3e7960:192.168.164.237:39690, 2b518b36-d90d-4564-a57b-9224905a4de1:192.168.164.237:38090], old=null, confs=<EMPTY_MAP>
2019-11-13 23:01:22,238 [pool-47-thread-1] INFO  server.RaftServerConfigKeys (ConfUtils.java:logGet(43)) - raft.server.storage.dir = [/workdir/hadoop-ozone/tools/target/test-dir/MiniOzoneClusterImpl-4b653e79-0c46-4b0e-80a2-ec6314d5d114/datanode-2/data/ratis] (custom)
2019-11-13 23:01:22,238 [pool-47-thread-1] INFO  server.RaftServerConfigKeys (ConfUtils.java:logGet(43)) - raft.server.log.corruption.policy = EXCEPTION (default)
2019-11-13 23:01:22,238 [pool-47-thread-1] INFO  storage.RaftStorageDirectory (RaftStorageDirectory.java:analyzeStorage(246)) - The storage directory /workdir/hadoop-ozone/tools/target/test-dir/MiniOzoneClusterImpl-4b653e79-0c46-4b0e-80a2-ec6314d5d114/datanode-2/data/ratis/43a7c7ea-cd4f-4518-893f-c43d9344c852 does not exist. Creating ...
2019-11-13 23:01:22,259 [pool-37-thread-1] INFO  storage.RaftStorageDirectory (RaftStorageDirectory.java:tryLock(328)) - Lock on /workdir/hadoop-ozone/tools/target/test-dir/MiniOzoneClusterImpl-4b653e79-0c46-4b0e-80a2-ec6314d5d114/datanode-1/data/ratis/43a7c7ea-cd4f-4518-893f-c43d9344c852/in_use.lock acquired by nodename 14681@pr-hdds-2471-vxr4w-2980416436
2019-11-13 23:01:22,259 [pool-47-thread-1] INFO  storage.RaftStorageDirectory (RaftStorageDirectory.java:tryLock(328)) - Lock on /workdir/hadoop-ozone/tools/target/test-dir/MiniOzoneClusterImpl-4b653e79-0c46-4b0e-80a2-ec6314d5d114/datanode-2/data/ratis/43a7c7ea-cd4f-4518-893f-c43d9344c852/in_use.lock acquired by nodename 14681@pr-hdds-2471-vxr4w-2980416436
2019-11-13 23:01:22,259 [pool-27-thread-1] INFO  storage.RaftStorageDirectory (RaftStorageDirectory.java:tryLock(328)) - Lock on /workdir/hadoop-ozone/tools/target/test-dir/MiniOzoneClusterImpl-4b653e79-0c46-4b0e-80a2-ec6314d5d114/datanode-0/data/ratis/43a7c7ea-cd4f-4518-893f-c43d9344c852/in_use.lock acquired by nodename 14681@pr-hdds-2471-vxr4w-2980416436
2019-11-13 23:01:22,285 [pool-27-thread-1] INFO  storage.RaftStorage (RaftStorage.java:format(84)) - Storage directory /workdir/hadoop-ozone/tools/target/test-dir/MiniOzoneClusterImpl-4b653e79-0c46-4b0e-80a2-ec6314d5d114/datanode-0/data/ratis/43a7c7ea-cd4f-4518-893f-c43d9344c852 has been successfully formatted.
2019-11-13 23:01:22,285 [pool-37-thread-1] INFO  storage.RaftStorage (RaftStorage.java:format(84)) - Storage directory /workdir/hadoop-ozone/tools/target/test-dir/MiniOzoneClusterImpl-4b653e79-0c46-4b0e-80a2-ec6314d5d114/datanode-1/data/ratis/43a7c7ea-cd4f-4518-893f-c43d9344c852 has been successfully formatted.
2019-11-13 23:01:22,285 [pool-47-thread-1] INFO  storage.RaftStorage (RaftStorage.java:format(84)) - Storage directory /workdir/hadoop-ozone/tools/target/test-dir/MiniOzoneClusterImpl-4b653e79-0c46-4b0e-80a2-ec6314d5d114/datanode-2/data/ratis/43a7c7ea-cd4f-4518-893f-c43d9344c852 has been successfully formatted.
2019-11-13 23:01:22,285 [pool-37-thread-1] INFO  ratis.ContainerStateMachine (ContainerStateMachine.java:loadSnapshot(223)) - group-C43D9344C852: The snapshot info is null. Setting the last applied indexto:(t:0, i:~)
2019-11-13 23:01:22,285 [pool-27-thread-1] INFO  ratis.ContainerStateMachine (ContainerStateMachine.java:loadSnapshot(223)) - group-C43D9344C852: The snapshot info is null. Setting the last applied indexto:(t:0, i:~)
2019-11-13 23:01:22,286 [pool-37-thread-1] INFO  server.RaftServerConfigKeys (ConfUtils.java:logGet(43)) - raft.server.notification.no-leader.timeout = 120s (custom)
2019-11-13 23:01:22,286 [pool-47-thread-1] INFO  ratis.ContainerStateMachine (ContainerStateMachine.java:loadSnapshot(223)) - group-C43D9344C852: The snapshot info is null. Setting the last applied indexto:(t:0, i:~)
2019-11-13 23:01:22,286 [pool-37-thread-1] INFO  server.RaftServerConfigKeys (ConfUtils.java:logGet(43)) - raft.server.log.use.memory = false (default)
2019-11-13 23:01:22,286 [pool-27-thread-1] INFO  server.RaftServerConfigKeys (ConfUtils.java:logGet(43)) - raft.server.notification.no-leader.timeout = 120s (custom)
2019-11-13 23:01:22,286 [pool-37-thread-1] INFO  server.RaftServerConfigKeys (ConfUtils.java:logGet(43)) - raft.server.log.purge.gap = 1000000 (custom)
2019-11-13 23:01:22,286 [pool-47-thread-1] INFO  server.RaftServerConfigKeys (ConfUtils.java:logGet(43)) - raft.server.notification.no-leader.timeout = 120s (custom)
2019-11-13 23:01:22,286 [pool-37-thread-1] INFO  server.RaftServerConfigKeys (ConfUtils.java:logGet(43)) - raft.server.log.appender.buffer.byte-limit = 33554432 (custom)
2019-11-13 23:01:22,286 [pool-27-thread-1] INFO  server.RaftServerConfigKeys (ConfUtils.java:logGet(43)) - raft.server.log.use.memory = false (default)
2019-11-13 23:01:22,287 [pool-37-thread-1] INFO  server.RaftServerConfigKeys (ConfUtils.java:logGet(43)) - raft.server.log.segment.size.max = 1048576 (custom)
2019-11-13 23:01:22,287 [pool-47-thread-1] INFO  server.RaftServerConfigKeys (ConfUtils.java:logGet(43)) - raft.server.log.use.memory = false (default)
2019-11-13 23:01:22,287 [pool-37-thread-1] INFO  server.RaftServerConfigKeys (ConfUtils.java:logGet(43)) - raft.server.log.segment.cache.num.max = 2 (custom)
2019-11-13 23:01:22,287 [pool-27-thread-1] INFO  server.RaftServerConfigKeys (ConfUtils.java:logGet(43)) - raft.server.log.purge.gap = 1000000 (custom)
2019-11-13 23:01:22,288 [pool-37-thread-1] INFO  segmented.SegmentedRaftLogWorker (SegmentedRaftLogWorker.java:<init>(173)) - new 2b518b36-d90d-4564-a57b-9224905a4de1@group-C43D9344C852-SegmentedRaftLogWorker for RaftStorage:Storage Directory /workdir/hadoop-ozone/tools/target/test-dir/MiniOzoneClusterImpl-4b653e79-0c46-4b0e-80a2-ec6314d5d114/datanode-1/data/ratis/43a7c7ea-cd4f-4518-893f-c43d9344c852
2019-11-13 23:01:22,287 [pool-47-thread-1] INFO  server.RaftServerConfigKeys (ConfUtils.java:logGet(43)) - raft.server.log.purge.gap = 1000000 (custom)
2019-11-13 23:01:22,288 [pool-37-thread-1] INFO  server.RaftServerConfigKeys (ConfUtils.java:logGet(43)) - raft.server.log.queue.byte-limit = 2147483647 (custom)
2019-11-13 23:01:22,288 [pool-37-thread-1] INFO  server.RaftServerConfigKeys (ConfUtils.java:logGet(43)) - raft.server.log.queue.element-limit = 1024 (custom)
2019-11-13 23:01:22,288 [pool-27-thread-1] INFO  server.RaftServerConfigKeys (ConfUtils.java:logGet(43)) - raft.server.log.appender.buffer.byte-limit = 33554432 (custom)
2019-11-13 23:01:22,288 [pool-37-thread-1] INFO  server.RaftServerConfigKeys (ConfUtils.java:logGet(43)) - raft.server.log.segment.size.max = 1048576 (custom)
2019-11-13 23:01:22,288 [pool-47-thread-1] INFO  server.RaftServerConfigKeys (ConfUtils.java:logGet(43)) - raft.server.log.appender.buffer.byte-limit = 33554432 (custom)
2019-11-13 23:01:22,289 [pool-37-thread-1] INFO  server.RaftServerConfigKeys (ConfUtils.java:logGet(43)) - raft.server.log.preallocated.size = 16384 (custom)
2019-11-13 23:01:22,289 [pool-27-thread-1] INFO  server.RaftServerConfigKeys (ConfUtils.java:logGet(43)) - raft.server.log.segment.size.max = 1048576 (custom)
2019-11-13 23:01:22,289 [pool-37-thread-1] INFO  server.RaftServerConfigKeys (ConfUtils.java:logGet(43)) - raft.server.log.write.buffer.size = 33554432 (custom)
2019-11-13 23:01:22,289 [pool-47-thread-1] INFO  server.RaftServerConfigKeys (ConfUtils.java:logGet(43)) - raft.server.log.segment.size.max = 1048576 (custom)
2019-11-13 23:01:22,289 [pool-37-thread-1] INFO  server.RaftServerConfigKeys (ConfUtils.java:logGet(43)) - raft.server.log.force.sync.num = 128 (default)
2019-11-13 23:01:22,290 [pool-47-thread-1] INFO  server.RaftServerConfigKeys (ConfUtils.java:logGet(43)) - raft.server.log.segment.cache.num.max = 2 (custom)
2019-11-13 23:01:22,289 [pool-27-thread-1] INFO  server.RaftServerConfigKeys (ConfUtils.java:logGet(43)) - raft.server.log.segment.cache.num.max = 2 (custom)
2019-11-13 23:01:22,290 [pool-47-thread-1] INFO  segmented.SegmentedRaftLogWorker (SegmentedRaftLogWorker.java:<init>(173)) - new a27d5411-7ba0-4758-adf2-2b792b77b144@group-C43D9344C852-SegmentedRaftLogWorker for RaftStorage:Storage Directory /workdir/hadoop-ozone/tools/target/test-dir/MiniOzoneClusterImpl-4b653e79-0c46-4b0e-80a2-ec6314d5d114/datanode-2/data/ratis/43a7c7ea-cd4f-4518-893f-c43d9344c852
2019-11-13 23:01:22,290 [pool-37-thread-1] INFO  server.RaftServerConfigKeys (ConfUtils.java:logGet(43)) - raft.server.log.statemachine.data.sync = true (default)
2019-11-13 23:01:22,290 [pool-47-thread-1] INFO  server.RaftServerConfigKeys (ConfUtils.java:logGet(43)) - raft.server.log.queue.byte-limit = 2147483647 (custom)
2019-11-13 23:01:22,290 [pool-27-thread-1] INFO  segmented.SegmentedRaftLogWorker (SegmentedRaftLogWorker.java:<init>(173)) - new f3f8a366-04a8-447c-8c9c-11275a3e7960@group-C43D9344C852-SegmentedRaftLogWorker for RaftStorage:Storage Directory /workdir/hadoop-ozone/tools/target/test-dir/MiniOzoneClusterImpl-4b653e79-0c46-4b0e-80a2-ec6314d5d114/datanode-0/data/ratis/43a7c7ea-cd4f-4518-893f-c43d9344c852
2019-11-13 23:01:22,290 [pool-47-thread-1] INFO  server.RaftServerConfigKeys (ConfUtils.java:logGet(43)) - raft.server.log.queue.element-limit = 1024 (custom)
2019-11-13 23:01:22,290 [pool-37-thread-1] INFO  server.RaftServerConfigKeys (ConfUtils.java:logGet(43)) - raft.server.log.statemachine.data.sync.timeout = 10s (default)
2019-11-13 23:01:22,291 [pool-47-thread-1] INFO  server.RaftServerConfigKeys (ConfUtils.java:logGet(43)) - raft.server.log.segment.size.max = 1048576 (custom)
2019-11-13 23:01:22,291 [pool-27-thread-1] INFO  server.RaftServerConfigKeys (ConfUtils.java:logGet(43)) - raft.server.log.queue.byte-limit = 2147483647 (custom)
2019-11-13 23:01:22,291 [pool-47-thread-1] INFO  server.RaftServerConfigKeys (ConfUtils.java:logGet(43)) - raft.server.log.preallocated.size = 16384 (custom)
2019-11-13 23:01:22,291 [pool-37-thread-1] INFO  server.RaftServerConfigKeys (ConfUtils.java:logGet(43)) - raft.server.log.statemachine.data.sync.timeout.retry = -1 (default)
2019-11-13 23:01:22,291 [pool-47-thread-1] INFO  server.RaftServerConfigKeys (ConfUtils.java:logGet(43)) - raft.server.log.write.buffer.size = 33554432 (custom)
2019-11-13 23:01:22,291 [pool-27-thread-1] INFO  server.RaftServerConfigKeys (ConfUtils.java:logGet(43)) - raft.server.log.queue.element-limit = 1024 (custom)
2019-11-13 23:01:22,292 [pool-47-thread-1] INFO  server.RaftServerConfigKeys (ConfUtils.java:logGet(43)) - raft.server.log.force.sync.num = 128 (default)
2019-11-13 23:01:22,292 [pool-37-thread-1] INFO  server.RaftServerConfigKeys (ConfUtils.java:logGet(43)) - raft.server.log.statemachine.data.caching.enabled = true (custom)
2019-11-13 23:01:22,292 [pool-47-thread-1] INFO  server.RaftServerConfigKeys (ConfUtils.java:logGet(43)) - raft.server.log.statemachine.data.sync = true (default)
2019-11-13 23:01:22,292 [pool-27-thread-1] INFO  server.RaftServerConfigKeys (ConfUtils.java:logGet(43)) - raft.server.log.segment.size.max = 1048576 (custom)
2019-11-13 23:01:22,292 [pool-37-thread-1] INFO  segmented.SegmentedRaftLogWorker (SegmentedRaftLogWorker.java:lambda$new$0(128)) - 2b518b36-d90d-4564-a57b-9224905a4de1@group-C43D9344C852-SegmentedRaftLogWorker: flushIndex: setUnconditionally 0 -> -1
2019-11-13 23:01:22,292 [pool-47-thread-1] INFO  server.RaftServerConfigKeys (ConfUtils.java:logGet(43)) - raft.server.log.statemachine.data.sync.timeout = 10s (default)
2019-11-13 23:01:22,293 [pool-27-thread-1] INFO  server.RaftServerConfigKeys (ConfUtils.java:logGet(43)) - raft.server.log.preallocated.size = 16384 (custom)
2019-11-13 23:01:22,293 [pool-47-thread-1] INFO  server.RaftServerConfigKeys (ConfUtils.java:logGet(43)) - raft.server.log.statemachine.data.sync.timeout.retry = -1 (default)
2019-11-13 23:01:22,293 [pool-37-thread-1] INFO  server.RaftServerConfigKeys (ConfUtils.java:logGet(43)) - raft.server.snapshot.auto.trigger.enabled = true (custom)
2019-11-13 23:01:22,293 [pool-27-thread-1] INFO  server.RaftServerConfigKeys (ConfUtils.java:logGet(43)) - raft.server.log.write.buffer.size = 33554432 (custom)
2019-11-13 23:01:22,293 [pool-47-thread-1] INFO  server.RaftServerConfigKeys (ConfUtils.java:logGet(43)) - raft.server.log.statemachine.data.caching.enabled = true (custom)
2019-11-13 23:01:22,293 [pool-37-thread-1] INFO  server.RaftServerConfigKeys (ConfUtils.java:logGet(43)) - raft.server.snapshot.auto.trigger.threshold = 10000 (custom)
2019-11-13 23:01:22,293 [pool-27-thread-1] INFO  server.RaftServerConfigKeys (ConfUtils.java:logGet(43)) - raft.server.log.force.sync.num = 128 (default)
2019-11-13 23:01:22,294 [pool-37-thread-1] INFO  server.RaftServerConfigKeys (ConfUtils.java:logGet(43)) - raft.server.snapshot.retention.file.num = 5 (custom)
2019-11-13 23:01:22,294 [pool-27-thread-1] INFO  server.RaftServerConfigKeys (ConfUtils.java:logGet(43)) - raft.server.log.statemachine.data.sync = true (default)
2019-11-13 23:01:22,294 [pool-47-thread-1] INFO  segmented.SegmentedRaftLogWorker (SegmentedRaftLogWorker.java:lambda$new$0(128)) - a27d5411-7ba0-4758-adf2-2b792b77b144@group-C43D9344C852-SegmentedRaftLogWorker: flushIndex: setUnconditionally 0 -> -1
2019-11-13 23:01:22,294 [pool-27-thread-1] INFO  server.RaftServerConfigKeys (ConfUtils.java:logGet(43)) - raft.server.log.statemachine.data.sync.timeout = 10s (default)
2019-11-13 23:01:22,294 [pool-37-thread-1] INFO  server.RaftServerConfigKeys (ConfUtils.java:logGet(43)) - raft.server.retrycache.expirytime = 600000ms (custom)
2019-11-13 23:01:22,294 [pool-47-thread-1] INFO  server.RaftServerConfigKeys (ConfUtils.java:logGet(43)) - raft.server.snapshot.auto.trigger.enabled = true (custom)
2019-11-13 23:01:22,294 [pool-27-thread-1] INFO  server.RaftServerConfigKeys (ConfUtils.java:logGet(43)) - raft.server.log.statemachine.data.sync.timeout.retry = -1 (default)
2019-11-13 23:01:22,295 [pool-37-thread-1] WARN  impl.MetricRegistriesImpl (MetricRegistriesImpl.java:lambda$create$1(61)) - First MetricRegistry has been created without registering reporters. You may need to call MetricRegistries.global().addReportRegistration(...) before.
2019-11-13 23:01:22,295 [pool-47-thread-1] INFO  server.RaftServerConfigKeys (ConfUtils.java:logGet(43)) - raft.server.snapshot.auto.trigger.threshold = 10000 (custom)
2019-11-13 23:01:22,295 [pool-37-thread-1] WARN  impl.MetricRegistriesImpl (MetricRegistriesImpl.java:lambda$create$1(61)) - First MetricRegistry has been created without registering reporters. You may need to call MetricRegistries.global().addReportRegistration(...) before.
2019-11-13 23:01:22,295 [pool-27-thread-1] INFO  server.RaftServerConfigKeys (ConfUtils.java:logGet(43)) - raft.server.log.statemachine.data.caching.enabled = true (custom)
2019-11-13 23:01:22,295 [pool-47-thread-1] INFO  server.RaftServerConfigKeys (ConfUtils.java:logGet(43)) - raft.server.snapshot.retention.file.num = 5 (custom)
2019-11-13 23:01:22,295 [pool-37-thread-1] INFO  impl.RaftServerImpl (RaftServerImpl.java:start(184)) - 2b518b36-d90d-4564-a57b-9224905a4de1@group-C43D9344C852: start as a follower, conf=-1: [a27d5411-7ba0-4758-adf2-2b792b77b144:192.168.164.237:38909, f3f8a366-04a8-447c-8c9c-11275a3e7960:192.168.164.237:39690, 2b518b36-d90d-4564-a57b-9224905a4de1:192.168.164.237:38090], old=null
2019-11-13 23:01:22,296 [pool-47-thread-1] INFO  server.RaftServerConfigKeys (ConfUtils.java:logGet(43)) - raft.server.retrycache.expirytime = 600000ms (custom)
2019-11-13 23:01:22,296 [pool-27-thread-1] INFO  segmented.SegmentedRaftLogWorker (SegmentedRaftLogWorker.java:lambda$new$0(128)) - f3f8a366-04a8-447c-8c9c-11275a3e7960@group-C43D9344C852-SegmentedRaftLogWorker: flushIndex: setUnconditionally 0 -> -1
2019-11-13 23:01:22,296 [pool-47-thread-1] WARN  impl.MetricRegistriesImpl (MetricRegistriesImpl.java:lambda$create$1(61)) - First MetricRegistry has been created without registering reporters. You may need to call MetricRegistries.global().addReportRegistration(...) before.
2019-11-13 23:01:22,296 [pool-37-thread-1] INFO  impl.RaftServerImpl (RaftServerImpl.java:setRole(173)) - 2b518b36-d90d-4564-a57b-9224905a4de1@group-C43D9344C852: changes role from      null to FOLLOWER at term 0 for startAsFollower
2019-11-13 23:01:22,296 [pool-47-thread-1] WARN  impl.MetricRegistriesImpl (MetricRegistriesImpl.java:lambda$create$1(61)) - First MetricRegistry has been created without registering reporters. You may need to call MetricRegistries.global().addReportRegistration(...) before.
2019-11-13 23:01:22,296 [pool-37-thread-1] INFO  impl.RoleInfo (RoleInfo.java:updateAndGet(143)) - 2b518b36-d90d-4564-a57b-9224905a4de1: start FollowerState
2019-11-13 23:01:22,296 [pool-27-thread-1] INFO  server.RaftServerConfigKeys (ConfUtils.java:logGet(43)) - raft.server.snapshot.auto.trigger.enabled = true (custom)
2019-11-13 23:01:22,296 [pool-47-thread-1] INFO  impl.RaftServerImpl (RaftServerImpl.java:start(184)) - a27d5411-7ba0-4758-adf2-2b792b77b144@group-C43D9344C852: start as a follower, conf=-1: [a27d5411-7ba0-4758-adf2-2b792b77b144:192.168.164.237:38909, f3f8a366-04a8-447c-8c9c-11275a3e7960:192.168.164.237:39690, 2b518b36-d90d-4564-a57b-9224905a4de1:192.168.164.237:38090], old=null
2019-11-13 23:01:22,296 [pool-27-thread-1] INFO  server.RaftServerConfigKeys (ConfUtils.java:logGet(43)) - raft.server.snapshot.auto.trigger.threshold = 10000 (custom)
2019-11-13 23:01:22,297 [pool-47-thread-1] INFO  impl.RaftServerImpl (RaftServerImpl.java:setRole(173)) - a27d5411-7ba0-4758-adf2-2b792b77b144@group-C43D9344C852: changes role from      null to FOLLOWER at term 0 for startAsFollower
2019-11-13 23:01:22,297 [pool-37-thread-1] INFO  util.JmxRegister (JmxRegister.java:tryRegister(44)) - Successfully registered JMX Bean with object name Ratis:service=RaftServer,group=group-C43D9344C852,id=2b518b36-d90d-4564-a57b-9224905a4de1
2019-11-13 23:01:22,297 [pool-27-thread-1] INFO  server.RaftServerConfigKeys (ConfUtils.java:logGet(43)) - raft.server.snapshot.retention.file.num = 5 (custom)
2019-11-13 23:01:22,297 [pool-37-thread-1] WARN  impl.MetricRegistriesImpl (MetricRegistriesImpl.java:lambda$create$1(61)) - First MetricRegistry has been created without registering reporters. You may need to call MetricRegistries.global().addReportRegistration(...) before.
2019-11-13 23:01:22,297 [pool-47-thread-1] INFO  impl.RoleInfo (RoleInfo.java:updateAndGet(143)) - a27d5411-7ba0-4758-adf2-2b792b77b144: start FollowerState
2019-11-13 23:01:22,297 [pool-27-thread-1] INFO  server.RaftServerConfigKeys (ConfUtils.java:logGet(43)) - raft.server.retrycache.expirytime = 600000ms (custom)
2019-11-13 23:01:22,297 [pool-27-thread-1] WARN  impl.MetricRegistriesImpl (MetricRegistriesImpl.java:lambda$create$1(61)) - First MetricRegistry has been created without registering reporters. You may need to call MetricRegistries.global().addReportRegistration(...) before.
2019-11-13 23:01:22,298 [pool-47-thread-1] INFO  util.JmxRegister (JmxRegister.java:tryRegister(44)) - Successfully registered JMX Bean with object name Ratis:service=RaftServer,group=group-C43D9344C852,id=a27d5411-7ba0-4758-adf2-2b792b77b144
2019-11-13 23:01:22,298 [pool-27-thread-1] WARN  impl.MetricRegistriesImpl (MetricRegistriesImpl.java:lambda$create$1(61)) - First MetricRegistry has been created without registering reporters. You may need to call MetricRegistries.global().addReportRegistration(...) before.
2019-11-13 23:01:22,298 [pool-47-thread-1] WARN  impl.MetricRegistriesImpl (MetricRegistriesImpl.java:lambda$create$1(61)) - First MetricRegistry has been created without registering reporters. You may need to call MetricRegistries.global().addReportRegistration(...) before.
2019-11-13 23:01:22,298 [pool-27-thread-1] INFO  impl.RaftServerImpl (RaftServerImpl.java:start(184)) - f3f8a366-04a8-447c-8c9c-11275a3e7960@group-C43D9344C852: start as a follower, conf=-1: [a27d5411-7ba0-4758-adf2-2b792b77b144:192.168.164.237:38909, f3f8a366-04a8-447c-8c9c-11275a3e7960:192.168.164.237:39690, 2b518b36-d90d-4564-a57b-9224905a4de1:192.168.164.237:38090], old=null
2019-11-13 23:01:22,298 [pool-27-thread-1] INFO  impl.RaftServerImpl (RaftServerImpl.java:setRole(173)) - f3f8a366-04a8-447c-8c9c-11275a3e7960@group-C43D9344C852: changes role from      null to FOLLOWER at term 0 for startAsFollower
2019-11-13 23:01:22,298 [pool-27-thread-1] INFO  impl.RoleInfo (RoleInfo.java:updateAndGet(143)) - f3f8a366-04a8-447c-8c9c-11275a3e7960: start FollowerState
2019-11-13 23:01:22,300 [pool-27-thread-1] INFO  util.JmxRegister (JmxRegister.java:tryRegister(44)) - Successfully registered JMX Bean with object name Ratis:service=RaftServer,group=group-C43D9344C852,id=f3f8a366-04a8-447c-8c9c-11275a3e7960
2019-11-13 23:01:22,301 [pool-27-thread-1] WARN  impl.MetricRegistriesImpl (MetricRegistriesImpl.java:lambda$create$1(61)) - First MetricRegistry has been created without registering reporters. You may need to call MetricRegistries.global().addReportRegistration(...) before.
2019-11-13 23:01:22,305 [RatisPipelineUtilsThread] INFO  pipeline.PipelineStateManager (PipelineStateManager.java:addPipeline(55)) - Created pipeline Pipeline[ Id: 43a7c7ea-cd4f-4518-893f-c43d9344c852, Nodes: 2b518b36-d90d-4564-a57b-9224905a4de1{ip: 192.168.164.237, host: pr-hdds-2471-vxr4w-2980416436, networkLocation: /default-rack, certSerialId: null}a27d5411-7ba0-4758-adf2-2b792b77b144{ip: 192.168.164.237, host: pr-hdds-2471-vxr4w-2980416436, networkLocation: /default-rack, certSerialId: null}f3f8a366-04a8-447c-8c9c-11275a3e7960{ip: 192.168.164.237, host: pr-hdds-2471-vxr4w-2980416436, networkLocation: /default-rack, certSerialId: null}, Type:RATIS, Factor:THREE, State:ALLOCATED]
2019-11-13 23:01:22,337 [main] INFO  freon.RandomKeyGenerator (RandomKeyGenerator.java:call(283)) - Number of Threads: 10
2019-11-13 23:01:22,337 [main] INFO  freon.RandomKeyGenerator (RandomKeyGenerator.java:call(288)) - Number of Volumes: 1.
2019-11-13 23:01:22,338 [main] INFO  freon.RandomKeyGenerator (RandomKeyGenerator.java:call(289)) - Number of Buckets per Volume: 1.
2019-11-13 23:01:22,338 [main] INFO  freon.RandomKeyGenerator (RandomKeyGenerator.java:call(290)) - Number of Keys per Bucket: 1.
2019-11-13 23:01:22,338 [main] INFO  freon.RandomKeyGenerator (RandomKeyGenerator.java:call(291)) - Key size: 20971520 bytes
2019-11-13 23:01:22,338 [main] INFO  freon.RandomKeyGenerator (RandomKeyGenerator.java:call(292)) - Buffer size: 4096 bytes
2019-11-13 23:01:22,338 [main] INFO  freon.RandomKeyGenerator (RandomKeyGenerator.java:call(293)) - validateWrites : true
2019-11-13 23:01:22,339 [main] INFO  freon.RandomKeyGenerator (RandomKeyGenerator.java:call(307)) - Data validation is enabled.
2019-11-13 23:01:22,339 [main] INFO  freon.RandomKeyGenerator (RandomKeyGenerator.java:call(313)) - Starting progress bar Thread.

2019-11-13 23:01:22,339 [pool-59-thread-1] INFO  rpc.RpcClient (RpcClient.java:createVolume(292)) - Creating Volume: vol-0-79957, with jenkins1000 as owner.
 0.00% |?                                                                                                    |  0/1 Time: 0:00:002019-11-13 23:01:22,344 [IPC Server handler 8 on 44564] INFO  volume.OMVolumeCreateRequest (OMVolumeCreateRequest.java:validateAndUpdateCache(193)) - created volume:vol-0-79957 for user:jenkins1000
2019-11-13 23:01:22,379 [pool-59-thread-2] INFO  rpc.RpcClient (RpcClient.java:createBucket(431)) - Creating Bucket: vol-0-79957/bucket-0-45947, with Versioning false and Storage Type set to DISK and Encryption set to false 
2019-11-13 23:01:22,420 [IPC Server handler 13 on 42797] WARN  block.BlockManagerImpl (BlockManagerImpl.java:allocateBlock(200)) - Pipeline creation failed for type:RATIS factor:THREE. Retrying get pipelines call once.
org.apache.hadoop.hdds.scm.pipeline.InsufficientDatanodesException: Cannot create pipeline of factor 3 using 0 nodes.
	at org.apache.hadoop.hdds.scm.pipeline.RatisPipelineProvider.create(RatisPipelineProvider.java:153)
	at org.apache.hadoop.hdds.scm.pipeline.PipelineFactory.create(PipelineFactory.java:58)
	at org.apache.hadoop.hdds.scm.pipeline.SCMPipelineManager.createPipeline(SCMPipelineManager.java:155)
	at org.apache.hadoop.hdds.scm.block.BlockManagerImpl.allocateBlock(BlockManagerImpl.java:198)
	at org.apache.hadoop.hdds.scm.server.SCMBlockProtocolServer.allocateBlock(SCMBlockProtocolServer.java:187)
	at org.apache.hadoop.hdds.scm.protocol.ScmBlockLocationProtocolServerSideTranslatorPB.allocateScmBlock(ScmBlockLocationProtocolServerSideTranslatorPB.java:159)
	at org.apache.hadoop.hdds.scm.protocol.ScmBlockLocationProtocolServerSideTranslatorPB.processMessage(ScmBlockLocationProtocolServerSideTranslatorPB.java:117)
	at org.apache.hadoop.hdds.server.OzoneProtocolMessageDispatcher.processRequest(OzoneProtocolMessageDispatcher.java:72)
	at org.apache.hadoop.hdds.scm.protocol.ScmBlockLocationProtocolServerSideTranslatorPB.send(ScmBlockLocationProtocolServerSideTranslatorPB.java:98)
	at org.apache.hadoop.hdds.protocol.proto.ScmBlockLocationProtocolProtos$ScmBlockLocationProtocolService$2.callBlockingMethod(ScmBlockLocationProtocolProtos.java:13157)
	at org.apache.hadoop.ipc.ProtobufRpcEngine$Server$ProtoBufRpcInvoker.call(ProtobufRpcEngine.java:524)
	at org.apache.hadoop.ipc.RPC$Server.call(RPC.java:1025)
	at org.apache.hadoop.ipc.Server$RpcCall.run(Server.java:876)
	at org.apache.hadoop.ipc.Server$RpcCall.run(Server.java:822)
	at java.security.AccessController.doPrivileged(Native Method)
	at javax.security.auth.Subject.doAs(Subject.java:422)
	at org.apache.hadoop.security.UserGroupInformation.doAs(UserGroupInformation.java:1730)
	at org.apache.hadoop.ipc.Server$Handler.run(Server.java:2682)
2019-11-13 23:01:22,421 [IPC Server handler 13 on 42797] INFO  block.BlockManagerImpl (BlockManagerImpl.java:allocateBlock(212)) - Could not find available pipeline of type:RATIS and factor:THREE even after retrying
2019-11-13 23:01:22,421 [IPC Server handler 13 on 42797] ERROR block.BlockManagerImpl (BlockManagerImpl.java:allocateBlock(236)) - Unable to allocate a block for the size: 4194304, type: RATIS, factor: THREE
2019-11-13 23:01:22,425 [IPC Server handler 13 on 42797] WARN  block.BlockManagerImpl (BlockManagerImpl.java:allocateBlock(200)) - Pipeline creation failed for type:RATIS factor:THREE. Retrying get pipelines call once.
org.apache.hadoop.hdds.scm.pipeline.InsufficientDatanodesException: Cannot create pipeline of factor 3 using 0 nodes.
	at org.apache.hadoop.hdds.scm.pipeline.RatisPipelineProvider.create(RatisPipelineProvider.java:153)
	at org.apache.hadoop.hdds.scm.pipeline.PipelineFactory.create(PipelineFactory.java:58)
	at org.apache.hadoop.hdds.scm.pipeline.SCMPipelineManager.createPipeline(SCMPipelineManager.java:155)
	at org.apache.hadoop.hdds.scm.block.BlockManagerImpl.allocateBlock(BlockManagerImpl.java:198)
	at org.apache.hadoop.hdds.scm.server.SCMBlockProtocolServer.allocateBlock(SCMBlockProtocolServer.java:187)
	at org.apache.hadoop.hdds.scm.protocol.ScmBlockLocationProtocolServerSideTranslatorPB.allocateScmBlock(ScmBlockLocationProtocolServerSideTranslatorPB.java:159)
	at org.apache.hadoop.hdds.scm.protocol.ScmBlockLocationProtocolServerSideTranslatorPB.processMessage(ScmBlockLocationProtocolServerSideTranslatorPB.java:117)
	at org.apache.hadoop.hdds.server.OzoneProtocolMessageDispatcher.processRequest(OzoneProtocolMessageDispatcher.java:72)
	at org.apache.hadoop.hdds.scm.protocol.ScmBlockLocationProtocolServerSideTranslatorPB.send(ScmBlockLocationProtocolServerSideTranslatorPB.java:98)
	at org.apache.hadoop.hdds.protocol.proto.ScmBlockLocationProtocolProtos$ScmBlockLocationProtocolService$2.callBlockingMethod(ScmBlockLocationProtocolProtos.java:13157)
	at org.apache.hadoop.ipc.ProtobufRpcEngine$Server$ProtoBufRpcInvoker.call(ProtobufRpcEngine.java:524)
	at org.apache.hadoop.ipc.RPC$Server.call(RPC.java:1025)
	at org.apache.hadoop.ipc.Server$RpcCall.run(Server.java:876)
	at org.apache.hadoop.ipc.Server$RpcCall.run(Server.java:822)
	at java.security.AccessController.doPrivileged(Native Method)
	at javax.security.auth.Subject.doAs(Subject.java:422)
	at org.apache.hadoop.security.UserGroupInformation.doAs(UserGroupInformation.java:1730)
	at org.apache.hadoop.ipc.Server$Handler.run(Server.java:2682)
2019-11-13 23:01:22,425 [IPC Server handler 13 on 42797] INFO  block.BlockManagerImpl (BlockManagerImpl.java:allocateBlock(212)) - Could not find available pipeline of type:RATIS and factor:THREE even after retrying
2019-11-13 23:01:22,425 [IPC Server handler 13 on 42797] ERROR block.BlockManagerImpl (BlockManagerImpl.java:allocateBlock(236)) - Unable to allocate a block for the size: 4194304, type: RATIS, factor: THREE
2019-11-13 23:01:22,426 [IPC Server handler 13 on 42797] WARN  block.BlockManagerImpl (BlockManagerImpl.java:allocateBlock(200)) - Pipeline creation failed for type:RATIS factor:THREE. Retrying get pipelines call once.
org.apache.hadoop.hdds.scm.pipeline.InsufficientDatanodesException: Cannot create pipeline of factor 3 using 0 nodes.
	at org.apache.hadoop.hdds.scm.pipeline.RatisPipelineProvider.create(RatisPipelineProvider.java:153)
	at org.apache.hadoop.hdds.scm.pipeline.PipelineFactory.create(PipelineFactory.java:58)
	at org.apache.hadoop.hdds.scm.pipeline.SCMPipelineManager.createPipeline(SCMPipelineManager.java:155)
	at org.apache.hadoop.hdds.scm.block.BlockManagerImpl.allocateBlock(BlockManagerImpl.java:198)
	at org.apache.hadoop.hdds.scm.server.SCMBlockProtocolServer.allocateBlock(SCMBlockProtocolServer.java:187)
	at org.apache.hadoop.hdds.scm.protocol.ScmBlockLocationProtocolServerSideTranslatorPB.allocateScmBlock(ScmBlockLocationProtocolServerSideTranslatorPB.java:159)
	at org.apache.hadoop.hdds.scm.protocol.ScmBlockLocationProtocolServerSideTranslatorPB.processMessage(ScmBlockLocationProtocolServerSideTranslatorPB.java:117)
	at org.apache.hadoop.hdds.server.OzoneProtocolMessageDispatcher.processRequest(OzoneProtocolMessageDispatcher.java:72)
	at org.apache.hadoop.hdds.scm.protocol.ScmBlockLocationProtocolServerSideTranslatorPB.send(ScmBlockLocationProtocolServerSideTranslatorPB.java:98)
	at org.apache.hadoop.hdds.protocol.proto.ScmBlockLocationProtocolProtos$ScmBlockLocationProtocolService$2.callBlockingMethod(ScmBlockLocationProtocolProtos.java:13157)
	at org.apache.hadoop.ipc.ProtobufRpcEngine$Server$ProtoBufRpcInvoker.call(ProtobufRpcEngine.java:524)
	at org.apache.hadoop.ipc.RPC$Server.call(RPC.java:1025)
	at org.apache.hadoop.ipc.Server$RpcCall.run(Server.java:876)
	at org.apache.hadoop.ipc.Server$RpcCall.run(Server.java:822)
	at java.security.AccessController.doPrivileged(Native Method)
	at javax.security.auth.Subject.doAs(Subject.java:422)
	at org.apache.hadoop.security.UserGroupInformation.doAs(UserGroupInformation.java:1730)
	at org.apache.hadoop.ipc.Server$Handler.run(Server.java:2682)
2019-11-13 23:01:22,427 [IPC Server handler 13 on 42797] INFO  block.BlockManagerImpl (BlockManagerImpl.java:allocateBlock(212)) - Could not find available pipeline of type:RATIS and factor:THREE even after retrying
2019-11-13 23:01:22,427 [IPC Server handler 13 on 42797] ERROR block.BlockManagerImpl (BlockManagerImpl.java:allocateBlock(236)) - Unable to allocate a block for the size: 4194304, type: RATIS, factor: THREE
2019-11-13 23:01:22,427 [IPC Server handler 13 on 42797] WARN  block.BlockManagerImpl (BlockManagerImpl.java:allocateBlock(200)) - Pipeline creation failed for type:RATIS factor:THREE. Retrying get pipelines call once.
org.apache.hadoop.hdds.scm.pipeline.InsufficientDatanodesException: Cannot create pipeline of factor 3 using 0 nodes.
	at org.apache.hadoop.hdds.scm.pipeline.RatisPipelineProvider.create(RatisPipelineProvider.java:153)
	at org.apache.hadoop.hdds.scm.pipeline.PipelineFactory.create(PipelineFactory.java:58)
	at org.apache.hadoop.hdds.scm.pipeline.SCMPipelineManager.createPipeline(SCMPipelineManager.java:155)
	at org.apache.hadoop.hdds.scm.block.BlockManagerImpl.allocateBlock(BlockManagerImpl.java:198)
	at org.apache.hadoop.hdds.scm.server.SCMBlockProtocolServer.allocateBlock(SCMBlockProtocolServer.java:187)
	at org.apache.hadoop.hdds.scm.protocol.ScmBlockLocationProtocolServerSideTranslatorPB.allocateScmBlock(ScmBlockLocationProtocolServerSideTranslatorPB.java:159)
	at org.apache.hadoop.hdds.scm.protocol.ScmBlockLocationProtocolServerSideTranslatorPB.processMessage(ScmBlockLocationProtocolServerSideTranslatorPB.java:117)
	at org.apache.hadoop.hdds.server.OzoneProtocolMessageDispatcher.processRequest(OzoneProtocolMessageDispatcher.java:72)
	at org.apache.hadoop.hdds.scm.protocol.ScmBlockLocationProtocolServerSideTranslatorPB.send(ScmBlockLocationProtocolServerSideTranslatorPB.java:98)
	at org.apache.hadoop.hdds.protocol.proto.ScmBlockLocationProtocolProtos$ScmBlockLocationProtocolService$2.callBlockingMethod(ScmBlockLocationProtocolProtos.java:13157)
	at org.apache.hadoop.ipc.ProtobufRpcEngine$Server$ProtoBufRpcInvoker.call(ProtobufRpcEngine.java:524)
	at org.apache.hadoop.ipc.RPC$Server.call(RPC.java:1025)
	at org.apache.hadoop.ipc.Server$RpcCall.run(Server.java:876)
	at org.apache.hadoop.ipc.Server$RpcCall.run(Server.java:822)
	at java.security.AccessController.doPrivileged(Native Method)
	at javax.security.auth.Subject.doAs(Subject.java:422)
	at org.apache.hadoop.security.UserGroupInformation.doAs(UserGroupInformation.java:1730)
	at org.apache.hadoop.ipc.Server$Handler.run(Server.java:2682)
2019-11-13 23:01:22,427 [IPC Server handler 13 on 42797] INFO  block.BlockManagerImpl (BlockManagerImpl.java:allocateBlock(212)) - Could not find available pipeline of type:RATIS and factor:THREE even after retrying
2019-11-13 23:01:22,427 [IPC Server handler 13 on 42797] ERROR block.BlockManagerImpl (BlockManagerImpl.java:allocateBlock(236)) - Unable to allocate a block for the size: 4194304, type: RATIS, factor: THREE
2019-11-13 23:01:22,428 [IPC Server handler 13 on 42797] WARN  block.BlockManagerImpl (BlockManagerImpl.java:allocateBlock(200)) - Pipeline creation failed for type:RATIS factor:THREE. Retrying get pipelines call once.
org.apache.hadoop.hdds.scm.pipeline.InsufficientDatanodesException: Cannot create pipeline of factor 3 using 0 nodes.
	at org.apache.hadoop.hdds.scm.pipeline.RatisPipelineProvider.create(RatisPipelineProvider.java:153)
	at org.apache.hadoop.hdds.scm.pipeline.PipelineFactory.create(PipelineFactory.java:58)
	at org.apache.hadoop.hdds.scm.pipeline.SCMPipelineManager.createPipeline(SCMPipelineManager.java:155)
	at org.apache.hadoop.hdds.scm.block.BlockManagerImpl.allocateBlock(BlockManagerImpl.java:198)
	at org.apache.hadoop.hdds.scm.server.SCMBlockProtocolServer.allocateBlock(SCMBlockProtocolServer.java:187)
	at org.apache.hadoop.hdds.scm.protocol.ScmBlockLocationProtocolServerSideTranslatorPB.allocateScmBlock(ScmBlockLocationProtocolServerSideTranslatorPB.java:159)
	at org.apache.hadoop.hdds.scm.protocol.ScmBlockLocationProtocolServerSideTranslatorPB.processMessage(ScmBlockLocationProtocolServerSideTranslatorPB.java:117)
	at org.apache.hadoop.hdds.server.OzoneProtocolMessageDispatcher.processRequest(OzoneProtocolMessageDispatcher.java:72)
	at org.apache.hadoop.hdds.scm.protocol.ScmBlockLocationProtocolServerSideTranslatorPB.send(ScmBlockLocationProtocolServerSideTranslatorPB.java:98)
	at org.apache.hadoop.hdds.protocol.proto.ScmBlockLocationProtocolProtos$ScmBlockLocationProtocolService$2.callBlockingMethod(ScmBlockLocationProtocolProtos.java:13157)
	at org.apache.hadoop.ipc.ProtobufRpcEngine$Server$ProtoBufRpcInvoker.call(ProtobufRpcEngine.java:524)
	at org.apache.hadoop.ipc.RPC$Server.call(RPC.java:1025)
	at org.apache.hadoop.ipc.Server$RpcCall.run(Server.java:876)
	at org.apache.hadoop.ipc.Server$RpcCall.run(Server.java:822)
	at java.security.AccessController.doPrivileged(Native Method)
	at javax.security.auth.Subject.doAs(Subject.java:422)
	at org.apache.hadoop.security.UserGroupInformation.doAs(UserGroupInformation.java:1730)
	at org.apache.hadoop.ipc.Server$Handler.run(Server.java:2682)
2019-11-13 23:01:22,428 [IPC Server handler 13 on 42797] INFO  block.BlockManagerImpl (BlockManagerImpl.java:allocateBlock(212)) - Could not find available pipeline of type:RATIS and factor:THREE even after retrying
2019-11-13 23:01:22,428 [IPC Server handler 13 on 42797] ERROR block.BlockManagerImpl (BlockManagerImpl.java:allocateBlock(236)) - Unable to allocate a block for the size: 4194304, type: RATIS, factor: THREE
2019-11-13 23:01:22,432 [pool-59-thread-4] ERROR freon.RandomKeyGenerator (RandomKeyGenerator.java:createKey(735)) - Exception while adding key: key-0-27737 in bucket: bucket-0-45947 of volume: vol-0-79957.
INTERNAL_ERROR org.apache.hadoop.ozone.om.exceptions.OMException: Allocated 0 blocks. Requested 5 blocks
	at org.apache.hadoop.ozone.om.protocolPB.OzoneManagerProtocolClientSideTranslatorPB.handleError(OzoneManagerProtocolClientSideTranslatorPB.java:761)
	at org.apache.hadoop.ozone.om.protocolPB.OzoneManagerProtocolClientSideTranslatorPB.openKey(OzoneManagerProtocolClientSideTranslatorPB.java:752)
	at sun.reflect.NativeMethodAccessorImpl.invoke0(Native Method)
	at sun.reflect.NativeMethodAccessorImpl.invoke(NativeMethodAccessorImpl.java:62)
	at sun.reflect.DelegatingMethodAccessorImpl.invoke(DelegatingMethodAccessorImpl.java:43)
	at java.lang.reflect.Method.invoke(Method.java:498)
	at org.apache.hadoop.hdds.tracing.TraceAllMethod.invoke(TraceAllMethod.java:66)
	at com.sun.proxy.$Proxy37.openKey(Unknown Source)
	at org.apache.hadoop.ozone.client.rpc.RpcClient.createKey(RpcClient.java:634)
	at org.apache.hadoop.ozone.client.OzoneBucket.createKey(OzoneBucket.java:325)
	at org.apache.hadoop.ozone.freon.RandomKeyGenerator.createKey(RandomKeyGenerator.java:697)
	at org.apache.hadoop.ozone.freon.RandomKeyGenerator.access$1100(RandomKeyGenerator.java:88)
	at org.apache.hadoop.ozone.freon.RandomKeyGenerator$ObjectCreator.run(RandomKeyGenerator.java:615)
	at java.util.concurrent.Executors$RunnableAdapter.call(Executors.java:511)
	at java.util.concurrent.FutureTask.run(FutureTask.java:266)
	at java.util.concurrent.ThreadPoolExecutor.runWorker(ThreadPoolExecutor.java:1149)
	at java.util.concurrent.ThreadPoolExecutor$Worker.run(ThreadPoolExecutor.java:624)
	at java.lang.Thread.run(Thread.java:748)
 0.00% |?                                                                                                    |  0/1 Time: 0:00:01 0.00% |?                                                                                                    |  0/1 Time: 0:00:02 0.00% |?                                                                                                    |  0/1 Time: 0:00:03 0.00% |?                                                                                                    |  0/1 Time: 0:00:04 100.00% |?????????????????????????????????????????????????????????????????????????????????????????????????????|  1/1 Time: 0:00:05
2019-11-13 23:01:27,473 [Thread-492] INFO  impl.FollowerState (FollowerState.java:run(111)) - f3f8a366-04a8-447c-8c9c-11275a3e7960@group-C43D9344C852-FollowerState: change to CANDIDATE, lastRpcTime:5174ms, electionTimeout:5173ms
2019-11-13 23:01:27,474 [Thread-492] INFO  impl.RoleInfo (RoleInfo.java:shutdownFollowerState(121)) - f3f8a366-04a8-447c-8c9c-11275a3e7960: shutdown FollowerState
2019-11-13 23:01:27,474 [Thread-492] INFO  impl.RaftServerImpl (RaftServerImpl.java:setRole(173)) - f3f8a366-04a8-447c-8c9c-11275a3e7960@group-C43D9344C852: changes role from  FOLLOWER to CANDIDATE at term 0 for changeToCandidate
2019-11-13 23:01:27,475 [Thread-492] INFO  impl.RoleInfo (RoleInfo.java:updateAndGet(143)) - f3f8a366-04a8-447c-8c9c-11275a3e7960: start LeaderElection
2019-11-13 23:01:27,488 [Thread-487] INFO  impl.FollowerState (FollowerState.java:run(111)) - 2b518b36-d90d-4564-a57b-9224905a4de1@group-C43D9344C852-FollowerState: change to CANDIDATE, lastRpcTime:5191ms, electionTimeout:5191ms
2019-11-13 23:01:27,488 [Thread-487] INFO  impl.RoleInfo (RoleInfo.java:shutdownFollowerState(121)) - 2b518b36-d90d-4564-a57b-9224905a4de1: shutdown FollowerState
2019-11-13 23:01:27,488 [Thread-487] INFO  impl.RaftServerImpl (RaftServerImpl.java:setRole(173)) - 2b518b36-d90d-4564-a57b-9224905a4de1@group-C43D9344C852: changes role from  FOLLOWER to CANDIDATE at term 0 for changeToCandidate
2019-11-13 23:01:27,488 [Thread-487] INFO  impl.RoleInfo (RoleInfo.java:updateAndGet(143)) - 2b518b36-d90d-4564-a57b-9224905a4de1: start LeaderElection
2019-11-13 23:01:27,492 [Thread-488] INFO  impl.FollowerState (FollowerState.java:run(111)) - a27d5411-7ba0-4758-adf2-2b792b77b144@group-C43D9344C852-FollowerState: change to CANDIDATE, lastRpcTime:5194ms, electionTimeout:5194ms
2019-11-13 23:01:27,492 [Thread-488] INFO  impl.RoleInfo (RoleInfo.java:shutdownFollowerState(121)) - a27d5411-7ba0-4758-adf2-2b792b77b144: shutdown FollowerState
2019-11-13 23:01:27,492 [Thread-488] INFO  impl.RaftServerImpl (RaftServerImpl.java:setRole(173)) - a27d5411-7ba0-4758-adf2-2b792b77b144@group-C43D9344C852: changes role from  FOLLOWER to CANDIDATE at term 0 for changeToCandidate
2019-11-13 23:01:27,493 [Thread-488] INFO  impl.RoleInfo (RoleInfo.java:updateAndGet(143)) - a27d5411-7ba0-4758-adf2-2b792b77b144: start LeaderElection
2019-11-13 23:01:27,506 [f3f8a366-04a8-447c-8c9c-11275a3e7960@group-C43D9344C852-LeaderElection6] INFO  impl.LeaderElection (LeaderElection.java:askForVotes(178)) - f3f8a366-04a8-447c-8c9c-11275a3e7960@group-C43D9344C852-LeaderElection6: begin an election at term 1 for -1: [a27d5411-7ba0-4758-adf2-2b792b77b144:192.168.164.237:38909, f3f8a366-04a8-447c-8c9c-11275a3e7960:192.168.164.237:39690, 2b518b36-d90d-4564-a57b-9224905a4de1:192.168.164.237:38090], old=null
2019-11-13 23:01:27,506 [2b518b36-d90d-4564-a57b-9224905a4de1@group-C43D9344C852-LeaderElection7] INFO  impl.LeaderElection (LeaderElection.java:askForVotes(178)) - 2b518b36-d90d-4564-a57b-9224905a4de1@group-C43D9344C852-LeaderElection7: begin an election at term 1 for -1: [a27d5411-7ba0-4758-adf2-2b792b77b144:192.168.164.237:38909, f3f8a366-04a8-447c-8c9c-11275a3e7960:192.168.164.237:39690, 2b518b36-d90d-4564-a57b-9224905a4de1:192.168.164.237:38090], old=null
2019-11-13 23:01:27,510 [a27d5411-7ba0-4758-adf2-2b792b77b144@group-C43D9344C852-LeaderElection8] INFO  impl.LeaderElection (LeaderElection.java:askForVotes(178)) - a27d5411-7ba0-4758-adf2-2b792b77b144@group-C43D9344C852-LeaderElection8: begin an election at term 1 for -1: [a27d5411-7ba0-4758-adf2-2b792b77b144:192.168.164.237:38909, f3f8a366-04a8-447c-8c9c-11275a3e7960:192.168.164.237:39690, 2b518b36-d90d-4564-a57b-9224905a4de1:192.168.164.237:38090], old=null
2019-11-13 23:01:27,524 [f3f8a366-04a8-447c-8c9c-11275a3e7960@group-C43D9344C852-LeaderElection6] INFO  impl.LeaderElection (LeaderElection.java:logAndReturn(56)) - f3f8a366-04a8-447c-8c9c-11275a3e7960@group-C43D9344C852-LeaderElection6: Election REJECTED; received 2 response(s) [f3f8a366-04a8-447c-8c9c-11275a3e7960<-a27d5411-7ba0-4758-adf2-2b792b77b144#0:FAIL-t1, f3f8a366-04a8-447c-8c9c-11275a3e7960<-2b518b36-d90d-4564-a57b-9224905a4de1#0:FAIL-t1] and 0 exception(s); f3f8a366-04a8-447c-8c9c-11275a3e7960@group-C43D9344C852:t1, leader=null, voted=f3f8a366-04a8-447c-8c9c-11275a3e7960, raftlog=f3f8a366-04a8-447c-8c9c-11275a3e7960@group-C43D9344C852-SegmentedRaftLog:OPENED:c-1,f-1,i0, conf=-1: [a27d5411-7ba0-4758-adf2-2b792b77b144:192.168.164.237:38909, f3f8a366-04a8-447c-8c9c-11275a3e7960:192.168.164.237:39690, 2b518b36-d90d-4564-a57b-9224905a4de1:192.168.164.237:38090], old=null
2019-11-13 23:01:27,527 [f3f8a366-04a8-447c-8c9c-11275a3e7960@group-C43D9344C852-LeaderElection6] INFO  impl.RaftServerImpl (RaftServerImpl.java:setRole(173)) - f3f8a366-04a8-447c-8c9c-11275a3e7960@group-C43D9344C852: changes role from CANDIDATE to FOLLOWER at term 1 for DISCOVERED_A_NEW_TERM
2019-11-13 23:01:27,527 [f3f8a366-04a8-447c-8c9c-11275a3e7960@group-C43D9344C852-LeaderElection6] INFO  impl.RoleInfo (RoleInfo.java:shutdownLeaderElection(134)) - f3f8a366-04a8-447c-8c9c-11275a3e7960: shutdown LeaderElection
2019-11-13 23:01:27,527 [2b518b36-d90d-4564-a57b-9224905a4de1@group-C43D9344C852-LeaderElection7] INFO  impl.LeaderElection (LeaderElection.java:logAndReturn(56)) - 2b518b36-d90d-4564-a57b-9224905a4de1@group-C43D9344C852-LeaderElection7: Election REJECTED; received 2 response(s) [2b518b36-d90d-4564-a57b-9224905a4de1<-a27d5411-7ba0-4758-adf2-2b792b77b144#0:FAIL-t1, 2b518b36-d90d-4564-a57b-9224905a4de1<-f3f8a366-04a8-447c-8c9c-11275a3e7960#0:FAIL-t1] and 0 exception(s); 2b518b36-d90d-4564-a57b-9224905a4de1@group-C43D9344C852:t1, leader=null, voted=2b518b36-d90d-4564-a57b-9224905a4de1, raftlog=2b518b36-d90d-4564-a57b-9224905a4de1@group-C43D9344C852-SegmentedRaftLog:OPENED:c-1,f-1,i0, conf=-1: [a27d5411-7ba0-4758-adf2-2b792b77b144:192.168.164.237:38909, f3f8a366-04a8-447c-8c9c-11275a3e7960:192.168.164.237:39690, 2b518b36-d90d-4564-a57b-9224905a4de1:192.168.164.237:38090], old=null
2019-11-13 23:01:27,528 [f3f8a366-04a8-447c-8c9c-11275a3e7960@group-C43D9344C852-LeaderElection6] INFO  impl.RoleInfo (RoleInfo.java:updateAndGet(143)) - f3f8a366-04a8-447c-8c9c-11275a3e7960: start FollowerState
2019-11-13 23:01:27,530 [2b518b36-d90d-4564-a57b-9224905a4de1@group-C43D9344C852-LeaderElection7] INFO  impl.RaftServerImpl (RaftServerImpl.java:setRole(173)) - 2b518b36-d90d-4564-a57b-9224905a4de1@group-C43D9344C852: changes role from CANDIDATE to FOLLOWER at term 1 for DISCOVERED_A_NEW_TERM
2019-11-13 23:01:27,532 [2b518b36-d90d-4564-a57b-9224905a4de1@group-C43D9344C852-LeaderElection7] INFO  impl.RoleInfo (RoleInfo.java:shutdownLeaderElection(134)) - 2b518b36-d90d-4564-a57b-9224905a4de1: shutdown LeaderElection
2019-11-13 23:01:27,533 [2b518b36-d90d-4564-a57b-9224905a4de1@group-C43D9344C852-LeaderElection7] INFO  impl.RoleInfo (RoleInfo.java:updateAndGet(143)) - 2b518b36-d90d-4564-a57b-9224905a4de1: start FollowerState
2019-11-13 23:01:27,537 [a27d5411-7ba0-4758-adf2-2b792b77b144@group-C43D9344C852-LeaderElection8] INFO  impl.LeaderElection (LeaderElection.java:logAndReturn(56)) - a27d5411-7ba0-4758-adf2-2b792b77b144@group-C43D9344C852-LeaderElection8: Election REJECTED; received 2 response(s) [a27d5411-7ba0-4758-adf2-2b792b77b144<-f3f8a366-04a8-447c-8c9c-11275a3e7960#0:FAIL-t1, a27d5411-7ba0-4758-adf2-2b792b77b144<-2b518b36-d90d-4564-a57b-9224905a4de1#0:FAIL-t1] and 0 exception(s); a27d5411-7ba0-4758-adf2-2b792b77b144@group-C43D9344C852:t1, leader=null, voted=a27d5411-7ba0-4758-adf2-2b792b77b144, raftlog=a27d5411-7ba0-4758-adf2-2b792b77b144@group-C43D9344C852-SegmentedRaftLog:OPENED:c-1,f-1,i0, conf=-1: [a27d5411-7ba0-4758-adf2-2b792b77b144:192.168.164.237:38909, f3f8a366-04a8-447c-8c9c-11275a3e7960:192.168.164.237:39690, 2b518b36-d90d-4564-a57b-9224905a4de1:192.168.164.237:38090], old=null
2019-11-13 23:01:27,537 [a27d5411-7ba0-4758-adf2-2b792b77b144@group-C43D9344C852-LeaderElection8] INFO  impl.RaftServerImpl (RaftServerImpl.java:setRole(173)) - a27d5411-7ba0-4758-adf2-2b792b77b144@group-C43D9344C852: changes role from CANDIDATE to FOLLOWER at term 1 for DISCOVERED_A_NEW_TERM
2019-11-13 23:01:27,538 [a27d5411-7ba0-4758-adf2-2b792b77b144@group-C43D9344C852-LeaderElection8] INFO  impl.RoleInfo (RoleInfo.java:shutdownLeaderElection(134)) - a27d5411-7ba0-4758-adf2-2b792b77b144: shutdown LeaderElection
2019-11-13 23:01:27,538 [a27d5411-7ba0-4758-adf2-2b792b77b144@group-C43D9344C852-LeaderElection8] INFO  impl.RoleInfo (RoleInfo.java:updateAndGet(143)) - a27d5411-7ba0-4758-adf2-2b792b77b144: start FollowerState
]]></system-out>
    <system-err><![CDATA[ERROR StatusLogger No Log4j 2 configuration file found. Using default configuration (logging only errors to the console), or user programmatically provided configurations. Set system property 'log4j2.debug' to show Log4j 2 internal initialization logging. See https://logging.apache.org/log4j/2.x/manual/configuration.html for instructions on how to configure Log4j 2
]]></system-err>
  </testcase>
</testsuite>