<?xml version="1.0" encoding="UTF-8"?>
<testsuite xmlns:xsi="http://www.w3.org/2001/XMLSchema-instance" xsi:noNamespaceSchemaLocation="https://maven.apache.org/surefire/maven-surefire-plugin/xsd/surefire-test-report.xsd" name="org.apache.hadoop.ozone.client.rpc.TestFailureHandlingByClient" time="418.516" tests="5" errors="0" skipped="0" failures="1">
  <properties>
    <property name="awt.toolkit" value="sun.awt.X11.XToolkit"/>
    <property name="file.encoding.pkg" value="sun.io"/>
    <property name="java.specification.version" value="1.8"/>
    <property name="sun.cpu.isalist" value=""/>
    <property name="sun.jnu.encoding" value="ANSI_X3.4-1968"/>
    <property name="java.class.path" value="/workdir/hadoop-ozone/integration-test/target/test-classes:/workdir/hadoop-ozone/integration-test/target/classes:/home/user/.m2/repository/org/apache/hadoop/hadoop-ozone-common/0.5.0-SNAPSHOT/hadoop-ozone-common-0.5.0-SNAPSHOT.jar:/home/user/.m2/repository/org/apache/commons/commons-compress/1.4.1/commons-compress-1.4.1.jar:/home/user/.m2/repository/org/tukaani/xz/1.0/xz-1.0.jar:/home/user/.m2/repository/org/apache/hadoop/hadoop-common/3.2.0/hadoop-common-3.2.0.jar:/home/user/.m2/repository/org/apache/hadoop/hadoop-hdfs/3.2.0/hadoop-hdfs-3.2.0.jar:/home/user/.m2/repository/org/apache/hadoop/hadoop-hdfs-client/3.2.0/hadoop-hdfs-client-3.2.0.jar:/home/user/.m2/repository/com/fasterxml/jackson/core/jackson-annotations/2.9.9/jackson-annotations-2.9.9.jar:/home/user/.m2/repository/org/apache/hadoop/hadoop-hdds-common/0.5.0-SNAPSHOT/hadoop-hdds-common-0.5.0-SNAPSHOT.jar:/home/user/.m2/repository/javax/annotation/javax.annotation-api/1.2/javax.annotation-api-1.2.jar:/home/user/.m2/repository/org/apache/ratis/ratis-server/0.5.0-d6d58d0-SNAPSHOT/ratis-server-0.5.0-d6d58d0-SNAPSHOT.jar:/home/user/.m2/repository/org/apache/ratis/ratis-thirdparty-misc/0.2.0/ratis-thirdparty-misc-0.2.0.jar:/home/user/.m2/repository/org/apache/ratis/ratis-proto/0.5.0-d6d58d0-SNAPSHOT/ratis-proto-0.5.0-d6d58d0-SNAPSHOT.jar:/home/user/.m2/repository/org/apache/ratis/ratis-common/0.5.0-d6d58d0-SNAPSHOT/ratis-common-0.5.0-d6d58d0-SNAPSHOT.jar:/home/user/.m2/repository/org/apache/ratis/ratis-client/0.5.0-d6d58d0-SNAPSHOT/ratis-client-0.5.0-d6d58d0-SNAPSHOT.jar:/home/user/.m2/repository/org/apache/ratis/ratis-metrics/0.5.0-d6d58d0-SNAPSHOT/ratis-metrics-0.5.0-d6d58d0-SNAPSHOT.jar:/home/user/.m2/repository/org/apache/ratis/ratis-netty/0.5.0-d6d58d0-SNAPSHOT/ratis-netty-0.5.0-d6d58d0-SNAPSHOT.jar:/home/user/.m2/repository/org/apache/ratis/ratis-grpc/0.5.0-d6d58d0-SNAPSHOT/ratis-grpc-0.5.0-d6d58d0-SNAPSHOT.jar:/home/user/.m2/repository/org/rocksdb/rocksdbjni/6.0.1/rocksdbjni-6.0.1.jar:/home/user/.m2/repository/org/apache/logging/log4j/log4j-api/2.11.0/log4j-api-2.11.0.jar:/home/user/.m2/repository/org/apache/logging/log4j/log4j-core/2.11.0/log4j-core-2.11.0.jar:/home/user/.m2/repository/com/lmax/disruptor/3.4.2/disruptor-3.4.2.jar:/home/user/.m2/repository/org/apache/commons/commons-pool2/2.6.0/commons-pool2-2.6.0.jar:/home/user/.m2/repository/org/bouncycastle/bcpkix-jdk15on/1.60/bcpkix-jdk15on-1.60.jar:/home/user/.m2/repository/commons-validator/commons-validator/1.6/commons-validator-1.6.jar:/home/user/.m2/repository/commons-digester/commons-digester/1.8.1/commons-digester-1.8.1.jar:/home/user/.m2/repository/io/jaegertracing/jaeger-client/0.34.0/jaeger-client-0.34.0.jar:/home/user/.m2/repository/io/jaegertracing/jaeger-thrift/0.34.0/jaeger-thrift-0.34.0.jar:/home/user/.m2/repository/org/apache/thrift/libthrift/0.12.0/libthrift-0.12.0.jar:/home/user/.m2/repository/com/squareup/okhttp3/okhttp/3.9.0/okhttp-3.9.0.jar:/home/user/.m2/repository/com/squareup/okio/okio/1.13.0/okio-1.13.0.jar:/home/user/.m2/repository/io/jaegertracing/jaeger-core/0.34.0/jaeger-core-0.34.0.jar:/home/user/.m2/repository/io/jaegertracing/jaeger-tracerresolver/0.34.0/jaeger-tracerresolver-0.34.0.jar:/home/user/.m2/repository/io/opentracing/contrib/opentracing-tracerresolver/0.1.5/opentracing-tracerresolver-0.1.5.jar:/home/user/.m2/repository/io/opentracing/opentracing-util/0.31.0/opentracing-util-0.31.0.jar:/home/user/.m2/repository/io/opentracing/opentracing-api/0.31.0/opentracing-api-0.31.0.jar:/home/user/.m2/repository/io/opentracing/opentracing-noop/0.31.0/opentracing-noop-0.31.0.jar:/home/user/.m2/repository/org/apache/hadoop/hadoop-hdds-server-framework/0.5.0-SNAPSHOT/hadoop-hdds-server-framework-0.5.0-SNAPSHOT.jar:/home/user/.m2/repository/org/apache/hadoop/hadoop-hdds-container-service/0.5.0-SNAPSHOT/hadoop-hdds-container-service-0.5.0-SNAPSHOT.jar:/home/user/.m2/repository/org/apache/hadoop/hadoop-hdds-client/0.5.0-SNAPSHOT/hadoop-hdds-client-0.5.0-SNAPSHOT.jar:/home/user/.m2/repository/org/apache/hadoop/hadoop-hdds-tools/0.5.0-SNAPSHOT/hadoop-hdds-tools-0.5.0-SNAPSHOT.jar:/home/user/.m2/repository/org/apache/hadoop/hadoop-hdds-server-scm/0.5.0-SNAPSHOT/hadoop-hdds-server-scm-0.5.0-SNAPSHOT.jar:/home/user/.m2/repository/org/apache/hadoop/hadoop-hdds-docs/0.5.0-SNAPSHOT/hadoop-hdds-docs-0.5.0-SNAPSHOT.jar:/home/user/.m2/repository/io/dropwizard/metrics/metrics-core/3.2.4/metrics-core-3.2.4.jar:/home/user/.m2/repository/org/hamcrest/hamcrest-all/1.3/hamcrest-all-1.3.jar:/home/user/.m2/repository/org/bouncycastle/bcprov-jdk15on/1.60/bcprov-jdk15on-1.60.jar:/home/user/.m2/repository/info/picocli/picocli/3.9.6/picocli-3.9.6.jar:/home/user/.m2/repository/com/google/protobuf/protobuf-java/2.5.0/protobuf-java-2.5.0.jar:/home/user/.m2/repository/com/google/guava/guava/11.0.2/guava-11.0.2.jar:/home/user/.m2/repository/org/apache/hadoop/hadoop-ozone-ozone-manager/0.5.0-SNAPSHOT/hadoop-ozone-ozone-manager-0.5.0-SNAPSHOT.jar:/home/user/.m2/repository/org/apache/hadoop/hadoop-minikdc/3.2.0/hadoop-minikdc-3.2.0.jar:/home/user/.m2/repository/commons-io/commons-io/2.5/commons-io-2.5.jar:/home/user/.m2/repository/org/apache/kerby/kerb-simplekdc/1.0.1/kerb-simplekdc-1.0.1.jar:/home/user/.m2/repository/org/apache/kerby/kerb-client/1.0.1/kerb-client-1.0.1.jar:/home/user/.m2/repository/org/apache/kerby/kerby-config/1.0.1/kerby-config-1.0.1.jar:/home/user/.m2/repository/org/apache/kerby/kerb-core/1.0.1/kerb-core-1.0.1.jar:/home/user/.m2/repository/org/apache/kerby/kerby-pkix/1.0.1/kerby-pkix-1.0.1.jar:/home/user/.m2/repository/org/apache/kerby/kerby-asn1/1.0.1/kerby-asn1-1.0.1.jar:/home/user/.m2/repository/org/apache/kerby/kerby-util/1.0.1/kerby-util-1.0.1.jar:/home/user/.m2/repository/org/apache/kerby/kerb-common/1.0.1/kerb-common-1.0.1.jar:/home/user/.m2/repository/org/apache/kerby/kerb-crypto/1.0.1/kerb-crypto-1.0.1.jar:/home/user/.m2/repository/org/apache/kerby/kerb-util/1.0.1/kerb-util-1.0.1.jar:/home/user/.m2/repository/org/apache/kerby/token-provider/1.0.1/token-provider-1.0.1.jar:/home/user/.m2/repository/org/apache/kerby/kerb-admin/1.0.1/kerb-admin-1.0.1.jar:/home/user/.m2/repository/org/apache/kerby/kerb-server/1.0.1/kerb-server-1.0.1.jar:/home/user/.m2/repository/org/apache/kerby/kerb-identity/1.0.1/kerb-identity-1.0.1.jar:/home/user/.m2/repository/org/apache/kerby/kerby-xdr/1.0.1/kerby-xdr-1.0.1.jar:/home/user/.m2/repository/org/slf4j/slf4j-log4j12/1.7.25/slf4j-log4j12-1.7.25.jar:/home/user/.m2/repository/org/apache/hadoop/hadoop-ozone-s3gateway/0.5.0-SNAPSHOT/hadoop-ozone-s3gateway-0.5.0-SNAPSHOT.jar:/home/user/.m2/repository/org/jboss/weld/servlet/weld-servlet/2.4.7.Final/weld-servlet-2.4.7.Final.jar:/home/user/.m2/repository/org/glassfish/jersey/containers/jersey-container-servlet-core/2.27/jersey-container-servlet-core-2.27.jar:/home/user/.m2/repository/org/glassfish/hk2/external/javax.inject/2.5.0-b42/javax.inject-2.5.0-b42.jar:/home/user/.m2/repository/org/glassfish/jersey/core/jersey-common/2.27/jersey-common-2.27.jar:/home/user/.m2/repository/org/glassfish/hk2/osgi-resource-locator/1.0.1/osgi-resource-locator-1.0.1.jar:/home/user/.m2/repository/javax/ws/rs/javax.ws.rs-api/2.1/javax.ws.rs-api-2.1.jar:/home/user/.m2/repository/org/glassfish/jersey/ext/cdi/jersey-cdi1x/2.27/jersey-cdi1x-2.27.jar:/home/user/.m2/repository/org/glassfish/jersey/inject/jersey-hk2/2.27/jersey-hk2-2.27.jar:/home/user/.m2/repository/org/glassfish/hk2/hk2-locator/2.5.0-b42/hk2-locator-2.5.0-b42.jar:/home/user/.m2/repository/org/javassist/javassist/3.22.0-CR2/javassist-3.22.0-CR2.jar:/home/user/.m2/repository/org/glassfish/hk2/hk2-api/2.5.0/hk2-api-2.5.0.jar:/home/user/.m2/repository/org/glassfish/hk2/external/jakarta.inject/2.5.0/jakarta.inject-2.5.0.jar:/home/user/.m2/repository/org/glassfish/hk2/hk2-utils/2.5.0/hk2-utils-2.5.0.jar:/home/user/.m2/repository/jakarta/annotation/jakarta.annotation-api/1.3.4/jakarta.annotation-api-1.3.4.jar:/home/user/.m2/repository/org/glassfish/hk2/external/aopalliance-repackaged/2.5.0/aopalliance-repackaged-2.5.0.jar:/home/user/.m2/repository/com/fasterxml/jackson/dataformat/jackson-dataformat-xml/2.9.0/jackson-dataformat-xml-2.9.0.jar:/home/user/.m2/repository/com/fasterxml/jackson/core/jackson-core/2.9.9/jackson-core-2.9.9.jar:/home/user/.m2/repository/com/fasterxml/jackson/module/jackson-module-jaxb-annotations/2.9.9/jackson-module-jaxb-annotations-2.9.9.jar:/home/user/.m2/repository/javax/enterprise/cdi-api/1.2/cdi-api-1.2.jar:/home/user/.m2/repository/javax/el/javax.el-api/3.0.0/javax.el-api-3.0.0.jar:/home/user/.m2/repository/javax/interceptor/javax.interceptor-api/1.2/javax.interceptor-api-1.2.jar:/home/user/.m2/repository/javax/inject/javax.inject/1/javax.inject-1.jar:/home/user/.m2/repository/com/sun/xml/bind/jaxb-impl/2.3.0.1/jaxb-impl-2.3.0.1.jar:/home/user/.m2/repository/com/sun/xml/bind/jaxb-core/2.3.0.1/jaxb-core-2.3.0.1.jar:/home/user/.m2/repository/javax/xml/bind/jaxb-api/2.3.0/jaxb-api-2.3.0.jar:/home/user/.m2/repository/javax/activation/activation/1.1.1/activation-1.1.1.jar:/home/user/.m2/repository/org/apache/hadoop/hadoop-ozone-csi/0.5.0-SNAPSHOT/hadoop-ozone-csi-0.5.0-SNAPSHOT.jar:/home/user/.m2/repository/com/google/protobuf/protobuf-java-util/3.5.1/protobuf-java-util-3.5.1.jar:/home/user/.m2/repository/org/apache/hadoop/hadoop-hdds-config/0.5.0-SNAPSHOT/hadoop-hdds-config-0.5.0-SNAPSHOT.jar:/home/user/.m2/repository/io/grpc/grpc-netty/1.17.1/grpc-netty-1.17.1.jar:/home/user/.m2/repository/io/grpc/grpc-core/1.17.1/grpc-core-1.17.1.jar:/home/user/.m2/repository/io/grpc/grpc-context/1.17.1/grpc-context-1.17.1.jar:/home/user/.m2/repository/com/google/errorprone/error_prone_annotations/2.2.0/error_prone_annotations-2.2.0.jar:/home/user/.m2/repository/org/codehaus/mojo/animal-sniffer-annotations/1.17/animal-sniffer-annotations-1.17.jar:/home/user/.m2/repository/io/opencensus/opencensus-api/0.17.0/opencensus-api-0.17.0.jar:/home/user/.m2/repository/io/opencensus/opencensus-contrib-grpc-metrics/0.17.0/opencensus-contrib-grpc-metrics-0.17.0.jar:/home/user/.m2/repository/io/netty/netty-codec-http2/4.1.30.Final/netty-codec-http2-4.1.30.Final.jar:/home/user/.m2/repository/io/netty/netty-codec-http/4.1.30.Final/netty-codec-http-4.1.30.Final.jar:/home/user/.m2/repository/io/netty/netty-codec/4.1.30.Final/netty-codec-4.1.30.Final.jar:/home/user/.m2/repository/io/netty/netty-handler/4.1.30.Final/netty-handler-4.1.30.Final.jar:/home/user/.m2/repository/io/netty/netty-handler-proxy/4.1.30.Final/netty-handler-proxy-4.1.30.Final.jar:/home/user/.m2/repository/io/netty/netty-codec-socks/4.1.30.Final/netty-codec-socks-4.1.30.Final.jar:/home/user/.m2/repository/io/netty/netty-transport-native-epoll/4.1.30.Final/netty-transport-native-epoll-4.1.30.Final.jar:/home/user/.m2/repository/io/netty/netty-common/4.1.30.Final/netty-common-4.1.30.Final.jar:/home/user/.m2/repository/io/netty/netty-buffer/4.1.30.Final/netty-buffer-4.1.30.Final.jar:/home/user/.m2/repository/io/netty/netty-transport/4.1.30.Final/netty-transport-4.1.30.Final.jar:/home/user/.m2/repository/io/netty/netty-resolver/4.1.30.Final/netty-resolver-4.1.30.Final.jar:/home/user/.m2/repository/io/netty/netty-transport-native-unix-common/4.1.30.Final/netty-transport-native-unix-common-4.1.30.Final.jar:/home/user/.m2/repository/io/grpc/grpc-protobuf/1.17.1/grpc-protobuf-1.17.1.jar:/home/user/.m2/repository/com/google/api/grpc/proto-google-common-protos/1.0.0/proto-google-common-protos-1.0.0.jar:/home/user/.m2/repository/io/grpc/grpc-protobuf-lite/1.17.1/grpc-protobuf-lite-1.17.1.jar:/home/user/.m2/repository/io/grpc/grpc-stub/1.17.1/grpc-stub-1.17.1.jar:/home/user/.m2/repository/org/apache/hadoop/hadoop-ozone-recon/0.5.0-SNAPSHOT/hadoop-ozone-recon-0.5.0-SNAPSHOT.jar:/home/user/.m2/repository/org/apache/hadoop/hadoop-ozone-reconcodegen/0.5.0-SNAPSHOT/hadoop-ozone-reconcodegen-0.5.0-SNAPSHOT.jar:/home/user/.m2/repository/com/google/inject/extensions/guice-multibindings/4.0/guice-multibindings-4.0.jar:/home/user/.m2/repository/com/google/inject/guice/4.0/guice-4.0.jar:/home/user/.m2/repository/aopalliance/aopalliance/1.0/aopalliance-1.0.jar:/home/user/.m2/repository/com/google/inject/extensions/guice-servlet/4.0/guice-servlet-4.0.jar:/home/user/.m2/repository/org/glassfish/jersey/containers/jersey-container-servlet/2.27/jersey-container-servlet-2.27.jar:/home/user/.m2/repository/org/glassfish/hk2/guice-bridge/2.5.0/guice-bridge-2.5.0.jar:/home/user/.m2/repository/org/glassfish/jersey/core/jersey-server/2.27/jersey-server-2.27.jar:/home/user/.m2/repository/org/glassfish/jersey/core/jersey-client/2.27/jersey-client-2.27.jar:/home/user/.m2/repository/org/glassfish/jersey/media/jersey-media-jaxb/2.27/jersey-media-jaxb-2.27.jar:/home/user/.m2/repository/javax/validation/validation-api/1.1.0.Final/validation-api-1.1.0.Final.jar:/home/user/.m2/repository/org/glassfish/jersey/media/jersey-media-json-jackson/2.27/jersey-media-json-jackson-2.27.jar:/home/user/.m2/repository/org/glassfish/jersey/ext/jersey-entity-filtering/2.27/jersey-entity-filtering-2.27.jar:/home/user/.m2/repository/com/google/inject/extensions/guice-assistedinject/4.0/guice-assistedinject-4.0.jar:/home/user/.m2/repository/org/jooq/jooq/3.11.10/jooq-3.11.10.jar:/home/user/.m2/repository/org/jooq/jooq-meta/3.11.10/jooq-meta-3.11.10.jar:/home/user/.m2/repository/org/jooq/jooq-codegen/3.11.10/jooq-codegen-3.11.10.jar:/home/user/.m2/repository/com/jolbox/bonecp/0.8.0.RELEASE/bonecp-0.8.0.RELEASE.jar:/home/user/.m2/repository/org/xerial/sqlite-jdbc/3.25.2/sqlite-jdbc-3.25.2.jar:/home/user/.m2/repository/org/springframework/spring-jdbc/5.1.3.RELEASE/spring-jdbc-5.1.3.RELEASE.jar:/home/user/.m2/repository/org/springframework/spring-beans/5.1.3.RELEASE/spring-beans-5.1.3.RELEASE.jar:/home/user/.m2/repository/org/springframework/spring-core/5.1.3.RELEASE/spring-core-5.1.3.RELEASE.jar:/home/user/.m2/repository/org/springframework/spring-jcl/5.1.3.RELEASE/spring-jcl-5.1.3.RELEASE.jar:/home/user/.m2/repository/org/springframework/spring-tx/5.1.3.RELEASE/spring-tx-5.1.3.RELEASE.jar:/home/user/.m2/repository/org/apache/hadoop/hadoop-ozone-client/0.5.0-SNAPSHOT/hadoop-ozone-client-0.5.0-SNAPSHOT.jar:/home/user/.m2/repository/commons-lang/commons-lang/2.6/commons-lang-2.6.jar:/home/user/.m2/repository/org/apache/hadoop/hadoop-ozone-ozone-manager/0.5.0-SNAPSHOT/hadoop-ozone-ozone-manager-0.5.0-SNAPSHOT-tests.jar:/home/user/.m2/repository/junit/junit/4.11/junit-4.11.jar:/home/user/.m2/repository/org/hamcrest/hamcrest-core/1.3/hamcrest-core-1.3.jar:/home/user/.m2/repository/org/openjdk/jmh/jmh-core/1.19/jmh-core-1.19.jar:/home/user/.m2/repository/net/sf/jopt-simple/jopt-simple/4.6/jopt-simple-4.6.jar:/home/user/.m2/repository/org/apache/commons/commons-math3/3.1.1/commons-math3-3.1.1.jar:/home/user/.m2/repository/org/openjdk/jmh/jmh-generator-annprocess/1.19/jmh-generator-annprocess-1.19.jar:/home/user/.m2/repository/org/mockito/mockito-all/1.8.5/mockito-all-1.8.5.jar:/home/user/.m2/repository/org/apache/hadoop/hadoop-kms/3.2.0/hadoop-kms-3.2.0.jar:/home/user/.m2/repository/org/apache/hadoop/hadoop-auth/3.2.0/hadoop-auth-3.2.0.jar:/home/user/.m2/repository/com/nimbusds/nimbus-jose-jwt/4.41.1/nimbus-jose-jwt-4.41.1.jar:/home/user/.m2/repository/com/github/stephenc/jcip/jcip-annotations/1.0-1/jcip-annotations-1.0-1.jar:/home/user/.m2/repository/net/minidev/json-smart/2.3/json-smart-2.3.jar:/home/user/.m2/repository/net/minidev/accessors-smart/1.2/accessors-smart-1.2.jar:/home/user/.m2/repository/org/ow2/asm/asm/5.0.4/asm-5.0.4.jar:/home/user/.m2/repository/org/apache/curator/curator-framework/2.12.0/curator-framework-2.12.0.jar:/home/user/.m2/repository/com/sun/jersey/jersey-core/1.19/jersey-core-1.19.jar:/home/user/.m2/repository/javax/ws/rs/jsr311-api/1.1.1/jsr311-api-1.1.1.jar:/home/user/.m2/repository/com/sun/jersey/jersey-server/1.19/jersey-server-1.19.jar:/home/user/.m2/repository/javax/servlet/javax.servlet-api/3.1.0/javax.servlet-api-3.1.0.jar:/home/user/.m2/repository/org/eclipse/jetty/jetty-server/9.3.25.v20180904/jetty-server-9.3.25.v20180904.jar:/home/user/.m2/repository/org/eclipse/jetty/jetty-http/9.3.25.v20180904/jetty-http-9.3.25.v20180904.jar:/home/user/.m2/repository/org/eclipse/jetty/jetty-io/9.3.25.v20180904/jetty-io-9.3.25.v20180904.jar:/home/user/.m2/repository/org/eclipse/jetty/jetty-webapp/9.3.25.v20180904/jetty-webapp-9.3.25.v20180904.jar:/home/user/.m2/repository/org/eclipse/jetty/jetty-xml/9.3.25.v20180904/jetty-xml-9.3.25.v20180904.jar:/home/user/.m2/repository/log4j/log4j/1.2.17/log4j-1.2.17.jar:/home/user/.m2/repository/org/slf4j/slf4j-api/1.7.25/slf4j-api-1.7.25.jar:/home/user/.m2/repository/org/slf4j/jul-to-slf4j/1.7.25/jul-to-slf4j-1.7.25.jar:/home/user/.m2/repository/org/eclipse/jetty/jetty-util/9.3.25.v20180904/jetty-util-9.3.25.v20180904.jar:/home/user/.m2/repository/com/fasterxml/jackson/core/jackson-databind/2.9.9/jackson-databind-2.9.9.jar:/home/user/.m2/repository/org/apache/hadoop/hadoop-kms/3.2.0/hadoop-kms-3.2.0-tests.jar:/home/user/.m2/repository/org/apache/hadoop/hadoop-hdds-server-scm/0.5.0-SNAPSHOT/hadoop-hdds-server-scm-0.5.0-SNAPSHOT-tests.jar:/home/user/.m2/repository/org/apache/hadoop/hadoop-hdds-container-service/0.5.0-SNAPSHOT/hadoop-hdds-container-service-0.5.0-SNAPSHOT-tests.jar:/home/user/.m2/repository/org/yaml/snakeyaml/1.16/snakeyaml-1.16.jar:/home/user/.m2/repository/org/apache/hadoop/hadoop-common/3.2.0/hadoop-common-3.2.0-tests.jar:/home/user/.m2/repository/org/apache/hadoop/hadoop-annotations/3.2.0/hadoop-annotations-3.2.0.jar:/usr/lib/jvm/java-1.8.0-openjdk-1.8.0.222.b10-1.el7_7.x86_64/jre/../lib/tools.jar:/home/user/.m2/repository/commons-cli/commons-cli/1.2/commons-cli-1.2.jar:/home/user/.m2/repository/org/apache/httpcomponents/httpclient/4.5.2/httpclient-4.5.2.jar:/home/user/.m2/repository/org/apache/httpcomponents/httpcore/4.4.4/httpcore-4.4.4.jar:/home/user/.m2/repository/commons-codec/commons-codec/1.11/commons-codec-1.11.jar:/home/user/.m2/repository/commons-net/commons-net/3.6/commons-net-3.6.jar:/home/user/.m2/repository/commons-collections/commons-collections/3.2.2/commons-collections-3.2.2.jar:/home/user/.m2/repository/org/eclipse/jetty/jetty-servlet/9.3.25.v20180904/jetty-servlet-9.3.25.v20180904.jar:/home/user/.m2/repository/org/eclipse/jetty/jetty-security/9.3.25.v20180904/jetty-security-9.3.25.v20180904.jar:/home/user/.m2/repository/javax/servlet/jsp/jsp-api/2.1/jsp-api-2.1.jar:/home/user/.m2/repository/com/sun/jersey/jersey-servlet/1.19/jersey-servlet-1.19.jar:/home/user/.m2/repository/com/sun/jersey/jersey-json/1.19/jersey-json-1.19.jar:/home/user/.m2/repository/org/codehaus/jettison/jettison/1.1/jettison-1.1.jar:/home/user/.m2/repository/org/codehaus/jackson/jackson-core-asl/1.9.13/jackson-core-asl-1.9.13.jar:/home/user/.m2/repository/org/codehaus/jackson/jackson-mapper-asl/1.9.13/jackson-mapper-asl-1.9.13.jar:/home/user/.m2/repository/org/codehaus/jackson/jackson-jaxrs/1.9.13/jackson-jaxrs-1.9.13.jar:/home/user/.m2/repository/org/codehaus/jackson/jackson-xc/1.9.13/jackson-xc-1.9.13.jar:/home/user/.m2/repository/commons-logging/commons-logging/1.1.3/commons-logging-1.1.3.jar:/home/user/.m2/repository/commons-beanutils/commons-beanutils/1.9.4/commons-beanutils-1.9.4.jar:/home/user/.m2/repository/org/apache/commons/commons-configuration2/2.1.1/commons-configuration2-2.1.1.jar:/home/user/.m2/repository/org/apache/commons/commons-lang3/3.7/commons-lang3-3.7.jar:/home/user/.m2/repository/org/apache/commons/commons-text/1.4/commons-text-1.4.jar:/home/user/.m2/repository/org/apache/avro/avro/1.7.7/avro-1.7.7.jar:/home/user/.m2/repository/com/thoughtworks/paranamer/paranamer/2.3/paranamer-2.3.jar:/home/user/.m2/repository/org/xerial/snappy/snappy-java/1.0.5/snappy-java-1.0.5.jar:/home/user/.m2/repository/com/google/re2j/re2j/1.1/re2j-1.1.jar:/home/user/.m2/repository/com/google/code/gson/gson/2.2.4/gson-2.2.4.jar:/home/user/.m2/repository/com/jcraft/jsch/0.1.54/jsch-0.1.54.jar:/home/user/.m2/repository/org/apache/curator/curator-client/2.12.0/curator-client-2.12.0.jar:/home/user/.m2/repository/org/apache/curator/curator-recipes/2.12.0/curator-recipes-2.12.0.jar:/home/user/.m2/repository/com/google/code/findbugs/jsr305/3.0.0/jsr305-3.0.0.jar:/home/user/.m2/repository/org/apache/htrace/htrace-core4/4.1.0-incubating/htrace-core4-4.1.0-incubating.jar:/home/user/.m2/repository/org/apache/zookeeper/zookeeper/3.4.13/zookeeper-3.4.13.jar:/home/user/.m2/repository/jline/jline/0.9.94/jline-0.9.94.jar:/home/user/.m2/repository/org/apache/yetus/audience-annotations/0.5.0/audience-annotations-0.5.0.jar:/home/user/.m2/repository/org/codehaus/woodstox/stax2-api/3.1.4/stax2-api-3.1.4.jar:/home/user/.m2/repository/com/fasterxml/woodstox/woodstox-core/5.0.3/woodstox-core-5.0.3.jar:/home/user/.m2/repository/dnsjava/dnsjava/2.1.7/dnsjava-2.1.7.jar:/home/user/.m2/repository/org/apache/hadoop/hadoop-hdfs/3.2.0/hadoop-hdfs-3.2.0-tests.jar:/home/user/.m2/repository/org/eclipse/jetty/jetty-util-ajax/9.3.25.v20180904/jetty-util-ajax-9.3.25.v20180904.jar:/home/user/.m2/repository/commons-daemon/commons-daemon/1.0.13/commons-daemon-1.0.13.jar:/home/user/.m2/repository/io/netty/netty/3.10.5.Final/netty-3.10.5.Final.jar:/home/user/.m2/repository/io/netty/netty-all/4.0.52.Final/netty-all-4.0.52.Final.jar:/home/user/.m2/repository/org/fusesource/leveldbjni/leveldbjni-all/1.8/leveldbjni-all-1.8.jar:"/>
    <property name="java.vm.vendor" value="Oracle Corporation"/>
    <property name="sun.arch.data.model" value="64"/>
    <property name="test.build.dir" value="/workdir/hadoop-ozone/integration-test/target/test-dir"/>
    <property name="test.cache.data" value=""/>
    <property name="java.vendor.url" value="http://java.oracle.com/"/>
    <property name="user.timezone" value=""/>
    <property name="java.vm.specification.version" value="1.8"/>
    <property name="os.name" value="Linux"/>
    <property name="test.build.data" value="/workdir/hadoop-ozone/integration-test/target/test-dir"/>
    <property name="user.country" value="US"/>
    <property name="sun.java.launcher" value="SUN_STANDARD"/>
    <property name="sun.boot.library.path" value="/usr/lib/jvm/java-1.8.0-openjdk-1.8.0.222.b10-1.el7_7.x86_64/jre/lib/amd64"/>
    <property name="sun.java.command" value="/workdir/hadoop-ozone/integration-test/target/surefire/surefirebooter8416326194324970548.jar /workdir/hadoop-ozone/integration-test/target/surefire 2019-11-13T18-59-22_471-jvmRun1 surefire7699079574272083750tmp surefire_503261600366487875194tmp"/>
    <property name="surefire.test.class.path" value="/workdir/hadoop-ozone/integration-test/target/test-classes:/workdir/hadoop-ozone/integration-test/target/classes:/home/user/.m2/repository/org/apache/hadoop/hadoop-ozone-common/0.5.0-SNAPSHOT/hadoop-ozone-common-0.5.0-SNAPSHOT.jar:/home/user/.m2/repository/org/apache/commons/commons-compress/1.4.1/commons-compress-1.4.1.jar:/home/user/.m2/repository/org/tukaani/xz/1.0/xz-1.0.jar:/home/user/.m2/repository/org/apache/hadoop/hadoop-common/3.2.0/hadoop-common-3.2.0.jar:/home/user/.m2/repository/org/apache/hadoop/hadoop-hdfs/3.2.0/hadoop-hdfs-3.2.0.jar:/home/user/.m2/repository/org/apache/hadoop/hadoop-hdfs-client/3.2.0/hadoop-hdfs-client-3.2.0.jar:/home/user/.m2/repository/com/fasterxml/jackson/core/jackson-annotations/2.9.9/jackson-annotations-2.9.9.jar:/home/user/.m2/repository/org/apache/hadoop/hadoop-hdds-common/0.5.0-SNAPSHOT/hadoop-hdds-common-0.5.0-SNAPSHOT.jar:/home/user/.m2/repository/javax/annotation/javax.annotation-api/1.2/javax.annotation-api-1.2.jar:/home/user/.m2/repository/org/apache/ratis/ratis-server/0.5.0-d6d58d0-SNAPSHOT/ratis-server-0.5.0-d6d58d0-SNAPSHOT.jar:/home/user/.m2/repository/org/apache/ratis/ratis-thirdparty-misc/0.2.0/ratis-thirdparty-misc-0.2.0.jar:/home/user/.m2/repository/org/apache/ratis/ratis-proto/0.5.0-d6d58d0-SNAPSHOT/ratis-proto-0.5.0-d6d58d0-SNAPSHOT.jar:/home/user/.m2/repository/org/apache/ratis/ratis-common/0.5.0-d6d58d0-SNAPSHOT/ratis-common-0.5.0-d6d58d0-SNAPSHOT.jar:/home/user/.m2/repository/org/apache/ratis/ratis-client/0.5.0-d6d58d0-SNAPSHOT/ratis-client-0.5.0-d6d58d0-SNAPSHOT.jar:/home/user/.m2/repository/org/apache/ratis/ratis-metrics/0.5.0-d6d58d0-SNAPSHOT/ratis-metrics-0.5.0-d6d58d0-SNAPSHOT.jar:/home/user/.m2/repository/org/apache/ratis/ratis-netty/0.5.0-d6d58d0-SNAPSHOT/ratis-netty-0.5.0-d6d58d0-SNAPSHOT.jar:/home/user/.m2/repository/org/apache/ratis/ratis-grpc/0.5.0-d6d58d0-SNAPSHOT/ratis-grpc-0.5.0-d6d58d0-SNAPSHOT.jar:/home/user/.m2/repository/org/rocksdb/rocksdbjni/6.0.1/rocksdbjni-6.0.1.jar:/home/user/.m2/repository/org/apache/logging/log4j/log4j-api/2.11.0/log4j-api-2.11.0.jar:/home/user/.m2/repository/org/apache/logging/log4j/log4j-core/2.11.0/log4j-core-2.11.0.jar:/home/user/.m2/repository/com/lmax/disruptor/3.4.2/disruptor-3.4.2.jar:/home/user/.m2/repository/org/apache/commons/commons-pool2/2.6.0/commons-pool2-2.6.0.jar:/home/user/.m2/repository/org/bouncycastle/bcpkix-jdk15on/1.60/bcpkix-jdk15on-1.60.jar:/home/user/.m2/repository/commons-validator/commons-validator/1.6/commons-validator-1.6.jar:/home/user/.m2/repository/commons-digester/commons-digester/1.8.1/commons-digester-1.8.1.jar:/home/user/.m2/repository/io/jaegertracing/jaeger-client/0.34.0/jaeger-client-0.34.0.jar:/home/user/.m2/repository/io/jaegertracing/jaeger-thrift/0.34.0/jaeger-thrift-0.34.0.jar:/home/user/.m2/repository/org/apache/thrift/libthrift/0.12.0/libthrift-0.12.0.jar:/home/user/.m2/repository/com/squareup/okhttp3/okhttp/3.9.0/okhttp-3.9.0.jar:/home/user/.m2/repository/com/squareup/okio/okio/1.13.0/okio-1.13.0.jar:/home/user/.m2/repository/io/jaegertracing/jaeger-core/0.34.0/jaeger-core-0.34.0.jar:/home/user/.m2/repository/io/jaegertracing/jaeger-tracerresolver/0.34.0/jaeger-tracerresolver-0.34.0.jar:/home/user/.m2/repository/io/opentracing/contrib/opentracing-tracerresolver/0.1.5/opentracing-tracerresolver-0.1.5.jar:/home/user/.m2/repository/io/opentracing/opentracing-util/0.31.0/opentracing-util-0.31.0.jar:/home/user/.m2/repository/io/opentracing/opentracing-api/0.31.0/opentracing-api-0.31.0.jar:/home/user/.m2/repository/io/opentracing/opentracing-noop/0.31.0/opentracing-noop-0.31.0.jar:/home/user/.m2/repository/org/apache/hadoop/hadoop-hdds-server-framework/0.5.0-SNAPSHOT/hadoop-hdds-server-framework-0.5.0-SNAPSHOT.jar:/home/user/.m2/repository/org/apache/hadoop/hadoop-hdds-container-service/0.5.0-SNAPSHOT/hadoop-hdds-container-service-0.5.0-SNAPSHOT.jar:/home/user/.m2/repository/org/apache/hadoop/hadoop-hdds-client/0.5.0-SNAPSHOT/hadoop-hdds-client-0.5.0-SNAPSHOT.jar:/home/user/.m2/repository/org/apache/hadoop/hadoop-hdds-tools/0.5.0-SNAPSHOT/hadoop-hdds-tools-0.5.0-SNAPSHOT.jar:/home/user/.m2/repository/org/apache/hadoop/hadoop-hdds-server-scm/0.5.0-SNAPSHOT/hadoop-hdds-server-scm-0.5.0-SNAPSHOT.jar:/home/user/.m2/repository/org/apache/hadoop/hadoop-hdds-docs/0.5.0-SNAPSHOT/hadoop-hdds-docs-0.5.0-SNAPSHOT.jar:/home/user/.m2/repository/io/dropwizard/metrics/metrics-core/3.2.4/metrics-core-3.2.4.jar:/home/user/.m2/repository/org/hamcrest/hamcrest-all/1.3/hamcrest-all-1.3.jar:/home/user/.m2/repository/org/bouncycastle/bcprov-jdk15on/1.60/bcprov-jdk15on-1.60.jar:/home/user/.m2/repository/info/picocli/picocli/3.9.6/picocli-3.9.6.jar:/home/user/.m2/repository/com/google/protobuf/protobuf-java/2.5.0/protobuf-java-2.5.0.jar:/home/user/.m2/repository/com/google/guava/guava/11.0.2/guava-11.0.2.jar:/home/user/.m2/repository/org/apache/hadoop/hadoop-ozone-ozone-manager/0.5.0-SNAPSHOT/hadoop-ozone-ozone-manager-0.5.0-SNAPSHOT.jar:/home/user/.m2/repository/org/apache/hadoop/hadoop-minikdc/3.2.0/hadoop-minikdc-3.2.0.jar:/home/user/.m2/repository/commons-io/commons-io/2.5/commons-io-2.5.jar:/home/user/.m2/repository/org/apache/kerby/kerb-simplekdc/1.0.1/kerb-simplekdc-1.0.1.jar:/home/user/.m2/repository/org/apache/kerby/kerb-client/1.0.1/kerb-client-1.0.1.jar:/home/user/.m2/repository/org/apache/kerby/kerby-config/1.0.1/kerby-config-1.0.1.jar:/home/user/.m2/repository/org/apache/kerby/kerb-core/1.0.1/kerb-core-1.0.1.jar:/home/user/.m2/repository/org/apache/kerby/kerby-pkix/1.0.1/kerby-pkix-1.0.1.jar:/home/user/.m2/repository/org/apache/kerby/kerby-asn1/1.0.1/kerby-asn1-1.0.1.jar:/home/user/.m2/repository/org/apache/kerby/kerby-util/1.0.1/kerby-util-1.0.1.jar:/home/user/.m2/repository/org/apache/kerby/kerb-common/1.0.1/kerb-common-1.0.1.jar:/home/user/.m2/repository/org/apache/kerby/kerb-crypto/1.0.1/kerb-crypto-1.0.1.jar:/home/user/.m2/repository/org/apache/kerby/kerb-util/1.0.1/kerb-util-1.0.1.jar:/home/user/.m2/repository/org/apache/kerby/token-provider/1.0.1/token-provider-1.0.1.jar:/home/user/.m2/repository/org/apache/kerby/kerb-admin/1.0.1/kerb-admin-1.0.1.jar:/home/user/.m2/repository/org/apache/kerby/kerb-server/1.0.1/kerb-server-1.0.1.jar:/home/user/.m2/repository/org/apache/kerby/kerb-identity/1.0.1/kerb-identity-1.0.1.jar:/home/user/.m2/repository/org/apache/kerby/kerby-xdr/1.0.1/kerby-xdr-1.0.1.jar:/home/user/.m2/repository/org/slf4j/slf4j-log4j12/1.7.25/slf4j-log4j12-1.7.25.jar:/home/user/.m2/repository/org/apache/hadoop/hadoop-ozone-s3gateway/0.5.0-SNAPSHOT/hadoop-ozone-s3gateway-0.5.0-SNAPSHOT.jar:/home/user/.m2/repository/org/jboss/weld/servlet/weld-servlet/2.4.7.Final/weld-servlet-2.4.7.Final.jar:/home/user/.m2/repository/org/glassfish/jersey/containers/jersey-container-servlet-core/2.27/jersey-container-servlet-core-2.27.jar:/home/user/.m2/repository/org/glassfish/hk2/external/javax.inject/2.5.0-b42/javax.inject-2.5.0-b42.jar:/home/user/.m2/repository/org/glassfish/jersey/core/jersey-common/2.27/jersey-common-2.27.jar:/home/user/.m2/repository/org/glassfish/hk2/osgi-resource-locator/1.0.1/osgi-resource-locator-1.0.1.jar:/home/user/.m2/repository/javax/ws/rs/javax.ws.rs-api/2.1/javax.ws.rs-api-2.1.jar:/home/user/.m2/repository/org/glassfish/jersey/ext/cdi/jersey-cdi1x/2.27/jersey-cdi1x-2.27.jar:/home/user/.m2/repository/org/glassfish/jersey/inject/jersey-hk2/2.27/jersey-hk2-2.27.jar:/home/user/.m2/repository/org/glassfish/hk2/hk2-locator/2.5.0-b42/hk2-locator-2.5.0-b42.jar:/home/user/.m2/repository/org/javassist/javassist/3.22.0-CR2/javassist-3.22.0-CR2.jar:/home/user/.m2/repository/org/glassfish/hk2/hk2-api/2.5.0/hk2-api-2.5.0.jar:/home/user/.m2/repository/org/glassfish/hk2/external/jakarta.inject/2.5.0/jakarta.inject-2.5.0.jar:/home/user/.m2/repository/org/glassfish/hk2/hk2-utils/2.5.0/hk2-utils-2.5.0.jar:/home/user/.m2/repository/jakarta/annotation/jakarta.annotation-api/1.3.4/jakarta.annotation-api-1.3.4.jar:/home/user/.m2/repository/org/glassfish/hk2/external/aopalliance-repackaged/2.5.0/aopalliance-repackaged-2.5.0.jar:/home/user/.m2/repository/com/fasterxml/jackson/dataformat/jackson-dataformat-xml/2.9.0/jackson-dataformat-xml-2.9.0.jar:/home/user/.m2/repository/com/fasterxml/jackson/core/jackson-core/2.9.9/jackson-core-2.9.9.jar:/home/user/.m2/repository/com/fasterxml/jackson/module/jackson-module-jaxb-annotations/2.9.9/jackson-module-jaxb-annotations-2.9.9.jar:/home/user/.m2/repository/javax/enterprise/cdi-api/1.2/cdi-api-1.2.jar:/home/user/.m2/repository/javax/el/javax.el-api/3.0.0/javax.el-api-3.0.0.jar:/home/user/.m2/repository/javax/interceptor/javax.interceptor-api/1.2/javax.interceptor-api-1.2.jar:/home/user/.m2/repository/javax/inject/javax.inject/1/javax.inject-1.jar:/home/user/.m2/repository/com/sun/xml/bind/jaxb-impl/2.3.0.1/jaxb-impl-2.3.0.1.jar:/home/user/.m2/repository/com/sun/xml/bind/jaxb-core/2.3.0.1/jaxb-core-2.3.0.1.jar:/home/user/.m2/repository/javax/xml/bind/jaxb-api/2.3.0/jaxb-api-2.3.0.jar:/home/user/.m2/repository/javax/activation/activation/1.1.1/activation-1.1.1.jar:/home/user/.m2/repository/org/apache/hadoop/hadoop-ozone-csi/0.5.0-SNAPSHOT/hadoop-ozone-csi-0.5.0-SNAPSHOT.jar:/home/user/.m2/repository/com/google/protobuf/protobuf-java-util/3.5.1/protobuf-java-util-3.5.1.jar:/home/user/.m2/repository/org/apache/hadoop/hadoop-hdds-config/0.5.0-SNAPSHOT/hadoop-hdds-config-0.5.0-SNAPSHOT.jar:/home/user/.m2/repository/io/grpc/grpc-netty/1.17.1/grpc-netty-1.17.1.jar:/home/user/.m2/repository/io/grpc/grpc-core/1.17.1/grpc-core-1.17.1.jar:/home/user/.m2/repository/io/grpc/grpc-context/1.17.1/grpc-context-1.17.1.jar:/home/user/.m2/repository/com/google/errorprone/error_prone_annotations/2.2.0/error_prone_annotations-2.2.0.jar:/home/user/.m2/repository/org/codehaus/mojo/animal-sniffer-annotations/1.17/animal-sniffer-annotations-1.17.jar:/home/user/.m2/repository/io/opencensus/opencensus-api/0.17.0/opencensus-api-0.17.0.jar:/home/user/.m2/repository/io/opencensus/opencensus-contrib-grpc-metrics/0.17.0/opencensus-contrib-grpc-metrics-0.17.0.jar:/home/user/.m2/repository/io/netty/netty-codec-http2/4.1.30.Final/netty-codec-http2-4.1.30.Final.jar:/home/user/.m2/repository/io/netty/netty-codec-http/4.1.30.Final/netty-codec-http-4.1.30.Final.jar:/home/user/.m2/repository/io/netty/netty-codec/4.1.30.Final/netty-codec-4.1.30.Final.jar:/home/user/.m2/repository/io/netty/netty-handler/4.1.30.Final/netty-handler-4.1.30.Final.jar:/home/user/.m2/repository/io/netty/netty-handler-proxy/4.1.30.Final/netty-handler-proxy-4.1.30.Final.jar:/home/user/.m2/repository/io/netty/netty-codec-socks/4.1.30.Final/netty-codec-socks-4.1.30.Final.jar:/home/user/.m2/repository/io/netty/netty-transport-native-epoll/4.1.30.Final/netty-transport-native-epoll-4.1.30.Final.jar:/home/user/.m2/repository/io/netty/netty-common/4.1.30.Final/netty-common-4.1.30.Final.jar:/home/user/.m2/repository/io/netty/netty-buffer/4.1.30.Final/netty-buffer-4.1.30.Final.jar:/home/user/.m2/repository/io/netty/netty-transport/4.1.30.Final/netty-transport-4.1.30.Final.jar:/home/user/.m2/repository/io/netty/netty-resolver/4.1.30.Final/netty-resolver-4.1.30.Final.jar:/home/user/.m2/repository/io/netty/netty-transport-native-unix-common/4.1.30.Final/netty-transport-native-unix-common-4.1.30.Final.jar:/home/user/.m2/repository/io/grpc/grpc-protobuf/1.17.1/grpc-protobuf-1.17.1.jar:/home/user/.m2/repository/com/google/api/grpc/proto-google-common-protos/1.0.0/proto-google-common-protos-1.0.0.jar:/home/user/.m2/repository/io/grpc/grpc-protobuf-lite/1.17.1/grpc-protobuf-lite-1.17.1.jar:/home/user/.m2/repository/io/grpc/grpc-stub/1.17.1/grpc-stub-1.17.1.jar:/home/user/.m2/repository/org/apache/hadoop/hadoop-ozone-recon/0.5.0-SNAPSHOT/hadoop-ozone-recon-0.5.0-SNAPSHOT.jar:/home/user/.m2/repository/org/apache/hadoop/hadoop-ozone-reconcodegen/0.5.0-SNAPSHOT/hadoop-ozone-reconcodegen-0.5.0-SNAPSHOT.jar:/home/user/.m2/repository/com/google/inject/extensions/guice-multibindings/4.0/guice-multibindings-4.0.jar:/home/user/.m2/repository/com/google/inject/guice/4.0/guice-4.0.jar:/home/user/.m2/repository/aopalliance/aopalliance/1.0/aopalliance-1.0.jar:/home/user/.m2/repository/com/google/inject/extensions/guice-servlet/4.0/guice-servlet-4.0.jar:/home/user/.m2/repository/org/glassfish/jersey/containers/jersey-container-servlet/2.27/jersey-container-servlet-2.27.jar:/home/user/.m2/repository/org/glassfish/hk2/guice-bridge/2.5.0/guice-bridge-2.5.0.jar:/home/user/.m2/repository/org/glassfish/jersey/core/jersey-server/2.27/jersey-server-2.27.jar:/home/user/.m2/repository/org/glassfish/jersey/core/jersey-client/2.27/jersey-client-2.27.jar:/home/user/.m2/repository/org/glassfish/jersey/media/jersey-media-jaxb/2.27/jersey-media-jaxb-2.27.jar:/home/user/.m2/repository/javax/validation/validation-api/1.1.0.Final/validation-api-1.1.0.Final.jar:/home/user/.m2/repository/org/glassfish/jersey/media/jersey-media-json-jackson/2.27/jersey-media-json-jackson-2.27.jar:/home/user/.m2/repository/org/glassfish/jersey/ext/jersey-entity-filtering/2.27/jersey-entity-filtering-2.27.jar:/home/user/.m2/repository/com/google/inject/extensions/guice-assistedinject/4.0/guice-assistedinject-4.0.jar:/home/user/.m2/repository/org/jooq/jooq/3.11.10/jooq-3.11.10.jar:/home/user/.m2/repository/org/jooq/jooq-meta/3.11.10/jooq-meta-3.11.10.jar:/home/user/.m2/repository/org/jooq/jooq-codegen/3.11.10/jooq-codegen-3.11.10.jar:/home/user/.m2/repository/com/jolbox/bonecp/0.8.0.RELEASE/bonecp-0.8.0.RELEASE.jar:/home/user/.m2/repository/org/xerial/sqlite-jdbc/3.25.2/sqlite-jdbc-3.25.2.jar:/home/user/.m2/repository/org/springframework/spring-jdbc/5.1.3.RELEASE/spring-jdbc-5.1.3.RELEASE.jar:/home/user/.m2/repository/org/springframework/spring-beans/5.1.3.RELEASE/spring-beans-5.1.3.RELEASE.jar:/home/user/.m2/repository/org/springframework/spring-core/5.1.3.RELEASE/spring-core-5.1.3.RELEASE.jar:/home/user/.m2/repository/org/springframework/spring-jcl/5.1.3.RELEASE/spring-jcl-5.1.3.RELEASE.jar:/home/user/.m2/repository/org/springframework/spring-tx/5.1.3.RELEASE/spring-tx-5.1.3.RELEASE.jar:/home/user/.m2/repository/org/apache/hadoop/hadoop-ozone-client/0.5.0-SNAPSHOT/hadoop-ozone-client-0.5.0-SNAPSHOT.jar:/home/user/.m2/repository/commons-lang/commons-lang/2.6/commons-lang-2.6.jar:/home/user/.m2/repository/org/apache/hadoop/hadoop-ozone-ozone-manager/0.5.0-SNAPSHOT/hadoop-ozone-ozone-manager-0.5.0-SNAPSHOT-tests.jar:/home/user/.m2/repository/junit/junit/4.11/junit-4.11.jar:/home/user/.m2/repository/org/hamcrest/hamcrest-core/1.3/hamcrest-core-1.3.jar:/home/user/.m2/repository/org/openjdk/jmh/jmh-core/1.19/jmh-core-1.19.jar:/home/user/.m2/repository/net/sf/jopt-simple/jopt-simple/4.6/jopt-simple-4.6.jar:/home/user/.m2/repository/org/apache/commons/commons-math3/3.1.1/commons-math3-3.1.1.jar:/home/user/.m2/repository/org/openjdk/jmh/jmh-generator-annprocess/1.19/jmh-generator-annprocess-1.19.jar:/home/user/.m2/repository/org/mockito/mockito-all/1.8.5/mockito-all-1.8.5.jar:/home/user/.m2/repository/org/apache/hadoop/hadoop-kms/3.2.0/hadoop-kms-3.2.0.jar:/home/user/.m2/repository/org/apache/hadoop/hadoop-auth/3.2.0/hadoop-auth-3.2.0.jar:/home/user/.m2/repository/com/nimbusds/nimbus-jose-jwt/4.41.1/nimbus-jose-jwt-4.41.1.jar:/home/user/.m2/repository/com/github/stephenc/jcip/jcip-annotations/1.0-1/jcip-annotations-1.0-1.jar:/home/user/.m2/repository/net/minidev/json-smart/2.3/json-smart-2.3.jar:/home/user/.m2/repository/net/minidev/accessors-smart/1.2/accessors-smart-1.2.jar:/home/user/.m2/repository/org/ow2/asm/asm/5.0.4/asm-5.0.4.jar:/home/user/.m2/repository/org/apache/curator/curator-framework/2.12.0/curator-framework-2.12.0.jar:/home/user/.m2/repository/com/sun/jersey/jersey-core/1.19/jersey-core-1.19.jar:/home/user/.m2/repository/javax/ws/rs/jsr311-api/1.1.1/jsr311-api-1.1.1.jar:/home/user/.m2/repository/com/sun/jersey/jersey-server/1.19/jersey-server-1.19.jar:/home/user/.m2/repository/javax/servlet/javax.servlet-api/3.1.0/javax.servlet-api-3.1.0.jar:/home/user/.m2/repository/org/eclipse/jetty/jetty-server/9.3.25.v20180904/jetty-server-9.3.25.v20180904.jar:/home/user/.m2/repository/org/eclipse/jetty/jetty-http/9.3.25.v20180904/jetty-http-9.3.25.v20180904.jar:/home/user/.m2/repository/org/eclipse/jetty/jetty-io/9.3.25.v20180904/jetty-io-9.3.25.v20180904.jar:/home/user/.m2/repository/org/eclipse/jetty/jetty-webapp/9.3.25.v20180904/jetty-webapp-9.3.25.v20180904.jar:/home/user/.m2/repository/org/eclipse/jetty/jetty-xml/9.3.25.v20180904/jetty-xml-9.3.25.v20180904.jar:/home/user/.m2/repository/log4j/log4j/1.2.17/log4j-1.2.17.jar:/home/user/.m2/repository/org/slf4j/slf4j-api/1.7.25/slf4j-api-1.7.25.jar:/home/user/.m2/repository/org/slf4j/jul-to-slf4j/1.7.25/jul-to-slf4j-1.7.25.jar:/home/user/.m2/repository/org/eclipse/jetty/jetty-util/9.3.25.v20180904/jetty-util-9.3.25.v20180904.jar:/home/user/.m2/repository/com/fasterxml/jackson/core/jackson-databind/2.9.9/jackson-databind-2.9.9.jar:/home/user/.m2/repository/org/apache/hadoop/hadoop-kms/3.2.0/hadoop-kms-3.2.0-tests.jar:/home/user/.m2/repository/org/apache/hadoop/hadoop-hdds-server-scm/0.5.0-SNAPSHOT/hadoop-hdds-server-scm-0.5.0-SNAPSHOT-tests.jar:/home/user/.m2/repository/org/apache/hadoop/hadoop-hdds-container-service/0.5.0-SNAPSHOT/hadoop-hdds-container-service-0.5.0-SNAPSHOT-tests.jar:/home/user/.m2/repository/org/yaml/snakeyaml/1.16/snakeyaml-1.16.jar:/home/user/.m2/repository/org/apache/hadoop/hadoop-common/3.2.0/hadoop-common-3.2.0-tests.jar:/home/user/.m2/repository/org/apache/hadoop/hadoop-annotations/3.2.0/hadoop-annotations-3.2.0.jar:/usr/lib/jvm/java-1.8.0-openjdk-1.8.0.222.b10-1.el7_7.x86_64/jre/../lib/tools.jar:/home/user/.m2/repository/commons-cli/commons-cli/1.2/commons-cli-1.2.jar:/home/user/.m2/repository/org/apache/httpcomponents/httpclient/4.5.2/httpclient-4.5.2.jar:/home/user/.m2/repository/org/apache/httpcomponents/httpcore/4.4.4/httpcore-4.4.4.jar:/home/user/.m2/repository/commons-codec/commons-codec/1.11/commons-codec-1.11.jar:/home/user/.m2/repository/commons-net/commons-net/3.6/commons-net-3.6.jar:/home/user/.m2/repository/commons-collections/commons-collections/3.2.2/commons-collections-3.2.2.jar:/home/user/.m2/repository/org/eclipse/jetty/jetty-servlet/9.3.25.v20180904/jetty-servlet-9.3.25.v20180904.jar:/home/user/.m2/repository/org/eclipse/jetty/jetty-security/9.3.25.v20180904/jetty-security-9.3.25.v20180904.jar:/home/user/.m2/repository/javax/servlet/jsp/jsp-api/2.1/jsp-api-2.1.jar:/home/user/.m2/repository/com/sun/jersey/jersey-servlet/1.19/jersey-servlet-1.19.jar:/home/user/.m2/repository/com/sun/jersey/jersey-json/1.19/jersey-json-1.19.jar:/home/user/.m2/repository/org/codehaus/jettison/jettison/1.1/jettison-1.1.jar:/home/user/.m2/repository/org/codehaus/jackson/jackson-core-asl/1.9.13/jackson-core-asl-1.9.13.jar:/home/user/.m2/repository/org/codehaus/jackson/jackson-mapper-asl/1.9.13/jackson-mapper-asl-1.9.13.jar:/home/user/.m2/repository/org/codehaus/jackson/jackson-jaxrs/1.9.13/jackson-jaxrs-1.9.13.jar:/home/user/.m2/repository/org/codehaus/jackson/jackson-xc/1.9.13/jackson-xc-1.9.13.jar:/home/user/.m2/repository/commons-logging/commons-logging/1.1.3/commons-logging-1.1.3.jar:/home/user/.m2/repository/commons-beanutils/commons-beanutils/1.9.4/commons-beanutils-1.9.4.jar:/home/user/.m2/repository/org/apache/commons/commons-configuration2/2.1.1/commons-configuration2-2.1.1.jar:/home/user/.m2/repository/org/apache/commons/commons-lang3/3.7/commons-lang3-3.7.jar:/home/user/.m2/repository/org/apache/commons/commons-text/1.4/commons-text-1.4.jar:/home/user/.m2/repository/org/apache/avro/avro/1.7.7/avro-1.7.7.jar:/home/user/.m2/repository/com/thoughtworks/paranamer/paranamer/2.3/paranamer-2.3.jar:/home/user/.m2/repository/org/xerial/snappy/snappy-java/1.0.5/snappy-java-1.0.5.jar:/home/user/.m2/repository/com/google/re2j/re2j/1.1/re2j-1.1.jar:/home/user/.m2/repository/com/google/code/gson/gson/2.2.4/gson-2.2.4.jar:/home/user/.m2/repository/com/jcraft/jsch/0.1.54/jsch-0.1.54.jar:/home/user/.m2/repository/org/apache/curator/curator-client/2.12.0/curator-client-2.12.0.jar:/home/user/.m2/repository/org/apache/curator/curator-recipes/2.12.0/curator-recipes-2.12.0.jar:/home/user/.m2/repository/com/google/code/findbugs/jsr305/3.0.0/jsr305-3.0.0.jar:/home/user/.m2/repository/org/apache/htrace/htrace-core4/4.1.0-incubating/htrace-core4-4.1.0-incubating.jar:/home/user/.m2/repository/org/apache/zookeeper/zookeeper/3.4.13/zookeeper-3.4.13.jar:/home/user/.m2/repository/jline/jline/0.9.94/jline-0.9.94.jar:/home/user/.m2/repository/org/apache/yetus/audience-annotations/0.5.0/audience-annotations-0.5.0.jar:/home/user/.m2/repository/org/codehaus/woodstox/stax2-api/3.1.4/stax2-api-3.1.4.jar:/home/user/.m2/repository/com/fasterxml/woodstox/woodstox-core/5.0.3/woodstox-core-5.0.3.jar:/home/user/.m2/repository/dnsjava/dnsjava/2.1.7/dnsjava-2.1.7.jar:/home/user/.m2/repository/org/apache/hadoop/hadoop-hdfs/3.2.0/hadoop-hdfs-3.2.0-tests.jar:/home/user/.m2/repository/org/eclipse/jetty/jetty-util-ajax/9.3.25.v20180904/jetty-util-ajax-9.3.25.v20180904.jar:/home/user/.m2/repository/commons-daemon/commons-daemon/1.0.13/commons-daemon-1.0.13.jar:/home/user/.m2/repository/io/netty/netty/3.10.5.Final/netty-3.10.5.Final.jar:/home/user/.m2/repository/io/netty/netty-all/4.0.52.Final/netty-all-4.0.52.Final.jar:/home/user/.m2/repository/org/fusesource/leveldbjni/leveldbjni-all/1.8/leveldbjni-all-1.8.jar:"/>
    <property name="sun.cpu.endian" value="little"/>
    <property name="user.home" value="/home/user"/>
    <property name="user.language" value="en"/>
    <property name="java.specification.vendor" value="Oracle Corporation"/>
    <property name="java.home" value="/usr/lib/jvm/java-1.8.0-openjdk-1.8.0.222.b10-1.el7_7.x86_64/jre"/>
    <property name="surefire.excludesFile" value="/tools/ozone-bad-unit-tests"/>
    <property name="java.security.krb5.conf" value="/workdir/hadoop-ozone/integration-test/target/test-classes/krb5.conf"/>
    <property name="basedir" value="/workdir/hadoop-ozone/integration-test"/>
    <property name="file.separator" value="/"/>
    <property name="line.separator" value="&#10;"/>
    <property name="java.vm.specification.vendor" value="Oracle Corporation"/>
    <property name="java.specification.name" value="Java Platform API Specification"/>
    <property name="java.awt.graphicsenv" value="sun.awt.X11GraphicsEnvironment"/>
    <property name="surefire.real.class.path" value="/workdir/hadoop-ozone/integration-test/target/surefire/surefirebooter8416326194324970548.jar"/>
    <property name="hadoop.log.dir" value="/workdir/hadoop-ozone/integration-test/target/log"/>
    <property name="sun.boot.class.path" value="/usr/lib/jvm/java-1.8.0-openjdk-1.8.0.222.b10-1.el7_7.x86_64/jre/lib/resources.jar:/usr/lib/jvm/java-1.8.0-openjdk-1.8.0.222.b10-1.el7_7.x86_64/jre/lib/rt.jar:/usr/lib/jvm/java-1.8.0-openjdk-1.8.0.222.b10-1.el7_7.x86_64/jre/lib/sunrsasign.jar:/usr/lib/jvm/java-1.8.0-openjdk-1.8.0.222.b10-1.el7_7.x86_64/jre/lib/jsse.jar:/usr/lib/jvm/java-1.8.0-openjdk-1.8.0.222.b10-1.el7_7.x86_64/jre/lib/jce.jar:/usr/lib/jvm/java-1.8.0-openjdk-1.8.0.222.b10-1.el7_7.x86_64/jre/lib/charsets.jar:/usr/lib/jvm/java-1.8.0-openjdk-1.8.0.222.b10-1.el7_7.x86_64/jre/lib/jfr.jar:/usr/lib/jvm/java-1.8.0-openjdk-1.8.0.222.b10-1.el7_7.x86_64/jre/classes"/>
    <property name="sun.management.compiler" value="HotSpot 64-Bit Tiered Compilers"/>
    <property name="java.runtime.version" value="1.8.0_222-b10"/>
    <property name="java.net.preferIPv4Stack" value="true"/>
    <property name="user.name" value="jenkins1000"/>
    <property name="path.separator" value=":"/>
    <property name="java.security.egd" value="file:///dev/urandom"/>
    <property name="os.version" value="3.10.0-957.12.2.el7.x86_64"/>
    <property name="java.endorsed.dirs" value="/usr/lib/jvm/java-1.8.0-openjdk-1.8.0.222.b10-1.el7_7.x86_64/jre/lib/endorsed"/>
    <property name="java.runtime.name" value="OpenJDK Runtime Environment"/>
    <property name="file.encoding" value="ANSI_X3.4-1968"/>
    <property name="java.vm.name" value="OpenJDK 64-Bit Server VM"/>
    <property name="test.build.webapps" value=""/>
    <property name="localRepository" value="/home/user/.m2/repository"/>
    <property name="java.vendor.url.bug" value="http://bugreport.sun.com/bugreport/"/>
    <property name="java.io.tmpdir" value="/tmp"/>
    <property name="require.test.libhadoop" value=""/>
    <property name="java.version" value="1.8.0_222"/>
    <property name="user.dir" value="/workdir/hadoop-ozone/integration-test"/>
    <property name="os.arch" value="amd64"/>
    <property name="java.vm.specification.name" value="Java Virtual Machine Specification"/>
    <property name="test.build.classes" value="/workdir/hadoop-ozone/integration-test/target/test-classes"/>
    <property name="java.awt.printerjob" value="sun.print.PSPrinterJob"/>
    <property name="sun.os.patch.level" value="unknown"/>
    <property name="hadoop.tmp.dir" value="/workdir/hadoop-ozone/integration-test/target/tmp"/>
    <property name="java.library.path" value="/usr/lib:/workdir/hadoop-ozone/integration-test/target/native/target/usr/local/lib:/workdir/hadoop-ozone/integration-test/../../hadoop-common-project/hadoop-common/target/native/target/usr/local/lib:/usr/java/packages/lib/amd64:/usr/lib64:/lib64:/lib:/usr/lib"/>
    <property name="java.vm.info" value="mixed mode"/>
    <property name="java.vendor" value="Oracle Corporation"/>
    <property name="java.vm.version" value="25.222-b10"/>
    <property name="java.ext.dirs" value="/usr/lib/jvm/java-1.8.0-openjdk-1.8.0.222.b10-1.el7_7.x86_64/jre/lib/ext:/usr/java/packages/lib/ext"/>
    <property name="sun.io.unicode.encoding" value="UnicodeLittle"/>
    <property name="java.class.version" value="52.0"/>
  </properties>
  <testcase name="testPipelineExclusionWithPipelineFailure" classname="org.apache.hadoop.ozone.client.rpc.TestFailureHandlingByClient" time="141.943"/>
  <testcase name="testContainerExclusionWithClosedContainerException" classname="org.apache.hadoop.ozone.client.rpc.TestFailureHandlingByClient" time="102.521"/>
  <testcase name="testWriteSmallFile" classname="org.apache.hadoop.ozone.client.rpc.TestFailureHandlingByClient" time="81.162"/>
  <testcase name="testBlockWritesWithDnFailures" classname="org.apache.hadoop.ozone.client.rpc.TestFailureHandlingByClient" time="51.419"/>
  <testcase name="testDatanodeExclusionWithMajorityCommit" classname="org.apache.hadoop.ozone.client.rpc.TestFailureHandlingByClient" time="41.41">
    <failure type="java.lang.AssertionError">java.lang.AssertionError
	at org.junit.Assert.fail(Assert.java:86)
	at org.junit.Assert.assertTrue(Assert.java:41)
	at org.junit.Assert.assertTrue(Assert.java:52)
	at org.apache.hadoop.ozone.client.rpc.TestFailureHandlingByClient.testDatanodeExclusionWithMajorityCommit(TestFailureHandlingByClient.java:318)
	at sun.reflect.NativeMethodAccessorImpl.invoke0(Native Method)
	at sun.reflect.NativeMethodAccessorImpl.invoke(NativeMethodAccessorImpl.java:62)
	at sun.reflect.DelegatingMethodAccessorImpl.invoke(DelegatingMethodAccessorImpl.java:43)
	at java.lang.reflect.Method.invoke(Method.java:498)
	at org.junit.runners.model.FrameworkMethod$1.runReflectiveCall(FrameworkMethod.java:47)
	at org.junit.internal.runners.model.ReflectiveCallable.run(ReflectiveCallable.java:12)
	at org.junit.runners.model.FrameworkMethod.invokeExplosively(FrameworkMethod.java:44)
	at org.junit.internal.runners.statements.InvokeMethod.evaluate(InvokeMethod.java:17)
	at org.junit.internal.runners.statements.RunAfters.evaluate(RunAfters.java:27)
	at org.junit.runners.ParentRunner.runLeaf(ParentRunner.java:271)
	at org.junit.runners.BlockJUnit4ClassRunner.runChild(BlockJUnit4ClassRunner.java:70)
	at org.junit.runners.BlockJUnit4ClassRunner.runChild(BlockJUnit4ClassRunner.java:50)
	at org.junit.runners.ParentRunner$3.run(ParentRunner.java:238)
	at org.junit.runners.ParentRunner$1.schedule(ParentRunner.java:63)
	at org.junit.runners.ParentRunner.runChildren(ParentRunner.java:236)
	at org.junit.runners.ParentRunner.access$000(ParentRunner.java:53)
	at org.junit.runners.ParentRunner$2.evaluate(ParentRunner.java:229)
	at org.junit.runners.ParentRunner.run(ParentRunner.java:309)
	at org.apache.maven.surefire.junit4.JUnit4Provider.execute(JUnit4Provider.java:365)
	at org.apache.maven.surefire.junit4.JUnit4Provider.executeWithRerun(JUnit4Provider.java:273)
	at org.apache.maven.surefire.junit4.JUnit4Provider.executeTestSet(JUnit4Provider.java:238)
	at org.apache.maven.surefire.junit4.JUnit4Provider.invoke(JUnit4Provider.java:159)
	at org.apache.maven.surefire.booter.ForkedBooter.invokeProviderInSameClassLoader(ForkedBooter.java:384)
	at org.apache.maven.surefire.booter.ForkedBooter.runSuitesInProcess(ForkedBooter.java:345)
	at org.apache.maven.surefire.booter.ForkedBooter.execute(ForkedBooter.java:126)
	at org.apache.maven.surefire.booter.ForkedBooter.main(ForkedBooter.java:418)
</failure>
    <system-out><![CDATA[2019-11-13 20:08:37,337 [main] WARN  server.ServerUtils (ServerUtils.java:getScmDbDir(145)) - ozone.scm.db.dirs is not configured. We recommend adding this setting. Falling back to ozone.metadata.dirs instead.
2019-11-13 20:08:37,431 [main] WARN  server.ServerUtils (ServerUtils.java:getScmDbDir(145)) - ozone.scm.db.dirs is not configured. We recommend adding this setting. Falling back to ozone.metadata.dirs instead.
2019-11-13 20:08:37,431 [main] WARN  server.ServerUtils (ServerUtils.java:getScmDbDir(145)) - ozone.scm.db.dirs is not configured. We recommend adding this setting. Falling back to ozone.metadata.dirs instead.
2019-11-13 20:08:37,432 [main] INFO  db.DBStoreBuilder (DBStoreBuilder.java:addTable(127)) - using custom profile for table: deletedBlocks
2019-11-13 20:08:37,433 [main] INFO  db.DBStoreBuilder (DBStoreBuilder.java:processTables(183)) - Using default column profile:DBProfile.DISK for Table:deletedBlocks
2019-11-13 20:08:37,433 [main] INFO  db.DBStoreBuilder (DBStoreBuilder.java:addTable(127)) - using custom profile for table: validCerts
2019-11-13 20:08:37,433 [main] INFO  db.DBStoreBuilder (DBStoreBuilder.java:processTables(183)) - Using default column profile:DBProfile.DISK for Table:validCerts
2019-11-13 20:08:37,434 [main] INFO  db.DBStoreBuilder (DBStoreBuilder.java:addTable(127)) - using custom profile for table: revokedCerts
2019-11-13 20:08:37,434 [main] INFO  db.DBStoreBuilder (DBStoreBuilder.java:processTables(183)) - Using default column profile:DBProfile.DISK for Table:revokedCerts
2019-11-13 20:08:37,434 [main] INFO  db.DBStoreBuilder (DBStoreBuilder.java:addTable(127)) - using custom profile for table: default
2019-11-13 20:08:37,434 [main] INFO  db.DBStoreBuilder (DBStoreBuilder.java:processTables(189)) - Using default column profile:DBProfile.DISK for Table:default
2019-11-13 20:08:37,435 [main] INFO  db.DBStoreBuilder (DBStoreBuilder.java:getDbProfile(220)) - Using default options. DBProfile.DISK
2019-11-13 20:08:37,630 [main] INFO  net.NodeSchemaLoader (NodeSchemaLoader.java:loadSchemaFromFile(125)) - Loading file from sun.misc.CompoundEnumeration@4602f874
2019-11-13 20:08:37,631 [main] INFO  net.NodeSchemaLoader (NodeSchemaLoader.java:loadSchema(171)) - Loading network topology layer schema file
2019-11-13 20:08:37,639 [main] INFO  node.SCMNodeManager (SCMNodeManager.java:<init>(116)) - Entering startup safe mode.
2019-11-13 20:08:37,640 [main] INFO  algorithms.ContainerPlacementPolicyFactory (ContainerPlacementPolicyFactory.java:getPolicy(57)) - Create container placement policy of type org.apache.hadoop.hdds.scm.container.placement.algorithms.SCMContainerPlacementRandom
2019-11-13 20:08:37,640 [main] WARN  server.ServerUtils (ServerUtils.java:getScmDbDir(145)) - ozone.scm.db.dirs is not configured. We recommend adding this setting. Falling back to ozone.metadata.dirs instead.
2019-11-13 20:08:37,712 [main] INFO  pipeline.SCMPipelineManager (SCMPipelineManager.java:initializePipelineState(132)) - No pipeline exists in current db
2019-11-13 20:08:37,713 [main] WARN  server.ServerUtils (ServerUtils.java:getScmDbDir(145)) - ozone.scm.db.dirs is not configured. We recommend adding this setting. Falling back to ozone.metadata.dirs instead.
2019-11-13 20:08:37,781 [main] WARN  events.EventQueue (EventQueue.java:fireEvent(183)) - No event handler registered for event TypedEvent{payloadType=SafeModeStatus, name='SafeModeStatus'}
2019-11-13 20:08:37,782 [main] INFO  ipc.CallQueueManager (CallQueueManager.java:<init>(84)) - Using callQueue: class java.util.concurrent.LinkedBlockingQueue, queueCapacity: 2000, scheduler: class org.apache.hadoop.ipc.DefaultRpcScheduler, ipcBackoff: false.
2019-11-13 20:08:37,783 [Socket Reader #1 for port 42664] INFO  ipc.Server (Server.java:run(1074)) - Starting Socket Reader #1 for port 42664
2019-11-13 20:08:37,785 [main] INFO  ipc.CallQueueManager (CallQueueManager.java:<init>(84)) - Using callQueue: class java.util.concurrent.LinkedBlockingQueue, queueCapacity: 2000, scheduler: class org.apache.hadoop.ipc.DefaultRpcScheduler, ipcBackoff: false.
2019-11-13 20:08:37,785 [Socket Reader #1 for port 32838] INFO  ipc.Server (Server.java:run(1074)) - Starting Socket Reader #1 for port 32838
2019-11-13 20:08:37,786 [main] INFO  ipc.CallQueueManager (CallQueueManager.java:<init>(84)) - Using callQueue: class java.util.concurrent.LinkedBlockingQueue, queueCapacity: 2000, scheduler: class org.apache.hadoop.ipc.DefaultRpcScheduler, ipcBackoff: false.
2019-11-13 20:08:37,787 [Socket Reader #1 for port 38921] INFO  ipc.Server (Server.java:run(1074)) - Starting Socket Reader #1 for port 38921
2019-11-13 20:08:37,789 [main] INFO  hdfs.DFSUtil (DFSUtil.java:httpServerTemplateForNNAndJN(1641)) - Starting Web-server for scm at: http://0.0.0.0:0
2019-11-13 20:08:37,790 [main] INFO  server.AuthenticationFilter (AuthenticationFilter.java:constructSecretProvider(240)) - Unable to initialize FileSignerSecretProvider, falling back to use random secrets.
2019-11-13 20:08:37,791 [main] WARN  http.HttpRequestLog (HttpRequestLog.java:getRequestLog(97)) - Jetty request log can only be enabled using Log4j
2019-11-13 20:08:37,792 [main] INFO  http.HttpServer2 (HttpServer2.java:addGlobalFilter(975)) - Added global filter 'safety' (class=org.apache.hadoop.http.HttpServer2$QuotingInputFilter)
2019-11-13 20:08:37,792 [main] INFO  http.HttpServer2 (HttpServer2.java:addFilter(948)) - Added filter static_user_filter (class=org.apache.hadoop.http.lib.StaticUserWebFilter$StaticUserFilter) to context scm
2019-11-13 20:08:37,793 [main] INFO  http.HttpServer2 (HttpServer2.java:addFilter(958)) - Added filter static_user_filter (class=org.apache.hadoop.http.lib.StaticUserWebFilter$StaticUserFilter) to context static
2019-11-13 20:08:37,793 [main] INFO  http.HttpServer2 (HttpServer2.java:addFilter(958)) - Added filter static_user_filter (class=org.apache.hadoop.http.lib.StaticUserWebFilter$StaticUserFilter) to context logs
2019-11-13 20:08:37,794 [main] INFO  server.StorageContainerManager (StorageContainerManager.java:start(764)) - StorageContainerLocationProtocol RPC server is listening at /0.0.0.0:38921
2019-11-13 20:08:37,796 [main] WARN  impl.MetricsConfig (MetricsConfig.java:loadFirst(134)) - Cannot locate configuration: tried hadoop-metrics2-storagecontainermanager.properties,hadoop-metrics2.properties
2019-11-13 20:08:37,797 [main] INFO  impl.MetricsSystemImpl (MetricsSystemImpl.java:startTimer(374)) - Scheduled Metric snapshot period at 10 second(s).
2019-11-13 20:08:37,797 [main] INFO  impl.MetricsSystemImpl (MetricsSystemImpl.java:start(191)) - StorageContainerManager metrics system started
2019-11-13 20:08:37,850 [main] WARN  impl.MetricsSystemImpl (MetricsSystemImpl.java:register(276)) - Sink prometheus already exists!
2019-11-13 20:08:37,893 [main] INFO  server.SCMClientProtocolServer (SCMClientProtocolServer.java:start(159)) - RPC server for Client  is listening at /0.0.0.0:38921
2019-11-13 20:08:37,893 [IPC Server Responder] INFO  ipc.Server (Server.java:run(1314)) - IPC Server Responder: starting
2019-11-13 20:08:37,893 [IPC Server listener on 38921] INFO  ipc.Server (Server.java:run(1153)) - IPC Server listener on 38921: starting
2019-11-13 20:08:37,896 [main] INFO  server.StorageContainerManager (StorageContainerManager.java:start(774)) - ScmBlockLocationProtocol RPC server is listening at /0.0.0.0:32838
2019-11-13 20:08:37,896 [main] INFO  server.SCMBlockProtocolServer (SCMBlockProtocolServer.java:start(146)) - RPC server for Block Protocol is listening at /0.0.0.0:32838
2019-11-13 20:08:37,897 [IPC Server Responder] INFO  ipc.Server (Server.java:run(1314)) - IPC Server Responder: starting
2019-11-13 20:08:37,897 [IPC Server listener on 32838] INFO  ipc.Server (Server.java:run(1153)) - IPC Server listener on 32838: starting
2019-11-13 20:08:37,899 [main] INFO  server.StorageContainerManager (StorageContainerManager.java:start(778)) - ScmDatanodeProtocl RPC server is listening at /0.0.0.0:42664
2019-11-13 20:08:37,899 [main] INFO  server.SCMDatanodeProtocolServer (SCMDatanodeProtocolServer.java:start(169)) - RPC server for DataNodes is listening at /0.0.0.0:42664
2019-11-13 20:08:37,900 [IPC Server Responder] INFO  ipc.Server (Server.java:run(1314)) - IPC Server Responder: starting
2019-11-13 20:08:37,900 [IPC Server listener on 42664] INFO  ipc.Server (Server.java:run(1153)) - IPC Server listener on 42664: starting
2019-11-13 20:08:37,902 [main] INFO  http.HttpServer2 (HttpServer2.java:bindListener(1191)) - Jetty bound to port 38779
2019-11-13 20:08:37,902 [main] INFO  server.Server (Server.java:doStart(351)) - jetty-9.3.25.v20180904, build timestamp: 2018-09-04T21:11:46Z, git hash: 3ce520221d0240229c862b122d2b06c12a625732
2019-11-13 20:08:37,904 [main] INFO  handler.ContextHandler (ContextHandler.java:doStart(781)) - Started o.e.j.s.ServletContextHandler@6b4a4e40{/logs,file:///workdir/hadoop-ozone/integration-test/target/log,AVAILABLE}
2019-11-13 20:08:37,904 [main] INFO  handler.ContextHandler (ContextHandler.java:doStart(781)) - Started o.e.j.s.ServletContextHandler@4f664bee{/static,file:///workdir/hadoop-ozone/integration-test/target/test-classes/webapps/static,AVAILABLE}
2019-11-13 20:08:38,190 [main] INFO  handler.ContextHandler (ContextHandler.java:doStart(781)) - Started o.e.j.w.WebAppContext@44dfdd58{/,file:///workdir/hadoop-ozone/integration-test/target/test-classes/webapps/scm/,AVAILABLE}{/scm}
2019-11-13 20:08:38,209 [main] INFO  server.AbstractConnector (AbstractConnector.java:doStart(278)) - Started ServerConnector@58d4238e{HTTP/1.1,[http/1.1]}{0.0.0.0:38779}
2019-11-13 20:08:38,209 [main] INFO  server.Server (Server.java:doStart(419)) - Started @378364ms
2019-11-13 20:08:38,210 [main] WARN  impl.MetricsSystemImpl (MetricsSystemImpl.java:register(276)) - Sink prometheus already exists!
2019-11-13 20:08:38,214 [main] INFO  server.BaseHttpServer (BaseHttpServer.java:updateConnectorAddress(215)) - HTTP server of SCM is listening at http://0.0.0.0:38779
2019-11-13 20:08:38,216 [main] WARN  server.ServerUtils (ServerUtils.java:getDBPath(222)) - ozone.om.db.dirs is not configured. We recommend adding this setting. Falling back to ozone.metadata.dirs instead.
2019-11-13 20:08:38,217 [org.apache.hadoop.util.JvmPauseMonitor$Monitor@36478bce] INFO  util.JvmPauseMonitor (JvmPauseMonitor.java:run(188)) - Starting JVM pause monitor
2019-11-13 20:08:38,236 [main] INFO  ha.OMHANodeDetails (OMHANodeDetails.java:loadOMHAConfig(190)) - Configuration either no ozone.om.address set. Falling back to the default OM address /127.0.0.1:0
2019-11-13 20:08:38,236 [main] INFO  ha.OMHANodeDetails (OMHANodeDetails.java:getOMNodeDetails(220)) - OM Service ID is not set. Setting it to the default ID: omServiceIdDefault
2019-11-13 20:08:38,236 [main] WARN  server.ServerUtils (ServerUtils.java:getDBPath(222)) - ozone.om.db.dirs is not configured. We recommend adding this setting. Falling back to ozone.metadata.dirs instead.
2019-11-13 20:08:38,237 [main] WARN  server.ServerUtils (ServerUtils.java:getDBPath(222)) - ozone.om.db.dirs is not configured. We recommend adding this setting. Falling back to ozone.metadata.dirs instead.
2019-11-13 20:08:38,243 [main] WARN  server.ServerUtils (ServerUtils.java:getDBPath(222)) - ozone.om.db.dirs is not configured. We recommend adding this setting. Falling back to ozone.metadata.dirs instead.
2019-11-13 20:08:38,243 [main] INFO  db.DBStoreBuilder (DBStoreBuilder.java:addTable(127)) - using custom profile for table: userTable
2019-11-13 20:08:38,243 [main] INFO  db.DBStoreBuilder (DBStoreBuilder.java:processTables(183)) - Using default column profile:DBProfile.DISK for Table:userTable
2019-11-13 20:08:38,244 [main] INFO  db.DBStoreBuilder (DBStoreBuilder.java:addTable(127)) - using custom profile for table: volumeTable
2019-11-13 20:08:38,244 [main] INFO  db.DBStoreBuilder (DBStoreBuilder.java:processTables(183)) - Using default column profile:DBProfile.DISK for Table:volumeTable
2019-11-13 20:08:38,244 [main] INFO  db.DBStoreBuilder (DBStoreBuilder.java:addTable(127)) - using custom profile for table: bucketTable
2019-11-13 20:08:38,244 [main] INFO  db.DBStoreBuilder (DBStoreBuilder.java:processTables(183)) - Using default column profile:DBProfile.DISK for Table:bucketTable
2019-11-13 20:08:38,244 [main] INFO  db.DBStoreBuilder (DBStoreBuilder.java:addTable(127)) - using custom profile for table: keyTable
2019-11-13 20:08:38,244 [main] INFO  db.DBStoreBuilder (DBStoreBuilder.java:processTables(183)) - Using default column profile:DBProfile.DISK for Table:keyTable
2019-11-13 20:08:38,245 [main] INFO  db.DBStoreBuilder (DBStoreBuilder.java:addTable(127)) - using custom profile for table: deletedTable
2019-11-13 20:08:38,245 [main] INFO  db.DBStoreBuilder (DBStoreBuilder.java:processTables(183)) - Using default column profile:DBProfile.DISK for Table:deletedTable
2019-11-13 20:08:38,245 [main] INFO  db.DBStoreBuilder (DBStoreBuilder.java:addTable(127)) - using custom profile for table: openKeyTable
2019-11-13 20:08:38,245 [main] INFO  db.DBStoreBuilder (DBStoreBuilder.java:processTables(183)) - Using default column profile:DBProfile.DISK for Table:openKeyTable
2019-11-13 20:08:38,245 [main] INFO  db.DBStoreBuilder (DBStoreBuilder.java:addTable(127)) - using custom profile for table: s3Table
2019-11-13 20:08:38,245 [main] INFO  db.DBStoreBuilder (DBStoreBuilder.java:processTables(183)) - Using default column profile:DBProfile.DISK for Table:s3Table
2019-11-13 20:08:38,246 [main] INFO  db.DBStoreBuilder (DBStoreBuilder.java:addTable(127)) - using custom profile for table: multipartInfoTable
2019-11-13 20:08:38,246 [main] INFO  db.DBStoreBuilder (DBStoreBuilder.java:processTables(183)) - Using default column profile:DBProfile.DISK for Table:multipartInfoTable
2019-11-13 20:08:38,246 [main] INFO  db.DBStoreBuilder (DBStoreBuilder.java:addTable(127)) - using custom profile for table: dTokenTable
2019-11-13 20:08:38,246 [main] INFO  db.DBStoreBuilder (DBStoreBuilder.java:processTables(183)) - Using default column profile:DBProfile.DISK for Table:dTokenTable
2019-11-13 20:08:38,246 [main] INFO  db.DBStoreBuilder (DBStoreBuilder.java:addTable(127)) - using custom profile for table: s3SecretTable
2019-11-13 20:08:38,246 [main] INFO  db.DBStoreBuilder (DBStoreBuilder.java:processTables(183)) - Using default column profile:DBProfile.DISK for Table:s3SecretTable
2019-11-13 20:08:38,247 [main] INFO  db.DBStoreBuilder (DBStoreBuilder.java:addTable(127)) - using custom profile for table: prefixTable
2019-11-13 20:08:38,247 [main] INFO  db.DBStoreBuilder (DBStoreBuilder.java:processTables(183)) - Using default column profile:DBProfile.DISK for Table:prefixTable
2019-11-13 20:08:38,247 [main] INFO  db.DBStoreBuilder (DBStoreBuilder.java:addTable(127)) - using custom profile for table: default
2019-11-13 20:08:38,247 [main] INFO  db.DBStoreBuilder (DBStoreBuilder.java:processTables(189)) - Using default column profile:DBProfile.DISK for Table:default
2019-11-13 20:08:38,247 [main] INFO  db.DBStoreBuilder (DBStoreBuilder.java:getDbProfile(220)) - Using default options. DBProfile.DISK
2019-11-13 20:08:38,755 [main] INFO  ipc.CallQueueManager (CallQueueManager.java:<init>(84)) - Using callQueue: class java.util.concurrent.LinkedBlockingQueue, queueCapacity: 2000, scheduler: class org.apache.hadoop.ipc.DefaultRpcScheduler, ipcBackoff: false.
2019-11-13 20:08:38,756 [Socket Reader #1 for port 37947] INFO  ipc.Server (Server.java:run(1074)) - Starting Socket Reader #1 for port 37947
2019-11-13 20:08:38,766 [main] INFO  om.OzoneManager (OzoneManager.java:start(1077)) - OzoneManager RPC server is listening at localhost/127.0.0.1:37947
2019-11-13 20:08:38,766 [main] INFO  impl.MetricsSystemImpl (MetricsSystemImpl.java:init(158)) - OzoneManager metrics system started (again)
2019-11-13 20:08:38,767 [IPC Server listener on 37947] INFO  ipc.Server (Server.java:run(1153)) - IPC Server listener on 37947: starting
2019-11-13 20:08:38,767 [IPC Server Responder] INFO  ipc.Server (Server.java:run(1314)) - IPC Server Responder: starting
2019-11-13 20:08:38,770 [main] INFO  hdfs.DFSUtil (DFSUtil.java:httpServerTemplateForNNAndJN(1641)) - Starting Web-server for ozoneManager at: http://0.0.0.0:0
2019-11-13 20:08:38,771 [main] INFO  server.AuthenticationFilter (AuthenticationFilter.java:constructSecretProvider(240)) - Unable to initialize FileSignerSecretProvider, falling back to use random secrets.
2019-11-13 20:08:38,772 [main] WARN  http.HttpRequestLog (HttpRequestLog.java:getRequestLog(97)) - Jetty request log can only be enabled using Log4j
2019-11-13 20:08:38,773 [main] INFO  http.HttpServer2 (HttpServer2.java:addGlobalFilter(975)) - Added global filter 'safety' (class=org.apache.hadoop.http.HttpServer2$QuotingInputFilter)
2019-11-13 20:08:38,773 [main] INFO  http.HttpServer2 (HttpServer2.java:addFilter(948)) - Added filter static_user_filter (class=org.apache.hadoop.http.lib.StaticUserWebFilter$StaticUserFilter) to context ozoneManager
2019-11-13 20:08:38,773 [main] INFO  http.HttpServer2 (HttpServer2.java:addFilter(958)) - Added filter static_user_filter (class=org.apache.hadoop.http.lib.StaticUserWebFilter$StaticUserFilter) to context logs
2019-11-13 20:08:38,773 [main] INFO  http.HttpServer2 (HttpServer2.java:addFilter(958)) - Added filter static_user_filter (class=org.apache.hadoop.http.lib.StaticUserWebFilter$StaticUserFilter) to context static
2019-11-13 20:08:38,774 [main] INFO  http.HttpServer2 (HttpServer2.java:bindListener(1191)) - Jetty bound to port 41691
2019-11-13 20:08:38,774 [main] INFO  server.Server (Server.java:doStart(351)) - jetty-9.3.25.v20180904, build timestamp: 2018-09-04T21:11:46Z, git hash: 3ce520221d0240229c862b122d2b06c12a625732
2019-11-13 20:08:38,775 [main] INFO  handler.ContextHandler (ContextHandler.java:doStart(781)) - Started o.e.j.s.ServletContextHandler@13278a41{/logs,file:///workdir/hadoop-ozone/integration-test/target/log,AVAILABLE}
2019-11-13 20:08:38,775 [main] INFO  handler.ContextHandler (ContextHandler.java:doStart(781)) - Started o.e.j.s.ServletContextHandler@3ab595c8{/static,file:///workdir/hadoop-ozone/integration-test/target/test-classes/webapps/static,AVAILABLE}
2019-11-13 20:08:38,778 [main] INFO  handler.ContextHandler (ContextHandler.java:doStart(781)) - Started o.e.j.w.WebAppContext@49c1e294{/,file:///workdir/hadoop-ozone/integration-test/target/test-classes/webapps/ozoneManager/,AVAILABLE}{/ozoneManager}
2019-11-13 20:08:38,778 [main] INFO  server.AbstractConnector (AbstractConnector.java:doStart(278)) - Started ServerConnector@7741ae1b{HTTP/1.1,[http/1.1]}{0.0.0.0:41691}
2019-11-13 20:08:38,779 [main] INFO  server.Server (Server.java:doStart(419)) - Started @378934ms
2019-11-13 20:08:38,779 [main] WARN  impl.MetricsSystemImpl (MetricsSystemImpl.java:register(276)) - Sink prometheus already exists!
2019-11-13 20:08:38,780 [main] INFO  server.BaseHttpServer (BaseHttpServer.java:updateConnectorAddress(215)) - HTTP server of OZONEMANAGER is listening at http://0.0.0.0:41691
2019-11-13 20:08:38,795 [main] INFO  impl.MetricsSystemImpl (MetricsSystemImpl.java:init(158)) - HddsDatanode metrics system started (again)
2019-11-13 20:08:38,797 [main] INFO  ozone.HddsDatanodeService (HddsDatanodeService.java:start(186)) - HddsDatanodeService host:pr-hdds-2469-rfsxc-843238572 ip:192.168.34.38
2019-11-13 20:08:38,802 [main] INFO  volume.HddsVolume (HddsVolume.java:<init>(176)) - Creating Volume: /workdir/hadoop-ozone/integration-test/target/test-dir/MiniOzoneClusterImpl-89214370-af8c-46c8-b403-f68b2ae7a3e8/datanode-0/data/containers/hdds of  storage type : DISK and capacity : 1482555576320
2019-11-13 20:08:38,803 [main] INFO  volume.VolumeSet (VolumeSet.java:initializeVolumeSet(170)) - Added Volume : /workdir/hadoop-ozone/integration-test/target/test-dir/MiniOzoneClusterImpl-89214370-af8c-46c8-b403-f68b2ae7a3e8/datanode-0/data/containers/hdds to VolumeSet
2019-11-13 20:08:38,803 [main] INFO  volume.ThrottledAsyncChecker (ThrottledAsyncChecker.java:schedule(141)) - Scheduling a check for /workdir/hadoop-ozone/integration-test/target/test-dir/MiniOzoneClusterImpl-89214370-af8c-46c8-b403-f68b2ae7a3e8/datanode-0/data/containers/hdds
2019-11-13 20:08:38,804 [main] INFO  volume.HddsVolumeChecker (HddsVolumeChecker.java:checkAllVolumes(204)) - Scheduled health check for volume /workdir/hadoop-ozone/integration-test/target/test-dir/MiniOzoneClusterImpl-89214370-af8c-46c8-b403-f68b2ae7a3e8/datanode-0/data/containers/hdds
2019-11-13 20:08:38,815 [main] INFO  impl.RaftServerProxy (ConfUtils.java:logGet(43)) - raft.rpc.type = GRPC (default)
2019-11-13 20:08:38,815 [main] INFO  grpc.GrpcFactory (GrpcFactory.java:checkPooledByteBufAllocatorUseCacheForAllThreads(45)) - PERFORMANCE WARNING: useCacheForAllThreads is true that may cause Netty to create a lot garbage objects and, as a result, trigger GC.
	It is recommended to disable useCacheForAllThreads by setting -Dorg.apache.ratis.thirdparty.io.netty.allocator.useCacheForAllThreads=false in command line.
2019-11-13 20:08:38,815 [main] INFO  grpc.GrpcConfigKeys$Server (ConfUtils.java:logGet(43)) - raft.grpc.server.port = 0 (default)
2019-11-13 20:08:38,815 [main] INFO  server.GrpcService (ConfUtils.java:logGet(43)) - raft.grpc.message.size.max = 33570816 (custom)
2019-11-13 20:08:38,816 [main] INFO  server.RaftServerConfigKeys (ConfUtils.java:logGet(43)) - raft.server.log.appender.buffer.byte-limit = 33554432 (custom)
2019-11-13 20:08:38,816 [main] INFO  server.GrpcService (ConfUtils.java:logGet(43)) - raft.grpc.flow.control.window = 1MB (=1048576) (default)
2019-11-13 20:08:38,816 [main] INFO  server.RaftServerConfigKeys (ConfUtils.java:logGet(43)) - raft.server.rpc.request.timeout = 3000ms (default)
2019-11-13 20:08:38,816 [main] INFO  server.RaftServerConfigKeys (ConfUtils.java:logGet(43)) - raft.server.storage.dir = [/workdir/hadoop-ozone/integration-test/target/test-dir/MiniOzoneClusterImpl-89214370-af8c-46c8-b403-f68b2ae7a3e8/datanode-0/data/ratis] (custom)
2019-11-13 20:08:38,818 [main] INFO  hdfs.DFSUtil (DFSUtil.java:httpServerTemplateForNNAndJN(1641)) - Starting Web-server for hddsDatanode at: http://0.0.0.0:0
2019-11-13 20:08:38,819 [main] INFO  server.AuthenticationFilter (AuthenticationFilter.java:constructSecretProvider(240)) - Unable to initialize FileSignerSecretProvider, falling back to use random secrets.
2019-11-13 20:08:38,820 [main] WARN  http.HttpRequestLog (HttpRequestLog.java:getRequestLog(97)) - Jetty request log can only be enabled using Log4j
2019-11-13 20:08:38,821 [main] INFO  http.HttpServer2 (HttpServer2.java:addGlobalFilter(975)) - Added global filter 'safety' (class=org.apache.hadoop.http.HttpServer2$QuotingInputFilter)
2019-11-13 20:08:38,821 [main] INFO  http.HttpServer2 (HttpServer2.java:addFilter(948)) - Added filter static_user_filter (class=org.apache.hadoop.http.lib.StaticUserWebFilter$StaticUserFilter) to context hddsDatanode
2019-11-13 20:08:38,821 [main] INFO  http.HttpServer2 (HttpServer2.java:addFilter(958)) - Added filter static_user_filter (class=org.apache.hadoop.http.lib.StaticUserWebFilter$StaticUserFilter) to context logs
2019-11-13 20:08:38,821 [main] INFO  http.HttpServer2 (HttpServer2.java:addFilter(958)) - Added filter static_user_filter (class=org.apache.hadoop.http.lib.StaticUserWebFilter$StaticUserFilter) to context static
2019-11-13 20:08:38,822 [main] INFO  http.HttpServer2 (HttpServer2.java:bindListener(1191)) - Jetty bound to port 36572
2019-11-13 20:08:38,822 [main] INFO  server.Server (Server.java:doStart(351)) - jetty-9.3.25.v20180904, build timestamp: 2018-09-04T21:11:46Z, git hash: 3ce520221d0240229c862b122d2b06c12a625732
2019-11-13 20:08:38,823 [main] INFO  handler.ContextHandler (ContextHandler.java:doStart(781)) - Started o.e.j.s.ServletContextHandler@55a0f011{/logs,file:///workdir/hadoop-ozone/integration-test/target/log,AVAILABLE}
2019-11-13 20:08:38,824 [main] INFO  handler.ContextHandler (ContextHandler.java:doStart(781)) - Started o.e.j.s.ServletContextHandler@39133244{/static,jar:file:/home/user/.m2/repository/org/apache/hadoop/hadoop-hdds-container-service/0.5.0-SNAPSHOT/hadoop-hdds-container-service-0.5.0-SNAPSHOT.jar!/webapps/static,AVAILABLE}
2019-11-13 20:08:38,852 [main] INFO  handler.ContextHandler (ContextHandler.java:doStart(781)) - Started o.e.j.w.WebAppContext@527937d0{/,file:///tmp/jetty-0.0.0.0-36572-hddsDatanode-_-any-1916807866423189494.dir/webapp/,AVAILABLE}{/hddsDatanode}
2019-11-13 20:08:38,852 [main] INFO  server.AbstractConnector (AbstractConnector.java:doStart(278)) - Started ServerConnector@36d582cb{HTTP/1.1,[http/1.1]}{0.0.0.0:36572}
2019-11-13 20:08:38,853 [main] INFO  server.Server (Server.java:doStart(419)) - Started @379007ms
2019-11-13 20:08:38,853 [main] WARN  impl.MetricsSystemImpl (MetricsSystemImpl.java:register(276)) - Sink prometheus already exists!
2019-11-13 20:08:38,854 [main] INFO  server.BaseHttpServer (BaseHttpServer.java:updateConnectorAddress(215)) - HTTP server of HDDSDATANODE is listening at http://0.0.0.0:36572
2019-11-13 20:08:38,854 [main] INFO  impl.MetricsSystemImpl (MetricsSystemImpl.java:init(158)) - HddsDatanode metrics system started (again)
2019-11-13 20:08:38,856 [main] INFO  ozone.HddsDatanodeService (HddsDatanodeService.java:start(186)) - HddsDatanodeService host:pr-hdds-2469-rfsxc-843238572 ip:192.168.34.38
2019-11-13 20:08:38,856 [org.apache.hadoop.util.JvmPauseMonitor$Monitor@5078f73e] INFO  util.JvmPauseMonitor (JvmPauseMonitor.java:run(188)) - Starting JVM pause monitor
2019-11-13 20:08:38,857 [Datanode State Machine Thread - 0] INFO  datanode.InitDatanodeState (InitDatanodeState.java:persistContainerDatanodeDetails(140)) - DatanodeDetails is persisted to /workdir/hadoop-ozone/integration-test/target/test-dir/MiniOzoneClusterImpl-89214370-af8c-46c8-b403-f68b2ae7a3e8/datanode-0/meta/datanode.id
2019-11-13 20:08:38,862 [main] INFO  volume.HddsVolume (HddsVolume.java:<init>(176)) - Creating Volume: /workdir/hadoop-ozone/integration-test/target/test-dir/MiniOzoneClusterImpl-89214370-af8c-46c8-b403-f68b2ae7a3e8/datanode-1/data/containers/hdds of  storage type : DISK and capacity : 1482555576320
2019-11-13 20:08:38,863 [main] INFO  volume.VolumeSet (VolumeSet.java:initializeVolumeSet(170)) - Added Volume : /workdir/hadoop-ozone/integration-test/target/test-dir/MiniOzoneClusterImpl-89214370-af8c-46c8-b403-f68b2ae7a3e8/datanode-1/data/containers/hdds to VolumeSet
2019-11-13 20:08:38,863 [main] INFO  volume.ThrottledAsyncChecker (ThrottledAsyncChecker.java:schedule(141)) - Scheduling a check for /workdir/hadoop-ozone/integration-test/target/test-dir/MiniOzoneClusterImpl-89214370-af8c-46c8-b403-f68b2ae7a3e8/datanode-1/data/containers/hdds
2019-11-13 20:08:38,863 [main] INFO  volume.HddsVolumeChecker (HddsVolumeChecker.java:checkAllVolumes(204)) - Scheduled health check for volume /workdir/hadoop-ozone/integration-test/target/test-dir/MiniOzoneClusterImpl-89214370-af8c-46c8-b403-f68b2ae7a3e8/datanode-1/data/containers/hdds
2019-11-13 20:08:38,875 [main] INFO  impl.RaftServerProxy (ConfUtils.java:logGet(43)) - raft.rpc.type = GRPC (default)
2019-11-13 20:08:38,875 [main] INFO  grpc.GrpcFactory (GrpcFactory.java:checkPooledByteBufAllocatorUseCacheForAllThreads(45)) - PERFORMANCE WARNING: useCacheForAllThreads is true that may cause Netty to create a lot garbage objects and, as a result, trigger GC.
	It is recommended to disable useCacheForAllThreads by setting -Dorg.apache.ratis.thirdparty.io.netty.allocator.useCacheForAllThreads=false in command line.
2019-11-13 20:08:38,875 [main] INFO  grpc.GrpcConfigKeys$Server (ConfUtils.java:logGet(43)) - raft.grpc.server.port = 0 (default)
2019-11-13 20:08:38,875 [main] INFO  server.GrpcService (ConfUtils.java:logGet(43)) - raft.grpc.message.size.max = 33570816 (custom)
2019-11-13 20:08:38,875 [main] INFO  server.RaftServerConfigKeys (ConfUtils.java:logGet(43)) - raft.server.log.appender.buffer.byte-limit = 33554432 (custom)
2019-11-13 20:08:38,876 [main] INFO  server.GrpcService (ConfUtils.java:logGet(43)) - raft.grpc.flow.control.window = 1MB (=1048576) (default)
2019-11-13 20:08:38,876 [main] INFO  server.RaftServerConfigKeys (ConfUtils.java:logGet(43)) - raft.server.rpc.request.timeout = 3000ms (default)
2019-11-13 20:08:38,876 [main] INFO  server.RaftServerConfigKeys (ConfUtils.java:logGet(43)) - raft.server.storage.dir = [/workdir/hadoop-ozone/integration-test/target/test-dir/MiniOzoneClusterImpl-89214370-af8c-46c8-b403-f68b2ae7a3e8/datanode-1/data/ratis] (custom)
2019-11-13 20:08:38,878 [main] INFO  hdfs.DFSUtil (DFSUtil.java:httpServerTemplateForNNAndJN(1641)) - Starting Web-server for hddsDatanode at: http://0.0.0.0:0
2019-11-13 20:08:38,879 [main] INFO  server.AuthenticationFilter (AuthenticationFilter.java:constructSecretProvider(240)) - Unable to initialize FileSignerSecretProvider, falling back to use random secrets.
2019-11-13 20:08:38,880 [main] WARN  http.HttpRequestLog (HttpRequestLog.java:getRequestLog(97)) - Jetty request log can only be enabled using Log4j
2019-11-13 20:08:38,881 [main] INFO  http.HttpServer2 (HttpServer2.java:addGlobalFilter(975)) - Added global filter 'safety' (class=org.apache.hadoop.http.HttpServer2$QuotingInputFilter)
2019-11-13 20:08:38,882 [main] INFO  http.HttpServer2 (HttpServer2.java:addFilter(948)) - Added filter static_user_filter (class=org.apache.hadoop.http.lib.StaticUserWebFilter$StaticUserFilter) to context hddsDatanode
2019-11-13 20:08:38,882 [main] INFO  http.HttpServer2 (HttpServer2.java:addFilter(958)) - Added filter static_user_filter (class=org.apache.hadoop.http.lib.StaticUserWebFilter$StaticUserFilter) to context logs
2019-11-13 20:08:38,882 [main] INFO  http.HttpServer2 (HttpServer2.java:addFilter(958)) - Added filter static_user_filter (class=org.apache.hadoop.http.lib.StaticUserWebFilter$StaticUserFilter) to context static
2019-11-13 20:08:38,883 [main] INFO  http.HttpServer2 (HttpServer2.java:bindListener(1191)) - Jetty bound to port 37346
2019-11-13 20:08:38,883 [main] INFO  server.Server (Server.java:doStart(351)) - jetty-9.3.25.v20180904, build timestamp: 2018-09-04T21:11:46Z, git hash: 3ce520221d0240229c862b122d2b06c12a625732
2019-11-13 20:08:38,885 [main] INFO  handler.ContextHandler (ContextHandler.java:doStart(781)) - Started o.e.j.s.ServletContextHandler@935493d{/logs,file:///workdir/hadoop-ozone/integration-test/target/log,AVAILABLE}
2019-11-13 20:08:38,886 [main] INFO  handler.ContextHandler (ContextHandler.java:doStart(781)) - Started o.e.j.s.ServletContextHandler@34c62fdf{/static,jar:file:/home/user/.m2/repository/org/apache/hadoop/hadoop-hdds-container-service/0.5.0-SNAPSHOT/hadoop-hdds-container-service-0.5.0-SNAPSHOT.jar!/webapps/static,AVAILABLE}
2019-11-13 20:08:38,918 [main] INFO  handler.ContextHandler (ContextHandler.java:doStart(781)) - Started o.e.j.w.WebAppContext@289f15e9{/,file:///tmp/jetty-0.0.0.0-37346-hddsDatanode-_-any-8932216046238396370.dir/webapp/,AVAILABLE}{/hddsDatanode}
2019-11-13 20:08:38,918 [main] INFO  server.AbstractConnector (AbstractConnector.java:doStart(278)) - Started ServerConnector@7f22687e{HTTP/1.1,[http/1.1]}{0.0.0.0:37346}
2019-11-13 20:08:38,919 [main] INFO  server.Server (Server.java:doStart(419)) - Started @379074ms
2019-11-13 20:08:38,920 [main] WARN  impl.MetricsSystemImpl (MetricsSystemImpl.java:register(276)) - Sink prometheus already exists!
2019-11-13 20:08:38,921 [main] INFO  server.BaseHttpServer (BaseHttpServer.java:updateConnectorAddress(215)) - HTTP server of HDDSDATANODE is listening at http://0.0.0.0:37346
2019-11-13 20:08:38,921 [main] INFO  impl.MetricsSystemImpl (MetricsSystemImpl.java:init(158)) - HddsDatanode metrics system started (again)
2019-11-13 20:08:38,924 [org.apache.hadoop.util.JvmPauseMonitor$Monitor@7b7d5db] INFO  util.JvmPauseMonitor (JvmPauseMonitor.java:run(188)) - Starting JVM pause monitor
2019-11-13 20:08:38,924 [main] INFO  ozone.HddsDatanodeService (HddsDatanodeService.java:start(186)) - HddsDatanodeService host:pr-hdds-2469-rfsxc-843238572 ip:192.168.34.38
2019-11-13 20:08:38,924 [Datanode State Machine Thread - 0] INFO  datanode.InitDatanodeState (InitDatanodeState.java:persistContainerDatanodeDetails(140)) - DatanodeDetails is persisted to /workdir/hadoop-ozone/integration-test/target/test-dir/MiniOzoneClusterImpl-89214370-af8c-46c8-b403-f68b2ae7a3e8/datanode-1/meta/datanode.id
2019-11-13 20:08:38,929 [main] INFO  volume.HddsVolume (HddsVolume.java:<init>(176)) - Creating Volume: /workdir/hadoop-ozone/integration-test/target/test-dir/MiniOzoneClusterImpl-89214370-af8c-46c8-b403-f68b2ae7a3e8/datanode-2/data/containers/hdds of  storage type : DISK and capacity : 1482555576320
2019-11-13 20:08:38,930 [main] INFO  volume.VolumeSet (VolumeSet.java:initializeVolumeSet(170)) - Added Volume : /workdir/hadoop-ozone/integration-test/target/test-dir/MiniOzoneClusterImpl-89214370-af8c-46c8-b403-f68b2ae7a3e8/datanode-2/data/containers/hdds to VolumeSet
2019-11-13 20:08:38,930 [main] INFO  volume.ThrottledAsyncChecker (ThrottledAsyncChecker.java:schedule(141)) - Scheduling a check for /workdir/hadoop-ozone/integration-test/target/test-dir/MiniOzoneClusterImpl-89214370-af8c-46c8-b403-f68b2ae7a3e8/datanode-2/data/containers/hdds
2019-11-13 20:08:38,930 [main] INFO  volume.HddsVolumeChecker (HddsVolumeChecker.java:checkAllVolumes(204)) - Scheduled health check for volume /workdir/hadoop-ozone/integration-test/target/test-dir/MiniOzoneClusterImpl-89214370-af8c-46c8-b403-f68b2ae7a3e8/datanode-2/data/containers/hdds
2019-11-13 20:08:38,941 [main] INFO  impl.RaftServerProxy (ConfUtils.java:logGet(43)) - raft.rpc.type = GRPC (default)
2019-11-13 20:08:38,941 [main] INFO  grpc.GrpcFactory (GrpcFactory.java:checkPooledByteBufAllocatorUseCacheForAllThreads(45)) - PERFORMANCE WARNING: useCacheForAllThreads is true that may cause Netty to create a lot garbage objects and, as a result, trigger GC.
	It is recommended to disable useCacheForAllThreads by setting -Dorg.apache.ratis.thirdparty.io.netty.allocator.useCacheForAllThreads=false in command line.
2019-11-13 20:08:38,942 [main] INFO  grpc.GrpcConfigKeys$Server (ConfUtils.java:logGet(43)) - raft.grpc.server.port = 0 (default)
2019-11-13 20:08:38,942 [main] INFO  server.GrpcService (ConfUtils.java:logGet(43)) - raft.grpc.message.size.max = 33570816 (custom)
2019-11-13 20:08:38,942 [main] INFO  server.RaftServerConfigKeys (ConfUtils.java:logGet(43)) - raft.server.log.appender.buffer.byte-limit = 33554432 (custom)
2019-11-13 20:08:38,942 [main] INFO  server.GrpcService (ConfUtils.java:logGet(43)) - raft.grpc.flow.control.window = 1MB (=1048576) (default)
2019-11-13 20:08:38,943 [main] INFO  server.RaftServerConfigKeys (ConfUtils.java:logGet(43)) - raft.server.rpc.request.timeout = 3000ms (default)
2019-11-13 20:08:38,943 [main] INFO  server.RaftServerConfigKeys (ConfUtils.java:logGet(43)) - raft.server.storage.dir = [/workdir/hadoop-ozone/integration-test/target/test-dir/MiniOzoneClusterImpl-89214370-af8c-46c8-b403-f68b2ae7a3e8/datanode-2/data/ratis] (custom)
2019-11-13 20:08:38,945 [main] INFO  hdfs.DFSUtil (DFSUtil.java:httpServerTemplateForNNAndJN(1641)) - Starting Web-server for hddsDatanode at: http://0.0.0.0:0
2019-11-13 20:08:38,946 [main] INFO  server.AuthenticationFilter (AuthenticationFilter.java:constructSecretProvider(240)) - Unable to initialize FileSignerSecretProvider, falling back to use random secrets.
2019-11-13 20:08:38,947 [main] WARN  http.HttpRequestLog (HttpRequestLog.java:getRequestLog(97)) - Jetty request log can only be enabled using Log4j
2019-11-13 20:08:38,948 [main] INFO  http.HttpServer2 (HttpServer2.java:addGlobalFilter(975)) - Added global filter 'safety' (class=org.apache.hadoop.http.HttpServer2$QuotingInputFilter)
2019-11-13 20:08:38,949 [main] INFO  http.HttpServer2 (HttpServer2.java:addFilter(948)) - Added filter static_user_filter (class=org.apache.hadoop.http.lib.StaticUserWebFilter$StaticUserFilter) to context hddsDatanode
2019-11-13 20:08:38,949 [main] INFO  http.HttpServer2 (HttpServer2.java:addFilter(958)) - Added filter static_user_filter (class=org.apache.hadoop.http.lib.StaticUserWebFilter$StaticUserFilter) to context static
2019-11-13 20:08:38,949 [main] INFO  http.HttpServer2 (HttpServer2.java:addFilter(958)) - Added filter static_user_filter (class=org.apache.hadoop.http.lib.StaticUserWebFilter$StaticUserFilter) to context logs
2019-11-13 20:08:38,950 [main] INFO  http.HttpServer2 (HttpServer2.java:bindListener(1191)) - Jetty bound to port 46483
2019-11-13 20:08:38,950 [main] INFO  server.Server (Server.java:doStart(351)) - jetty-9.3.25.v20180904, build timestamp: 2018-09-04T21:11:46Z, git hash: 3ce520221d0240229c862b122d2b06c12a625732
2019-11-13 20:08:38,951 [main] INFO  handler.ContextHandler (ContextHandler.java:doStart(781)) - Started o.e.j.s.ServletContextHandler@7d50f2a8{/logs,file:///workdir/hadoop-ozone/integration-test/target/log,AVAILABLE}
2019-11-13 20:08:38,951 [main] INFO  handler.ContextHandler (ContextHandler.java:doStart(781)) - Started o.e.j.s.ServletContextHandler@37ca3ca8{/static,jar:file:/home/user/.m2/repository/org/apache/hadoop/hadoop-hdds-container-service/0.5.0-SNAPSHOT/hadoop-hdds-container-service-0.5.0-SNAPSHOT.jar!/webapps/static,AVAILABLE}
2019-11-13 20:08:38,979 [main] INFO  handler.ContextHandler (ContextHandler.java:doStart(781)) - Started o.e.j.w.WebAppContext@7761e342{/,file:///tmp/jetty-0.0.0.0-46483-hddsDatanode-_-any-5189138381253478491.dir/webapp/,AVAILABLE}{/hddsDatanode}
2019-11-13 20:08:38,979 [main] INFO  server.AbstractConnector (AbstractConnector.java:doStart(278)) - Started ServerConnector@51f68849{HTTP/1.1,[http/1.1]}{0.0.0.0:46483}
2019-11-13 20:08:38,980 [main] INFO  server.Server (Server.java:doStart(419)) - Started @379135ms
2019-11-13 20:08:38,980 [main] WARN  impl.MetricsSystemImpl (MetricsSystemImpl.java:register(276)) - Sink prometheus already exists!
2019-11-13 20:08:38,981 [main] INFO  server.BaseHttpServer (BaseHttpServer.java:updateConnectorAddress(215)) - HTTP server of HDDSDATANODE is listening at http://0.0.0.0:46483
2019-11-13 20:08:38,981 [main] INFO  impl.MetricsSystemImpl (MetricsSystemImpl.java:init(158)) - HddsDatanode metrics system started (again)
2019-11-13 20:08:38,983 [main] INFO  ozone.HddsDatanodeService (HddsDatanodeService.java:start(186)) - HddsDatanodeService host:pr-hdds-2469-rfsxc-843238572 ip:192.168.34.38
2019-11-13 20:08:38,983 [org.apache.hadoop.util.JvmPauseMonitor$Monitor@145fe2ae] INFO  util.JvmPauseMonitor (JvmPauseMonitor.java:run(188)) - Starting JVM pause monitor
2019-11-13 20:08:38,984 [Datanode State Machine Thread - 0] INFO  datanode.InitDatanodeState (InitDatanodeState.java:persistContainerDatanodeDetails(140)) - DatanodeDetails is persisted to /workdir/hadoop-ozone/integration-test/target/test-dir/MiniOzoneClusterImpl-89214370-af8c-46c8-b403-f68b2ae7a3e8/datanode-2/meta/datanode.id
2019-11-13 20:08:38,989 [main] INFO  volume.HddsVolume (HddsVolume.java:<init>(176)) - Creating Volume: /workdir/hadoop-ozone/integration-test/target/test-dir/MiniOzoneClusterImpl-89214370-af8c-46c8-b403-f68b2ae7a3e8/datanode-3/data/containers/hdds of  storage type : DISK and capacity : 1482555576320
2019-11-13 20:08:38,989 [main] INFO  volume.VolumeSet (VolumeSet.java:initializeVolumeSet(170)) - Added Volume : /workdir/hadoop-ozone/integration-test/target/test-dir/MiniOzoneClusterImpl-89214370-af8c-46c8-b403-f68b2ae7a3e8/datanode-3/data/containers/hdds to VolumeSet
2019-11-13 20:08:38,989 [main] INFO  volume.ThrottledAsyncChecker (ThrottledAsyncChecker.java:schedule(141)) - Scheduling a check for /workdir/hadoop-ozone/integration-test/target/test-dir/MiniOzoneClusterImpl-89214370-af8c-46c8-b403-f68b2ae7a3e8/datanode-3/data/containers/hdds
2019-11-13 20:08:38,989 [main] INFO  volume.HddsVolumeChecker (HddsVolumeChecker.java:checkAllVolumes(204)) - Scheduled health check for volume /workdir/hadoop-ozone/integration-test/target/test-dir/MiniOzoneClusterImpl-89214370-af8c-46c8-b403-f68b2ae7a3e8/datanode-3/data/containers/hdds
2019-11-13 20:08:39,001 [main] INFO  impl.RaftServerProxy (ConfUtils.java:logGet(43)) - raft.rpc.type = GRPC (default)
2019-11-13 20:08:39,001 [main] INFO  grpc.GrpcFactory (GrpcFactory.java:checkPooledByteBufAllocatorUseCacheForAllThreads(45)) - PERFORMANCE WARNING: useCacheForAllThreads is true that may cause Netty to create a lot garbage objects and, as a result, trigger GC.
	It is recommended to disable useCacheForAllThreads by setting -Dorg.apache.ratis.thirdparty.io.netty.allocator.useCacheForAllThreads=false in command line.
2019-11-13 20:08:39,002 [main] INFO  grpc.GrpcConfigKeys$Server (ConfUtils.java:logGet(43)) - raft.grpc.server.port = 0 (default)
2019-11-13 20:08:39,002 [main] INFO  server.GrpcService (ConfUtils.java:logGet(43)) - raft.grpc.message.size.max = 33570816 (custom)
2019-11-13 20:08:39,002 [main] INFO  server.RaftServerConfigKeys (ConfUtils.java:logGet(43)) - raft.server.log.appender.buffer.byte-limit = 33554432 (custom)
2019-11-13 20:08:39,002 [main] INFO  server.GrpcService (ConfUtils.java:logGet(43)) - raft.grpc.flow.control.window = 1MB (=1048576) (default)
2019-11-13 20:08:39,002 [main] INFO  server.RaftServerConfigKeys (ConfUtils.java:logGet(43)) - raft.server.rpc.request.timeout = 3000ms (default)
2019-11-13 20:08:39,003 [main] INFO  server.RaftServerConfigKeys (ConfUtils.java:logGet(43)) - raft.server.storage.dir = [/workdir/hadoop-ozone/integration-test/target/test-dir/MiniOzoneClusterImpl-89214370-af8c-46c8-b403-f68b2ae7a3e8/datanode-3/data/ratis] (custom)
2019-11-13 20:08:39,004 [main] INFO  hdfs.DFSUtil (DFSUtil.java:httpServerTemplateForNNAndJN(1641)) - Starting Web-server for hddsDatanode at: http://0.0.0.0:0
2019-11-13 20:08:39,005 [main] INFO  server.AuthenticationFilter (AuthenticationFilter.java:constructSecretProvider(240)) - Unable to initialize FileSignerSecretProvider, falling back to use random secrets.
2019-11-13 20:08:39,006 [main] WARN  http.HttpRequestLog (HttpRequestLog.java:getRequestLog(97)) - Jetty request log can only be enabled using Log4j
2019-11-13 20:08:39,007 [main] INFO  http.HttpServer2 (HttpServer2.java:addGlobalFilter(975)) - Added global filter 'safety' (class=org.apache.hadoop.http.HttpServer2$QuotingInputFilter)
2019-11-13 20:08:39,007 [main] INFO  http.HttpServer2 (HttpServer2.java:addFilter(948)) - Added filter static_user_filter (class=org.apache.hadoop.http.lib.StaticUserWebFilter$StaticUserFilter) to context hddsDatanode
2019-11-13 20:08:39,008 [main] INFO  http.HttpServer2 (HttpServer2.java:addFilter(958)) - Added filter static_user_filter (class=org.apache.hadoop.http.lib.StaticUserWebFilter$StaticUserFilter) to context logs
2019-11-13 20:08:39,008 [main] INFO  http.HttpServer2 (HttpServer2.java:addFilter(958)) - Added filter static_user_filter (class=org.apache.hadoop.http.lib.StaticUserWebFilter$StaticUserFilter) to context static
2019-11-13 20:08:39,008 [main] INFO  http.HttpServer2 (HttpServer2.java:bindListener(1191)) - Jetty bound to port 39421
2019-11-13 20:08:39,009 [main] INFO  server.Server (Server.java:doStart(351)) - jetty-9.3.25.v20180904, build timestamp: 2018-09-04T21:11:46Z, git hash: 3ce520221d0240229c862b122d2b06c12a625732
2019-11-13 20:08:39,010 [main] INFO  handler.ContextHandler (ContextHandler.java:doStart(781)) - Started o.e.j.s.ServletContextHandler@11eec06b{/logs,file:///workdir/hadoop-ozone/integration-test/target/log,AVAILABLE}
2019-11-13 20:08:39,010 [main] INFO  handler.ContextHandler (ContextHandler.java:doStart(781)) - Started o.e.j.s.ServletContextHandler@25ce435{/static,jar:file:/home/user/.m2/repository/org/apache/hadoop/hadoop-hdds-container-service/0.5.0-SNAPSHOT/hadoop-hdds-container-service-0.5.0-SNAPSHOT.jar!/webapps/static,AVAILABLE}
2019-11-13 20:08:39,038 [main] INFO  handler.ContextHandler (ContextHandler.java:doStart(781)) - Started o.e.j.w.WebAppContext@4245bf68{/,file:///tmp/jetty-0.0.0.0-39421-hddsDatanode-_-any-8109150747320061979.dir/webapp/,AVAILABLE}{/hddsDatanode}
2019-11-13 20:08:39,039 [main] INFO  server.AbstractConnector (AbstractConnector.java:doStart(278)) - Started ServerConnector@45bbc52f{HTTP/1.1,[http/1.1]}{0.0.0.0:39421}
2019-11-13 20:08:39,039 [main] INFO  server.Server (Server.java:doStart(419)) - Started @379194ms
2019-11-13 20:08:39,039 [main] WARN  impl.MetricsSystemImpl (MetricsSystemImpl.java:register(276)) - Sink prometheus already exists!
2019-11-13 20:08:39,040 [main] INFO  server.BaseHttpServer (BaseHttpServer.java:updateConnectorAddress(215)) - HTTP server of HDDSDATANODE is listening at http://0.0.0.0:39421
2019-11-13 20:08:39,041 [main] INFO  impl.MetricsSystemImpl (MetricsSystemImpl.java:init(158)) - HddsDatanode metrics system started (again)
2019-11-13 20:08:39,043 [org.apache.hadoop.util.JvmPauseMonitor$Monitor@23c388bd] INFO  util.JvmPauseMonitor (JvmPauseMonitor.java:run(188)) - Starting JVM pause monitor
2019-11-13 20:08:39,043 [main] INFO  ozone.HddsDatanodeService (HddsDatanodeService.java:start(186)) - HddsDatanodeService host:pr-hdds-2469-rfsxc-843238572 ip:192.168.34.38
2019-11-13 20:08:39,044 [Datanode State Machine Thread - 0] INFO  datanode.InitDatanodeState (InitDatanodeState.java:persistContainerDatanodeDetails(140)) - DatanodeDetails is persisted to /workdir/hadoop-ozone/integration-test/target/test-dir/MiniOzoneClusterImpl-89214370-af8c-46c8-b403-f68b2ae7a3e8/datanode-3/meta/datanode.id
2019-11-13 20:08:39,048 [main] INFO  volume.HddsVolume (HddsVolume.java:<init>(176)) - Creating Volume: /workdir/hadoop-ozone/integration-test/target/test-dir/MiniOzoneClusterImpl-89214370-af8c-46c8-b403-f68b2ae7a3e8/datanode-4/data/containers/hdds of  storage type : DISK and capacity : 1482555576320
2019-11-13 20:08:39,048 [main] INFO  volume.VolumeSet (VolumeSet.java:initializeVolumeSet(170)) - Added Volume : /workdir/hadoop-ozone/integration-test/target/test-dir/MiniOzoneClusterImpl-89214370-af8c-46c8-b403-f68b2ae7a3e8/datanode-4/data/containers/hdds to VolumeSet
2019-11-13 20:08:39,048 [main] INFO  volume.ThrottledAsyncChecker (ThrottledAsyncChecker.java:schedule(141)) - Scheduling a check for /workdir/hadoop-ozone/integration-test/target/test-dir/MiniOzoneClusterImpl-89214370-af8c-46c8-b403-f68b2ae7a3e8/datanode-4/data/containers/hdds
2019-11-13 20:08:39,048 [main] INFO  volume.HddsVolumeChecker (HddsVolumeChecker.java:checkAllVolumes(204)) - Scheduled health check for volume /workdir/hadoop-ozone/integration-test/target/test-dir/MiniOzoneClusterImpl-89214370-af8c-46c8-b403-f68b2ae7a3e8/datanode-4/data/containers/hdds
2019-11-13 20:08:39,063 [main] INFO  impl.RaftServerProxy (ConfUtils.java:logGet(43)) - raft.rpc.type = GRPC (default)
2019-11-13 20:08:39,064 [main] INFO  grpc.GrpcFactory (GrpcFactory.java:checkPooledByteBufAllocatorUseCacheForAllThreads(45)) - PERFORMANCE WARNING: useCacheForAllThreads is true that may cause Netty to create a lot garbage objects and, as a result, trigger GC.
	It is recommended to disable useCacheForAllThreads by setting -Dorg.apache.ratis.thirdparty.io.netty.allocator.useCacheForAllThreads=false in command line.
2019-11-13 20:08:39,064 [main] INFO  grpc.GrpcConfigKeys$Server (ConfUtils.java:logGet(43)) - raft.grpc.server.port = 0 (default)
2019-11-13 20:08:39,064 [main] INFO  server.GrpcService (ConfUtils.java:logGet(43)) - raft.grpc.message.size.max = 33570816 (custom)
2019-11-13 20:08:39,064 [main] INFO  server.RaftServerConfigKeys (ConfUtils.java:logGet(43)) - raft.server.log.appender.buffer.byte-limit = 33554432 (custom)
2019-11-13 20:08:39,064 [main] INFO  server.GrpcService (ConfUtils.java:logGet(43)) - raft.grpc.flow.control.window = 1MB (=1048576) (default)
2019-11-13 20:08:39,064 [main] INFO  server.RaftServerConfigKeys (ConfUtils.java:logGet(43)) - raft.server.rpc.request.timeout = 3000ms (default)
2019-11-13 20:08:39,065 [main] INFO  server.RaftServerConfigKeys (ConfUtils.java:logGet(43)) - raft.server.storage.dir = [/workdir/hadoop-ozone/integration-test/target/test-dir/MiniOzoneClusterImpl-89214370-af8c-46c8-b403-f68b2ae7a3e8/datanode-4/data/ratis] (custom)
2019-11-13 20:08:39,066 [main] INFO  hdfs.DFSUtil (DFSUtil.java:httpServerTemplateForNNAndJN(1641)) - Starting Web-server for hddsDatanode at: http://0.0.0.0:0
2019-11-13 20:08:39,067 [main] INFO  server.AuthenticationFilter (AuthenticationFilter.java:constructSecretProvider(240)) - Unable to initialize FileSignerSecretProvider, falling back to use random secrets.
2019-11-13 20:08:39,067 [main] WARN  http.HttpRequestLog (HttpRequestLog.java:getRequestLog(97)) - Jetty request log can only be enabled using Log4j
2019-11-13 20:08:39,069 [main] INFO  http.HttpServer2 (HttpServer2.java:addGlobalFilter(975)) - Added global filter 'safety' (class=org.apache.hadoop.http.HttpServer2$QuotingInputFilter)
2019-11-13 20:08:39,069 [main] INFO  http.HttpServer2 (HttpServer2.java:addFilter(948)) - Added filter static_user_filter (class=org.apache.hadoop.http.lib.StaticUserWebFilter$StaticUserFilter) to context hddsDatanode
2019-11-13 20:08:39,069 [main] INFO  http.HttpServer2 (HttpServer2.java:addFilter(958)) - Added filter static_user_filter (class=org.apache.hadoop.http.lib.StaticUserWebFilter$StaticUserFilter) to context logs
2019-11-13 20:08:39,069 [main] INFO  http.HttpServer2 (HttpServer2.java:addFilter(958)) - Added filter static_user_filter (class=org.apache.hadoop.http.lib.StaticUserWebFilter$StaticUserFilter) to context static
2019-11-13 20:08:39,070 [main] INFO  http.HttpServer2 (HttpServer2.java:bindListener(1191)) - Jetty bound to port 39859
2019-11-13 20:08:39,070 [main] INFO  server.Server (Server.java:doStart(351)) - jetty-9.3.25.v20180904, build timestamp: 2018-09-04T21:11:46Z, git hash: 3ce520221d0240229c862b122d2b06c12a625732
2019-11-13 20:08:39,071 [main] INFO  handler.ContextHandler (ContextHandler.java:doStart(781)) - Started o.e.j.s.ServletContextHandler@3404e5c4{/logs,file:///workdir/hadoop-ozone/integration-test/target/log,AVAILABLE}
2019-11-13 20:08:39,071 [main] INFO  handler.ContextHandler (ContextHandler.java:doStart(781)) - Started o.e.j.s.ServletContextHandler@42d9e8d2{/static,jar:file:/home/user/.m2/repository/org/apache/hadoop/hadoop-hdds-container-service/0.5.0-SNAPSHOT/hadoop-hdds-container-service-0.5.0-SNAPSHOT.jar!/webapps/static,AVAILABLE}
2019-11-13 20:08:39,099 [main] INFO  handler.ContextHandler (ContextHandler.java:doStart(781)) - Started o.e.j.w.WebAppContext@5ba1b62e{/,file:///tmp/jetty-0.0.0.0-39859-hddsDatanode-_-any-4798089296082794600.dir/webapp/,AVAILABLE}{/hddsDatanode}
2019-11-13 20:08:39,100 [main] INFO  server.AbstractConnector (AbstractConnector.java:doStart(278)) - Started ServerConnector@65bd19bf{HTTP/1.1,[http/1.1]}{0.0.0.0:39859}
2019-11-13 20:08:39,101 [main] INFO  server.Server (Server.java:doStart(419)) - Started @379256ms
2019-11-13 20:08:39,101 [main] WARN  impl.MetricsSystemImpl (MetricsSystemImpl.java:register(276)) - Sink prometheus already exists!
2019-11-13 20:08:39,102 [main] INFO  server.BaseHttpServer (BaseHttpServer.java:updateConnectorAddress(215)) - HTTP server of HDDSDATANODE is listening at http://0.0.0.0:39859
2019-11-13 20:08:39,102 [main] INFO  impl.MetricsSystemImpl (MetricsSystemImpl.java:init(158)) - HddsDatanode metrics system started (again)
2019-11-13 20:08:39,104 [org.apache.hadoop.util.JvmPauseMonitor$Monitor@364a6064] INFO  util.JvmPauseMonitor (JvmPauseMonitor.java:run(188)) - Starting JVM pause monitor
2019-11-13 20:08:39,105 [main] INFO  ozone.HddsDatanodeService (HddsDatanodeService.java:start(186)) - HddsDatanodeService host:pr-hdds-2469-rfsxc-843238572 ip:192.168.34.38
2019-11-13 20:08:39,105 [Datanode State Machine Thread - 0] INFO  datanode.InitDatanodeState (InitDatanodeState.java:persistContainerDatanodeDetails(140)) - DatanodeDetails is persisted to /workdir/hadoop-ozone/integration-test/target/test-dir/MiniOzoneClusterImpl-89214370-af8c-46c8-b403-f68b2ae7a3e8/datanode-4/meta/datanode.id
2019-11-13 20:08:39,110 [main] INFO  volume.HddsVolume (HddsVolume.java:<init>(176)) - Creating Volume: /workdir/hadoop-ozone/integration-test/target/test-dir/MiniOzoneClusterImpl-89214370-af8c-46c8-b403-f68b2ae7a3e8/datanode-5/data/containers/hdds of  storage type : DISK and capacity : 1482555576320
2019-11-13 20:08:39,110 [main] INFO  volume.VolumeSet (VolumeSet.java:initializeVolumeSet(170)) - Added Volume : /workdir/hadoop-ozone/integration-test/target/test-dir/MiniOzoneClusterImpl-89214370-af8c-46c8-b403-f68b2ae7a3e8/datanode-5/data/containers/hdds to VolumeSet
2019-11-13 20:08:39,110 [main] INFO  volume.ThrottledAsyncChecker (ThrottledAsyncChecker.java:schedule(141)) - Scheduling a check for /workdir/hadoop-ozone/integration-test/target/test-dir/MiniOzoneClusterImpl-89214370-af8c-46c8-b403-f68b2ae7a3e8/datanode-5/data/containers/hdds
2019-11-13 20:08:39,111 [main] INFO  volume.HddsVolumeChecker (HddsVolumeChecker.java:checkAllVolumes(204)) - Scheduled health check for volume /workdir/hadoop-ozone/integration-test/target/test-dir/MiniOzoneClusterImpl-89214370-af8c-46c8-b403-f68b2ae7a3e8/datanode-5/data/containers/hdds
2019-11-13 20:08:39,121 [main] INFO  impl.RaftServerProxy (ConfUtils.java:logGet(43)) - raft.rpc.type = GRPC (default)
2019-11-13 20:08:39,122 [main] INFO  grpc.GrpcFactory (GrpcFactory.java:checkPooledByteBufAllocatorUseCacheForAllThreads(45)) - PERFORMANCE WARNING: useCacheForAllThreads is true that may cause Netty to create a lot garbage objects and, as a result, trigger GC.
	It is recommended to disable useCacheForAllThreads by setting -Dorg.apache.ratis.thirdparty.io.netty.allocator.useCacheForAllThreads=false in command line.
2019-11-13 20:08:39,122 [main] INFO  grpc.GrpcConfigKeys$Server (ConfUtils.java:logGet(43)) - raft.grpc.server.port = 0 (default)
2019-11-13 20:08:39,122 [main] INFO  server.GrpcService (ConfUtils.java:logGet(43)) - raft.grpc.message.size.max = 33570816 (custom)
2019-11-13 20:08:39,122 [main] INFO  server.RaftServerConfigKeys (ConfUtils.java:logGet(43)) - raft.server.log.appender.buffer.byte-limit = 33554432 (custom)
2019-11-13 20:08:39,122 [main] INFO  server.GrpcService (ConfUtils.java:logGet(43)) - raft.grpc.flow.control.window = 1MB (=1048576) (default)
2019-11-13 20:08:39,122 [main] INFO  server.RaftServerConfigKeys (ConfUtils.java:logGet(43)) - raft.server.rpc.request.timeout = 3000ms (default)
2019-11-13 20:08:39,123 [main] INFO  server.RaftServerConfigKeys (ConfUtils.java:logGet(43)) - raft.server.storage.dir = [/workdir/hadoop-ozone/integration-test/target/test-dir/MiniOzoneClusterImpl-89214370-af8c-46c8-b403-f68b2ae7a3e8/datanode-5/data/ratis] (custom)
2019-11-13 20:08:39,124 [main] INFO  hdfs.DFSUtil (DFSUtil.java:httpServerTemplateForNNAndJN(1641)) - Starting Web-server for hddsDatanode at: http://0.0.0.0:0
2019-11-13 20:08:39,125 [main] INFO  server.AuthenticationFilter (AuthenticationFilter.java:constructSecretProvider(240)) - Unable to initialize FileSignerSecretProvider, falling back to use random secrets.
2019-11-13 20:08:39,125 [main] WARN  http.HttpRequestLog (HttpRequestLog.java:getRequestLog(97)) - Jetty request log can only be enabled using Log4j
2019-11-13 20:08:39,126 [main] INFO  http.HttpServer2 (HttpServer2.java:addGlobalFilter(975)) - Added global filter 'safety' (class=org.apache.hadoop.http.HttpServer2$QuotingInputFilter)
2019-11-13 20:08:39,127 [main] INFO  http.HttpServer2 (HttpServer2.java:addFilter(948)) - Added filter static_user_filter (class=org.apache.hadoop.http.lib.StaticUserWebFilter$StaticUserFilter) to context hddsDatanode
2019-11-13 20:08:39,127 [main] INFO  http.HttpServer2 (HttpServer2.java:addFilter(958)) - Added filter static_user_filter (class=org.apache.hadoop.http.lib.StaticUserWebFilter$StaticUserFilter) to context static
2019-11-13 20:08:39,127 [main] INFO  http.HttpServer2 (HttpServer2.java:addFilter(958)) - Added filter static_user_filter (class=org.apache.hadoop.http.lib.StaticUserWebFilter$StaticUserFilter) to context logs
2019-11-13 20:08:39,128 [main] INFO  http.HttpServer2 (HttpServer2.java:bindListener(1191)) - Jetty bound to port 43591
2019-11-13 20:08:39,128 [main] INFO  server.Server (Server.java:doStart(351)) - jetty-9.3.25.v20180904, build timestamp: 2018-09-04T21:11:46Z, git hash: 3ce520221d0240229c862b122d2b06c12a625732
2019-11-13 20:08:39,129 [main] INFO  handler.ContextHandler (ContextHandler.java:doStart(781)) - Started o.e.j.s.ServletContextHandler@795b66d{/logs,file:///workdir/hadoop-ozone/integration-test/target/log,AVAILABLE}
2019-11-13 20:08:39,129 [main] INFO  handler.ContextHandler (ContextHandler.java:doStart(781)) - Started o.e.j.s.ServletContextHandler@1068176{/static,jar:file:/home/user/.m2/repository/org/apache/hadoop/hadoop-hdds-container-service/0.5.0-SNAPSHOT/hadoop-hdds-container-service-0.5.0-SNAPSHOT.jar!/webapps/static,AVAILABLE}
2019-11-13 20:08:39,158 [main] INFO  handler.ContextHandler (ContextHandler.java:doStart(781)) - Started o.e.j.w.WebAppContext@283ab206{/,file:///tmp/jetty-0.0.0.0-43591-hddsDatanode-_-any-5722391932579050473.dir/webapp/,AVAILABLE}{/hddsDatanode}
2019-11-13 20:08:39,159 [main] INFO  server.AbstractConnector (AbstractConnector.java:doStart(278)) - Started ServerConnector@35fa450f{HTTP/1.1,[http/1.1]}{0.0.0.0:43591}
2019-11-13 20:08:39,160 [main] INFO  server.Server (Server.java:doStart(419)) - Started @379315ms
2019-11-13 20:08:39,160 [main] WARN  impl.MetricsSystemImpl (MetricsSystemImpl.java:register(276)) - Sink prometheus already exists!
2019-11-13 20:08:39,161 [main] INFO  server.BaseHttpServer (BaseHttpServer.java:updateConnectorAddress(215)) - HTTP server of HDDSDATANODE is listening at http://0.0.0.0:43591
2019-11-13 20:08:39,161 [main] INFO  impl.MetricsSystemImpl (MetricsSystemImpl.java:init(158)) - HddsDatanode metrics system started (again)
2019-11-13 20:08:39,164 [org.apache.hadoop.util.JvmPauseMonitor$Monitor@46329d9c] INFO  util.JvmPauseMonitor (JvmPauseMonitor.java:run(188)) - Starting JVM pause monitor
2019-11-13 20:08:39,164 [main] INFO  ozone.HddsDatanodeService (HddsDatanodeService.java:start(186)) - HddsDatanodeService host:pr-hdds-2469-rfsxc-843238572 ip:192.168.34.38
2019-11-13 20:08:39,165 [Datanode State Machine Thread - 0] INFO  datanode.InitDatanodeState (InitDatanodeState.java:persistContainerDatanodeDetails(140)) - DatanodeDetails is persisted to /workdir/hadoop-ozone/integration-test/target/test-dir/MiniOzoneClusterImpl-89214370-af8c-46c8-b403-f68b2ae7a3e8/datanode-5/meta/datanode.id
2019-11-13 20:08:39,170 [main] INFO  volume.HddsVolume (HddsVolume.java:<init>(176)) - Creating Volume: /workdir/hadoop-ozone/integration-test/target/test-dir/MiniOzoneClusterImpl-89214370-af8c-46c8-b403-f68b2ae7a3e8/datanode-6/data/containers/hdds of  storage type : DISK and capacity : 1482555576320
2019-11-13 20:08:39,170 [main] INFO  volume.VolumeSet (VolumeSet.java:initializeVolumeSet(170)) - Added Volume : /workdir/hadoop-ozone/integration-test/target/test-dir/MiniOzoneClusterImpl-89214370-af8c-46c8-b403-f68b2ae7a3e8/datanode-6/data/containers/hdds to VolumeSet
2019-11-13 20:08:39,170 [main] INFO  volume.ThrottledAsyncChecker (ThrottledAsyncChecker.java:schedule(141)) - Scheduling a check for /workdir/hadoop-ozone/integration-test/target/test-dir/MiniOzoneClusterImpl-89214370-af8c-46c8-b403-f68b2ae7a3e8/datanode-6/data/containers/hdds
2019-11-13 20:08:39,170 [main] INFO  volume.HddsVolumeChecker (HddsVolumeChecker.java:checkAllVolumes(204)) - Scheduled health check for volume /workdir/hadoop-ozone/integration-test/target/test-dir/MiniOzoneClusterImpl-89214370-af8c-46c8-b403-f68b2ae7a3e8/datanode-6/data/containers/hdds
2019-11-13 20:08:39,181 [main] INFO  impl.RaftServerProxy (ConfUtils.java:logGet(43)) - raft.rpc.type = GRPC (default)
2019-11-13 20:08:39,181 [main] INFO  grpc.GrpcFactory (GrpcFactory.java:checkPooledByteBufAllocatorUseCacheForAllThreads(45)) - PERFORMANCE WARNING: useCacheForAllThreads is true that may cause Netty to create a lot garbage objects and, as a result, trigger GC.
	It is recommended to disable useCacheForAllThreads by setting -Dorg.apache.ratis.thirdparty.io.netty.allocator.useCacheForAllThreads=false in command line.
2019-11-13 20:08:39,181 [main] INFO  grpc.GrpcConfigKeys$Server (ConfUtils.java:logGet(43)) - raft.grpc.server.port = 0 (default)
2019-11-13 20:08:39,182 [main] INFO  server.GrpcService (ConfUtils.java:logGet(43)) - raft.grpc.message.size.max = 33570816 (custom)
2019-11-13 20:08:39,182 [main] INFO  server.RaftServerConfigKeys (ConfUtils.java:logGet(43)) - raft.server.log.appender.buffer.byte-limit = 33554432 (custom)
2019-11-13 20:08:39,182 [main] INFO  server.GrpcService (ConfUtils.java:logGet(43)) - raft.grpc.flow.control.window = 1MB (=1048576) (default)
2019-11-13 20:08:39,182 [main] INFO  server.RaftServerConfigKeys (ConfUtils.java:logGet(43)) - raft.server.rpc.request.timeout = 3000ms (default)
2019-11-13 20:08:39,182 [main] INFO  server.RaftServerConfigKeys (ConfUtils.java:logGet(43)) - raft.server.storage.dir = [/workdir/hadoop-ozone/integration-test/target/test-dir/MiniOzoneClusterImpl-89214370-af8c-46c8-b403-f68b2ae7a3e8/datanode-6/data/ratis] (custom)
2019-11-13 20:08:39,184 [main] INFO  hdfs.DFSUtil (DFSUtil.java:httpServerTemplateForNNAndJN(1641)) - Starting Web-server for hddsDatanode at: http://0.0.0.0:0
2019-11-13 20:08:39,185 [main] INFO  server.AuthenticationFilter (AuthenticationFilter.java:constructSecretProvider(240)) - Unable to initialize FileSignerSecretProvider, falling back to use random secrets.
2019-11-13 20:08:39,185 [main] WARN  http.HttpRequestLog (HttpRequestLog.java:getRequestLog(97)) - Jetty request log can only be enabled using Log4j
2019-11-13 20:08:39,187 [main] INFO  http.HttpServer2 (HttpServer2.java:addGlobalFilter(975)) - Added global filter 'safety' (class=org.apache.hadoop.http.HttpServer2$QuotingInputFilter)
2019-11-13 20:08:39,187 [main] INFO  http.HttpServer2 (HttpServer2.java:addFilter(948)) - Added filter static_user_filter (class=org.apache.hadoop.http.lib.StaticUserWebFilter$StaticUserFilter) to context hddsDatanode
2019-11-13 20:08:39,188 [main] INFO  http.HttpServer2 (HttpServer2.java:addFilter(958)) - Added filter static_user_filter (class=org.apache.hadoop.http.lib.StaticUserWebFilter$StaticUserFilter) to context static
2019-11-13 20:08:39,188 [main] INFO  http.HttpServer2 (HttpServer2.java:addFilter(958)) - Added filter static_user_filter (class=org.apache.hadoop.http.lib.StaticUserWebFilter$StaticUserFilter) to context logs
2019-11-13 20:08:39,188 [main] INFO  http.HttpServer2 (HttpServer2.java:bindListener(1191)) - Jetty bound to port 39673
2019-11-13 20:08:39,188 [main] INFO  server.Server (Server.java:doStart(351)) - jetty-9.3.25.v20180904, build timestamp: 2018-09-04T21:11:46Z, git hash: 3ce520221d0240229c862b122d2b06c12a625732
2019-11-13 20:08:39,190 [main] INFO  handler.ContextHandler (ContextHandler.java:doStart(781)) - Started o.e.j.s.ServletContextHandler@5fe46d52{/logs,file:///workdir/hadoop-ozone/integration-test/target/log,AVAILABLE}
2019-11-13 20:08:39,190 [main] INFO  handler.ContextHandler (ContextHandler.java:doStart(781)) - Started o.e.j.s.ServletContextHandler@21f9c6ea{/static,jar:file:/home/user/.m2/repository/org/apache/hadoop/hadoop-hdds-container-service/0.5.0-SNAPSHOT/hadoop-hdds-container-service-0.5.0-SNAPSHOT.jar!/webapps/static,AVAILABLE}
2019-11-13 20:08:39,226 [main] INFO  handler.ContextHandler (ContextHandler.java:doStart(781)) - Started o.e.j.w.WebAppContext@44fd7ba4{/,file:///tmp/jetty-0.0.0.0-39673-hddsDatanode-_-any-7173984625557157244.dir/webapp/,AVAILABLE}{/hddsDatanode}
2019-11-13 20:08:39,227 [main] INFO  server.AbstractConnector (AbstractConnector.java:doStart(278)) - Started ServerConnector@22f8adc2{HTTP/1.1,[http/1.1]}{0.0.0.0:39673}
2019-11-13 20:08:39,230 [main] INFO  server.Server (Server.java:doStart(419)) - Started @379385ms
2019-11-13 20:08:39,230 [main] WARN  impl.MetricsSystemImpl (MetricsSystemImpl.java:register(276)) - Sink prometheus already exists!
2019-11-13 20:08:39,231 [main] INFO  server.BaseHttpServer (BaseHttpServer.java:updateConnectorAddress(215)) - HTTP server of HDDSDATANODE is listening at http://0.0.0.0:39673
2019-11-13 20:08:39,231 [main] INFO  impl.MetricsSystemImpl (MetricsSystemImpl.java:init(158)) - HddsDatanode metrics system started (again)
2019-11-13 20:08:39,234 [org.apache.hadoop.util.JvmPauseMonitor$Monitor@771d3aa0] INFO  util.JvmPauseMonitor (JvmPauseMonitor.java:run(188)) - Starting JVM pause monitor
2019-11-13 20:08:39,235 [main] INFO  ozone.HddsDatanodeService (HddsDatanodeService.java:start(186)) - HddsDatanodeService host:pr-hdds-2469-rfsxc-843238572 ip:192.168.34.38
2019-11-13 20:08:39,235 [Datanode State Machine Thread - 0] INFO  datanode.InitDatanodeState (InitDatanodeState.java:persistContainerDatanodeDetails(140)) - DatanodeDetails is persisted to /workdir/hadoop-ozone/integration-test/target/test-dir/MiniOzoneClusterImpl-89214370-af8c-46c8-b403-f68b2ae7a3e8/datanode-6/meta/datanode.id
2019-11-13 20:08:39,240 [main] INFO  volume.HddsVolume (HddsVolume.java:<init>(176)) - Creating Volume: /workdir/hadoop-ozone/integration-test/target/test-dir/MiniOzoneClusterImpl-89214370-af8c-46c8-b403-f68b2ae7a3e8/datanode-7/data/containers/hdds of  storage type : DISK and capacity : 1482555576320
2019-11-13 20:08:39,241 [main] INFO  volume.VolumeSet (VolumeSet.java:initializeVolumeSet(170)) - Added Volume : /workdir/hadoop-ozone/integration-test/target/test-dir/MiniOzoneClusterImpl-89214370-af8c-46c8-b403-f68b2ae7a3e8/datanode-7/data/containers/hdds to VolumeSet
2019-11-13 20:08:39,241 [main] INFO  volume.ThrottledAsyncChecker (ThrottledAsyncChecker.java:schedule(141)) - Scheduling a check for /workdir/hadoop-ozone/integration-test/target/test-dir/MiniOzoneClusterImpl-89214370-af8c-46c8-b403-f68b2ae7a3e8/datanode-7/data/containers/hdds
2019-11-13 20:08:39,241 [main] INFO  volume.HddsVolumeChecker (HddsVolumeChecker.java:checkAllVolumes(204)) - Scheduled health check for volume /workdir/hadoop-ozone/integration-test/target/test-dir/MiniOzoneClusterImpl-89214370-af8c-46c8-b403-f68b2ae7a3e8/datanode-7/data/containers/hdds
2019-11-13 20:08:39,253 [main] INFO  impl.RaftServerProxy (ConfUtils.java:logGet(43)) - raft.rpc.type = GRPC (default)
2019-11-13 20:08:39,253 [main] INFO  grpc.GrpcFactory (GrpcFactory.java:checkPooledByteBufAllocatorUseCacheForAllThreads(45)) - PERFORMANCE WARNING: useCacheForAllThreads is true that may cause Netty to create a lot garbage objects and, as a result, trigger GC.
	It is recommended to disable useCacheForAllThreads by setting -Dorg.apache.ratis.thirdparty.io.netty.allocator.useCacheForAllThreads=false in command line.
2019-11-13 20:08:39,253 [main] INFO  grpc.GrpcConfigKeys$Server (ConfUtils.java:logGet(43)) - raft.grpc.server.port = 0 (default)
2019-11-13 20:08:39,253 [main] INFO  server.GrpcService (ConfUtils.java:logGet(43)) - raft.grpc.message.size.max = 33570816 (custom)
2019-11-13 20:08:39,253 [main] INFO  server.RaftServerConfigKeys (ConfUtils.java:logGet(43)) - raft.server.log.appender.buffer.byte-limit = 33554432 (custom)
2019-11-13 20:08:39,253 [main] INFO  server.GrpcService (ConfUtils.java:logGet(43)) - raft.grpc.flow.control.window = 1MB (=1048576) (default)
2019-11-13 20:08:39,254 [main] INFO  server.RaftServerConfigKeys (ConfUtils.java:logGet(43)) - raft.server.rpc.request.timeout = 3000ms (default)
2019-11-13 20:08:39,254 [main] INFO  server.RaftServerConfigKeys (ConfUtils.java:logGet(43)) - raft.server.storage.dir = [/workdir/hadoop-ozone/integration-test/target/test-dir/MiniOzoneClusterImpl-89214370-af8c-46c8-b403-f68b2ae7a3e8/datanode-7/data/ratis] (custom)
2019-11-13 20:08:39,256 [main] INFO  hdfs.DFSUtil (DFSUtil.java:httpServerTemplateForNNAndJN(1641)) - Starting Web-server for hddsDatanode at: http://0.0.0.0:0
2019-11-13 20:08:39,257 [main] INFO  server.AuthenticationFilter (AuthenticationFilter.java:constructSecretProvider(240)) - Unable to initialize FileSignerSecretProvider, falling back to use random secrets.
2019-11-13 20:08:39,258 [main] WARN  http.HttpRequestLog (HttpRequestLog.java:getRequestLog(97)) - Jetty request log can only be enabled using Log4j
2019-11-13 20:08:39,259 [main] INFO  http.HttpServer2 (HttpServer2.java:addGlobalFilter(975)) - Added global filter 'safety' (class=org.apache.hadoop.http.HttpServer2$QuotingInputFilter)
2019-11-13 20:08:39,260 [main] INFO  http.HttpServer2 (HttpServer2.java:addFilter(948)) - Added filter static_user_filter (class=org.apache.hadoop.http.lib.StaticUserWebFilter$StaticUserFilter) to context hddsDatanode
2019-11-13 20:08:39,260 [main] INFO  http.HttpServer2 (HttpServer2.java:addFilter(958)) - Added filter static_user_filter (class=org.apache.hadoop.http.lib.StaticUserWebFilter$StaticUserFilter) to context logs
2019-11-13 20:08:39,260 [main] INFO  http.HttpServer2 (HttpServer2.java:addFilter(958)) - Added filter static_user_filter (class=org.apache.hadoop.http.lib.StaticUserWebFilter$StaticUserFilter) to context static
2019-11-13 20:08:39,261 [main] INFO  http.HttpServer2 (HttpServer2.java:bindListener(1191)) - Jetty bound to port 44946
2019-11-13 20:08:39,261 [main] INFO  server.Server (Server.java:doStart(351)) - jetty-9.3.25.v20180904, build timestamp: 2018-09-04T21:11:46Z, git hash: 3ce520221d0240229c862b122d2b06c12a625732
2019-11-13 20:08:39,262 [main] INFO  handler.ContextHandler (ContextHandler.java:doStart(781)) - Started o.e.j.s.ServletContextHandler@63917fe1{/logs,file:///workdir/hadoop-ozone/integration-test/target/log,AVAILABLE}
2019-11-13 20:08:39,263 [main] INFO  handler.ContextHandler (ContextHandler.java:doStart(781)) - Started o.e.j.s.ServletContextHandler@677349fb{/static,jar:file:/home/user/.m2/repository/org/apache/hadoop/hadoop-hdds-container-service/0.5.0-SNAPSHOT/hadoop-hdds-container-service-0.5.0-SNAPSHOT.jar!/webapps/static,AVAILABLE}
2019-11-13 20:08:39,292 [main] INFO  handler.ContextHandler (ContextHandler.java:doStart(781)) - Started o.e.j.w.WebAppContext@1abcd059{/,file:///tmp/jetty-0.0.0.0-44946-hddsDatanode-_-any-9126915618570378878.dir/webapp/,AVAILABLE}{/hddsDatanode}
2019-11-13 20:08:39,292 [main] INFO  server.AbstractConnector (AbstractConnector.java:doStart(278)) - Started ServerConnector@61a87366{HTTP/1.1,[http/1.1]}{0.0.0.0:44946}
2019-11-13 20:08:39,294 [main] INFO  server.Server (Server.java:doStart(419)) - Started @379449ms
2019-11-13 20:08:39,294 [main] WARN  impl.MetricsSystemImpl (MetricsSystemImpl.java:register(276)) - Sink prometheus already exists!
2019-11-13 20:08:39,295 [main] INFO  server.BaseHttpServer (BaseHttpServer.java:updateConnectorAddress(215)) - HTTP server of HDDSDATANODE is listening at http://0.0.0.0:44946
2019-11-13 20:08:39,295 [main] INFO  impl.MetricsSystemImpl (MetricsSystemImpl.java:init(158)) - HddsDatanode metrics system started (again)
2019-11-13 20:08:39,298 [org.apache.hadoop.util.JvmPauseMonitor$Monitor@1f7964f] INFO  util.JvmPauseMonitor (JvmPauseMonitor.java:run(188)) - Starting JVM pause monitor
2019-11-13 20:08:39,299 [main] INFO  ozone.HddsDatanodeService (HddsDatanodeService.java:start(186)) - HddsDatanodeService host:pr-hdds-2469-rfsxc-843238572 ip:192.168.34.38
2019-11-13 20:08:39,299 [Datanode State Machine Thread - 0] INFO  datanode.InitDatanodeState (InitDatanodeState.java:persistContainerDatanodeDetails(140)) - DatanodeDetails is persisted to /workdir/hadoop-ozone/integration-test/target/test-dir/MiniOzoneClusterImpl-89214370-af8c-46c8-b403-f68b2ae7a3e8/datanode-7/meta/datanode.id
2019-11-13 20:08:39,305 [main] INFO  volume.HddsVolume (HddsVolume.java:<init>(176)) - Creating Volume: /workdir/hadoop-ozone/integration-test/target/test-dir/MiniOzoneClusterImpl-89214370-af8c-46c8-b403-f68b2ae7a3e8/datanode-8/data/containers/hdds of  storage type : DISK and capacity : 1482555576320
2019-11-13 20:08:39,305 [main] INFO  volume.VolumeSet (VolumeSet.java:initializeVolumeSet(170)) - Added Volume : /workdir/hadoop-ozone/integration-test/target/test-dir/MiniOzoneClusterImpl-89214370-af8c-46c8-b403-f68b2ae7a3e8/datanode-8/data/containers/hdds to VolumeSet
2019-11-13 20:08:39,305 [main] INFO  volume.ThrottledAsyncChecker (ThrottledAsyncChecker.java:schedule(141)) - Scheduling a check for /workdir/hadoop-ozone/integration-test/target/test-dir/MiniOzoneClusterImpl-89214370-af8c-46c8-b403-f68b2ae7a3e8/datanode-8/data/containers/hdds
2019-11-13 20:08:39,305 [main] INFO  volume.HddsVolumeChecker (HddsVolumeChecker.java:checkAllVolumes(204)) - Scheduled health check for volume /workdir/hadoop-ozone/integration-test/target/test-dir/MiniOzoneClusterImpl-89214370-af8c-46c8-b403-f68b2ae7a3e8/datanode-8/data/containers/hdds
2019-11-13 20:08:39,316 [main] INFO  impl.RaftServerProxy (ConfUtils.java:logGet(43)) - raft.rpc.type = GRPC (default)
2019-11-13 20:08:39,316 [main] INFO  grpc.GrpcFactory (GrpcFactory.java:checkPooledByteBufAllocatorUseCacheForAllThreads(45)) - PERFORMANCE WARNING: useCacheForAllThreads is true that may cause Netty to create a lot garbage objects and, as a result, trigger GC.
	It is recommended to disable useCacheForAllThreads by setting -Dorg.apache.ratis.thirdparty.io.netty.allocator.useCacheForAllThreads=false in command line.
2019-11-13 20:08:39,316 [main] INFO  grpc.GrpcConfigKeys$Server (ConfUtils.java:logGet(43)) - raft.grpc.server.port = 0 (default)
2019-11-13 20:08:39,317 [main] INFO  server.GrpcService (ConfUtils.java:logGet(43)) - raft.grpc.message.size.max = 33570816 (custom)
2019-11-13 20:08:39,317 [main] INFO  server.RaftServerConfigKeys (ConfUtils.java:logGet(43)) - raft.server.log.appender.buffer.byte-limit = 33554432 (custom)
2019-11-13 20:08:39,317 [main] INFO  server.GrpcService (ConfUtils.java:logGet(43)) - raft.grpc.flow.control.window = 1MB (=1048576) (default)
2019-11-13 20:08:39,317 [main] INFO  server.RaftServerConfigKeys (ConfUtils.java:logGet(43)) - raft.server.rpc.request.timeout = 3000ms (default)
2019-11-13 20:08:39,318 [main] INFO  server.RaftServerConfigKeys (ConfUtils.java:logGet(43)) - raft.server.storage.dir = [/workdir/hadoop-ozone/integration-test/target/test-dir/MiniOzoneClusterImpl-89214370-af8c-46c8-b403-f68b2ae7a3e8/datanode-8/data/ratis] (custom)
2019-11-13 20:08:39,319 [main] INFO  hdfs.DFSUtil (DFSUtil.java:httpServerTemplateForNNAndJN(1641)) - Starting Web-server for hddsDatanode at: http://0.0.0.0:0
2019-11-13 20:08:39,320 [main] INFO  server.AuthenticationFilter (AuthenticationFilter.java:constructSecretProvider(240)) - Unable to initialize FileSignerSecretProvider, falling back to use random secrets.
2019-11-13 20:08:39,321 [main] WARN  http.HttpRequestLog (HttpRequestLog.java:getRequestLog(97)) - Jetty request log can only be enabled using Log4j
2019-11-13 20:08:39,322 [main] INFO  http.HttpServer2 (HttpServer2.java:addGlobalFilter(975)) - Added global filter 'safety' (class=org.apache.hadoop.http.HttpServer2$QuotingInputFilter)
2019-11-13 20:08:39,322 [main] INFO  http.HttpServer2 (HttpServer2.java:addFilter(948)) - Added filter static_user_filter (class=org.apache.hadoop.http.lib.StaticUserWebFilter$StaticUserFilter) to context hddsDatanode
2019-11-13 20:08:39,322 [main] INFO  http.HttpServer2 (HttpServer2.java:addFilter(958)) - Added filter static_user_filter (class=org.apache.hadoop.http.lib.StaticUserWebFilter$StaticUserFilter) to context static
2019-11-13 20:08:39,322 [main] INFO  http.HttpServer2 (HttpServer2.java:addFilter(958)) - Added filter static_user_filter (class=org.apache.hadoop.http.lib.StaticUserWebFilter$StaticUserFilter) to context logs
2019-11-13 20:08:39,323 [main] INFO  http.HttpServer2 (HttpServer2.java:bindListener(1191)) - Jetty bound to port 35035
2019-11-13 20:08:39,323 [main] INFO  server.Server (Server.java:doStart(351)) - jetty-9.3.25.v20180904, build timestamp: 2018-09-04T21:11:46Z, git hash: 3ce520221d0240229c862b122d2b06c12a625732
2019-11-13 20:08:39,324 [main] INFO  handler.ContextHandler (ContextHandler.java:doStart(781)) - Started o.e.j.s.ServletContextHandler@5a47730c{/logs,file:///workdir/hadoop-ozone/integration-test/target/log,AVAILABLE}
2019-11-13 20:08:39,324 [main] INFO  handler.ContextHandler (ContextHandler.java:doStart(781)) - Started o.e.j.s.ServletContextHandler@1cde374{/static,jar:file:/home/user/.m2/repository/org/apache/hadoop/hadoop-hdds-container-service/0.5.0-SNAPSHOT/hadoop-hdds-container-service-0.5.0-SNAPSHOT.jar!/webapps/static,AVAILABLE}
2019-11-13 20:08:39,354 [main] INFO  handler.ContextHandler (ContextHandler.java:doStart(781)) - Started o.e.j.w.WebAppContext@1144a02b{/,file:///tmp/jetty-0.0.0.0-35035-hddsDatanode-_-any-5698768600117857618.dir/webapp/,AVAILABLE}{/hddsDatanode}
2019-11-13 20:08:39,355 [main] INFO  server.AbstractConnector (AbstractConnector.java:doStart(278)) - Started ServerConnector@26a4f9ed{HTTP/1.1,[http/1.1]}{0.0.0.0:35035}
2019-11-13 20:08:39,356 [main] INFO  server.Server (Server.java:doStart(419)) - Started @379511ms
2019-11-13 20:08:39,356 [main] WARN  impl.MetricsSystemImpl (MetricsSystemImpl.java:register(276)) - Sink prometheus already exists!
2019-11-13 20:08:39,357 [main] INFO  server.BaseHttpServer (BaseHttpServer.java:updateConnectorAddress(215)) - HTTP server of HDDSDATANODE is listening at http://0.0.0.0:35035
2019-11-13 20:08:39,358 [main] INFO  impl.MetricsSystemImpl (MetricsSystemImpl.java:init(158)) - HddsDatanode metrics system started (again)
2019-11-13 20:08:39,361 [org.apache.hadoop.util.JvmPauseMonitor$Monitor@29a8df7] INFO  util.JvmPauseMonitor (JvmPauseMonitor.java:run(188)) - Starting JVM pause monitor
2019-11-13 20:08:39,362 [main] INFO  ozone.HddsDatanodeService (HddsDatanodeService.java:start(186)) - HddsDatanodeService host:pr-hdds-2469-rfsxc-843238572 ip:192.168.34.38
2019-11-13 20:08:39,362 [Datanode State Machine Thread - 0] INFO  datanode.InitDatanodeState (InitDatanodeState.java:persistContainerDatanodeDetails(140)) - DatanodeDetails is persisted to /workdir/hadoop-ozone/integration-test/target/test-dir/MiniOzoneClusterImpl-89214370-af8c-46c8-b403-f68b2ae7a3e8/datanode-8/meta/datanode.id
2019-11-13 20:08:39,368 [main] INFO  volume.HddsVolume (HddsVolume.java:<init>(176)) - Creating Volume: /workdir/hadoop-ozone/integration-test/target/test-dir/MiniOzoneClusterImpl-89214370-af8c-46c8-b403-f68b2ae7a3e8/datanode-9/data/containers/hdds of  storage type : DISK and capacity : 1482555576320
2019-11-13 20:08:39,368 [main] INFO  volume.VolumeSet (VolumeSet.java:initializeVolumeSet(170)) - Added Volume : /workdir/hadoop-ozone/integration-test/target/test-dir/MiniOzoneClusterImpl-89214370-af8c-46c8-b403-f68b2ae7a3e8/datanode-9/data/containers/hdds to VolumeSet
2019-11-13 20:08:39,369 [main] INFO  volume.ThrottledAsyncChecker (ThrottledAsyncChecker.java:schedule(141)) - Scheduling a check for /workdir/hadoop-ozone/integration-test/target/test-dir/MiniOzoneClusterImpl-89214370-af8c-46c8-b403-f68b2ae7a3e8/datanode-9/data/containers/hdds
2019-11-13 20:08:39,369 [main] INFO  volume.HddsVolumeChecker (HddsVolumeChecker.java:checkAllVolumes(204)) - Scheduled health check for volume /workdir/hadoop-ozone/integration-test/target/test-dir/MiniOzoneClusterImpl-89214370-af8c-46c8-b403-f68b2ae7a3e8/datanode-9/data/containers/hdds
2019-11-13 20:08:39,380 [main] INFO  impl.RaftServerProxy (ConfUtils.java:logGet(43)) - raft.rpc.type = GRPC (default)
2019-11-13 20:08:39,380 [main] INFO  grpc.GrpcFactory (GrpcFactory.java:checkPooledByteBufAllocatorUseCacheForAllThreads(45)) - PERFORMANCE WARNING: useCacheForAllThreads is true that may cause Netty to create a lot garbage objects and, as a result, trigger GC.
	It is recommended to disable useCacheForAllThreads by setting -Dorg.apache.ratis.thirdparty.io.netty.allocator.useCacheForAllThreads=false in command line.
2019-11-13 20:08:39,380 [main] INFO  grpc.GrpcConfigKeys$Server (ConfUtils.java:logGet(43)) - raft.grpc.server.port = 0 (default)
2019-11-13 20:08:39,380 [main] INFO  server.GrpcService (ConfUtils.java:logGet(43)) - raft.grpc.message.size.max = 33570816 (custom)
2019-11-13 20:08:39,380 [main] INFO  server.RaftServerConfigKeys (ConfUtils.java:logGet(43)) - raft.server.log.appender.buffer.byte-limit = 33554432 (custom)
2019-11-13 20:08:39,381 [main] INFO  server.GrpcService (ConfUtils.java:logGet(43)) - raft.grpc.flow.control.window = 1MB (=1048576) (default)
2019-11-13 20:08:39,381 [main] INFO  server.RaftServerConfigKeys (ConfUtils.java:logGet(43)) - raft.server.rpc.request.timeout = 3000ms (default)
2019-11-13 20:08:39,381 [main] INFO  server.RaftServerConfigKeys (ConfUtils.java:logGet(43)) - raft.server.storage.dir = [/workdir/hadoop-ozone/integration-test/target/test-dir/MiniOzoneClusterImpl-89214370-af8c-46c8-b403-f68b2ae7a3e8/datanode-9/data/ratis] (custom)
2019-11-13 20:08:39,382 [main] INFO  hdfs.DFSUtil (DFSUtil.java:httpServerTemplateForNNAndJN(1641)) - Starting Web-server for hddsDatanode at: http://0.0.0.0:0
2019-11-13 20:08:39,383 [main] INFO  server.AuthenticationFilter (AuthenticationFilter.java:constructSecretProvider(240)) - Unable to initialize FileSignerSecretProvider, falling back to use random secrets.
2019-11-13 20:08:39,384 [main] WARN  http.HttpRequestLog (HttpRequestLog.java:getRequestLog(97)) - Jetty request log can only be enabled using Log4j
2019-11-13 20:08:39,385 [main] INFO  http.HttpServer2 (HttpServer2.java:addGlobalFilter(975)) - Added global filter 'safety' (class=org.apache.hadoop.http.HttpServer2$QuotingInputFilter)
2019-11-13 20:08:39,385 [main] INFO  http.HttpServer2 (HttpServer2.java:addFilter(948)) - Added filter static_user_filter (class=org.apache.hadoop.http.lib.StaticUserWebFilter$StaticUserFilter) to context hddsDatanode
2019-11-13 20:08:39,385 [main] INFO  http.HttpServer2 (HttpServer2.java:addFilter(958)) - Added filter static_user_filter (class=org.apache.hadoop.http.lib.StaticUserWebFilter$StaticUserFilter) to context logs
2019-11-13 20:08:39,385 [main] INFO  http.HttpServer2 (HttpServer2.java:addFilter(958)) - Added filter static_user_filter (class=org.apache.hadoop.http.lib.StaticUserWebFilter$StaticUserFilter) to context static
2019-11-13 20:08:39,386 [main] INFO  http.HttpServer2 (HttpServer2.java:bindListener(1191)) - Jetty bound to port 36523
2019-11-13 20:08:39,386 [main] INFO  server.Server (Server.java:doStart(351)) - jetty-9.3.25.v20180904, build timestamp: 2018-09-04T21:11:46Z, git hash: 3ce520221d0240229c862b122d2b06c12a625732
2019-11-13 20:08:39,387 [main] INFO  handler.ContextHandler (ContextHandler.java:doStart(781)) - Started o.e.j.s.ServletContextHandler@7bf018dd{/logs,file:///workdir/hadoop-ozone/integration-test/target/log,AVAILABLE}
2019-11-13 20:08:39,388 [main] INFO  handler.ContextHandler (ContextHandler.java:doStart(781)) - Started o.e.j.s.ServletContextHandler@3f6c2763{/static,jar:file:/home/user/.m2/repository/org/apache/hadoop/hadoop-hdds-container-service/0.5.0-SNAPSHOT/hadoop-hdds-container-service-0.5.0-SNAPSHOT.jar!/webapps/static,AVAILABLE}
2019-11-13 20:08:39,418 [main] INFO  handler.ContextHandler (ContextHandler.java:doStart(781)) - Started o.e.j.w.WebAppContext@1796b2d4{/,file:///tmp/jetty-0.0.0.0-36523-hddsDatanode-_-any-5721126821991443035.dir/webapp/,AVAILABLE}{/hddsDatanode}
2019-11-13 20:08:39,418 [main] INFO  server.AbstractConnector (AbstractConnector.java:doStart(278)) - Started ServerConnector@935d3f9{HTTP/1.1,[http/1.1]}{0.0.0.0:36523}
2019-11-13 20:08:39,419 [main] INFO  server.Server (Server.java:doStart(419)) - Started @379574ms
2019-11-13 20:08:39,419 [main] WARN  impl.MetricsSystemImpl (MetricsSystemImpl.java:register(276)) - Sink prometheus already exists!
2019-11-13 20:08:39,421 [main] INFO  server.BaseHttpServer (BaseHttpServer.java:updateConnectorAddress(215)) - HTTP server of HDDSDATANODE is listening at http://0.0.0.0:36523
2019-11-13 20:08:39,421 [main] INFO  ozone.MiniOzoneClusterImpl (MiniOzoneClusterImpl.java:lambda$waitForClusterToBeReady$2(171)) - Waiting for cluster to be ready. Got 0 of 10 DN Heartbeats.
2019-11-13 20:08:39,422 [org.apache.hadoop.util.JvmPauseMonitor$Monitor@63d80863] INFO  util.JvmPauseMonitor (JvmPauseMonitor.java:run(188)) - Starting JVM pause monitor
2019-11-13 20:08:39,422 [Datanode State Machine Thread - 0] INFO  datanode.InitDatanodeState (InitDatanodeState.java:persistContainerDatanodeDetails(140)) - DatanodeDetails is persisted to /workdir/hadoop-ozone/integration-test/target/test-dir/MiniOzoneClusterImpl-89214370-af8c-46c8-b403-f68b2ae7a3e8/datanode-9/meta/datanode.id
2019-11-13 20:08:40,421 [main] INFO  ozone.MiniOzoneClusterImpl (MiniOzoneClusterImpl.java:lambda$waitForClusterToBeReady$2(171)) - Waiting for cluster to be ready. Got 0 of 10 DN Heartbeats.
2019-11-13 20:08:40,910 [Datanode State Machine Thread - 0] INFO  ozoneimpl.OzoneContainer (OzoneContainer.java:start(230)) - Attempting to start container services.
2019-11-13 20:08:40,910 [Datanode State Machine Thread - 0] INFO  ozoneimpl.OzoneContainer (OzoneContainer.java:startContainerScrub(194)) - Background container scanner has been disabled.
2019-11-13 20:08:40,910 [Datanode State Machine Thread - 0] INFO  ratis.XceiverServerRatis (XceiverServerRatis.java:start(421)) - Starting XceiverServerRatis 63348c40-6caf-45cd-85ad-36e15dedc157 at port 0
2019-11-13 20:08:40,917 [Datanode State Machine Thread - 0] INFO  impl.RaftServerProxy (RaftServerProxy.java:lambda$start$3(299)) - 63348c40-6caf-45cd-85ad-36e15dedc157: start RPC server
2019-11-13 20:08:40,918 [Datanode State Machine Thread - 0] INFO  server.GrpcService (GrpcService.java:startImpl(158)) - 63348c40-6caf-45cd-85ad-36e15dedc157: GrpcService started, listening on 0.0.0.0/0.0.0.0:33072
2019-11-13 20:08:40,918 [Datanode State Machine Thread - 0] INFO  ratis.XceiverServerRatis (XceiverServerRatis.java:start(431)) - XceiverServerRatis 63348c40-6caf-45cd-85ad-36e15dedc157 is started using port 33072
2019-11-13 20:08:40,919 [Datanode State Machine Thread - 0] INFO  server.XceiverServerGrpc (XceiverServerGrpc.java:start(145)) - XceiverServerGrpc 63348c40-6caf-45cd-85ad-36e15dedc157 is started using port 33330
2019-11-13 20:08:40,938 [Datanode State Machine Thread - 0] INFO  ozoneimpl.OzoneContainer (OzoneContainer.java:start(230)) - Attempting to start container services.
2019-11-13 20:08:40,938 [Datanode State Machine Thread - 0] INFO  ozoneimpl.OzoneContainer (OzoneContainer.java:startContainerScrub(194)) - Background container scanner has been disabled.
2019-11-13 20:08:40,938 [Datanode State Machine Thread - 0] INFO  ratis.XceiverServerRatis (XceiverServerRatis.java:start(421)) - Starting XceiverServerRatis d9031576-438e-4c71-bddc-2fb75a9376b9 at port 0
2019-11-13 20:08:40,944 [Datanode State Machine Thread - 0] INFO  impl.RaftServerProxy (RaftServerProxy.java:lambda$start$3(299)) - d9031576-438e-4c71-bddc-2fb75a9376b9: start RPC server
2019-11-13 20:08:40,944 [Datanode State Machine Thread - 0] INFO  server.GrpcService (GrpcService.java:startImpl(158)) - d9031576-438e-4c71-bddc-2fb75a9376b9: GrpcService started, listening on 0.0.0.0/0.0.0.0:45924
2019-11-13 20:08:40,944 [Datanode State Machine Thread - 0] INFO  ratis.XceiverServerRatis (XceiverServerRatis.java:start(431)) - XceiverServerRatis d9031576-438e-4c71-bddc-2fb75a9376b9 is started using port 45924
2019-11-13 20:08:40,944 [Datanode State Machine Thread - 0] INFO  server.XceiverServerGrpc (XceiverServerGrpc.java:start(145)) - XceiverServerGrpc d9031576-438e-4c71-bddc-2fb75a9376b9 is started using port 33315
2019-11-13 20:08:40,999 [Datanode State Machine Thread - 0] INFO  ozoneimpl.OzoneContainer (OzoneContainer.java:start(230)) - Attempting to start container services.
2019-11-13 20:08:41,000 [Datanode State Machine Thread - 0] INFO  ozoneimpl.OzoneContainer (OzoneContainer.java:startContainerScrub(194)) - Background container scanner has been disabled.
2019-11-13 20:08:41,000 [Datanode State Machine Thread - 0] INFO  ratis.XceiverServerRatis (XceiverServerRatis.java:start(421)) - Starting XceiverServerRatis 9c82cd9c-0f64-450d-b3c2-ed8e29acca38 at port 0
2019-11-13 20:08:41,007 [Datanode State Machine Thread - 0] INFO  impl.RaftServerProxy (RaftServerProxy.java:lambda$start$3(299)) - 9c82cd9c-0f64-450d-b3c2-ed8e29acca38: start RPC server
2019-11-13 20:08:41,007 [Datanode State Machine Thread - 0] INFO  server.GrpcService (GrpcService.java:startImpl(158)) - 9c82cd9c-0f64-450d-b3c2-ed8e29acca38: GrpcService started, listening on 0.0.0.0/0.0.0.0:36061
2019-11-13 20:08:41,008 [Datanode State Machine Thread - 0] INFO  ratis.XceiverServerRatis (XceiverServerRatis.java:start(431)) - XceiverServerRatis 9c82cd9c-0f64-450d-b3c2-ed8e29acca38 is started using port 36061
2019-11-13 20:08:41,008 [Datanode State Machine Thread - 0] INFO  server.XceiverServerGrpc (XceiverServerGrpc.java:start(145)) - XceiverServerGrpc 9c82cd9c-0f64-450d-b3c2-ed8e29acca38 is started using port 38153
2019-11-13 20:08:41,057 [Datanode State Machine Thread - 0] INFO  ozoneimpl.OzoneContainer (OzoneContainer.java:start(230)) - Attempting to start container services.
2019-11-13 20:08:41,058 [Datanode State Machine Thread - 0] INFO  ozoneimpl.OzoneContainer (OzoneContainer.java:startContainerScrub(194)) - Background container scanner has been disabled.
2019-11-13 20:08:41,058 [Datanode State Machine Thread - 0] INFO  ratis.XceiverServerRatis (XceiverServerRatis.java:start(421)) - Starting XceiverServerRatis 020265cf-8215-4e82-9241-b31a46326517 at port 0
2019-11-13 20:08:41,062 [Datanode State Machine Thread - 0] INFO  impl.RaftServerProxy (RaftServerProxy.java:lambda$start$3(299)) - 020265cf-8215-4e82-9241-b31a46326517: start RPC server
2019-11-13 20:08:41,063 [Datanode State Machine Thread - 0] INFO  server.GrpcService (GrpcService.java:startImpl(158)) - 020265cf-8215-4e82-9241-b31a46326517: GrpcService started, listening on 0.0.0.0/0.0.0.0:43042
2019-11-13 20:08:41,063 [Datanode State Machine Thread - 0] INFO  ratis.XceiverServerRatis (XceiverServerRatis.java:start(431)) - XceiverServerRatis 020265cf-8215-4e82-9241-b31a46326517 is started using port 43042
2019-11-13 20:08:41,063 [Datanode State Machine Thread - 0] INFO  server.XceiverServerGrpc (XceiverServerGrpc.java:start(145)) - XceiverServerGrpc 020265cf-8215-4e82-9241-b31a46326517 is started using port 34918
2019-11-13 20:08:41,119 [Datanode State Machine Thread - 0] INFO  ozoneimpl.OzoneContainer (OzoneContainer.java:start(230)) - Attempting to start container services.
2019-11-13 20:08:41,119 [Datanode State Machine Thread - 0] INFO  ozoneimpl.OzoneContainer (OzoneContainer.java:startContainerScrub(194)) - Background container scanner has been disabled.
2019-11-13 20:08:41,119 [Datanode State Machine Thread - 0] INFO  ratis.XceiverServerRatis (XceiverServerRatis.java:start(421)) - Starting XceiverServerRatis 2f9d8c1e-934d-4d04-b20a-ee991adbbfce at port 0
2019-11-13 20:08:41,125 [Datanode State Machine Thread - 0] INFO  impl.RaftServerProxy (RaftServerProxy.java:lambda$start$3(299)) - 2f9d8c1e-934d-4d04-b20a-ee991adbbfce: start RPC server
2019-11-13 20:08:41,125 [Datanode State Machine Thread - 0] INFO  server.GrpcService (GrpcService.java:startImpl(158)) - 2f9d8c1e-934d-4d04-b20a-ee991adbbfce: GrpcService started, listening on 0.0.0.0/0.0.0.0:42314
2019-11-13 20:08:41,125 [Datanode State Machine Thread - 0] INFO  ratis.XceiverServerRatis (XceiverServerRatis.java:start(431)) - XceiverServerRatis 2f9d8c1e-934d-4d04-b20a-ee991adbbfce is started using port 42314
2019-11-13 20:08:41,126 [Datanode State Machine Thread - 0] INFO  server.XceiverServerGrpc (XceiverServerGrpc.java:start(145)) - XceiverServerGrpc 2f9d8c1e-934d-4d04-b20a-ee991adbbfce is started using port 43800
2019-11-13 20:08:41,179 [Datanode State Machine Thread - 0] INFO  ozoneimpl.OzoneContainer (OzoneContainer.java:start(230)) - Attempting to start container services.
2019-11-13 20:08:41,179 [Datanode State Machine Thread - 0] INFO  ozoneimpl.OzoneContainer (OzoneContainer.java:startContainerScrub(194)) - Background container scanner has been disabled.
2019-11-13 20:08:41,179 [Datanode State Machine Thread - 0] INFO  ratis.XceiverServerRatis (XceiverServerRatis.java:start(421)) - Starting XceiverServerRatis 4ac79741-1dc4-4e7a-a50d-ac53fab10d14 at port 0
2019-11-13 20:08:41,183 [Datanode State Machine Thread - 0] INFO  impl.RaftServerProxy (RaftServerProxy.java:lambda$start$3(299)) - 4ac79741-1dc4-4e7a-a50d-ac53fab10d14: start RPC server
2019-11-13 20:08:41,184 [Datanode State Machine Thread - 0] INFO  server.GrpcService (GrpcService.java:startImpl(158)) - 4ac79741-1dc4-4e7a-a50d-ac53fab10d14: GrpcService started, listening on 0.0.0.0/0.0.0.0:46397
2019-11-13 20:08:41,184 [Datanode State Machine Thread - 0] INFO  ratis.XceiverServerRatis (XceiverServerRatis.java:start(431)) - XceiverServerRatis 4ac79741-1dc4-4e7a-a50d-ac53fab10d14 is started using port 46397
2019-11-13 20:08:41,184 [Datanode State Machine Thread - 0] INFO  server.XceiverServerGrpc (XceiverServerGrpc.java:start(145)) - XceiverServerGrpc 4ac79741-1dc4-4e7a-a50d-ac53fab10d14 is started using port 34418
2019-11-13 20:08:41,248 [Datanode State Machine Thread - 0] INFO  ozoneimpl.OzoneContainer (OzoneContainer.java:start(230)) - Attempting to start container services.
2019-11-13 20:08:41,248 [Datanode State Machine Thread - 0] INFO  ozoneimpl.OzoneContainer (OzoneContainer.java:startContainerScrub(194)) - Background container scanner has been disabled.
2019-11-13 20:08:41,248 [Datanode State Machine Thread - 0] INFO  ratis.XceiverServerRatis (XceiverServerRatis.java:start(421)) - Starting XceiverServerRatis 167876bd-92c4-4c51-979b-51b12cb252bf at port 0
2019-11-13 20:08:41,253 [Datanode State Machine Thread - 0] INFO  impl.RaftServerProxy (RaftServerProxy.java:lambda$start$3(299)) - 167876bd-92c4-4c51-979b-51b12cb252bf: start RPC server
2019-11-13 20:08:41,253 [Datanode State Machine Thread - 0] INFO  server.GrpcService (GrpcService.java:startImpl(158)) - 167876bd-92c4-4c51-979b-51b12cb252bf: GrpcService started, listening on 0.0.0.0/0.0.0.0:45159
2019-11-13 20:08:41,253 [Datanode State Machine Thread - 0] INFO  ratis.XceiverServerRatis (XceiverServerRatis.java:start(431)) - XceiverServerRatis 167876bd-92c4-4c51-979b-51b12cb252bf is started using port 45159
2019-11-13 20:08:41,254 [Datanode State Machine Thread - 0] INFO  server.XceiverServerGrpc (XceiverServerGrpc.java:start(145)) - XceiverServerGrpc 167876bd-92c4-4c51-979b-51b12cb252bf is started using port 46833
2019-11-13 20:08:41,312 [Datanode State Machine Thread - 0] INFO  ozoneimpl.OzoneContainer (OzoneContainer.java:start(230)) - Attempting to start container services.
2019-11-13 20:08:41,313 [Datanode State Machine Thread - 0] INFO  ozoneimpl.OzoneContainer (OzoneContainer.java:startContainerScrub(194)) - Background container scanner has been disabled.
2019-11-13 20:08:41,313 [Datanode State Machine Thread - 0] INFO  ratis.XceiverServerRatis (XceiverServerRatis.java:start(421)) - Starting XceiverServerRatis 8446ee0c-69c2-4e02-91d0-278741efb561 at port 0
2019-11-13 20:08:41,318 [Datanode State Machine Thread - 0] INFO  impl.RaftServerProxy (RaftServerProxy.java:lambda$start$3(299)) - 8446ee0c-69c2-4e02-91d0-278741efb561: start RPC server
2019-11-13 20:08:41,319 [Datanode State Machine Thread - 0] INFO  server.GrpcService (GrpcService.java:startImpl(158)) - 8446ee0c-69c2-4e02-91d0-278741efb561: GrpcService started, listening on 0.0.0.0/0.0.0.0:38186
2019-11-13 20:08:41,319 [Datanode State Machine Thread - 0] INFO  ratis.XceiverServerRatis (XceiverServerRatis.java:start(431)) - XceiverServerRatis 8446ee0c-69c2-4e02-91d0-278741efb561 is started using port 38186
2019-11-13 20:08:41,319 [Datanode State Machine Thread - 0] INFO  server.XceiverServerGrpc (XceiverServerGrpc.java:start(145)) - XceiverServerGrpc 8446ee0c-69c2-4e02-91d0-278741efb561 is started using port 44163
2019-11-13 20:08:41,375 [Datanode State Machine Thread - 0] INFO  ozoneimpl.OzoneContainer (OzoneContainer.java:start(230)) - Attempting to start container services.
2019-11-13 20:08:41,376 [Datanode State Machine Thread - 0] INFO  ozoneimpl.OzoneContainer (OzoneContainer.java:startContainerScrub(194)) - Background container scanner has been disabled.
2019-11-13 20:08:41,376 [Datanode State Machine Thread - 0] INFO  ratis.XceiverServerRatis (XceiverServerRatis.java:start(421)) - Starting XceiverServerRatis 2be136fa-895c-4486-93c9-d92ffb9d7f91 at port 0
2019-11-13 20:08:41,380 [Datanode State Machine Thread - 0] INFO  impl.RaftServerProxy (RaftServerProxy.java:lambda$start$3(299)) - 2be136fa-895c-4486-93c9-d92ffb9d7f91: start RPC server
2019-11-13 20:08:41,381 [Datanode State Machine Thread - 0] INFO  server.GrpcService (GrpcService.java:startImpl(158)) - 2be136fa-895c-4486-93c9-d92ffb9d7f91: GrpcService started, listening on 0.0.0.0/0.0.0.0:35833
2019-11-13 20:08:41,381 [Datanode State Machine Thread - 0] INFO  ratis.XceiverServerRatis (XceiverServerRatis.java:start(431)) - XceiverServerRatis 2be136fa-895c-4486-93c9-d92ffb9d7f91 is started using port 35833
2019-11-13 20:08:41,381 [Datanode State Machine Thread - 0] INFO  server.XceiverServerGrpc (XceiverServerGrpc.java:start(145)) - XceiverServerGrpc 2be136fa-895c-4486-93c9-d92ffb9d7f91 is started using port 46697
2019-11-13 20:08:41,422 [main] INFO  ozone.MiniOzoneClusterImpl (MiniOzoneClusterImpl.java:lambda$waitForClusterToBeReady$2(171)) - Waiting for cluster to be ready. Got 0 of 10 DN Heartbeats.
2019-11-13 20:08:41,436 [Datanode State Machine Thread - 0] INFO  ozoneimpl.OzoneContainer (OzoneContainer.java:start(230)) - Attempting to start container services.
2019-11-13 20:08:41,436 [Datanode State Machine Thread - 0] INFO  ozoneimpl.OzoneContainer (OzoneContainer.java:startContainerScrub(194)) - Background container scanner has been disabled.
2019-11-13 20:08:41,436 [Datanode State Machine Thread - 0] INFO  ratis.XceiverServerRatis (XceiverServerRatis.java:start(421)) - Starting XceiverServerRatis 7ba2007b-7453-4993-98f1-4fc841af859b at port 0
2019-11-13 20:08:41,441 [Datanode State Machine Thread - 0] INFO  impl.RaftServerProxy (RaftServerProxy.java:lambda$start$3(299)) - 7ba2007b-7453-4993-98f1-4fc841af859b: start RPC server
2019-11-13 20:08:41,441 [Datanode State Machine Thread - 0] INFO  server.GrpcService (GrpcService.java:startImpl(158)) - 7ba2007b-7453-4993-98f1-4fc841af859b: GrpcService started, listening on 0.0.0.0/0.0.0.0:37487
2019-11-13 20:08:41,441 [Datanode State Machine Thread - 0] INFO  ratis.XceiverServerRatis (XceiverServerRatis.java:start(431)) - XceiverServerRatis 7ba2007b-7453-4993-98f1-4fc841af859b is started using port 37487
2019-11-13 20:08:41,455 [Datanode State Machine Thread - 0] INFO  server.XceiverServerGrpc (XceiverServerGrpc.java:start(145)) - XceiverServerGrpc 7ba2007b-7453-4993-98f1-4fc841af859b is started using port 34703
2019-11-13 20:08:42,422 [main] INFO  ozone.MiniOzoneClusterImpl (MiniOzoneClusterImpl.java:lambda$waitForClusterToBeReady$2(171)) - Waiting for cluster to be ready. Got 0 of 10 DN Heartbeats.
2019-11-13 20:08:42,862 [IPC Server handler 9 on 42664] INFO  net.NetworkTopology (NetworkTopologyImpl.java:add(111)) - Added a new node: /rack1/63348c40-6caf-45cd-85ad-36e15dedc157
2019-11-13 20:08:42,864 [IPC Server handler 9 on 42664] INFO  node.SCMNodeManager (SCMNodeManager.java:register(267)) - Registered Data node : 63348c40-6caf-45cd-85ad-36e15dedc157{ip: 192.168.34.38, host: pr-hdds-2469-rfsxc-843238572, networkLocation: /rack1, certSerialId: null}
2019-11-13 20:08:42,865 [EventQueue-NodeRegistrationContainerReportForDataNodeSafeModeRule] INFO  safemode.SCMSafeModeManager (DataNodeSafeModeRule.java:process(71)) - SCM in safe mode. 1 DataNodes registered, 1 required.
2019-11-13 20:08:42,867 [EventQueue-NodeRegistrationContainerReportForDataNodeSafeModeRule] INFO  safemode.SCMSafeModeManager (SCMSafeModeManager.java:validateSafeModeExitRules(177)) - ScmSafeModeManager, all rules are successfully validated
2019-11-13 20:08:42,867 [EventQueue-NodeRegistrationContainerReportForDataNodeSafeModeRule] INFO  safemode.SCMSafeModeManager (SCMSafeModeManager.java:exitSafeMode(193)) - SCM exiting safe mode.
2019-11-13 20:08:42,884 [grpc-default-executor-11] INFO  impl.RaftServerProxy (RaftServerProxy.java:addNew(89)) - 63348c40-6caf-45cd-85ad-36e15dedc157: addNew group-91EF05A8FF38:[63348c40-6caf-45cd-85ad-36e15dedc157:192.168.34.38:33072] returns group-91EF05A8FF38:java.util.concurrent.CompletableFuture@17212fac[Not completed]
2019-11-13 20:08:42,885 [pool-510-thread-1] INFO  impl.RaftServerImpl (RaftServerImpl.java:<init>(98)) - 63348c40-6caf-45cd-85ad-36e15dedc157: new RaftServerImpl for group-91EF05A8FF38:[63348c40-6caf-45cd-85ad-36e15dedc157:192.168.34.38:33072] with ContainerStateMachine:uninitialized
2019-11-13 20:08:42,885 [pool-510-thread-1] INFO  server.RaftServerConfigKeys (ConfUtils.java:logGet(43)) - raft.server.rpc.timeout.min = 1s (custom)
2019-11-13 20:08:42,885 [pool-510-thread-1] INFO  server.RaftServerConfigKeys (ConfUtils.java:logGet(43)) - raft.server.rpc.timeout.max = 1200ms (custom)
2019-11-13 20:08:42,885 [pool-510-thread-1] INFO  server.RaftServerConfigKeys (ConfUtils.java:logGet(43)) - raft.server.rpcslowness.timeout = 120s (custom)
2019-11-13 20:08:42,885 [pool-510-thread-1] INFO  server.RaftServerConfigKeys (ConfUtils.java:logGet(43)) - raft.server.sleep.deviation.threshold = 300 (default)
2019-11-13 20:08:42,885 [pool-510-thread-1] INFO  server.RaftServerConfigKeys (ConfUtils.java:logGet(43)) - raft.server.log.appender.install.snapshot.enabled = false (custom)
2019-11-13 20:08:42,885 [pool-510-thread-1] INFO  impl.RaftServerImpl (ServerState.java:<init>(103)) - 63348c40-6caf-45cd-85ad-36e15dedc157@group-91EF05A8FF38: ConfigurationManager, init=-1: [63348c40-6caf-45cd-85ad-36e15dedc157:192.168.34.38:33072], old=null, confs=<EMPTY_MAP>
2019-11-13 20:08:42,886 [pool-510-thread-1] INFO  server.RaftServerConfigKeys (ConfUtils.java:logGet(43)) - raft.server.storage.dir = [/workdir/hadoop-ozone/integration-test/target/test-dir/MiniOzoneClusterImpl-89214370-af8c-46c8-b403-f68b2ae7a3e8/datanode-0/data/ratis] (custom)
2019-11-13 20:08:42,886 [pool-510-thread-1] INFO  server.RaftServerConfigKeys (ConfUtils.java:logGet(43)) - raft.server.log.corruption.policy = EXCEPTION (default)
2019-11-13 20:08:42,886 [pool-510-thread-1] INFO  storage.RaftStorageDirectory (RaftStorageDirectory.java:analyzeStorage(246)) - The storage directory /workdir/hadoop-ozone/integration-test/target/test-dir/MiniOzoneClusterImpl-89214370-af8c-46c8-b403-f68b2ae7a3e8/datanode-0/data/ratis/d37222c9-a1c3-437b-bc3e-91ef05a8ff38 does not exist. Creating ...
2019-11-13 20:08:42,916 [pool-510-thread-1] INFO  storage.RaftStorageDirectory (RaftStorageDirectory.java:tryLock(328)) - Lock on /workdir/hadoop-ozone/integration-test/target/test-dir/MiniOzoneClusterImpl-89214370-af8c-46c8-b403-f68b2ae7a3e8/datanode-0/data/ratis/d37222c9-a1c3-437b-bc3e-91ef05a8ff38/in_use.lock acquired by nodename 29866@pr-hdds-2469-rfsxc-843238572
2019-11-13 20:08:42,925 [IPC Server handler 1 on 42664] INFO  net.NetworkTopology (NetworkTopologyImpl.java:add(111)) - Added a new node: /rack1/d9031576-438e-4c71-bddc-2fb75a9376b9
2019-11-13 20:08:42,925 [IPC Server handler 1 on 42664] INFO  node.SCMNodeManager (SCMNodeManager.java:register(267)) - Registered Data node : d9031576-438e-4c71-bddc-2fb75a9376b9{ip: 192.168.34.38, host: pr-hdds-2469-rfsxc-843238572, networkLocation: /rack1, certSerialId: null}
2019-11-13 20:08:42,930 [pool-510-thread-1] INFO  storage.RaftStorage (RaftStorage.java:format(84)) - Storage directory /workdir/hadoop-ozone/integration-test/target/test-dir/MiniOzoneClusterImpl-89214370-af8c-46c8-b403-f68b2ae7a3e8/datanode-0/data/ratis/d37222c9-a1c3-437b-bc3e-91ef05a8ff38 has been successfully formatted.
2019-11-13 20:08:42,930 [pool-510-thread-1] INFO  ratis.ContainerStateMachine (ContainerStateMachine.java:loadSnapshot(223)) - group-91EF05A8FF38: The snapshot info is null. Setting the last applied indexto:(t:0, i:~)
2019-11-13 20:08:42,930 [pool-510-thread-1] INFO  server.RaftServerConfigKeys (ConfUtils.java:logGet(43)) - raft.server.notification.no-leader.timeout = 120s (custom)
2019-11-13 20:08:42,930 [pool-510-thread-1] INFO  server.RaftServerConfigKeys (ConfUtils.java:logGet(43)) - raft.server.log.use.memory = false (default)
2019-11-13 20:08:42,930 [pool-510-thread-1] INFO  server.RaftServerConfigKeys (ConfUtils.java:logGet(43)) - raft.server.log.purge.gap = 1000000 (custom)
2019-11-13 20:08:42,930 [pool-510-thread-1] INFO  server.RaftServerConfigKeys (ConfUtils.java:logGet(43)) - raft.server.log.appender.buffer.byte-limit = 33554432 (custom)
2019-11-13 20:08:42,931 [pool-510-thread-1] INFO  server.RaftServerConfigKeys (ConfUtils.java:logGet(43)) - raft.server.log.segment.size.max = 1048576 (custom)
2019-11-13 20:08:42,931 [pool-510-thread-1] WARN  impl.MetricRegistriesImpl (MetricRegistriesImpl.java:lambda$create$1(61)) - First MetricRegistry has been created without registering reporters. You may need to call MetricRegistries.global().addReportRegistration(...) before.
2019-11-13 20:08:42,931 [pool-510-thread-1] INFO  server.RaftServerConfigKeys (ConfUtils.java:logGet(43)) - raft.server.log.segment.cache.num.max = 2 (custom)
2019-11-13 20:08:42,931 [pool-510-thread-1] INFO  segmented.SegmentedRaftLogWorker (SegmentedRaftLogWorker.java:<init>(173)) - new 63348c40-6caf-45cd-85ad-36e15dedc157@group-91EF05A8FF38-SegmentedRaftLogWorker for RaftStorage:Storage Directory /workdir/hadoop-ozone/integration-test/target/test-dir/MiniOzoneClusterImpl-89214370-af8c-46c8-b403-f68b2ae7a3e8/datanode-0/data/ratis/d37222c9-a1c3-437b-bc3e-91ef05a8ff38
2019-11-13 20:08:42,931 [pool-510-thread-1] INFO  server.RaftServerConfigKeys (ConfUtils.java:logGet(43)) - raft.server.log.queue.byte-limit = 2147483647 (custom)
2019-11-13 20:08:42,931 [pool-510-thread-1] INFO  server.RaftServerConfigKeys (ConfUtils.java:logGet(43)) - raft.server.log.queue.element-limit = 1024 (custom)
2019-11-13 20:08:42,931 [pool-510-thread-1] INFO  server.RaftServerConfigKeys (ConfUtils.java:logGet(43)) - raft.server.log.segment.size.max = 1048576 (custom)
2019-11-13 20:08:42,931 [pool-510-thread-1] INFO  server.RaftServerConfigKeys (ConfUtils.java:logGet(43)) - raft.server.log.preallocated.size = 16384 (custom)
2019-11-13 20:08:42,931 [pool-510-thread-1] INFO  server.RaftServerConfigKeys (ConfUtils.java:logGet(43)) - raft.server.log.write.buffer.size = 33554432 (custom)
2019-11-13 20:08:42,932 [pool-510-thread-1] INFO  server.RaftServerConfigKeys (ConfUtils.java:logGet(43)) - raft.server.log.force.sync.num = 128 (default)
2019-11-13 20:08:42,932 [pool-510-thread-1] INFO  server.RaftServerConfigKeys (ConfUtils.java:logGet(43)) - raft.server.log.statemachine.data.sync = true (default)
2019-11-13 20:08:42,932 [pool-510-thread-1] INFO  server.RaftServerConfigKeys (ConfUtils.java:logGet(43)) - raft.server.log.statemachine.data.sync.timeout = 10s (default)
2019-11-13 20:08:42,932 [pool-510-thread-1] INFO  server.RaftServerConfigKeys (ConfUtils.java:logGet(43)) - raft.server.log.statemachine.data.sync.timeout.retry = -1 (default)
2019-11-13 20:08:42,932 [pool-510-thread-1] INFO  server.RaftServerConfigKeys (ConfUtils.java:logGet(43)) - raft.server.log.statemachine.data.caching.enabled = true (custom)
2019-11-13 20:08:42,932 [pool-510-thread-1] INFO  segmented.SegmentedRaftLogWorker (SegmentedRaftLogWorker.java:lambda$new$0(128)) - 63348c40-6caf-45cd-85ad-36e15dedc157@group-91EF05A8FF38-SegmentedRaftLogWorker: flushIndex: setUnconditionally 0 -> -1
2019-11-13 20:08:42,933 [pool-510-thread-1] INFO  server.RaftServerConfigKeys (ConfUtils.java:logGet(43)) - raft.server.snapshot.auto.trigger.enabled = true (custom)
2019-11-13 20:08:42,933 [pool-510-thread-1] INFO  server.RaftServerConfigKeys (ConfUtils.java:logGet(43)) - raft.server.snapshot.auto.trigger.threshold = 10000 (custom)
2019-11-13 20:08:42,933 [pool-510-thread-1] INFO  server.RaftServerConfigKeys (ConfUtils.java:logGet(43)) - raft.server.snapshot.retention.file.num = 5 (custom)
2019-11-13 20:08:42,933 [pool-510-thread-1] INFO  server.RaftServerConfigKeys (ConfUtils.java:logGet(43)) - raft.server.retrycache.expirytime = 600000ms (custom)
2019-11-13 20:08:42,933 [pool-510-thread-1] WARN  impl.MetricRegistriesImpl (MetricRegistriesImpl.java:lambda$create$1(61)) - First MetricRegistry has been created without registering reporters. You may need to call MetricRegistries.global().addReportRegistration(...) before.
2019-11-13 20:08:42,933 [pool-510-thread-1] WARN  impl.MetricRegistriesImpl (MetricRegistriesImpl.java:lambda$create$1(61)) - First MetricRegistry has been created without registering reporters. You may need to call MetricRegistries.global().addReportRegistration(...) before.
2019-11-13 20:08:42,933 [pool-510-thread-1] INFO  impl.RaftServerImpl (RaftServerImpl.java:start(184)) - 63348c40-6caf-45cd-85ad-36e15dedc157@group-91EF05A8FF38: start as a follower, conf=-1: [63348c40-6caf-45cd-85ad-36e15dedc157:192.168.34.38:33072], old=null
2019-11-13 20:08:42,934 [pool-510-thread-1] INFO  impl.RaftServerImpl (RaftServerImpl.java:setRole(173)) - 63348c40-6caf-45cd-85ad-36e15dedc157@group-91EF05A8FF38: changes role from      null to FOLLOWER at term 0 for startAsFollower
2019-11-13 20:08:42,934 [pool-510-thread-1] INFO  impl.RoleInfo (RoleInfo.java:updateAndGet(143)) - 63348c40-6caf-45cd-85ad-36e15dedc157: start FollowerState
2019-11-13 20:08:42,934 [pool-510-thread-1] INFO  util.JmxRegister (JmxRegister.java:tryRegister(44)) - Successfully registered JMX Bean with object name Ratis:service=RaftServer,group=group-91EF05A8FF38,id=63348c40-6caf-45cd-85ad-36e15dedc157
2019-11-13 20:08:42,934 [pool-510-thread-1] WARN  impl.MetricRegistriesImpl (MetricRegistriesImpl.java:lambda$create$1(61)) - First MetricRegistry has been created without registering reporters. You may need to call MetricRegistries.global().addReportRegistration(...) before.
2019-11-13 20:08:42,937 [RatisPipelineUtilsThread] INFO  pipeline.PipelineStateManager (PipelineStateManager.java:addPipeline(55)) - Created pipeline Pipeline[ Id: d37222c9-a1c3-437b-bc3e-91ef05a8ff38, Nodes: 63348c40-6caf-45cd-85ad-36e15dedc157{ip: 192.168.34.38, host: pr-hdds-2469-rfsxc-843238572, networkLocation: /rack1, certSerialId: null}, Type:RATIS, Factor:ONE, State:ALLOCATED]
2019-11-13 20:08:42,943 [grpc-default-executor-11] INFO  impl.RaftServerProxy (RaftServerProxy.java:addNew(89)) - d9031576-438e-4c71-bddc-2fb75a9376b9: addNew group-9BDB0ACFD532:[d9031576-438e-4c71-bddc-2fb75a9376b9:192.168.34.38:45924] returns group-9BDB0ACFD532:java.util.concurrent.CompletableFuture@1f7d490f[Not completed]
2019-11-13 20:08:42,944 [pool-520-thread-1] INFO  impl.RaftServerImpl (RaftServerImpl.java:<init>(98)) - d9031576-438e-4c71-bddc-2fb75a9376b9: new RaftServerImpl for group-9BDB0ACFD532:[d9031576-438e-4c71-bddc-2fb75a9376b9:192.168.34.38:45924] with ContainerStateMachine:uninitialized
2019-11-13 20:08:42,944 [pool-520-thread-1] INFO  server.RaftServerConfigKeys (ConfUtils.java:logGet(43)) - raft.server.rpc.timeout.min = 1s (custom)
2019-11-13 20:08:42,944 [pool-520-thread-1] INFO  server.RaftServerConfigKeys (ConfUtils.java:logGet(43)) - raft.server.rpc.timeout.max = 1200ms (custom)
2019-11-13 20:08:42,944 [pool-520-thread-1] INFO  server.RaftServerConfigKeys (ConfUtils.java:logGet(43)) - raft.server.rpcslowness.timeout = 120s (custom)
2019-11-13 20:08:42,944 [pool-520-thread-1] INFO  server.RaftServerConfigKeys (ConfUtils.java:logGet(43)) - raft.server.sleep.deviation.threshold = 300 (default)
2019-11-13 20:08:42,944 [pool-520-thread-1] INFO  server.RaftServerConfigKeys (ConfUtils.java:logGet(43)) - raft.server.log.appender.install.snapshot.enabled = false (custom)
2019-11-13 20:08:42,944 [pool-520-thread-1] INFO  impl.RaftServerImpl (ServerState.java:<init>(103)) - d9031576-438e-4c71-bddc-2fb75a9376b9@group-9BDB0ACFD532: ConfigurationManager, init=-1: [d9031576-438e-4c71-bddc-2fb75a9376b9:192.168.34.38:45924], old=null, confs=<EMPTY_MAP>
2019-11-13 20:08:42,945 [pool-520-thread-1] INFO  server.RaftServerConfigKeys (ConfUtils.java:logGet(43)) - raft.server.storage.dir = [/workdir/hadoop-ozone/integration-test/target/test-dir/MiniOzoneClusterImpl-89214370-af8c-46c8-b403-f68b2ae7a3e8/datanode-1/data/ratis] (custom)
2019-11-13 20:08:42,945 [pool-520-thread-1] INFO  server.RaftServerConfigKeys (ConfUtils.java:logGet(43)) - raft.server.log.corruption.policy = EXCEPTION (default)
2019-11-13 20:08:42,945 [pool-520-thread-1] INFO  storage.RaftStorageDirectory (RaftStorageDirectory.java:analyzeStorage(246)) - The storage directory /workdir/hadoop-ozone/integration-test/target/test-dir/MiniOzoneClusterImpl-89214370-af8c-46c8-b403-f68b2ae7a3e8/datanode-1/data/ratis/a51fd5ae-3b8c-4ceb-aa01-9bdb0acfd532 does not exist. Creating ...
2019-11-13 20:08:42,958 [pool-520-thread-1] INFO  storage.RaftStorageDirectory (RaftStorageDirectory.java:tryLock(328)) - Lock on /workdir/hadoop-ozone/integration-test/target/test-dir/MiniOzoneClusterImpl-89214370-af8c-46c8-b403-f68b2ae7a3e8/datanode-1/data/ratis/a51fd5ae-3b8c-4ceb-aa01-9bdb0acfd532/in_use.lock acquired by nodename 29866@pr-hdds-2469-rfsxc-843238572
2019-11-13 20:08:42,971 [pool-520-thread-1] INFO  storage.RaftStorage (RaftStorage.java:format(84)) - Storage directory /workdir/hadoop-ozone/integration-test/target/test-dir/MiniOzoneClusterImpl-89214370-af8c-46c8-b403-f68b2ae7a3e8/datanode-1/data/ratis/a51fd5ae-3b8c-4ceb-aa01-9bdb0acfd532 has been successfully formatted.
2019-11-13 20:08:42,971 [pool-520-thread-1] INFO  ratis.ContainerStateMachine (ContainerStateMachine.java:loadSnapshot(223)) - group-9BDB0ACFD532: The snapshot info is null. Setting the last applied indexto:(t:0, i:~)
2019-11-13 20:08:42,972 [pool-520-thread-1] INFO  server.RaftServerConfigKeys (ConfUtils.java:logGet(43)) - raft.server.notification.no-leader.timeout = 120s (custom)
2019-11-13 20:08:42,972 [pool-520-thread-1] INFO  server.RaftServerConfigKeys (ConfUtils.java:logGet(43)) - raft.server.log.use.memory = false (default)
2019-11-13 20:08:42,972 [pool-520-thread-1] INFO  server.RaftServerConfigKeys (ConfUtils.java:logGet(43)) - raft.server.log.purge.gap = 1000000 (custom)
2019-11-13 20:08:42,972 [pool-520-thread-1] INFO  server.RaftServerConfigKeys (ConfUtils.java:logGet(43)) - raft.server.log.appender.buffer.byte-limit = 33554432 (custom)
2019-11-13 20:08:42,972 [pool-520-thread-1] INFO  server.RaftServerConfigKeys (ConfUtils.java:logGet(43)) - raft.server.log.segment.size.max = 1048576 (custom)
2019-11-13 20:08:42,972 [pool-520-thread-1] WARN  impl.MetricRegistriesImpl (MetricRegistriesImpl.java:lambda$create$1(61)) - First MetricRegistry has been created without registering reporters. You may need to call MetricRegistries.global().addReportRegistration(...) before.
2019-11-13 20:08:42,972 [pool-520-thread-1] INFO  server.RaftServerConfigKeys (ConfUtils.java:logGet(43)) - raft.server.log.segment.cache.num.max = 2 (custom)
2019-11-13 20:08:42,972 [pool-520-thread-1] INFO  segmented.SegmentedRaftLogWorker (SegmentedRaftLogWorker.java:<init>(173)) - new d9031576-438e-4c71-bddc-2fb75a9376b9@group-9BDB0ACFD532-SegmentedRaftLogWorker for RaftStorage:Storage Directory /workdir/hadoop-ozone/integration-test/target/test-dir/MiniOzoneClusterImpl-89214370-af8c-46c8-b403-f68b2ae7a3e8/datanode-1/data/ratis/a51fd5ae-3b8c-4ceb-aa01-9bdb0acfd532
2019-11-13 20:08:42,972 [pool-520-thread-1] INFO  server.RaftServerConfigKeys (ConfUtils.java:logGet(43)) - raft.server.log.queue.byte-limit = 2147483647 (custom)
2019-11-13 20:08:42,972 [pool-520-thread-1] INFO  server.RaftServerConfigKeys (ConfUtils.java:logGet(43)) - raft.server.log.queue.element-limit = 1024 (custom)
2019-11-13 20:08:42,972 [pool-520-thread-1] INFO  server.RaftServerConfigKeys (ConfUtils.java:logGet(43)) - raft.server.log.segment.size.max = 1048576 (custom)
2019-11-13 20:08:42,972 [pool-520-thread-1] INFO  server.RaftServerConfigKeys (ConfUtils.java:logGet(43)) - raft.server.log.preallocated.size = 16384 (custom)
2019-11-13 20:08:42,973 [pool-520-thread-1] INFO  server.RaftServerConfigKeys (ConfUtils.java:logGet(43)) - raft.server.log.write.buffer.size = 33554432 (custom)
2019-11-13 20:08:42,973 [pool-520-thread-1] INFO  server.RaftServerConfigKeys (ConfUtils.java:logGet(43)) - raft.server.log.force.sync.num = 128 (default)
2019-11-13 20:08:42,973 [pool-520-thread-1] INFO  server.RaftServerConfigKeys (ConfUtils.java:logGet(43)) - raft.server.log.statemachine.data.sync = true (default)
2019-11-13 20:08:42,973 [pool-520-thread-1] INFO  server.RaftServerConfigKeys (ConfUtils.java:logGet(43)) - raft.server.log.statemachine.data.sync.timeout = 10s (default)
2019-11-13 20:08:42,973 [pool-520-thread-1] INFO  server.RaftServerConfigKeys (ConfUtils.java:logGet(43)) - raft.server.log.statemachine.data.sync.timeout.retry = -1 (default)
2019-11-13 20:08:42,973 [pool-520-thread-1] INFO  server.RaftServerConfigKeys (ConfUtils.java:logGet(43)) - raft.server.log.statemachine.data.caching.enabled = true (custom)
2019-11-13 20:08:42,973 [pool-520-thread-1] INFO  segmented.SegmentedRaftLogWorker (SegmentedRaftLogWorker.java:lambda$new$0(128)) - d9031576-438e-4c71-bddc-2fb75a9376b9@group-9BDB0ACFD532-SegmentedRaftLogWorker: flushIndex: setUnconditionally 0 -> -1
2019-11-13 20:08:42,973 [pool-520-thread-1] INFO  server.RaftServerConfigKeys (ConfUtils.java:logGet(43)) - raft.server.snapshot.auto.trigger.enabled = true (custom)
2019-11-13 20:08:42,973 [pool-520-thread-1] INFO  server.RaftServerConfigKeys (ConfUtils.java:logGet(43)) - raft.server.snapshot.auto.trigger.threshold = 10000 (custom)
2019-11-13 20:08:42,974 [pool-520-thread-1] INFO  server.RaftServerConfigKeys (ConfUtils.java:logGet(43)) - raft.server.snapshot.retention.file.num = 5 (custom)
2019-11-13 20:08:42,974 [pool-520-thread-1] INFO  server.RaftServerConfigKeys (ConfUtils.java:logGet(43)) - raft.server.retrycache.expirytime = 600000ms (custom)
2019-11-13 20:08:42,974 [pool-520-thread-1] WARN  impl.MetricRegistriesImpl (MetricRegistriesImpl.java:lambda$create$1(61)) - First MetricRegistry has been created without registering reporters. You may need to call MetricRegistries.global().addReportRegistration(...) before.
2019-11-13 20:08:42,974 [pool-520-thread-1] WARN  impl.MetricRegistriesImpl (MetricRegistriesImpl.java:lambda$create$1(61)) - First MetricRegistry has been created without registering reporters. You may need to call MetricRegistries.global().addReportRegistration(...) before.
2019-11-13 20:08:42,974 [pool-520-thread-1] INFO  impl.RaftServerImpl (RaftServerImpl.java:start(184)) - d9031576-438e-4c71-bddc-2fb75a9376b9@group-9BDB0ACFD532: start as a follower, conf=-1: [d9031576-438e-4c71-bddc-2fb75a9376b9:192.168.34.38:45924], old=null
2019-11-13 20:08:42,974 [pool-520-thread-1] INFO  impl.RaftServerImpl (RaftServerImpl.java:setRole(173)) - d9031576-438e-4c71-bddc-2fb75a9376b9@group-9BDB0ACFD532: changes role from      null to FOLLOWER at term 0 for startAsFollower
2019-11-13 20:08:42,974 [pool-520-thread-1] INFO  impl.RoleInfo (RoleInfo.java:updateAndGet(143)) - d9031576-438e-4c71-bddc-2fb75a9376b9: start FollowerState
2019-11-13 20:08:42,974 [pool-520-thread-1] INFO  util.JmxRegister (JmxRegister.java:tryRegister(44)) - Successfully registered JMX Bean with object name Ratis:service=RaftServer,group=group-9BDB0ACFD532,id=d9031576-438e-4c71-bddc-2fb75a9376b9
2019-11-13 20:08:42,974 [pool-520-thread-1] WARN  impl.MetricRegistriesImpl (MetricRegistriesImpl.java:lambda$create$1(61)) - First MetricRegistry has been created without registering reporters. You may need to call MetricRegistries.global().addReportRegistration(...) before.
2019-11-13 20:08:42,976 [RatisPipelineUtilsThread] INFO  pipeline.PipelineStateManager (PipelineStateManager.java:addPipeline(55)) - Created pipeline Pipeline[ Id: a51fd5ae-3b8c-4ceb-aa01-9bdb0acfd532, Nodes: d9031576-438e-4c71-bddc-2fb75a9376b9{ip: 192.168.34.38, host: pr-hdds-2469-rfsxc-843238572, networkLocation: /rack1, certSerialId: null}, Type:RATIS, Factor:ONE, State:ALLOCATED]
2019-11-13 20:08:42,984 [IPC Server handler 3 on 42664] INFO  net.NetworkTopology (NetworkTopologyImpl.java:add(111)) - Added a new node: /rack1/9c82cd9c-0f64-450d-b3c2-ed8e29acca38
2019-11-13 20:08:42,984 [IPC Server handler 3 on 42664] INFO  node.SCMNodeManager (SCMNodeManager.java:register(267)) - Registered Data node : 9c82cd9c-0f64-450d-b3c2-ed8e29acca38{ip: 192.168.34.38, host: pr-hdds-2469-rfsxc-843238572, networkLocation: /rack1, certSerialId: null}
2019-11-13 20:08:42,989 [grpc-default-executor-11] INFO  impl.RaftServerProxy (RaftServerProxy.java:addNew(89)) - 9c82cd9c-0f64-450d-b3c2-ed8e29acca38: addNew group-3734A7AED2B3:[9c82cd9c-0f64-450d-b3c2-ed8e29acca38:192.168.34.38:36061] returns group-3734A7AED2B3:java.util.concurrent.CompletableFuture@5c39c053[Not completed]
2019-11-13 20:08:42,990 [pool-530-thread-1] INFO  impl.RaftServerImpl (RaftServerImpl.java:<init>(98)) - 9c82cd9c-0f64-450d-b3c2-ed8e29acca38: new RaftServerImpl for group-3734A7AED2B3:[9c82cd9c-0f64-450d-b3c2-ed8e29acca38:192.168.34.38:36061] with ContainerStateMachine:uninitialized
2019-11-13 20:08:42,990 [pool-530-thread-1] INFO  server.RaftServerConfigKeys (ConfUtils.java:logGet(43)) - raft.server.rpc.timeout.min = 1s (custom)
2019-11-13 20:08:42,990 [pool-530-thread-1] INFO  server.RaftServerConfigKeys (ConfUtils.java:logGet(43)) - raft.server.rpc.timeout.max = 1200ms (custom)
2019-11-13 20:08:42,990 [pool-530-thread-1] INFO  server.RaftServerConfigKeys (ConfUtils.java:logGet(43)) - raft.server.rpcslowness.timeout = 120s (custom)
2019-11-13 20:08:42,991 [pool-530-thread-1] INFO  server.RaftServerConfigKeys (ConfUtils.java:logGet(43)) - raft.server.sleep.deviation.threshold = 300 (default)
2019-11-13 20:08:42,991 [pool-530-thread-1] INFO  server.RaftServerConfigKeys (ConfUtils.java:logGet(43)) - raft.server.log.appender.install.snapshot.enabled = false (custom)
2019-11-13 20:08:42,991 [pool-530-thread-1] INFO  impl.RaftServerImpl (ServerState.java:<init>(103)) - 9c82cd9c-0f64-450d-b3c2-ed8e29acca38@group-3734A7AED2B3: ConfigurationManager, init=-1: [9c82cd9c-0f64-450d-b3c2-ed8e29acca38:192.168.34.38:36061], old=null, confs=<EMPTY_MAP>
2019-11-13 20:08:42,991 [pool-530-thread-1] INFO  server.RaftServerConfigKeys (ConfUtils.java:logGet(43)) - raft.server.storage.dir = [/workdir/hadoop-ozone/integration-test/target/test-dir/MiniOzoneClusterImpl-89214370-af8c-46c8-b403-f68b2ae7a3e8/datanode-2/data/ratis] (custom)
2019-11-13 20:08:42,991 [pool-530-thread-1] INFO  server.RaftServerConfigKeys (ConfUtils.java:logGet(43)) - raft.server.log.corruption.policy = EXCEPTION (default)
2019-11-13 20:08:42,992 [pool-530-thread-1] INFO  storage.RaftStorageDirectory (RaftStorageDirectory.java:analyzeStorage(246)) - The storage directory /workdir/hadoop-ozone/integration-test/target/test-dir/MiniOzoneClusterImpl-89214370-af8c-46c8-b403-f68b2ae7a3e8/datanode-2/data/ratis/88179476-cf14-4a74-b04a-3734a7aed2b3 does not exist. Creating ...
2019-11-13 20:08:43,005 [pool-530-thread-1] INFO  storage.RaftStorageDirectory (RaftStorageDirectory.java:tryLock(328)) - Lock on /workdir/hadoop-ozone/integration-test/target/test-dir/MiniOzoneClusterImpl-89214370-af8c-46c8-b403-f68b2ae7a3e8/datanode-2/data/ratis/88179476-cf14-4a74-b04a-3734a7aed2b3/in_use.lock acquired by nodename 29866@pr-hdds-2469-rfsxc-843238572
2019-11-13 20:08:43,018 [pool-530-thread-1] INFO  storage.RaftStorage (RaftStorage.java:format(84)) - Storage directory /workdir/hadoop-ozone/integration-test/target/test-dir/MiniOzoneClusterImpl-89214370-af8c-46c8-b403-f68b2ae7a3e8/datanode-2/data/ratis/88179476-cf14-4a74-b04a-3734a7aed2b3 has been successfully formatted.
2019-11-13 20:08:43,019 [pool-530-thread-1] INFO  ratis.ContainerStateMachine (ContainerStateMachine.java:loadSnapshot(223)) - group-3734A7AED2B3: The snapshot info is null. Setting the last applied indexto:(t:0, i:~)
2019-11-13 20:08:43,019 [pool-530-thread-1] INFO  server.RaftServerConfigKeys (ConfUtils.java:logGet(43)) - raft.server.notification.no-leader.timeout = 120s (custom)
2019-11-13 20:08:43,019 [pool-530-thread-1] INFO  server.RaftServerConfigKeys (ConfUtils.java:logGet(43)) - raft.server.log.use.memory = false (default)
2019-11-13 20:08:43,019 [pool-530-thread-1] INFO  server.RaftServerConfigKeys (ConfUtils.java:logGet(43)) - raft.server.log.purge.gap = 1000000 (custom)
2019-11-13 20:08:43,020 [pool-530-thread-1] INFO  server.RaftServerConfigKeys (ConfUtils.java:logGet(43)) - raft.server.log.appender.buffer.byte-limit = 33554432 (custom)
2019-11-13 20:08:43,020 [pool-530-thread-1] INFO  server.RaftServerConfigKeys (ConfUtils.java:logGet(43)) - raft.server.log.segment.size.max = 1048576 (custom)
2019-11-13 20:08:43,020 [pool-530-thread-1] WARN  impl.MetricRegistriesImpl (MetricRegistriesImpl.java:lambda$create$1(61)) - First MetricRegistry has been created without registering reporters. You may need to call MetricRegistries.global().addReportRegistration(...) before.
2019-11-13 20:08:43,020 [pool-530-thread-1] INFO  server.RaftServerConfigKeys (ConfUtils.java:logGet(43)) - raft.server.log.segment.cache.num.max = 2 (custom)
2019-11-13 20:08:43,020 [pool-530-thread-1] INFO  segmented.SegmentedRaftLogWorker (SegmentedRaftLogWorker.java:<init>(173)) - new 9c82cd9c-0f64-450d-b3c2-ed8e29acca38@group-3734A7AED2B3-SegmentedRaftLogWorker for RaftStorage:Storage Directory /workdir/hadoop-ozone/integration-test/target/test-dir/MiniOzoneClusterImpl-89214370-af8c-46c8-b403-f68b2ae7a3e8/datanode-2/data/ratis/88179476-cf14-4a74-b04a-3734a7aed2b3
2019-11-13 20:08:43,020 [pool-530-thread-1] INFO  server.RaftServerConfigKeys (ConfUtils.java:logGet(43)) - raft.server.log.queue.byte-limit = 2147483647 (custom)
2019-11-13 20:08:43,020 [pool-530-thread-1] INFO  server.RaftServerConfigKeys (ConfUtils.java:logGet(43)) - raft.server.log.queue.element-limit = 1024 (custom)
2019-11-13 20:08:43,020 [pool-530-thread-1] INFO  server.RaftServerConfigKeys (ConfUtils.java:logGet(43)) - raft.server.log.segment.size.max = 1048576 (custom)
2019-11-13 20:08:43,020 [pool-530-thread-1] INFO  server.RaftServerConfigKeys (ConfUtils.java:logGet(43)) - raft.server.log.preallocated.size = 16384 (custom)
2019-11-13 20:08:43,020 [pool-530-thread-1] INFO  server.RaftServerConfigKeys (ConfUtils.java:logGet(43)) - raft.server.log.write.buffer.size = 33554432 (custom)
2019-11-13 20:08:43,021 [pool-530-thread-1] INFO  server.RaftServerConfigKeys (ConfUtils.java:logGet(43)) - raft.server.log.force.sync.num = 128 (default)
2019-11-13 20:08:43,021 [pool-530-thread-1] INFO  server.RaftServerConfigKeys (ConfUtils.java:logGet(43)) - raft.server.log.statemachine.data.sync = true (default)
2019-11-13 20:08:43,021 [pool-530-thread-1] INFO  server.RaftServerConfigKeys (ConfUtils.java:logGet(43)) - raft.server.log.statemachine.data.sync.timeout = 10s (default)
2019-11-13 20:08:43,021 [pool-530-thread-1] INFO  server.RaftServerConfigKeys (ConfUtils.java:logGet(43)) - raft.server.log.statemachine.data.sync.timeout.retry = -1 (default)
2019-11-13 20:08:43,021 [pool-530-thread-1] INFO  server.RaftServerConfigKeys (ConfUtils.java:logGet(43)) - raft.server.log.statemachine.data.caching.enabled = true (custom)
2019-11-13 20:08:43,021 [pool-530-thread-1] INFO  segmented.SegmentedRaftLogWorker (SegmentedRaftLogWorker.java:lambda$new$0(128)) - 9c82cd9c-0f64-450d-b3c2-ed8e29acca38@group-3734A7AED2B3-SegmentedRaftLogWorker: flushIndex: setUnconditionally 0 -> -1
2019-11-13 20:08:43,022 [pool-530-thread-1] INFO  server.RaftServerConfigKeys (ConfUtils.java:logGet(43)) - raft.server.snapshot.auto.trigger.enabled = true (custom)
2019-11-13 20:08:43,022 [pool-530-thread-1] INFO  server.RaftServerConfigKeys (ConfUtils.java:logGet(43)) - raft.server.snapshot.auto.trigger.threshold = 10000 (custom)
2019-11-13 20:08:43,022 [pool-530-thread-1] INFO  server.RaftServerConfigKeys (ConfUtils.java:logGet(43)) - raft.server.snapshot.retention.file.num = 5 (custom)
2019-11-13 20:08:43,022 [pool-530-thread-1] INFO  server.RaftServerConfigKeys (ConfUtils.java:logGet(43)) - raft.server.retrycache.expirytime = 600000ms (custom)
2019-11-13 20:08:43,022 [pool-530-thread-1] WARN  impl.MetricRegistriesImpl (MetricRegistriesImpl.java:lambda$create$1(61)) - First MetricRegistry has been created without registering reporters. You may need to call MetricRegistries.global().addReportRegistration(...) before.
2019-11-13 20:08:43,022 [pool-530-thread-1] WARN  impl.MetricRegistriesImpl (MetricRegistriesImpl.java:lambda$create$1(61)) - First MetricRegistry has been created without registering reporters. You may need to call MetricRegistries.global().addReportRegistration(...) before.
2019-11-13 20:08:43,022 [pool-530-thread-1] INFO  impl.RaftServerImpl (RaftServerImpl.java:start(184)) - 9c82cd9c-0f64-450d-b3c2-ed8e29acca38@group-3734A7AED2B3: start as a follower, conf=-1: [9c82cd9c-0f64-450d-b3c2-ed8e29acca38:192.168.34.38:36061], old=null
2019-11-13 20:08:43,022 [pool-530-thread-1] INFO  impl.RaftServerImpl (RaftServerImpl.java:setRole(173)) - 9c82cd9c-0f64-450d-b3c2-ed8e29acca38@group-3734A7AED2B3: changes role from      null to FOLLOWER at term 0 for startAsFollower
2019-11-13 20:08:43,023 [pool-530-thread-1] INFO  impl.RoleInfo (RoleInfo.java:updateAndGet(143)) - 9c82cd9c-0f64-450d-b3c2-ed8e29acca38: start FollowerState
2019-11-13 20:08:43,023 [pool-530-thread-1] INFO  util.JmxRegister (JmxRegister.java:tryRegister(44)) - Successfully registered JMX Bean with object name Ratis:service=RaftServer,group=group-3734A7AED2B3,id=9c82cd9c-0f64-450d-b3c2-ed8e29acca38
2019-11-13 20:08:43,023 [pool-530-thread-1] WARN  impl.MetricRegistriesImpl (MetricRegistriesImpl.java:lambda$create$1(61)) - First MetricRegistry has been created without registering reporters. You may need to call MetricRegistries.global().addReportRegistration(...) before.
2019-11-13 20:08:43,025 [RatisPipelineUtilsThread] INFO  pipeline.PipelineStateManager (PipelineStateManager.java:addPipeline(55)) - Created pipeline Pipeline[ Id: 88179476-cf14-4a74-b04a-3734a7aed2b3, Nodes: 9c82cd9c-0f64-450d-b3c2-ed8e29acca38{ip: 192.168.34.38, host: pr-hdds-2469-rfsxc-843238572, networkLocation: /rack1, certSerialId: null}, Type:RATIS, Factor:ONE, State:ALLOCATED]
2019-11-13 20:08:43,033 [grpc-default-executor-13] INFO  impl.RaftServerProxy (RaftServerProxy.java:addNew(89)) - d9031576-438e-4c71-bddc-2fb75a9376b9: addNew group-271A45A22871:[63348c40-6caf-45cd-85ad-36e15dedc157:192.168.34.38:33072, d9031576-438e-4c71-bddc-2fb75a9376b9:192.168.34.38:45924, 9c82cd9c-0f64-450d-b3c2-ed8e29acca38:192.168.34.38:36061] returns group-271A45A22871:java.util.concurrent.CompletableFuture@58b251f6[Not completed]
2019-11-13 20:08:43,033 [grpc-default-executor-7] INFO  impl.RaftServerProxy (RaftServerProxy.java:addNew(89)) - 63348c40-6caf-45cd-85ad-36e15dedc157: addNew group-271A45A22871:[63348c40-6caf-45cd-85ad-36e15dedc157:192.168.34.38:33072, d9031576-438e-4c71-bddc-2fb75a9376b9:192.168.34.38:45924, 9c82cd9c-0f64-450d-b3c2-ed8e29acca38:192.168.34.38:36061] returns group-271A45A22871:java.util.concurrent.CompletableFuture@7350cdd8[Not completed]
2019-11-13 20:08:43,033 [grpc-default-executor-13] INFO  impl.RaftServerProxy (RaftServerProxy.java:addNew(89)) - 9c82cd9c-0f64-450d-b3c2-ed8e29acca38: addNew group-271A45A22871:[63348c40-6caf-45cd-85ad-36e15dedc157:192.168.34.38:33072, d9031576-438e-4c71-bddc-2fb75a9376b9:192.168.34.38:45924, 9c82cd9c-0f64-450d-b3c2-ed8e29acca38:192.168.34.38:36061] returns group-271A45A22871:java.util.concurrent.CompletableFuture@3b2bbba9[Not completed]
2019-11-13 20:08:43,034 [pool-520-thread-1] INFO  impl.RaftServerImpl (RaftServerImpl.java:<init>(98)) - d9031576-438e-4c71-bddc-2fb75a9376b9: new RaftServerImpl for group-271A45A22871:[63348c40-6caf-45cd-85ad-36e15dedc157:192.168.34.38:33072, d9031576-438e-4c71-bddc-2fb75a9376b9:192.168.34.38:45924, 9c82cd9c-0f64-450d-b3c2-ed8e29acca38:192.168.34.38:36061] with ContainerStateMachine:uninitialized
2019-11-13 20:08:43,034 [pool-520-thread-1] INFO  server.RaftServerConfigKeys (ConfUtils.java:logGet(43)) - raft.server.rpc.timeout.min = 1s (custom)
2019-11-13 20:08:43,034 [pool-520-thread-1] INFO  server.RaftServerConfigKeys (ConfUtils.java:logGet(43)) - raft.server.rpc.timeout.max = 1200ms (custom)
2019-11-13 20:08:43,034 [pool-520-thread-1] INFO  server.RaftServerConfigKeys (ConfUtils.java:logGet(43)) - raft.server.rpcslowness.timeout = 120s (custom)
2019-11-13 20:08:43,034 [pool-520-thread-1] INFO  server.RaftServerConfigKeys (ConfUtils.java:logGet(43)) - raft.server.sleep.deviation.threshold = 300 (default)
2019-11-13 20:08:43,034 [pool-520-thread-1] INFO  server.RaftServerConfigKeys (ConfUtils.java:logGet(43)) - raft.server.log.appender.install.snapshot.enabled = false (custom)
2019-11-13 20:08:43,034 [pool-520-thread-1] INFO  impl.RaftServerImpl (ServerState.java:<init>(103)) - d9031576-438e-4c71-bddc-2fb75a9376b9@group-271A45A22871: ConfigurationManager, init=-1: [63348c40-6caf-45cd-85ad-36e15dedc157:192.168.34.38:33072, d9031576-438e-4c71-bddc-2fb75a9376b9:192.168.34.38:45924, 9c82cd9c-0f64-450d-b3c2-ed8e29acca38:192.168.34.38:36061], old=null, confs=<EMPTY_MAP>
2019-11-13 20:08:43,034 [pool-520-thread-1] INFO  server.RaftServerConfigKeys (ConfUtils.java:logGet(43)) - raft.server.storage.dir = [/workdir/hadoop-ozone/integration-test/target/test-dir/MiniOzoneClusterImpl-89214370-af8c-46c8-b403-f68b2ae7a3e8/datanode-1/data/ratis] (custom)
2019-11-13 20:08:43,035 [pool-520-thread-1] INFO  server.RaftServerConfigKeys (ConfUtils.java:logGet(43)) - raft.server.log.corruption.policy = EXCEPTION (default)
2019-11-13 20:08:43,035 [pool-530-thread-1] INFO  impl.RaftServerImpl (RaftServerImpl.java:<init>(98)) - 9c82cd9c-0f64-450d-b3c2-ed8e29acca38: new RaftServerImpl for group-271A45A22871:[63348c40-6caf-45cd-85ad-36e15dedc157:192.168.34.38:33072, d9031576-438e-4c71-bddc-2fb75a9376b9:192.168.34.38:45924, 9c82cd9c-0f64-450d-b3c2-ed8e29acca38:192.168.34.38:36061] with ContainerStateMachine:uninitialized
2019-11-13 20:08:43,035 [pool-520-thread-1] INFO  storage.RaftStorageDirectory (RaftStorageDirectory.java:analyzeStorage(246)) - The storage directory /workdir/hadoop-ozone/integration-test/target/test-dir/MiniOzoneClusterImpl-89214370-af8c-46c8-b403-f68b2ae7a3e8/datanode-1/data/ratis/f8ee92db-00bd-4d6d-b899-271a45a22871 does not exist. Creating ...
2019-11-13 20:08:43,035 [pool-530-thread-1] INFO  server.RaftServerConfigKeys (ConfUtils.java:logGet(43)) - raft.server.rpc.timeout.min = 1s (custom)
2019-11-13 20:08:43,035 [pool-510-thread-1] INFO  impl.RaftServerImpl (RaftServerImpl.java:<init>(98)) - 63348c40-6caf-45cd-85ad-36e15dedc157: new RaftServerImpl for group-271A45A22871:[63348c40-6caf-45cd-85ad-36e15dedc157:192.168.34.38:33072, d9031576-438e-4c71-bddc-2fb75a9376b9:192.168.34.38:45924, 9c82cd9c-0f64-450d-b3c2-ed8e29acca38:192.168.34.38:36061] with ContainerStateMachine:uninitialized
2019-11-13 20:08:43,035 [pool-530-thread-1] INFO  server.RaftServerConfigKeys (ConfUtils.java:logGet(43)) - raft.server.rpc.timeout.max = 1200ms (custom)
2019-11-13 20:08:43,035 [pool-510-thread-1] INFO  server.RaftServerConfigKeys (ConfUtils.java:logGet(43)) - raft.server.rpc.timeout.min = 1s (custom)
2019-11-13 20:08:43,035 [pool-510-thread-1] INFO  server.RaftServerConfigKeys (ConfUtils.java:logGet(43)) - raft.server.rpc.timeout.max = 1200ms (custom)
2019-11-13 20:08:43,035 [pool-510-thread-1] INFO  server.RaftServerConfigKeys (ConfUtils.java:logGet(43)) - raft.server.rpcslowness.timeout = 120s (custom)
2019-11-13 20:08:43,036 [pool-510-thread-1] INFO  server.RaftServerConfigKeys (ConfUtils.java:logGet(43)) - raft.server.sleep.deviation.threshold = 300 (default)
2019-11-13 20:08:43,036 [pool-510-thread-1] INFO  server.RaftServerConfigKeys (ConfUtils.java:logGet(43)) - raft.server.log.appender.install.snapshot.enabled = false (custom)
2019-11-13 20:08:43,035 [pool-530-thread-1] INFO  server.RaftServerConfigKeys (ConfUtils.java:logGet(43)) - raft.server.rpcslowness.timeout = 120s (custom)
2019-11-13 20:08:43,036 [pool-510-thread-1] INFO  impl.RaftServerImpl (ServerState.java:<init>(103)) - 63348c40-6caf-45cd-85ad-36e15dedc157@group-271A45A22871: ConfigurationManager, init=-1: [63348c40-6caf-45cd-85ad-36e15dedc157:192.168.34.38:33072, d9031576-438e-4c71-bddc-2fb75a9376b9:192.168.34.38:45924, 9c82cd9c-0f64-450d-b3c2-ed8e29acca38:192.168.34.38:36061], old=null, confs=<EMPTY_MAP>
2019-11-13 20:08:43,036 [pool-530-thread-1] INFO  server.RaftServerConfigKeys (ConfUtils.java:logGet(43)) - raft.server.sleep.deviation.threshold = 300 (default)
2019-11-13 20:08:43,036 [pool-510-thread-1] INFO  server.RaftServerConfigKeys (ConfUtils.java:logGet(43)) - raft.server.storage.dir = [/workdir/hadoop-ozone/integration-test/target/test-dir/MiniOzoneClusterImpl-89214370-af8c-46c8-b403-f68b2ae7a3e8/datanode-0/data/ratis] (custom)
2019-11-13 20:08:43,036 [pool-530-thread-1] INFO  server.RaftServerConfigKeys (ConfUtils.java:logGet(43)) - raft.server.log.appender.install.snapshot.enabled = false (custom)
2019-11-13 20:08:43,036 [pool-510-thread-1] INFO  server.RaftServerConfigKeys (ConfUtils.java:logGet(43)) - raft.server.log.corruption.policy = EXCEPTION (default)
2019-11-13 20:08:43,036 [pool-530-thread-1] INFO  impl.RaftServerImpl (ServerState.java:<init>(103)) - 9c82cd9c-0f64-450d-b3c2-ed8e29acca38@group-271A45A22871: ConfigurationManager, init=-1: [63348c40-6caf-45cd-85ad-36e15dedc157:192.168.34.38:33072, d9031576-438e-4c71-bddc-2fb75a9376b9:192.168.34.38:45924, 9c82cd9c-0f64-450d-b3c2-ed8e29acca38:192.168.34.38:36061], old=null, confs=<EMPTY_MAP>
2019-11-13 20:08:43,036 [pool-510-thread-1] INFO  storage.RaftStorageDirectory (RaftStorageDirectory.java:analyzeStorage(246)) - The storage directory /workdir/hadoop-ozone/integration-test/target/test-dir/MiniOzoneClusterImpl-89214370-af8c-46c8-b403-f68b2ae7a3e8/datanode-0/data/ratis/f8ee92db-00bd-4d6d-b899-271a45a22871 does not exist. Creating ...
2019-11-13 20:08:43,037 [pool-530-thread-1] INFO  server.RaftServerConfigKeys (ConfUtils.java:logGet(43)) - raft.server.storage.dir = [/workdir/hadoop-ozone/integration-test/target/test-dir/MiniOzoneClusterImpl-89214370-af8c-46c8-b403-f68b2ae7a3e8/datanode-2/data/ratis] (custom)
2019-11-13 20:08:43,037 [pool-530-thread-1] INFO  server.RaftServerConfigKeys (ConfUtils.java:logGet(43)) - raft.server.log.corruption.policy = EXCEPTION (default)
2019-11-13 20:08:43,037 [pool-530-thread-1] INFO  storage.RaftStorageDirectory (RaftStorageDirectory.java:analyzeStorage(246)) - The storage directory /workdir/hadoop-ozone/integration-test/target/test-dir/MiniOzoneClusterImpl-89214370-af8c-46c8-b403-f68b2ae7a3e8/datanode-2/data/ratis/f8ee92db-00bd-4d6d-b899-271a45a22871 does not exist. Creating ...
2019-11-13 20:08:43,042 [pool-510-thread-1] INFO  storage.RaftStorageDirectory (RaftStorageDirectory.java:tryLock(328)) - Lock on /workdir/hadoop-ozone/integration-test/target/test-dir/MiniOzoneClusterImpl-89214370-af8c-46c8-b403-f68b2ae7a3e8/datanode-0/data/ratis/f8ee92db-00bd-4d6d-b899-271a45a22871/in_use.lock acquired by nodename 29866@pr-hdds-2469-rfsxc-843238572
2019-11-13 20:08:43,042 [pool-530-thread-1] INFO  storage.RaftStorageDirectory (RaftStorageDirectory.java:tryLock(328)) - Lock on /workdir/hadoop-ozone/integration-test/target/test-dir/MiniOzoneClusterImpl-89214370-af8c-46c8-b403-f68b2ae7a3e8/datanode-2/data/ratis/f8ee92db-00bd-4d6d-b899-271a45a22871/in_use.lock acquired by nodename 29866@pr-hdds-2469-rfsxc-843238572
2019-11-13 20:08:43,042 [pool-520-thread-1] INFO  storage.RaftStorageDirectory (RaftStorageDirectory.java:tryLock(328)) - Lock on /workdir/hadoop-ozone/integration-test/target/test-dir/MiniOzoneClusterImpl-89214370-af8c-46c8-b403-f68b2ae7a3e8/datanode-1/data/ratis/f8ee92db-00bd-4d6d-b899-271a45a22871/in_use.lock acquired by nodename 29866@pr-hdds-2469-rfsxc-843238572
2019-11-13 20:08:43,044 [IPC Server handler 2 on 42664] INFO  net.NetworkTopology (NetworkTopologyImpl.java:add(111)) - Added a new node: /rack1/020265cf-8215-4e82-9241-b31a46326517
2019-11-13 20:08:43,044 [IPC Server handler 2 on 42664] INFO  node.SCMNodeManager (SCMNodeManager.java:register(267)) - Registered Data node : 020265cf-8215-4e82-9241-b31a46326517{ip: 192.168.34.38, host: pr-hdds-2469-rfsxc-843238572, networkLocation: /rack1, certSerialId: null}
2019-11-13 20:08:43,056 [pool-510-thread-1] INFO  storage.RaftStorage (RaftStorage.java:format(84)) - Storage directory /workdir/hadoop-ozone/integration-test/target/test-dir/MiniOzoneClusterImpl-89214370-af8c-46c8-b403-f68b2ae7a3e8/datanode-0/data/ratis/f8ee92db-00bd-4d6d-b899-271a45a22871 has been successfully formatted.
2019-11-13 20:08:43,056 [pool-530-thread-1] INFO  storage.RaftStorage (RaftStorage.java:format(84)) - Storage directory /workdir/hadoop-ozone/integration-test/target/test-dir/MiniOzoneClusterImpl-89214370-af8c-46c8-b403-f68b2ae7a3e8/datanode-2/data/ratis/f8ee92db-00bd-4d6d-b899-271a45a22871 has been successfully formatted.
2019-11-13 20:08:43,056 [pool-520-thread-1] INFO  storage.RaftStorage (RaftStorage.java:format(84)) - Storage directory /workdir/hadoop-ozone/integration-test/target/test-dir/MiniOzoneClusterImpl-89214370-af8c-46c8-b403-f68b2ae7a3e8/datanode-1/data/ratis/f8ee92db-00bd-4d6d-b899-271a45a22871 has been successfully formatted.
2019-11-13 20:08:43,056 [pool-510-thread-1] INFO  ratis.ContainerStateMachine (ContainerStateMachine.java:loadSnapshot(223)) - group-271A45A22871: The snapshot info is null. Setting the last applied indexto:(t:0, i:~)
2019-11-13 20:08:43,056 [pool-530-thread-1] INFO  ratis.ContainerStateMachine (ContainerStateMachine.java:loadSnapshot(223)) - group-271A45A22871: The snapshot info is null. Setting the last applied indexto:(t:0, i:~)
2019-11-13 20:08:43,056 [pool-510-thread-1] INFO  server.RaftServerConfigKeys (ConfUtils.java:logGet(43)) - raft.server.notification.no-leader.timeout = 120s (custom)
2019-11-13 20:08:43,056 [pool-520-thread-1] INFO  ratis.ContainerStateMachine (ContainerStateMachine.java:loadSnapshot(223)) - group-271A45A22871: The snapshot info is null. Setting the last applied indexto:(t:0, i:~)
2019-11-13 20:08:43,056 [pool-510-thread-1] INFO  server.RaftServerConfigKeys (ConfUtils.java:logGet(43)) - raft.server.log.use.memory = false (default)
2019-11-13 20:08:43,056 [pool-530-thread-1] INFO  server.RaftServerConfigKeys (ConfUtils.java:logGet(43)) - raft.server.notification.no-leader.timeout = 120s (custom)
2019-11-13 20:08:43,057 [pool-510-thread-1] INFO  server.RaftServerConfigKeys (ConfUtils.java:logGet(43)) - raft.server.log.purge.gap = 1000000 (custom)
2019-11-13 20:08:43,056 [pool-520-thread-1] INFO  server.RaftServerConfigKeys (ConfUtils.java:logGet(43)) - raft.server.notification.no-leader.timeout = 120s (custom)
2019-11-13 20:08:43,057 [pool-510-thread-1] INFO  server.RaftServerConfigKeys (ConfUtils.java:logGet(43)) - raft.server.log.appender.buffer.byte-limit = 33554432 (custom)
2019-11-13 20:08:43,057 [pool-530-thread-1] INFO  server.RaftServerConfigKeys (ConfUtils.java:logGet(43)) - raft.server.log.use.memory = false (default)
2019-11-13 20:08:43,057 [pool-510-thread-1] INFO  server.RaftServerConfigKeys (ConfUtils.java:logGet(43)) - raft.server.log.segment.size.max = 1048576 (custom)
2019-11-13 20:08:43,057 [pool-520-thread-1] INFO  server.RaftServerConfigKeys (ConfUtils.java:logGet(43)) - raft.server.log.use.memory = false (default)
2019-11-13 20:08:43,057 [pool-510-thread-1] INFO  server.RaftServerConfigKeys (ConfUtils.java:logGet(43)) - raft.server.log.segment.cache.num.max = 2 (custom)
2019-11-13 20:08:43,057 [pool-530-thread-1] INFO  server.RaftServerConfigKeys (ConfUtils.java:logGet(43)) - raft.server.log.purge.gap = 1000000 (custom)
2019-11-13 20:08:43,057 [pool-510-thread-1] INFO  segmented.SegmentedRaftLogWorker (SegmentedRaftLogWorker.java:<init>(173)) - new 63348c40-6caf-45cd-85ad-36e15dedc157@group-271A45A22871-SegmentedRaftLogWorker for RaftStorage:Storage Directory /workdir/hadoop-ozone/integration-test/target/test-dir/MiniOzoneClusterImpl-89214370-af8c-46c8-b403-f68b2ae7a3e8/datanode-0/data/ratis/f8ee92db-00bd-4d6d-b899-271a45a22871
2019-11-13 20:08:43,057 [pool-520-thread-1] INFO  server.RaftServerConfigKeys (ConfUtils.java:logGet(43)) - raft.server.log.purge.gap = 1000000 (custom)
2019-11-13 20:08:43,057 [pool-510-thread-1] INFO  server.RaftServerConfigKeys (ConfUtils.java:logGet(43)) - raft.server.log.queue.byte-limit = 2147483647 (custom)
2019-11-13 20:08:43,057 [pool-530-thread-1] INFO  server.RaftServerConfigKeys (ConfUtils.java:logGet(43)) - raft.server.log.appender.buffer.byte-limit = 33554432 (custom)
2019-11-13 20:08:43,058 [pool-510-thread-1] INFO  server.RaftServerConfigKeys (ConfUtils.java:logGet(43)) - raft.server.log.queue.element-limit = 1024 (custom)
2019-11-13 20:08:43,057 [pool-520-thread-1] INFO  server.RaftServerConfigKeys (ConfUtils.java:logGet(43)) - raft.server.log.appender.buffer.byte-limit = 33554432 (custom)
2019-11-13 20:08:43,058 [pool-510-thread-1] INFO  server.RaftServerConfigKeys (ConfUtils.java:logGet(43)) - raft.server.log.segment.size.max = 1048576 (custom)
2019-11-13 20:08:43,058 [pool-530-thread-1] INFO  server.RaftServerConfigKeys (ConfUtils.java:logGet(43)) - raft.server.log.segment.size.max = 1048576 (custom)
2019-11-13 20:08:43,058 [pool-510-thread-1] INFO  server.RaftServerConfigKeys (ConfUtils.java:logGet(43)) - raft.server.log.preallocated.size = 16384 (custom)
2019-11-13 20:08:43,058 [pool-520-thread-1] INFO  server.RaftServerConfigKeys (ConfUtils.java:logGet(43)) - raft.server.log.segment.size.max = 1048576 (custom)
2019-11-13 20:08:43,058 [pool-510-thread-1] INFO  server.RaftServerConfigKeys (ConfUtils.java:logGet(43)) - raft.server.log.write.buffer.size = 33554432 (custom)
2019-11-13 20:08:43,058 [pool-510-thread-1] INFO  server.RaftServerConfigKeys (ConfUtils.java:logGet(43)) - raft.server.log.force.sync.num = 128 (default)
2019-11-13 20:08:43,058 [pool-530-thread-1] INFO  server.RaftServerConfigKeys (ConfUtils.java:logGet(43)) - raft.server.log.segment.cache.num.max = 2 (custom)
2019-11-13 20:08:43,058 [pool-510-thread-1] INFO  server.RaftServerConfigKeys (ConfUtils.java:logGet(43)) - raft.server.log.statemachine.data.sync = true (default)
2019-11-13 20:08:43,058 [pool-510-thread-1] INFO  server.RaftServerConfigKeys (ConfUtils.java:logGet(43)) - raft.server.log.statemachine.data.sync.timeout = 10s (default)
2019-11-13 20:08:43,058 [pool-520-thread-1] INFO  server.RaftServerConfigKeys (ConfUtils.java:logGet(43)) - raft.server.log.segment.cache.num.max = 2 (custom)
2019-11-13 20:08:43,059 [pool-510-thread-1] INFO  server.RaftServerConfigKeys (ConfUtils.java:logGet(43)) - raft.server.log.statemachine.data.sync.timeout.retry = -1 (default)
2019-11-13 20:08:43,058 [pool-530-thread-1] INFO  segmented.SegmentedRaftLogWorker (SegmentedRaftLogWorker.java:<init>(173)) - new 9c82cd9c-0f64-450d-b3c2-ed8e29acca38@group-271A45A22871-SegmentedRaftLogWorker for RaftStorage:Storage Directory /workdir/hadoop-ozone/integration-test/target/test-dir/MiniOzoneClusterImpl-89214370-af8c-46c8-b403-f68b2ae7a3e8/datanode-2/data/ratis/f8ee92db-00bd-4d6d-b899-271a45a22871
2019-11-13 20:08:43,059 [pool-510-thread-1] INFO  server.RaftServerConfigKeys (ConfUtils.java:logGet(43)) - raft.server.log.statemachine.data.caching.enabled = true (custom)
2019-11-13 20:08:43,059 [pool-520-thread-1] INFO  segmented.SegmentedRaftLogWorker (SegmentedRaftLogWorker.java:<init>(173)) - new d9031576-438e-4c71-bddc-2fb75a9376b9@group-271A45A22871-SegmentedRaftLogWorker for RaftStorage:Storage Directory /workdir/hadoop-ozone/integration-test/target/test-dir/MiniOzoneClusterImpl-89214370-af8c-46c8-b403-f68b2ae7a3e8/datanode-1/data/ratis/f8ee92db-00bd-4d6d-b899-271a45a22871
2019-11-13 20:08:43,059 [pool-530-thread-1] INFO  server.RaftServerConfigKeys (ConfUtils.java:logGet(43)) - raft.server.log.queue.byte-limit = 2147483647 (custom)
2019-11-13 20:08:43,059 [pool-510-thread-1] INFO  segmented.SegmentedRaftLogWorker (SegmentedRaftLogWorker.java:lambda$new$0(128)) - 63348c40-6caf-45cd-85ad-36e15dedc157@group-271A45A22871-SegmentedRaftLogWorker: flushIndex: setUnconditionally 0 -> -1
2019-11-13 20:08:43,059 [pool-520-thread-1] INFO  server.RaftServerConfigKeys (ConfUtils.java:logGet(43)) - raft.server.log.queue.byte-limit = 2147483647 (custom)
2019-11-13 20:08:43,059 [pool-520-thread-1] INFO  server.RaftServerConfigKeys (ConfUtils.java:logGet(43)) - raft.server.log.queue.element-limit = 1024 (custom)
2019-11-13 20:08:43,059 [pool-530-thread-1] INFO  server.RaftServerConfigKeys (ConfUtils.java:logGet(43)) - raft.server.log.queue.element-limit = 1024 (custom)
2019-11-13 20:08:43,059 [pool-520-thread-1] INFO  server.RaftServerConfigKeys (ConfUtils.java:logGet(43)) - raft.server.log.segment.size.max = 1048576 (custom)
2019-11-13 20:08:43,059 [pool-510-thread-1] INFO  server.RaftServerConfigKeys (ConfUtils.java:logGet(43)) - raft.server.snapshot.auto.trigger.enabled = true (custom)
2019-11-13 20:08:43,060 [pool-520-thread-1] INFO  server.RaftServerConfigKeys (ConfUtils.java:logGet(43)) - raft.server.log.preallocated.size = 16384 (custom)
2019-11-13 20:08:43,060 [pool-520-thread-1] INFO  server.RaftServerConfigKeys (ConfUtils.java:logGet(43)) - raft.server.log.write.buffer.size = 33554432 (custom)
2019-11-13 20:08:43,059 [pool-530-thread-1] INFO  server.RaftServerConfigKeys (ConfUtils.java:logGet(43)) - raft.server.log.segment.size.max = 1048576 (custom)
2019-11-13 20:08:43,060 [pool-520-thread-1] INFO  server.RaftServerConfigKeys (ConfUtils.java:logGet(43)) - raft.server.log.force.sync.num = 128 (default)
2019-11-13 20:08:43,060 [pool-510-thread-1] INFO  server.RaftServerConfigKeys (ConfUtils.java:logGet(43)) - raft.server.snapshot.auto.trigger.threshold = 10000 (custom)
2019-11-13 20:08:43,060 [pool-520-thread-1] INFO  server.RaftServerConfigKeys (ConfUtils.java:logGet(43)) - raft.server.log.statemachine.data.sync = true (default)
2019-11-13 20:08:43,060 [pool-530-thread-1] INFO  server.RaftServerConfigKeys (ConfUtils.java:logGet(43)) - raft.server.log.preallocated.size = 16384 (custom)
2019-11-13 20:08:43,060 [pool-520-thread-1] INFO  server.RaftServerConfigKeys (ConfUtils.java:logGet(43)) - raft.server.log.statemachine.data.sync.timeout = 10s (default)
2019-11-13 20:08:43,060 [pool-510-thread-1] INFO  server.RaftServerConfigKeys (ConfUtils.java:logGet(43)) - raft.server.snapshot.retention.file.num = 5 (custom)
2019-11-13 20:08:43,060 [pool-520-thread-1] INFO  server.RaftServerConfigKeys (ConfUtils.java:logGet(43)) - raft.server.log.statemachine.data.sync.timeout.retry = -1 (default)
2019-11-13 20:08:43,060 [pool-530-thread-1] INFO  server.RaftServerConfigKeys (ConfUtils.java:logGet(43)) - raft.server.log.write.buffer.size = 33554432 (custom)
2019-11-13 20:08:43,061 [pool-520-thread-1] INFO  server.RaftServerConfigKeys (ConfUtils.java:logGet(43)) - raft.server.log.statemachine.data.caching.enabled = true (custom)
2019-11-13 20:08:43,061 [pool-510-thread-1] INFO  server.RaftServerConfigKeys (ConfUtils.java:logGet(43)) - raft.server.retrycache.expirytime = 600000ms (custom)
2019-11-13 20:08:43,061 [pool-530-thread-1] INFO  server.RaftServerConfigKeys (ConfUtils.java:logGet(43)) - raft.server.log.force.sync.num = 128 (default)
2019-11-13 20:08:43,061 [pool-520-thread-1] INFO  segmented.SegmentedRaftLogWorker (SegmentedRaftLogWorker.java:lambda$new$0(128)) - d9031576-438e-4c71-bddc-2fb75a9376b9@group-271A45A22871-SegmentedRaftLogWorker: flushIndex: setUnconditionally 0 -> -1
2019-11-13 20:08:43,061 [pool-510-thread-1] WARN  impl.MetricRegistriesImpl (MetricRegistriesImpl.java:lambda$create$1(61)) - First MetricRegistry has been created without registering reporters. You may need to call MetricRegistries.global().addReportRegistration(...) before.
2019-11-13 20:08:43,061 [pool-530-thread-1] INFO  server.RaftServerConfigKeys (ConfUtils.java:logGet(43)) - raft.server.log.statemachine.data.sync = true (default)
2019-11-13 20:08:43,061 [pool-510-thread-1] WARN  impl.MetricRegistriesImpl (MetricRegistriesImpl.java:lambda$create$1(61)) - First MetricRegistry has been created without registering reporters. You may need to call MetricRegistries.global().addReportRegistration(...) before.
2019-11-13 20:08:43,061 [pool-530-thread-1] INFO  server.RaftServerConfigKeys (ConfUtils.java:logGet(43)) - raft.server.log.statemachine.data.sync.timeout = 10s (default)
2019-11-13 20:08:43,061 [pool-520-thread-1] INFO  server.RaftServerConfigKeys (ConfUtils.java:logGet(43)) - raft.server.snapshot.auto.trigger.enabled = true (custom)
2019-11-13 20:08:43,061 [pool-530-thread-1] INFO  server.RaftServerConfigKeys (ConfUtils.java:logGet(43)) - raft.server.log.statemachine.data.sync.timeout.retry = -1 (default)
2019-11-13 20:08:43,061 [pool-510-thread-1] INFO  impl.RaftServerImpl (RaftServerImpl.java:start(184)) - 63348c40-6caf-45cd-85ad-36e15dedc157@group-271A45A22871: start as a follower, conf=-1: [63348c40-6caf-45cd-85ad-36e15dedc157:192.168.34.38:33072, d9031576-438e-4c71-bddc-2fb75a9376b9:192.168.34.38:45924, 9c82cd9c-0f64-450d-b3c2-ed8e29acca38:192.168.34.38:36061], old=null
2019-11-13 20:08:43,062 [pool-530-thread-1] INFO  server.RaftServerConfigKeys (ConfUtils.java:logGet(43)) - raft.server.log.statemachine.data.caching.enabled = true (custom)
2019-11-13 20:08:43,062 [pool-520-thread-1] INFO  server.RaftServerConfigKeys (ConfUtils.java:logGet(43)) - raft.server.snapshot.auto.trigger.threshold = 10000 (custom)
2019-11-13 20:08:43,062 [pool-510-thread-1] INFO  impl.RaftServerImpl (RaftServerImpl.java:setRole(173)) - 63348c40-6caf-45cd-85ad-36e15dedc157@group-271A45A22871: changes role from      null to FOLLOWER at term 0 for startAsFollower
2019-11-13 20:08:43,062 [pool-530-thread-1] INFO  segmented.SegmentedRaftLogWorker (SegmentedRaftLogWorker.java:lambda$new$0(128)) - 9c82cd9c-0f64-450d-b3c2-ed8e29acca38@group-271A45A22871-SegmentedRaftLogWorker: flushIndex: setUnconditionally 0 -> -1
2019-11-13 20:08:43,062 [pool-520-thread-1] INFO  server.RaftServerConfigKeys (ConfUtils.java:logGet(43)) - raft.server.snapshot.retention.file.num = 5 (custom)
2019-11-13 20:08:43,062 [pool-510-thread-1] INFO  impl.RoleInfo (RoleInfo.java:updateAndGet(143)) - 63348c40-6caf-45cd-85ad-36e15dedc157: start FollowerState
2019-11-13 20:08:43,062 [pool-530-thread-1] INFO  server.RaftServerConfigKeys (ConfUtils.java:logGet(43)) - raft.server.snapshot.auto.trigger.enabled = true (custom)
2019-11-13 20:08:43,062 [pool-520-thread-1] INFO  server.RaftServerConfigKeys (ConfUtils.java:logGet(43)) - raft.server.retrycache.expirytime = 600000ms (custom)
2019-11-13 20:08:43,062 [pool-530-thread-1] INFO  server.RaftServerConfigKeys (ConfUtils.java:logGet(43)) - raft.server.snapshot.auto.trigger.threshold = 10000 (custom)
2019-11-13 20:08:43,062 [pool-520-thread-1] WARN  impl.MetricRegistriesImpl (MetricRegistriesImpl.java:lambda$create$1(61)) - First MetricRegistry has been created without registering reporters. You may need to call MetricRegistries.global().addReportRegistration(...) before.
2019-11-13 20:08:43,062 [pool-510-thread-1] INFO  util.JmxRegister (JmxRegister.java:tryRegister(44)) - Successfully registered JMX Bean with object name Ratis:service=RaftServer,group=group-271A45A22871,id=63348c40-6caf-45cd-85ad-36e15dedc157
2019-11-13 20:08:43,063 [pool-520-thread-1] WARN  impl.MetricRegistriesImpl (MetricRegistriesImpl.java:lambda$create$1(61)) - First MetricRegistry has been created without registering reporters. You may need to call MetricRegistries.global().addReportRegistration(...) before.
2019-11-13 20:08:43,062 [pool-530-thread-1] INFO  server.RaftServerConfigKeys (ConfUtils.java:logGet(43)) - raft.server.snapshot.retention.file.num = 5 (custom)
2019-11-13 20:08:43,063 [pool-520-thread-1] INFO  impl.RaftServerImpl (RaftServerImpl.java:start(184)) - d9031576-438e-4c71-bddc-2fb75a9376b9@group-271A45A22871: start as a follower, conf=-1: [63348c40-6caf-45cd-85ad-36e15dedc157:192.168.34.38:33072, d9031576-438e-4c71-bddc-2fb75a9376b9:192.168.34.38:45924, 9c82cd9c-0f64-450d-b3c2-ed8e29acca38:192.168.34.38:36061], old=null
2019-11-13 20:08:43,063 [pool-510-thread-1] WARN  impl.MetricRegistriesImpl (MetricRegistriesImpl.java:lambda$create$1(61)) - First MetricRegistry has been created without registering reporters. You may need to call MetricRegistries.global().addReportRegistration(...) before.
2019-11-13 20:08:43,063 [pool-520-thread-1] INFO  impl.RaftServerImpl (RaftServerImpl.java:setRole(173)) - d9031576-438e-4c71-bddc-2fb75a9376b9@group-271A45A22871: changes role from      null to FOLLOWER at term 0 for startAsFollower
2019-11-13 20:08:43,063 [pool-530-thread-1] INFO  server.RaftServerConfigKeys (ConfUtils.java:logGet(43)) - raft.server.retrycache.expirytime = 600000ms (custom)
2019-11-13 20:08:43,063 [pool-520-thread-1] INFO  impl.RoleInfo (RoleInfo.java:updateAndGet(143)) - d9031576-438e-4c71-bddc-2fb75a9376b9: start FollowerState
2019-11-13 20:08:43,063 [pool-530-thread-1] WARN  impl.MetricRegistriesImpl (MetricRegistriesImpl.java:lambda$create$1(61)) - First MetricRegistry has been created without registering reporters. You may need to call MetricRegistries.global().addReportRegistration(...) before.
2019-11-13 20:08:43,063 [pool-530-thread-1] WARN  impl.MetricRegistriesImpl (MetricRegistriesImpl.java:lambda$create$1(61)) - First MetricRegistry has been created without registering reporters. You may need to call MetricRegistries.global().addReportRegistration(...) before.
2019-11-13 20:08:43,063 [pool-520-thread-1] INFO  util.JmxRegister (JmxRegister.java:tryRegister(44)) - Successfully registered JMX Bean with object name Ratis:service=RaftServer,group=group-271A45A22871,id=d9031576-438e-4c71-bddc-2fb75a9376b9
2019-11-13 20:08:43,063 [pool-530-thread-1] INFO  impl.RaftServerImpl (RaftServerImpl.java:start(184)) - 9c82cd9c-0f64-450d-b3c2-ed8e29acca38@group-271A45A22871: start as a follower, conf=-1: [63348c40-6caf-45cd-85ad-36e15dedc157:192.168.34.38:33072, d9031576-438e-4c71-bddc-2fb75a9376b9:192.168.34.38:45924, 9c82cd9c-0f64-450d-b3c2-ed8e29acca38:192.168.34.38:36061], old=null
2019-11-13 20:08:43,063 [pool-520-thread-1] WARN  impl.MetricRegistriesImpl (MetricRegistriesImpl.java:lambda$create$1(61)) - First MetricRegistry has been created without registering reporters. You may need to call MetricRegistries.global().addReportRegistration(...) before.
2019-11-13 20:08:43,064 [pool-530-thread-1] INFO  impl.RaftServerImpl (RaftServerImpl.java:setRole(173)) - 9c82cd9c-0f64-450d-b3c2-ed8e29acca38@group-271A45A22871: changes role from      null to FOLLOWER at term 0 for startAsFollower
2019-11-13 20:08:43,064 [pool-530-thread-1] INFO  impl.RoleInfo (RoleInfo.java:updateAndGet(143)) - 9c82cd9c-0f64-450d-b3c2-ed8e29acca38: start FollowerState
2019-11-13 20:08:43,064 [pool-530-thread-1] INFO  util.JmxRegister (JmxRegister.java:tryRegister(44)) - Successfully registered JMX Bean with object name Ratis:service=RaftServer,group=group-271A45A22871,id=9c82cd9c-0f64-450d-b3c2-ed8e29acca38
2019-11-13 20:08:43,064 [pool-530-thread-1] WARN  impl.MetricRegistriesImpl (MetricRegistriesImpl.java:lambda$create$1(61)) - First MetricRegistry has been created without registering reporters. You may need to call MetricRegistries.global().addReportRegistration(...) before.
2019-11-13 20:08:43,065 [RatisPipelineUtilsThread] INFO  pipeline.PipelineStateManager (PipelineStateManager.java:addPipeline(55)) - Created pipeline Pipeline[ Id: f8ee92db-00bd-4d6d-b899-271a45a22871, Nodes: 63348c40-6caf-45cd-85ad-36e15dedc157{ip: 192.168.34.38, host: pr-hdds-2469-rfsxc-843238572, networkLocation: /rack1, certSerialId: null}d9031576-438e-4c71-bddc-2fb75a9376b9{ip: 192.168.34.38, host: pr-hdds-2469-rfsxc-843238572, networkLocation: /rack1, certSerialId: null}9c82cd9c-0f64-450d-b3c2-ed8e29acca38{ip: 192.168.34.38, host: pr-hdds-2469-rfsxc-843238572, networkLocation: /rack1, certSerialId: null}, Type:RATIS, Factor:THREE, State:ALLOCATED]
2019-11-13 20:08:43,107 [IPC Server handler 4 on 42664] INFO  net.NetworkTopology (NetworkTopologyImpl.java:add(111)) - Added a new node: /rack1/2f9d8c1e-934d-4d04-b20a-ee991adbbfce
2019-11-13 20:08:43,107 [IPC Server handler 4 on 42664] INFO  node.SCMNodeManager (SCMNodeManager.java:register(267)) - Registered Data node : 2f9d8c1e-934d-4d04-b20a-ee991adbbfce{ip: 192.168.34.38, host: pr-hdds-2469-rfsxc-843238572, networkLocation: /rack1, certSerialId: null}
2019-11-13 20:08:43,112 [grpc-default-executor-13] INFO  impl.RaftServerProxy (RaftServerProxy.java:addNew(89)) - 020265cf-8215-4e82-9241-b31a46326517: addNew group-36E479A5504C:[020265cf-8215-4e82-9241-b31a46326517:192.168.34.38:43042] returns group-36E479A5504C:java.util.concurrent.CompletableFuture@4b7961e0[Not completed]
2019-11-13 20:08:43,113 [pool-540-thread-1] INFO  impl.RaftServerImpl (RaftServerImpl.java:<init>(98)) - 020265cf-8215-4e82-9241-b31a46326517: new RaftServerImpl for group-36E479A5504C:[020265cf-8215-4e82-9241-b31a46326517:192.168.34.38:43042] with ContainerStateMachine:uninitialized
2019-11-13 20:08:43,113 [pool-540-thread-1] INFO  server.RaftServerConfigKeys (ConfUtils.java:logGet(43)) - raft.server.rpc.timeout.min = 1s (custom)
2019-11-13 20:08:43,113 [pool-540-thread-1] INFO  server.RaftServerConfigKeys (ConfUtils.java:logGet(43)) - raft.server.rpc.timeout.max = 1200ms (custom)
2019-11-13 20:08:43,113 [pool-540-thread-1] INFO  server.RaftServerConfigKeys (ConfUtils.java:logGet(43)) - raft.server.rpcslowness.timeout = 120s (custom)
2019-11-13 20:08:43,113 [pool-540-thread-1] INFO  server.RaftServerConfigKeys (ConfUtils.java:logGet(43)) - raft.server.sleep.deviation.threshold = 300 (default)
2019-11-13 20:08:43,113 [pool-540-thread-1] INFO  server.RaftServerConfigKeys (ConfUtils.java:logGet(43)) - raft.server.log.appender.install.snapshot.enabled = false (custom)
2019-11-13 20:08:43,113 [pool-540-thread-1] INFO  impl.RaftServerImpl (ServerState.java:<init>(103)) - 020265cf-8215-4e82-9241-b31a46326517@group-36E479A5504C: ConfigurationManager, init=-1: [020265cf-8215-4e82-9241-b31a46326517:192.168.34.38:43042], old=null, confs=<EMPTY_MAP>
2019-11-13 20:08:43,113 [pool-540-thread-1] INFO  server.RaftServerConfigKeys (ConfUtils.java:logGet(43)) - raft.server.storage.dir = [/workdir/hadoop-ozone/integration-test/target/test-dir/MiniOzoneClusterImpl-89214370-af8c-46c8-b403-f68b2ae7a3e8/datanode-3/data/ratis] (custom)
2019-11-13 20:08:43,114 [pool-540-thread-1] INFO  server.RaftServerConfigKeys (ConfUtils.java:logGet(43)) - raft.server.log.corruption.policy = EXCEPTION (default)
2019-11-13 20:08:43,114 [pool-540-thread-1] INFO  storage.RaftStorageDirectory (RaftStorageDirectory.java:analyzeStorage(246)) - The storage directory /workdir/hadoop-ozone/integration-test/target/test-dir/MiniOzoneClusterImpl-89214370-af8c-46c8-b403-f68b2ae7a3e8/datanode-3/data/ratis/6ee95df6-16a8-47c9-be19-36e479a5504c does not exist. Creating ...
2019-11-13 20:08:43,127 [pool-540-thread-1] INFO  storage.RaftStorageDirectory (RaftStorageDirectory.java:tryLock(328)) - Lock on /workdir/hadoop-ozone/integration-test/target/test-dir/MiniOzoneClusterImpl-89214370-af8c-46c8-b403-f68b2ae7a3e8/datanode-3/data/ratis/6ee95df6-16a8-47c9-be19-36e479a5504c/in_use.lock acquired by nodename 29866@pr-hdds-2469-rfsxc-843238572
2019-11-13 20:08:43,139 [pool-540-thread-1] INFO  storage.RaftStorage (RaftStorage.java:format(84)) - Storage directory /workdir/hadoop-ozone/integration-test/target/test-dir/MiniOzoneClusterImpl-89214370-af8c-46c8-b403-f68b2ae7a3e8/datanode-3/data/ratis/6ee95df6-16a8-47c9-be19-36e479a5504c has been successfully formatted.
2019-11-13 20:08:43,140 [pool-540-thread-1] INFO  ratis.ContainerStateMachine (ContainerStateMachine.java:loadSnapshot(223)) - group-36E479A5504C: The snapshot info is null. Setting the last applied indexto:(t:0, i:~)
2019-11-13 20:08:43,140 [pool-540-thread-1] INFO  server.RaftServerConfigKeys (ConfUtils.java:logGet(43)) - raft.server.notification.no-leader.timeout = 120s (custom)
2019-11-13 20:08:43,140 [pool-540-thread-1] INFO  server.RaftServerConfigKeys (ConfUtils.java:logGet(43)) - raft.server.log.use.memory = false (default)
2019-11-13 20:08:43,140 [pool-540-thread-1] INFO  server.RaftServerConfigKeys (ConfUtils.java:logGet(43)) - raft.server.log.purge.gap = 1000000 (custom)
2019-11-13 20:08:43,140 [pool-540-thread-1] INFO  server.RaftServerConfigKeys (ConfUtils.java:logGet(43)) - raft.server.log.appender.buffer.byte-limit = 33554432 (custom)
2019-11-13 20:08:43,140 [pool-540-thread-1] INFO  server.RaftServerConfigKeys (ConfUtils.java:logGet(43)) - raft.server.log.segment.size.max = 1048576 (custom)
2019-11-13 20:08:43,140 [pool-540-thread-1] WARN  impl.MetricRegistriesImpl (MetricRegistriesImpl.java:lambda$create$1(61)) - First MetricRegistry has been created without registering reporters. You may need to call MetricRegistries.global().addReportRegistration(...) before.
2019-11-13 20:08:43,140 [pool-540-thread-1] INFO  server.RaftServerConfigKeys (ConfUtils.java:logGet(43)) - raft.server.log.segment.cache.num.max = 2 (custom)
2019-11-13 20:08:43,141 [pool-540-thread-1] INFO  segmented.SegmentedRaftLogWorker (SegmentedRaftLogWorker.java:<init>(173)) - new 020265cf-8215-4e82-9241-b31a46326517@group-36E479A5504C-SegmentedRaftLogWorker for RaftStorage:Storage Directory /workdir/hadoop-ozone/integration-test/target/test-dir/MiniOzoneClusterImpl-89214370-af8c-46c8-b403-f68b2ae7a3e8/datanode-3/data/ratis/6ee95df6-16a8-47c9-be19-36e479a5504c
2019-11-13 20:08:43,141 [pool-540-thread-1] INFO  server.RaftServerConfigKeys (ConfUtils.java:logGet(43)) - raft.server.log.queue.byte-limit = 2147483647 (custom)
2019-11-13 20:08:43,141 [pool-540-thread-1] INFO  server.RaftServerConfigKeys (ConfUtils.java:logGet(43)) - raft.server.log.queue.element-limit = 1024 (custom)
2019-11-13 20:08:43,141 [pool-540-thread-1] INFO  server.RaftServerConfigKeys (ConfUtils.java:logGet(43)) - raft.server.log.segment.size.max = 1048576 (custom)
2019-11-13 20:08:43,141 [pool-540-thread-1] INFO  server.RaftServerConfigKeys (ConfUtils.java:logGet(43)) - raft.server.log.preallocated.size = 16384 (custom)
2019-11-13 20:08:43,141 [pool-540-thread-1] INFO  server.RaftServerConfigKeys (ConfUtils.java:logGet(43)) - raft.server.log.write.buffer.size = 33554432 (custom)
2019-11-13 20:08:43,141 [pool-540-thread-1] INFO  server.RaftServerConfigKeys (ConfUtils.java:logGet(43)) - raft.server.log.force.sync.num = 128 (default)
2019-11-13 20:08:43,141 [pool-540-thread-1] INFO  server.RaftServerConfigKeys (ConfUtils.java:logGet(43)) - raft.server.log.statemachine.data.sync = true (default)
2019-11-13 20:08:43,141 [pool-540-thread-1] INFO  server.RaftServerConfigKeys (ConfUtils.java:logGet(43)) - raft.server.log.statemachine.data.sync.timeout = 10s (default)
2019-11-13 20:08:43,141 [pool-540-thread-1] INFO  server.RaftServerConfigKeys (ConfUtils.java:logGet(43)) - raft.server.log.statemachine.data.sync.timeout.retry = -1 (default)
2019-11-13 20:08:43,141 [pool-540-thread-1] INFO  server.RaftServerConfigKeys (ConfUtils.java:logGet(43)) - raft.server.log.statemachine.data.caching.enabled = true (custom)
2019-11-13 20:08:43,142 [pool-540-thread-1] INFO  segmented.SegmentedRaftLogWorker (SegmentedRaftLogWorker.java:lambda$new$0(128)) - 020265cf-8215-4e82-9241-b31a46326517@group-36E479A5504C-SegmentedRaftLogWorker: flushIndex: setUnconditionally 0 -> -1
2019-11-13 20:08:43,142 [pool-540-thread-1] INFO  server.RaftServerConfigKeys (ConfUtils.java:logGet(43)) - raft.server.snapshot.auto.trigger.enabled = true (custom)
2019-11-13 20:08:43,142 [pool-540-thread-1] INFO  server.RaftServerConfigKeys (ConfUtils.java:logGet(43)) - raft.server.snapshot.auto.trigger.threshold = 10000 (custom)
2019-11-13 20:08:43,142 [pool-540-thread-1] INFO  server.RaftServerConfigKeys (ConfUtils.java:logGet(43)) - raft.server.snapshot.retention.file.num = 5 (custom)
2019-11-13 20:08:43,142 [pool-540-thread-1] INFO  server.RaftServerConfigKeys (ConfUtils.java:logGet(43)) - raft.server.retrycache.expirytime = 600000ms (custom)
2019-11-13 20:08:43,142 [pool-540-thread-1] WARN  impl.MetricRegistriesImpl (MetricRegistriesImpl.java:lambda$create$1(61)) - First MetricRegistry has been created without registering reporters. You may need to call MetricRegistries.global().addReportRegistration(...) before.
2019-11-13 20:08:43,142 [pool-540-thread-1] WARN  impl.MetricRegistriesImpl (MetricRegistriesImpl.java:lambda$create$1(61)) - First MetricRegistry has been created without registering reporters. You may need to call MetricRegistries.global().addReportRegistration(...) before.
2019-11-13 20:08:43,142 [pool-540-thread-1] INFO  impl.RaftServerImpl (RaftServerImpl.java:start(184)) - 020265cf-8215-4e82-9241-b31a46326517@group-36E479A5504C: start as a follower, conf=-1: [020265cf-8215-4e82-9241-b31a46326517:192.168.34.38:43042], old=null
2019-11-13 20:08:43,142 [pool-540-thread-1] INFO  impl.RaftServerImpl (RaftServerImpl.java:setRole(173)) - 020265cf-8215-4e82-9241-b31a46326517@group-36E479A5504C: changes role from      null to FOLLOWER at term 0 for startAsFollower
2019-11-13 20:08:43,142 [pool-540-thread-1] INFO  impl.RoleInfo (RoleInfo.java:updateAndGet(143)) - 020265cf-8215-4e82-9241-b31a46326517: start FollowerState
2019-11-13 20:08:43,143 [pool-540-thread-1] INFO  util.JmxRegister (JmxRegister.java:tryRegister(44)) - Successfully registered JMX Bean with object name Ratis:service=RaftServer,group=group-36E479A5504C,id=020265cf-8215-4e82-9241-b31a46326517
2019-11-13 20:08:43,143 [pool-540-thread-1] WARN  impl.MetricRegistriesImpl (MetricRegistriesImpl.java:lambda$create$1(61)) - First MetricRegistry has been created without registering reporters. You may need to call MetricRegistries.global().addReportRegistration(...) before.
2019-11-13 20:08:43,144 [RatisPipelineUtilsThread] INFO  pipeline.PipelineStateManager (PipelineStateManager.java:addPipeline(55)) - Created pipeline Pipeline[ Id: 6ee95df6-16a8-47c9-be19-36e479a5504c, Nodes: 020265cf-8215-4e82-9241-b31a46326517{ip: 192.168.34.38, host: pr-hdds-2469-rfsxc-843238572, networkLocation: /rack1, certSerialId: null}, Type:RATIS, Factor:ONE, State:ALLOCATED]
2019-11-13 20:08:43,150 [grpc-default-executor-13] INFO  impl.RaftServerProxy (RaftServerProxy.java:addNew(89)) - 2f9d8c1e-934d-4d04-b20a-ee991adbbfce: addNew group-D7F11BEDA2BC:[2f9d8c1e-934d-4d04-b20a-ee991adbbfce:192.168.34.38:42314] returns group-D7F11BEDA2BC:java.util.concurrent.CompletableFuture@126415a2[Not completed]
2019-11-13 20:08:43,151 [pool-550-thread-1] INFO  impl.RaftServerImpl (RaftServerImpl.java:<init>(98)) - 2f9d8c1e-934d-4d04-b20a-ee991adbbfce: new RaftServerImpl for group-D7F11BEDA2BC:[2f9d8c1e-934d-4d04-b20a-ee991adbbfce:192.168.34.38:42314] with ContainerStateMachine:uninitialized
2019-11-13 20:08:43,152 [pool-550-thread-1] INFO  server.RaftServerConfigKeys (ConfUtils.java:logGet(43)) - raft.server.rpc.timeout.min = 1s (custom)
2019-11-13 20:08:43,152 [pool-550-thread-1] INFO  server.RaftServerConfigKeys (ConfUtils.java:logGet(43)) - raft.server.rpc.timeout.max = 1200ms (custom)
2019-11-13 20:08:43,152 [pool-550-thread-1] INFO  server.RaftServerConfigKeys (ConfUtils.java:logGet(43)) - raft.server.rpcslowness.timeout = 120s (custom)
2019-11-13 20:08:43,152 [pool-550-thread-1] INFO  server.RaftServerConfigKeys (ConfUtils.java:logGet(43)) - raft.server.sleep.deviation.threshold = 300 (default)
2019-11-13 20:08:43,152 [pool-550-thread-1] INFO  server.RaftServerConfigKeys (ConfUtils.java:logGet(43)) - raft.server.log.appender.install.snapshot.enabled = false (custom)
2019-11-13 20:08:43,152 [pool-550-thread-1] INFO  impl.RaftServerImpl (ServerState.java:<init>(103)) - 2f9d8c1e-934d-4d04-b20a-ee991adbbfce@group-D7F11BEDA2BC: ConfigurationManager, init=-1: [2f9d8c1e-934d-4d04-b20a-ee991adbbfce:192.168.34.38:42314], old=null, confs=<EMPTY_MAP>
2019-11-13 20:08:43,152 [pool-550-thread-1] INFO  server.RaftServerConfigKeys (ConfUtils.java:logGet(43)) - raft.server.storage.dir = [/workdir/hadoop-ozone/integration-test/target/test-dir/MiniOzoneClusterImpl-89214370-af8c-46c8-b403-f68b2ae7a3e8/datanode-4/data/ratis] (custom)
2019-11-13 20:08:43,153 [pool-550-thread-1] INFO  server.RaftServerConfigKeys (ConfUtils.java:logGet(43)) - raft.server.log.corruption.policy = EXCEPTION (default)
2019-11-13 20:08:43,153 [pool-550-thread-1] INFO  storage.RaftStorageDirectory (RaftStorageDirectory.java:analyzeStorage(246)) - The storage directory /workdir/hadoop-ozone/integration-test/target/test-dir/MiniOzoneClusterImpl-89214370-af8c-46c8-b403-f68b2ae7a3e8/datanode-4/data/ratis/b3376f05-3f63-46ea-8411-d7f11beda2bc does not exist. Creating ...
2019-11-13 20:08:43,165 [IPC Server handler 5 on 42664] INFO  net.NetworkTopology (NetworkTopologyImpl.java:add(111)) - Added a new node: /rack1/4ac79741-1dc4-4e7a-a50d-ac53fab10d14
2019-11-13 20:08:43,165 [IPC Server handler 5 on 42664] INFO  node.SCMNodeManager (SCMNodeManager.java:register(267)) - Registered Data node : 4ac79741-1dc4-4e7a-a50d-ac53fab10d14{ip: 192.168.34.38, host: pr-hdds-2469-rfsxc-843238572, networkLocation: /rack1, certSerialId: null}
2019-11-13 20:08:43,166 [pool-550-thread-1] INFO  storage.RaftStorageDirectory (RaftStorageDirectory.java:tryLock(328)) - Lock on /workdir/hadoop-ozone/integration-test/target/test-dir/MiniOzoneClusterImpl-89214370-af8c-46c8-b403-f68b2ae7a3e8/datanode-4/data/ratis/b3376f05-3f63-46ea-8411-d7f11beda2bc/in_use.lock acquired by nodename 29866@pr-hdds-2469-rfsxc-843238572
2019-11-13 20:08:43,181 [pool-550-thread-1] INFO  storage.RaftStorage (RaftStorage.java:format(84)) - Storage directory /workdir/hadoop-ozone/integration-test/target/test-dir/MiniOzoneClusterImpl-89214370-af8c-46c8-b403-f68b2ae7a3e8/datanode-4/data/ratis/b3376f05-3f63-46ea-8411-d7f11beda2bc has been successfully formatted.
2019-11-13 20:08:43,181 [pool-550-thread-1] INFO  ratis.ContainerStateMachine (ContainerStateMachine.java:loadSnapshot(223)) - group-D7F11BEDA2BC: The snapshot info is null. Setting the last applied indexto:(t:0, i:~)
2019-11-13 20:08:43,181 [pool-550-thread-1] INFO  server.RaftServerConfigKeys (ConfUtils.java:logGet(43)) - raft.server.notification.no-leader.timeout = 120s (custom)
2019-11-13 20:08:43,181 [pool-550-thread-1] INFO  server.RaftServerConfigKeys (ConfUtils.java:logGet(43)) - raft.server.log.use.memory = false (default)
2019-11-13 20:08:43,181 [pool-550-thread-1] INFO  server.RaftServerConfigKeys (ConfUtils.java:logGet(43)) - raft.server.log.purge.gap = 1000000 (custom)
2019-11-13 20:08:43,181 [pool-550-thread-1] INFO  server.RaftServerConfigKeys (ConfUtils.java:logGet(43)) - raft.server.log.appender.buffer.byte-limit = 33554432 (custom)
2019-11-13 20:08:43,182 [pool-550-thread-1] INFO  server.RaftServerConfigKeys (ConfUtils.java:logGet(43)) - raft.server.log.segment.size.max = 1048576 (custom)
2019-11-13 20:08:43,182 [pool-550-thread-1] WARN  impl.MetricRegistriesImpl (MetricRegistriesImpl.java:lambda$create$1(61)) - First MetricRegistry has been created without registering reporters. You may need to call MetricRegistries.global().addReportRegistration(...) before.
2019-11-13 20:08:43,182 [pool-550-thread-1] INFO  server.RaftServerConfigKeys (ConfUtils.java:logGet(43)) - raft.server.log.segment.cache.num.max = 2 (custom)
2019-11-13 20:08:43,182 [pool-550-thread-1] INFO  segmented.SegmentedRaftLogWorker (SegmentedRaftLogWorker.java:<init>(173)) - new 2f9d8c1e-934d-4d04-b20a-ee991adbbfce@group-D7F11BEDA2BC-SegmentedRaftLogWorker for RaftStorage:Storage Directory /workdir/hadoop-ozone/integration-test/target/test-dir/MiniOzoneClusterImpl-89214370-af8c-46c8-b403-f68b2ae7a3e8/datanode-4/data/ratis/b3376f05-3f63-46ea-8411-d7f11beda2bc
2019-11-13 20:08:43,182 [pool-550-thread-1] INFO  server.RaftServerConfigKeys (ConfUtils.java:logGet(43)) - raft.server.log.queue.byte-limit = 2147483647 (custom)
2019-11-13 20:08:43,182 [pool-550-thread-1] INFO  server.RaftServerConfigKeys (ConfUtils.java:logGet(43)) - raft.server.log.queue.element-limit = 1024 (custom)
2019-11-13 20:08:43,182 [pool-550-thread-1] INFO  server.RaftServerConfigKeys (ConfUtils.java:logGet(43)) - raft.server.log.segment.size.max = 1048576 (custom)
2019-11-13 20:08:43,182 [pool-550-thread-1] INFO  server.RaftServerConfigKeys (ConfUtils.java:logGet(43)) - raft.server.log.preallocated.size = 16384 (custom)
2019-11-13 20:08:43,182 [pool-550-thread-1] INFO  server.RaftServerConfigKeys (ConfUtils.java:logGet(43)) - raft.server.log.write.buffer.size = 33554432 (custom)
2019-11-13 20:08:43,183 [pool-550-thread-1] INFO  server.RaftServerConfigKeys (ConfUtils.java:logGet(43)) - raft.server.log.force.sync.num = 128 (default)
2019-11-13 20:08:43,183 [pool-550-thread-1] INFO  server.RaftServerConfigKeys (ConfUtils.java:logGet(43)) - raft.server.log.statemachine.data.sync = true (default)
2019-11-13 20:08:43,183 [pool-550-thread-1] INFO  server.RaftServerConfigKeys (ConfUtils.java:logGet(43)) - raft.server.log.statemachine.data.sync.timeout = 10s (default)
2019-11-13 20:08:43,183 [pool-550-thread-1] INFO  server.RaftServerConfigKeys (ConfUtils.java:logGet(43)) - raft.server.log.statemachine.data.sync.timeout.retry = -1 (default)
2019-11-13 20:08:43,183 [pool-550-thread-1] INFO  server.RaftServerConfigKeys (ConfUtils.java:logGet(43)) - raft.server.log.statemachine.data.caching.enabled = true (custom)
2019-11-13 20:08:43,183 [pool-550-thread-1] INFO  segmented.SegmentedRaftLogWorker (SegmentedRaftLogWorker.java:lambda$new$0(128)) - 2f9d8c1e-934d-4d04-b20a-ee991adbbfce@group-D7F11BEDA2BC-SegmentedRaftLogWorker: flushIndex: setUnconditionally 0 -> -1
2019-11-13 20:08:43,184 [pool-550-thread-1] INFO  server.RaftServerConfigKeys (ConfUtils.java:logGet(43)) - raft.server.snapshot.auto.trigger.enabled = true (custom)
2019-11-13 20:08:43,184 [pool-550-thread-1] INFO  server.RaftServerConfigKeys (ConfUtils.java:logGet(43)) - raft.server.snapshot.auto.trigger.threshold = 10000 (custom)
2019-11-13 20:08:43,184 [pool-550-thread-1] INFO  server.RaftServerConfigKeys (ConfUtils.java:logGet(43)) - raft.server.snapshot.retention.file.num = 5 (custom)
2019-11-13 20:08:43,184 [pool-550-thread-1] INFO  server.RaftServerConfigKeys (ConfUtils.java:logGet(43)) - raft.server.retrycache.expirytime = 600000ms (custom)
2019-11-13 20:08:43,184 [pool-550-thread-1] WARN  impl.MetricRegistriesImpl (MetricRegistriesImpl.java:lambda$create$1(61)) - First MetricRegistry has been created without registering reporters. You may need to call MetricRegistries.global().addReportRegistration(...) before.
2019-11-13 20:08:43,184 [pool-550-thread-1] WARN  impl.MetricRegistriesImpl (MetricRegistriesImpl.java:lambda$create$1(61)) - First MetricRegistry has been created without registering reporters. You may need to call MetricRegistries.global().addReportRegistration(...) before.
2019-11-13 20:08:43,184 [pool-550-thread-1] INFO  impl.RaftServerImpl (RaftServerImpl.java:start(184)) - 2f9d8c1e-934d-4d04-b20a-ee991adbbfce@group-D7F11BEDA2BC: start as a follower, conf=-1: [2f9d8c1e-934d-4d04-b20a-ee991adbbfce:192.168.34.38:42314], old=null
2019-11-13 20:08:43,184 [pool-550-thread-1] INFO  impl.RaftServerImpl (RaftServerImpl.java:setRole(173)) - 2f9d8c1e-934d-4d04-b20a-ee991adbbfce@group-D7F11BEDA2BC: changes role from      null to FOLLOWER at term 0 for startAsFollower
2019-11-13 20:08:43,185 [pool-550-thread-1] INFO  impl.RoleInfo (RoleInfo.java:updateAndGet(143)) - 2f9d8c1e-934d-4d04-b20a-ee991adbbfce: start FollowerState
2019-11-13 20:08:43,185 [pool-550-thread-1] INFO  util.JmxRegister (JmxRegister.java:tryRegister(44)) - Successfully registered JMX Bean with object name Ratis:service=RaftServer,group=group-D7F11BEDA2BC,id=2f9d8c1e-934d-4d04-b20a-ee991adbbfce
2019-11-13 20:08:43,185 [pool-550-thread-1] WARN  impl.MetricRegistriesImpl (MetricRegistriesImpl.java:lambda$create$1(61)) - First MetricRegistry has been created without registering reporters. You may need to call MetricRegistries.global().addReportRegistration(...) before.
2019-11-13 20:08:43,187 [RatisPipelineUtilsThread] INFO  pipeline.PipelineStateManager (PipelineStateManager.java:addPipeline(55)) - Created pipeline Pipeline[ Id: b3376f05-3f63-46ea-8411-d7f11beda2bc, Nodes: 2f9d8c1e-934d-4d04-b20a-ee991adbbfce{ip: 192.168.34.38, host: pr-hdds-2469-rfsxc-843238572, networkLocation: /rack1, certSerialId: null}, Type:RATIS, Factor:ONE, State:ALLOCATED]
2019-11-13 20:08:43,196 [grpc-default-executor-13] INFO  impl.RaftServerProxy (RaftServerProxy.java:addNew(89)) - 4ac79741-1dc4-4e7a-a50d-ac53fab10d14: addNew group-F0FC473F13FD:[4ac79741-1dc4-4e7a-a50d-ac53fab10d14:192.168.34.38:46397] returns group-F0FC473F13FD:java.util.concurrent.CompletableFuture@11c3c7c8[Not completed]
2019-11-13 20:08:43,197 [pool-560-thread-1] INFO  impl.RaftServerImpl (RaftServerImpl.java:<init>(98)) - 4ac79741-1dc4-4e7a-a50d-ac53fab10d14: new RaftServerImpl for group-F0FC473F13FD:[4ac79741-1dc4-4e7a-a50d-ac53fab10d14:192.168.34.38:46397] with ContainerStateMachine:uninitialized
2019-11-13 20:08:43,197 [pool-560-thread-1] INFO  server.RaftServerConfigKeys (ConfUtils.java:logGet(43)) - raft.server.rpc.timeout.min = 1s (custom)
2019-11-13 20:08:43,197 [pool-560-thread-1] INFO  server.RaftServerConfigKeys (ConfUtils.java:logGet(43)) - raft.server.rpc.timeout.max = 1200ms (custom)
2019-11-13 20:08:43,197 [pool-560-thread-1] INFO  server.RaftServerConfigKeys (ConfUtils.java:logGet(43)) - raft.server.rpcslowness.timeout = 120s (custom)
2019-11-13 20:08:43,197 [pool-560-thread-1] INFO  server.RaftServerConfigKeys (ConfUtils.java:logGet(43)) - raft.server.sleep.deviation.threshold = 300 (default)
2019-11-13 20:08:43,197 [pool-560-thread-1] INFO  server.RaftServerConfigKeys (ConfUtils.java:logGet(43)) - raft.server.log.appender.install.snapshot.enabled = false (custom)
2019-11-13 20:08:43,197 [pool-560-thread-1] INFO  impl.RaftServerImpl (ServerState.java:<init>(103)) - 4ac79741-1dc4-4e7a-a50d-ac53fab10d14@group-F0FC473F13FD: ConfigurationManager, init=-1: [4ac79741-1dc4-4e7a-a50d-ac53fab10d14:192.168.34.38:46397], old=null, confs=<EMPTY_MAP>
2019-11-13 20:08:43,198 [pool-560-thread-1] INFO  server.RaftServerConfigKeys (ConfUtils.java:logGet(43)) - raft.server.storage.dir = [/workdir/hadoop-ozone/integration-test/target/test-dir/MiniOzoneClusterImpl-89214370-af8c-46c8-b403-f68b2ae7a3e8/datanode-5/data/ratis] (custom)
2019-11-13 20:08:43,198 [pool-560-thread-1] INFO  server.RaftServerConfigKeys (ConfUtils.java:logGet(43)) - raft.server.log.corruption.policy = EXCEPTION (default)
2019-11-13 20:08:43,198 [pool-560-thread-1] INFO  storage.RaftStorageDirectory (RaftStorageDirectory.java:analyzeStorage(246)) - The storage directory /workdir/hadoop-ozone/integration-test/target/test-dir/MiniOzoneClusterImpl-89214370-af8c-46c8-b403-f68b2ae7a3e8/datanode-5/data/ratis/78479c21-f636-4634-9089-f0fc473f13fd does not exist. Creating ...
2019-11-13 20:08:43,211 [pool-560-thread-1] INFO  storage.RaftStorageDirectory (RaftStorageDirectory.java:tryLock(328)) - Lock on /workdir/hadoop-ozone/integration-test/target/test-dir/MiniOzoneClusterImpl-89214370-af8c-46c8-b403-f68b2ae7a3e8/datanode-5/data/ratis/78479c21-f636-4634-9089-f0fc473f13fd/in_use.lock acquired by nodename 29866@pr-hdds-2469-rfsxc-843238572
2019-11-13 20:08:43,224 [pool-560-thread-1] INFO  storage.RaftStorage (RaftStorage.java:format(84)) - Storage directory /workdir/hadoop-ozone/integration-test/target/test-dir/MiniOzoneClusterImpl-89214370-af8c-46c8-b403-f68b2ae7a3e8/datanode-5/data/ratis/78479c21-f636-4634-9089-f0fc473f13fd has been successfully formatted.
2019-11-13 20:08:43,225 [pool-560-thread-1] INFO  ratis.ContainerStateMachine (ContainerStateMachine.java:loadSnapshot(223)) - group-F0FC473F13FD: The snapshot info is null. Setting the last applied indexto:(t:0, i:~)
2019-11-13 20:08:43,225 [pool-560-thread-1] INFO  server.RaftServerConfigKeys (ConfUtils.java:logGet(43)) - raft.server.notification.no-leader.timeout = 120s (custom)
2019-11-13 20:08:43,225 [pool-560-thread-1] INFO  server.RaftServerConfigKeys (ConfUtils.java:logGet(43)) - raft.server.log.use.memory = false (default)
2019-11-13 20:08:43,225 [pool-560-thread-1] INFO  server.RaftServerConfigKeys (ConfUtils.java:logGet(43)) - raft.server.log.purge.gap = 1000000 (custom)
2019-11-13 20:08:43,225 [pool-560-thread-1] INFO  server.RaftServerConfigKeys (ConfUtils.java:logGet(43)) - raft.server.log.appender.buffer.byte-limit = 33554432 (custom)
2019-11-13 20:08:43,225 [pool-560-thread-1] INFO  server.RaftServerConfigKeys (ConfUtils.java:logGet(43)) - raft.server.log.segment.size.max = 1048576 (custom)
2019-11-13 20:08:43,225 [pool-560-thread-1] WARN  impl.MetricRegistriesImpl (MetricRegistriesImpl.java:lambda$create$1(61)) - First MetricRegistry has been created without registering reporters. You may need to call MetricRegistries.global().addReportRegistration(...) before.
2019-11-13 20:08:43,225 [pool-560-thread-1] INFO  server.RaftServerConfigKeys (ConfUtils.java:logGet(43)) - raft.server.log.segment.cache.num.max = 2 (custom)
2019-11-13 20:08:43,225 [pool-560-thread-1] INFO  segmented.SegmentedRaftLogWorker (SegmentedRaftLogWorker.java:<init>(173)) - new 4ac79741-1dc4-4e7a-a50d-ac53fab10d14@group-F0FC473F13FD-SegmentedRaftLogWorker for RaftStorage:Storage Directory /workdir/hadoop-ozone/integration-test/target/test-dir/MiniOzoneClusterImpl-89214370-af8c-46c8-b403-f68b2ae7a3e8/datanode-5/data/ratis/78479c21-f636-4634-9089-f0fc473f13fd
2019-11-13 20:08:43,225 [pool-560-thread-1] INFO  server.RaftServerConfigKeys (ConfUtils.java:logGet(43)) - raft.server.log.queue.byte-limit = 2147483647 (custom)
2019-11-13 20:08:43,225 [pool-560-thread-1] INFO  server.RaftServerConfigKeys (ConfUtils.java:logGet(43)) - raft.server.log.queue.element-limit = 1024 (custom)
2019-11-13 20:08:43,225 [pool-560-thread-1] INFO  server.RaftServerConfigKeys (ConfUtils.java:logGet(43)) - raft.server.log.segment.size.max = 1048576 (custom)
2019-11-13 20:08:43,225 [pool-560-thread-1] INFO  server.RaftServerConfigKeys (ConfUtils.java:logGet(43)) - raft.server.log.preallocated.size = 16384 (custom)
2019-11-13 20:08:43,225 [pool-560-thread-1] INFO  server.RaftServerConfigKeys (ConfUtils.java:logGet(43)) - raft.server.log.write.buffer.size = 33554432 (custom)
2019-11-13 20:08:43,226 [pool-560-thread-1] INFO  server.RaftServerConfigKeys (ConfUtils.java:logGet(43)) - raft.server.log.force.sync.num = 128 (default)
2019-11-13 20:08:43,226 [pool-560-thread-1] INFO  server.RaftServerConfigKeys (ConfUtils.java:logGet(43)) - raft.server.log.statemachine.data.sync = true (default)
2019-11-13 20:08:43,226 [pool-560-thread-1] INFO  server.RaftServerConfigKeys (ConfUtils.java:logGet(43)) - raft.server.log.statemachine.data.sync.timeout = 10s (default)
2019-11-13 20:08:43,226 [pool-560-thread-1] INFO  server.RaftServerConfigKeys (ConfUtils.java:logGet(43)) - raft.server.log.statemachine.data.sync.timeout.retry = -1 (default)
2019-11-13 20:08:43,226 [pool-560-thread-1] INFO  server.RaftServerConfigKeys (ConfUtils.java:logGet(43)) - raft.server.log.statemachine.data.caching.enabled = true (custom)
2019-11-13 20:08:43,226 [pool-560-thread-1] INFO  segmented.SegmentedRaftLogWorker (SegmentedRaftLogWorker.java:lambda$new$0(128)) - 4ac79741-1dc4-4e7a-a50d-ac53fab10d14@group-F0FC473F13FD-SegmentedRaftLogWorker: flushIndex: setUnconditionally 0 -> -1
2019-11-13 20:08:43,226 [pool-560-thread-1] INFO  server.RaftServerConfigKeys (ConfUtils.java:logGet(43)) - raft.server.snapshot.auto.trigger.enabled = true (custom)
2019-11-13 20:08:43,226 [pool-560-thread-1] INFO  server.RaftServerConfigKeys (ConfUtils.java:logGet(43)) - raft.server.snapshot.auto.trigger.threshold = 10000 (custom)
2019-11-13 20:08:43,226 [pool-560-thread-1] INFO  server.RaftServerConfigKeys (ConfUtils.java:logGet(43)) - raft.server.snapshot.retention.file.num = 5 (custom)
2019-11-13 20:08:43,226 [pool-560-thread-1] INFO  server.RaftServerConfigKeys (ConfUtils.java:logGet(43)) - raft.server.retrycache.expirytime = 600000ms (custom)
2019-11-13 20:08:43,227 [pool-560-thread-1] WARN  impl.MetricRegistriesImpl (MetricRegistriesImpl.java:lambda$create$1(61)) - First MetricRegistry has been created without registering reporters. You may need to call MetricRegistries.global().addReportRegistration(...) before.
2019-11-13 20:08:43,227 [pool-560-thread-1] WARN  impl.MetricRegistriesImpl (MetricRegistriesImpl.java:lambda$create$1(61)) - First MetricRegistry has been created without registering reporters. You may need to call MetricRegistries.global().addReportRegistration(...) before.
2019-11-13 20:08:43,227 [pool-560-thread-1] INFO  impl.RaftServerImpl (RaftServerImpl.java:start(184)) - 4ac79741-1dc4-4e7a-a50d-ac53fab10d14@group-F0FC473F13FD: start as a follower, conf=-1: [4ac79741-1dc4-4e7a-a50d-ac53fab10d14:192.168.34.38:46397], old=null
2019-11-13 20:08:43,227 [pool-560-thread-1] INFO  impl.RaftServerImpl (RaftServerImpl.java:setRole(173)) - 4ac79741-1dc4-4e7a-a50d-ac53fab10d14@group-F0FC473F13FD: changes role from      null to FOLLOWER at term 0 for startAsFollower
2019-11-13 20:08:43,227 [pool-560-thread-1] INFO  impl.RoleInfo (RoleInfo.java:updateAndGet(143)) - 4ac79741-1dc4-4e7a-a50d-ac53fab10d14: start FollowerState
2019-11-13 20:08:43,227 [pool-560-thread-1] INFO  util.JmxRegister (JmxRegister.java:tryRegister(44)) - Successfully registered JMX Bean with object name Ratis:service=RaftServer,group=group-F0FC473F13FD,id=4ac79741-1dc4-4e7a-a50d-ac53fab10d14
2019-11-13 20:08:43,227 [pool-560-thread-1] WARN  impl.MetricRegistriesImpl (MetricRegistriesImpl.java:lambda$create$1(61)) - First MetricRegistry has been created without registering reporters. You may need to call MetricRegistries.global().addReportRegistration(...) before.
2019-11-13 20:08:43,229 [RatisPipelineUtilsThread] INFO  pipeline.PipelineStateManager (PipelineStateManager.java:addPipeline(55)) - Created pipeline Pipeline[ Id: 78479c21-f636-4634-9089-f0fc473f13fd, Nodes: 4ac79741-1dc4-4e7a-a50d-ac53fab10d14{ip: 192.168.34.38, host: pr-hdds-2469-rfsxc-843238572, networkLocation: /rack1, certSerialId: null}, Type:RATIS, Factor:ONE, State:ALLOCATED]
2019-11-13 20:08:43,237 [IPC Server handler 6 on 42664] INFO  net.NetworkTopology (NetworkTopologyImpl.java:add(111)) - Added a new node: /rack1/167876bd-92c4-4c51-979b-51b12cb252bf
2019-11-13 20:08:43,237 [IPC Server handler 6 on 42664] INFO  node.SCMNodeManager (SCMNodeManager.java:register(267)) - Registered Data node : 167876bd-92c4-4c51-979b-51b12cb252bf{ip: 192.168.34.38, host: pr-hdds-2469-rfsxc-843238572, networkLocation: /rack1, certSerialId: null}
2019-11-13 20:08:43,237 [grpc-default-executor-7] INFO  impl.RaftServerProxy (RaftServerProxy.java:addNew(89)) - 2f9d8c1e-934d-4d04-b20a-ee991adbbfce: addNew group-CACAE94F18FD:[020265cf-8215-4e82-9241-b31a46326517:192.168.34.38:43042, 2f9d8c1e-934d-4d04-b20a-ee991adbbfce:192.168.34.38:42314, 4ac79741-1dc4-4e7a-a50d-ac53fab10d14:192.168.34.38:46397] returns group-CACAE94F18FD:java.util.concurrent.CompletableFuture@46e3b67c[Not completed]
2019-11-13 20:08:43,237 [grpc-default-executor-13] INFO  impl.RaftServerProxy (RaftServerProxy.java:addNew(89)) - 4ac79741-1dc4-4e7a-a50d-ac53fab10d14: addNew group-CACAE94F18FD:[020265cf-8215-4e82-9241-b31a46326517:192.168.34.38:43042, 2f9d8c1e-934d-4d04-b20a-ee991adbbfce:192.168.34.38:42314, 4ac79741-1dc4-4e7a-a50d-ac53fab10d14:192.168.34.38:46397] returns group-CACAE94F18FD:java.util.concurrent.CompletableFuture@21ab6427[Not completed]
2019-11-13 20:08:43,237 [grpc-default-executor-11] INFO  impl.RaftServerProxy (RaftServerProxy.java:addNew(89)) - 020265cf-8215-4e82-9241-b31a46326517: addNew group-CACAE94F18FD:[020265cf-8215-4e82-9241-b31a46326517:192.168.34.38:43042, 2f9d8c1e-934d-4d04-b20a-ee991adbbfce:192.168.34.38:42314, 4ac79741-1dc4-4e7a-a50d-ac53fab10d14:192.168.34.38:46397] returns group-CACAE94F18FD:java.util.concurrent.CompletableFuture@16d2492c[Not completed]
2019-11-13 20:08:43,238 [pool-540-thread-1] INFO  impl.RaftServerImpl (RaftServerImpl.java:<init>(98)) - 020265cf-8215-4e82-9241-b31a46326517: new RaftServerImpl for group-CACAE94F18FD:[020265cf-8215-4e82-9241-b31a46326517:192.168.34.38:43042, 2f9d8c1e-934d-4d04-b20a-ee991adbbfce:192.168.34.38:42314, 4ac79741-1dc4-4e7a-a50d-ac53fab10d14:192.168.34.38:46397] with ContainerStateMachine:uninitialized
2019-11-13 20:08:43,239 [pool-540-thread-1] INFO  server.RaftServerConfigKeys (ConfUtils.java:logGet(43)) - raft.server.rpc.timeout.min = 1s (custom)
2019-11-13 20:08:43,239 [pool-540-thread-1] INFO  server.RaftServerConfigKeys (ConfUtils.java:logGet(43)) - raft.server.rpc.timeout.max = 1200ms (custom)
2019-11-13 20:08:43,239 [pool-550-thread-1] INFO  impl.RaftServerImpl (RaftServerImpl.java:<init>(98)) - 2f9d8c1e-934d-4d04-b20a-ee991adbbfce: new RaftServerImpl for group-CACAE94F18FD:[020265cf-8215-4e82-9241-b31a46326517:192.168.34.38:43042, 2f9d8c1e-934d-4d04-b20a-ee991adbbfce:192.168.34.38:42314, 4ac79741-1dc4-4e7a-a50d-ac53fab10d14:192.168.34.38:46397] with ContainerStateMachine:uninitialized
2019-11-13 20:08:43,239 [pool-540-thread-1] INFO  server.RaftServerConfigKeys (ConfUtils.java:logGet(43)) - raft.server.rpcslowness.timeout = 120s (custom)
2019-11-13 20:08:43,239 [pool-550-thread-1] INFO  server.RaftServerConfigKeys (ConfUtils.java:logGet(43)) - raft.server.rpc.timeout.min = 1s (custom)
2019-11-13 20:08:43,239 [pool-540-thread-1] INFO  server.RaftServerConfigKeys (ConfUtils.java:logGet(43)) - raft.server.sleep.deviation.threshold = 300 (default)
2019-11-13 20:08:43,239 [pool-550-thread-1] INFO  server.RaftServerConfigKeys (ConfUtils.java:logGet(43)) - raft.server.rpc.timeout.max = 1200ms (custom)
2019-11-13 20:08:43,239 [pool-540-thread-1] INFO  server.RaftServerConfigKeys (ConfUtils.java:logGet(43)) - raft.server.log.appender.install.snapshot.enabled = false (custom)
2019-11-13 20:08:43,239 [pool-550-thread-1] INFO  server.RaftServerConfigKeys (ConfUtils.java:logGet(43)) - raft.server.rpcslowness.timeout = 120s (custom)
2019-11-13 20:08:43,239 [pool-540-thread-1] INFO  impl.RaftServerImpl (ServerState.java:<init>(103)) - 020265cf-8215-4e82-9241-b31a46326517@group-CACAE94F18FD: ConfigurationManager, init=-1: [020265cf-8215-4e82-9241-b31a46326517:192.168.34.38:43042, 2f9d8c1e-934d-4d04-b20a-ee991adbbfce:192.168.34.38:42314, 4ac79741-1dc4-4e7a-a50d-ac53fab10d14:192.168.34.38:46397], old=null, confs=<EMPTY_MAP>
2019-11-13 20:08:43,239 [pool-560-thread-1] INFO  impl.RaftServerImpl (RaftServerImpl.java:<init>(98)) - 4ac79741-1dc4-4e7a-a50d-ac53fab10d14: new RaftServerImpl for group-CACAE94F18FD:[020265cf-8215-4e82-9241-b31a46326517:192.168.34.38:43042, 2f9d8c1e-934d-4d04-b20a-ee991adbbfce:192.168.34.38:42314, 4ac79741-1dc4-4e7a-a50d-ac53fab10d14:192.168.34.38:46397] with ContainerStateMachine:uninitialized
2019-11-13 20:08:43,239 [pool-550-thread-1] INFO  server.RaftServerConfigKeys (ConfUtils.java:logGet(43)) - raft.server.sleep.deviation.threshold = 300 (default)
2019-11-13 20:08:43,239 [pool-560-thread-1] INFO  server.RaftServerConfigKeys (ConfUtils.java:logGet(43)) - raft.server.rpc.timeout.min = 1s (custom)
2019-11-13 20:08:43,239 [pool-540-thread-1] INFO  server.RaftServerConfigKeys (ConfUtils.java:logGet(43)) - raft.server.storage.dir = [/workdir/hadoop-ozone/integration-test/target/test-dir/MiniOzoneClusterImpl-89214370-af8c-46c8-b403-f68b2ae7a3e8/datanode-3/data/ratis] (custom)
2019-11-13 20:08:43,240 [pool-560-thread-1] INFO  server.RaftServerConfigKeys (ConfUtils.java:logGet(43)) - raft.server.rpc.timeout.max = 1200ms (custom)
2019-11-13 20:08:43,240 [pool-560-thread-1] INFO  server.RaftServerConfigKeys (ConfUtils.java:logGet(43)) - raft.server.rpcslowness.timeout = 120s (custom)
2019-11-13 20:08:43,239 [pool-550-thread-1] INFO  server.RaftServerConfigKeys (ConfUtils.java:logGet(43)) - raft.server.log.appender.install.snapshot.enabled = false (custom)
2019-11-13 20:08:43,240 [pool-540-thread-1] INFO  server.RaftServerConfigKeys (ConfUtils.java:logGet(43)) - raft.server.log.corruption.policy = EXCEPTION (default)
2019-11-13 20:08:43,240 [pool-560-thread-1] INFO  server.RaftServerConfigKeys (ConfUtils.java:logGet(43)) - raft.server.sleep.deviation.threshold = 300 (default)
2019-11-13 20:08:43,240 [pool-550-thread-1] INFO  impl.RaftServerImpl (ServerState.java:<init>(103)) - 2f9d8c1e-934d-4d04-b20a-ee991adbbfce@group-CACAE94F18FD: ConfigurationManager, init=-1: [020265cf-8215-4e82-9241-b31a46326517:192.168.34.38:43042, 2f9d8c1e-934d-4d04-b20a-ee991adbbfce:192.168.34.38:42314, 4ac79741-1dc4-4e7a-a50d-ac53fab10d14:192.168.34.38:46397], old=null, confs=<EMPTY_MAP>
2019-11-13 20:08:43,240 [pool-560-thread-1] INFO  server.RaftServerConfigKeys (ConfUtils.java:logGet(43)) - raft.server.log.appender.install.snapshot.enabled = false (custom)
2019-11-13 20:08:43,240 [pool-540-thread-1] INFO  storage.RaftStorageDirectory (RaftStorageDirectory.java:analyzeStorage(246)) - The storage directory /workdir/hadoop-ozone/integration-test/target/test-dir/MiniOzoneClusterImpl-89214370-af8c-46c8-b403-f68b2ae7a3e8/datanode-3/data/ratis/ce5ca963-0873-4693-a8db-cacae94f18fd does not exist. Creating ...
2019-11-13 20:08:43,240 [pool-560-thread-1] INFO  impl.RaftServerImpl (ServerState.java:<init>(103)) - 4ac79741-1dc4-4e7a-a50d-ac53fab10d14@group-CACAE94F18FD: ConfigurationManager, init=-1: [020265cf-8215-4e82-9241-b31a46326517:192.168.34.38:43042, 2f9d8c1e-934d-4d04-b20a-ee991adbbfce:192.168.34.38:42314, 4ac79741-1dc4-4e7a-a50d-ac53fab10d14:192.168.34.38:46397], old=null, confs=<EMPTY_MAP>
2019-11-13 20:08:43,240 [pool-550-thread-1] INFO  server.RaftServerConfigKeys (ConfUtils.java:logGet(43)) - raft.server.storage.dir = [/workdir/hadoop-ozone/integration-test/target/test-dir/MiniOzoneClusterImpl-89214370-af8c-46c8-b403-f68b2ae7a3e8/datanode-4/data/ratis] (custom)
2019-11-13 20:08:43,240 [pool-560-thread-1] INFO  server.RaftServerConfigKeys (ConfUtils.java:logGet(43)) - raft.server.storage.dir = [/workdir/hadoop-ozone/integration-test/target/test-dir/MiniOzoneClusterImpl-89214370-af8c-46c8-b403-f68b2ae7a3e8/datanode-5/data/ratis] (custom)
2019-11-13 20:08:43,240 [pool-550-thread-1] INFO  server.RaftServerConfigKeys (ConfUtils.java:logGet(43)) - raft.server.log.corruption.policy = EXCEPTION (default)
2019-11-13 20:08:43,240 [pool-560-thread-1] INFO  server.RaftServerConfigKeys (ConfUtils.java:logGet(43)) - raft.server.log.corruption.policy = EXCEPTION (default)
2019-11-13 20:08:43,240 [pool-550-thread-1] INFO  storage.RaftStorageDirectory (RaftStorageDirectory.java:analyzeStorage(246)) - The storage directory /workdir/hadoop-ozone/integration-test/target/test-dir/MiniOzoneClusterImpl-89214370-af8c-46c8-b403-f68b2ae7a3e8/datanode-4/data/ratis/ce5ca963-0873-4693-a8db-cacae94f18fd does not exist. Creating ...
2019-11-13 20:08:43,241 [pool-560-thread-1] INFO  storage.RaftStorageDirectory (RaftStorageDirectory.java:analyzeStorage(246)) - The storage directory /workdir/hadoop-ozone/integration-test/target/test-dir/MiniOzoneClusterImpl-89214370-af8c-46c8-b403-f68b2ae7a3e8/datanode-5/data/ratis/ce5ca963-0873-4693-a8db-cacae94f18fd does not exist. Creating ...
2019-11-13 20:08:43,254 [pool-550-thread-1] INFO  storage.RaftStorageDirectory (RaftStorageDirectory.java:tryLock(328)) - Lock on /workdir/hadoop-ozone/integration-test/target/test-dir/MiniOzoneClusterImpl-89214370-af8c-46c8-b403-f68b2ae7a3e8/datanode-4/data/ratis/ce5ca963-0873-4693-a8db-cacae94f18fd/in_use.lock acquired by nodename 29866@pr-hdds-2469-rfsxc-843238572
2019-11-13 20:08:43,254 [pool-540-thread-1] INFO  storage.RaftStorageDirectory (RaftStorageDirectory.java:tryLock(328)) - Lock on /workdir/hadoop-ozone/integration-test/target/test-dir/MiniOzoneClusterImpl-89214370-af8c-46c8-b403-f68b2ae7a3e8/datanode-3/data/ratis/ce5ca963-0873-4693-a8db-cacae94f18fd/in_use.lock acquired by nodename 29866@pr-hdds-2469-rfsxc-843238572
2019-11-13 20:08:43,254 [pool-560-thread-1] INFO  storage.RaftStorageDirectory (RaftStorageDirectory.java:tryLock(328)) - Lock on /workdir/hadoop-ozone/integration-test/target/test-dir/MiniOzoneClusterImpl-89214370-af8c-46c8-b403-f68b2ae7a3e8/datanode-5/data/ratis/ce5ca963-0873-4693-a8db-cacae94f18fd/in_use.lock acquired by nodename 29866@pr-hdds-2469-rfsxc-843238572
2019-11-13 20:08:43,267 [pool-550-thread-1] INFO  storage.RaftStorage (RaftStorage.java:format(84)) - Storage directory /workdir/hadoop-ozone/integration-test/target/test-dir/MiniOzoneClusterImpl-89214370-af8c-46c8-b403-f68b2ae7a3e8/datanode-4/data/ratis/ce5ca963-0873-4693-a8db-cacae94f18fd has been successfully formatted.
2019-11-13 20:08:43,267 [pool-540-thread-1] INFO  storage.RaftStorage (RaftStorage.java:format(84)) - Storage directory /workdir/hadoop-ozone/integration-test/target/test-dir/MiniOzoneClusterImpl-89214370-af8c-46c8-b403-f68b2ae7a3e8/datanode-3/data/ratis/ce5ca963-0873-4693-a8db-cacae94f18fd has been successfully formatted.
2019-11-13 20:08:43,267 [pool-550-thread-1] INFO  ratis.ContainerStateMachine (ContainerStateMachine.java:loadSnapshot(223)) - group-CACAE94F18FD: The snapshot info is null. Setting the last applied indexto:(t:0, i:~)
2019-11-13 20:08:43,267 [pool-540-thread-1] INFO  ratis.ContainerStateMachine (ContainerStateMachine.java:loadSnapshot(223)) - group-CACAE94F18FD: The snapshot info is null. Setting the last applied indexto:(t:0, i:~)
2019-11-13 20:08:43,267 [pool-560-thread-1] INFO  storage.RaftStorage (RaftStorage.java:format(84)) - Storage directory /workdir/hadoop-ozone/integration-test/target/test-dir/MiniOzoneClusterImpl-89214370-af8c-46c8-b403-f68b2ae7a3e8/datanode-5/data/ratis/ce5ca963-0873-4693-a8db-cacae94f18fd has been successfully formatted.
2019-11-13 20:08:43,268 [pool-540-thread-1] INFO  server.RaftServerConfigKeys (ConfUtils.java:logGet(43)) - raft.server.notification.no-leader.timeout = 120s (custom)
2019-11-13 20:08:43,268 [pool-540-thread-1] INFO  server.RaftServerConfigKeys (ConfUtils.java:logGet(43)) - raft.server.log.use.memory = false (default)
2019-11-13 20:08:43,267 [pool-550-thread-1] INFO  server.RaftServerConfigKeys (ConfUtils.java:logGet(43)) - raft.server.notification.no-leader.timeout = 120s (custom)
2019-11-13 20:08:43,268 [pool-540-thread-1] INFO  server.RaftServerConfigKeys (ConfUtils.java:logGet(43)) - raft.server.log.purge.gap = 1000000 (custom)
2019-11-13 20:08:43,268 [pool-560-thread-1] INFO  ratis.ContainerStateMachine (ContainerStateMachine.java:loadSnapshot(223)) - group-CACAE94F18FD: The snapshot info is null. Setting the last applied indexto:(t:0, i:~)
2019-11-13 20:08:43,268 [pool-540-thread-1] INFO  server.RaftServerConfigKeys (ConfUtils.java:logGet(43)) - raft.server.log.appender.buffer.byte-limit = 33554432 (custom)
2019-11-13 20:08:43,268 [pool-550-thread-1] INFO  server.RaftServerConfigKeys (ConfUtils.java:logGet(43)) - raft.server.log.use.memory = false (default)
2019-11-13 20:08:43,268 [pool-540-thread-1] INFO  server.RaftServerConfigKeys (ConfUtils.java:logGet(43)) - raft.server.log.segment.size.max = 1048576 (custom)
2019-11-13 20:08:43,268 [pool-560-thread-1] INFO  server.RaftServerConfigKeys (ConfUtils.java:logGet(43)) - raft.server.notification.no-leader.timeout = 120s (custom)
2019-11-13 20:08:43,268 [pool-540-thread-1] INFO  server.RaftServerConfigKeys (ConfUtils.java:logGet(43)) - raft.server.log.segment.cache.num.max = 2 (custom)
2019-11-13 20:08:43,268 [pool-550-thread-1] INFO  server.RaftServerConfigKeys (ConfUtils.java:logGet(43)) - raft.server.log.purge.gap = 1000000 (custom)
2019-11-13 20:08:43,269 [pool-540-thread-1] INFO  segmented.SegmentedRaftLogWorker (SegmentedRaftLogWorker.java:<init>(173)) - new 020265cf-8215-4e82-9241-b31a46326517@group-CACAE94F18FD-SegmentedRaftLogWorker for RaftStorage:Storage Directory /workdir/hadoop-ozone/integration-test/target/test-dir/MiniOzoneClusterImpl-89214370-af8c-46c8-b403-f68b2ae7a3e8/datanode-3/data/ratis/ce5ca963-0873-4693-a8db-cacae94f18fd
2019-11-13 20:08:43,268 [pool-560-thread-1] INFO  server.RaftServerConfigKeys (ConfUtils.java:logGet(43)) - raft.server.log.use.memory = false (default)
2019-11-13 20:08:43,269 [pool-540-thread-1] INFO  server.RaftServerConfigKeys (ConfUtils.java:logGet(43)) - raft.server.log.queue.byte-limit = 2147483647 (custom)
2019-11-13 20:08:43,269 [pool-550-thread-1] INFO  server.RaftServerConfigKeys (ConfUtils.java:logGet(43)) - raft.server.log.appender.buffer.byte-limit = 33554432 (custom)
2019-11-13 20:08:43,269 [pool-540-thread-1] INFO  server.RaftServerConfigKeys (ConfUtils.java:logGet(43)) - raft.server.log.queue.element-limit = 1024 (custom)
2019-11-13 20:08:43,269 [pool-560-thread-1] INFO  server.RaftServerConfigKeys (ConfUtils.java:logGet(43)) - raft.server.log.purge.gap = 1000000 (custom)
2019-11-13 20:08:43,269 [pool-540-thread-1] INFO  server.RaftServerConfigKeys (ConfUtils.java:logGet(43)) - raft.server.log.segment.size.max = 1048576 (custom)
2019-11-13 20:08:43,269 [pool-550-thread-1] INFO  server.RaftServerConfigKeys (ConfUtils.java:logGet(43)) - raft.server.log.segment.size.max = 1048576 (custom)
2019-11-13 20:08:43,269 [pool-540-thread-1] INFO  server.RaftServerConfigKeys (ConfUtils.java:logGet(43)) - raft.server.log.preallocated.size = 16384 (custom)
2019-11-13 20:08:43,269 [pool-560-thread-1] INFO  server.RaftServerConfigKeys (ConfUtils.java:logGet(43)) - raft.server.log.appender.buffer.byte-limit = 33554432 (custom)
2019-11-13 20:08:43,269 [pool-540-thread-1] INFO  server.RaftServerConfigKeys (ConfUtils.java:logGet(43)) - raft.server.log.write.buffer.size = 33554432 (custom)
2019-11-13 20:08:43,269 [pool-550-thread-1] INFO  server.RaftServerConfigKeys (ConfUtils.java:logGet(43)) - raft.server.log.segment.cache.num.max = 2 (custom)
2019-11-13 20:08:43,269 [pool-540-thread-1] INFO  server.RaftServerConfigKeys (ConfUtils.java:logGet(43)) - raft.server.log.force.sync.num = 128 (default)
2019-11-13 20:08:43,269 [pool-560-thread-1] INFO  server.RaftServerConfigKeys (ConfUtils.java:logGet(43)) - raft.server.log.segment.size.max = 1048576 (custom)
2019-11-13 20:08:43,270 [pool-540-thread-1] INFO  server.RaftServerConfigKeys (ConfUtils.java:logGet(43)) - raft.server.log.statemachine.data.sync = true (default)
2019-11-13 20:08:43,269 [pool-550-thread-1] INFO  segmented.SegmentedRaftLogWorker (SegmentedRaftLogWorker.java:<init>(173)) - new 2f9d8c1e-934d-4d04-b20a-ee991adbbfce@group-CACAE94F18FD-SegmentedRaftLogWorker for RaftStorage:Storage Directory /workdir/hadoop-ozone/integration-test/target/test-dir/MiniOzoneClusterImpl-89214370-af8c-46c8-b403-f68b2ae7a3e8/datanode-4/data/ratis/ce5ca963-0873-4693-a8db-cacae94f18fd
2019-11-13 20:08:43,270 [pool-540-thread-1] INFO  server.RaftServerConfigKeys (ConfUtils.java:logGet(43)) - raft.server.log.statemachine.data.sync.timeout = 10s (default)
2019-11-13 20:08:43,270 [pool-560-thread-1] INFO  server.RaftServerConfigKeys (ConfUtils.java:logGet(43)) - raft.server.log.segment.cache.num.max = 2 (custom)
2019-11-13 20:08:43,270 [pool-540-thread-1] INFO  server.RaftServerConfigKeys (ConfUtils.java:logGet(43)) - raft.server.log.statemachine.data.sync.timeout.retry = -1 (default)
2019-11-13 20:08:43,270 [pool-550-thread-1] INFO  server.RaftServerConfigKeys (ConfUtils.java:logGet(43)) - raft.server.log.queue.byte-limit = 2147483647 (custom)
2019-11-13 20:08:43,270 [pool-540-thread-1] INFO  server.RaftServerConfigKeys (ConfUtils.java:logGet(43)) - raft.server.log.statemachine.data.caching.enabled = true (custom)
2019-11-13 20:08:43,270 [pool-560-thread-1] INFO  segmented.SegmentedRaftLogWorker (SegmentedRaftLogWorker.java:<init>(173)) - new 4ac79741-1dc4-4e7a-a50d-ac53fab10d14@group-CACAE94F18FD-SegmentedRaftLogWorker for RaftStorage:Storage Directory /workdir/hadoop-ozone/integration-test/target/test-dir/MiniOzoneClusterImpl-89214370-af8c-46c8-b403-f68b2ae7a3e8/datanode-5/data/ratis/ce5ca963-0873-4693-a8db-cacae94f18fd
2019-11-13 20:08:43,270 [pool-550-thread-1] INFO  server.RaftServerConfigKeys (ConfUtils.java:logGet(43)) - raft.server.log.queue.element-limit = 1024 (custom)
2019-11-13 20:08:43,270 [pool-560-thread-1] INFO  server.RaftServerConfigKeys (ConfUtils.java:logGet(43)) - raft.server.log.queue.byte-limit = 2147483647 (custom)
2019-11-13 20:08:43,270 [pool-550-thread-1] INFO  server.RaftServerConfigKeys (ConfUtils.java:logGet(43)) - raft.server.log.segment.size.max = 1048576 (custom)
2019-11-13 20:08:43,270 [pool-540-thread-1] INFO  segmented.SegmentedRaftLogWorker (SegmentedRaftLogWorker.java:lambda$new$0(128)) - 020265cf-8215-4e82-9241-b31a46326517@group-CACAE94F18FD-SegmentedRaftLogWorker: flushIndex: setUnconditionally 0 -> -1
2019-11-13 20:08:43,270 [pool-550-thread-1] INFO  server.RaftServerConfigKeys (ConfUtils.java:logGet(43)) - raft.server.log.preallocated.size = 16384 (custom)
2019-11-13 20:08:43,270 [pool-560-thread-1] INFO  server.RaftServerConfigKeys (ConfUtils.java:logGet(43)) - raft.server.log.queue.element-limit = 1024 (custom)
2019-11-13 20:08:43,271 [pool-550-thread-1] INFO  server.RaftServerConfigKeys (ConfUtils.java:logGet(43)) - raft.server.log.write.buffer.size = 33554432 (custom)
2019-11-13 20:08:43,271 [pool-560-thread-1] INFO  server.RaftServerConfigKeys (ConfUtils.java:logGet(43)) - raft.server.log.segment.size.max = 1048576 (custom)
2019-11-13 20:08:43,271 [pool-540-thread-1] INFO  server.RaftServerConfigKeys (ConfUtils.java:logGet(43)) - raft.server.snapshot.auto.trigger.enabled = true (custom)
2019-11-13 20:08:43,271 [pool-560-thread-1] INFO  server.RaftServerConfigKeys (ConfUtils.java:logGet(43)) - raft.server.log.preallocated.size = 16384 (custom)
2019-11-13 20:08:43,271 [pool-550-thread-1] INFO  server.RaftServerConfigKeys (ConfUtils.java:logGet(43)) - raft.server.log.force.sync.num = 128 (default)
2019-11-13 20:08:43,271 [pool-560-thread-1] INFO  server.RaftServerConfigKeys (ConfUtils.java:logGet(43)) - raft.server.log.write.buffer.size = 33554432 (custom)
2019-11-13 20:08:43,271 [pool-540-thread-1] INFO  server.RaftServerConfigKeys (ConfUtils.java:logGet(43)) - raft.server.snapshot.auto.trigger.threshold = 10000 (custom)
2019-11-13 20:08:43,271 [pool-560-thread-1] INFO  server.RaftServerConfigKeys (ConfUtils.java:logGet(43)) - raft.server.log.force.sync.num = 128 (default)
2019-11-13 20:08:43,271 [pool-550-thread-1] INFO  server.RaftServerConfigKeys (ConfUtils.java:logGet(43)) - raft.server.log.statemachine.data.sync = true (default)
2019-11-13 20:08:43,271 [pool-560-thread-1] INFO  server.RaftServerConfigKeys (ConfUtils.java:logGet(43)) - raft.server.log.statemachine.data.sync = true (default)
2019-11-13 20:08:43,271 [pool-540-thread-1] INFO  server.RaftServerConfigKeys (ConfUtils.java:logGet(43)) - raft.server.snapshot.retention.file.num = 5 (custom)
2019-11-13 20:08:43,271 [pool-560-thread-1] INFO  server.RaftServerConfigKeys (ConfUtils.java:logGet(43)) - raft.server.log.statemachine.data.sync.timeout = 10s (default)
2019-11-13 20:08:43,271 [pool-550-thread-1] INFO  server.RaftServerConfigKeys (ConfUtils.java:logGet(43)) - raft.server.log.statemachine.data.sync.timeout = 10s (default)
2019-11-13 20:08:43,271 [pool-560-thread-1] INFO  server.RaftServerConfigKeys (ConfUtils.java:logGet(43)) - raft.server.log.statemachine.data.sync.timeout.retry = -1 (default)
2019-11-13 20:08:43,271 [pool-540-thread-1] INFO  server.RaftServerConfigKeys (ConfUtils.java:logGet(43)) - raft.server.retrycache.expirytime = 600000ms (custom)
2019-11-13 20:08:43,272 [pool-560-thread-1] INFO  server.RaftServerConfigKeys (ConfUtils.java:logGet(43)) - raft.server.log.statemachine.data.caching.enabled = true (custom)
2019-11-13 20:08:43,272 [pool-550-thread-1] INFO  server.RaftServerConfigKeys (ConfUtils.java:logGet(43)) - raft.server.log.statemachine.data.sync.timeout.retry = -1 (default)
2019-11-13 20:08:43,272 [pool-540-thread-1] WARN  impl.MetricRegistriesImpl (MetricRegistriesImpl.java:lambda$create$1(61)) - First MetricRegistry has been created without registering reporters. You may need to call MetricRegistries.global().addReportRegistration(...) before.
2019-11-13 20:08:43,272 [pool-550-thread-1] INFO  server.RaftServerConfigKeys (ConfUtils.java:logGet(43)) - raft.server.log.statemachine.data.caching.enabled = true (custom)
2019-11-13 20:08:43,272 [pool-560-thread-1] INFO  segmented.SegmentedRaftLogWorker (SegmentedRaftLogWorker.java:lambda$new$0(128)) - 4ac79741-1dc4-4e7a-a50d-ac53fab10d14@group-CACAE94F18FD-SegmentedRaftLogWorker: flushIndex: setUnconditionally 0 -> -1
2019-11-13 20:08:43,272 [pool-540-thread-1] WARN  impl.MetricRegistriesImpl (MetricRegistriesImpl.java:lambda$create$1(61)) - First MetricRegistry has been created without registering reporters. You may need to call MetricRegistries.global().addReportRegistration(...) before.
2019-11-13 20:08:43,272 [pool-550-thread-1] INFO  segmented.SegmentedRaftLogWorker (SegmentedRaftLogWorker.java:lambda$new$0(128)) - 2f9d8c1e-934d-4d04-b20a-ee991adbbfce@group-CACAE94F18FD-SegmentedRaftLogWorker: flushIndex: setUnconditionally 0 -> -1
2019-11-13 20:08:43,272 [pool-560-thread-1] INFO  server.RaftServerConfigKeys (ConfUtils.java:logGet(43)) - raft.server.snapshot.auto.trigger.enabled = true (custom)
2019-11-13 20:08:43,272 [pool-540-thread-1] INFO  impl.RaftServerImpl (RaftServerImpl.java:start(184)) - 020265cf-8215-4e82-9241-b31a46326517@group-CACAE94F18FD: start as a follower, conf=-1: [020265cf-8215-4e82-9241-b31a46326517:192.168.34.38:43042, 2f9d8c1e-934d-4d04-b20a-ee991adbbfce:192.168.34.38:42314, 4ac79741-1dc4-4e7a-a50d-ac53fab10d14:192.168.34.38:46397], old=null
2019-11-13 20:08:43,272 [pool-550-thread-1] INFO  server.RaftServerConfigKeys (ConfUtils.java:logGet(43)) - raft.server.snapshot.auto.trigger.enabled = true (custom)
2019-11-13 20:08:43,272 [pool-560-thread-1] INFO  server.RaftServerConfigKeys (ConfUtils.java:logGet(43)) - raft.server.snapshot.auto.trigger.threshold = 10000 (custom)
2019-11-13 20:08:43,272 [pool-550-thread-1] INFO  server.RaftServerConfigKeys (ConfUtils.java:logGet(43)) - raft.server.snapshot.auto.trigger.threshold = 10000 (custom)
2019-11-13 20:08:43,272 [pool-540-thread-1] INFO  impl.RaftServerImpl (RaftServerImpl.java:setRole(173)) - 020265cf-8215-4e82-9241-b31a46326517@group-CACAE94F18FD: changes role from      null to FOLLOWER at term 0 for startAsFollower
2019-11-13 20:08:43,273 [pool-550-thread-1] INFO  server.RaftServerConfigKeys (ConfUtils.java:logGet(43)) - raft.server.snapshot.retention.file.num = 5 (custom)
2019-11-13 20:08:43,272 [pool-560-thread-1] INFO  server.RaftServerConfigKeys (ConfUtils.java:logGet(43)) - raft.server.snapshot.retention.file.num = 5 (custom)
2019-11-13 20:08:43,273 [pool-550-thread-1] INFO  server.RaftServerConfigKeys (ConfUtils.java:logGet(43)) - raft.server.retrycache.expirytime = 600000ms (custom)
2019-11-13 20:08:43,273 [pool-540-thread-1] INFO  impl.RoleInfo (RoleInfo.java:updateAndGet(143)) - 020265cf-8215-4e82-9241-b31a46326517: start FollowerState
2019-11-13 20:08:43,273 [pool-550-thread-1] WARN  impl.MetricRegistriesImpl (MetricRegistriesImpl.java:lambda$create$1(61)) - First MetricRegistry has been created without registering reporters. You may need to call MetricRegistries.global().addReportRegistration(...) before.
2019-11-13 20:08:43,273 [pool-560-thread-1] INFO  server.RaftServerConfigKeys (ConfUtils.java:logGet(43)) - raft.server.retrycache.expirytime = 600000ms (custom)
2019-11-13 20:08:43,273 [pool-550-thread-1] WARN  impl.MetricRegistriesImpl (MetricRegistriesImpl.java:lambda$create$1(61)) - First MetricRegistry has been created without registering reporters. You may need to call MetricRegistries.global().addReportRegistration(...) before.
2019-11-13 20:08:43,273 [pool-560-thread-1] WARN  impl.MetricRegistriesImpl (MetricRegistriesImpl.java:lambda$create$1(61)) - First MetricRegistry has been created without registering reporters. You may need to call MetricRegistries.global().addReportRegistration(...) before.
2019-11-13 20:08:43,273 [pool-540-thread-1] INFO  util.JmxRegister (JmxRegister.java:tryRegister(44)) - Successfully registered JMX Bean with object name Ratis:service=RaftServer,group=group-CACAE94F18FD,id=020265cf-8215-4e82-9241-b31a46326517
2019-11-13 20:08:43,273 [pool-550-thread-1] INFO  impl.RaftServerImpl (RaftServerImpl.java:start(184)) - 2f9d8c1e-934d-4d04-b20a-ee991adbbfce@group-CACAE94F18FD: start as a follower, conf=-1: [020265cf-8215-4e82-9241-b31a46326517:192.168.34.38:43042, 2f9d8c1e-934d-4d04-b20a-ee991adbbfce:192.168.34.38:42314, 4ac79741-1dc4-4e7a-a50d-ac53fab10d14:192.168.34.38:46397], old=null
2019-11-13 20:08:43,273 [pool-540-thread-1] WARN  impl.MetricRegistriesImpl (MetricRegistriesImpl.java:lambda$create$1(61)) - First MetricRegistry has been created without registering reporters. You may need to call MetricRegistries.global().addReportRegistration(...) before.
2019-11-13 20:08:43,273 [pool-560-thread-1] WARN  impl.MetricRegistriesImpl (MetricRegistriesImpl.java:lambda$create$1(61)) - First MetricRegistry has been created without registering reporters. You may need to call MetricRegistries.global().addReportRegistration(...) before.
2019-11-13 20:08:43,273 [pool-550-thread-1] INFO  impl.RaftServerImpl (RaftServerImpl.java:setRole(173)) - 2f9d8c1e-934d-4d04-b20a-ee991adbbfce@group-CACAE94F18FD: changes role from      null to FOLLOWER at term 0 for startAsFollower
2019-11-13 20:08:43,273 [pool-560-thread-1] INFO  impl.RaftServerImpl (RaftServerImpl.java:start(184)) - 4ac79741-1dc4-4e7a-a50d-ac53fab10d14@group-CACAE94F18FD: start as a follower, conf=-1: [020265cf-8215-4e82-9241-b31a46326517:192.168.34.38:43042, 2f9d8c1e-934d-4d04-b20a-ee991adbbfce:192.168.34.38:42314, 4ac79741-1dc4-4e7a-a50d-ac53fab10d14:192.168.34.38:46397], old=null
2019-11-13 20:08:43,273 [pool-550-thread-1] INFO  impl.RoleInfo (RoleInfo.java:updateAndGet(143)) - 2f9d8c1e-934d-4d04-b20a-ee991adbbfce: start FollowerState
2019-11-13 20:08:43,274 [pool-560-thread-1] INFO  impl.RaftServerImpl (RaftServerImpl.java:setRole(173)) - 4ac79741-1dc4-4e7a-a50d-ac53fab10d14@group-CACAE94F18FD: changes role from      null to FOLLOWER at term 0 for startAsFollower
2019-11-13 20:08:43,274 [pool-560-thread-1] INFO  impl.RoleInfo (RoleInfo.java:updateAndGet(143)) - 4ac79741-1dc4-4e7a-a50d-ac53fab10d14: start FollowerState
2019-11-13 20:08:43,274 [pool-550-thread-1] INFO  util.JmxRegister (JmxRegister.java:tryRegister(44)) - Successfully registered JMX Bean with object name Ratis:service=RaftServer,group=group-CACAE94F18FD,id=2f9d8c1e-934d-4d04-b20a-ee991adbbfce
2019-11-13 20:08:43,274 [pool-550-thread-1] WARN  impl.MetricRegistriesImpl (MetricRegistriesImpl.java:lambda$create$1(61)) - First MetricRegistry has been created without registering reporters. You may need to call MetricRegistries.global().addReportRegistration(...) before.
2019-11-13 20:08:43,274 [pool-560-thread-1] INFO  util.JmxRegister (JmxRegister.java:tryRegister(44)) - Successfully registered JMX Bean with object name Ratis:service=RaftServer,group=group-CACAE94F18FD,id=4ac79741-1dc4-4e7a-a50d-ac53fab10d14
2019-11-13 20:08:43,274 [pool-560-thread-1] WARN  impl.MetricRegistriesImpl (MetricRegistriesImpl.java:lambda$create$1(61)) - First MetricRegistry has been created without registering reporters. You may need to call MetricRegistries.global().addReportRegistration(...) before.
2019-11-13 20:08:43,276 [RatisPipelineUtilsThread] INFO  pipeline.PipelineStateManager (PipelineStateManager.java:addPipeline(55)) - Created pipeline Pipeline[ Id: ce5ca963-0873-4693-a8db-cacae94f18fd, Nodes: 4ac79741-1dc4-4e7a-a50d-ac53fab10d14{ip: 192.168.34.38, host: pr-hdds-2469-rfsxc-843238572, networkLocation: /rack1, certSerialId: null}020265cf-8215-4e82-9241-b31a46326517{ip: 192.168.34.38, host: pr-hdds-2469-rfsxc-843238572, networkLocation: /rack1, certSerialId: null}2f9d8c1e-934d-4d04-b20a-ee991adbbfce{ip: 192.168.34.38, host: pr-hdds-2469-rfsxc-843238572, networkLocation: /rack1, certSerialId: null}, Type:RATIS, Factor:THREE, State:ALLOCATED]
2019-11-13 20:08:43,298 [IPC Server handler 7 on 42664] INFO  net.NetworkTopology (NetworkTopologyImpl.java:add(111)) - Added a new node: /rack1/8446ee0c-69c2-4e02-91d0-278741efb561
2019-11-13 20:08:43,298 [IPC Server handler 7 on 42664] INFO  node.SCMNodeManager (SCMNodeManager.java:register(267)) - Registered Data node : 8446ee0c-69c2-4e02-91d0-278741efb561{ip: 192.168.34.38, host: pr-hdds-2469-rfsxc-843238572, networkLocation: /rack1, certSerialId: null}
2019-11-13 20:08:43,303 [grpc-default-executor-11] INFO  impl.RaftServerProxy (RaftServerProxy.java:addNew(89)) - 8446ee0c-69c2-4e02-91d0-278741efb561: addNew group-08BF50F2A040:[8446ee0c-69c2-4e02-91d0-278741efb561:192.168.34.38:38186] returns group-08BF50F2A040:java.util.concurrent.CompletableFuture@1e76f8b7[Not completed]
2019-11-13 20:08:43,304 [pool-580-thread-1] INFO  impl.RaftServerImpl (RaftServerImpl.java:<init>(98)) - 8446ee0c-69c2-4e02-91d0-278741efb561: new RaftServerImpl for group-08BF50F2A040:[8446ee0c-69c2-4e02-91d0-278741efb561:192.168.34.38:38186] with ContainerStateMachine:uninitialized
2019-11-13 20:08:43,304 [pool-580-thread-1] INFO  server.RaftServerConfigKeys (ConfUtils.java:logGet(43)) - raft.server.rpc.timeout.min = 1s (custom)
2019-11-13 20:08:43,304 [pool-580-thread-1] INFO  server.RaftServerConfigKeys (ConfUtils.java:logGet(43)) - raft.server.rpc.timeout.max = 1200ms (custom)
2019-11-13 20:08:43,304 [pool-580-thread-1] INFO  server.RaftServerConfigKeys (ConfUtils.java:logGet(43)) - raft.server.rpcslowness.timeout = 120s (custom)
2019-11-13 20:08:43,304 [pool-580-thread-1] INFO  server.RaftServerConfigKeys (ConfUtils.java:logGet(43)) - raft.server.sleep.deviation.threshold = 300 (default)
2019-11-13 20:08:43,304 [pool-580-thread-1] INFO  server.RaftServerConfigKeys (ConfUtils.java:logGet(43)) - raft.server.log.appender.install.snapshot.enabled = false (custom)
2019-11-13 20:08:43,305 [pool-580-thread-1] INFO  impl.RaftServerImpl (ServerState.java:<init>(103)) - 8446ee0c-69c2-4e02-91d0-278741efb561@group-08BF50F2A040: ConfigurationManager, init=-1: [8446ee0c-69c2-4e02-91d0-278741efb561:192.168.34.38:38186], old=null, confs=<EMPTY_MAP>
2019-11-13 20:08:43,305 [pool-580-thread-1] INFO  server.RaftServerConfigKeys (ConfUtils.java:logGet(43)) - raft.server.storage.dir = [/workdir/hadoop-ozone/integration-test/target/test-dir/MiniOzoneClusterImpl-89214370-af8c-46c8-b403-f68b2ae7a3e8/datanode-7/data/ratis] (custom)
2019-11-13 20:08:43,305 [pool-580-thread-1] INFO  server.RaftServerConfigKeys (ConfUtils.java:logGet(43)) - raft.server.log.corruption.policy = EXCEPTION (default)
2019-11-13 20:08:43,305 [pool-580-thread-1] INFO  storage.RaftStorageDirectory (RaftStorageDirectory.java:analyzeStorage(246)) - The storage directory /workdir/hadoop-ozone/integration-test/target/test-dir/MiniOzoneClusterImpl-89214370-af8c-46c8-b403-f68b2ae7a3e8/datanode-7/data/ratis/6f8b0a9d-153e-4087-931d-08bf50f2a040 does not exist. Creating ...
2019-11-13 20:08:43,310 [pool-580-thread-1] INFO  storage.RaftStorageDirectory (RaftStorageDirectory.java:tryLock(328)) - Lock on /workdir/hadoop-ozone/integration-test/target/test-dir/MiniOzoneClusterImpl-89214370-af8c-46c8-b403-f68b2ae7a3e8/datanode-7/data/ratis/6f8b0a9d-153e-4087-931d-08bf50f2a040/in_use.lock acquired by nodename 29866@pr-hdds-2469-rfsxc-843238572
2019-11-13 20:08:43,323 [pool-580-thread-1] INFO  storage.RaftStorage (RaftStorage.java:format(84)) - Storage directory /workdir/hadoop-ozone/integration-test/target/test-dir/MiniOzoneClusterImpl-89214370-af8c-46c8-b403-f68b2ae7a3e8/datanode-7/data/ratis/6f8b0a9d-153e-4087-931d-08bf50f2a040 has been successfully formatted.
2019-11-13 20:08:43,323 [pool-580-thread-1] INFO  ratis.ContainerStateMachine (ContainerStateMachine.java:loadSnapshot(223)) - group-08BF50F2A040: The snapshot info is null. Setting the last applied indexto:(t:0, i:~)
2019-11-13 20:08:43,323 [pool-580-thread-1] INFO  server.RaftServerConfigKeys (ConfUtils.java:logGet(43)) - raft.server.notification.no-leader.timeout = 120s (custom)
2019-11-13 20:08:43,324 [pool-580-thread-1] INFO  server.RaftServerConfigKeys (ConfUtils.java:logGet(43)) - raft.server.log.use.memory = false (default)
2019-11-13 20:08:43,324 [pool-580-thread-1] INFO  server.RaftServerConfigKeys (ConfUtils.java:logGet(43)) - raft.server.log.purge.gap = 1000000 (custom)
2019-11-13 20:08:43,324 [pool-580-thread-1] INFO  server.RaftServerConfigKeys (ConfUtils.java:logGet(43)) - raft.server.log.appender.buffer.byte-limit = 33554432 (custom)
2019-11-13 20:08:43,324 [pool-580-thread-1] INFO  server.RaftServerConfigKeys (ConfUtils.java:logGet(43)) - raft.server.log.segment.size.max = 1048576 (custom)
2019-11-13 20:08:43,324 [pool-580-thread-1] WARN  impl.MetricRegistriesImpl (MetricRegistriesImpl.java:lambda$create$1(61)) - First MetricRegistry has been created without registering reporters. You may need to call MetricRegistries.global().addReportRegistration(...) before.
2019-11-13 20:08:43,324 [pool-580-thread-1] INFO  server.RaftServerConfigKeys (ConfUtils.java:logGet(43)) - raft.server.log.segment.cache.num.max = 2 (custom)
2019-11-13 20:08:43,324 [pool-580-thread-1] INFO  segmented.SegmentedRaftLogWorker (SegmentedRaftLogWorker.java:<init>(173)) - new 8446ee0c-69c2-4e02-91d0-278741efb561@group-08BF50F2A040-SegmentedRaftLogWorker for RaftStorage:Storage Directory /workdir/hadoop-ozone/integration-test/target/test-dir/MiniOzoneClusterImpl-89214370-af8c-46c8-b403-f68b2ae7a3e8/datanode-7/data/ratis/6f8b0a9d-153e-4087-931d-08bf50f2a040
2019-11-13 20:08:43,324 [pool-580-thread-1] INFO  server.RaftServerConfigKeys (ConfUtils.java:logGet(43)) - raft.server.log.queue.byte-limit = 2147483647 (custom)
2019-11-13 20:08:43,324 [pool-580-thread-1] INFO  server.RaftServerConfigKeys (ConfUtils.java:logGet(43)) - raft.server.log.queue.element-limit = 1024 (custom)
2019-11-13 20:08:43,324 [pool-580-thread-1] INFO  server.RaftServerConfigKeys (ConfUtils.java:logGet(43)) - raft.server.log.segment.size.max = 1048576 (custom)
2019-11-13 20:08:43,324 [pool-580-thread-1] INFO  server.RaftServerConfigKeys (ConfUtils.java:logGet(43)) - raft.server.log.preallocated.size = 16384 (custom)
2019-11-13 20:08:43,324 [pool-580-thread-1] INFO  server.RaftServerConfigKeys (ConfUtils.java:logGet(43)) - raft.server.log.write.buffer.size = 33554432 (custom)
2019-11-13 20:08:43,324 [pool-580-thread-1] INFO  server.RaftServerConfigKeys (ConfUtils.java:logGet(43)) - raft.server.log.force.sync.num = 128 (default)
2019-11-13 20:08:43,324 [pool-580-thread-1] INFO  server.RaftServerConfigKeys (ConfUtils.java:logGet(43)) - raft.server.log.statemachine.data.sync = true (default)
2019-11-13 20:08:43,324 [pool-580-thread-1] INFO  server.RaftServerConfigKeys (ConfUtils.java:logGet(43)) - raft.server.log.statemachine.data.sync.timeout = 10s (default)
2019-11-13 20:08:43,324 [pool-580-thread-1] INFO  server.RaftServerConfigKeys (ConfUtils.java:logGet(43)) - raft.server.log.statemachine.data.sync.timeout.retry = -1 (default)
2019-11-13 20:08:43,325 [pool-580-thread-1] INFO  server.RaftServerConfigKeys (ConfUtils.java:logGet(43)) - raft.server.log.statemachine.data.caching.enabled = true (custom)
2019-11-13 20:08:43,325 [pool-580-thread-1] INFO  segmented.SegmentedRaftLogWorker (SegmentedRaftLogWorker.java:lambda$new$0(128)) - 8446ee0c-69c2-4e02-91d0-278741efb561@group-08BF50F2A040-SegmentedRaftLogWorker: flushIndex: setUnconditionally 0 -> -1
2019-11-13 20:08:43,325 [pool-580-thread-1] INFO  server.RaftServerConfigKeys (ConfUtils.java:logGet(43)) - raft.server.snapshot.auto.trigger.enabled = true (custom)
2019-11-13 20:08:43,325 [pool-580-thread-1] INFO  server.RaftServerConfigKeys (ConfUtils.java:logGet(43)) - raft.server.snapshot.auto.trigger.threshold = 10000 (custom)
2019-11-13 20:08:43,325 [pool-580-thread-1] INFO  server.RaftServerConfigKeys (ConfUtils.java:logGet(43)) - raft.server.snapshot.retention.file.num = 5 (custom)
2019-11-13 20:08:43,325 [pool-580-thread-1] INFO  server.RaftServerConfigKeys (ConfUtils.java:logGet(43)) - raft.server.retrycache.expirytime = 600000ms (custom)
2019-11-13 20:08:43,325 [pool-580-thread-1] WARN  impl.MetricRegistriesImpl (MetricRegistriesImpl.java:lambda$create$1(61)) - First MetricRegistry has been created without registering reporters. You may need to call MetricRegistries.global().addReportRegistration(...) before.
2019-11-13 20:08:43,325 [pool-580-thread-1] WARN  impl.MetricRegistriesImpl (MetricRegistriesImpl.java:lambda$create$1(61)) - First MetricRegistry has been created without registering reporters. You may need to call MetricRegistries.global().addReportRegistration(...) before.
2019-11-13 20:08:43,325 [pool-580-thread-1] INFO  impl.RaftServerImpl (RaftServerImpl.java:start(184)) - 8446ee0c-69c2-4e02-91d0-278741efb561@group-08BF50F2A040: start as a follower, conf=-1: [8446ee0c-69c2-4e02-91d0-278741efb561:192.168.34.38:38186], old=null
2019-11-13 20:08:43,325 [pool-580-thread-1] INFO  impl.RaftServerImpl (RaftServerImpl.java:setRole(173)) - 8446ee0c-69c2-4e02-91d0-278741efb561@group-08BF50F2A040: changes role from      null to FOLLOWER at term 0 for startAsFollower
2019-11-13 20:08:43,325 [pool-580-thread-1] INFO  impl.RoleInfo (RoleInfo.java:updateAndGet(143)) - 8446ee0c-69c2-4e02-91d0-278741efb561: start FollowerState
2019-11-13 20:08:43,326 [pool-580-thread-1] INFO  util.JmxRegister (JmxRegister.java:tryRegister(44)) - Successfully registered JMX Bean with object name Ratis:service=RaftServer,group=group-08BF50F2A040,id=8446ee0c-69c2-4e02-91d0-278741efb561
2019-11-13 20:08:43,326 [pool-580-thread-1] WARN  impl.MetricRegistriesImpl (MetricRegistriesImpl.java:lambda$create$1(61)) - First MetricRegistry has been created without registering reporters. You may need to call MetricRegistries.global().addReportRegistration(...) before.
2019-11-13 20:08:43,328 [RatisPipelineUtilsThread] INFO  pipeline.PipelineStateManager (PipelineStateManager.java:addPipeline(55)) - Created pipeline Pipeline[ Id: 6f8b0a9d-153e-4087-931d-08bf50f2a040, Nodes: 8446ee0c-69c2-4e02-91d0-278741efb561{ip: 192.168.34.38, host: pr-hdds-2469-rfsxc-843238572, networkLocation: /rack1, certSerialId: null}, Type:RATIS, Factor:ONE, State:ALLOCATED]
2019-11-13 20:08:43,333 [grpc-default-executor-11] INFO  impl.RaftServerProxy (RaftServerProxy.java:addNew(89)) - 167876bd-92c4-4c51-979b-51b12cb252bf: addNew group-164E92E95F0E:[167876bd-92c4-4c51-979b-51b12cb252bf:192.168.34.38:45159] returns group-164E92E95F0E:java.util.concurrent.CompletableFuture@75a825f3[Not completed]
2019-11-13 20:08:43,334 [pool-570-thread-1] INFO  impl.RaftServerImpl (RaftServerImpl.java:<init>(98)) - 167876bd-92c4-4c51-979b-51b12cb252bf: new RaftServerImpl for group-164E92E95F0E:[167876bd-92c4-4c51-979b-51b12cb252bf:192.168.34.38:45159] with ContainerStateMachine:uninitialized
2019-11-13 20:08:43,335 [pool-570-thread-1] INFO  server.RaftServerConfigKeys (ConfUtils.java:logGet(43)) - raft.server.rpc.timeout.min = 1s (custom)
2019-11-13 20:08:43,335 [pool-570-thread-1] INFO  server.RaftServerConfigKeys (ConfUtils.java:logGet(43)) - raft.server.rpc.timeout.max = 1200ms (custom)
2019-11-13 20:08:43,335 [pool-570-thread-1] INFO  server.RaftServerConfigKeys (ConfUtils.java:logGet(43)) - raft.server.rpcslowness.timeout = 120s (custom)
2019-11-13 20:08:43,335 [pool-570-thread-1] INFO  server.RaftServerConfigKeys (ConfUtils.java:logGet(43)) - raft.server.sleep.deviation.threshold = 300 (default)
2019-11-13 20:08:43,335 [pool-570-thread-1] INFO  server.RaftServerConfigKeys (ConfUtils.java:logGet(43)) - raft.server.log.appender.install.snapshot.enabled = false (custom)
2019-11-13 20:08:43,335 [pool-570-thread-1] INFO  impl.RaftServerImpl (ServerState.java:<init>(103)) - 167876bd-92c4-4c51-979b-51b12cb252bf@group-164E92E95F0E: ConfigurationManager, init=-1: [167876bd-92c4-4c51-979b-51b12cb252bf:192.168.34.38:45159], old=null, confs=<EMPTY_MAP>
2019-11-13 20:08:43,335 [pool-570-thread-1] INFO  server.RaftServerConfigKeys (ConfUtils.java:logGet(43)) - raft.server.storage.dir = [/workdir/hadoop-ozone/integration-test/target/test-dir/MiniOzoneClusterImpl-89214370-af8c-46c8-b403-f68b2ae7a3e8/datanode-6/data/ratis] (custom)
2019-11-13 20:08:43,336 [pool-570-thread-1] INFO  server.RaftServerConfigKeys (ConfUtils.java:logGet(43)) - raft.server.log.corruption.policy = EXCEPTION (default)
2019-11-13 20:08:43,336 [pool-570-thread-1] INFO  storage.RaftStorageDirectory (RaftStorageDirectory.java:analyzeStorage(246)) - The storage directory /workdir/hadoop-ozone/integration-test/target/test-dir/MiniOzoneClusterImpl-89214370-af8c-46c8-b403-f68b2ae7a3e8/datanode-6/data/ratis/03cce8bd-d539-415f-8ebb-164e92e95f0e does not exist. Creating ...
2019-11-13 20:08:43,349 [pool-570-thread-1] INFO  storage.RaftStorageDirectory (RaftStorageDirectory.java:tryLock(328)) - Lock on /workdir/hadoop-ozone/integration-test/target/test-dir/MiniOzoneClusterImpl-89214370-af8c-46c8-b403-f68b2ae7a3e8/datanode-6/data/ratis/03cce8bd-d539-415f-8ebb-164e92e95f0e/in_use.lock acquired by nodename 29866@pr-hdds-2469-rfsxc-843238572
2019-11-13 20:08:43,362 [IPC Server handler 8 on 42664] INFO  net.NetworkTopology (NetworkTopologyImpl.java:add(111)) - Added a new node: /rack1/2be136fa-895c-4486-93c9-d92ffb9d7f91
2019-11-13 20:08:43,362 [pool-570-thread-1] INFO  storage.RaftStorage (RaftStorage.java:format(84)) - Storage directory /workdir/hadoop-ozone/integration-test/target/test-dir/MiniOzoneClusterImpl-89214370-af8c-46c8-b403-f68b2ae7a3e8/datanode-6/data/ratis/03cce8bd-d539-415f-8ebb-164e92e95f0e has been successfully formatted.
2019-11-13 20:08:43,362 [IPC Server handler 8 on 42664] INFO  node.SCMNodeManager (SCMNodeManager.java:register(267)) - Registered Data node : 2be136fa-895c-4486-93c9-d92ffb9d7f91{ip: 192.168.34.38, host: pr-hdds-2469-rfsxc-843238572, networkLocation: /rack1, certSerialId: null}
2019-11-13 20:08:43,363 [pool-570-thread-1] INFO  ratis.ContainerStateMachine (ContainerStateMachine.java:loadSnapshot(223)) - group-164E92E95F0E: The snapshot info is null. Setting the last applied indexto:(t:0, i:~)
2019-11-13 20:08:43,363 [pool-570-thread-1] INFO  server.RaftServerConfigKeys (ConfUtils.java:logGet(43)) - raft.server.notification.no-leader.timeout = 120s (custom)
2019-11-13 20:08:43,363 [pool-570-thread-1] INFO  server.RaftServerConfigKeys (ConfUtils.java:logGet(43)) - raft.server.log.use.memory = false (default)
2019-11-13 20:08:43,363 [pool-570-thread-1] INFO  server.RaftServerConfigKeys (ConfUtils.java:logGet(43)) - raft.server.log.purge.gap = 1000000 (custom)
2019-11-13 20:08:43,363 [pool-570-thread-1] INFO  server.RaftServerConfigKeys (ConfUtils.java:logGet(43)) - raft.server.log.appender.buffer.byte-limit = 33554432 (custom)
2019-11-13 20:08:43,363 [pool-570-thread-1] INFO  server.RaftServerConfigKeys (ConfUtils.java:logGet(43)) - raft.server.log.segment.size.max = 1048576 (custom)
2019-11-13 20:08:43,363 [pool-570-thread-1] WARN  impl.MetricRegistriesImpl (MetricRegistriesImpl.java:lambda$create$1(61)) - First MetricRegistry has been created without registering reporters. You may need to call MetricRegistries.global().addReportRegistration(...) before.
2019-11-13 20:08:43,364 [pool-570-thread-1] INFO  server.RaftServerConfigKeys (ConfUtils.java:logGet(43)) - raft.server.log.segment.cache.num.max = 2 (custom)
2019-11-13 20:08:43,364 [pool-570-thread-1] INFO  segmented.SegmentedRaftLogWorker (SegmentedRaftLogWorker.java:<init>(173)) - new 167876bd-92c4-4c51-979b-51b12cb252bf@group-164E92E95F0E-SegmentedRaftLogWorker for RaftStorage:Storage Directory /workdir/hadoop-ozone/integration-test/target/test-dir/MiniOzoneClusterImpl-89214370-af8c-46c8-b403-f68b2ae7a3e8/datanode-6/data/ratis/03cce8bd-d539-415f-8ebb-164e92e95f0e
2019-11-13 20:08:43,364 [pool-570-thread-1] INFO  server.RaftServerConfigKeys (ConfUtils.java:logGet(43)) - raft.server.log.queue.byte-limit = 2147483647 (custom)
2019-11-13 20:08:43,364 [pool-570-thread-1] INFO  server.RaftServerConfigKeys (ConfUtils.java:logGet(43)) - raft.server.log.queue.element-limit = 1024 (custom)
2019-11-13 20:08:43,364 [pool-570-thread-1] INFO  server.RaftServerConfigKeys (ConfUtils.java:logGet(43)) - raft.server.log.segment.size.max = 1048576 (custom)
2019-11-13 20:08:43,364 [pool-570-thread-1] INFO  server.RaftServerConfigKeys (ConfUtils.java:logGet(43)) - raft.server.log.preallocated.size = 16384 (custom)
2019-11-13 20:08:43,364 [pool-570-thread-1] INFO  server.RaftServerConfigKeys (ConfUtils.java:logGet(43)) - raft.server.log.write.buffer.size = 33554432 (custom)
2019-11-13 20:08:43,364 [pool-570-thread-1] INFO  server.RaftServerConfigKeys (ConfUtils.java:logGet(43)) - raft.server.log.force.sync.num = 128 (default)
2019-11-13 20:08:43,364 [pool-570-thread-1] INFO  server.RaftServerConfigKeys (ConfUtils.java:logGet(43)) - raft.server.log.statemachine.data.sync = true (default)
2019-11-13 20:08:43,364 [pool-570-thread-1] INFO  server.RaftServerConfigKeys (ConfUtils.java:logGet(43)) - raft.server.log.statemachine.data.sync.timeout = 10s (default)
2019-11-13 20:08:43,365 [pool-570-thread-1] INFO  server.RaftServerConfigKeys (ConfUtils.java:logGet(43)) - raft.server.log.statemachine.data.sync.timeout.retry = -1 (default)
2019-11-13 20:08:43,365 [pool-570-thread-1] INFO  server.RaftServerConfigKeys (ConfUtils.java:logGet(43)) - raft.server.log.statemachine.data.caching.enabled = true (custom)
2019-11-13 20:08:43,365 [pool-570-thread-1] INFO  segmented.SegmentedRaftLogWorker (SegmentedRaftLogWorker.java:lambda$new$0(128)) - 167876bd-92c4-4c51-979b-51b12cb252bf@group-164E92E95F0E-SegmentedRaftLogWorker: flushIndex: setUnconditionally 0 -> -1
2019-11-13 20:08:43,365 [pool-570-thread-1] INFO  server.RaftServerConfigKeys (ConfUtils.java:logGet(43)) - raft.server.snapshot.auto.trigger.enabled = true (custom)
2019-11-13 20:08:43,365 [pool-570-thread-1] INFO  server.RaftServerConfigKeys (ConfUtils.java:logGet(43)) - raft.server.snapshot.auto.trigger.threshold = 10000 (custom)
2019-11-13 20:08:43,365 [pool-570-thread-1] INFO  server.RaftServerConfigKeys (ConfUtils.java:logGet(43)) - raft.server.snapshot.retention.file.num = 5 (custom)
2019-11-13 20:08:43,366 [pool-570-thread-1] INFO  server.RaftServerConfigKeys (ConfUtils.java:logGet(43)) - raft.server.retrycache.expirytime = 600000ms (custom)
2019-11-13 20:08:43,366 [pool-570-thread-1] WARN  impl.MetricRegistriesImpl (MetricRegistriesImpl.java:lambda$create$1(61)) - First MetricRegistry has been created without registering reporters. You may need to call MetricRegistries.global().addReportRegistration(...) before.
2019-11-13 20:08:43,366 [pool-570-thread-1] WARN  impl.MetricRegistriesImpl (MetricRegistriesImpl.java:lambda$create$1(61)) - First MetricRegistry has been created without registering reporters. You may need to call MetricRegistries.global().addReportRegistration(...) before.
2019-11-13 20:08:43,366 [pool-570-thread-1] INFO  impl.RaftServerImpl (RaftServerImpl.java:start(184)) - 167876bd-92c4-4c51-979b-51b12cb252bf@group-164E92E95F0E: start as a follower, conf=-1: [167876bd-92c4-4c51-979b-51b12cb252bf:192.168.34.38:45159], old=null
2019-11-13 20:08:43,366 [pool-570-thread-1] INFO  impl.RaftServerImpl (RaftServerImpl.java:setRole(173)) - 167876bd-92c4-4c51-979b-51b12cb252bf@group-164E92E95F0E: changes role from      null to FOLLOWER at term 0 for startAsFollower
2019-11-13 20:08:43,366 [pool-570-thread-1] INFO  impl.RoleInfo (RoleInfo.java:updateAndGet(143)) - 167876bd-92c4-4c51-979b-51b12cb252bf: start FollowerState
2019-11-13 20:08:43,366 [pool-570-thread-1] INFO  util.JmxRegister (JmxRegister.java:tryRegister(44)) - Successfully registered JMX Bean with object name Ratis:service=RaftServer,group=group-164E92E95F0E,id=167876bd-92c4-4c51-979b-51b12cb252bf
2019-11-13 20:08:43,367 [pool-570-thread-1] WARN  impl.MetricRegistriesImpl (MetricRegistriesImpl.java:lambda$create$1(61)) - First MetricRegistry has been created without registering reporters. You may need to call MetricRegistries.global().addReportRegistration(...) before.
2019-11-13 20:08:43,368 [RatisPipelineUtilsThread] INFO  pipeline.PipelineStateManager (PipelineStateManager.java:addPipeline(55)) - Created pipeline Pipeline[ Id: 03cce8bd-d539-415f-8ebb-164e92e95f0e, Nodes: 167876bd-92c4-4c51-979b-51b12cb252bf{ip: 192.168.34.38, host: pr-hdds-2469-rfsxc-843238572, networkLocation: /rack1, certSerialId: null}, Type:RATIS, Factor:ONE, State:ALLOCATED]
2019-11-13 20:08:43,373 [grpc-default-executor-11] INFO  impl.RaftServerProxy (RaftServerProxy.java:addNew(89)) - 2be136fa-895c-4486-93c9-d92ffb9d7f91: addNew group-6CE2857180B3:[2be136fa-895c-4486-93c9-d92ffb9d7f91:192.168.34.38:35833] returns group-6CE2857180B3:java.util.concurrent.CompletableFuture@efa37a0[Not completed]
2019-11-13 20:08:43,376 [pool-590-thread-1] INFO  impl.RaftServerImpl (RaftServerImpl.java:<init>(98)) - 2be136fa-895c-4486-93c9-d92ffb9d7f91: new RaftServerImpl for group-6CE2857180B3:[2be136fa-895c-4486-93c9-d92ffb9d7f91:192.168.34.38:35833] with ContainerStateMachine:uninitialized
2019-11-13 20:08:43,376 [pool-590-thread-1] INFO  server.RaftServerConfigKeys (ConfUtils.java:logGet(43)) - raft.server.rpc.timeout.min = 1s (custom)
2019-11-13 20:08:43,377 [pool-590-thread-1] INFO  server.RaftServerConfigKeys (ConfUtils.java:logGet(43)) - raft.server.rpc.timeout.max = 1200ms (custom)
2019-11-13 20:08:43,377 [pool-590-thread-1] INFO  server.RaftServerConfigKeys (ConfUtils.java:logGet(43)) - raft.server.rpcslowness.timeout = 120s (custom)
2019-11-13 20:08:43,377 [pool-590-thread-1] INFO  server.RaftServerConfigKeys (ConfUtils.java:logGet(43)) - raft.server.sleep.deviation.threshold = 300 (default)
2019-11-13 20:08:43,377 [pool-590-thread-1] INFO  server.RaftServerConfigKeys (ConfUtils.java:logGet(43)) - raft.server.log.appender.install.snapshot.enabled = false (custom)
2019-11-13 20:08:43,377 [pool-590-thread-1] INFO  impl.RaftServerImpl (ServerState.java:<init>(103)) - 2be136fa-895c-4486-93c9-d92ffb9d7f91@group-6CE2857180B3: ConfigurationManager, init=-1: [2be136fa-895c-4486-93c9-d92ffb9d7f91:192.168.34.38:35833], old=null, confs=<EMPTY_MAP>
2019-11-13 20:08:43,377 [pool-590-thread-1] INFO  server.RaftServerConfigKeys (ConfUtils.java:logGet(43)) - raft.server.storage.dir = [/workdir/hadoop-ozone/integration-test/target/test-dir/MiniOzoneClusterImpl-89214370-af8c-46c8-b403-f68b2ae7a3e8/datanode-8/data/ratis] (custom)
2019-11-13 20:08:43,377 [pool-590-thread-1] INFO  server.RaftServerConfigKeys (ConfUtils.java:logGet(43)) - raft.server.log.corruption.policy = EXCEPTION (default)
2019-11-13 20:08:43,377 [pool-590-thread-1] INFO  storage.RaftStorageDirectory (RaftStorageDirectory.java:analyzeStorage(246)) - The storage directory /workdir/hadoop-ozone/integration-test/target/test-dir/MiniOzoneClusterImpl-89214370-af8c-46c8-b403-f68b2ae7a3e8/datanode-8/data/ratis/0027a22f-779f-4529-9126-6ce2857180b3 does not exist. Creating ...
2019-11-13 20:08:43,390 [pool-590-thread-1] INFO  storage.RaftStorageDirectory (RaftStorageDirectory.java:tryLock(328)) - Lock on /workdir/hadoop-ozone/integration-test/target/test-dir/MiniOzoneClusterImpl-89214370-af8c-46c8-b403-f68b2ae7a3e8/datanode-8/data/ratis/0027a22f-779f-4529-9126-6ce2857180b3/in_use.lock acquired by nodename 29866@pr-hdds-2469-rfsxc-843238572
2019-11-13 20:08:43,403 [pool-590-thread-1] INFO  storage.RaftStorage (RaftStorage.java:format(84)) - Storage directory /workdir/hadoop-ozone/integration-test/target/test-dir/MiniOzoneClusterImpl-89214370-af8c-46c8-b403-f68b2ae7a3e8/datanode-8/data/ratis/0027a22f-779f-4529-9126-6ce2857180b3 has been successfully formatted.
2019-11-13 20:08:43,403 [pool-590-thread-1] INFO  ratis.ContainerStateMachine (ContainerStateMachine.java:loadSnapshot(223)) - group-6CE2857180B3: The snapshot info is null. Setting the last applied indexto:(t:0, i:~)
2019-11-13 20:08:43,403 [pool-590-thread-1] INFO  server.RaftServerConfigKeys (ConfUtils.java:logGet(43)) - raft.server.notification.no-leader.timeout = 120s (custom)
2019-11-13 20:08:43,403 [pool-590-thread-1] INFO  server.RaftServerConfigKeys (ConfUtils.java:logGet(43)) - raft.server.log.use.memory = false (default)
2019-11-13 20:08:43,404 [pool-590-thread-1] INFO  server.RaftServerConfigKeys (ConfUtils.java:logGet(43)) - raft.server.log.purge.gap = 1000000 (custom)
2019-11-13 20:08:43,404 [pool-590-thread-1] INFO  server.RaftServerConfigKeys (ConfUtils.java:logGet(43)) - raft.server.log.appender.buffer.byte-limit = 33554432 (custom)
2019-11-13 20:08:43,404 [pool-590-thread-1] INFO  server.RaftServerConfigKeys (ConfUtils.java:logGet(43)) - raft.server.log.segment.size.max = 1048576 (custom)
2019-11-13 20:08:43,404 [pool-590-thread-1] WARN  impl.MetricRegistriesImpl (MetricRegistriesImpl.java:lambda$create$1(61)) - First MetricRegistry has been created without registering reporters. You may need to call MetricRegistries.global().addReportRegistration(...) before.
2019-11-13 20:08:43,404 [pool-590-thread-1] INFO  server.RaftServerConfigKeys (ConfUtils.java:logGet(43)) - raft.server.log.segment.cache.num.max = 2 (custom)
2019-11-13 20:08:43,404 [pool-590-thread-1] INFO  segmented.SegmentedRaftLogWorker (SegmentedRaftLogWorker.java:<init>(173)) - new 2be136fa-895c-4486-93c9-d92ffb9d7f91@group-6CE2857180B3-SegmentedRaftLogWorker for RaftStorage:Storage Directory /workdir/hadoop-ozone/integration-test/target/test-dir/MiniOzoneClusterImpl-89214370-af8c-46c8-b403-f68b2ae7a3e8/datanode-8/data/ratis/0027a22f-779f-4529-9126-6ce2857180b3
2019-11-13 20:08:43,404 [pool-590-thread-1] INFO  server.RaftServerConfigKeys (ConfUtils.java:logGet(43)) - raft.server.log.queue.byte-limit = 2147483647 (custom)
2019-11-13 20:08:43,404 [pool-590-thread-1] INFO  server.RaftServerConfigKeys (ConfUtils.java:logGet(43)) - raft.server.log.queue.element-limit = 1024 (custom)
2019-11-13 20:08:43,404 [pool-590-thread-1] INFO  server.RaftServerConfigKeys (ConfUtils.java:logGet(43)) - raft.server.log.segment.size.max = 1048576 (custom)
2019-11-13 20:08:43,404 [pool-590-thread-1] INFO  server.RaftServerConfigKeys (ConfUtils.java:logGet(43)) - raft.server.log.preallocated.size = 16384 (custom)
2019-11-13 20:08:43,404 [pool-590-thread-1] INFO  server.RaftServerConfigKeys (ConfUtils.java:logGet(43)) - raft.server.log.write.buffer.size = 33554432 (custom)
2019-11-13 20:08:43,404 [pool-590-thread-1] INFO  server.RaftServerConfigKeys (ConfUtils.java:logGet(43)) - raft.server.log.force.sync.num = 128 (default)
2019-11-13 20:08:43,405 [pool-590-thread-1] INFO  server.RaftServerConfigKeys (ConfUtils.java:logGet(43)) - raft.server.log.statemachine.data.sync = true (default)
2019-11-13 20:08:43,405 [pool-590-thread-1] INFO  server.RaftServerConfigKeys (ConfUtils.java:logGet(43)) - raft.server.log.statemachine.data.sync.timeout = 10s (default)
2019-11-13 20:08:43,405 [pool-590-thread-1] INFO  server.RaftServerConfigKeys (ConfUtils.java:logGet(43)) - raft.server.log.statemachine.data.sync.timeout.retry = -1 (default)
2019-11-13 20:08:43,405 [pool-590-thread-1] INFO  server.RaftServerConfigKeys (ConfUtils.java:logGet(43)) - raft.server.log.statemachine.data.caching.enabled = true (custom)
2019-11-13 20:08:43,405 [pool-590-thread-1] INFO  segmented.SegmentedRaftLogWorker (SegmentedRaftLogWorker.java:lambda$new$0(128)) - 2be136fa-895c-4486-93c9-d92ffb9d7f91@group-6CE2857180B3-SegmentedRaftLogWorker: flushIndex: setUnconditionally 0 -> -1
2019-11-13 20:08:43,405 [pool-590-thread-1] INFO  server.RaftServerConfigKeys (ConfUtils.java:logGet(43)) - raft.server.snapshot.auto.trigger.enabled = true (custom)
2019-11-13 20:08:43,405 [pool-590-thread-1] INFO  server.RaftServerConfigKeys (ConfUtils.java:logGet(43)) - raft.server.snapshot.auto.trigger.threshold = 10000 (custom)
2019-11-13 20:08:43,405 [pool-590-thread-1] INFO  server.RaftServerConfigKeys (ConfUtils.java:logGet(43)) - raft.server.snapshot.retention.file.num = 5 (custom)
2019-11-13 20:08:43,405 [pool-590-thread-1] INFO  server.RaftServerConfigKeys (ConfUtils.java:logGet(43)) - raft.server.retrycache.expirytime = 600000ms (custom)
2019-11-13 20:08:43,406 [pool-590-thread-1] WARN  impl.MetricRegistriesImpl (MetricRegistriesImpl.java:lambda$create$1(61)) - First MetricRegistry has been created without registering reporters. You may need to call MetricRegistries.global().addReportRegistration(...) before.
2019-11-13 20:08:43,406 [pool-590-thread-1] WARN  impl.MetricRegistriesImpl (MetricRegistriesImpl.java:lambda$create$1(61)) - First MetricRegistry has been created without registering reporters. You may need to call MetricRegistries.global().addReportRegistration(...) before.
2019-11-13 20:08:43,406 [pool-590-thread-1] INFO  impl.RaftServerImpl (RaftServerImpl.java:start(184)) - 2be136fa-895c-4486-93c9-d92ffb9d7f91@group-6CE2857180B3: start as a follower, conf=-1: [2be136fa-895c-4486-93c9-d92ffb9d7f91:192.168.34.38:35833], old=null
2019-11-13 20:08:43,406 [pool-590-thread-1] INFO  impl.RaftServerImpl (RaftServerImpl.java:setRole(173)) - 2be136fa-895c-4486-93c9-d92ffb9d7f91@group-6CE2857180B3: changes role from      null to FOLLOWER at term 0 for startAsFollower
2019-11-13 20:08:43,406 [pool-590-thread-1] INFO  impl.RoleInfo (RoleInfo.java:updateAndGet(143)) - 2be136fa-895c-4486-93c9-d92ffb9d7f91: start FollowerState
2019-11-13 20:08:43,406 [pool-590-thread-1] INFO  util.JmxRegister (JmxRegister.java:tryRegister(44)) - Successfully registered JMX Bean with object name Ratis:service=RaftServer,group=group-6CE2857180B3,id=2be136fa-895c-4486-93c9-d92ffb9d7f91
2019-11-13 20:08:43,406 [pool-590-thread-1] WARN  impl.MetricRegistriesImpl (MetricRegistriesImpl.java:lambda$create$1(61)) - First MetricRegistry has been created without registering reporters. You may need to call MetricRegistries.global().addReportRegistration(...) before.
2019-11-13 20:08:43,408 [RatisPipelineUtilsThread] INFO  pipeline.PipelineStateManager (PipelineStateManager.java:addPipeline(55)) - Created pipeline Pipeline[ Id: 0027a22f-779f-4529-9126-6ce2857180b3, Nodes: 2be136fa-895c-4486-93c9-d92ffb9d7f91{ip: 192.168.34.38, host: pr-hdds-2469-rfsxc-843238572, networkLocation: /rack1, certSerialId: null}, Type:RATIS, Factor:ONE, State:ALLOCATED]
2019-11-13 20:08:43,418 [grpc-default-executor-7] INFO  impl.RaftServerProxy (RaftServerProxy.java:addNew(89)) - 2be136fa-895c-4486-93c9-d92ffb9d7f91: addNew group-7FA8BB7384C7:[2be136fa-895c-4486-93c9-d92ffb9d7f91:192.168.34.38:35833, 8446ee0c-69c2-4e02-91d0-278741efb561:192.168.34.38:38186, 167876bd-92c4-4c51-979b-51b12cb252bf:192.168.34.38:45159] returns group-7FA8BB7384C7:java.util.concurrent.CompletableFuture@1cfc177e[Not completed]
2019-11-13 20:08:43,418 [grpc-default-executor-11] INFO  impl.RaftServerProxy (RaftServerProxy.java:addNew(89)) - 8446ee0c-69c2-4e02-91d0-278741efb561: addNew group-7FA8BB7384C7:[2be136fa-895c-4486-93c9-d92ffb9d7f91:192.168.34.38:35833, 8446ee0c-69c2-4e02-91d0-278741efb561:192.168.34.38:38186, 167876bd-92c4-4c51-979b-51b12cb252bf:192.168.34.38:45159] returns group-7FA8BB7384C7:java.util.concurrent.CompletableFuture@7074ac99[Not completed]
2019-11-13 20:08:43,418 [grpc-default-executor-13] INFO  impl.RaftServerProxy (RaftServerProxy.java:addNew(89)) - 167876bd-92c4-4c51-979b-51b12cb252bf: addNew group-7FA8BB7384C7:[2be136fa-895c-4486-93c9-d92ffb9d7f91:192.168.34.38:35833, 8446ee0c-69c2-4e02-91d0-278741efb561:192.168.34.38:38186, 167876bd-92c4-4c51-979b-51b12cb252bf:192.168.34.38:45159] returns group-7FA8BB7384C7:java.util.concurrent.CompletableFuture@40c549ae[Not completed]
2019-11-13 20:08:43,419 [pool-590-thread-1] INFO  impl.RaftServerImpl (RaftServerImpl.java:<init>(98)) - 2be136fa-895c-4486-93c9-d92ffb9d7f91: new RaftServerImpl for group-7FA8BB7384C7:[2be136fa-895c-4486-93c9-d92ffb9d7f91:192.168.34.38:35833, 8446ee0c-69c2-4e02-91d0-278741efb561:192.168.34.38:38186, 167876bd-92c4-4c51-979b-51b12cb252bf:192.168.34.38:45159] with ContainerStateMachine:uninitialized
2019-11-13 20:08:43,419 [pool-590-thread-1] INFO  server.RaftServerConfigKeys (ConfUtils.java:logGet(43)) - raft.server.rpc.timeout.min = 1s (custom)
2019-11-13 20:08:43,419 [pool-590-thread-1] INFO  server.RaftServerConfigKeys (ConfUtils.java:logGet(43)) - raft.server.rpc.timeout.max = 1200ms (custom)
2019-11-13 20:08:43,419 [pool-590-thread-1] INFO  server.RaftServerConfigKeys (ConfUtils.java:logGet(43)) - raft.server.rpcslowness.timeout = 120s (custom)
2019-11-13 20:08:43,419 [pool-590-thread-1] INFO  server.RaftServerConfigKeys (ConfUtils.java:logGet(43)) - raft.server.sleep.deviation.threshold = 300 (default)
2019-11-13 20:08:43,419 [pool-590-thread-1] INFO  server.RaftServerConfigKeys (ConfUtils.java:logGet(43)) - raft.server.log.appender.install.snapshot.enabled = false (custom)
2019-11-13 20:08:43,419 [pool-590-thread-1] INFO  impl.RaftServerImpl (ServerState.java:<init>(103)) - 2be136fa-895c-4486-93c9-d92ffb9d7f91@group-7FA8BB7384C7: ConfigurationManager, init=-1: [2be136fa-895c-4486-93c9-d92ffb9d7f91:192.168.34.38:35833, 8446ee0c-69c2-4e02-91d0-278741efb561:192.168.34.38:38186, 167876bd-92c4-4c51-979b-51b12cb252bf:192.168.34.38:45159], old=null, confs=<EMPTY_MAP>
2019-11-13 20:08:43,419 [pool-590-thread-1] INFO  server.RaftServerConfigKeys (ConfUtils.java:logGet(43)) - raft.server.storage.dir = [/workdir/hadoop-ozone/integration-test/target/test-dir/MiniOzoneClusterImpl-89214370-af8c-46c8-b403-f68b2ae7a3e8/datanode-8/data/ratis] (custom)
2019-11-13 20:08:43,420 [pool-580-thread-1] INFO  impl.RaftServerImpl (RaftServerImpl.java:<init>(98)) - 8446ee0c-69c2-4e02-91d0-278741efb561: new RaftServerImpl for group-7FA8BB7384C7:[2be136fa-895c-4486-93c9-d92ffb9d7f91:192.168.34.38:35833, 8446ee0c-69c2-4e02-91d0-278741efb561:192.168.34.38:38186, 167876bd-92c4-4c51-979b-51b12cb252bf:192.168.34.38:45159] with ContainerStateMachine:uninitialized
2019-11-13 20:08:43,420 [pool-590-thread-1] INFO  server.RaftServerConfigKeys (ConfUtils.java:logGet(43)) - raft.server.log.corruption.policy = EXCEPTION (default)
2019-11-13 20:08:43,420 [pool-580-thread-1] INFO  server.RaftServerConfigKeys (ConfUtils.java:logGet(43)) - raft.server.rpc.timeout.min = 1s (custom)
2019-11-13 20:08:43,420 [pool-590-thread-1] INFO  storage.RaftStorageDirectory (RaftStorageDirectory.java:analyzeStorage(246)) - The storage directory /workdir/hadoop-ozone/integration-test/target/test-dir/MiniOzoneClusterImpl-89214370-af8c-46c8-b403-f68b2ae7a3e8/datanode-8/data/ratis/26fbe226-d65f-48f0-8064-7fa8bb7384c7 does not exist. Creating ...
2019-11-13 20:08:43,420 [pool-570-thread-1] INFO  impl.RaftServerImpl (RaftServerImpl.java:<init>(98)) - 167876bd-92c4-4c51-979b-51b12cb252bf: new RaftServerImpl for group-7FA8BB7384C7:[2be136fa-895c-4486-93c9-d92ffb9d7f91:192.168.34.38:35833, 8446ee0c-69c2-4e02-91d0-278741efb561:192.168.34.38:38186, 167876bd-92c4-4c51-979b-51b12cb252bf:192.168.34.38:45159] with ContainerStateMachine:uninitialized
2019-11-13 20:08:43,420 [pool-580-thread-1] INFO  server.RaftServerConfigKeys (ConfUtils.java:logGet(43)) - raft.server.rpc.timeout.max = 1200ms (custom)
2019-11-13 20:08:43,420 [pool-570-thread-1] INFO  server.RaftServerConfigKeys (ConfUtils.java:logGet(43)) - raft.server.rpc.timeout.min = 1s (custom)
2019-11-13 20:08:43,420 [pool-580-thread-1] INFO  server.RaftServerConfigKeys (ConfUtils.java:logGet(43)) - raft.server.rpcslowness.timeout = 120s (custom)
2019-11-13 20:08:43,420 [pool-570-thread-1] INFO  server.RaftServerConfigKeys (ConfUtils.java:logGet(43)) - raft.server.rpc.timeout.max = 1200ms (custom)
2019-11-13 20:08:43,421 [pool-580-thread-1] INFO  server.RaftServerConfigKeys (ConfUtils.java:logGet(43)) - raft.server.sleep.deviation.threshold = 300 (default)
2019-11-13 20:08:43,421 [pool-570-thread-1] INFO  server.RaftServerConfigKeys (ConfUtils.java:logGet(43)) - raft.server.rpcslowness.timeout = 120s (custom)
2019-11-13 20:08:43,421 [pool-580-thread-1] INFO  server.RaftServerConfigKeys (ConfUtils.java:logGet(43)) - raft.server.log.appender.install.snapshot.enabled = false (custom)
2019-11-13 20:08:43,421 [pool-570-thread-1] INFO  server.RaftServerConfigKeys (ConfUtils.java:logGet(43)) - raft.server.sleep.deviation.threshold = 300 (default)
2019-11-13 20:08:43,421 [pool-580-thread-1] INFO  impl.RaftServerImpl (ServerState.java:<init>(103)) - 8446ee0c-69c2-4e02-91d0-278741efb561@group-7FA8BB7384C7: ConfigurationManager, init=-1: [2be136fa-895c-4486-93c9-d92ffb9d7f91:192.168.34.38:35833, 8446ee0c-69c2-4e02-91d0-278741efb561:192.168.34.38:38186, 167876bd-92c4-4c51-979b-51b12cb252bf:192.168.34.38:45159], old=null, confs=<EMPTY_MAP>
2019-11-13 20:08:43,421 [pool-570-thread-1] INFO  server.RaftServerConfigKeys (ConfUtils.java:logGet(43)) - raft.server.log.appender.install.snapshot.enabled = false (custom)
2019-11-13 20:08:43,421 [pool-580-thread-1] INFO  server.RaftServerConfigKeys (ConfUtils.java:logGet(43)) - raft.server.storage.dir = [/workdir/hadoop-ozone/integration-test/target/test-dir/MiniOzoneClusterImpl-89214370-af8c-46c8-b403-f68b2ae7a3e8/datanode-7/data/ratis] (custom)
2019-11-13 20:08:43,421 [pool-570-thread-1] INFO  impl.RaftServerImpl (ServerState.java:<init>(103)) - 167876bd-92c4-4c51-979b-51b12cb252bf@group-7FA8BB7384C7: ConfigurationManager, init=-1: [2be136fa-895c-4486-93c9-d92ffb9d7f91:192.168.34.38:35833, 8446ee0c-69c2-4e02-91d0-278741efb561:192.168.34.38:38186, 167876bd-92c4-4c51-979b-51b12cb252bf:192.168.34.38:45159], old=null, confs=<EMPTY_MAP>
2019-11-13 20:08:43,421 [pool-580-thread-1] INFO  server.RaftServerConfigKeys (ConfUtils.java:logGet(43)) - raft.server.log.corruption.policy = EXCEPTION (default)
2019-11-13 20:08:43,421 [pool-570-thread-1] INFO  server.RaftServerConfigKeys (ConfUtils.java:logGet(43)) - raft.server.storage.dir = [/workdir/hadoop-ozone/integration-test/target/test-dir/MiniOzoneClusterImpl-89214370-af8c-46c8-b403-f68b2ae7a3e8/datanode-6/data/ratis] (custom)
2019-11-13 20:08:43,422 [pool-580-thread-1] INFO  storage.RaftStorageDirectory (RaftStorageDirectory.java:analyzeStorage(246)) - The storage directory /workdir/hadoop-ozone/integration-test/target/test-dir/MiniOzoneClusterImpl-89214370-af8c-46c8-b403-f68b2ae7a3e8/datanode-7/data/ratis/26fbe226-d65f-48f0-8064-7fa8bb7384c7 does not exist. Creating ...
2019-11-13 20:08:43,422 [pool-570-thread-1] INFO  server.RaftServerConfigKeys (ConfUtils.java:logGet(43)) - raft.server.log.corruption.policy = EXCEPTION (default)
2019-11-13 20:08:43,422 [pool-570-thread-1] INFO  storage.RaftStorageDirectory (RaftStorageDirectory.java:analyzeStorage(246)) - The storage directory /workdir/hadoop-ozone/integration-test/target/test-dir/MiniOzoneClusterImpl-89214370-af8c-46c8-b403-f68b2ae7a3e8/datanode-6/data/ratis/26fbe226-d65f-48f0-8064-7fa8bb7384c7 does not exist. Creating ...
2019-11-13 20:08:43,423 [IPC Server handler 9 on 42664] INFO  net.NetworkTopology (NetworkTopologyImpl.java:add(111)) - Added a new node: /rack1/7ba2007b-7453-4993-98f1-4fc841af859b
2019-11-13 20:08:43,423 [IPC Server handler 9 on 42664] INFO  node.SCMNodeManager (SCMNodeManager.java:register(267)) - Registered Data node : 7ba2007b-7453-4993-98f1-4fc841af859b{ip: 192.168.34.38, host: pr-hdds-2469-rfsxc-843238572, networkLocation: /rack1, certSerialId: null}
2019-11-13 20:08:43,433 [pool-570-thread-1] INFO  storage.RaftStorageDirectory (RaftStorageDirectory.java:tryLock(328)) - Lock on /workdir/hadoop-ozone/integration-test/target/test-dir/MiniOzoneClusterImpl-89214370-af8c-46c8-b403-f68b2ae7a3e8/datanode-6/data/ratis/26fbe226-d65f-48f0-8064-7fa8bb7384c7/in_use.lock acquired by nodename 29866@pr-hdds-2469-rfsxc-843238572
2019-11-13 20:08:43,433 [pool-580-thread-1] INFO  storage.RaftStorageDirectory (RaftStorageDirectory.java:tryLock(328)) - Lock on /workdir/hadoop-ozone/integration-test/target/test-dir/MiniOzoneClusterImpl-89214370-af8c-46c8-b403-f68b2ae7a3e8/datanode-7/data/ratis/26fbe226-d65f-48f0-8064-7fa8bb7384c7/in_use.lock acquired by nodename 29866@pr-hdds-2469-rfsxc-843238572
2019-11-13 20:08:43,433 [pool-590-thread-1] INFO  storage.RaftStorageDirectory (RaftStorageDirectory.java:tryLock(328)) - Lock on /workdir/hadoop-ozone/integration-test/target/test-dir/MiniOzoneClusterImpl-89214370-af8c-46c8-b403-f68b2ae7a3e8/datanode-8/data/ratis/26fbe226-d65f-48f0-8064-7fa8bb7384c7/in_use.lock acquired by nodename 29866@pr-hdds-2469-rfsxc-843238572
2019-11-13 20:08:43,446 [pool-570-thread-1] INFO  storage.RaftStorage (RaftStorage.java:format(84)) - Storage directory /workdir/hadoop-ozone/integration-test/target/test-dir/MiniOzoneClusterImpl-89214370-af8c-46c8-b403-f68b2ae7a3e8/datanode-6/data/ratis/26fbe226-d65f-48f0-8064-7fa8bb7384c7 has been successfully formatted.
2019-11-13 20:08:43,446 [pool-580-thread-1] INFO  storage.RaftStorage (RaftStorage.java:format(84)) - Storage directory /workdir/hadoop-ozone/integration-test/target/test-dir/MiniOzoneClusterImpl-89214370-af8c-46c8-b403-f68b2ae7a3e8/datanode-7/data/ratis/26fbe226-d65f-48f0-8064-7fa8bb7384c7 has been successfully formatted.
2019-11-13 20:08:43,446 [pool-590-thread-1] INFO  storage.RaftStorage (RaftStorage.java:format(84)) - Storage directory /workdir/hadoop-ozone/integration-test/target/test-dir/MiniOzoneClusterImpl-89214370-af8c-46c8-b403-f68b2ae7a3e8/datanode-8/data/ratis/26fbe226-d65f-48f0-8064-7fa8bb7384c7 has been successfully formatted.
2019-11-13 20:08:43,447 [pool-580-thread-1] INFO  ratis.ContainerStateMachine (ContainerStateMachine.java:loadSnapshot(223)) - group-7FA8BB7384C7: The snapshot info is null. Setting the last applied indexto:(t:0, i:~)
2019-11-13 20:08:43,447 [pool-570-thread-1] INFO  ratis.ContainerStateMachine (ContainerStateMachine.java:loadSnapshot(223)) - group-7FA8BB7384C7: The snapshot info is null. Setting the last applied indexto:(t:0, i:~)
2019-11-13 20:08:43,447 [pool-580-thread-1] INFO  server.RaftServerConfigKeys (ConfUtils.java:logGet(43)) - raft.server.notification.no-leader.timeout = 120s (custom)
2019-11-13 20:08:43,447 [pool-590-thread-1] INFO  ratis.ContainerStateMachine (ContainerStateMachine.java:loadSnapshot(223)) - group-7FA8BB7384C7: The snapshot info is null. Setting the last applied indexto:(t:0, i:~)
2019-11-13 20:08:43,447 [pool-580-thread-1] INFO  server.RaftServerConfigKeys (ConfUtils.java:logGet(43)) - raft.server.log.use.memory = false (default)
2019-11-13 20:08:43,447 [pool-570-thread-1] INFO  server.RaftServerConfigKeys (ConfUtils.java:logGet(43)) - raft.server.notification.no-leader.timeout = 120s (custom)
2019-11-13 20:08:43,447 [pool-580-thread-1] INFO  server.RaftServerConfigKeys (ConfUtils.java:logGet(43)) - raft.server.log.purge.gap = 1000000 (custom)
2019-11-13 20:08:43,447 [pool-590-thread-1] INFO  server.RaftServerConfigKeys (ConfUtils.java:logGet(43)) - raft.server.notification.no-leader.timeout = 120s (custom)
2019-11-13 20:08:43,447 [pool-580-thread-1] INFO  server.RaftServerConfigKeys (ConfUtils.java:logGet(43)) - raft.server.log.appender.buffer.byte-limit = 33554432 (custom)
2019-11-13 20:08:43,447 [pool-570-thread-1] INFO  server.RaftServerConfigKeys (ConfUtils.java:logGet(43)) - raft.server.log.use.memory = false (default)
2019-11-13 20:08:43,448 [pool-580-thread-1] INFO  server.RaftServerConfigKeys (ConfUtils.java:logGet(43)) - raft.server.log.segment.size.max = 1048576 (custom)
2019-11-13 20:08:43,448 [pool-590-thread-1] INFO  server.RaftServerConfigKeys (ConfUtils.java:logGet(43)) - raft.server.log.use.memory = false (default)
2019-11-13 20:08:43,448 [pool-580-thread-1] INFO  server.RaftServerConfigKeys (ConfUtils.java:logGet(43)) - raft.server.log.segment.cache.num.max = 2 (custom)
2019-11-13 20:08:43,448 [pool-580-thread-1] INFO  segmented.SegmentedRaftLogWorker (SegmentedRaftLogWorker.java:<init>(173)) - new 8446ee0c-69c2-4e02-91d0-278741efb561@group-7FA8BB7384C7-SegmentedRaftLogWorker for RaftStorage:Storage Directory /workdir/hadoop-ozone/integration-test/target/test-dir/MiniOzoneClusterImpl-89214370-af8c-46c8-b403-f68b2ae7a3e8/datanode-7/data/ratis/26fbe226-d65f-48f0-8064-7fa8bb7384c7
2019-11-13 20:08:43,448 [pool-570-thread-1] INFO  server.RaftServerConfigKeys (ConfUtils.java:logGet(43)) - raft.server.log.purge.gap = 1000000 (custom)
2019-11-13 20:08:43,448 [pool-580-thread-1] INFO  server.RaftServerConfigKeys (ConfUtils.java:logGet(43)) - raft.server.log.queue.byte-limit = 2147483647 (custom)
2019-11-13 20:08:43,448 [pool-580-thread-1] INFO  server.RaftServerConfigKeys (ConfUtils.java:logGet(43)) - raft.server.log.queue.element-limit = 1024 (custom)
2019-11-13 20:08:43,448 [pool-590-thread-1] INFO  server.RaftServerConfigKeys (ConfUtils.java:logGet(43)) - raft.server.log.purge.gap = 1000000 (custom)
2019-11-13 20:08:43,448 [pool-580-thread-1] INFO  server.RaftServerConfigKeys (ConfUtils.java:logGet(43)) - raft.server.log.segment.size.max = 1048576 (custom)
2019-11-13 20:08:43,448 [pool-570-thread-1] INFO  server.RaftServerConfigKeys (ConfUtils.java:logGet(43)) - raft.server.log.appender.buffer.byte-limit = 33554432 (custom)
2019-11-13 20:08:43,449 [pool-580-thread-1] INFO  server.RaftServerConfigKeys (ConfUtils.java:logGet(43)) - raft.server.log.preallocated.size = 16384 (custom)
2019-11-13 20:08:43,449 [pool-590-thread-1] INFO  server.RaftServerConfigKeys (ConfUtils.java:logGet(43)) - raft.server.log.appender.buffer.byte-limit = 33554432 (custom)
2019-11-13 20:08:43,449 [pool-580-thread-1] INFO  server.RaftServerConfigKeys (ConfUtils.java:logGet(43)) - raft.server.log.write.buffer.size = 33554432 (custom)
2019-11-13 20:08:43,449 [pool-570-thread-1] INFO  server.RaftServerConfigKeys (ConfUtils.java:logGet(43)) - raft.server.log.segment.size.max = 1048576 (custom)
2019-11-13 20:08:43,449 [pool-580-thread-1] INFO  server.RaftServerConfigKeys (ConfUtils.java:logGet(43)) - raft.server.log.force.sync.num = 128 (default)
2019-11-13 20:08:43,449 [pool-590-thread-1] INFO  server.RaftServerConfigKeys (ConfUtils.java:logGet(43)) - raft.server.log.segment.size.max = 1048576 (custom)
2019-11-13 20:08:43,449 [pool-580-thread-1] INFO  server.RaftServerConfigKeys (ConfUtils.java:logGet(43)) - raft.server.log.statemachine.data.sync = true (default)
2019-11-13 20:08:43,449 [pool-570-thread-1] INFO  server.RaftServerConfigKeys (ConfUtils.java:logGet(43)) - raft.server.log.segment.cache.num.max = 2 (custom)
2019-11-13 20:08:43,449 [pool-580-thread-1] INFO  server.RaftServerConfigKeys (ConfUtils.java:logGet(43)) - raft.server.log.statemachine.data.sync.timeout = 10s (default)
2019-11-13 20:08:43,449 [pool-590-thread-1] INFO  server.RaftServerConfigKeys (ConfUtils.java:logGet(43)) - raft.server.log.segment.cache.num.max = 2 (custom)
2019-11-13 20:08:43,450 [pool-580-thread-1] INFO  server.RaftServerConfigKeys (ConfUtils.java:logGet(43)) - raft.server.log.statemachine.data.sync.timeout.retry = -1 (default)
2019-11-13 20:08:43,450 [pool-570-thread-1] INFO  segmented.SegmentedRaftLogWorker (SegmentedRaftLogWorker.java:<init>(173)) - new 167876bd-92c4-4c51-979b-51b12cb252bf@group-7FA8BB7384C7-SegmentedRaftLogWorker for RaftStorage:Storage Directory /workdir/hadoop-ozone/integration-test/target/test-dir/MiniOzoneClusterImpl-89214370-af8c-46c8-b403-f68b2ae7a3e8/datanode-6/data/ratis/26fbe226-d65f-48f0-8064-7fa8bb7384c7
2019-11-13 20:08:43,450 [pool-590-thread-1] INFO  segmented.SegmentedRaftLogWorker (SegmentedRaftLogWorker.java:<init>(173)) - new 2be136fa-895c-4486-93c9-d92ffb9d7f91@group-7FA8BB7384C7-SegmentedRaftLogWorker for RaftStorage:Storage Directory /workdir/hadoop-ozone/integration-test/target/test-dir/MiniOzoneClusterImpl-89214370-af8c-46c8-b403-f68b2ae7a3e8/datanode-8/data/ratis/26fbe226-d65f-48f0-8064-7fa8bb7384c7
2019-11-13 20:08:43,450 [pool-580-thread-1] INFO  server.RaftServerConfigKeys (ConfUtils.java:logGet(43)) - raft.server.log.statemachine.data.caching.enabled = true (custom)
2019-11-13 20:08:43,450 [pool-570-thread-1] INFO  server.RaftServerConfigKeys (ConfUtils.java:logGet(43)) - raft.server.log.queue.byte-limit = 2147483647 (custom)
2019-11-13 20:08:43,450 [pool-590-thread-1] INFO  server.RaftServerConfigKeys (ConfUtils.java:logGet(43)) - raft.server.log.queue.byte-limit = 2147483647 (custom)
2019-11-13 20:08:43,450 [pool-570-thread-1] INFO  server.RaftServerConfigKeys (ConfUtils.java:logGet(43)) - raft.server.log.queue.element-limit = 1024 (custom)
2019-11-13 20:08:43,450 [pool-580-thread-1] INFO  segmented.SegmentedRaftLogWorker (SegmentedRaftLogWorker.java:lambda$new$0(128)) - 8446ee0c-69c2-4e02-91d0-278741efb561@group-7FA8BB7384C7-SegmentedRaftLogWorker: flushIndex: setUnconditionally 0 -> -1
2019-11-13 20:08:43,450 [pool-590-thread-1] INFO  server.RaftServerConfigKeys (ConfUtils.java:logGet(43)) - raft.server.log.queue.element-limit = 1024 (custom)
2019-11-13 20:08:43,450 [pool-570-thread-1] INFO  server.RaftServerConfigKeys (ConfUtils.java:logGet(43)) - raft.server.log.segment.size.max = 1048576 (custom)
2019-11-13 20:08:43,450 [pool-590-thread-1] INFO  server.RaftServerConfigKeys (ConfUtils.java:logGet(43)) - raft.server.log.segment.size.max = 1048576 (custom)
2019-11-13 20:08:43,451 [pool-580-thread-1] INFO  server.RaftServerConfigKeys (ConfUtils.java:logGet(43)) - raft.server.snapshot.auto.trigger.enabled = true (custom)
2019-11-13 20:08:43,450 [pool-570-thread-1] INFO  server.RaftServerConfigKeys (ConfUtils.java:logGet(43)) - raft.server.log.preallocated.size = 16384 (custom)
2019-11-13 20:08:43,451 [pool-580-thread-1] INFO  server.RaftServerConfigKeys (ConfUtils.java:logGet(43)) - raft.server.snapshot.auto.trigger.threshold = 10000 (custom)
2019-11-13 20:08:43,451 [pool-590-thread-1] INFO  server.RaftServerConfigKeys (ConfUtils.java:logGet(43)) - raft.server.log.preallocated.size = 16384 (custom)
2019-11-13 20:08:43,451 [pool-580-thread-1] INFO  server.RaftServerConfigKeys (ConfUtils.java:logGet(43)) - raft.server.snapshot.retention.file.num = 5 (custom)
2019-11-13 20:08:43,451 [pool-570-thread-1] INFO  server.RaftServerConfigKeys (ConfUtils.java:logGet(43)) - raft.server.log.write.buffer.size = 33554432 (custom)
2019-11-13 20:08:43,451 [pool-580-thread-1] INFO  server.RaftServerConfigKeys (ConfUtils.java:logGet(43)) - raft.server.retrycache.expirytime = 600000ms (custom)
2019-11-13 20:08:43,451 [pool-590-thread-1] INFO  server.RaftServerConfigKeys (ConfUtils.java:logGet(43)) - raft.server.log.write.buffer.size = 33554432 (custom)
2019-11-13 20:08:43,451 [pool-570-thread-1] INFO  server.RaftServerConfigKeys (ConfUtils.java:logGet(43)) - raft.server.log.force.sync.num = 128 (default)
2019-11-13 20:08:43,451 [pool-590-thread-1] INFO  server.RaftServerConfigKeys (ConfUtils.java:logGet(43)) - raft.server.log.force.sync.num = 128 (default)
2019-11-13 20:08:43,451 [pool-580-thread-1] WARN  impl.MetricRegistriesImpl (MetricRegistriesImpl.java:lambda$create$1(61)) - First MetricRegistry has been created without registering reporters. You may need to call MetricRegistries.global().addReportRegistration(...) before.
2019-11-13 20:08:43,451 [pool-590-thread-1] INFO  server.RaftServerConfigKeys (ConfUtils.java:logGet(43)) - raft.server.log.statemachine.data.sync = true (default)
2019-11-13 20:08:43,451 [pool-570-thread-1] INFO  server.RaftServerConfigKeys (ConfUtils.java:logGet(43)) - raft.server.log.statemachine.data.sync = true (default)
2019-11-13 20:08:43,452 [pool-590-thread-1] INFO  server.RaftServerConfigKeys (ConfUtils.java:logGet(43)) - raft.server.log.statemachine.data.sync.timeout = 10s (default)
2019-11-13 20:08:43,451 [pool-580-thread-1] WARN  impl.MetricRegistriesImpl (MetricRegistriesImpl.java:lambda$create$1(61)) - First MetricRegistry has been created without registering reporters. You may need to call MetricRegistries.global().addReportRegistration(...) before.
2019-11-13 20:08:43,452 [pool-590-thread-1] INFO  server.RaftServerConfigKeys (ConfUtils.java:logGet(43)) - raft.server.log.statemachine.data.sync.timeout.retry = -1 (default)
2019-11-13 20:08:43,452 [pool-570-thread-1] INFO  server.RaftServerConfigKeys (ConfUtils.java:logGet(43)) - raft.server.log.statemachine.data.sync.timeout = 10s (default)
2019-11-13 20:08:43,452 [pool-570-thread-1] INFO  server.RaftServerConfigKeys (ConfUtils.java:logGet(43)) - raft.server.log.statemachine.data.sync.timeout.retry = -1 (default)
2019-11-13 20:08:43,452 [pool-590-thread-1] INFO  server.RaftServerConfigKeys (ConfUtils.java:logGet(43)) - raft.server.log.statemachine.data.caching.enabled = true (custom)
2019-11-13 20:08:43,452 [pool-580-thread-1] INFO  impl.RaftServerImpl (RaftServerImpl.java:start(184)) - 8446ee0c-69c2-4e02-91d0-278741efb561@group-7FA8BB7384C7: start as a follower, conf=-1: [2be136fa-895c-4486-93c9-d92ffb9d7f91:192.168.34.38:35833, 8446ee0c-69c2-4e02-91d0-278741efb561:192.168.34.38:38186, 167876bd-92c4-4c51-979b-51b12cb252bf:192.168.34.38:45159], old=null
2019-11-13 20:08:43,452 [pool-570-thread-1] INFO  server.RaftServerConfigKeys (ConfUtils.java:logGet(43)) - raft.server.log.statemachine.data.caching.enabled = true (custom)
2019-11-13 20:08:43,452 [pool-580-thread-1] INFO  impl.RaftServerImpl (RaftServerImpl.java:setRole(173)) - 8446ee0c-69c2-4e02-91d0-278741efb561@group-7FA8BB7384C7: changes role from      null to FOLLOWER at term 0 for startAsFollower
2019-11-13 20:08:43,452 [pool-590-thread-1] INFO  segmented.SegmentedRaftLogWorker (SegmentedRaftLogWorker.java:lambda$new$0(128)) - 2be136fa-895c-4486-93c9-d92ffb9d7f91@group-7FA8BB7384C7-SegmentedRaftLogWorker: flushIndex: setUnconditionally 0 -> -1
2019-11-13 20:08:43,452 [pool-580-thread-1] INFO  impl.RoleInfo (RoleInfo.java:updateAndGet(143)) - 8446ee0c-69c2-4e02-91d0-278741efb561: start FollowerState
2019-11-13 20:08:43,452 [pool-570-thread-1] INFO  segmented.SegmentedRaftLogWorker (SegmentedRaftLogWorker.java:lambda$new$0(128)) - 167876bd-92c4-4c51-979b-51b12cb252bf@group-7FA8BB7384C7-SegmentedRaftLogWorker: flushIndex: setUnconditionally 0 -> -1
2019-11-13 20:08:43,453 [pool-590-thread-1] INFO  server.RaftServerConfigKeys (ConfUtils.java:logGet(43)) - raft.server.snapshot.auto.trigger.enabled = true (custom)
2019-11-13 20:08:43,453 [pool-590-thread-1] INFO  server.RaftServerConfigKeys (ConfUtils.java:logGet(43)) - raft.server.snapshot.auto.trigger.threshold = 10000 (custom)
2019-11-13 20:08:43,453 [pool-570-thread-1] INFO  server.RaftServerConfigKeys (ConfUtils.java:logGet(43)) - raft.server.snapshot.auto.trigger.enabled = true (custom)
2019-11-13 20:08:43,453 [pool-580-thread-1] INFO  util.JmxRegister (JmxRegister.java:tryRegister(44)) - Successfully registered JMX Bean with object name Ratis:service=RaftServer,group=group-7FA8BB7384C7,id=8446ee0c-69c2-4e02-91d0-278741efb561
2019-11-13 20:08:43,453 [pool-590-thread-1] INFO  server.RaftServerConfigKeys (ConfUtils.java:logGet(43)) - raft.server.snapshot.retention.file.num = 5 (custom)
2019-11-13 20:08:43,453 [pool-580-thread-1] WARN  impl.MetricRegistriesImpl (MetricRegistriesImpl.java:lambda$create$1(61)) - First MetricRegistry has been created without registering reporters. You may need to call MetricRegistries.global().addReportRegistration(...) before.
2019-11-13 20:08:43,453 [pool-570-thread-1] INFO  server.RaftServerConfigKeys (ConfUtils.java:logGet(43)) - raft.server.snapshot.auto.trigger.threshold = 10000 (custom)
2019-11-13 20:08:43,453 [pool-590-thread-1] INFO  server.RaftServerConfigKeys (ConfUtils.java:logGet(43)) - raft.server.retrycache.expirytime = 600000ms (custom)
2019-11-13 20:08:43,453 [pool-570-thread-1] INFO  server.RaftServerConfigKeys (ConfUtils.java:logGet(43)) - raft.server.snapshot.retention.file.num = 5 (custom)
2019-11-13 20:08:43,454 [pool-590-thread-1] WARN  impl.MetricRegistriesImpl (MetricRegistriesImpl.java:lambda$create$1(61)) - First MetricRegistry has been created without registering reporters. You may need to call MetricRegistries.global().addReportRegistration(...) before.
2019-11-13 20:08:43,454 [pool-570-thread-1] INFO  server.RaftServerConfigKeys (ConfUtils.java:logGet(43)) - raft.server.retrycache.expirytime = 600000ms (custom)
2019-11-13 20:08:43,454 [pool-590-thread-1] WARN  impl.MetricRegistriesImpl (MetricRegistriesImpl.java:lambda$create$1(61)) - First MetricRegistry has been created without registering reporters. You may need to call MetricRegistries.global().addReportRegistration(...) before.
2019-11-13 20:08:43,454 [pool-570-thread-1] WARN  impl.MetricRegistriesImpl (MetricRegistriesImpl.java:lambda$create$1(61)) - First MetricRegistry has been created without registering reporters. You may need to call MetricRegistries.global().addReportRegistration(...) before.
2019-11-13 20:08:43,454 [pool-590-thread-1] INFO  impl.RaftServerImpl (RaftServerImpl.java:start(184)) - 2be136fa-895c-4486-93c9-d92ffb9d7f91@group-7FA8BB7384C7: start as a follower, conf=-1: [2be136fa-895c-4486-93c9-d92ffb9d7f91:192.168.34.38:35833, 8446ee0c-69c2-4e02-91d0-278741efb561:192.168.34.38:38186, 167876bd-92c4-4c51-979b-51b12cb252bf:192.168.34.38:45159], old=null
2019-11-13 20:08:43,454 [pool-570-thread-1] WARN  impl.MetricRegistriesImpl (MetricRegistriesImpl.java:lambda$create$1(61)) - First MetricRegistry has been created without registering reporters. You may need to call MetricRegistries.global().addReportRegistration(...) before.
2019-11-13 20:08:43,454 [pool-590-thread-1] INFO  impl.RaftServerImpl (RaftServerImpl.java:setRole(173)) - 2be136fa-895c-4486-93c9-d92ffb9d7f91@group-7FA8BB7384C7: changes role from      null to FOLLOWER at term 0 for startAsFollower
2019-11-13 20:08:43,454 [pool-570-thread-1] INFO  impl.RaftServerImpl (RaftServerImpl.java:start(184)) - 167876bd-92c4-4c51-979b-51b12cb252bf@group-7FA8BB7384C7: start as a follower, conf=-1: [2be136fa-895c-4486-93c9-d92ffb9d7f91:192.168.34.38:35833, 8446ee0c-69c2-4e02-91d0-278741efb561:192.168.34.38:38186, 167876bd-92c4-4c51-979b-51b12cb252bf:192.168.34.38:45159], old=null
2019-11-13 20:08:43,454 [pool-590-thread-1] INFO  impl.RoleInfo (RoleInfo.java:updateAndGet(143)) - 2be136fa-895c-4486-93c9-d92ffb9d7f91: start FollowerState
2019-11-13 20:08:43,454 [pool-570-thread-1] INFO  impl.RaftServerImpl (RaftServerImpl.java:setRole(173)) - 167876bd-92c4-4c51-979b-51b12cb252bf@group-7FA8BB7384C7: changes role from      null to FOLLOWER at term 0 for startAsFollower
2019-11-13 20:08:43,454 [pool-570-thread-1] INFO  impl.RoleInfo (RoleInfo.java:updateAndGet(143)) - 167876bd-92c4-4c51-979b-51b12cb252bf: start FollowerState
2019-11-13 20:08:43,455 [pool-590-thread-1] INFO  util.JmxRegister (JmxRegister.java:tryRegister(44)) - Successfully registered JMX Bean with object name Ratis:service=RaftServer,group=group-7FA8BB7384C7,id=2be136fa-895c-4486-93c9-d92ffb9d7f91
2019-11-13 20:08:43,455 [pool-590-thread-1] WARN  impl.MetricRegistriesImpl (MetricRegistriesImpl.java:lambda$create$1(61)) - First MetricRegistry has been created without registering reporters. You may need to call MetricRegistries.global().addReportRegistration(...) before.
2019-11-13 20:08:43,455 [pool-570-thread-1] INFO  util.JmxRegister (JmxRegister.java:tryRegister(44)) - Successfully registered JMX Bean with object name Ratis:service=RaftServer,group=group-7FA8BB7384C7,id=167876bd-92c4-4c51-979b-51b12cb252bf
2019-11-13 20:08:43,455 [pool-570-thread-1] WARN  impl.MetricRegistriesImpl (MetricRegistriesImpl.java:lambda$create$1(61)) - First MetricRegistry has been created without registering reporters. You may need to call MetricRegistries.global().addReportRegistration(...) before.
2019-11-13 20:08:43,456 [RatisPipelineUtilsThread] INFO  pipeline.PipelineStateManager (PipelineStateManager.java:addPipeline(55)) - Created pipeline Pipeline[ Id: 26fbe226-d65f-48f0-8064-7fa8bb7384c7, Nodes: 8446ee0c-69c2-4e02-91d0-278741efb561{ip: 192.168.34.38, host: pr-hdds-2469-rfsxc-843238572, networkLocation: /rack1, certSerialId: null}167876bd-92c4-4c51-979b-51b12cb252bf{ip: 192.168.34.38, host: pr-hdds-2469-rfsxc-843238572, networkLocation: /rack1, certSerialId: null}2be136fa-895c-4486-93c9-d92ffb9d7f91{ip: 192.168.34.38, host: pr-hdds-2469-rfsxc-843238572, networkLocation: /rack1, certSerialId: null}, Type:RATIS, Factor:THREE, State:ALLOCATED]
2019-11-13 20:08:43,457 [main] INFO  ozone.MiniOzoneClusterImpl (MiniOzoneClusterImpl.java:lambda$waitForClusterToBeReady$2(163)) - Waiting for 12 number of pipelines out of 12, to report a leader.
2019-11-13 20:08:43,986 [Thread-4664] INFO  impl.FollowerState (FollowerState.java:run(111)) - 63348c40-6caf-45cd-85ad-36e15dedc157@group-91EF05A8FF38-FollowerState: change to CANDIDATE, lastRpcTime:1052ms, electionTimeout:1052ms
2019-11-13 20:08:43,986 [Thread-4664] INFO  impl.RoleInfo (RoleInfo.java:shutdownFollowerState(121)) - 63348c40-6caf-45cd-85ad-36e15dedc157: shutdown FollowerState
2019-11-13 20:08:43,986 [Thread-4664] INFO  impl.RaftServerImpl (RaftServerImpl.java:setRole(173)) - 63348c40-6caf-45cd-85ad-36e15dedc157@group-91EF05A8FF38: changes role from  FOLLOWER to CANDIDATE at term 0 for changeToCandidate
2019-11-13 20:08:43,987 [Thread-4664] INFO  impl.RoleInfo (RoleInfo.java:updateAndGet(143)) - 63348c40-6caf-45cd-85ad-36e15dedc157: start LeaderElection
2019-11-13 20:08:44,005 [63348c40-6caf-45cd-85ad-36e15dedc157@group-91EF05A8FF38-LeaderElection132] INFO  impl.LeaderElection (LeaderElection.java:askForVotes(178)) - 63348c40-6caf-45cd-85ad-36e15dedc157@group-91EF05A8FF38-LeaderElection132: begin an election at term 1 for -1: [63348c40-6caf-45cd-85ad-36e15dedc157:192.168.34.38:33072], old=null
2019-11-13 20:08:44,006 [63348c40-6caf-45cd-85ad-36e15dedc157@group-91EF05A8FF38-LeaderElection132] INFO  impl.RoleInfo (RoleInfo.java:shutdownLeaderElection(134)) - 63348c40-6caf-45cd-85ad-36e15dedc157: shutdown LeaderElection
2019-11-13 20:08:44,006 [63348c40-6caf-45cd-85ad-36e15dedc157@group-91EF05A8FF38-LeaderElection132] INFO  impl.RaftServerImpl (RaftServerImpl.java:setRole(173)) - 63348c40-6caf-45cd-85ad-36e15dedc157@group-91EF05A8FF38: changes role from CANDIDATE to LEADER at term 1 for changeToLeader
2019-11-13 20:08:44,006 [63348c40-6caf-45cd-85ad-36e15dedc157@group-91EF05A8FF38-LeaderElection132] INFO  ratis.XceiverServerRatis (XceiverServerRatis.java:handleLeaderChangedNotification(697)) - Leader change notification received for group: group-91EF05A8FF38 with new leaderId: 63348c40-6caf-45cd-85ad-36e15dedc157
2019-11-13 20:08:44,006 [63348c40-6caf-45cd-85ad-36e15dedc157@group-91EF05A8FF38-LeaderElection132] INFO  impl.RaftServerImpl (ServerState.java:setLeader(255)) - 63348c40-6caf-45cd-85ad-36e15dedc157@group-91EF05A8FF38: change Leader from null to 63348c40-6caf-45cd-85ad-36e15dedc157 at term 1 for becomeLeader, leader elected after 1075ms
2019-11-13 20:08:44,006 [63348c40-6caf-45cd-85ad-36e15dedc157@group-91EF05A8FF38-LeaderElection132] INFO  server.RaftServerConfigKeys (ConfUtils.java:logGet(43)) - raft.server.staging.catchup.gap = 1000 (default)
2019-11-13 20:08:44,008 [63348c40-6caf-45cd-85ad-36e15dedc157@group-91EF05A8FF38-LeaderElection132] INFO  server.RaftServerConfigKeys (ConfUtils.java:logGet(43)) - raft.server.rpc.sleep.time = 25ms (default)
2019-11-13 20:08:44,009 [63348c40-6caf-45cd-85ad-36e15dedc157@group-91EF05A8FF38-LeaderElection132] INFO  server.RaftServerConfigKeys (ConfUtils.java:logGet(43)) - raft.server.write.element-limit = 4096 (default)
2019-11-13 20:08:44,009 [63348c40-6caf-45cd-85ad-36e15dedc157@group-91EF05A8FF38-LeaderElection132] INFO  server.RaftServerConfigKeys (ConfUtils.java:logGet(43)) - raft.server.watch.timeout = 10s (default)
2019-11-13 20:08:44,009 [EventQueue-PipelineReportForPipelineReportHandler] INFO  pipeline.PipelineStateManager (PipelineStateManager.java:openPipeline(134)) - Pipeline Pipeline[ Id: d37222c9-a1c3-437b-bc3e-91ef05a8ff38, Nodes: 63348c40-6caf-45cd-85ad-36e15dedc157{ip: 192.168.34.38, host: pr-hdds-2469-rfsxc-843238572, networkLocation: /rack1, certSerialId: null}, Type:RATIS, Factor:ONE, State:OPEN] moved to OPEN state
2019-11-13 20:08:44,009 [63348c40-6caf-45cd-85ad-36e15dedc157@group-91EF05A8FF38-LeaderElection132] INFO  server.RaftServerConfigKeys (ConfUtils.java:logGet(43)) - raft.server.watch.timeout.denomination = 1s (default)
2019-11-13 20:08:44,009 [63348c40-6caf-45cd-85ad-36e15dedc157@group-91EF05A8FF38-LeaderElection132] INFO  server.RaftServerConfigKeys (ConfUtils.java:logGet(43)) - raft.server.watch.element-limit = 65536 (default)
2019-11-13 20:08:44,010 [63348c40-6caf-45cd-85ad-36e15dedc157@group-91EF05A8FF38-LeaderElection132] INFO  impl.RoleInfo (RoleInfo.java:updateAndGet(143)) - 63348c40-6caf-45cd-85ad-36e15dedc157: start LeaderState
2019-11-13 20:08:44,010 [63348c40-6caf-45cd-85ad-36e15dedc157@group-91EF05A8FF38-LeaderElection132] INFO  segmented.SegmentedRaftLogWorker (SegmentedRaftLogWorker.java:startLogSegment(385)) - 63348c40-6caf-45cd-85ad-36e15dedc157@group-91EF05A8FF38-SegmentedRaftLogWorker: Starting segment from index:0
2019-11-13 20:08:44,010 [63348c40-6caf-45cd-85ad-36e15dedc157@group-91EF05A8FF38-LeaderElection132] INFO  impl.RaftServerImpl (ServerState.java:setRaftConf(356)) - 63348c40-6caf-45cd-85ad-36e15dedc157@group-91EF05A8FF38: set configuration 0: [63348c40-6caf-45cd-85ad-36e15dedc157:192.168.34.38:33072], old=null at 0
2019-11-13 20:08:44,075 [63348c40-6caf-45cd-85ad-36e15dedc157@group-91EF05A8FF38-SegmentedRaftLogWorker] INFO  segmented.SegmentedRaftLogWorker (SegmentedRaftLogWorker.java:execute(576)) - 63348c40-6caf-45cd-85ad-36e15dedc157@group-91EF05A8FF38-SegmentedRaftLogWorker: created new log segment /workdir/hadoop-ozone/integration-test/target/test-dir/MiniOzoneClusterImpl-89214370-af8c-46c8-b403-f68b2ae7a3e8/datanode-0/data/ratis/d37222c9-a1c3-437b-bc3e-91ef05a8ff38/current/log_inprogress_0
2019-11-13 20:08:44,149 [Thread-4670] INFO  impl.FollowerState (FollowerState.java:run(111)) - 9c82cd9c-0f64-450d-b3c2-ed8e29acca38@group-3734A7AED2B3-FollowerState: change to CANDIDATE, lastRpcTime:1126ms, electionTimeout:1126ms
2019-11-13 20:08:44,149 [Thread-4670] INFO  impl.RoleInfo (RoleInfo.java:shutdownFollowerState(121)) - 9c82cd9c-0f64-450d-b3c2-ed8e29acca38: shutdown FollowerState
2019-11-13 20:08:44,149 [Thread-4670] INFO  impl.RaftServerImpl (RaftServerImpl.java:setRole(173)) - 9c82cd9c-0f64-450d-b3c2-ed8e29acca38@group-3734A7AED2B3: changes role from  FOLLOWER to CANDIDATE at term 0 for changeToCandidate
2019-11-13 20:08:44,149 [Thread-4667] INFO  impl.FollowerState (FollowerState.java:run(111)) - d9031576-438e-4c71-bddc-2fb75a9376b9@group-9BDB0ACFD532-FollowerState: change to CANDIDATE, lastRpcTime:1175ms, electionTimeout:1175ms
2019-11-13 20:08:44,150 [Thread-4667] INFO  impl.RoleInfo (RoleInfo.java:shutdownFollowerState(121)) - d9031576-438e-4c71-bddc-2fb75a9376b9: shutdown FollowerState
2019-11-13 20:08:44,150 [Thread-4670] INFO  impl.RoleInfo (RoleInfo.java:updateAndGet(143)) - 9c82cd9c-0f64-450d-b3c2-ed8e29acca38: start LeaderElection
2019-11-13 20:08:44,150 [Thread-4667] INFO  impl.RaftServerImpl (RaftServerImpl.java:setRole(173)) - d9031576-438e-4c71-bddc-2fb75a9376b9@group-9BDB0ACFD532: changes role from  FOLLOWER to CANDIDATE at term 0 for changeToCandidate
2019-11-13 20:08:44,150 [Thread-4667] INFO  impl.RoleInfo (RoleInfo.java:updateAndGet(143)) - d9031576-438e-4c71-bddc-2fb75a9376b9: start LeaderElection
2019-11-13 20:08:44,171 [d9031576-438e-4c71-bddc-2fb75a9376b9@group-9BDB0ACFD532-LeaderElection134] INFO  impl.LeaderElection (LeaderElection.java:askForVotes(178)) - d9031576-438e-4c71-bddc-2fb75a9376b9@group-9BDB0ACFD532-LeaderElection134: begin an election at term 1 for -1: [d9031576-438e-4c71-bddc-2fb75a9376b9:192.168.34.38:45924], old=null
2019-11-13 20:08:44,171 [9c82cd9c-0f64-450d-b3c2-ed8e29acca38@group-3734A7AED2B3-LeaderElection133] INFO  impl.LeaderElection (LeaderElection.java:askForVotes(178)) - 9c82cd9c-0f64-450d-b3c2-ed8e29acca38@group-3734A7AED2B3-LeaderElection133: begin an election at term 1 for -1: [9c82cd9c-0f64-450d-b3c2-ed8e29acca38:192.168.34.38:36061], old=null
2019-11-13 20:08:44,171 [d9031576-438e-4c71-bddc-2fb75a9376b9@group-9BDB0ACFD532-LeaderElection134] INFO  impl.RoleInfo (RoleInfo.java:shutdownLeaderElection(134)) - d9031576-438e-4c71-bddc-2fb75a9376b9: shutdown LeaderElection
2019-11-13 20:08:44,172 [9c82cd9c-0f64-450d-b3c2-ed8e29acca38@group-3734A7AED2B3-LeaderElection133] INFO  impl.RoleInfo (RoleInfo.java:shutdownLeaderElection(134)) - 9c82cd9c-0f64-450d-b3c2-ed8e29acca38: shutdown LeaderElection
2019-11-13 20:08:44,172 [d9031576-438e-4c71-bddc-2fb75a9376b9@group-9BDB0ACFD532-LeaderElection134] INFO  impl.RaftServerImpl (RaftServerImpl.java:setRole(173)) - d9031576-438e-4c71-bddc-2fb75a9376b9@group-9BDB0ACFD532: changes role from CANDIDATE to LEADER at term 1 for changeToLeader
2019-11-13 20:08:44,172 [9c82cd9c-0f64-450d-b3c2-ed8e29acca38@group-3734A7AED2B3-LeaderElection133] INFO  impl.RaftServerImpl (RaftServerImpl.java:setRole(173)) - 9c82cd9c-0f64-450d-b3c2-ed8e29acca38@group-3734A7AED2B3: changes role from CANDIDATE to LEADER at term 1 for changeToLeader
2019-11-13 20:08:44,172 [d9031576-438e-4c71-bddc-2fb75a9376b9@group-9BDB0ACFD532-LeaderElection134] INFO  ratis.XceiverServerRatis (XceiverServerRatis.java:handleLeaderChangedNotification(697)) - Leader change notification received for group: group-9BDB0ACFD532 with new leaderId: d9031576-438e-4c71-bddc-2fb75a9376b9
2019-11-13 20:08:44,172 [9c82cd9c-0f64-450d-b3c2-ed8e29acca38@group-3734A7AED2B3-LeaderElection133] INFO  ratis.XceiverServerRatis (XceiverServerRatis.java:handleLeaderChangedNotification(697)) - Leader change notification received for group: group-3734A7AED2B3 with new leaderId: 9c82cd9c-0f64-450d-b3c2-ed8e29acca38
2019-11-13 20:08:44,172 [d9031576-438e-4c71-bddc-2fb75a9376b9@group-9BDB0ACFD532-LeaderElection134] INFO  impl.RaftServerImpl (ServerState.java:setLeader(255)) - d9031576-438e-4c71-bddc-2fb75a9376b9@group-9BDB0ACFD532: change Leader from null to d9031576-438e-4c71-bddc-2fb75a9376b9 at term 1 for becomeLeader, leader elected after 1200ms
2019-11-13 20:08:44,172 [9c82cd9c-0f64-450d-b3c2-ed8e29acca38@group-3734A7AED2B3-LeaderElection133] INFO  impl.RaftServerImpl (ServerState.java:setLeader(255)) - 9c82cd9c-0f64-450d-b3c2-ed8e29acca38@group-3734A7AED2B3: change Leader from null to 9c82cd9c-0f64-450d-b3c2-ed8e29acca38 at term 1 for becomeLeader, leader elected after 1152ms
2019-11-13 20:08:44,172 [d9031576-438e-4c71-bddc-2fb75a9376b9@group-9BDB0ACFD532-LeaderElection134] INFO  server.RaftServerConfigKeys (ConfUtils.java:logGet(43)) - raft.server.staging.catchup.gap = 1000 (default)
2019-11-13 20:08:44,172 [9c82cd9c-0f64-450d-b3c2-ed8e29acca38@group-3734A7AED2B3-LeaderElection133] INFO  server.RaftServerConfigKeys (ConfUtils.java:logGet(43)) - raft.server.staging.catchup.gap = 1000 (default)
2019-11-13 20:08:44,172 [d9031576-438e-4c71-bddc-2fb75a9376b9@group-9BDB0ACFD532-LeaderElection134] INFO  server.RaftServerConfigKeys (ConfUtils.java:logGet(43)) - raft.server.rpc.sleep.time = 25ms (default)
2019-11-13 20:08:44,175 [9c82cd9c-0f64-450d-b3c2-ed8e29acca38@group-3734A7AED2B3-LeaderElection133] INFO  server.RaftServerConfigKeys (ConfUtils.java:logGet(43)) - raft.server.rpc.sleep.time = 25ms (default)
2019-11-13 20:08:44,175 [d9031576-438e-4c71-bddc-2fb75a9376b9@group-9BDB0ACFD532-LeaderElection134] INFO  server.RaftServerConfigKeys (ConfUtils.java:logGet(43)) - raft.server.write.element-limit = 4096 (default)
2019-11-13 20:08:44,175 [9c82cd9c-0f64-450d-b3c2-ed8e29acca38@group-3734A7AED2B3-LeaderElection133] INFO  server.RaftServerConfigKeys (ConfUtils.java:logGet(43)) - raft.server.write.element-limit = 4096 (default)
2019-11-13 20:08:44,175 [d9031576-438e-4c71-bddc-2fb75a9376b9@group-9BDB0ACFD532-LeaderElection134] INFO  server.RaftServerConfigKeys (ConfUtils.java:logGet(43)) - raft.server.watch.timeout = 10s (default)
2019-11-13 20:08:44,176 [9c82cd9c-0f64-450d-b3c2-ed8e29acca38@group-3734A7AED2B3-LeaderElection133] INFO  server.RaftServerConfigKeys (ConfUtils.java:logGet(43)) - raft.server.watch.timeout = 10s (default)
2019-11-13 20:08:44,176 [d9031576-438e-4c71-bddc-2fb75a9376b9@group-9BDB0ACFD532-LeaderElection134] INFO  server.RaftServerConfigKeys (ConfUtils.java:logGet(43)) - raft.server.watch.timeout.denomination = 1s (default)
2019-11-13 20:08:44,176 [9c82cd9c-0f64-450d-b3c2-ed8e29acca38@group-3734A7AED2B3-LeaderElection133] INFO  server.RaftServerConfigKeys (ConfUtils.java:logGet(43)) - raft.server.watch.timeout.denomination = 1s (default)
2019-11-13 20:08:44,176 [9c82cd9c-0f64-450d-b3c2-ed8e29acca38@group-3734A7AED2B3-LeaderElection133] INFO  server.RaftServerConfigKeys (ConfUtils.java:logGet(43)) - raft.server.watch.element-limit = 65536 (default)
2019-11-13 20:08:44,176 [EventQueue-PipelineReportForPipelineReportHandler] INFO  pipeline.PipelineStateManager (PipelineStateManager.java:openPipeline(134)) - Pipeline Pipeline[ Id: 88179476-cf14-4a74-b04a-3734a7aed2b3, Nodes: 9c82cd9c-0f64-450d-b3c2-ed8e29acca38{ip: 192.168.34.38, host: pr-hdds-2469-rfsxc-843238572, networkLocation: /rack1, certSerialId: null}, Type:RATIS, Factor:ONE, State:OPEN] moved to OPEN state
2019-11-13 20:08:44,176 [d9031576-438e-4c71-bddc-2fb75a9376b9@group-9BDB0ACFD532-LeaderElection134] INFO  server.RaftServerConfigKeys (ConfUtils.java:logGet(43)) - raft.server.watch.element-limit = 65536 (default)
2019-11-13 20:08:44,176 [9c82cd9c-0f64-450d-b3c2-ed8e29acca38@group-3734A7AED2B3-LeaderElection133] INFO  impl.RoleInfo (RoleInfo.java:updateAndGet(143)) - 9c82cd9c-0f64-450d-b3c2-ed8e29acca38: start LeaderState
2019-11-13 20:08:44,176 [EventQueue-PipelineReportForPipelineReportHandler] INFO  pipeline.PipelineStateManager (PipelineStateManager.java:openPipeline(134)) - Pipeline Pipeline[ Id: a51fd5ae-3b8c-4ceb-aa01-9bdb0acfd532, Nodes: d9031576-438e-4c71-bddc-2fb75a9376b9{ip: 192.168.34.38, host: pr-hdds-2469-rfsxc-843238572, networkLocation: /rack1, certSerialId: null}, Type:RATIS, Factor:ONE, State:OPEN] moved to OPEN state
2019-11-13 20:08:44,176 [9c82cd9c-0f64-450d-b3c2-ed8e29acca38@group-3734A7AED2B3-LeaderElection133] INFO  segmented.SegmentedRaftLogWorker (SegmentedRaftLogWorker.java:startLogSegment(385)) - 9c82cd9c-0f64-450d-b3c2-ed8e29acca38@group-3734A7AED2B3-SegmentedRaftLogWorker: Starting segment from index:0
2019-11-13 20:08:44,176 [d9031576-438e-4c71-bddc-2fb75a9376b9@group-9BDB0ACFD532-LeaderElection134] INFO  impl.RoleInfo (RoleInfo.java:updateAndGet(143)) - d9031576-438e-4c71-bddc-2fb75a9376b9: start LeaderState
2019-11-13 20:08:44,177 [d9031576-438e-4c71-bddc-2fb75a9376b9@group-9BDB0ACFD532-LeaderElection134] INFO  segmented.SegmentedRaftLogWorker (SegmentedRaftLogWorker.java:startLogSegment(385)) - d9031576-438e-4c71-bddc-2fb75a9376b9@group-9BDB0ACFD532-SegmentedRaftLogWorker: Starting segment from index:0
2019-11-13 20:08:44,177 [9c82cd9c-0f64-450d-b3c2-ed8e29acca38@group-3734A7AED2B3-LeaderElection133] INFO  impl.RaftServerImpl (ServerState.java:setRaftConf(356)) - 9c82cd9c-0f64-450d-b3c2-ed8e29acca38@group-3734A7AED2B3: set configuration 0: [9c82cd9c-0f64-450d-b3c2-ed8e29acca38:192.168.34.38:36061], old=null at 0
2019-11-13 20:08:44,177 [d9031576-438e-4c71-bddc-2fb75a9376b9@group-9BDB0ACFD532-LeaderElection134] INFO  impl.RaftServerImpl (ServerState.java:setRaftConf(356)) - d9031576-438e-4c71-bddc-2fb75a9376b9@group-9BDB0ACFD532: set configuration 0: [d9031576-438e-4c71-bddc-2fb75a9376b9:192.168.34.38:45924], old=null at 0
2019-11-13 20:08:44,189 [Thread-4676] INFO  impl.FollowerState (FollowerState.java:run(111)) - d9031576-438e-4c71-bddc-2fb75a9376b9@group-271A45A22871-FollowerState: change to CANDIDATE, lastRpcTime:1125ms, electionTimeout:1125ms
2019-11-13 20:08:44,189 [Thread-4676] INFO  impl.RoleInfo (RoleInfo.java:shutdownFollowerState(121)) - d9031576-438e-4c71-bddc-2fb75a9376b9: shutdown FollowerState
2019-11-13 20:08:44,189 [Thread-4676] INFO  impl.RaftServerImpl (RaftServerImpl.java:setRole(173)) - d9031576-438e-4c71-bddc-2fb75a9376b9@group-271A45A22871: changes role from  FOLLOWER to CANDIDATE at term 0 for changeToCandidate
2019-11-13 20:08:44,189 [Thread-4676] INFO  impl.RoleInfo (RoleInfo.java:updateAndGet(143)) - d9031576-438e-4c71-bddc-2fb75a9376b9: start LeaderElection
2019-11-13 20:08:44,208 [Thread-4673] INFO  impl.FollowerState (FollowerState.java:run(111)) - 63348c40-6caf-45cd-85ad-36e15dedc157@group-271A45A22871-FollowerState: change to CANDIDATE, lastRpcTime:1146ms, electionTimeout:1146ms
2019-11-13 20:08:44,209 [Thread-4673] INFO  impl.RoleInfo (RoleInfo.java:shutdownFollowerState(121)) - 63348c40-6caf-45cd-85ad-36e15dedc157: shutdown FollowerState
2019-11-13 20:08:44,209 [Thread-4673] INFO  impl.RaftServerImpl (RaftServerImpl.java:setRole(173)) - 63348c40-6caf-45cd-85ad-36e15dedc157@group-271A45A22871: changes role from  FOLLOWER to CANDIDATE at term 0 for changeToCandidate
2019-11-13 20:08:44,209 [Thread-4673] INFO  impl.RoleInfo (RoleInfo.java:updateAndGet(143)) - 63348c40-6caf-45cd-85ad-36e15dedc157: start LeaderElection
2019-11-13 20:08:44,219 [d9031576-438e-4c71-bddc-2fb75a9376b9@group-9BDB0ACFD532-SegmentedRaftLogWorker] INFO  segmented.SegmentedRaftLogWorker (SegmentedRaftLogWorker.java:execute(576)) - d9031576-438e-4c71-bddc-2fb75a9376b9@group-9BDB0ACFD532-SegmentedRaftLogWorker: created new log segment /workdir/hadoop-ozone/integration-test/target/test-dir/MiniOzoneClusterImpl-89214370-af8c-46c8-b403-f68b2ae7a3e8/datanode-1/data/ratis/a51fd5ae-3b8c-4ceb-aa01-9bdb0acfd532/current/log_inprogress_0
2019-11-13 20:08:44,219 [d9031576-438e-4c71-bddc-2fb75a9376b9@group-271A45A22871-LeaderElection135] INFO  impl.LeaderElection (LeaderElection.java:askForVotes(178)) - d9031576-438e-4c71-bddc-2fb75a9376b9@group-271A45A22871-LeaderElection135: begin an election at term 1 for -1: [63348c40-6caf-45cd-85ad-36e15dedc157:192.168.34.38:33072, d9031576-438e-4c71-bddc-2fb75a9376b9:192.168.34.38:45924, 9c82cd9c-0f64-450d-b3c2-ed8e29acca38:192.168.34.38:36061], old=null
2019-11-13 20:08:44,219 [63348c40-6caf-45cd-85ad-36e15dedc157@group-271A45A22871-LeaderElection136] INFO  impl.LeaderElection (LeaderElection.java:askForVotes(178)) - 63348c40-6caf-45cd-85ad-36e15dedc157@group-271A45A22871-LeaderElection136: begin an election at term 1 for -1: [63348c40-6caf-45cd-85ad-36e15dedc157:192.168.34.38:33072, d9031576-438e-4c71-bddc-2fb75a9376b9:192.168.34.38:45924, 9c82cd9c-0f64-450d-b3c2-ed8e29acca38:192.168.34.38:36061], old=null
2019-11-13 20:08:44,219 [9c82cd9c-0f64-450d-b3c2-ed8e29acca38@group-3734A7AED2B3-SegmentedRaftLogWorker] INFO  segmented.SegmentedRaftLogWorker (SegmentedRaftLogWorker.java:execute(576)) - 9c82cd9c-0f64-450d-b3c2-ed8e29acca38@group-3734A7AED2B3-SegmentedRaftLogWorker: created new log segment /workdir/hadoop-ozone/integration-test/target/test-dir/MiniOzoneClusterImpl-89214370-af8c-46c8-b403-f68b2ae7a3e8/datanode-2/data/ratis/88179476-cf14-4a74-b04a-3734a7aed2b3/current/log_inprogress_0
2019-11-13 20:08:44,220 [Thread-4682] INFO  impl.FollowerState (FollowerState.java:run(111)) - 020265cf-8215-4e82-9241-b31a46326517@group-36E479A5504C-FollowerState: change to CANDIDATE, lastRpcTime:1077ms, electionTimeout:1077ms
2019-11-13 20:08:44,220 [Thread-4682] INFO  impl.RoleInfo (RoleInfo.java:shutdownFollowerState(121)) - 020265cf-8215-4e82-9241-b31a46326517: shutdown FollowerState
2019-11-13 20:08:44,220 [Thread-4682] INFO  impl.RaftServerImpl (RaftServerImpl.java:setRole(173)) - 020265cf-8215-4e82-9241-b31a46326517@group-36E479A5504C: changes role from  FOLLOWER to CANDIDATE at term 0 for changeToCandidate
2019-11-13 20:08:44,220 [Thread-4682] INFO  impl.RoleInfo (RoleInfo.java:updateAndGet(143)) - 020265cf-8215-4e82-9241-b31a46326517: start LeaderElection
2019-11-13 20:08:44,224 [Thread-4678] INFO  impl.FollowerState (FollowerState.java:run(111)) - 9c82cd9c-0f64-450d-b3c2-ed8e29acca38@group-271A45A22871-FollowerState: change to CANDIDATE, lastRpcTime:1160ms, electionTimeout:1157ms
2019-11-13 20:08:44,227 [Thread-4678] INFO  impl.RoleInfo (RoleInfo.java:shutdownFollowerState(121)) - 9c82cd9c-0f64-450d-b3c2-ed8e29acca38: shutdown FollowerState
2019-11-13 20:08:44,227 [Thread-4678] INFO  impl.RaftServerImpl (RaftServerImpl.java:setRole(173)) - 9c82cd9c-0f64-450d-b3c2-ed8e29acca38@group-271A45A22871: changes role from  FOLLOWER to CANDIDATE at term 0 for changeToCandidate
2019-11-13 20:08:44,227 [Thread-4678] INFO  impl.RoleInfo (RoleInfo.java:updateAndGet(143)) - 9c82cd9c-0f64-450d-b3c2-ed8e29acca38: start LeaderElection
2019-11-13 20:08:44,239 [020265cf-8215-4e82-9241-b31a46326517@group-36E479A5504C-LeaderElection137] INFO  impl.LeaderElection (LeaderElection.java:askForVotes(178)) - 020265cf-8215-4e82-9241-b31a46326517@group-36E479A5504C-LeaderElection137: begin an election at term 1 for -1: [020265cf-8215-4e82-9241-b31a46326517:192.168.34.38:43042], old=null
2019-11-13 20:08:44,239 [9c82cd9c-0f64-450d-b3c2-ed8e29acca38@group-271A45A22871-LeaderElection138] INFO  impl.LeaderElection (LeaderElection.java:askForVotes(178)) - 9c82cd9c-0f64-450d-b3c2-ed8e29acca38@group-271A45A22871-LeaderElection138: begin an election at term 1 for -1: [63348c40-6caf-45cd-85ad-36e15dedc157:192.168.34.38:33072, d9031576-438e-4c71-bddc-2fb75a9376b9:192.168.34.38:45924, 9c82cd9c-0f64-450d-b3c2-ed8e29acca38:192.168.34.38:36061], old=null
2019-11-13 20:08:44,240 [020265cf-8215-4e82-9241-b31a46326517@group-36E479A5504C-LeaderElection137] INFO  impl.RoleInfo (RoleInfo.java:shutdownLeaderElection(134)) - 020265cf-8215-4e82-9241-b31a46326517: shutdown LeaderElection
2019-11-13 20:08:44,240 [020265cf-8215-4e82-9241-b31a46326517@group-36E479A5504C-LeaderElection137] INFO  impl.RaftServerImpl (RaftServerImpl.java:setRole(173)) - 020265cf-8215-4e82-9241-b31a46326517@group-36E479A5504C: changes role from CANDIDATE to LEADER at term 1 for changeToLeader
2019-11-13 20:08:44,240 [020265cf-8215-4e82-9241-b31a46326517@group-36E479A5504C-LeaderElection137] INFO  ratis.XceiverServerRatis (XceiverServerRatis.java:handleLeaderChangedNotification(697)) - Leader change notification received for group: group-36E479A5504C with new leaderId: 020265cf-8215-4e82-9241-b31a46326517
2019-11-13 20:08:44,240 [63348c40-6caf-45cd-85ad-36e15dedc157@group-271A45A22871-LeaderElection136] INFO  impl.LeaderElection (LeaderElection.java:logAndReturn(56)) - 63348c40-6caf-45cd-85ad-36e15dedc157@group-271A45A22871-LeaderElection136: Election REJECTED; received 2 response(s) [63348c40-6caf-45cd-85ad-36e15dedc157<-d9031576-438e-4c71-bddc-2fb75a9376b9#0:FAIL-t1, 63348c40-6caf-45cd-85ad-36e15dedc157<-9c82cd9c-0f64-450d-b3c2-ed8e29acca38#0:FAIL-t1] and 0 exception(s); 63348c40-6caf-45cd-85ad-36e15dedc157@group-271A45A22871:t1, leader=null, voted=63348c40-6caf-45cd-85ad-36e15dedc157, raftlog=63348c40-6caf-45cd-85ad-36e15dedc157@group-271A45A22871-SegmentedRaftLog:OPENED:c-1,f-1,i0, conf=-1: [63348c40-6caf-45cd-85ad-36e15dedc157:192.168.34.38:33072, d9031576-438e-4c71-bddc-2fb75a9376b9:192.168.34.38:45924, 9c82cd9c-0f64-450d-b3c2-ed8e29acca38:192.168.34.38:36061], old=null
2019-11-13 20:08:44,240 [d9031576-438e-4c71-bddc-2fb75a9376b9@group-271A45A22871-LeaderElection135] INFO  impl.LeaderElection (LeaderElection.java:logAndReturn(56)) - d9031576-438e-4c71-bddc-2fb75a9376b9@group-271A45A22871-LeaderElection135: Election REJECTED; received 2 response(s) [d9031576-438e-4c71-bddc-2fb75a9376b9<-63348c40-6caf-45cd-85ad-36e15dedc157#0:FAIL-t1, d9031576-438e-4c71-bddc-2fb75a9376b9<-9c82cd9c-0f64-450d-b3c2-ed8e29acca38#0:FAIL-t1] and 0 exception(s); d9031576-438e-4c71-bddc-2fb75a9376b9@group-271A45A22871:t1, leader=null, voted=d9031576-438e-4c71-bddc-2fb75a9376b9, raftlog=d9031576-438e-4c71-bddc-2fb75a9376b9@group-271A45A22871-SegmentedRaftLog:OPENED:c-1,f-1,i0, conf=-1: [63348c40-6caf-45cd-85ad-36e15dedc157:192.168.34.38:33072, d9031576-438e-4c71-bddc-2fb75a9376b9:192.168.34.38:45924, 9c82cd9c-0f64-450d-b3c2-ed8e29acca38:192.168.34.38:36061], old=null
2019-11-13 20:08:44,240 [020265cf-8215-4e82-9241-b31a46326517@group-36E479A5504C-LeaderElection137] INFO  impl.RaftServerImpl (ServerState.java:setLeader(255)) - 020265cf-8215-4e82-9241-b31a46326517@group-36E479A5504C: change Leader from null to 020265cf-8215-4e82-9241-b31a46326517 at term 1 for becomeLeader, leader elected after 1100ms
2019-11-13 20:08:44,240 [63348c40-6caf-45cd-85ad-36e15dedc157@group-271A45A22871-LeaderElection136] INFO  impl.RaftServerImpl (RaftServerImpl.java:setRole(173)) - 63348c40-6caf-45cd-85ad-36e15dedc157@group-271A45A22871: changes role from CANDIDATE to FOLLOWER at term 1 for DISCOVERED_A_NEW_TERM
2019-11-13 20:08:44,240 [020265cf-8215-4e82-9241-b31a46326517@group-36E479A5504C-LeaderElection137] INFO  server.RaftServerConfigKeys (ConfUtils.java:logGet(43)) - raft.server.staging.catchup.gap = 1000 (default)
2019-11-13 20:08:44,242 [Thread-4685] INFO  impl.FollowerState (FollowerState.java:run(111)) - 2f9d8c1e-934d-4d04-b20a-ee991adbbfce@group-D7F11BEDA2BC-FollowerState: change to CANDIDATE, lastRpcTime:1057ms, electionTimeout:1057ms
2019-11-13 20:08:44,242 [Thread-4685] INFO  impl.RoleInfo (RoleInfo.java:shutdownFollowerState(121)) - 2f9d8c1e-934d-4d04-b20a-ee991adbbfce: shutdown FollowerState
2019-11-13 20:08:44,240 [d9031576-438e-4c71-bddc-2fb75a9376b9@group-271A45A22871-LeaderElection135] INFO  impl.RaftServerImpl (RaftServerImpl.java:setRole(173)) - d9031576-438e-4c71-bddc-2fb75a9376b9@group-271A45A22871: changes role from CANDIDATE to FOLLOWER at term 1 for DISCOVERED_A_NEW_TERM
2019-11-13 20:08:44,242 [Thread-4685] INFO  impl.RaftServerImpl (RaftServerImpl.java:setRole(173)) - 2f9d8c1e-934d-4d04-b20a-ee991adbbfce@group-D7F11BEDA2BC: changes role from  FOLLOWER to CANDIDATE at term 0 for changeToCandidate
2019-11-13 20:08:44,242 [020265cf-8215-4e82-9241-b31a46326517@group-36E479A5504C-LeaderElection137] INFO  server.RaftServerConfigKeys (ConfUtils.java:logGet(43)) - raft.server.rpc.sleep.time = 25ms (default)
2019-11-13 20:08:44,242 [63348c40-6caf-45cd-85ad-36e15dedc157@group-271A45A22871-LeaderElection136] INFO  impl.RoleInfo (RoleInfo.java:shutdownLeaderElection(134)) - 63348c40-6caf-45cd-85ad-36e15dedc157: shutdown LeaderElection
2019-11-13 20:08:44,243 [020265cf-8215-4e82-9241-b31a46326517@group-36E479A5504C-LeaderElection137] INFO  server.RaftServerConfigKeys (ConfUtils.java:logGet(43)) - raft.server.write.element-limit = 4096 (default)
2019-11-13 20:08:44,243 [Thread-4685] INFO  impl.RoleInfo (RoleInfo.java:updateAndGet(143)) - 2f9d8c1e-934d-4d04-b20a-ee991adbbfce: start LeaderElection
2019-11-13 20:08:44,243 [EventQueue-PipelineReportForPipelineReportHandler] INFO  pipeline.PipelineStateManager (PipelineStateManager.java:openPipeline(134)) - Pipeline Pipeline[ Id: 6ee95df6-16a8-47c9-be19-36e479a5504c, Nodes: 020265cf-8215-4e82-9241-b31a46326517{ip: 192.168.34.38, host: pr-hdds-2469-rfsxc-843238572, networkLocation: /rack1, certSerialId: null}, Type:RATIS, Factor:ONE, State:OPEN] moved to OPEN state
2019-11-13 20:08:44,243 [d9031576-438e-4c71-bddc-2fb75a9376b9@group-271A45A22871-LeaderElection135] INFO  impl.RoleInfo (RoleInfo.java:shutdownLeaderElection(134)) - d9031576-438e-4c71-bddc-2fb75a9376b9: shutdown LeaderElection
2019-11-13 20:08:44,243 [020265cf-8215-4e82-9241-b31a46326517@group-36E479A5504C-LeaderElection137] INFO  server.RaftServerConfigKeys (ConfUtils.java:logGet(43)) - raft.server.watch.timeout = 10s (default)
2019-11-13 20:08:44,243 [63348c40-6caf-45cd-85ad-36e15dedc157@group-271A45A22871-LeaderElection136] INFO  impl.RoleInfo (RoleInfo.java:updateAndGet(143)) - 63348c40-6caf-45cd-85ad-36e15dedc157: start FollowerState
2019-11-13 20:08:44,246 [020265cf-8215-4e82-9241-b31a46326517@group-36E479A5504C-LeaderElection137] INFO  server.RaftServerConfigKeys (ConfUtils.java:logGet(43)) - raft.server.watch.timeout.denomination = 1s (default)
2019-11-13 20:08:44,246 [d9031576-438e-4c71-bddc-2fb75a9376b9@group-271A45A22871-LeaderElection135] INFO  impl.RoleInfo (RoleInfo.java:updateAndGet(143)) - d9031576-438e-4c71-bddc-2fb75a9376b9: start FollowerState
2019-11-13 20:08:44,247 [020265cf-8215-4e82-9241-b31a46326517@group-36E479A5504C-LeaderElection137] INFO  server.RaftServerConfigKeys (ConfUtils.java:logGet(43)) - raft.server.watch.element-limit = 65536 (default)
2019-11-13 20:08:44,247 [020265cf-8215-4e82-9241-b31a46326517@group-36E479A5504C-LeaderElection137] INFO  impl.RoleInfo (RoleInfo.java:updateAndGet(143)) - 020265cf-8215-4e82-9241-b31a46326517: start LeaderState
2019-11-13 20:08:44,247 [020265cf-8215-4e82-9241-b31a46326517@group-36E479A5504C-LeaderElection137] INFO  segmented.SegmentedRaftLogWorker (SegmentedRaftLogWorker.java:startLogSegment(385)) - 020265cf-8215-4e82-9241-b31a46326517@group-36E479A5504C-SegmentedRaftLogWorker: Starting segment from index:0
2019-11-13 20:08:44,247 [9c82cd9c-0f64-450d-b3c2-ed8e29acca38@group-271A45A22871-LeaderElection138] INFO  impl.LeaderElection (LeaderElection.java:logAndReturn(56)) - 9c82cd9c-0f64-450d-b3c2-ed8e29acca38@group-271A45A22871-LeaderElection138: Election REJECTED; received 2 response(s) [9c82cd9c-0f64-450d-b3c2-ed8e29acca38<-63348c40-6caf-45cd-85ad-36e15dedc157#0:FAIL-t1, 9c82cd9c-0f64-450d-b3c2-ed8e29acca38<-d9031576-438e-4c71-bddc-2fb75a9376b9#0:FAIL-t1] and 0 exception(s); 9c82cd9c-0f64-450d-b3c2-ed8e29acca38@group-271A45A22871:t1, leader=null, voted=9c82cd9c-0f64-450d-b3c2-ed8e29acca38, raftlog=9c82cd9c-0f64-450d-b3c2-ed8e29acca38@group-271A45A22871-SegmentedRaftLog:OPENED:c-1,f-1,i0, conf=-1: [63348c40-6caf-45cd-85ad-36e15dedc157:192.168.34.38:33072, d9031576-438e-4c71-bddc-2fb75a9376b9:192.168.34.38:45924, 9c82cd9c-0f64-450d-b3c2-ed8e29acca38:192.168.34.38:36061], old=null
2019-11-13 20:08:44,248 [9c82cd9c-0f64-450d-b3c2-ed8e29acca38@group-271A45A22871-LeaderElection138] INFO  impl.RaftServerImpl (RaftServerImpl.java:setRole(173)) - 9c82cd9c-0f64-450d-b3c2-ed8e29acca38@group-271A45A22871: changes role from CANDIDATE to FOLLOWER at term 1 for DISCOVERED_A_NEW_TERM
2019-11-13 20:08:44,248 [020265cf-8215-4e82-9241-b31a46326517@group-36E479A5504C-LeaderElection137] INFO  impl.RaftServerImpl (ServerState.java:setRaftConf(356)) - 020265cf-8215-4e82-9241-b31a46326517@group-36E479A5504C: set configuration 0: [020265cf-8215-4e82-9241-b31a46326517:192.168.34.38:43042], old=null at 0
2019-11-13 20:08:44,248 [9c82cd9c-0f64-450d-b3c2-ed8e29acca38@group-271A45A22871-LeaderElection138] INFO  impl.RoleInfo (RoleInfo.java:shutdownLeaderElection(134)) - 9c82cd9c-0f64-450d-b3c2-ed8e29acca38: shutdown LeaderElection
2019-11-13 20:08:44,248 [9c82cd9c-0f64-450d-b3c2-ed8e29acca38@group-271A45A22871-LeaderElection138] INFO  impl.RoleInfo (RoleInfo.java:updateAndGet(143)) - 9c82cd9c-0f64-450d-b3c2-ed8e29acca38: start FollowerState
2019-11-13 20:08:44,259 [2f9d8c1e-934d-4d04-b20a-ee991adbbfce@group-D7F11BEDA2BC-LeaderElection139] INFO  impl.LeaderElection (LeaderElection.java:askForVotes(178)) - 2f9d8c1e-934d-4d04-b20a-ee991adbbfce@group-D7F11BEDA2BC-LeaderElection139: begin an election at term 1 for -1: [2f9d8c1e-934d-4d04-b20a-ee991adbbfce:192.168.34.38:42314], old=null
2019-11-13 20:08:44,259 [2f9d8c1e-934d-4d04-b20a-ee991adbbfce@group-D7F11BEDA2BC-LeaderElection139] INFO  impl.RoleInfo (RoleInfo.java:shutdownLeaderElection(134)) - 2f9d8c1e-934d-4d04-b20a-ee991adbbfce: shutdown LeaderElection
2019-11-13 20:08:44,259 [2f9d8c1e-934d-4d04-b20a-ee991adbbfce@group-D7F11BEDA2BC-LeaderElection139] INFO  impl.RaftServerImpl (RaftServerImpl.java:setRole(173)) - 2f9d8c1e-934d-4d04-b20a-ee991adbbfce@group-D7F11BEDA2BC: changes role from CANDIDATE to LEADER at term 1 for changeToLeader
2019-11-13 20:08:44,259 [2f9d8c1e-934d-4d04-b20a-ee991adbbfce@group-D7F11BEDA2BC-LeaderElection139] INFO  ratis.XceiverServerRatis (XceiverServerRatis.java:handleLeaderChangedNotification(697)) - Leader change notification received for group: group-D7F11BEDA2BC with new leaderId: 2f9d8c1e-934d-4d04-b20a-ee991adbbfce
2019-11-13 20:08:44,259 [2f9d8c1e-934d-4d04-b20a-ee991adbbfce@group-D7F11BEDA2BC-LeaderElection139] INFO  impl.RaftServerImpl (ServerState.java:setLeader(255)) - 2f9d8c1e-934d-4d04-b20a-ee991adbbfce@group-D7F11BEDA2BC: change Leader from null to 2f9d8c1e-934d-4d04-b20a-ee991adbbfce at term 1 for becomeLeader, leader elected after 1078ms
2019-11-13 20:08:44,260 [2f9d8c1e-934d-4d04-b20a-ee991adbbfce@group-D7F11BEDA2BC-LeaderElection139] INFO  server.RaftServerConfigKeys (ConfUtils.java:logGet(43)) - raft.server.staging.catchup.gap = 1000 (default)
2019-11-13 20:08:44,260 [2f9d8c1e-934d-4d04-b20a-ee991adbbfce@group-D7F11BEDA2BC-LeaderElection139] INFO  server.RaftServerConfigKeys (ConfUtils.java:logGet(43)) - raft.server.rpc.sleep.time = 25ms (default)
2019-11-13 20:08:44,273 [2f9d8c1e-934d-4d04-b20a-ee991adbbfce@group-D7F11BEDA2BC-LeaderElection139] INFO  server.RaftServerConfigKeys (ConfUtils.java:logGet(43)) - raft.server.write.element-limit = 4096 (default)
2019-11-13 20:08:44,273 [2f9d8c1e-934d-4d04-b20a-ee991adbbfce@group-D7F11BEDA2BC-LeaderElection139] INFO  server.RaftServerConfigKeys (ConfUtils.java:logGet(43)) - raft.server.watch.timeout = 10s (default)
2019-11-13 20:08:44,273 [2f9d8c1e-934d-4d04-b20a-ee991adbbfce@group-D7F11BEDA2BC-LeaderElection139] INFO  server.RaftServerConfigKeys (ConfUtils.java:logGet(43)) - raft.server.watch.timeout.denomination = 1s (default)
2019-11-13 20:08:44,273 [2f9d8c1e-934d-4d04-b20a-ee991adbbfce@group-D7F11BEDA2BC-LeaderElection139] INFO  server.RaftServerConfigKeys (ConfUtils.java:logGet(43)) - raft.server.watch.element-limit = 65536 (default)
2019-11-13 20:08:44,274 [2f9d8c1e-934d-4d04-b20a-ee991adbbfce@group-D7F11BEDA2BC-LeaderElection139] INFO  impl.RoleInfo (RoleInfo.java:updateAndGet(143)) - 2f9d8c1e-934d-4d04-b20a-ee991adbbfce: start LeaderState
2019-11-13 20:08:44,274 [EventQueue-PipelineReportForPipelineReportHandler] INFO  pipeline.PipelineStateManager (PipelineStateManager.java:openPipeline(134)) - Pipeline Pipeline[ Id: b3376f05-3f63-46ea-8411-d7f11beda2bc, Nodes: 2f9d8c1e-934d-4d04-b20a-ee991adbbfce{ip: 192.168.34.38, host: pr-hdds-2469-rfsxc-843238572, networkLocation: /rack1, certSerialId: null}, Type:RATIS, Factor:ONE, State:OPEN] moved to OPEN state
2019-11-13 20:08:44,274 [2f9d8c1e-934d-4d04-b20a-ee991adbbfce@group-D7F11BEDA2BC-LeaderElection139] INFO  segmented.SegmentedRaftLogWorker (SegmentedRaftLogWorker.java:startLogSegment(385)) - 2f9d8c1e-934d-4d04-b20a-ee991adbbfce@group-D7F11BEDA2BC-SegmentedRaftLogWorker: Starting segment from index:0
2019-11-13 20:08:44,274 [2f9d8c1e-934d-4d04-b20a-ee991adbbfce@group-D7F11BEDA2BC-LeaderElection139] INFO  impl.RaftServerImpl (ServerState.java:setRaftConf(356)) - 2f9d8c1e-934d-4d04-b20a-ee991adbbfce@group-D7F11BEDA2BC: set configuration 0: [2f9d8c1e-934d-4d04-b20a-ee991adbbfce:192.168.34.38:42314], old=null at 0
2019-11-13 20:08:44,286 [020265cf-8215-4e82-9241-b31a46326517@group-36E479A5504C-SegmentedRaftLogWorker] INFO  segmented.SegmentedRaftLogWorker (SegmentedRaftLogWorker.java:execute(576)) - 020265cf-8215-4e82-9241-b31a46326517@group-36E479A5504C-SegmentedRaftLogWorker: created new log segment /workdir/hadoop-ozone/integration-test/target/test-dir/MiniOzoneClusterImpl-89214370-af8c-46c8-b403-f68b2ae7a3e8/datanode-3/data/ratis/6ee95df6-16a8-47c9-be19-36e479a5504c/current/log_inprogress_0
2019-11-13 20:08:44,305 [Thread-4691] INFO  impl.FollowerState (FollowerState.java:run(111)) - 020265cf-8215-4e82-9241-b31a46326517@group-CACAE94F18FD-FollowerState: change to CANDIDATE, lastRpcTime:1032ms, electionTimeout:1032ms
2019-11-13 20:08:44,305 [Thread-4691] INFO  impl.RoleInfo (RoleInfo.java:shutdownFollowerState(121)) - 020265cf-8215-4e82-9241-b31a46326517: shutdown FollowerState
2019-11-13 20:08:44,305 [Thread-4691] INFO  impl.RaftServerImpl (RaftServerImpl.java:setRole(173)) - 020265cf-8215-4e82-9241-b31a46326517@group-CACAE94F18FD: changes role from  FOLLOWER to CANDIDATE at term 0 for changeToCandidate
2019-11-13 20:08:44,305 [Thread-4691] INFO  impl.RoleInfo (RoleInfo.java:updateAndGet(143)) - 020265cf-8215-4e82-9241-b31a46326517: start LeaderElection
2019-11-13 20:08:44,314 [2f9d8c1e-934d-4d04-b20a-ee991adbbfce@group-D7F11BEDA2BC-SegmentedRaftLogWorker] INFO  segmented.SegmentedRaftLogWorker (SegmentedRaftLogWorker.java:execute(576)) - 2f9d8c1e-934d-4d04-b20a-ee991adbbfce@group-D7F11BEDA2BC-SegmentedRaftLogWorker: created new log segment /workdir/hadoop-ozone/integration-test/target/test-dir/MiniOzoneClusterImpl-89214370-af8c-46c8-b403-f68b2ae7a3e8/datanode-4/data/ratis/b3376f05-3f63-46ea-8411-d7f11beda2bc/current/log_inprogress_0
2019-11-13 20:08:44,314 [020265cf-8215-4e82-9241-b31a46326517@group-CACAE94F18FD-LeaderElection140] INFO  impl.LeaderElection (LeaderElection.java:askForVotes(178)) - 020265cf-8215-4e82-9241-b31a46326517@group-CACAE94F18FD-LeaderElection140: begin an election at term 1 for -1: [020265cf-8215-4e82-9241-b31a46326517:192.168.34.38:43042, 2f9d8c1e-934d-4d04-b20a-ee991adbbfce:192.168.34.38:42314, 4ac79741-1dc4-4e7a-a50d-ac53fab10d14:192.168.34.38:46397], old=null
2019-11-13 20:08:44,319 [grpc-default-executor-11] INFO  impl.RaftServerImpl (RaftServerImpl.java:setRole(173)) - 2f9d8c1e-934d-4d04-b20a-ee991adbbfce@group-CACAE94F18FD: changes role from  FOLLOWER to FOLLOWER at term 1 for recognizeCandidate:020265cf-8215-4e82-9241-b31a46326517
2019-11-13 20:08:44,320 [grpc-default-executor-7] INFO  impl.RaftServerImpl (RaftServerImpl.java:setRole(173)) - 4ac79741-1dc4-4e7a-a50d-ac53fab10d14@group-CACAE94F18FD: changes role from  FOLLOWER to FOLLOWER at term 1 for recognizeCandidate:020265cf-8215-4e82-9241-b31a46326517
2019-11-13 20:08:44,320 [grpc-default-executor-11] INFO  impl.RoleInfo (RoleInfo.java:shutdownFollowerState(121)) - 2f9d8c1e-934d-4d04-b20a-ee991adbbfce: shutdown FollowerState
2019-11-13 20:08:44,321 [grpc-default-executor-7] INFO  impl.RoleInfo (RoleInfo.java:shutdownFollowerState(121)) - 4ac79741-1dc4-4e7a-a50d-ac53fab10d14: shutdown FollowerState
2019-11-13 20:08:44,321 [grpc-default-executor-11] INFO  impl.RoleInfo (RoleInfo.java:updateAndGet(143)) - 2f9d8c1e-934d-4d04-b20a-ee991adbbfce: start FollowerState
2019-11-13 20:08:44,321 [Thread-4694] INFO  impl.FollowerState (FollowerState.java:run(120)) - 2f9d8c1e-934d-4d04-b20a-ee991adbbfce@group-CACAE94F18FD-FollowerState was interrupted: java.lang.InterruptedException: sleep interrupted
2019-11-13 20:08:44,321 [grpc-default-executor-7] INFO  impl.RoleInfo (RoleInfo.java:updateAndGet(143)) - 4ac79741-1dc4-4e7a-a50d-ac53fab10d14: start FollowerState
2019-11-13 20:08:44,321 [Thread-4696] INFO  impl.FollowerState (FollowerState.java:run(120)) - 4ac79741-1dc4-4e7a-a50d-ac53fab10d14@group-CACAE94F18FD-FollowerState was interrupted: java.lang.InterruptedException: sleep interrupted
2019-11-13 20:08:44,335 [020265cf-8215-4e82-9241-b31a46326517@group-CACAE94F18FD-LeaderElection140] INFO  impl.LeaderElection (LeaderElection.java:logAndReturn(56)) - 020265cf-8215-4e82-9241-b31a46326517@group-CACAE94F18FD-LeaderElection140: Election PASSED; received 1 response(s) [020265cf-8215-4e82-9241-b31a46326517<-2f9d8c1e-934d-4d04-b20a-ee991adbbfce#0:OK-t1] and 0 exception(s); 020265cf-8215-4e82-9241-b31a46326517@group-CACAE94F18FD:t1, leader=null, voted=020265cf-8215-4e82-9241-b31a46326517, raftlog=020265cf-8215-4e82-9241-b31a46326517@group-CACAE94F18FD-SegmentedRaftLog:OPENED:c-1,f-1,i0, conf=-1: [020265cf-8215-4e82-9241-b31a46326517:192.168.34.38:43042, 2f9d8c1e-934d-4d04-b20a-ee991adbbfce:192.168.34.38:42314, 4ac79741-1dc4-4e7a-a50d-ac53fab10d14:192.168.34.38:46397], old=null
2019-11-13 20:08:44,335 [020265cf-8215-4e82-9241-b31a46326517@group-CACAE94F18FD-LeaderElection140] INFO  impl.RoleInfo (RoleInfo.java:shutdownLeaderElection(134)) - 020265cf-8215-4e82-9241-b31a46326517: shutdown LeaderElection
2019-11-13 20:08:44,335 [020265cf-8215-4e82-9241-b31a46326517@group-CACAE94F18FD-LeaderElection140] INFO  impl.RaftServerImpl (RaftServerImpl.java:setRole(173)) - 020265cf-8215-4e82-9241-b31a46326517@group-CACAE94F18FD: changes role from CANDIDATE to LEADER at term 1 for changeToLeader
2019-11-13 20:08:44,336 [020265cf-8215-4e82-9241-b31a46326517@group-CACAE94F18FD-LeaderElection140] INFO  ratis.XceiverServerRatis (XceiverServerRatis.java:handleLeaderChangedNotification(697)) - Leader change notification received for group: group-CACAE94F18FD with new leaderId: 020265cf-8215-4e82-9241-b31a46326517
2019-11-13 20:08:44,336 [020265cf-8215-4e82-9241-b31a46326517@group-CACAE94F18FD-LeaderElection140] INFO  impl.RaftServerImpl (ServerState.java:setLeader(255)) - 020265cf-8215-4e82-9241-b31a46326517@group-CACAE94F18FD: change Leader from null to 020265cf-8215-4e82-9241-b31a46326517 at term 1 for becomeLeader, leader elected after 1067ms
2019-11-13 20:08:44,336 [020265cf-8215-4e82-9241-b31a46326517@group-CACAE94F18FD-LeaderElection140] INFO  server.RaftServerConfigKeys (ConfUtils.java:logGet(43)) - raft.server.staging.catchup.gap = 1000 (default)
2019-11-13 20:08:44,336 [020265cf-8215-4e82-9241-b31a46326517@group-CACAE94F18FD-LeaderElection140] INFO  server.RaftServerConfigKeys (ConfUtils.java:logGet(43)) - raft.server.rpc.sleep.time = 25ms (default)
2019-11-13 20:08:44,336 [020265cf-8215-4e82-9241-b31a46326517@group-CACAE94F18FD-LeaderElection140] INFO  server.RaftServerConfigKeys (ConfUtils.java:logGet(43)) - raft.server.write.element-limit = 4096 (default)
2019-11-13 20:08:44,336 [020265cf-8215-4e82-9241-b31a46326517@group-CACAE94F18FD-LeaderElection140] INFO  server.RaftServerConfigKeys (ConfUtils.java:logGet(43)) - raft.server.watch.timeout = 10s (default)
2019-11-13 20:08:44,336 [020265cf-8215-4e82-9241-b31a46326517@group-CACAE94F18FD-LeaderElection140] INFO  server.RaftServerConfigKeys (ConfUtils.java:logGet(43)) - raft.server.watch.timeout.denomination = 1s (default)
2019-11-13 20:08:44,336 [020265cf-8215-4e82-9241-b31a46326517@group-CACAE94F18FD-LeaderElection140] INFO  server.RaftServerConfigKeys (ConfUtils.java:logGet(43)) - raft.server.watch.element-limit = 65536 (default)
2019-11-13 20:08:44,336 [EventQueue-PipelineReportForPipelineReportHandler] INFO  pipeline.PipelineStateManager (PipelineStateManager.java:openPipeline(134)) - Pipeline Pipeline[ Id: ce5ca963-0873-4693-a8db-cacae94f18fd, Nodes: 4ac79741-1dc4-4e7a-a50d-ac53fab10d14{ip: 192.168.34.38, host: pr-hdds-2469-rfsxc-843238572, networkLocation: /rack1, certSerialId: null}020265cf-8215-4e82-9241-b31a46326517{ip: 192.168.34.38, host: pr-hdds-2469-rfsxc-843238572, networkLocation: /rack1, certSerialId: null}2f9d8c1e-934d-4d04-b20a-ee991adbbfce{ip: 192.168.34.38, host: pr-hdds-2469-rfsxc-843238572, networkLocation: /rack1, certSerialId: null}, Type:RATIS, Factor:THREE, State:OPEN] moved to OPEN state
2019-11-13 20:08:44,337 [020265cf-8215-4e82-9241-b31a46326517@group-CACAE94F18FD-LeaderElection140] INFO  server.RaftServerConfigKeys (ConfUtils.java:logGet(43)) - raft.server.log.appender.snapshot.chunk.size.max = 16MB (=16777216) (default)
2019-11-13 20:08:44,337 [020265cf-8215-4e82-9241-b31a46326517@group-CACAE94F18FD-LeaderElection140] INFO  server.RaftServerConfigKeys (ConfUtils.java:logGet(43)) - raft.server.log.appender.buffer.byte-limit = 33554432 (custom)
2019-11-13 20:08:44,337 [020265cf-8215-4e82-9241-b31a46326517@group-CACAE94F18FD-LeaderElection140] INFO  server.RaftServerConfigKeys (ConfUtils.java:logGet(43)) - raft.server.log.appender.buffer.element-limit = 1 (custom)
2019-11-13 20:08:44,337 [020265cf-8215-4e82-9241-b31a46326517@group-CACAE94F18FD-LeaderElection140] INFO  grpc.GrpcConfigKeys$Server (ConfUtils.java:logGet(43)) - raft.grpc.server.leader.outstanding.appends.max = 128 (default)
2019-11-13 20:08:44,337 [020265cf-8215-4e82-9241-b31a46326517@group-CACAE94F18FD-LeaderElection140] INFO  server.RaftServerConfigKeys (ConfUtils.java:logGet(43)) - raft.server.rpc.request.timeout = 3000ms (default)
2019-11-13 20:08:44,337 [020265cf-8215-4e82-9241-b31a46326517@group-CACAE94F18FD-LeaderElection140] INFO  server.RaftServerConfigKeys (ConfUtils.java:logGet(43)) - raft.server.log.appender.install.snapshot.enabled = false (custom)
2019-11-13 20:08:44,337 [020265cf-8215-4e82-9241-b31a46326517@group-CACAE94F18FD-LeaderElection140] WARN  impl.MetricRegistriesImpl (MetricRegistriesImpl.java:lambda$create$1(61)) - First MetricRegistry has been created without registering reporters. You may need to call MetricRegistries.global().addReportRegistration(...) before.
2019-11-13 20:08:44,338 [020265cf-8215-4e82-9241-b31a46326517@group-CACAE94F18FD-LeaderElection140] INFO  server.RaftServerConfigKeys (ConfUtils.java:logGet(43)) - raft.server.log.appender.snapshot.chunk.size.max = 16MB (=16777216) (default)
2019-11-13 20:08:44,338 [020265cf-8215-4e82-9241-b31a46326517@group-CACAE94F18FD-LeaderElection140] INFO  server.RaftServerConfigKeys (ConfUtils.java:logGet(43)) - raft.server.log.appender.buffer.byte-limit = 33554432 (custom)
2019-11-13 20:08:44,338 [020265cf-8215-4e82-9241-b31a46326517@group-CACAE94F18FD-LeaderElection140] INFO  server.RaftServerConfigKeys (ConfUtils.java:logGet(43)) - raft.server.log.appender.buffer.element-limit = 1 (custom)
2019-11-13 20:08:44,338 [020265cf-8215-4e82-9241-b31a46326517@group-CACAE94F18FD-LeaderElection140] INFO  grpc.GrpcConfigKeys$Server (ConfUtils.java:logGet(43)) - raft.grpc.server.leader.outstanding.appends.max = 128 (default)
2019-11-13 20:08:44,338 [020265cf-8215-4e82-9241-b31a46326517@group-CACAE94F18FD-LeaderElection140] INFO  server.RaftServerConfigKeys (ConfUtils.java:logGet(43)) - raft.server.rpc.request.timeout = 3000ms (default)
2019-11-13 20:08:44,338 [020265cf-8215-4e82-9241-b31a46326517@group-CACAE94F18FD-LeaderElection140] INFO  server.RaftServerConfigKeys (ConfUtils.java:logGet(43)) - raft.server.log.appender.install.snapshot.enabled = false (custom)
2019-11-13 20:08:44,338 [020265cf-8215-4e82-9241-b31a46326517@group-CACAE94F18FD-LeaderElection140] INFO  impl.RoleInfo (RoleInfo.java:updateAndGet(143)) - 020265cf-8215-4e82-9241-b31a46326517: start LeaderState
2019-11-13 20:08:44,339 [020265cf-8215-4e82-9241-b31a46326517@group-CACAE94F18FD-LeaderElection140] INFO  segmented.SegmentedRaftLogWorker (SegmentedRaftLogWorker.java:startLogSegment(385)) - 020265cf-8215-4e82-9241-b31a46326517@group-CACAE94F18FD-SegmentedRaftLogWorker: Starting segment from index:0
2019-11-13 20:08:44,339 [020265cf-8215-4e82-9241-b31a46326517@group-CACAE94F18FD-LeaderElection140] INFO  impl.RaftServerImpl (ServerState.java:setRaftConf(356)) - 020265cf-8215-4e82-9241-b31a46326517@group-CACAE94F18FD: set configuration 0: [020265cf-8215-4e82-9241-b31a46326517:192.168.34.38:43042, 2f9d8c1e-934d-4d04-b20a-ee991adbbfce:192.168.34.38:42314, 4ac79741-1dc4-4e7a-a50d-ac53fab10d14:192.168.34.38:46397], old=null at 0
2019-11-13 20:08:44,340 [grpc-default-executor-11] INFO  ratis.XceiverServerRatis (XceiverServerRatis.java:handleLeaderChangedNotification(697)) - Leader change notification received for group: group-CACAE94F18FD with new leaderId: 020265cf-8215-4e82-9241-b31a46326517
2019-11-13 20:08:44,340 [grpc-default-executor-11] INFO  impl.RaftServerImpl (ServerState.java:setLeader(255)) - 2f9d8c1e-934d-4d04-b20a-ee991adbbfce@group-CACAE94F18FD: change Leader from null to 020265cf-8215-4e82-9241-b31a46326517 at term 1 for appendEntries, leader elected after 1072ms
2019-11-13 20:08:44,340 [grpc-default-executor-7] INFO  ratis.XceiverServerRatis (XceiverServerRatis.java:handleLeaderChangedNotification(697)) - Leader change notification received for group: group-CACAE94F18FD with new leaderId: 020265cf-8215-4e82-9241-b31a46326517
2019-11-13 20:08:44,340 [grpc-default-executor-7] INFO  impl.RaftServerImpl (ServerState.java:setLeader(255)) - 4ac79741-1dc4-4e7a-a50d-ac53fab10d14@group-CACAE94F18FD: change Leader from null to 020265cf-8215-4e82-9241-b31a46326517 at term 1 for appendEntries, leader elected after 1072ms
2019-11-13 20:08:44,371 [grpc-default-executor-7] INFO  impl.RaftServerImpl (ServerState.java:setRaftConf(356)) - 2f9d8c1e-934d-4d04-b20a-ee991adbbfce@group-CACAE94F18FD: set configuration 0: [020265cf-8215-4e82-9241-b31a46326517:192.168.34.38:43042, 2f9d8c1e-934d-4d04-b20a-ee991adbbfce:192.168.34.38:42314, 4ac79741-1dc4-4e7a-a50d-ac53fab10d14:192.168.34.38:46397], old=null at 0
2019-11-13 20:08:44,371 [grpc-default-executor-7] INFO  segmented.SegmentedRaftLogWorker (SegmentedRaftLogWorker.java:startLogSegment(385)) - 2f9d8c1e-934d-4d04-b20a-ee991adbbfce@group-CACAE94F18FD-SegmentedRaftLogWorker: Starting segment from index:0
2019-11-13 20:08:44,371 [grpc-default-executor-11] INFO  impl.RaftServerImpl (ServerState.java:setRaftConf(356)) - 4ac79741-1dc4-4e7a-a50d-ac53fab10d14@group-CACAE94F18FD: set configuration 0: [020265cf-8215-4e82-9241-b31a46326517:192.168.34.38:43042, 2f9d8c1e-934d-4d04-b20a-ee991adbbfce:192.168.34.38:42314, 4ac79741-1dc4-4e7a-a50d-ac53fab10d14:192.168.34.38:46397], old=null at 0
2019-11-13 20:08:44,371 [grpc-default-executor-11] INFO  segmented.SegmentedRaftLogWorker (SegmentedRaftLogWorker.java:startLogSegment(385)) - 4ac79741-1dc4-4e7a-a50d-ac53fab10d14@group-CACAE94F18FD-SegmentedRaftLogWorker: Starting segment from index:0
2019-11-13 20:08:44,381 [020265cf-8215-4e82-9241-b31a46326517@group-CACAE94F18FD-SegmentedRaftLogWorker] INFO  segmented.SegmentedRaftLogWorker (SegmentedRaftLogWorker.java:execute(576)) - 020265cf-8215-4e82-9241-b31a46326517@group-CACAE94F18FD-SegmentedRaftLogWorker: created new log segment /workdir/hadoop-ozone/integration-test/target/test-dir/MiniOzoneClusterImpl-89214370-af8c-46c8-b403-f68b2ae7a3e8/datanode-3/data/ratis/ce5ca963-0873-4693-a8db-cacae94f18fd/current/log_inprogress_0
2019-11-13 20:08:44,408 [2f9d8c1e-934d-4d04-b20a-ee991adbbfce@group-CACAE94F18FD-SegmentedRaftLogWorker] INFO  segmented.SegmentedRaftLogWorker (SegmentedRaftLogWorker.java:execute(576)) - 2f9d8c1e-934d-4d04-b20a-ee991adbbfce@group-CACAE94F18FD-SegmentedRaftLogWorker: created new log segment /workdir/hadoop-ozone/integration-test/target/test-dir/MiniOzoneClusterImpl-89214370-af8c-46c8-b403-f68b2ae7a3e8/datanode-4/data/ratis/ce5ca963-0873-4693-a8db-cacae94f18fd/current/log_inprogress_0
2019-11-13 20:08:44,408 [4ac79741-1dc4-4e7a-a50d-ac53fab10d14@group-CACAE94F18FD-SegmentedRaftLogWorker] INFO  segmented.SegmentedRaftLogWorker (SegmentedRaftLogWorker.java:execute(576)) - 4ac79741-1dc4-4e7a-a50d-ac53fab10d14@group-CACAE94F18FD-SegmentedRaftLogWorker: created new log segment /workdir/hadoop-ozone/integration-test/target/test-dir/MiniOzoneClusterImpl-89214370-af8c-46c8-b403-f68b2ae7a3e8/datanode-5/data/ratis/ce5ca963-0873-4693-a8db-cacae94f18fd/current/log_inprogress_0
2019-11-13 20:08:44,413 [Thread-4688] INFO  impl.FollowerState (FollowerState.java:run(111)) - 4ac79741-1dc4-4e7a-a50d-ac53fab10d14@group-F0FC473F13FD-FollowerState: change to CANDIDATE, lastRpcTime:1186ms, electionTimeout:1186ms
2019-11-13 20:08:44,413 [Thread-4688] INFO  impl.RoleInfo (RoleInfo.java:shutdownFollowerState(121)) - 4ac79741-1dc4-4e7a-a50d-ac53fab10d14: shutdown FollowerState
2019-11-13 20:08:44,414 [Thread-4688] INFO  impl.RaftServerImpl (RaftServerImpl.java:setRole(173)) - 4ac79741-1dc4-4e7a-a50d-ac53fab10d14@group-F0FC473F13FD: changes role from  FOLLOWER to CANDIDATE at term 0 for changeToCandidate
2019-11-13 20:08:44,414 [Thread-4688] INFO  impl.RoleInfo (RoleInfo.java:updateAndGet(143)) - 4ac79741-1dc4-4e7a-a50d-ac53fab10d14: start LeaderElection
2019-11-13 20:08:44,426 [4ac79741-1dc4-4e7a-a50d-ac53fab10d14@group-F0FC473F13FD-LeaderElection141] INFO  impl.LeaderElection (LeaderElection.java:askForVotes(178)) - 4ac79741-1dc4-4e7a-a50d-ac53fab10d14@group-F0FC473F13FD-LeaderElection141: begin an election at term 1 for -1: [4ac79741-1dc4-4e7a-a50d-ac53fab10d14:192.168.34.38:46397], old=null
2019-11-13 20:08:44,426 [4ac79741-1dc4-4e7a-a50d-ac53fab10d14@group-F0FC473F13FD-LeaderElection141] INFO  impl.RoleInfo (RoleInfo.java:shutdownLeaderElection(134)) - 4ac79741-1dc4-4e7a-a50d-ac53fab10d14: shutdown LeaderElection
2019-11-13 20:08:44,426 [4ac79741-1dc4-4e7a-a50d-ac53fab10d14@group-F0FC473F13FD-LeaderElection141] INFO  impl.RaftServerImpl (RaftServerImpl.java:setRole(173)) - 4ac79741-1dc4-4e7a-a50d-ac53fab10d14@group-F0FC473F13FD: changes role from CANDIDATE to LEADER at term 1 for changeToLeader
2019-11-13 20:08:44,426 [4ac79741-1dc4-4e7a-a50d-ac53fab10d14@group-F0FC473F13FD-LeaderElection141] INFO  ratis.XceiverServerRatis (XceiverServerRatis.java:handleLeaderChangedNotification(697)) - Leader change notification received for group: group-F0FC473F13FD with new leaderId: 4ac79741-1dc4-4e7a-a50d-ac53fab10d14
2019-11-13 20:08:44,426 [4ac79741-1dc4-4e7a-a50d-ac53fab10d14@group-F0FC473F13FD-LeaderElection141] INFO  impl.RaftServerImpl (ServerState.java:setLeader(255)) - 4ac79741-1dc4-4e7a-a50d-ac53fab10d14@group-F0FC473F13FD: change Leader from null to 4ac79741-1dc4-4e7a-a50d-ac53fab10d14 at term 1 for becomeLeader, leader elected after 1201ms
2019-11-13 20:08:44,426 [4ac79741-1dc4-4e7a-a50d-ac53fab10d14@group-F0FC473F13FD-LeaderElection141] INFO  server.RaftServerConfigKeys (ConfUtils.java:logGet(43)) - raft.server.staging.catchup.gap = 1000 (default)
2019-11-13 20:08:44,426 [4ac79741-1dc4-4e7a-a50d-ac53fab10d14@group-F0FC473F13FD-LeaderElection141] INFO  server.RaftServerConfigKeys (ConfUtils.java:logGet(43)) - raft.server.rpc.sleep.time = 25ms (default)
2019-11-13 20:08:44,428 [4ac79741-1dc4-4e7a-a50d-ac53fab10d14@group-F0FC473F13FD-LeaderElection141] INFO  server.RaftServerConfigKeys (ConfUtils.java:logGet(43)) - raft.server.write.element-limit = 4096 (default)
2019-11-13 20:08:44,428 [4ac79741-1dc4-4e7a-a50d-ac53fab10d14@group-F0FC473F13FD-LeaderElection141] INFO  server.RaftServerConfigKeys (ConfUtils.java:logGet(43)) - raft.server.watch.timeout = 10s (default)
2019-11-13 20:08:44,428 [4ac79741-1dc4-4e7a-a50d-ac53fab10d14@group-F0FC473F13FD-LeaderElection141] INFO  server.RaftServerConfigKeys (ConfUtils.java:logGet(43)) - raft.server.watch.timeout.denomination = 1s (default)
2019-11-13 20:08:44,428 [4ac79741-1dc4-4e7a-a50d-ac53fab10d14@group-F0FC473F13FD-LeaderElection141] INFO  server.RaftServerConfigKeys (ConfUtils.java:logGet(43)) - raft.server.watch.element-limit = 65536 (default)
2019-11-13 20:08:44,428 [4ac79741-1dc4-4e7a-a50d-ac53fab10d14@group-F0FC473F13FD-LeaderElection141] INFO  impl.RoleInfo (RoleInfo.java:updateAndGet(143)) - 4ac79741-1dc4-4e7a-a50d-ac53fab10d14: start LeaderState
2019-11-13 20:08:44,428 [4ac79741-1dc4-4e7a-a50d-ac53fab10d14@group-F0FC473F13FD-LeaderElection141] INFO  segmented.SegmentedRaftLogWorker (SegmentedRaftLogWorker.java:startLogSegment(385)) - 4ac79741-1dc4-4e7a-a50d-ac53fab10d14@group-F0FC473F13FD-SegmentedRaftLogWorker: Starting segment from index:0
2019-11-13 20:08:44,429 [EventQueue-PipelineReportForPipelineReportHandler] INFO  pipeline.PipelineStateManager (PipelineStateManager.java:openPipeline(134)) - Pipeline Pipeline[ Id: 78479c21-f636-4634-9089-f0fc473f13fd, Nodes: 4ac79741-1dc4-4e7a-a50d-ac53fab10d14{ip: 192.168.34.38, host: pr-hdds-2469-rfsxc-843238572, networkLocation: /rack1, certSerialId: null}, Type:RATIS, Factor:ONE, State:OPEN] moved to OPEN state
2019-11-13 20:08:44,429 [4ac79741-1dc4-4e7a-a50d-ac53fab10d14@group-F0FC473F13FD-LeaderElection141] INFO  impl.RaftServerImpl (ServerState.java:setRaftConf(356)) - 4ac79741-1dc4-4e7a-a50d-ac53fab10d14@group-F0FC473F13FD: set configuration 0: [4ac79741-1dc4-4e7a-a50d-ac53fab10d14:192.168.34.38:46397], old=null at 0
2019-11-13 20:08:44,450 [Thread-4700] INFO  impl.FollowerState (FollowerState.java:run(111)) - 8446ee0c-69c2-4e02-91d0-278741efb561@group-08BF50F2A040-FollowerState: change to CANDIDATE, lastRpcTime:1124ms, electionTimeout:1124ms
2019-11-13 20:08:44,450 [Thread-4700] INFO  impl.RoleInfo (RoleInfo.java:shutdownFollowerState(121)) - 8446ee0c-69c2-4e02-91d0-278741efb561: shutdown FollowerState
2019-11-13 20:08:44,450 [Thread-4700] INFO  impl.RaftServerImpl (RaftServerImpl.java:setRole(173)) - 8446ee0c-69c2-4e02-91d0-278741efb561@group-08BF50F2A040: changes role from  FOLLOWER to CANDIDATE at term 0 for changeToCandidate
2019-11-13 20:08:44,450 [Thread-4700] INFO  impl.RoleInfo (RoleInfo.java:updateAndGet(143)) - 8446ee0c-69c2-4e02-91d0-278741efb561: start LeaderElection
2019-11-13 20:08:44,458 [Thread-4713] INFO  impl.FollowerState (FollowerState.java:run(111)) - 2be136fa-895c-4486-93c9-d92ffb9d7f91@group-7FA8BB7384C7-FollowerState: change to CANDIDATE, lastRpcTime:1003ms, electionTimeout:1003ms
2019-11-13 20:08:44,458 [Thread-4713] INFO  impl.RoleInfo (RoleInfo.java:shutdownFollowerState(121)) - 2be136fa-895c-4486-93c9-d92ffb9d7f91: shutdown FollowerState
2019-11-13 20:08:44,458 [Thread-4713] INFO  impl.RaftServerImpl (RaftServerImpl.java:setRole(173)) - 2be136fa-895c-4486-93c9-d92ffb9d7f91@group-7FA8BB7384C7: changes role from  FOLLOWER to CANDIDATE at term 0 for changeToCandidate
2019-11-13 20:08:44,458 [Thread-4713] INFO  impl.RoleInfo (RoleInfo.java:updateAndGet(143)) - 2be136fa-895c-4486-93c9-d92ffb9d7f91: start LeaderElection
2019-11-13 20:08:44,458 [main] INFO  ozone.MiniOzoneClusterImpl (MiniOzoneClusterImpl.java:lambda$waitForClusterToBeReady$2(163)) - Waiting for 5 number of pipelines out of 12, to report a leader.
2019-11-13 20:08:44,468 [Thread-4703] INFO  impl.FollowerState (FollowerState.java:run(111)) - 167876bd-92c4-4c51-979b-51b12cb252bf@group-164E92E95F0E-FollowerState: change to CANDIDATE, lastRpcTime:1102ms, electionTimeout:1102ms
2019-11-13 20:08:44,469 [Thread-4703] INFO  impl.RoleInfo (RoleInfo.java:shutdownFollowerState(121)) - 167876bd-92c4-4c51-979b-51b12cb252bf: shutdown FollowerState
2019-11-13 20:08:44,469 [Thread-4703] INFO  impl.RaftServerImpl (RaftServerImpl.java:setRole(173)) - 167876bd-92c4-4c51-979b-51b12cb252bf@group-164E92E95F0E: changes role from  FOLLOWER to CANDIDATE at term 0 for changeToCandidate
2019-11-13 20:08:44,469 [Thread-4703] INFO  impl.RoleInfo (RoleInfo.java:updateAndGet(143)) - 167876bd-92c4-4c51-979b-51b12cb252bf: start LeaderElection
2019-11-13 20:08:44,472 [4ac79741-1dc4-4e7a-a50d-ac53fab10d14@group-F0FC473F13FD-SegmentedRaftLogWorker] INFO  segmented.SegmentedRaftLogWorker (SegmentedRaftLogWorker.java:execute(576)) - 4ac79741-1dc4-4e7a-a50d-ac53fab10d14@group-F0FC473F13FD-SegmentedRaftLogWorker: created new log segment /workdir/hadoop-ozone/integration-test/target/test-dir/MiniOzoneClusterImpl-89214370-af8c-46c8-b403-f68b2ae7a3e8/datanode-5/data/ratis/78479c21-f636-4634-9089-f0fc473f13fd/current/log_inprogress_0
2019-11-13 20:08:44,472 [2be136fa-895c-4486-93c9-d92ffb9d7f91@group-7FA8BB7384C7-LeaderElection143] INFO  impl.LeaderElection (LeaderElection.java:askForVotes(178)) - 2be136fa-895c-4486-93c9-d92ffb9d7f91@group-7FA8BB7384C7-LeaderElection143: begin an election at term 1 for -1: [2be136fa-895c-4486-93c9-d92ffb9d7f91:192.168.34.38:35833, 8446ee0c-69c2-4e02-91d0-278741efb561:192.168.34.38:38186, 167876bd-92c4-4c51-979b-51b12cb252bf:192.168.34.38:45159], old=null
2019-11-13 20:08:44,472 [8446ee0c-69c2-4e02-91d0-278741efb561@group-08BF50F2A040-LeaderElection142] INFO  impl.LeaderElection (LeaderElection.java:askForVotes(178)) - 8446ee0c-69c2-4e02-91d0-278741efb561@group-08BF50F2A040-LeaderElection142: begin an election at term 1 for -1: [8446ee0c-69c2-4e02-91d0-278741efb561:192.168.34.38:38186], old=null
2019-11-13 20:08:44,472 [8446ee0c-69c2-4e02-91d0-278741efb561@group-08BF50F2A040-LeaderElection142] INFO  impl.RoleInfo (RoleInfo.java:shutdownLeaderElection(134)) - 8446ee0c-69c2-4e02-91d0-278741efb561: shutdown LeaderElection
2019-11-13 20:08:44,472 [8446ee0c-69c2-4e02-91d0-278741efb561@group-08BF50F2A040-LeaderElection142] INFO  impl.RaftServerImpl (RaftServerImpl.java:setRole(173)) - 8446ee0c-69c2-4e02-91d0-278741efb561@group-08BF50F2A040: changes role from CANDIDATE to LEADER at term 1 for changeToLeader
2019-11-13 20:08:44,472 [8446ee0c-69c2-4e02-91d0-278741efb561@group-08BF50F2A040-LeaderElection142] INFO  ratis.XceiverServerRatis (XceiverServerRatis.java:handleLeaderChangedNotification(697)) - Leader change notification received for group: group-08BF50F2A040 with new leaderId: 8446ee0c-69c2-4e02-91d0-278741efb561
2019-11-13 20:08:44,472 [8446ee0c-69c2-4e02-91d0-278741efb561@group-08BF50F2A040-LeaderElection142] INFO  impl.RaftServerImpl (ServerState.java:setLeader(255)) - 8446ee0c-69c2-4e02-91d0-278741efb561@group-08BF50F2A040: change Leader from null to 8446ee0c-69c2-4e02-91d0-278741efb561 at term 1 for becomeLeader, leader elected after 1148ms
2019-11-13 20:08:44,472 [8446ee0c-69c2-4e02-91d0-278741efb561@group-08BF50F2A040-LeaderElection142] INFO  server.RaftServerConfigKeys (ConfUtils.java:logGet(43)) - raft.server.staging.catchup.gap = 1000 (default)
2019-11-13 20:08:44,473 [8446ee0c-69c2-4e02-91d0-278741efb561@group-08BF50F2A040-LeaderElection142] INFO  server.RaftServerConfigKeys (ConfUtils.java:logGet(43)) - raft.server.rpc.sleep.time = 25ms (default)
2019-11-13 20:08:44,474 [8446ee0c-69c2-4e02-91d0-278741efb561@group-08BF50F2A040-LeaderElection142] INFO  server.RaftServerConfigKeys (ConfUtils.java:logGet(43)) - raft.server.write.element-limit = 4096 (default)
2019-11-13 20:08:44,474 [8446ee0c-69c2-4e02-91d0-278741efb561@group-08BF50F2A040-LeaderElection142] INFO  server.RaftServerConfigKeys (ConfUtils.java:logGet(43)) - raft.server.watch.timeout = 10s (default)
2019-11-13 20:08:44,474 [8446ee0c-69c2-4e02-91d0-278741efb561@group-08BF50F2A040-LeaderElection142] INFO  server.RaftServerConfigKeys (ConfUtils.java:logGet(43)) - raft.server.watch.timeout.denomination = 1s (default)
2019-11-13 20:08:44,474 [8446ee0c-69c2-4e02-91d0-278741efb561@group-08BF50F2A040-LeaderElection142] INFO  server.RaftServerConfigKeys (ConfUtils.java:logGet(43)) - raft.server.watch.element-limit = 65536 (default)
2019-11-13 20:08:44,474 [8446ee0c-69c2-4e02-91d0-278741efb561@group-08BF50F2A040-LeaderElection142] INFO  impl.RoleInfo (RoleInfo.java:updateAndGet(143)) - 8446ee0c-69c2-4e02-91d0-278741efb561: start LeaderState
2019-11-13 20:08:44,475 [8446ee0c-69c2-4e02-91d0-278741efb561@group-08BF50F2A040-LeaderElection142] INFO  segmented.SegmentedRaftLogWorker (SegmentedRaftLogWorker.java:startLogSegment(385)) - 8446ee0c-69c2-4e02-91d0-278741efb561@group-08BF50F2A040-SegmentedRaftLogWorker: Starting segment from index:0
2019-11-13 20:08:44,475 [EventQueue-PipelineReportForPipelineReportHandler] INFO  pipeline.PipelineStateManager (PipelineStateManager.java:openPipeline(134)) - Pipeline Pipeline[ Id: 6f8b0a9d-153e-4087-931d-08bf50f2a040, Nodes: 8446ee0c-69c2-4e02-91d0-278741efb561{ip: 192.168.34.38, host: pr-hdds-2469-rfsxc-843238572, networkLocation: /rack1, certSerialId: null}, Type:RATIS, Factor:ONE, State:OPEN] moved to OPEN state
2019-11-13 20:08:44,477 [8446ee0c-69c2-4e02-91d0-278741efb561@group-08BF50F2A040-LeaderElection142] INFO  impl.RaftServerImpl (ServerState.java:setRaftConf(356)) - 8446ee0c-69c2-4e02-91d0-278741efb561@group-08BF50F2A040: set configuration 0: [8446ee0c-69c2-4e02-91d0-278741efb561:192.168.34.38:38186], old=null at 0
2019-11-13 20:08:44,477 [167876bd-92c4-4c51-979b-51b12cb252bf@group-164E92E95F0E-LeaderElection144] INFO  impl.LeaderElection (LeaderElection.java:askForVotes(178)) - 167876bd-92c4-4c51-979b-51b12cb252bf@group-164E92E95F0E-LeaderElection144: begin an election at term 1 for -1: [167876bd-92c4-4c51-979b-51b12cb252bf:192.168.34.38:45159], old=null
2019-11-13 20:08:44,477 [167876bd-92c4-4c51-979b-51b12cb252bf@group-164E92E95F0E-LeaderElection144] INFO  impl.RoleInfo (RoleInfo.java:shutdownLeaderElection(134)) - 167876bd-92c4-4c51-979b-51b12cb252bf: shutdown LeaderElection
2019-11-13 20:08:44,477 [167876bd-92c4-4c51-979b-51b12cb252bf@group-164E92E95F0E-LeaderElection144] INFO  impl.RaftServerImpl (RaftServerImpl.java:setRole(173)) - 167876bd-92c4-4c51-979b-51b12cb252bf@group-164E92E95F0E: changes role from CANDIDATE to LEADER at term 1 for changeToLeader
2019-11-13 20:08:44,477 [167876bd-92c4-4c51-979b-51b12cb252bf@group-164E92E95F0E-LeaderElection144] INFO  ratis.XceiverServerRatis (XceiverServerRatis.java:handleLeaderChangedNotification(697)) - Leader change notification received for group: group-164E92E95F0E with new leaderId: 167876bd-92c4-4c51-979b-51b12cb252bf
2019-11-13 20:08:44,477 [167876bd-92c4-4c51-979b-51b12cb252bf@group-164E92E95F0E-LeaderElection144] INFO  impl.RaftServerImpl (ServerState.java:setLeader(255)) - 167876bd-92c4-4c51-979b-51b12cb252bf@group-164E92E95F0E: change Leader from null to 167876bd-92c4-4c51-979b-51b12cb252bf at term 1 for becomeLeader, leader elected after 1114ms
2019-11-13 20:08:44,478 [167876bd-92c4-4c51-979b-51b12cb252bf@group-164E92E95F0E-LeaderElection144] INFO  server.RaftServerConfigKeys (ConfUtils.java:logGet(43)) - raft.server.staging.catchup.gap = 1000 (default)
2019-11-13 20:08:44,478 [167876bd-92c4-4c51-979b-51b12cb252bf@group-164E92E95F0E-LeaderElection144] INFO  server.RaftServerConfigKeys (ConfUtils.java:logGet(43)) - raft.server.rpc.sleep.time = 25ms (default)
2019-11-13 20:08:44,508 [Thread-4706] INFO  impl.FollowerState (FollowerState.java:run(111)) - 2be136fa-895c-4486-93c9-d92ffb9d7f91@group-6CE2857180B3-FollowerState: change to CANDIDATE, lastRpcTime:1102ms, electionTimeout:1098ms
2019-11-13 20:08:44,508 [Thread-4709] INFO  impl.FollowerState (FollowerState.java:run(111)) - 8446ee0c-69c2-4e02-91d0-278741efb561@group-7FA8BB7384C7-FollowerState: change to CANDIDATE, lastRpcTime:1055ms, electionTimeout:1050ms
2019-11-13 20:08:44,508 [Thread-4709] INFO  impl.RoleInfo (RoleInfo.java:shutdownFollowerState(121)) - 8446ee0c-69c2-4e02-91d0-278741efb561: shutdown FollowerState
2019-11-13 20:08:44,508 [Thread-4706] INFO  impl.RoleInfo (RoleInfo.java:shutdownFollowerState(121)) - 2be136fa-895c-4486-93c9-d92ffb9d7f91: shutdown FollowerState
2019-11-13 20:08:44,508 [Thread-4709] INFO  impl.RaftServerImpl (RaftServerImpl.java:setRole(173)) - 8446ee0c-69c2-4e02-91d0-278741efb561@group-7FA8BB7384C7: changes role from  FOLLOWER to CANDIDATE at term 0 for changeToCandidate
2019-11-13 20:08:44,508 [167876bd-92c4-4c51-979b-51b12cb252bf@group-164E92E95F0E-LeaderElection144] INFO  server.RaftServerConfigKeys (ConfUtils.java:logGet(43)) - raft.server.write.element-limit = 4096 (default)
2019-11-13 20:08:44,509 [Thread-4709] INFO  impl.RoleInfo (RoleInfo.java:updateAndGet(143)) - 8446ee0c-69c2-4e02-91d0-278741efb561: start LeaderElection
2019-11-13 20:08:44,509 [167876bd-92c4-4c51-979b-51b12cb252bf@group-164E92E95F0E-LeaderElection144] INFO  server.RaftServerConfigKeys (ConfUtils.java:logGet(43)) - raft.server.watch.timeout = 10s (default)
2019-11-13 20:08:44,509 [Thread-4706] INFO  impl.RaftServerImpl (RaftServerImpl.java:setRole(173)) - 2be136fa-895c-4486-93c9-d92ffb9d7f91@group-6CE2857180B3: changes role from  FOLLOWER to CANDIDATE at term 0 for changeToCandidate
2019-11-13 20:08:44,509 [EventQueue-PipelineReportForPipelineReportHandler] INFO  pipeline.PipelineStateManager (PipelineStateManager.java:openPipeline(134)) - Pipeline Pipeline[ Id: 03cce8bd-d539-415f-8ebb-164e92e95f0e, Nodes: 167876bd-92c4-4c51-979b-51b12cb252bf{ip: 192.168.34.38, host: pr-hdds-2469-rfsxc-843238572, networkLocation: /rack1, certSerialId: null}, Type:RATIS, Factor:ONE, State:OPEN] moved to OPEN state
2019-11-13 20:08:44,513 [Thread-4706] INFO  impl.RoleInfo (RoleInfo.java:updateAndGet(143)) - 2be136fa-895c-4486-93c9-d92ffb9d7f91: start LeaderElection
2019-11-13 20:08:44,509 [167876bd-92c4-4c51-979b-51b12cb252bf@group-164E92E95F0E-LeaderElection144] INFO  server.RaftServerConfigKeys (ConfUtils.java:logGet(43)) - raft.server.watch.timeout.denomination = 1s (default)
2019-11-13 20:08:44,514 [grpc-default-executor-11] INFO  impl.RaftServerImpl (RaftServerImpl.java:setRole(173)) - 167876bd-92c4-4c51-979b-51b12cb252bf@group-7FA8BB7384C7: changes role from  FOLLOWER to FOLLOWER at term 1 for recognizeCandidate:2be136fa-895c-4486-93c9-d92ffb9d7f91
2019-11-13 20:08:44,513 [grpc-default-executor-7] INFO  impl.RaftServerImpl (RaftServerImpl.java:setRole(173)) - 8446ee0c-69c2-4e02-91d0-278741efb561@group-7FA8BB7384C7: changes role from CANDIDATE to FOLLOWER at term 1 for recognizeCandidate:2be136fa-895c-4486-93c9-d92ffb9d7f91
2019-11-13 20:08:44,517 [grpc-default-executor-11] INFO  impl.RoleInfo (RoleInfo.java:shutdownFollowerState(121)) - 167876bd-92c4-4c51-979b-51b12cb252bf: shutdown FollowerState
2019-11-13 20:08:44,514 [167876bd-92c4-4c51-979b-51b12cb252bf@group-164E92E95F0E-LeaderElection144] INFO  server.RaftServerConfigKeys (ConfUtils.java:logGet(43)) - raft.server.watch.element-limit = 65536 (default)
2019-11-13 20:08:44,517 [Thread-4714] INFO  impl.FollowerState (FollowerState.java:run(120)) - 167876bd-92c4-4c51-979b-51b12cb252bf@group-7FA8BB7384C7-FollowerState was interrupted: java.lang.InterruptedException: sleep interrupted
2019-11-13 20:08:44,517 [grpc-default-executor-11] INFO  impl.RoleInfo (RoleInfo.java:updateAndGet(143)) - 167876bd-92c4-4c51-979b-51b12cb252bf: start FollowerState
2019-11-13 20:08:44,517 [grpc-default-executor-7] INFO  impl.RoleInfo (RoleInfo.java:shutdownLeaderElection(134)) - 8446ee0c-69c2-4e02-91d0-278741efb561: shutdown LeaderElection
2019-11-13 20:08:44,517 [167876bd-92c4-4c51-979b-51b12cb252bf@group-164E92E95F0E-LeaderElection144] INFO  impl.RoleInfo (RoleInfo.java:updateAndGet(143)) - 167876bd-92c4-4c51-979b-51b12cb252bf: start LeaderState
2019-11-13 20:08:44,518 [grpc-default-executor-7] INFO  impl.RoleInfo (RoleInfo.java:updateAndGet(143)) - 8446ee0c-69c2-4e02-91d0-278741efb561: start FollowerState
2019-11-13 20:08:44,518 [167876bd-92c4-4c51-979b-51b12cb252bf@group-164E92E95F0E-LeaderElection144] INFO  segmented.SegmentedRaftLogWorker (SegmentedRaftLogWorker.java:startLogSegment(385)) - 167876bd-92c4-4c51-979b-51b12cb252bf@group-164E92E95F0E-SegmentedRaftLogWorker: Starting segment from index:0
2019-11-13 20:08:44,518 [167876bd-92c4-4c51-979b-51b12cb252bf@group-164E92E95F0E-LeaderElection144] INFO  impl.RaftServerImpl (ServerState.java:setRaftConf(356)) - 167876bd-92c4-4c51-979b-51b12cb252bf@group-164E92E95F0E: set configuration 0: [167876bd-92c4-4c51-979b-51b12cb252bf:192.168.34.38:45159], old=null at 0
2019-11-13 20:08:44,521 [8446ee0c-69c2-4e02-91d0-278741efb561@group-08BF50F2A040-SegmentedRaftLogWorker] INFO  segmented.SegmentedRaftLogWorker (SegmentedRaftLogWorker.java:execute(576)) - 8446ee0c-69c2-4e02-91d0-278741efb561@group-08BF50F2A040-SegmentedRaftLogWorker: created new log segment /workdir/hadoop-ozone/integration-test/target/test-dir/MiniOzoneClusterImpl-89214370-af8c-46c8-b403-f68b2ae7a3e8/datanode-7/data/ratis/6f8b0a9d-153e-4087-931d-08bf50f2a040/current/log_inprogress_0
2019-11-13 20:08:44,521 [2be136fa-895c-4486-93c9-d92ffb9d7f91@group-6CE2857180B3-LeaderElection146] INFO  impl.LeaderElection (LeaderElection.java:askForVotes(178)) - 2be136fa-895c-4486-93c9-d92ffb9d7f91@group-6CE2857180B3-LeaderElection146: begin an election at term 1 for -1: [2be136fa-895c-4486-93c9-d92ffb9d7f91:192.168.34.38:35833], old=null
2019-11-13 20:08:44,521 [2be136fa-895c-4486-93c9-d92ffb9d7f91@group-6CE2857180B3-LeaderElection146] INFO  impl.RoleInfo (RoleInfo.java:shutdownLeaderElection(134)) - 2be136fa-895c-4486-93c9-d92ffb9d7f91: shutdown LeaderElection
2019-11-13 20:08:44,521 [2be136fa-895c-4486-93c9-d92ffb9d7f91@group-6CE2857180B3-LeaderElection146] INFO  impl.RaftServerImpl (RaftServerImpl.java:setRole(173)) - 2be136fa-895c-4486-93c9-d92ffb9d7f91@group-6CE2857180B3: changes role from CANDIDATE to LEADER at term 1 for changeToLeader
2019-11-13 20:08:44,521 [2be136fa-895c-4486-93c9-d92ffb9d7f91@group-6CE2857180B3-LeaderElection146] INFO  ratis.XceiverServerRatis (XceiverServerRatis.java:handleLeaderChangedNotification(697)) - Leader change notification received for group: group-6CE2857180B3 with new leaderId: 2be136fa-895c-4486-93c9-d92ffb9d7f91
2019-11-13 20:08:44,521 [2be136fa-895c-4486-93c9-d92ffb9d7f91@group-6CE2857180B3-LeaderElection146] INFO  impl.RaftServerImpl (ServerState.java:setLeader(255)) - 2be136fa-895c-4486-93c9-d92ffb9d7f91@group-6CE2857180B3: change Leader from null to 2be136fa-895c-4486-93c9-d92ffb9d7f91 at term 1 for becomeLeader, leader elected after 1117ms
2019-11-13 20:08:44,521 [2be136fa-895c-4486-93c9-d92ffb9d7f91@group-6CE2857180B3-LeaderElection146] INFO  server.RaftServerConfigKeys (ConfUtils.java:logGet(43)) - raft.server.staging.catchup.gap = 1000 (default)
2019-11-13 20:08:44,557 [2be136fa-895c-4486-93c9-d92ffb9d7f91@group-7FA8BB7384C7-LeaderElection143] INFO  impl.LeaderElection (LeaderElection.java:logAndReturn(56)) - 2be136fa-895c-4486-93c9-d92ffb9d7f91@group-7FA8BB7384C7-LeaderElection143: Election PASSED; received 1 response(s) [2be136fa-895c-4486-93c9-d92ffb9d7f91<-167876bd-92c4-4c51-979b-51b12cb252bf#0:OK-t1] and 0 exception(s); 2be136fa-895c-4486-93c9-d92ffb9d7f91@group-7FA8BB7384C7:t1, leader=null, voted=2be136fa-895c-4486-93c9-d92ffb9d7f91, raftlog=2be136fa-895c-4486-93c9-d92ffb9d7f91@group-7FA8BB7384C7-SegmentedRaftLog:OPENED:c-1,f-1,i0, conf=-1: [2be136fa-895c-4486-93c9-d92ffb9d7f91:192.168.34.38:35833, 8446ee0c-69c2-4e02-91d0-278741efb561:192.168.34.38:38186, 167876bd-92c4-4c51-979b-51b12cb252bf:192.168.34.38:45159], old=null
2019-11-13 20:08:44,557 [2be136fa-895c-4486-93c9-d92ffb9d7f91@group-6CE2857180B3-LeaderElection146] INFO  server.RaftServerConfigKeys (ConfUtils.java:logGet(43)) - raft.server.rpc.sleep.time = 25ms (default)
2019-11-13 20:08:44,557 [8446ee0c-69c2-4e02-91d0-278741efb561@group-7FA8BB7384C7-LeaderElection145] INFO  impl.LeaderElection (LeaderElection.java:askForVotes(178)) - 8446ee0c-69c2-4e02-91d0-278741efb561@group-7FA8BB7384C7-LeaderElection145: begin an election at term 2 for -1: [2be136fa-895c-4486-93c9-d92ffb9d7f91:192.168.34.38:35833, 8446ee0c-69c2-4e02-91d0-278741efb561:192.168.34.38:38186, 167876bd-92c4-4c51-979b-51b12cb252bf:192.168.34.38:45159], old=null
2019-11-13 20:08:44,557 [2be136fa-895c-4486-93c9-d92ffb9d7f91@group-6CE2857180B3-LeaderElection146] INFO  server.RaftServerConfigKeys (ConfUtils.java:logGet(43)) - raft.server.write.element-limit = 4096 (default)
2019-11-13 20:08:44,557 [2be136fa-895c-4486-93c9-d92ffb9d7f91@group-7FA8BB7384C7-LeaderElection143] INFO  impl.RoleInfo (RoleInfo.java:shutdownLeaderElection(134)) - 2be136fa-895c-4486-93c9-d92ffb9d7f91: shutdown LeaderElection
2019-11-13 20:08:44,558 [2be136fa-895c-4486-93c9-d92ffb9d7f91@group-6CE2857180B3-LeaderElection146] INFO  server.RaftServerConfigKeys (ConfUtils.java:logGet(43)) - raft.server.watch.timeout = 10s (default)
2019-11-13 20:08:44,558 [EventQueue-PipelineReportForPipelineReportHandler] INFO  pipeline.PipelineStateManager (PipelineStateManager.java:openPipeline(134)) - Pipeline Pipeline[ Id: 0027a22f-779f-4529-9126-6ce2857180b3, Nodes: 2be136fa-895c-4486-93c9-d92ffb9d7f91{ip: 192.168.34.38, host: pr-hdds-2469-rfsxc-843238572, networkLocation: /rack1, certSerialId: null}, Type:RATIS, Factor:ONE, State:OPEN] moved to OPEN state
2019-11-13 20:08:44,558 [2be136fa-895c-4486-93c9-d92ffb9d7f91@group-7FA8BB7384C7-LeaderElection143] INFO  impl.RaftServerImpl (RaftServerImpl.java:setRole(173)) - 2be136fa-895c-4486-93c9-d92ffb9d7f91@group-7FA8BB7384C7: changes role from CANDIDATE to LEADER at term 1 for changeToLeader
2019-11-13 20:08:44,558 [8446ee0c-69c2-4e02-91d0-278741efb561@group-7FA8BB7384C7-LeaderElection145] INFO  impl.LeaderElection (LeaderElection.java:logAndReturn(56)) - 8446ee0c-69c2-4e02-91d0-278741efb561@group-7FA8BB7384C7-LeaderElection145: Election REJECTED; received 0 response(s) [] and 0 exception(s); 8446ee0c-69c2-4e02-91d0-278741efb561@group-7FA8BB7384C7:t2, leader=null, voted=8446ee0c-69c2-4e02-91d0-278741efb561, raftlog=8446ee0c-69c2-4e02-91d0-278741efb561@group-7FA8BB7384C7-SegmentedRaftLog:OPENED:c-1,f-1,i0, conf=-1: [2be136fa-895c-4486-93c9-d92ffb9d7f91:192.168.34.38:35833, 8446ee0c-69c2-4e02-91d0-278741efb561:192.168.34.38:38186, 167876bd-92c4-4c51-979b-51b12cb252bf:192.168.34.38:45159], old=null
2019-11-13 20:08:44,558 [2be136fa-895c-4486-93c9-d92ffb9d7f91@group-6CE2857180B3-LeaderElection146] INFO  server.RaftServerConfigKeys (ConfUtils.java:logGet(43)) - raft.server.watch.timeout.denomination = 1s (default)
2019-11-13 20:08:44,558 [2be136fa-895c-4486-93c9-d92ffb9d7f91@group-7FA8BB7384C7-LeaderElection143] INFO  ratis.XceiverServerRatis (XceiverServerRatis.java:handleLeaderChangedNotification(697)) - Leader change notification received for group: group-7FA8BB7384C7 with new leaderId: 2be136fa-895c-4486-93c9-d92ffb9d7f91
2019-11-13 20:08:44,558 [2be136fa-895c-4486-93c9-d92ffb9d7f91@group-6CE2857180B3-LeaderElection146] INFO  server.RaftServerConfigKeys (ConfUtils.java:logGet(43)) - raft.server.watch.element-limit = 65536 (default)
2019-11-13 20:08:44,560 [2be136fa-895c-4486-93c9-d92ffb9d7f91@group-7FA8BB7384C7-LeaderElection143] INFO  impl.RaftServerImpl (ServerState.java:setLeader(255)) - 2be136fa-895c-4486-93c9-d92ffb9d7f91@group-7FA8BB7384C7: change Leader from null to 2be136fa-895c-4486-93c9-d92ffb9d7f91 at term 1 for becomeLeader, leader elected after 1110ms
2019-11-13 20:08:44,560 [2be136fa-895c-4486-93c9-d92ffb9d7f91@group-6CE2857180B3-LeaderElection146] INFO  impl.RoleInfo (RoleInfo.java:updateAndGet(143)) - 2be136fa-895c-4486-93c9-d92ffb9d7f91: start LeaderState
2019-11-13 20:08:44,560 [2be136fa-895c-4486-93c9-d92ffb9d7f91@group-7FA8BB7384C7-LeaderElection143] INFO  server.RaftServerConfigKeys (ConfUtils.java:logGet(43)) - raft.server.staging.catchup.gap = 1000 (default)
2019-11-13 20:08:44,561 [2be136fa-895c-4486-93c9-d92ffb9d7f91@group-7FA8BB7384C7-LeaderElection143] INFO  server.RaftServerConfigKeys (ConfUtils.java:logGet(43)) - raft.server.rpc.sleep.time = 25ms (default)
2019-11-13 20:08:44,561 [2be136fa-895c-4486-93c9-d92ffb9d7f91@group-6CE2857180B3-LeaderElection146] INFO  segmented.SegmentedRaftLogWorker (SegmentedRaftLogWorker.java:startLogSegment(385)) - 2be136fa-895c-4486-93c9-d92ffb9d7f91@group-6CE2857180B3-SegmentedRaftLogWorker: Starting segment from index:0
2019-11-13 20:08:44,561 [2be136fa-895c-4486-93c9-d92ffb9d7f91@group-7FA8BB7384C7-LeaderElection143] INFO  server.RaftServerConfigKeys (ConfUtils.java:logGet(43)) - raft.server.write.element-limit = 4096 (default)
2019-11-13 20:08:44,561 [EventQueue-PipelineReportForPipelineReportHandler] INFO  pipeline.PipelineStateManager (PipelineStateManager.java:openPipeline(134)) - Pipeline Pipeline[ Id: 26fbe226-d65f-48f0-8064-7fa8bb7384c7, Nodes: 8446ee0c-69c2-4e02-91d0-278741efb561{ip: 192.168.34.38, host: pr-hdds-2469-rfsxc-843238572, networkLocation: /rack1, certSerialId: null}167876bd-92c4-4c51-979b-51b12cb252bf{ip: 192.168.34.38, host: pr-hdds-2469-rfsxc-843238572, networkLocation: /rack1, certSerialId: null}2be136fa-895c-4486-93c9-d92ffb9d7f91{ip: 192.168.34.38, host: pr-hdds-2469-rfsxc-843238572, networkLocation: /rack1, certSerialId: null}, Type:RATIS, Factor:THREE, State:OPEN] moved to OPEN state
2019-11-13 20:08:44,561 [2be136fa-895c-4486-93c9-d92ffb9d7f91@group-7FA8BB7384C7-LeaderElection143] INFO  server.RaftServerConfigKeys (ConfUtils.java:logGet(43)) - raft.server.watch.timeout = 10s (default)
2019-11-13 20:08:44,561 [2be136fa-895c-4486-93c9-d92ffb9d7f91@group-7FA8BB7384C7-LeaderElection143] INFO  server.RaftServerConfigKeys (ConfUtils.java:logGet(43)) - raft.server.watch.timeout.denomination = 1s (default)
2019-11-13 20:08:44,561 [2be136fa-895c-4486-93c9-d92ffb9d7f91@group-7FA8BB7384C7-LeaderElection143] INFO  server.RaftServerConfigKeys (ConfUtils.java:logGet(43)) - raft.server.watch.element-limit = 65536 (default)
2019-11-13 20:08:44,561 [2be136fa-895c-4486-93c9-d92ffb9d7f91@group-6CE2857180B3-LeaderElection146] INFO  impl.RaftServerImpl (ServerState.java:setRaftConf(356)) - 2be136fa-895c-4486-93c9-d92ffb9d7f91@group-6CE2857180B3: set configuration 0: [2be136fa-895c-4486-93c9-d92ffb9d7f91:192.168.34.38:35833], old=null at 0
2019-11-13 20:08:44,562 [2be136fa-895c-4486-93c9-d92ffb9d7f91@group-7FA8BB7384C7-LeaderElection143] INFO  server.RaftServerConfigKeys (ConfUtils.java:logGet(43)) - raft.server.log.appender.snapshot.chunk.size.max = 16MB (=16777216) (default)
2019-11-13 20:08:44,562 [2be136fa-895c-4486-93c9-d92ffb9d7f91@group-7FA8BB7384C7-LeaderElection143] INFO  server.RaftServerConfigKeys (ConfUtils.java:logGet(43)) - raft.server.log.appender.buffer.byte-limit = 33554432 (custom)
2019-11-13 20:08:44,562 [2be136fa-895c-4486-93c9-d92ffb9d7f91@group-7FA8BB7384C7-LeaderElection143] INFO  server.RaftServerConfigKeys (ConfUtils.java:logGet(43)) - raft.server.log.appender.buffer.element-limit = 1 (custom)
2019-11-13 20:08:44,562 [2be136fa-895c-4486-93c9-d92ffb9d7f91@group-7FA8BB7384C7-LeaderElection143] INFO  grpc.GrpcConfigKeys$Server (ConfUtils.java:logGet(43)) - raft.grpc.server.leader.outstanding.appends.max = 128 (default)
2019-11-13 20:08:44,562 [2be136fa-895c-4486-93c9-d92ffb9d7f91@group-7FA8BB7384C7-LeaderElection143] INFO  server.RaftServerConfigKeys (ConfUtils.java:logGet(43)) - raft.server.rpc.request.timeout = 3000ms (default)
2019-11-13 20:08:44,562 [2be136fa-895c-4486-93c9-d92ffb9d7f91@group-7FA8BB7384C7-LeaderElection143] INFO  server.RaftServerConfigKeys (ConfUtils.java:logGet(43)) - raft.server.log.appender.install.snapshot.enabled = false (custom)
2019-11-13 20:08:44,562 [2be136fa-895c-4486-93c9-d92ffb9d7f91@group-7FA8BB7384C7-LeaderElection143] WARN  impl.MetricRegistriesImpl (MetricRegistriesImpl.java:lambda$create$1(61)) - First MetricRegistry has been created without registering reporters. You may need to call MetricRegistries.global().addReportRegistration(...) before.
2019-11-13 20:08:44,562 [2be136fa-895c-4486-93c9-d92ffb9d7f91@group-7FA8BB7384C7-LeaderElection143] INFO  server.RaftServerConfigKeys (ConfUtils.java:logGet(43)) - raft.server.log.appender.snapshot.chunk.size.max = 16MB (=16777216) (default)
2019-11-13 20:08:44,592 [167876bd-92c4-4c51-979b-51b12cb252bf@group-164E92E95F0E-SegmentedRaftLogWorker] INFO  segmented.SegmentedRaftLogWorker (SegmentedRaftLogWorker.java:execute(576)) - 167876bd-92c4-4c51-979b-51b12cb252bf@group-164E92E95F0E-SegmentedRaftLogWorker: created new log segment /workdir/hadoop-ozone/integration-test/target/test-dir/MiniOzoneClusterImpl-89214370-af8c-46c8-b403-f68b2ae7a3e8/datanode-6/data/ratis/03cce8bd-d539-415f-8ebb-164e92e95f0e/current/log_inprogress_0
2019-11-13 20:08:44,592 [grpc-default-executor-7] INFO  impl.RaftServerImpl (RaftServerImpl.java:setRole(173)) - 167876bd-92c4-4c51-979b-51b12cb252bf@group-7FA8BB7384C7: changes role from  FOLLOWER to FOLLOWER at term 2 for recognizeCandidate:8446ee0c-69c2-4e02-91d0-278741efb561
2019-11-13 20:08:44,592 [grpc-default-executor-7] INFO  impl.RoleInfo (RoleInfo.java:shutdownFollowerState(121)) - 167876bd-92c4-4c51-979b-51b12cb252bf: shutdown FollowerState
2019-11-13 20:08:44,592 [2be136fa-895c-4486-93c9-d92ffb9d7f91@group-7FA8BB7384C7-LeaderElection143] INFO  server.RaftServerConfigKeys (ConfUtils.java:logGet(43)) - raft.server.log.appender.buffer.byte-limit = 33554432 (custom)
2019-11-13 20:08:44,592 [grpc-default-executor-7] INFO  impl.RoleInfo (RoleInfo.java:updateAndGet(143)) - 167876bd-92c4-4c51-979b-51b12cb252bf: start FollowerState
2019-11-13 20:08:44,592 [Thread-4763] INFO  impl.FollowerState (FollowerState.java:run(120)) - 167876bd-92c4-4c51-979b-51b12cb252bf@group-7FA8BB7384C7-FollowerState was interrupted: java.lang.InterruptedException: sleep interrupted
2019-11-13 20:08:44,593 [2be136fa-895c-4486-93c9-d92ffb9d7f91@group-7FA8BB7384C7-LeaderElection143] INFO  server.RaftServerConfigKeys (ConfUtils.java:logGet(43)) - raft.server.log.appender.buffer.element-limit = 1 (custom)
2019-11-13 20:08:44,593 [2be136fa-895c-4486-93c9-d92ffb9d7f91@group-7FA8BB7384C7-LeaderElection143] INFO  grpc.GrpcConfigKeys$Server (ConfUtils.java:logGet(43)) - raft.grpc.server.leader.outstanding.appends.max = 128 (default)
2019-11-13 20:08:44,593 [2be136fa-895c-4486-93c9-d92ffb9d7f91@group-7FA8BB7384C7-LeaderElection143] INFO  server.RaftServerConfigKeys (ConfUtils.java:logGet(43)) - raft.server.rpc.request.timeout = 3000ms (default)
2019-11-13 20:08:44,593 [2be136fa-895c-4486-93c9-d92ffb9d7f91@group-7FA8BB7384C7-LeaderElection143] INFO  server.RaftServerConfigKeys (ConfUtils.java:logGet(43)) - raft.server.log.appender.install.snapshot.enabled = false (custom)
2019-11-13 20:08:44,593 [2be136fa-895c-4486-93c9-d92ffb9d7f91@group-7FA8BB7384C7-LeaderElection143] INFO  impl.RoleInfo (RoleInfo.java:updateAndGet(143)) - 2be136fa-895c-4486-93c9-d92ffb9d7f91: start LeaderState
2019-11-13 20:08:44,594 [2be136fa-895c-4486-93c9-d92ffb9d7f91@group-7FA8BB7384C7-LeaderElection143] INFO  segmented.SegmentedRaftLogWorker (SegmentedRaftLogWorker.java:startLogSegment(385)) - 2be136fa-895c-4486-93c9-d92ffb9d7f91@group-7FA8BB7384C7-SegmentedRaftLogWorker: Starting segment from index:0
2019-11-13 20:08:44,594 [2be136fa-895c-4486-93c9-d92ffb9d7f91@group-7FA8BB7384C7-LeaderElection143] INFO  impl.RaftServerImpl (ServerState.java:setRaftConf(356)) - 2be136fa-895c-4486-93c9-d92ffb9d7f91@group-7FA8BB7384C7: set configuration 0: [2be136fa-895c-4486-93c9-d92ffb9d7f91:192.168.34.38:35833, 8446ee0c-69c2-4e02-91d0-278741efb561:192.168.34.38:38186, 167876bd-92c4-4c51-979b-51b12cb252bf:192.168.34.38:45159], old=null at 0
2019-11-13 20:08:44,629 [2be136fa-895c-4486-93c9-d92ffb9d7f91@group-6CE2857180B3-SegmentedRaftLogWorker] INFO  segmented.SegmentedRaftLogWorker (SegmentedRaftLogWorker.java:execute(576)) - 2be136fa-895c-4486-93c9-d92ffb9d7f91@group-6CE2857180B3-SegmentedRaftLogWorker: created new log segment /workdir/hadoop-ozone/integration-test/target/test-dir/MiniOzoneClusterImpl-89214370-af8c-46c8-b403-f68b2ae7a3e8/datanode-8/data/ratis/0027a22f-779f-4529-9126-6ce2857180b3/current/log_inprogress_0
2019-11-13 20:08:44,629 [grpc-default-executor-11] INFO  impl.RaftServerImpl (ServerState.java:setLeader(255)) - 2be136fa-895c-4486-93c9-d92ffb9d7f91@group-7FA8BB7384C7: change Leader from 2be136fa-895c-4486-93c9-d92ffb9d7f91 to null at term 2 for updateCurrentTerm
2019-11-13 20:08:44,629 [grpc-default-executor-11] INFO  impl.RaftServerImpl (RaftServerImpl.java:setRole(173)) - 2be136fa-895c-4486-93c9-d92ffb9d7f91@group-7FA8BB7384C7: changes role from    LEADER to FOLLOWER at term 2 for recognizeCandidate:8446ee0c-69c2-4e02-91d0-278741efb561
2019-11-13 20:08:44,629 [grpc-default-executor-11] INFO  impl.RoleInfo (RoleInfo.java:shutdownLeaderState(104)) - 2be136fa-895c-4486-93c9-d92ffb9d7f91: shutdown LeaderState
2019-11-13 20:08:44,635 [org.apache.ratis.server.impl.LogAppender$AppenderDaemon$$Lambda$506/1658834723@f92b375] WARN  server.GrpcLogAppender (GrpcLogAppender.java:mayWait(151)) - 2be136fa-895c-4486-93c9-d92ffb9d7f91@group-7FA8BB7384C7->167876bd-92c4-4c51-979b-51b12cb252bf-GrpcLogAppender: Wait interrupted by java.lang.InterruptedException
2019-11-13 20:08:44,635 [grpc-default-executor-11] INFO  impl.PendingRequests (PendingRequests.java:sendNotLeaderResponses(206)) - 2be136fa-895c-4486-93c9-d92ffb9d7f91@group-7FA8BB7384C7-PendingRequests: sendNotLeaderResponses
2019-11-13 20:08:44,647 [org.apache.ratis.server.impl.LogAppender$AppenderDaemon$$Lambda$506/1658834723@4a902443] WARN  server.GrpcLogAppender (GrpcLogAppender.java:mayWait(151)) - 2be136fa-895c-4486-93c9-d92ffb9d7f91@group-7FA8BB7384C7->8446ee0c-69c2-4e02-91d0-278741efb561-GrpcLogAppender: Wait interrupted by java.lang.InterruptedException
2019-11-13 20:08:44,647 [2be136fa-895c-4486-93c9-d92ffb9d7f91@group-7FA8BB7384C7-SegmentedRaftLogWorker] INFO  segmented.SegmentedRaftLogWorker (SegmentedRaftLogWorker.java:execute(576)) - 2be136fa-895c-4486-93c9-d92ffb9d7f91@group-7FA8BB7384C7-SegmentedRaftLogWorker: created new log segment /workdir/hadoop-ozone/integration-test/target/test-dir/MiniOzoneClusterImpl-89214370-af8c-46c8-b403-f68b2ae7a3e8/datanode-8/data/ratis/26fbe226-d65f-48f0-8064-7fa8bb7384c7/current/log_inprogress_0
2019-11-13 20:08:44,647 [grpc-default-executor-11] INFO  impl.RoleInfo (RoleInfo.java:updateAndGet(143)) - 2be136fa-895c-4486-93c9-d92ffb9d7f91: start FollowerState
2019-11-13 20:08:44,648 [grpc-default-executor-7] INFO  server.GrpcServerProtocolService (GrpcServerProtocolService.java:onCompleted(113)) - 8446ee0c-69c2-4e02-91d0-278741efb561: Completed APPEND_ENTRIES, lastRequest: 2be136fa-895c-4486-93c9-d92ffb9d7f91->8446ee0c-69c2-4e02-91d0-278741efb561#0-t1, previous=(t:0, i:0), leaderCommit=-1, initializing? false, entries: <empty>
2019-11-13 20:08:44,648 [grpc-default-executor-10] INFO  server.GrpcServerProtocolService (GrpcServerProtocolService.java:onCompleted(113)) - 167876bd-92c4-4c51-979b-51b12cb252bf: Completed APPEND_ENTRIES, lastRequest: 2be136fa-895c-4486-93c9-d92ffb9d7f91->167876bd-92c4-4c51-979b-51b12cb252bf#0-t1, previous=(t:0, i:0), leaderCommit=-1, initializing? false, entries: <empty>
2019-11-13 20:08:44,660 [grpc-default-executor-16] INFO  server.GrpcLogAppender (GrpcLogAppender.java:onCompleted(308)) - 2be136fa-895c-4486-93c9-d92ffb9d7f91@group-7FA8BB7384C7->167876bd-92c4-4c51-979b-51b12cb252bf-AppendLogResponseHandler: follower responses appendEntries COMPLETED
2019-11-13 20:08:44,660 [grpc-default-executor-13] INFO  server.GrpcLogAppender (GrpcLogAppender.java:onCompleted(308)) - 2be136fa-895c-4486-93c9-d92ffb9d7f91@group-7FA8BB7384C7->8446ee0c-69c2-4e02-91d0-278741efb561-AppendLogResponseHandler: follower responses appendEntries COMPLETED
2019-11-13 20:08:44,661 [grpc-default-executor-16] INFO  impl.FollowerInfo (FollowerInfo.java:lambda$new$0(51)) - 2be136fa-895c-4486-93c9-d92ffb9d7f91@group-7FA8BB7384C7->167876bd-92c4-4c51-979b-51b12cb252bf: nextIndex: updateUnconditionally 0 -> 0
2019-11-13 20:08:44,661 [grpc-default-executor-13] INFO  impl.FollowerInfo (FollowerInfo.java:lambda$new$0(51)) - 2be136fa-895c-4486-93c9-d92ffb9d7f91@group-7FA8BB7384C7->8446ee0c-69c2-4e02-91d0-278741efb561: nextIndex: updateUnconditionally 0 -> 0
2019-11-13 20:08:45,346 [Thread-4737] INFO  impl.FollowerState (FollowerState.java:run(111)) - 9c82cd9c-0f64-450d-b3c2-ed8e29acca38@group-271A45A22871-FollowerState: change to CANDIDATE, lastRpcTime:1098ms, electionTimeout:1098ms
2019-11-13 20:08:45,346 [Thread-4737] INFO  impl.RoleInfo (RoleInfo.java:shutdownFollowerState(121)) - 9c82cd9c-0f64-450d-b3c2-ed8e29acca38: shutdown FollowerState
2019-11-13 20:08:45,346 [Thread-4737] INFO  impl.RaftServerImpl (RaftServerImpl.java:setRole(173)) - 9c82cd9c-0f64-450d-b3c2-ed8e29acca38@group-271A45A22871: changes role from  FOLLOWER to CANDIDATE at term 1 for changeToCandidate
2019-11-13 20:08:45,347 [Thread-4737] INFO  impl.RoleInfo (RoleInfo.java:updateAndGet(143)) - 9c82cd9c-0f64-450d-b3c2-ed8e29acca38: start LeaderElection
2019-11-13 20:08:45,356 [9c82cd9c-0f64-450d-b3c2-ed8e29acca38@group-271A45A22871-LeaderElection147] INFO  impl.LeaderElection (LeaderElection.java:askForVotes(178)) - 9c82cd9c-0f64-450d-b3c2-ed8e29acca38@group-271A45A22871-LeaderElection147: begin an election at term 2 for -1: [63348c40-6caf-45cd-85ad-36e15dedc157:192.168.34.38:33072, d9031576-438e-4c71-bddc-2fb75a9376b9:192.168.34.38:45924, 9c82cd9c-0f64-450d-b3c2-ed8e29acca38:192.168.34.38:36061], old=null
2019-11-13 20:08:45,358 [grpc-default-executor-13] INFO  impl.RaftServerImpl (RaftServerImpl.java:setRole(173)) - d9031576-438e-4c71-bddc-2fb75a9376b9@group-271A45A22871: changes role from  FOLLOWER to FOLLOWER at term 2 for recognizeCandidate:9c82cd9c-0f64-450d-b3c2-ed8e29acca38
2019-11-13 20:08:45,358 [grpc-default-executor-13] INFO  impl.RoleInfo (RoleInfo.java:shutdownFollowerState(121)) - d9031576-438e-4c71-bddc-2fb75a9376b9: shutdown FollowerState
2019-11-13 20:08:45,358 [grpc-default-executor-16] INFO  impl.RaftServerImpl (RaftServerImpl.java:setRole(173)) - 63348c40-6caf-45cd-85ad-36e15dedc157@group-271A45A22871: changes role from  FOLLOWER to FOLLOWER at term 2 for recognizeCandidate:9c82cd9c-0f64-450d-b3c2-ed8e29acca38
2019-11-13 20:08:45,358 [Thread-4736] INFO  impl.FollowerState (FollowerState.java:run(120)) - d9031576-438e-4c71-bddc-2fb75a9376b9@group-271A45A22871-FollowerState was interrupted: java.lang.InterruptedException: sleep interrupted
2019-11-13 20:08:45,358 [grpc-default-executor-13] INFO  impl.RoleInfo (RoleInfo.java:updateAndGet(143)) - d9031576-438e-4c71-bddc-2fb75a9376b9: start FollowerState
2019-11-13 20:08:45,358 [grpc-default-executor-16] INFO  impl.RoleInfo (RoleInfo.java:shutdownFollowerState(121)) - 63348c40-6caf-45cd-85ad-36e15dedc157: shutdown FollowerState
2019-11-13 20:08:45,358 [Thread-4735] INFO  impl.FollowerState (FollowerState.java:run(120)) - 63348c40-6caf-45cd-85ad-36e15dedc157@group-271A45A22871-FollowerState was interrupted: java.lang.InterruptedException: sleep interrupted
2019-11-13 20:08:45,358 [grpc-default-executor-16] INFO  impl.RoleInfo (RoleInfo.java:updateAndGet(143)) - 63348c40-6caf-45cd-85ad-36e15dedc157: start FollowerState
2019-11-13 20:08:45,372 [9c82cd9c-0f64-450d-b3c2-ed8e29acca38@group-271A45A22871-LeaderElection147] INFO  impl.LeaderElection (LeaderElection.java:logAndReturn(56)) - 9c82cd9c-0f64-450d-b3c2-ed8e29acca38@group-271A45A22871-LeaderElection147: Election PASSED; received 1 response(s) [9c82cd9c-0f64-450d-b3c2-ed8e29acca38<-63348c40-6caf-45cd-85ad-36e15dedc157#0:OK-t2] and 0 exception(s); 9c82cd9c-0f64-450d-b3c2-ed8e29acca38@group-271A45A22871:t2, leader=null, voted=9c82cd9c-0f64-450d-b3c2-ed8e29acca38, raftlog=9c82cd9c-0f64-450d-b3c2-ed8e29acca38@group-271A45A22871-SegmentedRaftLog:OPENED:c-1,f-1,i0, conf=-1: [63348c40-6caf-45cd-85ad-36e15dedc157:192.168.34.38:33072, d9031576-438e-4c71-bddc-2fb75a9376b9:192.168.34.38:45924, 9c82cd9c-0f64-450d-b3c2-ed8e29acca38:192.168.34.38:36061], old=null
2019-11-13 20:08:45,372 [9c82cd9c-0f64-450d-b3c2-ed8e29acca38@group-271A45A22871-LeaderElection147] INFO  impl.RoleInfo (RoleInfo.java:shutdownLeaderElection(134)) - 9c82cd9c-0f64-450d-b3c2-ed8e29acca38: shutdown LeaderElection
2019-11-13 20:08:45,372 [9c82cd9c-0f64-450d-b3c2-ed8e29acca38@group-271A45A22871-LeaderElection147] INFO  impl.RaftServerImpl (RaftServerImpl.java:setRole(173)) - 9c82cd9c-0f64-450d-b3c2-ed8e29acca38@group-271A45A22871: changes role from CANDIDATE to LEADER at term 2 for changeToLeader
2019-11-13 20:08:45,372 [9c82cd9c-0f64-450d-b3c2-ed8e29acca38@group-271A45A22871-LeaderElection147] INFO  ratis.XceiverServerRatis (XceiverServerRatis.java:handleLeaderChangedNotification(697)) - Leader change notification received for group: group-271A45A22871 with new leaderId: 9c82cd9c-0f64-450d-b3c2-ed8e29acca38
2019-11-13 20:08:45,373 [9c82cd9c-0f64-450d-b3c2-ed8e29acca38@group-271A45A22871-LeaderElection147] INFO  impl.RaftServerImpl (ServerState.java:setLeader(255)) - 9c82cd9c-0f64-450d-b3c2-ed8e29acca38@group-271A45A22871: change Leader from null to 9c82cd9c-0f64-450d-b3c2-ed8e29acca38 at term 2 for becomeLeader, leader elected after 2316ms
2019-11-13 20:08:45,373 [9c82cd9c-0f64-450d-b3c2-ed8e29acca38@group-271A45A22871-LeaderElection147] INFO  server.RaftServerConfigKeys (ConfUtils.java:logGet(43)) - raft.server.staging.catchup.gap = 1000 (default)
2019-11-13 20:08:45,373 [9c82cd9c-0f64-450d-b3c2-ed8e29acca38@group-271A45A22871-LeaderElection147] INFO  server.RaftServerConfigKeys (ConfUtils.java:logGet(43)) - raft.server.rpc.sleep.time = 25ms (default)
2019-11-13 20:08:45,373 [9c82cd9c-0f64-450d-b3c2-ed8e29acca38@group-271A45A22871-LeaderElection147] INFO  server.RaftServerConfigKeys (ConfUtils.java:logGet(43)) - raft.server.write.element-limit = 4096 (default)
2019-11-13 20:08:45,373 [9c82cd9c-0f64-450d-b3c2-ed8e29acca38@group-271A45A22871-LeaderElection147] INFO  server.RaftServerConfigKeys (ConfUtils.java:logGet(43)) - raft.server.watch.timeout = 10s (default)
2019-11-13 20:08:45,373 [9c82cd9c-0f64-450d-b3c2-ed8e29acca38@group-271A45A22871-LeaderElection147] INFO  server.RaftServerConfigKeys (ConfUtils.java:logGet(43)) - raft.server.watch.timeout.denomination = 1s (default)
2019-11-13 20:08:45,373 [9c82cd9c-0f64-450d-b3c2-ed8e29acca38@group-271A45A22871-LeaderElection147] INFO  server.RaftServerConfigKeys (ConfUtils.java:logGet(43)) - raft.server.watch.element-limit = 65536 (default)
2019-11-13 20:08:45,373 [9c82cd9c-0f64-450d-b3c2-ed8e29acca38@group-271A45A22871-LeaderElection147] INFO  server.RaftServerConfigKeys (ConfUtils.java:logGet(43)) - raft.server.log.appender.snapshot.chunk.size.max = 16MB (=16777216) (default)
2019-11-13 20:08:45,373 [EventQueue-PipelineReportForPipelineReportHandler] INFO  pipeline.PipelineStateManager (PipelineStateManager.java:openPipeline(134)) - Pipeline Pipeline[ Id: f8ee92db-00bd-4d6d-b899-271a45a22871, Nodes: 63348c40-6caf-45cd-85ad-36e15dedc157{ip: 192.168.34.38, host: pr-hdds-2469-rfsxc-843238572, networkLocation: /rack1, certSerialId: null}d9031576-438e-4c71-bddc-2fb75a9376b9{ip: 192.168.34.38, host: pr-hdds-2469-rfsxc-843238572, networkLocation: /rack1, certSerialId: null}9c82cd9c-0f64-450d-b3c2-ed8e29acca38{ip: 192.168.34.38, host: pr-hdds-2469-rfsxc-843238572, networkLocation: /rack1, certSerialId: null}, Type:RATIS, Factor:THREE, State:OPEN] moved to OPEN state
2019-11-13 20:08:45,373 [9c82cd9c-0f64-450d-b3c2-ed8e29acca38@group-271A45A22871-LeaderElection147] INFO  server.RaftServerConfigKeys (ConfUtils.java:logGet(43)) - raft.server.log.appender.buffer.byte-limit = 33554432 (custom)
2019-11-13 20:08:45,374 [9c82cd9c-0f64-450d-b3c2-ed8e29acca38@group-271A45A22871-LeaderElection147] INFO  server.RaftServerConfigKeys (ConfUtils.java:logGet(43)) - raft.server.log.appender.buffer.element-limit = 1 (custom)
2019-11-13 20:08:45,374 [9c82cd9c-0f64-450d-b3c2-ed8e29acca38@group-271A45A22871-LeaderElection147] INFO  grpc.GrpcConfigKeys$Server (ConfUtils.java:logGet(43)) - raft.grpc.server.leader.outstanding.appends.max = 128 (default)
2019-11-13 20:08:45,374 [9c82cd9c-0f64-450d-b3c2-ed8e29acca38@group-271A45A22871-LeaderElection147] INFO  server.RaftServerConfigKeys (ConfUtils.java:logGet(43)) - raft.server.rpc.request.timeout = 3000ms (default)
2019-11-13 20:08:45,374 [9c82cd9c-0f64-450d-b3c2-ed8e29acca38@group-271A45A22871-LeaderElection147] INFO  server.RaftServerConfigKeys (ConfUtils.java:logGet(43)) - raft.server.log.appender.install.snapshot.enabled = false (custom)
2019-11-13 20:08:45,374 [9c82cd9c-0f64-450d-b3c2-ed8e29acca38@group-271A45A22871-LeaderElection147] WARN  impl.MetricRegistriesImpl (MetricRegistriesImpl.java:lambda$create$1(61)) - First MetricRegistry has been created without registering reporters. You may need to call MetricRegistries.global().addReportRegistration(...) before.
2019-11-13 20:08:45,374 [9c82cd9c-0f64-450d-b3c2-ed8e29acca38@group-271A45A22871-LeaderElection147] INFO  server.RaftServerConfigKeys (ConfUtils.java:logGet(43)) - raft.server.log.appender.snapshot.chunk.size.max = 16MB (=16777216) (default)
2019-11-13 20:08:45,374 [9c82cd9c-0f64-450d-b3c2-ed8e29acca38@group-271A45A22871-LeaderElection147] INFO  server.RaftServerConfigKeys (ConfUtils.java:logGet(43)) - raft.server.log.appender.buffer.byte-limit = 33554432 (custom)
2019-11-13 20:08:45,374 [9c82cd9c-0f64-450d-b3c2-ed8e29acca38@group-271A45A22871-LeaderElection147] INFO  server.RaftServerConfigKeys (ConfUtils.java:logGet(43)) - raft.server.log.appender.buffer.element-limit = 1 (custom)
2019-11-13 20:08:45,375 [9c82cd9c-0f64-450d-b3c2-ed8e29acca38@group-271A45A22871-LeaderElection147] INFO  grpc.GrpcConfigKeys$Server (ConfUtils.java:logGet(43)) - raft.grpc.server.leader.outstanding.appends.max = 128 (default)
2019-11-13 20:08:45,375 [9c82cd9c-0f64-450d-b3c2-ed8e29acca38@group-271A45A22871-LeaderElection147] INFO  server.RaftServerConfigKeys (ConfUtils.java:logGet(43)) - raft.server.rpc.request.timeout = 3000ms (default)
2019-11-13 20:08:45,375 [9c82cd9c-0f64-450d-b3c2-ed8e29acca38@group-271A45A22871-LeaderElection147] INFO  server.RaftServerConfigKeys (ConfUtils.java:logGet(43)) - raft.server.log.appender.install.snapshot.enabled = false (custom)
2019-11-13 20:08:45,375 [9c82cd9c-0f64-450d-b3c2-ed8e29acca38@group-271A45A22871-LeaderElection147] INFO  impl.RoleInfo (RoleInfo.java:updateAndGet(143)) - 9c82cd9c-0f64-450d-b3c2-ed8e29acca38: start LeaderState
2019-11-13 20:08:45,375 [9c82cd9c-0f64-450d-b3c2-ed8e29acca38@group-271A45A22871-LeaderElection147] INFO  segmented.SegmentedRaftLogWorker (SegmentedRaftLogWorker.java:startLogSegment(385)) - 9c82cd9c-0f64-450d-b3c2-ed8e29acca38@group-271A45A22871-SegmentedRaftLogWorker: Starting segment from index:0
2019-11-13 20:08:45,376 [9c82cd9c-0f64-450d-b3c2-ed8e29acca38@group-271A45A22871-LeaderElection147] INFO  impl.RaftServerImpl (ServerState.java:setRaftConf(356)) - 9c82cd9c-0f64-450d-b3c2-ed8e29acca38@group-271A45A22871: set configuration 0: [63348c40-6caf-45cd-85ad-36e15dedc157:192.168.34.38:33072, d9031576-438e-4c71-bddc-2fb75a9376b9:192.168.34.38:45924, 9c82cd9c-0f64-450d-b3c2-ed8e29acca38:192.168.34.38:36061], old=null at 0
2019-11-13 20:08:45,376 [grpc-default-executor-16] INFO  ratis.XceiverServerRatis (XceiverServerRatis.java:handleLeaderChangedNotification(697)) - Leader change notification received for group: group-271A45A22871 with new leaderId: 9c82cd9c-0f64-450d-b3c2-ed8e29acca38
2019-11-13 20:08:45,376 [grpc-default-executor-16] INFO  impl.RaftServerImpl (ServerState.java:setLeader(255)) - 63348c40-6caf-45cd-85ad-36e15dedc157@group-271A45A22871: change Leader from null to 9c82cd9c-0f64-450d-b3c2-ed8e29acca38 at term 2 for appendEntries, leader elected after 2320ms
2019-11-13 20:08:45,377 [grpc-default-executor-13] INFO  ratis.XceiverServerRatis (XceiverServerRatis.java:handleLeaderChangedNotification(697)) - Leader change notification received for group: group-271A45A22871 with new leaderId: 9c82cd9c-0f64-450d-b3c2-ed8e29acca38
2019-11-13 20:08:45,377 [grpc-default-executor-13] INFO  impl.RaftServerImpl (ServerState.java:setLeader(255)) - d9031576-438e-4c71-bddc-2fb75a9376b9@group-271A45A22871: change Leader from null to 9c82cd9c-0f64-450d-b3c2-ed8e29acca38 at term 2 for appendEntries, leader elected after 2320ms
2019-11-13 20:08:45,378 [grpc-default-executor-13] INFO  impl.RaftServerImpl (ServerState.java:setRaftConf(356)) - 63348c40-6caf-45cd-85ad-36e15dedc157@group-271A45A22871: set configuration 0: [63348c40-6caf-45cd-85ad-36e15dedc157:192.168.34.38:33072, d9031576-438e-4c71-bddc-2fb75a9376b9:192.168.34.38:45924, 9c82cd9c-0f64-450d-b3c2-ed8e29acca38:192.168.34.38:36061], old=null at 0
2019-11-13 20:08:45,378 [grpc-default-executor-16] INFO  impl.RaftServerImpl (ServerState.java:setRaftConf(356)) - d9031576-438e-4c71-bddc-2fb75a9376b9@group-271A45A22871: set configuration 0: [63348c40-6caf-45cd-85ad-36e15dedc157:192.168.34.38:33072, d9031576-438e-4c71-bddc-2fb75a9376b9:192.168.34.38:45924, 9c82cd9c-0f64-450d-b3c2-ed8e29acca38:192.168.34.38:36061], old=null at 0
2019-11-13 20:08:45,378 [grpc-default-executor-13] INFO  segmented.SegmentedRaftLogWorker (SegmentedRaftLogWorker.java:startLogSegment(385)) - 63348c40-6caf-45cd-85ad-36e15dedc157@group-271A45A22871-SegmentedRaftLogWorker: Starting segment from index:0
2019-11-13 20:08:45,378 [grpc-default-executor-16] INFO  segmented.SegmentedRaftLogWorker (SegmentedRaftLogWorker.java:startLogSegment(385)) - d9031576-438e-4c71-bddc-2fb75a9376b9@group-271A45A22871-SegmentedRaftLogWorker: Starting segment from index:0
2019-11-13 20:08:45,414 [9c82cd9c-0f64-450d-b3c2-ed8e29acca38@group-271A45A22871-SegmentedRaftLogWorker] INFO  segmented.SegmentedRaftLogWorker (SegmentedRaftLogWorker.java:execute(576)) - 9c82cd9c-0f64-450d-b3c2-ed8e29acca38@group-271A45A22871-SegmentedRaftLogWorker: created new log segment /workdir/hadoop-ozone/integration-test/target/test-dir/MiniOzoneClusterImpl-89214370-af8c-46c8-b403-f68b2ae7a3e8/datanode-2/data/ratis/f8ee92db-00bd-4d6d-b899-271a45a22871/current/log_inprogress_0
2019-11-13 20:08:45,414 [d9031576-438e-4c71-bddc-2fb75a9376b9@group-271A45A22871-SegmentedRaftLogWorker] INFO  segmented.SegmentedRaftLogWorker (SegmentedRaftLogWorker.java:execute(576)) - d9031576-438e-4c71-bddc-2fb75a9376b9@group-271A45A22871-SegmentedRaftLogWorker: created new log segment /workdir/hadoop-ozone/integration-test/target/test-dir/MiniOzoneClusterImpl-89214370-af8c-46c8-b403-f68b2ae7a3e8/datanode-1/data/ratis/f8ee92db-00bd-4d6d-b899-271a45a22871/current/log_inprogress_0
2019-11-13 20:08:45,414 [63348c40-6caf-45cd-85ad-36e15dedc157@group-271A45A22871-SegmentedRaftLogWorker] INFO  segmented.SegmentedRaftLogWorker (SegmentedRaftLogWorker.java:execute(576)) - 63348c40-6caf-45cd-85ad-36e15dedc157@group-271A45A22871-SegmentedRaftLogWorker: created new log segment /workdir/hadoop-ozone/integration-test/target/test-dir/MiniOzoneClusterImpl-89214370-af8c-46c8-b403-f68b2ae7a3e8/datanode-0/data/ratis/f8ee92db-00bd-4d6d-b899-271a45a22871/current/log_inprogress_0
2019-11-13 20:08:45,458 [main] INFO  ozone.MiniOzoneClusterImpl (MiniOzoneClusterImpl.java:lambda$waitForClusterToBeReady$2(171)) - Cluster is ready. Got 10 of 10 DN Heartbeats.
2019-11-13 20:08:45,479 [main] INFO  rpc.RpcClient (RpcClient.java:createVolume(292)) - Creating Volume: datanodefailurehandlingtest, with jenkins1000 as owner.
2019-11-13 20:08:45,481 [IPC Server handler 0 on 37947] INFO  volume.OMVolumeCreateRequest (OMVolumeCreateRequest.java:validateAndUpdateCache(193)) - created volume:datanodefailurehandlingtest for user:jenkins1000
2019-11-13 20:08:45,516 [main] INFO  rpc.RpcClient (RpcClient.java:createBucket(431)) - Creating Bucket: datanodefailurehandlingtest/datanodefailurehandlingtest, with Versioning false and Storage Type set to DISK and Encryption set to false 
2019-11-13 20:08:45,636 [Thread-4764] INFO  impl.FollowerState (FollowerState.java:run(111)) - 8446ee0c-69c2-4e02-91d0-278741efb561@group-7FA8BB7384C7-FollowerState: change to CANDIDATE, lastRpcTime:1118ms, electionTimeout:1118ms
2019-11-13 20:08:45,636 [Thread-4764] INFO  impl.RoleInfo (RoleInfo.java:shutdownFollowerState(121)) - 8446ee0c-69c2-4e02-91d0-278741efb561: shutdown FollowerState
2019-11-13 20:08:45,636 [Thread-4764] INFO  impl.RaftServerImpl (RaftServerImpl.java:setRole(173)) - 8446ee0c-69c2-4e02-91d0-278741efb561@group-7FA8BB7384C7: changes role from  FOLLOWER to CANDIDATE at term 2 for changeToCandidate
2019-11-13 20:08:45,636 [Thread-4764] INFO  impl.RoleInfo (RoleInfo.java:updateAndGet(143)) - 8446ee0c-69c2-4e02-91d0-278741efb561: start LeaderElection
2019-11-13 20:08:45,652 [8446ee0c-69c2-4e02-91d0-278741efb561@group-7FA8BB7384C7-LeaderElection148] INFO  impl.LeaderElection (LeaderElection.java:askForVotes(178)) - 8446ee0c-69c2-4e02-91d0-278741efb561@group-7FA8BB7384C7-LeaderElection148: begin an election at term 3 for -1: [2be136fa-895c-4486-93c9-d92ffb9d7f91:192.168.34.38:35833, 8446ee0c-69c2-4e02-91d0-278741efb561:192.168.34.38:38186, 167876bd-92c4-4c51-979b-51b12cb252bf:192.168.34.38:45159], old=null
2019-11-13 20:08:45,653 [grpc-default-executor-16] INFO  impl.RaftServerImpl (RaftServerImpl.java:setRole(173)) - 2be136fa-895c-4486-93c9-d92ffb9d7f91@group-7FA8BB7384C7: changes role from  FOLLOWER to FOLLOWER at term 3 for recognizeCandidate:8446ee0c-69c2-4e02-91d0-278741efb561
2019-11-13 20:08:45,653 [grpc-default-executor-16] INFO  impl.RoleInfo (RoleInfo.java:shutdownFollowerState(121)) - 2be136fa-895c-4486-93c9-d92ffb9d7f91: shutdown FollowerState
2019-11-13 20:08:45,653 [grpc-default-executor-16] INFO  impl.RoleInfo (RoleInfo.java:updateAndGet(143)) - 2be136fa-895c-4486-93c9-d92ffb9d7f91: start FollowerState
2019-11-13 20:08:45,653 [Thread-4772] INFO  impl.FollowerState (FollowerState.java:run(120)) - 2be136fa-895c-4486-93c9-d92ffb9d7f91@group-7FA8BB7384C7-FollowerState was interrupted: java.lang.InterruptedException: sleep interrupted
2019-11-13 20:08:45,654 [grpc-default-executor-13] INFO  impl.RaftServerImpl (RaftServerImpl.java:setRole(173)) - 167876bd-92c4-4c51-979b-51b12cb252bf@group-7FA8BB7384C7: changes role from  FOLLOWER to FOLLOWER at term 3 for recognizeCandidate:8446ee0c-69c2-4e02-91d0-278741efb561
2019-11-13 20:08:45,654 [grpc-default-executor-13] INFO  impl.RoleInfo (RoleInfo.java:shutdownFollowerState(121)) - 167876bd-92c4-4c51-979b-51b12cb252bf: shutdown FollowerState
2019-11-13 20:08:45,654 [grpc-default-executor-13] INFO  impl.RoleInfo (RoleInfo.java:updateAndGet(143)) - 167876bd-92c4-4c51-979b-51b12cb252bf: start FollowerState
2019-11-13 20:08:45,654 [Thread-4770] INFO  impl.FollowerState (FollowerState.java:run(120)) - 167876bd-92c4-4c51-979b-51b12cb252bf@group-7FA8BB7384C7-FollowerState was interrupted: java.lang.InterruptedException: sleep interrupted
2019-11-13 20:08:45,661 [8446ee0c-69c2-4e02-91d0-278741efb561@group-7FA8BB7384C7-LeaderElection148] INFO  impl.LeaderElection (LeaderElection.java:logAndReturn(56)) - 8446ee0c-69c2-4e02-91d0-278741efb561@group-7FA8BB7384C7-LeaderElection148: Election PASSED; received 2 response(s) [8446ee0c-69c2-4e02-91d0-278741efb561<-2be136fa-895c-4486-93c9-d92ffb9d7f91#0:FAIL-t3, 8446ee0c-69c2-4e02-91d0-278741efb561<-167876bd-92c4-4c51-979b-51b12cb252bf#0:OK-t3] and 0 exception(s); 8446ee0c-69c2-4e02-91d0-278741efb561@group-7FA8BB7384C7:t3, leader=null, voted=8446ee0c-69c2-4e02-91d0-278741efb561, raftlog=8446ee0c-69c2-4e02-91d0-278741efb561@group-7FA8BB7384C7-SegmentedRaftLog:OPENED:c-1,f-1,i0, conf=-1: [2be136fa-895c-4486-93c9-d92ffb9d7f91:192.168.34.38:35833, 8446ee0c-69c2-4e02-91d0-278741efb561:192.168.34.38:38186, 167876bd-92c4-4c51-979b-51b12cb252bf:192.168.34.38:45159], old=null
2019-11-13 20:08:45,661 [8446ee0c-69c2-4e02-91d0-278741efb561@group-7FA8BB7384C7-LeaderElection148] INFO  impl.RoleInfo (RoleInfo.java:shutdownLeaderElection(134)) - 8446ee0c-69c2-4e02-91d0-278741efb561: shutdown LeaderElection
2019-11-13 20:08:45,661 [8446ee0c-69c2-4e02-91d0-278741efb561@group-7FA8BB7384C7-LeaderElection148] INFO  impl.RaftServerImpl (RaftServerImpl.java:setRole(173)) - 8446ee0c-69c2-4e02-91d0-278741efb561@group-7FA8BB7384C7: changes role from CANDIDATE to LEADER at term 3 for changeToLeader
2019-11-13 20:08:45,661 [8446ee0c-69c2-4e02-91d0-278741efb561@group-7FA8BB7384C7-LeaderElection148] INFO  ratis.XceiverServerRatis (XceiverServerRatis.java:handleLeaderChangedNotification(697)) - Leader change notification received for group: group-7FA8BB7384C7 with new leaderId: 8446ee0c-69c2-4e02-91d0-278741efb561
2019-11-13 20:08:45,661 [8446ee0c-69c2-4e02-91d0-278741efb561@group-7FA8BB7384C7-LeaderElection148] INFO  impl.RaftServerImpl (ServerState.java:setLeader(255)) - 8446ee0c-69c2-4e02-91d0-278741efb561@group-7FA8BB7384C7: change Leader from null to 8446ee0c-69c2-4e02-91d0-278741efb561 at term 3 for becomeLeader, leader elected after 2214ms
2019-11-13 20:08:45,661 [8446ee0c-69c2-4e02-91d0-278741efb561@group-7FA8BB7384C7-LeaderElection148] INFO  server.RaftServerConfigKeys (ConfUtils.java:logGet(43)) - raft.server.staging.catchup.gap = 1000 (default)
2019-11-13 20:08:45,661 [8446ee0c-69c2-4e02-91d0-278741efb561@group-7FA8BB7384C7-LeaderElection148] INFO  server.RaftServerConfigKeys (ConfUtils.java:logGet(43)) - raft.server.rpc.sleep.time = 25ms (default)
2019-11-13 20:08:45,662 [8446ee0c-69c2-4e02-91d0-278741efb561@group-7FA8BB7384C7-LeaderElection148] INFO  server.RaftServerConfigKeys (ConfUtils.java:logGet(43)) - raft.server.write.element-limit = 4096 (default)
2019-11-13 20:08:45,662 [8446ee0c-69c2-4e02-91d0-278741efb561@group-7FA8BB7384C7-LeaderElection148] INFO  server.RaftServerConfigKeys (ConfUtils.java:logGet(43)) - raft.server.watch.timeout = 10s (default)
2019-11-13 20:08:45,662 [8446ee0c-69c2-4e02-91d0-278741efb561@group-7FA8BB7384C7-LeaderElection148] INFO  server.RaftServerConfigKeys (ConfUtils.java:logGet(43)) - raft.server.watch.timeout.denomination = 1s (default)
2019-11-13 20:08:45,662 [8446ee0c-69c2-4e02-91d0-278741efb561@group-7FA8BB7384C7-LeaderElection148] INFO  server.RaftServerConfigKeys (ConfUtils.java:logGet(43)) - raft.server.watch.element-limit = 65536 (default)
2019-11-13 20:08:45,662 [8446ee0c-69c2-4e02-91d0-278741efb561@group-7FA8BB7384C7-LeaderElection148] INFO  server.RaftServerConfigKeys (ConfUtils.java:logGet(43)) - raft.server.log.appender.snapshot.chunk.size.max = 16MB (=16777216) (default)
2019-11-13 20:08:45,662 [8446ee0c-69c2-4e02-91d0-278741efb561@group-7FA8BB7384C7-LeaderElection148] INFO  server.RaftServerConfigKeys (ConfUtils.java:logGet(43)) - raft.server.log.appender.buffer.byte-limit = 33554432 (custom)
2019-11-13 20:08:45,662 [8446ee0c-69c2-4e02-91d0-278741efb561@group-7FA8BB7384C7-LeaderElection148] INFO  server.RaftServerConfigKeys (ConfUtils.java:logGet(43)) - raft.server.log.appender.buffer.element-limit = 1 (custom)
2019-11-13 20:08:45,663 [8446ee0c-69c2-4e02-91d0-278741efb561@group-7FA8BB7384C7-LeaderElection148] INFO  grpc.GrpcConfigKeys$Server (ConfUtils.java:logGet(43)) - raft.grpc.server.leader.outstanding.appends.max = 128 (default)
2019-11-13 20:08:45,663 [8446ee0c-69c2-4e02-91d0-278741efb561@group-7FA8BB7384C7-LeaderElection148] INFO  server.RaftServerConfigKeys (ConfUtils.java:logGet(43)) - raft.server.rpc.request.timeout = 3000ms (default)
2019-11-13 20:08:45,663 [8446ee0c-69c2-4e02-91d0-278741efb561@group-7FA8BB7384C7-LeaderElection148] INFO  server.RaftServerConfigKeys (ConfUtils.java:logGet(43)) - raft.server.log.appender.install.snapshot.enabled = false (custom)
2019-11-13 20:08:45,663 [8446ee0c-69c2-4e02-91d0-278741efb561@group-7FA8BB7384C7-LeaderElection148] WARN  impl.MetricRegistriesImpl (MetricRegistriesImpl.java:lambda$create$1(61)) - First MetricRegistry has been created without registering reporters. You may need to call MetricRegistries.global().addReportRegistration(...) before.
2019-11-13 20:08:45,663 [8446ee0c-69c2-4e02-91d0-278741efb561@group-7FA8BB7384C7-LeaderElection148] INFO  server.RaftServerConfigKeys (ConfUtils.java:logGet(43)) - raft.server.log.appender.snapshot.chunk.size.max = 16MB (=16777216) (default)
2019-11-13 20:08:45,663 [8446ee0c-69c2-4e02-91d0-278741efb561@group-7FA8BB7384C7-LeaderElection148] INFO  server.RaftServerConfigKeys (ConfUtils.java:logGet(43)) - raft.server.log.appender.buffer.byte-limit = 33554432 (custom)
2019-11-13 20:08:45,663 [8446ee0c-69c2-4e02-91d0-278741efb561@group-7FA8BB7384C7-LeaderElection148] INFO  server.RaftServerConfigKeys (ConfUtils.java:logGet(43)) - raft.server.log.appender.buffer.element-limit = 1 (custom)
2019-11-13 20:08:45,664 [8446ee0c-69c2-4e02-91d0-278741efb561@group-7FA8BB7384C7-LeaderElection148] INFO  grpc.GrpcConfigKeys$Server (ConfUtils.java:logGet(43)) - raft.grpc.server.leader.outstanding.appends.max = 128 (default)
2019-11-13 20:08:45,664 [8446ee0c-69c2-4e02-91d0-278741efb561@group-7FA8BB7384C7-LeaderElection148] INFO  server.RaftServerConfigKeys (ConfUtils.java:logGet(43)) - raft.server.rpc.request.timeout = 3000ms (default)
2019-11-13 20:08:45,664 [8446ee0c-69c2-4e02-91d0-278741efb561@group-7FA8BB7384C7-LeaderElection148] INFO  server.RaftServerConfigKeys (ConfUtils.java:logGet(43)) - raft.server.log.appender.install.snapshot.enabled = false (custom)
2019-11-13 20:08:45,664 [8446ee0c-69c2-4e02-91d0-278741efb561@group-7FA8BB7384C7-LeaderElection148] INFO  impl.RoleInfo (RoleInfo.java:updateAndGet(143)) - 8446ee0c-69c2-4e02-91d0-278741efb561: start LeaderState
2019-11-13 20:08:45,664 [8446ee0c-69c2-4e02-91d0-278741efb561@group-7FA8BB7384C7-LeaderElection148] INFO  segmented.SegmentedRaftLogWorker (SegmentedRaftLogWorker.java:startLogSegment(385)) - 8446ee0c-69c2-4e02-91d0-278741efb561@group-7FA8BB7384C7-SegmentedRaftLogWorker: Starting segment from index:0
2019-11-13 20:08:45,665 [8446ee0c-69c2-4e02-91d0-278741efb561@group-7FA8BB7384C7-LeaderElection148] INFO  impl.RaftServerImpl (ServerState.java:setRaftConf(356)) - 8446ee0c-69c2-4e02-91d0-278741efb561@group-7FA8BB7384C7: set configuration 0: [2be136fa-895c-4486-93c9-d92ffb9d7f91:192.168.34.38:35833, 8446ee0c-69c2-4e02-91d0-278741efb561:192.168.34.38:38186, 167876bd-92c4-4c51-979b-51b12cb252bf:192.168.34.38:45159], old=null at 0
2019-11-13 20:08:45,666 [grpc-default-executor-16] INFO  ratis.XceiverServerRatis (XceiverServerRatis.java:handleLeaderChangedNotification(697)) - Leader change notification received for group: group-7FA8BB7384C7 with new leaderId: 8446ee0c-69c2-4e02-91d0-278741efb561
2019-11-13 20:08:45,666 [grpc-default-executor-16] INFO  impl.RaftServerImpl (ServerState.java:setLeader(255)) - 2be136fa-895c-4486-93c9-d92ffb9d7f91@group-7FA8BB7384C7: change Leader from null to 8446ee0c-69c2-4e02-91d0-278741efb561 at term 3 for appendEntries, leader elected after 1036ms
2019-11-13 20:08:45,666 [grpc-default-executor-16] INFO  ratis.XceiverServerRatis (XceiverServerRatis.java:handleLeaderChangedNotification(697)) - Leader change notification received for group: group-7FA8BB7384C7 with new leaderId: 8446ee0c-69c2-4e02-91d0-278741efb561
2019-11-13 20:08:45,666 [grpc-default-executor-16] INFO  impl.RaftServerImpl (ServerState.java:setLeader(255)) - 167876bd-92c4-4c51-979b-51b12cb252bf@group-7FA8BB7384C7: change Leader from null to 8446ee0c-69c2-4e02-91d0-278741efb561 at term 3 for appendEntries, leader elected after 2219ms
2019-11-13 20:08:45,668 [grpc-default-executor-16] INFO  impl.RaftServerImpl (ServerState.java:setRaftConf(356)) - 2be136fa-895c-4486-93c9-d92ffb9d7f91@group-7FA8BB7384C7: set configuration 0: [2be136fa-895c-4486-93c9-d92ffb9d7f91:192.168.34.38:35833, 8446ee0c-69c2-4e02-91d0-278741efb561:192.168.34.38:38186, 167876bd-92c4-4c51-979b-51b12cb252bf:192.168.34.38:45159], old=null at 0
2019-11-13 20:08:45,668 [grpc-default-executor-13] INFO  impl.RaftServerImpl (ServerState.java:setRaftConf(356)) - 167876bd-92c4-4c51-979b-51b12cb252bf@group-7FA8BB7384C7: set configuration 0: [2be136fa-895c-4486-93c9-d92ffb9d7f91:192.168.34.38:35833, 8446ee0c-69c2-4e02-91d0-278741efb561:192.168.34.38:38186, 167876bd-92c4-4c51-979b-51b12cb252bf:192.168.34.38:45159], old=null at 0
2019-11-13 20:08:45,668 [grpc-default-executor-13] INFO  segmented.SegmentedRaftLogWorker (SegmentedRaftLogWorker.java:startLogSegment(385)) - 167876bd-92c4-4c51-979b-51b12cb252bf@group-7FA8BB7384C7-SegmentedRaftLogWorker: Starting segment from index:0
2019-11-13 20:08:45,670 [grpc-default-executor-16] INFO  segmented.SegmentedRaftLogWorker (SegmentedRaftLogWorker.java:truncate(401)) - 2be136fa-895c-4486-93c9-d92ffb9d7f91@group-7FA8BB7384C7-SegmentedRaftLogWorker: Truncating segments toTruncate: null
  toDelete: [(0, 0) isOpen? true, length=0, newEndIndex=-1], start index 0
2019-11-13 20:08:45,670 [grpc-default-executor-16] INFO  segmented.SegmentedRaftLogWorker (SegmentedRaftLogWorker.java:startLogSegment(385)) - 2be136fa-895c-4486-93c9-d92ffb9d7f91@group-7FA8BB7384C7-SegmentedRaftLogWorker: Starting segment from index:0
2019-11-13 20:08:45,671 [2be136fa-895c-4486-93c9-d92ffb9d7f91@group-7FA8BB7384C7-SegmentedRaftLogWorker] INFO  segmented.SegmentedRaftLogWorker (SegmentedRaftLogWorker.java:execute(640)) - 2be136fa-895c-4486-93c9-d92ffb9d7f91@group-7FA8BB7384C7-SegmentedRaftLogWorker: Deleted log file /workdir/hadoop-ozone/integration-test/target/test-dir/MiniOzoneClusterImpl-89214370-af8c-46c8-b403-f68b2ae7a3e8/datanode-8/data/ratis/26fbe226-d65f-48f0-8064-7fa8bb7384c7/current/log_inprogress_0
2019-11-13 20:08:45,671 [2be136fa-895c-4486-93c9-d92ffb9d7f91@group-7FA8BB7384C7-SegmentedRaftLogWorker] INFO  segmented.SegmentedRaftLogWorker (SegmentedRaftLogWorker.java:lambda$new$0(128)) - 2be136fa-895c-4486-93c9-d92ffb9d7f91@group-7FA8BB7384C7-SegmentedRaftLogWorker: flushIndex: setUnconditionally 0 -> -1
2019-11-13 20:08:45,712 [2be136fa-895c-4486-93c9-d92ffb9d7f91@group-7FA8BB7384C7-SegmentedRaftLogWorker] INFO  segmented.SegmentedRaftLogWorker (SegmentedRaftLogWorker.java:execute(576)) - 2be136fa-895c-4486-93c9-d92ffb9d7f91@group-7FA8BB7384C7-SegmentedRaftLogWorker: created new log segment /workdir/hadoop-ozone/integration-test/target/test-dir/MiniOzoneClusterImpl-89214370-af8c-46c8-b403-f68b2ae7a3e8/datanode-8/data/ratis/26fbe226-d65f-48f0-8064-7fa8bb7384c7/current/log_inprogress_0
2019-11-13 20:08:45,712 [167876bd-92c4-4c51-979b-51b12cb252bf@group-7FA8BB7384C7-SegmentedRaftLogWorker] INFO  segmented.SegmentedRaftLogWorker (SegmentedRaftLogWorker.java:execute(576)) - 167876bd-92c4-4c51-979b-51b12cb252bf@group-7FA8BB7384C7-SegmentedRaftLogWorker: created new log segment /workdir/hadoop-ozone/integration-test/target/test-dir/MiniOzoneClusterImpl-89214370-af8c-46c8-b403-f68b2ae7a3e8/datanode-6/data/ratis/26fbe226-d65f-48f0-8064-7fa8bb7384c7/current/log_inprogress_0
2019-11-13 20:08:45,712 [8446ee0c-69c2-4e02-91d0-278741efb561@group-7FA8BB7384C7-SegmentedRaftLogWorker] INFO  segmented.SegmentedRaftLogWorker (SegmentedRaftLogWorker.java:execute(576)) - 8446ee0c-69c2-4e02-91d0-278741efb561@group-7FA8BB7384C7-SegmentedRaftLogWorker: created new log segment /workdir/hadoop-ozone/integration-test/target/test-dir/MiniOzoneClusterImpl-89214370-af8c-46c8-b403-f68b2ae7a3e8/datanode-7/data/ratis/26fbe226-d65f-48f0-8064-7fa8bb7384c7/current/log_inprogress_0
2019-11-13 20:08:45,868 [Thread-4662] INFO  container.ReplicationManager (ReplicationManager.java:start(162)) - Starting Replication Monitor Thread.
2019-11-13 20:08:45,869 [Thread-4662] INFO  pipeline.SCMPipelineManager (SCMPipelineManager.java:finalizeAndDestroyPipeline(315)) - destroying pipeline:Pipeline[ Id: a51fd5ae-3b8c-4ceb-aa01-9bdb0acfd532, Nodes: d9031576-438e-4c71-bddc-2fb75a9376b9{ip: 192.168.34.38, host: pr-hdds-2469-rfsxc-843238572, networkLocation: /rack1, certSerialId: null}, Type:RATIS, Factor:ONE, State:OPEN]
2019-11-13 20:08:45,872 [ReplicationMonitor] INFO  container.ReplicationManager (ReplicationManager.java:run(225)) - Replication Monitor Thread took 0 milliseconds for processing 1 containers.
2019-11-13 20:08:45,873 [Thread-4662] INFO  pipeline.PipelineStateManager (PipelineStateManager.java:finalizePipeline(121)) - Pipeline Pipeline[ Id: a51fd5ae-3b8c-4ceb-aa01-9bdb0acfd532, Nodes: d9031576-438e-4c71-bddc-2fb75a9376b9{ip: 192.168.34.38, host: pr-hdds-2469-rfsxc-843238572, networkLocation: /rack1, certSerialId: null}, Type:RATIS, Factor:ONE, State:CLOSED] moved to CLOSED state
2019-11-13 20:08:45,875 [grpc-default-executor-13] INFO  impl.RaftServerProxy (RaftServerProxy.java:remove(95)) - d9031576-438e-4c71-bddc-2fb75a9376b9: remove    LEADER d9031576-438e-4c71-bddc-2fb75a9376b9@group-9BDB0ACFD532:t1, leader=d9031576-438e-4c71-bddc-2fb75a9376b9, voted=d9031576-438e-4c71-bddc-2fb75a9376b9, raftlog=d9031576-438e-4c71-bddc-2fb75a9376b9@group-9BDB0ACFD532-SegmentedRaftLog:OPENED:c0,f0,i0, conf=0: [d9031576-438e-4c71-bddc-2fb75a9376b9:192.168.34.38:45924], old=null RUNNING
2019-11-13 20:08:45,876 [grpc-default-executor-13] INFO  impl.RaftServerImpl (RaftServerImpl.java:lambda$shutdown$3(250)) - d9031576-438e-4c71-bddc-2fb75a9376b9@group-9BDB0ACFD532: shutdown
2019-11-13 20:08:45,876 [grpc-default-executor-13] INFO  util.JmxRegister (JmxRegister.java:unregister(73)) - Successfully un-registered JMX Bean with object name Ratis:service=RaftServer,group=group-9BDB0ACFD532,id=d9031576-438e-4c71-bddc-2fb75a9376b9
2019-11-13 20:08:45,876 [grpc-default-executor-13] INFO  impl.RoleInfo (RoleInfo.java:shutdownLeaderState(104)) - d9031576-438e-4c71-bddc-2fb75a9376b9: shutdown LeaderState
2019-11-13 20:08:45,876 [grpc-default-executor-13] INFO  impl.PendingRequests (PendingRequests.java:sendNotLeaderResponses(206)) - d9031576-438e-4c71-bddc-2fb75a9376b9@group-9BDB0ACFD532-PendingRequests: sendNotLeaderResponses
2019-11-13 20:08:45,876 [grpc-default-executor-13] INFO  impl.StateMachineUpdater (StateMachineUpdater.java:stopAndJoin(136)) - d9031576-438e-4c71-bddc-2fb75a9376b9@group-9BDB0ACFD532-StateMachineUpdater: set stopIndex = 0
2019-11-13 20:08:45,877 [grpc-default-executor-13] INFO  impl.RaftServerImpl (ServerState.java:close(387)) - d9031576-438e-4c71-bddc-2fb75a9376b9@group-9BDB0ACFD532: closes. applyIndex: 0
2019-11-13 20:08:45,877 [d9031576-438e-4c71-bddc-2fb75a9376b9@group-9BDB0ACFD532-SegmentedRaftLogWorker] INFO  segmented.SegmentedRaftLogWorker (SegmentedRaftLogWorker.java:run(316)) - d9031576-438e-4c71-bddc-2fb75a9376b9@group-9BDB0ACFD532-SegmentedRaftLogWorker was interrupted, exiting. There are 0 tasks remaining in the queue.
2019-11-13 20:08:45,877 [grpc-default-executor-13] INFO  segmented.SegmentedRaftLogWorker (SegmentedRaftLogWorker.java:close(224)) - d9031576-438e-4c71-bddc-2fb75a9376b9@group-9BDB0ACFD532-SegmentedRaftLogWorker close()
2019-11-13 20:08:45,894 [Thread-4662] INFO  pipeline.PipelineStateManager (PipelineStateManager.java:removePipeline(106)) - Pipeline Pipeline[ Id: a51fd5ae-3b8c-4ceb-aa01-9bdb0acfd532, Nodes: d9031576-438e-4c71-bddc-2fb75a9376b9{ip: 192.168.34.38, host: pr-hdds-2469-rfsxc-843238572, networkLocation: /rack1, certSerialId: null}, Type:RATIS, Factor:ONE, State:CLOSED] removed from db
2019-11-13 20:08:45,896 [Thread-4662] INFO  pipeline.SCMPipelineManager (SCMPipelineManager.java:finalizeAndDestroyPipeline(315)) - destroying pipeline:Pipeline[ Id: d37222c9-a1c3-437b-bc3e-91ef05a8ff38, Nodes: 63348c40-6caf-45cd-85ad-36e15dedc157{ip: 192.168.34.38, host: pr-hdds-2469-rfsxc-843238572, networkLocation: /rack1, certSerialId: null}, Type:RATIS, Factor:ONE, State:OPEN]
2019-11-13 20:08:45,901 [grpc-default-executor-13] INFO  impl.RaftServerProxy (RaftServerProxy.java:addNew(89)) - 7ba2007b-7453-4993-98f1-4fc841af859b: addNew group-97BB80F3E221:[7ba2007b-7453-4993-98f1-4fc841af859b:192.168.34.38:37487] returns group-97BB80F3E221:java.util.concurrent.CompletableFuture@13ba8aab[Not completed]
2019-11-13 20:08:45,902 [pool-600-thread-1] INFO  impl.RaftServerImpl (RaftServerImpl.java:<init>(98)) - 7ba2007b-7453-4993-98f1-4fc841af859b: new RaftServerImpl for group-97BB80F3E221:[7ba2007b-7453-4993-98f1-4fc841af859b:192.168.34.38:37487] with ContainerStateMachine:uninitialized
2019-11-13 20:08:45,903 [pool-600-thread-1] INFO  server.RaftServerConfigKeys (ConfUtils.java:logGet(43)) - raft.server.rpc.timeout.min = 1s (custom)
2019-11-13 20:08:45,903 [pool-600-thread-1] INFO  server.RaftServerConfigKeys (ConfUtils.java:logGet(43)) - raft.server.rpc.timeout.max = 1200ms (custom)
2019-11-13 20:08:45,903 [pool-600-thread-1] INFO  server.RaftServerConfigKeys (ConfUtils.java:logGet(43)) - raft.server.rpcslowness.timeout = 120s (custom)
2019-11-13 20:08:45,903 [pool-600-thread-1] INFO  server.RaftServerConfigKeys (ConfUtils.java:logGet(43)) - raft.server.sleep.deviation.threshold = 300 (default)
2019-11-13 20:08:45,903 [pool-600-thread-1] INFO  server.RaftServerConfigKeys (ConfUtils.java:logGet(43)) - raft.server.log.appender.install.snapshot.enabled = false (custom)
2019-11-13 20:08:45,903 [pool-600-thread-1] INFO  impl.RaftServerImpl (ServerState.java:<init>(103)) - 7ba2007b-7453-4993-98f1-4fc841af859b@group-97BB80F3E221: ConfigurationManager, init=-1: [7ba2007b-7453-4993-98f1-4fc841af859b:192.168.34.38:37487], old=null, confs=<EMPTY_MAP>
2019-11-13 20:08:45,903 [pool-600-thread-1] INFO  server.RaftServerConfigKeys (ConfUtils.java:logGet(43)) - raft.server.storage.dir = [/workdir/hadoop-ozone/integration-test/target/test-dir/MiniOzoneClusterImpl-89214370-af8c-46c8-b403-f68b2ae7a3e8/datanode-9/data/ratis] (custom)
2019-11-13 20:08:45,903 [pool-600-thread-1] INFO  server.RaftServerConfigKeys (ConfUtils.java:logGet(43)) - raft.server.log.corruption.policy = EXCEPTION (default)
2019-11-13 20:08:45,904 [pool-600-thread-1] INFO  storage.RaftStorageDirectory (RaftStorageDirectory.java:analyzeStorage(246)) - The storage directory /workdir/hadoop-ozone/integration-test/target/test-dir/MiniOzoneClusterImpl-89214370-af8c-46c8-b403-f68b2ae7a3e8/datanode-9/data/ratis/d064c726-85e8-4977-94a6-97bb80f3e221 does not exist. Creating ...
2019-11-13 20:08:45,908 [pool-600-thread-1] INFO  storage.RaftStorageDirectory (RaftStorageDirectory.java:tryLock(328)) - Lock on /workdir/hadoop-ozone/integration-test/target/test-dir/MiniOzoneClusterImpl-89214370-af8c-46c8-b403-f68b2ae7a3e8/datanode-9/data/ratis/d064c726-85e8-4977-94a6-97bb80f3e221/in_use.lock acquired by nodename 29866@pr-hdds-2469-rfsxc-843238572
2019-11-13 20:08:45,922 [pool-600-thread-1] INFO  storage.RaftStorage (RaftStorage.java:format(84)) - Storage directory /workdir/hadoop-ozone/integration-test/target/test-dir/MiniOzoneClusterImpl-89214370-af8c-46c8-b403-f68b2ae7a3e8/datanode-9/data/ratis/d064c726-85e8-4977-94a6-97bb80f3e221 has been successfully formatted.
2019-11-13 20:08:45,922 [pool-600-thread-1] INFO  ratis.ContainerStateMachine (ContainerStateMachine.java:loadSnapshot(223)) - group-97BB80F3E221: The snapshot info is null. Setting the last applied indexto:(t:0, i:~)
2019-11-13 20:08:45,922 [pool-600-thread-1] INFO  server.RaftServerConfigKeys (ConfUtils.java:logGet(43)) - raft.server.notification.no-leader.timeout = 120s (custom)
2019-11-13 20:08:45,922 [pool-600-thread-1] INFO  server.RaftServerConfigKeys (ConfUtils.java:logGet(43)) - raft.server.log.use.memory = false (default)
2019-11-13 20:08:45,923 [pool-600-thread-1] INFO  server.RaftServerConfigKeys (ConfUtils.java:logGet(43)) - raft.server.log.purge.gap = 1000000 (custom)
2019-11-13 20:08:45,923 [pool-600-thread-1] INFO  server.RaftServerConfigKeys (ConfUtils.java:logGet(43)) - raft.server.log.appender.buffer.byte-limit = 33554432 (custom)
2019-11-13 20:08:45,923 [pool-600-thread-1] INFO  server.RaftServerConfigKeys (ConfUtils.java:logGet(43)) - raft.server.log.segment.size.max = 1048576 (custom)
2019-11-13 20:08:45,923 [pool-600-thread-1] WARN  impl.MetricRegistriesImpl (MetricRegistriesImpl.java:lambda$create$1(61)) - First MetricRegistry has been created without registering reporters. You may need to call MetricRegistries.global().addReportRegistration(...) before.
2019-11-13 20:08:45,923 [pool-600-thread-1] INFO  server.RaftServerConfigKeys (ConfUtils.java:logGet(43)) - raft.server.log.segment.cache.num.max = 2 (custom)
2019-11-13 20:08:45,923 [pool-600-thread-1] INFO  segmented.SegmentedRaftLogWorker (SegmentedRaftLogWorker.java:<init>(173)) - new 7ba2007b-7453-4993-98f1-4fc841af859b@group-97BB80F3E221-SegmentedRaftLogWorker for RaftStorage:Storage Directory /workdir/hadoop-ozone/integration-test/target/test-dir/MiniOzoneClusterImpl-89214370-af8c-46c8-b403-f68b2ae7a3e8/datanode-9/data/ratis/d064c726-85e8-4977-94a6-97bb80f3e221
2019-11-13 20:08:45,923 [pool-600-thread-1] INFO  server.RaftServerConfigKeys (ConfUtils.java:logGet(43)) - raft.server.log.queue.byte-limit = 2147483647 (custom)
2019-11-13 20:08:45,924 [pool-600-thread-1] INFO  server.RaftServerConfigKeys (ConfUtils.java:logGet(43)) - raft.server.log.queue.element-limit = 1024 (custom)
2019-11-13 20:08:45,924 [pool-600-thread-1] INFO  server.RaftServerConfigKeys (ConfUtils.java:logGet(43)) - raft.server.log.segment.size.max = 1048576 (custom)
2019-11-13 20:08:45,924 [pool-600-thread-1] INFO  server.RaftServerConfigKeys (ConfUtils.java:logGet(43)) - raft.server.log.preallocated.size = 16384 (custom)
2019-11-13 20:08:45,924 [pool-600-thread-1] INFO  server.RaftServerConfigKeys (ConfUtils.java:logGet(43)) - raft.server.log.write.buffer.size = 33554432 (custom)
2019-11-13 20:08:45,924 [pool-600-thread-1] INFO  server.RaftServerConfigKeys (ConfUtils.java:logGet(43)) - raft.server.log.force.sync.num = 128 (default)
2019-11-13 20:08:45,924 [pool-600-thread-1] INFO  server.RaftServerConfigKeys (ConfUtils.java:logGet(43)) - raft.server.log.statemachine.data.sync = true (default)
2019-11-13 20:08:45,924 [pool-600-thread-1] INFO  server.RaftServerConfigKeys (ConfUtils.java:logGet(43)) - raft.server.log.statemachine.data.sync.timeout = 10s (default)
2019-11-13 20:08:45,924 [pool-600-thread-1] INFO  server.RaftServerConfigKeys (ConfUtils.java:logGet(43)) - raft.server.log.statemachine.data.sync.timeout.retry = -1 (default)
2019-11-13 20:08:45,924 [pool-600-thread-1] INFO  server.RaftServerConfigKeys (ConfUtils.java:logGet(43)) - raft.server.log.statemachine.data.caching.enabled = true (custom)
2019-11-13 20:08:45,925 [pool-600-thread-1] INFO  segmented.SegmentedRaftLogWorker (SegmentedRaftLogWorker.java:lambda$new$0(128)) - 7ba2007b-7453-4993-98f1-4fc841af859b@group-97BB80F3E221-SegmentedRaftLogWorker: flushIndex: setUnconditionally 0 -> -1
2019-11-13 20:08:45,925 [pool-600-thread-1] INFO  server.RaftServerConfigKeys (ConfUtils.java:logGet(43)) - raft.server.snapshot.auto.trigger.enabled = true (custom)
2019-11-13 20:08:45,925 [pool-600-thread-1] INFO  server.RaftServerConfigKeys (ConfUtils.java:logGet(43)) - raft.server.snapshot.auto.trigger.threshold = 10000 (custom)
2019-11-13 20:08:45,925 [pool-600-thread-1] INFO  server.RaftServerConfigKeys (ConfUtils.java:logGet(43)) - raft.server.snapshot.retention.file.num = 5 (custom)
2019-11-13 20:08:45,925 [pool-600-thread-1] INFO  server.RaftServerConfigKeys (ConfUtils.java:logGet(43)) - raft.server.retrycache.expirytime = 600000ms (custom)
2019-11-13 20:08:45,925 [pool-600-thread-1] WARN  impl.MetricRegistriesImpl (MetricRegistriesImpl.java:lambda$create$1(61)) - First MetricRegistry has been created without registering reporters. You may need to call MetricRegistries.global().addReportRegistration(...) before.
2019-11-13 20:08:45,926 [pool-600-thread-1] WARN  impl.MetricRegistriesImpl (MetricRegistriesImpl.java:lambda$create$1(61)) - First MetricRegistry has been created without registering reporters. You may need to call MetricRegistries.global().addReportRegistration(...) before.
2019-11-13 20:08:45,926 [pool-600-thread-1] INFO  impl.RaftServerImpl (RaftServerImpl.java:start(184)) - 7ba2007b-7453-4993-98f1-4fc841af859b@group-97BB80F3E221: start as a follower, conf=-1: [7ba2007b-7453-4993-98f1-4fc841af859b:192.168.34.38:37487], old=null
2019-11-13 20:08:45,926 [pool-600-thread-1] INFO  impl.RaftServerImpl (RaftServerImpl.java:setRole(173)) - 7ba2007b-7453-4993-98f1-4fc841af859b@group-97BB80F3E221: changes role from      null to FOLLOWER at term 0 for startAsFollower
2019-11-13 20:08:45,926 [pool-600-thread-1] INFO  impl.RoleInfo (RoleInfo.java:updateAndGet(143)) - 7ba2007b-7453-4993-98f1-4fc841af859b: start FollowerState
2019-11-13 20:08:45,926 [pool-600-thread-1] INFO  util.JmxRegister (JmxRegister.java:tryRegister(44)) - Successfully registered JMX Bean with object name Ratis:service=RaftServer,group=group-97BB80F3E221,id=7ba2007b-7453-4993-98f1-4fc841af859b
2019-11-13 20:08:45,926 [pool-600-thread-1] WARN  impl.MetricRegistriesImpl (MetricRegistriesImpl.java:lambda$create$1(61)) - First MetricRegistry has been created without registering reporters. You may need to call MetricRegistries.global().addReportRegistration(...) before.
2019-11-13 20:08:45,928 [RatisPipelineUtilsThread] INFO  pipeline.PipelineStateManager (PipelineStateManager.java:addPipeline(55)) - Created pipeline Pipeline[ Id: d064c726-85e8-4977-94a6-97bb80f3e221, Nodes: 7ba2007b-7453-4993-98f1-4fc841af859b{ip: 192.168.34.38, host: pr-hdds-2469-rfsxc-843238572, networkLocation: /rack1, certSerialId: null}, Type:RATIS, Factor:ONE, State:ALLOCATED]
2019-11-13 20:08:45,931 [grpc-default-executor-13] INFO  impl.RaftServerProxy (RaftServerProxy.java:addNew(89)) - d9031576-438e-4c71-bddc-2fb75a9376b9: addNew group-BD8D899F1765:[d9031576-438e-4c71-bddc-2fb75a9376b9:192.168.34.38:45924] returns group-BD8D899F1765:java.util.concurrent.CompletableFuture@6e2b04e3[Not completed]
2019-11-13 20:08:45,932 [pool-520-thread-1] INFO  impl.RaftServerImpl (RaftServerImpl.java:<init>(98)) - d9031576-438e-4c71-bddc-2fb75a9376b9: new RaftServerImpl for group-BD8D899F1765:[d9031576-438e-4c71-bddc-2fb75a9376b9:192.168.34.38:45924] with ContainerStateMachine:uninitialized
2019-11-13 20:08:45,932 [pool-520-thread-1] INFO  server.RaftServerConfigKeys (ConfUtils.java:logGet(43)) - raft.server.rpc.timeout.min = 1s (custom)
2019-11-13 20:08:45,932 [pool-520-thread-1] INFO  server.RaftServerConfigKeys (ConfUtils.java:logGet(43)) - raft.server.rpc.timeout.max = 1200ms (custom)
2019-11-13 20:08:45,932 [pool-520-thread-1] INFO  server.RaftServerConfigKeys (ConfUtils.java:logGet(43)) - raft.server.rpcslowness.timeout = 120s (custom)
2019-11-13 20:08:45,932 [pool-520-thread-1] INFO  server.RaftServerConfigKeys (ConfUtils.java:logGet(43)) - raft.server.sleep.deviation.threshold = 300 (default)
2019-11-13 20:08:45,932 [pool-520-thread-1] INFO  server.RaftServerConfigKeys (ConfUtils.java:logGet(43)) - raft.server.log.appender.install.snapshot.enabled = false (custom)
2019-11-13 20:08:45,932 [pool-520-thread-1] INFO  impl.RaftServerImpl (ServerState.java:<init>(103)) - d9031576-438e-4c71-bddc-2fb75a9376b9@group-BD8D899F1765: ConfigurationManager, init=-1: [d9031576-438e-4c71-bddc-2fb75a9376b9:192.168.34.38:45924], old=null, confs=<EMPTY_MAP>
2019-11-13 20:08:45,932 [pool-520-thread-1] INFO  server.RaftServerConfigKeys (ConfUtils.java:logGet(43)) - raft.server.storage.dir = [/workdir/hadoop-ozone/integration-test/target/test-dir/MiniOzoneClusterImpl-89214370-af8c-46c8-b403-f68b2ae7a3e8/datanode-1/data/ratis] (custom)
2019-11-13 20:08:45,932 [pool-520-thread-1] INFO  server.RaftServerConfigKeys (ConfUtils.java:logGet(43)) - raft.server.log.corruption.policy = EXCEPTION (default)
2019-11-13 20:08:45,932 [pool-520-thread-1] INFO  storage.RaftStorageDirectory (RaftStorageDirectory.java:analyzeStorage(246)) - The storage directory /workdir/hadoop-ozone/integration-test/target/test-dir/MiniOzoneClusterImpl-89214370-af8c-46c8-b403-f68b2ae7a3e8/datanode-1/data/ratis/93e05e77-3813-4e48-969f-bd8d899f1765 does not exist. Creating ...
2019-11-13 20:08:45,946 [pool-520-thread-1] INFO  storage.RaftStorageDirectory (RaftStorageDirectory.java:tryLock(328)) - Lock on /workdir/hadoop-ozone/integration-test/target/test-dir/MiniOzoneClusterImpl-89214370-af8c-46c8-b403-f68b2ae7a3e8/datanode-1/data/ratis/93e05e77-3813-4e48-969f-bd8d899f1765/in_use.lock acquired by nodename 29866@pr-hdds-2469-rfsxc-843238572
2019-11-13 20:08:45,960 [pool-520-thread-1] INFO  storage.RaftStorage (RaftStorage.java:format(84)) - Storage directory /workdir/hadoop-ozone/integration-test/target/test-dir/MiniOzoneClusterImpl-89214370-af8c-46c8-b403-f68b2ae7a3e8/datanode-1/data/ratis/93e05e77-3813-4e48-969f-bd8d899f1765 has been successfully formatted.
2019-11-13 20:08:45,960 [pool-520-thread-1] INFO  ratis.ContainerStateMachine (ContainerStateMachine.java:loadSnapshot(223)) - group-BD8D899F1765: The snapshot info is null. Setting the last applied indexto:(t:0, i:~)
2019-11-13 20:08:45,960 [pool-520-thread-1] INFO  server.RaftServerConfigKeys (ConfUtils.java:logGet(43)) - raft.server.notification.no-leader.timeout = 120s (custom)
2019-11-13 20:08:45,960 [pool-520-thread-1] INFO  server.RaftServerConfigKeys (ConfUtils.java:logGet(43)) - raft.server.log.use.memory = false (default)
2019-11-13 20:08:45,960 [pool-520-thread-1] INFO  server.RaftServerConfigKeys (ConfUtils.java:logGet(43)) - raft.server.log.purge.gap = 1000000 (custom)
2019-11-13 20:08:45,960 [pool-520-thread-1] INFO  server.RaftServerConfigKeys (ConfUtils.java:logGet(43)) - raft.server.log.appender.buffer.byte-limit = 33554432 (custom)
2019-11-13 20:08:45,961 [pool-520-thread-1] INFO  server.RaftServerConfigKeys (ConfUtils.java:logGet(43)) - raft.server.log.segment.size.max = 1048576 (custom)
2019-11-13 20:08:45,961 [pool-520-thread-1] INFO  server.RaftServerConfigKeys (ConfUtils.java:logGet(43)) - raft.server.log.segment.cache.num.max = 2 (custom)
2019-11-13 20:08:45,961 [pool-520-thread-1] INFO  segmented.SegmentedRaftLogWorker (SegmentedRaftLogWorker.java:<init>(173)) - new d9031576-438e-4c71-bddc-2fb75a9376b9@group-BD8D899F1765-SegmentedRaftLogWorker for RaftStorage:Storage Directory /workdir/hadoop-ozone/integration-test/target/test-dir/MiniOzoneClusterImpl-89214370-af8c-46c8-b403-f68b2ae7a3e8/datanode-1/data/ratis/93e05e77-3813-4e48-969f-bd8d899f1765
2019-11-13 20:08:45,961 [pool-520-thread-1] INFO  server.RaftServerConfigKeys (ConfUtils.java:logGet(43)) - raft.server.log.queue.byte-limit = 2147483647 (custom)
2019-11-13 20:08:45,961 [pool-520-thread-1] INFO  server.RaftServerConfigKeys (ConfUtils.java:logGet(43)) - raft.server.log.queue.element-limit = 1024 (custom)
2019-11-13 20:08:45,961 [pool-520-thread-1] INFO  server.RaftServerConfigKeys (ConfUtils.java:logGet(43)) - raft.server.log.segment.size.max = 1048576 (custom)
2019-11-13 20:08:45,961 [pool-520-thread-1] INFO  server.RaftServerConfigKeys (ConfUtils.java:logGet(43)) - raft.server.log.preallocated.size = 16384 (custom)
2019-11-13 20:08:45,961 [pool-520-thread-1] INFO  server.RaftServerConfigKeys (ConfUtils.java:logGet(43)) - raft.server.log.write.buffer.size = 33554432 (custom)
2019-11-13 20:08:45,961 [pool-520-thread-1] INFO  server.RaftServerConfigKeys (ConfUtils.java:logGet(43)) - raft.server.log.force.sync.num = 128 (default)
2019-11-13 20:08:45,961 [pool-520-thread-1] INFO  server.RaftServerConfigKeys (ConfUtils.java:logGet(43)) - raft.server.log.statemachine.data.sync = true (default)
2019-11-13 20:08:45,961 [pool-520-thread-1] INFO  server.RaftServerConfigKeys (ConfUtils.java:logGet(43)) - raft.server.log.statemachine.data.sync.timeout = 10s (default)
2019-11-13 20:08:45,961 [pool-520-thread-1] INFO  server.RaftServerConfigKeys (ConfUtils.java:logGet(43)) - raft.server.log.statemachine.data.sync.timeout.retry = -1 (default)
2019-11-13 20:08:45,962 [pool-520-thread-1] INFO  server.RaftServerConfigKeys (ConfUtils.java:logGet(43)) - raft.server.log.statemachine.data.caching.enabled = true (custom)
2019-11-13 20:08:45,962 [pool-520-thread-1] INFO  segmented.SegmentedRaftLogWorker (SegmentedRaftLogWorker.java:lambda$new$0(128)) - d9031576-438e-4c71-bddc-2fb75a9376b9@group-BD8D899F1765-SegmentedRaftLogWorker: flushIndex: setUnconditionally 0 -> -1
2019-11-13 20:08:45,962 [pool-520-thread-1] INFO  server.RaftServerConfigKeys (ConfUtils.java:logGet(43)) - raft.server.snapshot.auto.trigger.enabled = true (custom)
2019-11-13 20:08:45,962 [pool-520-thread-1] INFO  server.RaftServerConfigKeys (ConfUtils.java:logGet(43)) - raft.server.snapshot.auto.trigger.threshold = 10000 (custom)
2019-11-13 20:08:45,962 [pool-520-thread-1] INFO  server.RaftServerConfigKeys (ConfUtils.java:logGet(43)) - raft.server.snapshot.retention.file.num = 5 (custom)
2019-11-13 20:08:45,962 [pool-520-thread-1] INFO  server.RaftServerConfigKeys (ConfUtils.java:logGet(43)) - raft.server.retrycache.expirytime = 600000ms (custom)
2019-11-13 20:08:45,962 [pool-520-thread-1] WARN  impl.MetricRegistriesImpl (MetricRegistriesImpl.java:lambda$create$1(61)) - First MetricRegistry has been created without registering reporters. You may need to call MetricRegistries.global().addReportRegistration(...) before.
2019-11-13 20:08:45,962 [pool-520-thread-1] WARN  impl.MetricRegistriesImpl (MetricRegistriesImpl.java:lambda$create$1(61)) - First MetricRegistry has been created without registering reporters. You may need to call MetricRegistries.global().addReportRegistration(...) before.
2019-11-13 20:08:45,962 [pool-520-thread-1] INFO  impl.RaftServerImpl (RaftServerImpl.java:start(184)) - d9031576-438e-4c71-bddc-2fb75a9376b9@group-BD8D899F1765: start as a follower, conf=-1: [d9031576-438e-4c71-bddc-2fb75a9376b9:192.168.34.38:45924], old=null
2019-11-13 20:08:45,963 [pool-520-thread-1] INFO  impl.RaftServerImpl (RaftServerImpl.java:setRole(173)) - d9031576-438e-4c71-bddc-2fb75a9376b9@group-BD8D899F1765: changes role from      null to FOLLOWER at term 0 for startAsFollower
2019-11-13 20:08:45,963 [pool-520-thread-1] INFO  impl.RoleInfo (RoleInfo.java:updateAndGet(143)) - d9031576-438e-4c71-bddc-2fb75a9376b9: start FollowerState
2019-11-13 20:08:45,971 [pool-520-thread-1] INFO  util.JmxRegister (JmxRegister.java:tryRegister(44)) - Successfully registered JMX Bean with object name Ratis:service=RaftServer,group=group-BD8D899F1765,id=d9031576-438e-4c71-bddc-2fb75a9376b9
2019-11-13 20:08:45,971 [pool-520-thread-1] WARN  impl.MetricRegistriesImpl (MetricRegistriesImpl.java:lambda$create$1(61)) - First MetricRegistry has been created without registering reporters. You may need to call MetricRegistries.global().addReportRegistration(...) before.
2019-11-13 20:08:45,980 [RatisPipelineUtilsThread] INFO  pipeline.PipelineStateManager (PipelineStateManager.java:addPipeline(55)) - Created pipeline Pipeline[ Id: 93e05e77-3813-4e48-969f-bd8d899f1765, Nodes: d9031576-438e-4c71-bddc-2fb75a9376b9{ip: 192.168.34.38, host: pr-hdds-2469-rfsxc-843238572, networkLocation: /rack1, certSerialId: null}, Type:RATIS, Factor:ONE, State:ALLOCATED]
2019-11-13 20:08:45,981 [Thread-4662] INFO  pipeline.PipelineStateManager (PipelineStateManager.java:finalizePipeline(121)) - Pipeline Pipeline[ Id: d37222c9-a1c3-437b-bc3e-91ef05a8ff38, Nodes: 63348c40-6caf-45cd-85ad-36e15dedc157{ip: 192.168.34.38, host: pr-hdds-2469-rfsxc-843238572, networkLocation: /rack1, certSerialId: null}, Type:RATIS, Factor:ONE, State:CLOSED] moved to CLOSED state
2019-11-13 20:08:45,983 [grpc-default-executor-13] INFO  impl.RaftServerProxy (RaftServerProxy.java:remove(95)) - 63348c40-6caf-45cd-85ad-36e15dedc157: remove    LEADER 63348c40-6caf-45cd-85ad-36e15dedc157@group-91EF05A8FF38:t1, leader=63348c40-6caf-45cd-85ad-36e15dedc157, voted=63348c40-6caf-45cd-85ad-36e15dedc157, raftlog=63348c40-6caf-45cd-85ad-36e15dedc157@group-91EF05A8FF38-SegmentedRaftLog:OPENED:c0,f0,i0, conf=0: [63348c40-6caf-45cd-85ad-36e15dedc157:192.168.34.38:33072], old=null RUNNING
2019-11-13 20:08:45,983 [grpc-default-executor-13] INFO  impl.RaftServerImpl (RaftServerImpl.java:lambda$shutdown$3(250)) - 63348c40-6caf-45cd-85ad-36e15dedc157@group-91EF05A8FF38: shutdown
2019-11-13 20:08:45,983 [grpc-default-executor-13] INFO  util.JmxRegister (JmxRegister.java:unregister(73)) - Successfully un-registered JMX Bean with object name Ratis:service=RaftServer,group=group-91EF05A8FF38,id=63348c40-6caf-45cd-85ad-36e15dedc157
2019-11-13 20:08:45,984 [grpc-default-executor-13] INFO  impl.RoleInfo (RoleInfo.java:shutdownLeaderState(104)) - 63348c40-6caf-45cd-85ad-36e15dedc157: shutdown LeaderState
2019-11-13 20:08:45,984 [grpc-default-executor-13] INFO  impl.PendingRequests (PendingRequests.java:sendNotLeaderResponses(206)) - 63348c40-6caf-45cd-85ad-36e15dedc157@group-91EF05A8FF38-PendingRequests: sendNotLeaderResponses
2019-11-13 20:08:45,984 [grpc-default-executor-13] INFO  impl.StateMachineUpdater (StateMachineUpdater.java:stopAndJoin(136)) - 63348c40-6caf-45cd-85ad-36e15dedc157@group-91EF05A8FF38-StateMachineUpdater: set stopIndex = 0
2019-11-13 20:08:45,984 [grpc-default-executor-13] INFO  impl.RaftServerImpl (ServerState.java:close(387)) - 63348c40-6caf-45cd-85ad-36e15dedc157@group-91EF05A8FF38: closes. applyIndex: 0
2019-11-13 20:08:45,984 [63348c40-6caf-45cd-85ad-36e15dedc157@group-91EF05A8FF38-SegmentedRaftLogWorker] INFO  segmented.SegmentedRaftLogWorker (SegmentedRaftLogWorker.java:run(316)) - 63348c40-6caf-45cd-85ad-36e15dedc157@group-91EF05A8FF38-SegmentedRaftLogWorker was interrupted, exiting. There are 0 tasks remaining in the queue.
2019-11-13 20:08:45,985 [grpc-default-executor-13] INFO  segmented.SegmentedRaftLogWorker (SegmentedRaftLogWorker.java:close(224)) - 63348c40-6caf-45cd-85ad-36e15dedc157@group-91EF05A8FF38-SegmentedRaftLogWorker close()
2019-11-13 20:08:45,986 [Thread-4662] INFO  pipeline.PipelineStateManager (PipelineStateManager.java:removePipeline(106)) - Pipeline Pipeline[ Id: d37222c9-a1c3-437b-bc3e-91ef05a8ff38, Nodes: 63348c40-6caf-45cd-85ad-36e15dedc157{ip: 192.168.34.38, host: pr-hdds-2469-rfsxc-843238572, networkLocation: /rack1, certSerialId: null}, Type:RATIS, Factor:ONE, State:CLOSED] removed from db
2019-11-13 20:08:45,986 [Thread-4662] INFO  pipeline.SCMPipelineManager (SCMPipelineManager.java:finalizeAndDestroyPipeline(315)) - destroying pipeline:Pipeline[ Id: 78479c21-f636-4634-9089-f0fc473f13fd, Nodes: 4ac79741-1dc4-4e7a-a50d-ac53fab10d14{ip: 192.168.34.38, host: pr-hdds-2469-rfsxc-843238572, networkLocation: /rack1, certSerialId: null}, Type:RATIS, Factor:ONE, State:OPEN]
2019-11-13 20:08:45,988 [grpc-default-executor-13] INFO  impl.RaftServerProxy (RaftServerProxy.java:addNew(89)) - 63348c40-6caf-45cd-85ad-36e15dedc157: addNew group-2E3EC34D3C39:[63348c40-6caf-45cd-85ad-36e15dedc157:192.168.34.38:33072] returns group-2E3EC34D3C39:java.util.concurrent.CompletableFuture@757813b[Not completed]
2019-11-13 20:08:45,989 [pool-510-thread-1] INFO  impl.RaftServerImpl (RaftServerImpl.java:<init>(98)) - 63348c40-6caf-45cd-85ad-36e15dedc157: new RaftServerImpl for group-2E3EC34D3C39:[63348c40-6caf-45cd-85ad-36e15dedc157:192.168.34.38:33072] with ContainerStateMachine:uninitialized
2019-11-13 20:08:45,989 [pool-510-thread-1] INFO  server.RaftServerConfigKeys (ConfUtils.java:logGet(43)) - raft.server.rpc.timeout.min = 1s (custom)
2019-11-13 20:08:45,989 [pool-510-thread-1] INFO  server.RaftServerConfigKeys (ConfUtils.java:logGet(43)) - raft.server.rpc.timeout.max = 1200ms (custom)
2019-11-13 20:08:45,989 [pool-510-thread-1] INFO  server.RaftServerConfigKeys (ConfUtils.java:logGet(43)) - raft.server.rpcslowness.timeout = 120s (custom)
2019-11-13 20:08:45,989 [pool-510-thread-1] INFO  server.RaftServerConfigKeys (ConfUtils.java:logGet(43)) - raft.server.sleep.deviation.threshold = 300 (default)
2019-11-13 20:08:45,989 [pool-510-thread-1] INFO  server.RaftServerConfigKeys (ConfUtils.java:logGet(43)) - raft.server.log.appender.install.snapshot.enabled = false (custom)
2019-11-13 20:08:45,989 [pool-510-thread-1] INFO  impl.RaftServerImpl (ServerState.java:<init>(103)) - 63348c40-6caf-45cd-85ad-36e15dedc157@group-2E3EC34D3C39: ConfigurationManager, init=-1: [63348c40-6caf-45cd-85ad-36e15dedc157:192.168.34.38:33072], old=null, confs=<EMPTY_MAP>
2019-11-13 20:08:45,989 [pool-510-thread-1] INFO  server.RaftServerConfigKeys (ConfUtils.java:logGet(43)) - raft.server.storage.dir = [/workdir/hadoop-ozone/integration-test/target/test-dir/MiniOzoneClusterImpl-89214370-af8c-46c8-b403-f68b2ae7a3e8/datanode-0/data/ratis] (custom)
2019-11-13 20:08:46,001 [pool-510-thread-1] INFO  server.RaftServerConfigKeys (ConfUtils.java:logGet(43)) - raft.server.log.corruption.policy = EXCEPTION (default)
2019-11-13 20:08:46,001 [pool-510-thread-1] INFO  storage.RaftStorageDirectory (RaftStorageDirectory.java:analyzeStorage(246)) - The storage directory /workdir/hadoop-ozone/integration-test/target/test-dir/MiniOzoneClusterImpl-89214370-af8c-46c8-b403-f68b2ae7a3e8/datanode-0/data/ratis/ca6d6191-7b4b-4f74-944d-2e3ec34d3c39 does not exist. Creating ...
2019-11-13 20:08:46,003 [pool-510-thread-1] INFO  storage.RaftStorageDirectory (RaftStorageDirectory.java:tryLock(328)) - Lock on /workdir/hadoop-ozone/integration-test/target/test-dir/MiniOzoneClusterImpl-89214370-af8c-46c8-b403-f68b2ae7a3e8/datanode-0/data/ratis/ca6d6191-7b4b-4f74-944d-2e3ec34d3c39/in_use.lock acquired by nodename 29866@pr-hdds-2469-rfsxc-843238572
2019-11-13 20:08:46,017 [pool-510-thread-1] INFO  storage.RaftStorage (RaftStorage.java:format(84)) - Storage directory /workdir/hadoop-ozone/integration-test/target/test-dir/MiniOzoneClusterImpl-89214370-af8c-46c8-b403-f68b2ae7a3e8/datanode-0/data/ratis/ca6d6191-7b4b-4f74-944d-2e3ec34d3c39 has been successfully formatted.
2019-11-13 20:08:46,017 [pool-510-thread-1] INFO  ratis.ContainerStateMachine (ContainerStateMachine.java:loadSnapshot(223)) - group-2E3EC34D3C39: The snapshot info is null. Setting the last applied indexto:(t:0, i:~)
2019-11-13 20:08:46,017 [pool-510-thread-1] INFO  server.RaftServerConfigKeys (ConfUtils.java:logGet(43)) - raft.server.notification.no-leader.timeout = 120s (custom)
2019-11-13 20:08:46,017 [pool-510-thread-1] INFO  server.RaftServerConfigKeys (ConfUtils.java:logGet(43)) - raft.server.log.use.memory = false (default)
2019-11-13 20:08:46,017 [pool-510-thread-1] INFO  server.RaftServerConfigKeys (ConfUtils.java:logGet(43)) - raft.server.log.purge.gap = 1000000 (custom)
2019-11-13 20:08:46,018 [pool-510-thread-1] INFO  server.RaftServerConfigKeys (ConfUtils.java:logGet(43)) - raft.server.log.appender.buffer.byte-limit = 33554432 (custom)
2019-11-13 20:08:46,018 [pool-510-thread-1] INFO  server.RaftServerConfigKeys (ConfUtils.java:logGet(43)) - raft.server.log.segment.size.max = 1048576 (custom)
2019-11-13 20:08:46,018 [pool-510-thread-1] INFO  server.RaftServerConfigKeys (ConfUtils.java:logGet(43)) - raft.server.log.segment.cache.num.max = 2 (custom)
2019-11-13 20:08:46,018 [pool-510-thread-1] INFO  segmented.SegmentedRaftLogWorker (SegmentedRaftLogWorker.java:<init>(173)) - new 63348c40-6caf-45cd-85ad-36e15dedc157@group-2E3EC34D3C39-SegmentedRaftLogWorker for RaftStorage:Storage Directory /workdir/hadoop-ozone/integration-test/target/test-dir/MiniOzoneClusterImpl-89214370-af8c-46c8-b403-f68b2ae7a3e8/datanode-0/data/ratis/ca6d6191-7b4b-4f74-944d-2e3ec34d3c39
2019-11-13 20:08:46,018 [pool-510-thread-1] INFO  server.RaftServerConfigKeys (ConfUtils.java:logGet(43)) - raft.server.log.queue.byte-limit = 2147483647 (custom)
2019-11-13 20:08:46,018 [pool-510-thread-1] INFO  server.RaftServerConfigKeys (ConfUtils.java:logGet(43)) - raft.server.log.queue.element-limit = 1024 (custom)
2019-11-13 20:08:46,018 [pool-510-thread-1] INFO  server.RaftServerConfigKeys (ConfUtils.java:logGet(43)) - raft.server.log.segment.size.max = 1048576 (custom)
2019-11-13 20:08:46,018 [pool-510-thread-1] INFO  server.RaftServerConfigKeys (ConfUtils.java:logGet(43)) - raft.server.log.preallocated.size = 16384 (custom)
2019-11-13 20:08:46,018 [pool-510-thread-1] INFO  server.RaftServerConfigKeys (ConfUtils.java:logGet(43)) - raft.server.log.write.buffer.size = 33554432 (custom)
2019-11-13 20:08:46,018 [pool-510-thread-1] INFO  server.RaftServerConfigKeys (ConfUtils.java:logGet(43)) - raft.server.log.force.sync.num = 128 (default)
2019-11-13 20:08:46,018 [pool-510-thread-1] INFO  server.RaftServerConfigKeys (ConfUtils.java:logGet(43)) - raft.server.log.statemachine.data.sync = true (default)
2019-11-13 20:08:46,018 [pool-510-thread-1] INFO  server.RaftServerConfigKeys (ConfUtils.java:logGet(43)) - raft.server.log.statemachine.data.sync.timeout = 10s (default)
2019-11-13 20:08:46,019 [pool-510-thread-1] INFO  server.RaftServerConfigKeys (ConfUtils.java:logGet(43)) - raft.server.log.statemachine.data.sync.timeout.retry = -1 (default)
2019-11-13 20:08:46,019 [pool-510-thread-1] INFO  server.RaftServerConfigKeys (ConfUtils.java:logGet(43)) - raft.server.log.statemachine.data.caching.enabled = true (custom)
2019-11-13 20:08:46,019 [pool-510-thread-1] INFO  segmented.SegmentedRaftLogWorker (SegmentedRaftLogWorker.java:lambda$new$0(128)) - 63348c40-6caf-45cd-85ad-36e15dedc157@group-2E3EC34D3C39-SegmentedRaftLogWorker: flushIndex: setUnconditionally 0 -> -1
2019-11-13 20:08:46,019 [pool-510-thread-1] INFO  server.RaftServerConfigKeys (ConfUtils.java:logGet(43)) - raft.server.snapshot.auto.trigger.enabled = true (custom)
2019-11-13 20:08:46,019 [pool-510-thread-1] INFO  server.RaftServerConfigKeys (ConfUtils.java:logGet(43)) - raft.server.snapshot.auto.trigger.threshold = 10000 (custom)
2019-11-13 20:08:46,019 [pool-510-thread-1] INFO  server.RaftServerConfigKeys (ConfUtils.java:logGet(43)) - raft.server.snapshot.retention.file.num = 5 (custom)
2019-11-13 20:08:46,019 [pool-510-thread-1] INFO  server.RaftServerConfigKeys (ConfUtils.java:logGet(43)) - raft.server.retrycache.expirytime = 600000ms (custom)
2019-11-13 20:08:46,020 [pool-510-thread-1] WARN  impl.MetricRegistriesImpl (MetricRegistriesImpl.java:lambda$create$1(61)) - First MetricRegistry has been created without registering reporters. You may need to call MetricRegistries.global().addReportRegistration(...) before.
2019-11-13 20:08:46,020 [pool-510-thread-1] WARN  impl.MetricRegistriesImpl (MetricRegistriesImpl.java:lambda$create$1(61)) - First MetricRegistry has been created without registering reporters. You may need to call MetricRegistries.global().addReportRegistration(...) before.
2019-11-13 20:08:46,020 [pool-510-thread-1] INFO  impl.RaftServerImpl (RaftServerImpl.java:start(184)) - 63348c40-6caf-45cd-85ad-36e15dedc157@group-2E3EC34D3C39: start as a follower, conf=-1: [63348c40-6caf-45cd-85ad-36e15dedc157:192.168.34.38:33072], old=null
2019-11-13 20:08:46,020 [pool-510-thread-1] INFO  impl.RaftServerImpl (RaftServerImpl.java:setRole(173)) - 63348c40-6caf-45cd-85ad-36e15dedc157@group-2E3EC34D3C39: changes role from      null to FOLLOWER at term 0 for startAsFollower
2019-11-13 20:08:46,020 [pool-510-thread-1] INFO  impl.RoleInfo (RoleInfo.java:updateAndGet(143)) - 63348c40-6caf-45cd-85ad-36e15dedc157: start FollowerState
2019-11-13 20:08:46,020 [pool-510-thread-1] INFO  util.JmxRegister (JmxRegister.java:tryRegister(44)) - Successfully registered JMX Bean with object name Ratis:service=RaftServer,group=group-2E3EC34D3C39,id=63348c40-6caf-45cd-85ad-36e15dedc157
2019-11-13 20:08:46,020 [pool-510-thread-1] WARN  impl.MetricRegistriesImpl (MetricRegistriesImpl.java:lambda$create$1(61)) - First MetricRegistry has been created without registering reporters. You may need to call MetricRegistries.global().addReportRegistration(...) before.
2019-11-13 20:08:46,022 [RatisPipelineUtilsThread] INFO  pipeline.PipelineStateManager (PipelineStateManager.java:addPipeline(55)) - Created pipeline Pipeline[ Id: ca6d6191-7b4b-4f74-944d-2e3ec34d3c39, Nodes: 63348c40-6caf-45cd-85ad-36e15dedc157{ip: 192.168.34.38, host: pr-hdds-2469-rfsxc-843238572, networkLocation: /rack1, certSerialId: null}, Type:RATIS, Factor:ONE, State:ALLOCATED]
2019-11-13 20:08:46,022 [Thread-4662] INFO  pipeline.PipelineStateManager (PipelineStateManager.java:finalizePipeline(121)) - Pipeline Pipeline[ Id: 78479c21-f636-4634-9089-f0fc473f13fd, Nodes: 4ac79741-1dc4-4e7a-a50d-ac53fab10d14{ip: 192.168.34.38, host: pr-hdds-2469-rfsxc-843238572, networkLocation: /rack1, certSerialId: null}, Type:RATIS, Factor:ONE, State:CLOSED] moved to CLOSED state
2019-11-13 20:08:46,024 [grpc-default-executor-13] INFO  impl.RaftServerProxy (RaftServerProxy.java:remove(95)) - 4ac79741-1dc4-4e7a-a50d-ac53fab10d14: remove    LEADER 4ac79741-1dc4-4e7a-a50d-ac53fab10d14@group-F0FC473F13FD:t1, leader=4ac79741-1dc4-4e7a-a50d-ac53fab10d14, voted=4ac79741-1dc4-4e7a-a50d-ac53fab10d14, raftlog=4ac79741-1dc4-4e7a-a50d-ac53fab10d14@group-F0FC473F13FD-SegmentedRaftLog:OPENED:c0,f0,i0, conf=0: [4ac79741-1dc4-4e7a-a50d-ac53fab10d14:192.168.34.38:46397], old=null RUNNING
2019-11-13 20:08:46,024 [grpc-default-executor-13] INFO  impl.RaftServerImpl (RaftServerImpl.java:lambda$shutdown$3(250)) - 4ac79741-1dc4-4e7a-a50d-ac53fab10d14@group-F0FC473F13FD: shutdown
2019-11-13 20:08:46,025 [grpc-default-executor-13] INFO  util.JmxRegister (JmxRegister.java:unregister(73)) - Successfully un-registered JMX Bean with object name Ratis:service=RaftServer,group=group-F0FC473F13FD,id=4ac79741-1dc4-4e7a-a50d-ac53fab10d14
2019-11-13 20:08:46,025 [grpc-default-executor-13] INFO  impl.RoleInfo (RoleInfo.java:shutdownLeaderState(104)) - 4ac79741-1dc4-4e7a-a50d-ac53fab10d14: shutdown LeaderState
2019-11-13 20:08:46,025 [grpc-default-executor-13] INFO  impl.PendingRequests (PendingRequests.java:sendNotLeaderResponses(206)) - 4ac79741-1dc4-4e7a-a50d-ac53fab10d14@group-F0FC473F13FD-PendingRequests: sendNotLeaderResponses
2019-11-13 20:08:46,025 [grpc-default-executor-13] INFO  impl.StateMachineUpdater (StateMachineUpdater.java:stopAndJoin(136)) - 4ac79741-1dc4-4e7a-a50d-ac53fab10d14@group-F0FC473F13FD-StateMachineUpdater: set stopIndex = 0
2019-11-13 20:08:46,025 [grpc-default-executor-13] INFO  impl.RaftServerImpl (ServerState.java:close(387)) - 4ac79741-1dc4-4e7a-a50d-ac53fab10d14@group-F0FC473F13FD: closes. applyIndex: 0
2019-11-13 20:08:46,026 [4ac79741-1dc4-4e7a-a50d-ac53fab10d14@group-F0FC473F13FD-SegmentedRaftLogWorker] INFO  segmented.SegmentedRaftLogWorker (SegmentedRaftLogWorker.java:run(316)) - 4ac79741-1dc4-4e7a-a50d-ac53fab10d14@group-F0FC473F13FD-SegmentedRaftLogWorker was interrupted, exiting. There are 0 tasks remaining in the queue.
2019-11-13 20:08:46,026 [grpc-default-executor-13] INFO  segmented.SegmentedRaftLogWorker (SegmentedRaftLogWorker.java:close(224)) - 4ac79741-1dc4-4e7a-a50d-ac53fab10d14@group-F0FC473F13FD-SegmentedRaftLogWorker close()
2019-11-13 20:08:46,028 [Thread-4662] INFO  pipeline.PipelineStateManager (PipelineStateManager.java:removePipeline(106)) - Pipeline Pipeline[ Id: 78479c21-f636-4634-9089-f0fc473f13fd, Nodes: 4ac79741-1dc4-4e7a-a50d-ac53fab10d14{ip: 192.168.34.38, host: pr-hdds-2469-rfsxc-843238572, networkLocation: /rack1, certSerialId: null}, Type:RATIS, Factor:ONE, State:CLOSED] removed from db
2019-11-13 20:08:46,029 [Thread-4662] INFO  pipeline.SCMPipelineManager (SCMPipelineManager.java:finalizeAndDestroyPipeline(315)) - destroying pipeline:Pipeline[ Id: f8ee92db-00bd-4d6d-b899-271a45a22871, Nodes: 63348c40-6caf-45cd-85ad-36e15dedc157{ip: 192.168.34.38, host: pr-hdds-2469-rfsxc-843238572, networkLocation: /rack1, certSerialId: null}d9031576-438e-4c71-bddc-2fb75a9376b9{ip: 192.168.34.38, host: pr-hdds-2469-rfsxc-843238572, networkLocation: /rack1, certSerialId: null}9c82cd9c-0f64-450d-b3c2-ed8e29acca38{ip: 192.168.34.38, host: pr-hdds-2469-rfsxc-843238572, networkLocation: /rack1, certSerialId: null}, Type:RATIS, Factor:THREE, State:OPEN]
2019-11-13 20:08:46,029 [Thread-4662] INFO  pipeline.PipelineStateManager (PipelineStateManager.java:finalizePipeline(121)) - Pipeline Pipeline[ Id: f8ee92db-00bd-4d6d-b899-271a45a22871, Nodes: 63348c40-6caf-45cd-85ad-36e15dedc157{ip: 192.168.34.38, host: pr-hdds-2469-rfsxc-843238572, networkLocation: /rack1, certSerialId: null}d9031576-438e-4c71-bddc-2fb75a9376b9{ip: 192.168.34.38, host: pr-hdds-2469-rfsxc-843238572, networkLocation: /rack1, certSerialId: null}9c82cd9c-0f64-450d-b3c2-ed8e29acca38{ip: 192.168.34.38, host: pr-hdds-2469-rfsxc-843238572, networkLocation: /rack1, certSerialId: null}, Type:RATIS, Factor:THREE, State:CLOSED] moved to CLOSED state
2019-11-13 20:08:46,029 [EventQueue-CloseContainerForCloseContainerEventHandler] INFO  container.CloseContainerEventHandler (CloseContainerEventHandler.java:onMessage(61)) - Close container Event triggered for container : #1
2019-11-13 20:08:46,031 [grpc-default-executor-13] INFO  impl.RaftServerProxy (RaftServerProxy.java:addNew(89)) - 4ac79741-1dc4-4e7a-a50d-ac53fab10d14: addNew group-3A218545D5B3:[4ac79741-1dc4-4e7a-a50d-ac53fab10d14:192.168.34.38:46397] returns group-3A218545D5B3:java.util.concurrent.CompletableFuture@c216bda[Not completed]
2019-11-13 20:08:46,031 [grpc-default-executor-13] INFO  impl.RaftServerProxy (RaftServerProxy.java:remove(95)) - 63348c40-6caf-45cd-85ad-36e15dedc157: remove  FOLLOWER 63348c40-6caf-45cd-85ad-36e15dedc157@group-271A45A22871:t2, leader=9c82cd9c-0f64-450d-b3c2-ed8e29acca38, voted=9c82cd9c-0f64-450d-b3c2-ed8e29acca38, raftlog=63348c40-6caf-45cd-85ad-36e15dedc157@group-271A45A22871-SegmentedRaftLog:OPENED:c2,f4,i4, conf=0: [63348c40-6caf-45cd-85ad-36e15dedc157:192.168.34.38:33072, d9031576-438e-4c71-bddc-2fb75a9376b9:192.168.34.38:45924, 9c82cd9c-0f64-450d-b3c2-ed8e29acca38:192.168.34.38:36061], old=null RUNNING
2019-11-13 20:08:46,031 [grpc-default-executor-13] INFO  impl.RaftServerImpl (RaftServerImpl.java:lambda$shutdown$3(250)) - 63348c40-6caf-45cd-85ad-36e15dedc157@group-271A45A22871: shutdown
2019-11-13 20:08:46,031 [grpc-default-executor-13] INFO  util.JmxRegister (JmxRegister.java:unregister(73)) - Successfully un-registered JMX Bean with object name Ratis:service=RaftServer,group=group-271A45A22871,id=63348c40-6caf-45cd-85ad-36e15dedc157
2019-11-13 20:08:46,031 [grpc-default-executor-13] INFO  impl.RoleInfo (RoleInfo.java:shutdownFollowerState(121)) - 63348c40-6caf-45cd-85ad-36e15dedc157: shutdown FollowerState
2019-11-13 20:08:46,031 [grpc-default-executor-13] INFO  impl.StateMachineUpdater (StateMachineUpdater.java:stopAndJoin(136)) - 63348c40-6caf-45cd-85ad-36e15dedc157@group-271A45A22871-StateMachineUpdater: set stopIndex = 2
2019-11-13 20:08:46,031 [63348c40-6caf-45cd-85ad-36e15dedc157@group-271A45A22871-StateMachineUpdater] INFO  ratis.ContainerStateMachine (ContainerStateMachine.java:takeSnapshot(285)) - group-271A45A22871: Taking a snapshot at:(t:2, i:2) file /workdir/hadoop-ozone/integration-test/target/test-dir/MiniOzoneClusterImpl-89214370-af8c-46c8-b403-f68b2ae7a3e8/datanode-0/data/ratis/f8ee92db-00bd-4d6d-b899-271a45a22871/sm/snapshot.2_2
2019-11-13 20:08:46,031 [Thread-4779] INFO  impl.FollowerState (FollowerState.java:run(120)) - 63348c40-6caf-45cd-85ad-36e15dedc157@group-271A45A22871-FollowerState was interrupted: java.lang.InterruptedException: sleep interrupted
2019-11-13 20:08:46,032 [pool-560-thread-1] INFO  impl.RaftServerImpl (RaftServerImpl.java:<init>(98)) - 4ac79741-1dc4-4e7a-a50d-ac53fab10d14: new RaftServerImpl for group-3A218545D5B3:[4ac79741-1dc4-4e7a-a50d-ac53fab10d14:192.168.34.38:46397] with ContainerStateMachine:uninitialized
2019-11-13 20:08:46,032 [pool-560-thread-1] INFO  server.RaftServerConfigKeys (ConfUtils.java:logGet(43)) - raft.server.rpc.timeout.min = 1s (custom)
2019-11-13 20:08:46,032 [pool-560-thread-1] INFO  server.RaftServerConfigKeys (ConfUtils.java:logGet(43)) - raft.server.rpc.timeout.max = 1200ms (custom)
2019-11-13 20:08:46,032 [pool-560-thread-1] INFO  server.RaftServerConfigKeys (ConfUtils.java:logGet(43)) - raft.server.rpcslowness.timeout = 120s (custom)
2019-11-13 20:08:46,032 [pool-560-thread-1] INFO  server.RaftServerConfigKeys (ConfUtils.java:logGet(43)) - raft.server.sleep.deviation.threshold = 300 (default)
2019-11-13 20:08:46,032 [pool-560-thread-1] INFO  server.RaftServerConfigKeys (ConfUtils.java:logGet(43)) - raft.server.log.appender.install.snapshot.enabled = false (custom)
2019-11-13 20:08:46,032 [pool-560-thread-1] INFO  impl.RaftServerImpl (ServerState.java:<init>(103)) - 4ac79741-1dc4-4e7a-a50d-ac53fab10d14@group-3A218545D5B3: ConfigurationManager, init=-1: [4ac79741-1dc4-4e7a-a50d-ac53fab10d14:192.168.34.38:46397], old=null, confs=<EMPTY_MAP>
2019-11-13 20:08:46,032 [pool-560-thread-1] INFO  server.RaftServerConfigKeys (ConfUtils.java:logGet(43)) - raft.server.storage.dir = [/workdir/hadoop-ozone/integration-test/target/test-dir/MiniOzoneClusterImpl-89214370-af8c-46c8-b403-f68b2ae7a3e8/datanode-5/data/ratis] (custom)
2019-11-13 20:08:46,034 [pool-560-thread-1] INFO  server.RaftServerConfigKeys (ConfUtils.java:logGet(43)) - raft.server.log.corruption.policy = EXCEPTION (default)
2019-11-13 20:08:46,034 [pool-560-thread-1] INFO  storage.RaftStorageDirectory (RaftStorageDirectory.java:analyzeStorage(246)) - The storage directory /workdir/hadoop-ozone/integration-test/target/test-dir/MiniOzoneClusterImpl-89214370-af8c-46c8-b403-f68b2ae7a3e8/datanode-5/data/ratis/7f4c0eb6-33d8-4cef-91e7-3a218545d5b3 does not exist. Creating ...
2019-11-13 20:08:46,038 [pool-560-thread-1] INFO  storage.RaftStorageDirectory (RaftStorageDirectory.java:tryLock(328)) - Lock on /workdir/hadoop-ozone/integration-test/target/test-dir/MiniOzoneClusterImpl-89214370-af8c-46c8-b403-f68b2ae7a3e8/datanode-5/data/ratis/7f4c0eb6-33d8-4cef-91e7-3a218545d5b3/in_use.lock acquired by nodename 29866@pr-hdds-2469-rfsxc-843238572
2019-11-13 20:08:46,038 [63348c40-6caf-45cd-85ad-36e15dedc157@group-271A45A22871-StateMachineUpdater] INFO  ratis.ContainerStateMachine (ContainerStateMachine.java:takeSnapshot(296)) - group-271A45A22871: Finished taking a snapshot at:(t:2, i:2) file:/workdir/hadoop-ozone/integration-test/target/test-dir/MiniOzoneClusterImpl-89214370-af8c-46c8-b403-f68b2ae7a3e8/datanode-0/data/ratis/f8ee92db-00bd-4d6d-b899-271a45a22871/sm/snapshot.2_2 time:6
2019-11-13 20:08:46,038 [63348c40-6caf-45cd-85ad-36e15dedc157@group-271A45A22871-StateMachineUpdater] INFO  impl.StateMachineUpdater (StateMachineUpdater.java:takeSnapshot(269)) - 63348c40-6caf-45cd-85ad-36e15dedc157@group-271A45A22871-StateMachineUpdater: Took a snapshot at index 2
2019-11-13 20:08:46,038 [63348c40-6caf-45cd-85ad-36e15dedc157@group-271A45A22871-StateMachineUpdater] INFO  impl.StateMachineUpdater (StateMachineUpdater.java:lambda$new$0(84)) - 63348c40-6caf-45cd-85ad-36e15dedc157@group-271A45A22871-StateMachineUpdater: snapshotIndex: updateIncreasingly -1 -> 2
2019-11-13 20:08:46,039 [grpc-default-executor-13] INFO  impl.RaftServerImpl (ServerState.java:close(387)) - 63348c40-6caf-45cd-85ad-36e15dedc157@group-271A45A22871: closes. applyIndex: 2
2019-11-13 20:08:46,039 [63348c40-6caf-45cd-85ad-36e15dedc157@group-271A45A22871-SegmentedRaftLogWorker] INFO  segmented.SegmentedRaftLogWorker (SegmentedRaftLogWorker.java:run(316)) - 63348c40-6caf-45cd-85ad-36e15dedc157@group-271A45A22871-SegmentedRaftLogWorker was interrupted, exiting. There are 0 tasks remaining in the queue.
2019-11-13 20:08:46,039 [grpc-default-executor-13] INFO  segmented.SegmentedRaftLogWorker (SegmentedRaftLogWorker.java:close(224)) - 63348c40-6caf-45cd-85ad-36e15dedc157@group-271A45A22871-SegmentedRaftLogWorker close()
2019-11-13 20:08:46,052 [pool-560-thread-1] INFO  storage.RaftStorage (RaftStorage.java:format(84)) - Storage directory /workdir/hadoop-ozone/integration-test/target/test-dir/MiniOzoneClusterImpl-89214370-af8c-46c8-b403-f68b2ae7a3e8/datanode-5/data/ratis/7f4c0eb6-33d8-4cef-91e7-3a218545d5b3 has been successfully formatted.
2019-11-13 20:08:46,052 [Datanode State Machine Thread - 0] INFO  statemachine.DatanodeStateMachine (DatanodeStateMachine.java:lambda$startDaemon$0(350)) - Ozone container server started.
2019-11-13 20:08:46,052 [pool-560-thread-1] INFO  ratis.ContainerStateMachine (ContainerStateMachine.java:loadSnapshot(223)) - group-3A218545D5B3: The snapshot info is null. Setting the last applied indexto:(t:0, i:~)
2019-11-13 20:08:46,052 [pool-560-thread-1] INFO  server.RaftServerConfigKeys (ConfUtils.java:logGet(43)) - raft.server.notification.no-leader.timeout = 120s (custom)
2019-11-13 20:08:46,052 [pool-560-thread-1] INFO  server.RaftServerConfigKeys (ConfUtils.java:logGet(43)) - raft.server.log.use.memory = false (default)
2019-11-13 20:08:46,052 [pool-560-thread-1] INFO  server.RaftServerConfigKeys (ConfUtils.java:logGet(43)) - raft.server.log.purge.gap = 1000000 (custom)
2019-11-13 20:08:46,052 [pool-560-thread-1] INFO  server.RaftServerConfigKeys (ConfUtils.java:logGet(43)) - raft.server.log.appender.buffer.byte-limit = 33554432 (custom)
2019-11-13 20:08:46,053 [pool-560-thread-1] INFO  server.RaftServerConfigKeys (ConfUtils.java:logGet(43)) - raft.server.log.segment.size.max = 1048576 (custom)
2019-11-13 20:08:46,053 [pool-560-thread-1] INFO  server.RaftServerConfigKeys (ConfUtils.java:logGet(43)) - raft.server.log.segment.cache.num.max = 2 (custom)
2019-11-13 20:08:46,053 [pool-560-thread-1] INFO  segmented.SegmentedRaftLogWorker (SegmentedRaftLogWorker.java:<init>(173)) - new 4ac79741-1dc4-4e7a-a50d-ac53fab10d14@group-3A218545D5B3-SegmentedRaftLogWorker for RaftStorage:Storage Directory /workdir/hadoop-ozone/integration-test/target/test-dir/MiniOzoneClusterImpl-89214370-af8c-46c8-b403-f68b2ae7a3e8/datanode-5/data/ratis/7f4c0eb6-33d8-4cef-91e7-3a218545d5b3
2019-11-13 20:08:46,053 [pool-560-thread-1] INFO  server.RaftServerConfigKeys (ConfUtils.java:logGet(43)) - raft.server.log.queue.byte-limit = 2147483647 (custom)
2019-11-13 20:08:46,053 [pool-560-thread-1] INFO  server.RaftServerConfigKeys (ConfUtils.java:logGet(43)) - raft.server.log.queue.element-limit = 1024 (custom)
2019-11-13 20:08:46,053 [pool-560-thread-1] INFO  server.RaftServerConfigKeys (ConfUtils.java:logGet(43)) - raft.server.log.segment.size.max = 1048576 (custom)
2019-11-13 20:08:46,053 [pool-560-thread-1] INFO  server.RaftServerConfigKeys (ConfUtils.java:logGet(43)) - raft.server.log.preallocated.size = 16384 (custom)
2019-11-13 20:08:46,053 [pool-560-thread-1] INFO  server.RaftServerConfigKeys (ConfUtils.java:logGet(43)) - raft.server.log.write.buffer.size = 33554432 (custom)
2019-11-13 20:08:46,053 [pool-560-thread-1] INFO  server.RaftServerConfigKeys (ConfUtils.java:logGet(43)) - raft.server.log.force.sync.num = 128 (default)
2019-11-13 20:08:46,053 [pool-560-thread-1] INFO  server.RaftServerConfigKeys (ConfUtils.java:logGet(43)) - raft.server.log.statemachine.data.sync = true (default)
2019-11-13 20:08:46,053 [pool-560-thread-1] INFO  server.RaftServerConfigKeys (ConfUtils.java:logGet(43)) - raft.server.log.statemachine.data.sync.timeout = 10s (default)
2019-11-13 20:08:46,053 [pool-560-thread-1] INFO  server.RaftServerConfigKeys (ConfUtils.java:logGet(43)) - raft.server.log.statemachine.data.sync.timeout.retry = -1 (default)
2019-11-13 20:08:46,053 [pool-560-thread-1] INFO  server.RaftServerConfigKeys (ConfUtils.java:logGet(43)) - raft.server.log.statemachine.data.caching.enabled = true (custom)
2019-11-13 20:08:46,053 [pool-560-thread-1] INFO  segmented.SegmentedRaftLogWorker (SegmentedRaftLogWorker.java:lambda$new$0(128)) - 4ac79741-1dc4-4e7a-a50d-ac53fab10d14@group-3A218545D5B3-SegmentedRaftLogWorker: flushIndex: setUnconditionally 0 -> -1
2019-11-13 20:08:46,054 [pool-560-thread-1] INFO  server.RaftServerConfigKeys (ConfUtils.java:logGet(43)) - raft.server.snapshot.auto.trigger.enabled = true (custom)
2019-11-13 20:08:46,054 [pool-560-thread-1] INFO  server.RaftServerConfigKeys (ConfUtils.java:logGet(43)) - raft.server.snapshot.auto.trigger.threshold = 10000 (custom)
2019-11-13 20:08:46,054 [pool-560-thread-1] INFO  server.RaftServerConfigKeys (ConfUtils.java:logGet(43)) - raft.server.snapshot.retention.file.num = 5 (custom)
2019-11-13 20:08:46,054 [pool-560-thread-1] INFO  server.RaftServerConfigKeys (ConfUtils.java:logGet(43)) - raft.server.retrycache.expirytime = 600000ms (custom)
2019-11-13 20:08:46,054 [pool-560-thread-1] WARN  impl.MetricRegistriesImpl (MetricRegistriesImpl.java:lambda$create$1(61)) - First MetricRegistry has been created without registering reporters. You may need to call MetricRegistries.global().addReportRegistration(...) before.
2019-11-13 20:08:46,054 [pool-560-thread-1] WARN  impl.MetricRegistriesImpl (MetricRegistriesImpl.java:lambda$create$1(61)) - First MetricRegistry has been created without registering reporters. You may need to call MetricRegistries.global().addReportRegistration(...) before.
2019-11-13 20:08:46,054 [pool-560-thread-1] INFO  impl.RaftServerImpl (RaftServerImpl.java:start(184)) - 4ac79741-1dc4-4e7a-a50d-ac53fab10d14@group-3A218545D5B3: start as a follower, conf=-1: [4ac79741-1dc4-4e7a-a50d-ac53fab10d14:192.168.34.38:46397], old=null
2019-11-13 20:08:46,054 [pool-560-thread-1] INFO  impl.RaftServerImpl (RaftServerImpl.java:setRole(173)) - 4ac79741-1dc4-4e7a-a50d-ac53fab10d14@group-3A218545D5B3: changes role from      null to FOLLOWER at term 0 for startAsFollower
2019-11-13 20:08:46,054 [pool-560-thread-1] INFO  impl.RoleInfo (RoleInfo.java:updateAndGet(143)) - 4ac79741-1dc4-4e7a-a50d-ac53fab10d14: start FollowerState
2019-11-13 20:08:46,055 [pool-560-thread-1] INFO  util.JmxRegister (JmxRegister.java:tryRegister(44)) - Successfully registered JMX Bean with object name Ratis:service=RaftServer,group=group-3A218545D5B3,id=4ac79741-1dc4-4e7a-a50d-ac53fab10d14
2019-11-13 20:08:46,055 [pool-560-thread-1] WARN  impl.MetricRegistriesImpl (MetricRegistriesImpl.java:lambda$create$1(61)) - First MetricRegistry has been created without registering reporters. You may need to call MetricRegistries.global().addReportRegistration(...) before.
2019-11-13 20:08:46,056 [RatisPipelineUtilsThread] INFO  pipeline.PipelineStateManager (PipelineStateManager.java:addPipeline(55)) - Created pipeline Pipeline[ Id: 7f4c0eb6-33d8-4cef-91e7-3a218545d5b3, Nodes: 4ac79741-1dc4-4e7a-a50d-ac53fab10d14{ip: 192.168.34.38, host: pr-hdds-2469-rfsxc-843238572, networkLocation: /rack1, certSerialId: null}, Type:RATIS, Factor:ONE, State:ALLOCATED]
2019-11-13 20:08:46,062 [grpc-default-executor-16] INFO  impl.RaftServerProxy (RaftServerProxy.java:addNew(89)) - 63348c40-6caf-45cd-85ad-36e15dedc157: addNew group-7A5735C625A6:[63348c40-6caf-45cd-85ad-36e15dedc157:192.168.34.38:33072, 7ba2007b-7453-4993-98f1-4fc841af859b:192.168.34.38:37487, d9031576-438e-4c71-bddc-2fb75a9376b9:192.168.34.38:45924] returns group-7A5735C625A6:java.util.concurrent.CompletableFuture@2c07f1d4[Not completed]
2019-11-13 20:08:46,062 [grpc-default-executor-10] INFO  impl.RaftServerProxy (RaftServerProxy.java:addNew(89)) - 7ba2007b-7453-4993-98f1-4fc841af859b: addNew group-7A5735C625A6:[63348c40-6caf-45cd-85ad-36e15dedc157:192.168.34.38:33072, 7ba2007b-7453-4993-98f1-4fc841af859b:192.168.34.38:37487, d9031576-438e-4c71-bddc-2fb75a9376b9:192.168.34.38:45924] returns group-7A5735C625A6:java.util.concurrent.CompletableFuture@2275c370[Not completed]
2019-11-13 20:08:46,062 [grpc-default-executor-10] INFO  impl.RaftServerProxy (RaftServerProxy.java:addNew(89)) - d9031576-438e-4c71-bddc-2fb75a9376b9: addNew group-7A5735C625A6:[63348c40-6caf-45cd-85ad-36e15dedc157:192.168.34.38:33072, 7ba2007b-7453-4993-98f1-4fc841af859b:192.168.34.38:37487, d9031576-438e-4c71-bddc-2fb75a9376b9:192.168.34.38:45924] returns group-7A5735C625A6:java.util.concurrent.CompletableFuture@53759e2b[Not completed]
2019-11-13 20:08:46,063 [pool-600-thread-1] INFO  impl.RaftServerImpl (RaftServerImpl.java:<init>(98)) - 7ba2007b-7453-4993-98f1-4fc841af859b: new RaftServerImpl for group-7A5735C625A6:[63348c40-6caf-45cd-85ad-36e15dedc157:192.168.34.38:33072, 7ba2007b-7453-4993-98f1-4fc841af859b:192.168.34.38:37487, d9031576-438e-4c71-bddc-2fb75a9376b9:192.168.34.38:45924] with ContainerStateMachine:uninitialized
2019-11-13 20:08:46,063 [pool-600-thread-1] INFO  server.RaftServerConfigKeys (ConfUtils.java:logGet(43)) - raft.server.rpc.timeout.min = 1s (custom)
2019-11-13 20:08:46,063 [pool-600-thread-1] INFO  server.RaftServerConfigKeys (ConfUtils.java:logGet(43)) - raft.server.rpc.timeout.max = 1200ms (custom)
2019-11-13 20:08:46,063 [pool-520-thread-1] INFO  impl.RaftServerImpl (RaftServerImpl.java:<init>(98)) - d9031576-438e-4c71-bddc-2fb75a9376b9: new RaftServerImpl for group-7A5735C625A6:[63348c40-6caf-45cd-85ad-36e15dedc157:192.168.34.38:33072, 7ba2007b-7453-4993-98f1-4fc841af859b:192.168.34.38:37487, d9031576-438e-4c71-bddc-2fb75a9376b9:192.168.34.38:45924] with ContainerStateMachine:uninitialized
2019-11-13 20:08:46,063 [pool-600-thread-1] INFO  server.RaftServerConfigKeys (ConfUtils.java:logGet(43)) - raft.server.rpcslowness.timeout = 120s (custom)
2019-11-13 20:08:46,064 [pool-520-thread-1] INFO  server.RaftServerConfigKeys (ConfUtils.java:logGet(43)) - raft.server.rpc.timeout.min = 1s (custom)
2019-11-13 20:08:46,064 [pool-600-thread-1] INFO  server.RaftServerConfigKeys (ConfUtils.java:logGet(43)) - raft.server.sleep.deviation.threshold = 300 (default)
2019-11-13 20:08:46,064 [pool-520-thread-1] INFO  server.RaftServerConfigKeys (ConfUtils.java:logGet(43)) - raft.server.rpc.timeout.max = 1200ms (custom)
2019-11-13 20:08:46,064 [pool-600-thread-1] INFO  server.RaftServerConfigKeys (ConfUtils.java:logGet(43)) - raft.server.log.appender.install.snapshot.enabled = false (custom)
2019-11-13 20:08:46,064 [pool-510-thread-1] INFO  impl.RaftServerImpl (RaftServerImpl.java:<init>(98)) - 63348c40-6caf-45cd-85ad-36e15dedc157: new RaftServerImpl for group-7A5735C625A6:[63348c40-6caf-45cd-85ad-36e15dedc157:192.168.34.38:33072, 7ba2007b-7453-4993-98f1-4fc841af859b:192.168.34.38:37487, d9031576-438e-4c71-bddc-2fb75a9376b9:192.168.34.38:45924] with ContainerStateMachine:uninitialized
2019-11-13 20:08:46,064 [pool-520-thread-1] INFO  server.RaftServerConfigKeys (ConfUtils.java:logGet(43)) - raft.server.rpcslowness.timeout = 120s (custom)
2019-11-13 20:08:46,064 [pool-510-thread-1] INFO  server.RaftServerConfigKeys (ConfUtils.java:logGet(43)) - raft.server.rpc.timeout.min = 1s (custom)
2019-11-13 20:08:46,064 [pool-600-thread-1] INFO  impl.RaftServerImpl (ServerState.java:<init>(103)) - 7ba2007b-7453-4993-98f1-4fc841af859b@group-7A5735C625A6: ConfigurationManager, init=-1: [63348c40-6caf-45cd-85ad-36e15dedc157:192.168.34.38:33072, 7ba2007b-7453-4993-98f1-4fc841af859b:192.168.34.38:37487, d9031576-438e-4c71-bddc-2fb75a9376b9:192.168.34.38:45924], old=null, confs=<EMPTY_MAP>
2019-11-13 20:08:46,064 [pool-510-thread-1] INFO  server.RaftServerConfigKeys (ConfUtils.java:logGet(43)) - raft.server.rpc.timeout.max = 1200ms (custom)
2019-11-13 20:08:46,064 [pool-600-thread-1] INFO  server.RaftServerConfigKeys (ConfUtils.java:logGet(43)) - raft.server.storage.dir = [/workdir/hadoop-ozone/integration-test/target/test-dir/MiniOzoneClusterImpl-89214370-af8c-46c8-b403-f68b2ae7a3e8/datanode-9/data/ratis] (custom)
2019-11-13 20:08:46,064 [pool-520-thread-1] INFO  server.RaftServerConfigKeys (ConfUtils.java:logGet(43)) - raft.server.sleep.deviation.threshold = 300 (default)
2019-11-13 20:08:46,064 [pool-510-thread-1] INFO  server.RaftServerConfigKeys (ConfUtils.java:logGet(43)) - raft.server.rpcslowness.timeout = 120s (custom)
2019-11-13 20:08:46,065 [pool-600-thread-1] INFO  server.RaftServerConfigKeys (ConfUtils.java:logGet(43)) - raft.server.log.corruption.policy = EXCEPTION (default)
2019-11-13 20:08:46,064 [pool-520-thread-1] INFO  server.RaftServerConfigKeys (ConfUtils.java:logGet(43)) - raft.server.log.appender.install.snapshot.enabled = false (custom)
2019-11-13 20:08:46,065 [pool-510-thread-1] INFO  server.RaftServerConfigKeys (ConfUtils.java:logGet(43)) - raft.server.sleep.deviation.threshold = 300 (default)
2019-11-13 20:08:46,065 [pool-520-thread-1] INFO  impl.RaftServerImpl (ServerState.java:<init>(103)) - d9031576-438e-4c71-bddc-2fb75a9376b9@group-7A5735C625A6: ConfigurationManager, init=-1: [63348c40-6caf-45cd-85ad-36e15dedc157:192.168.34.38:33072, 7ba2007b-7453-4993-98f1-4fc841af859b:192.168.34.38:37487, d9031576-438e-4c71-bddc-2fb75a9376b9:192.168.34.38:45924], old=null, confs=<EMPTY_MAP>
2019-11-13 20:08:46,065 [pool-600-thread-1] INFO  storage.RaftStorageDirectory (RaftStorageDirectory.java:analyzeStorage(246)) - The storage directory /workdir/hadoop-ozone/integration-test/target/test-dir/MiniOzoneClusterImpl-89214370-af8c-46c8-b403-f68b2ae7a3e8/datanode-9/data/ratis/b968c606-df46-4038-99ba-7a5735c625a6 does not exist. Creating ...
2019-11-13 20:08:46,065 [pool-520-thread-1] INFO  server.RaftServerConfigKeys (ConfUtils.java:logGet(43)) - raft.server.storage.dir = [/workdir/hadoop-ozone/integration-test/target/test-dir/MiniOzoneClusterImpl-89214370-af8c-46c8-b403-f68b2ae7a3e8/datanode-1/data/ratis] (custom)
2019-11-13 20:08:46,065 [pool-510-thread-1] INFO  server.RaftServerConfigKeys (ConfUtils.java:logGet(43)) - raft.server.log.appender.install.snapshot.enabled = false (custom)
2019-11-13 20:08:46,065 [pool-510-thread-1] INFO  impl.RaftServerImpl (ServerState.java:<init>(103)) - 63348c40-6caf-45cd-85ad-36e15dedc157@group-7A5735C625A6: ConfigurationManager, init=-1: [63348c40-6caf-45cd-85ad-36e15dedc157:192.168.34.38:33072, 7ba2007b-7453-4993-98f1-4fc841af859b:192.168.34.38:37487, d9031576-438e-4c71-bddc-2fb75a9376b9:192.168.34.38:45924], old=null, confs=<EMPTY_MAP>
2019-11-13 20:08:46,065 [pool-520-thread-1] INFO  server.RaftServerConfigKeys (ConfUtils.java:logGet(43)) - raft.server.log.corruption.policy = EXCEPTION (default)
2019-11-13 20:08:46,065 [pool-510-thread-1] INFO  server.RaftServerConfigKeys (ConfUtils.java:logGet(43)) - raft.server.storage.dir = [/workdir/hadoop-ozone/integration-test/target/test-dir/MiniOzoneClusterImpl-89214370-af8c-46c8-b403-f68b2ae7a3e8/datanode-0/data/ratis] (custom)
2019-11-13 20:08:46,065 [pool-520-thread-1] INFO  storage.RaftStorageDirectory (RaftStorageDirectory.java:analyzeStorage(246)) - The storage directory /workdir/hadoop-ozone/integration-test/target/test-dir/MiniOzoneClusterImpl-89214370-af8c-46c8-b403-f68b2ae7a3e8/datanode-1/data/ratis/b968c606-df46-4038-99ba-7a5735c625a6 does not exist. Creating ...
2019-11-13 20:08:46,065 [pool-510-thread-1] INFO  server.RaftServerConfigKeys (ConfUtils.java:logGet(43)) - raft.server.log.corruption.policy = EXCEPTION (default)
2019-11-13 20:08:46,066 [pool-510-thread-1] INFO  storage.RaftStorageDirectory (RaftStorageDirectory.java:analyzeStorage(246)) - The storage directory /workdir/hadoop-ozone/integration-test/target/test-dir/MiniOzoneClusterImpl-89214370-af8c-46c8-b403-f68b2ae7a3e8/datanode-0/data/ratis/b968c606-df46-4038-99ba-7a5735c625a6 does not exist. Creating ...
2019-11-13 20:08:46,090 [pool-600-thread-1] INFO  storage.RaftStorageDirectory (RaftStorageDirectory.java:tryLock(328)) - Lock on /workdir/hadoop-ozone/integration-test/target/test-dir/MiniOzoneClusterImpl-89214370-af8c-46c8-b403-f68b2ae7a3e8/datanode-9/data/ratis/b968c606-df46-4038-99ba-7a5735c625a6/in_use.lock acquired by nodename 29866@pr-hdds-2469-rfsxc-843238572
2019-11-13 20:08:46,090 [grpc-default-executor-13] INFO  interfaces.Container (KeyValueContainer.java:flushAndSyncDB(400)) - Container 1 is synced with bcsId 2.
2019-11-13 20:08:46,090 [pool-510-thread-1] INFO  storage.RaftStorageDirectory (RaftStorageDirectory.java:tryLock(328)) - Lock on /workdir/hadoop-ozone/integration-test/target/test-dir/MiniOzoneClusterImpl-89214370-af8c-46c8-b403-f68b2ae7a3e8/datanode-0/data/ratis/b968c606-df46-4038-99ba-7a5735c625a6/in_use.lock acquired by nodename 29866@pr-hdds-2469-rfsxc-843238572
2019-11-13 20:08:46,090 [grpc-default-executor-13] INFO  interfaces.Container (KeyValueContainer.java:flushAndSyncDB(400)) - Container 1 is synced with bcsId 2.
2019-11-13 20:08:46,091 [pool-520-thread-1] INFO  storage.RaftStorageDirectory (RaftStorageDirectory.java:tryLock(328)) - Lock on /workdir/hadoop-ozone/integration-test/target/test-dir/MiniOzoneClusterImpl-89214370-af8c-46c8-b403-f68b2ae7a3e8/datanode-1/data/ratis/b968c606-df46-4038-99ba-7a5735c625a6/in_use.lock acquired by nodename 29866@pr-hdds-2469-rfsxc-843238572
2019-11-13 20:08:46,095 [pool-520-thread-1] INFO  storage.RaftStorage (RaftStorage.java:format(84)) - Storage directory /workdir/hadoop-ozone/integration-test/target/test-dir/MiniOzoneClusterImpl-89214370-af8c-46c8-b403-f68b2ae7a3e8/datanode-1/data/ratis/b968c606-df46-4038-99ba-7a5735c625a6 has been successfully formatted.
2019-11-13 20:08:46,095 [pool-510-thread-1] INFO  storage.RaftStorage (RaftStorage.java:format(84)) - Storage directory /workdir/hadoop-ozone/integration-test/target/test-dir/MiniOzoneClusterImpl-89214370-af8c-46c8-b403-f68b2ae7a3e8/datanode-0/data/ratis/b968c606-df46-4038-99ba-7a5735c625a6 has been successfully formatted.
2019-11-13 20:08:46,095 [pool-520-thread-1] INFO  ratis.ContainerStateMachine (ContainerStateMachine.java:loadSnapshot(223)) - group-7A5735C625A6: The snapshot info is null. Setting the last applied indexto:(t:0, i:~)
2019-11-13 20:08:46,095 [pool-510-thread-1] INFO  ratis.ContainerStateMachine (ContainerStateMachine.java:loadSnapshot(223)) - group-7A5735C625A6: The snapshot info is null. Setting the last applied indexto:(t:0, i:~)
2019-11-13 20:08:46,095 [pool-520-thread-1] INFO  server.RaftServerConfigKeys (ConfUtils.java:logGet(43)) - raft.server.notification.no-leader.timeout = 120s (custom)
2019-11-13 20:08:46,095 [pool-510-thread-1] INFO  server.RaftServerConfigKeys (ConfUtils.java:logGet(43)) - raft.server.notification.no-leader.timeout = 120s (custom)
2019-11-13 20:08:46,095 [pool-520-thread-1] INFO  server.RaftServerConfigKeys (ConfUtils.java:logGet(43)) - raft.server.log.use.memory = false (default)
2019-11-13 20:08:46,095 [pool-510-thread-1] INFO  server.RaftServerConfigKeys (ConfUtils.java:logGet(43)) - raft.server.log.use.memory = false (default)
2019-11-13 20:08:46,095 [pool-520-thread-1] INFO  server.RaftServerConfigKeys (ConfUtils.java:logGet(43)) - raft.server.log.purge.gap = 1000000 (custom)
2019-11-13 20:08:46,095 [pool-510-thread-1] INFO  server.RaftServerConfigKeys (ConfUtils.java:logGet(43)) - raft.server.log.purge.gap = 1000000 (custom)
2019-11-13 20:08:46,096 [pool-520-thread-1] INFO  server.RaftServerConfigKeys (ConfUtils.java:logGet(43)) - raft.server.log.appender.buffer.byte-limit = 33554432 (custom)
2019-11-13 20:08:46,096 [pool-510-thread-1] INFO  server.RaftServerConfigKeys (ConfUtils.java:logGet(43)) - raft.server.log.appender.buffer.byte-limit = 33554432 (custom)
2019-11-13 20:08:46,096 [pool-520-thread-1] INFO  server.RaftServerConfigKeys (ConfUtils.java:logGet(43)) - raft.server.log.segment.size.max = 1048576 (custom)
2019-11-13 20:08:46,096 [pool-510-thread-1] INFO  server.RaftServerConfigKeys (ConfUtils.java:logGet(43)) - raft.server.log.segment.size.max = 1048576 (custom)
2019-11-13 20:08:46,096 [pool-520-thread-1] INFO  server.RaftServerConfigKeys (ConfUtils.java:logGet(43)) - raft.server.log.segment.cache.num.max = 2 (custom)
2019-11-13 20:08:46,096 [pool-510-thread-1] INFO  server.RaftServerConfigKeys (ConfUtils.java:logGet(43)) - raft.server.log.segment.cache.num.max = 2 (custom)
2019-11-13 20:08:46,096 [pool-520-thread-1] INFO  segmented.SegmentedRaftLogWorker (SegmentedRaftLogWorker.java:<init>(173)) - new d9031576-438e-4c71-bddc-2fb75a9376b9@group-7A5735C625A6-SegmentedRaftLogWorker for RaftStorage:Storage Directory /workdir/hadoop-ozone/integration-test/target/test-dir/MiniOzoneClusterImpl-89214370-af8c-46c8-b403-f68b2ae7a3e8/datanode-1/data/ratis/b968c606-df46-4038-99ba-7a5735c625a6
2019-11-13 20:08:46,096 [pool-510-thread-1] INFO  segmented.SegmentedRaftLogWorker (SegmentedRaftLogWorker.java:<init>(173)) - new 63348c40-6caf-45cd-85ad-36e15dedc157@group-7A5735C625A6-SegmentedRaftLogWorker for RaftStorage:Storage Directory /workdir/hadoop-ozone/integration-test/target/test-dir/MiniOzoneClusterImpl-89214370-af8c-46c8-b403-f68b2ae7a3e8/datanode-0/data/ratis/b968c606-df46-4038-99ba-7a5735c625a6
2019-11-13 20:08:46,096 [pool-520-thread-1] INFO  server.RaftServerConfigKeys (ConfUtils.java:logGet(43)) - raft.server.log.queue.byte-limit = 2147483647 (custom)
2019-11-13 20:08:46,096 [pool-510-thread-1] INFO  server.RaftServerConfigKeys (ConfUtils.java:logGet(43)) - raft.server.log.queue.byte-limit = 2147483647 (custom)
2019-11-13 20:08:46,096 [pool-520-thread-1] INFO  server.RaftServerConfigKeys (ConfUtils.java:logGet(43)) - raft.server.log.queue.element-limit = 1024 (custom)
2019-11-13 20:08:46,096 [pool-510-thread-1] INFO  server.RaftServerConfigKeys (ConfUtils.java:logGet(43)) - raft.server.log.queue.element-limit = 1024 (custom)
2019-11-13 20:08:46,096 [pool-520-thread-1] INFO  server.RaftServerConfigKeys (ConfUtils.java:logGet(43)) - raft.server.log.segment.size.max = 1048576 (custom)
2019-11-13 20:08:46,096 [pool-510-thread-1] INFO  server.RaftServerConfigKeys (ConfUtils.java:logGet(43)) - raft.server.log.segment.size.max = 1048576 (custom)
2019-11-13 20:08:46,096 [pool-520-thread-1] INFO  server.RaftServerConfigKeys (ConfUtils.java:logGet(43)) - raft.server.log.preallocated.size = 16384 (custom)
2019-11-13 20:08:46,097 [pool-510-thread-1] INFO  server.RaftServerConfigKeys (ConfUtils.java:logGet(43)) - raft.server.log.preallocated.size = 16384 (custom)
2019-11-13 20:08:46,097 [pool-520-thread-1] INFO  server.RaftServerConfigKeys (ConfUtils.java:logGet(43)) - raft.server.log.write.buffer.size = 33554432 (custom)
2019-11-13 20:08:46,097 [pool-510-thread-1] INFO  server.RaftServerConfigKeys (ConfUtils.java:logGet(43)) - raft.server.log.write.buffer.size = 33554432 (custom)
2019-11-13 20:08:46,097 [pool-520-thread-1] INFO  server.RaftServerConfigKeys (ConfUtils.java:logGet(43)) - raft.server.log.force.sync.num = 128 (default)
2019-11-13 20:08:46,097 [pool-510-thread-1] INFO  server.RaftServerConfigKeys (ConfUtils.java:logGet(43)) - raft.server.log.force.sync.num = 128 (default)
2019-11-13 20:08:46,097 [pool-520-thread-1] INFO  server.RaftServerConfigKeys (ConfUtils.java:logGet(43)) - raft.server.log.statemachine.data.sync = true (default)
2019-11-13 20:08:46,097 [pool-510-thread-1] INFO  server.RaftServerConfigKeys (ConfUtils.java:logGet(43)) - raft.server.log.statemachine.data.sync = true (default)
2019-11-13 20:08:46,097 [pool-520-thread-1] INFO  server.RaftServerConfigKeys (ConfUtils.java:logGet(43)) - raft.server.log.statemachine.data.sync.timeout = 10s (default)
2019-11-13 20:08:46,097 [pool-510-thread-1] INFO  server.RaftServerConfigKeys (ConfUtils.java:logGet(43)) - raft.server.log.statemachine.data.sync.timeout = 10s (default)
2019-11-13 20:08:46,097 [pool-520-thread-1] INFO  server.RaftServerConfigKeys (ConfUtils.java:logGet(43)) - raft.server.log.statemachine.data.sync.timeout.retry = -1 (default)
2019-11-13 20:08:46,097 [pool-510-thread-1] INFO  server.RaftServerConfigKeys (ConfUtils.java:logGet(43)) - raft.server.log.statemachine.data.sync.timeout.retry = -1 (default)
2019-11-13 20:08:46,097 [pool-520-thread-1] INFO  server.RaftServerConfigKeys (ConfUtils.java:logGet(43)) - raft.server.log.statemachine.data.caching.enabled = true (custom)
2019-11-13 20:08:46,097 [pool-510-thread-1] INFO  server.RaftServerConfigKeys (ConfUtils.java:logGet(43)) - raft.server.log.statemachine.data.caching.enabled = true (custom)
2019-11-13 20:08:46,098 [pool-520-thread-1] INFO  segmented.SegmentedRaftLogWorker (SegmentedRaftLogWorker.java:lambda$new$0(128)) - d9031576-438e-4c71-bddc-2fb75a9376b9@group-7A5735C625A6-SegmentedRaftLogWorker: flushIndex: setUnconditionally 0 -> -1
2019-11-13 20:08:46,098 [pool-510-thread-1] INFO  segmented.SegmentedRaftLogWorker (SegmentedRaftLogWorker.java:lambda$new$0(128)) - 63348c40-6caf-45cd-85ad-36e15dedc157@group-7A5735C625A6-SegmentedRaftLogWorker: flushIndex: setUnconditionally 0 -> -1
2019-11-13 20:08:46,098 [pool-520-thread-1] INFO  server.RaftServerConfigKeys (ConfUtils.java:logGet(43)) - raft.server.snapshot.auto.trigger.enabled = true (custom)
2019-11-13 20:08:46,098 [pool-510-thread-1] INFO  server.RaftServerConfigKeys (ConfUtils.java:logGet(43)) - raft.server.snapshot.auto.trigger.enabled = true (custom)
2019-11-13 20:08:46,098 [pool-520-thread-1] INFO  server.RaftServerConfigKeys (ConfUtils.java:logGet(43)) - raft.server.snapshot.auto.trigger.threshold = 10000 (custom)
2019-11-13 20:08:46,098 [pool-510-thread-1] INFO  server.RaftServerConfigKeys (ConfUtils.java:logGet(43)) - raft.server.snapshot.auto.trigger.threshold = 10000 (custom)
2019-11-13 20:08:46,098 [pool-520-thread-1] INFO  server.RaftServerConfigKeys (ConfUtils.java:logGet(43)) - raft.server.snapshot.retention.file.num = 5 (custom)
2019-11-13 20:08:46,098 [pool-510-thread-1] INFO  server.RaftServerConfigKeys (ConfUtils.java:logGet(43)) - raft.server.snapshot.retention.file.num = 5 (custom)
2019-11-13 20:08:46,098 [pool-520-thread-1] INFO  server.RaftServerConfigKeys (ConfUtils.java:logGet(43)) - raft.server.retrycache.expirytime = 600000ms (custom)
2019-11-13 20:08:46,098 [pool-510-thread-1] INFO  server.RaftServerConfigKeys (ConfUtils.java:logGet(43)) - raft.server.retrycache.expirytime = 600000ms (custom)
2019-11-13 20:08:46,098 [pool-520-thread-1] WARN  impl.MetricRegistriesImpl (MetricRegistriesImpl.java:lambda$create$1(61)) - First MetricRegistry has been created without registering reporters. You may need to call MetricRegistries.global().addReportRegistration(...) before.
2019-11-13 20:08:46,098 [pool-510-thread-1] WARN  impl.MetricRegistriesImpl (MetricRegistriesImpl.java:lambda$create$1(61)) - First MetricRegistry has been created without registering reporters. You may need to call MetricRegistries.global().addReportRegistration(...) before.
2019-11-13 20:08:46,098 [pool-520-thread-1] WARN  impl.MetricRegistriesImpl (MetricRegistriesImpl.java:lambda$create$1(61)) - First MetricRegistry has been created without registering reporters. You may need to call MetricRegistries.global().addReportRegistration(...) before.
2019-11-13 20:08:46,099 [pool-510-thread-1] WARN  impl.MetricRegistriesImpl (MetricRegistriesImpl.java:lambda$create$1(61)) - First MetricRegistry has been created without registering reporters. You may need to call MetricRegistries.global().addReportRegistration(...) before.
2019-11-13 20:08:46,099 [pool-520-thread-1] INFO  impl.RaftServerImpl (RaftServerImpl.java:start(184)) - d9031576-438e-4c71-bddc-2fb75a9376b9@group-7A5735C625A6: start as a follower, conf=-1: [63348c40-6caf-45cd-85ad-36e15dedc157:192.168.34.38:33072, 7ba2007b-7453-4993-98f1-4fc841af859b:192.168.34.38:37487, d9031576-438e-4c71-bddc-2fb75a9376b9:192.168.34.38:45924], old=null
2019-11-13 20:08:46,099 [pool-510-thread-1] INFO  impl.RaftServerImpl (RaftServerImpl.java:start(184)) - 63348c40-6caf-45cd-85ad-36e15dedc157@group-7A5735C625A6: start as a follower, conf=-1: [63348c40-6caf-45cd-85ad-36e15dedc157:192.168.34.38:33072, 7ba2007b-7453-4993-98f1-4fc841af859b:192.168.34.38:37487, d9031576-438e-4c71-bddc-2fb75a9376b9:192.168.34.38:45924], old=null
2019-11-13 20:08:46,099 [pool-520-thread-1] INFO  impl.RaftServerImpl (RaftServerImpl.java:setRole(173)) - d9031576-438e-4c71-bddc-2fb75a9376b9@group-7A5735C625A6: changes role from      null to FOLLOWER at term 0 for startAsFollower
2019-11-13 20:08:46,099 [pool-510-thread-1] INFO  impl.RaftServerImpl (RaftServerImpl.java:setRole(173)) - 63348c40-6caf-45cd-85ad-36e15dedc157@group-7A5735C625A6: changes role from      null to FOLLOWER at term 0 for startAsFollower
2019-11-13 20:08:46,099 [pool-520-thread-1] INFO  impl.RoleInfo (RoleInfo.java:updateAndGet(143)) - d9031576-438e-4c71-bddc-2fb75a9376b9: start FollowerState
2019-11-13 20:08:46,099 [pool-510-thread-1] INFO  impl.RoleInfo (RoleInfo.java:updateAndGet(143)) - 63348c40-6caf-45cd-85ad-36e15dedc157: start FollowerState
2019-11-13 20:08:46,099 [pool-520-thread-1] INFO  util.JmxRegister (JmxRegister.java:tryRegister(44)) - Successfully registered JMX Bean with object name Ratis:service=RaftServer,group=group-7A5735C625A6,id=d9031576-438e-4c71-bddc-2fb75a9376b9
2019-11-13 20:08:46,099 [pool-510-thread-1] INFO  util.JmxRegister (JmxRegister.java:tryRegister(44)) - Successfully registered JMX Bean with object name Ratis:service=RaftServer,group=group-7A5735C625A6,id=63348c40-6caf-45cd-85ad-36e15dedc157
2019-11-13 20:08:46,099 [pool-520-thread-1] WARN  impl.MetricRegistriesImpl (MetricRegistriesImpl.java:lambda$create$1(61)) - First MetricRegistry has been created without registering reporters. You may need to call MetricRegistries.global().addReportRegistration(...) before.
2019-11-13 20:08:46,099 [pool-510-thread-1] WARN  impl.MetricRegistriesImpl (MetricRegistriesImpl.java:lambda$create$1(61)) - First MetricRegistry has been created without registering reporters. You may need to call MetricRegistries.global().addReportRegistration(...) before.
2019-11-13 20:08:46,104 [pool-600-thread-1] INFO  storage.RaftStorage (RaftStorage.java:format(84)) - Storage directory /workdir/hadoop-ozone/integration-test/target/test-dir/MiniOzoneClusterImpl-89214370-af8c-46c8-b403-f68b2ae7a3e8/datanode-9/data/ratis/b968c606-df46-4038-99ba-7a5735c625a6 has been successfully formatted.
2019-11-13 20:08:46,105 [pool-600-thread-1] INFO  ratis.ContainerStateMachine (ContainerStateMachine.java:loadSnapshot(223)) - group-7A5735C625A6: The snapshot info is null. Setting the last applied indexto:(t:0, i:~)
2019-11-13 20:08:46,105 [pool-600-thread-1] INFO  server.RaftServerConfigKeys (ConfUtils.java:logGet(43)) - raft.server.notification.no-leader.timeout = 120s (custom)
2019-11-13 20:08:46,105 [pool-600-thread-1] INFO  server.RaftServerConfigKeys (ConfUtils.java:logGet(43)) - raft.server.log.use.memory = false (default)
2019-11-13 20:08:46,105 [pool-600-thread-1] INFO  server.RaftServerConfigKeys (ConfUtils.java:logGet(43)) - raft.server.log.purge.gap = 1000000 (custom)
2019-11-13 20:08:46,105 [pool-600-thread-1] INFO  server.RaftServerConfigKeys (ConfUtils.java:logGet(43)) - raft.server.log.appender.buffer.byte-limit = 33554432 (custom)
2019-11-13 20:08:46,105 [pool-600-thread-1] INFO  server.RaftServerConfigKeys (ConfUtils.java:logGet(43)) - raft.server.log.segment.size.max = 1048576 (custom)
2019-11-13 20:08:46,105 [pool-600-thread-1] INFO  server.RaftServerConfigKeys (ConfUtils.java:logGet(43)) - raft.server.log.segment.cache.num.max = 2 (custom)
2019-11-13 20:08:46,105 [pool-600-thread-1] INFO  segmented.SegmentedRaftLogWorker (SegmentedRaftLogWorker.java:<init>(173)) - new 7ba2007b-7453-4993-98f1-4fc841af859b@group-7A5735C625A6-SegmentedRaftLogWorker for RaftStorage:Storage Directory /workdir/hadoop-ozone/integration-test/target/test-dir/MiniOzoneClusterImpl-89214370-af8c-46c8-b403-f68b2ae7a3e8/datanode-9/data/ratis/b968c606-df46-4038-99ba-7a5735c625a6
2019-11-13 20:08:46,105 [pool-600-thread-1] INFO  server.RaftServerConfigKeys (ConfUtils.java:logGet(43)) - raft.server.log.queue.byte-limit = 2147483647 (custom)
2019-11-13 20:08:46,106 [pool-600-thread-1] INFO  server.RaftServerConfigKeys (ConfUtils.java:logGet(43)) - raft.server.log.queue.element-limit = 1024 (custom)
2019-11-13 20:08:46,106 [pool-600-thread-1] INFO  server.RaftServerConfigKeys (ConfUtils.java:logGet(43)) - raft.server.log.segment.size.max = 1048576 (custom)
2019-11-13 20:08:46,106 [pool-600-thread-1] INFO  server.RaftServerConfigKeys (ConfUtils.java:logGet(43)) - raft.server.log.preallocated.size = 16384 (custom)
2019-11-13 20:08:46,106 [pool-600-thread-1] INFO  server.RaftServerConfigKeys (ConfUtils.java:logGet(43)) - raft.server.log.write.buffer.size = 33554432 (custom)
2019-11-13 20:08:46,106 [pool-600-thread-1] INFO  server.RaftServerConfigKeys (ConfUtils.java:logGet(43)) - raft.server.log.force.sync.num = 128 (default)
2019-11-13 20:08:46,106 [pool-600-thread-1] INFO  server.RaftServerConfigKeys (ConfUtils.java:logGet(43)) - raft.server.log.statemachine.data.sync = true (default)
2019-11-13 20:08:46,106 [pool-600-thread-1] INFO  server.RaftServerConfigKeys (ConfUtils.java:logGet(43)) - raft.server.log.statemachine.data.sync.timeout = 10s (default)
2019-11-13 20:08:46,106 [pool-600-thread-1] INFO  server.RaftServerConfigKeys (ConfUtils.java:logGet(43)) - raft.server.log.statemachine.data.sync.timeout.retry = -1 (default)
2019-11-13 20:08:46,106 [pool-600-thread-1] INFO  server.RaftServerConfigKeys (ConfUtils.java:logGet(43)) - raft.server.log.statemachine.data.caching.enabled = true (custom)
2019-11-13 20:08:46,107 [pool-600-thread-1] INFO  segmented.SegmentedRaftLogWorker (SegmentedRaftLogWorker.java:lambda$new$0(128)) - 7ba2007b-7453-4993-98f1-4fc841af859b@group-7A5735C625A6-SegmentedRaftLogWorker: flushIndex: setUnconditionally 0 -> -1
2019-11-13 20:08:46,107 [pool-600-thread-1] INFO  server.RaftServerConfigKeys (ConfUtils.java:logGet(43)) - raft.server.snapshot.auto.trigger.enabled = true (custom)
2019-11-13 20:08:46,107 [pool-600-thread-1] INFO  server.RaftServerConfigKeys (ConfUtils.java:logGet(43)) - raft.server.snapshot.auto.trigger.threshold = 10000 (custom)
2019-11-13 20:08:46,107 [pool-600-thread-1] INFO  server.RaftServerConfigKeys (ConfUtils.java:logGet(43)) - raft.server.snapshot.retention.file.num = 5 (custom)
2019-11-13 20:08:46,107 [pool-600-thread-1] INFO  server.RaftServerConfigKeys (ConfUtils.java:logGet(43)) - raft.server.retrycache.expirytime = 600000ms (custom)
2019-11-13 20:08:46,107 [pool-600-thread-1] WARN  impl.MetricRegistriesImpl (MetricRegistriesImpl.java:lambda$create$1(61)) - First MetricRegistry has been created without registering reporters. You may need to call MetricRegistries.global().addReportRegistration(...) before.
2019-11-13 20:08:46,108 [pool-600-thread-1] WARN  impl.MetricRegistriesImpl (MetricRegistriesImpl.java:lambda$create$1(61)) - First MetricRegistry has been created without registering reporters. You may need to call MetricRegistries.global().addReportRegistration(...) before.
2019-11-13 20:08:46,108 [pool-600-thread-1] INFO  impl.RaftServerImpl (RaftServerImpl.java:start(184)) - 7ba2007b-7453-4993-98f1-4fc841af859b@group-7A5735C625A6: start as a follower, conf=-1: [63348c40-6caf-45cd-85ad-36e15dedc157:192.168.34.38:33072, 7ba2007b-7453-4993-98f1-4fc841af859b:192.168.34.38:37487, d9031576-438e-4c71-bddc-2fb75a9376b9:192.168.34.38:45924], old=null
2019-11-13 20:08:46,108 [pool-600-thread-1] INFO  impl.RaftServerImpl (RaftServerImpl.java:setRole(173)) - 7ba2007b-7453-4993-98f1-4fc841af859b@group-7A5735C625A6: changes role from      null to FOLLOWER at term 0 for startAsFollower
2019-11-13 20:08:46,108 [pool-600-thread-1] INFO  impl.RoleInfo (RoleInfo.java:updateAndGet(143)) - 7ba2007b-7453-4993-98f1-4fc841af859b: start FollowerState
2019-11-13 20:08:46,108 [pool-600-thread-1] INFO  util.JmxRegister (JmxRegister.java:tryRegister(44)) - Successfully registered JMX Bean with object name Ratis:service=RaftServer,group=group-7A5735C625A6,id=7ba2007b-7453-4993-98f1-4fc841af859b
2019-11-13 20:08:46,108 [pool-600-thread-1] WARN  impl.MetricRegistriesImpl (MetricRegistriesImpl.java:lambda$create$1(61)) - First MetricRegistry has been created without registering reporters. You may need to call MetricRegistries.global().addReportRegistration(...) before.
2019-11-13 20:08:46,109 [grpc-default-executor-13] INFO  impl.RaftServerProxy (RaftServerProxy.java:remove(95)) - d9031576-438e-4c71-bddc-2fb75a9376b9: remove  FOLLOWER d9031576-438e-4c71-bddc-2fb75a9376b9@group-271A45A22871:t2, leader=9c82cd9c-0f64-450d-b3c2-ed8e29acca38, voted=9c82cd9c-0f64-450d-b3c2-ed8e29acca38, raftlog=d9031576-438e-4c71-bddc-2fb75a9376b9@group-271A45A22871-SegmentedRaftLog:OPENED:c2,f4,i4, conf=0: [63348c40-6caf-45cd-85ad-36e15dedc157:192.168.34.38:33072, d9031576-438e-4c71-bddc-2fb75a9376b9:192.168.34.38:45924, 9c82cd9c-0f64-450d-b3c2-ed8e29acca38:192.168.34.38:36061], old=null RUNNING
2019-11-13 20:08:46,109 [grpc-default-executor-13] INFO  impl.RaftServerImpl (RaftServerImpl.java:lambda$shutdown$3(250)) - d9031576-438e-4c71-bddc-2fb75a9376b9@group-271A45A22871: shutdown
2019-11-13 20:08:46,109 [grpc-default-executor-13] INFO  util.JmxRegister (JmxRegister.java:unregister(73)) - Successfully un-registered JMX Bean with object name Ratis:service=RaftServer,group=group-271A45A22871,id=d9031576-438e-4c71-bddc-2fb75a9376b9
2019-11-13 20:08:46,109 [grpc-default-executor-13] INFO  impl.RoleInfo (RoleInfo.java:shutdownFollowerState(121)) - d9031576-438e-4c71-bddc-2fb75a9376b9: shutdown FollowerState
2019-11-13 20:08:46,110 [grpc-default-executor-13] INFO  impl.StateMachineUpdater (StateMachineUpdater.java:stopAndJoin(136)) - d9031576-438e-4c71-bddc-2fb75a9376b9@group-271A45A22871-StateMachineUpdater: set stopIndex = 2
2019-11-13 20:08:46,110 [RatisPipelineUtilsThread] INFO  pipeline.PipelineStateManager (PipelineStateManager.java:addPipeline(55)) - Created pipeline Pipeline[ Id: b968c606-df46-4038-99ba-7a5735c625a6, Nodes: 63348c40-6caf-45cd-85ad-36e15dedc157{ip: 192.168.34.38, host: pr-hdds-2469-rfsxc-843238572, networkLocation: /rack1, certSerialId: null}7ba2007b-7453-4993-98f1-4fc841af859b{ip: 192.168.34.38, host: pr-hdds-2469-rfsxc-843238572, networkLocation: /rack1, certSerialId: null}d9031576-438e-4c71-bddc-2fb75a9376b9{ip: 192.168.34.38, host: pr-hdds-2469-rfsxc-843238572, networkLocation: /rack1, certSerialId: null}, Type:RATIS, Factor:THREE, State:ALLOCATED]
2019-11-13 20:08:46,110 [Thread-4778] INFO  impl.FollowerState (FollowerState.java:run(120)) - d9031576-438e-4c71-bddc-2fb75a9376b9@group-271A45A22871-FollowerState was interrupted: java.lang.InterruptedException: sleep interrupted
2019-11-13 20:08:46,110 [d9031576-438e-4c71-bddc-2fb75a9376b9@group-271A45A22871-StateMachineUpdater] INFO  ratis.ContainerStateMachine (ContainerStateMachine.java:takeSnapshot(285)) - group-271A45A22871: Taking a snapshot at:(t:2, i:2) file /workdir/hadoop-ozone/integration-test/target/test-dir/MiniOzoneClusterImpl-89214370-af8c-46c8-b403-f68b2ae7a3e8/datanode-1/data/ratis/f8ee92db-00bd-4d6d-b899-271a45a22871/sm/snapshot.2_2
2019-11-13 20:08:46,123 [d9031576-438e-4c71-bddc-2fb75a9376b9@group-271A45A22871-StateMachineUpdater] INFO  ratis.ContainerStateMachine (ContainerStateMachine.java:takeSnapshot(296)) - group-271A45A22871: Finished taking a snapshot at:(t:2, i:2) file:/workdir/hadoop-ozone/integration-test/target/test-dir/MiniOzoneClusterImpl-89214370-af8c-46c8-b403-f68b2ae7a3e8/datanode-1/data/ratis/f8ee92db-00bd-4d6d-b899-271a45a22871/sm/snapshot.2_2 time:13
2019-11-13 20:08:46,123 [d9031576-438e-4c71-bddc-2fb75a9376b9@group-271A45A22871-StateMachineUpdater] INFO  impl.StateMachineUpdater (StateMachineUpdater.java:takeSnapshot(269)) - d9031576-438e-4c71-bddc-2fb75a9376b9@group-271A45A22871-StateMachineUpdater: Took a snapshot at index 2
2019-11-13 20:08:46,123 [d9031576-438e-4c71-bddc-2fb75a9376b9@group-271A45A22871-StateMachineUpdater] INFO  impl.StateMachineUpdater (StateMachineUpdater.java:lambda$new$0(84)) - d9031576-438e-4c71-bddc-2fb75a9376b9@group-271A45A22871-StateMachineUpdater: snapshotIndex: updateIncreasingly -1 -> 2
2019-11-13 20:08:46,123 [grpc-default-executor-13] INFO  impl.RaftServerImpl (ServerState.java:close(387)) - d9031576-438e-4c71-bddc-2fb75a9376b9@group-271A45A22871: closes. applyIndex: 2
2019-11-13 20:08:46,123 [d9031576-438e-4c71-bddc-2fb75a9376b9@group-271A45A22871-SegmentedRaftLogWorker] INFO  segmented.SegmentedRaftLogWorker (SegmentedRaftLogWorker.java:run(316)) - d9031576-438e-4c71-bddc-2fb75a9376b9@group-271A45A22871-SegmentedRaftLogWorker was interrupted, exiting. There are 0 tasks remaining in the queue.
2019-11-13 20:08:46,124 [grpc-default-executor-13] INFO  segmented.SegmentedRaftLogWorker (SegmentedRaftLogWorker.java:close(224)) - d9031576-438e-4c71-bddc-2fb75a9376b9@group-271A45A22871-SegmentedRaftLogWorker close()
2019-11-13 20:08:46,173 [grpc-default-executor-13] INFO  interfaces.Container (KeyValueContainer.java:flushAndSyncDB(400)) - Container 1 is synced with bcsId 2.
2019-11-13 20:08:46,173 [grpc-default-executor-13] INFO  interfaces.Container (KeyValueContainer.java:flushAndSyncDB(400)) - Container 1 is synced with bcsId 2.
2019-11-13 20:08:46,189 [EventQueue-IncrementalContainerReportForIncrementalContainerReportHandler] INFO  container.IncrementalContainerReportHandler (AbstractContainerReportHandler.java:updateContainerState(171)) - Moving container #1 to QUASI_CLOSED state, datanode d9031576-438e-4c71-bddc-2fb75a9376b9{ip: 192.168.34.38, host: pr-hdds-2469-rfsxc-843238572, networkLocation: /rack1, certSerialId: null} reported QUASI_CLOSED replica.
2019-11-13 20:08:46,192 [grpc-default-executor-13] INFO  impl.RaftServerProxy (RaftServerProxy.java:remove(95)) - 9c82cd9c-0f64-450d-b3c2-ed8e29acca38: remove    LEADER 9c82cd9c-0f64-450d-b3c2-ed8e29acca38@group-271A45A22871:t2, leader=9c82cd9c-0f64-450d-b3c2-ed8e29acca38, voted=9c82cd9c-0f64-450d-b3c2-ed8e29acca38, raftlog=9c82cd9c-0f64-450d-b3c2-ed8e29acca38@group-271A45A22871-SegmentedRaftLog:OPENED:c4,f4,i4, conf=0: [63348c40-6caf-45cd-85ad-36e15dedc157:192.168.34.38:33072, d9031576-438e-4c71-bddc-2fb75a9376b9:192.168.34.38:45924, 9c82cd9c-0f64-450d-b3c2-ed8e29acca38:192.168.34.38:36061], old=null RUNNING
2019-11-13 20:08:46,192 [grpc-default-executor-13] INFO  impl.RaftServerImpl (RaftServerImpl.java:lambda$shutdown$3(250)) - 9c82cd9c-0f64-450d-b3c2-ed8e29acca38@group-271A45A22871: shutdown
2019-11-13 20:08:46,192 [grpc-default-executor-13] INFO  util.JmxRegister (JmxRegister.java:unregister(73)) - Successfully un-registered JMX Bean with object name Ratis:service=RaftServer,group=group-271A45A22871,id=9c82cd9c-0f64-450d-b3c2-ed8e29acca38
2019-11-13 20:08:46,193 [grpc-default-executor-13] INFO  impl.RoleInfo (RoleInfo.java:shutdownLeaderState(104)) - 9c82cd9c-0f64-450d-b3c2-ed8e29acca38: shutdown LeaderState
2019-11-13 20:08:46,196 [grpc-default-executor-13] INFO  impl.PendingRequests (PendingRequests.java:sendNotLeaderResponses(206)) - 9c82cd9c-0f64-450d-b3c2-ed8e29acca38@group-271A45A22871-PendingRequests: sendNotLeaderResponses
2019-11-13 20:08:46,196 [org.apache.ratis.server.impl.LogAppender$AppenderDaemon$$Lambda$506/1658834723@7ee04936] WARN  server.GrpcLogAppender (GrpcLogAppender.java:mayWait(151)) - 9c82cd9c-0f64-450d-b3c2-ed8e29acca38@group-271A45A22871->63348c40-6caf-45cd-85ad-36e15dedc157-GrpcLogAppender: Wait interrupted by java.lang.InterruptedException
2019-11-13 20:08:46,196 [org.apache.ratis.server.impl.LogAppender$AppenderDaemon$$Lambda$506/1658834723@3be2d88e] WARN  server.GrpcLogAppender (GrpcLogAppender.java:mayWait(151)) - 9c82cd9c-0f64-450d-b3c2-ed8e29acca38@group-271A45A22871->d9031576-438e-4c71-bddc-2fb75a9376b9-GrpcLogAppender: Wait interrupted by java.lang.InterruptedException
2019-11-13 20:08:46,202 [9c82cd9c-0f64-450d-b3c2-ed8e29acca38@group-271A45A22871-StateMachineUpdater] INFO  ratis.ContainerStateMachine (ContainerStateMachine.java:takeSnapshot(285)) - group-271A45A22871: Taking a snapshot at:(t:2, i:4) file /workdir/hadoop-ozone/integration-test/target/test-dir/MiniOzoneClusterImpl-89214370-af8c-46c8-b403-f68b2ae7a3e8/datanode-2/data/ratis/f8ee92db-00bd-4d6d-b899-271a45a22871/sm/snapshot.2_4
2019-11-13 20:08:46,202 [grpc-default-executor-13] INFO  impl.StateMachineUpdater (StateMachineUpdater.java:stopAndJoin(136)) - 9c82cd9c-0f64-450d-b3c2-ed8e29acca38@group-271A45A22871-StateMachineUpdater: set stopIndex = 4
2019-11-13 20:08:46,202 [grpc-default-executor-16] INFO  server.GrpcServerProtocolService (GrpcServerProtocolService.java:onCompleted(113)) - d9031576-438e-4c71-bddc-2fb75a9376b9: Completed APPEND_ENTRIES, lastRequest: 9c82cd9c-0f64-450d-b3c2-ed8e29acca38->d9031576-438e-4c71-bddc-2fb75a9376b9#5-t2, previous=(t:2, i:3), leaderCommit=2, initializing? false, entries: size=1, first=(t:2, i:4), METADATAENTRY(c2)
2019-11-13 20:08:46,202 [grpc-default-executor-10] INFO  server.GrpcServerProtocolService (GrpcServerProtocolService.java:onCompleted(113)) - 63348c40-6caf-45cd-85ad-36e15dedc157: Completed APPEND_ENTRIES, lastRequest: 9c82cd9c-0f64-450d-b3c2-ed8e29acca38->63348c40-6caf-45cd-85ad-36e15dedc157#5-t2, previous=(t:2, i:3), leaderCommit=2, initializing? false, entries: size=1, first=(t:2, i:4), METADATAENTRY(c2)
2019-11-13 20:08:46,203 [grpc-default-executor-16] INFO  server.GrpcLogAppender (GrpcLogAppender.java:onCompleted(308)) - 9c82cd9c-0f64-450d-b3c2-ed8e29acca38@group-271A45A22871->d9031576-438e-4c71-bddc-2fb75a9376b9-AppendLogResponseHandler: follower responses appendEntries COMPLETED
2019-11-13 20:08:46,203 [grpc-default-executor-10] INFO  server.GrpcLogAppender (GrpcLogAppender.java:onCompleted(308)) - 9c82cd9c-0f64-450d-b3c2-ed8e29acca38@group-271A45A22871->63348c40-6caf-45cd-85ad-36e15dedc157-AppendLogResponseHandler: follower responses appendEntries COMPLETED
2019-11-13 20:08:46,203 [grpc-default-executor-16] INFO  impl.FollowerInfo (FollowerInfo.java:lambda$new$0(51)) - 9c82cd9c-0f64-450d-b3c2-ed8e29acca38@group-271A45A22871->d9031576-438e-4c71-bddc-2fb75a9376b9: nextIndex: updateUnconditionally 5 -> 4
2019-11-13 20:08:46,203 [grpc-default-executor-10] INFO  impl.FollowerInfo (FollowerInfo.java:lambda$new$0(51)) - 9c82cd9c-0f64-450d-b3c2-ed8e29acca38@group-271A45A22871->63348c40-6caf-45cd-85ad-36e15dedc157: nextIndex: updateUnconditionally 5 -> 4
2019-11-13 20:08:46,215 [9c82cd9c-0f64-450d-b3c2-ed8e29acca38@group-271A45A22871-StateMachineUpdater] INFO  ratis.ContainerStateMachine (ContainerStateMachine.java:takeSnapshot(296)) - group-271A45A22871: Finished taking a snapshot at:(t:2, i:4) file:/workdir/hadoop-ozone/integration-test/target/test-dir/MiniOzoneClusterImpl-89214370-af8c-46c8-b403-f68b2ae7a3e8/datanode-2/data/ratis/f8ee92db-00bd-4d6d-b899-271a45a22871/sm/snapshot.2_4 time:13
2019-11-13 20:08:46,215 [9c82cd9c-0f64-450d-b3c2-ed8e29acca38@group-271A45A22871-StateMachineUpdater] INFO  impl.StateMachineUpdater (StateMachineUpdater.java:takeSnapshot(269)) - 9c82cd9c-0f64-450d-b3c2-ed8e29acca38@group-271A45A22871-StateMachineUpdater: Took a snapshot at index 4
2019-11-13 20:08:46,215 [9c82cd9c-0f64-450d-b3c2-ed8e29acca38@group-271A45A22871-StateMachineUpdater] INFO  impl.StateMachineUpdater (StateMachineUpdater.java:lambda$new$0(84)) - 9c82cd9c-0f64-450d-b3c2-ed8e29acca38@group-271A45A22871-StateMachineUpdater: snapshotIndex: updateIncreasingly -1 -> 4
2019-11-13 20:08:46,215 [grpc-default-executor-13] INFO  impl.RaftServerImpl (ServerState.java:close(387)) - 9c82cd9c-0f64-450d-b3c2-ed8e29acca38@group-271A45A22871: closes. applyIndex: 4
2019-11-13 20:08:46,216 [9c82cd9c-0f64-450d-b3c2-ed8e29acca38@group-271A45A22871-SegmentedRaftLogWorker] INFO  segmented.SegmentedRaftLogWorker (SegmentedRaftLogWorker.java:run(316)) - 9c82cd9c-0f64-450d-b3c2-ed8e29acca38@group-271A45A22871-SegmentedRaftLogWorker was interrupted, exiting. There are 0 tasks remaining in the queue.
2019-11-13 20:08:46,216 [grpc-default-executor-13] INFO  segmented.SegmentedRaftLogWorker (SegmentedRaftLogWorker.java:close(224)) - 9c82cd9c-0f64-450d-b3c2-ed8e29acca38@group-271A45A22871-SegmentedRaftLogWorker close()
2019-11-13 20:08:46,249 [grpc-default-executor-13] INFO  interfaces.Container (KeyValueContainer.java:flushAndSyncDB(400)) - Container 1 is synced with bcsId 2.
2019-11-13 20:08:46,250 [grpc-default-executor-13] INFO  interfaces.Container (KeyValueContainer.java:flushAndSyncDB(400)) - Container 1 is synced with bcsId 2.
2019-11-13 20:08:46,266 [Thread-4662] INFO  pipeline.PipelineStateManager (PipelineStateManager.java:removePipeline(106)) - Pipeline Pipeline[ Id: f8ee92db-00bd-4d6d-b899-271a45a22871, Nodes: 63348c40-6caf-45cd-85ad-36e15dedc157{ip: 192.168.34.38, host: pr-hdds-2469-rfsxc-843238572, networkLocation: /rack1, certSerialId: null}d9031576-438e-4c71-bddc-2fb75a9376b9{ip: 192.168.34.38, host: pr-hdds-2469-rfsxc-843238572, networkLocation: /rack1, certSerialId: null}9c82cd9c-0f64-450d-b3c2-ed8e29acca38{ip: 192.168.34.38, host: pr-hdds-2469-rfsxc-843238572, networkLocation: /rack1, certSerialId: null}, Type:RATIS, Factor:THREE, State:CLOSED] removed from db
2019-11-13 20:08:46,267 [Thread-4662] INFO  pipeline.SCMPipelineManager (SCMPipelineManager.java:finalizeAndDestroyPipeline(315)) - destroying pipeline:Pipeline[ Id: 03cce8bd-d539-415f-8ebb-164e92e95f0e, Nodes: 167876bd-92c4-4c51-979b-51b12cb252bf{ip: 192.168.34.38, host: pr-hdds-2469-rfsxc-843238572, networkLocation: /rack1, certSerialId: null}, Type:RATIS, Factor:ONE, State:OPEN]
2019-11-13 20:08:46,267 [Thread-4662] INFO  pipeline.PipelineStateManager (PipelineStateManager.java:finalizePipeline(121)) - Pipeline Pipeline[ Id: 03cce8bd-d539-415f-8ebb-164e92e95f0e, Nodes: 167876bd-92c4-4c51-979b-51b12cb252bf{ip: 192.168.34.38, host: pr-hdds-2469-rfsxc-843238572, networkLocation: /rack1, certSerialId: null}, Type:RATIS, Factor:ONE, State:CLOSED] moved to CLOSED state
2019-11-13 20:08:46,269 [grpc-default-executor-13] INFO  impl.RaftServerProxy (RaftServerProxy.java:remove(95)) - 167876bd-92c4-4c51-979b-51b12cb252bf: remove    LEADER 167876bd-92c4-4c51-979b-51b12cb252bf@group-164E92E95F0E:t1, leader=167876bd-92c4-4c51-979b-51b12cb252bf, voted=167876bd-92c4-4c51-979b-51b12cb252bf, raftlog=167876bd-92c4-4c51-979b-51b12cb252bf@group-164E92E95F0E-SegmentedRaftLog:OPENED:c0,f0,i0, conf=0: [167876bd-92c4-4c51-979b-51b12cb252bf:192.168.34.38:45159], old=null RUNNING
2019-11-13 20:08:46,270 [grpc-default-executor-13] INFO  impl.RaftServerImpl (RaftServerImpl.java:lambda$shutdown$3(250)) - 167876bd-92c4-4c51-979b-51b12cb252bf@group-164E92E95F0E: shutdown
2019-11-13 20:08:46,270 [grpc-default-executor-13] INFO  util.JmxRegister (JmxRegister.java:unregister(73)) - Successfully un-registered JMX Bean with object name Ratis:service=RaftServer,group=group-164E92E95F0E,id=167876bd-92c4-4c51-979b-51b12cb252bf
2019-11-13 20:08:46,270 [grpc-default-executor-13] INFO  impl.RoleInfo (RoleInfo.java:shutdownLeaderState(104)) - 167876bd-92c4-4c51-979b-51b12cb252bf: shutdown LeaderState
2019-11-13 20:08:46,270 [grpc-default-executor-13] INFO  impl.PendingRequests (PendingRequests.java:sendNotLeaderResponses(206)) - 167876bd-92c4-4c51-979b-51b12cb252bf@group-164E92E95F0E-PendingRequests: sendNotLeaderResponses
2019-11-13 20:08:46,270 [grpc-default-executor-13] INFO  impl.StateMachineUpdater (StateMachineUpdater.java:stopAndJoin(136)) - 167876bd-92c4-4c51-979b-51b12cb252bf@group-164E92E95F0E-StateMachineUpdater: set stopIndex = 0
2019-11-13 20:08:46,270 [grpc-default-executor-13] INFO  impl.RaftServerImpl (ServerState.java:close(387)) - 167876bd-92c4-4c51-979b-51b12cb252bf@group-164E92E95F0E: closes. applyIndex: 0
2019-11-13 20:08:46,271 [167876bd-92c4-4c51-979b-51b12cb252bf@group-164E92E95F0E-SegmentedRaftLogWorker] INFO  segmented.SegmentedRaftLogWorker (SegmentedRaftLogWorker.java:run(316)) - 167876bd-92c4-4c51-979b-51b12cb252bf@group-164E92E95F0E-SegmentedRaftLogWorker was interrupted, exiting. There are 0 tasks remaining in the queue.
2019-11-13 20:08:46,271 [grpc-default-executor-13] INFO  segmented.SegmentedRaftLogWorker (SegmentedRaftLogWorker.java:close(224)) - 167876bd-92c4-4c51-979b-51b12cb252bf@group-164E92E95F0E-SegmentedRaftLogWorker close()
2019-11-13 20:08:46,273 [Thread-4662] INFO  pipeline.PipelineStateManager (PipelineStateManager.java:removePipeline(106)) - Pipeline Pipeline[ Id: 03cce8bd-d539-415f-8ebb-164e92e95f0e, Nodes: 167876bd-92c4-4c51-979b-51b12cb252bf{ip: 192.168.34.38, host: pr-hdds-2469-rfsxc-843238572, networkLocation: /rack1, certSerialId: null}, Type:RATIS, Factor:ONE, State:CLOSED] removed from db
2019-11-13 20:08:46,273 [Thread-4662] INFO  pipeline.SCMPipelineManager (SCMPipelineManager.java:finalizeAndDestroyPipeline(315)) - destroying pipeline:Pipeline[ Id: b3376f05-3f63-46ea-8411-d7f11beda2bc, Nodes: 2f9d8c1e-934d-4d04-b20a-ee991adbbfce{ip: 192.168.34.38, host: pr-hdds-2469-rfsxc-843238572, networkLocation: /rack1, certSerialId: null}, Type:RATIS, Factor:ONE, State:OPEN]
2019-11-13 20:08:46,275 [grpc-default-executor-13] INFO  impl.RaftServerProxy (RaftServerProxy.java:addNew(89)) - 167876bd-92c4-4c51-979b-51b12cb252bf: addNew group-764E8470B8EF:[167876bd-92c4-4c51-979b-51b12cb252bf:192.168.34.38:45159] returns group-764E8470B8EF:java.util.concurrent.CompletableFuture@bc7c4e4[Not completed]
2019-11-13 20:08:46,276 [pool-570-thread-1] INFO  impl.RaftServerImpl (RaftServerImpl.java:<init>(98)) - 167876bd-92c4-4c51-979b-51b12cb252bf: new RaftServerImpl for group-764E8470B8EF:[167876bd-92c4-4c51-979b-51b12cb252bf:192.168.34.38:45159] with ContainerStateMachine:uninitialized
2019-11-13 20:08:46,276 [pool-570-thread-1] INFO  server.RaftServerConfigKeys (ConfUtils.java:logGet(43)) - raft.server.rpc.timeout.min = 1s (custom)
2019-11-13 20:08:46,276 [pool-570-thread-1] INFO  server.RaftServerConfigKeys (ConfUtils.java:logGet(43)) - raft.server.rpc.timeout.max = 1200ms (custom)
2019-11-13 20:08:46,276 [pool-570-thread-1] INFO  server.RaftServerConfigKeys (ConfUtils.java:logGet(43)) - raft.server.rpcslowness.timeout = 120s (custom)
2019-11-13 20:08:46,276 [pool-570-thread-1] INFO  server.RaftServerConfigKeys (ConfUtils.java:logGet(43)) - raft.server.sleep.deviation.threshold = 300 (default)
2019-11-13 20:08:46,276 [pool-570-thread-1] INFO  server.RaftServerConfigKeys (ConfUtils.java:logGet(43)) - raft.server.log.appender.install.snapshot.enabled = false (custom)
2019-11-13 20:08:46,276 [pool-570-thread-1] INFO  impl.RaftServerImpl (ServerState.java:<init>(103)) - 167876bd-92c4-4c51-979b-51b12cb252bf@group-764E8470B8EF: ConfigurationManager, init=-1: [167876bd-92c4-4c51-979b-51b12cb252bf:192.168.34.38:45159], old=null, confs=<EMPTY_MAP>
2019-11-13 20:08:46,276 [pool-570-thread-1] INFO  server.RaftServerConfigKeys (ConfUtils.java:logGet(43)) - raft.server.storage.dir = [/workdir/hadoop-ozone/integration-test/target/test-dir/MiniOzoneClusterImpl-89214370-af8c-46c8-b403-f68b2ae7a3e8/datanode-6/data/ratis] (custom)
2019-11-13 20:08:46,277 [pool-570-thread-1] INFO  server.RaftServerConfigKeys (ConfUtils.java:logGet(43)) - raft.server.log.corruption.policy = EXCEPTION (default)
2019-11-13 20:08:46,277 [pool-570-thread-1] INFO  storage.RaftStorageDirectory (RaftStorageDirectory.java:analyzeStorage(246)) - The storage directory /workdir/hadoop-ozone/integration-test/target/test-dir/MiniOzoneClusterImpl-89214370-af8c-46c8-b403-f68b2ae7a3e8/datanode-6/data/ratis/45045df8-368a-4f02-a522-764e8470b8ef does not exist. Creating ...
2019-11-13 20:08:46,293 [pool-570-thread-1] INFO  storage.RaftStorageDirectory (RaftStorageDirectory.java:tryLock(328)) - Lock on /workdir/hadoop-ozone/integration-test/target/test-dir/MiniOzoneClusterImpl-89214370-af8c-46c8-b403-f68b2ae7a3e8/datanode-6/data/ratis/45045df8-368a-4f02-a522-764e8470b8ef/in_use.lock acquired by nodename 29866@pr-hdds-2469-rfsxc-843238572
2019-11-13 20:08:46,307 [pool-570-thread-1] INFO  storage.RaftStorage (RaftStorage.java:format(84)) - Storage directory /workdir/hadoop-ozone/integration-test/target/test-dir/MiniOzoneClusterImpl-89214370-af8c-46c8-b403-f68b2ae7a3e8/datanode-6/data/ratis/45045df8-368a-4f02-a522-764e8470b8ef has been successfully formatted.
2019-11-13 20:08:46,307 [pool-570-thread-1] INFO  ratis.ContainerStateMachine (ContainerStateMachine.java:loadSnapshot(223)) - group-764E8470B8EF: The snapshot info is null. Setting the last applied indexto:(t:0, i:~)
2019-11-13 20:08:46,307 [pool-570-thread-1] INFO  server.RaftServerConfigKeys (ConfUtils.java:logGet(43)) - raft.server.notification.no-leader.timeout = 120s (custom)
2019-11-13 20:08:46,307 [pool-570-thread-1] INFO  server.RaftServerConfigKeys (ConfUtils.java:logGet(43)) - raft.server.log.use.memory = false (default)
2019-11-13 20:08:46,307 [pool-570-thread-1] INFO  server.RaftServerConfigKeys (ConfUtils.java:logGet(43)) - raft.server.log.purge.gap = 1000000 (custom)
2019-11-13 20:08:46,307 [pool-570-thread-1] INFO  server.RaftServerConfigKeys (ConfUtils.java:logGet(43)) - raft.server.log.appender.buffer.byte-limit = 33554432 (custom)
2019-11-13 20:08:46,307 [pool-570-thread-1] INFO  server.RaftServerConfigKeys (ConfUtils.java:logGet(43)) - raft.server.log.segment.size.max = 1048576 (custom)
2019-11-13 20:08:46,307 [pool-570-thread-1] INFO  server.RaftServerConfigKeys (ConfUtils.java:logGet(43)) - raft.server.log.segment.cache.num.max = 2 (custom)
2019-11-13 20:08:46,307 [pool-570-thread-1] INFO  segmented.SegmentedRaftLogWorker (SegmentedRaftLogWorker.java:<init>(173)) - new 167876bd-92c4-4c51-979b-51b12cb252bf@group-764E8470B8EF-SegmentedRaftLogWorker for RaftStorage:Storage Directory /workdir/hadoop-ozone/integration-test/target/test-dir/MiniOzoneClusterImpl-89214370-af8c-46c8-b403-f68b2ae7a3e8/datanode-6/data/ratis/45045df8-368a-4f02-a522-764e8470b8ef
2019-11-13 20:08:46,307 [pool-570-thread-1] INFO  server.RaftServerConfigKeys (ConfUtils.java:logGet(43)) - raft.server.log.queue.byte-limit = 2147483647 (custom)
2019-11-13 20:08:46,307 [pool-570-thread-1] INFO  server.RaftServerConfigKeys (ConfUtils.java:logGet(43)) - raft.server.log.queue.element-limit = 1024 (custom)
2019-11-13 20:08:46,308 [pool-570-thread-1] INFO  server.RaftServerConfigKeys (ConfUtils.java:logGet(43)) - raft.server.log.segment.size.max = 1048576 (custom)
2019-11-13 20:08:46,308 [pool-570-thread-1] INFO  server.RaftServerConfigKeys (ConfUtils.java:logGet(43)) - raft.server.log.preallocated.size = 16384 (custom)
2019-11-13 20:08:46,308 [pool-570-thread-1] INFO  server.RaftServerConfigKeys (ConfUtils.java:logGet(43)) - raft.server.log.write.buffer.size = 33554432 (custom)
2019-11-13 20:08:46,308 [pool-570-thread-1] INFO  server.RaftServerConfigKeys (ConfUtils.java:logGet(43)) - raft.server.log.force.sync.num = 128 (default)
2019-11-13 20:08:46,308 [pool-570-thread-1] INFO  server.RaftServerConfigKeys (ConfUtils.java:logGet(43)) - raft.server.log.statemachine.data.sync = true (default)
2019-11-13 20:08:46,308 [pool-570-thread-1] INFO  server.RaftServerConfigKeys (ConfUtils.java:logGet(43)) - raft.server.log.statemachine.data.sync.timeout = 10s (default)
2019-11-13 20:08:46,308 [pool-570-thread-1] INFO  server.RaftServerConfigKeys (ConfUtils.java:logGet(43)) - raft.server.log.statemachine.data.sync.timeout.retry = -1 (default)
2019-11-13 20:08:46,308 [pool-570-thread-1] INFO  server.RaftServerConfigKeys (ConfUtils.java:logGet(43)) - raft.server.log.statemachine.data.caching.enabled = true (custom)
2019-11-13 20:08:46,308 [pool-570-thread-1] INFO  segmented.SegmentedRaftLogWorker (SegmentedRaftLogWorker.java:lambda$new$0(128)) - 167876bd-92c4-4c51-979b-51b12cb252bf@group-764E8470B8EF-SegmentedRaftLogWorker: flushIndex: setUnconditionally 0 -> -1
2019-11-13 20:08:46,308 [pool-570-thread-1] INFO  server.RaftServerConfigKeys (ConfUtils.java:logGet(43)) - raft.server.snapshot.auto.trigger.enabled = true (custom)
2019-11-13 20:08:46,308 [pool-570-thread-1] INFO  server.RaftServerConfigKeys (ConfUtils.java:logGet(43)) - raft.server.snapshot.auto.trigger.threshold = 10000 (custom)
2019-11-13 20:08:46,309 [pool-570-thread-1] INFO  server.RaftServerConfigKeys (ConfUtils.java:logGet(43)) - raft.server.snapshot.retention.file.num = 5 (custom)
2019-11-13 20:08:46,309 [pool-570-thread-1] INFO  server.RaftServerConfigKeys (ConfUtils.java:logGet(43)) - raft.server.retrycache.expirytime = 600000ms (custom)
2019-11-13 20:08:46,309 [pool-570-thread-1] WARN  impl.MetricRegistriesImpl (MetricRegistriesImpl.java:lambda$create$1(61)) - First MetricRegistry has been created without registering reporters. You may need to call MetricRegistries.global().addReportRegistration(...) before.
2019-11-13 20:08:46,309 [pool-570-thread-1] WARN  impl.MetricRegistriesImpl (MetricRegistriesImpl.java:lambda$create$1(61)) - First MetricRegistry has been created without registering reporters. You may need to call MetricRegistries.global().addReportRegistration(...) before.
2019-11-13 20:08:46,309 [pool-570-thread-1] INFO  impl.RaftServerImpl (RaftServerImpl.java:start(184)) - 167876bd-92c4-4c51-979b-51b12cb252bf@group-764E8470B8EF: start as a follower, conf=-1: [167876bd-92c4-4c51-979b-51b12cb252bf:192.168.34.38:45159], old=null
2019-11-13 20:08:46,309 [pool-570-thread-1] INFO  impl.RaftServerImpl (RaftServerImpl.java:setRole(173)) - 167876bd-92c4-4c51-979b-51b12cb252bf@group-764E8470B8EF: changes role from      null to FOLLOWER at term 0 for startAsFollower
2019-11-13 20:08:46,309 [pool-570-thread-1] INFO  impl.RoleInfo (RoleInfo.java:updateAndGet(143)) - 167876bd-92c4-4c51-979b-51b12cb252bf: start FollowerState
2019-11-13 20:08:46,309 [pool-570-thread-1] INFO  util.JmxRegister (JmxRegister.java:tryRegister(44)) - Successfully registered JMX Bean with object name Ratis:service=RaftServer,group=group-764E8470B8EF,id=167876bd-92c4-4c51-979b-51b12cb252bf
2019-11-13 20:08:46,309 [pool-570-thread-1] WARN  impl.MetricRegistriesImpl (MetricRegistriesImpl.java:lambda$create$1(61)) - First MetricRegistry has been created without registering reporters. You may need to call MetricRegistries.global().addReportRegistration(...) before.
2019-11-13 20:08:46,311 [RatisPipelineUtilsThread] INFO  pipeline.PipelineStateManager (PipelineStateManager.java:addPipeline(55)) - Created pipeline Pipeline[ Id: 45045df8-368a-4f02-a522-764e8470b8ef, Nodes: 167876bd-92c4-4c51-979b-51b12cb252bf{ip: 192.168.34.38, host: pr-hdds-2469-rfsxc-843238572, networkLocation: /rack1, certSerialId: null}, Type:RATIS, Factor:ONE, State:ALLOCATED]
2019-11-13 20:08:46,311 [Thread-4662] INFO  pipeline.PipelineStateManager (PipelineStateManager.java:finalizePipeline(121)) - Pipeline Pipeline[ Id: b3376f05-3f63-46ea-8411-d7f11beda2bc, Nodes: 2f9d8c1e-934d-4d04-b20a-ee991adbbfce{ip: 192.168.34.38, host: pr-hdds-2469-rfsxc-843238572, networkLocation: /rack1, certSerialId: null}, Type:RATIS, Factor:ONE, State:CLOSED] moved to CLOSED state
2019-11-13 20:08:46,314 [grpc-default-executor-13] INFO  impl.RaftServerProxy (RaftServerProxy.java:remove(95)) - 2f9d8c1e-934d-4d04-b20a-ee991adbbfce: remove    LEADER 2f9d8c1e-934d-4d04-b20a-ee991adbbfce@group-D7F11BEDA2BC:t1, leader=2f9d8c1e-934d-4d04-b20a-ee991adbbfce, voted=2f9d8c1e-934d-4d04-b20a-ee991adbbfce, raftlog=2f9d8c1e-934d-4d04-b20a-ee991adbbfce@group-D7F11BEDA2BC-SegmentedRaftLog:OPENED:c0,f0,i0, conf=0: [2f9d8c1e-934d-4d04-b20a-ee991adbbfce:192.168.34.38:42314], old=null RUNNING
2019-11-13 20:08:46,314 [grpc-default-executor-13] INFO  impl.RaftServerImpl (RaftServerImpl.java:lambda$shutdown$3(250)) - 2f9d8c1e-934d-4d04-b20a-ee991adbbfce@group-D7F11BEDA2BC: shutdown
2019-11-13 20:08:46,314 [grpc-default-executor-13] INFO  util.JmxRegister (JmxRegister.java:unregister(73)) - Successfully un-registered JMX Bean with object name Ratis:service=RaftServer,group=group-D7F11BEDA2BC,id=2f9d8c1e-934d-4d04-b20a-ee991adbbfce
2019-11-13 20:08:46,314 [grpc-default-executor-13] INFO  impl.RoleInfo (RoleInfo.java:shutdownLeaderState(104)) - 2f9d8c1e-934d-4d04-b20a-ee991adbbfce: shutdown LeaderState
2019-11-13 20:08:46,314 [grpc-default-executor-13] INFO  impl.PendingRequests (PendingRequests.java:sendNotLeaderResponses(206)) - 2f9d8c1e-934d-4d04-b20a-ee991adbbfce@group-D7F11BEDA2BC-PendingRequests: sendNotLeaderResponses
2019-11-13 20:08:46,314 [grpc-default-executor-13] INFO  impl.StateMachineUpdater (StateMachineUpdater.java:stopAndJoin(136)) - 2f9d8c1e-934d-4d04-b20a-ee991adbbfce@group-D7F11BEDA2BC-StateMachineUpdater: set stopIndex = 0
2019-11-13 20:08:46,315 [grpc-default-executor-13] INFO  impl.RaftServerImpl (ServerState.java:close(387)) - 2f9d8c1e-934d-4d04-b20a-ee991adbbfce@group-D7F11BEDA2BC: closes. applyIndex: 0
2019-11-13 20:08:46,315 [2f9d8c1e-934d-4d04-b20a-ee991adbbfce@group-D7F11BEDA2BC-SegmentedRaftLogWorker] INFO  segmented.SegmentedRaftLogWorker (SegmentedRaftLogWorker.java:run(316)) - 2f9d8c1e-934d-4d04-b20a-ee991adbbfce@group-D7F11BEDA2BC-SegmentedRaftLogWorker was interrupted, exiting. There are 0 tasks remaining in the queue.
2019-11-13 20:08:46,315 [grpc-default-executor-13] INFO  segmented.SegmentedRaftLogWorker (SegmentedRaftLogWorker.java:close(224)) - 2f9d8c1e-934d-4d04-b20a-ee991adbbfce@group-D7F11BEDA2BC-SegmentedRaftLogWorker close()
2019-11-13 20:08:46,318 [Thread-4662] INFO  pipeline.PipelineStateManager (PipelineStateManager.java:removePipeline(106)) - Pipeline Pipeline[ Id: b3376f05-3f63-46ea-8411-d7f11beda2bc, Nodes: 2f9d8c1e-934d-4d04-b20a-ee991adbbfce{ip: 192.168.34.38, host: pr-hdds-2469-rfsxc-843238572, networkLocation: /rack1, certSerialId: null}, Type:RATIS, Factor:ONE, State:CLOSED] removed from db
2019-11-13 20:08:46,318 [Thread-4662] INFO  pipeline.SCMPipelineManager (SCMPipelineManager.java:finalizeAndDestroyPipeline(315)) - destroying pipeline:Pipeline[ Id: ce5ca963-0873-4693-a8db-cacae94f18fd, Nodes: 4ac79741-1dc4-4e7a-a50d-ac53fab10d14{ip: 192.168.34.38, host: pr-hdds-2469-rfsxc-843238572, networkLocation: /rack1, certSerialId: null}020265cf-8215-4e82-9241-b31a46326517{ip: 192.168.34.38, host: pr-hdds-2469-rfsxc-843238572, networkLocation: /rack1, certSerialId: null}2f9d8c1e-934d-4d04-b20a-ee991adbbfce{ip: 192.168.34.38, host: pr-hdds-2469-rfsxc-843238572, networkLocation: /rack1, certSerialId: null}, Type:RATIS, Factor:THREE, State:OPEN]
2019-11-13 20:08:46,321 [grpc-default-executor-13] INFO  impl.RaftServerProxy (RaftServerProxy.java:addNew(89)) - 2f9d8c1e-934d-4d04-b20a-ee991adbbfce: addNew group-05FA6EDD6E78:[2f9d8c1e-934d-4d04-b20a-ee991adbbfce:192.168.34.38:42314] returns group-05FA6EDD6E78:java.util.concurrent.CompletableFuture@2301e93b[Not completed]
2019-11-13 20:08:46,322 [pool-550-thread-1] INFO  impl.RaftServerImpl (RaftServerImpl.java:<init>(98)) - 2f9d8c1e-934d-4d04-b20a-ee991adbbfce: new RaftServerImpl for group-05FA6EDD6E78:[2f9d8c1e-934d-4d04-b20a-ee991adbbfce:192.168.34.38:42314] with ContainerStateMachine:uninitialized
2019-11-13 20:08:46,322 [pool-550-thread-1] INFO  server.RaftServerConfigKeys (ConfUtils.java:logGet(43)) - raft.server.rpc.timeout.min = 1s (custom)
2019-11-13 20:08:46,322 [pool-550-thread-1] INFO  server.RaftServerConfigKeys (ConfUtils.java:logGet(43)) - raft.server.rpc.timeout.max = 1200ms (custom)
2019-11-13 20:08:46,322 [pool-550-thread-1] INFO  server.RaftServerConfigKeys (ConfUtils.java:logGet(43)) - raft.server.rpcslowness.timeout = 120s (custom)
2019-11-13 20:08:46,322 [pool-550-thread-1] INFO  server.RaftServerConfigKeys (ConfUtils.java:logGet(43)) - raft.server.sleep.deviation.threshold = 300 (default)
2019-11-13 20:08:46,322 [pool-550-thread-1] INFO  server.RaftServerConfigKeys (ConfUtils.java:logGet(43)) - raft.server.log.appender.install.snapshot.enabled = false (custom)
2019-11-13 20:08:46,322 [pool-550-thread-1] INFO  impl.RaftServerImpl (ServerState.java:<init>(103)) - 2f9d8c1e-934d-4d04-b20a-ee991adbbfce@group-05FA6EDD6E78: ConfigurationManager, init=-1: [2f9d8c1e-934d-4d04-b20a-ee991adbbfce:192.168.34.38:42314], old=null, confs=<EMPTY_MAP>
2019-11-13 20:08:46,322 [pool-550-thread-1] INFO  server.RaftServerConfigKeys (ConfUtils.java:logGet(43)) - raft.server.storage.dir = [/workdir/hadoop-ozone/integration-test/target/test-dir/MiniOzoneClusterImpl-89214370-af8c-46c8-b403-f68b2ae7a3e8/datanode-4/data/ratis] (custom)
2019-11-13 20:08:46,322 [pool-550-thread-1] INFO  server.RaftServerConfigKeys (ConfUtils.java:logGet(43)) - raft.server.log.corruption.policy = EXCEPTION (default)
2019-11-13 20:08:46,322 [pool-550-thread-1] INFO  storage.RaftStorageDirectory (RaftStorageDirectory.java:analyzeStorage(246)) - The storage directory /workdir/hadoop-ozone/integration-test/target/test-dir/MiniOzoneClusterImpl-89214370-af8c-46c8-b403-f68b2ae7a3e8/datanode-4/data/ratis/0a3cd90f-e2ce-4fb3-a57d-05fa6edd6e78 does not exist. Creating ...
2019-11-13 20:08:46,329 [pool-550-thread-1] INFO  storage.RaftStorageDirectory (RaftStorageDirectory.java:tryLock(328)) - Lock on /workdir/hadoop-ozone/integration-test/target/test-dir/MiniOzoneClusterImpl-89214370-af8c-46c8-b403-f68b2ae7a3e8/datanode-4/data/ratis/0a3cd90f-e2ce-4fb3-a57d-05fa6edd6e78/in_use.lock acquired by nodename 29866@pr-hdds-2469-rfsxc-843238572
2019-11-13 20:08:46,342 [pool-550-thread-1] INFO  storage.RaftStorage (RaftStorage.java:format(84)) - Storage directory /workdir/hadoop-ozone/integration-test/target/test-dir/MiniOzoneClusterImpl-89214370-af8c-46c8-b403-f68b2ae7a3e8/datanode-4/data/ratis/0a3cd90f-e2ce-4fb3-a57d-05fa6edd6e78 has been successfully formatted.
2019-11-13 20:08:46,342 [pool-550-thread-1] INFO  ratis.ContainerStateMachine (ContainerStateMachine.java:loadSnapshot(223)) - group-05FA6EDD6E78: The snapshot info is null. Setting the last applied indexto:(t:0, i:~)
2019-11-13 20:08:46,343 [pool-550-thread-1] INFO  server.RaftServerConfigKeys (ConfUtils.java:logGet(43)) - raft.server.notification.no-leader.timeout = 120s (custom)
2019-11-13 20:08:46,343 [pool-550-thread-1] INFO  server.RaftServerConfigKeys (ConfUtils.java:logGet(43)) - raft.server.log.use.memory = false (default)
2019-11-13 20:08:46,343 [pool-550-thread-1] INFO  server.RaftServerConfigKeys (ConfUtils.java:logGet(43)) - raft.server.log.purge.gap = 1000000 (custom)
2019-11-13 20:08:46,343 [pool-550-thread-1] INFO  server.RaftServerConfigKeys (ConfUtils.java:logGet(43)) - raft.server.log.appender.buffer.byte-limit = 33554432 (custom)
2019-11-13 20:08:46,343 [pool-550-thread-1] INFO  server.RaftServerConfigKeys (ConfUtils.java:logGet(43)) - raft.server.log.segment.size.max = 1048576 (custom)
2019-11-13 20:08:46,343 [pool-550-thread-1] INFO  server.RaftServerConfigKeys (ConfUtils.java:logGet(43)) - raft.server.log.segment.cache.num.max = 2 (custom)
2019-11-13 20:08:46,343 [pool-550-thread-1] INFO  segmented.SegmentedRaftLogWorker (SegmentedRaftLogWorker.java:<init>(173)) - new 2f9d8c1e-934d-4d04-b20a-ee991adbbfce@group-05FA6EDD6E78-SegmentedRaftLogWorker for RaftStorage:Storage Directory /workdir/hadoop-ozone/integration-test/target/test-dir/MiniOzoneClusterImpl-89214370-af8c-46c8-b403-f68b2ae7a3e8/datanode-4/data/ratis/0a3cd90f-e2ce-4fb3-a57d-05fa6edd6e78
2019-11-13 20:08:46,343 [pool-550-thread-1] INFO  server.RaftServerConfigKeys (ConfUtils.java:logGet(43)) - raft.server.log.queue.byte-limit = 2147483647 (custom)
2019-11-13 20:08:46,343 [pool-550-thread-1] INFO  server.RaftServerConfigKeys (ConfUtils.java:logGet(43)) - raft.server.log.queue.element-limit = 1024 (custom)
2019-11-13 20:08:46,343 [pool-550-thread-1] INFO  server.RaftServerConfigKeys (ConfUtils.java:logGet(43)) - raft.server.log.segment.size.max = 1048576 (custom)
2019-11-13 20:08:46,343 [pool-550-thread-1] INFO  server.RaftServerConfigKeys (ConfUtils.java:logGet(43)) - raft.server.log.preallocated.size = 16384 (custom)
2019-11-13 20:08:46,343 [pool-550-thread-1] INFO  server.RaftServerConfigKeys (ConfUtils.java:logGet(43)) - raft.server.log.write.buffer.size = 33554432 (custom)
2019-11-13 20:08:46,343 [pool-550-thread-1] INFO  server.RaftServerConfigKeys (ConfUtils.java:logGet(43)) - raft.server.log.force.sync.num = 128 (default)
2019-11-13 20:08:46,343 [pool-550-thread-1] INFO  server.RaftServerConfigKeys (ConfUtils.java:logGet(43)) - raft.server.log.statemachine.data.sync = true (default)
2019-11-13 20:08:46,344 [pool-550-thread-1] INFO  server.RaftServerConfigKeys (ConfUtils.java:logGet(43)) - raft.server.log.statemachine.data.sync.timeout = 10s (default)
2019-11-13 20:08:46,344 [pool-550-thread-1] INFO  server.RaftServerConfigKeys (ConfUtils.java:logGet(43)) - raft.server.log.statemachine.data.sync.timeout.retry = -1 (default)
2019-11-13 20:08:46,344 [pool-550-thread-1] INFO  server.RaftServerConfigKeys (ConfUtils.java:logGet(43)) - raft.server.log.statemachine.data.caching.enabled = true (custom)
2019-11-13 20:08:46,344 [pool-550-thread-1] INFO  segmented.SegmentedRaftLogWorker (SegmentedRaftLogWorker.java:lambda$new$0(128)) - 2f9d8c1e-934d-4d04-b20a-ee991adbbfce@group-05FA6EDD6E78-SegmentedRaftLogWorker: flushIndex: setUnconditionally 0 -> -1
2019-11-13 20:08:46,344 [pool-550-thread-1] INFO  server.RaftServerConfigKeys (ConfUtils.java:logGet(43)) - raft.server.snapshot.auto.trigger.enabled = true (custom)
2019-11-13 20:08:46,344 [pool-550-thread-1] INFO  server.RaftServerConfigKeys (ConfUtils.java:logGet(43)) - raft.server.snapshot.auto.trigger.threshold = 10000 (custom)
2019-11-13 20:08:46,344 [pool-550-thread-1] INFO  server.RaftServerConfigKeys (ConfUtils.java:logGet(43)) - raft.server.snapshot.retention.file.num = 5 (custom)
2019-11-13 20:08:46,344 [pool-550-thread-1] INFO  server.RaftServerConfigKeys (ConfUtils.java:logGet(43)) - raft.server.retrycache.expirytime = 600000ms (custom)
2019-11-13 20:08:46,344 [pool-550-thread-1] WARN  impl.MetricRegistriesImpl (MetricRegistriesImpl.java:lambda$create$1(61)) - First MetricRegistry has been created without registering reporters. You may need to call MetricRegistries.global().addReportRegistration(...) before.
2019-11-13 20:08:46,345 [pool-550-thread-1] WARN  impl.MetricRegistriesImpl (MetricRegistriesImpl.java:lambda$create$1(61)) - First MetricRegistry has been created without registering reporters. You may need to call MetricRegistries.global().addReportRegistration(...) before.
2019-11-13 20:08:46,345 [pool-550-thread-1] INFO  impl.RaftServerImpl (RaftServerImpl.java:start(184)) - 2f9d8c1e-934d-4d04-b20a-ee991adbbfce@group-05FA6EDD6E78: start as a follower, conf=-1: [2f9d8c1e-934d-4d04-b20a-ee991adbbfce:192.168.34.38:42314], old=null
2019-11-13 20:08:46,345 [pool-550-thread-1] INFO  impl.RaftServerImpl (RaftServerImpl.java:setRole(173)) - 2f9d8c1e-934d-4d04-b20a-ee991adbbfce@group-05FA6EDD6E78: changes role from      null to FOLLOWER at term 0 for startAsFollower
2019-11-13 20:08:46,345 [pool-550-thread-1] INFO  impl.RoleInfo (RoleInfo.java:updateAndGet(143)) - 2f9d8c1e-934d-4d04-b20a-ee991adbbfce: start FollowerState
2019-11-13 20:08:46,345 [pool-550-thread-1] INFO  util.JmxRegister (JmxRegister.java:tryRegister(44)) - Successfully registered JMX Bean with object name Ratis:service=RaftServer,group=group-05FA6EDD6E78,id=2f9d8c1e-934d-4d04-b20a-ee991adbbfce
2019-11-13 20:08:46,345 [pool-550-thread-1] WARN  impl.MetricRegistriesImpl (MetricRegistriesImpl.java:lambda$create$1(61)) - First MetricRegistry has been created without registering reporters. You may need to call MetricRegistries.global().addReportRegistration(...) before.
2019-11-13 20:08:46,347 [RatisPipelineUtilsThread] INFO  pipeline.PipelineStateManager (PipelineStateManager.java:addPipeline(55)) - Created pipeline Pipeline[ Id: 0a3cd90f-e2ce-4fb3-a57d-05fa6edd6e78, Nodes: 2f9d8c1e-934d-4d04-b20a-ee991adbbfce{ip: 192.168.34.38, host: pr-hdds-2469-rfsxc-843238572, networkLocation: /rack1, certSerialId: null}, Type:RATIS, Factor:ONE, State:ALLOCATED]
2019-11-13 20:08:46,347 [Thread-4662] INFO  pipeline.PipelineStateManager (PipelineStateManager.java:finalizePipeline(121)) - Pipeline Pipeline[ Id: ce5ca963-0873-4693-a8db-cacae94f18fd, Nodes: 4ac79741-1dc4-4e7a-a50d-ac53fab10d14{ip: 192.168.34.38, host: pr-hdds-2469-rfsxc-843238572, networkLocation: /rack1, certSerialId: null}020265cf-8215-4e82-9241-b31a46326517{ip: 192.168.34.38, host: pr-hdds-2469-rfsxc-843238572, networkLocation: /rack1, certSerialId: null}2f9d8c1e-934d-4d04-b20a-ee991adbbfce{ip: 192.168.34.38, host: pr-hdds-2469-rfsxc-843238572, networkLocation: /rack1, certSerialId: null}, Type:RATIS, Factor:THREE, State:CLOSED] moved to CLOSED state
2019-11-13 20:08:46,350 [grpc-default-executor-13] INFO  impl.RaftServerProxy (RaftServerProxy.java:remove(95)) - 4ac79741-1dc4-4e7a-a50d-ac53fab10d14: remove  FOLLOWER 4ac79741-1dc4-4e7a-a50d-ac53fab10d14@group-CACAE94F18FD:t1, leader=020265cf-8215-4e82-9241-b31a46326517, voted=020265cf-8215-4e82-9241-b31a46326517, raftlog=4ac79741-1dc4-4e7a-a50d-ac53fab10d14@group-CACAE94F18FD-SegmentedRaftLog:OPENED:c0,f0,i0, conf=0: [020265cf-8215-4e82-9241-b31a46326517:192.168.34.38:43042, 2f9d8c1e-934d-4d04-b20a-ee991adbbfce:192.168.34.38:42314, 4ac79741-1dc4-4e7a-a50d-ac53fab10d14:192.168.34.38:46397], old=null RUNNING
2019-11-13 20:08:46,350 [grpc-default-executor-13] INFO  impl.RaftServerImpl (RaftServerImpl.java:lambda$shutdown$3(250)) - 4ac79741-1dc4-4e7a-a50d-ac53fab10d14@group-CACAE94F18FD: shutdown
2019-11-13 20:08:46,350 [grpc-default-executor-13] INFO  util.JmxRegister (JmxRegister.java:unregister(73)) - Successfully un-registered JMX Bean with object name Ratis:service=RaftServer,group=group-CACAE94F18FD,id=4ac79741-1dc4-4e7a-a50d-ac53fab10d14
2019-11-13 20:08:46,350 [grpc-default-executor-13] INFO  impl.RoleInfo (RoleInfo.java:shutdownFollowerState(121)) - 4ac79741-1dc4-4e7a-a50d-ac53fab10d14: shutdown FollowerState
2019-11-13 20:08:46,350 [grpc-default-executor-13] INFO  impl.StateMachineUpdater (StateMachineUpdater.java:stopAndJoin(136)) - 4ac79741-1dc4-4e7a-a50d-ac53fab10d14@group-CACAE94F18FD-StateMachineUpdater: set stopIndex = 0
2019-11-13 20:08:46,351 [Thread-4743] INFO  impl.FollowerState (FollowerState.java:run(120)) - 4ac79741-1dc4-4e7a-a50d-ac53fab10d14@group-CACAE94F18FD-FollowerState was interrupted: java.lang.InterruptedException: sleep interrupted
2019-11-13 20:08:46,351 [grpc-default-executor-13] INFO  impl.RaftServerImpl (ServerState.java:close(387)) - 4ac79741-1dc4-4e7a-a50d-ac53fab10d14@group-CACAE94F18FD: closes. applyIndex: 0
2019-11-13 20:08:46,351 [4ac79741-1dc4-4e7a-a50d-ac53fab10d14@group-CACAE94F18FD-SegmentedRaftLogWorker] INFO  segmented.SegmentedRaftLogWorker (SegmentedRaftLogWorker.java:run(316)) - 4ac79741-1dc4-4e7a-a50d-ac53fab10d14@group-CACAE94F18FD-SegmentedRaftLogWorker was interrupted, exiting. There are 0 tasks remaining in the queue.
2019-11-13 20:08:46,351 [grpc-default-executor-13] INFO  segmented.SegmentedRaftLogWorker (SegmentedRaftLogWorker.java:close(224)) - 4ac79741-1dc4-4e7a-a50d-ac53fab10d14@group-CACAE94F18FD-SegmentedRaftLogWorker close()
2019-11-13 20:08:46,357 [grpc-default-executor-13] INFO  impl.RaftServerProxy (RaftServerProxy.java:remove(95)) - 020265cf-8215-4e82-9241-b31a46326517: remove    LEADER 020265cf-8215-4e82-9241-b31a46326517@group-CACAE94F18FD:t1, leader=020265cf-8215-4e82-9241-b31a46326517, voted=020265cf-8215-4e82-9241-b31a46326517, raftlog=020265cf-8215-4e82-9241-b31a46326517@group-CACAE94F18FD-SegmentedRaftLog:OPENED:c0,f0,i0, conf=0: [020265cf-8215-4e82-9241-b31a46326517:192.168.34.38:43042, 2f9d8c1e-934d-4d04-b20a-ee991adbbfce:192.168.34.38:42314, 4ac79741-1dc4-4e7a-a50d-ac53fab10d14:192.168.34.38:46397], old=null RUNNING
2019-11-13 20:08:46,357 [grpc-default-executor-13] INFO  impl.RaftServerImpl (RaftServerImpl.java:lambda$shutdown$3(250)) - 020265cf-8215-4e82-9241-b31a46326517@group-CACAE94F18FD: shutdown
2019-11-13 20:08:46,357 [grpc-default-executor-13] INFO  util.JmxRegister (JmxRegister.java:unregister(73)) - Successfully un-registered JMX Bean with object name Ratis:service=RaftServer,group=group-CACAE94F18FD,id=020265cf-8215-4e82-9241-b31a46326517
2019-11-13 20:08:46,357 [grpc-default-executor-13] INFO  impl.RoleInfo (RoleInfo.java:shutdownLeaderState(104)) - 020265cf-8215-4e82-9241-b31a46326517: shutdown LeaderState
2019-11-13 20:08:46,361 [grpc-default-executor-13] INFO  impl.PendingRequests (PendingRequests.java:sendNotLeaderResponses(206)) - 020265cf-8215-4e82-9241-b31a46326517@group-CACAE94F18FD-PendingRequests: sendNotLeaderResponses
2019-11-13 20:08:46,361 [org.apache.ratis.server.impl.LogAppender$AppenderDaemon$$Lambda$506/1658834723@39c77fce] WARN  server.GrpcLogAppender (GrpcLogAppender.java:mayWait(151)) - 020265cf-8215-4e82-9241-b31a46326517@group-CACAE94F18FD->2f9d8c1e-934d-4d04-b20a-ee991adbbfce-GrpcLogAppender: Wait interrupted by java.lang.InterruptedException
2019-11-13 20:08:46,361 [org.apache.ratis.server.impl.LogAppender$AppenderDaemon$$Lambda$506/1658834723@7cc5f692] WARN  server.GrpcLogAppender (GrpcLogAppender.java:mayWait(151)) - 020265cf-8215-4e82-9241-b31a46326517@group-CACAE94F18FD->4ac79741-1dc4-4e7a-a50d-ac53fab10d14-GrpcLogAppender: Wait interrupted by java.lang.InterruptedException
2019-11-13 20:08:46,361 [grpc-default-executor-13] INFO  impl.StateMachineUpdater (StateMachineUpdater.java:stopAndJoin(136)) - 020265cf-8215-4e82-9241-b31a46326517@group-CACAE94F18FD-StateMachineUpdater: set stopIndex = 0
2019-11-13 20:08:46,362 [grpc-default-executor-13] INFO  impl.RaftServerImpl (ServerState.java:close(387)) - 020265cf-8215-4e82-9241-b31a46326517@group-CACAE94F18FD: closes. applyIndex: 0
2019-11-13 20:08:46,362 [grpc-default-executor-16] INFO  server.GrpcServerProtocolService (GrpcServerProtocolService.java:onCompleted(113)) - 4ac79741-1dc4-4e7a-a50d-ac53fab10d14: Completed APPEND_ENTRIES, lastRequest: 020265cf-8215-4e82-9241-b31a46326517->4ac79741-1dc4-4e7a-a50d-ac53fab10d14#4-t1, previous=(t:1, i:0), leaderCommit=0, initializing? false, entries: <empty>
2019-11-13 20:08:46,362 [grpc-default-executor-10] INFO  server.GrpcServerProtocolService (GrpcServerProtocolService.java:onCompleted(113)) - 2f9d8c1e-934d-4d04-b20a-ee991adbbfce: Completed APPEND_ENTRIES, lastRequest: 020265cf-8215-4e82-9241-b31a46326517->2f9d8c1e-934d-4d04-b20a-ee991adbbfce#4-t1, previous=(t:1, i:0), leaderCommit=0, initializing? false, entries: <empty>
2019-11-13 20:08:46,362 [020265cf-8215-4e82-9241-b31a46326517@group-CACAE94F18FD-SegmentedRaftLogWorker] INFO  segmented.SegmentedRaftLogWorker (SegmentedRaftLogWorker.java:run(316)) - 020265cf-8215-4e82-9241-b31a46326517@group-CACAE94F18FD-SegmentedRaftLogWorker was interrupted, exiting. There are 0 tasks remaining in the queue.
2019-11-13 20:08:46,362 [grpc-default-executor-16] INFO  server.GrpcLogAppender (GrpcLogAppender.java:onCompleted(308)) - 020265cf-8215-4e82-9241-b31a46326517@group-CACAE94F18FD->4ac79741-1dc4-4e7a-a50d-ac53fab10d14-AppendLogResponseHandler: follower responses appendEntries COMPLETED
2019-11-13 20:08:46,362 [grpc-default-executor-13] INFO  segmented.SegmentedRaftLogWorker (SegmentedRaftLogWorker.java:close(224)) - 020265cf-8215-4e82-9241-b31a46326517@group-CACAE94F18FD-SegmentedRaftLogWorker close()
2019-11-13 20:08:46,362 [grpc-default-executor-10] INFO  server.GrpcLogAppender (GrpcLogAppender.java:onCompleted(308)) - 020265cf-8215-4e82-9241-b31a46326517@group-CACAE94F18FD->2f9d8c1e-934d-4d04-b20a-ee991adbbfce-AppendLogResponseHandler: follower responses appendEntries COMPLETED
2019-11-13 20:08:46,363 [grpc-default-executor-16] INFO  impl.FollowerInfo (FollowerInfo.java:lambda$new$0(51)) - 020265cf-8215-4e82-9241-b31a46326517@group-CACAE94F18FD->4ac79741-1dc4-4e7a-a50d-ac53fab10d14: nextIndex: updateUnconditionally 1 -> 0
2019-11-13 20:08:46,363 [grpc-default-executor-10] INFO  impl.FollowerInfo (FollowerInfo.java:lambda$new$0(51)) - 020265cf-8215-4e82-9241-b31a46326517@group-CACAE94F18FD->2f9d8c1e-934d-4d04-b20a-ee991adbbfce: nextIndex: updateUnconditionally 1 -> 0
2019-11-13 20:08:46,366 [grpc-default-executor-13] INFO  impl.RaftServerProxy (RaftServerProxy.java:remove(95)) - 2f9d8c1e-934d-4d04-b20a-ee991adbbfce: remove  FOLLOWER 2f9d8c1e-934d-4d04-b20a-ee991adbbfce@group-CACAE94F18FD:t1, leader=020265cf-8215-4e82-9241-b31a46326517, voted=020265cf-8215-4e82-9241-b31a46326517, raftlog=2f9d8c1e-934d-4d04-b20a-ee991adbbfce@group-CACAE94F18FD-SegmentedRaftLog:OPENED:c0,f0,i0, conf=0: [020265cf-8215-4e82-9241-b31a46326517:192.168.34.38:43042, 2f9d8c1e-934d-4d04-b20a-ee991adbbfce:192.168.34.38:42314, 4ac79741-1dc4-4e7a-a50d-ac53fab10d14:192.168.34.38:46397], old=null RUNNING
2019-11-13 20:08:46,366 [grpc-default-executor-13] INFO  impl.RaftServerImpl (RaftServerImpl.java:lambda$shutdown$3(250)) - 2f9d8c1e-934d-4d04-b20a-ee991adbbfce@group-CACAE94F18FD: shutdown
2019-11-13 20:08:46,366 [grpc-default-executor-13] INFO  util.JmxRegister (JmxRegister.java:unregister(73)) - Successfully un-registered JMX Bean with object name Ratis:service=RaftServer,group=group-CACAE94F18FD,id=2f9d8c1e-934d-4d04-b20a-ee991adbbfce
2019-11-13 20:08:46,366 [grpc-default-executor-13] INFO  impl.RoleInfo (RoleInfo.java:shutdownFollowerState(121)) - 2f9d8c1e-934d-4d04-b20a-ee991adbbfce: shutdown FollowerState
2019-11-13 20:08:46,366 [grpc-default-executor-13] INFO  impl.StateMachineUpdater (StateMachineUpdater.java:stopAndJoin(136)) - 2f9d8c1e-934d-4d04-b20a-ee991adbbfce@group-CACAE94F18FD-StateMachineUpdater: set stopIndex = 0
2019-11-13 20:08:46,366 [Thread-4742] INFO  impl.FollowerState (FollowerState.java:run(120)) - 2f9d8c1e-934d-4d04-b20a-ee991adbbfce@group-CACAE94F18FD-FollowerState was interrupted: java.lang.InterruptedException: sleep interrupted
2019-11-13 20:08:46,367 [grpc-default-executor-13] INFO  impl.RaftServerImpl (ServerState.java:close(387)) - 2f9d8c1e-934d-4d04-b20a-ee991adbbfce@group-CACAE94F18FD: closes. applyIndex: 0
2019-11-13 20:08:46,367 [2f9d8c1e-934d-4d04-b20a-ee991adbbfce@group-CACAE94F18FD-SegmentedRaftLogWorker] INFO  segmented.SegmentedRaftLogWorker (SegmentedRaftLogWorker.java:run(316)) - 2f9d8c1e-934d-4d04-b20a-ee991adbbfce@group-CACAE94F18FD-SegmentedRaftLogWorker was interrupted, exiting. There are 0 tasks remaining in the queue.
2019-11-13 20:08:46,367 [grpc-default-executor-13] INFO  segmented.SegmentedRaftLogWorker (SegmentedRaftLogWorker.java:close(224)) - 2f9d8c1e-934d-4d04-b20a-ee991adbbfce@group-CACAE94F18FD-SegmentedRaftLogWorker close()
2019-11-13 20:08:46,369 [Thread-4662] INFO  pipeline.PipelineStateManager (PipelineStateManager.java:removePipeline(106)) - Pipeline Pipeline[ Id: ce5ca963-0873-4693-a8db-cacae94f18fd, Nodes: 4ac79741-1dc4-4e7a-a50d-ac53fab10d14{ip: 192.168.34.38, host: pr-hdds-2469-rfsxc-843238572, networkLocation: /rack1, certSerialId: null}020265cf-8215-4e82-9241-b31a46326517{ip: 192.168.34.38, host: pr-hdds-2469-rfsxc-843238572, networkLocation: /rack1, certSerialId: null}2f9d8c1e-934d-4d04-b20a-ee991adbbfce{ip: 192.168.34.38, host: pr-hdds-2469-rfsxc-843238572, networkLocation: /rack1, certSerialId: null}, Type:RATIS, Factor:THREE, State:CLOSED] removed from db
2019-11-13 20:08:46,397 [grpc-default-executor-13] INFO  impl.RaftServerProxy (RaftServerProxy.java:addNew(89)) - 020265cf-8215-4e82-9241-b31a46326517: addNew group-83A883EAE087:[020265cf-8215-4e82-9241-b31a46326517:192.168.34.38:43042, 2f9d8c1e-934d-4d04-b20a-ee991adbbfce:192.168.34.38:42314, 4ac79741-1dc4-4e7a-a50d-ac53fab10d14:192.168.34.38:46397] returns group-83A883EAE087:java.util.concurrent.CompletableFuture@6ffe9b32[Not completed]
2019-11-13 20:08:46,397 [grpc-default-executor-16] INFO  impl.RaftServerProxy (RaftServerProxy.java:addNew(89)) - 2f9d8c1e-934d-4d04-b20a-ee991adbbfce: addNew group-83A883EAE087:[020265cf-8215-4e82-9241-b31a46326517:192.168.34.38:43042, 2f9d8c1e-934d-4d04-b20a-ee991adbbfce:192.168.34.38:42314, 4ac79741-1dc4-4e7a-a50d-ac53fab10d14:192.168.34.38:46397] returns group-83A883EAE087:java.util.concurrent.CompletableFuture@1bca1939[Not completed]
2019-11-13 20:08:46,397 [grpc-default-executor-10] INFO  impl.RaftServerProxy (RaftServerProxy.java:addNew(89)) - 4ac79741-1dc4-4e7a-a50d-ac53fab10d14: addNew group-83A883EAE087:[020265cf-8215-4e82-9241-b31a46326517:192.168.34.38:43042, 2f9d8c1e-934d-4d04-b20a-ee991adbbfce:192.168.34.38:42314, 4ac79741-1dc4-4e7a-a50d-ac53fab10d14:192.168.34.38:46397] returns group-83A883EAE087:java.util.concurrent.CompletableFuture@33584785[Not completed]
2019-11-13 20:08:46,398 [pool-550-thread-1] INFO  impl.RaftServerImpl (RaftServerImpl.java:<init>(98)) - 2f9d8c1e-934d-4d04-b20a-ee991adbbfce: new RaftServerImpl for group-83A883EAE087:[020265cf-8215-4e82-9241-b31a46326517:192.168.34.38:43042, 2f9d8c1e-934d-4d04-b20a-ee991adbbfce:192.168.34.38:42314, 4ac79741-1dc4-4e7a-a50d-ac53fab10d14:192.168.34.38:46397] with ContainerStateMachine:uninitialized
2019-11-13 20:08:46,398 [pool-550-thread-1] INFO  server.RaftServerConfigKeys (ConfUtils.java:logGet(43)) - raft.server.rpc.timeout.min = 1s (custom)
2019-11-13 20:08:46,398 [pool-550-thread-1] INFO  server.RaftServerConfigKeys (ConfUtils.java:logGet(43)) - raft.server.rpc.timeout.max = 1200ms (custom)
2019-11-13 20:08:46,398 [pool-550-thread-1] INFO  server.RaftServerConfigKeys (ConfUtils.java:logGet(43)) - raft.server.rpcslowness.timeout = 120s (custom)
2019-11-13 20:08:46,398 [pool-550-thread-1] INFO  server.RaftServerConfigKeys (ConfUtils.java:logGet(43)) - raft.server.sleep.deviation.threshold = 300 (default)
2019-11-13 20:08:46,398 [pool-540-thread-1] INFO  impl.RaftServerImpl (RaftServerImpl.java:<init>(98)) - 020265cf-8215-4e82-9241-b31a46326517: new RaftServerImpl for group-83A883EAE087:[020265cf-8215-4e82-9241-b31a46326517:192.168.34.38:43042, 2f9d8c1e-934d-4d04-b20a-ee991adbbfce:192.168.34.38:42314, 4ac79741-1dc4-4e7a-a50d-ac53fab10d14:192.168.34.38:46397] with ContainerStateMachine:uninitialized
2019-11-13 20:08:46,398 [pool-550-thread-1] INFO  server.RaftServerConfigKeys (ConfUtils.java:logGet(43)) - raft.server.log.appender.install.snapshot.enabled = false (custom)
2019-11-13 20:08:46,399 [pool-540-thread-1] INFO  server.RaftServerConfigKeys (ConfUtils.java:logGet(43)) - raft.server.rpc.timeout.min = 1s (custom)
2019-11-13 20:08:46,399 [pool-550-thread-1] INFO  impl.RaftServerImpl (ServerState.java:<init>(103)) - 2f9d8c1e-934d-4d04-b20a-ee991adbbfce@group-83A883EAE087: ConfigurationManager, init=-1: [020265cf-8215-4e82-9241-b31a46326517:192.168.34.38:43042, 2f9d8c1e-934d-4d04-b20a-ee991adbbfce:192.168.34.38:42314, 4ac79741-1dc4-4e7a-a50d-ac53fab10d14:192.168.34.38:46397], old=null, confs=<EMPTY_MAP>
2019-11-13 20:08:46,399 [pool-560-thread-1] INFO  impl.RaftServerImpl (RaftServerImpl.java:<init>(98)) - 4ac79741-1dc4-4e7a-a50d-ac53fab10d14: new RaftServerImpl for group-83A883EAE087:[020265cf-8215-4e82-9241-b31a46326517:192.168.34.38:43042, 2f9d8c1e-934d-4d04-b20a-ee991adbbfce:192.168.34.38:42314, 4ac79741-1dc4-4e7a-a50d-ac53fab10d14:192.168.34.38:46397] with ContainerStateMachine:uninitialized
2019-11-13 20:08:46,399 [pool-550-thread-1] INFO  server.RaftServerConfigKeys (ConfUtils.java:logGet(43)) - raft.server.storage.dir = [/workdir/hadoop-ozone/integration-test/target/test-dir/MiniOzoneClusterImpl-89214370-af8c-46c8-b403-f68b2ae7a3e8/datanode-4/data/ratis] (custom)
2019-11-13 20:08:46,399 [pool-540-thread-1] INFO  server.RaftServerConfigKeys (ConfUtils.java:logGet(43)) - raft.server.rpc.timeout.max = 1200ms (custom)
2019-11-13 20:08:46,399 [pool-560-thread-1] INFO  server.RaftServerConfigKeys (ConfUtils.java:logGet(43)) - raft.server.rpc.timeout.min = 1s (custom)
2019-11-13 20:08:46,399 [pool-540-thread-1] INFO  server.RaftServerConfigKeys (ConfUtils.java:logGet(43)) - raft.server.rpcslowness.timeout = 120s (custom)
2019-11-13 20:08:46,399 [pool-550-thread-1] INFO  server.RaftServerConfigKeys (ConfUtils.java:logGet(43)) - raft.server.log.corruption.policy = EXCEPTION (default)
2019-11-13 20:08:46,399 [pool-560-thread-1] INFO  server.RaftServerConfigKeys (ConfUtils.java:logGet(43)) - raft.server.rpc.timeout.max = 1200ms (custom)
2019-11-13 20:08:46,399 [pool-540-thread-1] INFO  server.RaftServerConfigKeys (ConfUtils.java:logGet(43)) - raft.server.sleep.deviation.threshold = 300 (default)
2019-11-13 20:08:46,399 [pool-550-thread-1] INFO  storage.RaftStorageDirectory (RaftStorageDirectory.java:analyzeStorage(246)) - The storage directory /workdir/hadoop-ozone/integration-test/target/test-dir/MiniOzoneClusterImpl-89214370-af8c-46c8-b403-f68b2ae7a3e8/datanode-4/data/ratis/70665370-c894-4f18-9c48-83a883eae087 does not exist. Creating ...
2019-11-13 20:08:46,399 [pool-560-thread-1] INFO  server.RaftServerConfigKeys (ConfUtils.java:logGet(43)) - raft.server.rpcslowness.timeout = 120s (custom)
2019-11-13 20:08:46,399 [pool-540-thread-1] INFO  server.RaftServerConfigKeys (ConfUtils.java:logGet(43)) - raft.server.log.appender.install.snapshot.enabled = false (custom)
2019-11-13 20:08:46,399 [pool-560-thread-1] INFO  server.RaftServerConfigKeys (ConfUtils.java:logGet(43)) - raft.server.sleep.deviation.threshold = 300 (default)
2019-11-13 20:08:46,400 [pool-540-thread-1] INFO  impl.RaftServerImpl (ServerState.java:<init>(103)) - 020265cf-8215-4e82-9241-b31a46326517@group-83A883EAE087: ConfigurationManager, init=-1: [020265cf-8215-4e82-9241-b31a46326517:192.168.34.38:43042, 2f9d8c1e-934d-4d04-b20a-ee991adbbfce:192.168.34.38:42314, 4ac79741-1dc4-4e7a-a50d-ac53fab10d14:192.168.34.38:46397], old=null, confs=<EMPTY_MAP>
2019-11-13 20:08:46,400 [pool-560-thread-1] INFO  server.RaftServerConfigKeys (ConfUtils.java:logGet(43)) - raft.server.log.appender.install.snapshot.enabled = false (custom)
2019-11-13 20:08:46,400 [pool-540-thread-1] INFO  server.RaftServerConfigKeys (ConfUtils.java:logGet(43)) - raft.server.storage.dir = [/workdir/hadoop-ozone/integration-test/target/test-dir/MiniOzoneClusterImpl-89214370-af8c-46c8-b403-f68b2ae7a3e8/datanode-3/data/ratis] (custom)
2019-11-13 20:08:46,400 [pool-560-thread-1] INFO  impl.RaftServerImpl (ServerState.java:<init>(103)) - 4ac79741-1dc4-4e7a-a50d-ac53fab10d14@group-83A883EAE087: ConfigurationManager, init=-1: [020265cf-8215-4e82-9241-b31a46326517:192.168.34.38:43042, 2f9d8c1e-934d-4d04-b20a-ee991adbbfce:192.168.34.38:42314, 4ac79741-1dc4-4e7a-a50d-ac53fab10d14:192.168.34.38:46397], old=null, confs=<EMPTY_MAP>
2019-11-13 20:08:46,400 [pool-560-thread-1] INFO  server.RaftServerConfigKeys (ConfUtils.java:logGet(43)) - raft.server.storage.dir = [/workdir/hadoop-ozone/integration-test/target/test-dir/MiniOzoneClusterImpl-89214370-af8c-46c8-b403-f68b2ae7a3e8/datanode-5/data/ratis] (custom)
2019-11-13 20:08:46,400 [pool-540-thread-1] INFO  server.RaftServerConfigKeys (ConfUtils.java:logGet(43)) - raft.server.log.corruption.policy = EXCEPTION (default)
2019-11-13 20:08:46,400 [pool-560-thread-1] INFO  server.RaftServerConfigKeys (ConfUtils.java:logGet(43)) - raft.server.log.corruption.policy = EXCEPTION (default)
2019-11-13 20:08:46,400 [pool-540-thread-1] INFO  storage.RaftStorageDirectory (RaftStorageDirectory.java:analyzeStorage(246)) - The storage directory /workdir/hadoop-ozone/integration-test/target/test-dir/MiniOzoneClusterImpl-89214370-af8c-46c8-b403-f68b2ae7a3e8/datanode-3/data/ratis/70665370-c894-4f18-9c48-83a883eae087 does not exist. Creating ...
2019-11-13 20:08:46,400 [pool-560-thread-1] INFO  storage.RaftStorageDirectory (RaftStorageDirectory.java:analyzeStorage(246)) - The storage directory /workdir/hadoop-ozone/integration-test/target/test-dir/MiniOzoneClusterImpl-89214370-af8c-46c8-b403-f68b2ae7a3e8/datanode-5/data/ratis/70665370-c894-4f18-9c48-83a883eae087 does not exist. Creating ...
2019-11-13 20:08:46,413 [pool-550-thread-1] INFO  storage.RaftStorageDirectory (RaftStorageDirectory.java:tryLock(328)) - Lock on /workdir/hadoop-ozone/integration-test/target/test-dir/MiniOzoneClusterImpl-89214370-af8c-46c8-b403-f68b2ae7a3e8/datanode-4/data/ratis/70665370-c894-4f18-9c48-83a883eae087/in_use.lock acquired by nodename 29866@pr-hdds-2469-rfsxc-843238572
2019-11-13 20:08:46,413 [pool-560-thread-1] INFO  storage.RaftStorageDirectory (RaftStorageDirectory.java:tryLock(328)) - Lock on /workdir/hadoop-ozone/integration-test/target/test-dir/MiniOzoneClusterImpl-89214370-af8c-46c8-b403-f68b2ae7a3e8/datanode-5/data/ratis/70665370-c894-4f18-9c48-83a883eae087/in_use.lock acquired by nodename 29866@pr-hdds-2469-rfsxc-843238572
2019-11-13 20:08:46,413 [pool-540-thread-1] INFO  storage.RaftStorageDirectory (RaftStorageDirectory.java:tryLock(328)) - Lock on /workdir/hadoop-ozone/integration-test/target/test-dir/MiniOzoneClusterImpl-89214370-af8c-46c8-b403-f68b2ae7a3e8/datanode-3/data/ratis/70665370-c894-4f18-9c48-83a883eae087/in_use.lock acquired by nodename 29866@pr-hdds-2469-rfsxc-843238572
2019-11-13 20:08:46,426 [pool-550-thread-1] INFO  storage.RaftStorage (RaftStorage.java:format(84)) - Storage directory /workdir/hadoop-ozone/integration-test/target/test-dir/MiniOzoneClusterImpl-89214370-af8c-46c8-b403-f68b2ae7a3e8/datanode-4/data/ratis/70665370-c894-4f18-9c48-83a883eae087 has been successfully formatted.
2019-11-13 20:08:46,426 [pool-560-thread-1] INFO  storage.RaftStorage (RaftStorage.java:format(84)) - Storage directory /workdir/hadoop-ozone/integration-test/target/test-dir/MiniOzoneClusterImpl-89214370-af8c-46c8-b403-f68b2ae7a3e8/datanode-5/data/ratis/70665370-c894-4f18-9c48-83a883eae087 has been successfully formatted.
2019-11-13 20:08:46,426 [pool-540-thread-1] INFO  storage.RaftStorage (RaftStorage.java:format(84)) - Storage directory /workdir/hadoop-ozone/integration-test/target/test-dir/MiniOzoneClusterImpl-89214370-af8c-46c8-b403-f68b2ae7a3e8/datanode-3/data/ratis/70665370-c894-4f18-9c48-83a883eae087 has been successfully formatted.
2019-11-13 20:08:46,427 [pool-560-thread-1] INFO  ratis.ContainerStateMachine (ContainerStateMachine.java:loadSnapshot(223)) - group-83A883EAE087: The snapshot info is null. Setting the last applied indexto:(t:0, i:~)
2019-11-13 20:08:46,427 [pool-540-thread-1] INFO  ratis.ContainerStateMachine (ContainerStateMachine.java:loadSnapshot(223)) - group-83A883EAE087: The snapshot info is null. Setting the last applied indexto:(t:0, i:~)
2019-11-13 20:08:46,427 [pool-550-thread-1] INFO  ratis.ContainerStateMachine (ContainerStateMachine.java:loadSnapshot(223)) - group-83A883EAE087: The snapshot info is null. Setting the last applied indexto:(t:0, i:~)
2019-11-13 20:08:46,427 [pool-540-thread-1] INFO  server.RaftServerConfigKeys (ConfUtils.java:logGet(43)) - raft.server.notification.no-leader.timeout = 120s (custom)
2019-11-13 20:08:46,427 [pool-560-thread-1] INFO  server.RaftServerConfigKeys (ConfUtils.java:logGet(43)) - raft.server.notification.no-leader.timeout = 120s (custom)
2019-11-13 20:08:46,427 [pool-540-thread-1] INFO  server.RaftServerConfigKeys (ConfUtils.java:logGet(43)) - raft.server.log.use.memory = false (default)
2019-11-13 20:08:46,427 [pool-550-thread-1] INFO  server.RaftServerConfigKeys (ConfUtils.java:logGet(43)) - raft.server.notification.no-leader.timeout = 120s (custom)
2019-11-13 20:08:46,427 [pool-540-thread-1] INFO  server.RaftServerConfigKeys (ConfUtils.java:logGet(43)) - raft.server.log.purge.gap = 1000000 (custom)
2019-11-13 20:08:46,427 [pool-560-thread-1] INFO  server.RaftServerConfigKeys (ConfUtils.java:logGet(43)) - raft.server.log.use.memory = false (default)
2019-11-13 20:08:46,427 [pool-540-thread-1] INFO  server.RaftServerConfigKeys (ConfUtils.java:logGet(43)) - raft.server.log.appender.buffer.byte-limit = 33554432 (custom)
2019-11-13 20:08:46,427 [pool-550-thread-1] INFO  server.RaftServerConfigKeys (ConfUtils.java:logGet(43)) - raft.server.log.use.memory = false (default)
2019-11-13 20:08:46,428 [pool-540-thread-1] INFO  server.RaftServerConfigKeys (ConfUtils.java:logGet(43)) - raft.server.log.segment.size.max = 1048576 (custom)
2019-11-13 20:08:46,427 [pool-560-thread-1] INFO  server.RaftServerConfigKeys (ConfUtils.java:logGet(43)) - raft.server.log.purge.gap = 1000000 (custom)
2019-11-13 20:08:46,428 [pool-540-thread-1] INFO  server.RaftServerConfigKeys (ConfUtils.java:logGet(43)) - raft.server.log.segment.cache.num.max = 2 (custom)
2019-11-13 20:08:46,428 [pool-550-thread-1] INFO  server.RaftServerConfigKeys (ConfUtils.java:logGet(43)) - raft.server.log.purge.gap = 1000000 (custom)
2019-11-13 20:08:46,428 [pool-540-thread-1] INFO  segmented.SegmentedRaftLogWorker (SegmentedRaftLogWorker.java:<init>(173)) - new 020265cf-8215-4e82-9241-b31a46326517@group-83A883EAE087-SegmentedRaftLogWorker for RaftStorage:Storage Directory /workdir/hadoop-ozone/integration-test/target/test-dir/MiniOzoneClusterImpl-89214370-af8c-46c8-b403-f68b2ae7a3e8/datanode-3/data/ratis/70665370-c894-4f18-9c48-83a883eae087
2019-11-13 20:08:46,428 [pool-560-thread-1] INFO  server.RaftServerConfigKeys (ConfUtils.java:logGet(43)) - raft.server.log.appender.buffer.byte-limit = 33554432 (custom)
2019-11-13 20:08:46,428 [pool-540-thread-1] INFO  server.RaftServerConfigKeys (ConfUtils.java:logGet(43)) - raft.server.log.queue.byte-limit = 2147483647 (custom)
2019-11-13 20:08:46,428 [pool-550-thread-1] INFO  server.RaftServerConfigKeys (ConfUtils.java:logGet(43)) - raft.server.log.appender.buffer.byte-limit = 33554432 (custom)
2019-11-13 20:08:46,428 [pool-540-thread-1] INFO  server.RaftServerConfigKeys (ConfUtils.java:logGet(43)) - raft.server.log.queue.element-limit = 1024 (custom)
2019-11-13 20:08:46,428 [pool-560-thread-1] INFO  server.RaftServerConfigKeys (ConfUtils.java:logGet(43)) - raft.server.log.segment.size.max = 1048576 (custom)
2019-11-13 20:08:46,428 [pool-540-thread-1] INFO  server.RaftServerConfigKeys (ConfUtils.java:logGet(43)) - raft.server.log.segment.size.max = 1048576 (custom)
2019-11-13 20:08:46,428 [pool-550-thread-1] INFO  server.RaftServerConfigKeys (ConfUtils.java:logGet(43)) - raft.server.log.segment.size.max = 1048576 (custom)
2019-11-13 20:08:46,428 [pool-540-thread-1] INFO  server.RaftServerConfigKeys (ConfUtils.java:logGet(43)) - raft.server.log.preallocated.size = 16384 (custom)
2019-11-13 20:08:46,428 [pool-560-thread-1] INFO  server.RaftServerConfigKeys (ConfUtils.java:logGet(43)) - raft.server.log.segment.cache.num.max = 2 (custom)
2019-11-13 20:08:46,429 [pool-540-thread-1] INFO  server.RaftServerConfigKeys (ConfUtils.java:logGet(43)) - raft.server.log.write.buffer.size = 33554432 (custom)
2019-11-13 20:08:46,429 [pool-550-thread-1] INFO  server.RaftServerConfigKeys (ConfUtils.java:logGet(43)) - raft.server.log.segment.cache.num.max = 2 (custom)
2019-11-13 20:08:46,429 [pool-540-thread-1] INFO  server.RaftServerConfigKeys (ConfUtils.java:logGet(43)) - raft.server.log.force.sync.num = 128 (default)
2019-11-13 20:08:46,429 [pool-560-thread-1] INFO  segmented.SegmentedRaftLogWorker (SegmentedRaftLogWorker.java:<init>(173)) - new 4ac79741-1dc4-4e7a-a50d-ac53fab10d14@group-83A883EAE087-SegmentedRaftLogWorker for RaftStorage:Storage Directory /workdir/hadoop-ozone/integration-test/target/test-dir/MiniOzoneClusterImpl-89214370-af8c-46c8-b403-f68b2ae7a3e8/datanode-5/data/ratis/70665370-c894-4f18-9c48-83a883eae087
2019-11-13 20:08:46,429 [pool-540-thread-1] INFO  server.RaftServerConfigKeys (ConfUtils.java:logGet(43)) - raft.server.log.statemachine.data.sync = true (default)
2019-11-13 20:08:46,429 [pool-550-thread-1] INFO  segmented.SegmentedRaftLogWorker (SegmentedRaftLogWorker.java:<init>(173)) - new 2f9d8c1e-934d-4d04-b20a-ee991adbbfce@group-83A883EAE087-SegmentedRaftLogWorker for RaftStorage:Storage Directory /workdir/hadoop-ozone/integration-test/target/test-dir/MiniOzoneClusterImpl-89214370-af8c-46c8-b403-f68b2ae7a3e8/datanode-4/data/ratis/70665370-c894-4f18-9c48-83a883eae087
2019-11-13 20:08:46,429 [pool-540-thread-1] INFO  server.RaftServerConfigKeys (ConfUtils.java:logGet(43)) - raft.server.log.statemachine.data.sync.timeout = 10s (default)
2019-11-13 20:08:46,429 [pool-560-thread-1] INFO  server.RaftServerConfigKeys (ConfUtils.java:logGet(43)) - raft.server.log.queue.byte-limit = 2147483647 (custom)
2019-11-13 20:08:46,429 [pool-540-thread-1] INFO  server.RaftServerConfigKeys (ConfUtils.java:logGet(43)) - raft.server.log.statemachine.data.sync.timeout.retry = -1 (default)
2019-11-13 20:08:46,429 [pool-550-thread-1] INFO  server.RaftServerConfigKeys (ConfUtils.java:logGet(43)) - raft.server.log.queue.byte-limit = 2147483647 (custom)
2019-11-13 20:08:46,429 [pool-540-thread-1] INFO  server.RaftServerConfigKeys (ConfUtils.java:logGet(43)) - raft.server.log.statemachine.data.caching.enabled = true (custom)
2019-11-13 20:08:46,429 [pool-560-thread-1] INFO  server.RaftServerConfigKeys (ConfUtils.java:logGet(43)) - raft.server.log.queue.element-limit = 1024 (custom)
2019-11-13 20:08:46,430 [pool-550-thread-1] INFO  server.RaftServerConfigKeys (ConfUtils.java:logGet(43)) - raft.server.log.queue.element-limit = 1024 (custom)
2019-11-13 20:08:46,430 [pool-540-thread-1] INFO  segmented.SegmentedRaftLogWorker (SegmentedRaftLogWorker.java:lambda$new$0(128)) - 020265cf-8215-4e82-9241-b31a46326517@group-83A883EAE087-SegmentedRaftLogWorker: flushIndex: setUnconditionally 0 -> -1
2019-11-13 20:08:46,430 [pool-560-thread-1] INFO  server.RaftServerConfigKeys (ConfUtils.java:logGet(43)) - raft.server.log.segment.size.max = 1048576 (custom)
2019-11-13 20:08:46,430 [pool-550-thread-1] INFO  server.RaftServerConfigKeys (ConfUtils.java:logGet(43)) - raft.server.log.segment.size.max = 1048576 (custom)
2019-11-13 20:08:46,430 [pool-540-thread-1] INFO  server.RaftServerConfigKeys (ConfUtils.java:logGet(43)) - raft.server.snapshot.auto.trigger.enabled = true (custom)
2019-11-13 20:08:46,430 [pool-560-thread-1] INFO  server.RaftServerConfigKeys (ConfUtils.java:logGet(43)) - raft.server.log.preallocated.size = 16384 (custom)
2019-11-13 20:08:46,430 [pool-540-thread-1] INFO  server.RaftServerConfigKeys (ConfUtils.java:logGet(43)) - raft.server.snapshot.auto.trigger.threshold = 10000 (custom)
2019-11-13 20:08:46,430 [pool-550-thread-1] INFO  server.RaftServerConfigKeys (ConfUtils.java:logGet(43)) - raft.server.log.preallocated.size = 16384 (custom)
2019-11-13 20:08:46,430 [pool-540-thread-1] INFO  server.RaftServerConfigKeys (ConfUtils.java:logGet(43)) - raft.server.snapshot.retention.file.num = 5 (custom)
2019-11-13 20:08:46,430 [pool-560-thread-1] INFO  server.RaftServerConfigKeys (ConfUtils.java:logGet(43)) - raft.server.log.write.buffer.size = 33554432 (custom)
2019-11-13 20:08:46,430 [pool-540-thread-1] INFO  server.RaftServerConfigKeys (ConfUtils.java:logGet(43)) - raft.server.retrycache.expirytime = 600000ms (custom)
2019-11-13 20:08:46,430 [pool-550-thread-1] INFO  server.RaftServerConfigKeys (ConfUtils.java:logGet(43)) - raft.server.log.write.buffer.size = 33554432 (custom)
2019-11-13 20:08:46,431 [pool-540-thread-1] WARN  impl.MetricRegistriesImpl (MetricRegistriesImpl.java:lambda$create$1(61)) - First MetricRegistry has been created without registering reporters. You may need to call MetricRegistries.global().addReportRegistration(...) before.
2019-11-13 20:08:46,430 [pool-560-thread-1] INFO  server.RaftServerConfigKeys (ConfUtils.java:logGet(43)) - raft.server.log.force.sync.num = 128 (default)
2019-11-13 20:08:46,431 [pool-540-thread-1] WARN  impl.MetricRegistriesImpl (MetricRegistriesImpl.java:lambda$create$1(61)) - First MetricRegistry has been created without registering reporters. You may need to call MetricRegistries.global().addReportRegistration(...) before.
2019-11-13 20:08:46,431 [pool-550-thread-1] INFO  server.RaftServerConfigKeys (ConfUtils.java:logGet(43)) - raft.server.log.force.sync.num = 128 (default)
2019-11-13 20:08:46,431 [pool-540-thread-1] INFO  impl.RaftServerImpl (RaftServerImpl.java:start(184)) - 020265cf-8215-4e82-9241-b31a46326517@group-83A883EAE087: start as a follower, conf=-1: [020265cf-8215-4e82-9241-b31a46326517:192.168.34.38:43042, 2f9d8c1e-934d-4d04-b20a-ee991adbbfce:192.168.34.38:42314, 4ac79741-1dc4-4e7a-a50d-ac53fab10d14:192.168.34.38:46397], old=null
2019-11-13 20:08:46,431 [pool-560-thread-1] INFO  server.RaftServerConfigKeys (ConfUtils.java:logGet(43)) - raft.server.log.statemachine.data.sync = true (default)
2019-11-13 20:08:46,431 [pool-540-thread-1] INFO  impl.RaftServerImpl (RaftServerImpl.java:setRole(173)) - 020265cf-8215-4e82-9241-b31a46326517@group-83A883EAE087: changes role from      null to FOLLOWER at term 0 for startAsFollower
2019-11-13 20:08:46,431 [pool-550-thread-1] INFO  server.RaftServerConfigKeys (ConfUtils.java:logGet(43)) - raft.server.log.statemachine.data.sync = true (default)
2019-11-13 20:08:46,431 [pool-540-thread-1] INFO  impl.RoleInfo (RoleInfo.java:updateAndGet(143)) - 020265cf-8215-4e82-9241-b31a46326517: start FollowerState
2019-11-13 20:08:46,431 [pool-560-thread-1] INFO  server.RaftServerConfigKeys (ConfUtils.java:logGet(43)) - raft.server.log.statemachine.data.sync.timeout = 10s (default)
2019-11-13 20:08:46,431 [pool-550-thread-1] INFO  server.RaftServerConfigKeys (ConfUtils.java:logGet(43)) - raft.server.log.statemachine.data.sync.timeout = 10s (default)
2019-11-13 20:08:46,431 [pool-560-thread-1] INFO  server.RaftServerConfigKeys (ConfUtils.java:logGet(43)) - raft.server.log.statemachine.data.sync.timeout.retry = -1 (default)
2019-11-13 20:08:46,432 [pool-540-thread-1] INFO  util.JmxRegister (JmxRegister.java:tryRegister(44)) - Successfully registered JMX Bean with object name Ratis:service=RaftServer,group=group-83A883EAE087,id=020265cf-8215-4e82-9241-b31a46326517
2019-11-13 20:08:46,432 [pool-550-thread-1] INFO  server.RaftServerConfigKeys (ConfUtils.java:logGet(43)) - raft.server.log.statemachine.data.sync.timeout.retry = -1 (default)
2019-11-13 20:08:46,432 [pool-540-thread-1] WARN  impl.MetricRegistriesImpl (MetricRegistriesImpl.java:lambda$create$1(61)) - First MetricRegistry has been created without registering reporters. You may need to call MetricRegistries.global().addReportRegistration(...) before.
2019-11-13 20:08:46,432 [pool-560-thread-1] INFO  server.RaftServerConfigKeys (ConfUtils.java:logGet(43)) - raft.server.log.statemachine.data.caching.enabled = true (custom)
2019-11-13 20:08:46,432 [pool-550-thread-1] INFO  server.RaftServerConfigKeys (ConfUtils.java:logGet(43)) - raft.server.log.statemachine.data.caching.enabled = true (custom)
2019-11-13 20:08:46,432 [pool-560-thread-1] INFO  segmented.SegmentedRaftLogWorker (SegmentedRaftLogWorker.java:lambda$new$0(128)) - 4ac79741-1dc4-4e7a-a50d-ac53fab10d14@group-83A883EAE087-SegmentedRaftLogWorker: flushIndex: setUnconditionally 0 -> -1
2019-11-13 20:08:46,432 [pool-550-thread-1] INFO  segmented.SegmentedRaftLogWorker (SegmentedRaftLogWorker.java:lambda$new$0(128)) - 2f9d8c1e-934d-4d04-b20a-ee991adbbfce@group-83A883EAE087-SegmentedRaftLogWorker: flushIndex: setUnconditionally 0 -> -1
2019-11-13 20:08:46,432 [pool-560-thread-1] INFO  server.RaftServerConfigKeys (ConfUtils.java:logGet(43)) - raft.server.snapshot.auto.trigger.enabled = true (custom)
2019-11-13 20:08:46,432 [pool-560-thread-1] INFO  server.RaftServerConfigKeys (ConfUtils.java:logGet(43)) - raft.server.snapshot.auto.trigger.threshold = 10000 (custom)
2019-11-13 20:08:46,432 [pool-550-thread-1] INFO  server.RaftServerConfigKeys (ConfUtils.java:logGet(43)) - raft.server.snapshot.auto.trigger.enabled = true (custom)
2019-11-13 20:08:46,432 [pool-560-thread-1] INFO  server.RaftServerConfigKeys (ConfUtils.java:logGet(43)) - raft.server.snapshot.retention.file.num = 5 (custom)
2019-11-13 20:08:46,433 [pool-550-thread-1] INFO  server.RaftServerConfigKeys (ConfUtils.java:logGet(43)) - raft.server.snapshot.auto.trigger.threshold = 10000 (custom)
2019-11-13 20:08:46,433 [pool-560-thread-1] INFO  server.RaftServerConfigKeys (ConfUtils.java:logGet(43)) - raft.server.retrycache.expirytime = 600000ms (custom)
2019-11-13 20:08:46,433 [pool-550-thread-1] INFO  server.RaftServerConfigKeys (ConfUtils.java:logGet(43)) - raft.server.snapshot.retention.file.num = 5 (custom)
2019-11-13 20:08:46,433 [pool-560-thread-1] WARN  impl.MetricRegistriesImpl (MetricRegistriesImpl.java:lambda$create$1(61)) - First MetricRegistry has been created without registering reporters. You may need to call MetricRegistries.global().addReportRegistration(...) before.
2019-11-13 20:08:46,433 [pool-550-thread-1] INFO  server.RaftServerConfigKeys (ConfUtils.java:logGet(43)) - raft.server.retrycache.expirytime = 600000ms (custom)
2019-11-13 20:08:46,433 [pool-560-thread-1] WARN  impl.MetricRegistriesImpl (MetricRegistriesImpl.java:lambda$create$1(61)) - First MetricRegistry has been created without registering reporters. You may need to call MetricRegistries.global().addReportRegistration(...) before.
2019-11-13 20:08:46,433 [pool-550-thread-1] WARN  impl.MetricRegistriesImpl (MetricRegistriesImpl.java:lambda$create$1(61)) - First MetricRegistry has been created without registering reporters. You may need to call MetricRegistries.global().addReportRegistration(...) before.
2019-11-13 20:08:46,433 [pool-550-thread-1] WARN  impl.MetricRegistriesImpl (MetricRegistriesImpl.java:lambda$create$1(61)) - First MetricRegistry has been created without registering reporters. You may need to call MetricRegistries.global().addReportRegistration(...) before.
2019-11-13 20:08:46,433 [pool-560-thread-1] INFO  impl.RaftServerImpl (RaftServerImpl.java:start(184)) - 4ac79741-1dc4-4e7a-a50d-ac53fab10d14@group-83A883EAE087: start as a follower, conf=-1: [020265cf-8215-4e82-9241-b31a46326517:192.168.34.38:43042, 2f9d8c1e-934d-4d04-b20a-ee991adbbfce:192.168.34.38:42314, 4ac79741-1dc4-4e7a-a50d-ac53fab10d14:192.168.34.38:46397], old=null
2019-11-13 20:08:46,433 [pool-550-thread-1] INFO  impl.RaftServerImpl (RaftServerImpl.java:start(184)) - 2f9d8c1e-934d-4d04-b20a-ee991adbbfce@group-83A883EAE087: start as a follower, conf=-1: [020265cf-8215-4e82-9241-b31a46326517:192.168.34.38:43042, 2f9d8c1e-934d-4d04-b20a-ee991adbbfce:192.168.34.38:42314, 4ac79741-1dc4-4e7a-a50d-ac53fab10d14:192.168.34.38:46397], old=null
2019-11-13 20:08:46,433 [pool-560-thread-1] INFO  impl.RaftServerImpl (RaftServerImpl.java:setRole(173)) - 4ac79741-1dc4-4e7a-a50d-ac53fab10d14@group-83A883EAE087: changes role from      null to FOLLOWER at term 0 for startAsFollower
2019-11-13 20:08:46,433 [pool-550-thread-1] INFO  impl.RaftServerImpl (RaftServerImpl.java:setRole(173)) - 2f9d8c1e-934d-4d04-b20a-ee991adbbfce@group-83A883EAE087: changes role from      null to FOLLOWER at term 0 for startAsFollower
2019-11-13 20:08:46,433 [pool-560-thread-1] INFO  impl.RoleInfo (RoleInfo.java:updateAndGet(143)) - 4ac79741-1dc4-4e7a-a50d-ac53fab10d14: start FollowerState
2019-11-13 20:08:46,434 [pool-550-thread-1] INFO  impl.RoleInfo (RoleInfo.java:updateAndGet(143)) - 2f9d8c1e-934d-4d04-b20a-ee991adbbfce: start FollowerState
2019-11-13 20:08:46,434 [pool-560-thread-1] INFO  util.JmxRegister (JmxRegister.java:tryRegister(44)) - Successfully registered JMX Bean with object name Ratis:service=RaftServer,group=group-83A883EAE087,id=4ac79741-1dc4-4e7a-a50d-ac53fab10d14
2019-11-13 20:08:46,434 [pool-550-thread-1] INFO  util.JmxRegister (JmxRegister.java:tryRegister(44)) - Successfully registered JMX Bean with object name Ratis:service=RaftServer,group=group-83A883EAE087,id=2f9d8c1e-934d-4d04-b20a-ee991adbbfce
2019-11-13 20:08:46,434 [pool-560-thread-1] WARN  impl.MetricRegistriesImpl (MetricRegistriesImpl.java:lambda$create$1(61)) - First MetricRegistry has been created without registering reporters. You may need to call MetricRegistries.global().addReportRegistration(...) before.
2019-11-13 20:08:46,434 [pool-550-thread-1] WARN  impl.MetricRegistriesImpl (MetricRegistriesImpl.java:lambda$create$1(61)) - First MetricRegistry has been created without registering reporters. You may need to call MetricRegistries.global().addReportRegistration(...) before.
2019-11-13 20:08:46,436 [RatisPipelineUtilsThread] INFO  pipeline.PipelineStateManager (PipelineStateManager.java:addPipeline(55)) - Created pipeline Pipeline[ Id: 70665370-c894-4f18-9c48-83a883eae087, Nodes: 4ac79741-1dc4-4e7a-a50d-ac53fab10d14{ip: 192.168.34.38, host: pr-hdds-2469-rfsxc-843238572, networkLocation: /rack1, certSerialId: null}020265cf-8215-4e82-9241-b31a46326517{ip: 192.168.34.38, host: pr-hdds-2469-rfsxc-843238572, networkLocation: /rack1, certSerialId: null}2f9d8c1e-934d-4d04-b20a-ee991adbbfce{ip: 192.168.34.38, host: pr-hdds-2469-rfsxc-843238572, networkLocation: /rack1, certSerialId: null}, Type:RATIS, Factor:THREE, State:ALLOCATED]
2019-11-13 20:08:46,997 [Thread-4829] INFO  impl.FollowerState (FollowerState.java:run(111)) - d9031576-438e-4c71-bddc-2fb75a9376b9@group-BD8D899F1765-FollowerState: change to CANDIDATE, lastRpcTime:1034ms, electionTimeout:1034ms
2019-11-13 20:08:46,997 [Thread-4829] INFO  impl.RoleInfo (RoleInfo.java:shutdownFollowerState(121)) - d9031576-438e-4c71-bddc-2fb75a9376b9: shutdown FollowerState
2019-11-13 20:08:46,997 [Thread-4829] INFO  impl.RaftServerImpl (RaftServerImpl.java:setRole(173)) - d9031576-438e-4c71-bddc-2fb75a9376b9@group-BD8D899F1765: changes role from  FOLLOWER to CANDIDATE at term 0 for changeToCandidate
2019-11-13 20:08:46,997 [Thread-4829] INFO  impl.RoleInfo (RoleInfo.java:updateAndGet(143)) - d9031576-438e-4c71-bddc-2fb75a9376b9: start LeaderElection
2019-11-13 20:08:47,024 [d9031576-438e-4c71-bddc-2fb75a9376b9@group-BD8D899F1765-LeaderElection149] INFO  impl.LeaderElection (LeaderElection.java:askForVotes(178)) - d9031576-438e-4c71-bddc-2fb75a9376b9@group-BD8D899F1765-LeaderElection149: begin an election at term 1 for -1: [d9031576-438e-4c71-bddc-2fb75a9376b9:192.168.34.38:45924], old=null
2019-11-13 20:08:47,024 [d9031576-438e-4c71-bddc-2fb75a9376b9@group-BD8D899F1765-LeaderElection149] INFO  impl.RoleInfo (RoleInfo.java:shutdownLeaderElection(134)) - d9031576-438e-4c71-bddc-2fb75a9376b9: shutdown LeaderElection
2019-11-13 20:08:47,024 [d9031576-438e-4c71-bddc-2fb75a9376b9@group-BD8D899F1765-LeaderElection149] INFO  impl.RaftServerImpl (RaftServerImpl.java:setRole(173)) - d9031576-438e-4c71-bddc-2fb75a9376b9@group-BD8D899F1765: changes role from CANDIDATE to LEADER at term 1 for changeToLeader
2019-11-13 20:08:47,024 [d9031576-438e-4c71-bddc-2fb75a9376b9@group-BD8D899F1765-LeaderElection149] INFO  ratis.XceiverServerRatis (XceiverServerRatis.java:handleLeaderChangedNotification(697)) - Leader change notification received for group: group-BD8D899F1765 with new leaderId: d9031576-438e-4c71-bddc-2fb75a9376b9
2019-11-13 20:08:47,024 [d9031576-438e-4c71-bddc-2fb75a9376b9@group-BD8D899F1765-LeaderElection149] INFO  impl.RaftServerImpl (ServerState.java:setLeader(255)) - d9031576-438e-4c71-bddc-2fb75a9376b9@group-BD8D899F1765: change Leader from null to d9031576-438e-4c71-bddc-2fb75a9376b9 at term 1 for becomeLeader, leader elected after 1063ms
2019-11-13 20:08:47,024 [d9031576-438e-4c71-bddc-2fb75a9376b9@group-BD8D899F1765-LeaderElection149] INFO  server.RaftServerConfigKeys (ConfUtils.java:logGet(43)) - raft.server.staging.catchup.gap = 1000 (default)
2019-11-13 20:08:47,024 [d9031576-438e-4c71-bddc-2fb75a9376b9@group-BD8D899F1765-LeaderElection149] INFO  server.RaftServerConfigKeys (ConfUtils.java:logGet(43)) - raft.server.rpc.sleep.time = 25ms (default)
2019-11-13 20:08:47,025 [d9031576-438e-4c71-bddc-2fb75a9376b9@group-BD8D899F1765-LeaderElection149] INFO  server.RaftServerConfigKeys (ConfUtils.java:logGet(43)) - raft.server.write.element-limit = 4096 (default)
2019-11-13 20:08:47,025 [d9031576-438e-4c71-bddc-2fb75a9376b9@group-BD8D899F1765-LeaderElection149] INFO  server.RaftServerConfigKeys (ConfUtils.java:logGet(43)) - raft.server.watch.timeout = 10s (default)
2019-11-13 20:08:47,025 [d9031576-438e-4c71-bddc-2fb75a9376b9@group-BD8D899F1765-LeaderElection149] INFO  server.RaftServerConfigKeys (ConfUtils.java:logGet(43)) - raft.server.watch.timeout.denomination = 1s (default)
2019-11-13 20:08:47,025 [EventQueue-PipelineReportForPipelineReportHandler] INFO  pipeline.PipelineStateManager (PipelineStateManager.java:openPipeline(134)) - Pipeline Pipeline[ Id: 93e05e77-3813-4e48-969f-bd8d899f1765, Nodes: d9031576-438e-4c71-bddc-2fb75a9376b9{ip: 192.168.34.38, host: pr-hdds-2469-rfsxc-843238572, networkLocation: /rack1, certSerialId: null}, Type:RATIS, Factor:ONE, State:OPEN] moved to OPEN state
2019-11-13 20:08:47,025 [d9031576-438e-4c71-bddc-2fb75a9376b9@group-BD8D899F1765-LeaderElection149] INFO  server.RaftServerConfigKeys (ConfUtils.java:logGet(43)) - raft.server.watch.element-limit = 65536 (default)
2019-11-13 20:08:47,025 [d9031576-438e-4c71-bddc-2fb75a9376b9@group-BD8D899F1765-LeaderElection149] INFO  impl.RoleInfo (RoleInfo.java:updateAndGet(143)) - d9031576-438e-4c71-bddc-2fb75a9376b9: start LeaderState
2019-11-13 20:08:47,025 [d9031576-438e-4c71-bddc-2fb75a9376b9@group-BD8D899F1765-LeaderElection149] INFO  segmented.SegmentedRaftLogWorker (SegmentedRaftLogWorker.java:startLogSegment(385)) - d9031576-438e-4c71-bddc-2fb75a9376b9@group-BD8D899F1765-SegmentedRaftLogWorker: Starting segment from index:0
2019-11-13 20:08:47,026 [d9031576-438e-4c71-bddc-2fb75a9376b9@group-BD8D899F1765-LeaderElection149] INFO  impl.RaftServerImpl (ServerState.java:setRaftConf(356)) - d9031576-438e-4c71-bddc-2fb75a9376b9@group-BD8D899F1765: set configuration 0: [d9031576-438e-4c71-bddc-2fb75a9376b9:192.168.34.38:45924], old=null at 0
2019-11-13 20:08:47,056 [Thread-4826] INFO  impl.FollowerState (FollowerState.java:run(111)) - 7ba2007b-7453-4993-98f1-4fc841af859b@group-97BB80F3E221-FollowerState: change to CANDIDATE, lastRpcTime:1129ms, electionTimeout:1105ms
2019-11-13 20:08:47,056 [Thread-4826] INFO  impl.RoleInfo (RoleInfo.java:shutdownFollowerState(121)) - 7ba2007b-7453-4993-98f1-4fc841af859b: shutdown FollowerState
2019-11-13 20:08:47,056 [Thread-4826] INFO  impl.RaftServerImpl (RaftServerImpl.java:setRole(173)) - 7ba2007b-7453-4993-98f1-4fc841af859b@group-97BB80F3E221: changes role from  FOLLOWER to CANDIDATE at term 0 for changeToCandidate
2019-11-13 20:08:47,056 [Thread-4826] INFO  impl.RoleInfo (RoleInfo.java:updateAndGet(143)) - 7ba2007b-7453-4993-98f1-4fc841af859b: start LeaderElection
2019-11-13 20:08:47,069 [d9031576-438e-4c71-bddc-2fb75a9376b9@group-BD8D899F1765-SegmentedRaftLogWorker] INFO  segmented.SegmentedRaftLogWorker (SegmentedRaftLogWorker.java:execute(576)) - d9031576-438e-4c71-bddc-2fb75a9376b9@group-BD8D899F1765-SegmentedRaftLogWorker: created new log segment /workdir/hadoop-ozone/integration-test/target/test-dir/MiniOzoneClusterImpl-89214370-af8c-46c8-b403-f68b2ae7a3e8/datanode-1/data/ratis/93e05e77-3813-4e48-969f-bd8d899f1765/current/log_inprogress_0
2019-11-13 20:08:47,096 [7ba2007b-7453-4993-98f1-4fc841af859b@group-97BB80F3E221-LeaderElection150] INFO  impl.LeaderElection (LeaderElection.java:askForVotes(178)) - 7ba2007b-7453-4993-98f1-4fc841af859b@group-97BB80F3E221-LeaderElection150: begin an election at term 1 for -1: [7ba2007b-7453-4993-98f1-4fc841af859b:192.168.34.38:37487], old=null
2019-11-13 20:08:47,097 [7ba2007b-7453-4993-98f1-4fc841af859b@group-97BB80F3E221-LeaderElection150] INFO  impl.RoleInfo (RoleInfo.java:shutdownLeaderElection(134)) - 7ba2007b-7453-4993-98f1-4fc841af859b: shutdown LeaderElection
2019-11-13 20:08:47,097 [7ba2007b-7453-4993-98f1-4fc841af859b@group-97BB80F3E221-LeaderElection150] INFO  impl.RaftServerImpl (RaftServerImpl.java:setRole(173)) - 7ba2007b-7453-4993-98f1-4fc841af859b@group-97BB80F3E221: changes role from CANDIDATE to LEADER at term 1 for changeToLeader
2019-11-13 20:08:47,097 [7ba2007b-7453-4993-98f1-4fc841af859b@group-97BB80F3E221-LeaderElection150] INFO  ratis.XceiverServerRatis (XceiverServerRatis.java:handleLeaderChangedNotification(697)) - Leader change notification received for group: group-97BB80F3E221 with new leaderId: 7ba2007b-7453-4993-98f1-4fc841af859b
2019-11-13 20:08:47,100 [7ba2007b-7453-4993-98f1-4fc841af859b@group-97BB80F3E221-LeaderElection150] INFO  impl.RaftServerImpl (ServerState.java:setLeader(255)) - 7ba2007b-7453-4993-98f1-4fc841af859b@group-97BB80F3E221: change Leader from null to 7ba2007b-7453-4993-98f1-4fc841af859b at term 1 for becomeLeader, leader elected after 1174ms
2019-11-13 20:08:47,100 [7ba2007b-7453-4993-98f1-4fc841af859b@group-97BB80F3E221-LeaderElection150] INFO  server.RaftServerConfigKeys (ConfUtils.java:logGet(43)) - raft.server.staging.catchup.gap = 1000 (default)
2019-11-13 20:08:47,100 [7ba2007b-7453-4993-98f1-4fc841af859b@group-97BB80F3E221-LeaderElection150] INFO  server.RaftServerConfigKeys (ConfUtils.java:logGet(43)) - raft.server.rpc.sleep.time = 25ms (default)
2019-11-13 20:08:47,100 [7ba2007b-7453-4993-98f1-4fc841af859b@group-97BB80F3E221-LeaderElection150] INFO  server.RaftServerConfigKeys (ConfUtils.java:logGet(43)) - raft.server.write.element-limit = 4096 (default)
2019-11-13 20:08:47,100 [7ba2007b-7453-4993-98f1-4fc841af859b@group-97BB80F3E221-LeaderElection150] INFO  server.RaftServerConfigKeys (ConfUtils.java:logGet(43)) - raft.server.watch.timeout = 10s (default)
2019-11-13 20:08:47,100 [7ba2007b-7453-4993-98f1-4fc841af859b@group-97BB80F3E221-LeaderElection150] INFO  server.RaftServerConfigKeys (ConfUtils.java:logGet(43)) - raft.server.watch.timeout.denomination = 1s (default)
2019-11-13 20:08:47,100 [7ba2007b-7453-4993-98f1-4fc841af859b@group-97BB80F3E221-LeaderElection150] INFO  server.RaftServerConfigKeys (ConfUtils.java:logGet(43)) - raft.server.watch.element-limit = 65536 (default)
2019-11-13 20:08:47,101 [7ba2007b-7453-4993-98f1-4fc841af859b@group-97BB80F3E221-LeaderElection150] INFO  impl.RoleInfo (RoleInfo.java:updateAndGet(143)) - 7ba2007b-7453-4993-98f1-4fc841af859b: start LeaderState
2019-11-13 20:08:47,101 [EventQueue-PipelineReportForPipelineReportHandler] INFO  pipeline.PipelineStateManager (PipelineStateManager.java:openPipeline(134)) - Pipeline Pipeline[ Id: d064c726-85e8-4977-94a6-97bb80f3e221, Nodes: 7ba2007b-7453-4993-98f1-4fc841af859b{ip: 192.168.34.38, host: pr-hdds-2469-rfsxc-843238572, networkLocation: /rack1, certSerialId: null}, Type:RATIS, Factor:ONE, State:OPEN] moved to OPEN state
2019-11-13 20:08:47,101 [7ba2007b-7453-4993-98f1-4fc841af859b@group-97BB80F3E221-LeaderElection150] INFO  segmented.SegmentedRaftLogWorker (SegmentedRaftLogWorker.java:startLogSegment(385)) - 7ba2007b-7453-4993-98f1-4fc841af859b@group-97BB80F3E221-SegmentedRaftLogWorker: Starting segment from index:0
2019-11-13 20:08:47,101 [7ba2007b-7453-4993-98f1-4fc841af859b@group-97BB80F3E221-LeaderElection150] INFO  impl.RaftServerImpl (ServerState.java:setRaftConf(356)) - 7ba2007b-7453-4993-98f1-4fc841af859b@group-97BB80F3E221: set configuration 0: [7ba2007b-7453-4993-98f1-4fc841af859b:192.168.34.38:37487], old=null at 0
2019-11-13 20:08:47,125 [Thread-4843] INFO  impl.FollowerState (FollowerState.java:run(111)) - 63348c40-6caf-45cd-85ad-36e15dedc157@group-7A5735C625A6-FollowerState: change to CANDIDATE, lastRpcTime:1026ms, electionTimeout:1006ms
2019-11-13 20:08:47,126 [Thread-4843] INFO  impl.RoleInfo (RoleInfo.java:shutdownFollowerState(121)) - 63348c40-6caf-45cd-85ad-36e15dedc157: shutdown FollowerState
2019-11-13 20:08:47,126 [Thread-4843] INFO  impl.RaftServerImpl (RaftServerImpl.java:setRole(173)) - 63348c40-6caf-45cd-85ad-36e15dedc157@group-7A5735C625A6: changes role from  FOLLOWER to CANDIDATE at term 0 for changeToCandidate
2019-11-13 20:08:47,126 [Thread-4843] INFO  impl.RoleInfo (RoleInfo.java:updateAndGet(143)) - 63348c40-6caf-45cd-85ad-36e15dedc157: start LeaderElection
2019-11-13 20:08:47,139 [7ba2007b-7453-4993-98f1-4fc841af859b@group-97BB80F3E221-SegmentedRaftLogWorker] INFO  segmented.SegmentedRaftLogWorker (SegmentedRaftLogWorker.java:execute(576)) - 7ba2007b-7453-4993-98f1-4fc841af859b@group-97BB80F3E221-SegmentedRaftLogWorker: created new log segment /workdir/hadoop-ozone/integration-test/target/test-dir/MiniOzoneClusterImpl-89214370-af8c-46c8-b403-f68b2ae7a3e8/datanode-9/data/ratis/d064c726-85e8-4977-94a6-97bb80f3e221/current/log_inprogress_0
2019-11-13 20:08:47,139 [63348c40-6caf-45cd-85ad-36e15dedc157@group-7A5735C625A6-LeaderElection151] INFO  impl.LeaderElection (LeaderElection.java:askForVotes(178)) - 63348c40-6caf-45cd-85ad-36e15dedc157@group-7A5735C625A6-LeaderElection151: begin an election at term 1 for -1: [63348c40-6caf-45cd-85ad-36e15dedc157:192.168.34.38:33072, 7ba2007b-7453-4993-98f1-4fc841af859b:192.168.34.38:37487, d9031576-438e-4c71-bddc-2fb75a9376b9:192.168.34.38:45924], old=null
2019-11-13 20:08:47,144 [grpc-default-executor-16] INFO  impl.RaftServerImpl (RaftServerImpl.java:setRole(173)) - d9031576-438e-4c71-bddc-2fb75a9376b9@group-7A5735C625A6: changes role from  FOLLOWER to FOLLOWER at term 1 for recognizeCandidate:63348c40-6caf-45cd-85ad-36e15dedc157
2019-11-13 20:08:47,144 [grpc-default-executor-16] INFO  impl.RoleInfo (RoleInfo.java:shutdownFollowerState(121)) - d9031576-438e-4c71-bddc-2fb75a9376b9: shutdown FollowerState
2019-11-13 20:08:47,144 [Thread-4842] INFO  impl.FollowerState (FollowerState.java:run(120)) - d9031576-438e-4c71-bddc-2fb75a9376b9@group-7A5735C625A6-FollowerState was interrupted: java.lang.InterruptedException: sleep interrupted
2019-11-13 20:08:47,144 [grpc-default-executor-16] INFO  impl.RoleInfo (RoleInfo.java:updateAndGet(143)) - d9031576-438e-4c71-bddc-2fb75a9376b9: start FollowerState
2019-11-13 20:08:47,145 [grpc-default-executor-10] INFO  impl.RaftServerImpl (RaftServerImpl.java:setRole(173)) - 7ba2007b-7453-4993-98f1-4fc841af859b@group-7A5735C625A6: changes role from  FOLLOWER to FOLLOWER at term 1 for recognizeCandidate:63348c40-6caf-45cd-85ad-36e15dedc157
2019-11-13 20:08:47,145 [grpc-default-executor-10] INFO  impl.RoleInfo (RoleInfo.java:shutdownFollowerState(121)) - 7ba2007b-7453-4993-98f1-4fc841af859b: shutdown FollowerState
2019-11-13 20:08:47,145 [grpc-default-executor-10] INFO  impl.RoleInfo (RoleInfo.java:updateAndGet(143)) - 7ba2007b-7453-4993-98f1-4fc841af859b: start FollowerState
2019-11-13 20:08:47,145 [Thread-4848] INFO  impl.FollowerState (FollowerState.java:run(120)) - 7ba2007b-7453-4993-98f1-4fc841af859b@group-7A5735C625A6-FollowerState was interrupted: java.lang.InterruptedException: sleep interrupted
2019-11-13 20:08:47,161 [Thread-4838] INFO  impl.FollowerState (FollowerState.java:run(111)) - 4ac79741-1dc4-4e7a-a50d-ac53fab10d14@group-3A218545D5B3-FollowerState: change to CANDIDATE, lastRpcTime:1106ms, electionTimeout:1106ms
2019-11-13 20:08:47,161 [Thread-4838] INFO  impl.RoleInfo (RoleInfo.java:shutdownFollowerState(121)) - 4ac79741-1dc4-4e7a-a50d-ac53fab10d14: shutdown FollowerState
2019-11-13 20:08:47,161 [Thread-4838] INFO  impl.RaftServerImpl (RaftServerImpl.java:setRole(173)) - 4ac79741-1dc4-4e7a-a50d-ac53fab10d14@group-3A218545D5B3: changes role from  FOLLOWER to CANDIDATE at term 0 for changeToCandidate
2019-11-13 20:08:47,162 [Thread-4838] INFO  impl.RoleInfo (RoleInfo.java:updateAndGet(143)) - 4ac79741-1dc4-4e7a-a50d-ac53fab10d14: start LeaderElection
2019-11-13 20:08:47,176 [Thread-4833] INFO  impl.FollowerState (FollowerState.java:run(111)) - 63348c40-6caf-45cd-85ad-36e15dedc157@group-2E3EC34D3C39-FollowerState: change to CANDIDATE, lastRpcTime:1156ms, electionTimeout:1156ms
2019-11-13 20:08:47,176 [Thread-4833] INFO  impl.RoleInfo (RoleInfo.java:shutdownFollowerState(121)) - 63348c40-6caf-45cd-85ad-36e15dedc157: shutdown FollowerState
2019-11-13 20:08:47,176 [Thread-4833] INFO  impl.RaftServerImpl (RaftServerImpl.java:setRole(173)) - 63348c40-6caf-45cd-85ad-36e15dedc157@group-2E3EC34D3C39: changes role from  FOLLOWER to CANDIDATE at term 0 for changeToCandidate
2019-11-13 20:08:47,177 [Thread-4833] INFO  impl.RoleInfo (RoleInfo.java:updateAndGet(143)) - 63348c40-6caf-45cd-85ad-36e15dedc157: start LeaderElection
2019-11-13 20:08:47,180 [4ac79741-1dc4-4e7a-a50d-ac53fab10d14@group-3A218545D5B3-LeaderElection152] INFO  impl.LeaderElection (LeaderElection.java:askForVotes(178)) - 4ac79741-1dc4-4e7a-a50d-ac53fab10d14@group-3A218545D5B3-LeaderElection152: begin an election at term 1 for -1: [4ac79741-1dc4-4e7a-a50d-ac53fab10d14:192.168.34.38:46397], old=null
2019-11-13 20:08:47,180 [4ac79741-1dc4-4e7a-a50d-ac53fab10d14@group-3A218545D5B3-LeaderElection152] INFO  impl.RoleInfo (RoleInfo.java:shutdownLeaderElection(134)) - 4ac79741-1dc4-4e7a-a50d-ac53fab10d14: shutdown LeaderElection
2019-11-13 20:08:47,180 [4ac79741-1dc4-4e7a-a50d-ac53fab10d14@group-3A218545D5B3-LeaderElection152] INFO  impl.RaftServerImpl (RaftServerImpl.java:setRole(173)) - 4ac79741-1dc4-4e7a-a50d-ac53fab10d14@group-3A218545D5B3: changes role from CANDIDATE to LEADER at term 1 for changeToLeader
2019-11-13 20:08:47,180 [4ac79741-1dc4-4e7a-a50d-ac53fab10d14@group-3A218545D5B3-LeaderElection152] INFO  ratis.XceiverServerRatis (XceiverServerRatis.java:handleLeaderChangedNotification(697)) - Leader change notification received for group: group-3A218545D5B3 with new leaderId: 4ac79741-1dc4-4e7a-a50d-ac53fab10d14
2019-11-13 20:08:47,180 [4ac79741-1dc4-4e7a-a50d-ac53fab10d14@group-3A218545D5B3-LeaderElection152] INFO  impl.RaftServerImpl (ServerState.java:setLeader(255)) - 4ac79741-1dc4-4e7a-a50d-ac53fab10d14@group-3A218545D5B3: change Leader from null to 4ac79741-1dc4-4e7a-a50d-ac53fab10d14 at term 1 for becomeLeader, leader elected after 1127ms
2019-11-13 20:08:47,180 [4ac79741-1dc4-4e7a-a50d-ac53fab10d14@group-3A218545D5B3-LeaderElection152] INFO  server.RaftServerConfigKeys (ConfUtils.java:logGet(43)) - raft.server.staging.catchup.gap = 1000 (default)
2019-11-13 20:08:47,180 [63348c40-6caf-45cd-85ad-36e15dedc157@group-7A5735C625A6-LeaderElection151] INFO  impl.LeaderElection (LeaderElection.java:logAndReturn(56)) - 63348c40-6caf-45cd-85ad-36e15dedc157@group-7A5735C625A6-LeaderElection151: Election PASSED; received 1 response(s) [63348c40-6caf-45cd-85ad-36e15dedc157<-7ba2007b-7453-4993-98f1-4fc841af859b#0:OK-t1] and 0 exception(s); 63348c40-6caf-45cd-85ad-36e15dedc157@group-7A5735C625A6:t1, leader=null, voted=63348c40-6caf-45cd-85ad-36e15dedc157, raftlog=63348c40-6caf-45cd-85ad-36e15dedc157@group-7A5735C625A6-SegmentedRaftLog:OPENED:c-1,f-1,i0, conf=-1: [63348c40-6caf-45cd-85ad-36e15dedc157:192.168.34.38:33072, 7ba2007b-7453-4993-98f1-4fc841af859b:192.168.34.38:37487, d9031576-438e-4c71-bddc-2fb75a9376b9:192.168.34.38:45924], old=null
2019-11-13 20:08:47,180 [4ac79741-1dc4-4e7a-a50d-ac53fab10d14@group-3A218545D5B3-LeaderElection152] INFO  server.RaftServerConfigKeys (ConfUtils.java:logGet(43)) - raft.server.rpc.sleep.time = 25ms (default)
2019-11-13 20:08:47,180 [63348c40-6caf-45cd-85ad-36e15dedc157@group-7A5735C625A6-LeaderElection151] INFO  impl.RoleInfo (RoleInfo.java:shutdownLeaderElection(134)) - 63348c40-6caf-45cd-85ad-36e15dedc157: shutdown LeaderElection
2019-11-13 20:08:47,180 [63348c40-6caf-45cd-85ad-36e15dedc157@group-7A5735C625A6-LeaderElection151] INFO  impl.RaftServerImpl (RaftServerImpl.java:setRole(173)) - 63348c40-6caf-45cd-85ad-36e15dedc157@group-7A5735C625A6: changes role from CANDIDATE to LEADER at term 1 for changeToLeader
2019-11-13 20:08:47,180 [4ac79741-1dc4-4e7a-a50d-ac53fab10d14@group-3A218545D5B3-LeaderElection152] INFO  server.RaftServerConfigKeys (ConfUtils.java:logGet(43)) - raft.server.write.element-limit = 4096 (default)
2019-11-13 20:08:47,180 [63348c40-6caf-45cd-85ad-36e15dedc157@group-7A5735C625A6-LeaderElection151] INFO  ratis.XceiverServerRatis (XceiverServerRatis.java:handleLeaderChangedNotification(697)) - Leader change notification received for group: group-7A5735C625A6 with new leaderId: 63348c40-6caf-45cd-85ad-36e15dedc157
2019-11-13 20:08:47,181 [4ac79741-1dc4-4e7a-a50d-ac53fab10d14@group-3A218545D5B3-LeaderElection152] INFO  server.RaftServerConfigKeys (ConfUtils.java:logGet(43)) - raft.server.watch.timeout = 10s (default)
2019-11-13 20:08:47,181 [63348c40-6caf-45cd-85ad-36e15dedc157@group-7A5735C625A6-LeaderElection151] INFO  impl.RaftServerImpl (ServerState.java:setLeader(255)) - 63348c40-6caf-45cd-85ad-36e15dedc157@group-7A5735C625A6: change Leader from null to 63348c40-6caf-45cd-85ad-36e15dedc157 at term 1 for becomeLeader, leader elected after 1085ms
2019-11-13 20:08:47,181 [4ac79741-1dc4-4e7a-a50d-ac53fab10d14@group-3A218545D5B3-LeaderElection152] INFO  server.RaftServerConfigKeys (ConfUtils.java:logGet(43)) - raft.server.watch.timeout.denomination = 1s (default)
2019-11-13 20:08:47,181 [63348c40-6caf-45cd-85ad-36e15dedc157@group-7A5735C625A6-LeaderElection151] INFO  server.RaftServerConfigKeys (ConfUtils.java:logGet(43)) - raft.server.staging.catchup.gap = 1000 (default)
2019-11-13 20:08:47,181 [EventQueue-PipelineReportForPipelineReportHandler] INFO  pipeline.PipelineStateManager (PipelineStateManager.java:openPipeline(134)) - Pipeline Pipeline[ Id: 7f4c0eb6-33d8-4cef-91e7-3a218545d5b3, Nodes: 4ac79741-1dc4-4e7a-a50d-ac53fab10d14{ip: 192.168.34.38, host: pr-hdds-2469-rfsxc-843238572, networkLocation: /rack1, certSerialId: null}, Type:RATIS, Factor:ONE, State:OPEN] moved to OPEN state
2019-11-13 20:08:47,181 [4ac79741-1dc4-4e7a-a50d-ac53fab10d14@group-3A218545D5B3-LeaderElection152] INFO  server.RaftServerConfigKeys (ConfUtils.java:logGet(43)) - raft.server.watch.element-limit = 65536 (default)
2019-11-13 20:08:47,181 [63348c40-6caf-45cd-85ad-36e15dedc157@group-7A5735C625A6-LeaderElection151] INFO  server.RaftServerConfigKeys (ConfUtils.java:logGet(43)) - raft.server.rpc.sleep.time = 25ms (default)
2019-11-13 20:08:47,181 [4ac79741-1dc4-4e7a-a50d-ac53fab10d14@group-3A218545D5B3-LeaderElection152] INFO  impl.RoleInfo (RoleInfo.java:updateAndGet(143)) - 4ac79741-1dc4-4e7a-a50d-ac53fab10d14: start LeaderState
2019-11-13 20:08:47,181 [63348c40-6caf-45cd-85ad-36e15dedc157@group-7A5735C625A6-LeaderElection151] INFO  server.RaftServerConfigKeys (ConfUtils.java:logGet(43)) - raft.server.write.element-limit = 4096 (default)
2019-11-13 20:08:47,181 [63348c40-6caf-45cd-85ad-36e15dedc157@group-7A5735C625A6-LeaderElection151] INFO  server.RaftServerConfigKeys (ConfUtils.java:logGet(43)) - raft.server.watch.timeout = 10s (default)
2019-11-13 20:08:47,181 [4ac79741-1dc4-4e7a-a50d-ac53fab10d14@group-3A218545D5B3-LeaderElection152] INFO  segmented.SegmentedRaftLogWorker (SegmentedRaftLogWorker.java:startLogSegment(385)) - 4ac79741-1dc4-4e7a-a50d-ac53fab10d14@group-3A218545D5B3-SegmentedRaftLogWorker: Starting segment from index:0
2019-11-13 20:08:47,181 [63348c40-6caf-45cd-85ad-36e15dedc157@group-7A5735C625A6-LeaderElection151] INFO  server.RaftServerConfigKeys (ConfUtils.java:logGet(43)) - raft.server.watch.timeout.denomination = 1s (default)
2019-11-13 20:08:47,181 [63348c40-6caf-45cd-85ad-36e15dedc157@group-7A5735C625A6-LeaderElection151] INFO  server.RaftServerConfigKeys (ConfUtils.java:logGet(43)) - raft.server.watch.element-limit = 65536 (default)
2019-11-13 20:08:47,182 [4ac79741-1dc4-4e7a-a50d-ac53fab10d14@group-3A218545D5B3-LeaderElection152] INFO  impl.RaftServerImpl (ServerState.java:setRaftConf(356)) - 4ac79741-1dc4-4e7a-a50d-ac53fab10d14@group-3A218545D5B3: set configuration 0: [4ac79741-1dc4-4e7a-a50d-ac53fab10d14:192.168.34.38:46397], old=null at 0
2019-11-13 20:08:47,182 [63348c40-6caf-45cd-85ad-36e15dedc157@group-7A5735C625A6-LeaderElection151] INFO  server.RaftServerConfigKeys (ConfUtils.java:logGet(43)) - raft.server.log.appender.snapshot.chunk.size.max = 16MB (=16777216) (default)
2019-11-13 20:08:47,184 [63348c40-6caf-45cd-85ad-36e15dedc157@group-7A5735C625A6-LeaderElection151] INFO  server.RaftServerConfigKeys (ConfUtils.java:logGet(43)) - raft.server.log.appender.buffer.byte-limit = 33554432 (custom)
2019-11-13 20:08:47,184 [63348c40-6caf-45cd-85ad-36e15dedc157@group-7A5735C625A6-LeaderElection151] INFO  server.RaftServerConfigKeys (ConfUtils.java:logGet(43)) - raft.server.log.appender.buffer.element-limit = 1 (custom)
2019-11-13 20:08:47,184 [63348c40-6caf-45cd-85ad-36e15dedc157@group-7A5735C625A6-LeaderElection151] INFO  grpc.GrpcConfigKeys$Server (ConfUtils.java:logGet(43)) - raft.grpc.server.leader.outstanding.appends.max = 128 (default)
2019-11-13 20:08:47,184 [63348c40-6caf-45cd-85ad-36e15dedc157@group-7A5735C625A6-LeaderElection151] INFO  server.RaftServerConfigKeys (ConfUtils.java:logGet(43)) - raft.server.rpc.request.timeout = 3000ms (default)
2019-11-13 20:08:47,184 [63348c40-6caf-45cd-85ad-36e15dedc157@group-7A5735C625A6-LeaderElection151] INFO  server.RaftServerConfigKeys (ConfUtils.java:logGet(43)) - raft.server.log.appender.install.snapshot.enabled = false (custom)
2019-11-13 20:08:47,185 [63348c40-6caf-45cd-85ad-36e15dedc157@group-7A5735C625A6-LeaderElection151] WARN  impl.MetricRegistriesImpl (MetricRegistriesImpl.java:lambda$create$1(61)) - First MetricRegistry has been created without registering reporters. You may need to call MetricRegistries.global().addReportRegistration(...) before.
2019-11-13 20:08:47,191 [63348c40-6caf-45cd-85ad-36e15dedc157@group-7A5735C625A6-LeaderElection151] INFO  server.RaftServerConfigKeys (ConfUtils.java:logGet(43)) - raft.server.log.appender.snapshot.chunk.size.max = 16MB (=16777216) (default)
2019-11-13 20:08:47,191 [63348c40-6caf-45cd-85ad-36e15dedc157@group-7A5735C625A6-LeaderElection151] INFO  server.RaftServerConfigKeys (ConfUtils.java:logGet(43)) - raft.server.log.appender.buffer.byte-limit = 33554432 (custom)
2019-11-13 20:08:47,192 [63348c40-6caf-45cd-85ad-36e15dedc157@group-7A5735C625A6-LeaderElection151] INFO  server.RaftServerConfigKeys (ConfUtils.java:logGet(43)) - raft.server.log.appender.buffer.element-limit = 1 (custom)
2019-11-13 20:08:47,192 [63348c40-6caf-45cd-85ad-36e15dedc157@group-7A5735C625A6-LeaderElection151] INFO  grpc.GrpcConfigKeys$Server (ConfUtils.java:logGet(43)) - raft.grpc.server.leader.outstanding.appends.max = 128 (default)
2019-11-13 20:08:47,192 [63348c40-6caf-45cd-85ad-36e15dedc157@group-7A5735C625A6-LeaderElection151] INFO  server.RaftServerConfigKeys (ConfUtils.java:logGet(43)) - raft.server.rpc.request.timeout = 3000ms (default)
2019-11-13 20:08:47,192 [63348c40-6caf-45cd-85ad-36e15dedc157@group-7A5735C625A6-LeaderElection151] INFO  server.RaftServerConfigKeys (ConfUtils.java:logGet(43)) - raft.server.log.appender.install.snapshot.enabled = false (custom)
2019-11-13 20:08:47,192 [63348c40-6caf-45cd-85ad-36e15dedc157@group-7A5735C625A6-LeaderElection151] INFO  impl.RoleInfo (RoleInfo.java:updateAndGet(143)) - 63348c40-6caf-45cd-85ad-36e15dedc157: start LeaderState
2019-11-13 20:08:47,192 [63348c40-6caf-45cd-85ad-36e15dedc157@group-7A5735C625A6-LeaderElection151] INFO  segmented.SegmentedRaftLogWorker (SegmentedRaftLogWorker.java:startLogSegment(385)) - 63348c40-6caf-45cd-85ad-36e15dedc157@group-7A5735C625A6-SegmentedRaftLogWorker: Starting segment from index:0
2019-11-13 20:08:47,193 [63348c40-6caf-45cd-85ad-36e15dedc157@group-7A5735C625A6-LeaderElection151] INFO  impl.RaftServerImpl (ServerState.java:setRaftConf(356)) - 63348c40-6caf-45cd-85ad-36e15dedc157@group-7A5735C625A6: set configuration 0: [63348c40-6caf-45cd-85ad-36e15dedc157:192.168.34.38:33072, 7ba2007b-7453-4993-98f1-4fc841af859b:192.168.34.38:37487, d9031576-438e-4c71-bddc-2fb75a9376b9:192.168.34.38:45924], old=null at 0
2019-11-13 20:08:47,222 [63348c40-6caf-45cd-85ad-36e15dedc157@group-2E3EC34D3C39-LeaderElection153] INFO  impl.LeaderElection (LeaderElection.java:askForVotes(178)) - 63348c40-6caf-45cd-85ad-36e15dedc157@group-2E3EC34D3C39-LeaderElection153: begin an election at term 1 for -1: [63348c40-6caf-45cd-85ad-36e15dedc157:192.168.34.38:33072], old=null
2019-11-13 20:08:47,223 [63348c40-6caf-45cd-85ad-36e15dedc157@group-2E3EC34D3C39-LeaderElection153] INFO  impl.RoleInfo (RoleInfo.java:shutdownLeaderElection(134)) - 63348c40-6caf-45cd-85ad-36e15dedc157: shutdown LeaderElection
2019-11-13 20:08:47,223 [63348c40-6caf-45cd-85ad-36e15dedc157@group-2E3EC34D3C39-LeaderElection153] INFO  impl.RaftServerImpl (RaftServerImpl.java:setRole(173)) - 63348c40-6caf-45cd-85ad-36e15dedc157@group-2E3EC34D3C39: changes role from CANDIDATE to LEADER at term 1 for changeToLeader
2019-11-13 20:08:47,223 [63348c40-6caf-45cd-85ad-36e15dedc157@group-2E3EC34D3C39-LeaderElection153] INFO  ratis.XceiverServerRatis (XceiverServerRatis.java:handleLeaderChangedNotification(697)) - Leader change notification received for group: group-2E3EC34D3C39 with new leaderId: 63348c40-6caf-45cd-85ad-36e15dedc157
2019-11-13 20:08:47,223 [63348c40-6caf-45cd-85ad-36e15dedc157@group-2E3EC34D3C39-LeaderElection153] INFO  impl.RaftServerImpl (ServerState.java:setLeader(255)) - 63348c40-6caf-45cd-85ad-36e15dedc157@group-2E3EC34D3C39: change Leader from null to 63348c40-6caf-45cd-85ad-36e15dedc157 at term 1 for becomeLeader, leader elected after 1205ms
2019-11-13 20:08:47,223 [63348c40-6caf-45cd-85ad-36e15dedc157@group-2E3EC34D3C39-LeaderElection153] INFO  server.RaftServerConfigKeys (ConfUtils.java:logGet(43)) - raft.server.staging.catchup.gap = 1000 (default)
2019-11-13 20:08:47,223 [63348c40-6caf-45cd-85ad-36e15dedc157@group-2E3EC34D3C39-LeaderElection153] INFO  server.RaftServerConfigKeys (ConfUtils.java:logGet(43)) - raft.server.rpc.sleep.time = 25ms (default)
2019-11-13 20:08:47,223 [63348c40-6caf-45cd-85ad-36e15dedc157@group-2E3EC34D3C39-LeaderElection153] INFO  server.RaftServerConfigKeys (ConfUtils.java:logGet(43)) - raft.server.write.element-limit = 4096 (default)
2019-11-13 20:08:47,223 [grpc-default-executor-10] INFO  ratis.XceiverServerRatis (XceiverServerRatis.java:handleLeaderChangedNotification(697)) - Leader change notification received for group: group-7A5735C625A6 with new leaderId: 63348c40-6caf-45cd-85ad-36e15dedc157
2019-11-13 20:08:47,224 [grpc-default-executor-10] INFO  impl.RaftServerImpl (ServerState.java:setLeader(255)) - 7ba2007b-7453-4993-98f1-4fc841af859b@group-7A5735C625A6: change Leader from null to 63348c40-6caf-45cd-85ad-36e15dedc157 at term 1 for appendEntries, leader elected after 1118ms
2019-11-13 20:08:47,223 [grpc-default-executor-16] INFO  ratis.XceiverServerRatis (XceiverServerRatis.java:handleLeaderChangedNotification(697)) - Leader change notification received for group: group-7A5735C625A6 with new leaderId: 63348c40-6caf-45cd-85ad-36e15dedc157
2019-11-13 20:08:47,223 [63348c40-6caf-45cd-85ad-36e15dedc157@group-2E3EC34D3C39-LeaderElection153] INFO  server.RaftServerConfigKeys (ConfUtils.java:logGet(43)) - raft.server.watch.timeout = 10s (default)
2019-11-13 20:08:47,224 [grpc-default-executor-16] INFO  impl.RaftServerImpl (ServerState.java:setLeader(255)) - d9031576-438e-4c71-bddc-2fb75a9376b9@group-7A5735C625A6: change Leader from null to 63348c40-6caf-45cd-85ad-36e15dedc157 at term 1 for appendEntries, leader elected after 1128ms
2019-11-13 20:08:47,226 [63348c40-6caf-45cd-85ad-36e15dedc157@group-2E3EC34D3C39-LeaderElection153] INFO  server.RaftServerConfigKeys (ConfUtils.java:logGet(43)) - raft.server.watch.timeout.denomination = 1s (default)
2019-11-13 20:08:47,227 [63348c40-6caf-45cd-85ad-36e15dedc157@group-2E3EC34D3C39-LeaderElection153] INFO  server.RaftServerConfigKeys (ConfUtils.java:logGet(43)) - raft.server.watch.element-limit = 65536 (default)
2019-11-13 20:08:47,228 [63348c40-6caf-45cd-85ad-36e15dedc157@group-2E3EC34D3C39-LeaderElection153] INFO  impl.RoleInfo (RoleInfo.java:updateAndGet(143)) - 63348c40-6caf-45cd-85ad-36e15dedc157: start LeaderState
2019-11-13 20:08:47,228 [63348c40-6caf-45cd-85ad-36e15dedc157@group-2E3EC34D3C39-LeaderElection153] INFO  segmented.SegmentedRaftLogWorker (SegmentedRaftLogWorker.java:startLogSegment(385)) - 63348c40-6caf-45cd-85ad-36e15dedc157@group-2E3EC34D3C39-SegmentedRaftLogWorker: Starting segment from index:0
2019-11-13 20:08:47,229 [63348c40-6caf-45cd-85ad-36e15dedc157@group-2E3EC34D3C39-LeaderElection153] INFO  impl.RaftServerImpl (ServerState.java:setRaftConf(356)) - 63348c40-6caf-45cd-85ad-36e15dedc157@group-2E3EC34D3C39: set configuration 0: [63348c40-6caf-45cd-85ad-36e15dedc157:192.168.34.38:33072], old=null at 0
2019-11-13 20:08:47,255 [63348c40-6caf-45cd-85ad-36e15dedc157@group-7A5735C625A6-SegmentedRaftLogWorker] INFO  segmented.SegmentedRaftLogWorker (SegmentedRaftLogWorker.java:execute(576)) - 63348c40-6caf-45cd-85ad-36e15dedc157@group-7A5735C625A6-SegmentedRaftLogWorker: created new log segment /workdir/hadoop-ozone/integration-test/target/test-dir/MiniOzoneClusterImpl-89214370-af8c-46c8-b403-f68b2ae7a3e8/datanode-0/data/ratis/b968c606-df46-4038-99ba-7a5735c625a6/current/log_inprogress_0
2019-11-13 20:08:47,255 [4ac79741-1dc4-4e7a-a50d-ac53fab10d14@group-3A218545D5B3-SegmentedRaftLogWorker] INFO  segmented.SegmentedRaftLogWorker (SegmentedRaftLogWorker.java:execute(576)) - 4ac79741-1dc4-4e7a-a50d-ac53fab10d14@group-3A218545D5B3-SegmentedRaftLogWorker: created new log segment /workdir/hadoop-ozone/integration-test/target/test-dir/MiniOzoneClusterImpl-89214370-af8c-46c8-b403-f68b2ae7a3e8/datanode-5/data/ratis/7f4c0eb6-33d8-4cef-91e7-3a218545d5b3/current/log_inprogress_0
2019-11-13 20:08:47,257 [grpc-default-executor-13] INFO  impl.RaftServerImpl (ServerState.java:setRaftConf(356)) - 7ba2007b-7453-4993-98f1-4fc841af859b@group-7A5735C625A6: set configuration 0: [63348c40-6caf-45cd-85ad-36e15dedc157:192.168.34.38:33072, 7ba2007b-7453-4993-98f1-4fc841af859b:192.168.34.38:37487, d9031576-438e-4c71-bddc-2fb75a9376b9:192.168.34.38:45924], old=null at 0
2019-11-13 20:08:47,257 [grpc-default-executor-13] INFO  segmented.SegmentedRaftLogWorker (SegmentedRaftLogWorker.java:startLogSegment(385)) - 7ba2007b-7453-4993-98f1-4fc841af859b@group-7A5735C625A6-SegmentedRaftLogWorker: Starting segment from index:0
2019-11-13 20:08:47,257 [grpc-default-executor-16] INFO  impl.RaftServerImpl (ServerState.java:setRaftConf(356)) - d9031576-438e-4c71-bddc-2fb75a9376b9@group-7A5735C625A6: set configuration 0: [63348c40-6caf-45cd-85ad-36e15dedc157:192.168.34.38:33072, 7ba2007b-7453-4993-98f1-4fc841af859b:192.168.34.38:37487, d9031576-438e-4c71-bddc-2fb75a9376b9:192.168.34.38:45924], old=null at 0
2019-11-13 20:08:47,258 [grpc-default-executor-16] INFO  segmented.SegmentedRaftLogWorker (SegmentedRaftLogWorker.java:startLogSegment(385)) - d9031576-438e-4c71-bddc-2fb75a9376b9@group-7A5735C625A6-SegmentedRaftLogWorker: Starting segment from index:0
2019-11-13 20:08:47,268 [63348c40-6caf-45cd-85ad-36e15dedc157@group-2E3EC34D3C39-SegmentedRaftLogWorker] INFO  segmented.SegmentedRaftLogWorker (SegmentedRaftLogWorker.java:execute(576)) - 63348c40-6caf-45cd-85ad-36e15dedc157@group-2E3EC34D3C39-SegmentedRaftLogWorker: created new log segment /workdir/hadoop-ozone/integration-test/target/test-dir/MiniOzoneClusterImpl-89214370-af8c-46c8-b403-f68b2ae7a3e8/datanode-0/data/ratis/ca6d6191-7b4b-4f74-944d-2e3ec34d3c39/current/log_inprogress_0
2019-11-13 20:08:47,292 [7ba2007b-7453-4993-98f1-4fc841af859b@group-7A5735C625A6-SegmentedRaftLogWorker] INFO  segmented.SegmentedRaftLogWorker (SegmentedRaftLogWorker.java:execute(576)) - 7ba2007b-7453-4993-98f1-4fc841af859b@group-7A5735C625A6-SegmentedRaftLogWorker: created new log segment /workdir/hadoop-ozone/integration-test/target/test-dir/MiniOzoneClusterImpl-89214370-af8c-46c8-b403-f68b2ae7a3e8/datanode-9/data/ratis/b968c606-df46-4038-99ba-7a5735c625a6/current/log_inprogress_0
2019-11-13 20:08:47,294 [d9031576-438e-4c71-bddc-2fb75a9376b9@group-7A5735C625A6-SegmentedRaftLogWorker] INFO  segmented.SegmentedRaftLogWorker (SegmentedRaftLogWorker.java:execute(576)) - d9031576-438e-4c71-bddc-2fb75a9376b9@group-7A5735C625A6-SegmentedRaftLogWorker: created new log segment /workdir/hadoop-ozone/integration-test/target/test-dir/MiniOzoneClusterImpl-89214370-af8c-46c8-b403-f68b2ae7a3e8/datanode-1/data/ratis/b968c606-df46-4038-99ba-7a5735c625a6/current/log_inprogress_0
2019-11-13 20:08:47,418 [Thread-4862] INFO  impl.FollowerState (FollowerState.java:run(111)) - 2f9d8c1e-934d-4d04-b20a-ee991adbbfce@group-05FA6EDD6E78-FollowerState: change to CANDIDATE, lastRpcTime:1073ms, electionTimeout:1073ms
2019-11-13 20:08:47,418 [Thread-4862] INFO  impl.RoleInfo (RoleInfo.java:shutdownFollowerState(121)) - 2f9d8c1e-934d-4d04-b20a-ee991adbbfce: shutdown FollowerState
2019-11-13 20:08:47,418 [Thread-4862] INFO  impl.RaftServerImpl (RaftServerImpl.java:setRole(173)) - 2f9d8c1e-934d-4d04-b20a-ee991adbbfce@group-05FA6EDD6E78: changes role from  FOLLOWER to CANDIDATE at term 0 for changeToCandidate
2019-11-13 20:08:47,419 [Thread-4862] INFO  impl.RoleInfo (RoleInfo.java:updateAndGet(143)) - 2f9d8c1e-934d-4d04-b20a-ee991adbbfce: start LeaderElection
2019-11-13 20:08:47,433 [Thread-4868] INFO  impl.FollowerState (FollowerState.java:run(111)) - 020265cf-8215-4e82-9241-b31a46326517@group-83A883EAE087-FollowerState: change to CANDIDATE, lastRpcTime:1001ms, electionTimeout:1001ms
2019-11-13 20:08:47,433 [Thread-4868] INFO  impl.RoleInfo (RoleInfo.java:shutdownFollowerState(121)) - 020265cf-8215-4e82-9241-b31a46326517: shutdown FollowerState
2019-11-13 20:08:47,433 [2f9d8c1e-934d-4d04-b20a-ee991adbbfce@group-05FA6EDD6E78-LeaderElection154] INFO  impl.LeaderElection (LeaderElection.java:askForVotes(178)) - 2f9d8c1e-934d-4d04-b20a-ee991adbbfce@group-05FA6EDD6E78-LeaderElection154: begin an election at term 1 for -1: [2f9d8c1e-934d-4d04-b20a-ee991adbbfce:192.168.34.38:42314], old=null
2019-11-13 20:08:47,433 [Thread-4868] INFO  impl.RaftServerImpl (RaftServerImpl.java:setRole(173)) - 020265cf-8215-4e82-9241-b31a46326517@group-83A883EAE087: changes role from  FOLLOWER to CANDIDATE at term 0 for changeToCandidate
2019-11-13 20:08:47,433 [2f9d8c1e-934d-4d04-b20a-ee991adbbfce@group-05FA6EDD6E78-LeaderElection154] INFO  impl.RoleInfo (RoleInfo.java:shutdownLeaderElection(134)) - 2f9d8c1e-934d-4d04-b20a-ee991adbbfce: shutdown LeaderElection
2019-11-13 20:08:47,433 [Thread-4868] INFO  impl.RoleInfo (RoleInfo.java:updateAndGet(143)) - 020265cf-8215-4e82-9241-b31a46326517: start LeaderElection
2019-11-13 20:08:47,433 [2f9d8c1e-934d-4d04-b20a-ee991adbbfce@group-05FA6EDD6E78-LeaderElection154] INFO  impl.RaftServerImpl (RaftServerImpl.java:setRole(173)) - 2f9d8c1e-934d-4d04-b20a-ee991adbbfce@group-05FA6EDD6E78: changes role from CANDIDATE to LEADER at term 1 for changeToLeader
2019-11-13 20:08:47,433 [2f9d8c1e-934d-4d04-b20a-ee991adbbfce@group-05FA6EDD6E78-LeaderElection154] INFO  ratis.XceiverServerRatis (XceiverServerRatis.java:handleLeaderChangedNotification(697)) - Leader change notification received for group: group-05FA6EDD6E78 with new leaderId: 2f9d8c1e-934d-4d04-b20a-ee991adbbfce
2019-11-13 20:08:47,435 [2f9d8c1e-934d-4d04-b20a-ee991adbbfce@group-05FA6EDD6E78-LeaderElection154] INFO  impl.RaftServerImpl (ServerState.java:setLeader(255)) - 2f9d8c1e-934d-4d04-b20a-ee991adbbfce@group-05FA6EDD6E78: change Leader from null to 2f9d8c1e-934d-4d04-b20a-ee991adbbfce at term 1 for becomeLeader, leader elected after 1090ms
2019-11-13 20:08:47,435 [2f9d8c1e-934d-4d04-b20a-ee991adbbfce@group-05FA6EDD6E78-LeaderElection154] INFO  server.RaftServerConfigKeys (ConfUtils.java:logGet(43)) - raft.server.staging.catchup.gap = 1000 (default)
2019-11-13 20:08:47,435 [2f9d8c1e-934d-4d04-b20a-ee991adbbfce@group-05FA6EDD6E78-LeaderElection154] INFO  server.RaftServerConfigKeys (ConfUtils.java:logGet(43)) - raft.server.rpc.sleep.time = 25ms (default)
2019-11-13 20:08:47,435 [2f9d8c1e-934d-4d04-b20a-ee991adbbfce@group-05FA6EDD6E78-LeaderElection154] INFO  server.RaftServerConfigKeys (ConfUtils.java:logGet(43)) - raft.server.write.element-limit = 4096 (default)
2019-11-13 20:08:47,436 [2f9d8c1e-934d-4d04-b20a-ee991adbbfce@group-05FA6EDD6E78-LeaderElection154] INFO  server.RaftServerConfigKeys (ConfUtils.java:logGet(43)) - raft.server.watch.timeout = 10s (default)
2019-11-13 20:08:47,436 [2f9d8c1e-934d-4d04-b20a-ee991adbbfce@group-05FA6EDD6E78-LeaderElection154] INFO  server.RaftServerConfigKeys (ConfUtils.java:logGet(43)) - raft.server.watch.timeout.denomination = 1s (default)
2019-11-13 20:08:47,436 [2f9d8c1e-934d-4d04-b20a-ee991adbbfce@group-05FA6EDD6E78-LeaderElection154] INFO  server.RaftServerConfigKeys (ConfUtils.java:logGet(43)) - raft.server.watch.element-limit = 65536 (default)
2019-11-13 20:08:47,436 [EventQueue-PipelineReportForPipelineReportHandler] INFO  pipeline.PipelineStateManager (PipelineStateManager.java:openPipeline(134)) - Pipeline Pipeline[ Id: 0a3cd90f-e2ce-4fb3-a57d-05fa6edd6e78, Nodes: 2f9d8c1e-934d-4d04-b20a-ee991adbbfce{ip: 192.168.34.38, host: pr-hdds-2469-rfsxc-843238572, networkLocation: /rack1, certSerialId: null}, Type:RATIS, Factor:ONE, State:OPEN] moved to OPEN state
2019-11-13 20:08:47,436 [2f9d8c1e-934d-4d04-b20a-ee991adbbfce@group-05FA6EDD6E78-LeaderElection154] INFO  impl.RoleInfo (RoleInfo.java:updateAndGet(143)) - 2f9d8c1e-934d-4d04-b20a-ee991adbbfce: start LeaderState
2019-11-13 20:08:47,436 [2f9d8c1e-934d-4d04-b20a-ee991adbbfce@group-05FA6EDD6E78-LeaderElection154] INFO  segmented.SegmentedRaftLogWorker (SegmentedRaftLogWorker.java:startLogSegment(385)) - 2f9d8c1e-934d-4d04-b20a-ee991adbbfce@group-05FA6EDD6E78-SegmentedRaftLogWorker: Starting segment from index:0
2019-11-13 20:08:47,436 [2f9d8c1e-934d-4d04-b20a-ee991adbbfce@group-05FA6EDD6E78-LeaderElection154] INFO  impl.RaftServerImpl (ServerState.java:setRaftConf(356)) - 2f9d8c1e-934d-4d04-b20a-ee991adbbfce@group-05FA6EDD6E78: set configuration 0: [2f9d8c1e-934d-4d04-b20a-ee991adbbfce:192.168.34.38:42314], old=null at 0
2019-11-13 20:08:47,464 [Thread-4858] INFO  impl.FollowerState (FollowerState.java:run(111)) - 167876bd-92c4-4c51-979b-51b12cb252bf@group-764E8470B8EF-FollowerState: change to CANDIDATE, lastRpcTime:1155ms, electionTimeout:1131ms
2019-11-13 20:08:47,464 [020265cf-8215-4e82-9241-b31a46326517@group-83A883EAE087-LeaderElection155] INFO  impl.LeaderElection (LeaderElection.java:askForVotes(178)) - 020265cf-8215-4e82-9241-b31a46326517@group-83A883EAE087-LeaderElection155: begin an election at term 1 for -1: [020265cf-8215-4e82-9241-b31a46326517:192.168.34.38:43042, 2f9d8c1e-934d-4d04-b20a-ee991adbbfce:192.168.34.38:42314, 4ac79741-1dc4-4e7a-a50d-ac53fab10d14:192.168.34.38:46397], old=null
2019-11-13 20:08:47,465 [Thread-4858] INFO  impl.RoleInfo (RoleInfo.java:shutdownFollowerState(121)) - 167876bd-92c4-4c51-979b-51b12cb252bf: shutdown FollowerState
2019-11-13 20:08:47,465 [Thread-4858] INFO  impl.RaftServerImpl (RaftServerImpl.java:setRole(173)) - 167876bd-92c4-4c51-979b-51b12cb252bf@group-764E8470B8EF: changes role from  FOLLOWER to CANDIDATE at term 0 for changeToCandidate
2019-11-13 20:08:47,465 [Thread-4858] INFO  impl.RoleInfo (RoleInfo.java:updateAndGet(143)) - 167876bd-92c4-4c51-979b-51b12cb252bf: start LeaderElection
2019-11-13 20:08:47,469 [grpc-default-executor-16] INFO  impl.RaftServerImpl (RaftServerImpl.java:setRole(173)) - 2f9d8c1e-934d-4d04-b20a-ee991adbbfce@group-83A883EAE087: changes role from  FOLLOWER to FOLLOWER at term 1 for recognizeCandidate:020265cf-8215-4e82-9241-b31a46326517
2019-11-13 20:08:47,469 [grpc-default-executor-16] INFO  impl.RoleInfo (RoleInfo.java:shutdownFollowerState(121)) - 2f9d8c1e-934d-4d04-b20a-ee991adbbfce: shutdown FollowerState
2019-11-13 20:08:47,469 [grpc-default-executor-13] INFO  impl.RaftServerImpl (RaftServerImpl.java:setRole(173)) - 4ac79741-1dc4-4e7a-a50d-ac53fab10d14@group-83A883EAE087: changes role from  FOLLOWER to FOLLOWER at term 1 for recognizeCandidate:020265cf-8215-4e82-9241-b31a46326517
2019-11-13 20:08:47,469 [grpc-default-executor-16] INFO  impl.RoleInfo (RoleInfo.java:updateAndGet(143)) - 2f9d8c1e-934d-4d04-b20a-ee991adbbfce: start FollowerState
2019-11-13 20:08:47,469 [Thread-4873] INFO  impl.FollowerState (FollowerState.java:run(120)) - 2f9d8c1e-934d-4d04-b20a-ee991adbbfce@group-83A883EAE087-FollowerState was interrupted: java.lang.InterruptedException: sleep interrupted
2019-11-13 20:08:47,469 [grpc-default-executor-13] INFO  impl.RoleInfo (RoleInfo.java:shutdownFollowerState(121)) - 4ac79741-1dc4-4e7a-a50d-ac53fab10d14: shutdown FollowerState
2019-11-13 20:08:47,469 [Thread-4872] INFO  impl.FollowerState (FollowerState.java:run(120)) - 4ac79741-1dc4-4e7a-a50d-ac53fab10d14@group-83A883EAE087-FollowerState was interrupted: java.lang.InterruptedException: sleep interrupted
2019-11-13 20:08:47,469 [grpc-default-executor-13] INFO  impl.RoleInfo (RoleInfo.java:updateAndGet(143)) - 4ac79741-1dc4-4e7a-a50d-ac53fab10d14: start FollowerState
2019-11-13 20:08:47,480 [2f9d8c1e-934d-4d04-b20a-ee991adbbfce@group-05FA6EDD6E78-SegmentedRaftLogWorker] INFO  segmented.SegmentedRaftLogWorker (SegmentedRaftLogWorker.java:execute(576)) - 2f9d8c1e-934d-4d04-b20a-ee991adbbfce@group-05FA6EDD6E78-SegmentedRaftLogWorker: created new log segment /workdir/hadoop-ozone/integration-test/target/test-dir/MiniOzoneClusterImpl-89214370-af8c-46c8-b403-f68b2ae7a3e8/datanode-4/data/ratis/0a3cd90f-e2ce-4fb3-a57d-05fa6edd6e78/current/log_inprogress_0
2019-11-13 20:08:47,480 [167876bd-92c4-4c51-979b-51b12cb252bf@group-764E8470B8EF-LeaderElection156] INFO  impl.LeaderElection (LeaderElection.java:askForVotes(178)) - 167876bd-92c4-4c51-979b-51b12cb252bf@group-764E8470B8EF-LeaderElection156: begin an election at term 1 for -1: [167876bd-92c4-4c51-979b-51b12cb252bf:192.168.34.38:45159], old=null
2019-11-13 20:08:47,480 [167876bd-92c4-4c51-979b-51b12cb252bf@group-764E8470B8EF-LeaderElection156] INFO  impl.RoleInfo (RoleInfo.java:shutdownLeaderElection(134)) - 167876bd-92c4-4c51-979b-51b12cb252bf: shutdown LeaderElection
2019-11-13 20:08:47,481 [167876bd-92c4-4c51-979b-51b12cb252bf@group-764E8470B8EF-LeaderElection156] INFO  impl.RaftServerImpl (RaftServerImpl.java:setRole(173)) - 167876bd-92c4-4c51-979b-51b12cb252bf@group-764E8470B8EF: changes role from CANDIDATE to LEADER at term 1 for changeToLeader
2019-11-13 20:08:47,481 [167876bd-92c4-4c51-979b-51b12cb252bf@group-764E8470B8EF-LeaderElection156] INFO  ratis.XceiverServerRatis (XceiverServerRatis.java:handleLeaderChangedNotification(697)) - Leader change notification received for group: group-764E8470B8EF with new leaderId: 167876bd-92c4-4c51-979b-51b12cb252bf
2019-11-13 20:08:47,481 [020265cf-8215-4e82-9241-b31a46326517@group-83A883EAE087-LeaderElection155] INFO  impl.LeaderElection (LeaderElection.java:logAndReturn(56)) - 020265cf-8215-4e82-9241-b31a46326517@group-83A883EAE087-LeaderElection155: Election PASSED; received 1 response(s) [020265cf-8215-4e82-9241-b31a46326517<-2f9d8c1e-934d-4d04-b20a-ee991adbbfce#0:OK-t1] and 0 exception(s); 020265cf-8215-4e82-9241-b31a46326517@group-83A883EAE087:t1, leader=null, voted=020265cf-8215-4e82-9241-b31a46326517, raftlog=020265cf-8215-4e82-9241-b31a46326517@group-83A883EAE087-SegmentedRaftLog:OPENED:c-1,f-1,i0, conf=-1: [020265cf-8215-4e82-9241-b31a46326517:192.168.34.38:43042, 2f9d8c1e-934d-4d04-b20a-ee991adbbfce:192.168.34.38:42314, 4ac79741-1dc4-4e7a-a50d-ac53fab10d14:192.168.34.38:46397], old=null
2019-11-13 20:08:47,481 [167876bd-92c4-4c51-979b-51b12cb252bf@group-764E8470B8EF-LeaderElection156] INFO  impl.RaftServerImpl (ServerState.java:setLeader(255)) - 167876bd-92c4-4c51-979b-51b12cb252bf@group-764E8470B8EF: change Leader from null to 167876bd-92c4-4c51-979b-51b12cb252bf at term 1 for becomeLeader, leader elected after 1173ms
2019-11-13 20:08:47,481 [020265cf-8215-4e82-9241-b31a46326517@group-83A883EAE087-LeaderElection155] INFO  impl.RoleInfo (RoleInfo.java:shutdownLeaderElection(134)) - 020265cf-8215-4e82-9241-b31a46326517: shutdown LeaderElection
2019-11-13 20:08:47,481 [167876bd-92c4-4c51-979b-51b12cb252bf@group-764E8470B8EF-LeaderElection156] INFO  server.RaftServerConfigKeys (ConfUtils.java:logGet(43)) - raft.server.staging.catchup.gap = 1000 (default)
2019-11-13 20:08:47,481 [020265cf-8215-4e82-9241-b31a46326517@group-83A883EAE087-LeaderElection155] INFO  impl.RaftServerImpl (RaftServerImpl.java:setRole(173)) - 020265cf-8215-4e82-9241-b31a46326517@group-83A883EAE087: changes role from CANDIDATE to LEADER at term 1 for changeToLeader
2019-11-13 20:08:47,481 [167876bd-92c4-4c51-979b-51b12cb252bf@group-764E8470B8EF-LeaderElection156] INFO  server.RaftServerConfigKeys (ConfUtils.java:logGet(43)) - raft.server.rpc.sleep.time = 25ms (default)
2019-11-13 20:08:47,481 [EventQueue-PipelineReportForPipelineReportHandler] INFO  pipeline.PipelineStateManager (PipelineStateManager.java:openPipeline(134)) - Pipeline Pipeline[ Id: 45045df8-368a-4f02-a522-764e8470b8ef, Nodes: 167876bd-92c4-4c51-979b-51b12cb252bf{ip: 192.168.34.38, host: pr-hdds-2469-rfsxc-843238572, networkLocation: /rack1, certSerialId: null}, Type:RATIS, Factor:ONE, State:OPEN] moved to OPEN state
2019-11-13 20:08:47,481 [020265cf-8215-4e82-9241-b31a46326517@group-83A883EAE087-LeaderElection155] INFO  ratis.XceiverServerRatis (XceiverServerRatis.java:handleLeaderChangedNotification(697)) - Leader change notification received for group: group-83A883EAE087 with new leaderId: 020265cf-8215-4e82-9241-b31a46326517
2019-11-13 20:08:47,482 [167876bd-92c4-4c51-979b-51b12cb252bf@group-764E8470B8EF-LeaderElection156] INFO  server.RaftServerConfigKeys (ConfUtils.java:logGet(43)) - raft.server.write.element-limit = 4096 (default)
2019-11-13 20:08:47,482 [020265cf-8215-4e82-9241-b31a46326517@group-83A883EAE087-LeaderElection155] INFO  impl.RaftServerImpl (ServerState.java:setLeader(255)) - 020265cf-8215-4e82-9241-b31a46326517@group-83A883EAE087: change Leader from null to 020265cf-8215-4e82-9241-b31a46326517 at term 1 for becomeLeader, leader elected after 1054ms
2019-11-13 20:08:47,482 [167876bd-92c4-4c51-979b-51b12cb252bf@group-764E8470B8EF-LeaderElection156] INFO  server.RaftServerConfigKeys (ConfUtils.java:logGet(43)) - raft.server.watch.timeout = 10s (default)
2019-11-13 20:08:47,482 [020265cf-8215-4e82-9241-b31a46326517@group-83A883EAE087-LeaderElection155] INFO  server.RaftServerConfigKeys (ConfUtils.java:logGet(43)) - raft.server.staging.catchup.gap = 1000 (default)
2019-11-13 20:08:47,482 [167876bd-92c4-4c51-979b-51b12cb252bf@group-764E8470B8EF-LeaderElection156] INFO  server.RaftServerConfigKeys (ConfUtils.java:logGet(43)) - raft.server.watch.timeout.denomination = 1s (default)
2019-11-13 20:08:47,482 [020265cf-8215-4e82-9241-b31a46326517@group-83A883EAE087-LeaderElection155] INFO  server.RaftServerConfigKeys (ConfUtils.java:logGet(43)) - raft.server.rpc.sleep.time = 25ms (default)
2019-11-13 20:08:47,482 [EventQueue-PipelineReportForPipelineReportHandler] INFO  pipeline.PipelineStateManager (PipelineStateManager.java:openPipeline(134)) - Pipeline Pipeline[ Id: 70665370-c894-4f18-9c48-83a883eae087, Nodes: 4ac79741-1dc4-4e7a-a50d-ac53fab10d14{ip: 192.168.34.38, host: pr-hdds-2469-rfsxc-843238572, networkLocation: /rack1, certSerialId: null}020265cf-8215-4e82-9241-b31a46326517{ip: 192.168.34.38, host: pr-hdds-2469-rfsxc-843238572, networkLocation: /rack1, certSerialId: null}2f9d8c1e-934d-4d04-b20a-ee991adbbfce{ip: 192.168.34.38, host: pr-hdds-2469-rfsxc-843238572, networkLocation: /rack1, certSerialId: null}, Type:RATIS, Factor:THREE, State:OPEN] moved to OPEN state
2019-11-13 20:08:47,482 [167876bd-92c4-4c51-979b-51b12cb252bf@group-764E8470B8EF-LeaderElection156] INFO  server.RaftServerConfigKeys (ConfUtils.java:logGet(43)) - raft.server.watch.element-limit = 65536 (default)
2019-11-13 20:08:47,482 [020265cf-8215-4e82-9241-b31a46326517@group-83A883EAE087-LeaderElection155] INFO  server.RaftServerConfigKeys (ConfUtils.java:logGet(43)) - raft.server.write.element-limit = 4096 (default)
2019-11-13 20:08:47,483 [020265cf-8215-4e82-9241-b31a46326517@group-83A883EAE087-LeaderElection155] INFO  server.RaftServerConfigKeys (ConfUtils.java:logGet(43)) - raft.server.watch.timeout = 10s (default)
2019-11-13 20:08:47,483 [167876bd-92c4-4c51-979b-51b12cb252bf@group-764E8470B8EF-LeaderElection156] INFO  impl.RoleInfo (RoleInfo.java:updateAndGet(143)) - 167876bd-92c4-4c51-979b-51b12cb252bf: start LeaderState
2019-11-13 20:08:47,483 [020265cf-8215-4e82-9241-b31a46326517@group-83A883EAE087-LeaderElection155] INFO  server.RaftServerConfigKeys (ConfUtils.java:logGet(43)) - raft.server.watch.timeout.denomination = 1s (default)
2019-11-13 20:08:47,483 [167876bd-92c4-4c51-979b-51b12cb252bf@group-764E8470B8EF-LeaderElection156] INFO  segmented.SegmentedRaftLogWorker (SegmentedRaftLogWorker.java:startLogSegment(385)) - 167876bd-92c4-4c51-979b-51b12cb252bf@group-764E8470B8EF-SegmentedRaftLogWorker: Starting segment from index:0
2019-11-13 20:08:47,483 [020265cf-8215-4e82-9241-b31a46326517@group-83A883EAE087-LeaderElection155] INFO  server.RaftServerConfigKeys (ConfUtils.java:logGet(43)) - raft.server.watch.element-limit = 65536 (default)
2019-11-13 20:08:47,483 [167876bd-92c4-4c51-979b-51b12cb252bf@group-764E8470B8EF-LeaderElection156] INFO  impl.RaftServerImpl (ServerState.java:setRaftConf(356)) - 167876bd-92c4-4c51-979b-51b12cb252bf@group-764E8470B8EF: set configuration 0: [167876bd-92c4-4c51-979b-51b12cb252bf:192.168.34.38:45159], old=null at 0
2019-11-13 20:08:47,483 [020265cf-8215-4e82-9241-b31a46326517@group-83A883EAE087-LeaderElection155] INFO  server.RaftServerConfigKeys (ConfUtils.java:logGet(43)) - raft.server.log.appender.snapshot.chunk.size.max = 16MB (=16777216) (default)
2019-11-13 20:08:47,509 [020265cf-8215-4e82-9241-b31a46326517@group-83A883EAE087-LeaderElection155] INFO  server.RaftServerConfigKeys (ConfUtils.java:logGet(43)) - raft.server.log.appender.buffer.byte-limit = 33554432 (custom)
2019-11-13 20:08:47,509 [020265cf-8215-4e82-9241-b31a46326517@group-83A883EAE087-LeaderElection155] INFO  server.RaftServerConfigKeys (ConfUtils.java:logGet(43)) - raft.server.log.appender.buffer.element-limit = 1 (custom)
2019-11-13 20:08:47,509 [020265cf-8215-4e82-9241-b31a46326517@group-83A883EAE087-LeaderElection155] INFO  grpc.GrpcConfigKeys$Server (ConfUtils.java:logGet(43)) - raft.grpc.server.leader.outstanding.appends.max = 128 (default)
2019-11-13 20:08:47,509 [020265cf-8215-4e82-9241-b31a46326517@group-83A883EAE087-LeaderElection155] INFO  server.RaftServerConfigKeys (ConfUtils.java:logGet(43)) - raft.server.rpc.request.timeout = 3000ms (default)
2019-11-13 20:08:47,509 [020265cf-8215-4e82-9241-b31a46326517@group-83A883EAE087-LeaderElection155] INFO  server.RaftServerConfigKeys (ConfUtils.java:logGet(43)) - raft.server.log.appender.install.snapshot.enabled = false (custom)
2019-11-13 20:08:47,509 [020265cf-8215-4e82-9241-b31a46326517@group-83A883EAE087-LeaderElection155] WARN  impl.MetricRegistriesImpl (MetricRegistriesImpl.java:lambda$create$1(61)) - First MetricRegistry has been created without registering reporters. You may need to call MetricRegistries.global().addReportRegistration(...) before.
2019-11-13 20:08:47,510 [020265cf-8215-4e82-9241-b31a46326517@group-83A883EAE087-LeaderElection155] INFO  server.RaftServerConfigKeys (ConfUtils.java:logGet(43)) - raft.server.log.appender.snapshot.chunk.size.max = 16MB (=16777216) (default)
2019-11-13 20:08:47,510 [020265cf-8215-4e82-9241-b31a46326517@group-83A883EAE087-LeaderElection155] INFO  server.RaftServerConfigKeys (ConfUtils.java:logGet(43)) - raft.server.log.appender.buffer.byte-limit = 33554432 (custom)
2019-11-13 20:08:47,510 [020265cf-8215-4e82-9241-b31a46326517@group-83A883EAE087-LeaderElection155] INFO  server.RaftServerConfigKeys (ConfUtils.java:logGet(43)) - raft.server.log.appender.buffer.element-limit = 1 (custom)
2019-11-13 20:08:47,510 [020265cf-8215-4e82-9241-b31a46326517@group-83A883EAE087-LeaderElection155] INFO  grpc.GrpcConfigKeys$Server (ConfUtils.java:logGet(43)) - raft.grpc.server.leader.outstanding.appends.max = 128 (default)
2019-11-13 20:08:47,510 [020265cf-8215-4e82-9241-b31a46326517@group-83A883EAE087-LeaderElection155] INFO  server.RaftServerConfigKeys (ConfUtils.java:logGet(43)) - raft.server.rpc.request.timeout = 3000ms (default)
2019-11-13 20:08:47,510 [020265cf-8215-4e82-9241-b31a46326517@group-83A883EAE087-LeaderElection155] INFO  server.RaftServerConfigKeys (ConfUtils.java:logGet(43)) - raft.server.log.appender.install.snapshot.enabled = false (custom)
2019-11-13 20:08:47,510 [020265cf-8215-4e82-9241-b31a46326517@group-83A883EAE087-LeaderElection155] INFO  impl.RoleInfo (RoleInfo.java:updateAndGet(143)) - 020265cf-8215-4e82-9241-b31a46326517: start LeaderState
2019-11-13 20:08:47,510 [020265cf-8215-4e82-9241-b31a46326517@group-83A883EAE087-LeaderElection155] INFO  segmented.SegmentedRaftLogWorker (SegmentedRaftLogWorker.java:startLogSegment(385)) - 020265cf-8215-4e82-9241-b31a46326517@group-83A883EAE087-SegmentedRaftLogWorker: Starting segment from index:0
2019-11-13 20:08:47,511 [020265cf-8215-4e82-9241-b31a46326517@group-83A883EAE087-LeaderElection155] INFO  impl.RaftServerImpl (ServerState.java:setRaftConf(356)) - 020265cf-8215-4e82-9241-b31a46326517@group-83A883EAE087: set configuration 0: [020265cf-8215-4e82-9241-b31a46326517:192.168.34.38:43042, 2f9d8c1e-934d-4d04-b20a-ee991adbbfce:192.168.34.38:42314, 4ac79741-1dc4-4e7a-a50d-ac53fab10d14:192.168.34.38:46397], old=null at 0
2019-11-13 20:08:47,535 [167876bd-92c4-4c51-979b-51b12cb252bf@group-764E8470B8EF-SegmentedRaftLogWorker] INFO  segmented.SegmentedRaftLogWorker (SegmentedRaftLogWorker.java:execute(576)) - 167876bd-92c4-4c51-979b-51b12cb252bf@group-764E8470B8EF-SegmentedRaftLogWorker: created new log segment /workdir/hadoop-ozone/integration-test/target/test-dir/MiniOzoneClusterImpl-89214370-af8c-46c8-b403-f68b2ae7a3e8/datanode-6/data/ratis/45045df8-368a-4f02-a522-764e8470b8ef/current/log_inprogress_0
2019-11-13 20:08:47,538 [grpc-default-executor-16] INFO  ratis.XceiverServerRatis (XceiverServerRatis.java:handleLeaderChangedNotification(697)) - Leader change notification received for group: group-83A883EAE087 with new leaderId: 020265cf-8215-4e82-9241-b31a46326517
2019-11-13 20:08:47,539 [grpc-default-executor-16] INFO  impl.RaftServerImpl (ServerState.java:setLeader(255)) - 4ac79741-1dc4-4e7a-a50d-ac53fab10d14@group-83A883EAE087: change Leader from null to 020265cf-8215-4e82-9241-b31a46326517 at term 1 for appendEntries, leader elected after 1111ms
2019-11-13 20:08:47,541 [grpc-default-executor-13] INFO  ratis.XceiverServerRatis (XceiverServerRatis.java:handleLeaderChangedNotification(697)) - Leader change notification received for group: group-83A883EAE087 with new leaderId: 020265cf-8215-4e82-9241-b31a46326517
2019-11-13 20:08:47,541 [grpc-default-executor-13] INFO  impl.RaftServerImpl (ServerState.java:setLeader(255)) - 2f9d8c1e-934d-4d04-b20a-ee991adbbfce@group-83A883EAE087: change Leader from null to 020265cf-8215-4e82-9241-b31a46326517 at term 1 for appendEntries, leader elected after 1114ms
2019-11-13 20:08:47,542 [grpc-default-executor-13] INFO  impl.RaftServerImpl (ServerState.java:setRaftConf(356)) - 4ac79741-1dc4-4e7a-a50d-ac53fab10d14@group-83A883EAE087: set configuration 0: [020265cf-8215-4e82-9241-b31a46326517:192.168.34.38:43042, 2f9d8c1e-934d-4d04-b20a-ee991adbbfce:192.168.34.38:42314, 4ac79741-1dc4-4e7a-a50d-ac53fab10d14:192.168.34.38:46397], old=null at 0
2019-11-13 20:08:47,542 [grpc-default-executor-16] INFO  impl.RaftServerImpl (ServerState.java:setRaftConf(356)) - 2f9d8c1e-934d-4d04-b20a-ee991adbbfce@group-83A883EAE087: set configuration 0: [020265cf-8215-4e82-9241-b31a46326517:192.168.34.38:43042, 2f9d8c1e-934d-4d04-b20a-ee991adbbfce:192.168.34.38:42314, 4ac79741-1dc4-4e7a-a50d-ac53fab10d14:192.168.34.38:46397], old=null at 0
2019-11-13 20:08:47,542 [grpc-default-executor-13] INFO  segmented.SegmentedRaftLogWorker (SegmentedRaftLogWorker.java:startLogSegment(385)) - 4ac79741-1dc4-4e7a-a50d-ac53fab10d14@group-83A883EAE087-SegmentedRaftLogWorker: Starting segment from index:0
2019-11-13 20:08:47,543 [grpc-default-executor-16] INFO  segmented.SegmentedRaftLogWorker (SegmentedRaftLogWorker.java:startLogSegment(385)) - 2f9d8c1e-934d-4d04-b20a-ee991adbbfce@group-83A883EAE087-SegmentedRaftLogWorker: Starting segment from index:0
2019-11-13 20:08:47,550 [020265cf-8215-4e82-9241-b31a46326517@group-83A883EAE087-SegmentedRaftLogWorker] INFO  segmented.SegmentedRaftLogWorker (SegmentedRaftLogWorker.java:execute(576)) - 020265cf-8215-4e82-9241-b31a46326517@group-83A883EAE087-SegmentedRaftLogWorker: created new log segment /workdir/hadoop-ozone/integration-test/target/test-dir/MiniOzoneClusterImpl-89214370-af8c-46c8-b403-f68b2ae7a3e8/datanode-3/data/ratis/70665370-c894-4f18-9c48-83a883eae087/current/log_inprogress_0
2019-11-13 20:08:47,583 [4ac79741-1dc4-4e7a-a50d-ac53fab10d14@group-83A883EAE087-SegmentedRaftLogWorker] INFO  segmented.SegmentedRaftLogWorker (SegmentedRaftLogWorker.java:execute(576)) - 4ac79741-1dc4-4e7a-a50d-ac53fab10d14@group-83A883EAE087-SegmentedRaftLogWorker: created new log segment /workdir/hadoop-ozone/integration-test/target/test-dir/MiniOzoneClusterImpl-89214370-af8c-46c8-b403-f68b2ae7a3e8/datanode-5/data/ratis/70665370-c894-4f18-9c48-83a883eae087/current/log_inprogress_0
2019-11-13 20:08:47,583 [2f9d8c1e-934d-4d04-b20a-ee991adbbfce@group-83A883EAE087-SegmentedRaftLogWorker] INFO  segmented.SegmentedRaftLogWorker (SegmentedRaftLogWorker.java:execute(576)) - 2f9d8c1e-934d-4d04-b20a-ee991adbbfce@group-83A883EAE087-SegmentedRaftLogWorker: created new log segment /workdir/hadoop-ozone/integration-test/target/test-dir/MiniOzoneClusterImpl-89214370-af8c-46c8-b403-f68b2ae7a3e8/datanode-4/data/ratis/70665370-c894-4f18-9c48-83a883eae087/current/log_inprogress_0
2019-11-13 20:08:50,779 [main] INFO  ozoneimpl.OzoneContainer (OzoneContainer.java:stop(244)) - Attempting to stop container services.
2019-11-13 20:08:50,780 [main] INFO  impl.RaftServerProxy (RaftServerProxy.java:lambda$close$4(314)) - 63348c40-6caf-45cd-85ad-36e15dedc157: close
2019-11-13 20:08:50,780 [main] INFO  impl.RaftServerImpl (RaftServerImpl.java:lambda$shutdown$3(250)) - 63348c40-6caf-45cd-85ad-36e15dedc157@group-2E3EC34D3C39: shutdown
2019-11-13 20:08:50,780 [main] INFO  util.JmxRegister (JmxRegister.java:unregister(73)) - Successfully un-registered JMX Bean with object name Ratis:service=RaftServer,group=group-2E3EC34D3C39,id=63348c40-6caf-45cd-85ad-36e15dedc157
2019-11-13 20:08:50,780 [ForkJoinPool.commonPool-worker-1] INFO  impl.RaftServerImpl (RaftServerImpl.java:lambda$shutdown$3(250)) - 63348c40-6caf-45cd-85ad-36e15dedc157@group-7A5735C625A6: shutdown
2019-11-13 20:08:50,780 [main] INFO  impl.RoleInfo (RoleInfo.java:shutdownLeaderState(104)) - 63348c40-6caf-45cd-85ad-36e15dedc157: shutdown LeaderState
2019-11-13 20:08:50,781 [ForkJoinPool.commonPool-worker-1] INFO  util.JmxRegister (JmxRegister.java:unregister(73)) - Successfully un-registered JMX Bean with object name Ratis:service=RaftServer,group=group-7A5735C625A6,id=63348c40-6caf-45cd-85ad-36e15dedc157
2019-11-13 20:08:50,781 [main] INFO  impl.PendingRequests (PendingRequests.java:sendNotLeaderResponses(206)) - 63348c40-6caf-45cd-85ad-36e15dedc157@group-2E3EC34D3C39-PendingRequests: sendNotLeaderResponses
2019-11-13 20:08:50,781 [ForkJoinPool.commonPool-worker-1] INFO  impl.RoleInfo (RoleInfo.java:shutdownLeaderState(104)) - 63348c40-6caf-45cd-85ad-36e15dedc157: shutdown LeaderState
2019-11-13 20:08:50,781 [main] INFO  impl.StateMachineUpdater (StateMachineUpdater.java:stopAndJoin(136)) - 63348c40-6caf-45cd-85ad-36e15dedc157@group-2E3EC34D3C39-StateMachineUpdater: set stopIndex = 0
2019-11-13 20:08:50,785 [org.apache.ratis.server.impl.LogAppender$AppenderDaemon$$Lambda$506/1658834723@649558b1] WARN  server.GrpcLogAppender (GrpcLogAppender.java:mayWait(151)) - 63348c40-6caf-45cd-85ad-36e15dedc157@group-7A5735C625A6->7ba2007b-7453-4993-98f1-4fc841af859b-GrpcLogAppender: Wait interrupted by java.lang.InterruptedException
2019-11-13 20:08:50,785 [ForkJoinPool.commonPool-worker-1] INFO  impl.PendingRequests (PendingRequests.java:sendNotLeaderResponses(206)) - 63348c40-6caf-45cd-85ad-36e15dedc157@group-7A5735C625A6-PendingRequests: sendNotLeaderResponses
2019-11-13 20:08:50,786 [grpc-default-executor-13] INFO  server.GrpcServerProtocolService (GrpcServerProtocolService.java:onCompleted(113)) - 7ba2007b-7453-4993-98f1-4fc841af859b: Completed APPEND_ENTRIES, lastRequest: 63348c40-6caf-45cd-85ad-36e15dedc157->7ba2007b-7453-4993-98f1-4fc841af859b#7-t1, previous=(t:1, i:0), leaderCommit=0, initializing? false, entries: <empty>
2019-11-13 20:08:50,786 [ForkJoinPool.commonPool-worker-1] INFO  impl.StateMachineUpdater (StateMachineUpdater.java:stopAndJoin(136)) - 63348c40-6caf-45cd-85ad-36e15dedc157@group-7A5735C625A6-StateMachineUpdater: set stopIndex = 0
2019-11-13 20:08:50,785 [org.apache.ratis.server.impl.LogAppender$AppenderDaemon$$Lambda$506/1658834723@2197da47] WARN  server.GrpcLogAppender (GrpcLogAppender.java:mayWait(151)) - 63348c40-6caf-45cd-85ad-36e15dedc157@group-7A5735C625A6->d9031576-438e-4c71-bddc-2fb75a9376b9-GrpcLogAppender: Wait interrupted by java.lang.InterruptedException
2019-11-13 20:08:50,786 [ForkJoinPool.commonPool-worker-1] INFO  impl.RaftServerImpl (ServerState.java:close(387)) - 63348c40-6caf-45cd-85ad-36e15dedc157@group-7A5735C625A6: closes. applyIndex: 0
2019-11-13 20:08:50,786 [grpc-default-executor-13] INFO  server.GrpcLogAppender (GrpcLogAppender.java:onCompleted(308)) - 63348c40-6caf-45cd-85ad-36e15dedc157@group-7A5735C625A6->7ba2007b-7453-4993-98f1-4fc841af859b-AppendLogResponseHandler: follower responses appendEntries COMPLETED
2019-11-13 20:08:50,787 [63348c40-6caf-45cd-85ad-36e15dedc157@group-7A5735C625A6-SegmentedRaftLogWorker] INFO  segmented.SegmentedRaftLogWorker (SegmentedRaftLogWorker.java:run(316)) - 63348c40-6caf-45cd-85ad-36e15dedc157@group-7A5735C625A6-SegmentedRaftLogWorker was interrupted, exiting. There are 0 tasks remaining in the queue.
2019-11-13 20:08:50,786 [main] INFO  impl.RaftServerImpl (ServerState.java:close(387)) - 63348c40-6caf-45cd-85ad-36e15dedc157@group-2E3EC34D3C39: closes. applyIndex: 0
2019-11-13 20:08:50,787 [grpc-default-executor-16] INFO  server.GrpcServerProtocolService (GrpcServerProtocolService.java:onCompleted(113)) - d9031576-438e-4c71-bddc-2fb75a9376b9: Completed APPEND_ENTRIES, lastRequest: 63348c40-6caf-45cd-85ad-36e15dedc157->d9031576-438e-4c71-bddc-2fb75a9376b9#7-t1, previous=(t:1, i:0), leaderCommit=0, initializing? false, entries: <empty>
2019-11-13 20:08:50,787 [63348c40-6caf-45cd-85ad-36e15dedc157@group-2E3EC34D3C39-SegmentedRaftLogWorker] INFO  segmented.SegmentedRaftLogWorker (SegmentedRaftLogWorker.java:run(316)) - 63348c40-6caf-45cd-85ad-36e15dedc157@group-2E3EC34D3C39-SegmentedRaftLogWorker was interrupted, exiting. There are 0 tasks remaining in the queue.
2019-11-13 20:08:50,787 [ForkJoinPool.commonPool-worker-1] INFO  segmented.SegmentedRaftLogWorker (SegmentedRaftLogWorker.java:close(224)) - 63348c40-6caf-45cd-85ad-36e15dedc157@group-7A5735C625A6-SegmentedRaftLogWorker close()
2019-11-13 20:08:50,787 [grpc-default-executor-13] INFO  impl.FollowerInfo (FollowerInfo.java:lambda$new$0(51)) - 63348c40-6caf-45cd-85ad-36e15dedc157@group-7A5735C625A6->7ba2007b-7453-4993-98f1-4fc841af859b: nextIndex: updateUnconditionally 1 -> 0
2019-11-13 20:08:50,787 [main] INFO  segmented.SegmentedRaftLogWorker (SegmentedRaftLogWorker.java:close(224)) - 63348c40-6caf-45cd-85ad-36e15dedc157@group-2E3EC34D3C39-SegmentedRaftLogWorker close()
2019-11-13 20:08:50,787 [grpc-default-executor-16] INFO  server.GrpcLogAppender (GrpcLogAppender.java:onCompleted(308)) - 63348c40-6caf-45cd-85ad-36e15dedc157@group-7A5735C625A6->d9031576-438e-4c71-bddc-2fb75a9376b9-AppendLogResponseHandler: follower responses appendEntries COMPLETED
2019-11-13 20:08:50,791 [main] INFO  server.GrpcService (GrpcService.java:closeImpl(164)) - 63348c40-6caf-45cd-85ad-36e15dedc157: shutdown server with port 33072 now
2019-11-13 20:08:50,791 [grpc-default-executor-16] INFO  impl.FollowerInfo (FollowerInfo.java:lambda$new$0(51)) - 63348c40-6caf-45cd-85ad-36e15dedc157@group-7A5735C625A6->d9031576-438e-4c71-bddc-2fb75a9376b9: nextIndex: updateUnconditionally 1 -> 0
2019-11-13 20:08:50,791 [main] INFO  server.GrpcService (GrpcService.java:closeImpl(172)) - 63348c40-6caf-45cd-85ad-36e15dedc157: shutdown server with port 33072 successfully
2019-11-13 20:08:50,792 [refreshUsed-/workdir/hadoop-ozone/integration-test/target/test-dir/MiniOzoneClusterImpl-89214370-af8c-46c8-b403-f68b2ae7a3e8/datanode-0/data/containers] WARN  fs.CachingGetSpaceUsed (CachingGetSpaceUsed.java:run(183)) - Thread Interrupted waiting to refresh disk information: sleep interrupted
2019-11-13 20:08:50,804 [main] INFO  utils.BackgroundService (BackgroundService.java:shutdown(151)) - Shutting down service BlockDeletingService
2019-11-13 20:08:50,809 [main] INFO  statemachine.DatanodeStateMachine (DatanodeStateMachine.java:stopDaemon(395)) - Ozone container server stopped.
2019-11-13 20:08:50,810 [main] INFO  handler.ContextHandler (ContextHandler.java:doStop(910)) - Stopped o.e.j.w.WebAppContext@527937d0{/,null,UNAVAILABLE}{/hddsDatanode}
2019-11-13 20:08:50,810 [main] INFO  server.AbstractConnector (AbstractConnector.java:doStop(318)) - Stopped ServerConnector@36d582cb{HTTP/1.1,[http/1.1]}{0.0.0.0:0}
2019-11-13 20:08:50,810 [main] INFO  handler.ContextHandler (ContextHandler.java:doStop(910)) - Stopped o.e.j.s.ServletContextHandler@39133244{/static,jar:file:/home/user/.m2/repository/org/apache/hadoop/hadoop-hdds-container-service/0.5.0-SNAPSHOT/hadoop-hdds-container-service-0.5.0-SNAPSHOT.jar!/webapps/static,UNAVAILABLE}
2019-11-13 20:08:50,811 [main] INFO  handler.ContextHandler (ContextHandler.java:doStop(910)) - Stopped o.e.j.s.ServletContextHandler@55a0f011{/logs,file:///workdir/hadoop-ozone/integration-test/target/log,UNAVAILABLE}
2019-11-13 20:08:51,568 [Thread-4887] INFO  impl.FollowerState (FollowerState.java:run(111)) - 7ba2007b-7453-4993-98f1-4fc841af859b@group-7A5735C625A6-FollowerState: change to CANDIDATE, lastRpcTime:1267ms, electionTimeout:1067ms
2019-11-13 20:08:51,569 [Thread-4887] INFO  impl.RoleInfo (RoleInfo.java:shutdownFollowerState(121)) - 7ba2007b-7453-4993-98f1-4fc841af859b: shutdown FollowerState
2019-11-13 20:08:51,569 [Thread-4887] INFO  impl.RaftServerImpl (RaftServerImpl.java:setRole(173)) - 7ba2007b-7453-4993-98f1-4fc841af859b@group-7A5735C625A6: changes role from  FOLLOWER to CANDIDATE at term 1 for changeToCandidate
2019-11-13 20:08:51,569 [Thread-4887] INFO  impl.RoleInfo (RoleInfo.java:updateAndGet(143)) - 7ba2007b-7453-4993-98f1-4fc841af859b: start LeaderElection
2019-11-13 20:08:51,569 [7ba2007b-7453-4993-98f1-4fc841af859b@group-7A5735C625A6-LeaderElection157] INFO  impl.RaftServerImpl (ServerState.java:setLeader(255)) - 7ba2007b-7453-4993-98f1-4fc841af859b@group-7A5735C625A6: change Leader from 63348c40-6caf-45cd-85ad-36e15dedc157 to null at term 1 for initElection
2019-11-13 20:08:51,586 [7ba2007b-7453-4993-98f1-4fc841af859b@group-7A5735C625A6-LeaderElection157] INFO  impl.LeaderElection (LeaderElection.java:askForVotes(178)) - 7ba2007b-7453-4993-98f1-4fc841af859b@group-7A5735C625A6-LeaderElection157: begin an election at term 2 for 0: [63348c40-6caf-45cd-85ad-36e15dedc157:192.168.34.38:33072, 7ba2007b-7453-4993-98f1-4fc841af859b:192.168.34.38:37487, d9031576-438e-4c71-bddc-2fb75a9376b9:192.168.34.38:45924], old=null
2019-11-13 20:08:51,588 [7ba2007b-7453-4993-98f1-4fc841af859b@group-7A5735C625A6-LeaderElection157] INFO  impl.LeaderElection (LogUtils.java:infoOrTrace(149)) - 7ba2007b-7453-4993-98f1-4fc841af859b@group-7A5735C625A6-LeaderElection157 got exception when requesting votes: {}
java.util.concurrent.ExecutionException: org.apache.ratis.thirdparty.io.grpc.StatusRuntimeException: UNAVAILABLE: io exception
	at java.util.concurrent.FutureTask.report(FutureTask.java:122)
	at java.util.concurrent.FutureTask.get(FutureTask.java:192)
	at org.apache.ratis.server.impl.LeaderElection.waitForResults(LeaderElection.java:259)
	at org.apache.ratis.server.impl.LeaderElection.askForVotes(LeaderElection.java:197)
	at org.apache.ratis.server.impl.LeaderElection.run(LeaderElection.java:133)
	at java.lang.Thread.run(Thread.java:748)
Caused by: org.apache.ratis.thirdparty.io.grpc.StatusRuntimeException: UNAVAILABLE: io exception
	at org.apache.ratis.thirdparty.io.grpc.stub.ClientCalls.toStatusRuntimeException(ClientCalls.java:233)
	at org.apache.ratis.thirdparty.io.grpc.stub.ClientCalls.getUnchecked(ClientCalls.java:214)
	at org.apache.ratis.thirdparty.io.grpc.stub.ClientCalls.blockingUnaryCall(ClientCalls.java:139)
	at org.apache.ratis.proto.grpc.RaftServerProtocolServiceGrpc$RaftServerProtocolServiceBlockingStub.requestVote(RaftServerProtocolServiceGrpc.java:265)
	at org.apache.ratis.grpc.server.GrpcServerProtocolClient.requestVote(GrpcServerProtocolClient.java:99)
	at org.apache.ratis.grpc.server.GrpcService.requestVote(GrpcService.java:204)
	at org.apache.ratis.server.impl.LeaderElection.lambda$submitRequests$1(LeaderElection.java:234)
	at java.util.concurrent.FutureTask.run(FutureTask.java:266)
	at java.util.concurrent.Executors$RunnableAdapter.call(Executors.java:511)
	at java.util.concurrent.FutureTask.run(FutureTask.java:266)
	at java.util.concurrent.ThreadPoolExecutor.runWorker(ThreadPoolExecutor.java:1149)
	at java.util.concurrent.ThreadPoolExecutor$Worker.run(ThreadPoolExecutor.java:624)
	... 1 more
Caused by: org.apache.ratis.thirdparty.io.netty.channel.AbstractChannel$AnnotatedConnectException: Connection refused: /192.168.34.38:33072
	at sun.nio.ch.SocketChannelImpl.checkConnect(Native Method)
	at sun.nio.ch.SocketChannelImpl.finishConnect(SocketChannelImpl.java:717)
	at org.apache.ratis.thirdparty.io.netty.channel.socket.nio.NioSocketChannel.doFinishConnect(NioSocketChannel.java:327)
	at org.apache.ratis.thirdparty.io.netty.channel.nio.AbstractNioChannel$AbstractNioUnsafe.finishConnect(AbstractNioChannel.java:340)
	at org.apache.ratis.thirdparty.io.netty.channel.nio.NioEventLoop.processSelectedKey(NioEventLoop.java:632)
	at org.apache.ratis.thirdparty.io.netty.channel.nio.NioEventLoop.processSelectedKeysOptimized(NioEventLoop.java:579)
	at org.apache.ratis.thirdparty.io.netty.channel.nio.NioEventLoop.processSelectedKeys(NioEventLoop.java:496)
	at org.apache.ratis.thirdparty.io.netty.channel.nio.NioEventLoop.run(NioEventLoop.java:458)
	at org.apache.ratis.thirdparty.io.netty.util.concurrent.SingleThreadEventExecutor$5.run(SingleThreadEventExecutor.java:897)
	at org.apache.ratis.thirdparty.io.netty.util.concurrent.FastThreadLocalRunnable.run(FastThreadLocalRunnable.java:30)
	... 1 more
Caused by: java.net.ConnectException: Connection refused
	... 11 more
2019-11-13 20:08:51,593 [grpc-default-executor-13] INFO  impl.RaftServerImpl (ServerState.java:setLeader(255)) - d9031576-438e-4c71-bddc-2fb75a9376b9@group-7A5735C625A6: change Leader from 63348c40-6caf-45cd-85ad-36e15dedc157 to null at term 2 for updateCurrentTerm
2019-11-13 20:08:51,593 [grpc-default-executor-13] INFO  impl.RaftServerImpl (RaftServerImpl.java:setRole(173)) - d9031576-438e-4c71-bddc-2fb75a9376b9@group-7A5735C625A6: changes role from  FOLLOWER to FOLLOWER at term 2 for recognizeCandidate:7ba2007b-7453-4993-98f1-4fc841af859b
2019-11-13 20:08:51,594 [grpc-default-executor-13] INFO  impl.RoleInfo (RoleInfo.java:shutdownFollowerState(121)) - d9031576-438e-4c71-bddc-2fb75a9376b9: shutdown FollowerState
2019-11-13 20:08:51,594 [grpc-default-executor-13] INFO  impl.RoleInfo (RoleInfo.java:updateAndGet(143)) - d9031576-438e-4c71-bddc-2fb75a9376b9: start FollowerState
2019-11-13 20:08:51,594 [Thread-4886] INFO  impl.FollowerState (FollowerState.java:run(120)) - d9031576-438e-4c71-bddc-2fb75a9376b9@group-7A5735C625A6-FollowerState was interrupted: java.lang.InterruptedException: sleep interrupted
2019-11-13 20:08:51,602 [7ba2007b-7453-4993-98f1-4fc841af859b@group-7A5735C625A6-LeaderElection157] INFO  impl.LeaderElection (LeaderElection.java:logAndReturn(56)) - 7ba2007b-7453-4993-98f1-4fc841af859b@group-7A5735C625A6-LeaderElection157: Election PASSED; received 1 response(s) [7ba2007b-7453-4993-98f1-4fc841af859b<-d9031576-438e-4c71-bddc-2fb75a9376b9#0:OK-t2] and 1 exception(s); 7ba2007b-7453-4993-98f1-4fc841af859b@group-7A5735C625A6:t2, leader=null, voted=7ba2007b-7453-4993-98f1-4fc841af859b, raftlog=7ba2007b-7453-4993-98f1-4fc841af859b@group-7A5735C625A6-SegmentedRaftLog:OPENED:c0,f0,i0, conf=0: [63348c40-6caf-45cd-85ad-36e15dedc157:192.168.34.38:33072, 7ba2007b-7453-4993-98f1-4fc841af859b:192.168.34.38:37487, d9031576-438e-4c71-bddc-2fb75a9376b9:192.168.34.38:45924], old=null
2019-11-13 20:08:51,602 [7ba2007b-7453-4993-98f1-4fc841af859b@group-7A5735C625A6-LeaderElection157] INFO  impl.LeaderElection (LogUtils.java:infoOrTrace(149)) -   Exception 0: {}
java.util.concurrent.ExecutionException: org.apache.ratis.thirdparty.io.grpc.StatusRuntimeException: UNAVAILABLE: io exception
	at java.util.concurrent.FutureTask.report(FutureTask.java:122)
	at java.util.concurrent.FutureTask.get(FutureTask.java:192)
	at org.apache.ratis.server.impl.LeaderElection.waitForResults(LeaderElection.java:259)
	at org.apache.ratis.server.impl.LeaderElection.askForVotes(LeaderElection.java:197)
	at org.apache.ratis.server.impl.LeaderElection.run(LeaderElection.java:133)
	at java.lang.Thread.run(Thread.java:748)
Caused by: org.apache.ratis.thirdparty.io.grpc.StatusRuntimeException: UNAVAILABLE: io exception
	at org.apache.ratis.thirdparty.io.grpc.stub.ClientCalls.toStatusRuntimeException(ClientCalls.java:233)
	at org.apache.ratis.thirdparty.io.grpc.stub.ClientCalls.getUnchecked(ClientCalls.java:214)
	at org.apache.ratis.thirdparty.io.grpc.stub.ClientCalls.blockingUnaryCall(ClientCalls.java:139)
	at org.apache.ratis.proto.grpc.RaftServerProtocolServiceGrpc$RaftServerProtocolServiceBlockingStub.requestVote(RaftServerProtocolServiceGrpc.java:265)
	at org.apache.ratis.grpc.server.GrpcServerProtocolClient.requestVote(GrpcServerProtocolClient.java:99)
	at org.apache.ratis.grpc.server.GrpcService.requestVote(GrpcService.java:204)
	at org.apache.ratis.server.impl.LeaderElection.lambda$submitRequests$1(LeaderElection.java:234)
	at java.util.concurrent.FutureTask.run(FutureTask.java:266)
	at java.util.concurrent.Executors$RunnableAdapter.call(Executors.java:511)
	at java.util.concurrent.FutureTask.run(FutureTask.java:266)
	at java.util.concurrent.ThreadPoolExecutor.runWorker(ThreadPoolExecutor.java:1149)
	at java.util.concurrent.ThreadPoolExecutor$Worker.run(ThreadPoolExecutor.java:624)
	... 1 more
Caused by: org.apache.ratis.thirdparty.io.netty.channel.AbstractChannel$AnnotatedConnectException: Connection refused: /192.168.34.38:33072
	at sun.nio.ch.SocketChannelImpl.checkConnect(Native Method)
	at sun.nio.ch.SocketChannelImpl.finishConnect(SocketChannelImpl.java:717)
	at org.apache.ratis.thirdparty.io.netty.channel.socket.nio.NioSocketChannel.doFinishConnect(NioSocketChannel.java:327)
	at org.apache.ratis.thirdparty.io.netty.channel.nio.AbstractNioChannel$AbstractNioUnsafe.finishConnect(AbstractNioChannel.java:340)
	at org.apache.ratis.thirdparty.io.netty.channel.nio.NioEventLoop.processSelectedKey(NioEventLoop.java:632)
	at org.apache.ratis.thirdparty.io.netty.channel.nio.NioEventLoop.processSelectedKeysOptimized(NioEventLoop.java:579)
	at org.apache.ratis.thirdparty.io.netty.channel.nio.NioEventLoop.processSelectedKeys(NioEventLoop.java:496)
	at org.apache.ratis.thirdparty.io.netty.channel.nio.NioEventLoop.run(NioEventLoop.java:458)
	at org.apache.ratis.thirdparty.io.netty.util.concurrent.SingleThreadEventExecutor$5.run(SingleThreadEventExecutor.java:897)
	at org.apache.ratis.thirdparty.io.netty.util.concurrent.FastThreadLocalRunnable.run(FastThreadLocalRunnable.java:30)
	... 1 more
Caused by: java.net.ConnectException: Connection refused
	... 11 more
2019-11-13 20:08:51,602 [7ba2007b-7453-4993-98f1-4fc841af859b@group-7A5735C625A6-LeaderElection157] INFO  impl.RoleInfo (RoleInfo.java:shutdownLeaderElection(134)) - 7ba2007b-7453-4993-98f1-4fc841af859b: shutdown LeaderElection
2019-11-13 20:08:51,602 [7ba2007b-7453-4993-98f1-4fc841af859b@group-7A5735C625A6-LeaderElection157] INFO  impl.RaftServerImpl (RaftServerImpl.java:setRole(173)) - 7ba2007b-7453-4993-98f1-4fc841af859b@group-7A5735C625A6: changes role from CANDIDATE to LEADER at term 2 for changeToLeader
2019-11-13 20:08:51,602 [7ba2007b-7453-4993-98f1-4fc841af859b@group-7A5735C625A6-LeaderElection157] INFO  ratis.XceiverServerRatis (XceiverServerRatis.java:handleLeaderChangedNotification(697)) - Leader change notification received for group: group-7A5735C625A6 with new leaderId: 7ba2007b-7453-4993-98f1-4fc841af859b
2019-11-13 20:08:51,603 [7ba2007b-7453-4993-98f1-4fc841af859b@group-7A5735C625A6-LeaderElection157] INFO  impl.RaftServerImpl (ServerState.java:setLeader(255)) - 7ba2007b-7453-4993-98f1-4fc841af859b@group-7A5735C625A6: change Leader from null to 7ba2007b-7453-4993-98f1-4fc841af859b at term 2 for becomeLeader, leader elected after 33ms
2019-11-13 20:08:51,603 [7ba2007b-7453-4993-98f1-4fc841af859b@group-7A5735C625A6-LeaderElection157] INFO  server.RaftServerConfigKeys (ConfUtils.java:logGet(43)) - raft.server.staging.catchup.gap = 1000 (default)
2019-11-13 20:08:51,603 [7ba2007b-7453-4993-98f1-4fc841af859b@group-7A5735C625A6-LeaderElection157] INFO  server.RaftServerConfigKeys (ConfUtils.java:logGet(43)) - raft.server.rpc.sleep.time = 25ms (default)
2019-11-13 20:08:51,603 [7ba2007b-7453-4993-98f1-4fc841af859b@group-7A5735C625A6-LeaderElection157] INFO  server.RaftServerConfigKeys (ConfUtils.java:logGet(43)) - raft.server.write.element-limit = 4096 (default)
2019-11-13 20:08:51,603 [7ba2007b-7453-4993-98f1-4fc841af859b@group-7A5735C625A6-LeaderElection157] INFO  server.RaftServerConfigKeys (ConfUtils.java:logGet(43)) - raft.server.watch.timeout = 10s (default)
2019-11-13 20:08:51,603 [7ba2007b-7453-4993-98f1-4fc841af859b@group-7A5735C625A6-LeaderElection157] INFO  server.RaftServerConfigKeys (ConfUtils.java:logGet(43)) - raft.server.watch.timeout.denomination = 1s (default)
2019-11-13 20:08:51,603 [7ba2007b-7453-4993-98f1-4fc841af859b@group-7A5735C625A6-LeaderElection157] INFO  server.RaftServerConfigKeys (ConfUtils.java:logGet(43)) - raft.server.watch.element-limit = 65536 (default)
2019-11-13 20:08:51,603 [7ba2007b-7453-4993-98f1-4fc841af859b@group-7A5735C625A6-LeaderElection157] INFO  server.RaftServerConfigKeys (ConfUtils.java:logGet(43)) - raft.server.log.appender.snapshot.chunk.size.max = 16MB (=16777216) (default)
2019-11-13 20:08:51,603 [7ba2007b-7453-4993-98f1-4fc841af859b@group-7A5735C625A6-LeaderElection157] INFO  server.RaftServerConfigKeys (ConfUtils.java:logGet(43)) - raft.server.log.appender.buffer.byte-limit = 33554432 (custom)
2019-11-13 20:08:51,603 [EventQueue-PipelineReportForPipelineReportHandler] INFO  pipeline.PipelineStateManager (PipelineStateManager.java:openPipeline(134)) - Pipeline Pipeline[ Id: b968c606-df46-4038-99ba-7a5735c625a6, Nodes: 63348c40-6caf-45cd-85ad-36e15dedc157{ip: 192.168.34.38, host: pr-hdds-2469-rfsxc-843238572, networkLocation: /rack1, certSerialId: null}7ba2007b-7453-4993-98f1-4fc841af859b{ip: 192.168.34.38, host: pr-hdds-2469-rfsxc-843238572, networkLocation: /rack1, certSerialId: null}d9031576-438e-4c71-bddc-2fb75a9376b9{ip: 192.168.34.38, host: pr-hdds-2469-rfsxc-843238572, networkLocation: /rack1, certSerialId: null}, Type:RATIS, Factor:THREE, State:OPEN] moved to OPEN state
2019-11-13 20:08:51,603 [7ba2007b-7453-4993-98f1-4fc841af859b@group-7A5735C625A6-LeaderElection157] INFO  server.RaftServerConfigKeys (ConfUtils.java:logGet(43)) - raft.server.log.appender.buffer.element-limit = 1 (custom)
2019-11-13 20:08:51,604 [7ba2007b-7453-4993-98f1-4fc841af859b@group-7A5735C625A6-LeaderElection157] INFO  grpc.GrpcConfigKeys$Server (ConfUtils.java:logGet(43)) - raft.grpc.server.leader.outstanding.appends.max = 128 (default)
2019-11-13 20:08:51,604 [7ba2007b-7453-4993-98f1-4fc841af859b@group-7A5735C625A6-LeaderElection157] INFO  server.RaftServerConfigKeys (ConfUtils.java:logGet(43)) - raft.server.rpc.request.timeout = 3000ms (default)
2019-11-13 20:08:51,604 [7ba2007b-7453-4993-98f1-4fc841af859b@group-7A5735C625A6-LeaderElection157] INFO  server.RaftServerConfigKeys (ConfUtils.java:logGet(43)) - raft.server.log.appender.install.snapshot.enabled = false (custom)
2019-11-13 20:08:51,604 [7ba2007b-7453-4993-98f1-4fc841af859b@group-7A5735C625A6-LeaderElection157] WARN  impl.MetricRegistriesImpl (MetricRegistriesImpl.java:lambda$create$1(61)) - First MetricRegistry has been created without registering reporters. You may need to call MetricRegistries.global().addReportRegistration(...) before.
2019-11-13 20:08:51,604 [7ba2007b-7453-4993-98f1-4fc841af859b@group-7A5735C625A6-LeaderElection157] INFO  server.RaftServerConfigKeys (ConfUtils.java:logGet(43)) - raft.server.log.appender.snapshot.chunk.size.max = 16MB (=16777216) (default)
2019-11-13 20:08:51,604 [7ba2007b-7453-4993-98f1-4fc841af859b@group-7A5735C625A6-LeaderElection157] INFO  server.RaftServerConfigKeys (ConfUtils.java:logGet(43)) - raft.server.log.appender.buffer.byte-limit = 33554432 (custom)
2019-11-13 20:08:51,604 [7ba2007b-7453-4993-98f1-4fc841af859b@group-7A5735C625A6-LeaderElection157] INFO  server.RaftServerConfigKeys (ConfUtils.java:logGet(43)) - raft.server.log.appender.buffer.element-limit = 1 (custom)
2019-11-13 20:08:51,604 [7ba2007b-7453-4993-98f1-4fc841af859b@group-7A5735C625A6-LeaderElection157] INFO  grpc.GrpcConfigKeys$Server (ConfUtils.java:logGet(43)) - raft.grpc.server.leader.outstanding.appends.max = 128 (default)
2019-11-13 20:08:51,604 [7ba2007b-7453-4993-98f1-4fc841af859b@group-7A5735C625A6-LeaderElection157] INFO  server.RaftServerConfigKeys (ConfUtils.java:logGet(43)) - raft.server.rpc.request.timeout = 3000ms (default)
2019-11-13 20:08:51,605 [7ba2007b-7453-4993-98f1-4fc841af859b@group-7A5735C625A6-LeaderElection157] INFO  server.RaftServerConfigKeys (ConfUtils.java:logGet(43)) - raft.server.log.appender.install.snapshot.enabled = false (custom)
2019-11-13 20:08:51,605 [7ba2007b-7453-4993-98f1-4fc841af859b@group-7A5735C625A6-LeaderElection157] INFO  impl.RoleInfo (RoleInfo.java:updateAndGet(143)) - 7ba2007b-7453-4993-98f1-4fc841af859b: start LeaderState
2019-11-13 20:08:51,605 [7ba2007b-7453-4993-98f1-4fc841af859b@group-7A5735C625A6-LeaderElection157] INFO  segmented.SegmentedRaftLogWorker (SegmentedRaftLogWorker.java:rollLogSegment(390)) - 7ba2007b-7453-4993-98f1-4fc841af859b@group-7A5735C625A6-SegmentedRaftLogWorker: Rolling segment log-0_0 to index:0
2019-11-13 20:08:51,605 [7ba2007b-7453-4993-98f1-4fc841af859b@group-7A5735C625A6-LeaderElection157] INFO  impl.RaftServerImpl (ServerState.java:setRaftConf(356)) - 7ba2007b-7453-4993-98f1-4fc841af859b@group-7A5735C625A6: set configuration 1: [63348c40-6caf-45cd-85ad-36e15dedc157:192.168.34.38:33072, 7ba2007b-7453-4993-98f1-4fc841af859b:192.168.34.38:37487, d9031576-438e-4c71-bddc-2fb75a9376b9:192.168.34.38:45924], old=null at 1
2019-11-13 20:08:51,605 [7ba2007b-7453-4993-98f1-4fc841af859b@group-7A5735C625A6-SegmentedRaftLogWorker] INFO  segmented.SegmentedRaftLogWorker (SegmentedRaftLogWorker.java:execute(533)) - 7ba2007b-7453-4993-98f1-4fc841af859b@group-7A5735C625A6-SegmentedRaftLogWorker: Rolled log segment from /workdir/hadoop-ozone/integration-test/target/test-dir/MiniOzoneClusterImpl-89214370-af8c-46c8-b403-f68b2ae7a3e8/datanode-9/data/ratis/b968c606-df46-4038-99ba-7a5735c625a6/current/log_inprogress_0 to /workdir/hadoop-ozone/integration-test/target/test-dir/MiniOzoneClusterImpl-89214370-af8c-46c8-b403-f68b2ae7a3e8/datanode-9/data/ratis/b968c606-df46-4038-99ba-7a5735c625a6/current/log_0-0
2019-11-13 20:08:51,606 [grpc-default-executor-13] WARN  server.GrpcLogAppender (LogUtils.java:warn(134)) - 7ba2007b-7453-4993-98f1-4fc841af859b@group-7A5735C625A6->63348c40-6caf-45cd-85ad-36e15dedc157-AppendLogResponseHandler: Failed appendEntries: org.apache.ratis.thirdparty.io.grpc.StatusRuntimeException: UNAVAILABLE: io exception
2019-11-13 20:08:51,606 [grpc-default-executor-13] INFO  impl.FollowerInfo (FollowerInfo.java:lambda$new$0(51)) - 7ba2007b-7453-4993-98f1-4fc841af859b@group-7A5735C625A6->63348c40-6caf-45cd-85ad-36e15dedc157: nextIndex: updateUnconditionally 1 -> 0
2019-11-13 20:08:51,606 [grpc-default-executor-11] INFO  ratis.XceiverServerRatis (XceiverServerRatis.java:handleLeaderChangedNotification(697)) - Leader change notification received for group: group-7A5735C625A6 with new leaderId: 7ba2007b-7453-4993-98f1-4fc841af859b
2019-11-13 20:08:51,606 [grpc-default-executor-11] INFO  impl.RaftServerImpl (ServerState.java:setLeader(255)) - d9031576-438e-4c71-bddc-2fb75a9376b9@group-7A5735C625A6: change Leader from null to 7ba2007b-7453-4993-98f1-4fc841af859b at term 2 for appendEntries, leader elected after 12ms
2019-11-13 20:08:51,607 [grpc-default-executor-11] INFO  impl.RaftServerImpl (ServerState.java:setRaftConf(356)) - d9031576-438e-4c71-bddc-2fb75a9376b9@group-7A5735C625A6: set configuration 1: [63348c40-6caf-45cd-85ad-36e15dedc157:192.168.34.38:33072, 7ba2007b-7453-4993-98f1-4fc841af859b:192.168.34.38:37487, d9031576-438e-4c71-bddc-2fb75a9376b9:192.168.34.38:45924], old=null at 1
2019-11-13 20:08:51,607 [grpc-default-executor-11] INFO  segmented.SegmentedRaftLogWorker (SegmentedRaftLogWorker.java:rollLogSegment(390)) - d9031576-438e-4c71-bddc-2fb75a9376b9@group-7A5735C625A6-SegmentedRaftLogWorker: Rolling segment log-0_0 to index:0
2019-11-13 20:08:51,608 [d9031576-438e-4c71-bddc-2fb75a9376b9@group-7A5735C625A6-SegmentedRaftLogWorker] INFO  segmented.SegmentedRaftLogWorker (SegmentedRaftLogWorker.java:execute(533)) - d9031576-438e-4c71-bddc-2fb75a9376b9@group-7A5735C625A6-SegmentedRaftLogWorker: Rolled log segment from /workdir/hadoop-ozone/integration-test/target/test-dir/MiniOzoneClusterImpl-89214370-af8c-46c8-b403-f68b2ae7a3e8/datanode-1/data/ratis/b968c606-df46-4038-99ba-7a5735c625a6/current/log_inprogress_0 to /workdir/hadoop-ozone/integration-test/target/test-dir/MiniOzoneClusterImpl-89214370-af8c-46c8-b403-f68b2ae7a3e8/datanode-1/data/ratis/b968c606-df46-4038-99ba-7a5735c625a6/current/log_0-0
2019-11-13 20:08:51,644 [d9031576-438e-4c71-bddc-2fb75a9376b9@group-7A5735C625A6-SegmentedRaftLogWorker] INFO  segmented.SegmentedRaftLogWorker (SegmentedRaftLogWorker.java:execute(576)) - d9031576-438e-4c71-bddc-2fb75a9376b9@group-7A5735C625A6-SegmentedRaftLogWorker: created new log segment /workdir/hadoop-ozone/integration-test/target/test-dir/MiniOzoneClusterImpl-89214370-af8c-46c8-b403-f68b2ae7a3e8/datanode-1/data/ratis/b968c606-df46-4038-99ba-7a5735c625a6/current/log_inprogress_1
2019-11-13 20:08:51,644 [7ba2007b-7453-4993-98f1-4fc841af859b@group-7A5735C625A6-SegmentedRaftLogWorker] INFO  segmented.SegmentedRaftLogWorker (SegmentedRaftLogWorker.java:execute(576)) - 7ba2007b-7453-4993-98f1-4fc841af859b@group-7A5735C625A6-SegmentedRaftLogWorker: created new log segment /workdir/hadoop-ozone/integration-test/target/test-dir/MiniOzoneClusterImpl-89214370-af8c-46c8-b403-f68b2ae7a3e8/datanode-9/data/ratis/b968c606-df46-4038-99ba-7a5735c625a6/current/log_inprogress_1
2019-11-13 20:08:51,657 [grpc-default-executor-13] WARN  server.GrpcLogAppender (LogUtils.java:warn(134)) - 7ba2007b-7453-4993-98f1-4fc841af859b@group-7A5735C625A6->63348c40-6caf-45cd-85ad-36e15dedc157-AppendLogResponseHandler: Failed appendEntries: org.apache.ratis.thirdparty.io.grpc.StatusRuntimeException: UNAVAILABLE: io exception
2019-11-13 20:08:51,657 [grpc-default-executor-13] INFO  impl.FollowerInfo (FollowerInfo.java:lambda$new$0(51)) - 7ba2007b-7453-4993-98f1-4fc841af859b@group-7A5735C625A6->63348c40-6caf-45cd-85ad-36e15dedc157: nextIndex: updateUnconditionally 1 -> 0
2019-11-13 20:08:51,669 [grpc-default-executor-16] WARN  server.GrpcLogAppender (LogUtils.java:warn(134)) - 7ba2007b-7453-4993-98f1-4fc841af859b@group-7A5735C625A6->63348c40-6caf-45cd-85ad-36e15dedc157-AppendLogResponseHandler: Failed appendEntries: org.apache.ratis.thirdparty.io.grpc.StatusRuntimeException: UNAVAILABLE: io exception
2019-11-13 20:08:51,669 [grpc-default-executor-16] INFO  impl.FollowerInfo (FollowerInfo.java:lambda$new$0(51)) - 7ba2007b-7453-4993-98f1-4fc841af859b@group-7A5735C625A6->63348c40-6caf-45cd-85ad-36e15dedc157: nextIndex: updateUnconditionally 1 -> 0
2019-11-13 20:08:52,173 [grpc-default-executor-11] WARN  server.GrpcLogAppender (LogUtils.java:warn(134)) - 7ba2007b-7453-4993-98f1-4fc841af859b@group-7A5735C625A6->63348c40-6caf-45cd-85ad-36e15dedc157-AppendLogResponseHandler: Failed appendEntries: org.apache.ratis.thirdparty.io.grpc.StatusRuntimeException: UNAVAILABLE: io exception
2019-11-13 20:08:52,173 [grpc-default-executor-11] INFO  impl.FollowerInfo (FollowerInfo.java:lambda$new$0(51)) - 7ba2007b-7453-4993-98f1-4fc841af859b@group-7A5735C625A6->63348c40-6caf-45cd-85ad-36e15dedc157: nextIndex: updateUnconditionally 0 -> 0
2019-11-13 20:08:52,670 [grpc-default-executor-11] WARN  server.GrpcLogAppender (LogUtils.java:warn(134)) - 7ba2007b-7453-4993-98f1-4fc841af859b@group-7A5735C625A6->63348c40-6caf-45cd-85ad-36e15dedc157-AppendLogResponseHandler: Failed appendEntries: org.apache.ratis.thirdparty.io.grpc.StatusRuntimeException: UNAVAILABLE: io exception
2019-11-13 20:08:52,671 [grpc-default-executor-11] INFO  impl.FollowerInfo (FollowerInfo.java:lambda$new$0(51)) - 7ba2007b-7453-4993-98f1-4fc841af859b@group-7A5735C625A6->63348c40-6caf-45cd-85ad-36e15dedc157: nextIndex: updateUnconditionally 0 -> 0
2019-11-13 20:08:52,847 [main] WARN  io.KeyOutputStream (KeyOutputStream.java:handleException(274)) - Encountered exception java.io.IOException: Unexpected Storage Container Exception: java.util.concurrent.CompletionException: java.util.concurrent.CompletionException: org.apache.ratis.protocol.GroupMismatchException: d9031576-438e-4c71-bddc-2fb75a9376b9: group-271A45A22871 not found. on the pipeline Pipeline[ Id: f8ee92db-00bd-4d6d-b899-271a45a22871, Nodes: 63348c40-6caf-45cd-85ad-36e15dedc157{ip: 192.168.34.38, host: pr-hdds-2469-rfsxc-843238572, networkLocation: /rack1, certSerialId: null}d9031576-438e-4c71-bddc-2fb75a9376b9{ip: 192.168.34.38, host: pr-hdds-2469-rfsxc-843238572, networkLocation: /rack1, certSerialId: null}9c82cd9c-0f64-450d-b3c2-ed8e29acca38{ip: 192.168.34.38, host: pr-hdds-2469-rfsxc-843238572, networkLocation: /rack1, certSerialId: null}, Type:RATIS, Factor:THREE, State:OPEN]. The last committed block length is 1048576, uncommitted data length is 2097152 retry count 0
2019-11-13 20:08:52,847 [main] INFO  io.BlockOutputStreamEntryPool (BlockOutputStreamEntryPool.java:allocateNewBlock(257)) - Allocating block with ExcludeList {datanodes = [], containerIds = [], pipelineIds = [PipelineID=f8ee92db-00bd-4d6d-b899-271a45a22871]}
2019-11-13 20:08:53,171 [grpc-default-executor-11] WARN  server.GrpcLogAppender (LogUtils.java:warn(134)) - 7ba2007b-7453-4993-98f1-4fc841af859b@group-7A5735C625A6->63348c40-6caf-45cd-85ad-36e15dedc157-AppendLogResponseHandler: Failed appendEntries: org.apache.ratis.thirdparty.io.grpc.StatusRuntimeException: UNAVAILABLE: io exception
2019-11-13 20:08:53,171 [grpc-default-executor-11] INFO  impl.FollowerInfo (FollowerInfo.java:lambda$new$0(51)) - 7ba2007b-7453-4993-98f1-4fc841af859b@group-7A5735C625A6->63348c40-6caf-45cd-85ad-36e15dedc157: nextIndex: updateUnconditionally 0 -> 0
2019-11-13 20:08:53,260 [main] INFO  ozone.MiniOzoneClusterImpl (MiniOzoneClusterImpl.java:shutdown(352)) - Shutting down the Mini Ozone Cluster
2019-11-13 20:08:53,261 [main] INFO  ozone.MiniOzoneClusterImpl (MiniOzoneClusterImpl.java:stop(368)) - Stopping the Mini Ozone Cluster
2019-11-13 20:08:53,261 [main] INFO  ozone.MiniOzoneClusterImpl (MiniOzoneClusterImpl.java:stopOM(438)) - Stopping the OzoneManager
2019-11-13 20:08:53,261 [main] INFO  ipc.Server (Server.java:stop(3082)) - Stopping server on 37947
2019-11-13 20:08:53,272 [IPC Server listener on 37947] INFO  ipc.Server (Server.java:run(1185)) - Stopping IPC Server listener on 37947
2019-11-13 20:08:53,274 [main] INFO  ratis.OzoneManagerDoubleBuffer (OzoneManagerDoubleBuffer.java:stop(261)) - Stopping OMDoubleBuffer flush thread
2019-11-13 20:08:53,274 [IPC Server Responder] INFO  ipc.Server (Server.java:run(1319)) - Stopping IPC Server Responder
2019-11-13 20:08:53,281 [OMDoubleBufferFlushThread] INFO  ratis.OzoneManagerDoubleBuffer (OzoneManagerDoubleBuffer.java:flushTransactions(199)) - OMDoubleBuffer flush thread OMDoubleBufferFlushThread is interrupted and will exit. OMDoubleBufferFlushThread
2019-11-13 20:08:53,282 [main] INFO  utils.BackgroundService (BackgroundService.java:shutdown(151)) - Shutting down service KeyDeletingService
2019-11-13 20:08:53,283 [main] INFO  handler.ContextHandler (ContextHandler.java:doStop(910)) - Stopped o.e.j.w.WebAppContext@49c1e294{/,null,UNAVAILABLE}{/ozoneManager}
2019-11-13 20:08:53,283 [main] INFO  server.AbstractConnector (AbstractConnector.java:doStop(318)) - Stopped ServerConnector@7741ae1b{HTTP/1.1,[http/1.1]}{0.0.0.0:0}
2019-11-13 20:08:53,284 [main] INFO  handler.ContextHandler (ContextHandler.java:doStop(910)) - Stopped o.e.j.s.ServletContextHandler@3ab595c8{/static,file:///workdir/hadoop-ozone/integration-test/target/test-classes/webapps/static,UNAVAILABLE}
2019-11-13 20:08:53,284 [main] INFO  handler.ContextHandler (ContextHandler.java:doStop(910)) - Stopped o.e.j.s.ServletContextHandler@13278a41{/logs,file:///workdir/hadoop-ozone/integration-test/target/log,UNAVAILABLE}
2019-11-13 20:08:53,286 [main] INFO  ozone.MiniOzoneClusterImpl (MiniOzoneClusterImpl.java:stopDatanodes(415)) - Stopping the HddsDatanodes
2019-11-13 20:08:53,671 [grpc-default-executor-16] WARN  server.GrpcLogAppender (LogUtils.java:warn(134)) - 7ba2007b-7453-4993-98f1-4fc841af859b@group-7A5735C625A6->63348c40-6caf-45cd-85ad-36e15dedc157-AppendLogResponseHandler: Failed appendEntries: org.apache.ratis.thirdparty.io.grpc.StatusRuntimeException: UNAVAILABLE: io exception
2019-11-13 20:08:53,672 [grpc-default-executor-16] INFO  impl.FollowerInfo (FollowerInfo.java:lambda$new$0(51)) - 7ba2007b-7453-4993-98f1-4fc841af859b@group-7A5735C625A6->63348c40-6caf-45cd-85ad-36e15dedc157: nextIndex: updateUnconditionally 0 -> 0
2019-11-13 20:08:54,096 [Datanode State Machine Thread - 0] INFO  statemachine.DatanodeStateMachine (DatanodeStateMachine.java:lambda$startDaemon$0(350)) - Ozone container server started.
2019-11-13 20:08:54,172 [grpc-default-executor-16] WARN  server.GrpcLogAppender (LogUtils.java:warn(134)) - 7ba2007b-7453-4993-98f1-4fc841af859b@group-7A5735C625A6->63348c40-6caf-45cd-85ad-36e15dedc157-AppendLogResponseHandler: Failed appendEntries: org.apache.ratis.thirdparty.io.grpc.StatusRuntimeException: UNAVAILABLE: io exception
2019-11-13 20:08:54,172 [grpc-default-executor-16] INFO  impl.FollowerInfo (FollowerInfo.java:lambda$new$0(51)) - 7ba2007b-7453-4993-98f1-4fc841af859b@group-7A5735C625A6->63348c40-6caf-45cd-85ad-36e15dedc157: nextIndex: updateUnconditionally 0 -> 0
2019-11-13 20:08:54,267 [Datanode State Machine Thread - 0] INFO  statemachine.DatanodeStateMachine (DatanodeStateMachine.java:lambda$startDaemon$0(350)) - Ozone container server started.
2019-11-13 20:08:54,672 [grpc-default-executor-11] WARN  server.GrpcLogAppender (LogUtils.java:warn(134)) - 7ba2007b-7453-4993-98f1-4fc841af859b@group-7A5735C625A6->63348c40-6caf-45cd-85ad-36e15dedc157-AppendLogResponseHandler: Failed appendEntries: org.apache.ratis.thirdparty.io.grpc.StatusRuntimeException: UNAVAILABLE: io exception
2019-11-13 20:08:54,672 [grpc-default-executor-11] INFO  impl.FollowerInfo (FollowerInfo.java:lambda$new$0(51)) - 7ba2007b-7453-4993-98f1-4fc841af859b@group-7A5735C625A6->63348c40-6caf-45cd-85ad-36e15dedc157: nextIndex: updateUnconditionally 0 -> 0
2019-11-13 20:08:55,173 [grpc-default-executor-16] WARN  server.GrpcLogAppender (LogUtils.java:warn(134)) - 7ba2007b-7453-4993-98f1-4fc841af859b@group-7A5735C625A6->63348c40-6caf-45cd-85ad-36e15dedc157-AppendLogResponseHandler: Failed appendEntries: org.apache.ratis.thirdparty.io.grpc.StatusRuntimeException: UNAVAILABLE: io exception
2019-11-13 20:08:55,173 [grpc-default-executor-16] INFO  impl.FollowerInfo (FollowerInfo.java:lambda$new$0(51)) - 7ba2007b-7453-4993-98f1-4fc841af859b@group-7A5735C625A6->63348c40-6caf-45cd-85ad-36e15dedc157: nextIndex: updateUnconditionally 0 -> 0
2019-11-13 20:08:55,673 [grpc-default-executor-11] WARN  server.GrpcLogAppender (LogUtils.java:warn(134)) - 7ba2007b-7453-4993-98f1-4fc841af859b@group-7A5735C625A6->63348c40-6caf-45cd-85ad-36e15dedc157-AppendLogResponseHandler: Failed appendEntries: org.apache.ratis.thirdparty.io.grpc.StatusRuntimeException: UNAVAILABLE: io exception
2019-11-13 20:08:55,673 [grpc-default-executor-11] INFO  impl.FollowerInfo (FollowerInfo.java:lambda$new$0(51)) - 7ba2007b-7453-4993-98f1-4fc841af859b@group-7A5735C625A6->63348c40-6caf-45cd-85ad-36e15dedc157: nextIndex: updateUnconditionally 0 -> 0
2019-11-13 20:08:56,174 [grpc-default-executor-11] WARN  server.GrpcLogAppender (LogUtils.java:warn(134)) - 7ba2007b-7453-4993-98f1-4fc841af859b@group-7A5735C625A6->63348c40-6caf-45cd-85ad-36e15dedc157-AppendLogResponseHandler: Failed appendEntries: org.apache.ratis.thirdparty.io.grpc.StatusRuntimeException: UNAVAILABLE: io exception
2019-11-13 20:08:56,174 [grpc-default-executor-11] INFO  impl.FollowerInfo (FollowerInfo.java:lambda$new$0(51)) - 7ba2007b-7453-4993-98f1-4fc841af859b@group-7A5735C625A6->63348c40-6caf-45cd-85ad-36e15dedc157: nextIndex: updateUnconditionally 0 -> 0
2019-11-13 20:08:56,677 [grpc-default-executor-16] WARN  server.GrpcLogAppender (LogUtils.java:warn(134)) - 7ba2007b-7453-4993-98f1-4fc841af859b@group-7A5735C625A6->63348c40-6caf-45cd-85ad-36e15dedc157-AppendLogResponseHandler: Failed appendEntries: org.apache.ratis.thirdparty.io.grpc.StatusRuntimeException: UNAVAILABLE: io exception
2019-11-13 20:08:56,678 [grpc-default-executor-16] INFO  impl.FollowerInfo (FollowerInfo.java:lambda$new$0(51)) - 7ba2007b-7453-4993-98f1-4fc841af859b@group-7A5735C625A6->63348c40-6caf-45cd-85ad-36e15dedc157: nextIndex: updateUnconditionally 0 -> 0
2019-11-13 20:08:57,175 [grpc-default-executor-13] WARN  server.GrpcLogAppender (LogUtils.java:warn(134)) - 7ba2007b-7453-4993-98f1-4fc841af859b@group-7A5735C625A6->63348c40-6caf-45cd-85ad-36e15dedc157-AppendLogResponseHandler: Failed appendEntries: org.apache.ratis.thirdparty.io.grpc.StatusRuntimeException: UNAVAILABLE: io exception
2019-11-13 20:08:57,176 [grpc-default-executor-13] INFO  impl.FollowerInfo (FollowerInfo.java:lambda$new$0(51)) - 7ba2007b-7453-4993-98f1-4fc841af859b@group-7A5735C625A6->63348c40-6caf-45cd-85ad-36e15dedc157: nextIndex: updateUnconditionally 0 -> 0
2019-11-13 20:08:57,676 [grpc-default-executor-16] WARN  server.GrpcLogAppender (LogUtils.java:warn(134)) - 7ba2007b-7453-4993-98f1-4fc841af859b@group-7A5735C625A6->63348c40-6caf-45cd-85ad-36e15dedc157-AppendLogResponseHandler: Failed appendEntries: org.apache.ratis.thirdparty.io.grpc.StatusRuntimeException: UNAVAILABLE: io exception
2019-11-13 20:08:57,676 [grpc-default-executor-16] INFO  impl.FollowerInfo (FollowerInfo.java:lambda$new$0(51)) - 7ba2007b-7453-4993-98f1-4fc841af859b@group-7A5735C625A6->63348c40-6caf-45cd-85ad-36e15dedc157: nextIndex: updateUnconditionally 0 -> 0
2019-11-13 20:08:58,176 [grpc-default-executor-11] WARN  server.GrpcLogAppender (LogUtils.java:warn(134)) - 7ba2007b-7453-4993-98f1-4fc841af859b@group-7A5735C625A6->63348c40-6caf-45cd-85ad-36e15dedc157-AppendLogResponseHandler: Failed appendEntries: org.apache.ratis.thirdparty.io.grpc.StatusRuntimeException: UNAVAILABLE: io exception
2019-11-13 20:08:58,177 [grpc-default-executor-11] INFO  impl.FollowerInfo (FollowerInfo.java:lambda$new$0(51)) - 7ba2007b-7453-4993-98f1-4fc841af859b@group-7A5735C625A6->63348c40-6caf-45cd-85ad-36e15dedc157: nextIndex: updateUnconditionally 0 -> 0
2019-11-13 20:08:58,287 [main] INFO  ozoneimpl.OzoneContainer (OzoneContainer.java:stop(244)) - Attempting to stop container services.
2019-11-13 20:08:58,287 [ForkJoinPool.commonPool-worker-0] INFO  ozoneimpl.OzoneContainer (OzoneContainer.java:stop(244)) - Attempting to stop container services.
2019-11-13 20:08:58,289 [main] INFO  impl.RaftServerProxy (RaftServerProxy.java:lambda$close$4(314)) - 4ac79741-1dc4-4e7a-a50d-ac53fab10d14: close
2019-11-13 20:08:58,289 [ForkJoinPool.commonPool-worker-0] INFO  impl.RaftServerProxy (RaftServerProxy.java:lambda$close$4(314)) - 9c82cd9c-0f64-450d-b3c2-ed8e29acca38: close
2019-11-13 20:08:58,289 [main] INFO  impl.RaftServerImpl (RaftServerImpl.java:lambda$shutdown$3(250)) - 4ac79741-1dc4-4e7a-a50d-ac53fab10d14@group-83A883EAE087: shutdown
2019-11-13 20:08:58,289 [ForkJoinPool.commonPool-worker-0] INFO  impl.RaftServerImpl (RaftServerImpl.java:lambda$shutdown$3(250)) - 9c82cd9c-0f64-450d-b3c2-ed8e29acca38@group-3734A7AED2B3: shutdown
2019-11-13 20:08:58,289 [main] INFO  util.JmxRegister (JmxRegister.java:unregister(73)) - Successfully un-registered JMX Bean with object name Ratis:service=RaftServer,group=group-83A883EAE087,id=4ac79741-1dc4-4e7a-a50d-ac53fab10d14
2019-11-13 20:08:58,290 [ForkJoinPool.commonPool-worker-0] INFO  util.JmxRegister (JmxRegister.java:unregister(73)) - Successfully un-registered JMX Bean with object name Ratis:service=RaftServer,group=group-3734A7AED2B3,id=9c82cd9c-0f64-450d-b3c2-ed8e29acca38
2019-11-13 20:08:58,290 [main] INFO  impl.RoleInfo (RoleInfo.java:shutdownFollowerState(121)) - 4ac79741-1dc4-4e7a-a50d-ac53fab10d14: shutdown FollowerState
2019-11-13 20:08:58,290 [ForkJoinPool.commonPool-worker-0] INFO  impl.RoleInfo (RoleInfo.java:shutdownLeaderState(104)) - 9c82cd9c-0f64-450d-b3c2-ed8e29acca38: shutdown LeaderState
2019-11-13 20:08:58,290 [Thread-4908] INFO  impl.FollowerState (FollowerState.java:run(120)) - 4ac79741-1dc4-4e7a-a50d-ac53fab10d14@group-83A883EAE087-FollowerState was interrupted: java.lang.InterruptedException: sleep interrupted
2019-11-13 20:08:58,290 [main] INFO  impl.StateMachineUpdater (StateMachineUpdater.java:stopAndJoin(136)) - 4ac79741-1dc4-4e7a-a50d-ac53fab10d14@group-83A883EAE087-StateMachineUpdater: set stopIndex = 6
2019-11-13 20:08:58,290 [4ac79741-1dc4-4e7a-a50d-ac53fab10d14@group-83A883EAE087-StateMachineUpdater] INFO  ratis.ContainerStateMachine (ContainerStateMachine.java:takeSnapshot(285)) - group-83A883EAE087: Taking a snapshot at:(t:1, i:4) file /workdir/hadoop-ozone/integration-test/target/test-dir/MiniOzoneClusterImpl-89214370-af8c-46c8-b403-f68b2ae7a3e8/datanode-5/data/ratis/70665370-c894-4f18-9c48-83a883eae087/sm/snapshot.1_4
2019-11-13 20:08:58,290 [ForkJoinPool.commonPool-worker-0] INFO  impl.PendingRequests (PendingRequests.java:sendNotLeaderResponses(206)) - 9c82cd9c-0f64-450d-b3c2-ed8e29acca38@group-3734A7AED2B3-PendingRequests: sendNotLeaderResponses
2019-11-13 20:08:58,291 [ForkJoinPool.commonPool-worker-0] INFO  impl.StateMachineUpdater (StateMachineUpdater.java:stopAndJoin(136)) - 9c82cd9c-0f64-450d-b3c2-ed8e29acca38@group-3734A7AED2B3-StateMachineUpdater: set stopIndex = 0
2019-11-13 20:08:58,292 [ForkJoinPool.commonPool-worker-0] INFO  impl.RaftServerImpl (ServerState.java:close(387)) - 9c82cd9c-0f64-450d-b3c2-ed8e29acca38@group-3734A7AED2B3: closes. applyIndex: 0
2019-11-13 20:08:58,292 [9c82cd9c-0f64-450d-b3c2-ed8e29acca38@group-3734A7AED2B3-SegmentedRaftLogWorker] INFO  segmented.SegmentedRaftLogWorker (SegmentedRaftLogWorker.java:run(316)) - 9c82cd9c-0f64-450d-b3c2-ed8e29acca38@group-3734A7AED2B3-SegmentedRaftLogWorker was interrupted, exiting. There are 0 tasks remaining in the queue.
2019-11-13 20:08:58,292 [ForkJoinPool.commonPool-worker-0] INFO  segmented.SegmentedRaftLogWorker (SegmentedRaftLogWorker.java:close(224)) - 9c82cd9c-0f64-450d-b3c2-ed8e29acca38@group-3734A7AED2B3-SegmentedRaftLogWorker close()
2019-11-13 20:08:58,293 [ForkJoinPool.commonPool-worker-0] INFO  server.GrpcService (GrpcService.java:closeImpl(164)) - 9c82cd9c-0f64-450d-b3c2-ed8e29acca38: shutdown server with port 36061 now
2019-11-13 20:08:58,294 [ForkJoinPool.commonPool-worker-0] INFO  server.GrpcService (GrpcService.java:closeImpl(172)) - 9c82cd9c-0f64-450d-b3c2-ed8e29acca38: shutdown server with port 36061 successfully
2019-11-13 20:08:58,296 [refreshUsed-/workdir/hadoop-ozone/integration-test/target/test-dir/MiniOzoneClusterImpl-89214370-af8c-46c8-b403-f68b2ae7a3e8/datanode-2/data/containers] WARN  fs.CachingGetSpaceUsed (CachingGetSpaceUsed.java:run(183)) - Thread Interrupted waiting to refresh disk information: sleep interrupted
2019-11-13 20:08:58,304 [4ac79741-1dc4-4e7a-a50d-ac53fab10d14@group-83A883EAE087-StateMachineUpdater] INFO  ratis.ContainerStateMachine (ContainerStateMachine.java:takeSnapshot(296)) - group-83A883EAE087: Finished taking a snapshot at:(t:1, i:4) file:/workdir/hadoop-ozone/integration-test/target/test-dir/MiniOzoneClusterImpl-89214370-af8c-46c8-b403-f68b2ae7a3e8/datanode-5/data/ratis/70665370-c894-4f18-9c48-83a883eae087/sm/snapshot.1_4 time:14
2019-11-13 20:08:58,305 [4ac79741-1dc4-4e7a-a50d-ac53fab10d14@group-83A883EAE087-StateMachineUpdater] INFO  impl.StateMachineUpdater (StateMachineUpdater.java:takeSnapshot(269)) - 4ac79741-1dc4-4e7a-a50d-ac53fab10d14@group-83A883EAE087-StateMachineUpdater: Took a snapshot at index 4
2019-11-13 20:08:58,305 [4ac79741-1dc4-4e7a-a50d-ac53fab10d14@group-83A883EAE087-StateMachineUpdater] INFO  impl.StateMachineUpdater (StateMachineUpdater.java:lambda$new$0(84)) - 4ac79741-1dc4-4e7a-a50d-ac53fab10d14@group-83A883EAE087-StateMachineUpdater: snapshotIndex: updateIncreasingly -1 -> 4
2019-11-13 20:08:58,305 [4ac79741-1dc4-4e7a-a50d-ac53fab10d14@group-83A883EAE087-StateMachineUpdater] INFO  ratis.ContainerStateMachine (ContainerStateMachine.java:takeSnapshot(285)) - group-83A883EAE087: Taking a snapshot at:(t:1, i:4) file /workdir/hadoop-ozone/integration-test/target/test-dir/MiniOzoneClusterImpl-89214370-af8c-46c8-b403-f68b2ae7a3e8/datanode-5/data/ratis/70665370-c894-4f18-9c48-83a883eae087/sm/snapshot.1_4
2019-11-13 20:08:58,313 [ForkJoinPool.commonPool-worker-0] INFO  utils.BackgroundService (BackgroundService.java:shutdown(151)) - Shutting down service BlockDeletingService
2019-11-13 20:08:58,328 [4ac79741-1dc4-4e7a-a50d-ac53fab10d14@group-83A883EAE087-StateMachineUpdater] INFO  ratis.ContainerStateMachine (ContainerStateMachine.java:takeSnapshot(296)) - group-83A883EAE087: Finished taking a snapshot at:(t:1, i:4) file:/workdir/hadoop-ozone/integration-test/target/test-dir/MiniOzoneClusterImpl-89214370-af8c-46c8-b403-f68b2ae7a3e8/datanode-5/data/ratis/70665370-c894-4f18-9c48-83a883eae087/sm/snapshot.1_4 time:23
2019-11-13 20:08:58,331 [4ac79741-1dc4-4e7a-a50d-ac53fab10d14@group-83A883EAE087-StateMachineUpdater] INFO  impl.StateMachineUpdater (StateMachineUpdater.java:takeSnapshot(269)) - 4ac79741-1dc4-4e7a-a50d-ac53fab10d14@group-83A883EAE087-StateMachineUpdater: Took a snapshot at index 4
2019-11-13 20:08:58,331 [4ac79741-1dc4-4e7a-a50d-ac53fab10d14@group-83A883EAE087-StateMachineUpdater] INFO  impl.StateMachineUpdater (StateMachineUpdater.java:lambda$new$0(84)) - 4ac79741-1dc4-4e7a-a50d-ac53fab10d14@group-83A883EAE087-StateMachineUpdater: snapshotIndex: updateIncreasingly 4 -> 4
2019-11-13 20:08:58,337 [ForkJoinPool.commonPool-worker-0] INFO  statemachine.DatanodeStateMachine (DatanodeStateMachine.java:stopDaemon(395)) - Ozone container server stopped.
2019-11-13 20:08:58,337 [main] INFO  impl.RaftServerImpl (ServerState.java:close(387)) - 4ac79741-1dc4-4e7a-a50d-ac53fab10d14@group-83A883EAE087: closes. applyIndex: 6
2019-11-13 20:08:58,340 [4ac79741-1dc4-4e7a-a50d-ac53fab10d14@group-83A883EAE087-SegmentedRaftLogWorker] INFO  segmented.SegmentedRaftLogWorker (SegmentedRaftLogWorker.java:run(316)) - 4ac79741-1dc4-4e7a-a50d-ac53fab10d14@group-83A883EAE087-SegmentedRaftLogWorker was interrupted, exiting. There are 0 tasks remaining in the queue.
2019-11-13 20:08:58,342 [main] INFO  segmented.SegmentedRaftLogWorker (SegmentedRaftLogWorker.java:close(224)) - 4ac79741-1dc4-4e7a-a50d-ac53fab10d14@group-83A883EAE087-SegmentedRaftLogWorker close()
2019-11-13 20:08:58,343 [main] INFO  impl.RaftServerImpl (RaftServerImpl.java:lambda$shutdown$3(250)) - 4ac79741-1dc4-4e7a-a50d-ac53fab10d14@group-3A218545D5B3: shutdown
2019-11-13 20:08:58,343 [main] INFO  util.JmxRegister (JmxRegister.java:unregister(73)) - Successfully un-registered JMX Bean with object name Ratis:service=RaftServer,group=group-3A218545D5B3,id=4ac79741-1dc4-4e7a-a50d-ac53fab10d14
2019-11-13 20:08:58,345 [main] INFO  impl.RoleInfo (RoleInfo.java:shutdownLeaderState(104)) - 4ac79741-1dc4-4e7a-a50d-ac53fab10d14: shutdown LeaderState
2019-11-13 20:08:58,345 [ForkJoinPool.commonPool-worker-0] INFO  handler.ContextHandler (ContextHandler.java:doStop(910)) - Stopped o.e.j.w.WebAppContext@7761e342{/,null,UNAVAILABLE}{/hddsDatanode}
2019-11-13 20:08:58,345 [main] INFO  impl.PendingRequests (PendingRequests.java:sendNotLeaderResponses(206)) - 4ac79741-1dc4-4e7a-a50d-ac53fab10d14@group-3A218545D5B3-PendingRequests: sendNotLeaderResponses
2019-11-13 20:08:58,345 [main] INFO  impl.StateMachineUpdater (StateMachineUpdater.java:stopAndJoin(136)) - 4ac79741-1dc4-4e7a-a50d-ac53fab10d14@group-3A218545D5B3-StateMachineUpdater: set stopIndex = 0
2019-11-13 20:08:58,346 [main] INFO  impl.RaftServerImpl (ServerState.java:close(387)) - 4ac79741-1dc4-4e7a-a50d-ac53fab10d14@group-3A218545D5B3: closes. applyIndex: 0
2019-11-13 20:08:58,346 [ForkJoinPool.commonPool-worker-0] INFO  server.AbstractConnector (AbstractConnector.java:doStop(318)) - Stopped ServerConnector@51f68849{HTTP/1.1,[http/1.1]}{0.0.0.0:0}
2019-11-13 20:08:58,346 [4ac79741-1dc4-4e7a-a50d-ac53fab10d14@group-3A218545D5B3-SegmentedRaftLogWorker] INFO  segmented.SegmentedRaftLogWorker (SegmentedRaftLogWorker.java:run(316)) - 4ac79741-1dc4-4e7a-a50d-ac53fab10d14@group-3A218545D5B3-SegmentedRaftLogWorker was interrupted, exiting. There are 0 tasks remaining in the queue.
2019-11-13 20:08:58,347 [ForkJoinPool.commonPool-worker-0] INFO  handler.ContextHandler (ContextHandler.java:doStop(910)) - Stopped o.e.j.s.ServletContextHandler@37ca3ca8{/static,jar:file:/home/user/.m2/repository/org/apache/hadoop/hadoop-hdds-container-service/0.5.0-SNAPSHOT/hadoop-hdds-container-service-0.5.0-SNAPSHOT.jar!/webapps/static,UNAVAILABLE}
2019-11-13 20:08:58,347 [main] INFO  segmented.SegmentedRaftLogWorker (SegmentedRaftLogWorker.java:close(224)) - 4ac79741-1dc4-4e7a-a50d-ac53fab10d14@group-3A218545D5B3-SegmentedRaftLogWorker close()
2019-11-13 20:08:58,349 [ForkJoinPool.commonPool-worker-0] INFO  handler.ContextHandler (ContextHandler.java:doStop(910)) - Stopped o.e.j.s.ServletContextHandler@7d50f2a8{/logs,file:///workdir/hadoop-ozone/integration-test/target/log,UNAVAILABLE}
2019-11-13 20:08:58,350 [main] INFO  server.GrpcService (GrpcService.java:closeImpl(164)) - 4ac79741-1dc4-4e7a-a50d-ac53fab10d14: shutdown server with port 46397 now
2019-11-13 20:08:58,351 [grpc-default-executor-16] WARN  server.GrpcServerProtocolService (LogUtils.java:warn(134)) - 4ac79741-1dc4-4e7a-a50d-ac53fab10d14: installSnapshot onError, lastRequest: 020265cf-8215-4e82-9241-b31a46326517->4ac79741-1dc4-4e7a-a50d-ac53fab10d14#27-t1, previous=(t:1, i:6), leaderCommit=6, initializing? false, entries: <empty>: org.apache.ratis.thirdparty.io.grpc.StatusRuntimeException: CANCELLED: cancelled before receiving half close
2019-11-13 20:08:58,351 [grpc-default-executor-11] WARN  server.GrpcLogAppender (LogUtils.java:warn(134)) - 020265cf-8215-4e82-9241-b31a46326517@group-83A883EAE087->4ac79741-1dc4-4e7a-a50d-ac53fab10d14-AppendLogResponseHandler: Failed appendEntries: org.apache.ratis.thirdparty.io.grpc.StatusRuntimeException: CANCELLED: HTTP/2 error code: CANCEL
Received Rst Stream
2019-11-13 20:08:58,351 [main] INFO  server.GrpcService (GrpcService.java:closeImpl(172)) - 4ac79741-1dc4-4e7a-a50d-ac53fab10d14: shutdown server with port 46397 successfully
2019-11-13 20:08:58,351 [grpc-default-executor-11] INFO  impl.FollowerInfo (FollowerInfo.java:lambda$new$0(51)) - 020265cf-8215-4e82-9241-b31a46326517@group-83A883EAE087->4ac79741-1dc4-4e7a-a50d-ac53fab10d14: nextIndex: updateUnconditionally 7 -> 6
2019-11-13 20:08:58,355 [refreshUsed-/workdir/hadoop-ozone/integration-test/target/test-dir/MiniOzoneClusterImpl-89214370-af8c-46c8-b403-f68b2ae7a3e8/datanode-5/data/containers] WARN  fs.CachingGetSpaceUsed (CachingGetSpaceUsed.java:run(183)) - Thread Interrupted waiting to refresh disk information: sleep interrupted
2019-11-13 20:08:58,375 [main] INFO  utils.BackgroundService (BackgroundService.java:shutdown(151)) - Shutting down service BlockDeletingService
2019-11-13 20:08:58,378 [main] INFO  statemachine.DatanodeStateMachine (DatanodeStateMachine.java:stopDaemon(395)) - Ozone container server stopped.
2019-11-13 20:08:58,379 [main] INFO  handler.ContextHandler (ContextHandler.java:doStop(910)) - Stopped o.e.j.w.WebAppContext@283ab206{/,null,UNAVAILABLE}{/hddsDatanode}
2019-11-13 20:08:58,380 [main] INFO  server.AbstractConnector (AbstractConnector.java:doStop(318)) - Stopped ServerConnector@35fa450f{HTTP/1.1,[http/1.1]}{0.0.0.0:0}
2019-11-13 20:08:58,380 [main] INFO  handler.ContextHandler (ContextHandler.java:doStop(910)) - Stopped o.e.j.s.ServletContextHandler@1068176{/static,jar:file:/home/user/.m2/repository/org/apache/hadoop/hadoop-hdds-container-service/0.5.0-SNAPSHOT/hadoop-hdds-container-service-0.5.0-SNAPSHOT.jar!/webapps/static,UNAVAILABLE}
2019-11-13 20:08:58,380 [main] INFO  handler.ContextHandler (ContextHandler.java:doStop(910)) - Stopped o.e.j.s.ServletContextHandler@795b66d{/logs,file:///workdir/hadoop-ozone/integration-test/target/log,UNAVAILABLE}
2019-11-13 20:08:58,486 [Datanode State Machine Thread - 0] INFO  statemachine.DatanodeStateMachine (DatanodeStateMachine.java:lambda$startDaemon$0(350)) - Ozone container server started.
2019-11-13 20:08:58,640 [grpc-default-executor-13] WARN  server.GrpcLogAppender (LogUtils.java:warn(134)) - 020265cf-8215-4e82-9241-b31a46326517@group-83A883EAE087->4ac79741-1dc4-4e7a-a50d-ac53fab10d14-AppendLogResponseHandler: Failed appendEntries: org.apache.ratis.thirdparty.io.grpc.StatusRuntimeException: UNAVAILABLE: io exception
2019-11-13 20:08:58,640 [grpc-default-executor-13] INFO  impl.FollowerInfo (FollowerInfo.java:lambda$new$0(51)) - 020265cf-8215-4e82-9241-b31a46326517@group-83A883EAE087->4ac79741-1dc4-4e7a-a50d-ac53fab10d14: nextIndex: updateUnconditionally 6 -> 5
2019-11-13 20:08:58,677 [grpc-default-executor-13] WARN  server.GrpcLogAppender (LogUtils.java:warn(134)) - 7ba2007b-7453-4993-98f1-4fc841af859b@group-7A5735C625A6->63348c40-6caf-45cd-85ad-36e15dedc157-AppendLogResponseHandler: Failed appendEntries: org.apache.ratis.thirdparty.io.grpc.StatusRuntimeException: UNAVAILABLE: io exception
2019-11-13 20:08:58,677 [grpc-default-executor-13] INFO  impl.FollowerInfo (FollowerInfo.java:lambda$new$0(51)) - 7ba2007b-7453-4993-98f1-4fc841af859b@group-7A5735C625A6->63348c40-6caf-45cd-85ad-36e15dedc157: nextIndex: updateUnconditionally 0 -> 0
2019-11-13 20:08:59,098 [Datanode State Machine Thread - 0] INFO  statemachine.DatanodeStateMachine (DatanodeStateMachine.java:lambda$startDaemon$0(350)) - Ozone container server started.
2019-11-13 20:08:59,140 [grpc-default-executor-16] WARN  server.GrpcLogAppender (LogUtils.java:warn(134)) - 020265cf-8215-4e82-9241-b31a46326517@group-83A883EAE087->4ac79741-1dc4-4e7a-a50d-ac53fab10d14-AppendLogResponseHandler: Failed appendEntries: org.apache.ratis.thirdparty.io.grpc.StatusRuntimeException: UNAVAILABLE: io exception
2019-11-13 20:08:59,140 [grpc-default-executor-16] INFO  impl.FollowerInfo (FollowerInfo.java:lambda$new$0(51)) - 020265cf-8215-4e82-9241-b31a46326517@group-83A883EAE087->4ac79741-1dc4-4e7a-a50d-ac53fab10d14: nextIndex: updateUnconditionally 5 -> 4
2019-11-13 20:08:59,177 [grpc-default-executor-13] WARN  server.GrpcLogAppender (LogUtils.java:warn(134)) - 7ba2007b-7453-4993-98f1-4fc841af859b@group-7A5735C625A6->63348c40-6caf-45cd-85ad-36e15dedc157-AppendLogResponseHandler: Failed appendEntries: org.apache.ratis.thirdparty.io.grpc.StatusRuntimeException: UNAVAILABLE: io exception
2019-11-13 20:08:59,177 [grpc-default-executor-13] INFO  impl.FollowerInfo (FollowerInfo.java:lambda$new$0(51)) - 7ba2007b-7453-4993-98f1-4fc841af859b@group-7A5735C625A6->63348c40-6caf-45cd-85ad-36e15dedc157: nextIndex: updateUnconditionally 0 -> 0
2019-11-13 20:08:59,640 [grpc-default-executor-13] WARN  server.GrpcLogAppender (LogUtils.java:warn(134)) - 020265cf-8215-4e82-9241-b31a46326517@group-83A883EAE087->4ac79741-1dc4-4e7a-a50d-ac53fab10d14-AppendLogResponseHandler: Failed appendEntries: org.apache.ratis.thirdparty.io.grpc.StatusRuntimeException: UNAVAILABLE: io exception
2019-11-13 20:08:59,641 [grpc-default-executor-13] INFO  impl.FollowerInfo (FollowerInfo.java:lambda$new$0(51)) - 020265cf-8215-4e82-9241-b31a46326517@group-83A883EAE087->4ac79741-1dc4-4e7a-a50d-ac53fab10d14: nextIndex: updateUnconditionally 4 -> 3
2019-11-13 20:08:59,677 [grpc-default-executor-11] WARN  server.GrpcLogAppender (LogUtils.java:warn(134)) - 7ba2007b-7453-4993-98f1-4fc841af859b@group-7A5735C625A6->63348c40-6caf-45cd-85ad-36e15dedc157-AppendLogResponseHandler: Failed appendEntries: org.apache.ratis.thirdparty.io.grpc.StatusRuntimeException: UNAVAILABLE: io exception
2019-11-13 20:08:59,677 [grpc-default-executor-11] INFO  impl.FollowerInfo (FollowerInfo.java:lambda$new$0(51)) - 7ba2007b-7453-4993-98f1-4fc841af859b@group-7A5735C625A6->63348c40-6caf-45cd-85ad-36e15dedc157: nextIndex: updateUnconditionally 0 -> 0
2019-11-13 20:09:00,141 [grpc-default-executor-16] WARN  server.GrpcLogAppender (LogUtils.java:warn(134)) - 020265cf-8215-4e82-9241-b31a46326517@group-83A883EAE087->4ac79741-1dc4-4e7a-a50d-ac53fab10d14-AppendLogResponseHandler: Failed appendEntries: org.apache.ratis.thirdparty.io.grpc.StatusRuntimeException: UNAVAILABLE: io exception
2019-11-13 20:09:00,142 [grpc-default-executor-16] INFO  impl.FollowerInfo (FollowerInfo.java:lambda$new$0(51)) - 020265cf-8215-4e82-9241-b31a46326517@group-83A883EAE087->4ac79741-1dc4-4e7a-a50d-ac53fab10d14: nextIndex: updateUnconditionally 3 -> 2
2019-11-13 20:09:00,177 [grpc-default-executor-13] WARN  server.GrpcLogAppender (LogUtils.java:warn(134)) - 7ba2007b-7453-4993-98f1-4fc841af859b@group-7A5735C625A6->63348c40-6caf-45cd-85ad-36e15dedc157-AppendLogResponseHandler: Failed appendEntries: org.apache.ratis.thirdparty.io.grpc.StatusRuntimeException: UNAVAILABLE: io exception
2019-11-13 20:09:00,178 [grpc-default-executor-13] INFO  impl.FollowerInfo (FollowerInfo.java:lambda$new$0(51)) - 7ba2007b-7453-4993-98f1-4fc841af859b@group-7A5735C625A6->63348c40-6caf-45cd-85ad-36e15dedc157: nextIndex: updateUnconditionally 0 -> 0
2019-11-13 20:09:00,642 [grpc-default-executor-11] WARN  server.GrpcLogAppender (LogUtils.java:warn(134)) - 020265cf-8215-4e82-9241-b31a46326517@group-83A883EAE087->4ac79741-1dc4-4e7a-a50d-ac53fab10d14-AppendLogResponseHandler: Failed appendEntries: org.apache.ratis.thirdparty.io.grpc.StatusRuntimeException: UNAVAILABLE: io exception
2019-11-13 20:09:00,642 [grpc-default-executor-11] INFO  impl.FollowerInfo (FollowerInfo.java:lambda$new$0(51)) - 020265cf-8215-4e82-9241-b31a46326517@group-83A883EAE087->4ac79741-1dc4-4e7a-a50d-ac53fab10d14: nextIndex: updateUnconditionally 2 -> 1
2019-11-13 20:09:00,678 [grpc-default-executor-13] WARN  server.GrpcLogAppender (LogUtils.java:warn(134)) - 7ba2007b-7453-4993-98f1-4fc841af859b@group-7A5735C625A6->63348c40-6caf-45cd-85ad-36e15dedc157-AppendLogResponseHandler: Failed appendEntries: org.apache.ratis.thirdparty.io.grpc.StatusRuntimeException: UNAVAILABLE: io exception
2019-11-13 20:09:00,678 [grpc-default-executor-13] INFO  impl.FollowerInfo (FollowerInfo.java:lambda$new$0(51)) - 7ba2007b-7453-4993-98f1-4fc841af859b@group-7A5735C625A6->63348c40-6caf-45cd-85ad-36e15dedc157: nextIndex: updateUnconditionally 0 -> 0
2019-11-13 20:09:01,142 [grpc-default-executor-16] WARN  server.GrpcLogAppender (LogUtils.java:warn(134)) - 020265cf-8215-4e82-9241-b31a46326517@group-83A883EAE087->4ac79741-1dc4-4e7a-a50d-ac53fab10d14-AppendLogResponseHandler: Failed appendEntries: org.apache.ratis.thirdparty.io.grpc.StatusRuntimeException: UNAVAILABLE: io exception
2019-11-13 20:09:01,143 [grpc-default-executor-16] INFO  impl.FollowerInfo (FollowerInfo.java:lambda$new$0(51)) - 020265cf-8215-4e82-9241-b31a46326517@group-83A883EAE087->4ac79741-1dc4-4e7a-a50d-ac53fab10d14: nextIndex: updateUnconditionally 1 -> 0
2019-11-13 20:09:01,178 [grpc-default-executor-13] WARN  server.GrpcLogAppender (LogUtils.java:warn(134)) - 7ba2007b-7453-4993-98f1-4fc841af859b@group-7A5735C625A6->63348c40-6caf-45cd-85ad-36e15dedc157-AppendLogResponseHandler: Failed appendEntries: org.apache.ratis.thirdparty.io.grpc.StatusRuntimeException: UNAVAILABLE: io exception
2019-11-13 20:09:01,179 [grpc-default-executor-13] INFO  impl.FollowerInfo (FollowerInfo.java:lambda$new$0(51)) - 7ba2007b-7453-4993-98f1-4fc841af859b@group-7A5735C625A6->63348c40-6caf-45cd-85ad-36e15dedc157: nextIndex: updateUnconditionally 0 -> 0
2019-11-13 20:09:01,643 [grpc-default-executor-13] WARN  server.GrpcLogAppender (LogUtils.java:warn(134)) - 020265cf-8215-4e82-9241-b31a46326517@group-83A883EAE087->4ac79741-1dc4-4e7a-a50d-ac53fab10d14-AppendLogResponseHandler: Failed appendEntries: org.apache.ratis.thirdparty.io.grpc.StatusRuntimeException: UNAVAILABLE: io exception
2019-11-13 20:09:01,643 [grpc-default-executor-13] INFO  impl.FollowerInfo (FollowerInfo.java:lambda$new$0(51)) - 020265cf-8215-4e82-9241-b31a46326517@group-83A883EAE087->4ac79741-1dc4-4e7a-a50d-ac53fab10d14: nextIndex: updateUnconditionally 0 -> 0
2019-11-13 20:09:01,679 [grpc-default-executor-16] WARN  server.GrpcLogAppender (LogUtils.java:warn(134)) - 7ba2007b-7453-4993-98f1-4fc841af859b@group-7A5735C625A6->63348c40-6caf-45cd-85ad-36e15dedc157-AppendLogResponseHandler: Failed appendEntries: org.apache.ratis.thirdparty.io.grpc.StatusRuntimeException: UNAVAILABLE: io exception
2019-11-13 20:09:01,679 [grpc-default-executor-16] INFO  impl.FollowerInfo (FollowerInfo.java:lambda$new$0(51)) - 7ba2007b-7453-4993-98f1-4fc841af859b@group-7A5735C625A6->63348c40-6caf-45cd-85ad-36e15dedc157: nextIndex: updateUnconditionally 0 -> 0
2019-11-13 20:09:02,146 [grpc-default-executor-16] WARN  server.GrpcLogAppender (LogUtils.java:warn(134)) - 020265cf-8215-4e82-9241-b31a46326517@group-83A883EAE087->4ac79741-1dc4-4e7a-a50d-ac53fab10d14-AppendLogResponseHandler: Failed appendEntries: org.apache.ratis.thirdparty.io.grpc.StatusRuntimeException: UNAVAILABLE: io exception
2019-11-13 20:09:02,147 [grpc-default-executor-16] INFO  impl.FollowerInfo (FollowerInfo.java:lambda$new$0(51)) - 020265cf-8215-4e82-9241-b31a46326517@group-83A883EAE087->4ac79741-1dc4-4e7a-a50d-ac53fab10d14: nextIndex: updateUnconditionally 0 -> 0
2019-11-13 20:09:02,180 [grpc-default-executor-11] WARN  server.GrpcLogAppender (LogUtils.java:warn(134)) - 7ba2007b-7453-4993-98f1-4fc841af859b@group-7A5735C625A6->63348c40-6caf-45cd-85ad-36e15dedc157-AppendLogResponseHandler: Failed appendEntries: org.apache.ratis.thirdparty.io.grpc.StatusRuntimeException: UNAVAILABLE: io exception
2019-11-13 20:09:02,180 [grpc-default-executor-11] INFO  impl.FollowerInfo (FollowerInfo.java:lambda$new$0(51)) - 7ba2007b-7453-4993-98f1-4fc841af859b@group-7A5735C625A6->63348c40-6caf-45cd-85ad-36e15dedc157: nextIndex: updateUnconditionally 0 -> 0
2019-11-13 20:09:02,646 [grpc-default-executor-16] WARN  server.GrpcLogAppender (LogUtils.java:warn(134)) - 020265cf-8215-4e82-9241-b31a46326517@group-83A883EAE087->4ac79741-1dc4-4e7a-a50d-ac53fab10d14-AppendLogResponseHandler: Failed appendEntries: org.apache.ratis.thirdparty.io.grpc.StatusRuntimeException: UNAVAILABLE: io exception
2019-11-13 20:09:02,646 [grpc-default-executor-16] INFO  impl.FollowerInfo (FollowerInfo.java:lambda$new$0(51)) - 020265cf-8215-4e82-9241-b31a46326517@group-83A883EAE087->4ac79741-1dc4-4e7a-a50d-ac53fab10d14: nextIndex: updateUnconditionally 0 -> 0
2019-11-13 20:09:02,680 [grpc-default-executor-11] WARN  server.GrpcLogAppender (LogUtils.java:warn(134)) - 7ba2007b-7453-4993-98f1-4fc841af859b@group-7A5735C625A6->63348c40-6caf-45cd-85ad-36e15dedc157-AppendLogResponseHandler: Failed appendEntries: org.apache.ratis.thirdparty.io.grpc.StatusRuntimeException: UNAVAILABLE: io exception
2019-11-13 20:09:02,680 [grpc-default-executor-11] INFO  impl.FollowerInfo (FollowerInfo.java:lambda$new$0(51)) - 7ba2007b-7453-4993-98f1-4fc841af859b@group-7A5735C625A6->63348c40-6caf-45cd-85ad-36e15dedc157: nextIndex: updateUnconditionally 0 -> 0
2019-11-13 20:09:03,146 [grpc-default-executor-13] WARN  server.GrpcLogAppender (LogUtils.java:warn(134)) - 020265cf-8215-4e82-9241-b31a46326517@group-83A883EAE087->4ac79741-1dc4-4e7a-a50d-ac53fab10d14-AppendLogResponseHandler: Failed appendEntries: org.apache.ratis.thirdparty.io.grpc.StatusRuntimeException: UNAVAILABLE: io exception
2019-11-13 20:09:03,146 [grpc-default-executor-13] INFO  impl.FollowerInfo (FollowerInfo.java:lambda$new$0(51)) - 020265cf-8215-4e82-9241-b31a46326517@group-83A883EAE087->4ac79741-1dc4-4e7a-a50d-ac53fab10d14: nextIndex: updateUnconditionally 0 -> 0
2019-11-13 20:09:03,181 [grpc-default-executor-16] WARN  server.GrpcLogAppender (LogUtils.java:warn(134)) - 7ba2007b-7453-4993-98f1-4fc841af859b@group-7A5735C625A6->63348c40-6caf-45cd-85ad-36e15dedc157-AppendLogResponseHandler: Failed appendEntries: org.apache.ratis.thirdparty.io.grpc.StatusRuntimeException: UNAVAILABLE: io exception
2019-11-13 20:09:03,181 [grpc-default-executor-16] INFO  impl.FollowerInfo (FollowerInfo.java:lambda$new$0(51)) - 7ba2007b-7453-4993-98f1-4fc841af859b@group-7A5735C625A6->63348c40-6caf-45cd-85ad-36e15dedc157: nextIndex: updateUnconditionally 0 -> 0
2019-11-13 20:09:03,352 [ForkJoinPool.commonPool-worker-0] INFO  ozoneimpl.OzoneContainer (OzoneContainer.java:stop(244)) - Attempting to stop container services.
2019-11-13 20:09:03,352 [ForkJoinPool.commonPool-worker-0] INFO  impl.RaftServerProxy (RaftServerProxy.java:lambda$close$4(314)) - 020265cf-8215-4e82-9241-b31a46326517: close
2019-11-13 20:09:03,353 [ForkJoinPool.commonPool-worker-0] INFO  impl.RaftServerImpl (RaftServerImpl.java:lambda$shutdown$3(250)) - 020265cf-8215-4e82-9241-b31a46326517@group-83A883EAE087: shutdown
2019-11-13 20:09:03,353 [ForkJoinPool.commonPool-worker-0] INFO  util.JmxRegister (JmxRegister.java:unregister(73)) - Successfully un-registered JMX Bean with object name Ratis:service=RaftServer,group=group-83A883EAE087,id=020265cf-8215-4e82-9241-b31a46326517
2019-11-13 20:09:03,353 [ForkJoinPool.commonPool-worker-0] INFO  impl.RoleInfo (RoleInfo.java:shutdownLeaderState(104)) - 020265cf-8215-4e82-9241-b31a46326517: shutdown LeaderState
2019-11-13 20:09:03,356 [org.apache.ratis.server.impl.LogAppender$AppenderDaemon$$Lambda$506/1658834723@2387594e] WARN  server.GrpcLogAppender (GrpcLogAppender.java:mayWait(151)) - 020265cf-8215-4e82-9241-b31a46326517@group-83A883EAE087->2f9d8c1e-934d-4d04-b20a-ee991adbbfce-GrpcLogAppender: Wait interrupted by java.lang.InterruptedException
2019-11-13 20:09:03,356 [ForkJoinPool.commonPool-worker-0] INFO  impl.PendingRequests (PendingRequests.java:sendNotLeaderResponses(206)) - 020265cf-8215-4e82-9241-b31a46326517@group-83A883EAE087-PendingRequests: sendNotLeaderResponses
2019-11-13 20:09:03,356 [org.apache.ratis.server.impl.LogAppender$AppenderDaemon$$Lambda$506/1658834723@6685c35a] WARN  server.GrpcLogAppender (GrpcLogAppender.java:mayWait(151)) - 020265cf-8215-4e82-9241-b31a46326517@group-83A883EAE087->4ac79741-1dc4-4e7a-a50d-ac53fab10d14-GrpcLogAppender: Wait interrupted by java.lang.InterruptedException
2019-11-13 20:09:03,359 [grpc-default-executor-11] INFO  server.GrpcServerProtocolService (GrpcServerProtocolService.java:onCompleted(113)) - 2f9d8c1e-934d-4d04-b20a-ee991adbbfce: Completed APPEND_ENTRIES, lastRequest: 020265cf-8215-4e82-9241-b31a46326517->2f9d8c1e-934d-4d04-b20a-ee991adbbfce#37-t1, previous=(t:1, i:6), leaderCommit=6, initializing? false, entries: <empty>
2019-11-13 20:09:03,359 [ForkJoinPool.commonPool-worker-0] INFO  impl.StateMachineUpdater (StateMachineUpdater.java:stopAndJoin(136)) - 020265cf-8215-4e82-9241-b31a46326517@group-83A883EAE087-StateMachineUpdater: set stopIndex = 6
2019-11-13 20:09:03,359 [020265cf-8215-4e82-9241-b31a46326517@group-83A883EAE087-StateMachineUpdater] INFO  ratis.ContainerStateMachine (ContainerStateMachine.java:takeSnapshot(285)) - group-83A883EAE087: Taking a snapshot at:(t:1, i:6) file /workdir/hadoop-ozone/integration-test/target/test-dir/MiniOzoneClusterImpl-89214370-af8c-46c8-b403-f68b2ae7a3e8/datanode-3/data/ratis/70665370-c894-4f18-9c48-83a883eae087/sm/snapshot.1_6
2019-11-13 20:09:03,359 [grpc-default-executor-16] INFO  server.GrpcLogAppender (GrpcLogAppender.java:onCompleted(308)) - 020265cf-8215-4e82-9241-b31a46326517@group-83A883EAE087->2f9d8c1e-934d-4d04-b20a-ee991adbbfce-AppendLogResponseHandler: follower responses appendEntries COMPLETED
2019-11-13 20:09:03,360 [grpc-default-executor-16] INFO  impl.FollowerInfo (FollowerInfo.java:lambda$new$0(51)) - 020265cf-8215-4e82-9241-b31a46326517@group-83A883EAE087->2f9d8c1e-934d-4d04-b20a-ee991adbbfce: nextIndex: updateUnconditionally 7 -> 6
2019-11-13 20:09:03,373 [020265cf-8215-4e82-9241-b31a46326517@group-83A883EAE087-StateMachineUpdater] INFO  ratis.ContainerStateMachine (ContainerStateMachine.java:takeSnapshot(296)) - group-83A883EAE087: Finished taking a snapshot at:(t:1, i:6) file:/workdir/hadoop-ozone/integration-test/target/test-dir/MiniOzoneClusterImpl-89214370-af8c-46c8-b403-f68b2ae7a3e8/datanode-3/data/ratis/70665370-c894-4f18-9c48-83a883eae087/sm/snapshot.1_6 time:13
2019-11-13 20:09:03,373 [020265cf-8215-4e82-9241-b31a46326517@group-83A883EAE087-StateMachineUpdater] INFO  impl.StateMachineUpdater (StateMachineUpdater.java:takeSnapshot(269)) - 020265cf-8215-4e82-9241-b31a46326517@group-83A883EAE087-StateMachineUpdater: Took a snapshot at index 6
2019-11-13 20:09:03,373 [020265cf-8215-4e82-9241-b31a46326517@group-83A883EAE087-StateMachineUpdater] INFO  impl.StateMachineUpdater (StateMachineUpdater.java:lambda$new$0(84)) - 020265cf-8215-4e82-9241-b31a46326517@group-83A883EAE087-StateMachineUpdater: snapshotIndex: updateIncreasingly -1 -> 6
2019-11-13 20:09:03,374 [ForkJoinPool.commonPool-worker-0] INFO  impl.RaftServerImpl (ServerState.java:close(387)) - 020265cf-8215-4e82-9241-b31a46326517@group-83A883EAE087: closes. applyIndex: 6
2019-11-13 20:09:03,374 [020265cf-8215-4e82-9241-b31a46326517@group-83A883EAE087-SegmentedRaftLogWorker] INFO  segmented.SegmentedRaftLogWorker (SegmentedRaftLogWorker.java:run(316)) - 020265cf-8215-4e82-9241-b31a46326517@group-83A883EAE087-SegmentedRaftLogWorker was interrupted, exiting. There are 0 tasks remaining in the queue.
2019-11-13 20:09:03,374 [ForkJoinPool.commonPool-worker-0] INFO  segmented.SegmentedRaftLogWorker (SegmentedRaftLogWorker.java:close(224)) - 020265cf-8215-4e82-9241-b31a46326517@group-83A883EAE087-SegmentedRaftLogWorker close()
2019-11-13 20:09:03,376 [ForkJoinPool.commonPool-worker-0] INFO  impl.RaftServerImpl (RaftServerImpl.java:lambda$shutdown$3(250)) - 020265cf-8215-4e82-9241-b31a46326517@group-36E479A5504C: shutdown
2019-11-13 20:09:03,376 [ForkJoinPool.commonPool-worker-0] INFO  util.JmxRegister (JmxRegister.java:unregister(73)) - Successfully un-registered JMX Bean with object name Ratis:service=RaftServer,group=group-36E479A5504C,id=020265cf-8215-4e82-9241-b31a46326517
2019-11-13 20:09:03,376 [ForkJoinPool.commonPool-worker-0] INFO  impl.RoleInfo (RoleInfo.java:shutdownLeaderState(104)) - 020265cf-8215-4e82-9241-b31a46326517: shutdown LeaderState
2019-11-13 20:09:03,376 [ForkJoinPool.commonPool-worker-0] INFO  impl.PendingRequests (PendingRequests.java:sendNotLeaderResponses(206)) - 020265cf-8215-4e82-9241-b31a46326517@group-36E479A5504C-PendingRequests: sendNotLeaderResponses
2019-11-13 20:09:03,376 [ForkJoinPool.commonPool-worker-0] INFO  impl.StateMachineUpdater (StateMachineUpdater.java:stopAndJoin(136)) - 020265cf-8215-4e82-9241-b31a46326517@group-36E479A5504C-StateMachineUpdater: set stopIndex = 0
2019-11-13 20:09:03,377 [ForkJoinPool.commonPool-worker-0] INFO  impl.RaftServerImpl (ServerState.java:close(387)) - 020265cf-8215-4e82-9241-b31a46326517@group-36E479A5504C: closes. applyIndex: 0
2019-11-13 20:09:03,377 [020265cf-8215-4e82-9241-b31a46326517@group-36E479A5504C-SegmentedRaftLogWorker] INFO  segmented.SegmentedRaftLogWorker (SegmentedRaftLogWorker.java:run(316)) - 020265cf-8215-4e82-9241-b31a46326517@group-36E479A5504C-SegmentedRaftLogWorker was interrupted, exiting. There are 0 tasks remaining in the queue.
2019-11-13 20:09:03,377 [ForkJoinPool.commonPool-worker-0] INFO  segmented.SegmentedRaftLogWorker (SegmentedRaftLogWorker.java:close(224)) - 020265cf-8215-4e82-9241-b31a46326517@group-36E479A5504C-SegmentedRaftLogWorker close()
2019-11-13 20:09:03,378 [ForkJoinPool.commonPool-worker-0] INFO  server.GrpcService (GrpcService.java:closeImpl(164)) - 020265cf-8215-4e82-9241-b31a46326517: shutdown server with port 43042 now
2019-11-13 20:09:03,378 [ForkJoinPool.commonPool-worker-0] INFO  server.GrpcService (GrpcService.java:closeImpl(172)) - 020265cf-8215-4e82-9241-b31a46326517: shutdown server with port 43042 successfully
2019-11-13 20:09:03,379 [refreshUsed-/workdir/hadoop-ozone/integration-test/target/test-dir/MiniOzoneClusterImpl-89214370-af8c-46c8-b403-f68b2ae7a3e8/datanode-3/data/containers] WARN  fs.CachingGetSpaceUsed (CachingGetSpaceUsed.java:run(183)) - Thread Interrupted waiting to refresh disk information: sleep interrupted
2019-11-13 20:09:03,382 [main] INFO  ozoneimpl.OzoneContainer (OzoneContainer.java:stop(244)) - Attempting to stop container services.
2019-11-13 20:09:03,383 [main] INFO  impl.RaftServerProxy (RaftServerProxy.java:lambda$close$4(314)) - 167876bd-92c4-4c51-979b-51b12cb252bf: close
2019-11-13 20:09:03,384 [main] INFO  impl.RaftServerImpl (RaftServerImpl.java:lambda$shutdown$3(250)) - 167876bd-92c4-4c51-979b-51b12cb252bf@group-764E8470B8EF: shutdown
2019-11-13 20:09:03,384 [main] INFO  util.JmxRegister (JmxRegister.java:unregister(73)) - Successfully un-registered JMX Bean with object name Ratis:service=RaftServer,group=group-764E8470B8EF,id=167876bd-92c4-4c51-979b-51b12cb252bf
2019-11-13 20:09:03,384 [main] INFO  impl.RoleInfo (RoleInfo.java:shutdownLeaderState(104)) - 167876bd-92c4-4c51-979b-51b12cb252bf: shutdown LeaderState
2019-11-13 20:09:03,385 [main] INFO  impl.PendingRequests (PendingRequests.java:sendNotLeaderResponses(206)) - 167876bd-92c4-4c51-979b-51b12cb252bf@group-764E8470B8EF-PendingRequests: sendNotLeaderResponses
2019-11-13 20:09:03,385 [main] INFO  impl.StateMachineUpdater (StateMachineUpdater.java:stopAndJoin(136)) - 167876bd-92c4-4c51-979b-51b12cb252bf@group-764E8470B8EF-StateMachineUpdater: set stopIndex = 0
2019-11-13 20:09:03,385 [main] INFO  impl.RaftServerImpl (ServerState.java:close(387)) - 167876bd-92c4-4c51-979b-51b12cb252bf@group-764E8470B8EF: closes. applyIndex: 0
2019-11-13 20:09:03,385 [167876bd-92c4-4c51-979b-51b12cb252bf@group-764E8470B8EF-SegmentedRaftLogWorker] INFO  segmented.SegmentedRaftLogWorker (SegmentedRaftLogWorker.java:run(316)) - 167876bd-92c4-4c51-979b-51b12cb252bf@group-764E8470B8EF-SegmentedRaftLogWorker was interrupted, exiting. There are 0 tasks remaining in the queue.
2019-11-13 20:09:03,386 [main] INFO  segmented.SegmentedRaftLogWorker (SegmentedRaftLogWorker.java:close(224)) - 167876bd-92c4-4c51-979b-51b12cb252bf@group-764E8470B8EF-SegmentedRaftLogWorker close()
2019-11-13 20:09:03,387 [main] INFO  impl.RaftServerImpl (RaftServerImpl.java:lambda$shutdown$3(250)) - 167876bd-92c4-4c51-979b-51b12cb252bf@group-7FA8BB7384C7: shutdown
2019-11-13 20:09:03,387 [main] INFO  util.JmxRegister (JmxRegister.java:unregister(73)) - Successfully un-registered JMX Bean with object name Ratis:service=RaftServer,group=group-7FA8BB7384C7,id=167876bd-92c4-4c51-979b-51b12cb252bf
2019-11-13 20:09:03,388 [main] INFO  impl.RoleInfo (RoleInfo.java:shutdownFollowerState(121)) - 167876bd-92c4-4c51-979b-51b12cb252bf: shutdown FollowerState
2019-11-13 20:09:03,388 [main] INFO  impl.StateMachineUpdater (StateMachineUpdater.java:stopAndJoin(136)) - 167876bd-92c4-4c51-979b-51b12cb252bf@group-7FA8BB7384C7-StateMachineUpdater: set stopIndex = 0
2019-11-13 20:09:03,388 [Thread-4798] INFO  impl.FollowerState (FollowerState.java:run(120)) - 167876bd-92c4-4c51-979b-51b12cb252bf@group-7FA8BB7384C7-FollowerState was interrupted: java.lang.InterruptedException: sleep interrupted
2019-11-13 20:09:03,388 [main] INFO  impl.RaftServerImpl (ServerState.java:close(387)) - 167876bd-92c4-4c51-979b-51b12cb252bf@group-7FA8BB7384C7: closes. applyIndex: 0
2019-11-13 20:09:03,388 [167876bd-92c4-4c51-979b-51b12cb252bf@group-7FA8BB7384C7-SegmentedRaftLogWorker] INFO  segmented.SegmentedRaftLogWorker (SegmentedRaftLogWorker.java:run(316)) - 167876bd-92c4-4c51-979b-51b12cb252bf@group-7FA8BB7384C7-SegmentedRaftLogWorker was interrupted, exiting. There are 0 tasks remaining in the queue.
2019-11-13 20:09:03,389 [main] INFO  segmented.SegmentedRaftLogWorker (SegmentedRaftLogWorker.java:close(224)) - 167876bd-92c4-4c51-979b-51b12cb252bf@group-7FA8BB7384C7-SegmentedRaftLogWorker close()
2019-11-13 20:09:03,389 [main] INFO  server.GrpcService (GrpcService.java:closeImpl(164)) - 167876bd-92c4-4c51-979b-51b12cb252bf: shutdown server with port 45159 now
2019-11-13 20:09:03,390 [grpc-default-executor-16] WARN  server.GrpcServerProtocolService (LogUtils.java:warn(134)) - 167876bd-92c4-4c51-979b-51b12cb252bf: installSnapshot onError, lastRequest: 8446ee0c-69c2-4e02-91d0-278741efb561->167876bd-92c4-4c51-979b-51b12cb252bf#36-t3, previous=(t:3, i:0), leaderCommit=0, initializing? false, entries: <empty>: org.apache.ratis.thirdparty.io.grpc.StatusRuntimeException: CANCELLED: cancelled before receiving half close
2019-11-13 20:09:03,390 [grpc-default-executor-11] WARN  server.GrpcLogAppender (LogUtils.java:warn(134)) - 8446ee0c-69c2-4e02-91d0-278741efb561@group-7FA8BB7384C7->167876bd-92c4-4c51-979b-51b12cb252bf-AppendLogResponseHandler: Failed appendEntries: org.apache.ratis.thirdparty.io.grpc.StatusRuntimeException: CANCELLED: HTTP/2 error code: CANCEL
Received Rst Stream
2019-11-13 20:09:03,391 [main] INFO  server.GrpcService (GrpcService.java:closeImpl(172)) - 167876bd-92c4-4c51-979b-51b12cb252bf: shutdown server with port 45159 successfully
2019-11-13 20:09:03,391 [grpc-default-executor-11] INFO  impl.FollowerInfo (FollowerInfo.java:lambda$new$0(51)) - 8446ee0c-69c2-4e02-91d0-278741efb561@group-7FA8BB7384C7->167876bd-92c4-4c51-979b-51b12cb252bf: nextIndex: updateUnconditionally 1 -> 0
2019-11-13 20:09:03,394 [refreshUsed-/workdir/hadoop-ozone/integration-test/target/test-dir/MiniOzoneClusterImpl-89214370-af8c-46c8-b403-f68b2ae7a3e8/datanode-6/data/containers] WARN  fs.CachingGetSpaceUsed (CachingGetSpaceUsed.java:run(183)) - Thread Interrupted waiting to refresh disk information: sleep interrupted
2019-11-13 20:09:03,401 [ForkJoinPool.commonPool-worker-0] INFO  utils.BackgroundService (BackgroundService.java:shutdown(151)) - Shutting down service BlockDeletingService
2019-11-13 20:09:03,403 [ForkJoinPool.commonPool-worker-0] INFO  statemachine.DatanodeStateMachine (DatanodeStateMachine.java:stopDaemon(395)) - Ozone container server stopped.
2019-11-13 20:09:03,416 [ForkJoinPool.commonPool-worker-0] INFO  handler.ContextHandler (ContextHandler.java:doStop(910)) - Stopped o.e.j.w.WebAppContext@4245bf68{/,null,UNAVAILABLE}{/hddsDatanode}
2019-11-13 20:09:03,416 [ForkJoinPool.commonPool-worker-0] INFO  server.AbstractConnector (AbstractConnector.java:doStop(318)) - Stopped ServerConnector@45bbc52f{HTTP/1.1,[http/1.1]}{0.0.0.0:0}
2019-11-13 20:09:03,418 [ForkJoinPool.commonPool-worker-0] INFO  handler.ContextHandler (ContextHandler.java:doStop(910)) - Stopped o.e.j.s.ServletContextHandler@25ce435{/static,jar:file:/home/user/.m2/repository/org/apache/hadoop/hadoop-hdds-container-service/0.5.0-SNAPSHOT/hadoop-hdds-container-service-0.5.0-SNAPSHOT.jar!/webapps/static,UNAVAILABLE}
2019-11-13 20:09:03,419 [ForkJoinPool.commonPool-worker-0] INFO  handler.ContextHandler (ContextHandler.java:doStop(910)) - Stopped o.e.j.s.ServletContextHandler@11eec06b{/logs,file:///workdir/hadoop-ozone/integration-test/target/log,UNAVAILABLE}
2019-11-13 20:09:03,423 [main] INFO  utils.BackgroundService (BackgroundService.java:shutdown(151)) - Shutting down service BlockDeletingService
2019-11-13 20:09:03,425 [main] INFO  statemachine.DatanodeStateMachine (DatanodeStateMachine.java:stopDaemon(395)) - Ozone container server stopped.
2019-11-13 20:09:03,426 [main] INFO  handler.ContextHandler (ContextHandler.java:doStop(910)) - Stopped o.e.j.w.WebAppContext@44fd7ba4{/,null,UNAVAILABLE}{/hddsDatanode}
2019-11-13 20:09:03,427 [main] INFO  server.AbstractConnector (AbstractConnector.java:doStop(318)) - Stopped ServerConnector@22f8adc2{HTTP/1.1,[http/1.1]}{0.0.0.0:0}
2019-11-13 20:09:03,427 [main] INFO  handler.ContextHandler (ContextHandler.java:doStop(910)) - Stopped o.e.j.s.ServletContextHandler@21f9c6ea{/static,jar:file:/home/user/.m2/repository/org/apache/hadoop/hadoop-hdds-container-service/0.5.0-SNAPSHOT/hadoop-hdds-container-service-0.5.0-SNAPSHOT.jar!/webapps/static,UNAVAILABLE}
2019-11-13 20:09:03,428 [main] INFO  handler.ContextHandler (ContextHandler.java:doStop(910)) - Stopped o.e.j.s.ServletContextHandler@5fe46d52{/logs,file:///workdir/hadoop-ozone/integration-test/target/log,UNAVAILABLE}
2019-11-13 20:09:03,561 [Datanode State Machine Thread - 0] INFO  statemachine.DatanodeStateMachine (DatanodeStateMachine.java:lambda$startDaemon$0(350)) - Ozone container server started.
2019-11-13 20:09:03,681 [grpc-default-executor-13] WARN  server.GrpcLogAppender (LogUtils.java:warn(134)) - 7ba2007b-7453-4993-98f1-4fc841af859b@group-7A5735C625A6->63348c40-6caf-45cd-85ad-36e15dedc157-AppendLogResponseHandler: Failed appendEntries: org.apache.ratis.thirdparty.io.grpc.StatusRuntimeException: UNAVAILABLE: io exception
2019-11-13 20:09:03,681 [grpc-default-executor-13] INFO  impl.FollowerInfo (FollowerInfo.java:lambda$new$0(51)) - 7ba2007b-7453-4993-98f1-4fc841af859b@group-7A5735C625A6->63348c40-6caf-45cd-85ad-36e15dedc157: nextIndex: updateUnconditionally 0 -> 0
2019-11-13 20:09:03,817 [grpc-default-executor-16] WARN  server.GrpcLogAppender (LogUtils.java:warn(134)) - 8446ee0c-69c2-4e02-91d0-278741efb561@group-7FA8BB7384C7->167876bd-92c4-4c51-979b-51b12cb252bf-AppendLogResponseHandler: Failed appendEntries: org.apache.ratis.thirdparty.io.grpc.StatusRuntimeException: UNAVAILABLE: io exception
2019-11-13 20:09:03,818 [grpc-default-executor-16] INFO  impl.FollowerInfo (FollowerInfo.java:lambda$new$0(51)) - 8446ee0c-69c2-4e02-91d0-278741efb561@group-7FA8BB7384C7->167876bd-92c4-4c51-979b-51b12cb252bf: nextIndex: updateUnconditionally 0 -> 0
2019-11-13 20:09:04,099 [Datanode State Machine Thread - 0] INFO  statemachine.DatanodeStateMachine (DatanodeStateMachine.java:lambda$startDaemon$0(350)) - Ozone container server started.
2019-11-13 20:09:04,181 [grpc-default-executor-11] WARN  server.GrpcLogAppender (LogUtils.java:warn(134)) - 7ba2007b-7453-4993-98f1-4fc841af859b@group-7A5735C625A6->63348c40-6caf-45cd-85ad-36e15dedc157-AppendLogResponseHandler: Failed appendEntries: org.apache.ratis.thirdparty.io.grpc.StatusRuntimeException: UNAVAILABLE: io exception
2019-11-13 20:09:04,182 [grpc-default-executor-11] INFO  impl.FollowerInfo (FollowerInfo.java:lambda$new$0(51)) - 7ba2007b-7453-4993-98f1-4fc841af859b@group-7A5735C625A6->63348c40-6caf-45cd-85ad-36e15dedc157: nextIndex: updateUnconditionally 0 -> 0
2019-11-13 20:09:04,318 [grpc-default-executor-13] WARN  server.GrpcLogAppender (LogUtils.java:warn(134)) - 8446ee0c-69c2-4e02-91d0-278741efb561@group-7FA8BB7384C7->167876bd-92c4-4c51-979b-51b12cb252bf-AppendLogResponseHandler: Failed appendEntries: org.apache.ratis.thirdparty.io.grpc.StatusRuntimeException: UNAVAILABLE: io exception
2019-11-13 20:09:04,318 [grpc-default-executor-13] INFO  impl.FollowerInfo (FollowerInfo.java:lambda$new$0(51)) - 8446ee0c-69c2-4e02-91d0-278741efb561@group-7FA8BB7384C7->167876bd-92c4-4c51-979b-51b12cb252bf: nextIndex: updateUnconditionally 0 -> 0
2019-11-13 20:09:04,682 [grpc-default-executor-13] WARN  server.GrpcLogAppender (LogUtils.java:warn(134)) - 7ba2007b-7453-4993-98f1-4fc841af859b@group-7A5735C625A6->63348c40-6caf-45cd-85ad-36e15dedc157-AppendLogResponseHandler: Failed appendEntries: org.apache.ratis.thirdparty.io.grpc.StatusRuntimeException: UNAVAILABLE: io exception
2019-11-13 20:09:04,682 [grpc-default-executor-13] INFO  impl.FollowerInfo (FollowerInfo.java:lambda$new$0(51)) - 7ba2007b-7453-4993-98f1-4fc841af859b@group-7A5735C625A6->63348c40-6caf-45cd-85ad-36e15dedc157: nextIndex: updateUnconditionally 0 -> 0
2019-11-13 20:09:04,819 [grpc-default-executor-11] WARN  server.GrpcLogAppender (LogUtils.java:warn(134)) - 8446ee0c-69c2-4e02-91d0-278741efb561@group-7FA8BB7384C7->167876bd-92c4-4c51-979b-51b12cb252bf-AppendLogResponseHandler: Failed appendEntries: org.apache.ratis.thirdparty.io.grpc.StatusRuntimeException: UNAVAILABLE: io exception
2019-11-13 20:09:04,819 [grpc-default-executor-11] INFO  impl.FollowerInfo (FollowerInfo.java:lambda$new$0(51)) - 8446ee0c-69c2-4e02-91d0-278741efb561@group-7FA8BB7384C7->167876bd-92c4-4c51-979b-51b12cb252bf: nextIndex: updateUnconditionally 0 -> 0
2019-11-13 20:09:05,049 [Thread-4907] INFO  impl.FollowerState (FollowerState.java:run(111)) - 2f9d8c1e-934d-4d04-b20a-ee991adbbfce@group-83A883EAE087-FollowerState: change to CANDIDATE, lastRpcTime:1895ms, electionTimeout:1064ms
2019-11-13 20:09:05,049 [Thread-4907] INFO  impl.RoleInfo (RoleInfo.java:shutdownFollowerState(121)) - 2f9d8c1e-934d-4d04-b20a-ee991adbbfce: shutdown FollowerState
2019-11-13 20:09:05,049 [Thread-4907] INFO  impl.RaftServerImpl (RaftServerImpl.java:setRole(173)) - 2f9d8c1e-934d-4d04-b20a-ee991adbbfce@group-83A883EAE087: changes role from  FOLLOWER to CANDIDATE at term 1 for changeToCandidate
2019-11-13 20:09:05,049 [Thread-4907] INFO  impl.RoleInfo (RoleInfo.java:updateAndGet(143)) - 2f9d8c1e-934d-4d04-b20a-ee991adbbfce: start LeaderElection
2019-11-13 20:09:05,050 [2f9d8c1e-934d-4d04-b20a-ee991adbbfce@group-83A883EAE087-LeaderElection158] INFO  impl.RaftServerImpl (ServerState.java:setLeader(255)) - 2f9d8c1e-934d-4d04-b20a-ee991adbbfce@group-83A883EAE087: change Leader from 020265cf-8215-4e82-9241-b31a46326517 to null at term 1 for initElection
2019-11-13 20:09:05,056 [2f9d8c1e-934d-4d04-b20a-ee991adbbfce@group-83A883EAE087-LeaderElection158] INFO  impl.LeaderElection (LeaderElection.java:askForVotes(178)) - 2f9d8c1e-934d-4d04-b20a-ee991adbbfce@group-83A883EAE087-LeaderElection158: begin an election at term 2 for 0: [020265cf-8215-4e82-9241-b31a46326517:192.168.34.38:43042, 2f9d8c1e-934d-4d04-b20a-ee991adbbfce:192.168.34.38:42314, 4ac79741-1dc4-4e7a-a50d-ac53fab10d14:192.168.34.38:46397], old=null
2019-11-13 20:09:05,058 [2f9d8c1e-934d-4d04-b20a-ee991adbbfce@group-83A883EAE087-LeaderElection158] INFO  impl.LeaderElection (LogUtils.java:infoOrTrace(149)) - 2f9d8c1e-934d-4d04-b20a-ee991adbbfce@group-83A883EAE087-LeaderElection158 got exception when requesting votes: {}
java.util.concurrent.ExecutionException: org.apache.ratis.thirdparty.io.grpc.StatusRuntimeException: UNAVAILABLE: io exception
	at java.util.concurrent.FutureTask.report(FutureTask.java:122)
	at java.util.concurrent.FutureTask.get(FutureTask.java:192)
	at org.apache.ratis.server.impl.LeaderElection.waitForResults(LeaderElection.java:259)
	at org.apache.ratis.server.impl.LeaderElection.askForVotes(LeaderElection.java:197)
	at org.apache.ratis.server.impl.LeaderElection.run(LeaderElection.java:133)
	at java.lang.Thread.run(Thread.java:748)
Caused by: org.apache.ratis.thirdparty.io.grpc.StatusRuntimeException: UNAVAILABLE: io exception
	at org.apache.ratis.thirdparty.io.grpc.stub.ClientCalls.toStatusRuntimeException(ClientCalls.java:233)
	at org.apache.ratis.thirdparty.io.grpc.stub.ClientCalls.getUnchecked(ClientCalls.java:214)
	at org.apache.ratis.thirdparty.io.grpc.stub.ClientCalls.blockingUnaryCall(ClientCalls.java:139)
	at org.apache.ratis.proto.grpc.RaftServerProtocolServiceGrpc$RaftServerProtocolServiceBlockingStub.requestVote(RaftServerProtocolServiceGrpc.java:265)
	at org.apache.ratis.grpc.server.GrpcServerProtocolClient.requestVote(GrpcServerProtocolClient.java:99)
	at org.apache.ratis.grpc.server.GrpcService.requestVote(GrpcService.java:204)
	at org.apache.ratis.server.impl.LeaderElection.lambda$submitRequests$1(LeaderElection.java:234)
	at java.util.concurrent.FutureTask.run(FutureTask.java:266)
	at java.util.concurrent.Executors$RunnableAdapter.call(Executors.java:511)
	at java.util.concurrent.FutureTask.run(FutureTask.java:266)
	at java.util.concurrent.ThreadPoolExecutor.runWorker(ThreadPoolExecutor.java:1149)
	at java.util.concurrent.ThreadPoolExecutor$Worker.run(ThreadPoolExecutor.java:624)
	... 1 more
Caused by: org.apache.ratis.thirdparty.io.netty.channel.AbstractChannel$AnnotatedConnectException: Connection refused: /192.168.34.38:46397
	at sun.nio.ch.SocketChannelImpl.checkConnect(Native Method)
	at sun.nio.ch.SocketChannelImpl.finishConnect(SocketChannelImpl.java:717)
	at org.apache.ratis.thirdparty.io.netty.channel.socket.nio.NioSocketChannel.doFinishConnect(NioSocketChannel.java:327)
	at org.apache.ratis.thirdparty.io.netty.channel.nio.AbstractNioChannel$AbstractNioUnsafe.finishConnect(AbstractNioChannel.java:340)
	at org.apache.ratis.thirdparty.io.netty.channel.nio.NioEventLoop.processSelectedKey(NioEventLoop.java:632)
	at org.apache.ratis.thirdparty.io.netty.channel.nio.NioEventLoop.processSelectedKeysOptimized(NioEventLoop.java:579)
	at org.apache.ratis.thirdparty.io.netty.channel.nio.NioEventLoop.processSelectedKeys(NioEventLoop.java:496)
	at org.apache.ratis.thirdparty.io.netty.channel.nio.NioEventLoop.run(NioEventLoop.java:458)
	at org.apache.ratis.thirdparty.io.netty.util.concurrent.SingleThreadEventExecutor$5.run(SingleThreadEventExecutor.java:897)
	at org.apache.ratis.thirdparty.io.netty.util.concurrent.FastThreadLocalRunnable.run(FastThreadLocalRunnable.java:30)
	... 1 more
Caused by: java.net.ConnectException: Connection refused
	... 11 more
2019-11-13 20:09:05,060 [2f9d8c1e-934d-4d04-b20a-ee991adbbfce@group-83A883EAE087-LeaderElection158] INFO  impl.LeaderElection (LogUtils.java:infoOrTrace(149)) - 2f9d8c1e-934d-4d04-b20a-ee991adbbfce@group-83A883EAE087-LeaderElection158 got exception when requesting votes: {}
java.util.concurrent.ExecutionException: org.apache.ratis.thirdparty.io.grpc.StatusRuntimeException: UNAVAILABLE: io exception
	at java.util.concurrent.FutureTask.report(FutureTask.java:122)
	at java.util.concurrent.FutureTask.get(FutureTask.java:192)
	at org.apache.ratis.server.impl.LeaderElection.waitForResults(LeaderElection.java:259)
	at org.apache.ratis.server.impl.LeaderElection.askForVotes(LeaderElection.java:197)
	at org.apache.ratis.server.impl.LeaderElection.run(LeaderElection.java:133)
	at java.lang.Thread.run(Thread.java:748)
Caused by: org.apache.ratis.thirdparty.io.grpc.StatusRuntimeException: UNAVAILABLE: io exception
	at org.apache.ratis.thirdparty.io.grpc.stub.ClientCalls.toStatusRuntimeException(ClientCalls.java:233)
	at org.apache.ratis.thirdparty.io.grpc.stub.ClientCalls.getUnchecked(ClientCalls.java:214)
	at org.apache.ratis.thirdparty.io.grpc.stub.ClientCalls.blockingUnaryCall(ClientCalls.java:139)
	at org.apache.ratis.proto.grpc.RaftServerProtocolServiceGrpc$RaftServerProtocolServiceBlockingStub.requestVote(RaftServerProtocolServiceGrpc.java:265)
	at org.apache.ratis.grpc.server.GrpcServerProtocolClient.requestVote(GrpcServerProtocolClient.java:99)
	at org.apache.ratis.grpc.server.GrpcService.requestVote(GrpcService.java:204)
	at org.apache.ratis.server.impl.LeaderElection.lambda$submitRequests$1(LeaderElection.java:234)
	at java.util.concurrent.FutureTask.run(FutureTask.java:266)
	at java.util.concurrent.Executors$RunnableAdapter.call(Executors.java:511)
	at java.util.concurrent.FutureTask.run(FutureTask.java:266)
	at java.util.concurrent.ThreadPoolExecutor.runWorker(ThreadPoolExecutor.java:1149)
	at java.util.concurrent.ThreadPoolExecutor$Worker.run(ThreadPoolExecutor.java:624)
	... 1 more
Caused by: org.apache.ratis.thirdparty.io.netty.channel.AbstractChannel$AnnotatedConnectException: Connection refused: /192.168.34.38:43042
	at sun.nio.ch.SocketChannelImpl.checkConnect(Native Method)
	at sun.nio.ch.SocketChannelImpl.finishConnect(SocketChannelImpl.java:717)
	at org.apache.ratis.thirdparty.io.netty.channel.socket.nio.NioSocketChannel.doFinishConnect(NioSocketChannel.java:327)
	at org.apache.ratis.thirdparty.io.netty.channel.nio.AbstractNioChannel$AbstractNioUnsafe.finishConnect(AbstractNioChannel.java:340)
	at org.apache.ratis.thirdparty.io.netty.channel.nio.NioEventLoop.processSelectedKey(NioEventLoop.java:632)
	at org.apache.ratis.thirdparty.io.netty.channel.nio.NioEventLoop.processSelectedKeysOptimized(NioEventLoop.java:579)
	at org.apache.ratis.thirdparty.io.netty.channel.nio.NioEventLoop.processSelectedKeys(NioEventLoop.java:496)
	at org.apache.ratis.thirdparty.io.netty.channel.nio.NioEventLoop.run(NioEventLoop.java:458)
	at org.apache.ratis.thirdparty.io.netty.util.concurrent.SingleThreadEventExecutor$5.run(SingleThreadEventExecutor.java:897)
	at org.apache.ratis.thirdparty.io.netty.util.concurrent.FastThreadLocalRunnable.run(FastThreadLocalRunnable.java:30)
	... 1 more
Caused by: java.net.ConnectException: Connection refused
	... 11 more
2019-11-13 20:09:05,062 [2f9d8c1e-934d-4d04-b20a-ee991adbbfce@group-83A883EAE087-LeaderElection158] INFO  impl.LeaderElection (LeaderElection.java:logAndReturn(56)) - 2f9d8c1e-934d-4d04-b20a-ee991adbbfce@group-83A883EAE087-LeaderElection158: Election REJECTED; received 0 response(s) [] and 2 exception(s); 2f9d8c1e-934d-4d04-b20a-ee991adbbfce@group-83A883EAE087:t2, leader=null, voted=2f9d8c1e-934d-4d04-b20a-ee991adbbfce, raftlog=2f9d8c1e-934d-4d04-b20a-ee991adbbfce@group-83A883EAE087-SegmentedRaftLog:OPENED:c6,f6,i6, conf=0: [020265cf-8215-4e82-9241-b31a46326517:192.168.34.38:43042, 2f9d8c1e-934d-4d04-b20a-ee991adbbfce:192.168.34.38:42314, 4ac79741-1dc4-4e7a-a50d-ac53fab10d14:192.168.34.38:46397], old=null
2019-11-13 20:09:05,062 [2f9d8c1e-934d-4d04-b20a-ee991adbbfce@group-83A883EAE087-LeaderElection158] INFO  impl.LeaderElection (LogUtils.java:infoOrTrace(149)) -   Exception 0: {}
java.util.concurrent.ExecutionException: org.apache.ratis.thirdparty.io.grpc.StatusRuntimeException: UNAVAILABLE: io exception
	at java.util.concurrent.FutureTask.report(FutureTask.java:122)
	at java.util.concurrent.FutureTask.get(FutureTask.java:192)
	at org.apache.ratis.server.impl.LeaderElection.waitForResults(LeaderElection.java:259)
	at org.apache.ratis.server.impl.LeaderElection.askForVotes(LeaderElection.java:197)
	at org.apache.ratis.server.impl.LeaderElection.run(LeaderElection.java:133)
	at java.lang.Thread.run(Thread.java:748)
Caused by: org.apache.ratis.thirdparty.io.grpc.StatusRuntimeException: UNAVAILABLE: io exception
	at org.apache.ratis.thirdparty.io.grpc.stub.ClientCalls.toStatusRuntimeException(ClientCalls.java:233)
	at org.apache.ratis.thirdparty.io.grpc.stub.ClientCalls.getUnchecked(ClientCalls.java:214)
	at org.apache.ratis.thirdparty.io.grpc.stub.ClientCalls.blockingUnaryCall(ClientCalls.java:139)
	at org.apache.ratis.proto.grpc.RaftServerProtocolServiceGrpc$RaftServerProtocolServiceBlockingStub.requestVote(RaftServerProtocolServiceGrpc.java:265)
	at org.apache.ratis.grpc.server.GrpcServerProtocolClient.requestVote(GrpcServerProtocolClient.java:99)
	at org.apache.ratis.grpc.server.GrpcService.requestVote(GrpcService.java:204)
	at org.apache.ratis.server.impl.LeaderElection.lambda$submitRequests$1(LeaderElection.java:234)
	at java.util.concurrent.FutureTask.run(FutureTask.java:266)
	at java.util.concurrent.Executors$RunnableAdapter.call(Executors.java:511)
	at java.util.concurrent.FutureTask.run(FutureTask.java:266)
	at java.util.concurrent.ThreadPoolExecutor.runWorker(ThreadPoolExecutor.java:1149)
	at java.util.concurrent.ThreadPoolExecutor$Worker.run(ThreadPoolExecutor.java:624)
	... 1 more
Caused by: org.apache.ratis.thirdparty.io.netty.channel.AbstractChannel$AnnotatedConnectException: Connection refused: /192.168.34.38:46397
	at sun.nio.ch.SocketChannelImpl.checkConnect(Native Method)
	at sun.nio.ch.SocketChannelImpl.finishConnect(SocketChannelImpl.java:717)
	at org.apache.ratis.thirdparty.io.netty.channel.socket.nio.NioSocketChannel.doFinishConnect(NioSocketChannel.java:327)
	at org.apache.ratis.thirdparty.io.netty.channel.nio.AbstractNioChannel$AbstractNioUnsafe.finishConnect(AbstractNioChannel.java:340)
	at org.apache.ratis.thirdparty.io.netty.channel.nio.NioEventLoop.processSelectedKey(NioEventLoop.java:632)
	at org.apache.ratis.thirdparty.io.netty.channel.nio.NioEventLoop.processSelectedKeysOptimized(NioEventLoop.java:579)
	at org.apache.ratis.thirdparty.io.netty.channel.nio.NioEventLoop.processSelectedKeys(NioEventLoop.java:496)
	at org.apache.ratis.thirdparty.io.netty.channel.nio.NioEventLoop.run(NioEventLoop.java:458)
	at org.apache.ratis.thirdparty.io.netty.util.concurrent.SingleThreadEventExecutor$5.run(SingleThreadEventExecutor.java:897)
	at org.apache.ratis.thirdparty.io.netty.util.concurrent.FastThreadLocalRunnable.run(FastThreadLocalRunnable.java:30)
	... 1 more
Caused by: java.net.ConnectException: Connection refused
	... 11 more
2019-11-13 20:09:05,062 [2f9d8c1e-934d-4d04-b20a-ee991adbbfce@group-83A883EAE087-LeaderElection158] INFO  impl.LeaderElection (LogUtils.java:infoOrTrace(149)) -   Exception 1: {}
java.util.concurrent.ExecutionException: org.apache.ratis.thirdparty.io.grpc.StatusRuntimeException: UNAVAILABLE: io exception
	at java.util.concurrent.FutureTask.report(FutureTask.java:122)
	at java.util.concurrent.FutureTask.get(FutureTask.java:192)
	at org.apache.ratis.server.impl.LeaderElection.waitForResults(LeaderElection.java:259)
	at org.apache.ratis.server.impl.LeaderElection.askForVotes(LeaderElection.java:197)
	at org.apache.ratis.server.impl.LeaderElection.run(LeaderElection.java:133)
	at java.lang.Thread.run(Thread.java:748)
Caused by: org.apache.ratis.thirdparty.io.grpc.StatusRuntimeException: UNAVAILABLE: io exception
	at org.apache.ratis.thirdparty.io.grpc.stub.ClientCalls.toStatusRuntimeException(ClientCalls.java:233)
	at org.apache.ratis.thirdparty.io.grpc.stub.ClientCalls.getUnchecked(ClientCalls.java:214)
	at org.apache.ratis.thirdparty.io.grpc.stub.ClientCalls.blockingUnaryCall(ClientCalls.java:139)
	at org.apache.ratis.proto.grpc.RaftServerProtocolServiceGrpc$RaftServerProtocolServiceBlockingStub.requestVote(RaftServerProtocolServiceGrpc.java:265)
	at org.apache.ratis.grpc.server.GrpcServerProtocolClient.requestVote(GrpcServerProtocolClient.java:99)
	at org.apache.ratis.grpc.server.GrpcService.requestVote(GrpcService.java:204)
	at org.apache.ratis.server.impl.LeaderElection.lambda$submitRequests$1(LeaderElection.java:234)
	at java.util.concurrent.FutureTask.run(FutureTask.java:266)
	at java.util.concurrent.Executors$RunnableAdapter.call(Executors.java:511)
	at java.util.concurrent.FutureTask.run(FutureTask.java:266)
	at java.util.concurrent.ThreadPoolExecutor.runWorker(ThreadPoolExecutor.java:1149)
	at java.util.concurrent.ThreadPoolExecutor$Worker.run(ThreadPoolExecutor.java:624)
	... 1 more
Caused by: org.apache.ratis.thirdparty.io.netty.channel.AbstractChannel$AnnotatedConnectException: Connection refused: /192.168.34.38:43042
	at sun.nio.ch.SocketChannelImpl.checkConnect(Native Method)
	at sun.nio.ch.SocketChannelImpl.finishConnect(SocketChannelImpl.java:717)
	at org.apache.ratis.thirdparty.io.netty.channel.socket.nio.NioSocketChannel.doFinishConnect(NioSocketChannel.java:327)
	at org.apache.ratis.thirdparty.io.netty.channel.nio.AbstractNioChannel$AbstractNioUnsafe.finishConnect(AbstractNioChannel.java:340)
	at org.apache.ratis.thirdparty.io.netty.channel.nio.NioEventLoop.processSelectedKey(NioEventLoop.java:632)
	at org.apache.ratis.thirdparty.io.netty.channel.nio.NioEventLoop.processSelectedKeysOptimized(NioEventLoop.java:579)
	at org.apache.ratis.thirdparty.io.netty.channel.nio.NioEventLoop.processSelectedKeys(NioEventLoop.java:496)
	at org.apache.ratis.thirdparty.io.netty.channel.nio.NioEventLoop.run(NioEventLoop.java:458)
	at org.apache.ratis.thirdparty.io.netty.util.concurrent.SingleThreadEventExecutor$5.run(SingleThreadEventExecutor.java:897)
	at org.apache.ratis.thirdparty.io.netty.util.concurrent.FastThreadLocalRunnable.run(FastThreadLocalRunnable.java:30)
	... 1 more
Caused by: java.net.ConnectException: Connection refused
	... 11 more
2019-11-13 20:09:05,063 [2f9d8c1e-934d-4d04-b20a-ee991adbbfce@group-83A883EAE087-LeaderElection158] INFO  impl.RaftServerImpl (RaftServerImpl.java:setRole(173)) - 2f9d8c1e-934d-4d04-b20a-ee991adbbfce@group-83A883EAE087: changes role from CANDIDATE to FOLLOWER at term 2 for DISCOVERED_A_NEW_TERM
2019-11-13 20:09:05,063 [2f9d8c1e-934d-4d04-b20a-ee991adbbfce@group-83A883EAE087-LeaderElection158] INFO  impl.RoleInfo (RoleInfo.java:shutdownLeaderElection(134)) - 2f9d8c1e-934d-4d04-b20a-ee991adbbfce: shutdown LeaderElection
2019-11-13 20:09:05,063 [2f9d8c1e-934d-4d04-b20a-ee991adbbfce@group-83A883EAE087-LeaderElection158] INFO  impl.RoleInfo (RoleInfo.java:updateAndGet(143)) - 2f9d8c1e-934d-4d04-b20a-ee991adbbfce: start FollowerState
2019-11-13 20:09:05,183 [grpc-default-executor-16] WARN  server.GrpcLogAppender (LogUtils.java:warn(134)) - 7ba2007b-7453-4993-98f1-4fc841af859b@group-7A5735C625A6->63348c40-6caf-45cd-85ad-36e15dedc157-AppendLogResponseHandler: Failed appendEntries: org.apache.ratis.thirdparty.io.grpc.StatusRuntimeException: UNAVAILABLE: io exception
2019-11-13 20:09:05,183 [grpc-default-executor-16] INFO  impl.FollowerInfo (FollowerInfo.java:lambda$new$0(51)) - 7ba2007b-7453-4993-98f1-4fc841af859b@group-7A5735C625A6->63348c40-6caf-45cd-85ad-36e15dedc157: nextIndex: updateUnconditionally 0 -> 0
2019-11-13 20:09:05,319 [grpc-default-executor-16] WARN  server.GrpcLogAppender (LogUtils.java:warn(134)) - 8446ee0c-69c2-4e02-91d0-278741efb561@group-7FA8BB7384C7->167876bd-92c4-4c51-979b-51b12cb252bf-AppendLogResponseHandler: Failed appendEntries: org.apache.ratis.thirdparty.io.grpc.StatusRuntimeException: UNAVAILABLE: io exception
2019-11-13 20:09:05,319 [grpc-default-executor-16] INFO  impl.FollowerInfo (FollowerInfo.java:lambda$new$0(51)) - 8446ee0c-69c2-4e02-91d0-278741efb561@group-7FA8BB7384C7->167876bd-92c4-4c51-979b-51b12cb252bf: nextIndex: updateUnconditionally 0 -> 0
2019-11-13 20:09:05,685 [grpc-default-executor-16] WARN  server.GrpcLogAppender (LogUtils.java:warn(134)) - 7ba2007b-7453-4993-98f1-4fc841af859b@group-7A5735C625A6->63348c40-6caf-45cd-85ad-36e15dedc157-AppendLogResponseHandler: Failed appendEntries: org.apache.ratis.thirdparty.io.grpc.StatusRuntimeException: UNAVAILABLE: io exception
2019-11-13 20:09:05,685 [grpc-default-executor-16] INFO  impl.FollowerInfo (FollowerInfo.java:lambda$new$0(51)) - 7ba2007b-7453-4993-98f1-4fc841af859b@group-7A5735C625A6->63348c40-6caf-45cd-85ad-36e15dedc157: nextIndex: updateUnconditionally 0 -> 0
2019-11-13 20:09:05,820 [grpc-default-executor-11] WARN  server.GrpcLogAppender (LogUtils.java:warn(134)) - 8446ee0c-69c2-4e02-91d0-278741efb561@group-7FA8BB7384C7->167876bd-92c4-4c51-979b-51b12cb252bf-AppendLogResponseHandler: Failed appendEntries: org.apache.ratis.thirdparty.io.grpc.StatusRuntimeException: UNAVAILABLE: io exception
2019-11-13 20:09:05,820 [grpc-default-executor-11] INFO  impl.FollowerInfo (FollowerInfo.java:lambda$new$0(51)) - 8446ee0c-69c2-4e02-91d0-278741efb561@group-7FA8BB7384C7->167876bd-92c4-4c51-979b-51b12cb252bf: nextIndex: updateUnconditionally 0 -> 0
2019-11-13 20:09:06,139 [Thread-5109] INFO  impl.FollowerState (FollowerState.java:run(111)) - 2f9d8c1e-934d-4d04-b20a-ee991adbbfce@group-83A883EAE087-FollowerState: change to CANDIDATE, lastRpcTime:1076ms, electionTimeout:1076ms
2019-11-13 20:09:06,139 [Thread-5109] INFO  impl.RoleInfo (RoleInfo.java:shutdownFollowerState(121)) - 2f9d8c1e-934d-4d04-b20a-ee991adbbfce: shutdown FollowerState
2019-11-13 20:09:06,140 [Thread-5109] INFO  impl.RaftServerImpl (RaftServerImpl.java:setRole(173)) - 2f9d8c1e-934d-4d04-b20a-ee991adbbfce@group-83A883EAE087: changes role from  FOLLOWER to CANDIDATE at term 2 for changeToCandidate
2019-11-13 20:09:06,140 [Thread-5109] INFO  impl.RoleInfo (RoleInfo.java:updateAndGet(143)) - 2f9d8c1e-934d-4d04-b20a-ee991adbbfce: start LeaderElection
2019-11-13 20:09:06,147 [2f9d8c1e-934d-4d04-b20a-ee991adbbfce@group-83A883EAE087-LeaderElection159] INFO  impl.LeaderElection (LeaderElection.java:askForVotes(178)) - 2f9d8c1e-934d-4d04-b20a-ee991adbbfce@group-83A883EAE087-LeaderElection159: begin an election at term 3 for 0: [020265cf-8215-4e82-9241-b31a46326517:192.168.34.38:43042, 2f9d8c1e-934d-4d04-b20a-ee991adbbfce:192.168.34.38:42314, 4ac79741-1dc4-4e7a-a50d-ac53fab10d14:192.168.34.38:46397], old=null
2019-11-13 20:09:06,148 [2f9d8c1e-934d-4d04-b20a-ee991adbbfce@group-83A883EAE087-LeaderElection159] INFO  impl.LeaderElection (LogUtils.java:infoOrTrace(149)) - 2f9d8c1e-934d-4d04-b20a-ee991adbbfce@group-83A883EAE087-LeaderElection159 got exception when requesting votes: {}
java.util.concurrent.ExecutionException: org.apache.ratis.thirdparty.io.grpc.StatusRuntimeException: UNAVAILABLE: io exception
	at java.util.concurrent.FutureTask.report(FutureTask.java:122)
	at java.util.concurrent.FutureTask.get(FutureTask.java:192)
	at org.apache.ratis.server.impl.LeaderElection.waitForResults(LeaderElection.java:259)
	at org.apache.ratis.server.impl.LeaderElection.askForVotes(LeaderElection.java:197)
	at org.apache.ratis.server.impl.LeaderElection.run(LeaderElection.java:133)
	at java.lang.Thread.run(Thread.java:748)
Caused by: org.apache.ratis.thirdparty.io.grpc.StatusRuntimeException: UNAVAILABLE: io exception
	at org.apache.ratis.thirdparty.io.grpc.stub.ClientCalls.toStatusRuntimeException(ClientCalls.java:233)
	at org.apache.ratis.thirdparty.io.grpc.stub.ClientCalls.getUnchecked(ClientCalls.java:214)
	at org.apache.ratis.thirdparty.io.grpc.stub.ClientCalls.blockingUnaryCall(ClientCalls.java:139)
	at org.apache.ratis.proto.grpc.RaftServerProtocolServiceGrpc$RaftServerProtocolServiceBlockingStub.requestVote(RaftServerProtocolServiceGrpc.java:265)
	at org.apache.ratis.grpc.server.GrpcServerProtocolClient.requestVote(GrpcServerProtocolClient.java:99)
	at org.apache.ratis.grpc.server.GrpcService.requestVote(GrpcService.java:204)
	at org.apache.ratis.server.impl.LeaderElection.lambda$submitRequests$1(LeaderElection.java:234)
	at java.util.concurrent.FutureTask.run(FutureTask.java:266)
	at java.util.concurrent.Executors$RunnableAdapter.call(Executors.java:511)
	at java.util.concurrent.FutureTask.run(FutureTask.java:266)
	at java.util.concurrent.ThreadPoolExecutor.runWorker(ThreadPoolExecutor.java:1149)
	at java.util.concurrent.ThreadPoolExecutor$Worker.run(ThreadPoolExecutor.java:624)
	... 1 more
Caused by: org.apache.ratis.thirdparty.io.netty.channel.AbstractChannel$AnnotatedConnectException: Connection refused: /192.168.34.38:43042
	at sun.nio.ch.SocketChannelImpl.checkConnect(Native Method)
	at sun.nio.ch.SocketChannelImpl.finishConnect(SocketChannelImpl.java:717)
	at org.apache.ratis.thirdparty.io.netty.channel.socket.nio.NioSocketChannel.doFinishConnect(NioSocketChannel.java:327)
	at org.apache.ratis.thirdparty.io.netty.channel.nio.AbstractNioChannel$AbstractNioUnsafe.finishConnect(AbstractNioChannel.java:340)
	at org.apache.ratis.thirdparty.io.netty.channel.nio.NioEventLoop.processSelectedKey(NioEventLoop.java:632)
	at org.apache.ratis.thirdparty.io.netty.channel.nio.NioEventLoop.processSelectedKeysOptimized(NioEventLoop.java:579)
	at org.apache.ratis.thirdparty.io.netty.channel.nio.NioEventLoop.processSelectedKeys(NioEventLoop.java:496)
	at org.apache.ratis.thirdparty.io.netty.channel.nio.NioEventLoop.run(NioEventLoop.java:458)
	at org.apache.ratis.thirdparty.io.netty.util.concurrent.SingleThreadEventExecutor$5.run(SingleThreadEventExecutor.java:897)
	at org.apache.ratis.thirdparty.io.netty.util.concurrent.FastThreadLocalRunnable.run(FastThreadLocalRunnable.java:30)
	... 1 more
Caused by: java.net.ConnectException: Connection refused
	... 11 more
2019-11-13 20:09:06,152 [2f9d8c1e-934d-4d04-b20a-ee991adbbfce@group-83A883EAE087-LeaderElection159] INFO  impl.LeaderElection (LogUtils.java:infoOrTrace(149)) - 2f9d8c1e-934d-4d04-b20a-ee991adbbfce@group-83A883EAE087-LeaderElection159 got exception when requesting votes: {}
java.util.concurrent.ExecutionException: org.apache.ratis.thirdparty.io.grpc.StatusRuntimeException: UNAVAILABLE: io exception
	at java.util.concurrent.FutureTask.report(FutureTask.java:122)
	at java.util.concurrent.FutureTask.get(FutureTask.java:192)
	at org.apache.ratis.server.impl.LeaderElection.waitForResults(LeaderElection.java:259)
	at org.apache.ratis.server.impl.LeaderElection.askForVotes(LeaderElection.java:197)
	at org.apache.ratis.server.impl.LeaderElection.run(LeaderElection.java:133)
	at java.lang.Thread.run(Thread.java:748)
Caused by: org.apache.ratis.thirdparty.io.grpc.StatusRuntimeException: UNAVAILABLE: io exception
	at org.apache.ratis.thirdparty.io.grpc.stub.ClientCalls.toStatusRuntimeException(ClientCalls.java:233)
	at org.apache.ratis.thirdparty.io.grpc.stub.ClientCalls.getUnchecked(ClientCalls.java:214)
	at org.apache.ratis.thirdparty.io.grpc.stub.ClientCalls.blockingUnaryCall(ClientCalls.java:139)
	at org.apache.ratis.proto.grpc.RaftServerProtocolServiceGrpc$RaftServerProtocolServiceBlockingStub.requestVote(RaftServerProtocolServiceGrpc.java:265)
	at org.apache.ratis.grpc.server.GrpcServerProtocolClient.requestVote(GrpcServerProtocolClient.java:99)
	at org.apache.ratis.grpc.server.GrpcService.requestVote(GrpcService.java:204)
	at org.apache.ratis.server.impl.LeaderElection.lambda$submitRequests$1(LeaderElection.java:234)
	at java.util.concurrent.FutureTask.run(FutureTask.java:266)
	at java.util.concurrent.Executors$RunnableAdapter.call(Executors.java:511)
	at java.util.concurrent.FutureTask.run(FutureTask.java:266)
	at java.util.concurrent.ThreadPoolExecutor.runWorker(ThreadPoolExecutor.java:1149)
	at java.util.concurrent.ThreadPoolExecutor$Worker.run(ThreadPoolExecutor.java:624)
	... 1 more
Caused by: org.apache.ratis.thirdparty.io.netty.channel.AbstractChannel$AnnotatedConnectException: Connection refused: /192.168.34.38:46397
	at sun.nio.ch.SocketChannelImpl.checkConnect(Native Method)
	at sun.nio.ch.SocketChannelImpl.finishConnect(SocketChannelImpl.java:717)
	at org.apache.ratis.thirdparty.io.netty.channel.socket.nio.NioSocketChannel.doFinishConnect(NioSocketChannel.java:327)
	at org.apache.ratis.thirdparty.io.netty.channel.nio.AbstractNioChannel$AbstractNioUnsafe.finishConnect(AbstractNioChannel.java:340)
	at org.apache.ratis.thirdparty.io.netty.channel.nio.NioEventLoop.processSelectedKey(NioEventLoop.java:632)
	at org.apache.ratis.thirdparty.io.netty.channel.nio.NioEventLoop.processSelectedKeysOptimized(NioEventLoop.java:579)
	at org.apache.ratis.thirdparty.io.netty.channel.nio.NioEventLoop.processSelectedKeys(NioEventLoop.java:496)
	at org.apache.ratis.thirdparty.io.netty.channel.nio.NioEventLoop.run(NioEventLoop.java:458)
	at org.apache.ratis.thirdparty.io.netty.util.concurrent.SingleThreadEventExecutor$5.run(SingleThreadEventExecutor.java:897)
	at org.apache.ratis.thirdparty.io.netty.util.concurrent.FastThreadLocalRunnable.run(FastThreadLocalRunnable.java:30)
	... 1 more
Caused by: java.net.ConnectException: Connection refused
	... 11 more
2019-11-13 20:09:06,154 [2f9d8c1e-934d-4d04-b20a-ee991adbbfce@group-83A883EAE087-LeaderElection159] INFO  impl.LeaderElection (LeaderElection.java:logAndReturn(56)) - 2f9d8c1e-934d-4d04-b20a-ee991adbbfce@group-83A883EAE087-LeaderElection159: Election REJECTED; received 0 response(s) [] and 2 exception(s); 2f9d8c1e-934d-4d04-b20a-ee991adbbfce@group-83A883EAE087:t3, leader=null, voted=2f9d8c1e-934d-4d04-b20a-ee991adbbfce, raftlog=2f9d8c1e-934d-4d04-b20a-ee991adbbfce@group-83A883EAE087-SegmentedRaftLog:OPENED:c6,f6,i6, conf=0: [020265cf-8215-4e82-9241-b31a46326517:192.168.34.38:43042, 2f9d8c1e-934d-4d04-b20a-ee991adbbfce:192.168.34.38:42314, 4ac79741-1dc4-4e7a-a50d-ac53fab10d14:192.168.34.38:46397], old=null
2019-11-13 20:09:06,154 [2f9d8c1e-934d-4d04-b20a-ee991adbbfce@group-83A883EAE087-LeaderElection159] INFO  impl.LeaderElection (LogUtils.java:infoOrTrace(149)) -   Exception 0: {}
java.util.concurrent.ExecutionException: org.apache.ratis.thirdparty.io.grpc.StatusRuntimeException: UNAVAILABLE: io exception
	at java.util.concurrent.FutureTask.report(FutureTask.java:122)
	at java.util.concurrent.FutureTask.get(FutureTask.java:192)
	at org.apache.ratis.server.impl.LeaderElection.waitForResults(LeaderElection.java:259)
	at org.apache.ratis.server.impl.LeaderElection.askForVotes(LeaderElection.java:197)
	at org.apache.ratis.server.impl.LeaderElection.run(LeaderElection.java:133)
	at java.lang.Thread.run(Thread.java:748)
Caused by: org.apache.ratis.thirdparty.io.grpc.StatusRuntimeException: UNAVAILABLE: io exception
	at org.apache.ratis.thirdparty.io.grpc.stub.ClientCalls.toStatusRuntimeException(ClientCalls.java:233)
	at org.apache.ratis.thirdparty.io.grpc.stub.ClientCalls.getUnchecked(ClientCalls.java:214)
	at org.apache.ratis.thirdparty.io.grpc.stub.ClientCalls.blockingUnaryCall(ClientCalls.java:139)
	at org.apache.ratis.proto.grpc.RaftServerProtocolServiceGrpc$RaftServerProtocolServiceBlockingStub.requestVote(RaftServerProtocolServiceGrpc.java:265)
	at org.apache.ratis.grpc.server.GrpcServerProtocolClient.requestVote(GrpcServerProtocolClient.java:99)
	at org.apache.ratis.grpc.server.GrpcService.requestVote(GrpcService.java:204)
	at org.apache.ratis.server.impl.LeaderElection.lambda$submitRequests$1(LeaderElection.java:234)
	at java.util.concurrent.FutureTask.run(FutureTask.java:266)
	at java.util.concurrent.Executors$RunnableAdapter.call(Executors.java:511)
	at java.util.concurrent.FutureTask.run(FutureTask.java:266)
	at java.util.concurrent.ThreadPoolExecutor.runWorker(ThreadPoolExecutor.java:1149)
	at java.util.concurrent.ThreadPoolExecutor$Worker.run(ThreadPoolExecutor.java:624)
	... 1 more
Caused by: org.apache.ratis.thirdparty.io.netty.channel.AbstractChannel$AnnotatedConnectException: Connection refused: /192.168.34.38:43042
	at sun.nio.ch.SocketChannelImpl.checkConnect(Native Method)
	at sun.nio.ch.SocketChannelImpl.finishConnect(SocketChannelImpl.java:717)
	at org.apache.ratis.thirdparty.io.netty.channel.socket.nio.NioSocketChannel.doFinishConnect(NioSocketChannel.java:327)
	at org.apache.ratis.thirdparty.io.netty.channel.nio.AbstractNioChannel$AbstractNioUnsafe.finishConnect(AbstractNioChannel.java:340)
	at org.apache.ratis.thirdparty.io.netty.channel.nio.NioEventLoop.processSelectedKey(NioEventLoop.java:632)
	at org.apache.ratis.thirdparty.io.netty.channel.nio.NioEventLoop.processSelectedKeysOptimized(NioEventLoop.java:579)
	at org.apache.ratis.thirdparty.io.netty.channel.nio.NioEventLoop.processSelectedKeys(NioEventLoop.java:496)
	at org.apache.ratis.thirdparty.io.netty.channel.nio.NioEventLoop.run(NioEventLoop.java:458)
	at org.apache.ratis.thirdparty.io.netty.util.concurrent.SingleThreadEventExecutor$5.run(SingleThreadEventExecutor.java:897)
	at org.apache.ratis.thirdparty.io.netty.util.concurrent.FastThreadLocalRunnable.run(FastThreadLocalRunnable.java:30)
	... 1 more
Caused by: java.net.ConnectException: Connection refused
	... 11 more
2019-11-13 20:09:06,154 [2f9d8c1e-934d-4d04-b20a-ee991adbbfce@group-83A883EAE087-LeaderElection159] INFO  impl.LeaderElection (LogUtils.java:infoOrTrace(149)) -   Exception 1: {}
java.util.concurrent.ExecutionException: org.apache.ratis.thirdparty.io.grpc.StatusRuntimeException: UNAVAILABLE: io exception
	at java.util.concurrent.FutureTask.report(FutureTask.java:122)
	at java.util.concurrent.FutureTask.get(FutureTask.java:192)
	at org.apache.ratis.server.impl.LeaderElection.waitForResults(LeaderElection.java:259)
	at org.apache.ratis.server.impl.LeaderElection.askForVotes(LeaderElection.java:197)
	at org.apache.ratis.server.impl.LeaderElection.run(LeaderElection.java:133)
	at java.lang.Thread.run(Thread.java:748)
Caused by: org.apache.ratis.thirdparty.io.grpc.StatusRuntimeException: UNAVAILABLE: io exception
	at org.apache.ratis.thirdparty.io.grpc.stub.ClientCalls.toStatusRuntimeException(ClientCalls.java:233)
	at org.apache.ratis.thirdparty.io.grpc.stub.ClientCalls.getUnchecked(ClientCalls.java:214)
	at org.apache.ratis.thirdparty.io.grpc.stub.ClientCalls.blockingUnaryCall(ClientCalls.java:139)
	at org.apache.ratis.proto.grpc.RaftServerProtocolServiceGrpc$RaftServerProtocolServiceBlockingStub.requestVote(RaftServerProtocolServiceGrpc.java:265)
	at org.apache.ratis.grpc.server.GrpcServerProtocolClient.requestVote(GrpcServerProtocolClient.java:99)
	at org.apache.ratis.grpc.server.GrpcService.requestVote(GrpcService.java:204)
	at org.apache.ratis.server.impl.LeaderElection.lambda$submitRequests$1(LeaderElection.java:234)
	at java.util.concurrent.FutureTask.run(FutureTask.java:266)
	at java.util.concurrent.Executors$RunnableAdapter.call(Executors.java:511)
	at java.util.concurrent.FutureTask.run(FutureTask.java:266)
	at java.util.concurrent.ThreadPoolExecutor.runWorker(ThreadPoolExecutor.java:1149)
	at java.util.concurrent.ThreadPoolExecutor$Worker.run(ThreadPoolExecutor.java:624)
	... 1 more
Caused by: org.apache.ratis.thirdparty.io.netty.channel.AbstractChannel$AnnotatedConnectException: Connection refused: /192.168.34.38:46397
	at sun.nio.ch.SocketChannelImpl.checkConnect(Native Method)
	at sun.nio.ch.SocketChannelImpl.finishConnect(SocketChannelImpl.java:717)
	at org.apache.ratis.thirdparty.io.netty.channel.socket.nio.NioSocketChannel.doFinishConnect(NioSocketChannel.java:327)
	at org.apache.ratis.thirdparty.io.netty.channel.nio.AbstractNioChannel$AbstractNioUnsafe.finishConnect(AbstractNioChannel.java:340)
	at org.apache.ratis.thirdparty.io.netty.channel.nio.NioEventLoop.processSelectedKey(NioEventLoop.java:632)
	at org.apache.ratis.thirdparty.io.netty.channel.nio.NioEventLoop.processSelectedKeysOptimized(NioEventLoop.java:579)
	at org.apache.ratis.thirdparty.io.netty.channel.nio.NioEventLoop.processSelectedKeys(NioEventLoop.java:496)
	at org.apache.ratis.thirdparty.io.netty.channel.nio.NioEventLoop.run(NioEventLoop.java:458)
	at org.apache.ratis.thirdparty.io.netty.util.concurrent.SingleThreadEventExecutor$5.run(SingleThreadEventExecutor.java:897)
	at org.apache.ratis.thirdparty.io.netty.util.concurrent.FastThreadLocalRunnable.run(FastThreadLocalRunnable.java:30)
	... 1 more
Caused by: java.net.ConnectException: Connection refused
	... 11 more
2019-11-13 20:09:06,154 [2f9d8c1e-934d-4d04-b20a-ee991adbbfce@group-83A883EAE087-LeaderElection159] INFO  impl.RaftServerImpl (RaftServerImpl.java:setRole(173)) - 2f9d8c1e-934d-4d04-b20a-ee991adbbfce@group-83A883EAE087: changes role from CANDIDATE to FOLLOWER at term 3 for DISCOVERED_A_NEW_TERM
2019-11-13 20:09:06,155 [2f9d8c1e-934d-4d04-b20a-ee991adbbfce@group-83A883EAE087-LeaderElection159] INFO  impl.RoleInfo (RoleInfo.java:shutdownLeaderElection(134)) - 2f9d8c1e-934d-4d04-b20a-ee991adbbfce: shutdown LeaderElection
2019-11-13 20:09:06,155 [2f9d8c1e-934d-4d04-b20a-ee991adbbfce@group-83A883EAE087-LeaderElection159] INFO  impl.RoleInfo (RoleInfo.java:updateAndGet(143)) - 2f9d8c1e-934d-4d04-b20a-ee991adbbfce: start FollowerState
2019-11-13 20:09:06,184 [grpc-default-executor-11] WARN  server.GrpcLogAppender (LogUtils.java:warn(134)) - 7ba2007b-7453-4993-98f1-4fc841af859b@group-7A5735C625A6->63348c40-6caf-45cd-85ad-36e15dedc157-AppendLogResponseHandler: Failed appendEntries: org.apache.ratis.thirdparty.io.grpc.StatusRuntimeException: UNAVAILABLE: io exception
2019-11-13 20:09:06,185 [grpc-default-executor-11] INFO  impl.FollowerInfo (FollowerInfo.java:lambda$new$0(51)) - 7ba2007b-7453-4993-98f1-4fc841af859b@group-7A5735C625A6->63348c40-6caf-45cd-85ad-36e15dedc157: nextIndex: updateUnconditionally 0 -> 0
2019-11-13 20:09:06,320 [grpc-default-executor-13] WARN  server.GrpcLogAppender (LogUtils.java:warn(134)) - 8446ee0c-69c2-4e02-91d0-278741efb561@group-7FA8BB7384C7->167876bd-92c4-4c51-979b-51b12cb252bf-AppendLogResponseHandler: Failed appendEntries: org.apache.ratis.thirdparty.io.grpc.StatusRuntimeException: UNAVAILABLE: io exception
2019-11-13 20:09:06,320 [grpc-default-executor-13] INFO  impl.FollowerInfo (FollowerInfo.java:lambda$new$0(51)) - 8446ee0c-69c2-4e02-91d0-278741efb561@group-7FA8BB7384C7->167876bd-92c4-4c51-979b-51b12cb252bf: nextIndex: updateUnconditionally 0 -> 0
2019-11-13 20:09:06,685 [grpc-default-executor-13] WARN  server.GrpcLogAppender (LogUtils.java:warn(134)) - 7ba2007b-7453-4993-98f1-4fc841af859b@group-7A5735C625A6->63348c40-6caf-45cd-85ad-36e15dedc157-AppendLogResponseHandler: Failed appendEntries: org.apache.ratis.thirdparty.io.grpc.StatusRuntimeException: UNAVAILABLE: io exception
2019-11-13 20:09:06,686 [grpc-default-executor-13] INFO  impl.FollowerInfo (FollowerInfo.java:lambda$new$0(51)) - 7ba2007b-7453-4993-98f1-4fc841af859b@group-7A5735C625A6->63348c40-6caf-45cd-85ad-36e15dedc157: nextIndex: updateUnconditionally 0 -> 0
2019-11-13 20:09:06,821 [grpc-default-executor-16] WARN  server.GrpcLogAppender (LogUtils.java:warn(134)) - 8446ee0c-69c2-4e02-91d0-278741efb561@group-7FA8BB7384C7->167876bd-92c4-4c51-979b-51b12cb252bf-AppendLogResponseHandler: Failed appendEntries: org.apache.ratis.thirdparty.io.grpc.StatusRuntimeException: UNAVAILABLE: io exception
2019-11-13 20:09:06,821 [grpc-default-executor-16] INFO  impl.FollowerInfo (FollowerInfo.java:lambda$new$0(51)) - 8446ee0c-69c2-4e02-91d0-278741efb561@group-7FA8BB7384C7->167876bd-92c4-4c51-979b-51b12cb252bf: nextIndex: updateUnconditionally 0 -> 0
2019-11-13 20:09:07,186 [grpc-default-executor-13] WARN  server.GrpcLogAppender (LogUtils.java:warn(134)) - 7ba2007b-7453-4993-98f1-4fc841af859b@group-7A5735C625A6->63348c40-6caf-45cd-85ad-36e15dedc157-AppendLogResponseHandler: Failed appendEntries: org.apache.ratis.thirdparty.io.grpc.StatusRuntimeException: UNAVAILABLE: io exception
2019-11-13 20:09:07,186 [grpc-default-executor-13] INFO  impl.FollowerInfo (FollowerInfo.java:lambda$new$0(51)) - 7ba2007b-7453-4993-98f1-4fc841af859b@group-7A5735C625A6->63348c40-6caf-45cd-85ad-36e15dedc157: nextIndex: updateUnconditionally 0 -> 0
2019-11-13 20:09:07,193 [Thread-5117] INFO  impl.FollowerState (FollowerState.java:run(111)) - 2f9d8c1e-934d-4d04-b20a-ee991adbbfce@group-83A883EAE087-FollowerState: change to CANDIDATE, lastRpcTime:1038ms, electionTimeout:1038ms
2019-11-13 20:09:07,193 [Thread-5117] INFO  impl.RoleInfo (RoleInfo.java:shutdownFollowerState(121)) - 2f9d8c1e-934d-4d04-b20a-ee991adbbfce: shutdown FollowerState
2019-11-13 20:09:07,193 [Thread-5117] INFO  impl.RaftServerImpl (RaftServerImpl.java:setRole(173)) - 2f9d8c1e-934d-4d04-b20a-ee991adbbfce@group-83A883EAE087: changes role from  FOLLOWER to CANDIDATE at term 3 for changeToCandidate
2019-11-13 20:09:07,194 [Thread-5117] INFO  impl.RoleInfo (RoleInfo.java:updateAndGet(143)) - 2f9d8c1e-934d-4d04-b20a-ee991adbbfce: start LeaderElection
2019-11-13 20:09:07,207 [2f9d8c1e-934d-4d04-b20a-ee991adbbfce@group-83A883EAE087-LeaderElection160] INFO  impl.LeaderElection (LeaderElection.java:askForVotes(178)) - 2f9d8c1e-934d-4d04-b20a-ee991adbbfce@group-83A883EAE087-LeaderElection160: begin an election at term 4 for 0: [020265cf-8215-4e82-9241-b31a46326517:192.168.34.38:43042, 2f9d8c1e-934d-4d04-b20a-ee991adbbfce:192.168.34.38:42314, 4ac79741-1dc4-4e7a-a50d-ac53fab10d14:192.168.34.38:46397], old=null
2019-11-13 20:09:07,208 [2f9d8c1e-934d-4d04-b20a-ee991adbbfce@group-83A883EAE087-LeaderElection160] INFO  impl.LeaderElection (LogUtils.java:infoOrTrace(149)) - 2f9d8c1e-934d-4d04-b20a-ee991adbbfce@group-83A883EAE087-LeaderElection160 got exception when requesting votes: {}
java.util.concurrent.ExecutionException: org.apache.ratis.thirdparty.io.grpc.StatusRuntimeException: UNAVAILABLE: io exception
	at java.util.concurrent.FutureTask.report(FutureTask.java:122)
	at java.util.concurrent.FutureTask.get(FutureTask.java:192)
	at org.apache.ratis.server.impl.LeaderElection.waitForResults(LeaderElection.java:259)
	at org.apache.ratis.server.impl.LeaderElection.askForVotes(LeaderElection.java:197)
	at org.apache.ratis.server.impl.LeaderElection.run(LeaderElection.java:133)
	at java.lang.Thread.run(Thread.java:748)
Caused by: org.apache.ratis.thirdparty.io.grpc.StatusRuntimeException: UNAVAILABLE: io exception
	at org.apache.ratis.thirdparty.io.grpc.stub.ClientCalls.toStatusRuntimeException(ClientCalls.java:233)
	at org.apache.ratis.thirdparty.io.grpc.stub.ClientCalls.getUnchecked(ClientCalls.java:214)
	at org.apache.ratis.thirdparty.io.grpc.stub.ClientCalls.blockingUnaryCall(ClientCalls.java:139)
	at org.apache.ratis.proto.grpc.RaftServerProtocolServiceGrpc$RaftServerProtocolServiceBlockingStub.requestVote(RaftServerProtocolServiceGrpc.java:265)
	at org.apache.ratis.grpc.server.GrpcServerProtocolClient.requestVote(GrpcServerProtocolClient.java:99)
	at org.apache.ratis.grpc.server.GrpcService.requestVote(GrpcService.java:204)
	at org.apache.ratis.server.impl.LeaderElection.lambda$submitRequests$1(LeaderElection.java:234)
	at java.util.concurrent.FutureTask.run(FutureTask.java:266)
	at java.util.concurrent.Executors$RunnableAdapter.call(Executors.java:511)
	at java.util.concurrent.FutureTask.run(FutureTask.java:266)
	at java.util.concurrent.ThreadPoolExecutor.runWorker(ThreadPoolExecutor.java:1149)
	at java.util.concurrent.ThreadPoolExecutor$Worker.run(ThreadPoolExecutor.java:624)
	... 1 more
Caused by: org.apache.ratis.thirdparty.io.netty.channel.AbstractChannel$AnnotatedConnectException: Connection refused: /192.168.34.38:46397
	at sun.nio.ch.SocketChannelImpl.checkConnect(Native Method)
	at sun.nio.ch.SocketChannelImpl.finishConnect(SocketChannelImpl.java:717)
	at org.apache.ratis.thirdparty.io.netty.channel.socket.nio.NioSocketChannel.doFinishConnect(NioSocketChannel.java:327)
	at org.apache.ratis.thirdparty.io.netty.channel.nio.AbstractNioChannel$AbstractNioUnsafe.finishConnect(AbstractNioChannel.java:340)
	at org.apache.ratis.thirdparty.io.netty.channel.nio.NioEventLoop.processSelectedKey(NioEventLoop.java:632)
	at org.apache.ratis.thirdparty.io.netty.channel.nio.NioEventLoop.processSelectedKeysOptimized(NioEventLoop.java:579)
	at org.apache.ratis.thirdparty.io.netty.channel.nio.NioEventLoop.processSelectedKeys(NioEventLoop.java:496)
	at org.apache.ratis.thirdparty.io.netty.channel.nio.NioEventLoop.run(NioEventLoop.java:458)
	at org.apache.ratis.thirdparty.io.netty.util.concurrent.SingleThreadEventExecutor$5.run(SingleThreadEventExecutor.java:897)
	at org.apache.ratis.thirdparty.io.netty.util.concurrent.FastThreadLocalRunnable.run(FastThreadLocalRunnable.java:30)
	... 1 more
Caused by: java.net.ConnectException: Connection refused
	... 11 more
2019-11-13 20:09:07,212 [2f9d8c1e-934d-4d04-b20a-ee991adbbfce@group-83A883EAE087-LeaderElection160] INFO  impl.LeaderElection (LogUtils.java:infoOrTrace(149)) - 2f9d8c1e-934d-4d04-b20a-ee991adbbfce@group-83A883EAE087-LeaderElection160 got exception when requesting votes: {}
java.util.concurrent.ExecutionException: org.apache.ratis.thirdparty.io.grpc.StatusRuntimeException: UNAVAILABLE: io exception
	at java.util.concurrent.FutureTask.report(FutureTask.java:122)
	at java.util.concurrent.FutureTask.get(FutureTask.java:192)
	at org.apache.ratis.server.impl.LeaderElection.waitForResults(LeaderElection.java:259)
	at org.apache.ratis.server.impl.LeaderElection.askForVotes(LeaderElection.java:197)
	at org.apache.ratis.server.impl.LeaderElection.run(LeaderElection.java:133)
	at java.lang.Thread.run(Thread.java:748)
Caused by: org.apache.ratis.thirdparty.io.grpc.StatusRuntimeException: UNAVAILABLE: io exception
	at org.apache.ratis.thirdparty.io.grpc.stub.ClientCalls.toStatusRuntimeException(ClientCalls.java:233)
	at org.apache.ratis.thirdparty.io.grpc.stub.ClientCalls.getUnchecked(ClientCalls.java:214)
	at org.apache.ratis.thirdparty.io.grpc.stub.ClientCalls.blockingUnaryCall(ClientCalls.java:139)
	at org.apache.ratis.proto.grpc.RaftServerProtocolServiceGrpc$RaftServerProtocolServiceBlockingStub.requestVote(RaftServerProtocolServiceGrpc.java:265)
	at org.apache.ratis.grpc.server.GrpcServerProtocolClient.requestVote(GrpcServerProtocolClient.java:99)
	at org.apache.ratis.grpc.server.GrpcService.requestVote(GrpcService.java:204)
	at org.apache.ratis.server.impl.LeaderElection.lambda$submitRequests$1(LeaderElection.java:234)
	at java.util.concurrent.FutureTask.run(FutureTask.java:266)
	at java.util.concurrent.Executors$RunnableAdapter.call(Executors.java:511)
	at java.util.concurrent.FutureTask.run(FutureTask.java:266)
	at java.util.concurrent.ThreadPoolExecutor.runWorker(ThreadPoolExecutor.java:1149)
	at java.util.concurrent.ThreadPoolExecutor$Worker.run(ThreadPoolExecutor.java:624)
	... 1 more
Caused by: org.apache.ratis.thirdparty.io.netty.channel.AbstractChannel$AnnotatedConnectException: Connection refused: /192.168.34.38:43042
	at sun.nio.ch.SocketChannelImpl.checkConnect(Native Method)
	at sun.nio.ch.SocketChannelImpl.finishConnect(SocketChannelImpl.java:717)
	at org.apache.ratis.thirdparty.io.netty.channel.socket.nio.NioSocketChannel.doFinishConnect(NioSocketChannel.java:327)
	at org.apache.ratis.thirdparty.io.netty.channel.nio.AbstractNioChannel$AbstractNioUnsafe.finishConnect(AbstractNioChannel.java:340)
	at org.apache.ratis.thirdparty.io.netty.channel.nio.NioEventLoop.processSelectedKey(NioEventLoop.java:632)
	at org.apache.ratis.thirdparty.io.netty.channel.nio.NioEventLoop.processSelectedKeysOptimized(NioEventLoop.java:579)
	at org.apache.ratis.thirdparty.io.netty.channel.nio.NioEventLoop.processSelectedKeys(NioEventLoop.java:496)
	at org.apache.ratis.thirdparty.io.netty.channel.nio.NioEventLoop.run(NioEventLoop.java:458)
	at org.apache.ratis.thirdparty.io.netty.util.concurrent.SingleThreadEventExecutor$5.run(SingleThreadEventExecutor.java:897)
	at org.apache.ratis.thirdparty.io.netty.util.concurrent.FastThreadLocalRunnable.run(FastThreadLocalRunnable.java:30)
	... 1 more
Caused by: java.net.ConnectException: Connection refused
	... 11 more
2019-11-13 20:09:07,214 [2f9d8c1e-934d-4d04-b20a-ee991adbbfce@group-83A883EAE087-LeaderElection160] INFO  impl.LeaderElection (LeaderElection.java:logAndReturn(56)) - 2f9d8c1e-934d-4d04-b20a-ee991adbbfce@group-83A883EAE087-LeaderElection160: Election REJECTED; received 0 response(s) [] and 2 exception(s); 2f9d8c1e-934d-4d04-b20a-ee991adbbfce@group-83A883EAE087:t4, leader=null, voted=2f9d8c1e-934d-4d04-b20a-ee991adbbfce, raftlog=2f9d8c1e-934d-4d04-b20a-ee991adbbfce@group-83A883EAE087-SegmentedRaftLog:OPENED:c6,f6,i6, conf=0: [020265cf-8215-4e82-9241-b31a46326517:192.168.34.38:43042, 2f9d8c1e-934d-4d04-b20a-ee991adbbfce:192.168.34.38:42314, 4ac79741-1dc4-4e7a-a50d-ac53fab10d14:192.168.34.38:46397], old=null
2019-11-13 20:09:07,215 [2f9d8c1e-934d-4d04-b20a-ee991adbbfce@group-83A883EAE087-LeaderElection160] INFO  impl.LeaderElection (LogUtils.java:infoOrTrace(149)) -   Exception 0: {}
java.util.concurrent.ExecutionException: org.apache.ratis.thirdparty.io.grpc.StatusRuntimeException: UNAVAILABLE: io exception
	at java.util.concurrent.FutureTask.report(FutureTask.java:122)
	at java.util.concurrent.FutureTask.get(FutureTask.java:192)
	at org.apache.ratis.server.impl.LeaderElection.waitForResults(LeaderElection.java:259)
	at org.apache.ratis.server.impl.LeaderElection.askForVotes(LeaderElection.java:197)
	at org.apache.ratis.server.impl.LeaderElection.run(LeaderElection.java:133)
	at java.lang.Thread.run(Thread.java:748)
Caused by: org.apache.ratis.thirdparty.io.grpc.StatusRuntimeException: UNAVAILABLE: io exception
	at org.apache.ratis.thirdparty.io.grpc.stub.ClientCalls.toStatusRuntimeException(ClientCalls.java:233)
	at org.apache.ratis.thirdparty.io.grpc.stub.ClientCalls.getUnchecked(ClientCalls.java:214)
	at org.apache.ratis.thirdparty.io.grpc.stub.ClientCalls.blockingUnaryCall(ClientCalls.java:139)
	at org.apache.ratis.proto.grpc.RaftServerProtocolServiceGrpc$RaftServerProtocolServiceBlockingStub.requestVote(RaftServerProtocolServiceGrpc.java:265)
	at org.apache.ratis.grpc.server.GrpcServerProtocolClient.requestVote(GrpcServerProtocolClient.java:99)
	at org.apache.ratis.grpc.server.GrpcService.requestVote(GrpcService.java:204)
	at org.apache.ratis.server.impl.LeaderElection.lambda$submitRequests$1(LeaderElection.java:234)
	at java.util.concurrent.FutureTask.run(FutureTask.java:266)
	at java.util.concurrent.Executors$RunnableAdapter.call(Executors.java:511)
	at java.util.concurrent.FutureTask.run(FutureTask.java:266)
	at java.util.concurrent.ThreadPoolExecutor.runWorker(ThreadPoolExecutor.java:1149)
	at java.util.concurrent.ThreadPoolExecutor$Worker.run(ThreadPoolExecutor.java:624)
	... 1 more
Caused by: org.apache.ratis.thirdparty.io.netty.channel.AbstractChannel$AnnotatedConnectException: Connection refused: /192.168.34.38:46397
	at sun.nio.ch.SocketChannelImpl.checkConnect(Native Method)
	at sun.nio.ch.SocketChannelImpl.finishConnect(SocketChannelImpl.java:717)
	at org.apache.ratis.thirdparty.io.netty.channel.socket.nio.NioSocketChannel.doFinishConnect(NioSocketChannel.java:327)
	at org.apache.ratis.thirdparty.io.netty.channel.nio.AbstractNioChannel$AbstractNioUnsafe.finishConnect(AbstractNioChannel.java:340)
	at org.apache.ratis.thirdparty.io.netty.channel.nio.NioEventLoop.processSelectedKey(NioEventLoop.java:632)
	at org.apache.ratis.thirdparty.io.netty.channel.nio.NioEventLoop.processSelectedKeysOptimized(NioEventLoop.java:579)
	at org.apache.ratis.thirdparty.io.netty.channel.nio.NioEventLoop.processSelectedKeys(NioEventLoop.java:496)
	at org.apache.ratis.thirdparty.io.netty.channel.nio.NioEventLoop.run(NioEventLoop.java:458)
	at org.apache.ratis.thirdparty.io.netty.util.concurrent.SingleThreadEventExecutor$5.run(SingleThreadEventExecutor.java:897)
	at org.apache.ratis.thirdparty.io.netty.util.concurrent.FastThreadLocalRunnable.run(FastThreadLocalRunnable.java:30)
	... 1 more
Caused by: java.net.ConnectException: Connection refused
	... 11 more
2019-11-13 20:09:07,215 [2f9d8c1e-934d-4d04-b20a-ee991adbbfce@group-83A883EAE087-LeaderElection160] INFO  impl.LeaderElection (LogUtils.java:infoOrTrace(149)) -   Exception 1: {}
java.util.concurrent.ExecutionException: org.apache.ratis.thirdparty.io.grpc.StatusRuntimeException: UNAVAILABLE: io exception
	at java.util.concurrent.FutureTask.report(FutureTask.java:122)
	at java.util.concurrent.FutureTask.get(FutureTask.java:192)
	at org.apache.ratis.server.impl.LeaderElection.waitForResults(LeaderElection.java:259)
	at org.apache.ratis.server.impl.LeaderElection.askForVotes(LeaderElection.java:197)
	at org.apache.ratis.server.impl.LeaderElection.run(LeaderElection.java:133)
	at java.lang.Thread.run(Thread.java:748)
Caused by: org.apache.ratis.thirdparty.io.grpc.StatusRuntimeException: UNAVAILABLE: io exception
	at org.apache.ratis.thirdparty.io.grpc.stub.ClientCalls.toStatusRuntimeException(ClientCalls.java:233)
	at org.apache.ratis.thirdparty.io.grpc.stub.ClientCalls.getUnchecked(ClientCalls.java:214)
	at org.apache.ratis.thirdparty.io.grpc.stub.ClientCalls.blockingUnaryCall(ClientCalls.java:139)
	at org.apache.ratis.proto.grpc.RaftServerProtocolServiceGrpc$RaftServerProtocolServiceBlockingStub.requestVote(RaftServerProtocolServiceGrpc.java:265)
	at org.apache.ratis.grpc.server.GrpcServerProtocolClient.requestVote(GrpcServerProtocolClient.java:99)
	at org.apache.ratis.grpc.server.GrpcService.requestVote(GrpcService.java:204)
	at org.apache.ratis.server.impl.LeaderElection.lambda$submitRequests$1(LeaderElection.java:234)
	at java.util.concurrent.FutureTask.run(FutureTask.java:266)
	at java.util.concurrent.Executors$RunnableAdapter.call(Executors.java:511)
	at java.util.concurrent.FutureTask.run(FutureTask.java:266)
	at java.util.concurrent.ThreadPoolExecutor.runWorker(ThreadPoolExecutor.java:1149)
	at java.util.concurrent.ThreadPoolExecutor$Worker.run(ThreadPoolExecutor.java:624)
	... 1 more
Caused by: org.apache.ratis.thirdparty.io.netty.channel.AbstractChannel$AnnotatedConnectException: Connection refused: /192.168.34.38:43042
	at sun.nio.ch.SocketChannelImpl.checkConnect(Native Method)
	at sun.nio.ch.SocketChannelImpl.finishConnect(SocketChannelImpl.java:717)
	at org.apache.ratis.thirdparty.io.netty.channel.socket.nio.NioSocketChannel.doFinishConnect(NioSocketChannel.java:327)
	at org.apache.ratis.thirdparty.io.netty.channel.nio.AbstractNioChannel$AbstractNioUnsafe.finishConnect(AbstractNioChannel.java:340)
	at org.apache.ratis.thirdparty.io.netty.channel.nio.NioEventLoop.processSelectedKey(NioEventLoop.java:632)
	at org.apache.ratis.thirdparty.io.netty.channel.nio.NioEventLoop.processSelectedKeysOptimized(NioEventLoop.java:579)
	at org.apache.ratis.thirdparty.io.netty.channel.nio.NioEventLoop.processSelectedKeys(NioEventLoop.java:496)
	at org.apache.ratis.thirdparty.io.netty.channel.nio.NioEventLoop.run(NioEventLoop.java:458)
	at org.apache.ratis.thirdparty.io.netty.util.concurrent.SingleThreadEventExecutor$5.run(SingleThreadEventExecutor.java:897)
	at org.apache.ratis.thirdparty.io.netty.util.concurrent.FastThreadLocalRunnable.run(FastThreadLocalRunnable.java:30)
	... 1 more
Caused by: java.net.ConnectException: Connection refused
	... 11 more
2019-11-13 20:09:07,215 [2f9d8c1e-934d-4d04-b20a-ee991adbbfce@group-83A883EAE087-LeaderElection160] INFO  impl.RaftServerImpl (RaftServerImpl.java:setRole(173)) - 2f9d8c1e-934d-4d04-b20a-ee991adbbfce@group-83A883EAE087: changes role from CANDIDATE to FOLLOWER at term 4 for DISCOVERED_A_NEW_TERM
2019-11-13 20:09:07,215 [2f9d8c1e-934d-4d04-b20a-ee991adbbfce@group-83A883EAE087-LeaderElection160] INFO  impl.RoleInfo (RoleInfo.java:shutdownLeaderElection(134)) - 2f9d8c1e-934d-4d04-b20a-ee991adbbfce: shutdown LeaderElection
2019-11-13 20:09:07,215 [2f9d8c1e-934d-4d04-b20a-ee991adbbfce@group-83A883EAE087-LeaderElection160] INFO  impl.RoleInfo (RoleInfo.java:updateAndGet(143)) - 2f9d8c1e-934d-4d04-b20a-ee991adbbfce: start FollowerState
2019-11-13 20:09:07,321 [grpc-default-executor-13] WARN  server.GrpcLogAppender (LogUtils.java:warn(134)) - 8446ee0c-69c2-4e02-91d0-278741efb561@group-7FA8BB7384C7->167876bd-92c4-4c51-979b-51b12cb252bf-AppendLogResponseHandler: Failed appendEntries: org.apache.ratis.thirdparty.io.grpc.StatusRuntimeException: UNAVAILABLE: io exception
2019-11-13 20:09:07,321 [grpc-default-executor-13] INFO  impl.FollowerInfo (FollowerInfo.java:lambda$new$0(51)) - 8446ee0c-69c2-4e02-91d0-278741efb561@group-7FA8BB7384C7->167876bd-92c4-4c51-979b-51b12cb252bf: nextIndex: updateUnconditionally 0 -> 0
2019-11-13 20:09:07,686 [grpc-default-executor-13] WARN  server.GrpcLogAppender (LogUtils.java:warn(134)) - 7ba2007b-7453-4993-98f1-4fc841af859b@group-7A5735C625A6->63348c40-6caf-45cd-85ad-36e15dedc157-AppendLogResponseHandler: Failed appendEntries: org.apache.ratis.thirdparty.io.grpc.StatusRuntimeException: UNAVAILABLE: io exception
2019-11-13 20:09:07,687 [grpc-default-executor-13] INFO  impl.FollowerInfo (FollowerInfo.java:lambda$new$0(51)) - 7ba2007b-7453-4993-98f1-4fc841af859b@group-7A5735C625A6->63348c40-6caf-45cd-85ad-36e15dedc157: nextIndex: updateUnconditionally 0 -> 0
2019-11-13 20:09:07,822 [grpc-default-executor-11] WARN  server.GrpcLogAppender (LogUtils.java:warn(134)) - 8446ee0c-69c2-4e02-91d0-278741efb561@group-7FA8BB7384C7->167876bd-92c4-4c51-979b-51b12cb252bf-AppendLogResponseHandler: Failed appendEntries: org.apache.ratis.thirdparty.io.grpc.StatusRuntimeException: UNAVAILABLE: io exception
2019-11-13 20:09:07,822 [grpc-default-executor-11] INFO  impl.FollowerInfo (FollowerInfo.java:lambda$new$0(51)) - 8446ee0c-69c2-4e02-91d0-278741efb561@group-7FA8BB7384C7->167876bd-92c4-4c51-979b-51b12cb252bf: nextIndex: updateUnconditionally 0 -> 0
2019-11-13 20:09:08,190 [grpc-default-executor-13] WARN  server.GrpcLogAppender (LogUtils.java:warn(134)) - 7ba2007b-7453-4993-98f1-4fc841af859b@group-7A5735C625A6->63348c40-6caf-45cd-85ad-36e15dedc157-AppendLogResponseHandler: Failed appendEntries: org.apache.ratis.thirdparty.io.grpc.StatusRuntimeException: UNAVAILABLE: io exception
2019-11-13 20:09:08,190 [grpc-default-executor-13] INFO  impl.FollowerInfo (FollowerInfo.java:lambda$new$0(51)) - 7ba2007b-7453-4993-98f1-4fc841af859b@group-7A5735C625A6->63348c40-6caf-45cd-85ad-36e15dedc157: nextIndex: updateUnconditionally 0 -> 0
2019-11-13 20:09:08,291 [Thread-5126] INFO  impl.FollowerState (FollowerState.java:run(111)) - 2f9d8c1e-934d-4d04-b20a-ee991adbbfce@group-83A883EAE087-FollowerState: change to CANDIDATE, lastRpcTime:1075ms, electionTimeout:1075ms
2019-11-13 20:09:08,291 [Thread-5126] INFO  impl.RoleInfo (RoleInfo.java:shutdownFollowerState(121)) - 2f9d8c1e-934d-4d04-b20a-ee991adbbfce: shutdown FollowerState
2019-11-13 20:09:08,291 [Thread-5126] INFO  impl.RaftServerImpl (RaftServerImpl.java:setRole(173)) - 2f9d8c1e-934d-4d04-b20a-ee991adbbfce@group-83A883EAE087: changes role from  FOLLOWER to CANDIDATE at term 4 for changeToCandidate
2019-11-13 20:09:08,292 [Thread-5126] INFO  impl.RoleInfo (RoleInfo.java:updateAndGet(143)) - 2f9d8c1e-934d-4d04-b20a-ee991adbbfce: start LeaderElection
2019-11-13 20:09:08,304 [2f9d8c1e-934d-4d04-b20a-ee991adbbfce@group-83A883EAE087-LeaderElection161] INFO  impl.LeaderElection (LeaderElection.java:askForVotes(178)) - 2f9d8c1e-934d-4d04-b20a-ee991adbbfce@group-83A883EAE087-LeaderElection161: begin an election at term 5 for 0: [020265cf-8215-4e82-9241-b31a46326517:192.168.34.38:43042, 2f9d8c1e-934d-4d04-b20a-ee991adbbfce:192.168.34.38:42314, 4ac79741-1dc4-4e7a-a50d-ac53fab10d14:192.168.34.38:46397], old=null
2019-11-13 20:09:08,306 [2f9d8c1e-934d-4d04-b20a-ee991adbbfce@group-83A883EAE087-LeaderElection161] INFO  impl.LeaderElection (LogUtils.java:infoOrTrace(149)) - 2f9d8c1e-934d-4d04-b20a-ee991adbbfce@group-83A883EAE087-LeaderElection161 got exception when requesting votes: {}
java.util.concurrent.ExecutionException: org.apache.ratis.thirdparty.io.grpc.StatusRuntimeException: UNAVAILABLE: io exception
	at java.util.concurrent.FutureTask.report(FutureTask.java:122)
	at java.util.concurrent.FutureTask.get(FutureTask.java:192)
	at org.apache.ratis.server.impl.LeaderElection.waitForResults(LeaderElection.java:259)
	at org.apache.ratis.server.impl.LeaderElection.askForVotes(LeaderElection.java:197)
	at org.apache.ratis.server.impl.LeaderElection.run(LeaderElection.java:133)
	at java.lang.Thread.run(Thread.java:748)
Caused by: org.apache.ratis.thirdparty.io.grpc.StatusRuntimeException: UNAVAILABLE: io exception
	at org.apache.ratis.thirdparty.io.grpc.stub.ClientCalls.toStatusRuntimeException(ClientCalls.java:233)
	at org.apache.ratis.thirdparty.io.grpc.stub.ClientCalls.getUnchecked(ClientCalls.java:214)
	at org.apache.ratis.thirdparty.io.grpc.stub.ClientCalls.blockingUnaryCall(ClientCalls.java:139)
	at org.apache.ratis.proto.grpc.RaftServerProtocolServiceGrpc$RaftServerProtocolServiceBlockingStub.requestVote(RaftServerProtocolServiceGrpc.java:265)
	at org.apache.ratis.grpc.server.GrpcServerProtocolClient.requestVote(GrpcServerProtocolClient.java:99)
	at org.apache.ratis.grpc.server.GrpcService.requestVote(GrpcService.java:204)
	at org.apache.ratis.server.impl.LeaderElection.lambda$submitRequests$1(LeaderElection.java:234)
	at java.util.concurrent.FutureTask.run(FutureTask.java:266)
	at java.util.concurrent.Executors$RunnableAdapter.call(Executors.java:511)
	at java.util.concurrent.FutureTask.run(FutureTask.java:266)
	at java.util.concurrent.ThreadPoolExecutor.runWorker(ThreadPoolExecutor.java:1149)
	at java.util.concurrent.ThreadPoolExecutor$Worker.run(ThreadPoolExecutor.java:624)
	... 1 more
Caused by: org.apache.ratis.thirdparty.io.netty.channel.AbstractChannel$AnnotatedConnectException: Connection refused: /192.168.34.38:43042
	at sun.nio.ch.SocketChannelImpl.checkConnect(Native Method)
	at sun.nio.ch.SocketChannelImpl.finishConnect(SocketChannelImpl.java:717)
	at org.apache.ratis.thirdparty.io.netty.channel.socket.nio.NioSocketChannel.doFinishConnect(NioSocketChannel.java:327)
	at org.apache.ratis.thirdparty.io.netty.channel.nio.AbstractNioChannel$AbstractNioUnsafe.finishConnect(AbstractNioChannel.java:340)
	at org.apache.ratis.thirdparty.io.netty.channel.nio.NioEventLoop.processSelectedKey(NioEventLoop.java:632)
	at org.apache.ratis.thirdparty.io.netty.channel.nio.NioEventLoop.processSelectedKeysOptimized(NioEventLoop.java:579)
	at org.apache.ratis.thirdparty.io.netty.channel.nio.NioEventLoop.processSelectedKeys(NioEventLoop.java:496)
	at org.apache.ratis.thirdparty.io.netty.channel.nio.NioEventLoop.run(NioEventLoop.java:458)
	at org.apache.ratis.thirdparty.io.netty.util.concurrent.SingleThreadEventExecutor$5.run(SingleThreadEventExecutor.java:897)
	at org.apache.ratis.thirdparty.io.netty.util.concurrent.FastThreadLocalRunnable.run(FastThreadLocalRunnable.java:30)
	... 1 more
Caused by: java.net.ConnectException: Connection refused
	... 11 more
2019-11-13 20:09:08,314 [2f9d8c1e-934d-4d04-b20a-ee991adbbfce@group-83A883EAE087-LeaderElection161] INFO  impl.LeaderElection (LogUtils.java:infoOrTrace(149)) - 2f9d8c1e-934d-4d04-b20a-ee991adbbfce@group-83A883EAE087-LeaderElection161 got exception when requesting votes: {}
java.util.concurrent.ExecutionException: org.apache.ratis.thirdparty.io.grpc.StatusRuntimeException: UNAVAILABLE: io exception
	at java.util.concurrent.FutureTask.report(FutureTask.java:122)
	at java.util.concurrent.FutureTask.get(FutureTask.java:192)
	at org.apache.ratis.server.impl.LeaderElection.waitForResults(LeaderElection.java:259)
	at org.apache.ratis.server.impl.LeaderElection.askForVotes(LeaderElection.java:197)
	at org.apache.ratis.server.impl.LeaderElection.run(LeaderElection.java:133)
	at java.lang.Thread.run(Thread.java:748)
Caused by: org.apache.ratis.thirdparty.io.grpc.StatusRuntimeException: UNAVAILABLE: io exception
	at org.apache.ratis.thirdparty.io.grpc.stub.ClientCalls.toStatusRuntimeException(ClientCalls.java:233)
	at org.apache.ratis.thirdparty.io.grpc.stub.ClientCalls.getUnchecked(ClientCalls.java:214)
	at org.apache.ratis.thirdparty.io.grpc.stub.ClientCalls.blockingUnaryCall(ClientCalls.java:139)
	at org.apache.ratis.proto.grpc.RaftServerProtocolServiceGrpc$RaftServerProtocolServiceBlockingStub.requestVote(RaftServerProtocolServiceGrpc.java:265)
	at org.apache.ratis.grpc.server.GrpcServerProtocolClient.requestVote(GrpcServerProtocolClient.java:99)
	at org.apache.ratis.grpc.server.GrpcService.requestVote(GrpcService.java:204)
	at org.apache.ratis.server.impl.LeaderElection.lambda$submitRequests$1(LeaderElection.java:234)
	at java.util.concurrent.FutureTask.run(FutureTask.java:266)
	at java.util.concurrent.Executors$RunnableAdapter.call(Executors.java:511)
	at java.util.concurrent.FutureTask.run(FutureTask.java:266)
	at java.util.concurrent.ThreadPoolExecutor.runWorker(ThreadPoolExecutor.java:1149)
	at java.util.concurrent.ThreadPoolExecutor$Worker.run(ThreadPoolExecutor.java:624)
	... 1 more
Caused by: org.apache.ratis.thirdparty.io.netty.channel.AbstractChannel$AnnotatedConnectException: Connection refused: /192.168.34.38:46397
	at sun.nio.ch.SocketChannelImpl.checkConnect(Native Method)
	at sun.nio.ch.SocketChannelImpl.finishConnect(SocketChannelImpl.java:717)
	at org.apache.ratis.thirdparty.io.netty.channel.socket.nio.NioSocketChannel.doFinishConnect(NioSocketChannel.java:327)
	at org.apache.ratis.thirdparty.io.netty.channel.nio.AbstractNioChannel$AbstractNioUnsafe.finishConnect(AbstractNioChannel.java:340)
	at org.apache.ratis.thirdparty.io.netty.channel.nio.NioEventLoop.processSelectedKey(NioEventLoop.java:632)
	at org.apache.ratis.thirdparty.io.netty.channel.nio.NioEventLoop.processSelectedKeysOptimized(NioEventLoop.java:579)
	at org.apache.ratis.thirdparty.io.netty.channel.nio.NioEventLoop.processSelectedKeys(NioEventLoop.java:496)
	at org.apache.ratis.thirdparty.io.netty.channel.nio.NioEventLoop.run(NioEventLoop.java:458)
	at org.apache.ratis.thirdparty.io.netty.util.concurrent.SingleThreadEventExecutor$5.run(SingleThreadEventExecutor.java:897)
	at org.apache.ratis.thirdparty.io.netty.util.concurrent.FastThreadLocalRunnable.run(FastThreadLocalRunnable.java:30)
	... 1 more
Caused by: java.net.ConnectException: Connection refused
	... 11 more
2019-11-13 20:09:08,316 [2f9d8c1e-934d-4d04-b20a-ee991adbbfce@group-83A883EAE087-LeaderElection161] INFO  impl.LeaderElection (LeaderElection.java:logAndReturn(56)) - 2f9d8c1e-934d-4d04-b20a-ee991adbbfce@group-83A883EAE087-LeaderElection161: Election REJECTED; received 0 response(s) [] and 2 exception(s); 2f9d8c1e-934d-4d04-b20a-ee991adbbfce@group-83A883EAE087:t5, leader=null, voted=2f9d8c1e-934d-4d04-b20a-ee991adbbfce, raftlog=2f9d8c1e-934d-4d04-b20a-ee991adbbfce@group-83A883EAE087-SegmentedRaftLog:OPENED:c6,f6,i6, conf=0: [020265cf-8215-4e82-9241-b31a46326517:192.168.34.38:43042, 2f9d8c1e-934d-4d04-b20a-ee991adbbfce:192.168.34.38:42314, 4ac79741-1dc4-4e7a-a50d-ac53fab10d14:192.168.34.38:46397], old=null
2019-11-13 20:09:08,316 [2f9d8c1e-934d-4d04-b20a-ee991adbbfce@group-83A883EAE087-LeaderElection161] INFO  impl.LeaderElection (LogUtils.java:infoOrTrace(149)) -   Exception 0: {}
java.util.concurrent.ExecutionException: org.apache.ratis.thirdparty.io.grpc.StatusRuntimeException: UNAVAILABLE: io exception
	at java.util.concurrent.FutureTask.report(FutureTask.java:122)
	at java.util.concurrent.FutureTask.get(FutureTask.java:192)
	at org.apache.ratis.server.impl.LeaderElection.waitForResults(LeaderElection.java:259)
	at org.apache.ratis.server.impl.LeaderElection.askForVotes(LeaderElection.java:197)
	at org.apache.ratis.server.impl.LeaderElection.run(LeaderElection.java:133)
	at java.lang.Thread.run(Thread.java:748)
Caused by: org.apache.ratis.thirdparty.io.grpc.StatusRuntimeException: UNAVAILABLE: io exception
	at org.apache.ratis.thirdparty.io.grpc.stub.ClientCalls.toStatusRuntimeException(ClientCalls.java:233)
	at org.apache.ratis.thirdparty.io.grpc.stub.ClientCalls.getUnchecked(ClientCalls.java:214)
	at org.apache.ratis.thirdparty.io.grpc.stub.ClientCalls.blockingUnaryCall(ClientCalls.java:139)
	at org.apache.ratis.proto.grpc.RaftServerProtocolServiceGrpc$RaftServerProtocolServiceBlockingStub.requestVote(RaftServerProtocolServiceGrpc.java:265)
	at org.apache.ratis.grpc.server.GrpcServerProtocolClient.requestVote(GrpcServerProtocolClient.java:99)
	at org.apache.ratis.grpc.server.GrpcService.requestVote(GrpcService.java:204)
	at org.apache.ratis.server.impl.LeaderElection.lambda$submitRequests$1(LeaderElection.java:234)
	at java.util.concurrent.FutureTask.run(FutureTask.java:266)
	at java.util.concurrent.Executors$RunnableAdapter.call(Executors.java:511)
	at java.util.concurrent.FutureTask.run(FutureTask.java:266)
	at java.util.concurrent.ThreadPoolExecutor.runWorker(ThreadPoolExecutor.java:1149)
	at java.util.concurrent.ThreadPoolExecutor$Worker.run(ThreadPoolExecutor.java:624)
	... 1 more
Caused by: org.apache.ratis.thirdparty.io.netty.channel.AbstractChannel$AnnotatedConnectException: Connection refused: /192.168.34.38:43042
	at sun.nio.ch.SocketChannelImpl.checkConnect(Native Method)
	at sun.nio.ch.SocketChannelImpl.finishConnect(SocketChannelImpl.java:717)
	at org.apache.ratis.thirdparty.io.netty.channel.socket.nio.NioSocketChannel.doFinishConnect(NioSocketChannel.java:327)
	at org.apache.ratis.thirdparty.io.netty.channel.nio.AbstractNioChannel$AbstractNioUnsafe.finishConnect(AbstractNioChannel.java:340)
	at org.apache.ratis.thirdparty.io.netty.channel.nio.NioEventLoop.processSelectedKey(NioEventLoop.java:632)
	at org.apache.ratis.thirdparty.io.netty.channel.nio.NioEventLoop.processSelectedKeysOptimized(NioEventLoop.java:579)
	at org.apache.ratis.thirdparty.io.netty.channel.nio.NioEventLoop.processSelectedKeys(NioEventLoop.java:496)
	at org.apache.ratis.thirdparty.io.netty.channel.nio.NioEventLoop.run(NioEventLoop.java:458)
	at org.apache.ratis.thirdparty.io.netty.util.concurrent.SingleThreadEventExecutor$5.run(SingleThreadEventExecutor.java:897)
	at org.apache.ratis.thirdparty.io.netty.util.concurrent.FastThreadLocalRunnable.run(FastThreadLocalRunnable.java:30)
	... 1 more
Caused by: java.net.ConnectException: Connection refused
	... 11 more
2019-11-13 20:09:08,316 [2f9d8c1e-934d-4d04-b20a-ee991adbbfce@group-83A883EAE087-LeaderElection161] INFO  impl.LeaderElection (LogUtils.java:infoOrTrace(149)) -   Exception 1: {}
java.util.concurrent.ExecutionException: org.apache.ratis.thirdparty.io.grpc.StatusRuntimeException: UNAVAILABLE: io exception
	at java.util.concurrent.FutureTask.report(FutureTask.java:122)
	at java.util.concurrent.FutureTask.get(FutureTask.java:192)
	at org.apache.ratis.server.impl.LeaderElection.waitForResults(LeaderElection.java:259)
	at org.apache.ratis.server.impl.LeaderElection.askForVotes(LeaderElection.java:197)
	at org.apache.ratis.server.impl.LeaderElection.run(LeaderElection.java:133)
	at java.lang.Thread.run(Thread.java:748)
Caused by: org.apache.ratis.thirdparty.io.grpc.StatusRuntimeException: UNAVAILABLE: io exception
	at org.apache.ratis.thirdparty.io.grpc.stub.ClientCalls.toStatusRuntimeException(ClientCalls.java:233)
	at org.apache.ratis.thirdparty.io.grpc.stub.ClientCalls.getUnchecked(ClientCalls.java:214)
	at org.apache.ratis.thirdparty.io.grpc.stub.ClientCalls.blockingUnaryCall(ClientCalls.java:139)
	at org.apache.ratis.proto.grpc.RaftServerProtocolServiceGrpc$RaftServerProtocolServiceBlockingStub.requestVote(RaftServerProtocolServiceGrpc.java:265)
	at org.apache.ratis.grpc.server.GrpcServerProtocolClient.requestVote(GrpcServerProtocolClient.java:99)
	at org.apache.ratis.grpc.server.GrpcService.requestVote(GrpcService.java:204)
	at org.apache.ratis.server.impl.LeaderElection.lambda$submitRequests$1(LeaderElection.java:234)
	at java.util.concurrent.FutureTask.run(FutureTask.java:266)
	at java.util.concurrent.Executors$RunnableAdapter.call(Executors.java:511)
	at java.util.concurrent.FutureTask.run(FutureTask.java:266)
	at java.util.concurrent.ThreadPoolExecutor.runWorker(ThreadPoolExecutor.java:1149)
	at java.util.concurrent.ThreadPoolExecutor$Worker.run(ThreadPoolExecutor.java:624)
	... 1 more
Caused by: org.apache.ratis.thirdparty.io.netty.channel.AbstractChannel$AnnotatedConnectException: Connection refused: /192.168.34.38:46397
	at sun.nio.ch.SocketChannelImpl.checkConnect(Native Method)
	at sun.nio.ch.SocketChannelImpl.finishConnect(SocketChannelImpl.java:717)
	at org.apache.ratis.thirdparty.io.netty.channel.socket.nio.NioSocketChannel.doFinishConnect(NioSocketChannel.java:327)
	at org.apache.ratis.thirdparty.io.netty.channel.nio.AbstractNioChannel$AbstractNioUnsafe.finishConnect(AbstractNioChannel.java:340)
	at org.apache.ratis.thirdparty.io.netty.channel.nio.NioEventLoop.processSelectedKey(NioEventLoop.java:632)
	at org.apache.ratis.thirdparty.io.netty.channel.nio.NioEventLoop.processSelectedKeysOptimized(NioEventLoop.java:579)
	at org.apache.ratis.thirdparty.io.netty.channel.nio.NioEventLoop.processSelectedKeys(NioEventLoop.java:496)
	at org.apache.ratis.thirdparty.io.netty.channel.nio.NioEventLoop.run(NioEventLoop.java:458)
	at org.apache.ratis.thirdparty.io.netty.util.concurrent.SingleThreadEventExecutor$5.run(SingleThreadEventExecutor.java:897)
	at org.apache.ratis.thirdparty.io.netty.util.concurrent.FastThreadLocalRunnable.run(FastThreadLocalRunnable.java:30)
	... 1 more
Caused by: java.net.ConnectException: Connection refused
	... 11 more
2019-11-13 20:09:08,316 [2f9d8c1e-934d-4d04-b20a-ee991adbbfce@group-83A883EAE087-LeaderElection161] INFO  impl.RaftServerImpl (RaftServerImpl.java:setRole(173)) - 2f9d8c1e-934d-4d04-b20a-ee991adbbfce@group-83A883EAE087: changes role from CANDIDATE to FOLLOWER at term 5 for DISCOVERED_A_NEW_TERM
2019-11-13 20:09:08,316 [2f9d8c1e-934d-4d04-b20a-ee991adbbfce@group-83A883EAE087-LeaderElection161] INFO  impl.RoleInfo (RoleInfo.java:shutdownLeaderElection(134)) - 2f9d8c1e-934d-4d04-b20a-ee991adbbfce: shutdown LeaderElection
2019-11-13 20:09:08,316 [2f9d8c1e-934d-4d04-b20a-ee991adbbfce@group-83A883EAE087-LeaderElection161] INFO  impl.RoleInfo (RoleInfo.java:updateAndGet(143)) - 2f9d8c1e-934d-4d04-b20a-ee991adbbfce: start FollowerState
2019-11-13 20:09:08,322 [grpc-default-executor-13] WARN  server.GrpcLogAppender (LogUtils.java:warn(134)) - 8446ee0c-69c2-4e02-91d0-278741efb561@group-7FA8BB7384C7->167876bd-92c4-4c51-979b-51b12cb252bf-AppendLogResponseHandler: Failed appendEntries: org.apache.ratis.thirdparty.io.grpc.StatusRuntimeException: UNAVAILABLE: io exception
2019-11-13 20:09:08,322 [grpc-default-executor-13] INFO  impl.FollowerInfo (FollowerInfo.java:lambda$new$0(51)) - 8446ee0c-69c2-4e02-91d0-278741efb561@group-7FA8BB7384C7->167876bd-92c4-4c51-979b-51b12cb252bf: nextIndex: updateUnconditionally 0 -> 0
2019-11-13 20:09:08,421 [ForkJoinPool.commonPool-worker-0] INFO  ozoneimpl.OzoneContainer (OzoneContainer.java:stop(244)) - Attempting to stop container services.
2019-11-13 20:09:08,421 [ForkJoinPool.commonPool-worker-0] INFO  impl.RaftServerProxy (RaftServerProxy.java:lambda$close$4(314)) - 2f9d8c1e-934d-4d04-b20a-ee991adbbfce: close
2019-11-13 20:09:08,422 [ForkJoinPool.commonPool-worker-0] INFO  impl.RaftServerImpl (RaftServerImpl.java:lambda$shutdown$3(250)) - 2f9d8c1e-934d-4d04-b20a-ee991adbbfce@group-83A883EAE087: shutdown
2019-11-13 20:09:08,422 [ForkJoinPool.commonPool-worker-0] INFO  util.JmxRegister (JmxRegister.java:unregister(73)) - Successfully un-registered JMX Bean with object name Ratis:service=RaftServer,group=group-83A883EAE087,id=2f9d8c1e-934d-4d04-b20a-ee991adbbfce
2019-11-13 20:09:08,422 [ForkJoinPool.commonPool-worker-0] INFO  impl.RoleInfo (RoleInfo.java:shutdownFollowerState(121)) - 2f9d8c1e-934d-4d04-b20a-ee991adbbfce: shutdown FollowerState
2019-11-13 20:09:08,422 [ForkJoinPool.commonPool-worker-0] INFO  impl.StateMachineUpdater (StateMachineUpdater.java:stopAndJoin(136)) - 2f9d8c1e-934d-4d04-b20a-ee991adbbfce@group-83A883EAE087-StateMachineUpdater: set stopIndex = 6
2019-11-13 20:09:08,422 [Thread-5134] INFO  impl.FollowerState (FollowerState.java:run(120)) - 2f9d8c1e-934d-4d04-b20a-ee991adbbfce@group-83A883EAE087-FollowerState was interrupted: java.lang.InterruptedException: sleep interrupted
2019-11-13 20:09:08,423 [2f9d8c1e-934d-4d04-b20a-ee991adbbfce@group-83A883EAE087-StateMachineUpdater] INFO  ratis.ContainerStateMachine (ContainerStateMachine.java:takeSnapshot(285)) - group-83A883EAE087: Taking a snapshot at:(t:1, i:4) file /workdir/hadoop-ozone/integration-test/target/test-dir/MiniOzoneClusterImpl-89214370-af8c-46c8-b403-f68b2ae7a3e8/datanode-4/data/ratis/70665370-c894-4f18-9c48-83a883eae087/sm/snapshot.1_4
2019-11-13 20:09:08,428 [2f9d8c1e-934d-4d04-b20a-ee991adbbfce@group-83A883EAE087-StateMachineUpdater] INFO  ratis.ContainerStateMachine (ContainerStateMachine.java:takeSnapshot(296)) - group-83A883EAE087: Finished taking a snapshot at:(t:1, i:4) file:/workdir/hadoop-ozone/integration-test/target/test-dir/MiniOzoneClusterImpl-89214370-af8c-46c8-b403-f68b2ae7a3e8/datanode-4/data/ratis/70665370-c894-4f18-9c48-83a883eae087/sm/snapshot.1_4 time:5
2019-11-13 20:09:08,428 [2f9d8c1e-934d-4d04-b20a-ee991adbbfce@group-83A883EAE087-StateMachineUpdater] INFO  impl.StateMachineUpdater (StateMachineUpdater.java:takeSnapshot(269)) - 2f9d8c1e-934d-4d04-b20a-ee991adbbfce@group-83A883EAE087-StateMachineUpdater: Took a snapshot at index 4
2019-11-13 20:09:08,428 [2f9d8c1e-934d-4d04-b20a-ee991adbbfce@group-83A883EAE087-StateMachineUpdater] INFO  impl.StateMachineUpdater (StateMachineUpdater.java:lambda$new$0(84)) - 2f9d8c1e-934d-4d04-b20a-ee991adbbfce@group-83A883EAE087-StateMachineUpdater: snapshotIndex: updateIncreasingly -1 -> 4
2019-11-13 20:09:08,428 [2f9d8c1e-934d-4d04-b20a-ee991adbbfce@group-83A883EAE087-StateMachineUpdater] INFO  ratis.ContainerStateMachine (ContainerStateMachine.java:takeSnapshot(285)) - group-83A883EAE087: Taking a snapshot at:(t:1, i:4) file /workdir/hadoop-ozone/integration-test/target/test-dir/MiniOzoneClusterImpl-89214370-af8c-46c8-b403-f68b2ae7a3e8/datanode-4/data/ratis/70665370-c894-4f18-9c48-83a883eae087/sm/snapshot.1_4
2019-11-13 20:09:08,429 [main] INFO  ozoneimpl.OzoneContainer (OzoneContainer.java:stop(244)) - Attempting to stop container services.
2019-11-13 20:09:08,430 [main] INFO  impl.RaftServerProxy (RaftServerProxy.java:lambda$close$4(314)) - 2be136fa-895c-4486-93c9-d92ffb9d7f91: close
2019-11-13 20:09:08,430 [main] INFO  impl.RaftServerImpl (RaftServerImpl.java:lambda$shutdown$3(250)) - 2be136fa-895c-4486-93c9-d92ffb9d7f91@group-6CE2857180B3: shutdown
2019-11-13 20:09:08,430 [main] INFO  util.JmxRegister (JmxRegister.java:unregister(73)) - Successfully un-registered JMX Bean with object name Ratis:service=RaftServer,group=group-6CE2857180B3,id=2be136fa-895c-4486-93c9-d92ffb9d7f91
2019-11-13 20:09:08,431 [main] INFO  impl.RoleInfo (RoleInfo.java:shutdownLeaderState(104)) - 2be136fa-895c-4486-93c9-d92ffb9d7f91: shutdown LeaderState
2019-11-13 20:09:08,431 [main] INFO  impl.PendingRequests (PendingRequests.java:sendNotLeaderResponses(206)) - 2be136fa-895c-4486-93c9-d92ffb9d7f91@group-6CE2857180B3-PendingRequests: sendNotLeaderResponses
2019-11-13 20:09:08,431 [main] INFO  impl.StateMachineUpdater (StateMachineUpdater.java:stopAndJoin(136)) - 2be136fa-895c-4486-93c9-d92ffb9d7f91@group-6CE2857180B3-StateMachineUpdater: set stopIndex = 0
2019-11-13 20:09:08,432 [main] INFO  impl.RaftServerImpl (ServerState.java:close(387)) - 2be136fa-895c-4486-93c9-d92ffb9d7f91@group-6CE2857180B3: closes. applyIndex: 0
2019-11-13 20:09:08,432 [2be136fa-895c-4486-93c9-d92ffb9d7f91@group-6CE2857180B3-SegmentedRaftLogWorker] INFO  segmented.SegmentedRaftLogWorker (SegmentedRaftLogWorker.java:run(316)) - 2be136fa-895c-4486-93c9-d92ffb9d7f91@group-6CE2857180B3-SegmentedRaftLogWorker was interrupted, exiting. There are 0 tasks remaining in the queue.
2019-11-13 20:09:08,433 [main] INFO  segmented.SegmentedRaftLogWorker (SegmentedRaftLogWorker.java:close(224)) - 2be136fa-895c-4486-93c9-d92ffb9d7f91@group-6CE2857180B3-SegmentedRaftLogWorker close()
2019-11-13 20:09:08,433 [main] INFO  impl.RaftServerImpl (RaftServerImpl.java:lambda$shutdown$3(250)) - 2be136fa-895c-4486-93c9-d92ffb9d7f91@group-7FA8BB7384C7: shutdown
2019-11-13 20:09:08,433 [main] INFO  util.JmxRegister (JmxRegister.java:unregister(73)) - Successfully un-registered JMX Bean with object name Ratis:service=RaftServer,group=group-7FA8BB7384C7,id=2be136fa-895c-4486-93c9-d92ffb9d7f91
2019-11-13 20:09:08,433 [main] INFO  impl.RoleInfo (RoleInfo.java:shutdownFollowerState(121)) - 2be136fa-895c-4486-93c9-d92ffb9d7f91: shutdown FollowerState
2019-11-13 20:09:08,434 [main] INFO  impl.StateMachineUpdater (StateMachineUpdater.java:stopAndJoin(136)) - 2be136fa-895c-4486-93c9-d92ffb9d7f91@group-7FA8BB7384C7-StateMachineUpdater: set stopIndex = 0
2019-11-13 20:09:08,434 [main] INFO  impl.RaftServerImpl (ServerState.java:close(387)) - 2be136fa-895c-4486-93c9-d92ffb9d7f91@group-7FA8BB7384C7: closes. applyIndex: 0
2019-11-13 20:09:08,434 [Thread-4797] INFO  impl.FollowerState (FollowerState.java:run(120)) - 2be136fa-895c-4486-93c9-d92ffb9d7f91@group-7FA8BB7384C7-FollowerState was interrupted: java.lang.InterruptedException: sleep interrupted
2019-11-13 20:09:08,434 [2be136fa-895c-4486-93c9-d92ffb9d7f91@group-7FA8BB7384C7-SegmentedRaftLogWorker] INFO  segmented.SegmentedRaftLogWorker (SegmentedRaftLogWorker.java:run(316)) - 2be136fa-895c-4486-93c9-d92ffb9d7f91@group-7FA8BB7384C7-SegmentedRaftLogWorker was interrupted, exiting. There are 0 tasks remaining in the queue.
2019-11-13 20:09:08,434 [main] INFO  segmented.SegmentedRaftLogWorker (SegmentedRaftLogWorker.java:close(224)) - 2be136fa-895c-4486-93c9-d92ffb9d7f91@group-7FA8BB7384C7-SegmentedRaftLogWorker close()
2019-11-13 20:09:08,435 [main] INFO  server.GrpcService (GrpcService.java:closeImpl(164)) - 2be136fa-895c-4486-93c9-d92ffb9d7f91: shutdown server with port 35833 now
2019-11-13 20:09:08,436 [grpc-default-executor-11] WARN  server.GrpcServerProtocolService (LogUtils.java:warn(134)) - 2be136fa-895c-4486-93c9-d92ffb9d7f91: installSnapshot onError, lastRequest: 8446ee0c-69c2-4e02-91d0-278741efb561->2be136fa-895c-4486-93c9-d92ffb9d7f91#46-t3, previous=(t:3, i:0), leaderCommit=0, initializing? false, entries: <empty>: org.apache.ratis.thirdparty.io.grpc.StatusRuntimeException: CANCELLED: cancelled before receiving half close
2019-11-13 20:09:08,436 [main] INFO  server.GrpcService (GrpcService.java:closeImpl(172)) - 2be136fa-895c-4486-93c9-d92ffb9d7f91: shutdown server with port 35833 successfully
2019-11-13 20:09:08,436 [grpc-default-executor-13] WARN  server.GrpcLogAppender (LogUtils.java:warn(134)) - 8446ee0c-69c2-4e02-91d0-278741efb561@group-7FA8BB7384C7->2be136fa-895c-4486-93c9-d92ffb9d7f91-AppendLogResponseHandler: Failed appendEntries: org.apache.ratis.thirdparty.io.grpc.StatusRuntimeException: CANCELLED: HTTP/2 error code: CANCEL
Received Rst Stream
2019-11-13 20:09:08,437 [grpc-default-executor-13] INFO  impl.FollowerInfo (FollowerInfo.java:lambda$new$0(51)) - 8446ee0c-69c2-4e02-91d0-278741efb561@group-7FA8BB7384C7->2be136fa-895c-4486-93c9-d92ffb9d7f91: nextIndex: updateUnconditionally 1 -> 0
2019-11-13 20:09:08,438 [refreshUsed-/workdir/hadoop-ozone/integration-test/target/test-dir/MiniOzoneClusterImpl-89214370-af8c-46c8-b403-f68b2ae7a3e8/datanode-8/data/containers] WARN  fs.CachingGetSpaceUsed (CachingGetSpaceUsed.java:run(183)) - Thread Interrupted waiting to refresh disk information: sleep interrupted
2019-11-13 20:09:08,441 [2f9d8c1e-934d-4d04-b20a-ee991adbbfce@group-83A883EAE087-StateMachineUpdater] INFO  ratis.ContainerStateMachine (ContainerStateMachine.java:takeSnapshot(296)) - group-83A883EAE087: Finished taking a snapshot at:(t:1, i:4) file:/workdir/hadoop-ozone/integration-test/target/test-dir/MiniOzoneClusterImpl-89214370-af8c-46c8-b403-f68b2ae7a3e8/datanode-4/data/ratis/70665370-c894-4f18-9c48-83a883eae087/sm/snapshot.1_4 time:13
2019-11-13 20:09:08,441 [2f9d8c1e-934d-4d04-b20a-ee991adbbfce@group-83A883EAE087-StateMachineUpdater] INFO  impl.StateMachineUpdater (StateMachineUpdater.java:takeSnapshot(269)) - 2f9d8c1e-934d-4d04-b20a-ee991adbbfce@group-83A883EAE087-StateMachineUpdater: Took a snapshot at index 4
2019-11-13 20:09:08,441 [2f9d8c1e-934d-4d04-b20a-ee991adbbfce@group-83A883EAE087-StateMachineUpdater] INFO  impl.StateMachineUpdater (StateMachineUpdater.java:lambda$new$0(84)) - 2f9d8c1e-934d-4d04-b20a-ee991adbbfce@group-83A883EAE087-StateMachineUpdater: snapshotIndex: updateIncreasingly 4 -> 4
2019-11-13 20:09:08,442 [ForkJoinPool.commonPool-worker-0] INFO  impl.RaftServerImpl (ServerState.java:close(387)) - 2f9d8c1e-934d-4d04-b20a-ee991adbbfce@group-83A883EAE087: closes. applyIndex: 6
2019-11-13 20:09:08,442 [2f9d8c1e-934d-4d04-b20a-ee991adbbfce@group-83A883EAE087-SegmentedRaftLogWorker] INFO  segmented.SegmentedRaftLogWorker (SegmentedRaftLogWorker.java:run(316)) - 2f9d8c1e-934d-4d04-b20a-ee991adbbfce@group-83A883EAE087-SegmentedRaftLogWorker was interrupted, exiting. There are 0 tasks remaining in the queue.
2019-11-13 20:09:08,442 [ForkJoinPool.commonPool-worker-0] INFO  segmented.SegmentedRaftLogWorker (SegmentedRaftLogWorker.java:close(224)) - 2f9d8c1e-934d-4d04-b20a-ee991adbbfce@group-83A883EAE087-SegmentedRaftLogWorker close()
2019-11-13 20:09:08,444 [ForkJoinPool.commonPool-worker-0] INFO  impl.RaftServerImpl (RaftServerImpl.java:lambda$shutdown$3(250)) - 2f9d8c1e-934d-4d04-b20a-ee991adbbfce@group-05FA6EDD6E78: shutdown
2019-11-13 20:09:08,444 [ForkJoinPool.commonPool-worker-0] INFO  util.JmxRegister (JmxRegister.java:unregister(73)) - Successfully un-registered JMX Bean with object name Ratis:service=RaftServer,group=group-05FA6EDD6E78,id=2f9d8c1e-934d-4d04-b20a-ee991adbbfce
2019-11-13 20:09:08,444 [ForkJoinPool.commonPool-worker-0] INFO  impl.RoleInfo (RoleInfo.java:shutdownLeaderState(104)) - 2f9d8c1e-934d-4d04-b20a-ee991adbbfce: shutdown LeaderState
2019-11-13 20:09:08,444 [ForkJoinPool.commonPool-worker-0] INFO  impl.PendingRequests (PendingRequests.java:sendNotLeaderResponses(206)) - 2f9d8c1e-934d-4d04-b20a-ee991adbbfce@group-05FA6EDD6E78-PendingRequests: sendNotLeaderResponses
2019-11-13 20:09:08,445 [ForkJoinPool.commonPool-worker-0] INFO  impl.StateMachineUpdater (StateMachineUpdater.java:stopAndJoin(136)) - 2f9d8c1e-934d-4d04-b20a-ee991adbbfce@group-05FA6EDD6E78-StateMachineUpdater: set stopIndex = 0
2019-11-13 20:09:08,445 [ForkJoinPool.commonPool-worker-0] INFO  impl.RaftServerImpl (ServerState.java:close(387)) - 2f9d8c1e-934d-4d04-b20a-ee991adbbfce@group-05FA6EDD6E78: closes. applyIndex: 0
2019-11-13 20:09:08,445 [2f9d8c1e-934d-4d04-b20a-ee991adbbfce@group-05FA6EDD6E78-SegmentedRaftLogWorker] INFO  segmented.SegmentedRaftLogWorker (SegmentedRaftLogWorker.java:run(316)) - 2f9d8c1e-934d-4d04-b20a-ee991adbbfce@group-05FA6EDD6E78-SegmentedRaftLogWorker was interrupted, exiting. There are 0 tasks remaining in the queue.
2019-11-13 20:09:08,445 [ForkJoinPool.commonPool-worker-0] INFO  segmented.SegmentedRaftLogWorker (SegmentedRaftLogWorker.java:close(224)) - 2f9d8c1e-934d-4d04-b20a-ee991adbbfce@group-05FA6EDD6E78-SegmentedRaftLogWorker close()
2019-11-13 20:09:08,446 [ForkJoinPool.commonPool-worker-0] INFO  server.GrpcService (GrpcService.java:closeImpl(164)) - 2f9d8c1e-934d-4d04-b20a-ee991adbbfce: shutdown server with port 42314 now
2019-11-13 20:09:08,446 [ForkJoinPool.commonPool-worker-0] INFO  server.GrpcService (GrpcService.java:closeImpl(172)) - 2f9d8c1e-934d-4d04-b20a-ee991adbbfce: shutdown server with port 42314 successfully
2019-11-13 20:09:08,448 [refreshUsed-/workdir/hadoop-ozone/integration-test/target/test-dir/MiniOzoneClusterImpl-89214370-af8c-46c8-b403-f68b2ae7a3e8/datanode-4/data/containers] WARN  fs.CachingGetSpaceUsed (CachingGetSpaceUsed.java:run(183)) - Thread Interrupted waiting to refresh disk information: sleep interrupted
2019-11-13 20:09:08,458 [main] INFO  utils.BackgroundService (BackgroundService.java:shutdown(151)) - Shutting down service BlockDeletingService
2019-11-13 20:09:08,459 [main] INFO  statemachine.DatanodeStateMachine (DatanodeStateMachine.java:stopDaemon(395)) - Ozone container server stopped.
2019-11-13 20:09:08,461 [main] INFO  handler.ContextHandler (ContextHandler.java:doStop(910)) - Stopped o.e.j.w.WebAppContext@1144a02b{/,null,UNAVAILABLE}{/hddsDatanode}
2019-11-13 20:09:08,461 [ForkJoinPool.commonPool-worker-0] INFO  utils.BackgroundService (BackgroundService.java:shutdown(151)) - Shutting down service BlockDeletingService
2019-11-13 20:09:08,462 [ForkJoinPool.commonPool-worker-0] INFO  statemachine.DatanodeStateMachine (DatanodeStateMachine.java:stopDaemon(395)) - Ozone container server stopped.
2019-11-13 20:09:08,463 [main] INFO  server.AbstractConnector (AbstractConnector.java:doStop(318)) - Stopped ServerConnector@26a4f9ed{HTTP/1.1,[http/1.1]}{0.0.0.0:0}
2019-11-13 20:09:08,463 [ForkJoinPool.commonPool-worker-0] INFO  handler.ContextHandler (ContextHandler.java:doStop(910)) - Stopped o.e.j.w.WebAppContext@5ba1b62e{/,null,UNAVAILABLE}{/hddsDatanode}
2019-11-13 20:09:08,464 [main] INFO  handler.ContextHandler (ContextHandler.java:doStop(910)) - Stopped o.e.j.s.ServletContextHandler@1cde374{/static,jar:file:/home/user/.m2/repository/org/apache/hadoop/hadoop-hdds-container-service/0.5.0-SNAPSHOT/hadoop-hdds-container-service-0.5.0-SNAPSHOT.jar!/webapps/static,UNAVAILABLE}
2019-11-13 20:09:08,464 [ForkJoinPool.commonPool-worker-0] INFO  server.AbstractConnector (AbstractConnector.java:doStop(318)) - Stopped ServerConnector@65bd19bf{HTTP/1.1,[http/1.1]}{0.0.0.0:0}
2019-11-13 20:09:08,464 [main] INFO  handler.ContextHandler (ContextHandler.java:doStop(910)) - Stopped o.e.j.s.ServletContextHandler@5a47730c{/logs,file:///workdir/hadoop-ozone/integration-test/target/log,UNAVAILABLE}
2019-11-13 20:09:08,465 [ForkJoinPool.commonPool-worker-0] INFO  handler.ContextHandler (ContextHandler.java:doStop(910)) - Stopped o.e.j.s.ServletContextHandler@42d9e8d2{/static,jar:file:/home/user/.m2/repository/org/apache/hadoop/hadoop-hdds-container-service/0.5.0-SNAPSHOT/hadoop-hdds-container-service-0.5.0-SNAPSHOT.jar!/webapps/static,UNAVAILABLE}
2019-11-13 20:09:08,466 [ForkJoinPool.commonPool-worker-0] INFO  handler.ContextHandler (ContextHandler.java:doStop(910)) - Stopped o.e.j.s.ServletContextHandler@3404e5c4{/logs,file:///workdir/hadoop-ozone/integration-test/target/log,UNAVAILABLE}
2019-11-13 20:09:08,604 [Datanode State Machine Thread - 0] INFO  statemachine.DatanodeStateMachine (DatanodeStateMachine.java:lambda$startDaemon$0(350)) - Ozone container server started.
2019-11-13 20:09:08,688 [grpc-default-executor-16] WARN  server.GrpcLogAppender (LogUtils.java:warn(134)) - 7ba2007b-7453-4993-98f1-4fc841af859b@group-7A5735C625A6->63348c40-6caf-45cd-85ad-36e15dedc157-AppendLogResponseHandler: Failed appendEntries: org.apache.ratis.thirdparty.io.grpc.StatusRuntimeException: UNAVAILABLE: io exception
2019-11-13 20:09:08,689 [grpc-default-executor-16] INFO  impl.FollowerInfo (FollowerInfo.java:lambda$new$0(51)) - 7ba2007b-7453-4993-98f1-4fc841af859b@group-7A5735C625A6->63348c40-6caf-45cd-85ad-36e15dedc157: nextIndex: updateUnconditionally 0 -> 0
2019-11-13 20:09:08,823 [grpc-default-executor-11] WARN  server.GrpcLogAppender (LogUtils.java:warn(134)) - 8446ee0c-69c2-4e02-91d0-278741efb561@group-7FA8BB7384C7->167876bd-92c4-4c51-979b-51b12cb252bf-AppendLogResponseHandler: Failed appendEntries: org.apache.ratis.thirdparty.io.grpc.StatusRuntimeException: UNAVAILABLE: io exception
2019-11-13 20:09:08,823 [grpc-default-executor-11] INFO  impl.FollowerInfo (FollowerInfo.java:lambda$new$0(51)) - 8446ee0c-69c2-4e02-91d0-278741efb561@group-7FA8BB7384C7->167876bd-92c4-4c51-979b-51b12cb252bf: nextIndex: updateUnconditionally 0 -> 0
2019-11-13 20:09:08,830 [grpc-default-executor-13] WARN  server.GrpcLogAppender (LogUtils.java:warn(134)) - 8446ee0c-69c2-4e02-91d0-278741efb561@group-7FA8BB7384C7->2be136fa-895c-4486-93c9-d92ffb9d7f91-AppendLogResponseHandler: Failed appendEntries: org.apache.ratis.thirdparty.io.grpc.StatusRuntimeException: UNAVAILABLE: io exception
2019-11-13 20:09:08,830 [grpc-default-executor-13] INFO  impl.FollowerInfo (FollowerInfo.java:lambda$new$0(51)) - 8446ee0c-69c2-4e02-91d0-278741efb561@group-7FA8BB7384C7->2be136fa-895c-4486-93c9-d92ffb9d7f91: nextIndex: updateUnconditionally 0 -> 0
2019-11-13 20:09:09,027 [Datanode State Machine Thread - 0] INFO  statemachine.DatanodeStateMachine (DatanodeStateMachine.java:lambda$startDaemon$0(350)) - Ozone container server started.
2019-11-13 20:09:09,189 [grpc-default-executor-16] WARN  server.GrpcLogAppender (LogUtils.java:warn(134)) - 7ba2007b-7453-4993-98f1-4fc841af859b@group-7A5735C625A6->63348c40-6caf-45cd-85ad-36e15dedc157-AppendLogResponseHandler: Failed appendEntries: org.apache.ratis.thirdparty.io.grpc.StatusRuntimeException: UNAVAILABLE: io exception
2019-11-13 20:09:09,189 [grpc-default-executor-16] INFO  impl.FollowerInfo (FollowerInfo.java:lambda$new$0(51)) - 7ba2007b-7453-4993-98f1-4fc841af859b@group-7A5735C625A6->63348c40-6caf-45cd-85ad-36e15dedc157: nextIndex: updateUnconditionally 0 -> 0
2019-11-13 20:09:09,323 [grpc-default-executor-11] WARN  server.GrpcLogAppender (LogUtils.java:warn(134)) - 8446ee0c-69c2-4e02-91d0-278741efb561@group-7FA8BB7384C7->167876bd-92c4-4c51-979b-51b12cb252bf-AppendLogResponseHandler: Failed appendEntries: org.apache.ratis.thirdparty.io.grpc.StatusRuntimeException: UNAVAILABLE: io exception
2019-11-13 20:09:09,324 [grpc-default-executor-11] INFO  impl.FollowerInfo (FollowerInfo.java:lambda$new$0(51)) - 8446ee0c-69c2-4e02-91d0-278741efb561@group-7FA8BB7384C7->167876bd-92c4-4c51-979b-51b12cb252bf: nextIndex: updateUnconditionally 0 -> 0
2019-11-13 20:09:09,330 [grpc-default-executor-13] WARN  server.GrpcLogAppender (LogUtils.java:warn(134)) - 8446ee0c-69c2-4e02-91d0-278741efb561@group-7FA8BB7384C7->2be136fa-895c-4486-93c9-d92ffb9d7f91-AppendLogResponseHandler: Failed appendEntries: org.apache.ratis.thirdparty.io.grpc.StatusRuntimeException: UNAVAILABLE: io exception
2019-11-13 20:09:09,330 [grpc-default-executor-13] INFO  impl.FollowerInfo (FollowerInfo.java:lambda$new$0(51)) - 8446ee0c-69c2-4e02-91d0-278741efb561@group-7FA8BB7384C7->2be136fa-895c-4486-93c9-d92ffb9d7f91: nextIndex: updateUnconditionally 0 -> 0
2019-11-13 20:09:09,690 [grpc-default-executor-11] WARN  server.GrpcLogAppender (LogUtils.java:warn(134)) - 7ba2007b-7453-4993-98f1-4fc841af859b@group-7A5735C625A6->63348c40-6caf-45cd-85ad-36e15dedc157-AppendLogResponseHandler: Failed appendEntries: org.apache.ratis.thirdparty.io.grpc.StatusRuntimeException: UNAVAILABLE: io exception
2019-11-13 20:09:09,690 [grpc-default-executor-11] INFO  impl.FollowerInfo (FollowerInfo.java:lambda$new$0(51)) - 7ba2007b-7453-4993-98f1-4fc841af859b@group-7A5735C625A6->63348c40-6caf-45cd-85ad-36e15dedc157: nextIndex: updateUnconditionally 0 -> 0
2019-11-13 20:09:09,824 [grpc-default-executor-11] WARN  server.GrpcLogAppender (LogUtils.java:warn(134)) - 8446ee0c-69c2-4e02-91d0-278741efb561@group-7FA8BB7384C7->167876bd-92c4-4c51-979b-51b12cb252bf-AppendLogResponseHandler: Failed appendEntries: org.apache.ratis.thirdparty.io.grpc.StatusRuntimeException: UNAVAILABLE: io exception
2019-11-13 20:09:09,824 [grpc-default-executor-11] INFO  impl.FollowerInfo (FollowerInfo.java:lambda$new$0(51)) - 8446ee0c-69c2-4e02-91d0-278741efb561@group-7FA8BB7384C7->167876bd-92c4-4c51-979b-51b12cb252bf: nextIndex: updateUnconditionally 0 -> 0
2019-11-13 20:09:09,830 [grpc-default-executor-16] WARN  server.GrpcLogAppender (LogUtils.java:warn(134)) - 8446ee0c-69c2-4e02-91d0-278741efb561@group-7FA8BB7384C7->2be136fa-895c-4486-93c9-d92ffb9d7f91-AppendLogResponseHandler: Failed appendEntries: org.apache.ratis.thirdparty.io.grpc.StatusRuntimeException: UNAVAILABLE: io exception
2019-11-13 20:09:09,830 [grpc-default-executor-16] INFO  impl.FollowerInfo (FollowerInfo.java:lambda$new$0(51)) - 8446ee0c-69c2-4e02-91d0-278741efb561@group-7FA8BB7384C7->2be136fa-895c-4486-93c9-d92ffb9d7f91: nextIndex: updateUnconditionally 0 -> 0
2019-11-13 20:09:10,190 [grpc-default-executor-13] WARN  server.GrpcLogAppender (LogUtils.java:warn(134)) - 7ba2007b-7453-4993-98f1-4fc841af859b@group-7A5735C625A6->63348c40-6caf-45cd-85ad-36e15dedc157-AppendLogResponseHandler: Failed appendEntries: org.apache.ratis.thirdparty.io.grpc.StatusRuntimeException: UNAVAILABLE: io exception
2019-11-13 20:09:10,191 [grpc-default-executor-13] INFO  impl.FollowerInfo (FollowerInfo.java:lambda$new$0(51)) - 7ba2007b-7453-4993-98f1-4fc841af859b@group-7A5735C625A6->63348c40-6caf-45cd-85ad-36e15dedc157: nextIndex: updateUnconditionally 0 -> 0
2019-11-13 20:09:10,324 [grpc-default-executor-11] WARN  server.GrpcLogAppender (LogUtils.java:warn(134)) - 8446ee0c-69c2-4e02-91d0-278741efb561@group-7FA8BB7384C7->167876bd-92c4-4c51-979b-51b12cb252bf-AppendLogResponseHandler: Failed appendEntries: org.apache.ratis.thirdparty.io.grpc.StatusRuntimeException: UNAVAILABLE: io exception
2019-11-13 20:09:10,325 [grpc-default-executor-11] INFO  impl.FollowerInfo (FollowerInfo.java:lambda$new$0(51)) - 8446ee0c-69c2-4e02-91d0-278741efb561@group-7FA8BB7384C7->167876bd-92c4-4c51-979b-51b12cb252bf: nextIndex: updateUnconditionally 0 -> 0
2019-11-13 20:09:10,330 [grpc-default-executor-16] WARN  server.GrpcLogAppender (LogUtils.java:warn(134)) - 8446ee0c-69c2-4e02-91d0-278741efb561@group-7FA8BB7384C7->2be136fa-895c-4486-93c9-d92ffb9d7f91-AppendLogResponseHandler: Failed appendEntries: org.apache.ratis.thirdparty.io.grpc.StatusRuntimeException: UNAVAILABLE: io exception
2019-11-13 20:09:10,331 [grpc-default-executor-16] INFO  impl.FollowerInfo (FollowerInfo.java:lambda$new$0(51)) - 8446ee0c-69c2-4e02-91d0-278741efb561@group-7FA8BB7384C7->2be136fa-895c-4486-93c9-d92ffb9d7f91: nextIndex: updateUnconditionally 0 -> 0
2019-11-13 20:09:10,691 [grpc-default-executor-13] WARN  server.GrpcLogAppender (LogUtils.java:warn(134)) - 7ba2007b-7453-4993-98f1-4fc841af859b@group-7A5735C625A6->63348c40-6caf-45cd-85ad-36e15dedc157-AppendLogResponseHandler: Failed appendEntries: org.apache.ratis.thirdparty.io.grpc.StatusRuntimeException: UNAVAILABLE: io exception
2019-11-13 20:09:10,691 [grpc-default-executor-13] INFO  impl.FollowerInfo (FollowerInfo.java:lambda$new$0(51)) - 7ba2007b-7453-4993-98f1-4fc841af859b@group-7A5735C625A6->63348c40-6caf-45cd-85ad-36e15dedc157: nextIndex: updateUnconditionally 0 -> 0
2019-11-13 20:09:10,825 [grpc-default-executor-11] WARN  server.GrpcLogAppender (LogUtils.java:warn(134)) - 8446ee0c-69c2-4e02-91d0-278741efb561@group-7FA8BB7384C7->167876bd-92c4-4c51-979b-51b12cb252bf-AppendLogResponseHandler: Failed appendEntries: org.apache.ratis.thirdparty.io.grpc.StatusRuntimeException: UNAVAILABLE: io exception
2019-11-13 20:09:10,825 [grpc-default-executor-11] INFO  impl.FollowerInfo (FollowerInfo.java:lambda$new$0(51)) - 8446ee0c-69c2-4e02-91d0-278741efb561@group-7FA8BB7384C7->167876bd-92c4-4c51-979b-51b12cb252bf: nextIndex: updateUnconditionally 0 -> 0
2019-11-13 20:09:10,831 [grpc-default-executor-11] WARN  server.GrpcLogAppender (LogUtils.java:warn(134)) - 8446ee0c-69c2-4e02-91d0-278741efb561@group-7FA8BB7384C7->2be136fa-895c-4486-93c9-d92ffb9d7f91-AppendLogResponseHandler: Failed appendEntries: org.apache.ratis.thirdparty.io.grpc.StatusRuntimeException: UNAVAILABLE: io exception
2019-11-13 20:09:10,831 [grpc-default-executor-11] INFO  impl.FollowerInfo (FollowerInfo.java:lambda$new$0(51)) - 8446ee0c-69c2-4e02-91d0-278741efb561@group-7FA8BB7384C7->2be136fa-895c-4486-93c9-d92ffb9d7f91: nextIndex: updateUnconditionally 0 -> 0
2019-11-13 20:09:11,191 [grpc-default-executor-13] WARN  server.GrpcLogAppender (LogUtils.java:warn(134)) - 7ba2007b-7453-4993-98f1-4fc841af859b@group-7A5735C625A6->63348c40-6caf-45cd-85ad-36e15dedc157-AppendLogResponseHandler: Failed appendEntries: org.apache.ratis.thirdparty.io.grpc.StatusRuntimeException: UNAVAILABLE: io exception
2019-11-13 20:09:11,192 [grpc-default-executor-13] INFO  impl.FollowerInfo (FollowerInfo.java:lambda$new$0(51)) - 7ba2007b-7453-4993-98f1-4fc841af859b@group-7A5735C625A6->63348c40-6caf-45cd-85ad-36e15dedc157: nextIndex: updateUnconditionally 0 -> 0
2019-11-13 20:09:11,325 [grpc-default-executor-11] WARN  server.GrpcLogAppender (LogUtils.java:warn(134)) - 8446ee0c-69c2-4e02-91d0-278741efb561@group-7FA8BB7384C7->167876bd-92c4-4c51-979b-51b12cb252bf-AppendLogResponseHandler: Failed appendEntries: org.apache.ratis.thirdparty.io.grpc.StatusRuntimeException: UNAVAILABLE: io exception
2019-11-13 20:09:11,326 [grpc-default-executor-11] INFO  impl.FollowerInfo (FollowerInfo.java:lambda$new$0(51)) - 8446ee0c-69c2-4e02-91d0-278741efb561@group-7FA8BB7384C7->167876bd-92c4-4c51-979b-51b12cb252bf: nextIndex: updateUnconditionally 0 -> 0
2019-11-13 20:09:11,331 [grpc-default-executor-16] WARN  server.GrpcLogAppender (LogUtils.java:warn(134)) - 8446ee0c-69c2-4e02-91d0-278741efb561@group-7FA8BB7384C7->2be136fa-895c-4486-93c9-d92ffb9d7f91-AppendLogResponseHandler: Failed appendEntries: org.apache.ratis.thirdparty.io.grpc.StatusRuntimeException: UNAVAILABLE: io exception
2019-11-13 20:09:11,331 [grpc-default-executor-16] INFO  impl.FollowerInfo (FollowerInfo.java:lambda$new$0(51)) - 8446ee0c-69c2-4e02-91d0-278741efb561@group-7FA8BB7384C7->2be136fa-895c-4486-93c9-d92ffb9d7f91: nextIndex: updateUnconditionally 0 -> 0
2019-11-13 20:09:11,692 [grpc-default-executor-13] WARN  server.GrpcLogAppender (LogUtils.java:warn(134)) - 7ba2007b-7453-4993-98f1-4fc841af859b@group-7A5735C625A6->63348c40-6caf-45cd-85ad-36e15dedc157-AppendLogResponseHandler: Failed appendEntries: org.apache.ratis.thirdparty.io.grpc.StatusRuntimeException: UNAVAILABLE: io exception
2019-11-13 20:09:11,692 [grpc-default-executor-13] INFO  impl.FollowerInfo (FollowerInfo.java:lambda$new$0(51)) - 7ba2007b-7453-4993-98f1-4fc841af859b@group-7A5735C625A6->63348c40-6caf-45cd-85ad-36e15dedc157: nextIndex: updateUnconditionally 0 -> 0
2019-11-13 20:09:11,826 [grpc-default-executor-13] WARN  server.GrpcLogAppender (LogUtils.java:warn(134)) - 8446ee0c-69c2-4e02-91d0-278741efb561@group-7FA8BB7384C7->167876bd-92c4-4c51-979b-51b12cb252bf-AppendLogResponseHandler: Failed appendEntries: org.apache.ratis.thirdparty.io.grpc.StatusRuntimeException: UNAVAILABLE: io exception
2019-11-13 20:09:11,826 [grpc-default-executor-13] INFO  impl.FollowerInfo (FollowerInfo.java:lambda$new$0(51)) - 8446ee0c-69c2-4e02-91d0-278741efb561@group-7FA8BB7384C7->167876bd-92c4-4c51-979b-51b12cb252bf: nextIndex: updateUnconditionally 0 -> 0
2019-11-13 20:09:11,831 [grpc-default-executor-13] WARN  server.GrpcLogAppender (LogUtils.java:warn(134)) - 8446ee0c-69c2-4e02-91d0-278741efb561@group-7FA8BB7384C7->2be136fa-895c-4486-93c9-d92ffb9d7f91-AppendLogResponseHandler: Failed appendEntries: org.apache.ratis.thirdparty.io.grpc.StatusRuntimeException: UNAVAILABLE: io exception
2019-11-13 20:09:11,831 [grpc-default-executor-13] INFO  impl.FollowerInfo (FollowerInfo.java:lambda$new$0(51)) - 8446ee0c-69c2-4e02-91d0-278741efb561@group-7FA8BB7384C7->2be136fa-895c-4486-93c9-d92ffb9d7f91: nextIndex: updateUnconditionally 0 -> 0
2019-11-13 20:09:12,192 [grpc-default-executor-11] WARN  server.GrpcLogAppender (LogUtils.java:warn(134)) - 7ba2007b-7453-4993-98f1-4fc841af859b@group-7A5735C625A6->63348c40-6caf-45cd-85ad-36e15dedc157-AppendLogResponseHandler: Failed appendEntries: org.apache.ratis.thirdparty.io.grpc.StatusRuntimeException: UNAVAILABLE: io exception
2019-11-13 20:09:12,193 [grpc-default-executor-11] INFO  impl.FollowerInfo (FollowerInfo.java:lambda$new$0(51)) - 7ba2007b-7453-4993-98f1-4fc841af859b@group-7A5735C625A6->63348c40-6caf-45cd-85ad-36e15dedc157: nextIndex: updateUnconditionally 0 -> 0
2019-11-13 20:09:12,326 [grpc-default-executor-13] WARN  server.GrpcLogAppender (LogUtils.java:warn(134)) - 8446ee0c-69c2-4e02-91d0-278741efb561@group-7FA8BB7384C7->167876bd-92c4-4c51-979b-51b12cb252bf-AppendLogResponseHandler: Failed appendEntries: org.apache.ratis.thirdparty.io.grpc.StatusRuntimeException: UNAVAILABLE: io exception
2019-11-13 20:09:12,326 [grpc-default-executor-13] INFO  impl.FollowerInfo (FollowerInfo.java:lambda$new$0(51)) - 8446ee0c-69c2-4e02-91d0-278741efb561@group-7FA8BB7384C7->167876bd-92c4-4c51-979b-51b12cb252bf: nextIndex: updateUnconditionally 0 -> 0
2019-11-13 20:09:12,331 [grpc-default-executor-11] WARN  server.GrpcLogAppender (LogUtils.java:warn(134)) - 8446ee0c-69c2-4e02-91d0-278741efb561@group-7FA8BB7384C7->2be136fa-895c-4486-93c9-d92ffb9d7f91-AppendLogResponseHandler: Failed appendEntries: org.apache.ratis.thirdparty.io.grpc.StatusRuntimeException: UNAVAILABLE: io exception
2019-11-13 20:09:12,332 [grpc-default-executor-11] INFO  impl.FollowerInfo (FollowerInfo.java:lambda$new$0(51)) - 8446ee0c-69c2-4e02-91d0-278741efb561@group-7FA8BB7384C7->2be136fa-895c-4486-93c9-d92ffb9d7f91: nextIndex: updateUnconditionally 0 -> 0
2019-11-13 20:09:12,693 [grpc-default-executor-16] WARN  server.GrpcLogAppender (LogUtils.java:warn(134)) - 7ba2007b-7453-4993-98f1-4fc841af859b@group-7A5735C625A6->63348c40-6caf-45cd-85ad-36e15dedc157-AppendLogResponseHandler: Failed appendEntries: org.apache.ratis.thirdparty.io.grpc.StatusRuntimeException: UNAVAILABLE: io exception
2019-11-13 20:09:12,693 [grpc-default-executor-16] INFO  impl.FollowerInfo (FollowerInfo.java:lambda$new$0(51)) - 7ba2007b-7453-4993-98f1-4fc841af859b@group-7A5735C625A6->63348c40-6caf-45cd-85ad-36e15dedc157: nextIndex: updateUnconditionally 0 -> 0
2019-11-13 20:09:12,827 [grpc-default-executor-11] WARN  server.GrpcLogAppender (LogUtils.java:warn(134)) - 8446ee0c-69c2-4e02-91d0-278741efb561@group-7FA8BB7384C7->167876bd-92c4-4c51-979b-51b12cb252bf-AppendLogResponseHandler: Failed appendEntries: org.apache.ratis.thirdparty.io.grpc.StatusRuntimeException: UNAVAILABLE: io exception
2019-11-13 20:09:12,827 [grpc-default-executor-11] INFO  impl.FollowerInfo (FollowerInfo.java:lambda$new$0(51)) - 8446ee0c-69c2-4e02-91d0-278741efb561@group-7FA8BB7384C7->167876bd-92c4-4c51-979b-51b12cb252bf: nextIndex: updateUnconditionally 0 -> 0
2019-11-13 20:09:12,832 [grpc-default-executor-13] WARN  server.GrpcLogAppender (LogUtils.java:warn(134)) - 8446ee0c-69c2-4e02-91d0-278741efb561@group-7FA8BB7384C7->2be136fa-895c-4486-93c9-d92ffb9d7f91-AppendLogResponseHandler: Failed appendEntries: org.apache.ratis.thirdparty.io.grpc.StatusRuntimeException: UNAVAILABLE: io exception
2019-11-13 20:09:12,832 [grpc-default-executor-13] INFO  impl.FollowerInfo (FollowerInfo.java:lambda$new$0(51)) - 8446ee0c-69c2-4e02-91d0-278741efb561@group-7FA8BB7384C7->2be136fa-895c-4486-93c9-d92ffb9d7f91: nextIndex: updateUnconditionally 0 -> 0
2019-11-13 20:09:13,194 [grpc-default-executor-16] WARN  server.GrpcLogAppender (LogUtils.java:warn(134)) - 7ba2007b-7453-4993-98f1-4fc841af859b@group-7A5735C625A6->63348c40-6caf-45cd-85ad-36e15dedc157-AppendLogResponseHandler: Failed appendEntries: org.apache.ratis.thirdparty.io.grpc.StatusRuntimeException: UNAVAILABLE: io exception
2019-11-13 20:09:13,194 [grpc-default-executor-16] INFO  impl.FollowerInfo (FollowerInfo.java:lambda$new$0(51)) - 7ba2007b-7453-4993-98f1-4fc841af859b@group-7A5735C625A6->63348c40-6caf-45cd-85ad-36e15dedc157: nextIndex: updateUnconditionally 0 -> 0
2019-11-13 20:09:13,327 [grpc-default-executor-11] WARN  server.GrpcLogAppender (LogUtils.java:warn(134)) - 8446ee0c-69c2-4e02-91d0-278741efb561@group-7FA8BB7384C7->167876bd-92c4-4c51-979b-51b12cb252bf-AppendLogResponseHandler: Failed appendEntries: org.apache.ratis.thirdparty.io.grpc.StatusRuntimeException: UNAVAILABLE: io exception
2019-11-13 20:09:13,328 [grpc-default-executor-11] INFO  impl.FollowerInfo (FollowerInfo.java:lambda$new$0(51)) - 8446ee0c-69c2-4e02-91d0-278741efb561@group-7FA8BB7384C7->167876bd-92c4-4c51-979b-51b12cb252bf: nextIndex: updateUnconditionally 0 -> 0
2019-11-13 20:09:13,332 [grpc-default-executor-16] WARN  server.GrpcLogAppender (LogUtils.java:warn(134)) - 8446ee0c-69c2-4e02-91d0-278741efb561@group-7FA8BB7384C7->2be136fa-895c-4486-93c9-d92ffb9d7f91-AppendLogResponseHandler: Failed appendEntries: org.apache.ratis.thirdparty.io.grpc.StatusRuntimeException: UNAVAILABLE: io exception
2019-11-13 20:09:13,333 [grpc-default-executor-16] INFO  impl.FollowerInfo (FollowerInfo.java:lambda$new$0(51)) - 8446ee0c-69c2-4e02-91d0-278741efb561@group-7FA8BB7384C7->2be136fa-895c-4486-93c9-d92ffb9d7f91: nextIndex: updateUnconditionally 0 -> 0
2019-11-13 20:09:13,467 [main] INFO  ozoneimpl.OzoneContainer (OzoneContainer.java:stop(244)) - Attempting to stop container services.
2019-11-13 20:09:13,467 [ForkJoinPool.commonPool-worker-0] INFO  ozoneimpl.OzoneContainer (OzoneContainer.java:stop(244)) - Attempting to stop container services.
2019-11-13 20:09:13,468 [main] INFO  impl.RaftServerProxy (RaftServerProxy.java:lambda$close$4(314)) - 7ba2007b-7453-4993-98f1-4fc841af859b: close
2019-11-13 20:09:13,468 [ForkJoinPool.commonPool-worker-0] INFO  impl.RaftServerProxy (RaftServerProxy.java:lambda$close$4(314)) - d9031576-438e-4c71-bddc-2fb75a9376b9: close
2019-11-13 20:09:13,468 [main] INFO  impl.RaftServerImpl (RaftServerImpl.java:lambda$shutdown$3(250)) - 7ba2007b-7453-4993-98f1-4fc841af859b@group-97BB80F3E221: shutdown
2019-11-13 20:09:13,468 [ForkJoinPool.commonPool-worker-0] INFO  impl.RaftServerImpl (RaftServerImpl.java:lambda$shutdown$3(250)) - d9031576-438e-4c71-bddc-2fb75a9376b9@group-BD8D899F1765: shutdown
2019-11-13 20:09:13,469 [main] INFO  util.JmxRegister (JmxRegister.java:unregister(73)) - Successfully un-registered JMX Bean with object name Ratis:service=RaftServer,group=group-97BB80F3E221,id=7ba2007b-7453-4993-98f1-4fc841af859b
2019-11-13 20:09:13,469 [ForkJoinPool.commonPool-worker-0] INFO  util.JmxRegister (JmxRegister.java:unregister(73)) - Successfully un-registered JMX Bean with object name Ratis:service=RaftServer,group=group-BD8D899F1765,id=d9031576-438e-4c71-bddc-2fb75a9376b9
2019-11-13 20:09:13,469 [main] INFO  impl.RoleInfo (RoleInfo.java:shutdownLeaderState(104)) - 7ba2007b-7453-4993-98f1-4fc841af859b: shutdown LeaderState
2019-11-13 20:09:13,469 [ForkJoinPool.commonPool-worker-0] INFO  impl.RoleInfo (RoleInfo.java:shutdownLeaderState(104)) - d9031576-438e-4c71-bddc-2fb75a9376b9: shutdown LeaderState
2019-11-13 20:09:13,469 [main] INFO  impl.PendingRequests (PendingRequests.java:sendNotLeaderResponses(206)) - 7ba2007b-7453-4993-98f1-4fc841af859b@group-97BB80F3E221-PendingRequests: sendNotLeaderResponses
2019-11-13 20:09:13,469 [ForkJoinPool.commonPool-worker-0] INFO  impl.PendingRequests (PendingRequests.java:sendNotLeaderResponses(206)) - d9031576-438e-4c71-bddc-2fb75a9376b9@group-BD8D899F1765-PendingRequests: sendNotLeaderResponses
2019-11-13 20:09:13,470 [main] INFO  impl.StateMachineUpdater (StateMachineUpdater.java:stopAndJoin(136)) - 7ba2007b-7453-4993-98f1-4fc841af859b@group-97BB80F3E221-StateMachineUpdater: set stopIndex = 0
2019-11-13 20:09:13,470 [ForkJoinPool.commonPool-worker-0] INFO  impl.StateMachineUpdater (StateMachineUpdater.java:stopAndJoin(136)) - d9031576-438e-4c71-bddc-2fb75a9376b9@group-BD8D899F1765-StateMachineUpdater: set stopIndex = 0
2019-11-13 20:09:13,470 [main] INFO  impl.RaftServerImpl (ServerState.java:close(387)) - 7ba2007b-7453-4993-98f1-4fc841af859b@group-97BB80F3E221: closes. applyIndex: 0
2019-11-13 20:09:13,470 [ForkJoinPool.commonPool-worker-0] INFO  impl.RaftServerImpl (ServerState.java:close(387)) - d9031576-438e-4c71-bddc-2fb75a9376b9@group-BD8D899F1765: closes. applyIndex: 0
2019-11-13 20:09:13,471 [7ba2007b-7453-4993-98f1-4fc841af859b@group-97BB80F3E221-SegmentedRaftLogWorker] INFO  segmented.SegmentedRaftLogWorker (SegmentedRaftLogWorker.java:run(316)) - 7ba2007b-7453-4993-98f1-4fc841af859b@group-97BB80F3E221-SegmentedRaftLogWorker was interrupted, exiting. There are 0 tasks remaining in the queue.
2019-11-13 20:09:13,471 [d9031576-438e-4c71-bddc-2fb75a9376b9@group-BD8D899F1765-SegmentedRaftLogWorker] INFO  segmented.SegmentedRaftLogWorker (SegmentedRaftLogWorker.java:run(316)) - d9031576-438e-4c71-bddc-2fb75a9376b9@group-BD8D899F1765-SegmentedRaftLogWorker was interrupted, exiting. There are 0 tasks remaining in the queue.
2019-11-13 20:09:13,471 [main] INFO  segmented.SegmentedRaftLogWorker (SegmentedRaftLogWorker.java:close(224)) - 7ba2007b-7453-4993-98f1-4fc841af859b@group-97BB80F3E221-SegmentedRaftLogWorker close()
2019-11-13 20:09:13,471 [ForkJoinPool.commonPool-worker-0] INFO  segmented.SegmentedRaftLogWorker (SegmentedRaftLogWorker.java:close(224)) - d9031576-438e-4c71-bddc-2fb75a9376b9@group-BD8D899F1765-SegmentedRaftLogWorker close()
2019-11-13 20:09:13,477 [main] INFO  impl.RaftServerImpl (RaftServerImpl.java:lambda$shutdown$3(250)) - 7ba2007b-7453-4993-98f1-4fc841af859b@group-7A5735C625A6: shutdown
2019-11-13 20:09:13,478 [ForkJoinPool.commonPool-worker-0] INFO  impl.RaftServerImpl (RaftServerImpl.java:lambda$shutdown$3(250)) - d9031576-438e-4c71-bddc-2fb75a9376b9@group-7A5735C625A6: shutdown
2019-11-13 20:09:13,478 [main] INFO  util.JmxRegister (JmxRegister.java:unregister(73)) - Successfully un-registered JMX Bean with object name Ratis:service=RaftServer,group=group-7A5735C625A6,id=7ba2007b-7453-4993-98f1-4fc841af859b
2019-11-13 20:09:13,478 [ForkJoinPool.commonPool-worker-0] INFO  util.JmxRegister (JmxRegister.java:unregister(73)) - Successfully un-registered JMX Bean with object name Ratis:service=RaftServer,group=group-7A5735C625A6,id=d9031576-438e-4c71-bddc-2fb75a9376b9
2019-11-13 20:09:13,478 [main] INFO  impl.RoleInfo (RoleInfo.java:shutdownLeaderState(104)) - 7ba2007b-7453-4993-98f1-4fc841af859b: shutdown LeaderState
2019-11-13 20:09:13,479 [ForkJoinPool.commonPool-worker-0] INFO  impl.RoleInfo (RoleInfo.java:shutdownFollowerState(121)) - d9031576-438e-4c71-bddc-2fb75a9376b9: shutdown FollowerState
2019-11-13 20:09:13,480 [main] INFO  impl.PendingRequests (PendingRequests.java:sendNotLeaderResponses(206)) - 7ba2007b-7453-4993-98f1-4fc841af859b@group-7A5735C625A6-PendingRequests: sendNotLeaderResponses
2019-11-13 20:09:13,480 [Thread-4963] INFO  impl.FollowerState (FollowerState.java:run(120)) - d9031576-438e-4c71-bddc-2fb75a9376b9@group-7A5735C625A6-FollowerState was interrupted: java.lang.InterruptedException: sleep interrupted
2019-11-13 20:09:13,480 [org.apache.ratis.server.impl.LogAppender$AppenderDaemon$$Lambda$506/1658834723@6c1091b7] WARN  server.GrpcLogAppender (GrpcLogAppender.java:mayWait(151)) - 7ba2007b-7453-4993-98f1-4fc841af859b@group-7A5735C625A6->d9031576-438e-4c71-bddc-2fb75a9376b9-GrpcLogAppender: Wait interrupted by java.lang.InterruptedException
2019-11-13 20:09:13,480 [org.apache.ratis.server.impl.LogAppender$AppenderDaemon$$Lambda$506/1658834723@25d250ee] WARN  server.GrpcLogAppender (GrpcLogAppender.java:mayWait(151)) - 7ba2007b-7453-4993-98f1-4fc841af859b@group-7A5735C625A6->63348c40-6caf-45cd-85ad-36e15dedc157-GrpcLogAppender: Wait interrupted by java.lang.InterruptedException
2019-11-13 20:09:13,480 [ForkJoinPool.commonPool-worker-0] INFO  impl.StateMachineUpdater (StateMachineUpdater.java:stopAndJoin(136)) - d9031576-438e-4c71-bddc-2fb75a9376b9@group-7A5735C625A6-StateMachineUpdater: set stopIndex = 2
2019-11-13 20:09:13,481 [main] INFO  impl.StateMachineUpdater (StateMachineUpdater.java:stopAndJoin(136)) - 7ba2007b-7453-4993-98f1-4fc841af859b@group-7A5735C625A6-StateMachineUpdater: set stopIndex = 2
2019-11-13 20:09:13,482 [grpc-default-executor-16] INFO  server.GrpcServerProtocolService (GrpcServerProtocolService.java:onCompleted(113)) - d9031576-438e-4c71-bddc-2fb75a9376b9: Completed APPEND_ENTRIES, lastRequest: 7ba2007b-7453-4993-98f1-4fc841af859b->d9031576-438e-4c71-bddc-2fb75a9376b9#45-t2, previous=(t:2, i:2), leaderCommit=2, initializing? false, entries: <empty>
2019-11-13 20:09:13,482 [ForkJoinPool.commonPool-worker-0] INFO  impl.RaftServerImpl (ServerState.java:close(387)) - d9031576-438e-4c71-bddc-2fb75a9376b9@group-7A5735C625A6: closes. applyIndex: 2
2019-11-13 20:09:13,482 [main] INFO  impl.RaftServerImpl (ServerState.java:close(387)) - 7ba2007b-7453-4993-98f1-4fc841af859b@group-7A5735C625A6: closes. applyIndex: 2
2019-11-13 20:09:13,482 [grpc-default-executor-16] INFO  server.GrpcLogAppender (GrpcLogAppender.java:onCompleted(308)) - 7ba2007b-7453-4993-98f1-4fc841af859b@group-7A5735C625A6->d9031576-438e-4c71-bddc-2fb75a9376b9-AppendLogResponseHandler: follower responses appendEntries COMPLETED
2019-11-13 20:09:13,482 [d9031576-438e-4c71-bddc-2fb75a9376b9@group-7A5735C625A6-SegmentedRaftLogWorker] INFO  segmented.SegmentedRaftLogWorker (SegmentedRaftLogWorker.java:run(316)) - d9031576-438e-4c71-bddc-2fb75a9376b9@group-7A5735C625A6-SegmentedRaftLogWorker was interrupted, exiting. There are 0 tasks remaining in the queue.
2019-11-13 20:09:13,482 [7ba2007b-7453-4993-98f1-4fc841af859b@group-7A5735C625A6-SegmentedRaftLogWorker] INFO  segmented.SegmentedRaftLogWorker (SegmentedRaftLogWorker.java:run(316)) - 7ba2007b-7453-4993-98f1-4fc841af859b@group-7A5735C625A6-SegmentedRaftLogWorker was interrupted, exiting. There are 0 tasks remaining in the queue.
2019-11-13 20:09:13,483 [ForkJoinPool.commonPool-worker-0] INFO  segmented.SegmentedRaftLogWorker (SegmentedRaftLogWorker.java:close(224)) - d9031576-438e-4c71-bddc-2fb75a9376b9@group-7A5735C625A6-SegmentedRaftLogWorker close()
2019-11-13 20:09:13,483 [grpc-default-executor-16] INFO  impl.FollowerInfo (FollowerInfo.java:lambda$new$0(51)) - 7ba2007b-7453-4993-98f1-4fc841af859b@group-7A5735C625A6->d9031576-438e-4c71-bddc-2fb75a9376b9: nextIndex: updateUnconditionally 3 -> 2
2019-11-13 20:09:13,483 [main] INFO  segmented.SegmentedRaftLogWorker (SegmentedRaftLogWorker.java:close(224)) - 7ba2007b-7453-4993-98f1-4fc841af859b@group-7A5735C625A6-SegmentedRaftLogWorker close()
2019-11-13 20:09:13,486 [ForkJoinPool.commonPool-worker-0] INFO  server.GrpcService (GrpcService.java:closeImpl(164)) - d9031576-438e-4c71-bddc-2fb75a9376b9: shutdown server with port 45924 now
2019-11-13 20:09:13,487 [main] INFO  server.GrpcService (GrpcService.java:closeImpl(164)) - 7ba2007b-7453-4993-98f1-4fc841af859b: shutdown server with port 37487 now
2019-11-13 20:09:13,487 [main] INFO  server.GrpcService (GrpcService.java:closeImpl(172)) - 7ba2007b-7453-4993-98f1-4fc841af859b: shutdown server with port 37487 successfully
2019-11-13 20:09:13,487 [ForkJoinPool.commonPool-worker-0] INFO  server.GrpcService (GrpcService.java:closeImpl(172)) - d9031576-438e-4c71-bddc-2fb75a9376b9: shutdown server with port 45924 successfully
2019-11-13 20:09:13,489 [refreshUsed-/workdir/hadoop-ozone/integration-test/target/test-dir/MiniOzoneClusterImpl-89214370-af8c-46c8-b403-f68b2ae7a3e8/datanode-9/data/containers] WARN  fs.CachingGetSpaceUsed (CachingGetSpaceUsed.java:run(183)) - Thread Interrupted waiting to refresh disk information: sleep interrupted
2019-11-13 20:09:13,491 [refreshUsed-/workdir/hadoop-ozone/integration-test/target/test-dir/MiniOzoneClusterImpl-89214370-af8c-46c8-b403-f68b2ae7a3e8/datanode-1/data/containers] WARN  fs.CachingGetSpaceUsed (CachingGetSpaceUsed.java:run(183)) - Thread Interrupted waiting to refresh disk information: sleep interrupted
2019-11-13 20:09:13,504 [ForkJoinPool.commonPool-worker-0] INFO  utils.BackgroundService (BackgroundService.java:shutdown(151)) - Shutting down service BlockDeletingService
2019-11-13 20:09:13,506 [ForkJoinPool.commonPool-worker-0] INFO  statemachine.DatanodeStateMachine (DatanodeStateMachine.java:stopDaemon(395)) - Ozone container server stopped.
2019-11-13 20:09:13,507 [ForkJoinPool.commonPool-worker-0] INFO  handler.ContextHandler (ContextHandler.java:doStop(910)) - Stopped o.e.j.w.WebAppContext@289f15e9{/,null,UNAVAILABLE}{/hddsDatanode}
2019-11-13 20:09:13,508 [ForkJoinPool.commonPool-worker-0] INFO  server.AbstractConnector (AbstractConnector.java:doStop(318)) - Stopped ServerConnector@7f22687e{HTTP/1.1,[http/1.1]}{0.0.0.0:0}
2019-11-13 20:09:13,509 [ForkJoinPool.commonPool-worker-0] INFO  handler.ContextHandler (ContextHandler.java:doStop(910)) - Stopped o.e.j.s.ServletContextHandler@34c62fdf{/static,jar:file:/home/user/.m2/repository/org/apache/hadoop/hadoop-hdds-container-service/0.5.0-SNAPSHOT/hadoop-hdds-container-service-0.5.0-SNAPSHOT.jar!/webapps/static,UNAVAILABLE}
2019-11-13 20:09:13,509 [ForkJoinPool.commonPool-worker-0] INFO  handler.ContextHandler (ContextHandler.java:doStop(910)) - Stopped o.e.j.s.ServletContextHandler@935493d{/logs,file:///workdir/hadoop-ozone/integration-test/target/log,UNAVAILABLE}
2019-11-13 20:09:13,510 [main] INFO  utils.BackgroundService (BackgroundService.java:shutdown(151)) - Shutting down service BlockDeletingService
2019-11-13 20:09:13,511 [main] INFO  statemachine.DatanodeStateMachine (DatanodeStateMachine.java:stopDaemon(395)) - Ozone container server stopped.
2019-11-13 20:09:13,512 [main] INFO  handler.ContextHandler (ContextHandler.java:doStop(910)) - Stopped o.e.j.w.WebAppContext@1796b2d4{/,null,UNAVAILABLE}{/hddsDatanode}
2019-11-13 20:09:13,513 [main] INFO  server.AbstractConnector (AbstractConnector.java:doStop(318)) - Stopped ServerConnector@935d3f9{HTTP/1.1,[http/1.1]}{0.0.0.0:0}
2019-11-13 20:09:13,513 [main] INFO  handler.ContextHandler (ContextHandler.java:doStop(910)) - Stopped o.e.j.s.ServletContextHandler@3f6c2763{/static,jar:file:/home/user/.m2/repository/org/apache/hadoop/hadoop-hdds-container-service/0.5.0-SNAPSHOT/hadoop-hdds-container-service-0.5.0-SNAPSHOT.jar!/webapps/static,UNAVAILABLE}
2019-11-13 20:09:13,514 [main] INFO  handler.ContextHandler (ContextHandler.java:doStop(910)) - Stopped o.e.j.s.ServletContextHandler@7bf018dd{/logs,file:///workdir/hadoop-ozone/integration-test/target/log,UNAVAILABLE}
2019-11-13 20:09:13,664 [Datanode State Machine Thread - 0] INFO  statemachine.DatanodeStateMachine (DatanodeStateMachine.java:lambda$startDaemon$0(350)) - Ozone container server started.
2019-11-13 20:09:13,827 [grpc-default-executor-16] WARN  server.GrpcLogAppender (LogUtils.java:warn(134)) - 8446ee0c-69c2-4e02-91d0-278741efb561@group-7FA8BB7384C7->167876bd-92c4-4c51-979b-51b12cb252bf-AppendLogResponseHandler: Failed appendEntries: org.apache.ratis.thirdparty.io.grpc.StatusRuntimeException: UNAVAILABLE: io exception
2019-11-13 20:09:13,828 [grpc-default-executor-16] INFO  impl.FollowerInfo (FollowerInfo.java:lambda$new$0(51)) - 8446ee0c-69c2-4e02-91d0-278741efb561@group-7FA8BB7384C7->167876bd-92c4-4c51-979b-51b12cb252bf: nextIndex: updateUnconditionally 0 -> 0
2019-11-13 20:09:13,832 [grpc-default-executor-16] WARN  server.GrpcLogAppender (LogUtils.java:warn(134)) - 8446ee0c-69c2-4e02-91d0-278741efb561@group-7FA8BB7384C7->2be136fa-895c-4486-93c9-d92ffb9d7f91-AppendLogResponseHandler: Failed appendEntries: org.apache.ratis.thirdparty.io.grpc.StatusRuntimeException: UNAVAILABLE: io exception
2019-11-13 20:09:13,832 [grpc-default-executor-16] INFO  impl.FollowerInfo (FollowerInfo.java:lambda$new$0(51)) - 8446ee0c-69c2-4e02-91d0-278741efb561@group-7FA8BB7384C7->2be136fa-895c-4486-93c9-d92ffb9d7f91: nextIndex: updateUnconditionally 0 -> 0
2019-11-13 20:09:14,328 [grpc-default-executor-16] WARN  server.GrpcLogAppender (LogUtils.java:warn(134)) - 8446ee0c-69c2-4e02-91d0-278741efb561@group-7FA8BB7384C7->167876bd-92c4-4c51-979b-51b12cb252bf-AppendLogResponseHandler: Failed appendEntries: org.apache.ratis.thirdparty.io.grpc.StatusRuntimeException: UNAVAILABLE: io exception
2019-11-13 20:09:14,328 [grpc-default-executor-16] INFO  impl.FollowerInfo (FollowerInfo.java:lambda$new$0(51)) - 8446ee0c-69c2-4e02-91d0-278741efb561@group-7FA8BB7384C7->167876bd-92c4-4c51-979b-51b12cb252bf: nextIndex: updateUnconditionally 0 -> 0
2019-11-13 20:09:14,332 [grpc-default-executor-16] WARN  server.GrpcLogAppender (LogUtils.java:warn(134)) - 8446ee0c-69c2-4e02-91d0-278741efb561@group-7FA8BB7384C7->2be136fa-895c-4486-93c9-d92ffb9d7f91-AppendLogResponseHandler: Failed appendEntries: org.apache.ratis.thirdparty.io.grpc.StatusRuntimeException: UNAVAILABLE: io exception
2019-11-13 20:09:14,333 [grpc-default-executor-16] INFO  impl.FollowerInfo (FollowerInfo.java:lambda$new$0(51)) - 8446ee0c-69c2-4e02-91d0-278741efb561@group-7FA8BB7384C7->2be136fa-895c-4486-93c9-d92ffb9d7f91: nextIndex: updateUnconditionally 0 -> 0
2019-11-13 20:09:14,829 [grpc-default-executor-13] WARN  server.GrpcLogAppender (LogUtils.java:warn(134)) - 8446ee0c-69c2-4e02-91d0-278741efb561@group-7FA8BB7384C7->167876bd-92c4-4c51-979b-51b12cb252bf-AppendLogResponseHandler: Failed appendEntries: org.apache.ratis.thirdparty.io.grpc.StatusRuntimeException: UNAVAILABLE: io exception
2019-11-13 20:09:14,829 [grpc-default-executor-13] INFO  impl.FollowerInfo (FollowerInfo.java:lambda$new$0(51)) - 8446ee0c-69c2-4e02-91d0-278741efb561@group-7FA8BB7384C7->167876bd-92c4-4c51-979b-51b12cb252bf: nextIndex: updateUnconditionally 0 -> 0
2019-11-13 20:09:14,833 [grpc-default-executor-11] WARN  server.GrpcLogAppender (LogUtils.java:warn(134)) - 8446ee0c-69c2-4e02-91d0-278741efb561@group-7FA8BB7384C7->2be136fa-895c-4486-93c9-d92ffb9d7f91-AppendLogResponseHandler: Failed appendEntries: org.apache.ratis.thirdparty.io.grpc.StatusRuntimeException: UNAVAILABLE: io exception
2019-11-13 20:09:14,833 [grpc-default-executor-11] INFO  impl.FollowerInfo (FollowerInfo.java:lambda$new$0(51)) - 8446ee0c-69c2-4e02-91d0-278741efb561@group-7FA8BB7384C7->2be136fa-895c-4486-93c9-d92ffb9d7f91: nextIndex: updateUnconditionally 0 -> 0
2019-11-13 20:09:15,329 [grpc-default-executor-11] WARN  server.GrpcLogAppender (LogUtils.java:warn(134)) - 8446ee0c-69c2-4e02-91d0-278741efb561@group-7FA8BB7384C7->167876bd-92c4-4c51-979b-51b12cb252bf-AppendLogResponseHandler: Failed appendEntries: org.apache.ratis.thirdparty.io.grpc.StatusRuntimeException: UNAVAILABLE: io exception
2019-11-13 20:09:15,329 [grpc-default-executor-11] INFO  impl.FollowerInfo (FollowerInfo.java:lambda$new$0(51)) - 8446ee0c-69c2-4e02-91d0-278741efb561@group-7FA8BB7384C7->167876bd-92c4-4c51-979b-51b12cb252bf: nextIndex: updateUnconditionally 0 -> 0
2019-11-13 20:09:15,334 [grpc-default-executor-11] WARN  server.GrpcLogAppender (LogUtils.java:warn(134)) - 8446ee0c-69c2-4e02-91d0-278741efb561@group-7FA8BB7384C7->2be136fa-895c-4486-93c9-d92ffb9d7f91-AppendLogResponseHandler: Failed appendEntries: org.apache.ratis.thirdparty.io.grpc.StatusRuntimeException: UNAVAILABLE: io exception
2019-11-13 20:09:15,334 [grpc-default-executor-11] INFO  impl.FollowerInfo (FollowerInfo.java:lambda$new$0(51)) - 8446ee0c-69c2-4e02-91d0-278741efb561@group-7FA8BB7384C7->2be136fa-895c-4486-93c9-d92ffb9d7f91: nextIndex: updateUnconditionally 0 -> 0
2019-11-13 20:09:15,830 [grpc-default-executor-16] WARN  server.GrpcLogAppender (LogUtils.java:warn(134)) - 8446ee0c-69c2-4e02-91d0-278741efb561@group-7FA8BB7384C7->167876bd-92c4-4c51-979b-51b12cb252bf-AppendLogResponseHandler: Failed appendEntries: org.apache.ratis.thirdparty.io.grpc.StatusRuntimeException: UNAVAILABLE: io exception
2019-11-13 20:09:15,831 [grpc-default-executor-16] INFO  impl.FollowerInfo (FollowerInfo.java:lambda$new$0(51)) - 8446ee0c-69c2-4e02-91d0-278741efb561@group-7FA8BB7384C7->167876bd-92c4-4c51-979b-51b12cb252bf: nextIndex: updateUnconditionally 0 -> 0
2019-11-13 20:09:15,834 [grpc-default-executor-13] WARN  server.GrpcLogAppender (LogUtils.java:warn(134)) - 8446ee0c-69c2-4e02-91d0-278741efb561@group-7FA8BB7384C7->2be136fa-895c-4486-93c9-d92ffb9d7f91-AppendLogResponseHandler: Failed appendEntries: org.apache.ratis.thirdparty.io.grpc.StatusRuntimeException: UNAVAILABLE: io exception
2019-11-13 20:09:15,834 [grpc-default-executor-13] INFO  impl.FollowerInfo (FollowerInfo.java:lambda$new$0(51)) - 8446ee0c-69c2-4e02-91d0-278741efb561@group-7FA8BB7384C7->2be136fa-895c-4486-93c9-d92ffb9d7f91: nextIndex: updateUnconditionally 0 -> 0
2019-11-13 20:09:16,331 [grpc-default-executor-11] WARN  server.GrpcLogAppender (LogUtils.java:warn(134)) - 8446ee0c-69c2-4e02-91d0-278741efb561@group-7FA8BB7384C7->167876bd-92c4-4c51-979b-51b12cb252bf-AppendLogResponseHandler: Failed appendEntries: org.apache.ratis.thirdparty.io.grpc.StatusRuntimeException: UNAVAILABLE: io exception
2019-11-13 20:09:16,331 [grpc-default-executor-11] INFO  impl.FollowerInfo (FollowerInfo.java:lambda$new$0(51)) - 8446ee0c-69c2-4e02-91d0-278741efb561@group-7FA8BB7384C7->167876bd-92c4-4c51-979b-51b12cb252bf: nextIndex: updateUnconditionally 0 -> 0
2019-11-13 20:09:16,334 [grpc-default-executor-13] WARN  server.GrpcLogAppender (LogUtils.java:warn(134)) - 8446ee0c-69c2-4e02-91d0-278741efb561@group-7FA8BB7384C7->2be136fa-895c-4486-93c9-d92ffb9d7f91-AppendLogResponseHandler: Failed appendEntries: org.apache.ratis.thirdparty.io.grpc.StatusRuntimeException: UNAVAILABLE: io exception
2019-11-13 20:09:16,334 [grpc-default-executor-13] INFO  impl.FollowerInfo (FollowerInfo.java:lambda$new$0(51)) - 8446ee0c-69c2-4e02-91d0-278741efb561@group-7FA8BB7384C7->2be136fa-895c-4486-93c9-d92ffb9d7f91: nextIndex: updateUnconditionally 0 -> 0
2019-11-13 20:09:16,833 [grpc-default-executor-13] WARN  server.GrpcLogAppender (LogUtils.java:warn(134)) - 8446ee0c-69c2-4e02-91d0-278741efb561@group-7FA8BB7384C7->167876bd-92c4-4c51-979b-51b12cb252bf-AppendLogResponseHandler: Failed appendEntries: org.apache.ratis.thirdparty.io.grpc.StatusRuntimeException: UNAVAILABLE: io exception
2019-11-13 20:09:16,834 [grpc-default-executor-13] INFO  impl.FollowerInfo (FollowerInfo.java:lambda$new$0(51)) - 8446ee0c-69c2-4e02-91d0-278741efb561@group-7FA8BB7384C7->167876bd-92c4-4c51-979b-51b12cb252bf: nextIndex: updateUnconditionally 0 -> 0
2019-11-13 20:09:16,834 [grpc-default-executor-10] WARN  server.GrpcLogAppender (LogUtils.java:warn(134)) - 8446ee0c-69c2-4e02-91d0-278741efb561@group-7FA8BB7384C7->2be136fa-895c-4486-93c9-d92ffb9d7f91-AppendLogResponseHandler: Failed appendEntries: org.apache.ratis.thirdparty.io.grpc.StatusRuntimeException: UNAVAILABLE: io exception
2019-11-13 20:09:16,834 [grpc-default-executor-10] INFO  impl.FollowerInfo (FollowerInfo.java:lambda$new$0(51)) - 8446ee0c-69c2-4e02-91d0-278741efb561@group-7FA8BB7384C7->2be136fa-895c-4486-93c9-d92ffb9d7f91: nextIndex: updateUnconditionally 0 -> 0
2019-11-13 20:09:17,333 [grpc-default-executor-10] WARN  server.GrpcLogAppender (LogUtils.java:warn(134)) - 8446ee0c-69c2-4e02-91d0-278741efb561@group-7FA8BB7384C7->167876bd-92c4-4c51-979b-51b12cb252bf-AppendLogResponseHandler: Failed appendEntries: org.apache.ratis.thirdparty.io.grpc.StatusRuntimeException: UNAVAILABLE: io exception
2019-11-13 20:09:17,333 [grpc-default-executor-10] INFO  impl.FollowerInfo (FollowerInfo.java:lambda$new$0(51)) - 8446ee0c-69c2-4e02-91d0-278741efb561@group-7FA8BB7384C7->167876bd-92c4-4c51-979b-51b12cb252bf: nextIndex: updateUnconditionally 0 -> 0
2019-11-13 20:09:17,334 [grpc-default-executor-10] WARN  server.GrpcLogAppender (LogUtils.java:warn(134)) - 8446ee0c-69c2-4e02-91d0-278741efb561@group-7FA8BB7384C7->2be136fa-895c-4486-93c9-d92ffb9d7f91-AppendLogResponseHandler: Failed appendEntries: org.apache.ratis.thirdparty.io.grpc.StatusRuntimeException: UNAVAILABLE: io exception
2019-11-13 20:09:17,335 [grpc-default-executor-10] INFO  impl.FollowerInfo (FollowerInfo.java:lambda$new$0(51)) - 8446ee0c-69c2-4e02-91d0-278741efb561@group-7FA8BB7384C7->2be136fa-895c-4486-93c9-d92ffb9d7f91: nextIndex: updateUnconditionally 0 -> 0
2019-11-13 20:09:17,833 [grpc-default-executor-16] WARN  server.GrpcLogAppender (LogUtils.java:warn(134)) - 8446ee0c-69c2-4e02-91d0-278741efb561@group-7FA8BB7384C7->167876bd-92c4-4c51-979b-51b12cb252bf-AppendLogResponseHandler: Failed appendEntries: org.apache.ratis.thirdparty.io.grpc.StatusRuntimeException: UNAVAILABLE: io exception
2019-11-13 20:09:17,833 [grpc-default-executor-16] INFO  impl.FollowerInfo (FollowerInfo.java:lambda$new$0(51)) - 8446ee0c-69c2-4e02-91d0-278741efb561@group-7FA8BB7384C7->167876bd-92c4-4c51-979b-51b12cb252bf: nextIndex: updateUnconditionally 0 -> 0
2019-11-13 20:09:17,835 [grpc-default-executor-10] WARN  server.GrpcLogAppender (LogUtils.java:warn(134)) - 8446ee0c-69c2-4e02-91d0-278741efb561@group-7FA8BB7384C7->2be136fa-895c-4486-93c9-d92ffb9d7f91-AppendLogResponseHandler: Failed appendEntries: org.apache.ratis.thirdparty.io.grpc.StatusRuntimeException: UNAVAILABLE: io exception
2019-11-13 20:09:17,835 [grpc-default-executor-10] INFO  impl.FollowerInfo (FollowerInfo.java:lambda$new$0(51)) - 8446ee0c-69c2-4e02-91d0-278741efb561@group-7FA8BB7384C7->2be136fa-895c-4486-93c9-d92ffb9d7f91: nextIndex: updateUnconditionally 0 -> 0
2019-11-13 20:09:18,334 [grpc-default-executor-13] WARN  server.GrpcLogAppender (LogUtils.java:warn(134)) - 8446ee0c-69c2-4e02-91d0-278741efb561@group-7FA8BB7384C7->167876bd-92c4-4c51-979b-51b12cb252bf-AppendLogResponseHandler: Failed appendEntries: org.apache.ratis.thirdparty.io.grpc.StatusRuntimeException: UNAVAILABLE: io exception
2019-11-13 20:09:18,334 [grpc-default-executor-13] INFO  impl.FollowerInfo (FollowerInfo.java:lambda$new$0(51)) - 8446ee0c-69c2-4e02-91d0-278741efb561@group-7FA8BB7384C7->167876bd-92c4-4c51-979b-51b12cb252bf: nextIndex: updateUnconditionally 0 -> 0
2019-11-13 20:09:18,335 [grpc-default-executor-13] WARN  server.GrpcLogAppender (LogUtils.java:warn(134)) - 8446ee0c-69c2-4e02-91d0-278741efb561@group-7FA8BB7384C7->2be136fa-895c-4486-93c9-d92ffb9d7f91-AppendLogResponseHandler: Failed appendEntries: org.apache.ratis.thirdparty.io.grpc.StatusRuntimeException: UNAVAILABLE: io exception
2019-11-13 20:09:18,335 [grpc-default-executor-13] INFO  impl.FollowerInfo (FollowerInfo.java:lambda$new$0(51)) - 8446ee0c-69c2-4e02-91d0-278741efb561@group-7FA8BB7384C7->2be136fa-895c-4486-93c9-d92ffb9d7f91: nextIndex: updateUnconditionally 0 -> 0
2019-11-13 20:09:18,511 [ForkJoinPool.commonPool-worker-0] INFO  ozoneimpl.OzoneContainer (OzoneContainer.java:stop(244)) - Attempting to stop container services.
2019-11-13 20:09:18,512 [ForkJoinPool.commonPool-worker-0] INFO  impl.RaftServerProxy (RaftServerProxy.java:lambda$close$4(314)) - 8446ee0c-69c2-4e02-91d0-278741efb561: close
2019-11-13 20:09:18,512 [ForkJoinPool.commonPool-worker-0] INFO  impl.RaftServerImpl (RaftServerImpl.java:lambda$shutdown$3(250)) - 8446ee0c-69c2-4e02-91d0-278741efb561@group-7FA8BB7384C7: shutdown
2019-11-13 20:09:18,512 [ForkJoinPool.commonPool-worker-0] INFO  util.JmxRegister (JmxRegister.java:unregister(73)) - Successfully un-registered JMX Bean with object name Ratis:service=RaftServer,group=group-7FA8BB7384C7,id=8446ee0c-69c2-4e02-91d0-278741efb561
2019-11-13 20:09:18,513 [ForkJoinPool.commonPool-worker-0] INFO  impl.RoleInfo (RoleInfo.java:shutdownLeaderState(104)) - 8446ee0c-69c2-4e02-91d0-278741efb561: shutdown LeaderState
2019-11-13 20:09:18,515 [ForkJoinPool.commonPool-worker-0] INFO  impl.PendingRequests (PendingRequests.java:sendNotLeaderResponses(206)) - 8446ee0c-69c2-4e02-91d0-278741efb561@group-7FA8BB7384C7-PendingRequests: sendNotLeaderResponses
2019-11-13 20:09:18,515 [org.apache.ratis.server.impl.LogAppender$AppenderDaemon$$Lambda$506/1658834723@288d12a] WARN  server.GrpcLogAppender (GrpcLogAppender.java:mayWait(151)) - 8446ee0c-69c2-4e02-91d0-278741efb561@group-7FA8BB7384C7->167876bd-92c4-4c51-979b-51b12cb252bf-GrpcLogAppender: Wait interrupted by java.lang.InterruptedException
2019-11-13 20:09:18,515 [org.apache.ratis.server.impl.LogAppender$AppenderDaemon$$Lambda$506/1658834723@478a57bf] WARN  server.GrpcLogAppender (GrpcLogAppender.java:mayWait(151)) - 8446ee0c-69c2-4e02-91d0-278741efb561@group-7FA8BB7384C7->2be136fa-895c-4486-93c9-d92ffb9d7f91-GrpcLogAppender: Wait interrupted by java.lang.InterruptedException
2019-11-13 20:09:18,516 [ForkJoinPool.commonPool-worker-0] INFO  impl.StateMachineUpdater (StateMachineUpdater.java:stopAndJoin(136)) - 8446ee0c-69c2-4e02-91d0-278741efb561@group-7FA8BB7384C7-StateMachineUpdater: set stopIndex = 0
2019-11-13 20:09:18,517 [ForkJoinPool.commonPool-worker-0] INFO  impl.RaftServerImpl (ServerState.java:close(387)) - 8446ee0c-69c2-4e02-91d0-278741efb561@group-7FA8BB7384C7: closes. applyIndex: 0
2019-11-13 20:09:18,517 [8446ee0c-69c2-4e02-91d0-278741efb561@group-7FA8BB7384C7-SegmentedRaftLogWorker] INFO  segmented.SegmentedRaftLogWorker (SegmentedRaftLogWorker.java:run(316)) - 8446ee0c-69c2-4e02-91d0-278741efb561@group-7FA8BB7384C7-SegmentedRaftLogWorker was interrupted, exiting. There are 0 tasks remaining in the queue.
2019-11-13 20:09:18,517 [ForkJoinPool.commonPool-worker-0] INFO  segmented.SegmentedRaftLogWorker (SegmentedRaftLogWorker.java:close(224)) - 8446ee0c-69c2-4e02-91d0-278741efb561@group-7FA8BB7384C7-SegmentedRaftLogWorker close()
2019-11-13 20:09:18,517 [ForkJoinPool.commonPool-worker-0] INFO  impl.RaftServerImpl (RaftServerImpl.java:lambda$shutdown$3(250)) - 8446ee0c-69c2-4e02-91d0-278741efb561@group-08BF50F2A040: shutdown
2019-11-13 20:09:18,518 [ForkJoinPool.commonPool-worker-0] INFO  util.JmxRegister (JmxRegister.java:unregister(73)) - Successfully un-registered JMX Bean with object name Ratis:service=RaftServer,group=group-08BF50F2A040,id=8446ee0c-69c2-4e02-91d0-278741efb561
2019-11-13 20:09:18,518 [ForkJoinPool.commonPool-worker-0] INFO  impl.RoleInfo (RoleInfo.java:shutdownLeaderState(104)) - 8446ee0c-69c2-4e02-91d0-278741efb561: shutdown LeaderState
2019-11-13 20:09:18,518 [ForkJoinPool.commonPool-worker-0] INFO  impl.PendingRequests (PendingRequests.java:sendNotLeaderResponses(206)) - 8446ee0c-69c2-4e02-91d0-278741efb561@group-08BF50F2A040-PendingRequests: sendNotLeaderResponses
2019-11-13 20:09:18,518 [ForkJoinPool.commonPool-worker-0] INFO  impl.StateMachineUpdater (StateMachineUpdater.java:stopAndJoin(136)) - 8446ee0c-69c2-4e02-91d0-278741efb561@group-08BF50F2A040-StateMachineUpdater: set stopIndex = 0
2019-11-13 20:09:18,518 [ForkJoinPool.commonPool-worker-0] INFO  impl.RaftServerImpl (ServerState.java:close(387)) - 8446ee0c-69c2-4e02-91d0-278741efb561@group-08BF50F2A040: closes. applyIndex: 0
2019-11-13 20:09:18,519 [8446ee0c-69c2-4e02-91d0-278741efb561@group-08BF50F2A040-SegmentedRaftLogWorker] INFO  segmented.SegmentedRaftLogWorker (SegmentedRaftLogWorker.java:run(316)) - 8446ee0c-69c2-4e02-91d0-278741efb561@group-08BF50F2A040-SegmentedRaftLogWorker was interrupted, exiting. There are 0 tasks remaining in the queue.
2019-11-13 20:09:18,519 [ForkJoinPool.commonPool-worker-0] INFO  segmented.SegmentedRaftLogWorker (SegmentedRaftLogWorker.java:close(224)) - 8446ee0c-69c2-4e02-91d0-278741efb561@group-08BF50F2A040-SegmentedRaftLogWorker close()
2019-11-13 20:09:18,519 [ForkJoinPool.commonPool-worker-0] INFO  server.GrpcService (GrpcService.java:closeImpl(164)) - 8446ee0c-69c2-4e02-91d0-278741efb561: shutdown server with port 38186 now
2019-11-13 20:09:18,520 [ForkJoinPool.commonPool-worker-0] INFO  server.GrpcService (GrpcService.java:closeImpl(172)) - 8446ee0c-69c2-4e02-91d0-278741efb561: shutdown server with port 38186 successfully
2019-11-13 20:09:18,521 [refreshUsed-/workdir/hadoop-ozone/integration-test/target/test-dir/MiniOzoneClusterImpl-89214370-af8c-46c8-b403-f68b2ae7a3e8/datanode-7/data/containers] WARN  fs.CachingGetSpaceUsed (CachingGetSpaceUsed.java:run(183)) - Thread Interrupted waiting to refresh disk information: sleep interrupted
2019-11-13 20:09:18,539 [ForkJoinPool.commonPool-worker-0] INFO  utils.BackgroundService (BackgroundService.java:shutdown(151)) - Shutting down service BlockDeletingService
2019-11-13 20:09:18,541 [ForkJoinPool.commonPool-worker-0] INFO  statemachine.DatanodeStateMachine (DatanodeStateMachine.java:stopDaemon(395)) - Ozone container server stopped.
2019-11-13 20:09:18,542 [ForkJoinPool.commonPool-worker-0] INFO  handler.ContextHandler (ContextHandler.java:doStop(910)) - Stopped o.e.j.w.WebAppContext@1abcd059{/,null,UNAVAILABLE}{/hddsDatanode}
2019-11-13 20:09:18,543 [ForkJoinPool.commonPool-worker-0] INFO  server.AbstractConnector (AbstractConnector.java:doStop(318)) - Stopped ServerConnector@61a87366{HTTP/1.1,[http/1.1]}{0.0.0.0:0}
2019-11-13 20:09:18,544 [ForkJoinPool.commonPool-worker-0] INFO  handler.ContextHandler (ContextHandler.java:doStop(910)) - Stopped o.e.j.s.ServletContextHandler@677349fb{/static,jar:file:/home/user/.m2/repository/org/apache/hadoop/hadoop-hdds-container-service/0.5.0-SNAPSHOT/hadoop-hdds-container-service-0.5.0-SNAPSHOT.jar!/webapps/static,UNAVAILABLE}
2019-11-13 20:09:18,544 [ForkJoinPool.commonPool-worker-0] INFO  handler.ContextHandler (ContextHandler.java:doStop(910)) - Stopped o.e.j.s.ServletContextHandler@63917fe1{/logs,file:///workdir/hadoop-ozone/integration-test/target/log,UNAVAILABLE}
2019-11-13 20:09:18,545 [main] INFO  ozone.MiniOzoneClusterImpl (MiniOzoneClusterImpl.java:stopSCM(430)) - Stopping the StorageContainerManager
2019-11-13 20:09:18,545 [main] INFO  server.StorageContainerManager (StorageContainerManager.java:stop(802)) - Stopping Replication Manager Service.
2019-11-13 20:09:18,546 [main] INFO  container.ReplicationManager (ReplicationManager.java:stop(203)) - Stopping Replication Monitor Thread.
2019-11-13 20:09:18,546 [main] INFO  server.StorageContainerManager (StorageContainerManager.java:stop(809)) - Stopping Lease Manager of the command watchers
2019-11-13 20:09:18,546 [main] INFO  server.StorageContainerManager (StorageContainerManager.java:stop(816)) - Stopping datanode service RPC server
2019-11-13 20:09:18,546 [main] INFO  server.SCMDatanodeProtocolServer (SCMDatanodeProtocolServer.java:stop(346)) - Stopping the RPC server for DataNodes
2019-11-13 20:09:18,546 [main] INFO  ipc.Server (Server.java:stop(3082)) - Stopping server on 42664
2019-11-13 20:09:18,547 [IPC Server listener on 42664] INFO  ipc.Server (Server.java:run(1185)) - Stopping IPC Server listener on 42664
2019-11-13 20:09:18,548 [IPC Server Responder] INFO  ipc.Server (Server.java:run(1319)) - Stopping IPC Server Responder
2019-11-13 20:09:18,607 [SCM Heartbeat Processing Thread - 0] WARN  node.NodeStateManager (NodeStateManager.java:scheduleNextHealthCheck(646)) - Current Thread is interrupted, shutting down HB processing thread for Node Manager.
2019-11-13 20:09:18,607 [main] INFO  server.StorageContainerManager (StorageContainerManager.java:stop(824)) - Stopping block service RPC server
2019-11-13 20:09:18,607 [main] INFO  server.SCMBlockProtocolServer (SCMBlockProtocolServer.java:stop(155)) - Stopping the RPC server for Block Protocol
2019-11-13 20:09:18,607 [main] INFO  ipc.Server (Server.java:stop(3082)) - Stopping server on 32838
2019-11-13 20:09:18,609 [IPC Server listener on 32838] INFO  ipc.Server (Server.java:run(1185)) - Stopping IPC Server listener on 32838
2019-11-13 20:09:18,609 [main] INFO  server.StorageContainerManager (StorageContainerManager.java:stop(831)) - Stopping the StorageContainerLocationProtocol RPC server
2019-11-13 20:09:18,610 [IPC Server Responder] INFO  ipc.Server (Server.java:run(1319)) - Stopping IPC Server Responder
2019-11-13 20:09:18,611 [main] INFO  server.SCMClientProtocolServer (SCMClientProtocolServer.java:stop(168)) - Stopping the RPC server for Client Protocol
2019-11-13 20:09:18,611 [main] INFO  ipc.Server (Server.java:stop(3082)) - Stopping server on 38921
2019-11-13 20:09:18,612 [main] INFO  server.StorageContainerManager (StorageContainerManager.java:stop(838)) - Stopping Storage Container Manager HTTP server.
2019-11-13 20:09:18,612 [IPC Server listener on 38921] INFO  ipc.Server (Server.java:run(1185)) - Stopping IPC Server listener on 38921
2019-11-13 20:09:18,613 [IPC Server Responder] INFO  ipc.Server (Server.java:run(1319)) - Stopping IPC Server Responder
2019-11-13 20:09:18,614 [main] INFO  handler.ContextHandler (ContextHandler.java:doStop(910)) - Stopped o.e.j.w.WebAppContext@44dfdd58{/,null,UNAVAILABLE}{/scm}
2019-11-13 20:09:18,614 [main] INFO  server.AbstractConnector (AbstractConnector.java:doStop(318)) - Stopped ServerConnector@58d4238e{HTTP/1.1,[http/1.1]}{0.0.0.0:0}
2019-11-13 20:09:18,615 [main] INFO  handler.ContextHandler (ContextHandler.java:doStop(910)) - Stopped o.e.j.s.ServletContextHandler@4f664bee{/static,file:///workdir/hadoop-ozone/integration-test/target/test-classes/webapps/static,UNAVAILABLE}
2019-11-13 20:09:18,615 [main] INFO  handler.ContextHandler (ContextHandler.java:doStop(910)) - Stopped o.e.j.s.ServletContextHandler@6b4a4e40{/logs,file:///workdir/hadoop-ozone/integration-test/target/log,UNAVAILABLE}
2019-11-13 20:09:18,616 [main] INFO  server.StorageContainerManager (StorageContainerManager.java:stop(849)) - Stopping Block Manager Service.
2019-11-13 20:09:18,616 [main] INFO  utils.BackgroundService (BackgroundService.java:shutdown(151)) - Shutting down service SCMBlockDeletingService
2019-11-13 20:09:18,616 [main] INFO  utils.BackgroundService (BackgroundService.java:shutdown(151)) - Shutting down service SCMBlockDeletingService
2019-11-13 20:09:18,617 [main] INFO  server.StorageContainerManager (StorageContainerManager.java:stop(871)) - Stopping SCM Event Queue.
2019-11-13 20:09:18,622 [main] INFO  impl.MetricsSystemImpl (MetricsSystemImpl.java:stop(210)) - Stopping HddsDatanode metrics system...
2019-11-13 20:09:18,634 [main] INFO  impl.MetricsSystemImpl (MetricsSystemImpl.java:stop(216)) - HddsDatanode metrics system stopped.
]]></system-out>
    <system-err><![CDATA[Nov 13, 2019 8:08:42 PM org.apache.ratis.thirdparty.io.grpc.internal.ManagedChannelOrphanWrapper$ManagedChannelReference cleanQueue
SEVERE: *~*~*~ Channel ManagedChannelImpl{logId=5050, target=192.168.34.38:37698} was not shutdown properly!!! ~*~*~*
    Make sure to call shutdown()/shutdownNow() and wait until awaitTermination() returns true.
java.lang.RuntimeException: ManagedChannel allocation site
	at org.apache.ratis.thirdparty.io.grpc.internal.ManagedChannelOrphanWrapper$ManagedChannelReference.<init>(ManagedChannelOrphanWrapper.java:103)
	at org.apache.ratis.thirdparty.io.grpc.internal.ManagedChannelOrphanWrapper.<init>(ManagedChannelOrphanWrapper.java:53)
	at org.apache.ratis.thirdparty.io.grpc.internal.ManagedChannelOrphanWrapper.<init>(ManagedChannelOrphanWrapper.java:44)
	at org.apache.ratis.thirdparty.io.grpc.internal.AbstractManagedChannelImplBuilder.build(AbstractManagedChannelImplBuilder.java:411)
	at org.apache.ratis.grpc.client.GrpcClientProtocolClient.<init>(GrpcClientProtocolClient.java:128)
	at org.apache.ratis.grpc.client.GrpcClientRpc.lambda$new$0(GrpcClientRpc.java:55)
	at org.apache.ratis.util.PeerProxyMap$PeerAndProxy.lambda$getProxy$0(PeerProxyMap.java:62)
	at org.apache.ratis.util.LifeCycle.startAndTransition(LifeCycle.java:202)
	at org.apache.ratis.util.PeerProxyMap$PeerAndProxy.getProxy(PeerProxyMap.java:61)
	at org.apache.ratis.util.PeerProxyMap.getProxy(PeerProxyMap.java:109)
	at org.apache.ratis.grpc.client.GrpcClientRpc.sendRequestAsync(GrpcClientRpc.java:66)
	at org.apache.ratis.client.impl.OrderedAsync.sendRequest(OrderedAsync.java:233)
	at org.apache.ratis.client.impl.OrderedAsync.sendRequestWithRetry(OrderedAsync.java:188)
	at org.apache.ratis.util.SlidingWindow$Client.sendOrDelayRequest(SlidingWindow.java:278)
	at org.apache.ratis.util.SlidingWindow$Client.submitNewRequest(SlidingWindow.java:257)
	at org.apache.ratis.client.impl.OrderedAsync.send(OrderedAsync.java:169)
	at org.apache.ratis.client.impl.OrderedAsync.newInstance(OrderedAsync.java:118)
	at org.apache.ratis.client.impl.RaftClientImpl.lambda$new$0(RaftClientImpl.java:102)
	at org.apache.ratis.util.MemoizedSupplier.get(MemoizedSupplier.java:62)
	at org.apache.ratis.client.impl.RaftClientImpl.getOrderedAsync(RaftClientImpl.java:119)
	at org.apache.ratis.client.impl.RaftClientImpl.sendAsync(RaftClientImpl.java:144)
	at org.apache.ratis.client.impl.RaftClientImpl.sendAsync(RaftClientImpl.java:124)
	at org.apache.hadoop.hdds.scm.XceiverClientRatis.sendRequestAsync(XceiverClientRatis.java:236)
	at org.apache.hadoop.hdds.scm.XceiverClientRatis.sendCommandAsync(XceiverClientRatis.java:317)
	at org.apache.hadoop.hdds.scm.storage.ContainerProtocolCalls.writeChunkAsync(ContainerProtocolCalls.java:310)
	at org.apache.hadoop.hdds.scm.storage.BlockOutputStream.writeChunkToContainer(BlockOutputStream.java:604)
	at org.apache.hadoop.hdds.scm.storage.BlockOutputStream.writeChunk(BlockOutputStream.java:462)
	at org.apache.hadoop.hdds.scm.storage.BlockOutputStream.handleFlush(BlockOutputStream.java:473)
	at org.apache.hadoop.hdds.scm.storage.BlockOutputStream.close(BlockOutputStream.java:496)
	at org.apache.hadoop.ozone.client.io.BlockOutputStreamEntry.close(BlockOutputStreamEntry.java:143)
	at org.apache.hadoop.ozone.client.io.KeyOutputStream.handleFlushOrClose(KeyOutputStream.java:435)
	at org.apache.hadoop.ozone.client.io.KeyOutputStream.close(KeyOutputStream.java:473)
	at org.apache.hadoop.ozone.client.io.OzoneOutputStream.close(OzoneOutputStream.java:60)
	at org.apache.hadoop.ozone.client.rpc.TestFailureHandlingByClient.testBlockWritesWithDnFailures(TestFailureHandlingByClient.java:163)
	at sun.reflect.NativeMethodAccessorImpl.invoke0(Native Method)
	at sun.reflect.NativeMethodAccessorImpl.invoke(NativeMethodAccessorImpl.java:62)
	at sun.reflect.DelegatingMethodAccessorImpl.invoke(DelegatingMethodAccessorImpl.java:43)
	at java.lang.reflect.Method.invoke(Method.java:498)
	at org.junit.runners.model.FrameworkMethod$1.runReflectiveCall(FrameworkMethod.java:47)
	at org.junit.internal.runners.model.ReflectiveCallable.run(ReflectiveCallable.java:12)
	at org.junit.runners.model.FrameworkMethod.invokeExplosively(FrameworkMethod.java:44)
	at org.junit.internal.runners.statements.InvokeMethod.evaluate(InvokeMethod.java:17)
	at org.junit.internal.runners.statements.RunAfters.evaluate(RunAfters.java:27)
	at org.junit.runners.ParentRunner.runLeaf(ParentRunner.java:271)
	at org.junit.runners.BlockJUnit4ClassRunner.runChild(BlockJUnit4ClassRunner.java:70)
	at org.junit.runners.BlockJUnit4ClassRunner.runChild(BlockJUnit4ClassRunner.java:50)
	at org.junit.runners.ParentRunner$3.run(ParentRunner.java:238)
	at org.junit.runners.ParentRunner$1.schedule(ParentRunner.java:63)
	at org.junit.runners.ParentRunner.runChildren(ParentRunner.java:236)
	at org.junit.runners.ParentRunner.access$000(ParentRunner.java:53)
	at org.junit.runners.ParentRunner$2.evaluate(ParentRunner.java:229)
	at org.junit.runners.ParentRunner.run(ParentRunner.java:309)
	at org.apache.maven.surefire.junit4.JUnit4Provider.execute(JUnit4Provider.java:365)
	at org.apache.maven.surefire.junit4.JUnit4Provider.executeWithRerun(JUnit4Provider.java:273)
	at org.apache.maven.surefire.junit4.JUnit4Provider.executeTestSet(JUnit4Provider.java:238)
	at org.apache.maven.surefire.junit4.JUnit4Provider.invoke(JUnit4Provider.java:159)
	at org.apache.maven.surefire.booter.ForkedBooter.invokeProviderInSameClassLoader(ForkedBooter.java:384)
	at org.apache.maven.surefire.booter.ForkedBooter.runSuitesInProcess(ForkedBooter.java:345)
	at org.apache.maven.surefire.booter.ForkedBooter.execute(ForkedBooter.java:126)
	at org.apache.maven.surefire.booter.ForkedBooter.main(ForkedBooter.java:418)

Nov 13, 2019 8:08:42 PM org.apache.ratis.thirdparty.io.grpc.internal.ManagedChannelOrphanWrapper$ManagedChannelReference cleanQueue
SEVERE: *~*~*~ Channel ManagedChannelImpl{logId=5055, target=192.168.34.38:32967} was not shutdown properly!!! ~*~*~*
    Make sure to call shutdown()/shutdownNow() and wait until awaitTermination() returns true.
java.lang.RuntimeException: ManagedChannel allocation site
	at org.apache.ratis.thirdparty.io.grpc.internal.ManagedChannelOrphanWrapper$ManagedChannelReference.<init>(ManagedChannelOrphanWrapper.java:103)
	at org.apache.ratis.thirdparty.io.grpc.internal.ManagedChannelOrphanWrapper.<init>(ManagedChannelOrphanWrapper.java:53)
	at org.apache.ratis.thirdparty.io.grpc.internal.ManagedChannelOrphanWrapper.<init>(ManagedChannelOrphanWrapper.java:44)
	at org.apache.ratis.thirdparty.io.grpc.internal.AbstractManagedChannelImplBuilder.build(AbstractManagedChannelImplBuilder.java:411)
	at org.apache.hadoop.hdds.scm.XceiverClientGrpc.connectToDatanode(XceiverClientGrpc.java:189)
	at org.apache.hadoop.hdds.scm.XceiverClientGrpc.connect(XceiverClientGrpc.java:138)
	at org.apache.hadoop.hdds.scm.XceiverClientManager$2.call(XceiverClientManager.java:242)
	at org.apache.hadoop.hdds.scm.XceiverClientManager$2.call(XceiverClientManager.java:226)
	at com.google.common.cache.LocalCache$LocalManualCache$1.load(LocalCache.java:4767)
	at com.google.common.cache.LocalCache$LoadingValueReference.loadFuture(LocalCache.java:3568)
	at com.google.common.cache.LocalCache$Segment.loadSync(LocalCache.java:2350)
	at com.google.common.cache.LocalCache$Segment.lockedGetOrLoad(LocalCache.java:2313)
	at com.google.common.cache.LocalCache$Segment.get(LocalCache.java:2228)
	at com.google.common.cache.LocalCache.get(LocalCache.java:3965)
	at com.google.common.cache.LocalCache$LocalManualCache.get(LocalCache.java:4764)
	at org.apache.hadoop.hdds.scm.XceiverClientManager.getClient(XceiverClientManager.java:226)
	at org.apache.hadoop.hdds.scm.XceiverClientManager.acquireClient(XceiverClientManager.java:172)
	at org.apache.hadoop.hdds.scm.XceiverClientManager.acquireClientForReadData(XceiverClientManager.java:162)
	at org.apache.hadoop.hdds.scm.storage.BlockInputStream.getChunkInfos(BlockInputStream.java:154)
	at org.apache.hadoop.hdds.scm.storage.BlockInputStream.initialize(BlockInputStream.java:118)
	at org.apache.hadoop.hdds.scm.storage.BlockInputStream.read(BlockInputStream.java:224)
	at org.apache.hadoop.ozone.client.io.KeyInputStream.read(KeyInputStream.java:173)
	at org.apache.hadoop.ozone.client.io.OzoneInputStream.read(OzoneInputStream.java:47)
	at java.io.InputStream.read(InputStream.java:101)
	at org.apache.hadoop.ozone.container.ContainerTestHelper.validateData(ContainerTestHelper.java:754)
	at org.apache.hadoop.ozone.client.rpc.TestFailureHandlingByClient.validateData(TestFailureHandlingByClient.java:413)
	at org.apache.hadoop.ozone.client.rpc.TestFailureHandlingByClient.testBlockWritesWithDnFailures(TestFailureHandlingByClient.java:172)
	at sun.reflect.NativeMethodAccessorImpl.invoke0(Native Method)
	at sun.reflect.NativeMethodAccessorImpl.invoke(NativeMethodAccessorImpl.java:62)
	at sun.reflect.DelegatingMethodAccessorImpl.invoke(DelegatingMethodAccessorImpl.java:43)
	at java.lang.reflect.Method.invoke(Method.java:498)
	at org.junit.runners.model.FrameworkMethod$1.runReflectiveCall(FrameworkMethod.java:47)
	at org.junit.internal.runners.model.ReflectiveCallable.run(ReflectiveCallable.java:12)
	at org.junit.runners.model.FrameworkMethod.invokeExplosively(FrameworkMethod.java:44)
	at org.junit.internal.runners.statements.InvokeMethod.evaluate(InvokeMethod.java:17)
	at org.junit.internal.runners.statements.RunAfters.evaluate(RunAfters.java:27)
	at org.junit.runners.ParentRunner.runLeaf(ParentRunner.java:271)
	at org.junit.runners.BlockJUnit4ClassRunner.runChild(BlockJUnit4ClassRunner.java:70)
	at org.junit.runners.BlockJUnit4ClassRunner.runChild(BlockJUnit4ClassRunner.java:50)
	at org.junit.runners.ParentRunner$3.run(ParentRunner.java:238)
	at org.junit.runners.ParentRunner$1.schedule(ParentRunner.java:63)
	at org.junit.runners.ParentRunner.runChildren(ParentRunner.java:236)
	at org.junit.runners.ParentRunner.access$000(ParentRunner.java:53)
	at org.junit.runners.ParentRunner$2.evaluate(ParentRunner.java:229)
	at org.junit.runners.ParentRunner.run(ParentRunner.java:309)
	at org.apache.maven.surefire.junit4.JUnit4Provider.execute(JUnit4Provider.java:365)
	at org.apache.maven.surefire.junit4.JUnit4Provider.executeWithRerun(JUnit4Provider.java:273)
	at org.apache.maven.surefire.junit4.JUnit4Provider.executeTestSet(JUnit4Provider.java:238)
	at org.apache.maven.surefire.junit4.JUnit4Provider.invoke(JUnit4Provider.java:159)
	at org.apache.maven.surefire.booter.ForkedBooter.invokeProviderInSameClassLoader(ForkedBooter.java:384)
	at org.apache.maven.surefire.booter.ForkedBooter.runSuitesInProcess(ForkedBooter.java:345)
	at org.apache.maven.surefire.booter.ForkedBooter.execute(ForkedBooter.java:126)
	at org.apache.maven.surefire.booter.ForkedBooter.main(ForkedBooter.java:418)

Nov 13, 2019 8:08:42 PM org.apache.ratis.thirdparty.io.grpc.internal.ManagedChannelOrphanWrapper$ManagedChannelReference cleanQueue
SEVERE: *~*~*~ Channel ManagedChannelImpl{logId=5062, target=192.168.34.38:34017} was not shutdown properly!!! ~*~*~*
    Make sure to call shutdown()/shutdownNow() and wait until awaitTermination() returns true.
java.lang.RuntimeException: ManagedChannel allocation site
	at org.apache.ratis.thirdparty.io.grpc.internal.ManagedChannelOrphanWrapper$ManagedChannelReference.<init>(ManagedChannelOrphanWrapper.java:103)
	at org.apache.ratis.thirdparty.io.grpc.internal.ManagedChannelOrphanWrapper.<init>(ManagedChannelOrphanWrapper.java:53)
	at org.apache.ratis.thirdparty.io.grpc.internal.ManagedChannelOrphanWrapper.<init>(ManagedChannelOrphanWrapper.java:44)
	at org.apache.ratis.thirdparty.io.grpc.internal.AbstractManagedChannelImplBuilder.build(AbstractManagedChannelImplBuilder.java:411)
	at org.apache.hadoop.hdds.scm.XceiverClientGrpc.connectToDatanode(XceiverClientGrpc.java:189)
	at org.apache.hadoop.hdds.scm.XceiverClientGrpc.connect(XceiverClientGrpc.java:138)
	at org.apache.hadoop.hdds.scm.XceiverClientManager$2.call(XceiverClientManager.java:242)
	at org.apache.hadoop.hdds.scm.XceiverClientManager$2.call(XceiverClientManager.java:226)
	at com.google.common.cache.LocalCache$LocalManualCache$1.load(LocalCache.java:4767)
	at com.google.common.cache.LocalCache$LoadingValueReference.loadFuture(LocalCache.java:3568)
	at com.google.common.cache.LocalCache$Segment.loadSync(LocalCache.java:2350)
	at com.google.common.cache.LocalCache$Segment.lockedGetOrLoad(LocalCache.java:2313)
	at com.google.common.cache.LocalCache$Segment.get(LocalCache.java:2228)
	at com.google.common.cache.LocalCache.get(LocalCache.java:3965)
	at com.google.common.cache.LocalCache$LocalManualCache.get(LocalCache.java:4764)
	at org.apache.hadoop.hdds.scm.XceiverClientManager.getClient(XceiverClientManager.java:226)
	at org.apache.hadoop.hdds.scm.XceiverClientManager.acquireClient(XceiverClientManager.java:172)
	at org.apache.hadoop.hdds.scm.XceiverClientManager.acquireClientForReadData(XceiverClientManager.java:162)
	at org.apache.hadoop.hdds.scm.storage.BlockInputStream.getChunkInfos(BlockInputStream.java:154)
	at org.apache.hadoop.hdds.scm.storage.BlockInputStream.initialize(BlockInputStream.java:118)
	at org.apache.hadoop.hdds.scm.storage.BlockInputStream.read(BlockInputStream.java:224)
	at org.apache.hadoop.ozone.client.io.KeyInputStream.read(KeyInputStream.java:173)
	at org.apache.hadoop.ozone.client.io.OzoneInputStream.read(OzoneInputStream.java:47)
	at java.io.InputStream.read(InputStream.java:101)
	at org.apache.hadoop.ozone.container.ContainerTestHelper.validateData(ContainerTestHelper.java:754)
	at org.apache.hadoop.ozone.client.rpc.TestFailureHandlingByClient.validateData(TestFailureHandlingByClient.java:413)
	at org.apache.hadoop.ozone.client.rpc.TestFailureHandlingByClient.testBlockWritesWithDnFailures(TestFailureHandlingByClient.java:172)
	at sun.reflect.NativeMethodAccessorImpl.invoke0(Native Method)
	at sun.reflect.NativeMethodAccessorImpl.invoke(NativeMethodAccessorImpl.java:62)
	at sun.reflect.DelegatingMethodAccessorImpl.invoke(DelegatingMethodAccessorImpl.java:43)
	at java.lang.reflect.Method.invoke(Method.java:498)
	at org.junit.runners.model.FrameworkMethod$1.runReflectiveCall(FrameworkMethod.java:47)
	at org.junit.internal.runners.model.ReflectiveCallable.run(ReflectiveCallable.java:12)
	at org.junit.runners.model.FrameworkMethod.invokeExplosively(FrameworkMethod.java:44)
	at org.junit.internal.runners.statements.InvokeMethod.evaluate(InvokeMethod.java:17)
	at org.junit.internal.runners.statements.RunAfters.evaluate(RunAfters.java:27)
	at org.junit.runners.ParentRunner.runLeaf(ParentRunner.java:271)
	at org.junit.runners.BlockJUnit4ClassRunner.runChild(BlockJUnit4ClassRunner.java:70)
	at org.junit.runners.BlockJUnit4ClassRunner.runChild(BlockJUnit4ClassRunner.java:50)
	at org.junit.runners.ParentRunner$3.run(ParentRunner.java:238)
	at org.junit.runners.ParentRunner$1.schedule(ParentRunner.java:63)
	at org.junit.runners.ParentRunner.runChildren(ParentRunner.java:236)
	at org.junit.runners.ParentRunner.access$000(ParentRunner.java:53)
	at org.junit.runners.ParentRunner$2.evaluate(ParentRunner.java:229)
	at org.junit.runners.ParentRunner.run(ParentRunner.java:309)
	at org.apache.maven.surefire.junit4.JUnit4Provider.execute(JUnit4Provider.java:365)
	at org.apache.maven.surefire.junit4.JUnit4Provider.executeWithRerun(JUnit4Provider.java:273)
	at org.apache.maven.surefire.junit4.JUnit4Provider.executeTestSet(JUnit4Provider.java:238)
	at org.apache.maven.surefire.junit4.JUnit4Provider.invoke(JUnit4Provider.java:159)
	at org.apache.maven.surefire.booter.ForkedBooter.invokeProviderInSameClassLoader(ForkedBooter.java:384)
	at org.apache.maven.surefire.booter.ForkedBooter.runSuitesInProcess(ForkedBooter.java:345)
	at org.apache.maven.surefire.booter.ForkedBooter.execute(ForkedBooter.java:126)
	at org.apache.maven.surefire.booter.ForkedBooter.main(ForkedBooter.java:418)

Nov 13, 2019 8:08:42 PM org.apache.ratis.thirdparty.io.grpc.internal.ManagedChannelOrphanWrapper$ManagedChannelReference cleanQueue
SEVERE: *~*~*~ Channel ManagedChannelImpl{logId=5057, target=192.168.34.38:42052} was not shutdown properly!!! ~*~*~*
    Make sure to call shutdown()/shutdownNow() and wait until awaitTermination() returns true.
java.lang.RuntimeException: ManagedChannel allocation site
	at org.apache.ratis.thirdparty.io.grpc.internal.ManagedChannelOrphanWrapper$ManagedChannelReference.<init>(ManagedChannelOrphanWrapper.java:103)
	at org.apache.ratis.thirdparty.io.grpc.internal.ManagedChannelOrphanWrapper.<init>(ManagedChannelOrphanWrapper.java:53)
	at org.apache.ratis.thirdparty.io.grpc.internal.ManagedChannelOrphanWrapper.<init>(ManagedChannelOrphanWrapper.java:44)
	at org.apache.ratis.thirdparty.io.grpc.internal.AbstractManagedChannelImplBuilder.build(AbstractManagedChannelImplBuilder.java:411)
	at org.apache.hadoop.hdds.scm.XceiverClientGrpc.connectToDatanode(XceiverClientGrpc.java:189)
	at org.apache.hadoop.hdds.scm.XceiverClientGrpc.reconnect(XceiverClientGrpc.java:468)
	at org.apache.hadoop.hdds.scm.XceiverClientGrpc.checkOpen(XceiverClientGrpc.java:459)
	at org.apache.hadoop.hdds.scm.XceiverClientGrpc.sendCommandAsync(XceiverClientGrpc.java:401)
	at org.apache.hadoop.hdds.scm.XceiverClientGrpc.sendCommandWithRetry(XceiverClientGrpc.java:320)
	at org.apache.hadoop.hdds.scm.XceiverClientGrpc.sendCommandWithTraceIDAndRetry(XceiverClientGrpc.java:265)
	at org.apache.hadoop.hdds.scm.XceiverClientGrpc.sendCommand(XceiverClientGrpc.java:248)
	at org.apache.hadoop.hdds.scm.storage.ContainerProtocolCalls.getBlock(ContainerProtocolCalls.java:118)
	at org.apache.hadoop.hdds.scm.storage.BlockInputStream.getChunkInfos(BlockInputStream.java:169)
	at org.apache.hadoop.hdds.scm.storage.BlockInputStream.initialize(BlockInputStream.java:118)
	at org.apache.hadoop.hdds.scm.storage.BlockInputStream.read(BlockInputStream.java:224)
	at org.apache.hadoop.ozone.client.io.KeyInputStream.read(KeyInputStream.java:173)
	at org.apache.hadoop.ozone.client.io.OzoneInputStream.read(OzoneInputStream.java:47)
	at java.io.InputStream.read(InputStream.java:101)
	at org.apache.hadoop.ozone.container.ContainerTestHelper.validateData(ContainerTestHelper.java:754)
	at org.apache.hadoop.ozone.client.rpc.TestFailureHandlingByClient.validateData(TestFailureHandlingByClient.java:413)
	at org.apache.hadoop.ozone.client.rpc.TestFailureHandlingByClient.testBlockWritesWithDnFailures(TestFailureHandlingByClient.java:172)
	at sun.reflect.NativeMethodAccessorImpl.invoke0(Native Method)
	at sun.reflect.NativeMethodAccessorImpl.invoke(NativeMethodAccessorImpl.java:62)
	at sun.reflect.DelegatingMethodAccessorImpl.invoke(DelegatingMethodAccessorImpl.java:43)
	at java.lang.reflect.Method.invoke(Method.java:498)
	at org.junit.runners.model.FrameworkMethod$1.runReflectiveCall(FrameworkMethod.java:47)
	at org.junit.internal.runners.model.ReflectiveCallable.run(ReflectiveCallable.java:12)
	at org.junit.runners.model.FrameworkMethod.invokeExplosively(FrameworkMethod.java:44)
	at org.junit.internal.runners.statements.InvokeMethod.evaluate(InvokeMethod.java:17)
	at org.junit.internal.runners.statements.RunAfters.evaluate(RunAfters.java:27)
	at org.junit.runners.ParentRunner.runLeaf(ParentRunner.java:271)
	at org.junit.runners.BlockJUnit4ClassRunner.runChild(BlockJUnit4ClassRunner.java:70)
	at org.junit.runners.BlockJUnit4ClassRunner.runChild(BlockJUnit4ClassRunner.java:50)
	at org.junit.runners.ParentRunner$3.run(ParentRunner.java:238)
	at org.junit.runners.ParentRunner$1.schedule(ParentRunner.java:63)
	at org.junit.runners.ParentRunner.runChildren(ParentRunner.java:236)
	at org.junit.runners.ParentRunner.access$000(ParentRunner.java:53)
	at org.junit.runners.ParentRunner$2.evaluate(ParentRunner.java:229)
	at org.junit.runners.ParentRunner.run(ParentRunner.java:309)
	at org.apache.maven.surefire.junit4.JUnit4Provider.execute(JUnit4Provider.java:365)
	at org.apache.maven.surefire.junit4.JUnit4Provider.executeWithRerun(JUnit4Provider.java:273)
	at org.apache.maven.surefire.junit4.JUnit4Provider.executeTestSet(JUnit4Provider.java:238)
	at org.apache.maven.surefire.junit4.JUnit4Provider.invoke(JUnit4Provider.java:159)
	at org.apache.maven.surefire.booter.ForkedBooter.invokeProviderInSameClassLoader(ForkedBooter.java:384)
	at org.apache.maven.surefire.booter.ForkedBooter.runSuitesInProcess(ForkedBooter.java:345)
	at org.apache.maven.surefire.booter.ForkedBooter.execute(ForkedBooter.java:126)
	at org.apache.maven.surefire.booter.ForkedBooter.main(ForkedBooter.java:418)

Nov 13, 2019 8:08:58 PM org.apache.ratis.thirdparty.io.grpc.internal.SerializingExecutor run
SEVERE: Exception while executing runnable org.apache.ratis.thirdparty.io.grpc.internal.ServerImpl$JumpToApplicationThreadServerStreamListener$1Closed@31b7de64
org.apache.ratis.thirdparty.io.grpc.StatusRuntimeException: CANCELLED: call already cancelled
	at org.apache.ratis.thirdparty.io.grpc.Status.asRuntimeException(Status.java:517)
	at org.apache.ratis.thirdparty.io.grpc.stub.ServerCalls$ServerCallStreamObserverImpl.onCompleted(ServerCalls.java:356)
	at org.apache.ratis.grpc.server.GrpcServerProtocolService$ServerRequestStreamObserver.onError(GrpcServerProtocolService.java:121)
	at org.apache.ratis.thirdparty.io.grpc.stub.ServerCalls$StreamingServerCallHandler$StreamingServerCallListener.onCancel(ServerCalls.java:269)
	at org.apache.ratis.thirdparty.io.grpc.internal.ServerCallImpl$ServerStreamListenerImpl.closed(ServerCallImpl.java:293)
	at org.apache.ratis.thirdparty.io.grpc.internal.ServerImpl$JumpToApplicationThreadServerStreamListener$1Closed.runInContext(ServerImpl.java:741)
	at org.apache.ratis.thirdparty.io.grpc.internal.ContextRunnable.run(ContextRunnable.java:37)
	at org.apache.ratis.thirdparty.io.grpc.internal.SerializingExecutor.run(SerializingExecutor.java:123)
	at java.util.concurrent.ThreadPoolExecutor.runWorker(ThreadPoolExecutor.java:1149)
	at java.util.concurrent.ThreadPoolExecutor$Worker.run(ThreadPoolExecutor.java:624)
	at java.lang.Thread.run(Thread.java:748)

Nov 13, 2019 8:09:03 PM org.apache.ratis.thirdparty.io.grpc.internal.SerializingExecutor run
SEVERE: Exception while executing runnable org.apache.ratis.thirdparty.io.grpc.internal.ServerImpl$JumpToApplicationThreadServerStreamListener$1Closed@4997e194
org.apache.ratis.thirdparty.io.grpc.StatusRuntimeException: CANCELLED: call already cancelled
	at org.apache.ratis.thirdparty.io.grpc.Status.asRuntimeException(Status.java:517)
	at org.apache.ratis.thirdparty.io.grpc.stub.ServerCalls$ServerCallStreamObserverImpl.onCompleted(ServerCalls.java:356)
	at org.apache.ratis.grpc.server.GrpcServerProtocolService$ServerRequestStreamObserver.onError(GrpcServerProtocolService.java:121)
	at org.apache.ratis.thirdparty.io.grpc.stub.ServerCalls$StreamingServerCallHandler$StreamingServerCallListener.onCancel(ServerCalls.java:269)
	at org.apache.ratis.thirdparty.io.grpc.internal.ServerCallImpl$ServerStreamListenerImpl.closed(ServerCallImpl.java:293)
	at org.apache.ratis.thirdparty.io.grpc.internal.ServerImpl$JumpToApplicationThreadServerStreamListener$1Closed.runInContext(ServerImpl.java:741)
	at org.apache.ratis.thirdparty.io.grpc.internal.ContextRunnable.run(ContextRunnable.java:37)
	at org.apache.ratis.thirdparty.io.grpc.internal.SerializingExecutor.run(SerializingExecutor.java:123)
	at java.util.concurrent.ThreadPoolExecutor.runWorker(ThreadPoolExecutor.java:1149)
	at java.util.concurrent.ThreadPoolExecutor$Worker.run(ThreadPoolExecutor.java:624)
	at java.lang.Thread.run(Thread.java:748)

Nov 13, 2019 8:09:08 PM org.apache.ratis.thirdparty.io.grpc.internal.SerializingExecutor run
SEVERE: Exception while executing runnable org.apache.ratis.thirdparty.io.grpc.internal.ServerImpl$JumpToApplicationThreadServerStreamListener$1Closed@1463d77e
org.apache.ratis.thirdparty.io.grpc.StatusRuntimeException: CANCELLED: call already cancelled
	at org.apache.ratis.thirdparty.io.grpc.Status.asRuntimeException(Status.java:517)
	at org.apache.ratis.thirdparty.io.grpc.stub.ServerCalls$ServerCallStreamObserverImpl.onCompleted(ServerCalls.java:356)
	at org.apache.ratis.grpc.server.GrpcServerProtocolService$ServerRequestStreamObserver.onError(GrpcServerProtocolService.java:121)
	at org.apache.ratis.thirdparty.io.grpc.stub.ServerCalls$StreamingServerCallHandler$StreamingServerCallListener.onCancel(ServerCalls.java:269)
	at org.apache.ratis.thirdparty.io.grpc.internal.ServerCallImpl$ServerStreamListenerImpl.closed(ServerCallImpl.java:293)
	at org.apache.ratis.thirdparty.io.grpc.internal.ServerImpl$JumpToApplicationThreadServerStreamListener$1Closed.runInContext(ServerImpl.java:741)
	at org.apache.ratis.thirdparty.io.grpc.internal.ContextRunnable.run(ContextRunnable.java:37)
	at org.apache.ratis.thirdparty.io.grpc.internal.SerializingExecutor.run(SerializingExecutor.java:123)
	at java.util.concurrent.ThreadPoolExecutor.runWorker(ThreadPoolExecutor.java:1149)
	at java.util.concurrent.ThreadPoolExecutor$Worker.run(ThreadPoolExecutor.java:624)
	at java.lang.Thread.run(Thread.java:748)

]]></system-err>
  </testcase>
</testsuite>