<?xml version="1.0" encoding="UTF-8"?>
<testsuite xmlns:xsi="http://www.w3.org/2001/XMLSchema-instance" xsi:noNamespaceSchemaLocation="https://maven.apache.org/surefire/maven-surefire-plugin/xsd/surefire-test-report.xsd" name="org.apache.hadoop.ozone.freon.TestFreonWithPipelineDestroy" time="49.368" tests="1" errors="1" skipped="0" failures="0">
  <properties>
    <property name="awt.toolkit" value="sun.awt.X11.XToolkit"/>
    <property name="file.encoding.pkg" value="sun.io"/>
    <property name="java.specification.version" value="1.8"/>
    <property name="sun.cpu.isalist" value=""/>
    <property name="sun.jnu.encoding" value="ANSI_X3.4-1968"/>
    <property name="java.class.path" value="/workdir/hadoop-ozone/tools/target/test-classes:/workdir/hadoop-ozone/tools/target/classes:/home/user/.m2/repository/org/apache/hadoop/hadoop-ozone-ozone-manager/0.5.0-SNAPSHOT/hadoop-ozone-ozone-manager-0.5.0-SNAPSHOT.jar:/home/user/.m2/repository/org/apache/hadoop/hadoop-hdds-docs/0.5.0-SNAPSHOT/hadoop-hdds-docs-0.5.0-SNAPSHOT.jar:/home/user/.m2/repository/org/bouncycastle/bcprov-jdk15on/1.60/bcprov-jdk15on-1.60.jar:/home/user/.m2/repository/org/apache/hadoop/hadoop-ozone-common/0.5.0-SNAPSHOT/hadoop-ozone-common-0.5.0-SNAPSHOT.jar:/home/user/.m2/repository/org/apache/commons/commons-compress/1.4.1/commons-compress-1.4.1.jar:/home/user/.m2/repository/org/tukaani/xz/1.0/xz-1.0.jar:/home/user/.m2/repository/org/apache/hadoop/hadoop-hdfs-client/3.2.0/hadoop-hdfs-client-3.2.0.jar:/home/user/.m2/repository/com/fasterxml/jackson/core/jackson-annotations/2.9.9/jackson-annotations-2.9.9.jar:/home/user/.m2/repository/org/apache/hadoop/hadoop-hdds-common/0.5.0-SNAPSHOT/hadoop-hdds-common-0.5.0-SNAPSHOT.jar:/home/user/.m2/repository/org/apache/hadoop/hadoop-hdds-config/0.5.0-SNAPSHOT/hadoop-hdds-config-0.5.0-SNAPSHOT.jar:/home/user/.m2/repository/javax/annotation/javax.annotation-api/1.2/javax.annotation-api-1.2.jar:/home/user/.m2/repository/org/apache/ratis/ratis-server/0.5.0-d6d58d0-SNAPSHOT/ratis-server-0.5.0-d6d58d0-SNAPSHOT.jar:/home/user/.m2/repository/org/apache/ratis/ratis-thirdparty-misc/0.2.0/ratis-thirdparty-misc-0.2.0.jar:/home/user/.m2/repository/org/apache/ratis/ratis-proto/0.5.0-d6d58d0-SNAPSHOT/ratis-proto-0.5.0-d6d58d0-SNAPSHOT.jar:/home/user/.m2/repository/org/apache/ratis/ratis-common/0.5.0-d6d58d0-SNAPSHOT/ratis-common-0.5.0-d6d58d0-SNAPSHOT.jar:/home/user/.m2/repository/org/apache/ratis/ratis-client/0.5.0-d6d58d0-SNAPSHOT/ratis-client-0.5.0-d6d58d0-SNAPSHOT.jar:/home/user/.m2/repository/org/apache/ratis/ratis-metrics/0.5.0-d6d58d0-SNAPSHOT/ratis-metrics-0.5.0-d6d58d0-SNAPSHOT.jar:/home/user/.m2/repository/org/apache/ratis/ratis-netty/0.5.0-d6d58d0-SNAPSHOT/ratis-netty-0.5.0-d6d58d0-SNAPSHOT.jar:/home/user/.m2/repository/org/apache/ratis/ratis-grpc/0.5.0-d6d58d0-SNAPSHOT/ratis-grpc-0.5.0-d6d58d0-SNAPSHOT.jar:/home/user/.m2/repository/org/rocksdb/rocksdbjni/6.0.1/rocksdbjni-6.0.1.jar:/home/user/.m2/repository/org/apache/logging/log4j/log4j-api/2.11.0/log4j-api-2.11.0.jar:/home/user/.m2/repository/org/apache/logging/log4j/log4j-core/2.11.0/log4j-core-2.11.0.jar:/home/user/.m2/repository/com/lmax/disruptor/3.4.2/disruptor-3.4.2.jar:/home/user/.m2/repository/org/apache/commons/commons-pool2/2.6.0/commons-pool2-2.6.0.jar:/home/user/.m2/repository/org/bouncycastle/bcpkix-jdk15on/1.60/bcpkix-jdk15on-1.60.jar:/home/user/.m2/repository/commons-validator/commons-validator/1.6/commons-validator-1.6.jar:/home/user/.m2/repository/commons-digester/commons-digester/1.8.1/commons-digester-1.8.1.jar:/home/user/.m2/repository/io/jaegertracing/jaeger-client/0.34.0/jaeger-client-0.34.0.jar:/home/user/.m2/repository/io/jaegertracing/jaeger-thrift/0.34.0/jaeger-thrift-0.34.0.jar:/home/user/.m2/repository/org/apache/thrift/libthrift/0.12.0/libthrift-0.12.0.jar:/home/user/.m2/repository/com/squareup/okhttp3/okhttp/3.9.0/okhttp-3.9.0.jar:/home/user/.m2/repository/com/squareup/okio/okio/1.13.0/okio-1.13.0.jar:/home/user/.m2/repository/io/jaegertracing/jaeger-core/0.34.0/jaeger-core-0.34.0.jar:/home/user/.m2/repository/io/jaegertracing/jaeger-tracerresolver/0.34.0/jaeger-tracerresolver-0.34.0.jar:/home/user/.m2/repository/io/opentracing/contrib/opentracing-tracerresolver/0.1.5/opentracing-tracerresolver-0.1.5.jar:/home/user/.m2/repository/io/opentracing/opentracing-util/0.31.0/opentracing-util-0.31.0.jar:/home/user/.m2/repository/io/opentracing/opentracing-api/0.31.0/opentracing-api-0.31.0.jar:/home/user/.m2/repository/io/opentracing/opentracing-noop/0.31.0/opentracing-noop-0.31.0.jar:/home/user/.m2/repository/org/yaml/snakeyaml/1.16/snakeyaml-1.16.jar:/home/user/.m2/repository/org/apache/hadoop/hadoop-hdds-container-service/0.5.0-SNAPSHOT/hadoop-hdds-container-service-0.5.0-SNAPSHOT.jar:/home/user/.m2/repository/org/apache/hadoop/hadoop-hdds-client/0.5.0-SNAPSHOT/hadoop-hdds-client-0.5.0-SNAPSHOT.jar:/home/user/.m2/repository/org/apache/hadoop/hadoop-hdds-tools/0.5.0-SNAPSHOT/hadoop-hdds-tools-0.5.0-SNAPSHOT.jar:/home/user/.m2/repository/org/xerial/sqlite-jdbc/3.25.2/sqlite-jdbc-3.25.2.jar:/home/user/.m2/repository/org/apache/hadoop/hadoop-hdds-server-scm/0.5.0-SNAPSHOT/hadoop-hdds-server-scm-0.5.0-SNAPSHOT.jar:/home/user/.m2/repository/org/hamcrest/hamcrest-all/1.3/hamcrest-all-1.3.jar:/home/user/.m2/repository/info/picocli/picocli/3.9.6/picocli-3.9.6.jar:/home/user/.m2/repository/com/google/protobuf/protobuf-java/2.5.0/protobuf-java-2.5.0.jar:/home/user/.m2/repository/com/google/guava/guava/11.0.2/guava-11.0.2.jar:/home/user/.m2/repository/org/apache/hadoop/hadoop-ozone-client/0.5.0-SNAPSHOT/hadoop-ozone-client-0.5.0-SNAPSHOT.jar:/workdir/hadoop-ozone/ozonefs/target/classes:/home/user/.m2/repository/org/apache/httpcomponents/httpclient/4.5.2/httpclient-4.5.2.jar:/home/user/.m2/repository/org/apache/httpcomponents/httpcore/4.4.4/httpcore-4.4.4.jar:/home/user/.m2/repository/org/apache/hadoop/hadoop-hdds-server-framework/0.5.0-SNAPSHOT/hadoop-hdds-server-framework-0.5.0-SNAPSHOT.jar:/home/user/.m2/repository/org/apache/hadoop/hadoop-common/3.2.0/hadoop-common-3.2.0.jar:/home/user/.m2/repository/org/apache/hadoop/hadoop-annotations/3.2.0/hadoop-annotations-3.2.0.jar:/usr/lib/jvm/java-1.8.0-openjdk-1.8.0.222.b10-1.el7_7.x86_64/jre/../lib/tools.jar:/home/user/.m2/repository/commons-cli/commons-cli/1.2/commons-cli-1.2.jar:/home/user/.m2/repository/org/apache/commons/commons-math3/3.1.1/commons-math3-3.1.1.jar:/home/user/.m2/repository/commons-codec/commons-codec/1.11/commons-codec-1.11.jar:/home/user/.m2/repository/commons-io/commons-io/2.5/commons-io-2.5.jar:/home/user/.m2/repository/commons-net/commons-net/3.6/commons-net-3.6.jar:/home/user/.m2/repository/commons-collections/commons-collections/3.2.2/commons-collections-3.2.2.jar:/home/user/.m2/repository/javax/servlet/javax.servlet-api/3.1.0/javax.servlet-api-3.1.0.jar:/home/user/.m2/repository/org/eclipse/jetty/jetty-server/9.3.25.v20180904/jetty-server-9.3.25.v20180904.jar:/home/user/.m2/repository/org/eclipse/jetty/jetty-http/9.3.25.v20180904/jetty-http-9.3.25.v20180904.jar:/home/user/.m2/repository/org/eclipse/jetty/jetty-io/9.3.25.v20180904/jetty-io-9.3.25.v20180904.jar:/home/user/.m2/repository/org/eclipse/jetty/jetty-util/9.3.25.v20180904/jetty-util-9.3.25.v20180904.jar:/home/user/.m2/repository/org/eclipse/jetty/jetty-servlet/9.3.25.v20180904/jetty-servlet-9.3.25.v20180904.jar:/home/user/.m2/repository/org/eclipse/jetty/jetty-security/9.3.25.v20180904/jetty-security-9.3.25.v20180904.jar:/home/user/.m2/repository/org/eclipse/jetty/jetty-webapp/9.3.25.v20180904/jetty-webapp-9.3.25.v20180904.jar:/home/user/.m2/repository/org/eclipse/jetty/jetty-xml/9.3.25.v20180904/jetty-xml-9.3.25.v20180904.jar:/home/user/.m2/repository/javax/servlet/jsp/jsp-api/2.1/jsp-api-2.1.jar:/home/user/.m2/repository/com/sun/jersey/jersey-core/1.19/jersey-core-1.19.jar:/home/user/.m2/repository/javax/ws/rs/jsr311-api/1.1.1/jsr311-api-1.1.1.jar:/home/user/.m2/repository/com/sun/jersey/jersey-servlet/1.19/jersey-servlet-1.19.jar:/home/user/.m2/repository/com/sun/jersey/jersey-json/1.19/jersey-json-1.19.jar:/home/user/.m2/repository/org/codehaus/jettison/jettison/1.1/jettison-1.1.jar:/home/user/.m2/repository/com/sun/xml/bind/jaxb-impl/2.3.0.1/jaxb-impl-2.3.0.1.jar:/home/user/.m2/repository/org/codehaus/jackson/jackson-core-asl/1.9.13/jackson-core-asl-1.9.13.jar:/home/user/.m2/repository/org/codehaus/jackson/jackson-mapper-asl/1.9.13/jackson-mapper-asl-1.9.13.jar:/home/user/.m2/repository/org/codehaus/jackson/jackson-jaxrs/1.9.13/jackson-jaxrs-1.9.13.jar:/home/user/.m2/repository/org/codehaus/jackson/jackson-xc/1.9.13/jackson-xc-1.9.13.jar:/home/user/.m2/repository/com/sun/jersey/jersey-server/1.19/jersey-server-1.19.jar:/home/user/.m2/repository/commons-logging/commons-logging/1.1.3/commons-logging-1.1.3.jar:/home/user/.m2/repository/log4j/log4j/1.2.17/log4j-1.2.17.jar:/home/user/.m2/repository/commons-beanutils/commons-beanutils/1.9.4/commons-beanutils-1.9.4.jar:/home/user/.m2/repository/org/apache/commons/commons-configuration2/2.1.1/commons-configuration2-2.1.1.jar:/home/user/.m2/repository/org/apache/commons/commons-lang3/3.7/commons-lang3-3.7.jar:/home/user/.m2/repository/org/apache/commons/commons-text/1.4/commons-text-1.4.jar:/home/user/.m2/repository/org/slf4j/slf4j-api/1.7.25/slf4j-api-1.7.25.jar:/home/user/.m2/repository/org/slf4j/slf4j-log4j12/1.7.25/slf4j-log4j12-1.7.25.jar:/home/user/.m2/repository/org/apache/avro/avro/1.7.7/avro-1.7.7.jar:/home/user/.m2/repository/com/thoughtworks/paranamer/paranamer/2.3/paranamer-2.3.jar:/home/user/.m2/repository/org/xerial/snappy/snappy-java/1.0.5/snappy-java-1.0.5.jar:/home/user/.m2/repository/com/google/re2j/re2j/1.1/re2j-1.1.jar:/home/user/.m2/repository/com/google/code/gson/gson/2.2.4/gson-2.2.4.jar:/home/user/.m2/repository/org/apache/hadoop/hadoop-auth/3.2.0/hadoop-auth-3.2.0.jar:/home/user/.m2/repository/com/nimbusds/nimbus-jose-jwt/4.41.1/nimbus-jose-jwt-4.41.1.jar:/home/user/.m2/repository/com/github/stephenc/jcip/jcip-annotations/1.0-1/jcip-annotations-1.0-1.jar:/home/user/.m2/repository/net/minidev/json-smart/2.3/json-smart-2.3.jar:/home/user/.m2/repository/net/minidev/accessors-smart/1.2/accessors-smart-1.2.jar:/home/user/.m2/repository/org/apache/curator/curator-framework/2.12.0/curator-framework-2.12.0.jar:/home/user/.m2/repository/com/jcraft/jsch/0.1.54/jsch-0.1.54.jar:/home/user/.m2/repository/org/apache/curator/curator-client/2.12.0/curator-client-2.12.0.jar:/home/user/.m2/repository/org/apache/curator/curator-recipes/2.12.0/curator-recipes-2.12.0.jar:/home/user/.m2/repository/com/google/code/findbugs/jsr305/3.0.0/jsr305-3.0.0.jar:/home/user/.m2/repository/org/apache/htrace/htrace-core4/4.1.0-incubating/htrace-core4-4.1.0-incubating.jar:/home/user/.m2/repository/org/apache/zookeeper/zookeeper/3.4.13/zookeeper-3.4.13.jar:/home/user/.m2/repository/jline/jline/0.9.94/jline-0.9.94.jar:/home/user/.m2/repository/org/apache/yetus/audience-annotations/0.5.0/audience-annotations-0.5.0.jar:/home/user/.m2/repository/org/apache/kerby/kerb-simplekdc/1.0.1/kerb-simplekdc-1.0.1.jar:/home/user/.m2/repository/org/apache/kerby/kerb-client/1.0.1/kerb-client-1.0.1.jar:/home/user/.m2/repository/org/apache/kerby/kerby-config/1.0.1/kerby-config-1.0.1.jar:/home/user/.m2/repository/org/apache/kerby/kerb-core/1.0.1/kerb-core-1.0.1.jar:/home/user/.m2/repository/org/apache/kerby/kerby-pkix/1.0.1/kerby-pkix-1.0.1.jar:/home/user/.m2/repository/org/apache/kerby/kerby-asn1/1.0.1/kerby-asn1-1.0.1.jar:/home/user/.m2/repository/org/apache/kerby/kerby-util/1.0.1/kerby-util-1.0.1.jar:/home/user/.m2/repository/org/apache/kerby/kerb-common/1.0.1/kerb-common-1.0.1.jar:/home/user/.m2/repository/org/apache/kerby/kerb-crypto/1.0.1/kerb-crypto-1.0.1.jar:/home/user/.m2/repository/org/apache/kerby/kerb-util/1.0.1/kerb-util-1.0.1.jar:/home/user/.m2/repository/org/apache/kerby/token-provider/1.0.1/token-provider-1.0.1.jar:/home/user/.m2/repository/org/apache/kerby/kerb-admin/1.0.1/kerb-admin-1.0.1.jar:/home/user/.m2/repository/org/apache/kerby/kerb-server/1.0.1/kerb-server-1.0.1.jar:/home/user/.m2/repository/org/apache/kerby/kerb-identity/1.0.1/kerb-identity-1.0.1.jar:/home/user/.m2/repository/org/apache/kerby/kerby-xdr/1.0.1/kerby-xdr-1.0.1.jar:/home/user/.m2/repository/com/fasterxml/jackson/core/jackson-databind/2.9.9/jackson-databind-2.9.9.jar:/home/user/.m2/repository/com/fasterxml/jackson/core/jackson-core/2.9.9/jackson-core-2.9.9.jar:/home/user/.m2/repository/org/codehaus/woodstox/stax2-api/3.1.4/stax2-api-3.1.4.jar:/home/user/.m2/repository/com/fasterxml/woodstox/woodstox-core/5.0.3/woodstox-core-5.0.3.jar:/home/user/.m2/repository/dnsjava/dnsjava/2.1.7/dnsjava-2.1.7.jar:/home/user/.m2/repository/org/apache/hadoop/hadoop-hdfs/3.2.0/hadoop-hdfs-3.2.0.jar:/home/user/.m2/repository/org/eclipse/jetty/jetty-util-ajax/9.3.25.v20180904/jetty-util-ajax-9.3.25.v20180904.jar:/home/user/.m2/repository/commons-daemon/commons-daemon/1.0.13/commons-daemon-1.0.13.jar:/home/user/.m2/repository/io/netty/netty/3.10.5.Final/netty-3.10.5.Final.jar:/home/user/.m2/repository/io/netty/netty-all/4.0.52.Final/netty-all-4.0.52.Final.jar:/home/user/.m2/repository/org/fusesource/leveldbjni/leveldbjni-all/1.8/leveldbjni-all-1.8.jar:/home/user/.m2/repository/com/sun/xml/bind/jaxb-core/2.3.0.1/jaxb-core-2.3.0.1.jar:/home/user/.m2/repository/javax/xml/bind/jaxb-api/2.3.0/jaxb-api-2.3.0.jar:/home/user/.m2/repository/javax/activation/activation/1.1.1/activation-1.1.1.jar:/home/user/.m2/repository/org/openjdk/jmh/jmh-core/1.19/jmh-core-1.19.jar:/home/user/.m2/repository/net/sf/jopt-simple/jopt-simple/4.6/jopt-simple-4.6.jar:/home/user/.m2/repository/org/openjdk/jmh/jmh-generator-annprocess/1.19/jmh-generator-annprocess-1.19.jar:/home/user/.m2/repository/io/dropwizard/metrics/metrics-core/3.2.4/metrics-core-3.2.4.jar:/home/user/.m2/repository/com/amazonaws/aws-java-sdk-s3/1.11.615/aws-java-sdk-s3-1.11.615.jar:/home/user/.m2/repository/com/amazonaws/aws-java-sdk-kms/1.11.615/aws-java-sdk-kms-1.11.615.jar:/home/user/.m2/repository/com/amazonaws/aws-java-sdk-core/1.11.615/aws-java-sdk-core-1.11.615.jar:/home/user/.m2/repository/software/amazon/ion/ion-java/1.0.2/ion-java-1.0.2.jar:/home/user/.m2/repository/com/fasterxml/jackson/dataformat/jackson-dataformat-cbor/2.9.9/jackson-dataformat-cbor-2.9.9.jar:/home/user/.m2/repository/joda-time/joda-time/2.9.9/joda-time-2.9.9.jar:/home/user/.m2/repository/com/amazonaws/jmespath-java/1.11.615/jmespath-java-1.11.615.jar:/home/user/.m2/repository/com/github/spotbugs/spotbugs/3.1.12/spotbugs-3.1.12.jar:/home/user/.m2/repository/org/ow2/asm/asm/5.0.4/asm-5.0.4.jar:/home/user/.m2/repository/org/ow2/asm/asm-analysis/7.0/asm-analysis-7.0.jar:/home/user/.m2/repository/org/ow2/asm/asm-commons/7.0/asm-commons-7.0.jar:/home/user/.m2/repository/org/ow2/asm/asm-tree/7.0/asm-tree-7.0.jar:/home/user/.m2/repository/org/ow2/asm/asm-util/7.0/asm-util-7.0.jar:/home/user/.m2/repository/org/apache/bcel/bcel/6.3/bcel-6.3.jar:/home/user/.m2/repository/net/jcip/jcip-annotations/1.0/jcip-annotations-1.0.jar:/home/user/.m2/repository/org/dom4j/dom4j/2.1.1/dom4j-2.1.1.jar:/home/user/.m2/repository/jaxen/jaxen/1.1.6/jaxen-1.1.6.jar:/home/user/.m2/repository/commons-lang/commons-lang/2.6/commons-lang-2.6.jar:/home/user/.m2/repository/com/github/spotbugs/spotbugs-annotations/3.1.12/spotbugs-annotations-3.1.12.jar:/home/user/.m2/repository/junit/junit/4.11/junit-4.11.jar:/home/user/.m2/repository/org/hamcrest/hamcrest-core/1.3/hamcrest-core-1.3.jar:/home/user/.m2/repository/org/apache/hadoop/hadoop-common/3.2.0/hadoop-common-3.2.0-tests.jar:/workdir/hadoop-ozone/integration-test/target/test-classes:/home/user/.m2/repository/org/apache/hadoop/hadoop-ozone-s3gateway/0.5.0-SNAPSHOT/hadoop-ozone-s3gateway-0.5.0-SNAPSHOT.jar:/home/user/.m2/repository/org/jboss/weld/servlet/weld-servlet/2.4.7.Final/weld-servlet-2.4.7.Final.jar:/home/user/.m2/repository/org/glassfish/jersey/containers/jersey-container-servlet-core/2.27/jersey-container-servlet-core-2.27.jar:/home/user/.m2/repository/org/glassfish/hk2/external/javax.inject/2.5.0-b42/javax.inject-2.5.0-b42.jar:/home/user/.m2/repository/org/glassfish/jersey/core/jersey-common/2.27/jersey-common-2.27.jar:/home/user/.m2/repository/org/glassfish/hk2/osgi-resource-locator/1.0.1/osgi-resource-locator-1.0.1.jar:/home/user/.m2/repository/javax/ws/rs/javax.ws.rs-api/2.1/javax.ws.rs-api-2.1.jar:/home/user/.m2/repository/org/glassfish/jersey/ext/cdi/jersey-cdi1x/2.27/jersey-cdi1x-2.27.jar:/home/user/.m2/repository/org/glassfish/jersey/inject/jersey-hk2/2.27/jersey-hk2-2.27.jar:/home/user/.m2/repository/org/glassfish/hk2/hk2-locator/2.5.0-b42/hk2-locator-2.5.0-b42.jar:/home/user/.m2/repository/org/javassist/javassist/3.22.0-CR2/javassist-3.22.0-CR2.jar:/home/user/.m2/repository/org/glassfish/hk2/hk2-api/2.5.0/hk2-api-2.5.0.jar:/home/user/.m2/repository/org/glassfish/hk2/external/jakarta.inject/2.5.0/jakarta.inject-2.5.0.jar:/home/user/.m2/repository/org/glassfish/hk2/hk2-utils/2.5.0/hk2-utils-2.5.0.jar:/home/user/.m2/repository/jakarta/annotation/jakarta.annotation-api/1.3.4/jakarta.annotation-api-1.3.4.jar:/home/user/.m2/repository/org/glassfish/hk2/external/aopalliance-repackaged/2.5.0/aopalliance-repackaged-2.5.0.jar:/home/user/.m2/repository/com/fasterxml/jackson/dataformat/jackson-dataformat-xml/2.9.0/jackson-dataformat-xml-2.9.0.jar:/home/user/.m2/repository/com/fasterxml/jackson/module/jackson-module-jaxb-annotations/2.9.9/jackson-module-jaxb-annotations-2.9.9.jar:/home/user/.m2/repository/javax/enterprise/cdi-api/1.2/cdi-api-1.2.jar:/home/user/.m2/repository/javax/el/javax.el-api/3.0.0/javax.el-api-3.0.0.jar:/home/user/.m2/repository/javax/interceptor/javax.interceptor-api/1.2/javax.interceptor-api-1.2.jar:/home/user/.m2/repository/javax/inject/javax.inject/1/javax.inject-1.jar:/home/user/.m2/repository/org/apache/hadoop/hadoop-ozone-csi/0.5.0-SNAPSHOT/hadoop-ozone-csi-0.5.0-SNAPSHOT.jar:/home/user/.m2/repository/com/google/protobuf/protobuf-java-util/3.5.1/protobuf-java-util-3.5.1.jar:/home/user/.m2/repository/io/grpc/grpc-netty/1.17.1/grpc-netty-1.17.1.jar:/home/user/.m2/repository/io/grpc/grpc-core/1.17.1/grpc-core-1.17.1.jar:/home/user/.m2/repository/io/grpc/grpc-context/1.17.1/grpc-context-1.17.1.jar:/home/user/.m2/repository/com/google/errorprone/error_prone_annotations/2.2.0/error_prone_annotations-2.2.0.jar:/home/user/.m2/repository/org/codehaus/mojo/animal-sniffer-annotations/1.17/animal-sniffer-annotations-1.17.jar:/home/user/.m2/repository/io/opencensus/opencensus-api/0.17.0/opencensus-api-0.17.0.jar:/home/user/.m2/repository/io/opencensus/opencensus-contrib-grpc-metrics/0.17.0/opencensus-contrib-grpc-metrics-0.17.0.jar:/home/user/.m2/repository/io/netty/netty-codec-http2/4.1.30.Final/netty-codec-http2-4.1.30.Final.jar:/home/user/.m2/repository/io/netty/netty-codec-http/4.1.30.Final/netty-codec-http-4.1.30.Final.jar:/home/user/.m2/repository/io/netty/netty-codec/4.1.30.Final/netty-codec-4.1.30.Final.jar:/home/user/.m2/repository/io/netty/netty-handler/4.1.30.Final/netty-handler-4.1.30.Final.jar:/home/user/.m2/repository/io/netty/netty-handler-proxy/4.1.30.Final/netty-handler-proxy-4.1.30.Final.jar:/home/user/.m2/repository/io/netty/netty-codec-socks/4.1.30.Final/netty-codec-socks-4.1.30.Final.jar:/home/user/.m2/repository/io/netty/netty-transport-native-epoll/4.1.30.Final/netty-transport-native-epoll-4.1.30.Final.jar:/home/user/.m2/repository/io/netty/netty-common/4.1.30.Final/netty-common-4.1.30.Final.jar:/home/user/.m2/repository/io/netty/netty-buffer/4.1.30.Final/netty-buffer-4.1.30.Final.jar:/home/user/.m2/repository/io/netty/netty-transport/4.1.30.Final/netty-transport-4.1.30.Final.jar:/home/user/.m2/repository/io/netty/netty-resolver/4.1.30.Final/netty-resolver-4.1.30.Final.jar:/home/user/.m2/repository/io/netty/netty-transport-native-unix-common/4.1.30.Final/netty-transport-native-unix-common-4.1.30.Final.jar:/home/user/.m2/repository/io/grpc/grpc-protobuf/1.17.1/grpc-protobuf-1.17.1.jar:/home/user/.m2/repository/com/google/api/grpc/proto-google-common-protos/1.0.0/proto-google-common-protos-1.0.0.jar:/home/user/.m2/repository/io/grpc/grpc-protobuf-lite/1.17.1/grpc-protobuf-lite-1.17.1.jar:/home/user/.m2/repository/io/grpc/grpc-stub/1.17.1/grpc-stub-1.17.1.jar:/home/user/.m2/repository/org/apache/hadoop/hadoop-ozone-recon/0.5.0-SNAPSHOT/hadoop-ozone-recon-0.5.0-SNAPSHOT.jar:/home/user/.m2/repository/org/apache/hadoop/hadoop-ozone-reconcodegen/0.5.0-SNAPSHOT/hadoop-ozone-reconcodegen-0.5.0-SNAPSHOT.jar:/home/user/.m2/repository/com/google/inject/extensions/guice-multibindings/4.0/guice-multibindings-4.0.jar:/home/user/.m2/repository/com/google/inject/guice/4.0/guice-4.0.jar:/home/user/.m2/repository/aopalliance/aopalliance/1.0/aopalliance-1.0.jar:/home/user/.m2/repository/com/google/inject/extensions/guice-servlet/4.0/guice-servlet-4.0.jar:/home/user/.m2/repository/org/glassfish/jersey/containers/jersey-container-servlet/2.27/jersey-container-servlet-2.27.jar:/home/user/.m2/repository/org/glassfish/hk2/guice-bridge/2.5.0/guice-bridge-2.5.0.jar:/home/user/.m2/repository/org/glassfish/jersey/core/jersey-server/2.27/jersey-server-2.27.jar:/home/user/.m2/repository/org/glassfish/jersey/core/jersey-client/2.27/jersey-client-2.27.jar:/home/user/.m2/repository/org/glassfish/jersey/media/jersey-media-jaxb/2.27/jersey-media-jaxb-2.27.jar:/home/user/.m2/repository/javax/validation/validation-api/1.1.0.Final/validation-api-1.1.0.Final.jar:/home/user/.m2/repository/org/glassfish/jersey/media/jersey-media-json-jackson/2.27/jersey-media-json-jackson-2.27.jar:/home/user/.m2/repository/org/glassfish/jersey/ext/jersey-entity-filtering/2.27/jersey-entity-filtering-2.27.jar:/home/user/.m2/repository/com/google/inject/extensions/guice-assistedinject/4.0/guice-assistedinject-4.0.jar:/home/user/.m2/repository/org/jooq/jooq/3.11.10/jooq-3.11.10.jar:/home/user/.m2/repository/org/jooq/jooq-meta/3.11.10/jooq-meta-3.11.10.jar:/home/user/.m2/repository/org/jooq/jooq-codegen/3.11.10/jooq-codegen-3.11.10.jar:/home/user/.m2/repository/com/jolbox/bonecp/0.8.0.RELEASE/bonecp-0.8.0.RELEASE.jar:/home/user/.m2/repository/org/springframework/spring-jdbc/5.1.3.RELEASE/spring-jdbc-5.1.3.RELEASE.jar:/home/user/.m2/repository/org/springframework/spring-beans/5.1.3.RELEASE/spring-beans-5.1.3.RELEASE.jar:/home/user/.m2/repository/org/springframework/spring-core/5.1.3.RELEASE/spring-core-5.1.3.RELEASE.jar:/home/user/.m2/repository/org/springframework/spring-jcl/5.1.3.RELEASE/spring-jcl-5.1.3.RELEASE.jar:/home/user/.m2/repository/org/springframework/spring-tx/5.1.3.RELEASE/spring-tx-5.1.3.RELEASE.jar:/home/user/.m2/repository/org/mockito/mockito-core/2.15.0/mockito-core-2.15.0.jar:/home/user/.m2/repository/net/bytebuddy/byte-buddy/1.7.9/byte-buddy-1.7.9.jar:/home/user/.m2/repository/net/bytebuddy/byte-buddy-agent/1.7.9/byte-buddy-agent-1.7.9.jar:/home/user/.m2/repository/org/objenesis/objenesis/1.0/objenesis-1.0.jar:"/>
    <property name="java.vm.vendor" value="Oracle Corporation"/>
    <property name="sun.arch.data.model" value="64"/>
    <property name="test.build.dir" value="/workdir/hadoop-ozone/tools/target/test-dir"/>
    <property name="test.cache.data" value=""/>
    <property name="java.vendor.url" value="http://java.oracle.com/"/>
    <property name="user.timezone" value=""/>
    <property name="java.vm.specification.version" value="1.8"/>
    <property name="os.name" value="Linux"/>
    <property name="test.build.data" value="/workdir/hadoop-ozone/tools/target/test-dir"/>
    <property name="user.country" value="US"/>
    <property name="sun.java.launcher" value="SUN_STANDARD"/>
    <property name="sun.boot.library.path" value="/usr/lib/jvm/java-1.8.0-openjdk-1.8.0.222.b10-1.el7_7.x86_64/jre/lib/amd64"/>
    <property name="sun.java.command" value="/workdir/hadoop-ozone/tools/target/surefire/surefirebooter6257638859574593595.jar /workdir/hadoop-ozone/tools/target/surefire 2019-11-14T05-37-24_269-jvmRun1 surefire4644628037313520309tmp surefire_983482380584804708503tmp"/>
    <property name="surefire.test.class.path" value="/workdir/hadoop-ozone/tools/target/test-classes:/workdir/hadoop-ozone/tools/target/classes:/home/user/.m2/repository/org/apache/hadoop/hadoop-ozone-ozone-manager/0.5.0-SNAPSHOT/hadoop-ozone-ozone-manager-0.5.0-SNAPSHOT.jar:/home/user/.m2/repository/org/apache/hadoop/hadoop-hdds-docs/0.5.0-SNAPSHOT/hadoop-hdds-docs-0.5.0-SNAPSHOT.jar:/home/user/.m2/repository/org/bouncycastle/bcprov-jdk15on/1.60/bcprov-jdk15on-1.60.jar:/home/user/.m2/repository/org/apache/hadoop/hadoop-ozone-common/0.5.0-SNAPSHOT/hadoop-ozone-common-0.5.0-SNAPSHOT.jar:/home/user/.m2/repository/org/apache/commons/commons-compress/1.4.1/commons-compress-1.4.1.jar:/home/user/.m2/repository/org/tukaani/xz/1.0/xz-1.0.jar:/home/user/.m2/repository/org/apache/hadoop/hadoop-hdfs-client/3.2.0/hadoop-hdfs-client-3.2.0.jar:/home/user/.m2/repository/com/fasterxml/jackson/core/jackson-annotations/2.9.9/jackson-annotations-2.9.9.jar:/home/user/.m2/repository/org/apache/hadoop/hadoop-hdds-common/0.5.0-SNAPSHOT/hadoop-hdds-common-0.5.0-SNAPSHOT.jar:/home/user/.m2/repository/org/apache/hadoop/hadoop-hdds-config/0.5.0-SNAPSHOT/hadoop-hdds-config-0.5.0-SNAPSHOT.jar:/home/user/.m2/repository/javax/annotation/javax.annotation-api/1.2/javax.annotation-api-1.2.jar:/home/user/.m2/repository/org/apache/ratis/ratis-server/0.5.0-d6d58d0-SNAPSHOT/ratis-server-0.5.0-d6d58d0-SNAPSHOT.jar:/home/user/.m2/repository/org/apache/ratis/ratis-thirdparty-misc/0.2.0/ratis-thirdparty-misc-0.2.0.jar:/home/user/.m2/repository/org/apache/ratis/ratis-proto/0.5.0-d6d58d0-SNAPSHOT/ratis-proto-0.5.0-d6d58d0-SNAPSHOT.jar:/home/user/.m2/repository/org/apache/ratis/ratis-common/0.5.0-d6d58d0-SNAPSHOT/ratis-common-0.5.0-d6d58d0-SNAPSHOT.jar:/home/user/.m2/repository/org/apache/ratis/ratis-client/0.5.0-d6d58d0-SNAPSHOT/ratis-client-0.5.0-d6d58d0-SNAPSHOT.jar:/home/user/.m2/repository/org/apache/ratis/ratis-metrics/0.5.0-d6d58d0-SNAPSHOT/ratis-metrics-0.5.0-d6d58d0-SNAPSHOT.jar:/home/user/.m2/repository/org/apache/ratis/ratis-netty/0.5.0-d6d58d0-SNAPSHOT/ratis-netty-0.5.0-d6d58d0-SNAPSHOT.jar:/home/user/.m2/repository/org/apache/ratis/ratis-grpc/0.5.0-d6d58d0-SNAPSHOT/ratis-grpc-0.5.0-d6d58d0-SNAPSHOT.jar:/home/user/.m2/repository/org/rocksdb/rocksdbjni/6.0.1/rocksdbjni-6.0.1.jar:/home/user/.m2/repository/org/apache/logging/log4j/log4j-api/2.11.0/log4j-api-2.11.0.jar:/home/user/.m2/repository/org/apache/logging/log4j/log4j-core/2.11.0/log4j-core-2.11.0.jar:/home/user/.m2/repository/com/lmax/disruptor/3.4.2/disruptor-3.4.2.jar:/home/user/.m2/repository/org/apache/commons/commons-pool2/2.6.0/commons-pool2-2.6.0.jar:/home/user/.m2/repository/org/bouncycastle/bcpkix-jdk15on/1.60/bcpkix-jdk15on-1.60.jar:/home/user/.m2/repository/commons-validator/commons-validator/1.6/commons-validator-1.6.jar:/home/user/.m2/repository/commons-digester/commons-digester/1.8.1/commons-digester-1.8.1.jar:/home/user/.m2/repository/io/jaegertracing/jaeger-client/0.34.0/jaeger-client-0.34.0.jar:/home/user/.m2/repository/io/jaegertracing/jaeger-thrift/0.34.0/jaeger-thrift-0.34.0.jar:/home/user/.m2/repository/org/apache/thrift/libthrift/0.12.0/libthrift-0.12.0.jar:/home/user/.m2/repository/com/squareup/okhttp3/okhttp/3.9.0/okhttp-3.9.0.jar:/home/user/.m2/repository/com/squareup/okio/okio/1.13.0/okio-1.13.0.jar:/home/user/.m2/repository/io/jaegertracing/jaeger-core/0.34.0/jaeger-core-0.34.0.jar:/home/user/.m2/repository/io/jaegertracing/jaeger-tracerresolver/0.34.0/jaeger-tracerresolver-0.34.0.jar:/home/user/.m2/repository/io/opentracing/contrib/opentracing-tracerresolver/0.1.5/opentracing-tracerresolver-0.1.5.jar:/home/user/.m2/repository/io/opentracing/opentracing-util/0.31.0/opentracing-util-0.31.0.jar:/home/user/.m2/repository/io/opentracing/opentracing-api/0.31.0/opentracing-api-0.31.0.jar:/home/user/.m2/repository/io/opentracing/opentracing-noop/0.31.0/opentracing-noop-0.31.0.jar:/home/user/.m2/repository/org/yaml/snakeyaml/1.16/snakeyaml-1.16.jar:/home/user/.m2/repository/org/apache/hadoop/hadoop-hdds-container-service/0.5.0-SNAPSHOT/hadoop-hdds-container-service-0.5.0-SNAPSHOT.jar:/home/user/.m2/repository/org/apache/hadoop/hadoop-hdds-client/0.5.0-SNAPSHOT/hadoop-hdds-client-0.5.0-SNAPSHOT.jar:/home/user/.m2/repository/org/apache/hadoop/hadoop-hdds-tools/0.5.0-SNAPSHOT/hadoop-hdds-tools-0.5.0-SNAPSHOT.jar:/home/user/.m2/repository/org/xerial/sqlite-jdbc/3.25.2/sqlite-jdbc-3.25.2.jar:/home/user/.m2/repository/org/apache/hadoop/hadoop-hdds-server-scm/0.5.0-SNAPSHOT/hadoop-hdds-server-scm-0.5.0-SNAPSHOT.jar:/home/user/.m2/repository/org/hamcrest/hamcrest-all/1.3/hamcrest-all-1.3.jar:/home/user/.m2/repository/info/picocli/picocli/3.9.6/picocli-3.9.6.jar:/home/user/.m2/repository/com/google/protobuf/protobuf-java/2.5.0/protobuf-java-2.5.0.jar:/home/user/.m2/repository/com/google/guava/guava/11.0.2/guava-11.0.2.jar:/home/user/.m2/repository/org/apache/hadoop/hadoop-ozone-client/0.5.0-SNAPSHOT/hadoop-ozone-client-0.5.0-SNAPSHOT.jar:/workdir/hadoop-ozone/ozonefs/target/classes:/home/user/.m2/repository/org/apache/httpcomponents/httpclient/4.5.2/httpclient-4.5.2.jar:/home/user/.m2/repository/org/apache/httpcomponents/httpcore/4.4.4/httpcore-4.4.4.jar:/home/user/.m2/repository/org/apache/hadoop/hadoop-hdds-server-framework/0.5.0-SNAPSHOT/hadoop-hdds-server-framework-0.5.0-SNAPSHOT.jar:/home/user/.m2/repository/org/apache/hadoop/hadoop-common/3.2.0/hadoop-common-3.2.0.jar:/home/user/.m2/repository/org/apache/hadoop/hadoop-annotations/3.2.0/hadoop-annotations-3.2.0.jar:/usr/lib/jvm/java-1.8.0-openjdk-1.8.0.222.b10-1.el7_7.x86_64/jre/../lib/tools.jar:/home/user/.m2/repository/commons-cli/commons-cli/1.2/commons-cli-1.2.jar:/home/user/.m2/repository/org/apache/commons/commons-math3/3.1.1/commons-math3-3.1.1.jar:/home/user/.m2/repository/commons-codec/commons-codec/1.11/commons-codec-1.11.jar:/home/user/.m2/repository/commons-io/commons-io/2.5/commons-io-2.5.jar:/home/user/.m2/repository/commons-net/commons-net/3.6/commons-net-3.6.jar:/home/user/.m2/repository/commons-collections/commons-collections/3.2.2/commons-collections-3.2.2.jar:/home/user/.m2/repository/javax/servlet/javax.servlet-api/3.1.0/javax.servlet-api-3.1.0.jar:/home/user/.m2/repository/org/eclipse/jetty/jetty-server/9.3.25.v20180904/jetty-server-9.3.25.v20180904.jar:/home/user/.m2/repository/org/eclipse/jetty/jetty-http/9.3.25.v20180904/jetty-http-9.3.25.v20180904.jar:/home/user/.m2/repository/org/eclipse/jetty/jetty-io/9.3.25.v20180904/jetty-io-9.3.25.v20180904.jar:/home/user/.m2/repository/org/eclipse/jetty/jetty-util/9.3.25.v20180904/jetty-util-9.3.25.v20180904.jar:/home/user/.m2/repository/org/eclipse/jetty/jetty-servlet/9.3.25.v20180904/jetty-servlet-9.3.25.v20180904.jar:/home/user/.m2/repository/org/eclipse/jetty/jetty-security/9.3.25.v20180904/jetty-security-9.3.25.v20180904.jar:/home/user/.m2/repository/org/eclipse/jetty/jetty-webapp/9.3.25.v20180904/jetty-webapp-9.3.25.v20180904.jar:/home/user/.m2/repository/org/eclipse/jetty/jetty-xml/9.3.25.v20180904/jetty-xml-9.3.25.v20180904.jar:/home/user/.m2/repository/javax/servlet/jsp/jsp-api/2.1/jsp-api-2.1.jar:/home/user/.m2/repository/com/sun/jersey/jersey-core/1.19/jersey-core-1.19.jar:/home/user/.m2/repository/javax/ws/rs/jsr311-api/1.1.1/jsr311-api-1.1.1.jar:/home/user/.m2/repository/com/sun/jersey/jersey-servlet/1.19/jersey-servlet-1.19.jar:/home/user/.m2/repository/com/sun/jersey/jersey-json/1.19/jersey-json-1.19.jar:/home/user/.m2/repository/org/codehaus/jettison/jettison/1.1/jettison-1.1.jar:/home/user/.m2/repository/com/sun/xml/bind/jaxb-impl/2.3.0.1/jaxb-impl-2.3.0.1.jar:/home/user/.m2/repository/org/codehaus/jackson/jackson-core-asl/1.9.13/jackson-core-asl-1.9.13.jar:/home/user/.m2/repository/org/codehaus/jackson/jackson-mapper-asl/1.9.13/jackson-mapper-asl-1.9.13.jar:/home/user/.m2/repository/org/codehaus/jackson/jackson-jaxrs/1.9.13/jackson-jaxrs-1.9.13.jar:/home/user/.m2/repository/org/codehaus/jackson/jackson-xc/1.9.13/jackson-xc-1.9.13.jar:/home/user/.m2/repository/com/sun/jersey/jersey-server/1.19/jersey-server-1.19.jar:/home/user/.m2/repository/commons-logging/commons-logging/1.1.3/commons-logging-1.1.3.jar:/home/user/.m2/repository/log4j/log4j/1.2.17/log4j-1.2.17.jar:/home/user/.m2/repository/commons-beanutils/commons-beanutils/1.9.4/commons-beanutils-1.9.4.jar:/home/user/.m2/repository/org/apache/commons/commons-configuration2/2.1.1/commons-configuration2-2.1.1.jar:/home/user/.m2/repository/org/apache/commons/commons-lang3/3.7/commons-lang3-3.7.jar:/home/user/.m2/repository/org/apache/commons/commons-text/1.4/commons-text-1.4.jar:/home/user/.m2/repository/org/slf4j/slf4j-api/1.7.25/slf4j-api-1.7.25.jar:/home/user/.m2/repository/org/slf4j/slf4j-log4j12/1.7.25/slf4j-log4j12-1.7.25.jar:/home/user/.m2/repository/org/apache/avro/avro/1.7.7/avro-1.7.7.jar:/home/user/.m2/repository/com/thoughtworks/paranamer/paranamer/2.3/paranamer-2.3.jar:/home/user/.m2/repository/org/xerial/snappy/snappy-java/1.0.5/snappy-java-1.0.5.jar:/home/user/.m2/repository/com/google/re2j/re2j/1.1/re2j-1.1.jar:/home/user/.m2/repository/com/google/code/gson/gson/2.2.4/gson-2.2.4.jar:/home/user/.m2/repository/org/apache/hadoop/hadoop-auth/3.2.0/hadoop-auth-3.2.0.jar:/home/user/.m2/repository/com/nimbusds/nimbus-jose-jwt/4.41.1/nimbus-jose-jwt-4.41.1.jar:/home/user/.m2/repository/com/github/stephenc/jcip/jcip-annotations/1.0-1/jcip-annotations-1.0-1.jar:/home/user/.m2/repository/net/minidev/json-smart/2.3/json-smart-2.3.jar:/home/user/.m2/repository/net/minidev/accessors-smart/1.2/accessors-smart-1.2.jar:/home/user/.m2/repository/org/apache/curator/curator-framework/2.12.0/curator-framework-2.12.0.jar:/home/user/.m2/repository/com/jcraft/jsch/0.1.54/jsch-0.1.54.jar:/home/user/.m2/repository/org/apache/curator/curator-client/2.12.0/curator-client-2.12.0.jar:/home/user/.m2/repository/org/apache/curator/curator-recipes/2.12.0/curator-recipes-2.12.0.jar:/home/user/.m2/repository/com/google/code/findbugs/jsr305/3.0.0/jsr305-3.0.0.jar:/home/user/.m2/repository/org/apache/htrace/htrace-core4/4.1.0-incubating/htrace-core4-4.1.0-incubating.jar:/home/user/.m2/repository/org/apache/zookeeper/zookeeper/3.4.13/zookeeper-3.4.13.jar:/home/user/.m2/repository/jline/jline/0.9.94/jline-0.9.94.jar:/home/user/.m2/repository/org/apache/yetus/audience-annotations/0.5.0/audience-annotations-0.5.0.jar:/home/user/.m2/repository/org/apache/kerby/kerb-simplekdc/1.0.1/kerb-simplekdc-1.0.1.jar:/home/user/.m2/repository/org/apache/kerby/kerb-client/1.0.1/kerb-client-1.0.1.jar:/home/user/.m2/repository/org/apache/kerby/kerby-config/1.0.1/kerby-config-1.0.1.jar:/home/user/.m2/repository/org/apache/kerby/kerb-core/1.0.1/kerb-core-1.0.1.jar:/home/user/.m2/repository/org/apache/kerby/kerby-pkix/1.0.1/kerby-pkix-1.0.1.jar:/home/user/.m2/repository/org/apache/kerby/kerby-asn1/1.0.1/kerby-asn1-1.0.1.jar:/home/user/.m2/repository/org/apache/kerby/kerby-util/1.0.1/kerby-util-1.0.1.jar:/home/user/.m2/repository/org/apache/kerby/kerb-common/1.0.1/kerb-common-1.0.1.jar:/home/user/.m2/repository/org/apache/kerby/kerb-crypto/1.0.1/kerb-crypto-1.0.1.jar:/home/user/.m2/repository/org/apache/kerby/kerb-util/1.0.1/kerb-util-1.0.1.jar:/home/user/.m2/repository/org/apache/kerby/token-provider/1.0.1/token-provider-1.0.1.jar:/home/user/.m2/repository/org/apache/kerby/kerb-admin/1.0.1/kerb-admin-1.0.1.jar:/home/user/.m2/repository/org/apache/kerby/kerb-server/1.0.1/kerb-server-1.0.1.jar:/home/user/.m2/repository/org/apache/kerby/kerb-identity/1.0.1/kerb-identity-1.0.1.jar:/home/user/.m2/repository/org/apache/kerby/kerby-xdr/1.0.1/kerby-xdr-1.0.1.jar:/home/user/.m2/repository/com/fasterxml/jackson/core/jackson-databind/2.9.9/jackson-databind-2.9.9.jar:/home/user/.m2/repository/com/fasterxml/jackson/core/jackson-core/2.9.9/jackson-core-2.9.9.jar:/home/user/.m2/repository/org/codehaus/woodstox/stax2-api/3.1.4/stax2-api-3.1.4.jar:/home/user/.m2/repository/com/fasterxml/woodstox/woodstox-core/5.0.3/woodstox-core-5.0.3.jar:/home/user/.m2/repository/dnsjava/dnsjava/2.1.7/dnsjava-2.1.7.jar:/home/user/.m2/repository/org/apache/hadoop/hadoop-hdfs/3.2.0/hadoop-hdfs-3.2.0.jar:/home/user/.m2/repository/org/eclipse/jetty/jetty-util-ajax/9.3.25.v20180904/jetty-util-ajax-9.3.25.v20180904.jar:/home/user/.m2/repository/commons-daemon/commons-daemon/1.0.13/commons-daemon-1.0.13.jar:/home/user/.m2/repository/io/netty/netty/3.10.5.Final/netty-3.10.5.Final.jar:/home/user/.m2/repository/io/netty/netty-all/4.0.52.Final/netty-all-4.0.52.Final.jar:/home/user/.m2/repository/org/fusesource/leveldbjni/leveldbjni-all/1.8/leveldbjni-all-1.8.jar:/home/user/.m2/repository/com/sun/xml/bind/jaxb-core/2.3.0.1/jaxb-core-2.3.0.1.jar:/home/user/.m2/repository/javax/xml/bind/jaxb-api/2.3.0/jaxb-api-2.3.0.jar:/home/user/.m2/repository/javax/activation/activation/1.1.1/activation-1.1.1.jar:/home/user/.m2/repository/org/openjdk/jmh/jmh-core/1.19/jmh-core-1.19.jar:/home/user/.m2/repository/net/sf/jopt-simple/jopt-simple/4.6/jopt-simple-4.6.jar:/home/user/.m2/repository/org/openjdk/jmh/jmh-generator-annprocess/1.19/jmh-generator-annprocess-1.19.jar:/home/user/.m2/repository/io/dropwizard/metrics/metrics-core/3.2.4/metrics-core-3.2.4.jar:/home/user/.m2/repository/com/amazonaws/aws-java-sdk-s3/1.11.615/aws-java-sdk-s3-1.11.615.jar:/home/user/.m2/repository/com/amazonaws/aws-java-sdk-kms/1.11.615/aws-java-sdk-kms-1.11.615.jar:/home/user/.m2/repository/com/amazonaws/aws-java-sdk-core/1.11.615/aws-java-sdk-core-1.11.615.jar:/home/user/.m2/repository/software/amazon/ion/ion-java/1.0.2/ion-java-1.0.2.jar:/home/user/.m2/repository/com/fasterxml/jackson/dataformat/jackson-dataformat-cbor/2.9.9/jackson-dataformat-cbor-2.9.9.jar:/home/user/.m2/repository/joda-time/joda-time/2.9.9/joda-time-2.9.9.jar:/home/user/.m2/repository/com/amazonaws/jmespath-java/1.11.615/jmespath-java-1.11.615.jar:/home/user/.m2/repository/com/github/spotbugs/spotbugs/3.1.12/spotbugs-3.1.12.jar:/home/user/.m2/repository/org/ow2/asm/asm/5.0.4/asm-5.0.4.jar:/home/user/.m2/repository/org/ow2/asm/asm-analysis/7.0/asm-analysis-7.0.jar:/home/user/.m2/repository/org/ow2/asm/asm-commons/7.0/asm-commons-7.0.jar:/home/user/.m2/repository/org/ow2/asm/asm-tree/7.0/asm-tree-7.0.jar:/home/user/.m2/repository/org/ow2/asm/asm-util/7.0/asm-util-7.0.jar:/home/user/.m2/repository/org/apache/bcel/bcel/6.3/bcel-6.3.jar:/home/user/.m2/repository/net/jcip/jcip-annotations/1.0/jcip-annotations-1.0.jar:/home/user/.m2/repository/org/dom4j/dom4j/2.1.1/dom4j-2.1.1.jar:/home/user/.m2/repository/jaxen/jaxen/1.1.6/jaxen-1.1.6.jar:/home/user/.m2/repository/commons-lang/commons-lang/2.6/commons-lang-2.6.jar:/home/user/.m2/repository/com/github/spotbugs/spotbugs-annotations/3.1.12/spotbugs-annotations-3.1.12.jar:/home/user/.m2/repository/junit/junit/4.11/junit-4.11.jar:/home/user/.m2/repository/org/hamcrest/hamcrest-core/1.3/hamcrest-core-1.3.jar:/home/user/.m2/repository/org/apache/hadoop/hadoop-common/3.2.0/hadoop-common-3.2.0-tests.jar:/workdir/hadoop-ozone/integration-test/target/test-classes:/home/user/.m2/repository/org/apache/hadoop/hadoop-ozone-s3gateway/0.5.0-SNAPSHOT/hadoop-ozone-s3gateway-0.5.0-SNAPSHOT.jar:/home/user/.m2/repository/org/jboss/weld/servlet/weld-servlet/2.4.7.Final/weld-servlet-2.4.7.Final.jar:/home/user/.m2/repository/org/glassfish/jersey/containers/jersey-container-servlet-core/2.27/jersey-container-servlet-core-2.27.jar:/home/user/.m2/repository/org/glassfish/hk2/external/javax.inject/2.5.0-b42/javax.inject-2.5.0-b42.jar:/home/user/.m2/repository/org/glassfish/jersey/core/jersey-common/2.27/jersey-common-2.27.jar:/home/user/.m2/repository/org/glassfish/hk2/osgi-resource-locator/1.0.1/osgi-resource-locator-1.0.1.jar:/home/user/.m2/repository/javax/ws/rs/javax.ws.rs-api/2.1/javax.ws.rs-api-2.1.jar:/home/user/.m2/repository/org/glassfish/jersey/ext/cdi/jersey-cdi1x/2.27/jersey-cdi1x-2.27.jar:/home/user/.m2/repository/org/glassfish/jersey/inject/jersey-hk2/2.27/jersey-hk2-2.27.jar:/home/user/.m2/repository/org/glassfish/hk2/hk2-locator/2.5.0-b42/hk2-locator-2.5.0-b42.jar:/home/user/.m2/repository/org/javassist/javassist/3.22.0-CR2/javassist-3.22.0-CR2.jar:/home/user/.m2/repository/org/glassfish/hk2/hk2-api/2.5.0/hk2-api-2.5.0.jar:/home/user/.m2/repository/org/glassfish/hk2/external/jakarta.inject/2.5.0/jakarta.inject-2.5.0.jar:/home/user/.m2/repository/org/glassfish/hk2/hk2-utils/2.5.0/hk2-utils-2.5.0.jar:/home/user/.m2/repository/jakarta/annotation/jakarta.annotation-api/1.3.4/jakarta.annotation-api-1.3.4.jar:/home/user/.m2/repository/org/glassfish/hk2/external/aopalliance-repackaged/2.5.0/aopalliance-repackaged-2.5.0.jar:/home/user/.m2/repository/com/fasterxml/jackson/dataformat/jackson-dataformat-xml/2.9.0/jackson-dataformat-xml-2.9.0.jar:/home/user/.m2/repository/com/fasterxml/jackson/module/jackson-module-jaxb-annotations/2.9.9/jackson-module-jaxb-annotations-2.9.9.jar:/home/user/.m2/repository/javax/enterprise/cdi-api/1.2/cdi-api-1.2.jar:/home/user/.m2/repository/javax/el/javax.el-api/3.0.0/javax.el-api-3.0.0.jar:/home/user/.m2/repository/javax/interceptor/javax.interceptor-api/1.2/javax.interceptor-api-1.2.jar:/home/user/.m2/repository/javax/inject/javax.inject/1/javax.inject-1.jar:/home/user/.m2/repository/org/apache/hadoop/hadoop-ozone-csi/0.5.0-SNAPSHOT/hadoop-ozone-csi-0.5.0-SNAPSHOT.jar:/home/user/.m2/repository/com/google/protobuf/protobuf-java-util/3.5.1/protobuf-java-util-3.5.1.jar:/home/user/.m2/repository/io/grpc/grpc-netty/1.17.1/grpc-netty-1.17.1.jar:/home/user/.m2/repository/io/grpc/grpc-core/1.17.1/grpc-core-1.17.1.jar:/home/user/.m2/repository/io/grpc/grpc-context/1.17.1/grpc-context-1.17.1.jar:/home/user/.m2/repository/com/google/errorprone/error_prone_annotations/2.2.0/error_prone_annotations-2.2.0.jar:/home/user/.m2/repository/org/codehaus/mojo/animal-sniffer-annotations/1.17/animal-sniffer-annotations-1.17.jar:/home/user/.m2/repository/io/opencensus/opencensus-api/0.17.0/opencensus-api-0.17.0.jar:/home/user/.m2/repository/io/opencensus/opencensus-contrib-grpc-metrics/0.17.0/opencensus-contrib-grpc-metrics-0.17.0.jar:/home/user/.m2/repository/io/netty/netty-codec-http2/4.1.30.Final/netty-codec-http2-4.1.30.Final.jar:/home/user/.m2/repository/io/netty/netty-codec-http/4.1.30.Final/netty-codec-http-4.1.30.Final.jar:/home/user/.m2/repository/io/netty/netty-codec/4.1.30.Final/netty-codec-4.1.30.Final.jar:/home/user/.m2/repository/io/netty/netty-handler/4.1.30.Final/netty-handler-4.1.30.Final.jar:/home/user/.m2/repository/io/netty/netty-handler-proxy/4.1.30.Final/netty-handler-proxy-4.1.30.Final.jar:/home/user/.m2/repository/io/netty/netty-codec-socks/4.1.30.Final/netty-codec-socks-4.1.30.Final.jar:/home/user/.m2/repository/io/netty/netty-transport-native-epoll/4.1.30.Final/netty-transport-native-epoll-4.1.30.Final.jar:/home/user/.m2/repository/io/netty/netty-common/4.1.30.Final/netty-common-4.1.30.Final.jar:/home/user/.m2/repository/io/netty/netty-buffer/4.1.30.Final/netty-buffer-4.1.30.Final.jar:/home/user/.m2/repository/io/netty/netty-transport/4.1.30.Final/netty-transport-4.1.30.Final.jar:/home/user/.m2/repository/io/netty/netty-resolver/4.1.30.Final/netty-resolver-4.1.30.Final.jar:/home/user/.m2/repository/io/netty/netty-transport-native-unix-common/4.1.30.Final/netty-transport-native-unix-common-4.1.30.Final.jar:/home/user/.m2/repository/io/grpc/grpc-protobuf/1.17.1/grpc-protobuf-1.17.1.jar:/home/user/.m2/repository/com/google/api/grpc/proto-google-common-protos/1.0.0/proto-google-common-protos-1.0.0.jar:/home/user/.m2/repository/io/grpc/grpc-protobuf-lite/1.17.1/grpc-protobuf-lite-1.17.1.jar:/home/user/.m2/repository/io/grpc/grpc-stub/1.17.1/grpc-stub-1.17.1.jar:/home/user/.m2/repository/org/apache/hadoop/hadoop-ozone-recon/0.5.0-SNAPSHOT/hadoop-ozone-recon-0.5.0-SNAPSHOT.jar:/home/user/.m2/repository/org/apache/hadoop/hadoop-ozone-reconcodegen/0.5.0-SNAPSHOT/hadoop-ozone-reconcodegen-0.5.0-SNAPSHOT.jar:/home/user/.m2/repository/com/google/inject/extensions/guice-multibindings/4.0/guice-multibindings-4.0.jar:/home/user/.m2/repository/com/google/inject/guice/4.0/guice-4.0.jar:/home/user/.m2/repository/aopalliance/aopalliance/1.0/aopalliance-1.0.jar:/home/user/.m2/repository/com/google/inject/extensions/guice-servlet/4.0/guice-servlet-4.0.jar:/home/user/.m2/repository/org/glassfish/jersey/containers/jersey-container-servlet/2.27/jersey-container-servlet-2.27.jar:/home/user/.m2/repository/org/glassfish/hk2/guice-bridge/2.5.0/guice-bridge-2.5.0.jar:/home/user/.m2/repository/org/glassfish/jersey/core/jersey-server/2.27/jersey-server-2.27.jar:/home/user/.m2/repository/org/glassfish/jersey/core/jersey-client/2.27/jersey-client-2.27.jar:/home/user/.m2/repository/org/glassfish/jersey/media/jersey-media-jaxb/2.27/jersey-media-jaxb-2.27.jar:/home/user/.m2/repository/javax/validation/validation-api/1.1.0.Final/validation-api-1.1.0.Final.jar:/home/user/.m2/repository/org/glassfish/jersey/media/jersey-media-json-jackson/2.27/jersey-media-json-jackson-2.27.jar:/home/user/.m2/repository/org/glassfish/jersey/ext/jersey-entity-filtering/2.27/jersey-entity-filtering-2.27.jar:/home/user/.m2/repository/com/google/inject/extensions/guice-assistedinject/4.0/guice-assistedinject-4.0.jar:/home/user/.m2/repository/org/jooq/jooq/3.11.10/jooq-3.11.10.jar:/home/user/.m2/repository/org/jooq/jooq-meta/3.11.10/jooq-meta-3.11.10.jar:/home/user/.m2/repository/org/jooq/jooq-codegen/3.11.10/jooq-codegen-3.11.10.jar:/home/user/.m2/repository/com/jolbox/bonecp/0.8.0.RELEASE/bonecp-0.8.0.RELEASE.jar:/home/user/.m2/repository/org/springframework/spring-jdbc/5.1.3.RELEASE/spring-jdbc-5.1.3.RELEASE.jar:/home/user/.m2/repository/org/springframework/spring-beans/5.1.3.RELEASE/spring-beans-5.1.3.RELEASE.jar:/home/user/.m2/repository/org/springframework/spring-core/5.1.3.RELEASE/spring-core-5.1.3.RELEASE.jar:/home/user/.m2/repository/org/springframework/spring-jcl/5.1.3.RELEASE/spring-jcl-5.1.3.RELEASE.jar:/home/user/.m2/repository/org/springframework/spring-tx/5.1.3.RELEASE/spring-tx-5.1.3.RELEASE.jar:/home/user/.m2/repository/org/mockito/mockito-core/2.15.0/mockito-core-2.15.0.jar:/home/user/.m2/repository/net/bytebuddy/byte-buddy/1.7.9/byte-buddy-1.7.9.jar:/home/user/.m2/repository/net/bytebuddy/byte-buddy-agent/1.7.9/byte-buddy-agent-1.7.9.jar:/home/user/.m2/repository/org/objenesis/objenesis/1.0/objenesis-1.0.jar:"/>
    <property name="sun.cpu.endian" value="little"/>
    <property name="user.home" value="/home/user"/>
    <property name="user.language" value="en"/>
    <property name="java.specification.vendor" value="Oracle Corporation"/>
    <property name="java.home" value="/usr/lib/jvm/java-1.8.0-openjdk-1.8.0.222.b10-1.el7_7.x86_64/jre"/>
    <property name="surefire.excludesFile" value="/tools/ozone-bad-unit-tests"/>
    <property name="java.security.krb5.conf" value="/workdir/hadoop-ozone/tools/target/test-classes/krb5.conf"/>
    <property name="basedir" value="/workdir/hadoop-ozone/tools"/>
    <property name="file.separator" value="/"/>
    <property name="line.separator" value="&#10;"/>
    <property name="java.vm.specification.vendor" value="Oracle Corporation"/>
    <property name="java.specification.name" value="Java Platform API Specification"/>
    <property name="java.awt.graphicsenv" value="sun.awt.X11GraphicsEnvironment"/>
    <property name="surefire.real.class.path" value="/workdir/hadoop-ozone/tools/target/surefire/surefirebooter6257638859574593595.jar"/>
    <property name="hadoop.log.dir" value="/workdir/hadoop-ozone/tools/target/log"/>
    <property name="sun.boot.class.path" value="/usr/lib/jvm/java-1.8.0-openjdk-1.8.0.222.b10-1.el7_7.x86_64/jre/lib/resources.jar:/usr/lib/jvm/java-1.8.0-openjdk-1.8.0.222.b10-1.el7_7.x86_64/jre/lib/rt.jar:/usr/lib/jvm/java-1.8.0-openjdk-1.8.0.222.b10-1.el7_7.x86_64/jre/lib/sunrsasign.jar:/usr/lib/jvm/java-1.8.0-openjdk-1.8.0.222.b10-1.el7_7.x86_64/jre/lib/jsse.jar:/usr/lib/jvm/java-1.8.0-openjdk-1.8.0.222.b10-1.el7_7.x86_64/jre/lib/jce.jar:/usr/lib/jvm/java-1.8.0-openjdk-1.8.0.222.b10-1.el7_7.x86_64/jre/lib/charsets.jar:/usr/lib/jvm/java-1.8.0-openjdk-1.8.0.222.b10-1.el7_7.x86_64/jre/lib/jfr.jar:/usr/lib/jvm/java-1.8.0-openjdk-1.8.0.222.b10-1.el7_7.x86_64/jre/classes"/>
    <property name="sun.management.compiler" value="HotSpot 64-Bit Tiered Compilers"/>
    <property name="java.runtime.version" value="1.8.0_222-b10"/>
    <property name="java.net.preferIPv4Stack" value="true"/>
    <property name="user.name" value="jenkins1000"/>
    <property name="path.separator" value=":"/>
    <property name="java.security.egd" value="file:///dev/urandom"/>
    <property name="os.version" value="3.10.0-957.12.2.el7.x86_64"/>
    <property name="java.endorsed.dirs" value="/usr/lib/jvm/java-1.8.0-openjdk-1.8.0.222.b10-1.el7_7.x86_64/jre/lib/endorsed"/>
    <property name="java.runtime.name" value="OpenJDK Runtime Environment"/>
    <property name="file.encoding" value="ANSI_X3.4-1968"/>
    <property name="java.vm.name" value="OpenJDK 64-Bit Server VM"/>
    <property name="test.build.webapps" value=""/>
    <property name="localRepository" value="/home/user/.m2/repository"/>
    <property name="java.vendor.url.bug" value="http://bugreport.sun.com/bugreport/"/>
    <property name="java.io.tmpdir" value="/tmp"/>
    <property name="require.test.libhadoop" value=""/>
    <property name="java.version" value="1.8.0_222"/>
    <property name="user.dir" value="/workdir/hadoop-ozone/tools"/>
    <property name="os.arch" value="amd64"/>
    <property name="java.vm.specification.name" value="Java Virtual Machine Specification"/>
    <property name="test.build.classes" value="/workdir/hadoop-ozone/tools/target/test-classes"/>
    <property name="java.awt.printerjob" value="sun.print.PSPrinterJob"/>
    <property name="sun.os.patch.level" value="unknown"/>
    <property name="hadoop.tmp.dir" value="/workdir/hadoop-ozone/tools/target/tmp"/>
    <property name="java.library.path" value="/usr/lib:/workdir/hadoop-ozone/tools/target/native/target/usr/local/lib:/workdir/hadoop-ozone/tools/../../hadoop-common-project/hadoop-common/target/native/target/usr/local/lib:/usr/java/packages/lib/amd64:/usr/lib64:/lib64:/lib:/usr/lib"/>
    <property name="java.vm.info" value="mixed mode"/>
    <property name="java.vendor" value="Oracle Corporation"/>
    <property name="java.vm.version" value="25.222-b10"/>
    <property name="java.ext.dirs" value="/usr/lib/jvm/java-1.8.0-openjdk-1.8.0.222.b10-1.el7_7.x86_64/jre/lib/ext:/usr/java/packages/lib/ext"/>
    <property name="sun.io.unicode.encoding" value="UnicodeLittle"/>
    <property name="java.class.version" value="52.0"/>
  </properties>
  <testcase name="testRestart" classname="org.apache.hadoop.ozone.freon.TestFreonWithPipelineDestroy" time="19.958">
    <error message="INTERNAL_ERROR org.apache.hadoop.ozone.om.exceptions.OMException: Allocated 0 blocks. Requested 5 blocks" type="java.lang.RuntimeException">java.lang.RuntimeException: INTERNAL_ERROR org.apache.hadoop.ozone.om.exceptions.OMException: Allocated 0 blocks. Requested 5 blocks
	at org.apache.hadoop.ozone.freon.RandomKeyGenerator.call(RandomKeyGenerator.java:341)
	at org.apache.hadoop.ozone.freon.TestFreonWithPipelineDestroy.startFreon(TestFreonWithPipelineDestroy.java:87)
	at org.apache.hadoop.ozone.freon.TestFreonWithPipelineDestroy.testRestart(TestFreonWithPipelineDestroy.java:74)
	at sun.reflect.NativeMethodAccessorImpl.invoke0(Native Method)
	at sun.reflect.NativeMethodAccessorImpl.invoke(NativeMethodAccessorImpl.java:62)
	at sun.reflect.DelegatingMethodAccessorImpl.invoke(DelegatingMethodAccessorImpl.java:43)
	at java.lang.reflect.Method.invoke(Method.java:498)
	at org.junit.runners.model.FrameworkMethod$1.runReflectiveCall(FrameworkMethod.java:47)
	at org.junit.internal.runners.model.ReflectiveCallable.run(ReflectiveCallable.java:12)
	at org.junit.runners.model.FrameworkMethod.invokeExplosively(FrameworkMethod.java:44)
	at org.junit.internal.runners.statements.InvokeMethod.evaluate(InvokeMethod.java:17)
	at org.junit.runners.ParentRunner.runLeaf(ParentRunner.java:271)
	at org.junit.runners.BlockJUnit4ClassRunner.runChild(BlockJUnit4ClassRunner.java:70)
	at org.junit.runners.BlockJUnit4ClassRunner.runChild(BlockJUnit4ClassRunner.java:50)
	at org.junit.runners.ParentRunner$3.run(ParentRunner.java:238)
	at org.junit.runners.ParentRunner$1.schedule(ParentRunner.java:63)
	at org.junit.runners.ParentRunner.runChildren(ParentRunner.java:236)
	at org.junit.runners.ParentRunner.access$000(ParentRunner.java:53)
	at org.junit.runners.ParentRunner$2.evaluate(ParentRunner.java:229)
	at org.junit.internal.runners.statements.RunBefores.evaluate(RunBefores.java:26)
	at org.junit.internal.runners.statements.RunAfters.evaluate(RunAfters.java:27)
	at org.junit.runners.ParentRunner.run(ParentRunner.java:309)
	at org.apache.maven.surefire.junit4.JUnit4Provider.execute(JUnit4Provider.java:365)
	at org.apache.maven.surefire.junit4.JUnit4Provider.executeWithRerun(JUnit4Provider.java:273)
	at org.apache.maven.surefire.junit4.JUnit4Provider.executeTestSet(JUnit4Provider.java:238)
	at org.apache.maven.surefire.junit4.JUnit4Provider.invoke(JUnit4Provider.java:159)
	at org.apache.maven.surefire.booter.ForkedBooter.invokeProviderInSameClassLoader(ForkedBooter.java:384)
	at org.apache.maven.surefire.booter.ForkedBooter.runSuitesInProcess(ForkedBooter.java:345)
	at org.apache.maven.surefire.booter.ForkedBooter.execute(ForkedBooter.java:126)
	at org.apache.maven.surefire.booter.ForkedBooter.main(ForkedBooter.java:418)
Caused by: INTERNAL_ERROR org.apache.hadoop.ozone.om.exceptions.OMException: Allocated 0 blocks. Requested 5 blocks
	at org.apache.hadoop.ozone.om.protocolPB.OzoneManagerProtocolClientSideTranslatorPB.handleError(OzoneManagerProtocolClientSideTranslatorPB.java:761)
	at org.apache.hadoop.ozone.om.protocolPB.OzoneManagerProtocolClientSideTranslatorPB.openKey(OzoneManagerProtocolClientSideTranslatorPB.java:752)
	at sun.reflect.NativeMethodAccessorImpl.invoke0(Native Method)
	at sun.reflect.NativeMethodAccessorImpl.invoke(NativeMethodAccessorImpl.java:62)
	at sun.reflect.DelegatingMethodAccessorImpl.invoke(DelegatingMethodAccessorImpl.java:43)
	at java.lang.reflect.Method.invoke(Method.java:498)
	at org.apache.hadoop.hdds.tracing.TraceAllMethod.invoke(TraceAllMethod.java:66)
	at com.sun.proxy.$Proxy37.openKey(Unknown Source)
	at org.apache.hadoop.ozone.client.rpc.RpcClient.createKey(RpcClient.java:634)
	at org.apache.hadoop.ozone.client.OzoneBucket.createKey(OzoneBucket.java:325)
	at org.apache.hadoop.ozone.freon.RandomKeyGenerator.createKey(RandomKeyGenerator.java:697)
	at org.apache.hadoop.ozone.freon.RandomKeyGenerator.access$1100(RandomKeyGenerator.java:88)
	at org.apache.hadoop.ozone.freon.RandomKeyGenerator$ObjectCreator.run(RandomKeyGenerator.java:615)
	at java.util.concurrent.Executors$RunnableAdapter.call(Executors.java:511)
	at java.util.concurrent.FutureTask.run(FutureTask.java:266)
	at java.util.concurrent.ThreadPoolExecutor.runWorker(ThreadPoolExecutor.java:1149)
	at java.util.concurrent.ThreadPoolExecutor$Worker.run(ThreadPoolExecutor.java:624)
	at java.lang.Thread.run(Thread.java:748)
</error>
    <system-out><![CDATA[2019-11-14 07:28:00,306 [main] WARN  server.ServerUtils (ServerUtils.java:getScmDbDir(145)) - ozone.scm.db.dirs is not configured. We recommend adding this setting. Falling back to ozone.metadata.dirs instead.
2019-11-14 07:28:00,475 [main] WARN  server.ServerUtils (ServerUtils.java:getScmDbDir(145)) - ozone.scm.db.dirs is not configured. We recommend adding this setting. Falling back to ozone.metadata.dirs instead.
2019-11-14 07:28:00,478 [main] WARN  server.ServerUtils (ServerUtils.java:getScmDbDir(145)) - ozone.scm.db.dirs is not configured. We recommend adding this setting. Falling back to ozone.metadata.dirs instead.
2019-11-14 07:28:00,505 [main] INFO  util.log (Log.java:initialized(192)) - Logging initialized @980ms
2019-11-14 07:28:00,598 [main] INFO  db.DBStoreBuilder (DBStoreBuilder.java:addTable(127)) - using custom profile for table: deletedBlocks
2019-11-14 07:28:00,598 [main] INFO  db.DBStoreBuilder (DBStoreBuilder.java:processTables(183)) - Using default column profile:DBProfile.DISK for Table:deletedBlocks
2019-11-14 07:28:00,599 [main] INFO  db.DBStoreBuilder (DBStoreBuilder.java:addTable(127)) - using custom profile for table: validCerts
2019-11-14 07:28:00,599 [main] INFO  db.DBStoreBuilder (DBStoreBuilder.java:processTables(183)) - Using default column profile:DBProfile.DISK for Table:validCerts
2019-11-14 07:28:00,599 [main] INFO  db.DBStoreBuilder (DBStoreBuilder.java:addTable(127)) - using custom profile for table: revokedCerts
2019-11-14 07:28:00,600 [main] INFO  db.DBStoreBuilder (DBStoreBuilder.java:processTables(183)) - Using default column profile:DBProfile.DISK for Table:revokedCerts
2019-11-14 07:28:00,610 [main] INFO  db.DBStoreBuilder (DBStoreBuilder.java:addTable(127)) - using custom profile for table: default
2019-11-14 07:28:00,611 [main] INFO  db.DBStoreBuilder (DBStoreBuilder.java:processTables(189)) - Using default column profile:DBProfile.DISK for Table:default
2019-11-14 07:28:00,612 [main] INFO  db.DBStoreBuilder (DBStoreBuilder.java:getDbProfile(220)) - Using default options. DBProfile.DISK
2019-11-14 07:28:01,086 [main] INFO  net.NodeSchemaLoader (NodeSchemaLoader.java:loadSchemaFromFile(125)) - Loading file from sun.misc.CompoundEnumeration@5e0e82ae
2019-11-14 07:28:01,088 [main] INFO  net.NodeSchemaLoader (NodeSchemaLoader.java:loadSchema(171)) - Loading network topology layer schema file
2019-11-14 07:28:01,154 [main] INFO  node.SCMNodeManager (SCMNodeManager.java:<init>(116)) - Entering startup safe mode.
2019-11-14 07:28:01,216 [main] INFO  algorithms.ContainerPlacementPolicyFactory (ContainerPlacementPolicyFactory.java:getPolicy(57)) - Create container placement policy of type org.apache.hadoop.hdds.scm.container.placement.algorithms.SCMContainerPlacementRandom
2019-11-14 07:28:01,229 [main] WARN  server.ServerUtils (ServerUtils.java:getScmDbDir(145)) - ozone.scm.db.dirs is not configured. We recommend adding this setting. Falling back to ozone.metadata.dirs instead.
2019-11-14 07:28:01,351 [main] INFO  pipeline.SCMPipelineManager (SCMPipelineManager.java:initializePipelineState(132)) - No pipeline exists in current db
2019-11-14 07:28:01,354 [main] WARN  server.ServerUtils (ServerUtils.java:getScmDbDir(145)) - ozone.scm.db.dirs is not configured. We recommend adding this setting. Falling back to ozone.metadata.dirs instead.
2019-11-14 07:28:01,552 [main] WARN  events.EventQueue (EventQueue.java:fireEvent(183)) - No event handler registered for event TypedEvent{payloadType=SafeModeStatus, name='SafeModeStatus'}
2019-11-14 07:28:01,892 [main] INFO  ipc.CallQueueManager (CallQueueManager.java:<init>(84)) - Using callQueue: class java.util.concurrent.LinkedBlockingQueue, queueCapacity: 2000, scheduler: class org.apache.hadoop.ipc.DefaultRpcScheduler, ipcBackoff: false.
2019-11-14 07:28:01,915 [Socket Reader #1 for port 39920] INFO  ipc.Server (Server.java:run(1074)) - Starting Socket Reader #1 for port 39920
2019-11-14 07:28:02,025 [main] INFO  ipc.CallQueueManager (CallQueueManager.java:<init>(84)) - Using callQueue: class java.util.concurrent.LinkedBlockingQueue, queueCapacity: 2000, scheduler: class org.apache.hadoop.ipc.DefaultRpcScheduler, ipcBackoff: false.
2019-11-14 07:28:02,027 [Socket Reader #1 for port 35399] INFO  ipc.Server (Server.java:run(1074)) - Starting Socket Reader #1 for port 35399
2019-11-14 07:28:02,035 [main] INFO  ipc.CallQueueManager (CallQueueManager.java:<init>(84)) - Using callQueue: class java.util.concurrent.LinkedBlockingQueue, queueCapacity: 2000, scheduler: class org.apache.hadoop.ipc.DefaultRpcScheduler, ipcBackoff: false.
2019-11-14 07:28:02,036 [Socket Reader #1 for port 44827] INFO  ipc.Server (Server.java:run(1074)) - Starting Socket Reader #1 for port 44827
2019-11-14 07:28:02,063 [main] INFO  hdfs.DFSUtil (DFSUtil.java:httpServerTemplateForNNAndJN(1641)) - Starting Web-server for scm at: http://0.0.0.0:0
2019-11-14 07:28:02,224 [main] INFO  server.AuthenticationFilter (AuthenticationFilter.java:constructSecretProvider(240)) - Unable to initialize FileSignerSecretProvider, falling back to use random secrets.
2019-11-14 07:28:02,240 [main] WARN  http.HttpRequestLog (HttpRequestLog.java:getRequestLog(97)) - Jetty request log can only be enabled using Log4j
2019-11-14 07:28:02,249 [main] INFO  http.HttpServer2 (HttpServer2.java:addGlobalFilter(975)) - Added global filter 'safety' (class=org.apache.hadoop.http.HttpServer2$QuotingInputFilter)
2019-11-14 07:28:02,251 [main] INFO  http.HttpServer2 (HttpServer2.java:addFilter(948)) - Added filter static_user_filter (class=org.apache.hadoop.http.lib.StaticUserWebFilter$StaticUserFilter) to context scm
2019-11-14 07:28:02,252 [main] INFO  http.HttpServer2 (HttpServer2.java:addFilter(958)) - Added filter static_user_filter (class=org.apache.hadoop.http.lib.StaticUserWebFilter$StaticUserFilter) to context static
2019-11-14 07:28:02,252 [main] INFO  http.HttpServer2 (HttpServer2.java:addFilter(958)) - Added filter static_user_filter (class=org.apache.hadoop.http.lib.StaticUserWebFilter$StaticUserFilter) to context logs
2019-11-14 07:28:02,278 [main] INFO  server.StorageContainerManager (StorageContainerManager.java:start(766)) - StorageContainerLocationProtocol RPC server is listening at /0.0.0.0:44827
2019-11-14 07:28:02,329 [main] WARN  impl.MetricsConfig (MetricsConfig.java:loadFirst(134)) - Cannot locate configuration: tried hadoop-metrics2-storagecontainermanager.properties,hadoop-metrics2.properties
2019-11-14 07:28:02,342 [main] INFO  impl.MetricsSystemImpl (MetricsSystemImpl.java:startTimer(374)) - Scheduled Metric snapshot period at 10 second(s).
2019-11-14 07:28:02,342 [main] INFO  impl.MetricsSystemImpl (MetricsSystemImpl.java:start(191)) - StorageContainerManager metrics system started
2019-11-14 07:28:02,564 [main] INFO  server.SCMClientProtocolServer (SCMClientProtocolServer.java:start(159)) - RPC server for Client  is listening at /0.0.0.0:44827
2019-11-14 07:28:02,565 [IPC Server Responder] INFO  ipc.Server (Server.java:run(1314)) - IPC Server Responder: starting
2019-11-14 07:28:02,565 [IPC Server listener on 44827] INFO  ipc.Server (Server.java:run(1153)) - IPC Server listener on 44827: starting
2019-11-14 07:28:02,567 [main] INFO  server.StorageContainerManager (StorageContainerManager.java:start(776)) - ScmBlockLocationProtocol RPC server is listening at /0.0.0.0:35399
2019-11-14 07:28:02,568 [main] INFO  server.SCMBlockProtocolServer (SCMBlockProtocolServer.java:start(146)) - RPC server for Block Protocol is listening at /0.0.0.0:35399
2019-11-14 07:28:02,568 [IPC Server Responder] INFO  ipc.Server (Server.java:run(1314)) - IPC Server Responder: starting
2019-11-14 07:28:02,569 [IPC Server listener on 35399] INFO  ipc.Server (Server.java:run(1153)) - IPC Server listener on 35399: starting
2019-11-14 07:28:02,571 [main] INFO  server.StorageContainerManager (StorageContainerManager.java:start(780)) - ScmDatanodeProtocl RPC server is listening at /0.0.0.0:39920
2019-11-14 07:28:02,571 [main] INFO  server.SCMDatanodeProtocolServer (SCMDatanodeProtocolServer.java:start(169)) - RPC server for DataNodes is listening at /0.0.0.0:39920
2019-11-14 07:28:02,571 [IPC Server Responder] INFO  ipc.Server (Server.java:run(1314)) - IPC Server Responder: starting
2019-11-14 07:28:02,572 [IPC Server listener on 39920] INFO  ipc.Server (Server.java:run(1153)) - IPC Server listener on 39920: starting
2019-11-14 07:28:02,575 [main] INFO  http.HttpServer2 (HttpServer2.java:bindListener(1191)) - Jetty bound to port 37609
2019-11-14 07:28:02,576 [main] INFO  server.Server (Server.java:doStart(351)) - jetty-9.3.25.v20180904, build timestamp: 2018-09-04T21:11:46Z, git hash: 3ce520221d0240229c862b122d2b06c12a625732
2019-11-14 07:28:02,608 [main] INFO  handler.ContextHandler (ContextHandler.java:doStart(781)) - Started o.e.j.s.ServletContextHandler@56e8b606{/logs,file:///workdir/hadoop-ozone/tools/target/log,AVAILABLE}
2019-11-14 07:28:02,609 [main] INFO  handler.ContextHandler (ContextHandler.java:doStart(781)) - Started o.e.j.s.ServletContextHandler@40dff0b7{/static,jar:file:/home/user/.m2/repository/org/apache/hadoop/hadoop-hdds-server-scm/0.5.0-SNAPSHOT/hadoop-hdds-server-scm-0.5.0-SNAPSHOT.jar!/webapps/static,AVAILABLE}
2019-11-14 07:28:02,679 [main] INFO  handler.ContextHandler (ContextHandler.java:doStart(781)) - Started o.e.j.w.WebAppContext@5aceec94{/,file:///tmp/jetty-0.0.0.0-37609-scm-_-any-228375356831894067.dir/webapp/,AVAILABLE}{/scm}
2019-11-14 07:28:02,684 [main] INFO  server.AbstractConnector (AbstractConnector.java:doStart(278)) - Started ServerConnector@733c423e{HTTP/1.1,[http/1.1]}{0.0.0.0:37609}
2019-11-14 07:28:02,684 [main] INFO  server.Server (Server.java:doStart(419)) - Started @3159ms
2019-11-14 07:28:02,686 [main] INFO  impl.MetricsSinkAdapter (MetricsSinkAdapter.java:start(204)) - Sink prometheus started
2019-11-14 07:28:02,686 [main] INFO  impl.MetricsSystemImpl (MetricsSystemImpl.java:registerSink(301)) - Registered sink prometheus
2019-11-14 07:28:02,688 [main] INFO  server.BaseHttpServer (BaseHttpServer.java:updateConnectorAddress(215)) - HTTP server of SCM is listening at http://0.0.0.0:37609
2019-11-14 07:28:02,693 [org.apache.hadoop.util.JvmPauseMonitor$Monitor@1b5bc39d] INFO  util.JvmPauseMonitor (JvmPauseMonitor.java:run(188)) - Starting JVM pause monitor
2019-11-14 07:28:02,695 [main] WARN  server.ServerUtils (ServerUtils.java:getDBPath(222)) - ozone.om.db.dirs is not configured. We recommend adding this setting. Falling back to ozone.metadata.dirs instead.
2019-11-14 07:28:02,797 [main] INFO  ha.OMHANodeDetails (OMHANodeDetails.java:loadOMHAConfig(190)) - Configuration either no ozone.om.address set. Falling back to the default OM address /127.0.0.1:0
2019-11-14 07:28:02,797 [main] INFO  ha.OMHANodeDetails (OMHANodeDetails.java:getOMNodeDetails(220)) - OM Service ID is not set. Setting it to the default ID: omServiceIdDefault
2019-11-14 07:28:02,799 [main] WARN  server.ServerUtils (ServerUtils.java:getDBPath(222)) - ozone.om.db.dirs is not configured. We recommend adding this setting. Falling back to ozone.metadata.dirs instead.
2019-11-14 07:28:02,800 [main] WARN  server.ServerUtils (ServerUtils.java:getDBPath(222)) - ozone.om.db.dirs is not configured. We recommend adding this setting. Falling back to ozone.metadata.dirs instead.
2019-11-14 07:28:03,515 [main] WARN  server.ServerUtils (ServerUtils.java:getDBPath(222)) - ozone.om.db.dirs is not configured. We recommend adding this setting. Falling back to ozone.metadata.dirs instead.
2019-11-14 07:28:03,525 [main] INFO  db.DBStoreBuilder (DBStoreBuilder.java:addTable(127)) - using custom profile for table: userTable
2019-11-14 07:28:03,525 [main] INFO  db.DBStoreBuilder (DBStoreBuilder.java:processTables(183)) - Using default column profile:DBProfile.DISK for Table:userTable
2019-11-14 07:28:03,526 [main] INFO  db.DBStoreBuilder (DBStoreBuilder.java:addTable(127)) - using custom profile for table: volumeTable
2019-11-14 07:28:03,526 [main] INFO  db.DBStoreBuilder (DBStoreBuilder.java:processTables(183)) - Using default column profile:DBProfile.DISK for Table:volumeTable
2019-11-14 07:28:03,526 [main] INFO  db.DBStoreBuilder (DBStoreBuilder.java:addTable(127)) - using custom profile for table: bucketTable
2019-11-14 07:28:03,527 [main] INFO  db.DBStoreBuilder (DBStoreBuilder.java:processTables(183)) - Using default column profile:DBProfile.DISK for Table:bucketTable
2019-11-14 07:28:03,527 [main] INFO  db.DBStoreBuilder (DBStoreBuilder.java:addTable(127)) - using custom profile for table: keyTable
2019-11-14 07:28:03,527 [main] INFO  db.DBStoreBuilder (DBStoreBuilder.java:processTables(183)) - Using default column profile:DBProfile.DISK for Table:keyTable
2019-11-14 07:28:03,527 [main] INFO  db.DBStoreBuilder (DBStoreBuilder.java:addTable(127)) - using custom profile for table: deletedTable
2019-11-14 07:28:03,528 [main] INFO  db.DBStoreBuilder (DBStoreBuilder.java:processTables(183)) - Using default column profile:DBProfile.DISK for Table:deletedTable
2019-11-14 07:28:03,528 [main] INFO  db.DBStoreBuilder (DBStoreBuilder.java:addTable(127)) - using custom profile for table: openKeyTable
2019-11-14 07:28:03,528 [main] INFO  db.DBStoreBuilder (DBStoreBuilder.java:processTables(183)) - Using default column profile:DBProfile.DISK for Table:openKeyTable
2019-11-14 07:28:03,529 [main] INFO  db.DBStoreBuilder (DBStoreBuilder.java:addTable(127)) - using custom profile for table: s3Table
2019-11-14 07:28:03,529 [main] INFO  db.DBStoreBuilder (DBStoreBuilder.java:processTables(183)) - Using default column profile:DBProfile.DISK for Table:s3Table
2019-11-14 07:28:03,529 [main] INFO  db.DBStoreBuilder (DBStoreBuilder.java:addTable(127)) - using custom profile for table: multipartInfoTable
2019-11-14 07:28:03,529 [main] INFO  db.DBStoreBuilder (DBStoreBuilder.java:processTables(183)) - Using default column profile:DBProfile.DISK for Table:multipartInfoTable
2019-11-14 07:28:03,530 [main] INFO  db.DBStoreBuilder (DBStoreBuilder.java:addTable(127)) - using custom profile for table: dTokenTable
2019-11-14 07:28:03,530 [main] INFO  db.DBStoreBuilder (DBStoreBuilder.java:processTables(183)) - Using default column profile:DBProfile.DISK for Table:dTokenTable
2019-11-14 07:28:03,530 [main] INFO  db.DBStoreBuilder (DBStoreBuilder.java:addTable(127)) - using custom profile for table: s3SecretTable
2019-11-14 07:28:03,530 [main] INFO  db.DBStoreBuilder (DBStoreBuilder.java:processTables(183)) - Using default column profile:DBProfile.DISK for Table:s3SecretTable
2019-11-14 07:28:03,531 [main] INFO  db.DBStoreBuilder (DBStoreBuilder.java:addTable(127)) - using custom profile for table: prefixTable
2019-11-14 07:28:03,531 [main] INFO  db.DBStoreBuilder (DBStoreBuilder.java:processTables(183)) - Using default column profile:DBProfile.DISK for Table:prefixTable
2019-11-14 07:28:03,531 [main] INFO  db.DBStoreBuilder (DBStoreBuilder.java:addTable(127)) - using custom profile for table: default
2019-11-14 07:28:03,531 [main] INFO  db.DBStoreBuilder (DBStoreBuilder.java:processTables(189)) - Using default column profile:DBProfile.DISK for Table:default
2019-11-14 07:28:03,532 [main] INFO  db.DBStoreBuilder (DBStoreBuilder.java:getDbProfile(220)) - Using default options. DBProfile.DISK
2019-11-14 07:28:04,498 [main] INFO  ipc.CallQueueManager (CallQueueManager.java:<init>(84)) - Using callQueue: class java.util.concurrent.LinkedBlockingQueue, queueCapacity: 2000, scheduler: class org.apache.hadoop.ipc.DefaultRpcScheduler, ipcBackoff: false.
2019-11-14 07:28:04,499 [Socket Reader #1 for port 34172] INFO  ipc.Server (Server.java:run(1074)) - Starting Socket Reader #1 for port 34172
2019-11-14 07:28:04,520 [main] INFO  om.OzoneManager (OzoneManager.java:start(1077)) - OzoneManager RPC server is listening at localhost/127.0.0.1:34172
2019-11-14 07:28:04,520 [main] INFO  impl.MetricsSystemImpl (MetricsSystemImpl.java:init(158)) - OzoneManager metrics system started (again)
2019-11-14 07:28:04,528 [IPC Server Responder] INFO  ipc.Server (Server.java:run(1314)) - IPC Server Responder: starting
2019-11-14 07:28:04,528 [IPC Server listener on 34172] INFO  ipc.Server (Server.java:run(1153)) - IPC Server listener on 34172: starting
2019-11-14 07:28:04,535 [main] INFO  hdfs.DFSUtil (DFSUtil.java:httpServerTemplateForNNAndJN(1641)) - Starting Web-server for ozoneManager at: http://0.0.0.0:0
2019-11-14 07:28:04,537 [main] INFO  server.AuthenticationFilter (AuthenticationFilter.java:constructSecretProvider(240)) - Unable to initialize FileSignerSecretProvider, falling back to use random secrets.
2019-11-14 07:28:04,538 [main] WARN  http.HttpRequestLog (HttpRequestLog.java:getRequestLog(97)) - Jetty request log can only be enabled using Log4j
2019-11-14 07:28:04,541 [main] INFO  http.HttpServer2 (HttpServer2.java:addGlobalFilter(975)) - Added global filter 'safety' (class=org.apache.hadoop.http.HttpServer2$QuotingInputFilter)
2019-11-14 07:28:04,542 [main] INFO  http.HttpServer2 (HttpServer2.java:addFilter(948)) - Added filter static_user_filter (class=org.apache.hadoop.http.lib.StaticUserWebFilter$StaticUserFilter) to context ozoneManager
2019-11-14 07:28:04,542 [main] INFO  http.HttpServer2 (HttpServer2.java:addFilter(958)) - Added filter static_user_filter (class=org.apache.hadoop.http.lib.StaticUserWebFilter$StaticUserFilter) to context logs
2019-11-14 07:28:04,543 [main] INFO  http.HttpServer2 (HttpServer2.java:addFilter(958)) - Added filter static_user_filter (class=org.apache.hadoop.http.lib.StaticUserWebFilter$StaticUserFilter) to context static
2019-11-14 07:28:04,545 [main] INFO  http.HttpServer2 (HttpServer2.java:bindListener(1191)) - Jetty bound to port 46442
2019-11-14 07:28:04,546 [main] INFO  server.Server (Server.java:doStart(351)) - jetty-9.3.25.v20180904, build timestamp: 2018-09-04T21:11:46Z, git hash: 3ce520221d0240229c862b122d2b06c12a625732
2019-11-14 07:28:04,548 [main] INFO  handler.ContextHandler (ContextHandler.java:doStart(781)) - Started o.e.j.s.ServletContextHandler@783efb48{/logs,file:///workdir/hadoop-ozone/tools/target/log,AVAILABLE}
2019-11-14 07:28:04,549 [main] INFO  handler.ContextHandler (ContextHandler.java:doStart(781)) - Started o.e.j.s.ServletContextHandler@4e8e8621{/static,jar:file:/home/user/.m2/repository/org/apache/hadoop/hadoop-ozone-ozone-manager/0.5.0-SNAPSHOT/hadoop-ozone-ozone-manager-0.5.0-SNAPSHOT.jar!/webapps/static,AVAILABLE}
2019-11-14 07:28:04,612 [main] INFO  handler.ContextHandler (ContextHandler.java:doStart(781)) - Started o.e.j.w.WebAppContext@982bb90{/,file:///tmp/jetty-0.0.0.0-46442-ozoneManager-_-any-8765656757383340246.dir/webapp/,AVAILABLE}{/ozoneManager}
2019-11-14 07:28:04,612 [main] INFO  server.AbstractConnector (AbstractConnector.java:doStart(278)) - Started ServerConnector@27f74733{HTTP/1.1,[http/1.1]}{0.0.0.0:46442}
2019-11-14 07:28:04,613 [main] INFO  server.Server (Server.java:doStart(419)) - Started @5088ms
2019-11-14 07:28:04,613 [main] WARN  impl.MetricsSystemImpl (MetricsSystemImpl.java:register(276)) - Sink prometheus already exists!
2019-11-14 07:28:04,615 [main] INFO  server.BaseHttpServer (BaseHttpServer.java:updateConnectorAddress(215)) - HTTP server of OZONEMANAGER is listening at http://0.0.0.0:46442
2019-11-14 07:28:04,835 [main] INFO  impl.MetricsSystemImpl (MetricsSystemImpl.java:init(158)) - HddsDatanode metrics system started (again)
2019-11-14 07:28:04,875 [main] INFO  ozone.HddsDatanodeService (HddsDatanodeService.java:start(186)) - HddsDatanodeService host:pr-hdds-2473-master-5lfk4-2089843416 ip:192.168.157.220
2019-11-14 07:28:04,905 [main] INFO  volume.HddsVolume (HddsVolume.java:<init>(176)) - Creating Volume: /workdir/hadoop-ozone/tools/target/test-dir/MiniOzoneClusterImpl-8172989c-4da0-4083-a6db-55a067c25ea9/datanode-0/data/containers/hdds of  storage type : DISK and capacity : 1482555576320
2019-11-14 07:28:04,906 [main] INFO  volume.VolumeSet (VolumeSet.java:initializeVolumeSet(170)) - Added Volume : /workdir/hadoop-ozone/tools/target/test-dir/MiniOzoneClusterImpl-8172989c-4da0-4083-a6db-55a067c25ea9/datanode-0/data/containers/hdds to VolumeSet
2019-11-14 07:28:04,909 [main] INFO  volume.ThrottledAsyncChecker (ThrottledAsyncChecker.java:schedule(141)) - Scheduling a check for /workdir/hadoop-ozone/tools/target/test-dir/MiniOzoneClusterImpl-8172989c-4da0-4083-a6db-55a067c25ea9/datanode-0/data/containers/hdds
2019-11-14 07:28:04,923 [main] INFO  volume.HddsVolumeChecker (HddsVolumeChecker.java:checkAllVolumes(204)) - Scheduled health check for volume /workdir/hadoop-ozone/tools/target/test-dir/MiniOzoneClusterImpl-8172989c-4da0-4083-a6db-55a067c25ea9/datanode-0/data/containers/hdds
2019-11-14 07:28:05,018 [main] INFO  impl.RaftServerProxy (ConfUtils.java:logGet(43)) - raft.rpc.type = GRPC (default)
2019-11-14 07:28:05,070 [main] INFO  grpc.GrpcFactory (GrpcFactory.java:checkPooledByteBufAllocatorUseCacheForAllThreads(45)) - PERFORMANCE WARNING: useCacheForAllThreads is true that may cause Netty to create a lot garbage objects and, as a result, trigger GC.
	It is recommended to disable useCacheForAllThreads by setting -Dorg.apache.ratis.thirdparty.io.netty.allocator.useCacheForAllThreads=false in command line.
2019-11-14 07:28:05,074 [main] INFO  grpc.GrpcConfigKeys$Server (ConfUtils.java:logGet(43)) - raft.grpc.server.port = 0 (default)
2019-11-14 07:28:05,075 [main] INFO  server.GrpcService (ConfUtils.java:logGet(43)) - raft.grpc.message.size.max = 33570816 (custom)
2019-11-14 07:28:05,076 [main] INFO  server.RaftServerConfigKeys (ConfUtils.java:logGet(43)) - raft.server.log.appender.buffer.byte-limit = 33554432 (custom)
2019-11-14 07:28:05,076 [main] INFO  server.GrpcService (ConfUtils.java:logGet(43)) - raft.grpc.flow.control.window = 1MB (=1048576) (default)
2019-11-14 07:28:05,077 [main] INFO  server.RaftServerConfigKeys (ConfUtils.java:logGet(43)) - raft.server.rpc.request.timeout = 3000ms (default)
2019-11-14 07:28:05,206 [main] INFO  server.RaftServerConfigKeys (ConfUtils.java:logGet(43)) - raft.server.storage.dir = [/workdir/hadoop-ozone/tools/target/test-dir/MiniOzoneClusterImpl-8172989c-4da0-4083-a6db-55a067c25ea9/datanode-0/data/ratis] (custom)
2019-11-14 07:28:05,248 [main] INFO  hdfs.DFSUtil (DFSUtil.java:httpServerTemplateForNNAndJN(1641)) - Starting Web-server for hddsDatanode at: http://0.0.0.0:0
2019-11-14 07:28:05,250 [main] INFO  server.AuthenticationFilter (AuthenticationFilter.java:constructSecretProvider(240)) - Unable to initialize FileSignerSecretProvider, falling back to use random secrets.
2019-11-14 07:28:05,251 [main] WARN  http.HttpRequestLog (HttpRequestLog.java:getRequestLog(97)) - Jetty request log can only be enabled using Log4j
2019-11-14 07:28:05,254 [main] INFO  http.HttpServer2 (HttpServer2.java:addGlobalFilter(975)) - Added global filter 'safety' (class=org.apache.hadoop.http.HttpServer2$QuotingInputFilter)
2019-11-14 07:28:05,255 [main] INFO  http.HttpServer2 (HttpServer2.java:addFilter(948)) - Added filter static_user_filter (class=org.apache.hadoop.http.lib.StaticUserWebFilter$StaticUserFilter) to context hddsDatanode
2019-11-14 07:28:05,255 [main] INFO  http.HttpServer2 (HttpServer2.java:addFilter(958)) - Added filter static_user_filter (class=org.apache.hadoop.http.lib.StaticUserWebFilter$StaticUserFilter) to context logs
2019-11-14 07:28:05,255 [main] INFO  http.HttpServer2 (HttpServer2.java:addFilter(958)) - Added filter static_user_filter (class=org.apache.hadoop.http.lib.StaticUserWebFilter$StaticUserFilter) to context static
2019-11-14 07:28:05,257 [main] INFO  http.HttpServer2 (HttpServer2.java:bindListener(1191)) - Jetty bound to port 37572
2019-11-14 07:28:05,257 [main] INFO  server.Server (Server.java:doStart(351)) - jetty-9.3.25.v20180904, build timestamp: 2018-09-04T21:11:46Z, git hash: 3ce520221d0240229c862b122d2b06c12a625732
2019-11-14 07:28:05,261 [main] INFO  handler.ContextHandler (ContextHandler.java:doStart(781)) - Started o.e.j.s.ServletContextHandler@f951a7f{/logs,file:///workdir/hadoop-ozone/tools/target/log,AVAILABLE}
2019-11-14 07:28:05,261 [main] INFO  handler.ContextHandler (ContextHandler.java:doStart(781)) - Started o.e.j.s.ServletContextHandler@4c777e7b{/static,jar:file:/home/user/.m2/repository/org/apache/hadoop/hadoop-hdds-container-service/0.5.0-SNAPSHOT/hadoop-hdds-container-service-0.5.0-SNAPSHOT.jar!/webapps/static,AVAILABLE}
2019-11-14 07:28:05,308 [main] INFO  handler.ContextHandler (ContextHandler.java:doStart(781)) - Started o.e.j.w.WebAppContext@b606cb6{/,file:///tmp/jetty-0.0.0.0-37572-hddsDatanode-_-any-4674028852116993640.dir/webapp/,AVAILABLE}{/hddsDatanode}
2019-11-14 07:28:05,309 [main] INFO  server.AbstractConnector (AbstractConnector.java:doStart(278)) - Started ServerConnector@2a3194c6{HTTP/1.1,[http/1.1]}{0.0.0.0:37572}
2019-11-14 07:28:05,310 [main] INFO  server.Server (Server.java:doStart(419)) - Started @5785ms
2019-11-14 07:28:05,310 [main] WARN  impl.MetricsSystemImpl (MetricsSystemImpl.java:register(276)) - Sink prometheus already exists!
2019-11-14 07:28:05,312 [main] INFO  server.BaseHttpServer (BaseHttpServer.java:updateConnectorAddress(215)) - HTTP server of HDDSDATANODE is listening at http://0.0.0.0:37572
2019-11-14 07:28:05,313 [main] INFO  impl.MetricsSystemImpl (MetricsSystemImpl.java:init(158)) - HddsDatanode metrics system started (again)
2019-11-14 07:28:05,316 [main] INFO  ozone.HddsDatanodeService (HddsDatanodeService.java:start(186)) - HddsDatanodeService host:pr-hdds-2473-master-5lfk4-2089843416 ip:192.168.157.220
2019-11-14 07:28:05,318 [org.apache.hadoop.util.JvmPauseMonitor$Monitor@19fabbb2] INFO  util.JvmPauseMonitor (JvmPauseMonitor.java:run(188)) - Starting JVM pause monitor
2019-11-14 07:28:05,325 [main] INFO  volume.HddsVolume (HddsVolume.java:<init>(176)) - Creating Volume: /workdir/hadoop-ozone/tools/target/test-dir/MiniOzoneClusterImpl-8172989c-4da0-4083-a6db-55a067c25ea9/datanode-1/data/containers/hdds of  storage type : DISK and capacity : 1482555576320
2019-11-14 07:28:05,326 [main] INFO  volume.VolumeSet (VolumeSet.java:initializeVolumeSet(170)) - Added Volume : /workdir/hadoop-ozone/tools/target/test-dir/MiniOzoneClusterImpl-8172989c-4da0-4083-a6db-55a067c25ea9/datanode-1/data/containers/hdds to VolumeSet
2019-11-14 07:28:05,326 [main] INFO  volume.ThrottledAsyncChecker (ThrottledAsyncChecker.java:schedule(141)) - Scheduling a check for /workdir/hadoop-ozone/tools/target/test-dir/MiniOzoneClusterImpl-8172989c-4da0-4083-a6db-55a067c25ea9/datanode-1/data/containers/hdds
2019-11-14 07:28:05,327 [main] INFO  volume.HddsVolumeChecker (HddsVolumeChecker.java:checkAllVolumes(204)) - Scheduled health check for volume /workdir/hadoop-ozone/tools/target/test-dir/MiniOzoneClusterImpl-8172989c-4da0-4083-a6db-55a067c25ea9/datanode-1/data/containers/hdds
2019-11-14 07:28:05,342 [main] INFO  impl.RaftServerProxy (ConfUtils.java:logGet(43)) - raft.rpc.type = GRPC (default)
2019-11-14 07:28:05,343 [main] INFO  grpc.GrpcFactory (GrpcFactory.java:checkPooledByteBufAllocatorUseCacheForAllThreads(45)) - PERFORMANCE WARNING: useCacheForAllThreads is true that may cause Netty to create a lot garbage objects and, as a result, trigger GC.
	It is recommended to disable useCacheForAllThreads by setting -Dorg.apache.ratis.thirdparty.io.netty.allocator.useCacheForAllThreads=false in command line.
2019-11-14 07:28:05,343 [main] INFO  grpc.GrpcConfigKeys$Server (ConfUtils.java:logGet(43)) - raft.grpc.server.port = 0 (default)
2019-11-14 07:28:05,343 [main] INFO  server.GrpcService (ConfUtils.java:logGet(43)) - raft.grpc.message.size.max = 33570816 (custom)
2019-11-14 07:28:05,343 [main] INFO  server.RaftServerConfigKeys (ConfUtils.java:logGet(43)) - raft.server.log.appender.buffer.byte-limit = 33554432 (custom)
2019-11-14 07:28:05,344 [main] INFO  server.GrpcService (ConfUtils.java:logGet(43)) - raft.grpc.flow.control.window = 1MB (=1048576) (default)
2019-11-14 07:28:05,344 [main] INFO  server.RaftServerConfigKeys (ConfUtils.java:logGet(43)) - raft.server.rpc.request.timeout = 3000ms (default)
2019-11-14 07:28:05,344 [main] INFO  server.RaftServerConfigKeys (ConfUtils.java:logGet(43)) - raft.server.storage.dir = [/workdir/hadoop-ozone/tools/target/test-dir/MiniOzoneClusterImpl-8172989c-4da0-4083-a6db-55a067c25ea9/datanode-1/data/ratis] (custom)
2019-11-14 07:28:05,346 [main] INFO  hdfs.DFSUtil (DFSUtil.java:httpServerTemplateForNNAndJN(1641)) - Starting Web-server for hddsDatanode at: http://0.0.0.0:0
2019-11-14 07:28:05,348 [main] INFO  server.AuthenticationFilter (AuthenticationFilter.java:constructSecretProvider(240)) - Unable to initialize FileSignerSecretProvider, falling back to use random secrets.
2019-11-14 07:28:05,348 [main] WARN  http.HttpRequestLog (HttpRequestLog.java:getRequestLog(97)) - Jetty request log can only be enabled using Log4j
2019-11-14 07:28:05,350 [main] INFO  http.HttpServer2 (HttpServer2.java:addGlobalFilter(975)) - Added global filter 'safety' (class=org.apache.hadoop.http.HttpServer2$QuotingInputFilter)
2019-11-14 07:28:05,351 [main] INFO  http.HttpServer2 (HttpServer2.java:addFilter(948)) - Added filter static_user_filter (class=org.apache.hadoop.http.lib.StaticUserWebFilter$StaticUserFilter) to context hddsDatanode
2019-11-14 07:28:05,351 [main] INFO  http.HttpServer2 (HttpServer2.java:addFilter(958)) - Added filter static_user_filter (class=org.apache.hadoop.http.lib.StaticUserWebFilter$StaticUserFilter) to context logs
2019-11-14 07:28:05,351 [main] INFO  http.HttpServer2 (HttpServer2.java:addFilter(958)) - Added filter static_user_filter (class=org.apache.hadoop.http.lib.StaticUserWebFilter$StaticUserFilter) to context static
2019-11-14 07:28:05,352 [main] INFO  http.HttpServer2 (HttpServer2.java:bindListener(1191)) - Jetty bound to port 42780
2019-11-14 07:28:05,352 [main] INFO  server.Server (Server.java:doStart(351)) - jetty-9.3.25.v20180904, build timestamp: 2018-09-04T21:11:46Z, git hash: 3ce520221d0240229c862b122d2b06c12a625732
2019-11-14 07:28:05,355 [main] INFO  handler.ContextHandler (ContextHandler.java:doStart(781)) - Started o.e.j.s.ServletContextHandler@48528634{/logs,file:///workdir/hadoop-ozone/tools/target/log,AVAILABLE}
2019-11-14 07:28:05,356 [main] INFO  handler.ContextHandler (ContextHandler.java:doStart(781)) - Started o.e.j.s.ServletContextHandler@4047d2d9{/static,jar:file:/home/user/.m2/repository/org/apache/hadoop/hadoop-hdds-container-service/0.5.0-SNAPSHOT/hadoop-hdds-container-service-0.5.0-SNAPSHOT.jar!/webapps/static,AVAILABLE}
2019-11-14 07:28:05,392 [main] INFO  handler.ContextHandler (ContextHandler.java:doStart(781)) - Started o.e.j.w.WebAppContext@2127e66e{/,file:///tmp/jetty-0.0.0.0-42780-hddsDatanode-_-any-1664683214903288325.dir/webapp/,AVAILABLE}{/hddsDatanode}
2019-11-14 07:28:05,394 [main] INFO  server.AbstractConnector (AbstractConnector.java:doStart(278)) - Started ServerConnector@1229a2b7{HTTP/1.1,[http/1.1]}{0.0.0.0:42780}
2019-11-14 07:28:05,394 [main] INFO  server.Server (Server.java:doStart(419)) - Started @5869ms
2019-11-14 07:28:05,395 [main] WARN  impl.MetricsSystemImpl (MetricsSystemImpl.java:register(276)) - Sink prometheus already exists!
2019-11-14 07:28:05,396 [main] INFO  server.BaseHttpServer (BaseHttpServer.java:updateConnectorAddress(215)) - HTTP server of HDDSDATANODE is listening at http://0.0.0.0:42780
2019-11-14 07:28:05,397 [main] INFO  impl.MetricsSystemImpl (MetricsSystemImpl.java:init(158)) - HddsDatanode metrics system started (again)
2019-11-14 07:28:05,400 [org.apache.hadoop.util.JvmPauseMonitor$Monitor@62945d27] INFO  util.JvmPauseMonitor (JvmPauseMonitor.java:run(188)) - Starting JVM pause monitor
2019-11-14 07:28:05,402 [main] INFO  ozone.HddsDatanodeService (HddsDatanodeService.java:start(186)) - HddsDatanodeService host:pr-hdds-2473-master-5lfk4-2089843416 ip:192.168.157.220
2019-11-14 07:28:05,410 [main] INFO  volume.HddsVolume (HddsVolume.java:<init>(176)) - Creating Volume: /workdir/hadoop-ozone/tools/target/test-dir/MiniOzoneClusterImpl-8172989c-4da0-4083-a6db-55a067c25ea9/datanode-2/data/containers/hdds of  storage type : DISK and capacity : 1482555576320
2019-11-14 07:28:05,411 [main] INFO  volume.VolumeSet (VolumeSet.java:initializeVolumeSet(170)) - Added Volume : /workdir/hadoop-ozone/tools/target/test-dir/MiniOzoneClusterImpl-8172989c-4da0-4083-a6db-55a067c25ea9/datanode-2/data/containers/hdds to VolumeSet
2019-11-14 07:28:05,411 [main] INFO  volume.ThrottledAsyncChecker (ThrottledAsyncChecker.java:schedule(141)) - Scheduling a check for /workdir/hadoop-ozone/tools/target/test-dir/MiniOzoneClusterImpl-8172989c-4da0-4083-a6db-55a067c25ea9/datanode-2/data/containers/hdds
2019-11-14 07:28:05,411 [main] INFO  volume.HddsVolumeChecker (HddsVolumeChecker.java:checkAllVolumes(204)) - Scheduled health check for volume /workdir/hadoop-ozone/tools/target/test-dir/MiniOzoneClusterImpl-8172989c-4da0-4083-a6db-55a067c25ea9/datanode-2/data/containers/hdds
2019-11-14 07:28:05,427 [main] INFO  impl.RaftServerProxy (ConfUtils.java:logGet(43)) - raft.rpc.type = GRPC (default)
2019-11-14 07:28:05,428 [main] INFO  grpc.GrpcFactory (GrpcFactory.java:checkPooledByteBufAllocatorUseCacheForAllThreads(45)) - PERFORMANCE WARNING: useCacheForAllThreads is true that may cause Netty to create a lot garbage objects and, as a result, trigger GC.
	It is recommended to disable useCacheForAllThreads by setting -Dorg.apache.ratis.thirdparty.io.netty.allocator.useCacheForAllThreads=false in command line.
2019-11-14 07:28:05,428 [main] INFO  grpc.GrpcConfigKeys$Server (ConfUtils.java:logGet(43)) - raft.grpc.server.port = 0 (default)
2019-11-14 07:28:05,428 [main] INFO  server.GrpcService (ConfUtils.java:logGet(43)) - raft.grpc.message.size.max = 33570816 (custom)
2019-11-14 07:28:05,428 [main] INFO  server.RaftServerConfigKeys (ConfUtils.java:logGet(43)) - raft.server.log.appender.buffer.byte-limit = 33554432 (custom)
2019-11-14 07:28:05,429 [main] INFO  server.GrpcService (ConfUtils.java:logGet(43)) - raft.grpc.flow.control.window = 1MB (=1048576) (default)
2019-11-14 07:28:05,429 [main] INFO  server.RaftServerConfigKeys (ConfUtils.java:logGet(43)) - raft.server.rpc.request.timeout = 3000ms (default)
2019-11-14 07:28:05,429 [main] INFO  server.RaftServerConfigKeys (ConfUtils.java:logGet(43)) - raft.server.storage.dir = [/workdir/hadoop-ozone/tools/target/test-dir/MiniOzoneClusterImpl-8172989c-4da0-4083-a6db-55a067c25ea9/datanode-2/data/ratis] (custom)
2019-11-14 07:28:05,432 [Datanode State Machine Thread - 0] INFO  datanode.InitDatanodeState (InitDatanodeState.java:persistContainerDatanodeDetails(140)) - DatanodeDetails is persisted to /workdir/hadoop-ozone/tools/target/test-dir/MiniOzoneClusterImpl-8172989c-4da0-4083-a6db-55a067c25ea9/datanode-0/meta/datanode.id
2019-11-14 07:28:05,432 [main] INFO  hdfs.DFSUtil (DFSUtil.java:httpServerTemplateForNNAndJN(1641)) - Starting Web-server for hddsDatanode at: http://0.0.0.0:0
2019-11-14 07:28:05,435 [main] INFO  server.AuthenticationFilter (AuthenticationFilter.java:constructSecretProvider(240)) - Unable to initialize FileSignerSecretProvider, falling back to use random secrets.
2019-11-14 07:28:05,436 [main] WARN  http.HttpRequestLog (HttpRequestLog.java:getRequestLog(97)) - Jetty request log can only be enabled using Log4j
2019-11-14 07:28:05,436 [Datanode State Machine Thread - 0] INFO  datanode.InitDatanodeState (InitDatanodeState.java:persistContainerDatanodeDetails(140)) - DatanodeDetails is persisted to /workdir/hadoop-ozone/tools/target/test-dir/MiniOzoneClusterImpl-8172989c-4da0-4083-a6db-55a067c25ea9/datanode-1/meta/datanode.id
2019-11-14 07:28:05,437 [main] INFO  http.HttpServer2 (HttpServer2.java:addGlobalFilter(975)) - Added global filter 'safety' (class=org.apache.hadoop.http.HttpServer2$QuotingInputFilter)
2019-11-14 07:28:05,438 [main] INFO  http.HttpServer2 (HttpServer2.java:addFilter(948)) - Added filter static_user_filter (class=org.apache.hadoop.http.lib.StaticUserWebFilter$StaticUserFilter) to context hddsDatanode
2019-11-14 07:28:05,438 [main] INFO  http.HttpServer2 (HttpServer2.java:addFilter(958)) - Added filter static_user_filter (class=org.apache.hadoop.http.lib.StaticUserWebFilter$StaticUserFilter) to context logs
2019-11-14 07:28:05,438 [main] INFO  http.HttpServer2 (HttpServer2.java:addFilter(958)) - Added filter static_user_filter (class=org.apache.hadoop.http.lib.StaticUserWebFilter$StaticUserFilter) to context static
2019-11-14 07:28:05,439 [main] INFO  http.HttpServer2 (HttpServer2.java:bindListener(1191)) - Jetty bound to port 33341
2019-11-14 07:28:05,439 [main] INFO  server.Server (Server.java:doStart(351)) - jetty-9.3.25.v20180904, build timestamp: 2018-09-04T21:11:46Z, git hash: 3ce520221d0240229c862b122d2b06c12a625732
2019-11-14 07:28:05,441 [main] INFO  handler.ContextHandler (ContextHandler.java:doStart(781)) - Started o.e.j.s.ServletContextHandler@2849434b{/logs,file:///workdir/hadoop-ozone/tools/target/log,AVAILABLE}
2019-11-14 07:28:05,442 [main] INFO  handler.ContextHandler (ContextHandler.java:doStart(781)) - Started o.e.j.s.ServletContextHandler@65b97f47{/static,jar:file:/home/user/.m2/repository/org/apache/hadoop/hadoop-hdds-container-service/0.5.0-SNAPSHOT/hadoop-hdds-container-service-0.5.0-SNAPSHOT.jar!/webapps/static,AVAILABLE}
2019-11-14 07:28:05,468 [main] INFO  handler.ContextHandler (ContextHandler.java:doStart(781)) - Started o.e.j.w.WebAppContext@5bc28f40{/,file:///tmp/jetty-0.0.0.0-33341-hddsDatanode-_-any-577495870909240307.dir/webapp/,AVAILABLE}{/hddsDatanode}
2019-11-14 07:28:05,469 [main] INFO  server.AbstractConnector (AbstractConnector.java:doStart(278)) - Started ServerConnector@46963479{HTTP/1.1,[http/1.1]}{0.0.0.0:33341}
2019-11-14 07:28:05,469 [main] INFO  server.Server (Server.java:doStart(419)) - Started @5944ms
2019-11-14 07:28:05,470 [main] WARN  impl.MetricsSystemImpl (MetricsSystemImpl.java:register(276)) - Sink prometheus already exists!
2019-11-14 07:28:05,471 [main] INFO  server.BaseHttpServer (BaseHttpServer.java:updateConnectorAddress(215)) - HTTP server of HDDSDATANODE is listening at http://0.0.0.0:33341
2019-11-14 07:28:05,473 [main] INFO  ozone.MiniOzoneClusterImpl (MiniOzoneClusterImpl.java:lambda$waitForClusterToBeReady$2(171)) - Waiting for cluster to be ready. Got 0 of 3 DN Heartbeats.
2019-11-14 07:28:05,474 [org.apache.hadoop.util.JvmPauseMonitor$Monitor@42d675] INFO  util.JvmPauseMonitor (JvmPauseMonitor.java:run(188)) - Starting JVM pause monitor
2019-11-14 07:28:05,478 [Datanode State Machine Thread - 0] INFO  datanode.InitDatanodeState (InitDatanodeState.java:persistContainerDatanodeDetails(140)) - DatanodeDetails is persisted to /workdir/hadoop-ozone/tools/target/test-dir/MiniOzoneClusterImpl-8172989c-4da0-4083-a6db-55a067c25ea9/datanode-2/meta/datanode.id
2019-11-14 07:28:06,473 [main] INFO  ozone.MiniOzoneClusterImpl (MiniOzoneClusterImpl.java:lambda$waitForClusterToBeReady$2(171)) - Waiting for cluster to be ready. Got 0 of 3 DN Heartbeats.
2019-11-14 07:28:07,409 [Datanode State Machine Thread - 0] INFO  ozoneimpl.OzoneContainer (OzoneContainer.java:start(230)) - Attempting to start container services.
2019-11-14 07:28:07,412 [Datanode State Machine Thread - 0] INFO  ozoneimpl.OzoneContainer (OzoneContainer.java:startContainerScrub(194)) - Background container scanner has been disabled.
2019-11-14 07:28:07,412 [Datanode State Machine Thread - 0] INFO  ratis.XceiverServerRatis (XceiverServerRatis.java:start(421)) - Starting XceiverServerRatis a055a1b9-25b3-4fc2-bbfd-9b68c6048d26 at port 0
2019-11-14 07:28:07,431 [Datanode State Machine Thread - 0] INFO  ozoneimpl.OzoneContainer (OzoneContainer.java:start(230)) - Attempting to start container services.
2019-11-14 07:28:07,436 [Datanode State Machine Thread - 0] INFO  ozoneimpl.OzoneContainer (OzoneContainer.java:startContainerScrub(194)) - Background container scanner has been disabled.
2019-11-14 07:28:07,436 [Datanode State Machine Thread - 0] INFO  ratis.XceiverServerRatis (XceiverServerRatis.java:start(421)) - Starting XceiverServerRatis f801ea35-1a8a-4ca1-9f8b-520ebd42f3c5 at port 0
2019-11-14 07:28:07,439 [Datanode State Machine Thread - 0] INFO  impl.RaftServerProxy (RaftServerProxy.java:lambda$start$3(299)) - a055a1b9-25b3-4fc2-bbfd-9b68c6048d26: start RPC server
2019-11-14 07:28:07,449 [Datanode State Machine Thread - 0] INFO  impl.RaftServerProxy (RaftServerProxy.java:lambda$start$3(299)) - f801ea35-1a8a-4ca1-9f8b-520ebd42f3c5: start RPC server
2019-11-14 07:28:07,474 [main] INFO  ozone.MiniOzoneClusterImpl (MiniOzoneClusterImpl.java:lambda$waitForClusterToBeReady$2(171)) - Waiting for cluster to be ready. Got 0 of 3 DN Heartbeats.
2019-11-14 07:28:07,498 [Datanode State Machine Thread - 0] INFO  ozoneimpl.OzoneContainer (OzoneContainer.java:start(230)) - Attempting to start container services.
2019-11-14 07:28:07,500 [Datanode State Machine Thread - 0] INFO  ozoneimpl.OzoneContainer (OzoneContainer.java:startContainerScrub(194)) - Background container scanner has been disabled.
2019-11-14 07:28:07,500 [Datanode State Machine Thread - 0] INFO  ratis.XceiverServerRatis (XceiverServerRatis.java:start(421)) - Starting XceiverServerRatis 11b96894-e5c9-4f16-b69e-d41085948f59 at port 0
2019-11-14 07:28:07,508 [Datanode State Machine Thread - 0] INFO  impl.RaftServerProxy (RaftServerProxy.java:lambda$start$3(299)) - 11b96894-e5c9-4f16-b69e-d41085948f59: start RPC server
2019-11-14 07:28:07,566 [Datanode State Machine Thread - 0] INFO  server.GrpcService (GrpcService.java:startImpl(158)) - 11b96894-e5c9-4f16-b69e-d41085948f59: GrpcService started, listening on 0.0.0.0/0.0.0.0:37422
2019-11-14 07:28:07,566 [Datanode State Machine Thread - 0] INFO  server.GrpcService (GrpcService.java:startImpl(158)) - f801ea35-1a8a-4ca1-9f8b-520ebd42f3c5: GrpcService started, listening on 0.0.0.0/0.0.0.0:34472
2019-11-14 07:28:07,566 [Datanode State Machine Thread - 0] INFO  server.GrpcService (GrpcService.java:startImpl(158)) - a055a1b9-25b3-4fc2-bbfd-9b68c6048d26: GrpcService started, listening on 0.0.0.0/0.0.0.0:32830
2019-11-14 07:28:07,566 [Datanode State Machine Thread - 0] INFO  ratis.XceiverServerRatis (XceiverServerRatis.java:start(431)) - XceiverServerRatis f801ea35-1a8a-4ca1-9f8b-520ebd42f3c5 is started using port 34472
2019-11-14 07:28:07,566 [Datanode State Machine Thread - 0] INFO  ratis.XceiverServerRatis (XceiverServerRatis.java:start(431)) - XceiverServerRatis 11b96894-e5c9-4f16-b69e-d41085948f59 is started using port 37422
2019-11-14 07:28:07,566 [Datanode State Machine Thread - 0] INFO  ratis.XceiverServerRatis (XceiverServerRatis.java:start(431)) - XceiverServerRatis a055a1b9-25b3-4fc2-bbfd-9b68c6048d26 is started using port 32830
2019-11-14 07:28:07,571 [Datanode State Machine Thread - 0] INFO  server.XceiverServerGrpc (XceiverServerGrpc.java:start(145)) - XceiverServerGrpc 11b96894-e5c9-4f16-b69e-d41085948f59 is started using port 46582
2019-11-14 07:28:07,571 [Datanode State Machine Thread - 0] INFO  server.XceiverServerGrpc (XceiverServerGrpc.java:start(145)) - XceiverServerGrpc f801ea35-1a8a-4ca1-9f8b-520ebd42f3c5 is started using port 45430
2019-11-14 07:28:07,571 [Datanode State Machine Thread - 0] INFO  server.XceiverServerGrpc (XceiverServerGrpc.java:start(145)) - XceiverServerGrpc a055a1b9-25b3-4fc2-bbfd-9b68c6048d26 is started using port 34218
2019-11-14 07:28:08,474 [main] INFO  ozone.MiniOzoneClusterImpl (MiniOzoneClusterImpl.java:lambda$waitForClusterToBeReady$2(171)) - Waiting for cluster to be ready. Got 0 of 3 DN Heartbeats.
2019-11-14 07:28:09,355 [IPC Server handler 0 on 39920] INFO  net.NetworkTopology (NetworkTopologyImpl.java:add(111)) - Added a new node: /default-rack/a055a1b9-25b3-4fc2-bbfd-9b68c6048d26
2019-11-14 07:28:09,356 [IPC Server handler 0 on 39920] INFO  node.SCMNodeManager (SCMNodeManager.java:register(267)) - Registered Data node : a055a1b9-25b3-4fc2-bbfd-9b68c6048d26{ip: 192.168.157.220, host: pr-hdds-2473-master-5lfk4-2089843416, networkLocation: /default-rack, certSerialId: null}
2019-11-14 07:28:09,359 [EventQueue-NodeRegistrationContainerReportForDataNodeSafeModeRule] INFO  safemode.SCMSafeModeManager (DataNodeSafeModeRule.java:process(71)) - SCM in safe mode. 1 DataNodes registered, 1 required.
2019-11-14 07:28:09,360 [EventQueue-NodeRegistrationContainerReportForDataNodeSafeModeRule] INFO  safemode.SCMSafeModeManager (SCMSafeModeManager.java:validateSafeModeExitRules(177)) - ScmSafeModeManager, all rules are successfully validated
2019-11-14 07:28:09,360 [EventQueue-NodeRegistrationContainerReportForDataNodeSafeModeRule] INFO  safemode.SCMSafeModeManager (SCMSafeModeManager.java:exitSafeMode(193)) - SCM exiting safe mode.
2019-11-14 07:28:09,402 [IPC Server handler 2 on 39920] INFO  net.NetworkTopology (NetworkTopologyImpl.java:add(111)) - Added a new node: /default-rack/f801ea35-1a8a-4ca1-9f8b-520ebd42f3c5
2019-11-14 07:28:09,402 [IPC Server handler 2 on 39920] INFO  node.SCMNodeManager (SCMNodeManager.java:register(267)) - Registered Data node : f801ea35-1a8a-4ca1-9f8b-520ebd42f3c5{ip: 192.168.157.220, host: pr-hdds-2473-master-5lfk4-2089843416, networkLocation: /default-rack, certSerialId: null}
2019-11-14 07:28:09,478 [IPC Server handler 1 on 39920] INFO  net.NetworkTopology (NetworkTopologyImpl.java:add(111)) - Added a new node: /default-rack/11b96894-e5c9-4f16-b69e-d41085948f59
2019-11-14 07:28:09,478 [IPC Server handler 1 on 39920] INFO  node.SCMNodeManager (SCMNodeManager.java:register(267)) - Registered Data node : 11b96894-e5c9-4f16-b69e-d41085948f59{ip: 192.168.157.220, host: pr-hdds-2473-master-5lfk4-2089843416, networkLocation: /default-rack, certSerialId: null}
2019-11-14 07:28:09,799 [grpc-default-executor-0] INFO  impl.RaftServerProxy (RaftServerProxy.java:addNew(89)) - a055a1b9-25b3-4fc2-bbfd-9b68c6048d26: addNew group-E0582A53B940:[a055a1b9-25b3-4fc2-bbfd-9b68c6048d26:192.168.157.220:32830] returns group-E0582A53B940:java.util.concurrent.CompletableFuture@29ada6f2[Not completed]
2019-11-14 07:28:09,808 [pool-27-thread-1] INFO  impl.RaftServerImpl (RaftServerImpl.java:<init>(98)) - a055a1b9-25b3-4fc2-bbfd-9b68c6048d26: new RaftServerImpl for group-E0582A53B940:[a055a1b9-25b3-4fc2-bbfd-9b68c6048d26:192.168.157.220:32830] with ContainerStateMachine:uninitialized
2019-11-14 07:28:09,810 [pool-27-thread-1] INFO  server.RaftServerConfigKeys (ConfUtils.java:logGet(43)) - raft.server.rpc.timeout.min = 5s (custom)
2019-11-14 07:28:09,810 [pool-27-thread-1] INFO  server.RaftServerConfigKeys (ConfUtils.java:logGet(43)) - raft.server.rpc.timeout.max = 5200ms (custom)
2019-11-14 07:28:09,810 [pool-27-thread-1] INFO  server.RaftServerConfigKeys (ConfUtils.java:logGet(43)) - raft.server.rpcslowness.timeout = 120s (custom)
2019-11-14 07:28:09,811 [pool-27-thread-1] INFO  server.RaftServerConfigKeys (ConfUtils.java:logGet(43)) - raft.server.sleep.deviation.threshold = 300 (default)
2019-11-14 07:28:09,811 [pool-27-thread-1] INFO  server.RaftServerConfigKeys (ConfUtils.java:logGet(43)) - raft.server.log.appender.install.snapshot.enabled = false (custom)
2019-11-14 07:28:09,817 [pool-27-thread-1] INFO  impl.RaftServerImpl (ServerState.java:<init>(103)) - a055a1b9-25b3-4fc2-bbfd-9b68c6048d26@group-E0582A53B940: ConfigurationManager, init=-1: [a055a1b9-25b3-4fc2-bbfd-9b68c6048d26:192.168.157.220:32830], old=null, confs=<EMPTY_MAP>
2019-11-14 07:28:09,817 [pool-27-thread-1] INFO  server.RaftServerConfigKeys (ConfUtils.java:logGet(43)) - raft.server.storage.dir = [/workdir/hadoop-ozone/tools/target/test-dir/MiniOzoneClusterImpl-8172989c-4da0-4083-a6db-55a067c25ea9/datanode-0/data/ratis] (custom)
2019-11-14 07:28:09,822 [pool-27-thread-1] INFO  server.RaftServerConfigKeys (ConfUtils.java:logGet(43)) - raft.server.log.corruption.policy = EXCEPTION (default)
2019-11-14 07:28:09,824 [pool-27-thread-1] INFO  storage.RaftStorageDirectory (RaftStorageDirectory.java:analyzeStorage(246)) - The storage directory /workdir/hadoop-ozone/tools/target/test-dir/MiniOzoneClusterImpl-8172989c-4da0-4083-a6db-55a067c25ea9/datanode-0/data/ratis/52549ced-7b48-4b67-96f9-e0582a53b940 does not exist. Creating ...
2019-11-14 07:28:09,859 [pool-27-thread-1] INFO  storage.RaftStorageDirectory (RaftStorageDirectory.java:tryLock(328)) - Lock on /workdir/hadoop-ozone/tools/target/test-dir/MiniOzoneClusterImpl-8172989c-4da0-4083-a6db-55a067c25ea9/datanode-0/data/ratis/52549ced-7b48-4b67-96f9-e0582a53b940/in_use.lock acquired by nodename 13428@pr-hdds-2473-master-5lfk4-2089843416
2019-11-14 07:28:09,893 [pool-27-thread-1] INFO  storage.RaftStorage (RaftStorage.java:format(84)) - Storage directory /workdir/hadoop-ozone/tools/target/test-dir/MiniOzoneClusterImpl-8172989c-4da0-4083-a6db-55a067c25ea9/datanode-0/data/ratis/52549ced-7b48-4b67-96f9-e0582a53b940 has been successfully formatted.
2019-11-14 07:28:09,897 [pool-27-thread-1] INFO  ratis.ContainerStateMachine (ContainerStateMachine.java:loadSnapshot(223)) - group-E0582A53B940: The snapshot info is null. Setting the last applied indexto:(t:0, i:~)
2019-11-14 07:28:09,898 [pool-27-thread-1] INFO  server.RaftServerConfigKeys (ConfUtils.java:logGet(43)) - raft.server.notification.no-leader.timeout = 120s (custom)
2019-11-14 07:28:09,900 [pool-27-thread-1] INFO  server.RaftServerConfigKeys (ConfUtils.java:logGet(43)) - raft.server.log.use.memory = false (default)
2019-11-14 07:28:09,907 [pool-27-thread-1] INFO  server.RaftServerConfigKeys (ConfUtils.java:logGet(43)) - raft.server.log.purge.gap = 1000000 (custom)
2019-11-14 07:28:09,907 [pool-27-thread-1] INFO  server.RaftServerConfigKeys (ConfUtils.java:logGet(43)) - raft.server.log.appender.buffer.byte-limit = 33554432 (custom)
2019-11-14 07:28:09,910 [pool-27-thread-1] INFO  server.RaftServerConfigKeys (ConfUtils.java:logGet(43)) - raft.server.log.segment.size.max = 1048576 (custom)
2019-11-14 07:28:09,915 [pool-27-thread-1] INFO  metrics.MetricRegistries (MetricRegistriesLoader.java:load(64)) - Loaded MetricRegistries class org.apache.ratis.metrics.impl.MetricRegistriesImpl
2019-11-14 07:28:09,920 [pool-27-thread-1] WARN  impl.MetricRegistriesImpl (MetricRegistriesImpl.java:lambda$create$1(61)) - First MetricRegistry has been created without registering reporters. You may need to call MetricRegistries.global().addReportRegistration(...) before.
2019-11-14 07:28:09,926 [pool-27-thread-1] INFO  server.RaftServerConfigKeys (ConfUtils.java:logGet(43)) - raft.server.log.segment.cache.num.max = 2 (custom)
2019-11-14 07:28:09,932 [pool-27-thread-1] INFO  segmented.SegmentedRaftLogWorker (SegmentedRaftLogWorker.java:<init>(173)) - new a055a1b9-25b3-4fc2-bbfd-9b68c6048d26@group-E0582A53B940-SegmentedRaftLogWorker for RaftStorage:Storage Directory /workdir/hadoop-ozone/tools/target/test-dir/MiniOzoneClusterImpl-8172989c-4da0-4083-a6db-55a067c25ea9/datanode-0/data/ratis/52549ced-7b48-4b67-96f9-e0582a53b940
2019-11-14 07:28:09,932 [pool-27-thread-1] INFO  server.RaftServerConfigKeys (ConfUtils.java:logGet(43)) - raft.server.log.queue.byte-limit = 2147483647 (custom)
2019-11-14 07:28:09,933 [pool-27-thread-1] INFO  server.RaftServerConfigKeys (ConfUtils.java:logGet(43)) - raft.server.log.queue.element-limit = 1024 (custom)
2019-11-14 07:28:09,934 [pool-27-thread-1] INFO  server.RaftServerConfigKeys (ConfUtils.java:logGet(43)) - raft.server.log.segment.size.max = 1048576 (custom)
2019-11-14 07:28:09,935 [pool-27-thread-1] INFO  server.RaftServerConfigKeys (ConfUtils.java:logGet(43)) - raft.server.log.preallocated.size = 16384 (custom)
2019-11-14 07:28:09,935 [pool-27-thread-1] INFO  server.RaftServerConfigKeys (ConfUtils.java:logGet(43)) - raft.server.log.write.buffer.size = 33554432 (custom)
2019-11-14 07:28:09,936 [pool-27-thread-1] INFO  server.RaftServerConfigKeys (ConfUtils.java:logGet(43)) - raft.server.log.force.sync.num = 128 (default)
2019-11-14 07:28:09,937 [pool-27-thread-1] INFO  server.RaftServerConfigKeys (ConfUtils.java:logGet(43)) - raft.server.log.statemachine.data.sync = true (default)
2019-11-14 07:28:09,937 [pool-27-thread-1] INFO  server.RaftServerConfigKeys (ConfUtils.java:logGet(43)) - raft.server.log.statemachine.data.sync.timeout = 10s (default)
2019-11-14 07:28:09,937 [pool-27-thread-1] INFO  server.RaftServerConfigKeys (ConfUtils.java:logGet(43)) - raft.server.log.statemachine.data.sync.timeout.retry = -1 (default)
2019-11-14 07:28:09,949 [pool-27-thread-1] INFO  server.RaftServerConfigKeys (ConfUtils.java:logGet(43)) - raft.server.log.statemachine.data.caching.enabled = true (custom)
2019-11-14 07:28:09,954 [pool-27-thread-1] INFO  segmented.SegmentedRaftLogWorker (SegmentedRaftLogWorker.java:lambda$new$0(128)) - a055a1b9-25b3-4fc2-bbfd-9b68c6048d26@group-E0582A53B940-SegmentedRaftLogWorker: flushIndex: setUnconditionally 0 -> -1
2019-11-14 07:28:09,959 [pool-27-thread-1] INFO  server.RaftServerConfigKeys (ConfUtils.java:logGet(43)) - raft.server.snapshot.auto.trigger.enabled = true (custom)
2019-11-14 07:28:09,959 [pool-27-thread-1] INFO  server.RaftServerConfigKeys (ConfUtils.java:logGet(43)) - raft.server.snapshot.auto.trigger.threshold = 10000 (custom)
2019-11-14 07:28:09,960 [pool-27-thread-1] INFO  server.RaftServerConfigKeys (ConfUtils.java:logGet(43)) - raft.server.snapshot.retention.file.num = 5 (custom)
2019-11-14 07:28:09,960 [pool-27-thread-1] INFO  server.RaftServerConfigKeys (ConfUtils.java:logGet(43)) - raft.server.retrycache.expirytime = 600000ms (custom)
2019-11-14 07:28:09,979 [pool-27-thread-1] WARN  impl.MetricRegistriesImpl (MetricRegistriesImpl.java:lambda$create$1(61)) - First MetricRegistry has been created without registering reporters. You may need to call MetricRegistries.global().addReportRegistration(...) before.
2019-11-14 07:28:09,981 [pool-27-thread-1] WARN  impl.MetricRegistriesImpl (MetricRegistriesImpl.java:lambda$create$1(61)) - First MetricRegistry has been created without registering reporters. You may need to call MetricRegistries.global().addReportRegistration(...) before.
2019-11-14 07:28:09,982 [pool-27-thread-1] INFO  impl.RaftServerImpl (RaftServerImpl.java:start(184)) - a055a1b9-25b3-4fc2-bbfd-9b68c6048d26@group-E0582A53B940: start as a follower, conf=-1: [a055a1b9-25b3-4fc2-bbfd-9b68c6048d26:192.168.157.220:32830], old=null
2019-11-14 07:28:09,983 [pool-27-thread-1] INFO  impl.RaftServerImpl (RaftServerImpl.java:setRole(173)) - a055a1b9-25b3-4fc2-bbfd-9b68c6048d26@group-E0582A53B940: changes role from      null to FOLLOWER at term 0 for startAsFollower
2019-11-14 07:28:09,984 [pool-27-thread-1] INFO  impl.RoleInfo (RoleInfo.java:updateAndGet(143)) - a055a1b9-25b3-4fc2-bbfd-9b68c6048d26: start FollowerState
2019-11-14 07:28:09,986 [pool-27-thread-1] INFO  util.JmxRegister (JmxRegister.java:tryRegister(44)) - Successfully registered JMX Bean with object name Ratis:service=RaftServer,group=group-E0582A53B940,id=a055a1b9-25b3-4fc2-bbfd-9b68c6048d26
2019-11-14 07:28:09,987 [pool-27-thread-1] WARN  impl.MetricRegistriesImpl (MetricRegistriesImpl.java:lambda$create$1(61)) - First MetricRegistry has been created without registering reporters. You may need to call MetricRegistries.global().addReportRegistration(...) before.
2019-11-14 07:28:10,041 [RatisPipelineUtilsThread] INFO  pipeline.PipelineStateManager (PipelineStateManager.java:addPipeline(55)) - Created pipeline Pipeline[ Id: 52549ced-7b48-4b67-96f9-e0582a53b940, Nodes: a055a1b9-25b3-4fc2-bbfd-9b68c6048d26{ip: 192.168.157.220, host: pr-hdds-2473-master-5lfk4-2089843416, networkLocation: /default-rack, certSerialId: null}, Type:RATIS, Factor:ONE, State:ALLOCATED]
2019-11-14 07:28:10,058 [grpc-default-executor-0] INFO  impl.RaftServerProxy (RaftServerProxy.java:addNew(89)) - 11b96894-e5c9-4f16-b69e-d41085948f59: addNew group-FB5F6043956B:[11b96894-e5c9-4f16-b69e-d41085948f59:192.168.157.220:37422] returns group-FB5F6043956B:java.util.concurrent.CompletableFuture@70a88c35[Not completed]
2019-11-14 07:28:10,074 [pool-47-thread-1] INFO  impl.RaftServerImpl (RaftServerImpl.java:<init>(98)) - 11b96894-e5c9-4f16-b69e-d41085948f59: new RaftServerImpl for group-FB5F6043956B:[11b96894-e5c9-4f16-b69e-d41085948f59:192.168.157.220:37422] with ContainerStateMachine:uninitialized
2019-11-14 07:28:10,075 [pool-47-thread-1] INFO  server.RaftServerConfigKeys (ConfUtils.java:logGet(43)) - raft.server.rpc.timeout.min = 5s (custom)
2019-11-14 07:28:10,076 [pool-47-thread-1] INFO  server.RaftServerConfigKeys (ConfUtils.java:logGet(43)) - raft.server.rpc.timeout.max = 5200ms (custom)
2019-11-14 07:28:10,076 [pool-47-thread-1] INFO  server.RaftServerConfigKeys (ConfUtils.java:logGet(43)) - raft.server.rpcslowness.timeout = 120s (custom)
2019-11-14 07:28:10,076 [pool-47-thread-1] INFO  server.RaftServerConfigKeys (ConfUtils.java:logGet(43)) - raft.server.sleep.deviation.threshold = 300 (default)
2019-11-14 07:28:10,076 [pool-47-thread-1] INFO  server.RaftServerConfigKeys (ConfUtils.java:logGet(43)) - raft.server.log.appender.install.snapshot.enabled = false (custom)
2019-11-14 07:28:10,076 [pool-47-thread-1] INFO  impl.RaftServerImpl (ServerState.java:<init>(103)) - 11b96894-e5c9-4f16-b69e-d41085948f59@group-FB5F6043956B: ConfigurationManager, init=-1: [11b96894-e5c9-4f16-b69e-d41085948f59:192.168.157.220:37422], old=null, confs=<EMPTY_MAP>
2019-11-14 07:28:10,076 [pool-47-thread-1] INFO  server.RaftServerConfigKeys (ConfUtils.java:logGet(43)) - raft.server.storage.dir = [/workdir/hadoop-ozone/tools/target/test-dir/MiniOzoneClusterImpl-8172989c-4da0-4083-a6db-55a067c25ea9/datanode-2/data/ratis] (custom)
2019-11-14 07:28:10,077 [pool-47-thread-1] INFO  server.RaftServerConfigKeys (ConfUtils.java:logGet(43)) - raft.server.log.corruption.policy = EXCEPTION (default)
2019-11-14 07:28:10,077 [pool-47-thread-1] INFO  storage.RaftStorageDirectory (RaftStorageDirectory.java:analyzeStorage(246)) - The storage directory /workdir/hadoop-ozone/tools/target/test-dir/MiniOzoneClusterImpl-8172989c-4da0-4083-a6db-55a067c25ea9/datanode-2/data/ratis/8b6f5dea-20dc-4b88-98cb-fb5f6043956b does not exist. Creating ...
2019-11-14 07:28:10,102 [pool-47-thread-1] INFO  storage.RaftStorageDirectory (RaftStorageDirectory.java:tryLock(328)) - Lock on /workdir/hadoop-ozone/tools/target/test-dir/MiniOzoneClusterImpl-8172989c-4da0-4083-a6db-55a067c25ea9/datanode-2/data/ratis/8b6f5dea-20dc-4b88-98cb-fb5f6043956b/in_use.lock acquired by nodename 13428@pr-hdds-2473-master-5lfk4-2089843416
2019-11-14 07:28:10,127 [pool-47-thread-1] INFO  storage.RaftStorage (RaftStorage.java:format(84)) - Storage directory /workdir/hadoop-ozone/tools/target/test-dir/MiniOzoneClusterImpl-8172989c-4da0-4083-a6db-55a067c25ea9/datanode-2/data/ratis/8b6f5dea-20dc-4b88-98cb-fb5f6043956b has been successfully formatted.
2019-11-14 07:28:10,128 [pool-47-thread-1] INFO  ratis.ContainerStateMachine (ContainerStateMachine.java:loadSnapshot(223)) - group-FB5F6043956B: The snapshot info is null. Setting the last applied indexto:(t:0, i:~)
2019-11-14 07:28:10,129 [pool-47-thread-1] INFO  server.RaftServerConfigKeys (ConfUtils.java:logGet(43)) - raft.server.notification.no-leader.timeout = 120s (custom)
2019-11-14 07:28:10,129 [pool-47-thread-1] INFO  server.RaftServerConfigKeys (ConfUtils.java:logGet(43)) - raft.server.log.use.memory = false (default)
2019-11-14 07:28:10,130 [pool-47-thread-1] INFO  server.RaftServerConfigKeys (ConfUtils.java:logGet(43)) - raft.server.log.purge.gap = 1000000 (custom)
2019-11-14 07:28:10,130 [pool-47-thread-1] INFO  server.RaftServerConfigKeys (ConfUtils.java:logGet(43)) - raft.server.log.appender.buffer.byte-limit = 33554432 (custom)
2019-11-14 07:28:10,130 [pool-47-thread-1] INFO  server.RaftServerConfigKeys (ConfUtils.java:logGet(43)) - raft.server.log.segment.size.max = 1048576 (custom)
2019-11-14 07:28:10,130 [pool-47-thread-1] WARN  impl.MetricRegistriesImpl (MetricRegistriesImpl.java:lambda$create$1(61)) - First MetricRegistry has been created without registering reporters. You may need to call MetricRegistries.global().addReportRegistration(...) before.
2019-11-14 07:28:10,131 [pool-47-thread-1] INFO  server.RaftServerConfigKeys (ConfUtils.java:logGet(43)) - raft.server.log.segment.cache.num.max = 2 (custom)
2019-11-14 07:28:10,131 [pool-47-thread-1] INFO  segmented.SegmentedRaftLogWorker (SegmentedRaftLogWorker.java:<init>(173)) - new 11b96894-e5c9-4f16-b69e-d41085948f59@group-FB5F6043956B-SegmentedRaftLogWorker for RaftStorage:Storage Directory /workdir/hadoop-ozone/tools/target/test-dir/MiniOzoneClusterImpl-8172989c-4da0-4083-a6db-55a067c25ea9/datanode-2/data/ratis/8b6f5dea-20dc-4b88-98cb-fb5f6043956b
2019-11-14 07:28:10,132 [pool-47-thread-1] INFO  server.RaftServerConfigKeys (ConfUtils.java:logGet(43)) - raft.server.log.queue.byte-limit = 2147483647 (custom)
2019-11-14 07:28:10,132 [pool-47-thread-1] INFO  server.RaftServerConfigKeys (ConfUtils.java:logGet(43)) - raft.server.log.queue.element-limit = 1024 (custom)
2019-11-14 07:28:10,132 [pool-47-thread-1] INFO  server.RaftServerConfigKeys (ConfUtils.java:logGet(43)) - raft.server.log.segment.size.max = 1048576 (custom)
2019-11-14 07:28:10,133 [pool-47-thread-1] INFO  server.RaftServerConfigKeys (ConfUtils.java:logGet(43)) - raft.server.log.preallocated.size = 16384 (custom)
2019-11-14 07:28:10,133 [pool-47-thread-1] INFO  server.RaftServerConfigKeys (ConfUtils.java:logGet(43)) - raft.server.log.write.buffer.size = 33554432 (custom)
2019-11-14 07:28:10,133 [pool-47-thread-1] INFO  server.RaftServerConfigKeys (ConfUtils.java:logGet(43)) - raft.server.log.force.sync.num = 128 (default)
2019-11-14 07:28:10,133 [pool-47-thread-1] INFO  server.RaftServerConfigKeys (ConfUtils.java:logGet(43)) - raft.server.log.statemachine.data.sync = true (default)
2019-11-14 07:28:10,133 [pool-47-thread-1] INFO  server.RaftServerConfigKeys (ConfUtils.java:logGet(43)) - raft.server.log.statemachine.data.sync.timeout = 10s (default)
2019-11-14 07:28:10,134 [pool-47-thread-1] INFO  server.RaftServerConfigKeys (ConfUtils.java:logGet(43)) - raft.server.log.statemachine.data.sync.timeout.retry = -1 (default)
2019-11-14 07:28:10,134 [pool-47-thread-1] INFO  server.RaftServerConfigKeys (ConfUtils.java:logGet(43)) - raft.server.log.statemachine.data.caching.enabled = true (custom)
2019-11-14 07:28:10,135 [pool-47-thread-1] INFO  segmented.SegmentedRaftLogWorker (SegmentedRaftLogWorker.java:lambda$new$0(128)) - 11b96894-e5c9-4f16-b69e-d41085948f59@group-FB5F6043956B-SegmentedRaftLogWorker: flushIndex: setUnconditionally 0 -> -1
2019-11-14 07:28:10,135 [pool-47-thread-1] INFO  server.RaftServerConfigKeys (ConfUtils.java:logGet(43)) - raft.server.snapshot.auto.trigger.enabled = true (custom)
2019-11-14 07:28:10,135 [pool-47-thread-1] INFO  server.RaftServerConfigKeys (ConfUtils.java:logGet(43)) - raft.server.snapshot.auto.trigger.threshold = 10000 (custom)
2019-11-14 07:28:10,135 [pool-47-thread-1] INFO  server.RaftServerConfigKeys (ConfUtils.java:logGet(43)) - raft.server.snapshot.retention.file.num = 5 (custom)
2019-11-14 07:28:10,136 [pool-47-thread-1] INFO  server.RaftServerConfigKeys (ConfUtils.java:logGet(43)) - raft.server.retrycache.expirytime = 600000ms (custom)
2019-11-14 07:28:10,136 [pool-47-thread-1] WARN  impl.MetricRegistriesImpl (MetricRegistriesImpl.java:lambda$create$1(61)) - First MetricRegistry has been created without registering reporters. You may need to call MetricRegistries.global().addReportRegistration(...) before.
2019-11-14 07:28:10,136 [pool-47-thread-1] WARN  impl.MetricRegistriesImpl (MetricRegistriesImpl.java:lambda$create$1(61)) - First MetricRegistry has been created without registering reporters. You may need to call MetricRegistries.global().addReportRegistration(...) before.
2019-11-14 07:28:10,136 [pool-47-thread-1] INFO  impl.RaftServerImpl (RaftServerImpl.java:start(184)) - 11b96894-e5c9-4f16-b69e-d41085948f59@group-FB5F6043956B: start as a follower, conf=-1: [11b96894-e5c9-4f16-b69e-d41085948f59:192.168.157.220:37422], old=null
2019-11-14 07:28:10,137 [pool-47-thread-1] INFO  impl.RaftServerImpl (RaftServerImpl.java:setRole(173)) - 11b96894-e5c9-4f16-b69e-d41085948f59@group-FB5F6043956B: changes role from      null to FOLLOWER at term 0 for startAsFollower
2019-11-14 07:28:10,137 [pool-47-thread-1] INFO  impl.RoleInfo (RoleInfo.java:updateAndGet(143)) - 11b96894-e5c9-4f16-b69e-d41085948f59: start FollowerState
2019-11-14 07:28:10,138 [pool-47-thread-1] INFO  util.JmxRegister (JmxRegister.java:tryRegister(44)) - Successfully registered JMX Bean with object name Ratis:service=RaftServer,group=group-FB5F6043956B,id=11b96894-e5c9-4f16-b69e-d41085948f59
2019-11-14 07:28:10,138 [pool-47-thread-1] WARN  impl.MetricRegistriesImpl (MetricRegistriesImpl.java:lambda$create$1(61)) - First MetricRegistry has been created without registering reporters. You may need to call MetricRegistries.global().addReportRegistration(...) before.
2019-11-14 07:28:10,148 [RatisPipelineUtilsThread] INFO  pipeline.PipelineStateManager (PipelineStateManager.java:addPipeline(55)) - Created pipeline Pipeline[ Id: 8b6f5dea-20dc-4b88-98cb-fb5f6043956b, Nodes: 11b96894-e5c9-4f16-b69e-d41085948f59{ip: 192.168.157.220, host: pr-hdds-2473-master-5lfk4-2089843416, networkLocation: /default-rack, certSerialId: null}, Type:RATIS, Factor:ONE, State:ALLOCATED]
2019-11-14 07:28:10,162 [grpc-default-executor-0] INFO  impl.RaftServerProxy (RaftServerProxy.java:addNew(89)) - f801ea35-1a8a-4ca1-9f8b-520ebd42f3c5: addNew group-2A14DD98E3B7:[f801ea35-1a8a-4ca1-9f8b-520ebd42f3c5:192.168.157.220:34472] returns group-2A14DD98E3B7:java.util.concurrent.CompletableFuture@3821a7d5[Not completed]
2019-11-14 07:28:10,173 [pool-37-thread-1] INFO  impl.RaftServerImpl (RaftServerImpl.java:<init>(98)) - f801ea35-1a8a-4ca1-9f8b-520ebd42f3c5: new RaftServerImpl for group-2A14DD98E3B7:[f801ea35-1a8a-4ca1-9f8b-520ebd42f3c5:192.168.157.220:34472] with ContainerStateMachine:uninitialized
2019-11-14 07:28:10,173 [pool-37-thread-1] INFO  server.RaftServerConfigKeys (ConfUtils.java:logGet(43)) - raft.server.rpc.timeout.min = 5s (custom)
2019-11-14 07:28:10,174 [pool-37-thread-1] INFO  server.RaftServerConfigKeys (ConfUtils.java:logGet(43)) - raft.server.rpc.timeout.max = 5200ms (custom)
2019-11-14 07:28:10,174 [pool-37-thread-1] INFO  server.RaftServerConfigKeys (ConfUtils.java:logGet(43)) - raft.server.rpcslowness.timeout = 120s (custom)
2019-11-14 07:28:10,174 [pool-37-thread-1] INFO  server.RaftServerConfigKeys (ConfUtils.java:logGet(43)) - raft.server.sleep.deviation.threshold = 300 (default)
2019-11-14 07:28:10,174 [pool-37-thread-1] INFO  server.RaftServerConfigKeys (ConfUtils.java:logGet(43)) - raft.server.log.appender.install.snapshot.enabled = false (custom)
2019-11-14 07:28:10,174 [pool-37-thread-1] INFO  impl.RaftServerImpl (ServerState.java:<init>(103)) - f801ea35-1a8a-4ca1-9f8b-520ebd42f3c5@group-2A14DD98E3B7: ConfigurationManager, init=-1: [f801ea35-1a8a-4ca1-9f8b-520ebd42f3c5:192.168.157.220:34472], old=null, confs=<EMPTY_MAP>
2019-11-14 07:28:10,174 [pool-37-thread-1] INFO  server.RaftServerConfigKeys (ConfUtils.java:logGet(43)) - raft.server.storage.dir = [/workdir/hadoop-ozone/tools/target/test-dir/MiniOzoneClusterImpl-8172989c-4da0-4083-a6db-55a067c25ea9/datanode-1/data/ratis] (custom)
2019-11-14 07:28:10,174 [pool-37-thread-1] INFO  server.RaftServerConfigKeys (ConfUtils.java:logGet(43)) - raft.server.log.corruption.policy = EXCEPTION (default)
2019-11-14 07:28:10,175 [pool-37-thread-1] INFO  storage.RaftStorageDirectory (RaftStorageDirectory.java:analyzeStorage(246)) - The storage directory /workdir/hadoop-ozone/tools/target/test-dir/MiniOzoneClusterImpl-8172989c-4da0-4083-a6db-55a067c25ea9/datanode-1/data/ratis/7543b2d4-369b-4ae9-9c34-2a14dd98e3b7 does not exist. Creating ...
2019-11-14 07:28:10,202 [pool-37-thread-1] INFO  storage.RaftStorageDirectory (RaftStorageDirectory.java:tryLock(328)) - Lock on /workdir/hadoop-ozone/tools/target/test-dir/MiniOzoneClusterImpl-8172989c-4da0-4083-a6db-55a067c25ea9/datanode-1/data/ratis/7543b2d4-369b-4ae9-9c34-2a14dd98e3b7/in_use.lock acquired by nodename 13428@pr-hdds-2473-master-5lfk4-2089843416
2019-11-14 07:28:10,228 [pool-37-thread-1] INFO  storage.RaftStorage (RaftStorage.java:format(84)) - Storage directory /workdir/hadoop-ozone/tools/target/test-dir/MiniOzoneClusterImpl-8172989c-4da0-4083-a6db-55a067c25ea9/datanode-1/data/ratis/7543b2d4-369b-4ae9-9c34-2a14dd98e3b7 has been successfully formatted.
2019-11-14 07:28:10,228 [pool-37-thread-1] INFO  ratis.ContainerStateMachine (ContainerStateMachine.java:loadSnapshot(223)) - group-2A14DD98E3B7: The snapshot info is null. Setting the last applied indexto:(t:0, i:~)
2019-11-14 07:28:10,228 [pool-37-thread-1] INFO  server.RaftServerConfigKeys (ConfUtils.java:logGet(43)) - raft.server.notification.no-leader.timeout = 120s (custom)
2019-11-14 07:28:10,228 [pool-37-thread-1] INFO  server.RaftServerConfigKeys (ConfUtils.java:logGet(43)) - raft.server.log.use.memory = false (default)
2019-11-14 07:28:10,228 [pool-37-thread-1] INFO  server.RaftServerConfigKeys (ConfUtils.java:logGet(43)) - raft.server.log.purge.gap = 1000000 (custom)
2019-11-14 07:28:10,229 [pool-37-thread-1] INFO  server.RaftServerConfigKeys (ConfUtils.java:logGet(43)) - raft.server.log.appender.buffer.byte-limit = 33554432 (custom)
2019-11-14 07:28:10,229 [pool-37-thread-1] INFO  server.RaftServerConfigKeys (ConfUtils.java:logGet(43)) - raft.server.log.segment.size.max = 1048576 (custom)
2019-11-14 07:28:10,229 [pool-37-thread-1] WARN  impl.MetricRegistriesImpl (MetricRegistriesImpl.java:lambda$create$1(61)) - First MetricRegistry has been created without registering reporters. You may need to call MetricRegistries.global().addReportRegistration(...) before.
2019-11-14 07:28:10,229 [pool-37-thread-1] INFO  server.RaftServerConfigKeys (ConfUtils.java:logGet(43)) - raft.server.log.segment.cache.num.max = 2 (custom)
2019-11-14 07:28:10,229 [pool-37-thread-1] INFO  segmented.SegmentedRaftLogWorker (SegmentedRaftLogWorker.java:<init>(173)) - new f801ea35-1a8a-4ca1-9f8b-520ebd42f3c5@group-2A14DD98E3B7-SegmentedRaftLogWorker for RaftStorage:Storage Directory /workdir/hadoop-ozone/tools/target/test-dir/MiniOzoneClusterImpl-8172989c-4da0-4083-a6db-55a067c25ea9/datanode-1/data/ratis/7543b2d4-369b-4ae9-9c34-2a14dd98e3b7
2019-11-14 07:28:10,229 [pool-37-thread-1] INFO  server.RaftServerConfigKeys (ConfUtils.java:logGet(43)) - raft.server.log.queue.byte-limit = 2147483647 (custom)
2019-11-14 07:28:10,229 [pool-37-thread-1] INFO  server.RaftServerConfigKeys (ConfUtils.java:logGet(43)) - raft.server.log.queue.element-limit = 1024 (custom)
2019-11-14 07:28:10,229 [pool-37-thread-1] INFO  server.RaftServerConfigKeys (ConfUtils.java:logGet(43)) - raft.server.log.segment.size.max = 1048576 (custom)
2019-11-14 07:28:10,229 [pool-37-thread-1] INFO  server.RaftServerConfigKeys (ConfUtils.java:logGet(43)) - raft.server.log.preallocated.size = 16384 (custom)
2019-11-14 07:28:10,230 [pool-37-thread-1] INFO  server.RaftServerConfigKeys (ConfUtils.java:logGet(43)) - raft.server.log.write.buffer.size = 33554432 (custom)
2019-11-14 07:28:10,230 [pool-37-thread-1] INFO  server.RaftServerConfigKeys (ConfUtils.java:logGet(43)) - raft.server.log.force.sync.num = 128 (default)
2019-11-14 07:28:10,230 [pool-37-thread-1] INFO  server.RaftServerConfigKeys (ConfUtils.java:logGet(43)) - raft.server.log.statemachine.data.sync = true (default)
2019-11-14 07:28:10,230 [pool-37-thread-1] INFO  server.RaftServerConfigKeys (ConfUtils.java:logGet(43)) - raft.server.log.statemachine.data.sync.timeout = 10s (default)
2019-11-14 07:28:10,230 [pool-37-thread-1] INFO  server.RaftServerConfigKeys (ConfUtils.java:logGet(43)) - raft.server.log.statemachine.data.sync.timeout.retry = -1 (default)
2019-11-14 07:28:10,230 [pool-37-thread-1] INFO  server.RaftServerConfigKeys (ConfUtils.java:logGet(43)) - raft.server.log.statemachine.data.caching.enabled = true (custom)
2019-11-14 07:28:10,231 [pool-37-thread-1] INFO  segmented.SegmentedRaftLogWorker (SegmentedRaftLogWorker.java:lambda$new$0(128)) - f801ea35-1a8a-4ca1-9f8b-520ebd42f3c5@group-2A14DD98E3B7-SegmentedRaftLogWorker: flushIndex: setUnconditionally 0 -> -1
2019-11-14 07:28:10,231 [pool-37-thread-1] INFO  server.RaftServerConfigKeys (ConfUtils.java:logGet(43)) - raft.server.snapshot.auto.trigger.enabled = true (custom)
2019-11-14 07:28:10,231 [pool-37-thread-1] INFO  server.RaftServerConfigKeys (ConfUtils.java:logGet(43)) - raft.server.snapshot.auto.trigger.threshold = 10000 (custom)
2019-11-14 07:28:10,231 [pool-37-thread-1] INFO  server.RaftServerConfigKeys (ConfUtils.java:logGet(43)) - raft.server.snapshot.retention.file.num = 5 (custom)
2019-11-14 07:28:10,231 [pool-37-thread-1] INFO  server.RaftServerConfigKeys (ConfUtils.java:logGet(43)) - raft.server.retrycache.expirytime = 600000ms (custom)
2019-11-14 07:28:10,231 [pool-37-thread-1] WARN  impl.MetricRegistriesImpl (MetricRegistriesImpl.java:lambda$create$1(61)) - First MetricRegistry has been created without registering reporters. You may need to call MetricRegistries.global().addReportRegistration(...) before.
2019-11-14 07:28:10,232 [pool-37-thread-1] WARN  impl.MetricRegistriesImpl (MetricRegistriesImpl.java:lambda$create$1(61)) - First MetricRegistry has been created without registering reporters. You may need to call MetricRegistries.global().addReportRegistration(...) before.
2019-11-14 07:28:10,232 [pool-37-thread-1] INFO  impl.RaftServerImpl (RaftServerImpl.java:start(184)) - f801ea35-1a8a-4ca1-9f8b-520ebd42f3c5@group-2A14DD98E3B7: start as a follower, conf=-1: [f801ea35-1a8a-4ca1-9f8b-520ebd42f3c5:192.168.157.220:34472], old=null
2019-11-14 07:28:10,232 [pool-37-thread-1] INFO  impl.RaftServerImpl (RaftServerImpl.java:setRole(173)) - f801ea35-1a8a-4ca1-9f8b-520ebd42f3c5@group-2A14DD98E3B7: changes role from      null to FOLLOWER at term 0 for startAsFollower
2019-11-14 07:28:10,232 [pool-37-thread-1] INFO  impl.RoleInfo (RoleInfo.java:updateAndGet(143)) - f801ea35-1a8a-4ca1-9f8b-520ebd42f3c5: start FollowerState
2019-11-14 07:28:10,232 [pool-37-thread-1] INFO  util.JmxRegister (JmxRegister.java:tryRegister(44)) - Successfully registered JMX Bean with object name Ratis:service=RaftServer,group=group-2A14DD98E3B7,id=f801ea35-1a8a-4ca1-9f8b-520ebd42f3c5
2019-11-14 07:28:10,233 [pool-37-thread-1] WARN  impl.MetricRegistriesImpl (MetricRegistriesImpl.java:lambda$create$1(61)) - First MetricRegistry has been created without registering reporters. You may need to call MetricRegistries.global().addReportRegistration(...) before.
2019-11-14 07:28:10,245 [RatisPipelineUtilsThread] INFO  pipeline.PipelineStateManager (PipelineStateManager.java:addPipeline(55)) - Created pipeline Pipeline[ Id: 7543b2d4-369b-4ae9-9c34-2a14dd98e3b7, Nodes: f801ea35-1a8a-4ca1-9f8b-520ebd42f3c5{ip: 192.168.157.220, host: pr-hdds-2473-master-5lfk4-2089843416, networkLocation: /default-rack, certSerialId: null}, Type:RATIS, Factor:ONE, State:ALLOCATED]
2019-11-14 07:28:10,272 [grpc-default-executor-1] INFO  impl.RaftServerProxy (RaftServerProxy.java:addNew(89)) - a055a1b9-25b3-4fc2-bbfd-9b68c6048d26: addNew group-B8C6BF21D8AE:[a055a1b9-25b3-4fc2-bbfd-9b68c6048d26:192.168.157.220:32830, f801ea35-1a8a-4ca1-9f8b-520ebd42f3c5:192.168.157.220:34472, 11b96894-e5c9-4f16-b69e-d41085948f59:192.168.157.220:37422] returns group-B8C6BF21D8AE:java.util.concurrent.CompletableFuture@38c9dc6[Not completed]
2019-11-14 07:28:10,273 [grpc-default-executor-0] INFO  impl.RaftServerProxy (RaftServerProxy.java:addNew(89)) - f801ea35-1a8a-4ca1-9f8b-520ebd42f3c5: addNew group-B8C6BF21D8AE:[a055a1b9-25b3-4fc2-bbfd-9b68c6048d26:192.168.157.220:32830, f801ea35-1a8a-4ca1-9f8b-520ebd42f3c5:192.168.157.220:34472, 11b96894-e5c9-4f16-b69e-d41085948f59:192.168.157.220:37422] returns group-B8C6BF21D8AE:java.util.concurrent.CompletableFuture@2dbc9ba0[Not completed]
2019-11-14 07:28:10,273 [grpc-default-executor-2] INFO  impl.RaftServerProxy (RaftServerProxy.java:addNew(89)) - 11b96894-e5c9-4f16-b69e-d41085948f59: addNew group-B8C6BF21D8AE:[a055a1b9-25b3-4fc2-bbfd-9b68c6048d26:192.168.157.220:32830, f801ea35-1a8a-4ca1-9f8b-520ebd42f3c5:192.168.157.220:34472, 11b96894-e5c9-4f16-b69e-d41085948f59:192.168.157.220:37422] returns group-B8C6BF21D8AE:java.util.concurrent.CompletableFuture@56a43a34[Not completed]
2019-11-14 07:28:10,274 [pool-27-thread-1] INFO  impl.RaftServerImpl (RaftServerImpl.java:<init>(98)) - a055a1b9-25b3-4fc2-bbfd-9b68c6048d26: new RaftServerImpl for group-B8C6BF21D8AE:[a055a1b9-25b3-4fc2-bbfd-9b68c6048d26:192.168.157.220:32830, f801ea35-1a8a-4ca1-9f8b-520ebd42f3c5:192.168.157.220:34472, 11b96894-e5c9-4f16-b69e-d41085948f59:192.168.157.220:37422] with ContainerStateMachine:uninitialized
2019-11-14 07:28:10,275 [pool-27-thread-1] INFO  server.RaftServerConfigKeys (ConfUtils.java:logGet(43)) - raft.server.rpc.timeout.min = 5s (custom)
2019-11-14 07:28:10,275 [pool-27-thread-1] INFO  server.RaftServerConfigKeys (ConfUtils.java:logGet(43)) - raft.server.rpc.timeout.max = 5200ms (custom)
2019-11-14 07:28:10,275 [pool-27-thread-1] INFO  server.RaftServerConfigKeys (ConfUtils.java:logGet(43)) - raft.server.rpcslowness.timeout = 120s (custom)
2019-11-14 07:28:10,275 [pool-47-thread-1] INFO  impl.RaftServerImpl (RaftServerImpl.java:<init>(98)) - 11b96894-e5c9-4f16-b69e-d41085948f59: new RaftServerImpl for group-B8C6BF21D8AE:[a055a1b9-25b3-4fc2-bbfd-9b68c6048d26:192.168.157.220:32830, f801ea35-1a8a-4ca1-9f8b-520ebd42f3c5:192.168.157.220:34472, 11b96894-e5c9-4f16-b69e-d41085948f59:192.168.157.220:37422] with ContainerStateMachine:uninitialized
2019-11-14 07:28:10,275 [pool-27-thread-1] INFO  server.RaftServerConfigKeys (ConfUtils.java:logGet(43)) - raft.server.sleep.deviation.threshold = 300 (default)
2019-11-14 07:28:10,275 [pool-47-thread-1] INFO  server.RaftServerConfigKeys (ConfUtils.java:logGet(43)) - raft.server.rpc.timeout.min = 5s (custom)
2019-11-14 07:28:10,275 [pool-27-thread-1] INFO  server.RaftServerConfigKeys (ConfUtils.java:logGet(43)) - raft.server.log.appender.install.snapshot.enabled = false (custom)
2019-11-14 07:28:10,276 [pool-47-thread-1] INFO  server.RaftServerConfigKeys (ConfUtils.java:logGet(43)) - raft.server.rpc.timeout.max = 5200ms (custom)
2019-11-14 07:28:10,276 [pool-27-thread-1] INFO  impl.RaftServerImpl (ServerState.java:<init>(103)) - a055a1b9-25b3-4fc2-bbfd-9b68c6048d26@group-B8C6BF21D8AE: ConfigurationManager, init=-1: [a055a1b9-25b3-4fc2-bbfd-9b68c6048d26:192.168.157.220:32830, f801ea35-1a8a-4ca1-9f8b-520ebd42f3c5:192.168.157.220:34472, 11b96894-e5c9-4f16-b69e-d41085948f59:192.168.157.220:37422], old=null, confs=<EMPTY_MAP>
2019-11-14 07:28:10,276 [pool-47-thread-1] INFO  server.RaftServerConfigKeys (ConfUtils.java:logGet(43)) - raft.server.rpcslowness.timeout = 120s (custom)
2019-11-14 07:28:10,276 [pool-37-thread-1] INFO  impl.RaftServerImpl (RaftServerImpl.java:<init>(98)) - f801ea35-1a8a-4ca1-9f8b-520ebd42f3c5: new RaftServerImpl for group-B8C6BF21D8AE:[a055a1b9-25b3-4fc2-bbfd-9b68c6048d26:192.168.157.220:32830, f801ea35-1a8a-4ca1-9f8b-520ebd42f3c5:192.168.157.220:34472, 11b96894-e5c9-4f16-b69e-d41085948f59:192.168.157.220:37422] with ContainerStateMachine:uninitialized
2019-11-14 07:28:10,276 [pool-27-thread-1] INFO  server.RaftServerConfigKeys (ConfUtils.java:logGet(43)) - raft.server.storage.dir = [/workdir/hadoop-ozone/tools/target/test-dir/MiniOzoneClusterImpl-8172989c-4da0-4083-a6db-55a067c25ea9/datanode-0/data/ratis] (custom)
2019-11-14 07:28:10,276 [pool-47-thread-1] INFO  server.RaftServerConfigKeys (ConfUtils.java:logGet(43)) - raft.server.sleep.deviation.threshold = 300 (default)
2019-11-14 07:28:10,276 [pool-37-thread-1] INFO  server.RaftServerConfigKeys (ConfUtils.java:logGet(43)) - raft.server.rpc.timeout.min = 5s (custom)
2019-11-14 07:28:10,276 [pool-47-thread-1] INFO  server.RaftServerConfigKeys (ConfUtils.java:logGet(43)) - raft.server.log.appender.install.snapshot.enabled = false (custom)
2019-11-14 07:28:10,276 [pool-37-thread-1] INFO  server.RaftServerConfigKeys (ConfUtils.java:logGet(43)) - raft.server.rpc.timeout.max = 5200ms (custom)
2019-11-14 07:28:10,276 [pool-47-thread-1] INFO  impl.RaftServerImpl (ServerState.java:<init>(103)) - 11b96894-e5c9-4f16-b69e-d41085948f59@group-B8C6BF21D8AE: ConfigurationManager, init=-1: [a055a1b9-25b3-4fc2-bbfd-9b68c6048d26:192.168.157.220:32830, f801ea35-1a8a-4ca1-9f8b-520ebd42f3c5:192.168.157.220:34472, 11b96894-e5c9-4f16-b69e-d41085948f59:192.168.157.220:37422], old=null, confs=<EMPTY_MAP>
2019-11-14 07:28:10,276 [pool-27-thread-1] INFO  server.RaftServerConfigKeys (ConfUtils.java:logGet(43)) - raft.server.log.corruption.policy = EXCEPTION (default)
2019-11-14 07:28:10,277 [pool-47-thread-1] INFO  server.RaftServerConfigKeys (ConfUtils.java:logGet(43)) - raft.server.storage.dir = [/workdir/hadoop-ozone/tools/target/test-dir/MiniOzoneClusterImpl-8172989c-4da0-4083-a6db-55a067c25ea9/datanode-2/data/ratis] (custom)
2019-11-14 07:28:10,277 [pool-37-thread-1] INFO  server.RaftServerConfigKeys (ConfUtils.java:logGet(43)) - raft.server.rpcslowness.timeout = 120s (custom)
2019-11-14 07:28:10,277 [pool-27-thread-1] INFO  storage.RaftStorageDirectory (RaftStorageDirectory.java:analyzeStorage(246)) - The storage directory /workdir/hadoop-ozone/tools/target/test-dir/MiniOzoneClusterImpl-8172989c-4da0-4083-a6db-55a067c25ea9/datanode-0/data/ratis/58101d57-9ec0-4e59-8269-b8c6bf21d8ae does not exist. Creating ...
2019-11-14 07:28:10,277 [pool-47-thread-1] INFO  server.RaftServerConfigKeys (ConfUtils.java:logGet(43)) - raft.server.log.corruption.policy = EXCEPTION (default)
2019-11-14 07:28:10,277 [pool-37-thread-1] INFO  server.RaftServerConfigKeys (ConfUtils.java:logGet(43)) - raft.server.sleep.deviation.threshold = 300 (default)
2019-11-14 07:28:10,277 [pool-47-thread-1] INFO  storage.RaftStorageDirectory (RaftStorageDirectory.java:analyzeStorage(246)) - The storage directory /workdir/hadoop-ozone/tools/target/test-dir/MiniOzoneClusterImpl-8172989c-4da0-4083-a6db-55a067c25ea9/datanode-2/data/ratis/58101d57-9ec0-4e59-8269-b8c6bf21d8ae does not exist. Creating ...
2019-11-14 07:28:10,277 [pool-37-thread-1] INFO  server.RaftServerConfigKeys (ConfUtils.java:logGet(43)) - raft.server.log.appender.install.snapshot.enabled = false (custom)
2019-11-14 07:28:10,277 [pool-37-thread-1] INFO  impl.RaftServerImpl (ServerState.java:<init>(103)) - f801ea35-1a8a-4ca1-9f8b-520ebd42f3c5@group-B8C6BF21D8AE: ConfigurationManager, init=-1: [a055a1b9-25b3-4fc2-bbfd-9b68c6048d26:192.168.157.220:32830, f801ea35-1a8a-4ca1-9f8b-520ebd42f3c5:192.168.157.220:34472, 11b96894-e5c9-4f16-b69e-d41085948f59:192.168.157.220:37422], old=null, confs=<EMPTY_MAP>
2019-11-14 07:28:10,278 [pool-37-thread-1] INFO  server.RaftServerConfigKeys (ConfUtils.java:logGet(43)) - raft.server.storage.dir = [/workdir/hadoop-ozone/tools/target/test-dir/MiniOzoneClusterImpl-8172989c-4da0-4083-a6db-55a067c25ea9/datanode-1/data/ratis] (custom)
2019-11-14 07:28:10,278 [pool-37-thread-1] INFO  server.RaftServerConfigKeys (ConfUtils.java:logGet(43)) - raft.server.log.corruption.policy = EXCEPTION (default)
2019-11-14 07:28:10,278 [pool-37-thread-1] INFO  storage.RaftStorageDirectory (RaftStorageDirectory.java:analyzeStorage(246)) - The storage directory /workdir/hadoop-ozone/tools/target/test-dir/MiniOzoneClusterImpl-8172989c-4da0-4083-a6db-55a067c25ea9/datanode-1/data/ratis/58101d57-9ec0-4e59-8269-b8c6bf21d8ae does not exist. Creating ...
2019-11-14 07:28:10,303 [pool-37-thread-1] INFO  storage.RaftStorageDirectory (RaftStorageDirectory.java:tryLock(328)) - Lock on /workdir/hadoop-ozone/tools/target/test-dir/MiniOzoneClusterImpl-8172989c-4da0-4083-a6db-55a067c25ea9/datanode-1/data/ratis/58101d57-9ec0-4e59-8269-b8c6bf21d8ae/in_use.lock acquired by nodename 13428@pr-hdds-2473-master-5lfk4-2089843416
2019-11-14 07:28:10,303 [pool-27-thread-1] INFO  storage.RaftStorageDirectory (RaftStorageDirectory.java:tryLock(328)) - Lock on /workdir/hadoop-ozone/tools/target/test-dir/MiniOzoneClusterImpl-8172989c-4da0-4083-a6db-55a067c25ea9/datanode-0/data/ratis/58101d57-9ec0-4e59-8269-b8c6bf21d8ae/in_use.lock acquired by nodename 13428@pr-hdds-2473-master-5lfk4-2089843416
2019-11-14 07:28:10,303 [pool-47-thread-1] INFO  storage.RaftStorageDirectory (RaftStorageDirectory.java:tryLock(328)) - Lock on /workdir/hadoop-ozone/tools/target/test-dir/MiniOzoneClusterImpl-8172989c-4da0-4083-a6db-55a067c25ea9/datanode-2/data/ratis/58101d57-9ec0-4e59-8269-b8c6bf21d8ae/in_use.lock acquired by nodename 13428@pr-hdds-2473-master-5lfk4-2089843416
2019-11-14 07:28:10,329 [pool-37-thread-1] INFO  storage.RaftStorage (RaftStorage.java:format(84)) - Storage directory /workdir/hadoop-ozone/tools/target/test-dir/MiniOzoneClusterImpl-8172989c-4da0-4083-a6db-55a067c25ea9/datanode-1/data/ratis/58101d57-9ec0-4e59-8269-b8c6bf21d8ae has been successfully formatted.
2019-11-14 07:28:10,329 [pool-27-thread-1] INFO  storage.RaftStorage (RaftStorage.java:format(84)) - Storage directory /workdir/hadoop-ozone/tools/target/test-dir/MiniOzoneClusterImpl-8172989c-4da0-4083-a6db-55a067c25ea9/datanode-0/data/ratis/58101d57-9ec0-4e59-8269-b8c6bf21d8ae has been successfully formatted.
2019-11-14 07:28:10,329 [pool-47-thread-1] INFO  storage.RaftStorage (RaftStorage.java:format(84)) - Storage directory /workdir/hadoop-ozone/tools/target/test-dir/MiniOzoneClusterImpl-8172989c-4da0-4083-a6db-55a067c25ea9/datanode-2/data/ratis/58101d57-9ec0-4e59-8269-b8c6bf21d8ae has been successfully formatted.
2019-11-14 07:28:10,330 [pool-37-thread-1] INFO  ratis.ContainerStateMachine (ContainerStateMachine.java:loadSnapshot(223)) - group-B8C6BF21D8AE: The snapshot info is null. Setting the last applied indexto:(t:0, i:~)
2019-11-14 07:28:10,330 [pool-27-thread-1] INFO  ratis.ContainerStateMachine (ContainerStateMachine.java:loadSnapshot(223)) - group-B8C6BF21D8AE: The snapshot info is null. Setting the last applied indexto:(t:0, i:~)
2019-11-14 07:28:10,330 [pool-47-thread-1] INFO  ratis.ContainerStateMachine (ContainerStateMachine.java:loadSnapshot(223)) - group-B8C6BF21D8AE: The snapshot info is null. Setting the last applied indexto:(t:0, i:~)
2019-11-14 07:28:10,330 [pool-37-thread-1] INFO  server.RaftServerConfigKeys (ConfUtils.java:logGet(43)) - raft.server.notification.no-leader.timeout = 120s (custom)
2019-11-14 07:28:10,330 [pool-47-thread-1] INFO  server.RaftServerConfigKeys (ConfUtils.java:logGet(43)) - raft.server.notification.no-leader.timeout = 120s (custom)
2019-11-14 07:28:10,330 [pool-27-thread-1] INFO  server.RaftServerConfigKeys (ConfUtils.java:logGet(43)) - raft.server.notification.no-leader.timeout = 120s (custom)
2019-11-14 07:28:10,330 [pool-47-thread-1] INFO  server.RaftServerConfigKeys (ConfUtils.java:logGet(43)) - raft.server.log.use.memory = false (default)
2019-11-14 07:28:10,330 [pool-37-thread-1] INFO  server.RaftServerConfigKeys (ConfUtils.java:logGet(43)) - raft.server.log.use.memory = false (default)
2019-11-14 07:28:10,331 [pool-47-thread-1] INFO  server.RaftServerConfigKeys (ConfUtils.java:logGet(43)) - raft.server.log.purge.gap = 1000000 (custom)
2019-11-14 07:28:10,331 [pool-27-thread-1] INFO  server.RaftServerConfigKeys (ConfUtils.java:logGet(43)) - raft.server.log.use.memory = false (default)
2019-11-14 07:28:10,331 [pool-47-thread-1] INFO  server.RaftServerConfigKeys (ConfUtils.java:logGet(43)) - raft.server.log.appender.buffer.byte-limit = 33554432 (custom)
2019-11-14 07:28:10,331 [pool-37-thread-1] INFO  server.RaftServerConfigKeys (ConfUtils.java:logGet(43)) - raft.server.log.purge.gap = 1000000 (custom)
2019-11-14 07:28:10,331 [pool-47-thread-1] INFO  server.RaftServerConfigKeys (ConfUtils.java:logGet(43)) - raft.server.log.segment.size.max = 1048576 (custom)
2019-11-14 07:28:10,331 [pool-27-thread-1] INFO  server.RaftServerConfigKeys (ConfUtils.java:logGet(43)) - raft.server.log.purge.gap = 1000000 (custom)
2019-11-14 07:28:10,332 [pool-47-thread-1] INFO  server.RaftServerConfigKeys (ConfUtils.java:logGet(43)) - raft.server.log.segment.cache.num.max = 2 (custom)
2019-11-14 07:28:10,331 [pool-37-thread-1] INFO  server.RaftServerConfigKeys (ConfUtils.java:logGet(43)) - raft.server.log.appender.buffer.byte-limit = 33554432 (custom)
2019-11-14 07:28:10,332 [pool-47-thread-1] INFO  segmented.SegmentedRaftLogWorker (SegmentedRaftLogWorker.java:<init>(173)) - new 11b96894-e5c9-4f16-b69e-d41085948f59@group-B8C6BF21D8AE-SegmentedRaftLogWorker for RaftStorage:Storage Directory /workdir/hadoop-ozone/tools/target/test-dir/MiniOzoneClusterImpl-8172989c-4da0-4083-a6db-55a067c25ea9/datanode-2/data/ratis/58101d57-9ec0-4e59-8269-b8c6bf21d8ae
2019-11-14 07:28:10,332 [pool-27-thread-1] INFO  server.RaftServerConfigKeys (ConfUtils.java:logGet(43)) - raft.server.log.appender.buffer.byte-limit = 33554432 (custom)
2019-11-14 07:28:10,332 [pool-47-thread-1] INFO  server.RaftServerConfigKeys (ConfUtils.java:logGet(43)) - raft.server.log.queue.byte-limit = 2147483647 (custom)
2019-11-14 07:28:10,332 [pool-37-thread-1] INFO  server.RaftServerConfigKeys (ConfUtils.java:logGet(43)) - raft.server.log.segment.size.max = 1048576 (custom)
2019-11-14 07:28:10,333 [pool-47-thread-1] INFO  server.RaftServerConfigKeys (ConfUtils.java:logGet(43)) - raft.server.log.queue.element-limit = 1024 (custom)
2019-11-14 07:28:10,332 [pool-27-thread-1] INFO  server.RaftServerConfigKeys (ConfUtils.java:logGet(43)) - raft.server.log.segment.size.max = 1048576 (custom)
2019-11-14 07:28:10,333 [pool-47-thread-1] INFO  server.RaftServerConfigKeys (ConfUtils.java:logGet(43)) - raft.server.log.segment.size.max = 1048576 (custom)
2019-11-14 07:28:10,333 [pool-37-thread-1] INFO  server.RaftServerConfigKeys (ConfUtils.java:logGet(43)) - raft.server.log.segment.cache.num.max = 2 (custom)
2019-11-14 07:28:10,333 [pool-47-thread-1] INFO  server.RaftServerConfigKeys (ConfUtils.java:logGet(43)) - raft.server.log.preallocated.size = 16384 (custom)
2019-11-14 07:28:10,333 [pool-27-thread-1] INFO  server.RaftServerConfigKeys (ConfUtils.java:logGet(43)) - raft.server.log.segment.cache.num.max = 2 (custom)
2019-11-14 07:28:10,333 [pool-47-thread-1] INFO  server.RaftServerConfigKeys (ConfUtils.java:logGet(43)) - raft.server.log.write.buffer.size = 33554432 (custom)
2019-11-14 07:28:10,333 [pool-37-thread-1] INFO  segmented.SegmentedRaftLogWorker (SegmentedRaftLogWorker.java:<init>(173)) - new f801ea35-1a8a-4ca1-9f8b-520ebd42f3c5@group-B8C6BF21D8AE-SegmentedRaftLogWorker for RaftStorage:Storage Directory /workdir/hadoop-ozone/tools/target/test-dir/MiniOzoneClusterImpl-8172989c-4da0-4083-a6db-55a067c25ea9/datanode-1/data/ratis/58101d57-9ec0-4e59-8269-b8c6bf21d8ae
2019-11-14 07:28:10,334 [pool-47-thread-1] INFO  server.RaftServerConfigKeys (ConfUtils.java:logGet(43)) - raft.server.log.force.sync.num = 128 (default)
2019-11-14 07:28:10,333 [pool-27-thread-1] INFO  segmented.SegmentedRaftLogWorker (SegmentedRaftLogWorker.java:<init>(173)) - new a055a1b9-25b3-4fc2-bbfd-9b68c6048d26@group-B8C6BF21D8AE-SegmentedRaftLogWorker for RaftStorage:Storage Directory /workdir/hadoop-ozone/tools/target/test-dir/MiniOzoneClusterImpl-8172989c-4da0-4083-a6db-55a067c25ea9/datanode-0/data/ratis/58101d57-9ec0-4e59-8269-b8c6bf21d8ae
2019-11-14 07:28:10,334 [pool-47-thread-1] INFO  server.RaftServerConfigKeys (ConfUtils.java:logGet(43)) - raft.server.log.statemachine.data.sync = true (default)
2019-11-14 07:28:10,334 [pool-37-thread-1] INFO  server.RaftServerConfigKeys (ConfUtils.java:logGet(43)) - raft.server.log.queue.byte-limit = 2147483647 (custom)
2019-11-14 07:28:10,334 [pool-47-thread-1] INFO  server.RaftServerConfigKeys (ConfUtils.java:logGet(43)) - raft.server.log.statemachine.data.sync.timeout = 10s (default)
2019-11-14 07:28:10,334 [pool-27-thread-1] INFO  server.RaftServerConfigKeys (ConfUtils.java:logGet(43)) - raft.server.log.queue.byte-limit = 2147483647 (custom)
2019-11-14 07:28:10,335 [pool-47-thread-1] INFO  server.RaftServerConfigKeys (ConfUtils.java:logGet(43)) - raft.server.log.statemachine.data.sync.timeout.retry = -1 (default)
2019-11-14 07:28:10,334 [pool-37-thread-1] INFO  server.RaftServerConfigKeys (ConfUtils.java:logGet(43)) - raft.server.log.queue.element-limit = 1024 (custom)
2019-11-14 07:28:10,335 [pool-27-thread-1] INFO  server.RaftServerConfigKeys (ConfUtils.java:logGet(43)) - raft.server.log.queue.element-limit = 1024 (custom)
2019-11-14 07:28:10,335 [pool-47-thread-1] INFO  server.RaftServerConfigKeys (ConfUtils.java:logGet(43)) - raft.server.log.statemachine.data.caching.enabled = true (custom)
2019-11-14 07:28:10,335 [pool-37-thread-1] INFO  server.RaftServerConfigKeys (ConfUtils.java:logGet(43)) - raft.server.log.segment.size.max = 1048576 (custom)
2019-11-14 07:28:10,335 [pool-27-thread-1] INFO  server.RaftServerConfigKeys (ConfUtils.java:logGet(43)) - raft.server.log.segment.size.max = 1048576 (custom)
2019-11-14 07:28:10,336 [pool-37-thread-1] INFO  server.RaftServerConfigKeys (ConfUtils.java:logGet(43)) - raft.server.log.preallocated.size = 16384 (custom)
2019-11-14 07:28:10,336 [pool-47-thread-1] INFO  segmented.SegmentedRaftLogWorker (SegmentedRaftLogWorker.java:lambda$new$0(128)) - 11b96894-e5c9-4f16-b69e-d41085948f59@group-B8C6BF21D8AE-SegmentedRaftLogWorker: flushIndex: setUnconditionally 0 -> -1
2019-11-14 07:28:10,336 [pool-27-thread-1] INFO  server.RaftServerConfigKeys (ConfUtils.java:logGet(43)) - raft.server.log.preallocated.size = 16384 (custom)
2019-11-14 07:28:10,336 [pool-37-thread-1] INFO  server.RaftServerConfigKeys (ConfUtils.java:logGet(43)) - raft.server.log.write.buffer.size = 33554432 (custom)
2019-11-14 07:28:10,336 [pool-47-thread-1] INFO  server.RaftServerConfigKeys (ConfUtils.java:logGet(43)) - raft.server.snapshot.auto.trigger.enabled = true (custom)
2019-11-14 07:28:10,336 [pool-27-thread-1] INFO  server.RaftServerConfigKeys (ConfUtils.java:logGet(43)) - raft.server.log.write.buffer.size = 33554432 (custom)
2019-11-14 07:28:10,337 [pool-47-thread-1] INFO  server.RaftServerConfigKeys (ConfUtils.java:logGet(43)) - raft.server.snapshot.auto.trigger.threshold = 10000 (custom)
2019-11-14 07:28:10,336 [pool-37-thread-1] INFO  server.RaftServerConfigKeys (ConfUtils.java:logGet(43)) - raft.server.log.force.sync.num = 128 (default)
2019-11-14 07:28:10,337 [pool-47-thread-1] INFO  server.RaftServerConfigKeys (ConfUtils.java:logGet(43)) - raft.server.snapshot.retention.file.num = 5 (custom)
2019-11-14 07:28:10,337 [pool-27-thread-1] INFO  server.RaftServerConfigKeys (ConfUtils.java:logGet(43)) - raft.server.log.force.sync.num = 128 (default)
2019-11-14 07:28:10,337 [pool-47-thread-1] INFO  server.RaftServerConfigKeys (ConfUtils.java:logGet(43)) - raft.server.retrycache.expirytime = 600000ms (custom)
2019-11-14 07:28:10,337 [pool-37-thread-1] INFO  server.RaftServerConfigKeys (ConfUtils.java:logGet(43)) - raft.server.log.statemachine.data.sync = true (default)
2019-11-14 07:28:10,337 [pool-47-thread-1] WARN  impl.MetricRegistriesImpl (MetricRegistriesImpl.java:lambda$create$1(61)) - First MetricRegistry has been created without registering reporters. You may need to call MetricRegistries.global().addReportRegistration(...) before.
2019-11-14 07:28:10,337 [pool-27-thread-1] INFO  server.RaftServerConfigKeys (ConfUtils.java:logGet(43)) - raft.server.log.statemachine.data.sync = true (default)
2019-11-14 07:28:10,338 [pool-47-thread-1] WARN  impl.MetricRegistriesImpl (MetricRegistriesImpl.java:lambda$create$1(61)) - First MetricRegistry has been created without registering reporters. You may need to call MetricRegistries.global().addReportRegistration(...) before.
2019-11-14 07:28:10,338 [pool-37-thread-1] INFO  server.RaftServerConfigKeys (ConfUtils.java:logGet(43)) - raft.server.log.statemachine.data.sync.timeout = 10s (default)
2019-11-14 07:28:10,338 [pool-27-thread-1] INFO  server.RaftServerConfigKeys (ConfUtils.java:logGet(43)) - raft.server.log.statemachine.data.sync.timeout = 10s (default)
2019-11-14 07:28:10,338 [pool-47-thread-1] INFO  impl.RaftServerImpl (RaftServerImpl.java:start(184)) - 11b96894-e5c9-4f16-b69e-d41085948f59@group-B8C6BF21D8AE: start as a follower, conf=-1: [a055a1b9-25b3-4fc2-bbfd-9b68c6048d26:192.168.157.220:32830, f801ea35-1a8a-4ca1-9f8b-520ebd42f3c5:192.168.157.220:34472, 11b96894-e5c9-4f16-b69e-d41085948f59:192.168.157.220:37422], old=null
2019-11-14 07:28:10,338 [pool-37-thread-1] INFO  server.RaftServerConfigKeys (ConfUtils.java:logGet(43)) - raft.server.log.statemachine.data.sync.timeout.retry = -1 (default)
2019-11-14 07:28:10,339 [pool-47-thread-1] INFO  impl.RaftServerImpl (RaftServerImpl.java:setRole(173)) - 11b96894-e5c9-4f16-b69e-d41085948f59@group-B8C6BF21D8AE: changes role from      null to FOLLOWER at term 0 for startAsFollower
2019-11-14 07:28:10,339 [pool-37-thread-1] INFO  server.RaftServerConfigKeys (ConfUtils.java:logGet(43)) - raft.server.log.statemachine.data.caching.enabled = true (custom)
2019-11-14 07:28:10,338 [pool-27-thread-1] INFO  server.RaftServerConfigKeys (ConfUtils.java:logGet(43)) - raft.server.log.statemachine.data.sync.timeout.retry = -1 (default)
2019-11-14 07:28:10,339 [pool-47-thread-1] INFO  impl.RoleInfo (RoleInfo.java:updateAndGet(143)) - 11b96894-e5c9-4f16-b69e-d41085948f59: start FollowerState
2019-11-14 07:28:10,339 [pool-37-thread-1] INFO  segmented.SegmentedRaftLogWorker (SegmentedRaftLogWorker.java:lambda$new$0(128)) - f801ea35-1a8a-4ca1-9f8b-520ebd42f3c5@group-B8C6BF21D8AE-SegmentedRaftLogWorker: flushIndex: setUnconditionally 0 -> -1
2019-11-14 07:28:10,339 [pool-27-thread-1] INFO  server.RaftServerConfigKeys (ConfUtils.java:logGet(43)) - raft.server.log.statemachine.data.caching.enabled = true (custom)
2019-11-14 07:28:10,340 [pool-37-thread-1] INFO  server.RaftServerConfigKeys (ConfUtils.java:logGet(43)) - raft.server.snapshot.auto.trigger.enabled = true (custom)
2019-11-14 07:28:10,340 [pool-47-thread-1] INFO  util.JmxRegister (JmxRegister.java:tryRegister(44)) - Successfully registered JMX Bean with object name Ratis:service=RaftServer,group=group-B8C6BF21D8AE,id=11b96894-e5c9-4f16-b69e-d41085948f59
2019-11-14 07:28:10,340 [pool-27-thread-1] INFO  segmented.SegmentedRaftLogWorker (SegmentedRaftLogWorker.java:lambda$new$0(128)) - a055a1b9-25b3-4fc2-bbfd-9b68c6048d26@group-B8C6BF21D8AE-SegmentedRaftLogWorker: flushIndex: setUnconditionally 0 -> -1
2019-11-14 07:28:10,340 [pool-37-thread-1] INFO  server.RaftServerConfigKeys (ConfUtils.java:logGet(43)) - raft.server.snapshot.auto.trigger.threshold = 10000 (custom)
2019-11-14 07:28:10,340 [pool-47-thread-1] WARN  impl.MetricRegistriesImpl (MetricRegistriesImpl.java:lambda$create$1(61)) - First MetricRegistry has been created without registering reporters. You may need to call MetricRegistries.global().addReportRegistration(...) before.
2019-11-14 07:28:10,340 [pool-27-thread-1] INFO  server.RaftServerConfigKeys (ConfUtils.java:logGet(43)) - raft.server.snapshot.auto.trigger.enabled = true (custom)
2019-11-14 07:28:10,340 [pool-37-thread-1] INFO  server.RaftServerConfigKeys (ConfUtils.java:logGet(43)) - raft.server.snapshot.retention.file.num = 5 (custom)
2019-11-14 07:28:10,341 [pool-27-thread-1] INFO  server.RaftServerConfigKeys (ConfUtils.java:logGet(43)) - raft.server.snapshot.auto.trigger.threshold = 10000 (custom)
2019-11-14 07:28:10,341 [pool-37-thread-1] INFO  server.RaftServerConfigKeys (ConfUtils.java:logGet(43)) - raft.server.retrycache.expirytime = 600000ms (custom)
2019-11-14 07:28:10,341 [pool-27-thread-1] INFO  server.RaftServerConfigKeys (ConfUtils.java:logGet(43)) - raft.server.snapshot.retention.file.num = 5 (custom)
2019-11-14 07:28:10,341 [pool-37-thread-1] WARN  impl.MetricRegistriesImpl (MetricRegistriesImpl.java:lambda$create$1(61)) - First MetricRegistry has been created without registering reporters. You may need to call MetricRegistries.global().addReportRegistration(...) before.
2019-11-14 07:28:10,341 [pool-27-thread-1] INFO  server.RaftServerConfigKeys (ConfUtils.java:logGet(43)) - raft.server.retrycache.expirytime = 600000ms (custom)
2019-11-14 07:28:10,341 [pool-37-thread-1] WARN  impl.MetricRegistriesImpl (MetricRegistriesImpl.java:lambda$create$1(61)) - First MetricRegistry has been created without registering reporters. You may need to call MetricRegistries.global().addReportRegistration(...) before.
2019-11-14 07:28:10,341 [pool-27-thread-1] WARN  impl.MetricRegistriesImpl (MetricRegistriesImpl.java:lambda$create$1(61)) - First MetricRegistry has been created without registering reporters. You may need to call MetricRegistries.global().addReportRegistration(...) before.
2019-11-14 07:28:10,342 [pool-37-thread-1] INFO  impl.RaftServerImpl (RaftServerImpl.java:start(184)) - f801ea35-1a8a-4ca1-9f8b-520ebd42f3c5@group-B8C6BF21D8AE: start as a follower, conf=-1: [a055a1b9-25b3-4fc2-bbfd-9b68c6048d26:192.168.157.220:32830, f801ea35-1a8a-4ca1-9f8b-520ebd42f3c5:192.168.157.220:34472, 11b96894-e5c9-4f16-b69e-d41085948f59:192.168.157.220:37422], old=null
2019-11-14 07:28:10,343 [pool-27-thread-1] WARN  impl.MetricRegistriesImpl (MetricRegistriesImpl.java:lambda$create$1(61)) - First MetricRegistry has been created without registering reporters. You may need to call MetricRegistries.global().addReportRegistration(...) before.
2019-11-14 07:28:10,343 [pool-37-thread-1] INFO  impl.RaftServerImpl (RaftServerImpl.java:setRole(173)) - f801ea35-1a8a-4ca1-9f8b-520ebd42f3c5@group-B8C6BF21D8AE: changes role from      null to FOLLOWER at term 0 for startAsFollower
2019-11-14 07:28:10,344 [pool-27-thread-1] INFO  impl.RaftServerImpl (RaftServerImpl.java:start(184)) - a055a1b9-25b3-4fc2-bbfd-9b68c6048d26@group-B8C6BF21D8AE: start as a follower, conf=-1: [a055a1b9-25b3-4fc2-bbfd-9b68c6048d26:192.168.157.220:32830, f801ea35-1a8a-4ca1-9f8b-520ebd42f3c5:192.168.157.220:34472, 11b96894-e5c9-4f16-b69e-d41085948f59:192.168.157.220:37422], old=null
2019-11-14 07:28:10,344 [pool-37-thread-1] INFO  impl.RoleInfo (RoleInfo.java:updateAndGet(143)) - f801ea35-1a8a-4ca1-9f8b-520ebd42f3c5: start FollowerState
2019-11-14 07:28:10,344 [pool-27-thread-1] INFO  impl.RaftServerImpl (RaftServerImpl.java:setRole(173)) - a055a1b9-25b3-4fc2-bbfd-9b68c6048d26@group-B8C6BF21D8AE: changes role from      null to FOLLOWER at term 0 for startAsFollower
2019-11-14 07:28:10,345 [pool-37-thread-1] INFO  util.JmxRegister (JmxRegister.java:tryRegister(44)) - Successfully registered JMX Bean with object name Ratis:service=RaftServer,group=group-B8C6BF21D8AE,id=f801ea35-1a8a-4ca1-9f8b-520ebd42f3c5
2019-11-14 07:28:10,345 [pool-27-thread-1] INFO  impl.RoleInfo (RoleInfo.java:updateAndGet(143)) - a055a1b9-25b3-4fc2-bbfd-9b68c6048d26: start FollowerState
2019-11-14 07:28:10,346 [pool-37-thread-1] WARN  impl.MetricRegistriesImpl (MetricRegistriesImpl.java:lambda$create$1(61)) - First MetricRegistry has been created without registering reporters. You may need to call MetricRegistries.global().addReportRegistration(...) before.
2019-11-14 07:28:10,348 [pool-27-thread-1] INFO  util.JmxRegister (JmxRegister.java:tryRegister(44)) - Successfully registered JMX Bean with object name Ratis:service=RaftServer,group=group-B8C6BF21D8AE,id=a055a1b9-25b3-4fc2-bbfd-9b68c6048d26
2019-11-14 07:28:10,348 [pool-27-thread-1] WARN  impl.MetricRegistriesImpl (MetricRegistriesImpl.java:lambda$create$1(61)) - First MetricRegistry has been created without registering reporters. You may need to call MetricRegistries.global().addReportRegistration(...) before.
2019-11-14 07:28:10,361 [RatisPipelineUtilsThread] INFO  pipeline.PipelineStateManager (PipelineStateManager.java:addPipeline(55)) - Created pipeline Pipeline[ Id: 58101d57-9ec0-4e59-8269-b8c6bf21d8ae, Nodes: 11b96894-e5c9-4f16-b69e-d41085948f59{ip: 192.168.157.220, host: pr-hdds-2473-master-5lfk4-2089843416, networkLocation: /default-rack, certSerialId: null}a055a1b9-25b3-4fc2-bbfd-9b68c6048d26{ip: 192.168.157.220, host: pr-hdds-2473-master-5lfk4-2089843416, networkLocation: /default-rack, certSerialId: null}f801ea35-1a8a-4ca1-9f8b-520ebd42f3c5{ip: 192.168.157.220, host: pr-hdds-2473-master-5lfk4-2089843416, networkLocation: /default-rack, certSerialId: null}, Type:RATIS, Factor:THREE, State:ALLOCATED]
2019-11-14 07:28:10,364 [main] INFO  ozone.MiniOzoneClusterImpl (MiniOzoneClusterImpl.java:lambda$waitForClusterToBeReady$2(163)) - Waiting for 4 number of pipelines out of 4, to report a leader.
2019-11-14 07:28:11,364 [main] INFO  ozone.MiniOzoneClusterImpl (MiniOzoneClusterImpl.java:lambda$waitForClusterToBeReady$2(163)) - Waiting for 4 number of pipelines out of 4, to report a leader.
2019-11-14 07:28:12,365 [main] INFO  ozone.MiniOzoneClusterImpl (MiniOzoneClusterImpl.java:lambda$waitForClusterToBeReady$2(163)) - Waiting for 4 number of pipelines out of 4, to report a leader.
2019-11-14 07:28:12,410 [Thread-178] INFO  container.ReplicationManager (ReplicationManager.java:start(162)) - Starting Replication Monitor Thread.
2019-11-14 07:28:12,413 [Thread-178] INFO  pipeline.SCMPipelineManager (SCMPipelineManager.java:finalizeAndDestroyPipeline(315)) - destroying pipeline:Pipeline[ Id: 52549ced-7b48-4b67-96f9-e0582a53b940, Nodes: a055a1b9-25b3-4fc2-bbfd-9b68c6048d26{ip: 192.168.157.220, host: pr-hdds-2473-master-5lfk4-2089843416, networkLocation: /default-rack, certSerialId: null}, Type:RATIS, Factor:ONE, State:ALLOCATED]
2019-11-14 07:28:12,413 [ReplicationMonitor] INFO  container.ReplicationManager (ReplicationManager.java:run(225)) - Replication Monitor Thread took 0 milliseconds for processing 0 containers.
2019-11-14 07:28:12,413 [Thread-178] INFO  pipeline.PipelineStateManager (PipelineStateManager.java:finalizePipeline(121)) - Pipeline Pipeline[ Id: 52549ced-7b48-4b67-96f9-e0582a53b940, Nodes: a055a1b9-25b3-4fc2-bbfd-9b68c6048d26{ip: 192.168.157.220, host: pr-hdds-2473-master-5lfk4-2089843416, networkLocation: /default-rack, certSerialId: null}, Type:RATIS, Factor:ONE, State:CLOSED] moved to CLOSED state
2019-11-14 07:28:12,436 [grpc-default-executor-0] INFO  impl.RaftServerProxy (RaftServerProxy.java:remove(95)) - a055a1b9-25b3-4fc2-bbfd-9b68c6048d26: remove  FOLLOWER a055a1b9-25b3-4fc2-bbfd-9b68c6048d26@group-E0582A53B940:t0, leader=null, voted=null, raftlog=a055a1b9-25b3-4fc2-bbfd-9b68c6048d26@group-E0582A53B940-SegmentedRaftLog:OPENED:c-1,f-1,i0, conf=-1: [a055a1b9-25b3-4fc2-bbfd-9b68c6048d26:192.168.157.220:32830], old=null RUNNING
2019-11-14 07:28:12,439 [grpc-default-executor-0] INFO  impl.RaftServerImpl (RaftServerImpl.java:lambda$shutdown$3(250)) - a055a1b9-25b3-4fc2-bbfd-9b68c6048d26@group-E0582A53B940: shutdown
2019-11-14 07:28:12,439 [grpc-default-executor-0] INFO  util.JmxRegister (JmxRegister.java:unregister(73)) - Successfully un-registered JMX Bean with object name Ratis:service=RaftServer,group=group-E0582A53B940,id=a055a1b9-25b3-4fc2-bbfd-9b68c6048d26
2019-11-14 07:28:12,439 [grpc-default-executor-0] INFO  impl.RoleInfo (RoleInfo.java:shutdownFollowerState(121)) - a055a1b9-25b3-4fc2-bbfd-9b68c6048d26: shutdown FollowerState
2019-11-14 07:28:12,440 [grpc-default-executor-0] INFO  impl.StateMachineUpdater (StateMachineUpdater.java:stopAndJoin(136)) - a055a1b9-25b3-4fc2-bbfd-9b68c6048d26@group-E0582A53B940-StateMachineUpdater: set stopIndex = -1
2019-11-14 07:28:12,440 [Thread-180] INFO  impl.FollowerState (FollowerState.java:run(120)) - a055a1b9-25b3-4fc2-bbfd-9b68c6048d26@group-E0582A53B940-FollowerState was interrupted: java.lang.InterruptedException: sleep interrupted
2019-11-14 07:28:12,442 [grpc-default-executor-0] INFO  impl.RaftServerImpl (ServerState.java:close(387)) - a055a1b9-25b3-4fc2-bbfd-9b68c6048d26@group-E0582A53B940: closes. applyIndex: -1
2019-11-14 07:28:12,446 [a055a1b9-25b3-4fc2-bbfd-9b68c6048d26@group-E0582A53B940-SegmentedRaftLogWorker] INFO  segmented.SegmentedRaftLogWorker (SegmentedRaftLogWorker.java:run(316)) - a055a1b9-25b3-4fc2-bbfd-9b68c6048d26@group-E0582A53B940-SegmentedRaftLogWorker was interrupted, exiting. There are 0 tasks remaining in the queue.
2019-11-14 07:28:12,447 [grpc-default-executor-0] INFO  segmented.SegmentedRaftLogWorker (SegmentedRaftLogWorker.java:close(224)) - a055a1b9-25b3-4fc2-bbfd-9b68c6048d26@group-E0582A53B940-SegmentedRaftLogWorker close()
2019-11-14 07:28:12,461 [Thread-178] INFO  pipeline.PipelineStateManager (PipelineStateManager.java:removePipeline(106)) - Pipeline Pipeline[ Id: 52549ced-7b48-4b67-96f9-e0582a53b940, Nodes: a055a1b9-25b3-4fc2-bbfd-9b68c6048d26{ip: 192.168.157.220, host: pr-hdds-2473-master-5lfk4-2089843416, networkLocation: /default-rack, certSerialId: null}, Type:RATIS, Factor:ONE, State:CLOSED] removed from db
2019-11-14 07:28:12,462 [Thread-178] INFO  pipeline.SCMPipelineManager (SCMPipelineManager.java:finalizeAndDestroyPipeline(315)) - destroying pipeline:Pipeline[ Id: 7543b2d4-369b-4ae9-9c34-2a14dd98e3b7, Nodes: f801ea35-1a8a-4ca1-9f8b-520ebd42f3c5{ip: 192.168.157.220, host: pr-hdds-2473-master-5lfk4-2089843416, networkLocation: /default-rack, certSerialId: null}, Type:RATIS, Factor:ONE, State:ALLOCATED]
2019-11-14 07:28:12,473 [grpc-default-executor-0] INFO  impl.RaftServerProxy (RaftServerProxy.java:addNew(89)) - a055a1b9-25b3-4fc2-bbfd-9b68c6048d26: addNew group-020265B513CE:[a055a1b9-25b3-4fc2-bbfd-9b68c6048d26:192.168.157.220:32830] returns group-020265B513CE:java.util.concurrent.CompletableFuture@8995c97[Not completed]
2019-11-14 07:28:12,474 [pool-27-thread-1] INFO  impl.RaftServerImpl (RaftServerImpl.java:<init>(98)) - a055a1b9-25b3-4fc2-bbfd-9b68c6048d26: new RaftServerImpl for group-020265B513CE:[a055a1b9-25b3-4fc2-bbfd-9b68c6048d26:192.168.157.220:32830] with ContainerStateMachine:uninitialized
2019-11-14 07:28:12,474 [pool-27-thread-1] INFO  server.RaftServerConfigKeys (ConfUtils.java:logGet(43)) - raft.server.rpc.timeout.min = 5s (custom)
2019-11-14 07:28:12,474 [pool-27-thread-1] INFO  server.RaftServerConfigKeys (ConfUtils.java:logGet(43)) - raft.server.rpc.timeout.max = 5200ms (custom)
2019-11-14 07:28:12,475 [pool-27-thread-1] INFO  server.RaftServerConfigKeys (ConfUtils.java:logGet(43)) - raft.server.rpcslowness.timeout = 120s (custom)
2019-11-14 07:28:12,475 [pool-27-thread-1] INFO  server.RaftServerConfigKeys (ConfUtils.java:logGet(43)) - raft.server.sleep.deviation.threshold = 300 (default)
2019-11-14 07:28:12,475 [pool-27-thread-1] INFO  server.RaftServerConfigKeys (ConfUtils.java:logGet(43)) - raft.server.log.appender.install.snapshot.enabled = false (custom)
2019-11-14 07:28:12,475 [pool-27-thread-1] INFO  impl.RaftServerImpl (ServerState.java:<init>(103)) - a055a1b9-25b3-4fc2-bbfd-9b68c6048d26@group-020265B513CE: ConfigurationManager, init=-1: [a055a1b9-25b3-4fc2-bbfd-9b68c6048d26:192.168.157.220:32830], old=null, confs=<EMPTY_MAP>
2019-11-14 07:28:12,475 [pool-27-thread-1] INFO  server.RaftServerConfigKeys (ConfUtils.java:logGet(43)) - raft.server.storage.dir = [/workdir/hadoop-ozone/tools/target/test-dir/MiniOzoneClusterImpl-8172989c-4da0-4083-a6db-55a067c25ea9/datanode-0/data/ratis] (custom)
2019-11-14 07:28:12,475 [pool-27-thread-1] INFO  server.RaftServerConfigKeys (ConfUtils.java:logGet(43)) - raft.server.log.corruption.policy = EXCEPTION (default)
2019-11-14 07:28:12,476 [pool-27-thread-1] INFO  storage.RaftStorageDirectory (RaftStorageDirectory.java:analyzeStorage(246)) - The storage directory /workdir/hadoop-ozone/tools/target/test-dir/MiniOzoneClusterImpl-8172989c-4da0-4083-a6db-55a067c25ea9/datanode-0/data/ratis/0818d426-6cc4-4b73-8f49-020265b513ce does not exist. Creating ...
2019-11-14 07:28:12,513 [pool-27-thread-1] INFO  storage.RaftStorageDirectory (RaftStorageDirectory.java:tryLock(328)) - Lock on /workdir/hadoop-ozone/tools/target/test-dir/MiniOzoneClusterImpl-8172989c-4da0-4083-a6db-55a067c25ea9/datanode-0/data/ratis/0818d426-6cc4-4b73-8f49-020265b513ce/in_use.lock acquired by nodename 13428@pr-hdds-2473-master-5lfk4-2089843416
2019-11-14 07:28:12,538 [pool-27-thread-1] INFO  storage.RaftStorage (RaftStorage.java:format(84)) - Storage directory /workdir/hadoop-ozone/tools/target/test-dir/MiniOzoneClusterImpl-8172989c-4da0-4083-a6db-55a067c25ea9/datanode-0/data/ratis/0818d426-6cc4-4b73-8f49-020265b513ce has been successfully formatted.
2019-11-14 07:28:12,539 [pool-27-thread-1] INFO  ratis.ContainerStateMachine (ContainerStateMachine.java:loadSnapshot(223)) - group-020265B513CE: The snapshot info is null. Setting the last applied indexto:(t:0, i:~)
2019-11-14 07:28:12,539 [pool-27-thread-1] INFO  server.RaftServerConfigKeys (ConfUtils.java:logGet(43)) - raft.server.notification.no-leader.timeout = 120s (custom)
2019-11-14 07:28:12,539 [pool-27-thread-1] INFO  server.RaftServerConfigKeys (ConfUtils.java:logGet(43)) - raft.server.log.use.memory = false (default)
2019-11-14 07:28:12,539 [pool-27-thread-1] INFO  server.RaftServerConfigKeys (ConfUtils.java:logGet(43)) - raft.server.log.purge.gap = 1000000 (custom)
2019-11-14 07:28:12,540 [pool-27-thread-1] INFO  server.RaftServerConfigKeys (ConfUtils.java:logGet(43)) - raft.server.log.appender.buffer.byte-limit = 33554432 (custom)
2019-11-14 07:28:12,540 [pool-27-thread-1] INFO  server.RaftServerConfigKeys (ConfUtils.java:logGet(43)) - raft.server.log.segment.size.max = 1048576 (custom)
2019-11-14 07:28:12,540 [pool-27-thread-1] INFO  server.RaftServerConfigKeys (ConfUtils.java:logGet(43)) - raft.server.log.segment.cache.num.max = 2 (custom)
2019-11-14 07:28:12,540 [pool-27-thread-1] INFO  segmented.SegmentedRaftLogWorker (SegmentedRaftLogWorker.java:<init>(173)) - new a055a1b9-25b3-4fc2-bbfd-9b68c6048d26@group-020265B513CE-SegmentedRaftLogWorker for RaftStorage:Storage Directory /workdir/hadoop-ozone/tools/target/test-dir/MiniOzoneClusterImpl-8172989c-4da0-4083-a6db-55a067c25ea9/datanode-0/data/ratis/0818d426-6cc4-4b73-8f49-020265b513ce
2019-11-14 07:28:12,540 [pool-27-thread-1] INFO  server.RaftServerConfigKeys (ConfUtils.java:logGet(43)) - raft.server.log.queue.byte-limit = 2147483647 (custom)
2019-11-14 07:28:12,540 [pool-27-thread-1] INFO  server.RaftServerConfigKeys (ConfUtils.java:logGet(43)) - raft.server.log.queue.element-limit = 1024 (custom)
2019-11-14 07:28:12,541 [pool-27-thread-1] INFO  server.RaftServerConfigKeys (ConfUtils.java:logGet(43)) - raft.server.log.segment.size.max = 1048576 (custom)
2019-11-14 07:28:12,541 [pool-27-thread-1] INFO  server.RaftServerConfigKeys (ConfUtils.java:logGet(43)) - raft.server.log.preallocated.size = 16384 (custom)
2019-11-14 07:28:12,541 [pool-27-thread-1] INFO  server.RaftServerConfigKeys (ConfUtils.java:logGet(43)) - raft.server.log.write.buffer.size = 33554432 (custom)
2019-11-14 07:28:12,541 [pool-27-thread-1] INFO  server.RaftServerConfigKeys (ConfUtils.java:logGet(43)) - raft.server.log.force.sync.num = 128 (default)
2019-11-14 07:28:12,541 [pool-27-thread-1] INFO  server.RaftServerConfigKeys (ConfUtils.java:logGet(43)) - raft.server.log.statemachine.data.sync = true (default)
2019-11-14 07:28:12,541 [pool-27-thread-1] INFO  server.RaftServerConfigKeys (ConfUtils.java:logGet(43)) - raft.server.log.statemachine.data.sync.timeout = 10s (default)
2019-11-14 07:28:12,542 [pool-27-thread-1] INFO  server.RaftServerConfigKeys (ConfUtils.java:logGet(43)) - raft.server.log.statemachine.data.sync.timeout.retry = -1 (default)
2019-11-14 07:28:12,542 [pool-27-thread-1] INFO  server.RaftServerConfigKeys (ConfUtils.java:logGet(43)) - raft.server.log.statemachine.data.caching.enabled = true (custom)
2019-11-14 07:28:12,542 [pool-27-thread-1] INFO  segmented.SegmentedRaftLogWorker (SegmentedRaftLogWorker.java:lambda$new$0(128)) - a055a1b9-25b3-4fc2-bbfd-9b68c6048d26@group-020265B513CE-SegmentedRaftLogWorker: flushIndex: setUnconditionally 0 -> -1
2019-11-14 07:28:12,543 [pool-27-thread-1] INFO  server.RaftServerConfigKeys (ConfUtils.java:logGet(43)) - raft.server.snapshot.auto.trigger.enabled = true (custom)
2019-11-14 07:28:12,543 [pool-27-thread-1] INFO  server.RaftServerConfigKeys (ConfUtils.java:logGet(43)) - raft.server.snapshot.auto.trigger.threshold = 10000 (custom)
2019-11-14 07:28:12,543 [pool-27-thread-1] INFO  server.RaftServerConfigKeys (ConfUtils.java:logGet(43)) - raft.server.snapshot.retention.file.num = 5 (custom)
2019-11-14 07:28:12,543 [pool-27-thread-1] INFO  server.RaftServerConfigKeys (ConfUtils.java:logGet(43)) - raft.server.retrycache.expirytime = 600000ms (custom)
2019-11-14 07:28:12,544 [pool-27-thread-1] WARN  impl.MetricRegistriesImpl (MetricRegistriesImpl.java:lambda$create$1(61)) - First MetricRegistry has been created without registering reporters. You may need to call MetricRegistries.global().addReportRegistration(...) before.
2019-11-14 07:28:12,544 [pool-27-thread-1] WARN  impl.MetricRegistriesImpl (MetricRegistriesImpl.java:lambda$create$1(61)) - First MetricRegistry has been created without registering reporters. You may need to call MetricRegistries.global().addReportRegistration(...) before.
2019-11-14 07:28:12,544 [pool-27-thread-1] INFO  impl.RaftServerImpl (RaftServerImpl.java:start(184)) - a055a1b9-25b3-4fc2-bbfd-9b68c6048d26@group-020265B513CE: start as a follower, conf=-1: [a055a1b9-25b3-4fc2-bbfd-9b68c6048d26:192.168.157.220:32830], old=null
2019-11-14 07:28:12,544 [pool-27-thread-1] INFO  impl.RaftServerImpl (RaftServerImpl.java:setRole(173)) - a055a1b9-25b3-4fc2-bbfd-9b68c6048d26@group-020265B513CE: changes role from      null to FOLLOWER at term 0 for startAsFollower
2019-11-14 07:28:12,545 [pool-27-thread-1] INFO  impl.RoleInfo (RoleInfo.java:updateAndGet(143)) - a055a1b9-25b3-4fc2-bbfd-9b68c6048d26: start FollowerState
2019-11-14 07:28:12,545 [pool-27-thread-1] INFO  util.JmxRegister (JmxRegister.java:tryRegister(44)) - Successfully registered JMX Bean with object name Ratis:service=RaftServer,group=group-020265B513CE,id=a055a1b9-25b3-4fc2-bbfd-9b68c6048d26
2019-11-14 07:28:12,545 [pool-27-thread-1] WARN  impl.MetricRegistriesImpl (MetricRegistriesImpl.java:lambda$create$1(61)) - First MetricRegistry has been created without registering reporters. You may need to call MetricRegistries.global().addReportRegistration(...) before.
2019-11-14 07:28:12,552 [RatisPipelineUtilsThread] INFO  pipeline.PipelineStateManager (PipelineStateManager.java:addPipeline(55)) - Created pipeline Pipeline[ Id: 0818d426-6cc4-4b73-8f49-020265b513ce, Nodes: a055a1b9-25b3-4fc2-bbfd-9b68c6048d26{ip: 192.168.157.220, host: pr-hdds-2473-master-5lfk4-2089843416, networkLocation: /default-rack, certSerialId: null}, Type:RATIS, Factor:ONE, State:ALLOCATED]
2019-11-14 07:28:12,554 [Thread-178] INFO  pipeline.PipelineStateManager (PipelineStateManager.java:finalizePipeline(121)) - Pipeline Pipeline[ Id: 7543b2d4-369b-4ae9-9c34-2a14dd98e3b7, Nodes: f801ea35-1a8a-4ca1-9f8b-520ebd42f3c5{ip: 192.168.157.220, host: pr-hdds-2473-master-5lfk4-2089843416, networkLocation: /default-rack, certSerialId: null}, Type:RATIS, Factor:ONE, State:CLOSED] moved to CLOSED state
2019-11-14 07:28:12,564 [grpc-default-executor-0] INFO  impl.RaftServerProxy (RaftServerProxy.java:remove(95)) - f801ea35-1a8a-4ca1-9f8b-520ebd42f3c5: remove  FOLLOWER f801ea35-1a8a-4ca1-9f8b-520ebd42f3c5@group-2A14DD98E3B7:t0, leader=null, voted=null, raftlog=f801ea35-1a8a-4ca1-9f8b-520ebd42f3c5@group-2A14DD98E3B7-SegmentedRaftLog:OPENED:c-1,f-1,i0, conf=-1: [f801ea35-1a8a-4ca1-9f8b-520ebd42f3c5:192.168.157.220:34472], old=null RUNNING
2019-11-14 07:28:12,564 [grpc-default-executor-0] INFO  impl.RaftServerImpl (RaftServerImpl.java:lambda$shutdown$3(250)) - f801ea35-1a8a-4ca1-9f8b-520ebd42f3c5@group-2A14DD98E3B7: shutdown
2019-11-14 07:28:12,565 [grpc-default-executor-0] INFO  util.JmxRegister (JmxRegister.java:unregister(73)) - Successfully un-registered JMX Bean with object name Ratis:service=RaftServer,group=group-2A14DD98E3B7,id=f801ea35-1a8a-4ca1-9f8b-520ebd42f3c5
2019-11-14 07:28:12,565 [grpc-default-executor-0] INFO  impl.RoleInfo (RoleInfo.java:shutdownFollowerState(121)) - f801ea35-1a8a-4ca1-9f8b-520ebd42f3c5: shutdown FollowerState
2019-11-14 07:28:12,565 [grpc-default-executor-0] INFO  impl.StateMachineUpdater (StateMachineUpdater.java:stopAndJoin(136)) - f801ea35-1a8a-4ca1-9f8b-520ebd42f3c5@group-2A14DD98E3B7-StateMachineUpdater: set stopIndex = -1
2019-11-14 07:28:12,565 [Thread-186] INFO  impl.FollowerState (FollowerState.java:run(120)) - f801ea35-1a8a-4ca1-9f8b-520ebd42f3c5@group-2A14DD98E3B7-FollowerState was interrupted: java.lang.InterruptedException: sleep interrupted
2019-11-14 07:28:12,566 [grpc-default-executor-0] INFO  impl.RaftServerImpl (ServerState.java:close(387)) - f801ea35-1a8a-4ca1-9f8b-520ebd42f3c5@group-2A14DD98E3B7: closes. applyIndex: -1
2019-11-14 07:28:12,567 [f801ea35-1a8a-4ca1-9f8b-520ebd42f3c5@group-2A14DD98E3B7-SegmentedRaftLogWorker] INFO  segmented.SegmentedRaftLogWorker (SegmentedRaftLogWorker.java:run(316)) - f801ea35-1a8a-4ca1-9f8b-520ebd42f3c5@group-2A14DD98E3B7-SegmentedRaftLogWorker was interrupted, exiting. There are 0 tasks remaining in the queue.
2019-11-14 07:28:12,568 [grpc-default-executor-0] INFO  segmented.SegmentedRaftLogWorker (SegmentedRaftLogWorker.java:close(224)) - f801ea35-1a8a-4ca1-9f8b-520ebd42f3c5@group-2A14DD98E3B7-SegmentedRaftLogWorker close()
2019-11-14 07:28:12,576 [Thread-178] INFO  pipeline.PipelineStateManager (PipelineStateManager.java:removePipeline(106)) - Pipeline Pipeline[ Id: 7543b2d4-369b-4ae9-9c34-2a14dd98e3b7, Nodes: f801ea35-1a8a-4ca1-9f8b-520ebd42f3c5{ip: 192.168.157.220, host: pr-hdds-2473-master-5lfk4-2089843416, networkLocation: /default-rack, certSerialId: null}, Type:RATIS, Factor:ONE, State:CLOSED] removed from db
2019-11-14 07:28:12,576 [Thread-178] INFO  pipeline.SCMPipelineManager (SCMPipelineManager.java:finalizeAndDestroyPipeline(315)) - destroying pipeline:Pipeline[ Id: 8b6f5dea-20dc-4b88-98cb-fb5f6043956b, Nodes: 11b96894-e5c9-4f16-b69e-d41085948f59{ip: 192.168.157.220, host: pr-hdds-2473-master-5lfk4-2089843416, networkLocation: /default-rack, certSerialId: null}, Type:RATIS, Factor:ONE, State:ALLOCATED]
2019-11-14 07:28:12,586 [grpc-default-executor-0] INFO  impl.RaftServerProxy (RaftServerProxy.java:addNew(89)) - f801ea35-1a8a-4ca1-9f8b-520ebd42f3c5: addNew group-850954E19D53:[f801ea35-1a8a-4ca1-9f8b-520ebd42f3c5:192.168.157.220:34472] returns group-850954E19D53:java.util.concurrent.CompletableFuture@235c86af[Not completed]
2019-11-14 07:28:12,588 [pool-37-thread-1] INFO  impl.RaftServerImpl (RaftServerImpl.java:<init>(98)) - f801ea35-1a8a-4ca1-9f8b-520ebd42f3c5: new RaftServerImpl for group-850954E19D53:[f801ea35-1a8a-4ca1-9f8b-520ebd42f3c5:192.168.157.220:34472] with ContainerStateMachine:uninitialized
2019-11-14 07:28:12,588 [pool-37-thread-1] INFO  server.RaftServerConfigKeys (ConfUtils.java:logGet(43)) - raft.server.rpc.timeout.min = 5s (custom)
2019-11-14 07:28:12,588 [pool-37-thread-1] INFO  server.RaftServerConfigKeys (ConfUtils.java:logGet(43)) - raft.server.rpc.timeout.max = 5200ms (custom)
2019-11-14 07:28:12,588 [pool-37-thread-1] INFO  server.RaftServerConfigKeys (ConfUtils.java:logGet(43)) - raft.server.rpcslowness.timeout = 120s (custom)
2019-11-14 07:28:12,588 [pool-37-thread-1] INFO  server.RaftServerConfigKeys (ConfUtils.java:logGet(43)) - raft.server.sleep.deviation.threshold = 300 (default)
2019-11-14 07:28:12,588 [pool-37-thread-1] INFO  server.RaftServerConfigKeys (ConfUtils.java:logGet(43)) - raft.server.log.appender.install.snapshot.enabled = false (custom)
2019-11-14 07:28:12,588 [pool-37-thread-1] INFO  impl.RaftServerImpl (ServerState.java:<init>(103)) - f801ea35-1a8a-4ca1-9f8b-520ebd42f3c5@group-850954E19D53: ConfigurationManager, init=-1: [f801ea35-1a8a-4ca1-9f8b-520ebd42f3c5:192.168.157.220:34472], old=null, confs=<EMPTY_MAP>
2019-11-14 07:28:12,589 [pool-37-thread-1] INFO  server.RaftServerConfigKeys (ConfUtils.java:logGet(43)) - raft.server.storage.dir = [/workdir/hadoop-ozone/tools/target/test-dir/MiniOzoneClusterImpl-8172989c-4da0-4083-a6db-55a067c25ea9/datanode-1/data/ratis] (custom)
2019-11-14 07:28:12,589 [pool-37-thread-1] INFO  server.RaftServerConfigKeys (ConfUtils.java:logGet(43)) - raft.server.log.corruption.policy = EXCEPTION (default)
2019-11-14 07:28:12,589 [pool-37-thread-1] INFO  storage.RaftStorageDirectory (RaftStorageDirectory.java:analyzeStorage(246)) - The storage directory /workdir/hadoop-ozone/tools/target/test-dir/MiniOzoneClusterImpl-8172989c-4da0-4083-a6db-55a067c25ea9/datanode-1/data/ratis/6945eed3-b501-47b2-aaa7-850954e19d53 does not exist. Creating ...
2019-11-14 07:28:12,614 [pool-37-thread-1] INFO  storage.RaftStorageDirectory (RaftStorageDirectory.java:tryLock(328)) - Lock on /workdir/hadoop-ozone/tools/target/test-dir/MiniOzoneClusterImpl-8172989c-4da0-4083-a6db-55a067c25ea9/datanode-1/data/ratis/6945eed3-b501-47b2-aaa7-850954e19d53/in_use.lock acquired by nodename 13428@pr-hdds-2473-master-5lfk4-2089843416
2019-11-14 07:28:12,639 [pool-37-thread-1] INFO  storage.RaftStorage (RaftStorage.java:format(84)) - Storage directory /workdir/hadoop-ozone/tools/target/test-dir/MiniOzoneClusterImpl-8172989c-4da0-4083-a6db-55a067c25ea9/datanode-1/data/ratis/6945eed3-b501-47b2-aaa7-850954e19d53 has been successfully formatted.
2019-11-14 07:28:12,640 [pool-37-thread-1] INFO  ratis.ContainerStateMachine (ContainerStateMachine.java:loadSnapshot(223)) - group-850954E19D53: The snapshot info is null. Setting the last applied indexto:(t:0, i:~)
2019-11-14 07:28:12,640 [pool-37-thread-1] INFO  server.RaftServerConfigKeys (ConfUtils.java:logGet(43)) - raft.server.notification.no-leader.timeout = 120s (custom)
2019-11-14 07:28:12,640 [pool-37-thread-1] INFO  server.RaftServerConfigKeys (ConfUtils.java:logGet(43)) - raft.server.log.use.memory = false (default)
2019-11-14 07:28:12,640 [pool-37-thread-1] INFO  server.RaftServerConfigKeys (ConfUtils.java:logGet(43)) - raft.server.log.purge.gap = 1000000 (custom)
2019-11-14 07:28:12,640 [pool-37-thread-1] INFO  server.RaftServerConfigKeys (ConfUtils.java:logGet(43)) - raft.server.log.appender.buffer.byte-limit = 33554432 (custom)
2019-11-14 07:28:12,641 [pool-37-thread-1] INFO  server.RaftServerConfigKeys (ConfUtils.java:logGet(43)) - raft.server.log.segment.size.max = 1048576 (custom)
2019-11-14 07:28:12,641 [pool-37-thread-1] INFO  server.RaftServerConfigKeys (ConfUtils.java:logGet(43)) - raft.server.log.segment.cache.num.max = 2 (custom)
2019-11-14 07:28:12,641 [pool-37-thread-1] INFO  segmented.SegmentedRaftLogWorker (SegmentedRaftLogWorker.java:<init>(173)) - new f801ea35-1a8a-4ca1-9f8b-520ebd42f3c5@group-850954E19D53-SegmentedRaftLogWorker for RaftStorage:Storage Directory /workdir/hadoop-ozone/tools/target/test-dir/MiniOzoneClusterImpl-8172989c-4da0-4083-a6db-55a067c25ea9/datanode-1/data/ratis/6945eed3-b501-47b2-aaa7-850954e19d53
2019-11-14 07:28:12,641 [pool-37-thread-1] INFO  server.RaftServerConfigKeys (ConfUtils.java:logGet(43)) - raft.server.log.queue.byte-limit = 2147483647 (custom)
2019-11-14 07:28:12,641 [pool-37-thread-1] INFO  server.RaftServerConfigKeys (ConfUtils.java:logGet(43)) - raft.server.log.queue.element-limit = 1024 (custom)
2019-11-14 07:28:12,642 [pool-37-thread-1] INFO  server.RaftServerConfigKeys (ConfUtils.java:logGet(43)) - raft.server.log.segment.size.max = 1048576 (custom)
2019-11-14 07:28:12,642 [pool-37-thread-1] INFO  server.RaftServerConfigKeys (ConfUtils.java:logGet(43)) - raft.server.log.preallocated.size = 16384 (custom)
2019-11-14 07:28:12,642 [pool-37-thread-1] INFO  server.RaftServerConfigKeys (ConfUtils.java:logGet(43)) - raft.server.log.write.buffer.size = 33554432 (custom)
2019-11-14 07:28:12,642 [pool-37-thread-1] INFO  server.RaftServerConfigKeys (ConfUtils.java:logGet(43)) - raft.server.log.force.sync.num = 128 (default)
2019-11-14 07:28:12,642 [pool-37-thread-1] INFO  server.RaftServerConfigKeys (ConfUtils.java:logGet(43)) - raft.server.log.statemachine.data.sync = true (default)
2019-11-14 07:28:12,642 [pool-37-thread-1] INFO  server.RaftServerConfigKeys (ConfUtils.java:logGet(43)) - raft.server.log.statemachine.data.sync.timeout = 10s (default)
2019-11-14 07:28:12,643 [pool-37-thread-1] INFO  server.RaftServerConfigKeys (ConfUtils.java:logGet(43)) - raft.server.log.statemachine.data.sync.timeout.retry = -1 (default)
2019-11-14 07:28:12,643 [pool-37-thread-1] INFO  server.RaftServerConfigKeys (ConfUtils.java:logGet(43)) - raft.server.log.statemachine.data.caching.enabled = true (custom)
2019-11-14 07:28:12,643 [pool-37-thread-1] INFO  segmented.SegmentedRaftLogWorker (SegmentedRaftLogWorker.java:lambda$new$0(128)) - f801ea35-1a8a-4ca1-9f8b-520ebd42f3c5@group-850954E19D53-SegmentedRaftLogWorker: flushIndex: setUnconditionally 0 -> -1
2019-11-14 07:28:12,644 [pool-37-thread-1] INFO  server.RaftServerConfigKeys (ConfUtils.java:logGet(43)) - raft.server.snapshot.auto.trigger.enabled = true (custom)
2019-11-14 07:28:12,644 [pool-37-thread-1] INFO  server.RaftServerConfigKeys (ConfUtils.java:logGet(43)) - raft.server.snapshot.auto.trigger.threshold = 10000 (custom)
2019-11-14 07:28:12,644 [pool-37-thread-1] INFO  server.RaftServerConfigKeys (ConfUtils.java:logGet(43)) - raft.server.snapshot.retention.file.num = 5 (custom)
2019-11-14 07:28:12,644 [pool-37-thread-1] INFO  server.RaftServerConfigKeys (ConfUtils.java:logGet(43)) - raft.server.retrycache.expirytime = 600000ms (custom)
2019-11-14 07:28:12,645 [pool-37-thread-1] WARN  impl.MetricRegistriesImpl (MetricRegistriesImpl.java:lambda$create$1(61)) - First MetricRegistry has been created without registering reporters. You may need to call MetricRegistries.global().addReportRegistration(...) before.
2019-11-14 07:28:12,645 [pool-37-thread-1] WARN  impl.MetricRegistriesImpl (MetricRegistriesImpl.java:lambda$create$1(61)) - First MetricRegistry has been created without registering reporters. You may need to call MetricRegistries.global().addReportRegistration(...) before.
2019-11-14 07:28:12,645 [pool-37-thread-1] INFO  impl.RaftServerImpl (RaftServerImpl.java:start(184)) - f801ea35-1a8a-4ca1-9f8b-520ebd42f3c5@group-850954E19D53: start as a follower, conf=-1: [f801ea35-1a8a-4ca1-9f8b-520ebd42f3c5:192.168.157.220:34472], old=null
2019-11-14 07:28:12,645 [pool-37-thread-1] INFO  impl.RaftServerImpl (RaftServerImpl.java:setRole(173)) - f801ea35-1a8a-4ca1-9f8b-520ebd42f3c5@group-850954E19D53: changes role from      null to FOLLOWER at term 0 for startAsFollower
2019-11-14 07:28:12,645 [pool-37-thread-1] INFO  impl.RoleInfo (RoleInfo.java:updateAndGet(143)) - f801ea35-1a8a-4ca1-9f8b-520ebd42f3c5: start FollowerState
2019-11-14 07:28:12,646 [pool-37-thread-1] INFO  util.JmxRegister (JmxRegister.java:tryRegister(44)) - Successfully registered JMX Bean with object name Ratis:service=RaftServer,group=group-850954E19D53,id=f801ea35-1a8a-4ca1-9f8b-520ebd42f3c5
2019-11-14 07:28:12,646 [pool-37-thread-1] WARN  impl.MetricRegistriesImpl (MetricRegistriesImpl.java:lambda$create$1(61)) - First MetricRegistry has been created without registering reporters. You may need to call MetricRegistries.global().addReportRegistration(...) before.
2019-11-14 07:28:12,653 [RatisPipelineUtilsThread] INFO  pipeline.PipelineStateManager (PipelineStateManager.java:addPipeline(55)) - Created pipeline Pipeline[ Id: 6945eed3-b501-47b2-aaa7-850954e19d53, Nodes: f801ea35-1a8a-4ca1-9f8b-520ebd42f3c5{ip: 192.168.157.220, host: pr-hdds-2473-master-5lfk4-2089843416, networkLocation: /default-rack, certSerialId: null}, Type:RATIS, Factor:ONE, State:ALLOCATED]
2019-11-14 07:28:12,654 [Thread-178] INFO  pipeline.PipelineStateManager (PipelineStateManager.java:finalizePipeline(121)) - Pipeline Pipeline[ Id: 8b6f5dea-20dc-4b88-98cb-fb5f6043956b, Nodes: 11b96894-e5c9-4f16-b69e-d41085948f59{ip: 192.168.157.220, host: pr-hdds-2473-master-5lfk4-2089843416, networkLocation: /default-rack, certSerialId: null}, Type:RATIS, Factor:ONE, State:CLOSED] moved to CLOSED state
2019-11-14 07:28:12,665 [grpc-default-executor-0] INFO  impl.RaftServerProxy (RaftServerProxy.java:remove(95)) - 11b96894-e5c9-4f16-b69e-d41085948f59: remove  FOLLOWER 11b96894-e5c9-4f16-b69e-d41085948f59@group-FB5F6043956B:t0, leader=null, voted=null, raftlog=11b96894-e5c9-4f16-b69e-d41085948f59@group-FB5F6043956B-SegmentedRaftLog:OPENED:c-1,f-1,i0, conf=-1: [11b96894-e5c9-4f16-b69e-d41085948f59:192.168.157.220:37422], old=null RUNNING
2019-11-14 07:28:12,665 [grpc-default-executor-0] INFO  impl.RaftServerImpl (RaftServerImpl.java:lambda$shutdown$3(250)) - 11b96894-e5c9-4f16-b69e-d41085948f59@group-FB5F6043956B: shutdown
2019-11-14 07:28:12,665 [grpc-default-executor-0] INFO  util.JmxRegister (JmxRegister.java:unregister(73)) - Successfully un-registered JMX Bean with object name Ratis:service=RaftServer,group=group-FB5F6043956B,id=11b96894-e5c9-4f16-b69e-d41085948f59
2019-11-14 07:28:12,666 [grpc-default-executor-0] INFO  impl.RoleInfo (RoleInfo.java:shutdownFollowerState(121)) - 11b96894-e5c9-4f16-b69e-d41085948f59: shutdown FollowerState
2019-11-14 07:28:12,666 [grpc-default-executor-0] INFO  impl.StateMachineUpdater (StateMachineUpdater.java:stopAndJoin(136)) - 11b96894-e5c9-4f16-b69e-d41085948f59@group-FB5F6043956B-StateMachineUpdater: set stopIndex = -1
2019-11-14 07:28:12,666 [Thread-183] INFO  impl.FollowerState (FollowerState.java:run(120)) - 11b96894-e5c9-4f16-b69e-d41085948f59@group-FB5F6043956B-FollowerState was interrupted: java.lang.InterruptedException: sleep interrupted
2019-11-14 07:28:12,667 [grpc-default-executor-0] INFO  impl.RaftServerImpl (ServerState.java:close(387)) - 11b96894-e5c9-4f16-b69e-d41085948f59@group-FB5F6043956B: closes. applyIndex: -1
2019-11-14 07:28:12,668 [11b96894-e5c9-4f16-b69e-d41085948f59@group-FB5F6043956B-SegmentedRaftLogWorker] INFO  segmented.SegmentedRaftLogWorker (SegmentedRaftLogWorker.java:run(316)) - 11b96894-e5c9-4f16-b69e-d41085948f59@group-FB5F6043956B-SegmentedRaftLogWorker was interrupted, exiting. There are 0 tasks remaining in the queue.
2019-11-14 07:28:12,668 [grpc-default-executor-0] INFO  segmented.SegmentedRaftLogWorker (SegmentedRaftLogWorker.java:close(224)) - 11b96894-e5c9-4f16-b69e-d41085948f59@group-FB5F6043956B-SegmentedRaftLogWorker close()
2019-11-14 07:28:12,676 [Thread-178] INFO  pipeline.PipelineStateManager (PipelineStateManager.java:removePipeline(106)) - Pipeline Pipeline[ Id: 8b6f5dea-20dc-4b88-98cb-fb5f6043956b, Nodes: 11b96894-e5c9-4f16-b69e-d41085948f59{ip: 192.168.157.220, host: pr-hdds-2473-master-5lfk4-2089843416, networkLocation: /default-rack, certSerialId: null}, Type:RATIS, Factor:ONE, State:CLOSED] removed from db
2019-11-14 07:28:12,677 [Thread-178] INFO  pipeline.SCMPipelineManager (SCMPipelineManager.java:finalizeAndDestroyPipeline(315)) - destroying pipeline:Pipeline[ Id: 58101d57-9ec0-4e59-8269-b8c6bf21d8ae, Nodes: 11b96894-e5c9-4f16-b69e-d41085948f59{ip: 192.168.157.220, host: pr-hdds-2473-master-5lfk4-2089843416, networkLocation: /default-rack, certSerialId: null}a055a1b9-25b3-4fc2-bbfd-9b68c6048d26{ip: 192.168.157.220, host: pr-hdds-2473-master-5lfk4-2089843416, networkLocation: /default-rack, certSerialId: null}f801ea35-1a8a-4ca1-9f8b-520ebd42f3c5{ip: 192.168.157.220, host: pr-hdds-2473-master-5lfk4-2089843416, networkLocation: /default-rack, certSerialId: null}, Type:RATIS, Factor:THREE, State:ALLOCATED]
2019-11-14 07:28:12,686 [grpc-default-executor-0] INFO  impl.RaftServerProxy (RaftServerProxy.java:addNew(89)) - 11b96894-e5c9-4f16-b69e-d41085948f59: addNew group-D4FBE0FBBA95:[11b96894-e5c9-4f16-b69e-d41085948f59:192.168.157.220:37422] returns group-D4FBE0FBBA95:java.util.concurrent.CompletableFuture@3b9121c4[Not completed]
2019-11-14 07:28:12,687 [pool-47-thread-1] INFO  impl.RaftServerImpl (RaftServerImpl.java:<init>(98)) - 11b96894-e5c9-4f16-b69e-d41085948f59: new RaftServerImpl for group-D4FBE0FBBA95:[11b96894-e5c9-4f16-b69e-d41085948f59:192.168.157.220:37422] with ContainerStateMachine:uninitialized
2019-11-14 07:28:12,688 [pool-47-thread-1] INFO  server.RaftServerConfigKeys (ConfUtils.java:logGet(43)) - raft.server.rpc.timeout.min = 5s (custom)
2019-11-14 07:28:12,688 [pool-47-thread-1] INFO  server.RaftServerConfigKeys (ConfUtils.java:logGet(43)) - raft.server.rpc.timeout.max = 5200ms (custom)
2019-11-14 07:28:12,688 [pool-47-thread-1] INFO  server.RaftServerConfigKeys (ConfUtils.java:logGet(43)) - raft.server.rpcslowness.timeout = 120s (custom)
2019-11-14 07:28:12,688 [pool-47-thread-1] INFO  server.RaftServerConfigKeys (ConfUtils.java:logGet(43)) - raft.server.sleep.deviation.threshold = 300 (default)
2019-11-14 07:28:12,688 [pool-47-thread-1] INFO  server.RaftServerConfigKeys (ConfUtils.java:logGet(43)) - raft.server.log.appender.install.snapshot.enabled = false (custom)
2019-11-14 07:28:12,689 [pool-47-thread-1] INFO  impl.RaftServerImpl (ServerState.java:<init>(103)) - 11b96894-e5c9-4f16-b69e-d41085948f59@group-D4FBE0FBBA95: ConfigurationManager, init=-1: [11b96894-e5c9-4f16-b69e-d41085948f59:192.168.157.220:37422], old=null, confs=<EMPTY_MAP>
2019-11-14 07:28:12,689 [pool-47-thread-1] INFO  server.RaftServerConfigKeys (ConfUtils.java:logGet(43)) - raft.server.storage.dir = [/workdir/hadoop-ozone/tools/target/test-dir/MiniOzoneClusterImpl-8172989c-4da0-4083-a6db-55a067c25ea9/datanode-2/data/ratis] (custom)
2019-11-14 07:28:12,689 [pool-47-thread-1] INFO  server.RaftServerConfigKeys (ConfUtils.java:logGet(43)) - raft.server.log.corruption.policy = EXCEPTION (default)
2019-11-14 07:28:12,689 [pool-47-thread-1] INFO  storage.RaftStorageDirectory (RaftStorageDirectory.java:analyzeStorage(246)) - The storage directory /workdir/hadoop-ozone/tools/target/test-dir/MiniOzoneClusterImpl-8172989c-4da0-4083-a6db-55a067c25ea9/datanode-2/data/ratis/103fa746-5e67-43cd-a360-d4fbe0fbba95 does not exist. Creating ...
2019-11-14 07:28:12,715 [pool-47-thread-1] INFO  storage.RaftStorageDirectory (RaftStorageDirectory.java:tryLock(328)) - Lock on /workdir/hadoop-ozone/tools/target/test-dir/MiniOzoneClusterImpl-8172989c-4da0-4083-a6db-55a067c25ea9/datanode-2/data/ratis/103fa746-5e67-43cd-a360-d4fbe0fbba95/in_use.lock acquired by nodename 13428@pr-hdds-2473-master-5lfk4-2089843416
2019-11-14 07:28:12,740 [pool-47-thread-1] INFO  storage.RaftStorage (RaftStorage.java:format(84)) - Storage directory /workdir/hadoop-ozone/tools/target/test-dir/MiniOzoneClusterImpl-8172989c-4da0-4083-a6db-55a067c25ea9/datanode-2/data/ratis/103fa746-5e67-43cd-a360-d4fbe0fbba95 has been successfully formatted.
2019-11-14 07:28:12,740 [pool-47-thread-1] INFO  ratis.ContainerStateMachine (ContainerStateMachine.java:loadSnapshot(223)) - group-D4FBE0FBBA95: The snapshot info is null. Setting the last applied indexto:(t:0, i:~)
2019-11-14 07:28:12,740 [pool-47-thread-1] INFO  server.RaftServerConfigKeys (ConfUtils.java:logGet(43)) - raft.server.notification.no-leader.timeout = 120s (custom)
2019-11-14 07:28:12,741 [pool-47-thread-1] INFO  server.RaftServerConfigKeys (ConfUtils.java:logGet(43)) - raft.server.log.use.memory = false (default)
2019-11-14 07:28:12,741 [pool-47-thread-1] INFO  server.RaftServerConfigKeys (ConfUtils.java:logGet(43)) - raft.server.log.purge.gap = 1000000 (custom)
2019-11-14 07:28:12,741 [pool-47-thread-1] INFO  server.RaftServerConfigKeys (ConfUtils.java:logGet(43)) - raft.server.log.appender.buffer.byte-limit = 33554432 (custom)
2019-11-14 07:28:12,741 [pool-47-thread-1] INFO  server.RaftServerConfigKeys (ConfUtils.java:logGet(43)) - raft.server.log.segment.size.max = 1048576 (custom)
2019-11-14 07:28:12,741 [pool-47-thread-1] INFO  server.RaftServerConfigKeys (ConfUtils.java:logGet(43)) - raft.server.log.segment.cache.num.max = 2 (custom)
2019-11-14 07:28:12,742 [pool-47-thread-1] INFO  segmented.SegmentedRaftLogWorker (SegmentedRaftLogWorker.java:<init>(173)) - new 11b96894-e5c9-4f16-b69e-d41085948f59@group-D4FBE0FBBA95-SegmentedRaftLogWorker for RaftStorage:Storage Directory /workdir/hadoop-ozone/tools/target/test-dir/MiniOzoneClusterImpl-8172989c-4da0-4083-a6db-55a067c25ea9/datanode-2/data/ratis/103fa746-5e67-43cd-a360-d4fbe0fbba95
2019-11-14 07:28:12,742 [pool-47-thread-1] INFO  server.RaftServerConfigKeys (ConfUtils.java:logGet(43)) - raft.server.log.queue.byte-limit = 2147483647 (custom)
2019-11-14 07:28:12,742 [pool-47-thread-1] INFO  server.RaftServerConfigKeys (ConfUtils.java:logGet(43)) - raft.server.log.queue.element-limit = 1024 (custom)
2019-11-14 07:28:12,742 [pool-47-thread-1] INFO  server.RaftServerConfigKeys (ConfUtils.java:logGet(43)) - raft.server.log.segment.size.max = 1048576 (custom)
2019-11-14 07:28:12,742 [pool-47-thread-1] INFO  server.RaftServerConfigKeys (ConfUtils.java:logGet(43)) - raft.server.log.preallocated.size = 16384 (custom)
2019-11-14 07:28:12,742 [pool-47-thread-1] INFO  server.RaftServerConfigKeys (ConfUtils.java:logGet(43)) - raft.server.log.write.buffer.size = 33554432 (custom)
2019-11-14 07:28:12,742 [pool-47-thread-1] INFO  server.RaftServerConfigKeys (ConfUtils.java:logGet(43)) - raft.server.log.force.sync.num = 128 (default)
2019-11-14 07:28:12,743 [pool-47-thread-1] INFO  server.RaftServerConfigKeys (ConfUtils.java:logGet(43)) - raft.server.log.statemachine.data.sync = true (default)
2019-11-14 07:28:12,743 [pool-47-thread-1] INFO  server.RaftServerConfigKeys (ConfUtils.java:logGet(43)) - raft.server.log.statemachine.data.sync.timeout = 10s (default)
2019-11-14 07:28:12,743 [pool-47-thread-1] INFO  server.RaftServerConfigKeys (ConfUtils.java:logGet(43)) - raft.server.log.statemachine.data.sync.timeout.retry = -1 (default)
2019-11-14 07:28:12,743 [pool-47-thread-1] INFO  server.RaftServerConfigKeys (ConfUtils.java:logGet(43)) - raft.server.log.statemachine.data.caching.enabled = true (custom)
2019-11-14 07:28:12,744 [pool-47-thread-1] INFO  segmented.SegmentedRaftLogWorker (SegmentedRaftLogWorker.java:lambda$new$0(128)) - 11b96894-e5c9-4f16-b69e-d41085948f59@group-D4FBE0FBBA95-SegmentedRaftLogWorker: flushIndex: setUnconditionally 0 -> -1
2019-11-14 07:28:12,744 [pool-47-thread-1] INFO  server.RaftServerConfigKeys (ConfUtils.java:logGet(43)) - raft.server.snapshot.auto.trigger.enabled = true (custom)
2019-11-14 07:28:12,744 [pool-47-thread-1] INFO  server.RaftServerConfigKeys (ConfUtils.java:logGet(43)) - raft.server.snapshot.auto.trigger.threshold = 10000 (custom)
2019-11-14 07:28:12,744 [pool-47-thread-1] INFO  server.RaftServerConfigKeys (ConfUtils.java:logGet(43)) - raft.server.snapshot.retention.file.num = 5 (custom)
2019-11-14 07:28:12,745 [pool-47-thread-1] INFO  server.RaftServerConfigKeys (ConfUtils.java:logGet(43)) - raft.server.retrycache.expirytime = 600000ms (custom)
2019-11-14 07:28:12,745 [pool-47-thread-1] WARN  impl.MetricRegistriesImpl (MetricRegistriesImpl.java:lambda$create$1(61)) - First MetricRegistry has been created without registering reporters. You may need to call MetricRegistries.global().addReportRegistration(...) before.
2019-11-14 07:28:12,745 [pool-47-thread-1] WARN  impl.MetricRegistriesImpl (MetricRegistriesImpl.java:lambda$create$1(61)) - First MetricRegistry has been created without registering reporters. You may need to call MetricRegistries.global().addReportRegistration(...) before.
2019-11-14 07:28:12,745 [pool-47-thread-1] INFO  impl.RaftServerImpl (RaftServerImpl.java:start(184)) - 11b96894-e5c9-4f16-b69e-d41085948f59@group-D4FBE0FBBA95: start as a follower, conf=-1: [11b96894-e5c9-4f16-b69e-d41085948f59:192.168.157.220:37422], old=null
2019-11-14 07:28:12,746 [pool-47-thread-1] INFO  impl.RaftServerImpl (RaftServerImpl.java:setRole(173)) - 11b96894-e5c9-4f16-b69e-d41085948f59@group-D4FBE0FBBA95: changes role from      null to FOLLOWER at term 0 for startAsFollower
2019-11-14 07:28:12,746 [pool-47-thread-1] INFO  impl.RoleInfo (RoleInfo.java:updateAndGet(143)) - 11b96894-e5c9-4f16-b69e-d41085948f59: start FollowerState
2019-11-14 07:28:12,746 [pool-47-thread-1] INFO  util.JmxRegister (JmxRegister.java:tryRegister(44)) - Successfully registered JMX Bean with object name Ratis:service=RaftServer,group=group-D4FBE0FBBA95,id=11b96894-e5c9-4f16-b69e-d41085948f59
2019-11-14 07:28:12,746 [pool-47-thread-1] WARN  impl.MetricRegistriesImpl (MetricRegistriesImpl.java:lambda$create$1(61)) - First MetricRegistry has been created without registering reporters. You may need to call MetricRegistries.global().addReportRegistration(...) before.
2019-11-14 07:28:12,754 [RatisPipelineUtilsThread] INFO  pipeline.PipelineStateManager (PipelineStateManager.java:addPipeline(55)) - Created pipeline Pipeline[ Id: 103fa746-5e67-43cd-a360-d4fbe0fbba95, Nodes: 11b96894-e5c9-4f16-b69e-d41085948f59{ip: 192.168.157.220, host: pr-hdds-2473-master-5lfk4-2089843416, networkLocation: /default-rack, certSerialId: null}, Type:RATIS, Factor:ONE, State:ALLOCATED]
2019-11-14 07:28:12,755 [Thread-178] INFO  pipeline.PipelineStateManager (PipelineStateManager.java:finalizePipeline(121)) - Pipeline Pipeline[ Id: 58101d57-9ec0-4e59-8269-b8c6bf21d8ae, Nodes: 11b96894-e5c9-4f16-b69e-d41085948f59{ip: 192.168.157.220, host: pr-hdds-2473-master-5lfk4-2089843416, networkLocation: /default-rack, certSerialId: null}a055a1b9-25b3-4fc2-bbfd-9b68c6048d26{ip: 192.168.157.220, host: pr-hdds-2473-master-5lfk4-2089843416, networkLocation: /default-rack, certSerialId: null}f801ea35-1a8a-4ca1-9f8b-520ebd42f3c5{ip: 192.168.157.220, host: pr-hdds-2473-master-5lfk4-2089843416, networkLocation: /default-rack, certSerialId: null}, Type:RATIS, Factor:THREE, State:CLOSED] moved to CLOSED state
2019-11-14 07:28:12,765 [grpc-default-executor-0] INFO  impl.RaftServerProxy (RaftServerProxy.java:remove(95)) - 11b96894-e5c9-4f16-b69e-d41085948f59: remove  FOLLOWER 11b96894-e5c9-4f16-b69e-d41085948f59@group-B8C6BF21D8AE:t0, leader=null, voted=null, raftlog=11b96894-e5c9-4f16-b69e-d41085948f59@group-B8C6BF21D8AE-SegmentedRaftLog:OPENED:c-1,f-1,i0, conf=-1: [a055a1b9-25b3-4fc2-bbfd-9b68c6048d26:192.168.157.220:32830, f801ea35-1a8a-4ca1-9f8b-520ebd42f3c5:192.168.157.220:34472, 11b96894-e5c9-4f16-b69e-d41085948f59:192.168.157.220:37422], old=null RUNNING
2019-11-14 07:28:12,765 [grpc-default-executor-0] INFO  impl.RaftServerImpl (RaftServerImpl.java:lambda$shutdown$3(250)) - 11b96894-e5c9-4f16-b69e-d41085948f59@group-B8C6BF21D8AE: shutdown
2019-11-14 07:28:12,766 [grpc-default-executor-0] INFO  util.JmxRegister (JmxRegister.java:unregister(73)) - Successfully un-registered JMX Bean with object name Ratis:service=RaftServer,group=group-B8C6BF21D8AE,id=11b96894-e5c9-4f16-b69e-d41085948f59
2019-11-14 07:28:12,766 [grpc-default-executor-0] INFO  impl.RoleInfo (RoleInfo.java:shutdownFollowerState(121)) - 11b96894-e5c9-4f16-b69e-d41085948f59: shutdown FollowerState
2019-11-14 07:28:12,766 [grpc-default-executor-0] INFO  impl.StateMachineUpdater (StateMachineUpdater.java:stopAndJoin(136)) - 11b96894-e5c9-4f16-b69e-d41085948f59@group-B8C6BF21D8AE-StateMachineUpdater: set stopIndex = -1
2019-11-14 07:28:12,766 [Thread-189] INFO  impl.FollowerState (FollowerState.java:run(120)) - 11b96894-e5c9-4f16-b69e-d41085948f59@group-B8C6BF21D8AE-FollowerState was interrupted: java.lang.InterruptedException: sleep interrupted
2019-11-14 07:28:12,767 [grpc-default-executor-0] INFO  impl.RaftServerImpl (ServerState.java:close(387)) - 11b96894-e5c9-4f16-b69e-d41085948f59@group-B8C6BF21D8AE: closes. applyIndex: -1
2019-11-14 07:28:12,768 [11b96894-e5c9-4f16-b69e-d41085948f59@group-B8C6BF21D8AE-SegmentedRaftLogWorker] INFO  segmented.SegmentedRaftLogWorker (SegmentedRaftLogWorker.java:run(316)) - 11b96894-e5c9-4f16-b69e-d41085948f59@group-B8C6BF21D8AE-SegmentedRaftLogWorker was interrupted, exiting. There are 0 tasks remaining in the queue.
2019-11-14 07:28:12,768 [grpc-default-executor-0] INFO  segmented.SegmentedRaftLogWorker (SegmentedRaftLogWorker.java:close(224)) - 11b96894-e5c9-4f16-b69e-d41085948f59@group-B8C6BF21D8AE-SegmentedRaftLogWorker close()
2019-11-14 07:28:12,785 [grpc-default-executor-0] INFO  impl.RaftServerProxy (RaftServerProxy.java:remove(95)) - a055a1b9-25b3-4fc2-bbfd-9b68c6048d26: remove  FOLLOWER a055a1b9-25b3-4fc2-bbfd-9b68c6048d26@group-B8C6BF21D8AE:t0, leader=null, voted=null, raftlog=a055a1b9-25b3-4fc2-bbfd-9b68c6048d26@group-B8C6BF21D8AE-SegmentedRaftLog:OPENED:c-1,f-1,i0, conf=-1: [a055a1b9-25b3-4fc2-bbfd-9b68c6048d26:192.168.157.220:32830, f801ea35-1a8a-4ca1-9f8b-520ebd42f3c5:192.168.157.220:34472, 11b96894-e5c9-4f16-b69e-d41085948f59:192.168.157.220:37422], old=null RUNNING
2019-11-14 07:28:12,786 [grpc-default-executor-0] INFO  impl.RaftServerImpl (RaftServerImpl.java:lambda$shutdown$3(250)) - a055a1b9-25b3-4fc2-bbfd-9b68c6048d26@group-B8C6BF21D8AE: shutdown
2019-11-14 07:28:12,786 [grpc-default-executor-0] INFO  util.JmxRegister (JmxRegister.java:unregister(73)) - Successfully un-registered JMX Bean with object name Ratis:service=RaftServer,group=group-B8C6BF21D8AE,id=a055a1b9-25b3-4fc2-bbfd-9b68c6048d26
2019-11-14 07:28:12,786 [grpc-default-executor-0] INFO  impl.RoleInfo (RoleInfo.java:shutdownFollowerState(121)) - a055a1b9-25b3-4fc2-bbfd-9b68c6048d26: shutdown FollowerState
2019-11-14 07:28:12,786 [grpc-default-executor-0] INFO  impl.StateMachineUpdater (StateMachineUpdater.java:stopAndJoin(136)) - a055a1b9-25b3-4fc2-bbfd-9b68c6048d26@group-B8C6BF21D8AE-StateMachineUpdater: set stopIndex = -1
2019-11-14 07:28:12,786 [Thread-194] INFO  impl.FollowerState (FollowerState.java:run(120)) - a055a1b9-25b3-4fc2-bbfd-9b68c6048d26@group-B8C6BF21D8AE-FollowerState was interrupted: java.lang.InterruptedException: sleep interrupted
2019-11-14 07:28:12,787 [grpc-default-executor-0] INFO  impl.RaftServerImpl (ServerState.java:close(387)) - a055a1b9-25b3-4fc2-bbfd-9b68c6048d26@group-B8C6BF21D8AE: closes. applyIndex: -1
2019-11-14 07:28:12,788 [a055a1b9-25b3-4fc2-bbfd-9b68c6048d26@group-B8C6BF21D8AE-SegmentedRaftLogWorker] INFO  segmented.SegmentedRaftLogWorker (SegmentedRaftLogWorker.java:run(316)) - a055a1b9-25b3-4fc2-bbfd-9b68c6048d26@group-B8C6BF21D8AE-SegmentedRaftLogWorker was interrupted, exiting. There are 0 tasks remaining in the queue.
2019-11-14 07:28:12,788 [grpc-default-executor-0] INFO  segmented.SegmentedRaftLogWorker (SegmentedRaftLogWorker.java:close(224)) - a055a1b9-25b3-4fc2-bbfd-9b68c6048d26@group-B8C6BF21D8AE-SegmentedRaftLogWorker close()
2019-11-14 07:28:12,806 [grpc-default-executor-0] INFO  impl.RaftServerProxy (RaftServerProxy.java:remove(95)) - f801ea35-1a8a-4ca1-9f8b-520ebd42f3c5: remove  FOLLOWER f801ea35-1a8a-4ca1-9f8b-520ebd42f3c5@group-B8C6BF21D8AE:t0, leader=null, voted=null, raftlog=f801ea35-1a8a-4ca1-9f8b-520ebd42f3c5@group-B8C6BF21D8AE-SegmentedRaftLog:OPENED:c-1,f-1,i0, conf=-1: [a055a1b9-25b3-4fc2-bbfd-9b68c6048d26:192.168.157.220:32830, f801ea35-1a8a-4ca1-9f8b-520ebd42f3c5:192.168.157.220:34472, 11b96894-e5c9-4f16-b69e-d41085948f59:192.168.157.220:37422], old=null RUNNING
2019-11-14 07:28:12,806 [grpc-default-executor-0] INFO  impl.RaftServerImpl (RaftServerImpl.java:lambda$shutdown$3(250)) - f801ea35-1a8a-4ca1-9f8b-520ebd42f3c5@group-B8C6BF21D8AE: shutdown
2019-11-14 07:28:12,806 [grpc-default-executor-0] INFO  util.JmxRegister (JmxRegister.java:unregister(73)) - Successfully un-registered JMX Bean with object name Ratis:service=RaftServer,group=group-B8C6BF21D8AE,id=f801ea35-1a8a-4ca1-9f8b-520ebd42f3c5
2019-11-14 07:28:12,806 [grpc-default-executor-0] INFO  impl.RoleInfo (RoleInfo.java:shutdownFollowerState(121)) - f801ea35-1a8a-4ca1-9f8b-520ebd42f3c5: shutdown FollowerState
2019-11-14 07:28:12,806 [grpc-default-executor-0] INFO  impl.StateMachineUpdater (StateMachineUpdater.java:stopAndJoin(136)) - f801ea35-1a8a-4ca1-9f8b-520ebd42f3c5@group-B8C6BF21D8AE-StateMachineUpdater: set stopIndex = -1
2019-11-14 07:28:12,806 [Thread-193] INFO  impl.FollowerState (FollowerState.java:run(120)) - f801ea35-1a8a-4ca1-9f8b-520ebd42f3c5@group-B8C6BF21D8AE-FollowerState was interrupted: java.lang.InterruptedException: sleep interrupted
2019-11-14 07:28:12,807 [grpc-default-executor-0] INFO  impl.RaftServerImpl (ServerState.java:close(387)) - f801ea35-1a8a-4ca1-9f8b-520ebd42f3c5@group-B8C6BF21D8AE: closes. applyIndex: -1
2019-11-14 07:28:12,808 [f801ea35-1a8a-4ca1-9f8b-520ebd42f3c5@group-B8C6BF21D8AE-SegmentedRaftLogWorker] INFO  segmented.SegmentedRaftLogWorker (SegmentedRaftLogWorker.java:run(316)) - f801ea35-1a8a-4ca1-9f8b-520ebd42f3c5@group-B8C6BF21D8AE-SegmentedRaftLogWorker was interrupted, exiting. There are 0 tasks remaining in the queue.
2019-11-14 07:28:12,808 [grpc-default-executor-0] INFO  segmented.SegmentedRaftLogWorker (SegmentedRaftLogWorker.java:close(224)) - f801ea35-1a8a-4ca1-9f8b-520ebd42f3c5@group-B8C6BF21D8AE-SegmentedRaftLogWorker close()
2019-11-14 07:28:12,815 [Thread-178] INFO  pipeline.PipelineStateManager (PipelineStateManager.java:removePipeline(106)) - Pipeline Pipeline[ Id: 58101d57-9ec0-4e59-8269-b8c6bf21d8ae, Nodes: 11b96894-e5c9-4f16-b69e-d41085948f59{ip: 192.168.157.220, host: pr-hdds-2473-master-5lfk4-2089843416, networkLocation: /default-rack, certSerialId: null}a055a1b9-25b3-4fc2-bbfd-9b68c6048d26{ip: 192.168.157.220, host: pr-hdds-2473-master-5lfk4-2089843416, networkLocation: /default-rack, certSerialId: null}f801ea35-1a8a-4ca1-9f8b-520ebd42f3c5{ip: 192.168.157.220, host: pr-hdds-2473-master-5lfk4-2089843416, networkLocation: /default-rack, certSerialId: null}, Type:RATIS, Factor:THREE, State:CLOSED] removed from db
2019-11-14 07:28:12,832 [grpc-default-executor-2] INFO  impl.RaftServerProxy (RaftServerProxy.java:addNew(89)) - f801ea35-1a8a-4ca1-9f8b-520ebd42f3c5: addNew group-ED84B3122BE0:[a055a1b9-25b3-4fc2-bbfd-9b68c6048d26:192.168.157.220:32830, f801ea35-1a8a-4ca1-9f8b-520ebd42f3c5:192.168.157.220:34472, 11b96894-e5c9-4f16-b69e-d41085948f59:192.168.157.220:37422] returns group-ED84B3122BE0:java.util.concurrent.CompletableFuture@55fd976e[Not completed]
2019-11-14 07:28:12,832 [grpc-default-executor-0] INFO  impl.RaftServerProxy (RaftServerProxy.java:addNew(89)) - 11b96894-e5c9-4f16-b69e-d41085948f59: addNew group-ED84B3122BE0:[a055a1b9-25b3-4fc2-bbfd-9b68c6048d26:192.168.157.220:32830, f801ea35-1a8a-4ca1-9f8b-520ebd42f3c5:192.168.157.220:34472, 11b96894-e5c9-4f16-b69e-d41085948f59:192.168.157.220:37422] returns group-ED84B3122BE0:java.util.concurrent.CompletableFuture@7bac3c0c[Not completed]
2019-11-14 07:28:12,834 [grpc-default-executor-1] INFO  impl.RaftServerProxy (RaftServerProxy.java:addNew(89)) - a055a1b9-25b3-4fc2-bbfd-9b68c6048d26: addNew group-ED84B3122BE0:[a055a1b9-25b3-4fc2-bbfd-9b68c6048d26:192.168.157.220:32830, f801ea35-1a8a-4ca1-9f8b-520ebd42f3c5:192.168.157.220:34472, 11b96894-e5c9-4f16-b69e-d41085948f59:192.168.157.220:37422] returns group-ED84B3122BE0:java.util.concurrent.CompletableFuture@7782b44f[Not completed]
2019-11-14 07:28:12,836 [pool-47-thread-1] INFO  impl.RaftServerImpl (RaftServerImpl.java:<init>(98)) - 11b96894-e5c9-4f16-b69e-d41085948f59: new RaftServerImpl for group-ED84B3122BE0:[a055a1b9-25b3-4fc2-bbfd-9b68c6048d26:192.168.157.220:32830, f801ea35-1a8a-4ca1-9f8b-520ebd42f3c5:192.168.157.220:34472, 11b96894-e5c9-4f16-b69e-d41085948f59:192.168.157.220:37422] with ContainerStateMachine:uninitialized
2019-11-14 07:28:12,836 [pool-47-thread-1] INFO  server.RaftServerConfigKeys (ConfUtils.java:logGet(43)) - raft.server.rpc.timeout.min = 5s (custom)
2019-11-14 07:28:12,836 [pool-47-thread-1] INFO  server.RaftServerConfigKeys (ConfUtils.java:logGet(43)) - raft.server.rpc.timeout.max = 5200ms (custom)
2019-11-14 07:28:12,836 [pool-47-thread-1] INFO  server.RaftServerConfigKeys (ConfUtils.java:logGet(43)) - raft.server.rpcslowness.timeout = 120s (custom)
2019-11-14 07:28:12,836 [pool-47-thread-1] INFO  server.RaftServerConfigKeys (ConfUtils.java:logGet(43)) - raft.server.sleep.deviation.threshold = 300 (default)
2019-11-14 07:28:12,836 [pool-47-thread-1] INFO  server.RaftServerConfigKeys (ConfUtils.java:logGet(43)) - raft.server.log.appender.install.snapshot.enabled = false (custom)
2019-11-14 07:28:12,836 [pool-27-thread-1] INFO  impl.RaftServerImpl (RaftServerImpl.java:<init>(98)) - a055a1b9-25b3-4fc2-bbfd-9b68c6048d26: new RaftServerImpl for group-ED84B3122BE0:[a055a1b9-25b3-4fc2-bbfd-9b68c6048d26:192.168.157.220:32830, f801ea35-1a8a-4ca1-9f8b-520ebd42f3c5:192.168.157.220:34472, 11b96894-e5c9-4f16-b69e-d41085948f59:192.168.157.220:37422] with ContainerStateMachine:uninitialized
2019-11-14 07:28:12,836 [pool-47-thread-1] INFO  impl.RaftServerImpl (ServerState.java:<init>(103)) - 11b96894-e5c9-4f16-b69e-d41085948f59@group-ED84B3122BE0: ConfigurationManager, init=-1: [a055a1b9-25b3-4fc2-bbfd-9b68c6048d26:192.168.157.220:32830, f801ea35-1a8a-4ca1-9f8b-520ebd42f3c5:192.168.157.220:34472, 11b96894-e5c9-4f16-b69e-d41085948f59:192.168.157.220:37422], old=null, confs=<EMPTY_MAP>
2019-11-14 07:28:12,836 [pool-27-thread-1] INFO  server.RaftServerConfigKeys (ConfUtils.java:logGet(43)) - raft.server.rpc.timeout.min = 5s (custom)
2019-11-14 07:28:12,836 [pool-47-thread-1] INFO  server.RaftServerConfigKeys (ConfUtils.java:logGet(43)) - raft.server.storage.dir = [/workdir/hadoop-ozone/tools/target/test-dir/MiniOzoneClusterImpl-8172989c-4da0-4083-a6db-55a067c25ea9/datanode-2/data/ratis] (custom)
2019-11-14 07:28:12,836 [pool-27-thread-1] INFO  server.RaftServerConfigKeys (ConfUtils.java:logGet(43)) - raft.server.rpc.timeout.max = 5200ms (custom)
2019-11-14 07:28:12,837 [pool-27-thread-1] INFO  server.RaftServerConfigKeys (ConfUtils.java:logGet(43)) - raft.server.rpcslowness.timeout = 120s (custom)
2019-11-14 07:28:12,837 [pool-47-thread-1] INFO  server.RaftServerConfigKeys (ConfUtils.java:logGet(43)) - raft.server.log.corruption.policy = EXCEPTION (default)
2019-11-14 07:28:12,837 [pool-27-thread-1] INFO  server.RaftServerConfigKeys (ConfUtils.java:logGet(43)) - raft.server.sleep.deviation.threshold = 300 (default)
2019-11-14 07:28:12,837 [pool-27-thread-1] INFO  server.RaftServerConfigKeys (ConfUtils.java:logGet(43)) - raft.server.log.appender.install.snapshot.enabled = false (custom)
2019-11-14 07:28:12,837 [pool-47-thread-1] INFO  storage.RaftStorageDirectory (RaftStorageDirectory.java:analyzeStorage(246)) - The storage directory /workdir/hadoop-ozone/tools/target/test-dir/MiniOzoneClusterImpl-8172989c-4da0-4083-a6db-55a067c25ea9/datanode-2/data/ratis/aa2f7ac6-1375-42f7-9519-ed84b3122be0 does not exist. Creating ...
2019-11-14 07:28:12,837 [pool-27-thread-1] INFO  impl.RaftServerImpl (ServerState.java:<init>(103)) - a055a1b9-25b3-4fc2-bbfd-9b68c6048d26@group-ED84B3122BE0: ConfigurationManager, init=-1: [a055a1b9-25b3-4fc2-bbfd-9b68c6048d26:192.168.157.220:32830, f801ea35-1a8a-4ca1-9f8b-520ebd42f3c5:192.168.157.220:34472, 11b96894-e5c9-4f16-b69e-d41085948f59:192.168.157.220:37422], old=null, confs=<EMPTY_MAP>
2019-11-14 07:28:12,837 [pool-37-thread-1] INFO  impl.RaftServerImpl (RaftServerImpl.java:<init>(98)) - f801ea35-1a8a-4ca1-9f8b-520ebd42f3c5: new RaftServerImpl for group-ED84B3122BE0:[a055a1b9-25b3-4fc2-bbfd-9b68c6048d26:192.168.157.220:32830, f801ea35-1a8a-4ca1-9f8b-520ebd42f3c5:192.168.157.220:34472, 11b96894-e5c9-4f16-b69e-d41085948f59:192.168.157.220:37422] with ContainerStateMachine:uninitialized
2019-11-14 07:28:12,837 [pool-27-thread-1] INFO  server.RaftServerConfigKeys (ConfUtils.java:logGet(43)) - raft.server.storage.dir = [/workdir/hadoop-ozone/tools/target/test-dir/MiniOzoneClusterImpl-8172989c-4da0-4083-a6db-55a067c25ea9/datanode-0/data/ratis] (custom)
2019-11-14 07:28:12,837 [pool-37-thread-1] INFO  server.RaftServerConfigKeys (ConfUtils.java:logGet(43)) - raft.server.rpc.timeout.min = 5s (custom)
2019-11-14 07:28:12,837 [pool-27-thread-1] INFO  server.RaftServerConfigKeys (ConfUtils.java:logGet(43)) - raft.server.log.corruption.policy = EXCEPTION (default)
2019-11-14 07:28:12,837 [pool-37-thread-1] INFO  server.RaftServerConfigKeys (ConfUtils.java:logGet(43)) - raft.server.rpc.timeout.max = 5200ms (custom)
2019-11-14 07:28:12,838 [pool-27-thread-1] INFO  storage.RaftStorageDirectory (RaftStorageDirectory.java:analyzeStorage(246)) - The storage directory /workdir/hadoop-ozone/tools/target/test-dir/MiniOzoneClusterImpl-8172989c-4da0-4083-a6db-55a067c25ea9/datanode-0/data/ratis/aa2f7ac6-1375-42f7-9519-ed84b3122be0 does not exist. Creating ...
2019-11-14 07:28:12,838 [pool-37-thread-1] INFO  server.RaftServerConfigKeys (ConfUtils.java:logGet(43)) - raft.server.rpcslowness.timeout = 120s (custom)
2019-11-14 07:28:12,838 [pool-37-thread-1] INFO  server.RaftServerConfigKeys (ConfUtils.java:logGet(43)) - raft.server.sleep.deviation.threshold = 300 (default)
2019-11-14 07:28:12,838 [pool-37-thread-1] INFO  server.RaftServerConfigKeys (ConfUtils.java:logGet(43)) - raft.server.log.appender.install.snapshot.enabled = false (custom)
2019-11-14 07:28:12,838 [pool-37-thread-1] INFO  impl.RaftServerImpl (ServerState.java:<init>(103)) - f801ea35-1a8a-4ca1-9f8b-520ebd42f3c5@group-ED84B3122BE0: ConfigurationManager, init=-1: [a055a1b9-25b3-4fc2-bbfd-9b68c6048d26:192.168.157.220:32830, f801ea35-1a8a-4ca1-9f8b-520ebd42f3c5:192.168.157.220:34472, 11b96894-e5c9-4f16-b69e-d41085948f59:192.168.157.220:37422], old=null, confs=<EMPTY_MAP>
2019-11-14 07:28:12,838 [pool-37-thread-1] INFO  server.RaftServerConfigKeys (ConfUtils.java:logGet(43)) - raft.server.storage.dir = [/workdir/hadoop-ozone/tools/target/test-dir/MiniOzoneClusterImpl-8172989c-4da0-4083-a6db-55a067c25ea9/datanode-1/data/ratis] (custom)
2019-11-14 07:28:12,839 [pool-37-thread-1] INFO  server.RaftServerConfigKeys (ConfUtils.java:logGet(43)) - raft.server.log.corruption.policy = EXCEPTION (default)
2019-11-14 07:28:12,839 [pool-37-thread-1] INFO  storage.RaftStorageDirectory (RaftStorageDirectory.java:analyzeStorage(246)) - The storage directory /workdir/hadoop-ozone/tools/target/test-dir/MiniOzoneClusterImpl-8172989c-4da0-4083-a6db-55a067c25ea9/datanode-1/data/ratis/aa2f7ac6-1375-42f7-9519-ed84b3122be0 does not exist. Creating ...
2019-11-14 07:28:12,860 [pool-37-thread-1] INFO  storage.RaftStorageDirectory (RaftStorageDirectory.java:tryLock(328)) - Lock on /workdir/hadoop-ozone/tools/target/test-dir/MiniOzoneClusterImpl-8172989c-4da0-4083-a6db-55a067c25ea9/datanode-1/data/ratis/aa2f7ac6-1375-42f7-9519-ed84b3122be0/in_use.lock acquired by nodename 13428@pr-hdds-2473-master-5lfk4-2089843416
2019-11-14 07:28:12,860 [pool-47-thread-1] INFO  storage.RaftStorageDirectory (RaftStorageDirectory.java:tryLock(328)) - Lock on /workdir/hadoop-ozone/tools/target/test-dir/MiniOzoneClusterImpl-8172989c-4da0-4083-a6db-55a067c25ea9/datanode-2/data/ratis/aa2f7ac6-1375-42f7-9519-ed84b3122be0/in_use.lock acquired by nodename 13428@pr-hdds-2473-master-5lfk4-2089843416
2019-11-14 07:28:12,860 [pool-27-thread-1] INFO  storage.RaftStorageDirectory (RaftStorageDirectory.java:tryLock(328)) - Lock on /workdir/hadoop-ozone/tools/target/test-dir/MiniOzoneClusterImpl-8172989c-4da0-4083-a6db-55a067c25ea9/datanode-0/data/ratis/aa2f7ac6-1375-42f7-9519-ed84b3122be0/in_use.lock acquired by nodename 13428@pr-hdds-2473-master-5lfk4-2089843416
2019-11-14 07:28:12,885 [pool-37-thread-1] INFO  storage.RaftStorage (RaftStorage.java:format(84)) - Storage directory /workdir/hadoop-ozone/tools/target/test-dir/MiniOzoneClusterImpl-8172989c-4da0-4083-a6db-55a067c25ea9/datanode-1/data/ratis/aa2f7ac6-1375-42f7-9519-ed84b3122be0 has been successfully formatted.
2019-11-14 07:28:12,885 [pool-47-thread-1] INFO  storage.RaftStorage (RaftStorage.java:format(84)) - Storage directory /workdir/hadoop-ozone/tools/target/test-dir/MiniOzoneClusterImpl-8172989c-4da0-4083-a6db-55a067c25ea9/datanode-2/data/ratis/aa2f7ac6-1375-42f7-9519-ed84b3122be0 has been successfully formatted.
2019-11-14 07:28:12,885 [pool-27-thread-1] INFO  storage.RaftStorage (RaftStorage.java:format(84)) - Storage directory /workdir/hadoop-ozone/tools/target/test-dir/MiniOzoneClusterImpl-8172989c-4da0-4083-a6db-55a067c25ea9/datanode-0/data/ratis/aa2f7ac6-1375-42f7-9519-ed84b3122be0 has been successfully formatted.
2019-11-14 07:28:12,886 [pool-37-thread-1] INFO  ratis.ContainerStateMachine (ContainerStateMachine.java:loadSnapshot(223)) - group-ED84B3122BE0: The snapshot info is null. Setting the last applied indexto:(t:0, i:~)
2019-11-14 07:28:12,886 [pool-47-thread-1] INFO  ratis.ContainerStateMachine (ContainerStateMachine.java:loadSnapshot(223)) - group-ED84B3122BE0: The snapshot info is null. Setting the last applied indexto:(t:0, i:~)
2019-11-14 07:28:12,886 [pool-27-thread-1] INFO  ratis.ContainerStateMachine (ContainerStateMachine.java:loadSnapshot(223)) - group-ED84B3122BE0: The snapshot info is null. Setting the last applied indexto:(t:0, i:~)
2019-11-14 07:28:12,886 [pool-37-thread-1] INFO  server.RaftServerConfigKeys (ConfUtils.java:logGet(43)) - raft.server.notification.no-leader.timeout = 120s (custom)
2019-11-14 07:28:12,886 [pool-27-thread-1] INFO  server.RaftServerConfigKeys (ConfUtils.java:logGet(43)) - raft.server.notification.no-leader.timeout = 120s (custom)
2019-11-14 07:28:12,886 [pool-47-thread-1] INFO  server.RaftServerConfigKeys (ConfUtils.java:logGet(43)) - raft.server.notification.no-leader.timeout = 120s (custom)
2019-11-14 07:28:12,887 [pool-27-thread-1] INFO  server.RaftServerConfigKeys (ConfUtils.java:logGet(43)) - raft.server.log.use.memory = false (default)
2019-11-14 07:28:12,886 [pool-37-thread-1] INFO  server.RaftServerConfigKeys (ConfUtils.java:logGet(43)) - raft.server.log.use.memory = false (default)
2019-11-14 07:28:12,887 [pool-27-thread-1] INFO  server.RaftServerConfigKeys (ConfUtils.java:logGet(43)) - raft.server.log.purge.gap = 1000000 (custom)
2019-11-14 07:28:12,887 [pool-47-thread-1] INFO  server.RaftServerConfigKeys (ConfUtils.java:logGet(43)) - raft.server.log.use.memory = false (default)
2019-11-14 07:28:12,887 [pool-27-thread-1] INFO  server.RaftServerConfigKeys (ConfUtils.java:logGet(43)) - raft.server.log.appender.buffer.byte-limit = 33554432 (custom)
2019-11-14 07:28:12,887 [pool-37-thread-1] INFO  server.RaftServerConfigKeys (ConfUtils.java:logGet(43)) - raft.server.log.purge.gap = 1000000 (custom)
2019-11-14 07:28:12,887 [pool-27-thread-1] INFO  server.RaftServerConfigKeys (ConfUtils.java:logGet(43)) - raft.server.log.segment.size.max = 1048576 (custom)
2019-11-14 07:28:12,887 [pool-47-thread-1] INFO  server.RaftServerConfigKeys (ConfUtils.java:logGet(43)) - raft.server.log.purge.gap = 1000000 (custom)
2019-11-14 07:28:12,888 [pool-27-thread-1] INFO  server.RaftServerConfigKeys (ConfUtils.java:logGet(43)) - raft.server.log.segment.cache.num.max = 2 (custom)
2019-11-14 07:28:12,887 [pool-37-thread-1] INFO  server.RaftServerConfigKeys (ConfUtils.java:logGet(43)) - raft.server.log.appender.buffer.byte-limit = 33554432 (custom)
2019-11-14 07:28:12,888 [pool-27-thread-1] INFO  segmented.SegmentedRaftLogWorker (SegmentedRaftLogWorker.java:<init>(173)) - new a055a1b9-25b3-4fc2-bbfd-9b68c6048d26@group-ED84B3122BE0-SegmentedRaftLogWorker for RaftStorage:Storage Directory /workdir/hadoop-ozone/tools/target/test-dir/MiniOzoneClusterImpl-8172989c-4da0-4083-a6db-55a067c25ea9/datanode-0/data/ratis/aa2f7ac6-1375-42f7-9519-ed84b3122be0
2019-11-14 07:28:12,888 [pool-47-thread-1] INFO  server.RaftServerConfigKeys (ConfUtils.java:logGet(43)) - raft.server.log.appender.buffer.byte-limit = 33554432 (custom)
2019-11-14 07:28:12,888 [pool-27-thread-1] INFO  server.RaftServerConfigKeys (ConfUtils.java:logGet(43)) - raft.server.log.queue.byte-limit = 2147483647 (custom)
2019-11-14 07:28:12,888 [pool-37-thread-1] INFO  server.RaftServerConfigKeys (ConfUtils.java:logGet(43)) - raft.server.log.segment.size.max = 1048576 (custom)
2019-11-14 07:28:12,888 [pool-27-thread-1] INFO  server.RaftServerConfigKeys (ConfUtils.java:logGet(43)) - raft.server.log.queue.element-limit = 1024 (custom)
2019-11-14 07:28:12,888 [pool-47-thread-1] INFO  server.RaftServerConfigKeys (ConfUtils.java:logGet(43)) - raft.server.log.segment.size.max = 1048576 (custom)
2019-11-14 07:28:12,889 [pool-27-thread-1] INFO  server.RaftServerConfigKeys (ConfUtils.java:logGet(43)) - raft.server.log.segment.size.max = 1048576 (custom)
2019-11-14 07:28:12,889 [pool-37-thread-1] INFO  server.RaftServerConfigKeys (ConfUtils.java:logGet(43)) - raft.server.log.segment.cache.num.max = 2 (custom)
2019-11-14 07:28:12,889 [pool-27-thread-1] INFO  server.RaftServerConfigKeys (ConfUtils.java:logGet(43)) - raft.server.log.preallocated.size = 16384 (custom)
2019-11-14 07:28:12,889 [pool-47-thread-1] INFO  server.RaftServerConfigKeys (ConfUtils.java:logGet(43)) - raft.server.log.segment.cache.num.max = 2 (custom)
2019-11-14 07:28:12,889 [pool-27-thread-1] INFO  server.RaftServerConfigKeys (ConfUtils.java:logGet(43)) - raft.server.log.write.buffer.size = 33554432 (custom)
2019-11-14 07:28:12,889 [pool-37-thread-1] INFO  segmented.SegmentedRaftLogWorker (SegmentedRaftLogWorker.java:<init>(173)) - new f801ea35-1a8a-4ca1-9f8b-520ebd42f3c5@group-ED84B3122BE0-SegmentedRaftLogWorker for RaftStorage:Storage Directory /workdir/hadoop-ozone/tools/target/test-dir/MiniOzoneClusterImpl-8172989c-4da0-4083-a6db-55a067c25ea9/datanode-1/data/ratis/aa2f7ac6-1375-42f7-9519-ed84b3122be0
2019-11-14 07:28:12,890 [pool-27-thread-1] INFO  server.RaftServerConfigKeys (ConfUtils.java:logGet(43)) - raft.server.log.force.sync.num = 128 (default)
2019-11-14 07:28:12,889 [pool-47-thread-1] INFO  segmented.SegmentedRaftLogWorker (SegmentedRaftLogWorker.java:<init>(173)) - new 11b96894-e5c9-4f16-b69e-d41085948f59@group-ED84B3122BE0-SegmentedRaftLogWorker for RaftStorage:Storage Directory /workdir/hadoop-ozone/tools/target/test-dir/MiniOzoneClusterImpl-8172989c-4da0-4083-a6db-55a067c25ea9/datanode-2/data/ratis/aa2f7ac6-1375-42f7-9519-ed84b3122be0
2019-11-14 07:28:12,890 [pool-27-thread-1] INFO  server.RaftServerConfigKeys (ConfUtils.java:logGet(43)) - raft.server.log.statemachine.data.sync = true (default)
2019-11-14 07:28:12,890 [pool-37-thread-1] INFO  server.RaftServerConfigKeys (ConfUtils.java:logGet(43)) - raft.server.log.queue.byte-limit = 2147483647 (custom)
2019-11-14 07:28:12,890 [pool-27-thread-1] INFO  server.RaftServerConfigKeys (ConfUtils.java:logGet(43)) - raft.server.log.statemachine.data.sync.timeout = 10s (default)
2019-11-14 07:28:12,890 [pool-47-thread-1] INFO  server.RaftServerConfigKeys (ConfUtils.java:logGet(43)) - raft.server.log.queue.byte-limit = 2147483647 (custom)
2019-11-14 07:28:12,890 [pool-27-thread-1] INFO  server.RaftServerConfigKeys (ConfUtils.java:logGet(43)) - raft.server.log.statemachine.data.sync.timeout.retry = -1 (default)
2019-11-14 07:28:12,890 [pool-37-thread-1] INFO  server.RaftServerConfigKeys (ConfUtils.java:logGet(43)) - raft.server.log.queue.element-limit = 1024 (custom)
2019-11-14 07:28:12,891 [pool-47-thread-1] INFO  server.RaftServerConfigKeys (ConfUtils.java:logGet(43)) - raft.server.log.queue.element-limit = 1024 (custom)
2019-11-14 07:28:12,891 [pool-27-thread-1] INFO  server.RaftServerConfigKeys (ConfUtils.java:logGet(43)) - raft.server.log.statemachine.data.caching.enabled = true (custom)
2019-11-14 07:28:12,891 [pool-37-thread-1] INFO  server.RaftServerConfigKeys (ConfUtils.java:logGet(43)) - raft.server.log.segment.size.max = 1048576 (custom)
2019-11-14 07:28:12,891 [pool-47-thread-1] INFO  server.RaftServerConfigKeys (ConfUtils.java:logGet(43)) - raft.server.log.segment.size.max = 1048576 (custom)
2019-11-14 07:28:12,891 [pool-37-thread-1] INFO  server.RaftServerConfigKeys (ConfUtils.java:logGet(43)) - raft.server.log.preallocated.size = 16384 (custom)
2019-11-14 07:28:12,891 [pool-27-thread-1] INFO  segmented.SegmentedRaftLogWorker (SegmentedRaftLogWorker.java:lambda$new$0(128)) - a055a1b9-25b3-4fc2-bbfd-9b68c6048d26@group-ED84B3122BE0-SegmentedRaftLogWorker: flushIndex: setUnconditionally 0 -> -1
2019-11-14 07:28:12,891 [pool-47-thread-1] INFO  server.RaftServerConfigKeys (ConfUtils.java:logGet(43)) - raft.server.log.preallocated.size = 16384 (custom)
2019-11-14 07:28:12,891 [pool-37-thread-1] INFO  server.RaftServerConfigKeys (ConfUtils.java:logGet(43)) - raft.server.log.write.buffer.size = 33554432 (custom)
2019-11-14 07:28:12,892 [pool-27-thread-1] INFO  server.RaftServerConfigKeys (ConfUtils.java:logGet(43)) - raft.server.snapshot.auto.trigger.enabled = true (custom)
2019-11-14 07:28:12,892 [pool-47-thread-1] INFO  server.RaftServerConfigKeys (ConfUtils.java:logGet(43)) - raft.server.log.write.buffer.size = 33554432 (custom)
2019-11-14 07:28:12,892 [pool-27-thread-1] INFO  server.RaftServerConfigKeys (ConfUtils.java:logGet(43)) - raft.server.snapshot.auto.trigger.threshold = 10000 (custom)
2019-11-14 07:28:12,892 [pool-37-thread-1] INFO  server.RaftServerConfigKeys (ConfUtils.java:logGet(43)) - raft.server.log.force.sync.num = 128 (default)
2019-11-14 07:28:12,892 [pool-27-thread-1] INFO  server.RaftServerConfigKeys (ConfUtils.java:logGet(43)) - raft.server.snapshot.retention.file.num = 5 (custom)
2019-11-14 07:28:12,892 [pool-47-thread-1] INFO  server.RaftServerConfigKeys (ConfUtils.java:logGet(43)) - raft.server.log.force.sync.num = 128 (default)
2019-11-14 07:28:12,893 [pool-27-thread-1] INFO  server.RaftServerConfigKeys (ConfUtils.java:logGet(43)) - raft.server.retrycache.expirytime = 600000ms (custom)
2019-11-14 07:28:12,892 [pool-37-thread-1] INFO  server.RaftServerConfigKeys (ConfUtils.java:logGet(43)) - raft.server.log.statemachine.data.sync = true (default)
2019-11-14 07:28:12,893 [pool-27-thread-1] WARN  impl.MetricRegistriesImpl (MetricRegistriesImpl.java:lambda$create$1(61)) - First MetricRegistry has been created without registering reporters. You may need to call MetricRegistries.global().addReportRegistration(...) before.
2019-11-14 07:28:12,893 [pool-47-thread-1] INFO  server.RaftServerConfigKeys (ConfUtils.java:logGet(43)) - raft.server.log.statemachine.data.sync = true (default)
2019-11-14 07:28:12,893 [pool-27-thread-1] WARN  impl.MetricRegistriesImpl (MetricRegistriesImpl.java:lambda$create$1(61)) - First MetricRegistry has been created without registering reporters. You may need to call MetricRegistries.global().addReportRegistration(...) before.
2019-11-14 07:28:12,893 [pool-37-thread-1] INFO  server.RaftServerConfigKeys (ConfUtils.java:logGet(43)) - raft.server.log.statemachine.data.sync.timeout = 10s (default)
2019-11-14 07:28:12,893 [pool-47-thread-1] INFO  server.RaftServerConfigKeys (ConfUtils.java:logGet(43)) - raft.server.log.statemachine.data.sync.timeout = 10s (default)
2019-11-14 07:28:12,893 [pool-27-thread-1] INFO  impl.RaftServerImpl (RaftServerImpl.java:start(184)) - a055a1b9-25b3-4fc2-bbfd-9b68c6048d26@group-ED84B3122BE0: start as a follower, conf=-1: [a055a1b9-25b3-4fc2-bbfd-9b68c6048d26:192.168.157.220:32830, f801ea35-1a8a-4ca1-9f8b-520ebd42f3c5:192.168.157.220:34472, 11b96894-e5c9-4f16-b69e-d41085948f59:192.168.157.220:37422], old=null
2019-11-14 07:28:12,893 [pool-37-thread-1] INFO  server.RaftServerConfigKeys (ConfUtils.java:logGet(43)) - raft.server.log.statemachine.data.sync.timeout.retry = -1 (default)
2019-11-14 07:28:12,894 [pool-27-thread-1] INFO  impl.RaftServerImpl (RaftServerImpl.java:setRole(173)) - a055a1b9-25b3-4fc2-bbfd-9b68c6048d26@group-ED84B3122BE0: changes role from      null to FOLLOWER at term 0 for startAsFollower
2019-11-14 07:28:12,893 [pool-47-thread-1] INFO  server.RaftServerConfigKeys (ConfUtils.java:logGet(43)) - raft.server.log.statemachine.data.sync.timeout.retry = -1 (default)
2019-11-14 07:28:12,894 [pool-27-thread-1] INFO  impl.RoleInfo (RoleInfo.java:updateAndGet(143)) - a055a1b9-25b3-4fc2-bbfd-9b68c6048d26: start FollowerState
2019-11-14 07:28:12,894 [pool-37-thread-1] INFO  server.RaftServerConfigKeys (ConfUtils.java:logGet(43)) - raft.server.log.statemachine.data.caching.enabled = true (custom)
2019-11-14 07:28:12,894 [pool-47-thread-1] INFO  server.RaftServerConfigKeys (ConfUtils.java:logGet(43)) - raft.server.log.statemachine.data.caching.enabled = true (custom)
2019-11-14 07:28:12,894 [pool-37-thread-1] INFO  segmented.SegmentedRaftLogWorker (SegmentedRaftLogWorker.java:lambda$new$0(128)) - f801ea35-1a8a-4ca1-9f8b-520ebd42f3c5@group-ED84B3122BE0-SegmentedRaftLogWorker: flushIndex: setUnconditionally 0 -> -1
2019-11-14 07:28:12,894 [pool-27-thread-1] INFO  util.JmxRegister (JmxRegister.java:tryRegister(44)) - Successfully registered JMX Bean with object name Ratis:service=RaftServer,group=group-ED84B3122BE0,id=a055a1b9-25b3-4fc2-bbfd-9b68c6048d26
2019-11-14 07:28:12,895 [pool-37-thread-1] INFO  server.RaftServerConfigKeys (ConfUtils.java:logGet(43)) - raft.server.snapshot.auto.trigger.enabled = true (custom)
2019-11-14 07:28:12,895 [pool-47-thread-1] INFO  segmented.SegmentedRaftLogWorker (SegmentedRaftLogWorker.java:lambda$new$0(128)) - 11b96894-e5c9-4f16-b69e-d41085948f59@group-ED84B3122BE0-SegmentedRaftLogWorker: flushIndex: setUnconditionally 0 -> -1
2019-11-14 07:28:12,895 [pool-37-thread-1] INFO  server.RaftServerConfigKeys (ConfUtils.java:logGet(43)) - raft.server.snapshot.auto.trigger.threshold = 10000 (custom)
2019-11-14 07:28:12,895 [pool-27-thread-1] WARN  impl.MetricRegistriesImpl (MetricRegistriesImpl.java:lambda$create$1(61)) - First MetricRegistry has been created without registering reporters. You may need to call MetricRegistries.global().addReportRegistration(...) before.
2019-11-14 07:28:12,895 [pool-47-thread-1] INFO  server.RaftServerConfigKeys (ConfUtils.java:logGet(43)) - raft.server.snapshot.auto.trigger.enabled = true (custom)
2019-11-14 07:28:12,895 [pool-37-thread-1] INFO  server.RaftServerConfigKeys (ConfUtils.java:logGet(43)) - raft.server.snapshot.retention.file.num = 5 (custom)
2019-11-14 07:28:12,896 [pool-47-thread-1] INFO  server.RaftServerConfigKeys (ConfUtils.java:logGet(43)) - raft.server.snapshot.auto.trigger.threshold = 10000 (custom)
2019-11-14 07:28:12,896 [pool-47-thread-1] INFO  server.RaftServerConfigKeys (ConfUtils.java:logGet(43)) - raft.server.snapshot.retention.file.num = 5 (custom)
2019-11-14 07:28:12,896 [pool-37-thread-1] INFO  server.RaftServerConfigKeys (ConfUtils.java:logGet(43)) - raft.server.retrycache.expirytime = 600000ms (custom)
2019-11-14 07:28:12,896 [pool-47-thread-1] INFO  server.RaftServerConfigKeys (ConfUtils.java:logGet(43)) - raft.server.retrycache.expirytime = 600000ms (custom)
2019-11-14 07:28:12,896 [pool-37-thread-1] WARN  impl.MetricRegistriesImpl (MetricRegistriesImpl.java:lambda$create$1(61)) - First MetricRegistry has been created without registering reporters. You may need to call MetricRegistries.global().addReportRegistration(...) before.
2019-11-14 07:28:12,896 [pool-47-thread-1] WARN  impl.MetricRegistriesImpl (MetricRegistriesImpl.java:lambda$create$1(61)) - First MetricRegistry has been created without registering reporters. You may need to call MetricRegistries.global().addReportRegistration(...) before.
2019-11-14 07:28:12,896 [pool-37-thread-1] WARN  impl.MetricRegistriesImpl (MetricRegistriesImpl.java:lambda$create$1(61)) - First MetricRegistry has been created without registering reporters. You may need to call MetricRegistries.global().addReportRegistration(...) before.
2019-11-14 07:28:12,896 [pool-47-thread-1] WARN  impl.MetricRegistriesImpl (MetricRegistriesImpl.java:lambda$create$1(61)) - First MetricRegistry has been created without registering reporters. You may need to call MetricRegistries.global().addReportRegistration(...) before.
2019-11-14 07:28:12,897 [pool-37-thread-1] INFO  impl.RaftServerImpl (RaftServerImpl.java:start(184)) - f801ea35-1a8a-4ca1-9f8b-520ebd42f3c5@group-ED84B3122BE0: start as a follower, conf=-1: [a055a1b9-25b3-4fc2-bbfd-9b68c6048d26:192.168.157.220:32830, f801ea35-1a8a-4ca1-9f8b-520ebd42f3c5:192.168.157.220:34472, 11b96894-e5c9-4f16-b69e-d41085948f59:192.168.157.220:37422], old=null
2019-11-14 07:28:12,897 [pool-37-thread-1] INFO  impl.RaftServerImpl (RaftServerImpl.java:setRole(173)) - f801ea35-1a8a-4ca1-9f8b-520ebd42f3c5@group-ED84B3122BE0: changes role from      null to FOLLOWER at term 0 for startAsFollower
2019-11-14 07:28:12,897 [pool-47-thread-1] INFO  impl.RaftServerImpl (RaftServerImpl.java:start(184)) - 11b96894-e5c9-4f16-b69e-d41085948f59@group-ED84B3122BE0: start as a follower, conf=-1: [a055a1b9-25b3-4fc2-bbfd-9b68c6048d26:192.168.157.220:32830, f801ea35-1a8a-4ca1-9f8b-520ebd42f3c5:192.168.157.220:34472, 11b96894-e5c9-4f16-b69e-d41085948f59:192.168.157.220:37422], old=null
2019-11-14 07:28:12,897 [pool-37-thread-1] INFO  impl.RoleInfo (RoleInfo.java:updateAndGet(143)) - f801ea35-1a8a-4ca1-9f8b-520ebd42f3c5: start FollowerState
2019-11-14 07:28:12,897 [pool-47-thread-1] INFO  impl.RaftServerImpl (RaftServerImpl.java:setRole(173)) - 11b96894-e5c9-4f16-b69e-d41085948f59@group-ED84B3122BE0: changes role from      null to FOLLOWER at term 0 for startAsFollower
2019-11-14 07:28:12,898 [pool-37-thread-1] INFO  util.JmxRegister (JmxRegister.java:tryRegister(44)) - Successfully registered JMX Bean with object name Ratis:service=RaftServer,group=group-ED84B3122BE0,id=f801ea35-1a8a-4ca1-9f8b-520ebd42f3c5
2019-11-14 07:28:12,898 [pool-47-thread-1] INFO  impl.RoleInfo (RoleInfo.java:updateAndGet(143)) - 11b96894-e5c9-4f16-b69e-d41085948f59: start FollowerState
2019-11-14 07:28:12,898 [pool-37-thread-1] WARN  impl.MetricRegistriesImpl (MetricRegistriesImpl.java:lambda$create$1(61)) - First MetricRegistry has been created without registering reporters. You may need to call MetricRegistries.global().addReportRegistration(...) before.
2019-11-14 07:28:12,899 [pool-47-thread-1] INFO  util.JmxRegister (JmxRegister.java:tryRegister(44)) - Successfully registered JMX Bean with object name Ratis:service=RaftServer,group=group-ED84B3122BE0,id=11b96894-e5c9-4f16-b69e-d41085948f59
2019-11-14 07:28:12,899 [pool-47-thread-1] WARN  impl.MetricRegistriesImpl (MetricRegistriesImpl.java:lambda$create$1(61)) - First MetricRegistry has been created without registering reporters. You may need to call MetricRegistries.global().addReportRegistration(...) before.
2019-11-14 07:28:12,905 [RatisPipelineUtilsThread] INFO  pipeline.PipelineStateManager (PipelineStateManager.java:addPipeline(55)) - Created pipeline Pipeline[ Id: aa2f7ac6-1375-42f7-9519-ed84b3122be0, Nodes: 11b96894-e5c9-4f16-b69e-d41085948f59{ip: 192.168.157.220, host: pr-hdds-2473-master-5lfk4-2089843416, networkLocation: /default-rack, certSerialId: null}a055a1b9-25b3-4fc2-bbfd-9b68c6048d26{ip: 192.168.157.220, host: pr-hdds-2473-master-5lfk4-2089843416, networkLocation: /default-rack, certSerialId: null}f801ea35-1a8a-4ca1-9f8b-520ebd42f3c5{ip: 192.168.157.220, host: pr-hdds-2473-master-5lfk4-2089843416, networkLocation: /default-rack, certSerialId: null}, Type:RATIS, Factor:THREE, State:ALLOCATED]
2019-11-14 07:28:13,366 [main] INFO  ozone.MiniOzoneClusterImpl (MiniOzoneClusterImpl.java:lambda$waitForClusterToBeReady$2(163)) - Waiting for 4 number of pipelines out of 4, to report a leader.
2019-11-14 07:28:14,367 [main] INFO  ozone.MiniOzoneClusterImpl (MiniOzoneClusterImpl.java:lambda$waitForClusterToBeReady$2(163)) - Waiting for 4 number of pipelines out of 4, to report a leader.
2019-11-14 07:28:15,367 [main] INFO  ozone.MiniOzoneClusterImpl (MiniOzoneClusterImpl.java:lambda$waitForClusterToBeReady$2(163)) - Waiting for 4 number of pipelines out of 4, to report a leader.
2019-11-14 07:28:16,368 [main] INFO  ozone.MiniOzoneClusterImpl (MiniOzoneClusterImpl.java:lambda$waitForClusterToBeReady$2(163)) - Waiting for 4 number of pipelines out of 4, to report a leader.
2019-11-14 07:28:17,368 [main] INFO  ozone.MiniOzoneClusterImpl (MiniOzoneClusterImpl.java:lambda$waitForClusterToBeReady$2(163)) - Waiting for 4 number of pipelines out of 4, to report a leader.
2019-11-14 07:28:17,587 [Thread-200] INFO  impl.FollowerState (FollowerState.java:run(111)) - a055a1b9-25b3-4fc2-bbfd-9b68c6048d26@group-020265B513CE-FollowerState: change to CANDIDATE, lastRpcTime:5042ms, electionTimeout:5042ms
2019-11-14 07:28:17,591 [Thread-200] INFO  impl.RoleInfo (RoleInfo.java:shutdownFollowerState(121)) - a055a1b9-25b3-4fc2-bbfd-9b68c6048d26: shutdown FollowerState
2019-11-14 07:28:17,591 [Thread-200] INFO  impl.RaftServerImpl (RaftServerImpl.java:setRole(173)) - a055a1b9-25b3-4fc2-bbfd-9b68c6048d26@group-020265B513CE: changes role from  FOLLOWER to CANDIDATE at term 0 for changeToCandidate
2019-11-14 07:28:17,596 [Thread-200] INFO  impl.RoleInfo (RoleInfo.java:updateAndGet(143)) - a055a1b9-25b3-4fc2-bbfd-9b68c6048d26: start LeaderElection
2019-11-14 07:28:17,670 [a055a1b9-25b3-4fc2-bbfd-9b68c6048d26@group-020265B513CE-LeaderElection1] INFO  impl.LeaderElection (LeaderElection.java:askForVotes(178)) - a055a1b9-25b3-4fc2-bbfd-9b68c6048d26@group-020265B513CE-LeaderElection1: begin an election at term 1 for -1: [a055a1b9-25b3-4fc2-bbfd-9b68c6048d26:192.168.157.220:32830], old=null
2019-11-14 07:28:17,672 [a055a1b9-25b3-4fc2-bbfd-9b68c6048d26@group-020265B513CE-LeaderElection1] INFO  impl.RoleInfo (RoleInfo.java:shutdownLeaderElection(134)) - a055a1b9-25b3-4fc2-bbfd-9b68c6048d26: shutdown LeaderElection
2019-11-14 07:28:17,672 [a055a1b9-25b3-4fc2-bbfd-9b68c6048d26@group-020265B513CE-LeaderElection1] INFO  impl.RaftServerImpl (RaftServerImpl.java:setRole(173)) - a055a1b9-25b3-4fc2-bbfd-9b68c6048d26@group-020265B513CE: changes role from CANDIDATE to LEADER at term 1 for changeToLeader
2019-11-14 07:28:17,673 [a055a1b9-25b3-4fc2-bbfd-9b68c6048d26@group-020265B513CE-LeaderElection1] INFO  ratis.XceiverServerRatis (XceiverServerRatis.java:handleLeaderChangedNotification(697)) - Leader change notification received for group: group-020265B513CE with new leaderId: a055a1b9-25b3-4fc2-bbfd-9b68c6048d26
2019-11-14 07:28:17,677 [a055a1b9-25b3-4fc2-bbfd-9b68c6048d26@group-020265B513CE-LeaderElection1] INFO  impl.RaftServerImpl (ServerState.java:setLeader(255)) - a055a1b9-25b3-4fc2-bbfd-9b68c6048d26@group-020265B513CE: change Leader from null to a055a1b9-25b3-4fc2-bbfd-9b68c6048d26 at term 1 for becomeLeader, leader elected after 5133ms
2019-11-14 07:28:17,684 [a055a1b9-25b3-4fc2-bbfd-9b68c6048d26@group-020265B513CE-LeaderElection1] INFO  server.RaftServerConfigKeys (ConfUtils.java:logGet(43)) - raft.server.staging.catchup.gap = 1000 (default)
2019-11-14 07:28:17,684 [a055a1b9-25b3-4fc2-bbfd-9b68c6048d26@group-020265B513CE-LeaderElection1] INFO  server.RaftServerConfigKeys (ConfUtils.java:logGet(43)) - raft.server.rpc.sleep.time = 25ms (default)
2019-11-14 07:28:17,689 [a055a1b9-25b3-4fc2-bbfd-9b68c6048d26@group-020265B513CE-LeaderElection1] INFO  server.RaftServerConfigKeys (ConfUtils.java:logGet(43)) - raft.server.write.element-limit = 4096 (default)
2019-11-14 07:28:17,693 [a055a1b9-25b3-4fc2-bbfd-9b68c6048d26@group-020265B513CE-LeaderElection1] INFO  server.RaftServerConfigKeys (ConfUtils.java:logGet(43)) - raft.server.watch.timeout = 10s (default)
2019-11-14 07:28:17,694 [a055a1b9-25b3-4fc2-bbfd-9b68c6048d26@group-020265B513CE-LeaderElection1] INFO  server.RaftServerConfigKeys (ConfUtils.java:logGet(43)) - raft.server.watch.timeout.denomination = 1s (default)
2019-11-14 07:28:17,695 [a055a1b9-25b3-4fc2-bbfd-9b68c6048d26@group-020265B513CE-LeaderElection1] INFO  server.RaftServerConfigKeys (ConfUtils.java:logGet(43)) - raft.server.watch.element-limit = 65536 (default)
2019-11-14 07:28:17,699 [EventQueue-PipelineReportForPipelineReportHandler] INFO  pipeline.PipelineStateManager (PipelineStateManager.java:openPipeline(134)) - Pipeline Pipeline[ Id: 0818d426-6cc4-4b73-8f49-020265b513ce, Nodes: a055a1b9-25b3-4fc2-bbfd-9b68c6048d26{ip: 192.168.157.220, host: pr-hdds-2473-master-5lfk4-2089843416, networkLocation: /default-rack, certSerialId: null}, Type:RATIS, Factor:ONE, State:OPEN] moved to OPEN state
2019-11-14 07:28:17,705 [a055a1b9-25b3-4fc2-bbfd-9b68c6048d26@group-020265B513CE-LeaderElection1] INFO  impl.RoleInfo (RoleInfo.java:updateAndGet(143)) - a055a1b9-25b3-4fc2-bbfd-9b68c6048d26: start LeaderState
2019-11-14 07:28:17,727 [a055a1b9-25b3-4fc2-bbfd-9b68c6048d26@group-020265B513CE-LeaderElection1] INFO  segmented.SegmentedRaftLogWorker (SegmentedRaftLogWorker.java:startLogSegment(385)) - a055a1b9-25b3-4fc2-bbfd-9b68c6048d26@group-020265B513CE-SegmentedRaftLogWorker: Starting segment from index:0
2019-11-14 07:28:17,739 [a055a1b9-25b3-4fc2-bbfd-9b68c6048d26@group-020265B513CE-LeaderElection1] INFO  impl.RaftServerImpl (ServerState.java:setRaftConf(356)) - a055a1b9-25b3-4fc2-bbfd-9b68c6048d26@group-020265B513CE: set configuration 0: [a055a1b9-25b3-4fc2-bbfd-9b68c6048d26:192.168.157.220:32830], old=null at 0
2019-11-14 07:28:17,787 [Thread-208] INFO  impl.FollowerState (FollowerState.java:run(111)) - 11b96894-e5c9-4f16-b69e-d41085948f59@group-D4FBE0FBBA95-FollowerState: change to CANDIDATE, lastRpcTime:5041ms, electionTimeout:5041ms
2019-11-14 07:28:17,787 [Thread-208] INFO  impl.RoleInfo (RoleInfo.java:shutdownFollowerState(121)) - 11b96894-e5c9-4f16-b69e-d41085948f59: shutdown FollowerState
2019-11-14 07:28:17,788 [Thread-208] INFO  impl.RaftServerImpl (RaftServerImpl.java:setRole(173)) - 11b96894-e5c9-4f16-b69e-d41085948f59@group-D4FBE0FBBA95: changes role from  FOLLOWER to CANDIDATE at term 0 for changeToCandidate
2019-11-14 07:28:17,788 [Thread-208] INFO  impl.RoleInfo (RoleInfo.java:updateAndGet(143)) - 11b96894-e5c9-4f16-b69e-d41085948f59: start LeaderElection
2019-11-14 07:28:17,820 [11b96894-e5c9-4f16-b69e-d41085948f59@group-D4FBE0FBBA95-LeaderElection2] INFO  impl.LeaderElection (LeaderElection.java:askForVotes(178)) - 11b96894-e5c9-4f16-b69e-d41085948f59@group-D4FBE0FBBA95-LeaderElection2: begin an election at term 1 for -1: [11b96894-e5c9-4f16-b69e-d41085948f59:192.168.157.220:37422], old=null
2019-11-14 07:28:17,821 [11b96894-e5c9-4f16-b69e-d41085948f59@group-D4FBE0FBBA95-LeaderElection2] INFO  impl.RoleInfo (RoleInfo.java:shutdownLeaderElection(134)) - 11b96894-e5c9-4f16-b69e-d41085948f59: shutdown LeaderElection
2019-11-14 07:28:17,821 [11b96894-e5c9-4f16-b69e-d41085948f59@group-D4FBE0FBBA95-LeaderElection2] INFO  impl.RaftServerImpl (RaftServerImpl.java:setRole(173)) - 11b96894-e5c9-4f16-b69e-d41085948f59@group-D4FBE0FBBA95: changes role from CANDIDATE to LEADER at term 1 for changeToLeader
2019-11-14 07:28:17,821 [11b96894-e5c9-4f16-b69e-d41085948f59@group-D4FBE0FBBA95-LeaderElection2] INFO  ratis.XceiverServerRatis (XceiverServerRatis.java:handleLeaderChangedNotification(697)) - Leader change notification received for group: group-D4FBE0FBBA95 with new leaderId: 11b96894-e5c9-4f16-b69e-d41085948f59
2019-11-14 07:28:17,822 [11b96894-e5c9-4f16-b69e-d41085948f59@group-D4FBE0FBBA95-LeaderElection2] INFO  impl.RaftServerImpl (ServerState.java:setLeader(255)) - 11b96894-e5c9-4f16-b69e-d41085948f59@group-D4FBE0FBBA95: change Leader from null to 11b96894-e5c9-4f16-b69e-d41085948f59 at term 1 for becomeLeader, leader elected after 5080ms
2019-11-14 07:28:17,822 [11b96894-e5c9-4f16-b69e-d41085948f59@group-D4FBE0FBBA95-LeaderElection2] INFO  server.RaftServerConfigKeys (ConfUtils.java:logGet(43)) - raft.server.staging.catchup.gap = 1000 (default)
2019-11-14 07:28:17,822 [11b96894-e5c9-4f16-b69e-d41085948f59@group-D4FBE0FBBA95-LeaderElection2] INFO  server.RaftServerConfigKeys (ConfUtils.java:logGet(43)) - raft.server.rpc.sleep.time = 25ms (default)
2019-11-14 07:28:17,823 [11b96894-e5c9-4f16-b69e-d41085948f59@group-D4FBE0FBBA95-LeaderElection2] INFO  server.RaftServerConfigKeys (ConfUtils.java:logGet(43)) - raft.server.write.element-limit = 4096 (default)
2019-11-14 07:28:17,824 [11b96894-e5c9-4f16-b69e-d41085948f59@group-D4FBE0FBBA95-LeaderElection2] INFO  server.RaftServerConfigKeys (ConfUtils.java:logGet(43)) - raft.server.watch.timeout = 10s (default)
2019-11-14 07:28:17,824 [11b96894-e5c9-4f16-b69e-d41085948f59@group-D4FBE0FBBA95-LeaderElection2] INFO  server.RaftServerConfigKeys (ConfUtils.java:logGet(43)) - raft.server.watch.timeout.denomination = 1s (default)
2019-11-14 07:28:17,824 [11b96894-e5c9-4f16-b69e-d41085948f59@group-D4FBE0FBBA95-LeaderElection2] INFO  server.RaftServerConfigKeys (ConfUtils.java:logGet(43)) - raft.server.watch.element-limit = 65536 (default)
2019-11-14 07:28:17,824 [11b96894-e5c9-4f16-b69e-d41085948f59@group-D4FBE0FBBA95-LeaderElection2] INFO  impl.RoleInfo (RoleInfo.java:updateAndGet(143)) - 11b96894-e5c9-4f16-b69e-d41085948f59: start LeaderState
2019-11-14 07:28:17,825 [11b96894-e5c9-4f16-b69e-d41085948f59@group-D4FBE0FBBA95-LeaderElection2] INFO  segmented.SegmentedRaftLogWorker (SegmentedRaftLogWorker.java:startLogSegment(385)) - 11b96894-e5c9-4f16-b69e-d41085948f59@group-D4FBE0FBBA95-SegmentedRaftLogWorker: Starting segment from index:0
2019-11-14 07:28:17,825 [EventQueue-PipelineReportForPipelineReportHandler] INFO  pipeline.PipelineStateManager (PipelineStateManager.java:openPipeline(134)) - Pipeline Pipeline[ Id: 103fa746-5e67-43cd-a360-d4fbe0fbba95, Nodes: 11b96894-e5c9-4f16-b69e-d41085948f59{ip: 192.168.157.220, host: pr-hdds-2473-master-5lfk4-2089843416, networkLocation: /default-rack, certSerialId: null}, Type:RATIS, Factor:ONE, State:OPEN] moved to OPEN state
2019-11-14 07:28:17,826 [11b96894-e5c9-4f16-b69e-d41085948f59@group-D4FBE0FBBA95-LeaderElection2] INFO  impl.RaftServerImpl (ServerState.java:setRaftConf(356)) - 11b96894-e5c9-4f16-b69e-d41085948f59@group-D4FBE0FBBA95: set configuration 0: [11b96894-e5c9-4f16-b69e-d41085948f59:192.168.157.220:37422], old=null at 0
2019-11-14 07:28:17,835 [Thread-204] INFO  impl.FollowerState (FollowerState.java:run(111)) - f801ea35-1a8a-4ca1-9f8b-520ebd42f3c5@group-850954E19D53-FollowerState: change to CANDIDATE, lastRpcTime:5189ms, electionTimeout:5189ms
2019-11-14 07:28:17,835 [Thread-204] INFO  impl.RoleInfo (RoleInfo.java:shutdownFollowerState(121)) - f801ea35-1a8a-4ca1-9f8b-520ebd42f3c5: shutdown FollowerState
2019-11-14 07:28:17,835 [Thread-204] INFO  impl.RaftServerImpl (RaftServerImpl.java:setRole(173)) - f801ea35-1a8a-4ca1-9f8b-520ebd42f3c5@group-850954E19D53: changes role from  FOLLOWER to CANDIDATE at term 0 for changeToCandidate
2019-11-14 07:28:17,836 [Thread-204] INFO  impl.RoleInfo (RoleInfo.java:updateAndGet(143)) - f801ea35-1a8a-4ca1-9f8b-520ebd42f3c5: start LeaderElection
2019-11-14 07:28:17,862 [f801ea35-1a8a-4ca1-9f8b-520ebd42f3c5@group-850954E19D53-LeaderElection3] INFO  impl.LeaderElection (LeaderElection.java:askForVotes(178)) - f801ea35-1a8a-4ca1-9f8b-520ebd42f3c5@group-850954E19D53-LeaderElection3: begin an election at term 1 for -1: [f801ea35-1a8a-4ca1-9f8b-520ebd42f3c5:192.168.157.220:34472], old=null
2019-11-14 07:28:17,862 [f801ea35-1a8a-4ca1-9f8b-520ebd42f3c5@group-850954E19D53-LeaderElection3] INFO  impl.RoleInfo (RoleInfo.java:shutdownLeaderElection(134)) - f801ea35-1a8a-4ca1-9f8b-520ebd42f3c5: shutdown LeaderElection
2019-11-14 07:28:17,862 [f801ea35-1a8a-4ca1-9f8b-520ebd42f3c5@group-850954E19D53-LeaderElection3] INFO  impl.RaftServerImpl (RaftServerImpl.java:setRole(173)) - f801ea35-1a8a-4ca1-9f8b-520ebd42f3c5@group-850954E19D53: changes role from CANDIDATE to LEADER at term 1 for changeToLeader
2019-11-14 07:28:17,862 [f801ea35-1a8a-4ca1-9f8b-520ebd42f3c5@group-850954E19D53-LeaderElection3] INFO  ratis.XceiverServerRatis (XceiverServerRatis.java:handleLeaderChangedNotification(697)) - Leader change notification received for group: group-850954E19D53 with new leaderId: f801ea35-1a8a-4ca1-9f8b-520ebd42f3c5
2019-11-14 07:28:17,863 [f801ea35-1a8a-4ca1-9f8b-520ebd42f3c5@group-850954E19D53-LeaderElection3] INFO  impl.RaftServerImpl (ServerState.java:setLeader(255)) - f801ea35-1a8a-4ca1-9f8b-520ebd42f3c5@group-850954E19D53: change Leader from null to f801ea35-1a8a-4ca1-9f8b-520ebd42f3c5 at term 1 for becomeLeader, leader elected after 5222ms
2019-11-14 07:28:17,863 [f801ea35-1a8a-4ca1-9f8b-520ebd42f3c5@group-850954E19D53-LeaderElection3] INFO  server.RaftServerConfigKeys (ConfUtils.java:logGet(43)) - raft.server.staging.catchup.gap = 1000 (default)
2019-11-14 07:28:17,864 [f801ea35-1a8a-4ca1-9f8b-520ebd42f3c5@group-850954E19D53-LeaderElection3] INFO  server.RaftServerConfigKeys (ConfUtils.java:logGet(43)) - raft.server.rpc.sleep.time = 25ms (default)
2019-11-14 07:28:17,865 [f801ea35-1a8a-4ca1-9f8b-520ebd42f3c5@group-850954E19D53-LeaderElection3] INFO  server.RaftServerConfigKeys (ConfUtils.java:logGet(43)) - raft.server.write.element-limit = 4096 (default)
2019-11-14 07:28:17,865 [f801ea35-1a8a-4ca1-9f8b-520ebd42f3c5@group-850954E19D53-LeaderElection3] INFO  server.RaftServerConfigKeys (ConfUtils.java:logGet(43)) - raft.server.watch.timeout = 10s (default)
2019-11-14 07:28:17,865 [f801ea35-1a8a-4ca1-9f8b-520ebd42f3c5@group-850954E19D53-LeaderElection3] INFO  server.RaftServerConfigKeys (ConfUtils.java:logGet(43)) - raft.server.watch.timeout.denomination = 1s (default)
2019-11-14 07:28:17,865 [f801ea35-1a8a-4ca1-9f8b-520ebd42f3c5@group-850954E19D53-LeaderElection3] INFO  server.RaftServerConfigKeys (ConfUtils.java:logGet(43)) - raft.server.watch.element-limit = 65536 (default)
2019-11-14 07:28:17,865 [EventQueue-PipelineReportForPipelineReportHandler] INFO  pipeline.PipelineStateManager (PipelineStateManager.java:openPipeline(134)) - Pipeline Pipeline[ Id: 6945eed3-b501-47b2-aaa7-850954e19d53, Nodes: f801ea35-1a8a-4ca1-9f8b-520ebd42f3c5{ip: 192.168.157.220, host: pr-hdds-2473-master-5lfk4-2089843416, networkLocation: /default-rack, certSerialId: null}, Type:RATIS, Factor:ONE, State:OPEN] moved to OPEN state
2019-11-14 07:28:17,866 [f801ea35-1a8a-4ca1-9f8b-520ebd42f3c5@group-850954E19D53-LeaderElection3] INFO  impl.RoleInfo (RoleInfo.java:updateAndGet(143)) - f801ea35-1a8a-4ca1-9f8b-520ebd42f3c5: start LeaderState
2019-11-14 07:28:17,866 [f801ea35-1a8a-4ca1-9f8b-520ebd42f3c5@group-850954E19D53-LeaderElection3] INFO  segmented.SegmentedRaftLogWorker (SegmentedRaftLogWorker.java:startLogSegment(385)) - f801ea35-1a8a-4ca1-9f8b-520ebd42f3c5@group-850954E19D53-SegmentedRaftLogWorker: Starting segment from index:0
2019-11-14 07:28:17,867 [f801ea35-1a8a-4ca1-9f8b-520ebd42f3c5@group-850954E19D53-LeaderElection3] INFO  impl.RaftServerImpl (ServerState.java:setRaftConf(356)) - f801ea35-1a8a-4ca1-9f8b-520ebd42f3c5@group-850954E19D53: set configuration 0: [f801ea35-1a8a-4ca1-9f8b-520ebd42f3c5:192.168.157.220:34472], old=null at 0
2019-11-14 07:28:17,922 [Thread-214] INFO  impl.FollowerState (FollowerState.java:run(111)) - a055a1b9-25b3-4fc2-bbfd-9b68c6048d26@group-ED84B3122BE0-FollowerState: change to CANDIDATE, lastRpcTime:5027ms, electionTimeout:5027ms
2019-11-14 07:28:17,922 [Thread-214] INFO  impl.RoleInfo (RoleInfo.java:shutdownFollowerState(121)) - a055a1b9-25b3-4fc2-bbfd-9b68c6048d26: shutdown FollowerState
2019-11-14 07:28:17,922 [Thread-214] INFO  impl.RaftServerImpl (RaftServerImpl.java:setRole(173)) - a055a1b9-25b3-4fc2-bbfd-9b68c6048d26@group-ED84B3122BE0: changes role from  FOLLOWER to CANDIDATE at term 0 for changeToCandidate
2019-11-14 07:28:17,922 [Thread-214] INFO  impl.RoleInfo (RoleInfo.java:updateAndGet(143)) - a055a1b9-25b3-4fc2-bbfd-9b68c6048d26: start LeaderElection
2019-11-14 07:28:17,979 [a055a1b9-25b3-4fc2-bbfd-9b68c6048d26@group-020265B513CE-SegmentedRaftLogWorker] INFO  segmented.SegmentedRaftLogWorker (SegmentedRaftLogWorker.java:execute(576)) - a055a1b9-25b3-4fc2-bbfd-9b68c6048d26@group-020265B513CE-SegmentedRaftLogWorker: created new log segment /workdir/hadoop-ozone/tools/target/test-dir/MiniOzoneClusterImpl-8172989c-4da0-4083-a6db-55a067c25ea9/datanode-0/data/ratis/0818d426-6cc4-4b73-8f49-020265b513ce/current/log_inprogress_0
2019-11-14 07:28:17,979 [11b96894-e5c9-4f16-b69e-d41085948f59@group-D4FBE0FBBA95-SegmentedRaftLogWorker] INFO  segmented.SegmentedRaftLogWorker (SegmentedRaftLogWorker.java:execute(576)) - 11b96894-e5c9-4f16-b69e-d41085948f59@group-D4FBE0FBBA95-SegmentedRaftLogWorker: created new log segment /workdir/hadoop-ozone/tools/target/test-dir/MiniOzoneClusterImpl-8172989c-4da0-4083-a6db-55a067c25ea9/datanode-2/data/ratis/103fa746-5e67-43cd-a360-d4fbe0fbba95/current/log_inprogress_0
2019-11-14 07:28:17,979 [f801ea35-1a8a-4ca1-9f8b-520ebd42f3c5@group-850954E19D53-SegmentedRaftLogWorker] INFO  segmented.SegmentedRaftLogWorker (SegmentedRaftLogWorker.java:execute(576)) - f801ea35-1a8a-4ca1-9f8b-520ebd42f3c5@group-850954E19D53-SegmentedRaftLogWorker: created new log segment /workdir/hadoop-ozone/tools/target/test-dir/MiniOzoneClusterImpl-8172989c-4da0-4083-a6db-55a067c25ea9/datanode-1/data/ratis/6945eed3-b501-47b2-aaa7-850954e19d53/current/log_inprogress_0
2019-11-14 07:28:17,979 [a055a1b9-25b3-4fc2-bbfd-9b68c6048d26@group-ED84B3122BE0-LeaderElection4] INFO  impl.LeaderElection (LeaderElection.java:askForVotes(178)) - a055a1b9-25b3-4fc2-bbfd-9b68c6048d26@group-ED84B3122BE0-LeaderElection4: begin an election at term 1 for -1: [a055a1b9-25b3-4fc2-bbfd-9b68c6048d26:192.168.157.220:32830, f801ea35-1a8a-4ca1-9f8b-520ebd42f3c5:192.168.157.220:34472, 11b96894-e5c9-4f16-b69e-d41085948f59:192.168.157.220:37422], old=null
2019-11-14 07:28:17,999 [Thread-219] INFO  impl.FollowerState (FollowerState.java:run(111)) - 11b96894-e5c9-4f16-b69e-d41085948f59@group-ED84B3122BE0-FollowerState: change to CANDIDATE, lastRpcTime:5100ms, electionTimeout:5100ms
2019-11-14 07:28:17,999 [Thread-219] INFO  impl.RoleInfo (RoleInfo.java:shutdownFollowerState(121)) - 11b96894-e5c9-4f16-b69e-d41085948f59: shutdown FollowerState
2019-11-14 07:28:17,999 [Thread-219] INFO  impl.RaftServerImpl (RaftServerImpl.java:setRole(173)) - 11b96894-e5c9-4f16-b69e-d41085948f59@group-ED84B3122BE0: changes role from  FOLLOWER to CANDIDATE at term 0 for changeToCandidate
2019-11-14 07:28:17,999 [Thread-219] INFO  impl.RoleInfo (RoleInfo.java:updateAndGet(143)) - 11b96894-e5c9-4f16-b69e-d41085948f59: start LeaderElection
2019-11-14 07:28:18,009 [grpc-default-executor-1] INFO  impl.RaftServerImpl (RaftServerImpl.java:setRole(173)) - f801ea35-1a8a-4ca1-9f8b-520ebd42f3c5@group-ED84B3122BE0: changes role from  FOLLOWER to FOLLOWER at term 1 for recognizeCandidate:a055a1b9-25b3-4fc2-bbfd-9b68c6048d26
2019-11-14 07:28:18,009 [grpc-default-executor-1] INFO  impl.RoleInfo (RoleInfo.java:shutdownFollowerState(121)) - f801ea35-1a8a-4ca1-9f8b-520ebd42f3c5: shutdown FollowerState
2019-11-14 07:28:18,009 [Thread-218] INFO  impl.FollowerState (FollowerState.java:run(120)) - f801ea35-1a8a-4ca1-9f8b-520ebd42f3c5@group-ED84B3122BE0-FollowerState was interrupted: java.lang.InterruptedException: sleep interrupted
2019-11-14 07:28:18,009 [grpc-default-executor-1] INFO  impl.RoleInfo (RoleInfo.java:updateAndGet(143)) - f801ea35-1a8a-4ca1-9f8b-520ebd42f3c5: start FollowerState
2019-11-14 07:28:18,031 [11b96894-e5c9-4f16-b69e-d41085948f59@group-ED84B3122BE0-LeaderElection5] INFO  impl.LeaderElection (LeaderElection.java:askForVotes(178)) - 11b96894-e5c9-4f16-b69e-d41085948f59@group-ED84B3122BE0-LeaderElection5: begin an election at term 1 for -1: [a055a1b9-25b3-4fc2-bbfd-9b68c6048d26:192.168.157.220:32830, f801ea35-1a8a-4ca1-9f8b-520ebd42f3c5:192.168.157.220:34472, 11b96894-e5c9-4f16-b69e-d41085948f59:192.168.157.220:37422], old=null
2019-11-14 07:28:18,041 [a055a1b9-25b3-4fc2-bbfd-9b68c6048d26@group-ED84B3122BE0-LeaderElection4] INFO  impl.LeaderElection (LeaderElection.java:logAndReturn(56)) - a055a1b9-25b3-4fc2-bbfd-9b68c6048d26@group-ED84B3122BE0-LeaderElection4: Election PASSED; received 1 response(s) [a055a1b9-25b3-4fc2-bbfd-9b68c6048d26<-f801ea35-1a8a-4ca1-9f8b-520ebd42f3c5#0:OK-t1] and 0 exception(s); a055a1b9-25b3-4fc2-bbfd-9b68c6048d26@group-ED84B3122BE0:t1, leader=null, voted=a055a1b9-25b3-4fc2-bbfd-9b68c6048d26, raftlog=a055a1b9-25b3-4fc2-bbfd-9b68c6048d26@group-ED84B3122BE0-SegmentedRaftLog:OPENED:c-1,f-1,i0, conf=-1: [a055a1b9-25b3-4fc2-bbfd-9b68c6048d26:192.168.157.220:32830, f801ea35-1a8a-4ca1-9f8b-520ebd42f3c5:192.168.157.220:34472, 11b96894-e5c9-4f16-b69e-d41085948f59:192.168.157.220:37422], old=null
2019-11-14 07:28:18,041 [a055a1b9-25b3-4fc2-bbfd-9b68c6048d26@group-ED84B3122BE0-LeaderElection4] INFO  impl.RoleInfo (RoleInfo.java:shutdownLeaderElection(134)) - a055a1b9-25b3-4fc2-bbfd-9b68c6048d26: shutdown LeaderElection
2019-11-14 07:28:18,043 [a055a1b9-25b3-4fc2-bbfd-9b68c6048d26@group-ED84B3122BE0-LeaderElection4] INFO  impl.RaftServerImpl (RaftServerImpl.java:setRole(173)) - a055a1b9-25b3-4fc2-bbfd-9b68c6048d26@group-ED84B3122BE0: changes role from CANDIDATE to LEADER at term 1 for changeToLeader
2019-11-14 07:28:18,043 [a055a1b9-25b3-4fc2-bbfd-9b68c6048d26@group-ED84B3122BE0-LeaderElection4] INFO  ratis.XceiverServerRatis (XceiverServerRatis.java:handleLeaderChangedNotification(697)) - Leader change notification received for group: group-ED84B3122BE0 with new leaderId: a055a1b9-25b3-4fc2-bbfd-9b68c6048d26
2019-11-14 07:28:18,043 [a055a1b9-25b3-4fc2-bbfd-9b68c6048d26@group-ED84B3122BE0-LeaderElection4] INFO  impl.RaftServerImpl (ServerState.java:setLeader(255)) - a055a1b9-25b3-4fc2-bbfd-9b68c6048d26@group-ED84B3122BE0: change Leader from null to a055a1b9-25b3-4fc2-bbfd-9b68c6048d26 at term 1 for becomeLeader, leader elected after 5156ms
2019-11-14 07:28:18,044 [a055a1b9-25b3-4fc2-bbfd-9b68c6048d26@group-ED84B3122BE0-LeaderElection4] INFO  server.RaftServerConfigKeys (ConfUtils.java:logGet(43)) - raft.server.staging.catchup.gap = 1000 (default)
2019-11-14 07:28:18,044 [a055a1b9-25b3-4fc2-bbfd-9b68c6048d26@group-ED84B3122BE0-LeaderElection4] INFO  server.RaftServerConfigKeys (ConfUtils.java:logGet(43)) - raft.server.rpc.sleep.time = 25ms (default)
2019-11-14 07:28:18,044 [a055a1b9-25b3-4fc2-bbfd-9b68c6048d26@group-ED84B3122BE0-LeaderElection4] INFO  server.RaftServerConfigKeys (ConfUtils.java:logGet(43)) - raft.server.write.element-limit = 4096 (default)
2019-11-14 07:28:18,045 [a055a1b9-25b3-4fc2-bbfd-9b68c6048d26@group-ED84B3122BE0-LeaderElection4] INFO  server.RaftServerConfigKeys (ConfUtils.java:logGet(43)) - raft.server.watch.timeout = 10s (default)
2019-11-14 07:28:18,045 [a055a1b9-25b3-4fc2-bbfd-9b68c6048d26@group-ED84B3122BE0-LeaderElection4] INFO  server.RaftServerConfigKeys (ConfUtils.java:logGet(43)) - raft.server.watch.timeout.denomination = 1s (default)
2019-11-14 07:28:18,045 [a055a1b9-25b3-4fc2-bbfd-9b68c6048d26@group-ED84B3122BE0-LeaderElection4] INFO  server.RaftServerConfigKeys (ConfUtils.java:logGet(43)) - raft.server.watch.element-limit = 65536 (default)
2019-11-14 07:28:18,046 [EventQueue-PipelineReportForPipelineReportHandler] INFO  pipeline.PipelineStateManager (PipelineStateManager.java:openPipeline(134)) - Pipeline Pipeline[ Id: aa2f7ac6-1375-42f7-9519-ed84b3122be0, Nodes: 11b96894-e5c9-4f16-b69e-d41085948f59{ip: 192.168.157.220, host: pr-hdds-2473-master-5lfk4-2089843416, networkLocation: /default-rack, certSerialId: null}a055a1b9-25b3-4fc2-bbfd-9b68c6048d26{ip: 192.168.157.220, host: pr-hdds-2473-master-5lfk4-2089843416, networkLocation: /default-rack, certSerialId: null}f801ea35-1a8a-4ca1-9f8b-520ebd42f3c5{ip: 192.168.157.220, host: pr-hdds-2473-master-5lfk4-2089843416, networkLocation: /default-rack, certSerialId: null}, Type:RATIS, Factor:THREE, State:OPEN] moved to OPEN state
2019-11-14 07:28:18,050 [a055a1b9-25b3-4fc2-bbfd-9b68c6048d26@group-ED84B3122BE0-LeaderElection4] INFO  server.RaftServerConfigKeys (ConfUtils.java:logGet(43)) - raft.server.log.appender.snapshot.chunk.size.max = 16MB (=16777216) (default)
2019-11-14 07:28:18,051 [a055a1b9-25b3-4fc2-bbfd-9b68c6048d26@group-ED84B3122BE0-LeaderElection4] INFO  server.RaftServerConfigKeys (ConfUtils.java:logGet(43)) - raft.server.log.appender.buffer.byte-limit = 33554432 (custom)
2019-11-14 07:28:18,052 [a055a1b9-25b3-4fc2-bbfd-9b68c6048d26@group-ED84B3122BE0-LeaderElection4] INFO  server.RaftServerConfigKeys (ConfUtils.java:logGet(43)) - raft.server.log.appender.buffer.element-limit = 1 (custom)
2019-11-14 07:28:18,056 [a055a1b9-25b3-4fc2-bbfd-9b68c6048d26@group-ED84B3122BE0-LeaderElection4] INFO  grpc.GrpcConfigKeys$Server (ConfUtils.java:logGet(43)) - raft.grpc.server.leader.outstanding.appends.max = 128 (default)
2019-11-14 07:28:18,057 [a055a1b9-25b3-4fc2-bbfd-9b68c6048d26@group-ED84B3122BE0-LeaderElection4] INFO  server.RaftServerConfigKeys (ConfUtils.java:logGet(43)) - raft.server.rpc.request.timeout = 3000ms (default)
2019-11-14 07:28:18,057 [a055a1b9-25b3-4fc2-bbfd-9b68c6048d26@group-ED84B3122BE0-LeaderElection4] INFO  server.RaftServerConfigKeys (ConfUtils.java:logGet(43)) - raft.server.log.appender.install.snapshot.enabled = false (custom)
2019-11-14 07:28:18,059 [a055a1b9-25b3-4fc2-bbfd-9b68c6048d26@group-ED84B3122BE0-LeaderElection4] WARN  impl.MetricRegistriesImpl (MetricRegistriesImpl.java:lambda$create$1(61)) - First MetricRegistry has been created without registering reporters. You may need to call MetricRegistries.global().addReportRegistration(...) before.
2019-11-14 07:28:18,060 [a055a1b9-25b3-4fc2-bbfd-9b68c6048d26@group-ED84B3122BE0-LeaderElection4] INFO  server.RaftServerConfigKeys (ConfUtils.java:logGet(43)) - raft.server.log.appender.snapshot.chunk.size.max = 16MB (=16777216) (default)
2019-11-14 07:28:18,060 [a055a1b9-25b3-4fc2-bbfd-9b68c6048d26@group-ED84B3122BE0-LeaderElection4] INFO  server.RaftServerConfigKeys (ConfUtils.java:logGet(43)) - raft.server.log.appender.buffer.byte-limit = 33554432 (custom)
2019-11-14 07:28:18,060 [a055a1b9-25b3-4fc2-bbfd-9b68c6048d26@group-ED84B3122BE0-LeaderElection4] INFO  server.RaftServerConfigKeys (ConfUtils.java:logGet(43)) - raft.server.log.appender.buffer.element-limit = 1 (custom)
2019-11-14 07:28:18,060 [a055a1b9-25b3-4fc2-bbfd-9b68c6048d26@group-ED84B3122BE0-LeaderElection4] INFO  grpc.GrpcConfigKeys$Server (ConfUtils.java:logGet(43)) - raft.grpc.server.leader.outstanding.appends.max = 128 (default)
2019-11-14 07:28:18,060 [a055a1b9-25b3-4fc2-bbfd-9b68c6048d26@group-ED84B3122BE0-LeaderElection4] INFO  server.RaftServerConfigKeys (ConfUtils.java:logGet(43)) - raft.server.rpc.request.timeout = 3000ms (default)
2019-11-14 07:28:18,061 [a055a1b9-25b3-4fc2-bbfd-9b68c6048d26@group-ED84B3122BE0-LeaderElection4] INFO  server.RaftServerConfigKeys (ConfUtils.java:logGet(43)) - raft.server.log.appender.install.snapshot.enabled = false (custom)
2019-11-14 07:28:18,064 [a055a1b9-25b3-4fc2-bbfd-9b68c6048d26@group-ED84B3122BE0-LeaderElection4] INFO  impl.RoleInfo (RoleInfo.java:updateAndGet(143)) - a055a1b9-25b3-4fc2-bbfd-9b68c6048d26: start LeaderState
2019-11-14 07:28:18,064 [a055a1b9-25b3-4fc2-bbfd-9b68c6048d26@group-ED84B3122BE0-LeaderElection4] INFO  segmented.SegmentedRaftLogWorker (SegmentedRaftLogWorker.java:startLogSegment(385)) - a055a1b9-25b3-4fc2-bbfd-9b68c6048d26@group-ED84B3122BE0-SegmentedRaftLogWorker: Starting segment from index:0
2019-11-14 07:28:18,065 [a055a1b9-25b3-4fc2-bbfd-9b68c6048d26@group-ED84B3122BE0-LeaderElection4] INFO  impl.RaftServerImpl (ServerState.java:setRaftConf(356)) - a055a1b9-25b3-4fc2-bbfd-9b68c6048d26@group-ED84B3122BE0: set configuration 0: [a055a1b9-25b3-4fc2-bbfd-9b68c6048d26:192.168.157.220:32830, f801ea35-1a8a-4ca1-9f8b-520ebd42f3c5:192.168.157.220:34472, 11b96894-e5c9-4f16-b69e-d41085948f59:192.168.157.220:37422], old=null at 0
2019-11-14 07:28:18,099 [grpc-default-executor-2] INFO  impl.RaftServerImpl (RaftServerImpl.java:requestVote(776)) - a055a1b9-25b3-4fc2-bbfd-9b68c6048d26@group-ED84B3122BE0-   LEADER: Withhold vote from candidate 11b96894-e5c9-4f16-b69e-d41085948f59 with term 1. State: leader=a055a1b9-25b3-4fc2-bbfd-9b68c6048d26, term=1, lastRpcElapsed=null
2019-11-14 07:28:18,105 [11b96894-e5c9-4f16-b69e-d41085948f59@group-ED84B3122BE0-LeaderElection5] INFO  impl.LeaderElection (LeaderElection.java:logAndReturn(56)) - 11b96894-e5c9-4f16-b69e-d41085948f59@group-ED84B3122BE0-LeaderElection5: Election REJECTED; received 2 response(s) [11b96894-e5c9-4f16-b69e-d41085948f59<-a055a1b9-25b3-4fc2-bbfd-9b68c6048d26#0:FAIL-t1, 11b96894-e5c9-4f16-b69e-d41085948f59<-f801ea35-1a8a-4ca1-9f8b-520ebd42f3c5#0:FAIL-t1] and 0 exception(s); 11b96894-e5c9-4f16-b69e-d41085948f59@group-ED84B3122BE0:t1, leader=null, voted=11b96894-e5c9-4f16-b69e-d41085948f59, raftlog=11b96894-e5c9-4f16-b69e-d41085948f59@group-ED84B3122BE0-SegmentedRaftLog:OPENED:c-1,f-1,i0, conf=-1: [a055a1b9-25b3-4fc2-bbfd-9b68c6048d26:192.168.157.220:32830, f801ea35-1a8a-4ca1-9f8b-520ebd42f3c5:192.168.157.220:34472, 11b96894-e5c9-4f16-b69e-d41085948f59:192.168.157.220:37422], old=null
2019-11-14 07:28:18,106 [11b96894-e5c9-4f16-b69e-d41085948f59@group-ED84B3122BE0-LeaderElection5] INFO  impl.RaftServerImpl (RaftServerImpl.java:setRole(173)) - 11b96894-e5c9-4f16-b69e-d41085948f59@group-ED84B3122BE0: changes role from CANDIDATE to FOLLOWER at term 1 for DISCOVERED_A_NEW_TERM
2019-11-14 07:28:18,107 [11b96894-e5c9-4f16-b69e-d41085948f59@group-ED84B3122BE0-LeaderElection5] INFO  impl.RoleInfo (RoleInfo.java:shutdownLeaderElection(134)) - 11b96894-e5c9-4f16-b69e-d41085948f59: shutdown LeaderElection
2019-11-14 07:28:18,108 [11b96894-e5c9-4f16-b69e-d41085948f59@group-ED84B3122BE0-LeaderElection5] INFO  impl.RoleInfo (RoleInfo.java:updateAndGet(143)) - 11b96894-e5c9-4f16-b69e-d41085948f59: start FollowerState
2019-11-14 07:28:18,123 [a055a1b9-25b3-4fc2-bbfd-9b68c6048d26@group-ED84B3122BE0-SegmentedRaftLogWorker] INFO  segmented.SegmentedRaftLogWorker (SegmentedRaftLogWorker.java:execute(576)) - a055a1b9-25b3-4fc2-bbfd-9b68c6048d26@group-ED84B3122BE0-SegmentedRaftLogWorker: created new log segment /workdir/hadoop-ozone/tools/target/test-dir/MiniOzoneClusterImpl-8172989c-4da0-4083-a6db-55a067c25ea9/datanode-0/data/ratis/aa2f7ac6-1375-42f7-9519-ed84b3122be0/current/log_inprogress_0
2019-11-14 07:28:18,130 [grpc-default-executor-1] INFO  ratis.XceiverServerRatis (XceiverServerRatis.java:handleLeaderChangedNotification(697)) - Leader change notification received for group: group-ED84B3122BE0 with new leaderId: a055a1b9-25b3-4fc2-bbfd-9b68c6048d26
2019-11-14 07:28:18,130 [grpc-default-executor-1] INFO  impl.RaftServerImpl (ServerState.java:setLeader(255)) - f801ea35-1a8a-4ca1-9f8b-520ebd42f3c5@group-ED84B3122BE0: change Leader from null to a055a1b9-25b3-4fc2-bbfd-9b68c6048d26 at term 1 for appendEntries, leader elected after 5244ms
2019-11-14 07:28:18,130 [grpc-default-executor-2] INFO  ratis.XceiverServerRatis (XceiverServerRatis.java:handleLeaderChangedNotification(697)) - Leader change notification received for group: group-ED84B3122BE0 with new leaderId: a055a1b9-25b3-4fc2-bbfd-9b68c6048d26
2019-11-14 07:28:18,131 [grpc-default-executor-2] INFO  impl.RaftServerImpl (ServerState.java:setLeader(255)) - 11b96894-e5c9-4f16-b69e-d41085948f59@group-ED84B3122BE0: change Leader from null to a055a1b9-25b3-4fc2-bbfd-9b68c6048d26 at term 1 for appendEntries, leader elected after 5244ms
2019-11-14 07:28:18,156 [grpc-default-executor-1] INFO  impl.RaftServerImpl (ServerState.java:setRaftConf(356)) - f801ea35-1a8a-4ca1-9f8b-520ebd42f3c5@group-ED84B3122BE0: set configuration 0: [a055a1b9-25b3-4fc2-bbfd-9b68c6048d26:192.168.157.220:32830, f801ea35-1a8a-4ca1-9f8b-520ebd42f3c5:192.168.157.220:34472, 11b96894-e5c9-4f16-b69e-d41085948f59:192.168.157.220:37422], old=null at 0
2019-11-14 07:28:18,156 [grpc-default-executor-2] INFO  impl.RaftServerImpl (ServerState.java:setRaftConf(356)) - 11b96894-e5c9-4f16-b69e-d41085948f59@group-ED84B3122BE0: set configuration 0: [a055a1b9-25b3-4fc2-bbfd-9b68c6048d26:192.168.157.220:32830, f801ea35-1a8a-4ca1-9f8b-520ebd42f3c5:192.168.157.220:34472, 11b96894-e5c9-4f16-b69e-d41085948f59:192.168.157.220:37422], old=null at 0
2019-11-14 07:28:18,156 [grpc-default-executor-1] INFO  segmented.SegmentedRaftLogWorker (SegmentedRaftLogWorker.java:startLogSegment(385)) - f801ea35-1a8a-4ca1-9f8b-520ebd42f3c5@group-ED84B3122BE0-SegmentedRaftLogWorker: Starting segment from index:0
2019-11-14 07:28:18,156 [grpc-default-executor-2] INFO  segmented.SegmentedRaftLogWorker (SegmentedRaftLogWorker.java:startLogSegment(385)) - 11b96894-e5c9-4f16-b69e-d41085948f59@group-ED84B3122BE0-SegmentedRaftLogWorker: Starting segment from index:0
2019-11-14 07:28:18,207 [11b96894-e5c9-4f16-b69e-d41085948f59@group-ED84B3122BE0-SegmentedRaftLogWorker] INFO  segmented.SegmentedRaftLogWorker (SegmentedRaftLogWorker.java:execute(576)) - 11b96894-e5c9-4f16-b69e-d41085948f59@group-ED84B3122BE0-SegmentedRaftLogWorker: created new log segment /workdir/hadoop-ozone/tools/target/test-dir/MiniOzoneClusterImpl-8172989c-4da0-4083-a6db-55a067c25ea9/datanode-2/data/ratis/aa2f7ac6-1375-42f7-9519-ed84b3122be0/current/log_inprogress_0
2019-11-14 07:28:18,207 [f801ea35-1a8a-4ca1-9f8b-520ebd42f3c5@group-ED84B3122BE0-SegmentedRaftLogWorker] INFO  segmented.SegmentedRaftLogWorker (SegmentedRaftLogWorker.java:execute(576)) - f801ea35-1a8a-4ca1-9f8b-520ebd42f3c5@group-ED84B3122BE0-SegmentedRaftLogWorker: created new log segment /workdir/hadoop-ozone/tools/target/test-dir/MiniOzoneClusterImpl-8172989c-4da0-4083-a6db-55a067c25ea9/datanode-1/data/ratis/aa2f7ac6-1375-42f7-9519-ed84b3122be0/current/log_inprogress_0
2019-11-14 07:28:18,369 [main] INFO  ozone.MiniOzoneClusterImpl (MiniOzoneClusterImpl.java:lambda$waitForClusterToBeReady$2(171)) - Cluster is ready. Got 3 of 3 DN Heartbeats.
2019-11-14 07:28:19,172 [main] INFO  freon.RandomKeyGenerator (RandomKeyGenerator.java:call(283)) - Number of Threads: 10
2019-11-14 07:28:19,173 [main] INFO  freon.RandomKeyGenerator (RandomKeyGenerator.java:call(288)) - Number of Volumes: 1.
2019-11-14 07:28:19,173 [main] INFO  freon.RandomKeyGenerator (RandomKeyGenerator.java:call(289)) - Number of Buckets per Volume: 1.
2019-11-14 07:28:19,173 [main] INFO  freon.RandomKeyGenerator (RandomKeyGenerator.java:call(290)) - Number of Keys per Bucket: 1.
2019-11-14 07:28:19,173 [main] INFO  freon.RandomKeyGenerator (RandomKeyGenerator.java:call(291)) - Key size: 20971520 bytes
2019-11-14 07:28:19,173 [main] INFO  freon.RandomKeyGenerator (RandomKeyGenerator.java:call(292)) - Buffer size: 4096 bytes
2019-11-14 07:28:19,173 [main] INFO  freon.RandomKeyGenerator (RandomKeyGenerator.java:call(293)) - validateWrites : true
2019-11-14 07:28:19,176 [main] INFO  freon.RandomKeyGenerator (RandomKeyGenerator.java:call(307)) - Data validation is enabled.
2019-11-14 07:28:19,177 [main] INFO  freon.RandomKeyGenerator (RandomKeyGenerator.java:call(313)) - Starting progress bar Thread.

 0.00% |?                                                                                                    |  0/1 Time: 0:00:002019-11-14 07:28:19,205 [pool-53-thread-1] INFO  rpc.RpcClient (RpcClient.java:createVolume(292)) - Creating Volume: vol-0-20449, with jenkins1000 as owner.
2019-11-14 07:28:19,256 [IPC Server handler 1 on 34172] INFO  volume.OMVolumeCreateRequest (OMVolumeCreateRequest.java:validateAndUpdateCache(193)) - created volume:vol-0-20449 for user:jenkins1000
2019-11-14 07:28:19,311 [pool-53-thread-2] INFO  rpc.RpcClient (RpcClient.java:createBucket(431)) - Creating Bucket: vol-0-20449/bucket-0-85242, with Versioning false and Storage Type set to DISK and Encryption set to false 
2019-11-14 07:28:19,515 [pool-53-thread-3] INFO  impl.MetricsSystemImpl (MetricsSystemImpl.java:init(158)) - XceiverClientMetrics metrics system started (again)
 0.00% |?                                                                                                    |  0/1 Time: 0:00:01 0.00% |?                                                                                                    |  0/1 Time: 0:00:02 100.00% |?????????????????????????????????????????????????????????????????????????????????????????????????????|  1/1 Time: 0:00:03
2019-11-14 07:28:27,316 [main] INFO  pipeline.SCMPipelineManager (SCMPipelineManager.java:finalizeAndDestroyPipeline(315)) - destroying pipeline:Pipeline[ Id: aa2f7ac6-1375-42f7-9519-ed84b3122be0, Nodes: 11b96894-e5c9-4f16-b69e-d41085948f59{ip: 192.168.157.220, host: pr-hdds-2473-master-5lfk4-2089843416, networkLocation: /default-rack, certSerialId: null}a055a1b9-25b3-4fc2-bbfd-9b68c6048d26{ip: 192.168.157.220, host: pr-hdds-2473-master-5lfk4-2089843416, networkLocation: /default-rack, certSerialId: null}f801ea35-1a8a-4ca1-9f8b-520ebd42f3c5{ip: 192.168.157.220, host: pr-hdds-2473-master-5lfk4-2089843416, networkLocation: /default-rack, certSerialId: null}, Type:RATIS, Factor:THREE, State:OPEN]
2019-11-14 07:28:27,317 [main] INFO  pipeline.PipelineStateManager (PipelineStateManager.java:finalizePipeline(121)) - Pipeline Pipeline[ Id: aa2f7ac6-1375-42f7-9519-ed84b3122be0, Nodes: 11b96894-e5c9-4f16-b69e-d41085948f59{ip: 192.168.157.220, host: pr-hdds-2473-master-5lfk4-2089843416, networkLocation: /default-rack, certSerialId: null}a055a1b9-25b3-4fc2-bbfd-9b68c6048d26{ip: 192.168.157.220, host: pr-hdds-2473-master-5lfk4-2089843416, networkLocation: /default-rack, certSerialId: null}f801ea35-1a8a-4ca1-9f8b-520ebd42f3c5{ip: 192.168.157.220, host: pr-hdds-2473-master-5lfk4-2089843416, networkLocation: /default-rack, certSerialId: null}, Type:RATIS, Factor:THREE, State:CLOSED] moved to CLOSED state
2019-11-14 07:28:27,317 [EventQueue-CloseContainerForCloseContainerEventHandler] INFO  container.CloseContainerEventHandler (CloseContainerEventHandler.java:onMessage(61)) - Close container Event triggered for container : #1
2019-11-14 07:28:27,324 [EventQueue-CloseContainerForCloseContainerEventHandler] INFO  container.CloseContainerEventHandler (CloseContainerEventHandler.java:onMessage(61)) - Close container Event triggered for container : #2
2019-11-14 07:28:27,324 [EventQueue-CloseContainerForCloseContainerEventHandler] INFO  container.CloseContainerEventHandler (CloseContainerEventHandler.java:onMessage(61)) - Close container Event triggered for container : #3
2019-11-14 07:28:27,329 [grpc-default-executor-0] INFO  impl.RaftServerProxy (RaftServerProxy.java:remove(95)) - 11b96894-e5c9-4f16-b69e-d41085948f59: remove  FOLLOWER 11b96894-e5c9-4f16-b69e-d41085948f59@group-ED84B3122BE0:t1, leader=a055a1b9-25b3-4fc2-bbfd-9b68c6048d26, voted=11b96894-e5c9-4f16-b69e-d41085948f59, raftlog=11b96894-e5c9-4f16-b69e-d41085948f59@group-ED84B3122BE0-SegmentedRaftLog:OPENED:c74,f74,i74, conf=0: [a055a1b9-25b3-4fc2-bbfd-9b68c6048d26:192.168.157.220:32830, f801ea35-1a8a-4ca1-9f8b-520ebd42f3c5:192.168.157.220:34472, 11b96894-e5c9-4f16-b69e-d41085948f59:192.168.157.220:37422], old=null RUNNING
2019-11-14 07:28:27,330 [grpc-default-executor-0] INFO  impl.RaftServerImpl (RaftServerImpl.java:lambda$shutdown$3(250)) - 11b96894-e5c9-4f16-b69e-d41085948f59@group-ED84B3122BE0: shutdown
2019-11-14 07:28:27,330 [grpc-default-executor-0] INFO  util.JmxRegister (JmxRegister.java:unregister(73)) - Successfully un-registered JMX Bean with object name Ratis:service=RaftServer,group=group-ED84B3122BE0,id=11b96894-e5c9-4f16-b69e-d41085948f59
2019-11-14 07:28:27,331 [grpc-default-executor-0] INFO  impl.RoleInfo (RoleInfo.java:shutdownFollowerState(121)) - 11b96894-e5c9-4f16-b69e-d41085948f59: shutdown FollowerState
2019-11-14 07:28:27,331 [grpc-default-executor-0] INFO  impl.StateMachineUpdater (StateMachineUpdater.java:stopAndJoin(136)) - 11b96894-e5c9-4f16-b69e-d41085948f59@group-ED84B3122BE0-StateMachineUpdater: set stopIndex = 74
2019-11-14 07:28:27,331 [Thread-238] INFO  impl.FollowerState (FollowerState.java:run(120)) - 11b96894-e5c9-4f16-b69e-d41085948f59@group-ED84B3122BE0-FollowerState was interrupted: java.lang.InterruptedException: sleep interrupted
2019-11-14 07:28:27,332 [11b96894-e5c9-4f16-b69e-d41085948f59@group-ED84B3122BE0-StateMachineUpdater] INFO  ratis.ContainerStateMachine (ContainerStateMachine.java:takeSnapshot(285)) - group-ED84B3122BE0: Taking a snapshot at:(t:1, i:72) file /workdir/hadoop-ozone/tools/target/test-dir/MiniOzoneClusterImpl-8172989c-4da0-4083-a6db-55a067c25ea9/datanode-2/data/ratis/aa2f7ac6-1375-42f7-9519-ed84b3122be0/sm/snapshot.1_72
2019-11-14 07:28:27,373 [11b96894-e5c9-4f16-b69e-d41085948f59@group-ED84B3122BE0-StateMachineUpdater] INFO  ratis.ContainerStateMachine (ContainerStateMachine.java:takeSnapshot(296)) - group-ED84B3122BE0: Finished taking a snapshot at:(t:1, i:72) file:/workdir/hadoop-ozone/tools/target/test-dir/MiniOzoneClusterImpl-8172989c-4da0-4083-a6db-55a067c25ea9/datanode-2/data/ratis/aa2f7ac6-1375-42f7-9519-ed84b3122be0/sm/snapshot.1_72 time:41
2019-11-14 07:28:27,374 [11b96894-e5c9-4f16-b69e-d41085948f59@group-ED84B3122BE0-StateMachineUpdater] INFO  impl.StateMachineUpdater (StateMachineUpdater.java:takeSnapshot(269)) - 11b96894-e5c9-4f16-b69e-d41085948f59@group-ED84B3122BE0-StateMachineUpdater: Took a snapshot at index 72
2019-11-14 07:28:27,375 [11b96894-e5c9-4f16-b69e-d41085948f59@group-ED84B3122BE0-StateMachineUpdater] INFO  impl.StateMachineUpdater (StateMachineUpdater.java:lambda$new$0(84)) - 11b96894-e5c9-4f16-b69e-d41085948f59@group-ED84B3122BE0-StateMachineUpdater: snapshotIndex: updateIncreasingly -1 -> 72
2019-11-14 07:28:27,380 [11b96894-e5c9-4f16-b69e-d41085948f59@group-ED84B3122BE0-StateMachineUpdater] INFO  ratis.ContainerStateMachine (ContainerStateMachine.java:takeSnapshot(285)) - group-ED84B3122BE0: Taking a snapshot at:(t:1, i:72) file /workdir/hadoop-ozone/tools/target/test-dir/MiniOzoneClusterImpl-8172989c-4da0-4083-a6db-55a067c25ea9/datanode-2/data/ratis/aa2f7ac6-1375-42f7-9519-ed84b3122be0/sm/snapshot.1_72
2019-11-14 07:28:27,402 [11b96894-e5c9-4f16-b69e-d41085948f59@group-ED84B3122BE0-StateMachineUpdater] INFO  ratis.ContainerStateMachine (ContainerStateMachine.java:takeSnapshot(296)) - group-ED84B3122BE0: Finished taking a snapshot at:(t:1, i:72) file:/workdir/hadoop-ozone/tools/target/test-dir/MiniOzoneClusterImpl-8172989c-4da0-4083-a6db-55a067c25ea9/datanode-2/data/ratis/aa2f7ac6-1375-42f7-9519-ed84b3122be0/sm/snapshot.1_72 time:23
2019-11-14 07:28:27,403 [11b96894-e5c9-4f16-b69e-d41085948f59@group-ED84B3122BE0-StateMachineUpdater] INFO  impl.StateMachineUpdater (StateMachineUpdater.java:takeSnapshot(269)) - 11b96894-e5c9-4f16-b69e-d41085948f59@group-ED84B3122BE0-StateMachineUpdater: Took a snapshot at index 72
2019-11-14 07:28:27,403 [11b96894-e5c9-4f16-b69e-d41085948f59@group-ED84B3122BE0-StateMachineUpdater] INFO  impl.StateMachineUpdater (StateMachineUpdater.java:lambda$new$0(84)) - 11b96894-e5c9-4f16-b69e-d41085948f59@group-ED84B3122BE0-StateMachineUpdater: snapshotIndex: updateIncreasingly 72 -> 72
2019-11-14 07:28:27,404 [grpc-default-executor-0] INFO  impl.RaftServerImpl (ServerState.java:close(387)) - 11b96894-e5c9-4f16-b69e-d41085948f59@group-ED84B3122BE0: closes. applyIndex: 74
2019-11-14 07:28:27,404 [11b96894-e5c9-4f16-b69e-d41085948f59@group-ED84B3122BE0-SegmentedRaftLogWorker] INFO  segmented.SegmentedRaftLogWorker (SegmentedRaftLogWorker.java:run(316)) - 11b96894-e5c9-4f16-b69e-d41085948f59@group-ED84B3122BE0-SegmentedRaftLogWorker was interrupted, exiting. There are 0 tasks remaining in the queue.
2019-11-14 07:28:27,406 [grpc-default-executor-0] INFO  segmented.SegmentedRaftLogWorker (SegmentedRaftLogWorker.java:close(224)) - 11b96894-e5c9-4f16-b69e-d41085948f59@group-ED84B3122BE0-SegmentedRaftLogWorker close()
2019-11-14 07:28:27,450 [grpc-default-executor-0] INFO  interfaces.Container (KeyValueContainer.java:flushAndSyncDB(400)) - Container 1 is synced with bcsId 56.
2019-11-14 07:28:27,451 [grpc-default-executor-0] INFO  interfaces.Container (KeyValueContainer.java:flushAndSyncDB(400)) - Container 1 is synced with bcsId 56.
2019-11-14 07:28:27,479 [EventQueue-IncrementalContainerReportForIncrementalContainerReportHandler] INFO  container.IncrementalContainerReportHandler (AbstractContainerReportHandler.java:updateContainerState(171)) - Moving container #1 to QUASI_CLOSED state, datanode 11b96894-e5c9-4f16-b69e-d41085948f59{ip: 192.168.157.220, host: pr-hdds-2473-master-5lfk4-2089843416, networkLocation: /default-rack, certSerialId: null} reported QUASI_CLOSED replica.
2019-11-14 07:28:27,519 [grpc-default-executor-0] INFO  interfaces.Container (KeyValueContainer.java:flushAndSyncDB(400)) - Container 2 is synced with bcsId 72.
2019-11-14 07:28:27,519 [grpc-default-executor-0] INFO  interfaces.Container (KeyValueContainer.java:flushAndSyncDB(400)) - Container 2 is synced with bcsId 72.
2019-11-14 07:28:27,546 [EventQueue-IncrementalContainerReportForIncrementalContainerReportHandler] INFO  container.IncrementalContainerReportHandler (AbstractContainerReportHandler.java:updateContainerState(171)) - Moving container #2 to QUASI_CLOSED state, datanode 11b96894-e5c9-4f16-b69e-d41085948f59{ip: 192.168.157.220, host: pr-hdds-2473-master-5lfk4-2089843416, networkLocation: /default-rack, certSerialId: null} reported QUASI_CLOSED replica.
2019-11-14 07:28:27,595 [grpc-default-executor-0] INFO  interfaces.Container (KeyValueContainer.java:flushAndSyncDB(400)) - Container 3 is synced with bcsId 38.
2019-11-14 07:28:27,595 [grpc-default-executor-0] INFO  interfaces.Container (KeyValueContainer.java:flushAndSyncDB(400)) - Container 3 is synced with bcsId 38.
2019-11-14 07:28:27,623 [EventQueue-IncrementalContainerReportForIncrementalContainerReportHandler] INFO  container.IncrementalContainerReportHandler (AbstractContainerReportHandler.java:updateContainerState(171)) - Moving container #3 to QUASI_CLOSED state, datanode 11b96894-e5c9-4f16-b69e-d41085948f59{ip: 192.168.157.220, host: pr-hdds-2473-master-5lfk4-2089843416, networkLocation: /default-rack, certSerialId: null} reported QUASI_CLOSED replica.
2019-11-14 07:28:27,636 [grpc-default-executor-0] INFO  impl.RaftServerProxy (RaftServerProxy.java:remove(95)) - a055a1b9-25b3-4fc2-bbfd-9b68c6048d26: remove    LEADER a055a1b9-25b3-4fc2-bbfd-9b68c6048d26@group-ED84B3122BE0:t1, leader=a055a1b9-25b3-4fc2-bbfd-9b68c6048d26, voted=a055a1b9-25b3-4fc2-bbfd-9b68c6048d26, raftlog=a055a1b9-25b3-4fc2-bbfd-9b68c6048d26@group-ED84B3122BE0-SegmentedRaftLog:OPENED:c74,f74,i74, conf=0: [a055a1b9-25b3-4fc2-bbfd-9b68c6048d26:192.168.157.220:32830, f801ea35-1a8a-4ca1-9f8b-520ebd42f3c5:192.168.157.220:34472, 11b96894-e5c9-4f16-b69e-d41085948f59:192.168.157.220:37422], old=null RUNNING
2019-11-14 07:28:27,636 [grpc-default-executor-0] INFO  impl.RaftServerImpl (RaftServerImpl.java:lambda$shutdown$3(250)) - a055a1b9-25b3-4fc2-bbfd-9b68c6048d26@group-ED84B3122BE0: shutdown
2019-11-14 07:28:27,636 [grpc-default-executor-0] INFO  util.JmxRegister (JmxRegister.java:unregister(73)) - Successfully un-registered JMX Bean with object name Ratis:service=RaftServer,group=group-ED84B3122BE0,id=a055a1b9-25b3-4fc2-bbfd-9b68c6048d26
2019-11-14 07:28:27,637 [grpc-default-executor-0] INFO  impl.RoleInfo (RoleInfo.java:shutdownLeaderState(104)) - a055a1b9-25b3-4fc2-bbfd-9b68c6048d26: shutdown LeaderState
2019-11-14 07:28:27,639 [org.apache.ratis.server.impl.LogAppender$AppenderDaemon$$Lambda$454/1911582423@5f84e25d] WARN  server.GrpcLogAppender (GrpcLogAppender.java:mayWait(151)) - a055a1b9-25b3-4fc2-bbfd-9b68c6048d26@group-ED84B3122BE0->f801ea35-1a8a-4ca1-9f8b-520ebd42f3c5-GrpcLogAppender: Wait interrupted by java.lang.InterruptedException
2019-11-14 07:28:27,640 [grpc-default-executor-0] INFO  impl.PendingRequests (PendingRequests.java:sendNotLeaderResponses(206)) - a055a1b9-25b3-4fc2-bbfd-9b68c6048d26@group-ED84B3122BE0-PendingRequests: sendNotLeaderResponses
2019-11-14 07:28:27,639 [org.apache.ratis.server.impl.LogAppender$AppenderDaemon$$Lambda$454/1911582423@53832b44] WARN  server.GrpcLogAppender (GrpcLogAppender.java:mayWait(151)) - a055a1b9-25b3-4fc2-bbfd-9b68c6048d26@group-ED84B3122BE0->11b96894-e5c9-4f16-b69e-d41085948f59-GrpcLogAppender: Wait interrupted by java.lang.InterruptedException
2019-11-14 07:28:27,644 [grpc-default-executor-0] INFO  impl.StateMachineUpdater (StateMachineUpdater.java:stopAndJoin(136)) - a055a1b9-25b3-4fc2-bbfd-9b68c6048d26@group-ED84B3122BE0-StateMachineUpdater: set stopIndex = 74
2019-11-14 07:28:27,644 [a055a1b9-25b3-4fc2-bbfd-9b68c6048d26@group-ED84B3122BE0-StateMachineUpdater] INFO  ratis.ContainerStateMachine (ContainerStateMachine.java:takeSnapshot(285)) - group-ED84B3122BE0: Taking a snapshot at:(t:1, i:72) file /workdir/hadoop-ozone/tools/target/test-dir/MiniOzoneClusterImpl-8172989c-4da0-4083-a6db-55a067c25ea9/datanode-0/data/ratis/aa2f7ac6-1375-42f7-9519-ed84b3122be0/sm/snapshot.1_72
2019-11-14 07:28:27,648 [grpc-default-executor-3] INFO  server.GrpcServerProtocolService (GrpcServerProtocolService.java:onCompleted(113)) - f801ea35-1a8a-4ca1-9f8b-520ebd42f3c5: Completed APPEND_ENTRIES, lastRequest: a055a1b9-25b3-4fc2-bbfd-9b68c6048d26->f801ea35-1a8a-4ca1-9f8b-520ebd42f3c5#77-t1, previous=(t:1, i:74), leaderCommit=74, initializing? false, entries: <empty>
2019-11-14 07:28:27,648 [grpc-default-executor-2] INFO  server.GrpcServerProtocolService (GrpcServerProtocolService.java:onCompleted(113)) - 11b96894-e5c9-4f16-b69e-d41085948f59: Completed APPEND_ENTRIES, lastRequest: a055a1b9-25b3-4fc2-bbfd-9b68c6048d26->11b96894-e5c9-4f16-b69e-d41085948f59#77-t1, previous=(t:1, i:74), leaderCommit=74, initializing? false, entries: <empty>
2019-11-14 07:28:27,650 [grpc-default-executor-2] INFO  server.GrpcLogAppender (GrpcLogAppender.java:onCompleted(308)) - a055a1b9-25b3-4fc2-bbfd-9b68c6048d26@group-ED84B3122BE0->f801ea35-1a8a-4ca1-9f8b-520ebd42f3c5-AppendLogResponseHandler: follower responses appendEntries COMPLETED
2019-11-14 07:28:27,651 [grpc-default-executor-3] INFO  server.GrpcLogAppender (GrpcLogAppender.java:onCompleted(308)) - a055a1b9-25b3-4fc2-bbfd-9b68c6048d26@group-ED84B3122BE0->11b96894-e5c9-4f16-b69e-d41085948f59-AppendLogResponseHandler: follower responses appendEntries COMPLETED
2019-11-14 07:28:27,656 [grpc-default-executor-2] INFO  impl.FollowerInfo (FollowerInfo.java:lambda$new$0(51)) - a055a1b9-25b3-4fc2-bbfd-9b68c6048d26@group-ED84B3122BE0->f801ea35-1a8a-4ca1-9f8b-520ebd42f3c5: nextIndex: updateUnconditionally 75 -> 74
2019-11-14 07:28:27,656 [grpc-default-executor-3] INFO  impl.FollowerInfo (FollowerInfo.java:lambda$new$0(51)) - a055a1b9-25b3-4fc2-bbfd-9b68c6048d26@group-ED84B3122BE0->11b96894-e5c9-4f16-b69e-d41085948f59: nextIndex: updateUnconditionally 75 -> 74
2019-11-14 07:28:27,672 [a055a1b9-25b3-4fc2-bbfd-9b68c6048d26@group-ED84B3122BE0-StateMachineUpdater] INFO  ratis.ContainerStateMachine (ContainerStateMachine.java:takeSnapshot(296)) - group-ED84B3122BE0: Finished taking a snapshot at:(t:1, i:72) file:/workdir/hadoop-ozone/tools/target/test-dir/MiniOzoneClusterImpl-8172989c-4da0-4083-a6db-55a067c25ea9/datanode-0/data/ratis/aa2f7ac6-1375-42f7-9519-ed84b3122be0/sm/snapshot.1_72 time:27
2019-11-14 07:28:27,672 [a055a1b9-25b3-4fc2-bbfd-9b68c6048d26@group-ED84B3122BE0-StateMachineUpdater] INFO  impl.StateMachineUpdater (StateMachineUpdater.java:takeSnapshot(269)) - a055a1b9-25b3-4fc2-bbfd-9b68c6048d26@group-ED84B3122BE0-StateMachineUpdater: Took a snapshot at index 72
2019-11-14 07:28:27,672 [a055a1b9-25b3-4fc2-bbfd-9b68c6048d26@group-ED84B3122BE0-StateMachineUpdater] INFO  impl.StateMachineUpdater (StateMachineUpdater.java:lambda$new$0(84)) - a055a1b9-25b3-4fc2-bbfd-9b68c6048d26@group-ED84B3122BE0-StateMachineUpdater: snapshotIndex: updateIncreasingly -1 -> 72
2019-11-14 07:28:27,672 [a055a1b9-25b3-4fc2-bbfd-9b68c6048d26@group-ED84B3122BE0-StateMachineUpdater] INFO  ratis.ContainerStateMachine (ContainerStateMachine.java:takeSnapshot(285)) - group-ED84B3122BE0: Taking a snapshot at:(t:1, i:72) file /workdir/hadoop-ozone/tools/target/test-dir/MiniOzoneClusterImpl-8172989c-4da0-4083-a6db-55a067c25ea9/datanode-0/data/ratis/aa2f7ac6-1375-42f7-9519-ed84b3122be0/sm/snapshot.1_72
2019-11-14 07:28:27,697 [a055a1b9-25b3-4fc2-bbfd-9b68c6048d26@group-ED84B3122BE0-StateMachineUpdater] INFO  ratis.ContainerStateMachine (ContainerStateMachine.java:takeSnapshot(296)) - group-ED84B3122BE0: Finished taking a snapshot at:(t:1, i:72) file:/workdir/hadoop-ozone/tools/target/test-dir/MiniOzoneClusterImpl-8172989c-4da0-4083-a6db-55a067c25ea9/datanode-0/data/ratis/aa2f7ac6-1375-42f7-9519-ed84b3122be0/sm/snapshot.1_72 time:24
2019-11-14 07:28:27,697 [a055a1b9-25b3-4fc2-bbfd-9b68c6048d26@group-ED84B3122BE0-StateMachineUpdater] INFO  impl.StateMachineUpdater (StateMachineUpdater.java:takeSnapshot(269)) - a055a1b9-25b3-4fc2-bbfd-9b68c6048d26@group-ED84B3122BE0-StateMachineUpdater: Took a snapshot at index 72
2019-11-14 07:28:27,697 [a055a1b9-25b3-4fc2-bbfd-9b68c6048d26@group-ED84B3122BE0-StateMachineUpdater] INFO  impl.StateMachineUpdater (StateMachineUpdater.java:lambda$new$0(84)) - a055a1b9-25b3-4fc2-bbfd-9b68c6048d26@group-ED84B3122BE0-StateMachineUpdater: snapshotIndex: updateIncreasingly 72 -> 72
2019-11-14 07:28:27,698 [grpc-default-executor-0] INFO  impl.RaftServerImpl (ServerState.java:close(387)) - a055a1b9-25b3-4fc2-bbfd-9b68c6048d26@group-ED84B3122BE0: closes. applyIndex: 74
2019-11-14 07:28:27,699 [a055a1b9-25b3-4fc2-bbfd-9b68c6048d26@group-ED84B3122BE0-SegmentedRaftLogWorker] INFO  segmented.SegmentedRaftLogWorker (SegmentedRaftLogWorker.java:run(316)) - a055a1b9-25b3-4fc2-bbfd-9b68c6048d26@group-ED84B3122BE0-SegmentedRaftLogWorker was interrupted, exiting. There are 0 tasks remaining in the queue.
2019-11-14 07:28:27,700 [grpc-default-executor-0] INFO  segmented.SegmentedRaftLogWorker (SegmentedRaftLogWorker.java:close(224)) - a055a1b9-25b3-4fc2-bbfd-9b68c6048d26@group-ED84B3122BE0-SegmentedRaftLogWorker close()
2019-11-14 07:28:27,748 [grpc-default-executor-0] INFO  interfaces.Container (KeyValueContainer.java:flushAndSyncDB(400)) - Container 1 is synced with bcsId 56.
2019-11-14 07:28:27,748 [grpc-default-executor-0] INFO  interfaces.Container (KeyValueContainer.java:flushAndSyncDB(400)) - Container 1 is synced with bcsId 56.
2019-11-14 07:28:27,815 [grpc-default-executor-0] INFO  interfaces.Container (KeyValueContainer.java:flushAndSyncDB(400)) - Container 2 is synced with bcsId 72.
2019-11-14 07:28:27,816 [grpc-default-executor-0] INFO  interfaces.Container (KeyValueContainer.java:flushAndSyncDB(400)) - Container 2 is synced with bcsId 72.
2019-11-14 07:28:27,900 [grpc-default-executor-0] INFO  interfaces.Container (KeyValueContainer.java:flushAndSyncDB(400)) - Container 3 is synced with bcsId 38.
2019-11-14 07:28:27,900 [grpc-default-executor-0] INFO  interfaces.Container (KeyValueContainer.java:flushAndSyncDB(400)) - Container 3 is synced with bcsId 38.
2019-11-14 07:28:27,940 [grpc-default-executor-0] INFO  impl.RaftServerProxy (RaftServerProxy.java:remove(95)) - f801ea35-1a8a-4ca1-9f8b-520ebd42f3c5: remove  FOLLOWER f801ea35-1a8a-4ca1-9f8b-520ebd42f3c5@group-ED84B3122BE0:t1, leader=a055a1b9-25b3-4fc2-bbfd-9b68c6048d26, voted=a055a1b9-25b3-4fc2-bbfd-9b68c6048d26, raftlog=f801ea35-1a8a-4ca1-9f8b-520ebd42f3c5@group-ED84B3122BE0-SegmentedRaftLog:OPENED:c74,f74,i74, conf=0: [a055a1b9-25b3-4fc2-bbfd-9b68c6048d26:192.168.157.220:32830, f801ea35-1a8a-4ca1-9f8b-520ebd42f3c5:192.168.157.220:34472, 11b96894-e5c9-4f16-b69e-d41085948f59:192.168.157.220:37422], old=null RUNNING
2019-11-14 07:28:27,941 [grpc-default-executor-0] INFO  impl.RaftServerImpl (RaftServerImpl.java:lambda$shutdown$3(250)) - f801ea35-1a8a-4ca1-9f8b-520ebd42f3c5@group-ED84B3122BE0: shutdown
2019-11-14 07:28:27,941 [grpc-default-executor-0] INFO  util.JmxRegister (JmxRegister.java:unregister(73)) - Successfully un-registered JMX Bean with object name Ratis:service=RaftServer,group=group-ED84B3122BE0,id=f801ea35-1a8a-4ca1-9f8b-520ebd42f3c5
2019-11-14 07:28:27,941 [grpc-default-executor-0] INFO  impl.RoleInfo (RoleInfo.java:shutdownFollowerState(121)) - f801ea35-1a8a-4ca1-9f8b-520ebd42f3c5: shutdown FollowerState
2019-11-14 07:28:27,942 [grpc-default-executor-0] INFO  impl.StateMachineUpdater (StateMachineUpdater.java:stopAndJoin(136)) - f801ea35-1a8a-4ca1-9f8b-520ebd42f3c5@group-ED84B3122BE0-StateMachineUpdater: set stopIndex = 74
2019-11-14 07:28:27,942 [f801ea35-1a8a-4ca1-9f8b-520ebd42f3c5@group-ED84B3122BE0-StateMachineUpdater] INFO  ratis.ContainerStateMachine (ContainerStateMachine.java:takeSnapshot(285)) - group-ED84B3122BE0: Taking a snapshot at:(t:1, i:72) file /workdir/hadoop-ozone/tools/target/test-dir/MiniOzoneClusterImpl-8172989c-4da0-4083-a6db-55a067c25ea9/datanode-1/data/ratis/aa2f7ac6-1375-42f7-9519-ed84b3122be0/sm/snapshot.1_72
2019-11-14 07:28:27,942 [Thread-232] INFO  impl.FollowerState (FollowerState.java:run(120)) - f801ea35-1a8a-4ca1-9f8b-520ebd42f3c5@group-ED84B3122BE0-FollowerState was interrupted: java.lang.InterruptedException: sleep interrupted
2019-11-14 07:28:27,967 [f801ea35-1a8a-4ca1-9f8b-520ebd42f3c5@group-ED84B3122BE0-StateMachineUpdater] INFO  ratis.ContainerStateMachine (ContainerStateMachine.java:takeSnapshot(296)) - group-ED84B3122BE0: Finished taking a snapshot at:(t:1, i:72) file:/workdir/hadoop-ozone/tools/target/test-dir/MiniOzoneClusterImpl-8172989c-4da0-4083-a6db-55a067c25ea9/datanode-1/data/ratis/aa2f7ac6-1375-42f7-9519-ed84b3122be0/sm/snapshot.1_72 time:25
2019-11-14 07:28:27,968 [f801ea35-1a8a-4ca1-9f8b-520ebd42f3c5@group-ED84B3122BE0-StateMachineUpdater] INFO  impl.StateMachineUpdater (StateMachineUpdater.java:takeSnapshot(269)) - f801ea35-1a8a-4ca1-9f8b-520ebd42f3c5@group-ED84B3122BE0-StateMachineUpdater: Took a snapshot at index 72
2019-11-14 07:28:27,968 [f801ea35-1a8a-4ca1-9f8b-520ebd42f3c5@group-ED84B3122BE0-StateMachineUpdater] INFO  impl.StateMachineUpdater (StateMachineUpdater.java:lambda$new$0(84)) - f801ea35-1a8a-4ca1-9f8b-520ebd42f3c5@group-ED84B3122BE0-StateMachineUpdater: snapshotIndex: updateIncreasingly -1 -> 72
2019-11-14 07:28:27,968 [f801ea35-1a8a-4ca1-9f8b-520ebd42f3c5@group-ED84B3122BE0-StateMachineUpdater] INFO  ratis.ContainerStateMachine (ContainerStateMachine.java:takeSnapshot(285)) - group-ED84B3122BE0: Taking a snapshot at:(t:1, i:72) file /workdir/hadoop-ozone/tools/target/test-dir/MiniOzoneClusterImpl-8172989c-4da0-4083-a6db-55a067c25ea9/datanode-1/data/ratis/aa2f7ac6-1375-42f7-9519-ed84b3122be0/sm/snapshot.1_72
2019-11-14 07:28:27,992 [f801ea35-1a8a-4ca1-9f8b-520ebd42f3c5@group-ED84B3122BE0-StateMachineUpdater] INFO  ratis.ContainerStateMachine (ContainerStateMachine.java:takeSnapshot(296)) - group-ED84B3122BE0: Finished taking a snapshot at:(t:1, i:72) file:/workdir/hadoop-ozone/tools/target/test-dir/MiniOzoneClusterImpl-8172989c-4da0-4083-a6db-55a067c25ea9/datanode-1/data/ratis/aa2f7ac6-1375-42f7-9519-ed84b3122be0/sm/snapshot.1_72 time:24
2019-11-14 07:28:27,993 [f801ea35-1a8a-4ca1-9f8b-520ebd42f3c5@group-ED84B3122BE0-StateMachineUpdater] INFO  impl.StateMachineUpdater (StateMachineUpdater.java:takeSnapshot(269)) - f801ea35-1a8a-4ca1-9f8b-520ebd42f3c5@group-ED84B3122BE0-StateMachineUpdater: Took a snapshot at index 72
2019-11-14 07:28:27,993 [f801ea35-1a8a-4ca1-9f8b-520ebd42f3c5@group-ED84B3122BE0-StateMachineUpdater] INFO  impl.StateMachineUpdater (StateMachineUpdater.java:lambda$new$0(84)) - f801ea35-1a8a-4ca1-9f8b-520ebd42f3c5@group-ED84B3122BE0-StateMachineUpdater: snapshotIndex: updateIncreasingly 72 -> 72
2019-11-14 07:28:27,994 [grpc-default-executor-0] INFO  impl.RaftServerImpl (ServerState.java:close(387)) - f801ea35-1a8a-4ca1-9f8b-520ebd42f3c5@group-ED84B3122BE0: closes. applyIndex: 74
2019-11-14 07:28:27,994 [f801ea35-1a8a-4ca1-9f8b-520ebd42f3c5@group-ED84B3122BE0-SegmentedRaftLogWorker] INFO  segmented.SegmentedRaftLogWorker (SegmentedRaftLogWorker.java:run(316)) - f801ea35-1a8a-4ca1-9f8b-520ebd42f3c5@group-ED84B3122BE0-SegmentedRaftLogWorker was interrupted, exiting. There are 0 tasks remaining in the queue.
2019-11-14 07:28:27,996 [grpc-default-executor-0] INFO  segmented.SegmentedRaftLogWorker (SegmentedRaftLogWorker.java:close(224)) - f801ea35-1a8a-4ca1-9f8b-520ebd42f3c5@group-ED84B3122BE0-SegmentedRaftLogWorker close()
2019-11-14 07:28:28,043 [grpc-default-executor-0] INFO  interfaces.Container (KeyValueContainer.java:flushAndSyncDB(400)) - Container 1 is synced with bcsId 56.
2019-11-14 07:28:28,044 [grpc-default-executor-0] INFO  interfaces.Container (KeyValueContainer.java:flushAndSyncDB(400)) - Container 1 is synced with bcsId 56.
2019-11-14 07:28:28,111 [grpc-default-executor-0] INFO  interfaces.Container (KeyValueContainer.java:flushAndSyncDB(400)) - Container 2 is synced with bcsId 72.
2019-11-14 07:28:28,111 [grpc-default-executor-0] INFO  interfaces.Container (KeyValueContainer.java:flushAndSyncDB(400)) - Container 2 is synced with bcsId 72.
2019-11-14 07:28:28,179 [grpc-default-executor-0] INFO  interfaces.Container (KeyValueContainer.java:flushAndSyncDB(400)) - Container 3 is synced with bcsId 38.
2019-11-14 07:28:28,179 [grpc-default-executor-0] INFO  interfaces.Container (KeyValueContainer.java:flushAndSyncDB(400)) - Container 3 is synced with bcsId 38.
2019-11-14 07:28:28,208 [main] INFO  pipeline.PipelineStateManager (PipelineStateManager.java:removePipeline(106)) - Pipeline Pipeline[ Id: aa2f7ac6-1375-42f7-9519-ed84b3122be0, Nodes: 11b96894-e5c9-4f16-b69e-d41085948f59{ip: 192.168.157.220, host: pr-hdds-2473-master-5lfk4-2089843416, networkLocation: /default-rack, certSerialId: null}a055a1b9-25b3-4fc2-bbfd-9b68c6048d26{ip: 192.168.157.220, host: pr-hdds-2473-master-5lfk4-2089843416, networkLocation: /default-rack, certSerialId: null}f801ea35-1a8a-4ca1-9f8b-520ebd42f3c5{ip: 192.168.157.220, host: pr-hdds-2473-master-5lfk4-2089843416, networkLocation: /default-rack, certSerialId: null}, Type:RATIS, Factor:THREE, State:CLOSED] removed from db
2019-11-14 07:28:28,222 [grpc-default-executor-3] INFO  impl.RaftServerProxy (RaftServerProxy.java:addNew(89)) - f801ea35-1a8a-4ca1-9f8b-520ebd42f3c5: addNew group-10122830AF56:[a055a1b9-25b3-4fc2-bbfd-9b68c6048d26:192.168.157.220:32830, f801ea35-1a8a-4ca1-9f8b-520ebd42f3c5:192.168.157.220:34472, 11b96894-e5c9-4f16-b69e-d41085948f59:192.168.157.220:37422] returns group-10122830AF56:java.util.concurrent.CompletableFuture@4f01e22[Not completed]
2019-11-14 07:28:28,222 [grpc-default-executor-0] INFO  impl.RaftServerProxy (RaftServerProxy.java:addNew(89)) - a055a1b9-25b3-4fc2-bbfd-9b68c6048d26: addNew group-10122830AF56:[a055a1b9-25b3-4fc2-bbfd-9b68c6048d26:192.168.157.220:32830, f801ea35-1a8a-4ca1-9f8b-520ebd42f3c5:192.168.157.220:34472, 11b96894-e5c9-4f16-b69e-d41085948f59:192.168.157.220:37422] returns group-10122830AF56:java.util.concurrent.CompletableFuture@a9088b0[Not completed]
2019-11-14 07:28:28,223 [grpc-default-executor-2] INFO  impl.RaftServerProxy (RaftServerProxy.java:addNew(89)) - 11b96894-e5c9-4f16-b69e-d41085948f59: addNew group-10122830AF56:[a055a1b9-25b3-4fc2-bbfd-9b68c6048d26:192.168.157.220:32830, f801ea35-1a8a-4ca1-9f8b-520ebd42f3c5:192.168.157.220:34472, 11b96894-e5c9-4f16-b69e-d41085948f59:192.168.157.220:37422] returns group-10122830AF56:java.util.concurrent.CompletableFuture@1455f710[Not completed]
2019-11-14 07:28:28,225 [pool-37-thread-1] INFO  impl.RaftServerImpl (RaftServerImpl.java:<init>(98)) - f801ea35-1a8a-4ca1-9f8b-520ebd42f3c5: new RaftServerImpl for group-10122830AF56:[a055a1b9-25b3-4fc2-bbfd-9b68c6048d26:192.168.157.220:32830, f801ea35-1a8a-4ca1-9f8b-520ebd42f3c5:192.168.157.220:34472, 11b96894-e5c9-4f16-b69e-d41085948f59:192.168.157.220:37422] with ContainerStateMachine:uninitialized
2019-11-14 07:28:28,225 [pool-37-thread-1] INFO  server.RaftServerConfigKeys (ConfUtils.java:logGet(43)) - raft.server.rpc.timeout.min = 5s (custom)
2019-11-14 07:28:28,225 [pool-37-thread-1] INFO  server.RaftServerConfigKeys (ConfUtils.java:logGet(43)) - raft.server.rpc.timeout.max = 5200ms (custom)
2019-11-14 07:28:28,225 [pool-37-thread-1] INFO  server.RaftServerConfigKeys (ConfUtils.java:logGet(43)) - raft.server.rpcslowness.timeout = 120s (custom)
2019-11-14 07:28:28,225 [pool-37-thread-1] INFO  server.RaftServerConfigKeys (ConfUtils.java:logGet(43)) - raft.server.sleep.deviation.threshold = 300 (default)
2019-11-14 07:28:28,225 [pool-37-thread-1] INFO  server.RaftServerConfigKeys (ConfUtils.java:logGet(43)) - raft.server.log.appender.install.snapshot.enabled = false (custom)
2019-11-14 07:28:28,225 [pool-37-thread-1] INFO  impl.RaftServerImpl (ServerState.java:<init>(103)) - f801ea35-1a8a-4ca1-9f8b-520ebd42f3c5@group-10122830AF56: ConfigurationManager, init=-1: [a055a1b9-25b3-4fc2-bbfd-9b68c6048d26:192.168.157.220:32830, f801ea35-1a8a-4ca1-9f8b-520ebd42f3c5:192.168.157.220:34472, 11b96894-e5c9-4f16-b69e-d41085948f59:192.168.157.220:37422], old=null, confs=<EMPTY_MAP>
2019-11-14 07:28:28,226 [pool-37-thread-1] INFO  server.RaftServerConfigKeys (ConfUtils.java:logGet(43)) - raft.server.storage.dir = [/workdir/hadoop-ozone/tools/target/test-dir/MiniOzoneClusterImpl-8172989c-4da0-4083-a6db-55a067c25ea9/datanode-1/data/ratis] (custom)
2019-11-14 07:28:28,226 [pool-37-thread-1] INFO  server.RaftServerConfigKeys (ConfUtils.java:logGet(43)) - raft.server.log.corruption.policy = EXCEPTION (default)
2019-11-14 07:28:28,226 [pool-37-thread-1] INFO  storage.RaftStorageDirectory (RaftStorageDirectory.java:analyzeStorage(246)) - The storage directory /workdir/hadoop-ozone/tools/target/test-dir/MiniOzoneClusterImpl-8172989c-4da0-4083-a6db-55a067c25ea9/datanode-1/data/ratis/e8a192b2-45df-40fd-9cc9-10122830af56 does not exist. Creating ...
2019-11-14 07:28:28,227 [pool-47-thread-1] INFO  impl.RaftServerImpl (RaftServerImpl.java:<init>(98)) - 11b96894-e5c9-4f16-b69e-d41085948f59: new RaftServerImpl for group-10122830AF56:[a055a1b9-25b3-4fc2-bbfd-9b68c6048d26:192.168.157.220:32830, f801ea35-1a8a-4ca1-9f8b-520ebd42f3c5:192.168.157.220:34472, 11b96894-e5c9-4f16-b69e-d41085948f59:192.168.157.220:37422] with ContainerStateMachine:uninitialized
2019-11-14 07:28:28,227 [pool-47-thread-1] INFO  server.RaftServerConfigKeys (ConfUtils.java:logGet(43)) - raft.server.rpc.timeout.min = 5s (custom)
2019-11-14 07:28:28,227 [pool-47-thread-1] INFO  server.RaftServerConfigKeys (ConfUtils.java:logGet(43)) - raft.server.rpc.timeout.max = 5200ms (custom)
2019-11-14 07:28:28,227 [pool-47-thread-1] INFO  server.RaftServerConfigKeys (ConfUtils.java:logGet(43)) - raft.server.rpcslowness.timeout = 120s (custom)
2019-11-14 07:28:28,228 [pool-47-thread-1] INFO  server.RaftServerConfigKeys (ConfUtils.java:logGet(43)) - raft.server.sleep.deviation.threshold = 300 (default)
2019-11-14 07:28:28,228 [pool-47-thread-1] INFO  server.RaftServerConfigKeys (ConfUtils.java:logGet(43)) - raft.server.log.appender.install.snapshot.enabled = false (custom)
2019-11-14 07:28:28,228 [pool-27-thread-1] INFO  impl.RaftServerImpl (RaftServerImpl.java:<init>(98)) - a055a1b9-25b3-4fc2-bbfd-9b68c6048d26: new RaftServerImpl for group-10122830AF56:[a055a1b9-25b3-4fc2-bbfd-9b68c6048d26:192.168.157.220:32830, f801ea35-1a8a-4ca1-9f8b-520ebd42f3c5:192.168.157.220:34472, 11b96894-e5c9-4f16-b69e-d41085948f59:192.168.157.220:37422] with ContainerStateMachine:uninitialized
2019-11-14 07:28:28,228 [pool-47-thread-1] INFO  impl.RaftServerImpl (ServerState.java:<init>(103)) - 11b96894-e5c9-4f16-b69e-d41085948f59@group-10122830AF56: ConfigurationManager, init=-1: [a055a1b9-25b3-4fc2-bbfd-9b68c6048d26:192.168.157.220:32830, f801ea35-1a8a-4ca1-9f8b-520ebd42f3c5:192.168.157.220:34472, 11b96894-e5c9-4f16-b69e-d41085948f59:192.168.157.220:37422], old=null, confs=<EMPTY_MAP>
2019-11-14 07:28:28,228 [pool-27-thread-1] INFO  server.RaftServerConfigKeys (ConfUtils.java:logGet(43)) - raft.server.rpc.timeout.min = 5s (custom)
2019-11-14 07:28:28,228 [pool-47-thread-1] INFO  server.RaftServerConfigKeys (ConfUtils.java:logGet(43)) - raft.server.storage.dir = [/workdir/hadoop-ozone/tools/target/test-dir/MiniOzoneClusterImpl-8172989c-4da0-4083-a6db-55a067c25ea9/datanode-2/data/ratis] (custom)
2019-11-14 07:28:28,228 [pool-27-thread-1] INFO  server.RaftServerConfigKeys (ConfUtils.java:logGet(43)) - raft.server.rpc.timeout.max = 5200ms (custom)
2019-11-14 07:28:28,229 [pool-27-thread-1] INFO  server.RaftServerConfigKeys (ConfUtils.java:logGet(43)) - raft.server.rpcslowness.timeout = 120s (custom)
2019-11-14 07:28:28,229 [pool-27-thread-1] INFO  server.RaftServerConfigKeys (ConfUtils.java:logGet(43)) - raft.server.sleep.deviation.threshold = 300 (default)
2019-11-14 07:28:28,229 [pool-47-thread-1] INFO  server.RaftServerConfigKeys (ConfUtils.java:logGet(43)) - raft.server.log.corruption.policy = EXCEPTION (default)
2019-11-14 07:28:28,229 [pool-27-thread-1] INFO  server.RaftServerConfigKeys (ConfUtils.java:logGet(43)) - raft.server.log.appender.install.snapshot.enabled = false (custom)
2019-11-14 07:28:28,229 [pool-27-thread-1] INFO  impl.RaftServerImpl (ServerState.java:<init>(103)) - a055a1b9-25b3-4fc2-bbfd-9b68c6048d26@group-10122830AF56: ConfigurationManager, init=-1: [a055a1b9-25b3-4fc2-bbfd-9b68c6048d26:192.168.157.220:32830, f801ea35-1a8a-4ca1-9f8b-520ebd42f3c5:192.168.157.220:34472, 11b96894-e5c9-4f16-b69e-d41085948f59:192.168.157.220:37422], old=null, confs=<EMPTY_MAP>
2019-11-14 07:28:28,229 [pool-47-thread-1] INFO  storage.RaftStorageDirectory (RaftStorageDirectory.java:analyzeStorage(246)) - The storage directory /workdir/hadoop-ozone/tools/target/test-dir/MiniOzoneClusterImpl-8172989c-4da0-4083-a6db-55a067c25ea9/datanode-2/data/ratis/e8a192b2-45df-40fd-9cc9-10122830af56 does not exist. Creating ...
2019-11-14 07:28:28,229 [pool-27-thread-1] INFO  server.RaftServerConfigKeys (ConfUtils.java:logGet(43)) - raft.server.storage.dir = [/workdir/hadoop-ozone/tools/target/test-dir/MiniOzoneClusterImpl-8172989c-4da0-4083-a6db-55a067c25ea9/datanode-0/data/ratis] (custom)
2019-11-14 07:28:28,229 [pool-27-thread-1] INFO  server.RaftServerConfigKeys (ConfUtils.java:logGet(43)) - raft.server.log.corruption.policy = EXCEPTION (default)
2019-11-14 07:28:28,230 [pool-27-thread-1] INFO  storage.RaftStorageDirectory (RaftStorageDirectory.java:analyzeStorage(246)) - The storage directory /workdir/hadoop-ozone/tools/target/test-dir/MiniOzoneClusterImpl-8172989c-4da0-4083-a6db-55a067c25ea9/datanode-0/data/ratis/e8a192b2-45df-40fd-9cc9-10122830af56 does not exist. Creating ...
2019-11-14 07:28:28,255 [pool-37-thread-1] INFO  storage.RaftStorageDirectory (RaftStorageDirectory.java:tryLock(328)) - Lock on /workdir/hadoop-ozone/tools/target/test-dir/MiniOzoneClusterImpl-8172989c-4da0-4083-a6db-55a067c25ea9/datanode-1/data/ratis/e8a192b2-45df-40fd-9cc9-10122830af56/in_use.lock acquired by nodename 13428@pr-hdds-2473-master-5lfk4-2089843416
2019-11-14 07:28:28,255 [pool-47-thread-1] INFO  storage.RaftStorageDirectory (RaftStorageDirectory.java:tryLock(328)) - Lock on /workdir/hadoop-ozone/tools/target/test-dir/MiniOzoneClusterImpl-8172989c-4da0-4083-a6db-55a067c25ea9/datanode-2/data/ratis/e8a192b2-45df-40fd-9cc9-10122830af56/in_use.lock acquired by nodename 13428@pr-hdds-2473-master-5lfk4-2089843416
2019-11-14 07:28:28,255 [pool-27-thread-1] INFO  storage.RaftStorageDirectory (RaftStorageDirectory.java:tryLock(328)) - Lock on /workdir/hadoop-ozone/tools/target/test-dir/MiniOzoneClusterImpl-8172989c-4da0-4083-a6db-55a067c25ea9/datanode-0/data/ratis/e8a192b2-45df-40fd-9cc9-10122830af56/in_use.lock acquired by nodename 13428@pr-hdds-2473-master-5lfk4-2089843416
2019-11-14 07:28:28,281 [pool-27-thread-1] INFO  storage.RaftStorage (RaftStorage.java:format(84)) - Storage directory /workdir/hadoop-ozone/tools/target/test-dir/MiniOzoneClusterImpl-8172989c-4da0-4083-a6db-55a067c25ea9/datanode-0/data/ratis/e8a192b2-45df-40fd-9cc9-10122830af56 has been successfully formatted.
2019-11-14 07:28:28,281 [pool-47-thread-1] INFO  storage.RaftStorage (RaftStorage.java:format(84)) - Storage directory /workdir/hadoop-ozone/tools/target/test-dir/MiniOzoneClusterImpl-8172989c-4da0-4083-a6db-55a067c25ea9/datanode-2/data/ratis/e8a192b2-45df-40fd-9cc9-10122830af56 has been successfully formatted.
2019-11-14 07:28:28,282 [pool-27-thread-1] INFO  ratis.ContainerStateMachine (ContainerStateMachine.java:loadSnapshot(223)) - group-10122830AF56: The snapshot info is null. Setting the last applied indexto:(t:0, i:~)
2019-11-14 07:28:28,281 [pool-37-thread-1] INFO  storage.RaftStorage (RaftStorage.java:format(84)) - Storage directory /workdir/hadoop-ozone/tools/target/test-dir/MiniOzoneClusterImpl-8172989c-4da0-4083-a6db-55a067c25ea9/datanode-1/data/ratis/e8a192b2-45df-40fd-9cc9-10122830af56 has been successfully formatted.
2019-11-14 07:28:28,282 [pool-47-thread-1] INFO  ratis.ContainerStateMachine (ContainerStateMachine.java:loadSnapshot(223)) - group-10122830AF56: The snapshot info is null. Setting the last applied indexto:(t:0, i:~)
2019-11-14 07:28:28,282 [pool-37-thread-1] INFO  ratis.ContainerStateMachine (ContainerStateMachine.java:loadSnapshot(223)) - group-10122830AF56: The snapshot info is null. Setting the last applied indexto:(t:0, i:~)
2019-11-14 07:28:28,282 [pool-27-thread-1] INFO  server.RaftServerConfigKeys (ConfUtils.java:logGet(43)) - raft.server.notification.no-leader.timeout = 120s (custom)
2019-11-14 07:28:28,282 [pool-37-thread-1] INFO  server.RaftServerConfigKeys (ConfUtils.java:logGet(43)) - raft.server.notification.no-leader.timeout = 120s (custom)
2019-11-14 07:28:28,282 [pool-47-thread-1] INFO  server.RaftServerConfigKeys (ConfUtils.java:logGet(43)) - raft.server.notification.no-leader.timeout = 120s (custom)
2019-11-14 07:28:28,282 [pool-37-thread-1] INFO  server.RaftServerConfigKeys (ConfUtils.java:logGet(43)) - raft.server.log.use.memory = false (default)
2019-11-14 07:28:28,282 [pool-27-thread-1] INFO  server.RaftServerConfigKeys (ConfUtils.java:logGet(43)) - raft.server.log.use.memory = false (default)
2019-11-14 07:28:28,282 [pool-47-thread-1] INFO  server.RaftServerConfigKeys (ConfUtils.java:logGet(43)) - raft.server.log.use.memory = false (default)
2019-11-14 07:28:28,282 [pool-37-thread-1] INFO  server.RaftServerConfigKeys (ConfUtils.java:logGet(43)) - raft.server.log.purge.gap = 1000000 (custom)
2019-11-14 07:28:28,282 [pool-27-thread-1] INFO  server.RaftServerConfigKeys (ConfUtils.java:logGet(43)) - raft.server.log.purge.gap = 1000000 (custom)
2019-11-14 07:28:28,283 [pool-37-thread-1] INFO  server.RaftServerConfigKeys (ConfUtils.java:logGet(43)) - raft.server.log.appender.buffer.byte-limit = 33554432 (custom)
2019-11-14 07:28:28,283 [pool-47-thread-1] INFO  server.RaftServerConfigKeys (ConfUtils.java:logGet(43)) - raft.server.log.purge.gap = 1000000 (custom)
2019-11-14 07:28:28,283 [pool-37-thread-1] INFO  server.RaftServerConfigKeys (ConfUtils.java:logGet(43)) - raft.server.log.segment.size.max = 1048576 (custom)
2019-11-14 07:28:28,283 [pool-27-thread-1] INFO  server.RaftServerConfigKeys (ConfUtils.java:logGet(43)) - raft.server.log.appender.buffer.byte-limit = 33554432 (custom)
2019-11-14 07:28:28,283 [pool-47-thread-1] INFO  server.RaftServerConfigKeys (ConfUtils.java:logGet(43)) - raft.server.log.appender.buffer.byte-limit = 33554432 (custom)
2019-11-14 07:28:28,283 [pool-37-thread-1] INFO  server.RaftServerConfigKeys (ConfUtils.java:logGet(43)) - raft.server.log.segment.cache.num.max = 2 (custom)
2019-11-14 07:28:28,283 [pool-27-thread-1] INFO  server.RaftServerConfigKeys (ConfUtils.java:logGet(43)) - raft.server.log.segment.size.max = 1048576 (custom)
2019-11-14 07:28:28,283 [pool-37-thread-1] INFO  segmented.SegmentedRaftLogWorker (SegmentedRaftLogWorker.java:<init>(173)) - new f801ea35-1a8a-4ca1-9f8b-520ebd42f3c5@group-10122830AF56-SegmentedRaftLogWorker for RaftStorage:Storage Directory /workdir/hadoop-ozone/tools/target/test-dir/MiniOzoneClusterImpl-8172989c-4da0-4083-a6db-55a067c25ea9/datanode-1/data/ratis/e8a192b2-45df-40fd-9cc9-10122830af56
2019-11-14 07:28:28,283 [pool-47-thread-1] INFO  server.RaftServerConfigKeys (ConfUtils.java:logGet(43)) - raft.server.log.segment.size.max = 1048576 (custom)
2019-11-14 07:28:28,283 [pool-37-thread-1] INFO  server.RaftServerConfigKeys (ConfUtils.java:logGet(43)) - raft.server.log.queue.byte-limit = 2147483647 (custom)
2019-11-14 07:28:28,283 [pool-27-thread-1] INFO  server.RaftServerConfigKeys (ConfUtils.java:logGet(43)) - raft.server.log.segment.cache.num.max = 2 (custom)
2019-11-14 07:28:28,284 [pool-37-thread-1] INFO  server.RaftServerConfigKeys (ConfUtils.java:logGet(43)) - raft.server.log.queue.element-limit = 1024 (custom)
2019-11-14 07:28:28,284 [pool-47-thread-1] INFO  server.RaftServerConfigKeys (ConfUtils.java:logGet(43)) - raft.server.log.segment.cache.num.max = 2 (custom)
2019-11-14 07:28:28,284 [pool-37-thread-1] INFO  server.RaftServerConfigKeys (ConfUtils.java:logGet(43)) - raft.server.log.segment.size.max = 1048576 (custom)
2019-11-14 07:28:28,284 [pool-27-thread-1] INFO  segmented.SegmentedRaftLogWorker (SegmentedRaftLogWorker.java:<init>(173)) - new a055a1b9-25b3-4fc2-bbfd-9b68c6048d26@group-10122830AF56-SegmentedRaftLogWorker for RaftStorage:Storage Directory /workdir/hadoop-ozone/tools/target/test-dir/MiniOzoneClusterImpl-8172989c-4da0-4083-a6db-55a067c25ea9/datanode-0/data/ratis/e8a192b2-45df-40fd-9cc9-10122830af56
2019-11-14 07:28:28,284 [pool-37-thread-1] INFO  server.RaftServerConfigKeys (ConfUtils.java:logGet(43)) - raft.server.log.preallocated.size = 16384 (custom)
2019-11-14 07:28:28,284 [pool-47-thread-1] INFO  segmented.SegmentedRaftLogWorker (SegmentedRaftLogWorker.java:<init>(173)) - new 11b96894-e5c9-4f16-b69e-d41085948f59@group-10122830AF56-SegmentedRaftLogWorker for RaftStorage:Storage Directory /workdir/hadoop-ozone/tools/target/test-dir/MiniOzoneClusterImpl-8172989c-4da0-4083-a6db-55a067c25ea9/datanode-2/data/ratis/e8a192b2-45df-40fd-9cc9-10122830af56
2019-11-14 07:28:28,284 [pool-37-thread-1] INFO  server.RaftServerConfigKeys (ConfUtils.java:logGet(43)) - raft.server.log.write.buffer.size = 33554432 (custom)
2019-11-14 07:28:28,284 [pool-27-thread-1] INFO  server.RaftServerConfigKeys (ConfUtils.java:logGet(43)) - raft.server.log.queue.byte-limit = 2147483647 (custom)
2019-11-14 07:28:28,285 [pool-37-thread-1] INFO  server.RaftServerConfigKeys (ConfUtils.java:logGet(43)) - raft.server.log.force.sync.num = 128 (default)
2019-11-14 07:28:28,284 [pool-47-thread-1] INFO  server.RaftServerConfigKeys (ConfUtils.java:logGet(43)) - raft.server.log.queue.byte-limit = 2147483647 (custom)
2019-11-14 07:28:28,285 [pool-37-thread-1] INFO  server.RaftServerConfigKeys (ConfUtils.java:logGet(43)) - raft.server.log.statemachine.data.sync = true (default)
2019-11-14 07:28:28,285 [pool-27-thread-1] INFO  server.RaftServerConfigKeys (ConfUtils.java:logGet(43)) - raft.server.log.queue.element-limit = 1024 (custom)
2019-11-14 07:28:28,285 [pool-37-thread-1] INFO  server.RaftServerConfigKeys (ConfUtils.java:logGet(43)) - raft.server.log.statemachine.data.sync.timeout = 10s (default)
2019-11-14 07:28:28,285 [pool-47-thread-1] INFO  server.RaftServerConfigKeys (ConfUtils.java:logGet(43)) - raft.server.log.queue.element-limit = 1024 (custom)
2019-11-14 07:28:28,285 [pool-37-thread-1] INFO  server.RaftServerConfigKeys (ConfUtils.java:logGet(43)) - raft.server.log.statemachine.data.sync.timeout.retry = -1 (default)
2019-11-14 07:28:28,285 [pool-27-thread-1] INFO  server.RaftServerConfigKeys (ConfUtils.java:logGet(43)) - raft.server.log.segment.size.max = 1048576 (custom)
2019-11-14 07:28:28,285 [pool-47-thread-1] INFO  server.RaftServerConfigKeys (ConfUtils.java:logGet(43)) - raft.server.log.segment.size.max = 1048576 (custom)
2019-11-14 07:28:28,285 [pool-27-thread-1] INFO  server.RaftServerConfigKeys (ConfUtils.java:logGet(43)) - raft.server.log.preallocated.size = 16384 (custom)
2019-11-14 07:28:28,286 [pool-47-thread-1] INFO  server.RaftServerConfigKeys (ConfUtils.java:logGet(43)) - raft.server.log.preallocated.size = 16384 (custom)
2019-11-14 07:28:28,286 [pool-37-thread-1] INFO  server.RaftServerConfigKeys (ConfUtils.java:logGet(43)) - raft.server.log.statemachine.data.caching.enabled = true (custom)
2019-11-14 07:28:28,286 [pool-47-thread-1] INFO  server.RaftServerConfigKeys (ConfUtils.java:logGet(43)) - raft.server.log.write.buffer.size = 33554432 (custom)
2019-11-14 07:28:28,286 [pool-27-thread-1] INFO  server.RaftServerConfigKeys (ConfUtils.java:logGet(43)) - raft.server.log.write.buffer.size = 33554432 (custom)
2019-11-14 07:28:28,286 [pool-47-thread-1] INFO  server.RaftServerConfigKeys (ConfUtils.java:logGet(43)) - raft.server.log.force.sync.num = 128 (default)
2019-11-14 07:28:28,286 [pool-37-thread-1] INFO  segmented.SegmentedRaftLogWorker (SegmentedRaftLogWorker.java:lambda$new$0(128)) - f801ea35-1a8a-4ca1-9f8b-520ebd42f3c5@group-10122830AF56-SegmentedRaftLogWorker: flushIndex: setUnconditionally 0 -> -1
2019-11-14 07:28:28,286 [pool-27-thread-1] INFO  server.RaftServerConfigKeys (ConfUtils.java:logGet(43)) - raft.server.log.force.sync.num = 128 (default)
2019-11-14 07:28:28,286 [pool-47-thread-1] INFO  server.RaftServerConfigKeys (ConfUtils.java:logGet(43)) - raft.server.log.statemachine.data.sync = true (default)
2019-11-14 07:28:28,286 [pool-37-thread-1] INFO  server.RaftServerConfigKeys (ConfUtils.java:logGet(43)) - raft.server.snapshot.auto.trigger.enabled = true (custom)
2019-11-14 07:28:28,286 [pool-27-thread-1] INFO  server.RaftServerConfigKeys (ConfUtils.java:logGet(43)) - raft.server.log.statemachine.data.sync = true (default)
2019-11-14 07:28:28,287 [pool-37-thread-1] INFO  server.RaftServerConfigKeys (ConfUtils.java:logGet(43)) - raft.server.snapshot.auto.trigger.threshold = 10000 (custom)
2019-11-14 07:28:28,286 [pool-47-thread-1] INFO  server.RaftServerConfigKeys (ConfUtils.java:logGet(43)) - raft.server.log.statemachine.data.sync.timeout = 10s (default)
2019-11-14 07:28:28,287 [pool-37-thread-1] INFO  server.RaftServerConfigKeys (ConfUtils.java:logGet(43)) - raft.server.snapshot.retention.file.num = 5 (custom)
2019-11-14 07:28:28,287 [pool-27-thread-1] INFO  server.RaftServerConfigKeys (ConfUtils.java:logGet(43)) - raft.server.log.statemachine.data.sync.timeout = 10s (default)
2019-11-14 07:28:28,287 [pool-37-thread-1] INFO  server.RaftServerConfigKeys (ConfUtils.java:logGet(43)) - raft.server.retrycache.expirytime = 600000ms (custom)
2019-11-14 07:28:28,287 [pool-47-thread-1] INFO  server.RaftServerConfigKeys (ConfUtils.java:logGet(43)) - raft.server.log.statemachine.data.sync.timeout.retry = -1 (default)
2019-11-14 07:28:28,287 [pool-27-thread-1] INFO  server.RaftServerConfigKeys (ConfUtils.java:logGet(43)) - raft.server.log.statemachine.data.sync.timeout.retry = -1 (default)
2019-11-14 07:28:28,287 [pool-37-thread-1] WARN  impl.MetricRegistriesImpl (MetricRegistriesImpl.java:lambda$create$1(61)) - First MetricRegistry has been created without registering reporters. You may need to call MetricRegistries.global().addReportRegistration(...) before.
2019-11-14 07:28:28,287 [pool-27-thread-1] INFO  server.RaftServerConfigKeys (ConfUtils.java:logGet(43)) - raft.server.log.statemachine.data.caching.enabled = true (custom)
2019-11-14 07:28:28,287 [pool-47-thread-1] INFO  server.RaftServerConfigKeys (ConfUtils.java:logGet(43)) - raft.server.log.statemachine.data.caching.enabled = true (custom)
2019-11-14 07:28:28,288 [pool-27-thread-1] INFO  segmented.SegmentedRaftLogWorker (SegmentedRaftLogWorker.java:lambda$new$0(128)) - a055a1b9-25b3-4fc2-bbfd-9b68c6048d26@group-10122830AF56-SegmentedRaftLogWorker: flushIndex: setUnconditionally 0 -> -1
2019-11-14 07:28:28,287 [pool-37-thread-1] WARN  impl.MetricRegistriesImpl (MetricRegistriesImpl.java:lambda$create$1(61)) - First MetricRegistry has been created without registering reporters. You may need to call MetricRegistries.global().addReportRegistration(...) before.
2019-11-14 07:28:28,288 [pool-47-thread-1] INFO  segmented.SegmentedRaftLogWorker (SegmentedRaftLogWorker.java:lambda$new$0(128)) - 11b96894-e5c9-4f16-b69e-d41085948f59@group-10122830AF56-SegmentedRaftLogWorker: flushIndex: setUnconditionally 0 -> -1
2019-11-14 07:28:28,288 [pool-37-thread-1] INFO  impl.RaftServerImpl (RaftServerImpl.java:start(184)) - f801ea35-1a8a-4ca1-9f8b-520ebd42f3c5@group-10122830AF56: start as a follower, conf=-1: [a055a1b9-25b3-4fc2-bbfd-9b68c6048d26:192.168.157.220:32830, f801ea35-1a8a-4ca1-9f8b-520ebd42f3c5:192.168.157.220:34472, 11b96894-e5c9-4f16-b69e-d41085948f59:192.168.157.220:37422], old=null
2019-11-14 07:28:28,288 [pool-27-thread-1] INFO  server.RaftServerConfigKeys (ConfUtils.java:logGet(43)) - raft.server.snapshot.auto.trigger.enabled = true (custom)
2019-11-14 07:28:28,288 [pool-47-thread-1] INFO  server.RaftServerConfigKeys (ConfUtils.java:logGet(43)) - raft.server.snapshot.auto.trigger.enabled = true (custom)
2019-11-14 07:28:28,288 [pool-37-thread-1] INFO  impl.RaftServerImpl (RaftServerImpl.java:setRole(173)) - f801ea35-1a8a-4ca1-9f8b-520ebd42f3c5@group-10122830AF56: changes role from      null to FOLLOWER at term 0 for startAsFollower
2019-11-14 07:28:28,288 [pool-47-thread-1] INFO  server.RaftServerConfigKeys (ConfUtils.java:logGet(43)) - raft.server.snapshot.auto.trigger.threshold = 10000 (custom)
2019-11-14 07:28:28,288 [pool-27-thread-1] INFO  server.RaftServerConfigKeys (ConfUtils.java:logGet(43)) - raft.server.snapshot.auto.trigger.threshold = 10000 (custom)
2019-11-14 07:28:28,289 [pool-47-thread-1] INFO  server.RaftServerConfigKeys (ConfUtils.java:logGet(43)) - raft.server.snapshot.retention.file.num = 5 (custom)
2019-11-14 07:28:28,288 [pool-37-thread-1] INFO  impl.RoleInfo (RoleInfo.java:updateAndGet(143)) - f801ea35-1a8a-4ca1-9f8b-520ebd42f3c5: start FollowerState
2019-11-14 07:28:28,289 [pool-47-thread-1] INFO  server.RaftServerConfigKeys (ConfUtils.java:logGet(43)) - raft.server.retrycache.expirytime = 600000ms (custom)
2019-11-14 07:28:28,289 [pool-27-thread-1] INFO  server.RaftServerConfigKeys (ConfUtils.java:logGet(43)) - raft.server.snapshot.retention.file.num = 5 (custom)
2019-11-14 07:28:28,289 [pool-47-thread-1] WARN  impl.MetricRegistriesImpl (MetricRegistriesImpl.java:lambda$create$1(61)) - First MetricRegistry has been created without registering reporters. You may need to call MetricRegistries.global().addReportRegistration(...) before.
2019-11-14 07:28:28,289 [pool-27-thread-1] INFO  server.RaftServerConfigKeys (ConfUtils.java:logGet(43)) - raft.server.retrycache.expirytime = 600000ms (custom)
2019-11-14 07:28:28,289 [pool-37-thread-1] INFO  util.JmxRegister (JmxRegister.java:tryRegister(44)) - Successfully registered JMX Bean with object name Ratis:service=RaftServer,group=group-10122830AF56,id=f801ea35-1a8a-4ca1-9f8b-520ebd42f3c5
2019-11-14 07:28:28,289 [pool-27-thread-1] WARN  impl.MetricRegistriesImpl (MetricRegistriesImpl.java:lambda$create$1(61)) - First MetricRegistry has been created without registering reporters. You may need to call MetricRegistries.global().addReportRegistration(...) before.
2019-11-14 07:28:28,289 [pool-47-thread-1] WARN  impl.MetricRegistriesImpl (MetricRegistriesImpl.java:lambda$create$1(61)) - First MetricRegistry has been created without registering reporters. You may need to call MetricRegistries.global().addReportRegistration(...) before.
2019-11-14 07:28:28,290 [pool-27-thread-1] WARN  impl.MetricRegistriesImpl (MetricRegistriesImpl.java:lambda$create$1(61)) - First MetricRegistry has been created without registering reporters. You may need to call MetricRegistries.global().addReportRegistration(...) before.
2019-11-14 07:28:28,290 [pool-47-thread-1] INFO  impl.RaftServerImpl (RaftServerImpl.java:start(184)) - 11b96894-e5c9-4f16-b69e-d41085948f59@group-10122830AF56: start as a follower, conf=-1: [a055a1b9-25b3-4fc2-bbfd-9b68c6048d26:192.168.157.220:32830, f801ea35-1a8a-4ca1-9f8b-520ebd42f3c5:192.168.157.220:34472, 11b96894-e5c9-4f16-b69e-d41085948f59:192.168.157.220:37422], old=null
2019-11-14 07:28:28,289 [pool-37-thread-1] WARN  impl.MetricRegistriesImpl (MetricRegistriesImpl.java:lambda$create$1(61)) - First MetricRegistry has been created without registering reporters. You may need to call MetricRegistries.global().addReportRegistration(...) before.
2019-11-14 07:28:28,290 [pool-47-thread-1] INFO  impl.RaftServerImpl (RaftServerImpl.java:setRole(173)) - 11b96894-e5c9-4f16-b69e-d41085948f59@group-10122830AF56: changes role from      null to FOLLOWER at term 0 for startAsFollower
2019-11-14 07:28:28,290 [pool-27-thread-1] INFO  impl.RaftServerImpl (RaftServerImpl.java:start(184)) - a055a1b9-25b3-4fc2-bbfd-9b68c6048d26@group-10122830AF56: start as a follower, conf=-1: [a055a1b9-25b3-4fc2-bbfd-9b68c6048d26:192.168.157.220:32830, f801ea35-1a8a-4ca1-9f8b-520ebd42f3c5:192.168.157.220:34472, 11b96894-e5c9-4f16-b69e-d41085948f59:192.168.157.220:37422], old=null
2019-11-14 07:28:28,290 [pool-47-thread-1] INFO  impl.RoleInfo (RoleInfo.java:updateAndGet(143)) - 11b96894-e5c9-4f16-b69e-d41085948f59: start FollowerState
2019-11-14 07:28:28,290 [pool-27-thread-1] INFO  impl.RaftServerImpl (RaftServerImpl.java:setRole(173)) - a055a1b9-25b3-4fc2-bbfd-9b68c6048d26@group-10122830AF56: changes role from      null to FOLLOWER at term 0 for startAsFollower
2019-11-14 07:28:28,291 [pool-27-thread-1] INFO  impl.RoleInfo (RoleInfo.java:updateAndGet(143)) - a055a1b9-25b3-4fc2-bbfd-9b68c6048d26: start FollowerState
2019-11-14 07:28:28,291 [pool-47-thread-1] INFO  util.JmxRegister (JmxRegister.java:tryRegister(44)) - Successfully registered JMX Bean with object name Ratis:service=RaftServer,group=group-10122830AF56,id=11b96894-e5c9-4f16-b69e-d41085948f59
2019-11-14 07:28:28,291 [pool-47-thread-1] WARN  impl.MetricRegistriesImpl (MetricRegistriesImpl.java:lambda$create$1(61)) - First MetricRegistry has been created without registering reporters. You may need to call MetricRegistries.global().addReportRegistration(...) before.
2019-11-14 07:28:28,293 [pool-27-thread-1] INFO  util.JmxRegister (JmxRegister.java:tryRegister(44)) - Successfully registered JMX Bean with object name Ratis:service=RaftServer,group=group-10122830AF56,id=a055a1b9-25b3-4fc2-bbfd-9b68c6048d26
2019-11-14 07:28:28,293 [pool-27-thread-1] WARN  impl.MetricRegistriesImpl (MetricRegistriesImpl.java:lambda$create$1(61)) - First MetricRegistry has been created without registering reporters. You may need to call MetricRegistries.global().addReportRegistration(...) before.
2019-11-14 07:28:28,298 [RatisPipelineUtilsThread] INFO  pipeline.PipelineStateManager (PipelineStateManager.java:addPipeline(55)) - Created pipeline Pipeline[ Id: e8a192b2-45df-40fd-9cc9-10122830af56, Nodes: 11b96894-e5c9-4f16-b69e-d41085948f59{ip: 192.168.157.220, host: pr-hdds-2473-master-5lfk4-2089843416, networkLocation: /default-rack, certSerialId: null}a055a1b9-25b3-4fc2-bbfd-9b68c6048d26{ip: 192.168.157.220, host: pr-hdds-2473-master-5lfk4-2089843416, networkLocation: /default-rack, certSerialId: null}f801ea35-1a8a-4ca1-9f8b-520ebd42f3c5{ip: 192.168.157.220, host: pr-hdds-2473-master-5lfk4-2089843416, networkLocation: /default-rack, certSerialId: null}, Type:RATIS, Factor:THREE, State:ALLOCATED]
2019-11-14 07:28:28,306 [main] INFO  freon.RandomKeyGenerator (RandomKeyGenerator.java:call(283)) - Number of Threads: 10
2019-11-14 07:28:28,306 [main] INFO  freon.RandomKeyGenerator (RandomKeyGenerator.java:call(288)) - Number of Volumes: 1.
2019-11-14 07:28:28,306 [main] INFO  freon.RandomKeyGenerator (RandomKeyGenerator.java:call(289)) - Number of Buckets per Volume: 1.
2019-11-14 07:28:28,306 [main] INFO  freon.RandomKeyGenerator (RandomKeyGenerator.java:call(290)) - Number of Keys per Bucket: 1.
2019-11-14 07:28:28,306 [main] INFO  freon.RandomKeyGenerator (RandomKeyGenerator.java:call(291)) - Key size: 20971520 bytes
2019-11-14 07:28:28,307 [main] INFO  freon.RandomKeyGenerator (RandomKeyGenerator.java:call(292)) - Buffer size: 4096 bytes
2019-11-14 07:28:28,307 [main] INFO  freon.RandomKeyGenerator (RandomKeyGenerator.java:call(293)) - validateWrites : true
2019-11-14 07:28:28,308 [main] INFO  freon.RandomKeyGenerator (RandomKeyGenerator.java:call(307)) - Data validation is enabled.
2019-11-14 07:28:28,308 [pool-59-thread-1] INFO  rpc.RpcClient (RpcClient.java:createVolume(292)) - Creating Volume: vol-0-36242, with jenkins1000 as owner.
2019-11-14 07:28:28,309 [main] INFO  freon.RandomKeyGenerator (RandomKeyGenerator.java:call(313)) - Starting progress bar Thread.

 0.00% |?                                                                                                    |  0/1 Time: 0:00:002019-11-14 07:28:28,313 [IPC Server handler 3 on 34172] INFO  volume.OMVolumeCreateRequest (OMVolumeCreateRequest.java:validateAndUpdateCache(193)) - created volume:vol-0-36242 for user:jenkins1000
2019-11-14 07:28:28,348 [pool-59-thread-2] INFO  rpc.RpcClient (RpcClient.java:createBucket(431)) - Creating Bucket: vol-0-36242/bucket-0-50730, with Versioning false and Storage Type set to DISK and Encryption set to false 
2019-11-14 07:28:28,382 [IPC Server handler 2 on 35399] WARN  block.BlockManagerImpl (BlockManagerImpl.java:allocateBlock(200)) - Pipeline creation failed for type:RATIS factor:THREE. Retrying get pipelines call once.
org.apache.hadoop.hdds.scm.pipeline.InsufficientDatanodesException: Cannot create pipeline of factor 3 using 0 nodes.
	at org.apache.hadoop.hdds.scm.pipeline.RatisPipelineProvider.create(RatisPipelineProvider.java:153)
	at org.apache.hadoop.hdds.scm.pipeline.PipelineFactory.create(PipelineFactory.java:58)
	at org.apache.hadoop.hdds.scm.pipeline.SCMPipelineManager.createPipeline(SCMPipelineManager.java:155)
	at org.apache.hadoop.hdds.scm.block.BlockManagerImpl.allocateBlock(BlockManagerImpl.java:198)
	at org.apache.hadoop.hdds.scm.server.SCMBlockProtocolServer.allocateBlock(SCMBlockProtocolServer.java:187)
	at org.apache.hadoop.hdds.scm.protocol.ScmBlockLocationProtocolServerSideTranslatorPB.allocateScmBlock(ScmBlockLocationProtocolServerSideTranslatorPB.java:159)
	at org.apache.hadoop.hdds.scm.protocol.ScmBlockLocationProtocolServerSideTranslatorPB.processMessage(ScmBlockLocationProtocolServerSideTranslatorPB.java:117)
	at org.apache.hadoop.hdds.server.OzoneProtocolMessageDispatcher.processRequest(OzoneProtocolMessageDispatcher.java:72)
	at org.apache.hadoop.hdds.scm.protocol.ScmBlockLocationProtocolServerSideTranslatorPB.send(ScmBlockLocationProtocolServerSideTranslatorPB.java:98)
	at org.apache.hadoop.hdds.protocol.proto.ScmBlockLocationProtocolProtos$ScmBlockLocationProtocolService$2.callBlockingMethod(ScmBlockLocationProtocolProtos.java:13157)
	at org.apache.hadoop.ipc.ProtobufRpcEngine$Server$ProtoBufRpcInvoker.call(ProtobufRpcEngine.java:524)
	at org.apache.hadoop.ipc.RPC$Server.call(RPC.java:1025)
	at org.apache.hadoop.ipc.Server$RpcCall.run(Server.java:876)
	at org.apache.hadoop.ipc.Server$RpcCall.run(Server.java:822)
	at java.security.AccessController.doPrivileged(Native Method)
	at javax.security.auth.Subject.doAs(Subject.java:422)
	at org.apache.hadoop.security.UserGroupInformation.doAs(UserGroupInformation.java:1730)
	at org.apache.hadoop.ipc.Server$Handler.run(Server.java:2682)
2019-11-14 07:28:28,384 [IPC Server handler 2 on 35399] INFO  block.BlockManagerImpl (BlockManagerImpl.java:allocateBlock(212)) - Could not find available pipeline of type:RATIS and factor:THREE even after retrying
2019-11-14 07:28:28,384 [IPC Server handler 2 on 35399] ERROR block.BlockManagerImpl (BlockManagerImpl.java:allocateBlock(236)) - Unable to allocate a block for the size: 4194304, type: RATIS, factor: THREE
2019-11-14 07:28:28,385 [IPC Server handler 2 on 35399] WARN  block.BlockManagerImpl (BlockManagerImpl.java:allocateBlock(200)) - Pipeline creation failed for type:RATIS factor:THREE. Retrying get pipelines call once.
org.apache.hadoop.hdds.scm.pipeline.InsufficientDatanodesException: Cannot create pipeline of factor 3 using 0 nodes.
	at org.apache.hadoop.hdds.scm.pipeline.RatisPipelineProvider.create(RatisPipelineProvider.java:153)
	at org.apache.hadoop.hdds.scm.pipeline.PipelineFactory.create(PipelineFactory.java:58)
	at org.apache.hadoop.hdds.scm.pipeline.SCMPipelineManager.createPipeline(SCMPipelineManager.java:155)
	at org.apache.hadoop.hdds.scm.block.BlockManagerImpl.allocateBlock(BlockManagerImpl.java:198)
	at org.apache.hadoop.hdds.scm.server.SCMBlockProtocolServer.allocateBlock(SCMBlockProtocolServer.java:187)
	at org.apache.hadoop.hdds.scm.protocol.ScmBlockLocationProtocolServerSideTranslatorPB.allocateScmBlock(ScmBlockLocationProtocolServerSideTranslatorPB.java:159)
	at org.apache.hadoop.hdds.scm.protocol.ScmBlockLocationProtocolServerSideTranslatorPB.processMessage(ScmBlockLocationProtocolServerSideTranslatorPB.java:117)
	at org.apache.hadoop.hdds.server.OzoneProtocolMessageDispatcher.processRequest(OzoneProtocolMessageDispatcher.java:72)
	at org.apache.hadoop.hdds.scm.protocol.ScmBlockLocationProtocolServerSideTranslatorPB.send(ScmBlockLocationProtocolServerSideTranslatorPB.java:98)
	at org.apache.hadoop.hdds.protocol.proto.ScmBlockLocationProtocolProtos$ScmBlockLocationProtocolService$2.callBlockingMethod(ScmBlockLocationProtocolProtos.java:13157)
	at org.apache.hadoop.ipc.ProtobufRpcEngine$Server$ProtoBufRpcInvoker.call(ProtobufRpcEngine.java:524)
	at org.apache.hadoop.ipc.RPC$Server.call(RPC.java:1025)
	at org.apache.hadoop.ipc.Server$RpcCall.run(Server.java:876)
	at org.apache.hadoop.ipc.Server$RpcCall.run(Server.java:822)
	at java.security.AccessController.doPrivileged(Native Method)
	at javax.security.auth.Subject.doAs(Subject.java:422)
	at org.apache.hadoop.security.UserGroupInformation.doAs(UserGroupInformation.java:1730)
	at org.apache.hadoop.ipc.Server$Handler.run(Server.java:2682)
2019-11-14 07:28:28,386 [IPC Server handler 2 on 35399] INFO  block.BlockManagerImpl (BlockManagerImpl.java:allocateBlock(212)) - Could not find available pipeline of type:RATIS and factor:THREE even after retrying
2019-11-14 07:28:28,386 [IPC Server handler 2 on 35399] ERROR block.BlockManagerImpl (BlockManagerImpl.java:allocateBlock(236)) - Unable to allocate a block for the size: 4194304, type: RATIS, factor: THREE
2019-11-14 07:28:28,387 [IPC Server handler 2 on 35399] WARN  block.BlockManagerImpl (BlockManagerImpl.java:allocateBlock(200)) - Pipeline creation failed for type:RATIS factor:THREE. Retrying get pipelines call once.
org.apache.hadoop.hdds.scm.pipeline.InsufficientDatanodesException: Cannot create pipeline of factor 3 using 0 nodes.
	at org.apache.hadoop.hdds.scm.pipeline.RatisPipelineProvider.create(RatisPipelineProvider.java:153)
	at org.apache.hadoop.hdds.scm.pipeline.PipelineFactory.create(PipelineFactory.java:58)
	at org.apache.hadoop.hdds.scm.pipeline.SCMPipelineManager.createPipeline(SCMPipelineManager.java:155)
	at org.apache.hadoop.hdds.scm.block.BlockManagerImpl.allocateBlock(BlockManagerImpl.java:198)
	at org.apache.hadoop.hdds.scm.server.SCMBlockProtocolServer.allocateBlock(SCMBlockProtocolServer.java:187)
	at org.apache.hadoop.hdds.scm.protocol.ScmBlockLocationProtocolServerSideTranslatorPB.allocateScmBlock(ScmBlockLocationProtocolServerSideTranslatorPB.java:159)
	at org.apache.hadoop.hdds.scm.protocol.ScmBlockLocationProtocolServerSideTranslatorPB.processMessage(ScmBlockLocationProtocolServerSideTranslatorPB.java:117)
	at org.apache.hadoop.hdds.server.OzoneProtocolMessageDispatcher.processRequest(OzoneProtocolMessageDispatcher.java:72)
	at org.apache.hadoop.hdds.scm.protocol.ScmBlockLocationProtocolServerSideTranslatorPB.send(ScmBlockLocationProtocolServerSideTranslatorPB.java:98)
	at org.apache.hadoop.hdds.protocol.proto.ScmBlockLocationProtocolProtos$ScmBlockLocationProtocolService$2.callBlockingMethod(ScmBlockLocationProtocolProtos.java:13157)
	at org.apache.hadoop.ipc.ProtobufRpcEngine$Server$ProtoBufRpcInvoker.call(ProtobufRpcEngine.java:524)
	at org.apache.hadoop.ipc.RPC$Server.call(RPC.java:1025)
	at org.apache.hadoop.ipc.Server$RpcCall.run(Server.java:876)
	at org.apache.hadoop.ipc.Server$RpcCall.run(Server.java:822)
	at java.security.AccessController.doPrivileged(Native Method)
	at javax.security.auth.Subject.doAs(Subject.java:422)
	at org.apache.hadoop.security.UserGroupInformation.doAs(UserGroupInformation.java:1730)
	at org.apache.hadoop.ipc.Server$Handler.run(Server.java:2682)
2019-11-14 07:28:28,387 [IPC Server handler 2 on 35399] INFO  block.BlockManagerImpl (BlockManagerImpl.java:allocateBlock(212)) - Could not find available pipeline of type:RATIS and factor:THREE even after retrying
2019-11-14 07:28:28,387 [IPC Server handler 2 on 35399] ERROR block.BlockManagerImpl (BlockManagerImpl.java:allocateBlock(236)) - Unable to allocate a block for the size: 4194304, type: RATIS, factor: THREE
2019-11-14 07:28:28,388 [IPC Server handler 2 on 35399] WARN  block.BlockManagerImpl (BlockManagerImpl.java:allocateBlock(200)) - Pipeline creation failed for type:RATIS factor:THREE. Retrying get pipelines call once.
org.apache.hadoop.hdds.scm.pipeline.InsufficientDatanodesException: Cannot create pipeline of factor 3 using 0 nodes.
	at org.apache.hadoop.hdds.scm.pipeline.RatisPipelineProvider.create(RatisPipelineProvider.java:153)
	at org.apache.hadoop.hdds.scm.pipeline.PipelineFactory.create(PipelineFactory.java:58)
	at org.apache.hadoop.hdds.scm.pipeline.SCMPipelineManager.createPipeline(SCMPipelineManager.java:155)
	at org.apache.hadoop.hdds.scm.block.BlockManagerImpl.allocateBlock(BlockManagerImpl.java:198)
	at org.apache.hadoop.hdds.scm.server.SCMBlockProtocolServer.allocateBlock(SCMBlockProtocolServer.java:187)
	at org.apache.hadoop.hdds.scm.protocol.ScmBlockLocationProtocolServerSideTranslatorPB.allocateScmBlock(ScmBlockLocationProtocolServerSideTranslatorPB.java:159)
	at org.apache.hadoop.hdds.scm.protocol.ScmBlockLocationProtocolServerSideTranslatorPB.processMessage(ScmBlockLocationProtocolServerSideTranslatorPB.java:117)
	at org.apache.hadoop.hdds.server.OzoneProtocolMessageDispatcher.processRequest(OzoneProtocolMessageDispatcher.java:72)
	at org.apache.hadoop.hdds.scm.protocol.ScmBlockLocationProtocolServerSideTranslatorPB.send(ScmBlockLocationProtocolServerSideTranslatorPB.java:98)
	at org.apache.hadoop.hdds.protocol.proto.ScmBlockLocationProtocolProtos$ScmBlockLocationProtocolService$2.callBlockingMethod(ScmBlockLocationProtocolProtos.java:13157)
	at org.apache.hadoop.ipc.ProtobufRpcEngine$Server$ProtoBufRpcInvoker.call(ProtobufRpcEngine.java:524)
	at org.apache.hadoop.ipc.RPC$Server.call(RPC.java:1025)
	at org.apache.hadoop.ipc.Server$RpcCall.run(Server.java:876)
	at org.apache.hadoop.ipc.Server$RpcCall.run(Server.java:822)
	at java.security.AccessController.doPrivileged(Native Method)
	at javax.security.auth.Subject.doAs(Subject.java:422)
	at org.apache.hadoop.security.UserGroupInformation.doAs(UserGroupInformation.java:1730)
	at org.apache.hadoop.ipc.Server$Handler.run(Server.java:2682)
2019-11-14 07:28:28,389 [IPC Server handler 2 on 35399] INFO  block.BlockManagerImpl (BlockManagerImpl.java:allocateBlock(212)) - Could not find available pipeline of type:RATIS and factor:THREE even after retrying
2019-11-14 07:28:28,389 [IPC Server handler 2 on 35399] ERROR block.BlockManagerImpl (BlockManagerImpl.java:allocateBlock(236)) - Unable to allocate a block for the size: 4194304, type: RATIS, factor: THREE
2019-11-14 07:28:28,390 [IPC Server handler 2 on 35399] WARN  block.BlockManagerImpl (BlockManagerImpl.java:allocateBlock(200)) - Pipeline creation failed for type:RATIS factor:THREE. Retrying get pipelines call once.
org.apache.hadoop.hdds.scm.pipeline.InsufficientDatanodesException: Cannot create pipeline of factor 3 using 0 nodes.
	at org.apache.hadoop.hdds.scm.pipeline.RatisPipelineProvider.create(RatisPipelineProvider.java:153)
	at org.apache.hadoop.hdds.scm.pipeline.PipelineFactory.create(PipelineFactory.java:58)
	at org.apache.hadoop.hdds.scm.pipeline.SCMPipelineManager.createPipeline(SCMPipelineManager.java:155)
	at org.apache.hadoop.hdds.scm.block.BlockManagerImpl.allocateBlock(BlockManagerImpl.java:198)
	at org.apache.hadoop.hdds.scm.server.SCMBlockProtocolServer.allocateBlock(SCMBlockProtocolServer.java:187)
	at org.apache.hadoop.hdds.scm.protocol.ScmBlockLocationProtocolServerSideTranslatorPB.allocateScmBlock(ScmBlockLocationProtocolServerSideTranslatorPB.java:159)
	at org.apache.hadoop.hdds.scm.protocol.ScmBlockLocationProtocolServerSideTranslatorPB.processMessage(ScmBlockLocationProtocolServerSideTranslatorPB.java:117)
	at org.apache.hadoop.hdds.server.OzoneProtocolMessageDispatcher.processRequest(OzoneProtocolMessageDispatcher.java:72)
	at org.apache.hadoop.hdds.scm.protocol.ScmBlockLocationProtocolServerSideTranslatorPB.send(ScmBlockLocationProtocolServerSideTranslatorPB.java:98)
	at org.apache.hadoop.hdds.protocol.proto.ScmBlockLocationProtocolProtos$ScmBlockLocationProtocolService$2.callBlockingMethod(ScmBlockLocationProtocolProtos.java:13157)
	at org.apache.hadoop.ipc.ProtobufRpcEngine$Server$ProtoBufRpcInvoker.call(ProtobufRpcEngine.java:524)
	at org.apache.hadoop.ipc.RPC$Server.call(RPC.java:1025)
	at org.apache.hadoop.ipc.Server$RpcCall.run(Server.java:876)
	at org.apache.hadoop.ipc.Server$RpcCall.run(Server.java:822)
	at java.security.AccessController.doPrivileged(Native Method)
	at javax.security.auth.Subject.doAs(Subject.java:422)
	at org.apache.hadoop.security.UserGroupInformation.doAs(UserGroupInformation.java:1730)
	at org.apache.hadoop.ipc.Server$Handler.run(Server.java:2682)
2019-11-14 07:28:28,390 [IPC Server handler 2 on 35399] INFO  block.BlockManagerImpl (BlockManagerImpl.java:allocateBlock(212)) - Could not find available pipeline of type:RATIS and factor:THREE even after retrying
2019-11-14 07:28:28,390 [IPC Server handler 2 on 35399] ERROR block.BlockManagerImpl (BlockManagerImpl.java:allocateBlock(236)) - Unable to allocate a block for the size: 4194304, type: RATIS, factor: THREE
2019-11-14 07:28:28,393 [pool-59-thread-3] ERROR freon.RandomKeyGenerator (RandomKeyGenerator.java:createKey(735)) - Exception while adding key: key-0-04120 in bucket: bucket-0-50730 of volume: vol-0-36242.
INTERNAL_ERROR org.apache.hadoop.ozone.om.exceptions.OMException: Allocated 0 blocks. Requested 5 blocks
	at org.apache.hadoop.ozone.om.protocolPB.OzoneManagerProtocolClientSideTranslatorPB.handleError(OzoneManagerProtocolClientSideTranslatorPB.java:761)
	at org.apache.hadoop.ozone.om.protocolPB.OzoneManagerProtocolClientSideTranslatorPB.openKey(OzoneManagerProtocolClientSideTranslatorPB.java:752)
	at sun.reflect.NativeMethodAccessorImpl.invoke0(Native Method)
	at sun.reflect.NativeMethodAccessorImpl.invoke(NativeMethodAccessorImpl.java:62)
	at sun.reflect.DelegatingMethodAccessorImpl.invoke(DelegatingMethodAccessorImpl.java:43)
	at java.lang.reflect.Method.invoke(Method.java:498)
	at org.apache.hadoop.hdds.tracing.TraceAllMethod.invoke(TraceAllMethod.java:66)
	at com.sun.proxy.$Proxy37.openKey(Unknown Source)
	at org.apache.hadoop.ozone.client.rpc.RpcClient.createKey(RpcClient.java:634)
	at org.apache.hadoop.ozone.client.OzoneBucket.createKey(OzoneBucket.java:325)
	at org.apache.hadoop.ozone.freon.RandomKeyGenerator.createKey(RandomKeyGenerator.java:697)
	at org.apache.hadoop.ozone.freon.RandomKeyGenerator.access$1100(RandomKeyGenerator.java:88)
	at org.apache.hadoop.ozone.freon.RandomKeyGenerator$ObjectCreator.run(RandomKeyGenerator.java:615)
	at java.util.concurrent.Executors$RunnableAdapter.call(Executors.java:511)
	at java.util.concurrent.FutureTask.run(FutureTask.java:266)
	at java.util.concurrent.ThreadPoolExecutor.runWorker(ThreadPoolExecutor.java:1149)
	at java.util.concurrent.ThreadPoolExecutor$Worker.run(ThreadPoolExecutor.java:624)
	at java.lang.Thread.run(Thread.java:748)
 0.00% |?                                                                                                    |  0/1 Time: 0:00:01 0.00% |?                                                                                                    |  0/1 Time: 0:00:02 0.00% |?                                                                                                    |  0/1 Time: 0:00:03 0.00% |?                                                                                                    |  0/1 Time: 0:00:042019-11-14 07:28:33,308 [Thread-474] INFO  impl.FollowerState (FollowerState.java:run(111)) - f801ea35-1a8a-4ca1-9f8b-520ebd42f3c5@group-10122830AF56-FollowerState: change to CANDIDATE, lastRpcTime:5019ms, electionTimeout:5019ms
2019-11-14 07:28:33,309 [Thread-474] INFO  impl.RoleInfo (RoleInfo.java:shutdownFollowerState(121)) - f801ea35-1a8a-4ca1-9f8b-520ebd42f3c5: shutdown FollowerState
2019-11-14 07:28:33,309 [Thread-474] INFO  impl.RaftServerImpl (RaftServerImpl.java:setRole(173)) - f801ea35-1a8a-4ca1-9f8b-520ebd42f3c5@group-10122830AF56: changes role from  FOLLOWER to CANDIDATE at term 0 for changeToCandidate
2019-11-14 07:28:33,310 [Thread-474] INFO  impl.RoleInfo (RoleInfo.java:updateAndGet(143)) - f801ea35-1a8a-4ca1-9f8b-520ebd42f3c5: start LeaderElection
 0.00% |?                                                                                                    |  0/1 Time: 0:00:052019-11-14 07:28:33,336 [f801ea35-1a8a-4ca1-9f8b-520ebd42f3c5@group-10122830AF56-LeaderElection6] INFO  impl.LeaderElection (LeaderElection.java:askForVotes(178)) - f801ea35-1a8a-4ca1-9f8b-520ebd42f3c5@group-10122830AF56-LeaderElection6: begin an election at term 1 for -1: [a055a1b9-25b3-4fc2-bbfd-9b68c6048d26:192.168.157.220:32830, f801ea35-1a8a-4ca1-9f8b-520ebd42f3c5:192.168.157.220:34472, 11b96894-e5c9-4f16-b69e-d41085948f59:192.168.157.220:37422], old=null
2019-11-14 07:28:33,342 [Thread-477] INFO  impl.FollowerState (FollowerState.java:run(111)) - 11b96894-e5c9-4f16-b69e-d41085948f59@group-10122830AF56-FollowerState: change to CANDIDATE, lastRpcTime:5051ms, electionTimeout:5051ms
2019-11-14 07:28:33,342 [Thread-477] INFO  impl.RoleInfo (RoleInfo.java:shutdownFollowerState(121)) - 11b96894-e5c9-4f16-b69e-d41085948f59: shutdown FollowerState
2019-11-14 07:28:33,342 [Thread-477] INFO  impl.RaftServerImpl (RaftServerImpl.java:setRole(173)) - 11b96894-e5c9-4f16-b69e-d41085948f59@group-10122830AF56: changes role from  FOLLOWER to CANDIDATE at term 0 for changeToCandidate
2019-11-14 07:28:33,342 [Thread-477] INFO  impl.RoleInfo (RoleInfo.java:updateAndGet(143)) - 11b96894-e5c9-4f16-b69e-d41085948f59: start LeaderElection
2019-11-14 07:28:33,349 [grpc-default-executor-2] INFO  impl.RaftServerImpl (RaftServerImpl.java:setRole(173)) - a055a1b9-25b3-4fc2-bbfd-9b68c6048d26@group-10122830AF56: changes role from  FOLLOWER to FOLLOWER at term 1 for recognizeCandidate:f801ea35-1a8a-4ca1-9f8b-520ebd42f3c5
2019-11-14 07:28:33,349 [grpc-default-executor-2] INFO  impl.RoleInfo (RoleInfo.java:shutdownFollowerState(121)) - a055a1b9-25b3-4fc2-bbfd-9b68c6048d26: shutdown FollowerState
2019-11-14 07:28:33,349 [grpc-default-executor-2] INFO  impl.RoleInfo (RoleInfo.java:updateAndGet(143)) - a055a1b9-25b3-4fc2-bbfd-9b68c6048d26: start FollowerState
2019-11-14 07:28:33,349 [Thread-479] INFO  impl.FollowerState (FollowerState.java:run(120)) - a055a1b9-25b3-4fc2-bbfd-9b68c6048d26@group-10122830AF56-FollowerState was interrupted: java.lang.InterruptedException: sleep interrupted
2019-11-14 07:28:33,368 [11b96894-e5c9-4f16-b69e-d41085948f59@group-10122830AF56-LeaderElection7] INFO  impl.LeaderElection (LeaderElection.java:askForVotes(178)) - 11b96894-e5c9-4f16-b69e-d41085948f59@group-10122830AF56-LeaderElection7: begin an election at term 1 for -1: [a055a1b9-25b3-4fc2-bbfd-9b68c6048d26:192.168.157.220:32830, f801ea35-1a8a-4ca1-9f8b-520ebd42f3c5:192.168.157.220:34472, 11b96894-e5c9-4f16-b69e-d41085948f59:192.168.157.220:37422], old=null
2019-11-14 07:28:33,371 [f801ea35-1a8a-4ca1-9f8b-520ebd42f3c5@group-10122830AF56-LeaderElection6] INFO  impl.LeaderElection (LeaderElection.java:logAndReturn(56)) - f801ea35-1a8a-4ca1-9f8b-520ebd42f3c5@group-10122830AF56-LeaderElection6: Election PASSED; received 1 response(s) [f801ea35-1a8a-4ca1-9f8b-520ebd42f3c5<-a055a1b9-25b3-4fc2-bbfd-9b68c6048d26#0:OK-t1] and 0 exception(s); f801ea35-1a8a-4ca1-9f8b-520ebd42f3c5@group-10122830AF56:t1, leader=null, voted=f801ea35-1a8a-4ca1-9f8b-520ebd42f3c5, raftlog=f801ea35-1a8a-4ca1-9f8b-520ebd42f3c5@group-10122830AF56-SegmentedRaftLog:OPENED:c-1,f-1,i0, conf=-1: [a055a1b9-25b3-4fc2-bbfd-9b68c6048d26:192.168.157.220:32830, f801ea35-1a8a-4ca1-9f8b-520ebd42f3c5:192.168.157.220:34472, 11b96894-e5c9-4f16-b69e-d41085948f59:192.168.157.220:37422], old=null
2019-11-14 07:28:33,371 [f801ea35-1a8a-4ca1-9f8b-520ebd42f3c5@group-10122830AF56-LeaderElection6] INFO  impl.RoleInfo (RoleInfo.java:shutdownLeaderElection(134)) - f801ea35-1a8a-4ca1-9f8b-520ebd42f3c5: shutdown LeaderElection
2019-11-14 07:28:33,372 [f801ea35-1a8a-4ca1-9f8b-520ebd42f3c5@group-10122830AF56-LeaderElection6] INFO  impl.RaftServerImpl (RaftServerImpl.java:setRole(173)) - f801ea35-1a8a-4ca1-9f8b-520ebd42f3c5@group-10122830AF56: changes role from CANDIDATE to LEADER at term 1 for changeToLeader
2019-11-14 07:28:33,373 [f801ea35-1a8a-4ca1-9f8b-520ebd42f3c5@group-10122830AF56-LeaderElection6] INFO  ratis.XceiverServerRatis (XceiverServerRatis.java:handleLeaderChangedNotification(697)) - Leader change notification received for group: group-10122830AF56 with new leaderId: f801ea35-1a8a-4ca1-9f8b-520ebd42f3c5
2019-11-14 07:28:33,373 [f801ea35-1a8a-4ca1-9f8b-520ebd42f3c5@group-10122830AF56-LeaderElection6] INFO  impl.RaftServerImpl (ServerState.java:setLeader(255)) - f801ea35-1a8a-4ca1-9f8b-520ebd42f3c5@group-10122830AF56: change Leader from null to f801ea35-1a8a-4ca1-9f8b-520ebd42f3c5 at term 1 for becomeLeader, leader elected after 5090ms
2019-11-14 07:28:33,374 [f801ea35-1a8a-4ca1-9f8b-520ebd42f3c5@group-10122830AF56-LeaderElection6] INFO  server.RaftServerConfigKeys (ConfUtils.java:logGet(43)) - raft.server.staging.catchup.gap = 1000 (default)
2019-11-14 07:28:33,375 [f801ea35-1a8a-4ca1-9f8b-520ebd42f3c5@group-10122830AF56-LeaderElection6] INFO  server.RaftServerConfigKeys (ConfUtils.java:logGet(43)) - raft.server.rpc.sleep.time = 25ms (default)
2019-11-14 07:28:33,375 [f801ea35-1a8a-4ca1-9f8b-520ebd42f3c5@group-10122830AF56-LeaderElection6] INFO  server.RaftServerConfigKeys (ConfUtils.java:logGet(43)) - raft.server.write.element-limit = 4096 (default)
2019-11-14 07:28:33,376 [f801ea35-1a8a-4ca1-9f8b-520ebd42f3c5@group-10122830AF56-LeaderElection6] INFO  server.RaftServerConfigKeys (ConfUtils.java:logGet(43)) - raft.server.watch.timeout = 10s (default)
2019-11-14 07:28:33,376 [f801ea35-1a8a-4ca1-9f8b-520ebd42f3c5@group-10122830AF56-LeaderElection6] INFO  server.RaftServerConfigKeys (ConfUtils.java:logGet(43)) - raft.server.watch.timeout.denomination = 1s (default)
2019-11-14 07:28:33,376 [f801ea35-1a8a-4ca1-9f8b-520ebd42f3c5@group-10122830AF56-LeaderElection6] INFO  server.RaftServerConfigKeys (ConfUtils.java:logGet(43)) - raft.server.watch.element-limit = 65536 (default)
2019-11-14 07:28:33,376 [EventQueue-PipelineReportForPipelineReportHandler] INFO  pipeline.PipelineStateManager (PipelineStateManager.java:openPipeline(134)) - Pipeline Pipeline[ Id: e8a192b2-45df-40fd-9cc9-10122830af56, Nodes: 11b96894-e5c9-4f16-b69e-d41085948f59{ip: 192.168.157.220, host: pr-hdds-2473-master-5lfk4-2089843416, networkLocation: /default-rack, certSerialId: null}a055a1b9-25b3-4fc2-bbfd-9b68c6048d26{ip: 192.168.157.220, host: pr-hdds-2473-master-5lfk4-2089843416, networkLocation: /default-rack, certSerialId: null}f801ea35-1a8a-4ca1-9f8b-520ebd42f3c5{ip: 192.168.157.220, host: pr-hdds-2473-master-5lfk4-2089843416, networkLocation: /default-rack, certSerialId: null}, Type:RATIS, Factor:THREE, State:OPEN] moved to OPEN state
2019-11-14 07:28:33,377 [f801ea35-1a8a-4ca1-9f8b-520ebd42f3c5@group-10122830AF56-LeaderElection6] INFO  server.RaftServerConfigKeys (ConfUtils.java:logGet(43)) - raft.server.log.appender.snapshot.chunk.size.max = 16MB (=16777216) (default)
2019-11-14 07:28:33,378 [f801ea35-1a8a-4ca1-9f8b-520ebd42f3c5@group-10122830AF56-LeaderElection6] INFO  server.RaftServerConfigKeys (ConfUtils.java:logGet(43)) - raft.server.log.appender.buffer.byte-limit = 33554432 (custom)
2019-11-14 07:28:33,378 [f801ea35-1a8a-4ca1-9f8b-520ebd42f3c5@group-10122830AF56-LeaderElection6] INFO  server.RaftServerConfigKeys (ConfUtils.java:logGet(43)) - raft.server.log.appender.buffer.element-limit = 1 (custom)
2019-11-14 07:28:33,378 [f801ea35-1a8a-4ca1-9f8b-520ebd42f3c5@group-10122830AF56-LeaderElection6] INFO  grpc.GrpcConfigKeys$Server (ConfUtils.java:logGet(43)) - raft.grpc.server.leader.outstanding.appends.max = 128 (default)
2019-11-14 07:28:33,378 [f801ea35-1a8a-4ca1-9f8b-520ebd42f3c5@group-10122830AF56-LeaderElection6] INFO  server.RaftServerConfigKeys (ConfUtils.java:logGet(43)) - raft.server.rpc.request.timeout = 3000ms (default)
2019-11-14 07:28:33,379 [f801ea35-1a8a-4ca1-9f8b-520ebd42f3c5@group-10122830AF56-LeaderElection6] INFO  server.RaftServerConfigKeys (ConfUtils.java:logGet(43)) - raft.server.log.appender.install.snapshot.enabled = false (custom)
2019-11-14 07:28:33,379 [f801ea35-1a8a-4ca1-9f8b-520ebd42f3c5@group-10122830AF56-LeaderElection6] WARN  impl.MetricRegistriesImpl (MetricRegistriesImpl.java:lambda$create$1(61)) - First MetricRegistry has been created without registering reporters. You may need to call MetricRegistries.global().addReportRegistration(...) before.
2019-11-14 07:28:33,379 [f801ea35-1a8a-4ca1-9f8b-520ebd42f3c5@group-10122830AF56-LeaderElection6] INFO  server.RaftServerConfigKeys (ConfUtils.java:logGet(43)) - raft.server.log.appender.snapshot.chunk.size.max = 16MB (=16777216) (default)
2019-11-14 07:28:33,380 [f801ea35-1a8a-4ca1-9f8b-520ebd42f3c5@group-10122830AF56-LeaderElection6] INFO  server.RaftServerConfigKeys (ConfUtils.java:logGet(43)) - raft.server.log.appender.buffer.byte-limit = 33554432 (custom)
2019-11-14 07:28:33,380 [f801ea35-1a8a-4ca1-9f8b-520ebd42f3c5@group-10122830AF56-LeaderElection6] INFO  server.RaftServerConfigKeys (ConfUtils.java:logGet(43)) - raft.server.log.appender.buffer.element-limit = 1 (custom)
2019-11-14 07:28:33,380 [f801ea35-1a8a-4ca1-9f8b-520ebd42f3c5@group-10122830AF56-LeaderElection6] INFO  grpc.GrpcConfigKeys$Server (ConfUtils.java:logGet(43)) - raft.grpc.server.leader.outstanding.appends.max = 128 (default)
2019-11-14 07:28:33,380 [f801ea35-1a8a-4ca1-9f8b-520ebd42f3c5@group-10122830AF56-LeaderElection6] INFO  server.RaftServerConfigKeys (ConfUtils.java:logGet(43)) - raft.server.rpc.request.timeout = 3000ms (default)
2019-11-14 07:28:33,380 [f801ea35-1a8a-4ca1-9f8b-520ebd42f3c5@group-10122830AF56-LeaderElection6] INFO  server.RaftServerConfigKeys (ConfUtils.java:logGet(43)) - raft.server.log.appender.install.snapshot.enabled = false (custom)
2019-11-14 07:28:33,381 [f801ea35-1a8a-4ca1-9f8b-520ebd42f3c5@group-10122830AF56-LeaderElection6] INFO  impl.RoleInfo (RoleInfo.java:updateAndGet(143)) - f801ea35-1a8a-4ca1-9f8b-520ebd42f3c5: start LeaderState
2019-11-14 07:28:33,381 [f801ea35-1a8a-4ca1-9f8b-520ebd42f3c5@group-10122830AF56-LeaderElection6] INFO  segmented.SegmentedRaftLogWorker (SegmentedRaftLogWorker.java:startLogSegment(385)) - f801ea35-1a8a-4ca1-9f8b-520ebd42f3c5@group-10122830AF56-SegmentedRaftLogWorker: Starting segment from index:0
2019-11-14 07:28:33,383 [f801ea35-1a8a-4ca1-9f8b-520ebd42f3c5@group-10122830AF56-LeaderElection6] INFO  impl.RaftServerImpl (ServerState.java:setRaftConf(356)) - f801ea35-1a8a-4ca1-9f8b-520ebd42f3c5@group-10122830AF56: set configuration 0: [a055a1b9-25b3-4fc2-bbfd-9b68c6048d26:192.168.157.220:32830, f801ea35-1a8a-4ca1-9f8b-520ebd42f3c5:192.168.157.220:34472, 11b96894-e5c9-4f16-b69e-d41085948f59:192.168.157.220:37422], old=null at 0
2019-11-14 07:28:33,416 [grpc-default-executor-2] INFO  impl.RaftServerImpl (RaftServerImpl.java:requestVote(776)) - f801ea35-1a8a-4ca1-9f8b-520ebd42f3c5@group-10122830AF56-   LEADER: Withhold vote from candidate 11b96894-e5c9-4f16-b69e-d41085948f59 with term 1. State: leader=f801ea35-1a8a-4ca1-9f8b-520ebd42f3c5, term=1, lastRpcElapsed=null
2019-11-14 07:28:33,420 [11b96894-e5c9-4f16-b69e-d41085948f59@group-10122830AF56-LeaderElection7] INFO  impl.LeaderElection (LeaderElection.java:logAndReturn(56)) - 11b96894-e5c9-4f16-b69e-d41085948f59@group-10122830AF56-LeaderElection7: Election REJECTED; received 2 response(s) [11b96894-e5c9-4f16-b69e-d41085948f59<-a055a1b9-25b3-4fc2-bbfd-9b68c6048d26#0:FAIL-t1, 11b96894-e5c9-4f16-b69e-d41085948f59<-f801ea35-1a8a-4ca1-9f8b-520ebd42f3c5#0:FAIL-t1] and 0 exception(s); 11b96894-e5c9-4f16-b69e-d41085948f59@group-10122830AF56:t1, leader=null, voted=11b96894-e5c9-4f16-b69e-d41085948f59, raftlog=11b96894-e5c9-4f16-b69e-d41085948f59@group-10122830AF56-SegmentedRaftLog:OPENED:c-1,f-1,i0, conf=-1: [a055a1b9-25b3-4fc2-bbfd-9b68c6048d26:192.168.157.220:32830, f801ea35-1a8a-4ca1-9f8b-520ebd42f3c5:192.168.157.220:34472, 11b96894-e5c9-4f16-b69e-d41085948f59:192.168.157.220:37422], old=null
2019-11-14 07:28:33,420 [grpc-default-executor-2] INFO  ratis.XceiverServerRatis (XceiverServerRatis.java:handleLeaderChangedNotification(697)) - Leader change notification received for group: group-10122830AF56 with new leaderId: f801ea35-1a8a-4ca1-9f8b-520ebd42f3c5
2019-11-14 07:28:33,420 [11b96894-e5c9-4f16-b69e-d41085948f59@group-10122830AF56-LeaderElection7] INFO  impl.RaftServerImpl (RaftServerImpl.java:setRole(173)) - 11b96894-e5c9-4f16-b69e-d41085948f59@group-10122830AF56: changes role from CANDIDATE to FOLLOWER at term 1 for DISCOVERED_A_NEW_TERM
2019-11-14 07:28:33,421 [grpc-default-executor-2] INFO  impl.RaftServerImpl (ServerState.java:setLeader(255)) - a055a1b9-25b3-4fc2-bbfd-9b68c6048d26@group-10122830AF56: change Leader from null to f801ea35-1a8a-4ca1-9f8b-520ebd42f3c5 at term 1 for appendEntries, leader elected after 5138ms
2019-11-14 07:28:33,424 [11b96894-e5c9-4f16-b69e-d41085948f59@group-10122830AF56-LeaderElection7] INFO  impl.RoleInfo (RoleInfo.java:shutdownLeaderElection(134)) - 11b96894-e5c9-4f16-b69e-d41085948f59: shutdown LeaderElection
2019-11-14 07:28:33,426 [11b96894-e5c9-4f16-b69e-d41085948f59@group-10122830AF56-LeaderElection7] INFO  impl.RoleInfo (RoleInfo.java:updateAndGet(143)) - 11b96894-e5c9-4f16-b69e-d41085948f59: start FollowerState
2019-11-14 07:28:33,427 [grpc-default-executor-0] INFO  ratis.XceiverServerRatis (XceiverServerRatis.java:handleLeaderChangedNotification(697)) - Leader change notification received for group: group-10122830AF56 with new leaderId: f801ea35-1a8a-4ca1-9f8b-520ebd42f3c5
2019-11-14 07:28:33,427 [grpc-default-executor-0] INFO  impl.RaftServerImpl (ServerState.java:setLeader(255)) - 11b96894-e5c9-4f16-b69e-d41085948f59@group-10122830AF56: change Leader from null to f801ea35-1a8a-4ca1-9f8b-520ebd42f3c5 at term 1 for appendEntries, leader elected after 5144ms
2019-11-14 07:28:33,429 [grpc-default-executor-2] INFO  impl.RaftServerImpl (ServerState.java:setRaftConf(356)) - a055a1b9-25b3-4fc2-bbfd-9b68c6048d26@group-10122830AF56: set configuration 0: [a055a1b9-25b3-4fc2-bbfd-9b68c6048d26:192.168.157.220:32830, f801ea35-1a8a-4ca1-9f8b-520ebd42f3c5:192.168.157.220:34472, 11b96894-e5c9-4f16-b69e-d41085948f59:192.168.157.220:37422], old=null at 0
2019-11-14 07:28:33,429 [grpc-default-executor-2] INFO  segmented.SegmentedRaftLogWorker (SegmentedRaftLogWorker.java:startLogSegment(385)) - a055a1b9-25b3-4fc2-bbfd-9b68c6048d26@group-10122830AF56-SegmentedRaftLogWorker: Starting segment from index:0
2019-11-14 07:28:33,430 [grpc-default-executor-0] INFO  impl.RaftServerImpl (ServerState.java:setRaftConf(356)) - 11b96894-e5c9-4f16-b69e-d41085948f59@group-10122830AF56: set configuration 0: [a055a1b9-25b3-4fc2-bbfd-9b68c6048d26:192.168.157.220:32830, f801ea35-1a8a-4ca1-9f8b-520ebd42f3c5:192.168.157.220:34472, 11b96894-e5c9-4f16-b69e-d41085948f59:192.168.157.220:37422], old=null at 0
2019-11-14 07:28:33,430 [grpc-default-executor-0] INFO  segmented.SegmentedRaftLogWorker (SegmentedRaftLogWorker.java:startLogSegment(385)) - 11b96894-e5c9-4f16-b69e-d41085948f59@group-10122830AF56-SegmentedRaftLogWorker: Starting segment from index:0
2019-11-14 07:28:33,438 [f801ea35-1a8a-4ca1-9f8b-520ebd42f3c5@group-10122830AF56-SegmentedRaftLogWorker] INFO  segmented.SegmentedRaftLogWorker (SegmentedRaftLogWorker.java:execute(576)) - f801ea35-1a8a-4ca1-9f8b-520ebd42f3c5@group-10122830AF56-SegmentedRaftLogWorker: created new log segment /workdir/hadoop-ozone/tools/target/test-dir/MiniOzoneClusterImpl-8172989c-4da0-4083-a6db-55a067c25ea9/datanode-1/data/ratis/e8a192b2-45df-40fd-9cc9-10122830af56/current/log_inprogress_0
2019-11-14 07:28:33,483 [a055a1b9-25b3-4fc2-bbfd-9b68c6048d26@group-10122830AF56-SegmentedRaftLogWorker] INFO  segmented.SegmentedRaftLogWorker (SegmentedRaftLogWorker.java:execute(576)) - a055a1b9-25b3-4fc2-bbfd-9b68c6048d26@group-10122830AF56-SegmentedRaftLogWorker: created new log segment /workdir/hadoop-ozone/tools/target/test-dir/MiniOzoneClusterImpl-8172989c-4da0-4083-a6db-55a067c25ea9/datanode-0/data/ratis/e8a192b2-45df-40fd-9cc9-10122830af56/current/log_inprogress_0
2019-11-14 07:28:33,483 [11b96894-e5c9-4f16-b69e-d41085948f59@group-10122830AF56-SegmentedRaftLogWorker] INFO  segmented.SegmentedRaftLogWorker (SegmentedRaftLogWorker.java:execute(576)) - 11b96894-e5c9-4f16-b69e-d41085948f59@group-10122830AF56-SegmentedRaftLogWorker: created new log segment /workdir/hadoop-ozone/tools/target/test-dir/MiniOzoneClusterImpl-8172989c-4da0-4083-a6db-55a067c25ea9/datanode-2/data/ratis/e8a192b2-45df-40fd-9cc9-10122830af56/current/log_inprogress_0
 100.00% |?????????????????????????????????????????????????????????????????????????????????????????????????????|  1/1 Time: 0:00:06
]]></system-out>
    <system-err><![CDATA[ERROR StatusLogger No Log4j 2 configuration file found. Using default configuration (logging only errors to the console), or user programmatically provided configurations. Set system property 'log4j2.debug' to show Log4j 2 internal initialization logging. See https://logging.apache.org/log4j/2.x/manual/configuration.html for instructions on how to configure Log4j 2
]]></system-err>
  </testcase>
</testsuite>