<?xml version="1.0" encoding="UTF-8"?>
<testsuite xmlns:xsi="http://www.w3.org/2001/XMLSchema-instance" xsi:noNamespaceSchemaLocation="https://maven.apache.org/surefire/maven-surefire-plugin/xsd/surefire-test-report.xsd" name="org.apache.hadoop.ozone.freon.TestFreonWithPipelineDestroy" time="54.159" tests="1" errors="1" skipped="0" failures="0">
  <properties>
    <property name="awt.toolkit" value="sun.awt.X11.XToolkit"/>
    <property name="file.encoding.pkg" value="sun.io"/>
    <property name="java.specification.version" value="1.8"/>
    <property name="sun.cpu.isalist" value=""/>
    <property name="sun.jnu.encoding" value="ANSI_X3.4-1968"/>
    <property name="java.class.path" value="/workdir/hadoop-ozone/tools/target/test-classes:/workdir/hadoop-ozone/tools/target/classes:/home/user/.m2/repository/org/apache/hadoop/hadoop-ozone-ozone-manager/0.5.0-SNAPSHOT/hadoop-ozone-ozone-manager-0.5.0-SNAPSHOT.jar:/home/user/.m2/repository/org/apache/hadoop/hadoop-hdds-docs/0.5.0-SNAPSHOT/hadoop-hdds-docs-0.5.0-SNAPSHOT.jar:/home/user/.m2/repository/org/bouncycastle/bcprov-jdk15on/1.60/bcprov-jdk15on-1.60.jar:/home/user/.m2/repository/org/apache/hadoop/hadoop-ozone-common/0.5.0-SNAPSHOT/hadoop-ozone-common-0.5.0-SNAPSHOT.jar:/home/user/.m2/repository/org/apache/commons/commons-compress/1.4.1/commons-compress-1.4.1.jar:/home/user/.m2/repository/org/tukaani/xz/1.0/xz-1.0.jar:/home/user/.m2/repository/org/apache/hadoop/hadoop-hdfs-client/3.2.0/hadoop-hdfs-client-3.2.0.jar:/home/user/.m2/repository/com/fasterxml/jackson/core/jackson-annotations/2.9.9/jackson-annotations-2.9.9.jar:/home/user/.m2/repository/org/apache/hadoop/hadoop-hdds-common/0.5.0-SNAPSHOT/hadoop-hdds-common-0.5.0-SNAPSHOT.jar:/home/user/.m2/repository/org/apache/hadoop/hadoop-hdds-config/0.5.0-SNAPSHOT/hadoop-hdds-config-0.5.0-SNAPSHOT.jar:/home/user/.m2/repository/javax/annotation/javax.annotation-api/1.2/javax.annotation-api-1.2.jar:/home/user/.m2/repository/org/apache/ratis/ratis-server/0.5.0-d6d58d0-SNAPSHOT/ratis-server-0.5.0-d6d58d0-SNAPSHOT.jar:/home/user/.m2/repository/org/apache/ratis/ratis-thirdparty-misc/0.2.0/ratis-thirdparty-misc-0.2.0.jar:/home/user/.m2/repository/org/apache/ratis/ratis-proto/0.5.0-d6d58d0-SNAPSHOT/ratis-proto-0.5.0-d6d58d0-SNAPSHOT.jar:/home/user/.m2/repository/org/apache/ratis/ratis-common/0.5.0-d6d58d0-SNAPSHOT/ratis-common-0.5.0-d6d58d0-SNAPSHOT.jar:/home/user/.m2/repository/org/apache/ratis/ratis-client/0.5.0-d6d58d0-SNAPSHOT/ratis-client-0.5.0-d6d58d0-SNAPSHOT.jar:/home/user/.m2/repository/org/apache/ratis/ratis-metrics/0.5.0-d6d58d0-SNAPSHOT/ratis-metrics-0.5.0-d6d58d0-SNAPSHOT.jar:/home/user/.m2/repository/org/apache/ratis/ratis-netty/0.5.0-d6d58d0-SNAPSHOT/ratis-netty-0.5.0-d6d58d0-SNAPSHOT.jar:/home/user/.m2/repository/org/apache/ratis/ratis-grpc/0.5.0-d6d58d0-SNAPSHOT/ratis-grpc-0.5.0-d6d58d0-SNAPSHOT.jar:/home/user/.m2/repository/org/rocksdb/rocksdbjni/6.0.1/rocksdbjni-6.0.1.jar:/home/user/.m2/repository/org/apache/logging/log4j/log4j-api/2.11.0/log4j-api-2.11.0.jar:/home/user/.m2/repository/org/apache/logging/log4j/log4j-core/2.11.0/log4j-core-2.11.0.jar:/home/user/.m2/repository/com/lmax/disruptor/3.4.2/disruptor-3.4.2.jar:/home/user/.m2/repository/org/apache/commons/commons-pool2/2.6.0/commons-pool2-2.6.0.jar:/home/user/.m2/repository/org/bouncycastle/bcpkix-jdk15on/1.60/bcpkix-jdk15on-1.60.jar:/home/user/.m2/repository/commons-validator/commons-validator/1.6/commons-validator-1.6.jar:/home/user/.m2/repository/commons-digester/commons-digester/1.8.1/commons-digester-1.8.1.jar:/home/user/.m2/repository/io/jaegertracing/jaeger-client/0.34.0/jaeger-client-0.34.0.jar:/home/user/.m2/repository/io/jaegertracing/jaeger-thrift/0.34.0/jaeger-thrift-0.34.0.jar:/home/user/.m2/repository/org/apache/thrift/libthrift/0.12.0/libthrift-0.12.0.jar:/home/user/.m2/repository/com/squareup/okhttp3/okhttp/3.9.0/okhttp-3.9.0.jar:/home/user/.m2/repository/com/squareup/okio/okio/1.13.0/okio-1.13.0.jar:/home/user/.m2/repository/io/jaegertracing/jaeger-core/0.34.0/jaeger-core-0.34.0.jar:/home/user/.m2/repository/io/jaegertracing/jaeger-tracerresolver/0.34.0/jaeger-tracerresolver-0.34.0.jar:/home/user/.m2/repository/io/opentracing/contrib/opentracing-tracerresolver/0.1.5/opentracing-tracerresolver-0.1.5.jar:/home/user/.m2/repository/io/opentracing/opentracing-util/0.31.0/opentracing-util-0.31.0.jar:/home/user/.m2/repository/io/opentracing/opentracing-api/0.31.0/opentracing-api-0.31.0.jar:/home/user/.m2/repository/io/opentracing/opentracing-noop/0.31.0/opentracing-noop-0.31.0.jar:/home/user/.m2/repository/org/yaml/snakeyaml/1.16/snakeyaml-1.16.jar:/home/user/.m2/repository/org/apache/hadoop/hadoop-hdds-container-service/0.5.0-SNAPSHOT/hadoop-hdds-container-service-0.5.0-SNAPSHOT.jar:/home/user/.m2/repository/org/apache/hadoop/hadoop-hdds-client/0.5.0-SNAPSHOT/hadoop-hdds-client-0.5.0-SNAPSHOT.jar:/home/user/.m2/repository/org/apache/hadoop/hadoop-hdds-tools/0.5.0-SNAPSHOT/hadoop-hdds-tools-0.5.0-SNAPSHOT.jar:/home/user/.m2/repository/org/xerial/sqlite-jdbc/3.25.2/sqlite-jdbc-3.25.2.jar:/home/user/.m2/repository/org/apache/hadoop/hadoop-hdds-server-scm/0.5.0-SNAPSHOT/hadoop-hdds-server-scm-0.5.0-SNAPSHOT.jar:/home/user/.m2/repository/org/hamcrest/hamcrest-all/1.3/hamcrest-all-1.3.jar:/home/user/.m2/repository/info/picocli/picocli/3.9.6/picocli-3.9.6.jar:/home/user/.m2/repository/com/google/protobuf/protobuf-java/2.5.0/protobuf-java-2.5.0.jar:/home/user/.m2/repository/com/google/guava/guava/11.0.2/guava-11.0.2.jar:/home/user/.m2/repository/org/apache/hadoop/hadoop-ozone-client/0.5.0-SNAPSHOT/hadoop-ozone-client-0.5.0-SNAPSHOT.jar:/workdir/hadoop-ozone/ozonefs/target/classes:/home/user/.m2/repository/org/apache/httpcomponents/httpclient/4.5.2/httpclient-4.5.2.jar:/home/user/.m2/repository/org/apache/httpcomponents/httpcore/4.4.4/httpcore-4.4.4.jar:/home/user/.m2/repository/org/apache/hadoop/hadoop-hdds-server-framework/0.5.0-SNAPSHOT/hadoop-hdds-server-framework-0.5.0-SNAPSHOT.jar:/home/user/.m2/repository/org/apache/hadoop/hadoop-common/3.2.0/hadoop-common-3.2.0.jar:/home/user/.m2/repository/org/apache/hadoop/hadoop-annotations/3.2.0/hadoop-annotations-3.2.0.jar:/usr/lib/jvm/java-1.8.0-openjdk-1.8.0.222.b10-1.el7_7.x86_64/jre/../lib/tools.jar:/home/user/.m2/repository/commons-cli/commons-cli/1.2/commons-cli-1.2.jar:/home/user/.m2/repository/org/apache/commons/commons-math3/3.1.1/commons-math3-3.1.1.jar:/home/user/.m2/repository/commons-codec/commons-codec/1.11/commons-codec-1.11.jar:/home/user/.m2/repository/commons-io/commons-io/2.5/commons-io-2.5.jar:/home/user/.m2/repository/commons-net/commons-net/3.6/commons-net-3.6.jar:/home/user/.m2/repository/commons-collections/commons-collections/3.2.2/commons-collections-3.2.2.jar:/home/user/.m2/repository/javax/servlet/javax.servlet-api/3.1.0/javax.servlet-api-3.1.0.jar:/home/user/.m2/repository/org/eclipse/jetty/jetty-server/9.3.25.v20180904/jetty-server-9.3.25.v20180904.jar:/home/user/.m2/repository/org/eclipse/jetty/jetty-http/9.3.25.v20180904/jetty-http-9.3.25.v20180904.jar:/home/user/.m2/repository/org/eclipse/jetty/jetty-io/9.3.25.v20180904/jetty-io-9.3.25.v20180904.jar:/home/user/.m2/repository/org/eclipse/jetty/jetty-util/9.3.25.v20180904/jetty-util-9.3.25.v20180904.jar:/home/user/.m2/repository/org/eclipse/jetty/jetty-servlet/9.3.25.v20180904/jetty-servlet-9.3.25.v20180904.jar:/home/user/.m2/repository/org/eclipse/jetty/jetty-security/9.3.25.v20180904/jetty-security-9.3.25.v20180904.jar:/home/user/.m2/repository/org/eclipse/jetty/jetty-webapp/9.3.25.v20180904/jetty-webapp-9.3.25.v20180904.jar:/home/user/.m2/repository/org/eclipse/jetty/jetty-xml/9.3.25.v20180904/jetty-xml-9.3.25.v20180904.jar:/home/user/.m2/repository/javax/servlet/jsp/jsp-api/2.1/jsp-api-2.1.jar:/home/user/.m2/repository/com/sun/jersey/jersey-core/1.19/jersey-core-1.19.jar:/home/user/.m2/repository/javax/ws/rs/jsr311-api/1.1.1/jsr311-api-1.1.1.jar:/home/user/.m2/repository/com/sun/jersey/jersey-servlet/1.19/jersey-servlet-1.19.jar:/home/user/.m2/repository/com/sun/jersey/jersey-json/1.19/jersey-json-1.19.jar:/home/user/.m2/repository/org/codehaus/jettison/jettison/1.1/jettison-1.1.jar:/home/user/.m2/repository/com/sun/xml/bind/jaxb-impl/2.3.0.1/jaxb-impl-2.3.0.1.jar:/home/user/.m2/repository/org/codehaus/jackson/jackson-core-asl/1.9.13/jackson-core-asl-1.9.13.jar:/home/user/.m2/repository/org/codehaus/jackson/jackson-mapper-asl/1.9.13/jackson-mapper-asl-1.9.13.jar:/home/user/.m2/repository/org/codehaus/jackson/jackson-jaxrs/1.9.13/jackson-jaxrs-1.9.13.jar:/home/user/.m2/repository/org/codehaus/jackson/jackson-xc/1.9.13/jackson-xc-1.9.13.jar:/home/user/.m2/repository/com/sun/jersey/jersey-server/1.19/jersey-server-1.19.jar:/home/user/.m2/repository/commons-logging/commons-logging/1.1.3/commons-logging-1.1.3.jar:/home/user/.m2/repository/log4j/log4j/1.2.17/log4j-1.2.17.jar:/home/user/.m2/repository/commons-beanutils/commons-beanutils/1.9.4/commons-beanutils-1.9.4.jar:/home/user/.m2/repository/org/apache/commons/commons-configuration2/2.1.1/commons-configuration2-2.1.1.jar:/home/user/.m2/repository/org/apache/commons/commons-lang3/3.7/commons-lang3-3.7.jar:/home/user/.m2/repository/org/apache/commons/commons-text/1.4/commons-text-1.4.jar:/home/user/.m2/repository/org/slf4j/slf4j-api/1.7.25/slf4j-api-1.7.25.jar:/home/user/.m2/repository/org/slf4j/slf4j-log4j12/1.7.25/slf4j-log4j12-1.7.25.jar:/home/user/.m2/repository/org/apache/avro/avro/1.7.7/avro-1.7.7.jar:/home/user/.m2/repository/com/thoughtworks/paranamer/paranamer/2.3/paranamer-2.3.jar:/home/user/.m2/repository/org/xerial/snappy/snappy-java/1.0.5/snappy-java-1.0.5.jar:/home/user/.m2/repository/com/google/re2j/re2j/1.1/re2j-1.1.jar:/home/user/.m2/repository/com/google/code/gson/gson/2.2.4/gson-2.2.4.jar:/home/user/.m2/repository/org/apache/hadoop/hadoop-auth/3.2.0/hadoop-auth-3.2.0.jar:/home/user/.m2/repository/com/nimbusds/nimbus-jose-jwt/4.41.1/nimbus-jose-jwt-4.41.1.jar:/home/user/.m2/repository/com/github/stephenc/jcip/jcip-annotations/1.0-1/jcip-annotations-1.0-1.jar:/home/user/.m2/repository/net/minidev/json-smart/2.3/json-smart-2.3.jar:/home/user/.m2/repository/net/minidev/accessors-smart/1.2/accessors-smart-1.2.jar:/home/user/.m2/repository/org/apache/curator/curator-framework/2.12.0/curator-framework-2.12.0.jar:/home/user/.m2/repository/com/jcraft/jsch/0.1.54/jsch-0.1.54.jar:/home/user/.m2/repository/org/apache/curator/curator-client/2.12.0/curator-client-2.12.0.jar:/home/user/.m2/repository/org/apache/curator/curator-recipes/2.12.0/curator-recipes-2.12.0.jar:/home/user/.m2/repository/com/google/code/findbugs/jsr305/3.0.0/jsr305-3.0.0.jar:/home/user/.m2/repository/org/apache/htrace/htrace-core4/4.1.0-incubating/htrace-core4-4.1.0-incubating.jar:/home/user/.m2/repository/org/apache/zookeeper/zookeeper/3.4.13/zookeeper-3.4.13.jar:/home/user/.m2/repository/jline/jline/0.9.94/jline-0.9.94.jar:/home/user/.m2/repository/org/apache/yetus/audience-annotations/0.5.0/audience-annotations-0.5.0.jar:/home/user/.m2/repository/org/apache/kerby/kerb-simplekdc/1.0.1/kerb-simplekdc-1.0.1.jar:/home/user/.m2/repository/org/apache/kerby/kerb-client/1.0.1/kerb-client-1.0.1.jar:/home/user/.m2/repository/org/apache/kerby/kerby-config/1.0.1/kerby-config-1.0.1.jar:/home/user/.m2/repository/org/apache/kerby/kerb-core/1.0.1/kerb-core-1.0.1.jar:/home/user/.m2/repository/org/apache/kerby/kerby-pkix/1.0.1/kerby-pkix-1.0.1.jar:/home/user/.m2/repository/org/apache/kerby/kerby-asn1/1.0.1/kerby-asn1-1.0.1.jar:/home/user/.m2/repository/org/apache/kerby/kerby-util/1.0.1/kerby-util-1.0.1.jar:/home/user/.m2/repository/org/apache/kerby/kerb-common/1.0.1/kerb-common-1.0.1.jar:/home/user/.m2/repository/org/apache/kerby/kerb-crypto/1.0.1/kerb-crypto-1.0.1.jar:/home/user/.m2/repository/org/apache/kerby/kerb-util/1.0.1/kerb-util-1.0.1.jar:/home/user/.m2/repository/org/apache/kerby/token-provider/1.0.1/token-provider-1.0.1.jar:/home/user/.m2/repository/org/apache/kerby/kerb-admin/1.0.1/kerb-admin-1.0.1.jar:/home/user/.m2/repository/org/apache/kerby/kerb-server/1.0.1/kerb-server-1.0.1.jar:/home/user/.m2/repository/org/apache/kerby/kerb-identity/1.0.1/kerb-identity-1.0.1.jar:/home/user/.m2/repository/org/apache/kerby/kerby-xdr/1.0.1/kerby-xdr-1.0.1.jar:/home/user/.m2/repository/com/fasterxml/jackson/core/jackson-databind/2.9.9/jackson-databind-2.9.9.jar:/home/user/.m2/repository/com/fasterxml/jackson/core/jackson-core/2.9.9/jackson-core-2.9.9.jar:/home/user/.m2/repository/org/codehaus/woodstox/stax2-api/3.1.4/stax2-api-3.1.4.jar:/home/user/.m2/repository/com/fasterxml/woodstox/woodstox-core/5.0.3/woodstox-core-5.0.3.jar:/home/user/.m2/repository/dnsjava/dnsjava/2.1.7/dnsjava-2.1.7.jar:/home/user/.m2/repository/org/apache/hadoop/hadoop-hdfs/3.2.0/hadoop-hdfs-3.2.0.jar:/home/user/.m2/repository/org/eclipse/jetty/jetty-util-ajax/9.3.25.v20180904/jetty-util-ajax-9.3.25.v20180904.jar:/home/user/.m2/repository/commons-daemon/commons-daemon/1.0.13/commons-daemon-1.0.13.jar:/home/user/.m2/repository/io/netty/netty/3.10.5.Final/netty-3.10.5.Final.jar:/home/user/.m2/repository/io/netty/netty-all/4.0.52.Final/netty-all-4.0.52.Final.jar:/home/user/.m2/repository/org/fusesource/leveldbjni/leveldbjni-all/1.8/leveldbjni-all-1.8.jar:/home/user/.m2/repository/com/sun/xml/bind/jaxb-core/2.3.0.1/jaxb-core-2.3.0.1.jar:/home/user/.m2/repository/javax/xml/bind/jaxb-api/2.3.0/jaxb-api-2.3.0.jar:/home/user/.m2/repository/javax/activation/activation/1.1.1/activation-1.1.1.jar:/home/user/.m2/repository/org/openjdk/jmh/jmh-core/1.19/jmh-core-1.19.jar:/home/user/.m2/repository/net/sf/jopt-simple/jopt-simple/4.6/jopt-simple-4.6.jar:/home/user/.m2/repository/org/openjdk/jmh/jmh-generator-annprocess/1.19/jmh-generator-annprocess-1.19.jar:/home/user/.m2/repository/io/dropwizard/metrics/metrics-core/3.2.4/metrics-core-3.2.4.jar:/home/user/.m2/repository/com/amazonaws/aws-java-sdk-s3/1.11.615/aws-java-sdk-s3-1.11.615.jar:/home/user/.m2/repository/com/amazonaws/aws-java-sdk-kms/1.11.615/aws-java-sdk-kms-1.11.615.jar:/home/user/.m2/repository/com/amazonaws/aws-java-sdk-core/1.11.615/aws-java-sdk-core-1.11.615.jar:/home/user/.m2/repository/software/amazon/ion/ion-java/1.0.2/ion-java-1.0.2.jar:/home/user/.m2/repository/com/fasterxml/jackson/dataformat/jackson-dataformat-cbor/2.9.9/jackson-dataformat-cbor-2.9.9.jar:/home/user/.m2/repository/joda-time/joda-time/2.9.9/joda-time-2.9.9.jar:/home/user/.m2/repository/com/amazonaws/jmespath-java/1.11.615/jmespath-java-1.11.615.jar:/home/user/.m2/repository/com/github/spotbugs/spotbugs/3.1.12/spotbugs-3.1.12.jar:/home/user/.m2/repository/org/ow2/asm/asm/5.0.4/asm-5.0.4.jar:/home/user/.m2/repository/org/ow2/asm/asm-analysis/7.0/asm-analysis-7.0.jar:/home/user/.m2/repository/org/ow2/asm/asm-commons/7.0/asm-commons-7.0.jar:/home/user/.m2/repository/org/ow2/asm/asm-tree/7.0/asm-tree-7.0.jar:/home/user/.m2/repository/org/ow2/asm/asm-util/7.0/asm-util-7.0.jar:/home/user/.m2/repository/org/apache/bcel/bcel/6.3/bcel-6.3.jar:/home/user/.m2/repository/net/jcip/jcip-annotations/1.0/jcip-annotations-1.0.jar:/home/user/.m2/repository/org/dom4j/dom4j/2.1.1/dom4j-2.1.1.jar:/home/user/.m2/repository/jaxen/jaxen/1.1.6/jaxen-1.1.6.jar:/home/user/.m2/repository/commons-lang/commons-lang/2.6/commons-lang-2.6.jar:/home/user/.m2/repository/com/github/spotbugs/spotbugs-annotations/3.1.12/spotbugs-annotations-3.1.12.jar:/home/user/.m2/repository/junit/junit/4.11/junit-4.11.jar:/home/user/.m2/repository/org/hamcrest/hamcrest-core/1.3/hamcrest-core-1.3.jar:/home/user/.m2/repository/org/apache/hadoop/hadoop-common/3.2.0/hadoop-common-3.2.0-tests.jar:/workdir/hadoop-ozone/integration-test/target/test-classes:/home/user/.m2/repository/org/apache/hadoop/hadoop-ozone-s3gateway/0.5.0-SNAPSHOT/hadoop-ozone-s3gateway-0.5.0-SNAPSHOT.jar:/home/user/.m2/repository/org/jboss/weld/servlet/weld-servlet/2.4.7.Final/weld-servlet-2.4.7.Final.jar:/home/user/.m2/repository/org/glassfish/jersey/containers/jersey-container-servlet-core/2.27/jersey-container-servlet-core-2.27.jar:/home/user/.m2/repository/org/glassfish/hk2/external/javax.inject/2.5.0-b42/javax.inject-2.5.0-b42.jar:/home/user/.m2/repository/org/glassfish/jersey/core/jersey-common/2.27/jersey-common-2.27.jar:/home/user/.m2/repository/org/glassfish/hk2/osgi-resource-locator/1.0.1/osgi-resource-locator-1.0.1.jar:/home/user/.m2/repository/javax/ws/rs/javax.ws.rs-api/2.1/javax.ws.rs-api-2.1.jar:/home/user/.m2/repository/org/glassfish/jersey/ext/cdi/jersey-cdi1x/2.27/jersey-cdi1x-2.27.jar:/home/user/.m2/repository/org/glassfish/jersey/inject/jersey-hk2/2.27/jersey-hk2-2.27.jar:/home/user/.m2/repository/org/glassfish/hk2/hk2-locator/2.5.0-b42/hk2-locator-2.5.0-b42.jar:/home/user/.m2/repository/org/javassist/javassist/3.22.0-CR2/javassist-3.22.0-CR2.jar:/home/user/.m2/repository/org/glassfish/hk2/hk2-api/2.5.0/hk2-api-2.5.0.jar:/home/user/.m2/repository/org/glassfish/hk2/external/jakarta.inject/2.5.0/jakarta.inject-2.5.0.jar:/home/user/.m2/repository/org/glassfish/hk2/hk2-utils/2.5.0/hk2-utils-2.5.0.jar:/home/user/.m2/repository/jakarta/annotation/jakarta.annotation-api/1.3.4/jakarta.annotation-api-1.3.4.jar:/home/user/.m2/repository/org/glassfish/hk2/external/aopalliance-repackaged/2.5.0/aopalliance-repackaged-2.5.0.jar:/home/user/.m2/repository/com/fasterxml/jackson/dataformat/jackson-dataformat-xml/2.9.0/jackson-dataformat-xml-2.9.0.jar:/home/user/.m2/repository/com/fasterxml/jackson/module/jackson-module-jaxb-annotations/2.9.9/jackson-module-jaxb-annotations-2.9.9.jar:/home/user/.m2/repository/javax/enterprise/cdi-api/1.2/cdi-api-1.2.jar:/home/user/.m2/repository/javax/el/javax.el-api/3.0.0/javax.el-api-3.0.0.jar:/home/user/.m2/repository/javax/interceptor/javax.interceptor-api/1.2/javax.interceptor-api-1.2.jar:/home/user/.m2/repository/javax/inject/javax.inject/1/javax.inject-1.jar:/home/user/.m2/repository/org/apache/hadoop/hadoop-ozone-csi/0.5.0-SNAPSHOT/hadoop-ozone-csi-0.5.0-SNAPSHOT.jar:/home/user/.m2/repository/com/google/protobuf/protobuf-java-util/3.5.1/protobuf-java-util-3.5.1.jar:/home/user/.m2/repository/io/grpc/grpc-netty/1.17.1/grpc-netty-1.17.1.jar:/home/user/.m2/repository/io/grpc/grpc-core/1.17.1/grpc-core-1.17.1.jar:/home/user/.m2/repository/io/grpc/grpc-context/1.17.1/grpc-context-1.17.1.jar:/home/user/.m2/repository/com/google/errorprone/error_prone_annotations/2.2.0/error_prone_annotations-2.2.0.jar:/home/user/.m2/repository/org/codehaus/mojo/animal-sniffer-annotations/1.17/animal-sniffer-annotations-1.17.jar:/home/user/.m2/repository/io/opencensus/opencensus-api/0.17.0/opencensus-api-0.17.0.jar:/home/user/.m2/repository/io/opencensus/opencensus-contrib-grpc-metrics/0.17.0/opencensus-contrib-grpc-metrics-0.17.0.jar:/home/user/.m2/repository/io/netty/netty-codec-http2/4.1.30.Final/netty-codec-http2-4.1.30.Final.jar:/home/user/.m2/repository/io/netty/netty-codec-http/4.1.30.Final/netty-codec-http-4.1.30.Final.jar:/home/user/.m2/repository/io/netty/netty-codec/4.1.30.Final/netty-codec-4.1.30.Final.jar:/home/user/.m2/repository/io/netty/netty-handler/4.1.30.Final/netty-handler-4.1.30.Final.jar:/home/user/.m2/repository/io/netty/netty-handler-proxy/4.1.30.Final/netty-handler-proxy-4.1.30.Final.jar:/home/user/.m2/repository/io/netty/netty-codec-socks/4.1.30.Final/netty-codec-socks-4.1.30.Final.jar:/home/user/.m2/repository/io/netty/netty-transport-native-epoll/4.1.30.Final/netty-transport-native-epoll-4.1.30.Final.jar:/home/user/.m2/repository/io/netty/netty-common/4.1.30.Final/netty-common-4.1.30.Final.jar:/home/user/.m2/repository/io/netty/netty-buffer/4.1.30.Final/netty-buffer-4.1.30.Final.jar:/home/user/.m2/repository/io/netty/netty-transport/4.1.30.Final/netty-transport-4.1.30.Final.jar:/home/user/.m2/repository/io/netty/netty-resolver/4.1.30.Final/netty-resolver-4.1.30.Final.jar:/home/user/.m2/repository/io/netty/netty-transport-native-unix-common/4.1.30.Final/netty-transport-native-unix-common-4.1.30.Final.jar:/home/user/.m2/repository/io/grpc/grpc-protobuf/1.17.1/grpc-protobuf-1.17.1.jar:/home/user/.m2/repository/com/google/api/grpc/proto-google-common-protos/1.0.0/proto-google-common-protos-1.0.0.jar:/home/user/.m2/repository/io/grpc/grpc-protobuf-lite/1.17.1/grpc-protobuf-lite-1.17.1.jar:/home/user/.m2/repository/io/grpc/grpc-stub/1.17.1/grpc-stub-1.17.1.jar:/home/user/.m2/repository/org/apache/hadoop/hadoop-ozone-recon/0.5.0-SNAPSHOT/hadoop-ozone-recon-0.5.0-SNAPSHOT.jar:/home/user/.m2/repository/org/apache/hadoop/hadoop-ozone-reconcodegen/0.5.0-SNAPSHOT/hadoop-ozone-reconcodegen-0.5.0-SNAPSHOT.jar:/home/user/.m2/repository/com/google/inject/extensions/guice-multibindings/4.0/guice-multibindings-4.0.jar:/home/user/.m2/repository/com/google/inject/guice/4.0/guice-4.0.jar:/home/user/.m2/repository/aopalliance/aopalliance/1.0/aopalliance-1.0.jar:/home/user/.m2/repository/com/google/inject/extensions/guice-servlet/4.0/guice-servlet-4.0.jar:/home/user/.m2/repository/org/glassfish/jersey/containers/jersey-container-servlet/2.27/jersey-container-servlet-2.27.jar:/home/user/.m2/repository/org/glassfish/hk2/guice-bridge/2.5.0/guice-bridge-2.5.0.jar:/home/user/.m2/repository/org/glassfish/jersey/core/jersey-server/2.27/jersey-server-2.27.jar:/home/user/.m2/repository/org/glassfish/jersey/core/jersey-client/2.27/jersey-client-2.27.jar:/home/user/.m2/repository/org/glassfish/jersey/media/jersey-media-jaxb/2.27/jersey-media-jaxb-2.27.jar:/home/user/.m2/repository/javax/validation/validation-api/1.1.0.Final/validation-api-1.1.0.Final.jar:/home/user/.m2/repository/org/glassfish/jersey/media/jersey-media-json-jackson/2.27/jersey-media-json-jackson-2.27.jar:/home/user/.m2/repository/org/glassfish/jersey/ext/jersey-entity-filtering/2.27/jersey-entity-filtering-2.27.jar:/home/user/.m2/repository/com/google/inject/extensions/guice-assistedinject/4.0/guice-assistedinject-4.0.jar:/home/user/.m2/repository/org/jooq/jooq/3.11.10/jooq-3.11.10.jar:/home/user/.m2/repository/org/jooq/jooq-meta/3.11.10/jooq-meta-3.11.10.jar:/home/user/.m2/repository/org/jooq/jooq-codegen/3.11.10/jooq-codegen-3.11.10.jar:/home/user/.m2/repository/com/jolbox/bonecp/0.8.0.RELEASE/bonecp-0.8.0.RELEASE.jar:/home/user/.m2/repository/org/springframework/spring-jdbc/5.1.3.RELEASE/spring-jdbc-5.1.3.RELEASE.jar:/home/user/.m2/repository/org/springframework/spring-beans/5.1.3.RELEASE/spring-beans-5.1.3.RELEASE.jar:/home/user/.m2/repository/org/springframework/spring-core/5.1.3.RELEASE/spring-core-5.1.3.RELEASE.jar:/home/user/.m2/repository/org/springframework/spring-jcl/5.1.3.RELEASE/spring-jcl-5.1.3.RELEASE.jar:/home/user/.m2/repository/org/springframework/spring-tx/5.1.3.RELEASE/spring-tx-5.1.3.RELEASE.jar:/home/user/.m2/repository/org/mockito/mockito-core/2.15.0/mockito-core-2.15.0.jar:/home/user/.m2/repository/net/bytebuddy/byte-buddy/1.7.9/byte-buddy-1.7.9.jar:/home/user/.m2/repository/net/bytebuddy/byte-buddy-agent/1.7.9/byte-buddy-agent-1.7.9.jar:/home/user/.m2/repository/org/objenesis/objenesis/1.0/objenesis-1.0.jar:"/>
    <property name="java.vm.vendor" value="Oracle Corporation"/>
    <property name="sun.arch.data.model" value="64"/>
    <property name="test.build.dir" value="/workdir/hadoop-ozone/tools/target/test-dir"/>
    <property name="test.cache.data" value=""/>
    <property name="java.vendor.url" value="http://java.oracle.com/"/>
    <property name="user.timezone" value=""/>
    <property name="java.vm.specification.version" value="1.8"/>
    <property name="os.name" value="Linux"/>
    <property name="test.build.data" value="/workdir/hadoop-ozone/tools/target/test-dir"/>
    <property name="user.country" value="US"/>
    <property name="sun.java.launcher" value="SUN_STANDARD"/>
    <property name="sun.boot.library.path" value="/usr/lib/jvm/java-1.8.0-openjdk-1.8.0.222.b10-1.el7_7.x86_64/jre/lib/amd64"/>
    <property name="sun.java.command" value="/workdir/hadoop-ozone/tools/target/surefire/surefirebooter7470584657875186520.jar /workdir/hadoop-ozone/tools/target/surefire 2019-10-31T09-07-09_013-jvmRun1 surefire1121902102206466734tmp surefire_1017557636305441677205tmp"/>
    <property name="surefire.test.class.path" value="/workdir/hadoop-ozone/tools/target/test-classes:/workdir/hadoop-ozone/tools/target/classes:/home/user/.m2/repository/org/apache/hadoop/hadoop-ozone-ozone-manager/0.5.0-SNAPSHOT/hadoop-ozone-ozone-manager-0.5.0-SNAPSHOT.jar:/home/user/.m2/repository/org/apache/hadoop/hadoop-hdds-docs/0.5.0-SNAPSHOT/hadoop-hdds-docs-0.5.0-SNAPSHOT.jar:/home/user/.m2/repository/org/bouncycastle/bcprov-jdk15on/1.60/bcprov-jdk15on-1.60.jar:/home/user/.m2/repository/org/apache/hadoop/hadoop-ozone-common/0.5.0-SNAPSHOT/hadoop-ozone-common-0.5.0-SNAPSHOT.jar:/home/user/.m2/repository/org/apache/commons/commons-compress/1.4.1/commons-compress-1.4.1.jar:/home/user/.m2/repository/org/tukaani/xz/1.0/xz-1.0.jar:/home/user/.m2/repository/org/apache/hadoop/hadoop-hdfs-client/3.2.0/hadoop-hdfs-client-3.2.0.jar:/home/user/.m2/repository/com/fasterxml/jackson/core/jackson-annotations/2.9.9/jackson-annotations-2.9.9.jar:/home/user/.m2/repository/org/apache/hadoop/hadoop-hdds-common/0.5.0-SNAPSHOT/hadoop-hdds-common-0.5.0-SNAPSHOT.jar:/home/user/.m2/repository/org/apache/hadoop/hadoop-hdds-config/0.5.0-SNAPSHOT/hadoop-hdds-config-0.5.0-SNAPSHOT.jar:/home/user/.m2/repository/javax/annotation/javax.annotation-api/1.2/javax.annotation-api-1.2.jar:/home/user/.m2/repository/org/apache/ratis/ratis-server/0.5.0-d6d58d0-SNAPSHOT/ratis-server-0.5.0-d6d58d0-SNAPSHOT.jar:/home/user/.m2/repository/org/apache/ratis/ratis-thirdparty-misc/0.2.0/ratis-thirdparty-misc-0.2.0.jar:/home/user/.m2/repository/org/apache/ratis/ratis-proto/0.5.0-d6d58d0-SNAPSHOT/ratis-proto-0.5.0-d6d58d0-SNAPSHOT.jar:/home/user/.m2/repository/org/apache/ratis/ratis-common/0.5.0-d6d58d0-SNAPSHOT/ratis-common-0.5.0-d6d58d0-SNAPSHOT.jar:/home/user/.m2/repository/org/apache/ratis/ratis-client/0.5.0-d6d58d0-SNAPSHOT/ratis-client-0.5.0-d6d58d0-SNAPSHOT.jar:/home/user/.m2/repository/org/apache/ratis/ratis-metrics/0.5.0-d6d58d0-SNAPSHOT/ratis-metrics-0.5.0-d6d58d0-SNAPSHOT.jar:/home/user/.m2/repository/org/apache/ratis/ratis-netty/0.5.0-d6d58d0-SNAPSHOT/ratis-netty-0.5.0-d6d58d0-SNAPSHOT.jar:/home/user/.m2/repository/org/apache/ratis/ratis-grpc/0.5.0-d6d58d0-SNAPSHOT/ratis-grpc-0.5.0-d6d58d0-SNAPSHOT.jar:/home/user/.m2/repository/org/rocksdb/rocksdbjni/6.0.1/rocksdbjni-6.0.1.jar:/home/user/.m2/repository/org/apache/logging/log4j/log4j-api/2.11.0/log4j-api-2.11.0.jar:/home/user/.m2/repository/org/apache/logging/log4j/log4j-core/2.11.0/log4j-core-2.11.0.jar:/home/user/.m2/repository/com/lmax/disruptor/3.4.2/disruptor-3.4.2.jar:/home/user/.m2/repository/org/apache/commons/commons-pool2/2.6.0/commons-pool2-2.6.0.jar:/home/user/.m2/repository/org/bouncycastle/bcpkix-jdk15on/1.60/bcpkix-jdk15on-1.60.jar:/home/user/.m2/repository/commons-validator/commons-validator/1.6/commons-validator-1.6.jar:/home/user/.m2/repository/commons-digester/commons-digester/1.8.1/commons-digester-1.8.1.jar:/home/user/.m2/repository/io/jaegertracing/jaeger-client/0.34.0/jaeger-client-0.34.0.jar:/home/user/.m2/repository/io/jaegertracing/jaeger-thrift/0.34.0/jaeger-thrift-0.34.0.jar:/home/user/.m2/repository/org/apache/thrift/libthrift/0.12.0/libthrift-0.12.0.jar:/home/user/.m2/repository/com/squareup/okhttp3/okhttp/3.9.0/okhttp-3.9.0.jar:/home/user/.m2/repository/com/squareup/okio/okio/1.13.0/okio-1.13.0.jar:/home/user/.m2/repository/io/jaegertracing/jaeger-core/0.34.0/jaeger-core-0.34.0.jar:/home/user/.m2/repository/io/jaegertracing/jaeger-tracerresolver/0.34.0/jaeger-tracerresolver-0.34.0.jar:/home/user/.m2/repository/io/opentracing/contrib/opentracing-tracerresolver/0.1.5/opentracing-tracerresolver-0.1.5.jar:/home/user/.m2/repository/io/opentracing/opentracing-util/0.31.0/opentracing-util-0.31.0.jar:/home/user/.m2/repository/io/opentracing/opentracing-api/0.31.0/opentracing-api-0.31.0.jar:/home/user/.m2/repository/io/opentracing/opentracing-noop/0.31.0/opentracing-noop-0.31.0.jar:/home/user/.m2/repository/org/yaml/snakeyaml/1.16/snakeyaml-1.16.jar:/home/user/.m2/repository/org/apache/hadoop/hadoop-hdds-container-service/0.5.0-SNAPSHOT/hadoop-hdds-container-service-0.5.0-SNAPSHOT.jar:/home/user/.m2/repository/org/apache/hadoop/hadoop-hdds-client/0.5.0-SNAPSHOT/hadoop-hdds-client-0.5.0-SNAPSHOT.jar:/home/user/.m2/repository/org/apache/hadoop/hadoop-hdds-tools/0.5.0-SNAPSHOT/hadoop-hdds-tools-0.5.0-SNAPSHOT.jar:/home/user/.m2/repository/org/xerial/sqlite-jdbc/3.25.2/sqlite-jdbc-3.25.2.jar:/home/user/.m2/repository/org/apache/hadoop/hadoop-hdds-server-scm/0.5.0-SNAPSHOT/hadoop-hdds-server-scm-0.5.0-SNAPSHOT.jar:/home/user/.m2/repository/org/hamcrest/hamcrest-all/1.3/hamcrest-all-1.3.jar:/home/user/.m2/repository/info/picocli/picocli/3.9.6/picocli-3.9.6.jar:/home/user/.m2/repository/com/google/protobuf/protobuf-java/2.5.0/protobuf-java-2.5.0.jar:/home/user/.m2/repository/com/google/guava/guava/11.0.2/guava-11.0.2.jar:/home/user/.m2/repository/org/apache/hadoop/hadoop-ozone-client/0.5.0-SNAPSHOT/hadoop-ozone-client-0.5.0-SNAPSHOT.jar:/workdir/hadoop-ozone/ozonefs/target/classes:/home/user/.m2/repository/org/apache/httpcomponents/httpclient/4.5.2/httpclient-4.5.2.jar:/home/user/.m2/repository/org/apache/httpcomponents/httpcore/4.4.4/httpcore-4.4.4.jar:/home/user/.m2/repository/org/apache/hadoop/hadoop-hdds-server-framework/0.5.0-SNAPSHOT/hadoop-hdds-server-framework-0.5.0-SNAPSHOT.jar:/home/user/.m2/repository/org/apache/hadoop/hadoop-common/3.2.0/hadoop-common-3.2.0.jar:/home/user/.m2/repository/org/apache/hadoop/hadoop-annotations/3.2.0/hadoop-annotations-3.2.0.jar:/usr/lib/jvm/java-1.8.0-openjdk-1.8.0.222.b10-1.el7_7.x86_64/jre/../lib/tools.jar:/home/user/.m2/repository/commons-cli/commons-cli/1.2/commons-cli-1.2.jar:/home/user/.m2/repository/org/apache/commons/commons-math3/3.1.1/commons-math3-3.1.1.jar:/home/user/.m2/repository/commons-codec/commons-codec/1.11/commons-codec-1.11.jar:/home/user/.m2/repository/commons-io/commons-io/2.5/commons-io-2.5.jar:/home/user/.m2/repository/commons-net/commons-net/3.6/commons-net-3.6.jar:/home/user/.m2/repository/commons-collections/commons-collections/3.2.2/commons-collections-3.2.2.jar:/home/user/.m2/repository/javax/servlet/javax.servlet-api/3.1.0/javax.servlet-api-3.1.0.jar:/home/user/.m2/repository/org/eclipse/jetty/jetty-server/9.3.25.v20180904/jetty-server-9.3.25.v20180904.jar:/home/user/.m2/repository/org/eclipse/jetty/jetty-http/9.3.25.v20180904/jetty-http-9.3.25.v20180904.jar:/home/user/.m2/repository/org/eclipse/jetty/jetty-io/9.3.25.v20180904/jetty-io-9.3.25.v20180904.jar:/home/user/.m2/repository/org/eclipse/jetty/jetty-util/9.3.25.v20180904/jetty-util-9.3.25.v20180904.jar:/home/user/.m2/repository/org/eclipse/jetty/jetty-servlet/9.3.25.v20180904/jetty-servlet-9.3.25.v20180904.jar:/home/user/.m2/repository/org/eclipse/jetty/jetty-security/9.3.25.v20180904/jetty-security-9.3.25.v20180904.jar:/home/user/.m2/repository/org/eclipse/jetty/jetty-webapp/9.3.25.v20180904/jetty-webapp-9.3.25.v20180904.jar:/home/user/.m2/repository/org/eclipse/jetty/jetty-xml/9.3.25.v20180904/jetty-xml-9.3.25.v20180904.jar:/home/user/.m2/repository/javax/servlet/jsp/jsp-api/2.1/jsp-api-2.1.jar:/home/user/.m2/repository/com/sun/jersey/jersey-core/1.19/jersey-core-1.19.jar:/home/user/.m2/repository/javax/ws/rs/jsr311-api/1.1.1/jsr311-api-1.1.1.jar:/home/user/.m2/repository/com/sun/jersey/jersey-servlet/1.19/jersey-servlet-1.19.jar:/home/user/.m2/repository/com/sun/jersey/jersey-json/1.19/jersey-json-1.19.jar:/home/user/.m2/repository/org/codehaus/jettison/jettison/1.1/jettison-1.1.jar:/home/user/.m2/repository/com/sun/xml/bind/jaxb-impl/2.3.0.1/jaxb-impl-2.3.0.1.jar:/home/user/.m2/repository/org/codehaus/jackson/jackson-core-asl/1.9.13/jackson-core-asl-1.9.13.jar:/home/user/.m2/repository/org/codehaus/jackson/jackson-mapper-asl/1.9.13/jackson-mapper-asl-1.9.13.jar:/home/user/.m2/repository/org/codehaus/jackson/jackson-jaxrs/1.9.13/jackson-jaxrs-1.9.13.jar:/home/user/.m2/repository/org/codehaus/jackson/jackson-xc/1.9.13/jackson-xc-1.9.13.jar:/home/user/.m2/repository/com/sun/jersey/jersey-server/1.19/jersey-server-1.19.jar:/home/user/.m2/repository/commons-logging/commons-logging/1.1.3/commons-logging-1.1.3.jar:/home/user/.m2/repository/log4j/log4j/1.2.17/log4j-1.2.17.jar:/home/user/.m2/repository/commons-beanutils/commons-beanutils/1.9.4/commons-beanutils-1.9.4.jar:/home/user/.m2/repository/org/apache/commons/commons-configuration2/2.1.1/commons-configuration2-2.1.1.jar:/home/user/.m2/repository/org/apache/commons/commons-lang3/3.7/commons-lang3-3.7.jar:/home/user/.m2/repository/org/apache/commons/commons-text/1.4/commons-text-1.4.jar:/home/user/.m2/repository/org/slf4j/slf4j-api/1.7.25/slf4j-api-1.7.25.jar:/home/user/.m2/repository/org/slf4j/slf4j-log4j12/1.7.25/slf4j-log4j12-1.7.25.jar:/home/user/.m2/repository/org/apache/avro/avro/1.7.7/avro-1.7.7.jar:/home/user/.m2/repository/com/thoughtworks/paranamer/paranamer/2.3/paranamer-2.3.jar:/home/user/.m2/repository/org/xerial/snappy/snappy-java/1.0.5/snappy-java-1.0.5.jar:/home/user/.m2/repository/com/google/re2j/re2j/1.1/re2j-1.1.jar:/home/user/.m2/repository/com/google/code/gson/gson/2.2.4/gson-2.2.4.jar:/home/user/.m2/repository/org/apache/hadoop/hadoop-auth/3.2.0/hadoop-auth-3.2.0.jar:/home/user/.m2/repository/com/nimbusds/nimbus-jose-jwt/4.41.1/nimbus-jose-jwt-4.41.1.jar:/home/user/.m2/repository/com/github/stephenc/jcip/jcip-annotations/1.0-1/jcip-annotations-1.0-1.jar:/home/user/.m2/repository/net/minidev/json-smart/2.3/json-smart-2.3.jar:/home/user/.m2/repository/net/minidev/accessors-smart/1.2/accessors-smart-1.2.jar:/home/user/.m2/repository/org/apache/curator/curator-framework/2.12.0/curator-framework-2.12.0.jar:/home/user/.m2/repository/com/jcraft/jsch/0.1.54/jsch-0.1.54.jar:/home/user/.m2/repository/org/apache/curator/curator-client/2.12.0/curator-client-2.12.0.jar:/home/user/.m2/repository/org/apache/curator/curator-recipes/2.12.0/curator-recipes-2.12.0.jar:/home/user/.m2/repository/com/google/code/findbugs/jsr305/3.0.0/jsr305-3.0.0.jar:/home/user/.m2/repository/org/apache/htrace/htrace-core4/4.1.0-incubating/htrace-core4-4.1.0-incubating.jar:/home/user/.m2/repository/org/apache/zookeeper/zookeeper/3.4.13/zookeeper-3.4.13.jar:/home/user/.m2/repository/jline/jline/0.9.94/jline-0.9.94.jar:/home/user/.m2/repository/org/apache/yetus/audience-annotations/0.5.0/audience-annotations-0.5.0.jar:/home/user/.m2/repository/org/apache/kerby/kerb-simplekdc/1.0.1/kerb-simplekdc-1.0.1.jar:/home/user/.m2/repository/org/apache/kerby/kerb-client/1.0.1/kerb-client-1.0.1.jar:/home/user/.m2/repository/org/apache/kerby/kerby-config/1.0.1/kerby-config-1.0.1.jar:/home/user/.m2/repository/org/apache/kerby/kerb-core/1.0.1/kerb-core-1.0.1.jar:/home/user/.m2/repository/org/apache/kerby/kerby-pkix/1.0.1/kerby-pkix-1.0.1.jar:/home/user/.m2/repository/org/apache/kerby/kerby-asn1/1.0.1/kerby-asn1-1.0.1.jar:/home/user/.m2/repository/org/apache/kerby/kerby-util/1.0.1/kerby-util-1.0.1.jar:/home/user/.m2/repository/org/apache/kerby/kerb-common/1.0.1/kerb-common-1.0.1.jar:/home/user/.m2/repository/org/apache/kerby/kerb-crypto/1.0.1/kerb-crypto-1.0.1.jar:/home/user/.m2/repository/org/apache/kerby/kerb-util/1.0.1/kerb-util-1.0.1.jar:/home/user/.m2/repository/org/apache/kerby/token-provider/1.0.1/token-provider-1.0.1.jar:/home/user/.m2/repository/org/apache/kerby/kerb-admin/1.0.1/kerb-admin-1.0.1.jar:/home/user/.m2/repository/org/apache/kerby/kerb-server/1.0.1/kerb-server-1.0.1.jar:/home/user/.m2/repository/org/apache/kerby/kerb-identity/1.0.1/kerb-identity-1.0.1.jar:/home/user/.m2/repository/org/apache/kerby/kerby-xdr/1.0.1/kerby-xdr-1.0.1.jar:/home/user/.m2/repository/com/fasterxml/jackson/core/jackson-databind/2.9.9/jackson-databind-2.9.9.jar:/home/user/.m2/repository/com/fasterxml/jackson/core/jackson-core/2.9.9/jackson-core-2.9.9.jar:/home/user/.m2/repository/org/codehaus/woodstox/stax2-api/3.1.4/stax2-api-3.1.4.jar:/home/user/.m2/repository/com/fasterxml/woodstox/woodstox-core/5.0.3/woodstox-core-5.0.3.jar:/home/user/.m2/repository/dnsjava/dnsjava/2.1.7/dnsjava-2.1.7.jar:/home/user/.m2/repository/org/apache/hadoop/hadoop-hdfs/3.2.0/hadoop-hdfs-3.2.0.jar:/home/user/.m2/repository/org/eclipse/jetty/jetty-util-ajax/9.3.25.v20180904/jetty-util-ajax-9.3.25.v20180904.jar:/home/user/.m2/repository/commons-daemon/commons-daemon/1.0.13/commons-daemon-1.0.13.jar:/home/user/.m2/repository/io/netty/netty/3.10.5.Final/netty-3.10.5.Final.jar:/home/user/.m2/repository/io/netty/netty-all/4.0.52.Final/netty-all-4.0.52.Final.jar:/home/user/.m2/repository/org/fusesource/leveldbjni/leveldbjni-all/1.8/leveldbjni-all-1.8.jar:/home/user/.m2/repository/com/sun/xml/bind/jaxb-core/2.3.0.1/jaxb-core-2.3.0.1.jar:/home/user/.m2/repository/javax/xml/bind/jaxb-api/2.3.0/jaxb-api-2.3.0.jar:/home/user/.m2/repository/javax/activation/activation/1.1.1/activation-1.1.1.jar:/home/user/.m2/repository/org/openjdk/jmh/jmh-core/1.19/jmh-core-1.19.jar:/home/user/.m2/repository/net/sf/jopt-simple/jopt-simple/4.6/jopt-simple-4.6.jar:/home/user/.m2/repository/org/openjdk/jmh/jmh-generator-annprocess/1.19/jmh-generator-annprocess-1.19.jar:/home/user/.m2/repository/io/dropwizard/metrics/metrics-core/3.2.4/metrics-core-3.2.4.jar:/home/user/.m2/repository/com/amazonaws/aws-java-sdk-s3/1.11.615/aws-java-sdk-s3-1.11.615.jar:/home/user/.m2/repository/com/amazonaws/aws-java-sdk-kms/1.11.615/aws-java-sdk-kms-1.11.615.jar:/home/user/.m2/repository/com/amazonaws/aws-java-sdk-core/1.11.615/aws-java-sdk-core-1.11.615.jar:/home/user/.m2/repository/software/amazon/ion/ion-java/1.0.2/ion-java-1.0.2.jar:/home/user/.m2/repository/com/fasterxml/jackson/dataformat/jackson-dataformat-cbor/2.9.9/jackson-dataformat-cbor-2.9.9.jar:/home/user/.m2/repository/joda-time/joda-time/2.9.9/joda-time-2.9.9.jar:/home/user/.m2/repository/com/amazonaws/jmespath-java/1.11.615/jmespath-java-1.11.615.jar:/home/user/.m2/repository/com/github/spotbugs/spotbugs/3.1.12/spotbugs-3.1.12.jar:/home/user/.m2/repository/org/ow2/asm/asm/5.0.4/asm-5.0.4.jar:/home/user/.m2/repository/org/ow2/asm/asm-analysis/7.0/asm-analysis-7.0.jar:/home/user/.m2/repository/org/ow2/asm/asm-commons/7.0/asm-commons-7.0.jar:/home/user/.m2/repository/org/ow2/asm/asm-tree/7.0/asm-tree-7.0.jar:/home/user/.m2/repository/org/ow2/asm/asm-util/7.0/asm-util-7.0.jar:/home/user/.m2/repository/org/apache/bcel/bcel/6.3/bcel-6.3.jar:/home/user/.m2/repository/net/jcip/jcip-annotations/1.0/jcip-annotations-1.0.jar:/home/user/.m2/repository/org/dom4j/dom4j/2.1.1/dom4j-2.1.1.jar:/home/user/.m2/repository/jaxen/jaxen/1.1.6/jaxen-1.1.6.jar:/home/user/.m2/repository/commons-lang/commons-lang/2.6/commons-lang-2.6.jar:/home/user/.m2/repository/com/github/spotbugs/spotbugs-annotations/3.1.12/spotbugs-annotations-3.1.12.jar:/home/user/.m2/repository/junit/junit/4.11/junit-4.11.jar:/home/user/.m2/repository/org/hamcrest/hamcrest-core/1.3/hamcrest-core-1.3.jar:/home/user/.m2/repository/org/apache/hadoop/hadoop-common/3.2.0/hadoop-common-3.2.0-tests.jar:/workdir/hadoop-ozone/integration-test/target/test-classes:/home/user/.m2/repository/org/apache/hadoop/hadoop-ozone-s3gateway/0.5.0-SNAPSHOT/hadoop-ozone-s3gateway-0.5.0-SNAPSHOT.jar:/home/user/.m2/repository/org/jboss/weld/servlet/weld-servlet/2.4.7.Final/weld-servlet-2.4.7.Final.jar:/home/user/.m2/repository/org/glassfish/jersey/containers/jersey-container-servlet-core/2.27/jersey-container-servlet-core-2.27.jar:/home/user/.m2/repository/org/glassfish/hk2/external/javax.inject/2.5.0-b42/javax.inject-2.5.0-b42.jar:/home/user/.m2/repository/org/glassfish/jersey/core/jersey-common/2.27/jersey-common-2.27.jar:/home/user/.m2/repository/org/glassfish/hk2/osgi-resource-locator/1.0.1/osgi-resource-locator-1.0.1.jar:/home/user/.m2/repository/javax/ws/rs/javax.ws.rs-api/2.1/javax.ws.rs-api-2.1.jar:/home/user/.m2/repository/org/glassfish/jersey/ext/cdi/jersey-cdi1x/2.27/jersey-cdi1x-2.27.jar:/home/user/.m2/repository/org/glassfish/jersey/inject/jersey-hk2/2.27/jersey-hk2-2.27.jar:/home/user/.m2/repository/org/glassfish/hk2/hk2-locator/2.5.0-b42/hk2-locator-2.5.0-b42.jar:/home/user/.m2/repository/org/javassist/javassist/3.22.0-CR2/javassist-3.22.0-CR2.jar:/home/user/.m2/repository/org/glassfish/hk2/hk2-api/2.5.0/hk2-api-2.5.0.jar:/home/user/.m2/repository/org/glassfish/hk2/external/jakarta.inject/2.5.0/jakarta.inject-2.5.0.jar:/home/user/.m2/repository/org/glassfish/hk2/hk2-utils/2.5.0/hk2-utils-2.5.0.jar:/home/user/.m2/repository/jakarta/annotation/jakarta.annotation-api/1.3.4/jakarta.annotation-api-1.3.4.jar:/home/user/.m2/repository/org/glassfish/hk2/external/aopalliance-repackaged/2.5.0/aopalliance-repackaged-2.5.0.jar:/home/user/.m2/repository/com/fasterxml/jackson/dataformat/jackson-dataformat-xml/2.9.0/jackson-dataformat-xml-2.9.0.jar:/home/user/.m2/repository/com/fasterxml/jackson/module/jackson-module-jaxb-annotations/2.9.9/jackson-module-jaxb-annotations-2.9.9.jar:/home/user/.m2/repository/javax/enterprise/cdi-api/1.2/cdi-api-1.2.jar:/home/user/.m2/repository/javax/el/javax.el-api/3.0.0/javax.el-api-3.0.0.jar:/home/user/.m2/repository/javax/interceptor/javax.interceptor-api/1.2/javax.interceptor-api-1.2.jar:/home/user/.m2/repository/javax/inject/javax.inject/1/javax.inject-1.jar:/home/user/.m2/repository/org/apache/hadoop/hadoop-ozone-csi/0.5.0-SNAPSHOT/hadoop-ozone-csi-0.5.0-SNAPSHOT.jar:/home/user/.m2/repository/com/google/protobuf/protobuf-java-util/3.5.1/protobuf-java-util-3.5.1.jar:/home/user/.m2/repository/io/grpc/grpc-netty/1.17.1/grpc-netty-1.17.1.jar:/home/user/.m2/repository/io/grpc/grpc-core/1.17.1/grpc-core-1.17.1.jar:/home/user/.m2/repository/io/grpc/grpc-context/1.17.1/grpc-context-1.17.1.jar:/home/user/.m2/repository/com/google/errorprone/error_prone_annotations/2.2.0/error_prone_annotations-2.2.0.jar:/home/user/.m2/repository/org/codehaus/mojo/animal-sniffer-annotations/1.17/animal-sniffer-annotations-1.17.jar:/home/user/.m2/repository/io/opencensus/opencensus-api/0.17.0/opencensus-api-0.17.0.jar:/home/user/.m2/repository/io/opencensus/opencensus-contrib-grpc-metrics/0.17.0/opencensus-contrib-grpc-metrics-0.17.0.jar:/home/user/.m2/repository/io/netty/netty-codec-http2/4.1.30.Final/netty-codec-http2-4.1.30.Final.jar:/home/user/.m2/repository/io/netty/netty-codec-http/4.1.30.Final/netty-codec-http-4.1.30.Final.jar:/home/user/.m2/repository/io/netty/netty-codec/4.1.30.Final/netty-codec-4.1.30.Final.jar:/home/user/.m2/repository/io/netty/netty-handler/4.1.30.Final/netty-handler-4.1.30.Final.jar:/home/user/.m2/repository/io/netty/netty-handler-proxy/4.1.30.Final/netty-handler-proxy-4.1.30.Final.jar:/home/user/.m2/repository/io/netty/netty-codec-socks/4.1.30.Final/netty-codec-socks-4.1.30.Final.jar:/home/user/.m2/repository/io/netty/netty-transport-native-epoll/4.1.30.Final/netty-transport-native-epoll-4.1.30.Final.jar:/home/user/.m2/repository/io/netty/netty-common/4.1.30.Final/netty-common-4.1.30.Final.jar:/home/user/.m2/repository/io/netty/netty-buffer/4.1.30.Final/netty-buffer-4.1.30.Final.jar:/home/user/.m2/repository/io/netty/netty-transport/4.1.30.Final/netty-transport-4.1.30.Final.jar:/home/user/.m2/repository/io/netty/netty-resolver/4.1.30.Final/netty-resolver-4.1.30.Final.jar:/home/user/.m2/repository/io/netty/netty-transport-native-unix-common/4.1.30.Final/netty-transport-native-unix-common-4.1.30.Final.jar:/home/user/.m2/repository/io/grpc/grpc-protobuf/1.17.1/grpc-protobuf-1.17.1.jar:/home/user/.m2/repository/com/google/api/grpc/proto-google-common-protos/1.0.0/proto-google-common-protos-1.0.0.jar:/home/user/.m2/repository/io/grpc/grpc-protobuf-lite/1.17.1/grpc-protobuf-lite-1.17.1.jar:/home/user/.m2/repository/io/grpc/grpc-stub/1.17.1/grpc-stub-1.17.1.jar:/home/user/.m2/repository/org/apache/hadoop/hadoop-ozone-recon/0.5.0-SNAPSHOT/hadoop-ozone-recon-0.5.0-SNAPSHOT.jar:/home/user/.m2/repository/org/apache/hadoop/hadoop-ozone-reconcodegen/0.5.0-SNAPSHOT/hadoop-ozone-reconcodegen-0.5.0-SNAPSHOT.jar:/home/user/.m2/repository/com/google/inject/extensions/guice-multibindings/4.0/guice-multibindings-4.0.jar:/home/user/.m2/repository/com/google/inject/guice/4.0/guice-4.0.jar:/home/user/.m2/repository/aopalliance/aopalliance/1.0/aopalliance-1.0.jar:/home/user/.m2/repository/com/google/inject/extensions/guice-servlet/4.0/guice-servlet-4.0.jar:/home/user/.m2/repository/org/glassfish/jersey/containers/jersey-container-servlet/2.27/jersey-container-servlet-2.27.jar:/home/user/.m2/repository/org/glassfish/hk2/guice-bridge/2.5.0/guice-bridge-2.5.0.jar:/home/user/.m2/repository/org/glassfish/jersey/core/jersey-server/2.27/jersey-server-2.27.jar:/home/user/.m2/repository/org/glassfish/jersey/core/jersey-client/2.27/jersey-client-2.27.jar:/home/user/.m2/repository/org/glassfish/jersey/media/jersey-media-jaxb/2.27/jersey-media-jaxb-2.27.jar:/home/user/.m2/repository/javax/validation/validation-api/1.1.0.Final/validation-api-1.1.0.Final.jar:/home/user/.m2/repository/org/glassfish/jersey/media/jersey-media-json-jackson/2.27/jersey-media-json-jackson-2.27.jar:/home/user/.m2/repository/org/glassfish/jersey/ext/jersey-entity-filtering/2.27/jersey-entity-filtering-2.27.jar:/home/user/.m2/repository/com/google/inject/extensions/guice-assistedinject/4.0/guice-assistedinject-4.0.jar:/home/user/.m2/repository/org/jooq/jooq/3.11.10/jooq-3.11.10.jar:/home/user/.m2/repository/org/jooq/jooq-meta/3.11.10/jooq-meta-3.11.10.jar:/home/user/.m2/repository/org/jooq/jooq-codegen/3.11.10/jooq-codegen-3.11.10.jar:/home/user/.m2/repository/com/jolbox/bonecp/0.8.0.RELEASE/bonecp-0.8.0.RELEASE.jar:/home/user/.m2/repository/org/springframework/spring-jdbc/5.1.3.RELEASE/spring-jdbc-5.1.3.RELEASE.jar:/home/user/.m2/repository/org/springframework/spring-beans/5.1.3.RELEASE/spring-beans-5.1.3.RELEASE.jar:/home/user/.m2/repository/org/springframework/spring-core/5.1.3.RELEASE/spring-core-5.1.3.RELEASE.jar:/home/user/.m2/repository/org/springframework/spring-jcl/5.1.3.RELEASE/spring-jcl-5.1.3.RELEASE.jar:/home/user/.m2/repository/org/springframework/spring-tx/5.1.3.RELEASE/spring-tx-5.1.3.RELEASE.jar:/home/user/.m2/repository/org/mockito/mockito-core/2.15.0/mockito-core-2.15.0.jar:/home/user/.m2/repository/net/bytebuddy/byte-buddy/1.7.9/byte-buddy-1.7.9.jar:/home/user/.m2/repository/net/bytebuddy/byte-buddy-agent/1.7.9/byte-buddy-agent-1.7.9.jar:/home/user/.m2/repository/org/objenesis/objenesis/1.0/objenesis-1.0.jar:"/>
    <property name="sun.cpu.endian" value="little"/>
    <property name="user.home" value="/home/user"/>
    <property name="user.language" value="en"/>
    <property name="java.specification.vendor" value="Oracle Corporation"/>
    <property name="java.home" value="/usr/lib/jvm/java-1.8.0-openjdk-1.8.0.222.b10-1.el7_7.x86_64/jre"/>
    <property name="surefire.excludesFile" value="/tools/ozone-bad-unit-tests"/>
    <property name="java.security.krb5.conf" value="/workdir/hadoop-ozone/tools/target/test-classes/krb5.conf"/>
    <property name="basedir" value="/workdir/hadoop-ozone/tools"/>
    <property name="file.separator" value="/"/>
    <property name="line.separator" value="&#10;"/>
    <property name="java.vm.specification.vendor" value="Oracle Corporation"/>
    <property name="java.specification.name" value="Java Platform API Specification"/>
    <property name="java.awt.graphicsenv" value="sun.awt.X11GraphicsEnvironment"/>
    <property name="surefire.real.class.path" value="/workdir/hadoop-ozone/tools/target/surefire/surefirebooter7470584657875186520.jar"/>
    <property name="hadoop.log.dir" value="/workdir/hadoop-ozone/tools/target/log"/>
    <property name="sun.boot.class.path" value="/usr/lib/jvm/java-1.8.0-openjdk-1.8.0.222.b10-1.el7_7.x86_64/jre/lib/resources.jar:/usr/lib/jvm/java-1.8.0-openjdk-1.8.0.222.b10-1.el7_7.x86_64/jre/lib/rt.jar:/usr/lib/jvm/java-1.8.0-openjdk-1.8.0.222.b10-1.el7_7.x86_64/jre/lib/sunrsasign.jar:/usr/lib/jvm/java-1.8.0-openjdk-1.8.0.222.b10-1.el7_7.x86_64/jre/lib/jsse.jar:/usr/lib/jvm/java-1.8.0-openjdk-1.8.0.222.b10-1.el7_7.x86_64/jre/lib/jce.jar:/usr/lib/jvm/java-1.8.0-openjdk-1.8.0.222.b10-1.el7_7.x86_64/jre/lib/charsets.jar:/usr/lib/jvm/java-1.8.0-openjdk-1.8.0.222.b10-1.el7_7.x86_64/jre/lib/jfr.jar:/usr/lib/jvm/java-1.8.0-openjdk-1.8.0.222.b10-1.el7_7.x86_64/jre/classes"/>
    <property name="sun.management.compiler" value="HotSpot 64-Bit Tiered Compilers"/>
    <property name="java.runtime.version" value="1.8.0_222-b10"/>
    <property name="java.net.preferIPv4Stack" value="true"/>
    <property name="user.name" value="jenkins1000"/>
    <property name="path.separator" value=":"/>
    <property name="java.security.egd" value="file:///dev/urandom"/>
    <property name="os.version" value="3.10.0-957.12.2.el7.x86_64"/>
    <property name="java.endorsed.dirs" value="/usr/lib/jvm/java-1.8.0-openjdk-1.8.0.222.b10-1.el7_7.x86_64/jre/lib/endorsed"/>
    <property name="java.runtime.name" value="OpenJDK Runtime Environment"/>
    <property name="file.encoding" value="ANSI_X3.4-1968"/>
    <property name="java.vm.name" value="OpenJDK 64-Bit Server VM"/>
    <property name="test.build.webapps" value=""/>
    <property name="localRepository" value="/home/user/.m2/repository"/>
    <property name="java.vendor.url.bug" value="http://bugreport.sun.com/bugreport/"/>
    <property name="java.io.tmpdir" value="/tmp"/>
    <property name="require.test.libhadoop" value=""/>
    <property name="java.version" value="1.8.0_222"/>
    <property name="user.dir" value="/workdir/hadoop-ozone/tools"/>
    <property name="os.arch" value="amd64"/>
    <property name="java.vm.specification.name" value="Java Virtual Machine Specification"/>
    <property name="test.build.classes" value="/workdir/hadoop-ozone/tools/target/test-classes"/>
    <property name="java.awt.printerjob" value="sun.print.PSPrinterJob"/>
    <property name="sun.os.patch.level" value="unknown"/>
    <property name="hadoop.tmp.dir" value="/workdir/hadoop-ozone/tools/target/tmp"/>
    <property name="java.library.path" value="/usr/lib:/workdir/hadoop-ozone/tools/target/native/target/usr/local/lib:/workdir/hadoop-ozone/tools/../../hadoop-common-project/hadoop-common/target/native/target/usr/local/lib:/usr/java/packages/lib/amd64:/usr/lib64:/lib64:/lib:/usr/lib"/>
    <property name="java.vm.info" value="mixed mode"/>
    <property name="java.vendor" value="Oracle Corporation"/>
    <property name="java.vm.version" value="25.222-b10"/>
    <property name="java.ext.dirs" value="/usr/lib/jvm/java-1.8.0-openjdk-1.8.0.222.b10-1.el7_7.x86_64/jre/lib/ext:/usr/java/packages/lib/ext"/>
    <property name="sun.io.unicode.encoding" value="UnicodeLittle"/>
    <property name="java.class.version" value="52.0"/>
  </properties>
  <testcase name="testRestart" classname="org.apache.hadoop.ozone.freon.TestFreonWithPipelineDestroy" time="28.051">
    <error message="INTERNAL_ERROR org.apache.hadoop.ozone.om.exceptions.OMException: Allocated 0 blocks. Requested 5 blocks" type="java.lang.RuntimeException">java.lang.RuntimeException: INTERNAL_ERROR org.apache.hadoop.ozone.om.exceptions.OMException: Allocated 0 blocks. Requested 5 blocks
	at org.apache.hadoop.ozone.freon.RandomKeyGenerator.call(RandomKeyGenerator.java:341)
	at org.apache.hadoop.ozone.freon.TestFreonWithPipelineDestroy.startFreon(TestFreonWithPipelineDestroy.java:87)
	at org.apache.hadoop.ozone.freon.TestFreonWithPipelineDestroy.testRestart(TestFreonWithPipelineDestroy.java:74)
	at sun.reflect.NativeMethodAccessorImpl.invoke0(Native Method)
	at sun.reflect.NativeMethodAccessorImpl.invoke(NativeMethodAccessorImpl.java:62)
	at sun.reflect.DelegatingMethodAccessorImpl.invoke(DelegatingMethodAccessorImpl.java:43)
	at java.lang.reflect.Method.invoke(Method.java:498)
	at org.junit.runners.model.FrameworkMethod$1.runReflectiveCall(FrameworkMethod.java:47)
	at org.junit.internal.runners.model.ReflectiveCallable.run(ReflectiveCallable.java:12)
	at org.junit.runners.model.FrameworkMethod.invokeExplosively(FrameworkMethod.java:44)
	at org.junit.internal.runners.statements.InvokeMethod.evaluate(InvokeMethod.java:17)
	at org.junit.runners.ParentRunner.runLeaf(ParentRunner.java:271)
	at org.junit.runners.BlockJUnit4ClassRunner.runChild(BlockJUnit4ClassRunner.java:70)
	at org.junit.runners.BlockJUnit4ClassRunner.runChild(BlockJUnit4ClassRunner.java:50)
	at org.junit.runners.ParentRunner$3.run(ParentRunner.java:238)
	at org.junit.runners.ParentRunner$1.schedule(ParentRunner.java:63)
	at org.junit.runners.ParentRunner.runChildren(ParentRunner.java:236)
	at org.junit.runners.ParentRunner.access$000(ParentRunner.java:53)
	at org.junit.runners.ParentRunner$2.evaluate(ParentRunner.java:229)
	at org.junit.internal.runners.statements.RunBefores.evaluate(RunBefores.java:26)
	at org.junit.internal.runners.statements.RunAfters.evaluate(RunAfters.java:27)
	at org.junit.runners.ParentRunner.run(ParentRunner.java:309)
	at org.apache.maven.surefire.junit4.JUnit4Provider.execute(JUnit4Provider.java:365)
	at org.apache.maven.surefire.junit4.JUnit4Provider.executeWithRerun(JUnit4Provider.java:273)
	at org.apache.maven.surefire.junit4.JUnit4Provider.executeTestSet(JUnit4Provider.java:238)
	at org.apache.maven.surefire.junit4.JUnit4Provider.invoke(JUnit4Provider.java:159)
	at org.apache.maven.surefire.booter.ForkedBooter.invokeProviderInSameClassLoader(ForkedBooter.java:384)
	at org.apache.maven.surefire.booter.ForkedBooter.runSuitesInProcess(ForkedBooter.java:345)
	at org.apache.maven.surefire.booter.ForkedBooter.execute(ForkedBooter.java:126)
	at org.apache.maven.surefire.booter.ForkedBooter.main(ForkedBooter.java:418)
Caused by: INTERNAL_ERROR org.apache.hadoop.ozone.om.exceptions.OMException: Allocated 0 blocks. Requested 5 blocks
	at org.apache.hadoop.ozone.om.protocolPB.OzoneManagerProtocolClientSideTranslatorPB.handleError(OzoneManagerProtocolClientSideTranslatorPB.java:732)
	at org.apache.hadoop.ozone.om.protocolPB.OzoneManagerProtocolClientSideTranslatorPB.openKey(OzoneManagerProtocolClientSideTranslatorPB.java:723)
	at sun.reflect.NativeMethodAccessorImpl.invoke0(Native Method)
	at sun.reflect.NativeMethodAccessorImpl.invoke(NativeMethodAccessorImpl.java:62)
	at sun.reflect.DelegatingMethodAccessorImpl.invoke(DelegatingMethodAccessorImpl.java:43)
	at java.lang.reflect.Method.invoke(Method.java:498)
	at org.apache.hadoop.hdds.tracing.TraceAllMethod.invoke(TraceAllMethod.java:66)
	at com.sun.proxy.$Proxy37.openKey(Unknown Source)
	at org.apache.hadoop.ozone.client.rpc.RpcClient.createKey(RpcClient.java:614)
	at org.apache.hadoop.ozone.client.OzoneBucket.createKey(OzoneBucket.java:325)
	at org.apache.hadoop.ozone.freon.RandomKeyGenerator.createKey(RandomKeyGenerator.java:697)
	at org.apache.hadoop.ozone.freon.RandomKeyGenerator.access$1100(RandomKeyGenerator.java:88)
	at org.apache.hadoop.ozone.freon.RandomKeyGenerator$ObjectCreator.run(RandomKeyGenerator.java:615)
	at java.util.concurrent.Executors$RunnableAdapter.call(Executors.java:511)
	at java.util.concurrent.FutureTask.run(FutureTask.java:266)
	at java.util.concurrent.ThreadPoolExecutor.runWorker(ThreadPoolExecutor.java:1149)
	at java.util.concurrent.ThreadPoolExecutor$Worker.run(ThreadPoolExecutor.java:624)
	at java.lang.Thread.run(Thread.java:748)
</error>
    <system-out><![CDATA[2019-10-31 11:02:50,497 [main] WARN  server.ServerUtils (ServerUtils.java:getScmDbDir(145)) - ozone.scm.db.dirs is not configured. We recommend adding this setting. Falling back to ozone.metadata.dirs instead.
2019-10-31 11:02:50,680 [main] WARN  server.ServerUtils (ServerUtils.java:getScmDbDir(145)) - ozone.scm.db.dirs is not configured. We recommend adding this setting. Falling back to ozone.metadata.dirs instead.
2019-10-31 11:02:50,683 [main] WARN  server.ServerUtils (ServerUtils.java:getScmDbDir(145)) - ozone.scm.db.dirs is not configured. We recommend adding this setting. Falling back to ozone.metadata.dirs instead.
2019-10-31 11:02:50,712 [main] INFO  util.log (Log.java:initialized(192)) - Logging initialized @912ms
2019-10-31 11:02:50,808 [main] INFO  db.DBStoreBuilder (DBStoreBuilder.java:addTable(127)) - using custom profile for table: deletedBlocks
2019-10-31 11:02:50,808 [main] INFO  db.DBStoreBuilder (DBStoreBuilder.java:processTables(183)) - Using default column profile:DBProfile.DISK for Table:deletedBlocks
2019-10-31 11:02:50,809 [main] INFO  db.DBStoreBuilder (DBStoreBuilder.java:addTable(127)) - using custom profile for table: validCerts
2019-10-31 11:02:50,809 [main] INFO  db.DBStoreBuilder (DBStoreBuilder.java:processTables(183)) - Using default column profile:DBProfile.DISK for Table:validCerts
2019-10-31 11:02:50,809 [main] INFO  db.DBStoreBuilder (DBStoreBuilder.java:addTable(127)) - using custom profile for table: revokedCerts
2019-10-31 11:02:50,810 [main] INFO  db.DBStoreBuilder (DBStoreBuilder.java:processTables(183)) - Using default column profile:DBProfile.DISK for Table:revokedCerts
2019-10-31 11:02:50,830 [main] INFO  db.DBStoreBuilder (DBStoreBuilder.java:addTable(127)) - using custom profile for table: default
2019-10-31 11:02:50,831 [main] INFO  db.DBStoreBuilder (DBStoreBuilder.java:processTables(189)) - Using default column profile:DBProfile.DISK for Table:default
2019-10-31 11:02:50,833 [main] INFO  db.DBStoreBuilder (DBStoreBuilder.java:getDbProfile(220)) - Using default options. DBProfile.DISK
2019-10-31 11:02:51,076 [main] INFO  net.NodeSchemaLoader (NodeSchemaLoader.java:loadSchemaFromFile(125)) - Loading file from sun.misc.CompoundEnumeration@30c15d8b
2019-10-31 11:02:51,078 [main] INFO  net.NodeSchemaLoader (NodeSchemaLoader.java:loadSchema(171)) - Loading network topology layer schema file
2019-10-31 11:02:51,143 [main] INFO  node.SCMNodeManager (SCMNodeManager.java:<init>(116)) - Entering startup safe mode.
2019-10-31 11:02:51,205 [main] INFO  algorithms.ContainerPlacementPolicyFactory (ContainerPlacementPolicyFactory.java:getPolicy(57)) - Create container placement policy of type org.apache.hadoop.hdds.scm.container.placement.algorithms.SCMContainerPlacementRandom
2019-10-31 11:02:51,219 [main] WARN  server.ServerUtils (ServerUtils.java:getScmDbDir(145)) - ozone.scm.db.dirs is not configured. We recommend adding this setting. Falling back to ozone.metadata.dirs instead.
2019-10-31 11:02:51,275 [main] INFO  pipeline.SCMPipelineManager (SCMPipelineManager.java:initializePipelineState(136)) - No pipeline exists in current db
2019-10-31 11:02:51,277 [main] WARN  server.ServerUtils (ServerUtils.java:getScmDbDir(145)) - ozone.scm.db.dirs is not configured. We recommend adding this setting. Falling back to ozone.metadata.dirs instead.
2019-10-31 11:02:51,380 [main] INFO  safemode.HealthyPipelineSafeModeRule (HealthyPipelineSafeModeRule.java:<init>(91)) -  Total pipeline count is 0, healthy pipeline threshold count is 1
2019-10-31 11:02:51,383 [main] INFO  safemode.OneReplicaPipelineSafeModeRule (OneReplicaPipelineSafeModeRule.java:<init>(79)) - Total pipeline count is 0, pipeline's with at least one datanode reported threshold count is 0
2019-10-31 11:02:51,384 [main] WARN  events.EventQueue (EventQueue.java:fireEvent(183)) - No event handler registered for event TypedEvent{payloadType=SafeModeStatus, name='SafeModeStatus'}
2019-10-31 11:02:51,801 [main] INFO  ipc.CallQueueManager (CallQueueManager.java:<init>(84)) - Using callQueue: class java.util.concurrent.LinkedBlockingQueue, queueCapacity: 2000, scheduler: class org.apache.hadoop.ipc.DefaultRpcScheduler, ipcBackoff: false.
2019-10-31 11:02:51,941 [Socket Reader #1 for port 39645] INFO  ipc.Server (Server.java:run(1074)) - Starting Socket Reader #1 for port 39645
2019-10-31 11:02:51,979 [main] INFO  ipc.CallQueueManager (CallQueueManager.java:<init>(84)) - Using callQueue: class java.util.concurrent.LinkedBlockingQueue, queueCapacity: 2000, scheduler: class org.apache.hadoop.ipc.DefaultRpcScheduler, ipcBackoff: false.
2019-10-31 11:02:51,980 [Socket Reader #1 for port 35600] INFO  ipc.Server (Server.java:run(1074)) - Starting Socket Reader #1 for port 35600
2019-10-31 11:02:51,990 [main] INFO  ipc.CallQueueManager (CallQueueManager.java:<init>(84)) - Using callQueue: class java.util.concurrent.LinkedBlockingQueue, queueCapacity: 2000, scheduler: class org.apache.hadoop.ipc.DefaultRpcScheduler, ipcBackoff: false.
2019-10-31 11:02:51,991 [Socket Reader #1 for port 36217] INFO  ipc.Server (Server.java:run(1074)) - Starting Socket Reader #1 for port 36217
2019-10-31 11:02:52,020 [main] INFO  hdfs.DFSUtil (DFSUtil.java:httpServerTemplateForNNAndJN(1641)) - Starting Web-server for scm at: http://0.0.0.0:0
2019-10-31 11:02:52,164 [main] INFO  server.AuthenticationFilter (AuthenticationFilter.java:constructSecretProvider(240)) - Unable to initialize FileSignerSecretProvider, falling back to use random secrets.
2019-10-31 11:02:52,180 [main] WARN  http.HttpRequestLog (HttpRequestLog.java:getRequestLog(97)) - Jetty request log can only be enabled using Log4j
2019-10-31 11:02:52,189 [main] INFO  http.HttpServer2 (HttpServer2.java:addGlobalFilter(975)) - Added global filter 'safety' (class=org.apache.hadoop.http.HttpServer2$QuotingInputFilter)
2019-10-31 11:02:52,192 [main] INFO  http.HttpServer2 (HttpServer2.java:addFilter(948)) - Added filter static_user_filter (class=org.apache.hadoop.http.lib.StaticUserWebFilter$StaticUserFilter) to context scm
2019-10-31 11:02:52,192 [main] INFO  http.HttpServer2 (HttpServer2.java:addFilter(958)) - Added filter static_user_filter (class=org.apache.hadoop.http.lib.StaticUserWebFilter$StaticUserFilter) to context logs
2019-10-31 11:02:52,193 [main] INFO  http.HttpServer2 (HttpServer2.java:addFilter(958)) - Added filter static_user_filter (class=org.apache.hadoop.http.lib.StaticUserWebFilter$StaticUserFilter) to context static
2019-10-31 11:02:52,219 [main] INFO  server.StorageContainerManager (StorageContainerManager.java:start(771)) - StorageContainerLocationProtocol RPC server is listening at /0.0.0.0:36217
2019-10-31 11:02:52,271 [main] WARN  impl.MetricsConfig (MetricsConfig.java:loadFirst(134)) - Cannot locate configuration: tried hadoop-metrics2-storagecontainermanager.properties,hadoop-metrics2.properties
2019-10-31 11:02:52,284 [main] INFO  impl.MetricsSystemImpl (MetricsSystemImpl.java:startTimer(374)) - Scheduled Metric snapshot period at 10 second(s).
2019-10-31 11:02:52,285 [main] INFO  impl.MetricsSystemImpl (MetricsSystemImpl.java:start(191)) - StorageContainerManager metrics system started
2019-10-31 11:02:52,495 [main] INFO  server.SCMClientProtocolServer (SCMClientProtocolServer.java:start(159)) - RPC server for Client  is listening at /0.0.0.0:36217
2019-10-31 11:02:52,495 [IPC Server Responder] INFO  ipc.Server (Server.java:run(1314)) - IPC Server Responder: starting
2019-10-31 11:02:52,495 [IPC Server listener on 36217] INFO  ipc.Server (Server.java:run(1153)) - IPC Server listener on 36217: starting
2019-10-31 11:02:52,499 [main] INFO  server.StorageContainerManager (StorageContainerManager.java:start(781)) - ScmBlockLocationProtocol RPC server is listening at /0.0.0.0:35600
2019-10-31 11:02:52,499 [main] INFO  server.SCMBlockProtocolServer (SCMBlockProtocolServer.java:start(146)) - RPC server for Block Protocol is listening at /0.0.0.0:35600
2019-10-31 11:02:52,500 [IPC Server Responder] INFO  ipc.Server (Server.java:run(1314)) - IPC Server Responder: starting
2019-10-31 11:02:52,500 [IPC Server listener on 35600] INFO  ipc.Server (Server.java:run(1153)) - IPC Server listener on 35600: starting
2019-10-31 11:02:52,502 [main] INFO  server.StorageContainerManager (StorageContainerManager.java:start(785)) - ScmDatanodeProtocl RPC server is listening at /0.0.0.0:39645
2019-10-31 11:02:52,502 [main] INFO  server.SCMDatanodeProtocolServer (SCMDatanodeProtocolServer.java:start(177)) - RPC server for DataNodes is listening at /0.0.0.0:39645
2019-10-31 11:02:52,503 [IPC Server Responder] INFO  ipc.Server (Server.java:run(1314)) - IPC Server Responder: starting
2019-10-31 11:02:52,504 [IPC Server listener on 39645] INFO  ipc.Server (Server.java:run(1153)) - IPC Server listener on 39645: starting
2019-10-31 11:02:52,507 [main] INFO  http.HttpServer2 (HttpServer2.java:bindListener(1191)) - Jetty bound to port 42687
2019-10-31 11:02:52,509 [main] INFO  server.Server (Server.java:doStart(351)) - jetty-9.3.25.v20180904, build timestamp: 2018-09-04T21:11:46Z, git hash: 3ce520221d0240229c862b122d2b06c12a625732
2019-10-31 11:02:52,540 [main] INFO  handler.ContextHandler (ContextHandler.java:doStart(781)) - Started o.e.j.s.ServletContextHandler@708400f6{/logs,file:///workdir/hadoop-ozone/tools/target/log,AVAILABLE}
2019-10-31 11:02:52,540 [main] INFO  handler.ContextHandler (ContextHandler.java:doStart(781)) - Started o.e.j.s.ServletContextHandler@1b2c4efb{/static,jar:file:/home/user/.m2/repository/org/apache/hadoop/hadoop-hdds-server-scm/0.5.0-SNAPSHOT/hadoop-hdds-server-scm-0.5.0-SNAPSHOT.jar!/webapps/static,AVAILABLE}
2019-10-31 11:02:52,609 [main] INFO  handler.ContextHandler (ContextHandler.java:doStart(781)) - Started o.e.j.w.WebAppContext@aa22f1c{/,file:///tmp/jetty-0.0.0.0-42687-scm-_-any-3769106945008885798.dir/webapp/,AVAILABLE}{/scm}
2019-10-31 11:02:52,613 [main] INFO  server.AbstractConnector (AbstractConnector.java:doStart(278)) - Started ServerConnector@4108fa66{HTTP/1.1,[http/1.1]}{0.0.0.0:42687}
2019-10-31 11:02:52,613 [main] INFO  server.Server (Server.java:doStart(419)) - Started @2814ms
2019-10-31 11:02:52,615 [main] INFO  impl.MetricsSinkAdapter (MetricsSinkAdapter.java:start(204)) - Sink prometheus started
2019-10-31 11:02:52,616 [main] INFO  impl.MetricsSystemImpl (MetricsSystemImpl.java:registerSink(301)) - Registered sink prometheus
2019-10-31 11:02:52,618 [main] INFO  server.BaseHttpServer (BaseHttpServer.java:updateConnectorAddress(215)) - HTTP server of SCM is listening at http://0.0.0.0:42687
2019-10-31 11:02:52,624 [org.apache.hadoop.util.JvmPauseMonitor$Monitor@641856] INFO  util.JvmPauseMonitor (JvmPauseMonitor.java:run(188)) - Starting JVM pause monitor
2019-10-31 11:02:52,626 [main] WARN  server.ServerUtils (ServerUtils.java:getDBPath(222)) - ozone.om.db.dirs is not configured. We recommend adding this setting. Falling back to ozone.metadata.dirs instead.
2019-10-31 11:02:52,709 [main] INFO  ha.OMHANodeDetails (OMHANodeDetails.java:loadOMHAConfig(190)) - Configuration either no ozone.om.address set. Falling back to the default OM address /127.0.0.1:0
2019-10-31 11:02:52,709 [main] INFO  ha.OMHANodeDetails (OMHANodeDetails.java:getOMNodeDetails(220)) - OM Service ID is not set. Setting it to the default ID: omServiceIdDefault
2019-10-31 11:02:52,711 [main] WARN  server.ServerUtils (ServerUtils.java:getDBPath(222)) - ozone.om.db.dirs is not configured. We recommend adding this setting. Falling back to ozone.metadata.dirs instead.
2019-10-31 11:02:52,712 [main] WARN  server.ServerUtils (ServerUtils.java:getDBPath(222)) - ozone.om.db.dirs is not configured. We recommend adding this setting. Falling back to ozone.metadata.dirs instead.
2019-10-31 11:02:53,294 [main] WARN  server.ServerUtils (ServerUtils.java:getDBPath(222)) - ozone.om.db.dirs is not configured. We recommend adding this setting. Falling back to ozone.metadata.dirs instead.
2019-10-31 11:02:53,302 [main] INFO  db.DBStoreBuilder (DBStoreBuilder.java:addTable(127)) - using custom profile for table: userTable
2019-10-31 11:02:53,302 [main] INFO  db.DBStoreBuilder (DBStoreBuilder.java:processTables(183)) - Using default column profile:DBProfile.DISK for Table:userTable
2019-10-31 11:02:53,303 [main] INFO  db.DBStoreBuilder (DBStoreBuilder.java:addTable(127)) - using custom profile for table: volumeTable
2019-10-31 11:02:53,303 [main] INFO  db.DBStoreBuilder (DBStoreBuilder.java:processTables(183)) - Using default column profile:DBProfile.DISK for Table:volumeTable
2019-10-31 11:02:53,303 [main] INFO  db.DBStoreBuilder (DBStoreBuilder.java:addTable(127)) - using custom profile for table: bucketTable
2019-10-31 11:02:53,303 [main] INFO  db.DBStoreBuilder (DBStoreBuilder.java:processTables(183)) - Using default column profile:DBProfile.DISK for Table:bucketTable
2019-10-31 11:02:53,304 [main] INFO  db.DBStoreBuilder (DBStoreBuilder.java:addTable(127)) - using custom profile for table: keyTable
2019-10-31 11:02:53,304 [main] INFO  db.DBStoreBuilder (DBStoreBuilder.java:processTables(183)) - Using default column profile:DBProfile.DISK for Table:keyTable
2019-10-31 11:02:53,304 [main] INFO  db.DBStoreBuilder (DBStoreBuilder.java:addTable(127)) - using custom profile for table: deletedTable
2019-10-31 11:02:53,304 [main] INFO  db.DBStoreBuilder (DBStoreBuilder.java:processTables(183)) - Using default column profile:DBProfile.DISK for Table:deletedTable
2019-10-31 11:02:53,304 [main] INFO  db.DBStoreBuilder (DBStoreBuilder.java:addTable(127)) - using custom profile for table: openKeyTable
2019-10-31 11:02:53,305 [main] INFO  db.DBStoreBuilder (DBStoreBuilder.java:processTables(183)) - Using default column profile:DBProfile.DISK for Table:openKeyTable
2019-10-31 11:02:53,305 [main] INFO  db.DBStoreBuilder (DBStoreBuilder.java:addTable(127)) - using custom profile for table: s3Table
2019-10-31 11:02:53,305 [main] INFO  db.DBStoreBuilder (DBStoreBuilder.java:processTables(183)) - Using default column profile:DBProfile.DISK for Table:s3Table
2019-10-31 11:02:53,305 [main] INFO  db.DBStoreBuilder (DBStoreBuilder.java:addTable(127)) - using custom profile for table: multipartInfoTable
2019-10-31 11:02:53,305 [main] INFO  db.DBStoreBuilder (DBStoreBuilder.java:processTables(183)) - Using default column profile:DBProfile.DISK for Table:multipartInfoTable
2019-10-31 11:02:53,306 [main] INFO  db.DBStoreBuilder (DBStoreBuilder.java:addTable(127)) - using custom profile for table: dTokenTable
2019-10-31 11:02:53,306 [main] INFO  db.DBStoreBuilder (DBStoreBuilder.java:processTables(183)) - Using default column profile:DBProfile.DISK for Table:dTokenTable
2019-10-31 11:02:53,306 [main] INFO  db.DBStoreBuilder (DBStoreBuilder.java:addTable(127)) - using custom profile for table: s3SecretTable
2019-10-31 11:02:53,306 [main] INFO  db.DBStoreBuilder (DBStoreBuilder.java:processTables(183)) - Using default column profile:DBProfile.DISK for Table:s3SecretTable
2019-10-31 11:02:53,307 [main] INFO  db.DBStoreBuilder (DBStoreBuilder.java:addTable(127)) - using custom profile for table: prefixTable
2019-10-31 11:02:53,307 [main] INFO  db.DBStoreBuilder (DBStoreBuilder.java:processTables(183)) - Using default column profile:DBProfile.DISK for Table:prefixTable
2019-10-31 11:02:53,307 [main] INFO  db.DBStoreBuilder (DBStoreBuilder.java:addTable(127)) - using custom profile for table: default
2019-10-31 11:02:53,307 [main] INFO  db.DBStoreBuilder (DBStoreBuilder.java:processTables(189)) - Using default column profile:DBProfile.DISK for Table:default
2019-10-31 11:02:53,308 [main] INFO  db.DBStoreBuilder (DBStoreBuilder.java:getDbProfile(220)) - Using default options. DBProfile.DISK
2019-10-31 11:02:53,597 [main] INFO  ipc.CallQueueManager (CallQueueManager.java:<init>(84)) - Using callQueue: class java.util.concurrent.LinkedBlockingQueue, queueCapacity: 2000, scheduler: class org.apache.hadoop.ipc.DefaultRpcScheduler, ipcBackoff: false.
2019-10-31 11:02:53,598 [Socket Reader #1 for port 36052] INFO  ipc.Server (Server.java:run(1074)) - Starting Socket Reader #1 for port 36052
2019-10-31 11:02:53,620 [main] INFO  om.OzoneManager (OzoneManager.java:start(1074)) - OzoneManager RPC server is listening at localhost/127.0.0.1:36052
2019-10-31 11:02:53,620 [main] INFO  impl.MetricsSystemImpl (MetricsSystemImpl.java:init(158)) - OzoneManager metrics system started (again)
2019-10-31 11:02:53,628 [IPC Server Responder] INFO  ipc.Server (Server.java:run(1314)) - IPC Server Responder: starting
2019-10-31 11:02:53,628 [IPC Server listener on 36052] INFO  ipc.Server (Server.java:run(1153)) - IPC Server listener on 36052: starting
2019-10-31 11:02:53,633 [main] INFO  hdfs.DFSUtil (DFSUtil.java:httpServerTemplateForNNAndJN(1641)) - Starting Web-server for ozoneManager at: http://0.0.0.0:0
2019-10-31 11:02:53,635 [main] INFO  server.AuthenticationFilter (AuthenticationFilter.java:constructSecretProvider(240)) - Unable to initialize FileSignerSecretProvider, falling back to use random secrets.
2019-10-31 11:02:53,636 [main] WARN  http.HttpRequestLog (HttpRequestLog.java:getRequestLog(97)) - Jetty request log can only be enabled using Log4j
2019-10-31 11:02:53,639 [main] INFO  http.HttpServer2 (HttpServer2.java:addGlobalFilter(975)) - Added global filter 'safety' (class=org.apache.hadoop.http.HttpServer2$QuotingInputFilter)
2019-10-31 11:02:53,640 [main] INFO  http.HttpServer2 (HttpServer2.java:addFilter(948)) - Added filter static_user_filter (class=org.apache.hadoop.http.lib.StaticUserWebFilter$StaticUserFilter) to context ozoneManager
2019-10-31 11:02:53,640 [main] INFO  http.HttpServer2 (HttpServer2.java:addFilter(958)) - Added filter static_user_filter (class=org.apache.hadoop.http.lib.StaticUserWebFilter$StaticUserFilter) to context static
2019-10-31 11:02:53,641 [main] INFO  http.HttpServer2 (HttpServer2.java:addFilter(958)) - Added filter static_user_filter (class=org.apache.hadoop.http.lib.StaticUserWebFilter$StaticUserFilter) to context logs
2019-10-31 11:02:53,643 [main] INFO  http.HttpServer2 (HttpServer2.java:bindListener(1191)) - Jetty bound to port 43358
2019-10-31 11:02:53,644 [main] INFO  server.Server (Server.java:doStart(351)) - jetty-9.3.25.v20180904, build timestamp: 2018-09-04T21:11:46Z, git hash: 3ce520221d0240229c862b122d2b06c12a625732
2019-10-31 11:02:53,646 [main] INFO  handler.ContextHandler (ContextHandler.java:doStart(781)) - Started o.e.j.s.ServletContextHandler@75b3673{/logs,file:///workdir/hadoop-ozone/tools/target/log,AVAILABLE}
2019-10-31 11:02:53,647 [main] INFO  handler.ContextHandler (ContextHandler.java:doStart(781)) - Started o.e.j.s.ServletContextHandler@d1a10ac{/static,jar:file:/home/user/.m2/repository/org/apache/hadoop/hadoop-ozone-ozone-manager/0.5.0-SNAPSHOT/hadoop-ozone-ozone-manager-0.5.0-SNAPSHOT.jar!/webapps/static,AVAILABLE}
2019-10-31 11:02:53,705 [main] INFO  handler.ContextHandler (ContextHandler.java:doStart(781)) - Started o.e.j.w.WebAppContext@6272c96f{/,file:///tmp/jetty-0.0.0.0-43358-ozoneManager-_-any-308470169300655499.dir/webapp/,AVAILABLE}{/ozoneManager}
2019-10-31 11:02:53,706 [main] INFO  server.AbstractConnector (AbstractConnector.java:doStart(278)) - Started ServerConnector@6de30571{HTTP/1.1,[http/1.1]}{0.0.0.0:43358}
2019-10-31 11:02:53,706 [main] INFO  server.Server (Server.java:doStart(419)) - Started @3907ms
2019-10-31 11:02:53,706 [main] WARN  impl.MetricsSystemImpl (MetricsSystemImpl.java:register(276)) - Sink prometheus already exists!
2019-10-31 11:02:53,707 [main] INFO  server.BaseHttpServer (BaseHttpServer.java:updateConnectorAddress(215)) - HTTP server of OZONEMANAGER is listening at http://0.0.0.0:43358
2019-10-31 11:02:53,968 [main] INFO  impl.MetricsSystemImpl (MetricsSystemImpl.java:init(158)) - HddsDatanode metrics system started (again)
2019-10-31 11:02:54,020 [main] INFO  ozone.HddsDatanodeService (HddsDatanodeService.java:start(184)) - HddsDatanodeService host:pr-hdds-2034-ldlpc-1546634455 ip:192.168.34.13
2019-10-31 11:02:54,052 [main] INFO  volume.HddsVolume (HddsVolume.java:<init>(176)) - Creating Volume: /workdir/hadoop-ozone/tools/target/test-dir/MiniOzoneClusterImpl-86e53e4a-a806-4c7f-8b97-dbab00a18388/datanode-0/data/containers/hdds of  storage type : DISK and capacity : 1482555576320
2019-10-31 11:02:54,054 [main] INFO  volume.VolumeSet (VolumeSet.java:initializeVolumeSet(170)) - Added Volume : /workdir/hadoop-ozone/tools/target/test-dir/MiniOzoneClusterImpl-86e53e4a-a806-4c7f-8b97-dbab00a18388/datanode-0/data/containers/hdds to VolumeSet
2019-10-31 11:02:54,057 [main] INFO  volume.ThrottledAsyncChecker (ThrottledAsyncChecker.java:schedule(141)) - Scheduling a check for /workdir/hadoop-ozone/tools/target/test-dir/MiniOzoneClusterImpl-86e53e4a-a806-4c7f-8b97-dbab00a18388/datanode-0/data/containers/hdds
2019-10-31 11:02:54,073 [main] INFO  volume.HddsVolumeChecker (HddsVolumeChecker.java:checkAllVolumes(204)) - Scheduled health check for volume /workdir/hadoop-ozone/tools/target/test-dir/MiniOzoneClusterImpl-86e53e4a-a806-4c7f-8b97-dbab00a18388/datanode-0/data/containers/hdds
2019-10-31 11:02:54,175 [main] INFO  impl.RaftServerProxy (ConfUtils.java:logGet(43)) - raft.rpc.type = GRPC (default)
2019-10-31 11:02:54,235 [main] INFO  grpc.GrpcFactory (GrpcFactory.java:checkPooledByteBufAllocatorUseCacheForAllThreads(45)) - PERFORMANCE WARNING: useCacheForAllThreads is true that may cause Netty to create a lot garbage objects and, as a result, trigger GC.
	It is recommended to disable useCacheForAllThreads by setting -Dorg.apache.ratis.thirdparty.io.netty.allocator.useCacheForAllThreads=false in command line.
2019-10-31 11:02:54,241 [main] INFO  grpc.GrpcConfigKeys$Server (ConfUtils.java:logGet(43)) - raft.grpc.server.port = 0 (default)
2019-10-31 11:02:54,242 [main] INFO  server.GrpcService (ConfUtils.java:logGet(43)) - raft.grpc.message.size.max = 33570816 (custom)
2019-10-31 11:02:54,244 [main] INFO  server.RaftServerConfigKeys (ConfUtils.java:logGet(43)) - raft.server.log.appender.buffer.byte-limit = 33554432 (custom)
2019-10-31 11:02:54,245 [main] INFO  server.GrpcService (ConfUtils.java:logGet(43)) - raft.grpc.flow.control.window = 1MB (=1048576) (default)
2019-10-31 11:02:54,246 [main] INFO  server.RaftServerConfigKeys (ConfUtils.java:logGet(43)) - raft.server.rpc.request.timeout = 3000ms (default)
2019-10-31 11:02:54,395 [main] INFO  server.RaftServerConfigKeys (ConfUtils.java:logGet(43)) - raft.server.storage.dir = [/workdir/hadoop-ozone/tools/target/test-dir/MiniOzoneClusterImpl-86e53e4a-a806-4c7f-8b97-dbab00a18388/datanode-0/data/ratis] (custom)
2019-10-31 11:02:54,443 [main] INFO  hdfs.DFSUtil (DFSUtil.java:httpServerTemplateForNNAndJN(1641)) - Starting Web-server for hddsDatanode at: http://0.0.0.0:0
2019-10-31 11:02:54,444 [main] INFO  server.AuthenticationFilter (AuthenticationFilter.java:constructSecretProvider(240)) - Unable to initialize FileSignerSecretProvider, falling back to use random secrets.
2019-10-31 11:02:54,445 [main] WARN  http.HttpRequestLog (HttpRequestLog.java:getRequestLog(97)) - Jetty request log can only be enabled using Log4j
2019-10-31 11:02:54,446 [main] INFO  http.HttpServer2 (HttpServer2.java:addGlobalFilter(975)) - Added global filter 'safety' (class=org.apache.hadoop.http.HttpServer2$QuotingInputFilter)
2019-10-31 11:02:54,447 [main] INFO  http.HttpServer2 (HttpServer2.java:addFilter(948)) - Added filter static_user_filter (class=org.apache.hadoop.http.lib.StaticUserWebFilter$StaticUserFilter) to context hddsDatanode
2019-10-31 11:02:54,447 [main] INFO  http.HttpServer2 (HttpServer2.java:addFilter(958)) - Added filter static_user_filter (class=org.apache.hadoop.http.lib.StaticUserWebFilter$StaticUserFilter) to context logs
2019-10-31 11:02:54,447 [main] INFO  http.HttpServer2 (HttpServer2.java:addFilter(958)) - Added filter static_user_filter (class=org.apache.hadoop.http.lib.StaticUserWebFilter$StaticUserFilter) to context static
2019-10-31 11:02:54,448 [main] INFO  http.HttpServer2 (HttpServer2.java:bindListener(1191)) - Jetty bound to port 43260
2019-10-31 11:02:54,448 [main] INFO  server.Server (Server.java:doStart(351)) - jetty-9.3.25.v20180904, build timestamp: 2018-09-04T21:11:46Z, git hash: 3ce520221d0240229c862b122d2b06c12a625732
2019-10-31 11:02:54,451 [main] INFO  handler.ContextHandler (ContextHandler.java:doStart(781)) - Started o.e.j.s.ServletContextHandler@59f93db8{/logs,file:///workdir/hadoop-ozone/tools/target/log,AVAILABLE}
2019-10-31 11:02:54,452 [main] INFO  handler.ContextHandler (ContextHandler.java:doStart(781)) - Started o.e.j.s.ServletContextHandler@73c9e8e8{/static,jar:file:/home/user/.m2/repository/org/apache/hadoop/hadoop-hdds-container-service/0.5.0-SNAPSHOT/hadoop-hdds-container-service-0.5.0-SNAPSHOT.jar!/webapps/static,AVAILABLE}
2019-10-31 11:02:54,521 [main] INFO  handler.ContextHandler (ContextHandler.java:doStart(781)) - Started o.e.j.w.WebAppContext@78d6447a{/,file:///tmp/jetty-0.0.0.0-43260-hddsDatanode-_-any-8130679493058356451.dir/webapp/,AVAILABLE}{/hddsDatanode}
2019-10-31 11:02:54,523 [main] INFO  server.AbstractConnector (AbstractConnector.java:doStart(278)) - Started ServerConnector@7a729f84{HTTP/1.1,[http/1.1]}{0.0.0.0:43260}
2019-10-31 11:02:54,523 [main] INFO  server.Server (Server.java:doStart(419)) - Started @4723ms
2019-10-31 11:02:54,524 [main] WARN  impl.MetricsSystemImpl (MetricsSystemImpl.java:register(276)) - Sink prometheus already exists!
2019-10-31 11:02:54,525 [main] INFO  server.BaseHttpServer (BaseHttpServer.java:updateConnectorAddress(215)) - HTTP server of HDDSDATANODE is listening at http://0.0.0.0:43260
2019-10-31 11:02:54,526 [main] INFO  impl.MetricsSystemImpl (MetricsSystemImpl.java:init(158)) - HddsDatanode metrics system started (again)
2019-10-31 11:02:54,530 [main] INFO  ozone.HddsDatanodeService (HddsDatanodeService.java:start(184)) - HddsDatanodeService host:pr-hdds-2034-ldlpc-1546634455 ip:192.168.34.13
2019-10-31 11:02:54,532 [org.apache.hadoop.util.JvmPauseMonitor$Monitor@176d74cb] INFO  util.JvmPauseMonitor (JvmPauseMonitor.java:run(188)) - Starting JVM pause monitor
2019-10-31 11:02:54,541 [main] INFO  volume.HddsVolume (HddsVolume.java:<init>(176)) - Creating Volume: /workdir/hadoop-ozone/tools/target/test-dir/MiniOzoneClusterImpl-86e53e4a-a806-4c7f-8b97-dbab00a18388/datanode-1/data/containers/hdds of  storage type : DISK and capacity : 1482555576320
2019-10-31 11:02:54,541 [main] INFO  volume.VolumeSet (VolumeSet.java:initializeVolumeSet(170)) - Added Volume : /workdir/hadoop-ozone/tools/target/test-dir/MiniOzoneClusterImpl-86e53e4a-a806-4c7f-8b97-dbab00a18388/datanode-1/data/containers/hdds to VolumeSet
2019-10-31 11:02:54,542 [main] INFO  volume.ThrottledAsyncChecker (ThrottledAsyncChecker.java:schedule(141)) - Scheduling a check for /workdir/hadoop-ozone/tools/target/test-dir/MiniOzoneClusterImpl-86e53e4a-a806-4c7f-8b97-dbab00a18388/datanode-1/data/containers/hdds
2019-10-31 11:02:54,543 [main] INFO  volume.HddsVolumeChecker (HddsVolumeChecker.java:checkAllVolumes(204)) - Scheduled health check for volume /workdir/hadoop-ozone/tools/target/test-dir/MiniOzoneClusterImpl-86e53e4a-a806-4c7f-8b97-dbab00a18388/datanode-1/data/containers/hdds
2019-10-31 11:02:54,565 [main] INFO  impl.RaftServerProxy (ConfUtils.java:logGet(43)) - raft.rpc.type = GRPC (default)
2019-10-31 11:02:54,566 [main] INFO  grpc.GrpcFactory (GrpcFactory.java:checkPooledByteBufAllocatorUseCacheForAllThreads(45)) - PERFORMANCE WARNING: useCacheForAllThreads is true that may cause Netty to create a lot garbage objects and, as a result, trigger GC.
	It is recommended to disable useCacheForAllThreads by setting -Dorg.apache.ratis.thirdparty.io.netty.allocator.useCacheForAllThreads=false in command line.
2019-10-31 11:02:54,566 [main] INFO  grpc.GrpcConfigKeys$Server (ConfUtils.java:logGet(43)) - raft.grpc.server.port = 0 (default)
2019-10-31 11:02:54,567 [main] INFO  server.GrpcService (ConfUtils.java:logGet(43)) - raft.grpc.message.size.max = 33570816 (custom)
2019-10-31 11:02:54,567 [main] INFO  server.RaftServerConfigKeys (ConfUtils.java:logGet(43)) - raft.server.log.appender.buffer.byte-limit = 33554432 (custom)
2019-10-31 11:02:54,567 [main] INFO  server.GrpcService (ConfUtils.java:logGet(43)) - raft.grpc.flow.control.window = 1MB (=1048576) (default)
2019-10-31 11:02:54,568 [main] INFO  server.RaftServerConfigKeys (ConfUtils.java:logGet(43)) - raft.server.rpc.request.timeout = 3000ms (default)
2019-10-31 11:02:54,568 [main] INFO  server.RaftServerConfigKeys (ConfUtils.java:logGet(43)) - raft.server.storage.dir = [/workdir/hadoop-ozone/tools/target/test-dir/MiniOzoneClusterImpl-86e53e4a-a806-4c7f-8b97-dbab00a18388/datanode-1/data/ratis] (custom)
2019-10-31 11:02:54,571 [main] INFO  hdfs.DFSUtil (DFSUtil.java:httpServerTemplateForNNAndJN(1641)) - Starting Web-server for hddsDatanode at: http://0.0.0.0:0
2019-10-31 11:02:54,572 [main] INFO  server.AuthenticationFilter (AuthenticationFilter.java:constructSecretProvider(240)) - Unable to initialize FileSignerSecretProvider, falling back to use random secrets.
2019-10-31 11:02:54,573 [main] WARN  http.HttpRequestLog (HttpRequestLog.java:getRequestLog(97)) - Jetty request log can only be enabled using Log4j
2019-10-31 11:02:54,575 [main] INFO  http.HttpServer2 (HttpServer2.java:addGlobalFilter(975)) - Added global filter 'safety' (class=org.apache.hadoop.http.HttpServer2$QuotingInputFilter)
2019-10-31 11:02:54,576 [main] INFO  http.HttpServer2 (HttpServer2.java:addFilter(948)) - Added filter static_user_filter (class=org.apache.hadoop.http.lib.StaticUserWebFilter$StaticUserFilter) to context hddsDatanode
2019-10-31 11:02:54,577 [main] INFO  http.HttpServer2 (HttpServer2.java:addFilter(958)) - Added filter static_user_filter (class=org.apache.hadoop.http.lib.StaticUserWebFilter$StaticUserFilter) to context logs
2019-10-31 11:02:54,577 [main] INFO  http.HttpServer2 (HttpServer2.java:addFilter(958)) - Added filter static_user_filter (class=org.apache.hadoop.http.lib.StaticUserWebFilter$StaticUserFilter) to context static
2019-10-31 11:02:54,578 [main] INFO  http.HttpServer2 (HttpServer2.java:bindListener(1191)) - Jetty bound to port 42916
2019-10-31 11:02:54,578 [main] INFO  server.Server (Server.java:doStart(351)) - jetty-9.3.25.v20180904, build timestamp: 2018-09-04T21:11:46Z, git hash: 3ce520221d0240229c862b122d2b06c12a625732
2019-10-31 11:02:54,581 [main] INFO  handler.ContextHandler (ContextHandler.java:doStart(781)) - Started o.e.j.s.ServletContextHandler@660f0c{/logs,file:///workdir/hadoop-ozone/tools/target/log,AVAILABLE}
2019-10-31 11:02:54,581 [main] INFO  handler.ContextHandler (ContextHandler.java:doStart(781)) - Started o.e.j.s.ServletContextHandler@1b1f5012{/static,jar:file:/home/user/.m2/repository/org/apache/hadoop/hadoop-hdds-container-service/0.5.0-SNAPSHOT/hadoop-hdds-container-service-0.5.0-SNAPSHOT.jar!/webapps/static,AVAILABLE}
2019-10-31 11:02:54,623 [main] INFO  handler.ContextHandler (ContextHandler.java:doStart(781)) - Started o.e.j.w.WebAppContext@60f70249{/,file:///tmp/jetty-0.0.0.0-42916-hddsDatanode-_-any-203277601517832930.dir/webapp/,AVAILABLE}{/hddsDatanode}
2019-10-31 11:02:54,624 [main] INFO  server.AbstractConnector (AbstractConnector.java:doStart(278)) - Started ServerConnector@31ee2fdb{HTTP/1.1,[http/1.1]}{0.0.0.0:42916}
2019-10-31 11:02:54,626 [main] INFO  server.Server (Server.java:doStart(419)) - Started @4827ms
2019-10-31 11:02:54,627 [main] WARN  impl.MetricsSystemImpl (MetricsSystemImpl.java:register(276)) - Sink prometheus already exists!
2019-10-31 11:02:54,629 [main] INFO  server.BaseHttpServer (BaseHttpServer.java:updateConnectorAddress(215)) - HTTP server of HDDSDATANODE is listening at http://0.0.0.0:42916
2019-10-31 11:02:54,629 [main] INFO  impl.MetricsSystemImpl (MetricsSystemImpl.java:init(158)) - HddsDatanode metrics system started (again)
2019-10-31 11:02:54,635 [org.apache.hadoop.util.JvmPauseMonitor$Monitor@60e13815] INFO  util.JvmPauseMonitor (JvmPauseMonitor.java:run(188)) - Starting JVM pause monitor
2019-10-31 11:02:54,636 [main] INFO  ozone.HddsDatanodeService (HddsDatanodeService.java:start(184)) - HddsDatanodeService host:pr-hdds-2034-ldlpc-1546634455 ip:192.168.34.13
2019-10-31 11:02:54,638 [Datanode State Machine Thread - 0] INFO  datanode.InitDatanodeState (InitDatanodeState.java:persistContainerDatanodeDetails(140)) - DatanodeDetails is persisted to /workdir/hadoop-ozone/tools/target/test-dir/MiniOzoneClusterImpl-86e53e4a-a806-4c7f-8b97-dbab00a18388/datanode-0/meta/datanode.id
2019-10-31 11:02:54,642 [Datanode State Machine Thread - 0] INFO  datanode.InitDatanodeState (InitDatanodeState.java:persistContainerDatanodeDetails(140)) - DatanodeDetails is persisted to /workdir/hadoop-ozone/tools/target/test-dir/MiniOzoneClusterImpl-86e53e4a-a806-4c7f-8b97-dbab00a18388/datanode-1/meta/datanode.id
2019-10-31 11:02:54,648 [main] INFO  volume.HddsVolume (HddsVolume.java:<init>(176)) - Creating Volume: /workdir/hadoop-ozone/tools/target/test-dir/MiniOzoneClusterImpl-86e53e4a-a806-4c7f-8b97-dbab00a18388/datanode-2/data/containers/hdds of  storage type : DISK and capacity : 1482555576320
2019-10-31 11:02:54,649 [main] INFO  volume.VolumeSet (VolumeSet.java:initializeVolumeSet(170)) - Added Volume : /workdir/hadoop-ozone/tools/target/test-dir/MiniOzoneClusterImpl-86e53e4a-a806-4c7f-8b97-dbab00a18388/datanode-2/data/containers/hdds to VolumeSet
2019-10-31 11:02:54,649 [main] INFO  volume.ThrottledAsyncChecker (ThrottledAsyncChecker.java:schedule(141)) - Scheduling a check for /workdir/hadoop-ozone/tools/target/test-dir/MiniOzoneClusterImpl-86e53e4a-a806-4c7f-8b97-dbab00a18388/datanode-2/data/containers/hdds
2019-10-31 11:02:54,650 [main] INFO  volume.HddsVolumeChecker (HddsVolumeChecker.java:checkAllVolumes(204)) - Scheduled health check for volume /workdir/hadoop-ozone/tools/target/test-dir/MiniOzoneClusterImpl-86e53e4a-a806-4c7f-8b97-dbab00a18388/datanode-2/data/containers/hdds
2019-10-31 11:02:54,670 [main] INFO  impl.RaftServerProxy (ConfUtils.java:logGet(43)) - raft.rpc.type = GRPC (default)
2019-10-31 11:02:54,670 [main] INFO  grpc.GrpcFactory (GrpcFactory.java:checkPooledByteBufAllocatorUseCacheForAllThreads(45)) - PERFORMANCE WARNING: useCacheForAllThreads is true that may cause Netty to create a lot garbage objects and, as a result, trigger GC.
	It is recommended to disable useCacheForAllThreads by setting -Dorg.apache.ratis.thirdparty.io.netty.allocator.useCacheForAllThreads=false in command line.
2019-10-31 11:02:54,671 [main] INFO  grpc.GrpcConfigKeys$Server (ConfUtils.java:logGet(43)) - raft.grpc.server.port = 0 (default)
2019-10-31 11:02:54,671 [main] INFO  server.GrpcService (ConfUtils.java:logGet(43)) - raft.grpc.message.size.max = 33570816 (custom)
2019-10-31 11:02:54,671 [main] INFO  server.RaftServerConfigKeys (ConfUtils.java:logGet(43)) - raft.server.log.appender.buffer.byte-limit = 33554432 (custom)
2019-10-31 11:02:54,672 [main] INFO  server.GrpcService (ConfUtils.java:logGet(43)) - raft.grpc.flow.control.window = 1MB (=1048576) (default)
2019-10-31 11:02:54,672 [main] INFO  server.RaftServerConfigKeys (ConfUtils.java:logGet(43)) - raft.server.rpc.request.timeout = 3000ms (default)
2019-10-31 11:02:54,673 [main] INFO  server.RaftServerConfigKeys (ConfUtils.java:logGet(43)) - raft.server.storage.dir = [/workdir/hadoop-ozone/tools/target/test-dir/MiniOzoneClusterImpl-86e53e4a-a806-4c7f-8b97-dbab00a18388/datanode-2/data/ratis] (custom)
2019-10-31 11:02:54,676 [main] INFO  hdfs.DFSUtil (DFSUtil.java:httpServerTemplateForNNAndJN(1641)) - Starting Web-server for hddsDatanode at: http://0.0.0.0:0
2019-10-31 11:02:54,677 [main] INFO  server.AuthenticationFilter (AuthenticationFilter.java:constructSecretProvider(240)) - Unable to initialize FileSignerSecretProvider, falling back to use random secrets.
2019-10-31 11:02:54,678 [main] WARN  http.HttpRequestLog (HttpRequestLog.java:getRequestLog(97)) - Jetty request log can only be enabled using Log4j
2019-10-31 11:02:54,679 [main] INFO  http.HttpServer2 (HttpServer2.java:addGlobalFilter(975)) - Added global filter 'safety' (class=org.apache.hadoop.http.HttpServer2$QuotingInputFilter)
2019-10-31 11:02:54,680 [main] INFO  http.HttpServer2 (HttpServer2.java:addFilter(948)) - Added filter static_user_filter (class=org.apache.hadoop.http.lib.StaticUserWebFilter$StaticUserFilter) to context hddsDatanode
2019-10-31 11:02:54,680 [main] INFO  http.HttpServer2 (HttpServer2.java:addFilter(958)) - Added filter static_user_filter (class=org.apache.hadoop.http.lib.StaticUserWebFilter$StaticUserFilter) to context static
2019-10-31 11:02:54,680 [main] INFO  http.HttpServer2 (HttpServer2.java:addFilter(958)) - Added filter static_user_filter (class=org.apache.hadoop.http.lib.StaticUserWebFilter$StaticUserFilter) to context logs
2019-10-31 11:02:54,681 [main] INFO  http.HttpServer2 (HttpServer2.java:bindListener(1191)) - Jetty bound to port 43203
2019-10-31 11:02:54,681 [main] INFO  server.Server (Server.java:doStart(351)) - jetty-9.3.25.v20180904, build timestamp: 2018-09-04T21:11:46Z, git hash: 3ce520221d0240229c862b122d2b06c12a625732
2019-10-31 11:02:54,685 [main] INFO  handler.ContextHandler (ContextHandler.java:doStart(781)) - Started o.e.j.s.ServletContextHandler@54e3658c{/logs,file:///workdir/hadoop-ozone/tools/target/log,AVAILABLE}
2019-10-31 11:02:54,686 [main] INFO  handler.ContextHandler (ContextHandler.java:doStart(781)) - Started o.e.j.s.ServletContextHandler@3c5dbdf8{/static,jar:file:/home/user/.m2/repository/org/apache/hadoop/hadoop-hdds-container-service/0.5.0-SNAPSHOT/hadoop-hdds-container-service-0.5.0-SNAPSHOT.jar!/webapps/static,AVAILABLE}
2019-10-31 11:02:54,726 [main] INFO  handler.ContextHandler (ContextHandler.java:doStart(781)) - Started o.e.j.w.WebAppContext@e57e5d6{/,file:///tmp/jetty-0.0.0.0-43203-hddsDatanode-_-any-7870306211738068271.dir/webapp/,AVAILABLE}{/hddsDatanode}
2019-10-31 11:02:54,727 [main] INFO  server.AbstractConnector (AbstractConnector.java:doStart(278)) - Started ServerConnector@6dfa915a{HTTP/1.1,[http/1.1]}{0.0.0.0:43203}
2019-10-31 11:02:54,728 [main] INFO  server.Server (Server.java:doStart(419)) - Started @4929ms
2019-10-31 11:02:54,728 [main] WARN  impl.MetricsSystemImpl (MetricsSystemImpl.java:register(276)) - Sink prometheus already exists!
2019-10-31 11:02:54,730 [main] INFO  server.BaseHttpServer (BaseHttpServer.java:updateConnectorAddress(215)) - HTTP server of HDDSDATANODE is listening at http://0.0.0.0:43203
2019-10-31 11:02:54,732 [main] INFO  ozone.MiniOzoneClusterImpl (MiniOzoneClusterImpl.java:lambda$waitForClusterToBeReady$0(149)) - Waiting for nodes to be ready. Got 0 of 3 DN Heartbeats.
2019-10-31 11:02:54,733 [main] INFO  ozone.MiniOzoneClusterImpl (MiniOzoneClusterImpl.java:lambda$waitForClusterToBeReady$0(152)) - Waiting for cluster to exit safe mode
2019-10-31 11:02:54,733 [org.apache.hadoop.util.JvmPauseMonitor$Monitor@61e93343] INFO  util.JvmPauseMonitor (JvmPauseMonitor.java:run(188)) - Starting JVM pause monitor
2019-10-31 11:02:54,736 [Datanode State Machine Thread - 0] INFO  datanode.InitDatanodeState (InitDatanodeState.java:persistContainerDatanodeDetails(140)) - DatanodeDetails is persisted to /workdir/hadoop-ozone/tools/target/test-dir/MiniOzoneClusterImpl-86e53e4a-a806-4c7f-8b97-dbab00a18388/datanode-2/meta/datanode.id
2019-10-31 11:02:55,733 [main] INFO  ozone.MiniOzoneClusterImpl (MiniOzoneClusterImpl.java:lambda$waitForClusterToBeReady$0(149)) - Waiting for nodes to be ready. Got 0 of 3 DN Heartbeats.
2019-10-31 11:02:55,733 [main] INFO  ozone.MiniOzoneClusterImpl (MiniOzoneClusterImpl.java:lambda$waitForClusterToBeReady$0(152)) - Waiting for cluster to exit safe mode
2019-10-31 11:02:56,629 [Datanode State Machine Thread - 0] INFO  ozoneimpl.OzoneContainer (OzoneContainer.java:start(213)) - Attempting to start container services.
2019-10-31 11:02:56,632 [Datanode State Machine Thread - 0] INFO  ozoneimpl.OzoneContainer (OzoneContainer.java:startContainerScrub(177)) - Background container scanner has been disabled.
2019-10-31 11:02:56,632 [Datanode State Machine Thread - 0] INFO  ratis.XceiverServerRatis (XceiverServerRatis.java:start(419)) - Starting XceiverServerRatis 7c5c650f-8f7d-41d0-b05b-880bea22fbf8 at port 0
2019-10-31 11:02:56,645 [Datanode State Machine Thread - 0] INFO  ozoneimpl.OzoneContainer (OzoneContainer.java:start(213)) - Attempting to start container services.
2019-10-31 11:02:56,653 [Datanode State Machine Thread - 0] INFO  ozoneimpl.OzoneContainer (OzoneContainer.java:startContainerScrub(177)) - Background container scanner has been disabled.
2019-10-31 11:02:56,653 [Datanode State Machine Thread - 0] INFO  ratis.XceiverServerRatis (XceiverServerRatis.java:start(419)) - Starting XceiverServerRatis c920672d-bbc7-45b4-92a5-b5ae8093f450 at port 0
2019-10-31 11:02:56,660 [Datanode State Machine Thread - 0] INFO  impl.RaftServerProxy (RaftServerProxy.java:lambda$start$3(299)) - 7c5c650f-8f7d-41d0-b05b-880bea22fbf8: start RPC server
2019-10-31 11:02:56,669 [Datanode State Machine Thread - 0] INFO  impl.RaftServerProxy (RaftServerProxy.java:lambda$start$3(299)) - c920672d-bbc7-45b4-92a5-b5ae8093f450: start RPC server
2019-10-31 11:02:56,734 [main] INFO  ozone.MiniOzoneClusterImpl (MiniOzoneClusterImpl.java:lambda$waitForClusterToBeReady$0(149)) - Waiting for nodes to be ready. Got 0 of 3 DN Heartbeats.
2019-10-31 11:02:56,736 [main] INFO  ozone.MiniOzoneClusterImpl (MiniOzoneClusterImpl.java:lambda$waitForClusterToBeReady$0(152)) - Waiting for cluster to exit safe mode
2019-10-31 11:02:56,748 [Datanode State Machine Thread - 0] INFO  ozoneimpl.OzoneContainer (OzoneContainer.java:start(213)) - Attempting to start container services.
2019-10-31 11:02:56,750 [Datanode State Machine Thread - 0] INFO  ozoneimpl.OzoneContainer (OzoneContainer.java:startContainerScrub(177)) - Background container scanner has been disabled.
2019-10-31 11:02:56,750 [Datanode State Machine Thread - 0] INFO  ratis.XceiverServerRatis (XceiverServerRatis.java:start(419)) - Starting XceiverServerRatis 29ff7094-9c72-4db4-826b-540cf46770f6 at port 0
2019-10-31 11:02:56,760 [Datanode State Machine Thread - 0] INFO  impl.RaftServerProxy (RaftServerProxy.java:lambda$start$3(299)) - 29ff7094-9c72-4db4-826b-540cf46770f6: start RPC server
2019-10-31 11:02:56,804 [Datanode State Machine Thread - 0] INFO  server.GrpcService (GrpcService.java:startImpl(158)) - c920672d-bbc7-45b4-92a5-b5ae8093f450: GrpcService started, listening on 0.0.0.0/0.0.0.0:35054
2019-10-31 11:02:56,805 [Datanode State Machine Thread - 0] INFO  server.GrpcService (GrpcService.java:startImpl(158)) - 29ff7094-9c72-4db4-826b-540cf46770f6: GrpcService started, listening on 0.0.0.0/0.0.0.0:32774
2019-10-31 11:02:56,804 [Datanode State Machine Thread - 0] INFO  server.GrpcService (GrpcService.java:startImpl(158)) - 7c5c650f-8f7d-41d0-b05b-880bea22fbf8: GrpcService started, listening on 0.0.0.0/0.0.0.0:34445
2019-10-31 11:02:56,805 [Datanode State Machine Thread - 0] INFO  ratis.XceiverServerRatis (XceiverServerRatis.java:start(429)) - XceiverServerRatis 29ff7094-9c72-4db4-826b-540cf46770f6 is started using port 32774
2019-10-31 11:02:56,805 [Datanode State Machine Thread - 0] INFO  ratis.XceiverServerRatis (XceiverServerRatis.java:start(429)) - XceiverServerRatis c920672d-bbc7-45b4-92a5-b5ae8093f450 is started using port 35054
2019-10-31 11:02:56,805 [Datanode State Machine Thread - 0] INFO  ratis.XceiverServerRatis (XceiverServerRatis.java:start(429)) - XceiverServerRatis 7c5c650f-8f7d-41d0-b05b-880bea22fbf8 is started using port 34445
2019-10-31 11:02:56,812 [Datanode State Machine Thread - 0] INFO  server.XceiverServerGrpc (XceiverServerGrpc.java:start(149)) - XceiverServerGrpc 7c5c650f-8f7d-41d0-b05b-880bea22fbf8 is started using port 46114
2019-10-31 11:02:56,812 [Datanode State Machine Thread - 0] INFO  server.XceiverServerGrpc (XceiverServerGrpc.java:start(149)) - XceiverServerGrpc c920672d-bbc7-45b4-92a5-b5ae8093f450 is started using port 43001
2019-10-31 11:02:56,812 [Datanode State Machine Thread - 0] INFO  server.XceiverServerGrpc (XceiverServerGrpc.java:start(149)) - XceiverServerGrpc 29ff7094-9c72-4db4-826b-540cf46770f6 is started using port 40394
2019-10-31 11:02:57,737 [main] INFO  ozone.MiniOzoneClusterImpl (MiniOzoneClusterImpl.java:lambda$waitForClusterToBeReady$0(149)) - Waiting for nodes to be ready. Got 0 of 3 DN Heartbeats.
2019-10-31 11:02:57,737 [main] INFO  ozone.MiniOzoneClusterImpl (MiniOzoneClusterImpl.java:lambda$waitForClusterToBeReady$0(152)) - Waiting for cluster to exit safe mode
2019-10-31 11:02:58,576 [IPC Server handler 0 on 39645] INFO  net.NetworkTopology (NetworkTopologyImpl.java:add(111)) - Added a new node: /default-rack/7c5c650f-8f7d-41d0-b05b-880bea22fbf8
2019-10-31 11:02:58,577 [IPC Server handler 0 on 39645] INFO  node.SCMNodeManager (SCMNodeManager.java:register(267)) - Registered Data node : 7c5c650f-8f7d-41d0-b05b-880bea22fbf8{ip: 192.168.34.13, host: pr-hdds-2034-ldlpc-1546634455, networkLocation: /default-rack, certSerialId: null}
2019-10-31 11:02:58,580 [EventQueue-NodeRegistrationContainerReportForContainerSafeModeRule] INFO  safemode.SCMSafeModeManager (SCMSafeModeManager.java:validateSafeModeExitRules(176)) - ContainerSafeModeRule rule is successfully validated
2019-10-31 11:02:58,580 [EventQueue-NodeRegistrationContainerReportForDataNodeSafeModeRule] INFO  safemode.SCMSafeModeManager (DataNodeSafeModeRule.java:process(71)) - SCM in safe mode. 1 DataNodes registered, 1 required.
2019-10-31 11:02:58,580 [EventQueue-NodeRegistrationContainerReportForDataNodeSafeModeRule] INFO  safemode.SCMSafeModeManager (SCMSafeModeManager.java:validateSafeModeExitRules(176)) - DataNodeSafeModeRule rule is successfully validated
2019-10-31 11:02:58,589 [RatisPipelineUtilsThread] INFO  pipeline.RatisPipelineProvider (RatisPipelineProvider.java:lambda$create$4(163)) - Send pipeline:PipelineID=3d61f8d4-4f8b-41d3-8dd5-3d2604e6be90 create command to datanode 7c5c650f-8f7d-41d0-b05b-880bea22fbf8
2019-10-31 11:02:58,638 [IPC Server handler 1 on 39645] INFO  net.NetworkTopology (NetworkTopologyImpl.java:add(111)) - Added a new node: /default-rack/c920672d-bbc7-45b4-92a5-b5ae8093f450
2019-10-31 11:02:58,639 [IPC Server handler 1 on 39645] INFO  node.SCMNodeManager (SCMNodeManager.java:register(267)) - Registered Data node : c920672d-bbc7-45b4-92a5-b5ae8093f450{ip: 192.168.34.13, host: pr-hdds-2034-ldlpc-1546634455, networkLocation: /default-rack, certSerialId: null}
2019-10-31 11:02:58,639 [EventQueue-NodeRegistrationContainerReportForContainerSafeModeRule] INFO  safemode.SCMSafeModeManager (SCMSafeModeManager.java:validateSafeModeExitRules(176)) - ContainerSafeModeRule rule is successfully validated
2019-10-31 11:02:58,639 [EventQueue-NodeRegistrationContainerReportForDataNodeSafeModeRule] INFO  safemode.SCMSafeModeManager (SCMSafeModeManager.java:validateSafeModeExitRules(176)) - DataNodeSafeModeRule rule is successfully validated
2019-10-31 11:02:58,640 [RatisPipelineUtilsThread] INFO  pipeline.RatisPipelineProvider (RatisPipelineProvider.java:lambda$create$4(163)) - Send pipeline:PipelineID=70627df5-c366-4f93-9bd2-7ff7d2af49d6 create command to datanode c920672d-bbc7-45b4-92a5-b5ae8093f450
2019-10-31 11:02:58,737 [IPC Server handler 2 on 39645] INFO  net.NetworkTopology (NetworkTopologyImpl.java:add(111)) - Added a new node: /default-rack/29ff7094-9c72-4db4-826b-540cf46770f6
2019-10-31 11:02:58,737 [IPC Server handler 2 on 39645] INFO  node.SCMNodeManager (SCMNodeManager.java:register(267)) - Registered Data node : 29ff7094-9c72-4db4-826b-540cf46770f6{ip: 192.168.34.13, host: pr-hdds-2034-ldlpc-1546634455, networkLocation: /default-rack, certSerialId: null}
2019-10-31 11:02:58,738 [main] INFO  ozone.MiniOzoneClusterImpl (MiniOzoneClusterImpl.java:lambda$waitForClusterToBeReady$0(149)) - Nodes are ready. Got 3 of 3 DN Heartbeats.
2019-10-31 11:02:58,738 [EventQueue-NodeRegistrationContainerReportForDataNodeSafeModeRule] INFO  safemode.SCMSafeModeManager (SCMSafeModeManager.java:validateSafeModeExitRules(176)) - DataNodeSafeModeRule rule is successfully validated
2019-10-31 11:02:58,739 [RatisPipelineUtilsThread] INFO  pipeline.RatisPipelineProvider (RatisPipelineProvider.java:lambda$create$4(163)) - Send pipeline:PipelineID=d5ae5bca-3a8d-4078-b973-f71099633d95 create command to datanode 29ff7094-9c72-4db4-826b-540cf46770f6
2019-10-31 11:02:58,739 [main] INFO  ozone.MiniOzoneClusterImpl (MiniOzoneClusterImpl.java:lambda$waitForClusterToBeReady$0(152)) - Waiting for cluster to exit safe mode
2019-10-31 11:02:58,739 [EventQueue-NodeRegistrationContainerReportForContainerSafeModeRule] INFO  safemode.SCMSafeModeManager (SCMSafeModeManager.java:validateSafeModeExitRules(176)) - ContainerSafeModeRule rule is successfully validated
2019-10-31 11:02:58,741 [RatisPipelineUtilsThread] INFO  pipeline.RatisPipelineProvider (RatisPipelineProvider.java:lambda$create$4(163)) - Send pipeline:PipelineID=4401cc43-bbc3-424a-8617-e3d2ad751d1a create command to datanode 7c5c650f-8f7d-41d0-b05b-880bea22fbf8
2019-10-31 11:02:58,741 [RatisPipelineUtilsThread] INFO  pipeline.RatisPipelineProvider (RatisPipelineProvider.java:lambda$create$4(163)) - Send pipeline:PipelineID=4401cc43-bbc3-424a-8617-e3d2ad751d1a create command to datanode c920672d-bbc7-45b4-92a5-b5ae8093f450
2019-10-31 11:02:58,742 [RatisPipelineUtilsThread] INFO  pipeline.RatisPipelineProvider (RatisPipelineProvider.java:lambda$create$4(163)) - Send pipeline:PipelineID=4401cc43-bbc3-424a-8617-e3d2ad751d1a create command to datanode 29ff7094-9c72-4db4-826b-540cf46770f6
2019-10-31 11:02:59,740 [main] INFO  ozone.MiniOzoneClusterImpl (MiniOzoneClusterImpl.java:lambda$waitForClusterToBeReady$0(149)) - Nodes are ready. Got 3 of 3 DN Heartbeats.
2019-10-31 11:02:59,740 [main] INFO  ozone.MiniOzoneClusterImpl (MiniOzoneClusterImpl.java:lambda$waitForClusterToBeReady$0(152)) - Waiting for cluster to exit safe mode
2019-10-31 11:03:00,741 [main] INFO  ozone.MiniOzoneClusterImpl (MiniOzoneClusterImpl.java:lambda$waitForClusterToBeReady$0(149)) - Nodes are ready. Got 3 of 3 DN Heartbeats.
2019-10-31 11:03:00,741 [main] INFO  ozone.MiniOzoneClusterImpl (MiniOzoneClusterImpl.java:lambda$waitForClusterToBeReady$0(152)) - Waiting for cluster to exit safe mode
2019-10-31 11:03:01,567 [Command processor thread] INFO  impl.RaftServerProxy (RaftServerProxy.java:addNew(89)) - 7c5c650f-8f7d-41d0-b05b-880bea22fbf8: addNew group-3D2604E6BE90:[7c5c650f-8f7d-41d0-b05b-880bea22fbf8:192.168.34.13:34445] returns group-3D2604E6BE90:java.util.concurrent.CompletableFuture@492ca3a7[Not completed]
2019-10-31 11:03:01,590 [pool-27-thread-1] INFO  impl.RaftServerImpl (RaftServerImpl.java:<init>(98)) - 7c5c650f-8f7d-41d0-b05b-880bea22fbf8: new RaftServerImpl for group-3D2604E6BE90:[7c5c650f-8f7d-41d0-b05b-880bea22fbf8:192.168.34.13:34445] with ContainerStateMachine:uninitialized
2019-10-31 11:03:01,593 [pool-27-thread-1] INFO  server.RaftServerConfigKeys (ConfUtils.java:logGet(43)) - raft.server.rpc.timeout.min = 5s (custom)
2019-10-31 11:03:01,594 [pool-27-thread-1] INFO  server.RaftServerConfigKeys (ConfUtils.java:logGet(43)) - raft.server.rpc.timeout.max = 5200ms (custom)
2019-10-31 11:03:01,595 [pool-27-thread-1] INFO  server.RaftServerConfigKeys (ConfUtils.java:logGet(43)) - raft.server.rpcslowness.timeout = 120s (custom)
2019-10-31 11:03:01,596 [pool-27-thread-1] INFO  server.RaftServerConfigKeys (ConfUtils.java:logGet(43)) - raft.server.sleep.deviation.threshold = 300 (default)
2019-10-31 11:03:01,597 [pool-27-thread-1] INFO  server.RaftServerConfigKeys (ConfUtils.java:logGet(43)) - raft.server.log.appender.install.snapshot.enabled = false (custom)
2019-10-31 11:03:01,608 [pool-27-thread-1] INFO  impl.RaftServerImpl (ServerState.java:<init>(103)) - 7c5c650f-8f7d-41d0-b05b-880bea22fbf8@group-3D2604E6BE90: ConfigurationManager, init=-1: [7c5c650f-8f7d-41d0-b05b-880bea22fbf8:192.168.34.13:34445], old=null, confs=<EMPTY_MAP>
2019-10-31 11:03:01,609 [pool-27-thread-1] INFO  server.RaftServerConfigKeys (ConfUtils.java:logGet(43)) - raft.server.storage.dir = [/workdir/hadoop-ozone/tools/target/test-dir/MiniOzoneClusterImpl-86e53e4a-a806-4c7f-8b97-dbab00a18388/datanode-0/data/ratis] (custom)
2019-10-31 11:03:01,617 [pool-27-thread-1] INFO  server.RaftServerConfigKeys (ConfUtils.java:logGet(43)) - raft.server.log.corruption.policy = EXCEPTION (default)
2019-10-31 11:03:01,620 [pool-27-thread-1] INFO  storage.RaftStorageDirectory (RaftStorageDirectory.java:analyzeStorage(246)) - The storage directory /workdir/hadoop-ozone/tools/target/test-dir/MiniOzoneClusterImpl-86e53e4a-a806-4c7f-8b97-dbab00a18388/datanode-0/data/ratis/3d61f8d4-4f8b-41d3-8dd5-3d2604e6be90 does not exist. Creating ...
2019-10-31 11:03:01,637 [Command processor thread] INFO  impl.RaftServerProxy (RaftServerProxy.java:addNew(89)) - c920672d-bbc7-45b4-92a5-b5ae8093f450: addNew group-7FF7D2AF49D6:[c920672d-bbc7-45b4-92a5-b5ae8093f450:192.168.34.13:35054] returns group-7FF7D2AF49D6:java.util.concurrent.CompletableFuture@5e03ede6[Not completed]
2019-10-31 11:03:01,647 [pool-27-thread-1] INFO  storage.RaftStorageDirectory (RaftStorageDirectory.java:tryLock(328)) - Lock on /workdir/hadoop-ozone/tools/target/test-dir/MiniOzoneClusterImpl-86e53e4a-a806-4c7f-8b97-dbab00a18388/datanode-0/data/ratis/3d61f8d4-4f8b-41d3-8dd5-3d2604e6be90/in_use.lock acquired by nodename 26299@pr-hdds-2034-ldlpc-1546634455
2019-10-31 11:03:01,664 [pool-37-thread-1] INFO  impl.RaftServerImpl (RaftServerImpl.java:<init>(98)) - c920672d-bbc7-45b4-92a5-b5ae8093f450: new RaftServerImpl for group-7FF7D2AF49D6:[c920672d-bbc7-45b4-92a5-b5ae8093f450:192.168.34.13:35054] with ContainerStateMachine:uninitialized
2019-10-31 11:03:01,666 [pool-37-thread-1] INFO  server.RaftServerConfigKeys (ConfUtils.java:logGet(43)) - raft.server.rpc.timeout.min = 5s (custom)
2019-10-31 11:03:01,666 [pool-37-thread-1] INFO  server.RaftServerConfigKeys (ConfUtils.java:logGet(43)) - raft.server.rpc.timeout.max = 5200ms (custom)
2019-10-31 11:03:01,666 [pool-37-thread-1] INFO  server.RaftServerConfigKeys (ConfUtils.java:logGet(43)) - raft.server.rpcslowness.timeout = 120s (custom)
2019-10-31 11:03:01,667 [pool-37-thread-1] INFO  server.RaftServerConfigKeys (ConfUtils.java:logGet(43)) - raft.server.sleep.deviation.threshold = 300 (default)
2019-10-31 11:03:01,667 [pool-37-thread-1] INFO  server.RaftServerConfigKeys (ConfUtils.java:logGet(43)) - raft.server.log.appender.install.snapshot.enabled = false (custom)
2019-10-31 11:03:01,667 [pool-37-thread-1] INFO  impl.RaftServerImpl (ServerState.java:<init>(103)) - c920672d-bbc7-45b4-92a5-b5ae8093f450@group-7FF7D2AF49D6: ConfigurationManager, init=-1: [c920672d-bbc7-45b4-92a5-b5ae8093f450:192.168.34.13:35054], old=null, confs=<EMPTY_MAP>
2019-10-31 11:03:01,667 [pool-37-thread-1] INFO  server.RaftServerConfigKeys (ConfUtils.java:logGet(43)) - raft.server.storage.dir = [/workdir/hadoop-ozone/tools/target/test-dir/MiniOzoneClusterImpl-86e53e4a-a806-4c7f-8b97-dbab00a18388/datanode-1/data/ratis] (custom)
2019-10-31 11:03:01,668 [pool-37-thread-1] INFO  server.RaftServerConfigKeys (ConfUtils.java:logGet(43)) - raft.server.log.corruption.policy = EXCEPTION (default)
2019-10-31 11:03:01,668 [pool-37-thread-1] INFO  storage.RaftStorageDirectory (RaftStorageDirectory.java:analyzeStorage(246)) - The storage directory /workdir/hadoop-ozone/tools/target/test-dir/MiniOzoneClusterImpl-86e53e4a-a806-4c7f-8b97-dbab00a18388/datanode-1/data/ratis/70627df5-c366-4f93-9bd2-7ff7d2af49d6 does not exist. Creating ...
2019-10-31 11:03:01,681 [pool-37-thread-1] INFO  storage.RaftStorageDirectory (RaftStorageDirectory.java:tryLock(328)) - Lock on /workdir/hadoop-ozone/tools/target/test-dir/MiniOzoneClusterImpl-86e53e4a-a806-4c7f-8b97-dbab00a18388/datanode-1/data/ratis/70627df5-c366-4f93-9bd2-7ff7d2af49d6/in_use.lock acquired by nodename 26299@pr-hdds-2034-ldlpc-1546634455
2019-10-31 11:03:01,681 [pool-27-thread-1] INFO  storage.RaftStorage (RaftStorage.java:format(84)) - Storage directory /workdir/hadoop-ozone/tools/target/test-dir/MiniOzoneClusterImpl-86e53e4a-a806-4c7f-8b97-dbab00a18388/datanode-0/data/ratis/3d61f8d4-4f8b-41d3-8dd5-3d2604e6be90 has been successfully formatted.
2019-10-31 11:03:01,684 [pool-27-thread-1] INFO  ratis.ContainerStateMachine (ContainerStateMachine.java:loadSnapshot(231)) - group-3D2604E6BE90: The snapshot info is null. Setting the last applied indexto:(t:0, i:~)
2019-10-31 11:03:01,684 [pool-27-thread-1] INFO  server.RaftServerConfigKeys (ConfUtils.java:logGet(43)) - raft.server.notification.no-leader.timeout = 120s (custom)
2019-10-31 11:03:01,688 [pool-27-thread-1] INFO  server.RaftServerConfigKeys (ConfUtils.java:logGet(43)) - raft.server.log.use.memory = false (default)
2019-10-31 11:03:01,694 [pool-37-thread-1] INFO  storage.RaftStorage (RaftStorage.java:format(84)) - Storage directory /workdir/hadoop-ozone/tools/target/test-dir/MiniOzoneClusterImpl-86e53e4a-a806-4c7f-8b97-dbab00a18388/datanode-1/data/ratis/70627df5-c366-4f93-9bd2-7ff7d2af49d6 has been successfully formatted.
2019-10-31 11:03:01,695 [pool-37-thread-1] INFO  ratis.ContainerStateMachine (ContainerStateMachine.java:loadSnapshot(231)) - group-7FF7D2AF49D6: The snapshot info is null. Setting the last applied indexto:(t:0, i:~)
2019-10-31 11:03:01,696 [pool-27-thread-1] INFO  server.RaftServerConfigKeys (ConfUtils.java:logGet(43)) - raft.server.log.purge.gap = 1000000 (custom)
2019-10-31 11:03:01,696 [pool-37-thread-1] INFO  server.RaftServerConfigKeys (ConfUtils.java:logGet(43)) - raft.server.notification.no-leader.timeout = 120s (custom)
2019-10-31 11:03:01,697 [pool-27-thread-1] INFO  server.RaftServerConfigKeys (ConfUtils.java:logGet(43)) - raft.server.log.appender.buffer.byte-limit = 33554432 (custom)
2019-10-31 11:03:01,697 [pool-37-thread-1] INFO  server.RaftServerConfigKeys (ConfUtils.java:logGet(43)) - raft.server.log.use.memory = false (default)
2019-10-31 11:03:01,697 [pool-37-thread-1] INFO  server.RaftServerConfigKeys (ConfUtils.java:logGet(43)) - raft.server.log.purge.gap = 1000000 (custom)
2019-10-31 11:03:01,697 [pool-37-thread-1] INFO  server.RaftServerConfigKeys (ConfUtils.java:logGet(43)) - raft.server.log.appender.buffer.byte-limit = 33554432 (custom)
2019-10-31 11:03:01,700 [pool-27-thread-1] INFO  server.RaftServerConfigKeys (ConfUtils.java:logGet(43)) - raft.server.log.segment.size.max = 1048576 (custom)
2019-10-31 11:03:01,700 [pool-37-thread-1] INFO  server.RaftServerConfigKeys (ConfUtils.java:logGet(43)) - raft.server.log.segment.size.max = 1048576 (custom)
2019-10-31 11:03:01,707 [pool-27-thread-1] INFO  metrics.MetricRegistries (MetricRegistriesLoader.java:load(64)) - Loaded MetricRegistries class org.apache.ratis.metrics.impl.MetricRegistriesImpl
2019-10-31 11:03:01,714 [pool-27-thread-1] WARN  impl.MetricRegistriesImpl (MetricRegistriesImpl.java:lambda$create$1(61)) - First MetricRegistry has been created without registering reporters. You may need to call MetricRegistries.global().addReportRegistration(...) before.
2019-10-31 11:03:01,714 [pool-37-thread-1] WARN  impl.MetricRegistriesImpl (MetricRegistriesImpl.java:lambda$create$1(61)) - First MetricRegistry has been created without registering reporters. You may need to call MetricRegistries.global().addReportRegistration(...) before.
2019-10-31 11:03:01,722 [pool-27-thread-1] INFO  server.RaftServerConfigKeys (ConfUtils.java:logGet(43)) - raft.server.log.segment.cache.num.max = 2 (custom)
2019-10-31 11:03:01,722 [pool-37-thread-1] INFO  server.RaftServerConfigKeys (ConfUtils.java:logGet(43)) - raft.server.log.segment.cache.num.max = 2 (custom)
2019-10-31 11:03:01,729 [pool-27-thread-1] INFO  segmented.SegmentedRaftLogWorker (SegmentedRaftLogWorker.java:<init>(173)) - new 7c5c650f-8f7d-41d0-b05b-880bea22fbf8@group-3D2604E6BE90-SegmentedRaftLogWorker for RaftStorage:Storage Directory /workdir/hadoop-ozone/tools/target/test-dir/MiniOzoneClusterImpl-86e53e4a-a806-4c7f-8b97-dbab00a18388/datanode-0/data/ratis/3d61f8d4-4f8b-41d3-8dd5-3d2604e6be90
2019-10-31 11:03:01,729 [pool-37-thread-1] INFO  segmented.SegmentedRaftLogWorker (SegmentedRaftLogWorker.java:<init>(173)) - new c920672d-bbc7-45b4-92a5-b5ae8093f450@group-7FF7D2AF49D6-SegmentedRaftLogWorker for RaftStorage:Storage Directory /workdir/hadoop-ozone/tools/target/test-dir/MiniOzoneClusterImpl-86e53e4a-a806-4c7f-8b97-dbab00a18388/datanode-1/data/ratis/70627df5-c366-4f93-9bd2-7ff7d2af49d6
2019-10-31 11:03:01,730 [pool-27-thread-1] INFO  server.RaftServerConfigKeys (ConfUtils.java:logGet(43)) - raft.server.log.queue.byte-limit = 2147483647 (custom)
2019-10-31 11:03:01,731 [pool-37-thread-1] INFO  server.RaftServerConfigKeys (ConfUtils.java:logGet(43)) - raft.server.log.queue.byte-limit = 2147483647 (custom)
2019-10-31 11:03:01,731 [pool-27-thread-1] INFO  server.RaftServerConfigKeys (ConfUtils.java:logGet(43)) - raft.server.log.queue.element-limit = 1024 (custom)
2019-10-31 11:03:01,731 [pool-37-thread-1] INFO  server.RaftServerConfigKeys (ConfUtils.java:logGet(43)) - raft.server.log.queue.element-limit = 1024 (custom)
2019-10-31 11:03:01,733 [pool-27-thread-1] INFO  server.RaftServerConfigKeys (ConfUtils.java:logGet(43)) - raft.server.log.segment.size.max = 1048576 (custom)
2019-10-31 11:03:01,733 [pool-37-thread-1] INFO  server.RaftServerConfigKeys (ConfUtils.java:logGet(43)) - raft.server.log.segment.size.max = 1048576 (custom)
2019-10-31 11:03:01,733 [pool-27-thread-1] INFO  server.RaftServerConfigKeys (ConfUtils.java:logGet(43)) - raft.server.log.preallocated.size = 16384 (custom)
2019-10-31 11:03:01,733 [pool-37-thread-1] INFO  server.RaftServerConfigKeys (ConfUtils.java:logGet(43)) - raft.server.log.preallocated.size = 16384 (custom)
2019-10-31 11:03:01,734 [pool-27-thread-1] INFO  server.RaftServerConfigKeys (ConfUtils.java:logGet(43)) - raft.server.log.write.buffer.size = 33554432 (custom)
2019-10-31 11:03:01,734 [pool-37-thread-1] INFO  server.RaftServerConfigKeys (ConfUtils.java:logGet(43)) - raft.server.log.write.buffer.size = 33554432 (custom)
2019-10-31 11:03:01,734 [pool-27-thread-1] INFO  server.RaftServerConfigKeys (ConfUtils.java:logGet(43)) - raft.server.log.force.sync.num = 128 (default)
2019-10-31 11:03:01,735 [pool-37-thread-1] INFO  server.RaftServerConfigKeys (ConfUtils.java:logGet(43)) - raft.server.log.force.sync.num = 128 (default)
2019-10-31 11:03:01,736 [Command processor thread] INFO  impl.RaftServerProxy (RaftServerProxy.java:addNew(89)) - 29ff7094-9c72-4db4-826b-540cf46770f6: addNew group-F71099633D95:[29ff7094-9c72-4db4-826b-540cf46770f6:192.168.34.13:32774] returns group-F71099633D95:java.util.concurrent.CompletableFuture@b486fe3[Not completed]
2019-10-31 11:03:01,738 [pool-27-thread-1] INFO  server.RaftServerConfigKeys (ConfUtils.java:logGet(43)) - raft.server.log.statemachine.data.sync = true (default)
2019-10-31 11:03:01,738 [pool-37-thread-1] INFO  server.RaftServerConfigKeys (ConfUtils.java:logGet(43)) - raft.server.log.statemachine.data.sync = true (default)
2019-10-31 11:03:01,738 [pool-27-thread-1] INFO  server.RaftServerConfigKeys (ConfUtils.java:logGet(43)) - raft.server.log.statemachine.data.sync.timeout = 10s (default)
2019-10-31 11:03:01,739 [pool-37-thread-1] INFO  server.RaftServerConfigKeys (ConfUtils.java:logGet(43)) - raft.server.log.statemachine.data.sync.timeout = 10s (default)
2019-10-31 11:03:01,750 [main] INFO  ozone.MiniOzoneClusterImpl (MiniOzoneClusterImpl.java:lambda$waitForClusterToBeReady$0(149)) - Nodes are ready. Got 3 of 3 DN Heartbeats.
2019-10-31 11:03:01,754 [main] INFO  ozone.MiniOzoneClusterImpl (MiniOzoneClusterImpl.java:lambda$waitForClusterToBeReady$0(152)) - Waiting for cluster to exit safe mode
2019-10-31 11:03:01,754 [pool-27-thread-1] INFO  server.RaftServerConfigKeys (ConfUtils.java:logGet(43)) - raft.server.log.statemachine.data.sync.timeout.retry = -1 (default)
2019-10-31 11:03:01,754 [pool-37-thread-1] INFO  server.RaftServerConfigKeys (ConfUtils.java:logGet(43)) - raft.server.log.statemachine.data.sync.timeout.retry = -1 (default)
2019-10-31 11:03:01,754 [pool-47-thread-1] INFO  impl.RaftServerImpl (RaftServerImpl.java:<init>(98)) - 29ff7094-9c72-4db4-826b-540cf46770f6: new RaftServerImpl for group-F71099633D95:[29ff7094-9c72-4db4-826b-540cf46770f6:192.168.34.13:32774] with ContainerStateMachine:uninitialized
2019-10-31 11:03:01,755 [pool-47-thread-1] INFO  server.RaftServerConfigKeys (ConfUtils.java:logGet(43)) - raft.server.rpc.timeout.min = 5s (custom)
2019-10-31 11:03:01,756 [pool-47-thread-1] INFO  server.RaftServerConfigKeys (ConfUtils.java:logGet(43)) - raft.server.rpc.timeout.max = 5200ms (custom)
2019-10-31 11:03:01,756 [pool-47-thread-1] INFO  server.RaftServerConfigKeys (ConfUtils.java:logGet(43)) - raft.server.rpcslowness.timeout = 120s (custom)
2019-10-31 11:03:01,756 [pool-47-thread-1] INFO  server.RaftServerConfigKeys (ConfUtils.java:logGet(43)) - raft.server.sleep.deviation.threshold = 300 (default)
2019-10-31 11:03:01,756 [pool-47-thread-1] INFO  server.RaftServerConfigKeys (ConfUtils.java:logGet(43)) - raft.server.log.appender.install.snapshot.enabled = false (custom)
2019-10-31 11:03:01,757 [pool-47-thread-1] INFO  impl.RaftServerImpl (ServerState.java:<init>(103)) - 29ff7094-9c72-4db4-826b-540cf46770f6@group-F71099633D95: ConfigurationManager, init=-1: [29ff7094-9c72-4db4-826b-540cf46770f6:192.168.34.13:32774], old=null, confs=<EMPTY_MAP>
2019-10-31 11:03:01,757 [pool-47-thread-1] INFO  server.RaftServerConfigKeys (ConfUtils.java:logGet(43)) - raft.server.storage.dir = [/workdir/hadoop-ozone/tools/target/test-dir/MiniOzoneClusterImpl-86e53e4a-a806-4c7f-8b97-dbab00a18388/datanode-2/data/ratis] (custom)
2019-10-31 11:03:01,758 [pool-47-thread-1] INFO  server.RaftServerConfigKeys (ConfUtils.java:logGet(43)) - raft.server.log.corruption.policy = EXCEPTION (default)
2019-10-31 11:03:01,758 [pool-47-thread-1] INFO  storage.RaftStorageDirectory (RaftStorageDirectory.java:analyzeStorage(246)) - The storage directory /workdir/hadoop-ozone/tools/target/test-dir/MiniOzoneClusterImpl-86e53e4a-a806-4c7f-8b97-dbab00a18388/datanode-2/data/ratis/d5ae5bca-3a8d-4078-b973-f71099633d95 does not exist. Creating ...
2019-10-31 11:03:01,771 [pool-47-thread-1] INFO  storage.RaftStorageDirectory (RaftStorageDirectory.java:tryLock(328)) - Lock on /workdir/hadoop-ozone/tools/target/test-dir/MiniOzoneClusterImpl-86e53e4a-a806-4c7f-8b97-dbab00a18388/datanode-2/data/ratis/d5ae5bca-3a8d-4078-b973-f71099633d95/in_use.lock acquired by nodename 26299@pr-hdds-2034-ldlpc-1546634455
2019-10-31 11:03:01,774 [pool-27-thread-1] INFO  server.RaftServerConfigKeys (ConfUtils.java:logGet(43)) - raft.server.log.statemachine.data.caching.enabled = true (custom)
2019-10-31 11:03:01,774 [pool-37-thread-1] INFO  server.RaftServerConfigKeys (ConfUtils.java:logGet(43)) - raft.server.log.statemachine.data.caching.enabled = true (custom)
2019-10-31 11:03:01,782 [pool-37-thread-1] INFO  segmented.SegmentedRaftLogWorker (SegmentedRaftLogWorker.java:lambda$new$0(128)) - c920672d-bbc7-45b4-92a5-b5ae8093f450@group-7FF7D2AF49D6-SegmentedRaftLogWorker: flushIndex: setUnconditionally 0 -> -1
2019-10-31 11:03:01,782 [pool-27-thread-1] INFO  segmented.SegmentedRaftLogWorker (SegmentedRaftLogWorker.java:lambda$new$0(128)) - 7c5c650f-8f7d-41d0-b05b-880bea22fbf8@group-3D2604E6BE90-SegmentedRaftLogWorker: flushIndex: setUnconditionally 0 -> -1
2019-10-31 11:03:01,785 [pool-47-thread-1] INFO  storage.RaftStorage (RaftStorage.java:format(84)) - Storage directory /workdir/hadoop-ozone/tools/target/test-dir/MiniOzoneClusterImpl-86e53e4a-a806-4c7f-8b97-dbab00a18388/datanode-2/data/ratis/d5ae5bca-3a8d-4078-b973-f71099633d95 has been successfully formatted.
2019-10-31 11:03:01,785 [pool-47-thread-1] INFO  ratis.ContainerStateMachine (ContainerStateMachine.java:loadSnapshot(231)) - group-F71099633D95: The snapshot info is null. Setting the last applied indexto:(t:0, i:~)
2019-10-31 11:03:01,786 [pool-47-thread-1] INFO  server.RaftServerConfigKeys (ConfUtils.java:logGet(43)) - raft.server.notification.no-leader.timeout = 120s (custom)
2019-10-31 11:03:01,786 [pool-47-thread-1] INFO  server.RaftServerConfigKeys (ConfUtils.java:logGet(43)) - raft.server.log.use.memory = false (default)
2019-10-31 11:03:01,786 [pool-47-thread-1] INFO  server.RaftServerConfigKeys (ConfUtils.java:logGet(43)) - raft.server.log.purge.gap = 1000000 (custom)
2019-10-31 11:03:01,786 [pool-47-thread-1] INFO  server.RaftServerConfigKeys (ConfUtils.java:logGet(43)) - raft.server.log.appender.buffer.byte-limit = 33554432 (custom)
2019-10-31 11:03:01,787 [pool-47-thread-1] INFO  server.RaftServerConfigKeys (ConfUtils.java:logGet(43)) - raft.server.log.segment.size.max = 1048576 (custom)
2019-10-31 11:03:01,787 [pool-47-thread-1] WARN  impl.MetricRegistriesImpl (MetricRegistriesImpl.java:lambda$create$1(61)) - First MetricRegistry has been created without registering reporters. You may need to call MetricRegistries.global().addReportRegistration(...) before.
2019-10-31 11:03:01,787 [pool-47-thread-1] INFO  server.RaftServerConfigKeys (ConfUtils.java:logGet(43)) - raft.server.log.segment.cache.num.max = 2 (custom)
2019-10-31 11:03:01,787 [pool-47-thread-1] INFO  segmented.SegmentedRaftLogWorker (SegmentedRaftLogWorker.java:<init>(173)) - new 29ff7094-9c72-4db4-826b-540cf46770f6@group-F71099633D95-SegmentedRaftLogWorker for RaftStorage:Storage Directory /workdir/hadoop-ozone/tools/target/test-dir/MiniOzoneClusterImpl-86e53e4a-a806-4c7f-8b97-dbab00a18388/datanode-2/data/ratis/d5ae5bca-3a8d-4078-b973-f71099633d95
2019-10-31 11:03:01,788 [pool-47-thread-1] INFO  server.RaftServerConfigKeys (ConfUtils.java:logGet(43)) - raft.server.log.queue.byte-limit = 2147483647 (custom)
2019-10-31 11:03:01,788 [pool-47-thread-1] INFO  server.RaftServerConfigKeys (ConfUtils.java:logGet(43)) - raft.server.log.queue.element-limit = 1024 (custom)
2019-10-31 11:03:01,788 [pool-37-thread-1] INFO  server.RaftServerConfigKeys (ConfUtils.java:logGet(43)) - raft.server.snapshot.auto.trigger.enabled = true (custom)
2019-10-31 11:03:01,788 [pool-47-thread-1] INFO  server.RaftServerConfigKeys (ConfUtils.java:logGet(43)) - raft.server.log.segment.size.max = 1048576 (custom)
2019-10-31 11:03:01,788 [pool-27-thread-1] INFO  server.RaftServerConfigKeys (ConfUtils.java:logGet(43)) - raft.server.snapshot.auto.trigger.enabled = true (custom)
2019-10-31 11:03:01,788 [pool-47-thread-1] INFO  server.RaftServerConfigKeys (ConfUtils.java:logGet(43)) - raft.server.log.preallocated.size = 16384 (custom)
2019-10-31 11:03:01,789 [pool-47-thread-1] INFO  server.RaftServerConfigKeys (ConfUtils.java:logGet(43)) - raft.server.log.write.buffer.size = 33554432 (custom)
2019-10-31 11:03:01,789 [pool-47-thread-1] INFO  server.RaftServerConfigKeys (ConfUtils.java:logGet(43)) - raft.server.log.force.sync.num = 128 (default)
2019-10-31 11:03:01,790 [pool-27-thread-1] INFO  server.RaftServerConfigKeys (ConfUtils.java:logGet(43)) - raft.server.snapshot.auto.trigger.threshold = 10000 (custom)
2019-10-31 11:03:01,790 [pool-37-thread-1] INFO  server.RaftServerConfigKeys (ConfUtils.java:logGet(43)) - raft.server.snapshot.auto.trigger.threshold = 10000 (custom)
2019-10-31 11:03:01,790 [pool-47-thread-1] INFO  server.RaftServerConfigKeys (ConfUtils.java:logGet(43)) - raft.server.log.statemachine.data.sync = true (default)
2019-10-31 11:03:01,791 [pool-47-thread-1] INFO  server.RaftServerConfigKeys (ConfUtils.java:logGet(43)) - raft.server.log.statemachine.data.sync.timeout = 10s (default)
2019-10-31 11:03:01,791 [pool-27-thread-1] INFO  server.RaftServerConfigKeys (ConfUtils.java:logGet(43)) - raft.server.snapshot.retention.file.num = 5 (custom)
2019-10-31 11:03:01,791 [pool-47-thread-1] INFO  server.RaftServerConfigKeys (ConfUtils.java:logGet(43)) - raft.server.log.statemachine.data.sync.timeout.retry = -1 (default)
2019-10-31 11:03:01,791 [pool-37-thread-1] INFO  server.RaftServerConfigKeys (ConfUtils.java:logGet(43)) - raft.server.snapshot.retention.file.num = 5 (custom)
2019-10-31 11:03:01,791 [pool-47-thread-1] INFO  server.RaftServerConfigKeys (ConfUtils.java:logGet(43)) - raft.server.log.statemachine.data.caching.enabled = true (custom)
2019-10-31 11:03:01,792 [pool-27-thread-1] INFO  server.RaftServerConfigKeys (ConfUtils.java:logGet(43)) - raft.server.retrycache.expirytime = 600000ms (custom)
2019-10-31 11:03:01,792 [pool-47-thread-1] INFO  segmented.SegmentedRaftLogWorker (SegmentedRaftLogWorker.java:lambda$new$0(128)) - 29ff7094-9c72-4db4-826b-540cf46770f6@group-F71099633D95-SegmentedRaftLogWorker: flushIndex: setUnconditionally 0 -> -1
2019-10-31 11:03:01,792 [pool-37-thread-1] INFO  server.RaftServerConfigKeys (ConfUtils.java:logGet(43)) - raft.server.retrycache.expirytime = 600000ms (custom)
2019-10-31 11:03:01,792 [pool-47-thread-1] INFO  server.RaftServerConfigKeys (ConfUtils.java:logGet(43)) - raft.server.snapshot.auto.trigger.enabled = true (custom)
2019-10-31 11:03:01,793 [pool-47-thread-1] INFO  server.RaftServerConfigKeys (ConfUtils.java:logGet(43)) - raft.server.snapshot.auto.trigger.threshold = 10000 (custom)
2019-10-31 11:03:01,793 [pool-47-thread-1] INFO  server.RaftServerConfigKeys (ConfUtils.java:logGet(43)) - raft.server.snapshot.retention.file.num = 5 (custom)
2019-10-31 11:03:01,793 [pool-47-thread-1] INFO  server.RaftServerConfigKeys (ConfUtils.java:logGet(43)) - raft.server.retrycache.expirytime = 600000ms (custom)
2019-10-31 11:03:01,820 [pool-37-thread-1] WARN  impl.MetricRegistriesImpl (MetricRegistriesImpl.java:lambda$create$1(61)) - First MetricRegistry has been created without registering reporters. You may need to call MetricRegistries.global().addReportRegistration(...) before.
2019-10-31 11:03:01,820 [pool-47-thread-1] WARN  impl.MetricRegistriesImpl (MetricRegistriesImpl.java:lambda$create$1(61)) - First MetricRegistry has been created without registering reporters. You may need to call MetricRegistries.global().addReportRegistration(...) before.
2019-10-31 11:03:01,820 [pool-27-thread-1] WARN  impl.MetricRegistriesImpl (MetricRegistriesImpl.java:lambda$create$1(61)) - First MetricRegistry has been created without registering reporters. You may need to call MetricRegistries.global().addReportRegistration(...) before.
2019-10-31 11:03:01,822 [pool-37-thread-1] WARN  impl.MetricRegistriesImpl (MetricRegistriesImpl.java:lambda$create$1(61)) - First MetricRegistry has been created without registering reporters. You may need to call MetricRegistries.global().addReportRegistration(...) before.
2019-10-31 11:03:01,822 [pool-47-thread-1] WARN  impl.MetricRegistriesImpl (MetricRegistriesImpl.java:lambda$create$1(61)) - First MetricRegistry has been created without registering reporters. You may need to call MetricRegistries.global().addReportRegistration(...) before.
2019-10-31 11:03:01,822 [pool-27-thread-1] WARN  impl.MetricRegistriesImpl (MetricRegistriesImpl.java:lambda$create$1(61)) - First MetricRegistry has been created without registering reporters. You may need to call MetricRegistries.global().addReportRegistration(...) before.
2019-10-31 11:03:01,825 [pool-37-thread-1] INFO  impl.RaftServerImpl (RaftServerImpl.java:start(184)) - c920672d-bbc7-45b4-92a5-b5ae8093f450@group-7FF7D2AF49D6: start as a follower, conf=-1: [c920672d-bbc7-45b4-92a5-b5ae8093f450:192.168.34.13:35054], old=null
2019-10-31 11:03:01,825 [pool-47-thread-1] INFO  impl.RaftServerImpl (RaftServerImpl.java:start(184)) - 29ff7094-9c72-4db4-826b-540cf46770f6@group-F71099633D95: start as a follower, conf=-1: [29ff7094-9c72-4db4-826b-540cf46770f6:192.168.34.13:32774], old=null
2019-10-31 11:03:01,825 [pool-27-thread-1] INFO  impl.RaftServerImpl (RaftServerImpl.java:start(184)) - 7c5c650f-8f7d-41d0-b05b-880bea22fbf8@group-3D2604E6BE90: start as a follower, conf=-1: [7c5c650f-8f7d-41d0-b05b-880bea22fbf8:192.168.34.13:34445], old=null
2019-10-31 11:03:01,826 [pool-37-thread-1] INFO  impl.RaftServerImpl (RaftServerImpl.java:setRole(173)) - c920672d-bbc7-45b4-92a5-b5ae8093f450@group-7FF7D2AF49D6: changes role from      null to FOLLOWER at term 0 for startAsFollower
2019-10-31 11:03:01,826 [pool-47-thread-1] INFO  impl.RaftServerImpl (RaftServerImpl.java:setRole(173)) - 29ff7094-9c72-4db4-826b-540cf46770f6@group-F71099633D95: changes role from      null to FOLLOWER at term 0 for startAsFollower
2019-10-31 11:03:01,826 [pool-27-thread-1] INFO  impl.RaftServerImpl (RaftServerImpl.java:setRole(173)) - 7c5c650f-8f7d-41d0-b05b-880bea22fbf8@group-3D2604E6BE90: changes role from      null to FOLLOWER at term 0 for startAsFollower
2019-10-31 11:03:01,828 [pool-37-thread-1] INFO  impl.RoleInfo (RoleInfo.java:updateAndGet(143)) - c920672d-bbc7-45b4-92a5-b5ae8093f450: start FollowerState
2019-10-31 11:03:01,828 [pool-27-thread-1] INFO  impl.RoleInfo (RoleInfo.java:updateAndGet(143)) - 7c5c650f-8f7d-41d0-b05b-880bea22fbf8: start FollowerState
2019-10-31 11:03:01,828 [pool-47-thread-1] INFO  impl.RoleInfo (RoleInfo.java:updateAndGet(143)) - 29ff7094-9c72-4db4-826b-540cf46770f6: start FollowerState
2019-10-31 11:03:01,832 [pool-47-thread-1] INFO  util.JmxRegister (JmxRegister.java:tryRegister(44)) - Successfully registered JMX Bean with object name Ratis:service=RaftServer,group=group-F71099633D95,id=29ff7094-9c72-4db4-826b-540cf46770f6
2019-10-31 11:03:01,832 [pool-37-thread-1] INFO  util.JmxRegister (JmxRegister.java:tryRegister(44)) - Successfully registered JMX Bean with object name Ratis:service=RaftServer,group=group-7FF7D2AF49D6,id=c920672d-bbc7-45b4-92a5-b5ae8093f450
2019-10-31 11:03:01,832 [pool-27-thread-1] INFO  util.JmxRegister (JmxRegister.java:tryRegister(44)) - Successfully registered JMX Bean with object name Ratis:service=RaftServer,group=group-3D2604E6BE90,id=7c5c650f-8f7d-41d0-b05b-880bea22fbf8
2019-10-31 11:03:01,834 [pool-37-thread-1] WARN  impl.MetricRegistriesImpl (MetricRegistriesImpl.java:lambda$create$1(61)) - First MetricRegistry has been created without registering reporters. You may need to call MetricRegistries.global().addReportRegistration(...) before.
2019-10-31 11:03:01,835 [pool-47-thread-1] WARN  impl.MetricRegistriesImpl (MetricRegistriesImpl.java:lambda$create$1(61)) - First MetricRegistry has been created without registering reporters. You may need to call MetricRegistries.global().addReportRegistration(...) before.
2019-10-31 11:03:01,835 [pool-27-thread-1] WARN  impl.MetricRegistriesImpl (MetricRegistriesImpl.java:lambda$create$1(61)) - First MetricRegistry has been created without registering reporters. You may need to call MetricRegistries.global().addReportRegistration(...) before.
2019-10-31 11:03:01,867 [Command processor thread] INFO  commandhandler.CreatePipelineCommandHandler (CreatePipelineCommandHandler.java:handle(86)) - Create Pipeline RATIS ONE #id: "3d61f8d4-4f8b-41d3-8dd5-3d2604e6be90"
 command succeed on datanode 7c5c650f-8f7d-41d0-b05b-880bea22fbf8.
2019-10-31 11:03:01,867 [Command processor thread] INFO  commandhandler.CreatePipelineCommandHandler (CreatePipelineCommandHandler.java:handle(86)) - Create Pipeline RATIS ONE #id: "d5ae5bca-3a8d-4078-b973-f71099633d95"
 command succeed on datanode 29ff7094-9c72-4db4-826b-540cf46770f6.
2019-10-31 11:03:01,867 [Command processor thread] INFO  commandhandler.CreatePipelineCommandHandler (CreatePipelineCommandHandler.java:handle(86)) - Create Pipeline RATIS ONE #id: "70627df5-c366-4f93-9bd2-7ff7d2af49d6"
 command succeed on datanode c920672d-bbc7-45b4-92a5-b5ae8093f450.
2019-10-31 11:03:01,884 [Command processor thread] INFO  impl.RaftServerProxy (RaftServerProxy.java:addNew(89)) - 29ff7094-9c72-4db4-826b-540cf46770f6: addNew group-E3D2AD751D1A:[7c5c650f-8f7d-41d0-b05b-880bea22fbf8:192.168.34.13:34445, c920672d-bbc7-45b4-92a5-b5ae8093f450:192.168.34.13:35054, 29ff7094-9c72-4db4-826b-540cf46770f6:192.168.34.13:32774] returns group-E3D2AD751D1A:java.util.concurrent.CompletableFuture@f77fa52[Not completed]
2019-10-31 11:03:01,884 [Command processor thread] INFO  impl.RaftServerProxy (RaftServerProxy.java:addNew(89)) - 7c5c650f-8f7d-41d0-b05b-880bea22fbf8: addNew group-E3D2AD751D1A:[7c5c650f-8f7d-41d0-b05b-880bea22fbf8:192.168.34.13:34445, c920672d-bbc7-45b4-92a5-b5ae8093f450:192.168.34.13:35054, 29ff7094-9c72-4db4-826b-540cf46770f6:192.168.34.13:32774] returns group-E3D2AD751D1A:java.util.concurrent.CompletableFuture@3b79e8f1[Not completed]
2019-10-31 11:03:01,884 [Command processor thread] INFO  impl.RaftServerProxy (RaftServerProxy.java:addNew(89)) - c920672d-bbc7-45b4-92a5-b5ae8093f450: addNew group-E3D2AD751D1A:[7c5c650f-8f7d-41d0-b05b-880bea22fbf8:192.168.34.13:34445, c920672d-bbc7-45b4-92a5-b5ae8093f450:192.168.34.13:35054, 29ff7094-9c72-4db4-826b-540cf46770f6:192.168.34.13:32774] returns group-E3D2AD751D1A:java.util.concurrent.CompletableFuture@5a3c72fe[Not completed]
2019-10-31 11:03:01,890 [pool-27-thread-1] INFO  impl.RaftServerImpl (RaftServerImpl.java:<init>(98)) - 7c5c650f-8f7d-41d0-b05b-880bea22fbf8: new RaftServerImpl for group-E3D2AD751D1A:[7c5c650f-8f7d-41d0-b05b-880bea22fbf8:192.168.34.13:34445, c920672d-bbc7-45b4-92a5-b5ae8093f450:192.168.34.13:35054, 29ff7094-9c72-4db4-826b-540cf46770f6:192.168.34.13:32774] with ContainerStateMachine:uninitialized
2019-10-31 11:03:01,890 [pool-27-thread-1] INFO  server.RaftServerConfigKeys (ConfUtils.java:logGet(43)) - raft.server.rpc.timeout.min = 5s (custom)
2019-10-31 11:03:01,891 [pool-27-thread-1] INFO  server.RaftServerConfigKeys (ConfUtils.java:logGet(43)) - raft.server.rpc.timeout.max = 5200ms (custom)
2019-10-31 11:03:01,891 [pool-27-thread-1] INFO  server.RaftServerConfigKeys (ConfUtils.java:logGet(43)) - raft.server.rpcslowness.timeout = 120s (custom)
2019-10-31 11:03:01,891 [pool-27-thread-1] INFO  server.RaftServerConfigKeys (ConfUtils.java:logGet(43)) - raft.server.sleep.deviation.threshold = 300 (default)
2019-10-31 11:03:01,891 [pool-27-thread-1] INFO  server.RaftServerConfigKeys (ConfUtils.java:logGet(43)) - raft.server.log.appender.install.snapshot.enabled = false (custom)
2019-10-31 11:03:01,891 [pool-27-thread-1] INFO  impl.RaftServerImpl (ServerState.java:<init>(103)) - 7c5c650f-8f7d-41d0-b05b-880bea22fbf8@group-E3D2AD751D1A: ConfigurationManager, init=-1: [7c5c650f-8f7d-41d0-b05b-880bea22fbf8:192.168.34.13:34445, c920672d-bbc7-45b4-92a5-b5ae8093f450:192.168.34.13:35054, 29ff7094-9c72-4db4-826b-540cf46770f6:192.168.34.13:32774], old=null, confs=<EMPTY_MAP>
2019-10-31 11:03:01,892 [pool-27-thread-1] INFO  server.RaftServerConfigKeys (ConfUtils.java:logGet(43)) - raft.server.storage.dir = [/workdir/hadoop-ozone/tools/target/test-dir/MiniOzoneClusterImpl-86e53e4a-a806-4c7f-8b97-dbab00a18388/datanode-0/data/ratis] (custom)
2019-10-31 11:03:01,892 [pool-47-thread-1] INFO  impl.RaftServerImpl (RaftServerImpl.java:<init>(98)) - 29ff7094-9c72-4db4-826b-540cf46770f6: new RaftServerImpl for group-E3D2AD751D1A:[7c5c650f-8f7d-41d0-b05b-880bea22fbf8:192.168.34.13:34445, c920672d-bbc7-45b4-92a5-b5ae8093f450:192.168.34.13:35054, 29ff7094-9c72-4db4-826b-540cf46770f6:192.168.34.13:32774] with ContainerStateMachine:uninitialized
2019-10-31 11:03:01,892 [pool-27-thread-1] INFO  server.RaftServerConfigKeys (ConfUtils.java:logGet(43)) - raft.server.log.corruption.policy = EXCEPTION (default)
2019-10-31 11:03:01,892 [pool-47-thread-1] INFO  server.RaftServerConfigKeys (ConfUtils.java:logGet(43)) - raft.server.rpc.timeout.min = 5s (custom)
2019-10-31 11:03:01,892 [pool-27-thread-1] INFO  storage.RaftStorageDirectory (RaftStorageDirectory.java:analyzeStorage(246)) - The storage directory /workdir/hadoop-ozone/tools/target/test-dir/MiniOzoneClusterImpl-86e53e4a-a806-4c7f-8b97-dbab00a18388/datanode-0/data/ratis/4401cc43-bbc3-424a-8617-e3d2ad751d1a does not exist. Creating ...
2019-10-31 11:03:01,893 [pool-47-thread-1] INFO  server.RaftServerConfigKeys (ConfUtils.java:logGet(43)) - raft.server.rpc.timeout.max = 5200ms (custom)
2019-10-31 11:03:01,893 [pool-37-thread-1] INFO  impl.RaftServerImpl (RaftServerImpl.java:<init>(98)) - c920672d-bbc7-45b4-92a5-b5ae8093f450: new RaftServerImpl for group-E3D2AD751D1A:[7c5c650f-8f7d-41d0-b05b-880bea22fbf8:192.168.34.13:34445, c920672d-bbc7-45b4-92a5-b5ae8093f450:192.168.34.13:35054, 29ff7094-9c72-4db4-826b-540cf46770f6:192.168.34.13:32774] with ContainerStateMachine:uninitialized
2019-10-31 11:03:01,893 [pool-47-thread-1] INFO  server.RaftServerConfigKeys (ConfUtils.java:logGet(43)) - raft.server.rpcslowness.timeout = 120s (custom)
2019-10-31 11:03:01,893 [pool-37-thread-1] INFO  server.RaftServerConfigKeys (ConfUtils.java:logGet(43)) - raft.server.rpc.timeout.min = 5s (custom)
2019-10-31 11:03:01,893 [pool-47-thread-1] INFO  server.RaftServerConfigKeys (ConfUtils.java:logGet(43)) - raft.server.sleep.deviation.threshold = 300 (default)
2019-10-31 11:03:01,893 [pool-37-thread-1] INFO  server.RaftServerConfigKeys (ConfUtils.java:logGet(43)) - raft.server.rpc.timeout.max = 5200ms (custom)
2019-10-31 11:03:01,893 [pool-47-thread-1] INFO  server.RaftServerConfigKeys (ConfUtils.java:logGet(43)) - raft.server.log.appender.install.snapshot.enabled = false (custom)
2019-10-31 11:03:01,894 [pool-37-thread-1] INFO  server.RaftServerConfigKeys (ConfUtils.java:logGet(43)) - raft.server.rpcslowness.timeout = 120s (custom)
2019-10-31 11:03:01,894 [pool-37-thread-1] INFO  server.RaftServerConfigKeys (ConfUtils.java:logGet(43)) - raft.server.sleep.deviation.threshold = 300 (default)
2019-10-31 11:03:01,894 [pool-47-thread-1] INFO  impl.RaftServerImpl (ServerState.java:<init>(103)) - 29ff7094-9c72-4db4-826b-540cf46770f6@group-E3D2AD751D1A: ConfigurationManager, init=-1: [7c5c650f-8f7d-41d0-b05b-880bea22fbf8:192.168.34.13:34445, c920672d-bbc7-45b4-92a5-b5ae8093f450:192.168.34.13:35054, 29ff7094-9c72-4db4-826b-540cf46770f6:192.168.34.13:32774], old=null, confs=<EMPTY_MAP>
2019-10-31 11:03:01,894 [pool-37-thread-1] INFO  server.RaftServerConfigKeys (ConfUtils.java:logGet(43)) - raft.server.log.appender.install.snapshot.enabled = false (custom)
2019-10-31 11:03:01,894 [pool-37-thread-1] INFO  impl.RaftServerImpl (ServerState.java:<init>(103)) - c920672d-bbc7-45b4-92a5-b5ae8093f450@group-E3D2AD751D1A: ConfigurationManager, init=-1: [7c5c650f-8f7d-41d0-b05b-880bea22fbf8:192.168.34.13:34445, c920672d-bbc7-45b4-92a5-b5ae8093f450:192.168.34.13:35054, 29ff7094-9c72-4db4-826b-540cf46770f6:192.168.34.13:32774], old=null, confs=<EMPTY_MAP>
2019-10-31 11:03:01,894 [pool-47-thread-1] INFO  server.RaftServerConfigKeys (ConfUtils.java:logGet(43)) - raft.server.storage.dir = [/workdir/hadoop-ozone/tools/target/test-dir/MiniOzoneClusterImpl-86e53e4a-a806-4c7f-8b97-dbab00a18388/datanode-2/data/ratis] (custom)
2019-10-31 11:03:01,895 [pool-37-thread-1] INFO  server.RaftServerConfigKeys (ConfUtils.java:logGet(43)) - raft.server.storage.dir = [/workdir/hadoop-ozone/tools/target/test-dir/MiniOzoneClusterImpl-86e53e4a-a806-4c7f-8b97-dbab00a18388/datanode-1/data/ratis] (custom)
2019-10-31 11:03:01,895 [pool-37-thread-1] INFO  server.RaftServerConfigKeys (ConfUtils.java:logGet(43)) - raft.server.log.corruption.policy = EXCEPTION (default)
2019-10-31 11:03:01,895 [pool-47-thread-1] INFO  server.RaftServerConfigKeys (ConfUtils.java:logGet(43)) - raft.server.log.corruption.policy = EXCEPTION (default)
2019-10-31 11:03:01,895 [pool-37-thread-1] INFO  storage.RaftStorageDirectory (RaftStorageDirectory.java:analyzeStorage(246)) - The storage directory /workdir/hadoop-ozone/tools/target/test-dir/MiniOzoneClusterImpl-86e53e4a-a806-4c7f-8b97-dbab00a18388/datanode-1/data/ratis/4401cc43-bbc3-424a-8617-e3d2ad751d1a does not exist. Creating ...
2019-10-31 11:03:01,895 [pool-47-thread-1] INFO  storage.RaftStorageDirectory (RaftStorageDirectory.java:analyzeStorage(246)) - The storage directory /workdir/hadoop-ozone/tools/target/test-dir/MiniOzoneClusterImpl-86e53e4a-a806-4c7f-8b97-dbab00a18388/datanode-2/data/ratis/4401cc43-bbc3-424a-8617-e3d2ad751d1a does not exist. Creating ...
2019-10-31 11:03:01,896 [pool-27-thread-1] INFO  storage.RaftStorageDirectory (RaftStorageDirectory.java:tryLock(328)) - Lock on /workdir/hadoop-ozone/tools/target/test-dir/MiniOzoneClusterImpl-86e53e4a-a806-4c7f-8b97-dbab00a18388/datanode-0/data/ratis/4401cc43-bbc3-424a-8617-e3d2ad751d1a/in_use.lock acquired by nodename 26299@pr-hdds-2034-ldlpc-1546634455
2019-10-31 11:03:01,901 [pool-37-thread-1] INFO  storage.RaftStorageDirectory (RaftStorageDirectory.java:tryLock(328)) - Lock on /workdir/hadoop-ozone/tools/target/test-dir/MiniOzoneClusterImpl-86e53e4a-a806-4c7f-8b97-dbab00a18388/datanode-1/data/ratis/4401cc43-bbc3-424a-8617-e3d2ad751d1a/in_use.lock acquired by nodename 26299@pr-hdds-2034-ldlpc-1546634455
2019-10-31 11:03:01,901 [pool-27-thread-1] INFO  storage.RaftStorage (RaftStorage.java:format(84)) - Storage directory /workdir/hadoop-ozone/tools/target/test-dir/MiniOzoneClusterImpl-86e53e4a-a806-4c7f-8b97-dbab00a18388/datanode-0/data/ratis/4401cc43-bbc3-424a-8617-e3d2ad751d1a has been successfully formatted.
2019-10-31 11:03:01,901 [pool-47-thread-1] INFO  storage.RaftStorageDirectory (RaftStorageDirectory.java:tryLock(328)) - Lock on /workdir/hadoop-ozone/tools/target/test-dir/MiniOzoneClusterImpl-86e53e4a-a806-4c7f-8b97-dbab00a18388/datanode-2/data/ratis/4401cc43-bbc3-424a-8617-e3d2ad751d1a/in_use.lock acquired by nodename 26299@pr-hdds-2034-ldlpc-1546634455
2019-10-31 11:03:01,904 [pool-27-thread-1] INFO  ratis.ContainerStateMachine (ContainerStateMachine.java:loadSnapshot(231)) - group-E3D2AD751D1A: The snapshot info is null. Setting the last applied indexto:(t:0, i:~)
2019-10-31 11:03:01,905 [pool-27-thread-1] INFO  server.RaftServerConfigKeys (ConfUtils.java:logGet(43)) - raft.server.notification.no-leader.timeout = 120s (custom)
2019-10-31 11:03:01,905 [pool-27-thread-1] INFO  server.RaftServerConfigKeys (ConfUtils.java:logGet(43)) - raft.server.log.use.memory = false (default)
2019-10-31 11:03:01,905 [pool-27-thread-1] INFO  server.RaftServerConfigKeys (ConfUtils.java:logGet(43)) - raft.server.log.purge.gap = 1000000 (custom)
2019-10-31 11:03:01,905 [pool-27-thread-1] INFO  server.RaftServerConfigKeys (ConfUtils.java:logGet(43)) - raft.server.log.appender.buffer.byte-limit = 33554432 (custom)
2019-10-31 11:03:01,906 [pool-27-thread-1] INFO  server.RaftServerConfigKeys (ConfUtils.java:logGet(43)) - raft.server.log.segment.size.max = 1048576 (custom)
2019-10-31 11:03:01,906 [pool-27-thread-1] INFO  server.RaftServerConfigKeys (ConfUtils.java:logGet(43)) - raft.server.log.segment.cache.num.max = 2 (custom)
2019-10-31 11:03:01,906 [pool-27-thread-1] INFO  segmented.SegmentedRaftLogWorker (SegmentedRaftLogWorker.java:<init>(173)) - new 7c5c650f-8f7d-41d0-b05b-880bea22fbf8@group-E3D2AD751D1A-SegmentedRaftLogWorker for RaftStorage:Storage Directory /workdir/hadoop-ozone/tools/target/test-dir/MiniOzoneClusterImpl-86e53e4a-a806-4c7f-8b97-dbab00a18388/datanode-0/data/ratis/4401cc43-bbc3-424a-8617-e3d2ad751d1a
2019-10-31 11:03:01,906 [EventQueue-PipelineReportForPipelineReportHandler] INFO  pipeline.PipelineReportHandler (PipelineReportHandler.java:processPipelineReport(104)) - Pipeline ONE PipelineID=d5ae5bca-3a8d-4078-b973-f71099633d95 reported by 29ff7094-9c72-4db4-826b-540cf46770f6{ip: 192.168.34.13, host: pr-hdds-2034-ldlpc-1546634455, networkLocation: /default-rack, certSerialId: null}
2019-10-31 11:03:01,907 [pool-27-thread-1] INFO  server.RaftServerConfigKeys (ConfUtils.java:logGet(43)) - raft.server.log.queue.byte-limit = 2147483647 (custom)
2019-10-31 11:03:01,907 [pool-27-thread-1] INFO  server.RaftServerConfigKeys (ConfUtils.java:logGet(43)) - raft.server.log.queue.element-limit = 1024 (custom)
2019-10-31 11:03:01,908 [pool-27-thread-1] INFO  server.RaftServerConfigKeys (ConfUtils.java:logGet(43)) - raft.server.log.segment.size.max = 1048576 (custom)
2019-10-31 11:03:01,908 [pool-27-thread-1] INFO  server.RaftServerConfigKeys (ConfUtils.java:logGet(43)) - raft.server.log.preallocated.size = 16384 (custom)
2019-10-31 11:03:01,908 [pool-27-thread-1] INFO  server.RaftServerConfigKeys (ConfUtils.java:logGet(43)) - raft.server.log.write.buffer.size = 33554432 (custom)
2019-10-31 11:03:01,908 [pool-27-thread-1] INFO  server.RaftServerConfigKeys (ConfUtils.java:logGet(43)) - raft.server.log.force.sync.num = 128 (default)
2019-10-31 11:03:01,908 [EventQueue-PipelineReportForPipelineReportHandler] INFO  pipeline.PipelineStateManager (PipelineStateManager.java:openPipeline(134)) - Pipeline Pipeline[ Id: d5ae5bca-3a8d-4078-b973-f71099633d95, Nodes: 29ff7094-9c72-4db4-826b-540cf46770f6{ip: 192.168.34.13, host: pr-hdds-2034-ldlpc-1546634455, networkLocation: /default-rack, certSerialId: null}, Type:RATIS, Factor:ONE, State:ALLOCATED] moved to OPEN state
2019-10-31 11:03:01,909 [pool-27-thread-1] INFO  server.RaftServerConfigKeys (ConfUtils.java:logGet(43)) - raft.server.log.statemachine.data.sync = true (default)
2019-10-31 11:03:01,909 [pool-27-thread-1] INFO  server.RaftServerConfigKeys (ConfUtils.java:logGet(43)) - raft.server.log.statemachine.data.sync.timeout = 10s (default)
2019-10-31 11:03:01,909 [pool-27-thread-1] INFO  server.RaftServerConfigKeys (ConfUtils.java:logGet(43)) - raft.server.log.statemachine.data.sync.timeout.retry = -1 (default)
2019-10-31 11:03:01,910 [pool-27-thread-1] INFO  server.RaftServerConfigKeys (ConfUtils.java:logGet(43)) - raft.server.log.statemachine.data.caching.enabled = true (custom)
2019-10-31 11:03:01,911 [pool-27-thread-1] INFO  segmented.SegmentedRaftLogWorker (SegmentedRaftLogWorker.java:lambda$new$0(128)) - 7c5c650f-8f7d-41d0-b05b-880bea22fbf8@group-E3D2AD751D1A-SegmentedRaftLogWorker: flushIndex: setUnconditionally 0 -> -1
2019-10-31 11:03:01,912 [EventQueue-OpenPipelineForHealthyPipelineSafeModeRule] INFO  safemode.SCMSafeModeManager (HealthyPipelineSafeModeRule.java:process(125)) - SCM in safe mode. Healthy pipelines reported count is 0, required healthy pipeline reported count is 1
2019-10-31 11:03:01,912 [pool-27-thread-1] INFO  server.RaftServerConfigKeys (ConfUtils.java:logGet(43)) - raft.server.snapshot.auto.trigger.enabled = true (custom)
2019-10-31 11:03:01,912 [EventQueue-OpenPipelineForOneReplicaPipelineSafeModeRule] INFO  safemode.SCMSafeModeManager (SCMSafeModeManager.java:validateSafeModeExitRules(176)) - AtleastOneDatanodeReportedRule rule is successfully validated
2019-10-31 11:03:01,912 [EventQueue-PipelineReportForPipelineReportHandler] INFO  pipeline.PipelineReportHandler (PipelineReportHandler.java:processPipelineReport(104)) - Pipeline ONE PipelineID=3d61f8d4-4f8b-41d3-8dd5-3d2604e6be90 reported by 7c5c650f-8f7d-41d0-b05b-880bea22fbf8{ip: 192.168.34.13, host: pr-hdds-2034-ldlpc-1546634455, networkLocation: /default-rack, certSerialId: null}
2019-10-31 11:03:01,912 [pool-27-thread-1] INFO  server.RaftServerConfigKeys (ConfUtils.java:logGet(43)) - raft.server.snapshot.auto.trigger.threshold = 10000 (custom)
2019-10-31 11:03:01,912 [EventQueue-PipelineReportForPipelineReportHandler] INFO  pipeline.PipelineStateManager (PipelineStateManager.java:openPipeline(134)) - Pipeline Pipeline[ Id: 3d61f8d4-4f8b-41d3-8dd5-3d2604e6be90, Nodes: 7c5c650f-8f7d-41d0-b05b-880bea22fbf8{ip: 192.168.34.13, host: pr-hdds-2034-ldlpc-1546634455, networkLocation: /default-rack, certSerialId: null}, Type:RATIS, Factor:ONE, State:ALLOCATED] moved to OPEN state
2019-10-31 11:03:01,913 [pool-27-thread-1] INFO  server.RaftServerConfigKeys (ConfUtils.java:logGet(43)) - raft.server.snapshot.retention.file.num = 5 (custom)
2019-10-31 11:03:01,913 [EventQueue-OpenPipelineForHealthyPipelineSafeModeRule] INFO  safemode.SCMSafeModeManager (HealthyPipelineSafeModeRule.java:process(125)) - SCM in safe mode. Healthy pipelines reported count is 0, required healthy pipeline reported count is 1
2019-10-31 11:03:01,913 [pool-27-thread-1] INFO  server.RaftServerConfigKeys (ConfUtils.java:logGet(43)) - raft.server.retrycache.expirytime = 600000ms (custom)
2019-10-31 11:03:01,913 [EventQueue-OpenPipelineForOneReplicaPipelineSafeModeRule] INFO  safemode.SCMSafeModeManager (SCMSafeModeManager.java:validateSafeModeExitRules(176)) - AtleastOneDatanodeReportedRule rule is successfully validated
2019-10-31 11:03:01,913 [EventQueue-PipelineReportForPipelineReportHandler] INFO  pipeline.PipelineReportHandler (PipelineReportHandler.java:processPipelineReport(104)) - Pipeline ONE PipelineID=70627df5-c366-4f93-9bd2-7ff7d2af49d6 reported by c920672d-bbc7-45b4-92a5-b5ae8093f450{ip: 192.168.34.13, host: pr-hdds-2034-ldlpc-1546634455, networkLocation: /default-rack, certSerialId: null}
2019-10-31 11:03:01,913 [pool-27-thread-1] WARN  impl.MetricRegistriesImpl (MetricRegistriesImpl.java:lambda$create$1(61)) - First MetricRegistry has been created without registering reporters. You may need to call MetricRegistries.global().addReportRegistration(...) before.
2019-10-31 11:03:01,914 [EventQueue-PipelineReportForPipelineReportHandler] INFO  pipeline.PipelineStateManager (PipelineStateManager.java:openPipeline(134)) - Pipeline Pipeline[ Id: 70627df5-c366-4f93-9bd2-7ff7d2af49d6, Nodes: c920672d-bbc7-45b4-92a5-b5ae8093f450{ip: 192.168.34.13, host: pr-hdds-2034-ldlpc-1546634455, networkLocation: /default-rack, certSerialId: null}, Type:RATIS, Factor:ONE, State:ALLOCATED] moved to OPEN state
2019-10-31 11:03:01,914 [pool-27-thread-1] WARN  impl.MetricRegistriesImpl (MetricRegistriesImpl.java:lambda$create$1(61)) - First MetricRegistry has been created without registering reporters. You may need to call MetricRegistries.global().addReportRegistration(...) before.
2019-10-31 11:03:01,914 [EventQueue-OpenPipelineForOneReplicaPipelineSafeModeRule] INFO  safemode.SCMSafeModeManager (SCMSafeModeManager.java:validateSafeModeExitRules(176)) - AtleastOneDatanodeReportedRule rule is successfully validated
2019-10-31 11:03:01,914 [EventQueue-OpenPipelineForHealthyPipelineSafeModeRule] INFO  safemode.SCMSafeModeManager (HealthyPipelineSafeModeRule.java:process(125)) - SCM in safe mode. Healthy pipelines reported count is 0, required healthy pipeline reported count is 1
2019-10-31 11:03:01,915 [pool-27-thread-1] INFO  impl.RaftServerImpl (RaftServerImpl.java:start(184)) - 7c5c650f-8f7d-41d0-b05b-880bea22fbf8@group-E3D2AD751D1A: start as a follower, conf=-1: [7c5c650f-8f7d-41d0-b05b-880bea22fbf8:192.168.34.13:34445, c920672d-bbc7-45b4-92a5-b5ae8093f450:192.168.34.13:35054, 29ff7094-9c72-4db4-826b-540cf46770f6:192.168.34.13:32774], old=null
2019-10-31 11:03:01,915 [pool-27-thread-1] INFO  impl.RaftServerImpl (RaftServerImpl.java:setRole(173)) - 7c5c650f-8f7d-41d0-b05b-880bea22fbf8@group-E3D2AD751D1A: changes role from      null to FOLLOWER at term 0 for startAsFollower
2019-10-31 11:03:01,915 [pool-27-thread-1] INFO  impl.RoleInfo (RoleInfo.java:updateAndGet(143)) - 7c5c650f-8f7d-41d0-b05b-880bea22fbf8: start FollowerState
2019-10-31 11:03:01,916 [pool-27-thread-1] INFO  util.JmxRegister (JmxRegister.java:tryRegister(44)) - Successfully registered JMX Bean with object name Ratis:service=RaftServer,group=group-E3D2AD751D1A,id=7c5c650f-8f7d-41d0-b05b-880bea22fbf8
2019-10-31 11:03:01,916 [pool-27-thread-1] WARN  impl.MetricRegistriesImpl (MetricRegistriesImpl.java:lambda$create$1(61)) - First MetricRegistry has been created without registering reporters. You may need to call MetricRegistries.global().addReportRegistration(...) before.
2019-10-31 11:03:01,917 [Command processor thread] INFO  commandhandler.CreatePipelineCommandHandler (CreatePipelineCommandHandler.java:handle(86)) - Create Pipeline RATIS THREE #id: "4401cc43-bbc3-424a-8617-e3d2ad751d1a"
 command succeed on datanode 7c5c650f-8f7d-41d0-b05b-880bea22fbf8.
2019-10-31 11:03:01,919 [EventQueue-PipelineReportForPipelineReportHandler] INFO  pipeline.PipelineReportHandler (PipelineReportHandler.java:processPipelineReport(104)) - Pipeline THREE PipelineID=4401cc43-bbc3-424a-8617-e3d2ad751d1a reported by 7c5c650f-8f7d-41d0-b05b-880bea22fbf8{ip: 192.168.34.13, host: pr-hdds-2034-ldlpc-1546634455, networkLocation: /default-rack, certSerialId: null}
2019-10-31 11:03:01,920 [EventQueue-OpenPipelineForOneReplicaPipelineSafeModeRule] INFO  safemode.SCMSafeModeManager (SCMSafeModeManager.java:validateSafeModeExitRules(176)) - AtleastOneDatanodeReportedRule rule is successfully validated
2019-10-31 11:03:01,920 [EventQueue-OpenPipelineForHealthyPipelineSafeModeRule] INFO  safemode.SCMSafeModeManager (HealthyPipelineSafeModeRule.java:process(125)) - SCM in safe mode. Healthy pipelines reported count is 1, required healthy pipeline reported count is 1
2019-10-31 11:03:01,920 [EventQueue-OpenPipelineForHealthyPipelineSafeModeRule] INFO  safemode.SCMSafeModeManager (SCMSafeModeManager.java:validateSafeModeExitRules(176)) - HealthyPipelineSafeModeRule rule is successfully validated
2019-10-31 11:03:01,920 [pool-47-thread-1] INFO  storage.RaftStorage (RaftStorage.java:format(84)) - Storage directory /workdir/hadoop-ozone/tools/target/test-dir/MiniOzoneClusterImpl-86e53e4a-a806-4c7f-8b97-dbab00a18388/datanode-2/data/ratis/4401cc43-bbc3-424a-8617-e3d2ad751d1a has been successfully formatted.
2019-10-31 11:03:01,920 [pool-37-thread-1] INFO  storage.RaftStorage (RaftStorage.java:format(84)) - Storage directory /workdir/hadoop-ozone/tools/target/test-dir/MiniOzoneClusterImpl-86e53e4a-a806-4c7f-8b97-dbab00a18388/datanode-1/data/ratis/4401cc43-bbc3-424a-8617-e3d2ad751d1a has been successfully formatted.
2019-10-31 11:03:01,920 [EventQueue-OpenPipelineForHealthyPipelineSafeModeRule] INFO  safemode.SCMSafeModeManager (SCMSafeModeManager.java:validateSafeModeExitRules(185)) - ScmSafeModeManager, all rules are successfully validated
2019-10-31 11:03:01,921 [pool-47-thread-1] INFO  ratis.ContainerStateMachine (ContainerStateMachine.java:loadSnapshot(231)) - group-E3D2AD751D1A: The snapshot info is null. Setting the last applied indexto:(t:0, i:~)
2019-10-31 11:03:01,921 [EventQueue-OpenPipelineForHealthyPipelineSafeModeRule] INFO  safemode.SCMSafeModeManager (SCMSafeModeManager.java:exitSafeMode(201)) - SCM exiting safe mode.
2019-10-31 11:03:01,921 [pool-37-thread-1] INFO  ratis.ContainerStateMachine (ContainerStateMachine.java:loadSnapshot(231)) - group-E3D2AD751D1A: The snapshot info is null. Setting the last applied indexto:(t:0, i:~)
2019-10-31 11:03:01,921 [pool-47-thread-1] INFO  server.RaftServerConfigKeys (ConfUtils.java:logGet(43)) - raft.server.notification.no-leader.timeout = 120s (custom)
2019-10-31 11:03:01,921 [pool-37-thread-1] INFO  server.RaftServerConfigKeys (ConfUtils.java:logGet(43)) - raft.server.notification.no-leader.timeout = 120s (custom)
2019-10-31 11:03:01,922 [pool-47-thread-1] INFO  server.RaftServerConfigKeys (ConfUtils.java:logGet(43)) - raft.server.log.use.memory = false (default)
2019-10-31 11:03:01,922 [pool-37-thread-1] INFO  server.RaftServerConfigKeys (ConfUtils.java:logGet(43)) - raft.server.log.use.memory = false (default)
2019-10-31 11:03:01,922 [pool-47-thread-1] INFO  server.RaftServerConfigKeys (ConfUtils.java:logGet(43)) - raft.server.log.purge.gap = 1000000 (custom)
2019-10-31 11:03:01,922 [pool-37-thread-1] INFO  server.RaftServerConfigKeys (ConfUtils.java:logGet(43)) - raft.server.log.purge.gap = 1000000 (custom)
2019-10-31 11:03:01,922 [pool-47-thread-1] INFO  server.RaftServerConfigKeys (ConfUtils.java:logGet(43)) - raft.server.log.appender.buffer.byte-limit = 33554432 (custom)
2019-10-31 11:03:01,922 [pool-37-thread-1] INFO  server.RaftServerConfigKeys (ConfUtils.java:logGet(43)) - raft.server.log.appender.buffer.byte-limit = 33554432 (custom)
2019-10-31 11:03:01,922 [pool-47-thread-1] INFO  server.RaftServerConfigKeys (ConfUtils.java:logGet(43)) - raft.server.log.segment.size.max = 1048576 (custom)
2019-10-31 11:03:01,922 [pool-37-thread-1] INFO  server.RaftServerConfigKeys (ConfUtils.java:logGet(43)) - raft.server.log.segment.size.max = 1048576 (custom)
2019-10-31 11:03:01,923 [pool-47-thread-1] INFO  server.RaftServerConfigKeys (ConfUtils.java:logGet(43)) - raft.server.log.segment.cache.num.max = 2 (custom)
2019-10-31 11:03:01,923 [pool-37-thread-1] INFO  server.RaftServerConfigKeys (ConfUtils.java:logGet(43)) - raft.server.log.segment.cache.num.max = 2 (custom)
2019-10-31 11:03:01,923 [pool-47-thread-1] INFO  segmented.SegmentedRaftLogWorker (SegmentedRaftLogWorker.java:<init>(173)) - new 29ff7094-9c72-4db4-826b-540cf46770f6@group-E3D2AD751D1A-SegmentedRaftLogWorker for RaftStorage:Storage Directory /workdir/hadoop-ozone/tools/target/test-dir/MiniOzoneClusterImpl-86e53e4a-a806-4c7f-8b97-dbab00a18388/datanode-2/data/ratis/4401cc43-bbc3-424a-8617-e3d2ad751d1a
2019-10-31 11:03:01,923 [pool-37-thread-1] INFO  segmented.SegmentedRaftLogWorker (SegmentedRaftLogWorker.java:<init>(173)) - new c920672d-bbc7-45b4-92a5-b5ae8093f450@group-E3D2AD751D1A-SegmentedRaftLogWorker for RaftStorage:Storage Directory /workdir/hadoop-ozone/tools/target/test-dir/MiniOzoneClusterImpl-86e53e4a-a806-4c7f-8b97-dbab00a18388/datanode-1/data/ratis/4401cc43-bbc3-424a-8617-e3d2ad751d1a
2019-10-31 11:03:01,923 [pool-47-thread-1] INFO  server.RaftServerConfigKeys (ConfUtils.java:logGet(43)) - raft.server.log.queue.byte-limit = 2147483647 (custom)
2019-10-31 11:03:01,923 [pool-37-thread-1] INFO  server.RaftServerConfigKeys (ConfUtils.java:logGet(43)) - raft.server.log.queue.byte-limit = 2147483647 (custom)
2019-10-31 11:03:01,923 [pool-47-thread-1] INFO  server.RaftServerConfigKeys (ConfUtils.java:logGet(43)) - raft.server.log.queue.element-limit = 1024 (custom)
2019-10-31 11:03:01,923 [pool-37-thread-1] INFO  server.RaftServerConfigKeys (ConfUtils.java:logGet(43)) - raft.server.log.queue.element-limit = 1024 (custom)
2019-10-31 11:03:01,923 [pool-47-thread-1] INFO  server.RaftServerConfigKeys (ConfUtils.java:logGet(43)) - raft.server.log.segment.size.max = 1048576 (custom)
2019-10-31 11:03:01,924 [pool-37-thread-1] INFO  server.RaftServerConfigKeys (ConfUtils.java:logGet(43)) - raft.server.log.segment.size.max = 1048576 (custom)
2019-10-31 11:03:01,924 [pool-47-thread-1] INFO  server.RaftServerConfigKeys (ConfUtils.java:logGet(43)) - raft.server.log.preallocated.size = 16384 (custom)
2019-10-31 11:03:01,924 [pool-37-thread-1] INFO  server.RaftServerConfigKeys (ConfUtils.java:logGet(43)) - raft.server.log.preallocated.size = 16384 (custom)
2019-10-31 11:03:01,924 [pool-47-thread-1] INFO  server.RaftServerConfigKeys (ConfUtils.java:logGet(43)) - raft.server.log.write.buffer.size = 33554432 (custom)
2019-10-31 11:03:01,924 [pool-37-thread-1] INFO  server.RaftServerConfigKeys (ConfUtils.java:logGet(43)) - raft.server.log.write.buffer.size = 33554432 (custom)
2019-10-31 11:03:01,924 [pool-47-thread-1] INFO  server.RaftServerConfigKeys (ConfUtils.java:logGet(43)) - raft.server.log.force.sync.num = 128 (default)
2019-10-31 11:03:01,924 [pool-37-thread-1] INFO  server.RaftServerConfigKeys (ConfUtils.java:logGet(43)) - raft.server.log.force.sync.num = 128 (default)
2019-10-31 11:03:01,925 [pool-47-thread-1] INFO  server.RaftServerConfigKeys (ConfUtils.java:logGet(43)) - raft.server.log.statemachine.data.sync = true (default)
2019-10-31 11:03:01,925 [pool-37-thread-1] INFO  server.RaftServerConfigKeys (ConfUtils.java:logGet(43)) - raft.server.log.statemachine.data.sync = true (default)
2019-10-31 11:03:01,925 [pool-47-thread-1] INFO  server.RaftServerConfigKeys (ConfUtils.java:logGet(43)) - raft.server.log.statemachine.data.sync.timeout = 10s (default)
2019-10-31 11:03:01,925 [pool-37-thread-1] INFO  server.RaftServerConfigKeys (ConfUtils.java:logGet(43)) - raft.server.log.statemachine.data.sync.timeout = 10s (default)
2019-10-31 11:03:01,925 [pool-47-thread-1] INFO  server.RaftServerConfigKeys (ConfUtils.java:logGet(43)) - raft.server.log.statemachine.data.sync.timeout.retry = -1 (default)
2019-10-31 11:03:01,925 [pool-37-thread-1] INFO  server.RaftServerConfigKeys (ConfUtils.java:logGet(43)) - raft.server.log.statemachine.data.sync.timeout.retry = -1 (default)
2019-10-31 11:03:01,925 [pool-47-thread-1] INFO  server.RaftServerConfigKeys (ConfUtils.java:logGet(43)) - raft.server.log.statemachine.data.caching.enabled = true (custom)
2019-10-31 11:03:01,925 [pool-37-thread-1] INFO  server.RaftServerConfigKeys (ConfUtils.java:logGet(43)) - raft.server.log.statemachine.data.caching.enabled = true (custom)
2019-10-31 11:03:01,926 [pool-47-thread-1] INFO  segmented.SegmentedRaftLogWorker (SegmentedRaftLogWorker.java:lambda$new$0(128)) - 29ff7094-9c72-4db4-826b-540cf46770f6@group-E3D2AD751D1A-SegmentedRaftLogWorker: flushIndex: setUnconditionally 0 -> -1
2019-10-31 11:03:01,926 [pool-37-thread-1] INFO  segmented.SegmentedRaftLogWorker (SegmentedRaftLogWorker.java:lambda$new$0(128)) - c920672d-bbc7-45b4-92a5-b5ae8093f450@group-E3D2AD751D1A-SegmentedRaftLogWorker: flushIndex: setUnconditionally 0 -> -1
2019-10-31 11:03:01,926 [pool-47-thread-1] INFO  server.RaftServerConfigKeys (ConfUtils.java:logGet(43)) - raft.server.snapshot.auto.trigger.enabled = true (custom)
2019-10-31 11:03:01,926 [pool-47-thread-1] INFO  server.RaftServerConfigKeys (ConfUtils.java:logGet(43)) - raft.server.snapshot.auto.trigger.threshold = 10000 (custom)
2019-10-31 11:03:01,926 [pool-37-thread-1] INFO  server.RaftServerConfigKeys (ConfUtils.java:logGet(43)) - raft.server.snapshot.auto.trigger.enabled = true (custom)
2019-10-31 11:03:01,926 [pool-47-thread-1] INFO  server.RaftServerConfigKeys (ConfUtils.java:logGet(43)) - raft.server.snapshot.retention.file.num = 5 (custom)
2019-10-31 11:03:01,927 [pool-37-thread-1] INFO  server.RaftServerConfigKeys (ConfUtils.java:logGet(43)) - raft.server.snapshot.auto.trigger.threshold = 10000 (custom)
2019-10-31 11:03:01,927 [pool-47-thread-1] INFO  server.RaftServerConfigKeys (ConfUtils.java:logGet(43)) - raft.server.retrycache.expirytime = 600000ms (custom)
2019-10-31 11:03:01,927 [pool-37-thread-1] INFO  server.RaftServerConfigKeys (ConfUtils.java:logGet(43)) - raft.server.snapshot.retention.file.num = 5 (custom)
2019-10-31 11:03:01,927 [pool-47-thread-1] WARN  impl.MetricRegistriesImpl (MetricRegistriesImpl.java:lambda$create$1(61)) - First MetricRegistry has been created without registering reporters. You may need to call MetricRegistries.global().addReportRegistration(...) before.
2019-10-31 11:03:01,927 [pool-37-thread-1] INFO  server.RaftServerConfigKeys (ConfUtils.java:logGet(43)) - raft.server.retrycache.expirytime = 600000ms (custom)
2019-10-31 11:03:01,927 [pool-47-thread-1] WARN  impl.MetricRegistriesImpl (MetricRegistriesImpl.java:lambda$create$1(61)) - First MetricRegistry has been created without registering reporters. You may need to call MetricRegistries.global().addReportRegistration(...) before.
2019-10-31 11:03:01,927 [pool-37-thread-1] WARN  impl.MetricRegistriesImpl (MetricRegistriesImpl.java:lambda$create$1(61)) - First MetricRegistry has been created without registering reporters. You may need to call MetricRegistries.global().addReportRegistration(...) before.
2019-10-31 11:03:01,927 [pool-47-thread-1] INFO  impl.RaftServerImpl (RaftServerImpl.java:start(184)) - 29ff7094-9c72-4db4-826b-540cf46770f6@group-E3D2AD751D1A: start as a follower, conf=-1: [7c5c650f-8f7d-41d0-b05b-880bea22fbf8:192.168.34.13:34445, c920672d-bbc7-45b4-92a5-b5ae8093f450:192.168.34.13:35054, 29ff7094-9c72-4db4-826b-540cf46770f6:192.168.34.13:32774], old=null
2019-10-31 11:03:01,928 [pool-37-thread-1] WARN  impl.MetricRegistriesImpl (MetricRegistriesImpl.java:lambda$create$1(61)) - First MetricRegistry has been created without registering reporters. You may need to call MetricRegistries.global().addReportRegistration(...) before.
2019-10-31 11:03:01,928 [pool-47-thread-1] INFO  impl.RaftServerImpl (RaftServerImpl.java:setRole(173)) - 29ff7094-9c72-4db4-826b-540cf46770f6@group-E3D2AD751D1A: changes role from      null to FOLLOWER at term 0 for startAsFollower
2019-10-31 11:03:01,928 [pool-37-thread-1] INFO  impl.RaftServerImpl (RaftServerImpl.java:start(184)) - c920672d-bbc7-45b4-92a5-b5ae8093f450@group-E3D2AD751D1A: start as a follower, conf=-1: [7c5c650f-8f7d-41d0-b05b-880bea22fbf8:192.168.34.13:34445, c920672d-bbc7-45b4-92a5-b5ae8093f450:192.168.34.13:35054, 29ff7094-9c72-4db4-826b-540cf46770f6:192.168.34.13:32774], old=null
2019-10-31 11:03:01,928 [pool-47-thread-1] INFO  impl.RoleInfo (RoleInfo.java:updateAndGet(143)) - 29ff7094-9c72-4db4-826b-540cf46770f6: start FollowerState
2019-10-31 11:03:01,928 [pool-37-thread-1] INFO  impl.RaftServerImpl (RaftServerImpl.java:setRole(173)) - c920672d-bbc7-45b4-92a5-b5ae8093f450@group-E3D2AD751D1A: changes role from      null to FOLLOWER at term 0 for startAsFollower
2019-10-31 11:03:01,928 [pool-37-thread-1] INFO  impl.RoleInfo (RoleInfo.java:updateAndGet(143)) - c920672d-bbc7-45b4-92a5-b5ae8093f450: start FollowerState
2019-10-31 11:03:01,928 [pool-47-thread-1] INFO  util.JmxRegister (JmxRegister.java:tryRegister(44)) - Successfully registered JMX Bean with object name Ratis:service=RaftServer,group=group-E3D2AD751D1A,id=29ff7094-9c72-4db4-826b-540cf46770f6
2019-10-31 11:03:01,929 [pool-47-thread-1] WARN  impl.MetricRegistriesImpl (MetricRegistriesImpl.java:lambda$create$1(61)) - First MetricRegistry has been created without registering reporters. You may need to call MetricRegistries.global().addReportRegistration(...) before.
2019-10-31 11:03:01,929 [pool-37-thread-1] INFO  util.JmxRegister (JmxRegister.java:tryRegister(44)) - Successfully registered JMX Bean with object name Ratis:service=RaftServer,group=group-E3D2AD751D1A,id=c920672d-bbc7-45b4-92a5-b5ae8093f450
2019-10-31 11:03:01,929 [pool-37-thread-1] WARN  impl.MetricRegistriesImpl (MetricRegistriesImpl.java:lambda$create$1(61)) - First MetricRegistry has been created without registering reporters. You may need to call MetricRegistries.global().addReportRegistration(...) before.
2019-10-31 11:03:01,929 [Command processor thread] INFO  commandhandler.CreatePipelineCommandHandler (CreatePipelineCommandHandler.java:handle(86)) - Create Pipeline RATIS THREE #id: "4401cc43-bbc3-424a-8617-e3d2ad751d1a"
 command succeed on datanode 29ff7094-9c72-4db4-826b-540cf46770f6.
2019-10-31 11:03:01,929 [Command processor thread] INFO  commandhandler.CreatePipelineCommandHandler (CreatePipelineCommandHandler.java:handle(86)) - Create Pipeline RATIS THREE #id: "4401cc43-bbc3-424a-8617-e3d2ad751d1a"
 command succeed on datanode c920672d-bbc7-45b4-92a5-b5ae8093f450.
2019-10-31 11:03:01,932 [EventQueue-PipelineReportForPipelineReportHandler] INFO  pipeline.PipelineReportHandler (PipelineReportHandler.java:processPipelineReport(104)) - Pipeline THREE PipelineID=4401cc43-bbc3-424a-8617-e3d2ad751d1a reported by 29ff7094-9c72-4db4-826b-540cf46770f6{ip: 192.168.34.13, host: pr-hdds-2034-ldlpc-1546634455, networkLocation: /default-rack, certSerialId: null}
2019-10-31 11:03:01,933 [EventQueue-PipelineReportForPipelineReportHandler] INFO  pipeline.PipelineReportHandler (PipelineReportHandler.java:processPipelineReport(104)) - Pipeline THREE PipelineID=4401cc43-bbc3-424a-8617-e3d2ad751d1a reported by c920672d-bbc7-45b4-92a5-b5ae8093f450{ip: 192.168.34.13, host: pr-hdds-2034-ldlpc-1546634455, networkLocation: /default-rack, certSerialId: null}
2019-10-31 11:03:01,933 [EventQueue-PipelineReportForPipelineReportHandler] INFO  pipeline.PipelineStateManager (PipelineStateManager.java:openPipeline(134)) - Pipeline Pipeline[ Id: 4401cc43-bbc3-424a-8617-e3d2ad751d1a, Nodes: 7c5c650f-8f7d-41d0-b05b-880bea22fbf8{ip: 192.168.34.13, host: pr-hdds-2034-ldlpc-1546634455, networkLocation: /default-rack, certSerialId: null}c920672d-bbc7-45b4-92a5-b5ae8093f450{ip: 192.168.34.13, host: pr-hdds-2034-ldlpc-1546634455, networkLocation: /default-rack, certSerialId: null}29ff7094-9c72-4db4-826b-540cf46770f6{ip: 192.168.34.13, host: pr-hdds-2034-ldlpc-1546634455, networkLocation: /default-rack, certSerialId: null}, Type:RATIS, Factor:THREE, State:ALLOCATED] moved to OPEN state
2019-10-31 11:03:02,754 [main] INFO  ozone.MiniOzoneClusterImpl (MiniOzoneClusterImpl.java:lambda$waitForClusterToBeReady$0(149)) - Nodes are ready. Got 3 of 3 DN Heartbeats.
2019-10-31 11:03:02,755 [main] INFO  ozone.MiniOzoneClusterImpl (MiniOzoneClusterImpl.java:lambda$waitForClusterToBeReady$0(152)) - Cluster exits safe mode
2019-10-31 11:03:04,928 [Thread-189] INFO  container.ReplicationManager (ReplicationManager.java:start(162)) - Starting Replication Monitor Thread.
2019-10-31 11:03:04,935 [ReplicationMonitor] INFO  container.ReplicationManager (ReplicationManager.java:run(225)) - Replication Monitor Thread took 2 milliseconds for processing 0 containers.
2019-10-31 11:03:06,366 [main] INFO  freon.RandomKeyGenerator (RandomKeyGenerator.java:call(283)) - Number of Threads: 10
2019-10-31 11:03:06,367 [main] INFO  freon.RandomKeyGenerator (RandomKeyGenerator.java:call(288)) - Number of Volumes: 1.
2019-10-31 11:03:06,367 [main] INFO  freon.RandomKeyGenerator (RandomKeyGenerator.java:call(289)) - Number of Buckets per Volume: 1.
2019-10-31 11:03:06,367 [main] INFO  freon.RandomKeyGenerator (RandomKeyGenerator.java:call(290)) - Number of Keys per Bucket: 1.
2019-10-31 11:03:06,367 [main] INFO  freon.RandomKeyGenerator (RandomKeyGenerator.java:call(291)) - Key size: 20971520 bytes
2019-10-31 11:03:06,367 [main] INFO  freon.RandomKeyGenerator (RandomKeyGenerator.java:call(292)) - Buffer size: 4096 bytes
2019-10-31 11:03:06,367 [main] INFO  freon.RandomKeyGenerator (RandomKeyGenerator.java:call(293)) - validateWrites : true
2019-10-31 11:03:06,372 [main] INFO  freon.RandomKeyGenerator (RandomKeyGenerator.java:call(307)) - Data validation is enabled.
2019-10-31 11:03:06,373 [main] INFO  freon.RandomKeyGenerator (RandomKeyGenerator.java:call(313)) - Starting progress bar Thread.

 0.00% |?                                                                                                    |  0/1 Time: 0:00:002019-10-31 11:03:06,402 [pool-53-thread-1] INFO  rpc.RpcClient (RpcClient.java:createVolume(272)) - Creating Volume: vol-0-61831, with jenkins1000 as owner.
2019-10-31 11:03:06,488 [IPC Server handler 2 on 36052] INFO  volume.OMVolumeCreateRequest (OMVolumeCreateRequest.java:validateAndUpdateCache(193)) - created volume:vol-0-61831 for user:jenkins1000
2019-10-31 11:03:06,524 [pool-53-thread-2] INFO  rpc.RpcClient (RpcClient.java:createBucket(411)) - Creating Bucket: vol-0-61831/bucket-0-33230, with Versioning false and Storage Type set to DISK and Encryption set to false 
2019-10-31 11:03:06,734 [pool-53-thread-3] INFO  impl.MetricsSystemImpl (MetricsSystemImpl.java:init(158)) - XceiverClientMetrics metrics system started (again)
2019-10-31 11:03:06,848 [Thread-182] INFO  impl.FollowerState (FollowerState.java:run(111)) - 7c5c650f-8f7d-41d0-b05b-880bea22fbf8@group-3D2604E6BE90-FollowerState: change to CANDIDATE, lastRpcTime:5021ms, electionTimeout:5019ms
2019-10-31 11:03:06,849 [Thread-182] INFO  impl.RoleInfo (RoleInfo.java:shutdownFollowerState(121)) - 7c5c650f-8f7d-41d0-b05b-880bea22fbf8: shutdown FollowerState
2019-10-31 11:03:06,849 [Thread-182] INFO  impl.RaftServerImpl (RaftServerImpl.java:setRole(173)) - 7c5c650f-8f7d-41d0-b05b-880bea22fbf8@group-3D2604E6BE90: changes role from  FOLLOWER to CANDIDATE at term 0 for changeToCandidate
2019-10-31 11:03:06,852 [Thread-182] INFO  impl.RoleInfo (RoleInfo.java:updateAndGet(143)) - 7c5c650f-8f7d-41d0-b05b-880bea22fbf8: start LeaderElection
2019-10-31 11:03:06,868 [7c5c650f-8f7d-41d0-b05b-880bea22fbf8@group-3D2604E6BE90-LeaderElection1] INFO  impl.LeaderElection (LeaderElection.java:askForVotes(178)) - 7c5c650f-8f7d-41d0-b05b-880bea22fbf8@group-3D2604E6BE90-LeaderElection1: begin an election at term 1 for -1: [7c5c650f-8f7d-41d0-b05b-880bea22fbf8:192.168.34.13:34445], old=null
2019-10-31 11:03:06,870 [7c5c650f-8f7d-41d0-b05b-880bea22fbf8@group-3D2604E6BE90-LeaderElection1] INFO  impl.RoleInfo (RoleInfo.java:shutdownLeaderElection(134)) - 7c5c650f-8f7d-41d0-b05b-880bea22fbf8: shutdown LeaderElection
2019-10-31 11:03:06,871 [7c5c650f-8f7d-41d0-b05b-880bea22fbf8@group-3D2604E6BE90-LeaderElection1] INFO  impl.RaftServerImpl (RaftServerImpl.java:setRole(173)) - 7c5c650f-8f7d-41d0-b05b-880bea22fbf8@group-3D2604E6BE90: changes role from CANDIDATE to LEADER at term 1 for changeToLeader
2019-10-31 11:03:06,871 [7c5c650f-8f7d-41d0-b05b-880bea22fbf8@group-3D2604E6BE90-LeaderElection1] INFO  impl.RaftServerImpl (ServerState.java:setLeader(255)) - 7c5c650f-8f7d-41d0-b05b-880bea22fbf8@group-3D2604E6BE90: change Leader from null to 7c5c650f-8f7d-41d0-b05b-880bea22fbf8 at term 1 for becomeLeader, leader elected after 5186ms
2019-10-31 11:03:06,878 [7c5c650f-8f7d-41d0-b05b-880bea22fbf8@group-3D2604E6BE90-LeaderElection1] INFO  server.RaftServerConfigKeys (ConfUtils.java:logGet(43)) - raft.server.staging.catchup.gap = 1000 (default)
2019-10-31 11:03:06,878 [7c5c650f-8f7d-41d0-b05b-880bea22fbf8@group-3D2604E6BE90-LeaderElection1] INFO  server.RaftServerConfigKeys (ConfUtils.java:logGet(43)) - raft.server.rpc.sleep.time = 25ms (default)
2019-10-31 11:03:06,885 [7c5c650f-8f7d-41d0-b05b-880bea22fbf8@group-3D2604E6BE90-LeaderElection1] INFO  server.RaftServerConfigKeys (ConfUtils.java:logGet(43)) - raft.server.write.element-limit = 4096 (default)
2019-10-31 11:03:06,889 [7c5c650f-8f7d-41d0-b05b-880bea22fbf8@group-3D2604E6BE90-LeaderElection1] INFO  server.RaftServerConfigKeys (ConfUtils.java:logGet(43)) - raft.server.watch.timeout = 10s (default)
2019-10-31 11:03:06,889 [7c5c650f-8f7d-41d0-b05b-880bea22fbf8@group-3D2604E6BE90-LeaderElection1] INFO  server.RaftServerConfigKeys (ConfUtils.java:logGet(43)) - raft.server.watch.timeout.denomination = 1s (default)
2019-10-31 11:03:06,890 [7c5c650f-8f7d-41d0-b05b-880bea22fbf8@group-3D2604E6BE90-LeaderElection1] INFO  server.RaftServerConfigKeys (ConfUtils.java:logGet(43)) - raft.server.watch.element-limit = 65536 (default)
2019-10-31 11:03:06,899 [7c5c650f-8f7d-41d0-b05b-880bea22fbf8@group-3D2604E6BE90-LeaderElection1] INFO  impl.RoleInfo (RoleInfo.java:updateAndGet(143)) - 7c5c650f-8f7d-41d0-b05b-880bea22fbf8: start LeaderState
2019-10-31 11:03:06,927 [7c5c650f-8f7d-41d0-b05b-880bea22fbf8@group-3D2604E6BE90-LeaderElection1] INFO  segmented.SegmentedRaftLogWorker (SegmentedRaftLogWorker.java:startLogSegment(385)) - 7c5c650f-8f7d-41d0-b05b-880bea22fbf8@group-3D2604E6BE90-SegmentedRaftLogWorker: Starting segment from index:0
2019-10-31 11:03:06,927 [Thread-183] INFO  impl.FollowerState (FollowerState.java:run(111)) - 29ff7094-9c72-4db4-826b-540cf46770f6@group-F71099633D95-FollowerState: change to CANDIDATE, lastRpcTime:5100ms, electionTimeout:5098ms
2019-10-31 11:03:06,928 [Thread-183] INFO  impl.RoleInfo (RoleInfo.java:shutdownFollowerState(121)) - 29ff7094-9c72-4db4-826b-540cf46770f6: shutdown FollowerState
2019-10-31 11:03:06,929 [Thread-183] INFO  impl.RaftServerImpl (RaftServerImpl.java:setRole(173)) - 29ff7094-9c72-4db4-826b-540cf46770f6@group-F71099633D95: changes role from  FOLLOWER to CANDIDATE at term 0 for changeToCandidate
2019-10-31 11:03:07,201 [Thread-187] INFO  impl.FollowerState (FollowerState.java:run(111)) - 7c5c650f-8f7d-41d0-b05b-880bea22fbf8@group-E3D2AD751D1A-FollowerState: change to CANDIDATE, lastRpcTime:5285ms, electionTimeout:5130ms
2019-10-31 11:03:07,201 [Thread-181] INFO  impl.FollowerState (FollowerState.java:run(111)) - c920672d-bbc7-45b4-92a5-b5ae8093f450@group-7FF7D2AF49D6-FollowerState: change to CANDIDATE, lastRpcTime:5373ms, electionTimeout:5184ms
2019-10-31 11:03:07,201 [Thread-193] INFO  impl.FollowerState (FollowerState.java:run(111)) - c920672d-bbc7-45b4-92a5-b5ae8093f450@group-E3D2AD751D1A-FollowerState: change to CANDIDATE, lastRpcTime:5272ms, electionTimeout:5180ms
2019-10-31 11:03:07,201 [Thread-192] INFO  impl.FollowerState (FollowerState.java:run(111)) - 29ff7094-9c72-4db4-826b-540cf46770f6@group-E3D2AD751D1A-FollowerState: change to CANDIDATE, lastRpcTime:5272ms, electionTimeout:5153ms
2019-10-31 11:03:07,202 [Thread-193] INFO  impl.RoleInfo (RoleInfo.java:shutdownFollowerState(121)) - c920672d-bbc7-45b4-92a5-b5ae8093f450: shutdown FollowerState
2019-10-31 11:03:07,202 [Thread-181] INFO  impl.RoleInfo (RoleInfo.java:shutdownFollowerState(121)) - c920672d-bbc7-45b4-92a5-b5ae8093f450: shutdown FollowerState
2019-10-31 11:03:07,202 [Thread-187] INFO  impl.RoleInfo (RoleInfo.java:shutdownFollowerState(121)) - 7c5c650f-8f7d-41d0-b05b-880bea22fbf8: shutdown FollowerState
2019-10-31 11:03:07,202 [Thread-183] INFO  impl.RoleInfo (RoleInfo.java:updateAndGet(143)) - 29ff7094-9c72-4db4-826b-540cf46770f6: start LeaderElection
2019-10-31 11:03:07,203 [Thread-181] INFO  impl.RaftServerImpl (RaftServerImpl.java:setRole(173)) - c920672d-bbc7-45b4-92a5-b5ae8093f450@group-7FF7D2AF49D6: changes role from  FOLLOWER to CANDIDATE at term 0 for changeToCandidate
2019-10-31 11:03:07,203 [Thread-193] INFO  impl.RaftServerImpl (RaftServerImpl.java:setRole(173)) - c920672d-bbc7-45b4-92a5-b5ae8093f450@group-E3D2AD751D1A: changes role from  FOLLOWER to CANDIDATE at term 0 for changeToCandidate
2019-10-31 11:03:07,203 [Thread-187] INFO  impl.RaftServerImpl (RaftServerImpl.java:setRole(173)) - 7c5c650f-8f7d-41d0-b05b-880bea22fbf8@group-E3D2AD751D1A: changes role from  FOLLOWER to CANDIDATE at term 0 for changeToCandidate
2019-10-31 11:03:07,207 [Thread-193] INFO  impl.RoleInfo (RoleInfo.java:updateAndGet(143)) - c920672d-bbc7-45b4-92a5-b5ae8093f450: start LeaderElection
2019-10-31 11:03:07,207 [Thread-187] INFO  impl.RoleInfo (RoleInfo.java:updateAndGet(143)) - 7c5c650f-8f7d-41d0-b05b-880bea22fbf8: start LeaderElection
2019-10-31 11:03:07,202 [Thread-192] INFO  impl.RoleInfo (RoleInfo.java:shutdownFollowerState(121)) - 29ff7094-9c72-4db4-826b-540cf46770f6: shutdown FollowerState
2019-10-31 11:03:07,203 [Thread-181] INFO  impl.RoleInfo (RoleInfo.java:updateAndGet(143)) - c920672d-bbc7-45b4-92a5-b5ae8093f450: start LeaderElection
2019-10-31 11:03:07,208 [Thread-192] INFO  impl.RaftServerImpl (RaftServerImpl.java:setRole(173)) - 29ff7094-9c72-4db4-826b-540cf46770f6@group-E3D2AD751D1A: changes role from  FOLLOWER to CANDIDATE at term 0 for changeToCandidate
2019-10-31 11:03:07,212 [Thread-192] INFO  impl.RoleInfo (RoleInfo.java:updateAndGet(143)) - 29ff7094-9c72-4db4-826b-540cf46770f6: start LeaderElection
2019-10-31 11:03:07,221 [29ff7094-9c72-4db4-826b-540cf46770f6@group-F71099633D95-LeaderElection2] INFO  impl.LeaderElection (LeaderElection.java:askForVotes(178)) - 29ff7094-9c72-4db4-826b-540cf46770f6@group-F71099633D95-LeaderElection2: begin an election at term 1 for -1: [29ff7094-9c72-4db4-826b-540cf46770f6:192.168.34.13:32774], old=null
2019-10-31 11:03:07,221 [7c5c650f-8f7d-41d0-b05b-880bea22fbf8@group-E3D2AD751D1A-LeaderElection5] INFO  impl.LeaderElection (LeaderElection.java:askForVotes(178)) - 7c5c650f-8f7d-41d0-b05b-880bea22fbf8@group-E3D2AD751D1A-LeaderElection5: begin an election at term 1 for -1: [7c5c650f-8f7d-41d0-b05b-880bea22fbf8:192.168.34.13:34445, c920672d-bbc7-45b4-92a5-b5ae8093f450:192.168.34.13:35054, 29ff7094-9c72-4db4-826b-540cf46770f6:192.168.34.13:32774], old=null
2019-10-31 11:03:07,222 [29ff7094-9c72-4db4-826b-540cf46770f6@group-F71099633D95-LeaderElection2] INFO  impl.RoleInfo (RoleInfo.java:shutdownLeaderElection(134)) - 29ff7094-9c72-4db4-826b-540cf46770f6: shutdown LeaderElection
2019-10-31 11:03:07,221 [c920672d-bbc7-45b4-92a5-b5ae8093f450@group-7FF7D2AF49D6-LeaderElection3] INFO  impl.LeaderElection (LeaderElection.java:askForVotes(178)) - c920672d-bbc7-45b4-92a5-b5ae8093f450@group-7FF7D2AF49D6-LeaderElection3: begin an election at term 1 for -1: [c920672d-bbc7-45b4-92a5-b5ae8093f450:192.168.34.13:35054], old=null
2019-10-31 11:03:07,221 [c920672d-bbc7-45b4-92a5-b5ae8093f450@group-E3D2AD751D1A-LeaderElection4] INFO  impl.LeaderElection (LeaderElection.java:askForVotes(178)) - c920672d-bbc7-45b4-92a5-b5ae8093f450@group-E3D2AD751D1A-LeaderElection4: begin an election at term 1 for -1: [7c5c650f-8f7d-41d0-b05b-880bea22fbf8:192.168.34.13:34445, c920672d-bbc7-45b4-92a5-b5ae8093f450:192.168.34.13:35054, 29ff7094-9c72-4db4-826b-540cf46770f6:192.168.34.13:32774], old=null
2019-10-31 11:03:07,221 [29ff7094-9c72-4db4-826b-540cf46770f6@group-E3D2AD751D1A-LeaderElection6] INFO  impl.LeaderElection (LeaderElection.java:askForVotes(178)) - 29ff7094-9c72-4db4-826b-540cf46770f6@group-E3D2AD751D1A-LeaderElection6: begin an election at term 1 for -1: [7c5c650f-8f7d-41d0-b05b-880bea22fbf8:192.168.34.13:34445, c920672d-bbc7-45b4-92a5-b5ae8093f450:192.168.34.13:35054, 29ff7094-9c72-4db4-826b-540cf46770f6:192.168.34.13:32774], old=null
2019-10-31 11:03:07,222 [c920672d-bbc7-45b4-92a5-b5ae8093f450@group-7FF7D2AF49D6-LeaderElection3] INFO  impl.RoleInfo (RoleInfo.java:shutdownLeaderElection(134)) - c920672d-bbc7-45b4-92a5-b5ae8093f450: shutdown LeaderElection
2019-10-31 11:03:07,222 [29ff7094-9c72-4db4-826b-540cf46770f6@group-F71099633D95-LeaderElection2] INFO  impl.RaftServerImpl (RaftServerImpl.java:setRole(173)) - 29ff7094-9c72-4db4-826b-540cf46770f6@group-F71099633D95: changes role from CANDIDATE to LEADER at term 1 for changeToLeader
2019-10-31 11:03:07,223 [c920672d-bbc7-45b4-92a5-b5ae8093f450@group-7FF7D2AF49D6-LeaderElection3] INFO  impl.RaftServerImpl (RaftServerImpl.java:setRole(173)) - c920672d-bbc7-45b4-92a5-b5ae8093f450@group-7FF7D2AF49D6: changes role from CANDIDATE to LEADER at term 1 for changeToLeader
2019-10-31 11:03:07,223 [29ff7094-9c72-4db4-826b-540cf46770f6@group-F71099633D95-LeaderElection2] INFO  impl.RaftServerImpl (ServerState.java:setLeader(255)) - 29ff7094-9c72-4db4-826b-540cf46770f6@group-F71099633D95: change Leader from null to 29ff7094-9c72-4db4-826b-540cf46770f6 at term 1 for becomeLeader, leader elected after 5437ms
2019-10-31 11:03:07,223 [c920672d-bbc7-45b4-92a5-b5ae8093f450@group-7FF7D2AF49D6-LeaderElection3] INFO  impl.RaftServerImpl (ServerState.java:setLeader(255)) - c920672d-bbc7-45b4-92a5-b5ae8093f450@group-7FF7D2AF49D6: change Leader from null to c920672d-bbc7-45b4-92a5-b5ae8093f450 at term 1 for becomeLeader, leader elected after 5526ms
2019-10-31 11:03:07,223 [29ff7094-9c72-4db4-826b-540cf46770f6@group-F71099633D95-LeaderElection2] INFO  server.RaftServerConfigKeys (ConfUtils.java:logGet(43)) - raft.server.staging.catchup.gap = 1000 (default)
2019-10-31 11:03:07,224 [c920672d-bbc7-45b4-92a5-b5ae8093f450@group-7FF7D2AF49D6-LeaderElection3] INFO  server.RaftServerConfigKeys (ConfUtils.java:logGet(43)) - raft.server.staging.catchup.gap = 1000 (default)
2019-10-31 11:03:07,224 [29ff7094-9c72-4db4-826b-540cf46770f6@group-F71099633D95-LeaderElection2] INFO  server.RaftServerConfigKeys (ConfUtils.java:logGet(43)) - raft.server.rpc.sleep.time = 25ms (default)
2019-10-31 11:03:07,224 [c920672d-bbc7-45b4-92a5-b5ae8093f450@group-7FF7D2AF49D6-LeaderElection3] INFO  server.RaftServerConfigKeys (ConfUtils.java:logGet(43)) - raft.server.rpc.sleep.time = 25ms (default)
2019-10-31 11:03:07,224 [29ff7094-9c72-4db4-826b-540cf46770f6@group-F71099633D95-LeaderElection2] INFO  server.RaftServerConfigKeys (ConfUtils.java:logGet(43)) - raft.server.write.element-limit = 4096 (default)
2019-10-31 11:03:07,224 [c920672d-bbc7-45b4-92a5-b5ae8093f450@group-7FF7D2AF49D6-LeaderElection3] INFO  server.RaftServerConfigKeys (ConfUtils.java:logGet(43)) - raft.server.write.element-limit = 4096 (default)
2019-10-31 11:03:07,224 [29ff7094-9c72-4db4-826b-540cf46770f6@group-F71099633D95-LeaderElection2] INFO  server.RaftServerConfigKeys (ConfUtils.java:logGet(43)) - raft.server.watch.timeout = 10s (default)
2019-10-31 11:03:07,225 [c920672d-bbc7-45b4-92a5-b5ae8093f450@group-7FF7D2AF49D6-LeaderElection3] INFO  server.RaftServerConfigKeys (ConfUtils.java:logGet(43)) - raft.server.watch.timeout = 10s (default)
2019-10-31 11:03:07,226 [29ff7094-9c72-4db4-826b-540cf46770f6@group-F71099633D95-LeaderElection2] INFO  server.RaftServerConfigKeys (ConfUtils.java:logGet(43)) - raft.server.watch.timeout.denomination = 1s (default)
2019-10-31 11:03:07,233 [c920672d-bbc7-45b4-92a5-b5ae8093f450@group-7FF7D2AF49D6-LeaderElection3] INFO  server.RaftServerConfigKeys (ConfUtils.java:logGet(43)) - raft.server.watch.timeout.denomination = 1s (default)
2019-10-31 11:03:07,233 [29ff7094-9c72-4db4-826b-540cf46770f6@group-F71099633D95-LeaderElection2] INFO  server.RaftServerConfigKeys (ConfUtils.java:logGet(43)) - raft.server.watch.element-limit = 65536 (default)
2019-10-31 11:03:07,234 [c920672d-bbc7-45b4-92a5-b5ae8093f450@group-7FF7D2AF49D6-LeaderElection3] INFO  server.RaftServerConfigKeys (ConfUtils.java:logGet(43)) - raft.server.watch.element-limit = 65536 (default)
2019-10-31 11:03:07,234 [29ff7094-9c72-4db4-826b-540cf46770f6@group-F71099633D95-LeaderElection2] INFO  impl.RoleInfo (RoleInfo.java:updateAndGet(143)) - 29ff7094-9c72-4db4-826b-540cf46770f6: start LeaderState
2019-10-31 11:03:07,234 [c920672d-bbc7-45b4-92a5-b5ae8093f450@group-7FF7D2AF49D6-LeaderElection3] INFO  impl.RoleInfo (RoleInfo.java:updateAndGet(143)) - c920672d-bbc7-45b4-92a5-b5ae8093f450: start LeaderState
2019-10-31 11:03:07,234 [29ff7094-9c72-4db4-826b-540cf46770f6@group-F71099633D95-LeaderElection2] INFO  segmented.SegmentedRaftLogWorker (SegmentedRaftLogWorker.java:startLogSegment(385)) - 29ff7094-9c72-4db4-826b-540cf46770f6@group-F71099633D95-SegmentedRaftLogWorker: Starting segment from index:0
2019-10-31 11:03:07,234 [c920672d-bbc7-45b4-92a5-b5ae8093f450@group-7FF7D2AF49D6-LeaderElection3] INFO  segmented.SegmentedRaftLogWorker (SegmentedRaftLogWorker.java:startLogSegment(385)) - c920672d-bbc7-45b4-92a5-b5ae8093f450@group-7FF7D2AF49D6-SegmentedRaftLogWorker: Starting segment from index:0
2019-10-31 11:03:07,251 [7c5c650f-8f7d-41d0-b05b-880bea22fbf8@group-3D2604E6BE90-LeaderElection1] INFO  impl.RaftServerImpl (ServerState.java:setRaftConf(356)) - 7c5c650f-8f7d-41d0-b05b-880bea22fbf8@group-3D2604E6BE90: set configuration 0: [7c5c650f-8f7d-41d0-b05b-880bea22fbf8:192.168.34.13:34445], old=null at 0
2019-10-31 11:03:07,251 [c920672d-bbc7-45b4-92a5-b5ae8093f450@group-7FF7D2AF49D6-LeaderElection3] INFO  impl.RaftServerImpl (ServerState.java:setRaftConf(356)) - c920672d-bbc7-45b4-92a5-b5ae8093f450@group-7FF7D2AF49D6: set configuration 0: [c920672d-bbc7-45b4-92a5-b5ae8093f450:192.168.34.13:35054], old=null at 0
2019-10-31 11:03:07,251 [29ff7094-9c72-4db4-826b-540cf46770f6@group-F71099633D95-LeaderElection2] INFO  impl.RaftServerImpl (ServerState.java:setRaftConf(356)) - 29ff7094-9c72-4db4-826b-540cf46770f6@group-F71099633D95: set configuration 0: [29ff7094-9c72-4db4-826b-540cf46770f6:192.168.34.13:32774], old=null at 0
 0.00% |?                                                                                                    |  0/1 Time: 0:00:012019-10-31 11:03:07,436 [c920672d-bbc7-45b4-92a5-b5ae8093f450@group-7FF7D2AF49D6-SegmentedRaftLogWorker] INFO  segmented.SegmentedRaftLogWorker (SegmentedRaftLogWorker.java:execute(576)) - c920672d-bbc7-45b4-92a5-b5ae8093f450@group-7FF7D2AF49D6-SegmentedRaftLogWorker: created new log segment /workdir/hadoop-ozone/tools/target/test-dir/MiniOzoneClusterImpl-86e53e4a-a806-4c7f-8b97-dbab00a18388/datanode-1/data/ratis/70627df5-c366-4f93-9bd2-7ff7d2af49d6/current/log_inprogress_0
2019-10-31 11:03:07,436 [29ff7094-9c72-4db4-826b-540cf46770f6@group-F71099633D95-SegmentedRaftLogWorker] INFO  segmented.SegmentedRaftLogWorker (SegmentedRaftLogWorker.java:execute(576)) - 29ff7094-9c72-4db4-826b-540cf46770f6@group-F71099633D95-SegmentedRaftLogWorker: created new log segment /workdir/hadoop-ozone/tools/target/test-dir/MiniOzoneClusterImpl-86e53e4a-a806-4c7f-8b97-dbab00a18388/datanode-2/data/ratis/d5ae5bca-3a8d-4078-b973-f71099633d95/current/log_inprogress_0
2019-10-31 11:03:07,436 [7c5c650f-8f7d-41d0-b05b-880bea22fbf8@group-3D2604E6BE90-SegmentedRaftLogWorker] INFO  segmented.SegmentedRaftLogWorker (SegmentedRaftLogWorker.java:execute(576)) - 7c5c650f-8f7d-41d0-b05b-880bea22fbf8@group-3D2604E6BE90-SegmentedRaftLogWorker: created new log segment /workdir/hadoop-ozone/tools/target/test-dir/MiniOzoneClusterImpl-86e53e4a-a806-4c7f-8b97-dbab00a18388/datanode-0/data/ratis/3d61f8d4-4f8b-41d3-8dd5-3d2604e6be90/current/log_inprogress_0
2019-10-31 11:03:07,590 [7c5c650f-8f7d-41d0-b05b-880bea22fbf8@group-E3D2AD751D1A-LeaderElection5] INFO  impl.LeaderElection (LeaderElection.java:logAndReturn(56)) - 7c5c650f-8f7d-41d0-b05b-880bea22fbf8@group-E3D2AD751D1A-LeaderElection5: Election REJECTED; received 2 response(s) [7c5c650f-8f7d-41d0-b05b-880bea22fbf8<-c920672d-bbc7-45b4-92a5-b5ae8093f450#0:FAIL-t1, 7c5c650f-8f7d-41d0-b05b-880bea22fbf8<-29ff7094-9c72-4db4-826b-540cf46770f6#0:FAIL-t1] and 0 exception(s); 7c5c650f-8f7d-41d0-b05b-880bea22fbf8@group-E3D2AD751D1A:t1, leader=null, voted=7c5c650f-8f7d-41d0-b05b-880bea22fbf8, raftlog=7c5c650f-8f7d-41d0-b05b-880bea22fbf8@group-E3D2AD751D1A-SegmentedRaftLog:OPENED:c-1,f-1,i0, conf=-1: [7c5c650f-8f7d-41d0-b05b-880bea22fbf8:192.168.34.13:34445, c920672d-bbc7-45b4-92a5-b5ae8093f450:192.168.34.13:35054, 29ff7094-9c72-4db4-826b-540cf46770f6:192.168.34.13:32774], old=null
2019-10-31 11:03:07,590 [29ff7094-9c72-4db4-826b-540cf46770f6@group-E3D2AD751D1A-LeaderElection6] INFO  impl.LeaderElection (LeaderElection.java:logAndReturn(56)) - 29ff7094-9c72-4db4-826b-540cf46770f6@group-E3D2AD751D1A-LeaderElection6: Election REJECTED; received 2 response(s) [29ff7094-9c72-4db4-826b-540cf46770f6<-7c5c650f-8f7d-41d0-b05b-880bea22fbf8#0:FAIL-t1, 29ff7094-9c72-4db4-826b-540cf46770f6<-c920672d-bbc7-45b4-92a5-b5ae8093f450#0:FAIL-t1] and 0 exception(s); 29ff7094-9c72-4db4-826b-540cf46770f6@group-E3D2AD751D1A:t1, leader=null, voted=29ff7094-9c72-4db4-826b-540cf46770f6, raftlog=29ff7094-9c72-4db4-826b-540cf46770f6@group-E3D2AD751D1A-SegmentedRaftLog:OPENED:c-1,f-1,i0, conf=-1: [7c5c650f-8f7d-41d0-b05b-880bea22fbf8:192.168.34.13:34445, c920672d-bbc7-45b4-92a5-b5ae8093f450:192.168.34.13:35054, 29ff7094-9c72-4db4-826b-540cf46770f6:192.168.34.13:32774], old=null
2019-10-31 11:03:07,590 [c920672d-bbc7-45b4-92a5-b5ae8093f450@group-E3D2AD751D1A-LeaderElection4] INFO  impl.LeaderElection (LeaderElection.java:logAndReturn(56)) - c920672d-bbc7-45b4-92a5-b5ae8093f450@group-E3D2AD751D1A-LeaderElection4: Election REJECTED; received 2 response(s) [c920672d-bbc7-45b4-92a5-b5ae8093f450<-7c5c650f-8f7d-41d0-b05b-880bea22fbf8#0:FAIL-t1, c920672d-bbc7-45b4-92a5-b5ae8093f450<-29ff7094-9c72-4db4-826b-540cf46770f6#0:FAIL-t1] and 0 exception(s); c920672d-bbc7-45b4-92a5-b5ae8093f450@group-E3D2AD751D1A:t1, leader=null, voted=c920672d-bbc7-45b4-92a5-b5ae8093f450, raftlog=c920672d-bbc7-45b4-92a5-b5ae8093f450@group-E3D2AD751D1A-SegmentedRaftLog:OPENED:c-1,f-1,i0, conf=-1: [7c5c650f-8f7d-41d0-b05b-880bea22fbf8:192.168.34.13:34445, c920672d-bbc7-45b4-92a5-b5ae8093f450:192.168.34.13:35054, 29ff7094-9c72-4db4-826b-540cf46770f6:192.168.34.13:32774], old=null
2019-10-31 11:03:07,593 [7c5c650f-8f7d-41d0-b05b-880bea22fbf8@group-E3D2AD751D1A-LeaderElection5] INFO  impl.RaftServerImpl (RaftServerImpl.java:setRole(173)) - 7c5c650f-8f7d-41d0-b05b-880bea22fbf8@group-E3D2AD751D1A: changes role from CANDIDATE to FOLLOWER at term 1 for DISCOVERED_A_NEW_TERM
2019-10-31 11:03:07,594 [c920672d-bbc7-45b4-92a5-b5ae8093f450@group-E3D2AD751D1A-LeaderElection4] INFO  impl.RaftServerImpl (RaftServerImpl.java:setRole(173)) - c920672d-bbc7-45b4-92a5-b5ae8093f450@group-E3D2AD751D1A: changes role from CANDIDATE to FOLLOWER at term 1 for DISCOVERED_A_NEW_TERM
2019-10-31 11:03:07,593 [29ff7094-9c72-4db4-826b-540cf46770f6@group-E3D2AD751D1A-LeaderElection6] INFO  impl.RaftServerImpl (RaftServerImpl.java:setRole(173)) - 29ff7094-9c72-4db4-826b-540cf46770f6@group-E3D2AD751D1A: changes role from CANDIDATE to FOLLOWER at term 1 for DISCOVERED_A_NEW_TERM
2019-10-31 11:03:07,594 [c920672d-bbc7-45b4-92a5-b5ae8093f450@group-E3D2AD751D1A-LeaderElection4] INFO  impl.RoleInfo (RoleInfo.java:shutdownLeaderElection(134)) - c920672d-bbc7-45b4-92a5-b5ae8093f450: shutdown LeaderElection
2019-10-31 11:03:07,594 [7c5c650f-8f7d-41d0-b05b-880bea22fbf8@group-E3D2AD751D1A-LeaderElection5] INFO  impl.RoleInfo (RoleInfo.java:shutdownLeaderElection(134)) - 7c5c650f-8f7d-41d0-b05b-880bea22fbf8: shutdown LeaderElection
2019-10-31 11:03:07,595 [c920672d-bbc7-45b4-92a5-b5ae8093f450@group-E3D2AD751D1A-LeaderElection4] INFO  impl.RoleInfo (RoleInfo.java:updateAndGet(143)) - c920672d-bbc7-45b4-92a5-b5ae8093f450: start FollowerState
2019-10-31 11:03:07,595 [29ff7094-9c72-4db4-826b-540cf46770f6@group-E3D2AD751D1A-LeaderElection6] INFO  impl.RoleInfo (RoleInfo.java:shutdownLeaderElection(134)) - 29ff7094-9c72-4db4-826b-540cf46770f6: shutdown LeaderElection
2019-10-31 11:03:07,595 [7c5c650f-8f7d-41d0-b05b-880bea22fbf8@group-E3D2AD751D1A-LeaderElection5] INFO  impl.RoleInfo (RoleInfo.java:updateAndGet(143)) - 7c5c650f-8f7d-41d0-b05b-880bea22fbf8: start FollowerState
2019-10-31 11:03:07,596 [29ff7094-9c72-4db4-826b-540cf46770f6@group-E3D2AD751D1A-LeaderElection6] INFO  impl.RoleInfo (RoleInfo.java:updateAndGet(143)) - 29ff7094-9c72-4db4-826b-540cf46770f6: start FollowerState
 0.00% |?                                                                                                    |  0/1 Time: 0:00:02 0.00% |?                                                                                                    |  0/1 Time: 0:00:03 0.00% |?                                                                                                    |  0/1 Time: 0:00:04 0.00% |?                                                                                                    |  0/1 Time: 0:00:05 0.00% |?                                                                                                    |  0/1 Time: 0:00:062019-10-31 11:03:12,664 [Thread-220] INFO  impl.FollowerState (FollowerState.java:run(111)) - 7c5c650f-8f7d-41d0-b05b-880bea22fbf8@group-E3D2AD751D1A-FollowerState: change to CANDIDATE, lastRpcTime:5069ms, electionTimeout:5067ms
2019-10-31 11:03:12,665 [Thread-220] INFO  impl.RoleInfo (RoleInfo.java:shutdownFollowerState(121)) - 7c5c650f-8f7d-41d0-b05b-880bea22fbf8: shutdown FollowerState
2019-10-31 11:03:12,665 [Thread-220] INFO  impl.RaftServerImpl (RaftServerImpl.java:setRole(173)) - 7c5c650f-8f7d-41d0-b05b-880bea22fbf8@group-E3D2AD751D1A: changes role from  FOLLOWER to CANDIDATE at term 1 for changeToCandidate
2019-10-31 11:03:12,665 [Thread-220] INFO  impl.RoleInfo (RoleInfo.java:updateAndGet(143)) - 7c5c650f-8f7d-41d0-b05b-880bea22fbf8: start LeaderElection
2019-10-31 11:03:12,672 [Thread-221] INFO  impl.FollowerState (FollowerState.java:run(111)) - 29ff7094-9c72-4db4-826b-540cf46770f6@group-E3D2AD751D1A-FollowerState: change to CANDIDATE, lastRpcTime:5076ms, electionTimeout:5075ms
2019-10-31 11:03:12,673 [Thread-221] INFO  impl.RoleInfo (RoleInfo.java:shutdownFollowerState(121)) - 29ff7094-9c72-4db4-826b-540cf46770f6: shutdown FollowerState
2019-10-31 11:03:12,673 [Thread-221] INFO  impl.RaftServerImpl (RaftServerImpl.java:setRole(173)) - 29ff7094-9c72-4db4-826b-540cf46770f6@group-E3D2AD751D1A: changes role from  FOLLOWER to CANDIDATE at term 1 for changeToCandidate
2019-10-31 11:03:12,673 [Thread-221] INFO  impl.RoleInfo (RoleInfo.java:updateAndGet(143)) - 29ff7094-9c72-4db4-826b-540cf46770f6: start LeaderElection
2019-10-31 11:03:12,681 [7c5c650f-8f7d-41d0-b05b-880bea22fbf8@group-E3D2AD751D1A-LeaderElection7] INFO  impl.LeaderElection (LeaderElection.java:askForVotes(178)) - 7c5c650f-8f7d-41d0-b05b-880bea22fbf8@group-E3D2AD751D1A-LeaderElection7: begin an election at term 2 for -1: [7c5c650f-8f7d-41d0-b05b-880bea22fbf8:192.168.34.13:34445, c920672d-bbc7-45b4-92a5-b5ae8093f450:192.168.34.13:35054, 29ff7094-9c72-4db4-826b-540cf46770f6:192.168.34.13:32774], old=null
2019-10-31 11:03:12,681 [29ff7094-9c72-4db4-826b-540cf46770f6@group-E3D2AD751D1A-LeaderElection8] INFO  impl.LeaderElection (LeaderElection.java:askForVotes(178)) - 29ff7094-9c72-4db4-826b-540cf46770f6@group-E3D2AD751D1A-LeaderElection8: begin an election at term 2 for -1: [7c5c650f-8f7d-41d0-b05b-880bea22fbf8:192.168.34.13:34445, c920672d-bbc7-45b4-92a5-b5ae8093f450:192.168.34.13:35054, 29ff7094-9c72-4db4-826b-540cf46770f6:192.168.34.13:32774], old=null
2019-10-31 11:03:12,692 [grpc-default-executor-2] INFO  impl.RaftServerImpl (RaftServerImpl.java:setRole(173)) - c920672d-bbc7-45b4-92a5-b5ae8093f450@group-E3D2AD751D1A: changes role from  FOLLOWER to FOLLOWER at term 2 for recognizeCandidate:29ff7094-9c72-4db4-826b-540cf46770f6
2019-10-31 11:03:12,694 [grpc-default-executor-2] INFO  impl.RoleInfo (RoleInfo.java:shutdownFollowerState(121)) - c920672d-bbc7-45b4-92a5-b5ae8093f450: shutdown FollowerState
2019-10-31 11:03:12,694 [grpc-default-executor-2] INFO  impl.RoleInfo (RoleInfo.java:updateAndGet(143)) - c920672d-bbc7-45b4-92a5-b5ae8093f450: start FollowerState
2019-10-31 11:03:12,695 [Thread-219] INFO  impl.FollowerState (FollowerState.java:run(120)) - c920672d-bbc7-45b4-92a5-b5ae8093f450@group-E3D2AD751D1A-FollowerState was interrupted: java.lang.InterruptedException: sleep interrupted
2019-10-31 11:03:12,720 [29ff7094-9c72-4db4-826b-540cf46770f6@group-E3D2AD751D1A-LeaderElection8] INFO  impl.LeaderElection (LeaderElection.java:logAndReturn(56)) - 29ff7094-9c72-4db4-826b-540cf46770f6@group-E3D2AD751D1A-LeaderElection8: Election PASSED; received 2 response(s) [29ff7094-9c72-4db4-826b-540cf46770f6<-7c5c650f-8f7d-41d0-b05b-880bea22fbf8#0:FAIL-t2, 29ff7094-9c72-4db4-826b-540cf46770f6<-c920672d-bbc7-45b4-92a5-b5ae8093f450#0:OK-t2] and 0 exception(s); 29ff7094-9c72-4db4-826b-540cf46770f6@group-E3D2AD751D1A:t2, leader=null, voted=29ff7094-9c72-4db4-826b-540cf46770f6, raftlog=29ff7094-9c72-4db4-826b-540cf46770f6@group-E3D2AD751D1A-SegmentedRaftLog:OPENED:c-1,f-1,i0, conf=-1: [7c5c650f-8f7d-41d0-b05b-880bea22fbf8:192.168.34.13:34445, c920672d-bbc7-45b4-92a5-b5ae8093f450:192.168.34.13:35054, 29ff7094-9c72-4db4-826b-540cf46770f6:192.168.34.13:32774], old=null
2019-10-31 11:03:12,721 [29ff7094-9c72-4db4-826b-540cf46770f6@group-E3D2AD751D1A-LeaderElection8] INFO  impl.RoleInfo (RoleInfo.java:shutdownLeaderElection(134)) - 29ff7094-9c72-4db4-826b-540cf46770f6: shutdown LeaderElection
2019-10-31 11:03:12,721 [7c5c650f-8f7d-41d0-b05b-880bea22fbf8@group-E3D2AD751D1A-LeaderElection7] INFO  impl.LeaderElection (LeaderElection.java:logAndReturn(56)) - 7c5c650f-8f7d-41d0-b05b-880bea22fbf8@group-E3D2AD751D1A-LeaderElection7: Election REJECTED; received 2 response(s) [7c5c650f-8f7d-41d0-b05b-880bea22fbf8<-29ff7094-9c72-4db4-826b-540cf46770f6#0:FAIL-t2, 7c5c650f-8f7d-41d0-b05b-880bea22fbf8<-c920672d-bbc7-45b4-92a5-b5ae8093f450#0:FAIL-t2] and 0 exception(s); 7c5c650f-8f7d-41d0-b05b-880bea22fbf8@group-E3D2AD751D1A:t2, leader=null, voted=7c5c650f-8f7d-41d0-b05b-880bea22fbf8, raftlog=7c5c650f-8f7d-41d0-b05b-880bea22fbf8@group-E3D2AD751D1A-SegmentedRaftLog:OPENED:c-1,f-1,i0, conf=-1: [7c5c650f-8f7d-41d0-b05b-880bea22fbf8:192.168.34.13:34445, c920672d-bbc7-45b4-92a5-b5ae8093f450:192.168.34.13:35054, 29ff7094-9c72-4db4-826b-540cf46770f6:192.168.34.13:32774], old=null
2019-10-31 11:03:12,722 [29ff7094-9c72-4db4-826b-540cf46770f6@group-E3D2AD751D1A-LeaderElection8] INFO  impl.RaftServerImpl (RaftServerImpl.java:setRole(173)) - 29ff7094-9c72-4db4-826b-540cf46770f6@group-E3D2AD751D1A: changes role from CANDIDATE to LEADER at term 2 for changeToLeader
2019-10-31 11:03:12,722 [7c5c650f-8f7d-41d0-b05b-880bea22fbf8@group-E3D2AD751D1A-LeaderElection7] INFO  impl.RaftServerImpl (RaftServerImpl.java:setRole(173)) - 7c5c650f-8f7d-41d0-b05b-880bea22fbf8@group-E3D2AD751D1A: changes role from CANDIDATE to FOLLOWER at term 2 for DISCOVERED_A_NEW_TERM
2019-10-31 11:03:12,722 [29ff7094-9c72-4db4-826b-540cf46770f6@group-E3D2AD751D1A-LeaderElection8] INFO  impl.RaftServerImpl (ServerState.java:setLeader(255)) - 29ff7094-9c72-4db4-826b-540cf46770f6@group-E3D2AD751D1A: change Leader from null to 29ff7094-9c72-4db4-826b-540cf46770f6 at term 2 for becomeLeader, leader elected after 10801ms
2019-10-31 11:03:12,723 [7c5c650f-8f7d-41d0-b05b-880bea22fbf8@group-E3D2AD751D1A-LeaderElection7] INFO  impl.RoleInfo (RoleInfo.java:shutdownLeaderElection(134)) - 7c5c650f-8f7d-41d0-b05b-880bea22fbf8: shutdown LeaderElection
2019-10-31 11:03:12,723 [29ff7094-9c72-4db4-826b-540cf46770f6@group-E3D2AD751D1A-LeaderElection8] INFO  server.RaftServerConfigKeys (ConfUtils.java:logGet(43)) - raft.server.staging.catchup.gap = 1000 (default)
2019-10-31 11:03:12,723 [29ff7094-9c72-4db4-826b-540cf46770f6@group-E3D2AD751D1A-LeaderElection8] INFO  server.RaftServerConfigKeys (ConfUtils.java:logGet(43)) - raft.server.rpc.sleep.time = 25ms (default)
2019-10-31 11:03:12,723 [7c5c650f-8f7d-41d0-b05b-880bea22fbf8@group-E3D2AD751D1A-LeaderElection7] INFO  impl.RoleInfo (RoleInfo.java:updateAndGet(143)) - 7c5c650f-8f7d-41d0-b05b-880bea22fbf8: start FollowerState
2019-10-31 11:03:12,724 [29ff7094-9c72-4db4-826b-540cf46770f6@group-E3D2AD751D1A-LeaderElection8] INFO  server.RaftServerConfigKeys (ConfUtils.java:logGet(43)) - raft.server.write.element-limit = 4096 (default)
2019-10-31 11:03:12,726 [29ff7094-9c72-4db4-826b-540cf46770f6@group-E3D2AD751D1A-LeaderElection8] INFO  server.RaftServerConfigKeys (ConfUtils.java:logGet(43)) - raft.server.watch.timeout = 10s (default)
2019-10-31 11:03:12,726 [29ff7094-9c72-4db4-826b-540cf46770f6@group-E3D2AD751D1A-LeaderElection8] INFO  server.RaftServerConfigKeys (ConfUtils.java:logGet(43)) - raft.server.watch.timeout.denomination = 1s (default)
2019-10-31 11:03:12,726 [29ff7094-9c72-4db4-826b-540cf46770f6@group-E3D2AD751D1A-LeaderElection8] INFO  server.RaftServerConfigKeys (ConfUtils.java:logGet(43)) - raft.server.watch.element-limit = 65536 (default)
2019-10-31 11:03:12,730 [29ff7094-9c72-4db4-826b-540cf46770f6@group-E3D2AD751D1A-LeaderElection8] INFO  server.RaftServerConfigKeys (ConfUtils.java:logGet(43)) - raft.server.log.appender.snapshot.chunk.size.max = 16MB (=16777216) (default)
2019-10-31 11:03:12,730 [29ff7094-9c72-4db4-826b-540cf46770f6@group-E3D2AD751D1A-LeaderElection8] INFO  server.RaftServerConfigKeys (ConfUtils.java:logGet(43)) - raft.server.log.appender.buffer.byte-limit = 33554432 (custom)
2019-10-31 11:03:12,731 [29ff7094-9c72-4db4-826b-540cf46770f6@group-E3D2AD751D1A-LeaderElection8] INFO  server.RaftServerConfigKeys (ConfUtils.java:logGet(43)) - raft.server.log.appender.buffer.element-limit = 1 (custom)
2019-10-31 11:03:12,734 [29ff7094-9c72-4db4-826b-540cf46770f6@group-E3D2AD751D1A-LeaderElection8] INFO  grpc.GrpcConfigKeys$Server (ConfUtils.java:logGet(43)) - raft.grpc.server.leader.outstanding.appends.max = 128 (default)
2019-10-31 11:03:12,735 [29ff7094-9c72-4db4-826b-540cf46770f6@group-E3D2AD751D1A-LeaderElection8] INFO  server.RaftServerConfigKeys (ConfUtils.java:logGet(43)) - raft.server.rpc.request.timeout = 3000ms (default)
2019-10-31 11:03:12,735 [29ff7094-9c72-4db4-826b-540cf46770f6@group-E3D2AD751D1A-LeaderElection8] INFO  server.RaftServerConfigKeys (ConfUtils.java:logGet(43)) - raft.server.log.appender.install.snapshot.enabled = false (custom)
2019-10-31 11:03:12,737 [29ff7094-9c72-4db4-826b-540cf46770f6@group-E3D2AD751D1A-LeaderElection8] WARN  impl.MetricRegistriesImpl (MetricRegistriesImpl.java:lambda$create$1(61)) - First MetricRegistry has been created without registering reporters. You may need to call MetricRegistries.global().addReportRegistration(...) before.
2019-10-31 11:03:12,739 [29ff7094-9c72-4db4-826b-540cf46770f6@group-E3D2AD751D1A-LeaderElection8] INFO  server.RaftServerConfigKeys (ConfUtils.java:logGet(43)) - raft.server.log.appender.snapshot.chunk.size.max = 16MB (=16777216) (default)
2019-10-31 11:03:12,739 [29ff7094-9c72-4db4-826b-540cf46770f6@group-E3D2AD751D1A-LeaderElection8] INFO  server.RaftServerConfigKeys (ConfUtils.java:logGet(43)) - raft.server.log.appender.buffer.byte-limit = 33554432 (custom)
2019-10-31 11:03:12,739 [29ff7094-9c72-4db4-826b-540cf46770f6@group-E3D2AD751D1A-LeaderElection8] INFO  server.RaftServerConfigKeys (ConfUtils.java:logGet(43)) - raft.server.log.appender.buffer.element-limit = 1 (custom)
2019-10-31 11:03:12,740 [29ff7094-9c72-4db4-826b-540cf46770f6@group-E3D2AD751D1A-LeaderElection8] INFO  grpc.GrpcConfigKeys$Server (ConfUtils.java:logGet(43)) - raft.grpc.server.leader.outstanding.appends.max = 128 (default)
2019-10-31 11:03:12,740 [29ff7094-9c72-4db4-826b-540cf46770f6@group-E3D2AD751D1A-LeaderElection8] INFO  server.RaftServerConfigKeys (ConfUtils.java:logGet(43)) - raft.server.rpc.request.timeout = 3000ms (default)
2019-10-31 11:03:12,740 [29ff7094-9c72-4db4-826b-540cf46770f6@group-E3D2AD751D1A-LeaderElection8] INFO  server.RaftServerConfigKeys (ConfUtils.java:logGet(43)) - raft.server.log.appender.install.snapshot.enabled = false (custom)
2019-10-31 11:03:12,744 [29ff7094-9c72-4db4-826b-540cf46770f6@group-E3D2AD751D1A-LeaderElection8] INFO  impl.RoleInfo (RoleInfo.java:updateAndGet(143)) - 29ff7094-9c72-4db4-826b-540cf46770f6: start LeaderState
2019-10-31 11:03:12,745 [29ff7094-9c72-4db4-826b-540cf46770f6@group-E3D2AD751D1A-LeaderElection8] INFO  segmented.SegmentedRaftLogWorker (SegmentedRaftLogWorker.java:startLogSegment(385)) - 29ff7094-9c72-4db4-826b-540cf46770f6@group-E3D2AD751D1A-SegmentedRaftLogWorker: Starting segment from index:0
2019-10-31 11:03:12,747 [29ff7094-9c72-4db4-826b-540cf46770f6@group-E3D2AD751D1A-LeaderElection8] INFO  impl.RaftServerImpl (ServerState.java:setRaftConf(356)) - 29ff7094-9c72-4db4-826b-540cf46770f6@group-E3D2AD751D1A: set configuration 0: [7c5c650f-8f7d-41d0-b05b-880bea22fbf8:192.168.34.13:34445, c920672d-bbc7-45b4-92a5-b5ae8093f450:192.168.34.13:35054, 29ff7094-9c72-4db4-826b-540cf46770f6:192.168.34.13:32774], old=null at 0
2019-10-31 11:03:12,781 [grpc-default-executor-2] INFO  impl.RaftServerImpl (ServerState.java:setLeader(255)) - 7c5c650f-8f7d-41d0-b05b-880bea22fbf8@group-E3D2AD751D1A: change Leader from null to 29ff7094-9c72-4db4-826b-540cf46770f6 at term 2 for appendEntries, leader elected after 10876ms
2019-10-31 11:03:12,781 [grpc-default-executor-1] INFO  impl.RaftServerImpl (ServerState.java:setLeader(255)) - c920672d-bbc7-45b4-92a5-b5ae8093f450@group-E3D2AD751D1A: change Leader from null to 29ff7094-9c72-4db4-826b-540cf46770f6 at term 2 for appendEntries, leader elected after 10859ms
2019-10-31 11:03:12,800 [29ff7094-9c72-4db4-826b-540cf46770f6@group-E3D2AD751D1A-SegmentedRaftLogWorker] INFO  segmented.SegmentedRaftLogWorker (SegmentedRaftLogWorker.java:execute(576)) - 29ff7094-9c72-4db4-826b-540cf46770f6@group-E3D2AD751D1A-SegmentedRaftLogWorker: created new log segment /workdir/hadoop-ozone/tools/target/test-dir/MiniOzoneClusterImpl-86e53e4a-a806-4c7f-8b97-dbab00a18388/datanode-2/data/ratis/4401cc43-bbc3-424a-8617-e3d2ad751d1a/current/log_inprogress_0
2019-10-31 11:03:12,805 [grpc-default-executor-2] INFO  impl.RaftServerImpl (ServerState.java:setRaftConf(356)) - c920672d-bbc7-45b4-92a5-b5ae8093f450@group-E3D2AD751D1A: set configuration 0: [7c5c650f-8f7d-41d0-b05b-880bea22fbf8:192.168.34.13:34445, c920672d-bbc7-45b4-92a5-b5ae8093f450:192.168.34.13:35054, 29ff7094-9c72-4db4-826b-540cf46770f6:192.168.34.13:32774], old=null at 0
2019-10-31 11:03:12,805 [grpc-default-executor-1] INFO  impl.RaftServerImpl (ServerState.java:setRaftConf(356)) - 7c5c650f-8f7d-41d0-b05b-880bea22fbf8@group-E3D2AD751D1A: set configuration 0: [7c5c650f-8f7d-41d0-b05b-880bea22fbf8:192.168.34.13:34445, c920672d-bbc7-45b4-92a5-b5ae8093f450:192.168.34.13:35054, 29ff7094-9c72-4db4-826b-540cf46770f6:192.168.34.13:32774], old=null at 0
2019-10-31 11:03:12,806 [grpc-default-executor-2] INFO  segmented.SegmentedRaftLogWorker (SegmentedRaftLogWorker.java:startLogSegment(385)) - c920672d-bbc7-45b4-92a5-b5ae8093f450@group-E3D2AD751D1A-SegmentedRaftLogWorker: Starting segment from index:0
2019-10-31 11:03:12,806 [grpc-default-executor-1] INFO  segmented.SegmentedRaftLogWorker (SegmentedRaftLogWorker.java:startLogSegment(385)) - 7c5c650f-8f7d-41d0-b05b-880bea22fbf8@group-E3D2AD751D1A-SegmentedRaftLogWorker: Starting segment from index:0
2019-10-31 11:03:12,844 [7c5c650f-8f7d-41d0-b05b-880bea22fbf8@group-E3D2AD751D1A-SegmentedRaftLogWorker] INFO  segmented.SegmentedRaftLogWorker (SegmentedRaftLogWorker.java:execute(576)) - 7c5c650f-8f7d-41d0-b05b-880bea22fbf8@group-E3D2AD751D1A-SegmentedRaftLogWorker: created new log segment /workdir/hadoop-ozone/tools/target/test-dir/MiniOzoneClusterImpl-86e53e4a-a806-4c7f-8b97-dbab00a18388/datanode-0/data/ratis/4401cc43-bbc3-424a-8617-e3d2ad751d1a/current/log_inprogress_0
2019-10-31 11:03:12,844 [c920672d-bbc7-45b4-92a5-b5ae8093f450@group-E3D2AD751D1A-SegmentedRaftLogWorker] INFO  segmented.SegmentedRaftLogWorker (SegmentedRaftLogWorker.java:execute(576)) - c920672d-bbc7-45b4-92a5-b5ae8093f450@group-E3D2AD751D1A-SegmentedRaftLogWorker: created new log segment /workdir/hadoop-ozone/tools/target/test-dir/MiniOzoneClusterImpl-86e53e4a-a806-4c7f-8b97-dbab00a18388/datanode-1/data/ratis/4401cc43-bbc3-424a-8617-e3d2ad751d1a/current/log_inprogress_0
 0.00% |?                                                                                                    |  0/1 Time: 0:00:07 0.00% |?                                                                                                    |  0/1 Time: 0:00:08 0.00% |?                                                                                                    |  0/1 Time: 0:00:09 0.00% |?                                                                                                    |  0/1 Time: 0:00:10 0.00% |?                                                                                                    |  0/1 Time: 0:00:11 100.00% |?????????????????????????????????????????????????????????????????????????????????????????????????????|  1/1 Time: 0:00:12
2019-10-31 11:03:23,674 [main] INFO  pipeline.SCMPipelineManager (SCMPipelineManager.java:finalizeAndDestroyPipeline(333)) - destroying pipeline:Pipeline[ Id: 4401cc43-bbc3-424a-8617-e3d2ad751d1a, Nodes: 7c5c650f-8f7d-41d0-b05b-880bea22fbf8{ip: 192.168.34.13, host: pr-hdds-2034-ldlpc-1546634455, networkLocation: /default-rack, certSerialId: null}c920672d-bbc7-45b4-92a5-b5ae8093f450{ip: 192.168.34.13, host: pr-hdds-2034-ldlpc-1546634455, networkLocation: /default-rack, certSerialId: null}29ff7094-9c72-4db4-826b-540cf46770f6{ip: 192.168.34.13, host: pr-hdds-2034-ldlpc-1546634455, networkLocation: /default-rack, certSerialId: null}, Type:RATIS, Factor:THREE, State:OPEN]
2019-10-31 11:03:23,674 [main] INFO  pipeline.PipelineStateManager (PipelineStateManager.java:finalizePipeline(123)) - Pipeline Pipeline[ Id: 4401cc43-bbc3-424a-8617-e3d2ad751d1a, Nodes: 7c5c650f-8f7d-41d0-b05b-880bea22fbf8{ip: 192.168.34.13, host: pr-hdds-2034-ldlpc-1546634455, networkLocation: /default-rack, certSerialId: null}c920672d-bbc7-45b4-92a5-b5ae8093f450{ip: 192.168.34.13, host: pr-hdds-2034-ldlpc-1546634455, networkLocation: /default-rack, certSerialId: null}29ff7094-9c72-4db4-826b-540cf46770f6{ip: 192.168.34.13, host: pr-hdds-2034-ldlpc-1546634455, networkLocation: /default-rack, certSerialId: null}, Type:RATIS, Factor:THREE, State:CLOSED] moved to CLOSED state
2019-10-31 11:03:23,675 [EventQueue-CloseContainerForCloseContainerEventHandler] INFO  container.CloseContainerEventHandler (CloseContainerEventHandler.java:onMessage(61)) - Close container Event triggered for container : #1
2019-10-31 11:03:23,676 [main] INFO  pipeline.RatisPipelineProvider (RatisPipelineProvider.java:lambda$close$5(208)) - Send pipeline:PipelineID=4401cc43-bbc3-424a-8617-e3d2ad751d1a close command to datanode 7c5c650f-8f7d-41d0-b05b-880bea22fbf8
2019-10-31 11:03:23,677 [main] INFO  pipeline.RatisPipelineProvider (RatisPipelineProvider.java:lambda$close$5(208)) - Send pipeline:PipelineID=4401cc43-bbc3-424a-8617-e3d2ad751d1a close command to datanode c920672d-bbc7-45b4-92a5-b5ae8093f450
2019-10-31 11:03:23,678 [main] INFO  pipeline.RatisPipelineProvider (RatisPipelineProvider.java:lambda$close$5(208)) - Send pipeline:PipelineID=4401cc43-bbc3-424a-8617-e3d2ad751d1a close command to datanode 29ff7094-9c72-4db4-826b-540cf46770f6
2019-10-31 11:03:23,678 [main] INFO  pipeline.PipelineStateManager (PipelineStateManager.java:removePipeline(108)) - Pipeline Pipeline[ Id: 4401cc43-bbc3-424a-8617-e3d2ad751d1a, Nodes: 7c5c650f-8f7d-41d0-b05b-880bea22fbf8{ip: 192.168.34.13, host: pr-hdds-2034-ldlpc-1546634455, networkLocation: /default-rack, certSerialId: null}c920672d-bbc7-45b4-92a5-b5ae8093f450{ip: 192.168.34.13, host: pr-hdds-2034-ldlpc-1546634455, networkLocation: /default-rack, certSerialId: null}29ff7094-9c72-4db4-826b-540cf46770f6{ip: 192.168.34.13, host: pr-hdds-2034-ldlpc-1546634455, networkLocation: /default-rack, certSerialId: null}, Type:RATIS, Factor:THREE, State:CLOSED] removed from db
2019-10-31 11:03:23,679 [EventQueue-CloseContainerForCloseContainerEventHandler] INFO  container.CloseContainerEventHandler (CloseContainerEventHandler.java:onMessage(61)) - Close container Event triggered for container : #2
2019-10-31 11:03:23,681 [RatisPipelineUtilsThread] INFO  pipeline.RatisPipelineProvider (RatisPipelineProvider.java:lambda$create$4(163)) - Send pipeline:PipelineID=313332ab-3849-4fbc-aeec-2d3467a87ff8 create command to datanode 7c5c650f-8f7d-41d0-b05b-880bea22fbf8
2019-10-31 11:03:23,681 [EventQueue-CloseContainerForCloseContainerEventHandler] ERROR container.CloseContainerEventHandler (CloseContainerEventHandler.java:onMessage(89)) - Failed to close the container #2.
org.apache.hadoop.hdds.scm.pipeline.PipelineNotFoundException: PipelineID=4401cc43-bbc3-424a-8617-e3d2ad751d1a not found
	at org.apache.hadoop.hdds.scm.pipeline.PipelineStateMap.removeContainerFromPipeline(PipelineStateMap.java:351)
	at org.apache.hadoop.hdds.scm.pipeline.PipelineStateManager.removeContainerFromPipeline(PipelineStateManager.java:114)
	at org.apache.hadoop.hdds.scm.pipeline.SCMPipelineManager.removeContainerFromPipeline(SCMPipelineManager.java:286)
	at org.apache.hadoop.hdds.scm.container.SCMContainerManager.updateContainerState(SCMContainerManager.java:331)
	at org.apache.hadoop.hdds.scm.container.CloseContainerEventHandler.onMessage(CloseContainerEventHandler.java:66)
	at org.apache.hadoop.hdds.scm.container.CloseContainerEventHandler.onMessage(CloseContainerEventHandler.java:45)
	at org.apache.hadoop.hdds.server.events.SingleThreadExecutor.lambda$onMessage$1(SingleThreadExecutor.java:85)
	at java.util.concurrent.ThreadPoolExecutor.runWorker(ThreadPoolExecutor.java:1149)
	at java.util.concurrent.ThreadPoolExecutor$Worker.run(ThreadPoolExecutor.java:624)
	at java.lang.Thread.run(Thread.java:748)
2019-10-31 11:03:23,684 [EventQueue-CloseContainerForCloseContainerEventHandler] INFO  container.CloseContainerEventHandler (CloseContainerEventHandler.java:onMessage(61)) - Close container Event triggered for container : #3
2019-10-31 11:03:23,682 [RatisPipelineUtilsThread] INFO  pipeline.RatisPipelineProvider (RatisPipelineProvider.java:lambda$create$4(163)) - Send pipeline:PipelineID=313332ab-3849-4fbc-aeec-2d3467a87ff8 create command to datanode c920672d-bbc7-45b4-92a5-b5ae8093f450
2019-10-31 11:03:23,685 [RatisPipelineUtilsThread] INFO  pipeline.RatisPipelineProvider (RatisPipelineProvider.java:lambda$create$4(163)) - Send pipeline:PipelineID=313332ab-3849-4fbc-aeec-2d3467a87ff8 create command to datanode 29ff7094-9c72-4db4-826b-540cf46770f6
2019-10-31 11:03:23,686 [EventQueue-CloseContainerForCloseContainerEventHandler] ERROR container.CloseContainerEventHandler (CloseContainerEventHandler.java:onMessage(89)) - Failed to close the container #3.
org.apache.hadoop.hdds.scm.pipeline.PipelineNotFoundException: PipelineID=4401cc43-bbc3-424a-8617-e3d2ad751d1a not found
	at org.apache.hadoop.hdds.scm.pipeline.PipelineStateMap.removeContainerFromPipeline(PipelineStateMap.java:351)
	at org.apache.hadoop.hdds.scm.pipeline.PipelineStateManager.removeContainerFromPipeline(PipelineStateManager.java:114)
	at org.apache.hadoop.hdds.scm.pipeline.SCMPipelineManager.removeContainerFromPipeline(SCMPipelineManager.java:286)
	at org.apache.hadoop.hdds.scm.container.SCMContainerManager.updateContainerState(SCMContainerManager.java:331)
	at org.apache.hadoop.hdds.scm.container.CloseContainerEventHandler.onMessage(CloseContainerEventHandler.java:66)
	at org.apache.hadoop.hdds.scm.container.CloseContainerEventHandler.onMessage(CloseContainerEventHandler.java:45)
	at org.apache.hadoop.hdds.server.events.SingleThreadExecutor.lambda$onMessage$1(SingleThreadExecutor.java:85)
	at java.util.concurrent.ThreadPoolExecutor.runWorker(ThreadPoolExecutor.java:1149)
	at java.util.concurrent.ThreadPoolExecutor$Worker.run(ThreadPoolExecutor.java:624)
	at java.lang.Thread.run(Thread.java:748)
2019-10-31 11:03:23,795 [main] INFO  freon.RandomKeyGenerator (RandomKeyGenerator.java:call(283)) - Number of Threads: 10
2019-10-31 11:03:23,795 [main] INFO  freon.RandomKeyGenerator (RandomKeyGenerator.java:call(288)) - Number of Volumes: 1.
2019-10-31 11:03:23,795 [main] INFO  freon.RandomKeyGenerator (RandomKeyGenerator.java:call(289)) - Number of Buckets per Volume: 1.
2019-10-31 11:03:23,795 [main] INFO  freon.RandomKeyGenerator (RandomKeyGenerator.java:call(290)) - Number of Keys per Bucket: 1.
2019-10-31 11:03:23,795 [main] INFO  freon.RandomKeyGenerator (RandomKeyGenerator.java:call(291)) - Key size: 20971520 bytes
2019-10-31 11:03:23,795 [main] INFO  freon.RandomKeyGenerator (RandomKeyGenerator.java:call(292)) - Buffer size: 4096 bytes
2019-10-31 11:03:23,795 [main] INFO  freon.RandomKeyGenerator (RandomKeyGenerator.java:call(293)) - validateWrites : true
2019-10-31 11:03:23,796 [main] INFO  freon.RandomKeyGenerator (RandomKeyGenerator.java:call(307)) - Data validation is enabled.
2019-10-31 11:03:23,797 [main] INFO  freon.RandomKeyGenerator (RandomKeyGenerator.java:call(313)) - Starting progress bar Thread.

2019-10-31 11:03:23,797 [pool-59-thread-1] INFO  rpc.RpcClient (RpcClient.java:createVolume(272)) - Creating Volume: vol-0-57311, with jenkins1000 as owner.
 0.00% |?                                                                                                    |  0/1 Time: 0:00:002019-10-31 11:03:23,800 [IPC Server handler 0 on 36052] INFO  volume.OMVolumeCreateRequest (OMVolumeCreateRequest.java:validateAndUpdateCache(193)) - created volume:vol-0-57311 for user:jenkins1000
2019-10-31 11:03:23,819 [pool-59-thread-2] INFO  rpc.RpcClient (RpcClient.java:createBucket(411)) - Creating Bucket: vol-0-57311/bucket-0-85222, with Versioning false and Storage Type set to DISK and Encryption set to false 
2019-10-31 11:03:23,845 [IPC Server handler 3 on 35600] WARN  block.BlockManagerImpl (BlockManagerImpl.java:allocateBlock(203)) - Pipeline creation failed for type:RATIS factor:THREE. Retrying get pipelines call once.
org.apache.hadoop.hdds.scm.pipeline.InsufficientDatanodesException: Cannot create pipeline of factor 3 using 0 nodes.
	at org.apache.hadoop.hdds.scm.pipeline.RatisPipelineProvider.create(RatisPipelineProvider.java:144)
	at org.apache.hadoop.hdds.scm.pipeline.PipelineFactory.create(PipelineFactory.java:60)
	at org.apache.hadoop.hdds.scm.pipeline.SCMPipelineManager.createPipeline(SCMPipelineManager.java:159)
	at org.apache.hadoop.hdds.scm.block.BlockManagerImpl.allocateBlock(BlockManagerImpl.java:199)
	at org.apache.hadoop.hdds.scm.server.SCMBlockProtocolServer.allocateBlock(SCMBlockProtocolServer.java:187)
	at org.apache.hadoop.hdds.scm.protocol.ScmBlockLocationProtocolServerSideTranslatorPB.allocateScmBlock(ScmBlockLocationProtocolServerSideTranslatorPB.java:159)
	at org.apache.hadoop.hdds.scm.protocol.ScmBlockLocationProtocolServerSideTranslatorPB.processMessage(ScmBlockLocationProtocolServerSideTranslatorPB.java:117)
	at org.apache.hadoop.hdds.server.OzoneProtocolMessageDispatcher.processRequest(OzoneProtocolMessageDispatcher.java:72)
	at org.apache.hadoop.hdds.scm.protocol.ScmBlockLocationProtocolServerSideTranslatorPB.send(ScmBlockLocationProtocolServerSideTranslatorPB.java:98)
	at org.apache.hadoop.hdds.protocol.proto.ScmBlockLocationProtocolProtos$ScmBlockLocationProtocolService$2.callBlockingMethod(ScmBlockLocationProtocolProtos.java:13157)
	at org.apache.hadoop.ipc.ProtobufRpcEngine$Server$ProtoBufRpcInvoker.call(ProtobufRpcEngine.java:524)
	at org.apache.hadoop.ipc.RPC$Server.call(RPC.java:1025)
	at org.apache.hadoop.ipc.Server$RpcCall.run(Server.java:876)
	at org.apache.hadoop.ipc.Server$RpcCall.run(Server.java:822)
	at java.security.AccessController.doPrivileged(Native Method)
	at javax.security.auth.Subject.doAs(Subject.java:422)
	at org.apache.hadoop.security.UserGroupInformation.doAs(UserGroupInformation.java:1730)
	at org.apache.hadoop.ipc.Server$Handler.run(Server.java:2682)
2019-10-31 11:03:23,846 [IPC Server handler 3 on 35600] INFO  block.BlockManagerImpl (BlockManagerImpl.java:allocateBlock(215)) - Could not find available pipeline of type:RATIS and factor:THREE even after retrying
2019-10-31 11:03:23,846 [IPC Server handler 3 on 35600] ERROR block.BlockManagerImpl (BlockManagerImpl.java:allocateBlock(239)) - Unable to allocate a block for the size: 4194304, type: RATIS, factor: THREE
2019-10-31 11:03:23,847 [IPC Server handler 3 on 35600] WARN  block.BlockManagerImpl (BlockManagerImpl.java:allocateBlock(203)) - Pipeline creation failed for type:RATIS factor:THREE. Retrying get pipelines call once.
org.apache.hadoop.hdds.scm.pipeline.InsufficientDatanodesException: Cannot create pipeline of factor 3 using 0 nodes.
	at org.apache.hadoop.hdds.scm.pipeline.RatisPipelineProvider.create(RatisPipelineProvider.java:144)
	at org.apache.hadoop.hdds.scm.pipeline.PipelineFactory.create(PipelineFactory.java:60)
	at org.apache.hadoop.hdds.scm.pipeline.SCMPipelineManager.createPipeline(SCMPipelineManager.java:159)
	at org.apache.hadoop.hdds.scm.block.BlockManagerImpl.allocateBlock(BlockManagerImpl.java:199)
	at org.apache.hadoop.hdds.scm.server.SCMBlockProtocolServer.allocateBlock(SCMBlockProtocolServer.java:187)
	at org.apache.hadoop.hdds.scm.protocol.ScmBlockLocationProtocolServerSideTranslatorPB.allocateScmBlock(ScmBlockLocationProtocolServerSideTranslatorPB.java:159)
	at org.apache.hadoop.hdds.scm.protocol.ScmBlockLocationProtocolServerSideTranslatorPB.processMessage(ScmBlockLocationProtocolServerSideTranslatorPB.java:117)
	at org.apache.hadoop.hdds.server.OzoneProtocolMessageDispatcher.processRequest(OzoneProtocolMessageDispatcher.java:72)
	at org.apache.hadoop.hdds.scm.protocol.ScmBlockLocationProtocolServerSideTranslatorPB.send(ScmBlockLocationProtocolServerSideTranslatorPB.java:98)
	at org.apache.hadoop.hdds.protocol.proto.ScmBlockLocationProtocolProtos$ScmBlockLocationProtocolService$2.callBlockingMethod(ScmBlockLocationProtocolProtos.java:13157)
	at org.apache.hadoop.ipc.ProtobufRpcEngine$Server$ProtoBufRpcInvoker.call(ProtobufRpcEngine.java:524)
	at org.apache.hadoop.ipc.RPC$Server.call(RPC.java:1025)
	at org.apache.hadoop.ipc.Server$RpcCall.run(Server.java:876)
	at org.apache.hadoop.ipc.Server$RpcCall.run(Server.java:822)
	at java.security.AccessController.doPrivileged(Native Method)
	at javax.security.auth.Subject.doAs(Subject.java:422)
	at org.apache.hadoop.security.UserGroupInformation.doAs(UserGroupInformation.java:1730)
	at org.apache.hadoop.ipc.Server$Handler.run(Server.java:2682)
2019-10-31 11:03:23,847 [IPC Server handler 3 on 35600] INFO  block.BlockManagerImpl (BlockManagerImpl.java:allocateBlock(215)) - Could not find available pipeline of type:RATIS and factor:THREE even after retrying
2019-10-31 11:03:23,847 [IPC Server handler 3 on 35600] ERROR block.BlockManagerImpl (BlockManagerImpl.java:allocateBlock(239)) - Unable to allocate a block for the size: 4194304, type: RATIS, factor: THREE
2019-10-31 11:03:23,848 [IPC Server handler 3 on 35600] WARN  block.BlockManagerImpl (BlockManagerImpl.java:allocateBlock(203)) - Pipeline creation failed for type:RATIS factor:THREE. Retrying get pipelines call once.
org.apache.hadoop.hdds.scm.pipeline.InsufficientDatanodesException: Cannot create pipeline of factor 3 using 0 nodes.
	at org.apache.hadoop.hdds.scm.pipeline.RatisPipelineProvider.create(RatisPipelineProvider.java:144)
	at org.apache.hadoop.hdds.scm.pipeline.PipelineFactory.create(PipelineFactory.java:60)
	at org.apache.hadoop.hdds.scm.pipeline.SCMPipelineManager.createPipeline(SCMPipelineManager.java:159)
	at org.apache.hadoop.hdds.scm.block.BlockManagerImpl.allocateBlock(BlockManagerImpl.java:199)
	at org.apache.hadoop.hdds.scm.server.SCMBlockProtocolServer.allocateBlock(SCMBlockProtocolServer.java:187)
	at org.apache.hadoop.hdds.scm.protocol.ScmBlockLocationProtocolServerSideTranslatorPB.allocateScmBlock(ScmBlockLocationProtocolServerSideTranslatorPB.java:159)
	at org.apache.hadoop.hdds.scm.protocol.ScmBlockLocationProtocolServerSideTranslatorPB.processMessage(ScmBlockLocationProtocolServerSideTranslatorPB.java:117)
	at org.apache.hadoop.hdds.server.OzoneProtocolMessageDispatcher.processRequest(OzoneProtocolMessageDispatcher.java:72)
	at org.apache.hadoop.hdds.scm.protocol.ScmBlockLocationProtocolServerSideTranslatorPB.send(ScmBlockLocationProtocolServerSideTranslatorPB.java:98)
	at org.apache.hadoop.hdds.protocol.proto.ScmBlockLocationProtocolProtos$ScmBlockLocationProtocolService$2.callBlockingMethod(ScmBlockLocationProtocolProtos.java:13157)
	at org.apache.hadoop.ipc.ProtobufRpcEngine$Server$ProtoBufRpcInvoker.call(ProtobufRpcEngine.java:524)
	at org.apache.hadoop.ipc.RPC$Server.call(RPC.java:1025)
	at org.apache.hadoop.ipc.Server$RpcCall.run(Server.java:876)
	at org.apache.hadoop.ipc.Server$RpcCall.run(Server.java:822)
	at java.security.AccessController.doPrivileged(Native Method)
	at javax.security.auth.Subject.doAs(Subject.java:422)
	at org.apache.hadoop.security.UserGroupInformation.doAs(UserGroupInformation.java:1730)
	at org.apache.hadoop.ipc.Server$Handler.run(Server.java:2682)
2019-10-31 11:03:23,848 [IPC Server handler 3 on 35600] INFO  block.BlockManagerImpl (BlockManagerImpl.java:allocateBlock(215)) - Could not find available pipeline of type:RATIS and factor:THREE even after retrying
2019-10-31 11:03:23,849 [IPC Server handler 3 on 35600] ERROR block.BlockManagerImpl (BlockManagerImpl.java:allocateBlock(239)) - Unable to allocate a block for the size: 4194304, type: RATIS, factor: THREE
2019-10-31 11:03:23,849 [IPC Server handler 3 on 35600] WARN  block.BlockManagerImpl (BlockManagerImpl.java:allocateBlock(203)) - Pipeline creation failed for type:RATIS factor:THREE. Retrying get pipelines call once.
org.apache.hadoop.hdds.scm.pipeline.InsufficientDatanodesException: Cannot create pipeline of factor 3 using 0 nodes.
	at org.apache.hadoop.hdds.scm.pipeline.RatisPipelineProvider.create(RatisPipelineProvider.java:144)
	at org.apache.hadoop.hdds.scm.pipeline.PipelineFactory.create(PipelineFactory.java:60)
	at org.apache.hadoop.hdds.scm.pipeline.SCMPipelineManager.createPipeline(SCMPipelineManager.java:159)
	at org.apache.hadoop.hdds.scm.block.BlockManagerImpl.allocateBlock(BlockManagerImpl.java:199)
	at org.apache.hadoop.hdds.scm.server.SCMBlockProtocolServer.allocateBlock(SCMBlockProtocolServer.java:187)
	at org.apache.hadoop.hdds.scm.protocol.ScmBlockLocationProtocolServerSideTranslatorPB.allocateScmBlock(ScmBlockLocationProtocolServerSideTranslatorPB.java:159)
	at org.apache.hadoop.hdds.scm.protocol.ScmBlockLocationProtocolServerSideTranslatorPB.processMessage(ScmBlockLocationProtocolServerSideTranslatorPB.java:117)
	at org.apache.hadoop.hdds.server.OzoneProtocolMessageDispatcher.processRequest(OzoneProtocolMessageDispatcher.java:72)
	at org.apache.hadoop.hdds.scm.protocol.ScmBlockLocationProtocolServerSideTranslatorPB.send(ScmBlockLocationProtocolServerSideTranslatorPB.java:98)
	at org.apache.hadoop.hdds.protocol.proto.ScmBlockLocationProtocolProtos$ScmBlockLocationProtocolService$2.callBlockingMethod(ScmBlockLocationProtocolProtos.java:13157)
	at org.apache.hadoop.ipc.ProtobufRpcEngine$Server$ProtoBufRpcInvoker.call(ProtobufRpcEngine.java:524)
	at org.apache.hadoop.ipc.RPC$Server.call(RPC.java:1025)
	at org.apache.hadoop.ipc.Server$RpcCall.run(Server.java:876)
	at org.apache.hadoop.ipc.Server$RpcCall.run(Server.java:822)
	at java.security.AccessController.doPrivileged(Native Method)
	at javax.security.auth.Subject.doAs(Subject.java:422)
	at org.apache.hadoop.security.UserGroupInformation.doAs(UserGroupInformation.java:1730)
	at org.apache.hadoop.ipc.Server$Handler.run(Server.java:2682)
2019-10-31 11:03:23,849 [IPC Server handler 3 on 35600] INFO  block.BlockManagerImpl (BlockManagerImpl.java:allocateBlock(215)) - Could not find available pipeline of type:RATIS and factor:THREE even after retrying
2019-10-31 11:03:23,850 [IPC Server handler 3 on 35600] ERROR block.BlockManagerImpl (BlockManagerImpl.java:allocateBlock(239)) - Unable to allocate a block for the size: 4194304, type: RATIS, factor: THREE
2019-10-31 11:03:23,850 [IPC Server handler 3 on 35600] WARN  block.BlockManagerImpl (BlockManagerImpl.java:allocateBlock(203)) - Pipeline creation failed for type:RATIS factor:THREE. Retrying get pipelines call once.
org.apache.hadoop.hdds.scm.pipeline.InsufficientDatanodesException: Cannot create pipeline of factor 3 using 0 nodes.
	at org.apache.hadoop.hdds.scm.pipeline.RatisPipelineProvider.create(RatisPipelineProvider.java:144)
	at org.apache.hadoop.hdds.scm.pipeline.PipelineFactory.create(PipelineFactory.java:60)
	at org.apache.hadoop.hdds.scm.pipeline.SCMPipelineManager.createPipeline(SCMPipelineManager.java:159)
	at org.apache.hadoop.hdds.scm.block.BlockManagerImpl.allocateBlock(BlockManagerImpl.java:199)
	at org.apache.hadoop.hdds.scm.server.SCMBlockProtocolServer.allocateBlock(SCMBlockProtocolServer.java:187)
	at org.apache.hadoop.hdds.scm.protocol.ScmBlockLocationProtocolServerSideTranslatorPB.allocateScmBlock(ScmBlockLocationProtocolServerSideTranslatorPB.java:159)
	at org.apache.hadoop.hdds.scm.protocol.ScmBlockLocationProtocolServerSideTranslatorPB.processMessage(ScmBlockLocationProtocolServerSideTranslatorPB.java:117)
	at org.apache.hadoop.hdds.server.OzoneProtocolMessageDispatcher.processRequest(OzoneProtocolMessageDispatcher.java:72)
	at org.apache.hadoop.hdds.scm.protocol.ScmBlockLocationProtocolServerSideTranslatorPB.send(ScmBlockLocationProtocolServerSideTranslatorPB.java:98)
	at org.apache.hadoop.hdds.protocol.proto.ScmBlockLocationProtocolProtos$ScmBlockLocationProtocolService$2.callBlockingMethod(ScmBlockLocationProtocolProtos.java:13157)
	at org.apache.hadoop.ipc.ProtobufRpcEngine$Server$ProtoBufRpcInvoker.call(ProtobufRpcEngine.java:524)
	at org.apache.hadoop.ipc.RPC$Server.call(RPC.java:1025)
	at org.apache.hadoop.ipc.Server$RpcCall.run(Server.java:876)
	at org.apache.hadoop.ipc.Server$RpcCall.run(Server.java:822)
	at java.security.AccessController.doPrivileged(Native Method)
	at javax.security.auth.Subject.doAs(Subject.java:422)
	at org.apache.hadoop.security.UserGroupInformation.doAs(UserGroupInformation.java:1730)
	at org.apache.hadoop.ipc.Server$Handler.run(Server.java:2682)
2019-10-31 11:03:23,851 [IPC Server handler 3 on 35600] INFO  block.BlockManagerImpl (BlockManagerImpl.java:allocateBlock(215)) - Could not find available pipeline of type:RATIS and factor:THREE even after retrying
2019-10-31 11:03:23,851 [IPC Server handler 3 on 35600] ERROR block.BlockManagerImpl (BlockManagerImpl.java:allocateBlock(239)) - Unable to allocate a block for the size: 4194304, type: RATIS, factor: THREE
2019-10-31 11:03:23,855 [pool-59-thread-4] ERROR freon.RandomKeyGenerator (RandomKeyGenerator.java:createKey(735)) - Exception while adding key: key-0-95621 in bucket: bucket-0-85222 of volume: vol-0-57311.
INTERNAL_ERROR org.apache.hadoop.ozone.om.exceptions.OMException: Allocated 0 blocks. Requested 5 blocks
	at org.apache.hadoop.ozone.om.protocolPB.OzoneManagerProtocolClientSideTranslatorPB.handleError(OzoneManagerProtocolClientSideTranslatorPB.java:732)
	at org.apache.hadoop.ozone.om.protocolPB.OzoneManagerProtocolClientSideTranslatorPB.openKey(OzoneManagerProtocolClientSideTranslatorPB.java:723)
	at sun.reflect.NativeMethodAccessorImpl.invoke0(Native Method)
	at sun.reflect.NativeMethodAccessorImpl.invoke(NativeMethodAccessorImpl.java:62)
	at sun.reflect.DelegatingMethodAccessorImpl.invoke(DelegatingMethodAccessorImpl.java:43)
	at java.lang.reflect.Method.invoke(Method.java:498)
	at org.apache.hadoop.hdds.tracing.TraceAllMethod.invoke(TraceAllMethod.java:66)
	at com.sun.proxy.$Proxy37.openKey(Unknown Source)
	at org.apache.hadoop.ozone.client.rpc.RpcClient.createKey(RpcClient.java:614)
	at org.apache.hadoop.ozone.client.OzoneBucket.createKey(OzoneBucket.java:325)
	at org.apache.hadoop.ozone.freon.RandomKeyGenerator.createKey(RandomKeyGenerator.java:697)
	at org.apache.hadoop.ozone.freon.RandomKeyGenerator.access$1100(RandomKeyGenerator.java:88)
	at org.apache.hadoop.ozone.freon.RandomKeyGenerator$ObjectCreator.run(RandomKeyGenerator.java:615)
	at java.util.concurrent.Executors$RunnableAdapter.call(Executors.java:511)
	at java.util.concurrent.FutureTask.run(FutureTask.java:266)
	at java.util.concurrent.ThreadPoolExecutor.runWorker(ThreadPoolExecutor.java:1149)
	at java.util.concurrent.ThreadPoolExecutor$Worker.run(ThreadPoolExecutor.java:624)
	at java.lang.Thread.run(Thread.java:748)
 0.00% |?                                                                                                    |  0/1 Time: 0:00:012019-10-31 11:03:25,170 [Command processor thread] INFO  impl.RaftServerProxy (RaftServerProxy.java:remove(95)) - 29ff7094-9c72-4db4-826b-540cf46770f6: remove    LEADER 29ff7094-9c72-4db4-826b-540cf46770f6@group-E3D2AD751D1A:t2, leader=29ff7094-9c72-4db4-826b-540cf46770f6, voted=29ff7094-9c72-4db4-826b-540cf46770f6, raftlog=29ff7094-9c72-4db4-826b-540cf46770f6@group-E3D2AD751D1A-SegmentedRaftLog:OPENED:c77,f77,i77, conf=0: [7c5c650f-8f7d-41d0-b05b-880bea22fbf8:192.168.34.13:34445, c920672d-bbc7-45b4-92a5-b5ae8093f450:192.168.34.13:35054, 29ff7094-9c72-4db4-826b-540cf46770f6:192.168.34.13:32774], old=null RUNNING
2019-10-31 11:03:25,172 [Command processor thread] INFO  impl.RaftServerImpl (RaftServerImpl.java:lambda$shutdown$3(250)) - 29ff7094-9c72-4db4-826b-540cf46770f6@group-E3D2AD751D1A: shutdown
2019-10-31 11:03:25,173 [Command processor thread] INFO  util.JmxRegister (JmxRegister.java:unregister(73)) - Successfully un-registered JMX Bean with object name Ratis:service=RaftServer,group=group-E3D2AD751D1A,id=29ff7094-9c72-4db4-826b-540cf46770f6
2019-10-31 11:03:25,173 [Command processor thread] INFO  impl.RoleInfo (RoleInfo.java:shutdownLeaderState(104)) - 29ff7094-9c72-4db4-826b-540cf46770f6: shutdown LeaderState
2019-10-31 11:03:25,176 [org.apache.ratis.server.impl.LogAppender$AppenderDaemon$$Lambda$683/2100159343@4f6869c2] WARN  server.GrpcLogAppender (GrpcLogAppender.java:mayWait(151)) - 29ff7094-9c72-4db4-826b-540cf46770f6@group-E3D2AD751D1A->7c5c650f-8f7d-41d0-b05b-880bea22fbf8-GrpcLogAppender: Wait interrupted by java.lang.InterruptedException
2019-10-31 11:03:25,177 [org.apache.ratis.server.impl.LogAppender$AppenderDaemon$$Lambda$683/2100159343@3ebc1010] WARN  server.GrpcLogAppender (GrpcLogAppender.java:mayWait(151)) - 29ff7094-9c72-4db4-826b-540cf46770f6@group-E3D2AD751D1A->c920672d-bbc7-45b4-92a5-b5ae8093f450-GrpcLogAppender: Wait interrupted by java.lang.InterruptedException
2019-10-31 11:03:25,177 [Command processor thread] INFO  impl.PendingRequests (PendingRequests.java:sendNotLeaderResponses(206)) - 29ff7094-9c72-4db4-826b-540cf46770f6@group-E3D2AD751D1A-PendingRequests: sendNotLeaderResponses
2019-10-31 11:03:25,183 [Command processor thread] INFO  impl.StateMachineUpdater (StateMachineUpdater.java:stopAndJoin(136)) - 29ff7094-9c72-4db4-826b-540cf46770f6@group-E3D2AD751D1A-StateMachineUpdater: set stopIndex = 77
2019-10-31 11:03:25,183 [grpc-default-executor-3] INFO  server.GrpcServerProtocolService (GrpcServerProtocolService.java:onCompleted(113)) - 7c5c650f-8f7d-41d0-b05b-880bea22fbf8: Completed APPEND_ENTRIES, lastRequest: 29ff7094-9c72-4db4-826b-540cf46770f6->7c5c650f-8f7d-41d0-b05b-880bea22fbf8#81-t2, previous=(t:2, i:77), leaderCommit=77, initializing? false, entries: <empty>
2019-10-31 11:03:25,184 [29ff7094-9c72-4db4-826b-540cf46770f6@group-E3D2AD751D1A-StateMachineUpdater] INFO  ratis.ContainerStateMachine (ContainerStateMachine.java:takeSnapshot(294)) - group-E3D2AD751D1A: Taking a snapshot at:(t:2, i:75) file /workdir/hadoop-ozone/tools/target/test-dir/MiniOzoneClusterImpl-86e53e4a-a806-4c7f-8b97-dbab00a18388/datanode-2/data/ratis/4401cc43-bbc3-424a-8617-e3d2ad751d1a/sm/snapshot.2_75
2019-10-31 11:03:25,183 [grpc-default-executor-1] INFO  server.GrpcServerProtocolService (GrpcServerProtocolService.java:onCompleted(113)) - c920672d-bbc7-45b4-92a5-b5ae8093f450: Completed APPEND_ENTRIES, lastRequest: 29ff7094-9c72-4db4-826b-540cf46770f6->c920672d-bbc7-45b4-92a5-b5ae8093f450#81-t2, previous=(t:2, i:77), leaderCommit=77, initializing? false, entries: <empty>
2019-10-31 11:03:25,185 [grpc-default-executor-3] INFO  server.GrpcLogAppender (GrpcLogAppender.java:onCompleted(308)) - 29ff7094-9c72-4db4-826b-540cf46770f6@group-E3D2AD751D1A->7c5c650f-8f7d-41d0-b05b-880bea22fbf8-AppendLogResponseHandler: follower responses appendEntries COMPLETED
2019-10-31 11:03:25,185 [grpc-default-executor-1] INFO  server.GrpcLogAppender (GrpcLogAppender.java:onCompleted(308)) - 29ff7094-9c72-4db4-826b-540cf46770f6@group-E3D2AD751D1A->c920672d-bbc7-45b4-92a5-b5ae8093f450-AppendLogResponseHandler: follower responses appendEntries COMPLETED
2019-10-31 11:03:25,190 [grpc-default-executor-3] INFO  impl.FollowerInfo (FollowerInfo.java:lambda$new$0(51)) - 29ff7094-9c72-4db4-826b-540cf46770f6@group-E3D2AD751D1A->7c5c650f-8f7d-41d0-b05b-880bea22fbf8: nextIndex: updateUnconditionally 78 -> 77
2019-10-31 11:03:25,190 [grpc-default-executor-1] INFO  impl.FollowerInfo (FollowerInfo.java:lambda$new$0(51)) - 29ff7094-9c72-4db4-826b-540cf46770f6@group-E3D2AD751D1A->c920672d-bbc7-45b4-92a5-b5ae8093f450: nextIndex: updateUnconditionally 78 -> 77
2019-10-31 11:03:25,234 [29ff7094-9c72-4db4-826b-540cf46770f6@group-E3D2AD751D1A-StateMachineUpdater] INFO  ratis.ContainerStateMachine (ContainerStateMachine.java:takeSnapshot(305)) - group-E3D2AD751D1A: Finished taking a snapshot at:(t:2, i:75) file:/workdir/hadoop-ozone/tools/target/test-dir/MiniOzoneClusterImpl-86e53e4a-a806-4c7f-8b97-dbab00a18388/datanode-2/data/ratis/4401cc43-bbc3-424a-8617-e3d2ad751d1a/sm/snapshot.2_75 time:52
2019-10-31 11:03:25,236 [29ff7094-9c72-4db4-826b-540cf46770f6@group-E3D2AD751D1A-StateMachineUpdater] INFO  impl.StateMachineUpdater (StateMachineUpdater.java:takeSnapshot(269)) - 29ff7094-9c72-4db4-826b-540cf46770f6@group-E3D2AD751D1A-StateMachineUpdater: Took a snapshot at index 75
2019-10-31 11:03:25,237 [29ff7094-9c72-4db4-826b-540cf46770f6@group-E3D2AD751D1A-StateMachineUpdater] INFO  impl.StateMachineUpdater (StateMachineUpdater.java:lambda$new$0(84)) - 29ff7094-9c72-4db4-826b-540cf46770f6@group-E3D2AD751D1A-StateMachineUpdater: snapshotIndex: updateIncreasingly -1 -> 75
2019-10-31 11:03:25,241 [29ff7094-9c72-4db4-826b-540cf46770f6@group-E3D2AD751D1A-StateMachineUpdater] INFO  ratis.ContainerStateMachine (ContainerStateMachine.java:takeSnapshot(294)) - group-E3D2AD751D1A: Taking a snapshot at:(t:2, i:75) file /workdir/hadoop-ozone/tools/target/test-dir/MiniOzoneClusterImpl-86e53e4a-a806-4c7f-8b97-dbab00a18388/datanode-2/data/ratis/4401cc43-bbc3-424a-8617-e3d2ad751d1a/sm/snapshot.2_75
2019-10-31 11:03:25,254 [29ff7094-9c72-4db4-826b-540cf46770f6@group-E3D2AD751D1A-StateMachineUpdater] INFO  ratis.ContainerStateMachine (ContainerStateMachine.java:takeSnapshot(305)) - group-E3D2AD751D1A: Finished taking a snapshot at:(t:2, i:75) file:/workdir/hadoop-ozone/tools/target/test-dir/MiniOzoneClusterImpl-86e53e4a-a806-4c7f-8b97-dbab00a18388/datanode-2/data/ratis/4401cc43-bbc3-424a-8617-e3d2ad751d1a/sm/snapshot.2_75 time:12
2019-10-31 11:03:25,254 [29ff7094-9c72-4db4-826b-540cf46770f6@group-E3D2AD751D1A-StateMachineUpdater] INFO  impl.StateMachineUpdater (StateMachineUpdater.java:takeSnapshot(269)) - 29ff7094-9c72-4db4-826b-540cf46770f6@group-E3D2AD751D1A-StateMachineUpdater: Took a snapshot at index 75
2019-10-31 11:03:25,255 [29ff7094-9c72-4db4-826b-540cf46770f6@group-E3D2AD751D1A-StateMachineUpdater] INFO  impl.StateMachineUpdater (StateMachineUpdater.java:lambda$new$0(84)) - 29ff7094-9c72-4db4-826b-540cf46770f6@group-E3D2AD751D1A-StateMachineUpdater: snapshotIndex: updateIncreasingly 75 -> 75
2019-10-31 11:03:25,255 [Command processor thread] INFO  impl.RaftServerImpl (ServerState.java:close(387)) - 29ff7094-9c72-4db4-826b-540cf46770f6@group-E3D2AD751D1A: closes. applyIndex: 77
2019-10-31 11:03:25,257 [29ff7094-9c72-4db4-826b-540cf46770f6@group-E3D2AD751D1A-SegmentedRaftLogWorker] INFO  segmented.SegmentedRaftLogWorker (SegmentedRaftLogWorker.java:run(316)) - 29ff7094-9c72-4db4-826b-540cf46770f6@group-E3D2AD751D1A-SegmentedRaftLogWorker was interrupted, exiting. There are 0 tasks remaining in the queue.
2019-10-31 11:03:25,258 [Command processor thread] INFO  segmented.SegmentedRaftLogWorker (SegmentedRaftLogWorker.java:close(224)) - 29ff7094-9c72-4db4-826b-540cf46770f6@group-E3D2AD751D1A-SegmentedRaftLogWorker close()
2019-10-31 11:03:25,293 [Command processor thread] INFO  interfaces.Container (KeyValueContainer.java:flushAndSyncDB(398)) - Container 1 is synced with bcsId 59.
2019-10-31 11:03:25,294 [Command processor thread] INFO  interfaces.Container (KeyValueContainer.java:flushAndSyncDB(398)) - Container 1 is synced with bcsId 59.
2019-10-31 11:03:25,311 [EventQueue-IncrementalContainerReportForIncrementalContainerReportHandler] INFO  container.IncrementalContainerReportHandler (AbstractContainerReportHandler.java:updateContainerState(171)) - Moving container #1 to QUASI_CLOSED state, datanode 29ff7094-9c72-4db4-826b-540cf46770f6{ip: 192.168.34.13, host: pr-hdds-2034-ldlpc-1546634455, networkLocation: /default-rack, certSerialId: null} reported QUASI_CLOSED replica.
2019-10-31 11:03:25,326 [Command processor thread] INFO  interfaces.Container (KeyValueContainer.java:flushAndSyncDB(398)) - Container 2 is synced with bcsId 75.
2019-10-31 11:03:25,326 [Command processor thread] INFO  interfaces.Container (KeyValueContainer.java:flushAndSyncDB(398)) - Container 2 is synced with bcsId 75.
2019-10-31 11:03:25,342 [EventQueue-IncrementalContainerReportForIncrementalContainerReportHandler] INFO  container.IncrementalContainerReportHandler (AbstractContainerReportHandler.java:updateContainerState(171)) - Moving container #2 to QUASI_CLOSED state, datanode 29ff7094-9c72-4db4-826b-540cf46770f6{ip: 192.168.34.13, host: pr-hdds-2034-ldlpc-1546634455, networkLocation: /default-rack, certSerialId: null} reported QUASI_CLOSED replica.
2019-10-31 11:03:25,367 [Command processor thread] INFO  interfaces.Container (KeyValueContainer.java:flushAndSyncDB(398)) - Container 3 is synced with bcsId 41.
2019-10-31 11:03:25,367 [Command processor thread] INFO  interfaces.Container (KeyValueContainer.java:flushAndSyncDB(398)) - Container 3 is synced with bcsId 41.
2019-10-31 11:03:25,382 [Command processor thread] INFO  commandhandler.ClosePipelineCommandHandler (ClosePipelineCommandHandler.java:handle(78)) - Close Pipeline #id: "4401cc43-bbc3-424a-8617-e3d2ad751d1a"
 command on datanode #29ff7094-9c72-4db4-826b-540cf46770f6.
2019-10-31 11:03:25,384 [EventQueue-IncrementalContainerReportForIncrementalContainerReportHandler] INFO  container.IncrementalContainerReportHandler (AbstractContainerReportHandler.java:updateContainerState(171)) - Moving container #3 to QUASI_CLOSED state, datanode 29ff7094-9c72-4db4-826b-540cf46770f6{ip: 192.168.34.13, host: pr-hdds-2034-ldlpc-1546634455, networkLocation: /default-rack, certSerialId: null} reported QUASI_CLOSED replica.
2019-10-31 11:03:25,384 [Command processor thread] INFO  impl.RaftServerProxy (RaftServerProxy.java:addNew(89)) - 29ff7094-9c72-4db4-826b-540cf46770f6: addNew group-2D3467A87FF8:[7c5c650f-8f7d-41d0-b05b-880bea22fbf8:192.168.34.13:34445, c920672d-bbc7-45b4-92a5-b5ae8093f450:192.168.34.13:35054, 29ff7094-9c72-4db4-826b-540cf46770f6:192.168.34.13:32774] returns group-2D3467A87FF8:java.util.concurrent.CompletableFuture@50abc01d[Not completed]
2019-10-31 11:03:25,387 [pool-47-thread-1] INFO  impl.RaftServerImpl (RaftServerImpl.java:<init>(98)) - 29ff7094-9c72-4db4-826b-540cf46770f6: new RaftServerImpl for group-2D3467A87FF8:[7c5c650f-8f7d-41d0-b05b-880bea22fbf8:192.168.34.13:34445, c920672d-bbc7-45b4-92a5-b5ae8093f450:192.168.34.13:35054, 29ff7094-9c72-4db4-826b-540cf46770f6:192.168.34.13:32774] with ContainerStateMachine:uninitialized
2019-10-31 11:03:25,388 [pool-47-thread-1] INFO  server.RaftServerConfigKeys (ConfUtils.java:logGet(43)) - raft.server.rpc.timeout.min = 5s (custom)
2019-10-31 11:03:25,388 [pool-47-thread-1] INFO  server.RaftServerConfigKeys (ConfUtils.java:logGet(43)) - raft.server.rpc.timeout.max = 5200ms (custom)
2019-10-31 11:03:25,388 [pool-47-thread-1] INFO  server.RaftServerConfigKeys (ConfUtils.java:logGet(43)) - raft.server.rpcslowness.timeout = 120s (custom)
2019-10-31 11:03:25,388 [pool-47-thread-1] INFO  server.RaftServerConfigKeys (ConfUtils.java:logGet(43)) - raft.server.sleep.deviation.threshold = 300 (default)
2019-10-31 11:03:25,388 [pool-47-thread-1] INFO  server.RaftServerConfigKeys (ConfUtils.java:logGet(43)) - raft.server.log.appender.install.snapshot.enabled = false (custom)
2019-10-31 11:03:25,389 [pool-47-thread-1] INFO  impl.RaftServerImpl (ServerState.java:<init>(103)) - 29ff7094-9c72-4db4-826b-540cf46770f6@group-2D3467A87FF8: ConfigurationManager, init=-1: [7c5c650f-8f7d-41d0-b05b-880bea22fbf8:192.168.34.13:34445, c920672d-bbc7-45b4-92a5-b5ae8093f450:192.168.34.13:35054, 29ff7094-9c72-4db4-826b-540cf46770f6:192.168.34.13:32774], old=null, confs=<EMPTY_MAP>
2019-10-31 11:03:25,389 [pool-47-thread-1] INFO  server.RaftServerConfigKeys (ConfUtils.java:logGet(43)) - raft.server.storage.dir = [/workdir/hadoop-ozone/tools/target/test-dir/MiniOzoneClusterImpl-86e53e4a-a806-4c7f-8b97-dbab00a18388/datanode-2/data/ratis] (custom)
2019-10-31 11:03:25,390 [pool-47-thread-1] INFO  server.RaftServerConfigKeys (ConfUtils.java:logGet(43)) - raft.server.log.corruption.policy = EXCEPTION (default)
2019-10-31 11:03:25,390 [pool-47-thread-1] INFO  storage.RaftStorageDirectory (RaftStorageDirectory.java:analyzeStorage(246)) - The storage directory /workdir/hadoop-ozone/tools/target/test-dir/MiniOzoneClusterImpl-86e53e4a-a806-4c7f-8b97-dbab00a18388/datanode-2/data/ratis/313332ab-3849-4fbc-aeec-2d3467a87ff8 does not exist. Creating ...
2019-10-31 11:03:25,394 [pool-47-thread-1] INFO  storage.RaftStorageDirectory (RaftStorageDirectory.java:tryLock(328)) - Lock on /workdir/hadoop-ozone/tools/target/test-dir/MiniOzoneClusterImpl-86e53e4a-a806-4c7f-8b97-dbab00a18388/datanode-2/data/ratis/313332ab-3849-4fbc-aeec-2d3467a87ff8/in_use.lock acquired by nodename 26299@pr-hdds-2034-ldlpc-1546634455
2019-10-31 11:03:25,398 [pool-47-thread-1] INFO  storage.RaftStorage (RaftStorage.java:format(84)) - Storage directory /workdir/hadoop-ozone/tools/target/test-dir/MiniOzoneClusterImpl-86e53e4a-a806-4c7f-8b97-dbab00a18388/datanode-2/data/ratis/313332ab-3849-4fbc-aeec-2d3467a87ff8 has been successfully formatted.
2019-10-31 11:03:25,399 [pool-47-thread-1] INFO  ratis.ContainerStateMachine (ContainerStateMachine.java:loadSnapshot(231)) - group-2D3467A87FF8: The snapshot info is null. Setting the last applied indexto:(t:0, i:~)
2019-10-31 11:03:25,399 [pool-47-thread-1] INFO  server.RaftServerConfigKeys (ConfUtils.java:logGet(43)) - raft.server.notification.no-leader.timeout = 120s (custom)
2019-10-31 11:03:25,399 [pool-47-thread-1] INFO  server.RaftServerConfigKeys (ConfUtils.java:logGet(43)) - raft.server.log.use.memory = false (default)
2019-10-31 11:03:25,399 [pool-47-thread-1] INFO  server.RaftServerConfigKeys (ConfUtils.java:logGet(43)) - raft.server.log.purge.gap = 1000000 (custom)
2019-10-31 11:03:25,400 [pool-47-thread-1] INFO  server.RaftServerConfigKeys (ConfUtils.java:logGet(43)) - raft.server.log.appender.buffer.byte-limit = 33554432 (custom)
2019-10-31 11:03:25,400 [pool-47-thread-1] INFO  server.RaftServerConfigKeys (ConfUtils.java:logGet(43)) - raft.server.log.segment.size.max = 1048576 (custom)
2019-10-31 11:03:25,400 [pool-47-thread-1] INFO  server.RaftServerConfigKeys (ConfUtils.java:logGet(43)) - raft.server.log.segment.cache.num.max = 2 (custom)
2019-10-31 11:03:25,400 [pool-47-thread-1] INFO  segmented.SegmentedRaftLogWorker (SegmentedRaftLogWorker.java:<init>(173)) - new 29ff7094-9c72-4db4-826b-540cf46770f6@group-2D3467A87FF8-SegmentedRaftLogWorker for RaftStorage:Storage Directory /workdir/hadoop-ozone/tools/target/test-dir/MiniOzoneClusterImpl-86e53e4a-a806-4c7f-8b97-dbab00a18388/datanode-2/data/ratis/313332ab-3849-4fbc-aeec-2d3467a87ff8
2019-10-31 11:03:25,400 [pool-47-thread-1] INFO  server.RaftServerConfigKeys (ConfUtils.java:logGet(43)) - raft.server.log.queue.byte-limit = 2147483647 (custom)
2019-10-31 11:03:25,401 [pool-47-thread-1] INFO  server.RaftServerConfigKeys (ConfUtils.java:logGet(43)) - raft.server.log.queue.element-limit = 1024 (custom)
2019-10-31 11:03:25,401 [pool-47-thread-1] INFO  server.RaftServerConfigKeys (ConfUtils.java:logGet(43)) - raft.server.log.segment.size.max = 1048576 (custom)
2019-10-31 11:03:25,401 [pool-47-thread-1] INFO  server.RaftServerConfigKeys (ConfUtils.java:logGet(43)) - raft.server.log.preallocated.size = 16384 (custom)
2019-10-31 11:03:25,401 [pool-47-thread-1] INFO  server.RaftServerConfigKeys (ConfUtils.java:logGet(43)) - raft.server.log.write.buffer.size = 33554432 (custom)
2019-10-31 11:03:25,401 [pool-47-thread-1] INFO  server.RaftServerConfigKeys (ConfUtils.java:logGet(43)) - raft.server.log.force.sync.num = 128 (default)
2019-10-31 11:03:25,402 [pool-47-thread-1] INFO  server.RaftServerConfigKeys (ConfUtils.java:logGet(43)) - raft.server.log.statemachine.data.sync = true (default)
2019-10-31 11:03:25,402 [pool-47-thread-1] INFO  server.RaftServerConfigKeys (ConfUtils.java:logGet(43)) - raft.server.log.statemachine.data.sync.timeout = 10s (default)
2019-10-31 11:03:25,402 [pool-47-thread-1] INFO  server.RaftServerConfigKeys (ConfUtils.java:logGet(43)) - raft.server.log.statemachine.data.sync.timeout.retry = -1 (default)
2019-10-31 11:03:25,402 [pool-47-thread-1] INFO  server.RaftServerConfigKeys (ConfUtils.java:logGet(43)) - raft.server.log.statemachine.data.caching.enabled = true (custom)
2019-10-31 11:03:25,403 [pool-47-thread-1] INFO  segmented.SegmentedRaftLogWorker (SegmentedRaftLogWorker.java:lambda$new$0(128)) - 29ff7094-9c72-4db4-826b-540cf46770f6@group-2D3467A87FF8-SegmentedRaftLogWorker: flushIndex: setUnconditionally 0 -> -1
2019-10-31 11:03:25,403 [pool-47-thread-1] INFO  server.RaftServerConfigKeys (ConfUtils.java:logGet(43)) - raft.server.snapshot.auto.trigger.enabled = true (custom)
2019-10-31 11:03:25,403 [pool-47-thread-1] INFO  server.RaftServerConfigKeys (ConfUtils.java:logGet(43)) - raft.server.snapshot.auto.trigger.threshold = 10000 (custom)
2019-10-31 11:03:25,403 [pool-47-thread-1] INFO  server.RaftServerConfigKeys (ConfUtils.java:logGet(43)) - raft.server.snapshot.retention.file.num = 5 (custom)
2019-10-31 11:03:25,404 [pool-47-thread-1] INFO  server.RaftServerConfigKeys (ConfUtils.java:logGet(43)) - raft.server.retrycache.expirytime = 600000ms (custom)
2019-10-31 11:03:25,404 [pool-47-thread-1] WARN  impl.MetricRegistriesImpl (MetricRegistriesImpl.java:lambda$create$1(61)) - First MetricRegistry has been created without registering reporters. You may need to call MetricRegistries.global().addReportRegistration(...) before.
2019-10-31 11:03:25,404 [pool-47-thread-1] WARN  impl.MetricRegistriesImpl (MetricRegistriesImpl.java:lambda$create$1(61)) - First MetricRegistry has been created without registering reporters. You may need to call MetricRegistries.global().addReportRegistration(...) before.
2019-10-31 11:03:25,405 [pool-47-thread-1] INFO  impl.RaftServerImpl (RaftServerImpl.java:start(184)) - 29ff7094-9c72-4db4-826b-540cf46770f6@group-2D3467A87FF8: start as a follower, conf=-1: [7c5c650f-8f7d-41d0-b05b-880bea22fbf8:192.168.34.13:34445, c920672d-bbc7-45b4-92a5-b5ae8093f450:192.168.34.13:35054, 29ff7094-9c72-4db4-826b-540cf46770f6:192.168.34.13:32774], old=null
2019-10-31 11:03:25,405 [pool-47-thread-1] INFO  impl.RaftServerImpl (RaftServerImpl.java:setRole(173)) - 29ff7094-9c72-4db4-826b-540cf46770f6@group-2D3467A87FF8: changes role from      null to FOLLOWER at term 0 for startAsFollower
2019-10-31 11:03:25,405 [pool-47-thread-1] INFO  impl.RoleInfo (RoleInfo.java:updateAndGet(143)) - 29ff7094-9c72-4db4-826b-540cf46770f6: start FollowerState
2019-10-31 11:03:25,406 [pool-47-thread-1] INFO  util.JmxRegister (JmxRegister.java:tryRegister(44)) - Successfully registered JMX Bean with object name Ratis:service=RaftServer,group=group-2D3467A87FF8,id=29ff7094-9c72-4db4-826b-540cf46770f6
2019-10-31 11:03:25,406 [pool-47-thread-1] WARN  impl.MetricRegistriesImpl (MetricRegistriesImpl.java:lambda$create$1(61)) - First MetricRegistry has been created without registering reporters. You may need to call MetricRegistries.global().addReportRegistration(...) before.
2019-10-31 11:03:25,406 [Command processor thread] INFO  commandhandler.CreatePipelineCommandHandler (CreatePipelineCommandHandler.java:handle(86)) - Create Pipeline RATIS THREE #id: "313332ab-3849-4fbc-aeec-2d3467a87ff8"
 command succeed on datanode 29ff7094-9c72-4db4-826b-540cf46770f6.
2019-10-31 11:03:25,408 [EventQueue-PipelineReportForPipelineReportHandler] INFO  pipeline.PipelineReportHandler (PipelineReportHandler.java:processPipelineReport(104)) - Pipeline THREE PipelineID=313332ab-3849-4fbc-aeec-2d3467a87ff8 reported by 29ff7094-9c72-4db4-826b-540cf46770f6{ip: 192.168.34.13, host: pr-hdds-2034-ldlpc-1546634455, networkLocation: /default-rack, certSerialId: null}
 0.00% |?                                                                                                    |  0/1 Time: 0:00:022019-10-31 11:03:26,197 [Command processor thread] INFO  impl.RaftServerProxy (RaftServerProxy.java:remove(95)) - c920672d-bbc7-45b4-92a5-b5ae8093f450: remove  FOLLOWER c920672d-bbc7-45b4-92a5-b5ae8093f450@group-E3D2AD751D1A:t2, leader=29ff7094-9c72-4db4-826b-540cf46770f6, voted=29ff7094-9c72-4db4-826b-540cf46770f6, raftlog=c920672d-bbc7-45b4-92a5-b5ae8093f450@group-E3D2AD751D1A-SegmentedRaftLog:OPENED:c77,f77,i77, conf=0: [7c5c650f-8f7d-41d0-b05b-880bea22fbf8:192.168.34.13:34445, c920672d-bbc7-45b4-92a5-b5ae8093f450:192.168.34.13:35054, 29ff7094-9c72-4db4-826b-540cf46770f6:192.168.34.13:32774], old=null RUNNING
2019-10-31 11:03:26,197 [Command processor thread] INFO  impl.RaftServerImpl (RaftServerImpl.java:lambda$shutdown$3(250)) - c920672d-bbc7-45b4-92a5-b5ae8093f450@group-E3D2AD751D1A: shutdown
2019-10-31 11:03:26,197 [Command processor thread] INFO  util.JmxRegister (JmxRegister.java:unregister(73)) - Successfully un-registered JMX Bean with object name Ratis:service=RaftServer,group=group-E3D2AD751D1A,id=c920672d-bbc7-45b4-92a5-b5ae8093f450
2019-10-31 11:03:26,198 [Command processor thread] INFO  impl.RaftServerProxy (RaftServerProxy.java:remove(95)) - 7c5c650f-8f7d-41d0-b05b-880bea22fbf8: remove  FOLLOWER 7c5c650f-8f7d-41d0-b05b-880bea22fbf8@group-E3D2AD751D1A:t2, leader=29ff7094-9c72-4db4-826b-540cf46770f6, voted=7c5c650f-8f7d-41d0-b05b-880bea22fbf8, raftlog=7c5c650f-8f7d-41d0-b05b-880bea22fbf8@group-E3D2AD751D1A-SegmentedRaftLog:OPENED:c77,f77,i77, conf=0: [7c5c650f-8f7d-41d0-b05b-880bea22fbf8:192.168.34.13:34445, c920672d-bbc7-45b4-92a5-b5ae8093f450:192.168.34.13:35054, 29ff7094-9c72-4db4-826b-540cf46770f6:192.168.34.13:32774], old=null RUNNING
2019-10-31 11:03:26,198 [Command processor thread] INFO  impl.RoleInfo (RoleInfo.java:shutdownFollowerState(121)) - c920672d-bbc7-45b4-92a5-b5ae8093f450: shutdown FollowerState
2019-10-31 11:03:26,199 [Command processor thread] INFO  impl.RaftServerImpl (RaftServerImpl.java:lambda$shutdown$3(250)) - 7c5c650f-8f7d-41d0-b05b-880bea22fbf8@group-E3D2AD751D1A: shutdown
2019-10-31 11:03:26,201 [Thread-237] INFO  impl.FollowerState (FollowerState.java:run(120)) - c920672d-bbc7-45b4-92a5-b5ae8093f450@group-E3D2AD751D1A-FollowerState was interrupted: java.lang.InterruptedException: sleep interrupted
2019-10-31 11:03:26,200 [c920672d-bbc7-45b4-92a5-b5ae8093f450@group-E3D2AD751D1A-StateMachineUpdater] INFO  ratis.ContainerStateMachine (ContainerStateMachine.java:takeSnapshot(294)) - group-E3D2AD751D1A: Taking a snapshot at:(t:2, i:75) file /workdir/hadoop-ozone/tools/target/test-dir/MiniOzoneClusterImpl-86e53e4a-a806-4c7f-8b97-dbab00a18388/datanode-1/data/ratis/4401cc43-bbc3-424a-8617-e3d2ad751d1a/sm/snapshot.2_75
2019-10-31 11:03:26,201 [Command processor thread] INFO  util.JmxRegister (JmxRegister.java:unregister(73)) - Successfully un-registered JMX Bean with object name Ratis:service=RaftServer,group=group-E3D2AD751D1A,id=7c5c650f-8f7d-41d0-b05b-880bea22fbf8
2019-10-31 11:03:26,201 [Command processor thread] INFO  impl.StateMachineUpdater (StateMachineUpdater.java:stopAndJoin(136)) - c920672d-bbc7-45b4-92a5-b5ae8093f450@group-E3D2AD751D1A-StateMachineUpdater: set stopIndex = 77
2019-10-31 11:03:26,202 [Command processor thread] INFO  impl.RoleInfo (RoleInfo.java:shutdownFollowerState(121)) - 7c5c650f-8f7d-41d0-b05b-880bea22fbf8: shutdown FollowerState
2019-10-31 11:03:26,203 [Command processor thread] INFO  impl.StateMachineUpdater (StateMachineUpdater.java:stopAndJoin(136)) - 7c5c650f-8f7d-41d0-b05b-880bea22fbf8@group-E3D2AD751D1A-StateMachineUpdater: set stopIndex = 77
2019-10-31 11:03:26,203 [Thread-238] INFO  impl.FollowerState (FollowerState.java:run(120)) - 7c5c650f-8f7d-41d0-b05b-880bea22fbf8@group-E3D2AD751D1A-FollowerState was interrupted: java.lang.InterruptedException: sleep interrupted
2019-10-31 11:03:26,203 [7c5c650f-8f7d-41d0-b05b-880bea22fbf8@group-E3D2AD751D1A-StateMachineUpdater] INFO  ratis.ContainerStateMachine (ContainerStateMachine.java:takeSnapshot(294)) - group-E3D2AD751D1A: Taking a snapshot at:(t:2, i:75) file /workdir/hadoop-ozone/tools/target/test-dir/MiniOzoneClusterImpl-86e53e4a-a806-4c7f-8b97-dbab00a18388/datanode-0/data/ratis/4401cc43-bbc3-424a-8617-e3d2ad751d1a/sm/snapshot.2_75
2019-10-31 11:03:26,227 [7c5c650f-8f7d-41d0-b05b-880bea22fbf8@group-E3D2AD751D1A-StateMachineUpdater] INFO  ratis.ContainerStateMachine (ContainerStateMachine.java:takeSnapshot(305)) - group-E3D2AD751D1A: Finished taking a snapshot at:(t:2, i:75) file:/workdir/hadoop-ozone/tools/target/test-dir/MiniOzoneClusterImpl-86e53e4a-a806-4c7f-8b97-dbab00a18388/datanode-0/data/ratis/4401cc43-bbc3-424a-8617-e3d2ad751d1a/sm/snapshot.2_75 time:25
2019-10-31 11:03:26,227 [c920672d-bbc7-45b4-92a5-b5ae8093f450@group-E3D2AD751D1A-StateMachineUpdater] INFO  ratis.ContainerStateMachine (ContainerStateMachine.java:takeSnapshot(305)) - group-E3D2AD751D1A: Finished taking a snapshot at:(t:2, i:75) file:/workdir/hadoop-ozone/tools/target/test-dir/MiniOzoneClusterImpl-86e53e4a-a806-4c7f-8b97-dbab00a18388/datanode-1/data/ratis/4401cc43-bbc3-424a-8617-e3d2ad751d1a/sm/snapshot.2_75 time:27
2019-10-31 11:03:26,228 [7c5c650f-8f7d-41d0-b05b-880bea22fbf8@group-E3D2AD751D1A-StateMachineUpdater] INFO  impl.StateMachineUpdater (StateMachineUpdater.java:takeSnapshot(269)) - 7c5c650f-8f7d-41d0-b05b-880bea22fbf8@group-E3D2AD751D1A-StateMachineUpdater: Took a snapshot at index 75
2019-10-31 11:03:26,228 [c920672d-bbc7-45b4-92a5-b5ae8093f450@group-E3D2AD751D1A-StateMachineUpdater] INFO  impl.StateMachineUpdater (StateMachineUpdater.java:takeSnapshot(269)) - c920672d-bbc7-45b4-92a5-b5ae8093f450@group-E3D2AD751D1A-StateMachineUpdater: Took a snapshot at index 75
2019-10-31 11:03:26,228 [7c5c650f-8f7d-41d0-b05b-880bea22fbf8@group-E3D2AD751D1A-StateMachineUpdater] INFO  impl.StateMachineUpdater (StateMachineUpdater.java:lambda$new$0(84)) - 7c5c650f-8f7d-41d0-b05b-880bea22fbf8@group-E3D2AD751D1A-StateMachineUpdater: snapshotIndex: updateIncreasingly -1 -> 75
2019-10-31 11:03:26,228 [c920672d-bbc7-45b4-92a5-b5ae8093f450@group-E3D2AD751D1A-StateMachineUpdater] INFO  impl.StateMachineUpdater (StateMachineUpdater.java:lambda$new$0(84)) - c920672d-bbc7-45b4-92a5-b5ae8093f450@group-E3D2AD751D1A-StateMachineUpdater: snapshotIndex: updateIncreasingly -1 -> 75
2019-10-31 11:03:26,228 [7c5c650f-8f7d-41d0-b05b-880bea22fbf8@group-E3D2AD751D1A-StateMachineUpdater] INFO  ratis.ContainerStateMachine (ContainerStateMachine.java:takeSnapshot(294)) - group-E3D2AD751D1A: Taking a snapshot at:(t:2, i:75) file /workdir/hadoop-ozone/tools/target/test-dir/MiniOzoneClusterImpl-86e53e4a-a806-4c7f-8b97-dbab00a18388/datanode-0/data/ratis/4401cc43-bbc3-424a-8617-e3d2ad751d1a/sm/snapshot.2_75
2019-10-31 11:03:26,228 [c920672d-bbc7-45b4-92a5-b5ae8093f450@group-E3D2AD751D1A-StateMachineUpdater] INFO  ratis.ContainerStateMachine (ContainerStateMachine.java:takeSnapshot(294)) - group-E3D2AD751D1A: Taking a snapshot at:(t:2, i:75) file /workdir/hadoop-ozone/tools/target/test-dir/MiniOzoneClusterImpl-86e53e4a-a806-4c7f-8b97-dbab00a18388/datanode-1/data/ratis/4401cc43-bbc3-424a-8617-e3d2ad751d1a/sm/snapshot.2_75
2019-10-31 11:03:26,253 [7c5c650f-8f7d-41d0-b05b-880bea22fbf8@group-E3D2AD751D1A-StateMachineUpdater] INFO  ratis.ContainerStateMachine (ContainerStateMachine.java:takeSnapshot(305)) - group-E3D2AD751D1A: Finished taking a snapshot at:(t:2, i:75) file:/workdir/hadoop-ozone/tools/target/test-dir/MiniOzoneClusterImpl-86e53e4a-a806-4c7f-8b97-dbab00a18388/datanode-0/data/ratis/4401cc43-bbc3-424a-8617-e3d2ad751d1a/sm/snapshot.2_75 time:25
2019-10-31 11:03:26,253 [c920672d-bbc7-45b4-92a5-b5ae8093f450@group-E3D2AD751D1A-StateMachineUpdater] INFO  ratis.ContainerStateMachine (ContainerStateMachine.java:takeSnapshot(305)) - group-E3D2AD751D1A: Finished taking a snapshot at:(t:2, i:75) file:/workdir/hadoop-ozone/tools/target/test-dir/MiniOzoneClusterImpl-86e53e4a-a806-4c7f-8b97-dbab00a18388/datanode-1/data/ratis/4401cc43-bbc3-424a-8617-e3d2ad751d1a/sm/snapshot.2_75 time:25
2019-10-31 11:03:26,254 [7c5c650f-8f7d-41d0-b05b-880bea22fbf8@group-E3D2AD751D1A-StateMachineUpdater] INFO  impl.StateMachineUpdater (StateMachineUpdater.java:takeSnapshot(269)) - 7c5c650f-8f7d-41d0-b05b-880bea22fbf8@group-E3D2AD751D1A-StateMachineUpdater: Took a snapshot at index 75
2019-10-31 11:03:26,254 [c920672d-bbc7-45b4-92a5-b5ae8093f450@group-E3D2AD751D1A-StateMachineUpdater] INFO  impl.StateMachineUpdater (StateMachineUpdater.java:takeSnapshot(269)) - c920672d-bbc7-45b4-92a5-b5ae8093f450@group-E3D2AD751D1A-StateMachineUpdater: Took a snapshot at index 75
2019-10-31 11:03:26,254 [7c5c650f-8f7d-41d0-b05b-880bea22fbf8@group-E3D2AD751D1A-StateMachineUpdater] INFO  impl.StateMachineUpdater (StateMachineUpdater.java:lambda$new$0(84)) - 7c5c650f-8f7d-41d0-b05b-880bea22fbf8@group-E3D2AD751D1A-StateMachineUpdater: snapshotIndex: updateIncreasingly 75 -> 75
2019-10-31 11:03:26,254 [c920672d-bbc7-45b4-92a5-b5ae8093f450@group-E3D2AD751D1A-StateMachineUpdater] INFO  impl.StateMachineUpdater (StateMachineUpdater.java:lambda$new$0(84)) - c920672d-bbc7-45b4-92a5-b5ae8093f450@group-E3D2AD751D1A-StateMachineUpdater: snapshotIndex: updateIncreasingly 75 -> 75
2019-10-31 11:03:26,255 [Command processor thread] INFO  impl.RaftServerImpl (ServerState.java:close(387)) - 7c5c650f-8f7d-41d0-b05b-880bea22fbf8@group-E3D2AD751D1A: closes. applyIndex: 77
2019-10-31 11:03:26,255 [Command processor thread] INFO  impl.RaftServerImpl (ServerState.java:close(387)) - c920672d-bbc7-45b4-92a5-b5ae8093f450@group-E3D2AD751D1A: closes. applyIndex: 77
2019-10-31 11:03:26,256 [7c5c650f-8f7d-41d0-b05b-880bea22fbf8@group-E3D2AD751D1A-SegmentedRaftLogWorker] INFO  segmented.SegmentedRaftLogWorker (SegmentedRaftLogWorker.java:run(316)) - 7c5c650f-8f7d-41d0-b05b-880bea22fbf8@group-E3D2AD751D1A-SegmentedRaftLogWorker was interrupted, exiting. There are 0 tasks remaining in the queue.
2019-10-31 11:03:26,256 [c920672d-bbc7-45b4-92a5-b5ae8093f450@group-E3D2AD751D1A-SegmentedRaftLogWorker] INFO  segmented.SegmentedRaftLogWorker (SegmentedRaftLogWorker.java:run(316)) - c920672d-bbc7-45b4-92a5-b5ae8093f450@group-E3D2AD751D1A-SegmentedRaftLogWorker was interrupted, exiting. There are 0 tasks remaining in the queue.
2019-10-31 11:03:26,257 [Command processor thread] INFO  segmented.SegmentedRaftLogWorker (SegmentedRaftLogWorker.java:close(224)) - 7c5c650f-8f7d-41d0-b05b-880bea22fbf8@group-E3D2AD751D1A-SegmentedRaftLogWorker close()
2019-10-31 11:03:26,258 [Command processor thread] INFO  segmented.SegmentedRaftLogWorker (SegmentedRaftLogWorker.java:close(224)) - c920672d-bbc7-45b4-92a5-b5ae8093f450@group-E3D2AD751D1A-SegmentedRaftLogWorker close()
2019-10-31 11:03:26,303 [Command processor thread] INFO  interfaces.Container (KeyValueContainer.java:flushAndSyncDB(398)) - Container 1 is synced with bcsId 59.
2019-10-31 11:03:26,303 [Command processor thread] INFO  interfaces.Container (KeyValueContainer.java:flushAndSyncDB(398)) - Container 1 is synced with bcsId 59.
2019-10-31 11:03:26,304 [Command processor thread] INFO  interfaces.Container (KeyValueContainer.java:flushAndSyncDB(398)) - Container 1 is synced with bcsId 59.
2019-10-31 11:03:26,305 [Command processor thread] INFO  interfaces.Container (KeyValueContainer.java:flushAndSyncDB(398)) - Container 1 is synced with bcsId 59.
2019-10-31 11:03:26,336 [Command processor thread] INFO  interfaces.Container (KeyValueContainer.java:flushAndSyncDB(398)) - Container 2 is synced with bcsId 75.
2019-10-31 11:03:26,336 [Command processor thread] INFO  interfaces.Container (KeyValueContainer.java:flushAndSyncDB(398)) - Container 2 is synced with bcsId 75.
2019-10-31 11:03:26,337 [Command processor thread] INFO  interfaces.Container (KeyValueContainer.java:flushAndSyncDB(398)) - Container 2 is synced with bcsId 75.
2019-10-31 11:03:26,337 [Command processor thread] INFO  interfaces.Container (KeyValueContainer.java:flushAndSyncDB(398)) - Container 2 is synced with bcsId 75.
2019-10-31 11:03:26,369 [Command processor thread] INFO  interfaces.Container (KeyValueContainer.java:flushAndSyncDB(398)) - Container 3 is synced with bcsId 41.
2019-10-31 11:03:26,369 [Command processor thread] INFO  interfaces.Container (KeyValueContainer.java:flushAndSyncDB(398)) - Container 3 is synced with bcsId 41.
2019-10-31 11:03:26,370 [Command processor thread] INFO  interfaces.Container (KeyValueContainer.java:flushAndSyncDB(398)) - Container 3 is synced with bcsId 41.
2019-10-31 11:03:26,370 [Command processor thread] INFO  interfaces.Container (KeyValueContainer.java:flushAndSyncDB(398)) - Container 3 is synced with bcsId 41.
2019-10-31 11:03:26,378 [Command processor thread] INFO  commandhandler.ClosePipelineCommandHandler (ClosePipelineCommandHandler.java:handle(78)) - Close Pipeline #id: "4401cc43-bbc3-424a-8617-e3d2ad751d1a"
 command on datanode #c920672d-bbc7-45b4-92a5-b5ae8093f450.
2019-10-31 11:03:26,378 [Command processor thread] INFO  commandhandler.ClosePipelineCommandHandler (ClosePipelineCommandHandler.java:handle(78)) - Close Pipeline #id: "4401cc43-bbc3-424a-8617-e3d2ad751d1a"
 command on datanode #7c5c650f-8f7d-41d0-b05b-880bea22fbf8.
2019-10-31 11:03:26,380 [Command processor thread] INFO  impl.RaftServerProxy (RaftServerProxy.java:addNew(89)) - c920672d-bbc7-45b4-92a5-b5ae8093f450: addNew group-2D3467A87FF8:[7c5c650f-8f7d-41d0-b05b-880bea22fbf8:192.168.34.13:34445, c920672d-bbc7-45b4-92a5-b5ae8093f450:192.168.34.13:35054, 29ff7094-9c72-4db4-826b-540cf46770f6:192.168.34.13:32774] returns group-2D3467A87FF8:java.util.concurrent.CompletableFuture@1f0e5973[Not completed]
2019-10-31 11:03:26,380 [Command processor thread] INFO  impl.RaftServerProxy (RaftServerProxy.java:addNew(89)) - 7c5c650f-8f7d-41d0-b05b-880bea22fbf8: addNew group-2D3467A87FF8:[7c5c650f-8f7d-41d0-b05b-880bea22fbf8:192.168.34.13:34445, c920672d-bbc7-45b4-92a5-b5ae8093f450:192.168.34.13:35054, 29ff7094-9c72-4db4-826b-540cf46770f6:192.168.34.13:32774] returns group-2D3467A87FF8:java.util.concurrent.CompletableFuture@14aae350[Not completed]
2019-10-31 11:03:26,383 [pool-27-thread-1] INFO  impl.RaftServerImpl (RaftServerImpl.java:<init>(98)) - 7c5c650f-8f7d-41d0-b05b-880bea22fbf8: new RaftServerImpl for group-2D3467A87FF8:[7c5c650f-8f7d-41d0-b05b-880bea22fbf8:192.168.34.13:34445, c920672d-bbc7-45b4-92a5-b5ae8093f450:192.168.34.13:35054, 29ff7094-9c72-4db4-826b-540cf46770f6:192.168.34.13:32774] with ContainerStateMachine:uninitialized
2019-10-31 11:03:26,383 [pool-27-thread-1] INFO  server.RaftServerConfigKeys (ConfUtils.java:logGet(43)) - raft.server.rpc.timeout.min = 5s (custom)
2019-10-31 11:03:26,383 [pool-27-thread-1] INFO  server.RaftServerConfigKeys (ConfUtils.java:logGet(43)) - raft.server.rpc.timeout.max = 5200ms (custom)
2019-10-31 11:03:26,383 [pool-27-thread-1] INFO  server.RaftServerConfigKeys (ConfUtils.java:logGet(43)) - raft.server.rpcslowness.timeout = 120s (custom)
2019-10-31 11:03:26,383 [pool-27-thread-1] INFO  server.RaftServerConfigKeys (ConfUtils.java:logGet(43)) - raft.server.sleep.deviation.threshold = 300 (default)
2019-10-31 11:03:26,384 [pool-27-thread-1] INFO  server.RaftServerConfigKeys (ConfUtils.java:logGet(43)) - raft.server.log.appender.install.snapshot.enabled = false (custom)
2019-10-31 11:03:26,384 [pool-27-thread-1] INFO  impl.RaftServerImpl (ServerState.java:<init>(103)) - 7c5c650f-8f7d-41d0-b05b-880bea22fbf8@group-2D3467A87FF8: ConfigurationManager, init=-1: [7c5c650f-8f7d-41d0-b05b-880bea22fbf8:192.168.34.13:34445, c920672d-bbc7-45b4-92a5-b5ae8093f450:192.168.34.13:35054, 29ff7094-9c72-4db4-826b-540cf46770f6:192.168.34.13:32774], old=null, confs=<EMPTY_MAP>
2019-10-31 11:03:26,384 [pool-37-thread-1] INFO  impl.RaftServerImpl (RaftServerImpl.java:<init>(98)) - c920672d-bbc7-45b4-92a5-b5ae8093f450: new RaftServerImpl for group-2D3467A87FF8:[7c5c650f-8f7d-41d0-b05b-880bea22fbf8:192.168.34.13:34445, c920672d-bbc7-45b4-92a5-b5ae8093f450:192.168.34.13:35054, 29ff7094-9c72-4db4-826b-540cf46770f6:192.168.34.13:32774] with ContainerStateMachine:uninitialized
2019-10-31 11:03:26,384 [pool-27-thread-1] INFO  server.RaftServerConfigKeys (ConfUtils.java:logGet(43)) - raft.server.storage.dir = [/workdir/hadoop-ozone/tools/target/test-dir/MiniOzoneClusterImpl-86e53e4a-a806-4c7f-8b97-dbab00a18388/datanode-0/data/ratis] (custom)
2019-10-31 11:03:26,384 [pool-37-thread-1] INFO  server.RaftServerConfigKeys (ConfUtils.java:logGet(43)) - raft.server.rpc.timeout.min = 5s (custom)
2019-10-31 11:03:26,384 [pool-37-thread-1] INFO  server.RaftServerConfigKeys (ConfUtils.java:logGet(43)) - raft.server.rpc.timeout.max = 5200ms (custom)
2019-10-31 11:03:26,384 [pool-27-thread-1] INFO  server.RaftServerConfigKeys (ConfUtils.java:logGet(43)) - raft.server.log.corruption.policy = EXCEPTION (default)
2019-10-31 11:03:26,384 [pool-37-thread-1] INFO  server.RaftServerConfigKeys (ConfUtils.java:logGet(43)) - raft.server.rpcslowness.timeout = 120s (custom)
2019-10-31 11:03:26,385 [pool-37-thread-1] INFO  server.RaftServerConfigKeys (ConfUtils.java:logGet(43)) - raft.server.sleep.deviation.threshold = 300 (default)
2019-10-31 11:03:26,385 [pool-27-thread-1] INFO  storage.RaftStorageDirectory (RaftStorageDirectory.java:analyzeStorage(246)) - The storage directory /workdir/hadoop-ozone/tools/target/test-dir/MiniOzoneClusterImpl-86e53e4a-a806-4c7f-8b97-dbab00a18388/datanode-0/data/ratis/313332ab-3849-4fbc-aeec-2d3467a87ff8 does not exist. Creating ...
2019-10-31 11:03:26,385 [pool-37-thread-1] INFO  server.RaftServerConfigKeys (ConfUtils.java:logGet(43)) - raft.server.log.appender.install.snapshot.enabled = false (custom)
2019-10-31 11:03:26,385 [pool-37-thread-1] INFO  impl.RaftServerImpl (ServerState.java:<init>(103)) - c920672d-bbc7-45b4-92a5-b5ae8093f450@group-2D3467A87FF8: ConfigurationManager, init=-1: [7c5c650f-8f7d-41d0-b05b-880bea22fbf8:192.168.34.13:34445, c920672d-bbc7-45b4-92a5-b5ae8093f450:192.168.34.13:35054, 29ff7094-9c72-4db4-826b-540cf46770f6:192.168.34.13:32774], old=null, confs=<EMPTY_MAP>
2019-10-31 11:03:26,385 [pool-37-thread-1] INFO  server.RaftServerConfigKeys (ConfUtils.java:logGet(43)) - raft.server.storage.dir = [/workdir/hadoop-ozone/tools/target/test-dir/MiniOzoneClusterImpl-86e53e4a-a806-4c7f-8b97-dbab00a18388/datanode-1/data/ratis] (custom)
2019-10-31 11:03:26,385 [pool-37-thread-1] INFO  server.RaftServerConfigKeys (ConfUtils.java:logGet(43)) - raft.server.log.corruption.policy = EXCEPTION (default)
2019-10-31 11:03:26,386 [pool-37-thread-1] INFO  storage.RaftStorageDirectory (RaftStorageDirectory.java:analyzeStorage(246)) - The storage directory /workdir/hadoop-ozone/tools/target/test-dir/MiniOzoneClusterImpl-86e53e4a-a806-4c7f-8b97-dbab00a18388/datanode-1/data/ratis/313332ab-3849-4fbc-aeec-2d3467a87ff8 does not exist. Creating ...
2019-10-31 11:03:26,392 [pool-37-thread-1] INFO  storage.RaftStorageDirectory (RaftStorageDirectory.java:tryLock(328)) - Lock on /workdir/hadoop-ozone/tools/target/test-dir/MiniOzoneClusterImpl-86e53e4a-a806-4c7f-8b97-dbab00a18388/datanode-1/data/ratis/313332ab-3849-4fbc-aeec-2d3467a87ff8/in_use.lock acquired by nodename 26299@pr-hdds-2034-ldlpc-1546634455
2019-10-31 11:03:26,392 [pool-27-thread-1] INFO  storage.RaftStorageDirectory (RaftStorageDirectory.java:tryLock(328)) - Lock on /workdir/hadoop-ozone/tools/target/test-dir/MiniOzoneClusterImpl-86e53e4a-a806-4c7f-8b97-dbab00a18388/datanode-0/data/ratis/313332ab-3849-4fbc-aeec-2d3467a87ff8/in_use.lock acquired by nodename 26299@pr-hdds-2034-ldlpc-1546634455
2019-10-31 11:03:26,399 [pool-27-thread-1] INFO  storage.RaftStorage (RaftStorage.java:format(84)) - Storage directory /workdir/hadoop-ozone/tools/target/test-dir/MiniOzoneClusterImpl-86e53e4a-a806-4c7f-8b97-dbab00a18388/datanode-0/data/ratis/313332ab-3849-4fbc-aeec-2d3467a87ff8 has been successfully formatted.
2019-10-31 11:03:26,399 [pool-37-thread-1] INFO  storage.RaftStorage (RaftStorage.java:format(84)) - Storage directory /workdir/hadoop-ozone/tools/target/test-dir/MiniOzoneClusterImpl-86e53e4a-a806-4c7f-8b97-dbab00a18388/datanode-1/data/ratis/313332ab-3849-4fbc-aeec-2d3467a87ff8 has been successfully formatted.
2019-10-31 11:03:26,399 [pool-27-thread-1] INFO  ratis.ContainerStateMachine (ContainerStateMachine.java:loadSnapshot(231)) - group-2D3467A87FF8: The snapshot info is null. Setting the last applied indexto:(t:0, i:~)
2019-10-31 11:03:26,399 [pool-37-thread-1] INFO  ratis.ContainerStateMachine (ContainerStateMachine.java:loadSnapshot(231)) - group-2D3467A87FF8: The snapshot info is null. Setting the last applied indexto:(t:0, i:~)
2019-10-31 11:03:26,399 [pool-27-thread-1] INFO  server.RaftServerConfigKeys (ConfUtils.java:logGet(43)) - raft.server.notification.no-leader.timeout = 120s (custom)
2019-10-31 11:03:26,399 [pool-37-thread-1] INFO  server.RaftServerConfigKeys (ConfUtils.java:logGet(43)) - raft.server.notification.no-leader.timeout = 120s (custom)
2019-10-31 11:03:26,399 [pool-27-thread-1] INFO  server.RaftServerConfigKeys (ConfUtils.java:logGet(43)) - raft.server.log.use.memory = false (default)
2019-10-31 11:03:26,399 [pool-37-thread-1] INFO  server.RaftServerConfigKeys (ConfUtils.java:logGet(43)) - raft.server.log.use.memory = false (default)
2019-10-31 11:03:26,400 [pool-27-thread-1] INFO  server.RaftServerConfigKeys (ConfUtils.java:logGet(43)) - raft.server.log.purge.gap = 1000000 (custom)
2019-10-31 11:03:26,400 [pool-37-thread-1] INFO  server.RaftServerConfigKeys (ConfUtils.java:logGet(43)) - raft.server.log.purge.gap = 1000000 (custom)
2019-10-31 11:03:26,400 [pool-27-thread-1] INFO  server.RaftServerConfigKeys (ConfUtils.java:logGet(43)) - raft.server.log.appender.buffer.byte-limit = 33554432 (custom)
2019-10-31 11:03:26,400 [pool-37-thread-1] INFO  server.RaftServerConfigKeys (ConfUtils.java:logGet(43)) - raft.server.log.appender.buffer.byte-limit = 33554432 (custom)
2019-10-31 11:03:26,400 [pool-27-thread-1] INFO  server.RaftServerConfigKeys (ConfUtils.java:logGet(43)) - raft.server.log.segment.size.max = 1048576 (custom)
2019-10-31 11:03:26,400 [pool-37-thread-1] INFO  server.RaftServerConfigKeys (ConfUtils.java:logGet(43)) - raft.server.log.segment.size.max = 1048576 (custom)
2019-10-31 11:03:26,400 [pool-27-thread-1] INFO  server.RaftServerConfigKeys (ConfUtils.java:logGet(43)) - raft.server.log.segment.cache.num.max = 2 (custom)
2019-10-31 11:03:26,400 [pool-37-thread-1] INFO  server.RaftServerConfigKeys (ConfUtils.java:logGet(43)) - raft.server.log.segment.cache.num.max = 2 (custom)
2019-10-31 11:03:26,401 [pool-27-thread-1] INFO  segmented.SegmentedRaftLogWorker (SegmentedRaftLogWorker.java:<init>(173)) - new 7c5c650f-8f7d-41d0-b05b-880bea22fbf8@group-2D3467A87FF8-SegmentedRaftLogWorker for RaftStorage:Storage Directory /workdir/hadoop-ozone/tools/target/test-dir/MiniOzoneClusterImpl-86e53e4a-a806-4c7f-8b97-dbab00a18388/datanode-0/data/ratis/313332ab-3849-4fbc-aeec-2d3467a87ff8
2019-10-31 11:03:26,401 [pool-37-thread-1] INFO  segmented.SegmentedRaftLogWorker (SegmentedRaftLogWorker.java:<init>(173)) - new c920672d-bbc7-45b4-92a5-b5ae8093f450@group-2D3467A87FF8-SegmentedRaftLogWorker for RaftStorage:Storage Directory /workdir/hadoop-ozone/tools/target/test-dir/MiniOzoneClusterImpl-86e53e4a-a806-4c7f-8b97-dbab00a18388/datanode-1/data/ratis/313332ab-3849-4fbc-aeec-2d3467a87ff8
2019-10-31 11:03:26,401 [pool-27-thread-1] INFO  server.RaftServerConfigKeys (ConfUtils.java:logGet(43)) - raft.server.log.queue.byte-limit = 2147483647 (custom)
2019-10-31 11:03:26,401 [pool-37-thread-1] INFO  server.RaftServerConfigKeys (ConfUtils.java:logGet(43)) - raft.server.log.queue.byte-limit = 2147483647 (custom)
2019-10-31 11:03:26,401 [pool-27-thread-1] INFO  server.RaftServerConfigKeys (ConfUtils.java:logGet(43)) - raft.server.log.queue.element-limit = 1024 (custom)
2019-10-31 11:03:26,401 [pool-37-thread-1] INFO  server.RaftServerConfigKeys (ConfUtils.java:logGet(43)) - raft.server.log.queue.element-limit = 1024 (custom)
2019-10-31 11:03:26,401 [pool-27-thread-1] INFO  server.RaftServerConfigKeys (ConfUtils.java:logGet(43)) - raft.server.log.segment.size.max = 1048576 (custom)
2019-10-31 11:03:26,401 [pool-37-thread-1] INFO  server.RaftServerConfigKeys (ConfUtils.java:logGet(43)) - raft.server.log.segment.size.max = 1048576 (custom)
2019-10-31 11:03:26,401 [pool-27-thread-1] INFO  server.RaftServerConfigKeys (ConfUtils.java:logGet(43)) - raft.server.log.preallocated.size = 16384 (custom)
2019-10-31 11:03:26,401 [pool-37-thread-1] INFO  server.RaftServerConfigKeys (ConfUtils.java:logGet(43)) - raft.server.log.preallocated.size = 16384 (custom)
2019-10-31 11:03:26,402 [pool-27-thread-1] INFO  server.RaftServerConfigKeys (ConfUtils.java:logGet(43)) - raft.server.log.write.buffer.size = 33554432 (custom)
2019-10-31 11:03:26,402 [pool-37-thread-1] INFO  server.RaftServerConfigKeys (ConfUtils.java:logGet(43)) - raft.server.log.write.buffer.size = 33554432 (custom)
2019-10-31 11:03:26,402 [pool-27-thread-1] INFO  server.RaftServerConfigKeys (ConfUtils.java:logGet(43)) - raft.server.log.force.sync.num = 128 (default)
2019-10-31 11:03:26,402 [pool-37-thread-1] INFO  server.RaftServerConfigKeys (ConfUtils.java:logGet(43)) - raft.server.log.force.sync.num = 128 (default)
2019-10-31 11:03:26,402 [pool-27-thread-1] INFO  server.RaftServerConfigKeys (ConfUtils.java:logGet(43)) - raft.server.log.statemachine.data.sync = true (default)
2019-10-31 11:03:26,402 [pool-37-thread-1] INFO  server.RaftServerConfigKeys (ConfUtils.java:logGet(43)) - raft.server.log.statemachine.data.sync = true (default)
2019-10-31 11:03:26,402 [pool-27-thread-1] INFO  server.RaftServerConfigKeys (ConfUtils.java:logGet(43)) - raft.server.log.statemachine.data.sync.timeout = 10s (default)
2019-10-31 11:03:26,402 [pool-37-thread-1] INFO  server.RaftServerConfigKeys (ConfUtils.java:logGet(43)) - raft.server.log.statemachine.data.sync.timeout = 10s (default)
2019-10-31 11:03:26,403 [pool-27-thread-1] INFO  server.RaftServerConfigKeys (ConfUtils.java:logGet(43)) - raft.server.log.statemachine.data.sync.timeout.retry = -1 (default)
2019-10-31 11:03:26,403 [pool-37-thread-1] INFO  server.RaftServerConfigKeys (ConfUtils.java:logGet(43)) - raft.server.log.statemachine.data.sync.timeout.retry = -1 (default)
2019-10-31 11:03:26,403 [pool-27-thread-1] INFO  server.RaftServerConfigKeys (ConfUtils.java:logGet(43)) - raft.server.log.statemachine.data.caching.enabled = true (custom)
2019-10-31 11:03:26,403 [pool-37-thread-1] INFO  server.RaftServerConfigKeys (ConfUtils.java:logGet(43)) - raft.server.log.statemachine.data.caching.enabled = true (custom)
2019-10-31 11:03:26,403 [pool-37-thread-1] INFO  segmented.SegmentedRaftLogWorker (SegmentedRaftLogWorker.java:lambda$new$0(128)) - c920672d-bbc7-45b4-92a5-b5ae8093f450@group-2D3467A87FF8-SegmentedRaftLogWorker: flushIndex: setUnconditionally 0 -> -1
2019-10-31 11:03:26,403 [pool-27-thread-1] INFO  segmented.SegmentedRaftLogWorker (SegmentedRaftLogWorker.java:lambda$new$0(128)) - 7c5c650f-8f7d-41d0-b05b-880bea22fbf8@group-2D3467A87FF8-SegmentedRaftLogWorker: flushIndex: setUnconditionally 0 -> -1
2019-10-31 11:03:26,404 [pool-37-thread-1] INFO  server.RaftServerConfigKeys (ConfUtils.java:logGet(43)) - raft.server.snapshot.auto.trigger.enabled = true (custom)
2019-10-31 11:03:26,404 [pool-37-thread-1] INFO  server.RaftServerConfigKeys (ConfUtils.java:logGet(43)) - raft.server.snapshot.auto.trigger.threshold = 10000 (custom)
2019-10-31 11:03:26,404 [pool-27-thread-1] INFO  server.RaftServerConfigKeys (ConfUtils.java:logGet(43)) - raft.server.snapshot.auto.trigger.enabled = true (custom)
2019-10-31 11:03:26,404 [pool-37-thread-1] INFO  server.RaftServerConfigKeys (ConfUtils.java:logGet(43)) - raft.server.snapshot.retention.file.num = 5 (custom)
2019-10-31 11:03:26,404 [pool-27-thread-1] INFO  server.RaftServerConfigKeys (ConfUtils.java:logGet(43)) - raft.server.snapshot.auto.trigger.threshold = 10000 (custom)
2019-10-31 11:03:26,404 [pool-37-thread-1] INFO  server.RaftServerConfigKeys (ConfUtils.java:logGet(43)) - raft.server.retrycache.expirytime = 600000ms (custom)
2019-10-31 11:03:26,404 [pool-27-thread-1] INFO  server.RaftServerConfigKeys (ConfUtils.java:logGet(43)) - raft.server.snapshot.retention.file.num = 5 (custom)
2019-10-31 11:03:26,404 [pool-37-thread-1] WARN  impl.MetricRegistriesImpl (MetricRegistriesImpl.java:lambda$create$1(61)) - First MetricRegistry has been created without registering reporters. You may need to call MetricRegistries.global().addReportRegistration(...) before.
2019-10-31 11:03:26,404 [pool-27-thread-1] INFO  server.RaftServerConfigKeys (ConfUtils.java:logGet(43)) - raft.server.retrycache.expirytime = 600000ms (custom)
2019-10-31 11:03:26,404 [pool-37-thread-1] WARN  impl.MetricRegistriesImpl (MetricRegistriesImpl.java:lambda$create$1(61)) - First MetricRegistry has been created without registering reporters. You may need to call MetricRegistries.global().addReportRegistration(...) before.
2019-10-31 11:03:26,405 [pool-27-thread-1] WARN  impl.MetricRegistriesImpl (MetricRegistriesImpl.java:lambda$create$1(61)) - First MetricRegistry has been created without registering reporters. You may need to call MetricRegistries.global().addReportRegistration(...) before.
2019-10-31 11:03:26,405 [pool-37-thread-1] INFO  impl.RaftServerImpl (RaftServerImpl.java:start(184)) - c920672d-bbc7-45b4-92a5-b5ae8093f450@group-2D3467A87FF8: start as a follower, conf=-1: [7c5c650f-8f7d-41d0-b05b-880bea22fbf8:192.168.34.13:34445, c920672d-bbc7-45b4-92a5-b5ae8093f450:192.168.34.13:35054, 29ff7094-9c72-4db4-826b-540cf46770f6:192.168.34.13:32774], old=null
2019-10-31 11:03:26,405 [pool-27-thread-1] WARN  impl.MetricRegistriesImpl (MetricRegistriesImpl.java:lambda$create$1(61)) - First MetricRegistry has been created without registering reporters. You may need to call MetricRegistries.global().addReportRegistration(...) before.
2019-10-31 11:03:26,405 [pool-37-thread-1] INFO  impl.RaftServerImpl (RaftServerImpl.java:setRole(173)) - c920672d-bbc7-45b4-92a5-b5ae8093f450@group-2D3467A87FF8: changes role from      null to FOLLOWER at term 0 for startAsFollower
2019-10-31 11:03:26,405 [pool-37-thread-1] INFO  impl.RoleInfo (RoleInfo.java:updateAndGet(143)) - c920672d-bbc7-45b4-92a5-b5ae8093f450: start FollowerState
2019-10-31 11:03:26,405 [pool-27-thread-1] INFO  impl.RaftServerImpl (RaftServerImpl.java:start(184)) - 7c5c650f-8f7d-41d0-b05b-880bea22fbf8@group-2D3467A87FF8: start as a follower, conf=-1: [7c5c650f-8f7d-41d0-b05b-880bea22fbf8:192.168.34.13:34445, c920672d-bbc7-45b4-92a5-b5ae8093f450:192.168.34.13:35054, 29ff7094-9c72-4db4-826b-540cf46770f6:192.168.34.13:32774], old=null
2019-10-31 11:03:26,405 [pool-27-thread-1] INFO  impl.RaftServerImpl (RaftServerImpl.java:setRole(173)) - 7c5c650f-8f7d-41d0-b05b-880bea22fbf8@group-2D3467A87FF8: changes role from      null to FOLLOWER at term 0 for startAsFollower
2019-10-31 11:03:26,406 [pool-27-thread-1] INFO  impl.RoleInfo (RoleInfo.java:updateAndGet(143)) - 7c5c650f-8f7d-41d0-b05b-880bea22fbf8: start FollowerState
2019-10-31 11:03:26,406 [pool-37-thread-1] INFO  util.JmxRegister (JmxRegister.java:tryRegister(44)) - Successfully registered JMX Bean with object name Ratis:service=RaftServer,group=group-2D3467A87FF8,id=c920672d-bbc7-45b4-92a5-b5ae8093f450
2019-10-31 11:03:26,406 [pool-37-thread-1] WARN  impl.MetricRegistriesImpl (MetricRegistriesImpl.java:lambda$create$1(61)) - First MetricRegistry has been created without registering reporters. You may need to call MetricRegistries.global().addReportRegistration(...) before.
2019-10-31 11:03:26,406 [pool-27-thread-1] INFO  util.JmxRegister (JmxRegister.java:tryRegister(44)) - Successfully registered JMX Bean with object name Ratis:service=RaftServer,group=group-2D3467A87FF8,id=7c5c650f-8f7d-41d0-b05b-880bea22fbf8
2019-10-31 11:03:26,406 [pool-27-thread-1] WARN  impl.MetricRegistriesImpl (MetricRegistriesImpl.java:lambda$create$1(61)) - First MetricRegistry has been created without registering reporters. You may need to call MetricRegistries.global().addReportRegistration(...) before.
2019-10-31 11:03:26,406 [Command processor thread] INFO  commandhandler.CreatePipelineCommandHandler (CreatePipelineCommandHandler.java:handle(86)) - Create Pipeline RATIS THREE #id: "313332ab-3849-4fbc-aeec-2d3467a87ff8"
 command succeed on datanode c920672d-bbc7-45b4-92a5-b5ae8093f450.
2019-10-31 11:03:26,407 [Command processor thread] INFO  commandhandler.CreatePipelineCommandHandler (CreatePipelineCommandHandler.java:handle(86)) - Create Pipeline RATIS THREE #id: "313332ab-3849-4fbc-aeec-2d3467a87ff8"
 command succeed on datanode 7c5c650f-8f7d-41d0-b05b-880bea22fbf8.
2019-10-31 11:03:26,408 [EventQueue-PipelineReportForPipelineReportHandler] INFO  pipeline.PipelineReportHandler (PipelineReportHandler.java:processPipelineReport(104)) - Pipeline THREE PipelineID=313332ab-3849-4fbc-aeec-2d3467a87ff8 reported by 7c5c650f-8f7d-41d0-b05b-880bea22fbf8{ip: 192.168.34.13, host: pr-hdds-2034-ldlpc-1546634455, networkLocation: /default-rack, certSerialId: null}
2019-10-31 11:03:26,409 [EventQueue-PipelineReportForPipelineReportHandler] INFO  pipeline.PipelineReportHandler (PipelineReportHandler.java:processPipelineReport(104)) - Pipeline THREE PipelineID=313332ab-3849-4fbc-aeec-2d3467a87ff8 reported by c920672d-bbc7-45b4-92a5-b5ae8093f450{ip: 192.168.34.13, host: pr-hdds-2034-ldlpc-1546634455, networkLocation: /default-rack, certSerialId: null}
2019-10-31 11:03:26,409 [EventQueue-PipelineReportForPipelineReportHandler] INFO  pipeline.PipelineStateManager (PipelineStateManager.java:openPipeline(134)) - Pipeline Pipeline[ Id: 313332ab-3849-4fbc-aeec-2d3467a87ff8, Nodes: 7c5c650f-8f7d-41d0-b05b-880bea22fbf8{ip: 192.168.34.13, host: pr-hdds-2034-ldlpc-1546634455, networkLocation: /default-rack, certSerialId: null}c920672d-bbc7-45b4-92a5-b5ae8093f450{ip: 192.168.34.13, host: pr-hdds-2034-ldlpc-1546634455, networkLocation: /default-rack, certSerialId: null}29ff7094-9c72-4db4-826b-540cf46770f6{ip: 192.168.34.13, host: pr-hdds-2034-ldlpc-1546634455, networkLocation: /default-rack, certSerialId: null}, Type:RATIS, Factor:THREE, State:ALLOCATED] moved to OPEN state
 0.00% |?                                                                                                    |  0/1 Time: 0:00:03 0.00% |?                                                                                                    |  0/1 Time: 0:00:04 100.00% |?????????????????????????????????????????????????????????????????????????????????????????????????????|  1/1 Time: 0:00:05
2019-10-31 11:03:30,487 [Thread-483] INFO  impl.FollowerState (FollowerState.java:run(111)) - 29ff7094-9c72-4db4-826b-540cf46770f6@group-2D3467A87FF8-FollowerState: change to CANDIDATE, lastRpcTime:5081ms, electionTimeout:5081ms
2019-10-31 11:03:30,488 [Thread-483] INFO  impl.RoleInfo (RoleInfo.java:shutdownFollowerState(121)) - 29ff7094-9c72-4db4-826b-540cf46770f6: shutdown FollowerState
2019-10-31 11:03:30,488 [Thread-483] INFO  impl.RaftServerImpl (RaftServerImpl.java:setRole(173)) - 29ff7094-9c72-4db4-826b-540cf46770f6@group-2D3467A87FF8: changes role from  FOLLOWER to CANDIDATE at term 0 for changeToCandidate
2019-10-31 11:03:30,489 [Thread-483] INFO  impl.RoleInfo (RoleInfo.java:updateAndGet(143)) - 29ff7094-9c72-4db4-826b-540cf46770f6: start LeaderElection
2019-10-31 11:03:30,518 [29ff7094-9c72-4db4-826b-540cf46770f6@group-2D3467A87FF8-LeaderElection9] INFO  impl.LeaderElection (LeaderElection.java:askForVotes(178)) - 29ff7094-9c72-4db4-826b-540cf46770f6@group-2D3467A87FF8-LeaderElection9: begin an election at term 1 for -1: [7c5c650f-8f7d-41d0-b05b-880bea22fbf8:192.168.34.13:34445, c920672d-bbc7-45b4-92a5-b5ae8093f450:192.168.34.13:35054, 29ff7094-9c72-4db4-826b-540cf46770f6:192.168.34.13:32774], old=null
2019-10-31 11:03:30,547 [grpc-default-executor-1] INFO  impl.RaftServerImpl (RaftServerImpl.java:setRole(173)) - 7c5c650f-8f7d-41d0-b05b-880bea22fbf8@group-2D3467A87FF8: changes role from  FOLLOWER to FOLLOWER at term 1 for recognizeCandidate:29ff7094-9c72-4db4-826b-540cf46770f6
2019-10-31 11:03:30,547 [grpc-default-executor-3] INFO  impl.RaftServerImpl (RaftServerImpl.java:setRole(173)) - c920672d-bbc7-45b4-92a5-b5ae8093f450@group-2D3467A87FF8: changes role from  FOLLOWER to FOLLOWER at term 1 for recognizeCandidate:29ff7094-9c72-4db4-826b-540cf46770f6
2019-10-31 11:03:30,547 [grpc-default-executor-1] INFO  impl.RoleInfo (RoleInfo.java:shutdownFollowerState(121)) - 7c5c650f-8f7d-41d0-b05b-880bea22fbf8: shutdown FollowerState
2019-10-31 11:03:30,547 [grpc-default-executor-3] INFO  impl.RoleInfo (RoleInfo.java:shutdownFollowerState(121)) - c920672d-bbc7-45b4-92a5-b5ae8093f450: shutdown FollowerState
2019-10-31 11:03:30,547 [grpc-default-executor-1] INFO  impl.RoleInfo (RoleInfo.java:updateAndGet(143)) - 7c5c650f-8f7d-41d0-b05b-880bea22fbf8: start FollowerState
2019-10-31 11:03:30,548 [grpc-default-executor-3] INFO  impl.RoleInfo (RoleInfo.java:updateAndGet(143)) - c920672d-bbc7-45b4-92a5-b5ae8093f450: start FollowerState
2019-10-31 11:03:30,548 [Thread-486] INFO  impl.FollowerState (FollowerState.java:run(120)) - c920672d-bbc7-45b4-92a5-b5ae8093f450@group-2D3467A87FF8-FollowerState was interrupted: java.lang.InterruptedException: sleep interrupted
2019-10-31 11:03:30,548 [Thread-487] INFO  impl.FollowerState (FollowerState.java:run(120)) - 7c5c650f-8f7d-41d0-b05b-880bea22fbf8@group-2D3467A87FF8-FollowerState was interrupted: java.lang.InterruptedException: sleep interrupted
2019-10-31 11:03:30,581 [29ff7094-9c72-4db4-826b-540cf46770f6@group-2D3467A87FF8-LeaderElection9] INFO  impl.LeaderElection (LeaderElection.java:logAndReturn(56)) - 29ff7094-9c72-4db4-826b-540cf46770f6@group-2D3467A87FF8-LeaderElection9: Election PASSED; received 1 response(s) [29ff7094-9c72-4db4-826b-540cf46770f6<-c920672d-bbc7-45b4-92a5-b5ae8093f450#0:OK-t1] and 0 exception(s); 29ff7094-9c72-4db4-826b-540cf46770f6@group-2D3467A87FF8:t1, leader=null, voted=29ff7094-9c72-4db4-826b-540cf46770f6, raftlog=29ff7094-9c72-4db4-826b-540cf46770f6@group-2D3467A87FF8-SegmentedRaftLog:OPENED:c-1,f-1,i0, conf=-1: [7c5c650f-8f7d-41d0-b05b-880bea22fbf8:192.168.34.13:34445, c920672d-bbc7-45b4-92a5-b5ae8093f450:192.168.34.13:35054, 29ff7094-9c72-4db4-826b-540cf46770f6:192.168.34.13:32774], old=null
2019-10-31 11:03:30,581 [29ff7094-9c72-4db4-826b-540cf46770f6@group-2D3467A87FF8-LeaderElection9] INFO  impl.RoleInfo (RoleInfo.java:shutdownLeaderElection(134)) - 29ff7094-9c72-4db4-826b-540cf46770f6: shutdown LeaderElection
2019-10-31 11:03:30,582 [29ff7094-9c72-4db4-826b-540cf46770f6@group-2D3467A87FF8-LeaderElection9] INFO  impl.RaftServerImpl (RaftServerImpl.java:setRole(173)) - 29ff7094-9c72-4db4-826b-540cf46770f6@group-2D3467A87FF8: changes role from CANDIDATE to LEADER at term 1 for changeToLeader
2019-10-31 11:03:30,583 [29ff7094-9c72-4db4-826b-540cf46770f6@group-2D3467A87FF8-LeaderElection9] INFO  impl.RaftServerImpl (ServerState.java:setLeader(255)) - 29ff7094-9c72-4db4-826b-540cf46770f6@group-2D3467A87FF8: change Leader from null to 29ff7094-9c72-4db4-826b-540cf46770f6 at term 1 for becomeLeader, leader elected after 5183ms
2019-10-31 11:03:30,583 [29ff7094-9c72-4db4-826b-540cf46770f6@group-2D3467A87FF8-LeaderElection9] INFO  server.RaftServerConfigKeys (ConfUtils.java:logGet(43)) - raft.server.staging.catchup.gap = 1000 (default)
2019-10-31 11:03:30,583 [29ff7094-9c72-4db4-826b-540cf46770f6@group-2D3467A87FF8-LeaderElection9] INFO  server.RaftServerConfigKeys (ConfUtils.java:logGet(43)) - raft.server.rpc.sleep.time = 25ms (default)
2019-10-31 11:03:30,584 [29ff7094-9c72-4db4-826b-540cf46770f6@group-2D3467A87FF8-LeaderElection9] INFO  server.RaftServerConfigKeys (ConfUtils.java:logGet(43)) - raft.server.write.element-limit = 4096 (default)
2019-10-31 11:03:30,584 [29ff7094-9c72-4db4-826b-540cf46770f6@group-2D3467A87FF8-LeaderElection9] INFO  server.RaftServerConfigKeys (ConfUtils.java:logGet(43)) - raft.server.watch.timeout = 10s (default)
2019-10-31 11:03:30,584 [29ff7094-9c72-4db4-826b-540cf46770f6@group-2D3467A87FF8-LeaderElection9] INFO  server.RaftServerConfigKeys (ConfUtils.java:logGet(43)) - raft.server.watch.timeout.denomination = 1s (default)
2019-10-31 11:03:30,584 [29ff7094-9c72-4db4-826b-540cf46770f6@group-2D3467A87FF8-LeaderElection9] INFO  server.RaftServerConfigKeys (ConfUtils.java:logGet(43)) - raft.server.watch.element-limit = 65536 (default)
2019-10-31 11:03:30,585 [29ff7094-9c72-4db4-826b-540cf46770f6@group-2D3467A87FF8-LeaderElection9] INFO  server.RaftServerConfigKeys (ConfUtils.java:logGet(43)) - raft.server.log.appender.snapshot.chunk.size.max = 16MB (=16777216) (default)
2019-10-31 11:03:30,586 [29ff7094-9c72-4db4-826b-540cf46770f6@group-2D3467A87FF8-LeaderElection9] INFO  server.RaftServerConfigKeys (ConfUtils.java:logGet(43)) - raft.server.log.appender.buffer.byte-limit = 33554432 (custom)
2019-10-31 11:03:30,586 [29ff7094-9c72-4db4-826b-540cf46770f6@group-2D3467A87FF8-LeaderElection9] INFO  server.RaftServerConfigKeys (ConfUtils.java:logGet(43)) - raft.server.log.appender.buffer.element-limit = 1 (custom)
2019-10-31 11:03:30,586 [29ff7094-9c72-4db4-826b-540cf46770f6@group-2D3467A87FF8-LeaderElection9] INFO  grpc.GrpcConfigKeys$Server (ConfUtils.java:logGet(43)) - raft.grpc.server.leader.outstanding.appends.max = 128 (default)
2019-10-31 11:03:30,587 [29ff7094-9c72-4db4-826b-540cf46770f6@group-2D3467A87FF8-LeaderElection9] INFO  server.RaftServerConfigKeys (ConfUtils.java:logGet(43)) - raft.server.rpc.request.timeout = 3000ms (default)
2019-10-31 11:03:30,588 [29ff7094-9c72-4db4-826b-540cf46770f6@group-2D3467A87FF8-LeaderElection9] INFO  server.RaftServerConfigKeys (ConfUtils.java:logGet(43)) - raft.server.log.appender.install.snapshot.enabled = false (custom)
2019-10-31 11:03:30,588 [29ff7094-9c72-4db4-826b-540cf46770f6@group-2D3467A87FF8-LeaderElection9] WARN  impl.MetricRegistriesImpl (MetricRegistriesImpl.java:lambda$create$1(61)) - First MetricRegistry has been created without registering reporters. You may need to call MetricRegistries.global().addReportRegistration(...) before.
2019-10-31 11:03:30,588 [29ff7094-9c72-4db4-826b-540cf46770f6@group-2D3467A87FF8-LeaderElection9] INFO  server.RaftServerConfigKeys (ConfUtils.java:logGet(43)) - raft.server.log.appender.snapshot.chunk.size.max = 16MB (=16777216) (default)
2019-10-31 11:03:30,588 [29ff7094-9c72-4db4-826b-540cf46770f6@group-2D3467A87FF8-LeaderElection9] INFO  server.RaftServerConfigKeys (ConfUtils.java:logGet(43)) - raft.server.log.appender.buffer.byte-limit = 33554432 (custom)
2019-10-31 11:03:30,589 [29ff7094-9c72-4db4-826b-540cf46770f6@group-2D3467A87FF8-LeaderElection9] INFO  server.RaftServerConfigKeys (ConfUtils.java:logGet(43)) - raft.server.log.appender.buffer.element-limit = 1 (custom)
2019-10-31 11:03:30,589 [29ff7094-9c72-4db4-826b-540cf46770f6@group-2D3467A87FF8-LeaderElection9] INFO  grpc.GrpcConfigKeys$Server (ConfUtils.java:logGet(43)) - raft.grpc.server.leader.outstanding.appends.max = 128 (default)
2019-10-31 11:03:30,589 [29ff7094-9c72-4db4-826b-540cf46770f6@group-2D3467A87FF8-LeaderElection9] INFO  server.RaftServerConfigKeys (ConfUtils.java:logGet(43)) - raft.server.rpc.request.timeout = 3000ms (default)
2019-10-31 11:03:30,589 [29ff7094-9c72-4db4-826b-540cf46770f6@group-2D3467A87FF8-LeaderElection9] INFO  server.RaftServerConfigKeys (ConfUtils.java:logGet(43)) - raft.server.log.appender.install.snapshot.enabled = false (custom)
2019-10-31 11:03:30,590 [29ff7094-9c72-4db4-826b-540cf46770f6@group-2D3467A87FF8-LeaderElection9] INFO  impl.RoleInfo (RoleInfo.java:updateAndGet(143)) - 29ff7094-9c72-4db4-826b-540cf46770f6: start LeaderState
2019-10-31 11:03:30,590 [29ff7094-9c72-4db4-826b-540cf46770f6@group-2D3467A87FF8-LeaderElection9] INFO  segmented.SegmentedRaftLogWorker (SegmentedRaftLogWorker.java:startLogSegment(385)) - 29ff7094-9c72-4db4-826b-540cf46770f6@group-2D3467A87FF8-SegmentedRaftLogWorker: Starting segment from index:0
2019-10-31 11:03:30,592 [29ff7094-9c72-4db4-826b-540cf46770f6@group-2D3467A87FF8-LeaderElection9] INFO  impl.RaftServerImpl (ServerState.java:setRaftConf(356)) - 29ff7094-9c72-4db4-826b-540cf46770f6@group-2D3467A87FF8: set configuration 0: [7c5c650f-8f7d-41d0-b05b-880bea22fbf8:192.168.34.13:34445, c920672d-bbc7-45b4-92a5-b5ae8093f450:192.168.34.13:35054, 29ff7094-9c72-4db4-826b-540cf46770f6:192.168.34.13:32774], old=null at 0
2019-10-31 11:03:30,625 [grpc-default-executor-1] INFO  impl.RaftServerImpl (ServerState.java:setLeader(255)) - c920672d-bbc7-45b4-92a5-b5ae8093f450@group-2D3467A87FF8: change Leader from null to 29ff7094-9c72-4db4-826b-540cf46770f6 at term 1 for appendEntries, leader elected after 4225ms
2019-10-31 11:03:30,625 [grpc-default-executor-3] INFO  impl.RaftServerImpl (ServerState.java:setLeader(255)) - 7c5c650f-8f7d-41d0-b05b-880bea22fbf8@group-2D3467A87FF8: change Leader from null to 29ff7094-9c72-4db4-826b-540cf46770f6 at term 1 for appendEntries, leader elected after 4225ms
2019-10-31 11:03:30,630 [grpc-default-executor-1] INFO  impl.RaftServerImpl (ServerState.java:setRaftConf(356)) - c920672d-bbc7-45b4-92a5-b5ae8093f450@group-2D3467A87FF8: set configuration 0: [7c5c650f-8f7d-41d0-b05b-880bea22fbf8:192.168.34.13:34445, c920672d-bbc7-45b4-92a5-b5ae8093f450:192.168.34.13:35054, 29ff7094-9c72-4db4-826b-540cf46770f6:192.168.34.13:32774], old=null at 0
2019-10-31 11:03:30,630 [grpc-default-executor-3] INFO  impl.RaftServerImpl (ServerState.java:setRaftConf(356)) - 7c5c650f-8f7d-41d0-b05b-880bea22fbf8@group-2D3467A87FF8: set configuration 0: [7c5c650f-8f7d-41d0-b05b-880bea22fbf8:192.168.34.13:34445, c920672d-bbc7-45b4-92a5-b5ae8093f450:192.168.34.13:35054, 29ff7094-9c72-4db4-826b-540cf46770f6:192.168.34.13:32774], old=null at 0
2019-10-31 11:03:30,630 [grpc-default-executor-1] INFO  segmented.SegmentedRaftLogWorker (SegmentedRaftLogWorker.java:startLogSegment(385)) - c920672d-bbc7-45b4-92a5-b5ae8093f450@group-2D3467A87FF8-SegmentedRaftLogWorker: Starting segment from index:0
2019-10-31 11:03:30,630 [grpc-default-executor-3] INFO  segmented.SegmentedRaftLogWorker (SegmentedRaftLogWorker.java:startLogSegment(385)) - 7c5c650f-8f7d-41d0-b05b-880bea22fbf8@group-2D3467A87FF8-SegmentedRaftLogWorker: Starting segment from index:0
2019-10-31 11:03:30,645 [29ff7094-9c72-4db4-826b-540cf46770f6@group-2D3467A87FF8-SegmentedRaftLogWorker] INFO  segmented.SegmentedRaftLogWorker (SegmentedRaftLogWorker.java:execute(576)) - 29ff7094-9c72-4db4-826b-540cf46770f6@group-2D3467A87FF8-SegmentedRaftLogWorker: created new log segment /workdir/hadoop-ozone/tools/target/test-dir/MiniOzoneClusterImpl-86e53e4a-a806-4c7f-8b97-dbab00a18388/datanode-2/data/ratis/313332ab-3849-4fbc-aeec-2d3467a87ff8/current/log_inprogress_0
2019-10-31 11:03:30,664 [7c5c650f-8f7d-41d0-b05b-880bea22fbf8@group-2D3467A87FF8-SegmentedRaftLogWorker] INFO  segmented.SegmentedRaftLogWorker (SegmentedRaftLogWorker.java:execute(576)) - 7c5c650f-8f7d-41d0-b05b-880bea22fbf8@group-2D3467A87FF8-SegmentedRaftLogWorker: created new log segment /workdir/hadoop-ozone/tools/target/test-dir/MiniOzoneClusterImpl-86e53e4a-a806-4c7f-8b97-dbab00a18388/datanode-0/data/ratis/313332ab-3849-4fbc-aeec-2d3467a87ff8/current/log_inprogress_0
2019-10-31 11:03:30,677 [c920672d-bbc7-45b4-92a5-b5ae8093f450@group-2D3467A87FF8-SegmentedRaftLogWorker] INFO  segmented.SegmentedRaftLogWorker (SegmentedRaftLogWorker.java:execute(576)) - c920672d-bbc7-45b4-92a5-b5ae8093f450@group-2D3467A87FF8-SegmentedRaftLogWorker: created new log segment /workdir/hadoop-ozone/tools/target/test-dir/MiniOzoneClusterImpl-86e53e4a-a806-4c7f-8b97-dbab00a18388/datanode-1/data/ratis/313332ab-3849-4fbc-aeec-2d3467a87ff8/current/log_inprogress_0
]]></system-out>
    <system-err><![CDATA[ERROR StatusLogger No Log4j 2 configuration file found. Using default configuration (logging only errors to the console), or user programmatically provided configurations. Set system property 'log4j2.debug' to show Log4j 2 internal initialization logging. See https://logging.apache.org/log4j/2.x/manual/configuration.html for instructions on how to configure Log4j 2
]]></system-err>
  </testcase>
</testsuite>