<?xml version="1.0" encoding="UTF-8"?>
<testsuite xmlns:xsi="http://www.w3.org/2001/XMLSchema-instance" xsi:noNamespaceSchemaLocation="https://maven.apache.org/surefire/maven-surefire-plugin/xsd/surefire-test-report.xsd" name="org.apache.hadoop.ozone.TestMiniOzoneCluster" time="93.685" tests="4" errors="1" skipped="0" failures="0">
  <properties>
    <property name="awt.toolkit" value="sun.awt.X11.XToolkit"/>
    <property name="file.encoding.pkg" value="sun.io"/>
    <property name="java.specification.version" value="1.8"/>
    <property name="sun.cpu.isalist" value=""/>
    <property name="sun.jnu.encoding" value="ANSI_X3.4-1968"/>
    <property name="java.class.path" value="/workdir/hadoop-ozone/integration-test/target/test-classes:/workdir/hadoop-ozone/integration-test/target/classes:/home/user/.m2/repository/org/apache/hadoop/hadoop-ozone-common/0.5.0-SNAPSHOT/hadoop-ozone-common-0.5.0-SNAPSHOT.jar:/home/user/.m2/repository/org/apache/commons/commons-compress/1.4.1/commons-compress-1.4.1.jar:/home/user/.m2/repository/org/tukaani/xz/1.0/xz-1.0.jar:/home/user/.m2/repository/org/apache/hadoop/hadoop-common/3.2.0/hadoop-common-3.2.0.jar:/home/user/.m2/repository/org/apache/hadoop/hadoop-hdfs/3.2.0/hadoop-hdfs-3.2.0.jar:/home/user/.m2/repository/org/apache/hadoop/hadoop-hdfs-client/3.2.0/hadoop-hdfs-client-3.2.0.jar:/home/user/.m2/repository/com/fasterxml/jackson/core/jackson-annotations/2.9.9/jackson-annotations-2.9.9.jar:/home/user/.m2/repository/org/apache/hadoop/hadoop-hdds-common/0.5.0-SNAPSHOT/hadoop-hdds-common-0.5.0-SNAPSHOT.jar:/home/user/.m2/repository/javax/annotation/javax.annotation-api/1.2/javax.annotation-api-1.2.jar:/home/user/.m2/repository/org/apache/ratis/ratis-server/0.5.0-d6d58d0-SNAPSHOT/ratis-server-0.5.0-d6d58d0-SNAPSHOT.jar:/home/user/.m2/repository/org/apache/ratis/ratis-thirdparty-misc/0.2.0/ratis-thirdparty-misc-0.2.0.jar:/home/user/.m2/repository/org/apache/ratis/ratis-proto/0.5.0-d6d58d0-SNAPSHOT/ratis-proto-0.5.0-d6d58d0-SNAPSHOT.jar:/home/user/.m2/repository/org/apache/ratis/ratis-common/0.5.0-d6d58d0-SNAPSHOT/ratis-common-0.5.0-d6d58d0-SNAPSHOT.jar:/home/user/.m2/repository/org/apache/ratis/ratis-client/0.5.0-d6d58d0-SNAPSHOT/ratis-client-0.5.0-d6d58d0-SNAPSHOT.jar:/home/user/.m2/repository/org/apache/ratis/ratis-metrics/0.5.0-d6d58d0-SNAPSHOT/ratis-metrics-0.5.0-d6d58d0-SNAPSHOT.jar:/home/user/.m2/repository/org/apache/ratis/ratis-netty/0.5.0-d6d58d0-SNAPSHOT/ratis-netty-0.5.0-d6d58d0-SNAPSHOT.jar:/home/user/.m2/repository/org/apache/ratis/ratis-grpc/0.5.0-d6d58d0-SNAPSHOT/ratis-grpc-0.5.0-d6d58d0-SNAPSHOT.jar:/home/user/.m2/repository/org/rocksdb/rocksdbjni/6.0.1/rocksdbjni-6.0.1.jar:/home/user/.m2/repository/org/apache/logging/log4j/log4j-api/2.11.0/log4j-api-2.11.0.jar:/home/user/.m2/repository/org/apache/logging/log4j/log4j-core/2.11.0/log4j-core-2.11.0.jar:/home/user/.m2/repository/com/lmax/disruptor/3.4.2/disruptor-3.4.2.jar:/home/user/.m2/repository/org/apache/commons/commons-pool2/2.6.0/commons-pool2-2.6.0.jar:/home/user/.m2/repository/org/bouncycastle/bcpkix-jdk15on/1.60/bcpkix-jdk15on-1.60.jar:/home/user/.m2/repository/commons-validator/commons-validator/1.6/commons-validator-1.6.jar:/home/user/.m2/repository/commons-digester/commons-digester/1.8.1/commons-digester-1.8.1.jar:/home/user/.m2/repository/io/jaegertracing/jaeger-client/0.34.0/jaeger-client-0.34.0.jar:/home/user/.m2/repository/io/jaegertracing/jaeger-thrift/0.34.0/jaeger-thrift-0.34.0.jar:/home/user/.m2/repository/org/apache/thrift/libthrift/0.12.0/libthrift-0.12.0.jar:/home/user/.m2/repository/com/squareup/okhttp3/okhttp/3.9.0/okhttp-3.9.0.jar:/home/user/.m2/repository/com/squareup/okio/okio/1.13.0/okio-1.13.0.jar:/home/user/.m2/repository/io/jaegertracing/jaeger-core/0.34.0/jaeger-core-0.34.0.jar:/home/user/.m2/repository/io/jaegertracing/jaeger-tracerresolver/0.34.0/jaeger-tracerresolver-0.34.0.jar:/home/user/.m2/repository/io/opentracing/contrib/opentracing-tracerresolver/0.1.5/opentracing-tracerresolver-0.1.5.jar:/home/user/.m2/repository/io/opentracing/opentracing-util/0.31.0/opentracing-util-0.31.0.jar:/home/user/.m2/repository/io/opentracing/opentracing-api/0.31.0/opentracing-api-0.31.0.jar:/home/user/.m2/repository/io/opentracing/opentracing-noop/0.31.0/opentracing-noop-0.31.0.jar:/home/user/.m2/repository/org/apache/hadoop/hadoop-hdds-server-framework/0.5.0-SNAPSHOT/hadoop-hdds-server-framework-0.5.0-SNAPSHOT.jar:/home/user/.m2/repository/org/apache/hadoop/hadoop-hdds-container-service/0.5.0-SNAPSHOT/hadoop-hdds-container-service-0.5.0-SNAPSHOT.jar:/home/user/.m2/repository/org/apache/hadoop/hadoop-hdds-client/0.5.0-SNAPSHOT/hadoop-hdds-client-0.5.0-SNAPSHOT.jar:/home/user/.m2/repository/org/apache/hadoop/hadoop-hdds-tools/0.5.0-SNAPSHOT/hadoop-hdds-tools-0.5.0-SNAPSHOT.jar:/home/user/.m2/repository/org/apache/hadoop/hadoop-hdds-server-scm/0.5.0-SNAPSHOT/hadoop-hdds-server-scm-0.5.0-SNAPSHOT.jar:/home/user/.m2/repository/org/apache/hadoop/hadoop-hdds-docs/0.5.0-SNAPSHOT/hadoop-hdds-docs-0.5.0-SNAPSHOT.jar:/home/user/.m2/repository/io/dropwizard/metrics/metrics-core/3.2.4/metrics-core-3.2.4.jar:/home/user/.m2/repository/org/hamcrest/hamcrest-all/1.3/hamcrest-all-1.3.jar:/home/user/.m2/repository/org/bouncycastle/bcprov-jdk15on/1.60/bcprov-jdk15on-1.60.jar:/home/user/.m2/repository/info/picocli/picocli/3.9.6/picocli-3.9.6.jar:/home/user/.m2/repository/com/google/protobuf/protobuf-java/2.5.0/protobuf-java-2.5.0.jar:/home/user/.m2/repository/com/google/guava/guava/11.0.2/guava-11.0.2.jar:/home/user/.m2/repository/org/apache/hadoop/hadoop-ozone-ozone-manager/0.5.0-SNAPSHOT/hadoop-ozone-ozone-manager-0.5.0-SNAPSHOT.jar:/home/user/.m2/repository/org/apache/hadoop/hadoop-minikdc/3.2.0/hadoop-minikdc-3.2.0.jar:/home/user/.m2/repository/commons-io/commons-io/2.5/commons-io-2.5.jar:/home/user/.m2/repository/org/apache/kerby/kerb-simplekdc/1.0.1/kerb-simplekdc-1.0.1.jar:/home/user/.m2/repository/org/apache/kerby/kerb-client/1.0.1/kerb-client-1.0.1.jar:/home/user/.m2/repository/org/apache/kerby/kerby-config/1.0.1/kerby-config-1.0.1.jar:/home/user/.m2/repository/org/apache/kerby/kerb-core/1.0.1/kerb-core-1.0.1.jar:/home/user/.m2/repository/org/apache/kerby/kerby-pkix/1.0.1/kerby-pkix-1.0.1.jar:/home/user/.m2/repository/org/apache/kerby/kerby-asn1/1.0.1/kerby-asn1-1.0.1.jar:/home/user/.m2/repository/org/apache/kerby/kerby-util/1.0.1/kerby-util-1.0.1.jar:/home/user/.m2/repository/org/apache/kerby/kerb-common/1.0.1/kerb-common-1.0.1.jar:/home/user/.m2/repository/org/apache/kerby/kerb-crypto/1.0.1/kerb-crypto-1.0.1.jar:/home/user/.m2/repository/org/apache/kerby/kerb-util/1.0.1/kerb-util-1.0.1.jar:/home/user/.m2/repository/org/apache/kerby/token-provider/1.0.1/token-provider-1.0.1.jar:/home/user/.m2/repository/org/apache/kerby/kerb-admin/1.0.1/kerb-admin-1.0.1.jar:/home/user/.m2/repository/org/apache/kerby/kerb-server/1.0.1/kerb-server-1.0.1.jar:/home/user/.m2/repository/org/apache/kerby/kerb-identity/1.0.1/kerb-identity-1.0.1.jar:/home/user/.m2/repository/org/apache/kerby/kerby-xdr/1.0.1/kerby-xdr-1.0.1.jar:/home/user/.m2/repository/org/slf4j/slf4j-log4j12/1.7.25/slf4j-log4j12-1.7.25.jar:/home/user/.m2/repository/org/apache/hadoop/hadoop-ozone-s3gateway/0.5.0-SNAPSHOT/hadoop-ozone-s3gateway-0.5.0-SNAPSHOT.jar:/home/user/.m2/repository/org/jboss/weld/servlet/weld-servlet/2.4.7.Final/weld-servlet-2.4.7.Final.jar:/home/user/.m2/repository/org/glassfish/jersey/containers/jersey-container-servlet-core/2.27/jersey-container-servlet-core-2.27.jar:/home/user/.m2/repository/org/glassfish/hk2/external/javax.inject/2.5.0-b42/javax.inject-2.5.0-b42.jar:/home/user/.m2/repository/org/glassfish/jersey/core/jersey-common/2.27/jersey-common-2.27.jar:/home/user/.m2/repository/org/glassfish/hk2/osgi-resource-locator/1.0.1/osgi-resource-locator-1.0.1.jar:/home/user/.m2/repository/javax/ws/rs/javax.ws.rs-api/2.1/javax.ws.rs-api-2.1.jar:/home/user/.m2/repository/org/glassfish/jersey/ext/cdi/jersey-cdi1x/2.27/jersey-cdi1x-2.27.jar:/home/user/.m2/repository/org/glassfish/jersey/inject/jersey-hk2/2.27/jersey-hk2-2.27.jar:/home/user/.m2/repository/org/glassfish/hk2/hk2-locator/2.5.0-b42/hk2-locator-2.5.0-b42.jar:/home/user/.m2/repository/org/javassist/javassist/3.22.0-CR2/javassist-3.22.0-CR2.jar:/home/user/.m2/repository/org/glassfish/hk2/hk2-api/2.5.0/hk2-api-2.5.0.jar:/home/user/.m2/repository/org/glassfish/hk2/external/jakarta.inject/2.5.0/jakarta.inject-2.5.0.jar:/home/user/.m2/repository/org/glassfish/hk2/hk2-utils/2.5.0/hk2-utils-2.5.0.jar:/home/user/.m2/repository/jakarta/annotation/jakarta.annotation-api/1.3.4/jakarta.annotation-api-1.3.4.jar:/home/user/.m2/repository/org/glassfish/hk2/external/aopalliance-repackaged/2.5.0/aopalliance-repackaged-2.5.0.jar:/home/user/.m2/repository/com/fasterxml/jackson/dataformat/jackson-dataformat-xml/2.9.0/jackson-dataformat-xml-2.9.0.jar:/home/user/.m2/repository/com/fasterxml/jackson/core/jackson-core/2.9.9/jackson-core-2.9.9.jar:/home/user/.m2/repository/com/fasterxml/jackson/module/jackson-module-jaxb-annotations/2.9.9/jackson-module-jaxb-annotations-2.9.9.jar:/home/user/.m2/repository/javax/enterprise/cdi-api/1.2/cdi-api-1.2.jar:/home/user/.m2/repository/javax/el/javax.el-api/3.0.0/javax.el-api-3.0.0.jar:/home/user/.m2/repository/javax/interceptor/javax.interceptor-api/1.2/javax.interceptor-api-1.2.jar:/home/user/.m2/repository/javax/inject/javax.inject/1/javax.inject-1.jar:/home/user/.m2/repository/com/sun/xml/bind/jaxb-impl/2.3.0.1/jaxb-impl-2.3.0.1.jar:/home/user/.m2/repository/com/sun/xml/bind/jaxb-core/2.3.0.1/jaxb-core-2.3.0.1.jar:/home/user/.m2/repository/javax/xml/bind/jaxb-api/2.3.0/jaxb-api-2.3.0.jar:/home/user/.m2/repository/javax/activation/activation/1.1.1/activation-1.1.1.jar:/home/user/.m2/repository/org/apache/hadoop/hadoop-ozone-csi/0.5.0-SNAPSHOT/hadoop-ozone-csi-0.5.0-SNAPSHOT.jar:/home/user/.m2/repository/com/google/protobuf/protobuf-java-util/3.5.1/protobuf-java-util-3.5.1.jar:/home/user/.m2/repository/org/apache/hadoop/hadoop-hdds-config/0.5.0-SNAPSHOT/hadoop-hdds-config-0.5.0-SNAPSHOT.jar:/home/user/.m2/repository/io/grpc/grpc-netty/1.17.1/grpc-netty-1.17.1.jar:/home/user/.m2/repository/io/grpc/grpc-core/1.17.1/grpc-core-1.17.1.jar:/home/user/.m2/repository/io/grpc/grpc-context/1.17.1/grpc-context-1.17.1.jar:/home/user/.m2/repository/com/google/errorprone/error_prone_annotations/2.2.0/error_prone_annotations-2.2.0.jar:/home/user/.m2/repository/org/codehaus/mojo/animal-sniffer-annotations/1.17/animal-sniffer-annotations-1.17.jar:/home/user/.m2/repository/io/opencensus/opencensus-api/0.17.0/opencensus-api-0.17.0.jar:/home/user/.m2/repository/io/opencensus/opencensus-contrib-grpc-metrics/0.17.0/opencensus-contrib-grpc-metrics-0.17.0.jar:/home/user/.m2/repository/io/netty/netty-codec-http2/4.1.30.Final/netty-codec-http2-4.1.30.Final.jar:/home/user/.m2/repository/io/netty/netty-codec-http/4.1.30.Final/netty-codec-http-4.1.30.Final.jar:/home/user/.m2/repository/io/netty/netty-codec/4.1.30.Final/netty-codec-4.1.30.Final.jar:/home/user/.m2/repository/io/netty/netty-handler/4.1.30.Final/netty-handler-4.1.30.Final.jar:/home/user/.m2/repository/io/netty/netty-handler-proxy/4.1.30.Final/netty-handler-proxy-4.1.30.Final.jar:/home/user/.m2/repository/io/netty/netty-codec-socks/4.1.30.Final/netty-codec-socks-4.1.30.Final.jar:/home/user/.m2/repository/io/netty/netty-transport-native-epoll/4.1.30.Final/netty-transport-native-epoll-4.1.30.Final.jar:/home/user/.m2/repository/io/netty/netty-common/4.1.30.Final/netty-common-4.1.30.Final.jar:/home/user/.m2/repository/io/netty/netty-buffer/4.1.30.Final/netty-buffer-4.1.30.Final.jar:/home/user/.m2/repository/io/netty/netty-transport/4.1.30.Final/netty-transport-4.1.30.Final.jar:/home/user/.m2/repository/io/netty/netty-resolver/4.1.30.Final/netty-resolver-4.1.30.Final.jar:/home/user/.m2/repository/io/netty/netty-transport-native-unix-common/4.1.30.Final/netty-transport-native-unix-common-4.1.30.Final.jar:/home/user/.m2/repository/io/grpc/grpc-protobuf/1.17.1/grpc-protobuf-1.17.1.jar:/home/user/.m2/repository/com/google/api/grpc/proto-google-common-protos/1.0.0/proto-google-common-protos-1.0.0.jar:/home/user/.m2/repository/io/grpc/grpc-protobuf-lite/1.17.1/grpc-protobuf-lite-1.17.1.jar:/home/user/.m2/repository/io/grpc/grpc-stub/1.17.1/grpc-stub-1.17.1.jar:/home/user/.m2/repository/org/apache/hadoop/hadoop-ozone-recon/0.5.0-SNAPSHOT/hadoop-ozone-recon-0.5.0-SNAPSHOT.jar:/home/user/.m2/repository/org/apache/hadoop/hadoop-ozone-reconcodegen/0.5.0-SNAPSHOT/hadoop-ozone-reconcodegen-0.5.0-SNAPSHOT.jar:/home/user/.m2/repository/com/google/inject/extensions/guice-multibindings/4.0/guice-multibindings-4.0.jar:/home/user/.m2/repository/com/google/inject/guice/4.0/guice-4.0.jar:/home/user/.m2/repository/aopalliance/aopalliance/1.0/aopalliance-1.0.jar:/home/user/.m2/repository/com/google/inject/extensions/guice-servlet/4.0/guice-servlet-4.0.jar:/home/user/.m2/repository/org/glassfish/jersey/containers/jersey-container-servlet/2.27/jersey-container-servlet-2.27.jar:/home/user/.m2/repository/org/glassfish/hk2/guice-bridge/2.5.0/guice-bridge-2.5.0.jar:/home/user/.m2/repository/org/glassfish/jersey/core/jersey-server/2.27/jersey-server-2.27.jar:/home/user/.m2/repository/org/glassfish/jersey/core/jersey-client/2.27/jersey-client-2.27.jar:/home/user/.m2/repository/org/glassfish/jersey/media/jersey-media-jaxb/2.27/jersey-media-jaxb-2.27.jar:/home/user/.m2/repository/javax/validation/validation-api/1.1.0.Final/validation-api-1.1.0.Final.jar:/home/user/.m2/repository/org/glassfish/jersey/media/jersey-media-json-jackson/2.27/jersey-media-json-jackson-2.27.jar:/home/user/.m2/repository/org/glassfish/jersey/ext/jersey-entity-filtering/2.27/jersey-entity-filtering-2.27.jar:/home/user/.m2/repository/com/google/inject/extensions/guice-assistedinject/4.0/guice-assistedinject-4.0.jar:/home/user/.m2/repository/org/jooq/jooq/3.11.10/jooq-3.11.10.jar:/home/user/.m2/repository/org/jooq/jooq-meta/3.11.10/jooq-meta-3.11.10.jar:/home/user/.m2/repository/org/jooq/jooq-codegen/3.11.10/jooq-codegen-3.11.10.jar:/home/user/.m2/repository/com/jolbox/bonecp/0.8.0.RELEASE/bonecp-0.8.0.RELEASE.jar:/home/user/.m2/repository/org/xerial/sqlite-jdbc/3.25.2/sqlite-jdbc-3.25.2.jar:/home/user/.m2/repository/org/springframework/spring-jdbc/5.1.3.RELEASE/spring-jdbc-5.1.3.RELEASE.jar:/home/user/.m2/repository/org/springframework/spring-beans/5.1.3.RELEASE/spring-beans-5.1.3.RELEASE.jar:/home/user/.m2/repository/org/springframework/spring-core/5.1.3.RELEASE/spring-core-5.1.3.RELEASE.jar:/home/user/.m2/repository/org/springframework/spring-jcl/5.1.3.RELEASE/spring-jcl-5.1.3.RELEASE.jar:/home/user/.m2/repository/org/springframework/spring-tx/5.1.3.RELEASE/spring-tx-5.1.3.RELEASE.jar:/home/user/.m2/repository/org/apache/hadoop/hadoop-ozone-client/0.5.0-SNAPSHOT/hadoop-ozone-client-0.5.0-SNAPSHOT.jar:/home/user/.m2/repository/commons-lang/commons-lang/2.6/commons-lang-2.6.jar:/home/user/.m2/repository/org/apache/hadoop/hadoop-ozone-ozone-manager/0.5.0-SNAPSHOT/hadoop-ozone-ozone-manager-0.5.0-SNAPSHOT-tests.jar:/home/user/.m2/repository/junit/junit/4.11/junit-4.11.jar:/home/user/.m2/repository/org/hamcrest/hamcrest-core/1.3/hamcrest-core-1.3.jar:/home/user/.m2/repository/org/openjdk/jmh/jmh-core/1.19/jmh-core-1.19.jar:/home/user/.m2/repository/net/sf/jopt-simple/jopt-simple/4.6/jopt-simple-4.6.jar:/home/user/.m2/repository/org/apache/commons/commons-math3/3.1.1/commons-math3-3.1.1.jar:/home/user/.m2/repository/org/openjdk/jmh/jmh-generator-annprocess/1.19/jmh-generator-annprocess-1.19.jar:/home/user/.m2/repository/org/mockito/mockito-all/1.8.5/mockito-all-1.8.5.jar:/home/user/.m2/repository/org/apache/hadoop/hadoop-kms/3.2.0/hadoop-kms-3.2.0.jar:/home/user/.m2/repository/org/apache/hadoop/hadoop-auth/3.2.0/hadoop-auth-3.2.0.jar:/home/user/.m2/repository/com/nimbusds/nimbus-jose-jwt/4.41.1/nimbus-jose-jwt-4.41.1.jar:/home/user/.m2/repository/com/github/stephenc/jcip/jcip-annotations/1.0-1/jcip-annotations-1.0-1.jar:/home/user/.m2/repository/net/minidev/json-smart/2.3/json-smart-2.3.jar:/home/user/.m2/repository/net/minidev/accessors-smart/1.2/accessors-smart-1.2.jar:/home/user/.m2/repository/org/ow2/asm/asm/5.0.4/asm-5.0.4.jar:/home/user/.m2/repository/org/apache/curator/curator-framework/2.12.0/curator-framework-2.12.0.jar:/home/user/.m2/repository/com/sun/jersey/jersey-core/1.19/jersey-core-1.19.jar:/home/user/.m2/repository/javax/ws/rs/jsr311-api/1.1.1/jsr311-api-1.1.1.jar:/home/user/.m2/repository/com/sun/jersey/jersey-server/1.19/jersey-server-1.19.jar:/home/user/.m2/repository/javax/servlet/javax.servlet-api/3.1.0/javax.servlet-api-3.1.0.jar:/home/user/.m2/repository/org/eclipse/jetty/jetty-server/9.3.25.v20180904/jetty-server-9.3.25.v20180904.jar:/home/user/.m2/repository/org/eclipse/jetty/jetty-http/9.3.25.v20180904/jetty-http-9.3.25.v20180904.jar:/home/user/.m2/repository/org/eclipse/jetty/jetty-io/9.3.25.v20180904/jetty-io-9.3.25.v20180904.jar:/home/user/.m2/repository/org/eclipse/jetty/jetty-webapp/9.3.25.v20180904/jetty-webapp-9.3.25.v20180904.jar:/home/user/.m2/repository/org/eclipse/jetty/jetty-xml/9.3.25.v20180904/jetty-xml-9.3.25.v20180904.jar:/home/user/.m2/repository/log4j/log4j/1.2.17/log4j-1.2.17.jar:/home/user/.m2/repository/org/slf4j/slf4j-api/1.7.25/slf4j-api-1.7.25.jar:/home/user/.m2/repository/org/slf4j/jul-to-slf4j/1.7.25/jul-to-slf4j-1.7.25.jar:/home/user/.m2/repository/org/eclipse/jetty/jetty-util/9.3.25.v20180904/jetty-util-9.3.25.v20180904.jar:/home/user/.m2/repository/com/fasterxml/jackson/core/jackson-databind/2.9.9/jackson-databind-2.9.9.jar:/home/user/.m2/repository/org/apache/hadoop/hadoop-kms/3.2.0/hadoop-kms-3.2.0-tests.jar:/home/user/.m2/repository/org/apache/hadoop/hadoop-hdds-server-scm/0.5.0-SNAPSHOT/hadoop-hdds-server-scm-0.5.0-SNAPSHOT-tests.jar:/home/user/.m2/repository/org/apache/hadoop/hadoop-hdds-container-service/0.5.0-SNAPSHOT/hadoop-hdds-container-service-0.5.0-SNAPSHOT-tests.jar:/home/user/.m2/repository/org/yaml/snakeyaml/1.16/snakeyaml-1.16.jar:/home/user/.m2/repository/org/apache/hadoop/hadoop-common/3.2.0/hadoop-common-3.2.0-tests.jar:/home/user/.m2/repository/org/apache/hadoop/hadoop-annotations/3.2.0/hadoop-annotations-3.2.0.jar:/usr/lib/jvm/java-1.8.0-openjdk-1.8.0.222.b10-1.el7_7.x86_64/jre/../lib/tools.jar:/home/user/.m2/repository/commons-cli/commons-cli/1.2/commons-cli-1.2.jar:/home/user/.m2/repository/org/apache/httpcomponents/httpclient/4.5.2/httpclient-4.5.2.jar:/home/user/.m2/repository/org/apache/httpcomponents/httpcore/4.4.4/httpcore-4.4.4.jar:/home/user/.m2/repository/commons-codec/commons-codec/1.11/commons-codec-1.11.jar:/home/user/.m2/repository/commons-net/commons-net/3.6/commons-net-3.6.jar:/home/user/.m2/repository/commons-collections/commons-collections/3.2.2/commons-collections-3.2.2.jar:/home/user/.m2/repository/org/eclipse/jetty/jetty-servlet/9.3.25.v20180904/jetty-servlet-9.3.25.v20180904.jar:/home/user/.m2/repository/org/eclipse/jetty/jetty-security/9.3.25.v20180904/jetty-security-9.3.25.v20180904.jar:/home/user/.m2/repository/javax/servlet/jsp/jsp-api/2.1/jsp-api-2.1.jar:/home/user/.m2/repository/com/sun/jersey/jersey-servlet/1.19/jersey-servlet-1.19.jar:/home/user/.m2/repository/com/sun/jersey/jersey-json/1.19/jersey-json-1.19.jar:/home/user/.m2/repository/org/codehaus/jettison/jettison/1.1/jettison-1.1.jar:/home/user/.m2/repository/org/codehaus/jackson/jackson-core-asl/1.9.13/jackson-core-asl-1.9.13.jar:/home/user/.m2/repository/org/codehaus/jackson/jackson-mapper-asl/1.9.13/jackson-mapper-asl-1.9.13.jar:/home/user/.m2/repository/org/codehaus/jackson/jackson-jaxrs/1.9.13/jackson-jaxrs-1.9.13.jar:/home/user/.m2/repository/org/codehaus/jackson/jackson-xc/1.9.13/jackson-xc-1.9.13.jar:/home/user/.m2/repository/commons-logging/commons-logging/1.1.3/commons-logging-1.1.3.jar:/home/user/.m2/repository/commons-beanutils/commons-beanutils/1.9.4/commons-beanutils-1.9.4.jar:/home/user/.m2/repository/org/apache/commons/commons-configuration2/2.1.1/commons-configuration2-2.1.1.jar:/home/user/.m2/repository/org/apache/commons/commons-lang3/3.7/commons-lang3-3.7.jar:/home/user/.m2/repository/org/apache/commons/commons-text/1.4/commons-text-1.4.jar:/home/user/.m2/repository/org/apache/avro/avro/1.7.7/avro-1.7.7.jar:/home/user/.m2/repository/com/thoughtworks/paranamer/paranamer/2.3/paranamer-2.3.jar:/home/user/.m2/repository/org/xerial/snappy/snappy-java/1.0.5/snappy-java-1.0.5.jar:/home/user/.m2/repository/com/google/re2j/re2j/1.1/re2j-1.1.jar:/home/user/.m2/repository/com/google/code/gson/gson/2.2.4/gson-2.2.4.jar:/home/user/.m2/repository/com/jcraft/jsch/0.1.54/jsch-0.1.54.jar:/home/user/.m2/repository/org/apache/curator/curator-client/2.12.0/curator-client-2.12.0.jar:/home/user/.m2/repository/org/apache/curator/curator-recipes/2.12.0/curator-recipes-2.12.0.jar:/home/user/.m2/repository/com/google/code/findbugs/jsr305/3.0.0/jsr305-3.0.0.jar:/home/user/.m2/repository/org/apache/htrace/htrace-core4/4.1.0-incubating/htrace-core4-4.1.0-incubating.jar:/home/user/.m2/repository/org/apache/zookeeper/zookeeper/3.4.13/zookeeper-3.4.13.jar:/home/user/.m2/repository/jline/jline/0.9.94/jline-0.9.94.jar:/home/user/.m2/repository/org/apache/yetus/audience-annotations/0.5.0/audience-annotations-0.5.0.jar:/home/user/.m2/repository/org/codehaus/woodstox/stax2-api/3.1.4/stax2-api-3.1.4.jar:/home/user/.m2/repository/com/fasterxml/woodstox/woodstox-core/5.0.3/woodstox-core-5.0.3.jar:/home/user/.m2/repository/dnsjava/dnsjava/2.1.7/dnsjava-2.1.7.jar:/home/user/.m2/repository/org/apache/hadoop/hadoop-hdfs/3.2.0/hadoop-hdfs-3.2.0-tests.jar:/home/user/.m2/repository/org/eclipse/jetty/jetty-util-ajax/9.3.25.v20180904/jetty-util-ajax-9.3.25.v20180904.jar:/home/user/.m2/repository/commons-daemon/commons-daemon/1.0.13/commons-daemon-1.0.13.jar:/home/user/.m2/repository/io/netty/netty/3.10.5.Final/netty-3.10.5.Final.jar:/home/user/.m2/repository/io/netty/netty-all/4.0.52.Final/netty-all-4.0.52.Final.jar:/home/user/.m2/repository/org/fusesource/leveldbjni/leveldbjni-all/1.8/leveldbjni-all-1.8.jar:"/>
    <property name="java.vm.vendor" value="Oracle Corporation"/>
    <property name="sun.arch.data.model" value="64"/>
    <property name="test.build.dir" value="/workdir/hadoop-ozone/integration-test/target/test-dir"/>
    <property name="test.cache.data" value=""/>
    <property name="java.vendor.url" value="http://java.oracle.com/"/>
    <property name="user.timezone" value=""/>
    <property name="java.vm.specification.version" value="1.8"/>
    <property name="os.name" value="Linux"/>
    <property name="test.build.data" value="/workdir/hadoop-ozone/integration-test/target/test-dir"/>
    <property name="user.country" value="US"/>
    <property name="sun.java.launcher" value="SUN_STANDARD"/>
    <property name="sun.boot.library.path" value="/usr/lib/jvm/java-1.8.0-openjdk-1.8.0.222.b10-1.el7_7.x86_64/jre/lib/amd64"/>
    <property name="sun.java.command" value="/workdir/hadoop-ozone/integration-test/target/surefire/surefirebooter3795383519515682628.jar /workdir/hadoop-ozone/integration-test/target/surefire 2019-11-18T03-53-06_007-jvmRun1 surefire8712322627778818360tmp surefire_397709827848512577273tmp"/>
    <property name="surefire.test.class.path" value="/workdir/hadoop-ozone/integration-test/target/test-classes:/workdir/hadoop-ozone/integration-test/target/classes:/home/user/.m2/repository/org/apache/hadoop/hadoop-ozone-common/0.5.0-SNAPSHOT/hadoop-ozone-common-0.5.0-SNAPSHOT.jar:/home/user/.m2/repository/org/apache/commons/commons-compress/1.4.1/commons-compress-1.4.1.jar:/home/user/.m2/repository/org/tukaani/xz/1.0/xz-1.0.jar:/home/user/.m2/repository/org/apache/hadoop/hadoop-common/3.2.0/hadoop-common-3.2.0.jar:/home/user/.m2/repository/org/apache/hadoop/hadoop-hdfs/3.2.0/hadoop-hdfs-3.2.0.jar:/home/user/.m2/repository/org/apache/hadoop/hadoop-hdfs-client/3.2.0/hadoop-hdfs-client-3.2.0.jar:/home/user/.m2/repository/com/fasterxml/jackson/core/jackson-annotations/2.9.9/jackson-annotations-2.9.9.jar:/home/user/.m2/repository/org/apache/hadoop/hadoop-hdds-common/0.5.0-SNAPSHOT/hadoop-hdds-common-0.5.0-SNAPSHOT.jar:/home/user/.m2/repository/javax/annotation/javax.annotation-api/1.2/javax.annotation-api-1.2.jar:/home/user/.m2/repository/org/apache/ratis/ratis-server/0.5.0-d6d58d0-SNAPSHOT/ratis-server-0.5.0-d6d58d0-SNAPSHOT.jar:/home/user/.m2/repository/org/apache/ratis/ratis-thirdparty-misc/0.2.0/ratis-thirdparty-misc-0.2.0.jar:/home/user/.m2/repository/org/apache/ratis/ratis-proto/0.5.0-d6d58d0-SNAPSHOT/ratis-proto-0.5.0-d6d58d0-SNAPSHOT.jar:/home/user/.m2/repository/org/apache/ratis/ratis-common/0.5.0-d6d58d0-SNAPSHOT/ratis-common-0.5.0-d6d58d0-SNAPSHOT.jar:/home/user/.m2/repository/org/apache/ratis/ratis-client/0.5.0-d6d58d0-SNAPSHOT/ratis-client-0.5.0-d6d58d0-SNAPSHOT.jar:/home/user/.m2/repository/org/apache/ratis/ratis-metrics/0.5.0-d6d58d0-SNAPSHOT/ratis-metrics-0.5.0-d6d58d0-SNAPSHOT.jar:/home/user/.m2/repository/org/apache/ratis/ratis-netty/0.5.0-d6d58d0-SNAPSHOT/ratis-netty-0.5.0-d6d58d0-SNAPSHOT.jar:/home/user/.m2/repository/org/apache/ratis/ratis-grpc/0.5.0-d6d58d0-SNAPSHOT/ratis-grpc-0.5.0-d6d58d0-SNAPSHOT.jar:/home/user/.m2/repository/org/rocksdb/rocksdbjni/6.0.1/rocksdbjni-6.0.1.jar:/home/user/.m2/repository/org/apache/logging/log4j/log4j-api/2.11.0/log4j-api-2.11.0.jar:/home/user/.m2/repository/org/apache/logging/log4j/log4j-core/2.11.0/log4j-core-2.11.0.jar:/home/user/.m2/repository/com/lmax/disruptor/3.4.2/disruptor-3.4.2.jar:/home/user/.m2/repository/org/apache/commons/commons-pool2/2.6.0/commons-pool2-2.6.0.jar:/home/user/.m2/repository/org/bouncycastle/bcpkix-jdk15on/1.60/bcpkix-jdk15on-1.60.jar:/home/user/.m2/repository/commons-validator/commons-validator/1.6/commons-validator-1.6.jar:/home/user/.m2/repository/commons-digester/commons-digester/1.8.1/commons-digester-1.8.1.jar:/home/user/.m2/repository/io/jaegertracing/jaeger-client/0.34.0/jaeger-client-0.34.0.jar:/home/user/.m2/repository/io/jaegertracing/jaeger-thrift/0.34.0/jaeger-thrift-0.34.0.jar:/home/user/.m2/repository/org/apache/thrift/libthrift/0.12.0/libthrift-0.12.0.jar:/home/user/.m2/repository/com/squareup/okhttp3/okhttp/3.9.0/okhttp-3.9.0.jar:/home/user/.m2/repository/com/squareup/okio/okio/1.13.0/okio-1.13.0.jar:/home/user/.m2/repository/io/jaegertracing/jaeger-core/0.34.0/jaeger-core-0.34.0.jar:/home/user/.m2/repository/io/jaegertracing/jaeger-tracerresolver/0.34.0/jaeger-tracerresolver-0.34.0.jar:/home/user/.m2/repository/io/opentracing/contrib/opentracing-tracerresolver/0.1.5/opentracing-tracerresolver-0.1.5.jar:/home/user/.m2/repository/io/opentracing/opentracing-util/0.31.0/opentracing-util-0.31.0.jar:/home/user/.m2/repository/io/opentracing/opentracing-api/0.31.0/opentracing-api-0.31.0.jar:/home/user/.m2/repository/io/opentracing/opentracing-noop/0.31.0/opentracing-noop-0.31.0.jar:/home/user/.m2/repository/org/apache/hadoop/hadoop-hdds-server-framework/0.5.0-SNAPSHOT/hadoop-hdds-server-framework-0.5.0-SNAPSHOT.jar:/home/user/.m2/repository/org/apache/hadoop/hadoop-hdds-container-service/0.5.0-SNAPSHOT/hadoop-hdds-container-service-0.5.0-SNAPSHOT.jar:/home/user/.m2/repository/org/apache/hadoop/hadoop-hdds-client/0.5.0-SNAPSHOT/hadoop-hdds-client-0.5.0-SNAPSHOT.jar:/home/user/.m2/repository/org/apache/hadoop/hadoop-hdds-tools/0.5.0-SNAPSHOT/hadoop-hdds-tools-0.5.0-SNAPSHOT.jar:/home/user/.m2/repository/org/apache/hadoop/hadoop-hdds-server-scm/0.5.0-SNAPSHOT/hadoop-hdds-server-scm-0.5.0-SNAPSHOT.jar:/home/user/.m2/repository/org/apache/hadoop/hadoop-hdds-docs/0.5.0-SNAPSHOT/hadoop-hdds-docs-0.5.0-SNAPSHOT.jar:/home/user/.m2/repository/io/dropwizard/metrics/metrics-core/3.2.4/metrics-core-3.2.4.jar:/home/user/.m2/repository/org/hamcrest/hamcrest-all/1.3/hamcrest-all-1.3.jar:/home/user/.m2/repository/org/bouncycastle/bcprov-jdk15on/1.60/bcprov-jdk15on-1.60.jar:/home/user/.m2/repository/info/picocli/picocli/3.9.6/picocli-3.9.6.jar:/home/user/.m2/repository/com/google/protobuf/protobuf-java/2.5.0/protobuf-java-2.5.0.jar:/home/user/.m2/repository/com/google/guava/guava/11.0.2/guava-11.0.2.jar:/home/user/.m2/repository/org/apache/hadoop/hadoop-ozone-ozone-manager/0.5.0-SNAPSHOT/hadoop-ozone-ozone-manager-0.5.0-SNAPSHOT.jar:/home/user/.m2/repository/org/apache/hadoop/hadoop-minikdc/3.2.0/hadoop-minikdc-3.2.0.jar:/home/user/.m2/repository/commons-io/commons-io/2.5/commons-io-2.5.jar:/home/user/.m2/repository/org/apache/kerby/kerb-simplekdc/1.0.1/kerb-simplekdc-1.0.1.jar:/home/user/.m2/repository/org/apache/kerby/kerb-client/1.0.1/kerb-client-1.0.1.jar:/home/user/.m2/repository/org/apache/kerby/kerby-config/1.0.1/kerby-config-1.0.1.jar:/home/user/.m2/repository/org/apache/kerby/kerb-core/1.0.1/kerb-core-1.0.1.jar:/home/user/.m2/repository/org/apache/kerby/kerby-pkix/1.0.1/kerby-pkix-1.0.1.jar:/home/user/.m2/repository/org/apache/kerby/kerby-asn1/1.0.1/kerby-asn1-1.0.1.jar:/home/user/.m2/repository/org/apache/kerby/kerby-util/1.0.1/kerby-util-1.0.1.jar:/home/user/.m2/repository/org/apache/kerby/kerb-common/1.0.1/kerb-common-1.0.1.jar:/home/user/.m2/repository/org/apache/kerby/kerb-crypto/1.0.1/kerb-crypto-1.0.1.jar:/home/user/.m2/repository/org/apache/kerby/kerb-util/1.0.1/kerb-util-1.0.1.jar:/home/user/.m2/repository/org/apache/kerby/token-provider/1.0.1/token-provider-1.0.1.jar:/home/user/.m2/repository/org/apache/kerby/kerb-admin/1.0.1/kerb-admin-1.0.1.jar:/home/user/.m2/repository/org/apache/kerby/kerb-server/1.0.1/kerb-server-1.0.1.jar:/home/user/.m2/repository/org/apache/kerby/kerb-identity/1.0.1/kerb-identity-1.0.1.jar:/home/user/.m2/repository/org/apache/kerby/kerby-xdr/1.0.1/kerby-xdr-1.0.1.jar:/home/user/.m2/repository/org/slf4j/slf4j-log4j12/1.7.25/slf4j-log4j12-1.7.25.jar:/home/user/.m2/repository/org/apache/hadoop/hadoop-ozone-s3gateway/0.5.0-SNAPSHOT/hadoop-ozone-s3gateway-0.5.0-SNAPSHOT.jar:/home/user/.m2/repository/org/jboss/weld/servlet/weld-servlet/2.4.7.Final/weld-servlet-2.4.7.Final.jar:/home/user/.m2/repository/org/glassfish/jersey/containers/jersey-container-servlet-core/2.27/jersey-container-servlet-core-2.27.jar:/home/user/.m2/repository/org/glassfish/hk2/external/javax.inject/2.5.0-b42/javax.inject-2.5.0-b42.jar:/home/user/.m2/repository/org/glassfish/jersey/core/jersey-common/2.27/jersey-common-2.27.jar:/home/user/.m2/repository/org/glassfish/hk2/osgi-resource-locator/1.0.1/osgi-resource-locator-1.0.1.jar:/home/user/.m2/repository/javax/ws/rs/javax.ws.rs-api/2.1/javax.ws.rs-api-2.1.jar:/home/user/.m2/repository/org/glassfish/jersey/ext/cdi/jersey-cdi1x/2.27/jersey-cdi1x-2.27.jar:/home/user/.m2/repository/org/glassfish/jersey/inject/jersey-hk2/2.27/jersey-hk2-2.27.jar:/home/user/.m2/repository/org/glassfish/hk2/hk2-locator/2.5.0-b42/hk2-locator-2.5.0-b42.jar:/home/user/.m2/repository/org/javassist/javassist/3.22.0-CR2/javassist-3.22.0-CR2.jar:/home/user/.m2/repository/org/glassfish/hk2/hk2-api/2.5.0/hk2-api-2.5.0.jar:/home/user/.m2/repository/org/glassfish/hk2/external/jakarta.inject/2.5.0/jakarta.inject-2.5.0.jar:/home/user/.m2/repository/org/glassfish/hk2/hk2-utils/2.5.0/hk2-utils-2.5.0.jar:/home/user/.m2/repository/jakarta/annotation/jakarta.annotation-api/1.3.4/jakarta.annotation-api-1.3.4.jar:/home/user/.m2/repository/org/glassfish/hk2/external/aopalliance-repackaged/2.5.0/aopalliance-repackaged-2.5.0.jar:/home/user/.m2/repository/com/fasterxml/jackson/dataformat/jackson-dataformat-xml/2.9.0/jackson-dataformat-xml-2.9.0.jar:/home/user/.m2/repository/com/fasterxml/jackson/core/jackson-core/2.9.9/jackson-core-2.9.9.jar:/home/user/.m2/repository/com/fasterxml/jackson/module/jackson-module-jaxb-annotations/2.9.9/jackson-module-jaxb-annotations-2.9.9.jar:/home/user/.m2/repository/javax/enterprise/cdi-api/1.2/cdi-api-1.2.jar:/home/user/.m2/repository/javax/el/javax.el-api/3.0.0/javax.el-api-3.0.0.jar:/home/user/.m2/repository/javax/interceptor/javax.interceptor-api/1.2/javax.interceptor-api-1.2.jar:/home/user/.m2/repository/javax/inject/javax.inject/1/javax.inject-1.jar:/home/user/.m2/repository/com/sun/xml/bind/jaxb-impl/2.3.0.1/jaxb-impl-2.3.0.1.jar:/home/user/.m2/repository/com/sun/xml/bind/jaxb-core/2.3.0.1/jaxb-core-2.3.0.1.jar:/home/user/.m2/repository/javax/xml/bind/jaxb-api/2.3.0/jaxb-api-2.3.0.jar:/home/user/.m2/repository/javax/activation/activation/1.1.1/activation-1.1.1.jar:/home/user/.m2/repository/org/apache/hadoop/hadoop-ozone-csi/0.5.0-SNAPSHOT/hadoop-ozone-csi-0.5.0-SNAPSHOT.jar:/home/user/.m2/repository/com/google/protobuf/protobuf-java-util/3.5.1/protobuf-java-util-3.5.1.jar:/home/user/.m2/repository/org/apache/hadoop/hadoop-hdds-config/0.5.0-SNAPSHOT/hadoop-hdds-config-0.5.0-SNAPSHOT.jar:/home/user/.m2/repository/io/grpc/grpc-netty/1.17.1/grpc-netty-1.17.1.jar:/home/user/.m2/repository/io/grpc/grpc-core/1.17.1/grpc-core-1.17.1.jar:/home/user/.m2/repository/io/grpc/grpc-context/1.17.1/grpc-context-1.17.1.jar:/home/user/.m2/repository/com/google/errorprone/error_prone_annotations/2.2.0/error_prone_annotations-2.2.0.jar:/home/user/.m2/repository/org/codehaus/mojo/animal-sniffer-annotations/1.17/animal-sniffer-annotations-1.17.jar:/home/user/.m2/repository/io/opencensus/opencensus-api/0.17.0/opencensus-api-0.17.0.jar:/home/user/.m2/repository/io/opencensus/opencensus-contrib-grpc-metrics/0.17.0/opencensus-contrib-grpc-metrics-0.17.0.jar:/home/user/.m2/repository/io/netty/netty-codec-http2/4.1.30.Final/netty-codec-http2-4.1.30.Final.jar:/home/user/.m2/repository/io/netty/netty-codec-http/4.1.30.Final/netty-codec-http-4.1.30.Final.jar:/home/user/.m2/repository/io/netty/netty-codec/4.1.30.Final/netty-codec-4.1.30.Final.jar:/home/user/.m2/repository/io/netty/netty-handler/4.1.30.Final/netty-handler-4.1.30.Final.jar:/home/user/.m2/repository/io/netty/netty-handler-proxy/4.1.30.Final/netty-handler-proxy-4.1.30.Final.jar:/home/user/.m2/repository/io/netty/netty-codec-socks/4.1.30.Final/netty-codec-socks-4.1.30.Final.jar:/home/user/.m2/repository/io/netty/netty-transport-native-epoll/4.1.30.Final/netty-transport-native-epoll-4.1.30.Final.jar:/home/user/.m2/repository/io/netty/netty-common/4.1.30.Final/netty-common-4.1.30.Final.jar:/home/user/.m2/repository/io/netty/netty-buffer/4.1.30.Final/netty-buffer-4.1.30.Final.jar:/home/user/.m2/repository/io/netty/netty-transport/4.1.30.Final/netty-transport-4.1.30.Final.jar:/home/user/.m2/repository/io/netty/netty-resolver/4.1.30.Final/netty-resolver-4.1.30.Final.jar:/home/user/.m2/repository/io/netty/netty-transport-native-unix-common/4.1.30.Final/netty-transport-native-unix-common-4.1.30.Final.jar:/home/user/.m2/repository/io/grpc/grpc-protobuf/1.17.1/grpc-protobuf-1.17.1.jar:/home/user/.m2/repository/com/google/api/grpc/proto-google-common-protos/1.0.0/proto-google-common-protos-1.0.0.jar:/home/user/.m2/repository/io/grpc/grpc-protobuf-lite/1.17.1/grpc-protobuf-lite-1.17.1.jar:/home/user/.m2/repository/io/grpc/grpc-stub/1.17.1/grpc-stub-1.17.1.jar:/home/user/.m2/repository/org/apache/hadoop/hadoop-ozone-recon/0.5.0-SNAPSHOT/hadoop-ozone-recon-0.5.0-SNAPSHOT.jar:/home/user/.m2/repository/org/apache/hadoop/hadoop-ozone-reconcodegen/0.5.0-SNAPSHOT/hadoop-ozone-reconcodegen-0.5.0-SNAPSHOT.jar:/home/user/.m2/repository/com/google/inject/extensions/guice-multibindings/4.0/guice-multibindings-4.0.jar:/home/user/.m2/repository/com/google/inject/guice/4.0/guice-4.0.jar:/home/user/.m2/repository/aopalliance/aopalliance/1.0/aopalliance-1.0.jar:/home/user/.m2/repository/com/google/inject/extensions/guice-servlet/4.0/guice-servlet-4.0.jar:/home/user/.m2/repository/org/glassfish/jersey/containers/jersey-container-servlet/2.27/jersey-container-servlet-2.27.jar:/home/user/.m2/repository/org/glassfish/hk2/guice-bridge/2.5.0/guice-bridge-2.5.0.jar:/home/user/.m2/repository/org/glassfish/jersey/core/jersey-server/2.27/jersey-server-2.27.jar:/home/user/.m2/repository/org/glassfish/jersey/core/jersey-client/2.27/jersey-client-2.27.jar:/home/user/.m2/repository/org/glassfish/jersey/media/jersey-media-jaxb/2.27/jersey-media-jaxb-2.27.jar:/home/user/.m2/repository/javax/validation/validation-api/1.1.0.Final/validation-api-1.1.0.Final.jar:/home/user/.m2/repository/org/glassfish/jersey/media/jersey-media-json-jackson/2.27/jersey-media-json-jackson-2.27.jar:/home/user/.m2/repository/org/glassfish/jersey/ext/jersey-entity-filtering/2.27/jersey-entity-filtering-2.27.jar:/home/user/.m2/repository/com/google/inject/extensions/guice-assistedinject/4.0/guice-assistedinject-4.0.jar:/home/user/.m2/repository/org/jooq/jooq/3.11.10/jooq-3.11.10.jar:/home/user/.m2/repository/org/jooq/jooq-meta/3.11.10/jooq-meta-3.11.10.jar:/home/user/.m2/repository/org/jooq/jooq-codegen/3.11.10/jooq-codegen-3.11.10.jar:/home/user/.m2/repository/com/jolbox/bonecp/0.8.0.RELEASE/bonecp-0.8.0.RELEASE.jar:/home/user/.m2/repository/org/xerial/sqlite-jdbc/3.25.2/sqlite-jdbc-3.25.2.jar:/home/user/.m2/repository/org/springframework/spring-jdbc/5.1.3.RELEASE/spring-jdbc-5.1.3.RELEASE.jar:/home/user/.m2/repository/org/springframework/spring-beans/5.1.3.RELEASE/spring-beans-5.1.3.RELEASE.jar:/home/user/.m2/repository/org/springframework/spring-core/5.1.3.RELEASE/spring-core-5.1.3.RELEASE.jar:/home/user/.m2/repository/org/springframework/spring-jcl/5.1.3.RELEASE/spring-jcl-5.1.3.RELEASE.jar:/home/user/.m2/repository/org/springframework/spring-tx/5.1.3.RELEASE/spring-tx-5.1.3.RELEASE.jar:/home/user/.m2/repository/org/apache/hadoop/hadoop-ozone-client/0.5.0-SNAPSHOT/hadoop-ozone-client-0.5.0-SNAPSHOT.jar:/home/user/.m2/repository/commons-lang/commons-lang/2.6/commons-lang-2.6.jar:/home/user/.m2/repository/org/apache/hadoop/hadoop-ozone-ozone-manager/0.5.0-SNAPSHOT/hadoop-ozone-ozone-manager-0.5.0-SNAPSHOT-tests.jar:/home/user/.m2/repository/junit/junit/4.11/junit-4.11.jar:/home/user/.m2/repository/org/hamcrest/hamcrest-core/1.3/hamcrest-core-1.3.jar:/home/user/.m2/repository/org/openjdk/jmh/jmh-core/1.19/jmh-core-1.19.jar:/home/user/.m2/repository/net/sf/jopt-simple/jopt-simple/4.6/jopt-simple-4.6.jar:/home/user/.m2/repository/org/apache/commons/commons-math3/3.1.1/commons-math3-3.1.1.jar:/home/user/.m2/repository/org/openjdk/jmh/jmh-generator-annprocess/1.19/jmh-generator-annprocess-1.19.jar:/home/user/.m2/repository/org/mockito/mockito-all/1.8.5/mockito-all-1.8.5.jar:/home/user/.m2/repository/org/apache/hadoop/hadoop-kms/3.2.0/hadoop-kms-3.2.0.jar:/home/user/.m2/repository/org/apache/hadoop/hadoop-auth/3.2.0/hadoop-auth-3.2.0.jar:/home/user/.m2/repository/com/nimbusds/nimbus-jose-jwt/4.41.1/nimbus-jose-jwt-4.41.1.jar:/home/user/.m2/repository/com/github/stephenc/jcip/jcip-annotations/1.0-1/jcip-annotations-1.0-1.jar:/home/user/.m2/repository/net/minidev/json-smart/2.3/json-smart-2.3.jar:/home/user/.m2/repository/net/minidev/accessors-smart/1.2/accessors-smart-1.2.jar:/home/user/.m2/repository/org/ow2/asm/asm/5.0.4/asm-5.0.4.jar:/home/user/.m2/repository/org/apache/curator/curator-framework/2.12.0/curator-framework-2.12.0.jar:/home/user/.m2/repository/com/sun/jersey/jersey-core/1.19/jersey-core-1.19.jar:/home/user/.m2/repository/javax/ws/rs/jsr311-api/1.1.1/jsr311-api-1.1.1.jar:/home/user/.m2/repository/com/sun/jersey/jersey-server/1.19/jersey-server-1.19.jar:/home/user/.m2/repository/javax/servlet/javax.servlet-api/3.1.0/javax.servlet-api-3.1.0.jar:/home/user/.m2/repository/org/eclipse/jetty/jetty-server/9.3.25.v20180904/jetty-server-9.3.25.v20180904.jar:/home/user/.m2/repository/org/eclipse/jetty/jetty-http/9.3.25.v20180904/jetty-http-9.3.25.v20180904.jar:/home/user/.m2/repository/org/eclipse/jetty/jetty-io/9.3.25.v20180904/jetty-io-9.3.25.v20180904.jar:/home/user/.m2/repository/org/eclipse/jetty/jetty-webapp/9.3.25.v20180904/jetty-webapp-9.3.25.v20180904.jar:/home/user/.m2/repository/org/eclipse/jetty/jetty-xml/9.3.25.v20180904/jetty-xml-9.3.25.v20180904.jar:/home/user/.m2/repository/log4j/log4j/1.2.17/log4j-1.2.17.jar:/home/user/.m2/repository/org/slf4j/slf4j-api/1.7.25/slf4j-api-1.7.25.jar:/home/user/.m2/repository/org/slf4j/jul-to-slf4j/1.7.25/jul-to-slf4j-1.7.25.jar:/home/user/.m2/repository/org/eclipse/jetty/jetty-util/9.3.25.v20180904/jetty-util-9.3.25.v20180904.jar:/home/user/.m2/repository/com/fasterxml/jackson/core/jackson-databind/2.9.9/jackson-databind-2.9.9.jar:/home/user/.m2/repository/org/apache/hadoop/hadoop-kms/3.2.0/hadoop-kms-3.2.0-tests.jar:/home/user/.m2/repository/org/apache/hadoop/hadoop-hdds-server-scm/0.5.0-SNAPSHOT/hadoop-hdds-server-scm-0.5.0-SNAPSHOT-tests.jar:/home/user/.m2/repository/org/apache/hadoop/hadoop-hdds-container-service/0.5.0-SNAPSHOT/hadoop-hdds-container-service-0.5.0-SNAPSHOT-tests.jar:/home/user/.m2/repository/org/yaml/snakeyaml/1.16/snakeyaml-1.16.jar:/home/user/.m2/repository/org/apache/hadoop/hadoop-common/3.2.0/hadoop-common-3.2.0-tests.jar:/home/user/.m2/repository/org/apache/hadoop/hadoop-annotations/3.2.0/hadoop-annotations-3.2.0.jar:/usr/lib/jvm/java-1.8.0-openjdk-1.8.0.222.b10-1.el7_7.x86_64/jre/../lib/tools.jar:/home/user/.m2/repository/commons-cli/commons-cli/1.2/commons-cli-1.2.jar:/home/user/.m2/repository/org/apache/httpcomponents/httpclient/4.5.2/httpclient-4.5.2.jar:/home/user/.m2/repository/org/apache/httpcomponents/httpcore/4.4.4/httpcore-4.4.4.jar:/home/user/.m2/repository/commons-codec/commons-codec/1.11/commons-codec-1.11.jar:/home/user/.m2/repository/commons-net/commons-net/3.6/commons-net-3.6.jar:/home/user/.m2/repository/commons-collections/commons-collections/3.2.2/commons-collections-3.2.2.jar:/home/user/.m2/repository/org/eclipse/jetty/jetty-servlet/9.3.25.v20180904/jetty-servlet-9.3.25.v20180904.jar:/home/user/.m2/repository/org/eclipse/jetty/jetty-security/9.3.25.v20180904/jetty-security-9.3.25.v20180904.jar:/home/user/.m2/repository/javax/servlet/jsp/jsp-api/2.1/jsp-api-2.1.jar:/home/user/.m2/repository/com/sun/jersey/jersey-servlet/1.19/jersey-servlet-1.19.jar:/home/user/.m2/repository/com/sun/jersey/jersey-json/1.19/jersey-json-1.19.jar:/home/user/.m2/repository/org/codehaus/jettison/jettison/1.1/jettison-1.1.jar:/home/user/.m2/repository/org/codehaus/jackson/jackson-core-asl/1.9.13/jackson-core-asl-1.9.13.jar:/home/user/.m2/repository/org/codehaus/jackson/jackson-mapper-asl/1.9.13/jackson-mapper-asl-1.9.13.jar:/home/user/.m2/repository/org/codehaus/jackson/jackson-jaxrs/1.9.13/jackson-jaxrs-1.9.13.jar:/home/user/.m2/repository/org/codehaus/jackson/jackson-xc/1.9.13/jackson-xc-1.9.13.jar:/home/user/.m2/repository/commons-logging/commons-logging/1.1.3/commons-logging-1.1.3.jar:/home/user/.m2/repository/commons-beanutils/commons-beanutils/1.9.4/commons-beanutils-1.9.4.jar:/home/user/.m2/repository/org/apache/commons/commons-configuration2/2.1.1/commons-configuration2-2.1.1.jar:/home/user/.m2/repository/org/apache/commons/commons-lang3/3.7/commons-lang3-3.7.jar:/home/user/.m2/repository/org/apache/commons/commons-text/1.4/commons-text-1.4.jar:/home/user/.m2/repository/org/apache/avro/avro/1.7.7/avro-1.7.7.jar:/home/user/.m2/repository/com/thoughtworks/paranamer/paranamer/2.3/paranamer-2.3.jar:/home/user/.m2/repository/org/xerial/snappy/snappy-java/1.0.5/snappy-java-1.0.5.jar:/home/user/.m2/repository/com/google/re2j/re2j/1.1/re2j-1.1.jar:/home/user/.m2/repository/com/google/code/gson/gson/2.2.4/gson-2.2.4.jar:/home/user/.m2/repository/com/jcraft/jsch/0.1.54/jsch-0.1.54.jar:/home/user/.m2/repository/org/apache/curator/curator-client/2.12.0/curator-client-2.12.0.jar:/home/user/.m2/repository/org/apache/curator/curator-recipes/2.12.0/curator-recipes-2.12.0.jar:/home/user/.m2/repository/com/google/code/findbugs/jsr305/3.0.0/jsr305-3.0.0.jar:/home/user/.m2/repository/org/apache/htrace/htrace-core4/4.1.0-incubating/htrace-core4-4.1.0-incubating.jar:/home/user/.m2/repository/org/apache/zookeeper/zookeeper/3.4.13/zookeeper-3.4.13.jar:/home/user/.m2/repository/jline/jline/0.9.94/jline-0.9.94.jar:/home/user/.m2/repository/org/apache/yetus/audience-annotations/0.5.0/audience-annotations-0.5.0.jar:/home/user/.m2/repository/org/codehaus/woodstox/stax2-api/3.1.4/stax2-api-3.1.4.jar:/home/user/.m2/repository/com/fasterxml/woodstox/woodstox-core/5.0.3/woodstox-core-5.0.3.jar:/home/user/.m2/repository/dnsjava/dnsjava/2.1.7/dnsjava-2.1.7.jar:/home/user/.m2/repository/org/apache/hadoop/hadoop-hdfs/3.2.0/hadoop-hdfs-3.2.0-tests.jar:/home/user/.m2/repository/org/eclipse/jetty/jetty-util-ajax/9.3.25.v20180904/jetty-util-ajax-9.3.25.v20180904.jar:/home/user/.m2/repository/commons-daemon/commons-daemon/1.0.13/commons-daemon-1.0.13.jar:/home/user/.m2/repository/io/netty/netty/3.10.5.Final/netty-3.10.5.Final.jar:/home/user/.m2/repository/io/netty/netty-all/4.0.52.Final/netty-all-4.0.52.Final.jar:/home/user/.m2/repository/org/fusesource/leveldbjni/leveldbjni-all/1.8/leveldbjni-all-1.8.jar:"/>
    <property name="sun.cpu.endian" value="little"/>
    <property name="user.home" value="/home/user"/>
    <property name="user.language" value="en"/>
    <property name="java.specification.vendor" value="Oracle Corporation"/>
    <property name="java.home" value="/usr/lib/jvm/java-1.8.0-openjdk-1.8.0.222.b10-1.el7_7.x86_64/jre"/>
    <property name="surefire.excludesFile" value="/tools/ozone-bad-unit-tests"/>
    <property name="java.security.krb5.conf" value="/workdir/hadoop-ozone/integration-test/target/test-classes/krb5.conf"/>
    <property name="basedir" value="/workdir/hadoop-ozone/integration-test"/>
    <property name="file.separator" value="/"/>
    <property name="line.separator" value="&#10;"/>
    <property name="java.vm.specification.vendor" value="Oracle Corporation"/>
    <property name="java.specification.name" value="Java Platform API Specification"/>
    <property name="java.awt.graphicsenv" value="sun.awt.X11GraphicsEnvironment"/>
    <property name="surefire.real.class.path" value="/workdir/hadoop-ozone/integration-test/target/surefire/surefirebooter3795383519515682628.jar"/>
    <property name="hadoop.log.dir" value="/workdir/hadoop-ozone/integration-test/target/log"/>
    <property name="sun.boot.class.path" value="/usr/lib/jvm/java-1.8.0-openjdk-1.8.0.222.b10-1.el7_7.x86_64/jre/lib/resources.jar:/usr/lib/jvm/java-1.8.0-openjdk-1.8.0.222.b10-1.el7_7.x86_64/jre/lib/rt.jar:/usr/lib/jvm/java-1.8.0-openjdk-1.8.0.222.b10-1.el7_7.x86_64/jre/lib/sunrsasign.jar:/usr/lib/jvm/java-1.8.0-openjdk-1.8.0.222.b10-1.el7_7.x86_64/jre/lib/jsse.jar:/usr/lib/jvm/java-1.8.0-openjdk-1.8.0.222.b10-1.el7_7.x86_64/jre/lib/jce.jar:/usr/lib/jvm/java-1.8.0-openjdk-1.8.0.222.b10-1.el7_7.x86_64/jre/lib/charsets.jar:/usr/lib/jvm/java-1.8.0-openjdk-1.8.0.222.b10-1.el7_7.x86_64/jre/lib/jfr.jar:/usr/lib/jvm/java-1.8.0-openjdk-1.8.0.222.b10-1.el7_7.x86_64/jre/classes"/>
    <property name="sun.management.compiler" value="HotSpot 64-Bit Tiered Compilers"/>
    <property name="java.runtime.version" value="1.8.0_222-b10"/>
    <property name="java.net.preferIPv4Stack" value="true"/>
    <property name="user.name" value="jenkins1000"/>
    <property name="path.separator" value=":"/>
    <property name="java.security.egd" value="file:///dev/urandom"/>
    <property name="os.version" value="3.10.0-957.12.2.el7.x86_64"/>
    <property name="java.endorsed.dirs" value="/usr/lib/jvm/java-1.8.0-openjdk-1.8.0.222.b10-1.el7_7.x86_64/jre/lib/endorsed"/>
    <property name="java.runtime.name" value="OpenJDK Runtime Environment"/>
    <property name="file.encoding" value="ANSI_X3.4-1968"/>
    <property name="java.vm.name" value="OpenJDK 64-Bit Server VM"/>
    <property name="test.build.webapps" value=""/>
    <property name="localRepository" value="/home/user/.m2/repository"/>
    <property name="java.vendor.url.bug" value="http://bugreport.sun.com/bugreport/"/>
    <property name="java.io.tmpdir" value="/tmp"/>
    <property name="require.test.libhadoop" value=""/>
    <property name="java.version" value="1.8.0_222"/>
    <property name="user.dir" value="/workdir/hadoop-ozone/integration-test"/>
    <property name="os.arch" value="amd64"/>
    <property name="java.vm.specification.name" value="Java Virtual Machine Specification"/>
    <property name="test.build.classes" value="/workdir/hadoop-ozone/integration-test/target/test-classes"/>
    <property name="java.awt.printerjob" value="sun.print.PSPrinterJob"/>
    <property name="sun.os.patch.level" value="unknown"/>
    <property name="hadoop.tmp.dir" value="/workdir/hadoop-ozone/integration-test/target/tmp"/>
    <property name="java.library.path" value="/usr/lib:/workdir/hadoop-ozone/integration-test/target/native/target/usr/local/lib:/workdir/hadoop-ozone/integration-test/../../hadoop-common-project/hadoop-common/target/native/target/usr/local/lib:/usr/java/packages/lib/amd64:/usr/lib64:/lib64:/lib:/usr/lib"/>
    <property name="java.vm.info" value="mixed mode"/>
    <property name="java.vendor" value="Oracle Corporation"/>
    <property name="java.vm.version" value="25.222-b10"/>
    <property name="java.ext.dirs" value="/usr/lib/jvm/java-1.8.0-openjdk-1.8.0.222.b10-1.el7_7.x86_64/jre/lib/ext:/usr/java/packages/lib/ext"/>
    <property name="sun.io.unicode.encoding" value="UnicodeLittle"/>
    <property name="java.class.version" value="52.0"/>
  </properties>
  <testcase name="testStartMultipleDatanodes" classname="org.apache.hadoop.ozone.TestMiniOzoneCluster" time="40.348">
    <error message="test timed out after 30000 milliseconds" type="java.lang.Exception">java.lang.Exception: test timed out after 30000 milliseconds
	at java.lang.Thread.sleep(Native Method)
	at org.apache.hadoop.test.GenericTestUtils.waitFor(GenericTestUtils.java:382)
	at org.apache.hadoop.ozone.MiniOzoneClusterImpl.waitForClusterToBeReady(MiniOzoneClusterImpl.java:145)
	at org.apache.hadoop.ozone.TestMiniOzoneCluster.testStartMultipleDatanodes(TestMiniOzoneCluster.java:104)
	at sun.reflect.NativeMethodAccessorImpl.invoke0(Native Method)
	at sun.reflect.NativeMethodAccessorImpl.invoke(NativeMethodAccessorImpl.java:62)
	at sun.reflect.DelegatingMethodAccessorImpl.invoke(DelegatingMethodAccessorImpl.java:43)
	at java.lang.reflect.Method.invoke(Method.java:498)
	at org.junit.runners.model.FrameworkMethod$1.runReflectiveCall(FrameworkMethod.java:47)
	at org.junit.internal.runners.model.ReflectiveCallable.run(ReflectiveCallable.java:12)
	at org.junit.runners.model.FrameworkMethod.invokeExplosively(FrameworkMethod.java:44)
	at org.junit.internal.runners.statements.InvokeMethod.evaluate(InvokeMethod.java:17)
	at org.junit.internal.runners.statements.FailOnTimeout$StatementThread.run(FailOnTimeout.java:74)
</error>
    <system-out><![CDATA[2019-11-18 04:38:36,067 [Thread-0] WARN  server.ServerUtils (ServerUtils.java:getScmDbDir(145)) - ozone.scm.db.dirs is not configured. We recommend adding this setting. Falling back to ozone.metadata.dirs instead.
2019-11-18 04:38:36,218 [Thread-0] WARN  server.ServerUtils (ServerUtils.java:getScmDbDir(145)) - ozone.scm.db.dirs is not configured. We recommend adding this setting. Falling back to ozone.metadata.dirs instead.
2019-11-18 04:38:36,223 [Thread-0] WARN  server.ServerUtils (ServerUtils.java:getScmDbDir(145)) - ozone.scm.db.dirs is not configured. We recommend adding this setting. Falling back to ozone.metadata.dirs instead.
2019-11-18 04:38:36,265 [Thread-0] INFO  util.log (Log.java:initialized(192)) - Logging initialized @970ms
2019-11-18 04:38:36,373 [Thread-0] INFO  db.DBStoreBuilder (DBStoreBuilder.java:addTable(127)) - using custom profile for table: deletedBlocks
2019-11-18 04:38:36,373 [Thread-0] INFO  db.DBStoreBuilder (DBStoreBuilder.java:processTables(183)) - Using default column profile:DBProfile.DISK for Table:deletedBlocks
2019-11-18 04:38:36,373 [Thread-0] INFO  db.DBStoreBuilder (DBStoreBuilder.java:addTable(127)) - using custom profile for table: validCerts
2019-11-18 04:38:36,374 [Thread-0] INFO  db.DBStoreBuilder (DBStoreBuilder.java:processTables(183)) - Using default column profile:DBProfile.DISK for Table:validCerts
2019-11-18 04:38:36,374 [Thread-0] INFO  db.DBStoreBuilder (DBStoreBuilder.java:addTable(127)) - using custom profile for table: revokedCerts
2019-11-18 04:38:36,374 [Thread-0] INFO  db.DBStoreBuilder (DBStoreBuilder.java:processTables(183)) - Using default column profile:DBProfile.DISK for Table:revokedCerts
2019-11-18 04:38:36,385 [Thread-0] INFO  db.DBStoreBuilder (DBStoreBuilder.java:addTable(127)) - using custom profile for table: default
2019-11-18 04:38:36,385 [Thread-0] INFO  db.DBStoreBuilder (DBStoreBuilder.java:processTables(189)) - Using default column profile:DBProfile.DISK for Table:default
2019-11-18 04:38:36,387 [Thread-0] INFO  db.DBStoreBuilder (DBStoreBuilder.java:getDbProfile(220)) - Using default options. DBProfile.DISK
2019-11-18 04:38:36,725 [Thread-0] INFO  net.NodeSchemaLoader (NodeSchemaLoader.java:loadSchemaFromFile(125)) - Loading file from sun.misc.CompoundEnumeration@3b9991f7
2019-11-18 04:38:36,727 [Thread-0] INFO  net.NodeSchemaLoader (NodeSchemaLoader.java:loadSchema(171)) - Loading network topology layer schema file
2019-11-18 04:38:36,790 [Thread-0] WARN  server.ServerUtils (ServerUtils.java:sanitizeUserArgs(70)) - ozone.scm.stale.node.interval value = 300000 is larger than max = 100000 based on the key value of ozone.scm.heartbeat.thread.interval, reset to the max value 100000.
2019-11-18 04:38:36,793 [Thread-0] WARN  server.ServerUtils (ServerUtils.java:sanitizeUserArgs(70)) - ozone.scm.stale.node.interval value = 300000 is larger than max = 100000 based on the key value of ozone.scm.heartbeat.thread.interval, reset to the max value 100000.
2019-11-18 04:38:36,796 [Thread-0] INFO  node.SCMNodeManager (SCMNodeManager.java:<init>(116)) - Entering startup safe mode.
2019-11-18 04:38:36,874 [Thread-0] INFO  algorithms.ContainerPlacementPolicyFactory (ContainerPlacementPolicyFactory.java:getPolicy(57)) - Create container placement policy of type org.apache.hadoop.hdds.scm.container.placement.algorithms.SCMContainerPlacementRandom
2019-11-18 04:38:36,888 [Thread-0] WARN  server.ServerUtils (ServerUtils.java:getScmDbDir(145)) - ozone.scm.db.dirs is not configured. We recommend adding this setting. Falling back to ozone.metadata.dirs instead.
2019-11-18 04:38:36,984 [Thread-0] INFO  pipeline.SCMPipelineManager (SCMPipelineManager.java:initializePipelineState(136)) - No pipeline exists in current db
2019-11-18 04:38:36,987 [Thread-0] WARN  server.ServerUtils (ServerUtils.java:getScmDbDir(145)) - ozone.scm.db.dirs is not configured. We recommend adding this setting. Falling back to ozone.metadata.dirs instead.
2019-11-18 04:38:37,144 [Thread-0] INFO  safemode.HealthyPipelineSafeModeRule (HealthyPipelineSafeModeRule.java:<init>(92)) -  Total pipeline count is 0, healthy pipeline threshold count is 1
2019-11-18 04:38:37,148 [Thread-0] INFO  safemode.OneReplicaPipelineSafeModeRule (OneReplicaPipelineSafeModeRule.java:<init>(79)) - Total pipeline count is 0, pipeline's with at least one datanode reported threshold count is 0
2019-11-18 04:38:37,149 [Thread-0] WARN  events.EventQueue (EventQueue.java:fireEvent(183)) - No event handler registered for event TypedEvent{payloadType=SafeModeStatus, name='SafeModeStatus'}
2019-11-18 04:38:37,535 [Thread-0] INFO  ipc.CallQueueManager (CallQueueManager.java:<init>(84)) - Using callQueue: class java.util.concurrent.LinkedBlockingQueue, queueCapacity: 2000, scheduler: class org.apache.hadoop.ipc.DefaultRpcScheduler, ipcBackoff: false.
2019-11-18 04:38:37,685 [Socket Reader #1 for port 41547] INFO  ipc.Server (Server.java:run(1074)) - Starting Socket Reader #1 for port 41547
2019-11-18 04:38:37,721 [Thread-0] INFO  ipc.CallQueueManager (CallQueueManager.java:<init>(84)) - Using callQueue: class java.util.concurrent.LinkedBlockingQueue, queueCapacity: 2000, scheduler: class org.apache.hadoop.ipc.DefaultRpcScheduler, ipcBackoff: false.
2019-11-18 04:38:37,722 [Socket Reader #1 for port 33324] INFO  ipc.Server (Server.java:run(1074)) - Starting Socket Reader #1 for port 33324
2019-11-18 04:38:37,731 [Thread-0] INFO  ipc.CallQueueManager (CallQueueManager.java:<init>(84)) - Using callQueue: class java.util.concurrent.LinkedBlockingQueue, queueCapacity: 2000, scheduler: class org.apache.hadoop.ipc.DefaultRpcScheduler, ipcBackoff: false.
2019-11-18 04:38:37,732 [Socket Reader #1 for port 45186] INFO  ipc.Server (Server.java:run(1074)) - Starting Socket Reader #1 for port 45186
2019-11-18 04:38:37,758 [Thread-0] INFO  hdfs.DFSUtil (DFSUtil.java:httpServerTemplateForNNAndJN(1641)) - Starting Web-server for scm at: http://0.0.0.0:0
2019-11-18 04:38:37,924 [Thread-0] INFO  server.AuthenticationFilter (AuthenticationFilter.java:constructSecretProvider(240)) - Unable to initialize FileSignerSecretProvider, falling back to use random secrets.
2019-11-18 04:38:37,933 [Thread-0] WARN  http.HttpRequestLog (HttpRequestLog.java:getRequestLog(97)) - Jetty request log can only be enabled using Log4j
2019-11-18 04:38:37,940 [Thread-0] INFO  http.HttpServer2 (HttpServer2.java:addGlobalFilter(975)) - Added global filter 'safety' (class=org.apache.hadoop.http.HttpServer2$QuotingInputFilter)
2019-11-18 04:38:37,944 [Thread-0] INFO  http.HttpServer2 (HttpServer2.java:addFilter(948)) - Added filter static_user_filter (class=org.apache.hadoop.http.lib.StaticUserWebFilter$StaticUserFilter) to context scm
2019-11-18 04:38:37,944 [Thread-0] INFO  http.HttpServer2 (HttpServer2.java:addFilter(958)) - Added filter static_user_filter (class=org.apache.hadoop.http.lib.StaticUserWebFilter$StaticUserFilter) to context logs
2019-11-18 04:38:37,944 [Thread-0] INFO  http.HttpServer2 (HttpServer2.java:addFilter(958)) - Added filter static_user_filter (class=org.apache.hadoop.http.lib.StaticUserWebFilter$StaticUserFilter) to context static
2019-11-18 04:38:37,974 [Thread-0] INFO  server.StorageContainerManager (StorageContainerManager.java:start(765)) - StorageContainerLocationProtocol RPC server is listening at /0.0.0.0:45186
2019-11-18 04:38:38,033 [Thread-0] WARN  impl.MetricsConfig (MetricsConfig.java:loadFirst(134)) - Cannot locate configuration: tried hadoop-metrics2-storagecontainermanager.properties,hadoop-metrics2.properties
2019-11-18 04:38:38,048 [Thread-0] INFO  impl.MetricsSystemImpl (MetricsSystemImpl.java:startTimer(374)) - Scheduled Metric snapshot period at 10 second(s).
2019-11-18 04:38:38,048 [Thread-0] INFO  impl.MetricsSystemImpl (MetricsSystemImpl.java:start(191)) - StorageContainerManager metrics system started
2019-11-18 04:38:38,318 [Thread-0] INFO  server.SCMClientProtocolServer (SCMClientProtocolServer.java:start(160)) - RPC server for Client  is listening at /0.0.0.0:45186
2019-11-18 04:38:38,319 [IPC Server Responder] INFO  ipc.Server (Server.java:run(1314)) - IPC Server Responder: starting
2019-11-18 04:38:38,319 [IPC Server listener on 45186] INFO  ipc.Server (Server.java:run(1153)) - IPC Server listener on 45186: starting
2019-11-18 04:38:38,322 [Thread-0] INFO  server.StorageContainerManager (StorageContainerManager.java:start(775)) - ScmBlockLocationProtocol RPC server is listening at /0.0.0.0:33324
2019-11-18 04:38:38,322 [Thread-0] INFO  server.SCMBlockProtocolServer (SCMBlockProtocolServer.java:start(146)) - RPC server for Block Protocol is listening at /0.0.0.0:33324
2019-11-18 04:38:38,323 [IPC Server Responder] INFO  ipc.Server (Server.java:run(1314)) - IPC Server Responder: starting
2019-11-18 04:38:38,323 [IPC Server listener on 33324] INFO  ipc.Server (Server.java:run(1153)) - IPC Server listener on 33324: starting
2019-11-18 04:38:38,325 [Thread-0] INFO  server.StorageContainerManager (StorageContainerManager.java:start(779)) - ScmDatanodeProtocl RPC server is listening at /0.0.0.0:41547
2019-11-18 04:38:38,325 [Thread-0] INFO  server.SCMDatanodeProtocolServer (SCMDatanodeProtocolServer.java:start(177)) - RPC server for DataNodes is listening at /0.0.0.0:41547
2019-11-18 04:38:38,326 [IPC Server Responder] INFO  ipc.Server (Server.java:run(1314)) - IPC Server Responder: starting
2019-11-18 04:38:38,326 [IPC Server listener on 41547] INFO  ipc.Server (Server.java:run(1153)) - IPC Server listener on 41547: starting
2019-11-18 04:38:38,330 [Thread-0] INFO  http.HttpServer2 (HttpServer2.java:bindListener(1191)) - Jetty bound to port 33443
2019-11-18 04:38:38,333 [Thread-0] INFO  server.Server (Server.java:doStart(351)) - jetty-9.3.25.v20180904, build timestamp: 2018-09-04T21:11:46Z, git hash: 3ce520221d0240229c862b122d2b06c12a625732
2019-11-18 04:38:38,382 [Thread-0] INFO  handler.ContextHandler (ContextHandler.java:doStart(781)) - Started o.e.j.s.ServletContextHandler@62d60976{/logs,file:///workdir/hadoop-ozone/integration-test/target/log,AVAILABLE}
2019-11-18 04:38:38,383 [Thread-0] INFO  handler.ContextHandler (ContextHandler.java:doStart(781)) - Started o.e.j.s.ServletContextHandler@d71714f{/static,file:///workdir/hadoop-ozone/integration-test/target/test-classes/webapps/static,AVAILABLE}
2019-11-18 04:38:38,420 [Thread-0] INFO  handler.ContextHandler (ContextHandler.java:doStart(781)) - Started o.e.j.w.WebAppContext@64b4f5c2{/,file:///workdir/hadoop-ozone/integration-test/target/test-classes/webapps/scm/,AVAILABLE}{/scm}
2019-11-18 04:38:38,426 [Thread-0] INFO  server.AbstractConnector (AbstractConnector.java:doStart(278)) - Started ServerConnector@4f7b8b88{HTTP/1.1,[http/1.1]}{0.0.0.0:33443}
2019-11-18 04:38:38,426 [Thread-0] INFO  server.Server (Server.java:doStart(419)) - Started @3131ms
2019-11-18 04:38:38,428 [Thread-0] INFO  impl.MetricsSinkAdapter (MetricsSinkAdapter.java:start(204)) - Sink prometheus started
2019-11-18 04:38:38,429 [Thread-0] INFO  impl.MetricsSystemImpl (MetricsSystemImpl.java:registerSink(301)) - Registered sink prometheus
2019-11-18 04:38:38,430 [Thread-0] INFO  server.BaseHttpServer (BaseHttpServer.java:updateConnectorAddress(215)) - HTTP server of SCM is listening at http://0.0.0.0:33443
2019-11-18 04:38:38,439 [org.apache.hadoop.util.JvmPauseMonitor$Monitor@22a4d63e] INFO  util.JvmPauseMonitor (JvmPauseMonitor.java:run(188)) - Starting JVM pause monitor
2019-11-18 04:38:38,444 [Thread-0] WARN  server.ServerUtils (ServerUtils.java:getDBPath(222)) - ozone.om.db.dirs is not configured. We recommend adding this setting. Falling back to ozone.metadata.dirs instead.
2019-11-18 04:38:38,586 [Thread-0] INFO  ha.OMHANodeDetails (OMHANodeDetails.java:loadOMHAConfig(190)) - Configuration either no ozone.om.address set. Falling back to the default OM address /127.0.0.1:0
2019-11-18 04:38:38,587 [Thread-0] INFO  ha.OMHANodeDetails (OMHANodeDetails.java:getOMNodeDetails(220)) - OM Service ID is not set. Setting it to the default ID: omServiceIdDefault
2019-11-18 04:38:38,588 [Thread-0] WARN  server.ServerUtils (ServerUtils.java:getDBPath(222)) - ozone.om.db.dirs is not configured. We recommend adding this setting. Falling back to ozone.metadata.dirs instead.
2019-11-18 04:38:38,589 [Thread-0] WARN  server.ServerUtils (ServerUtils.java:getDBPath(222)) - ozone.om.db.dirs is not configured. We recommend adding this setting. Falling back to ozone.metadata.dirs instead.
2019-11-18 04:38:39,221 [Thread-0] WARN  server.ServerUtils (ServerUtils.java:getDBPath(222)) - ozone.om.db.dirs is not configured. We recommend adding this setting. Falling back to ozone.metadata.dirs instead.
2019-11-18 04:38:39,228 [Thread-0] INFO  db.DBStoreBuilder (DBStoreBuilder.java:addTable(127)) - using custom profile for table: userTable
2019-11-18 04:38:39,229 [Thread-0] INFO  db.DBStoreBuilder (DBStoreBuilder.java:processTables(183)) - Using default column profile:DBProfile.DISK for Table:userTable
2019-11-18 04:38:39,229 [Thread-0] INFO  db.DBStoreBuilder (DBStoreBuilder.java:addTable(127)) - using custom profile for table: volumeTable
2019-11-18 04:38:39,229 [Thread-0] INFO  db.DBStoreBuilder (DBStoreBuilder.java:processTables(183)) - Using default column profile:DBProfile.DISK for Table:volumeTable
2019-11-18 04:38:39,229 [Thread-0] INFO  db.DBStoreBuilder (DBStoreBuilder.java:addTable(127)) - using custom profile for table: bucketTable
2019-11-18 04:38:39,229 [Thread-0] INFO  db.DBStoreBuilder (DBStoreBuilder.java:processTables(183)) - Using default column profile:DBProfile.DISK for Table:bucketTable
2019-11-18 04:38:39,230 [Thread-0] INFO  db.DBStoreBuilder (DBStoreBuilder.java:addTable(127)) - using custom profile for table: keyTable
2019-11-18 04:38:39,230 [Thread-0] INFO  db.DBStoreBuilder (DBStoreBuilder.java:processTables(183)) - Using default column profile:DBProfile.DISK for Table:keyTable
2019-11-18 04:38:39,230 [Thread-0] INFO  db.DBStoreBuilder (DBStoreBuilder.java:addTable(127)) - using custom profile for table: deletedTable
2019-11-18 04:38:39,230 [Thread-0] INFO  db.DBStoreBuilder (DBStoreBuilder.java:processTables(183)) - Using default column profile:DBProfile.DISK for Table:deletedTable
2019-11-18 04:38:39,231 [Thread-0] INFO  db.DBStoreBuilder (DBStoreBuilder.java:addTable(127)) - using custom profile for table: openKeyTable
2019-11-18 04:38:39,231 [Thread-0] INFO  db.DBStoreBuilder (DBStoreBuilder.java:processTables(183)) - Using default column profile:DBProfile.DISK for Table:openKeyTable
2019-11-18 04:38:39,231 [Thread-0] INFO  db.DBStoreBuilder (DBStoreBuilder.java:addTable(127)) - using custom profile for table: s3Table
2019-11-18 04:38:39,231 [Thread-0] INFO  db.DBStoreBuilder (DBStoreBuilder.java:processTables(183)) - Using default column profile:DBProfile.DISK for Table:s3Table
2019-11-18 04:38:39,231 [Thread-0] INFO  db.DBStoreBuilder (DBStoreBuilder.java:addTable(127)) - using custom profile for table: multipartInfoTable
2019-11-18 04:38:39,232 [Thread-0] INFO  db.DBStoreBuilder (DBStoreBuilder.java:processTables(183)) - Using default column profile:DBProfile.DISK for Table:multipartInfoTable
2019-11-18 04:38:39,232 [Thread-0] INFO  db.DBStoreBuilder (DBStoreBuilder.java:addTable(127)) - using custom profile for table: dTokenTable
2019-11-18 04:38:39,232 [Thread-0] INFO  db.DBStoreBuilder (DBStoreBuilder.java:processTables(183)) - Using default column profile:DBProfile.DISK for Table:dTokenTable
2019-11-18 04:38:39,232 [Thread-0] INFO  db.DBStoreBuilder (DBStoreBuilder.java:addTable(127)) - using custom profile for table: s3SecretTable
2019-11-18 04:38:39,232 [Thread-0] INFO  db.DBStoreBuilder (DBStoreBuilder.java:processTables(183)) - Using default column profile:DBProfile.DISK for Table:s3SecretTable
2019-11-18 04:38:39,233 [Thread-0] INFO  db.DBStoreBuilder (DBStoreBuilder.java:addTable(127)) - using custom profile for table: prefixTable
2019-11-18 04:38:39,233 [Thread-0] INFO  db.DBStoreBuilder (DBStoreBuilder.java:processTables(183)) - Using default column profile:DBProfile.DISK for Table:prefixTable
2019-11-18 04:38:39,233 [Thread-0] INFO  db.DBStoreBuilder (DBStoreBuilder.java:addTable(127)) - using custom profile for table: default
2019-11-18 04:38:39,233 [Thread-0] INFO  db.DBStoreBuilder (DBStoreBuilder.java:processTables(189)) - Using default column profile:DBProfile.DISK for Table:default
2019-11-18 04:38:39,233 [Thread-0] INFO  db.DBStoreBuilder (DBStoreBuilder.java:getDbProfile(220)) - Using default options. DBProfile.DISK
2019-11-18 04:38:39,872 [Thread-0] INFO  ipc.CallQueueManager (CallQueueManager.java:<init>(84)) - Using callQueue: class java.util.concurrent.LinkedBlockingQueue, queueCapacity: 2000, scheduler: class org.apache.hadoop.ipc.DefaultRpcScheduler, ipcBackoff: false.
2019-11-18 04:38:39,873 [Socket Reader #1 for port 35470] INFO  ipc.Server (Server.java:run(1074)) - Starting Socket Reader #1 for port 35470
2019-11-18 04:38:39,893 [Thread-0] INFO  om.OzoneManager (OzoneManager.java:start(1077)) - OzoneManager RPC server is listening at localhost/127.0.0.1:35470
2019-11-18 04:38:39,893 [Thread-0] INFO  impl.MetricsSystemImpl (MetricsSystemImpl.java:init(158)) - OzoneManager metrics system started (again)
2019-11-18 04:38:39,900 [IPC Server Responder] INFO  ipc.Server (Server.java:run(1314)) - IPC Server Responder: starting
2019-11-18 04:38:39,900 [IPC Server listener on 35470] INFO  ipc.Server (Server.java:run(1153)) - IPC Server listener on 35470: starting
2019-11-18 04:38:39,907 [Thread-0] INFO  hdfs.DFSUtil (DFSUtil.java:httpServerTemplateForNNAndJN(1641)) - Starting Web-server for ozoneManager at: http://0.0.0.0:0
2019-11-18 04:38:39,909 [Thread-0] INFO  server.AuthenticationFilter (AuthenticationFilter.java:constructSecretProvider(240)) - Unable to initialize FileSignerSecretProvider, falling back to use random secrets.
2019-11-18 04:38:39,910 [Thread-0] WARN  http.HttpRequestLog (HttpRequestLog.java:getRequestLog(97)) - Jetty request log can only be enabled using Log4j
2019-11-18 04:38:39,912 [Thread-0] INFO  http.HttpServer2 (HttpServer2.java:addGlobalFilter(975)) - Added global filter 'safety' (class=org.apache.hadoop.http.HttpServer2$QuotingInputFilter)
2019-11-18 04:38:39,914 [Thread-0] INFO  http.HttpServer2 (HttpServer2.java:addFilter(948)) - Added filter static_user_filter (class=org.apache.hadoop.http.lib.StaticUserWebFilter$StaticUserFilter) to context ozoneManager
2019-11-18 04:38:39,914 [Thread-0] INFO  http.HttpServer2 (HttpServer2.java:addFilter(958)) - Added filter static_user_filter (class=org.apache.hadoop.http.lib.StaticUserWebFilter$StaticUserFilter) to context static
2019-11-18 04:38:39,914 [Thread-0] INFO  http.HttpServer2 (HttpServer2.java:addFilter(958)) - Added filter static_user_filter (class=org.apache.hadoop.http.lib.StaticUserWebFilter$StaticUserFilter) to context logs
2019-11-18 04:38:39,917 [Thread-0] INFO  http.HttpServer2 (HttpServer2.java:bindListener(1191)) - Jetty bound to port 33637
2019-11-18 04:38:39,917 [Thread-0] INFO  server.Server (Server.java:doStart(351)) - jetty-9.3.25.v20180904, build timestamp: 2018-09-04T21:11:46Z, git hash: 3ce520221d0240229c862b122d2b06c12a625732
2019-11-18 04:38:39,920 [Thread-0] INFO  handler.ContextHandler (ContextHandler.java:doStart(781)) - Started o.e.j.s.ServletContextHandler@18fce6a{/logs,file:///workdir/hadoop-ozone/integration-test/target/log,AVAILABLE}
2019-11-18 04:38:39,921 [Thread-0] INFO  handler.ContextHandler (ContextHandler.java:doStart(781)) - Started o.e.j.s.ServletContextHandler@74e25782{/static,file:///workdir/hadoop-ozone/integration-test/target/test-classes/webapps/static,AVAILABLE}
2019-11-18 04:38:39,927 [Thread-0] INFO  handler.ContextHandler (ContextHandler.java:doStart(781)) - Started o.e.j.w.WebAppContext@751841a7{/,file:///workdir/hadoop-ozone/integration-test/target/test-classes/webapps/ozoneManager/,AVAILABLE}{/ozoneManager}
2019-11-18 04:38:39,928 [Thread-0] INFO  server.AbstractConnector (AbstractConnector.java:doStart(278)) - Started ServerConnector@67cda436{HTTP/1.1,[http/1.1]}{0.0.0.0:33637}
2019-11-18 04:38:39,929 [Thread-0] INFO  server.Server (Server.java:doStart(419)) - Started @4634ms
2019-11-18 04:38:39,929 [Thread-0] WARN  impl.MetricsSystemImpl (MetricsSystemImpl.java:register(276)) - Sink prometheus already exists!
2019-11-18 04:38:39,930 [Thread-0] INFO  server.BaseHttpServer (BaseHttpServer.java:updateConnectorAddress(215)) - HTTP server of OZONEMANAGER is listening at http://0.0.0.0:33637
2019-11-18 04:38:40,232 [Thread-0] INFO  impl.MetricsSystemImpl (MetricsSystemImpl.java:init(158)) - HddsDatanode metrics system started (again)
2019-11-18 04:38:40,272 [Thread-0] INFO  ozone.HddsDatanodeService (HddsDatanodeService.java:start(186)) - HddsDatanodeService host:pr-hdds-2247-lvd7h-3523648459 ip:192.168.157.204
2019-11-18 04:38:40,304 [Thread-0] INFO  volume.HddsVolume (HddsVolume.java:<init>(176)) - Creating Volume: /workdir/hadoop-ozone/integration-test/target/test-dir/MiniOzoneClusterImpl-031703ef-2d10-47d3-987a-ce0e1a032856/datanode-0/data/containers/hdds of  storage type : DISK and capacity : 1482555576320
2019-11-18 04:38:40,306 [Thread-0] INFO  volume.VolumeSet (VolumeSet.java:initializeVolumeSet(170)) - Added Volume : /workdir/hadoop-ozone/integration-test/target/test-dir/MiniOzoneClusterImpl-031703ef-2d10-47d3-987a-ce0e1a032856/datanode-0/data/containers/hdds to VolumeSet
2019-11-18 04:38:40,309 [Thread-0] INFO  volume.ThrottledAsyncChecker (ThrottledAsyncChecker.java:schedule(141)) - Scheduling a check for /workdir/hadoop-ozone/integration-test/target/test-dir/MiniOzoneClusterImpl-031703ef-2d10-47d3-987a-ce0e1a032856/datanode-0/data/containers/hdds
2019-11-18 04:38:40,326 [Thread-0] INFO  volume.HddsVolumeChecker (HddsVolumeChecker.java:checkAllVolumes(204)) - Scheduled health check for volume /workdir/hadoop-ozone/integration-test/target/test-dir/MiniOzoneClusterImpl-031703ef-2d10-47d3-987a-ce0e1a032856/datanode-0/data/containers/hdds
2019-11-18 04:38:40,427 [Thread-0] INFO  impl.RaftServerProxy (ConfUtils.java:logGet(43)) - raft.rpc.type = GRPC (default)
2019-11-18 04:38:40,492 [Thread-0] INFO  grpc.GrpcFactory (GrpcFactory.java:checkPooledByteBufAllocatorUseCacheForAllThreads(45)) - PERFORMANCE WARNING: useCacheForAllThreads is true that may cause Netty to create a lot garbage objects and, as a result, trigger GC.
	It is recommended to disable useCacheForAllThreads by setting -Dorg.apache.ratis.thirdparty.io.netty.allocator.useCacheForAllThreads=false in command line.
2019-11-18 04:38:40,496 [Thread-0] INFO  grpc.GrpcConfigKeys$Server (ConfUtils.java:logGet(43)) - raft.grpc.server.port = 0 (default)
2019-11-18 04:38:40,498 [Thread-0] INFO  server.GrpcService (ConfUtils.java:logGet(43)) - raft.grpc.message.size.max = 33570816 (custom)
2019-11-18 04:38:40,499 [Thread-0] INFO  server.RaftServerConfigKeys (ConfUtils.java:logGet(43)) - raft.server.log.appender.buffer.byte-limit = 33554432 (custom)
2019-11-18 04:38:40,500 [Thread-0] INFO  server.GrpcService (ConfUtils.java:logGet(43)) - raft.grpc.flow.control.window = 1MB (=1048576) (default)
2019-11-18 04:38:40,500 [Thread-0] INFO  server.RaftServerConfigKeys (ConfUtils.java:logGet(43)) - raft.server.rpc.request.timeout = 3000ms (default)
2019-11-18 04:38:40,643 [Thread-0] INFO  server.RaftServerConfigKeys (ConfUtils.java:logGet(43)) - raft.server.storage.dir = [/workdir/hadoop-ozone/integration-test/target/test-dir/MiniOzoneClusterImpl-031703ef-2d10-47d3-987a-ce0e1a032856/datanode-0/data/ratis] (custom)
2019-11-18 04:38:40,690 [Thread-0] INFO  hdfs.DFSUtil (DFSUtil.java:httpServerTemplateForNNAndJN(1641)) - Starting Web-server for hddsDatanode at: http://0.0.0.0:0
2019-11-18 04:38:40,692 [Thread-0] INFO  server.AuthenticationFilter (AuthenticationFilter.java:constructSecretProvider(240)) - Unable to initialize FileSignerSecretProvider, falling back to use random secrets.
2019-11-18 04:38:40,692 [Thread-0] WARN  http.HttpRequestLog (HttpRequestLog.java:getRequestLog(97)) - Jetty request log can only be enabled using Log4j
2019-11-18 04:38:40,696 [Thread-0] INFO  http.HttpServer2 (HttpServer2.java:addGlobalFilter(975)) - Added global filter 'safety' (class=org.apache.hadoop.http.HttpServer2$QuotingInputFilter)
2019-11-18 04:38:40,697 [Thread-0] INFO  http.HttpServer2 (HttpServer2.java:addFilter(948)) - Added filter static_user_filter (class=org.apache.hadoop.http.lib.StaticUserWebFilter$StaticUserFilter) to context hddsDatanode
2019-11-18 04:38:40,698 [Thread-0] INFO  http.HttpServer2 (HttpServer2.java:addFilter(958)) - Added filter static_user_filter (class=org.apache.hadoop.http.lib.StaticUserWebFilter$StaticUserFilter) to context static
2019-11-18 04:38:40,698 [Thread-0] INFO  http.HttpServer2 (HttpServer2.java:addFilter(958)) - Added filter static_user_filter (class=org.apache.hadoop.http.lib.StaticUserWebFilter$StaticUserFilter) to context logs
2019-11-18 04:38:40,700 [Thread-0] INFO  http.HttpServer2 (HttpServer2.java:bindListener(1191)) - Jetty bound to port 35499
2019-11-18 04:38:40,700 [Thread-0] INFO  server.Server (Server.java:doStart(351)) - jetty-9.3.25.v20180904, build timestamp: 2018-09-04T21:11:46Z, git hash: 3ce520221d0240229c862b122d2b06c12a625732
2019-11-18 04:38:40,704 [Thread-0] INFO  handler.ContextHandler (ContextHandler.java:doStart(781)) - Started o.e.j.s.ServletContextHandler@793de297{/logs,file:///workdir/hadoop-ozone/integration-test/target/log,AVAILABLE}
2019-11-18 04:38:40,705 [Thread-0] INFO  handler.ContextHandler (ContextHandler.java:doStart(781)) - Started o.e.j.s.ServletContextHandler@1dc4b077{/static,jar:file:/home/user/.m2/repository/org/apache/hadoop/hadoop-hdds-container-service/0.5.0-SNAPSHOT/hadoop-hdds-container-service-0.5.0-SNAPSHOT.jar!/webapps/static,AVAILABLE}
2019-11-18 04:38:40,764 [Thread-0] INFO  handler.ContextHandler (ContextHandler.java:doStart(781)) - Started o.e.j.w.WebAppContext@24eab220{/,file:///tmp/jetty-0.0.0.0-35499-hddsDatanode-_-any-6891514675134100066.dir/webapp/,AVAILABLE}{/hddsDatanode}
2019-11-18 04:38:40,764 [Thread-0] INFO  server.AbstractConnector (AbstractConnector.java:doStart(278)) - Started ServerConnector@1b983626{HTTP/1.1,[http/1.1]}{0.0.0.0:35499}
2019-11-18 04:38:40,765 [Thread-0] INFO  server.Server (Server.java:doStart(419)) - Started @5470ms
2019-11-18 04:38:40,765 [Thread-0] WARN  impl.MetricsSystemImpl (MetricsSystemImpl.java:register(276)) - Sink prometheus already exists!
2019-11-18 04:38:40,766 [Thread-0] INFO  server.BaseHttpServer (BaseHttpServer.java:updateConnectorAddress(215)) - HTTP server of HDDSDATANODE is listening at http://0.0.0.0:35499
2019-11-18 04:38:40,767 [Thread-0] INFO  impl.MetricsSystemImpl (MetricsSystemImpl.java:init(158)) - HddsDatanode metrics system started (again)
2019-11-18 04:38:40,770 [Thread-0] INFO  ozone.HddsDatanodeService (HddsDatanodeService.java:start(186)) - HddsDatanodeService host:pr-hdds-2247-lvd7h-3523648459 ip:192.168.157.204
2019-11-18 04:38:40,772 [org.apache.hadoop.util.JvmPauseMonitor$Monitor@24a21195] INFO  util.JvmPauseMonitor (JvmPauseMonitor.java:run(188)) - Starting JVM pause monitor
2019-11-18 04:38:40,780 [Thread-0] INFO  volume.HddsVolume (HddsVolume.java:<init>(176)) - Creating Volume: /workdir/hadoop-ozone/integration-test/target/test-dir/MiniOzoneClusterImpl-031703ef-2d10-47d3-987a-ce0e1a032856/datanode-1/data/containers/hdds of  storage type : DISK and capacity : 1482555576320
2019-11-18 04:38:40,781 [Thread-0] INFO  volume.VolumeSet (VolumeSet.java:initializeVolumeSet(170)) - Added Volume : /workdir/hadoop-ozone/integration-test/target/test-dir/MiniOzoneClusterImpl-031703ef-2d10-47d3-987a-ce0e1a032856/datanode-1/data/containers/hdds to VolumeSet
2019-11-18 04:38:40,781 [Thread-0] INFO  volume.ThrottledAsyncChecker (ThrottledAsyncChecker.java:schedule(141)) - Scheduling a check for /workdir/hadoop-ozone/integration-test/target/test-dir/MiniOzoneClusterImpl-031703ef-2d10-47d3-987a-ce0e1a032856/datanode-1/data/containers/hdds
2019-11-18 04:38:40,782 [Thread-0] INFO  volume.HddsVolumeChecker (HddsVolumeChecker.java:checkAllVolumes(204)) - Scheduled health check for volume /workdir/hadoop-ozone/integration-test/target/test-dir/MiniOzoneClusterImpl-031703ef-2d10-47d3-987a-ce0e1a032856/datanode-1/data/containers/hdds
2019-11-18 04:38:40,803 [Thread-0] INFO  impl.RaftServerProxy (ConfUtils.java:logGet(43)) - raft.rpc.type = GRPC (default)
2019-11-18 04:38:40,803 [Thread-0] INFO  grpc.GrpcFactory (GrpcFactory.java:checkPooledByteBufAllocatorUseCacheForAllThreads(45)) - PERFORMANCE WARNING: useCacheForAllThreads is true that may cause Netty to create a lot garbage objects and, as a result, trigger GC.
	It is recommended to disable useCacheForAllThreads by setting -Dorg.apache.ratis.thirdparty.io.netty.allocator.useCacheForAllThreads=false in command line.
2019-11-18 04:38:40,804 [Thread-0] INFO  grpc.GrpcConfigKeys$Server (ConfUtils.java:logGet(43)) - raft.grpc.server.port = 0 (default)
2019-11-18 04:38:40,804 [Thread-0] INFO  server.GrpcService (ConfUtils.java:logGet(43)) - raft.grpc.message.size.max = 33570816 (custom)
2019-11-18 04:38:40,804 [Thread-0] INFO  server.RaftServerConfigKeys (ConfUtils.java:logGet(43)) - raft.server.log.appender.buffer.byte-limit = 33554432 (custom)
2019-11-18 04:38:40,805 [Thread-0] INFO  server.GrpcService (ConfUtils.java:logGet(43)) - raft.grpc.flow.control.window = 1MB (=1048576) (default)
2019-11-18 04:38:40,805 [Thread-0] INFO  server.RaftServerConfigKeys (ConfUtils.java:logGet(43)) - raft.server.rpc.request.timeout = 3000ms (default)
2019-11-18 04:38:40,806 [Thread-0] INFO  server.RaftServerConfigKeys (ConfUtils.java:logGet(43)) - raft.server.storage.dir = [/workdir/hadoop-ozone/integration-test/target/test-dir/MiniOzoneClusterImpl-031703ef-2d10-47d3-987a-ce0e1a032856/datanode-1/data/ratis] (custom)
2019-11-18 04:38:40,809 [Thread-0] INFO  hdfs.DFSUtil (DFSUtil.java:httpServerTemplateForNNAndJN(1641)) - Starting Web-server for hddsDatanode at: http://0.0.0.0:0
2019-11-18 04:38:40,811 [Thread-0] INFO  server.AuthenticationFilter (AuthenticationFilter.java:constructSecretProvider(240)) - Unable to initialize FileSignerSecretProvider, falling back to use random secrets.
2019-11-18 04:38:40,811 [Thread-0] WARN  http.HttpRequestLog (HttpRequestLog.java:getRequestLog(97)) - Jetty request log can only be enabled using Log4j
2019-11-18 04:38:40,813 [Thread-0] INFO  http.HttpServer2 (HttpServer2.java:addGlobalFilter(975)) - Added global filter 'safety' (class=org.apache.hadoop.http.HttpServer2$QuotingInputFilter)
2019-11-18 04:38:40,814 [Thread-0] INFO  http.HttpServer2 (HttpServer2.java:addFilter(948)) - Added filter static_user_filter (class=org.apache.hadoop.http.lib.StaticUserWebFilter$StaticUserFilter) to context hddsDatanode
2019-11-18 04:38:40,814 [Thread-0] INFO  http.HttpServer2 (HttpServer2.java:addFilter(958)) - Added filter static_user_filter (class=org.apache.hadoop.http.lib.StaticUserWebFilter$StaticUserFilter) to context logs
2019-11-18 04:38:40,814 [Thread-0] INFO  http.HttpServer2 (HttpServer2.java:addFilter(958)) - Added filter static_user_filter (class=org.apache.hadoop.http.lib.StaticUserWebFilter$StaticUserFilter) to context static
2019-11-18 04:38:40,815 [Thread-0] INFO  http.HttpServer2 (HttpServer2.java:bindListener(1191)) - Jetty bound to port 40738
2019-11-18 04:38:40,815 [Thread-0] INFO  server.Server (Server.java:doStart(351)) - jetty-9.3.25.v20180904, build timestamp: 2018-09-04T21:11:46Z, git hash: 3ce520221d0240229c862b122d2b06c12a625732
2019-11-18 04:38:40,819 [Thread-0] INFO  handler.ContextHandler (ContextHandler.java:doStart(781)) - Started o.e.j.s.ServletContextHandler@b6ea72c{/logs,file:///workdir/hadoop-ozone/integration-test/target/log,AVAILABLE}
2019-11-18 04:38:40,820 [Thread-0] INFO  handler.ContextHandler (ContextHandler.java:doStart(781)) - Started o.e.j.s.ServletContextHandler@3f985915{/static,jar:file:/home/user/.m2/repository/org/apache/hadoop/hadoop-hdds-container-service/0.5.0-SNAPSHOT/hadoop-hdds-container-service-0.5.0-SNAPSHOT.jar!/webapps/static,AVAILABLE}
2019-11-18 04:38:40,854 [Thread-0] INFO  handler.ContextHandler (ContextHandler.java:doStart(781)) - Started o.e.j.w.WebAppContext@171c2aa7{/,file:///tmp/jetty-0.0.0.0-40738-hddsDatanode-_-any-7506566320002653628.dir/webapp/,AVAILABLE}{/hddsDatanode}
2019-11-18 04:38:40,855 [Thread-0] INFO  server.AbstractConnector (AbstractConnector.java:doStart(278)) - Started ServerConnector@2f0ba519{HTTP/1.1,[http/1.1]}{0.0.0.0:40738}
2019-11-18 04:38:40,855 [Thread-0] INFO  server.Server (Server.java:doStart(419)) - Started @5560ms
2019-11-18 04:38:40,856 [Thread-0] WARN  impl.MetricsSystemImpl (MetricsSystemImpl.java:register(276)) - Sink prometheus already exists!
2019-11-18 04:38:40,857 [Thread-0] INFO  server.BaseHttpServer (BaseHttpServer.java:updateConnectorAddress(215)) - HTTP server of HDDSDATANODE is listening at http://0.0.0.0:40738
2019-11-18 04:38:40,858 [Thread-0] INFO  impl.MetricsSystemImpl (MetricsSystemImpl.java:init(158)) - HddsDatanode metrics system started (again)
2019-11-18 04:38:40,860 [Thread-0] INFO  ozone.HddsDatanodeService (HddsDatanodeService.java:start(186)) - HddsDatanodeService host:pr-hdds-2247-lvd7h-3523648459 ip:192.168.157.204
2019-11-18 04:38:40,860 [org.apache.hadoop.util.JvmPauseMonitor$Monitor@52e3d69d] INFO  util.JvmPauseMonitor (JvmPauseMonitor.java:run(188)) - Starting JVM pause monitor
2019-11-18 04:38:40,869 [Thread-0] INFO  volume.HddsVolume (HddsVolume.java:<init>(176)) - Creating Volume: /workdir/hadoop-ozone/integration-test/target/test-dir/MiniOzoneClusterImpl-031703ef-2d10-47d3-987a-ce0e1a032856/datanode-2/data/containers/hdds of  storage type : DISK and capacity : 1482555576320
2019-11-18 04:38:40,869 [Thread-0] INFO  volume.VolumeSet (VolumeSet.java:initializeVolumeSet(170)) - Added Volume : /workdir/hadoop-ozone/integration-test/target/test-dir/MiniOzoneClusterImpl-031703ef-2d10-47d3-987a-ce0e1a032856/datanode-2/data/containers/hdds to VolumeSet
2019-11-18 04:38:40,870 [Thread-0] INFO  volume.ThrottledAsyncChecker (ThrottledAsyncChecker.java:schedule(141)) - Scheduling a check for /workdir/hadoop-ozone/integration-test/target/test-dir/MiniOzoneClusterImpl-031703ef-2d10-47d3-987a-ce0e1a032856/datanode-2/data/containers/hdds
2019-11-18 04:38:40,870 [Thread-0] INFO  volume.HddsVolumeChecker (HddsVolumeChecker.java:checkAllVolumes(204)) - Scheduled health check for volume /workdir/hadoop-ozone/integration-test/target/test-dir/MiniOzoneClusterImpl-031703ef-2d10-47d3-987a-ce0e1a032856/datanode-2/data/containers/hdds
2019-11-18 04:38:40,886 [Datanode State Machine Thread - 0] INFO  datanode.InitDatanodeState (InitDatanodeState.java:persistContainerDatanodeDetails(140)) - DatanodeDetails is persisted to /workdir/hadoop-ozone/integration-test/target/test-dir/MiniOzoneClusterImpl-031703ef-2d10-47d3-987a-ce0e1a032856/datanode-0/meta/datanode.id
2019-11-18 04:38:40,889 [Thread-0] INFO  impl.RaftServerProxy (ConfUtils.java:logGet(43)) - raft.rpc.type = GRPC (default)
2019-11-18 04:38:40,889 [Thread-0] INFO  grpc.GrpcFactory (GrpcFactory.java:checkPooledByteBufAllocatorUseCacheForAllThreads(45)) - PERFORMANCE WARNING: useCacheForAllThreads is true that may cause Netty to create a lot garbage objects and, as a result, trigger GC.
	It is recommended to disable useCacheForAllThreads by setting -Dorg.apache.ratis.thirdparty.io.netty.allocator.useCacheForAllThreads=false in command line.
2019-11-18 04:38:40,889 [Datanode State Machine Thread - 0] INFO  datanode.InitDatanodeState (InitDatanodeState.java:persistContainerDatanodeDetails(140)) - DatanodeDetails is persisted to /workdir/hadoop-ozone/integration-test/target/test-dir/MiniOzoneClusterImpl-031703ef-2d10-47d3-987a-ce0e1a032856/datanode-1/meta/datanode.id
2019-11-18 04:38:40,889 [Thread-0] INFO  grpc.GrpcConfigKeys$Server (ConfUtils.java:logGet(43)) - raft.grpc.server.port = 0 (default)
2019-11-18 04:38:40,890 [Thread-0] INFO  server.GrpcService (ConfUtils.java:logGet(43)) - raft.grpc.message.size.max = 33570816 (custom)
2019-11-18 04:38:40,890 [Thread-0] INFO  server.RaftServerConfigKeys (ConfUtils.java:logGet(43)) - raft.server.log.appender.buffer.byte-limit = 33554432 (custom)
2019-11-18 04:38:40,890 [Thread-0] INFO  server.GrpcService (ConfUtils.java:logGet(43)) - raft.grpc.flow.control.window = 1MB (=1048576) (default)
2019-11-18 04:38:40,890 [Thread-0] INFO  server.RaftServerConfigKeys (ConfUtils.java:logGet(43)) - raft.server.rpc.request.timeout = 3000ms (default)
2019-11-18 04:38:40,891 [Thread-0] INFO  server.RaftServerConfigKeys (ConfUtils.java:logGet(43)) - raft.server.storage.dir = [/workdir/hadoop-ozone/integration-test/target/test-dir/MiniOzoneClusterImpl-031703ef-2d10-47d3-987a-ce0e1a032856/datanode-2/data/ratis] (custom)
2019-11-18 04:38:40,893 [Thread-0] INFO  hdfs.DFSUtil (DFSUtil.java:httpServerTemplateForNNAndJN(1641)) - Starting Web-server for hddsDatanode at: http://0.0.0.0:0
2019-11-18 04:38:40,894 [Thread-0] INFO  server.AuthenticationFilter (AuthenticationFilter.java:constructSecretProvider(240)) - Unable to initialize FileSignerSecretProvider, falling back to use random secrets.
2019-11-18 04:38:40,895 [Thread-0] WARN  http.HttpRequestLog (HttpRequestLog.java:getRequestLog(97)) - Jetty request log can only be enabled using Log4j
2019-11-18 04:38:40,896 [Thread-0] INFO  http.HttpServer2 (HttpServer2.java:addGlobalFilter(975)) - Added global filter 'safety' (class=org.apache.hadoop.http.HttpServer2$QuotingInputFilter)
2019-11-18 04:38:40,896 [Thread-0] INFO  http.HttpServer2 (HttpServer2.java:addFilter(948)) - Added filter static_user_filter (class=org.apache.hadoop.http.lib.StaticUserWebFilter$StaticUserFilter) to context hddsDatanode
2019-11-18 04:38:40,897 [Thread-0] INFO  http.HttpServer2 (HttpServer2.java:addFilter(958)) - Added filter static_user_filter (class=org.apache.hadoop.http.lib.StaticUserWebFilter$StaticUserFilter) to context logs
2019-11-18 04:38:40,897 [Thread-0] INFO  http.HttpServer2 (HttpServer2.java:addFilter(958)) - Added filter static_user_filter (class=org.apache.hadoop.http.lib.StaticUserWebFilter$StaticUserFilter) to context static
2019-11-18 04:38:40,897 [Thread-0] INFO  http.HttpServer2 (HttpServer2.java:bindListener(1191)) - Jetty bound to port 35566
2019-11-18 04:38:40,898 [Thread-0] INFO  server.Server (Server.java:doStart(351)) - jetty-9.3.25.v20180904, build timestamp: 2018-09-04T21:11:46Z, git hash: 3ce520221d0240229c862b122d2b06c12a625732
2019-11-18 04:38:40,900 [Thread-0] INFO  handler.ContextHandler (ContextHandler.java:doStart(781)) - Started o.e.j.s.ServletContextHandler@3eb13326{/logs,file:///workdir/hadoop-ozone/integration-test/target/log,AVAILABLE}
2019-11-18 04:38:40,900 [Thread-0] INFO  handler.ContextHandler (ContextHandler.java:doStart(781)) - Started o.e.j.s.ServletContextHandler@6212106b{/static,jar:file:/home/user/.m2/repository/org/apache/hadoop/hadoop-hdds-container-service/0.5.0-SNAPSHOT/hadoop-hdds-container-service-0.5.0-SNAPSHOT.jar!/webapps/static,AVAILABLE}
2019-11-18 04:38:40,931 [Thread-0] INFO  handler.ContextHandler (ContextHandler.java:doStart(781)) - Started o.e.j.w.WebAppContext@3bfd11ea{/,file:///tmp/jetty-0.0.0.0-35566-hddsDatanode-_-any-5526681964319246356.dir/webapp/,AVAILABLE}{/hddsDatanode}
2019-11-18 04:38:40,931 [Thread-0] INFO  server.AbstractConnector (AbstractConnector.java:doStart(278)) - Started ServerConnector@262c107a{HTTP/1.1,[http/1.1]}{0.0.0.0:35566}
2019-11-18 04:38:40,932 [Thread-0] INFO  server.Server (Server.java:doStart(419)) - Started @5637ms
2019-11-18 04:38:40,932 [Thread-0] WARN  impl.MetricsSystemImpl (MetricsSystemImpl.java:register(276)) - Sink prometheus already exists!
2019-11-18 04:38:40,933 [Thread-0] INFO  server.BaseHttpServer (BaseHttpServer.java:updateConnectorAddress(215)) - HTTP server of HDDSDATANODE is listening at http://0.0.0.0:35566
2019-11-18 04:38:40,934 [Thread-0] INFO  ozone.MiniOzoneClusterImpl (MiniOzoneClusterImpl.java:lambda$waitForClusterToBeReady$0(150)) - Waiting for nodes to be ready. Got 0 of 3 DN Heartbeats.
2019-11-18 04:38:40,935 [Thread-0] INFO  ozone.MiniOzoneClusterImpl (MiniOzoneClusterImpl.java:lambda$waitForClusterToBeReady$0(153)) - Waiting for cluster to exit safe mode
2019-11-18 04:38:40,936 [org.apache.hadoop.util.JvmPauseMonitor$Monitor@609ce905] INFO  util.JvmPauseMonitor (JvmPauseMonitor.java:run(188)) - Starting JVM pause monitor
2019-11-18 04:38:40,939 [Datanode State Machine Thread - 0] INFO  datanode.InitDatanodeState (InitDatanodeState.java:persistContainerDatanodeDetails(140)) - DatanodeDetails is persisted to /workdir/hadoop-ozone/integration-test/target/test-dir/MiniOzoneClusterImpl-031703ef-2d10-47d3-987a-ce0e1a032856/datanode-2/meta/datanode.id
2019-11-18 04:38:41,935 [Thread-0] INFO  ozone.MiniOzoneClusterImpl (MiniOzoneClusterImpl.java:lambda$waitForClusterToBeReady$0(150)) - Waiting for nodes to be ready. Got 0 of 3 DN Heartbeats.
2019-11-18 04:38:41,935 [Thread-0] INFO  ozone.MiniOzoneClusterImpl (MiniOzoneClusterImpl.java:lambda$waitForClusterToBeReady$0(153)) - Waiting for cluster to exit safe mode
2019-11-18 04:38:42,855 [Datanode State Machine Thread - 0] INFO  ozoneimpl.OzoneContainer (OzoneContainer.java:start(230)) - Attempting to start container services.
2019-11-18 04:38:42,857 [Datanode State Machine Thread - 0] INFO  ozoneimpl.OzoneContainer (OzoneContainer.java:startContainerScrub(194)) - Background container scanner has been disabled.
2019-11-18 04:38:42,857 [Datanode State Machine Thread - 0] INFO  ratis.XceiverServerRatis (XceiverServerRatis.java:start(422)) - Starting XceiverServerRatis 45121796-38eb-49fe-a936-4b8880be34f3 at port 0
2019-11-18 04:38:42,877 [Datanode State Machine Thread - 0] INFO  impl.RaftServerProxy (RaftServerProxy.java:lambda$start$3(299)) - 45121796-38eb-49fe-a936-4b8880be34f3: start RPC server
2019-11-18 04:38:42,888 [Datanode State Machine Thread - 0] INFO  ozoneimpl.OzoneContainer (OzoneContainer.java:start(230)) - Attempting to start container services.
2019-11-18 04:38:42,893 [Datanode State Machine Thread - 0] INFO  ozoneimpl.OzoneContainer (OzoneContainer.java:startContainerScrub(194)) - Background container scanner has been disabled.
2019-11-18 04:38:42,893 [Datanode State Machine Thread - 0] INFO  ratis.XceiverServerRatis (XceiverServerRatis.java:start(422)) - Starting XceiverServerRatis 39954c3b-5923-48e1-93a4-a4fa1799448d at port 0
2019-11-18 04:38:42,906 [Datanode State Machine Thread - 0] INFO  impl.RaftServerProxy (RaftServerProxy.java:lambda$start$3(299)) - 39954c3b-5923-48e1-93a4-a4fa1799448d: start RPC server
2019-11-18 04:38:42,936 [Thread-0] INFO  ozone.MiniOzoneClusterImpl (MiniOzoneClusterImpl.java:lambda$waitForClusterToBeReady$0(150)) - Waiting for nodes to be ready. Got 0 of 3 DN Heartbeats.
2019-11-18 04:38:42,936 [Thread-0] INFO  ozone.MiniOzoneClusterImpl (MiniOzoneClusterImpl.java:lambda$waitForClusterToBeReady$0(153)) - Waiting for cluster to exit safe mode
2019-11-18 04:38:42,969 [Datanode State Machine Thread - 0] INFO  ozoneimpl.OzoneContainer (OzoneContainer.java:start(230)) - Attempting to start container services.
2019-11-18 04:38:42,971 [Datanode State Machine Thread - 0] INFO  ozoneimpl.OzoneContainer (OzoneContainer.java:startContainerScrub(194)) - Background container scanner has been disabled.
2019-11-18 04:38:42,971 [Datanode State Machine Thread - 0] INFO  ratis.XceiverServerRatis (XceiverServerRatis.java:start(422)) - Starting XceiverServerRatis 7eba5c36-8bd3-4cfa-a4be-bb0d55655c16 at port 0
2019-11-18 04:38:42,979 [Datanode State Machine Thread - 0] INFO  impl.RaftServerProxy (RaftServerProxy.java:lambda$start$3(299)) - 7eba5c36-8bd3-4cfa-a4be-bb0d55655c16: start RPC server
2019-11-18 04:38:43,023 [Datanode State Machine Thread - 0] INFO  server.GrpcService (GrpcService.java:startImpl(158)) - 39954c3b-5923-48e1-93a4-a4fa1799448d: GrpcService started, listening on 0.0.0.0/0.0.0.0:42826
2019-11-18 04:38:43,023 [Datanode State Machine Thread - 0] INFO  server.GrpcService (GrpcService.java:startImpl(158)) - 7eba5c36-8bd3-4cfa-a4be-bb0d55655c16: GrpcService started, listening on 0.0.0.0/0.0.0.0:33377
2019-11-18 04:38:43,023 [Datanode State Machine Thread - 0] INFO  server.GrpcService (GrpcService.java:startImpl(158)) - 45121796-38eb-49fe-a936-4b8880be34f3: GrpcService started, listening on 0.0.0.0/0.0.0.0:32777
2019-11-18 04:38:43,024 [Datanode State Machine Thread - 0] INFO  ratis.XceiverServerRatis (XceiverServerRatis.java:start(432)) - XceiverServerRatis 7eba5c36-8bd3-4cfa-a4be-bb0d55655c16 is started using port 33377
2019-11-18 04:38:43,024 [Datanode State Machine Thread - 0] INFO  ratis.XceiverServerRatis (XceiverServerRatis.java:start(432)) - XceiverServerRatis 39954c3b-5923-48e1-93a4-a4fa1799448d is started using port 42826
2019-11-18 04:38:43,024 [Datanode State Machine Thread - 0] INFO  ratis.XceiverServerRatis (XceiverServerRatis.java:start(432)) - XceiverServerRatis 45121796-38eb-49fe-a936-4b8880be34f3 is started using port 32777
2019-11-18 04:38:43,030 [Datanode State Machine Thread - 0] INFO  server.XceiverServerGrpc (XceiverServerGrpc.java:start(145)) - XceiverServerGrpc 39954c3b-5923-48e1-93a4-a4fa1799448d is started using port 44656
2019-11-18 04:38:43,030 [Datanode State Machine Thread - 0] INFO  server.XceiverServerGrpc (XceiverServerGrpc.java:start(145)) - XceiverServerGrpc 7eba5c36-8bd3-4cfa-a4be-bb0d55655c16 is started using port 39740
2019-11-18 04:38:43,030 [Datanode State Machine Thread - 0] INFO  server.XceiverServerGrpc (XceiverServerGrpc.java:start(145)) - XceiverServerGrpc 45121796-38eb-49fe-a936-4b8880be34f3 is started using port 35033
2019-11-18 04:38:43,936 [Thread-0] INFO  ozone.MiniOzoneClusterImpl (MiniOzoneClusterImpl.java:lambda$waitForClusterToBeReady$0(150)) - Waiting for nodes to be ready. Got 0 of 3 DN Heartbeats.
2019-11-18 04:38:43,936 [Thread-0] INFO  ozone.MiniOzoneClusterImpl (MiniOzoneClusterImpl.java:lambda$waitForClusterToBeReady$0(153)) - Waiting for cluster to exit safe mode
2019-11-18 04:38:44,815 [IPC Server handler 0 on 41547] INFO  net.NetworkTopology (NetworkTopologyImpl.java:add(111)) - Added a new node: /default-rack/45121796-38eb-49fe-a936-4b8880be34f3
2019-11-18 04:38:44,816 [IPC Server handler 0 on 41547] INFO  node.SCMNodeManager (SCMNodeManager.java:register(267)) - Registered Data node : 45121796-38eb-49fe-a936-4b8880be34f3{ip: 192.168.157.204, host: pr-hdds-2247-lvd7h-3523648459, networkLocation: /default-rack, certSerialId: null}
2019-11-18 04:38:44,818 [EventQueue-NodeRegistrationContainerReportForDataNodeSafeModeRule] INFO  safemode.SCMSafeModeManager (DataNodeSafeModeRule.java:process(71)) - SCM in safe mode. 1 DataNodes registered, 1 required.
2019-11-18 04:38:44,819 [EventQueue-NodeRegistrationContainerReportForContainerSafeModeRule] INFO  safemode.SCMSafeModeManager (SCMSafeModeManager.java:validateSafeModeExitRules(176)) - ContainerSafeModeRule rule is successfully validated
2019-11-18 04:38:44,819 [EventQueue-NodeRegistrationContainerReportForDataNodeSafeModeRule] INFO  safemode.SCMSafeModeManager (SCMSafeModeManager.java:validateSafeModeExitRules(176)) - DataNodeSafeModeRule rule is successfully validated
2019-11-18 04:38:44,820 [RatisPipelineUtilsThread] INFO  pipeline.RatisPipelineProvider (RatisPipelineProvider.java:lambda$create$4(163)) - Send pipeline:PipelineID=33f56e5b-926e-49b0-b6f4-c79643d16351 create command to datanode 45121796-38eb-49fe-a936-4b8880be34f3
2019-11-18 04:38:44,827 [RatisPipelineUtilsThread] INFO  pipeline.PipelineStateManager (PipelineStateManager.java:addPipeline(55)) - Created pipeline Pipeline[ Id: 33f56e5b-926e-49b0-b6f4-c79643d16351, Nodes: 45121796-38eb-49fe-a936-4b8880be34f3{ip: 192.168.157.204, host: pr-hdds-2247-lvd7h-3523648459, networkLocation: /default-rack, certSerialId: null}, Type:RATIS, Factor:ONE, State:ALLOCATED]
2019-11-18 04:38:44,864 [IPC Server handler 2 on 41547] INFO  net.NetworkTopology (NetworkTopologyImpl.java:add(111)) - Added a new node: /default-rack/39954c3b-5923-48e1-93a4-a4fa1799448d
2019-11-18 04:38:44,864 [IPC Server handler 2 on 41547] INFO  node.SCMNodeManager (SCMNodeManager.java:register(267)) - Registered Data node : 39954c3b-5923-48e1-93a4-a4fa1799448d{ip: 192.168.157.204, host: pr-hdds-2247-lvd7h-3523648459, networkLocation: /default-rack, certSerialId: null}
2019-11-18 04:38:44,865 [EventQueue-NodeRegistrationContainerReportForDataNodeSafeModeRule] INFO  safemode.SCMSafeModeManager (SCMSafeModeManager.java:validateSafeModeExitRules(176)) - DataNodeSafeModeRule rule is successfully validated
2019-11-18 04:38:44,865 [EventQueue-NodeRegistrationContainerReportForContainerSafeModeRule] INFO  safemode.SCMSafeModeManager (SCMSafeModeManager.java:validateSafeModeExitRules(176)) - ContainerSafeModeRule rule is successfully validated
2019-11-18 04:38:44,865 [RatisPipelineUtilsThread] INFO  pipeline.RatisPipelineProvider (RatisPipelineProvider.java:lambda$create$4(163)) - Send pipeline:PipelineID=05b85526-352f-422a-9f6d-071262537682 create command to datanode 39954c3b-5923-48e1-93a4-a4fa1799448d
2019-11-18 04:38:44,866 [RatisPipelineUtilsThread] INFO  pipeline.PipelineStateManager (PipelineStateManager.java:addPipeline(55)) - Created pipeline Pipeline[ Id: 05b85526-352f-422a-9f6d-071262537682, Nodes: 39954c3b-5923-48e1-93a4-a4fa1799448d{ip: 192.168.157.204, host: pr-hdds-2247-lvd7h-3523648459, networkLocation: /default-rack, certSerialId: null}, Type:RATIS, Factor:ONE, State:ALLOCATED]
2019-11-18 04:38:44,937 [Thread-0] INFO  ozone.MiniOzoneClusterImpl (MiniOzoneClusterImpl.java:lambda$waitForClusterToBeReady$0(150)) - Waiting for nodes to be ready. Got 2 of 3 DN Heartbeats.
2019-11-18 04:38:44,938 [Thread-0] INFO  ozone.MiniOzoneClusterImpl (MiniOzoneClusterImpl.java:lambda$waitForClusterToBeReady$0(153)) - Waiting for cluster to exit safe mode
2019-11-18 04:38:44,939 [IPC Server handler 1 on 41547] INFO  net.NetworkTopology (NetworkTopologyImpl.java:add(111)) - Added a new node: /default-rack/7eba5c36-8bd3-4cfa-a4be-bb0d55655c16
2019-11-18 04:38:44,940 [IPC Server handler 1 on 41547] INFO  node.SCMNodeManager (SCMNodeManager.java:register(267)) - Registered Data node : 7eba5c36-8bd3-4cfa-a4be-bb0d55655c16{ip: 192.168.157.204, host: pr-hdds-2247-lvd7h-3523648459, networkLocation: /default-rack, certSerialId: null}
2019-11-18 04:38:44,941 [RatisPipelineUtilsThread] INFO  pipeline.RatisPipelineProvider (RatisPipelineProvider.java:lambda$create$4(163)) - Send pipeline:PipelineID=bbd1b033-40fc-4e26-9929-db2799df2d43 create command to datanode 7eba5c36-8bd3-4cfa-a4be-bb0d55655c16
2019-11-18 04:38:44,941 [EventQueue-NodeRegistrationContainerReportForDataNodeSafeModeRule] INFO  safemode.SCMSafeModeManager (SCMSafeModeManager.java:validateSafeModeExitRules(176)) - DataNodeSafeModeRule rule is successfully validated
2019-11-18 04:38:44,941 [EventQueue-NodeRegistrationContainerReportForContainerSafeModeRule] INFO  safemode.SCMSafeModeManager (SCMSafeModeManager.java:validateSafeModeExitRules(176)) - ContainerSafeModeRule rule is successfully validated
2019-11-18 04:38:44,942 [RatisPipelineUtilsThread] INFO  pipeline.PipelineStateManager (PipelineStateManager.java:addPipeline(55)) - Created pipeline Pipeline[ Id: bbd1b033-40fc-4e26-9929-db2799df2d43, Nodes: 7eba5c36-8bd3-4cfa-a4be-bb0d55655c16{ip: 192.168.157.204, host: pr-hdds-2247-lvd7h-3523648459, networkLocation: /default-rack, certSerialId: null}, Type:RATIS, Factor:ONE, State:ALLOCATED]
2019-11-18 04:38:44,943 [RatisPipelineUtilsThread] INFO  pipeline.RatisPipelineProvider (RatisPipelineProvider.java:lambda$create$4(163)) - Send pipeline:PipelineID=9986b993-9977-4a77-a097-1d7dcb79dec6 create command to datanode 45121796-38eb-49fe-a936-4b8880be34f3
2019-11-18 04:38:44,943 [RatisPipelineUtilsThread] INFO  pipeline.RatisPipelineProvider (RatisPipelineProvider.java:lambda$create$4(163)) - Send pipeline:PipelineID=9986b993-9977-4a77-a097-1d7dcb79dec6 create command to datanode 7eba5c36-8bd3-4cfa-a4be-bb0d55655c16
2019-11-18 04:38:44,944 [RatisPipelineUtilsThread] INFO  pipeline.RatisPipelineProvider (RatisPipelineProvider.java:lambda$create$4(163)) - Send pipeline:PipelineID=9986b993-9977-4a77-a097-1d7dcb79dec6 create command to datanode 39954c3b-5923-48e1-93a4-a4fa1799448d
2019-11-18 04:38:44,944 [RatisPipelineUtilsThread] INFO  pipeline.PipelineStateManager (PipelineStateManager.java:addPipeline(55)) - Created pipeline Pipeline[ Id: 9986b993-9977-4a77-a097-1d7dcb79dec6, Nodes: 45121796-38eb-49fe-a936-4b8880be34f3{ip: 192.168.157.204, host: pr-hdds-2247-lvd7h-3523648459, networkLocation: /default-rack, certSerialId: null}7eba5c36-8bd3-4cfa-a4be-bb0d55655c16{ip: 192.168.157.204, host: pr-hdds-2247-lvd7h-3523648459, networkLocation: /default-rack, certSerialId: null}39954c3b-5923-48e1-93a4-a4fa1799448d{ip: 192.168.157.204, host: pr-hdds-2247-lvd7h-3523648459, networkLocation: /default-rack, certSerialId: null}, Type:RATIS, Factor:THREE, State:ALLOCATED]
2019-11-18 04:38:45,938 [Thread-0] INFO  ozone.MiniOzoneClusterImpl (MiniOzoneClusterImpl.java:lambda$waitForClusterToBeReady$0(150)) - Nodes are ready. Got 3 of 3 DN Heartbeats.
2019-11-18 04:38:45,939 [Thread-0] INFO  ozone.MiniOzoneClusterImpl (MiniOzoneClusterImpl.java:lambda$waitForClusterToBeReady$0(153)) - Waiting for cluster to exit safe mode
2019-11-18 04:38:46,939 [Thread-0] INFO  ozone.MiniOzoneClusterImpl (MiniOzoneClusterImpl.java:lambda$waitForClusterToBeReady$0(150)) - Nodes are ready. Got 3 of 3 DN Heartbeats.
2019-11-18 04:38:46,939 [Thread-0] INFO  ozone.MiniOzoneClusterImpl (MiniOzoneClusterImpl.java:lambda$waitForClusterToBeReady$0(153)) - Waiting for cluster to exit safe mode
2019-11-18 04:38:47,807 [Command processor thread] INFO  impl.RaftServerProxy (RaftServerProxy.java:addNew(89)) - 45121796-38eb-49fe-a936-4b8880be34f3: addNew group-C79643D16351:[45121796-38eb-49fe-a936-4b8880be34f3:192.168.157.204:32777] returns group-C79643D16351:java.util.concurrent.CompletableFuture@5315c4[Not completed]
2019-11-18 04:38:47,827 [pool-27-thread-1] INFO  impl.RaftServerImpl (RaftServerImpl.java:<init>(98)) - 45121796-38eb-49fe-a936-4b8880be34f3: new RaftServerImpl for group-C79643D16351:[45121796-38eb-49fe-a936-4b8880be34f3:192.168.157.204:32777] with ContainerStateMachine:uninitialized
2019-11-18 04:38:47,829 [pool-27-thread-1] INFO  server.RaftServerConfigKeys (ConfUtils.java:logGet(43)) - raft.server.rpc.timeout.min = 5s (custom)
2019-11-18 04:38:47,830 [pool-27-thread-1] INFO  server.RaftServerConfigKeys (ConfUtils.java:logGet(43)) - raft.server.rpc.timeout.max = 5200ms (custom)
2019-11-18 04:38:47,830 [pool-27-thread-1] INFO  server.RaftServerConfigKeys (ConfUtils.java:logGet(43)) - raft.server.rpcslowness.timeout = 120s (custom)
2019-11-18 04:38:47,830 [pool-27-thread-1] INFO  server.RaftServerConfigKeys (ConfUtils.java:logGet(43)) - raft.server.sleep.deviation.threshold = 300 (default)
2019-11-18 04:38:47,831 [pool-27-thread-1] INFO  server.RaftServerConfigKeys (ConfUtils.java:logGet(43)) - raft.server.log.appender.install.snapshot.enabled = false (custom)
2019-11-18 04:38:47,838 [pool-27-thread-1] INFO  impl.RaftServerImpl (ServerState.java:<init>(103)) - 45121796-38eb-49fe-a936-4b8880be34f3@group-C79643D16351: ConfigurationManager, init=-1: [45121796-38eb-49fe-a936-4b8880be34f3:192.168.157.204:32777], old=null, confs=<EMPTY_MAP>
2019-11-18 04:38:47,838 [pool-27-thread-1] INFO  server.RaftServerConfigKeys (ConfUtils.java:logGet(43)) - raft.server.storage.dir = [/workdir/hadoop-ozone/integration-test/target/test-dir/MiniOzoneClusterImpl-031703ef-2d10-47d3-987a-ce0e1a032856/datanode-0/data/ratis] (custom)
2019-11-18 04:38:47,844 [pool-27-thread-1] INFO  server.RaftServerConfigKeys (ConfUtils.java:logGet(43)) - raft.server.log.corruption.policy = EXCEPTION (default)
2019-11-18 04:38:47,846 [pool-27-thread-1] INFO  storage.RaftStorageDirectory (RaftStorageDirectory.java:analyzeStorage(246)) - The storage directory /workdir/hadoop-ozone/integration-test/target/test-dir/MiniOzoneClusterImpl-031703ef-2d10-47d3-987a-ce0e1a032856/datanode-0/data/ratis/33f56e5b-926e-49b0-b6f4-c79643d16351 does not exist. Creating ...
2019-11-18 04:38:47,862 [Command processor thread] INFO  impl.RaftServerProxy (RaftServerProxy.java:addNew(89)) - 39954c3b-5923-48e1-93a4-a4fa1799448d: addNew group-071262537682:[39954c3b-5923-48e1-93a4-a4fa1799448d:192.168.157.204:42826] returns group-071262537682:java.util.concurrent.CompletableFuture@1ccec086[Not completed]
2019-11-18 04:38:47,882 [pool-27-thread-1] INFO  storage.RaftStorageDirectory (RaftStorageDirectory.java:tryLock(328)) - Lock on /workdir/hadoop-ozone/integration-test/target/test-dir/MiniOzoneClusterImpl-031703ef-2d10-47d3-987a-ce0e1a032856/datanode-0/data/ratis/33f56e5b-926e-49b0-b6f4-c79643d16351/in_use.lock acquired by nodename 32200@pr-hdds-2247-lvd7h-3523648459
2019-11-18 04:38:47,883 [pool-37-thread-1] INFO  impl.RaftServerImpl (RaftServerImpl.java:<init>(98)) - 39954c3b-5923-48e1-93a4-a4fa1799448d: new RaftServerImpl for group-071262537682:[39954c3b-5923-48e1-93a4-a4fa1799448d:192.168.157.204:42826] with ContainerStateMachine:uninitialized
2019-11-18 04:38:47,885 [pool-37-thread-1] INFO  server.RaftServerConfigKeys (ConfUtils.java:logGet(43)) - raft.server.rpc.timeout.min = 5s (custom)
2019-11-18 04:38:47,885 [pool-37-thread-1] INFO  server.RaftServerConfigKeys (ConfUtils.java:logGet(43)) - raft.server.rpc.timeout.max = 5200ms (custom)
2019-11-18 04:38:47,885 [pool-37-thread-1] INFO  server.RaftServerConfigKeys (ConfUtils.java:logGet(43)) - raft.server.rpcslowness.timeout = 120s (custom)
2019-11-18 04:38:47,886 [pool-37-thread-1] INFO  server.RaftServerConfigKeys (ConfUtils.java:logGet(43)) - raft.server.sleep.deviation.threshold = 300 (default)
2019-11-18 04:38:47,886 [pool-37-thread-1] INFO  server.RaftServerConfigKeys (ConfUtils.java:logGet(43)) - raft.server.log.appender.install.snapshot.enabled = false (custom)
2019-11-18 04:38:47,886 [pool-37-thread-1] INFO  impl.RaftServerImpl (ServerState.java:<init>(103)) - 39954c3b-5923-48e1-93a4-a4fa1799448d@group-071262537682: ConfigurationManager, init=-1: [39954c3b-5923-48e1-93a4-a4fa1799448d:192.168.157.204:42826], old=null, confs=<EMPTY_MAP>
2019-11-18 04:38:47,886 [pool-37-thread-1] INFO  server.RaftServerConfigKeys (ConfUtils.java:logGet(43)) - raft.server.storage.dir = [/workdir/hadoop-ozone/integration-test/target/test-dir/MiniOzoneClusterImpl-031703ef-2d10-47d3-987a-ce0e1a032856/datanode-1/data/ratis] (custom)
2019-11-18 04:38:47,887 [pool-37-thread-1] INFO  server.RaftServerConfigKeys (ConfUtils.java:logGet(43)) - raft.server.log.corruption.policy = EXCEPTION (default)
2019-11-18 04:38:47,887 [pool-37-thread-1] INFO  storage.RaftStorageDirectory (RaftStorageDirectory.java:analyzeStorage(246)) - The storage directory /workdir/hadoop-ozone/integration-test/target/test-dir/MiniOzoneClusterImpl-031703ef-2d10-47d3-987a-ce0e1a032856/datanode-1/data/ratis/05b85526-352f-422a-9f6d-071262537682 does not exist. Creating ...
2019-11-18 04:38:47,909 [pool-37-thread-1] INFO  storage.RaftStorageDirectory (RaftStorageDirectory.java:tryLock(328)) - Lock on /workdir/hadoop-ozone/integration-test/target/test-dir/MiniOzoneClusterImpl-031703ef-2d10-47d3-987a-ce0e1a032856/datanode-1/data/ratis/05b85526-352f-422a-9f6d-071262537682/in_use.lock acquired by nodename 32200@pr-hdds-2247-lvd7h-3523648459
2019-11-18 04:38:47,909 [pool-27-thread-1] INFO  storage.RaftStorage (RaftStorage.java:format(84)) - Storage directory /workdir/hadoop-ozone/integration-test/target/test-dir/MiniOzoneClusterImpl-031703ef-2d10-47d3-987a-ce0e1a032856/datanode-0/data/ratis/33f56e5b-926e-49b0-b6f4-c79643d16351 has been successfully formatted.
2019-11-18 04:38:47,911 [pool-27-thread-1] INFO  ratis.ContainerStateMachine (ContainerStateMachine.java:loadSnapshot(223)) - group-C79643D16351: The snapshot info is null. Setting the last applied indexto:(t:0, i:~)
2019-11-18 04:38:47,911 [pool-27-thread-1] INFO  server.RaftServerConfigKeys (ConfUtils.java:logGet(43)) - raft.server.notification.no-leader.timeout = 120s (custom)
2019-11-18 04:38:47,913 [pool-27-thread-1] INFO  server.RaftServerConfigKeys (ConfUtils.java:logGet(43)) - raft.server.log.use.memory = false (default)
2019-11-18 04:38:47,918 [pool-27-thread-1] INFO  server.RaftServerConfigKeys (ConfUtils.java:logGet(43)) - raft.server.log.purge.gap = 1000000 (custom)
2019-11-18 04:38:47,918 [pool-27-thread-1] INFO  server.RaftServerConfigKeys (ConfUtils.java:logGet(43)) - raft.server.log.appender.buffer.byte-limit = 33554432 (custom)
2019-11-18 04:38:47,920 [pool-27-thread-1] INFO  server.RaftServerConfigKeys (ConfUtils.java:logGet(43)) - raft.server.log.segment.size.max = 1048576 (custom)
2019-11-18 04:38:47,925 [pool-27-thread-1] INFO  metrics.MetricRegistries (MetricRegistriesLoader.java:load(64)) - Loaded MetricRegistries class org.apache.ratis.metrics.impl.MetricRegistriesImpl
2019-11-18 04:38:47,928 [pool-27-thread-1] WARN  impl.MetricRegistriesImpl (MetricRegistriesImpl.java:lambda$create$1(61)) - First MetricRegistry has been created without registering reporters. You may need to call MetricRegistries.global().addReportRegistration(...) before.
2019-11-18 04:38:47,932 [pool-37-thread-1] INFO  storage.RaftStorage (RaftStorage.java:format(84)) - Storage directory /workdir/hadoop-ozone/integration-test/target/test-dir/MiniOzoneClusterImpl-031703ef-2d10-47d3-987a-ce0e1a032856/datanode-1/data/ratis/05b85526-352f-422a-9f6d-071262537682 has been successfully formatted.
2019-11-18 04:38:47,933 [pool-37-thread-1] INFO  ratis.ContainerStateMachine (ContainerStateMachine.java:loadSnapshot(223)) - group-071262537682: The snapshot info is null. Setting the last applied indexto:(t:0, i:~)
2019-11-18 04:38:47,934 [pool-37-thread-1] INFO  server.RaftServerConfigKeys (ConfUtils.java:logGet(43)) - raft.server.notification.no-leader.timeout = 120s (custom)
2019-11-18 04:38:47,934 [pool-37-thread-1] INFO  server.RaftServerConfigKeys (ConfUtils.java:logGet(43)) - raft.server.log.use.memory = false (default)
2019-11-18 04:38:47,934 [pool-37-thread-1] INFO  server.RaftServerConfigKeys (ConfUtils.java:logGet(43)) - raft.server.log.purge.gap = 1000000 (custom)
2019-11-18 04:38:47,935 [pool-37-thread-1] INFO  server.RaftServerConfigKeys (ConfUtils.java:logGet(43)) - raft.server.log.appender.buffer.byte-limit = 33554432 (custom)
2019-11-18 04:38:47,935 [pool-37-thread-1] INFO  server.RaftServerConfigKeys (ConfUtils.java:logGet(43)) - raft.server.log.segment.size.max = 1048576 (custom)
2019-11-18 04:38:47,935 [pool-37-thread-1] WARN  impl.MetricRegistriesImpl (MetricRegistriesImpl.java:lambda$create$1(61)) - First MetricRegistry has been created without registering reporters. You may need to call MetricRegistries.global().addReportRegistration(...) before.
2019-11-18 04:38:47,936 [pool-27-thread-1] INFO  server.RaftServerConfigKeys (ConfUtils.java:logGet(43)) - raft.server.log.segment.cache.num.max = 2 (custom)
2019-11-18 04:38:47,936 [pool-37-thread-1] INFO  server.RaftServerConfigKeys (ConfUtils.java:logGet(43)) - raft.server.log.segment.cache.num.max = 2 (custom)
2019-11-18 04:38:47,939 [Command processor thread] INFO  impl.RaftServerProxy (RaftServerProxy.java:addNew(89)) - 7eba5c36-8bd3-4cfa-a4be-bb0d55655c16: addNew group-DB2799DF2D43:[7eba5c36-8bd3-4cfa-a4be-bb0d55655c16:192.168.157.204:33377] returns group-DB2799DF2D43:java.util.concurrent.CompletableFuture@4c9afa57[Not completed]
2019-11-18 04:38:47,940 [Thread-0] INFO  ozone.MiniOzoneClusterImpl (MiniOzoneClusterImpl.java:lambda$waitForClusterToBeReady$0(150)) - Nodes are ready. Got 3 of 3 DN Heartbeats.
2019-11-18 04:38:47,941 [Thread-0] INFO  ozone.MiniOzoneClusterImpl (MiniOzoneClusterImpl.java:lambda$waitForClusterToBeReady$0(153)) - Waiting for cluster to exit safe mode
2019-11-18 04:38:47,951 [pool-47-thread-1] INFO  impl.RaftServerImpl (RaftServerImpl.java:<init>(98)) - 7eba5c36-8bd3-4cfa-a4be-bb0d55655c16: new RaftServerImpl for group-DB2799DF2D43:[7eba5c36-8bd3-4cfa-a4be-bb0d55655c16:192.168.157.204:33377] with ContainerStateMachine:uninitialized
2019-11-18 04:38:47,952 [pool-47-thread-1] INFO  server.RaftServerConfigKeys (ConfUtils.java:logGet(43)) - raft.server.rpc.timeout.min = 5s (custom)
2019-11-18 04:38:47,952 [pool-47-thread-1] INFO  server.RaftServerConfigKeys (ConfUtils.java:logGet(43)) - raft.server.rpc.timeout.max = 5200ms (custom)
2019-11-18 04:38:47,952 [pool-47-thread-1] INFO  server.RaftServerConfigKeys (ConfUtils.java:logGet(43)) - raft.server.rpcslowness.timeout = 120s (custom)
2019-11-18 04:38:47,952 [pool-47-thread-1] INFO  server.RaftServerConfigKeys (ConfUtils.java:logGet(43)) - raft.server.sleep.deviation.threshold = 300 (default)
2019-11-18 04:38:47,953 [pool-47-thread-1] INFO  server.RaftServerConfigKeys (ConfUtils.java:logGet(43)) - raft.server.log.appender.install.snapshot.enabled = false (custom)
2019-11-18 04:38:47,953 [pool-47-thread-1] INFO  impl.RaftServerImpl (ServerState.java:<init>(103)) - 7eba5c36-8bd3-4cfa-a4be-bb0d55655c16@group-DB2799DF2D43: ConfigurationManager, init=-1: [7eba5c36-8bd3-4cfa-a4be-bb0d55655c16:192.168.157.204:33377], old=null, confs=<EMPTY_MAP>
2019-11-18 04:38:47,953 [pool-47-thread-1] INFO  server.RaftServerConfigKeys (ConfUtils.java:logGet(43)) - raft.server.storage.dir = [/workdir/hadoop-ozone/integration-test/target/test-dir/MiniOzoneClusterImpl-031703ef-2d10-47d3-987a-ce0e1a032856/datanode-2/data/ratis] (custom)
2019-11-18 04:38:47,953 [pool-47-thread-1] INFO  server.RaftServerConfigKeys (ConfUtils.java:logGet(43)) - raft.server.log.corruption.policy = EXCEPTION (default)
2019-11-18 04:38:47,953 [pool-47-thread-1] INFO  storage.RaftStorageDirectory (RaftStorageDirectory.java:analyzeStorage(246)) - The storage directory /workdir/hadoop-ozone/integration-test/target/test-dir/MiniOzoneClusterImpl-031703ef-2d10-47d3-987a-ce0e1a032856/datanode-2/data/ratis/bbd1b033-40fc-4e26-9929-db2799df2d43 does not exist. Creating ...
2019-11-18 04:38:47,954 [pool-27-thread-1] INFO  segmented.SegmentedRaftLogWorker (SegmentedRaftLogWorker.java:<init>(173)) - new 45121796-38eb-49fe-a936-4b8880be34f3@group-C79643D16351-SegmentedRaftLogWorker for RaftStorage:Storage Directory /workdir/hadoop-ozone/integration-test/target/test-dir/MiniOzoneClusterImpl-031703ef-2d10-47d3-987a-ce0e1a032856/datanode-0/data/ratis/33f56e5b-926e-49b0-b6f4-c79643d16351
2019-11-18 04:38:47,954 [pool-37-thread-1] INFO  segmented.SegmentedRaftLogWorker (SegmentedRaftLogWorker.java:<init>(173)) - new 39954c3b-5923-48e1-93a4-a4fa1799448d@group-071262537682-SegmentedRaftLogWorker for RaftStorage:Storage Directory /workdir/hadoop-ozone/integration-test/target/test-dir/MiniOzoneClusterImpl-031703ef-2d10-47d3-987a-ce0e1a032856/datanode-1/data/ratis/05b85526-352f-422a-9f6d-071262537682
2019-11-18 04:38:47,955 [pool-27-thread-1] INFO  server.RaftServerConfigKeys (ConfUtils.java:logGet(43)) - raft.server.log.queue.byte-limit = 2147483647 (custom)
2019-11-18 04:38:47,955 [pool-37-thread-1] INFO  server.RaftServerConfigKeys (ConfUtils.java:logGet(43)) - raft.server.log.queue.byte-limit = 2147483647 (custom)
2019-11-18 04:38:47,955 [pool-27-thread-1] INFO  server.RaftServerConfigKeys (ConfUtils.java:logGet(43)) - raft.server.log.queue.element-limit = 1024 (custom)
2019-11-18 04:38:47,955 [pool-37-thread-1] INFO  server.RaftServerConfigKeys (ConfUtils.java:logGet(43)) - raft.server.log.queue.element-limit = 1024 (custom)
2019-11-18 04:38:47,957 [pool-27-thread-1] INFO  server.RaftServerConfigKeys (ConfUtils.java:logGet(43)) - raft.server.log.segment.size.max = 1048576 (custom)
2019-11-18 04:38:47,957 [pool-37-thread-1] INFO  server.RaftServerConfigKeys (ConfUtils.java:logGet(43)) - raft.server.log.segment.size.max = 1048576 (custom)
2019-11-18 04:38:47,957 [pool-27-thread-1] INFO  server.RaftServerConfigKeys (ConfUtils.java:logGet(43)) - raft.server.log.preallocated.size = 16384 (custom)
2019-11-18 04:38:47,957 [pool-37-thread-1] INFO  server.RaftServerConfigKeys (ConfUtils.java:logGet(43)) - raft.server.log.preallocated.size = 16384 (custom)
2019-11-18 04:38:47,958 [pool-27-thread-1] INFO  server.RaftServerConfigKeys (ConfUtils.java:logGet(43)) - raft.server.log.write.buffer.size = 33554432 (custom)
2019-11-18 04:38:47,958 [pool-37-thread-1] INFO  server.RaftServerConfigKeys (ConfUtils.java:logGet(43)) - raft.server.log.write.buffer.size = 33554432 (custom)
2019-11-18 04:38:47,958 [pool-27-thread-1] INFO  server.RaftServerConfigKeys (ConfUtils.java:logGet(43)) - raft.server.log.force.sync.num = 128 (default)
2019-11-18 04:38:47,958 [pool-37-thread-1] INFO  server.RaftServerConfigKeys (ConfUtils.java:logGet(43)) - raft.server.log.force.sync.num = 128 (default)
2019-11-18 04:38:47,959 [pool-27-thread-1] INFO  server.RaftServerConfigKeys (ConfUtils.java:logGet(43)) - raft.server.log.statemachine.data.sync = true (default)
2019-11-18 04:38:47,959 [pool-37-thread-1] INFO  server.RaftServerConfigKeys (ConfUtils.java:logGet(43)) - raft.server.log.statemachine.data.sync = true (default)
2019-11-18 04:38:47,960 [pool-27-thread-1] INFO  server.RaftServerConfigKeys (ConfUtils.java:logGet(43)) - raft.server.log.statemachine.data.sync.timeout = 10s (default)
2019-11-18 04:38:47,960 [pool-37-thread-1] INFO  server.RaftServerConfigKeys (ConfUtils.java:logGet(43)) - raft.server.log.statemachine.data.sync.timeout = 10s (default)
2019-11-18 04:38:47,960 [pool-27-thread-1] INFO  server.RaftServerConfigKeys (ConfUtils.java:logGet(43)) - raft.server.log.statemachine.data.sync.timeout.retry = -1 (default)
2019-11-18 04:38:47,960 [pool-37-thread-1] INFO  server.RaftServerConfigKeys (ConfUtils.java:logGet(43)) - raft.server.log.statemachine.data.sync.timeout.retry = -1 (default)
2019-11-18 04:38:47,971 [pool-27-thread-1] INFO  server.RaftServerConfigKeys (ConfUtils.java:logGet(43)) - raft.server.log.statemachine.data.caching.enabled = true (custom)
2019-11-18 04:38:47,971 [pool-37-thread-1] INFO  server.RaftServerConfigKeys (ConfUtils.java:logGet(43)) - raft.server.log.statemachine.data.caching.enabled = true (custom)
2019-11-18 04:38:47,978 [pool-47-thread-1] INFO  storage.RaftStorageDirectory (RaftStorageDirectory.java:tryLock(328)) - Lock on /workdir/hadoop-ozone/integration-test/target/test-dir/MiniOzoneClusterImpl-031703ef-2d10-47d3-987a-ce0e1a032856/datanode-2/data/ratis/bbd1b033-40fc-4e26-9929-db2799df2d43/in_use.lock acquired by nodename 32200@pr-hdds-2247-lvd7h-3523648459
2019-11-18 04:38:47,984 [pool-37-thread-1] INFO  segmented.SegmentedRaftLogWorker (SegmentedRaftLogWorker.java:lambda$new$0(128)) - 39954c3b-5923-48e1-93a4-a4fa1799448d@group-071262537682-SegmentedRaftLogWorker: flushIndex: setUnconditionally 0 -> -1
2019-11-18 04:38:47,984 [pool-27-thread-1] INFO  segmented.SegmentedRaftLogWorker (SegmentedRaftLogWorker.java:lambda$new$0(128)) - 45121796-38eb-49fe-a936-4b8880be34f3@group-C79643D16351-SegmentedRaftLogWorker: flushIndex: setUnconditionally 0 -> -1
2019-11-18 04:38:47,990 [pool-37-thread-1] INFO  server.RaftServerConfigKeys (ConfUtils.java:logGet(43)) - raft.server.snapshot.auto.trigger.enabled = true (custom)
2019-11-18 04:38:47,990 [pool-27-thread-1] INFO  server.RaftServerConfigKeys (ConfUtils.java:logGet(43)) - raft.server.snapshot.auto.trigger.enabled = true (custom)
2019-11-18 04:38:47,992 [pool-37-thread-1] INFO  server.RaftServerConfigKeys (ConfUtils.java:logGet(43)) - raft.server.snapshot.auto.trigger.threshold = 10000 (custom)
2019-11-18 04:38:47,992 [pool-27-thread-1] INFO  server.RaftServerConfigKeys (ConfUtils.java:logGet(43)) - raft.server.snapshot.auto.trigger.threshold = 10000 (custom)
2019-11-18 04:38:47,992 [pool-37-thread-1] INFO  server.RaftServerConfigKeys (ConfUtils.java:logGet(43)) - raft.server.snapshot.retention.file.num = 5 (custom)
2019-11-18 04:38:47,993 [pool-27-thread-1] INFO  server.RaftServerConfigKeys (ConfUtils.java:logGet(43)) - raft.server.snapshot.retention.file.num = 5 (custom)
2019-11-18 04:38:47,993 [pool-27-thread-1] INFO  server.RaftServerConfigKeys (ConfUtils.java:logGet(43)) - raft.server.retrycache.expirytime = 600000ms (custom)
2019-11-18 04:38:47,993 [pool-37-thread-1] INFO  server.RaftServerConfigKeys (ConfUtils.java:logGet(43)) - raft.server.retrycache.expirytime = 600000ms (custom)
2019-11-18 04:38:48,017 [pool-47-thread-1] INFO  storage.RaftStorage (RaftStorage.java:format(84)) - Storage directory /workdir/hadoop-ozone/integration-test/target/test-dir/MiniOzoneClusterImpl-031703ef-2d10-47d3-987a-ce0e1a032856/datanode-2/data/ratis/bbd1b033-40fc-4e26-9929-db2799df2d43 has been successfully formatted.
2019-11-18 04:38:48,018 [pool-47-thread-1] INFO  ratis.ContainerStateMachine (ContainerStateMachine.java:loadSnapshot(223)) - group-DB2799DF2D43: The snapshot info is null. Setting the last applied indexto:(t:0, i:~)
2019-11-18 04:38:48,018 [pool-47-thread-1] INFO  server.RaftServerConfigKeys (ConfUtils.java:logGet(43)) - raft.server.notification.no-leader.timeout = 120s (custom)
2019-11-18 04:38:48,018 [pool-47-thread-1] INFO  server.RaftServerConfigKeys (ConfUtils.java:logGet(43)) - raft.server.log.use.memory = false (default)
2019-11-18 04:38:48,018 [pool-47-thread-1] INFO  server.RaftServerConfigKeys (ConfUtils.java:logGet(43)) - raft.server.log.purge.gap = 1000000 (custom)
2019-11-18 04:38:48,018 [pool-47-thread-1] INFO  server.RaftServerConfigKeys (ConfUtils.java:logGet(43)) - raft.server.log.appender.buffer.byte-limit = 33554432 (custom)
2019-11-18 04:38:48,019 [pool-47-thread-1] INFO  server.RaftServerConfigKeys (ConfUtils.java:logGet(43)) - raft.server.log.segment.size.max = 1048576 (custom)
2019-11-18 04:38:48,019 [pool-47-thread-1] WARN  impl.MetricRegistriesImpl (MetricRegistriesImpl.java:lambda$create$1(61)) - First MetricRegistry has been created without registering reporters. You may need to call MetricRegistries.global().addReportRegistration(...) before.
2019-11-18 04:38:48,019 [pool-47-thread-1] INFO  server.RaftServerConfigKeys (ConfUtils.java:logGet(43)) - raft.server.log.segment.cache.num.max = 2 (custom)
2019-11-18 04:38:48,019 [pool-47-thread-1] INFO  segmented.SegmentedRaftLogWorker (SegmentedRaftLogWorker.java:<init>(173)) - new 7eba5c36-8bd3-4cfa-a4be-bb0d55655c16@group-DB2799DF2D43-SegmentedRaftLogWorker for RaftStorage:Storage Directory /workdir/hadoop-ozone/integration-test/target/test-dir/MiniOzoneClusterImpl-031703ef-2d10-47d3-987a-ce0e1a032856/datanode-2/data/ratis/bbd1b033-40fc-4e26-9929-db2799df2d43
2019-11-18 04:38:48,020 [pool-47-thread-1] INFO  server.RaftServerConfigKeys (ConfUtils.java:logGet(43)) - raft.server.log.queue.byte-limit = 2147483647 (custom)
2019-11-18 04:38:48,020 [pool-47-thread-1] INFO  server.RaftServerConfigKeys (ConfUtils.java:logGet(43)) - raft.server.log.queue.element-limit = 1024 (custom)
2019-11-18 04:38:48,020 [pool-47-thread-1] INFO  server.RaftServerConfigKeys (ConfUtils.java:logGet(43)) - raft.server.log.segment.size.max = 1048576 (custom)
2019-11-18 04:38:48,020 [pool-47-thread-1] INFO  server.RaftServerConfigKeys (ConfUtils.java:logGet(43)) - raft.server.log.preallocated.size = 16384 (custom)
2019-11-18 04:38:48,021 [pool-47-thread-1] INFO  server.RaftServerConfigKeys (ConfUtils.java:logGet(43)) - raft.server.log.write.buffer.size = 33554432 (custom)
2019-11-18 04:38:48,021 [pool-47-thread-1] INFO  server.RaftServerConfigKeys (ConfUtils.java:logGet(43)) - raft.server.log.force.sync.num = 128 (default)
2019-11-18 04:38:48,021 [pool-47-thread-1] INFO  server.RaftServerConfigKeys (ConfUtils.java:logGet(43)) - raft.server.log.statemachine.data.sync = true (default)
2019-11-18 04:38:48,021 [pool-47-thread-1] INFO  server.RaftServerConfigKeys (ConfUtils.java:logGet(43)) - raft.server.log.statemachine.data.sync.timeout = 10s (default)
2019-11-18 04:38:48,022 [pool-47-thread-1] INFO  server.RaftServerConfigKeys (ConfUtils.java:logGet(43)) - raft.server.log.statemachine.data.sync.timeout.retry = -1 (default)
2019-11-18 04:38:48,022 [pool-37-thread-1] WARN  impl.MetricRegistriesImpl (MetricRegistriesImpl.java:lambda$create$1(61)) - First MetricRegistry has been created without registering reporters. You may need to call MetricRegistries.global().addReportRegistration(...) before.
2019-11-18 04:38:48,022 [pool-47-thread-1] INFO  server.RaftServerConfigKeys (ConfUtils.java:logGet(43)) - raft.server.log.statemachine.data.caching.enabled = true (custom)
2019-11-18 04:38:48,022 [pool-27-thread-1] WARN  impl.MetricRegistriesImpl (MetricRegistriesImpl.java:lambda$create$1(61)) - First MetricRegistry has been created without registering reporters. You may need to call MetricRegistries.global().addReportRegistration(...) before.
2019-11-18 04:38:48,023 [pool-47-thread-1] INFO  segmented.SegmentedRaftLogWorker (SegmentedRaftLogWorker.java:lambda$new$0(128)) - 7eba5c36-8bd3-4cfa-a4be-bb0d55655c16@group-DB2799DF2D43-SegmentedRaftLogWorker: flushIndex: setUnconditionally 0 -> -1
2019-11-18 04:38:48,023 [pool-47-thread-1] INFO  server.RaftServerConfigKeys (ConfUtils.java:logGet(43)) - raft.server.snapshot.auto.trigger.enabled = true (custom)
2019-11-18 04:38:48,023 [pool-47-thread-1] INFO  server.RaftServerConfigKeys (ConfUtils.java:logGet(43)) - raft.server.snapshot.auto.trigger.threshold = 10000 (custom)
2019-11-18 04:38:48,023 [pool-47-thread-1] INFO  server.RaftServerConfigKeys (ConfUtils.java:logGet(43)) - raft.server.snapshot.retention.file.num = 5 (custom)
2019-11-18 04:38:48,024 [pool-47-thread-1] INFO  server.RaftServerConfigKeys (ConfUtils.java:logGet(43)) - raft.server.retrycache.expirytime = 600000ms (custom)
2019-11-18 04:38:48,024 [pool-47-thread-1] WARN  impl.MetricRegistriesImpl (MetricRegistriesImpl.java:lambda$create$1(61)) - First MetricRegistry has been created without registering reporters. You may need to call MetricRegistries.global().addReportRegistration(...) before.
2019-11-18 04:38:48,025 [pool-37-thread-1] WARN  impl.MetricRegistriesImpl (MetricRegistriesImpl.java:lambda$create$1(61)) - First MetricRegistry has been created without registering reporters. You may need to call MetricRegistries.global().addReportRegistration(...) before.
2019-11-18 04:38:48,025 [pool-27-thread-1] WARN  impl.MetricRegistriesImpl (MetricRegistriesImpl.java:lambda$create$1(61)) - First MetricRegistry has been created without registering reporters. You may need to call MetricRegistries.global().addReportRegistration(...) before.
2019-11-18 04:38:48,025 [pool-47-thread-1] WARN  impl.MetricRegistriesImpl (MetricRegistriesImpl.java:lambda$create$1(61)) - First MetricRegistry has been created without registering reporters. You may need to call MetricRegistries.global().addReportRegistration(...) before.
2019-11-18 04:38:48,027 [pool-37-thread-1] INFO  impl.RaftServerImpl (RaftServerImpl.java:start(184)) - 39954c3b-5923-48e1-93a4-a4fa1799448d@group-071262537682: start as a follower, conf=-1: [39954c3b-5923-48e1-93a4-a4fa1799448d:192.168.157.204:42826], old=null
2019-11-18 04:38:48,027 [pool-27-thread-1] INFO  impl.RaftServerImpl (RaftServerImpl.java:start(184)) - 45121796-38eb-49fe-a936-4b8880be34f3@group-C79643D16351: start as a follower, conf=-1: [45121796-38eb-49fe-a936-4b8880be34f3:192.168.157.204:32777], old=null
2019-11-18 04:38:48,027 [pool-47-thread-1] INFO  impl.RaftServerImpl (RaftServerImpl.java:start(184)) - 7eba5c36-8bd3-4cfa-a4be-bb0d55655c16@group-DB2799DF2D43: start as a follower, conf=-1: [7eba5c36-8bd3-4cfa-a4be-bb0d55655c16:192.168.157.204:33377], old=null
2019-11-18 04:38:48,028 [pool-27-thread-1] INFO  impl.RaftServerImpl (RaftServerImpl.java:setRole(173)) - 45121796-38eb-49fe-a936-4b8880be34f3@group-C79643D16351: changes role from      null to FOLLOWER at term 0 for startAsFollower
2019-11-18 04:38:48,028 [pool-47-thread-1] INFO  impl.RaftServerImpl (RaftServerImpl.java:setRole(173)) - 7eba5c36-8bd3-4cfa-a4be-bb0d55655c16@group-DB2799DF2D43: changes role from      null to FOLLOWER at term 0 for startAsFollower
2019-11-18 04:38:48,028 [pool-37-thread-1] INFO  impl.RaftServerImpl (RaftServerImpl.java:setRole(173)) - 39954c3b-5923-48e1-93a4-a4fa1799448d@group-071262537682: changes role from      null to FOLLOWER at term 0 for startAsFollower
2019-11-18 04:38:48,030 [pool-37-thread-1] INFO  impl.RoleInfo (RoleInfo.java:updateAndGet(143)) - 39954c3b-5923-48e1-93a4-a4fa1799448d: start FollowerState
2019-11-18 04:38:48,030 [pool-27-thread-1] INFO  impl.RoleInfo (RoleInfo.java:updateAndGet(143)) - 45121796-38eb-49fe-a936-4b8880be34f3: start FollowerState
2019-11-18 04:38:48,030 [pool-47-thread-1] INFO  impl.RoleInfo (RoleInfo.java:updateAndGet(143)) - 7eba5c36-8bd3-4cfa-a4be-bb0d55655c16: start FollowerState
2019-11-18 04:38:48,033 [pool-37-thread-1] INFO  util.JmxRegister (JmxRegister.java:tryRegister(44)) - Successfully registered JMX Bean with object name Ratis:service=RaftServer,group=group-071262537682,id=39954c3b-5923-48e1-93a4-a4fa1799448d
2019-11-18 04:38:48,033 [pool-27-thread-1] INFO  util.JmxRegister (JmxRegister.java:tryRegister(44)) - Successfully registered JMX Bean with object name Ratis:service=RaftServer,group=group-C79643D16351,id=45121796-38eb-49fe-a936-4b8880be34f3
2019-11-18 04:38:48,033 [pool-47-thread-1] INFO  util.JmxRegister (JmxRegister.java:tryRegister(44)) - Successfully registered JMX Bean with object name Ratis:service=RaftServer,group=group-DB2799DF2D43,id=7eba5c36-8bd3-4cfa-a4be-bb0d55655c16
2019-11-18 04:38:48,035 [pool-37-thread-1] WARN  impl.MetricRegistriesImpl (MetricRegistriesImpl.java:lambda$create$1(61)) - First MetricRegistry has been created without registering reporters. You may need to call MetricRegistries.global().addReportRegistration(...) before.
2019-11-18 04:38:48,036 [pool-47-thread-1] WARN  impl.MetricRegistriesImpl (MetricRegistriesImpl.java:lambda$create$1(61)) - First MetricRegistry has been created without registering reporters. You may need to call MetricRegistries.global().addReportRegistration(...) before.
2019-11-18 04:38:48,036 [pool-27-thread-1] WARN  impl.MetricRegistriesImpl (MetricRegistriesImpl.java:lambda$create$1(61)) - First MetricRegistry has been created without registering reporters. You may need to call MetricRegistries.global().addReportRegistration(...) before.
2019-11-18 04:38:48,052 [Command processor thread] INFO  commandhandler.CreatePipelineCommandHandler (CreatePipelineCommandHandler.java:handle(86)) - Create Pipeline RATIS ONE #id: "bbd1b033-40fc-4e26-9929-db2799df2d43"
 command succeed on datanode 7eba5c36-8bd3-4cfa-a4be-bb0d55655c16.
2019-11-18 04:38:48,052 [Command processor thread] INFO  commandhandler.CreatePipelineCommandHandler (CreatePipelineCommandHandler.java:handle(86)) - Create Pipeline RATIS ONE #id: "05b85526-352f-422a-9f6d-071262537682"
 command succeed on datanode 39954c3b-5923-48e1-93a4-a4fa1799448d.
2019-11-18 04:38:48,054 [Command processor thread] INFO  commandhandler.CreatePipelineCommandHandler (CreatePipelineCommandHandler.java:handle(86)) - Create Pipeline RATIS ONE #id: "33f56e5b-926e-49b0-b6f4-c79643d16351"
 command succeed on datanode 45121796-38eb-49fe-a936-4b8880be34f3.
2019-11-18 04:38:48,060 [Command processor thread] INFO  impl.RaftServerProxy (RaftServerProxy.java:addNew(89)) - 7eba5c36-8bd3-4cfa-a4be-bb0d55655c16: addNew group-1D7DCB79DEC6:[45121796-38eb-49fe-a936-4b8880be34f3:192.168.157.204:32777, 7eba5c36-8bd3-4cfa-a4be-bb0d55655c16:192.168.157.204:33377, 39954c3b-5923-48e1-93a4-a4fa1799448d:192.168.157.204:42826] returns group-1D7DCB79DEC6:java.util.concurrent.CompletableFuture@5f9ea02c[Not completed]
2019-11-18 04:38:48,060 [Command processor thread] INFO  impl.RaftServerProxy (RaftServerProxy.java:addNew(89)) - 45121796-38eb-49fe-a936-4b8880be34f3: addNew group-1D7DCB79DEC6:[45121796-38eb-49fe-a936-4b8880be34f3:192.168.157.204:32777, 7eba5c36-8bd3-4cfa-a4be-bb0d55655c16:192.168.157.204:33377, 39954c3b-5923-48e1-93a4-a4fa1799448d:192.168.157.204:42826] returns group-1D7DCB79DEC6:java.util.concurrent.CompletableFuture@48e958ad[Not completed]
2019-11-18 04:38:48,060 [Command processor thread] INFO  impl.RaftServerProxy (RaftServerProxy.java:addNew(89)) - 39954c3b-5923-48e1-93a4-a4fa1799448d: addNew group-1D7DCB79DEC6:[45121796-38eb-49fe-a936-4b8880be34f3:192.168.157.204:32777, 7eba5c36-8bd3-4cfa-a4be-bb0d55655c16:192.168.157.204:33377, 39954c3b-5923-48e1-93a4-a4fa1799448d:192.168.157.204:42826] returns group-1D7DCB79DEC6:java.util.concurrent.CompletableFuture@18f147c7[Not completed]
2019-11-18 04:38:48,088 [EventQueue-PipelineReportForPipelineReportHandler] INFO  pipeline.PipelineReportHandler (PipelineReportHandler.java:processPipelineReport(113)) - Pipeline ONE PipelineID=33f56e5b-926e-49b0-b6f4-c79643d16351 reported by 45121796-38eb-49fe-a936-4b8880be34f3{ip: 192.168.157.204, host: pr-hdds-2247-lvd7h-3523648459, networkLocation: /default-rack, certSerialId: null}
2019-11-18 04:38:48,088 [EventQueue-PipelineReportForPipelineReportHandler] INFO  pipeline.PipelineStateManager (PipelineStateManager.java:openPipeline(132)) - Pipeline Pipeline[ Id: 33f56e5b-926e-49b0-b6f4-c79643d16351, Nodes: 45121796-38eb-49fe-a936-4b8880be34f3{ip: 192.168.157.204, host: pr-hdds-2247-lvd7h-3523648459, networkLocation: /default-rack, certSerialId: null}, Type:RATIS, Factor:ONE, State:ALLOCATED] moved to OPEN state
2019-11-18 04:38:48,091 [EventQueue-OpenPipelineForHealthyPipelineSafeModeRule] INFO  safemode.SCMSafeModeManager (HealthyPipelineSafeModeRule.java:process(132)) - SCM in safe mode. Healthy pipelines reported count is 0, required healthy pipeline reported count is 1
2019-11-18 04:38:48,091 [EventQueue-PipelineReportForPipelineReportHandler] INFO  pipeline.PipelineReportHandler (PipelineReportHandler.java:processPipelineReport(113)) - Pipeline ONE PipelineID=05b85526-352f-422a-9f6d-071262537682 reported by 39954c3b-5923-48e1-93a4-a4fa1799448d{ip: 192.168.157.204, host: pr-hdds-2247-lvd7h-3523648459, networkLocation: /default-rack, certSerialId: null}
2019-11-18 04:38:48,091 [EventQueue-OpenPipelineForOneReplicaPipelineSafeModeRule] INFO  safemode.SCMSafeModeManager (SCMSafeModeManager.java:validateSafeModeExitRules(176)) - AtleastOneDatanodeReportedRule rule is successfully validated
2019-11-18 04:38:48,092 [EventQueue-PipelineReportForPipelineReportHandler] INFO  pipeline.PipelineStateManager (PipelineStateManager.java:openPipeline(132)) - Pipeline Pipeline[ Id: 05b85526-352f-422a-9f6d-071262537682, Nodes: 39954c3b-5923-48e1-93a4-a4fa1799448d{ip: 192.168.157.204, host: pr-hdds-2247-lvd7h-3523648459, networkLocation: /default-rack, certSerialId: null}, Type:RATIS, Factor:ONE, State:ALLOCATED] moved to OPEN state
2019-11-18 04:38:48,095 [EventQueue-OpenPipelineForOneReplicaPipelineSafeModeRule] INFO  safemode.SCMSafeModeManager (SCMSafeModeManager.java:validateSafeModeExitRules(176)) - AtleastOneDatanodeReportedRule rule is successfully validated
2019-11-18 04:38:48,095 [EventQueue-PipelineReportForPipelineReportHandler] INFO  pipeline.PipelineReportHandler (PipelineReportHandler.java:processPipelineReport(113)) - Pipeline ONE PipelineID=bbd1b033-40fc-4e26-9929-db2799df2d43 reported by 7eba5c36-8bd3-4cfa-a4be-bb0d55655c16{ip: 192.168.157.204, host: pr-hdds-2247-lvd7h-3523648459, networkLocation: /default-rack, certSerialId: null}
2019-11-18 04:38:48,095 [EventQueue-OpenPipelineForHealthyPipelineSafeModeRule] INFO  safemode.SCMSafeModeManager (HealthyPipelineSafeModeRule.java:process(132)) - SCM in safe mode. Healthy pipelines reported count is 0, required healthy pipeline reported count is 1
2019-11-18 04:38:48,095 [EventQueue-PipelineReportForPipelineReportHandler] INFO  pipeline.PipelineStateManager (PipelineStateManager.java:openPipeline(132)) - Pipeline Pipeline[ Id: bbd1b033-40fc-4e26-9929-db2799df2d43, Nodes: 7eba5c36-8bd3-4cfa-a4be-bb0d55655c16{ip: 192.168.157.204, host: pr-hdds-2247-lvd7h-3523648459, networkLocation: /default-rack, certSerialId: null}, Type:RATIS, Factor:ONE, State:ALLOCATED] moved to OPEN state
2019-11-18 04:38:48,096 [EventQueue-OpenPipelineForOneReplicaPipelineSafeModeRule] INFO  safemode.SCMSafeModeManager (SCMSafeModeManager.java:validateSafeModeExitRules(176)) - AtleastOneDatanodeReportedRule rule is successfully validated
2019-11-18 04:38:48,097 [EventQueue-OpenPipelineForHealthyPipelineSafeModeRule] INFO  safemode.SCMSafeModeManager (HealthyPipelineSafeModeRule.java:process(132)) - SCM in safe mode. Healthy pipelines reported count is 0, required healthy pipeline reported count is 1
2019-11-18 04:38:48,099 [pool-47-thread-1] INFO  impl.RaftServerImpl (RaftServerImpl.java:<init>(98)) - 7eba5c36-8bd3-4cfa-a4be-bb0d55655c16: new RaftServerImpl for group-1D7DCB79DEC6:[45121796-38eb-49fe-a936-4b8880be34f3:192.168.157.204:32777, 7eba5c36-8bd3-4cfa-a4be-bb0d55655c16:192.168.157.204:33377, 39954c3b-5923-48e1-93a4-a4fa1799448d:192.168.157.204:42826] with ContainerStateMachine:uninitialized
2019-11-18 04:38:48,099 [pool-47-thread-1] INFO  server.RaftServerConfigKeys (ConfUtils.java:logGet(43)) - raft.server.rpc.timeout.min = 5s (custom)
2019-11-18 04:38:48,099 [pool-47-thread-1] INFO  server.RaftServerConfigKeys (ConfUtils.java:logGet(43)) - raft.server.rpc.timeout.max = 5200ms (custom)
2019-11-18 04:38:48,099 [pool-47-thread-1] INFO  server.RaftServerConfigKeys (ConfUtils.java:logGet(43)) - raft.server.rpcslowness.timeout = 120s (custom)
2019-11-18 04:38:48,100 [pool-47-thread-1] INFO  server.RaftServerConfigKeys (ConfUtils.java:logGet(43)) - raft.server.sleep.deviation.threshold = 300 (default)
2019-11-18 04:38:48,100 [pool-47-thread-1] INFO  server.RaftServerConfigKeys (ConfUtils.java:logGet(43)) - raft.server.log.appender.install.snapshot.enabled = false (custom)
2019-11-18 04:38:48,100 [pool-47-thread-1] INFO  impl.RaftServerImpl (ServerState.java:<init>(103)) - 7eba5c36-8bd3-4cfa-a4be-bb0d55655c16@group-1D7DCB79DEC6: ConfigurationManager, init=-1: [45121796-38eb-49fe-a936-4b8880be34f3:192.168.157.204:32777, 7eba5c36-8bd3-4cfa-a4be-bb0d55655c16:192.168.157.204:33377, 39954c3b-5923-48e1-93a4-a4fa1799448d:192.168.157.204:42826], old=null, confs=<EMPTY_MAP>
2019-11-18 04:38:48,100 [pool-47-thread-1] INFO  server.RaftServerConfigKeys (ConfUtils.java:logGet(43)) - raft.server.storage.dir = [/workdir/hadoop-ozone/integration-test/target/test-dir/MiniOzoneClusterImpl-031703ef-2d10-47d3-987a-ce0e1a032856/datanode-2/data/ratis] (custom)
2019-11-18 04:38:48,101 [pool-27-thread-1] INFO  impl.RaftServerImpl (RaftServerImpl.java:<init>(98)) - 45121796-38eb-49fe-a936-4b8880be34f3: new RaftServerImpl for group-1D7DCB79DEC6:[45121796-38eb-49fe-a936-4b8880be34f3:192.168.157.204:32777, 7eba5c36-8bd3-4cfa-a4be-bb0d55655c16:192.168.157.204:33377, 39954c3b-5923-48e1-93a4-a4fa1799448d:192.168.157.204:42826] with ContainerStateMachine:uninitialized
2019-11-18 04:38:48,101 [pool-47-thread-1] INFO  server.RaftServerConfigKeys (ConfUtils.java:logGet(43)) - raft.server.log.corruption.policy = EXCEPTION (default)
2019-11-18 04:38:48,101 [pool-27-thread-1] INFO  server.RaftServerConfigKeys (ConfUtils.java:logGet(43)) - raft.server.rpc.timeout.min = 5s (custom)
2019-11-18 04:38:48,101 [pool-47-thread-1] INFO  storage.RaftStorageDirectory (RaftStorageDirectory.java:analyzeStorage(246)) - The storage directory /workdir/hadoop-ozone/integration-test/target/test-dir/MiniOzoneClusterImpl-031703ef-2d10-47d3-987a-ce0e1a032856/datanode-2/data/ratis/9986b993-9977-4a77-a097-1d7dcb79dec6 does not exist. Creating ...
2019-11-18 04:38:48,101 [pool-27-thread-1] INFO  server.RaftServerConfigKeys (ConfUtils.java:logGet(43)) - raft.server.rpc.timeout.max = 5200ms (custom)
2019-11-18 04:38:48,101 [pool-37-thread-1] INFO  impl.RaftServerImpl (RaftServerImpl.java:<init>(98)) - 39954c3b-5923-48e1-93a4-a4fa1799448d: new RaftServerImpl for group-1D7DCB79DEC6:[45121796-38eb-49fe-a936-4b8880be34f3:192.168.157.204:32777, 7eba5c36-8bd3-4cfa-a4be-bb0d55655c16:192.168.157.204:33377, 39954c3b-5923-48e1-93a4-a4fa1799448d:192.168.157.204:42826] with ContainerStateMachine:uninitialized
2019-11-18 04:38:48,101 [pool-27-thread-1] INFO  server.RaftServerConfigKeys (ConfUtils.java:logGet(43)) - raft.server.rpcslowness.timeout = 120s (custom)
2019-11-18 04:38:48,101 [pool-37-thread-1] INFO  server.RaftServerConfigKeys (ConfUtils.java:logGet(43)) - raft.server.rpc.timeout.min = 5s (custom)
2019-11-18 04:38:48,102 [pool-27-thread-1] INFO  server.RaftServerConfigKeys (ConfUtils.java:logGet(43)) - raft.server.sleep.deviation.threshold = 300 (default)
2019-11-18 04:38:48,102 [pool-37-thread-1] INFO  server.RaftServerConfigKeys (ConfUtils.java:logGet(43)) - raft.server.rpc.timeout.max = 5200ms (custom)
2019-11-18 04:38:48,102 [pool-27-thread-1] INFO  server.RaftServerConfigKeys (ConfUtils.java:logGet(43)) - raft.server.log.appender.install.snapshot.enabled = false (custom)
2019-11-18 04:38:48,102 [pool-37-thread-1] INFO  server.RaftServerConfigKeys (ConfUtils.java:logGet(43)) - raft.server.rpcslowness.timeout = 120s (custom)
2019-11-18 04:38:48,102 [pool-27-thread-1] INFO  impl.RaftServerImpl (ServerState.java:<init>(103)) - 45121796-38eb-49fe-a936-4b8880be34f3@group-1D7DCB79DEC6: ConfigurationManager, init=-1: [45121796-38eb-49fe-a936-4b8880be34f3:192.168.157.204:32777, 7eba5c36-8bd3-4cfa-a4be-bb0d55655c16:192.168.157.204:33377, 39954c3b-5923-48e1-93a4-a4fa1799448d:192.168.157.204:42826], old=null, confs=<EMPTY_MAP>
2019-11-18 04:38:48,102 [pool-37-thread-1] INFO  server.RaftServerConfigKeys (ConfUtils.java:logGet(43)) - raft.server.sleep.deviation.threshold = 300 (default)
2019-11-18 04:38:48,102 [pool-37-thread-1] INFO  server.RaftServerConfigKeys (ConfUtils.java:logGet(43)) - raft.server.log.appender.install.snapshot.enabled = false (custom)
2019-11-18 04:38:48,102 [pool-27-thread-1] INFO  server.RaftServerConfigKeys (ConfUtils.java:logGet(43)) - raft.server.storage.dir = [/workdir/hadoop-ozone/integration-test/target/test-dir/MiniOzoneClusterImpl-031703ef-2d10-47d3-987a-ce0e1a032856/datanode-0/data/ratis] (custom)
2019-11-18 04:38:48,102 [pool-37-thread-1] INFO  impl.RaftServerImpl (ServerState.java:<init>(103)) - 39954c3b-5923-48e1-93a4-a4fa1799448d@group-1D7DCB79DEC6: ConfigurationManager, init=-1: [45121796-38eb-49fe-a936-4b8880be34f3:192.168.157.204:32777, 7eba5c36-8bd3-4cfa-a4be-bb0d55655c16:192.168.157.204:33377, 39954c3b-5923-48e1-93a4-a4fa1799448d:192.168.157.204:42826], old=null, confs=<EMPTY_MAP>
2019-11-18 04:38:48,103 [pool-37-thread-1] INFO  server.RaftServerConfigKeys (ConfUtils.java:logGet(43)) - raft.server.storage.dir = [/workdir/hadoop-ozone/integration-test/target/test-dir/MiniOzoneClusterImpl-031703ef-2d10-47d3-987a-ce0e1a032856/datanode-1/data/ratis] (custom)
2019-11-18 04:38:48,103 [pool-27-thread-1] INFO  server.RaftServerConfigKeys (ConfUtils.java:logGet(43)) - raft.server.log.corruption.policy = EXCEPTION (default)
2019-11-18 04:38:48,103 [pool-37-thread-1] INFO  server.RaftServerConfigKeys (ConfUtils.java:logGet(43)) - raft.server.log.corruption.policy = EXCEPTION (default)
2019-11-18 04:38:48,103 [pool-27-thread-1] INFO  storage.RaftStorageDirectory (RaftStorageDirectory.java:analyzeStorage(246)) - The storage directory /workdir/hadoop-ozone/integration-test/target/test-dir/MiniOzoneClusterImpl-031703ef-2d10-47d3-987a-ce0e1a032856/datanode-0/data/ratis/9986b993-9977-4a77-a097-1d7dcb79dec6 does not exist. Creating ...
2019-11-18 04:38:48,103 [pool-37-thread-1] INFO  storage.RaftStorageDirectory (RaftStorageDirectory.java:analyzeStorage(246)) - The storage directory /workdir/hadoop-ozone/integration-test/target/test-dir/MiniOzoneClusterImpl-031703ef-2d10-47d3-987a-ce0e1a032856/datanode-1/data/ratis/9986b993-9977-4a77-a097-1d7dcb79dec6 does not exist. Creating ...
2019-11-18 04:38:48,127 [pool-27-thread-1] INFO  storage.RaftStorageDirectory (RaftStorageDirectory.java:tryLock(328)) - Lock on /workdir/hadoop-ozone/integration-test/target/test-dir/MiniOzoneClusterImpl-031703ef-2d10-47d3-987a-ce0e1a032856/datanode-0/data/ratis/9986b993-9977-4a77-a097-1d7dcb79dec6/in_use.lock acquired by nodename 32200@pr-hdds-2247-lvd7h-3523648459
2019-11-18 04:38:48,127 [pool-37-thread-1] INFO  storage.RaftStorageDirectory (RaftStorageDirectory.java:tryLock(328)) - Lock on /workdir/hadoop-ozone/integration-test/target/test-dir/MiniOzoneClusterImpl-031703ef-2d10-47d3-987a-ce0e1a032856/datanode-1/data/ratis/9986b993-9977-4a77-a097-1d7dcb79dec6/in_use.lock acquired by nodename 32200@pr-hdds-2247-lvd7h-3523648459
2019-11-18 04:38:48,127 [pool-47-thread-1] INFO  storage.RaftStorageDirectory (RaftStorageDirectory.java:tryLock(328)) - Lock on /workdir/hadoop-ozone/integration-test/target/test-dir/MiniOzoneClusterImpl-031703ef-2d10-47d3-987a-ce0e1a032856/datanode-2/data/ratis/9986b993-9977-4a77-a097-1d7dcb79dec6/in_use.lock acquired by nodename 32200@pr-hdds-2247-lvd7h-3523648459
2019-11-18 04:38:48,144 [pool-37-thread-1] INFO  storage.RaftStorage (RaftStorage.java:format(84)) - Storage directory /workdir/hadoop-ozone/integration-test/target/test-dir/MiniOzoneClusterImpl-031703ef-2d10-47d3-987a-ce0e1a032856/datanode-1/data/ratis/9986b993-9977-4a77-a097-1d7dcb79dec6 has been successfully formatted.
2019-11-18 04:38:48,144 [pool-47-thread-1] INFO  storage.RaftStorage (RaftStorage.java:format(84)) - Storage directory /workdir/hadoop-ozone/integration-test/target/test-dir/MiniOzoneClusterImpl-031703ef-2d10-47d3-987a-ce0e1a032856/datanode-2/data/ratis/9986b993-9977-4a77-a097-1d7dcb79dec6 has been successfully formatted.
2019-11-18 04:38:48,144 [pool-27-thread-1] INFO  storage.RaftStorage (RaftStorage.java:format(84)) - Storage directory /workdir/hadoop-ozone/integration-test/target/test-dir/MiniOzoneClusterImpl-031703ef-2d10-47d3-987a-ce0e1a032856/datanode-0/data/ratis/9986b993-9977-4a77-a097-1d7dcb79dec6 has been successfully formatted.
2019-11-18 04:38:48,145 [pool-37-thread-1] INFO  ratis.ContainerStateMachine (ContainerStateMachine.java:loadSnapshot(223)) - group-1D7DCB79DEC6: The snapshot info is null. Setting the last applied indexto:(t:0, i:~)
2019-11-18 04:38:48,145 [pool-47-thread-1] INFO  ratis.ContainerStateMachine (ContainerStateMachine.java:loadSnapshot(223)) - group-1D7DCB79DEC6: The snapshot info is null. Setting the last applied indexto:(t:0, i:~)
2019-11-18 04:38:48,145 [pool-37-thread-1] INFO  server.RaftServerConfigKeys (ConfUtils.java:logGet(43)) - raft.server.notification.no-leader.timeout = 120s (custom)
2019-11-18 04:38:48,145 [pool-27-thread-1] INFO  ratis.ContainerStateMachine (ContainerStateMachine.java:loadSnapshot(223)) - group-1D7DCB79DEC6: The snapshot info is null. Setting the last applied indexto:(t:0, i:~)
2019-11-18 04:38:48,145 [pool-37-thread-1] INFO  server.RaftServerConfigKeys (ConfUtils.java:logGet(43)) - raft.server.log.use.memory = false (default)
2019-11-18 04:38:48,145 [pool-47-thread-1] INFO  server.RaftServerConfigKeys (ConfUtils.java:logGet(43)) - raft.server.notification.no-leader.timeout = 120s (custom)
2019-11-18 04:38:48,145 [pool-37-thread-1] INFO  server.RaftServerConfigKeys (ConfUtils.java:logGet(43)) - raft.server.log.purge.gap = 1000000 (custom)
2019-11-18 04:38:48,145 [pool-27-thread-1] INFO  server.RaftServerConfigKeys (ConfUtils.java:logGet(43)) - raft.server.notification.no-leader.timeout = 120s (custom)
2019-11-18 04:38:48,145 [pool-37-thread-1] INFO  server.RaftServerConfigKeys (ConfUtils.java:logGet(43)) - raft.server.log.appender.buffer.byte-limit = 33554432 (custom)
2019-11-18 04:38:48,145 [pool-47-thread-1] INFO  server.RaftServerConfigKeys (ConfUtils.java:logGet(43)) - raft.server.log.use.memory = false (default)
2019-11-18 04:38:48,146 [pool-37-thread-1] INFO  server.RaftServerConfigKeys (ConfUtils.java:logGet(43)) - raft.server.log.segment.size.max = 1048576 (custom)
2019-11-18 04:38:48,146 [pool-47-thread-1] INFO  server.RaftServerConfigKeys (ConfUtils.java:logGet(43)) - raft.server.log.purge.gap = 1000000 (custom)
2019-11-18 04:38:48,146 [pool-27-thread-1] INFO  server.RaftServerConfigKeys (ConfUtils.java:logGet(43)) - raft.server.log.use.memory = false (default)
2019-11-18 04:38:48,146 [pool-47-thread-1] INFO  server.RaftServerConfigKeys (ConfUtils.java:logGet(43)) - raft.server.log.appender.buffer.byte-limit = 33554432 (custom)
2019-11-18 04:38:48,146 [pool-37-thread-1] INFO  server.RaftServerConfigKeys (ConfUtils.java:logGet(43)) - raft.server.log.segment.cache.num.max = 2 (custom)
2019-11-18 04:38:48,146 [pool-47-thread-1] INFO  server.RaftServerConfigKeys (ConfUtils.java:logGet(43)) - raft.server.log.segment.size.max = 1048576 (custom)
2019-11-18 04:38:48,146 [pool-27-thread-1] INFO  server.RaftServerConfigKeys (ConfUtils.java:logGet(43)) - raft.server.log.purge.gap = 1000000 (custom)
2019-11-18 04:38:48,146 [pool-47-thread-1] INFO  server.RaftServerConfigKeys (ConfUtils.java:logGet(43)) - raft.server.log.segment.cache.num.max = 2 (custom)
2019-11-18 04:38:48,146 [pool-37-thread-1] INFO  segmented.SegmentedRaftLogWorker (SegmentedRaftLogWorker.java:<init>(173)) - new 39954c3b-5923-48e1-93a4-a4fa1799448d@group-1D7DCB79DEC6-SegmentedRaftLogWorker for RaftStorage:Storage Directory /workdir/hadoop-ozone/integration-test/target/test-dir/MiniOzoneClusterImpl-031703ef-2d10-47d3-987a-ce0e1a032856/datanode-1/data/ratis/9986b993-9977-4a77-a097-1d7dcb79dec6
2019-11-18 04:38:48,147 [pool-47-thread-1] INFO  segmented.SegmentedRaftLogWorker (SegmentedRaftLogWorker.java:<init>(173)) - new 7eba5c36-8bd3-4cfa-a4be-bb0d55655c16@group-1D7DCB79DEC6-SegmentedRaftLogWorker for RaftStorage:Storage Directory /workdir/hadoop-ozone/integration-test/target/test-dir/MiniOzoneClusterImpl-031703ef-2d10-47d3-987a-ce0e1a032856/datanode-2/data/ratis/9986b993-9977-4a77-a097-1d7dcb79dec6
2019-11-18 04:38:48,146 [pool-27-thread-1] INFO  server.RaftServerConfigKeys (ConfUtils.java:logGet(43)) - raft.server.log.appender.buffer.byte-limit = 33554432 (custom)
2019-11-18 04:38:48,147 [pool-47-thread-1] INFO  server.RaftServerConfigKeys (ConfUtils.java:logGet(43)) - raft.server.log.queue.byte-limit = 2147483647 (custom)
2019-11-18 04:38:48,147 [pool-37-thread-1] INFO  server.RaftServerConfigKeys (ConfUtils.java:logGet(43)) - raft.server.log.queue.byte-limit = 2147483647 (custom)
2019-11-18 04:38:48,147 [pool-47-thread-1] INFO  server.RaftServerConfigKeys (ConfUtils.java:logGet(43)) - raft.server.log.queue.element-limit = 1024 (custom)
2019-11-18 04:38:48,147 [pool-27-thread-1] INFO  server.RaftServerConfigKeys (ConfUtils.java:logGet(43)) - raft.server.log.segment.size.max = 1048576 (custom)
2019-11-18 04:38:48,147 [pool-47-thread-1] INFO  server.RaftServerConfigKeys (ConfUtils.java:logGet(43)) - raft.server.log.segment.size.max = 1048576 (custom)
2019-11-18 04:38:48,147 [pool-37-thread-1] INFO  server.RaftServerConfigKeys (ConfUtils.java:logGet(43)) - raft.server.log.queue.element-limit = 1024 (custom)
2019-11-18 04:38:48,147 [pool-47-thread-1] INFO  server.RaftServerConfigKeys (ConfUtils.java:logGet(43)) - raft.server.log.preallocated.size = 16384 (custom)
2019-11-18 04:38:48,147 [pool-27-thread-1] INFO  server.RaftServerConfigKeys (ConfUtils.java:logGet(43)) - raft.server.log.segment.cache.num.max = 2 (custom)
2019-11-18 04:38:48,148 [pool-47-thread-1] INFO  server.RaftServerConfigKeys (ConfUtils.java:logGet(43)) - raft.server.log.write.buffer.size = 33554432 (custom)
2019-11-18 04:38:48,148 [pool-37-thread-1] INFO  server.RaftServerConfigKeys (ConfUtils.java:logGet(43)) - raft.server.log.segment.size.max = 1048576 (custom)
2019-11-18 04:38:48,148 [pool-47-thread-1] INFO  server.RaftServerConfigKeys (ConfUtils.java:logGet(43)) - raft.server.log.force.sync.num = 128 (default)
2019-11-18 04:38:48,148 [pool-27-thread-1] INFO  segmented.SegmentedRaftLogWorker (SegmentedRaftLogWorker.java:<init>(173)) - new 45121796-38eb-49fe-a936-4b8880be34f3@group-1D7DCB79DEC6-SegmentedRaftLogWorker for RaftStorage:Storage Directory /workdir/hadoop-ozone/integration-test/target/test-dir/MiniOzoneClusterImpl-031703ef-2d10-47d3-987a-ce0e1a032856/datanode-0/data/ratis/9986b993-9977-4a77-a097-1d7dcb79dec6
2019-11-18 04:38:48,148 [pool-47-thread-1] INFO  server.RaftServerConfigKeys (ConfUtils.java:logGet(43)) - raft.server.log.statemachine.data.sync = true (default)
2019-11-18 04:38:48,148 [pool-37-thread-1] INFO  server.RaftServerConfigKeys (ConfUtils.java:logGet(43)) - raft.server.log.preallocated.size = 16384 (custom)
2019-11-18 04:38:48,148 [pool-47-thread-1] INFO  server.RaftServerConfigKeys (ConfUtils.java:logGet(43)) - raft.server.log.statemachine.data.sync.timeout = 10s (default)
2019-11-18 04:38:48,148 [pool-27-thread-1] INFO  server.RaftServerConfigKeys (ConfUtils.java:logGet(43)) - raft.server.log.queue.byte-limit = 2147483647 (custom)
2019-11-18 04:38:48,149 [pool-47-thread-1] INFO  server.RaftServerConfigKeys (ConfUtils.java:logGet(43)) - raft.server.log.statemachine.data.sync.timeout.retry = -1 (default)
2019-11-18 04:38:48,148 [pool-37-thread-1] INFO  server.RaftServerConfigKeys (ConfUtils.java:logGet(43)) - raft.server.log.write.buffer.size = 33554432 (custom)
2019-11-18 04:38:48,149 [pool-27-thread-1] INFO  server.RaftServerConfigKeys (ConfUtils.java:logGet(43)) - raft.server.log.queue.element-limit = 1024 (custom)
2019-11-18 04:38:48,149 [pool-47-thread-1] INFO  server.RaftServerConfigKeys (ConfUtils.java:logGet(43)) - raft.server.log.statemachine.data.caching.enabled = true (custom)
2019-11-18 04:38:48,149 [pool-37-thread-1] INFO  server.RaftServerConfigKeys (ConfUtils.java:logGet(43)) - raft.server.log.force.sync.num = 128 (default)
2019-11-18 04:38:48,149 [pool-27-thread-1] INFO  server.RaftServerConfigKeys (ConfUtils.java:logGet(43)) - raft.server.log.segment.size.max = 1048576 (custom)
2019-11-18 04:38:48,149 [pool-37-thread-1] INFO  server.RaftServerConfigKeys (ConfUtils.java:logGet(43)) - raft.server.log.statemachine.data.sync = true (default)
2019-11-18 04:38:48,149 [pool-47-thread-1] INFO  segmented.SegmentedRaftLogWorker (SegmentedRaftLogWorker.java:lambda$new$0(128)) - 7eba5c36-8bd3-4cfa-a4be-bb0d55655c16@group-1D7DCB79DEC6-SegmentedRaftLogWorker: flushIndex: setUnconditionally 0 -> -1
2019-11-18 04:38:48,149 [pool-27-thread-1] INFO  server.RaftServerConfigKeys (ConfUtils.java:logGet(43)) - raft.server.log.preallocated.size = 16384 (custom)
2019-11-18 04:38:48,149 [pool-37-thread-1] INFO  server.RaftServerConfigKeys (ConfUtils.java:logGet(43)) - raft.server.log.statemachine.data.sync.timeout = 10s (default)
2019-11-18 04:38:48,150 [pool-27-thread-1] INFO  server.RaftServerConfigKeys (ConfUtils.java:logGet(43)) - raft.server.log.write.buffer.size = 33554432 (custom)
2019-11-18 04:38:48,150 [pool-47-thread-1] INFO  server.RaftServerConfigKeys (ConfUtils.java:logGet(43)) - raft.server.snapshot.auto.trigger.enabled = true (custom)
2019-11-18 04:38:48,150 [pool-37-thread-1] INFO  server.RaftServerConfigKeys (ConfUtils.java:logGet(43)) - raft.server.log.statemachine.data.sync.timeout.retry = -1 (default)
2019-11-18 04:38:48,150 [pool-47-thread-1] INFO  server.RaftServerConfigKeys (ConfUtils.java:logGet(43)) - raft.server.snapshot.auto.trigger.threshold = 10000 (custom)
2019-11-18 04:38:48,150 [pool-27-thread-1] INFO  server.RaftServerConfigKeys (ConfUtils.java:logGet(43)) - raft.server.log.force.sync.num = 128 (default)
2019-11-18 04:38:48,150 [pool-47-thread-1] INFO  server.RaftServerConfigKeys (ConfUtils.java:logGet(43)) - raft.server.snapshot.retention.file.num = 5 (custom)
2019-11-18 04:38:48,150 [pool-37-thread-1] INFO  server.RaftServerConfigKeys (ConfUtils.java:logGet(43)) - raft.server.log.statemachine.data.caching.enabled = true (custom)
2019-11-18 04:38:48,150 [pool-47-thread-1] INFO  server.RaftServerConfigKeys (ConfUtils.java:logGet(43)) - raft.server.retrycache.expirytime = 600000ms (custom)
2019-11-18 04:38:48,150 [pool-27-thread-1] INFO  server.RaftServerConfigKeys (ConfUtils.java:logGet(43)) - raft.server.log.statemachine.data.sync = true (default)
2019-11-18 04:38:48,151 [pool-47-thread-1] WARN  impl.MetricRegistriesImpl (MetricRegistriesImpl.java:lambda$create$1(61)) - First MetricRegistry has been created without registering reporters. You may need to call MetricRegistries.global().addReportRegistration(...) before.
2019-11-18 04:38:48,151 [pool-37-thread-1] INFO  segmented.SegmentedRaftLogWorker (SegmentedRaftLogWorker.java:lambda$new$0(128)) - 39954c3b-5923-48e1-93a4-a4fa1799448d@group-1D7DCB79DEC6-SegmentedRaftLogWorker: flushIndex: setUnconditionally 0 -> -1
2019-11-18 04:38:48,151 [pool-27-thread-1] INFO  server.RaftServerConfigKeys (ConfUtils.java:logGet(43)) - raft.server.log.statemachine.data.sync.timeout = 10s (default)
2019-11-18 04:38:48,151 [pool-47-thread-1] WARN  impl.MetricRegistriesImpl (MetricRegistriesImpl.java:lambda$create$1(61)) - First MetricRegistry has been created without registering reporters. You may need to call MetricRegistries.global().addReportRegistration(...) before.
2019-11-18 04:38:48,151 [pool-27-thread-1] INFO  server.RaftServerConfigKeys (ConfUtils.java:logGet(43)) - raft.server.log.statemachine.data.sync.timeout.retry = -1 (default)
2019-11-18 04:38:48,151 [pool-37-thread-1] INFO  server.RaftServerConfigKeys (ConfUtils.java:logGet(43)) - raft.server.snapshot.auto.trigger.enabled = true (custom)
2019-11-18 04:38:48,151 [pool-47-thread-1] INFO  impl.RaftServerImpl (RaftServerImpl.java:start(184)) - 7eba5c36-8bd3-4cfa-a4be-bb0d55655c16@group-1D7DCB79DEC6: start as a follower, conf=-1: [45121796-38eb-49fe-a936-4b8880be34f3:192.168.157.204:32777, 7eba5c36-8bd3-4cfa-a4be-bb0d55655c16:192.168.157.204:33377, 39954c3b-5923-48e1-93a4-a4fa1799448d:192.168.157.204:42826], old=null
2019-11-18 04:38:48,151 [pool-27-thread-1] INFO  server.RaftServerConfigKeys (ConfUtils.java:logGet(43)) - raft.server.log.statemachine.data.caching.enabled = true (custom)
2019-11-18 04:38:48,151 [pool-47-thread-1] INFO  impl.RaftServerImpl (RaftServerImpl.java:setRole(173)) - 7eba5c36-8bd3-4cfa-a4be-bb0d55655c16@group-1D7DCB79DEC6: changes role from      null to FOLLOWER at term 0 for startAsFollower
2019-11-18 04:38:48,151 [pool-37-thread-1] INFO  server.RaftServerConfigKeys (ConfUtils.java:logGet(43)) - raft.server.snapshot.auto.trigger.threshold = 10000 (custom)
2019-11-18 04:38:48,152 [pool-27-thread-1] INFO  segmented.SegmentedRaftLogWorker (SegmentedRaftLogWorker.java:lambda$new$0(128)) - 45121796-38eb-49fe-a936-4b8880be34f3@group-1D7DCB79DEC6-SegmentedRaftLogWorker: flushIndex: setUnconditionally 0 -> -1
2019-11-18 04:38:48,152 [pool-37-thread-1] INFO  server.RaftServerConfigKeys (ConfUtils.java:logGet(43)) - raft.server.snapshot.retention.file.num = 5 (custom)
2019-11-18 04:38:48,152 [pool-47-thread-1] INFO  impl.RoleInfo (RoleInfo.java:updateAndGet(143)) - 7eba5c36-8bd3-4cfa-a4be-bb0d55655c16: start FollowerState
2019-11-18 04:38:48,152 [pool-27-thread-1] INFO  server.RaftServerConfigKeys (ConfUtils.java:logGet(43)) - raft.server.snapshot.auto.trigger.enabled = true (custom)
2019-11-18 04:38:48,152 [pool-37-thread-1] INFO  server.RaftServerConfigKeys (ConfUtils.java:logGet(43)) - raft.server.retrycache.expirytime = 600000ms (custom)
2019-11-18 04:38:48,152 [pool-27-thread-1] INFO  server.RaftServerConfigKeys (ConfUtils.java:logGet(43)) - raft.server.snapshot.auto.trigger.threshold = 10000 (custom)
2019-11-18 04:38:48,152 [pool-37-thread-1] WARN  impl.MetricRegistriesImpl (MetricRegistriesImpl.java:lambda$create$1(61)) - First MetricRegistry has been created without registering reporters. You may need to call MetricRegistries.global().addReportRegistration(...) before.
2019-11-18 04:38:48,153 [pool-47-thread-1] INFO  util.JmxRegister (JmxRegister.java:tryRegister(44)) - Successfully registered JMX Bean with object name Ratis:service=RaftServer,group=group-1D7DCB79DEC6,id=7eba5c36-8bd3-4cfa-a4be-bb0d55655c16
2019-11-18 04:38:48,152 [pool-27-thread-1] INFO  server.RaftServerConfigKeys (ConfUtils.java:logGet(43)) - raft.server.snapshot.retention.file.num = 5 (custom)
2019-11-18 04:38:48,153 [pool-47-thread-1] WARN  impl.MetricRegistriesImpl (MetricRegistriesImpl.java:lambda$create$1(61)) - First MetricRegistry has been created without registering reporters. You may need to call MetricRegistries.global().addReportRegistration(...) before.
2019-11-18 04:38:48,153 [pool-37-thread-1] WARN  impl.MetricRegistriesImpl (MetricRegistriesImpl.java:lambda$create$1(61)) - First MetricRegistry has been created without registering reporters. You may need to call MetricRegistries.global().addReportRegistration(...) before.
2019-11-18 04:38:48,153 [pool-27-thread-1] INFO  server.RaftServerConfigKeys (ConfUtils.java:logGet(43)) - raft.server.retrycache.expirytime = 600000ms (custom)
2019-11-18 04:38:48,153 [pool-37-thread-1] INFO  impl.RaftServerImpl (RaftServerImpl.java:start(184)) - 39954c3b-5923-48e1-93a4-a4fa1799448d@group-1D7DCB79DEC6: start as a follower, conf=-1: [45121796-38eb-49fe-a936-4b8880be34f3:192.168.157.204:32777, 7eba5c36-8bd3-4cfa-a4be-bb0d55655c16:192.168.157.204:33377, 39954c3b-5923-48e1-93a4-a4fa1799448d:192.168.157.204:42826], old=null
2019-11-18 04:38:48,153 [pool-27-thread-1] WARN  impl.MetricRegistriesImpl (MetricRegistriesImpl.java:lambda$create$1(61)) - First MetricRegistry has been created without registering reporters. You may need to call MetricRegistries.global().addReportRegistration(...) before.
2019-11-18 04:38:48,153 [pool-37-thread-1] INFO  impl.RaftServerImpl (RaftServerImpl.java:setRole(173)) - 39954c3b-5923-48e1-93a4-a4fa1799448d@group-1D7DCB79DEC6: changes role from      null to FOLLOWER at term 0 for startAsFollower
2019-11-18 04:38:48,153 [pool-27-thread-1] WARN  impl.MetricRegistriesImpl (MetricRegistriesImpl.java:lambda$create$1(61)) - First MetricRegistry has been created without registering reporters. You may need to call MetricRegistries.global().addReportRegistration(...) before.
2019-11-18 04:38:48,153 [pool-37-thread-1] INFO  impl.RoleInfo (RoleInfo.java:updateAndGet(143)) - 39954c3b-5923-48e1-93a4-a4fa1799448d: start FollowerState
2019-11-18 04:38:48,153 [pool-27-thread-1] INFO  impl.RaftServerImpl (RaftServerImpl.java:start(184)) - 45121796-38eb-49fe-a936-4b8880be34f3@group-1D7DCB79DEC6: start as a follower, conf=-1: [45121796-38eb-49fe-a936-4b8880be34f3:192.168.157.204:32777, 7eba5c36-8bd3-4cfa-a4be-bb0d55655c16:192.168.157.204:33377, 39954c3b-5923-48e1-93a4-a4fa1799448d:192.168.157.204:42826], old=null
2019-11-18 04:38:48,153 [Command processor thread] INFO  commandhandler.CreatePipelineCommandHandler (CreatePipelineCommandHandler.java:handle(86)) - Create Pipeline RATIS THREE #id: "9986b993-9977-4a77-a097-1d7dcb79dec6"
 command succeed on datanode 7eba5c36-8bd3-4cfa-a4be-bb0d55655c16.
2019-11-18 04:38:48,154 [pool-37-thread-1] INFO  util.JmxRegister (JmxRegister.java:tryRegister(44)) - Successfully registered JMX Bean with object name Ratis:service=RaftServer,group=group-1D7DCB79DEC6,id=39954c3b-5923-48e1-93a4-a4fa1799448d
2019-11-18 04:38:48,154 [pool-27-thread-1] INFO  impl.RaftServerImpl (RaftServerImpl.java:setRole(173)) - 45121796-38eb-49fe-a936-4b8880be34f3@group-1D7DCB79DEC6: changes role from      null to FOLLOWER at term 0 for startAsFollower
2019-11-18 04:38:48,154 [pool-37-thread-1] WARN  impl.MetricRegistriesImpl (MetricRegistriesImpl.java:lambda$create$1(61)) - First MetricRegistry has been created without registering reporters. You may need to call MetricRegistries.global().addReportRegistration(...) before.
2019-11-18 04:38:48,154 [pool-27-thread-1] INFO  impl.RoleInfo (RoleInfo.java:updateAndGet(143)) - 45121796-38eb-49fe-a936-4b8880be34f3: start FollowerState
2019-11-18 04:38:48,154 [pool-27-thread-1] INFO  util.JmxRegister (JmxRegister.java:tryRegister(44)) - Successfully registered JMX Bean with object name Ratis:service=RaftServer,group=group-1D7DCB79DEC6,id=45121796-38eb-49fe-a936-4b8880be34f3
2019-11-18 04:38:48,154 [Command processor thread] INFO  commandhandler.CreatePipelineCommandHandler (CreatePipelineCommandHandler.java:handle(86)) - Create Pipeline RATIS THREE #id: "9986b993-9977-4a77-a097-1d7dcb79dec6"
 command succeed on datanode 39954c3b-5923-48e1-93a4-a4fa1799448d.
2019-11-18 04:38:48,154 [pool-27-thread-1] WARN  impl.MetricRegistriesImpl (MetricRegistriesImpl.java:lambda$create$1(61)) - First MetricRegistry has been created without registering reporters. You may need to call MetricRegistries.global().addReportRegistration(...) before.
2019-11-18 04:38:48,156 [Command processor thread] INFO  commandhandler.CreatePipelineCommandHandler (CreatePipelineCommandHandler.java:handle(86)) - Create Pipeline RATIS THREE #id: "9986b993-9977-4a77-a097-1d7dcb79dec6"
 command succeed on datanode 45121796-38eb-49fe-a936-4b8880be34f3.
2019-11-18 04:38:48,157 [EventQueue-PipelineReportForPipelineReportHandler] INFO  pipeline.PipelineReportHandler (PipelineReportHandler.java:processPipelineReport(113)) - Pipeline THREE PipelineID=9986b993-9977-4a77-a097-1d7dcb79dec6 reported by 7eba5c36-8bd3-4cfa-a4be-bb0d55655c16{ip: 192.168.157.204, host: pr-hdds-2247-lvd7h-3523648459, networkLocation: /default-rack, certSerialId: null}
2019-11-18 04:38:48,159 [EventQueue-PipelineReportForPipelineReportHandler] INFO  pipeline.PipelineReportHandler (PipelineReportHandler.java:processPipelineReport(113)) - Pipeline THREE PipelineID=9986b993-9977-4a77-a097-1d7dcb79dec6 reported by 39954c3b-5923-48e1-93a4-a4fa1799448d{ip: 192.168.157.204, host: pr-hdds-2247-lvd7h-3523648459, networkLocation: /default-rack, certSerialId: null}
2019-11-18 04:38:48,159 [EventQueue-PipelineReportForPipelineReportHandler] INFO  pipeline.PipelineReportHandler (PipelineReportHandler.java:processPipelineReport(113)) - Pipeline THREE PipelineID=9986b993-9977-4a77-a097-1d7dcb79dec6 reported by 45121796-38eb-49fe-a936-4b8880be34f3{ip: 192.168.157.204, host: pr-hdds-2247-lvd7h-3523648459, networkLocation: /default-rack, certSerialId: null}
2019-11-18 04:38:48,951 [Thread-0] INFO  ozone.MiniOzoneClusterImpl (MiniOzoneClusterImpl.java:lambda$waitForClusterToBeReady$0(150)) - Nodes are ready. Got 3 of 3 DN Heartbeats.
2019-11-18 04:38:48,951 [Thread-0] INFO  ozone.MiniOzoneClusterImpl (MiniOzoneClusterImpl.java:lambda$waitForClusterToBeReady$0(153)) - Waiting for cluster to exit safe mode
2019-11-18 04:38:49,951 [Thread-0] INFO  ozone.MiniOzoneClusterImpl (MiniOzoneClusterImpl.java:lambda$waitForClusterToBeReady$0(150)) - Nodes are ready. Got 3 of 3 DN Heartbeats.
2019-11-18 04:38:49,952 [Thread-0] INFO  ozone.MiniOzoneClusterImpl (MiniOzoneClusterImpl.java:lambda$waitForClusterToBeReady$0(153)) - Waiting for cluster to exit safe mode
2019-11-18 04:38:50,952 [Thread-0] INFO  ozone.MiniOzoneClusterImpl (MiniOzoneClusterImpl.java:lambda$waitForClusterToBeReady$0(150)) - Nodes are ready. Got 3 of 3 DN Heartbeats.
2019-11-18 04:38:50,952 [Thread-0] INFO  ozone.MiniOzoneClusterImpl (MiniOzoneClusterImpl.java:lambda$waitForClusterToBeReady$0(153)) - Waiting for cluster to exit safe mode
2019-11-18 04:38:51,953 [Thread-0] INFO  ozone.MiniOzoneClusterImpl (MiniOzoneClusterImpl.java:lambda$waitForClusterToBeReady$0(150)) - Nodes are ready. Got 3 of 3 DN Heartbeats.
2019-11-18 04:38:51,953 [Thread-0] INFO  ozone.MiniOzoneClusterImpl (MiniOzoneClusterImpl.java:lambda$waitForClusterToBeReady$0(153)) - Waiting for cluster to exit safe mode
2019-11-18 04:38:52,953 [Thread-0] INFO  ozone.MiniOzoneClusterImpl (MiniOzoneClusterImpl.java:lambda$waitForClusterToBeReady$0(150)) - Nodes are ready. Got 3 of 3 DN Heartbeats.
2019-11-18 04:38:52,953 [Thread-0] INFO  ozone.MiniOzoneClusterImpl (MiniOzoneClusterImpl.java:lambda$waitForClusterToBeReady$0(153)) - Waiting for cluster to exit safe mode
2019-11-18 04:38:53,071 [Thread-183] INFO  impl.FollowerState (FollowerState.java:run(111)) - 39954c3b-5923-48e1-93a4-a4fa1799448d@group-071262537682-FollowerState: change to CANDIDATE, lastRpcTime:5040ms, electionTimeout:5039ms
2019-11-18 04:38:53,072 [Thread-183] INFO  impl.RoleInfo (RoleInfo.java:shutdownFollowerState(121)) - 39954c3b-5923-48e1-93a4-a4fa1799448d: shutdown FollowerState
2019-11-18 04:38:53,073 [Thread-183] INFO  impl.RaftServerImpl (RaftServerImpl.java:setRole(173)) - 39954c3b-5923-48e1-93a4-a4fa1799448d@group-071262537682: changes role from  FOLLOWER to CANDIDATE at term 0 for changeToCandidate
2019-11-18 04:38:53,076 [Thread-183] INFO  impl.RoleInfo (RoleInfo.java:updateAndGet(143)) - 39954c3b-5923-48e1-93a4-a4fa1799448d: start LeaderElection
2019-11-18 04:38:53,097 [Thread-184] INFO  impl.FollowerState (FollowerState.java:run(111)) - 7eba5c36-8bd3-4cfa-a4be-bb0d55655c16@group-DB2799DF2D43-FollowerState: change to CANDIDATE, lastRpcTime:5067ms, electionTimeout:5065ms
2019-11-18 04:38:53,098 [Thread-184] INFO  impl.RoleInfo (RoleInfo.java:shutdownFollowerState(121)) - 7eba5c36-8bd3-4cfa-a4be-bb0d55655c16: shutdown FollowerState
2019-11-18 04:38:53,098 [Thread-184] INFO  impl.RaftServerImpl (RaftServerImpl.java:setRole(173)) - 7eba5c36-8bd3-4cfa-a4be-bb0d55655c16@group-DB2799DF2D43: changes role from  FOLLOWER to CANDIDATE at term 0 for changeToCandidate
2019-11-18 04:38:53,098 [Thread-184] INFO  impl.RoleInfo (RoleInfo.java:updateAndGet(143)) - 7eba5c36-8bd3-4cfa-a4be-bb0d55655c16: start LeaderElection
2019-11-18 04:38:53,112 [39954c3b-5923-48e1-93a4-a4fa1799448d@group-071262537682-LeaderElection1] INFO  impl.LeaderElection (LeaderElection.java:askForVotes(178)) - 39954c3b-5923-48e1-93a4-a4fa1799448d@group-071262537682-LeaderElection1: begin an election at term 1 for -1: [39954c3b-5923-48e1-93a4-a4fa1799448d:192.168.157.204:42826], old=null
2019-11-18 04:38:53,114 [39954c3b-5923-48e1-93a4-a4fa1799448d@group-071262537682-LeaderElection1] INFO  impl.RoleInfo (RoleInfo.java:shutdownLeaderElection(134)) - 39954c3b-5923-48e1-93a4-a4fa1799448d: shutdown LeaderElection
2019-11-18 04:38:53,115 [39954c3b-5923-48e1-93a4-a4fa1799448d@group-071262537682-LeaderElection1] INFO  impl.RaftServerImpl (RaftServerImpl.java:setRole(173)) - 39954c3b-5923-48e1-93a4-a4fa1799448d@group-071262537682: changes role from CANDIDATE to LEADER at term 1 for changeToLeader
2019-11-18 04:38:53,115 [39954c3b-5923-48e1-93a4-a4fa1799448d@group-071262537682-LeaderElection1] INFO  ratis.XceiverServerRatis (XceiverServerRatis.java:handleLeaderChangedNotification(733)) - Leader change notification received for group: group-071262537682 with new leaderId: 39954c3b-5923-48e1-93a4-a4fa1799448d
2019-11-18 04:38:53,116 [39954c3b-5923-48e1-93a4-a4fa1799448d@group-071262537682-LeaderElection1] INFO  impl.RaftServerImpl (ServerState.java:setLeader(255)) - 39954c3b-5923-48e1-93a4-a4fa1799448d@group-071262537682: change Leader from null to 39954c3b-5923-48e1-93a4-a4fa1799448d at term 1 for becomeLeader, leader elected after 5181ms
2019-11-18 04:38:53,118 [EventQueue-PipelineReportForPipelineReportHandler] INFO  pipeline.PipelineReportHandler (PipelineReportHandler.java:processPipelineReport(113)) - Pipeline THREE PipelineID=9986b993-9977-4a77-a097-1d7dcb79dec6 reported by 39954c3b-5923-48e1-93a4-a4fa1799448d{ip: 192.168.157.204, host: pr-hdds-2247-lvd7h-3523648459, networkLocation: /default-rack, certSerialId: null}
2019-11-18 04:38:53,123 [39954c3b-5923-48e1-93a4-a4fa1799448d@group-071262537682-LeaderElection1] INFO  server.RaftServerConfigKeys (ConfUtils.java:logGet(43)) - raft.server.staging.catchup.gap = 1000 (default)
2019-11-18 04:38:53,124 [39954c3b-5923-48e1-93a4-a4fa1799448d@group-071262537682-LeaderElection1] INFO  server.RaftServerConfigKeys (ConfUtils.java:logGet(43)) - raft.server.rpc.sleep.time = 25ms (default)
2019-11-18 04:38:53,129 [39954c3b-5923-48e1-93a4-a4fa1799448d@group-071262537682-LeaderElection1] INFO  server.RaftServerConfigKeys (ConfUtils.java:logGet(43)) - raft.server.write.element-limit = 4096 (default)
2019-11-18 04:38:53,129 [7eba5c36-8bd3-4cfa-a4be-bb0d55655c16@group-DB2799DF2D43-LeaderElection2] INFO  impl.LeaderElection (LeaderElection.java:askForVotes(178)) - 7eba5c36-8bd3-4cfa-a4be-bb0d55655c16@group-DB2799DF2D43-LeaderElection2: begin an election at term 1 for -1: [7eba5c36-8bd3-4cfa-a4be-bb0d55655c16:192.168.157.204:33377], old=null
2019-11-18 04:38:53,130 [7eba5c36-8bd3-4cfa-a4be-bb0d55655c16@group-DB2799DF2D43-LeaderElection2] INFO  impl.RoleInfo (RoleInfo.java:shutdownLeaderElection(134)) - 7eba5c36-8bd3-4cfa-a4be-bb0d55655c16: shutdown LeaderElection
2019-11-18 04:38:53,131 [7eba5c36-8bd3-4cfa-a4be-bb0d55655c16@group-DB2799DF2D43-LeaderElection2] INFO  impl.RaftServerImpl (RaftServerImpl.java:setRole(173)) - 7eba5c36-8bd3-4cfa-a4be-bb0d55655c16@group-DB2799DF2D43: changes role from CANDIDATE to LEADER at term 1 for changeToLeader
2019-11-18 04:38:53,131 [7eba5c36-8bd3-4cfa-a4be-bb0d55655c16@group-DB2799DF2D43-LeaderElection2] INFO  ratis.XceiverServerRatis (XceiverServerRatis.java:handleLeaderChangedNotification(733)) - Leader change notification received for group: group-DB2799DF2D43 with new leaderId: 7eba5c36-8bd3-4cfa-a4be-bb0d55655c16
2019-11-18 04:38:53,131 [7eba5c36-8bd3-4cfa-a4be-bb0d55655c16@group-DB2799DF2D43-LeaderElection2] INFO  impl.RaftServerImpl (ServerState.java:setLeader(255)) - 7eba5c36-8bd3-4cfa-a4be-bb0d55655c16@group-DB2799DF2D43: change Leader from null to 7eba5c36-8bd3-4cfa-a4be-bb0d55655c16 at term 1 for becomeLeader, leader elected after 5112ms
2019-11-18 04:38:53,131 [7eba5c36-8bd3-4cfa-a4be-bb0d55655c16@group-DB2799DF2D43-LeaderElection2] INFO  server.RaftServerConfigKeys (ConfUtils.java:logGet(43)) - raft.server.staging.catchup.gap = 1000 (default)
2019-11-18 04:38:53,131 [7eba5c36-8bd3-4cfa-a4be-bb0d55655c16@group-DB2799DF2D43-LeaderElection2] INFO  server.RaftServerConfigKeys (ConfUtils.java:logGet(43)) - raft.server.rpc.sleep.time = 25ms (default)
2019-11-18 04:38:53,132 [7eba5c36-8bd3-4cfa-a4be-bb0d55655c16@group-DB2799DF2D43-LeaderElection2] INFO  server.RaftServerConfigKeys (ConfUtils.java:logGet(43)) - raft.server.write.element-limit = 4096 (default)
2019-11-18 04:38:53,133 [EventQueue-PipelineReportForPipelineReportHandler] INFO  pipeline.PipelineReportHandler (PipelineReportHandler.java:processPipelineReport(113)) - Pipeline THREE PipelineID=9986b993-9977-4a77-a097-1d7dcb79dec6 reported by 7eba5c36-8bd3-4cfa-a4be-bb0d55655c16{ip: 192.168.157.204, host: pr-hdds-2247-lvd7h-3523648459, networkLocation: /default-rack, certSerialId: null}
2019-11-18 04:38:53,138 [39954c3b-5923-48e1-93a4-a4fa1799448d@group-071262537682-LeaderElection1] INFO  server.RaftServerConfigKeys (ConfUtils.java:logGet(43)) - raft.server.watch.timeout = 10s (default)
2019-11-18 04:38:53,138 [7eba5c36-8bd3-4cfa-a4be-bb0d55655c16@group-DB2799DF2D43-LeaderElection2] INFO  server.RaftServerConfigKeys (ConfUtils.java:logGet(43)) - raft.server.watch.timeout = 10s (default)
2019-11-18 04:38:53,138 [39954c3b-5923-48e1-93a4-a4fa1799448d@group-071262537682-LeaderElection1] INFO  server.RaftServerConfigKeys (ConfUtils.java:logGet(43)) - raft.server.watch.timeout.denomination = 1s (default)
2019-11-18 04:38:53,138 [7eba5c36-8bd3-4cfa-a4be-bb0d55655c16@group-DB2799DF2D43-LeaderElection2] INFO  server.RaftServerConfigKeys (ConfUtils.java:logGet(43)) - raft.server.watch.timeout.denomination = 1s (default)
2019-11-18 04:38:53,139 [39954c3b-5923-48e1-93a4-a4fa1799448d@group-071262537682-LeaderElection1] INFO  server.RaftServerConfigKeys (ConfUtils.java:logGet(43)) - raft.server.watch.element-limit = 65536 (default)
2019-11-18 04:38:53,139 [7eba5c36-8bd3-4cfa-a4be-bb0d55655c16@group-DB2799DF2D43-LeaderElection2] INFO  server.RaftServerConfigKeys (ConfUtils.java:logGet(43)) - raft.server.watch.element-limit = 65536 (default)
2019-11-18 04:38:53,152 [7eba5c36-8bd3-4cfa-a4be-bb0d55655c16@group-DB2799DF2D43-LeaderElection2] INFO  impl.RoleInfo (RoleInfo.java:updateAndGet(143)) - 7eba5c36-8bd3-4cfa-a4be-bb0d55655c16: start LeaderState
2019-11-18 04:38:53,152 [39954c3b-5923-48e1-93a4-a4fa1799448d@group-071262537682-LeaderElection1] INFO  impl.RoleInfo (RoleInfo.java:updateAndGet(143)) - 39954c3b-5923-48e1-93a4-a4fa1799448d: start LeaderState
2019-11-18 04:38:53,165 [Thread-191] INFO  impl.FollowerState (FollowerState.java:run(111)) - 39954c3b-5923-48e1-93a4-a4fa1799448d@group-1D7DCB79DEC6-FollowerState: change to CANDIDATE, lastRpcTime:5011ms, electionTimeout:5011ms
2019-11-18 04:38:53,165 [Thread-191] INFO  impl.RoleInfo (RoleInfo.java:shutdownFollowerState(121)) - 39954c3b-5923-48e1-93a4-a4fa1799448d: shutdown FollowerState
2019-11-18 04:38:53,165 [Thread-191] INFO  impl.RaftServerImpl (RaftServerImpl.java:setRole(173)) - 39954c3b-5923-48e1-93a4-a4fa1799448d@group-1D7DCB79DEC6: changes role from  FOLLOWER to CANDIDATE at term 0 for changeToCandidate
2019-11-18 04:38:53,165 [Thread-191] INFO  impl.RoleInfo (RoleInfo.java:updateAndGet(143)) - 39954c3b-5923-48e1-93a4-a4fa1799448d: start LeaderElection
2019-11-18 04:38:53,177 [7eba5c36-8bd3-4cfa-a4be-bb0d55655c16@group-DB2799DF2D43-LeaderElection2] INFO  segmented.SegmentedRaftLogWorker (SegmentedRaftLogWorker.java:startLogSegment(385)) - 7eba5c36-8bd3-4cfa-a4be-bb0d55655c16@group-DB2799DF2D43-SegmentedRaftLogWorker: Starting segment from index:0
2019-11-18 04:38:53,177 [39954c3b-5923-48e1-93a4-a4fa1799448d@group-071262537682-LeaderElection1] INFO  segmented.SegmentedRaftLogWorker (SegmentedRaftLogWorker.java:startLogSegment(385)) - 39954c3b-5923-48e1-93a4-a4fa1799448d@group-071262537682-SegmentedRaftLogWorker: Starting segment from index:0
2019-11-18 04:38:53,197 [39954c3b-5923-48e1-93a4-a4fa1799448d@group-1D7DCB79DEC6-LeaderElection3] INFO  impl.LeaderElection (LeaderElection.java:askForVotes(178)) - 39954c3b-5923-48e1-93a4-a4fa1799448d@group-1D7DCB79DEC6-LeaderElection3: begin an election at term 1 for -1: [45121796-38eb-49fe-a936-4b8880be34f3:192.168.157.204:32777, 7eba5c36-8bd3-4cfa-a4be-bb0d55655c16:192.168.157.204:33377, 39954c3b-5923-48e1-93a4-a4fa1799448d:192.168.157.204:42826], old=null
2019-11-18 04:38:53,198 [7eba5c36-8bd3-4cfa-a4be-bb0d55655c16@group-DB2799DF2D43-LeaderElection2] INFO  impl.RaftServerImpl (ServerState.java:setRaftConf(356)) - 7eba5c36-8bd3-4cfa-a4be-bb0d55655c16@group-DB2799DF2D43: set configuration 0: [7eba5c36-8bd3-4cfa-a4be-bb0d55655c16:192.168.157.204:33377], old=null at 0
2019-11-18 04:38:53,198 [39954c3b-5923-48e1-93a4-a4fa1799448d@group-071262537682-LeaderElection1] INFO  impl.RaftServerImpl (ServerState.java:setRaftConf(356)) - 39954c3b-5923-48e1-93a4-a4fa1799448d@group-071262537682: set configuration 0: [39954c3b-5923-48e1-93a4-a4fa1799448d:192.168.157.204:42826], old=null at 0
2019-11-18 04:38:53,218 [Thread-182] INFO  impl.FollowerState (FollowerState.java:run(111)) - 45121796-38eb-49fe-a936-4b8880be34f3@group-C79643D16351-FollowerState: change to CANDIDATE, lastRpcTime:5187ms, electionTimeout:5186ms
2019-11-18 04:38:53,218 [Thread-182] INFO  impl.RoleInfo (RoleInfo.java:shutdownFollowerState(121)) - 45121796-38eb-49fe-a936-4b8880be34f3: shutdown FollowerState
2019-11-18 04:38:53,218 [Thread-182] INFO  impl.RaftServerImpl (RaftServerImpl.java:setRole(173)) - 45121796-38eb-49fe-a936-4b8880be34f3@group-C79643D16351: changes role from  FOLLOWER to CANDIDATE at term 0 for changeToCandidate
2019-11-18 04:38:53,218 [Thread-182] INFO  impl.RoleInfo (RoleInfo.java:updateAndGet(143)) - 45121796-38eb-49fe-a936-4b8880be34f3: start LeaderElection
2019-11-18 04:38:53,247 [45121796-38eb-49fe-a936-4b8880be34f3@group-C79643D16351-LeaderElection4] INFO  impl.LeaderElection (LeaderElection.java:askForVotes(178)) - 45121796-38eb-49fe-a936-4b8880be34f3@group-C79643D16351-LeaderElection4: begin an election at term 1 for -1: [45121796-38eb-49fe-a936-4b8880be34f3:192.168.157.204:32777], old=null
2019-11-18 04:38:53,247 [45121796-38eb-49fe-a936-4b8880be34f3@group-C79643D16351-LeaderElection4] INFO  impl.RoleInfo (RoleInfo.java:shutdownLeaderElection(134)) - 45121796-38eb-49fe-a936-4b8880be34f3: shutdown LeaderElection
2019-11-18 04:38:53,247 [45121796-38eb-49fe-a936-4b8880be34f3@group-C79643D16351-LeaderElection4] INFO  impl.RaftServerImpl (RaftServerImpl.java:setRole(173)) - 45121796-38eb-49fe-a936-4b8880be34f3@group-C79643D16351: changes role from CANDIDATE to LEADER at term 1 for changeToLeader
2019-11-18 04:38:53,248 [45121796-38eb-49fe-a936-4b8880be34f3@group-C79643D16351-LeaderElection4] INFO  ratis.XceiverServerRatis (XceiverServerRatis.java:handleLeaderChangedNotification(733)) - Leader change notification received for group: group-C79643D16351 with new leaderId: 45121796-38eb-49fe-a936-4b8880be34f3
2019-11-18 04:38:53,248 [45121796-38eb-49fe-a936-4b8880be34f3@group-C79643D16351-LeaderElection4] INFO  impl.RaftServerImpl (ServerState.java:setLeader(255)) - 45121796-38eb-49fe-a936-4b8880be34f3@group-C79643D16351: change Leader from null to 45121796-38eb-49fe-a936-4b8880be34f3 at term 1 for becomeLeader, leader elected after 5336ms
2019-11-18 04:38:53,248 [45121796-38eb-49fe-a936-4b8880be34f3@group-C79643D16351-LeaderElection4] INFO  server.RaftServerConfigKeys (ConfUtils.java:logGet(43)) - raft.server.staging.catchup.gap = 1000 (default)
2019-11-18 04:38:53,248 [45121796-38eb-49fe-a936-4b8880be34f3@group-C79643D16351-LeaderElection4] INFO  server.RaftServerConfigKeys (ConfUtils.java:logGet(43)) - raft.server.rpc.sleep.time = 25ms (default)
2019-11-18 04:38:53,248 [45121796-38eb-49fe-a936-4b8880be34f3@group-C79643D16351-LeaderElection4] INFO  server.RaftServerConfigKeys (ConfUtils.java:logGet(43)) - raft.server.write.element-limit = 4096 (default)
2019-11-18 04:38:53,249 [45121796-38eb-49fe-a936-4b8880be34f3@group-C79643D16351-LeaderElection4] INFO  server.RaftServerConfigKeys (ConfUtils.java:logGet(43)) - raft.server.watch.timeout = 10s (default)
2019-11-18 04:38:53,250 [45121796-38eb-49fe-a936-4b8880be34f3@group-C79643D16351-LeaderElection4] INFO  server.RaftServerConfigKeys (ConfUtils.java:logGet(43)) - raft.server.watch.timeout.denomination = 1s (default)
2019-11-18 04:38:53,250 [45121796-38eb-49fe-a936-4b8880be34f3@group-C79643D16351-LeaderElection4] INFO  server.RaftServerConfigKeys (ConfUtils.java:logGet(43)) - raft.server.watch.element-limit = 65536 (default)
2019-11-18 04:38:53,250 [45121796-38eb-49fe-a936-4b8880be34f3@group-C79643D16351-LeaderElection4] INFO  impl.RoleInfo (RoleInfo.java:updateAndGet(143)) - 45121796-38eb-49fe-a936-4b8880be34f3: start LeaderState
2019-11-18 04:38:53,251 [45121796-38eb-49fe-a936-4b8880be34f3@group-C79643D16351-LeaderElection4] INFO  segmented.SegmentedRaftLogWorker (SegmentedRaftLogWorker.java:startLogSegment(385)) - 45121796-38eb-49fe-a936-4b8880be34f3@group-C79643D16351-SegmentedRaftLogWorker: Starting segment from index:0
2019-11-18 04:38:53,251 [EventQueue-PipelineReportForPipelineReportHandler] INFO  pipeline.PipelineReportHandler (PipelineReportHandler.java:processPipelineReport(113)) - Pipeline THREE PipelineID=9986b993-9977-4a77-a097-1d7dcb79dec6 reported by 45121796-38eb-49fe-a936-4b8880be34f3{ip: 192.168.157.204, host: pr-hdds-2247-lvd7h-3523648459, networkLocation: /default-rack, certSerialId: null}
2019-11-18 04:38:53,251 [45121796-38eb-49fe-a936-4b8880be34f3@group-C79643D16351-LeaderElection4] INFO  impl.RaftServerImpl (ServerState.java:setRaftConf(356)) - 45121796-38eb-49fe-a936-4b8880be34f3@group-C79643D16351: set configuration 0: [45121796-38eb-49fe-a936-4b8880be34f3:192.168.157.204:32777], old=null at 0
2019-11-18 04:38:53,266 [Thread-192] INFO  impl.FollowerState (FollowerState.java:run(111)) - 45121796-38eb-49fe-a936-4b8880be34f3@group-1D7DCB79DEC6-FollowerState: change to CANDIDATE, lastRpcTime:5111ms, electionTimeout:5111ms
2019-11-18 04:38:53,266 [Thread-192] INFO  impl.RoleInfo (RoleInfo.java:shutdownFollowerState(121)) - 45121796-38eb-49fe-a936-4b8880be34f3: shutdown FollowerState
2019-11-18 04:38:53,266 [Thread-192] INFO  impl.RaftServerImpl (RaftServerImpl.java:setRole(173)) - 45121796-38eb-49fe-a936-4b8880be34f3@group-1D7DCB79DEC6: changes role from  FOLLOWER to CANDIDATE at term 0 for changeToCandidate
2019-11-18 04:38:53,266 [Thread-192] INFO  impl.RoleInfo (RoleInfo.java:updateAndGet(143)) - 45121796-38eb-49fe-a936-4b8880be34f3: start LeaderElection
2019-11-18 04:38:53,297 [45121796-38eb-49fe-a936-4b8880be34f3@group-1D7DCB79DEC6-LeaderElection5] INFO  impl.LeaderElection (LeaderElection.java:askForVotes(178)) - 45121796-38eb-49fe-a936-4b8880be34f3@group-1D7DCB79DEC6-LeaderElection5: begin an election at term 1 for -1: [45121796-38eb-49fe-a936-4b8880be34f3:192.168.157.204:32777, 7eba5c36-8bd3-4cfa-a4be-bb0d55655c16:192.168.157.204:33377, 39954c3b-5923-48e1-93a4-a4fa1799448d:192.168.157.204:42826], old=null
2019-11-18 04:38:53,305 [Thread-188] INFO  impl.FollowerState (FollowerState.java:run(111)) - 7eba5c36-8bd3-4cfa-a4be-bb0d55655c16@group-1D7DCB79DEC6-FollowerState: change to CANDIDATE, lastRpcTime:5152ms, electionTimeout:5152ms
2019-11-18 04:38:53,305 [Thread-188] INFO  impl.RoleInfo (RoleInfo.java:shutdownFollowerState(121)) - 7eba5c36-8bd3-4cfa-a4be-bb0d55655c16: shutdown FollowerState
2019-11-18 04:38:53,305 [Thread-188] INFO  impl.RaftServerImpl (RaftServerImpl.java:setRole(173)) - 7eba5c36-8bd3-4cfa-a4be-bb0d55655c16@group-1D7DCB79DEC6: changes role from  FOLLOWER to CANDIDATE at term 0 for changeToCandidate
2019-11-18 04:38:53,305 [Thread-188] INFO  impl.RoleInfo (RoleInfo.java:updateAndGet(143)) - 7eba5c36-8bd3-4cfa-a4be-bb0d55655c16: start LeaderElection
2019-11-18 04:38:53,331 [7eba5c36-8bd3-4cfa-a4be-bb0d55655c16@group-1D7DCB79DEC6-LeaderElection6] INFO  impl.LeaderElection (LeaderElection.java:askForVotes(178)) - 7eba5c36-8bd3-4cfa-a4be-bb0d55655c16@group-1D7DCB79DEC6-LeaderElection6: begin an election at term 1 for -1: [45121796-38eb-49fe-a936-4b8880be34f3:192.168.157.204:32777, 7eba5c36-8bd3-4cfa-a4be-bb0d55655c16:192.168.157.204:33377, 39954c3b-5923-48e1-93a4-a4fa1799448d:192.168.157.204:42826], old=null
2019-11-18 04:38:53,423 [7eba5c36-8bd3-4cfa-a4be-bb0d55655c16@group-DB2799DF2D43-SegmentedRaftLogWorker] INFO  segmented.SegmentedRaftLogWorker (SegmentedRaftLogWorker.java:execute(576)) - 7eba5c36-8bd3-4cfa-a4be-bb0d55655c16@group-DB2799DF2D43-SegmentedRaftLogWorker: created new log segment /workdir/hadoop-ozone/integration-test/target/test-dir/MiniOzoneClusterImpl-031703ef-2d10-47d3-987a-ce0e1a032856/datanode-2/data/ratis/bbd1b033-40fc-4e26-9929-db2799df2d43/current/log_inprogress_0
2019-11-18 04:38:53,423 [39954c3b-5923-48e1-93a4-a4fa1799448d@group-071262537682-SegmentedRaftLogWorker] INFO  segmented.SegmentedRaftLogWorker (SegmentedRaftLogWorker.java:execute(576)) - 39954c3b-5923-48e1-93a4-a4fa1799448d@group-071262537682-SegmentedRaftLogWorker: created new log segment /workdir/hadoop-ozone/integration-test/target/test-dir/MiniOzoneClusterImpl-031703ef-2d10-47d3-987a-ce0e1a032856/datanode-1/data/ratis/05b85526-352f-422a-9f6d-071262537682/current/log_inprogress_0
2019-11-18 04:38:53,423 [45121796-38eb-49fe-a936-4b8880be34f3@group-C79643D16351-SegmentedRaftLogWorker] INFO  segmented.SegmentedRaftLogWorker (SegmentedRaftLogWorker.java:execute(576)) - 45121796-38eb-49fe-a936-4b8880be34f3@group-C79643D16351-SegmentedRaftLogWorker: created new log segment /workdir/hadoop-ozone/integration-test/target/test-dir/MiniOzoneClusterImpl-031703ef-2d10-47d3-987a-ce0e1a032856/datanode-0/data/ratis/33f56e5b-926e-49b0-b6f4-c79643d16351/current/log_inprogress_0
2019-11-18 04:38:53,593 [39954c3b-5923-48e1-93a4-a4fa1799448d@group-1D7DCB79DEC6-LeaderElection3] INFO  impl.LeaderElection (LeaderElection.java:logAndReturn(56)) - 39954c3b-5923-48e1-93a4-a4fa1799448d@group-1D7DCB79DEC6-LeaderElection3: Election REJECTED; received 2 response(s) [39954c3b-5923-48e1-93a4-a4fa1799448d<-45121796-38eb-49fe-a936-4b8880be34f3#0:FAIL-t1, 39954c3b-5923-48e1-93a4-a4fa1799448d<-7eba5c36-8bd3-4cfa-a4be-bb0d55655c16#0:FAIL-t1] and 0 exception(s); 39954c3b-5923-48e1-93a4-a4fa1799448d@group-1D7DCB79DEC6:t1, leader=null, voted=39954c3b-5923-48e1-93a4-a4fa1799448d, raftlog=39954c3b-5923-48e1-93a4-a4fa1799448d@group-1D7DCB79DEC6-SegmentedRaftLog:OPENED:c-1,f-1,i0, conf=-1: [45121796-38eb-49fe-a936-4b8880be34f3:192.168.157.204:32777, 7eba5c36-8bd3-4cfa-a4be-bb0d55655c16:192.168.157.204:33377, 39954c3b-5923-48e1-93a4-a4fa1799448d:192.168.157.204:42826], old=null
2019-11-18 04:38:53,593 [7eba5c36-8bd3-4cfa-a4be-bb0d55655c16@group-1D7DCB79DEC6-LeaderElection6] INFO  impl.LeaderElection (LeaderElection.java:logAndReturn(56)) - 7eba5c36-8bd3-4cfa-a4be-bb0d55655c16@group-1D7DCB79DEC6-LeaderElection6: Election REJECTED; received 2 response(s) [7eba5c36-8bd3-4cfa-a4be-bb0d55655c16<-45121796-38eb-49fe-a936-4b8880be34f3#0:FAIL-t1, 7eba5c36-8bd3-4cfa-a4be-bb0d55655c16<-39954c3b-5923-48e1-93a4-a4fa1799448d#0:FAIL-t1] and 0 exception(s); 7eba5c36-8bd3-4cfa-a4be-bb0d55655c16@group-1D7DCB79DEC6:t1, leader=null, voted=7eba5c36-8bd3-4cfa-a4be-bb0d55655c16, raftlog=7eba5c36-8bd3-4cfa-a4be-bb0d55655c16@group-1D7DCB79DEC6-SegmentedRaftLog:OPENED:c-1,f-1,i0, conf=-1: [45121796-38eb-49fe-a936-4b8880be34f3:192.168.157.204:32777, 7eba5c36-8bd3-4cfa-a4be-bb0d55655c16:192.168.157.204:33377, 39954c3b-5923-48e1-93a4-a4fa1799448d:192.168.157.204:42826], old=null
2019-11-18 04:38:53,593 [45121796-38eb-49fe-a936-4b8880be34f3@group-1D7DCB79DEC6-LeaderElection5] INFO  impl.LeaderElection (LeaderElection.java:logAndReturn(56)) - 45121796-38eb-49fe-a936-4b8880be34f3@group-1D7DCB79DEC6-LeaderElection5: Election REJECTED; received 2 response(s) [45121796-38eb-49fe-a936-4b8880be34f3<-7eba5c36-8bd3-4cfa-a4be-bb0d55655c16#0:FAIL-t1, 45121796-38eb-49fe-a936-4b8880be34f3<-39954c3b-5923-48e1-93a4-a4fa1799448d#0:FAIL-t1] and 0 exception(s); 45121796-38eb-49fe-a936-4b8880be34f3@group-1D7DCB79DEC6:t1, leader=null, voted=45121796-38eb-49fe-a936-4b8880be34f3, raftlog=45121796-38eb-49fe-a936-4b8880be34f3@group-1D7DCB79DEC6-SegmentedRaftLog:OPENED:c-1,f-1,i0, conf=-1: [45121796-38eb-49fe-a936-4b8880be34f3:192.168.157.204:32777, 7eba5c36-8bd3-4cfa-a4be-bb0d55655c16:192.168.157.204:33377, 39954c3b-5923-48e1-93a4-a4fa1799448d:192.168.157.204:42826], old=null
2019-11-18 04:38:53,595 [39954c3b-5923-48e1-93a4-a4fa1799448d@group-1D7DCB79DEC6-LeaderElection3] INFO  impl.RaftServerImpl (RaftServerImpl.java:setRole(173)) - 39954c3b-5923-48e1-93a4-a4fa1799448d@group-1D7DCB79DEC6: changes role from CANDIDATE to FOLLOWER at term 1 for DISCOVERED_A_NEW_TERM
2019-11-18 04:38:53,596 [7eba5c36-8bd3-4cfa-a4be-bb0d55655c16@group-1D7DCB79DEC6-LeaderElection6] INFO  impl.RaftServerImpl (RaftServerImpl.java:setRole(173)) - 7eba5c36-8bd3-4cfa-a4be-bb0d55655c16@group-1D7DCB79DEC6: changes role from CANDIDATE to FOLLOWER at term 1 for DISCOVERED_A_NEW_TERM
2019-11-18 04:38:53,597 [7eba5c36-8bd3-4cfa-a4be-bb0d55655c16@group-1D7DCB79DEC6-LeaderElection6] INFO  impl.RoleInfo (RoleInfo.java:shutdownLeaderElection(134)) - 7eba5c36-8bd3-4cfa-a4be-bb0d55655c16: shutdown LeaderElection
2019-11-18 04:38:53,596 [45121796-38eb-49fe-a936-4b8880be34f3@group-1D7DCB79DEC6-LeaderElection5] INFO  impl.RaftServerImpl (RaftServerImpl.java:setRole(173)) - 45121796-38eb-49fe-a936-4b8880be34f3@group-1D7DCB79DEC6: changes role from CANDIDATE to FOLLOWER at term 1 for DISCOVERED_A_NEW_TERM
2019-11-18 04:38:53,597 [7eba5c36-8bd3-4cfa-a4be-bb0d55655c16@group-1D7DCB79DEC6-LeaderElection6] INFO  impl.RoleInfo (RoleInfo.java:updateAndGet(143)) - 7eba5c36-8bd3-4cfa-a4be-bb0d55655c16: start FollowerState
2019-11-18 04:38:53,596 [39954c3b-5923-48e1-93a4-a4fa1799448d@group-1D7DCB79DEC6-LeaderElection3] INFO  impl.RoleInfo (RoleInfo.java:shutdownLeaderElection(134)) - 39954c3b-5923-48e1-93a4-a4fa1799448d: shutdown LeaderElection
2019-11-18 04:38:53,597 [45121796-38eb-49fe-a936-4b8880be34f3@group-1D7DCB79DEC6-LeaderElection5] INFO  impl.RoleInfo (RoleInfo.java:shutdownLeaderElection(134)) - 45121796-38eb-49fe-a936-4b8880be34f3: shutdown LeaderElection
2019-11-18 04:38:53,598 [39954c3b-5923-48e1-93a4-a4fa1799448d@group-1D7DCB79DEC6-LeaderElection3] INFO  impl.RoleInfo (RoleInfo.java:updateAndGet(143)) - 39954c3b-5923-48e1-93a4-a4fa1799448d: start FollowerState
2019-11-18 04:38:53,598 [45121796-38eb-49fe-a936-4b8880be34f3@group-1D7DCB79DEC6-LeaderElection5] INFO  impl.RoleInfo (RoleInfo.java:updateAndGet(143)) - 45121796-38eb-49fe-a936-4b8880be34f3: start FollowerState
2019-11-18 04:38:53,954 [Thread-0] INFO  ozone.MiniOzoneClusterImpl (MiniOzoneClusterImpl.java:lambda$waitForClusterToBeReady$0(150)) - Nodes are ready. Got 3 of 3 DN Heartbeats.
2019-11-18 04:38:53,954 [Thread-0] INFO  ozone.MiniOzoneClusterImpl (MiniOzoneClusterImpl.java:lambda$waitForClusterToBeReady$0(153)) - Waiting for cluster to exit safe mode
2019-11-18 04:38:54,954 [Thread-0] INFO  ozone.MiniOzoneClusterImpl (MiniOzoneClusterImpl.java:lambda$waitForClusterToBeReady$0(150)) - Nodes are ready. Got 3 of 3 DN Heartbeats.
2019-11-18 04:38:54,955 [Thread-0] INFO  ozone.MiniOzoneClusterImpl (MiniOzoneClusterImpl.java:lambda$waitForClusterToBeReady$0(153)) - Waiting for cluster to exit safe mode
2019-11-18 04:38:55,955 [Thread-0] INFO  ozone.MiniOzoneClusterImpl (MiniOzoneClusterImpl.java:lambda$waitForClusterToBeReady$0(150)) - Nodes are ready. Got 3 of 3 DN Heartbeats.
2019-11-18 04:38:55,955 [Thread-0] INFO  ozone.MiniOzoneClusterImpl (MiniOzoneClusterImpl.java:lambda$waitForClusterToBeReady$0(153)) - Waiting for cluster to exit safe mode
2019-11-18 04:38:56,956 [Thread-0] INFO  ozone.MiniOzoneClusterImpl (MiniOzoneClusterImpl.java:lambda$waitForClusterToBeReady$0(150)) - Nodes are ready. Got 3 of 3 DN Heartbeats.
2019-11-18 04:38:56,956 [Thread-0] INFO  ozone.MiniOzoneClusterImpl (MiniOzoneClusterImpl.java:lambda$waitForClusterToBeReady$0(153)) - Waiting for cluster to exit safe mode
2019-11-18 04:38:57,956 [Thread-0] INFO  ozone.MiniOzoneClusterImpl (MiniOzoneClusterImpl.java:lambda$waitForClusterToBeReady$0(150)) - Nodes are ready. Got 3 of 3 DN Heartbeats.
2019-11-18 04:38:57,956 [Thread-0] INFO  ozone.MiniOzoneClusterImpl (MiniOzoneClusterImpl.java:lambda$waitForClusterToBeReady$0(153)) - Waiting for cluster to exit safe mode
2019-11-18 04:38:58,630 [Thread-210] INFO  impl.FollowerState (FollowerState.java:run(111)) - 45121796-38eb-49fe-a936-4b8880be34f3@group-1D7DCB79DEC6-FollowerState: change to CANDIDATE, lastRpcTime:5032ms, electionTimeout:5031ms
2019-11-18 04:38:58,630 [Thread-210] INFO  impl.RoleInfo (RoleInfo.java:shutdownFollowerState(121)) - 45121796-38eb-49fe-a936-4b8880be34f3: shutdown FollowerState
2019-11-18 04:38:58,631 [Thread-210] INFO  impl.RaftServerImpl (RaftServerImpl.java:setRole(173)) - 45121796-38eb-49fe-a936-4b8880be34f3@group-1D7DCB79DEC6: changes role from  FOLLOWER to CANDIDATE at term 1 for changeToCandidate
2019-11-18 04:38:58,631 [Thread-210] INFO  impl.RoleInfo (RoleInfo.java:updateAndGet(143)) - 45121796-38eb-49fe-a936-4b8880be34f3: start LeaderElection
2019-11-18 04:38:58,642 [Thread-209] INFO  impl.FollowerState (FollowerState.java:run(111)) - 39954c3b-5923-48e1-93a4-a4fa1799448d@group-1D7DCB79DEC6-FollowerState: change to CANDIDATE, lastRpcTime:5044ms, electionTimeout:5043ms
2019-11-18 04:38:58,642 [Thread-209] INFO  impl.RoleInfo (RoleInfo.java:shutdownFollowerState(121)) - 39954c3b-5923-48e1-93a4-a4fa1799448d: shutdown FollowerState
2019-11-18 04:38:58,642 [Thread-209] INFO  impl.RaftServerImpl (RaftServerImpl.java:setRole(173)) - 39954c3b-5923-48e1-93a4-a4fa1799448d@group-1D7DCB79DEC6: changes role from  FOLLOWER to CANDIDATE at term 1 for changeToCandidate
2019-11-18 04:38:58,642 [Thread-209] INFO  impl.RoleInfo (RoleInfo.java:updateAndGet(143)) - 39954c3b-5923-48e1-93a4-a4fa1799448d: start LeaderElection
2019-11-18 04:38:58,657 [39954c3b-5923-48e1-93a4-a4fa1799448d@group-1D7DCB79DEC6-LeaderElection8] INFO  impl.LeaderElection (LeaderElection.java:askForVotes(178)) - 39954c3b-5923-48e1-93a4-a4fa1799448d@group-1D7DCB79DEC6-LeaderElection8: begin an election at term 2 for -1: [45121796-38eb-49fe-a936-4b8880be34f3:192.168.157.204:32777, 7eba5c36-8bd3-4cfa-a4be-bb0d55655c16:192.168.157.204:33377, 39954c3b-5923-48e1-93a4-a4fa1799448d:192.168.157.204:42826], old=null
2019-11-18 04:38:58,657 [45121796-38eb-49fe-a936-4b8880be34f3@group-1D7DCB79DEC6-LeaderElection7] INFO  impl.LeaderElection (LeaderElection.java:askForVotes(178)) - 45121796-38eb-49fe-a936-4b8880be34f3@group-1D7DCB79DEC6-LeaderElection7: begin an election at term 2 for -1: [45121796-38eb-49fe-a936-4b8880be34f3:192.168.157.204:32777, 7eba5c36-8bd3-4cfa-a4be-bb0d55655c16:192.168.157.204:33377, 39954c3b-5923-48e1-93a4-a4fa1799448d:192.168.157.204:42826], old=null
2019-11-18 04:38:58,660 [Thread-208] INFO  impl.FollowerState (FollowerState.java:run(111)) - 7eba5c36-8bd3-4cfa-a4be-bb0d55655c16@group-1D7DCB79DEC6-FollowerState: change to CANDIDATE, lastRpcTime:5062ms, electionTimeout:5062ms
2019-11-18 04:38:58,660 [Thread-208] INFO  impl.RoleInfo (RoleInfo.java:shutdownFollowerState(121)) - 7eba5c36-8bd3-4cfa-a4be-bb0d55655c16: shutdown FollowerState
2019-11-18 04:38:58,660 [Thread-208] INFO  impl.RaftServerImpl (RaftServerImpl.java:setRole(173)) - 7eba5c36-8bd3-4cfa-a4be-bb0d55655c16@group-1D7DCB79DEC6: changes role from  FOLLOWER to CANDIDATE at term 1 for changeToCandidate
2019-11-18 04:38:58,660 [Thread-208] INFO  impl.RoleInfo (RoleInfo.java:updateAndGet(143)) - 7eba5c36-8bd3-4cfa-a4be-bb0d55655c16: start LeaderElection
2019-11-18 04:38:58,686 [7eba5c36-8bd3-4cfa-a4be-bb0d55655c16@group-1D7DCB79DEC6-LeaderElection9] INFO  impl.LeaderElection (LeaderElection.java:askForVotes(178)) - 7eba5c36-8bd3-4cfa-a4be-bb0d55655c16@group-1D7DCB79DEC6-LeaderElection9: begin an election at term 2 for -1: [45121796-38eb-49fe-a936-4b8880be34f3:192.168.157.204:32777, 7eba5c36-8bd3-4cfa-a4be-bb0d55655c16:192.168.157.204:33377, 39954c3b-5923-48e1-93a4-a4fa1799448d:192.168.157.204:42826], old=null
2019-11-18 04:38:58,693 [45121796-38eb-49fe-a936-4b8880be34f3@group-1D7DCB79DEC6-LeaderElection7] INFO  impl.LeaderElection (LeaderElection.java:logAndReturn(56)) - 45121796-38eb-49fe-a936-4b8880be34f3@group-1D7DCB79DEC6-LeaderElection7: Election REJECTED; received 2 response(s) [45121796-38eb-49fe-a936-4b8880be34f3<-7eba5c36-8bd3-4cfa-a4be-bb0d55655c16#0:FAIL-t2, 45121796-38eb-49fe-a936-4b8880be34f3<-39954c3b-5923-48e1-93a4-a4fa1799448d#0:FAIL-t2] and 0 exception(s); 45121796-38eb-49fe-a936-4b8880be34f3@group-1D7DCB79DEC6:t2, leader=null, voted=45121796-38eb-49fe-a936-4b8880be34f3, raftlog=45121796-38eb-49fe-a936-4b8880be34f3@group-1D7DCB79DEC6-SegmentedRaftLog:OPENED:c-1,f-1,i0, conf=-1: [45121796-38eb-49fe-a936-4b8880be34f3:192.168.157.204:32777, 7eba5c36-8bd3-4cfa-a4be-bb0d55655c16:192.168.157.204:33377, 39954c3b-5923-48e1-93a4-a4fa1799448d:192.168.157.204:42826], old=null
2019-11-18 04:38:58,697 [39954c3b-5923-48e1-93a4-a4fa1799448d@group-1D7DCB79DEC6-LeaderElection8] INFO  impl.LeaderElection (LeaderElection.java:logAndReturn(56)) - 39954c3b-5923-48e1-93a4-a4fa1799448d@group-1D7DCB79DEC6-LeaderElection8: Election REJECTED; received 2 response(s) [39954c3b-5923-48e1-93a4-a4fa1799448d<-45121796-38eb-49fe-a936-4b8880be34f3#0:FAIL-t2, 39954c3b-5923-48e1-93a4-a4fa1799448d<-7eba5c36-8bd3-4cfa-a4be-bb0d55655c16#0:FAIL-t2] and 0 exception(s); 39954c3b-5923-48e1-93a4-a4fa1799448d@group-1D7DCB79DEC6:t2, leader=null, voted=39954c3b-5923-48e1-93a4-a4fa1799448d, raftlog=39954c3b-5923-48e1-93a4-a4fa1799448d@group-1D7DCB79DEC6-SegmentedRaftLog:OPENED:c-1,f-1,i0, conf=-1: [45121796-38eb-49fe-a936-4b8880be34f3:192.168.157.204:32777, 7eba5c36-8bd3-4cfa-a4be-bb0d55655c16:192.168.157.204:33377, 39954c3b-5923-48e1-93a4-a4fa1799448d:192.168.157.204:42826], old=null
2019-11-18 04:38:58,697 [45121796-38eb-49fe-a936-4b8880be34f3@group-1D7DCB79DEC6-LeaderElection7] INFO  impl.RaftServerImpl (RaftServerImpl.java:setRole(173)) - 45121796-38eb-49fe-a936-4b8880be34f3@group-1D7DCB79DEC6: changes role from CANDIDATE to FOLLOWER at term 2 for DISCOVERED_A_NEW_TERM
2019-11-18 04:38:58,698 [39954c3b-5923-48e1-93a4-a4fa1799448d@group-1D7DCB79DEC6-LeaderElection8] INFO  impl.RaftServerImpl (RaftServerImpl.java:setRole(173)) - 39954c3b-5923-48e1-93a4-a4fa1799448d@group-1D7DCB79DEC6: changes role from CANDIDATE to FOLLOWER at term 2 for DISCOVERED_A_NEW_TERM
2019-11-18 04:38:58,701 [39954c3b-5923-48e1-93a4-a4fa1799448d@group-1D7DCB79DEC6-LeaderElection8] INFO  impl.RoleInfo (RoleInfo.java:shutdownLeaderElection(134)) - 39954c3b-5923-48e1-93a4-a4fa1799448d: shutdown LeaderElection
2019-11-18 04:38:58,700 [45121796-38eb-49fe-a936-4b8880be34f3@group-1D7DCB79DEC6-LeaderElection7] INFO  impl.RoleInfo (RoleInfo.java:shutdownLeaderElection(134)) - 45121796-38eb-49fe-a936-4b8880be34f3: shutdown LeaderElection
2019-11-18 04:38:58,702 [39954c3b-5923-48e1-93a4-a4fa1799448d@group-1D7DCB79DEC6-LeaderElection8] INFO  impl.RoleInfo (RoleInfo.java:updateAndGet(143)) - 39954c3b-5923-48e1-93a4-a4fa1799448d: start FollowerState
2019-11-18 04:38:58,702 [45121796-38eb-49fe-a936-4b8880be34f3@group-1D7DCB79DEC6-LeaderElection7] INFO  impl.RoleInfo (RoleInfo.java:updateAndGet(143)) - 45121796-38eb-49fe-a936-4b8880be34f3: start FollowerState
2019-11-18 04:38:58,710 [7eba5c36-8bd3-4cfa-a4be-bb0d55655c16@group-1D7DCB79DEC6-LeaderElection9] INFO  impl.LeaderElection (LeaderElection.java:logAndReturn(56)) - 7eba5c36-8bd3-4cfa-a4be-bb0d55655c16@group-1D7DCB79DEC6-LeaderElection9: Election REJECTED; received 2 response(s) [7eba5c36-8bd3-4cfa-a4be-bb0d55655c16<-45121796-38eb-49fe-a936-4b8880be34f3#0:FAIL-t2, 7eba5c36-8bd3-4cfa-a4be-bb0d55655c16<-39954c3b-5923-48e1-93a4-a4fa1799448d#0:FAIL-t2] and 0 exception(s); 7eba5c36-8bd3-4cfa-a4be-bb0d55655c16@group-1D7DCB79DEC6:t2, leader=null, voted=7eba5c36-8bd3-4cfa-a4be-bb0d55655c16, raftlog=7eba5c36-8bd3-4cfa-a4be-bb0d55655c16@group-1D7DCB79DEC6-SegmentedRaftLog:OPENED:c-1,f-1,i0, conf=-1: [45121796-38eb-49fe-a936-4b8880be34f3:192.168.157.204:32777, 7eba5c36-8bd3-4cfa-a4be-bb0d55655c16:192.168.157.204:33377, 39954c3b-5923-48e1-93a4-a4fa1799448d:192.168.157.204:42826], old=null
2019-11-18 04:38:58,710 [7eba5c36-8bd3-4cfa-a4be-bb0d55655c16@group-1D7DCB79DEC6-LeaderElection9] INFO  impl.RaftServerImpl (RaftServerImpl.java:setRole(173)) - 7eba5c36-8bd3-4cfa-a4be-bb0d55655c16@group-1D7DCB79DEC6: changes role from CANDIDATE to FOLLOWER at term 2 for DISCOVERED_A_NEW_TERM
2019-11-18 04:38:58,713 [7eba5c36-8bd3-4cfa-a4be-bb0d55655c16@group-1D7DCB79DEC6-LeaderElection9] INFO  impl.RoleInfo (RoleInfo.java:shutdownLeaderElection(134)) - 7eba5c36-8bd3-4cfa-a4be-bb0d55655c16: shutdown LeaderElection
2019-11-18 04:38:58,713 [7eba5c36-8bd3-4cfa-a4be-bb0d55655c16@group-1D7DCB79DEC6-LeaderElection9] INFO  impl.RoleInfo (RoleInfo.java:updateAndGet(143)) - 7eba5c36-8bd3-4cfa-a4be-bb0d55655c16: start FollowerState
2019-11-18 04:38:58,957 [Thread-0] INFO  ozone.MiniOzoneClusterImpl (MiniOzoneClusterImpl.java:lambda$waitForClusterToBeReady$0(150)) - Nodes are ready. Got 3 of 3 DN Heartbeats.
2019-11-18 04:38:58,958 [Thread-0] INFO  ozone.MiniOzoneClusterImpl (MiniOzoneClusterImpl.java:lambda$waitForClusterToBeReady$0(153)) - Waiting for cluster to exit safe mode
2019-11-18 04:38:59,958 [Thread-0] INFO  ozone.MiniOzoneClusterImpl (MiniOzoneClusterImpl.java:lambda$waitForClusterToBeReady$0(150)) - Nodes are ready. Got 3 of 3 DN Heartbeats.
2019-11-18 04:38:59,959 [Thread-0] INFO  ozone.MiniOzoneClusterImpl (MiniOzoneClusterImpl.java:lambda$waitForClusterToBeReady$0(153)) - Waiting for cluster to exit safe mode
2019-11-18 04:39:00,959 [Thread-0] INFO  ozone.MiniOzoneClusterImpl (MiniOzoneClusterImpl.java:lambda$waitForClusterToBeReady$0(150)) - Nodes are ready. Got 3 of 3 DN Heartbeats.
2019-11-18 04:39:00,959 [Thread-0] INFO  ozone.MiniOzoneClusterImpl (MiniOzoneClusterImpl.java:lambda$waitForClusterToBeReady$0(153)) - Waiting for cluster to exit safe mode
2019-11-18 04:39:01,960 [Thread-0] INFO  ozone.MiniOzoneClusterImpl (MiniOzoneClusterImpl.java:lambda$waitForClusterToBeReady$0(150)) - Nodes are ready. Got 3 of 3 DN Heartbeats.
2019-11-18 04:39:01,960 [Thread-0] INFO  ozone.MiniOzoneClusterImpl (MiniOzoneClusterImpl.java:lambda$waitForClusterToBeReady$0(153)) - Waiting for cluster to exit safe mode
2019-11-18 04:39:02,960 [Thread-0] INFO  ozone.MiniOzoneClusterImpl (MiniOzoneClusterImpl.java:lambda$waitForClusterToBeReady$0(150)) - Nodes are ready. Got 3 of 3 DN Heartbeats.
2019-11-18 04:39:02,961 [Thread-0] INFO  ozone.MiniOzoneClusterImpl (MiniOzoneClusterImpl.java:lambda$waitForClusterToBeReady$0(153)) - Waiting for cluster to exit safe mode
2019-11-18 04:39:03,730 [Thread-220] INFO  impl.FollowerState (FollowerState.java:run(111)) - 39954c3b-5923-48e1-93a4-a4fa1799448d@group-1D7DCB79DEC6-FollowerState: change to CANDIDATE, lastRpcTime:5028ms, electionTimeout:5026ms
2019-11-18 04:39:03,730 [Thread-220] INFO  impl.RoleInfo (RoleInfo.java:shutdownFollowerState(121)) - 39954c3b-5923-48e1-93a4-a4fa1799448d: shutdown FollowerState
2019-11-18 04:39:03,730 [Thread-220] INFO  impl.RaftServerImpl (RaftServerImpl.java:setRole(173)) - 39954c3b-5923-48e1-93a4-a4fa1799448d@group-1D7DCB79DEC6: changes role from  FOLLOWER to CANDIDATE at term 2 for changeToCandidate
2019-11-18 04:39:03,730 [Thread-220] INFO  impl.RoleInfo (RoleInfo.java:updateAndGet(143)) - 39954c3b-5923-48e1-93a4-a4fa1799448d: start LeaderElection
2019-11-18 04:39:03,750 [Thread-222] INFO  impl.FollowerState (FollowerState.java:run(111)) - 7eba5c36-8bd3-4cfa-a4be-bb0d55655c16@group-1D7DCB79DEC6-FollowerState: change to CANDIDATE, lastRpcTime:5037ms, electionTimeout:5037ms
2019-11-18 04:39:03,750 [Thread-222] INFO  impl.RoleInfo (RoleInfo.java:shutdownFollowerState(121)) - 7eba5c36-8bd3-4cfa-a4be-bb0d55655c16: shutdown FollowerState
2019-11-18 04:39:03,750 [Thread-222] INFO  impl.RaftServerImpl (RaftServerImpl.java:setRole(173)) - 7eba5c36-8bd3-4cfa-a4be-bb0d55655c16@group-1D7DCB79DEC6: changes role from  FOLLOWER to CANDIDATE at term 2 for changeToCandidate
2019-11-18 04:39:03,750 [Thread-222] INFO  impl.RoleInfo (RoleInfo.java:updateAndGet(143)) - 7eba5c36-8bd3-4cfa-a4be-bb0d55655c16: start LeaderElection
2019-11-18 04:39:03,760 [39954c3b-5923-48e1-93a4-a4fa1799448d@group-1D7DCB79DEC6-LeaderElection10] INFO  impl.LeaderElection (LeaderElection.java:askForVotes(178)) - 39954c3b-5923-48e1-93a4-a4fa1799448d@group-1D7DCB79DEC6-LeaderElection10: begin an election at term 3 for -1: [45121796-38eb-49fe-a936-4b8880be34f3:192.168.157.204:32777, 7eba5c36-8bd3-4cfa-a4be-bb0d55655c16:192.168.157.204:33377, 39954c3b-5923-48e1-93a4-a4fa1799448d:192.168.157.204:42826], old=null
2019-11-18 04:39:03,765 [Thread-221] INFO  impl.FollowerState (FollowerState.java:run(111)) - 45121796-38eb-49fe-a936-4b8880be34f3@group-1D7DCB79DEC6-FollowerState: change to CANDIDATE, lastRpcTime:5062ms, electionTimeout:5059ms
2019-11-18 04:39:03,765 [Thread-221] INFO  impl.RoleInfo (RoleInfo.java:shutdownFollowerState(121)) - 45121796-38eb-49fe-a936-4b8880be34f3: shutdown FollowerState
2019-11-18 04:39:03,765 [Thread-221] INFO  impl.RaftServerImpl (RaftServerImpl.java:setRole(173)) - 45121796-38eb-49fe-a936-4b8880be34f3@group-1D7DCB79DEC6: changes role from  FOLLOWER to CANDIDATE at term 2 for changeToCandidate
2019-11-18 04:39:03,765 [Thread-221] INFO  impl.RoleInfo (RoleInfo.java:updateAndGet(143)) - 45121796-38eb-49fe-a936-4b8880be34f3: start LeaderElection
2019-11-18 04:39:03,767 [grpc-default-executor-0] INFO  impl.RaftServerImpl (RaftServerImpl.java:setRole(173)) - 45121796-38eb-49fe-a936-4b8880be34f3@group-1D7DCB79DEC6: changes role from CANDIDATE to FOLLOWER at term 3 for recognizeCandidate:39954c3b-5923-48e1-93a4-a4fa1799448d
2019-11-18 04:39:03,767 [grpc-default-executor-0] INFO  impl.RoleInfo (RoleInfo.java:shutdownLeaderElection(134)) - 45121796-38eb-49fe-a936-4b8880be34f3: shutdown LeaderElection
2019-11-18 04:39:03,767 [grpc-default-executor-0] INFO  impl.RoleInfo (RoleInfo.java:updateAndGet(143)) - 45121796-38eb-49fe-a936-4b8880be34f3: start FollowerState
2019-11-18 04:39:03,782 [7eba5c36-8bd3-4cfa-a4be-bb0d55655c16@group-1D7DCB79DEC6-LeaderElection11] INFO  impl.LeaderElection (LeaderElection.java:askForVotes(178)) - 7eba5c36-8bd3-4cfa-a4be-bb0d55655c16@group-1D7DCB79DEC6-LeaderElection11: begin an election at term 3 for -1: [45121796-38eb-49fe-a936-4b8880be34f3:192.168.157.204:32777, 7eba5c36-8bd3-4cfa-a4be-bb0d55655c16:192.168.157.204:33377, 39954c3b-5923-48e1-93a4-a4fa1799448d:192.168.157.204:42826], old=null
2019-11-18 04:39:03,786 [39954c3b-5923-48e1-93a4-a4fa1799448d@group-1D7DCB79DEC6-LeaderElection10] INFO  impl.LeaderElection (LeaderElection.java:logAndReturn(56)) - 39954c3b-5923-48e1-93a4-a4fa1799448d@group-1D7DCB79DEC6-LeaderElection10: Election REJECTED; received 2 response(s) [39954c3b-5923-48e1-93a4-a4fa1799448d<-45121796-38eb-49fe-a936-4b8880be34f3#0:FAIL-t3, 39954c3b-5923-48e1-93a4-a4fa1799448d<-7eba5c36-8bd3-4cfa-a4be-bb0d55655c16#0:FAIL-t3] and 0 exception(s); 39954c3b-5923-48e1-93a4-a4fa1799448d@group-1D7DCB79DEC6:t3, leader=null, voted=39954c3b-5923-48e1-93a4-a4fa1799448d, raftlog=39954c3b-5923-48e1-93a4-a4fa1799448d@group-1D7DCB79DEC6-SegmentedRaftLog:OPENED:c-1,f-1,i0, conf=-1: [45121796-38eb-49fe-a936-4b8880be34f3:192.168.157.204:32777, 7eba5c36-8bd3-4cfa-a4be-bb0d55655c16:192.168.157.204:33377, 39954c3b-5923-48e1-93a4-a4fa1799448d:192.168.157.204:42826], old=null
2019-11-18 04:39:03,786 [39954c3b-5923-48e1-93a4-a4fa1799448d@group-1D7DCB79DEC6-LeaderElection10] INFO  impl.RaftServerImpl (RaftServerImpl.java:setRole(173)) - 39954c3b-5923-48e1-93a4-a4fa1799448d@group-1D7DCB79DEC6: changes role from CANDIDATE to FOLLOWER at term 3 for DISCOVERED_A_NEW_TERM
2019-11-18 04:39:03,788 [39954c3b-5923-48e1-93a4-a4fa1799448d@group-1D7DCB79DEC6-LeaderElection10] INFO  impl.RoleInfo (RoleInfo.java:shutdownLeaderElection(134)) - 39954c3b-5923-48e1-93a4-a4fa1799448d: shutdown LeaderElection
2019-11-18 04:39:03,789 [39954c3b-5923-48e1-93a4-a4fa1799448d@group-1D7DCB79DEC6-LeaderElection10] INFO  impl.RoleInfo (RoleInfo.java:updateAndGet(143)) - 39954c3b-5923-48e1-93a4-a4fa1799448d: start FollowerState
2019-11-18 04:39:03,806 [45121796-38eb-49fe-a936-4b8880be34f3@group-1D7DCB79DEC6-LeaderElection12] INFO  impl.LeaderElection (LeaderElection.java:askForVotes(178)) - 45121796-38eb-49fe-a936-4b8880be34f3@group-1D7DCB79DEC6-LeaderElection12: begin an election at term 4 for -1: [45121796-38eb-49fe-a936-4b8880be34f3:192.168.157.204:32777, 7eba5c36-8bd3-4cfa-a4be-bb0d55655c16:192.168.157.204:33377, 39954c3b-5923-48e1-93a4-a4fa1799448d:192.168.157.204:42826], old=null
2019-11-18 04:39:03,807 [45121796-38eb-49fe-a936-4b8880be34f3@group-1D7DCB79DEC6-LeaderElection12] INFO  impl.LeaderElection (LeaderElection.java:logAndReturn(56)) - 45121796-38eb-49fe-a936-4b8880be34f3@group-1D7DCB79DEC6-LeaderElection12: Election REJECTED; received 0 response(s) [] and 0 exception(s); 45121796-38eb-49fe-a936-4b8880be34f3@group-1D7DCB79DEC6:t4, leader=null, voted=45121796-38eb-49fe-a936-4b8880be34f3, raftlog=45121796-38eb-49fe-a936-4b8880be34f3@group-1D7DCB79DEC6-SegmentedRaftLog:OPENED:c-1,f-1,i0, conf=-1: [45121796-38eb-49fe-a936-4b8880be34f3:192.168.157.204:32777, 7eba5c36-8bd3-4cfa-a4be-bb0d55655c16:192.168.157.204:33377, 39954c3b-5923-48e1-93a4-a4fa1799448d:192.168.157.204:42826], old=null
2019-11-18 04:39:03,810 [7eba5c36-8bd3-4cfa-a4be-bb0d55655c16@group-1D7DCB79DEC6-LeaderElection11] INFO  impl.LeaderElection (LeaderElection.java:logAndReturn(56)) - 7eba5c36-8bd3-4cfa-a4be-bb0d55655c16@group-1D7DCB79DEC6-LeaderElection11: Election DISCOVERED_A_NEW_TERM; received 2 response(s) [7eba5c36-8bd3-4cfa-a4be-bb0d55655c16<-45121796-38eb-49fe-a936-4b8880be34f3#0:FAIL-t4, 7eba5c36-8bd3-4cfa-a4be-bb0d55655c16<-39954c3b-5923-48e1-93a4-a4fa1799448d#0:FAIL-t3] and 0 exception(s); 7eba5c36-8bd3-4cfa-a4be-bb0d55655c16@group-1D7DCB79DEC6:t3, leader=null, voted=7eba5c36-8bd3-4cfa-a4be-bb0d55655c16, raftlog=7eba5c36-8bd3-4cfa-a4be-bb0d55655c16@group-1D7DCB79DEC6-SegmentedRaftLog:OPENED:c-1,f-1,i0, conf=-1: [45121796-38eb-49fe-a936-4b8880be34f3:192.168.157.204:32777, 7eba5c36-8bd3-4cfa-a4be-bb0d55655c16:192.168.157.204:33377, 39954c3b-5923-48e1-93a4-a4fa1799448d:192.168.157.204:42826], old=null
2019-11-18 04:39:03,810 [7eba5c36-8bd3-4cfa-a4be-bb0d55655c16@group-1D7DCB79DEC6-LeaderElection11] INFO  impl.RaftServerImpl (RaftServerImpl.java:setRole(173)) - 7eba5c36-8bd3-4cfa-a4be-bb0d55655c16@group-1D7DCB79DEC6: changes role from CANDIDATE to FOLLOWER at term 4 for DISCOVERED_A_NEW_TERM
2019-11-18 04:39:03,811 [7eba5c36-8bd3-4cfa-a4be-bb0d55655c16@group-1D7DCB79DEC6-LeaderElection11] INFO  impl.RoleInfo (RoleInfo.java:shutdownLeaderElection(134)) - 7eba5c36-8bd3-4cfa-a4be-bb0d55655c16: shutdown LeaderElection
2019-11-18 04:39:03,811 [7eba5c36-8bd3-4cfa-a4be-bb0d55655c16@group-1D7DCB79DEC6-LeaderElection11] INFO  impl.RoleInfo (RoleInfo.java:updateAndGet(143)) - 7eba5c36-8bd3-4cfa-a4be-bb0d55655c16: start FollowerState
2019-11-18 04:39:03,815 [grpc-default-executor-2] INFO  impl.RaftServerImpl (RaftServerImpl.java:setRole(173)) - 39954c3b-5923-48e1-93a4-a4fa1799448d@group-1D7DCB79DEC6: changes role from  FOLLOWER to FOLLOWER at term 4 for recognizeCandidate:45121796-38eb-49fe-a936-4b8880be34f3
2019-11-18 04:39:03,816 [grpc-default-executor-2] INFO  impl.RoleInfo (RoleInfo.java:shutdownFollowerState(121)) - 39954c3b-5923-48e1-93a4-a4fa1799448d: shutdown FollowerState
2019-11-18 04:39:03,816 [Thread-231] INFO  impl.FollowerState (FollowerState.java:run(120)) - 39954c3b-5923-48e1-93a4-a4fa1799448d@group-1D7DCB79DEC6-FollowerState was interrupted: java.lang.InterruptedException: sleep interrupted
2019-11-18 04:39:03,816 [grpc-default-executor-2] INFO  impl.RoleInfo (RoleInfo.java:updateAndGet(143)) - 39954c3b-5923-48e1-93a4-a4fa1799448d: start FollowerState
2019-11-18 04:39:03,835 [grpc-default-executor-0] INFO  impl.RaftServerImpl (RaftServerImpl.java:setRole(173)) - 7eba5c36-8bd3-4cfa-a4be-bb0d55655c16@group-1D7DCB79DEC6: changes role from  FOLLOWER to FOLLOWER at term 4 for recognizeCandidate:45121796-38eb-49fe-a936-4b8880be34f3
2019-11-18 04:39:03,836 [grpc-default-executor-0] INFO  impl.RoleInfo (RoleInfo.java:shutdownFollowerState(121)) - 7eba5c36-8bd3-4cfa-a4be-bb0d55655c16: shutdown FollowerState
2019-11-18 04:39:03,836 [grpc-default-executor-0] INFO  impl.RoleInfo (RoleInfo.java:updateAndGet(143)) - 7eba5c36-8bd3-4cfa-a4be-bb0d55655c16: start FollowerState
2019-11-18 04:39:03,836 [Thread-234] INFO  impl.FollowerState (FollowerState.java:run(120)) - 7eba5c36-8bd3-4cfa-a4be-bb0d55655c16@group-1D7DCB79DEC6-FollowerState was interrupted: java.lang.InterruptedException: sleep interrupted
2019-11-18 04:39:03,961 [Thread-0] INFO  ozone.MiniOzoneClusterImpl (MiniOzoneClusterImpl.java:lambda$waitForClusterToBeReady$0(150)) - Nodes are ready. Got 3 of 3 DN Heartbeats.
2019-11-18 04:39:03,961 [Thread-0] INFO  ozone.MiniOzoneClusterImpl (MiniOzoneClusterImpl.java:lambda$waitForClusterToBeReady$0(153)) - Waiting for cluster to exit safe mode
2019-11-18 04:39:04,961 [Thread-0] INFO  ozone.MiniOzoneClusterImpl (MiniOzoneClusterImpl.java:lambda$waitForClusterToBeReady$0(150)) - Nodes are ready. Got 3 of 3 DN Heartbeats.
2019-11-18 04:39:04,962 [Thread-0] INFO  ozone.MiniOzoneClusterImpl (MiniOzoneClusterImpl.java:lambda$waitForClusterToBeReady$0(153)) - Waiting for cluster to exit safe mode
2019-11-18 04:39:05,962 [Thread-0] INFO  ozone.MiniOzoneClusterImpl (MiniOzoneClusterImpl.java:lambda$waitForClusterToBeReady$0(150)) - Nodes are ready. Got 3 of 3 DN Heartbeats.
2019-11-18 04:39:05,962 [Thread-0] INFO  ozone.MiniOzoneClusterImpl (MiniOzoneClusterImpl.java:lambda$waitForClusterToBeReady$0(153)) - Waiting for cluster to exit safe mode
2019-11-18 04:39:06,004 [main] INFO  ozone.MiniOzoneClusterImpl (MiniOzoneClusterImpl.java:shutdown(334)) - Shutting down the Mini Ozone Cluster
2019-11-18 04:39:06,005 [main] INFO  ozone.MiniOzoneClusterImpl (MiniOzoneClusterImpl.java:stop(350)) - Stopping the Mini Ozone Cluster
2019-11-18 04:39:06,005 [main] INFO  ozone.MiniOzoneClusterImpl (MiniOzoneClusterImpl.java:stopOM(420)) - Stopping the OzoneManager
2019-11-18 04:39:06,006 [main] INFO  ipc.Server (Server.java:stop(3082)) - Stopping server on 35470
2019-11-18 04:39:06,013 [IPC Server listener on 35470] INFO  ipc.Server (Server.java:run(1185)) - Stopping IPC Server listener on 35470
2019-11-18 04:39:06,013 [main] INFO  ratis.OzoneManagerDoubleBuffer (OzoneManagerDoubleBuffer.java:stop(261)) - Stopping OMDoubleBuffer flush thread
2019-11-18 04:39:06,016 [IPC Server Responder] INFO  ipc.Server (Server.java:run(1319)) - Stopping IPC Server Responder
2019-11-18 04:39:06,025 [OMDoubleBufferFlushThread] INFO  ratis.OzoneManagerDoubleBuffer (OzoneManagerDoubleBuffer.java:flushTransactions(199)) - OMDoubleBuffer flush thread OMDoubleBufferFlushThread is interrupted and will exit. OMDoubleBufferFlushThread
2019-11-18 04:39:06,027 [main] INFO  utils.BackgroundService (BackgroundService.java:shutdown(151)) - Shutting down service KeyDeletingService
2019-11-18 04:39:06,032 [main] INFO  handler.ContextHandler (ContextHandler.java:doStop(910)) - Stopped o.e.j.w.WebAppContext@751841a7{/,null,UNAVAILABLE}{/ozoneManager}
2019-11-18 04:39:06,039 [main] INFO  server.AbstractConnector (AbstractConnector.java:doStop(318)) - Stopped ServerConnector@67cda436{HTTP/1.1,[http/1.1]}{0.0.0.0:0}
2019-11-18 04:39:06,040 [main] INFO  handler.ContextHandler (ContextHandler.java:doStop(910)) - Stopped o.e.j.s.ServletContextHandler@74e25782{/static,file:///workdir/hadoop-ozone/integration-test/target/test-classes/webapps/static,UNAVAILABLE}
2019-11-18 04:39:06,041 [main] INFO  handler.ContextHandler (ContextHandler.java:doStop(910)) - Stopped o.e.j.s.ServletContextHandler@18fce6a{/logs,file:///workdir/hadoop-ozone/integration-test/target/log,UNAVAILABLE}
2019-11-18 04:39:06,046 [main] INFO  ozone.MiniOzoneClusterImpl (MiniOzoneClusterImpl.java:stopDatanodes(397)) - Stopping the HddsDatanodes
2019-11-18 04:39:06,118 [Datanode State Machine Thread - 0] INFO  statemachine.DatanodeStateMachine (DatanodeStateMachine.java:lambda$startDaemon$0(361)) - Ozone container server started.
2019-11-18 04:39:06,252 [Datanode State Machine Thread - 0] INFO  statemachine.DatanodeStateMachine (DatanodeStateMachine.java:lambda$startDaemon$0(361)) - Ozone container server started.
2019-11-18 04:39:08,897 [Thread-235] INFO  impl.FollowerState (FollowerState.java:run(111)) - 39954c3b-5923-48e1-93a4-a4fa1799448d@group-1D7DCB79DEC6-FollowerState: change to CANDIDATE, lastRpcTime:5081ms, electionTimeout:5080ms
2019-11-18 04:39:08,897 [Thread-235] INFO  impl.RoleInfo (RoleInfo.java:shutdownFollowerState(121)) - 39954c3b-5923-48e1-93a4-a4fa1799448d: shutdown FollowerState
2019-11-18 04:39:08,898 [Thread-235] INFO  impl.RaftServerImpl (RaftServerImpl.java:setRole(173)) - 39954c3b-5923-48e1-93a4-a4fa1799448d@group-1D7DCB79DEC6: changes role from  FOLLOWER to CANDIDATE at term 4 for changeToCandidate
2019-11-18 04:39:08,898 [Thread-235] INFO  impl.RoleInfo (RoleInfo.java:updateAndGet(143)) - 39954c3b-5923-48e1-93a4-a4fa1799448d: start LeaderElection
2019-11-18 04:39:08,925 [39954c3b-5923-48e1-93a4-a4fa1799448d@group-1D7DCB79DEC6-LeaderElection13] INFO  impl.LeaderElection (LeaderElection.java:askForVotes(178)) - 39954c3b-5923-48e1-93a4-a4fa1799448d@group-1D7DCB79DEC6-LeaderElection13: begin an election at term 5 for -1: [45121796-38eb-49fe-a936-4b8880be34f3:192.168.157.204:32777, 7eba5c36-8bd3-4cfa-a4be-bb0d55655c16:192.168.157.204:33377, 39954c3b-5923-48e1-93a4-a4fa1799448d:192.168.157.204:42826], old=null
2019-11-18 04:39:08,938 [grpc-default-executor-2] INFO  impl.RaftServerImpl (RaftServerImpl.java:setRole(173)) - 45121796-38eb-49fe-a936-4b8880be34f3@group-1D7DCB79DEC6: changes role from  FOLLOWER to FOLLOWER at term 5 for recognizeCandidate:39954c3b-5923-48e1-93a4-a4fa1799448d
2019-11-18 04:39:08,938 [grpc-default-executor-0] INFO  impl.RaftServerImpl (RaftServerImpl.java:setRole(173)) - 7eba5c36-8bd3-4cfa-a4be-bb0d55655c16@group-1D7DCB79DEC6: changes role from  FOLLOWER to FOLLOWER at term 5 for recognizeCandidate:39954c3b-5923-48e1-93a4-a4fa1799448d
2019-11-18 04:39:08,938 [grpc-default-executor-2] INFO  impl.RoleInfo (RoleInfo.java:shutdownFollowerState(121)) - 45121796-38eb-49fe-a936-4b8880be34f3: shutdown FollowerState
2019-11-18 04:39:08,939 [grpc-default-executor-0] INFO  impl.RoleInfo (RoleInfo.java:shutdownFollowerState(121)) - 7eba5c36-8bd3-4cfa-a4be-bb0d55655c16: shutdown FollowerState
2019-11-18 04:39:08,939 [grpc-default-executor-2] INFO  impl.RoleInfo (RoleInfo.java:updateAndGet(143)) - 45121796-38eb-49fe-a936-4b8880be34f3: start FollowerState
2019-11-18 04:39:08,939 [Thread-236] INFO  impl.FollowerState (FollowerState.java:run(120)) - 7eba5c36-8bd3-4cfa-a4be-bb0d55655c16@group-1D7DCB79DEC6-FollowerState was interrupted: java.lang.InterruptedException: sleep interrupted
2019-11-18 04:39:08,939 [Thread-228] INFO  impl.FollowerState (FollowerState.java:run(120)) - 45121796-38eb-49fe-a936-4b8880be34f3@group-1D7DCB79DEC6-FollowerState was interrupted: java.lang.InterruptedException: sleep interrupted
2019-11-18 04:39:08,939 [grpc-default-executor-0] INFO  impl.RoleInfo (RoleInfo.java:updateAndGet(143)) - 7eba5c36-8bd3-4cfa-a4be-bb0d55655c16: start FollowerState
2019-11-18 04:39:08,968 [39954c3b-5923-48e1-93a4-a4fa1799448d@group-1D7DCB79DEC6-LeaderElection13] INFO  impl.LeaderElection (LeaderElection.java:logAndReturn(56)) - 39954c3b-5923-48e1-93a4-a4fa1799448d@group-1D7DCB79DEC6-LeaderElection13: Election PASSED; received 1 response(s) [39954c3b-5923-48e1-93a4-a4fa1799448d<-7eba5c36-8bd3-4cfa-a4be-bb0d55655c16#0:OK-t5] and 0 exception(s); 39954c3b-5923-48e1-93a4-a4fa1799448d@group-1D7DCB79DEC6:t5, leader=null, voted=39954c3b-5923-48e1-93a4-a4fa1799448d, raftlog=39954c3b-5923-48e1-93a4-a4fa1799448d@group-1D7DCB79DEC6-SegmentedRaftLog:OPENED:c-1,f-1,i0, conf=-1: [45121796-38eb-49fe-a936-4b8880be34f3:192.168.157.204:32777, 7eba5c36-8bd3-4cfa-a4be-bb0d55655c16:192.168.157.204:33377, 39954c3b-5923-48e1-93a4-a4fa1799448d:192.168.157.204:42826], old=null
2019-11-18 04:39:08,970 [39954c3b-5923-48e1-93a4-a4fa1799448d@group-1D7DCB79DEC6-LeaderElection13] INFO  impl.RoleInfo (RoleInfo.java:shutdownLeaderElection(134)) - 39954c3b-5923-48e1-93a4-a4fa1799448d: shutdown LeaderElection
2019-11-18 04:39:08,970 [39954c3b-5923-48e1-93a4-a4fa1799448d@group-1D7DCB79DEC6-LeaderElection13] INFO  impl.RaftServerImpl (RaftServerImpl.java:setRole(173)) - 39954c3b-5923-48e1-93a4-a4fa1799448d@group-1D7DCB79DEC6: changes role from CANDIDATE to LEADER at term 5 for changeToLeader
2019-11-18 04:39:08,971 [39954c3b-5923-48e1-93a4-a4fa1799448d@group-1D7DCB79DEC6-LeaderElection13] INFO  ratis.XceiverServerRatis (XceiverServerRatis.java:handleLeaderChangedNotification(733)) - Leader change notification received for group: group-1D7DCB79DEC6 with new leaderId: 39954c3b-5923-48e1-93a4-a4fa1799448d
2019-11-18 04:39:08,974 [39954c3b-5923-48e1-93a4-a4fa1799448d@group-1D7DCB79DEC6-LeaderElection13] INFO  impl.RaftServerImpl (ServerState.java:setLeader(255)) - 39954c3b-5923-48e1-93a4-a4fa1799448d@group-1D7DCB79DEC6: change Leader from null to 39954c3b-5923-48e1-93a4-a4fa1799448d at term 5 for becomeLeader, leader elected after 20825ms
2019-11-18 04:39:08,975 [39954c3b-5923-48e1-93a4-a4fa1799448d@group-1D7DCB79DEC6-LeaderElection13] INFO  server.RaftServerConfigKeys (ConfUtils.java:logGet(43)) - raft.server.staging.catchup.gap = 1000 (default)
2019-11-18 04:39:08,975 [39954c3b-5923-48e1-93a4-a4fa1799448d@group-1D7DCB79DEC6-LeaderElection13] INFO  server.RaftServerConfigKeys (ConfUtils.java:logGet(43)) - raft.server.rpc.sleep.time = 25ms (default)
2019-11-18 04:39:08,975 [39954c3b-5923-48e1-93a4-a4fa1799448d@group-1D7DCB79DEC6-LeaderElection13] INFO  server.RaftServerConfigKeys (ConfUtils.java:logGet(43)) - raft.server.write.element-limit = 4096 (default)
2019-11-18 04:39:08,976 [39954c3b-5923-48e1-93a4-a4fa1799448d@group-1D7DCB79DEC6-LeaderElection13] INFO  server.RaftServerConfigKeys (ConfUtils.java:logGet(43)) - raft.server.watch.timeout = 10s (default)
2019-11-18 04:39:08,976 [39954c3b-5923-48e1-93a4-a4fa1799448d@group-1D7DCB79DEC6-LeaderElection13] INFO  server.RaftServerConfigKeys (ConfUtils.java:logGet(43)) - raft.server.watch.timeout.denomination = 1s (default)
2019-11-18 04:39:08,976 [39954c3b-5923-48e1-93a4-a4fa1799448d@group-1D7DCB79DEC6-LeaderElection13] INFO  server.RaftServerConfigKeys (ConfUtils.java:logGet(43)) - raft.server.watch.element-limit = 65536 (default)
2019-11-18 04:39:08,982 [39954c3b-5923-48e1-93a4-a4fa1799448d@group-1D7DCB79DEC6-LeaderElection13] INFO  server.RaftServerConfigKeys (ConfUtils.java:logGet(43)) - raft.server.log.appender.snapshot.chunk.size.max = 16MB (=16777216) (default)
2019-11-18 04:39:08,982 [39954c3b-5923-48e1-93a4-a4fa1799448d@group-1D7DCB79DEC6-LeaderElection13] INFO  server.RaftServerConfigKeys (ConfUtils.java:logGet(43)) - raft.server.log.appender.buffer.byte-limit = 33554432 (custom)
2019-11-18 04:39:08,983 [39954c3b-5923-48e1-93a4-a4fa1799448d@group-1D7DCB79DEC6-LeaderElection13] INFO  server.RaftServerConfigKeys (ConfUtils.java:logGet(43)) - raft.server.log.appender.buffer.element-limit = 1 (custom)
2019-11-18 04:39:08,987 [39954c3b-5923-48e1-93a4-a4fa1799448d@group-1D7DCB79DEC6-LeaderElection13] INFO  grpc.GrpcConfigKeys$Server (ConfUtils.java:logGet(43)) - raft.grpc.server.leader.outstanding.appends.max = 128 (default)
2019-11-18 04:39:08,987 [39954c3b-5923-48e1-93a4-a4fa1799448d@group-1D7DCB79DEC6-LeaderElection13] INFO  server.RaftServerConfigKeys (ConfUtils.java:logGet(43)) - raft.server.rpc.request.timeout = 3000ms (default)
2019-11-18 04:39:08,987 [39954c3b-5923-48e1-93a4-a4fa1799448d@group-1D7DCB79DEC6-LeaderElection13] INFO  server.RaftServerConfigKeys (ConfUtils.java:logGet(43)) - raft.server.log.appender.install.snapshot.enabled = false (custom)
2019-11-18 04:39:08,989 [39954c3b-5923-48e1-93a4-a4fa1799448d@group-1D7DCB79DEC6-LeaderElection13] WARN  impl.MetricRegistriesImpl (MetricRegistriesImpl.java:lambda$create$1(61)) - First MetricRegistry has been created without registering reporters. You may need to call MetricRegistries.global().addReportRegistration(...) before.
2019-11-18 04:39:08,990 [39954c3b-5923-48e1-93a4-a4fa1799448d@group-1D7DCB79DEC6-LeaderElection13] INFO  server.RaftServerConfigKeys (ConfUtils.java:logGet(43)) - raft.server.log.appender.snapshot.chunk.size.max = 16MB (=16777216) (default)
2019-11-18 04:39:08,990 [39954c3b-5923-48e1-93a4-a4fa1799448d@group-1D7DCB79DEC6-LeaderElection13] INFO  server.RaftServerConfigKeys (ConfUtils.java:logGet(43)) - raft.server.log.appender.buffer.byte-limit = 33554432 (custom)
2019-11-18 04:39:08,990 [39954c3b-5923-48e1-93a4-a4fa1799448d@group-1D7DCB79DEC6-LeaderElection13] INFO  server.RaftServerConfigKeys (ConfUtils.java:logGet(43)) - raft.server.log.appender.buffer.element-limit = 1 (custom)
2019-11-18 04:39:08,990 [39954c3b-5923-48e1-93a4-a4fa1799448d@group-1D7DCB79DEC6-LeaderElection13] INFO  grpc.GrpcConfigKeys$Server (ConfUtils.java:logGet(43)) - raft.grpc.server.leader.outstanding.appends.max = 128 (default)
2019-11-18 04:39:08,990 [39954c3b-5923-48e1-93a4-a4fa1799448d@group-1D7DCB79DEC6-LeaderElection13] INFO  server.RaftServerConfigKeys (ConfUtils.java:logGet(43)) - raft.server.rpc.request.timeout = 3000ms (default)
2019-11-18 04:39:08,990 [39954c3b-5923-48e1-93a4-a4fa1799448d@group-1D7DCB79DEC6-LeaderElection13] INFO  server.RaftServerConfigKeys (ConfUtils.java:logGet(43)) - raft.server.log.appender.install.snapshot.enabled = false (custom)
2019-11-18 04:39:08,994 [39954c3b-5923-48e1-93a4-a4fa1799448d@group-1D7DCB79DEC6-LeaderElection13] INFO  impl.RoleInfo (RoleInfo.java:updateAndGet(143)) - 39954c3b-5923-48e1-93a4-a4fa1799448d: start LeaderState
2019-11-18 04:39:08,994 [39954c3b-5923-48e1-93a4-a4fa1799448d@group-1D7DCB79DEC6-LeaderElection13] INFO  segmented.SegmentedRaftLogWorker (SegmentedRaftLogWorker.java:startLogSegment(385)) - 39954c3b-5923-48e1-93a4-a4fa1799448d@group-1D7DCB79DEC6-SegmentedRaftLogWorker: Starting segment from index:0
2019-11-18 04:39:08,995 [39954c3b-5923-48e1-93a4-a4fa1799448d@group-1D7DCB79DEC6-LeaderElection13] INFO  impl.RaftServerImpl (ServerState.java:setRaftConf(356)) - 39954c3b-5923-48e1-93a4-a4fa1799448d@group-1D7DCB79DEC6: set configuration 0: [45121796-38eb-49fe-a936-4b8880be34f3:192.168.157.204:32777, 7eba5c36-8bd3-4cfa-a4be-bb0d55655c16:192.168.157.204:33377, 39954c3b-5923-48e1-93a4-a4fa1799448d:192.168.157.204:42826], old=null at 0
2019-11-18 04:39:09,047 [grpc-default-executor-2] INFO  ratis.XceiverServerRatis (XceiverServerRatis.java:handleLeaderChangedNotification(733)) - Leader change notification received for group: group-1D7DCB79DEC6 with new leaderId: 39954c3b-5923-48e1-93a4-a4fa1799448d
2019-11-18 04:39:09,048 [grpc-default-executor-2] INFO  impl.RaftServerImpl (ServerState.java:setLeader(255)) - 45121796-38eb-49fe-a936-4b8880be34f3@group-1D7DCB79DEC6: change Leader from null to 39954c3b-5923-48e1-93a4-a4fa1799448d at term 5 for appendEntries, leader elected after 20900ms
2019-11-18 04:39:09,048 [grpc-default-executor-0] INFO  ratis.XceiverServerRatis (XceiverServerRatis.java:handleLeaderChangedNotification(733)) - Leader change notification received for group: group-1D7DCB79DEC6 with new leaderId: 39954c3b-5923-48e1-93a4-a4fa1799448d
2019-11-18 04:39:09,048 [39954c3b-5923-48e1-93a4-a4fa1799448d@group-1D7DCB79DEC6-SegmentedRaftLogWorker] INFO  segmented.SegmentedRaftLogWorker (SegmentedRaftLogWorker.java:execute(576)) - 39954c3b-5923-48e1-93a4-a4fa1799448d@group-1D7DCB79DEC6-SegmentedRaftLogWorker: created new log segment /workdir/hadoop-ozone/integration-test/target/test-dir/MiniOzoneClusterImpl-031703ef-2d10-47d3-987a-ce0e1a032856/datanode-1/data/ratis/9986b993-9977-4a77-a097-1d7dcb79dec6/current/log_inprogress_0
2019-11-18 04:39:09,048 [grpc-default-executor-0] INFO  impl.RaftServerImpl (ServerState.java:setLeader(255)) - 7eba5c36-8bd3-4cfa-a4be-bb0d55655c16@group-1D7DCB79DEC6: change Leader from null to 39954c3b-5923-48e1-93a4-a4fa1799448d at term 5 for appendEntries, leader elected after 20902ms
2019-11-18 04:39:09,069 [grpc-default-executor-2] INFO  impl.RaftServerImpl (ServerState.java:setRaftConf(356)) - 45121796-38eb-49fe-a936-4b8880be34f3@group-1D7DCB79DEC6: set configuration 0: [45121796-38eb-49fe-a936-4b8880be34f3:192.168.157.204:32777, 7eba5c36-8bd3-4cfa-a4be-bb0d55655c16:192.168.157.204:33377, 39954c3b-5923-48e1-93a4-a4fa1799448d:192.168.157.204:42826], old=null at 0
2019-11-18 04:39:09,069 [grpc-default-executor-2] INFO  segmented.SegmentedRaftLogWorker (SegmentedRaftLogWorker.java:startLogSegment(385)) - 45121796-38eb-49fe-a936-4b8880be34f3@group-1D7DCB79DEC6-SegmentedRaftLogWorker: Starting segment from index:0
2019-11-18 04:39:09,069 [grpc-default-executor-0] INFO  impl.RaftServerImpl (ServerState.java:setRaftConf(356)) - 7eba5c36-8bd3-4cfa-a4be-bb0d55655c16@group-1D7DCB79DEC6: set configuration 0: [45121796-38eb-49fe-a936-4b8880be34f3:192.168.157.204:32777, 7eba5c36-8bd3-4cfa-a4be-bb0d55655c16:192.168.157.204:33377, 39954c3b-5923-48e1-93a4-a4fa1799448d:192.168.157.204:42826], old=null at 0
2019-11-18 04:39:09,070 [grpc-default-executor-0] INFO  segmented.SegmentedRaftLogWorker (SegmentedRaftLogWorker.java:startLogSegment(385)) - 7eba5c36-8bd3-4cfa-a4be-bb0d55655c16@group-1D7DCB79DEC6-SegmentedRaftLogWorker: Starting segment from index:0
2019-11-18 04:39:09,116 [45121796-38eb-49fe-a936-4b8880be34f3@group-1D7DCB79DEC6-SegmentedRaftLogWorker] INFO  segmented.SegmentedRaftLogWorker (SegmentedRaftLogWorker.java:execute(576)) - 45121796-38eb-49fe-a936-4b8880be34f3@group-1D7DCB79DEC6-SegmentedRaftLogWorker: created new log segment /workdir/hadoop-ozone/integration-test/target/test-dir/MiniOzoneClusterImpl-031703ef-2d10-47d3-987a-ce0e1a032856/datanode-0/data/ratis/9986b993-9977-4a77-a097-1d7dcb79dec6/current/log_inprogress_0
2019-11-18 04:39:09,116 [7eba5c36-8bd3-4cfa-a4be-bb0d55655c16@group-1D7DCB79DEC6-SegmentedRaftLogWorker] INFO  segmented.SegmentedRaftLogWorker (SegmentedRaftLogWorker.java:execute(576)) - 7eba5c36-8bd3-4cfa-a4be-bb0d55655c16@group-1D7DCB79DEC6-SegmentedRaftLogWorker: created new log segment /workdir/hadoop-ozone/integration-test/target/test-dir/MiniOzoneClusterImpl-031703ef-2d10-47d3-987a-ce0e1a032856/datanode-2/data/ratis/9986b993-9977-4a77-a097-1d7dcb79dec6/current/log_inprogress_0
2019-11-18 04:39:11,053 [main] INFO  ozoneimpl.OzoneContainer (OzoneContainer.java:stop(244)) - Attempting to stop container services.
2019-11-18 04:39:11,053 [ForkJoinPool.commonPool-worker-0] INFO  ozoneimpl.OzoneContainer (OzoneContainer.java:stop(244)) - Attempting to stop container services.
2019-11-18 04:39:11,059 [main] INFO  impl.RaftServerProxy (RaftServerProxy.java:lambda$close$4(314)) - 39954c3b-5923-48e1-93a4-a4fa1799448d: close
2019-11-18 04:39:11,059 [ForkJoinPool.commonPool-worker-0] INFO  impl.RaftServerProxy (RaftServerProxy.java:lambda$close$4(314)) - 45121796-38eb-49fe-a936-4b8880be34f3: close
2019-11-18 04:39:11,064 [main] INFO  impl.RaftServerImpl (RaftServerImpl.java:lambda$shutdown$3(250)) - 39954c3b-5923-48e1-93a4-a4fa1799448d@group-1D7DCB79DEC6: shutdown
2019-11-18 04:39:11,064 [ForkJoinPool.commonPool-worker-0] INFO  impl.RaftServerImpl (RaftServerImpl.java:lambda$shutdown$3(250)) - 45121796-38eb-49fe-a936-4b8880be34f3@group-1D7DCB79DEC6: shutdown
2019-11-18 04:39:11,065 [main] INFO  util.JmxRegister (JmxRegister.java:unregister(73)) - Successfully un-registered JMX Bean with object name Ratis:service=RaftServer,group=group-1D7DCB79DEC6,id=39954c3b-5923-48e1-93a4-a4fa1799448d
2019-11-18 04:39:11,065 [ForkJoinPool.commonPool-worker-0] INFO  util.JmxRegister (JmxRegister.java:unregister(73)) - Successfully un-registered JMX Bean with object name Ratis:service=RaftServer,group=group-1D7DCB79DEC6,id=45121796-38eb-49fe-a936-4b8880be34f3
2019-11-18 04:39:11,065 [main] INFO  impl.RoleInfo (RoleInfo.java:shutdownLeaderState(104)) - 39954c3b-5923-48e1-93a4-a4fa1799448d: shutdown LeaderState
2019-11-18 04:39:11,065 [ForkJoinPool.commonPool-worker-0] INFO  impl.RoleInfo (RoleInfo.java:shutdownFollowerState(121)) - 45121796-38eb-49fe-a936-4b8880be34f3: shutdown FollowerState
2019-11-18 04:39:11,066 [ForkJoinPool.commonPool-worker-0] INFO  impl.StateMachineUpdater (StateMachineUpdater.java:stopAndJoin(136)) - 45121796-38eb-49fe-a936-4b8880be34f3@group-1D7DCB79DEC6-StateMachineUpdater: set stopIndex = 0
2019-11-18 04:39:11,066 [Thread-240] INFO  impl.FollowerState (FollowerState.java:run(120)) - 45121796-38eb-49fe-a936-4b8880be34f3@group-1D7DCB79DEC6-FollowerState was interrupted: java.lang.InterruptedException: sleep interrupted
2019-11-18 04:39:11,068 [org.apache.ratis.server.impl.LogAppender$AppenderDaemon$$Lambda$522/1888693384@8d4dff5] WARN  server.GrpcLogAppender (GrpcLogAppender.java:mayWait(151)) - 39954c3b-5923-48e1-93a4-a4fa1799448d@group-1D7DCB79DEC6->7eba5c36-8bd3-4cfa-a4be-bb0d55655c16-GrpcLogAppender: Wait interrupted by java.lang.InterruptedException
2019-11-18 04:39:11,068 [org.apache.ratis.server.impl.LogAppender$AppenderDaemon$$Lambda$522/1888693384@6f5728ca] WARN  server.GrpcLogAppender (GrpcLogAppender.java:mayWait(151)) - 39954c3b-5923-48e1-93a4-a4fa1799448d@group-1D7DCB79DEC6->45121796-38eb-49fe-a936-4b8880be34f3-GrpcLogAppender: Wait interrupted by java.lang.InterruptedException
2019-11-18 04:39:11,069 [main] INFO  impl.PendingRequests (PendingRequests.java:sendNotLeaderResponses(206)) - 39954c3b-5923-48e1-93a4-a4fa1799448d@group-1D7DCB79DEC6-PendingRequests: sendNotLeaderResponses
2019-11-18 04:39:11,071 [ForkJoinPool.commonPool-worker-0] INFO  impl.RaftServerImpl (ServerState.java:close(387)) - 45121796-38eb-49fe-a936-4b8880be34f3@group-1D7DCB79DEC6: closes. applyIndex: 0
2019-11-18 04:39:11,074 [main] INFO  impl.StateMachineUpdater (StateMachineUpdater.java:stopAndJoin(136)) - 39954c3b-5923-48e1-93a4-a4fa1799448d@group-1D7DCB79DEC6-StateMachineUpdater: set stopIndex = 0
2019-11-18 04:39:11,076 [45121796-38eb-49fe-a936-4b8880be34f3@group-1D7DCB79DEC6-SegmentedRaftLogWorker] INFO  segmented.SegmentedRaftLogWorker (SegmentedRaftLogWorker.java:run(316)) - 45121796-38eb-49fe-a936-4b8880be34f3@group-1D7DCB79DEC6-SegmentedRaftLogWorker was interrupted, exiting. There are 0 tasks remaining in the queue.
2019-11-18 04:39:11,076 [main] INFO  impl.RaftServerImpl (ServerState.java:close(387)) - 39954c3b-5923-48e1-93a4-a4fa1799448d@group-1D7DCB79DEC6: closes. applyIndex: 0
2019-11-18 04:39:11,078 [39954c3b-5923-48e1-93a4-a4fa1799448d@group-1D7DCB79DEC6-SegmentedRaftLogWorker] INFO  segmented.SegmentedRaftLogWorker (SegmentedRaftLogWorker.java:run(316)) - 39954c3b-5923-48e1-93a4-a4fa1799448d@group-1D7DCB79DEC6-SegmentedRaftLogWorker was interrupted, exiting. There are 0 tasks remaining in the queue.
2019-11-18 04:39:11,079 [ForkJoinPool.commonPool-worker-0] INFO  segmented.SegmentedRaftLogWorker (SegmentedRaftLogWorker.java:close(224)) - 45121796-38eb-49fe-a936-4b8880be34f3@group-1D7DCB79DEC6-SegmentedRaftLogWorker close()
2019-11-18 04:39:11,080 [main] INFO  segmented.SegmentedRaftLogWorker (SegmentedRaftLogWorker.java:close(224)) - 39954c3b-5923-48e1-93a4-a4fa1799448d@group-1D7DCB79DEC6-SegmentedRaftLogWorker close()
2019-11-18 04:39:11,083 [ForkJoinPool.commonPool-worker-0] INFO  impl.RaftServerImpl (RaftServerImpl.java:lambda$shutdown$3(250)) - 45121796-38eb-49fe-a936-4b8880be34f3@group-C79643D16351: shutdown
2019-11-18 04:39:11,083 [grpc-default-executor-0] INFO  server.GrpcServerProtocolService (GrpcServerProtocolService.java:onCompleted(113)) - 45121796-38eb-49fe-a936-4b8880be34f3: Completed APPEND_ENTRIES, lastRequest: 39954c3b-5923-48e1-93a4-a4fa1799448d->45121796-38eb-49fe-a936-4b8880be34f3#1-t5, previous=(t:0, i:0), leaderCommit=0, initializing? false, entries: size=1, first=(t:5, i:0), CONFIGURATIONENTRY
2019-11-18 04:39:11,084 [ForkJoinPool.commonPool-worker-0] INFO  util.JmxRegister (JmxRegister.java:unregister(73)) - Successfully un-registered JMX Bean with object name Ratis:service=RaftServer,group=group-C79643D16351,id=45121796-38eb-49fe-a936-4b8880be34f3
2019-11-18 04:39:11,083 [grpc-default-executor-2] INFO  server.GrpcServerProtocolService (GrpcServerProtocolService.java:onCompleted(113)) - 7eba5c36-8bd3-4cfa-a4be-bb0d55655c16: Completed APPEND_ENTRIES, lastRequest: 39954c3b-5923-48e1-93a4-a4fa1799448d->7eba5c36-8bd3-4cfa-a4be-bb0d55655c16#1-t5, previous=(t:0, i:0), leaderCommit=0, initializing? false, entries: size=1, first=(t:5, i:0), CONFIGURATIONENTRY
2019-11-18 04:39:11,083 [main] INFO  impl.RaftServerImpl (RaftServerImpl.java:lambda$shutdown$3(250)) - 39954c3b-5923-48e1-93a4-a4fa1799448d@group-071262537682: shutdown
2019-11-18 04:39:11,085 [ForkJoinPool.commonPool-worker-0] INFO  impl.RoleInfo (RoleInfo.java:shutdownLeaderState(104)) - 45121796-38eb-49fe-a936-4b8880be34f3: shutdown LeaderState
2019-11-18 04:39:11,085 [main] INFO  util.JmxRegister (JmxRegister.java:unregister(73)) - Successfully un-registered JMX Bean with object name Ratis:service=RaftServer,group=group-071262537682,id=39954c3b-5923-48e1-93a4-a4fa1799448d
2019-11-18 04:39:11,086 [ForkJoinPool.commonPool-worker-0] INFO  impl.PendingRequests (PendingRequests.java:sendNotLeaderResponses(206)) - 45121796-38eb-49fe-a936-4b8880be34f3@group-C79643D16351-PendingRequests: sendNotLeaderResponses
2019-11-18 04:39:11,087 [main] INFO  impl.RoleInfo (RoleInfo.java:shutdownLeaderState(104)) - 39954c3b-5923-48e1-93a4-a4fa1799448d: shutdown LeaderState
2019-11-18 04:39:11,087 [grpc-default-executor-2] INFO  server.GrpcLogAppender (GrpcLogAppender.java:onCompleted(308)) - 39954c3b-5923-48e1-93a4-a4fa1799448d@group-1D7DCB79DEC6->45121796-38eb-49fe-a936-4b8880be34f3-AppendLogResponseHandler: follower responses appendEntries COMPLETED
2019-11-18 04:39:11,088 [main] INFO  impl.PendingRequests (PendingRequests.java:sendNotLeaderResponses(206)) - 39954c3b-5923-48e1-93a4-a4fa1799448d@group-071262537682-PendingRequests: sendNotLeaderResponses
2019-11-18 04:39:11,088 [grpc-default-executor-0] INFO  server.GrpcLogAppender (GrpcLogAppender.java:onCompleted(308)) - 39954c3b-5923-48e1-93a4-a4fa1799448d@group-1D7DCB79DEC6->7eba5c36-8bd3-4cfa-a4be-bb0d55655c16-AppendLogResponseHandler: follower responses appendEntries COMPLETED
2019-11-18 04:39:11,087 [ForkJoinPool.commonPool-worker-0] INFO  impl.StateMachineUpdater (StateMachineUpdater.java:stopAndJoin(136)) - 45121796-38eb-49fe-a936-4b8880be34f3@group-C79643D16351-StateMachineUpdater: set stopIndex = 0
2019-11-18 04:39:11,089 [main] INFO  impl.StateMachineUpdater (StateMachineUpdater.java:stopAndJoin(136)) - 39954c3b-5923-48e1-93a4-a4fa1799448d@group-071262537682-StateMachineUpdater: set stopIndex = 0
2019-11-18 04:39:11,090 [ForkJoinPool.commonPool-worker-0] INFO  impl.RaftServerImpl (ServerState.java:close(387)) - 45121796-38eb-49fe-a936-4b8880be34f3@group-C79643D16351: closes. applyIndex: 0
2019-11-18 04:39:11,090 [main] INFO  impl.RaftServerImpl (ServerState.java:close(387)) - 39954c3b-5923-48e1-93a4-a4fa1799448d@group-071262537682: closes. applyIndex: 0
2019-11-18 04:39:11,091 [45121796-38eb-49fe-a936-4b8880be34f3@group-C79643D16351-SegmentedRaftLogWorker] INFO  segmented.SegmentedRaftLogWorker (SegmentedRaftLogWorker.java:run(316)) - 45121796-38eb-49fe-a936-4b8880be34f3@group-C79643D16351-SegmentedRaftLogWorker was interrupted, exiting. There are 0 tasks remaining in the queue.
2019-11-18 04:39:11,092 [39954c3b-5923-48e1-93a4-a4fa1799448d@group-071262537682-SegmentedRaftLogWorker] INFO  segmented.SegmentedRaftLogWorker (SegmentedRaftLogWorker.java:run(316)) - 39954c3b-5923-48e1-93a4-a4fa1799448d@group-071262537682-SegmentedRaftLogWorker was interrupted, exiting. There are 0 tasks remaining in the queue.
2019-11-18 04:39:11,093 [ForkJoinPool.commonPool-worker-0] INFO  segmented.SegmentedRaftLogWorker (SegmentedRaftLogWorker.java:close(224)) - 45121796-38eb-49fe-a936-4b8880be34f3@group-C79643D16351-SegmentedRaftLogWorker close()
2019-11-18 04:39:11,094 [main] INFO  segmented.SegmentedRaftLogWorker (SegmentedRaftLogWorker.java:close(224)) - 39954c3b-5923-48e1-93a4-a4fa1799448d@group-071262537682-SegmentedRaftLogWorker close()
2019-11-18 04:39:11,097 [ForkJoinPool.commonPool-worker-0] INFO  server.GrpcService (GrpcService.java:closeImpl(164)) - 45121796-38eb-49fe-a936-4b8880be34f3: shutdown server with port 32777 now
2019-11-18 04:39:11,097 [main] INFO  server.GrpcService (GrpcService.java:closeImpl(164)) - 39954c3b-5923-48e1-93a4-a4fa1799448d: shutdown server with port 42826 now
2019-11-18 04:39:11,103 [main] INFO  server.GrpcService (GrpcService.java:closeImpl(172)) - 39954c3b-5923-48e1-93a4-a4fa1799448d: shutdown server with port 42826 successfully
2019-11-18 04:39:11,105 [ForkJoinPool.commonPool-worker-0] INFO  server.GrpcService (GrpcService.java:closeImpl(172)) - 45121796-38eb-49fe-a936-4b8880be34f3: shutdown server with port 32777 successfully
2019-11-18 04:39:11,108 [grpc-default-executor-0] INFO  impl.FollowerInfo (FollowerInfo.java:lambda$new$0(51)) - 39954c3b-5923-48e1-93a4-a4fa1799448d@group-1D7DCB79DEC6->7eba5c36-8bd3-4cfa-a4be-bb0d55655c16: nextIndex: updateUnconditionally 1 -> 0
2019-11-18 04:39:11,108 [grpc-default-executor-2] INFO  impl.FollowerInfo (FollowerInfo.java:lambda$new$0(51)) - 39954c3b-5923-48e1-93a4-a4fa1799448d@group-1D7DCB79DEC6->45121796-38eb-49fe-a936-4b8880be34f3: nextIndex: updateUnconditionally 1 -> 0
2019-11-18 04:39:11,112 [refreshUsed-/workdir/hadoop-ozone/integration-test/target/test-dir/MiniOzoneClusterImpl-031703ef-2d10-47d3-987a-ce0e1a032856/datanode-0/data/containers] WARN  fs.CachingGetSpaceUsed (CachingGetSpaceUsed.java:run(183)) - Thread Interrupted waiting to refresh disk information: sleep interrupted
2019-11-18 04:39:11,123 [refreshUsed-/workdir/hadoop-ozone/integration-test/target/test-dir/MiniOzoneClusterImpl-031703ef-2d10-47d3-987a-ce0e1a032856/datanode-1/data/containers] WARN  fs.CachingGetSpaceUsed (CachingGetSpaceUsed.java:run(183)) - Thread Interrupted waiting to refresh disk information: sleep interrupted
2019-11-18 04:39:11,144 [ForkJoinPool.commonPool-worker-0] INFO  utils.BackgroundService (BackgroundService.java:shutdown(151)) - Shutting down service BlockDeletingService
2019-11-18 04:39:11,145 [main] INFO  utils.BackgroundService (BackgroundService.java:shutdown(151)) - Shutting down service BlockDeletingService
2019-11-18 04:39:11,148 [ForkJoinPool.commonPool-worker-0] INFO  statemachine.DatanodeStateMachine (DatanodeStateMachine.java:stopDaemon(406)) - Ozone container server stopped.
2019-11-18 04:39:11,148 [main] INFO  statemachine.DatanodeStateMachine (DatanodeStateMachine.java:stopDaemon(406)) - Ozone container server stopped.
2019-11-18 04:39:11,151 [main] INFO  handler.ContextHandler (ContextHandler.java:doStop(910)) - Stopped o.e.j.w.WebAppContext@171c2aa7{/,null,UNAVAILABLE}{/hddsDatanode}
2019-11-18 04:39:11,151 [ForkJoinPool.commonPool-worker-0] INFO  handler.ContextHandler (ContextHandler.java:doStop(910)) - Stopped o.e.j.w.WebAppContext@24eab220{/,null,UNAVAILABLE}{/hddsDatanode}
2019-11-18 04:39:11,152 [main] INFO  server.AbstractConnector (AbstractConnector.java:doStop(318)) - Stopped ServerConnector@2f0ba519{HTTP/1.1,[http/1.1]}{0.0.0.0:0}
2019-11-18 04:39:11,152 [ForkJoinPool.commonPool-worker-0] INFO  server.AbstractConnector (AbstractConnector.java:doStop(318)) - Stopped ServerConnector@1b983626{HTTP/1.1,[http/1.1]}{0.0.0.0:0}
2019-11-18 04:39:11,153 [main] INFO  handler.ContextHandler (ContextHandler.java:doStop(910)) - Stopped o.e.j.s.ServletContextHandler@3f985915{/static,jar:file:/home/user/.m2/repository/org/apache/hadoop/hadoop-hdds-container-service/0.5.0-SNAPSHOT/hadoop-hdds-container-service-0.5.0-SNAPSHOT.jar!/webapps/static,UNAVAILABLE}
2019-11-18 04:39:11,153 [ForkJoinPool.commonPool-worker-0] INFO  handler.ContextHandler (ContextHandler.java:doStop(910)) - Stopped o.e.j.s.ServletContextHandler@1dc4b077{/static,jar:file:/home/user/.m2/repository/org/apache/hadoop/hadoop-hdds-container-service/0.5.0-SNAPSHOT/hadoop-hdds-container-service-0.5.0-SNAPSHOT.jar!/webapps/static,UNAVAILABLE}
2019-11-18 04:39:11,154 [main] INFO  handler.ContextHandler (ContextHandler.java:doStop(910)) - Stopped o.e.j.s.ServletContextHandler@b6ea72c{/logs,file:///workdir/hadoop-ozone/integration-test/target/log,UNAVAILABLE}
2019-11-18 04:39:11,154 [ForkJoinPool.commonPool-worker-0] INFO  handler.ContextHandler (ContextHandler.java:doStop(910)) - Stopped o.e.j.s.ServletContextHandler@793de297{/logs,file:///workdir/hadoop-ozone/integration-test/target/log,UNAVAILABLE}
2019-11-18 04:39:12,138 [Datanode State Machine Thread - 0] INFO  statemachine.DatanodeStateMachine (DatanodeStateMachine.java:lambda$startDaemon$0(361)) - Ozone container server started.
2019-11-18 04:39:16,157 [main] INFO  ozoneimpl.OzoneContainer (OzoneContainer.java:stop(244)) - Attempting to stop container services.
2019-11-18 04:39:16,158 [main] INFO  impl.RaftServerProxy (RaftServerProxy.java:lambda$close$4(314)) - 7eba5c36-8bd3-4cfa-a4be-bb0d55655c16: close
2019-11-18 04:39:16,159 [main] INFO  impl.RaftServerImpl (RaftServerImpl.java:lambda$shutdown$3(250)) - 7eba5c36-8bd3-4cfa-a4be-bb0d55655c16@group-1D7DCB79DEC6: shutdown
2019-11-18 04:39:16,159 [ForkJoinPool.commonPool-worker-1] INFO  impl.RaftServerImpl (RaftServerImpl.java:lambda$shutdown$3(250)) - 7eba5c36-8bd3-4cfa-a4be-bb0d55655c16@group-DB2799DF2D43: shutdown
2019-11-18 04:39:16,160 [main] INFO  util.JmxRegister (JmxRegister.java:unregister(73)) - Successfully un-registered JMX Bean with object name Ratis:service=RaftServer,group=group-1D7DCB79DEC6,id=7eba5c36-8bd3-4cfa-a4be-bb0d55655c16
2019-11-18 04:39:16,160 [ForkJoinPool.commonPool-worker-1] INFO  util.JmxRegister (JmxRegister.java:unregister(73)) - Successfully un-registered JMX Bean with object name Ratis:service=RaftServer,group=group-DB2799DF2D43,id=7eba5c36-8bd3-4cfa-a4be-bb0d55655c16
2019-11-18 04:39:16,160 [main] INFO  impl.RoleInfo (RoleInfo.java:shutdownFollowerState(121)) - 7eba5c36-8bd3-4cfa-a4be-bb0d55655c16: shutdown FollowerState
2019-11-18 04:39:16,161 [ForkJoinPool.commonPool-worker-1] INFO  impl.RoleInfo (RoleInfo.java:shutdownLeaderState(104)) - 7eba5c36-8bd3-4cfa-a4be-bb0d55655c16: shutdown LeaderState
2019-11-18 04:39:16,161 [Thread-241] INFO  impl.FollowerState (FollowerState.java:run(120)) - 7eba5c36-8bd3-4cfa-a4be-bb0d55655c16@group-1D7DCB79DEC6-FollowerState was interrupted: java.lang.InterruptedException: sleep interrupted
2019-11-18 04:39:16,161 [main] INFO  impl.StateMachineUpdater (StateMachineUpdater.java:stopAndJoin(136)) - 7eba5c36-8bd3-4cfa-a4be-bb0d55655c16@group-1D7DCB79DEC6-StateMachineUpdater: set stopIndex = 0
2019-11-18 04:39:16,161 [ForkJoinPool.commonPool-worker-1] INFO  impl.PendingRequests (PendingRequests.java:sendNotLeaderResponses(206)) - 7eba5c36-8bd3-4cfa-a4be-bb0d55655c16@group-DB2799DF2D43-PendingRequests: sendNotLeaderResponses
2019-11-18 04:39:16,163 [main] INFO  impl.RaftServerImpl (ServerState.java:close(387)) - 7eba5c36-8bd3-4cfa-a4be-bb0d55655c16@group-1D7DCB79DEC6: closes. applyIndex: 0
2019-11-18 04:39:16,163 [ForkJoinPool.commonPool-worker-1] INFO  impl.StateMachineUpdater (StateMachineUpdater.java:stopAndJoin(136)) - 7eba5c36-8bd3-4cfa-a4be-bb0d55655c16@group-DB2799DF2D43-StateMachineUpdater: set stopIndex = 0
2019-11-18 04:39:16,164 [ForkJoinPool.commonPool-worker-1] INFO  impl.RaftServerImpl (ServerState.java:close(387)) - 7eba5c36-8bd3-4cfa-a4be-bb0d55655c16@group-DB2799DF2D43: closes. applyIndex: 0
2019-11-18 04:39:16,164 [7eba5c36-8bd3-4cfa-a4be-bb0d55655c16@group-1D7DCB79DEC6-SegmentedRaftLogWorker] INFO  segmented.SegmentedRaftLogWorker (SegmentedRaftLogWorker.java:run(316)) - 7eba5c36-8bd3-4cfa-a4be-bb0d55655c16@group-1D7DCB79DEC6-SegmentedRaftLogWorker was interrupted, exiting. There are 0 tasks remaining in the queue.
2019-11-18 04:39:16,164 [7eba5c36-8bd3-4cfa-a4be-bb0d55655c16@group-DB2799DF2D43-SegmentedRaftLogWorker] INFO  segmented.SegmentedRaftLogWorker (SegmentedRaftLogWorker.java:run(316)) - 7eba5c36-8bd3-4cfa-a4be-bb0d55655c16@group-DB2799DF2D43-SegmentedRaftLogWorker was interrupted, exiting. There are 0 tasks remaining in the queue.
2019-11-18 04:39:16,165 [ForkJoinPool.commonPool-worker-1] INFO  segmented.SegmentedRaftLogWorker (SegmentedRaftLogWorker.java:close(224)) - 7eba5c36-8bd3-4cfa-a4be-bb0d55655c16@group-DB2799DF2D43-SegmentedRaftLogWorker close()
2019-11-18 04:39:16,165 [main] INFO  segmented.SegmentedRaftLogWorker (SegmentedRaftLogWorker.java:close(224)) - 7eba5c36-8bd3-4cfa-a4be-bb0d55655c16@group-1D7DCB79DEC6-SegmentedRaftLogWorker close()
2019-11-18 04:39:16,167 [main] INFO  server.GrpcService (GrpcService.java:closeImpl(164)) - 7eba5c36-8bd3-4cfa-a4be-bb0d55655c16: shutdown server with port 33377 now
2019-11-18 04:39:16,169 [main] INFO  server.GrpcService (GrpcService.java:closeImpl(172)) - 7eba5c36-8bd3-4cfa-a4be-bb0d55655c16: shutdown server with port 33377 successfully
2019-11-18 04:39:16,179 [refreshUsed-/workdir/hadoop-ozone/integration-test/target/test-dir/MiniOzoneClusterImpl-031703ef-2d10-47d3-987a-ce0e1a032856/datanode-2/data/containers] WARN  fs.CachingGetSpaceUsed (CachingGetSpaceUsed.java:run(183)) - Thread Interrupted waiting to refresh disk information: sleep interrupted
2019-11-18 04:39:16,200 [main] INFO  utils.BackgroundService (BackgroundService.java:shutdown(151)) - Shutting down service BlockDeletingService
2019-11-18 04:39:16,202 [main] INFO  statemachine.DatanodeStateMachine (DatanodeStateMachine.java:stopDaemon(406)) - Ozone container server stopped.
2019-11-18 04:39:16,204 [main] INFO  handler.ContextHandler (ContextHandler.java:doStop(910)) - Stopped o.e.j.w.WebAppContext@3bfd11ea{/,null,UNAVAILABLE}{/hddsDatanode}
2019-11-18 04:39:16,205 [main] INFO  server.AbstractConnector (AbstractConnector.java:doStop(318)) - Stopped ServerConnector@262c107a{HTTP/1.1,[http/1.1]}{0.0.0.0:0}
2019-11-18 04:39:16,206 [main] INFO  handler.ContextHandler (ContextHandler.java:doStop(910)) - Stopped o.e.j.s.ServletContextHandler@6212106b{/static,jar:file:/home/user/.m2/repository/org/apache/hadoop/hadoop-hdds-container-service/0.5.0-SNAPSHOT/hadoop-hdds-container-service-0.5.0-SNAPSHOT.jar!/webapps/static,UNAVAILABLE}
2019-11-18 04:39:16,207 [main] INFO  handler.ContextHandler (ContextHandler.java:doStop(910)) - Stopped o.e.j.s.ServletContextHandler@3eb13326{/logs,file:///workdir/hadoop-ozone/integration-test/target/log,UNAVAILABLE}
2019-11-18 04:39:16,208 [main] INFO  ozone.MiniOzoneClusterImpl (MiniOzoneClusterImpl.java:stopSCM(412)) - Stopping the StorageContainerManager
2019-11-18 04:39:16,208 [main] INFO  server.StorageContainerManager (StorageContainerManager.java:stop(803)) - Stopping Replication Manager Service.
2019-11-18 04:39:16,208 [main] INFO  container.ReplicationManager (ReplicationManager.java:stop(209)) - Replication Monitor Thread is not running.
2019-11-18 04:39:16,209 [main] INFO  server.StorageContainerManager (StorageContainerManager.java:stop(810)) - Stopping Lease Manager of the command watchers
2019-11-18 04:39:16,209 [main] INFO  server.StorageContainerManager (StorageContainerManager.java:stop(817)) - Stopping datanode service RPC server
2019-11-18 04:39:16,209 [main] INFO  server.SCMDatanodeProtocolServer (SCMDatanodeProtocolServer.java:stop(366)) - Stopping the RPC server for DataNodes
2019-11-18 04:39:16,209 [main] INFO  ipc.Server (Server.java:stop(3082)) - Stopping server on 41547
2019-11-18 04:39:16,211 [IPC Server listener on 41547] INFO  ipc.Server (Server.java:run(1185)) - Stopping IPC Server listener on 41547
2019-11-18 04:39:16,212 [IPC Server Responder] INFO  ipc.Server (Server.java:run(1319)) - Stopping IPC Server Responder
2019-11-18 04:39:16,278 [SCM Heartbeat Processing Thread - 0] WARN  node.NodeStateManager (NodeStateManager.java:scheduleNextHealthCheck(646)) - Current Thread is interrupted, shutting down HB processing thread for Node Manager.
2019-11-18 04:39:16,278 [main] INFO  server.StorageContainerManager (StorageContainerManager.java:stop(825)) - Stopping block service RPC server
2019-11-18 04:39:16,278 [main] INFO  server.SCMBlockProtocolServer (SCMBlockProtocolServer.java:stop(155)) - Stopping the RPC server for Block Protocol
2019-11-18 04:39:16,279 [main] INFO  ipc.Server (Server.java:stop(3082)) - Stopping server on 33324
2019-11-18 04:39:16,281 [IPC Server listener on 33324] INFO  ipc.Server (Server.java:run(1185)) - Stopping IPC Server listener on 33324
2019-11-18 04:39:16,281 [main] INFO  server.StorageContainerManager (StorageContainerManager.java:stop(832)) - Stopping the StorageContainerLocationProtocol RPC server
2019-11-18 04:39:16,281 [IPC Server Responder] INFO  ipc.Server (Server.java:run(1319)) - Stopping IPC Server Responder
2019-11-18 04:39:16,282 [main] INFO  server.SCMClientProtocolServer (SCMClientProtocolServer.java:stop(169)) - Stopping the RPC server for Client Protocol
2019-11-18 04:39:16,282 [main] INFO  ipc.Server (Server.java:stop(3082)) - Stopping server on 45186
2019-11-18 04:39:16,284 [IPC Server listener on 45186] INFO  ipc.Server (Server.java:run(1185)) - Stopping IPC Server listener on 45186
2019-11-18 04:39:16,284 [main] INFO  server.StorageContainerManager (StorageContainerManager.java:stop(839)) - Stopping Storage Container Manager HTTP server.
2019-11-18 04:39:16,284 [IPC Server Responder] INFO  ipc.Server (Server.java:run(1319)) - Stopping IPC Server Responder
2019-11-18 04:39:16,285 [main] INFO  handler.ContextHandler (ContextHandler.java:doStop(910)) - Stopped o.e.j.w.WebAppContext@64b4f5c2{/,null,UNAVAILABLE}{/scm}
2019-11-18 04:39:16,286 [main] INFO  server.AbstractConnector (AbstractConnector.java:doStop(318)) - Stopped ServerConnector@4f7b8b88{HTTP/1.1,[http/1.1]}{0.0.0.0:0}
2019-11-18 04:39:16,286 [main] INFO  handler.ContextHandler (ContextHandler.java:doStop(910)) - Stopped o.e.j.s.ServletContextHandler@d71714f{/static,file:///workdir/hadoop-ozone/integration-test/target/test-classes/webapps/static,UNAVAILABLE}
2019-11-18 04:39:16,287 [main] INFO  handler.ContextHandler (ContextHandler.java:doStop(910)) - Stopped o.e.j.s.ServletContextHandler@62d60976{/logs,file:///workdir/hadoop-ozone/integration-test/target/log,UNAVAILABLE}
2019-11-18 04:39:16,288 [main] INFO  server.StorageContainerManager (StorageContainerManager.java:stop(850)) - Stopping Block Manager Service.
2019-11-18 04:39:16,288 [main] INFO  utils.BackgroundService (BackgroundService.java:shutdown(151)) - Shutting down service SCMBlockDeletingService
2019-11-18 04:39:16,289 [main] INFO  utils.BackgroundService (BackgroundService.java:shutdown(151)) - Shutting down service SCMBlockDeletingService
2019-11-18 04:39:16,290 [main] INFO  server.StorageContainerManager (StorageContainerManager.java:stop(872)) - Stopping SCM Event Queue.
2019-11-18 04:39:16,299 [main] INFO  impl.MetricsSystemImpl (MetricsSystemImpl.java:stop(210)) - Stopping HddsDatanode metrics system...
2019-11-18 04:39:16,304 [prometheus] INFO  impl.MetricsSinkAdapter (MetricsSinkAdapter.java:publishMetricsFromQueue(141)) - prometheus thread interrupted.
2019-11-18 04:39:16,304 [main] INFO  impl.MetricsSystemImpl (MetricsSystemImpl.java:stop(216)) - HddsDatanode metrics system stopped.
]]></system-out>
    <system-err><![CDATA[ERROR StatusLogger No Log4j 2 configuration file found. Using default configuration (logging only errors to the console), or user programmatically provided configurations. Set system property 'log4j2.debug' to show Log4j 2 internal initialization logging. See https://logging.apache.org/log4j/2.x/manual/configuration.html for instructions on how to configure Log4j 2
]]></system-err>
  </testcase>
  <testcase name="testDNstartAfterSCM" classname="org.apache.hadoop.ozone.TestMiniOzoneCluster" time="52.712"/>
  <testcase name="testDatanodeIDPersistent" classname="org.apache.hadoop.ozone.TestMiniOzoneCluster" time="0.015"/>
  <testcase name="testContainerRandomPort" classname="org.apache.hadoop.ozone.TestMiniOzoneCluster" time="0.234"/>
</testsuite>