<?xml version="1.0" encoding="UTF-8"?>
<testsuite xmlns:xsi="http://www.w3.org/2001/XMLSchema-instance" xsi:noNamespaceSchemaLocation="https://maven.apache.org/surefire/maven-surefire-plugin/xsd/surefire-test-report.xsd" name="org.apache.hadoop.ozone.client.rpc.TestFailureHandlingByClient" time="302.586" tests="5" errors="1" skipped="0" failures="0">
  <properties>
    <property name="awt.toolkit" value="sun.awt.X11.XToolkit"/>
    <property name="file.encoding.pkg" value="sun.io"/>
    <property name="java.specification.version" value="1.8"/>
    <property name="sun.cpu.isalist" value=""/>
    <property name="sun.jnu.encoding" value="ANSI_X3.4-1968"/>
    <property name="java.class.path" value="/workdir/hadoop-ozone/integration-test/target/test-classes:/workdir/hadoop-ozone/integration-test/target/classes:/home/user/.m2/repository/org/apache/hadoop/hadoop-ozone-common/0.5.0-SNAPSHOT/hadoop-ozone-common-0.5.0-SNAPSHOT.jar:/home/user/.m2/repository/org/apache/commons/commons-compress/1.4.1/commons-compress-1.4.1.jar:/home/user/.m2/repository/org/tukaani/xz/1.0/xz-1.0.jar:/home/user/.m2/repository/org/apache/hadoop/hadoop-common/3.2.0/hadoop-common-3.2.0.jar:/home/user/.m2/repository/org/apache/hadoop/hadoop-hdfs/3.2.0/hadoop-hdfs-3.2.0.jar:/home/user/.m2/repository/org/apache/hadoop/hadoop-hdfs-client/3.2.0/hadoop-hdfs-client-3.2.0.jar:/home/user/.m2/repository/com/fasterxml/jackson/core/jackson-annotations/2.9.9/jackson-annotations-2.9.9.jar:/home/user/.m2/repository/org/apache/hadoop/hadoop-hdds-common/0.5.0-SNAPSHOT/hadoop-hdds-common-0.5.0-SNAPSHOT.jar:/home/user/.m2/repository/javax/annotation/javax.annotation-api/1.2/javax.annotation-api-1.2.jar:/home/user/.m2/repository/org/apache/ratis/ratis-server/0.5.0-d6d58d0-SNAPSHOT/ratis-server-0.5.0-d6d58d0-SNAPSHOT.jar:/home/user/.m2/repository/org/apache/ratis/ratis-thirdparty-misc/0.2.0/ratis-thirdparty-misc-0.2.0.jar:/home/user/.m2/repository/org/apache/ratis/ratis-proto/0.5.0-d6d58d0-SNAPSHOT/ratis-proto-0.5.0-d6d58d0-SNAPSHOT.jar:/home/user/.m2/repository/org/apache/ratis/ratis-common/0.5.0-d6d58d0-SNAPSHOT/ratis-common-0.5.0-d6d58d0-SNAPSHOT.jar:/home/user/.m2/repository/org/apache/ratis/ratis-client/0.5.0-d6d58d0-SNAPSHOT/ratis-client-0.5.0-d6d58d0-SNAPSHOT.jar:/home/user/.m2/repository/org/apache/ratis/ratis-metrics/0.5.0-d6d58d0-SNAPSHOT/ratis-metrics-0.5.0-d6d58d0-SNAPSHOT.jar:/home/user/.m2/repository/org/apache/ratis/ratis-netty/0.5.0-d6d58d0-SNAPSHOT/ratis-netty-0.5.0-d6d58d0-SNAPSHOT.jar:/home/user/.m2/repository/org/apache/ratis/ratis-grpc/0.5.0-d6d58d0-SNAPSHOT/ratis-grpc-0.5.0-d6d58d0-SNAPSHOT.jar:/home/user/.m2/repository/org/rocksdb/rocksdbjni/6.0.1/rocksdbjni-6.0.1.jar:/home/user/.m2/repository/org/apache/logging/log4j/log4j-api/2.11.0/log4j-api-2.11.0.jar:/home/user/.m2/repository/org/apache/logging/log4j/log4j-core/2.11.0/log4j-core-2.11.0.jar:/home/user/.m2/repository/com/lmax/disruptor/3.4.2/disruptor-3.4.2.jar:/home/user/.m2/repository/org/apache/commons/commons-pool2/2.6.0/commons-pool2-2.6.0.jar:/home/user/.m2/repository/org/bouncycastle/bcpkix-jdk15on/1.60/bcpkix-jdk15on-1.60.jar:/home/user/.m2/repository/commons-validator/commons-validator/1.6/commons-validator-1.6.jar:/home/user/.m2/repository/commons-digester/commons-digester/1.8.1/commons-digester-1.8.1.jar:/home/user/.m2/repository/io/jaegertracing/jaeger-client/0.34.0/jaeger-client-0.34.0.jar:/home/user/.m2/repository/io/jaegertracing/jaeger-thrift/0.34.0/jaeger-thrift-0.34.0.jar:/home/user/.m2/repository/org/apache/thrift/libthrift/0.12.0/libthrift-0.12.0.jar:/home/user/.m2/repository/com/squareup/okhttp3/okhttp/3.9.0/okhttp-3.9.0.jar:/home/user/.m2/repository/com/squareup/okio/okio/1.13.0/okio-1.13.0.jar:/home/user/.m2/repository/io/jaegertracing/jaeger-core/0.34.0/jaeger-core-0.34.0.jar:/home/user/.m2/repository/io/jaegertracing/jaeger-tracerresolver/0.34.0/jaeger-tracerresolver-0.34.0.jar:/home/user/.m2/repository/io/opentracing/contrib/opentracing-tracerresolver/0.1.5/opentracing-tracerresolver-0.1.5.jar:/home/user/.m2/repository/io/opentracing/opentracing-util/0.31.0/opentracing-util-0.31.0.jar:/home/user/.m2/repository/io/opentracing/opentracing-api/0.31.0/opentracing-api-0.31.0.jar:/home/user/.m2/repository/io/opentracing/opentracing-noop/0.31.0/opentracing-noop-0.31.0.jar:/home/user/.m2/repository/org/apache/hadoop/hadoop-hdds-server-framework/0.5.0-SNAPSHOT/hadoop-hdds-server-framework-0.5.0-SNAPSHOT.jar:/home/user/.m2/repository/org/apache/hadoop/hadoop-hdds-container-service/0.5.0-SNAPSHOT/hadoop-hdds-container-service-0.5.0-SNAPSHOT.jar:/home/user/.m2/repository/org/apache/hadoop/hadoop-hdds-client/0.5.0-SNAPSHOT/hadoop-hdds-client-0.5.0-SNAPSHOT.jar:/home/user/.m2/repository/org/apache/hadoop/hadoop-hdds-tools/0.5.0-SNAPSHOT/hadoop-hdds-tools-0.5.0-SNAPSHOT.jar:/home/user/.m2/repository/org/apache/hadoop/hadoop-hdds-server-scm/0.5.0-SNAPSHOT/hadoop-hdds-server-scm-0.5.0-SNAPSHOT.jar:/home/user/.m2/repository/org/apache/hadoop/hadoop-hdds-docs/0.5.0-SNAPSHOT/hadoop-hdds-docs-0.5.0-SNAPSHOT.jar:/home/user/.m2/repository/io/dropwizard/metrics/metrics-core/3.2.4/metrics-core-3.2.4.jar:/home/user/.m2/repository/org/hamcrest/hamcrest-all/1.3/hamcrest-all-1.3.jar:/home/user/.m2/repository/org/bouncycastle/bcprov-jdk15on/1.60/bcprov-jdk15on-1.60.jar:/home/user/.m2/repository/info/picocli/picocli/3.9.6/picocli-3.9.6.jar:/home/user/.m2/repository/com/google/protobuf/protobuf-java/2.5.0/protobuf-java-2.5.0.jar:/home/user/.m2/repository/com/google/guava/guava/11.0.2/guava-11.0.2.jar:/home/user/.m2/repository/org/apache/hadoop/hadoop-ozone-ozone-manager/0.5.0-SNAPSHOT/hadoop-ozone-ozone-manager-0.5.0-SNAPSHOT.jar:/home/user/.m2/repository/org/apache/hadoop/hadoop-minikdc/3.2.0/hadoop-minikdc-3.2.0.jar:/home/user/.m2/repository/commons-io/commons-io/2.5/commons-io-2.5.jar:/home/user/.m2/repository/org/apache/kerby/kerb-simplekdc/1.0.1/kerb-simplekdc-1.0.1.jar:/home/user/.m2/repository/org/apache/kerby/kerb-client/1.0.1/kerb-client-1.0.1.jar:/home/user/.m2/repository/org/apache/kerby/kerby-config/1.0.1/kerby-config-1.0.1.jar:/home/user/.m2/repository/org/apache/kerby/kerb-core/1.0.1/kerb-core-1.0.1.jar:/home/user/.m2/repository/org/apache/kerby/kerby-pkix/1.0.1/kerby-pkix-1.0.1.jar:/home/user/.m2/repository/org/apache/kerby/kerby-asn1/1.0.1/kerby-asn1-1.0.1.jar:/home/user/.m2/repository/org/apache/kerby/kerby-util/1.0.1/kerby-util-1.0.1.jar:/home/user/.m2/repository/org/apache/kerby/kerb-common/1.0.1/kerb-common-1.0.1.jar:/home/user/.m2/repository/org/apache/kerby/kerb-crypto/1.0.1/kerb-crypto-1.0.1.jar:/home/user/.m2/repository/org/apache/kerby/kerb-util/1.0.1/kerb-util-1.0.1.jar:/home/user/.m2/repository/org/apache/kerby/token-provider/1.0.1/token-provider-1.0.1.jar:/home/user/.m2/repository/org/apache/kerby/kerb-admin/1.0.1/kerb-admin-1.0.1.jar:/home/user/.m2/repository/org/apache/kerby/kerb-server/1.0.1/kerb-server-1.0.1.jar:/home/user/.m2/repository/org/apache/kerby/kerb-identity/1.0.1/kerb-identity-1.0.1.jar:/home/user/.m2/repository/org/apache/kerby/kerby-xdr/1.0.1/kerby-xdr-1.0.1.jar:/home/user/.m2/repository/org/slf4j/slf4j-log4j12/1.7.25/slf4j-log4j12-1.7.25.jar:/home/user/.m2/repository/org/apache/hadoop/hadoop-ozone-s3gateway/0.5.0-SNAPSHOT/hadoop-ozone-s3gateway-0.5.0-SNAPSHOT.jar:/home/user/.m2/repository/org/jboss/weld/servlet/weld-servlet/2.4.7.Final/weld-servlet-2.4.7.Final.jar:/home/user/.m2/repository/org/glassfish/jersey/containers/jersey-container-servlet-core/2.27/jersey-container-servlet-core-2.27.jar:/home/user/.m2/repository/org/glassfish/hk2/external/javax.inject/2.5.0-b42/javax.inject-2.5.0-b42.jar:/home/user/.m2/repository/org/glassfish/jersey/core/jersey-common/2.27/jersey-common-2.27.jar:/home/user/.m2/repository/org/glassfish/hk2/osgi-resource-locator/1.0.1/osgi-resource-locator-1.0.1.jar:/home/user/.m2/repository/javax/ws/rs/javax.ws.rs-api/2.1/javax.ws.rs-api-2.1.jar:/home/user/.m2/repository/org/glassfish/jersey/ext/cdi/jersey-cdi1x/2.27/jersey-cdi1x-2.27.jar:/home/user/.m2/repository/org/glassfish/jersey/inject/jersey-hk2/2.27/jersey-hk2-2.27.jar:/home/user/.m2/repository/org/glassfish/hk2/hk2-locator/2.5.0-b42/hk2-locator-2.5.0-b42.jar:/home/user/.m2/repository/org/javassist/javassist/3.22.0-CR2/javassist-3.22.0-CR2.jar:/home/user/.m2/repository/org/glassfish/hk2/hk2-api/2.5.0/hk2-api-2.5.0.jar:/home/user/.m2/repository/org/glassfish/hk2/external/jakarta.inject/2.5.0/jakarta.inject-2.5.0.jar:/home/user/.m2/repository/org/glassfish/hk2/hk2-utils/2.5.0/hk2-utils-2.5.0.jar:/home/user/.m2/repository/jakarta/annotation/jakarta.annotation-api/1.3.4/jakarta.annotation-api-1.3.4.jar:/home/user/.m2/repository/org/glassfish/hk2/external/aopalliance-repackaged/2.5.0/aopalliance-repackaged-2.5.0.jar:/home/user/.m2/repository/com/fasterxml/jackson/dataformat/jackson-dataformat-xml/2.9.0/jackson-dataformat-xml-2.9.0.jar:/home/user/.m2/repository/com/fasterxml/jackson/core/jackson-core/2.9.9/jackson-core-2.9.9.jar:/home/user/.m2/repository/com/fasterxml/jackson/module/jackson-module-jaxb-annotations/2.9.9/jackson-module-jaxb-annotations-2.9.9.jar:/home/user/.m2/repository/javax/enterprise/cdi-api/1.2/cdi-api-1.2.jar:/home/user/.m2/repository/javax/el/javax.el-api/3.0.0/javax.el-api-3.0.0.jar:/home/user/.m2/repository/javax/interceptor/javax.interceptor-api/1.2/javax.interceptor-api-1.2.jar:/home/user/.m2/repository/javax/inject/javax.inject/1/javax.inject-1.jar:/home/user/.m2/repository/com/sun/xml/bind/jaxb-impl/2.3.0.1/jaxb-impl-2.3.0.1.jar:/home/user/.m2/repository/com/sun/xml/bind/jaxb-core/2.3.0.1/jaxb-core-2.3.0.1.jar:/home/user/.m2/repository/javax/xml/bind/jaxb-api/2.3.0/jaxb-api-2.3.0.jar:/home/user/.m2/repository/javax/activation/activation/1.1.1/activation-1.1.1.jar:/home/user/.m2/repository/org/apache/hadoop/hadoop-ozone-csi/0.5.0-SNAPSHOT/hadoop-ozone-csi-0.5.0-SNAPSHOT.jar:/home/user/.m2/repository/com/google/protobuf/protobuf-java-util/3.5.1/protobuf-java-util-3.5.1.jar:/home/user/.m2/repository/org/apache/hadoop/hadoop-hdds-config/0.5.0-SNAPSHOT/hadoop-hdds-config-0.5.0-SNAPSHOT.jar:/home/user/.m2/repository/io/grpc/grpc-netty/1.17.1/grpc-netty-1.17.1.jar:/home/user/.m2/repository/io/grpc/grpc-core/1.17.1/grpc-core-1.17.1.jar:/home/user/.m2/repository/io/grpc/grpc-context/1.17.1/grpc-context-1.17.1.jar:/home/user/.m2/repository/com/google/errorprone/error_prone_annotations/2.2.0/error_prone_annotations-2.2.0.jar:/home/user/.m2/repository/org/codehaus/mojo/animal-sniffer-annotations/1.17/animal-sniffer-annotations-1.17.jar:/home/user/.m2/repository/io/opencensus/opencensus-api/0.17.0/opencensus-api-0.17.0.jar:/home/user/.m2/repository/io/opencensus/opencensus-contrib-grpc-metrics/0.17.0/opencensus-contrib-grpc-metrics-0.17.0.jar:/home/user/.m2/repository/io/netty/netty-codec-http2/4.1.30.Final/netty-codec-http2-4.1.30.Final.jar:/home/user/.m2/repository/io/netty/netty-codec-http/4.1.30.Final/netty-codec-http-4.1.30.Final.jar:/home/user/.m2/repository/io/netty/netty-codec/4.1.30.Final/netty-codec-4.1.30.Final.jar:/home/user/.m2/repository/io/netty/netty-handler/4.1.30.Final/netty-handler-4.1.30.Final.jar:/home/user/.m2/repository/io/netty/netty-handler-proxy/4.1.30.Final/netty-handler-proxy-4.1.30.Final.jar:/home/user/.m2/repository/io/netty/netty-codec-socks/4.1.30.Final/netty-codec-socks-4.1.30.Final.jar:/home/user/.m2/repository/io/netty/netty-transport-native-epoll/4.1.30.Final/netty-transport-native-epoll-4.1.30.Final.jar:/home/user/.m2/repository/io/netty/netty-common/4.1.30.Final/netty-common-4.1.30.Final.jar:/home/user/.m2/repository/io/netty/netty-buffer/4.1.30.Final/netty-buffer-4.1.30.Final.jar:/home/user/.m2/repository/io/netty/netty-transport/4.1.30.Final/netty-transport-4.1.30.Final.jar:/home/user/.m2/repository/io/netty/netty-resolver/4.1.30.Final/netty-resolver-4.1.30.Final.jar:/home/user/.m2/repository/io/netty/netty-transport-native-unix-common/4.1.30.Final/netty-transport-native-unix-common-4.1.30.Final.jar:/home/user/.m2/repository/io/grpc/grpc-protobuf/1.17.1/grpc-protobuf-1.17.1.jar:/home/user/.m2/repository/com/google/api/grpc/proto-google-common-protos/1.0.0/proto-google-common-protos-1.0.0.jar:/home/user/.m2/repository/io/grpc/grpc-protobuf-lite/1.17.1/grpc-protobuf-lite-1.17.1.jar:/home/user/.m2/repository/io/grpc/grpc-stub/1.17.1/grpc-stub-1.17.1.jar:/home/user/.m2/repository/org/apache/hadoop/hadoop-ozone-recon/0.5.0-SNAPSHOT/hadoop-ozone-recon-0.5.0-SNAPSHOT.jar:/home/user/.m2/repository/org/apache/hadoop/hadoop-ozone-reconcodegen/0.5.0-SNAPSHOT/hadoop-ozone-reconcodegen-0.5.0-SNAPSHOT.jar:/home/user/.m2/repository/com/google/inject/extensions/guice-multibindings/4.0/guice-multibindings-4.0.jar:/home/user/.m2/repository/com/google/inject/guice/4.0/guice-4.0.jar:/home/user/.m2/repository/aopalliance/aopalliance/1.0/aopalliance-1.0.jar:/home/user/.m2/repository/com/google/inject/extensions/guice-servlet/4.0/guice-servlet-4.0.jar:/home/user/.m2/repository/org/glassfish/jersey/containers/jersey-container-servlet/2.27/jersey-container-servlet-2.27.jar:/home/user/.m2/repository/org/glassfish/hk2/guice-bridge/2.5.0/guice-bridge-2.5.0.jar:/home/user/.m2/repository/org/glassfish/jersey/core/jersey-server/2.27/jersey-server-2.27.jar:/home/user/.m2/repository/org/glassfish/jersey/core/jersey-client/2.27/jersey-client-2.27.jar:/home/user/.m2/repository/org/glassfish/jersey/media/jersey-media-jaxb/2.27/jersey-media-jaxb-2.27.jar:/home/user/.m2/repository/javax/validation/validation-api/1.1.0.Final/validation-api-1.1.0.Final.jar:/home/user/.m2/repository/org/glassfish/jersey/media/jersey-media-json-jackson/2.27/jersey-media-json-jackson-2.27.jar:/home/user/.m2/repository/org/glassfish/jersey/ext/jersey-entity-filtering/2.27/jersey-entity-filtering-2.27.jar:/home/user/.m2/repository/com/google/inject/extensions/guice-assistedinject/4.0/guice-assistedinject-4.0.jar:/home/user/.m2/repository/org/jooq/jooq/3.11.10/jooq-3.11.10.jar:/home/user/.m2/repository/org/jooq/jooq-meta/3.11.10/jooq-meta-3.11.10.jar:/home/user/.m2/repository/org/jooq/jooq-codegen/3.11.10/jooq-codegen-3.11.10.jar:/home/user/.m2/repository/com/jolbox/bonecp/0.8.0.RELEASE/bonecp-0.8.0.RELEASE.jar:/home/user/.m2/repository/org/xerial/sqlite-jdbc/3.25.2/sqlite-jdbc-3.25.2.jar:/home/user/.m2/repository/org/springframework/spring-jdbc/5.1.3.RELEASE/spring-jdbc-5.1.3.RELEASE.jar:/home/user/.m2/repository/org/springframework/spring-beans/5.1.3.RELEASE/spring-beans-5.1.3.RELEASE.jar:/home/user/.m2/repository/org/springframework/spring-core/5.1.3.RELEASE/spring-core-5.1.3.RELEASE.jar:/home/user/.m2/repository/org/springframework/spring-jcl/5.1.3.RELEASE/spring-jcl-5.1.3.RELEASE.jar:/home/user/.m2/repository/org/springframework/spring-tx/5.1.3.RELEASE/spring-tx-5.1.3.RELEASE.jar:/home/user/.m2/repository/org/apache/hadoop/hadoop-ozone-client/0.5.0-SNAPSHOT/hadoop-ozone-client-0.5.0-SNAPSHOT.jar:/home/user/.m2/repository/commons-lang/commons-lang/2.6/commons-lang-2.6.jar:/home/user/.m2/repository/org/apache/hadoop/hadoop-ozone-ozone-manager/0.5.0-SNAPSHOT/hadoop-ozone-ozone-manager-0.5.0-SNAPSHOT-tests.jar:/home/user/.m2/repository/junit/junit/4.11/junit-4.11.jar:/home/user/.m2/repository/org/hamcrest/hamcrest-core/1.3/hamcrest-core-1.3.jar:/home/user/.m2/repository/org/openjdk/jmh/jmh-core/1.19/jmh-core-1.19.jar:/home/user/.m2/repository/net/sf/jopt-simple/jopt-simple/4.6/jopt-simple-4.6.jar:/home/user/.m2/repository/org/apache/commons/commons-math3/3.1.1/commons-math3-3.1.1.jar:/home/user/.m2/repository/org/openjdk/jmh/jmh-generator-annprocess/1.19/jmh-generator-annprocess-1.19.jar:/home/user/.m2/repository/org/mockito/mockito-all/1.8.5/mockito-all-1.8.5.jar:/home/user/.m2/repository/org/apache/hadoop/hadoop-kms/3.2.0/hadoop-kms-3.2.0.jar:/home/user/.m2/repository/org/apache/hadoop/hadoop-auth/3.2.0/hadoop-auth-3.2.0.jar:/home/user/.m2/repository/com/nimbusds/nimbus-jose-jwt/4.41.1/nimbus-jose-jwt-4.41.1.jar:/home/user/.m2/repository/com/github/stephenc/jcip/jcip-annotations/1.0-1/jcip-annotations-1.0-1.jar:/home/user/.m2/repository/net/minidev/json-smart/2.3/json-smart-2.3.jar:/home/user/.m2/repository/net/minidev/accessors-smart/1.2/accessors-smart-1.2.jar:/home/user/.m2/repository/org/ow2/asm/asm/5.0.4/asm-5.0.4.jar:/home/user/.m2/repository/org/apache/curator/curator-framework/2.12.0/curator-framework-2.12.0.jar:/home/user/.m2/repository/com/sun/jersey/jersey-core/1.19/jersey-core-1.19.jar:/home/user/.m2/repository/javax/ws/rs/jsr311-api/1.1.1/jsr311-api-1.1.1.jar:/home/user/.m2/repository/com/sun/jersey/jersey-server/1.19/jersey-server-1.19.jar:/home/user/.m2/repository/javax/servlet/javax.servlet-api/3.1.0/javax.servlet-api-3.1.0.jar:/home/user/.m2/repository/org/eclipse/jetty/jetty-server/9.3.25.v20180904/jetty-server-9.3.25.v20180904.jar:/home/user/.m2/repository/org/eclipse/jetty/jetty-http/9.3.25.v20180904/jetty-http-9.3.25.v20180904.jar:/home/user/.m2/repository/org/eclipse/jetty/jetty-io/9.3.25.v20180904/jetty-io-9.3.25.v20180904.jar:/home/user/.m2/repository/org/eclipse/jetty/jetty-webapp/9.3.25.v20180904/jetty-webapp-9.3.25.v20180904.jar:/home/user/.m2/repository/org/eclipse/jetty/jetty-xml/9.3.25.v20180904/jetty-xml-9.3.25.v20180904.jar:/home/user/.m2/repository/log4j/log4j/1.2.17/log4j-1.2.17.jar:/home/user/.m2/repository/org/slf4j/slf4j-api/1.7.25/slf4j-api-1.7.25.jar:/home/user/.m2/repository/org/slf4j/jul-to-slf4j/1.7.25/jul-to-slf4j-1.7.25.jar:/home/user/.m2/repository/org/eclipse/jetty/jetty-util/9.3.25.v20180904/jetty-util-9.3.25.v20180904.jar:/home/user/.m2/repository/com/fasterxml/jackson/core/jackson-databind/2.9.9/jackson-databind-2.9.9.jar:/home/user/.m2/repository/org/apache/hadoop/hadoop-kms/3.2.0/hadoop-kms-3.2.0-tests.jar:/home/user/.m2/repository/org/apache/hadoop/hadoop-hdds-server-scm/0.5.0-SNAPSHOT/hadoop-hdds-server-scm-0.5.0-SNAPSHOT-tests.jar:/home/user/.m2/repository/org/apache/hadoop/hadoop-hdds-container-service/0.5.0-SNAPSHOT/hadoop-hdds-container-service-0.5.0-SNAPSHOT-tests.jar:/home/user/.m2/repository/org/yaml/snakeyaml/1.16/snakeyaml-1.16.jar:/home/user/.m2/repository/org/apache/hadoop/hadoop-common/3.2.0/hadoop-common-3.2.0-tests.jar:/home/user/.m2/repository/org/apache/hadoop/hadoop-annotations/3.2.0/hadoop-annotations-3.2.0.jar:/usr/lib/jvm/java-1.8.0-openjdk-1.8.0.222.b10-1.el7_7.x86_64/jre/../lib/tools.jar:/home/user/.m2/repository/commons-cli/commons-cli/1.2/commons-cli-1.2.jar:/home/user/.m2/repository/org/apache/httpcomponents/httpclient/4.5.2/httpclient-4.5.2.jar:/home/user/.m2/repository/org/apache/httpcomponents/httpcore/4.4.4/httpcore-4.4.4.jar:/home/user/.m2/repository/commons-codec/commons-codec/1.11/commons-codec-1.11.jar:/home/user/.m2/repository/commons-net/commons-net/3.6/commons-net-3.6.jar:/home/user/.m2/repository/commons-collections/commons-collections/3.2.2/commons-collections-3.2.2.jar:/home/user/.m2/repository/org/eclipse/jetty/jetty-servlet/9.3.25.v20180904/jetty-servlet-9.3.25.v20180904.jar:/home/user/.m2/repository/org/eclipse/jetty/jetty-security/9.3.25.v20180904/jetty-security-9.3.25.v20180904.jar:/home/user/.m2/repository/javax/servlet/jsp/jsp-api/2.1/jsp-api-2.1.jar:/home/user/.m2/repository/com/sun/jersey/jersey-servlet/1.19/jersey-servlet-1.19.jar:/home/user/.m2/repository/com/sun/jersey/jersey-json/1.19/jersey-json-1.19.jar:/home/user/.m2/repository/org/codehaus/jettison/jettison/1.1/jettison-1.1.jar:/home/user/.m2/repository/org/codehaus/jackson/jackson-core-asl/1.9.13/jackson-core-asl-1.9.13.jar:/home/user/.m2/repository/org/codehaus/jackson/jackson-mapper-asl/1.9.13/jackson-mapper-asl-1.9.13.jar:/home/user/.m2/repository/org/codehaus/jackson/jackson-jaxrs/1.9.13/jackson-jaxrs-1.9.13.jar:/home/user/.m2/repository/org/codehaus/jackson/jackson-xc/1.9.13/jackson-xc-1.9.13.jar:/home/user/.m2/repository/commons-logging/commons-logging/1.1.3/commons-logging-1.1.3.jar:/home/user/.m2/repository/commons-beanutils/commons-beanutils/1.9.4/commons-beanutils-1.9.4.jar:/home/user/.m2/repository/org/apache/commons/commons-configuration2/2.1.1/commons-configuration2-2.1.1.jar:/home/user/.m2/repository/org/apache/commons/commons-lang3/3.7/commons-lang3-3.7.jar:/home/user/.m2/repository/org/apache/commons/commons-text/1.4/commons-text-1.4.jar:/home/user/.m2/repository/org/apache/avro/avro/1.7.7/avro-1.7.7.jar:/home/user/.m2/repository/com/thoughtworks/paranamer/paranamer/2.3/paranamer-2.3.jar:/home/user/.m2/repository/org/xerial/snappy/snappy-java/1.0.5/snappy-java-1.0.5.jar:/home/user/.m2/repository/com/google/re2j/re2j/1.1/re2j-1.1.jar:/home/user/.m2/repository/com/google/code/gson/gson/2.2.4/gson-2.2.4.jar:/home/user/.m2/repository/com/jcraft/jsch/0.1.54/jsch-0.1.54.jar:/home/user/.m2/repository/org/apache/curator/curator-client/2.12.0/curator-client-2.12.0.jar:/home/user/.m2/repository/org/apache/curator/curator-recipes/2.12.0/curator-recipes-2.12.0.jar:/home/user/.m2/repository/com/google/code/findbugs/jsr305/3.0.0/jsr305-3.0.0.jar:/home/user/.m2/repository/org/apache/htrace/htrace-core4/4.1.0-incubating/htrace-core4-4.1.0-incubating.jar:/home/user/.m2/repository/org/apache/zookeeper/zookeeper/3.4.13/zookeeper-3.4.13.jar:/home/user/.m2/repository/jline/jline/0.9.94/jline-0.9.94.jar:/home/user/.m2/repository/org/apache/yetus/audience-annotations/0.5.0/audience-annotations-0.5.0.jar:/home/user/.m2/repository/org/codehaus/woodstox/stax2-api/3.1.4/stax2-api-3.1.4.jar:/home/user/.m2/repository/com/fasterxml/woodstox/woodstox-core/5.0.3/woodstox-core-5.0.3.jar:/home/user/.m2/repository/dnsjava/dnsjava/2.1.7/dnsjava-2.1.7.jar:/home/user/.m2/repository/org/apache/hadoop/hadoop-hdfs/3.2.0/hadoop-hdfs-3.2.0-tests.jar:/home/user/.m2/repository/org/eclipse/jetty/jetty-util-ajax/9.3.25.v20180904/jetty-util-ajax-9.3.25.v20180904.jar:/home/user/.m2/repository/commons-daemon/commons-daemon/1.0.13/commons-daemon-1.0.13.jar:/home/user/.m2/repository/io/netty/netty/3.10.5.Final/netty-3.10.5.Final.jar:/home/user/.m2/repository/io/netty/netty-all/4.0.52.Final/netty-all-4.0.52.Final.jar:/home/user/.m2/repository/org/fusesource/leveldbjni/leveldbjni-all/1.8/leveldbjni-all-1.8.jar:"/>
    <property name="java.vm.vendor" value="Oracle Corporation"/>
    <property name="sun.arch.data.model" value="64"/>
    <property name="test.build.dir" value="/workdir/hadoop-ozone/integration-test/target/test-dir"/>
    <property name="test.cache.data" value=""/>
    <property name="java.vendor.url" value="http://java.oracle.com/"/>
    <property name="user.timezone" value=""/>
    <property name="java.vm.specification.version" value="1.8"/>
    <property name="os.name" value="Linux"/>
    <property name="test.build.data" value="/workdir/hadoop-ozone/integration-test/target/test-dir"/>
    <property name="user.country" value="US"/>
    <property name="sun.java.launcher" value="SUN_STANDARD"/>
    <property name="sun.boot.library.path" value="/usr/lib/jvm/java-1.8.0-openjdk-1.8.0.222.b10-1.el7_7.x86_64/jre/lib/amd64"/>
    <property name="sun.java.command" value="/workdir/hadoop-ozone/integration-test/target/surefire/surefirebooter3022406281798165932.jar /workdir/hadoop-ozone/integration-test/target/surefire 2019-11-13T15-50-04_967-jvmRun1 surefire783996791902447878tmp surefire_25502790768795637570tmp"/>
    <property name="surefire.test.class.path" value="/workdir/hadoop-ozone/integration-test/target/test-classes:/workdir/hadoop-ozone/integration-test/target/classes:/home/user/.m2/repository/org/apache/hadoop/hadoop-ozone-common/0.5.0-SNAPSHOT/hadoop-ozone-common-0.5.0-SNAPSHOT.jar:/home/user/.m2/repository/org/apache/commons/commons-compress/1.4.1/commons-compress-1.4.1.jar:/home/user/.m2/repository/org/tukaani/xz/1.0/xz-1.0.jar:/home/user/.m2/repository/org/apache/hadoop/hadoop-common/3.2.0/hadoop-common-3.2.0.jar:/home/user/.m2/repository/org/apache/hadoop/hadoop-hdfs/3.2.0/hadoop-hdfs-3.2.0.jar:/home/user/.m2/repository/org/apache/hadoop/hadoop-hdfs-client/3.2.0/hadoop-hdfs-client-3.2.0.jar:/home/user/.m2/repository/com/fasterxml/jackson/core/jackson-annotations/2.9.9/jackson-annotations-2.9.9.jar:/home/user/.m2/repository/org/apache/hadoop/hadoop-hdds-common/0.5.0-SNAPSHOT/hadoop-hdds-common-0.5.0-SNAPSHOT.jar:/home/user/.m2/repository/javax/annotation/javax.annotation-api/1.2/javax.annotation-api-1.2.jar:/home/user/.m2/repository/org/apache/ratis/ratis-server/0.5.0-d6d58d0-SNAPSHOT/ratis-server-0.5.0-d6d58d0-SNAPSHOT.jar:/home/user/.m2/repository/org/apache/ratis/ratis-thirdparty-misc/0.2.0/ratis-thirdparty-misc-0.2.0.jar:/home/user/.m2/repository/org/apache/ratis/ratis-proto/0.5.0-d6d58d0-SNAPSHOT/ratis-proto-0.5.0-d6d58d0-SNAPSHOT.jar:/home/user/.m2/repository/org/apache/ratis/ratis-common/0.5.0-d6d58d0-SNAPSHOT/ratis-common-0.5.0-d6d58d0-SNAPSHOT.jar:/home/user/.m2/repository/org/apache/ratis/ratis-client/0.5.0-d6d58d0-SNAPSHOT/ratis-client-0.5.0-d6d58d0-SNAPSHOT.jar:/home/user/.m2/repository/org/apache/ratis/ratis-metrics/0.5.0-d6d58d0-SNAPSHOT/ratis-metrics-0.5.0-d6d58d0-SNAPSHOT.jar:/home/user/.m2/repository/org/apache/ratis/ratis-netty/0.5.0-d6d58d0-SNAPSHOT/ratis-netty-0.5.0-d6d58d0-SNAPSHOT.jar:/home/user/.m2/repository/org/apache/ratis/ratis-grpc/0.5.0-d6d58d0-SNAPSHOT/ratis-grpc-0.5.0-d6d58d0-SNAPSHOT.jar:/home/user/.m2/repository/org/rocksdb/rocksdbjni/6.0.1/rocksdbjni-6.0.1.jar:/home/user/.m2/repository/org/apache/logging/log4j/log4j-api/2.11.0/log4j-api-2.11.0.jar:/home/user/.m2/repository/org/apache/logging/log4j/log4j-core/2.11.0/log4j-core-2.11.0.jar:/home/user/.m2/repository/com/lmax/disruptor/3.4.2/disruptor-3.4.2.jar:/home/user/.m2/repository/org/apache/commons/commons-pool2/2.6.0/commons-pool2-2.6.0.jar:/home/user/.m2/repository/org/bouncycastle/bcpkix-jdk15on/1.60/bcpkix-jdk15on-1.60.jar:/home/user/.m2/repository/commons-validator/commons-validator/1.6/commons-validator-1.6.jar:/home/user/.m2/repository/commons-digester/commons-digester/1.8.1/commons-digester-1.8.1.jar:/home/user/.m2/repository/io/jaegertracing/jaeger-client/0.34.0/jaeger-client-0.34.0.jar:/home/user/.m2/repository/io/jaegertracing/jaeger-thrift/0.34.0/jaeger-thrift-0.34.0.jar:/home/user/.m2/repository/org/apache/thrift/libthrift/0.12.0/libthrift-0.12.0.jar:/home/user/.m2/repository/com/squareup/okhttp3/okhttp/3.9.0/okhttp-3.9.0.jar:/home/user/.m2/repository/com/squareup/okio/okio/1.13.0/okio-1.13.0.jar:/home/user/.m2/repository/io/jaegertracing/jaeger-core/0.34.0/jaeger-core-0.34.0.jar:/home/user/.m2/repository/io/jaegertracing/jaeger-tracerresolver/0.34.0/jaeger-tracerresolver-0.34.0.jar:/home/user/.m2/repository/io/opentracing/contrib/opentracing-tracerresolver/0.1.5/opentracing-tracerresolver-0.1.5.jar:/home/user/.m2/repository/io/opentracing/opentracing-util/0.31.0/opentracing-util-0.31.0.jar:/home/user/.m2/repository/io/opentracing/opentracing-api/0.31.0/opentracing-api-0.31.0.jar:/home/user/.m2/repository/io/opentracing/opentracing-noop/0.31.0/opentracing-noop-0.31.0.jar:/home/user/.m2/repository/org/apache/hadoop/hadoop-hdds-server-framework/0.5.0-SNAPSHOT/hadoop-hdds-server-framework-0.5.0-SNAPSHOT.jar:/home/user/.m2/repository/org/apache/hadoop/hadoop-hdds-container-service/0.5.0-SNAPSHOT/hadoop-hdds-container-service-0.5.0-SNAPSHOT.jar:/home/user/.m2/repository/org/apache/hadoop/hadoop-hdds-client/0.5.0-SNAPSHOT/hadoop-hdds-client-0.5.0-SNAPSHOT.jar:/home/user/.m2/repository/org/apache/hadoop/hadoop-hdds-tools/0.5.0-SNAPSHOT/hadoop-hdds-tools-0.5.0-SNAPSHOT.jar:/home/user/.m2/repository/org/apache/hadoop/hadoop-hdds-server-scm/0.5.0-SNAPSHOT/hadoop-hdds-server-scm-0.5.0-SNAPSHOT.jar:/home/user/.m2/repository/org/apache/hadoop/hadoop-hdds-docs/0.5.0-SNAPSHOT/hadoop-hdds-docs-0.5.0-SNAPSHOT.jar:/home/user/.m2/repository/io/dropwizard/metrics/metrics-core/3.2.4/metrics-core-3.2.4.jar:/home/user/.m2/repository/org/hamcrest/hamcrest-all/1.3/hamcrest-all-1.3.jar:/home/user/.m2/repository/org/bouncycastle/bcprov-jdk15on/1.60/bcprov-jdk15on-1.60.jar:/home/user/.m2/repository/info/picocli/picocli/3.9.6/picocli-3.9.6.jar:/home/user/.m2/repository/com/google/protobuf/protobuf-java/2.5.0/protobuf-java-2.5.0.jar:/home/user/.m2/repository/com/google/guava/guava/11.0.2/guava-11.0.2.jar:/home/user/.m2/repository/org/apache/hadoop/hadoop-ozone-ozone-manager/0.5.0-SNAPSHOT/hadoop-ozone-ozone-manager-0.5.0-SNAPSHOT.jar:/home/user/.m2/repository/org/apache/hadoop/hadoop-minikdc/3.2.0/hadoop-minikdc-3.2.0.jar:/home/user/.m2/repository/commons-io/commons-io/2.5/commons-io-2.5.jar:/home/user/.m2/repository/org/apache/kerby/kerb-simplekdc/1.0.1/kerb-simplekdc-1.0.1.jar:/home/user/.m2/repository/org/apache/kerby/kerb-client/1.0.1/kerb-client-1.0.1.jar:/home/user/.m2/repository/org/apache/kerby/kerby-config/1.0.1/kerby-config-1.0.1.jar:/home/user/.m2/repository/org/apache/kerby/kerb-core/1.0.1/kerb-core-1.0.1.jar:/home/user/.m2/repository/org/apache/kerby/kerby-pkix/1.0.1/kerby-pkix-1.0.1.jar:/home/user/.m2/repository/org/apache/kerby/kerby-asn1/1.0.1/kerby-asn1-1.0.1.jar:/home/user/.m2/repository/org/apache/kerby/kerby-util/1.0.1/kerby-util-1.0.1.jar:/home/user/.m2/repository/org/apache/kerby/kerb-common/1.0.1/kerb-common-1.0.1.jar:/home/user/.m2/repository/org/apache/kerby/kerb-crypto/1.0.1/kerb-crypto-1.0.1.jar:/home/user/.m2/repository/org/apache/kerby/kerb-util/1.0.1/kerb-util-1.0.1.jar:/home/user/.m2/repository/org/apache/kerby/token-provider/1.0.1/token-provider-1.0.1.jar:/home/user/.m2/repository/org/apache/kerby/kerb-admin/1.0.1/kerb-admin-1.0.1.jar:/home/user/.m2/repository/org/apache/kerby/kerb-server/1.0.1/kerb-server-1.0.1.jar:/home/user/.m2/repository/org/apache/kerby/kerb-identity/1.0.1/kerb-identity-1.0.1.jar:/home/user/.m2/repository/org/apache/kerby/kerby-xdr/1.0.1/kerby-xdr-1.0.1.jar:/home/user/.m2/repository/org/slf4j/slf4j-log4j12/1.7.25/slf4j-log4j12-1.7.25.jar:/home/user/.m2/repository/org/apache/hadoop/hadoop-ozone-s3gateway/0.5.0-SNAPSHOT/hadoop-ozone-s3gateway-0.5.0-SNAPSHOT.jar:/home/user/.m2/repository/org/jboss/weld/servlet/weld-servlet/2.4.7.Final/weld-servlet-2.4.7.Final.jar:/home/user/.m2/repository/org/glassfish/jersey/containers/jersey-container-servlet-core/2.27/jersey-container-servlet-core-2.27.jar:/home/user/.m2/repository/org/glassfish/hk2/external/javax.inject/2.5.0-b42/javax.inject-2.5.0-b42.jar:/home/user/.m2/repository/org/glassfish/jersey/core/jersey-common/2.27/jersey-common-2.27.jar:/home/user/.m2/repository/org/glassfish/hk2/osgi-resource-locator/1.0.1/osgi-resource-locator-1.0.1.jar:/home/user/.m2/repository/javax/ws/rs/javax.ws.rs-api/2.1/javax.ws.rs-api-2.1.jar:/home/user/.m2/repository/org/glassfish/jersey/ext/cdi/jersey-cdi1x/2.27/jersey-cdi1x-2.27.jar:/home/user/.m2/repository/org/glassfish/jersey/inject/jersey-hk2/2.27/jersey-hk2-2.27.jar:/home/user/.m2/repository/org/glassfish/hk2/hk2-locator/2.5.0-b42/hk2-locator-2.5.0-b42.jar:/home/user/.m2/repository/org/javassist/javassist/3.22.0-CR2/javassist-3.22.0-CR2.jar:/home/user/.m2/repository/org/glassfish/hk2/hk2-api/2.5.0/hk2-api-2.5.0.jar:/home/user/.m2/repository/org/glassfish/hk2/external/jakarta.inject/2.5.0/jakarta.inject-2.5.0.jar:/home/user/.m2/repository/org/glassfish/hk2/hk2-utils/2.5.0/hk2-utils-2.5.0.jar:/home/user/.m2/repository/jakarta/annotation/jakarta.annotation-api/1.3.4/jakarta.annotation-api-1.3.4.jar:/home/user/.m2/repository/org/glassfish/hk2/external/aopalliance-repackaged/2.5.0/aopalliance-repackaged-2.5.0.jar:/home/user/.m2/repository/com/fasterxml/jackson/dataformat/jackson-dataformat-xml/2.9.0/jackson-dataformat-xml-2.9.0.jar:/home/user/.m2/repository/com/fasterxml/jackson/core/jackson-core/2.9.9/jackson-core-2.9.9.jar:/home/user/.m2/repository/com/fasterxml/jackson/module/jackson-module-jaxb-annotations/2.9.9/jackson-module-jaxb-annotations-2.9.9.jar:/home/user/.m2/repository/javax/enterprise/cdi-api/1.2/cdi-api-1.2.jar:/home/user/.m2/repository/javax/el/javax.el-api/3.0.0/javax.el-api-3.0.0.jar:/home/user/.m2/repository/javax/interceptor/javax.interceptor-api/1.2/javax.interceptor-api-1.2.jar:/home/user/.m2/repository/javax/inject/javax.inject/1/javax.inject-1.jar:/home/user/.m2/repository/com/sun/xml/bind/jaxb-impl/2.3.0.1/jaxb-impl-2.3.0.1.jar:/home/user/.m2/repository/com/sun/xml/bind/jaxb-core/2.3.0.1/jaxb-core-2.3.0.1.jar:/home/user/.m2/repository/javax/xml/bind/jaxb-api/2.3.0/jaxb-api-2.3.0.jar:/home/user/.m2/repository/javax/activation/activation/1.1.1/activation-1.1.1.jar:/home/user/.m2/repository/org/apache/hadoop/hadoop-ozone-csi/0.5.0-SNAPSHOT/hadoop-ozone-csi-0.5.0-SNAPSHOT.jar:/home/user/.m2/repository/com/google/protobuf/protobuf-java-util/3.5.1/protobuf-java-util-3.5.1.jar:/home/user/.m2/repository/org/apache/hadoop/hadoop-hdds-config/0.5.0-SNAPSHOT/hadoop-hdds-config-0.5.0-SNAPSHOT.jar:/home/user/.m2/repository/io/grpc/grpc-netty/1.17.1/grpc-netty-1.17.1.jar:/home/user/.m2/repository/io/grpc/grpc-core/1.17.1/grpc-core-1.17.1.jar:/home/user/.m2/repository/io/grpc/grpc-context/1.17.1/grpc-context-1.17.1.jar:/home/user/.m2/repository/com/google/errorprone/error_prone_annotations/2.2.0/error_prone_annotations-2.2.0.jar:/home/user/.m2/repository/org/codehaus/mojo/animal-sniffer-annotations/1.17/animal-sniffer-annotations-1.17.jar:/home/user/.m2/repository/io/opencensus/opencensus-api/0.17.0/opencensus-api-0.17.0.jar:/home/user/.m2/repository/io/opencensus/opencensus-contrib-grpc-metrics/0.17.0/opencensus-contrib-grpc-metrics-0.17.0.jar:/home/user/.m2/repository/io/netty/netty-codec-http2/4.1.30.Final/netty-codec-http2-4.1.30.Final.jar:/home/user/.m2/repository/io/netty/netty-codec-http/4.1.30.Final/netty-codec-http-4.1.30.Final.jar:/home/user/.m2/repository/io/netty/netty-codec/4.1.30.Final/netty-codec-4.1.30.Final.jar:/home/user/.m2/repository/io/netty/netty-handler/4.1.30.Final/netty-handler-4.1.30.Final.jar:/home/user/.m2/repository/io/netty/netty-handler-proxy/4.1.30.Final/netty-handler-proxy-4.1.30.Final.jar:/home/user/.m2/repository/io/netty/netty-codec-socks/4.1.30.Final/netty-codec-socks-4.1.30.Final.jar:/home/user/.m2/repository/io/netty/netty-transport-native-epoll/4.1.30.Final/netty-transport-native-epoll-4.1.30.Final.jar:/home/user/.m2/repository/io/netty/netty-common/4.1.30.Final/netty-common-4.1.30.Final.jar:/home/user/.m2/repository/io/netty/netty-buffer/4.1.30.Final/netty-buffer-4.1.30.Final.jar:/home/user/.m2/repository/io/netty/netty-transport/4.1.30.Final/netty-transport-4.1.30.Final.jar:/home/user/.m2/repository/io/netty/netty-resolver/4.1.30.Final/netty-resolver-4.1.30.Final.jar:/home/user/.m2/repository/io/netty/netty-transport-native-unix-common/4.1.30.Final/netty-transport-native-unix-common-4.1.30.Final.jar:/home/user/.m2/repository/io/grpc/grpc-protobuf/1.17.1/grpc-protobuf-1.17.1.jar:/home/user/.m2/repository/com/google/api/grpc/proto-google-common-protos/1.0.0/proto-google-common-protos-1.0.0.jar:/home/user/.m2/repository/io/grpc/grpc-protobuf-lite/1.17.1/grpc-protobuf-lite-1.17.1.jar:/home/user/.m2/repository/io/grpc/grpc-stub/1.17.1/grpc-stub-1.17.1.jar:/home/user/.m2/repository/org/apache/hadoop/hadoop-ozone-recon/0.5.0-SNAPSHOT/hadoop-ozone-recon-0.5.0-SNAPSHOT.jar:/home/user/.m2/repository/org/apache/hadoop/hadoop-ozone-reconcodegen/0.5.0-SNAPSHOT/hadoop-ozone-reconcodegen-0.5.0-SNAPSHOT.jar:/home/user/.m2/repository/com/google/inject/extensions/guice-multibindings/4.0/guice-multibindings-4.0.jar:/home/user/.m2/repository/com/google/inject/guice/4.0/guice-4.0.jar:/home/user/.m2/repository/aopalliance/aopalliance/1.0/aopalliance-1.0.jar:/home/user/.m2/repository/com/google/inject/extensions/guice-servlet/4.0/guice-servlet-4.0.jar:/home/user/.m2/repository/org/glassfish/jersey/containers/jersey-container-servlet/2.27/jersey-container-servlet-2.27.jar:/home/user/.m2/repository/org/glassfish/hk2/guice-bridge/2.5.0/guice-bridge-2.5.0.jar:/home/user/.m2/repository/org/glassfish/jersey/core/jersey-server/2.27/jersey-server-2.27.jar:/home/user/.m2/repository/org/glassfish/jersey/core/jersey-client/2.27/jersey-client-2.27.jar:/home/user/.m2/repository/org/glassfish/jersey/media/jersey-media-jaxb/2.27/jersey-media-jaxb-2.27.jar:/home/user/.m2/repository/javax/validation/validation-api/1.1.0.Final/validation-api-1.1.0.Final.jar:/home/user/.m2/repository/org/glassfish/jersey/media/jersey-media-json-jackson/2.27/jersey-media-json-jackson-2.27.jar:/home/user/.m2/repository/org/glassfish/jersey/ext/jersey-entity-filtering/2.27/jersey-entity-filtering-2.27.jar:/home/user/.m2/repository/com/google/inject/extensions/guice-assistedinject/4.0/guice-assistedinject-4.0.jar:/home/user/.m2/repository/org/jooq/jooq/3.11.10/jooq-3.11.10.jar:/home/user/.m2/repository/org/jooq/jooq-meta/3.11.10/jooq-meta-3.11.10.jar:/home/user/.m2/repository/org/jooq/jooq-codegen/3.11.10/jooq-codegen-3.11.10.jar:/home/user/.m2/repository/com/jolbox/bonecp/0.8.0.RELEASE/bonecp-0.8.0.RELEASE.jar:/home/user/.m2/repository/org/xerial/sqlite-jdbc/3.25.2/sqlite-jdbc-3.25.2.jar:/home/user/.m2/repository/org/springframework/spring-jdbc/5.1.3.RELEASE/spring-jdbc-5.1.3.RELEASE.jar:/home/user/.m2/repository/org/springframework/spring-beans/5.1.3.RELEASE/spring-beans-5.1.3.RELEASE.jar:/home/user/.m2/repository/org/springframework/spring-core/5.1.3.RELEASE/spring-core-5.1.3.RELEASE.jar:/home/user/.m2/repository/org/springframework/spring-jcl/5.1.3.RELEASE/spring-jcl-5.1.3.RELEASE.jar:/home/user/.m2/repository/org/springframework/spring-tx/5.1.3.RELEASE/spring-tx-5.1.3.RELEASE.jar:/home/user/.m2/repository/org/apache/hadoop/hadoop-ozone-client/0.5.0-SNAPSHOT/hadoop-ozone-client-0.5.0-SNAPSHOT.jar:/home/user/.m2/repository/commons-lang/commons-lang/2.6/commons-lang-2.6.jar:/home/user/.m2/repository/org/apache/hadoop/hadoop-ozone-ozone-manager/0.5.0-SNAPSHOT/hadoop-ozone-ozone-manager-0.5.0-SNAPSHOT-tests.jar:/home/user/.m2/repository/junit/junit/4.11/junit-4.11.jar:/home/user/.m2/repository/org/hamcrest/hamcrest-core/1.3/hamcrest-core-1.3.jar:/home/user/.m2/repository/org/openjdk/jmh/jmh-core/1.19/jmh-core-1.19.jar:/home/user/.m2/repository/net/sf/jopt-simple/jopt-simple/4.6/jopt-simple-4.6.jar:/home/user/.m2/repository/org/apache/commons/commons-math3/3.1.1/commons-math3-3.1.1.jar:/home/user/.m2/repository/org/openjdk/jmh/jmh-generator-annprocess/1.19/jmh-generator-annprocess-1.19.jar:/home/user/.m2/repository/org/mockito/mockito-all/1.8.5/mockito-all-1.8.5.jar:/home/user/.m2/repository/org/apache/hadoop/hadoop-kms/3.2.0/hadoop-kms-3.2.0.jar:/home/user/.m2/repository/org/apache/hadoop/hadoop-auth/3.2.0/hadoop-auth-3.2.0.jar:/home/user/.m2/repository/com/nimbusds/nimbus-jose-jwt/4.41.1/nimbus-jose-jwt-4.41.1.jar:/home/user/.m2/repository/com/github/stephenc/jcip/jcip-annotations/1.0-1/jcip-annotations-1.0-1.jar:/home/user/.m2/repository/net/minidev/json-smart/2.3/json-smart-2.3.jar:/home/user/.m2/repository/net/minidev/accessors-smart/1.2/accessors-smart-1.2.jar:/home/user/.m2/repository/org/ow2/asm/asm/5.0.4/asm-5.0.4.jar:/home/user/.m2/repository/org/apache/curator/curator-framework/2.12.0/curator-framework-2.12.0.jar:/home/user/.m2/repository/com/sun/jersey/jersey-core/1.19/jersey-core-1.19.jar:/home/user/.m2/repository/javax/ws/rs/jsr311-api/1.1.1/jsr311-api-1.1.1.jar:/home/user/.m2/repository/com/sun/jersey/jersey-server/1.19/jersey-server-1.19.jar:/home/user/.m2/repository/javax/servlet/javax.servlet-api/3.1.0/javax.servlet-api-3.1.0.jar:/home/user/.m2/repository/org/eclipse/jetty/jetty-server/9.3.25.v20180904/jetty-server-9.3.25.v20180904.jar:/home/user/.m2/repository/org/eclipse/jetty/jetty-http/9.3.25.v20180904/jetty-http-9.3.25.v20180904.jar:/home/user/.m2/repository/org/eclipse/jetty/jetty-io/9.3.25.v20180904/jetty-io-9.3.25.v20180904.jar:/home/user/.m2/repository/org/eclipse/jetty/jetty-webapp/9.3.25.v20180904/jetty-webapp-9.3.25.v20180904.jar:/home/user/.m2/repository/org/eclipse/jetty/jetty-xml/9.3.25.v20180904/jetty-xml-9.3.25.v20180904.jar:/home/user/.m2/repository/log4j/log4j/1.2.17/log4j-1.2.17.jar:/home/user/.m2/repository/org/slf4j/slf4j-api/1.7.25/slf4j-api-1.7.25.jar:/home/user/.m2/repository/org/slf4j/jul-to-slf4j/1.7.25/jul-to-slf4j-1.7.25.jar:/home/user/.m2/repository/org/eclipse/jetty/jetty-util/9.3.25.v20180904/jetty-util-9.3.25.v20180904.jar:/home/user/.m2/repository/com/fasterxml/jackson/core/jackson-databind/2.9.9/jackson-databind-2.9.9.jar:/home/user/.m2/repository/org/apache/hadoop/hadoop-kms/3.2.0/hadoop-kms-3.2.0-tests.jar:/home/user/.m2/repository/org/apache/hadoop/hadoop-hdds-server-scm/0.5.0-SNAPSHOT/hadoop-hdds-server-scm-0.5.0-SNAPSHOT-tests.jar:/home/user/.m2/repository/org/apache/hadoop/hadoop-hdds-container-service/0.5.0-SNAPSHOT/hadoop-hdds-container-service-0.5.0-SNAPSHOT-tests.jar:/home/user/.m2/repository/org/yaml/snakeyaml/1.16/snakeyaml-1.16.jar:/home/user/.m2/repository/org/apache/hadoop/hadoop-common/3.2.0/hadoop-common-3.2.0-tests.jar:/home/user/.m2/repository/org/apache/hadoop/hadoop-annotations/3.2.0/hadoop-annotations-3.2.0.jar:/usr/lib/jvm/java-1.8.0-openjdk-1.8.0.222.b10-1.el7_7.x86_64/jre/../lib/tools.jar:/home/user/.m2/repository/commons-cli/commons-cli/1.2/commons-cli-1.2.jar:/home/user/.m2/repository/org/apache/httpcomponents/httpclient/4.5.2/httpclient-4.5.2.jar:/home/user/.m2/repository/org/apache/httpcomponents/httpcore/4.4.4/httpcore-4.4.4.jar:/home/user/.m2/repository/commons-codec/commons-codec/1.11/commons-codec-1.11.jar:/home/user/.m2/repository/commons-net/commons-net/3.6/commons-net-3.6.jar:/home/user/.m2/repository/commons-collections/commons-collections/3.2.2/commons-collections-3.2.2.jar:/home/user/.m2/repository/org/eclipse/jetty/jetty-servlet/9.3.25.v20180904/jetty-servlet-9.3.25.v20180904.jar:/home/user/.m2/repository/org/eclipse/jetty/jetty-security/9.3.25.v20180904/jetty-security-9.3.25.v20180904.jar:/home/user/.m2/repository/javax/servlet/jsp/jsp-api/2.1/jsp-api-2.1.jar:/home/user/.m2/repository/com/sun/jersey/jersey-servlet/1.19/jersey-servlet-1.19.jar:/home/user/.m2/repository/com/sun/jersey/jersey-json/1.19/jersey-json-1.19.jar:/home/user/.m2/repository/org/codehaus/jettison/jettison/1.1/jettison-1.1.jar:/home/user/.m2/repository/org/codehaus/jackson/jackson-core-asl/1.9.13/jackson-core-asl-1.9.13.jar:/home/user/.m2/repository/org/codehaus/jackson/jackson-mapper-asl/1.9.13/jackson-mapper-asl-1.9.13.jar:/home/user/.m2/repository/org/codehaus/jackson/jackson-jaxrs/1.9.13/jackson-jaxrs-1.9.13.jar:/home/user/.m2/repository/org/codehaus/jackson/jackson-xc/1.9.13/jackson-xc-1.9.13.jar:/home/user/.m2/repository/commons-logging/commons-logging/1.1.3/commons-logging-1.1.3.jar:/home/user/.m2/repository/commons-beanutils/commons-beanutils/1.9.4/commons-beanutils-1.9.4.jar:/home/user/.m2/repository/org/apache/commons/commons-configuration2/2.1.1/commons-configuration2-2.1.1.jar:/home/user/.m2/repository/org/apache/commons/commons-lang3/3.7/commons-lang3-3.7.jar:/home/user/.m2/repository/org/apache/commons/commons-text/1.4/commons-text-1.4.jar:/home/user/.m2/repository/org/apache/avro/avro/1.7.7/avro-1.7.7.jar:/home/user/.m2/repository/com/thoughtworks/paranamer/paranamer/2.3/paranamer-2.3.jar:/home/user/.m2/repository/org/xerial/snappy/snappy-java/1.0.5/snappy-java-1.0.5.jar:/home/user/.m2/repository/com/google/re2j/re2j/1.1/re2j-1.1.jar:/home/user/.m2/repository/com/google/code/gson/gson/2.2.4/gson-2.2.4.jar:/home/user/.m2/repository/com/jcraft/jsch/0.1.54/jsch-0.1.54.jar:/home/user/.m2/repository/org/apache/curator/curator-client/2.12.0/curator-client-2.12.0.jar:/home/user/.m2/repository/org/apache/curator/curator-recipes/2.12.0/curator-recipes-2.12.0.jar:/home/user/.m2/repository/com/google/code/findbugs/jsr305/3.0.0/jsr305-3.0.0.jar:/home/user/.m2/repository/org/apache/htrace/htrace-core4/4.1.0-incubating/htrace-core4-4.1.0-incubating.jar:/home/user/.m2/repository/org/apache/zookeeper/zookeeper/3.4.13/zookeeper-3.4.13.jar:/home/user/.m2/repository/jline/jline/0.9.94/jline-0.9.94.jar:/home/user/.m2/repository/org/apache/yetus/audience-annotations/0.5.0/audience-annotations-0.5.0.jar:/home/user/.m2/repository/org/codehaus/woodstox/stax2-api/3.1.4/stax2-api-3.1.4.jar:/home/user/.m2/repository/com/fasterxml/woodstox/woodstox-core/5.0.3/woodstox-core-5.0.3.jar:/home/user/.m2/repository/dnsjava/dnsjava/2.1.7/dnsjava-2.1.7.jar:/home/user/.m2/repository/org/apache/hadoop/hadoop-hdfs/3.2.0/hadoop-hdfs-3.2.0-tests.jar:/home/user/.m2/repository/org/eclipse/jetty/jetty-util-ajax/9.3.25.v20180904/jetty-util-ajax-9.3.25.v20180904.jar:/home/user/.m2/repository/commons-daemon/commons-daemon/1.0.13/commons-daemon-1.0.13.jar:/home/user/.m2/repository/io/netty/netty/3.10.5.Final/netty-3.10.5.Final.jar:/home/user/.m2/repository/io/netty/netty-all/4.0.52.Final/netty-all-4.0.52.Final.jar:/home/user/.m2/repository/org/fusesource/leveldbjni/leveldbjni-all/1.8/leveldbjni-all-1.8.jar:"/>
    <property name="sun.cpu.endian" value="little"/>
    <property name="user.home" value="/home/user"/>
    <property name="user.language" value="en"/>
    <property name="java.specification.vendor" value="Oracle Corporation"/>
    <property name="java.home" value="/usr/lib/jvm/java-1.8.0-openjdk-1.8.0.222.b10-1.el7_7.x86_64/jre"/>
    <property name="surefire.excludesFile" value="/tools/ozone-bad-unit-tests"/>
    <property name="java.security.krb5.conf" value="/workdir/hadoop-ozone/integration-test/target/test-classes/krb5.conf"/>
    <property name="basedir" value="/workdir/hadoop-ozone/integration-test"/>
    <property name="file.separator" value="/"/>
    <property name="line.separator" value="&#10;"/>
    <property name="java.vm.specification.vendor" value="Oracle Corporation"/>
    <property name="java.specification.name" value="Java Platform API Specification"/>
    <property name="java.awt.graphicsenv" value="sun.awt.X11GraphicsEnvironment"/>
    <property name="surefire.real.class.path" value="/workdir/hadoop-ozone/integration-test/target/surefire/surefirebooter3022406281798165932.jar"/>
    <property name="hadoop.log.dir" value="/workdir/hadoop-ozone/integration-test/target/log"/>
    <property name="sun.boot.class.path" value="/usr/lib/jvm/java-1.8.0-openjdk-1.8.0.222.b10-1.el7_7.x86_64/jre/lib/resources.jar:/usr/lib/jvm/java-1.8.0-openjdk-1.8.0.222.b10-1.el7_7.x86_64/jre/lib/rt.jar:/usr/lib/jvm/java-1.8.0-openjdk-1.8.0.222.b10-1.el7_7.x86_64/jre/lib/sunrsasign.jar:/usr/lib/jvm/java-1.8.0-openjdk-1.8.0.222.b10-1.el7_7.x86_64/jre/lib/jsse.jar:/usr/lib/jvm/java-1.8.0-openjdk-1.8.0.222.b10-1.el7_7.x86_64/jre/lib/jce.jar:/usr/lib/jvm/java-1.8.0-openjdk-1.8.0.222.b10-1.el7_7.x86_64/jre/lib/charsets.jar:/usr/lib/jvm/java-1.8.0-openjdk-1.8.0.222.b10-1.el7_7.x86_64/jre/lib/jfr.jar:/usr/lib/jvm/java-1.8.0-openjdk-1.8.0.222.b10-1.el7_7.x86_64/jre/classes"/>
    <property name="sun.management.compiler" value="HotSpot 64-Bit Tiered Compilers"/>
    <property name="java.runtime.version" value="1.8.0_222-b10"/>
    <property name="java.net.preferIPv4Stack" value="true"/>
    <property name="user.name" value="jenkins1000"/>
    <property name="path.separator" value=":"/>
    <property name="java.security.egd" value="file:///dev/urandom"/>
    <property name="os.version" value="3.10.0-957.12.2.el7.x86_64"/>
    <property name="java.endorsed.dirs" value="/usr/lib/jvm/java-1.8.0-openjdk-1.8.0.222.b10-1.el7_7.x86_64/jre/lib/endorsed"/>
    <property name="java.runtime.name" value="OpenJDK Runtime Environment"/>
    <property name="file.encoding" value="ANSI_X3.4-1968"/>
    <property name="java.vm.name" value="OpenJDK 64-Bit Server VM"/>
    <property name="test.build.webapps" value=""/>
    <property name="localRepository" value="/home/user/.m2/repository"/>
    <property name="java.vendor.url.bug" value="http://bugreport.sun.com/bugreport/"/>
    <property name="java.io.tmpdir" value="/tmp"/>
    <property name="require.test.libhadoop" value=""/>
    <property name="java.version" value="1.8.0_222"/>
    <property name="user.dir" value="/workdir/hadoop-ozone/integration-test"/>
    <property name="os.arch" value="amd64"/>
    <property name="java.vm.specification.name" value="Java Virtual Machine Specification"/>
    <property name="test.build.classes" value="/workdir/hadoop-ozone/integration-test/target/test-classes"/>
    <property name="java.awt.printerjob" value="sun.print.PSPrinterJob"/>
    <property name="sun.os.patch.level" value="unknown"/>
    <property name="hadoop.tmp.dir" value="/workdir/hadoop-ozone/integration-test/target/tmp"/>
    <property name="java.library.path" value="/usr/lib:/workdir/hadoop-ozone/integration-test/target/native/target/usr/local/lib:/workdir/hadoop-ozone/integration-test/../../hadoop-common-project/hadoop-common/target/native/target/usr/local/lib:/usr/java/packages/lib/amd64:/usr/lib64:/lib64:/lib:/usr/lib"/>
    <property name="java.vm.info" value="mixed mode"/>
    <property name="java.vendor" value="Oracle Corporation"/>
    <property name="java.vm.version" value="25.222-b10"/>
    <property name="java.ext.dirs" value="/usr/lib/jvm/java-1.8.0-openjdk-1.8.0.222.b10-1.el7_7.x86_64/jre/lib/ext:/usr/java/packages/lib/ext"/>
    <property name="sun.io.unicode.encoding" value="UnicodeLittle"/>
    <property name="java.class.version" value="52.0"/>
  </properties>
  <testcase name="testPipelineExclusionWithPipelineFailure" classname="org.apache.hadoop.ozone.client.rpc.TestFailureHandlingByClient" time="58.801"/>
  <testcase name="testContainerExclusionWithClosedContainerException" classname="org.apache.hadoop.ozone.client.rpc.TestFailureHandlingByClient" time="36.61">
    <error message="PipelineID=7ebd2859-b8ca-47ec-8e67-eb04782e8565 not found" type="org.apache.hadoop.hdds.scm.pipeline.PipelineNotFoundException">org.apache.hadoop.hdds.scm.pipeline.PipelineNotFoundException: PipelineID=7ebd2859-b8ca-47ec-8e67-eb04782e8565 not found
	at org.apache.hadoop.hdds.scm.pipeline.PipelineStateMap.getPipeline(PipelineStateMap.java:132)
	at org.apache.hadoop.hdds.scm.pipeline.PipelineStateManager.getPipeline(PipelineStateManager.java:64)
	at org.apache.hadoop.hdds.scm.pipeline.SCMPipelineManager.getPipeline(SCMPipelineManager.java:191)
	at org.apache.hadoop.ozone.container.ContainerTestHelper.waitForContainerClose(ContainerTestHelper.java:873)
	at org.apache.hadoop.ozone.client.rpc.TestFailureHandlingByClient.testContainerExclusionWithClosedContainerException(TestFailureHandlingByClient.java:249)
	at sun.reflect.NativeMethodAccessorImpl.invoke0(Native Method)
	at sun.reflect.NativeMethodAccessorImpl.invoke(NativeMethodAccessorImpl.java:62)
	at sun.reflect.DelegatingMethodAccessorImpl.invoke(DelegatingMethodAccessorImpl.java:43)
	at java.lang.reflect.Method.invoke(Method.java:498)
	at org.junit.runners.model.FrameworkMethod$1.runReflectiveCall(FrameworkMethod.java:47)
	at org.junit.internal.runners.model.ReflectiveCallable.run(ReflectiveCallable.java:12)
	at org.junit.runners.model.FrameworkMethod.invokeExplosively(FrameworkMethod.java:44)
	at org.junit.internal.runners.statements.InvokeMethod.evaluate(InvokeMethod.java:17)
	at org.junit.internal.runners.statements.RunAfters.evaluate(RunAfters.java:27)
	at org.junit.runners.ParentRunner.runLeaf(ParentRunner.java:271)
	at org.junit.runners.BlockJUnit4ClassRunner.runChild(BlockJUnit4ClassRunner.java:70)
	at org.junit.runners.BlockJUnit4ClassRunner.runChild(BlockJUnit4ClassRunner.java:50)
	at org.junit.runners.ParentRunner$3.run(ParentRunner.java:238)
	at org.junit.runners.ParentRunner$1.schedule(ParentRunner.java:63)
	at org.junit.runners.ParentRunner.runChildren(ParentRunner.java:236)
	at org.junit.runners.ParentRunner.access$000(ParentRunner.java:53)
	at org.junit.runners.ParentRunner$2.evaluate(ParentRunner.java:229)
	at org.junit.runners.ParentRunner.run(ParentRunner.java:309)
	at org.apache.maven.surefire.junit4.JUnit4Provider.execute(JUnit4Provider.java:365)
	at org.apache.maven.surefire.junit4.JUnit4Provider.executeWithRerun(JUnit4Provider.java:273)
	at org.apache.maven.surefire.junit4.JUnit4Provider.executeTestSet(JUnit4Provider.java:238)
	at org.apache.maven.surefire.junit4.JUnit4Provider.invoke(JUnit4Provider.java:159)
	at org.apache.maven.surefire.booter.ForkedBooter.invokeProviderInSameClassLoader(ForkedBooter.java:384)
	at org.apache.maven.surefire.booter.ForkedBooter.runSuitesInProcess(ForkedBooter.java:345)
	at org.apache.maven.surefire.booter.ForkedBooter.execute(ForkedBooter.java:126)
	at org.apache.maven.surefire.booter.ForkedBooter.main(ForkedBooter.java:418)
</error>
    <system-out><![CDATA[2019-11-13 16:20:35,608 [main] WARN  server.ServerUtils (ServerUtils.java:getScmDbDir(145)) - ozone.scm.db.dirs is not configured. We recommend adding this setting. Falling back to ozone.metadata.dirs instead.
2019-11-13 16:20:35,643 [main] WARN  server.ServerUtils (ServerUtils.java:getScmDbDir(145)) - ozone.scm.db.dirs is not configured. We recommend adding this setting. Falling back to ozone.metadata.dirs instead.
2019-11-13 16:20:35,644 [main] WARN  server.ServerUtils (ServerUtils.java:getScmDbDir(145)) - ozone.scm.db.dirs is not configured. We recommend adding this setting. Falling back to ozone.metadata.dirs instead.
2019-11-13 16:20:35,645 [main] INFO  db.DBStoreBuilder (DBStoreBuilder.java:addTable(127)) - using custom profile for table: deletedBlocks
2019-11-13 16:20:35,645 [main] INFO  db.DBStoreBuilder (DBStoreBuilder.java:processTables(183)) - Using default column profile:DBProfile.DISK for Table:deletedBlocks
2019-11-13 16:20:35,645 [main] INFO  db.DBStoreBuilder (DBStoreBuilder.java:addTable(127)) - using custom profile for table: validCerts
2019-11-13 16:20:35,645 [main] INFO  db.DBStoreBuilder (DBStoreBuilder.java:processTables(183)) - Using default column profile:DBProfile.DISK for Table:validCerts
2019-11-13 16:20:35,645 [main] INFO  db.DBStoreBuilder (DBStoreBuilder.java:addTable(127)) - using custom profile for table: revokedCerts
2019-11-13 16:20:35,646 [main] INFO  db.DBStoreBuilder (DBStoreBuilder.java:processTables(183)) - Using default column profile:DBProfile.DISK for Table:revokedCerts
2019-11-13 16:20:35,646 [main] INFO  db.DBStoreBuilder (DBStoreBuilder.java:addTable(127)) - using custom profile for table: default
2019-11-13 16:20:35,646 [main] INFO  db.DBStoreBuilder (DBStoreBuilder.java:processTables(189)) - Using default column profile:DBProfile.DISK for Table:default
2019-11-13 16:20:35,646 [main] INFO  db.DBStoreBuilder (DBStoreBuilder.java:getDbProfile(220)) - Using default options. DBProfile.DISK
2019-11-13 16:20:36,056 [main] INFO  net.NodeSchemaLoader (NodeSchemaLoader.java:loadSchemaFromFile(125)) - Loading file from sun.misc.CompoundEnumeration@74d6736
2019-11-13 16:20:36,056 [main] INFO  net.NodeSchemaLoader (NodeSchemaLoader.java:loadSchema(171)) - Loading network topology layer schema file
2019-11-13 16:20:36,061 [main] INFO  node.SCMNodeManager (SCMNodeManager.java:<init>(116)) - Entering startup safe mode.
2019-11-13 16:20:36,062 [main] INFO  algorithms.ContainerPlacementPolicyFactory (ContainerPlacementPolicyFactory.java:getPolicy(57)) - Create container placement policy of type org.apache.hadoop.hdds.scm.container.placement.algorithms.SCMContainerPlacementRandom
2019-11-13 16:20:36,062 [main] WARN  server.ServerUtils (ServerUtils.java:getScmDbDir(145)) - ozone.scm.db.dirs is not configured. We recommend adding this setting. Falling back to ozone.metadata.dirs instead.
2019-11-13 16:20:36,216 [main] INFO  pipeline.SCMPipelineManager (SCMPipelineManager.java:initializePipelineState(132)) - No pipeline exists in current db
2019-11-13 16:20:36,216 [main] WARN  server.ServerUtils (ServerUtils.java:getScmDbDir(145)) - ozone.scm.db.dirs is not configured. We recommend adding this setting. Falling back to ozone.metadata.dirs instead.
2019-11-13 16:20:36,386 [main] WARN  events.EventQueue (EventQueue.java:fireEvent(183)) - No event handler registered for event TypedEvent{payloadType=SafeModeStatus, name='SafeModeStatus'}
2019-11-13 16:20:36,387 [main] INFO  ipc.CallQueueManager (CallQueueManager.java:<init>(84)) - Using callQueue: class java.util.concurrent.LinkedBlockingQueue, queueCapacity: 2000, scheduler: class org.apache.hadoop.ipc.DefaultRpcScheduler, ipcBackoff: false.
2019-11-13 16:20:36,389 [Socket Reader #1 for port 43211] INFO  ipc.Server (Server.java:run(1074)) - Starting Socket Reader #1 for port 43211
2019-11-13 16:20:36,391 [main] INFO  ipc.CallQueueManager (CallQueueManager.java:<init>(84)) - Using callQueue: class java.util.concurrent.LinkedBlockingQueue, queueCapacity: 2000, scheduler: class org.apache.hadoop.ipc.DefaultRpcScheduler, ipcBackoff: false.
2019-11-13 16:20:36,392 [Socket Reader #1 for port 33416] INFO  ipc.Server (Server.java:run(1074)) - Starting Socket Reader #1 for port 33416
2019-11-13 16:20:36,393 [main] INFO  ipc.CallQueueManager (CallQueueManager.java:<init>(84)) - Using callQueue: class java.util.concurrent.LinkedBlockingQueue, queueCapacity: 2000, scheduler: class org.apache.hadoop.ipc.DefaultRpcScheduler, ipcBackoff: false.
2019-11-13 16:20:36,394 [Socket Reader #1 for port 33952] INFO  ipc.Server (Server.java:run(1074)) - Starting Socket Reader #1 for port 33952
2019-11-13 16:20:36,397 [main] INFO  hdfs.DFSUtil (DFSUtil.java:httpServerTemplateForNNAndJN(1641)) - Starting Web-server for scm at: http://0.0.0.0:0
2019-11-13 16:20:36,400 [main] INFO  server.AuthenticationFilter (AuthenticationFilter.java:constructSecretProvider(240)) - Unable to initialize FileSignerSecretProvider, falling back to use random secrets.
2019-11-13 16:20:36,401 [main] WARN  http.HttpRequestLog (HttpRequestLog.java:getRequestLog(97)) - Jetty request log can only be enabled using Log4j
2019-11-13 16:20:36,403 [main] INFO  http.HttpServer2 (HttpServer2.java:addGlobalFilter(975)) - Added global filter 'safety' (class=org.apache.hadoop.http.HttpServer2$QuotingInputFilter)
2019-11-13 16:20:36,404 [main] INFO  http.HttpServer2 (HttpServer2.java:addFilter(948)) - Added filter static_user_filter (class=org.apache.hadoop.http.lib.StaticUserWebFilter$StaticUserFilter) to context scm
2019-11-13 16:20:36,404 [main] INFO  http.HttpServer2 (HttpServer2.java:addFilter(958)) - Added filter static_user_filter (class=org.apache.hadoop.http.lib.StaticUserWebFilter$StaticUserFilter) to context logs
2019-11-13 16:20:36,404 [main] INFO  http.HttpServer2 (HttpServer2.java:addFilter(958)) - Added filter static_user_filter (class=org.apache.hadoop.http.lib.StaticUserWebFilter$StaticUserFilter) to context static
2019-11-13 16:20:36,407 [main] INFO  server.StorageContainerManager (StorageContainerManager.java:start(764)) - StorageContainerLocationProtocol RPC server is listening at /0.0.0.0:33952
2019-11-13 16:20:36,409 [main] WARN  impl.MetricsConfig (MetricsConfig.java:loadFirst(134)) - Cannot locate configuration: tried hadoop-metrics2-storagecontainermanager.properties,hadoop-metrics2.properties
2019-11-13 16:20:36,411 [main] INFO  impl.MetricsSystemImpl (MetricsSystemImpl.java:startTimer(374)) - Scheduled Metric snapshot period at 10 second(s).
2019-11-13 16:20:36,411 [main] INFO  impl.MetricsSystemImpl (MetricsSystemImpl.java:start(191)) - StorageContainerManager metrics system started
2019-11-13 16:20:36,457 [main] WARN  impl.MetricsSystemImpl (MetricsSystemImpl.java:register(276)) - Sink prometheus already exists!
2019-11-13 16:20:36,466 [main] INFO  server.SCMClientProtocolServer (SCMClientProtocolServer.java:start(159)) - RPC server for Client  is listening at /0.0.0.0:33952
2019-11-13 16:20:36,467 [IPC Server Responder] INFO  ipc.Server (Server.java:run(1314)) - IPC Server Responder: starting
2019-11-13 16:20:36,467 [IPC Server listener on 33952] INFO  ipc.Server (Server.java:run(1153)) - IPC Server listener on 33952: starting
2019-11-13 16:20:36,471 [main] INFO  server.StorageContainerManager (StorageContainerManager.java:start(774)) - ScmBlockLocationProtocol RPC server is listening at /0.0.0.0:33416
2019-11-13 16:20:36,471 [main] INFO  server.SCMBlockProtocolServer (SCMBlockProtocolServer.java:start(146)) - RPC server for Block Protocol is listening at /0.0.0.0:33416
2019-11-13 16:20:36,472 [IPC Server Responder] INFO  ipc.Server (Server.java:run(1314)) - IPC Server Responder: starting
2019-11-13 16:20:36,472 [IPC Server listener on 33416] INFO  ipc.Server (Server.java:run(1153)) - IPC Server listener on 33416: starting
2019-11-13 16:20:36,475 [main] INFO  server.StorageContainerManager (StorageContainerManager.java:start(778)) - ScmDatanodeProtocl RPC server is listening at /0.0.0.0:43211
2019-11-13 16:20:36,476 [main] INFO  server.SCMDatanodeProtocolServer (SCMDatanodeProtocolServer.java:start(169)) - RPC server for DataNodes is listening at /0.0.0.0:43211
2019-11-13 16:20:36,476 [IPC Server Responder] INFO  ipc.Server (Server.java:run(1314)) - IPC Server Responder: starting
2019-11-13 16:20:36,476 [IPC Server listener on 43211] INFO  ipc.Server (Server.java:run(1153)) - IPC Server listener on 43211: starting
2019-11-13 16:20:36,480 [main] INFO  http.HttpServer2 (HttpServer2.java:bindListener(1191)) - Jetty bound to port 37121
2019-11-13 16:20:36,480 [main] INFO  server.Server (Server.java:doStart(351)) - jetty-9.3.25.v20180904, build timestamp: 2018-09-04T21:11:46Z, git hash: 3ce520221d0240229c862b122d2b06c12a625732
2019-11-13 16:20:36,483 [main] INFO  handler.ContextHandler (ContextHandler.java:doStart(781)) - Started o.e.j.s.ServletContextHandler@6d099323{/logs,file:///workdir/hadoop-ozone/integration-test/target/log,AVAILABLE}
2019-11-13 16:20:36,483 [main] INFO  handler.ContextHandler (ContextHandler.java:doStart(781)) - Started o.e.j.s.ServletContextHandler@10947c4e{/static,file:///workdir/hadoop-ozone/integration-test/target/test-classes/webapps/static,AVAILABLE}
2019-11-13 16:20:36,490 [main] INFO  handler.ContextHandler (ContextHandler.java:doStart(781)) - Started o.e.j.w.WebAppContext@3f598450{/,file:///workdir/hadoop-ozone/integration-test/target/test-classes/webapps/scm/,AVAILABLE}{/scm}
2019-11-13 16:20:36,491 [main] INFO  server.AbstractConnector (AbstractConnector.java:doStart(278)) - Started ServerConnector@2db2a05f{HTTP/1.1,[http/1.1]}{0.0.0.0:37121}
2019-11-13 16:20:36,492 [main] INFO  server.Server (Server.java:doStart(419)) - Started @60090ms
2019-11-13 16:20:36,492 [main] WARN  impl.MetricsSystemImpl (MetricsSystemImpl.java:register(276)) - Sink prometheus already exists!
2019-11-13 16:20:36,493 [main] INFO  server.BaseHttpServer (BaseHttpServer.java:updateConnectorAddress(215)) - HTTP server of SCM is listening at http://0.0.0.0:37121
2019-11-13 16:20:36,494 [org.apache.hadoop.util.JvmPauseMonitor$Monitor@d5bb1c4] INFO  util.JvmPauseMonitor (JvmPauseMonitor.java:run(188)) - Starting JVM pause monitor
2019-11-13 16:20:36,494 [main] WARN  server.ServerUtils (ServerUtils.java:getDBPath(222)) - ozone.om.db.dirs is not configured. We recommend adding this setting. Falling back to ozone.metadata.dirs instead.
2019-11-13 16:20:36,524 [main] INFO  ha.OMHANodeDetails (OMHANodeDetails.java:loadOMHAConfig(190)) - Configuration either no ozone.om.address set. Falling back to the default OM address /127.0.0.1:0
2019-11-13 16:20:36,524 [main] INFO  ha.OMHANodeDetails (OMHANodeDetails.java:getOMNodeDetails(220)) - OM Service ID is not set. Setting it to the default ID: omServiceIdDefault
2019-11-13 16:20:36,525 [main] WARN  server.ServerUtils (ServerUtils.java:getDBPath(222)) - ozone.om.db.dirs is not configured. We recommend adding this setting. Falling back to ozone.metadata.dirs instead.
2019-11-13 16:20:36,526 [main] WARN  server.ServerUtils (ServerUtils.java:getDBPath(222)) - ozone.om.db.dirs is not configured. We recommend adding this setting. Falling back to ozone.metadata.dirs instead.
2019-11-13 16:20:36,535 [main] WARN  server.ServerUtils (ServerUtils.java:getDBPath(222)) - ozone.om.db.dirs is not configured. We recommend adding this setting. Falling back to ozone.metadata.dirs instead.
2019-11-13 16:20:36,536 [main] INFO  db.DBStoreBuilder (DBStoreBuilder.java:addTable(127)) - using custom profile for table: userTable
2019-11-13 16:20:36,536 [main] INFO  db.DBStoreBuilder (DBStoreBuilder.java:processTables(183)) - Using default column profile:DBProfile.DISK for Table:userTable
2019-11-13 16:20:36,536 [main] INFO  db.DBStoreBuilder (DBStoreBuilder.java:addTable(127)) - using custom profile for table: volumeTable
2019-11-13 16:20:36,536 [main] INFO  db.DBStoreBuilder (DBStoreBuilder.java:processTables(183)) - Using default column profile:DBProfile.DISK for Table:volumeTable
2019-11-13 16:20:36,537 [main] INFO  db.DBStoreBuilder (DBStoreBuilder.java:addTable(127)) - using custom profile for table: bucketTable
2019-11-13 16:20:36,537 [main] INFO  db.DBStoreBuilder (DBStoreBuilder.java:processTables(183)) - Using default column profile:DBProfile.DISK for Table:bucketTable
2019-11-13 16:20:36,537 [main] INFO  db.DBStoreBuilder (DBStoreBuilder.java:addTable(127)) - using custom profile for table: keyTable
2019-11-13 16:20:36,537 [main] INFO  db.DBStoreBuilder (DBStoreBuilder.java:processTables(183)) - Using default column profile:DBProfile.DISK for Table:keyTable
2019-11-13 16:20:36,538 [main] INFO  db.DBStoreBuilder (DBStoreBuilder.java:addTable(127)) - using custom profile for table: deletedTable
2019-11-13 16:20:36,538 [main] INFO  db.DBStoreBuilder (DBStoreBuilder.java:processTables(183)) - Using default column profile:DBProfile.DISK for Table:deletedTable
2019-11-13 16:20:36,538 [main] INFO  db.DBStoreBuilder (DBStoreBuilder.java:addTable(127)) - using custom profile for table: openKeyTable
2019-11-13 16:20:36,538 [main] INFO  db.DBStoreBuilder (DBStoreBuilder.java:processTables(183)) - Using default column profile:DBProfile.DISK for Table:openKeyTable
2019-11-13 16:20:36,539 [main] INFO  db.DBStoreBuilder (DBStoreBuilder.java:addTable(127)) - using custom profile for table: s3Table
2019-11-13 16:20:36,539 [main] INFO  db.DBStoreBuilder (DBStoreBuilder.java:processTables(183)) - Using default column profile:DBProfile.DISK for Table:s3Table
2019-11-13 16:20:36,539 [main] INFO  db.DBStoreBuilder (DBStoreBuilder.java:addTable(127)) - using custom profile for table: multipartInfoTable
2019-11-13 16:20:36,539 [main] INFO  db.DBStoreBuilder (DBStoreBuilder.java:processTables(183)) - Using default column profile:DBProfile.DISK for Table:multipartInfoTable
2019-11-13 16:20:36,540 [main] INFO  db.DBStoreBuilder (DBStoreBuilder.java:addTable(127)) - using custom profile for table: dTokenTable
2019-11-13 16:20:36,540 [main] INFO  db.DBStoreBuilder (DBStoreBuilder.java:processTables(183)) - Using default column profile:DBProfile.DISK for Table:dTokenTable
2019-11-13 16:20:36,540 [main] INFO  db.DBStoreBuilder (DBStoreBuilder.java:addTable(127)) - using custom profile for table: s3SecretTable
2019-11-13 16:20:36,540 [main] INFO  db.DBStoreBuilder (DBStoreBuilder.java:processTables(183)) - Using default column profile:DBProfile.DISK for Table:s3SecretTable
2019-11-13 16:20:36,541 [main] INFO  db.DBStoreBuilder (DBStoreBuilder.java:addTable(127)) - using custom profile for table: prefixTable
2019-11-13 16:20:36,541 [main] INFO  db.DBStoreBuilder (DBStoreBuilder.java:processTables(183)) - Using default column profile:DBProfile.DISK for Table:prefixTable
2019-11-13 16:20:36,541 [main] INFO  db.DBStoreBuilder (DBStoreBuilder.java:addTable(127)) - using custom profile for table: default
2019-11-13 16:20:36,541 [main] INFO  db.DBStoreBuilder (DBStoreBuilder.java:processTables(189)) - Using default column profile:DBProfile.DISK for Table:default
2019-11-13 16:20:36,541 [main] INFO  db.DBStoreBuilder (DBStoreBuilder.java:getDbProfile(220)) - Using default options. DBProfile.DISK
2019-11-13 16:20:37,412 [main] INFO  ipc.CallQueueManager (CallQueueManager.java:<init>(84)) - Using callQueue: class java.util.concurrent.LinkedBlockingQueue, queueCapacity: 2000, scheduler: class org.apache.hadoop.ipc.DefaultRpcScheduler, ipcBackoff: false.
2019-11-13 16:20:37,417 [Socket Reader #1 for port 32929] INFO  ipc.Server (Server.java:run(1074)) - Starting Socket Reader #1 for port 32929
2019-11-13 16:20:37,446 [main] INFO  om.OzoneManager (OzoneManager.java:start(1077)) - OzoneManager RPC server is listening at localhost/127.0.0.1:32929
2019-11-13 16:20:37,447 [main] INFO  impl.MetricsSystemImpl (MetricsSystemImpl.java:init(158)) - OzoneManager metrics system started (again)
2019-11-13 16:20:37,449 [IPC Server Responder] INFO  ipc.Server (Server.java:run(1314)) - IPC Server Responder: starting
2019-11-13 16:20:37,449 [IPC Server listener on 32929] INFO  ipc.Server (Server.java:run(1153)) - IPC Server listener on 32929: starting
2019-11-13 16:20:37,457 [main] INFO  hdfs.DFSUtil (DFSUtil.java:httpServerTemplateForNNAndJN(1641)) - Starting Web-server for ozoneManager at: http://0.0.0.0:0
2019-11-13 16:20:37,460 [main] INFO  server.AuthenticationFilter (AuthenticationFilter.java:constructSecretProvider(240)) - Unable to initialize FileSignerSecretProvider, falling back to use random secrets.
2019-11-13 16:20:37,460 [main] WARN  http.HttpRequestLog (HttpRequestLog.java:getRequestLog(97)) - Jetty request log can only be enabled using Log4j
2019-11-13 16:20:37,463 [main] INFO  http.HttpServer2 (HttpServer2.java:addGlobalFilter(975)) - Added global filter 'safety' (class=org.apache.hadoop.http.HttpServer2$QuotingInputFilter)
2019-11-13 16:20:37,464 [main] INFO  http.HttpServer2 (HttpServer2.java:addFilter(948)) - Added filter static_user_filter (class=org.apache.hadoop.http.lib.StaticUserWebFilter$StaticUserFilter) to context ozoneManager
2019-11-13 16:20:37,464 [main] INFO  http.HttpServer2 (HttpServer2.java:addFilter(958)) - Added filter static_user_filter (class=org.apache.hadoop.http.lib.StaticUserWebFilter$StaticUserFilter) to context static
2019-11-13 16:20:37,464 [main] INFO  http.HttpServer2 (HttpServer2.java:addFilter(958)) - Added filter static_user_filter (class=org.apache.hadoop.http.lib.StaticUserWebFilter$StaticUserFilter) to context logs
2019-11-13 16:20:37,465 [main] INFO  http.HttpServer2 (HttpServer2.java:bindListener(1191)) - Jetty bound to port 43772
2019-11-13 16:20:37,465 [main] INFO  server.Server (Server.java:doStart(351)) - jetty-9.3.25.v20180904, build timestamp: 2018-09-04T21:11:46Z, git hash: 3ce520221d0240229c862b122d2b06c12a625732
2019-11-13 16:20:37,467 [main] INFO  handler.ContextHandler (ContextHandler.java:doStart(781)) - Started o.e.j.s.ServletContextHandler@6ebc9573{/logs,file:///workdir/hadoop-ozone/integration-test/target/log,AVAILABLE}
2019-11-13 16:20:37,468 [main] INFO  handler.ContextHandler (ContextHandler.java:doStart(781)) - Started o.e.j.s.ServletContextHandler@630390b9{/static,file:///workdir/hadoop-ozone/integration-test/target/test-classes/webapps/static,AVAILABLE}
2019-11-13 16:20:37,473 [main] INFO  handler.ContextHandler (ContextHandler.java:doStart(781)) - Started o.e.j.w.WebAppContext@7c663eaf{/,file:///workdir/hadoop-ozone/integration-test/target/test-classes/webapps/ozoneManager/,AVAILABLE}{/ozoneManager}
2019-11-13 16:20:37,473 [main] INFO  server.AbstractConnector (AbstractConnector.java:doStart(278)) - Started ServerConnector@3bb5ceb{HTTP/1.1,[http/1.1]}{0.0.0.0:43772}
2019-11-13 16:20:37,474 [main] INFO  server.Server (Server.java:doStart(419)) - Started @61073ms
2019-11-13 16:20:37,474 [main] WARN  impl.MetricsSystemImpl (MetricsSystemImpl.java:register(276)) - Sink prometheus already exists!
2019-11-13 16:20:37,475 [main] INFO  server.BaseHttpServer (BaseHttpServer.java:updateConnectorAddress(215)) - HTTP server of OZONEMANAGER is listening at http://0.0.0.0:43772
2019-11-13 16:20:37,498 [main] INFO  impl.MetricsSystemImpl (MetricsSystemImpl.java:init(158)) - HddsDatanode metrics system started (again)
2019-11-13 16:20:37,500 [main] INFO  ozone.HddsDatanodeService (HddsDatanodeService.java:start(186)) - HddsDatanodeService host:pr-hdds-2467-gc456-181853687 ip:192.168.69.122
2019-11-13 16:20:37,507 [main] INFO  volume.HddsVolume (HddsVolume.java:<init>(176)) - Creating Volume: /workdir/hadoop-ozone/integration-test/target/test-dir/MiniOzoneClusterImpl-3a974f43-0da0-4ff7-ab4a-31bb81b91875/datanode-0/data/containers/hdds of  storage type : DISK and capacity : 1482555576320
2019-11-13 16:20:37,507 [main] INFO  volume.VolumeSet (VolumeSet.java:initializeVolumeSet(170)) - Added Volume : /workdir/hadoop-ozone/integration-test/target/test-dir/MiniOzoneClusterImpl-3a974f43-0da0-4ff7-ab4a-31bb81b91875/datanode-0/data/containers/hdds to VolumeSet
2019-11-13 16:20:37,507 [main] INFO  volume.ThrottledAsyncChecker (ThrottledAsyncChecker.java:schedule(141)) - Scheduling a check for /workdir/hadoop-ozone/integration-test/target/test-dir/MiniOzoneClusterImpl-3a974f43-0da0-4ff7-ab4a-31bb81b91875/datanode-0/data/containers/hdds
2019-11-13 16:20:37,508 [main] INFO  volume.HddsVolumeChecker (HddsVolumeChecker.java:checkAllVolumes(204)) - Scheduled health check for volume /workdir/hadoop-ozone/integration-test/target/test-dir/MiniOzoneClusterImpl-3a974f43-0da0-4ff7-ab4a-31bb81b91875/datanode-0/data/containers/hdds
2019-11-13 16:20:37,523 [main] INFO  impl.RaftServerProxy (ConfUtils.java:logGet(43)) - raft.rpc.type = GRPC (default)
2019-11-13 16:20:37,524 [main] INFO  grpc.GrpcFactory (GrpcFactory.java:checkPooledByteBufAllocatorUseCacheForAllThreads(45)) - PERFORMANCE WARNING: useCacheForAllThreads is true that may cause Netty to create a lot garbage objects and, as a result, trigger GC.
	It is recommended to disable useCacheForAllThreads by setting -Dorg.apache.ratis.thirdparty.io.netty.allocator.useCacheForAllThreads=false in command line.
2019-11-13 16:20:37,524 [main] INFO  grpc.GrpcConfigKeys$Server (ConfUtils.java:logGet(43)) - raft.grpc.server.port = 0 (default)
2019-11-13 16:20:37,524 [main] INFO  server.GrpcService (ConfUtils.java:logGet(43)) - raft.grpc.message.size.max = 33570816 (custom)
2019-11-13 16:20:37,524 [main] INFO  server.RaftServerConfigKeys (ConfUtils.java:logGet(43)) - raft.server.log.appender.buffer.byte-limit = 33554432 (custom)
2019-11-13 16:20:37,524 [main] INFO  server.GrpcService (ConfUtils.java:logGet(43)) - raft.grpc.flow.control.window = 1MB (=1048576) (default)
2019-11-13 16:20:37,525 [main] INFO  server.RaftServerConfigKeys (ConfUtils.java:logGet(43)) - raft.server.rpc.request.timeout = 3000ms (default)
2019-11-13 16:20:37,525 [main] INFO  server.RaftServerConfigKeys (ConfUtils.java:logGet(43)) - raft.server.storage.dir = [/workdir/hadoop-ozone/integration-test/target/test-dir/MiniOzoneClusterImpl-3a974f43-0da0-4ff7-ab4a-31bb81b91875/datanode-0/data/ratis] (custom)
2019-11-13 16:20:37,527 [main] INFO  hdfs.DFSUtil (DFSUtil.java:httpServerTemplateForNNAndJN(1641)) - Starting Web-server for hddsDatanode at: http://0.0.0.0:0
2019-11-13 16:20:37,529 [main] INFO  server.AuthenticationFilter (AuthenticationFilter.java:constructSecretProvider(240)) - Unable to initialize FileSignerSecretProvider, falling back to use random secrets.
2019-11-13 16:20:37,529 [main] WARN  http.HttpRequestLog (HttpRequestLog.java:getRequestLog(97)) - Jetty request log can only be enabled using Log4j
2019-11-13 16:20:37,530 [main] INFO  http.HttpServer2 (HttpServer2.java:addGlobalFilter(975)) - Added global filter 'safety' (class=org.apache.hadoop.http.HttpServer2$QuotingInputFilter)
2019-11-13 16:20:37,531 [main] INFO  http.HttpServer2 (HttpServer2.java:addFilter(948)) - Added filter static_user_filter (class=org.apache.hadoop.http.lib.StaticUserWebFilter$StaticUserFilter) to context hddsDatanode
2019-11-13 16:20:37,531 [main] INFO  http.HttpServer2 (HttpServer2.java:addFilter(958)) - Added filter static_user_filter (class=org.apache.hadoop.http.lib.StaticUserWebFilter$StaticUserFilter) to context logs
2019-11-13 16:20:37,531 [main] INFO  http.HttpServer2 (HttpServer2.java:addFilter(958)) - Added filter static_user_filter (class=org.apache.hadoop.http.lib.StaticUserWebFilter$StaticUserFilter) to context static
2019-11-13 16:20:37,532 [main] INFO  http.HttpServer2 (HttpServer2.java:bindListener(1191)) - Jetty bound to port 38114
2019-11-13 16:20:37,532 [main] INFO  server.Server (Server.java:doStart(351)) - jetty-9.3.25.v20180904, build timestamp: 2018-09-04T21:11:46Z, git hash: 3ce520221d0240229c862b122d2b06c12a625732
2019-11-13 16:20:37,533 [main] INFO  handler.ContextHandler (ContextHandler.java:doStart(781)) - Started o.e.j.s.ServletContextHandler@2fe74516{/logs,file:///workdir/hadoop-ozone/integration-test/target/log,AVAILABLE}
2019-11-13 16:20:37,534 [main] INFO  handler.ContextHandler (ContextHandler.java:doStart(781)) - Started o.e.j.s.ServletContextHandler@217bf99e{/static,jar:file:/home/user/.m2/repository/org/apache/hadoop/hadoop-hdds-container-service/0.5.0-SNAPSHOT/hadoop-hdds-container-service-0.5.0-SNAPSHOT.jar!/webapps/static,AVAILABLE}
2019-11-13 16:20:37,563 [main] INFO  handler.ContextHandler (ContextHandler.java:doStart(781)) - Started o.e.j.w.WebAppContext@748ac6f3{/,file:///tmp/jetty-0.0.0.0-38114-hddsDatanode-_-any-2626564334479883168.dir/webapp/,AVAILABLE}{/hddsDatanode}
2019-11-13 16:20:37,564 [main] INFO  server.AbstractConnector (AbstractConnector.java:doStart(278)) - Started ServerConnector@68f6e55d{HTTP/1.1,[http/1.1]}{0.0.0.0:38114}
2019-11-13 16:20:37,565 [main] INFO  server.Server (Server.java:doStart(419)) - Started @61164ms
2019-11-13 16:20:37,565 [main] WARN  impl.MetricsSystemImpl (MetricsSystemImpl.java:register(276)) - Sink prometheus already exists!
2019-11-13 16:20:37,567 [main] INFO  server.BaseHttpServer (BaseHttpServer.java:updateConnectorAddress(215)) - HTTP server of HDDSDATANODE is listening at http://0.0.0.0:38114
2019-11-13 16:20:37,567 [main] INFO  impl.MetricsSystemImpl (MetricsSystemImpl.java:init(158)) - HddsDatanode metrics system started (again)
2019-11-13 16:20:37,569 [org.apache.hadoop.util.JvmPauseMonitor$Monitor@5397df0b] INFO  util.JvmPauseMonitor (JvmPauseMonitor.java:run(188)) - Starting JVM pause monitor
2019-11-13 16:20:37,570 [main] INFO  ozone.HddsDatanodeService (HddsDatanodeService.java:start(186)) - HddsDatanodeService host:pr-hdds-2467-gc456-181853687 ip:192.168.69.122
2019-11-13 16:20:37,575 [Datanode State Machine Thread - 0] INFO  datanode.InitDatanodeState (InitDatanodeState.java:persistContainerDatanodeDetails(140)) - DatanodeDetails is persisted to /workdir/hadoop-ozone/integration-test/target/test-dir/MiniOzoneClusterImpl-3a974f43-0da0-4ff7-ab4a-31bb81b91875/datanode-0/meta/datanode.id
2019-11-13 16:20:37,579 [main] INFO  volume.HddsVolume (HddsVolume.java:<init>(176)) - Creating Volume: /workdir/hadoop-ozone/integration-test/target/test-dir/MiniOzoneClusterImpl-3a974f43-0da0-4ff7-ab4a-31bb81b91875/datanode-1/data/containers/hdds of  storage type : DISK and capacity : 1482555576320
2019-11-13 16:20:37,579 [main] INFO  volume.VolumeSet (VolumeSet.java:initializeVolumeSet(170)) - Added Volume : /workdir/hadoop-ozone/integration-test/target/test-dir/MiniOzoneClusterImpl-3a974f43-0da0-4ff7-ab4a-31bb81b91875/datanode-1/data/containers/hdds to VolumeSet
2019-11-13 16:20:37,579 [main] INFO  volume.ThrottledAsyncChecker (ThrottledAsyncChecker.java:schedule(141)) - Scheduling a check for /workdir/hadoop-ozone/integration-test/target/test-dir/MiniOzoneClusterImpl-3a974f43-0da0-4ff7-ab4a-31bb81b91875/datanode-1/data/containers/hdds
2019-11-13 16:20:37,580 [main] INFO  volume.HddsVolumeChecker (HddsVolumeChecker.java:checkAllVolumes(204)) - Scheduled health check for volume /workdir/hadoop-ozone/integration-test/target/test-dir/MiniOzoneClusterImpl-3a974f43-0da0-4ff7-ab4a-31bb81b91875/datanode-1/data/containers/hdds
2019-11-13 16:20:37,597 [main] INFO  impl.RaftServerProxy (ConfUtils.java:logGet(43)) - raft.rpc.type = GRPC (default)
2019-11-13 16:20:37,597 [main] INFO  grpc.GrpcFactory (GrpcFactory.java:checkPooledByteBufAllocatorUseCacheForAllThreads(45)) - PERFORMANCE WARNING: useCacheForAllThreads is true that may cause Netty to create a lot garbage objects and, as a result, trigger GC.
	It is recommended to disable useCacheForAllThreads by setting -Dorg.apache.ratis.thirdparty.io.netty.allocator.useCacheForAllThreads=false in command line.
2019-11-13 16:20:37,598 [main] INFO  grpc.GrpcConfigKeys$Server (ConfUtils.java:logGet(43)) - raft.grpc.server.port = 0 (default)
2019-11-13 16:20:37,598 [main] INFO  server.GrpcService (ConfUtils.java:logGet(43)) - raft.grpc.message.size.max = 33570816 (custom)
2019-11-13 16:20:37,598 [main] INFO  server.RaftServerConfigKeys (ConfUtils.java:logGet(43)) - raft.server.log.appender.buffer.byte-limit = 33554432 (custom)
2019-11-13 16:20:37,598 [main] INFO  server.GrpcService (ConfUtils.java:logGet(43)) - raft.grpc.flow.control.window = 1MB (=1048576) (default)
2019-11-13 16:20:37,599 [main] INFO  server.RaftServerConfigKeys (ConfUtils.java:logGet(43)) - raft.server.rpc.request.timeout = 3000ms (default)
2019-11-13 16:20:37,599 [main] INFO  server.RaftServerConfigKeys (ConfUtils.java:logGet(43)) - raft.server.storage.dir = [/workdir/hadoop-ozone/integration-test/target/test-dir/MiniOzoneClusterImpl-3a974f43-0da0-4ff7-ab4a-31bb81b91875/datanode-1/data/ratis] (custom)
2019-11-13 16:20:37,601 [main] INFO  hdfs.DFSUtil (DFSUtil.java:httpServerTemplateForNNAndJN(1641)) - Starting Web-server for hddsDatanode at: http://0.0.0.0:0
2019-11-13 16:20:37,603 [main] INFO  server.AuthenticationFilter (AuthenticationFilter.java:constructSecretProvider(240)) - Unable to initialize FileSignerSecretProvider, falling back to use random secrets.
2019-11-13 16:20:37,603 [main] WARN  http.HttpRequestLog (HttpRequestLog.java:getRequestLog(97)) - Jetty request log can only be enabled using Log4j
2019-11-13 16:20:37,605 [main] INFO  http.HttpServer2 (HttpServer2.java:addGlobalFilter(975)) - Added global filter 'safety' (class=org.apache.hadoop.http.HttpServer2$QuotingInputFilter)
2019-11-13 16:20:37,605 [main] INFO  http.HttpServer2 (HttpServer2.java:addFilter(948)) - Added filter static_user_filter (class=org.apache.hadoop.http.lib.StaticUserWebFilter$StaticUserFilter) to context hddsDatanode
2019-11-13 16:20:37,605 [main] INFO  http.HttpServer2 (HttpServer2.java:addFilter(958)) - Added filter static_user_filter (class=org.apache.hadoop.http.lib.StaticUserWebFilter$StaticUserFilter) to context logs
2019-11-13 16:20:37,606 [main] INFO  http.HttpServer2 (HttpServer2.java:addFilter(958)) - Added filter static_user_filter (class=org.apache.hadoop.http.lib.StaticUserWebFilter$StaticUserFilter) to context static
2019-11-13 16:20:37,606 [main] INFO  http.HttpServer2 (HttpServer2.java:bindListener(1191)) - Jetty bound to port 39226
2019-11-13 16:20:37,606 [main] INFO  server.Server (Server.java:doStart(351)) - jetty-9.3.25.v20180904, build timestamp: 2018-09-04T21:11:46Z, git hash: 3ce520221d0240229c862b122d2b06c12a625732
2019-11-13 16:20:37,608 [main] INFO  handler.ContextHandler (ContextHandler.java:doStart(781)) - Started o.e.j.s.ServletContextHandler@40247d48{/logs,file:///workdir/hadoop-ozone/integration-test/target/log,AVAILABLE}
2019-11-13 16:20:37,609 [main] INFO  handler.ContextHandler (ContextHandler.java:doStart(781)) - Started o.e.j.s.ServletContextHandler@14c93774{/static,jar:file:/home/user/.m2/repository/org/apache/hadoop/hadoop-hdds-container-service/0.5.0-SNAPSHOT/hadoop-hdds-container-service-0.5.0-SNAPSHOT.jar!/webapps/static,AVAILABLE}
2019-11-13 16:20:37,639 [main] INFO  handler.ContextHandler (ContextHandler.java:doStart(781)) - Started o.e.j.w.WebAppContext@3440e9cd{/,file:///tmp/jetty-0.0.0.0-39226-hddsDatanode-_-any-2640542861371280219.dir/webapp/,AVAILABLE}{/hddsDatanode}
2019-11-13 16:20:37,640 [main] INFO  server.AbstractConnector (AbstractConnector.java:doStart(278)) - Started ServerConnector@28a9494b{HTTP/1.1,[http/1.1]}{0.0.0.0:39226}
2019-11-13 16:20:37,641 [main] INFO  server.Server (Server.java:doStart(419)) - Started @61240ms
2019-11-13 16:20:37,641 [main] WARN  impl.MetricsSystemImpl (MetricsSystemImpl.java:register(276)) - Sink prometheus already exists!
2019-11-13 16:20:37,642 [main] INFO  server.BaseHttpServer (BaseHttpServer.java:updateConnectorAddress(215)) - HTTP server of HDDSDATANODE is listening at http://0.0.0.0:39226
2019-11-13 16:20:37,643 [main] INFO  impl.MetricsSystemImpl (MetricsSystemImpl.java:init(158)) - HddsDatanode metrics system started (again)
2019-11-13 16:20:37,645 [org.apache.hadoop.util.JvmPauseMonitor$Monitor@29bf36d] INFO  util.JvmPauseMonitor (JvmPauseMonitor.java:run(188)) - Starting JVM pause monitor
2019-11-13 16:20:37,646 [main] INFO  ozone.HddsDatanodeService (HddsDatanodeService.java:start(186)) - HddsDatanodeService host:pr-hdds-2467-gc456-181853687 ip:192.168.69.122
2019-11-13 16:20:37,647 [Datanode State Machine Thread - 0] INFO  datanode.InitDatanodeState (InitDatanodeState.java:persistContainerDatanodeDetails(140)) - DatanodeDetails is persisted to /workdir/hadoop-ozone/integration-test/target/test-dir/MiniOzoneClusterImpl-3a974f43-0da0-4ff7-ab4a-31bb81b91875/datanode-1/meta/datanode.id
2019-11-13 16:20:37,652 [main] INFO  volume.HddsVolume (HddsVolume.java:<init>(176)) - Creating Volume: /workdir/hadoop-ozone/integration-test/target/test-dir/MiniOzoneClusterImpl-3a974f43-0da0-4ff7-ab4a-31bb81b91875/datanode-2/data/containers/hdds of  storage type : DISK and capacity : 1482555576320
2019-11-13 16:20:37,653 [main] INFO  volume.VolumeSet (VolumeSet.java:initializeVolumeSet(170)) - Added Volume : /workdir/hadoop-ozone/integration-test/target/test-dir/MiniOzoneClusterImpl-3a974f43-0da0-4ff7-ab4a-31bb81b91875/datanode-2/data/containers/hdds to VolumeSet
2019-11-13 16:20:37,653 [main] INFO  volume.ThrottledAsyncChecker (ThrottledAsyncChecker.java:schedule(141)) - Scheduling a check for /workdir/hadoop-ozone/integration-test/target/test-dir/MiniOzoneClusterImpl-3a974f43-0da0-4ff7-ab4a-31bb81b91875/datanode-2/data/containers/hdds
2019-11-13 16:20:37,653 [main] INFO  volume.HddsVolumeChecker (HddsVolumeChecker.java:checkAllVolumes(204)) - Scheduled health check for volume /workdir/hadoop-ozone/integration-test/target/test-dir/MiniOzoneClusterImpl-3a974f43-0da0-4ff7-ab4a-31bb81b91875/datanode-2/data/containers/hdds
2019-11-13 16:20:37,671 [main] INFO  impl.RaftServerProxy (ConfUtils.java:logGet(43)) - raft.rpc.type = GRPC (default)
2019-11-13 16:20:37,671 [main] INFO  grpc.GrpcFactory (GrpcFactory.java:checkPooledByteBufAllocatorUseCacheForAllThreads(45)) - PERFORMANCE WARNING: useCacheForAllThreads is true that may cause Netty to create a lot garbage objects and, as a result, trigger GC.
	It is recommended to disable useCacheForAllThreads by setting -Dorg.apache.ratis.thirdparty.io.netty.allocator.useCacheForAllThreads=false in command line.
2019-11-13 16:20:37,671 [main] INFO  grpc.GrpcConfigKeys$Server (ConfUtils.java:logGet(43)) - raft.grpc.server.port = 0 (default)
2019-11-13 16:20:37,671 [main] INFO  server.GrpcService (ConfUtils.java:logGet(43)) - raft.grpc.message.size.max = 33570816 (custom)
2019-11-13 16:20:37,672 [main] INFO  server.RaftServerConfigKeys (ConfUtils.java:logGet(43)) - raft.server.log.appender.buffer.byte-limit = 33554432 (custom)
2019-11-13 16:20:37,672 [main] INFO  server.GrpcService (ConfUtils.java:logGet(43)) - raft.grpc.flow.control.window = 1MB (=1048576) (default)
2019-11-13 16:20:37,672 [main] INFO  server.RaftServerConfigKeys (ConfUtils.java:logGet(43)) - raft.server.rpc.request.timeout = 3000ms (default)
2019-11-13 16:20:37,672 [main] INFO  server.RaftServerConfigKeys (ConfUtils.java:logGet(43)) - raft.server.storage.dir = [/workdir/hadoop-ozone/integration-test/target/test-dir/MiniOzoneClusterImpl-3a974f43-0da0-4ff7-ab4a-31bb81b91875/datanode-2/data/ratis] (custom)
2019-11-13 16:20:37,674 [main] INFO  hdfs.DFSUtil (DFSUtil.java:httpServerTemplateForNNAndJN(1641)) - Starting Web-server for hddsDatanode at: http://0.0.0.0:0
2019-11-13 16:20:37,675 [main] INFO  server.AuthenticationFilter (AuthenticationFilter.java:constructSecretProvider(240)) - Unable to initialize FileSignerSecretProvider, falling back to use random secrets.
2019-11-13 16:20:37,676 [main] WARN  http.HttpRequestLog (HttpRequestLog.java:getRequestLog(97)) - Jetty request log can only be enabled using Log4j
2019-11-13 16:20:37,677 [main] INFO  http.HttpServer2 (HttpServer2.java:addGlobalFilter(975)) - Added global filter 'safety' (class=org.apache.hadoop.http.HttpServer2$QuotingInputFilter)
2019-11-13 16:20:37,678 [main] INFO  http.HttpServer2 (HttpServer2.java:addFilter(948)) - Added filter static_user_filter (class=org.apache.hadoop.http.lib.StaticUserWebFilter$StaticUserFilter) to context hddsDatanode
2019-11-13 16:20:37,678 [main] INFO  http.HttpServer2 (HttpServer2.java:addFilter(958)) - Added filter static_user_filter (class=org.apache.hadoop.http.lib.StaticUserWebFilter$StaticUserFilter) to context logs
2019-11-13 16:20:37,678 [main] INFO  http.HttpServer2 (HttpServer2.java:addFilter(958)) - Added filter static_user_filter (class=org.apache.hadoop.http.lib.StaticUserWebFilter$StaticUserFilter) to context static
2019-11-13 16:20:37,679 [main] INFO  http.HttpServer2 (HttpServer2.java:bindListener(1191)) - Jetty bound to port 35857
2019-11-13 16:20:37,679 [main] INFO  server.Server (Server.java:doStart(351)) - jetty-9.3.25.v20180904, build timestamp: 2018-09-04T21:11:46Z, git hash: 3ce520221d0240229c862b122d2b06c12a625732
2019-11-13 16:20:37,681 [main] INFO  handler.ContextHandler (ContextHandler.java:doStart(781)) - Started o.e.j.s.ServletContextHandler@64942607{/logs,file:///workdir/hadoop-ozone/integration-test/target/log,AVAILABLE}
2019-11-13 16:20:37,681 [main] INFO  handler.ContextHandler (ContextHandler.java:doStart(781)) - Started o.e.j.s.ServletContextHandler@7cfac39f{/static,jar:file:/home/user/.m2/repository/org/apache/hadoop/hadoop-hdds-container-service/0.5.0-SNAPSHOT/hadoop-hdds-container-service-0.5.0-SNAPSHOT.jar!/webapps/static,AVAILABLE}
2019-11-13 16:20:37,712 [main] INFO  handler.ContextHandler (ContextHandler.java:doStart(781)) - Started o.e.j.w.WebAppContext@4a44cfc0{/,file:///tmp/jetty-0.0.0.0-35857-hddsDatanode-_-any-8275236732273137569.dir/webapp/,AVAILABLE}{/hddsDatanode}
2019-11-13 16:20:37,713 [main] INFO  server.AbstractConnector (AbstractConnector.java:doStart(278)) - Started ServerConnector@60e3c26e{HTTP/1.1,[http/1.1]}{0.0.0.0:35857}
2019-11-13 16:20:37,714 [main] INFO  server.Server (Server.java:doStart(419)) - Started @61313ms
2019-11-13 16:20:37,715 [main] WARN  impl.MetricsSystemImpl (MetricsSystemImpl.java:register(276)) - Sink prometheus already exists!
2019-11-13 16:20:37,716 [main] INFO  server.BaseHttpServer (BaseHttpServer.java:updateConnectorAddress(215)) - HTTP server of HDDSDATANODE is listening at http://0.0.0.0:35857
2019-11-13 16:20:37,716 [main] INFO  impl.MetricsSystemImpl (MetricsSystemImpl.java:init(158)) - HddsDatanode metrics system started (again)
2019-11-13 16:20:37,719 [org.apache.hadoop.util.JvmPauseMonitor$Monitor@10e936d9] INFO  util.JvmPauseMonitor (JvmPauseMonitor.java:run(188)) - Starting JVM pause monitor
2019-11-13 16:20:37,719 [main] INFO  ozone.HddsDatanodeService (HddsDatanodeService.java:start(186)) - HddsDatanodeService host:pr-hdds-2467-gc456-181853687 ip:192.168.69.122
2019-11-13 16:20:37,722 [Datanode State Machine Thread - 0] INFO  datanode.InitDatanodeState (InitDatanodeState.java:persistContainerDatanodeDetails(140)) - DatanodeDetails is persisted to /workdir/hadoop-ozone/integration-test/target/test-dir/MiniOzoneClusterImpl-3a974f43-0da0-4ff7-ab4a-31bb81b91875/datanode-2/meta/datanode.id
2019-11-13 16:20:37,727 [main] INFO  volume.HddsVolume (HddsVolume.java:<init>(176)) - Creating Volume: /workdir/hadoop-ozone/integration-test/target/test-dir/MiniOzoneClusterImpl-3a974f43-0da0-4ff7-ab4a-31bb81b91875/datanode-3/data/containers/hdds of  storage type : DISK and capacity : 1482555576320
2019-11-13 16:20:37,728 [main] INFO  volume.VolumeSet (VolumeSet.java:initializeVolumeSet(170)) - Added Volume : /workdir/hadoop-ozone/integration-test/target/test-dir/MiniOzoneClusterImpl-3a974f43-0da0-4ff7-ab4a-31bb81b91875/datanode-3/data/containers/hdds to VolumeSet
2019-11-13 16:20:37,728 [main] INFO  volume.ThrottledAsyncChecker (ThrottledAsyncChecker.java:schedule(141)) - Scheduling a check for /workdir/hadoop-ozone/integration-test/target/test-dir/MiniOzoneClusterImpl-3a974f43-0da0-4ff7-ab4a-31bb81b91875/datanode-3/data/containers/hdds
2019-11-13 16:20:37,728 [main] INFO  volume.HddsVolumeChecker (HddsVolumeChecker.java:checkAllVolumes(204)) - Scheduled health check for volume /workdir/hadoop-ozone/integration-test/target/test-dir/MiniOzoneClusterImpl-3a974f43-0da0-4ff7-ab4a-31bb81b91875/datanode-3/data/containers/hdds
2019-11-13 16:20:37,741 [main] INFO  impl.RaftServerProxy (ConfUtils.java:logGet(43)) - raft.rpc.type = GRPC (default)
2019-11-13 16:20:37,742 [main] INFO  grpc.GrpcFactory (GrpcFactory.java:checkPooledByteBufAllocatorUseCacheForAllThreads(45)) - PERFORMANCE WARNING: useCacheForAllThreads is true that may cause Netty to create a lot garbage objects and, as a result, trigger GC.
	It is recommended to disable useCacheForAllThreads by setting -Dorg.apache.ratis.thirdparty.io.netty.allocator.useCacheForAllThreads=false in command line.
2019-11-13 16:20:37,742 [main] INFO  grpc.GrpcConfigKeys$Server (ConfUtils.java:logGet(43)) - raft.grpc.server.port = 0 (default)
2019-11-13 16:20:37,742 [main] INFO  server.GrpcService (ConfUtils.java:logGet(43)) - raft.grpc.message.size.max = 33570816 (custom)
2019-11-13 16:20:37,742 [main] INFO  server.RaftServerConfigKeys (ConfUtils.java:logGet(43)) - raft.server.log.appender.buffer.byte-limit = 33554432 (custom)
2019-11-13 16:20:37,742 [main] INFO  server.GrpcService (ConfUtils.java:logGet(43)) - raft.grpc.flow.control.window = 1MB (=1048576) (default)
2019-11-13 16:20:37,742 [main] INFO  server.RaftServerConfigKeys (ConfUtils.java:logGet(43)) - raft.server.rpc.request.timeout = 3000ms (default)
2019-11-13 16:20:37,743 [main] INFO  server.RaftServerConfigKeys (ConfUtils.java:logGet(43)) - raft.server.storage.dir = [/workdir/hadoop-ozone/integration-test/target/test-dir/MiniOzoneClusterImpl-3a974f43-0da0-4ff7-ab4a-31bb81b91875/datanode-3/data/ratis] (custom)
2019-11-13 16:20:37,744 [main] INFO  hdfs.DFSUtil (DFSUtil.java:httpServerTemplateForNNAndJN(1641)) - Starting Web-server for hddsDatanode at: http://0.0.0.0:0
2019-11-13 16:20:37,746 [main] INFO  server.AuthenticationFilter (AuthenticationFilter.java:constructSecretProvider(240)) - Unable to initialize FileSignerSecretProvider, falling back to use random secrets.
2019-11-13 16:20:37,747 [main] WARN  http.HttpRequestLog (HttpRequestLog.java:getRequestLog(97)) - Jetty request log can only be enabled using Log4j
2019-11-13 16:20:37,748 [main] INFO  http.HttpServer2 (HttpServer2.java:addGlobalFilter(975)) - Added global filter 'safety' (class=org.apache.hadoop.http.HttpServer2$QuotingInputFilter)
2019-11-13 16:20:37,749 [main] INFO  http.HttpServer2 (HttpServer2.java:addFilter(948)) - Added filter static_user_filter (class=org.apache.hadoop.http.lib.StaticUserWebFilter$StaticUserFilter) to context hddsDatanode
2019-11-13 16:20:37,749 [main] INFO  http.HttpServer2 (HttpServer2.java:addFilter(958)) - Added filter static_user_filter (class=org.apache.hadoop.http.lib.StaticUserWebFilter$StaticUserFilter) to context static
2019-11-13 16:20:37,749 [main] INFO  http.HttpServer2 (HttpServer2.java:addFilter(958)) - Added filter static_user_filter (class=org.apache.hadoop.http.lib.StaticUserWebFilter$StaticUserFilter) to context logs
2019-11-13 16:20:37,750 [main] INFO  http.HttpServer2 (HttpServer2.java:bindListener(1191)) - Jetty bound to port 40301
2019-11-13 16:20:37,750 [main] INFO  server.Server (Server.java:doStart(351)) - jetty-9.3.25.v20180904, build timestamp: 2018-09-04T21:11:46Z, git hash: 3ce520221d0240229c862b122d2b06c12a625732
2019-11-13 16:20:37,752 [main] INFO  handler.ContextHandler (ContextHandler.java:doStart(781)) - Started o.e.j.s.ServletContextHandler@59b32539{/logs,file:///workdir/hadoop-ozone/integration-test/target/log,AVAILABLE}
2019-11-13 16:20:37,753 [main] INFO  handler.ContextHandler (ContextHandler.java:doStart(781)) - Started o.e.j.s.ServletContextHandler@233db8e9{/static,jar:file:/home/user/.m2/repository/org/apache/hadoop/hadoop-hdds-container-service/0.5.0-SNAPSHOT/hadoop-hdds-container-service-0.5.0-SNAPSHOT.jar!/webapps/static,AVAILABLE}
2019-11-13 16:20:37,789 [main] INFO  handler.ContextHandler (ContextHandler.java:doStart(781)) - Started o.e.j.w.WebAppContext@27443560{/,file:///tmp/jetty-0.0.0.0-40301-hddsDatanode-_-any-310550737782891195.dir/webapp/,AVAILABLE}{/hddsDatanode}
2019-11-13 16:20:37,790 [main] INFO  server.AbstractConnector (AbstractConnector.java:doStart(278)) - Started ServerConnector@3ddb774f{HTTP/1.1,[http/1.1]}{0.0.0.0:40301}
2019-11-13 16:20:37,791 [main] INFO  server.Server (Server.java:doStart(419)) - Started @61390ms
2019-11-13 16:20:37,791 [main] WARN  impl.MetricsSystemImpl (MetricsSystemImpl.java:register(276)) - Sink prometheus already exists!
2019-11-13 16:20:37,792 [main] INFO  server.BaseHttpServer (BaseHttpServer.java:updateConnectorAddress(215)) - HTTP server of HDDSDATANODE is listening at http://0.0.0.0:40301
2019-11-13 16:20:37,792 [main] INFO  impl.MetricsSystemImpl (MetricsSystemImpl.java:init(158)) - HddsDatanode metrics system started (again)
2019-11-13 16:20:37,795 [main] INFO  ozone.HddsDatanodeService (HddsDatanodeService.java:start(186)) - HddsDatanodeService host:pr-hdds-2467-gc456-181853687 ip:192.168.69.122
2019-11-13 16:20:37,795 [org.apache.hadoop.util.JvmPauseMonitor$Monitor@1c1ad8bd] INFO  util.JvmPauseMonitor (JvmPauseMonitor.java:run(188)) - Starting JVM pause monitor
2019-11-13 16:20:37,797 [Datanode State Machine Thread - 0] INFO  datanode.InitDatanodeState (InitDatanodeState.java:persistContainerDatanodeDetails(140)) - DatanodeDetails is persisted to /workdir/hadoop-ozone/integration-test/target/test-dir/MiniOzoneClusterImpl-3a974f43-0da0-4ff7-ab4a-31bb81b91875/datanode-3/meta/datanode.id
2019-11-13 16:20:37,802 [main] INFO  volume.HddsVolume (HddsVolume.java:<init>(176)) - Creating Volume: /workdir/hadoop-ozone/integration-test/target/test-dir/MiniOzoneClusterImpl-3a974f43-0da0-4ff7-ab4a-31bb81b91875/datanode-4/data/containers/hdds of  storage type : DISK and capacity : 1482555576320
2019-11-13 16:20:37,803 [main] INFO  volume.VolumeSet (VolumeSet.java:initializeVolumeSet(170)) - Added Volume : /workdir/hadoop-ozone/integration-test/target/test-dir/MiniOzoneClusterImpl-3a974f43-0da0-4ff7-ab4a-31bb81b91875/datanode-4/data/containers/hdds to VolumeSet
2019-11-13 16:20:37,803 [main] INFO  volume.ThrottledAsyncChecker (ThrottledAsyncChecker.java:schedule(141)) - Scheduling a check for /workdir/hadoop-ozone/integration-test/target/test-dir/MiniOzoneClusterImpl-3a974f43-0da0-4ff7-ab4a-31bb81b91875/datanode-4/data/containers/hdds
2019-11-13 16:20:37,803 [main] INFO  volume.HddsVolumeChecker (HddsVolumeChecker.java:checkAllVolumes(204)) - Scheduled health check for volume /workdir/hadoop-ozone/integration-test/target/test-dir/MiniOzoneClusterImpl-3a974f43-0da0-4ff7-ab4a-31bb81b91875/datanode-4/data/containers/hdds
2019-11-13 16:20:37,816 [main] INFO  impl.RaftServerProxy (ConfUtils.java:logGet(43)) - raft.rpc.type = GRPC (default)
2019-11-13 16:20:37,816 [main] INFO  grpc.GrpcFactory (GrpcFactory.java:checkPooledByteBufAllocatorUseCacheForAllThreads(45)) - PERFORMANCE WARNING: useCacheForAllThreads is true that may cause Netty to create a lot garbage objects and, as a result, trigger GC.
	It is recommended to disable useCacheForAllThreads by setting -Dorg.apache.ratis.thirdparty.io.netty.allocator.useCacheForAllThreads=false in command line.
2019-11-13 16:20:37,816 [main] INFO  grpc.GrpcConfigKeys$Server (ConfUtils.java:logGet(43)) - raft.grpc.server.port = 0 (default)
2019-11-13 16:20:37,816 [main] INFO  server.GrpcService (ConfUtils.java:logGet(43)) - raft.grpc.message.size.max = 33570816 (custom)
2019-11-13 16:20:37,816 [main] INFO  server.RaftServerConfigKeys (ConfUtils.java:logGet(43)) - raft.server.log.appender.buffer.byte-limit = 33554432 (custom)
2019-11-13 16:20:37,817 [main] INFO  server.GrpcService (ConfUtils.java:logGet(43)) - raft.grpc.flow.control.window = 1MB (=1048576) (default)
2019-11-13 16:20:37,817 [main] INFO  server.RaftServerConfigKeys (ConfUtils.java:logGet(43)) - raft.server.rpc.request.timeout = 3000ms (default)
2019-11-13 16:20:37,817 [main] INFO  server.RaftServerConfigKeys (ConfUtils.java:logGet(43)) - raft.server.storage.dir = [/workdir/hadoop-ozone/integration-test/target/test-dir/MiniOzoneClusterImpl-3a974f43-0da0-4ff7-ab4a-31bb81b91875/datanode-4/data/ratis] (custom)
2019-11-13 16:20:37,819 [main] INFO  hdfs.DFSUtil (DFSUtil.java:httpServerTemplateForNNAndJN(1641)) - Starting Web-server for hddsDatanode at: http://0.0.0.0:0
2019-11-13 16:20:37,820 [main] INFO  server.AuthenticationFilter (AuthenticationFilter.java:constructSecretProvider(240)) - Unable to initialize FileSignerSecretProvider, falling back to use random secrets.
2019-11-13 16:20:37,820 [main] WARN  http.HttpRequestLog (HttpRequestLog.java:getRequestLog(97)) - Jetty request log can only be enabled using Log4j
2019-11-13 16:20:37,822 [main] INFO  http.HttpServer2 (HttpServer2.java:addGlobalFilter(975)) - Added global filter 'safety' (class=org.apache.hadoop.http.HttpServer2$QuotingInputFilter)
2019-11-13 16:20:37,822 [main] INFO  http.HttpServer2 (HttpServer2.java:addFilter(948)) - Added filter static_user_filter (class=org.apache.hadoop.http.lib.StaticUserWebFilter$StaticUserFilter) to context hddsDatanode
2019-11-13 16:20:37,822 [main] INFO  http.HttpServer2 (HttpServer2.java:addFilter(958)) - Added filter static_user_filter (class=org.apache.hadoop.http.lib.StaticUserWebFilter$StaticUserFilter) to context static
2019-11-13 16:20:37,823 [main] INFO  http.HttpServer2 (HttpServer2.java:addFilter(958)) - Added filter static_user_filter (class=org.apache.hadoop.http.lib.StaticUserWebFilter$StaticUserFilter) to context logs
2019-11-13 16:20:37,823 [main] INFO  http.HttpServer2 (HttpServer2.java:bindListener(1191)) - Jetty bound to port 45430
2019-11-13 16:20:37,823 [main] INFO  server.Server (Server.java:doStart(351)) - jetty-9.3.25.v20180904, build timestamp: 2018-09-04T21:11:46Z, git hash: 3ce520221d0240229c862b122d2b06c12a625732
2019-11-13 16:20:37,825 [main] INFO  handler.ContextHandler (ContextHandler.java:doStart(781)) - Started o.e.j.s.ServletContextHandler@36ab3814{/logs,file:///workdir/hadoop-ozone/integration-test/target/log,AVAILABLE}
2019-11-13 16:20:37,826 [main] INFO  handler.ContextHandler (ContextHandler.java:doStart(781)) - Started o.e.j.s.ServletContextHandler@b61edb9{/static,jar:file:/home/user/.m2/repository/org/apache/hadoop/hadoop-hdds-container-service/0.5.0-SNAPSHOT/hadoop-hdds-container-service-0.5.0-SNAPSHOT.jar!/webapps/static,AVAILABLE}
2019-11-13 16:20:37,856 [main] INFO  handler.ContextHandler (ContextHandler.java:doStart(781)) - Started o.e.j.w.WebAppContext@65f40689{/,file:///tmp/jetty-0.0.0.0-45430-hddsDatanode-_-any-5361611842798362879.dir/webapp/,AVAILABLE}{/hddsDatanode}
2019-11-13 16:20:37,856 [main] INFO  server.AbstractConnector (AbstractConnector.java:doStart(278)) - Started ServerConnector@29be997f{HTTP/1.1,[http/1.1]}{0.0.0.0:45430}
2019-11-13 16:20:37,858 [main] INFO  server.Server (Server.java:doStart(419)) - Started @61456ms
2019-11-13 16:20:37,858 [main] WARN  impl.MetricsSystemImpl (MetricsSystemImpl.java:register(276)) - Sink prometheus already exists!
2019-11-13 16:20:37,859 [main] INFO  server.BaseHttpServer (BaseHttpServer.java:updateConnectorAddress(215)) - HTTP server of HDDSDATANODE is listening at http://0.0.0.0:45430
2019-11-13 16:20:37,859 [main] INFO  impl.MetricsSystemImpl (MetricsSystemImpl.java:init(158)) - HddsDatanode metrics system started (again)
2019-11-13 16:20:37,862 [main] INFO  ozone.HddsDatanodeService (HddsDatanodeService.java:start(186)) - HddsDatanodeService host:pr-hdds-2467-gc456-181853687 ip:192.168.69.122
2019-11-13 16:20:37,862 [org.apache.hadoop.util.JvmPauseMonitor$Monitor@53134534] INFO  util.JvmPauseMonitor (JvmPauseMonitor.java:run(188)) - Starting JVM pause monitor
2019-11-13 16:20:37,864 [Datanode State Machine Thread - 0] INFO  datanode.InitDatanodeState (InitDatanodeState.java:persistContainerDatanodeDetails(140)) - DatanodeDetails is persisted to /workdir/hadoop-ozone/integration-test/target/test-dir/MiniOzoneClusterImpl-3a974f43-0da0-4ff7-ab4a-31bb81b91875/datanode-4/meta/datanode.id
2019-11-13 16:20:37,870 [main] INFO  volume.HddsVolume (HddsVolume.java:<init>(176)) - Creating Volume: /workdir/hadoop-ozone/integration-test/target/test-dir/MiniOzoneClusterImpl-3a974f43-0da0-4ff7-ab4a-31bb81b91875/datanode-5/data/containers/hdds of  storage type : DISK and capacity : 1482555576320
2019-11-13 16:20:37,870 [main] INFO  volume.VolumeSet (VolumeSet.java:initializeVolumeSet(170)) - Added Volume : /workdir/hadoop-ozone/integration-test/target/test-dir/MiniOzoneClusterImpl-3a974f43-0da0-4ff7-ab4a-31bb81b91875/datanode-5/data/containers/hdds to VolumeSet
2019-11-13 16:20:37,870 [main] INFO  volume.ThrottledAsyncChecker (ThrottledAsyncChecker.java:schedule(141)) - Scheduling a check for /workdir/hadoop-ozone/integration-test/target/test-dir/MiniOzoneClusterImpl-3a974f43-0da0-4ff7-ab4a-31bb81b91875/datanode-5/data/containers/hdds
2019-11-13 16:20:37,870 [main] INFO  volume.HddsVolumeChecker (HddsVolumeChecker.java:checkAllVolumes(204)) - Scheduled health check for volume /workdir/hadoop-ozone/integration-test/target/test-dir/MiniOzoneClusterImpl-3a974f43-0da0-4ff7-ab4a-31bb81b91875/datanode-5/data/containers/hdds
2019-11-13 16:20:37,883 [main] INFO  impl.RaftServerProxy (ConfUtils.java:logGet(43)) - raft.rpc.type = GRPC (default)
2019-11-13 16:20:37,883 [main] INFO  grpc.GrpcFactory (GrpcFactory.java:checkPooledByteBufAllocatorUseCacheForAllThreads(45)) - PERFORMANCE WARNING: useCacheForAllThreads is true that may cause Netty to create a lot garbage objects and, as a result, trigger GC.
	It is recommended to disable useCacheForAllThreads by setting -Dorg.apache.ratis.thirdparty.io.netty.allocator.useCacheForAllThreads=false in command line.
2019-11-13 16:20:37,883 [main] INFO  grpc.GrpcConfigKeys$Server (ConfUtils.java:logGet(43)) - raft.grpc.server.port = 0 (default)
2019-11-13 16:20:37,884 [main] INFO  server.GrpcService (ConfUtils.java:logGet(43)) - raft.grpc.message.size.max = 33570816 (custom)
2019-11-13 16:20:37,884 [main] INFO  server.RaftServerConfigKeys (ConfUtils.java:logGet(43)) - raft.server.log.appender.buffer.byte-limit = 33554432 (custom)
2019-11-13 16:20:37,884 [main] INFO  server.GrpcService (ConfUtils.java:logGet(43)) - raft.grpc.flow.control.window = 1MB (=1048576) (default)
2019-11-13 16:20:37,884 [main] INFO  server.RaftServerConfigKeys (ConfUtils.java:logGet(43)) - raft.server.rpc.request.timeout = 3000ms (default)
2019-11-13 16:20:37,884 [main] INFO  server.RaftServerConfigKeys (ConfUtils.java:logGet(43)) - raft.server.storage.dir = [/workdir/hadoop-ozone/integration-test/target/test-dir/MiniOzoneClusterImpl-3a974f43-0da0-4ff7-ab4a-31bb81b91875/datanode-5/data/ratis] (custom)
2019-11-13 16:20:37,887 [main] INFO  hdfs.DFSUtil (DFSUtil.java:httpServerTemplateForNNAndJN(1641)) - Starting Web-server for hddsDatanode at: http://0.0.0.0:0
2019-11-13 16:20:37,888 [main] INFO  server.AuthenticationFilter (AuthenticationFilter.java:constructSecretProvider(240)) - Unable to initialize FileSignerSecretProvider, falling back to use random secrets.
2019-11-13 16:20:37,888 [main] WARN  http.HttpRequestLog (HttpRequestLog.java:getRequestLog(97)) - Jetty request log can only be enabled using Log4j
2019-11-13 16:20:37,890 [main] INFO  http.HttpServer2 (HttpServer2.java:addGlobalFilter(975)) - Added global filter 'safety' (class=org.apache.hadoop.http.HttpServer2$QuotingInputFilter)
2019-11-13 16:20:37,890 [main] INFO  http.HttpServer2 (HttpServer2.java:addFilter(948)) - Added filter static_user_filter (class=org.apache.hadoop.http.lib.StaticUserWebFilter$StaticUserFilter) to context hddsDatanode
2019-11-13 16:20:37,890 [main] INFO  http.HttpServer2 (HttpServer2.java:addFilter(958)) - Added filter static_user_filter (class=org.apache.hadoop.http.lib.StaticUserWebFilter$StaticUserFilter) to context static
2019-11-13 16:20:37,890 [main] INFO  http.HttpServer2 (HttpServer2.java:addFilter(958)) - Added filter static_user_filter (class=org.apache.hadoop.http.lib.StaticUserWebFilter$StaticUserFilter) to context logs
2019-11-13 16:20:37,891 [main] INFO  http.HttpServer2 (HttpServer2.java:bindListener(1191)) - Jetty bound to port 33536
2019-11-13 16:20:37,891 [main] INFO  server.Server (Server.java:doStart(351)) - jetty-9.3.25.v20180904, build timestamp: 2018-09-04T21:11:46Z, git hash: 3ce520221d0240229c862b122d2b06c12a625732
2019-11-13 16:20:37,893 [main] INFO  handler.ContextHandler (ContextHandler.java:doStart(781)) - Started o.e.j.s.ServletContextHandler@6e60f18{/logs,file:///workdir/hadoop-ozone/integration-test/target/log,AVAILABLE}
2019-11-13 16:20:37,893 [main] INFO  handler.ContextHandler (ContextHandler.java:doStart(781)) - Started o.e.j.s.ServletContextHandler@47f04e4d{/static,jar:file:/home/user/.m2/repository/org/apache/hadoop/hadoop-hdds-container-service/0.5.0-SNAPSHOT/hadoop-hdds-container-service-0.5.0-SNAPSHOT.jar!/webapps/static,AVAILABLE}
2019-11-13 16:20:37,923 [main] INFO  handler.ContextHandler (ContextHandler.java:doStart(781)) - Started o.e.j.w.WebAppContext@781711b7{/,file:///tmp/jetty-0.0.0.0-33536-hddsDatanode-_-any-57056858958379996.dir/webapp/,AVAILABLE}{/hddsDatanode}
2019-11-13 16:20:37,923 [main] INFO  server.AbstractConnector (AbstractConnector.java:doStart(278)) - Started ServerConnector@642a16aa{HTTP/1.1,[http/1.1]}{0.0.0.0:33536}
2019-11-13 16:20:37,924 [main] INFO  server.Server (Server.java:doStart(419)) - Started @61523ms
2019-11-13 16:20:37,925 [main] WARN  impl.MetricsSystemImpl (MetricsSystemImpl.java:register(276)) - Sink prometheus already exists!
2019-11-13 16:20:37,925 [main] INFO  server.BaseHttpServer (BaseHttpServer.java:updateConnectorAddress(215)) - HTTP server of HDDSDATANODE is listening at http://0.0.0.0:33536
2019-11-13 16:20:37,926 [main] INFO  impl.MetricsSystemImpl (MetricsSystemImpl.java:init(158)) - HddsDatanode metrics system started (again)
2019-11-13 16:20:37,930 [org.apache.hadoop.util.JvmPauseMonitor$Monitor@6743032d] INFO  util.JvmPauseMonitor (JvmPauseMonitor.java:run(188)) - Starting JVM pause monitor
2019-11-13 16:20:37,931 [main] INFO  ozone.HddsDatanodeService (HddsDatanodeService.java:start(186)) - HddsDatanodeService host:pr-hdds-2467-gc456-181853687 ip:192.168.69.122
2019-11-13 16:20:37,934 [Datanode State Machine Thread - 0] INFO  datanode.InitDatanodeState (InitDatanodeState.java:persistContainerDatanodeDetails(140)) - DatanodeDetails is persisted to /workdir/hadoop-ozone/integration-test/target/test-dir/MiniOzoneClusterImpl-3a974f43-0da0-4ff7-ab4a-31bb81b91875/datanode-5/meta/datanode.id
2019-11-13 16:20:37,939 [main] INFO  volume.HddsVolume (HddsVolume.java:<init>(176)) - Creating Volume: /workdir/hadoop-ozone/integration-test/target/test-dir/MiniOzoneClusterImpl-3a974f43-0da0-4ff7-ab4a-31bb81b91875/datanode-6/data/containers/hdds of  storage type : DISK and capacity : 1482555576320
2019-11-13 16:20:37,939 [main] INFO  volume.VolumeSet (VolumeSet.java:initializeVolumeSet(170)) - Added Volume : /workdir/hadoop-ozone/integration-test/target/test-dir/MiniOzoneClusterImpl-3a974f43-0da0-4ff7-ab4a-31bb81b91875/datanode-6/data/containers/hdds to VolumeSet
2019-11-13 16:20:37,939 [main] INFO  volume.ThrottledAsyncChecker (ThrottledAsyncChecker.java:schedule(141)) - Scheduling a check for /workdir/hadoop-ozone/integration-test/target/test-dir/MiniOzoneClusterImpl-3a974f43-0da0-4ff7-ab4a-31bb81b91875/datanode-6/data/containers/hdds
2019-11-13 16:20:37,940 [main] INFO  volume.HddsVolumeChecker (HddsVolumeChecker.java:checkAllVolumes(204)) - Scheduled health check for volume /workdir/hadoop-ozone/integration-test/target/test-dir/MiniOzoneClusterImpl-3a974f43-0da0-4ff7-ab4a-31bb81b91875/datanode-6/data/containers/hdds
2019-11-13 16:20:37,957 [main] INFO  impl.RaftServerProxy (ConfUtils.java:logGet(43)) - raft.rpc.type = GRPC (default)
2019-11-13 16:20:37,957 [main] INFO  grpc.GrpcFactory (GrpcFactory.java:checkPooledByteBufAllocatorUseCacheForAllThreads(45)) - PERFORMANCE WARNING: useCacheForAllThreads is true that may cause Netty to create a lot garbage objects and, as a result, trigger GC.
	It is recommended to disable useCacheForAllThreads by setting -Dorg.apache.ratis.thirdparty.io.netty.allocator.useCacheForAllThreads=false in command line.
2019-11-13 16:20:37,957 [main] INFO  grpc.GrpcConfigKeys$Server (ConfUtils.java:logGet(43)) - raft.grpc.server.port = 0 (default)
2019-11-13 16:20:37,957 [main] INFO  server.GrpcService (ConfUtils.java:logGet(43)) - raft.grpc.message.size.max = 33570816 (custom)
2019-11-13 16:20:37,958 [main] INFO  server.RaftServerConfigKeys (ConfUtils.java:logGet(43)) - raft.server.log.appender.buffer.byte-limit = 33554432 (custom)
2019-11-13 16:20:37,958 [main] INFO  server.GrpcService (ConfUtils.java:logGet(43)) - raft.grpc.flow.control.window = 1MB (=1048576) (default)
2019-11-13 16:20:37,958 [main] INFO  server.RaftServerConfigKeys (ConfUtils.java:logGet(43)) - raft.server.rpc.request.timeout = 3000ms (default)
2019-11-13 16:20:37,959 [main] INFO  server.RaftServerConfigKeys (ConfUtils.java:logGet(43)) - raft.server.storage.dir = [/workdir/hadoop-ozone/integration-test/target/test-dir/MiniOzoneClusterImpl-3a974f43-0da0-4ff7-ab4a-31bb81b91875/datanode-6/data/ratis] (custom)
2019-11-13 16:20:37,960 [main] INFO  hdfs.DFSUtil (DFSUtil.java:httpServerTemplateForNNAndJN(1641)) - Starting Web-server for hddsDatanode at: http://0.0.0.0:0
2019-11-13 16:20:37,966 [main] INFO  server.AuthenticationFilter (AuthenticationFilter.java:constructSecretProvider(240)) - Unable to initialize FileSignerSecretProvider, falling back to use random secrets.
2019-11-13 16:20:37,966 [main] WARN  http.HttpRequestLog (HttpRequestLog.java:getRequestLog(97)) - Jetty request log can only be enabled using Log4j
2019-11-13 16:20:37,967 [main] INFO  http.HttpServer2 (HttpServer2.java:addGlobalFilter(975)) - Added global filter 'safety' (class=org.apache.hadoop.http.HttpServer2$QuotingInputFilter)
2019-11-13 16:20:37,968 [main] INFO  http.HttpServer2 (HttpServer2.java:addFilter(948)) - Added filter static_user_filter (class=org.apache.hadoop.http.lib.StaticUserWebFilter$StaticUserFilter) to context hddsDatanode
2019-11-13 16:20:37,968 [main] INFO  http.HttpServer2 (HttpServer2.java:addFilter(958)) - Added filter static_user_filter (class=org.apache.hadoop.http.lib.StaticUserWebFilter$StaticUserFilter) to context logs
2019-11-13 16:20:37,968 [main] INFO  http.HttpServer2 (HttpServer2.java:addFilter(958)) - Added filter static_user_filter (class=org.apache.hadoop.http.lib.StaticUserWebFilter$StaticUserFilter) to context static
2019-11-13 16:20:37,969 [main] INFO  http.HttpServer2 (HttpServer2.java:bindListener(1191)) - Jetty bound to port 33592
2019-11-13 16:20:37,969 [main] INFO  server.Server (Server.java:doStart(351)) - jetty-9.3.25.v20180904, build timestamp: 2018-09-04T21:11:46Z, git hash: 3ce520221d0240229c862b122d2b06c12a625732
2019-11-13 16:20:37,971 [main] INFO  handler.ContextHandler (ContextHandler.java:doStart(781)) - Started o.e.j.s.ServletContextHandler@2eda072{/logs,file:///workdir/hadoop-ozone/integration-test/target/log,AVAILABLE}
2019-11-13 16:20:37,971 [main] INFO  handler.ContextHandler (ContextHandler.java:doStart(781)) - Started o.e.j.s.ServletContextHandler@416d56f2{/static,jar:file:/home/user/.m2/repository/org/apache/hadoop/hadoop-hdds-container-service/0.5.0-SNAPSHOT/hadoop-hdds-container-service-0.5.0-SNAPSHOT.jar!/webapps/static,AVAILABLE}
2019-11-13 16:20:38,000 [main] INFO  handler.ContextHandler (ContextHandler.java:doStart(781)) - Started o.e.j.w.WebAppContext@41fa769c{/,file:///tmp/jetty-0.0.0.0-33592-hddsDatanode-_-any-2904950599094560036.dir/webapp/,AVAILABLE}{/hddsDatanode}
2019-11-13 16:20:38,001 [main] INFO  server.AbstractConnector (AbstractConnector.java:doStart(278)) - Started ServerConnector@40113163{HTTP/1.1,[http/1.1]}{0.0.0.0:33592}
2019-11-13 16:20:38,004 [main] INFO  server.Server (Server.java:doStart(419)) - Started @61603ms
2019-11-13 16:20:38,004 [main] WARN  impl.MetricsSystemImpl (MetricsSystemImpl.java:register(276)) - Sink prometheus already exists!
2019-11-13 16:20:38,005 [main] INFO  server.BaseHttpServer (BaseHttpServer.java:updateConnectorAddress(215)) - HTTP server of HDDSDATANODE is listening at http://0.0.0.0:33592
2019-11-13 16:20:38,005 [main] INFO  impl.MetricsSystemImpl (MetricsSystemImpl.java:init(158)) - HddsDatanode metrics system started (again)
2019-11-13 16:20:38,009 [org.apache.hadoop.util.JvmPauseMonitor$Monitor@6d1833ff] INFO  util.JvmPauseMonitor (JvmPauseMonitor.java:run(188)) - Starting JVM pause monitor
2019-11-13 16:20:38,009 [main] INFO  ozone.HddsDatanodeService (HddsDatanodeService.java:start(186)) - HddsDatanodeService host:pr-hdds-2467-gc456-181853687 ip:192.168.69.122
2019-11-13 16:20:38,011 [Datanode State Machine Thread - 0] INFO  datanode.InitDatanodeState (InitDatanodeState.java:persistContainerDatanodeDetails(140)) - DatanodeDetails is persisted to /workdir/hadoop-ozone/integration-test/target/test-dir/MiniOzoneClusterImpl-3a974f43-0da0-4ff7-ab4a-31bb81b91875/datanode-6/meta/datanode.id
2019-11-13 16:20:38,016 [main] INFO  volume.HddsVolume (HddsVolume.java:<init>(176)) - Creating Volume: /workdir/hadoop-ozone/integration-test/target/test-dir/MiniOzoneClusterImpl-3a974f43-0da0-4ff7-ab4a-31bb81b91875/datanode-7/data/containers/hdds of  storage type : DISK and capacity : 1482555576320
2019-11-13 16:20:38,016 [main] INFO  volume.VolumeSet (VolumeSet.java:initializeVolumeSet(170)) - Added Volume : /workdir/hadoop-ozone/integration-test/target/test-dir/MiniOzoneClusterImpl-3a974f43-0da0-4ff7-ab4a-31bb81b91875/datanode-7/data/containers/hdds to VolumeSet
2019-11-13 16:20:38,016 [main] INFO  volume.ThrottledAsyncChecker (ThrottledAsyncChecker.java:schedule(141)) - Scheduling a check for /workdir/hadoop-ozone/integration-test/target/test-dir/MiniOzoneClusterImpl-3a974f43-0da0-4ff7-ab4a-31bb81b91875/datanode-7/data/containers/hdds
2019-11-13 16:20:38,017 [main] INFO  volume.HddsVolumeChecker (HddsVolumeChecker.java:checkAllVolumes(204)) - Scheduled health check for volume /workdir/hadoop-ozone/integration-test/target/test-dir/MiniOzoneClusterImpl-3a974f43-0da0-4ff7-ab4a-31bb81b91875/datanode-7/data/containers/hdds
2019-11-13 16:20:38,029 [main] INFO  impl.RaftServerProxy (ConfUtils.java:logGet(43)) - raft.rpc.type = GRPC (default)
2019-11-13 16:20:38,029 [main] INFO  grpc.GrpcFactory (GrpcFactory.java:checkPooledByteBufAllocatorUseCacheForAllThreads(45)) - PERFORMANCE WARNING: useCacheForAllThreads is true that may cause Netty to create a lot garbage objects and, as a result, trigger GC.
	It is recommended to disable useCacheForAllThreads by setting -Dorg.apache.ratis.thirdparty.io.netty.allocator.useCacheForAllThreads=false in command line.
2019-11-13 16:20:38,029 [main] INFO  grpc.GrpcConfigKeys$Server (ConfUtils.java:logGet(43)) - raft.grpc.server.port = 0 (default)
2019-11-13 16:20:38,029 [main] INFO  server.GrpcService (ConfUtils.java:logGet(43)) - raft.grpc.message.size.max = 33570816 (custom)
2019-11-13 16:20:38,030 [main] INFO  server.RaftServerConfigKeys (ConfUtils.java:logGet(43)) - raft.server.log.appender.buffer.byte-limit = 33554432 (custom)
2019-11-13 16:20:38,030 [main] INFO  server.GrpcService (ConfUtils.java:logGet(43)) - raft.grpc.flow.control.window = 1MB (=1048576) (default)
2019-11-13 16:20:38,030 [main] INFO  server.RaftServerConfigKeys (ConfUtils.java:logGet(43)) - raft.server.rpc.request.timeout = 3000ms (default)
2019-11-13 16:20:38,030 [main] INFO  server.RaftServerConfigKeys (ConfUtils.java:logGet(43)) - raft.server.storage.dir = [/workdir/hadoop-ozone/integration-test/target/test-dir/MiniOzoneClusterImpl-3a974f43-0da0-4ff7-ab4a-31bb81b91875/datanode-7/data/ratis] (custom)
2019-11-13 16:20:38,032 [main] INFO  hdfs.DFSUtil (DFSUtil.java:httpServerTemplateForNNAndJN(1641)) - Starting Web-server for hddsDatanode at: http://0.0.0.0:0
2019-11-13 16:20:38,033 [main] INFO  server.AuthenticationFilter (AuthenticationFilter.java:constructSecretProvider(240)) - Unable to initialize FileSignerSecretProvider, falling back to use random secrets.
2019-11-13 16:20:38,033 [main] WARN  http.HttpRequestLog (HttpRequestLog.java:getRequestLog(97)) - Jetty request log can only be enabled using Log4j
2019-11-13 16:20:38,034 [main] INFO  http.HttpServer2 (HttpServer2.java:addGlobalFilter(975)) - Added global filter 'safety' (class=org.apache.hadoop.http.HttpServer2$QuotingInputFilter)
2019-11-13 16:20:38,035 [main] INFO  http.HttpServer2 (HttpServer2.java:addFilter(948)) - Added filter static_user_filter (class=org.apache.hadoop.http.lib.StaticUserWebFilter$StaticUserFilter) to context hddsDatanode
2019-11-13 16:20:38,035 [main] INFO  http.HttpServer2 (HttpServer2.java:addFilter(958)) - Added filter static_user_filter (class=org.apache.hadoop.http.lib.StaticUserWebFilter$StaticUserFilter) to context logs
2019-11-13 16:20:38,035 [main] INFO  http.HttpServer2 (HttpServer2.java:addFilter(958)) - Added filter static_user_filter (class=org.apache.hadoop.http.lib.StaticUserWebFilter$StaticUserFilter) to context static
2019-11-13 16:20:38,036 [main] INFO  http.HttpServer2 (HttpServer2.java:bindListener(1191)) - Jetty bound to port 34240
2019-11-13 16:20:38,036 [main] INFO  server.Server (Server.java:doStart(351)) - jetty-9.3.25.v20180904, build timestamp: 2018-09-04T21:11:46Z, git hash: 3ce520221d0240229c862b122d2b06c12a625732
2019-11-13 16:20:38,038 [main] INFO  handler.ContextHandler (ContextHandler.java:doStart(781)) - Started o.e.j.s.ServletContextHandler@57a6a933{/logs,file:///workdir/hadoop-ozone/integration-test/target/log,AVAILABLE}
2019-11-13 16:20:38,038 [main] INFO  handler.ContextHandler (ContextHandler.java:doStart(781)) - Started o.e.j.s.ServletContextHandler@1934ad7c{/static,jar:file:/home/user/.m2/repository/org/apache/hadoop/hadoop-hdds-container-service/0.5.0-SNAPSHOT/hadoop-hdds-container-service-0.5.0-SNAPSHOT.jar!/webapps/static,AVAILABLE}
2019-11-13 16:20:38,082 [main] INFO  handler.ContextHandler (ContextHandler.java:doStart(781)) - Started o.e.j.w.WebAppContext@438c9aa7{/,file:///tmp/jetty-0.0.0.0-34240-hddsDatanode-_-any-1851313905268679270.dir/webapp/,AVAILABLE}{/hddsDatanode}
2019-11-13 16:20:38,083 [main] INFO  server.AbstractConnector (AbstractConnector.java:doStart(278)) - Started ServerConnector@3453acd2{HTTP/1.1,[http/1.1]}{0.0.0.0:34240}
2019-11-13 16:20:38,084 [main] INFO  server.Server (Server.java:doStart(419)) - Started @61683ms
2019-11-13 16:20:38,084 [main] WARN  impl.MetricsSystemImpl (MetricsSystemImpl.java:register(276)) - Sink prometheus already exists!
2019-11-13 16:20:38,088 [main] INFO  server.BaseHttpServer (BaseHttpServer.java:updateConnectorAddress(215)) - HTTP server of HDDSDATANODE is listening at http://0.0.0.0:34240
2019-11-13 16:20:38,089 [main] INFO  impl.MetricsSystemImpl (MetricsSystemImpl.java:init(158)) - HddsDatanode metrics system started (again)
2019-11-13 16:20:38,092 [org.apache.hadoop.util.JvmPauseMonitor$Monitor@413e455e] INFO  util.JvmPauseMonitor (JvmPauseMonitor.java:run(188)) - Starting JVM pause monitor
2019-11-13 16:20:38,093 [main] INFO  ozone.HddsDatanodeService (HddsDatanodeService.java:start(186)) - HddsDatanodeService host:pr-hdds-2467-gc456-181853687 ip:192.168.69.122
2019-11-13 16:20:38,094 [Datanode State Machine Thread - 0] INFO  datanode.InitDatanodeState (InitDatanodeState.java:persistContainerDatanodeDetails(140)) - DatanodeDetails is persisted to /workdir/hadoop-ozone/integration-test/target/test-dir/MiniOzoneClusterImpl-3a974f43-0da0-4ff7-ab4a-31bb81b91875/datanode-7/meta/datanode.id
2019-11-13 16:20:38,104 [main] INFO  volume.HddsVolume (HddsVolume.java:<init>(176)) - Creating Volume: /workdir/hadoop-ozone/integration-test/target/test-dir/MiniOzoneClusterImpl-3a974f43-0da0-4ff7-ab4a-31bb81b91875/datanode-8/data/containers/hdds of  storage type : DISK and capacity : 1482555576320
2019-11-13 16:20:38,104 [main] INFO  volume.VolumeSet (VolumeSet.java:initializeVolumeSet(170)) - Added Volume : /workdir/hadoop-ozone/integration-test/target/test-dir/MiniOzoneClusterImpl-3a974f43-0da0-4ff7-ab4a-31bb81b91875/datanode-8/data/containers/hdds to VolumeSet
2019-11-13 16:20:38,104 [main] INFO  volume.ThrottledAsyncChecker (ThrottledAsyncChecker.java:schedule(141)) - Scheduling a check for /workdir/hadoop-ozone/integration-test/target/test-dir/MiniOzoneClusterImpl-3a974f43-0da0-4ff7-ab4a-31bb81b91875/datanode-8/data/containers/hdds
2019-11-13 16:20:38,105 [main] INFO  volume.HddsVolumeChecker (HddsVolumeChecker.java:checkAllVolumes(204)) - Scheduled health check for volume /workdir/hadoop-ozone/integration-test/target/test-dir/MiniOzoneClusterImpl-3a974f43-0da0-4ff7-ab4a-31bb81b91875/datanode-8/data/containers/hdds
2019-11-13 16:20:38,116 [main] INFO  impl.RaftServerProxy (ConfUtils.java:logGet(43)) - raft.rpc.type = GRPC (default)
2019-11-13 16:20:38,116 [main] INFO  grpc.GrpcFactory (GrpcFactory.java:checkPooledByteBufAllocatorUseCacheForAllThreads(45)) - PERFORMANCE WARNING: useCacheForAllThreads is true that may cause Netty to create a lot garbage objects and, as a result, trigger GC.
	It is recommended to disable useCacheForAllThreads by setting -Dorg.apache.ratis.thirdparty.io.netty.allocator.useCacheForAllThreads=false in command line.
2019-11-13 16:20:38,117 [main] INFO  grpc.GrpcConfigKeys$Server (ConfUtils.java:logGet(43)) - raft.grpc.server.port = 0 (default)
2019-11-13 16:20:38,117 [main] INFO  server.GrpcService (ConfUtils.java:logGet(43)) - raft.grpc.message.size.max = 33570816 (custom)
2019-11-13 16:20:38,117 [main] INFO  server.RaftServerConfigKeys (ConfUtils.java:logGet(43)) - raft.server.log.appender.buffer.byte-limit = 33554432 (custom)
2019-11-13 16:20:38,117 [main] INFO  server.GrpcService (ConfUtils.java:logGet(43)) - raft.grpc.flow.control.window = 1MB (=1048576) (default)
2019-11-13 16:20:38,117 [main] INFO  server.RaftServerConfigKeys (ConfUtils.java:logGet(43)) - raft.server.rpc.request.timeout = 3000ms (default)
2019-11-13 16:20:38,117 [main] INFO  server.RaftServerConfigKeys (ConfUtils.java:logGet(43)) - raft.server.storage.dir = [/workdir/hadoop-ozone/integration-test/target/test-dir/MiniOzoneClusterImpl-3a974f43-0da0-4ff7-ab4a-31bb81b91875/datanode-8/data/ratis] (custom)
2019-11-13 16:20:38,119 [main] INFO  hdfs.DFSUtil (DFSUtil.java:httpServerTemplateForNNAndJN(1641)) - Starting Web-server for hddsDatanode at: http://0.0.0.0:0
2019-11-13 16:20:38,120 [main] INFO  server.AuthenticationFilter (AuthenticationFilter.java:constructSecretProvider(240)) - Unable to initialize FileSignerSecretProvider, falling back to use random secrets.
2019-11-13 16:20:38,120 [main] WARN  http.HttpRequestLog (HttpRequestLog.java:getRequestLog(97)) - Jetty request log can only be enabled using Log4j
2019-11-13 16:20:38,122 [main] INFO  http.HttpServer2 (HttpServer2.java:addGlobalFilter(975)) - Added global filter 'safety' (class=org.apache.hadoop.http.HttpServer2$QuotingInputFilter)
2019-11-13 16:20:38,122 [main] INFO  http.HttpServer2 (HttpServer2.java:addFilter(948)) - Added filter static_user_filter (class=org.apache.hadoop.http.lib.StaticUserWebFilter$StaticUserFilter) to context hddsDatanode
2019-11-13 16:20:38,122 [main] INFO  http.HttpServer2 (HttpServer2.java:addFilter(958)) - Added filter static_user_filter (class=org.apache.hadoop.http.lib.StaticUserWebFilter$StaticUserFilter) to context static
2019-11-13 16:20:38,122 [main] INFO  http.HttpServer2 (HttpServer2.java:addFilter(958)) - Added filter static_user_filter (class=org.apache.hadoop.http.lib.StaticUserWebFilter$StaticUserFilter) to context logs
2019-11-13 16:20:38,123 [main] INFO  http.HttpServer2 (HttpServer2.java:bindListener(1191)) - Jetty bound to port 38490
2019-11-13 16:20:38,123 [main] INFO  server.Server (Server.java:doStart(351)) - jetty-9.3.25.v20180904, build timestamp: 2018-09-04T21:11:46Z, git hash: 3ce520221d0240229c862b122d2b06c12a625732
2019-11-13 16:20:38,125 [main] INFO  handler.ContextHandler (ContextHandler.java:doStart(781)) - Started o.e.j.s.ServletContextHandler@55b5cd2b{/logs,file:///workdir/hadoop-ozone/integration-test/target/log,AVAILABLE}
2019-11-13 16:20:38,126 [main] INFO  handler.ContextHandler (ContextHandler.java:doStart(781)) - Started o.e.j.s.ServletContextHandler@51a651c1{/static,jar:file:/home/user/.m2/repository/org/apache/hadoop/hadoop-hdds-container-service/0.5.0-SNAPSHOT/hadoop-hdds-container-service-0.5.0-SNAPSHOT.jar!/webapps/static,AVAILABLE}
2019-11-13 16:20:38,167 [main] INFO  handler.ContextHandler (ContextHandler.java:doStart(781)) - Started o.e.j.w.WebAppContext@760487aa{/,file:///tmp/jetty-0.0.0.0-38490-hddsDatanode-_-any-7766109342839987441.dir/webapp/,AVAILABLE}{/hddsDatanode}
2019-11-13 16:20:38,168 [main] INFO  server.AbstractConnector (AbstractConnector.java:doStart(278)) - Started ServerConnector@1526f71{HTTP/1.1,[http/1.1]}{0.0.0.0:38490}
2019-11-13 16:20:38,169 [main] INFO  server.Server (Server.java:doStart(419)) - Started @61768ms
2019-11-13 16:20:38,170 [main] WARN  impl.MetricsSystemImpl (MetricsSystemImpl.java:register(276)) - Sink prometheus already exists!
2019-11-13 16:20:38,171 [main] INFO  server.BaseHttpServer (BaseHttpServer.java:updateConnectorAddress(215)) - HTTP server of HDDSDATANODE is listening at http://0.0.0.0:38490
2019-11-13 16:20:38,171 [main] INFO  impl.MetricsSystemImpl (MetricsSystemImpl.java:init(158)) - HddsDatanode metrics system started (again)
2019-11-13 16:20:38,176 [org.apache.hadoop.util.JvmPauseMonitor$Monitor@4d4c7651] INFO  util.JvmPauseMonitor (JvmPauseMonitor.java:run(188)) - Starting JVM pause monitor
2019-11-13 16:20:38,177 [main] INFO  ozone.HddsDatanodeService (HddsDatanodeService.java:start(186)) - HddsDatanodeService host:pr-hdds-2467-gc456-181853687 ip:192.168.69.122
2019-11-13 16:20:38,177 [Datanode State Machine Thread - 0] INFO  datanode.InitDatanodeState (InitDatanodeState.java:persistContainerDatanodeDetails(140)) - DatanodeDetails is persisted to /workdir/hadoop-ozone/integration-test/target/test-dir/MiniOzoneClusterImpl-3a974f43-0da0-4ff7-ab4a-31bb81b91875/datanode-8/meta/datanode.id
2019-11-13 16:20:38,184 [main] INFO  volume.HddsVolume (HddsVolume.java:<init>(176)) - Creating Volume: /workdir/hadoop-ozone/integration-test/target/test-dir/MiniOzoneClusterImpl-3a974f43-0da0-4ff7-ab4a-31bb81b91875/datanode-9/data/containers/hdds of  storage type : DISK and capacity : 1482555576320
2019-11-13 16:20:38,185 [main] INFO  volume.VolumeSet (VolumeSet.java:initializeVolumeSet(170)) - Added Volume : /workdir/hadoop-ozone/integration-test/target/test-dir/MiniOzoneClusterImpl-3a974f43-0da0-4ff7-ab4a-31bb81b91875/datanode-9/data/containers/hdds to VolumeSet
2019-11-13 16:20:38,185 [main] INFO  volume.ThrottledAsyncChecker (ThrottledAsyncChecker.java:schedule(141)) - Scheduling a check for /workdir/hadoop-ozone/integration-test/target/test-dir/MiniOzoneClusterImpl-3a974f43-0da0-4ff7-ab4a-31bb81b91875/datanode-9/data/containers/hdds
2019-11-13 16:20:38,185 [main] INFO  volume.HddsVolumeChecker (HddsVolumeChecker.java:checkAllVolumes(204)) - Scheduled health check for volume /workdir/hadoop-ozone/integration-test/target/test-dir/MiniOzoneClusterImpl-3a974f43-0da0-4ff7-ab4a-31bb81b91875/datanode-9/data/containers/hdds
2019-11-13 16:20:38,202 [main] INFO  impl.RaftServerProxy (ConfUtils.java:logGet(43)) - raft.rpc.type = GRPC (default)
2019-11-13 16:20:38,202 [main] INFO  grpc.GrpcFactory (GrpcFactory.java:checkPooledByteBufAllocatorUseCacheForAllThreads(45)) - PERFORMANCE WARNING: useCacheForAllThreads is true that may cause Netty to create a lot garbage objects and, as a result, trigger GC.
	It is recommended to disable useCacheForAllThreads by setting -Dorg.apache.ratis.thirdparty.io.netty.allocator.useCacheForAllThreads=false in command line.
2019-11-13 16:20:38,202 [main] INFO  grpc.GrpcConfigKeys$Server (ConfUtils.java:logGet(43)) - raft.grpc.server.port = 0 (default)
2019-11-13 16:20:38,203 [main] INFO  server.GrpcService (ConfUtils.java:logGet(43)) - raft.grpc.message.size.max = 33570816 (custom)
2019-11-13 16:20:38,203 [main] INFO  server.RaftServerConfigKeys (ConfUtils.java:logGet(43)) - raft.server.log.appender.buffer.byte-limit = 33554432 (custom)
2019-11-13 16:20:38,203 [main] INFO  server.GrpcService (ConfUtils.java:logGet(43)) - raft.grpc.flow.control.window = 1MB (=1048576) (default)
2019-11-13 16:20:38,203 [main] INFO  server.RaftServerConfigKeys (ConfUtils.java:logGet(43)) - raft.server.rpc.request.timeout = 3000ms (default)
2019-11-13 16:20:38,204 [main] INFO  server.RaftServerConfigKeys (ConfUtils.java:logGet(43)) - raft.server.storage.dir = [/workdir/hadoop-ozone/integration-test/target/test-dir/MiniOzoneClusterImpl-3a974f43-0da0-4ff7-ab4a-31bb81b91875/datanode-9/data/ratis] (custom)
2019-11-13 16:20:38,206 [main] INFO  hdfs.DFSUtil (DFSUtil.java:httpServerTemplateForNNAndJN(1641)) - Starting Web-server for hddsDatanode at: http://0.0.0.0:0
2019-11-13 16:20:38,208 [main] INFO  server.AuthenticationFilter (AuthenticationFilter.java:constructSecretProvider(240)) - Unable to initialize FileSignerSecretProvider, falling back to use random secrets.
2019-11-13 16:20:38,209 [main] WARN  http.HttpRequestLog (HttpRequestLog.java:getRequestLog(97)) - Jetty request log can only be enabled using Log4j
2019-11-13 16:20:38,212 [main] INFO  http.HttpServer2 (HttpServer2.java:addGlobalFilter(975)) - Added global filter 'safety' (class=org.apache.hadoop.http.HttpServer2$QuotingInputFilter)
2019-11-13 16:20:38,213 [main] INFO  http.HttpServer2 (HttpServer2.java:addFilter(948)) - Added filter static_user_filter (class=org.apache.hadoop.http.lib.StaticUserWebFilter$StaticUserFilter) to context hddsDatanode
2019-11-13 16:20:38,213 [main] INFO  http.HttpServer2 (HttpServer2.java:addFilter(958)) - Added filter static_user_filter (class=org.apache.hadoop.http.lib.StaticUserWebFilter$StaticUserFilter) to context static
2019-11-13 16:20:38,213 [main] INFO  http.HttpServer2 (HttpServer2.java:addFilter(958)) - Added filter static_user_filter (class=org.apache.hadoop.http.lib.StaticUserWebFilter$StaticUserFilter) to context logs
2019-11-13 16:20:38,214 [main] INFO  http.HttpServer2 (HttpServer2.java:bindListener(1191)) - Jetty bound to port 34663
2019-11-13 16:20:38,215 [main] INFO  server.Server (Server.java:doStart(351)) - jetty-9.3.25.v20180904, build timestamp: 2018-09-04T21:11:46Z, git hash: 3ce520221d0240229c862b122d2b06c12a625732
2019-11-13 16:20:38,217 [main] INFO  handler.ContextHandler (ContextHandler.java:doStart(781)) - Started o.e.j.s.ServletContextHandler@2e43c38d{/logs,file:///workdir/hadoop-ozone/integration-test/target/log,AVAILABLE}
2019-11-13 16:20:38,218 [main] INFO  handler.ContextHandler (ContextHandler.java:doStart(781)) - Started o.e.j.s.ServletContextHandler@2e62ead7{/static,jar:file:/home/user/.m2/repository/org/apache/hadoop/hadoop-hdds-container-service/0.5.0-SNAPSHOT/hadoop-hdds-container-service-0.5.0-SNAPSHOT.jar!/webapps/static,AVAILABLE}
2019-11-13 16:20:38,257 [main] INFO  handler.ContextHandler (ContextHandler.java:doStart(781)) - Started o.e.j.w.WebAppContext@5b39a3e6{/,file:///tmp/jetty-0.0.0.0-34663-hddsDatanode-_-any-2536580989141747765.dir/webapp/,AVAILABLE}{/hddsDatanode}
2019-11-13 16:20:38,258 [main] INFO  server.AbstractConnector (AbstractConnector.java:doStart(278)) - Started ServerConnector@5820070c{HTTP/1.1,[http/1.1]}{0.0.0.0:34663}
2019-11-13 16:20:38,259 [main] INFO  server.Server (Server.java:doStart(419)) - Started @61858ms
2019-11-13 16:20:38,259 [main] WARN  impl.MetricsSystemImpl (MetricsSystemImpl.java:register(276)) - Sink prometheus already exists!
2019-11-13 16:20:38,261 [main] INFO  server.BaseHttpServer (BaseHttpServer.java:updateConnectorAddress(215)) - HTTP server of HDDSDATANODE is listening at http://0.0.0.0:34663
2019-11-13 16:20:38,261 [main] INFO  ozone.MiniOzoneClusterImpl (MiniOzoneClusterImpl.java:lambda$waitForClusterToBeReady$2(171)) - Waiting for cluster to be ready. Got 0 of 10 DN Heartbeats.
2019-11-13 16:20:38,262 [org.apache.hadoop.util.JvmPauseMonitor$Monitor@6da1c544] INFO  util.JvmPauseMonitor (JvmPauseMonitor.java:run(188)) - Starting JVM pause monitor
2019-11-13 16:20:38,264 [Datanode State Machine Thread - 0] INFO  datanode.InitDatanodeState (InitDatanodeState.java:persistContainerDatanodeDetails(140)) - DatanodeDetails is persisted to /workdir/hadoop-ozone/integration-test/target/test-dir/MiniOzoneClusterImpl-3a974f43-0da0-4ff7-ab4a-31bb81b91875/datanode-9/meta/datanode.id
2019-11-13 16:20:39,262 [main] INFO  ozone.MiniOzoneClusterImpl (MiniOzoneClusterImpl.java:lambda$waitForClusterToBeReady$2(171)) - Waiting for cluster to be ready. Got 0 of 10 DN Heartbeats.
2019-11-13 16:20:39,620 [Datanode State Machine Thread - 0] INFO  ozoneimpl.OzoneContainer (OzoneContainer.java:start(230)) - Attempting to start container services.
2019-11-13 16:20:39,620 [Datanode State Machine Thread - 0] INFO  ozoneimpl.OzoneContainer (OzoneContainer.java:startContainerScrub(194)) - Background container scanner has been disabled.
2019-11-13 16:20:39,621 [Datanode State Machine Thread - 0] INFO  ratis.XceiverServerRatis (XceiverServerRatis.java:start(421)) - Starting XceiverServerRatis c8ab3730-25d4-490d-a322-cbffb61abc7d at port 0
2019-11-13 16:20:39,628 [Datanode State Machine Thread - 0] INFO  impl.RaftServerProxy (RaftServerProxy.java:lambda$start$3(299)) - c8ab3730-25d4-490d-a322-cbffb61abc7d: start RPC server
2019-11-13 16:20:39,632 [Datanode State Machine Thread - 0] INFO  server.GrpcService (GrpcService.java:startImpl(158)) - c8ab3730-25d4-490d-a322-cbffb61abc7d: GrpcService started, listening on 0.0.0.0/0.0.0.0:32878
2019-11-13 16:20:39,632 [Datanode State Machine Thread - 0] INFO  ratis.XceiverServerRatis (XceiverServerRatis.java:start(431)) - XceiverServerRatis c8ab3730-25d4-490d-a322-cbffb61abc7d is started using port 32878
2019-11-13 16:20:39,632 [Datanode State Machine Thread - 0] INFO  server.XceiverServerGrpc (XceiverServerGrpc.java:start(145)) - XceiverServerGrpc c8ab3730-25d4-490d-a322-cbffb61abc7d is started using port 43492
2019-11-13 16:20:39,670 [Datanode State Machine Thread - 0] INFO  ozoneimpl.OzoneContainer (OzoneContainer.java:start(230)) - Attempting to start container services.
2019-11-13 16:20:39,671 [Datanode State Machine Thread - 0] INFO  ozoneimpl.OzoneContainer (OzoneContainer.java:startContainerScrub(194)) - Background container scanner has been disabled.
2019-11-13 16:20:39,671 [Datanode State Machine Thread - 0] INFO  ratis.XceiverServerRatis (XceiverServerRatis.java:start(421)) - Starting XceiverServerRatis 66a098cb-53c0-4f05-8b16-ad76b3c07384 at port 0
2019-11-13 16:20:39,678 [Datanode State Machine Thread - 0] INFO  impl.RaftServerProxy (RaftServerProxy.java:lambda$start$3(299)) - 66a098cb-53c0-4f05-8b16-ad76b3c07384: start RPC server
2019-11-13 16:20:39,679 [Datanode State Machine Thread - 0] INFO  server.GrpcService (GrpcService.java:startImpl(158)) - 66a098cb-53c0-4f05-8b16-ad76b3c07384: GrpcService started, listening on 0.0.0.0/0.0.0.0:36855
2019-11-13 16:20:39,679 [Datanode State Machine Thread - 0] INFO  ratis.XceiverServerRatis (XceiverServerRatis.java:start(431)) - XceiverServerRatis 66a098cb-53c0-4f05-8b16-ad76b3c07384 is started using port 36855
2019-11-13 16:20:39,680 [Datanode State Machine Thread - 0] INFO  server.XceiverServerGrpc (XceiverServerGrpc.java:start(145)) - XceiverServerGrpc 66a098cb-53c0-4f05-8b16-ad76b3c07384 is started using port 41358
2019-11-13 16:20:39,746 [Datanode State Machine Thread - 0] INFO  ozoneimpl.OzoneContainer (OzoneContainer.java:start(230)) - Attempting to start container services.
2019-11-13 16:20:39,746 [Datanode State Machine Thread - 0] INFO  ozoneimpl.OzoneContainer (OzoneContainer.java:startContainerScrub(194)) - Background container scanner has been disabled.
2019-11-13 16:20:39,746 [Datanode State Machine Thread - 0] INFO  ratis.XceiverServerRatis (XceiverServerRatis.java:start(421)) - Starting XceiverServerRatis 3fa6b523-0f53-44bb-b345-f5f355eab07b at port 0
2019-11-13 16:20:39,752 [Datanode State Machine Thread - 0] INFO  impl.RaftServerProxy (RaftServerProxy.java:lambda$start$3(299)) - 3fa6b523-0f53-44bb-b345-f5f355eab07b: start RPC server
2019-11-13 16:20:39,753 [Datanode State Machine Thread - 0] INFO  server.GrpcService (GrpcService.java:startImpl(158)) - 3fa6b523-0f53-44bb-b345-f5f355eab07b: GrpcService started, listening on 0.0.0.0/0.0.0.0:39811
2019-11-13 16:20:39,753 [Datanode State Machine Thread - 0] INFO  ratis.XceiverServerRatis (XceiverServerRatis.java:start(431)) - XceiverServerRatis 3fa6b523-0f53-44bb-b345-f5f355eab07b is started using port 39811
2019-11-13 16:20:39,753 [Datanode State Machine Thread - 0] INFO  server.XceiverServerGrpc (XceiverServerGrpc.java:start(145)) - XceiverServerGrpc 3fa6b523-0f53-44bb-b345-f5f355eab07b is started using port 45658
2019-11-13 16:20:39,821 [Datanode State Machine Thread - 0] INFO  ozoneimpl.OzoneContainer (OzoneContainer.java:start(230)) - Attempting to start container services.
2019-11-13 16:20:39,821 [Datanode State Machine Thread - 0] INFO  ozoneimpl.OzoneContainer (OzoneContainer.java:startContainerScrub(194)) - Background container scanner has been disabled.
2019-11-13 16:20:39,821 [Datanode State Machine Thread - 0] INFO  ratis.XceiverServerRatis (XceiverServerRatis.java:start(421)) - Starting XceiverServerRatis 0d99dfee-4670-49f5-9a57-a4288445f0bf at port 0
2019-11-13 16:20:39,828 [Datanode State Machine Thread - 0] INFO  impl.RaftServerProxy (RaftServerProxy.java:lambda$start$3(299)) - 0d99dfee-4670-49f5-9a57-a4288445f0bf: start RPC server
2019-11-13 16:20:39,828 [Datanode State Machine Thread - 0] INFO  server.GrpcService (GrpcService.java:startImpl(158)) - 0d99dfee-4670-49f5-9a57-a4288445f0bf: GrpcService started, listening on 0.0.0.0/0.0.0.0:44563
2019-11-13 16:20:39,829 [Datanode State Machine Thread - 0] INFO  ratis.XceiverServerRatis (XceiverServerRatis.java:start(431)) - XceiverServerRatis 0d99dfee-4670-49f5-9a57-a4288445f0bf is started using port 44563
2019-11-13 16:20:39,829 [Datanode State Machine Thread - 0] INFO  server.XceiverServerGrpc (XceiverServerGrpc.java:start(145)) - XceiverServerGrpc 0d99dfee-4670-49f5-9a57-a4288445f0bf is started using port 35613
2019-11-13 16:20:39,896 [Datanode State Machine Thread - 0] INFO  ozoneimpl.OzoneContainer (OzoneContainer.java:start(230)) - Attempting to start container services.
2019-11-13 16:20:39,897 [Datanode State Machine Thread - 0] INFO  ozoneimpl.OzoneContainer (OzoneContainer.java:startContainerScrub(194)) - Background container scanner has been disabled.
2019-11-13 16:20:39,897 [Datanode State Machine Thread - 0] INFO  ratis.XceiverServerRatis (XceiverServerRatis.java:start(421)) - Starting XceiverServerRatis 23e196cf-bea2-4a46-b492-74457a62baf8 at port 0
2019-11-13 16:20:39,905 [Datanode State Machine Thread - 0] INFO  impl.RaftServerProxy (RaftServerProxy.java:lambda$start$3(299)) - 23e196cf-bea2-4a46-b492-74457a62baf8: start RPC server
2019-11-13 16:20:39,905 [Datanode State Machine Thread - 0] INFO  server.GrpcService (GrpcService.java:startImpl(158)) - 23e196cf-bea2-4a46-b492-74457a62baf8: GrpcService started, listening on 0.0.0.0/0.0.0.0:43821
2019-11-13 16:20:39,906 [Datanode State Machine Thread - 0] INFO  ratis.XceiverServerRatis (XceiverServerRatis.java:start(431)) - XceiverServerRatis 23e196cf-bea2-4a46-b492-74457a62baf8 is started using port 43821
2019-11-13 16:20:39,906 [Datanode State Machine Thread - 0] INFO  server.XceiverServerGrpc (XceiverServerGrpc.java:start(145)) - XceiverServerGrpc 23e196cf-bea2-4a46-b492-74457a62baf8 is started using port 41453
2019-11-13 16:20:39,955 [Datanode State Machine Thread - 0] INFO  ozoneimpl.OzoneContainer (OzoneContainer.java:start(230)) - Attempting to start container services.
2019-11-13 16:20:39,956 [Datanode State Machine Thread - 0] INFO  ozoneimpl.OzoneContainer (OzoneContainer.java:startContainerScrub(194)) - Background container scanner has been disabled.
2019-11-13 16:20:39,956 [Datanode State Machine Thread - 0] INFO  ratis.XceiverServerRatis (XceiverServerRatis.java:start(421)) - Starting XceiverServerRatis 285e9247-2161-496e-af81-9a87b6b231d9 at port 0
2019-11-13 16:20:39,963 [Datanode State Machine Thread - 0] INFO  impl.RaftServerProxy (RaftServerProxy.java:lambda$start$3(299)) - 285e9247-2161-496e-af81-9a87b6b231d9: start RPC server
2019-11-13 16:20:39,966 [Datanode State Machine Thread - 0] INFO  server.GrpcService (GrpcService.java:startImpl(158)) - 285e9247-2161-496e-af81-9a87b6b231d9: GrpcService started, listening on 0.0.0.0/0.0.0.0:38616
2019-11-13 16:20:39,966 [Datanode State Machine Thread - 0] INFO  ratis.XceiverServerRatis (XceiverServerRatis.java:start(431)) - XceiverServerRatis 285e9247-2161-496e-af81-9a87b6b231d9 is started using port 38616
2019-11-13 16:20:39,966 [Datanode State Machine Thread - 0] INFO  server.XceiverServerGrpc (XceiverServerGrpc.java:start(145)) - XceiverServerGrpc 285e9247-2161-496e-af81-9a87b6b231d9 is started using port 34504
2019-11-13 16:20:40,039 [Datanode State Machine Thread - 0] INFO  ozoneimpl.OzoneContainer (OzoneContainer.java:start(230)) - Attempting to start container services.
2019-11-13 16:20:40,043 [Datanode State Machine Thread - 0] INFO  ozoneimpl.OzoneContainer (OzoneContainer.java:startContainerScrub(194)) - Background container scanner has been disabled.
2019-11-13 16:20:40,044 [Datanode State Machine Thread - 0] INFO  ratis.XceiverServerRatis (XceiverServerRatis.java:start(421)) - Starting XceiverServerRatis ece9b524-37b5-4407-b642-ea356430eaaa at port 0
2019-11-13 16:20:40,053 [Datanode State Machine Thread - 0] INFO  impl.RaftServerProxy (RaftServerProxy.java:lambda$start$3(299)) - ece9b524-37b5-4407-b642-ea356430eaaa: start RPC server
2019-11-13 16:20:40,055 [Datanode State Machine Thread - 0] INFO  server.GrpcService (GrpcService.java:startImpl(158)) - ece9b524-37b5-4407-b642-ea356430eaaa: GrpcService started, listening on 0.0.0.0/0.0.0.0:40942
2019-11-13 16:20:40,055 [Datanode State Machine Thread - 0] INFO  ratis.XceiverServerRatis (XceiverServerRatis.java:start(431)) - XceiverServerRatis ece9b524-37b5-4407-b642-ea356430eaaa is started using port 40942
2019-11-13 16:20:40,056 [Datanode State Machine Thread - 0] INFO  server.XceiverServerGrpc (XceiverServerGrpc.java:start(145)) - XceiverServerGrpc ece9b524-37b5-4407-b642-ea356430eaaa is started using port 37051
2019-11-13 16:20:40,123 [Datanode State Machine Thread - 0] INFO  ozoneimpl.OzoneContainer (OzoneContainer.java:start(230)) - Attempting to start container services.
2019-11-13 16:20:40,124 [Datanode State Machine Thread - 0] INFO  ozoneimpl.OzoneContainer (OzoneContainer.java:startContainerScrub(194)) - Background container scanner has been disabled.
2019-11-13 16:20:40,124 [Datanode State Machine Thread - 0] INFO  ratis.XceiverServerRatis (XceiverServerRatis.java:start(421)) - Starting XceiverServerRatis a3f5b1ff-5ddb-40c7-8bbd-1ae7c3cdb433 at port 0
2019-11-13 16:20:40,130 [Datanode State Machine Thread - 0] INFO  impl.RaftServerProxy (RaftServerProxy.java:lambda$start$3(299)) - a3f5b1ff-5ddb-40c7-8bbd-1ae7c3cdb433: start RPC server
2019-11-13 16:20:40,131 [Datanode State Machine Thread - 0] INFO  server.GrpcService (GrpcService.java:startImpl(158)) - a3f5b1ff-5ddb-40c7-8bbd-1ae7c3cdb433: GrpcService started, listening on 0.0.0.0/0.0.0.0:40390
2019-11-13 16:20:40,131 [Datanode State Machine Thread - 0] INFO  ratis.XceiverServerRatis (XceiverServerRatis.java:start(431)) - XceiverServerRatis a3f5b1ff-5ddb-40c7-8bbd-1ae7c3cdb433 is started using port 40390
2019-11-13 16:20:40,132 [Datanode State Machine Thread - 0] INFO  server.XceiverServerGrpc (XceiverServerGrpc.java:start(145)) - XceiverServerGrpc a3f5b1ff-5ddb-40c7-8bbd-1ae7c3cdb433 is started using port 41372
2019-11-13 16:20:40,207 [Datanode State Machine Thread - 0] INFO  ozoneimpl.OzoneContainer (OzoneContainer.java:start(230)) - Attempting to start container services.
2019-11-13 16:20:40,208 [Datanode State Machine Thread - 0] INFO  ozoneimpl.OzoneContainer (OzoneContainer.java:startContainerScrub(194)) - Background container scanner has been disabled.
2019-11-13 16:20:40,208 [Datanode State Machine Thread - 0] INFO  ratis.XceiverServerRatis (XceiverServerRatis.java:start(421)) - Starting XceiverServerRatis d45a2df2-8f38-43ec-9df7-e5c52ac58263 at port 0
2019-11-13 16:20:40,218 [Datanode State Machine Thread - 0] INFO  impl.RaftServerProxy (RaftServerProxy.java:lambda$start$3(299)) - d45a2df2-8f38-43ec-9df7-e5c52ac58263: start RPC server
2019-11-13 16:20:40,219 [Datanode State Machine Thread - 0] INFO  server.GrpcService (GrpcService.java:startImpl(158)) - d45a2df2-8f38-43ec-9df7-e5c52ac58263: GrpcService started, listening on 0.0.0.0/0.0.0.0:44126
2019-11-13 16:20:40,219 [Datanode State Machine Thread - 0] INFO  ratis.XceiverServerRatis (XceiverServerRatis.java:start(431)) - XceiverServerRatis d45a2df2-8f38-43ec-9df7-e5c52ac58263 is started using port 44126
2019-11-13 16:20:40,230 [Datanode State Machine Thread - 0] INFO  server.XceiverServerGrpc (XceiverServerGrpc.java:start(145)) - XceiverServerGrpc d45a2df2-8f38-43ec-9df7-e5c52ac58263 is started using port 36257
2019-11-13 16:20:40,263 [main] INFO  ozone.MiniOzoneClusterImpl (MiniOzoneClusterImpl.java:lambda$waitForClusterToBeReady$2(171)) - Waiting for cluster to be ready. Got 0 of 10 DN Heartbeats.
2019-11-13 16:20:40,291 [Datanode State Machine Thread - 0] INFO  ozoneimpl.OzoneContainer (OzoneContainer.java:start(230)) - Attempting to start container services.
2019-11-13 16:20:40,291 [Datanode State Machine Thread - 0] INFO  ozoneimpl.OzoneContainer (OzoneContainer.java:startContainerScrub(194)) - Background container scanner has been disabled.
2019-11-13 16:20:40,291 [Datanode State Machine Thread - 0] INFO  ratis.XceiverServerRatis (XceiverServerRatis.java:start(421)) - Starting XceiverServerRatis 51f65b1e-ef83-4984-94ab-4ebc9e8c8658 at port 0
2019-11-13 16:20:40,300 [Datanode State Machine Thread - 0] INFO  impl.RaftServerProxy (RaftServerProxy.java:lambda$start$3(299)) - 51f65b1e-ef83-4984-94ab-4ebc9e8c8658: start RPC server
2019-11-13 16:20:40,304 [Datanode State Machine Thread - 0] INFO  server.GrpcService (GrpcService.java:startImpl(158)) - 51f65b1e-ef83-4984-94ab-4ebc9e8c8658: GrpcService started, listening on 0.0.0.0/0.0.0.0:36414
2019-11-13 16:20:40,304 [Datanode State Machine Thread - 0] INFO  ratis.XceiverServerRatis (XceiverServerRatis.java:start(431)) - XceiverServerRatis 51f65b1e-ef83-4984-94ab-4ebc9e8c8658 is started using port 36414
2019-11-13 16:20:40,316 [Datanode State Machine Thread - 0] INFO  server.XceiverServerGrpc (XceiverServerGrpc.java:start(145)) - XceiverServerGrpc 51f65b1e-ef83-4984-94ab-4ebc9e8c8658 is started using port 39751
2019-11-13 16:20:41,263 [main] INFO  ozone.MiniOzoneClusterImpl (MiniOzoneClusterImpl.java:lambda$waitForClusterToBeReady$2(171)) - Waiting for cluster to be ready. Got 0 of 10 DN Heartbeats.
2019-11-13 16:20:41,576 [IPC Server handler 0 on 43211] INFO  net.NetworkTopology (NetworkTopologyImpl.java:add(111)) - Added a new node: /rack1/c8ab3730-25d4-490d-a322-cbffb61abc7d
2019-11-13 16:20:41,579 [IPC Server handler 0 on 43211] INFO  node.SCMNodeManager (SCMNodeManager.java:register(267)) - Registered Data node : c8ab3730-25d4-490d-a322-cbffb61abc7d{ip: 192.168.69.122, host: pr-hdds-2467-gc456-181853687, networkLocation: /rack1, certSerialId: null}
2019-11-13 16:20:41,580 [EventQueue-NodeRegistrationContainerReportForDataNodeSafeModeRule] INFO  safemode.SCMSafeModeManager (DataNodeSafeModeRule.java:process(71)) - SCM in safe mode. 1 DataNodes registered, 1 required.
2019-11-13 16:20:41,582 [EventQueue-NodeRegistrationContainerReportForDataNodeSafeModeRule] INFO  safemode.SCMSafeModeManager (SCMSafeModeManager.java:validateSafeModeExitRules(177)) - ScmSafeModeManager, all rules are successfully validated
2019-11-13 16:20:41,582 [EventQueue-NodeRegistrationContainerReportForDataNodeSafeModeRule] INFO  safemode.SCMSafeModeManager (SCMSafeModeManager.java:exitSafeMode(193)) - SCM exiting safe mode.
2019-11-13 16:20:41,596 [grpc-default-executor-4] INFO  impl.RaftServerProxy (RaftServerProxy.java:addNew(89)) - c8ab3730-25d4-490d-a322-cbffb61abc7d: addNew group-E9F09C7F5234:[c8ab3730-25d4-490d-a322-cbffb61abc7d:192.168.69.122:32878] returns group-E9F09C7F5234:java.util.concurrent.CompletableFuture@789fb87[Not completed]
2019-11-13 16:20:41,599 [pool-149-thread-1] INFO  impl.RaftServerImpl (RaftServerImpl.java:<init>(98)) - c8ab3730-25d4-490d-a322-cbffb61abc7d: new RaftServerImpl for group-E9F09C7F5234:[c8ab3730-25d4-490d-a322-cbffb61abc7d:192.168.69.122:32878] with ContainerStateMachine:uninitialized
2019-11-13 16:20:41,599 [pool-149-thread-1] INFO  server.RaftServerConfigKeys (ConfUtils.java:logGet(43)) - raft.server.rpc.timeout.min = 1s (custom)
2019-11-13 16:20:41,599 [pool-149-thread-1] INFO  server.RaftServerConfigKeys (ConfUtils.java:logGet(43)) - raft.server.rpc.timeout.max = 1200ms (custom)
2019-11-13 16:20:41,600 [pool-149-thread-1] INFO  server.RaftServerConfigKeys (ConfUtils.java:logGet(43)) - raft.server.rpcslowness.timeout = 120s (custom)
2019-11-13 16:20:41,600 [pool-149-thread-1] INFO  server.RaftServerConfigKeys (ConfUtils.java:logGet(43)) - raft.server.sleep.deviation.threshold = 300 (default)
2019-11-13 16:20:41,600 [pool-149-thread-1] INFO  server.RaftServerConfigKeys (ConfUtils.java:logGet(43)) - raft.server.log.appender.install.snapshot.enabled = false (custom)
2019-11-13 16:20:41,600 [pool-149-thread-1] INFO  impl.RaftServerImpl (ServerState.java:<init>(103)) - c8ab3730-25d4-490d-a322-cbffb61abc7d@group-E9F09C7F5234: ConfigurationManager, init=-1: [c8ab3730-25d4-490d-a322-cbffb61abc7d:192.168.69.122:32878], old=null, confs=<EMPTY_MAP>
2019-11-13 16:20:41,600 [pool-149-thread-1] INFO  server.RaftServerConfigKeys (ConfUtils.java:logGet(43)) - raft.server.storage.dir = [/workdir/hadoop-ozone/integration-test/target/test-dir/MiniOzoneClusterImpl-3a974f43-0da0-4ff7-ab4a-31bb81b91875/datanode-0/data/ratis] (custom)
2019-11-13 16:20:41,601 [pool-149-thread-1] INFO  server.RaftServerConfigKeys (ConfUtils.java:logGet(43)) - raft.server.log.corruption.policy = EXCEPTION (default)
2019-11-13 16:20:41,601 [pool-149-thread-1] INFO  storage.RaftStorageDirectory (RaftStorageDirectory.java:analyzeStorage(246)) - The storage directory /workdir/hadoop-ozone/integration-test/target/test-dir/MiniOzoneClusterImpl-3a974f43-0da0-4ff7-ab4a-31bb81b91875/datanode-0/data/ratis/ac621ddf-6f11-41af-89b6-e9f09c7f5234 does not exist. Creating ...
2019-11-13 16:20:41,624 [pool-149-thread-1] INFO  storage.RaftStorageDirectory (RaftStorageDirectory.java:tryLock(328)) - Lock on /workdir/hadoop-ozone/integration-test/target/test-dir/MiniOzoneClusterImpl-3a974f43-0da0-4ff7-ab4a-31bb81b91875/datanode-0/data/ratis/ac621ddf-6f11-41af-89b6-e9f09c7f5234/in_use.lock acquired by nodename 22372@pr-hdds-2467-gc456-181853687
2019-11-13 16:20:41,647 [IPC Server handler 1 on 43211] INFO  net.NetworkTopology (NetworkTopologyImpl.java:add(111)) - Added a new node: /rack1/66a098cb-53c0-4f05-8b16-ad76b3c07384
2019-11-13 16:20:41,647 [IPC Server handler 1 on 43211] INFO  node.SCMNodeManager (SCMNodeManager.java:register(267)) - Registered Data node : 66a098cb-53c0-4f05-8b16-ad76b3c07384{ip: 192.168.69.122, host: pr-hdds-2467-gc456-181853687, networkLocation: /rack1, certSerialId: null}
2019-11-13 16:20:41,650 [pool-149-thread-1] INFO  storage.RaftStorage (RaftStorage.java:format(84)) - Storage directory /workdir/hadoop-ozone/integration-test/target/test-dir/MiniOzoneClusterImpl-3a974f43-0da0-4ff7-ab4a-31bb81b91875/datanode-0/data/ratis/ac621ddf-6f11-41af-89b6-e9f09c7f5234 has been successfully formatted.
2019-11-13 16:20:41,650 [pool-149-thread-1] INFO  ratis.ContainerStateMachine (ContainerStateMachine.java:loadSnapshot(223)) - group-E9F09C7F5234: The snapshot info is null. Setting the last applied indexto:(t:0, i:~)
2019-11-13 16:20:41,650 [pool-149-thread-1] INFO  server.RaftServerConfigKeys (ConfUtils.java:logGet(43)) - raft.server.notification.no-leader.timeout = 120s (custom)
2019-11-13 16:20:41,651 [pool-149-thread-1] INFO  server.RaftServerConfigKeys (ConfUtils.java:logGet(43)) - raft.server.log.use.memory = false (default)
2019-11-13 16:20:41,651 [pool-149-thread-1] INFO  server.RaftServerConfigKeys (ConfUtils.java:logGet(43)) - raft.server.log.purge.gap = 1000000 (custom)
2019-11-13 16:20:41,651 [pool-149-thread-1] INFO  server.RaftServerConfigKeys (ConfUtils.java:logGet(43)) - raft.server.log.appender.buffer.byte-limit = 33554432 (custom)
2019-11-13 16:20:41,651 [pool-149-thread-1] INFO  server.RaftServerConfigKeys (ConfUtils.java:logGet(43)) - raft.server.log.segment.size.max = 1048576 (custom)
2019-11-13 16:20:41,651 [pool-149-thread-1] WARN  impl.MetricRegistriesImpl (MetricRegistriesImpl.java:lambda$create$1(61)) - First MetricRegistry has been created without registering reporters. You may need to call MetricRegistries.global().addReportRegistration(...) before.
2019-11-13 16:20:41,652 [pool-149-thread-1] INFO  server.RaftServerConfigKeys (ConfUtils.java:logGet(43)) - raft.server.log.segment.cache.num.max = 2 (custom)
2019-11-13 16:20:41,652 [pool-149-thread-1] INFO  segmented.SegmentedRaftLogWorker (SegmentedRaftLogWorker.java:<init>(173)) - new c8ab3730-25d4-490d-a322-cbffb61abc7d@group-E9F09C7F5234-SegmentedRaftLogWorker for RaftStorage:Storage Directory /workdir/hadoop-ozone/integration-test/target/test-dir/MiniOzoneClusterImpl-3a974f43-0da0-4ff7-ab4a-31bb81b91875/datanode-0/data/ratis/ac621ddf-6f11-41af-89b6-e9f09c7f5234
2019-11-13 16:20:41,652 [pool-149-thread-1] INFO  server.RaftServerConfigKeys (ConfUtils.java:logGet(43)) - raft.server.log.queue.byte-limit = 2147483647 (custom)
2019-11-13 16:20:41,652 [pool-149-thread-1] INFO  server.RaftServerConfigKeys (ConfUtils.java:logGet(43)) - raft.server.log.queue.element-limit = 1024 (custom)
2019-11-13 16:20:41,652 [pool-149-thread-1] INFO  server.RaftServerConfigKeys (ConfUtils.java:logGet(43)) - raft.server.log.segment.size.max = 1048576 (custom)
2019-11-13 16:20:41,652 [pool-149-thread-1] INFO  server.RaftServerConfigKeys (ConfUtils.java:logGet(43)) - raft.server.log.preallocated.size = 16384 (custom)
2019-11-13 16:20:41,652 [pool-149-thread-1] INFO  server.RaftServerConfigKeys (ConfUtils.java:logGet(43)) - raft.server.log.write.buffer.size = 33554432 (custom)
2019-11-13 16:20:41,653 [pool-149-thread-1] INFO  server.RaftServerConfigKeys (ConfUtils.java:logGet(43)) - raft.server.log.force.sync.num = 128 (default)
2019-11-13 16:20:41,653 [pool-149-thread-1] INFO  server.RaftServerConfigKeys (ConfUtils.java:logGet(43)) - raft.server.log.statemachine.data.sync = true (default)
2019-11-13 16:20:41,653 [pool-149-thread-1] INFO  server.RaftServerConfigKeys (ConfUtils.java:logGet(43)) - raft.server.log.statemachine.data.sync.timeout = 10s (default)
2019-11-13 16:20:41,653 [pool-149-thread-1] INFO  server.RaftServerConfigKeys (ConfUtils.java:logGet(43)) - raft.server.log.statemachine.data.sync.timeout.retry = -1 (default)
2019-11-13 16:20:41,653 [pool-149-thread-1] INFO  server.RaftServerConfigKeys (ConfUtils.java:logGet(43)) - raft.server.log.statemachine.data.caching.enabled = true (custom)
2019-11-13 16:20:41,654 [pool-149-thread-1] INFO  segmented.SegmentedRaftLogWorker (SegmentedRaftLogWorker.java:lambda$new$0(128)) - c8ab3730-25d4-490d-a322-cbffb61abc7d@group-E9F09C7F5234-SegmentedRaftLogWorker: flushIndex: setUnconditionally 0 -> -1
2019-11-13 16:20:41,654 [pool-149-thread-1] INFO  server.RaftServerConfigKeys (ConfUtils.java:logGet(43)) - raft.server.snapshot.auto.trigger.enabled = true (custom)
2019-11-13 16:20:41,654 [pool-149-thread-1] INFO  server.RaftServerConfigKeys (ConfUtils.java:logGet(43)) - raft.server.snapshot.auto.trigger.threshold = 10000 (custom)
2019-11-13 16:20:41,654 [pool-149-thread-1] INFO  server.RaftServerConfigKeys (ConfUtils.java:logGet(43)) - raft.server.snapshot.retention.file.num = 5 (custom)
2019-11-13 16:20:41,655 [pool-149-thread-1] INFO  server.RaftServerConfigKeys (ConfUtils.java:logGet(43)) - raft.server.retrycache.expirytime = 600000ms (custom)
2019-11-13 16:20:41,655 [pool-149-thread-1] WARN  impl.MetricRegistriesImpl (MetricRegistriesImpl.java:lambda$create$1(61)) - First MetricRegistry has been created without registering reporters. You may need to call MetricRegistries.global().addReportRegistration(...) before.
2019-11-13 16:20:41,655 [pool-149-thread-1] WARN  impl.MetricRegistriesImpl (MetricRegistriesImpl.java:lambda$create$1(61)) - First MetricRegistry has been created without registering reporters. You may need to call MetricRegistries.global().addReportRegistration(...) before.
2019-11-13 16:20:41,656 [pool-149-thread-1] INFO  impl.RaftServerImpl (RaftServerImpl.java:start(184)) - c8ab3730-25d4-490d-a322-cbffb61abc7d@group-E9F09C7F5234: start as a follower, conf=-1: [c8ab3730-25d4-490d-a322-cbffb61abc7d:192.168.69.122:32878], old=null
2019-11-13 16:20:41,656 [pool-149-thread-1] INFO  impl.RaftServerImpl (RaftServerImpl.java:setRole(173)) - c8ab3730-25d4-490d-a322-cbffb61abc7d@group-E9F09C7F5234: changes role from      null to FOLLOWER at term 0 for startAsFollower
2019-11-13 16:20:41,656 [pool-149-thread-1] INFO  impl.RoleInfo (RoleInfo.java:updateAndGet(143)) - c8ab3730-25d4-490d-a322-cbffb61abc7d: start FollowerState
2019-11-13 16:20:41,657 [pool-149-thread-1] INFO  util.JmxRegister (JmxRegister.java:tryRegister(44)) - Successfully registered JMX Bean with object name Ratis:service=RaftServer,group=group-E9F09C7F5234,id=c8ab3730-25d4-490d-a322-cbffb61abc7d
2019-11-13 16:20:41,657 [pool-149-thread-1] WARN  impl.MetricRegistriesImpl (MetricRegistriesImpl.java:lambda$create$1(61)) - First MetricRegistry has been created without registering reporters. You may need to call MetricRegistries.global().addReportRegistration(...) before.
2019-11-13 16:20:41,661 [RatisPipelineUtilsThread] INFO  pipeline.PipelineStateManager (PipelineStateManager.java:addPipeline(55)) - Created pipeline Pipeline[ Id: ac621ddf-6f11-41af-89b6-e9f09c7f5234, Nodes: c8ab3730-25d4-490d-a322-cbffb61abc7d{ip: 192.168.69.122, host: pr-hdds-2467-gc456-181853687, networkLocation: /rack1, certSerialId: null}, Type:RATIS, Factor:ONE, State:ALLOCATED]
2019-11-13 16:20:41,668 [grpc-default-executor-4] INFO  impl.RaftServerProxy (RaftServerProxy.java:addNew(89)) - 66a098cb-53c0-4f05-8b16-ad76b3c07384: addNew group-A01E59BD29C5:[66a098cb-53c0-4f05-8b16-ad76b3c07384:192.168.69.122:36855] returns group-A01E59BD29C5:java.util.concurrent.CompletableFuture@642f78e4[Not completed]
2019-11-13 16:20:41,670 [pool-159-thread-1] INFO  impl.RaftServerImpl (RaftServerImpl.java:<init>(98)) - 66a098cb-53c0-4f05-8b16-ad76b3c07384: new RaftServerImpl for group-A01E59BD29C5:[66a098cb-53c0-4f05-8b16-ad76b3c07384:192.168.69.122:36855] with ContainerStateMachine:uninitialized
2019-11-13 16:20:41,670 [pool-159-thread-1] INFO  server.RaftServerConfigKeys (ConfUtils.java:logGet(43)) - raft.server.rpc.timeout.min = 1s (custom)
2019-11-13 16:20:41,670 [pool-159-thread-1] INFO  server.RaftServerConfigKeys (ConfUtils.java:logGet(43)) - raft.server.rpc.timeout.max = 1200ms (custom)
2019-11-13 16:20:41,670 [pool-159-thread-1] INFO  server.RaftServerConfigKeys (ConfUtils.java:logGet(43)) - raft.server.rpcslowness.timeout = 120s (custom)
2019-11-13 16:20:41,670 [pool-159-thread-1] INFO  server.RaftServerConfigKeys (ConfUtils.java:logGet(43)) - raft.server.sleep.deviation.threshold = 300 (default)
2019-11-13 16:20:41,670 [pool-159-thread-1] INFO  server.RaftServerConfigKeys (ConfUtils.java:logGet(43)) - raft.server.log.appender.install.snapshot.enabled = false (custom)
2019-11-13 16:20:41,670 [pool-159-thread-1] INFO  impl.RaftServerImpl (ServerState.java:<init>(103)) - 66a098cb-53c0-4f05-8b16-ad76b3c07384@group-A01E59BD29C5: ConfigurationManager, init=-1: [66a098cb-53c0-4f05-8b16-ad76b3c07384:192.168.69.122:36855], old=null, confs=<EMPTY_MAP>
2019-11-13 16:20:41,670 [pool-159-thread-1] INFO  server.RaftServerConfigKeys (ConfUtils.java:logGet(43)) - raft.server.storage.dir = [/workdir/hadoop-ozone/integration-test/target/test-dir/MiniOzoneClusterImpl-3a974f43-0da0-4ff7-ab4a-31bb81b91875/datanode-1/data/ratis] (custom)
2019-11-13 16:20:41,671 [pool-159-thread-1] INFO  server.RaftServerConfigKeys (ConfUtils.java:logGet(43)) - raft.server.log.corruption.policy = EXCEPTION (default)
2019-11-13 16:20:41,671 [pool-159-thread-1] INFO  storage.RaftStorageDirectory (RaftStorageDirectory.java:analyzeStorage(246)) - The storage directory /workdir/hadoop-ozone/integration-test/target/test-dir/MiniOzoneClusterImpl-3a974f43-0da0-4ff7-ab4a-31bb81b91875/datanode-1/data/ratis/7277cf01-eaba-40e5-8d45-a01e59bd29c5 does not exist. Creating ...
2019-11-13 16:20:41,700 [pool-159-thread-1] INFO  storage.RaftStorageDirectory (RaftStorageDirectory.java:tryLock(328)) - Lock on /workdir/hadoop-ozone/integration-test/target/test-dir/MiniOzoneClusterImpl-3a974f43-0da0-4ff7-ab4a-31bb81b91875/datanode-1/data/ratis/7277cf01-eaba-40e5-8d45-a01e59bd29c5/in_use.lock acquired by nodename 22372@pr-hdds-2467-gc456-181853687
2019-11-13 16:20:41,723 [IPC Server handler 2 on 43211] INFO  net.NetworkTopology (NetworkTopologyImpl.java:add(111)) - Added a new node: /rack1/3fa6b523-0f53-44bb-b345-f5f355eab07b
2019-11-13 16:20:41,723 [IPC Server handler 2 on 43211] INFO  node.SCMNodeManager (SCMNodeManager.java:register(267)) - Registered Data node : 3fa6b523-0f53-44bb-b345-f5f355eab07b{ip: 192.168.69.122, host: pr-hdds-2467-gc456-181853687, networkLocation: /rack1, certSerialId: null}
2019-11-13 16:20:41,726 [pool-159-thread-1] INFO  storage.RaftStorage (RaftStorage.java:format(84)) - Storage directory /workdir/hadoop-ozone/integration-test/target/test-dir/MiniOzoneClusterImpl-3a974f43-0da0-4ff7-ab4a-31bb81b91875/datanode-1/data/ratis/7277cf01-eaba-40e5-8d45-a01e59bd29c5 has been successfully formatted.
2019-11-13 16:20:41,726 [pool-159-thread-1] INFO  ratis.ContainerStateMachine (ContainerStateMachine.java:loadSnapshot(223)) - group-A01E59BD29C5: The snapshot info is null. Setting the last applied indexto:(t:0, i:~)
2019-11-13 16:20:41,727 [pool-159-thread-1] INFO  server.RaftServerConfigKeys (ConfUtils.java:logGet(43)) - raft.server.notification.no-leader.timeout = 120s (custom)
2019-11-13 16:20:41,727 [pool-159-thread-1] INFO  server.RaftServerConfigKeys (ConfUtils.java:logGet(43)) - raft.server.log.use.memory = false (default)
2019-11-13 16:20:41,727 [pool-159-thread-1] INFO  server.RaftServerConfigKeys (ConfUtils.java:logGet(43)) - raft.server.log.purge.gap = 1000000 (custom)
2019-11-13 16:20:41,727 [pool-159-thread-1] INFO  server.RaftServerConfigKeys (ConfUtils.java:logGet(43)) - raft.server.log.appender.buffer.byte-limit = 33554432 (custom)
2019-11-13 16:20:41,727 [pool-159-thread-1] INFO  server.RaftServerConfigKeys (ConfUtils.java:logGet(43)) - raft.server.log.segment.size.max = 1048576 (custom)
2019-11-13 16:20:41,727 [pool-159-thread-1] WARN  impl.MetricRegistriesImpl (MetricRegistriesImpl.java:lambda$create$1(61)) - First MetricRegistry has been created without registering reporters. You may need to call MetricRegistries.global().addReportRegistration(...) before.
2019-11-13 16:20:41,728 [pool-159-thread-1] INFO  server.RaftServerConfigKeys (ConfUtils.java:logGet(43)) - raft.server.log.segment.cache.num.max = 2 (custom)
2019-11-13 16:20:41,728 [pool-159-thread-1] INFO  segmented.SegmentedRaftLogWorker (SegmentedRaftLogWorker.java:<init>(173)) - new 66a098cb-53c0-4f05-8b16-ad76b3c07384@group-A01E59BD29C5-SegmentedRaftLogWorker for RaftStorage:Storage Directory /workdir/hadoop-ozone/integration-test/target/test-dir/MiniOzoneClusterImpl-3a974f43-0da0-4ff7-ab4a-31bb81b91875/datanode-1/data/ratis/7277cf01-eaba-40e5-8d45-a01e59bd29c5
2019-11-13 16:20:41,728 [pool-159-thread-1] INFO  server.RaftServerConfigKeys (ConfUtils.java:logGet(43)) - raft.server.log.queue.byte-limit = 2147483647 (custom)
2019-11-13 16:20:41,728 [pool-159-thread-1] INFO  server.RaftServerConfigKeys (ConfUtils.java:logGet(43)) - raft.server.log.queue.element-limit = 1024 (custom)
2019-11-13 16:20:41,728 [pool-159-thread-1] INFO  server.RaftServerConfigKeys (ConfUtils.java:logGet(43)) - raft.server.log.segment.size.max = 1048576 (custom)
2019-11-13 16:20:41,728 [pool-159-thread-1] INFO  server.RaftServerConfigKeys (ConfUtils.java:logGet(43)) - raft.server.log.preallocated.size = 16384 (custom)
2019-11-13 16:20:41,729 [pool-159-thread-1] INFO  server.RaftServerConfigKeys (ConfUtils.java:logGet(43)) - raft.server.log.write.buffer.size = 33554432 (custom)
2019-11-13 16:20:41,729 [pool-159-thread-1] INFO  server.RaftServerConfigKeys (ConfUtils.java:logGet(43)) - raft.server.log.force.sync.num = 128 (default)
2019-11-13 16:20:41,729 [pool-159-thread-1] INFO  server.RaftServerConfigKeys (ConfUtils.java:logGet(43)) - raft.server.log.statemachine.data.sync = true (default)
2019-11-13 16:20:41,729 [pool-159-thread-1] INFO  server.RaftServerConfigKeys (ConfUtils.java:logGet(43)) - raft.server.log.statemachine.data.sync.timeout = 10s (default)
2019-11-13 16:20:41,729 [pool-159-thread-1] INFO  server.RaftServerConfigKeys (ConfUtils.java:logGet(43)) - raft.server.log.statemachine.data.sync.timeout.retry = -1 (default)
2019-11-13 16:20:41,729 [pool-159-thread-1] INFO  server.RaftServerConfigKeys (ConfUtils.java:logGet(43)) - raft.server.log.statemachine.data.caching.enabled = true (custom)
2019-11-13 16:20:41,730 [pool-159-thread-1] INFO  segmented.SegmentedRaftLogWorker (SegmentedRaftLogWorker.java:lambda$new$0(128)) - 66a098cb-53c0-4f05-8b16-ad76b3c07384@group-A01E59BD29C5-SegmentedRaftLogWorker: flushIndex: setUnconditionally 0 -> -1
2019-11-13 16:20:41,730 [pool-159-thread-1] INFO  server.RaftServerConfigKeys (ConfUtils.java:logGet(43)) - raft.server.snapshot.auto.trigger.enabled = true (custom)
2019-11-13 16:20:41,730 [pool-159-thread-1] INFO  server.RaftServerConfigKeys (ConfUtils.java:logGet(43)) - raft.server.snapshot.auto.trigger.threshold = 10000 (custom)
2019-11-13 16:20:41,730 [pool-159-thread-1] INFO  server.RaftServerConfigKeys (ConfUtils.java:logGet(43)) - raft.server.snapshot.retention.file.num = 5 (custom)
2019-11-13 16:20:41,731 [pool-159-thread-1] INFO  server.RaftServerConfigKeys (ConfUtils.java:logGet(43)) - raft.server.retrycache.expirytime = 600000ms (custom)
2019-11-13 16:20:41,731 [pool-159-thread-1] WARN  impl.MetricRegistriesImpl (MetricRegistriesImpl.java:lambda$create$1(61)) - First MetricRegistry has been created without registering reporters. You may need to call MetricRegistries.global().addReportRegistration(...) before.
2019-11-13 16:20:41,731 [pool-159-thread-1] WARN  impl.MetricRegistriesImpl (MetricRegistriesImpl.java:lambda$create$1(61)) - First MetricRegistry has been created without registering reporters. You may need to call MetricRegistries.global().addReportRegistration(...) before.
2019-11-13 16:20:41,731 [pool-159-thread-1] INFO  impl.RaftServerImpl (RaftServerImpl.java:start(184)) - 66a098cb-53c0-4f05-8b16-ad76b3c07384@group-A01E59BD29C5: start as a follower, conf=-1: [66a098cb-53c0-4f05-8b16-ad76b3c07384:192.168.69.122:36855], old=null
2019-11-13 16:20:41,731 [pool-159-thread-1] INFO  impl.RaftServerImpl (RaftServerImpl.java:setRole(173)) - 66a098cb-53c0-4f05-8b16-ad76b3c07384@group-A01E59BD29C5: changes role from      null to FOLLOWER at term 0 for startAsFollower
2019-11-13 16:20:41,732 [pool-159-thread-1] INFO  impl.RoleInfo (RoleInfo.java:updateAndGet(143)) - 66a098cb-53c0-4f05-8b16-ad76b3c07384: start FollowerState
2019-11-13 16:20:41,732 [pool-159-thread-1] INFO  util.JmxRegister (JmxRegister.java:tryRegister(44)) - Successfully registered JMX Bean with object name Ratis:service=RaftServer,group=group-A01E59BD29C5,id=66a098cb-53c0-4f05-8b16-ad76b3c07384
2019-11-13 16:20:41,732 [pool-159-thread-1] WARN  impl.MetricRegistriesImpl (MetricRegistriesImpl.java:lambda$create$1(61)) - First MetricRegistry has been created without registering reporters. You may need to call MetricRegistries.global().addReportRegistration(...) before.
2019-11-13 16:20:41,735 [RatisPipelineUtilsThread] INFO  pipeline.PipelineStateManager (PipelineStateManager.java:addPipeline(55)) - Created pipeline Pipeline[ Id: 7277cf01-eaba-40e5-8d45-a01e59bd29c5, Nodes: 66a098cb-53c0-4f05-8b16-ad76b3c07384{ip: 192.168.69.122, host: pr-hdds-2467-gc456-181853687, networkLocation: /rack1, certSerialId: null}, Type:RATIS, Factor:ONE, State:ALLOCATED]
2019-11-13 16:20:41,743 [grpc-default-executor-4] INFO  impl.RaftServerProxy (RaftServerProxy.java:addNew(89)) - 3fa6b523-0f53-44bb-b345-f5f355eab07b: addNew group-94EB15591EA3:[3fa6b523-0f53-44bb-b345-f5f355eab07b:192.168.69.122:39811] returns group-94EB15591EA3:java.util.concurrent.CompletableFuture@6faddacc[Not completed]
2019-11-13 16:20:41,744 [pool-169-thread-1] INFO  impl.RaftServerImpl (RaftServerImpl.java:<init>(98)) - 3fa6b523-0f53-44bb-b345-f5f355eab07b: new RaftServerImpl for group-94EB15591EA3:[3fa6b523-0f53-44bb-b345-f5f355eab07b:192.168.69.122:39811] with ContainerStateMachine:uninitialized
2019-11-13 16:20:41,745 [pool-169-thread-1] INFO  server.RaftServerConfigKeys (ConfUtils.java:logGet(43)) - raft.server.rpc.timeout.min = 1s (custom)
2019-11-13 16:20:41,745 [pool-169-thread-1] INFO  server.RaftServerConfigKeys (ConfUtils.java:logGet(43)) - raft.server.rpc.timeout.max = 1200ms (custom)
2019-11-13 16:20:41,745 [pool-169-thread-1] INFO  server.RaftServerConfigKeys (ConfUtils.java:logGet(43)) - raft.server.rpcslowness.timeout = 120s (custom)
2019-11-13 16:20:41,745 [pool-169-thread-1] INFO  server.RaftServerConfigKeys (ConfUtils.java:logGet(43)) - raft.server.sleep.deviation.threshold = 300 (default)
2019-11-13 16:20:41,745 [pool-169-thread-1] INFO  server.RaftServerConfigKeys (ConfUtils.java:logGet(43)) - raft.server.log.appender.install.snapshot.enabled = false (custom)
2019-11-13 16:20:41,745 [pool-169-thread-1] INFO  impl.RaftServerImpl (ServerState.java:<init>(103)) - 3fa6b523-0f53-44bb-b345-f5f355eab07b@group-94EB15591EA3: ConfigurationManager, init=-1: [3fa6b523-0f53-44bb-b345-f5f355eab07b:192.168.69.122:39811], old=null, confs=<EMPTY_MAP>
2019-11-13 16:20:41,745 [pool-169-thread-1] INFO  server.RaftServerConfigKeys (ConfUtils.java:logGet(43)) - raft.server.storage.dir = [/workdir/hadoop-ozone/integration-test/target/test-dir/MiniOzoneClusterImpl-3a974f43-0da0-4ff7-ab4a-31bb81b91875/datanode-2/data/ratis] (custom)
2019-11-13 16:20:41,746 [pool-169-thread-1] INFO  server.RaftServerConfigKeys (ConfUtils.java:logGet(43)) - raft.server.log.corruption.policy = EXCEPTION (default)
2019-11-13 16:20:41,746 [pool-169-thread-1] INFO  storage.RaftStorageDirectory (RaftStorageDirectory.java:analyzeStorage(246)) - The storage directory /workdir/hadoop-ozone/integration-test/target/test-dir/MiniOzoneClusterImpl-3a974f43-0da0-4ff7-ab4a-31bb81b91875/datanode-2/data/ratis/1f80017f-8653-416a-b8d8-94eb15591ea3 does not exist. Creating ...
2019-11-13 16:20:41,768 [pool-169-thread-1] INFO  storage.RaftStorageDirectory (RaftStorageDirectory.java:tryLock(328)) - Lock on /workdir/hadoop-ozone/integration-test/target/test-dir/MiniOzoneClusterImpl-3a974f43-0da0-4ff7-ab4a-31bb81b91875/datanode-2/data/ratis/1f80017f-8653-416a-b8d8-94eb15591ea3/in_use.lock acquired by nodename 22372@pr-hdds-2467-gc456-181853687
2019-11-13 16:20:41,793 [pool-169-thread-1] INFO  storage.RaftStorage (RaftStorage.java:format(84)) - Storage directory /workdir/hadoop-ozone/integration-test/target/test-dir/MiniOzoneClusterImpl-3a974f43-0da0-4ff7-ab4a-31bb81b91875/datanode-2/data/ratis/1f80017f-8653-416a-b8d8-94eb15591ea3 has been successfully formatted.
2019-11-13 16:20:41,794 [pool-169-thread-1] INFO  ratis.ContainerStateMachine (ContainerStateMachine.java:loadSnapshot(223)) - group-94EB15591EA3: The snapshot info is null. Setting the last applied indexto:(t:0, i:~)
2019-11-13 16:20:41,794 [pool-169-thread-1] INFO  server.RaftServerConfigKeys (ConfUtils.java:logGet(43)) - raft.server.notification.no-leader.timeout = 120s (custom)
2019-11-13 16:20:41,794 [pool-169-thread-1] INFO  server.RaftServerConfigKeys (ConfUtils.java:logGet(43)) - raft.server.log.use.memory = false (default)
2019-11-13 16:20:41,794 [pool-169-thread-1] INFO  server.RaftServerConfigKeys (ConfUtils.java:logGet(43)) - raft.server.log.purge.gap = 1000000 (custom)
2019-11-13 16:20:41,794 [pool-169-thread-1] INFO  server.RaftServerConfigKeys (ConfUtils.java:logGet(43)) - raft.server.log.appender.buffer.byte-limit = 33554432 (custom)
2019-11-13 16:20:41,794 [pool-169-thread-1] INFO  server.RaftServerConfigKeys (ConfUtils.java:logGet(43)) - raft.server.log.segment.size.max = 1048576 (custom)
2019-11-13 16:20:41,794 [pool-169-thread-1] WARN  impl.MetricRegistriesImpl (MetricRegistriesImpl.java:lambda$create$1(61)) - First MetricRegistry has been created without registering reporters. You may need to call MetricRegistries.global().addReportRegistration(...) before.
2019-11-13 16:20:41,794 [pool-169-thread-1] INFO  server.RaftServerConfigKeys (ConfUtils.java:logGet(43)) - raft.server.log.segment.cache.num.max = 2 (custom)
2019-11-13 16:20:41,795 [pool-169-thread-1] INFO  segmented.SegmentedRaftLogWorker (SegmentedRaftLogWorker.java:<init>(173)) - new 3fa6b523-0f53-44bb-b345-f5f355eab07b@group-94EB15591EA3-SegmentedRaftLogWorker for RaftStorage:Storage Directory /workdir/hadoop-ozone/integration-test/target/test-dir/MiniOzoneClusterImpl-3a974f43-0da0-4ff7-ab4a-31bb81b91875/datanode-2/data/ratis/1f80017f-8653-416a-b8d8-94eb15591ea3
2019-11-13 16:20:41,795 [pool-169-thread-1] INFO  server.RaftServerConfigKeys (ConfUtils.java:logGet(43)) - raft.server.log.queue.byte-limit = 2147483647 (custom)
2019-11-13 16:20:41,795 [pool-169-thread-1] INFO  server.RaftServerConfigKeys (ConfUtils.java:logGet(43)) - raft.server.log.queue.element-limit = 1024 (custom)
2019-11-13 16:20:41,795 [pool-169-thread-1] INFO  server.RaftServerConfigKeys (ConfUtils.java:logGet(43)) - raft.server.log.segment.size.max = 1048576 (custom)
2019-11-13 16:20:41,795 [pool-169-thread-1] INFO  server.RaftServerConfigKeys (ConfUtils.java:logGet(43)) - raft.server.log.preallocated.size = 16384 (custom)
2019-11-13 16:20:41,795 [pool-169-thread-1] INFO  server.RaftServerConfigKeys (ConfUtils.java:logGet(43)) - raft.server.log.write.buffer.size = 33554432 (custom)
2019-11-13 16:20:41,795 [pool-169-thread-1] INFO  server.RaftServerConfigKeys (ConfUtils.java:logGet(43)) - raft.server.log.force.sync.num = 128 (default)
2019-11-13 16:20:41,795 [pool-169-thread-1] INFO  server.RaftServerConfigKeys (ConfUtils.java:logGet(43)) - raft.server.log.statemachine.data.sync = true (default)
2019-11-13 16:20:41,795 [pool-169-thread-1] INFO  server.RaftServerConfigKeys (ConfUtils.java:logGet(43)) - raft.server.log.statemachine.data.sync.timeout = 10s (default)
2019-11-13 16:20:41,795 [pool-169-thread-1] INFO  server.RaftServerConfigKeys (ConfUtils.java:logGet(43)) - raft.server.log.statemachine.data.sync.timeout.retry = -1 (default)
2019-11-13 16:20:41,795 [pool-169-thread-1] INFO  server.RaftServerConfigKeys (ConfUtils.java:logGet(43)) - raft.server.log.statemachine.data.caching.enabled = true (custom)
2019-11-13 16:20:41,796 [pool-169-thread-1] INFO  segmented.SegmentedRaftLogWorker (SegmentedRaftLogWorker.java:lambda$new$0(128)) - 3fa6b523-0f53-44bb-b345-f5f355eab07b@group-94EB15591EA3-SegmentedRaftLogWorker: flushIndex: setUnconditionally 0 -> -1
2019-11-13 16:20:41,796 [pool-169-thread-1] INFO  server.RaftServerConfigKeys (ConfUtils.java:logGet(43)) - raft.server.snapshot.auto.trigger.enabled = true (custom)
2019-11-13 16:20:41,796 [pool-169-thread-1] INFO  server.RaftServerConfigKeys (ConfUtils.java:logGet(43)) - raft.server.snapshot.auto.trigger.threshold = 10000 (custom)
2019-11-13 16:20:41,796 [pool-169-thread-1] INFO  server.RaftServerConfigKeys (ConfUtils.java:logGet(43)) - raft.server.snapshot.retention.file.num = 5 (custom)
2019-11-13 16:20:41,796 [pool-169-thread-1] INFO  server.RaftServerConfigKeys (ConfUtils.java:logGet(43)) - raft.server.retrycache.expirytime = 600000ms (custom)
2019-11-13 16:20:41,796 [pool-169-thread-1] WARN  impl.MetricRegistriesImpl (MetricRegistriesImpl.java:lambda$create$1(61)) - First MetricRegistry has been created without registering reporters. You may need to call MetricRegistries.global().addReportRegistration(...) before.
2019-11-13 16:20:41,796 [pool-169-thread-1] WARN  impl.MetricRegistriesImpl (MetricRegistriesImpl.java:lambda$create$1(61)) - First MetricRegistry has been created without registering reporters. You may need to call MetricRegistries.global().addReportRegistration(...) before.
2019-11-13 16:20:41,797 [pool-169-thread-1] INFO  impl.RaftServerImpl (RaftServerImpl.java:start(184)) - 3fa6b523-0f53-44bb-b345-f5f355eab07b@group-94EB15591EA3: start as a follower, conf=-1: [3fa6b523-0f53-44bb-b345-f5f355eab07b:192.168.69.122:39811], old=null
2019-11-13 16:20:41,797 [pool-169-thread-1] INFO  impl.RaftServerImpl (RaftServerImpl.java:setRole(173)) - 3fa6b523-0f53-44bb-b345-f5f355eab07b@group-94EB15591EA3: changes role from      null to FOLLOWER at term 0 for startAsFollower
2019-11-13 16:20:41,797 [pool-169-thread-1] INFO  impl.RoleInfo (RoleInfo.java:updateAndGet(143)) - 3fa6b523-0f53-44bb-b345-f5f355eab07b: start FollowerState
2019-11-13 16:20:41,797 [IPC Server handler 3 on 43211] INFO  net.NetworkTopology (NetworkTopologyImpl.java:add(111)) - Added a new node: /rack1/0d99dfee-4670-49f5-9a57-a4288445f0bf
2019-11-13 16:20:41,797 [pool-169-thread-1] INFO  util.JmxRegister (JmxRegister.java:tryRegister(44)) - Successfully registered JMX Bean with object name Ratis:service=RaftServer,group=group-94EB15591EA3,id=3fa6b523-0f53-44bb-b345-f5f355eab07b
2019-11-13 16:20:41,797 [IPC Server handler 3 on 43211] INFO  node.SCMNodeManager (SCMNodeManager.java:register(267)) - Registered Data node : 0d99dfee-4670-49f5-9a57-a4288445f0bf{ip: 192.168.69.122, host: pr-hdds-2467-gc456-181853687, networkLocation: /rack1, certSerialId: null}
2019-11-13 16:20:41,797 [pool-169-thread-1] WARN  impl.MetricRegistriesImpl (MetricRegistriesImpl.java:lambda$create$1(61)) - First MetricRegistry has been created without registering reporters. You may need to call MetricRegistries.global().addReportRegistration(...) before.
2019-11-13 16:20:41,800 [RatisPipelineUtilsThread] INFO  pipeline.PipelineStateManager (PipelineStateManager.java:addPipeline(55)) - Created pipeline Pipeline[ Id: 1f80017f-8653-416a-b8d8-94eb15591ea3, Nodes: 3fa6b523-0f53-44bb-b345-f5f355eab07b{ip: 192.168.69.122, host: pr-hdds-2467-gc456-181853687, networkLocation: /rack1, certSerialId: null}, Type:RATIS, Factor:ONE, State:ALLOCATED]
2019-11-13 16:20:41,807 [grpc-default-executor-4] INFO  impl.RaftServerProxy (RaftServerProxy.java:addNew(89)) - 0d99dfee-4670-49f5-9a57-a4288445f0bf: addNew group-D4AB5C69548D:[0d99dfee-4670-49f5-9a57-a4288445f0bf:192.168.69.122:44563] returns group-D4AB5C69548D:java.util.concurrent.CompletableFuture@50034b61[Not completed]
2019-11-13 16:20:41,808 [pool-179-thread-1] INFO  impl.RaftServerImpl (RaftServerImpl.java:<init>(98)) - 0d99dfee-4670-49f5-9a57-a4288445f0bf: new RaftServerImpl for group-D4AB5C69548D:[0d99dfee-4670-49f5-9a57-a4288445f0bf:192.168.69.122:44563] with ContainerStateMachine:uninitialized
2019-11-13 16:20:41,809 [pool-179-thread-1] INFO  server.RaftServerConfigKeys (ConfUtils.java:logGet(43)) - raft.server.rpc.timeout.min = 1s (custom)
2019-11-13 16:20:41,809 [pool-179-thread-1] INFO  server.RaftServerConfigKeys (ConfUtils.java:logGet(43)) - raft.server.rpc.timeout.max = 1200ms (custom)
2019-11-13 16:20:41,809 [pool-179-thread-1] INFO  server.RaftServerConfigKeys (ConfUtils.java:logGet(43)) - raft.server.rpcslowness.timeout = 120s (custom)
2019-11-13 16:20:41,809 [pool-179-thread-1] INFO  server.RaftServerConfigKeys (ConfUtils.java:logGet(43)) - raft.server.sleep.deviation.threshold = 300 (default)
2019-11-13 16:20:41,809 [pool-179-thread-1] INFO  server.RaftServerConfigKeys (ConfUtils.java:logGet(43)) - raft.server.log.appender.install.snapshot.enabled = false (custom)
2019-11-13 16:20:41,809 [pool-179-thread-1] INFO  impl.RaftServerImpl (ServerState.java:<init>(103)) - 0d99dfee-4670-49f5-9a57-a4288445f0bf@group-D4AB5C69548D: ConfigurationManager, init=-1: [0d99dfee-4670-49f5-9a57-a4288445f0bf:192.168.69.122:44563], old=null, confs=<EMPTY_MAP>
2019-11-13 16:20:41,809 [pool-179-thread-1] INFO  server.RaftServerConfigKeys (ConfUtils.java:logGet(43)) - raft.server.storage.dir = [/workdir/hadoop-ozone/integration-test/target/test-dir/MiniOzoneClusterImpl-3a974f43-0da0-4ff7-ab4a-31bb81b91875/datanode-3/data/ratis] (custom)
2019-11-13 16:20:41,809 [pool-179-thread-1] INFO  server.RaftServerConfigKeys (ConfUtils.java:logGet(43)) - raft.server.log.corruption.policy = EXCEPTION (default)
2019-11-13 16:20:41,810 [pool-179-thread-1] INFO  storage.RaftStorageDirectory (RaftStorageDirectory.java:analyzeStorage(246)) - The storage directory /workdir/hadoop-ozone/integration-test/target/test-dir/MiniOzoneClusterImpl-3a974f43-0da0-4ff7-ab4a-31bb81b91875/datanode-3/data/ratis/2468641c-580f-4b32-9980-d4ab5c69548d does not exist. Creating ...
2019-11-13 16:20:41,835 [pool-179-thread-1] INFO  storage.RaftStorageDirectory (RaftStorageDirectory.java:tryLock(328)) - Lock on /workdir/hadoop-ozone/integration-test/target/test-dir/MiniOzoneClusterImpl-3a974f43-0da0-4ff7-ab4a-31bb81b91875/datanode-3/data/ratis/2468641c-580f-4b32-9980-d4ab5c69548d/in_use.lock acquired by nodename 22372@pr-hdds-2467-gc456-181853687
2019-11-13 16:20:41,861 [pool-179-thread-1] INFO  storage.RaftStorage (RaftStorage.java:format(84)) - Storage directory /workdir/hadoop-ozone/integration-test/target/test-dir/MiniOzoneClusterImpl-3a974f43-0da0-4ff7-ab4a-31bb81b91875/datanode-3/data/ratis/2468641c-580f-4b32-9980-d4ab5c69548d has been successfully formatted.
2019-11-13 16:20:41,861 [pool-179-thread-1] INFO  ratis.ContainerStateMachine (ContainerStateMachine.java:loadSnapshot(223)) - group-D4AB5C69548D: The snapshot info is null. Setting the last applied indexto:(t:0, i:~)
2019-11-13 16:20:41,861 [pool-179-thread-1] INFO  server.RaftServerConfigKeys (ConfUtils.java:logGet(43)) - raft.server.notification.no-leader.timeout = 120s (custom)
2019-11-13 16:20:41,861 [pool-179-thread-1] INFO  server.RaftServerConfigKeys (ConfUtils.java:logGet(43)) - raft.server.log.use.memory = false (default)
2019-11-13 16:20:41,862 [pool-179-thread-1] INFO  server.RaftServerConfigKeys (ConfUtils.java:logGet(43)) - raft.server.log.purge.gap = 1000000 (custom)
2019-11-13 16:20:41,862 [pool-179-thread-1] INFO  server.RaftServerConfigKeys (ConfUtils.java:logGet(43)) - raft.server.log.appender.buffer.byte-limit = 33554432 (custom)
2019-11-13 16:20:41,862 [pool-179-thread-1] INFO  server.RaftServerConfigKeys (ConfUtils.java:logGet(43)) - raft.server.log.segment.size.max = 1048576 (custom)
2019-11-13 16:20:41,862 [pool-179-thread-1] WARN  impl.MetricRegistriesImpl (MetricRegistriesImpl.java:lambda$create$1(61)) - First MetricRegistry has been created without registering reporters. You may need to call MetricRegistries.global().addReportRegistration(...) before.
2019-11-13 16:20:41,862 [pool-179-thread-1] INFO  server.RaftServerConfigKeys (ConfUtils.java:logGet(43)) - raft.server.log.segment.cache.num.max = 2 (custom)
2019-11-13 16:20:41,862 [pool-179-thread-1] INFO  segmented.SegmentedRaftLogWorker (SegmentedRaftLogWorker.java:<init>(173)) - new 0d99dfee-4670-49f5-9a57-a4288445f0bf@group-D4AB5C69548D-SegmentedRaftLogWorker for RaftStorage:Storage Directory /workdir/hadoop-ozone/integration-test/target/test-dir/MiniOzoneClusterImpl-3a974f43-0da0-4ff7-ab4a-31bb81b91875/datanode-3/data/ratis/2468641c-580f-4b32-9980-d4ab5c69548d
2019-11-13 16:20:41,862 [pool-179-thread-1] INFO  server.RaftServerConfigKeys (ConfUtils.java:logGet(43)) - raft.server.log.queue.byte-limit = 2147483647 (custom)
2019-11-13 16:20:41,862 [pool-179-thread-1] INFO  server.RaftServerConfigKeys (ConfUtils.java:logGet(43)) - raft.server.log.queue.element-limit = 1024 (custom)
2019-11-13 16:20:41,862 [pool-179-thread-1] INFO  server.RaftServerConfigKeys (ConfUtils.java:logGet(43)) - raft.server.log.segment.size.max = 1048576 (custom)
2019-11-13 16:20:41,863 [pool-179-thread-1] INFO  server.RaftServerConfigKeys (ConfUtils.java:logGet(43)) - raft.server.log.preallocated.size = 16384 (custom)
2019-11-13 16:20:41,863 [pool-179-thread-1] INFO  server.RaftServerConfigKeys (ConfUtils.java:logGet(43)) - raft.server.log.write.buffer.size = 33554432 (custom)
2019-11-13 16:20:41,863 [pool-179-thread-1] INFO  server.RaftServerConfigKeys (ConfUtils.java:logGet(43)) - raft.server.log.force.sync.num = 128 (default)
2019-11-13 16:20:41,863 [pool-179-thread-1] INFO  server.RaftServerConfigKeys (ConfUtils.java:logGet(43)) - raft.server.log.statemachine.data.sync = true (default)
2019-11-13 16:20:41,863 [pool-179-thread-1] INFO  server.RaftServerConfigKeys (ConfUtils.java:logGet(43)) - raft.server.log.statemachine.data.sync.timeout = 10s (default)
2019-11-13 16:20:41,863 [pool-179-thread-1] INFO  server.RaftServerConfigKeys (ConfUtils.java:logGet(43)) - raft.server.log.statemachine.data.sync.timeout.retry = -1 (default)
2019-11-13 16:20:41,863 [IPC Server handler 4 on 43211] INFO  net.NetworkTopology (NetworkTopologyImpl.java:add(111)) - Added a new node: /rack1/23e196cf-bea2-4a46-b492-74457a62baf8
2019-11-13 16:20:41,863 [pool-179-thread-1] INFO  server.RaftServerConfigKeys (ConfUtils.java:logGet(43)) - raft.server.log.statemachine.data.caching.enabled = true (custom)
2019-11-13 16:20:41,863 [IPC Server handler 4 on 43211] INFO  node.SCMNodeManager (SCMNodeManager.java:register(267)) - Registered Data node : 23e196cf-bea2-4a46-b492-74457a62baf8{ip: 192.168.69.122, host: pr-hdds-2467-gc456-181853687, networkLocation: /rack1, certSerialId: null}
2019-11-13 16:20:41,863 [pool-179-thread-1] INFO  segmented.SegmentedRaftLogWorker (SegmentedRaftLogWorker.java:lambda$new$0(128)) - 0d99dfee-4670-49f5-9a57-a4288445f0bf@group-D4AB5C69548D-SegmentedRaftLogWorker: flushIndex: setUnconditionally 0 -> -1
2019-11-13 16:20:41,864 [pool-179-thread-1] INFO  server.RaftServerConfigKeys (ConfUtils.java:logGet(43)) - raft.server.snapshot.auto.trigger.enabled = true (custom)
2019-11-13 16:20:41,864 [pool-179-thread-1] INFO  server.RaftServerConfigKeys (ConfUtils.java:logGet(43)) - raft.server.snapshot.auto.trigger.threshold = 10000 (custom)
2019-11-13 16:20:41,864 [pool-179-thread-1] INFO  server.RaftServerConfigKeys (ConfUtils.java:logGet(43)) - raft.server.snapshot.retention.file.num = 5 (custom)
2019-11-13 16:20:41,864 [pool-179-thread-1] INFO  server.RaftServerConfigKeys (ConfUtils.java:logGet(43)) - raft.server.retrycache.expirytime = 600000ms (custom)
2019-11-13 16:20:41,864 [pool-179-thread-1] WARN  impl.MetricRegistriesImpl (MetricRegistriesImpl.java:lambda$create$1(61)) - First MetricRegistry has been created without registering reporters. You may need to call MetricRegistries.global().addReportRegistration(...) before.
2019-11-13 16:20:41,864 [pool-179-thread-1] WARN  impl.MetricRegistriesImpl (MetricRegistriesImpl.java:lambda$create$1(61)) - First MetricRegistry has been created without registering reporters. You may need to call MetricRegistries.global().addReportRegistration(...) before.
2019-11-13 16:20:41,864 [pool-179-thread-1] INFO  impl.RaftServerImpl (RaftServerImpl.java:start(184)) - 0d99dfee-4670-49f5-9a57-a4288445f0bf@group-D4AB5C69548D: start as a follower, conf=-1: [0d99dfee-4670-49f5-9a57-a4288445f0bf:192.168.69.122:44563], old=null
2019-11-13 16:20:41,864 [pool-179-thread-1] INFO  impl.RaftServerImpl (RaftServerImpl.java:setRole(173)) - 0d99dfee-4670-49f5-9a57-a4288445f0bf@group-D4AB5C69548D: changes role from      null to FOLLOWER at term 0 for startAsFollower
2019-11-13 16:20:41,865 [pool-179-thread-1] INFO  impl.RoleInfo (RoleInfo.java:updateAndGet(143)) - 0d99dfee-4670-49f5-9a57-a4288445f0bf: start FollowerState
2019-11-13 16:20:41,865 [pool-179-thread-1] INFO  util.JmxRegister (JmxRegister.java:tryRegister(44)) - Successfully registered JMX Bean with object name Ratis:service=RaftServer,group=group-D4AB5C69548D,id=0d99dfee-4670-49f5-9a57-a4288445f0bf
2019-11-13 16:20:41,865 [pool-179-thread-1] WARN  impl.MetricRegistriesImpl (MetricRegistriesImpl.java:lambda$create$1(61)) - First MetricRegistry has been created without registering reporters. You may need to call MetricRegistries.global().addReportRegistration(...) before.
2019-11-13 16:20:41,868 [RatisPipelineUtilsThread] INFO  pipeline.PipelineStateManager (PipelineStateManager.java:addPipeline(55)) - Created pipeline Pipeline[ Id: 2468641c-580f-4b32-9980-d4ab5c69548d, Nodes: 0d99dfee-4670-49f5-9a57-a4288445f0bf{ip: 192.168.69.122, host: pr-hdds-2467-gc456-181853687, networkLocation: /rack1, certSerialId: null}, Type:RATIS, Factor:ONE, State:ALLOCATED]
2019-11-13 16:20:41,875 [grpc-default-executor-4] INFO  impl.RaftServerProxy (RaftServerProxy.java:addNew(89)) - 23e196cf-bea2-4a46-b492-74457a62baf8: addNew group-E7641EBFBD80:[23e196cf-bea2-4a46-b492-74457a62baf8:192.168.69.122:43821] returns group-E7641EBFBD80:java.util.concurrent.CompletableFuture@292664cc[Not completed]
2019-11-13 16:20:41,876 [pool-189-thread-1] INFO  impl.RaftServerImpl (RaftServerImpl.java:<init>(98)) - 23e196cf-bea2-4a46-b492-74457a62baf8: new RaftServerImpl for group-E7641EBFBD80:[23e196cf-bea2-4a46-b492-74457a62baf8:192.168.69.122:43821] with ContainerStateMachine:uninitialized
2019-11-13 16:20:41,877 [pool-189-thread-1] INFO  server.RaftServerConfigKeys (ConfUtils.java:logGet(43)) - raft.server.rpc.timeout.min = 1s (custom)
2019-11-13 16:20:41,877 [pool-189-thread-1] INFO  server.RaftServerConfigKeys (ConfUtils.java:logGet(43)) - raft.server.rpc.timeout.max = 1200ms (custom)
2019-11-13 16:20:41,877 [pool-189-thread-1] INFO  server.RaftServerConfigKeys (ConfUtils.java:logGet(43)) - raft.server.rpcslowness.timeout = 120s (custom)
2019-11-13 16:20:41,877 [pool-189-thread-1] INFO  server.RaftServerConfigKeys (ConfUtils.java:logGet(43)) - raft.server.sleep.deviation.threshold = 300 (default)
2019-11-13 16:20:41,877 [pool-189-thread-1] INFO  server.RaftServerConfigKeys (ConfUtils.java:logGet(43)) - raft.server.log.appender.install.snapshot.enabled = false (custom)
2019-11-13 16:20:41,877 [pool-189-thread-1] INFO  impl.RaftServerImpl (ServerState.java:<init>(103)) - 23e196cf-bea2-4a46-b492-74457a62baf8@group-E7641EBFBD80: ConfigurationManager, init=-1: [23e196cf-bea2-4a46-b492-74457a62baf8:192.168.69.122:43821], old=null, confs=<EMPTY_MAP>
2019-11-13 16:20:41,877 [pool-189-thread-1] INFO  server.RaftServerConfigKeys (ConfUtils.java:logGet(43)) - raft.server.storage.dir = [/workdir/hadoop-ozone/integration-test/target/test-dir/MiniOzoneClusterImpl-3a974f43-0da0-4ff7-ab4a-31bb81b91875/datanode-4/data/ratis] (custom)
2019-11-13 16:20:41,877 [pool-189-thread-1] INFO  server.RaftServerConfigKeys (ConfUtils.java:logGet(43)) - raft.server.log.corruption.policy = EXCEPTION (default)
2019-11-13 16:20:41,878 [pool-189-thread-1] INFO  storage.RaftStorageDirectory (RaftStorageDirectory.java:analyzeStorage(246)) - The storage directory /workdir/hadoop-ozone/integration-test/target/test-dir/MiniOzoneClusterImpl-3a974f43-0da0-4ff7-ab4a-31bb81b91875/datanode-4/data/ratis/bbe86c99-5f15-4736-9110-e7641ebfbd80 does not exist. Creating ...
2019-11-13 16:20:41,903 [pool-189-thread-1] INFO  storage.RaftStorageDirectory (RaftStorageDirectory.java:tryLock(328)) - Lock on /workdir/hadoop-ozone/integration-test/target/test-dir/MiniOzoneClusterImpl-3a974f43-0da0-4ff7-ab4a-31bb81b91875/datanode-4/data/ratis/bbe86c99-5f15-4736-9110-e7641ebfbd80/in_use.lock acquired by nodename 22372@pr-hdds-2467-gc456-181853687
2019-11-13 16:20:41,920 [pool-189-thread-1] INFO  storage.RaftStorage (RaftStorage.java:format(84)) - Storage directory /workdir/hadoop-ozone/integration-test/target/test-dir/MiniOzoneClusterImpl-3a974f43-0da0-4ff7-ab4a-31bb81b91875/datanode-4/data/ratis/bbe86c99-5f15-4736-9110-e7641ebfbd80 has been successfully formatted.
2019-11-13 16:20:41,920 [pool-189-thread-1] INFO  ratis.ContainerStateMachine (ContainerStateMachine.java:loadSnapshot(223)) - group-E7641EBFBD80: The snapshot info is null. Setting the last applied indexto:(t:0, i:~)
2019-11-13 16:20:41,920 [pool-189-thread-1] INFO  server.RaftServerConfigKeys (ConfUtils.java:logGet(43)) - raft.server.notification.no-leader.timeout = 120s (custom)
2019-11-13 16:20:41,920 [pool-189-thread-1] INFO  server.RaftServerConfigKeys (ConfUtils.java:logGet(43)) - raft.server.log.use.memory = false (default)
2019-11-13 16:20:41,920 [pool-189-thread-1] INFO  server.RaftServerConfigKeys (ConfUtils.java:logGet(43)) - raft.server.log.purge.gap = 1000000 (custom)
2019-11-13 16:20:41,921 [pool-189-thread-1] INFO  server.RaftServerConfigKeys (ConfUtils.java:logGet(43)) - raft.server.log.appender.buffer.byte-limit = 33554432 (custom)
2019-11-13 16:20:41,921 [pool-189-thread-1] INFO  server.RaftServerConfigKeys (ConfUtils.java:logGet(43)) - raft.server.log.segment.size.max = 1048576 (custom)
2019-11-13 16:20:41,921 [pool-189-thread-1] WARN  impl.MetricRegistriesImpl (MetricRegistriesImpl.java:lambda$create$1(61)) - First MetricRegistry has been created without registering reporters. You may need to call MetricRegistries.global().addReportRegistration(...) before.
2019-11-13 16:20:41,921 [pool-189-thread-1] INFO  server.RaftServerConfigKeys (ConfUtils.java:logGet(43)) - raft.server.log.segment.cache.num.max = 2 (custom)
2019-11-13 16:20:41,921 [pool-189-thread-1] INFO  segmented.SegmentedRaftLogWorker (SegmentedRaftLogWorker.java:<init>(173)) - new 23e196cf-bea2-4a46-b492-74457a62baf8@group-E7641EBFBD80-SegmentedRaftLogWorker for RaftStorage:Storage Directory /workdir/hadoop-ozone/integration-test/target/test-dir/MiniOzoneClusterImpl-3a974f43-0da0-4ff7-ab4a-31bb81b91875/datanode-4/data/ratis/bbe86c99-5f15-4736-9110-e7641ebfbd80
2019-11-13 16:20:41,921 [pool-189-thread-1] INFO  server.RaftServerConfigKeys (ConfUtils.java:logGet(43)) - raft.server.log.queue.byte-limit = 2147483647 (custom)
2019-11-13 16:20:41,921 [pool-189-thread-1] INFO  server.RaftServerConfigKeys (ConfUtils.java:logGet(43)) - raft.server.log.queue.element-limit = 1024 (custom)
2019-11-13 16:20:41,921 [pool-189-thread-1] INFO  server.RaftServerConfigKeys (ConfUtils.java:logGet(43)) - raft.server.log.segment.size.max = 1048576 (custom)
2019-11-13 16:20:41,921 [pool-189-thread-1] INFO  server.RaftServerConfigKeys (ConfUtils.java:logGet(43)) - raft.server.log.preallocated.size = 16384 (custom)
2019-11-13 16:20:41,921 [pool-189-thread-1] INFO  server.RaftServerConfigKeys (ConfUtils.java:logGet(43)) - raft.server.log.write.buffer.size = 33554432 (custom)
2019-11-13 16:20:41,921 [pool-189-thread-1] INFO  server.RaftServerConfigKeys (ConfUtils.java:logGet(43)) - raft.server.log.force.sync.num = 128 (default)
2019-11-13 16:20:41,921 [pool-189-thread-1] INFO  server.RaftServerConfigKeys (ConfUtils.java:logGet(43)) - raft.server.log.statemachine.data.sync = true (default)
2019-11-13 16:20:41,922 [pool-189-thread-1] INFO  server.RaftServerConfigKeys (ConfUtils.java:logGet(43)) - raft.server.log.statemachine.data.sync.timeout = 10s (default)
2019-11-13 16:20:41,922 [pool-189-thread-1] INFO  server.RaftServerConfigKeys (ConfUtils.java:logGet(43)) - raft.server.log.statemachine.data.sync.timeout.retry = -1 (default)
2019-11-13 16:20:41,922 [pool-189-thread-1] INFO  server.RaftServerConfigKeys (ConfUtils.java:logGet(43)) - raft.server.log.statemachine.data.caching.enabled = true (custom)
2019-11-13 16:20:41,922 [pool-189-thread-1] INFO  segmented.SegmentedRaftLogWorker (SegmentedRaftLogWorker.java:lambda$new$0(128)) - 23e196cf-bea2-4a46-b492-74457a62baf8@group-E7641EBFBD80-SegmentedRaftLogWorker: flushIndex: setUnconditionally 0 -> -1
2019-11-13 16:20:41,922 [pool-189-thread-1] INFO  server.RaftServerConfigKeys (ConfUtils.java:logGet(43)) - raft.server.snapshot.auto.trigger.enabled = true (custom)
2019-11-13 16:20:41,922 [pool-189-thread-1] INFO  server.RaftServerConfigKeys (ConfUtils.java:logGet(43)) - raft.server.snapshot.auto.trigger.threshold = 10000 (custom)
2019-11-13 16:20:41,923 [pool-189-thread-1] INFO  server.RaftServerConfigKeys (ConfUtils.java:logGet(43)) - raft.server.snapshot.retention.file.num = 5 (custom)
2019-11-13 16:20:41,923 [pool-189-thread-1] INFO  server.RaftServerConfigKeys (ConfUtils.java:logGet(43)) - raft.server.retrycache.expirytime = 600000ms (custom)
2019-11-13 16:20:41,923 [pool-189-thread-1] WARN  impl.MetricRegistriesImpl (MetricRegistriesImpl.java:lambda$create$1(61)) - First MetricRegistry has been created without registering reporters. You may need to call MetricRegistries.global().addReportRegistration(...) before.
2019-11-13 16:20:41,923 [pool-189-thread-1] WARN  impl.MetricRegistriesImpl (MetricRegistriesImpl.java:lambda$create$1(61)) - First MetricRegistry has been created without registering reporters. You may need to call MetricRegistries.global().addReportRegistration(...) before.
2019-11-13 16:20:41,923 [pool-189-thread-1] INFO  impl.RaftServerImpl (RaftServerImpl.java:start(184)) - 23e196cf-bea2-4a46-b492-74457a62baf8@group-E7641EBFBD80: start as a follower, conf=-1: [23e196cf-bea2-4a46-b492-74457a62baf8:192.168.69.122:43821], old=null
2019-11-13 16:20:41,923 [pool-189-thread-1] INFO  impl.RaftServerImpl (RaftServerImpl.java:setRole(173)) - 23e196cf-bea2-4a46-b492-74457a62baf8@group-E7641EBFBD80: changes role from      null to FOLLOWER at term 0 for startAsFollower
2019-11-13 16:20:41,923 [pool-189-thread-1] INFO  impl.RoleInfo (RoleInfo.java:updateAndGet(143)) - 23e196cf-bea2-4a46-b492-74457a62baf8: start FollowerState
2019-11-13 16:20:41,924 [pool-189-thread-1] INFO  util.JmxRegister (JmxRegister.java:tryRegister(44)) - Successfully registered JMX Bean with object name Ratis:service=RaftServer,group=group-E7641EBFBD80,id=23e196cf-bea2-4a46-b492-74457a62baf8
2019-11-13 16:20:41,924 [pool-189-thread-1] WARN  impl.MetricRegistriesImpl (MetricRegistriesImpl.java:lambda$create$1(61)) - First MetricRegistry has been created without registering reporters. You may need to call MetricRegistries.global().addReportRegistration(...) before.
2019-11-13 16:20:41,926 [RatisPipelineUtilsThread] INFO  pipeline.PipelineStateManager (PipelineStateManager.java:addPipeline(55)) - Created pipeline Pipeline[ Id: bbe86c99-5f15-4736-9110-e7641ebfbd80, Nodes: 23e196cf-bea2-4a46-b492-74457a62baf8{ip: 192.168.69.122, host: pr-hdds-2467-gc456-181853687, networkLocation: /rack1, certSerialId: null}, Type:RATIS, Factor:ONE, State:ALLOCATED]
2019-11-13 16:20:41,931 [IPC Server handler 6 on 43211] INFO  net.NetworkTopology (NetworkTopologyImpl.java:add(111)) - Added a new node: /rack1/285e9247-2161-496e-af81-9a87b6b231d9
2019-11-13 16:20:41,931 [IPC Server handler 6 on 43211] INFO  node.SCMNodeManager (SCMNodeManager.java:register(267)) - Registered Data node : 285e9247-2161-496e-af81-9a87b6b231d9{ip: 192.168.69.122, host: pr-hdds-2467-gc456-181853687, networkLocation: /rack1, certSerialId: null}
2019-11-13 16:20:41,940 [grpc-default-executor-5] INFO  impl.RaftServerProxy (RaftServerProxy.java:addNew(89)) - 23e196cf-bea2-4a46-b492-74457a62baf8: addNew group-EB04782E8565:[0d99dfee-4670-49f5-9a57-a4288445f0bf:192.168.69.122:44563, c8ab3730-25d4-490d-a322-cbffb61abc7d:192.168.69.122:32878, 23e196cf-bea2-4a46-b492-74457a62baf8:192.168.69.122:43821] returns group-EB04782E8565:java.util.concurrent.CompletableFuture@265e4910[Not completed]
2019-11-13 16:20:41,941 [grpc-default-executor-4] INFO  impl.RaftServerProxy (RaftServerProxy.java:addNew(89)) - 0d99dfee-4670-49f5-9a57-a4288445f0bf: addNew group-EB04782E8565:[0d99dfee-4670-49f5-9a57-a4288445f0bf:192.168.69.122:44563, c8ab3730-25d4-490d-a322-cbffb61abc7d:192.168.69.122:32878, 23e196cf-bea2-4a46-b492-74457a62baf8:192.168.69.122:43821] returns group-EB04782E8565:java.util.concurrent.CompletableFuture@7e50b783[Not completed]
2019-11-13 16:20:41,941 [grpc-default-executor-3] INFO  impl.RaftServerProxy (RaftServerProxy.java:addNew(89)) - c8ab3730-25d4-490d-a322-cbffb61abc7d: addNew group-EB04782E8565:[0d99dfee-4670-49f5-9a57-a4288445f0bf:192.168.69.122:44563, c8ab3730-25d4-490d-a322-cbffb61abc7d:192.168.69.122:32878, 23e196cf-bea2-4a46-b492-74457a62baf8:192.168.69.122:43821] returns group-EB04782E8565:java.util.concurrent.CompletableFuture@749f9dcb[Not completed]
2019-11-13 16:20:41,942 [pool-189-thread-1] INFO  impl.RaftServerImpl (RaftServerImpl.java:<init>(98)) - 23e196cf-bea2-4a46-b492-74457a62baf8: new RaftServerImpl for group-EB04782E8565:[0d99dfee-4670-49f5-9a57-a4288445f0bf:192.168.69.122:44563, c8ab3730-25d4-490d-a322-cbffb61abc7d:192.168.69.122:32878, 23e196cf-bea2-4a46-b492-74457a62baf8:192.168.69.122:43821] with ContainerStateMachine:uninitialized
2019-11-13 16:20:41,942 [pool-189-thread-1] INFO  server.RaftServerConfigKeys (ConfUtils.java:logGet(43)) - raft.server.rpc.timeout.min = 1s (custom)
2019-11-13 16:20:41,942 [pool-189-thread-1] INFO  server.RaftServerConfigKeys (ConfUtils.java:logGet(43)) - raft.server.rpc.timeout.max = 1200ms (custom)
2019-11-13 16:20:41,942 [pool-189-thread-1] INFO  server.RaftServerConfigKeys (ConfUtils.java:logGet(43)) - raft.server.rpcslowness.timeout = 120s (custom)
2019-11-13 16:20:41,942 [pool-189-thread-1] INFO  server.RaftServerConfigKeys (ConfUtils.java:logGet(43)) - raft.server.sleep.deviation.threshold = 300 (default)
2019-11-13 16:20:41,942 [pool-189-thread-1] INFO  server.RaftServerConfigKeys (ConfUtils.java:logGet(43)) - raft.server.log.appender.install.snapshot.enabled = false (custom)
2019-11-13 16:20:41,942 [pool-189-thread-1] INFO  impl.RaftServerImpl (ServerState.java:<init>(103)) - 23e196cf-bea2-4a46-b492-74457a62baf8@group-EB04782E8565: ConfigurationManager, init=-1: [0d99dfee-4670-49f5-9a57-a4288445f0bf:192.168.69.122:44563, c8ab3730-25d4-490d-a322-cbffb61abc7d:192.168.69.122:32878, 23e196cf-bea2-4a46-b492-74457a62baf8:192.168.69.122:43821], old=null, confs=<EMPTY_MAP>
2019-11-13 16:20:41,943 [pool-189-thread-1] INFO  server.RaftServerConfigKeys (ConfUtils.java:logGet(43)) - raft.server.storage.dir = [/workdir/hadoop-ozone/integration-test/target/test-dir/MiniOzoneClusterImpl-3a974f43-0da0-4ff7-ab4a-31bb81b91875/datanode-4/data/ratis] (custom)
2019-11-13 16:20:41,943 [pool-189-thread-1] INFO  server.RaftServerConfigKeys (ConfUtils.java:logGet(43)) - raft.server.log.corruption.policy = EXCEPTION (default)
2019-11-13 16:20:41,943 [pool-179-thread-1] INFO  impl.RaftServerImpl (RaftServerImpl.java:<init>(98)) - 0d99dfee-4670-49f5-9a57-a4288445f0bf: new RaftServerImpl for group-EB04782E8565:[0d99dfee-4670-49f5-9a57-a4288445f0bf:192.168.69.122:44563, c8ab3730-25d4-490d-a322-cbffb61abc7d:192.168.69.122:32878, 23e196cf-bea2-4a46-b492-74457a62baf8:192.168.69.122:43821] with ContainerStateMachine:uninitialized
2019-11-13 16:20:41,943 [pool-189-thread-1] INFO  storage.RaftStorageDirectory (RaftStorageDirectory.java:analyzeStorage(246)) - The storage directory /workdir/hadoop-ozone/integration-test/target/test-dir/MiniOzoneClusterImpl-3a974f43-0da0-4ff7-ab4a-31bb81b91875/datanode-4/data/ratis/7ebd2859-b8ca-47ec-8e67-eb04782e8565 does not exist. Creating ...
2019-11-13 16:20:41,943 [pool-179-thread-1] INFO  server.RaftServerConfigKeys (ConfUtils.java:logGet(43)) - raft.server.rpc.timeout.min = 1s (custom)
2019-11-13 16:20:41,943 [pool-179-thread-1] INFO  server.RaftServerConfigKeys (ConfUtils.java:logGet(43)) - raft.server.rpc.timeout.max = 1200ms (custom)
2019-11-13 16:20:41,943 [pool-179-thread-1] INFO  server.RaftServerConfigKeys (ConfUtils.java:logGet(43)) - raft.server.rpcslowness.timeout = 120s (custom)
2019-11-13 16:20:41,943 [pool-149-thread-1] INFO  impl.RaftServerImpl (RaftServerImpl.java:<init>(98)) - c8ab3730-25d4-490d-a322-cbffb61abc7d: new RaftServerImpl for group-EB04782E8565:[0d99dfee-4670-49f5-9a57-a4288445f0bf:192.168.69.122:44563, c8ab3730-25d4-490d-a322-cbffb61abc7d:192.168.69.122:32878, 23e196cf-bea2-4a46-b492-74457a62baf8:192.168.69.122:43821] with ContainerStateMachine:uninitialized
2019-11-13 16:20:41,943 [pool-179-thread-1] INFO  server.RaftServerConfigKeys (ConfUtils.java:logGet(43)) - raft.server.sleep.deviation.threshold = 300 (default)
2019-11-13 16:20:41,944 [pool-149-thread-1] INFO  server.RaftServerConfigKeys (ConfUtils.java:logGet(43)) - raft.server.rpc.timeout.min = 1s (custom)
2019-11-13 16:20:41,944 [pool-179-thread-1] INFO  server.RaftServerConfigKeys (ConfUtils.java:logGet(43)) - raft.server.log.appender.install.snapshot.enabled = false (custom)
2019-11-13 16:20:41,944 [pool-149-thread-1] INFO  server.RaftServerConfigKeys (ConfUtils.java:logGet(43)) - raft.server.rpc.timeout.max = 1200ms (custom)
2019-11-13 16:20:41,944 [pool-179-thread-1] INFO  impl.RaftServerImpl (ServerState.java:<init>(103)) - 0d99dfee-4670-49f5-9a57-a4288445f0bf@group-EB04782E8565: ConfigurationManager, init=-1: [0d99dfee-4670-49f5-9a57-a4288445f0bf:192.168.69.122:44563, c8ab3730-25d4-490d-a322-cbffb61abc7d:192.168.69.122:32878, 23e196cf-bea2-4a46-b492-74457a62baf8:192.168.69.122:43821], old=null, confs=<EMPTY_MAP>
2019-11-13 16:20:41,944 [pool-149-thread-1] INFO  server.RaftServerConfigKeys (ConfUtils.java:logGet(43)) - raft.server.rpcslowness.timeout = 120s (custom)
2019-11-13 16:20:41,944 [pool-149-thread-1] INFO  server.RaftServerConfigKeys (ConfUtils.java:logGet(43)) - raft.server.sleep.deviation.threshold = 300 (default)
2019-11-13 16:20:41,944 [pool-179-thread-1] INFO  server.RaftServerConfigKeys (ConfUtils.java:logGet(43)) - raft.server.storage.dir = [/workdir/hadoop-ozone/integration-test/target/test-dir/MiniOzoneClusterImpl-3a974f43-0da0-4ff7-ab4a-31bb81b91875/datanode-3/data/ratis] (custom)
2019-11-13 16:20:41,944 [pool-149-thread-1] INFO  server.RaftServerConfigKeys (ConfUtils.java:logGet(43)) - raft.server.log.appender.install.snapshot.enabled = false (custom)
2019-11-13 16:20:41,944 [pool-149-thread-1] INFO  impl.RaftServerImpl (ServerState.java:<init>(103)) - c8ab3730-25d4-490d-a322-cbffb61abc7d@group-EB04782E8565: ConfigurationManager, init=-1: [0d99dfee-4670-49f5-9a57-a4288445f0bf:192.168.69.122:44563, c8ab3730-25d4-490d-a322-cbffb61abc7d:192.168.69.122:32878, 23e196cf-bea2-4a46-b492-74457a62baf8:192.168.69.122:43821], old=null, confs=<EMPTY_MAP>
2019-11-13 16:20:41,944 [pool-179-thread-1] INFO  server.RaftServerConfigKeys (ConfUtils.java:logGet(43)) - raft.server.log.corruption.policy = EXCEPTION (default)
2019-11-13 16:20:41,945 [pool-149-thread-1] INFO  server.RaftServerConfigKeys (ConfUtils.java:logGet(43)) - raft.server.storage.dir = [/workdir/hadoop-ozone/integration-test/target/test-dir/MiniOzoneClusterImpl-3a974f43-0da0-4ff7-ab4a-31bb81b91875/datanode-0/data/ratis] (custom)
2019-11-13 16:20:41,945 [pool-179-thread-1] INFO  storage.RaftStorageDirectory (RaftStorageDirectory.java:analyzeStorage(246)) - The storage directory /workdir/hadoop-ozone/integration-test/target/test-dir/MiniOzoneClusterImpl-3a974f43-0da0-4ff7-ab4a-31bb81b91875/datanode-3/data/ratis/7ebd2859-b8ca-47ec-8e67-eb04782e8565 does not exist. Creating ...
2019-11-13 16:20:41,945 [pool-149-thread-1] INFO  server.RaftServerConfigKeys (ConfUtils.java:logGet(43)) - raft.server.log.corruption.policy = EXCEPTION (default)
2019-11-13 16:20:41,945 [pool-149-thread-1] INFO  storage.RaftStorageDirectory (RaftStorageDirectory.java:analyzeStorage(246)) - The storage directory /workdir/hadoop-ozone/integration-test/target/test-dir/MiniOzoneClusterImpl-3a974f43-0da0-4ff7-ab4a-31bb81b91875/datanode-0/data/ratis/7ebd2859-b8ca-47ec-8e67-eb04782e8565 does not exist. Creating ...
2019-11-13 16:20:41,971 [pool-189-thread-1] INFO  storage.RaftStorageDirectory (RaftStorageDirectory.java:tryLock(328)) - Lock on /workdir/hadoop-ozone/integration-test/target/test-dir/MiniOzoneClusterImpl-3a974f43-0da0-4ff7-ab4a-31bb81b91875/datanode-4/data/ratis/7ebd2859-b8ca-47ec-8e67-eb04782e8565/in_use.lock acquired by nodename 22372@pr-hdds-2467-gc456-181853687
2019-11-13 16:20:41,971 [pool-179-thread-1] INFO  storage.RaftStorageDirectory (RaftStorageDirectory.java:tryLock(328)) - Lock on /workdir/hadoop-ozone/integration-test/target/test-dir/MiniOzoneClusterImpl-3a974f43-0da0-4ff7-ab4a-31bb81b91875/datanode-3/data/ratis/7ebd2859-b8ca-47ec-8e67-eb04782e8565/in_use.lock acquired by nodename 22372@pr-hdds-2467-gc456-181853687
2019-11-13 16:20:41,971 [pool-149-thread-1] INFO  storage.RaftStorageDirectory (RaftStorageDirectory.java:tryLock(328)) - Lock on /workdir/hadoop-ozone/integration-test/target/test-dir/MiniOzoneClusterImpl-3a974f43-0da0-4ff7-ab4a-31bb81b91875/datanode-0/data/ratis/7ebd2859-b8ca-47ec-8e67-eb04782e8565/in_use.lock acquired by nodename 22372@pr-hdds-2467-gc456-181853687
2019-11-13 16:20:41,997 [pool-149-thread-1] INFO  storage.RaftStorage (RaftStorage.java:format(84)) - Storage directory /workdir/hadoop-ozone/integration-test/target/test-dir/MiniOzoneClusterImpl-3a974f43-0da0-4ff7-ab4a-31bb81b91875/datanode-0/data/ratis/7ebd2859-b8ca-47ec-8e67-eb04782e8565 has been successfully formatted.
2019-11-13 16:20:41,997 [pool-179-thread-1] INFO  storage.RaftStorage (RaftStorage.java:format(84)) - Storage directory /workdir/hadoop-ozone/integration-test/target/test-dir/MiniOzoneClusterImpl-3a974f43-0da0-4ff7-ab4a-31bb81b91875/datanode-3/data/ratis/7ebd2859-b8ca-47ec-8e67-eb04782e8565 has been successfully formatted.
2019-11-13 16:20:41,997 [pool-189-thread-1] INFO  storage.RaftStorage (RaftStorage.java:format(84)) - Storage directory /workdir/hadoop-ozone/integration-test/target/test-dir/MiniOzoneClusterImpl-3a974f43-0da0-4ff7-ab4a-31bb81b91875/datanode-4/data/ratis/7ebd2859-b8ca-47ec-8e67-eb04782e8565 has been successfully formatted.
2019-11-13 16:20:41,997 [pool-149-thread-1] INFO  ratis.ContainerStateMachine (ContainerStateMachine.java:loadSnapshot(223)) - group-EB04782E8565: The snapshot info is null. Setting the last applied indexto:(t:0, i:~)
2019-11-13 16:20:41,997 [pool-179-thread-1] INFO  ratis.ContainerStateMachine (ContainerStateMachine.java:loadSnapshot(223)) - group-EB04782E8565: The snapshot info is null. Setting the last applied indexto:(t:0, i:~)
2019-11-13 16:20:41,997 [pool-149-thread-1] INFO  server.RaftServerConfigKeys (ConfUtils.java:logGet(43)) - raft.server.notification.no-leader.timeout = 120s (custom)
2019-11-13 16:20:41,997 [pool-189-thread-1] INFO  ratis.ContainerStateMachine (ContainerStateMachine.java:loadSnapshot(223)) - group-EB04782E8565: The snapshot info is null. Setting the last applied indexto:(t:0, i:~)
2019-11-13 16:20:41,997 [pool-149-thread-1] INFO  server.RaftServerConfigKeys (ConfUtils.java:logGet(43)) - raft.server.log.use.memory = false (default)
2019-11-13 16:20:41,997 [pool-179-thread-1] INFO  server.RaftServerConfigKeys (ConfUtils.java:logGet(43)) - raft.server.notification.no-leader.timeout = 120s (custom)
2019-11-13 16:20:41,997 [pool-149-thread-1] INFO  server.RaftServerConfigKeys (ConfUtils.java:logGet(43)) - raft.server.log.purge.gap = 1000000 (custom)
2019-11-13 16:20:41,997 [pool-189-thread-1] INFO  server.RaftServerConfigKeys (ConfUtils.java:logGet(43)) - raft.server.notification.no-leader.timeout = 120s (custom)
2019-11-13 16:20:41,998 [pool-149-thread-1] INFO  server.RaftServerConfigKeys (ConfUtils.java:logGet(43)) - raft.server.log.appender.buffer.byte-limit = 33554432 (custom)
2019-11-13 16:20:41,998 [pool-179-thread-1] INFO  server.RaftServerConfigKeys (ConfUtils.java:logGet(43)) - raft.server.log.use.memory = false (default)
2019-11-13 16:20:41,998 [pool-149-thread-1] INFO  server.RaftServerConfigKeys (ConfUtils.java:logGet(43)) - raft.server.log.segment.size.max = 1048576 (custom)
2019-11-13 16:20:41,998 [pool-189-thread-1] INFO  server.RaftServerConfigKeys (ConfUtils.java:logGet(43)) - raft.server.log.use.memory = false (default)
2019-11-13 16:20:41,998 [pool-149-thread-1] INFO  server.RaftServerConfigKeys (ConfUtils.java:logGet(43)) - raft.server.log.segment.cache.num.max = 2 (custom)
2019-11-13 16:20:41,998 [pool-179-thread-1] INFO  server.RaftServerConfigKeys (ConfUtils.java:logGet(43)) - raft.server.log.purge.gap = 1000000 (custom)
2019-11-13 16:20:41,998 [pool-149-thread-1] INFO  segmented.SegmentedRaftLogWorker (SegmentedRaftLogWorker.java:<init>(173)) - new c8ab3730-25d4-490d-a322-cbffb61abc7d@group-EB04782E8565-SegmentedRaftLogWorker for RaftStorage:Storage Directory /workdir/hadoop-ozone/integration-test/target/test-dir/MiniOzoneClusterImpl-3a974f43-0da0-4ff7-ab4a-31bb81b91875/datanode-0/data/ratis/7ebd2859-b8ca-47ec-8e67-eb04782e8565
2019-11-13 16:20:41,998 [pool-189-thread-1] INFO  server.RaftServerConfigKeys (ConfUtils.java:logGet(43)) - raft.server.log.purge.gap = 1000000 (custom)
2019-11-13 16:20:41,999 [pool-149-thread-1] INFO  server.RaftServerConfigKeys (ConfUtils.java:logGet(43)) - raft.server.log.queue.byte-limit = 2147483647 (custom)
2019-11-13 16:20:41,998 [pool-179-thread-1] INFO  server.RaftServerConfigKeys (ConfUtils.java:logGet(43)) - raft.server.log.appender.buffer.byte-limit = 33554432 (custom)
2019-11-13 16:20:41,999 [pool-149-thread-1] INFO  server.RaftServerConfigKeys (ConfUtils.java:logGet(43)) - raft.server.log.queue.element-limit = 1024 (custom)
2019-11-13 16:20:41,999 [pool-189-thread-1] INFO  server.RaftServerConfigKeys (ConfUtils.java:logGet(43)) - raft.server.log.appender.buffer.byte-limit = 33554432 (custom)
2019-11-13 16:20:41,999 [pool-149-thread-1] INFO  server.RaftServerConfigKeys (ConfUtils.java:logGet(43)) - raft.server.log.segment.size.max = 1048576 (custom)
2019-11-13 16:20:41,999 [pool-179-thread-1] INFO  server.RaftServerConfigKeys (ConfUtils.java:logGet(43)) - raft.server.log.segment.size.max = 1048576 (custom)
2019-11-13 16:20:41,999 [pool-149-thread-1] INFO  server.RaftServerConfigKeys (ConfUtils.java:logGet(43)) - raft.server.log.preallocated.size = 16384 (custom)
2019-11-13 16:20:41,999 [pool-189-thread-1] INFO  server.RaftServerConfigKeys (ConfUtils.java:logGet(43)) - raft.server.log.segment.size.max = 1048576 (custom)
2019-11-13 16:20:41,999 [pool-149-thread-1] INFO  server.RaftServerConfigKeys (ConfUtils.java:logGet(43)) - raft.server.log.write.buffer.size = 33554432 (custom)
2019-11-13 16:20:41,999 [pool-179-thread-1] INFO  server.RaftServerConfigKeys (ConfUtils.java:logGet(43)) - raft.server.log.segment.cache.num.max = 2 (custom)
2019-11-13 16:20:42,000 [pool-149-thread-1] INFO  server.RaftServerConfigKeys (ConfUtils.java:logGet(43)) - raft.server.log.force.sync.num = 128 (default)
2019-11-13 16:20:42,000 [pool-189-thread-1] INFO  server.RaftServerConfigKeys (ConfUtils.java:logGet(43)) - raft.server.log.segment.cache.num.max = 2 (custom)
2019-11-13 16:20:42,000 [pool-149-thread-1] INFO  server.RaftServerConfigKeys (ConfUtils.java:logGet(43)) - raft.server.log.statemachine.data.sync = true (default)
2019-11-13 16:20:42,000 [pool-149-thread-1] INFO  server.RaftServerConfigKeys (ConfUtils.java:logGet(43)) - raft.server.log.statemachine.data.sync.timeout = 10s (default)
2019-11-13 16:20:42,000 [pool-179-thread-1] INFO  segmented.SegmentedRaftLogWorker (SegmentedRaftLogWorker.java:<init>(173)) - new 0d99dfee-4670-49f5-9a57-a4288445f0bf@group-EB04782E8565-SegmentedRaftLogWorker for RaftStorage:Storage Directory /workdir/hadoop-ozone/integration-test/target/test-dir/MiniOzoneClusterImpl-3a974f43-0da0-4ff7-ab4a-31bb81b91875/datanode-3/data/ratis/7ebd2859-b8ca-47ec-8e67-eb04782e8565
2019-11-13 16:20:42,000 [pool-149-thread-1] INFO  server.RaftServerConfigKeys (ConfUtils.java:logGet(43)) - raft.server.log.statemachine.data.sync.timeout.retry = -1 (default)
2019-11-13 16:20:42,000 [pool-189-thread-1] INFO  segmented.SegmentedRaftLogWorker (SegmentedRaftLogWorker.java:<init>(173)) - new 23e196cf-bea2-4a46-b492-74457a62baf8@group-EB04782E8565-SegmentedRaftLogWorker for RaftStorage:Storage Directory /workdir/hadoop-ozone/integration-test/target/test-dir/MiniOzoneClusterImpl-3a974f43-0da0-4ff7-ab4a-31bb81b91875/datanode-4/data/ratis/7ebd2859-b8ca-47ec-8e67-eb04782e8565
2019-11-13 16:20:42,001 [pool-149-thread-1] INFO  server.RaftServerConfigKeys (ConfUtils.java:logGet(43)) - raft.server.log.statemachine.data.caching.enabled = true (custom)
2019-11-13 16:20:42,001 [pool-179-thread-1] INFO  server.RaftServerConfigKeys (ConfUtils.java:logGet(43)) - raft.server.log.queue.byte-limit = 2147483647 (custom)
2019-11-13 16:20:42,001 [pool-189-thread-1] INFO  server.RaftServerConfigKeys (ConfUtils.java:logGet(43)) - raft.server.log.queue.byte-limit = 2147483647 (custom)
2019-11-13 16:20:42,001 [pool-179-thread-1] INFO  server.RaftServerConfigKeys (ConfUtils.java:logGet(43)) - raft.server.log.queue.element-limit = 1024 (custom)
2019-11-13 16:20:42,001 [pool-149-thread-1] INFO  segmented.SegmentedRaftLogWorker (SegmentedRaftLogWorker.java:lambda$new$0(128)) - c8ab3730-25d4-490d-a322-cbffb61abc7d@group-EB04782E8565-SegmentedRaftLogWorker: flushIndex: setUnconditionally 0 -> -1
2019-11-13 16:20:42,001 [pool-179-thread-1] INFO  server.RaftServerConfigKeys (ConfUtils.java:logGet(43)) - raft.server.log.segment.size.max = 1048576 (custom)
2019-11-13 16:20:42,001 [pool-189-thread-1] INFO  server.RaftServerConfigKeys (ConfUtils.java:logGet(43)) - raft.server.log.queue.element-limit = 1024 (custom)
2019-11-13 16:20:42,001 [pool-149-thread-1] INFO  server.RaftServerConfigKeys (ConfUtils.java:logGet(43)) - raft.server.snapshot.auto.trigger.enabled = true (custom)
2019-11-13 16:20:42,001 [pool-179-thread-1] INFO  server.RaftServerConfigKeys (ConfUtils.java:logGet(43)) - raft.server.log.preallocated.size = 16384 (custom)
2019-11-13 16:20:42,002 [pool-149-thread-1] INFO  server.RaftServerConfigKeys (ConfUtils.java:logGet(43)) - raft.server.snapshot.auto.trigger.threshold = 10000 (custom)
2019-11-13 16:20:42,002 [pool-189-thread-1] INFO  server.RaftServerConfigKeys (ConfUtils.java:logGet(43)) - raft.server.log.segment.size.max = 1048576 (custom)
2019-11-13 16:20:42,002 [pool-149-thread-1] INFO  server.RaftServerConfigKeys (ConfUtils.java:logGet(43)) - raft.server.snapshot.retention.file.num = 5 (custom)
2019-11-13 16:20:42,002 [pool-179-thread-1] INFO  server.RaftServerConfigKeys (ConfUtils.java:logGet(43)) - raft.server.log.write.buffer.size = 33554432 (custom)
2019-11-13 16:20:42,002 [pool-149-thread-1] INFO  server.RaftServerConfigKeys (ConfUtils.java:logGet(43)) - raft.server.retrycache.expirytime = 600000ms (custom)
2019-11-13 16:20:42,002 [pool-189-thread-1] INFO  server.RaftServerConfigKeys (ConfUtils.java:logGet(43)) - raft.server.log.preallocated.size = 16384 (custom)
2019-11-13 16:20:42,002 [pool-149-thread-1] WARN  impl.MetricRegistriesImpl (MetricRegistriesImpl.java:lambda$create$1(61)) - First MetricRegistry has been created without registering reporters. You may need to call MetricRegistries.global().addReportRegistration(...) before.
2019-11-13 16:20:42,002 [pool-179-thread-1] INFO  server.RaftServerConfigKeys (ConfUtils.java:logGet(43)) - raft.server.log.force.sync.num = 128 (default)
2019-11-13 16:20:42,003 [pool-149-thread-1] WARN  impl.MetricRegistriesImpl (MetricRegistriesImpl.java:lambda$create$1(61)) - First MetricRegistry has been created without registering reporters. You may need to call MetricRegistries.global().addReportRegistration(...) before.
2019-11-13 16:20:42,002 [pool-189-thread-1] INFO  server.RaftServerConfigKeys (ConfUtils.java:logGet(43)) - raft.server.log.write.buffer.size = 33554432 (custom)
2019-11-13 16:20:42,003 [pool-149-thread-1] INFO  impl.RaftServerImpl (RaftServerImpl.java:start(184)) - c8ab3730-25d4-490d-a322-cbffb61abc7d@group-EB04782E8565: start as a follower, conf=-1: [0d99dfee-4670-49f5-9a57-a4288445f0bf:192.168.69.122:44563, c8ab3730-25d4-490d-a322-cbffb61abc7d:192.168.69.122:32878, 23e196cf-bea2-4a46-b492-74457a62baf8:192.168.69.122:43821], old=null
2019-11-13 16:20:42,003 [pool-179-thread-1] INFO  server.RaftServerConfigKeys (ConfUtils.java:logGet(43)) - raft.server.log.statemachine.data.sync = true (default)
2019-11-13 16:20:42,003 [pool-149-thread-1] INFO  impl.RaftServerImpl (RaftServerImpl.java:setRole(173)) - c8ab3730-25d4-490d-a322-cbffb61abc7d@group-EB04782E8565: changes role from      null to FOLLOWER at term 0 for startAsFollower
2019-11-13 16:20:42,003 [pool-189-thread-1] INFO  server.RaftServerConfigKeys (ConfUtils.java:logGet(43)) - raft.server.log.force.sync.num = 128 (default)
2019-11-13 16:20:42,003 [pool-149-thread-1] INFO  impl.RoleInfo (RoleInfo.java:updateAndGet(143)) - c8ab3730-25d4-490d-a322-cbffb61abc7d: start FollowerState
2019-11-13 16:20:42,003 [pool-179-thread-1] INFO  server.RaftServerConfigKeys (ConfUtils.java:logGet(43)) - raft.server.log.statemachine.data.sync.timeout = 10s (default)
2019-11-13 16:20:42,003 [pool-189-thread-1] INFO  server.RaftServerConfigKeys (ConfUtils.java:logGet(43)) - raft.server.log.statemachine.data.sync = true (default)
2019-11-13 16:20:42,004 [pool-179-thread-1] INFO  server.RaftServerConfigKeys (ConfUtils.java:logGet(43)) - raft.server.log.statemachine.data.sync.timeout.retry = -1 (default)
2019-11-13 16:20:42,004 [pool-189-thread-1] INFO  server.RaftServerConfigKeys (ConfUtils.java:logGet(43)) - raft.server.log.statemachine.data.sync.timeout = 10s (default)
2019-11-13 16:20:42,004 [pool-179-thread-1] INFO  server.RaftServerConfigKeys (ConfUtils.java:logGet(43)) - raft.server.log.statemachine.data.caching.enabled = true (custom)
2019-11-13 16:20:42,004 [pool-149-thread-1] INFO  util.JmxRegister (JmxRegister.java:tryRegister(44)) - Successfully registered JMX Bean with object name Ratis:service=RaftServer,group=group-EB04782E8565,id=c8ab3730-25d4-490d-a322-cbffb61abc7d
2019-11-13 16:20:42,004 [pool-189-thread-1] INFO  server.RaftServerConfigKeys (ConfUtils.java:logGet(43)) - raft.server.log.statemachine.data.sync.timeout.retry = -1 (default)
2019-11-13 16:20:42,004 [pool-179-thread-1] INFO  segmented.SegmentedRaftLogWorker (SegmentedRaftLogWorker.java:lambda$new$0(128)) - 0d99dfee-4670-49f5-9a57-a4288445f0bf@group-EB04782E8565-SegmentedRaftLogWorker: flushIndex: setUnconditionally 0 -> -1
2019-11-13 16:20:42,004 [pool-149-thread-1] WARN  impl.MetricRegistriesImpl (MetricRegistriesImpl.java:lambda$create$1(61)) - First MetricRegistry has been created without registering reporters. You may need to call MetricRegistries.global().addReportRegistration(...) before.
2019-11-13 16:20:42,004 [pool-189-thread-1] INFO  server.RaftServerConfigKeys (ConfUtils.java:logGet(43)) - raft.server.log.statemachine.data.caching.enabled = true (custom)
2019-11-13 16:20:42,005 [pool-179-thread-1] INFO  server.RaftServerConfigKeys (ConfUtils.java:logGet(43)) - raft.server.snapshot.auto.trigger.enabled = true (custom)
2019-11-13 16:20:42,005 [pool-179-thread-1] INFO  server.RaftServerConfigKeys (ConfUtils.java:logGet(43)) - raft.server.snapshot.auto.trigger.threshold = 10000 (custom)
2019-11-13 16:20:42,005 [pool-189-thread-1] INFO  segmented.SegmentedRaftLogWorker (SegmentedRaftLogWorker.java:lambda$new$0(128)) - 23e196cf-bea2-4a46-b492-74457a62baf8@group-EB04782E8565-SegmentedRaftLogWorker: flushIndex: setUnconditionally 0 -> -1
2019-11-13 16:20:42,005 [pool-179-thread-1] INFO  server.RaftServerConfigKeys (ConfUtils.java:logGet(43)) - raft.server.snapshot.retention.file.num = 5 (custom)
2019-11-13 16:20:42,005 [pool-189-thread-1] INFO  server.RaftServerConfigKeys (ConfUtils.java:logGet(43)) - raft.server.snapshot.auto.trigger.enabled = true (custom)
2019-11-13 16:20:42,005 [pool-179-thread-1] INFO  server.RaftServerConfigKeys (ConfUtils.java:logGet(43)) - raft.server.retrycache.expirytime = 600000ms (custom)
2019-11-13 16:20:42,005 [pool-189-thread-1] INFO  server.RaftServerConfigKeys (ConfUtils.java:logGet(43)) - raft.server.snapshot.auto.trigger.threshold = 10000 (custom)
2019-11-13 16:20:42,005 [pool-179-thread-1] WARN  impl.MetricRegistriesImpl (MetricRegistriesImpl.java:lambda$create$1(61)) - First MetricRegistry has been created without registering reporters. You may need to call MetricRegistries.global().addReportRegistration(...) before.
2019-11-13 16:20:42,005 [pool-189-thread-1] INFO  server.RaftServerConfigKeys (ConfUtils.java:logGet(43)) - raft.server.snapshot.retention.file.num = 5 (custom)
2019-11-13 16:20:42,006 [pool-179-thread-1] WARN  impl.MetricRegistriesImpl (MetricRegistriesImpl.java:lambda$create$1(61)) - First MetricRegistry has been created without registering reporters. You may need to call MetricRegistries.global().addReportRegistration(...) before.
2019-11-13 16:20:42,006 [pool-189-thread-1] INFO  server.RaftServerConfigKeys (ConfUtils.java:logGet(43)) - raft.server.retrycache.expirytime = 600000ms (custom)
2019-11-13 16:20:42,006 [pool-189-thread-1] WARN  impl.MetricRegistriesImpl (MetricRegistriesImpl.java:lambda$create$1(61)) - First MetricRegistry has been created without registering reporters. You may need to call MetricRegistries.global().addReportRegistration(...) before.
2019-11-13 16:20:42,006 [pool-179-thread-1] INFO  impl.RaftServerImpl (RaftServerImpl.java:start(184)) - 0d99dfee-4670-49f5-9a57-a4288445f0bf@group-EB04782E8565: start as a follower, conf=-1: [0d99dfee-4670-49f5-9a57-a4288445f0bf:192.168.69.122:44563, c8ab3730-25d4-490d-a322-cbffb61abc7d:192.168.69.122:32878, 23e196cf-bea2-4a46-b492-74457a62baf8:192.168.69.122:43821], old=null
2019-11-13 16:20:42,006 [pool-189-thread-1] WARN  impl.MetricRegistriesImpl (MetricRegistriesImpl.java:lambda$create$1(61)) - First MetricRegistry has been created without registering reporters. You may need to call MetricRegistries.global().addReportRegistration(...) before.
2019-11-13 16:20:42,006 [pool-179-thread-1] INFO  impl.RaftServerImpl (RaftServerImpl.java:setRole(173)) - 0d99dfee-4670-49f5-9a57-a4288445f0bf@group-EB04782E8565: changes role from      null to FOLLOWER at term 0 for startAsFollower
2019-11-13 16:20:42,006 [pool-189-thread-1] INFO  impl.RaftServerImpl (RaftServerImpl.java:start(184)) - 23e196cf-bea2-4a46-b492-74457a62baf8@group-EB04782E8565: start as a follower, conf=-1: [0d99dfee-4670-49f5-9a57-a4288445f0bf:192.168.69.122:44563, c8ab3730-25d4-490d-a322-cbffb61abc7d:192.168.69.122:32878, 23e196cf-bea2-4a46-b492-74457a62baf8:192.168.69.122:43821], old=null
2019-11-13 16:20:42,006 [pool-179-thread-1] INFO  impl.RoleInfo (RoleInfo.java:updateAndGet(143)) - 0d99dfee-4670-49f5-9a57-a4288445f0bf: start FollowerState
2019-11-13 16:20:42,006 [pool-189-thread-1] INFO  impl.RaftServerImpl (RaftServerImpl.java:setRole(173)) - 23e196cf-bea2-4a46-b492-74457a62baf8@group-EB04782E8565: changes role from      null to FOLLOWER at term 0 for startAsFollower
2019-11-13 16:20:42,007 [pool-189-thread-1] INFO  impl.RoleInfo (RoleInfo.java:updateAndGet(143)) - 23e196cf-bea2-4a46-b492-74457a62baf8: start FollowerState
2019-11-13 16:20:42,007 [pool-179-thread-1] INFO  util.JmxRegister (JmxRegister.java:tryRegister(44)) - Successfully registered JMX Bean with object name Ratis:service=RaftServer,group=group-EB04782E8565,id=0d99dfee-4670-49f5-9a57-a4288445f0bf
2019-11-13 16:20:42,007 [pool-179-thread-1] WARN  impl.MetricRegistriesImpl (MetricRegistriesImpl.java:lambda$create$1(61)) - First MetricRegistry has been created without registering reporters. You may need to call MetricRegistries.global().addReportRegistration(...) before.
2019-11-13 16:20:42,007 [pool-189-thread-1] INFO  util.JmxRegister (JmxRegister.java:tryRegister(44)) - Successfully registered JMX Bean with object name Ratis:service=RaftServer,group=group-EB04782E8565,id=23e196cf-bea2-4a46-b492-74457a62baf8
2019-11-13 16:20:42,007 [pool-189-thread-1] WARN  impl.MetricRegistriesImpl (MetricRegistriesImpl.java:lambda$create$1(61)) - First MetricRegistry has been created without registering reporters. You may need to call MetricRegistries.global().addReportRegistration(...) before.
2019-11-13 16:20:42,010 [IPC Server handler 5 on 43211] INFO  net.NetworkTopology (NetworkTopologyImpl.java:add(111)) - Added a new node: /rack1/ece9b524-37b5-4407-b642-ea356430eaaa
2019-11-13 16:20:42,010 [RatisPipelineUtilsThread] INFO  pipeline.PipelineStateManager (PipelineStateManager.java:addPipeline(55)) - Created pipeline Pipeline[ Id: 7ebd2859-b8ca-47ec-8e67-eb04782e8565, Nodes: 0d99dfee-4670-49f5-9a57-a4288445f0bf{ip: 192.168.69.122, host: pr-hdds-2467-gc456-181853687, networkLocation: /rack1, certSerialId: null}23e196cf-bea2-4a46-b492-74457a62baf8{ip: 192.168.69.122, host: pr-hdds-2467-gc456-181853687, networkLocation: /rack1, certSerialId: null}c8ab3730-25d4-490d-a322-cbffb61abc7d{ip: 192.168.69.122, host: pr-hdds-2467-gc456-181853687, networkLocation: /rack1, certSerialId: null}, Type:RATIS, Factor:THREE, State:ALLOCATED]
2019-11-13 16:20:42,010 [IPC Server handler 5 on 43211] INFO  node.SCMNodeManager (SCMNodeManager.java:register(267)) - Registered Data node : ece9b524-37b5-4407-b642-ea356430eaaa{ip: 192.168.69.122, host: pr-hdds-2467-gc456-181853687, networkLocation: /rack1, certSerialId: null}
2019-11-13 16:20:42,020 [grpc-default-executor-4] INFO  impl.RaftServerProxy (RaftServerProxy.java:addNew(89)) - 3fa6b523-0f53-44bb-b345-f5f355eab07b: addNew group-8E589B928FDE:[3fa6b523-0f53-44bb-b345-f5f355eab07b:192.168.69.122:39811, ece9b524-37b5-4407-b642-ea356430eaaa:192.168.69.122:40942, 66a098cb-53c0-4f05-8b16-ad76b3c07384:192.168.69.122:36855] returns group-8E589B928FDE:java.util.concurrent.CompletableFuture@737e316c[Not completed]
2019-11-13 16:20:42,020 [grpc-default-executor-5] INFO  impl.RaftServerProxy (RaftServerProxy.java:addNew(89)) - ece9b524-37b5-4407-b642-ea356430eaaa: addNew group-8E589B928FDE:[3fa6b523-0f53-44bb-b345-f5f355eab07b:192.168.69.122:39811, ece9b524-37b5-4407-b642-ea356430eaaa:192.168.69.122:40942, 66a098cb-53c0-4f05-8b16-ad76b3c07384:192.168.69.122:36855] returns group-8E589B928FDE:java.util.concurrent.CompletableFuture@52758335[Not completed]
2019-11-13 16:20:42,020 [grpc-default-executor-3] INFO  impl.RaftServerProxy (RaftServerProxy.java:addNew(89)) - 66a098cb-53c0-4f05-8b16-ad76b3c07384: addNew group-8E589B928FDE:[3fa6b523-0f53-44bb-b345-f5f355eab07b:192.168.69.122:39811, ece9b524-37b5-4407-b642-ea356430eaaa:192.168.69.122:40942, 66a098cb-53c0-4f05-8b16-ad76b3c07384:192.168.69.122:36855] returns group-8E589B928FDE:java.util.concurrent.CompletableFuture@79713f7f[Not completed]
2019-11-13 16:20:42,022 [pool-169-thread-1] INFO  impl.RaftServerImpl (RaftServerImpl.java:<init>(98)) - 3fa6b523-0f53-44bb-b345-f5f355eab07b: new RaftServerImpl for group-8E589B928FDE:[3fa6b523-0f53-44bb-b345-f5f355eab07b:192.168.69.122:39811, ece9b524-37b5-4407-b642-ea356430eaaa:192.168.69.122:40942, 66a098cb-53c0-4f05-8b16-ad76b3c07384:192.168.69.122:36855] with ContainerStateMachine:uninitialized
2019-11-13 16:20:42,022 [pool-169-thread-1] INFO  server.RaftServerConfigKeys (ConfUtils.java:logGet(43)) - raft.server.rpc.timeout.min = 1s (custom)
2019-11-13 16:20:42,022 [pool-169-thread-1] INFO  server.RaftServerConfigKeys (ConfUtils.java:logGet(43)) - raft.server.rpc.timeout.max = 1200ms (custom)
2019-11-13 16:20:42,022 [pool-169-thread-1] INFO  server.RaftServerConfigKeys (ConfUtils.java:logGet(43)) - raft.server.rpcslowness.timeout = 120s (custom)
2019-11-13 16:20:42,022 [pool-169-thread-1] INFO  server.RaftServerConfigKeys (ConfUtils.java:logGet(43)) - raft.server.sleep.deviation.threshold = 300 (default)
2019-11-13 16:20:42,022 [pool-169-thread-1] INFO  server.RaftServerConfigKeys (ConfUtils.java:logGet(43)) - raft.server.log.appender.install.snapshot.enabled = false (custom)
2019-11-13 16:20:42,022 [pool-169-thread-1] INFO  impl.RaftServerImpl (ServerState.java:<init>(103)) - 3fa6b523-0f53-44bb-b345-f5f355eab07b@group-8E589B928FDE: ConfigurationManager, init=-1: [3fa6b523-0f53-44bb-b345-f5f355eab07b:192.168.69.122:39811, ece9b524-37b5-4407-b642-ea356430eaaa:192.168.69.122:40942, 66a098cb-53c0-4f05-8b16-ad76b3c07384:192.168.69.122:36855], old=null, confs=<EMPTY_MAP>
2019-11-13 16:20:42,022 [pool-169-thread-1] INFO  server.RaftServerConfigKeys (ConfUtils.java:logGet(43)) - raft.server.storage.dir = [/workdir/hadoop-ozone/integration-test/target/test-dir/MiniOzoneClusterImpl-3a974f43-0da0-4ff7-ab4a-31bb81b91875/datanode-2/data/ratis] (custom)
2019-11-13 16:20:42,023 [pool-169-thread-1] INFO  server.RaftServerConfigKeys (ConfUtils.java:logGet(43)) - raft.server.log.corruption.policy = EXCEPTION (default)
2019-11-13 16:20:42,023 [pool-159-thread-1] INFO  impl.RaftServerImpl (RaftServerImpl.java:<init>(98)) - 66a098cb-53c0-4f05-8b16-ad76b3c07384: new RaftServerImpl for group-8E589B928FDE:[3fa6b523-0f53-44bb-b345-f5f355eab07b:192.168.69.122:39811, ece9b524-37b5-4407-b642-ea356430eaaa:192.168.69.122:40942, 66a098cb-53c0-4f05-8b16-ad76b3c07384:192.168.69.122:36855] with ContainerStateMachine:uninitialized
2019-11-13 16:20:42,023 [pool-169-thread-1] INFO  storage.RaftStorageDirectory (RaftStorageDirectory.java:analyzeStorage(246)) - The storage directory /workdir/hadoop-ozone/integration-test/target/test-dir/MiniOzoneClusterImpl-3a974f43-0da0-4ff7-ab4a-31bb81b91875/datanode-2/data/ratis/624e68ba-32ae-4a31-b4d2-8e589b928fde does not exist. Creating ...
2019-11-13 16:20:42,023 [pool-159-thread-1] INFO  server.RaftServerConfigKeys (ConfUtils.java:logGet(43)) - raft.server.rpc.timeout.min = 1s (custom)
2019-11-13 16:20:42,023 [pool-159-thread-1] INFO  server.RaftServerConfigKeys (ConfUtils.java:logGet(43)) - raft.server.rpc.timeout.max = 1200ms (custom)
2019-11-13 16:20:42,023 [pool-159-thread-1] INFO  server.RaftServerConfigKeys (ConfUtils.java:logGet(43)) - raft.server.rpcslowness.timeout = 120s (custom)
2019-11-13 16:20:42,023 [pool-159-thread-1] INFO  server.RaftServerConfigKeys (ConfUtils.java:logGet(43)) - raft.server.sleep.deviation.threshold = 300 (default)
2019-11-13 16:20:42,024 [pool-159-thread-1] INFO  server.RaftServerConfigKeys (ConfUtils.java:logGet(43)) - raft.server.log.appender.install.snapshot.enabled = false (custom)
2019-11-13 16:20:42,024 [pool-159-thread-1] INFO  impl.RaftServerImpl (ServerState.java:<init>(103)) - 66a098cb-53c0-4f05-8b16-ad76b3c07384@group-8E589B928FDE: ConfigurationManager, init=-1: [3fa6b523-0f53-44bb-b345-f5f355eab07b:192.168.69.122:39811, ece9b524-37b5-4407-b642-ea356430eaaa:192.168.69.122:40942, 66a098cb-53c0-4f05-8b16-ad76b3c07384:192.168.69.122:36855], old=null, confs=<EMPTY_MAP>
2019-11-13 16:20:42,024 [pool-209-thread-1] INFO  impl.RaftServerImpl (RaftServerImpl.java:<init>(98)) - ece9b524-37b5-4407-b642-ea356430eaaa: new RaftServerImpl for group-8E589B928FDE:[3fa6b523-0f53-44bb-b345-f5f355eab07b:192.168.69.122:39811, ece9b524-37b5-4407-b642-ea356430eaaa:192.168.69.122:40942, 66a098cb-53c0-4f05-8b16-ad76b3c07384:192.168.69.122:36855] with ContainerStateMachine:uninitialized
2019-11-13 16:20:42,024 [pool-159-thread-1] INFO  server.RaftServerConfigKeys (ConfUtils.java:logGet(43)) - raft.server.storage.dir = [/workdir/hadoop-ozone/integration-test/target/test-dir/MiniOzoneClusterImpl-3a974f43-0da0-4ff7-ab4a-31bb81b91875/datanode-1/data/ratis] (custom)
2019-11-13 16:20:42,024 [pool-209-thread-1] INFO  server.RaftServerConfigKeys (ConfUtils.java:logGet(43)) - raft.server.rpc.timeout.min = 1s (custom)
2019-11-13 16:20:42,024 [pool-209-thread-1] INFO  server.RaftServerConfigKeys (ConfUtils.java:logGet(43)) - raft.server.rpc.timeout.max = 1200ms (custom)
2019-11-13 16:20:42,024 [pool-159-thread-1] INFO  server.RaftServerConfigKeys (ConfUtils.java:logGet(43)) - raft.server.log.corruption.policy = EXCEPTION (default)
2019-11-13 16:20:42,024 [pool-209-thread-1] INFO  server.RaftServerConfigKeys (ConfUtils.java:logGet(43)) - raft.server.rpcslowness.timeout = 120s (custom)
2019-11-13 16:20:42,025 [pool-209-thread-1] INFO  server.RaftServerConfigKeys (ConfUtils.java:logGet(43)) - raft.server.sleep.deviation.threshold = 300 (default)
2019-11-13 16:20:42,025 [pool-159-thread-1] INFO  storage.RaftStorageDirectory (RaftStorageDirectory.java:analyzeStorage(246)) - The storage directory /workdir/hadoop-ozone/integration-test/target/test-dir/MiniOzoneClusterImpl-3a974f43-0da0-4ff7-ab4a-31bb81b91875/datanode-1/data/ratis/624e68ba-32ae-4a31-b4d2-8e589b928fde does not exist. Creating ...
2019-11-13 16:20:42,025 [pool-209-thread-1] INFO  server.RaftServerConfigKeys (ConfUtils.java:logGet(43)) - raft.server.log.appender.install.snapshot.enabled = false (custom)
2019-11-13 16:20:42,025 [pool-209-thread-1] INFO  impl.RaftServerImpl (ServerState.java:<init>(103)) - ece9b524-37b5-4407-b642-ea356430eaaa@group-8E589B928FDE: ConfigurationManager, init=-1: [3fa6b523-0f53-44bb-b345-f5f355eab07b:192.168.69.122:39811, ece9b524-37b5-4407-b642-ea356430eaaa:192.168.69.122:40942, 66a098cb-53c0-4f05-8b16-ad76b3c07384:192.168.69.122:36855], old=null, confs=<EMPTY_MAP>
2019-11-13 16:20:42,025 [pool-209-thread-1] INFO  server.RaftServerConfigKeys (ConfUtils.java:logGet(43)) - raft.server.storage.dir = [/workdir/hadoop-ozone/integration-test/target/test-dir/MiniOzoneClusterImpl-3a974f43-0da0-4ff7-ab4a-31bb81b91875/datanode-6/data/ratis] (custom)
2019-11-13 16:20:42,025 [pool-209-thread-1] INFO  server.RaftServerConfigKeys (ConfUtils.java:logGet(43)) - raft.server.log.corruption.policy = EXCEPTION (default)
2019-11-13 16:20:42,026 [pool-209-thread-1] INFO  storage.RaftStorageDirectory (RaftStorageDirectory.java:analyzeStorage(246)) - The storage directory /workdir/hadoop-ozone/integration-test/target/test-dir/MiniOzoneClusterImpl-3a974f43-0da0-4ff7-ab4a-31bb81b91875/datanode-6/data/ratis/624e68ba-32ae-4a31-b4d2-8e589b928fde does not exist. Creating ...
2019-11-13 16:20:42,047 [pool-209-thread-1] INFO  storage.RaftStorageDirectory (RaftStorageDirectory.java:tryLock(328)) - Lock on /workdir/hadoop-ozone/integration-test/target/test-dir/MiniOzoneClusterImpl-3a974f43-0da0-4ff7-ab4a-31bb81b91875/datanode-6/data/ratis/624e68ba-32ae-4a31-b4d2-8e589b928fde/in_use.lock acquired by nodename 22372@pr-hdds-2467-gc456-181853687
2019-11-13 16:20:42,047 [pool-169-thread-1] INFO  storage.RaftStorageDirectory (RaftStorageDirectory.java:tryLock(328)) - Lock on /workdir/hadoop-ozone/integration-test/target/test-dir/MiniOzoneClusterImpl-3a974f43-0da0-4ff7-ab4a-31bb81b91875/datanode-2/data/ratis/624e68ba-32ae-4a31-b4d2-8e589b928fde/in_use.lock acquired by nodename 22372@pr-hdds-2467-gc456-181853687
2019-11-13 16:20:42,047 [pool-159-thread-1] INFO  storage.RaftStorageDirectory (RaftStorageDirectory.java:tryLock(328)) - Lock on /workdir/hadoop-ozone/integration-test/target/test-dir/MiniOzoneClusterImpl-3a974f43-0da0-4ff7-ab4a-31bb81b91875/datanode-1/data/ratis/624e68ba-32ae-4a31-b4d2-8e589b928fde/in_use.lock acquired by nodename 22372@pr-hdds-2467-gc456-181853687
2019-11-13 16:20:42,073 [pool-169-thread-1] INFO  storage.RaftStorage (RaftStorage.java:format(84)) - Storage directory /workdir/hadoop-ozone/integration-test/target/test-dir/MiniOzoneClusterImpl-3a974f43-0da0-4ff7-ab4a-31bb81b91875/datanode-2/data/ratis/624e68ba-32ae-4a31-b4d2-8e589b928fde has been successfully formatted.
2019-11-13 16:20:42,073 [pool-159-thread-1] INFO  storage.RaftStorage (RaftStorage.java:format(84)) - Storage directory /workdir/hadoop-ozone/integration-test/target/test-dir/MiniOzoneClusterImpl-3a974f43-0da0-4ff7-ab4a-31bb81b91875/datanode-1/data/ratis/624e68ba-32ae-4a31-b4d2-8e589b928fde has been successfully formatted.
2019-11-13 16:20:42,073 [pool-209-thread-1] INFO  storage.RaftStorage (RaftStorage.java:format(84)) - Storage directory /workdir/hadoop-ozone/integration-test/target/test-dir/MiniOzoneClusterImpl-3a974f43-0da0-4ff7-ab4a-31bb81b91875/datanode-6/data/ratis/624e68ba-32ae-4a31-b4d2-8e589b928fde has been successfully formatted.
2019-11-13 16:20:42,074 [pool-159-thread-1] INFO  ratis.ContainerStateMachine (ContainerStateMachine.java:loadSnapshot(223)) - group-8E589B928FDE: The snapshot info is null. Setting the last applied indexto:(t:0, i:~)
2019-11-13 16:20:42,074 [pool-169-thread-1] INFO  ratis.ContainerStateMachine (ContainerStateMachine.java:loadSnapshot(223)) - group-8E589B928FDE: The snapshot info is null. Setting the last applied indexto:(t:0, i:~)
2019-11-13 16:20:42,074 [pool-159-thread-1] INFO  server.RaftServerConfigKeys (ConfUtils.java:logGet(43)) - raft.server.notification.no-leader.timeout = 120s (custom)
2019-11-13 16:20:42,074 [pool-209-thread-1] INFO  ratis.ContainerStateMachine (ContainerStateMachine.java:loadSnapshot(223)) - group-8E589B928FDE: The snapshot info is null. Setting the last applied indexto:(t:0, i:~)
2019-11-13 16:20:42,074 [pool-159-thread-1] INFO  server.RaftServerConfigKeys (ConfUtils.java:logGet(43)) - raft.server.log.use.memory = false (default)
2019-11-13 16:20:42,074 [pool-169-thread-1] INFO  server.RaftServerConfigKeys (ConfUtils.java:logGet(43)) - raft.server.notification.no-leader.timeout = 120s (custom)
2019-11-13 16:20:42,075 [pool-159-thread-1] INFO  server.RaftServerConfigKeys (ConfUtils.java:logGet(43)) - raft.server.log.purge.gap = 1000000 (custom)
2019-11-13 16:20:42,074 [pool-209-thread-1] INFO  server.RaftServerConfigKeys (ConfUtils.java:logGet(43)) - raft.server.notification.no-leader.timeout = 120s (custom)
2019-11-13 16:20:42,075 [pool-159-thread-1] INFO  server.RaftServerConfigKeys (ConfUtils.java:logGet(43)) - raft.server.log.appender.buffer.byte-limit = 33554432 (custom)
2019-11-13 16:20:42,075 [pool-169-thread-1] INFO  server.RaftServerConfigKeys (ConfUtils.java:logGet(43)) - raft.server.log.use.memory = false (default)
2019-11-13 16:20:42,075 [pool-159-thread-1] INFO  server.RaftServerConfigKeys (ConfUtils.java:logGet(43)) - raft.server.log.segment.size.max = 1048576 (custom)
2019-11-13 16:20:42,075 [pool-209-thread-1] INFO  server.RaftServerConfigKeys (ConfUtils.java:logGet(43)) - raft.server.log.use.memory = false (default)
2019-11-13 16:20:42,075 [pool-159-thread-1] INFO  server.RaftServerConfigKeys (ConfUtils.java:logGet(43)) - raft.server.log.segment.cache.num.max = 2 (custom)
2019-11-13 16:20:42,075 [pool-169-thread-1] INFO  server.RaftServerConfigKeys (ConfUtils.java:logGet(43)) - raft.server.log.purge.gap = 1000000 (custom)
2019-11-13 16:20:42,076 [pool-159-thread-1] INFO  segmented.SegmentedRaftLogWorker (SegmentedRaftLogWorker.java:<init>(173)) - new 66a098cb-53c0-4f05-8b16-ad76b3c07384@group-8E589B928FDE-SegmentedRaftLogWorker for RaftStorage:Storage Directory /workdir/hadoop-ozone/integration-test/target/test-dir/MiniOzoneClusterImpl-3a974f43-0da0-4ff7-ab4a-31bb81b91875/datanode-1/data/ratis/624e68ba-32ae-4a31-b4d2-8e589b928fde
2019-11-13 16:20:42,075 [pool-209-thread-1] INFO  server.RaftServerConfigKeys (ConfUtils.java:logGet(43)) - raft.server.log.purge.gap = 1000000 (custom)
2019-11-13 16:20:42,076 [pool-159-thread-1] INFO  server.RaftServerConfigKeys (ConfUtils.java:logGet(43)) - raft.server.log.queue.byte-limit = 2147483647 (custom)
2019-11-13 16:20:42,076 [pool-169-thread-1] INFO  server.RaftServerConfigKeys (ConfUtils.java:logGet(43)) - raft.server.log.appender.buffer.byte-limit = 33554432 (custom)
2019-11-13 16:20:42,076 [pool-159-thread-1] INFO  server.RaftServerConfigKeys (ConfUtils.java:logGet(43)) - raft.server.log.queue.element-limit = 1024 (custom)
2019-11-13 16:20:42,076 [pool-209-thread-1] INFO  server.RaftServerConfigKeys (ConfUtils.java:logGet(43)) - raft.server.log.appender.buffer.byte-limit = 33554432 (custom)
2019-11-13 16:20:42,076 [pool-159-thread-1] INFO  server.RaftServerConfigKeys (ConfUtils.java:logGet(43)) - raft.server.log.segment.size.max = 1048576 (custom)
2019-11-13 16:20:42,077 [pool-159-thread-1] INFO  server.RaftServerConfigKeys (ConfUtils.java:logGet(43)) - raft.server.log.preallocated.size = 16384 (custom)
2019-11-13 16:20:42,076 [pool-169-thread-1] INFO  server.RaftServerConfigKeys (ConfUtils.java:logGet(43)) - raft.server.log.segment.size.max = 1048576 (custom)
2019-11-13 16:20:42,077 [pool-159-thread-1] INFO  server.RaftServerConfigKeys (ConfUtils.java:logGet(43)) - raft.server.log.write.buffer.size = 33554432 (custom)
2019-11-13 16:20:42,077 [pool-209-thread-1] INFO  server.RaftServerConfigKeys (ConfUtils.java:logGet(43)) - raft.server.log.segment.size.max = 1048576 (custom)
2019-11-13 16:20:42,077 [pool-159-thread-1] INFO  server.RaftServerConfigKeys (ConfUtils.java:logGet(43)) - raft.server.log.force.sync.num = 128 (default)
2019-11-13 16:20:42,077 [pool-169-thread-1] INFO  server.RaftServerConfigKeys (ConfUtils.java:logGet(43)) - raft.server.log.segment.cache.num.max = 2 (custom)
2019-11-13 16:20:42,077 [pool-159-thread-1] INFO  server.RaftServerConfigKeys (ConfUtils.java:logGet(43)) - raft.server.log.statemachine.data.sync = true (default)
2019-11-13 16:20:42,077 [pool-159-thread-1] INFO  server.RaftServerConfigKeys (ConfUtils.java:logGet(43)) - raft.server.log.statemachine.data.sync.timeout = 10s (default)
2019-11-13 16:20:42,077 [pool-209-thread-1] WARN  impl.MetricRegistriesImpl (MetricRegistriesImpl.java:lambda$create$1(61)) - First MetricRegistry has been created without registering reporters. You may need to call MetricRegistries.global().addReportRegistration(...) before.
2019-11-13 16:20:42,078 [pool-159-thread-1] INFO  server.RaftServerConfigKeys (ConfUtils.java:logGet(43)) - raft.server.log.statemachine.data.sync.timeout.retry = -1 (default)
2019-11-13 16:20:42,077 [pool-169-thread-1] INFO  segmented.SegmentedRaftLogWorker (SegmentedRaftLogWorker.java:<init>(173)) - new 3fa6b523-0f53-44bb-b345-f5f355eab07b@group-8E589B928FDE-SegmentedRaftLogWorker for RaftStorage:Storage Directory /workdir/hadoop-ozone/integration-test/target/test-dir/MiniOzoneClusterImpl-3a974f43-0da0-4ff7-ab4a-31bb81b91875/datanode-2/data/ratis/624e68ba-32ae-4a31-b4d2-8e589b928fde
2019-11-13 16:20:42,078 [pool-209-thread-1] INFO  server.RaftServerConfigKeys (ConfUtils.java:logGet(43)) - raft.server.log.segment.cache.num.max = 2 (custom)
2019-11-13 16:20:42,078 [pool-159-thread-1] INFO  server.RaftServerConfigKeys (ConfUtils.java:logGet(43)) - raft.server.log.statemachine.data.caching.enabled = true (custom)
2019-11-13 16:20:42,078 [pool-169-thread-1] INFO  server.RaftServerConfigKeys (ConfUtils.java:logGet(43)) - raft.server.log.queue.byte-limit = 2147483647 (custom)
2019-11-13 16:20:42,078 [pool-209-thread-1] INFO  segmented.SegmentedRaftLogWorker (SegmentedRaftLogWorker.java:<init>(173)) - new ece9b524-37b5-4407-b642-ea356430eaaa@group-8E589B928FDE-SegmentedRaftLogWorker for RaftStorage:Storage Directory /workdir/hadoop-ozone/integration-test/target/test-dir/MiniOzoneClusterImpl-3a974f43-0da0-4ff7-ab4a-31bb81b91875/datanode-6/data/ratis/624e68ba-32ae-4a31-b4d2-8e589b928fde
2019-11-13 16:20:42,078 [pool-169-thread-1] INFO  server.RaftServerConfigKeys (ConfUtils.java:logGet(43)) - raft.server.log.queue.element-limit = 1024 (custom)
2019-11-13 16:20:42,078 [pool-159-thread-1] INFO  segmented.SegmentedRaftLogWorker (SegmentedRaftLogWorker.java:lambda$new$0(128)) - 66a098cb-53c0-4f05-8b16-ad76b3c07384@group-8E589B928FDE-SegmentedRaftLogWorker: flushIndex: setUnconditionally 0 -> -1
2019-11-13 16:20:42,078 [pool-209-thread-1] INFO  server.RaftServerConfigKeys (ConfUtils.java:logGet(43)) - raft.server.log.queue.byte-limit = 2147483647 (custom)
2019-11-13 16:20:42,079 [pool-169-thread-1] INFO  server.RaftServerConfigKeys (ConfUtils.java:logGet(43)) - raft.server.log.segment.size.max = 1048576 (custom)
2019-11-13 16:20:42,079 [pool-159-thread-1] INFO  server.RaftServerConfigKeys (ConfUtils.java:logGet(43)) - raft.server.snapshot.auto.trigger.enabled = true (custom)
2019-11-13 16:20:42,079 [pool-209-thread-1] INFO  server.RaftServerConfigKeys (ConfUtils.java:logGet(43)) - raft.server.log.queue.element-limit = 1024 (custom)
2019-11-13 16:20:42,079 [pool-159-thread-1] INFO  server.RaftServerConfigKeys (ConfUtils.java:logGet(43)) - raft.server.snapshot.auto.trigger.threshold = 10000 (custom)
2019-11-13 16:20:42,079 [pool-169-thread-1] INFO  server.RaftServerConfigKeys (ConfUtils.java:logGet(43)) - raft.server.log.preallocated.size = 16384 (custom)
2019-11-13 16:20:42,079 [pool-159-thread-1] INFO  server.RaftServerConfigKeys (ConfUtils.java:logGet(43)) - raft.server.snapshot.retention.file.num = 5 (custom)
2019-11-13 16:20:42,079 [pool-209-thread-1] INFO  server.RaftServerConfigKeys (ConfUtils.java:logGet(43)) - raft.server.log.segment.size.max = 1048576 (custom)
2019-11-13 16:20:42,079 [pool-159-thread-1] INFO  server.RaftServerConfigKeys (ConfUtils.java:logGet(43)) - raft.server.retrycache.expirytime = 600000ms (custom)
2019-11-13 16:20:42,079 [pool-169-thread-1] INFO  server.RaftServerConfigKeys (ConfUtils.java:logGet(43)) - raft.server.log.write.buffer.size = 33554432 (custom)
2019-11-13 16:20:42,080 [pool-159-thread-1] WARN  impl.MetricRegistriesImpl (MetricRegistriesImpl.java:lambda$create$1(61)) - First MetricRegistry has been created without registering reporters. You may need to call MetricRegistries.global().addReportRegistration(...) before.
2019-11-13 16:20:42,080 [pool-169-thread-1] INFO  server.RaftServerConfigKeys (ConfUtils.java:logGet(43)) - raft.server.log.force.sync.num = 128 (default)
2019-11-13 16:20:42,080 [pool-159-thread-1] WARN  impl.MetricRegistriesImpl (MetricRegistriesImpl.java:lambda$create$1(61)) - First MetricRegistry has been created without registering reporters. You may need to call MetricRegistries.global().addReportRegistration(...) before.
2019-11-13 16:20:42,080 [pool-209-thread-1] INFO  server.RaftServerConfigKeys (ConfUtils.java:logGet(43)) - raft.server.log.preallocated.size = 16384 (custom)
2019-11-13 16:20:42,080 [pool-169-thread-1] INFO  server.RaftServerConfigKeys (ConfUtils.java:logGet(43)) - raft.server.log.statemachine.data.sync = true (default)
2019-11-13 16:20:42,080 [pool-209-thread-1] INFO  server.RaftServerConfigKeys (ConfUtils.java:logGet(43)) - raft.server.log.write.buffer.size = 33554432 (custom)
2019-11-13 16:20:42,080 [pool-159-thread-1] INFO  impl.RaftServerImpl (RaftServerImpl.java:start(184)) - 66a098cb-53c0-4f05-8b16-ad76b3c07384@group-8E589B928FDE: start as a follower, conf=-1: [3fa6b523-0f53-44bb-b345-f5f355eab07b:192.168.69.122:39811, ece9b524-37b5-4407-b642-ea356430eaaa:192.168.69.122:40942, 66a098cb-53c0-4f05-8b16-ad76b3c07384:192.168.69.122:36855], old=null
2019-11-13 16:20:42,080 [pool-209-thread-1] INFO  server.RaftServerConfigKeys (ConfUtils.java:logGet(43)) - raft.server.log.force.sync.num = 128 (default)
2019-11-13 16:20:42,081 [pool-209-thread-1] INFO  server.RaftServerConfigKeys (ConfUtils.java:logGet(43)) - raft.server.log.statemachine.data.sync = true (default)
2019-11-13 16:20:42,080 [pool-169-thread-1] INFO  server.RaftServerConfigKeys (ConfUtils.java:logGet(43)) - raft.server.log.statemachine.data.sync.timeout = 10s (default)
2019-11-13 16:20:42,081 [pool-209-thread-1] INFO  server.RaftServerConfigKeys (ConfUtils.java:logGet(43)) - raft.server.log.statemachine.data.sync.timeout = 10s (default)
2019-11-13 16:20:42,081 [pool-159-thread-1] INFO  impl.RaftServerImpl (RaftServerImpl.java:setRole(173)) - 66a098cb-53c0-4f05-8b16-ad76b3c07384@group-8E589B928FDE: changes role from      null to FOLLOWER at term 0 for startAsFollower
2019-11-13 16:20:42,081 [pool-209-thread-1] INFO  server.RaftServerConfigKeys (ConfUtils.java:logGet(43)) - raft.server.log.statemachine.data.sync.timeout.retry = -1 (default)
2019-11-13 16:20:42,081 [pool-169-thread-1] INFO  server.RaftServerConfigKeys (ConfUtils.java:logGet(43)) - raft.server.log.statemachine.data.sync.timeout.retry = -1 (default)
2019-11-13 16:20:42,081 [pool-159-thread-1] INFO  impl.RoleInfo (RoleInfo.java:updateAndGet(143)) - 66a098cb-53c0-4f05-8b16-ad76b3c07384: start FollowerState
2019-11-13 16:20:42,081 [pool-209-thread-1] INFO  server.RaftServerConfigKeys (ConfUtils.java:logGet(43)) - raft.server.log.statemachine.data.caching.enabled = true (custom)
2019-11-13 16:20:42,081 [pool-169-thread-1] INFO  server.RaftServerConfigKeys (ConfUtils.java:logGet(43)) - raft.server.log.statemachine.data.caching.enabled = true (custom)
2019-11-13 16:20:42,082 [pool-209-thread-1] INFO  segmented.SegmentedRaftLogWorker (SegmentedRaftLogWorker.java:lambda$new$0(128)) - ece9b524-37b5-4407-b642-ea356430eaaa@group-8E589B928FDE-SegmentedRaftLogWorker: flushIndex: setUnconditionally 0 -> -1
2019-11-13 16:20:42,082 [pool-169-thread-1] INFO  segmented.SegmentedRaftLogWorker (SegmentedRaftLogWorker.java:lambda$new$0(128)) - 3fa6b523-0f53-44bb-b345-f5f355eab07b@group-8E589B928FDE-SegmentedRaftLogWorker: flushIndex: setUnconditionally 0 -> -1
2019-11-13 16:20:42,082 [pool-159-thread-1] INFO  util.JmxRegister (JmxRegister.java:tryRegister(44)) - Successfully registered JMX Bean with object name Ratis:service=RaftServer,group=group-8E589B928FDE,id=66a098cb-53c0-4f05-8b16-ad76b3c07384
2019-11-13 16:20:42,082 [pool-209-thread-1] INFO  server.RaftServerConfigKeys (ConfUtils.java:logGet(43)) - raft.server.snapshot.auto.trigger.enabled = true (custom)
2019-11-13 16:20:42,082 [pool-159-thread-1] WARN  impl.MetricRegistriesImpl (MetricRegistriesImpl.java:lambda$create$1(61)) - First MetricRegistry has been created without registering reporters. You may need to call MetricRegistries.global().addReportRegistration(...) before.
2019-11-13 16:20:42,082 [pool-169-thread-1] INFO  server.RaftServerConfigKeys (ConfUtils.java:logGet(43)) - raft.server.snapshot.auto.trigger.enabled = true (custom)
2019-11-13 16:20:42,082 [pool-209-thread-1] INFO  server.RaftServerConfigKeys (ConfUtils.java:logGet(43)) - raft.server.snapshot.auto.trigger.threshold = 10000 (custom)
2019-11-13 16:20:42,082 [pool-169-thread-1] INFO  server.RaftServerConfigKeys (ConfUtils.java:logGet(43)) - raft.server.snapshot.auto.trigger.threshold = 10000 (custom)
2019-11-13 16:20:42,082 [pool-209-thread-1] INFO  server.RaftServerConfigKeys (ConfUtils.java:logGet(43)) - raft.server.snapshot.retention.file.num = 5 (custom)
2019-11-13 16:20:42,082 [pool-169-thread-1] INFO  server.RaftServerConfigKeys (ConfUtils.java:logGet(43)) - raft.server.snapshot.retention.file.num = 5 (custom)
2019-11-13 16:20:42,083 [pool-209-thread-1] INFO  server.RaftServerConfigKeys (ConfUtils.java:logGet(43)) - raft.server.retrycache.expirytime = 600000ms (custom)
2019-11-13 16:20:42,083 [pool-169-thread-1] INFO  server.RaftServerConfigKeys (ConfUtils.java:logGet(43)) - raft.server.retrycache.expirytime = 600000ms (custom)
2019-11-13 16:20:42,083 [pool-209-thread-1] WARN  impl.MetricRegistriesImpl (MetricRegistriesImpl.java:lambda$create$1(61)) - First MetricRegistry has been created without registering reporters. You may need to call MetricRegistries.global().addReportRegistration(...) before.
2019-11-13 16:20:42,083 [pool-169-thread-1] WARN  impl.MetricRegistriesImpl (MetricRegistriesImpl.java:lambda$create$1(61)) - First MetricRegistry has been created without registering reporters. You may need to call MetricRegistries.global().addReportRegistration(...) before.
2019-11-13 16:20:42,083 [pool-209-thread-1] WARN  impl.MetricRegistriesImpl (MetricRegistriesImpl.java:lambda$create$1(61)) - First MetricRegistry has been created without registering reporters. You may need to call MetricRegistries.global().addReportRegistration(...) before.
2019-11-13 16:20:42,083 [pool-169-thread-1] WARN  impl.MetricRegistriesImpl (MetricRegistriesImpl.java:lambda$create$1(61)) - First MetricRegistry has been created without registering reporters. You may need to call MetricRegistries.global().addReportRegistration(...) before.
2019-11-13 16:20:42,083 [pool-209-thread-1] INFO  impl.RaftServerImpl (RaftServerImpl.java:start(184)) - ece9b524-37b5-4407-b642-ea356430eaaa@group-8E589B928FDE: start as a follower, conf=-1: [3fa6b523-0f53-44bb-b345-f5f355eab07b:192.168.69.122:39811, ece9b524-37b5-4407-b642-ea356430eaaa:192.168.69.122:40942, 66a098cb-53c0-4f05-8b16-ad76b3c07384:192.168.69.122:36855], old=null
2019-11-13 16:20:42,083 [pool-169-thread-1] INFO  impl.RaftServerImpl (RaftServerImpl.java:start(184)) - 3fa6b523-0f53-44bb-b345-f5f355eab07b@group-8E589B928FDE: start as a follower, conf=-1: [3fa6b523-0f53-44bb-b345-f5f355eab07b:192.168.69.122:39811, ece9b524-37b5-4407-b642-ea356430eaaa:192.168.69.122:40942, 66a098cb-53c0-4f05-8b16-ad76b3c07384:192.168.69.122:36855], old=null
2019-11-13 16:20:42,083 [pool-209-thread-1] INFO  impl.RaftServerImpl (RaftServerImpl.java:setRole(173)) - ece9b524-37b5-4407-b642-ea356430eaaa@group-8E589B928FDE: changes role from      null to FOLLOWER at term 0 for startAsFollower
2019-11-13 16:20:42,083 [pool-169-thread-1] INFO  impl.RaftServerImpl (RaftServerImpl.java:setRole(173)) - 3fa6b523-0f53-44bb-b345-f5f355eab07b@group-8E589B928FDE: changes role from      null to FOLLOWER at term 0 for startAsFollower
2019-11-13 16:20:42,083 [pool-209-thread-1] INFO  impl.RoleInfo (RoleInfo.java:updateAndGet(143)) - ece9b524-37b5-4407-b642-ea356430eaaa: start FollowerState
2019-11-13 16:20:42,084 [pool-169-thread-1] INFO  impl.RoleInfo (RoleInfo.java:updateAndGet(143)) - 3fa6b523-0f53-44bb-b345-f5f355eab07b: start FollowerState
2019-11-13 16:20:42,084 [pool-209-thread-1] INFO  util.JmxRegister (JmxRegister.java:tryRegister(44)) - Successfully registered JMX Bean with object name Ratis:service=RaftServer,group=group-8E589B928FDE,id=ece9b524-37b5-4407-b642-ea356430eaaa
2019-11-13 16:20:42,084 [pool-169-thread-1] INFO  util.JmxRegister (JmxRegister.java:tryRegister(44)) - Successfully registered JMX Bean with object name Ratis:service=RaftServer,group=group-8E589B928FDE,id=3fa6b523-0f53-44bb-b345-f5f355eab07b
2019-11-13 16:20:42,084 [pool-209-thread-1] WARN  impl.MetricRegistriesImpl (MetricRegistriesImpl.java:lambda$create$1(61)) - First MetricRegistry has been created without registering reporters. You may need to call MetricRegistries.global().addReportRegistration(...) before.
2019-11-13 16:20:42,084 [pool-169-thread-1] WARN  impl.MetricRegistriesImpl (MetricRegistriesImpl.java:lambda$create$1(61)) - First MetricRegistry has been created without registering reporters. You may need to call MetricRegistries.global().addReportRegistration(...) before.
2019-11-13 16:20:42,087 [RatisPipelineUtilsThread] INFO  pipeline.PipelineStateManager (PipelineStateManager.java:addPipeline(55)) - Created pipeline Pipeline[ Id: 624e68ba-32ae-4a31-b4d2-8e589b928fde, Nodes: ece9b524-37b5-4407-b642-ea356430eaaa{ip: 192.168.69.122, host: pr-hdds-2467-gc456-181853687, networkLocation: /rack1, certSerialId: null}66a098cb-53c0-4f05-8b16-ad76b3c07384{ip: 192.168.69.122, host: pr-hdds-2467-gc456-181853687, networkLocation: /rack1, certSerialId: null}3fa6b523-0f53-44bb-b345-f5f355eab07b{ip: 192.168.69.122, host: pr-hdds-2467-gc456-181853687, networkLocation: /rack1, certSerialId: null}, Type:RATIS, Factor:THREE, State:ALLOCATED]
2019-11-13 16:20:42,095 [IPC Server handler 7 on 43211] INFO  net.NetworkTopology (NetworkTopologyImpl.java:add(111)) - Added a new node: /rack1/a3f5b1ff-5ddb-40c7-8bbd-1ae7c3cdb433
2019-11-13 16:20:42,095 [IPC Server handler 7 on 43211] INFO  node.SCMNodeManager (SCMNodeManager.java:register(267)) - Registered Data node : a3f5b1ff-5ddb-40c7-8bbd-1ae7c3cdb433{ip: 192.168.69.122, host: pr-hdds-2467-gc456-181853687, networkLocation: /rack1, certSerialId: null}
2019-11-13 16:20:42,095 [grpc-default-executor-3] INFO  impl.RaftServerProxy (RaftServerProxy.java:addNew(89)) - ece9b524-37b5-4407-b642-ea356430eaaa: addNew group-85FB279ED143:[ece9b524-37b5-4407-b642-ea356430eaaa:192.168.69.122:40942] returns group-85FB279ED143:java.util.concurrent.CompletableFuture@4ed19ba3[Not completed]
2019-11-13 16:20:42,097 [pool-209-thread-1] INFO  impl.RaftServerImpl (RaftServerImpl.java:<init>(98)) - ece9b524-37b5-4407-b642-ea356430eaaa: new RaftServerImpl for group-85FB279ED143:[ece9b524-37b5-4407-b642-ea356430eaaa:192.168.69.122:40942] with ContainerStateMachine:uninitialized
2019-11-13 16:20:42,097 [pool-209-thread-1] INFO  server.RaftServerConfigKeys (ConfUtils.java:logGet(43)) - raft.server.rpc.timeout.min = 1s (custom)
2019-11-13 16:20:42,097 [pool-209-thread-1] INFO  server.RaftServerConfigKeys (ConfUtils.java:logGet(43)) - raft.server.rpc.timeout.max = 1200ms (custom)
2019-11-13 16:20:42,097 [pool-209-thread-1] INFO  server.RaftServerConfigKeys (ConfUtils.java:logGet(43)) - raft.server.rpcslowness.timeout = 120s (custom)
2019-11-13 16:20:42,097 [pool-209-thread-1] INFO  server.RaftServerConfigKeys (ConfUtils.java:logGet(43)) - raft.server.sleep.deviation.threshold = 300 (default)
2019-11-13 16:20:42,097 [pool-209-thread-1] INFO  server.RaftServerConfigKeys (ConfUtils.java:logGet(43)) - raft.server.log.appender.install.snapshot.enabled = false (custom)
2019-11-13 16:20:42,097 [pool-209-thread-1] INFO  impl.RaftServerImpl (ServerState.java:<init>(103)) - ece9b524-37b5-4407-b642-ea356430eaaa@group-85FB279ED143: ConfigurationManager, init=-1: [ece9b524-37b5-4407-b642-ea356430eaaa:192.168.69.122:40942], old=null, confs=<EMPTY_MAP>
2019-11-13 16:20:42,097 [pool-209-thread-1] INFO  server.RaftServerConfigKeys (ConfUtils.java:logGet(43)) - raft.server.storage.dir = [/workdir/hadoop-ozone/integration-test/target/test-dir/MiniOzoneClusterImpl-3a974f43-0da0-4ff7-ab4a-31bb81b91875/datanode-6/data/ratis] (custom)
2019-11-13 16:20:42,097 [pool-209-thread-1] INFO  server.RaftServerConfigKeys (ConfUtils.java:logGet(43)) - raft.server.log.corruption.policy = EXCEPTION (default)
2019-11-13 16:20:42,098 [pool-209-thread-1] INFO  storage.RaftStorageDirectory (RaftStorageDirectory.java:analyzeStorage(246)) - The storage directory /workdir/hadoop-ozone/integration-test/target/test-dir/MiniOzoneClusterImpl-3a974f43-0da0-4ff7-ab4a-31bb81b91875/datanode-6/data/ratis/422561f9-870e-4ded-a912-85fb279ed143 does not exist. Creating ...
2019-11-13 16:20:42,124 [pool-209-thread-1] INFO  storage.RaftStorageDirectory (RaftStorageDirectory.java:tryLock(328)) - Lock on /workdir/hadoop-ozone/integration-test/target/test-dir/MiniOzoneClusterImpl-3a974f43-0da0-4ff7-ab4a-31bb81b91875/datanode-6/data/ratis/422561f9-870e-4ded-a912-85fb279ed143/in_use.lock acquired by nodename 22372@pr-hdds-2467-gc456-181853687
2019-11-13 16:20:42,149 [pool-209-thread-1] INFO  storage.RaftStorage (RaftStorage.java:format(84)) - Storage directory /workdir/hadoop-ozone/integration-test/target/test-dir/MiniOzoneClusterImpl-3a974f43-0da0-4ff7-ab4a-31bb81b91875/datanode-6/data/ratis/422561f9-870e-4ded-a912-85fb279ed143 has been successfully formatted.
2019-11-13 16:20:42,149 [pool-209-thread-1] INFO  ratis.ContainerStateMachine (ContainerStateMachine.java:loadSnapshot(223)) - group-85FB279ED143: The snapshot info is null. Setting the last applied indexto:(t:0, i:~)
2019-11-13 16:20:42,150 [pool-209-thread-1] INFO  server.RaftServerConfigKeys (ConfUtils.java:logGet(43)) - raft.server.notification.no-leader.timeout = 120s (custom)
2019-11-13 16:20:42,150 [pool-209-thread-1] INFO  server.RaftServerConfigKeys (ConfUtils.java:logGet(43)) - raft.server.log.use.memory = false (default)
2019-11-13 16:20:42,150 [pool-209-thread-1] INFO  server.RaftServerConfigKeys (ConfUtils.java:logGet(43)) - raft.server.log.purge.gap = 1000000 (custom)
2019-11-13 16:20:42,150 [pool-209-thread-1] INFO  server.RaftServerConfigKeys (ConfUtils.java:logGet(43)) - raft.server.log.appender.buffer.byte-limit = 33554432 (custom)
2019-11-13 16:20:42,150 [pool-209-thread-1] INFO  server.RaftServerConfigKeys (ConfUtils.java:logGet(43)) - raft.server.log.segment.size.max = 1048576 (custom)
2019-11-13 16:20:42,150 [pool-209-thread-1] INFO  server.RaftServerConfigKeys (ConfUtils.java:logGet(43)) - raft.server.log.segment.cache.num.max = 2 (custom)
2019-11-13 16:20:42,150 [pool-209-thread-1] INFO  segmented.SegmentedRaftLogWorker (SegmentedRaftLogWorker.java:<init>(173)) - new ece9b524-37b5-4407-b642-ea356430eaaa@group-85FB279ED143-SegmentedRaftLogWorker for RaftStorage:Storage Directory /workdir/hadoop-ozone/integration-test/target/test-dir/MiniOzoneClusterImpl-3a974f43-0da0-4ff7-ab4a-31bb81b91875/datanode-6/data/ratis/422561f9-870e-4ded-a912-85fb279ed143
2019-11-13 16:20:42,150 [pool-209-thread-1] INFO  server.RaftServerConfigKeys (ConfUtils.java:logGet(43)) - raft.server.log.queue.byte-limit = 2147483647 (custom)
2019-11-13 16:20:42,150 [pool-209-thread-1] INFO  server.RaftServerConfigKeys (ConfUtils.java:logGet(43)) - raft.server.log.queue.element-limit = 1024 (custom)
2019-11-13 16:20:42,151 [pool-209-thread-1] INFO  server.RaftServerConfigKeys (ConfUtils.java:logGet(43)) - raft.server.log.segment.size.max = 1048576 (custom)
2019-11-13 16:20:42,151 [pool-209-thread-1] INFO  server.RaftServerConfigKeys (ConfUtils.java:logGet(43)) - raft.server.log.preallocated.size = 16384 (custom)
2019-11-13 16:20:42,151 [pool-209-thread-1] INFO  server.RaftServerConfigKeys (ConfUtils.java:logGet(43)) - raft.server.log.write.buffer.size = 33554432 (custom)
2019-11-13 16:20:42,151 [pool-209-thread-1] INFO  server.RaftServerConfigKeys (ConfUtils.java:logGet(43)) - raft.server.log.force.sync.num = 128 (default)
2019-11-13 16:20:42,151 [pool-209-thread-1] INFO  server.RaftServerConfigKeys (ConfUtils.java:logGet(43)) - raft.server.log.statemachine.data.sync = true (default)
2019-11-13 16:20:42,151 [pool-209-thread-1] INFO  server.RaftServerConfigKeys (ConfUtils.java:logGet(43)) - raft.server.log.statemachine.data.sync.timeout = 10s (default)
2019-11-13 16:20:42,151 [pool-209-thread-1] INFO  server.RaftServerConfigKeys (ConfUtils.java:logGet(43)) - raft.server.log.statemachine.data.sync.timeout.retry = -1 (default)
2019-11-13 16:20:42,151 [pool-209-thread-1] INFO  server.RaftServerConfigKeys (ConfUtils.java:logGet(43)) - raft.server.log.statemachine.data.caching.enabled = true (custom)
2019-11-13 16:20:42,151 [pool-209-thread-1] INFO  segmented.SegmentedRaftLogWorker (SegmentedRaftLogWorker.java:lambda$new$0(128)) - ece9b524-37b5-4407-b642-ea356430eaaa@group-85FB279ED143-SegmentedRaftLogWorker: flushIndex: setUnconditionally 0 -> -1
2019-11-13 16:20:42,152 [pool-209-thread-1] INFO  server.RaftServerConfigKeys (ConfUtils.java:logGet(43)) - raft.server.snapshot.auto.trigger.enabled = true (custom)
2019-11-13 16:20:42,152 [pool-209-thread-1] INFO  server.RaftServerConfigKeys (ConfUtils.java:logGet(43)) - raft.server.snapshot.auto.trigger.threshold = 10000 (custom)
2019-11-13 16:20:42,152 [pool-209-thread-1] INFO  server.RaftServerConfigKeys (ConfUtils.java:logGet(43)) - raft.server.snapshot.retention.file.num = 5 (custom)
2019-11-13 16:20:42,152 [pool-209-thread-1] INFO  server.RaftServerConfigKeys (ConfUtils.java:logGet(43)) - raft.server.retrycache.expirytime = 600000ms (custom)
2019-11-13 16:20:42,152 [pool-209-thread-1] WARN  impl.MetricRegistriesImpl (MetricRegistriesImpl.java:lambda$create$1(61)) - First MetricRegistry has been created without registering reporters. You may need to call MetricRegistries.global().addReportRegistration(...) before.
2019-11-13 16:20:42,152 [pool-209-thread-1] WARN  impl.MetricRegistriesImpl (MetricRegistriesImpl.java:lambda$create$1(61)) - First MetricRegistry has been created without registering reporters. You may need to call MetricRegistries.global().addReportRegistration(...) before.
2019-11-13 16:20:42,152 [pool-209-thread-1] INFO  impl.RaftServerImpl (RaftServerImpl.java:start(184)) - ece9b524-37b5-4407-b642-ea356430eaaa@group-85FB279ED143: start as a follower, conf=-1: [ece9b524-37b5-4407-b642-ea356430eaaa:192.168.69.122:40942], old=null
2019-11-13 16:20:42,152 [pool-209-thread-1] INFO  impl.RaftServerImpl (RaftServerImpl.java:setRole(173)) - ece9b524-37b5-4407-b642-ea356430eaaa@group-85FB279ED143: changes role from      null to FOLLOWER at term 0 for startAsFollower
2019-11-13 16:20:42,153 [pool-209-thread-1] INFO  impl.RoleInfo (RoleInfo.java:updateAndGet(143)) - ece9b524-37b5-4407-b642-ea356430eaaa: start FollowerState
2019-11-13 16:20:42,153 [pool-209-thread-1] INFO  util.JmxRegister (JmxRegister.java:tryRegister(44)) - Successfully registered JMX Bean with object name Ratis:service=RaftServer,group=group-85FB279ED143,id=ece9b524-37b5-4407-b642-ea356430eaaa
2019-11-13 16:20:42,153 [pool-209-thread-1] WARN  impl.MetricRegistriesImpl (MetricRegistriesImpl.java:lambda$create$1(61)) - First MetricRegistry has been created without registering reporters. You may need to call MetricRegistries.global().addReportRegistration(...) before.
2019-11-13 16:20:42,155 [RatisPipelineUtilsThread] INFO  pipeline.PipelineStateManager (PipelineStateManager.java:addPipeline(55)) - Created pipeline Pipeline[ Id: 422561f9-870e-4ded-a912-85fb279ed143, Nodes: ece9b524-37b5-4407-b642-ea356430eaaa{ip: 192.168.69.122, host: pr-hdds-2467-gc456-181853687, networkLocation: /rack1, certSerialId: null}, Type:RATIS, Factor:ONE, State:ALLOCATED]
2019-11-13 16:20:42,164 [grpc-default-executor-3] INFO  impl.RaftServerProxy (RaftServerProxy.java:addNew(89)) - a3f5b1ff-5ddb-40c7-8bbd-1ae7c3cdb433: addNew group-E9FCA3F5F81B:[a3f5b1ff-5ddb-40c7-8bbd-1ae7c3cdb433:192.168.69.122:40390] returns group-E9FCA3F5F81B:java.util.concurrent.CompletableFuture@50b4f332[Not completed]
2019-11-13 16:20:42,165 [pool-219-thread-1] INFO  impl.RaftServerImpl (RaftServerImpl.java:<init>(98)) - a3f5b1ff-5ddb-40c7-8bbd-1ae7c3cdb433: new RaftServerImpl for group-E9FCA3F5F81B:[a3f5b1ff-5ddb-40c7-8bbd-1ae7c3cdb433:192.168.69.122:40390] with ContainerStateMachine:uninitialized
2019-11-13 16:20:42,165 [pool-219-thread-1] INFO  server.RaftServerConfigKeys (ConfUtils.java:logGet(43)) - raft.server.rpc.timeout.min = 1s (custom)
2019-11-13 16:20:42,165 [pool-219-thread-1] INFO  server.RaftServerConfigKeys (ConfUtils.java:logGet(43)) - raft.server.rpc.timeout.max = 1200ms (custom)
2019-11-13 16:20:42,165 [pool-219-thread-1] INFO  server.RaftServerConfigKeys (ConfUtils.java:logGet(43)) - raft.server.rpcslowness.timeout = 120s (custom)
2019-11-13 16:20:42,165 [pool-219-thread-1] INFO  server.RaftServerConfigKeys (ConfUtils.java:logGet(43)) - raft.server.sleep.deviation.threshold = 300 (default)
2019-11-13 16:20:42,165 [pool-219-thread-1] INFO  server.RaftServerConfigKeys (ConfUtils.java:logGet(43)) - raft.server.log.appender.install.snapshot.enabled = false (custom)
2019-11-13 16:20:42,166 [pool-219-thread-1] INFO  impl.RaftServerImpl (ServerState.java:<init>(103)) - a3f5b1ff-5ddb-40c7-8bbd-1ae7c3cdb433@group-E9FCA3F5F81B: ConfigurationManager, init=-1: [a3f5b1ff-5ddb-40c7-8bbd-1ae7c3cdb433:192.168.69.122:40390], old=null, confs=<EMPTY_MAP>
2019-11-13 16:20:42,166 [pool-219-thread-1] INFO  server.RaftServerConfigKeys (ConfUtils.java:logGet(43)) - raft.server.storage.dir = [/workdir/hadoop-ozone/integration-test/target/test-dir/MiniOzoneClusterImpl-3a974f43-0da0-4ff7-ab4a-31bb81b91875/datanode-7/data/ratis] (custom)
2019-11-13 16:20:42,166 [pool-219-thread-1] INFO  server.RaftServerConfigKeys (ConfUtils.java:logGet(43)) - raft.server.log.corruption.policy = EXCEPTION (default)
2019-11-13 16:20:42,166 [pool-219-thread-1] INFO  storage.RaftStorageDirectory (RaftStorageDirectory.java:analyzeStorage(246)) - The storage directory /workdir/hadoop-ozone/integration-test/target/test-dir/MiniOzoneClusterImpl-3a974f43-0da0-4ff7-ab4a-31bb81b91875/datanode-7/data/ratis/45ddc8ee-0fee-43f7-b331-e9fca3f5f81b does not exist. Creating ...
2019-11-13 16:20:42,177 [IPC Server handler 8 on 43211] INFO  net.NetworkTopology (NetworkTopologyImpl.java:add(111)) - Added a new node: /rack1/d45a2df2-8f38-43ec-9df7-e5c52ac58263
2019-11-13 16:20:42,177 [IPC Server handler 8 on 43211] INFO  node.SCMNodeManager (SCMNodeManager.java:register(267)) - Registered Data node : d45a2df2-8f38-43ec-9df7-e5c52ac58263{ip: 192.168.69.122, host: pr-hdds-2467-gc456-181853687, networkLocation: /rack1, certSerialId: null}
2019-11-13 16:20:42,191 [pool-219-thread-1] INFO  storage.RaftStorageDirectory (RaftStorageDirectory.java:tryLock(328)) - Lock on /workdir/hadoop-ozone/integration-test/target/test-dir/MiniOzoneClusterImpl-3a974f43-0da0-4ff7-ab4a-31bb81b91875/datanode-7/data/ratis/45ddc8ee-0fee-43f7-b331-e9fca3f5f81b/in_use.lock acquired by nodename 22372@pr-hdds-2467-gc456-181853687
2019-11-13 16:20:42,217 [pool-219-thread-1] INFO  storage.RaftStorage (RaftStorage.java:format(84)) - Storage directory /workdir/hadoop-ozone/integration-test/target/test-dir/MiniOzoneClusterImpl-3a974f43-0da0-4ff7-ab4a-31bb81b91875/datanode-7/data/ratis/45ddc8ee-0fee-43f7-b331-e9fca3f5f81b has been successfully formatted.
2019-11-13 16:20:42,217 [pool-219-thread-1] INFO  ratis.ContainerStateMachine (ContainerStateMachine.java:loadSnapshot(223)) - group-E9FCA3F5F81B: The snapshot info is null. Setting the last applied indexto:(t:0, i:~)
2019-11-13 16:20:42,217 [pool-219-thread-1] INFO  server.RaftServerConfigKeys (ConfUtils.java:logGet(43)) - raft.server.notification.no-leader.timeout = 120s (custom)
2019-11-13 16:20:42,217 [pool-219-thread-1] INFO  server.RaftServerConfigKeys (ConfUtils.java:logGet(43)) - raft.server.log.use.memory = false (default)
2019-11-13 16:20:42,217 [pool-219-thread-1] INFO  server.RaftServerConfigKeys (ConfUtils.java:logGet(43)) - raft.server.log.purge.gap = 1000000 (custom)
2019-11-13 16:20:42,217 [pool-219-thread-1] INFO  server.RaftServerConfigKeys (ConfUtils.java:logGet(43)) - raft.server.log.appender.buffer.byte-limit = 33554432 (custom)
2019-11-13 16:20:42,218 [pool-219-thread-1] INFO  server.RaftServerConfigKeys (ConfUtils.java:logGet(43)) - raft.server.log.segment.size.max = 1048576 (custom)
2019-11-13 16:20:42,218 [pool-219-thread-1] WARN  impl.MetricRegistriesImpl (MetricRegistriesImpl.java:lambda$create$1(61)) - First MetricRegistry has been created without registering reporters. You may need to call MetricRegistries.global().addReportRegistration(...) before.
2019-11-13 16:20:42,218 [pool-219-thread-1] INFO  server.RaftServerConfigKeys (ConfUtils.java:logGet(43)) - raft.server.log.segment.cache.num.max = 2 (custom)
2019-11-13 16:20:42,218 [pool-219-thread-1] INFO  segmented.SegmentedRaftLogWorker (SegmentedRaftLogWorker.java:<init>(173)) - new a3f5b1ff-5ddb-40c7-8bbd-1ae7c3cdb433@group-E9FCA3F5F81B-SegmentedRaftLogWorker for RaftStorage:Storage Directory /workdir/hadoop-ozone/integration-test/target/test-dir/MiniOzoneClusterImpl-3a974f43-0da0-4ff7-ab4a-31bb81b91875/datanode-7/data/ratis/45ddc8ee-0fee-43f7-b331-e9fca3f5f81b
2019-11-13 16:20:42,218 [pool-219-thread-1] INFO  server.RaftServerConfigKeys (ConfUtils.java:logGet(43)) - raft.server.log.queue.byte-limit = 2147483647 (custom)
2019-11-13 16:20:42,218 [pool-219-thread-1] INFO  server.RaftServerConfigKeys (ConfUtils.java:logGet(43)) - raft.server.log.queue.element-limit = 1024 (custom)
2019-11-13 16:20:42,218 [pool-219-thread-1] INFO  server.RaftServerConfigKeys (ConfUtils.java:logGet(43)) - raft.server.log.segment.size.max = 1048576 (custom)
2019-11-13 16:20:42,218 [pool-219-thread-1] INFO  server.RaftServerConfigKeys (ConfUtils.java:logGet(43)) - raft.server.log.preallocated.size = 16384 (custom)
2019-11-13 16:20:42,218 [pool-219-thread-1] INFO  server.RaftServerConfigKeys (ConfUtils.java:logGet(43)) - raft.server.log.write.buffer.size = 33554432 (custom)
2019-11-13 16:20:42,218 [pool-219-thread-1] INFO  server.RaftServerConfigKeys (ConfUtils.java:logGet(43)) - raft.server.log.force.sync.num = 128 (default)
2019-11-13 16:20:42,219 [pool-219-thread-1] INFO  server.RaftServerConfigKeys (ConfUtils.java:logGet(43)) - raft.server.log.statemachine.data.sync = true (default)
2019-11-13 16:20:42,219 [pool-219-thread-1] INFO  server.RaftServerConfigKeys (ConfUtils.java:logGet(43)) - raft.server.log.statemachine.data.sync.timeout = 10s (default)
2019-11-13 16:20:42,219 [pool-219-thread-1] INFO  server.RaftServerConfigKeys (ConfUtils.java:logGet(43)) - raft.server.log.statemachine.data.sync.timeout.retry = -1 (default)
2019-11-13 16:20:42,219 [pool-219-thread-1] INFO  server.RaftServerConfigKeys (ConfUtils.java:logGet(43)) - raft.server.log.statemachine.data.caching.enabled = true (custom)
2019-11-13 16:20:42,219 [pool-219-thread-1] INFO  segmented.SegmentedRaftLogWorker (SegmentedRaftLogWorker.java:lambda$new$0(128)) - a3f5b1ff-5ddb-40c7-8bbd-1ae7c3cdb433@group-E9FCA3F5F81B-SegmentedRaftLogWorker: flushIndex: setUnconditionally 0 -> -1
2019-11-13 16:20:42,219 [pool-219-thread-1] INFO  server.RaftServerConfigKeys (ConfUtils.java:logGet(43)) - raft.server.snapshot.auto.trigger.enabled = true (custom)
2019-11-13 16:20:42,220 [pool-219-thread-1] INFO  server.RaftServerConfigKeys (ConfUtils.java:logGet(43)) - raft.server.snapshot.auto.trigger.threshold = 10000 (custom)
2019-11-13 16:20:42,220 [pool-219-thread-1] INFO  server.RaftServerConfigKeys (ConfUtils.java:logGet(43)) - raft.server.snapshot.retention.file.num = 5 (custom)
2019-11-13 16:20:42,220 [pool-219-thread-1] INFO  server.RaftServerConfigKeys (ConfUtils.java:logGet(43)) - raft.server.retrycache.expirytime = 600000ms (custom)
2019-11-13 16:20:42,220 [pool-219-thread-1] WARN  impl.MetricRegistriesImpl (MetricRegistriesImpl.java:lambda$create$1(61)) - First MetricRegistry has been created without registering reporters. You may need to call MetricRegistries.global().addReportRegistration(...) before.
2019-11-13 16:20:42,220 [pool-219-thread-1] WARN  impl.MetricRegistriesImpl (MetricRegistriesImpl.java:lambda$create$1(61)) - First MetricRegistry has been created without registering reporters. You may need to call MetricRegistries.global().addReportRegistration(...) before.
2019-11-13 16:20:42,220 [pool-219-thread-1] INFO  impl.RaftServerImpl (RaftServerImpl.java:start(184)) - a3f5b1ff-5ddb-40c7-8bbd-1ae7c3cdb433@group-E9FCA3F5F81B: start as a follower, conf=-1: [a3f5b1ff-5ddb-40c7-8bbd-1ae7c3cdb433:192.168.69.122:40390], old=null
2019-11-13 16:20:42,220 [pool-219-thread-1] INFO  impl.RaftServerImpl (RaftServerImpl.java:setRole(173)) - a3f5b1ff-5ddb-40c7-8bbd-1ae7c3cdb433@group-E9FCA3F5F81B: changes role from      null to FOLLOWER at term 0 for startAsFollower
2019-11-13 16:20:42,220 [pool-219-thread-1] INFO  impl.RoleInfo (RoleInfo.java:updateAndGet(143)) - a3f5b1ff-5ddb-40c7-8bbd-1ae7c3cdb433: start FollowerState
2019-11-13 16:20:42,221 [pool-219-thread-1] INFO  util.JmxRegister (JmxRegister.java:tryRegister(44)) - Successfully registered JMX Bean with object name Ratis:service=RaftServer,group=group-E9FCA3F5F81B,id=a3f5b1ff-5ddb-40c7-8bbd-1ae7c3cdb433
2019-11-13 16:20:42,221 [pool-219-thread-1] WARN  impl.MetricRegistriesImpl (MetricRegistriesImpl.java:lambda$create$1(61)) - First MetricRegistry has been created without registering reporters. You may need to call MetricRegistries.global().addReportRegistration(...) before.
2019-11-13 16:20:42,224 [RatisPipelineUtilsThread] INFO  pipeline.PipelineStateManager (PipelineStateManager.java:addPipeline(55)) - Created pipeline Pipeline[ Id: 45ddc8ee-0fee-43f7-b331-e9fca3f5f81b, Nodes: a3f5b1ff-5ddb-40c7-8bbd-1ae7c3cdb433{ip: 192.168.69.122, host: pr-hdds-2467-gc456-181853687, networkLocation: /rack1, certSerialId: null}, Type:RATIS, Factor:ONE, State:ALLOCATED]
2019-11-13 16:20:42,234 [grpc-default-executor-3] INFO  impl.RaftServerProxy (RaftServerProxy.java:addNew(89)) - d45a2df2-8f38-43ec-9df7-e5c52ac58263: addNew group-3F70BE9635D3:[d45a2df2-8f38-43ec-9df7-e5c52ac58263:192.168.69.122:44126] returns group-3F70BE9635D3:java.util.concurrent.CompletableFuture@306809b7[Not completed]
2019-11-13 16:20:42,236 [pool-229-thread-1] INFO  impl.RaftServerImpl (RaftServerImpl.java:<init>(98)) - d45a2df2-8f38-43ec-9df7-e5c52ac58263: new RaftServerImpl for group-3F70BE9635D3:[d45a2df2-8f38-43ec-9df7-e5c52ac58263:192.168.69.122:44126] with ContainerStateMachine:uninitialized
2019-11-13 16:20:42,236 [pool-229-thread-1] INFO  server.RaftServerConfigKeys (ConfUtils.java:logGet(43)) - raft.server.rpc.timeout.min = 1s (custom)
2019-11-13 16:20:42,236 [pool-229-thread-1] INFO  server.RaftServerConfigKeys (ConfUtils.java:logGet(43)) - raft.server.rpc.timeout.max = 1200ms (custom)
2019-11-13 16:20:42,236 [pool-229-thread-1] INFO  server.RaftServerConfigKeys (ConfUtils.java:logGet(43)) - raft.server.rpcslowness.timeout = 120s (custom)
2019-11-13 16:20:42,236 [pool-229-thread-1] INFO  server.RaftServerConfigKeys (ConfUtils.java:logGet(43)) - raft.server.sleep.deviation.threshold = 300 (default)
2019-11-13 16:20:42,236 [pool-229-thread-1] INFO  server.RaftServerConfigKeys (ConfUtils.java:logGet(43)) - raft.server.log.appender.install.snapshot.enabled = false (custom)
2019-11-13 16:20:42,236 [pool-229-thread-1] INFO  impl.RaftServerImpl (ServerState.java:<init>(103)) - d45a2df2-8f38-43ec-9df7-e5c52ac58263@group-3F70BE9635D3: ConfigurationManager, init=-1: [d45a2df2-8f38-43ec-9df7-e5c52ac58263:192.168.69.122:44126], old=null, confs=<EMPTY_MAP>
2019-11-13 16:20:42,237 [pool-229-thread-1] INFO  server.RaftServerConfigKeys (ConfUtils.java:logGet(43)) - raft.server.storage.dir = [/workdir/hadoop-ozone/integration-test/target/test-dir/MiniOzoneClusterImpl-3a974f43-0da0-4ff7-ab4a-31bb81b91875/datanode-8/data/ratis] (custom)
2019-11-13 16:20:42,237 [pool-229-thread-1] INFO  server.RaftServerConfigKeys (ConfUtils.java:logGet(43)) - raft.server.log.corruption.policy = EXCEPTION (default)
2019-11-13 16:20:42,237 [pool-229-thread-1] INFO  storage.RaftStorageDirectory (RaftStorageDirectory.java:analyzeStorage(246)) - The storage directory /workdir/hadoop-ozone/integration-test/target/test-dir/MiniOzoneClusterImpl-3a974f43-0da0-4ff7-ab4a-31bb81b91875/datanode-8/data/ratis/0be7bec2-a286-4437-bb5b-3f70be9635d3 does not exist. Creating ...
2019-11-13 16:20:42,259 [pool-229-thread-1] INFO  storage.RaftStorageDirectory (RaftStorageDirectory.java:tryLock(328)) - Lock on /workdir/hadoop-ozone/integration-test/target/test-dir/MiniOzoneClusterImpl-3a974f43-0da0-4ff7-ab4a-31bb81b91875/datanode-8/data/ratis/0be7bec2-a286-4437-bb5b-3f70be9635d3/in_use.lock acquired by nodename 22372@pr-hdds-2467-gc456-181853687
2019-11-13 16:20:42,264 [IPC Server handler 9 on 43211] INFO  net.NetworkTopology (NetworkTopologyImpl.java:add(111)) - Added a new node: /rack1/51f65b1e-ef83-4984-94ab-4ebc9e8c8658
2019-11-13 16:20:42,264 [IPC Server handler 9 on 43211] INFO  node.SCMNodeManager (SCMNodeManager.java:register(267)) - Registered Data node : 51f65b1e-ef83-4984-94ab-4ebc9e8c8658{ip: 192.168.69.122, host: pr-hdds-2467-gc456-181853687, networkLocation: /rack1, certSerialId: null}
2019-11-13 16:20:42,284 [pool-229-thread-1] INFO  storage.RaftStorage (RaftStorage.java:format(84)) - Storage directory /workdir/hadoop-ozone/integration-test/target/test-dir/MiniOzoneClusterImpl-3a974f43-0da0-4ff7-ab4a-31bb81b91875/datanode-8/data/ratis/0be7bec2-a286-4437-bb5b-3f70be9635d3 has been successfully formatted.
2019-11-13 16:20:42,285 [pool-229-thread-1] INFO  ratis.ContainerStateMachine (ContainerStateMachine.java:loadSnapshot(223)) - group-3F70BE9635D3: The snapshot info is null. Setting the last applied indexto:(t:0, i:~)
2019-11-13 16:20:42,285 [pool-229-thread-1] INFO  server.RaftServerConfigKeys (ConfUtils.java:logGet(43)) - raft.server.notification.no-leader.timeout = 120s (custom)
2019-11-13 16:20:42,285 [pool-229-thread-1] INFO  server.RaftServerConfigKeys (ConfUtils.java:logGet(43)) - raft.server.log.use.memory = false (default)
2019-11-13 16:20:42,285 [pool-229-thread-1] INFO  server.RaftServerConfigKeys (ConfUtils.java:logGet(43)) - raft.server.log.purge.gap = 1000000 (custom)
2019-11-13 16:20:42,285 [pool-229-thread-1] INFO  server.RaftServerConfigKeys (ConfUtils.java:logGet(43)) - raft.server.log.appender.buffer.byte-limit = 33554432 (custom)
2019-11-13 16:20:42,285 [pool-229-thread-1] INFO  server.RaftServerConfigKeys (ConfUtils.java:logGet(43)) - raft.server.log.segment.size.max = 1048576 (custom)
2019-11-13 16:20:42,286 [pool-229-thread-1] WARN  impl.MetricRegistriesImpl (MetricRegistriesImpl.java:lambda$create$1(61)) - First MetricRegistry has been created without registering reporters. You may need to call MetricRegistries.global().addReportRegistration(...) before.
2019-11-13 16:20:42,286 [pool-229-thread-1] INFO  server.RaftServerConfigKeys (ConfUtils.java:logGet(43)) - raft.server.log.segment.cache.num.max = 2 (custom)
2019-11-13 16:20:42,286 [pool-229-thread-1] INFO  segmented.SegmentedRaftLogWorker (SegmentedRaftLogWorker.java:<init>(173)) - new d45a2df2-8f38-43ec-9df7-e5c52ac58263@group-3F70BE9635D3-SegmentedRaftLogWorker for RaftStorage:Storage Directory /workdir/hadoop-ozone/integration-test/target/test-dir/MiniOzoneClusterImpl-3a974f43-0da0-4ff7-ab4a-31bb81b91875/datanode-8/data/ratis/0be7bec2-a286-4437-bb5b-3f70be9635d3
2019-11-13 16:20:42,286 [pool-229-thread-1] INFO  server.RaftServerConfigKeys (ConfUtils.java:logGet(43)) - raft.server.log.queue.byte-limit = 2147483647 (custom)
2019-11-13 16:20:42,286 [pool-229-thread-1] INFO  server.RaftServerConfigKeys (ConfUtils.java:logGet(43)) - raft.server.log.queue.element-limit = 1024 (custom)
2019-11-13 16:20:42,286 [pool-229-thread-1] INFO  server.RaftServerConfigKeys (ConfUtils.java:logGet(43)) - raft.server.log.segment.size.max = 1048576 (custom)
2019-11-13 16:20:42,286 [pool-229-thread-1] INFO  server.RaftServerConfigKeys (ConfUtils.java:logGet(43)) - raft.server.log.preallocated.size = 16384 (custom)
2019-11-13 16:20:42,286 [pool-229-thread-1] INFO  server.RaftServerConfigKeys (ConfUtils.java:logGet(43)) - raft.server.log.write.buffer.size = 33554432 (custom)
2019-11-13 16:20:42,287 [pool-229-thread-1] INFO  server.RaftServerConfigKeys (ConfUtils.java:logGet(43)) - raft.server.log.force.sync.num = 128 (default)
2019-11-13 16:20:42,287 [pool-229-thread-1] INFO  server.RaftServerConfigKeys (ConfUtils.java:logGet(43)) - raft.server.log.statemachine.data.sync = true (default)
2019-11-13 16:20:42,287 [pool-229-thread-1] INFO  server.RaftServerConfigKeys (ConfUtils.java:logGet(43)) - raft.server.log.statemachine.data.sync.timeout = 10s (default)
2019-11-13 16:20:42,287 [pool-229-thread-1] INFO  server.RaftServerConfigKeys (ConfUtils.java:logGet(43)) - raft.server.log.statemachine.data.sync.timeout.retry = -1 (default)
2019-11-13 16:20:42,287 [pool-229-thread-1] INFO  server.RaftServerConfigKeys (ConfUtils.java:logGet(43)) - raft.server.log.statemachine.data.caching.enabled = true (custom)
2019-11-13 16:20:42,288 [pool-229-thread-1] INFO  segmented.SegmentedRaftLogWorker (SegmentedRaftLogWorker.java:lambda$new$0(128)) - d45a2df2-8f38-43ec-9df7-e5c52ac58263@group-3F70BE9635D3-SegmentedRaftLogWorker: flushIndex: setUnconditionally 0 -> -1
2019-11-13 16:20:42,288 [pool-229-thread-1] INFO  server.RaftServerConfigKeys (ConfUtils.java:logGet(43)) - raft.server.snapshot.auto.trigger.enabled = true (custom)
2019-11-13 16:20:42,288 [pool-229-thread-1] INFO  server.RaftServerConfigKeys (ConfUtils.java:logGet(43)) - raft.server.snapshot.auto.trigger.threshold = 10000 (custom)
2019-11-13 16:20:42,288 [pool-229-thread-1] INFO  server.RaftServerConfigKeys (ConfUtils.java:logGet(43)) - raft.server.snapshot.retention.file.num = 5 (custom)
2019-11-13 16:20:42,288 [pool-229-thread-1] INFO  server.RaftServerConfigKeys (ConfUtils.java:logGet(43)) - raft.server.retrycache.expirytime = 600000ms (custom)
2019-11-13 16:20:42,288 [pool-229-thread-1] WARN  impl.MetricRegistriesImpl (MetricRegistriesImpl.java:lambda$create$1(61)) - First MetricRegistry has been created without registering reporters. You may need to call MetricRegistries.global().addReportRegistration(...) before.
2019-11-13 16:20:42,289 [pool-229-thread-1] WARN  impl.MetricRegistriesImpl (MetricRegistriesImpl.java:lambda$create$1(61)) - First MetricRegistry has been created without registering reporters. You may need to call MetricRegistries.global().addReportRegistration(...) before.
2019-11-13 16:20:42,289 [pool-229-thread-1] INFO  impl.RaftServerImpl (RaftServerImpl.java:start(184)) - d45a2df2-8f38-43ec-9df7-e5c52ac58263@group-3F70BE9635D3: start as a follower, conf=-1: [d45a2df2-8f38-43ec-9df7-e5c52ac58263:192.168.69.122:44126], old=null
2019-11-13 16:20:42,289 [pool-229-thread-1] INFO  impl.RaftServerImpl (RaftServerImpl.java:setRole(173)) - d45a2df2-8f38-43ec-9df7-e5c52ac58263@group-3F70BE9635D3: changes role from      null to FOLLOWER at term 0 for startAsFollower
2019-11-13 16:20:42,289 [pool-229-thread-1] INFO  impl.RoleInfo (RoleInfo.java:updateAndGet(143)) - d45a2df2-8f38-43ec-9df7-e5c52ac58263: start FollowerState
2019-11-13 16:20:42,290 [pool-229-thread-1] INFO  util.JmxRegister (JmxRegister.java:tryRegister(44)) - Successfully registered JMX Bean with object name Ratis:service=RaftServer,group=group-3F70BE9635D3,id=d45a2df2-8f38-43ec-9df7-e5c52ac58263
2019-11-13 16:20:42,290 [pool-229-thread-1] WARN  impl.MetricRegistriesImpl (MetricRegistriesImpl.java:lambda$create$1(61)) - First MetricRegistry has been created without registering reporters. You may need to call MetricRegistries.global().addReportRegistration(...) before.
2019-11-13 16:20:42,293 [RatisPipelineUtilsThread] INFO  pipeline.PipelineStateManager (PipelineStateManager.java:addPipeline(55)) - Created pipeline Pipeline[ Id: 0be7bec2-a286-4437-bb5b-3f70be9635d3, Nodes: d45a2df2-8f38-43ec-9df7-e5c52ac58263{ip: 192.168.69.122, host: pr-hdds-2467-gc456-181853687, networkLocation: /rack1, certSerialId: null}, Type:RATIS, Factor:ONE, State:ALLOCATED]
2019-11-13 16:20:42,301 [grpc-default-executor-3] INFO  impl.RaftServerProxy (RaftServerProxy.java:addNew(89)) - 285e9247-2161-496e-af81-9a87b6b231d9: addNew group-2F3AC73264DC:[285e9247-2161-496e-af81-9a87b6b231d9:192.168.69.122:38616] returns group-2F3AC73264DC:java.util.concurrent.CompletableFuture@69d5e0eb[Not completed]
2019-11-13 16:20:42,303 [pool-199-thread-1] INFO  impl.RaftServerImpl (RaftServerImpl.java:<init>(98)) - 285e9247-2161-496e-af81-9a87b6b231d9: new RaftServerImpl for group-2F3AC73264DC:[285e9247-2161-496e-af81-9a87b6b231d9:192.168.69.122:38616] with ContainerStateMachine:uninitialized
2019-11-13 16:20:42,303 [pool-199-thread-1] INFO  server.RaftServerConfigKeys (ConfUtils.java:logGet(43)) - raft.server.rpc.timeout.min = 1s (custom)
2019-11-13 16:20:42,303 [pool-199-thread-1] INFO  server.RaftServerConfigKeys (ConfUtils.java:logGet(43)) - raft.server.rpc.timeout.max = 1200ms (custom)
2019-11-13 16:20:42,303 [pool-199-thread-1] INFO  server.RaftServerConfigKeys (ConfUtils.java:logGet(43)) - raft.server.rpcslowness.timeout = 120s (custom)
2019-11-13 16:20:42,303 [pool-199-thread-1] INFO  server.RaftServerConfigKeys (ConfUtils.java:logGet(43)) - raft.server.sleep.deviation.threshold = 300 (default)
2019-11-13 16:20:42,303 [pool-199-thread-1] INFO  server.RaftServerConfigKeys (ConfUtils.java:logGet(43)) - raft.server.log.appender.install.snapshot.enabled = false (custom)
2019-11-13 16:20:42,304 [pool-199-thread-1] INFO  impl.RaftServerImpl (ServerState.java:<init>(103)) - 285e9247-2161-496e-af81-9a87b6b231d9@group-2F3AC73264DC: ConfigurationManager, init=-1: [285e9247-2161-496e-af81-9a87b6b231d9:192.168.69.122:38616], old=null, confs=<EMPTY_MAP>
2019-11-13 16:20:42,304 [pool-199-thread-1] INFO  server.RaftServerConfigKeys (ConfUtils.java:logGet(43)) - raft.server.storage.dir = [/workdir/hadoop-ozone/integration-test/target/test-dir/MiniOzoneClusterImpl-3a974f43-0da0-4ff7-ab4a-31bb81b91875/datanode-5/data/ratis] (custom)
2019-11-13 16:20:42,304 [pool-199-thread-1] INFO  server.RaftServerConfigKeys (ConfUtils.java:logGet(43)) - raft.server.log.corruption.policy = EXCEPTION (default)
2019-11-13 16:20:42,304 [pool-199-thread-1] INFO  storage.RaftStorageDirectory (RaftStorageDirectory.java:analyzeStorage(246)) - The storage directory /workdir/hadoop-ozone/integration-test/target/test-dir/MiniOzoneClusterImpl-3a974f43-0da0-4ff7-ab4a-31bb81b91875/datanode-5/data/ratis/8886387c-8df3-40f8-b933-2f3ac73264dc does not exist. Creating ...
2019-11-13 16:20:42,326 [pool-199-thread-1] INFO  storage.RaftStorageDirectory (RaftStorageDirectory.java:tryLock(328)) - Lock on /workdir/hadoop-ozone/integration-test/target/test-dir/MiniOzoneClusterImpl-3a974f43-0da0-4ff7-ab4a-31bb81b91875/datanode-5/data/ratis/8886387c-8df3-40f8-b933-2f3ac73264dc/in_use.lock acquired by nodename 22372@pr-hdds-2467-gc456-181853687
2019-11-13 16:20:42,369 [pool-199-thread-1] INFO  storage.RaftStorage (RaftStorage.java:format(84)) - Storage directory /workdir/hadoop-ozone/integration-test/target/test-dir/MiniOzoneClusterImpl-3a974f43-0da0-4ff7-ab4a-31bb81b91875/datanode-5/data/ratis/8886387c-8df3-40f8-b933-2f3ac73264dc has been successfully formatted.
2019-11-13 16:20:42,369 [pool-199-thread-1] INFO  ratis.ContainerStateMachine (ContainerStateMachine.java:loadSnapshot(223)) - group-2F3AC73264DC: The snapshot info is null. Setting the last applied indexto:(t:0, i:~)
2019-11-13 16:20:42,369 [pool-199-thread-1] INFO  server.RaftServerConfigKeys (ConfUtils.java:logGet(43)) - raft.server.notification.no-leader.timeout = 120s (custom)
2019-11-13 16:20:42,369 [pool-199-thread-1] INFO  server.RaftServerConfigKeys (ConfUtils.java:logGet(43)) - raft.server.log.use.memory = false (default)
2019-11-13 16:20:42,369 [pool-199-thread-1] INFO  server.RaftServerConfigKeys (ConfUtils.java:logGet(43)) - raft.server.log.purge.gap = 1000000 (custom)
2019-11-13 16:20:42,369 [pool-199-thread-1] INFO  server.RaftServerConfigKeys (ConfUtils.java:logGet(43)) - raft.server.log.appender.buffer.byte-limit = 33554432 (custom)
2019-11-13 16:20:42,370 [pool-199-thread-1] INFO  server.RaftServerConfigKeys (ConfUtils.java:logGet(43)) - raft.server.log.segment.size.max = 1048576 (custom)
2019-11-13 16:20:42,370 [pool-199-thread-1] WARN  impl.MetricRegistriesImpl (MetricRegistriesImpl.java:lambda$create$1(61)) - First MetricRegistry has been created without registering reporters. You may need to call MetricRegistries.global().addReportRegistration(...) before.
2019-11-13 16:20:42,370 [pool-199-thread-1] INFO  server.RaftServerConfigKeys (ConfUtils.java:logGet(43)) - raft.server.log.segment.cache.num.max = 2 (custom)
2019-11-13 16:20:42,370 [pool-199-thread-1] INFO  segmented.SegmentedRaftLogWorker (SegmentedRaftLogWorker.java:<init>(173)) - new 285e9247-2161-496e-af81-9a87b6b231d9@group-2F3AC73264DC-SegmentedRaftLogWorker for RaftStorage:Storage Directory /workdir/hadoop-ozone/integration-test/target/test-dir/MiniOzoneClusterImpl-3a974f43-0da0-4ff7-ab4a-31bb81b91875/datanode-5/data/ratis/8886387c-8df3-40f8-b933-2f3ac73264dc
2019-11-13 16:20:42,370 [pool-199-thread-1] INFO  server.RaftServerConfigKeys (ConfUtils.java:logGet(43)) - raft.server.log.queue.byte-limit = 2147483647 (custom)
2019-11-13 16:20:42,370 [pool-199-thread-1] INFO  server.RaftServerConfigKeys (ConfUtils.java:logGet(43)) - raft.server.log.queue.element-limit = 1024 (custom)
2019-11-13 16:20:42,371 [pool-199-thread-1] INFO  server.RaftServerConfigKeys (ConfUtils.java:logGet(43)) - raft.server.log.segment.size.max = 1048576 (custom)
2019-11-13 16:20:42,371 [pool-199-thread-1] INFO  server.RaftServerConfigKeys (ConfUtils.java:logGet(43)) - raft.server.log.preallocated.size = 16384 (custom)
2019-11-13 16:20:42,371 [pool-199-thread-1] INFO  server.RaftServerConfigKeys (ConfUtils.java:logGet(43)) - raft.server.log.write.buffer.size = 33554432 (custom)
2019-11-13 16:20:42,371 [pool-199-thread-1] INFO  server.RaftServerConfigKeys (ConfUtils.java:logGet(43)) - raft.server.log.force.sync.num = 128 (default)
2019-11-13 16:20:42,371 [pool-199-thread-1] INFO  server.RaftServerConfigKeys (ConfUtils.java:logGet(43)) - raft.server.log.statemachine.data.sync = true (default)
2019-11-13 16:20:42,371 [pool-199-thread-1] INFO  server.RaftServerConfigKeys (ConfUtils.java:logGet(43)) - raft.server.log.statemachine.data.sync.timeout = 10s (default)
2019-11-13 16:20:42,371 [pool-199-thread-1] INFO  server.RaftServerConfigKeys (ConfUtils.java:logGet(43)) - raft.server.log.statemachine.data.sync.timeout.retry = -1 (default)
2019-11-13 16:20:42,372 [pool-199-thread-1] INFO  server.RaftServerConfigKeys (ConfUtils.java:logGet(43)) - raft.server.log.statemachine.data.caching.enabled = true (custom)
2019-11-13 16:20:42,372 [pool-199-thread-1] INFO  segmented.SegmentedRaftLogWorker (SegmentedRaftLogWorker.java:lambda$new$0(128)) - 285e9247-2161-496e-af81-9a87b6b231d9@group-2F3AC73264DC-SegmentedRaftLogWorker: flushIndex: setUnconditionally 0 -> -1
2019-11-13 16:20:42,372 [pool-199-thread-1] INFO  server.RaftServerConfigKeys (ConfUtils.java:logGet(43)) - raft.server.snapshot.auto.trigger.enabled = true (custom)
2019-11-13 16:20:42,373 [pool-199-thread-1] INFO  server.RaftServerConfigKeys (ConfUtils.java:logGet(43)) - raft.server.snapshot.auto.trigger.threshold = 10000 (custom)
2019-11-13 16:20:42,373 [pool-199-thread-1] INFO  server.RaftServerConfigKeys (ConfUtils.java:logGet(43)) - raft.server.snapshot.retention.file.num = 5 (custom)
2019-11-13 16:20:42,373 [pool-199-thread-1] INFO  server.RaftServerConfigKeys (ConfUtils.java:logGet(43)) - raft.server.retrycache.expirytime = 600000ms (custom)
2019-11-13 16:20:42,373 [pool-199-thread-1] WARN  impl.MetricRegistriesImpl (MetricRegistriesImpl.java:lambda$create$1(61)) - First MetricRegistry has been created without registering reporters. You may need to call MetricRegistries.global().addReportRegistration(...) before.
2019-11-13 16:20:42,374 [pool-199-thread-1] WARN  impl.MetricRegistriesImpl (MetricRegistriesImpl.java:lambda$create$1(61)) - First MetricRegistry has been created without registering reporters. You may need to call MetricRegistries.global().addReportRegistration(...) before.
2019-11-13 16:20:42,374 [pool-199-thread-1] INFO  impl.RaftServerImpl (RaftServerImpl.java:start(184)) - 285e9247-2161-496e-af81-9a87b6b231d9@group-2F3AC73264DC: start as a follower, conf=-1: [285e9247-2161-496e-af81-9a87b6b231d9:192.168.69.122:38616], old=null
2019-11-13 16:20:42,374 [pool-199-thread-1] INFO  impl.RaftServerImpl (RaftServerImpl.java:setRole(173)) - 285e9247-2161-496e-af81-9a87b6b231d9@group-2F3AC73264DC: changes role from      null to FOLLOWER at term 0 for startAsFollower
2019-11-13 16:20:42,374 [pool-199-thread-1] INFO  impl.RoleInfo (RoleInfo.java:updateAndGet(143)) - 285e9247-2161-496e-af81-9a87b6b231d9: start FollowerState
2019-11-13 16:20:42,375 [pool-199-thread-1] INFO  util.JmxRegister (JmxRegister.java:tryRegister(44)) - Successfully registered JMX Bean with object name Ratis:service=RaftServer,group=group-2F3AC73264DC,id=285e9247-2161-496e-af81-9a87b6b231d9
2019-11-13 16:20:42,375 [pool-199-thread-1] WARN  impl.MetricRegistriesImpl (MetricRegistriesImpl.java:lambda$create$1(61)) - First MetricRegistry has been created without registering reporters. You may need to call MetricRegistries.global().addReportRegistration(...) before.
2019-11-13 16:20:42,378 [RatisPipelineUtilsThread] INFO  pipeline.PipelineStateManager (PipelineStateManager.java:addPipeline(55)) - Created pipeline Pipeline[ Id: 8886387c-8df3-40f8-b933-2f3ac73264dc, Nodes: 285e9247-2161-496e-af81-9a87b6b231d9{ip: 192.168.69.122, host: pr-hdds-2467-gc456-181853687, networkLocation: /rack1, certSerialId: null}, Type:RATIS, Factor:ONE, State:ALLOCATED]
2019-11-13 16:20:42,396 [grpc-default-executor-3] INFO  impl.RaftServerProxy (RaftServerProxy.java:addNew(89)) - 51f65b1e-ef83-4984-94ab-4ebc9e8c8658: addNew group-F02A743D6624:[51f65b1e-ef83-4984-94ab-4ebc9e8c8658:192.168.69.122:36414] returns group-F02A743D6624:java.util.concurrent.CompletableFuture@433e97a[Not completed]
2019-11-13 16:20:42,398 [pool-239-thread-1] INFO  impl.RaftServerImpl (RaftServerImpl.java:<init>(98)) - 51f65b1e-ef83-4984-94ab-4ebc9e8c8658: new RaftServerImpl for group-F02A743D6624:[51f65b1e-ef83-4984-94ab-4ebc9e8c8658:192.168.69.122:36414] with ContainerStateMachine:uninitialized
2019-11-13 16:20:42,399 [pool-239-thread-1] INFO  server.RaftServerConfigKeys (ConfUtils.java:logGet(43)) - raft.server.rpc.timeout.min = 1s (custom)
2019-11-13 16:20:42,399 [pool-239-thread-1] INFO  server.RaftServerConfigKeys (ConfUtils.java:logGet(43)) - raft.server.rpc.timeout.max = 1200ms (custom)
2019-11-13 16:20:42,399 [pool-239-thread-1] INFO  server.RaftServerConfigKeys (ConfUtils.java:logGet(43)) - raft.server.rpcslowness.timeout = 120s (custom)
2019-11-13 16:20:42,399 [pool-239-thread-1] INFO  server.RaftServerConfigKeys (ConfUtils.java:logGet(43)) - raft.server.sleep.deviation.threshold = 300 (default)
2019-11-13 16:20:42,399 [pool-239-thread-1] INFO  server.RaftServerConfigKeys (ConfUtils.java:logGet(43)) - raft.server.log.appender.install.snapshot.enabled = false (custom)
2019-11-13 16:20:42,399 [pool-239-thread-1] INFO  impl.RaftServerImpl (ServerState.java:<init>(103)) - 51f65b1e-ef83-4984-94ab-4ebc9e8c8658@group-F02A743D6624: ConfigurationManager, init=-1: [51f65b1e-ef83-4984-94ab-4ebc9e8c8658:192.168.69.122:36414], old=null, confs=<EMPTY_MAP>
2019-11-13 16:20:42,399 [pool-239-thread-1] INFO  server.RaftServerConfigKeys (ConfUtils.java:logGet(43)) - raft.server.storage.dir = [/workdir/hadoop-ozone/integration-test/target/test-dir/MiniOzoneClusterImpl-3a974f43-0da0-4ff7-ab4a-31bb81b91875/datanode-9/data/ratis] (custom)
2019-11-13 16:20:42,400 [pool-239-thread-1] INFO  server.RaftServerConfigKeys (ConfUtils.java:logGet(43)) - raft.server.log.corruption.policy = EXCEPTION (default)
2019-11-13 16:20:42,400 [pool-239-thread-1] INFO  storage.RaftStorageDirectory (RaftStorageDirectory.java:analyzeStorage(246)) - The storage directory /workdir/hadoop-ozone/integration-test/target/test-dir/MiniOzoneClusterImpl-3a974f43-0da0-4ff7-ab4a-31bb81b91875/datanode-9/data/ratis/b7e83a83-f549-4bce-a1cc-f02a743d6624 does not exist. Creating ...
2019-11-13 16:20:42,436 [pool-239-thread-1] INFO  storage.RaftStorageDirectory (RaftStorageDirectory.java:tryLock(328)) - Lock on /workdir/hadoop-ozone/integration-test/target/test-dir/MiniOzoneClusterImpl-3a974f43-0da0-4ff7-ab4a-31bb81b91875/datanode-9/data/ratis/b7e83a83-f549-4bce-a1cc-f02a743d6624/in_use.lock acquired by nodename 22372@pr-hdds-2467-gc456-181853687
2019-11-13 16:20:42,461 [pool-239-thread-1] INFO  storage.RaftStorage (RaftStorage.java:format(84)) - Storage directory /workdir/hadoop-ozone/integration-test/target/test-dir/MiniOzoneClusterImpl-3a974f43-0da0-4ff7-ab4a-31bb81b91875/datanode-9/data/ratis/b7e83a83-f549-4bce-a1cc-f02a743d6624 has been successfully formatted.
2019-11-13 16:20:42,461 [pool-239-thread-1] INFO  ratis.ContainerStateMachine (ContainerStateMachine.java:loadSnapshot(223)) - group-F02A743D6624: The snapshot info is null. Setting the last applied indexto:(t:0, i:~)
2019-11-13 16:20:42,462 [pool-239-thread-1] INFO  server.RaftServerConfigKeys (ConfUtils.java:logGet(43)) - raft.server.notification.no-leader.timeout = 120s (custom)
2019-11-13 16:20:42,462 [pool-239-thread-1] INFO  server.RaftServerConfigKeys (ConfUtils.java:logGet(43)) - raft.server.log.use.memory = false (default)
2019-11-13 16:20:42,462 [pool-239-thread-1] INFO  server.RaftServerConfigKeys (ConfUtils.java:logGet(43)) - raft.server.log.purge.gap = 1000000 (custom)
2019-11-13 16:20:42,462 [pool-239-thread-1] INFO  server.RaftServerConfigKeys (ConfUtils.java:logGet(43)) - raft.server.log.appender.buffer.byte-limit = 33554432 (custom)
2019-11-13 16:20:42,462 [pool-239-thread-1] INFO  server.RaftServerConfigKeys (ConfUtils.java:logGet(43)) - raft.server.log.segment.size.max = 1048576 (custom)
2019-11-13 16:20:42,462 [pool-239-thread-1] WARN  impl.MetricRegistriesImpl (MetricRegistriesImpl.java:lambda$create$1(61)) - First MetricRegistry has been created without registering reporters. You may need to call MetricRegistries.global().addReportRegistration(...) before.
2019-11-13 16:20:42,462 [pool-239-thread-1] INFO  server.RaftServerConfigKeys (ConfUtils.java:logGet(43)) - raft.server.log.segment.cache.num.max = 2 (custom)
2019-11-13 16:20:42,462 [pool-239-thread-1] INFO  segmented.SegmentedRaftLogWorker (SegmentedRaftLogWorker.java:<init>(173)) - new 51f65b1e-ef83-4984-94ab-4ebc9e8c8658@group-F02A743D6624-SegmentedRaftLogWorker for RaftStorage:Storage Directory /workdir/hadoop-ozone/integration-test/target/test-dir/MiniOzoneClusterImpl-3a974f43-0da0-4ff7-ab4a-31bb81b91875/datanode-9/data/ratis/b7e83a83-f549-4bce-a1cc-f02a743d6624
2019-11-13 16:20:42,462 [pool-239-thread-1] INFO  server.RaftServerConfigKeys (ConfUtils.java:logGet(43)) - raft.server.log.queue.byte-limit = 2147483647 (custom)
2019-11-13 16:20:42,463 [pool-239-thread-1] INFO  server.RaftServerConfigKeys (ConfUtils.java:logGet(43)) - raft.server.log.queue.element-limit = 1024 (custom)
2019-11-13 16:20:42,463 [pool-239-thread-1] INFO  server.RaftServerConfigKeys (ConfUtils.java:logGet(43)) - raft.server.log.segment.size.max = 1048576 (custom)
2019-11-13 16:20:42,463 [pool-239-thread-1] INFO  server.RaftServerConfigKeys (ConfUtils.java:logGet(43)) - raft.server.log.preallocated.size = 16384 (custom)
2019-11-13 16:20:42,463 [pool-239-thread-1] INFO  server.RaftServerConfigKeys (ConfUtils.java:logGet(43)) - raft.server.log.write.buffer.size = 33554432 (custom)
2019-11-13 16:20:42,463 [pool-239-thread-1] INFO  server.RaftServerConfigKeys (ConfUtils.java:logGet(43)) - raft.server.log.force.sync.num = 128 (default)
2019-11-13 16:20:42,463 [pool-239-thread-1] INFO  server.RaftServerConfigKeys (ConfUtils.java:logGet(43)) - raft.server.log.statemachine.data.sync = true (default)
2019-11-13 16:20:42,463 [pool-239-thread-1] INFO  server.RaftServerConfigKeys (ConfUtils.java:logGet(43)) - raft.server.log.statemachine.data.sync.timeout = 10s (default)
2019-11-13 16:20:42,463 [pool-239-thread-1] INFO  server.RaftServerConfigKeys (ConfUtils.java:logGet(43)) - raft.server.log.statemachine.data.sync.timeout.retry = -1 (default)
2019-11-13 16:20:42,463 [pool-239-thread-1] INFO  server.RaftServerConfigKeys (ConfUtils.java:logGet(43)) - raft.server.log.statemachine.data.caching.enabled = true (custom)
2019-11-13 16:20:42,464 [pool-239-thread-1] INFO  segmented.SegmentedRaftLogWorker (SegmentedRaftLogWorker.java:lambda$new$0(128)) - 51f65b1e-ef83-4984-94ab-4ebc9e8c8658@group-F02A743D6624-SegmentedRaftLogWorker: flushIndex: setUnconditionally 0 -> -1
2019-11-13 16:20:42,464 [pool-239-thread-1] INFO  server.RaftServerConfigKeys (ConfUtils.java:logGet(43)) - raft.server.snapshot.auto.trigger.enabled = true (custom)
2019-11-13 16:20:42,464 [pool-239-thread-1] INFO  server.RaftServerConfigKeys (ConfUtils.java:logGet(43)) - raft.server.snapshot.auto.trigger.threshold = 10000 (custom)
2019-11-13 16:20:42,464 [pool-239-thread-1] INFO  server.RaftServerConfigKeys (ConfUtils.java:logGet(43)) - raft.server.snapshot.retention.file.num = 5 (custom)
2019-11-13 16:20:42,464 [pool-239-thread-1] INFO  server.RaftServerConfigKeys (ConfUtils.java:logGet(43)) - raft.server.retrycache.expirytime = 600000ms (custom)
2019-11-13 16:20:42,464 [pool-239-thread-1] WARN  impl.MetricRegistriesImpl (MetricRegistriesImpl.java:lambda$create$1(61)) - First MetricRegistry has been created without registering reporters. You may need to call MetricRegistries.global().addReportRegistration(...) before.
2019-11-13 16:20:42,464 [pool-239-thread-1] WARN  impl.MetricRegistriesImpl (MetricRegistriesImpl.java:lambda$create$1(61)) - First MetricRegistry has been created without registering reporters. You may need to call MetricRegistries.global().addReportRegistration(...) before.
2019-11-13 16:20:42,465 [pool-239-thread-1] INFO  impl.RaftServerImpl (RaftServerImpl.java:start(184)) - 51f65b1e-ef83-4984-94ab-4ebc9e8c8658@group-F02A743D6624: start as a follower, conf=-1: [51f65b1e-ef83-4984-94ab-4ebc9e8c8658:192.168.69.122:36414], old=null
2019-11-13 16:20:42,465 [pool-239-thread-1] INFO  impl.RaftServerImpl (RaftServerImpl.java:setRole(173)) - 51f65b1e-ef83-4984-94ab-4ebc9e8c8658@group-F02A743D6624: changes role from      null to FOLLOWER at term 0 for startAsFollower
2019-11-13 16:20:42,465 [pool-239-thread-1] INFO  impl.RoleInfo (RoleInfo.java:updateAndGet(143)) - 51f65b1e-ef83-4984-94ab-4ebc9e8c8658: start FollowerState
2019-11-13 16:20:42,465 [pool-239-thread-1] INFO  util.JmxRegister (JmxRegister.java:tryRegister(44)) - Successfully registered JMX Bean with object name Ratis:service=RaftServer,group=group-F02A743D6624,id=51f65b1e-ef83-4984-94ab-4ebc9e8c8658
2019-11-13 16:20:42,465 [pool-239-thread-1] WARN  impl.MetricRegistriesImpl (MetricRegistriesImpl.java:lambda$create$1(61)) - First MetricRegistry has been created without registering reporters. You may need to call MetricRegistries.global().addReportRegistration(...) before.
2019-11-13 16:20:42,468 [RatisPipelineUtilsThread] INFO  pipeline.PipelineStateManager (PipelineStateManager.java:addPipeline(55)) - Created pipeline Pipeline[ Id: b7e83a83-f549-4bce-a1cc-f02a743d6624, Nodes: 51f65b1e-ef83-4984-94ab-4ebc9e8c8658{ip: 192.168.69.122, host: pr-hdds-2467-gc456-181853687, networkLocation: /rack1, certSerialId: null}, Type:RATIS, Factor:ONE, State:ALLOCATED]
2019-11-13 16:20:42,479 [grpc-default-executor-4] INFO  impl.RaftServerProxy (RaftServerProxy.java:addNew(89)) - d45a2df2-8f38-43ec-9df7-e5c52ac58263: addNew group-E372D1E6AF5D:[d45a2df2-8f38-43ec-9df7-e5c52ac58263:192.168.69.122:44126, 285e9247-2161-496e-af81-9a87b6b231d9:192.168.69.122:38616, a3f5b1ff-5ddb-40c7-8bbd-1ae7c3cdb433:192.168.69.122:40390] returns group-E372D1E6AF5D:java.util.concurrent.CompletableFuture@48cb32a4[Not completed]
2019-11-13 16:20:42,479 [grpc-default-executor-3] INFO  impl.RaftServerProxy (RaftServerProxy.java:addNew(89)) - a3f5b1ff-5ddb-40c7-8bbd-1ae7c3cdb433: addNew group-E372D1E6AF5D:[d45a2df2-8f38-43ec-9df7-e5c52ac58263:192.168.69.122:44126, 285e9247-2161-496e-af81-9a87b6b231d9:192.168.69.122:38616, a3f5b1ff-5ddb-40c7-8bbd-1ae7c3cdb433:192.168.69.122:40390] returns group-E372D1E6AF5D:java.util.concurrent.CompletableFuture@58f314fd[Not completed]
2019-11-13 16:20:42,479 [grpc-default-executor-5] INFO  impl.RaftServerProxy (RaftServerProxy.java:addNew(89)) - 285e9247-2161-496e-af81-9a87b6b231d9: addNew group-E372D1E6AF5D:[d45a2df2-8f38-43ec-9df7-e5c52ac58263:192.168.69.122:44126, 285e9247-2161-496e-af81-9a87b6b231d9:192.168.69.122:38616, a3f5b1ff-5ddb-40c7-8bbd-1ae7c3cdb433:192.168.69.122:40390] returns group-E372D1E6AF5D:java.util.concurrent.CompletableFuture@3733cf0[Not completed]
2019-11-13 16:20:42,480 [pool-199-thread-1] INFO  impl.RaftServerImpl (RaftServerImpl.java:<init>(98)) - 285e9247-2161-496e-af81-9a87b6b231d9: new RaftServerImpl for group-E372D1E6AF5D:[d45a2df2-8f38-43ec-9df7-e5c52ac58263:192.168.69.122:44126, 285e9247-2161-496e-af81-9a87b6b231d9:192.168.69.122:38616, a3f5b1ff-5ddb-40c7-8bbd-1ae7c3cdb433:192.168.69.122:40390] with ContainerStateMachine:uninitialized
2019-11-13 16:20:42,481 [pool-199-thread-1] INFO  server.RaftServerConfigKeys (ConfUtils.java:logGet(43)) - raft.server.rpc.timeout.min = 1s (custom)
2019-11-13 16:20:42,481 [pool-199-thread-1] INFO  server.RaftServerConfigKeys (ConfUtils.java:logGet(43)) - raft.server.rpc.timeout.max = 1200ms (custom)
2019-11-13 16:20:42,481 [pool-199-thread-1] INFO  server.RaftServerConfigKeys (ConfUtils.java:logGet(43)) - raft.server.rpcslowness.timeout = 120s (custom)
2019-11-13 16:20:42,481 [pool-199-thread-1] INFO  server.RaftServerConfigKeys (ConfUtils.java:logGet(43)) - raft.server.sleep.deviation.threshold = 300 (default)
2019-11-13 16:20:42,481 [pool-199-thread-1] INFO  server.RaftServerConfigKeys (ConfUtils.java:logGet(43)) - raft.server.log.appender.install.snapshot.enabled = false (custom)
2019-11-13 16:20:42,481 [pool-229-thread-1] INFO  impl.RaftServerImpl (RaftServerImpl.java:<init>(98)) - d45a2df2-8f38-43ec-9df7-e5c52ac58263: new RaftServerImpl for group-E372D1E6AF5D:[d45a2df2-8f38-43ec-9df7-e5c52ac58263:192.168.69.122:44126, 285e9247-2161-496e-af81-9a87b6b231d9:192.168.69.122:38616, a3f5b1ff-5ddb-40c7-8bbd-1ae7c3cdb433:192.168.69.122:40390] with ContainerStateMachine:uninitialized
2019-11-13 16:20:42,481 [pool-199-thread-1] INFO  impl.RaftServerImpl (ServerState.java:<init>(103)) - 285e9247-2161-496e-af81-9a87b6b231d9@group-E372D1E6AF5D: ConfigurationManager, init=-1: [d45a2df2-8f38-43ec-9df7-e5c52ac58263:192.168.69.122:44126, 285e9247-2161-496e-af81-9a87b6b231d9:192.168.69.122:38616, a3f5b1ff-5ddb-40c7-8bbd-1ae7c3cdb433:192.168.69.122:40390], old=null, confs=<EMPTY_MAP>
2019-11-13 16:20:42,482 [pool-229-thread-1] INFO  server.RaftServerConfigKeys (ConfUtils.java:logGet(43)) - raft.server.rpc.timeout.min = 1s (custom)
2019-11-13 16:20:42,482 [pool-199-thread-1] INFO  server.RaftServerConfigKeys (ConfUtils.java:logGet(43)) - raft.server.storage.dir = [/workdir/hadoop-ozone/integration-test/target/test-dir/MiniOzoneClusterImpl-3a974f43-0da0-4ff7-ab4a-31bb81b91875/datanode-5/data/ratis] (custom)
2019-11-13 16:20:42,482 [pool-229-thread-1] INFO  server.RaftServerConfigKeys (ConfUtils.java:logGet(43)) - raft.server.rpc.timeout.max = 1200ms (custom)
2019-11-13 16:20:42,482 [pool-229-thread-1] INFO  server.RaftServerConfigKeys (ConfUtils.java:logGet(43)) - raft.server.rpcslowness.timeout = 120s (custom)
2019-11-13 16:20:42,482 [pool-229-thread-1] INFO  server.RaftServerConfigKeys (ConfUtils.java:logGet(43)) - raft.server.sleep.deviation.threshold = 300 (default)
2019-11-13 16:20:42,482 [pool-199-thread-1] INFO  server.RaftServerConfigKeys (ConfUtils.java:logGet(43)) - raft.server.log.corruption.policy = EXCEPTION (default)
2019-11-13 16:20:42,482 [pool-229-thread-1] INFO  server.RaftServerConfigKeys (ConfUtils.java:logGet(43)) - raft.server.log.appender.install.snapshot.enabled = false (custom)
2019-11-13 16:20:42,482 [pool-219-thread-1] INFO  impl.RaftServerImpl (RaftServerImpl.java:<init>(98)) - a3f5b1ff-5ddb-40c7-8bbd-1ae7c3cdb433: new RaftServerImpl for group-E372D1E6AF5D:[d45a2df2-8f38-43ec-9df7-e5c52ac58263:192.168.69.122:44126, 285e9247-2161-496e-af81-9a87b6b231d9:192.168.69.122:38616, a3f5b1ff-5ddb-40c7-8bbd-1ae7c3cdb433:192.168.69.122:40390] with ContainerStateMachine:uninitialized
2019-11-13 16:20:42,482 [pool-199-thread-1] INFO  storage.RaftStorageDirectory (RaftStorageDirectory.java:analyzeStorage(246)) - The storage directory /workdir/hadoop-ozone/integration-test/target/test-dir/MiniOzoneClusterImpl-3a974f43-0da0-4ff7-ab4a-31bb81b91875/datanode-5/data/ratis/b926bd6a-4041-4dff-bb3d-e372d1e6af5d does not exist. Creating ...
2019-11-13 16:20:42,482 [pool-229-thread-1] INFO  impl.RaftServerImpl (ServerState.java:<init>(103)) - d45a2df2-8f38-43ec-9df7-e5c52ac58263@group-E372D1E6AF5D: ConfigurationManager, init=-1: [d45a2df2-8f38-43ec-9df7-e5c52ac58263:192.168.69.122:44126, 285e9247-2161-496e-af81-9a87b6b231d9:192.168.69.122:38616, a3f5b1ff-5ddb-40c7-8bbd-1ae7c3cdb433:192.168.69.122:40390], old=null, confs=<EMPTY_MAP>
2019-11-13 16:20:42,483 [pool-219-thread-1] INFO  server.RaftServerConfigKeys (ConfUtils.java:logGet(43)) - raft.server.rpc.timeout.min = 1s (custom)
2019-11-13 16:20:42,483 [pool-229-thread-1] INFO  server.RaftServerConfigKeys (ConfUtils.java:logGet(43)) - raft.server.storage.dir = [/workdir/hadoop-ozone/integration-test/target/test-dir/MiniOzoneClusterImpl-3a974f43-0da0-4ff7-ab4a-31bb81b91875/datanode-8/data/ratis] (custom)
2019-11-13 16:20:42,483 [pool-219-thread-1] INFO  server.RaftServerConfigKeys (ConfUtils.java:logGet(43)) - raft.server.rpc.timeout.max = 1200ms (custom)
2019-11-13 16:20:42,483 [pool-219-thread-1] INFO  server.RaftServerConfigKeys (ConfUtils.java:logGet(43)) - raft.server.rpcslowness.timeout = 120s (custom)
2019-11-13 16:20:42,483 [pool-229-thread-1] INFO  server.RaftServerConfigKeys (ConfUtils.java:logGet(43)) - raft.server.log.corruption.policy = EXCEPTION (default)
2019-11-13 16:20:42,483 [pool-219-thread-1] INFO  server.RaftServerConfigKeys (ConfUtils.java:logGet(43)) - raft.server.sleep.deviation.threshold = 300 (default)
2019-11-13 16:20:42,483 [pool-219-thread-1] INFO  server.RaftServerConfigKeys (ConfUtils.java:logGet(43)) - raft.server.log.appender.install.snapshot.enabled = false (custom)
2019-11-13 16:20:42,483 [pool-229-thread-1] INFO  storage.RaftStorageDirectory (RaftStorageDirectory.java:analyzeStorage(246)) - The storage directory /workdir/hadoop-ozone/integration-test/target/test-dir/MiniOzoneClusterImpl-3a974f43-0da0-4ff7-ab4a-31bb81b91875/datanode-8/data/ratis/b926bd6a-4041-4dff-bb3d-e372d1e6af5d does not exist. Creating ...
2019-11-13 16:20:42,483 [pool-219-thread-1] INFO  impl.RaftServerImpl (ServerState.java:<init>(103)) - a3f5b1ff-5ddb-40c7-8bbd-1ae7c3cdb433@group-E372D1E6AF5D: ConfigurationManager, init=-1: [d45a2df2-8f38-43ec-9df7-e5c52ac58263:192.168.69.122:44126, 285e9247-2161-496e-af81-9a87b6b231d9:192.168.69.122:38616, a3f5b1ff-5ddb-40c7-8bbd-1ae7c3cdb433:192.168.69.122:40390], old=null, confs=<EMPTY_MAP>
2019-11-13 16:20:42,484 [pool-219-thread-1] INFO  server.RaftServerConfigKeys (ConfUtils.java:logGet(43)) - raft.server.storage.dir = [/workdir/hadoop-ozone/integration-test/target/test-dir/MiniOzoneClusterImpl-3a974f43-0da0-4ff7-ab4a-31bb81b91875/datanode-7/data/ratis] (custom)
2019-11-13 16:20:42,484 [pool-219-thread-1] INFO  server.RaftServerConfigKeys (ConfUtils.java:logGet(43)) - raft.server.log.corruption.policy = EXCEPTION (default)
2019-11-13 16:20:42,484 [pool-219-thread-1] INFO  storage.RaftStorageDirectory (RaftStorageDirectory.java:analyzeStorage(246)) - The storage directory /workdir/hadoop-ozone/integration-test/target/test-dir/MiniOzoneClusterImpl-3a974f43-0da0-4ff7-ab4a-31bb81b91875/datanode-7/data/ratis/b926bd6a-4041-4dff-bb3d-e372d1e6af5d does not exist. Creating ...
2019-11-13 16:20:42,512 [pool-229-thread-1] INFO  storage.RaftStorageDirectory (RaftStorageDirectory.java:tryLock(328)) - Lock on /workdir/hadoop-ozone/integration-test/target/test-dir/MiniOzoneClusterImpl-3a974f43-0da0-4ff7-ab4a-31bb81b91875/datanode-8/data/ratis/b926bd6a-4041-4dff-bb3d-e372d1e6af5d/in_use.lock acquired by nodename 22372@pr-hdds-2467-gc456-181853687
2019-11-13 16:20:42,512 [pool-219-thread-1] INFO  storage.RaftStorageDirectory (RaftStorageDirectory.java:tryLock(328)) - Lock on /workdir/hadoop-ozone/integration-test/target/test-dir/MiniOzoneClusterImpl-3a974f43-0da0-4ff7-ab4a-31bb81b91875/datanode-7/data/ratis/b926bd6a-4041-4dff-bb3d-e372d1e6af5d/in_use.lock acquired by nodename 22372@pr-hdds-2467-gc456-181853687
2019-11-13 16:20:42,512 [pool-199-thread-1] INFO  storage.RaftStorageDirectory (RaftStorageDirectory.java:tryLock(328)) - Lock on /workdir/hadoop-ozone/integration-test/target/test-dir/MiniOzoneClusterImpl-3a974f43-0da0-4ff7-ab4a-31bb81b91875/datanode-5/data/ratis/b926bd6a-4041-4dff-bb3d-e372d1e6af5d/in_use.lock acquired by nodename 22372@pr-hdds-2467-gc456-181853687
2019-11-13 16:20:42,537 [pool-199-thread-1] INFO  storage.RaftStorage (RaftStorage.java:format(84)) - Storage directory /workdir/hadoop-ozone/integration-test/target/test-dir/MiniOzoneClusterImpl-3a974f43-0da0-4ff7-ab4a-31bb81b91875/datanode-5/data/ratis/b926bd6a-4041-4dff-bb3d-e372d1e6af5d has been successfully formatted.
2019-11-13 16:20:42,537 [pool-219-thread-1] INFO  storage.RaftStorage (RaftStorage.java:format(84)) - Storage directory /workdir/hadoop-ozone/integration-test/target/test-dir/MiniOzoneClusterImpl-3a974f43-0da0-4ff7-ab4a-31bb81b91875/datanode-7/data/ratis/b926bd6a-4041-4dff-bb3d-e372d1e6af5d has been successfully formatted.
2019-11-13 16:20:42,537 [pool-229-thread-1] INFO  storage.RaftStorage (RaftStorage.java:format(84)) - Storage directory /workdir/hadoop-ozone/integration-test/target/test-dir/MiniOzoneClusterImpl-3a974f43-0da0-4ff7-ab4a-31bb81b91875/datanode-8/data/ratis/b926bd6a-4041-4dff-bb3d-e372d1e6af5d has been successfully formatted.
2019-11-13 16:20:42,538 [pool-219-thread-1] INFO  ratis.ContainerStateMachine (ContainerStateMachine.java:loadSnapshot(223)) - group-E372D1E6AF5D: The snapshot info is null. Setting the last applied indexto:(t:0, i:~)
2019-11-13 16:20:42,537 [pool-199-thread-1] INFO  ratis.ContainerStateMachine (ContainerStateMachine.java:loadSnapshot(223)) - group-E372D1E6AF5D: The snapshot info is null. Setting the last applied indexto:(t:0, i:~)
2019-11-13 16:20:42,538 [pool-219-thread-1] INFO  server.RaftServerConfigKeys (ConfUtils.java:logGet(43)) - raft.server.notification.no-leader.timeout = 120s (custom)
2019-11-13 16:20:42,538 [pool-229-thread-1] INFO  ratis.ContainerStateMachine (ContainerStateMachine.java:loadSnapshot(223)) - group-E372D1E6AF5D: The snapshot info is null. Setting the last applied indexto:(t:0, i:~)
2019-11-13 16:20:42,538 [pool-219-thread-1] INFO  server.RaftServerConfigKeys (ConfUtils.java:logGet(43)) - raft.server.log.use.memory = false (default)
2019-11-13 16:20:42,538 [pool-199-thread-1] INFO  server.RaftServerConfigKeys (ConfUtils.java:logGet(43)) - raft.server.notification.no-leader.timeout = 120s (custom)
2019-11-13 16:20:42,538 [pool-219-thread-1] INFO  server.RaftServerConfigKeys (ConfUtils.java:logGet(43)) - raft.server.log.purge.gap = 1000000 (custom)
2019-11-13 16:20:42,538 [pool-219-thread-1] INFO  server.RaftServerConfigKeys (ConfUtils.java:logGet(43)) - raft.server.log.appender.buffer.byte-limit = 33554432 (custom)
2019-11-13 16:20:42,538 [pool-229-thread-1] INFO  server.RaftServerConfigKeys (ConfUtils.java:logGet(43)) - raft.server.notification.no-leader.timeout = 120s (custom)
2019-11-13 16:20:42,538 [pool-219-thread-1] INFO  server.RaftServerConfigKeys (ConfUtils.java:logGet(43)) - raft.server.log.segment.size.max = 1048576 (custom)
2019-11-13 16:20:42,538 [pool-199-thread-1] INFO  server.RaftServerConfigKeys (ConfUtils.java:logGet(43)) - raft.server.log.use.memory = false (default)
2019-11-13 16:20:42,539 [pool-219-thread-1] INFO  server.RaftServerConfigKeys (ConfUtils.java:logGet(43)) - raft.server.log.segment.cache.num.max = 2 (custom)
2019-11-13 16:20:42,539 [pool-229-thread-1] INFO  server.RaftServerConfigKeys (ConfUtils.java:logGet(43)) - raft.server.log.use.memory = false (default)
2019-11-13 16:20:42,539 [pool-219-thread-1] INFO  segmented.SegmentedRaftLogWorker (SegmentedRaftLogWorker.java:<init>(173)) - new a3f5b1ff-5ddb-40c7-8bbd-1ae7c3cdb433@group-E372D1E6AF5D-SegmentedRaftLogWorker for RaftStorage:Storage Directory /workdir/hadoop-ozone/integration-test/target/test-dir/MiniOzoneClusterImpl-3a974f43-0da0-4ff7-ab4a-31bb81b91875/datanode-7/data/ratis/b926bd6a-4041-4dff-bb3d-e372d1e6af5d
2019-11-13 16:20:42,539 [pool-199-thread-1] INFO  server.RaftServerConfigKeys (ConfUtils.java:logGet(43)) - raft.server.log.purge.gap = 1000000 (custom)
2019-11-13 16:20:42,539 [pool-219-thread-1] INFO  server.RaftServerConfigKeys (ConfUtils.java:logGet(43)) - raft.server.log.queue.byte-limit = 2147483647 (custom)
2019-11-13 16:20:42,539 [pool-229-thread-1] INFO  server.RaftServerConfigKeys (ConfUtils.java:logGet(43)) - raft.server.log.purge.gap = 1000000 (custom)
2019-11-13 16:20:42,539 [pool-219-thread-1] INFO  server.RaftServerConfigKeys (ConfUtils.java:logGet(43)) - raft.server.log.queue.element-limit = 1024 (custom)
2019-11-13 16:20:42,539 [pool-199-thread-1] INFO  server.RaftServerConfigKeys (ConfUtils.java:logGet(43)) - raft.server.log.appender.buffer.byte-limit = 33554432 (custom)
2019-11-13 16:20:42,539 [pool-219-thread-1] INFO  server.RaftServerConfigKeys (ConfUtils.java:logGet(43)) - raft.server.log.segment.size.max = 1048576 (custom)
2019-11-13 16:20:42,539 [pool-229-thread-1] INFO  server.RaftServerConfigKeys (ConfUtils.java:logGet(43)) - raft.server.log.appender.buffer.byte-limit = 33554432 (custom)
2019-11-13 16:20:42,540 [pool-219-thread-1] INFO  server.RaftServerConfigKeys (ConfUtils.java:logGet(43)) - raft.server.log.preallocated.size = 16384 (custom)
2019-11-13 16:20:42,540 [pool-199-thread-1] INFO  server.RaftServerConfigKeys (ConfUtils.java:logGet(43)) - raft.server.log.segment.size.max = 1048576 (custom)
2019-11-13 16:20:42,540 [pool-219-thread-1] INFO  server.RaftServerConfigKeys (ConfUtils.java:logGet(43)) - raft.server.log.write.buffer.size = 33554432 (custom)
2019-11-13 16:20:42,540 [pool-229-thread-1] INFO  server.RaftServerConfigKeys (ConfUtils.java:logGet(43)) - raft.server.log.segment.size.max = 1048576 (custom)
2019-11-13 16:20:42,540 [pool-219-thread-1] INFO  server.RaftServerConfigKeys (ConfUtils.java:logGet(43)) - raft.server.log.force.sync.num = 128 (default)
2019-11-13 16:20:42,540 [pool-199-thread-1] INFO  server.RaftServerConfigKeys (ConfUtils.java:logGet(43)) - raft.server.log.segment.cache.num.max = 2 (custom)
2019-11-13 16:20:42,540 [pool-219-thread-1] INFO  server.RaftServerConfigKeys (ConfUtils.java:logGet(43)) - raft.server.log.statemachine.data.sync = true (default)
2019-11-13 16:20:42,540 [pool-229-thread-1] INFO  server.RaftServerConfigKeys (ConfUtils.java:logGet(43)) - raft.server.log.segment.cache.num.max = 2 (custom)
2019-11-13 16:20:42,540 [pool-219-thread-1] INFO  server.RaftServerConfigKeys (ConfUtils.java:logGet(43)) - raft.server.log.statemachine.data.sync.timeout = 10s (default)
2019-11-13 16:20:42,540 [pool-199-thread-1] INFO  segmented.SegmentedRaftLogWorker (SegmentedRaftLogWorker.java:<init>(173)) - new 285e9247-2161-496e-af81-9a87b6b231d9@group-E372D1E6AF5D-SegmentedRaftLogWorker for RaftStorage:Storage Directory /workdir/hadoop-ozone/integration-test/target/test-dir/MiniOzoneClusterImpl-3a974f43-0da0-4ff7-ab4a-31bb81b91875/datanode-5/data/ratis/b926bd6a-4041-4dff-bb3d-e372d1e6af5d
2019-11-13 16:20:42,541 [pool-219-thread-1] INFO  server.RaftServerConfigKeys (ConfUtils.java:logGet(43)) - raft.server.log.statemachine.data.sync.timeout.retry = -1 (default)
2019-11-13 16:20:42,541 [pool-229-thread-1] INFO  segmented.SegmentedRaftLogWorker (SegmentedRaftLogWorker.java:<init>(173)) - new d45a2df2-8f38-43ec-9df7-e5c52ac58263@group-E372D1E6AF5D-SegmentedRaftLogWorker for RaftStorage:Storage Directory /workdir/hadoop-ozone/integration-test/target/test-dir/MiniOzoneClusterImpl-3a974f43-0da0-4ff7-ab4a-31bb81b91875/datanode-8/data/ratis/b926bd6a-4041-4dff-bb3d-e372d1e6af5d
2019-11-13 16:20:42,541 [pool-219-thread-1] INFO  server.RaftServerConfigKeys (ConfUtils.java:logGet(43)) - raft.server.log.statemachine.data.caching.enabled = true (custom)
2019-11-13 16:20:42,541 [pool-199-thread-1] INFO  server.RaftServerConfigKeys (ConfUtils.java:logGet(43)) - raft.server.log.queue.byte-limit = 2147483647 (custom)
2019-11-13 16:20:42,541 [pool-229-thread-1] INFO  server.RaftServerConfigKeys (ConfUtils.java:logGet(43)) - raft.server.log.queue.byte-limit = 2147483647 (custom)
2019-11-13 16:20:42,541 [pool-199-thread-1] INFO  server.RaftServerConfigKeys (ConfUtils.java:logGet(43)) - raft.server.log.queue.element-limit = 1024 (custom)
2019-11-13 16:20:42,541 [pool-219-thread-1] INFO  segmented.SegmentedRaftLogWorker (SegmentedRaftLogWorker.java:lambda$new$0(128)) - a3f5b1ff-5ddb-40c7-8bbd-1ae7c3cdb433@group-E372D1E6AF5D-SegmentedRaftLogWorker: flushIndex: setUnconditionally 0 -> -1
2019-11-13 16:20:42,541 [pool-229-thread-1] INFO  server.RaftServerConfigKeys (ConfUtils.java:logGet(43)) - raft.server.log.queue.element-limit = 1024 (custom)
2019-11-13 16:20:42,542 [pool-199-thread-1] INFO  server.RaftServerConfigKeys (ConfUtils.java:logGet(43)) - raft.server.log.segment.size.max = 1048576 (custom)
2019-11-13 16:20:42,542 [pool-229-thread-1] INFO  server.RaftServerConfigKeys (ConfUtils.java:logGet(43)) - raft.server.log.segment.size.max = 1048576 (custom)
2019-11-13 16:20:42,542 [pool-199-thread-1] INFO  server.RaftServerConfigKeys (ConfUtils.java:logGet(43)) - raft.server.log.preallocated.size = 16384 (custom)
2019-11-13 16:20:42,542 [pool-219-thread-1] INFO  server.RaftServerConfigKeys (ConfUtils.java:logGet(43)) - raft.server.snapshot.auto.trigger.enabled = true (custom)
2019-11-13 16:20:42,542 [pool-199-thread-1] INFO  server.RaftServerConfigKeys (ConfUtils.java:logGet(43)) - raft.server.log.write.buffer.size = 33554432 (custom)
2019-11-13 16:20:42,542 [pool-229-thread-1] INFO  server.RaftServerConfigKeys (ConfUtils.java:logGet(43)) - raft.server.log.preallocated.size = 16384 (custom)
2019-11-13 16:20:42,542 [pool-199-thread-1] INFO  server.RaftServerConfigKeys (ConfUtils.java:logGet(43)) - raft.server.log.force.sync.num = 128 (default)
2019-11-13 16:20:42,542 [pool-219-thread-1] INFO  server.RaftServerConfigKeys (ConfUtils.java:logGet(43)) - raft.server.snapshot.auto.trigger.threshold = 10000 (custom)
2019-11-13 16:20:42,542 [pool-199-thread-1] INFO  server.RaftServerConfigKeys (ConfUtils.java:logGet(43)) - raft.server.log.statemachine.data.sync = true (default)
2019-11-13 16:20:42,542 [pool-229-thread-1] INFO  server.RaftServerConfigKeys (ConfUtils.java:logGet(43)) - raft.server.log.write.buffer.size = 33554432 (custom)
2019-11-13 16:20:42,543 [pool-199-thread-1] INFO  server.RaftServerConfigKeys (ConfUtils.java:logGet(43)) - raft.server.log.statemachine.data.sync.timeout = 10s (default)
2019-11-13 16:20:42,543 [pool-219-thread-1] INFO  server.RaftServerConfigKeys (ConfUtils.java:logGet(43)) - raft.server.snapshot.retention.file.num = 5 (custom)
2019-11-13 16:20:42,543 [pool-199-thread-1] INFO  server.RaftServerConfigKeys (ConfUtils.java:logGet(43)) - raft.server.log.statemachine.data.sync.timeout.retry = -1 (default)
2019-11-13 16:20:42,543 [pool-229-thread-1] INFO  server.RaftServerConfigKeys (ConfUtils.java:logGet(43)) - raft.server.log.force.sync.num = 128 (default)
2019-11-13 16:20:42,543 [pool-199-thread-1] INFO  server.RaftServerConfigKeys (ConfUtils.java:logGet(43)) - raft.server.log.statemachine.data.caching.enabled = true (custom)
2019-11-13 16:20:42,543 [pool-219-thread-1] INFO  server.RaftServerConfigKeys (ConfUtils.java:logGet(43)) - raft.server.retrycache.expirytime = 600000ms (custom)
2019-11-13 16:20:42,543 [pool-229-thread-1] INFO  server.RaftServerConfigKeys (ConfUtils.java:logGet(43)) - raft.server.log.statemachine.data.sync = true (default)
2019-11-13 16:20:42,543 [pool-219-thread-1] WARN  impl.MetricRegistriesImpl (MetricRegistriesImpl.java:lambda$create$1(61)) - First MetricRegistry has been created without registering reporters. You may need to call MetricRegistries.global().addReportRegistration(...) before.
2019-11-13 16:20:42,543 [pool-199-thread-1] INFO  segmented.SegmentedRaftLogWorker (SegmentedRaftLogWorker.java:lambda$new$0(128)) - 285e9247-2161-496e-af81-9a87b6b231d9@group-E372D1E6AF5D-SegmentedRaftLogWorker: flushIndex: setUnconditionally 0 -> -1
2019-11-13 16:20:42,544 [pool-219-thread-1] WARN  impl.MetricRegistriesImpl (MetricRegistriesImpl.java:lambda$create$1(61)) - First MetricRegistry has been created without registering reporters. You may need to call MetricRegistries.global().addReportRegistration(...) before.
2019-11-13 16:20:42,543 [pool-229-thread-1] INFO  server.RaftServerConfigKeys (ConfUtils.java:logGet(43)) - raft.server.log.statemachine.data.sync.timeout = 10s (default)
2019-11-13 16:20:42,544 [pool-219-thread-1] INFO  impl.RaftServerImpl (RaftServerImpl.java:start(184)) - a3f5b1ff-5ddb-40c7-8bbd-1ae7c3cdb433@group-E372D1E6AF5D: start as a follower, conf=-1: [d45a2df2-8f38-43ec-9df7-e5c52ac58263:192.168.69.122:44126, 285e9247-2161-496e-af81-9a87b6b231d9:192.168.69.122:38616, a3f5b1ff-5ddb-40c7-8bbd-1ae7c3cdb433:192.168.69.122:40390], old=null
2019-11-13 16:20:42,544 [pool-199-thread-1] INFO  server.RaftServerConfigKeys (ConfUtils.java:logGet(43)) - raft.server.snapshot.auto.trigger.enabled = true (custom)
2019-11-13 16:20:42,544 [pool-219-thread-1] INFO  impl.RaftServerImpl (RaftServerImpl.java:setRole(173)) - a3f5b1ff-5ddb-40c7-8bbd-1ae7c3cdb433@group-E372D1E6AF5D: changes role from      null to FOLLOWER at term 0 for startAsFollower
2019-11-13 16:20:42,544 [pool-229-thread-1] INFO  server.RaftServerConfigKeys (ConfUtils.java:logGet(43)) - raft.server.log.statemachine.data.sync.timeout.retry = -1 (default)
2019-11-13 16:20:42,544 [pool-219-thread-1] INFO  impl.RoleInfo (RoleInfo.java:updateAndGet(143)) - a3f5b1ff-5ddb-40c7-8bbd-1ae7c3cdb433: start FollowerState
2019-11-13 16:20:42,544 [pool-199-thread-1] INFO  server.RaftServerConfigKeys (ConfUtils.java:logGet(43)) - raft.server.snapshot.auto.trigger.threshold = 10000 (custom)
2019-11-13 16:20:42,544 [pool-229-thread-1] INFO  server.RaftServerConfigKeys (ConfUtils.java:logGet(43)) - raft.server.log.statemachine.data.caching.enabled = true (custom)
2019-11-13 16:20:42,545 [pool-199-thread-1] INFO  server.RaftServerConfigKeys (ConfUtils.java:logGet(43)) - raft.server.snapshot.retention.file.num = 5 (custom)
2019-11-13 16:20:42,545 [pool-199-thread-1] INFO  server.RaftServerConfigKeys (ConfUtils.java:logGet(43)) - raft.server.retrycache.expirytime = 600000ms (custom)
2019-11-13 16:20:42,545 [pool-229-thread-1] INFO  segmented.SegmentedRaftLogWorker (SegmentedRaftLogWorker.java:lambda$new$0(128)) - d45a2df2-8f38-43ec-9df7-e5c52ac58263@group-E372D1E6AF5D-SegmentedRaftLogWorker: flushIndex: setUnconditionally 0 -> -1
2019-11-13 16:20:42,545 [pool-219-thread-1] INFO  util.JmxRegister (JmxRegister.java:tryRegister(44)) - Successfully registered JMX Bean with object name Ratis:service=RaftServer,group=group-E372D1E6AF5D,id=a3f5b1ff-5ddb-40c7-8bbd-1ae7c3cdb433
2019-11-13 16:20:42,545 [pool-199-thread-1] WARN  impl.MetricRegistriesImpl (MetricRegistriesImpl.java:lambda$create$1(61)) - First MetricRegistry has been created without registering reporters. You may need to call MetricRegistries.global().addReportRegistration(...) before.
2019-11-13 16:20:42,545 [pool-229-thread-1] INFO  server.RaftServerConfigKeys (ConfUtils.java:logGet(43)) - raft.server.snapshot.auto.trigger.enabled = true (custom)
2019-11-13 16:20:42,545 [pool-219-thread-1] WARN  impl.MetricRegistriesImpl (MetricRegistriesImpl.java:lambda$create$1(61)) - First MetricRegistry has been created without registering reporters. You may need to call MetricRegistries.global().addReportRegistration(...) before.
2019-11-13 16:20:42,545 [pool-229-thread-1] INFO  server.RaftServerConfigKeys (ConfUtils.java:logGet(43)) - raft.server.snapshot.auto.trigger.threshold = 10000 (custom)
2019-11-13 16:20:42,545 [pool-199-thread-1] WARN  impl.MetricRegistriesImpl (MetricRegistriesImpl.java:lambda$create$1(61)) - First MetricRegistry has been created without registering reporters. You may need to call MetricRegistries.global().addReportRegistration(...) before.
2019-11-13 16:20:42,546 [pool-229-thread-1] INFO  server.RaftServerConfigKeys (ConfUtils.java:logGet(43)) - raft.server.snapshot.retention.file.num = 5 (custom)
2019-11-13 16:20:42,546 [pool-199-thread-1] INFO  impl.RaftServerImpl (RaftServerImpl.java:start(184)) - 285e9247-2161-496e-af81-9a87b6b231d9@group-E372D1E6AF5D: start as a follower, conf=-1: [d45a2df2-8f38-43ec-9df7-e5c52ac58263:192.168.69.122:44126, 285e9247-2161-496e-af81-9a87b6b231d9:192.168.69.122:38616, a3f5b1ff-5ddb-40c7-8bbd-1ae7c3cdb433:192.168.69.122:40390], old=null
2019-11-13 16:20:42,546 [pool-229-thread-1] INFO  server.RaftServerConfigKeys (ConfUtils.java:logGet(43)) - raft.server.retrycache.expirytime = 600000ms (custom)
2019-11-13 16:20:42,546 [pool-199-thread-1] INFO  impl.RaftServerImpl (RaftServerImpl.java:setRole(173)) - 285e9247-2161-496e-af81-9a87b6b231d9@group-E372D1E6AF5D: changes role from      null to FOLLOWER at term 0 for startAsFollower
2019-11-13 16:20:42,546 [pool-229-thread-1] WARN  impl.MetricRegistriesImpl (MetricRegistriesImpl.java:lambda$create$1(61)) - First MetricRegistry has been created without registering reporters. You may need to call MetricRegistries.global().addReportRegistration(...) before.
2019-11-13 16:20:42,546 [pool-199-thread-1] INFO  impl.RoleInfo (RoleInfo.java:updateAndGet(143)) - 285e9247-2161-496e-af81-9a87b6b231d9: start FollowerState
2019-11-13 16:20:42,546 [pool-229-thread-1] WARN  impl.MetricRegistriesImpl (MetricRegistriesImpl.java:lambda$create$1(61)) - First MetricRegistry has been created without registering reporters. You may need to call MetricRegistries.global().addReportRegistration(...) before.
2019-11-13 16:20:42,546 [pool-199-thread-1] INFO  util.JmxRegister (JmxRegister.java:tryRegister(44)) - Successfully registered JMX Bean with object name Ratis:service=RaftServer,group=group-E372D1E6AF5D,id=285e9247-2161-496e-af81-9a87b6b231d9
2019-11-13 16:20:42,547 [pool-199-thread-1] WARN  impl.MetricRegistriesImpl (MetricRegistriesImpl.java:lambda$create$1(61)) - First MetricRegistry has been created without registering reporters. You may need to call MetricRegistries.global().addReportRegistration(...) before.
2019-11-13 16:20:42,547 [pool-229-thread-1] INFO  impl.RaftServerImpl (RaftServerImpl.java:start(184)) - d45a2df2-8f38-43ec-9df7-e5c52ac58263@group-E372D1E6AF5D: start as a follower, conf=-1: [d45a2df2-8f38-43ec-9df7-e5c52ac58263:192.168.69.122:44126, 285e9247-2161-496e-af81-9a87b6b231d9:192.168.69.122:38616, a3f5b1ff-5ddb-40c7-8bbd-1ae7c3cdb433:192.168.69.122:40390], old=null
2019-11-13 16:20:42,547 [pool-229-thread-1] INFO  impl.RaftServerImpl (RaftServerImpl.java:setRole(173)) - d45a2df2-8f38-43ec-9df7-e5c52ac58263@group-E372D1E6AF5D: changes role from      null to FOLLOWER at term 0 for startAsFollower
2019-11-13 16:20:42,547 [pool-229-thread-1] INFO  impl.RoleInfo (RoleInfo.java:updateAndGet(143)) - d45a2df2-8f38-43ec-9df7-e5c52ac58263: start FollowerState
2019-11-13 16:20:42,548 [pool-229-thread-1] INFO  util.JmxRegister (JmxRegister.java:tryRegister(44)) - Successfully registered JMX Bean with object name Ratis:service=RaftServer,group=group-E372D1E6AF5D,id=d45a2df2-8f38-43ec-9df7-e5c52ac58263
2019-11-13 16:20:42,548 [pool-229-thread-1] WARN  impl.MetricRegistriesImpl (MetricRegistriesImpl.java:lambda$create$1(61)) - First MetricRegistry has been created without registering reporters. You may need to call MetricRegistries.global().addReportRegistration(...) before.
2019-11-13 16:20:42,551 [RatisPipelineUtilsThread] INFO  pipeline.PipelineStateManager (PipelineStateManager.java:addPipeline(55)) - Created pipeline Pipeline[ Id: b926bd6a-4041-4dff-bb3d-e372d1e6af5d, Nodes: a3f5b1ff-5ddb-40c7-8bbd-1ae7c3cdb433{ip: 192.168.69.122, host: pr-hdds-2467-gc456-181853687, networkLocation: /rack1, certSerialId: null}d45a2df2-8f38-43ec-9df7-e5c52ac58263{ip: 192.168.69.122, host: pr-hdds-2467-gc456-181853687, networkLocation: /rack1, certSerialId: null}285e9247-2161-496e-af81-9a87b6b231d9{ip: 192.168.69.122, host: pr-hdds-2467-gc456-181853687, networkLocation: /rack1, certSerialId: null}, Type:RATIS, Factor:THREE, State:ALLOCATED]
2019-11-13 16:20:42,552 [main] INFO  ozone.MiniOzoneClusterImpl (MiniOzoneClusterImpl.java:lambda$waitForClusterToBeReady$2(163)) - Waiting for 13 number of pipelines out of 13, to report a leader.
2019-11-13 16:20:42,773 [Thread-1315] INFO  impl.FollowerState (FollowerState.java:run(111)) - c8ab3730-25d4-490d-a322-cbffb61abc7d@group-E9F09C7F5234-FollowerState: change to CANDIDATE, lastRpcTime:1117ms, electionTimeout:1117ms
2019-11-13 16:20:42,774 [Thread-1315] INFO  impl.RoleInfo (RoleInfo.java:shutdownFollowerState(121)) - c8ab3730-25d4-490d-a322-cbffb61abc7d: shutdown FollowerState
2019-11-13 16:20:42,774 [Thread-1315] INFO  impl.RaftServerImpl (RaftServerImpl.java:setRole(173)) - c8ab3730-25d4-490d-a322-cbffb61abc7d@group-E9F09C7F5234: changes role from  FOLLOWER to CANDIDATE at term 0 for changeToCandidate
2019-11-13 16:20:42,774 [Thread-1315] INFO  impl.RoleInfo (RoleInfo.java:updateAndGet(143)) - c8ab3730-25d4-490d-a322-cbffb61abc7d: start LeaderElection
2019-11-13 16:20:42,805 [c8ab3730-25d4-490d-a322-cbffb61abc7d@group-E9F09C7F5234-LeaderElection68] INFO  impl.LeaderElection (LeaderElection.java:askForVotes(178)) - c8ab3730-25d4-490d-a322-cbffb61abc7d@group-E9F09C7F5234-LeaderElection68: begin an election at term 1 for -1: [c8ab3730-25d4-490d-a322-cbffb61abc7d:192.168.69.122:32878], old=null
2019-11-13 16:20:42,805 [c8ab3730-25d4-490d-a322-cbffb61abc7d@group-E9F09C7F5234-LeaderElection68] INFO  impl.RoleInfo (RoleInfo.java:shutdownLeaderElection(134)) - c8ab3730-25d4-490d-a322-cbffb61abc7d: shutdown LeaderElection
2019-11-13 16:20:42,805 [c8ab3730-25d4-490d-a322-cbffb61abc7d@group-E9F09C7F5234-LeaderElection68] INFO  impl.RaftServerImpl (RaftServerImpl.java:setRole(173)) - c8ab3730-25d4-490d-a322-cbffb61abc7d@group-E9F09C7F5234: changes role from CANDIDATE to LEADER at term 1 for changeToLeader
2019-11-13 16:20:42,805 [c8ab3730-25d4-490d-a322-cbffb61abc7d@group-E9F09C7F5234-LeaderElection68] INFO  ratis.XceiverServerRatis (XceiverServerRatis.java:handleLeaderChangedNotification(697)) - Leader change notification received for group: group-E9F09C7F5234 with new leaderId: c8ab3730-25d4-490d-a322-cbffb61abc7d
2019-11-13 16:20:42,805 [c8ab3730-25d4-490d-a322-cbffb61abc7d@group-E9F09C7F5234-LeaderElection68] INFO  impl.RaftServerImpl (ServerState.java:setLeader(255)) - c8ab3730-25d4-490d-a322-cbffb61abc7d@group-E9F09C7F5234: change Leader from null to c8ab3730-25d4-490d-a322-cbffb61abc7d at term 1 for becomeLeader, leader elected after 1154ms
2019-11-13 16:20:42,805 [c8ab3730-25d4-490d-a322-cbffb61abc7d@group-E9F09C7F5234-LeaderElection68] INFO  server.RaftServerConfigKeys (ConfUtils.java:logGet(43)) - raft.server.staging.catchup.gap = 1000 (default)
2019-11-13 16:20:42,805 [c8ab3730-25d4-490d-a322-cbffb61abc7d@group-E9F09C7F5234-LeaderElection68] INFO  server.RaftServerConfigKeys (ConfUtils.java:logGet(43)) - raft.server.rpc.sleep.time = 25ms (default)
2019-11-13 16:20:42,809 [c8ab3730-25d4-490d-a322-cbffb61abc7d@group-E9F09C7F5234-LeaderElection68] INFO  server.RaftServerConfigKeys (ConfUtils.java:logGet(43)) - raft.server.write.element-limit = 4096 (default)
2019-11-13 16:20:42,809 [c8ab3730-25d4-490d-a322-cbffb61abc7d@group-E9F09C7F5234-LeaderElection68] INFO  server.RaftServerConfigKeys (ConfUtils.java:logGet(43)) - raft.server.watch.timeout = 10s (default)
2019-11-13 16:20:42,809 [c8ab3730-25d4-490d-a322-cbffb61abc7d@group-E9F09C7F5234-LeaderElection68] INFO  server.RaftServerConfigKeys (ConfUtils.java:logGet(43)) - raft.server.watch.timeout.denomination = 1s (default)
2019-11-13 16:20:42,809 [c8ab3730-25d4-490d-a322-cbffb61abc7d@group-E9F09C7F5234-LeaderElection68] INFO  server.RaftServerConfigKeys (ConfUtils.java:logGet(43)) - raft.server.watch.element-limit = 65536 (default)
2019-11-13 16:20:42,809 [c8ab3730-25d4-490d-a322-cbffb61abc7d@group-E9F09C7F5234-LeaderElection68] INFO  impl.RoleInfo (RoleInfo.java:updateAndGet(143)) - c8ab3730-25d4-490d-a322-cbffb61abc7d: start LeaderState
2019-11-13 16:20:42,810 [c8ab3730-25d4-490d-a322-cbffb61abc7d@group-E9F09C7F5234-LeaderElection68] INFO  segmented.SegmentedRaftLogWorker (SegmentedRaftLogWorker.java:startLogSegment(385)) - c8ab3730-25d4-490d-a322-cbffb61abc7d@group-E9F09C7F5234-SegmentedRaftLogWorker: Starting segment from index:0
2019-11-13 16:20:42,810 [EventQueue-PipelineReportForPipelineReportHandler] INFO  pipeline.PipelineStateManager (PipelineStateManager.java:openPipeline(134)) - Pipeline Pipeline[ Id: ac621ddf-6f11-41af-89b6-e9f09c7f5234, Nodes: c8ab3730-25d4-490d-a322-cbffb61abc7d{ip: 192.168.69.122, host: pr-hdds-2467-gc456-181853687, networkLocation: /rack1, certSerialId: null}, Type:RATIS, Factor:ONE, State:OPEN] moved to OPEN state
2019-11-13 16:20:42,810 [c8ab3730-25d4-490d-a322-cbffb61abc7d@group-E9F09C7F5234-LeaderElection68] INFO  impl.RaftServerImpl (ServerState.java:setRaftConf(356)) - c8ab3730-25d4-490d-a322-cbffb61abc7d@group-E9F09C7F5234: set configuration 0: [c8ab3730-25d4-490d-a322-cbffb61abc7d:192.168.69.122:32878], old=null at 0
2019-11-13 16:20:42,826 [Thread-1318] INFO  impl.FollowerState (FollowerState.java:run(111)) - 66a098cb-53c0-4f05-8b16-ad76b3c07384@group-A01E59BD29C5-FollowerState: change to CANDIDATE, lastRpcTime:1094ms, electionTimeout:1094ms
2019-11-13 16:20:42,826 [Thread-1318] INFO  impl.RoleInfo (RoleInfo.java:shutdownFollowerState(121)) - 66a098cb-53c0-4f05-8b16-ad76b3c07384: shutdown FollowerState
2019-11-13 16:20:42,826 [Thread-1318] INFO  impl.RaftServerImpl (RaftServerImpl.java:setRole(173)) - 66a098cb-53c0-4f05-8b16-ad76b3c07384@group-A01E59BD29C5: changes role from  FOLLOWER to CANDIDATE at term 0 for changeToCandidate
2019-11-13 16:20:42,826 [Thread-1318] INFO  impl.RoleInfo (RoleInfo.java:updateAndGet(143)) - 66a098cb-53c0-4f05-8b16-ad76b3c07384: start LeaderElection
2019-11-13 16:20:42,872 [c8ab3730-25d4-490d-a322-cbffb61abc7d@group-E9F09C7F5234-SegmentedRaftLogWorker] INFO  segmented.SegmentedRaftLogWorker (SegmentedRaftLogWorker.java:execute(576)) - c8ab3730-25d4-490d-a322-cbffb61abc7d@group-E9F09C7F5234-SegmentedRaftLogWorker: created new log segment /workdir/hadoop-ozone/integration-test/target/test-dir/MiniOzoneClusterImpl-3a974f43-0da0-4ff7-ab4a-31bb81b91875/datanode-0/data/ratis/ac621ddf-6f11-41af-89b6-e9f09c7f5234/current/log_inprogress_0
2019-11-13 16:20:42,872 [66a098cb-53c0-4f05-8b16-ad76b3c07384@group-A01E59BD29C5-LeaderElection69] INFO  impl.LeaderElection (LeaderElection.java:askForVotes(178)) - 66a098cb-53c0-4f05-8b16-ad76b3c07384@group-A01E59BD29C5-LeaderElection69: begin an election at term 1 for -1: [66a098cb-53c0-4f05-8b16-ad76b3c07384:192.168.69.122:36855], old=null
2019-11-13 16:20:42,872 [66a098cb-53c0-4f05-8b16-ad76b3c07384@group-A01E59BD29C5-LeaderElection69] INFO  impl.RoleInfo (RoleInfo.java:shutdownLeaderElection(134)) - 66a098cb-53c0-4f05-8b16-ad76b3c07384: shutdown LeaderElection
2019-11-13 16:20:42,872 [66a098cb-53c0-4f05-8b16-ad76b3c07384@group-A01E59BD29C5-LeaderElection69] INFO  impl.RaftServerImpl (RaftServerImpl.java:setRole(173)) - 66a098cb-53c0-4f05-8b16-ad76b3c07384@group-A01E59BD29C5: changes role from CANDIDATE to LEADER at term 1 for changeToLeader
2019-11-13 16:20:42,872 [66a098cb-53c0-4f05-8b16-ad76b3c07384@group-A01E59BD29C5-LeaderElection69] INFO  ratis.XceiverServerRatis (XceiverServerRatis.java:handleLeaderChangedNotification(697)) - Leader change notification received for group: group-A01E59BD29C5 with new leaderId: 66a098cb-53c0-4f05-8b16-ad76b3c07384
2019-11-13 16:20:42,872 [66a098cb-53c0-4f05-8b16-ad76b3c07384@group-A01E59BD29C5-LeaderElection69] INFO  impl.RaftServerImpl (ServerState.java:setLeader(255)) - 66a098cb-53c0-4f05-8b16-ad76b3c07384@group-A01E59BD29C5: change Leader from null to 66a098cb-53c0-4f05-8b16-ad76b3c07384 at term 1 for becomeLeader, leader elected after 1145ms
2019-11-13 16:20:42,873 [66a098cb-53c0-4f05-8b16-ad76b3c07384@group-A01E59BD29C5-LeaderElection69] INFO  server.RaftServerConfigKeys (ConfUtils.java:logGet(43)) - raft.server.staging.catchup.gap = 1000 (default)
2019-11-13 16:20:42,873 [66a098cb-53c0-4f05-8b16-ad76b3c07384@group-A01E59BD29C5-LeaderElection69] INFO  server.RaftServerConfigKeys (ConfUtils.java:logGet(43)) - raft.server.rpc.sleep.time = 25ms (default)
2019-11-13 16:20:42,875 [66a098cb-53c0-4f05-8b16-ad76b3c07384@group-A01E59BD29C5-LeaderElection69] INFO  server.RaftServerConfigKeys (ConfUtils.java:logGet(43)) - raft.server.write.element-limit = 4096 (default)
2019-11-13 16:20:42,875 [66a098cb-53c0-4f05-8b16-ad76b3c07384@group-A01E59BD29C5-LeaderElection69] INFO  server.RaftServerConfigKeys (ConfUtils.java:logGet(43)) - raft.server.watch.timeout = 10s (default)
2019-11-13 16:20:42,876 [66a098cb-53c0-4f05-8b16-ad76b3c07384@group-A01E59BD29C5-LeaderElection69] INFO  server.RaftServerConfigKeys (ConfUtils.java:logGet(43)) - raft.server.watch.timeout.denomination = 1s (default)
2019-11-13 16:20:42,876 [66a098cb-53c0-4f05-8b16-ad76b3c07384@group-A01E59BD29C5-LeaderElection69] INFO  server.RaftServerConfigKeys (ConfUtils.java:logGet(43)) - raft.server.watch.element-limit = 65536 (default)
2019-11-13 16:20:42,876 [66a098cb-53c0-4f05-8b16-ad76b3c07384@group-A01E59BD29C5-LeaderElection69] INFO  impl.RoleInfo (RoleInfo.java:updateAndGet(143)) - 66a098cb-53c0-4f05-8b16-ad76b3c07384: start LeaderState
2019-11-13 16:20:42,876 [EventQueue-PipelineReportForPipelineReportHandler] INFO  pipeline.PipelineStateManager (PipelineStateManager.java:openPipeline(134)) - Pipeline Pipeline[ Id: 7277cf01-eaba-40e5-8d45-a01e59bd29c5, Nodes: 66a098cb-53c0-4f05-8b16-ad76b3c07384{ip: 192.168.69.122, host: pr-hdds-2467-gc456-181853687, networkLocation: /rack1, certSerialId: null}, Type:RATIS, Factor:ONE, State:OPEN] moved to OPEN state
2019-11-13 16:20:42,876 [66a098cb-53c0-4f05-8b16-ad76b3c07384@group-A01E59BD29C5-LeaderElection69] INFO  segmented.SegmentedRaftLogWorker (SegmentedRaftLogWorker.java:startLogSegment(385)) - 66a098cb-53c0-4f05-8b16-ad76b3c07384@group-A01E59BD29C5-SegmentedRaftLogWorker: Starting segment from index:0
2019-11-13 16:20:42,877 [66a098cb-53c0-4f05-8b16-ad76b3c07384@group-A01E59BD29C5-LeaderElection69] INFO  impl.RaftServerImpl (ServerState.java:setRaftConf(356)) - 66a098cb-53c0-4f05-8b16-ad76b3c07384@group-A01E59BD29C5: set configuration 0: [66a098cb-53c0-4f05-8b16-ad76b3c07384:192.168.69.122:36855], old=null at 0
2019-11-13 16:20:42,930 [66a098cb-53c0-4f05-8b16-ad76b3c07384@group-A01E59BD29C5-SegmentedRaftLogWorker] INFO  segmented.SegmentedRaftLogWorker (SegmentedRaftLogWorker.java:execute(576)) - 66a098cb-53c0-4f05-8b16-ad76b3c07384@group-A01E59BD29C5-SegmentedRaftLogWorker: created new log segment /workdir/hadoop-ozone/integration-test/target/test-dir/MiniOzoneClusterImpl-3a974f43-0da0-4ff7-ab4a-31bb81b91875/datanode-1/data/ratis/7277cf01-eaba-40e5-8d45-a01e59bd29c5/current/log_inprogress_0
2019-11-13 16:20:42,967 [Thread-1321] INFO  impl.FollowerState (FollowerState.java:run(111)) - 3fa6b523-0f53-44bb-b345-f5f355eab07b@group-94EB15591EA3-FollowerState: change to CANDIDATE, lastRpcTime:1170ms, electionTimeout:1170ms
2019-11-13 16:20:42,967 [Thread-1321] INFO  impl.RoleInfo (RoleInfo.java:shutdownFollowerState(121)) - 3fa6b523-0f53-44bb-b345-f5f355eab07b: shutdown FollowerState
2019-11-13 16:20:42,968 [Thread-1321] INFO  impl.RaftServerImpl (RaftServerImpl.java:setRole(173)) - 3fa6b523-0f53-44bb-b345-f5f355eab07b@group-94EB15591EA3: changes role from  FOLLOWER to CANDIDATE at term 0 for changeToCandidate
2019-11-13 16:20:42,968 [Thread-1321] INFO  impl.RoleInfo (RoleInfo.java:updateAndGet(143)) - 3fa6b523-0f53-44bb-b345-f5f355eab07b: start LeaderElection
2019-11-13 16:20:42,998 [3fa6b523-0f53-44bb-b345-f5f355eab07b@group-94EB15591EA3-LeaderElection70] INFO  impl.LeaderElection (LeaderElection.java:askForVotes(178)) - 3fa6b523-0f53-44bb-b345-f5f355eab07b@group-94EB15591EA3-LeaderElection70: begin an election at term 1 for -1: [3fa6b523-0f53-44bb-b345-f5f355eab07b:192.168.69.122:39811], old=null
2019-11-13 16:20:42,998 [3fa6b523-0f53-44bb-b345-f5f355eab07b@group-94EB15591EA3-LeaderElection70] INFO  impl.RoleInfo (RoleInfo.java:shutdownLeaderElection(134)) - 3fa6b523-0f53-44bb-b345-f5f355eab07b: shutdown LeaderElection
2019-11-13 16:20:42,998 [3fa6b523-0f53-44bb-b345-f5f355eab07b@group-94EB15591EA3-LeaderElection70] INFO  impl.RaftServerImpl (RaftServerImpl.java:setRole(173)) - 3fa6b523-0f53-44bb-b345-f5f355eab07b@group-94EB15591EA3: changes role from CANDIDATE to LEADER at term 1 for changeToLeader
2019-11-13 16:20:42,998 [3fa6b523-0f53-44bb-b345-f5f355eab07b@group-94EB15591EA3-LeaderElection70] INFO  ratis.XceiverServerRatis (XceiverServerRatis.java:handleLeaderChangedNotification(697)) - Leader change notification received for group: group-94EB15591EA3 with new leaderId: 3fa6b523-0f53-44bb-b345-f5f355eab07b
2019-11-13 16:20:42,999 [3fa6b523-0f53-44bb-b345-f5f355eab07b@group-94EB15591EA3-LeaderElection70] INFO  impl.RaftServerImpl (ServerState.java:setLeader(255)) - 3fa6b523-0f53-44bb-b345-f5f355eab07b@group-94EB15591EA3: change Leader from null to 3fa6b523-0f53-44bb-b345-f5f355eab07b at term 1 for becomeLeader, leader elected after 1204ms
2019-11-13 16:20:42,999 [3fa6b523-0f53-44bb-b345-f5f355eab07b@group-94EB15591EA3-LeaderElection70] INFO  server.RaftServerConfigKeys (ConfUtils.java:logGet(43)) - raft.server.staging.catchup.gap = 1000 (default)
2019-11-13 16:20:43,002 [3fa6b523-0f53-44bb-b345-f5f355eab07b@group-94EB15591EA3-LeaderElection70] INFO  server.RaftServerConfigKeys (ConfUtils.java:logGet(43)) - raft.server.rpc.sleep.time = 25ms (default)
2019-11-13 16:20:43,002 [3fa6b523-0f53-44bb-b345-f5f355eab07b@group-94EB15591EA3-LeaderElection70] INFO  server.RaftServerConfigKeys (ConfUtils.java:logGet(43)) - raft.server.write.element-limit = 4096 (default)
2019-11-13 16:20:43,002 [3fa6b523-0f53-44bb-b345-f5f355eab07b@group-94EB15591EA3-LeaderElection70] INFO  server.RaftServerConfigKeys (ConfUtils.java:logGet(43)) - raft.server.watch.timeout = 10s (default)
2019-11-13 16:20:43,003 [3fa6b523-0f53-44bb-b345-f5f355eab07b@group-94EB15591EA3-LeaderElection70] INFO  server.RaftServerConfigKeys (ConfUtils.java:logGet(43)) - raft.server.watch.timeout.denomination = 1s (default)
2019-11-13 16:20:43,003 [3fa6b523-0f53-44bb-b345-f5f355eab07b@group-94EB15591EA3-LeaderElection70] INFO  server.RaftServerConfigKeys (ConfUtils.java:logGet(43)) - raft.server.watch.element-limit = 65536 (default)
2019-11-13 16:20:43,003 [EventQueue-PipelineReportForPipelineReportHandler] INFO  pipeline.PipelineStateManager (PipelineStateManager.java:openPipeline(134)) - Pipeline Pipeline[ Id: 1f80017f-8653-416a-b8d8-94eb15591ea3, Nodes: 3fa6b523-0f53-44bb-b345-f5f355eab07b{ip: 192.168.69.122, host: pr-hdds-2467-gc456-181853687, networkLocation: /rack1, certSerialId: null}, Type:RATIS, Factor:ONE, State:OPEN] moved to OPEN state
2019-11-13 16:20:43,003 [3fa6b523-0f53-44bb-b345-f5f355eab07b@group-94EB15591EA3-LeaderElection70] INFO  impl.RoleInfo (RoleInfo.java:updateAndGet(143)) - 3fa6b523-0f53-44bb-b345-f5f355eab07b: start LeaderState
2019-11-13 16:20:43,004 [3fa6b523-0f53-44bb-b345-f5f355eab07b@group-94EB15591EA3-LeaderElection70] INFO  segmented.SegmentedRaftLogWorker (SegmentedRaftLogWorker.java:startLogSegment(385)) - 3fa6b523-0f53-44bb-b345-f5f355eab07b@group-94EB15591EA3-SegmentedRaftLogWorker: Starting segment from index:0
2019-11-13 16:20:43,004 [3fa6b523-0f53-44bb-b345-f5f355eab07b@group-94EB15591EA3-LeaderElection70] INFO  impl.RaftServerImpl (ServerState.java:setRaftConf(356)) - 3fa6b523-0f53-44bb-b345-f5f355eab07b@group-94EB15591EA3: set configuration 0: [3fa6b523-0f53-44bb-b345-f5f355eab07b:192.168.69.122:39811], old=null at 0
2019-11-13 16:20:43,020 [Thread-1330] INFO  impl.FollowerState (FollowerState.java:run(111)) - c8ab3730-25d4-490d-a322-cbffb61abc7d@group-EB04782E8565-FollowerState: change to CANDIDATE, lastRpcTime:1016ms, electionTimeout:1016ms
2019-11-13 16:20:43,020 [Thread-1330] INFO  impl.RoleInfo (RoleInfo.java:shutdownFollowerState(121)) - c8ab3730-25d4-490d-a322-cbffb61abc7d: shutdown FollowerState
2019-11-13 16:20:43,020 [Thread-1330] INFO  impl.RaftServerImpl (RaftServerImpl.java:setRole(173)) - c8ab3730-25d4-490d-a322-cbffb61abc7d@group-EB04782E8565: changes role from  FOLLOWER to CANDIDATE at term 0 for changeToCandidate
2019-11-13 16:20:43,020 [Thread-1330] INFO  impl.RoleInfo (RoleInfo.java:updateAndGet(143)) - c8ab3730-25d4-490d-a322-cbffb61abc7d: start LeaderElection
2019-11-13 16:20:43,047 [Thread-1324] INFO  impl.FollowerState (FollowerState.java:run(111)) - 0d99dfee-4670-49f5-9a57-a4288445f0bf@group-D4AB5C69548D-FollowerState: change to CANDIDATE, lastRpcTime:1182ms, electionTimeout:1182ms
2019-11-13 16:20:43,047 [Thread-1324] INFO  impl.RoleInfo (RoleInfo.java:shutdownFollowerState(121)) - 0d99dfee-4670-49f5-9a57-a4288445f0bf: shutdown FollowerState
2019-11-13 16:20:43,047 [Thread-1324] INFO  impl.RaftServerImpl (RaftServerImpl.java:setRole(173)) - 0d99dfee-4670-49f5-9a57-a4288445f0bf@group-D4AB5C69548D: changes role from  FOLLOWER to CANDIDATE at term 0 for changeToCandidate
2019-11-13 16:20:43,047 [Thread-1324] INFO  impl.RoleInfo (RoleInfo.java:updateAndGet(143)) - 0d99dfee-4670-49f5-9a57-a4288445f0bf: start LeaderElection
2019-11-13 16:20:43,054 [Thread-1327] INFO  impl.FollowerState (FollowerState.java:run(111)) - 23e196cf-bea2-4a46-b492-74457a62baf8@group-E7641EBFBD80-FollowerState: change to CANDIDATE, lastRpcTime:1130ms, electionTimeout:1130ms
2019-11-13 16:20:43,054 [Thread-1327] INFO  impl.RoleInfo (RoleInfo.java:shutdownFollowerState(121)) - 23e196cf-bea2-4a46-b492-74457a62baf8: shutdown FollowerState
2019-11-13 16:20:43,054 [Thread-1327] INFO  impl.RaftServerImpl (RaftServerImpl.java:setRole(173)) - 23e196cf-bea2-4a46-b492-74457a62baf8@group-E7641EBFBD80: changes role from  FOLLOWER to CANDIDATE at term 0 for changeToCandidate
2019-11-13 16:20:43,054 [Thread-1327] INFO  impl.RoleInfo (RoleInfo.java:updateAndGet(143)) - 23e196cf-bea2-4a46-b492-74457a62baf8: start LeaderElection
2019-11-13 16:20:43,065 [3fa6b523-0f53-44bb-b345-f5f355eab07b@group-94EB15591EA3-SegmentedRaftLogWorker] INFO  segmented.SegmentedRaftLogWorker (SegmentedRaftLogWorker.java:execute(576)) - 3fa6b523-0f53-44bb-b345-f5f355eab07b@group-94EB15591EA3-SegmentedRaftLogWorker: created new log segment /workdir/hadoop-ozone/integration-test/target/test-dir/MiniOzoneClusterImpl-3a974f43-0da0-4ff7-ab4a-31bb81b91875/datanode-2/data/ratis/1f80017f-8653-416a-b8d8-94eb15591ea3/current/log_inprogress_0
2019-11-13 16:20:43,065 [c8ab3730-25d4-490d-a322-cbffb61abc7d@group-EB04782E8565-LeaderElection71] INFO  impl.LeaderElection (LeaderElection.java:askForVotes(178)) - c8ab3730-25d4-490d-a322-cbffb61abc7d@group-EB04782E8565-LeaderElection71: begin an election at term 1 for -1: [0d99dfee-4670-49f5-9a57-a4288445f0bf:192.168.69.122:44563, c8ab3730-25d4-490d-a322-cbffb61abc7d:192.168.69.122:32878, 23e196cf-bea2-4a46-b492-74457a62baf8:192.168.69.122:43821], old=null
2019-11-13 16:20:43,072 [grpc-default-executor-3] INFO  impl.RaftServerImpl (RaftServerImpl.java:setRole(173)) - 23e196cf-bea2-4a46-b492-74457a62baf8@group-EB04782E8565: changes role from  FOLLOWER to FOLLOWER at term 1 for recognizeCandidate:c8ab3730-25d4-490d-a322-cbffb61abc7d
2019-11-13 16:20:43,072 [grpc-default-executor-5] INFO  impl.RaftServerImpl (RaftServerImpl.java:setRole(173)) - 0d99dfee-4670-49f5-9a57-a4288445f0bf@group-EB04782E8565: changes role from  FOLLOWER to FOLLOWER at term 1 for recognizeCandidate:c8ab3730-25d4-490d-a322-cbffb61abc7d
2019-11-13 16:20:43,072 [grpc-default-executor-3] INFO  impl.RoleInfo (RoleInfo.java:shutdownFollowerState(121)) - 23e196cf-bea2-4a46-b492-74457a62baf8: shutdown FollowerState
2019-11-13 16:20:43,072 [grpc-default-executor-5] INFO  impl.RoleInfo (RoleInfo.java:shutdownFollowerState(121)) - 0d99dfee-4670-49f5-9a57-a4288445f0bf: shutdown FollowerState
2019-11-13 16:20:43,072 [Thread-1335] INFO  impl.FollowerState (FollowerState.java:run(120)) - 23e196cf-bea2-4a46-b492-74457a62baf8@group-EB04782E8565-FollowerState was interrupted: java.lang.InterruptedException: sleep interrupted
2019-11-13 16:20:43,072 [grpc-default-executor-3] INFO  impl.RoleInfo (RoleInfo.java:updateAndGet(143)) - 23e196cf-bea2-4a46-b492-74457a62baf8: start FollowerState
2019-11-13 16:20:43,073 [grpc-default-executor-5] INFO  impl.RoleInfo (RoleInfo.java:updateAndGet(143)) - 0d99dfee-4670-49f5-9a57-a4288445f0bf: start FollowerState
2019-11-13 16:20:43,073 [Thread-1334] INFO  impl.FollowerState (FollowerState.java:run(120)) - 0d99dfee-4670-49f5-9a57-a4288445f0bf@group-EB04782E8565-FollowerState was interrupted: java.lang.InterruptedException: sleep interrupted
2019-11-13 16:20:43,082 [23e196cf-bea2-4a46-b492-74457a62baf8@group-E7641EBFBD80-LeaderElection73] INFO  impl.LeaderElection (LeaderElection.java:askForVotes(178)) - 23e196cf-bea2-4a46-b492-74457a62baf8@group-E7641EBFBD80-LeaderElection73: begin an election at term 1 for -1: [23e196cf-bea2-4a46-b492-74457a62baf8:192.168.69.122:43821], old=null
2019-11-13 16:20:43,082 [0d99dfee-4670-49f5-9a57-a4288445f0bf@group-D4AB5C69548D-LeaderElection72] INFO  impl.LeaderElection (LeaderElection.java:askForVotes(178)) - 0d99dfee-4670-49f5-9a57-a4288445f0bf@group-D4AB5C69548D-LeaderElection72: begin an election at term 1 for -1: [0d99dfee-4670-49f5-9a57-a4288445f0bf:192.168.69.122:44563], old=null
2019-11-13 16:20:43,082 [23e196cf-bea2-4a46-b492-74457a62baf8@group-E7641EBFBD80-LeaderElection73] INFO  impl.RoleInfo (RoleInfo.java:shutdownLeaderElection(134)) - 23e196cf-bea2-4a46-b492-74457a62baf8: shutdown LeaderElection
2019-11-13 16:20:43,083 [0d99dfee-4670-49f5-9a57-a4288445f0bf@group-D4AB5C69548D-LeaderElection72] INFO  impl.RoleInfo (RoleInfo.java:shutdownLeaderElection(134)) - 0d99dfee-4670-49f5-9a57-a4288445f0bf: shutdown LeaderElection
2019-11-13 16:20:43,083 [23e196cf-bea2-4a46-b492-74457a62baf8@group-E7641EBFBD80-LeaderElection73] INFO  impl.RaftServerImpl (RaftServerImpl.java:setRole(173)) - 23e196cf-bea2-4a46-b492-74457a62baf8@group-E7641EBFBD80: changes role from CANDIDATE to LEADER at term 1 for changeToLeader
2019-11-13 16:20:43,083 [0d99dfee-4670-49f5-9a57-a4288445f0bf@group-D4AB5C69548D-LeaderElection72] INFO  impl.RaftServerImpl (RaftServerImpl.java:setRole(173)) - 0d99dfee-4670-49f5-9a57-a4288445f0bf@group-D4AB5C69548D: changes role from CANDIDATE to LEADER at term 1 for changeToLeader
2019-11-13 16:20:43,083 [23e196cf-bea2-4a46-b492-74457a62baf8@group-E7641EBFBD80-LeaderElection73] INFO  ratis.XceiverServerRatis (XceiverServerRatis.java:handleLeaderChangedNotification(697)) - Leader change notification received for group: group-E7641EBFBD80 with new leaderId: 23e196cf-bea2-4a46-b492-74457a62baf8
2019-11-13 16:20:43,083 [0d99dfee-4670-49f5-9a57-a4288445f0bf@group-D4AB5C69548D-LeaderElection72] INFO  ratis.XceiverServerRatis (XceiverServerRatis.java:handleLeaderChangedNotification(697)) - Leader change notification received for group: group-D4AB5C69548D with new leaderId: 0d99dfee-4670-49f5-9a57-a4288445f0bf
2019-11-13 16:20:43,083 [23e196cf-bea2-4a46-b492-74457a62baf8@group-E7641EBFBD80-LeaderElection73] INFO  impl.RaftServerImpl (ServerState.java:setLeader(255)) - 23e196cf-bea2-4a46-b492-74457a62baf8@group-E7641EBFBD80: change Leader from null to 23e196cf-bea2-4a46-b492-74457a62baf8 at term 1 for becomeLeader, leader elected after 1162ms
2019-11-13 16:20:43,083 [0d99dfee-4670-49f5-9a57-a4288445f0bf@group-D4AB5C69548D-LeaderElection72] INFO  impl.RaftServerImpl (ServerState.java:setLeader(255)) - 0d99dfee-4670-49f5-9a57-a4288445f0bf@group-D4AB5C69548D: change Leader from null to 0d99dfee-4670-49f5-9a57-a4288445f0bf at term 1 for becomeLeader, leader elected after 1221ms
2019-11-13 16:20:43,083 [23e196cf-bea2-4a46-b492-74457a62baf8@group-E7641EBFBD80-LeaderElection73] INFO  server.RaftServerConfigKeys (ConfUtils.java:logGet(43)) - raft.server.staging.catchup.gap = 1000 (default)
2019-11-13 16:20:43,083 [0d99dfee-4670-49f5-9a57-a4288445f0bf@group-D4AB5C69548D-LeaderElection72] INFO  server.RaftServerConfigKeys (ConfUtils.java:logGet(43)) - raft.server.staging.catchup.gap = 1000 (default)
2019-11-13 16:20:43,085 [23e196cf-bea2-4a46-b492-74457a62baf8@group-E7641EBFBD80-LeaderElection73] INFO  server.RaftServerConfigKeys (ConfUtils.java:logGet(43)) - raft.server.rpc.sleep.time = 25ms (default)
2019-11-13 16:20:43,086 [0d99dfee-4670-49f5-9a57-a4288445f0bf@group-D4AB5C69548D-LeaderElection72] INFO  server.RaftServerConfigKeys (ConfUtils.java:logGet(43)) - raft.server.rpc.sleep.time = 25ms (default)
2019-11-13 16:20:43,086 [23e196cf-bea2-4a46-b492-74457a62baf8@group-E7641EBFBD80-LeaderElection73] INFO  server.RaftServerConfigKeys (ConfUtils.java:logGet(43)) - raft.server.write.element-limit = 4096 (default)
2019-11-13 16:20:43,086 [0d99dfee-4670-49f5-9a57-a4288445f0bf@group-D4AB5C69548D-LeaderElection72] INFO  server.RaftServerConfigKeys (ConfUtils.java:logGet(43)) - raft.server.write.element-limit = 4096 (default)
2019-11-13 16:20:43,086 [23e196cf-bea2-4a46-b492-74457a62baf8@group-E7641EBFBD80-LeaderElection73] INFO  server.RaftServerConfigKeys (ConfUtils.java:logGet(43)) - raft.server.watch.timeout = 10s (default)
2019-11-13 16:20:43,086 [0d99dfee-4670-49f5-9a57-a4288445f0bf@group-D4AB5C69548D-LeaderElection72] INFO  server.RaftServerConfigKeys (ConfUtils.java:logGet(43)) - raft.server.watch.timeout = 10s (default)
2019-11-13 16:20:43,086 [23e196cf-bea2-4a46-b492-74457a62baf8@group-E7641EBFBD80-LeaderElection73] INFO  server.RaftServerConfigKeys (ConfUtils.java:logGet(43)) - raft.server.watch.timeout.denomination = 1s (default)
2019-11-13 16:20:43,086 [EventQueue-PipelineReportForPipelineReportHandler] INFO  pipeline.PipelineStateManager (PipelineStateManager.java:openPipeline(134)) - Pipeline Pipeline[ Id: bbe86c99-5f15-4736-9110-e7641ebfbd80, Nodes: 23e196cf-bea2-4a46-b492-74457a62baf8{ip: 192.168.69.122, host: pr-hdds-2467-gc456-181853687, networkLocation: /rack1, certSerialId: null}, Type:RATIS, Factor:ONE, State:OPEN] moved to OPEN state
2019-11-13 16:20:43,086 [0d99dfee-4670-49f5-9a57-a4288445f0bf@group-D4AB5C69548D-LeaderElection72] INFO  server.RaftServerConfigKeys (ConfUtils.java:logGet(43)) - raft.server.watch.timeout.denomination = 1s (default)
2019-11-13 16:20:43,086 [23e196cf-bea2-4a46-b492-74457a62baf8@group-E7641EBFBD80-LeaderElection73] INFO  server.RaftServerConfigKeys (ConfUtils.java:logGet(43)) - raft.server.watch.element-limit = 65536 (default)
2019-11-13 16:20:43,087 [EventQueue-PipelineReportForPipelineReportHandler] INFO  pipeline.PipelineStateManager (PipelineStateManager.java:openPipeline(134)) - Pipeline Pipeline[ Id: 2468641c-580f-4b32-9980-d4ab5c69548d, Nodes: 0d99dfee-4670-49f5-9a57-a4288445f0bf{ip: 192.168.69.122, host: pr-hdds-2467-gc456-181853687, networkLocation: /rack1, certSerialId: null}, Type:RATIS, Factor:ONE, State:OPEN] moved to OPEN state
2019-11-13 16:20:43,087 [0d99dfee-4670-49f5-9a57-a4288445f0bf@group-D4AB5C69548D-LeaderElection72] INFO  server.RaftServerConfigKeys (ConfUtils.java:logGet(43)) - raft.server.watch.element-limit = 65536 (default)
2019-11-13 16:20:43,087 [23e196cf-bea2-4a46-b492-74457a62baf8@group-E7641EBFBD80-LeaderElection73] INFO  impl.RoleInfo (RoleInfo.java:updateAndGet(143)) - 23e196cf-bea2-4a46-b492-74457a62baf8: start LeaderState
2019-11-13 16:20:43,087 [0d99dfee-4670-49f5-9a57-a4288445f0bf@group-D4AB5C69548D-LeaderElection72] INFO  impl.RoleInfo (RoleInfo.java:updateAndGet(143)) - 0d99dfee-4670-49f5-9a57-a4288445f0bf: start LeaderState
2019-11-13 16:20:43,087 [0d99dfee-4670-49f5-9a57-a4288445f0bf@group-D4AB5C69548D-LeaderElection72] INFO  segmented.SegmentedRaftLogWorker (SegmentedRaftLogWorker.java:startLogSegment(385)) - 0d99dfee-4670-49f5-9a57-a4288445f0bf@group-D4AB5C69548D-SegmentedRaftLogWorker: Starting segment from index:0
2019-11-13 16:20:43,087 [23e196cf-bea2-4a46-b492-74457a62baf8@group-E7641EBFBD80-LeaderElection73] INFO  segmented.SegmentedRaftLogWorker (SegmentedRaftLogWorker.java:startLogSegment(385)) - 23e196cf-bea2-4a46-b492-74457a62baf8@group-E7641EBFBD80-SegmentedRaftLogWorker: Starting segment from index:0
2019-11-13 16:20:43,088 [0d99dfee-4670-49f5-9a57-a4288445f0bf@group-D4AB5C69548D-LeaderElection72] INFO  impl.RaftServerImpl (ServerState.java:setRaftConf(356)) - 0d99dfee-4670-49f5-9a57-a4288445f0bf@group-D4AB5C69548D: set configuration 0: [0d99dfee-4670-49f5-9a57-a4288445f0bf:192.168.69.122:44563], old=null at 0
2019-11-13 16:20:43,088 [23e196cf-bea2-4a46-b492-74457a62baf8@group-E7641EBFBD80-LeaderElection73] INFO  impl.RaftServerImpl (ServerState.java:setRaftConf(356)) - 23e196cf-bea2-4a46-b492-74457a62baf8@group-E7641EBFBD80: set configuration 0: [23e196cf-bea2-4a46-b492-74457a62baf8:192.168.69.122:43821], old=null at 0
2019-11-13 16:20:43,099 [Thread-1344] INFO  impl.FollowerState (FollowerState.java:run(111)) - 3fa6b523-0f53-44bb-b345-f5f355eab07b@group-8E589B928FDE-FollowerState: change to CANDIDATE, lastRpcTime:1015ms, electionTimeout:1015ms
2019-11-13 16:20:43,099 [Thread-1344] INFO  impl.RoleInfo (RoleInfo.java:shutdownFollowerState(121)) - 3fa6b523-0f53-44bb-b345-f5f355eab07b: shutdown FollowerState
2019-11-13 16:20:43,099 [Thread-1344] INFO  impl.RaftServerImpl (RaftServerImpl.java:setRole(173)) - 3fa6b523-0f53-44bb-b345-f5f355eab07b@group-8E589B928FDE: changes role from  FOLLOWER to CANDIDATE at term 0 for changeToCandidate
2019-11-13 16:20:43,099 [Thread-1344] INFO  impl.RoleInfo (RoleInfo.java:updateAndGet(143)) - 3fa6b523-0f53-44bb-b345-f5f355eab07b: start LeaderElection
2019-11-13 16:20:43,128 [c8ab3730-25d4-490d-a322-cbffb61abc7d@group-EB04782E8565-LeaderElection71] INFO  impl.LeaderElection (LeaderElection.java:logAndReturn(56)) - c8ab3730-25d4-490d-a322-cbffb61abc7d@group-EB04782E8565-LeaderElection71: Election PASSED; received 1 response(s) [c8ab3730-25d4-490d-a322-cbffb61abc7d<-23e196cf-bea2-4a46-b492-74457a62baf8#0:OK-t1] and 0 exception(s); c8ab3730-25d4-490d-a322-cbffb61abc7d@group-EB04782E8565:t1, leader=null, voted=c8ab3730-25d4-490d-a322-cbffb61abc7d, raftlog=c8ab3730-25d4-490d-a322-cbffb61abc7d@group-EB04782E8565-SegmentedRaftLog:OPENED:c-1,f-1,i0, conf=-1: [0d99dfee-4670-49f5-9a57-a4288445f0bf:192.168.69.122:44563, c8ab3730-25d4-490d-a322-cbffb61abc7d:192.168.69.122:32878, 23e196cf-bea2-4a46-b492-74457a62baf8:192.168.69.122:43821], old=null
2019-11-13 16:20:43,128 [c8ab3730-25d4-490d-a322-cbffb61abc7d@group-EB04782E8565-LeaderElection71] INFO  impl.RoleInfo (RoleInfo.java:shutdownLeaderElection(134)) - c8ab3730-25d4-490d-a322-cbffb61abc7d: shutdown LeaderElection
2019-11-13 16:20:43,128 [c8ab3730-25d4-490d-a322-cbffb61abc7d@group-EB04782E8565-LeaderElection71] INFO  impl.RaftServerImpl (RaftServerImpl.java:setRole(173)) - c8ab3730-25d4-490d-a322-cbffb61abc7d@group-EB04782E8565: changes role from CANDIDATE to LEADER at term 1 for changeToLeader
2019-11-13 16:20:43,128 [c8ab3730-25d4-490d-a322-cbffb61abc7d@group-EB04782E8565-LeaderElection71] INFO  ratis.XceiverServerRatis (XceiverServerRatis.java:handleLeaderChangedNotification(697)) - Leader change notification received for group: group-EB04782E8565 with new leaderId: c8ab3730-25d4-490d-a322-cbffb61abc7d
2019-11-13 16:20:43,128 [c8ab3730-25d4-490d-a322-cbffb61abc7d@group-EB04782E8565-LeaderElection71] INFO  impl.RaftServerImpl (ServerState.java:setLeader(255)) - c8ab3730-25d4-490d-a322-cbffb61abc7d@group-EB04782E8565: change Leader from null to c8ab3730-25d4-490d-a322-cbffb61abc7d at term 1 for becomeLeader, leader elected after 1131ms
2019-11-13 16:20:43,129 [c8ab3730-25d4-490d-a322-cbffb61abc7d@group-EB04782E8565-LeaderElection71] INFO  server.RaftServerConfigKeys (ConfUtils.java:logGet(43)) - raft.server.staging.catchup.gap = 1000 (default)
2019-11-13 16:20:43,129 [c8ab3730-25d4-490d-a322-cbffb61abc7d@group-EB04782E8565-LeaderElection71] INFO  server.RaftServerConfigKeys (ConfUtils.java:logGet(43)) - raft.server.rpc.sleep.time = 25ms (default)
2019-11-13 16:20:43,129 [c8ab3730-25d4-490d-a322-cbffb61abc7d@group-EB04782E8565-LeaderElection71] INFO  server.RaftServerConfigKeys (ConfUtils.java:logGet(43)) - raft.server.write.element-limit = 4096 (default)
2019-11-13 16:20:43,129 [c8ab3730-25d4-490d-a322-cbffb61abc7d@group-EB04782E8565-LeaderElection71] INFO  server.RaftServerConfigKeys (ConfUtils.java:logGet(43)) - raft.server.watch.timeout = 10s (default)
2019-11-13 16:20:43,129 [c8ab3730-25d4-490d-a322-cbffb61abc7d@group-EB04782E8565-LeaderElection71] INFO  server.RaftServerConfigKeys (ConfUtils.java:logGet(43)) - raft.server.watch.timeout.denomination = 1s (default)
2019-11-13 16:20:43,129 [c8ab3730-25d4-490d-a322-cbffb61abc7d@group-EB04782E8565-LeaderElection71] INFO  server.RaftServerConfigKeys (ConfUtils.java:logGet(43)) - raft.server.watch.element-limit = 65536 (default)
2019-11-13 16:20:43,130 [c8ab3730-25d4-490d-a322-cbffb61abc7d@group-EB04782E8565-LeaderElection71] INFO  server.RaftServerConfigKeys (ConfUtils.java:logGet(43)) - raft.server.log.appender.snapshot.chunk.size.max = 16MB (=16777216) (default)
2019-11-13 16:20:43,130 [EventQueue-PipelineReportForPipelineReportHandler] INFO  pipeline.PipelineStateManager (PipelineStateManager.java:openPipeline(134)) - Pipeline Pipeline[ Id: 7ebd2859-b8ca-47ec-8e67-eb04782e8565, Nodes: 0d99dfee-4670-49f5-9a57-a4288445f0bf{ip: 192.168.69.122, host: pr-hdds-2467-gc456-181853687, networkLocation: /rack1, certSerialId: null}23e196cf-bea2-4a46-b492-74457a62baf8{ip: 192.168.69.122, host: pr-hdds-2467-gc456-181853687, networkLocation: /rack1, certSerialId: null}c8ab3730-25d4-490d-a322-cbffb61abc7d{ip: 192.168.69.122, host: pr-hdds-2467-gc456-181853687, networkLocation: /rack1, certSerialId: null}, Type:RATIS, Factor:THREE, State:OPEN] moved to OPEN state
2019-11-13 16:20:43,130 [c8ab3730-25d4-490d-a322-cbffb61abc7d@group-EB04782E8565-LeaderElection71] INFO  server.RaftServerConfigKeys (ConfUtils.java:logGet(43)) - raft.server.log.appender.buffer.byte-limit = 33554432 (custom)
2019-11-13 16:20:43,130 [c8ab3730-25d4-490d-a322-cbffb61abc7d@group-EB04782E8565-LeaderElection71] INFO  server.RaftServerConfigKeys (ConfUtils.java:logGet(43)) - raft.server.log.appender.buffer.element-limit = 1 (custom)
2019-11-13 16:20:43,130 [c8ab3730-25d4-490d-a322-cbffb61abc7d@group-EB04782E8565-LeaderElection71] INFO  grpc.GrpcConfigKeys$Server (ConfUtils.java:logGet(43)) - raft.grpc.server.leader.outstanding.appends.max = 128 (default)
2019-11-13 16:20:43,130 [c8ab3730-25d4-490d-a322-cbffb61abc7d@group-EB04782E8565-LeaderElection71] INFO  server.RaftServerConfigKeys (ConfUtils.java:logGet(43)) - raft.server.rpc.request.timeout = 3000ms (default)
2019-11-13 16:20:43,131 [c8ab3730-25d4-490d-a322-cbffb61abc7d@group-EB04782E8565-LeaderElection71] INFO  server.RaftServerConfigKeys (ConfUtils.java:logGet(43)) - raft.server.log.appender.install.snapshot.enabled = false (custom)
2019-11-13 16:20:43,131 [c8ab3730-25d4-490d-a322-cbffb61abc7d@group-EB04782E8565-LeaderElection71] WARN  impl.MetricRegistriesImpl (MetricRegistriesImpl.java:lambda$create$1(61)) - First MetricRegistry has been created without registering reporters. You may need to call MetricRegistries.global().addReportRegistration(...) before.
2019-11-13 16:20:43,131 [c8ab3730-25d4-490d-a322-cbffb61abc7d@group-EB04782E8565-LeaderElection71] INFO  server.RaftServerConfigKeys (ConfUtils.java:logGet(43)) - raft.server.log.appender.snapshot.chunk.size.max = 16MB (=16777216) (default)
2019-11-13 16:20:43,131 [c8ab3730-25d4-490d-a322-cbffb61abc7d@group-EB04782E8565-LeaderElection71] INFO  server.RaftServerConfigKeys (ConfUtils.java:logGet(43)) - raft.server.log.appender.buffer.byte-limit = 33554432 (custom)
2019-11-13 16:20:43,131 [c8ab3730-25d4-490d-a322-cbffb61abc7d@group-EB04782E8565-LeaderElection71] INFO  server.RaftServerConfigKeys (ConfUtils.java:logGet(43)) - raft.server.log.appender.buffer.element-limit = 1 (custom)
2019-11-13 16:20:43,131 [c8ab3730-25d4-490d-a322-cbffb61abc7d@group-EB04782E8565-LeaderElection71] INFO  grpc.GrpcConfigKeys$Server (ConfUtils.java:logGet(43)) - raft.grpc.server.leader.outstanding.appends.max = 128 (default)
2019-11-13 16:20:43,132 [c8ab3730-25d4-490d-a322-cbffb61abc7d@group-EB04782E8565-LeaderElection71] INFO  server.RaftServerConfigKeys (ConfUtils.java:logGet(43)) - raft.server.rpc.request.timeout = 3000ms (default)
2019-11-13 16:20:43,132 [c8ab3730-25d4-490d-a322-cbffb61abc7d@group-EB04782E8565-LeaderElection71] INFO  server.RaftServerConfigKeys (ConfUtils.java:logGet(43)) - raft.server.log.appender.install.snapshot.enabled = false (custom)
2019-11-13 16:20:43,132 [c8ab3730-25d4-490d-a322-cbffb61abc7d@group-EB04782E8565-LeaderElection71] INFO  impl.RoleInfo (RoleInfo.java:updateAndGet(143)) - c8ab3730-25d4-490d-a322-cbffb61abc7d: start LeaderState
2019-11-13 16:20:43,132 [c8ab3730-25d4-490d-a322-cbffb61abc7d@group-EB04782E8565-LeaderElection71] INFO  segmented.SegmentedRaftLogWorker (SegmentedRaftLogWorker.java:startLogSegment(385)) - c8ab3730-25d4-490d-a322-cbffb61abc7d@group-EB04782E8565-SegmentedRaftLogWorker: Starting segment from index:0
2019-11-13 16:20:43,133 [c8ab3730-25d4-490d-a322-cbffb61abc7d@group-EB04782E8565-LeaderElection71] INFO  impl.RaftServerImpl (ServerState.java:setRaftConf(356)) - c8ab3730-25d4-490d-a322-cbffb61abc7d@group-EB04782E8565: set configuration 0: [0d99dfee-4670-49f5-9a57-a4288445f0bf:192.168.69.122:44563, c8ab3730-25d4-490d-a322-cbffb61abc7d:192.168.69.122:32878, 23e196cf-bea2-4a46-b492-74457a62baf8:192.168.69.122:43821], old=null at 0
2019-11-13 16:20:43,158 [3fa6b523-0f53-44bb-b345-f5f355eab07b@group-8E589B928FDE-LeaderElection74] INFO  impl.LeaderElection (LeaderElection.java:askForVotes(178)) - 3fa6b523-0f53-44bb-b345-f5f355eab07b@group-8E589B928FDE-LeaderElection74: begin an election at term 1 for -1: [3fa6b523-0f53-44bb-b345-f5f355eab07b:192.168.69.122:39811, ece9b524-37b5-4407-b642-ea356430eaaa:192.168.69.122:40942, 66a098cb-53c0-4f05-8b16-ad76b3c07384:192.168.69.122:36855], old=null
2019-11-13 16:20:43,158 [0d99dfee-4670-49f5-9a57-a4288445f0bf@group-D4AB5C69548D-SegmentedRaftLogWorker] INFO  segmented.SegmentedRaftLogWorker (SegmentedRaftLogWorker.java:execute(576)) - 0d99dfee-4670-49f5-9a57-a4288445f0bf@group-D4AB5C69548D-SegmentedRaftLogWorker: created new log segment /workdir/hadoop-ozone/integration-test/target/test-dir/MiniOzoneClusterImpl-3a974f43-0da0-4ff7-ab4a-31bb81b91875/datanode-3/data/ratis/2468641c-580f-4b32-9980-d4ab5c69548d/current/log_inprogress_0
2019-11-13 16:20:43,158 [23e196cf-bea2-4a46-b492-74457a62baf8@group-E7641EBFBD80-SegmentedRaftLogWorker] INFO  segmented.SegmentedRaftLogWorker (SegmentedRaftLogWorker.java:execute(576)) - 23e196cf-bea2-4a46-b492-74457a62baf8@group-E7641EBFBD80-SegmentedRaftLogWorker: created new log segment /workdir/hadoop-ozone/integration-test/target/test-dir/MiniOzoneClusterImpl-3a974f43-0da0-4ff7-ab4a-31bb81b91875/datanode-4/data/ratis/bbe86c99-5f15-4736-9110-e7641ebfbd80/current/log_inprogress_0
2019-11-13 16:20:43,161 [grpc-default-executor-5] INFO  ratis.XceiverServerRatis (XceiverServerRatis.java:handleLeaderChangedNotification(697)) - Leader change notification received for group: group-EB04782E8565 with new leaderId: c8ab3730-25d4-490d-a322-cbffb61abc7d
2019-11-13 16:20:43,162 [grpc-default-executor-5] INFO  impl.RaftServerImpl (ServerState.java:setLeader(255)) - 23e196cf-bea2-4a46-b492-74457a62baf8@group-EB04782E8565: change Leader from null to c8ab3730-25d4-490d-a322-cbffb61abc7d at term 1 for appendEntries, leader elected after 1164ms
2019-11-13 16:20:43,164 [Thread-1339] INFO  impl.FollowerState (FollowerState.java:run(111)) - 66a098cb-53c0-4f05-8b16-ad76b3c07384@group-8E589B928FDE-FollowerState: change to CANDIDATE, lastRpcTime:1082ms, electionTimeout:1082ms
2019-11-13 16:20:43,164 [Thread-1348] INFO  impl.FollowerState (FollowerState.java:run(111)) - ece9b524-37b5-4407-b642-ea356430eaaa@group-85FB279ED143-FollowerState: change to CANDIDATE, lastRpcTime:1011ms, electionTimeout:1010ms
2019-11-13 16:20:43,164 [Thread-1339] INFO  impl.RoleInfo (RoleInfo.java:shutdownFollowerState(121)) - 66a098cb-53c0-4f05-8b16-ad76b3c07384: shutdown FollowerState
2019-11-13 16:20:43,164 [grpc-default-executor-1] INFO  ratis.XceiverServerRatis (XceiverServerRatis.java:handleLeaderChangedNotification(697)) - Leader change notification received for group: group-EB04782E8565 with new leaderId: c8ab3730-25d4-490d-a322-cbffb61abc7d
2019-11-13 16:20:43,165 [Thread-1339] INFO  impl.RaftServerImpl (RaftServerImpl.java:setRole(173)) - 66a098cb-53c0-4f05-8b16-ad76b3c07384@group-8E589B928FDE: changes role from  FOLLOWER to CANDIDATE at term 0 for changeToCandidate
2019-11-13 16:20:43,164 [Thread-1348] INFO  impl.RoleInfo (RoleInfo.java:shutdownFollowerState(121)) - ece9b524-37b5-4407-b642-ea356430eaaa: shutdown FollowerState
2019-11-13 16:20:43,165 [Thread-1339] INFO  impl.RoleInfo (RoleInfo.java:updateAndGet(143)) - 66a098cb-53c0-4f05-8b16-ad76b3c07384: start LeaderElection
2019-11-13 16:20:43,165 [grpc-default-executor-1] INFO  impl.RaftServerImpl (ServerState.java:setLeader(255)) - 0d99dfee-4670-49f5-9a57-a4288445f0bf@group-EB04782E8565: change Leader from null to c8ab3730-25d4-490d-a322-cbffb61abc7d at term 1 for appendEntries, leader elected after 1166ms
2019-11-13 16:20:43,165 [Thread-1348] INFO  impl.RaftServerImpl (RaftServerImpl.java:setRole(173)) - ece9b524-37b5-4407-b642-ea356430eaaa@group-85FB279ED143: changes role from  FOLLOWER to CANDIDATE at term 0 for changeToCandidate
2019-11-13 16:20:43,167 [Thread-1348] INFO  impl.RoleInfo (RoleInfo.java:updateAndGet(143)) - ece9b524-37b5-4407-b642-ea356430eaaa: start LeaderElection
2019-11-13 16:20:43,175 [grpc-default-executor-1] INFO  impl.RaftServerImpl (ServerState.java:setRaftConf(356)) - 23e196cf-bea2-4a46-b492-74457a62baf8@group-EB04782E8565: set configuration 0: [0d99dfee-4670-49f5-9a57-a4288445f0bf:192.168.69.122:44563, c8ab3730-25d4-490d-a322-cbffb61abc7d:192.168.69.122:32878, 23e196cf-bea2-4a46-b492-74457a62baf8:192.168.69.122:43821], old=null at 0
2019-11-13 16:20:43,175 [grpc-default-executor-1] INFO  segmented.SegmentedRaftLogWorker (SegmentedRaftLogWorker.java:startLogSegment(385)) - 23e196cf-bea2-4a46-b492-74457a62baf8@group-EB04782E8565-SegmentedRaftLogWorker: Starting segment from index:0
2019-11-13 16:20:43,175 [grpc-default-executor-3] INFO  impl.RaftServerImpl (ServerState.java:setRaftConf(356)) - 0d99dfee-4670-49f5-9a57-a4288445f0bf@group-EB04782E8565: set configuration 0: [0d99dfee-4670-49f5-9a57-a4288445f0bf:192.168.69.122:44563, c8ab3730-25d4-490d-a322-cbffb61abc7d:192.168.69.122:32878, 23e196cf-bea2-4a46-b492-74457a62baf8:192.168.69.122:43821], old=null at 0
2019-11-13 16:20:43,177 [grpc-default-executor-4] INFO  impl.RaftServerImpl (RaftServerImpl.java:setRole(173)) - ece9b524-37b5-4407-b642-ea356430eaaa@group-8E589B928FDE: changes role from  FOLLOWER to FOLLOWER at term 1 for recognizeCandidate:3fa6b523-0f53-44bb-b345-f5f355eab07b
2019-11-13 16:20:43,178 [grpc-default-executor-3] INFO  segmented.SegmentedRaftLogWorker (SegmentedRaftLogWorker.java:startLogSegment(385)) - 0d99dfee-4670-49f5-9a57-a4288445f0bf@group-EB04782E8565-SegmentedRaftLogWorker: Starting segment from index:0
2019-11-13 16:20:43,178 [grpc-default-executor-4] INFO  impl.RoleInfo (RoleInfo.java:shutdownFollowerState(121)) - ece9b524-37b5-4407-b642-ea356430eaaa: shutdown FollowerState
2019-11-13 16:20:43,178 [Thread-1343] INFO  impl.FollowerState (FollowerState.java:run(120)) - ece9b524-37b5-4407-b642-ea356430eaaa@group-8E589B928FDE-FollowerState was interrupted: java.lang.InterruptedException: sleep interrupted
2019-11-13 16:20:43,178 [grpc-default-executor-4] INFO  impl.RoleInfo (RoleInfo.java:updateAndGet(143)) - ece9b524-37b5-4407-b642-ea356430eaaa: start FollowerState
2019-11-13 16:20:43,184 [c8ab3730-25d4-490d-a322-cbffb61abc7d@group-EB04782E8565-SegmentedRaftLogWorker] INFO  segmented.SegmentedRaftLogWorker (SegmentedRaftLogWorker.java:execute(576)) - c8ab3730-25d4-490d-a322-cbffb61abc7d@group-EB04782E8565-SegmentedRaftLogWorker: created new log segment /workdir/hadoop-ozone/integration-test/target/test-dir/MiniOzoneClusterImpl-3a974f43-0da0-4ff7-ab4a-31bb81b91875/datanode-0/data/ratis/7ebd2859-b8ca-47ec-8e67-eb04782e8565/current/log_inprogress_0
2019-11-13 16:20:43,201 [ece9b524-37b5-4407-b642-ea356430eaaa@group-85FB279ED143-LeaderElection76] INFO  impl.LeaderElection (LeaderElection.java:askForVotes(178)) - ece9b524-37b5-4407-b642-ea356430eaaa@group-85FB279ED143-LeaderElection76: begin an election at term 1 for -1: [ece9b524-37b5-4407-b642-ea356430eaaa:192.168.69.122:40942], old=null
2019-11-13 16:20:43,201 [66a098cb-53c0-4f05-8b16-ad76b3c07384@group-8E589B928FDE-LeaderElection75] INFO  impl.LeaderElection (LeaderElection.java:askForVotes(178)) - 66a098cb-53c0-4f05-8b16-ad76b3c07384@group-8E589B928FDE-LeaderElection75: begin an election at term 1 for -1: [3fa6b523-0f53-44bb-b345-f5f355eab07b:192.168.69.122:39811, ece9b524-37b5-4407-b642-ea356430eaaa:192.168.69.122:40942, 66a098cb-53c0-4f05-8b16-ad76b3c07384:192.168.69.122:36855], old=null
2019-11-13 16:20:43,202 [ece9b524-37b5-4407-b642-ea356430eaaa@group-85FB279ED143-LeaderElection76] INFO  impl.RoleInfo (RoleInfo.java:shutdownLeaderElection(134)) - ece9b524-37b5-4407-b642-ea356430eaaa: shutdown LeaderElection
2019-11-13 16:20:43,202 [ece9b524-37b5-4407-b642-ea356430eaaa@group-85FB279ED143-LeaderElection76] INFO  impl.RaftServerImpl (RaftServerImpl.java:setRole(173)) - ece9b524-37b5-4407-b642-ea356430eaaa@group-85FB279ED143: changes role from CANDIDATE to LEADER at term 1 for changeToLeader
2019-11-13 16:20:43,202 [ece9b524-37b5-4407-b642-ea356430eaaa@group-85FB279ED143-LeaderElection76] INFO  ratis.XceiverServerRatis (XceiverServerRatis.java:handleLeaderChangedNotification(697)) - Leader change notification received for group: group-85FB279ED143 with new leaderId: ece9b524-37b5-4407-b642-ea356430eaaa
2019-11-13 16:20:43,202 [ece9b524-37b5-4407-b642-ea356430eaaa@group-85FB279ED143-LeaderElection76] INFO  impl.RaftServerImpl (ServerState.java:setLeader(255)) - ece9b524-37b5-4407-b642-ea356430eaaa@group-85FB279ED143: change Leader from null to ece9b524-37b5-4407-b642-ea356430eaaa at term 1 for becomeLeader, leader elected after 1052ms
2019-11-13 16:20:43,202 [ece9b524-37b5-4407-b642-ea356430eaaa@group-85FB279ED143-LeaderElection76] INFO  server.RaftServerConfigKeys (ConfUtils.java:logGet(43)) - raft.server.staging.catchup.gap = 1000 (default)
2019-11-13 16:20:43,203 [ece9b524-37b5-4407-b642-ea356430eaaa@group-85FB279ED143-LeaderElection76] INFO  server.RaftServerConfigKeys (ConfUtils.java:logGet(43)) - raft.server.rpc.sleep.time = 25ms (default)
2019-11-13 16:20:43,222 [ece9b524-37b5-4407-b642-ea356430eaaa@group-85FB279ED143-LeaderElection76] INFO  server.RaftServerConfigKeys (ConfUtils.java:logGet(43)) - raft.server.write.element-limit = 4096 (default)
2019-11-13 16:20:43,222 [3fa6b523-0f53-44bb-b345-f5f355eab07b@group-8E589B928FDE-LeaderElection74] INFO  impl.LeaderElection (LeaderElection.java:logAndReturn(56)) - 3fa6b523-0f53-44bb-b345-f5f355eab07b@group-8E589B928FDE-LeaderElection74: Election PASSED; received 1 response(s) [3fa6b523-0f53-44bb-b345-f5f355eab07b<-ece9b524-37b5-4407-b642-ea356430eaaa#0:OK-t1] and 0 exception(s); 3fa6b523-0f53-44bb-b345-f5f355eab07b@group-8E589B928FDE:t1, leader=null, voted=3fa6b523-0f53-44bb-b345-f5f355eab07b, raftlog=3fa6b523-0f53-44bb-b345-f5f355eab07b@group-8E589B928FDE-SegmentedRaftLog:OPENED:c-1,f-1,i0, conf=-1: [3fa6b523-0f53-44bb-b345-f5f355eab07b:192.168.69.122:39811, ece9b524-37b5-4407-b642-ea356430eaaa:192.168.69.122:40942, 66a098cb-53c0-4f05-8b16-ad76b3c07384:192.168.69.122:36855], old=null
2019-11-13 16:20:43,222 [ece9b524-37b5-4407-b642-ea356430eaaa@group-85FB279ED143-LeaderElection76] INFO  server.RaftServerConfigKeys (ConfUtils.java:logGet(43)) - raft.server.watch.timeout = 10s (default)
2019-11-13 16:20:43,222 [3fa6b523-0f53-44bb-b345-f5f355eab07b@group-8E589B928FDE-LeaderElection74] INFO  impl.RoleInfo (RoleInfo.java:shutdownLeaderElection(134)) - 3fa6b523-0f53-44bb-b345-f5f355eab07b: shutdown LeaderElection
2019-11-13 16:20:43,222 [ece9b524-37b5-4407-b642-ea356430eaaa@group-85FB279ED143-LeaderElection76] INFO  server.RaftServerConfigKeys (ConfUtils.java:logGet(43)) - raft.server.watch.timeout.denomination = 1s (default)
2019-11-13 16:20:43,223 [3fa6b523-0f53-44bb-b345-f5f355eab07b@group-8E589B928FDE-LeaderElection74] INFO  impl.RaftServerImpl (RaftServerImpl.java:setRole(173)) - 3fa6b523-0f53-44bb-b345-f5f355eab07b@group-8E589B928FDE: changes role from CANDIDATE to LEADER at term 1 for changeToLeader
2019-11-13 16:20:43,223 [ece9b524-37b5-4407-b642-ea356430eaaa@group-85FB279ED143-LeaderElection76] INFO  server.RaftServerConfigKeys (ConfUtils.java:logGet(43)) - raft.server.watch.element-limit = 65536 (default)
2019-11-13 16:20:43,223 [3fa6b523-0f53-44bb-b345-f5f355eab07b@group-8E589B928FDE-LeaderElection74] INFO  ratis.XceiverServerRatis (XceiverServerRatis.java:handleLeaderChangedNotification(697)) - Leader change notification received for group: group-8E589B928FDE with new leaderId: 3fa6b523-0f53-44bb-b345-f5f355eab07b
2019-11-13 16:20:43,223 [EventQueue-PipelineReportForPipelineReportHandler] INFO  pipeline.PipelineStateManager (PipelineStateManager.java:openPipeline(134)) - Pipeline Pipeline[ Id: 422561f9-870e-4ded-a912-85fb279ed143, Nodes: ece9b524-37b5-4407-b642-ea356430eaaa{ip: 192.168.69.122, host: pr-hdds-2467-gc456-181853687, networkLocation: /rack1, certSerialId: null}, Type:RATIS, Factor:ONE, State:OPEN] moved to OPEN state
2019-11-13 16:20:43,223 [3fa6b523-0f53-44bb-b345-f5f355eab07b@group-8E589B928FDE-LeaderElection74] INFO  impl.RaftServerImpl (ServerState.java:setLeader(255)) - 3fa6b523-0f53-44bb-b345-f5f355eab07b@group-8E589B928FDE: change Leader from null to 3fa6b523-0f53-44bb-b345-f5f355eab07b at term 1 for becomeLeader, leader elected after 1148ms
2019-11-13 16:20:43,223 [ece9b524-37b5-4407-b642-ea356430eaaa@group-85FB279ED143-LeaderElection76] INFO  impl.RoleInfo (RoleInfo.java:updateAndGet(143)) - ece9b524-37b5-4407-b642-ea356430eaaa: start LeaderState
2019-11-13 16:20:43,223 [3fa6b523-0f53-44bb-b345-f5f355eab07b@group-8E589B928FDE-LeaderElection74] INFO  server.RaftServerConfigKeys (ConfUtils.java:logGet(43)) - raft.server.staging.catchup.gap = 1000 (default)
2019-11-13 16:20:43,224 [3fa6b523-0f53-44bb-b345-f5f355eab07b@group-8E589B928FDE-LeaderElection74] INFO  server.RaftServerConfigKeys (ConfUtils.java:logGet(43)) - raft.server.rpc.sleep.time = 25ms (default)
2019-11-13 16:20:43,224 [ece9b524-37b5-4407-b642-ea356430eaaa@group-85FB279ED143-LeaderElection76] INFO  segmented.SegmentedRaftLogWorker (SegmentedRaftLogWorker.java:startLogSegment(385)) - ece9b524-37b5-4407-b642-ea356430eaaa@group-85FB279ED143-SegmentedRaftLogWorker: Starting segment from index:0
2019-11-13 16:20:43,224 [3fa6b523-0f53-44bb-b345-f5f355eab07b@group-8E589B928FDE-LeaderElection74] INFO  server.RaftServerConfigKeys (ConfUtils.java:logGet(43)) - raft.server.write.element-limit = 4096 (default)
2019-11-13 16:20:43,224 [EventQueue-PipelineReportForPipelineReportHandler] INFO  pipeline.PipelineStateManager (PipelineStateManager.java:openPipeline(134)) - Pipeline Pipeline[ Id: 624e68ba-32ae-4a31-b4d2-8e589b928fde, Nodes: ece9b524-37b5-4407-b642-ea356430eaaa{ip: 192.168.69.122, host: pr-hdds-2467-gc456-181853687, networkLocation: /rack1, certSerialId: null}66a098cb-53c0-4f05-8b16-ad76b3c07384{ip: 192.168.69.122, host: pr-hdds-2467-gc456-181853687, networkLocation: /rack1, certSerialId: null}3fa6b523-0f53-44bb-b345-f5f355eab07b{ip: 192.168.69.122, host: pr-hdds-2467-gc456-181853687, networkLocation: /rack1, certSerialId: null}, Type:RATIS, Factor:THREE, State:OPEN] moved to OPEN state
2019-11-13 16:20:43,224 [ece9b524-37b5-4407-b642-ea356430eaaa@group-85FB279ED143-LeaderElection76] INFO  impl.RaftServerImpl (ServerState.java:setRaftConf(356)) - ece9b524-37b5-4407-b642-ea356430eaaa@group-85FB279ED143: set configuration 0: [ece9b524-37b5-4407-b642-ea356430eaaa:192.168.69.122:40942], old=null at 0
2019-11-13 16:20:43,224 [3fa6b523-0f53-44bb-b345-f5f355eab07b@group-8E589B928FDE-LeaderElection74] INFO  server.RaftServerConfigKeys (ConfUtils.java:logGet(43)) - raft.server.watch.timeout = 10s (default)
2019-11-13 16:20:43,225 [3fa6b523-0f53-44bb-b345-f5f355eab07b@group-8E589B928FDE-LeaderElection74] INFO  server.RaftServerConfigKeys (ConfUtils.java:logGet(43)) - raft.server.watch.timeout.denomination = 1s (default)
2019-11-13 16:20:43,225 [3fa6b523-0f53-44bb-b345-f5f355eab07b@group-8E589B928FDE-LeaderElection74] INFO  server.RaftServerConfigKeys (ConfUtils.java:logGet(43)) - raft.server.watch.element-limit = 65536 (default)
2019-11-13 16:20:43,225 [3fa6b523-0f53-44bb-b345-f5f355eab07b@group-8E589B928FDE-LeaderElection74] INFO  server.RaftServerConfigKeys (ConfUtils.java:logGet(43)) - raft.server.log.appender.snapshot.chunk.size.max = 16MB (=16777216) (default)
2019-11-13 16:20:43,225 [3fa6b523-0f53-44bb-b345-f5f355eab07b@group-8E589B928FDE-LeaderElection74] INFO  server.RaftServerConfigKeys (ConfUtils.java:logGet(43)) - raft.server.log.appender.buffer.byte-limit = 33554432 (custom)
2019-11-13 16:20:43,225 [3fa6b523-0f53-44bb-b345-f5f355eab07b@group-8E589B928FDE-LeaderElection74] INFO  server.RaftServerConfigKeys (ConfUtils.java:logGet(43)) - raft.server.log.appender.buffer.element-limit = 1 (custom)
2019-11-13 16:20:43,226 [3fa6b523-0f53-44bb-b345-f5f355eab07b@group-8E589B928FDE-LeaderElection74] INFO  grpc.GrpcConfigKeys$Server (ConfUtils.java:logGet(43)) - raft.grpc.server.leader.outstanding.appends.max = 128 (default)
2019-11-13 16:20:43,226 [3fa6b523-0f53-44bb-b345-f5f355eab07b@group-8E589B928FDE-LeaderElection74] INFO  server.RaftServerConfigKeys (ConfUtils.java:logGet(43)) - raft.server.rpc.request.timeout = 3000ms (default)
2019-11-13 16:20:43,226 [3fa6b523-0f53-44bb-b345-f5f355eab07b@group-8E589B928FDE-LeaderElection74] INFO  server.RaftServerConfigKeys (ConfUtils.java:logGet(43)) - raft.server.log.appender.install.snapshot.enabled = false (custom)
2019-11-13 16:20:43,226 [3fa6b523-0f53-44bb-b345-f5f355eab07b@group-8E589B928FDE-LeaderElection74] WARN  impl.MetricRegistriesImpl (MetricRegistriesImpl.java:lambda$create$1(61)) - First MetricRegistry has been created without registering reporters. You may need to call MetricRegistries.global().addReportRegistration(...) before.
2019-11-13 16:20:43,226 [3fa6b523-0f53-44bb-b345-f5f355eab07b@group-8E589B928FDE-LeaderElection74] INFO  server.RaftServerConfigKeys (ConfUtils.java:logGet(43)) - raft.server.log.appender.snapshot.chunk.size.max = 16MB (=16777216) (default)
2019-11-13 16:20:43,226 [3fa6b523-0f53-44bb-b345-f5f355eab07b@group-8E589B928FDE-LeaderElection74] INFO  server.RaftServerConfigKeys (ConfUtils.java:logGet(43)) - raft.server.log.appender.buffer.byte-limit = 33554432 (custom)
2019-11-13 16:20:43,227 [3fa6b523-0f53-44bb-b345-f5f355eab07b@group-8E589B928FDE-LeaderElection74] INFO  server.RaftServerConfigKeys (ConfUtils.java:logGet(43)) - raft.server.log.appender.buffer.element-limit = 1 (custom)
2019-11-13 16:20:43,227 [3fa6b523-0f53-44bb-b345-f5f355eab07b@group-8E589B928FDE-LeaderElection74] INFO  grpc.GrpcConfigKeys$Server (ConfUtils.java:logGet(43)) - raft.grpc.server.leader.outstanding.appends.max = 128 (default)
2019-11-13 16:20:43,227 [3fa6b523-0f53-44bb-b345-f5f355eab07b@group-8E589B928FDE-LeaderElection74] INFO  server.RaftServerConfigKeys (ConfUtils.java:logGet(43)) - raft.server.rpc.request.timeout = 3000ms (default)
2019-11-13 16:20:43,227 [3fa6b523-0f53-44bb-b345-f5f355eab07b@group-8E589B928FDE-LeaderElection74] INFO  server.RaftServerConfigKeys (ConfUtils.java:logGet(43)) - raft.server.log.appender.install.snapshot.enabled = false (custom)
2019-11-13 16:20:43,227 [3fa6b523-0f53-44bb-b345-f5f355eab07b@group-8E589B928FDE-LeaderElection74] INFO  impl.RoleInfo (RoleInfo.java:updateAndGet(143)) - 3fa6b523-0f53-44bb-b345-f5f355eab07b: start LeaderState
2019-11-13 16:20:43,228 [3fa6b523-0f53-44bb-b345-f5f355eab07b@group-8E589B928FDE-LeaderElection74] INFO  segmented.SegmentedRaftLogWorker (SegmentedRaftLogWorker.java:startLogSegment(385)) - 3fa6b523-0f53-44bb-b345-f5f355eab07b@group-8E589B928FDE-SegmentedRaftLogWorker: Starting segment from index:0
2019-11-13 16:20:43,228 [3fa6b523-0f53-44bb-b345-f5f355eab07b@group-8E589B928FDE-LeaderElection74] INFO  impl.RaftServerImpl (ServerState.java:setRaftConf(356)) - 3fa6b523-0f53-44bb-b345-f5f355eab07b@group-8E589B928FDE: set configuration 0: [3fa6b523-0f53-44bb-b345-f5f355eab07b:192.168.69.122:39811, ece9b524-37b5-4407-b642-ea356430eaaa:192.168.69.122:40942, 66a098cb-53c0-4f05-8b16-ad76b3c07384:192.168.69.122:36855], old=null at 0
2019-11-13 16:20:43,229 [grpc-default-executor-1] INFO  impl.RaftServerImpl (RaftServerImpl.java:requestVote(776)) - 3fa6b523-0f53-44bb-b345-f5f355eab07b@group-8E589B928FDE-   LEADER: Withhold vote from candidate 66a098cb-53c0-4f05-8b16-ad76b3c07384 with term 1. State: leader=3fa6b523-0f53-44bb-b345-f5f355eab07b, term=1, lastRpcElapsed=null
2019-11-13 16:20:43,229 [grpc-default-executor-4] INFO  ratis.XceiverServerRatis (XceiverServerRatis.java:handleLeaderChangedNotification(697)) - Leader change notification received for group: group-8E589B928FDE with new leaderId: 3fa6b523-0f53-44bb-b345-f5f355eab07b
2019-11-13 16:20:43,230 [grpc-default-executor-1] INFO  impl.RaftServerImpl (RaftServerImpl.java:setRole(173)) - 66a098cb-53c0-4f05-8b16-ad76b3c07384@group-8E589B928FDE: changes role from CANDIDATE to FOLLOWER at term 1 for appendEntries
2019-11-13 16:20:43,229 [66a098cb-53c0-4f05-8b16-ad76b3c07384@group-8E589B928FDE-LeaderElection75] INFO  impl.LeaderElection (LeaderElection.java:logAndReturn(56)) - 66a098cb-53c0-4f05-8b16-ad76b3c07384@group-8E589B928FDE-LeaderElection75: Election REJECTED; received 2 response(s) [66a098cb-53c0-4f05-8b16-ad76b3c07384<-3fa6b523-0f53-44bb-b345-f5f355eab07b#0:FAIL-t1, 66a098cb-53c0-4f05-8b16-ad76b3c07384<-ece9b524-37b5-4407-b642-ea356430eaaa#0:FAIL-t1] and 0 exception(s); 66a098cb-53c0-4f05-8b16-ad76b3c07384@group-8E589B928FDE:t1, leader=null, voted=66a098cb-53c0-4f05-8b16-ad76b3c07384, raftlog=66a098cb-53c0-4f05-8b16-ad76b3c07384@group-8E589B928FDE-SegmentedRaftLog:OPENED:c-1,f-1,i0, conf=-1: [3fa6b523-0f53-44bb-b345-f5f355eab07b:192.168.69.122:39811, ece9b524-37b5-4407-b642-ea356430eaaa:192.168.69.122:40942, 66a098cb-53c0-4f05-8b16-ad76b3c07384:192.168.69.122:36855], old=null
2019-11-13 16:20:43,230 [grpc-default-executor-1] INFO  impl.RoleInfo (RoleInfo.java:shutdownLeaderElection(134)) - 66a098cb-53c0-4f05-8b16-ad76b3c07384: shutdown LeaderElection
2019-11-13 16:20:43,230 [grpc-default-executor-4] INFO  impl.RaftServerImpl (ServerState.java:setLeader(255)) - ece9b524-37b5-4407-b642-ea356430eaaa@group-8E589B928FDE: change Leader from null to 3fa6b523-0f53-44bb-b345-f5f355eab07b at term 1 for appendEntries, leader elected after 1155ms
2019-11-13 16:20:43,230 [grpc-default-executor-1] INFO  impl.RoleInfo (RoleInfo.java:updateAndGet(143)) - 66a098cb-53c0-4f05-8b16-ad76b3c07384: start FollowerState
2019-11-13 16:20:43,231 [grpc-default-executor-1] INFO  ratis.XceiverServerRatis (XceiverServerRatis.java:handleLeaderChangedNotification(697)) - Leader change notification received for group: group-8E589B928FDE with new leaderId: 3fa6b523-0f53-44bb-b345-f5f355eab07b
2019-11-13 16:20:43,231 [grpc-default-executor-1] INFO  impl.RaftServerImpl (ServerState.java:setLeader(255)) - 66a098cb-53c0-4f05-8b16-ad76b3c07384@group-8E589B928FDE: change Leader from null to 3fa6b523-0f53-44bb-b345-f5f355eab07b at term 1 for appendEntries, leader elected after 1156ms
2019-11-13 16:20:43,263 [0d99dfee-4670-49f5-9a57-a4288445f0bf@group-EB04782E8565-SegmentedRaftLogWorker] INFO  segmented.SegmentedRaftLogWorker (SegmentedRaftLogWorker.java:execute(576)) - 0d99dfee-4670-49f5-9a57-a4288445f0bf@group-EB04782E8565-SegmentedRaftLogWorker: created new log segment /workdir/hadoop-ozone/integration-test/target/test-dir/MiniOzoneClusterImpl-3a974f43-0da0-4ff7-ab4a-31bb81b91875/datanode-3/data/ratis/7ebd2859-b8ca-47ec-8e67-eb04782e8565/current/log_inprogress_0
2019-11-13 16:20:43,263 [23e196cf-bea2-4a46-b492-74457a62baf8@group-EB04782E8565-SegmentedRaftLogWorker] INFO  segmented.SegmentedRaftLogWorker (SegmentedRaftLogWorker.java:execute(576)) - 23e196cf-bea2-4a46-b492-74457a62baf8@group-EB04782E8565-SegmentedRaftLogWorker: created new log segment /workdir/hadoop-ozone/integration-test/target/test-dir/MiniOzoneClusterImpl-3a974f43-0da0-4ff7-ab4a-31bb81b91875/datanode-4/data/ratis/7ebd2859-b8ca-47ec-8e67-eb04782e8565/current/log_inprogress_0
2019-11-13 16:20:43,265 [grpc-default-executor-1] INFO  impl.RaftServerImpl (ServerState.java:setRaftConf(356)) - ece9b524-37b5-4407-b642-ea356430eaaa@group-8E589B928FDE: set configuration 0: [3fa6b523-0f53-44bb-b345-f5f355eab07b:192.168.69.122:39811, ece9b524-37b5-4407-b642-ea356430eaaa:192.168.69.122:40942, 66a098cb-53c0-4f05-8b16-ad76b3c07384:192.168.69.122:36855], old=null at 0
2019-11-13 16:20:43,265 [grpc-default-executor-4] INFO  impl.RaftServerImpl (ServerState.java:setRaftConf(356)) - 66a098cb-53c0-4f05-8b16-ad76b3c07384@group-8E589B928FDE: set configuration 0: [3fa6b523-0f53-44bb-b345-f5f355eab07b:192.168.69.122:39811, ece9b524-37b5-4407-b642-ea356430eaaa:192.168.69.122:40942, 66a098cb-53c0-4f05-8b16-ad76b3c07384:192.168.69.122:36855], old=null at 0
2019-11-13 16:20:43,266 [grpc-default-executor-1] INFO  segmented.SegmentedRaftLogWorker (SegmentedRaftLogWorker.java:startLogSegment(385)) - ece9b524-37b5-4407-b642-ea356430eaaa@group-8E589B928FDE-SegmentedRaftLogWorker: Starting segment from index:0
2019-11-13 16:20:43,266 [grpc-default-executor-4] INFO  segmented.SegmentedRaftLogWorker (SegmentedRaftLogWorker.java:startLogSegment(385)) - 66a098cb-53c0-4f05-8b16-ad76b3c07384@group-8E589B928FDE-SegmentedRaftLogWorker: Starting segment from index:0
2019-11-13 16:20:43,286 [ece9b524-37b5-4407-b642-ea356430eaaa@group-85FB279ED143-SegmentedRaftLogWorker] INFO  segmented.SegmentedRaftLogWorker (SegmentedRaftLogWorker.java:execute(576)) - ece9b524-37b5-4407-b642-ea356430eaaa@group-85FB279ED143-SegmentedRaftLogWorker: created new log segment /workdir/hadoop-ozone/integration-test/target/test-dir/MiniOzoneClusterImpl-3a974f43-0da0-4ff7-ab4a-31bb81b91875/datanode-6/data/ratis/422561f9-870e-4ded-a912-85fb279ed143/current/log_inprogress_0
2019-11-13 16:20:43,286 [3fa6b523-0f53-44bb-b345-f5f355eab07b@group-8E589B928FDE-SegmentedRaftLogWorker] INFO  segmented.SegmentedRaftLogWorker (SegmentedRaftLogWorker.java:execute(576)) - 3fa6b523-0f53-44bb-b345-f5f355eab07b@group-8E589B928FDE-SegmentedRaftLogWorker: created new log segment /workdir/hadoop-ozone/integration-test/target/test-dir/MiniOzoneClusterImpl-3a974f43-0da0-4ff7-ab4a-31bb81b91875/datanode-2/data/ratis/624e68ba-32ae-4a31-b4d2-8e589b928fde/current/log_inprogress_0
2019-11-13 16:20:43,311 [66a098cb-53c0-4f05-8b16-ad76b3c07384@group-8E589B928FDE-SegmentedRaftLogWorker] INFO  segmented.SegmentedRaftLogWorker (SegmentedRaftLogWorker.java:execute(576)) - 66a098cb-53c0-4f05-8b16-ad76b3c07384@group-8E589B928FDE-SegmentedRaftLogWorker: created new log segment /workdir/hadoop-ozone/integration-test/target/test-dir/MiniOzoneClusterImpl-3a974f43-0da0-4ff7-ab4a-31bb81b91875/datanode-1/data/ratis/624e68ba-32ae-4a31-b4d2-8e589b928fde/current/log_inprogress_0
2019-11-13 16:20:43,328 [ece9b524-37b5-4407-b642-ea356430eaaa@group-8E589B928FDE-SegmentedRaftLogWorker] INFO  segmented.SegmentedRaftLogWorker (SegmentedRaftLogWorker.java:execute(576)) - ece9b524-37b5-4407-b642-ea356430eaaa@group-8E589B928FDE-SegmentedRaftLogWorker: created new log segment /workdir/hadoop-ozone/integration-test/target/test-dir/MiniOzoneClusterImpl-3a974f43-0da0-4ff7-ab4a-31bb81b91875/datanode-6/data/ratis/624e68ba-32ae-4a31-b4d2-8e589b928fde/current/log_inprogress_0
2019-11-13 16:20:43,394 [Thread-1351] INFO  impl.FollowerState (FollowerState.java:run(111)) - a3f5b1ff-5ddb-40c7-8bbd-1ae7c3cdb433@group-E9FCA3F5F81B-FollowerState: change to CANDIDATE, lastRpcTime:1173ms, electionTimeout:1173ms
2019-11-13 16:20:43,394 [Thread-1351] INFO  impl.RoleInfo (RoleInfo.java:shutdownFollowerState(121)) - a3f5b1ff-5ddb-40c7-8bbd-1ae7c3cdb433: shutdown FollowerState
2019-11-13 16:20:43,394 [Thread-1351] INFO  impl.RaftServerImpl (RaftServerImpl.java:setRole(173)) - a3f5b1ff-5ddb-40c7-8bbd-1ae7c3cdb433@group-E9FCA3F5F81B: changes role from  FOLLOWER to CANDIDATE at term 0 for changeToCandidate
2019-11-13 16:20:43,394 [Thread-1351] INFO  impl.RoleInfo (RoleInfo.java:updateAndGet(143)) - a3f5b1ff-5ddb-40c7-8bbd-1ae7c3cdb433: start LeaderElection
2019-11-13 16:20:43,418 [Thread-1354] INFO  impl.FollowerState (FollowerState.java:run(111)) - d45a2df2-8f38-43ec-9df7-e5c52ac58263@group-3F70BE9635D3-FollowerState: change to CANDIDATE, lastRpcTime:1128ms, electionTimeout:1128ms
2019-11-13 16:20:43,418 [Thread-1354] INFO  impl.RoleInfo (RoleInfo.java:shutdownFollowerState(121)) - d45a2df2-8f38-43ec-9df7-e5c52ac58263: shutdown FollowerState
2019-11-13 16:20:43,418 [Thread-1354] INFO  impl.RaftServerImpl (RaftServerImpl.java:setRole(173)) - d45a2df2-8f38-43ec-9df7-e5c52ac58263@group-3F70BE9635D3: changes role from  FOLLOWER to CANDIDATE at term 0 for changeToCandidate
2019-11-13 16:20:43,418 [Thread-1354] INFO  impl.RoleInfo (RoleInfo.java:updateAndGet(143)) - d45a2df2-8f38-43ec-9df7-e5c52ac58263: start LeaderElection
2019-11-13 16:20:43,428 [a3f5b1ff-5ddb-40c7-8bbd-1ae7c3cdb433@group-E9FCA3F5F81B-LeaderElection77] INFO  impl.LeaderElection (LeaderElection.java:askForVotes(178)) - a3f5b1ff-5ddb-40c7-8bbd-1ae7c3cdb433@group-E9FCA3F5F81B-LeaderElection77: begin an election at term 1 for -1: [a3f5b1ff-5ddb-40c7-8bbd-1ae7c3cdb433:192.168.69.122:40390], old=null
2019-11-13 16:20:43,429 [a3f5b1ff-5ddb-40c7-8bbd-1ae7c3cdb433@group-E9FCA3F5F81B-LeaderElection77] INFO  impl.RoleInfo (RoleInfo.java:shutdownLeaderElection(134)) - a3f5b1ff-5ddb-40c7-8bbd-1ae7c3cdb433: shutdown LeaderElection
2019-11-13 16:20:43,429 [a3f5b1ff-5ddb-40c7-8bbd-1ae7c3cdb433@group-E9FCA3F5F81B-LeaderElection77] INFO  impl.RaftServerImpl (RaftServerImpl.java:setRole(173)) - a3f5b1ff-5ddb-40c7-8bbd-1ae7c3cdb433@group-E9FCA3F5F81B: changes role from CANDIDATE to LEADER at term 1 for changeToLeader
2019-11-13 16:20:43,429 [a3f5b1ff-5ddb-40c7-8bbd-1ae7c3cdb433@group-E9FCA3F5F81B-LeaderElection77] INFO  ratis.XceiverServerRatis (XceiverServerRatis.java:handleLeaderChangedNotification(697)) - Leader change notification received for group: group-E9FCA3F5F81B with new leaderId: a3f5b1ff-5ddb-40c7-8bbd-1ae7c3cdb433
2019-11-13 16:20:43,429 [a3f5b1ff-5ddb-40c7-8bbd-1ae7c3cdb433@group-E9FCA3F5F81B-LeaderElection77] INFO  impl.RaftServerImpl (ServerState.java:setLeader(255)) - a3f5b1ff-5ddb-40c7-8bbd-1ae7c3cdb433@group-E9FCA3F5F81B: change Leader from null to a3f5b1ff-5ddb-40c7-8bbd-1ae7c3cdb433 at term 1 for becomeLeader, leader elected after 1211ms
2019-11-13 16:20:43,429 [a3f5b1ff-5ddb-40c7-8bbd-1ae7c3cdb433@group-E9FCA3F5F81B-LeaderElection77] INFO  server.RaftServerConfigKeys (ConfUtils.java:logGet(43)) - raft.server.staging.catchup.gap = 1000 (default)
2019-11-13 16:20:43,429 [a3f5b1ff-5ddb-40c7-8bbd-1ae7c3cdb433@group-E9FCA3F5F81B-LeaderElection77] INFO  server.RaftServerConfigKeys (ConfUtils.java:logGet(43)) - raft.server.rpc.sleep.time = 25ms (default)
2019-11-13 16:20:43,430 [a3f5b1ff-5ddb-40c7-8bbd-1ae7c3cdb433@group-E9FCA3F5F81B-LeaderElection77] INFO  server.RaftServerConfigKeys (ConfUtils.java:logGet(43)) - raft.server.write.element-limit = 4096 (default)
2019-11-13 16:20:43,432 [a3f5b1ff-5ddb-40c7-8bbd-1ae7c3cdb433@group-E9FCA3F5F81B-LeaderElection77] INFO  server.RaftServerConfigKeys (ConfUtils.java:logGet(43)) - raft.server.watch.timeout = 10s (default)
2019-11-13 16:20:43,432 [a3f5b1ff-5ddb-40c7-8bbd-1ae7c3cdb433@group-E9FCA3F5F81B-LeaderElection77] INFO  server.RaftServerConfigKeys (ConfUtils.java:logGet(43)) - raft.server.watch.timeout.denomination = 1s (default)
2019-11-13 16:20:43,432 [a3f5b1ff-5ddb-40c7-8bbd-1ae7c3cdb433@group-E9FCA3F5F81B-LeaderElection77] INFO  server.RaftServerConfigKeys (ConfUtils.java:logGet(43)) - raft.server.watch.element-limit = 65536 (default)
2019-11-13 16:20:43,432 [a3f5b1ff-5ddb-40c7-8bbd-1ae7c3cdb433@group-E9FCA3F5F81B-LeaderElection77] INFO  impl.RoleInfo (RoleInfo.java:updateAndGet(143)) - a3f5b1ff-5ddb-40c7-8bbd-1ae7c3cdb433: start LeaderState
2019-11-13 16:20:43,432 [a3f5b1ff-5ddb-40c7-8bbd-1ae7c3cdb433@group-E9FCA3F5F81B-LeaderElection77] INFO  segmented.SegmentedRaftLogWorker (SegmentedRaftLogWorker.java:startLogSegment(385)) - a3f5b1ff-5ddb-40c7-8bbd-1ae7c3cdb433@group-E9FCA3F5F81B-SegmentedRaftLogWorker: Starting segment from index:0
2019-11-13 16:20:43,433 [a3f5b1ff-5ddb-40c7-8bbd-1ae7c3cdb433@group-E9FCA3F5F81B-LeaderElection77] INFO  impl.RaftServerImpl (ServerState.java:setRaftConf(356)) - a3f5b1ff-5ddb-40c7-8bbd-1ae7c3cdb433@group-E9FCA3F5F81B: set configuration 0: [a3f5b1ff-5ddb-40c7-8bbd-1ae7c3cdb433:192.168.69.122:40390], old=null at 0
2019-11-13 16:20:43,433 [EventQueue-PipelineReportForPipelineReportHandler] INFO  pipeline.PipelineStateManager (PipelineStateManager.java:openPipeline(134)) - Pipeline Pipeline[ Id: 45ddc8ee-0fee-43f7-b331-e9fca3f5f81b, Nodes: a3f5b1ff-5ddb-40c7-8bbd-1ae7c3cdb433{ip: 192.168.69.122, host: pr-hdds-2467-gc456-181853687, networkLocation: /rack1, certSerialId: null}, Type:RATIS, Factor:ONE, State:OPEN] moved to OPEN state
2019-11-13 16:20:43,436 [Thread-1357] INFO  impl.FollowerState (FollowerState.java:run(111)) - 285e9247-2161-496e-af81-9a87b6b231d9@group-2F3AC73264DC-FollowerState: change to CANDIDATE, lastRpcTime:1061ms, electionTimeout:1061ms
2019-11-13 16:20:43,436 [Thread-1357] INFO  impl.RoleInfo (RoleInfo.java:shutdownFollowerState(121)) - 285e9247-2161-496e-af81-9a87b6b231d9: shutdown FollowerState
2019-11-13 16:20:43,436 [Thread-1357] INFO  impl.RaftServerImpl (RaftServerImpl.java:setRole(173)) - 285e9247-2161-496e-af81-9a87b6b231d9@group-2F3AC73264DC: changes role from  FOLLOWER to CANDIDATE at term 0 for changeToCandidate
2019-11-13 16:20:43,436 [Thread-1357] INFO  impl.RoleInfo (RoleInfo.java:updateAndGet(143)) - 285e9247-2161-496e-af81-9a87b6b231d9: start LeaderElection
2019-11-13 16:20:43,462 [d45a2df2-8f38-43ec-9df7-e5c52ac58263@group-3F70BE9635D3-LeaderElection78] INFO  impl.LeaderElection (LeaderElection.java:askForVotes(178)) - d45a2df2-8f38-43ec-9df7-e5c52ac58263@group-3F70BE9635D3-LeaderElection78: begin an election at term 1 for -1: [d45a2df2-8f38-43ec-9df7-e5c52ac58263:192.168.69.122:44126], old=null
2019-11-13 16:20:43,462 [d45a2df2-8f38-43ec-9df7-e5c52ac58263@group-3F70BE9635D3-LeaderElection78] INFO  impl.RoleInfo (RoleInfo.java:shutdownLeaderElection(134)) - d45a2df2-8f38-43ec-9df7-e5c52ac58263: shutdown LeaderElection
2019-11-13 16:20:43,462 [d45a2df2-8f38-43ec-9df7-e5c52ac58263@group-3F70BE9635D3-LeaderElection78] INFO  impl.RaftServerImpl (RaftServerImpl.java:setRole(173)) - d45a2df2-8f38-43ec-9df7-e5c52ac58263@group-3F70BE9635D3: changes role from CANDIDATE to LEADER at term 1 for changeToLeader
2019-11-13 16:20:43,463 [d45a2df2-8f38-43ec-9df7-e5c52ac58263@group-3F70BE9635D3-LeaderElection78] INFO  ratis.XceiverServerRatis (XceiverServerRatis.java:handleLeaderChangedNotification(697)) - Leader change notification received for group: group-3F70BE9635D3 with new leaderId: d45a2df2-8f38-43ec-9df7-e5c52ac58263
2019-11-13 16:20:43,463 [d45a2df2-8f38-43ec-9df7-e5c52ac58263@group-3F70BE9635D3-LeaderElection78] INFO  impl.RaftServerImpl (ServerState.java:setLeader(255)) - d45a2df2-8f38-43ec-9df7-e5c52ac58263@group-3F70BE9635D3: change Leader from null to d45a2df2-8f38-43ec-9df7-e5c52ac58263 at term 1 for becomeLeader, leader elected after 1177ms
2019-11-13 16:20:43,463 [d45a2df2-8f38-43ec-9df7-e5c52ac58263@group-3F70BE9635D3-LeaderElection78] INFO  server.RaftServerConfigKeys (ConfUtils.java:logGet(43)) - raft.server.staging.catchup.gap = 1000 (default)
2019-11-13 16:20:43,463 [d45a2df2-8f38-43ec-9df7-e5c52ac58263@group-3F70BE9635D3-LeaderElection78] INFO  server.RaftServerConfigKeys (ConfUtils.java:logGet(43)) - raft.server.rpc.sleep.time = 25ms (default)
2019-11-13 16:20:43,466 [d45a2df2-8f38-43ec-9df7-e5c52ac58263@group-3F70BE9635D3-LeaderElection78] INFO  server.RaftServerConfigKeys (ConfUtils.java:logGet(43)) - raft.server.write.element-limit = 4096 (default)
2019-11-13 16:20:43,466 [d45a2df2-8f38-43ec-9df7-e5c52ac58263@group-3F70BE9635D3-LeaderElection78] INFO  server.RaftServerConfigKeys (ConfUtils.java:logGet(43)) - raft.server.watch.timeout = 10s (default)
2019-11-13 16:20:43,466 [d45a2df2-8f38-43ec-9df7-e5c52ac58263@group-3F70BE9635D3-LeaderElection78] INFO  server.RaftServerConfigKeys (ConfUtils.java:logGet(43)) - raft.server.watch.timeout.denomination = 1s (default)
2019-11-13 16:20:43,466 [d45a2df2-8f38-43ec-9df7-e5c52ac58263@group-3F70BE9635D3-LeaderElection78] INFO  server.RaftServerConfigKeys (ConfUtils.java:logGet(43)) - raft.server.watch.element-limit = 65536 (default)
2019-11-13 16:20:43,466 [d45a2df2-8f38-43ec-9df7-e5c52ac58263@group-3F70BE9635D3-LeaderElection78] INFO  impl.RoleInfo (RoleInfo.java:updateAndGet(143)) - d45a2df2-8f38-43ec-9df7-e5c52ac58263: start LeaderState
2019-11-13 16:20:43,467 [d45a2df2-8f38-43ec-9df7-e5c52ac58263@group-3F70BE9635D3-LeaderElection78] INFO  segmented.SegmentedRaftLogWorker (SegmentedRaftLogWorker.java:startLogSegment(385)) - d45a2df2-8f38-43ec-9df7-e5c52ac58263@group-3F70BE9635D3-SegmentedRaftLogWorker: Starting segment from index:0
2019-11-13 16:20:43,467 [EventQueue-PipelineReportForPipelineReportHandler] INFO  pipeline.PipelineStateManager (PipelineStateManager.java:openPipeline(134)) - Pipeline Pipeline[ Id: 0be7bec2-a286-4437-bb5b-3f70be9635d3, Nodes: d45a2df2-8f38-43ec-9df7-e5c52ac58263{ip: 192.168.69.122, host: pr-hdds-2467-gc456-181853687, networkLocation: /rack1, certSerialId: null}, Type:RATIS, Factor:ONE, State:OPEN] moved to OPEN state
2019-11-13 16:20:43,467 [d45a2df2-8f38-43ec-9df7-e5c52ac58263@group-3F70BE9635D3-LeaderElection78] INFO  impl.RaftServerImpl (ServerState.java:setRaftConf(356)) - d45a2df2-8f38-43ec-9df7-e5c52ac58263@group-3F70BE9635D3: set configuration 0: [d45a2df2-8f38-43ec-9df7-e5c52ac58263:192.168.69.122:44126], old=null at 0
2019-11-13 16:20:43,488 [a3f5b1ff-5ddb-40c7-8bbd-1ae7c3cdb433@group-E9FCA3F5F81B-SegmentedRaftLogWorker] INFO  segmented.SegmentedRaftLogWorker (SegmentedRaftLogWorker.java:execute(576)) - a3f5b1ff-5ddb-40c7-8bbd-1ae7c3cdb433@group-E9FCA3F5F81B-SegmentedRaftLogWorker: created new log segment /workdir/hadoop-ozone/integration-test/target/test-dir/MiniOzoneClusterImpl-3a974f43-0da0-4ff7-ab4a-31bb81b91875/datanode-7/data/ratis/45ddc8ee-0fee-43f7-b331-e9fca3f5f81b/current/log_inprogress_0
2019-11-13 16:20:43,488 [285e9247-2161-496e-af81-9a87b6b231d9@group-2F3AC73264DC-LeaderElection79] INFO  impl.LeaderElection (LeaderElection.java:askForVotes(178)) - 285e9247-2161-496e-af81-9a87b6b231d9@group-2F3AC73264DC-LeaderElection79: begin an election at term 1 for -1: [285e9247-2161-496e-af81-9a87b6b231d9:192.168.69.122:38616], old=null
2019-11-13 16:20:43,488 [285e9247-2161-496e-af81-9a87b6b231d9@group-2F3AC73264DC-LeaderElection79] INFO  impl.RoleInfo (RoleInfo.java:shutdownLeaderElection(134)) - 285e9247-2161-496e-af81-9a87b6b231d9: shutdown LeaderElection
2019-11-13 16:20:43,488 [285e9247-2161-496e-af81-9a87b6b231d9@group-2F3AC73264DC-LeaderElection79] INFO  impl.RaftServerImpl (RaftServerImpl.java:setRole(173)) - 285e9247-2161-496e-af81-9a87b6b231d9@group-2F3AC73264DC: changes role from CANDIDATE to LEADER at term 1 for changeToLeader
2019-11-13 16:20:43,488 [285e9247-2161-496e-af81-9a87b6b231d9@group-2F3AC73264DC-LeaderElection79] INFO  ratis.XceiverServerRatis (XceiverServerRatis.java:handleLeaderChangedNotification(697)) - Leader change notification received for group: group-2F3AC73264DC with new leaderId: 285e9247-2161-496e-af81-9a87b6b231d9
2019-11-13 16:20:43,488 [285e9247-2161-496e-af81-9a87b6b231d9@group-2F3AC73264DC-LeaderElection79] INFO  impl.RaftServerImpl (ServerState.java:setLeader(255)) - 285e9247-2161-496e-af81-9a87b6b231d9@group-2F3AC73264DC: change Leader from null to 285e9247-2161-496e-af81-9a87b6b231d9 at term 1 for becomeLeader, leader elected after 1119ms
2019-11-13 16:20:43,488 [285e9247-2161-496e-af81-9a87b6b231d9@group-2F3AC73264DC-LeaderElection79] INFO  server.RaftServerConfigKeys (ConfUtils.java:logGet(43)) - raft.server.staging.catchup.gap = 1000 (default)
2019-11-13 16:20:43,488 [285e9247-2161-496e-af81-9a87b6b231d9@group-2F3AC73264DC-LeaderElection79] INFO  server.RaftServerConfigKeys (ConfUtils.java:logGet(43)) - raft.server.rpc.sleep.time = 25ms (default)
2019-11-13 16:20:43,504 [285e9247-2161-496e-af81-9a87b6b231d9@group-2F3AC73264DC-LeaderElection79] INFO  server.RaftServerConfigKeys (ConfUtils.java:logGet(43)) - raft.server.write.element-limit = 4096 (default)
2019-11-13 16:20:43,504 [285e9247-2161-496e-af81-9a87b6b231d9@group-2F3AC73264DC-LeaderElection79] INFO  server.RaftServerConfigKeys (ConfUtils.java:logGet(43)) - raft.server.watch.timeout = 10s (default)
2019-11-13 16:20:43,505 [285e9247-2161-496e-af81-9a87b6b231d9@group-2F3AC73264DC-LeaderElection79] INFO  server.RaftServerConfigKeys (ConfUtils.java:logGet(43)) - raft.server.watch.timeout.denomination = 1s (default)
2019-11-13 16:20:43,505 [285e9247-2161-496e-af81-9a87b6b231d9@group-2F3AC73264DC-LeaderElection79] INFO  server.RaftServerConfigKeys (ConfUtils.java:logGet(43)) - raft.server.watch.element-limit = 65536 (default)
2019-11-13 16:20:43,505 [285e9247-2161-496e-af81-9a87b6b231d9@group-2F3AC73264DC-LeaderElection79] INFO  impl.RoleInfo (RoleInfo.java:updateAndGet(143)) - 285e9247-2161-496e-af81-9a87b6b231d9: start LeaderState
2019-11-13 16:20:43,505 [285e9247-2161-496e-af81-9a87b6b231d9@group-2F3AC73264DC-LeaderElection79] INFO  segmented.SegmentedRaftLogWorker (SegmentedRaftLogWorker.java:startLogSegment(385)) - 285e9247-2161-496e-af81-9a87b6b231d9@group-2F3AC73264DC-SegmentedRaftLogWorker: Starting segment from index:0
2019-11-13 16:20:43,505 [285e9247-2161-496e-af81-9a87b6b231d9@group-2F3AC73264DC-LeaderElection79] INFO  impl.RaftServerImpl (ServerState.java:setRaftConf(356)) - 285e9247-2161-496e-af81-9a87b6b231d9@group-2F3AC73264DC: set configuration 0: [285e9247-2161-496e-af81-9a87b6b231d9:192.168.69.122:38616], old=null at 0
2019-11-13 16:20:43,506 [EventQueue-PipelineReportForPipelineReportHandler] INFO  pipeline.PipelineStateManager (PipelineStateManager.java:openPipeline(134)) - Pipeline Pipeline[ Id: 8886387c-8df3-40f8-b933-2f3ac73264dc, Nodes: 285e9247-2161-496e-af81-9a87b6b231d9{ip: 192.168.69.122, host: pr-hdds-2467-gc456-181853687, networkLocation: /rack1, certSerialId: null}, Type:RATIS, Factor:ONE, State:OPEN] moved to OPEN state
2019-11-13 16:20:43,530 [d45a2df2-8f38-43ec-9df7-e5c52ac58263@group-3F70BE9635D3-SegmentedRaftLogWorker] INFO  segmented.SegmentedRaftLogWorker (SegmentedRaftLogWorker.java:execute(576)) - d45a2df2-8f38-43ec-9df7-e5c52ac58263@group-3F70BE9635D3-SegmentedRaftLogWorker: created new log segment /workdir/hadoop-ozone/integration-test/target/test-dir/MiniOzoneClusterImpl-3a974f43-0da0-4ff7-ab4a-31bb81b91875/datanode-8/data/ratis/0be7bec2-a286-4437-bb5b-3f70be9635d3/current/log_inprogress_0
2019-11-13 16:20:43,552 [main] INFO  ozone.MiniOzoneClusterImpl (MiniOzoneClusterImpl.java:lambda$waitForClusterToBeReady$2(163)) - Waiting for 2 number of pipelines out of 13, to report a leader.
2019-11-13 16:20:43,563 [285e9247-2161-496e-af81-9a87b6b231d9@group-2F3AC73264DC-SegmentedRaftLogWorker] INFO  segmented.SegmentedRaftLogWorker (SegmentedRaftLogWorker.java:execute(576)) - 285e9247-2161-496e-af81-9a87b6b231d9@group-2F3AC73264DC-SegmentedRaftLogWorker: created new log segment /workdir/hadoop-ozone/integration-test/target/test-dir/MiniOzoneClusterImpl-3a974f43-0da0-4ff7-ab4a-31bb81b91875/datanode-5/data/ratis/8886387c-8df3-40f8-b933-2f3ac73264dc/current/log_inprogress_0
2019-11-13 16:20:43,609 [Thread-1360] INFO  impl.FollowerState (FollowerState.java:run(111)) - 51f65b1e-ef83-4984-94ab-4ebc9e8c8658@group-F02A743D6624-FollowerState: change to CANDIDATE, lastRpcTime:1144ms, electionTimeout:1144ms
2019-11-13 16:20:43,610 [Thread-1360] INFO  impl.RoleInfo (RoleInfo.java:shutdownFollowerState(121)) - 51f65b1e-ef83-4984-94ab-4ebc9e8c8658: shutdown FollowerState
2019-11-13 16:20:43,610 [Thread-1360] INFO  impl.RaftServerImpl (RaftServerImpl.java:setRole(173)) - 51f65b1e-ef83-4984-94ab-4ebc9e8c8658@group-F02A743D6624: changes role from  FOLLOWER to CANDIDATE at term 0 for changeToCandidate
2019-11-13 16:20:43,610 [Thread-1360] INFO  impl.RoleInfo (RoleInfo.java:updateAndGet(143)) - 51f65b1e-ef83-4984-94ab-4ebc9e8c8658: start LeaderElection
2019-11-13 16:20:43,616 [Thread-1367] INFO  impl.FollowerState (FollowerState.java:run(111)) - 285e9247-2161-496e-af81-9a87b6b231d9@group-E372D1E6AF5D-FollowerState: change to CANDIDATE, lastRpcTime:1069ms, electionTimeout:1064ms
2019-11-13 16:20:43,616 [Thread-1367] INFO  impl.RoleInfo (RoleInfo.java:shutdownFollowerState(121)) - 285e9247-2161-496e-af81-9a87b6b231d9: shutdown FollowerState
2019-11-13 16:20:43,616 [Thread-1367] INFO  impl.RaftServerImpl (RaftServerImpl.java:setRole(173)) - 285e9247-2161-496e-af81-9a87b6b231d9@group-E372D1E6AF5D: changes role from  FOLLOWER to CANDIDATE at term 0 for changeToCandidate
2019-11-13 16:20:43,616 [Thread-1367] INFO  impl.RoleInfo (RoleInfo.java:updateAndGet(143)) - 285e9247-2161-496e-af81-9a87b6b231d9: start LeaderElection
2019-11-13 16:20:43,639 [51f65b1e-ef83-4984-94ab-4ebc9e8c8658@group-F02A743D6624-LeaderElection80] INFO  impl.LeaderElection (LeaderElection.java:askForVotes(178)) - 51f65b1e-ef83-4984-94ab-4ebc9e8c8658@group-F02A743D6624-LeaderElection80: begin an election at term 1 for -1: [51f65b1e-ef83-4984-94ab-4ebc9e8c8658:192.168.69.122:36414], old=null
2019-11-13 16:20:43,639 [285e9247-2161-496e-af81-9a87b6b231d9@group-E372D1E6AF5D-LeaderElection81] INFO  impl.LeaderElection (LeaderElection.java:askForVotes(178)) - 285e9247-2161-496e-af81-9a87b6b231d9@group-E372D1E6AF5D-LeaderElection81: begin an election at term 1 for -1: [d45a2df2-8f38-43ec-9df7-e5c52ac58263:192.168.69.122:44126, 285e9247-2161-496e-af81-9a87b6b231d9:192.168.69.122:38616, a3f5b1ff-5ddb-40c7-8bbd-1ae7c3cdb433:192.168.69.122:40390], old=null
2019-11-13 16:20:43,639 [51f65b1e-ef83-4984-94ab-4ebc9e8c8658@group-F02A743D6624-LeaderElection80] INFO  impl.RoleInfo (RoleInfo.java:shutdownLeaderElection(134)) - 51f65b1e-ef83-4984-94ab-4ebc9e8c8658: shutdown LeaderElection
2019-11-13 16:20:43,639 [51f65b1e-ef83-4984-94ab-4ebc9e8c8658@group-F02A743D6624-LeaderElection80] INFO  impl.RaftServerImpl (RaftServerImpl.java:setRole(173)) - 51f65b1e-ef83-4984-94ab-4ebc9e8c8658@group-F02A743D6624: changes role from CANDIDATE to LEADER at term 1 for changeToLeader
2019-11-13 16:20:43,639 [51f65b1e-ef83-4984-94ab-4ebc9e8c8658@group-F02A743D6624-LeaderElection80] INFO  ratis.XceiverServerRatis (XceiverServerRatis.java:handleLeaderChangedNotification(697)) - Leader change notification received for group: group-F02A743D6624 with new leaderId: 51f65b1e-ef83-4984-94ab-4ebc9e8c8658
2019-11-13 16:20:43,641 [51f65b1e-ef83-4984-94ab-4ebc9e8c8658@group-F02A743D6624-LeaderElection80] INFO  impl.RaftServerImpl (ServerState.java:setLeader(255)) - 51f65b1e-ef83-4984-94ab-4ebc9e8c8658@group-F02A743D6624: change Leader from null to 51f65b1e-ef83-4984-94ab-4ebc9e8c8658 at term 1 for becomeLeader, leader elected after 1177ms
2019-11-13 16:20:43,641 [51f65b1e-ef83-4984-94ab-4ebc9e8c8658@group-F02A743D6624-LeaderElection80] INFO  server.RaftServerConfigKeys (ConfUtils.java:logGet(43)) - raft.server.staging.catchup.gap = 1000 (default)
2019-11-13 16:20:43,641 [51f65b1e-ef83-4984-94ab-4ebc9e8c8658@group-F02A743D6624-LeaderElection80] INFO  server.RaftServerConfigKeys (ConfUtils.java:logGet(43)) - raft.server.rpc.sleep.time = 25ms (default)
2019-11-13 16:20:43,643 [51f65b1e-ef83-4984-94ab-4ebc9e8c8658@group-F02A743D6624-LeaderElection80] INFO  server.RaftServerConfigKeys (ConfUtils.java:logGet(43)) - raft.server.write.element-limit = 4096 (default)
2019-11-13 16:20:43,643 [51f65b1e-ef83-4984-94ab-4ebc9e8c8658@group-F02A743D6624-LeaderElection80] INFO  server.RaftServerConfigKeys (ConfUtils.java:logGet(43)) - raft.server.watch.timeout = 10s (default)
2019-11-13 16:20:43,643 [51f65b1e-ef83-4984-94ab-4ebc9e8c8658@group-F02A743D6624-LeaderElection80] INFO  server.RaftServerConfigKeys (ConfUtils.java:logGet(43)) - raft.server.watch.timeout.denomination = 1s (default)
2019-11-13 16:20:43,643 [51f65b1e-ef83-4984-94ab-4ebc9e8c8658@group-F02A743D6624-LeaderElection80] INFO  server.RaftServerConfigKeys (ConfUtils.java:logGet(43)) - raft.server.watch.element-limit = 65536 (default)
2019-11-13 16:20:43,643 [51f65b1e-ef83-4984-94ab-4ebc9e8c8658@group-F02A743D6624-LeaderElection80] INFO  impl.RoleInfo (RoleInfo.java:updateAndGet(143)) - 51f65b1e-ef83-4984-94ab-4ebc9e8c8658: start LeaderState
2019-11-13 16:20:43,644 [51f65b1e-ef83-4984-94ab-4ebc9e8c8658@group-F02A743D6624-LeaderElection80] INFO  segmented.SegmentedRaftLogWorker (SegmentedRaftLogWorker.java:startLogSegment(385)) - 51f65b1e-ef83-4984-94ab-4ebc9e8c8658@group-F02A743D6624-SegmentedRaftLogWorker: Starting segment from index:0
2019-11-13 16:20:43,644 [EventQueue-PipelineReportForPipelineReportHandler] INFO  pipeline.PipelineStateManager (PipelineStateManager.java:openPipeline(134)) - Pipeline Pipeline[ Id: b7e83a83-f549-4bce-a1cc-f02a743d6624, Nodes: 51f65b1e-ef83-4984-94ab-4ebc9e8c8658{ip: 192.168.69.122, host: pr-hdds-2467-gc456-181853687, networkLocation: /rack1, certSerialId: null}, Type:RATIS, Factor:ONE, State:OPEN] moved to OPEN state
2019-11-13 16:20:43,644 [51f65b1e-ef83-4984-94ab-4ebc9e8c8658@group-F02A743D6624-LeaderElection80] INFO  impl.RaftServerImpl (ServerState.java:setRaftConf(356)) - 51f65b1e-ef83-4984-94ab-4ebc9e8c8658@group-F02A743D6624: set configuration 0: [51f65b1e-ef83-4984-94ab-4ebc9e8c8658:192.168.69.122:36414], old=null at 0
2019-11-13 16:20:43,670 [grpc-default-executor-1] INFO  impl.RaftServerImpl (RaftServerImpl.java:setRole(173)) - a3f5b1ff-5ddb-40c7-8bbd-1ae7c3cdb433@group-E372D1E6AF5D: changes role from  FOLLOWER to FOLLOWER at term 1 for recognizeCandidate:285e9247-2161-496e-af81-9a87b6b231d9
2019-11-13 16:20:43,670 [grpc-default-executor-1] INFO  impl.RoleInfo (RoleInfo.java:shutdownFollowerState(121)) - a3f5b1ff-5ddb-40c7-8bbd-1ae7c3cdb433: shutdown FollowerState
2019-11-13 16:20:43,670 [grpc-default-executor-1] INFO  impl.RoleInfo (RoleInfo.java:updateAndGet(143)) - a3f5b1ff-5ddb-40c7-8bbd-1ae7c3cdb433: start FollowerState
2019-11-13 16:20:43,672 [grpc-default-executor-4] INFO  impl.RaftServerImpl (RaftServerImpl.java:setRole(173)) - d45a2df2-8f38-43ec-9df7-e5c52ac58263@group-E372D1E6AF5D: changes role from  FOLLOWER to FOLLOWER at term 1 for recognizeCandidate:285e9247-2161-496e-af81-9a87b6b231d9
2019-11-13 16:20:43,670 [Thread-1363] INFO  impl.FollowerState (FollowerState.java:run(120)) - a3f5b1ff-5ddb-40c7-8bbd-1ae7c3cdb433@group-E372D1E6AF5D-FollowerState was interrupted: java.lang.InterruptedException: sleep interrupted
2019-11-13 16:20:43,672 [grpc-default-executor-4] INFO  impl.RoleInfo (RoleInfo.java:shutdownFollowerState(121)) - d45a2df2-8f38-43ec-9df7-e5c52ac58263: shutdown FollowerState
2019-11-13 16:20:43,672 [grpc-default-executor-4] INFO  impl.RoleInfo (RoleInfo.java:updateAndGet(143)) - d45a2df2-8f38-43ec-9df7-e5c52ac58263: start FollowerState
2019-11-13 16:20:43,673 [Thread-1369] INFO  impl.FollowerState (FollowerState.java:run(120)) - d45a2df2-8f38-43ec-9df7-e5c52ac58263@group-E372D1E6AF5D-FollowerState was interrupted: java.lang.InterruptedException: sleep interrupted
2019-11-13 16:20:43,698 [51f65b1e-ef83-4984-94ab-4ebc9e8c8658@group-F02A743D6624-SegmentedRaftLogWorker] INFO  segmented.SegmentedRaftLogWorker (SegmentedRaftLogWorker.java:execute(576)) - 51f65b1e-ef83-4984-94ab-4ebc9e8c8658@group-F02A743D6624-SegmentedRaftLogWorker: created new log segment /workdir/hadoop-ozone/integration-test/target/test-dir/MiniOzoneClusterImpl-3a974f43-0da0-4ff7-ab4a-31bb81b91875/datanode-9/data/ratis/b7e83a83-f549-4bce-a1cc-f02a743d6624/current/log_inprogress_0
2019-11-13 16:20:43,699 [285e9247-2161-496e-af81-9a87b6b231d9@group-E372D1E6AF5D-LeaderElection81] INFO  impl.LeaderElection (LeaderElection.java:logAndReturn(56)) - 285e9247-2161-496e-af81-9a87b6b231d9@group-E372D1E6AF5D-LeaderElection81: Election PASSED; received 1 response(s) [285e9247-2161-496e-af81-9a87b6b231d9<-a3f5b1ff-5ddb-40c7-8bbd-1ae7c3cdb433#0:OK-t1] and 0 exception(s); 285e9247-2161-496e-af81-9a87b6b231d9@group-E372D1E6AF5D:t1, leader=null, voted=285e9247-2161-496e-af81-9a87b6b231d9, raftlog=285e9247-2161-496e-af81-9a87b6b231d9@group-E372D1E6AF5D-SegmentedRaftLog:OPENED:c-1,f-1,i0, conf=-1: [d45a2df2-8f38-43ec-9df7-e5c52ac58263:192.168.69.122:44126, 285e9247-2161-496e-af81-9a87b6b231d9:192.168.69.122:38616, a3f5b1ff-5ddb-40c7-8bbd-1ae7c3cdb433:192.168.69.122:40390], old=null
2019-11-13 16:20:43,699 [285e9247-2161-496e-af81-9a87b6b231d9@group-E372D1E6AF5D-LeaderElection81] INFO  impl.RoleInfo (RoleInfo.java:shutdownLeaderElection(134)) - 285e9247-2161-496e-af81-9a87b6b231d9: shutdown LeaderElection
2019-11-13 16:20:43,699 [285e9247-2161-496e-af81-9a87b6b231d9@group-E372D1E6AF5D-LeaderElection81] INFO  impl.RaftServerImpl (RaftServerImpl.java:setRole(173)) - 285e9247-2161-496e-af81-9a87b6b231d9@group-E372D1E6AF5D: changes role from CANDIDATE to LEADER at term 1 for changeToLeader
2019-11-13 16:20:43,699 [285e9247-2161-496e-af81-9a87b6b231d9@group-E372D1E6AF5D-LeaderElection81] INFO  ratis.XceiverServerRatis (XceiverServerRatis.java:handleLeaderChangedNotification(697)) - Leader change notification received for group: group-E372D1E6AF5D with new leaderId: 285e9247-2161-496e-af81-9a87b6b231d9
2019-11-13 16:20:43,699 [285e9247-2161-496e-af81-9a87b6b231d9@group-E372D1E6AF5D-LeaderElection81] INFO  impl.RaftServerImpl (ServerState.java:setLeader(255)) - 285e9247-2161-496e-af81-9a87b6b231d9@group-E372D1E6AF5D: change Leader from null to 285e9247-2161-496e-af81-9a87b6b231d9 at term 1 for becomeLeader, leader elected after 1161ms
2019-11-13 16:20:43,700 [285e9247-2161-496e-af81-9a87b6b231d9@group-E372D1E6AF5D-LeaderElection81] INFO  server.RaftServerConfigKeys (ConfUtils.java:logGet(43)) - raft.server.staging.catchup.gap = 1000 (default)
2019-11-13 16:20:43,700 [285e9247-2161-496e-af81-9a87b6b231d9@group-E372D1E6AF5D-LeaderElection81] INFO  server.RaftServerConfigKeys (ConfUtils.java:logGet(43)) - raft.server.rpc.sleep.time = 25ms (default)
2019-11-13 16:20:43,700 [285e9247-2161-496e-af81-9a87b6b231d9@group-E372D1E6AF5D-LeaderElection81] INFO  server.RaftServerConfigKeys (ConfUtils.java:logGet(43)) - raft.server.write.element-limit = 4096 (default)
2019-11-13 16:20:43,700 [285e9247-2161-496e-af81-9a87b6b231d9@group-E372D1E6AF5D-LeaderElection81] INFO  server.RaftServerConfigKeys (ConfUtils.java:logGet(43)) - raft.server.watch.timeout = 10s (default)
2019-11-13 16:20:43,700 [285e9247-2161-496e-af81-9a87b6b231d9@group-E372D1E6AF5D-LeaderElection81] INFO  server.RaftServerConfigKeys (ConfUtils.java:logGet(43)) - raft.server.watch.timeout.denomination = 1s (default)
2019-11-13 16:20:43,700 [285e9247-2161-496e-af81-9a87b6b231d9@group-E372D1E6AF5D-LeaderElection81] INFO  server.RaftServerConfigKeys (ConfUtils.java:logGet(43)) - raft.server.watch.element-limit = 65536 (default)
2019-11-13 16:20:43,701 [285e9247-2161-496e-af81-9a87b6b231d9@group-E372D1E6AF5D-LeaderElection81] INFO  server.RaftServerConfigKeys (ConfUtils.java:logGet(43)) - raft.server.log.appender.snapshot.chunk.size.max = 16MB (=16777216) (default)
2019-11-13 16:20:43,701 [285e9247-2161-496e-af81-9a87b6b231d9@group-E372D1E6AF5D-LeaderElection81] INFO  server.RaftServerConfigKeys (ConfUtils.java:logGet(43)) - raft.server.log.appender.buffer.byte-limit = 33554432 (custom)
2019-11-13 16:20:43,701 [EventQueue-PipelineReportForPipelineReportHandler] INFO  pipeline.PipelineStateManager (PipelineStateManager.java:openPipeline(134)) - Pipeline Pipeline[ Id: b926bd6a-4041-4dff-bb3d-e372d1e6af5d, Nodes: a3f5b1ff-5ddb-40c7-8bbd-1ae7c3cdb433{ip: 192.168.69.122, host: pr-hdds-2467-gc456-181853687, networkLocation: /rack1, certSerialId: null}d45a2df2-8f38-43ec-9df7-e5c52ac58263{ip: 192.168.69.122, host: pr-hdds-2467-gc456-181853687, networkLocation: /rack1, certSerialId: null}285e9247-2161-496e-af81-9a87b6b231d9{ip: 192.168.69.122, host: pr-hdds-2467-gc456-181853687, networkLocation: /rack1, certSerialId: null}, Type:RATIS, Factor:THREE, State:OPEN] moved to OPEN state
2019-11-13 16:20:43,701 [285e9247-2161-496e-af81-9a87b6b231d9@group-E372D1E6AF5D-LeaderElection81] INFO  server.RaftServerConfigKeys (ConfUtils.java:logGet(43)) - raft.server.log.appender.buffer.element-limit = 1 (custom)
2019-11-13 16:20:43,701 [285e9247-2161-496e-af81-9a87b6b231d9@group-E372D1E6AF5D-LeaderElection81] INFO  grpc.GrpcConfigKeys$Server (ConfUtils.java:logGet(43)) - raft.grpc.server.leader.outstanding.appends.max = 128 (default)
2019-11-13 16:20:43,702 [285e9247-2161-496e-af81-9a87b6b231d9@group-E372D1E6AF5D-LeaderElection81] INFO  server.RaftServerConfigKeys (ConfUtils.java:logGet(43)) - raft.server.rpc.request.timeout = 3000ms (default)
2019-11-13 16:20:43,702 [285e9247-2161-496e-af81-9a87b6b231d9@group-E372D1E6AF5D-LeaderElection81] INFO  server.RaftServerConfigKeys (ConfUtils.java:logGet(43)) - raft.server.log.appender.install.snapshot.enabled = false (custom)
2019-11-13 16:20:43,702 [285e9247-2161-496e-af81-9a87b6b231d9@group-E372D1E6AF5D-LeaderElection81] WARN  impl.MetricRegistriesImpl (MetricRegistriesImpl.java:lambda$create$1(61)) - First MetricRegistry has been created without registering reporters. You may need to call MetricRegistries.global().addReportRegistration(...) before.
2019-11-13 16:20:43,702 [285e9247-2161-496e-af81-9a87b6b231d9@group-E372D1E6AF5D-LeaderElection81] INFO  server.RaftServerConfigKeys (ConfUtils.java:logGet(43)) - raft.server.log.appender.snapshot.chunk.size.max = 16MB (=16777216) (default)
2019-11-13 16:20:43,702 [285e9247-2161-496e-af81-9a87b6b231d9@group-E372D1E6AF5D-LeaderElection81] INFO  server.RaftServerConfigKeys (ConfUtils.java:logGet(43)) - raft.server.log.appender.buffer.byte-limit = 33554432 (custom)
2019-11-13 16:20:43,703 [285e9247-2161-496e-af81-9a87b6b231d9@group-E372D1E6AF5D-LeaderElection81] INFO  server.RaftServerConfigKeys (ConfUtils.java:logGet(43)) - raft.server.log.appender.buffer.element-limit = 1 (custom)
2019-11-13 16:20:43,703 [285e9247-2161-496e-af81-9a87b6b231d9@group-E372D1E6AF5D-LeaderElection81] INFO  grpc.GrpcConfigKeys$Server (ConfUtils.java:logGet(43)) - raft.grpc.server.leader.outstanding.appends.max = 128 (default)
2019-11-13 16:20:43,703 [285e9247-2161-496e-af81-9a87b6b231d9@group-E372D1E6AF5D-LeaderElection81] INFO  server.RaftServerConfigKeys (ConfUtils.java:logGet(43)) - raft.server.rpc.request.timeout = 3000ms (default)
2019-11-13 16:20:43,703 [285e9247-2161-496e-af81-9a87b6b231d9@group-E372D1E6AF5D-LeaderElection81] INFO  server.RaftServerConfigKeys (ConfUtils.java:logGet(43)) - raft.server.log.appender.install.snapshot.enabled = false (custom)
2019-11-13 16:20:43,703 [285e9247-2161-496e-af81-9a87b6b231d9@group-E372D1E6AF5D-LeaderElection81] INFO  impl.RoleInfo (RoleInfo.java:updateAndGet(143)) - 285e9247-2161-496e-af81-9a87b6b231d9: start LeaderState
2019-11-13 16:20:43,704 [285e9247-2161-496e-af81-9a87b6b231d9@group-E372D1E6AF5D-LeaderElection81] INFO  segmented.SegmentedRaftLogWorker (SegmentedRaftLogWorker.java:startLogSegment(385)) - 285e9247-2161-496e-af81-9a87b6b231d9@group-E372D1E6AF5D-SegmentedRaftLogWorker: Starting segment from index:0
2019-11-13 16:20:43,704 [285e9247-2161-496e-af81-9a87b6b231d9@group-E372D1E6AF5D-LeaderElection81] INFO  impl.RaftServerImpl (ServerState.java:setRaftConf(356)) - 285e9247-2161-496e-af81-9a87b6b231d9@group-E372D1E6AF5D: set configuration 0: [d45a2df2-8f38-43ec-9df7-e5c52ac58263:192.168.69.122:44126, 285e9247-2161-496e-af81-9a87b6b231d9:192.168.69.122:38616, a3f5b1ff-5ddb-40c7-8bbd-1ae7c3cdb433:192.168.69.122:40390], old=null at 0
2019-11-13 16:20:43,741 [grpc-default-executor-1] INFO  ratis.XceiverServerRatis (XceiverServerRatis.java:handleLeaderChangedNotification(697)) - Leader change notification received for group: group-E372D1E6AF5D with new leaderId: 285e9247-2161-496e-af81-9a87b6b231d9
2019-11-13 16:20:43,741 [grpc-default-executor-4] INFO  ratis.XceiverServerRatis (XceiverServerRatis.java:handleLeaderChangedNotification(697)) - Leader change notification received for group: group-E372D1E6AF5D with new leaderId: 285e9247-2161-496e-af81-9a87b6b231d9
2019-11-13 16:20:43,742 [grpc-default-executor-1] INFO  impl.RaftServerImpl (ServerState.java:setLeader(255)) - a3f5b1ff-5ddb-40c7-8bbd-1ae7c3cdb433@group-E372D1E6AF5D: change Leader from null to 285e9247-2161-496e-af81-9a87b6b231d9 at term 1 for appendEntries, leader elected after 1203ms
2019-11-13 16:20:43,742 [grpc-default-executor-4] INFO  impl.RaftServerImpl (ServerState.java:setLeader(255)) - d45a2df2-8f38-43ec-9df7-e5c52ac58263@group-E372D1E6AF5D: change Leader from null to 285e9247-2161-496e-af81-9a87b6b231d9 at term 1 for appendEntries, leader elected after 1203ms
2019-11-13 16:20:43,749 [grpc-default-executor-4] INFO  impl.RaftServerImpl (ServerState.java:setRaftConf(356)) - a3f5b1ff-5ddb-40c7-8bbd-1ae7c3cdb433@group-E372D1E6AF5D: set configuration 0: [d45a2df2-8f38-43ec-9df7-e5c52ac58263:192.168.69.122:44126, 285e9247-2161-496e-af81-9a87b6b231d9:192.168.69.122:38616, a3f5b1ff-5ddb-40c7-8bbd-1ae7c3cdb433:192.168.69.122:40390], old=null at 0
2019-11-13 16:20:43,749 [grpc-default-executor-4] INFO  segmented.SegmentedRaftLogWorker (SegmentedRaftLogWorker.java:startLogSegment(385)) - a3f5b1ff-5ddb-40c7-8bbd-1ae7c3cdb433@group-E372D1E6AF5D-SegmentedRaftLogWorker: Starting segment from index:0
2019-11-13 16:20:43,750 [grpc-default-executor-4] INFO  impl.RaftServerImpl (ServerState.java:setRaftConf(356)) - d45a2df2-8f38-43ec-9df7-e5c52ac58263@group-E372D1E6AF5D: set configuration 0: [d45a2df2-8f38-43ec-9df7-e5c52ac58263:192.168.69.122:44126, 285e9247-2161-496e-af81-9a87b6b231d9:192.168.69.122:38616, a3f5b1ff-5ddb-40c7-8bbd-1ae7c3cdb433:192.168.69.122:40390], old=null at 0
2019-11-13 16:20:43,750 [grpc-default-executor-4] INFO  segmented.SegmentedRaftLogWorker (SegmentedRaftLogWorker.java:startLogSegment(385)) - d45a2df2-8f38-43ec-9df7-e5c52ac58263@group-E372D1E6AF5D-SegmentedRaftLogWorker: Starting segment from index:0
2019-11-13 16:20:43,765 [285e9247-2161-496e-af81-9a87b6b231d9@group-E372D1E6AF5D-SegmentedRaftLogWorker] INFO  segmented.SegmentedRaftLogWorker (SegmentedRaftLogWorker.java:execute(576)) - 285e9247-2161-496e-af81-9a87b6b231d9@group-E372D1E6AF5D-SegmentedRaftLogWorker: created new log segment /workdir/hadoop-ozone/integration-test/target/test-dir/MiniOzoneClusterImpl-3a974f43-0da0-4ff7-ab4a-31bb81b91875/datanode-5/data/ratis/b926bd6a-4041-4dff-bb3d-e372d1e6af5d/current/log_inprogress_0
2019-11-13 16:20:43,790 [d45a2df2-8f38-43ec-9df7-e5c52ac58263@group-E372D1E6AF5D-SegmentedRaftLogWorker] INFO  segmented.SegmentedRaftLogWorker (SegmentedRaftLogWorker.java:execute(576)) - d45a2df2-8f38-43ec-9df7-e5c52ac58263@group-E372D1E6AF5D-SegmentedRaftLogWorker: created new log segment /workdir/hadoop-ozone/integration-test/target/test-dir/MiniOzoneClusterImpl-3a974f43-0da0-4ff7-ab4a-31bb81b91875/datanode-8/data/ratis/b926bd6a-4041-4dff-bb3d-e372d1e6af5d/current/log_inprogress_0
2019-11-13 16:20:43,807 [a3f5b1ff-5ddb-40c7-8bbd-1ae7c3cdb433@group-E372D1E6AF5D-SegmentedRaftLogWorker] INFO  segmented.SegmentedRaftLogWorker (SegmentedRaftLogWorker.java:execute(576)) - a3f5b1ff-5ddb-40c7-8bbd-1ae7c3cdb433@group-E372D1E6AF5D-SegmentedRaftLogWorker: created new log segment /workdir/hadoop-ozone/integration-test/target/test-dir/MiniOzoneClusterImpl-3a974f43-0da0-4ff7-ab4a-31bb81b91875/datanode-7/data/ratis/b926bd6a-4041-4dff-bb3d-e372d1e6af5d/current/log_inprogress_0
2019-11-13 16:20:44,553 [main] INFO  ozone.MiniOzoneClusterImpl (MiniOzoneClusterImpl.java:lambda$waitForClusterToBeReady$2(171)) - Cluster is ready. Got 10 of 10 DN Heartbeats.
2019-11-13 16:20:44,603 [Thread-1313] INFO  container.ReplicationManager (ReplicationManager.java:start(162)) - Starting Replication Monitor Thread.
2019-11-13 16:20:44,603 [Thread-1313] INFO  pipeline.SCMPipelineManager (SCMPipelineManager.java:finalizeAndDestroyPipeline(315)) - destroying pipeline:Pipeline[ Id: 2468641c-580f-4b32-9980-d4ab5c69548d, Nodes: 0d99dfee-4670-49f5-9a57-a4288445f0bf{ip: 192.168.69.122, host: pr-hdds-2467-gc456-181853687, networkLocation: /rack1, certSerialId: null}, Type:RATIS, Factor:ONE, State:OPEN]
2019-11-13 16:20:44,606 [Thread-1313] INFO  pipeline.PipelineStateManager (PipelineStateManager.java:finalizePipeline(121)) - Pipeline Pipeline[ Id: 2468641c-580f-4b32-9980-d4ab5c69548d, Nodes: 0d99dfee-4670-49f5-9a57-a4288445f0bf{ip: 192.168.69.122, host: pr-hdds-2467-gc456-181853687, networkLocation: /rack1, certSerialId: null}, Type:RATIS, Factor:ONE, State:CLOSED] moved to CLOSED state
2019-11-13 16:20:44,606 [ReplicationMonitor] INFO  container.ReplicationManager (ReplicationManager.java:run(225)) - Replication Monitor Thread took 0 milliseconds for processing 0 containers.
2019-11-13 16:20:44,612 [main] INFO  rpc.RpcClient (RpcClient.java:createVolume(292)) - Creating Volume: datanodefailurehandlingtest, with jenkins1000 as owner.
2019-11-13 16:20:44,613 [grpc-default-executor-1] INFO  impl.RaftServerProxy (RaftServerProxy.java:remove(95)) - 0d99dfee-4670-49f5-9a57-a4288445f0bf: remove    LEADER 0d99dfee-4670-49f5-9a57-a4288445f0bf@group-D4AB5C69548D:t1, leader=0d99dfee-4670-49f5-9a57-a4288445f0bf, voted=0d99dfee-4670-49f5-9a57-a4288445f0bf, raftlog=0d99dfee-4670-49f5-9a57-a4288445f0bf@group-D4AB5C69548D-SegmentedRaftLog:OPENED:c0,f0,i0, conf=0: [0d99dfee-4670-49f5-9a57-a4288445f0bf:192.168.69.122:44563], old=null RUNNING
2019-11-13 16:20:44,613 [grpc-default-executor-1] INFO  impl.RaftServerImpl (RaftServerImpl.java:lambda$shutdown$3(250)) - 0d99dfee-4670-49f5-9a57-a4288445f0bf@group-D4AB5C69548D: shutdown
2019-11-13 16:20:44,613 [grpc-default-executor-1] INFO  util.JmxRegister (JmxRegister.java:unregister(73)) - Successfully un-registered JMX Bean with object name Ratis:service=RaftServer,group=group-D4AB5C69548D,id=0d99dfee-4670-49f5-9a57-a4288445f0bf
2019-11-13 16:20:44,614 [grpc-default-executor-1] INFO  impl.RoleInfo (RoleInfo.java:shutdownLeaderState(104)) - 0d99dfee-4670-49f5-9a57-a4288445f0bf: shutdown LeaderState
2019-11-13 16:20:44,614 [grpc-default-executor-1] INFO  impl.PendingRequests (PendingRequests.java:sendNotLeaderResponses(206)) - 0d99dfee-4670-49f5-9a57-a4288445f0bf@group-D4AB5C69548D-PendingRequests: sendNotLeaderResponses
2019-11-13 16:20:44,615 [grpc-default-executor-1] INFO  impl.StateMachineUpdater (StateMachineUpdater.java:stopAndJoin(136)) - 0d99dfee-4670-49f5-9a57-a4288445f0bf@group-D4AB5C69548D-StateMachineUpdater: set stopIndex = 0
2019-11-13 16:20:44,615 [grpc-default-executor-1] INFO  impl.RaftServerImpl (ServerState.java:close(387)) - 0d99dfee-4670-49f5-9a57-a4288445f0bf@group-D4AB5C69548D: closes. applyIndex: 0
2019-11-13 16:20:44,615 [0d99dfee-4670-49f5-9a57-a4288445f0bf@group-D4AB5C69548D-SegmentedRaftLogWorker] INFO  segmented.SegmentedRaftLogWorker (SegmentedRaftLogWorker.java:run(316)) - 0d99dfee-4670-49f5-9a57-a4288445f0bf@group-D4AB5C69548D-SegmentedRaftLogWorker was interrupted, exiting. There are 0 tasks remaining in the queue.
2019-11-13 16:20:44,618 [IPC Server handler 18 on 32929] INFO  volume.OMVolumeCreateRequest (OMVolumeCreateRequest.java:validateAndUpdateCache(193)) - created volume:datanodefailurehandlingtest for user:jenkins1000
2019-11-13 16:20:44,620 [grpc-default-executor-1] INFO  segmented.SegmentedRaftLogWorker (SegmentedRaftLogWorker.java:close(224)) - 0d99dfee-4670-49f5-9a57-a4288445f0bf@group-D4AB5C69548D-SegmentedRaftLogWorker close()
2019-11-13 16:20:44,633 [Thread-1313] INFO  pipeline.PipelineStateManager (PipelineStateManager.java:removePipeline(106)) - Pipeline Pipeline[ Id: 2468641c-580f-4b32-9980-d4ab5c69548d, Nodes: 0d99dfee-4670-49f5-9a57-a4288445f0bf{ip: 192.168.69.122, host: pr-hdds-2467-gc456-181853687, networkLocation: /rack1, certSerialId: null}, Type:RATIS, Factor:ONE, State:CLOSED] removed from db
2019-11-13 16:20:44,635 [Thread-1313] INFO  pipeline.SCMPipelineManager (SCMPipelineManager.java:finalizeAndDestroyPipeline(315)) - destroying pipeline:Pipeline[ Id: b926bd6a-4041-4dff-bb3d-e372d1e6af5d, Nodes: a3f5b1ff-5ddb-40c7-8bbd-1ae7c3cdb433{ip: 192.168.69.122, host: pr-hdds-2467-gc456-181853687, networkLocation: /rack1, certSerialId: null}d45a2df2-8f38-43ec-9df7-e5c52ac58263{ip: 192.168.69.122, host: pr-hdds-2467-gc456-181853687, networkLocation: /rack1, certSerialId: null}285e9247-2161-496e-af81-9a87b6b231d9{ip: 192.168.69.122, host: pr-hdds-2467-gc456-181853687, networkLocation: /rack1, certSerialId: null}, Type:RATIS, Factor:THREE, State:OPEN]
2019-11-13 16:20:44,640 [grpc-default-executor-1] INFO  impl.RaftServerProxy (RaftServerProxy.java:addNew(89)) - 0d99dfee-4670-49f5-9a57-a4288445f0bf: addNew group-A732F62A02C9:[0d99dfee-4670-49f5-9a57-a4288445f0bf:192.168.69.122:44563] returns group-A732F62A02C9:java.util.concurrent.CompletableFuture@4ba909a0[Not completed]
2019-11-13 16:20:44,642 [pool-179-thread-1] INFO  impl.RaftServerImpl (RaftServerImpl.java:<init>(98)) - 0d99dfee-4670-49f5-9a57-a4288445f0bf: new RaftServerImpl for group-A732F62A02C9:[0d99dfee-4670-49f5-9a57-a4288445f0bf:192.168.69.122:44563] with ContainerStateMachine:uninitialized
2019-11-13 16:20:44,642 [pool-179-thread-1] INFO  server.RaftServerConfigKeys (ConfUtils.java:logGet(43)) - raft.server.rpc.timeout.min = 1s (custom)
2019-11-13 16:20:44,642 [pool-179-thread-1] INFO  server.RaftServerConfigKeys (ConfUtils.java:logGet(43)) - raft.server.rpc.timeout.max = 1200ms (custom)
2019-11-13 16:20:44,642 [pool-179-thread-1] INFO  server.RaftServerConfigKeys (ConfUtils.java:logGet(43)) - raft.server.rpcslowness.timeout = 120s (custom)
2019-11-13 16:20:44,642 [pool-179-thread-1] INFO  server.RaftServerConfigKeys (ConfUtils.java:logGet(43)) - raft.server.sleep.deviation.threshold = 300 (default)
2019-11-13 16:20:44,642 [pool-179-thread-1] INFO  server.RaftServerConfigKeys (ConfUtils.java:logGet(43)) - raft.server.log.appender.install.snapshot.enabled = false (custom)
2019-11-13 16:20:44,642 [pool-179-thread-1] INFO  impl.RaftServerImpl (ServerState.java:<init>(103)) - 0d99dfee-4670-49f5-9a57-a4288445f0bf@group-A732F62A02C9: ConfigurationManager, init=-1: [0d99dfee-4670-49f5-9a57-a4288445f0bf:192.168.69.122:44563], old=null, confs=<EMPTY_MAP>
2019-11-13 16:20:44,642 [pool-179-thread-1] INFO  server.RaftServerConfigKeys (ConfUtils.java:logGet(43)) - raft.server.storage.dir = [/workdir/hadoop-ozone/integration-test/target/test-dir/MiniOzoneClusterImpl-3a974f43-0da0-4ff7-ab4a-31bb81b91875/datanode-3/data/ratis] (custom)
2019-11-13 16:20:44,643 [pool-179-thread-1] INFO  server.RaftServerConfigKeys (ConfUtils.java:logGet(43)) - raft.server.log.corruption.policy = EXCEPTION (default)
2019-11-13 16:20:44,643 [pool-179-thread-1] INFO  storage.RaftStorageDirectory (RaftStorageDirectory.java:analyzeStorage(246)) - The storage directory /workdir/hadoop-ozone/integration-test/target/test-dir/MiniOzoneClusterImpl-3a974f43-0da0-4ff7-ab4a-31bb81b91875/datanode-3/data/ratis/d836d6e6-a034-4b39-8853-a732f62a02c9 does not exist. Creating ...
2019-11-13 16:20:44,670 [pool-179-thread-1] INFO  storage.RaftStorageDirectory (RaftStorageDirectory.java:tryLock(328)) - Lock on /workdir/hadoop-ozone/integration-test/target/test-dir/MiniOzoneClusterImpl-3a974f43-0da0-4ff7-ab4a-31bb81b91875/datanode-3/data/ratis/d836d6e6-a034-4b39-8853-a732f62a02c9/in_use.lock acquired by nodename 22372@pr-hdds-2467-gc456-181853687
2019-11-13 16:20:44,685 [main] INFO  rpc.RpcClient (RpcClient.java:createBucket(431)) - Creating Bucket: datanodefailurehandlingtest/datanodefailurehandlingtest, with Versioning false and Storage Type set to DISK and Encryption set to false 
2019-11-13 16:20:44,697 [pool-179-thread-1] INFO  storage.RaftStorage (RaftStorage.java:format(84)) - Storage directory /workdir/hadoop-ozone/integration-test/target/test-dir/MiniOzoneClusterImpl-3a974f43-0da0-4ff7-ab4a-31bb81b91875/datanode-3/data/ratis/d836d6e6-a034-4b39-8853-a732f62a02c9 has been successfully formatted.
2019-11-13 16:20:44,698 [pool-179-thread-1] INFO  ratis.ContainerStateMachine (ContainerStateMachine.java:loadSnapshot(223)) - group-A732F62A02C9: The snapshot info is null. Setting the last applied indexto:(t:0, i:~)
2019-11-13 16:20:44,698 [pool-179-thread-1] INFO  server.RaftServerConfigKeys (ConfUtils.java:logGet(43)) - raft.server.notification.no-leader.timeout = 120s (custom)
2019-11-13 16:20:44,698 [pool-179-thread-1] INFO  server.RaftServerConfigKeys (ConfUtils.java:logGet(43)) - raft.server.log.use.memory = false (default)
2019-11-13 16:20:44,698 [pool-179-thread-1] INFO  server.RaftServerConfigKeys (ConfUtils.java:logGet(43)) - raft.server.log.purge.gap = 1000000 (custom)
2019-11-13 16:20:44,698 [pool-179-thread-1] INFO  server.RaftServerConfigKeys (ConfUtils.java:logGet(43)) - raft.server.log.appender.buffer.byte-limit = 33554432 (custom)
2019-11-13 16:20:44,698 [pool-179-thread-1] INFO  server.RaftServerConfigKeys (ConfUtils.java:logGet(43)) - raft.server.log.segment.size.max = 1048576 (custom)
2019-11-13 16:20:44,699 [pool-179-thread-1] INFO  server.RaftServerConfigKeys (ConfUtils.java:logGet(43)) - raft.server.log.segment.cache.num.max = 2 (custom)
2019-11-13 16:20:44,699 [pool-179-thread-1] INFO  segmented.SegmentedRaftLogWorker (SegmentedRaftLogWorker.java:<init>(173)) - new 0d99dfee-4670-49f5-9a57-a4288445f0bf@group-A732F62A02C9-SegmentedRaftLogWorker for RaftStorage:Storage Directory /workdir/hadoop-ozone/integration-test/target/test-dir/MiniOzoneClusterImpl-3a974f43-0da0-4ff7-ab4a-31bb81b91875/datanode-3/data/ratis/d836d6e6-a034-4b39-8853-a732f62a02c9
2019-11-13 16:20:44,699 [pool-179-thread-1] INFO  server.RaftServerConfigKeys (ConfUtils.java:logGet(43)) - raft.server.log.queue.byte-limit = 2147483647 (custom)
2019-11-13 16:20:44,699 [pool-179-thread-1] INFO  server.RaftServerConfigKeys (ConfUtils.java:logGet(43)) - raft.server.log.queue.element-limit = 1024 (custom)
2019-11-13 16:20:44,699 [pool-179-thread-1] INFO  server.RaftServerConfigKeys (ConfUtils.java:logGet(43)) - raft.server.log.segment.size.max = 1048576 (custom)
2019-11-13 16:20:44,699 [pool-179-thread-1] INFO  server.RaftServerConfigKeys (ConfUtils.java:logGet(43)) - raft.server.log.preallocated.size = 16384 (custom)
2019-11-13 16:20:44,699 [pool-179-thread-1] INFO  server.RaftServerConfigKeys (ConfUtils.java:logGet(43)) - raft.server.log.write.buffer.size = 33554432 (custom)
2019-11-13 16:20:44,699 [pool-179-thread-1] INFO  server.RaftServerConfigKeys (ConfUtils.java:logGet(43)) - raft.server.log.force.sync.num = 128 (default)
2019-11-13 16:20:44,699 [pool-179-thread-1] INFO  server.RaftServerConfigKeys (ConfUtils.java:logGet(43)) - raft.server.log.statemachine.data.sync = true (default)
2019-11-13 16:20:44,699 [pool-179-thread-1] INFO  server.RaftServerConfigKeys (ConfUtils.java:logGet(43)) - raft.server.log.statemachine.data.sync.timeout = 10s (default)
2019-11-13 16:20:44,700 [pool-179-thread-1] INFO  server.RaftServerConfigKeys (ConfUtils.java:logGet(43)) - raft.server.log.statemachine.data.sync.timeout.retry = -1 (default)
2019-11-13 16:20:44,700 [pool-179-thread-1] INFO  server.RaftServerConfigKeys (ConfUtils.java:logGet(43)) - raft.server.log.statemachine.data.caching.enabled = true (custom)
2019-11-13 16:20:44,700 [pool-179-thread-1] INFO  segmented.SegmentedRaftLogWorker (SegmentedRaftLogWorker.java:lambda$new$0(128)) - 0d99dfee-4670-49f5-9a57-a4288445f0bf@group-A732F62A02C9-SegmentedRaftLogWorker: flushIndex: setUnconditionally 0 -> -1
2019-11-13 16:20:44,700 [pool-179-thread-1] INFO  server.RaftServerConfigKeys (ConfUtils.java:logGet(43)) - raft.server.snapshot.auto.trigger.enabled = true (custom)
2019-11-13 16:20:44,700 [pool-179-thread-1] INFO  server.RaftServerConfigKeys (ConfUtils.java:logGet(43)) - raft.server.snapshot.auto.trigger.threshold = 10000 (custom)
2019-11-13 16:20:44,701 [pool-179-thread-1] INFO  server.RaftServerConfigKeys (ConfUtils.java:logGet(43)) - raft.server.snapshot.retention.file.num = 5 (custom)
2019-11-13 16:20:44,701 [pool-179-thread-1] INFO  server.RaftServerConfigKeys (ConfUtils.java:logGet(43)) - raft.server.retrycache.expirytime = 600000ms (custom)
2019-11-13 16:20:44,701 [pool-179-thread-1] WARN  impl.MetricRegistriesImpl (MetricRegistriesImpl.java:lambda$create$1(61)) - First MetricRegistry has been created without registering reporters. You may need to call MetricRegistries.global().addReportRegistration(...) before.
2019-11-13 16:20:44,701 [pool-179-thread-1] WARN  impl.MetricRegistriesImpl (MetricRegistriesImpl.java:lambda$create$1(61)) - First MetricRegistry has been created without registering reporters. You may need to call MetricRegistries.global().addReportRegistration(...) before.
2019-11-13 16:20:44,701 [pool-179-thread-1] INFO  impl.RaftServerImpl (RaftServerImpl.java:start(184)) - 0d99dfee-4670-49f5-9a57-a4288445f0bf@group-A732F62A02C9: start as a follower, conf=-1: [0d99dfee-4670-49f5-9a57-a4288445f0bf:192.168.69.122:44563], old=null
2019-11-13 16:20:44,701 [pool-179-thread-1] INFO  impl.RaftServerImpl (RaftServerImpl.java:setRole(173)) - 0d99dfee-4670-49f5-9a57-a4288445f0bf@group-A732F62A02C9: changes role from      null to FOLLOWER at term 0 for startAsFollower
2019-11-13 16:20:44,702 [pool-179-thread-1] INFO  impl.RoleInfo (RoleInfo.java:updateAndGet(143)) - 0d99dfee-4670-49f5-9a57-a4288445f0bf: start FollowerState
2019-11-13 16:20:44,710 [pool-179-thread-1] INFO  util.JmxRegister (JmxRegister.java:tryRegister(44)) - Successfully registered JMX Bean with object name Ratis:service=RaftServer,group=group-A732F62A02C9,id=0d99dfee-4670-49f5-9a57-a4288445f0bf
2019-11-13 16:20:44,711 [pool-179-thread-1] WARN  impl.MetricRegistriesImpl (MetricRegistriesImpl.java:lambda$create$1(61)) - First MetricRegistry has been created without registering reporters. You may need to call MetricRegistries.global().addReportRegistration(...) before.
2019-11-13 16:20:44,721 [RatisPipelineUtilsThread] INFO  pipeline.PipelineStateManager (PipelineStateManager.java:addPipeline(55)) - Created pipeline Pipeline[ Id: d836d6e6-a034-4b39-8853-a732f62a02c9, Nodes: 0d99dfee-4670-49f5-9a57-a4288445f0bf{ip: 192.168.69.122, host: pr-hdds-2467-gc456-181853687, networkLocation: /rack1, certSerialId: null}, Type:RATIS, Factor:ONE, State:ALLOCATED]
2019-11-13 16:20:44,722 [Thread-1313] INFO  pipeline.PipelineStateManager (PipelineStateManager.java:finalizePipeline(121)) - Pipeline Pipeline[ Id: b926bd6a-4041-4dff-bb3d-e372d1e6af5d, Nodes: a3f5b1ff-5ddb-40c7-8bbd-1ae7c3cdb433{ip: 192.168.69.122, host: pr-hdds-2467-gc456-181853687, networkLocation: /rack1, certSerialId: null}d45a2df2-8f38-43ec-9df7-e5c52ac58263{ip: 192.168.69.122, host: pr-hdds-2467-gc456-181853687, networkLocation: /rack1, certSerialId: null}285e9247-2161-496e-af81-9a87b6b231d9{ip: 192.168.69.122, host: pr-hdds-2467-gc456-181853687, networkLocation: /rack1, certSerialId: null}, Type:RATIS, Factor:THREE, State:CLOSED] moved to CLOSED state
2019-11-13 16:20:44,726 [grpc-default-executor-1] INFO  impl.RaftServerProxy (RaftServerProxy.java:remove(95)) - a3f5b1ff-5ddb-40c7-8bbd-1ae7c3cdb433: remove  FOLLOWER a3f5b1ff-5ddb-40c7-8bbd-1ae7c3cdb433@group-E372D1E6AF5D:t1, leader=285e9247-2161-496e-af81-9a87b6b231d9, voted=285e9247-2161-496e-af81-9a87b6b231d9, raftlog=a3f5b1ff-5ddb-40c7-8bbd-1ae7c3cdb433@group-E372D1E6AF5D-SegmentedRaftLog:OPENED:c0,f0,i0, conf=0: [d45a2df2-8f38-43ec-9df7-e5c52ac58263:192.168.69.122:44126, 285e9247-2161-496e-af81-9a87b6b231d9:192.168.69.122:38616, a3f5b1ff-5ddb-40c7-8bbd-1ae7c3cdb433:192.168.69.122:40390], old=null RUNNING
2019-11-13 16:20:44,726 [grpc-default-executor-1] INFO  impl.RaftServerImpl (RaftServerImpl.java:lambda$shutdown$3(250)) - a3f5b1ff-5ddb-40c7-8bbd-1ae7c3cdb433@group-E372D1E6AF5D: shutdown
2019-11-13 16:20:44,727 [grpc-default-executor-1] INFO  util.JmxRegister (JmxRegister.java:unregister(73)) - Successfully un-registered JMX Bean with object name Ratis:service=RaftServer,group=group-E372D1E6AF5D,id=a3f5b1ff-5ddb-40c7-8bbd-1ae7c3cdb433
2019-11-13 16:20:44,727 [grpc-default-executor-1] INFO  impl.RoleInfo (RoleInfo.java:shutdownFollowerState(121)) - a3f5b1ff-5ddb-40c7-8bbd-1ae7c3cdb433: shutdown FollowerState
2019-11-13 16:20:44,727 [grpc-default-executor-1] INFO  impl.StateMachineUpdater (StateMachineUpdater.java:stopAndJoin(136)) - a3f5b1ff-5ddb-40c7-8bbd-1ae7c3cdb433@group-E372D1E6AF5D-StateMachineUpdater: set stopIndex = 0
2019-11-13 16:20:44,727 [Thread-1422] INFO  impl.FollowerState (FollowerState.java:run(120)) - a3f5b1ff-5ddb-40c7-8bbd-1ae7c3cdb433@group-E372D1E6AF5D-FollowerState was interrupted: java.lang.InterruptedException: sleep interrupted
2019-11-13 16:20:44,727 [grpc-default-executor-1] INFO  impl.RaftServerImpl (ServerState.java:close(387)) - a3f5b1ff-5ddb-40c7-8bbd-1ae7c3cdb433@group-E372D1E6AF5D: closes. applyIndex: 0
2019-11-13 16:20:44,728 [a3f5b1ff-5ddb-40c7-8bbd-1ae7c3cdb433@group-E372D1E6AF5D-SegmentedRaftLogWorker] INFO  segmented.SegmentedRaftLogWorker (SegmentedRaftLogWorker.java:run(316)) - a3f5b1ff-5ddb-40c7-8bbd-1ae7c3cdb433@group-E372D1E6AF5D-SegmentedRaftLogWorker was interrupted, exiting. There are 0 tasks remaining in the queue.
2019-11-13 16:20:44,728 [grpc-default-executor-1] INFO  segmented.SegmentedRaftLogWorker (SegmentedRaftLogWorker.java:close(224)) - a3f5b1ff-5ddb-40c7-8bbd-1ae7c3cdb433@group-E372D1E6AF5D-SegmentedRaftLogWorker close()
2019-11-13 16:20:44,737 [grpc-default-executor-1] INFO  impl.RaftServerProxy (RaftServerProxy.java:remove(95)) - d45a2df2-8f38-43ec-9df7-e5c52ac58263: remove  FOLLOWER d45a2df2-8f38-43ec-9df7-e5c52ac58263@group-E372D1E6AF5D:t1, leader=285e9247-2161-496e-af81-9a87b6b231d9, voted=285e9247-2161-496e-af81-9a87b6b231d9, raftlog=d45a2df2-8f38-43ec-9df7-e5c52ac58263@group-E372D1E6AF5D-SegmentedRaftLog:OPENED:c0,f0,i0, conf=0: [d45a2df2-8f38-43ec-9df7-e5c52ac58263:192.168.69.122:44126, 285e9247-2161-496e-af81-9a87b6b231d9:192.168.69.122:38616, a3f5b1ff-5ddb-40c7-8bbd-1ae7c3cdb433:192.168.69.122:40390], old=null RUNNING
2019-11-13 16:20:44,737 [grpc-default-executor-1] INFO  impl.RaftServerImpl (RaftServerImpl.java:lambda$shutdown$3(250)) - d45a2df2-8f38-43ec-9df7-e5c52ac58263@group-E372D1E6AF5D: shutdown
2019-11-13 16:20:44,737 [grpc-default-executor-1] INFO  util.JmxRegister (JmxRegister.java:unregister(73)) - Successfully un-registered JMX Bean with object name Ratis:service=RaftServer,group=group-E372D1E6AF5D,id=d45a2df2-8f38-43ec-9df7-e5c52ac58263
2019-11-13 16:20:44,737 [grpc-default-executor-1] INFO  impl.RoleInfo (RoleInfo.java:shutdownFollowerState(121)) - d45a2df2-8f38-43ec-9df7-e5c52ac58263: shutdown FollowerState
2019-11-13 16:20:44,737 [grpc-default-executor-1] INFO  impl.StateMachineUpdater (StateMachineUpdater.java:stopAndJoin(136)) - d45a2df2-8f38-43ec-9df7-e5c52ac58263@group-E372D1E6AF5D-StateMachineUpdater: set stopIndex = 0
2019-11-13 16:20:44,737 [Thread-1423] INFO  impl.FollowerState (FollowerState.java:run(120)) - d45a2df2-8f38-43ec-9df7-e5c52ac58263@group-E372D1E6AF5D-FollowerState was interrupted: java.lang.InterruptedException: sleep interrupted
2019-11-13 16:20:44,738 [grpc-default-executor-1] INFO  impl.RaftServerImpl (ServerState.java:close(387)) - d45a2df2-8f38-43ec-9df7-e5c52ac58263@group-E372D1E6AF5D: closes. applyIndex: 0
2019-11-13 16:20:44,738 [d45a2df2-8f38-43ec-9df7-e5c52ac58263@group-E372D1E6AF5D-SegmentedRaftLogWorker] INFO  segmented.SegmentedRaftLogWorker (SegmentedRaftLogWorker.java:run(316)) - d45a2df2-8f38-43ec-9df7-e5c52ac58263@group-E372D1E6AF5D-SegmentedRaftLogWorker was interrupted, exiting. There are 0 tasks remaining in the queue.
2019-11-13 16:20:44,750 [grpc-default-executor-1] INFO  segmented.SegmentedRaftLogWorker (SegmentedRaftLogWorker.java:close(224)) - d45a2df2-8f38-43ec-9df7-e5c52ac58263@group-E372D1E6AF5D-SegmentedRaftLogWorker close()
2019-11-13 16:20:44,759 [grpc-default-executor-1] INFO  impl.RaftServerProxy (RaftServerProxy.java:remove(95)) - 285e9247-2161-496e-af81-9a87b6b231d9: remove    LEADER 285e9247-2161-496e-af81-9a87b6b231d9@group-E372D1E6AF5D:t1, leader=285e9247-2161-496e-af81-9a87b6b231d9, voted=285e9247-2161-496e-af81-9a87b6b231d9, raftlog=285e9247-2161-496e-af81-9a87b6b231d9@group-E372D1E6AF5D-SegmentedRaftLog:OPENED:c0,f0,i0, conf=0: [d45a2df2-8f38-43ec-9df7-e5c52ac58263:192.168.69.122:44126, 285e9247-2161-496e-af81-9a87b6b231d9:192.168.69.122:38616, a3f5b1ff-5ddb-40c7-8bbd-1ae7c3cdb433:192.168.69.122:40390], old=null RUNNING
2019-11-13 16:20:44,759 [grpc-default-executor-1] INFO  impl.RaftServerImpl (RaftServerImpl.java:lambda$shutdown$3(250)) - 285e9247-2161-496e-af81-9a87b6b231d9@group-E372D1E6AF5D: shutdown
2019-11-13 16:20:44,760 [grpc-default-executor-1] INFO  util.JmxRegister (JmxRegister.java:unregister(73)) - Successfully un-registered JMX Bean with object name Ratis:service=RaftServer,group=group-E372D1E6AF5D,id=285e9247-2161-496e-af81-9a87b6b231d9
2019-11-13 16:20:44,760 [grpc-default-executor-1] INFO  impl.RoleInfo (RoleInfo.java:shutdownLeaderState(104)) - 285e9247-2161-496e-af81-9a87b6b231d9: shutdown LeaderState
2019-11-13 16:20:44,768 [grpc-default-executor-1] INFO  impl.PendingRequests (PendingRequests.java:sendNotLeaderResponses(206)) - 285e9247-2161-496e-af81-9a87b6b231d9@group-E372D1E6AF5D-PendingRequests: sendNotLeaderResponses
2019-11-13 16:20:44,769 [org.apache.ratis.server.impl.LogAppender$AppenderDaemon$$Lambda$479/1610540024@6c42eb76] WARN  server.GrpcLogAppender (GrpcLogAppender.java:mayWait(151)) - 285e9247-2161-496e-af81-9a87b6b231d9@group-E372D1E6AF5D->a3f5b1ff-5ddb-40c7-8bbd-1ae7c3cdb433-GrpcLogAppender: Wait interrupted by java.lang.InterruptedException
2019-11-13 16:20:44,769 [org.apache.ratis.server.impl.LogAppender$AppenderDaemon$$Lambda$479/1610540024@2940703a] WARN  server.GrpcLogAppender (GrpcLogAppender.java:mayWait(151)) - 285e9247-2161-496e-af81-9a87b6b231d9@group-E372D1E6AF5D->d45a2df2-8f38-43ec-9df7-e5c52ac58263-GrpcLogAppender: Wait interrupted by java.lang.InterruptedException
2019-11-13 16:20:44,769 [grpc-default-executor-1] INFO  impl.StateMachineUpdater (StateMachineUpdater.java:stopAndJoin(136)) - 285e9247-2161-496e-af81-9a87b6b231d9@group-E372D1E6AF5D-StateMachineUpdater: set stopIndex = 0
2019-11-13 16:20:44,769 [grpc-default-executor-1] INFO  impl.RaftServerImpl (ServerState.java:close(387)) - 285e9247-2161-496e-af81-9a87b6b231d9@group-E372D1E6AF5D: closes. applyIndex: 0
2019-11-13 16:20:44,769 [grpc-default-executor-4] INFO  server.GrpcServerProtocolService (GrpcServerProtocolService.java:onCompleted(113)) - a3f5b1ff-5ddb-40c7-8bbd-1ae7c3cdb433: Completed APPEND_ENTRIES, lastRequest: 285e9247-2161-496e-af81-9a87b6b231d9->a3f5b1ff-5ddb-40c7-8bbd-1ae7c3cdb433#2-t1, previous=(t:1, i:0), leaderCommit=0, initializing? false, entries: <empty>
2019-11-13 16:20:44,769 [285e9247-2161-496e-af81-9a87b6b231d9@group-E372D1E6AF5D-SegmentedRaftLogWorker] INFO  segmented.SegmentedRaftLogWorker (SegmentedRaftLogWorker.java:run(316)) - 285e9247-2161-496e-af81-9a87b6b231d9@group-E372D1E6AF5D-SegmentedRaftLogWorker was interrupted, exiting. There are 0 tasks remaining in the queue.
2019-11-13 16:20:44,769 [grpc-default-executor-3] INFO  server.GrpcServerProtocolService (GrpcServerProtocolService.java:onCompleted(113)) - d45a2df2-8f38-43ec-9df7-e5c52ac58263: Completed APPEND_ENTRIES, lastRequest: 285e9247-2161-496e-af81-9a87b6b231d9->d45a2df2-8f38-43ec-9df7-e5c52ac58263#2-t1, previous=(t:1, i:0), leaderCommit=0, initializing? false, entries: <empty>
2019-11-13 16:20:44,770 [grpc-default-executor-1] INFO  segmented.SegmentedRaftLogWorker (SegmentedRaftLogWorker.java:close(224)) - 285e9247-2161-496e-af81-9a87b6b231d9@group-E372D1E6AF5D-SegmentedRaftLogWorker close()
2019-11-13 16:20:44,770 [grpc-default-executor-3] INFO  server.GrpcLogAppender (GrpcLogAppender.java:onCompleted(308)) - 285e9247-2161-496e-af81-9a87b6b231d9@group-E372D1E6AF5D->a3f5b1ff-5ddb-40c7-8bbd-1ae7c3cdb433-AppendLogResponseHandler: follower responses appendEntries COMPLETED
2019-11-13 16:20:44,772 [grpc-default-executor-4] INFO  server.GrpcLogAppender (GrpcLogAppender.java:onCompleted(308)) - 285e9247-2161-496e-af81-9a87b6b231d9@group-E372D1E6AF5D->d45a2df2-8f38-43ec-9df7-e5c52ac58263-AppendLogResponseHandler: follower responses appendEntries COMPLETED
2019-11-13 16:20:44,773 [grpc-default-executor-3] INFO  impl.FollowerInfo (FollowerInfo.java:lambda$new$0(51)) - 285e9247-2161-496e-af81-9a87b6b231d9@group-E372D1E6AF5D->a3f5b1ff-5ddb-40c7-8bbd-1ae7c3cdb433: nextIndex: updateUnconditionally 1 -> 0
2019-11-13 16:20:44,773 [grpc-default-executor-4] INFO  impl.FollowerInfo (FollowerInfo.java:lambda$new$0(51)) - 285e9247-2161-496e-af81-9a87b6b231d9@group-E372D1E6AF5D->d45a2df2-8f38-43ec-9df7-e5c52ac58263: nextIndex: updateUnconditionally 1 -> 0
2019-11-13 16:20:44,775 [Thread-1313] INFO  pipeline.PipelineStateManager (PipelineStateManager.java:removePipeline(106)) - Pipeline Pipeline[ Id: b926bd6a-4041-4dff-bb3d-e372d1e6af5d, Nodes: a3f5b1ff-5ddb-40c7-8bbd-1ae7c3cdb433{ip: 192.168.69.122, host: pr-hdds-2467-gc456-181853687, networkLocation: /rack1, certSerialId: null}d45a2df2-8f38-43ec-9df7-e5c52ac58263{ip: 192.168.69.122, host: pr-hdds-2467-gc456-181853687, networkLocation: /rack1, certSerialId: null}285e9247-2161-496e-af81-9a87b6b231d9{ip: 192.168.69.122, host: pr-hdds-2467-gc456-181853687, networkLocation: /rack1, certSerialId: null}, Type:RATIS, Factor:THREE, State:CLOSED] removed from db
2019-11-13 16:20:44,775 [Thread-1313] INFO  pipeline.SCMPipelineManager (SCMPipelineManager.java:finalizeAndDestroyPipeline(315)) - destroying pipeline:Pipeline[ Id: 45ddc8ee-0fee-43f7-b331-e9fca3f5f81b, Nodes: a3f5b1ff-5ddb-40c7-8bbd-1ae7c3cdb433{ip: 192.168.69.122, host: pr-hdds-2467-gc456-181853687, networkLocation: /rack1, certSerialId: null}, Type:RATIS, Factor:ONE, State:OPEN]
2019-11-13 16:20:44,793 [grpc-default-executor-5] INFO  impl.RaftServerProxy (RaftServerProxy.java:addNew(89)) - a3f5b1ff-5ddb-40c7-8bbd-1ae7c3cdb433: addNew group-8F7AB9145989:[d45a2df2-8f38-43ec-9df7-e5c52ac58263:192.168.69.122:44126, 285e9247-2161-496e-af81-9a87b6b231d9:192.168.69.122:38616, a3f5b1ff-5ddb-40c7-8bbd-1ae7c3cdb433:192.168.69.122:40390] returns group-8F7AB9145989:java.util.concurrent.CompletableFuture@1db3e8c8[Not completed]
2019-11-13 16:20:44,793 [grpc-default-executor-0] INFO  impl.RaftServerProxy (RaftServerProxy.java:addNew(89)) - d45a2df2-8f38-43ec-9df7-e5c52ac58263: addNew group-8F7AB9145989:[d45a2df2-8f38-43ec-9df7-e5c52ac58263:192.168.69.122:44126, 285e9247-2161-496e-af81-9a87b6b231d9:192.168.69.122:38616, a3f5b1ff-5ddb-40c7-8bbd-1ae7c3cdb433:192.168.69.122:40390] returns group-8F7AB9145989:java.util.concurrent.CompletableFuture@3cb32f95[Not completed]
2019-11-13 16:20:44,794 [grpc-default-executor-0] INFO  impl.RaftServerProxy (RaftServerProxy.java:addNew(89)) - 285e9247-2161-496e-af81-9a87b6b231d9: addNew group-8F7AB9145989:[d45a2df2-8f38-43ec-9df7-e5c52ac58263:192.168.69.122:44126, 285e9247-2161-496e-af81-9a87b6b231d9:192.168.69.122:38616, a3f5b1ff-5ddb-40c7-8bbd-1ae7c3cdb433:192.168.69.122:40390] returns group-8F7AB9145989:java.util.concurrent.CompletableFuture@242d7aa0[Not completed]
2019-11-13 16:20:44,795 [pool-219-thread-1] INFO  impl.RaftServerImpl (RaftServerImpl.java:<init>(98)) - a3f5b1ff-5ddb-40c7-8bbd-1ae7c3cdb433: new RaftServerImpl for group-8F7AB9145989:[d45a2df2-8f38-43ec-9df7-e5c52ac58263:192.168.69.122:44126, 285e9247-2161-496e-af81-9a87b6b231d9:192.168.69.122:38616, a3f5b1ff-5ddb-40c7-8bbd-1ae7c3cdb433:192.168.69.122:40390] with ContainerStateMachine:uninitialized
2019-11-13 16:20:44,795 [pool-219-thread-1] INFO  server.RaftServerConfigKeys (ConfUtils.java:logGet(43)) - raft.server.rpc.timeout.min = 1s (custom)
2019-11-13 16:20:44,795 [pool-219-thread-1] INFO  server.RaftServerConfigKeys (ConfUtils.java:logGet(43)) - raft.server.rpc.timeout.max = 1200ms (custom)
2019-11-13 16:20:44,795 [pool-219-thread-1] INFO  server.RaftServerConfigKeys (ConfUtils.java:logGet(43)) - raft.server.rpcslowness.timeout = 120s (custom)
2019-11-13 16:20:44,795 [pool-219-thread-1] INFO  server.RaftServerConfigKeys (ConfUtils.java:logGet(43)) - raft.server.sleep.deviation.threshold = 300 (default)
2019-11-13 16:20:44,795 [pool-219-thread-1] INFO  server.RaftServerConfigKeys (ConfUtils.java:logGet(43)) - raft.server.log.appender.install.snapshot.enabled = false (custom)
2019-11-13 16:20:44,795 [pool-199-thread-1] INFO  impl.RaftServerImpl (RaftServerImpl.java:<init>(98)) - 285e9247-2161-496e-af81-9a87b6b231d9: new RaftServerImpl for group-8F7AB9145989:[d45a2df2-8f38-43ec-9df7-e5c52ac58263:192.168.69.122:44126, 285e9247-2161-496e-af81-9a87b6b231d9:192.168.69.122:38616, a3f5b1ff-5ddb-40c7-8bbd-1ae7c3cdb433:192.168.69.122:40390] with ContainerStateMachine:uninitialized
2019-11-13 16:20:44,796 [pool-219-thread-1] INFO  impl.RaftServerImpl (ServerState.java:<init>(103)) - a3f5b1ff-5ddb-40c7-8bbd-1ae7c3cdb433@group-8F7AB9145989: ConfigurationManager, init=-1: [d45a2df2-8f38-43ec-9df7-e5c52ac58263:192.168.69.122:44126, 285e9247-2161-496e-af81-9a87b6b231d9:192.168.69.122:38616, a3f5b1ff-5ddb-40c7-8bbd-1ae7c3cdb433:192.168.69.122:40390], old=null, confs=<EMPTY_MAP>
2019-11-13 16:20:44,796 [pool-199-thread-1] INFO  server.RaftServerConfigKeys (ConfUtils.java:logGet(43)) - raft.server.rpc.timeout.min = 1s (custom)
2019-11-13 16:20:44,796 [pool-219-thread-1] INFO  server.RaftServerConfigKeys (ConfUtils.java:logGet(43)) - raft.server.storage.dir = [/workdir/hadoop-ozone/integration-test/target/test-dir/MiniOzoneClusterImpl-3a974f43-0da0-4ff7-ab4a-31bb81b91875/datanode-7/data/ratis] (custom)
2019-11-13 16:20:44,796 [pool-199-thread-1] INFO  server.RaftServerConfigKeys (ConfUtils.java:logGet(43)) - raft.server.rpc.timeout.max = 1200ms (custom)
2019-11-13 16:20:44,796 [pool-199-thread-1] INFO  server.RaftServerConfigKeys (ConfUtils.java:logGet(43)) - raft.server.rpcslowness.timeout = 120s (custom)
2019-11-13 16:20:44,796 [pool-219-thread-1] INFO  server.RaftServerConfigKeys (ConfUtils.java:logGet(43)) - raft.server.log.corruption.policy = EXCEPTION (default)
2019-11-13 16:20:44,796 [pool-199-thread-1] INFO  server.RaftServerConfigKeys (ConfUtils.java:logGet(43)) - raft.server.sleep.deviation.threshold = 300 (default)
2019-11-13 16:20:44,796 [pool-229-thread-1] INFO  impl.RaftServerImpl (RaftServerImpl.java:<init>(98)) - d45a2df2-8f38-43ec-9df7-e5c52ac58263: new RaftServerImpl for group-8F7AB9145989:[d45a2df2-8f38-43ec-9df7-e5c52ac58263:192.168.69.122:44126, 285e9247-2161-496e-af81-9a87b6b231d9:192.168.69.122:38616, a3f5b1ff-5ddb-40c7-8bbd-1ae7c3cdb433:192.168.69.122:40390] with ContainerStateMachine:uninitialized
2019-11-13 16:20:44,796 [pool-219-thread-1] INFO  storage.RaftStorageDirectory (RaftStorageDirectory.java:analyzeStorage(246)) - The storage directory /workdir/hadoop-ozone/integration-test/target/test-dir/MiniOzoneClusterImpl-3a974f43-0da0-4ff7-ab4a-31bb81b91875/datanode-7/data/ratis/969f6d63-08fa-4644-989e-8f7ab9145989 does not exist. Creating ...
2019-11-13 16:20:44,796 [pool-199-thread-1] INFO  server.RaftServerConfigKeys (ConfUtils.java:logGet(43)) - raft.server.log.appender.install.snapshot.enabled = false (custom)
2019-11-13 16:20:44,796 [pool-229-thread-1] INFO  server.RaftServerConfigKeys (ConfUtils.java:logGet(43)) - raft.server.rpc.timeout.min = 1s (custom)
2019-11-13 16:20:44,797 [pool-199-thread-1] INFO  impl.RaftServerImpl (ServerState.java:<init>(103)) - 285e9247-2161-496e-af81-9a87b6b231d9@group-8F7AB9145989: ConfigurationManager, init=-1: [d45a2df2-8f38-43ec-9df7-e5c52ac58263:192.168.69.122:44126, 285e9247-2161-496e-af81-9a87b6b231d9:192.168.69.122:38616, a3f5b1ff-5ddb-40c7-8bbd-1ae7c3cdb433:192.168.69.122:40390], old=null, confs=<EMPTY_MAP>
2019-11-13 16:20:44,797 [pool-229-thread-1] INFO  server.RaftServerConfigKeys (ConfUtils.java:logGet(43)) - raft.server.rpc.timeout.max = 1200ms (custom)
2019-11-13 16:20:44,797 [pool-199-thread-1] INFO  server.RaftServerConfigKeys (ConfUtils.java:logGet(43)) - raft.server.storage.dir = [/workdir/hadoop-ozone/integration-test/target/test-dir/MiniOzoneClusterImpl-3a974f43-0da0-4ff7-ab4a-31bb81b91875/datanode-5/data/ratis] (custom)
2019-11-13 16:20:44,797 [pool-229-thread-1] INFO  server.RaftServerConfigKeys (ConfUtils.java:logGet(43)) - raft.server.rpcslowness.timeout = 120s (custom)
2019-11-13 16:20:44,797 [pool-229-thread-1] INFO  server.RaftServerConfigKeys (ConfUtils.java:logGet(43)) - raft.server.sleep.deviation.threshold = 300 (default)
2019-11-13 16:20:44,797 [pool-199-thread-1] INFO  server.RaftServerConfigKeys (ConfUtils.java:logGet(43)) - raft.server.log.corruption.policy = EXCEPTION (default)
2019-11-13 16:20:44,797 [pool-229-thread-1] INFO  server.RaftServerConfigKeys (ConfUtils.java:logGet(43)) - raft.server.log.appender.install.snapshot.enabled = false (custom)
2019-11-13 16:20:44,798 [pool-199-thread-1] INFO  storage.RaftStorageDirectory (RaftStorageDirectory.java:analyzeStorage(246)) - The storage directory /workdir/hadoop-ozone/integration-test/target/test-dir/MiniOzoneClusterImpl-3a974f43-0da0-4ff7-ab4a-31bb81b91875/datanode-5/data/ratis/969f6d63-08fa-4644-989e-8f7ab9145989 does not exist. Creating ...
2019-11-13 16:20:44,798 [pool-229-thread-1] INFO  impl.RaftServerImpl (ServerState.java:<init>(103)) - d45a2df2-8f38-43ec-9df7-e5c52ac58263@group-8F7AB9145989: ConfigurationManager, init=-1: [d45a2df2-8f38-43ec-9df7-e5c52ac58263:192.168.69.122:44126, 285e9247-2161-496e-af81-9a87b6b231d9:192.168.69.122:38616, a3f5b1ff-5ddb-40c7-8bbd-1ae7c3cdb433:192.168.69.122:40390], old=null, confs=<EMPTY_MAP>
2019-11-13 16:20:44,798 [pool-229-thread-1] INFO  server.RaftServerConfigKeys (ConfUtils.java:logGet(43)) - raft.server.storage.dir = [/workdir/hadoop-ozone/integration-test/target/test-dir/MiniOzoneClusterImpl-3a974f43-0da0-4ff7-ab4a-31bb81b91875/datanode-8/data/ratis] (custom)
2019-11-13 16:20:44,798 [pool-229-thread-1] INFO  server.RaftServerConfigKeys (ConfUtils.java:logGet(43)) - raft.server.log.corruption.policy = EXCEPTION (default)
2019-11-13 16:20:44,799 [pool-229-thread-1] INFO  storage.RaftStorageDirectory (RaftStorageDirectory.java:analyzeStorage(246)) - The storage directory /workdir/hadoop-ozone/integration-test/target/test-dir/MiniOzoneClusterImpl-3a974f43-0da0-4ff7-ab4a-31bb81b91875/datanode-8/data/ratis/969f6d63-08fa-4644-989e-8f7ab9145989 does not exist. Creating ...
2019-11-13 16:20:44,822 [pool-219-thread-1] INFO  storage.RaftStorageDirectory (RaftStorageDirectory.java:tryLock(328)) - Lock on /workdir/hadoop-ozone/integration-test/target/test-dir/MiniOzoneClusterImpl-3a974f43-0da0-4ff7-ab4a-31bb81b91875/datanode-7/data/ratis/969f6d63-08fa-4644-989e-8f7ab9145989/in_use.lock acquired by nodename 22372@pr-hdds-2467-gc456-181853687
2019-11-13 16:20:44,823 [pool-229-thread-1] INFO  storage.RaftStorageDirectory (RaftStorageDirectory.java:tryLock(328)) - Lock on /workdir/hadoop-ozone/integration-test/target/test-dir/MiniOzoneClusterImpl-3a974f43-0da0-4ff7-ab4a-31bb81b91875/datanode-8/data/ratis/969f6d63-08fa-4644-989e-8f7ab9145989/in_use.lock acquired by nodename 22372@pr-hdds-2467-gc456-181853687
2019-11-13 16:20:44,823 [pool-199-thread-1] INFO  storage.RaftStorageDirectory (RaftStorageDirectory.java:tryLock(328)) - Lock on /workdir/hadoop-ozone/integration-test/target/test-dir/MiniOzoneClusterImpl-3a974f43-0da0-4ff7-ab4a-31bb81b91875/datanode-5/data/ratis/969f6d63-08fa-4644-989e-8f7ab9145989/in_use.lock acquired by nodename 22372@pr-hdds-2467-gc456-181853687
2019-11-13 16:20:44,840 [pool-219-thread-1] INFO  storage.RaftStorage (RaftStorage.java:format(84)) - Storage directory /workdir/hadoop-ozone/integration-test/target/test-dir/MiniOzoneClusterImpl-3a974f43-0da0-4ff7-ab4a-31bb81b91875/datanode-7/data/ratis/969f6d63-08fa-4644-989e-8f7ab9145989 has been successfully formatted.
2019-11-13 16:20:44,840 [pool-229-thread-1] INFO  storage.RaftStorage (RaftStorage.java:format(84)) - Storage directory /workdir/hadoop-ozone/integration-test/target/test-dir/MiniOzoneClusterImpl-3a974f43-0da0-4ff7-ab4a-31bb81b91875/datanode-8/data/ratis/969f6d63-08fa-4644-989e-8f7ab9145989 has been successfully formatted.
2019-11-13 16:20:44,840 [pool-199-thread-1] INFO  storage.RaftStorage (RaftStorage.java:format(84)) - Storage directory /workdir/hadoop-ozone/integration-test/target/test-dir/MiniOzoneClusterImpl-3a974f43-0da0-4ff7-ab4a-31bb81b91875/datanode-5/data/ratis/969f6d63-08fa-4644-989e-8f7ab9145989 has been successfully formatted.
2019-11-13 16:20:44,840 [pool-229-thread-1] INFO  ratis.ContainerStateMachine (ContainerStateMachine.java:loadSnapshot(223)) - group-8F7AB9145989: The snapshot info is null. Setting the last applied indexto:(t:0, i:~)
2019-11-13 16:20:44,840 [pool-219-thread-1] INFO  ratis.ContainerStateMachine (ContainerStateMachine.java:loadSnapshot(223)) - group-8F7AB9145989: The snapshot info is null. Setting the last applied indexto:(t:0, i:~)
2019-11-13 16:20:44,840 [pool-199-thread-1] INFO  ratis.ContainerStateMachine (ContainerStateMachine.java:loadSnapshot(223)) - group-8F7AB9145989: The snapshot info is null. Setting the last applied indexto:(t:0, i:~)
2019-11-13 16:20:44,840 [pool-229-thread-1] INFO  server.RaftServerConfigKeys (ConfUtils.java:logGet(43)) - raft.server.notification.no-leader.timeout = 120s (custom)
2019-11-13 16:20:44,840 [pool-199-thread-1] INFO  server.RaftServerConfigKeys (ConfUtils.java:logGet(43)) - raft.server.notification.no-leader.timeout = 120s (custom)
2019-11-13 16:20:44,840 [pool-219-thread-1] INFO  server.RaftServerConfigKeys (ConfUtils.java:logGet(43)) - raft.server.notification.no-leader.timeout = 120s (custom)
2019-11-13 16:20:44,841 [pool-199-thread-1] INFO  server.RaftServerConfigKeys (ConfUtils.java:logGet(43)) - raft.server.log.use.memory = false (default)
2019-11-13 16:20:44,841 [pool-229-thread-1] INFO  server.RaftServerConfigKeys (ConfUtils.java:logGet(43)) - raft.server.log.use.memory = false (default)
2019-11-13 16:20:44,841 [pool-199-thread-1] INFO  server.RaftServerConfigKeys (ConfUtils.java:logGet(43)) - raft.server.log.purge.gap = 1000000 (custom)
2019-11-13 16:20:44,841 [pool-219-thread-1] INFO  server.RaftServerConfigKeys (ConfUtils.java:logGet(43)) - raft.server.log.use.memory = false (default)
2019-11-13 16:20:44,841 [pool-199-thread-1] INFO  server.RaftServerConfigKeys (ConfUtils.java:logGet(43)) - raft.server.log.appender.buffer.byte-limit = 33554432 (custom)
2019-11-13 16:20:44,841 [pool-229-thread-1] INFO  server.RaftServerConfigKeys (ConfUtils.java:logGet(43)) - raft.server.log.purge.gap = 1000000 (custom)
2019-11-13 16:20:44,842 [pool-199-thread-1] INFO  server.RaftServerConfigKeys (ConfUtils.java:logGet(43)) - raft.server.log.segment.size.max = 1048576 (custom)
2019-11-13 16:20:44,841 [pool-219-thread-1] INFO  server.RaftServerConfigKeys (ConfUtils.java:logGet(43)) - raft.server.log.purge.gap = 1000000 (custom)
2019-11-13 16:20:44,842 [pool-199-thread-1] INFO  server.RaftServerConfigKeys (ConfUtils.java:logGet(43)) - raft.server.log.segment.cache.num.max = 2 (custom)
2019-11-13 16:20:44,842 [pool-229-thread-1] INFO  server.RaftServerConfigKeys (ConfUtils.java:logGet(43)) - raft.server.log.appender.buffer.byte-limit = 33554432 (custom)
2019-11-13 16:20:44,842 [pool-199-thread-1] INFO  segmented.SegmentedRaftLogWorker (SegmentedRaftLogWorker.java:<init>(173)) - new 285e9247-2161-496e-af81-9a87b6b231d9@group-8F7AB9145989-SegmentedRaftLogWorker for RaftStorage:Storage Directory /workdir/hadoop-ozone/integration-test/target/test-dir/MiniOzoneClusterImpl-3a974f43-0da0-4ff7-ab4a-31bb81b91875/datanode-5/data/ratis/969f6d63-08fa-4644-989e-8f7ab9145989
2019-11-13 16:20:44,842 [pool-219-thread-1] INFO  server.RaftServerConfigKeys (ConfUtils.java:logGet(43)) - raft.server.log.appender.buffer.byte-limit = 33554432 (custom)
2019-11-13 16:20:44,843 [pool-199-thread-1] INFO  server.RaftServerConfigKeys (ConfUtils.java:logGet(43)) - raft.server.log.queue.byte-limit = 2147483647 (custom)
2019-11-13 16:20:44,842 [pool-229-thread-1] INFO  server.RaftServerConfigKeys (ConfUtils.java:logGet(43)) - raft.server.log.segment.size.max = 1048576 (custom)
2019-11-13 16:20:44,843 [pool-199-thread-1] INFO  server.RaftServerConfigKeys (ConfUtils.java:logGet(43)) - raft.server.log.queue.element-limit = 1024 (custom)
2019-11-13 16:20:44,843 [pool-219-thread-1] INFO  server.RaftServerConfigKeys (ConfUtils.java:logGet(43)) - raft.server.log.segment.size.max = 1048576 (custom)
2019-11-13 16:20:44,843 [pool-199-thread-1] INFO  server.RaftServerConfigKeys (ConfUtils.java:logGet(43)) - raft.server.log.segment.size.max = 1048576 (custom)
2019-11-13 16:20:44,843 [pool-229-thread-1] INFO  server.RaftServerConfigKeys (ConfUtils.java:logGet(43)) - raft.server.log.segment.cache.num.max = 2 (custom)
2019-11-13 16:20:44,844 [pool-199-thread-1] INFO  server.RaftServerConfigKeys (ConfUtils.java:logGet(43)) - raft.server.log.preallocated.size = 16384 (custom)
2019-11-13 16:20:44,843 [pool-219-thread-1] INFO  server.RaftServerConfigKeys (ConfUtils.java:logGet(43)) - raft.server.log.segment.cache.num.max = 2 (custom)
2019-11-13 16:20:44,844 [pool-199-thread-1] INFO  server.RaftServerConfigKeys (ConfUtils.java:logGet(43)) - raft.server.log.write.buffer.size = 33554432 (custom)
2019-11-13 16:20:44,844 [pool-229-thread-1] INFO  segmented.SegmentedRaftLogWorker (SegmentedRaftLogWorker.java:<init>(173)) - new d45a2df2-8f38-43ec-9df7-e5c52ac58263@group-8F7AB9145989-SegmentedRaftLogWorker for RaftStorage:Storage Directory /workdir/hadoop-ozone/integration-test/target/test-dir/MiniOzoneClusterImpl-3a974f43-0da0-4ff7-ab4a-31bb81b91875/datanode-8/data/ratis/969f6d63-08fa-4644-989e-8f7ab9145989
2019-11-13 16:20:44,844 [pool-199-thread-1] INFO  server.RaftServerConfigKeys (ConfUtils.java:logGet(43)) - raft.server.log.force.sync.num = 128 (default)
2019-11-13 16:20:44,844 [pool-219-thread-1] INFO  segmented.SegmentedRaftLogWorker (SegmentedRaftLogWorker.java:<init>(173)) - new a3f5b1ff-5ddb-40c7-8bbd-1ae7c3cdb433@group-8F7AB9145989-SegmentedRaftLogWorker for RaftStorage:Storage Directory /workdir/hadoop-ozone/integration-test/target/test-dir/MiniOzoneClusterImpl-3a974f43-0da0-4ff7-ab4a-31bb81b91875/datanode-7/data/ratis/969f6d63-08fa-4644-989e-8f7ab9145989
2019-11-13 16:20:44,844 [pool-199-thread-1] INFO  server.RaftServerConfigKeys (ConfUtils.java:logGet(43)) - raft.server.log.statemachine.data.sync = true (default)
2019-11-13 16:20:44,844 [pool-229-thread-1] INFO  server.RaftServerConfigKeys (ConfUtils.java:logGet(43)) - raft.server.log.queue.byte-limit = 2147483647 (custom)
2019-11-13 16:20:44,845 [pool-199-thread-1] INFO  server.RaftServerConfigKeys (ConfUtils.java:logGet(43)) - raft.server.log.statemachine.data.sync.timeout = 10s (default)
2019-11-13 16:20:44,845 [pool-219-thread-1] INFO  server.RaftServerConfigKeys (ConfUtils.java:logGet(43)) - raft.server.log.queue.byte-limit = 2147483647 (custom)
2019-11-13 16:20:44,845 [pool-199-thread-1] INFO  server.RaftServerConfigKeys (ConfUtils.java:logGet(43)) - raft.server.log.statemachine.data.sync.timeout.retry = -1 (default)
2019-11-13 16:20:44,845 [pool-229-thread-1] INFO  server.RaftServerConfigKeys (ConfUtils.java:logGet(43)) - raft.server.log.queue.element-limit = 1024 (custom)
2019-11-13 16:20:44,845 [pool-199-thread-1] INFO  server.RaftServerConfigKeys (ConfUtils.java:logGet(43)) - raft.server.log.statemachine.data.caching.enabled = true (custom)
2019-11-13 16:20:44,845 [pool-219-thread-1] INFO  server.RaftServerConfigKeys (ConfUtils.java:logGet(43)) - raft.server.log.queue.element-limit = 1024 (custom)
2019-11-13 16:20:44,846 [pool-229-thread-1] INFO  server.RaftServerConfigKeys (ConfUtils.java:logGet(43)) - raft.server.log.segment.size.max = 1048576 (custom)
2019-11-13 16:20:44,846 [pool-199-thread-1] INFO  segmented.SegmentedRaftLogWorker (SegmentedRaftLogWorker.java:lambda$new$0(128)) - 285e9247-2161-496e-af81-9a87b6b231d9@group-8F7AB9145989-SegmentedRaftLogWorker: flushIndex: setUnconditionally 0 -> -1
2019-11-13 16:20:44,846 [pool-219-thread-1] INFO  server.RaftServerConfigKeys (ConfUtils.java:logGet(43)) - raft.server.log.segment.size.max = 1048576 (custom)
2019-11-13 16:20:44,846 [pool-229-thread-1] INFO  server.RaftServerConfigKeys (ConfUtils.java:logGet(43)) - raft.server.log.preallocated.size = 16384 (custom)
2019-11-13 16:20:44,846 [pool-199-thread-1] INFO  server.RaftServerConfigKeys (ConfUtils.java:logGet(43)) - raft.server.snapshot.auto.trigger.enabled = true (custom)
2019-11-13 16:20:44,846 [pool-219-thread-1] INFO  server.RaftServerConfigKeys (ConfUtils.java:logGet(43)) - raft.server.log.preallocated.size = 16384 (custom)
2019-11-13 16:20:44,847 [pool-199-thread-1] INFO  server.RaftServerConfigKeys (ConfUtils.java:logGet(43)) - raft.server.snapshot.auto.trigger.threshold = 10000 (custom)
2019-11-13 16:20:44,847 [pool-229-thread-1] INFO  server.RaftServerConfigKeys (ConfUtils.java:logGet(43)) - raft.server.log.write.buffer.size = 33554432 (custom)
2019-11-13 16:20:44,847 [pool-199-thread-1] INFO  server.RaftServerConfigKeys (ConfUtils.java:logGet(43)) - raft.server.snapshot.retention.file.num = 5 (custom)
2019-11-13 16:20:44,847 [pool-219-thread-1] INFO  server.RaftServerConfigKeys (ConfUtils.java:logGet(43)) - raft.server.log.write.buffer.size = 33554432 (custom)
2019-11-13 16:20:44,847 [pool-199-thread-1] INFO  server.RaftServerConfigKeys (ConfUtils.java:logGet(43)) - raft.server.retrycache.expirytime = 600000ms (custom)
2019-11-13 16:20:44,847 [pool-229-thread-1] INFO  server.RaftServerConfigKeys (ConfUtils.java:logGet(43)) - raft.server.log.force.sync.num = 128 (default)
2019-11-13 16:20:44,848 [pool-199-thread-1] WARN  impl.MetricRegistriesImpl (MetricRegistriesImpl.java:lambda$create$1(61)) - First MetricRegistry has been created without registering reporters. You may need to call MetricRegistries.global().addReportRegistration(...) before.
2019-11-13 16:20:44,848 [pool-219-thread-1] INFO  server.RaftServerConfigKeys (ConfUtils.java:logGet(43)) - raft.server.log.force.sync.num = 128 (default)
2019-11-13 16:20:44,848 [pool-199-thread-1] WARN  impl.MetricRegistriesImpl (MetricRegistriesImpl.java:lambda$create$1(61)) - First MetricRegistry has been created without registering reporters. You may need to call MetricRegistries.global().addReportRegistration(...) before.
2019-11-13 16:20:44,848 [pool-229-thread-1] INFO  server.RaftServerConfigKeys (ConfUtils.java:logGet(43)) - raft.server.log.statemachine.data.sync = true (default)
2019-11-13 16:20:44,848 [pool-199-thread-1] INFO  impl.RaftServerImpl (RaftServerImpl.java:start(184)) - 285e9247-2161-496e-af81-9a87b6b231d9@group-8F7AB9145989: start as a follower, conf=-1: [d45a2df2-8f38-43ec-9df7-e5c52ac58263:192.168.69.122:44126, 285e9247-2161-496e-af81-9a87b6b231d9:192.168.69.122:38616, a3f5b1ff-5ddb-40c7-8bbd-1ae7c3cdb433:192.168.69.122:40390], old=null
2019-11-13 16:20:44,848 [pool-219-thread-1] INFO  server.RaftServerConfigKeys (ConfUtils.java:logGet(43)) - raft.server.log.statemachine.data.sync = true (default)
2019-11-13 16:20:44,849 [pool-199-thread-1] INFO  impl.RaftServerImpl (RaftServerImpl.java:setRole(173)) - 285e9247-2161-496e-af81-9a87b6b231d9@group-8F7AB9145989: changes role from      null to FOLLOWER at term 0 for startAsFollower
2019-11-13 16:20:44,849 [pool-229-thread-1] INFO  server.RaftServerConfigKeys (ConfUtils.java:logGet(43)) - raft.server.log.statemachine.data.sync.timeout = 10s (default)
2019-11-13 16:20:44,849 [pool-199-thread-1] INFO  impl.RoleInfo (RoleInfo.java:updateAndGet(143)) - 285e9247-2161-496e-af81-9a87b6b231d9: start FollowerState
2019-11-13 16:20:44,849 [pool-219-thread-1] INFO  server.RaftServerConfigKeys (ConfUtils.java:logGet(43)) - raft.server.log.statemachine.data.sync.timeout = 10s (default)
2019-11-13 16:20:44,849 [pool-229-thread-1] INFO  server.RaftServerConfigKeys (ConfUtils.java:logGet(43)) - raft.server.log.statemachine.data.sync.timeout.retry = -1 (default)
2019-11-13 16:20:44,850 [pool-199-thread-1] INFO  util.JmxRegister (JmxRegister.java:tryRegister(44)) - Successfully registered JMX Bean with object name Ratis:service=RaftServer,group=group-8F7AB9145989,id=285e9247-2161-496e-af81-9a87b6b231d9
2019-11-13 16:20:44,849 [pool-219-thread-1] INFO  server.RaftServerConfigKeys (ConfUtils.java:logGet(43)) - raft.server.log.statemachine.data.sync.timeout.retry = -1 (default)
2019-11-13 16:20:44,850 [pool-199-thread-1] WARN  impl.MetricRegistriesImpl (MetricRegistriesImpl.java:lambda$create$1(61)) - First MetricRegistry has been created without registering reporters. You may need to call MetricRegistries.global().addReportRegistration(...) before.
2019-11-13 16:20:44,850 [pool-229-thread-1] INFO  server.RaftServerConfigKeys (ConfUtils.java:logGet(43)) - raft.server.log.statemachine.data.caching.enabled = true (custom)
2019-11-13 16:20:44,850 [pool-219-thread-1] INFO  server.RaftServerConfigKeys (ConfUtils.java:logGet(43)) - raft.server.log.statemachine.data.caching.enabled = true (custom)
2019-11-13 16:20:44,850 [pool-229-thread-1] INFO  segmented.SegmentedRaftLogWorker (SegmentedRaftLogWorker.java:lambda$new$0(128)) - d45a2df2-8f38-43ec-9df7-e5c52ac58263@group-8F7AB9145989-SegmentedRaftLogWorker: flushIndex: setUnconditionally 0 -> -1
2019-11-13 16:20:44,851 [pool-219-thread-1] INFO  segmented.SegmentedRaftLogWorker (SegmentedRaftLogWorker.java:lambda$new$0(128)) - a3f5b1ff-5ddb-40c7-8bbd-1ae7c3cdb433@group-8F7AB9145989-SegmentedRaftLogWorker: flushIndex: setUnconditionally 0 -> -1
2019-11-13 16:20:44,851 [pool-229-thread-1] INFO  server.RaftServerConfigKeys (ConfUtils.java:logGet(43)) - raft.server.snapshot.auto.trigger.enabled = true (custom)
2019-11-13 16:20:44,851 [pool-229-thread-1] INFO  server.RaftServerConfigKeys (ConfUtils.java:logGet(43)) - raft.server.snapshot.auto.trigger.threshold = 10000 (custom)
2019-11-13 16:20:44,851 [pool-219-thread-1] INFO  server.RaftServerConfigKeys (ConfUtils.java:logGet(43)) - raft.server.snapshot.auto.trigger.enabled = true (custom)
2019-11-13 16:20:44,851 [pool-229-thread-1] INFO  server.RaftServerConfigKeys (ConfUtils.java:logGet(43)) - raft.server.snapshot.retention.file.num = 5 (custom)
2019-11-13 16:20:44,851 [pool-219-thread-1] INFO  server.RaftServerConfigKeys (ConfUtils.java:logGet(43)) - raft.server.snapshot.auto.trigger.threshold = 10000 (custom)
2019-11-13 16:20:44,851 [pool-229-thread-1] INFO  server.RaftServerConfigKeys (ConfUtils.java:logGet(43)) - raft.server.retrycache.expirytime = 600000ms (custom)
2019-11-13 16:20:44,851 [pool-219-thread-1] INFO  server.RaftServerConfigKeys (ConfUtils.java:logGet(43)) - raft.server.snapshot.retention.file.num = 5 (custom)
2019-11-13 16:20:44,851 [pool-229-thread-1] WARN  impl.MetricRegistriesImpl (MetricRegistriesImpl.java:lambda$create$1(61)) - First MetricRegistry has been created without registering reporters. You may need to call MetricRegistries.global().addReportRegistration(...) before.
2019-11-13 16:20:44,852 [pool-219-thread-1] INFO  server.RaftServerConfigKeys (ConfUtils.java:logGet(43)) - raft.server.retrycache.expirytime = 600000ms (custom)
2019-11-13 16:20:44,852 [pool-229-thread-1] WARN  impl.MetricRegistriesImpl (MetricRegistriesImpl.java:lambda$create$1(61)) - First MetricRegistry has been created without registering reporters. You may need to call MetricRegistries.global().addReportRegistration(...) before.
2019-11-13 16:20:44,852 [pool-219-thread-1] WARN  impl.MetricRegistriesImpl (MetricRegistriesImpl.java:lambda$create$1(61)) - First MetricRegistry has been created without registering reporters. You may need to call MetricRegistries.global().addReportRegistration(...) before.
2019-11-13 16:20:44,852 [pool-229-thread-1] INFO  impl.RaftServerImpl (RaftServerImpl.java:start(184)) - d45a2df2-8f38-43ec-9df7-e5c52ac58263@group-8F7AB9145989: start as a follower, conf=-1: [d45a2df2-8f38-43ec-9df7-e5c52ac58263:192.168.69.122:44126, 285e9247-2161-496e-af81-9a87b6b231d9:192.168.69.122:38616, a3f5b1ff-5ddb-40c7-8bbd-1ae7c3cdb433:192.168.69.122:40390], old=null
2019-11-13 16:20:44,852 [pool-219-thread-1] WARN  impl.MetricRegistriesImpl (MetricRegistriesImpl.java:lambda$create$1(61)) - First MetricRegistry has been created without registering reporters. You may need to call MetricRegistries.global().addReportRegistration(...) before.
2019-11-13 16:20:44,852 [pool-229-thread-1] INFO  impl.RaftServerImpl (RaftServerImpl.java:setRole(173)) - d45a2df2-8f38-43ec-9df7-e5c52ac58263@group-8F7AB9145989: changes role from      null to FOLLOWER at term 0 for startAsFollower
2019-11-13 16:20:44,852 [pool-219-thread-1] INFO  impl.RaftServerImpl (RaftServerImpl.java:start(184)) - a3f5b1ff-5ddb-40c7-8bbd-1ae7c3cdb433@group-8F7AB9145989: start as a follower, conf=-1: [d45a2df2-8f38-43ec-9df7-e5c52ac58263:192.168.69.122:44126, 285e9247-2161-496e-af81-9a87b6b231d9:192.168.69.122:38616, a3f5b1ff-5ddb-40c7-8bbd-1ae7c3cdb433:192.168.69.122:40390], old=null
2019-11-13 16:20:44,852 [pool-219-thread-1] INFO  impl.RaftServerImpl (RaftServerImpl.java:setRole(173)) - a3f5b1ff-5ddb-40c7-8bbd-1ae7c3cdb433@group-8F7AB9145989: changes role from      null to FOLLOWER at term 0 for startAsFollower
2019-11-13 16:20:44,852 [pool-229-thread-1] INFO  impl.RoleInfo (RoleInfo.java:updateAndGet(143)) - d45a2df2-8f38-43ec-9df7-e5c52ac58263: start FollowerState
2019-11-13 16:20:44,853 [pool-219-thread-1] INFO  impl.RoleInfo (RoleInfo.java:updateAndGet(143)) - a3f5b1ff-5ddb-40c7-8bbd-1ae7c3cdb433: start FollowerState
2019-11-13 16:20:44,853 [pool-229-thread-1] INFO  util.JmxRegister (JmxRegister.java:tryRegister(44)) - Successfully registered JMX Bean with object name Ratis:service=RaftServer,group=group-8F7AB9145989,id=d45a2df2-8f38-43ec-9df7-e5c52ac58263
2019-11-13 16:20:44,853 [pool-219-thread-1] INFO  util.JmxRegister (JmxRegister.java:tryRegister(44)) - Successfully registered JMX Bean with object name Ratis:service=RaftServer,group=group-8F7AB9145989,id=a3f5b1ff-5ddb-40c7-8bbd-1ae7c3cdb433
2019-11-13 16:20:44,853 [pool-229-thread-1] WARN  impl.MetricRegistriesImpl (MetricRegistriesImpl.java:lambda$create$1(61)) - First MetricRegistry has been created without registering reporters. You may need to call MetricRegistries.global().addReportRegistration(...) before.
2019-11-13 16:20:44,853 [pool-219-thread-1] WARN  impl.MetricRegistriesImpl (MetricRegistriesImpl.java:lambda$create$1(61)) - First MetricRegistry has been created without registering reporters. You may need to call MetricRegistries.global().addReportRegistration(...) before.
2019-11-13 16:20:44,856 [RatisPipelineUtilsThread] INFO  pipeline.PipelineStateManager (PipelineStateManager.java:addPipeline(55)) - Created pipeline Pipeline[ Id: 969f6d63-08fa-4644-989e-8f7ab9145989, Nodes: a3f5b1ff-5ddb-40c7-8bbd-1ae7c3cdb433{ip: 192.168.69.122, host: pr-hdds-2467-gc456-181853687, networkLocation: /rack1, certSerialId: null}d45a2df2-8f38-43ec-9df7-e5c52ac58263{ip: 192.168.69.122, host: pr-hdds-2467-gc456-181853687, networkLocation: /rack1, certSerialId: null}285e9247-2161-496e-af81-9a87b6b231d9{ip: 192.168.69.122, host: pr-hdds-2467-gc456-181853687, networkLocation: /rack1, certSerialId: null}, Type:RATIS, Factor:THREE, State:ALLOCATED]
2019-11-13 16:20:44,857 [Thread-1313] INFO  pipeline.PipelineStateManager (PipelineStateManager.java:finalizePipeline(121)) - Pipeline Pipeline[ Id: 45ddc8ee-0fee-43f7-b331-e9fca3f5f81b, Nodes: a3f5b1ff-5ddb-40c7-8bbd-1ae7c3cdb433{ip: 192.168.69.122, host: pr-hdds-2467-gc456-181853687, networkLocation: /rack1, certSerialId: null}, Type:RATIS, Factor:ONE, State:CLOSED] moved to CLOSED state
2019-11-13 16:20:44,860 [grpc-default-executor-5] INFO  impl.RaftServerProxy (RaftServerProxy.java:remove(95)) - a3f5b1ff-5ddb-40c7-8bbd-1ae7c3cdb433: remove    LEADER a3f5b1ff-5ddb-40c7-8bbd-1ae7c3cdb433@group-E9FCA3F5F81B:t1, leader=a3f5b1ff-5ddb-40c7-8bbd-1ae7c3cdb433, voted=a3f5b1ff-5ddb-40c7-8bbd-1ae7c3cdb433, raftlog=a3f5b1ff-5ddb-40c7-8bbd-1ae7c3cdb433@group-E9FCA3F5F81B-SegmentedRaftLog:OPENED:c0,f0,i0, conf=0: [a3f5b1ff-5ddb-40c7-8bbd-1ae7c3cdb433:192.168.69.122:40390], old=null RUNNING
2019-11-13 16:20:44,860 [grpc-default-executor-5] INFO  impl.RaftServerImpl (RaftServerImpl.java:lambda$shutdown$3(250)) - a3f5b1ff-5ddb-40c7-8bbd-1ae7c3cdb433@group-E9FCA3F5F81B: shutdown
2019-11-13 16:20:44,860 [grpc-default-executor-5] INFO  util.JmxRegister (JmxRegister.java:unregister(73)) - Successfully un-registered JMX Bean with object name Ratis:service=RaftServer,group=group-E9FCA3F5F81B,id=a3f5b1ff-5ddb-40c7-8bbd-1ae7c3cdb433
2019-11-13 16:20:44,861 [grpc-default-executor-5] INFO  impl.RoleInfo (RoleInfo.java:shutdownLeaderState(104)) - a3f5b1ff-5ddb-40c7-8bbd-1ae7c3cdb433: shutdown LeaderState
2019-11-13 16:20:44,861 [grpc-default-executor-5] INFO  impl.PendingRequests (PendingRequests.java:sendNotLeaderResponses(206)) - a3f5b1ff-5ddb-40c7-8bbd-1ae7c3cdb433@group-E9FCA3F5F81B-PendingRequests: sendNotLeaderResponses
2019-11-13 16:20:44,861 [grpc-default-executor-5] INFO  impl.StateMachineUpdater (StateMachineUpdater.java:stopAndJoin(136)) - a3f5b1ff-5ddb-40c7-8bbd-1ae7c3cdb433@group-E9FCA3F5F81B-StateMachineUpdater: set stopIndex = 0
2019-11-13 16:20:44,862 [grpc-default-executor-5] INFO  impl.RaftServerImpl (ServerState.java:close(387)) - a3f5b1ff-5ddb-40c7-8bbd-1ae7c3cdb433@group-E9FCA3F5F81B: closes. applyIndex: 0
2019-11-13 16:20:44,863 [a3f5b1ff-5ddb-40c7-8bbd-1ae7c3cdb433@group-E9FCA3F5F81B-SegmentedRaftLogWorker] INFO  segmented.SegmentedRaftLogWorker (SegmentedRaftLogWorker.java:run(316)) - a3f5b1ff-5ddb-40c7-8bbd-1ae7c3cdb433@group-E9FCA3F5F81B-SegmentedRaftLogWorker was interrupted, exiting. There are 0 tasks remaining in the queue.
2019-11-13 16:20:44,863 [grpc-default-executor-5] INFO  segmented.SegmentedRaftLogWorker (SegmentedRaftLogWorker.java:close(224)) - a3f5b1ff-5ddb-40c7-8bbd-1ae7c3cdb433@group-E9FCA3F5F81B-SegmentedRaftLogWorker close()
2019-11-13 16:20:44,868 [Thread-1313] INFO  pipeline.PipelineStateManager (PipelineStateManager.java:removePipeline(106)) - Pipeline Pipeline[ Id: 45ddc8ee-0fee-43f7-b331-e9fca3f5f81b, Nodes: a3f5b1ff-5ddb-40c7-8bbd-1ae7c3cdb433{ip: 192.168.69.122, host: pr-hdds-2467-gc456-181853687, networkLocation: /rack1, certSerialId: null}, Type:RATIS, Factor:ONE, State:CLOSED] removed from db
2019-11-13 16:20:44,868 [Thread-1313] INFO  pipeline.SCMPipelineManager (SCMPipelineManager.java:finalizeAndDestroyPipeline(315)) - destroying pipeline:Pipeline[ Id: 7277cf01-eaba-40e5-8d45-a01e59bd29c5, Nodes: 66a098cb-53c0-4f05-8b16-ad76b3c07384{ip: 192.168.69.122, host: pr-hdds-2467-gc456-181853687, networkLocation: /rack1, certSerialId: null}, Type:RATIS, Factor:ONE, State:OPEN]
2019-11-13 16:20:44,872 [grpc-default-executor-5] INFO  impl.RaftServerProxy (RaftServerProxy.java:addNew(89)) - a3f5b1ff-5ddb-40c7-8bbd-1ae7c3cdb433: addNew group-7D4EA8187F75:[a3f5b1ff-5ddb-40c7-8bbd-1ae7c3cdb433:192.168.69.122:40390] returns group-7D4EA8187F75:java.util.concurrent.CompletableFuture@6b240668[Not completed]
2019-11-13 16:20:44,873 [pool-219-thread-1] INFO  impl.RaftServerImpl (RaftServerImpl.java:<init>(98)) - a3f5b1ff-5ddb-40c7-8bbd-1ae7c3cdb433: new RaftServerImpl for group-7D4EA8187F75:[a3f5b1ff-5ddb-40c7-8bbd-1ae7c3cdb433:192.168.69.122:40390] with ContainerStateMachine:uninitialized
2019-11-13 16:20:44,873 [pool-219-thread-1] INFO  server.RaftServerConfigKeys (ConfUtils.java:logGet(43)) - raft.server.rpc.timeout.min = 1s (custom)
2019-11-13 16:20:44,874 [pool-219-thread-1] INFO  server.RaftServerConfigKeys (ConfUtils.java:logGet(43)) - raft.server.rpc.timeout.max = 1200ms (custom)
2019-11-13 16:20:44,874 [pool-219-thread-1] INFO  server.RaftServerConfigKeys (ConfUtils.java:logGet(43)) - raft.server.rpcslowness.timeout = 120s (custom)
2019-11-13 16:20:44,874 [pool-219-thread-1] INFO  server.RaftServerConfigKeys (ConfUtils.java:logGet(43)) - raft.server.sleep.deviation.threshold = 300 (default)
2019-11-13 16:20:44,874 [pool-219-thread-1] INFO  server.RaftServerConfigKeys (ConfUtils.java:logGet(43)) - raft.server.log.appender.install.snapshot.enabled = false (custom)
2019-11-13 16:20:44,874 [pool-219-thread-1] INFO  impl.RaftServerImpl (ServerState.java:<init>(103)) - a3f5b1ff-5ddb-40c7-8bbd-1ae7c3cdb433@group-7D4EA8187F75: ConfigurationManager, init=-1: [a3f5b1ff-5ddb-40c7-8bbd-1ae7c3cdb433:192.168.69.122:40390], old=null, confs=<EMPTY_MAP>
2019-11-13 16:20:44,874 [pool-219-thread-1] INFO  server.RaftServerConfigKeys (ConfUtils.java:logGet(43)) - raft.server.storage.dir = [/workdir/hadoop-ozone/integration-test/target/test-dir/MiniOzoneClusterImpl-3a974f43-0da0-4ff7-ab4a-31bb81b91875/datanode-7/data/ratis] (custom)
2019-11-13 16:20:44,874 [pool-219-thread-1] INFO  server.RaftServerConfigKeys (ConfUtils.java:logGet(43)) - raft.server.log.corruption.policy = EXCEPTION (default)
2019-11-13 16:20:44,875 [pool-219-thread-1] INFO  storage.RaftStorageDirectory (RaftStorageDirectory.java:analyzeStorage(246)) - The storage directory /workdir/hadoop-ozone/integration-test/target/test-dir/MiniOzoneClusterImpl-3a974f43-0da0-4ff7-ab4a-31bb81b91875/datanode-7/data/ratis/21caeef0-0366-41be-9c48-7d4ea8187f75 does not exist. Creating ...
2019-11-13 16:20:44,914 [pool-219-thread-1] INFO  storage.RaftStorageDirectory (RaftStorageDirectory.java:tryLock(328)) - Lock on /workdir/hadoop-ozone/integration-test/target/test-dir/MiniOzoneClusterImpl-3a974f43-0da0-4ff7-ab4a-31bb81b91875/datanode-7/data/ratis/21caeef0-0366-41be-9c48-7d4ea8187f75/in_use.lock acquired by nodename 22372@pr-hdds-2467-gc456-181853687
2019-11-13 16:20:44,948 [pool-219-thread-1] INFO  storage.RaftStorage (RaftStorage.java:format(84)) - Storage directory /workdir/hadoop-ozone/integration-test/target/test-dir/MiniOzoneClusterImpl-3a974f43-0da0-4ff7-ab4a-31bb81b91875/datanode-7/data/ratis/21caeef0-0366-41be-9c48-7d4ea8187f75 has been successfully formatted.
2019-11-13 16:20:44,949 [pool-219-thread-1] INFO  ratis.ContainerStateMachine (ContainerStateMachine.java:loadSnapshot(223)) - group-7D4EA8187F75: The snapshot info is null. Setting the last applied indexto:(t:0, i:~)
2019-11-13 16:20:44,949 [pool-219-thread-1] INFO  server.RaftServerConfigKeys (ConfUtils.java:logGet(43)) - raft.server.notification.no-leader.timeout = 120s (custom)
2019-11-13 16:20:44,949 [pool-219-thread-1] INFO  server.RaftServerConfigKeys (ConfUtils.java:logGet(43)) - raft.server.log.use.memory = false (default)
2019-11-13 16:20:44,949 [pool-219-thread-1] INFO  server.RaftServerConfigKeys (ConfUtils.java:logGet(43)) - raft.server.log.purge.gap = 1000000 (custom)
2019-11-13 16:20:44,949 [pool-219-thread-1] INFO  server.RaftServerConfigKeys (ConfUtils.java:logGet(43)) - raft.server.log.appender.buffer.byte-limit = 33554432 (custom)
2019-11-13 16:20:44,949 [pool-219-thread-1] INFO  server.RaftServerConfigKeys (ConfUtils.java:logGet(43)) - raft.server.log.segment.size.max = 1048576 (custom)
2019-11-13 16:20:44,949 [pool-219-thread-1] INFO  server.RaftServerConfigKeys (ConfUtils.java:logGet(43)) - raft.server.log.segment.cache.num.max = 2 (custom)
2019-11-13 16:20:44,949 [pool-219-thread-1] INFO  segmented.SegmentedRaftLogWorker (SegmentedRaftLogWorker.java:<init>(173)) - new a3f5b1ff-5ddb-40c7-8bbd-1ae7c3cdb433@group-7D4EA8187F75-SegmentedRaftLogWorker for RaftStorage:Storage Directory /workdir/hadoop-ozone/integration-test/target/test-dir/MiniOzoneClusterImpl-3a974f43-0da0-4ff7-ab4a-31bb81b91875/datanode-7/data/ratis/21caeef0-0366-41be-9c48-7d4ea8187f75
2019-11-13 16:20:44,949 [pool-219-thread-1] INFO  server.RaftServerConfigKeys (ConfUtils.java:logGet(43)) - raft.server.log.queue.byte-limit = 2147483647 (custom)
2019-11-13 16:20:44,949 [pool-219-thread-1] INFO  server.RaftServerConfigKeys (ConfUtils.java:logGet(43)) - raft.server.log.queue.element-limit = 1024 (custom)
2019-11-13 16:20:44,950 [pool-219-thread-1] INFO  server.RaftServerConfigKeys (ConfUtils.java:logGet(43)) - raft.server.log.segment.size.max = 1048576 (custom)
2019-11-13 16:20:44,950 [pool-219-thread-1] INFO  server.RaftServerConfigKeys (ConfUtils.java:logGet(43)) - raft.server.log.preallocated.size = 16384 (custom)
2019-11-13 16:20:44,950 [pool-219-thread-1] INFO  server.RaftServerConfigKeys (ConfUtils.java:logGet(43)) - raft.server.log.write.buffer.size = 33554432 (custom)
2019-11-13 16:20:44,950 [pool-219-thread-1] INFO  server.RaftServerConfigKeys (ConfUtils.java:logGet(43)) - raft.server.log.force.sync.num = 128 (default)
2019-11-13 16:20:44,950 [pool-219-thread-1] INFO  server.RaftServerConfigKeys (ConfUtils.java:logGet(43)) - raft.server.log.statemachine.data.sync = true (default)
2019-11-13 16:20:44,950 [pool-219-thread-1] INFO  server.RaftServerConfigKeys (ConfUtils.java:logGet(43)) - raft.server.log.statemachine.data.sync.timeout = 10s (default)
2019-11-13 16:20:44,950 [pool-219-thread-1] INFO  server.RaftServerConfigKeys (ConfUtils.java:logGet(43)) - raft.server.log.statemachine.data.sync.timeout.retry = -1 (default)
2019-11-13 16:20:44,950 [pool-219-thread-1] INFO  server.RaftServerConfigKeys (ConfUtils.java:logGet(43)) - raft.server.log.statemachine.data.caching.enabled = true (custom)
2019-11-13 16:20:44,950 [pool-219-thread-1] INFO  segmented.SegmentedRaftLogWorker (SegmentedRaftLogWorker.java:lambda$new$0(128)) - a3f5b1ff-5ddb-40c7-8bbd-1ae7c3cdb433@group-7D4EA8187F75-SegmentedRaftLogWorker: flushIndex: setUnconditionally 0 -> -1
2019-11-13 16:20:44,951 [pool-219-thread-1] INFO  server.RaftServerConfigKeys (ConfUtils.java:logGet(43)) - raft.server.snapshot.auto.trigger.enabled = true (custom)
2019-11-13 16:20:44,951 [pool-219-thread-1] INFO  server.RaftServerConfigKeys (ConfUtils.java:logGet(43)) - raft.server.snapshot.auto.trigger.threshold = 10000 (custom)
2019-11-13 16:20:44,951 [pool-219-thread-1] INFO  server.RaftServerConfigKeys (ConfUtils.java:logGet(43)) - raft.server.snapshot.retention.file.num = 5 (custom)
2019-11-13 16:20:44,951 [pool-219-thread-1] INFO  server.RaftServerConfigKeys (ConfUtils.java:logGet(43)) - raft.server.retrycache.expirytime = 600000ms (custom)
2019-11-13 16:20:44,952 [pool-219-thread-1] WARN  impl.MetricRegistriesImpl (MetricRegistriesImpl.java:lambda$create$1(61)) - First MetricRegistry has been created without registering reporters. You may need to call MetricRegistries.global().addReportRegistration(...) before.
2019-11-13 16:20:44,952 [pool-219-thread-1] WARN  impl.MetricRegistriesImpl (MetricRegistriesImpl.java:lambda$create$1(61)) - First MetricRegistry has been created without registering reporters. You may need to call MetricRegistries.global().addReportRegistration(...) before.
2019-11-13 16:20:44,952 [pool-219-thread-1] INFO  impl.RaftServerImpl (RaftServerImpl.java:start(184)) - a3f5b1ff-5ddb-40c7-8bbd-1ae7c3cdb433@group-7D4EA8187F75: start as a follower, conf=-1: [a3f5b1ff-5ddb-40c7-8bbd-1ae7c3cdb433:192.168.69.122:40390], old=null
2019-11-13 16:20:44,952 [pool-219-thread-1] INFO  impl.RaftServerImpl (RaftServerImpl.java:setRole(173)) - a3f5b1ff-5ddb-40c7-8bbd-1ae7c3cdb433@group-7D4EA8187F75: changes role from      null to FOLLOWER at term 0 for startAsFollower
2019-11-13 16:20:44,952 [pool-219-thread-1] INFO  impl.RoleInfo (RoleInfo.java:updateAndGet(143)) - a3f5b1ff-5ddb-40c7-8bbd-1ae7c3cdb433: start FollowerState
2019-11-13 16:20:44,953 [pool-219-thread-1] INFO  util.JmxRegister (JmxRegister.java:tryRegister(44)) - Successfully registered JMX Bean with object name Ratis:service=RaftServer,group=group-7D4EA8187F75,id=a3f5b1ff-5ddb-40c7-8bbd-1ae7c3cdb433
2019-11-13 16:20:44,953 [pool-219-thread-1] WARN  impl.MetricRegistriesImpl (MetricRegistriesImpl.java:lambda$create$1(61)) - First MetricRegistry has been created without registering reporters. You may need to call MetricRegistries.global().addReportRegistration(...) before.
2019-11-13 16:20:44,956 [RatisPipelineUtilsThread] INFO  pipeline.PipelineStateManager (PipelineStateManager.java:addPipeline(55)) - Created pipeline Pipeline[ Id: 21caeef0-0366-41be-9c48-7d4ea8187f75, Nodes: a3f5b1ff-5ddb-40c7-8bbd-1ae7c3cdb433{ip: 192.168.69.122, host: pr-hdds-2467-gc456-181853687, networkLocation: /rack1, certSerialId: null}, Type:RATIS, Factor:ONE, State:ALLOCATED]
2019-11-13 16:20:44,956 [Thread-1313] INFO  pipeline.PipelineStateManager (PipelineStateManager.java:finalizePipeline(121)) - Pipeline Pipeline[ Id: 7277cf01-eaba-40e5-8d45-a01e59bd29c5, Nodes: 66a098cb-53c0-4f05-8b16-ad76b3c07384{ip: 192.168.69.122, host: pr-hdds-2467-gc456-181853687, networkLocation: /rack1, certSerialId: null}, Type:RATIS, Factor:ONE, State:CLOSED] moved to CLOSED state
2019-11-13 16:20:44,961 [grpc-default-executor-5] INFO  impl.RaftServerProxy (RaftServerProxy.java:remove(95)) - 66a098cb-53c0-4f05-8b16-ad76b3c07384: remove    LEADER 66a098cb-53c0-4f05-8b16-ad76b3c07384@group-A01E59BD29C5:t1, leader=66a098cb-53c0-4f05-8b16-ad76b3c07384, voted=66a098cb-53c0-4f05-8b16-ad76b3c07384, raftlog=66a098cb-53c0-4f05-8b16-ad76b3c07384@group-A01E59BD29C5-SegmentedRaftLog:OPENED:c0,f0,i0, conf=0: [66a098cb-53c0-4f05-8b16-ad76b3c07384:192.168.69.122:36855], old=null RUNNING
2019-11-13 16:20:44,961 [grpc-default-executor-5] INFO  impl.RaftServerImpl (RaftServerImpl.java:lambda$shutdown$3(250)) - 66a098cb-53c0-4f05-8b16-ad76b3c07384@group-A01E59BD29C5: shutdown
2019-11-13 16:20:44,961 [grpc-default-executor-5] INFO  util.JmxRegister (JmxRegister.java:unregister(73)) - Successfully un-registered JMX Bean with object name Ratis:service=RaftServer,group=group-A01E59BD29C5,id=66a098cb-53c0-4f05-8b16-ad76b3c07384
2019-11-13 16:20:44,961 [grpc-default-executor-5] INFO  impl.RoleInfo (RoleInfo.java:shutdownLeaderState(104)) - 66a098cb-53c0-4f05-8b16-ad76b3c07384: shutdown LeaderState
2019-11-13 16:20:44,961 [grpc-default-executor-5] INFO  impl.PendingRequests (PendingRequests.java:sendNotLeaderResponses(206)) - 66a098cb-53c0-4f05-8b16-ad76b3c07384@group-A01E59BD29C5-PendingRequests: sendNotLeaderResponses
2019-11-13 16:20:44,962 [grpc-default-executor-5] INFO  impl.StateMachineUpdater (StateMachineUpdater.java:stopAndJoin(136)) - 66a098cb-53c0-4f05-8b16-ad76b3c07384@group-A01E59BD29C5-StateMachineUpdater: set stopIndex = 0
2019-11-13 16:20:44,962 [grpc-default-executor-5] INFO  impl.RaftServerImpl (ServerState.java:close(387)) - 66a098cb-53c0-4f05-8b16-ad76b3c07384@group-A01E59BD29C5: closes. applyIndex: 0
2019-11-13 16:20:44,962 [66a098cb-53c0-4f05-8b16-ad76b3c07384@group-A01E59BD29C5-SegmentedRaftLogWorker] INFO  segmented.SegmentedRaftLogWorker (SegmentedRaftLogWorker.java:run(316)) - 66a098cb-53c0-4f05-8b16-ad76b3c07384@group-A01E59BD29C5-SegmentedRaftLogWorker was interrupted, exiting. There are 0 tasks remaining in the queue.
2019-11-13 16:20:44,962 [grpc-default-executor-5] INFO  segmented.SegmentedRaftLogWorker (SegmentedRaftLogWorker.java:close(224)) - 66a098cb-53c0-4f05-8b16-ad76b3c07384@group-A01E59BD29C5-SegmentedRaftLogWorker close()
2019-11-13 16:20:44,977 [Thread-1313] INFO  pipeline.PipelineStateManager (PipelineStateManager.java:removePipeline(106)) - Pipeline Pipeline[ Id: 7277cf01-eaba-40e5-8d45-a01e59bd29c5, Nodes: 66a098cb-53c0-4f05-8b16-ad76b3c07384{ip: 192.168.69.122, host: pr-hdds-2467-gc456-181853687, networkLocation: /rack1, certSerialId: null}, Type:RATIS, Factor:ONE, State:CLOSED] removed from db
2019-11-13 16:20:44,977 [Thread-1313] INFO  pipeline.SCMPipelineManager (SCMPipelineManager.java:finalizeAndDestroyPipeline(315)) - destroying pipeline:Pipeline[ Id: 7ebd2859-b8ca-47ec-8e67-eb04782e8565, Nodes: 0d99dfee-4670-49f5-9a57-a4288445f0bf{ip: 192.168.69.122, host: pr-hdds-2467-gc456-181853687, networkLocation: /rack1, certSerialId: null}23e196cf-bea2-4a46-b492-74457a62baf8{ip: 192.168.69.122, host: pr-hdds-2467-gc456-181853687, networkLocation: /rack1, certSerialId: null}c8ab3730-25d4-490d-a322-cbffb61abc7d{ip: 192.168.69.122, host: pr-hdds-2467-gc456-181853687, networkLocation: /rack1, certSerialId: null}, Type:RATIS, Factor:THREE, State:OPEN]
2019-11-13 16:20:44,981 [grpc-default-executor-5] INFO  impl.RaftServerProxy (RaftServerProxy.java:addNew(89)) - 66a098cb-53c0-4f05-8b16-ad76b3c07384: addNew group-128DF5FDBD50:[66a098cb-53c0-4f05-8b16-ad76b3c07384:192.168.69.122:36855] returns group-128DF5FDBD50:java.util.concurrent.CompletableFuture@2feaf0f2[Not completed]
2019-11-13 16:20:44,982 [pool-159-thread-1] INFO  impl.RaftServerImpl (RaftServerImpl.java:<init>(98)) - 66a098cb-53c0-4f05-8b16-ad76b3c07384: new RaftServerImpl for group-128DF5FDBD50:[66a098cb-53c0-4f05-8b16-ad76b3c07384:192.168.69.122:36855] with ContainerStateMachine:uninitialized
2019-11-13 16:20:44,982 [pool-159-thread-1] INFO  server.RaftServerConfigKeys (ConfUtils.java:logGet(43)) - raft.server.rpc.timeout.min = 1s (custom)
2019-11-13 16:20:44,982 [pool-159-thread-1] INFO  server.RaftServerConfigKeys (ConfUtils.java:logGet(43)) - raft.server.rpc.timeout.max = 1200ms (custom)
2019-11-13 16:20:44,983 [pool-159-thread-1] INFO  server.RaftServerConfigKeys (ConfUtils.java:logGet(43)) - raft.server.rpcslowness.timeout = 120s (custom)
2019-11-13 16:20:44,983 [pool-159-thread-1] INFO  server.RaftServerConfigKeys (ConfUtils.java:logGet(43)) - raft.server.sleep.deviation.threshold = 300 (default)
2019-11-13 16:20:44,983 [pool-159-thread-1] INFO  server.RaftServerConfigKeys (ConfUtils.java:logGet(43)) - raft.server.log.appender.install.snapshot.enabled = false (custom)
2019-11-13 16:20:44,983 [pool-159-thread-1] INFO  impl.RaftServerImpl (ServerState.java:<init>(103)) - 66a098cb-53c0-4f05-8b16-ad76b3c07384@group-128DF5FDBD50: ConfigurationManager, init=-1: [66a098cb-53c0-4f05-8b16-ad76b3c07384:192.168.69.122:36855], old=null, confs=<EMPTY_MAP>
2019-11-13 16:20:44,983 [pool-159-thread-1] INFO  server.RaftServerConfigKeys (ConfUtils.java:logGet(43)) - raft.server.storage.dir = [/workdir/hadoop-ozone/integration-test/target/test-dir/MiniOzoneClusterImpl-3a974f43-0da0-4ff7-ab4a-31bb81b91875/datanode-1/data/ratis] (custom)
2019-11-13 16:20:44,983 [pool-159-thread-1] INFO  server.RaftServerConfigKeys (ConfUtils.java:logGet(43)) - raft.server.log.corruption.policy = EXCEPTION (default)
2019-11-13 16:20:44,983 [pool-159-thread-1] INFO  storage.RaftStorageDirectory (RaftStorageDirectory.java:analyzeStorage(246)) - The storage directory /workdir/hadoop-ozone/integration-test/target/test-dir/MiniOzoneClusterImpl-3a974f43-0da0-4ff7-ab4a-31bb81b91875/datanode-1/data/ratis/75843488-b564-4379-98dd-128df5fdbd50 does not exist. Creating ...
2019-11-13 16:20:45,009 [pool-159-thread-1] INFO  storage.RaftStorageDirectory (RaftStorageDirectory.java:tryLock(328)) - Lock on /workdir/hadoop-ozone/integration-test/target/test-dir/MiniOzoneClusterImpl-3a974f43-0da0-4ff7-ab4a-31bb81b91875/datanode-1/data/ratis/75843488-b564-4379-98dd-128df5fdbd50/in_use.lock acquired by nodename 22372@pr-hdds-2467-gc456-181853687
2019-11-13 16:20:45,026 [pool-159-thread-1] INFO  storage.RaftStorage (RaftStorage.java:format(84)) - Storage directory /workdir/hadoop-ozone/integration-test/target/test-dir/MiniOzoneClusterImpl-3a974f43-0da0-4ff7-ab4a-31bb81b91875/datanode-1/data/ratis/75843488-b564-4379-98dd-128df5fdbd50 has been successfully formatted.
2019-11-13 16:20:45,027 [pool-159-thread-1] INFO  ratis.ContainerStateMachine (ContainerStateMachine.java:loadSnapshot(223)) - group-128DF5FDBD50: The snapshot info is null. Setting the last applied indexto:(t:0, i:~)
2019-11-13 16:20:45,027 [pool-159-thread-1] INFO  server.RaftServerConfigKeys (ConfUtils.java:logGet(43)) - raft.server.notification.no-leader.timeout = 120s (custom)
2019-11-13 16:20:45,027 [pool-159-thread-1] INFO  server.RaftServerConfigKeys (ConfUtils.java:logGet(43)) - raft.server.log.use.memory = false (default)
2019-11-13 16:20:45,027 [pool-159-thread-1] INFO  server.RaftServerConfigKeys (ConfUtils.java:logGet(43)) - raft.server.log.purge.gap = 1000000 (custom)
2019-11-13 16:20:45,027 [pool-159-thread-1] INFO  server.RaftServerConfigKeys (ConfUtils.java:logGet(43)) - raft.server.log.appender.buffer.byte-limit = 33554432 (custom)
2019-11-13 16:20:45,027 [pool-159-thread-1] INFO  server.RaftServerConfigKeys (ConfUtils.java:logGet(43)) - raft.server.log.segment.size.max = 1048576 (custom)
2019-11-13 16:20:45,027 [pool-159-thread-1] INFO  server.RaftServerConfigKeys (ConfUtils.java:logGet(43)) - raft.server.log.segment.cache.num.max = 2 (custom)
2019-11-13 16:20:45,028 [pool-159-thread-1] INFO  segmented.SegmentedRaftLogWorker (SegmentedRaftLogWorker.java:<init>(173)) - new 66a098cb-53c0-4f05-8b16-ad76b3c07384@group-128DF5FDBD50-SegmentedRaftLogWorker for RaftStorage:Storage Directory /workdir/hadoop-ozone/integration-test/target/test-dir/MiniOzoneClusterImpl-3a974f43-0da0-4ff7-ab4a-31bb81b91875/datanode-1/data/ratis/75843488-b564-4379-98dd-128df5fdbd50
2019-11-13 16:20:45,028 [pool-159-thread-1] INFO  server.RaftServerConfigKeys (ConfUtils.java:logGet(43)) - raft.server.log.queue.byte-limit = 2147483647 (custom)
2019-11-13 16:20:45,028 [pool-159-thread-1] INFO  server.RaftServerConfigKeys (ConfUtils.java:logGet(43)) - raft.server.log.queue.element-limit = 1024 (custom)
2019-11-13 16:20:45,028 [pool-159-thread-1] INFO  server.RaftServerConfigKeys (ConfUtils.java:logGet(43)) - raft.server.log.segment.size.max = 1048576 (custom)
2019-11-13 16:20:45,028 [pool-159-thread-1] INFO  server.RaftServerConfigKeys (ConfUtils.java:logGet(43)) - raft.server.log.preallocated.size = 16384 (custom)
2019-11-13 16:20:45,028 [pool-159-thread-1] INFO  server.RaftServerConfigKeys (ConfUtils.java:logGet(43)) - raft.server.log.write.buffer.size = 33554432 (custom)
2019-11-13 16:20:45,028 [pool-159-thread-1] INFO  server.RaftServerConfigKeys (ConfUtils.java:logGet(43)) - raft.server.log.force.sync.num = 128 (default)
2019-11-13 16:20:45,028 [pool-159-thread-1] INFO  server.RaftServerConfigKeys (ConfUtils.java:logGet(43)) - raft.server.log.statemachine.data.sync = true (default)
2019-11-13 16:20:45,028 [pool-159-thread-1] INFO  server.RaftServerConfigKeys (ConfUtils.java:logGet(43)) - raft.server.log.statemachine.data.sync.timeout = 10s (default)
2019-11-13 16:20:45,029 [pool-159-thread-1] INFO  server.RaftServerConfigKeys (ConfUtils.java:logGet(43)) - raft.server.log.statemachine.data.sync.timeout.retry = -1 (default)
2019-11-13 16:20:45,029 [pool-159-thread-1] INFO  server.RaftServerConfigKeys (ConfUtils.java:logGet(43)) - raft.server.log.statemachine.data.caching.enabled = true (custom)
2019-11-13 16:20:45,029 [pool-159-thread-1] INFO  segmented.SegmentedRaftLogWorker (SegmentedRaftLogWorker.java:lambda$new$0(128)) - 66a098cb-53c0-4f05-8b16-ad76b3c07384@group-128DF5FDBD50-SegmentedRaftLogWorker: flushIndex: setUnconditionally 0 -> -1
2019-11-13 16:20:45,029 [pool-159-thread-1] INFO  server.RaftServerConfigKeys (ConfUtils.java:logGet(43)) - raft.server.snapshot.auto.trigger.enabled = true (custom)
2019-11-13 16:20:45,029 [pool-159-thread-1] INFO  server.RaftServerConfigKeys (ConfUtils.java:logGet(43)) - raft.server.snapshot.auto.trigger.threshold = 10000 (custom)
2019-11-13 16:20:45,029 [pool-159-thread-1] INFO  server.RaftServerConfigKeys (ConfUtils.java:logGet(43)) - raft.server.snapshot.retention.file.num = 5 (custom)
2019-11-13 16:20:45,030 [pool-159-thread-1] INFO  server.RaftServerConfigKeys (ConfUtils.java:logGet(43)) - raft.server.retrycache.expirytime = 600000ms (custom)
2019-11-13 16:20:45,030 [pool-159-thread-1] WARN  impl.MetricRegistriesImpl (MetricRegistriesImpl.java:lambda$create$1(61)) - First MetricRegistry has been created without registering reporters. You may need to call MetricRegistries.global().addReportRegistration(...) before.
2019-11-13 16:20:45,030 [pool-159-thread-1] WARN  impl.MetricRegistriesImpl (MetricRegistriesImpl.java:lambda$create$1(61)) - First MetricRegistry has been created without registering reporters. You may need to call MetricRegistries.global().addReportRegistration(...) before.
2019-11-13 16:20:45,030 [pool-159-thread-1] INFO  impl.RaftServerImpl (RaftServerImpl.java:start(184)) - 66a098cb-53c0-4f05-8b16-ad76b3c07384@group-128DF5FDBD50: start as a follower, conf=-1: [66a098cb-53c0-4f05-8b16-ad76b3c07384:192.168.69.122:36855], old=null
2019-11-13 16:20:45,030 [pool-159-thread-1] INFO  impl.RaftServerImpl (RaftServerImpl.java:setRole(173)) - 66a098cb-53c0-4f05-8b16-ad76b3c07384@group-128DF5FDBD50: changes role from      null to FOLLOWER at term 0 for startAsFollower
2019-11-13 16:20:45,030 [pool-159-thread-1] INFO  impl.RoleInfo (RoleInfo.java:updateAndGet(143)) - 66a098cb-53c0-4f05-8b16-ad76b3c07384: start FollowerState
2019-11-13 16:20:45,030 [pool-159-thread-1] INFO  util.JmxRegister (JmxRegister.java:tryRegister(44)) - Successfully registered JMX Bean with object name Ratis:service=RaftServer,group=group-128DF5FDBD50,id=66a098cb-53c0-4f05-8b16-ad76b3c07384
2019-11-13 16:20:45,031 [pool-159-thread-1] WARN  impl.MetricRegistriesImpl (MetricRegistriesImpl.java:lambda$create$1(61)) - First MetricRegistry has been created without registering reporters. You may need to call MetricRegistries.global().addReportRegistration(...) before.
2019-11-13 16:20:45,033 [RatisPipelineUtilsThread] INFO  pipeline.PipelineStateManager (PipelineStateManager.java:addPipeline(55)) - Created pipeline Pipeline[ Id: 75843488-b564-4379-98dd-128df5fdbd50, Nodes: 66a098cb-53c0-4f05-8b16-ad76b3c07384{ip: 192.168.69.122, host: pr-hdds-2467-gc456-181853687, networkLocation: /rack1, certSerialId: null}, Type:RATIS, Factor:ONE, State:ALLOCATED]
2019-11-13 16:20:45,033 [Thread-1313] INFO  pipeline.PipelineStateManager (PipelineStateManager.java:finalizePipeline(121)) - Pipeline Pipeline[ Id: 7ebd2859-b8ca-47ec-8e67-eb04782e8565, Nodes: 0d99dfee-4670-49f5-9a57-a4288445f0bf{ip: 192.168.69.122, host: pr-hdds-2467-gc456-181853687, networkLocation: /rack1, certSerialId: null}23e196cf-bea2-4a46-b492-74457a62baf8{ip: 192.168.69.122, host: pr-hdds-2467-gc456-181853687, networkLocation: /rack1, certSerialId: null}c8ab3730-25d4-490d-a322-cbffb61abc7d{ip: 192.168.69.122, host: pr-hdds-2467-gc456-181853687, networkLocation: /rack1, certSerialId: null}, Type:RATIS, Factor:THREE, State:CLOSED] moved to CLOSED state
2019-11-13 16:20:45,034 [EventQueue-CloseContainerForCloseContainerEventHandler] INFO  container.CloseContainerEventHandler (CloseContainerEventHandler.java:onMessage(61)) - Close container Event triggered for container : #1
2019-11-13 16:20:45,038 [grpc-default-executor-5] INFO  impl.RaftServerProxy (RaftServerProxy.java:remove(95)) - 0d99dfee-4670-49f5-9a57-a4288445f0bf: remove  FOLLOWER 0d99dfee-4670-49f5-9a57-a4288445f0bf@group-EB04782E8565:t1, leader=c8ab3730-25d4-490d-a322-cbffb61abc7d, voted=c8ab3730-25d4-490d-a322-cbffb61abc7d, raftlog=0d99dfee-4670-49f5-9a57-a4288445f0bf@group-EB04782E8565-SegmentedRaftLog:OPENED:c0,f0,i2, conf=0: [0d99dfee-4670-49f5-9a57-a4288445f0bf:192.168.69.122:44563, c8ab3730-25d4-490d-a322-cbffb61abc7d:192.168.69.122:32878, 23e196cf-bea2-4a46-b492-74457a62baf8:192.168.69.122:43821], old=null RUNNING
2019-11-13 16:20:45,038 [grpc-default-executor-5] INFO  impl.RaftServerImpl (RaftServerImpl.java:lambda$shutdown$3(250)) - 0d99dfee-4670-49f5-9a57-a4288445f0bf@group-EB04782E8565: shutdown
2019-11-13 16:20:45,039 [grpc-default-executor-5] INFO  util.JmxRegister (JmxRegister.java:unregister(73)) - Successfully un-registered JMX Bean with object name Ratis:service=RaftServer,group=group-EB04782E8565,id=0d99dfee-4670-49f5-9a57-a4288445f0bf
2019-11-13 16:20:45,039 [grpc-default-executor-5] INFO  impl.RoleInfo (RoleInfo.java:shutdownFollowerState(121)) - 0d99dfee-4670-49f5-9a57-a4288445f0bf: shutdown FollowerState
2019-11-13 16:20:45,039 [grpc-default-executor-5] INFO  impl.StateMachineUpdater (StateMachineUpdater.java:stopAndJoin(136)) - 0d99dfee-4670-49f5-9a57-a4288445f0bf@group-EB04782E8565-StateMachineUpdater: set stopIndex = 0
2019-11-13 16:20:45,039 [grpc-default-executor-5] INFO  impl.RaftServerImpl (ServerState.java:close(387)) - 0d99dfee-4670-49f5-9a57-a4288445f0bf@group-EB04782E8565: closes. applyIndex: 0
2019-11-13 16:20:45,039 [Thread-1383] INFO  impl.FollowerState (FollowerState.java:run(120)) - 0d99dfee-4670-49f5-9a57-a4288445f0bf@group-EB04782E8565-FollowerState was interrupted: java.lang.InterruptedException: sleep interrupted
2019-11-13 16:20:45,051 [0d99dfee-4670-49f5-9a57-a4288445f0bf@group-EB04782E8565-SegmentedRaftLogWorker] ERROR ratis.XceiverServerRatis (XceiverServerRatis.java:triggerPipelineClose(584)) - pipeline Action CLOSE  on pipeline PipelineID=7ebd2859-b8ca-47ec-8e67-eb04782e8565.Reason : WriteLog:1: (t:1, i:1), STATEMACHINELOGENTRY, client-CCF87B8804E5, cid=95-writeStateMachineData interrupted.
2019-11-13 16:20:45,052 [grpc-default-executor-5] INFO  segmented.SegmentedRaftLogWorker (SegmentedRaftLogWorker.java:close(224)) - 0d99dfee-4670-49f5-9a57-a4288445f0bf@group-EB04782E8565-SegmentedRaftLogWorker close()
2019-11-13 16:20:45,057 [EventQueue-PipelineActionsForPipelineActionHandler] ERROR pipeline.PipelineActionHandler (PipelineActionHandler.java:onMessage(60)) - Received pipeline action CLOSE for Pipeline[ Id: 7ebd2859-b8ca-47ec-8e67-eb04782e8565, Nodes: 0d99dfee-4670-49f5-9a57-a4288445f0bf{ip: 192.168.69.122, host: pr-hdds-2467-gc456-181853687, networkLocation: /rack1, certSerialId: null}23e196cf-bea2-4a46-b492-74457a62baf8{ip: 192.168.69.122, host: pr-hdds-2467-gc456-181853687, networkLocation: /rack1, certSerialId: null}c8ab3730-25d4-490d-a322-cbffb61abc7d{ip: 192.168.69.122, host: pr-hdds-2467-gc456-181853687, networkLocation: /rack1, certSerialId: null}, Type:RATIS, Factor:THREE, State:CLOSED] from datanode 0d99dfee-4670-49f5-9a57-a4288445f0bf{ip: 192.168.69.122, host: pr-hdds-2467-gc456-181853687, networkLocation: /rack1, certSerialId: null}. Reason : WriteLog:1: (t:1, i:1), STATEMACHINELOGENTRY, client-CCF87B8804E5, cid=95-writeStateMachineData interrupted.
2019-11-13 16:20:45,057 [EventQueue-PipelineActionsForPipelineActionHandler] INFO  pipeline.SCMPipelineManager (SCMPipelineManager.java:finalizeAndDestroyPipeline(315)) - destroying pipeline:Pipeline[ Id: 7ebd2859-b8ca-47ec-8e67-eb04782e8565, Nodes: 0d99dfee-4670-49f5-9a57-a4288445f0bf{ip: 192.168.69.122, host: pr-hdds-2467-gc456-181853687, networkLocation: /rack1, certSerialId: null}23e196cf-bea2-4a46-b492-74457a62baf8{ip: 192.168.69.122, host: pr-hdds-2467-gc456-181853687, networkLocation: /rack1, certSerialId: null}c8ab3730-25d4-490d-a322-cbffb61abc7d{ip: 192.168.69.122, host: pr-hdds-2467-gc456-181853687, networkLocation: /rack1, certSerialId: null}, Type:RATIS, Factor:THREE, State:CLOSED]
2019-11-13 16:20:45,062 [grpc-default-executor-5] INFO  impl.RaftServerProxy (RaftServerProxy.java:remove(95)) - 23e196cf-bea2-4a46-b492-74457a62baf8: remove  FOLLOWER 23e196cf-bea2-4a46-b492-74457a62baf8@group-EB04782E8565:t1, leader=c8ab3730-25d4-490d-a322-cbffb61abc7d, voted=c8ab3730-25d4-490d-a322-cbffb61abc7d, raftlog=23e196cf-bea2-4a46-b492-74457a62baf8@group-EB04782E8565-SegmentedRaftLog:OPENED:c0,f2,i2, conf=0: [0d99dfee-4670-49f5-9a57-a4288445f0bf:192.168.69.122:44563, c8ab3730-25d4-490d-a322-cbffb61abc7d:192.168.69.122:32878, 23e196cf-bea2-4a46-b492-74457a62baf8:192.168.69.122:43821], old=null RUNNING
2019-11-13 16:20:45,062 [grpc-default-executor-5] INFO  impl.RaftServerImpl (RaftServerImpl.java:lambda$shutdown$3(250)) - 23e196cf-bea2-4a46-b492-74457a62baf8@group-EB04782E8565: shutdown
2019-11-13 16:20:45,062 [grpc-default-executor-5] INFO  util.JmxRegister (JmxRegister.java:unregister(73)) - Successfully un-registered JMX Bean with object name Ratis:service=RaftServer,group=group-EB04782E8565,id=23e196cf-bea2-4a46-b492-74457a62baf8
2019-11-13 16:20:45,062 [grpc-default-executor-5] INFO  impl.RoleInfo (RoleInfo.java:shutdownFollowerState(121)) - 23e196cf-bea2-4a46-b492-74457a62baf8: shutdown FollowerState
2019-11-13 16:20:45,062 [grpc-default-executor-5] INFO  impl.StateMachineUpdater (StateMachineUpdater.java:stopAndJoin(136)) - 23e196cf-bea2-4a46-b492-74457a62baf8@group-EB04782E8565-StateMachineUpdater: set stopIndex = 0
2019-11-13 16:20:45,062 [Thread-1382] INFO  impl.FollowerState (FollowerState.java:run(120)) - 23e196cf-bea2-4a46-b492-74457a62baf8@group-EB04782E8565-FollowerState was interrupted: java.lang.InterruptedException: sleep interrupted
2019-11-13 16:20:45,062 [grpc-default-executor-5] INFO  impl.RaftServerImpl (ServerState.java:close(387)) - 23e196cf-bea2-4a46-b492-74457a62baf8@group-EB04782E8565: closes. applyIndex: 0
2019-11-13 16:20:45,063 [23e196cf-bea2-4a46-b492-74457a62baf8@group-EB04782E8565-SegmentedRaftLogWorker] INFO  segmented.SegmentedRaftLogWorker (SegmentedRaftLogWorker.java:run(316)) - 23e196cf-bea2-4a46-b492-74457a62baf8@group-EB04782E8565-SegmentedRaftLogWorker was interrupted, exiting. There are 0 tasks remaining in the queue.
2019-11-13 16:20:45,074 [grpc-default-executor-5] INFO  segmented.SegmentedRaftLogWorker (SegmentedRaftLogWorker.java:close(224)) - 23e196cf-bea2-4a46-b492-74457a62baf8@group-EB04782E8565-SegmentedRaftLogWorker close()
2019-11-13 16:20:45,307 [grpc-default-executor-5] INFO  interfaces.Container (KeyValueContainer.java:flushAndSyncDB(400)) - Container 1 is synced with bcsId 0.
2019-11-13 16:20:45,307 [grpc-default-executor-5] INFO  interfaces.Container (KeyValueContainer.java:flushAndSyncDB(400)) - Container 1 is synced with bcsId 0.
2019-11-13 16:20:45,334 [EventQueue-IncrementalContainerReportForIncrementalContainerReportHandler] INFO  container.IncrementalContainerReportHandler (AbstractContainerReportHandler.java:updateContainerState(171)) - Moving container #1 to QUASI_CLOSED state, datanode 23e196cf-bea2-4a46-b492-74457a62baf8{ip: 192.168.69.122, host: pr-hdds-2467-gc456-181853687, networkLocation: /rack1, certSerialId: null} reported QUASI_CLOSED replica.
2019-11-13 16:20:45,339 [grpc-default-executor-5] INFO  impl.RaftServerProxy (RaftServerProxy.java:remove(95)) - c8ab3730-25d4-490d-a322-cbffb61abc7d: remove    LEADER c8ab3730-25d4-490d-a322-cbffb61abc7d@group-EB04782E8565:t1, leader=c8ab3730-25d4-490d-a322-cbffb61abc7d, voted=c8ab3730-25d4-490d-a322-cbffb61abc7d, raftlog=c8ab3730-25d4-490d-a322-cbffb61abc7d@group-EB04782E8565-SegmentedRaftLog:OPENED:c2,f3,i3, conf=0: [0d99dfee-4670-49f5-9a57-a4288445f0bf:192.168.69.122:44563, c8ab3730-25d4-490d-a322-cbffb61abc7d:192.168.69.122:32878, 23e196cf-bea2-4a46-b492-74457a62baf8:192.168.69.122:43821], old=null RUNNING
2019-11-13 16:20:45,339 [grpc-default-executor-5] INFO  impl.RaftServerImpl (RaftServerImpl.java:lambda$shutdown$3(250)) - c8ab3730-25d4-490d-a322-cbffb61abc7d@group-EB04782E8565: shutdown
2019-11-13 16:20:45,339 [grpc-default-executor-5] INFO  util.JmxRegister (JmxRegister.java:unregister(73)) - Successfully un-registered JMX Bean with object name Ratis:service=RaftServer,group=group-EB04782E8565,id=c8ab3730-25d4-490d-a322-cbffb61abc7d
2019-11-13 16:20:45,339 [grpc-default-executor-5] INFO  impl.RoleInfo (RoleInfo.java:shutdownLeaderState(104)) - c8ab3730-25d4-490d-a322-cbffb61abc7d: shutdown LeaderState
2019-11-13 16:20:45,343 [grpc-default-executor-5] INFO  impl.PendingRequests (PendingRequests.java:sendNotLeaderResponses(206)) - c8ab3730-25d4-490d-a322-cbffb61abc7d@group-EB04782E8565-PendingRequests: sendNotLeaderResponses
2019-11-13 16:20:45,343 [org.apache.ratis.server.impl.LogAppender$AppenderDaemon$$Lambda$479/1610540024@475a289e] WARN  server.GrpcLogAppender (GrpcLogAppender.java:mayWait(151)) - c8ab3730-25d4-490d-a322-cbffb61abc7d@group-EB04782E8565->23e196cf-bea2-4a46-b492-74457a62baf8-GrpcLogAppender: Wait interrupted by java.lang.InterruptedException
2019-11-13 16:20:45,344 [org.apache.ratis.server.impl.LogAppender$AppenderDaemon$$Lambda$479/1610540024@258a6b1] WARN  server.GrpcLogAppender (GrpcLogAppender.java:mayWait(151)) - c8ab3730-25d4-490d-a322-cbffb61abc7d@group-EB04782E8565->0d99dfee-4670-49f5-9a57-a4288445f0bf-GrpcLogAppender: Wait interrupted by java.lang.InterruptedException
2019-11-13 16:20:45,347 [grpc-default-executor-5] INFO  impl.StateMachineUpdater (StateMachineUpdater.java:stopAndJoin(136)) - c8ab3730-25d4-490d-a322-cbffb61abc7d@group-EB04782E8565-StateMachineUpdater: set stopIndex = 2
2019-11-13 16:20:45,347 [c8ab3730-25d4-490d-a322-cbffb61abc7d@group-EB04782E8565-StateMachineUpdater] INFO  ratis.ContainerStateMachine (ContainerStateMachine.java:takeSnapshot(285)) - group-EB04782E8565: Taking a snapshot at:(t:1, i:2) file /workdir/hadoop-ozone/integration-test/target/test-dir/MiniOzoneClusterImpl-3a974f43-0da0-4ff7-ab4a-31bb81b91875/datanode-0/data/ratis/7ebd2859-b8ca-47ec-8e67-eb04782e8565/sm/snapshot.1_2
2019-11-13 16:20:45,347 [grpc-default-executor-3] INFO  server.GrpcServerProtocolService (GrpcServerProtocolService.java:onCompleted(113)) - 0d99dfee-4670-49f5-9a57-a4288445f0bf: Completed APPEND_ENTRIES, lastRequest: c8ab3730-25d4-490d-a322-cbffb61abc7d->0d99dfee-4670-49f5-9a57-a4288445f0bf#7-t1, previous=(t:1, i:2), leaderCommit=2, initializing? false, entries: size=1, first=(t:1, i:3), METADATAENTRY(c2)
2019-11-13 16:20:45,347 [grpc-default-executor-1] INFO  server.GrpcServerProtocolService (GrpcServerProtocolService.java:onCompleted(113)) - 23e196cf-bea2-4a46-b492-74457a62baf8: Completed APPEND_ENTRIES, lastRequest: c8ab3730-25d4-490d-a322-cbffb61abc7d->23e196cf-bea2-4a46-b492-74457a62baf8#7-t1, previous=(t:1, i:2), leaderCommit=2, initializing? false, entries: size=1, first=(t:1, i:3), METADATAENTRY(c2)
2019-11-13 16:20:45,348 [grpc-default-executor-1] INFO  server.GrpcLogAppender (GrpcLogAppender.java:onCompleted(308)) - c8ab3730-25d4-490d-a322-cbffb61abc7d@group-EB04782E8565->0d99dfee-4670-49f5-9a57-a4288445f0bf-AppendLogResponseHandler: follower responses appendEntries COMPLETED
2019-11-13 16:20:45,348 [grpc-default-executor-0] INFO  server.GrpcLogAppender (GrpcLogAppender.java:onCompleted(308)) - c8ab3730-25d4-490d-a322-cbffb61abc7d@group-EB04782E8565->23e196cf-bea2-4a46-b492-74457a62baf8-AppendLogResponseHandler: follower responses appendEntries COMPLETED
2019-11-13 16:20:45,348 [grpc-default-executor-1] INFO  impl.FollowerInfo (FollowerInfo.java:lambda$new$0(51)) - c8ab3730-25d4-490d-a322-cbffb61abc7d@group-EB04782E8565->0d99dfee-4670-49f5-9a57-a4288445f0bf: nextIndex: updateUnconditionally 4 -> 1
2019-11-13 16:20:45,349 [Thread-1490] INFO  client.GrpcClientProtocolService (GrpcClientProtocolService.java:lambda$processClientRequest$0(279)) - Failed RaftClientRequest:client-CCF87B8804E5->c8ab3730-25d4-490d-a322-cbffb61abc7d@group-EB04782E8565, cid=103, seq=0, Watch-ALL_COMMITTED(2), Message:<EMPTY>, reply=RaftClientReply:client-CCF87B8804E5->c8ab3730-25d4-490d-a322-cbffb61abc7d@group-EB04782E8565, cid=103, FAILED org.apache.ratis.protocol.NotLeaderException: Server c8ab3730-25d4-490d-a322-cbffb61abc7d@group-EB04782E8565 is not the leader, logIndex=0, commits[c8ab3730-25d4-490d-a322-cbffb61abc7d:c2]
2019-11-13 16:20:45,349 [grpc-default-executor-0] INFO  impl.FollowerInfo (FollowerInfo.java:lambda$new$0(51)) - c8ab3730-25d4-490d-a322-cbffb61abc7d@group-EB04782E8565->23e196cf-bea2-4a46-b492-74457a62baf8: nextIndex: updateUnconditionally 4 -> 3
2019-11-13 16:20:45,374 [c8ab3730-25d4-490d-a322-cbffb61abc7d@group-EB04782E8565-StateMachineUpdater] INFO  ratis.ContainerStateMachine (ContainerStateMachine.java:takeSnapshot(296)) - group-EB04782E8565: Finished taking a snapshot at:(t:1, i:2) file:/workdir/hadoop-ozone/integration-test/target/test-dir/MiniOzoneClusterImpl-3a974f43-0da0-4ff7-ab4a-31bb81b91875/datanode-0/data/ratis/7ebd2859-b8ca-47ec-8e67-eb04782e8565/sm/snapshot.1_2 time:27
2019-11-13 16:20:45,375 [c8ab3730-25d4-490d-a322-cbffb61abc7d@group-EB04782E8565-StateMachineUpdater] INFO  impl.StateMachineUpdater (StateMachineUpdater.java:takeSnapshot(269)) - c8ab3730-25d4-490d-a322-cbffb61abc7d@group-EB04782E8565-StateMachineUpdater: Took a snapshot at index 2
2019-11-13 16:20:45,375 [c8ab3730-25d4-490d-a322-cbffb61abc7d@group-EB04782E8565-StateMachineUpdater] INFO  impl.StateMachineUpdater (StateMachineUpdater.java:lambda$new$0(84)) - c8ab3730-25d4-490d-a322-cbffb61abc7d@group-EB04782E8565-StateMachineUpdater: snapshotIndex: updateIncreasingly -1 -> 2
2019-11-13 16:20:45,375 [grpc-default-executor-5] INFO  impl.RaftServerImpl (ServerState.java:close(387)) - c8ab3730-25d4-490d-a322-cbffb61abc7d@group-EB04782E8565: closes. applyIndex: 2
2019-11-13 16:20:45,376 [c8ab3730-25d4-490d-a322-cbffb61abc7d@group-EB04782E8565-SegmentedRaftLogWorker] INFO  segmented.SegmentedRaftLogWorker (SegmentedRaftLogWorker.java:run(316)) - c8ab3730-25d4-490d-a322-cbffb61abc7d@group-EB04782E8565-SegmentedRaftLogWorker was interrupted, exiting. There are 0 tasks remaining in the queue.
2019-11-13 16:20:45,378 [grpc-default-executor-5] INFO  segmented.SegmentedRaftLogWorker (SegmentedRaftLogWorker.java:close(224)) - c8ab3730-25d4-490d-a322-cbffb61abc7d@group-EB04782E8565-SegmentedRaftLogWorker close()
2019-11-13 16:20:45,434 [grpc-default-executor-5] INFO  interfaces.Container (KeyValueContainer.java:flushAndSyncDB(400)) - Container 1 is synced with bcsId 2.
2019-11-13 16:20:45,434 [grpc-default-executor-5] INFO  interfaces.Container (KeyValueContainer.java:flushAndSyncDB(400)) - Container 1 is synced with bcsId 2.
2019-11-13 16:20:45,463 [Thread-1313] INFO  pipeline.PipelineStateManager (PipelineStateManager.java:removePipeline(106)) - Pipeline Pipeline[ Id: 7ebd2859-b8ca-47ec-8e67-eb04782e8565, Nodes: 0d99dfee-4670-49f5-9a57-a4288445f0bf{ip: 192.168.69.122, host: pr-hdds-2467-gc456-181853687, networkLocation: /rack1, certSerialId: null}23e196cf-bea2-4a46-b492-74457a62baf8{ip: 192.168.69.122, host: pr-hdds-2467-gc456-181853687, networkLocation: /rack1, certSerialId: null}c8ab3730-25d4-490d-a322-cbffb61abc7d{ip: 192.168.69.122, host: pr-hdds-2467-gc456-181853687, networkLocation: /rack1, certSerialId: null}, Type:RATIS, Factor:THREE, State:CLOSED] removed from db
2019-11-13 16:20:45,463 [Thread-1313] INFO  pipeline.SCMPipelineManager (SCMPipelineManager.java:finalizeAndDestroyPipeline(315)) - destroying pipeline:Pipeline[ Id: 422561f9-870e-4ded-a912-85fb279ed143, Nodes: ece9b524-37b5-4407-b642-ea356430eaaa{ip: 192.168.69.122, host: pr-hdds-2467-gc456-181853687, networkLocation: /rack1, certSerialId: null}, Type:RATIS, Factor:ONE, State:OPEN]
2019-11-13 16:20:45,472 [grpc-default-executor-5] INFO  impl.RaftServerProxy (RaftServerProxy.java:addNew(89)) - 0d99dfee-4670-49f5-9a57-a4288445f0bf: addNew group-72AFD38E77E4:[0d99dfee-4670-49f5-9a57-a4288445f0bf:192.168.69.122:44563, c8ab3730-25d4-490d-a322-cbffb61abc7d:192.168.69.122:32878, 23e196cf-bea2-4a46-b492-74457a62baf8:192.168.69.122:43821] returns group-72AFD38E77E4:java.util.concurrent.CompletableFuture@38314c52[Not completed]
2019-11-13 16:20:45,472 [grpc-default-executor-0] INFO  impl.RaftServerProxy (RaftServerProxy.java:addNew(89)) - c8ab3730-25d4-490d-a322-cbffb61abc7d: addNew group-72AFD38E77E4:[0d99dfee-4670-49f5-9a57-a4288445f0bf:192.168.69.122:44563, c8ab3730-25d4-490d-a322-cbffb61abc7d:192.168.69.122:32878, 23e196cf-bea2-4a46-b492-74457a62baf8:192.168.69.122:43821] returns group-72AFD38E77E4:java.util.concurrent.CompletableFuture@259801a0[Not completed]
2019-11-13 16:20:45,472 [grpc-default-executor-1] INFO  impl.RaftServerProxy (RaftServerProxy.java:addNew(89)) - 23e196cf-bea2-4a46-b492-74457a62baf8: addNew group-72AFD38E77E4:[0d99dfee-4670-49f5-9a57-a4288445f0bf:192.168.69.122:44563, c8ab3730-25d4-490d-a322-cbffb61abc7d:192.168.69.122:32878, 23e196cf-bea2-4a46-b492-74457a62baf8:192.168.69.122:43821] returns group-72AFD38E77E4:java.util.concurrent.CompletableFuture@27d85fd2[Not completed]
2019-11-13 16:20:45,473 [pool-179-thread-1] INFO  impl.RaftServerImpl (RaftServerImpl.java:<init>(98)) - 0d99dfee-4670-49f5-9a57-a4288445f0bf: new RaftServerImpl for group-72AFD38E77E4:[0d99dfee-4670-49f5-9a57-a4288445f0bf:192.168.69.122:44563, c8ab3730-25d4-490d-a322-cbffb61abc7d:192.168.69.122:32878, 23e196cf-bea2-4a46-b492-74457a62baf8:192.168.69.122:43821] with ContainerStateMachine:uninitialized
2019-11-13 16:20:45,473 [pool-179-thread-1] INFO  server.RaftServerConfigKeys (ConfUtils.java:logGet(43)) - raft.server.rpc.timeout.min = 1s (custom)
2019-11-13 16:20:45,473 [pool-179-thread-1] INFO  server.RaftServerConfigKeys (ConfUtils.java:logGet(43)) - raft.server.rpc.timeout.max = 1200ms (custom)
2019-11-13 16:20:45,473 [pool-179-thread-1] INFO  server.RaftServerConfigKeys (ConfUtils.java:logGet(43)) - raft.server.rpcslowness.timeout = 120s (custom)
2019-11-13 16:20:45,473 [pool-179-thread-1] INFO  server.RaftServerConfigKeys (ConfUtils.java:logGet(43)) - raft.server.sleep.deviation.threshold = 300 (default)
2019-11-13 16:20:45,473 [pool-179-thread-1] INFO  server.RaftServerConfigKeys (ConfUtils.java:logGet(43)) - raft.server.log.appender.install.snapshot.enabled = false (custom)
2019-11-13 16:20:45,474 [pool-179-thread-1] INFO  impl.RaftServerImpl (ServerState.java:<init>(103)) - 0d99dfee-4670-49f5-9a57-a4288445f0bf@group-72AFD38E77E4: ConfigurationManager, init=-1: [0d99dfee-4670-49f5-9a57-a4288445f0bf:192.168.69.122:44563, c8ab3730-25d4-490d-a322-cbffb61abc7d:192.168.69.122:32878, 23e196cf-bea2-4a46-b492-74457a62baf8:192.168.69.122:43821], old=null, confs=<EMPTY_MAP>
2019-11-13 16:20:45,474 [pool-149-thread-1] INFO  impl.RaftServerImpl (RaftServerImpl.java:<init>(98)) - c8ab3730-25d4-490d-a322-cbffb61abc7d: new RaftServerImpl for group-72AFD38E77E4:[0d99dfee-4670-49f5-9a57-a4288445f0bf:192.168.69.122:44563, c8ab3730-25d4-490d-a322-cbffb61abc7d:192.168.69.122:32878, 23e196cf-bea2-4a46-b492-74457a62baf8:192.168.69.122:43821] with ContainerStateMachine:uninitialized
2019-11-13 16:20:45,474 [pool-179-thread-1] INFO  server.RaftServerConfigKeys (ConfUtils.java:logGet(43)) - raft.server.storage.dir = [/workdir/hadoop-ozone/integration-test/target/test-dir/MiniOzoneClusterImpl-3a974f43-0da0-4ff7-ab4a-31bb81b91875/datanode-3/data/ratis] (custom)
2019-11-13 16:20:45,474 [pool-149-thread-1] INFO  server.RaftServerConfigKeys (ConfUtils.java:logGet(43)) - raft.server.rpc.timeout.min = 1s (custom)
2019-11-13 16:20:45,474 [pool-149-thread-1] INFO  server.RaftServerConfigKeys (ConfUtils.java:logGet(43)) - raft.server.rpc.timeout.max = 1200ms (custom)
2019-11-13 16:20:45,474 [pool-179-thread-1] INFO  server.RaftServerConfigKeys (ConfUtils.java:logGet(43)) - raft.server.log.corruption.policy = EXCEPTION (default)
2019-11-13 16:20:45,474 [pool-189-thread-1] INFO  impl.RaftServerImpl (RaftServerImpl.java:<init>(98)) - 23e196cf-bea2-4a46-b492-74457a62baf8: new RaftServerImpl for group-72AFD38E77E4:[0d99dfee-4670-49f5-9a57-a4288445f0bf:192.168.69.122:44563, c8ab3730-25d4-490d-a322-cbffb61abc7d:192.168.69.122:32878, 23e196cf-bea2-4a46-b492-74457a62baf8:192.168.69.122:43821] with ContainerStateMachine:uninitialized
2019-11-13 16:20:45,474 [pool-179-thread-1] INFO  storage.RaftStorageDirectory (RaftStorageDirectory.java:analyzeStorage(246)) - The storage directory /workdir/hadoop-ozone/integration-test/target/test-dir/MiniOzoneClusterImpl-3a974f43-0da0-4ff7-ab4a-31bb81b91875/datanode-3/data/ratis/091d7849-7144-4ba9-ae72-72afd38e77e4 does not exist. Creating ...
2019-11-13 16:20:45,474 [pool-149-thread-1] INFO  server.RaftServerConfigKeys (ConfUtils.java:logGet(43)) - raft.server.rpcslowness.timeout = 120s (custom)
2019-11-13 16:20:45,474 [pool-189-thread-1] INFO  server.RaftServerConfigKeys (ConfUtils.java:logGet(43)) - raft.server.rpc.timeout.min = 1s (custom)
2019-11-13 16:20:45,474 [pool-149-thread-1] INFO  server.RaftServerConfigKeys (ConfUtils.java:logGet(43)) - raft.server.sleep.deviation.threshold = 300 (default)
2019-11-13 16:20:45,475 [pool-189-thread-1] INFO  server.RaftServerConfigKeys (ConfUtils.java:logGet(43)) - raft.server.rpc.timeout.max = 1200ms (custom)
2019-11-13 16:20:45,475 [pool-149-thread-1] INFO  server.RaftServerConfigKeys (ConfUtils.java:logGet(43)) - raft.server.log.appender.install.snapshot.enabled = false (custom)
2019-11-13 16:20:45,475 [pool-189-thread-1] INFO  server.RaftServerConfigKeys (ConfUtils.java:logGet(43)) - raft.server.rpcslowness.timeout = 120s (custom)
2019-11-13 16:20:45,475 [pool-149-thread-1] INFO  impl.RaftServerImpl (ServerState.java:<init>(103)) - c8ab3730-25d4-490d-a322-cbffb61abc7d@group-72AFD38E77E4: ConfigurationManager, init=-1: [0d99dfee-4670-49f5-9a57-a4288445f0bf:192.168.69.122:44563, c8ab3730-25d4-490d-a322-cbffb61abc7d:192.168.69.122:32878, 23e196cf-bea2-4a46-b492-74457a62baf8:192.168.69.122:43821], old=null, confs=<EMPTY_MAP>
2019-11-13 16:20:45,475 [pool-189-thread-1] INFO  server.RaftServerConfigKeys (ConfUtils.java:logGet(43)) - raft.server.sleep.deviation.threshold = 300 (default)
2019-11-13 16:20:45,475 [pool-189-thread-1] INFO  server.RaftServerConfigKeys (ConfUtils.java:logGet(43)) - raft.server.log.appender.install.snapshot.enabled = false (custom)
2019-11-13 16:20:45,475 [pool-149-thread-1] INFO  server.RaftServerConfigKeys (ConfUtils.java:logGet(43)) - raft.server.storage.dir = [/workdir/hadoop-ozone/integration-test/target/test-dir/MiniOzoneClusterImpl-3a974f43-0da0-4ff7-ab4a-31bb81b91875/datanode-0/data/ratis] (custom)
2019-11-13 16:20:45,475 [pool-189-thread-1] INFO  impl.RaftServerImpl (ServerState.java:<init>(103)) - 23e196cf-bea2-4a46-b492-74457a62baf8@group-72AFD38E77E4: ConfigurationManager, init=-1: [0d99dfee-4670-49f5-9a57-a4288445f0bf:192.168.69.122:44563, c8ab3730-25d4-490d-a322-cbffb61abc7d:192.168.69.122:32878, 23e196cf-bea2-4a46-b492-74457a62baf8:192.168.69.122:43821], old=null, confs=<EMPTY_MAP>
2019-11-13 16:20:45,475 [pool-189-thread-1] INFO  server.RaftServerConfigKeys (ConfUtils.java:logGet(43)) - raft.server.storage.dir = [/workdir/hadoop-ozone/integration-test/target/test-dir/MiniOzoneClusterImpl-3a974f43-0da0-4ff7-ab4a-31bb81b91875/datanode-4/data/ratis] (custom)
2019-11-13 16:20:45,475 [pool-149-thread-1] INFO  server.RaftServerConfigKeys (ConfUtils.java:logGet(43)) - raft.server.log.corruption.policy = EXCEPTION (default)
2019-11-13 16:20:45,476 [pool-189-thread-1] INFO  server.RaftServerConfigKeys (ConfUtils.java:logGet(43)) - raft.server.log.corruption.policy = EXCEPTION (default)
2019-11-13 16:20:45,476 [pool-149-thread-1] INFO  storage.RaftStorageDirectory (RaftStorageDirectory.java:analyzeStorage(246)) - The storage directory /workdir/hadoop-ozone/integration-test/target/test-dir/MiniOzoneClusterImpl-3a974f43-0da0-4ff7-ab4a-31bb81b91875/datanode-0/data/ratis/091d7849-7144-4ba9-ae72-72afd38e77e4 does not exist. Creating ...
2019-11-13 16:20:45,476 [pool-189-thread-1] INFO  storage.RaftStorageDirectory (RaftStorageDirectory.java:analyzeStorage(246)) - The storage directory /workdir/hadoop-ozone/integration-test/target/test-dir/MiniOzoneClusterImpl-3a974f43-0da0-4ff7-ab4a-31bb81b91875/datanode-4/data/ratis/091d7849-7144-4ba9-ae72-72afd38e77e4 does not exist. Creating ...
2019-11-13 16:20:45,502 [pool-189-thread-1] INFO  storage.RaftStorageDirectory (RaftStorageDirectory.java:tryLock(328)) - Lock on /workdir/hadoop-ozone/integration-test/target/test-dir/MiniOzoneClusterImpl-3a974f43-0da0-4ff7-ab4a-31bb81b91875/datanode-4/data/ratis/091d7849-7144-4ba9-ae72-72afd38e77e4/in_use.lock acquired by nodename 22372@pr-hdds-2467-gc456-181853687
2019-11-13 16:20:45,502 [pool-149-thread-1] INFO  storage.RaftStorageDirectory (RaftStorageDirectory.java:tryLock(328)) - Lock on /workdir/hadoop-ozone/integration-test/target/test-dir/MiniOzoneClusterImpl-3a974f43-0da0-4ff7-ab4a-31bb81b91875/datanode-0/data/ratis/091d7849-7144-4ba9-ae72-72afd38e77e4/in_use.lock acquired by nodename 22372@pr-hdds-2467-gc456-181853687
2019-11-13 16:20:45,502 [pool-179-thread-1] INFO  storage.RaftStorageDirectory (RaftStorageDirectory.java:tryLock(328)) - Lock on /workdir/hadoop-ozone/integration-test/target/test-dir/MiniOzoneClusterImpl-3a974f43-0da0-4ff7-ab4a-31bb81b91875/datanode-3/data/ratis/091d7849-7144-4ba9-ae72-72afd38e77e4/in_use.lock acquired by nodename 22372@pr-hdds-2467-gc456-181853687
2019-11-13 16:20:45,528 [pool-189-thread-1] INFO  storage.RaftStorage (RaftStorage.java:format(84)) - Storage directory /workdir/hadoop-ozone/integration-test/target/test-dir/MiniOzoneClusterImpl-3a974f43-0da0-4ff7-ab4a-31bb81b91875/datanode-4/data/ratis/091d7849-7144-4ba9-ae72-72afd38e77e4 has been successfully formatted.
2019-11-13 16:20:45,528 [pool-179-thread-1] INFO  storage.RaftStorage (RaftStorage.java:format(84)) - Storage directory /workdir/hadoop-ozone/integration-test/target/test-dir/MiniOzoneClusterImpl-3a974f43-0da0-4ff7-ab4a-31bb81b91875/datanode-3/data/ratis/091d7849-7144-4ba9-ae72-72afd38e77e4 has been successfully formatted.
2019-11-13 16:20:45,528 [pool-149-thread-1] INFO  storage.RaftStorage (RaftStorage.java:format(84)) - Storage directory /workdir/hadoop-ozone/integration-test/target/test-dir/MiniOzoneClusterImpl-3a974f43-0da0-4ff7-ab4a-31bb81b91875/datanode-0/data/ratis/091d7849-7144-4ba9-ae72-72afd38e77e4 has been successfully formatted.
2019-11-13 16:20:45,528 [pool-179-thread-1] INFO  ratis.ContainerStateMachine (ContainerStateMachine.java:loadSnapshot(223)) - group-72AFD38E77E4: The snapshot info is null. Setting the last applied indexto:(t:0, i:~)
2019-11-13 16:20:45,528 [pool-189-thread-1] INFO  ratis.ContainerStateMachine (ContainerStateMachine.java:loadSnapshot(223)) - group-72AFD38E77E4: The snapshot info is null. Setting the last applied indexto:(t:0, i:~)
2019-11-13 16:20:45,528 [pool-179-thread-1] INFO  server.RaftServerConfigKeys (ConfUtils.java:logGet(43)) - raft.server.notification.no-leader.timeout = 120s (custom)
2019-11-13 16:20:45,529 [pool-179-thread-1] INFO  server.RaftServerConfigKeys (ConfUtils.java:logGet(43)) - raft.server.log.use.memory = false (default)
2019-11-13 16:20:45,529 [pool-179-thread-1] INFO  server.RaftServerConfigKeys (ConfUtils.java:logGet(43)) - raft.server.log.purge.gap = 1000000 (custom)
2019-11-13 16:20:45,529 [pool-179-thread-1] INFO  server.RaftServerConfigKeys (ConfUtils.java:logGet(43)) - raft.server.log.appender.buffer.byte-limit = 33554432 (custom)
2019-11-13 16:20:45,529 [pool-179-thread-1] INFO  server.RaftServerConfigKeys (ConfUtils.java:logGet(43)) - raft.server.log.segment.size.max = 1048576 (custom)
2019-11-13 16:20:45,529 [pool-179-thread-1] INFO  server.RaftServerConfigKeys (ConfUtils.java:logGet(43)) - raft.server.log.segment.cache.num.max = 2 (custom)
2019-11-13 16:20:45,530 [pool-179-thread-1] INFO  segmented.SegmentedRaftLogWorker (SegmentedRaftLogWorker.java:<init>(173)) - new 0d99dfee-4670-49f5-9a57-a4288445f0bf@group-72AFD38E77E4-SegmentedRaftLogWorker for RaftStorage:Storage Directory /workdir/hadoop-ozone/integration-test/target/test-dir/MiniOzoneClusterImpl-3a974f43-0da0-4ff7-ab4a-31bb81b91875/datanode-3/data/ratis/091d7849-7144-4ba9-ae72-72afd38e77e4
2019-11-13 16:20:45,530 [pool-179-thread-1] INFO  server.RaftServerConfigKeys (ConfUtils.java:logGet(43)) - raft.server.log.queue.byte-limit = 2147483647 (custom)
2019-11-13 16:20:45,530 [pool-179-thread-1] INFO  server.RaftServerConfigKeys (ConfUtils.java:logGet(43)) - raft.server.log.queue.element-limit = 1024 (custom)
2019-11-13 16:20:45,530 [pool-179-thread-1] INFO  server.RaftServerConfigKeys (ConfUtils.java:logGet(43)) - raft.server.log.segment.size.max = 1048576 (custom)
2019-11-13 16:20:45,530 [pool-179-thread-1] INFO  server.RaftServerConfigKeys (ConfUtils.java:logGet(43)) - raft.server.log.preallocated.size = 16384 (custom)
2019-11-13 16:20:45,530 [pool-179-thread-1] INFO  server.RaftServerConfigKeys (ConfUtils.java:logGet(43)) - raft.server.log.write.buffer.size = 33554432 (custom)
2019-11-13 16:20:45,530 [pool-179-thread-1] INFO  server.RaftServerConfigKeys (ConfUtils.java:logGet(43)) - raft.server.log.force.sync.num = 128 (default)
2019-11-13 16:20:45,530 [pool-179-thread-1] INFO  server.RaftServerConfigKeys (ConfUtils.java:logGet(43)) - raft.server.log.statemachine.data.sync = true (default)
2019-11-13 16:20:45,528 [pool-149-thread-1] INFO  ratis.ContainerStateMachine (ContainerStateMachine.java:loadSnapshot(223)) - group-72AFD38E77E4: The snapshot info is null. Setting the last applied indexto:(t:0, i:~)
2019-11-13 16:20:45,530 [pool-179-thread-1] INFO  server.RaftServerConfigKeys (ConfUtils.java:logGet(43)) - raft.server.log.statemachine.data.sync.timeout = 10s (default)
2019-11-13 16:20:45,529 [pool-189-thread-1] INFO  server.RaftServerConfigKeys (ConfUtils.java:logGet(43)) - raft.server.notification.no-leader.timeout = 120s (custom)
2019-11-13 16:20:45,531 [pool-179-thread-1] INFO  server.RaftServerConfigKeys (ConfUtils.java:logGet(43)) - raft.server.log.statemachine.data.sync.timeout.retry = -1 (default)
2019-11-13 16:20:45,530 [pool-149-thread-1] INFO  server.RaftServerConfigKeys (ConfUtils.java:logGet(43)) - raft.server.notification.no-leader.timeout = 120s (custom)
2019-11-13 16:20:45,531 [pool-189-thread-1] INFO  server.RaftServerConfigKeys (ConfUtils.java:logGet(43)) - raft.server.log.use.memory = false (default)
2019-11-13 16:20:45,531 [pool-149-thread-1] INFO  server.RaftServerConfigKeys (ConfUtils.java:logGet(43)) - raft.server.log.use.memory = false (default)
2019-11-13 16:20:45,531 [pool-179-thread-1] INFO  server.RaftServerConfigKeys (ConfUtils.java:logGet(43)) - raft.server.log.statemachine.data.caching.enabled = true (custom)
2019-11-13 16:20:45,531 [pool-149-thread-1] INFO  server.RaftServerConfigKeys (ConfUtils.java:logGet(43)) - raft.server.log.purge.gap = 1000000 (custom)
2019-11-13 16:20:45,531 [pool-189-thread-1] INFO  server.RaftServerConfigKeys (ConfUtils.java:logGet(43)) - raft.server.log.purge.gap = 1000000 (custom)
2019-11-13 16:20:45,531 [pool-179-thread-1] INFO  segmented.SegmentedRaftLogWorker (SegmentedRaftLogWorker.java:lambda$new$0(128)) - 0d99dfee-4670-49f5-9a57-a4288445f0bf@group-72AFD38E77E4-SegmentedRaftLogWorker: flushIndex: setUnconditionally 0 -> -1
2019-11-13 16:20:45,531 [pool-149-thread-1] INFO  server.RaftServerConfigKeys (ConfUtils.java:logGet(43)) - raft.server.log.appender.buffer.byte-limit = 33554432 (custom)
2019-11-13 16:20:45,531 [pool-189-thread-1] INFO  server.RaftServerConfigKeys (ConfUtils.java:logGet(43)) - raft.server.log.appender.buffer.byte-limit = 33554432 (custom)
2019-11-13 16:20:45,532 [pool-179-thread-1] INFO  server.RaftServerConfigKeys (ConfUtils.java:logGet(43)) - raft.server.snapshot.auto.trigger.enabled = true (custom)
2019-11-13 16:20:45,532 [pool-149-thread-1] INFO  server.RaftServerConfigKeys (ConfUtils.java:logGet(43)) - raft.server.log.segment.size.max = 1048576 (custom)
2019-11-13 16:20:45,532 [pool-179-thread-1] INFO  server.RaftServerConfigKeys (ConfUtils.java:logGet(43)) - raft.server.snapshot.auto.trigger.threshold = 10000 (custom)
2019-11-13 16:20:45,532 [pool-189-thread-1] INFO  server.RaftServerConfigKeys (ConfUtils.java:logGet(43)) - raft.server.log.segment.size.max = 1048576 (custom)
2019-11-13 16:20:45,532 [pool-179-thread-1] INFO  server.RaftServerConfigKeys (ConfUtils.java:logGet(43)) - raft.server.snapshot.retention.file.num = 5 (custom)
2019-11-13 16:20:45,532 [pool-149-thread-1] INFO  server.RaftServerConfigKeys (ConfUtils.java:logGet(43)) - raft.server.log.segment.cache.num.max = 2 (custom)
2019-11-13 16:20:45,532 [pool-179-thread-1] INFO  server.RaftServerConfigKeys (ConfUtils.java:logGet(43)) - raft.server.retrycache.expirytime = 600000ms (custom)
2019-11-13 16:20:45,532 [pool-189-thread-1] INFO  server.RaftServerConfigKeys (ConfUtils.java:logGet(43)) - raft.server.log.segment.cache.num.max = 2 (custom)
2019-11-13 16:20:45,533 [pool-179-thread-1] WARN  impl.MetricRegistriesImpl (MetricRegistriesImpl.java:lambda$create$1(61)) - First MetricRegistry has been created without registering reporters. You may need to call MetricRegistries.global().addReportRegistration(...) before.
2019-11-13 16:20:45,532 [pool-149-thread-1] INFO  segmented.SegmentedRaftLogWorker (SegmentedRaftLogWorker.java:<init>(173)) - new c8ab3730-25d4-490d-a322-cbffb61abc7d@group-72AFD38E77E4-SegmentedRaftLogWorker for RaftStorage:Storage Directory /workdir/hadoop-ozone/integration-test/target/test-dir/MiniOzoneClusterImpl-3a974f43-0da0-4ff7-ab4a-31bb81b91875/datanode-0/data/ratis/091d7849-7144-4ba9-ae72-72afd38e77e4
2019-11-13 16:20:45,533 [pool-179-thread-1] WARN  impl.MetricRegistriesImpl (MetricRegistriesImpl.java:lambda$create$1(61)) - First MetricRegistry has been created without registering reporters. You may need to call MetricRegistries.global().addReportRegistration(...) before.
2019-11-13 16:20:45,533 [pool-189-thread-1] INFO  segmented.SegmentedRaftLogWorker (SegmentedRaftLogWorker.java:<init>(173)) - new 23e196cf-bea2-4a46-b492-74457a62baf8@group-72AFD38E77E4-SegmentedRaftLogWorker for RaftStorage:Storage Directory /workdir/hadoop-ozone/integration-test/target/test-dir/MiniOzoneClusterImpl-3a974f43-0da0-4ff7-ab4a-31bb81b91875/datanode-4/data/ratis/091d7849-7144-4ba9-ae72-72afd38e77e4
2019-11-13 16:20:45,533 [pool-179-thread-1] INFO  impl.RaftServerImpl (RaftServerImpl.java:start(184)) - 0d99dfee-4670-49f5-9a57-a4288445f0bf@group-72AFD38E77E4: start as a follower, conf=-1: [0d99dfee-4670-49f5-9a57-a4288445f0bf:192.168.69.122:44563, c8ab3730-25d4-490d-a322-cbffb61abc7d:192.168.69.122:32878, 23e196cf-bea2-4a46-b492-74457a62baf8:192.168.69.122:43821], old=null
2019-11-13 16:20:45,533 [pool-149-thread-1] INFO  server.RaftServerConfigKeys (ConfUtils.java:logGet(43)) - raft.server.log.queue.byte-limit = 2147483647 (custom)
2019-11-13 16:20:45,533 [pool-179-thread-1] INFO  impl.RaftServerImpl (RaftServerImpl.java:setRole(173)) - 0d99dfee-4670-49f5-9a57-a4288445f0bf@group-72AFD38E77E4: changes role from      null to FOLLOWER at term 0 for startAsFollower
2019-11-13 16:20:45,533 [pool-189-thread-1] INFO  server.RaftServerConfigKeys (ConfUtils.java:logGet(43)) - raft.server.log.queue.byte-limit = 2147483647 (custom)
2019-11-13 16:20:45,533 [pool-179-thread-1] INFO  impl.RoleInfo (RoleInfo.java:updateAndGet(143)) - 0d99dfee-4670-49f5-9a57-a4288445f0bf: start FollowerState
2019-11-13 16:20:45,533 [pool-149-thread-1] INFO  server.RaftServerConfigKeys (ConfUtils.java:logGet(43)) - raft.server.log.queue.element-limit = 1024 (custom)
2019-11-13 16:20:45,534 [pool-189-thread-1] INFO  server.RaftServerConfigKeys (ConfUtils.java:logGet(43)) - raft.server.log.queue.element-limit = 1024 (custom)
2019-11-13 16:20:45,534 [pool-149-thread-1] INFO  server.RaftServerConfigKeys (ConfUtils.java:logGet(43)) - raft.server.log.segment.size.max = 1048576 (custom)
2019-11-13 16:20:45,534 [pool-179-thread-1] INFO  util.JmxRegister (JmxRegister.java:tryRegister(44)) - Successfully registered JMX Bean with object name Ratis:service=RaftServer,group=group-72AFD38E77E4,id=0d99dfee-4670-49f5-9a57-a4288445f0bf
2019-11-13 16:20:45,534 [pool-189-thread-1] INFO  server.RaftServerConfigKeys (ConfUtils.java:logGet(43)) - raft.server.log.segment.size.max = 1048576 (custom)
2019-11-13 16:20:45,534 [pool-179-thread-1] WARN  impl.MetricRegistriesImpl (MetricRegistriesImpl.java:lambda$create$1(61)) - First MetricRegistry has been created without registering reporters. You may need to call MetricRegistries.global().addReportRegistration(...) before.
2019-11-13 16:20:45,534 [pool-149-thread-1] INFO  server.RaftServerConfigKeys (ConfUtils.java:logGet(43)) - raft.server.log.preallocated.size = 16384 (custom)
2019-11-13 16:20:45,534 [pool-189-thread-1] INFO  server.RaftServerConfigKeys (ConfUtils.java:logGet(43)) - raft.server.log.preallocated.size = 16384 (custom)
2019-11-13 16:20:45,534 [pool-149-thread-1] INFO  server.RaftServerConfigKeys (ConfUtils.java:logGet(43)) - raft.server.log.write.buffer.size = 33554432 (custom)
2019-11-13 16:20:45,535 [pool-189-thread-1] INFO  server.RaftServerConfigKeys (ConfUtils.java:logGet(43)) - raft.server.log.write.buffer.size = 33554432 (custom)
2019-11-13 16:20:45,535 [pool-149-thread-1] INFO  server.RaftServerConfigKeys (ConfUtils.java:logGet(43)) - raft.server.log.force.sync.num = 128 (default)
2019-11-13 16:20:45,535 [pool-189-thread-1] INFO  server.RaftServerConfigKeys (ConfUtils.java:logGet(43)) - raft.server.log.force.sync.num = 128 (default)
2019-11-13 16:20:45,535 [pool-149-thread-1] INFO  server.RaftServerConfigKeys (ConfUtils.java:logGet(43)) - raft.server.log.statemachine.data.sync = true (default)
2019-11-13 16:20:45,535 [pool-189-thread-1] INFO  server.RaftServerConfigKeys (ConfUtils.java:logGet(43)) - raft.server.log.statemachine.data.sync = true (default)
2019-11-13 16:20:45,535 [pool-149-thread-1] INFO  server.RaftServerConfigKeys (ConfUtils.java:logGet(43)) - raft.server.log.statemachine.data.sync.timeout = 10s (default)
2019-11-13 16:20:45,535 [pool-189-thread-1] INFO  server.RaftServerConfigKeys (ConfUtils.java:logGet(43)) - raft.server.log.statemachine.data.sync.timeout = 10s (default)
2019-11-13 16:20:45,536 [pool-149-thread-1] INFO  server.RaftServerConfigKeys (ConfUtils.java:logGet(43)) - raft.server.log.statemachine.data.sync.timeout.retry = -1 (default)
2019-11-13 16:20:45,536 [pool-189-thread-1] INFO  server.RaftServerConfigKeys (ConfUtils.java:logGet(43)) - raft.server.log.statemachine.data.sync.timeout.retry = -1 (default)
2019-11-13 16:20:45,536 [pool-149-thread-1] INFO  server.RaftServerConfigKeys (ConfUtils.java:logGet(43)) - raft.server.log.statemachine.data.caching.enabled = true (custom)
2019-11-13 16:20:45,536 [pool-189-thread-1] INFO  server.RaftServerConfigKeys (ConfUtils.java:logGet(43)) - raft.server.log.statemachine.data.caching.enabled = true (custom)
2019-11-13 16:20:45,536 [pool-189-thread-1] INFO  segmented.SegmentedRaftLogWorker (SegmentedRaftLogWorker.java:lambda$new$0(128)) - 23e196cf-bea2-4a46-b492-74457a62baf8@group-72AFD38E77E4-SegmentedRaftLogWorker: flushIndex: setUnconditionally 0 -> -1
2019-11-13 16:20:45,537 [pool-149-thread-1] INFO  segmented.SegmentedRaftLogWorker (SegmentedRaftLogWorker.java:lambda$new$0(128)) - c8ab3730-25d4-490d-a322-cbffb61abc7d@group-72AFD38E77E4-SegmentedRaftLogWorker: flushIndex: setUnconditionally 0 -> -1
2019-11-13 16:20:45,537 [pool-189-thread-1] INFO  server.RaftServerConfigKeys (ConfUtils.java:logGet(43)) - raft.server.snapshot.auto.trigger.enabled = true (custom)
2019-11-13 16:20:45,537 [pool-189-thread-1] INFO  server.RaftServerConfigKeys (ConfUtils.java:logGet(43)) - raft.server.snapshot.auto.trigger.threshold = 10000 (custom)
2019-11-13 16:20:45,537 [pool-149-thread-1] INFO  server.RaftServerConfigKeys (ConfUtils.java:logGet(43)) - raft.server.snapshot.auto.trigger.enabled = true (custom)
2019-11-13 16:20:45,537 [pool-189-thread-1] INFO  server.RaftServerConfigKeys (ConfUtils.java:logGet(43)) - raft.server.snapshot.retention.file.num = 5 (custom)
2019-11-13 16:20:45,537 [pool-149-thread-1] INFO  server.RaftServerConfigKeys (ConfUtils.java:logGet(43)) - raft.server.snapshot.auto.trigger.threshold = 10000 (custom)
2019-11-13 16:20:45,537 [pool-189-thread-1] INFO  server.RaftServerConfigKeys (ConfUtils.java:logGet(43)) - raft.server.retrycache.expirytime = 600000ms (custom)
2019-11-13 16:20:45,537 [pool-149-thread-1] INFO  server.RaftServerConfigKeys (ConfUtils.java:logGet(43)) - raft.server.snapshot.retention.file.num = 5 (custom)
2019-11-13 16:20:45,538 [pool-189-thread-1] WARN  impl.MetricRegistriesImpl (MetricRegistriesImpl.java:lambda$create$1(61)) - First MetricRegistry has been created without registering reporters. You may need to call MetricRegistries.global().addReportRegistration(...) before.
2019-11-13 16:20:45,538 [pool-149-thread-1] INFO  server.RaftServerConfigKeys (ConfUtils.java:logGet(43)) - raft.server.retrycache.expirytime = 600000ms (custom)
2019-11-13 16:20:45,538 [pool-189-thread-1] WARN  impl.MetricRegistriesImpl (MetricRegistriesImpl.java:lambda$create$1(61)) - First MetricRegistry has been created without registering reporters. You may need to call MetricRegistries.global().addReportRegistration(...) before.
2019-11-13 16:20:45,538 [pool-149-thread-1] WARN  impl.MetricRegistriesImpl (MetricRegistriesImpl.java:lambda$create$1(61)) - First MetricRegistry has been created without registering reporters. You may need to call MetricRegistries.global().addReportRegistration(...) before.
2019-11-13 16:20:45,538 [pool-189-thread-1] INFO  impl.RaftServerImpl (RaftServerImpl.java:start(184)) - 23e196cf-bea2-4a46-b492-74457a62baf8@group-72AFD38E77E4: start as a follower, conf=-1: [0d99dfee-4670-49f5-9a57-a4288445f0bf:192.168.69.122:44563, c8ab3730-25d4-490d-a322-cbffb61abc7d:192.168.69.122:32878, 23e196cf-bea2-4a46-b492-74457a62baf8:192.168.69.122:43821], old=null
2019-11-13 16:20:45,538 [pool-149-thread-1] WARN  impl.MetricRegistriesImpl (MetricRegistriesImpl.java:lambda$create$1(61)) - First MetricRegistry has been created without registering reporters. You may need to call MetricRegistries.global().addReportRegistration(...) before.
2019-11-13 16:20:45,538 [pool-189-thread-1] INFO  impl.RaftServerImpl (RaftServerImpl.java:setRole(173)) - 23e196cf-bea2-4a46-b492-74457a62baf8@group-72AFD38E77E4: changes role from      null to FOLLOWER at term 0 for startAsFollower
2019-11-13 16:20:45,539 [pool-149-thread-1] INFO  impl.RaftServerImpl (RaftServerImpl.java:start(184)) - c8ab3730-25d4-490d-a322-cbffb61abc7d@group-72AFD38E77E4: start as a follower, conf=-1: [0d99dfee-4670-49f5-9a57-a4288445f0bf:192.168.69.122:44563, c8ab3730-25d4-490d-a322-cbffb61abc7d:192.168.69.122:32878, 23e196cf-bea2-4a46-b492-74457a62baf8:192.168.69.122:43821], old=null
2019-11-13 16:20:45,539 [pool-189-thread-1] INFO  impl.RoleInfo (RoleInfo.java:updateAndGet(143)) - 23e196cf-bea2-4a46-b492-74457a62baf8: start FollowerState
2019-11-13 16:20:45,539 [pool-149-thread-1] INFO  impl.RaftServerImpl (RaftServerImpl.java:setRole(173)) - c8ab3730-25d4-490d-a322-cbffb61abc7d@group-72AFD38E77E4: changes role from      null to FOLLOWER at term 0 for startAsFollower
2019-11-13 16:20:45,539 [pool-149-thread-1] INFO  impl.RoleInfo (RoleInfo.java:updateAndGet(143)) - c8ab3730-25d4-490d-a322-cbffb61abc7d: start FollowerState
2019-11-13 16:20:45,539 [pool-189-thread-1] INFO  util.JmxRegister (JmxRegister.java:tryRegister(44)) - Successfully registered JMX Bean with object name Ratis:service=RaftServer,group=group-72AFD38E77E4,id=23e196cf-bea2-4a46-b492-74457a62baf8
2019-11-13 16:20:45,539 [pool-189-thread-1] WARN  impl.MetricRegistriesImpl (MetricRegistriesImpl.java:lambda$create$1(61)) - First MetricRegistry has been created without registering reporters. You may need to call MetricRegistries.global().addReportRegistration(...) before.
2019-11-13 16:20:45,539 [pool-149-thread-1] INFO  util.JmxRegister (JmxRegister.java:tryRegister(44)) - Successfully registered JMX Bean with object name Ratis:service=RaftServer,group=group-72AFD38E77E4,id=c8ab3730-25d4-490d-a322-cbffb61abc7d
2019-11-13 16:20:45,540 [pool-149-thread-1] WARN  impl.MetricRegistriesImpl (MetricRegistriesImpl.java:lambda$create$1(61)) - First MetricRegistry has been created without registering reporters. You may need to call MetricRegistries.global().addReportRegistration(...) before.
2019-11-13 16:20:45,545 [RatisPipelineUtilsThread] INFO  pipeline.PipelineStateManager (PipelineStateManager.java:addPipeline(55)) - Created pipeline Pipeline[ Id: 091d7849-7144-4ba9-ae72-72afd38e77e4, Nodes: 0d99dfee-4670-49f5-9a57-a4288445f0bf{ip: 192.168.69.122, host: pr-hdds-2467-gc456-181853687, networkLocation: /rack1, certSerialId: null}23e196cf-bea2-4a46-b492-74457a62baf8{ip: 192.168.69.122, host: pr-hdds-2467-gc456-181853687, networkLocation: /rack1, certSerialId: null}c8ab3730-25d4-490d-a322-cbffb61abc7d{ip: 192.168.69.122, host: pr-hdds-2467-gc456-181853687, networkLocation: /rack1, certSerialId: null}, Type:RATIS, Factor:THREE, State:ALLOCATED]
2019-11-13 16:20:45,546 [Thread-1313] INFO  pipeline.PipelineStateManager (PipelineStateManager.java:finalizePipeline(121)) - Pipeline Pipeline[ Id: 422561f9-870e-4ded-a912-85fb279ed143, Nodes: ece9b524-37b5-4407-b642-ea356430eaaa{ip: 192.168.69.122, host: pr-hdds-2467-gc456-181853687, networkLocation: /rack1, certSerialId: null}, Type:RATIS, Factor:ONE, State:CLOSED] moved to CLOSED state
2019-11-13 16:20:45,552 [grpc-default-executor-1] INFO  impl.RaftServerProxy (RaftServerProxy.java:remove(95)) - ece9b524-37b5-4407-b642-ea356430eaaa: remove    LEADER ece9b524-37b5-4407-b642-ea356430eaaa@group-85FB279ED143:t1, leader=ece9b524-37b5-4407-b642-ea356430eaaa, voted=ece9b524-37b5-4407-b642-ea356430eaaa, raftlog=ece9b524-37b5-4407-b642-ea356430eaaa@group-85FB279ED143-SegmentedRaftLog:OPENED:c0,f0,i0, conf=0: [ece9b524-37b5-4407-b642-ea356430eaaa:192.168.69.122:40942], old=null RUNNING
2019-11-13 16:20:45,552 [grpc-default-executor-1] INFO  impl.RaftServerImpl (RaftServerImpl.java:lambda$shutdown$3(250)) - ece9b524-37b5-4407-b642-ea356430eaaa@group-85FB279ED143: shutdown
2019-11-13 16:20:45,553 [grpc-default-executor-1] INFO  util.JmxRegister (JmxRegister.java:unregister(73)) - Successfully un-registered JMX Bean with object name Ratis:service=RaftServer,group=group-85FB279ED143,id=ece9b524-37b5-4407-b642-ea356430eaaa
2019-11-13 16:20:45,553 [grpc-default-executor-1] INFO  impl.RoleInfo (RoleInfo.java:shutdownLeaderState(104)) - ece9b524-37b5-4407-b642-ea356430eaaa: shutdown LeaderState
2019-11-13 16:20:45,553 [grpc-default-executor-1] INFO  impl.PendingRequests (PendingRequests.java:sendNotLeaderResponses(206)) - ece9b524-37b5-4407-b642-ea356430eaaa@group-85FB279ED143-PendingRequests: sendNotLeaderResponses
2019-11-13 16:20:45,553 [grpc-default-executor-1] INFO  impl.StateMachineUpdater (StateMachineUpdater.java:stopAndJoin(136)) - ece9b524-37b5-4407-b642-ea356430eaaa@group-85FB279ED143-StateMachineUpdater: set stopIndex = 0
2019-11-13 16:20:45,553 [grpc-default-executor-1] INFO  impl.RaftServerImpl (ServerState.java:close(387)) - ece9b524-37b5-4407-b642-ea356430eaaa@group-85FB279ED143: closes. applyIndex: 0
2019-11-13 16:20:45,554 [ece9b524-37b5-4407-b642-ea356430eaaa@group-85FB279ED143-SegmentedRaftLogWorker] INFO  segmented.SegmentedRaftLogWorker (SegmentedRaftLogWorker.java:run(316)) - ece9b524-37b5-4407-b642-ea356430eaaa@group-85FB279ED143-SegmentedRaftLogWorker was interrupted, exiting. There are 0 tasks remaining in the queue.
2019-11-13 16:20:45,554 [grpc-default-executor-1] INFO  segmented.SegmentedRaftLogWorker (SegmentedRaftLogWorker.java:close(224)) - ece9b524-37b5-4407-b642-ea356430eaaa@group-85FB279ED143-SegmentedRaftLogWorker close()
2019-11-13 16:20:45,566 [Thread-1313] INFO  pipeline.PipelineStateManager (PipelineStateManager.java:removePipeline(106)) - Pipeline Pipeline[ Id: 422561f9-870e-4ded-a912-85fb279ed143, Nodes: ece9b524-37b5-4407-b642-ea356430eaaa{ip: 192.168.69.122, host: pr-hdds-2467-gc456-181853687, networkLocation: /rack1, certSerialId: null}, Type:RATIS, Factor:ONE, State:CLOSED] removed from db
2019-11-13 16:20:45,568 [Thread-1313] INFO  pipeline.SCMPipelineManager (SCMPipelineManager.java:finalizeAndDestroyPipeline(315)) - destroying pipeline:Pipeline[ Id: 624e68ba-32ae-4a31-b4d2-8e589b928fde, Nodes: ece9b524-37b5-4407-b642-ea356430eaaa{ip: 192.168.69.122, host: pr-hdds-2467-gc456-181853687, networkLocation: /rack1, certSerialId: null}66a098cb-53c0-4f05-8b16-ad76b3c07384{ip: 192.168.69.122, host: pr-hdds-2467-gc456-181853687, networkLocation: /rack1, certSerialId: null}3fa6b523-0f53-44bb-b345-f5f355eab07b{ip: 192.168.69.122, host: pr-hdds-2467-gc456-181853687, networkLocation: /rack1, certSerialId: null}, Type:RATIS, Factor:THREE, State:OPEN]
2019-11-13 16:20:45,575 [grpc-default-executor-1] INFO  impl.RaftServerProxy (RaftServerProxy.java:addNew(89)) - ece9b524-37b5-4407-b642-ea356430eaaa: addNew group-2BFE6843FB28:[ece9b524-37b5-4407-b642-ea356430eaaa:192.168.69.122:40942] returns group-2BFE6843FB28:java.util.concurrent.CompletableFuture@6a3964f1[Not completed]
2019-11-13 16:20:45,577 [pool-209-thread-1] INFO  impl.RaftServerImpl (RaftServerImpl.java:<init>(98)) - ece9b524-37b5-4407-b642-ea356430eaaa: new RaftServerImpl for group-2BFE6843FB28:[ece9b524-37b5-4407-b642-ea356430eaaa:192.168.69.122:40942] with ContainerStateMachine:uninitialized
2019-11-13 16:20:45,577 [pool-209-thread-1] INFO  server.RaftServerConfigKeys (ConfUtils.java:logGet(43)) - raft.server.rpc.timeout.min = 1s (custom)
2019-11-13 16:20:45,577 [pool-209-thread-1] INFO  server.RaftServerConfigKeys (ConfUtils.java:logGet(43)) - raft.server.rpc.timeout.max = 1200ms (custom)
2019-11-13 16:20:45,578 [pool-209-thread-1] INFO  server.RaftServerConfigKeys (ConfUtils.java:logGet(43)) - raft.server.rpcslowness.timeout = 120s (custom)
2019-11-13 16:20:45,578 [pool-209-thread-1] INFO  server.RaftServerConfigKeys (ConfUtils.java:logGet(43)) - raft.server.sleep.deviation.threshold = 300 (default)
2019-11-13 16:20:45,578 [pool-209-thread-1] INFO  server.RaftServerConfigKeys (ConfUtils.java:logGet(43)) - raft.server.log.appender.install.snapshot.enabled = false (custom)
2019-11-13 16:20:45,578 [pool-209-thread-1] INFO  impl.RaftServerImpl (ServerState.java:<init>(103)) - ece9b524-37b5-4407-b642-ea356430eaaa@group-2BFE6843FB28: ConfigurationManager, init=-1: [ece9b524-37b5-4407-b642-ea356430eaaa:192.168.69.122:40942], old=null, confs=<EMPTY_MAP>
2019-11-13 16:20:45,578 [pool-209-thread-1] INFO  server.RaftServerConfigKeys (ConfUtils.java:logGet(43)) - raft.server.storage.dir = [/workdir/hadoop-ozone/integration-test/target/test-dir/MiniOzoneClusterImpl-3a974f43-0da0-4ff7-ab4a-31bb81b91875/datanode-6/data/ratis] (custom)
2019-11-13 16:20:45,578 [pool-209-thread-1] INFO  server.RaftServerConfigKeys (ConfUtils.java:logGet(43)) - raft.server.log.corruption.policy = EXCEPTION (default)
2019-11-13 16:20:45,579 [pool-209-thread-1] INFO  storage.RaftStorageDirectory (RaftStorageDirectory.java:analyzeStorage(246)) - The storage directory /workdir/hadoop-ozone/integration-test/target/test-dir/MiniOzoneClusterImpl-3a974f43-0da0-4ff7-ab4a-31bb81b91875/datanode-6/data/ratis/f894ee8c-a548-40d2-ab32-2bfe6843fb28 does not exist. Creating ...
2019-11-13 16:20:45,604 [pool-209-thread-1] INFO  storage.RaftStorageDirectory (RaftStorageDirectory.java:tryLock(328)) - Lock on /workdir/hadoop-ozone/integration-test/target/test-dir/MiniOzoneClusterImpl-3a974f43-0da0-4ff7-ab4a-31bb81b91875/datanode-6/data/ratis/f894ee8c-a548-40d2-ab32-2bfe6843fb28/in_use.lock acquired by nodename 22372@pr-hdds-2467-gc456-181853687
2019-11-13 16:20:45,629 [pool-209-thread-1] INFO  storage.RaftStorage (RaftStorage.java:format(84)) - Storage directory /workdir/hadoop-ozone/integration-test/target/test-dir/MiniOzoneClusterImpl-3a974f43-0da0-4ff7-ab4a-31bb81b91875/datanode-6/data/ratis/f894ee8c-a548-40d2-ab32-2bfe6843fb28 has been successfully formatted.
2019-11-13 16:20:45,630 [pool-209-thread-1] INFO  ratis.ContainerStateMachine (ContainerStateMachine.java:loadSnapshot(223)) - group-2BFE6843FB28: The snapshot info is null. Setting the last applied indexto:(t:0, i:~)
2019-11-13 16:20:45,630 [pool-209-thread-1] INFO  server.RaftServerConfigKeys (ConfUtils.java:logGet(43)) - raft.server.notification.no-leader.timeout = 120s (custom)
2019-11-13 16:20:45,630 [pool-209-thread-1] INFO  server.RaftServerConfigKeys (ConfUtils.java:logGet(43)) - raft.server.log.use.memory = false (default)
2019-11-13 16:20:45,630 [pool-209-thread-1] INFO  server.RaftServerConfigKeys (ConfUtils.java:logGet(43)) - raft.server.log.purge.gap = 1000000 (custom)
2019-11-13 16:20:45,630 [pool-209-thread-1] INFO  server.RaftServerConfigKeys (ConfUtils.java:logGet(43)) - raft.server.log.appender.buffer.byte-limit = 33554432 (custom)
2019-11-13 16:20:45,631 [pool-209-thread-1] INFO  server.RaftServerConfigKeys (ConfUtils.java:logGet(43)) - raft.server.log.segment.size.max = 1048576 (custom)
2019-11-13 16:20:45,631 [pool-209-thread-1] INFO  server.RaftServerConfigKeys (ConfUtils.java:logGet(43)) - raft.server.log.segment.cache.num.max = 2 (custom)
2019-11-13 16:20:45,631 [pool-209-thread-1] INFO  segmented.SegmentedRaftLogWorker (SegmentedRaftLogWorker.java:<init>(173)) - new ece9b524-37b5-4407-b642-ea356430eaaa@group-2BFE6843FB28-SegmentedRaftLogWorker for RaftStorage:Storage Directory /workdir/hadoop-ozone/integration-test/target/test-dir/MiniOzoneClusterImpl-3a974f43-0da0-4ff7-ab4a-31bb81b91875/datanode-6/data/ratis/f894ee8c-a548-40d2-ab32-2bfe6843fb28
2019-11-13 16:20:45,631 [pool-209-thread-1] INFO  server.RaftServerConfigKeys (ConfUtils.java:logGet(43)) - raft.server.log.queue.byte-limit = 2147483647 (custom)
2019-11-13 16:20:45,631 [pool-209-thread-1] INFO  server.RaftServerConfigKeys (ConfUtils.java:logGet(43)) - raft.server.log.queue.element-limit = 1024 (custom)
2019-11-13 16:20:45,632 [pool-209-thread-1] INFO  server.RaftServerConfigKeys (ConfUtils.java:logGet(43)) - raft.server.log.segment.size.max = 1048576 (custom)
2019-11-13 16:20:45,632 [pool-209-thread-1] INFO  server.RaftServerConfigKeys (ConfUtils.java:logGet(43)) - raft.server.log.preallocated.size = 16384 (custom)
2019-11-13 16:20:45,632 [pool-209-thread-1] INFO  server.RaftServerConfigKeys (ConfUtils.java:logGet(43)) - raft.server.log.write.buffer.size = 33554432 (custom)
2019-11-13 16:20:45,632 [pool-209-thread-1] INFO  server.RaftServerConfigKeys (ConfUtils.java:logGet(43)) - raft.server.log.force.sync.num = 128 (default)
2019-11-13 16:20:45,632 [pool-209-thread-1] INFO  server.RaftServerConfigKeys (ConfUtils.java:logGet(43)) - raft.server.log.statemachine.data.sync = true (default)
2019-11-13 16:20:45,632 [pool-209-thread-1] INFO  server.RaftServerConfigKeys (ConfUtils.java:logGet(43)) - raft.server.log.statemachine.data.sync.timeout = 10s (default)
2019-11-13 16:20:45,633 [pool-209-thread-1] INFO  server.RaftServerConfigKeys (ConfUtils.java:logGet(43)) - raft.server.log.statemachine.data.sync.timeout.retry = -1 (default)
2019-11-13 16:20:45,633 [pool-209-thread-1] INFO  server.RaftServerConfigKeys (ConfUtils.java:logGet(43)) - raft.server.log.statemachine.data.caching.enabled = true (custom)
2019-11-13 16:20:45,633 [pool-209-thread-1] INFO  segmented.SegmentedRaftLogWorker (SegmentedRaftLogWorker.java:lambda$new$0(128)) - ece9b524-37b5-4407-b642-ea356430eaaa@group-2BFE6843FB28-SegmentedRaftLogWorker: flushIndex: setUnconditionally 0 -> -1
2019-11-13 16:20:45,634 [pool-209-thread-1] INFO  server.RaftServerConfigKeys (ConfUtils.java:logGet(43)) - raft.server.snapshot.auto.trigger.enabled = true (custom)
2019-11-13 16:20:45,634 [pool-209-thread-1] INFO  server.RaftServerConfigKeys (ConfUtils.java:logGet(43)) - raft.server.snapshot.auto.trigger.threshold = 10000 (custom)
2019-11-13 16:20:45,634 [pool-209-thread-1] INFO  server.RaftServerConfigKeys (ConfUtils.java:logGet(43)) - raft.server.snapshot.retention.file.num = 5 (custom)
2019-11-13 16:20:45,634 [pool-209-thread-1] INFO  server.RaftServerConfigKeys (ConfUtils.java:logGet(43)) - raft.server.retrycache.expirytime = 600000ms (custom)
2019-11-13 16:20:45,635 [pool-209-thread-1] WARN  impl.MetricRegistriesImpl (MetricRegistriesImpl.java:lambda$create$1(61)) - First MetricRegistry has been created without registering reporters. You may need to call MetricRegistries.global().addReportRegistration(...) before.
2019-11-13 16:20:45,635 [pool-209-thread-1] WARN  impl.MetricRegistriesImpl (MetricRegistriesImpl.java:lambda$create$1(61)) - First MetricRegistry has been created without registering reporters. You may need to call MetricRegistries.global().addReportRegistration(...) before.
2019-11-13 16:20:45,635 [pool-209-thread-1] INFO  impl.RaftServerImpl (RaftServerImpl.java:start(184)) - ece9b524-37b5-4407-b642-ea356430eaaa@group-2BFE6843FB28: start as a follower, conf=-1: [ece9b524-37b5-4407-b642-ea356430eaaa:192.168.69.122:40942], old=null
2019-11-13 16:20:45,635 [pool-209-thread-1] INFO  impl.RaftServerImpl (RaftServerImpl.java:setRole(173)) - ece9b524-37b5-4407-b642-ea356430eaaa@group-2BFE6843FB28: changes role from      null to FOLLOWER at term 0 for startAsFollower
2019-11-13 16:20:45,635 [pool-209-thread-1] INFO  impl.RoleInfo (RoleInfo.java:updateAndGet(143)) - ece9b524-37b5-4407-b642-ea356430eaaa: start FollowerState
2019-11-13 16:20:45,636 [pool-209-thread-1] INFO  util.JmxRegister (JmxRegister.java:tryRegister(44)) - Successfully registered JMX Bean with object name Ratis:service=RaftServer,group=group-2BFE6843FB28,id=ece9b524-37b5-4407-b642-ea356430eaaa
2019-11-13 16:20:45,636 [pool-209-thread-1] WARN  impl.MetricRegistriesImpl (MetricRegistriesImpl.java:lambda$create$1(61)) - First MetricRegistry has been created without registering reporters. You may need to call MetricRegistries.global().addReportRegistration(...) before.
2019-11-13 16:20:45,638 [RatisPipelineUtilsThread] INFO  pipeline.PipelineStateManager (PipelineStateManager.java:addPipeline(55)) - Created pipeline Pipeline[ Id: f894ee8c-a548-40d2-ab32-2bfe6843fb28, Nodes: ece9b524-37b5-4407-b642-ea356430eaaa{ip: 192.168.69.122, host: pr-hdds-2467-gc456-181853687, networkLocation: /rack1, certSerialId: null}, Type:RATIS, Factor:ONE, State:ALLOCATED]
2019-11-13 16:20:45,639 [Thread-1313] INFO  pipeline.PipelineStateManager (PipelineStateManager.java:finalizePipeline(121)) - Pipeline Pipeline[ Id: 624e68ba-32ae-4a31-b4d2-8e589b928fde, Nodes: ece9b524-37b5-4407-b642-ea356430eaaa{ip: 192.168.69.122, host: pr-hdds-2467-gc456-181853687, networkLocation: /rack1, certSerialId: null}66a098cb-53c0-4f05-8b16-ad76b3c07384{ip: 192.168.69.122, host: pr-hdds-2467-gc456-181853687, networkLocation: /rack1, certSerialId: null}3fa6b523-0f53-44bb-b345-f5f355eab07b{ip: 192.168.69.122, host: pr-hdds-2467-gc456-181853687, networkLocation: /rack1, certSerialId: null}, Type:RATIS, Factor:THREE, State:CLOSED] moved to CLOSED state
2019-11-13 16:20:45,644 [grpc-default-executor-1] INFO  impl.RaftServerProxy (RaftServerProxy.java:remove(95)) - ece9b524-37b5-4407-b642-ea356430eaaa: remove  FOLLOWER ece9b524-37b5-4407-b642-ea356430eaaa@group-8E589B928FDE:t1, leader=3fa6b523-0f53-44bb-b345-f5f355eab07b, voted=3fa6b523-0f53-44bb-b345-f5f355eab07b, raftlog=ece9b524-37b5-4407-b642-ea356430eaaa@group-8E589B928FDE-SegmentedRaftLog:OPENED:c0,f0,i0, conf=0: [3fa6b523-0f53-44bb-b345-f5f355eab07b:192.168.69.122:39811, ece9b524-37b5-4407-b642-ea356430eaaa:192.168.69.122:40942, 66a098cb-53c0-4f05-8b16-ad76b3c07384:192.168.69.122:36855], old=null RUNNING
2019-11-13 16:20:45,644 [grpc-default-executor-1] INFO  impl.RaftServerImpl (RaftServerImpl.java:lambda$shutdown$3(250)) - ece9b524-37b5-4407-b642-ea356430eaaa@group-8E589B928FDE: shutdown
2019-11-13 16:20:45,644 [grpc-default-executor-1] INFO  util.JmxRegister (JmxRegister.java:unregister(73)) - Successfully un-registered JMX Bean with object name Ratis:service=RaftServer,group=group-8E589B928FDE,id=ece9b524-37b5-4407-b642-ea356430eaaa
2019-11-13 16:20:45,644 [grpc-default-executor-1] INFO  impl.RoleInfo (RoleInfo.java:shutdownFollowerState(121)) - ece9b524-37b5-4407-b642-ea356430eaaa: shutdown FollowerState
2019-11-13 16:20:45,644 [grpc-default-executor-1] INFO  impl.StateMachineUpdater (StateMachineUpdater.java:stopAndJoin(136)) - ece9b524-37b5-4407-b642-ea356430eaaa@group-8E589B928FDE-StateMachineUpdater: set stopIndex = 0
2019-11-13 16:20:45,644 [Thread-1397] INFO  impl.FollowerState (FollowerState.java:run(120)) - ece9b524-37b5-4407-b642-ea356430eaaa@group-8E589B928FDE-FollowerState was interrupted: java.lang.InterruptedException: sleep interrupted
2019-11-13 16:20:45,644 [grpc-default-executor-1] INFO  impl.RaftServerImpl (ServerState.java:close(387)) - ece9b524-37b5-4407-b642-ea356430eaaa@group-8E589B928FDE: closes. applyIndex: 0
2019-11-13 16:20:45,644 [ece9b524-37b5-4407-b642-ea356430eaaa@group-8E589B928FDE-SegmentedRaftLogWorker] INFO  segmented.SegmentedRaftLogWorker (SegmentedRaftLogWorker.java:run(316)) - ece9b524-37b5-4407-b642-ea356430eaaa@group-8E589B928FDE-SegmentedRaftLogWorker was interrupted, exiting. There are 0 tasks remaining in the queue.
2019-11-13 16:20:45,645 [grpc-default-executor-1] INFO  segmented.SegmentedRaftLogWorker (SegmentedRaftLogWorker.java:close(224)) - ece9b524-37b5-4407-b642-ea356430eaaa@group-8E589B928FDE-SegmentedRaftLogWorker close()
2019-11-13 16:20:45,653 [grpc-default-executor-1] INFO  impl.RaftServerProxy (RaftServerProxy.java:remove(95)) - 66a098cb-53c0-4f05-8b16-ad76b3c07384: remove  FOLLOWER 66a098cb-53c0-4f05-8b16-ad76b3c07384@group-8E589B928FDE:t1, leader=3fa6b523-0f53-44bb-b345-f5f355eab07b, voted=66a098cb-53c0-4f05-8b16-ad76b3c07384, raftlog=66a098cb-53c0-4f05-8b16-ad76b3c07384@group-8E589B928FDE-SegmentedRaftLog:OPENED:c0,f0,i0, conf=0: [3fa6b523-0f53-44bb-b345-f5f355eab07b:192.168.69.122:39811, ece9b524-37b5-4407-b642-ea356430eaaa:192.168.69.122:40942, 66a098cb-53c0-4f05-8b16-ad76b3c07384:192.168.69.122:36855], old=null RUNNING
2019-11-13 16:20:45,653 [grpc-default-executor-1] INFO  impl.RaftServerImpl (RaftServerImpl.java:lambda$shutdown$3(250)) - 66a098cb-53c0-4f05-8b16-ad76b3c07384@group-8E589B928FDE: shutdown
2019-11-13 16:20:45,654 [grpc-default-executor-1] INFO  util.JmxRegister (JmxRegister.java:unregister(73)) - Successfully un-registered JMX Bean with object name Ratis:service=RaftServer,group=group-8E589B928FDE,id=66a098cb-53c0-4f05-8b16-ad76b3c07384
2019-11-13 16:20:45,654 [grpc-default-executor-1] INFO  impl.RoleInfo (RoleInfo.java:shutdownFollowerState(121)) - 66a098cb-53c0-4f05-8b16-ad76b3c07384: shutdown FollowerState
2019-11-13 16:20:45,654 [grpc-default-executor-1] INFO  impl.StateMachineUpdater (StateMachineUpdater.java:stopAndJoin(136)) - 66a098cb-53c0-4f05-8b16-ad76b3c07384@group-8E589B928FDE-StateMachineUpdater: set stopIndex = 0
2019-11-13 16:20:45,654 [Thread-1404] INFO  impl.FollowerState (FollowerState.java:run(120)) - 66a098cb-53c0-4f05-8b16-ad76b3c07384@group-8E589B928FDE-FollowerState was interrupted: java.lang.InterruptedException: sleep interrupted
2019-11-13 16:20:45,654 [grpc-default-executor-1] INFO  impl.RaftServerImpl (ServerState.java:close(387)) - 66a098cb-53c0-4f05-8b16-ad76b3c07384@group-8E589B928FDE: closes. applyIndex: 0
2019-11-13 16:20:45,654 [66a098cb-53c0-4f05-8b16-ad76b3c07384@group-8E589B928FDE-SegmentedRaftLogWorker] INFO  segmented.SegmentedRaftLogWorker (SegmentedRaftLogWorker.java:run(316)) - 66a098cb-53c0-4f05-8b16-ad76b3c07384@group-8E589B928FDE-SegmentedRaftLogWorker was interrupted, exiting. There are 0 tasks remaining in the queue.
2019-11-13 16:20:45,654 [grpc-default-executor-1] INFO  segmented.SegmentedRaftLogWorker (SegmentedRaftLogWorker.java:close(224)) - 66a098cb-53c0-4f05-8b16-ad76b3c07384@group-8E589B928FDE-SegmentedRaftLogWorker close()
2019-11-13 16:20:45,661 [grpc-default-executor-1] INFO  impl.RaftServerProxy (RaftServerProxy.java:remove(95)) - 3fa6b523-0f53-44bb-b345-f5f355eab07b: remove    LEADER 3fa6b523-0f53-44bb-b345-f5f355eab07b@group-8E589B928FDE:t1, leader=3fa6b523-0f53-44bb-b345-f5f355eab07b, voted=3fa6b523-0f53-44bb-b345-f5f355eab07b, raftlog=3fa6b523-0f53-44bb-b345-f5f355eab07b@group-8E589B928FDE-SegmentedRaftLog:OPENED:c0,f0,i0, conf=0: [3fa6b523-0f53-44bb-b345-f5f355eab07b:192.168.69.122:39811, ece9b524-37b5-4407-b642-ea356430eaaa:192.168.69.122:40942, 66a098cb-53c0-4f05-8b16-ad76b3c07384:192.168.69.122:36855], old=null RUNNING
2019-11-13 16:20:45,661 [grpc-default-executor-1] INFO  impl.RaftServerImpl (RaftServerImpl.java:lambda$shutdown$3(250)) - 3fa6b523-0f53-44bb-b345-f5f355eab07b@group-8E589B928FDE: shutdown
2019-11-13 16:20:45,661 [grpc-default-executor-1] INFO  util.JmxRegister (JmxRegister.java:unregister(73)) - Successfully un-registered JMX Bean with object name Ratis:service=RaftServer,group=group-8E589B928FDE,id=3fa6b523-0f53-44bb-b345-f5f355eab07b
2019-11-13 16:20:45,662 [grpc-default-executor-1] INFO  impl.RoleInfo (RoleInfo.java:shutdownLeaderState(104)) - 3fa6b523-0f53-44bb-b345-f5f355eab07b: shutdown LeaderState
2019-11-13 16:20:45,665 [grpc-default-executor-1] INFO  impl.PendingRequests (PendingRequests.java:sendNotLeaderResponses(206)) - 3fa6b523-0f53-44bb-b345-f5f355eab07b@group-8E589B928FDE-PendingRequests: sendNotLeaderResponses
2019-11-13 16:20:45,665 [org.apache.ratis.server.impl.LogAppender$AppenderDaemon$$Lambda$479/1610540024@7f2f495c] WARN  server.GrpcLogAppender (GrpcLogAppender.java:mayWait(151)) - 3fa6b523-0f53-44bb-b345-f5f355eab07b@group-8E589B928FDE->ece9b524-37b5-4407-b642-ea356430eaaa-GrpcLogAppender: Wait interrupted by java.lang.InterruptedException
2019-11-13 16:20:45,665 [grpc-default-executor-1] INFO  impl.StateMachineUpdater (StateMachineUpdater.java:stopAndJoin(136)) - 3fa6b523-0f53-44bb-b345-f5f355eab07b@group-8E589B928FDE-StateMachineUpdater: set stopIndex = 0
2019-11-13 16:20:45,665 [org.apache.ratis.server.impl.LogAppender$AppenderDaemon$$Lambda$479/1610540024@3a2dc8dd] WARN  server.GrpcLogAppender (GrpcLogAppender.java:mayWait(151)) - 3fa6b523-0f53-44bb-b345-f5f355eab07b@group-8E589B928FDE->66a098cb-53c0-4f05-8b16-ad76b3c07384-GrpcLogAppender: Wait interrupted by java.lang.InterruptedException
2019-11-13 16:20:45,665 [grpc-default-executor-1] INFO  impl.RaftServerImpl (ServerState.java:close(387)) - 3fa6b523-0f53-44bb-b345-f5f355eab07b@group-8E589B928FDE: closes. applyIndex: 0
2019-11-13 16:20:45,666 [grpc-default-executor-0] INFO  server.GrpcServerProtocolService (GrpcServerProtocolService.java:onCompleted(113)) - ece9b524-37b5-4407-b642-ea356430eaaa: Completed APPEND_ENTRIES, lastRequest: 3fa6b523-0f53-44bb-b345-f5f355eab07b->ece9b524-37b5-4407-b642-ea356430eaaa#5-t1, previous=(t:1, i:0), leaderCommit=0, initializing? false, entries: <empty>
2019-11-13 16:20:45,666 [3fa6b523-0f53-44bb-b345-f5f355eab07b@group-8E589B928FDE-SegmentedRaftLogWorker] INFO  segmented.SegmentedRaftLogWorker (SegmentedRaftLogWorker.java:run(316)) - 3fa6b523-0f53-44bb-b345-f5f355eab07b@group-8E589B928FDE-SegmentedRaftLogWorker was interrupted, exiting. There are 0 tasks remaining in the queue.
2019-11-13 16:20:45,666 [grpc-default-executor-5] INFO  server.GrpcServerProtocolService (GrpcServerProtocolService.java:onCompleted(113)) - 66a098cb-53c0-4f05-8b16-ad76b3c07384: Completed APPEND_ENTRIES, lastRequest: 3fa6b523-0f53-44bb-b345-f5f355eab07b->66a098cb-53c0-4f05-8b16-ad76b3c07384#5-t1, previous=(t:1, i:0), leaderCommit=0, initializing? false, entries: <empty>
2019-11-13 16:20:45,666 [grpc-default-executor-1] INFO  segmented.SegmentedRaftLogWorker (SegmentedRaftLogWorker.java:close(224)) - 3fa6b523-0f53-44bb-b345-f5f355eab07b@group-8E589B928FDE-SegmentedRaftLogWorker close()
2019-11-13 16:20:45,666 [grpc-default-executor-0] INFO  server.GrpcLogAppender (GrpcLogAppender.java:onCompleted(308)) - 3fa6b523-0f53-44bb-b345-f5f355eab07b@group-8E589B928FDE->ece9b524-37b5-4407-b642-ea356430eaaa-AppendLogResponseHandler: follower responses appendEntries COMPLETED
2019-11-13 16:20:45,668 [grpc-default-executor-5] INFO  server.GrpcLogAppender (GrpcLogAppender.java:onCompleted(308)) - 3fa6b523-0f53-44bb-b345-f5f355eab07b@group-8E589B928FDE->66a098cb-53c0-4f05-8b16-ad76b3c07384-AppendLogResponseHandler: follower responses appendEntries COMPLETED
2019-11-13 16:20:45,668 [grpc-default-executor-0] INFO  impl.FollowerInfo (FollowerInfo.java:lambda$new$0(51)) - 3fa6b523-0f53-44bb-b345-f5f355eab07b@group-8E589B928FDE->ece9b524-37b5-4407-b642-ea356430eaaa: nextIndex: updateUnconditionally 1 -> 0
2019-11-13 16:20:45,668 [grpc-default-executor-5] INFO  impl.FollowerInfo (FollowerInfo.java:lambda$new$0(51)) - 3fa6b523-0f53-44bb-b345-f5f355eab07b@group-8E589B928FDE->66a098cb-53c0-4f05-8b16-ad76b3c07384: nextIndex: updateUnconditionally 1 -> 0
2019-11-13 16:20:45,669 [Thread-1313] INFO  pipeline.PipelineStateManager (PipelineStateManager.java:removePipeline(106)) - Pipeline Pipeline[ Id: 624e68ba-32ae-4a31-b4d2-8e589b928fde, Nodes: ece9b524-37b5-4407-b642-ea356430eaaa{ip: 192.168.69.122, host: pr-hdds-2467-gc456-181853687, networkLocation: /rack1, certSerialId: null}66a098cb-53c0-4f05-8b16-ad76b3c07384{ip: 192.168.69.122, host: pr-hdds-2467-gc456-181853687, networkLocation: /rack1, certSerialId: null}3fa6b523-0f53-44bb-b345-f5f355eab07b{ip: 192.168.69.122, host: pr-hdds-2467-gc456-181853687, networkLocation: /rack1, certSerialId: null}, Type:RATIS, Factor:THREE, State:CLOSED] removed from db
2019-11-13 16:20:45,669 [Thread-1313] INFO  pipeline.SCMPipelineManager (SCMPipelineManager.java:finalizeAndDestroyPipeline(315)) - destroying pipeline:Pipeline[ Id: b7e83a83-f549-4bce-a1cc-f02a743d6624, Nodes: 51f65b1e-ef83-4984-94ab-4ebc9e8c8658{ip: 192.168.69.122, host: pr-hdds-2467-gc456-181853687, networkLocation: /rack1, certSerialId: null}, Type:RATIS, Factor:ONE, State:OPEN]
2019-11-13 16:20:45,684 [grpc-default-executor-1] INFO  impl.RaftServerProxy (RaftServerProxy.java:addNew(89)) - ece9b524-37b5-4407-b642-ea356430eaaa: addNew group-F14CED7F129D:[3fa6b523-0f53-44bb-b345-f5f355eab07b:192.168.69.122:39811, ece9b524-37b5-4407-b642-ea356430eaaa:192.168.69.122:40942, 66a098cb-53c0-4f05-8b16-ad76b3c07384:192.168.69.122:36855] returns group-F14CED7F129D:java.util.concurrent.CompletableFuture@336b811[Not completed]
2019-11-13 16:20:45,684 [grpc-default-executor-0] INFO  impl.RaftServerProxy (RaftServerProxy.java:addNew(89)) - 66a098cb-53c0-4f05-8b16-ad76b3c07384: addNew group-F14CED7F129D:[3fa6b523-0f53-44bb-b345-f5f355eab07b:192.168.69.122:39811, ece9b524-37b5-4407-b642-ea356430eaaa:192.168.69.122:40942, 66a098cb-53c0-4f05-8b16-ad76b3c07384:192.168.69.122:36855] returns group-F14CED7F129D:java.util.concurrent.CompletableFuture@6080258b[Not completed]
2019-11-13 16:20:45,684 [grpc-default-executor-5] INFO  impl.RaftServerProxy (RaftServerProxy.java:addNew(89)) - 3fa6b523-0f53-44bb-b345-f5f355eab07b: addNew group-F14CED7F129D:[3fa6b523-0f53-44bb-b345-f5f355eab07b:192.168.69.122:39811, ece9b524-37b5-4407-b642-ea356430eaaa:192.168.69.122:40942, 66a098cb-53c0-4f05-8b16-ad76b3c07384:192.168.69.122:36855] returns group-F14CED7F129D:java.util.concurrent.CompletableFuture@1326034c[Not completed]
2019-11-13 16:20:45,685 [pool-209-thread-1] INFO  impl.RaftServerImpl (RaftServerImpl.java:<init>(98)) - ece9b524-37b5-4407-b642-ea356430eaaa: new RaftServerImpl for group-F14CED7F129D:[3fa6b523-0f53-44bb-b345-f5f355eab07b:192.168.69.122:39811, ece9b524-37b5-4407-b642-ea356430eaaa:192.168.69.122:40942, 66a098cb-53c0-4f05-8b16-ad76b3c07384:192.168.69.122:36855] with ContainerStateMachine:uninitialized
2019-11-13 16:20:45,685 [pool-209-thread-1] INFO  server.RaftServerConfigKeys (ConfUtils.java:logGet(43)) - raft.server.rpc.timeout.min = 1s (custom)
2019-11-13 16:20:45,685 [pool-209-thread-1] INFO  server.RaftServerConfigKeys (ConfUtils.java:logGet(43)) - raft.server.rpc.timeout.max = 1200ms (custom)
2019-11-13 16:20:45,685 [pool-209-thread-1] INFO  server.RaftServerConfigKeys (ConfUtils.java:logGet(43)) - raft.server.rpcslowness.timeout = 120s (custom)
2019-11-13 16:20:45,685 [pool-209-thread-1] INFO  server.RaftServerConfigKeys (ConfUtils.java:logGet(43)) - raft.server.sleep.deviation.threshold = 300 (default)
2019-11-13 16:20:45,685 [pool-209-thread-1] INFO  server.RaftServerConfigKeys (ConfUtils.java:logGet(43)) - raft.server.log.appender.install.snapshot.enabled = false (custom)
2019-11-13 16:20:45,686 [pool-209-thread-1] INFO  impl.RaftServerImpl (ServerState.java:<init>(103)) - ece9b524-37b5-4407-b642-ea356430eaaa@group-F14CED7F129D: ConfigurationManager, init=-1: [3fa6b523-0f53-44bb-b345-f5f355eab07b:192.168.69.122:39811, ece9b524-37b5-4407-b642-ea356430eaaa:192.168.69.122:40942, 66a098cb-53c0-4f05-8b16-ad76b3c07384:192.168.69.122:36855], old=null, confs=<EMPTY_MAP>
2019-11-13 16:20:45,686 [pool-209-thread-1] INFO  server.RaftServerConfigKeys (ConfUtils.java:logGet(43)) - raft.server.storage.dir = [/workdir/hadoop-ozone/integration-test/target/test-dir/MiniOzoneClusterImpl-3a974f43-0da0-4ff7-ab4a-31bb81b91875/datanode-6/data/ratis] (custom)
2019-11-13 16:20:45,686 [pool-209-thread-1] INFO  server.RaftServerConfigKeys (ConfUtils.java:logGet(43)) - raft.server.log.corruption.policy = EXCEPTION (default)
2019-11-13 16:20:45,686 [pool-209-thread-1] INFO  storage.RaftStorageDirectory (RaftStorageDirectory.java:analyzeStorage(246)) - The storage directory /workdir/hadoop-ozone/integration-test/target/test-dir/MiniOzoneClusterImpl-3a974f43-0da0-4ff7-ab4a-31bb81b91875/datanode-6/data/ratis/d720ac78-51dc-4f6d-a56a-f14ced7f129d does not exist. Creating ...
2019-11-13 16:20:45,686 [pool-169-thread-1] INFO  impl.RaftServerImpl (RaftServerImpl.java:<init>(98)) - 3fa6b523-0f53-44bb-b345-f5f355eab07b: new RaftServerImpl for group-F14CED7F129D:[3fa6b523-0f53-44bb-b345-f5f355eab07b:192.168.69.122:39811, ece9b524-37b5-4407-b642-ea356430eaaa:192.168.69.122:40942, 66a098cb-53c0-4f05-8b16-ad76b3c07384:192.168.69.122:36855] with ContainerStateMachine:uninitialized
2019-11-13 16:20:45,686 [pool-169-thread-1] INFO  server.RaftServerConfigKeys (ConfUtils.java:logGet(43)) - raft.server.rpc.timeout.min = 1s (custom)
2019-11-13 16:20:45,687 [pool-169-thread-1] INFO  server.RaftServerConfigKeys (ConfUtils.java:logGet(43)) - raft.server.rpc.timeout.max = 1200ms (custom)
2019-11-13 16:20:45,687 [pool-169-thread-1] INFO  server.RaftServerConfigKeys (ConfUtils.java:logGet(43)) - raft.server.rpcslowness.timeout = 120s (custom)
2019-11-13 16:20:45,687 [pool-169-thread-1] INFO  server.RaftServerConfigKeys (ConfUtils.java:logGet(43)) - raft.server.sleep.deviation.threshold = 300 (default)
2019-11-13 16:20:45,687 [pool-169-thread-1] INFO  server.RaftServerConfigKeys (ConfUtils.java:logGet(43)) - raft.server.log.appender.install.snapshot.enabled = false (custom)
2019-11-13 16:20:45,687 [pool-169-thread-1] INFO  impl.RaftServerImpl (ServerState.java:<init>(103)) - 3fa6b523-0f53-44bb-b345-f5f355eab07b@group-F14CED7F129D: ConfigurationManager, init=-1: [3fa6b523-0f53-44bb-b345-f5f355eab07b:192.168.69.122:39811, ece9b524-37b5-4407-b642-ea356430eaaa:192.168.69.122:40942, 66a098cb-53c0-4f05-8b16-ad76b3c07384:192.168.69.122:36855], old=null, confs=<EMPTY_MAP>
2019-11-13 16:20:45,687 [pool-169-thread-1] INFO  server.RaftServerConfigKeys (ConfUtils.java:logGet(43)) - raft.server.storage.dir = [/workdir/hadoop-ozone/integration-test/target/test-dir/MiniOzoneClusterImpl-3a974f43-0da0-4ff7-ab4a-31bb81b91875/datanode-2/data/ratis] (custom)
2019-11-13 16:20:45,688 [pool-159-thread-1] INFO  impl.RaftServerImpl (RaftServerImpl.java:<init>(98)) - 66a098cb-53c0-4f05-8b16-ad76b3c07384: new RaftServerImpl for group-F14CED7F129D:[3fa6b523-0f53-44bb-b345-f5f355eab07b:192.168.69.122:39811, ece9b524-37b5-4407-b642-ea356430eaaa:192.168.69.122:40942, 66a098cb-53c0-4f05-8b16-ad76b3c07384:192.168.69.122:36855] with ContainerStateMachine:uninitialized
2019-11-13 16:20:45,688 [pool-169-thread-1] INFO  server.RaftServerConfigKeys (ConfUtils.java:logGet(43)) - raft.server.log.corruption.policy = EXCEPTION (default)
2019-11-13 16:20:45,688 [pool-159-thread-1] INFO  server.RaftServerConfigKeys (ConfUtils.java:logGet(43)) - raft.server.rpc.timeout.min = 1s (custom)
2019-11-13 16:20:45,688 [pool-169-thread-1] INFO  storage.RaftStorageDirectory (RaftStorageDirectory.java:analyzeStorage(246)) - The storage directory /workdir/hadoop-ozone/integration-test/target/test-dir/MiniOzoneClusterImpl-3a974f43-0da0-4ff7-ab4a-31bb81b91875/datanode-2/data/ratis/d720ac78-51dc-4f6d-a56a-f14ced7f129d does not exist. Creating ...
2019-11-13 16:20:45,688 [pool-159-thread-1] INFO  server.RaftServerConfigKeys (ConfUtils.java:logGet(43)) - raft.server.rpc.timeout.max = 1200ms (custom)
2019-11-13 16:20:45,688 [pool-159-thread-1] INFO  server.RaftServerConfigKeys (ConfUtils.java:logGet(43)) - raft.server.rpcslowness.timeout = 120s (custom)
2019-11-13 16:20:45,688 [pool-159-thread-1] INFO  server.RaftServerConfigKeys (ConfUtils.java:logGet(43)) - raft.server.sleep.deviation.threshold = 300 (default)
2019-11-13 16:20:45,689 [pool-159-thread-1] INFO  server.RaftServerConfigKeys (ConfUtils.java:logGet(43)) - raft.server.log.appender.install.snapshot.enabled = false (custom)
2019-11-13 16:20:45,689 [pool-159-thread-1] INFO  impl.RaftServerImpl (ServerState.java:<init>(103)) - 66a098cb-53c0-4f05-8b16-ad76b3c07384@group-F14CED7F129D: ConfigurationManager, init=-1: [3fa6b523-0f53-44bb-b345-f5f355eab07b:192.168.69.122:39811, ece9b524-37b5-4407-b642-ea356430eaaa:192.168.69.122:40942, 66a098cb-53c0-4f05-8b16-ad76b3c07384:192.168.69.122:36855], old=null, confs=<EMPTY_MAP>
2019-11-13 16:20:45,689 [pool-159-thread-1] INFO  server.RaftServerConfigKeys (ConfUtils.java:logGet(43)) - raft.server.storage.dir = [/workdir/hadoop-ozone/integration-test/target/test-dir/MiniOzoneClusterImpl-3a974f43-0da0-4ff7-ab4a-31bb81b91875/datanode-1/data/ratis] (custom)
2019-11-13 16:20:45,689 [pool-159-thread-1] INFO  server.RaftServerConfigKeys (ConfUtils.java:logGet(43)) - raft.server.log.corruption.policy = EXCEPTION (default)
2019-11-13 16:20:45,689 [pool-159-thread-1] INFO  storage.RaftStorageDirectory (RaftStorageDirectory.java:analyzeStorage(246)) - The storage directory /workdir/hadoop-ozone/integration-test/target/test-dir/MiniOzoneClusterImpl-3a974f43-0da0-4ff7-ab4a-31bb81b91875/datanode-1/data/ratis/d720ac78-51dc-4f6d-a56a-f14ced7f129d does not exist. Creating ...
2019-11-13 16:20:45,713 [pool-159-thread-1] INFO  storage.RaftStorageDirectory (RaftStorageDirectory.java:tryLock(328)) - Lock on /workdir/hadoop-ozone/integration-test/target/test-dir/MiniOzoneClusterImpl-3a974f43-0da0-4ff7-ab4a-31bb81b91875/datanode-1/data/ratis/d720ac78-51dc-4f6d-a56a-f14ced7f129d/in_use.lock acquired by nodename 22372@pr-hdds-2467-gc456-181853687
2019-11-13 16:20:45,713 [pool-209-thread-1] INFO  storage.RaftStorageDirectory (RaftStorageDirectory.java:tryLock(328)) - Lock on /workdir/hadoop-ozone/integration-test/target/test-dir/MiniOzoneClusterImpl-3a974f43-0da0-4ff7-ab4a-31bb81b91875/datanode-6/data/ratis/d720ac78-51dc-4f6d-a56a-f14ced7f129d/in_use.lock acquired by nodename 22372@pr-hdds-2467-gc456-181853687
2019-11-13 16:20:45,713 [pool-169-thread-1] INFO  storage.RaftStorageDirectory (RaftStorageDirectory.java:tryLock(328)) - Lock on /workdir/hadoop-ozone/integration-test/target/test-dir/MiniOzoneClusterImpl-3a974f43-0da0-4ff7-ab4a-31bb81b91875/datanode-2/data/ratis/d720ac78-51dc-4f6d-a56a-f14ced7f129d/in_use.lock acquired by nodename 22372@pr-hdds-2467-gc456-181853687
2019-11-13 16:20:45,739 [pool-209-thread-1] INFO  storage.RaftStorage (RaftStorage.java:format(84)) - Storage directory /workdir/hadoop-ozone/integration-test/target/test-dir/MiniOzoneClusterImpl-3a974f43-0da0-4ff7-ab4a-31bb81b91875/datanode-6/data/ratis/d720ac78-51dc-4f6d-a56a-f14ced7f129d has been successfully formatted.
2019-11-13 16:20:45,739 [pool-169-thread-1] INFO  storage.RaftStorage (RaftStorage.java:format(84)) - Storage directory /workdir/hadoop-ozone/integration-test/target/test-dir/MiniOzoneClusterImpl-3a974f43-0da0-4ff7-ab4a-31bb81b91875/datanode-2/data/ratis/d720ac78-51dc-4f6d-a56a-f14ced7f129d has been successfully formatted.
2019-11-13 16:20:45,739 [pool-159-thread-1] INFO  storage.RaftStorage (RaftStorage.java:format(84)) - Storage directory /workdir/hadoop-ozone/integration-test/target/test-dir/MiniOzoneClusterImpl-3a974f43-0da0-4ff7-ab4a-31bb81b91875/datanode-1/data/ratis/d720ac78-51dc-4f6d-a56a-f14ced7f129d has been successfully formatted.
2019-11-13 16:20:45,740 [pool-169-thread-1] INFO  ratis.ContainerStateMachine (ContainerStateMachine.java:loadSnapshot(223)) - group-F14CED7F129D: The snapshot info is null. Setting the last applied indexto:(t:0, i:~)
2019-11-13 16:20:45,740 [pool-209-thread-1] INFO  ratis.ContainerStateMachine (ContainerStateMachine.java:loadSnapshot(223)) - group-F14CED7F129D: The snapshot info is null. Setting the last applied indexto:(t:0, i:~)
2019-11-13 16:20:45,740 [pool-169-thread-1] INFO  server.RaftServerConfigKeys (ConfUtils.java:logGet(43)) - raft.server.notification.no-leader.timeout = 120s (custom)
2019-11-13 16:20:45,740 [pool-159-thread-1] INFO  ratis.ContainerStateMachine (ContainerStateMachine.java:loadSnapshot(223)) - group-F14CED7F129D: The snapshot info is null. Setting the last applied indexto:(t:0, i:~)
2019-11-13 16:20:45,740 [pool-169-thread-1] INFO  server.RaftServerConfigKeys (ConfUtils.java:logGet(43)) - raft.server.log.use.memory = false (default)
2019-11-13 16:20:45,740 [pool-209-thread-1] INFO  server.RaftServerConfigKeys (ConfUtils.java:logGet(43)) - raft.server.notification.no-leader.timeout = 120s (custom)
2019-11-13 16:20:45,740 [pool-169-thread-1] INFO  server.RaftServerConfigKeys (ConfUtils.java:logGet(43)) - raft.server.log.purge.gap = 1000000 (custom)
2019-11-13 16:20:45,740 [pool-159-thread-1] INFO  server.RaftServerConfigKeys (ConfUtils.java:logGet(43)) - raft.server.notification.no-leader.timeout = 120s (custom)
2019-11-13 16:20:45,740 [pool-169-thread-1] INFO  server.RaftServerConfigKeys (ConfUtils.java:logGet(43)) - raft.server.log.appender.buffer.byte-limit = 33554432 (custom)
2019-11-13 16:20:45,740 [pool-209-thread-1] INFO  server.RaftServerConfigKeys (ConfUtils.java:logGet(43)) - raft.server.log.use.memory = false (default)
2019-11-13 16:20:45,741 [pool-169-thread-1] INFO  server.RaftServerConfigKeys (ConfUtils.java:logGet(43)) - raft.server.log.segment.size.max = 1048576 (custom)
2019-11-13 16:20:45,740 [pool-159-thread-1] INFO  server.RaftServerConfigKeys (ConfUtils.java:logGet(43)) - raft.server.log.use.memory = false (default)
2019-11-13 16:20:45,741 [pool-169-thread-1] INFO  server.RaftServerConfigKeys (ConfUtils.java:logGet(43)) - raft.server.log.segment.cache.num.max = 2 (custom)
2019-11-13 16:20:45,741 [pool-209-thread-1] INFO  server.RaftServerConfigKeys (ConfUtils.java:logGet(43)) - raft.server.log.purge.gap = 1000000 (custom)
2019-11-13 16:20:45,741 [pool-169-thread-1] INFO  segmented.SegmentedRaftLogWorker (SegmentedRaftLogWorker.java:<init>(173)) - new 3fa6b523-0f53-44bb-b345-f5f355eab07b@group-F14CED7F129D-SegmentedRaftLogWorker for RaftStorage:Storage Directory /workdir/hadoop-ozone/integration-test/target/test-dir/MiniOzoneClusterImpl-3a974f43-0da0-4ff7-ab4a-31bb81b91875/datanode-2/data/ratis/d720ac78-51dc-4f6d-a56a-f14ced7f129d
2019-11-13 16:20:45,741 [pool-159-thread-1] INFO  server.RaftServerConfigKeys (ConfUtils.java:logGet(43)) - raft.server.log.purge.gap = 1000000 (custom)
2019-11-13 16:20:45,741 [pool-169-thread-1] INFO  server.RaftServerConfigKeys (ConfUtils.java:logGet(43)) - raft.server.log.queue.byte-limit = 2147483647 (custom)
2019-11-13 16:20:45,741 [pool-209-thread-1] INFO  server.RaftServerConfigKeys (ConfUtils.java:logGet(43)) - raft.server.log.appender.buffer.byte-limit = 33554432 (custom)
2019-11-13 16:20:45,741 [pool-169-thread-1] INFO  server.RaftServerConfigKeys (ConfUtils.java:logGet(43)) - raft.server.log.queue.element-limit = 1024 (custom)
2019-11-13 16:20:45,741 [pool-159-thread-1] INFO  server.RaftServerConfigKeys (ConfUtils.java:logGet(43)) - raft.server.log.appender.buffer.byte-limit = 33554432 (custom)
2019-11-13 16:20:45,742 [pool-169-thread-1] INFO  server.RaftServerConfigKeys (ConfUtils.java:logGet(43)) - raft.server.log.segment.size.max = 1048576 (custom)
2019-11-13 16:20:45,742 [pool-209-thread-1] INFO  server.RaftServerConfigKeys (ConfUtils.java:logGet(43)) - raft.server.log.segment.size.max = 1048576 (custom)
2019-11-13 16:20:45,742 [pool-169-thread-1] INFO  server.RaftServerConfigKeys (ConfUtils.java:logGet(43)) - raft.server.log.preallocated.size = 16384 (custom)
2019-11-13 16:20:45,742 [pool-159-thread-1] INFO  server.RaftServerConfigKeys (ConfUtils.java:logGet(43)) - raft.server.log.segment.size.max = 1048576 (custom)
2019-11-13 16:20:45,742 [pool-169-thread-1] INFO  server.RaftServerConfigKeys (ConfUtils.java:logGet(43)) - raft.server.log.write.buffer.size = 33554432 (custom)
2019-11-13 16:20:45,742 [pool-209-thread-1] INFO  server.RaftServerConfigKeys (ConfUtils.java:logGet(43)) - raft.server.log.segment.cache.num.max = 2 (custom)
2019-11-13 16:20:45,742 [pool-169-thread-1] INFO  server.RaftServerConfigKeys (ConfUtils.java:logGet(43)) - raft.server.log.force.sync.num = 128 (default)
2019-11-13 16:20:45,742 [pool-159-thread-1] INFO  server.RaftServerConfigKeys (ConfUtils.java:logGet(43)) - raft.server.log.segment.cache.num.max = 2 (custom)
2019-11-13 16:20:45,742 [pool-169-thread-1] INFO  server.RaftServerConfigKeys (ConfUtils.java:logGet(43)) - raft.server.log.statemachine.data.sync = true (default)
2019-11-13 16:20:45,742 [pool-209-thread-1] INFO  segmented.SegmentedRaftLogWorker (SegmentedRaftLogWorker.java:<init>(173)) - new ece9b524-37b5-4407-b642-ea356430eaaa@group-F14CED7F129D-SegmentedRaftLogWorker for RaftStorage:Storage Directory /workdir/hadoop-ozone/integration-test/target/test-dir/MiniOzoneClusterImpl-3a974f43-0da0-4ff7-ab4a-31bb81b91875/datanode-6/data/ratis/d720ac78-51dc-4f6d-a56a-f14ced7f129d
2019-11-13 16:20:45,742 [pool-169-thread-1] INFO  server.RaftServerConfigKeys (ConfUtils.java:logGet(43)) - raft.server.log.statemachine.data.sync.timeout = 10s (default)
2019-11-13 16:20:45,742 [pool-159-thread-1] INFO  segmented.SegmentedRaftLogWorker (SegmentedRaftLogWorker.java:<init>(173)) - new 66a098cb-53c0-4f05-8b16-ad76b3c07384@group-F14CED7F129D-SegmentedRaftLogWorker for RaftStorage:Storage Directory /workdir/hadoop-ozone/integration-test/target/test-dir/MiniOzoneClusterImpl-3a974f43-0da0-4ff7-ab4a-31bb81b91875/datanode-1/data/ratis/d720ac78-51dc-4f6d-a56a-f14ced7f129d
2019-11-13 16:20:45,743 [pool-169-thread-1] INFO  server.RaftServerConfigKeys (ConfUtils.java:logGet(43)) - raft.server.log.statemachine.data.sync.timeout.retry = -1 (default)
2019-11-13 16:20:45,743 [pool-209-thread-1] INFO  server.RaftServerConfigKeys (ConfUtils.java:logGet(43)) - raft.server.log.queue.byte-limit = 2147483647 (custom)
2019-11-13 16:20:45,743 [pool-169-thread-1] INFO  server.RaftServerConfigKeys (ConfUtils.java:logGet(43)) - raft.server.log.statemachine.data.caching.enabled = true (custom)
2019-11-13 16:20:45,743 [pool-159-thread-1] INFO  server.RaftServerConfigKeys (ConfUtils.java:logGet(43)) - raft.server.log.queue.byte-limit = 2147483647 (custom)
2019-11-13 16:20:45,743 [pool-209-thread-1] INFO  server.RaftServerConfigKeys (ConfUtils.java:logGet(43)) - raft.server.log.queue.element-limit = 1024 (custom)
2019-11-13 16:20:45,743 [pool-169-thread-1] INFO  segmented.SegmentedRaftLogWorker (SegmentedRaftLogWorker.java:lambda$new$0(128)) - 3fa6b523-0f53-44bb-b345-f5f355eab07b@group-F14CED7F129D-SegmentedRaftLogWorker: flushIndex: setUnconditionally 0 -> -1
2019-11-13 16:20:45,743 [pool-159-thread-1] INFO  server.RaftServerConfigKeys (ConfUtils.java:logGet(43)) - raft.server.log.queue.element-limit = 1024 (custom)
2019-11-13 16:20:45,743 [pool-209-thread-1] INFO  server.RaftServerConfigKeys (ConfUtils.java:logGet(43)) - raft.server.log.segment.size.max = 1048576 (custom)
2019-11-13 16:20:45,743 [pool-159-thread-1] INFO  server.RaftServerConfigKeys (ConfUtils.java:logGet(43)) - raft.server.log.segment.size.max = 1048576 (custom)
2019-11-13 16:20:45,744 [pool-209-thread-1] INFO  server.RaftServerConfigKeys (ConfUtils.java:logGet(43)) - raft.server.log.preallocated.size = 16384 (custom)
2019-11-13 16:20:45,744 [pool-169-thread-1] INFO  server.RaftServerConfigKeys (ConfUtils.java:logGet(43)) - raft.server.snapshot.auto.trigger.enabled = true (custom)
2019-11-13 16:20:45,744 [pool-209-thread-1] INFO  server.RaftServerConfigKeys (ConfUtils.java:logGet(43)) - raft.server.log.write.buffer.size = 33554432 (custom)
2019-11-13 16:20:45,744 [pool-159-thread-1] INFO  server.RaftServerConfigKeys (ConfUtils.java:logGet(43)) - raft.server.log.preallocated.size = 16384 (custom)
2019-11-13 16:20:45,744 [pool-209-thread-1] INFO  server.RaftServerConfigKeys (ConfUtils.java:logGet(43)) - raft.server.log.force.sync.num = 128 (default)
2019-11-13 16:20:45,744 [pool-169-thread-1] INFO  server.RaftServerConfigKeys (ConfUtils.java:logGet(43)) - raft.server.snapshot.auto.trigger.threshold = 10000 (custom)
2019-11-13 16:20:45,744 [pool-209-thread-1] INFO  server.RaftServerConfigKeys (ConfUtils.java:logGet(43)) - raft.server.log.statemachine.data.sync = true (default)
2019-11-13 16:20:45,744 [pool-159-thread-1] INFO  server.RaftServerConfigKeys (ConfUtils.java:logGet(43)) - raft.server.log.write.buffer.size = 33554432 (custom)
2019-11-13 16:20:45,744 [pool-209-thread-1] INFO  server.RaftServerConfigKeys (ConfUtils.java:logGet(43)) - raft.server.log.statemachine.data.sync.timeout = 10s (default)
2019-11-13 16:20:45,744 [pool-169-thread-1] INFO  server.RaftServerConfigKeys (ConfUtils.java:logGet(43)) - raft.server.snapshot.retention.file.num = 5 (custom)
2019-11-13 16:20:45,745 [pool-209-thread-1] INFO  server.RaftServerConfigKeys (ConfUtils.java:logGet(43)) - raft.server.log.statemachine.data.sync.timeout.retry = -1 (default)
2019-11-13 16:20:45,745 [pool-159-thread-1] INFO  server.RaftServerConfigKeys (ConfUtils.java:logGet(43)) - raft.server.log.force.sync.num = 128 (default)
2019-11-13 16:20:45,745 [pool-169-thread-1] INFO  server.RaftServerConfigKeys (ConfUtils.java:logGet(43)) - raft.server.retrycache.expirytime = 600000ms (custom)
2019-11-13 16:20:45,745 [pool-209-thread-1] INFO  server.RaftServerConfigKeys (ConfUtils.java:logGet(43)) - raft.server.log.statemachine.data.caching.enabled = true (custom)
2019-11-13 16:20:45,745 [pool-159-thread-1] INFO  server.RaftServerConfigKeys (ConfUtils.java:logGet(43)) - raft.server.log.statemachine.data.sync = true (default)
2019-11-13 16:20:45,745 [pool-169-thread-1] WARN  impl.MetricRegistriesImpl (MetricRegistriesImpl.java:lambda$create$1(61)) - First MetricRegistry has been created without registering reporters. You may need to call MetricRegistries.global().addReportRegistration(...) before.
2019-11-13 16:20:45,745 [pool-209-thread-1] INFO  segmented.SegmentedRaftLogWorker (SegmentedRaftLogWorker.java:lambda$new$0(128)) - ece9b524-37b5-4407-b642-ea356430eaaa@group-F14CED7F129D-SegmentedRaftLogWorker: flushIndex: setUnconditionally 0 -> -1
2019-11-13 16:20:45,745 [pool-159-thread-1] INFO  server.RaftServerConfigKeys (ConfUtils.java:logGet(43)) - raft.server.log.statemachine.data.sync.timeout = 10s (default)
2019-11-13 16:20:45,745 [pool-169-thread-1] WARN  impl.MetricRegistriesImpl (MetricRegistriesImpl.java:lambda$create$1(61)) - First MetricRegistry has been created without registering reporters. You may need to call MetricRegistries.global().addReportRegistration(...) before.
2019-11-13 16:20:45,746 [pool-159-thread-1] INFO  server.RaftServerConfigKeys (ConfUtils.java:logGet(43)) - raft.server.log.statemachine.data.sync.timeout.retry = -1 (default)
2019-11-13 16:20:45,746 [pool-209-thread-1] INFO  server.RaftServerConfigKeys (ConfUtils.java:logGet(43)) - raft.server.snapshot.auto.trigger.enabled = true (custom)
2019-11-13 16:20:45,746 [pool-159-thread-1] INFO  server.RaftServerConfigKeys (ConfUtils.java:logGet(43)) - raft.server.log.statemachine.data.caching.enabled = true (custom)
2019-11-13 16:20:45,746 [pool-169-thread-1] INFO  impl.RaftServerImpl (RaftServerImpl.java:start(184)) - 3fa6b523-0f53-44bb-b345-f5f355eab07b@group-F14CED7F129D: start as a follower, conf=-1: [3fa6b523-0f53-44bb-b345-f5f355eab07b:192.168.69.122:39811, ece9b524-37b5-4407-b642-ea356430eaaa:192.168.69.122:40942, 66a098cb-53c0-4f05-8b16-ad76b3c07384:192.168.69.122:36855], old=null
2019-11-13 16:20:45,746 [pool-209-thread-1] INFO  server.RaftServerConfigKeys (ConfUtils.java:logGet(43)) - raft.server.snapshot.auto.trigger.threshold = 10000 (custom)
2019-11-13 16:20:45,746 [pool-169-thread-1] INFO  impl.RaftServerImpl (RaftServerImpl.java:setRole(173)) - 3fa6b523-0f53-44bb-b345-f5f355eab07b@group-F14CED7F129D: changes role from      null to FOLLOWER at term 0 for startAsFollower
2019-11-13 16:20:45,746 [pool-159-thread-1] INFO  segmented.SegmentedRaftLogWorker (SegmentedRaftLogWorker.java:lambda$new$0(128)) - 66a098cb-53c0-4f05-8b16-ad76b3c07384@group-F14CED7F129D-SegmentedRaftLogWorker: flushIndex: setUnconditionally 0 -> -1
2019-11-13 16:20:45,746 [pool-169-thread-1] INFO  impl.RoleInfo (RoleInfo.java:updateAndGet(143)) - 3fa6b523-0f53-44bb-b345-f5f355eab07b: start FollowerState
2019-11-13 16:20:45,746 [pool-209-thread-1] INFO  server.RaftServerConfigKeys (ConfUtils.java:logGet(43)) - raft.server.snapshot.retention.file.num = 5 (custom)
2019-11-13 16:20:45,746 [pool-159-thread-1] INFO  server.RaftServerConfigKeys (ConfUtils.java:logGet(43)) - raft.server.snapshot.auto.trigger.enabled = true (custom)
2019-11-13 16:20:45,747 [pool-209-thread-1] INFO  server.RaftServerConfigKeys (ConfUtils.java:logGet(43)) - raft.server.retrycache.expirytime = 600000ms (custom)
2019-11-13 16:20:45,747 [pool-159-thread-1] INFO  server.RaftServerConfigKeys (ConfUtils.java:logGet(43)) - raft.server.snapshot.auto.trigger.threshold = 10000 (custom)
2019-11-13 16:20:45,747 [pool-209-thread-1] WARN  impl.MetricRegistriesImpl (MetricRegistriesImpl.java:lambda$create$1(61)) - First MetricRegistry has been created without registering reporters. You may need to call MetricRegistries.global().addReportRegistration(...) before.
2019-11-13 16:20:45,747 [pool-169-thread-1] INFO  util.JmxRegister (JmxRegister.java:tryRegister(44)) - Successfully registered JMX Bean with object name Ratis:service=RaftServer,group=group-F14CED7F129D,id=3fa6b523-0f53-44bb-b345-f5f355eab07b
2019-11-13 16:20:45,747 [pool-209-thread-1] WARN  impl.MetricRegistriesImpl (MetricRegistriesImpl.java:lambda$create$1(61)) - First MetricRegistry has been created without registering reporters. You may need to call MetricRegistries.global().addReportRegistration(...) before.
2019-11-13 16:20:45,747 [pool-159-thread-1] INFO  server.RaftServerConfigKeys (ConfUtils.java:logGet(43)) - raft.server.snapshot.retention.file.num = 5 (custom)
2019-11-13 16:20:45,747 [pool-209-thread-1] INFO  impl.RaftServerImpl (RaftServerImpl.java:start(184)) - ece9b524-37b5-4407-b642-ea356430eaaa@group-F14CED7F129D: start as a follower, conf=-1: [3fa6b523-0f53-44bb-b345-f5f355eab07b:192.168.69.122:39811, ece9b524-37b5-4407-b642-ea356430eaaa:192.168.69.122:40942, 66a098cb-53c0-4f05-8b16-ad76b3c07384:192.168.69.122:36855], old=null
2019-11-13 16:20:45,747 [pool-169-thread-1] WARN  impl.MetricRegistriesImpl (MetricRegistriesImpl.java:lambda$create$1(61)) - First MetricRegistry has been created without registering reporters. You may need to call MetricRegistries.global().addReportRegistration(...) before.
2019-11-13 16:20:45,747 [pool-209-thread-1] INFO  impl.RaftServerImpl (RaftServerImpl.java:setRole(173)) - ece9b524-37b5-4407-b642-ea356430eaaa@group-F14CED7F129D: changes role from      null to FOLLOWER at term 0 for startAsFollower
2019-11-13 16:20:45,747 [pool-159-thread-1] INFO  server.RaftServerConfigKeys (ConfUtils.java:logGet(43)) - raft.server.retrycache.expirytime = 600000ms (custom)
2019-11-13 16:20:45,748 [pool-209-thread-1] INFO  impl.RoleInfo (RoleInfo.java:updateAndGet(143)) - ece9b524-37b5-4407-b642-ea356430eaaa: start FollowerState
2019-11-13 16:20:45,748 [pool-159-thread-1] WARN  impl.MetricRegistriesImpl (MetricRegistriesImpl.java:lambda$create$1(61)) - First MetricRegistry has been created without registering reporters. You may need to call MetricRegistries.global().addReportRegistration(...) before.
2019-11-13 16:20:45,748 [pool-159-thread-1] WARN  impl.MetricRegistriesImpl (MetricRegistriesImpl.java:lambda$create$1(61)) - First MetricRegistry has been created without registering reporters. You may need to call MetricRegistries.global().addReportRegistration(...) before.
2019-11-13 16:20:45,748 [pool-159-thread-1] INFO  impl.RaftServerImpl (RaftServerImpl.java:start(184)) - 66a098cb-53c0-4f05-8b16-ad76b3c07384@group-F14CED7F129D: start as a follower, conf=-1: [3fa6b523-0f53-44bb-b345-f5f355eab07b:192.168.69.122:39811, ece9b524-37b5-4407-b642-ea356430eaaa:192.168.69.122:40942, 66a098cb-53c0-4f05-8b16-ad76b3c07384:192.168.69.122:36855], old=null
2019-11-13 16:20:45,748 [pool-209-thread-1] INFO  util.JmxRegister (JmxRegister.java:tryRegister(44)) - Successfully registered JMX Bean with object name Ratis:service=RaftServer,group=group-F14CED7F129D,id=ece9b524-37b5-4407-b642-ea356430eaaa
2019-11-13 16:20:45,748 [pool-159-thread-1] INFO  impl.RaftServerImpl (RaftServerImpl.java:setRole(173)) - 66a098cb-53c0-4f05-8b16-ad76b3c07384@group-F14CED7F129D: changes role from      null to FOLLOWER at term 0 for startAsFollower
2019-11-13 16:20:45,748 [pool-209-thread-1] WARN  impl.MetricRegistriesImpl (MetricRegistriesImpl.java:lambda$create$1(61)) - First MetricRegistry has been created without registering reporters. You may need to call MetricRegistries.global().addReportRegistration(...) before.
2019-11-13 16:20:45,748 [pool-159-thread-1] INFO  impl.RoleInfo (RoleInfo.java:updateAndGet(143)) - 66a098cb-53c0-4f05-8b16-ad76b3c07384: start FollowerState
2019-11-13 16:20:45,749 [pool-159-thread-1] INFO  util.JmxRegister (JmxRegister.java:tryRegister(44)) - Successfully registered JMX Bean with object name Ratis:service=RaftServer,group=group-F14CED7F129D,id=66a098cb-53c0-4f05-8b16-ad76b3c07384
2019-11-13 16:20:45,749 [pool-159-thread-1] WARN  impl.MetricRegistriesImpl (MetricRegistriesImpl.java:lambda$create$1(61)) - First MetricRegistry has been created without registering reporters. You may need to call MetricRegistries.global().addReportRegistration(...) before.
2019-11-13 16:20:45,752 [RatisPipelineUtilsThread] INFO  pipeline.PipelineStateManager (PipelineStateManager.java:addPipeline(55)) - Created pipeline Pipeline[ Id: d720ac78-51dc-4f6d-a56a-f14ced7f129d, Nodes: ece9b524-37b5-4407-b642-ea356430eaaa{ip: 192.168.69.122, host: pr-hdds-2467-gc456-181853687, networkLocation: /rack1, certSerialId: null}66a098cb-53c0-4f05-8b16-ad76b3c07384{ip: 192.168.69.122, host: pr-hdds-2467-gc456-181853687, networkLocation: /rack1, certSerialId: null}3fa6b523-0f53-44bb-b345-f5f355eab07b{ip: 192.168.69.122, host: pr-hdds-2467-gc456-181853687, networkLocation: /rack1, certSerialId: null}, Type:RATIS, Factor:THREE, State:ALLOCATED]
2019-11-13 16:20:45,753 [Thread-1313] INFO  pipeline.PipelineStateManager (PipelineStateManager.java:finalizePipeline(121)) - Pipeline Pipeline[ Id: b7e83a83-f549-4bce-a1cc-f02a743d6624, Nodes: 51f65b1e-ef83-4984-94ab-4ebc9e8c8658{ip: 192.168.69.122, host: pr-hdds-2467-gc456-181853687, networkLocation: /rack1, certSerialId: null}, Type:RATIS, Factor:ONE, State:CLOSED] moved to CLOSED state
2019-11-13 16:20:45,757 [grpc-default-executor-5] INFO  impl.RaftServerProxy (RaftServerProxy.java:remove(95)) - 51f65b1e-ef83-4984-94ab-4ebc9e8c8658: remove    LEADER 51f65b1e-ef83-4984-94ab-4ebc9e8c8658@group-F02A743D6624:t1, leader=51f65b1e-ef83-4984-94ab-4ebc9e8c8658, voted=51f65b1e-ef83-4984-94ab-4ebc9e8c8658, raftlog=51f65b1e-ef83-4984-94ab-4ebc9e8c8658@group-F02A743D6624-SegmentedRaftLog:OPENED:c0,f0,i0, conf=0: [51f65b1e-ef83-4984-94ab-4ebc9e8c8658:192.168.69.122:36414], old=null RUNNING
2019-11-13 16:20:45,757 [grpc-default-executor-5] INFO  impl.RaftServerImpl (RaftServerImpl.java:lambda$shutdown$3(250)) - 51f65b1e-ef83-4984-94ab-4ebc9e8c8658@group-F02A743D6624: shutdown
2019-11-13 16:20:45,757 [grpc-default-executor-5] INFO  util.JmxRegister (JmxRegister.java:unregister(73)) - Successfully un-registered JMX Bean with object name Ratis:service=RaftServer,group=group-F02A743D6624,id=51f65b1e-ef83-4984-94ab-4ebc9e8c8658
2019-11-13 16:20:45,757 [grpc-default-executor-5] INFO  impl.RoleInfo (RoleInfo.java:shutdownLeaderState(104)) - 51f65b1e-ef83-4984-94ab-4ebc9e8c8658: shutdown LeaderState
2019-11-13 16:20:45,757 [grpc-default-executor-5] INFO  impl.PendingRequests (PendingRequests.java:sendNotLeaderResponses(206)) - 51f65b1e-ef83-4984-94ab-4ebc9e8c8658@group-F02A743D6624-PendingRequests: sendNotLeaderResponses
2019-11-13 16:20:45,757 [grpc-default-executor-5] INFO  impl.StateMachineUpdater (StateMachineUpdater.java:stopAndJoin(136)) - 51f65b1e-ef83-4984-94ab-4ebc9e8c8658@group-F02A743D6624-StateMachineUpdater: set stopIndex = 0
2019-11-13 16:20:45,758 [grpc-default-executor-5] INFO  impl.RaftServerImpl (ServerState.java:close(387)) - 51f65b1e-ef83-4984-94ab-4ebc9e8c8658@group-F02A743D6624: closes. applyIndex: 0
2019-11-13 16:20:45,758 [51f65b1e-ef83-4984-94ab-4ebc9e8c8658@group-F02A743D6624-SegmentedRaftLogWorker] INFO  segmented.SegmentedRaftLogWorker (SegmentedRaftLogWorker.java:run(316)) - 51f65b1e-ef83-4984-94ab-4ebc9e8c8658@group-F02A743D6624-SegmentedRaftLogWorker was interrupted, exiting. There are 0 tasks remaining in the queue.
2019-11-13 16:20:45,758 [grpc-default-executor-5] INFO  segmented.SegmentedRaftLogWorker (SegmentedRaftLogWorker.java:close(224)) - 51f65b1e-ef83-4984-94ab-4ebc9e8c8658@group-F02A743D6624-SegmentedRaftLogWorker close()
2019-11-13 16:20:45,765 [Thread-1313] INFO  pipeline.PipelineStateManager (PipelineStateManager.java:removePipeline(106)) - Pipeline Pipeline[ Id: b7e83a83-f549-4bce-a1cc-f02a743d6624, Nodes: 51f65b1e-ef83-4984-94ab-4ebc9e8c8658{ip: 192.168.69.122, host: pr-hdds-2467-gc456-181853687, networkLocation: /rack1, certSerialId: null}, Type:RATIS, Factor:ONE, State:CLOSED] removed from db
2019-11-13 16:20:45,765 [Thread-1313] INFO  pipeline.SCMPipelineManager (SCMPipelineManager.java:finalizeAndDestroyPipeline(315)) - destroying pipeline:Pipeline[ Id: bbe86c99-5f15-4736-9110-e7641ebfbd80, Nodes: 23e196cf-bea2-4a46-b492-74457a62baf8{ip: 192.168.69.122, host: pr-hdds-2467-gc456-181853687, networkLocation: /rack1, certSerialId: null}, Type:RATIS, Factor:ONE, State:OPEN]
2019-11-13 16:20:45,771 [grpc-default-executor-5] INFO  impl.RaftServerProxy (RaftServerProxy.java:addNew(89)) - 51f65b1e-ef83-4984-94ab-4ebc9e8c8658: addNew group-9CB8741D52F8:[51f65b1e-ef83-4984-94ab-4ebc9e8c8658:192.168.69.122:36414] returns group-9CB8741D52F8:java.util.concurrent.CompletableFuture@10e221f9[Not completed]
2019-11-13 16:20:45,773 [pool-239-thread-1] INFO  impl.RaftServerImpl (RaftServerImpl.java:<init>(98)) - 51f65b1e-ef83-4984-94ab-4ebc9e8c8658: new RaftServerImpl for group-9CB8741D52F8:[51f65b1e-ef83-4984-94ab-4ebc9e8c8658:192.168.69.122:36414] with ContainerStateMachine:uninitialized
2019-11-13 16:20:45,773 [pool-239-thread-1] INFO  server.RaftServerConfigKeys (ConfUtils.java:logGet(43)) - raft.server.rpc.timeout.min = 1s (custom)
2019-11-13 16:20:45,773 [pool-239-thread-1] INFO  server.RaftServerConfigKeys (ConfUtils.java:logGet(43)) - raft.server.rpc.timeout.max = 1200ms (custom)
2019-11-13 16:20:45,773 [pool-239-thread-1] INFO  server.RaftServerConfigKeys (ConfUtils.java:logGet(43)) - raft.server.rpcslowness.timeout = 120s (custom)
2019-11-13 16:20:45,773 [pool-239-thread-1] INFO  server.RaftServerConfigKeys (ConfUtils.java:logGet(43)) - raft.server.sleep.deviation.threshold = 300 (default)
2019-11-13 16:20:45,774 [pool-239-thread-1] INFO  server.RaftServerConfigKeys (ConfUtils.java:logGet(43)) - raft.server.log.appender.install.snapshot.enabled = false (custom)
2019-11-13 16:20:45,774 [pool-239-thread-1] INFO  impl.RaftServerImpl (ServerState.java:<init>(103)) - 51f65b1e-ef83-4984-94ab-4ebc9e8c8658@group-9CB8741D52F8: ConfigurationManager, init=-1: [51f65b1e-ef83-4984-94ab-4ebc9e8c8658:192.168.69.122:36414], old=null, confs=<EMPTY_MAP>
2019-11-13 16:20:45,774 [pool-239-thread-1] INFO  server.RaftServerConfigKeys (ConfUtils.java:logGet(43)) - raft.server.storage.dir = [/workdir/hadoop-ozone/integration-test/target/test-dir/MiniOzoneClusterImpl-3a974f43-0da0-4ff7-ab4a-31bb81b91875/datanode-9/data/ratis] (custom)
2019-11-13 16:20:45,774 [pool-239-thread-1] INFO  server.RaftServerConfigKeys (ConfUtils.java:logGet(43)) - raft.server.log.corruption.policy = EXCEPTION (default)
2019-11-13 16:20:45,774 [pool-239-thread-1] INFO  storage.RaftStorageDirectory (RaftStorageDirectory.java:analyzeStorage(246)) - The storage directory /workdir/hadoop-ozone/integration-test/target/test-dir/MiniOzoneClusterImpl-3a974f43-0da0-4ff7-ab4a-31bb81b91875/datanode-9/data/ratis/de30e078-7508-49e4-930f-9cb8741d52f8 does not exist. Creating ...
2019-11-13 16:20:45,798 [pool-239-thread-1] INFO  storage.RaftStorageDirectory (RaftStorageDirectory.java:tryLock(328)) - Lock on /workdir/hadoop-ozone/integration-test/target/test-dir/MiniOzoneClusterImpl-3a974f43-0da0-4ff7-ab4a-31bb81b91875/datanode-9/data/ratis/de30e078-7508-49e4-930f-9cb8741d52f8/in_use.lock acquired by nodename 22372@pr-hdds-2467-gc456-181853687
2019-11-13 16:20:45,823 [pool-239-thread-1] INFO  storage.RaftStorage (RaftStorage.java:format(84)) - Storage directory /workdir/hadoop-ozone/integration-test/target/test-dir/MiniOzoneClusterImpl-3a974f43-0da0-4ff7-ab4a-31bb81b91875/datanode-9/data/ratis/de30e078-7508-49e4-930f-9cb8741d52f8 has been successfully formatted.
2019-11-13 16:20:45,824 [pool-239-thread-1] INFO  ratis.ContainerStateMachine (ContainerStateMachine.java:loadSnapshot(223)) - group-9CB8741D52F8: The snapshot info is null. Setting the last applied indexto:(t:0, i:~)
2019-11-13 16:20:45,824 [pool-239-thread-1] INFO  server.RaftServerConfigKeys (ConfUtils.java:logGet(43)) - raft.server.notification.no-leader.timeout = 120s (custom)
2019-11-13 16:20:45,824 [pool-239-thread-1] INFO  server.RaftServerConfigKeys (ConfUtils.java:logGet(43)) - raft.server.log.use.memory = false (default)
2019-11-13 16:20:45,824 [pool-239-thread-1] INFO  server.RaftServerConfigKeys (ConfUtils.java:logGet(43)) - raft.server.log.purge.gap = 1000000 (custom)
2019-11-13 16:20:45,824 [pool-239-thread-1] INFO  server.RaftServerConfigKeys (ConfUtils.java:logGet(43)) - raft.server.log.appender.buffer.byte-limit = 33554432 (custom)
2019-11-13 16:20:45,824 [pool-239-thread-1] INFO  server.RaftServerConfigKeys (ConfUtils.java:logGet(43)) - raft.server.log.segment.size.max = 1048576 (custom)
2019-11-13 16:20:45,824 [pool-239-thread-1] INFO  server.RaftServerConfigKeys (ConfUtils.java:logGet(43)) - raft.server.log.segment.cache.num.max = 2 (custom)
2019-11-13 16:20:45,824 [pool-239-thread-1] INFO  segmented.SegmentedRaftLogWorker (SegmentedRaftLogWorker.java:<init>(173)) - new 51f65b1e-ef83-4984-94ab-4ebc9e8c8658@group-9CB8741D52F8-SegmentedRaftLogWorker for RaftStorage:Storage Directory /workdir/hadoop-ozone/integration-test/target/test-dir/MiniOzoneClusterImpl-3a974f43-0da0-4ff7-ab4a-31bb81b91875/datanode-9/data/ratis/de30e078-7508-49e4-930f-9cb8741d52f8
2019-11-13 16:20:45,824 [pool-239-thread-1] INFO  server.RaftServerConfigKeys (ConfUtils.java:logGet(43)) - raft.server.log.queue.byte-limit = 2147483647 (custom)
2019-11-13 16:20:45,825 [pool-239-thread-1] INFO  server.RaftServerConfigKeys (ConfUtils.java:logGet(43)) - raft.server.log.queue.element-limit = 1024 (custom)
2019-11-13 16:20:45,825 [pool-239-thread-1] INFO  server.RaftServerConfigKeys (ConfUtils.java:logGet(43)) - raft.server.log.segment.size.max = 1048576 (custom)
2019-11-13 16:20:45,825 [pool-239-thread-1] INFO  server.RaftServerConfigKeys (ConfUtils.java:logGet(43)) - raft.server.log.preallocated.size = 16384 (custom)
2019-11-13 16:20:45,825 [pool-239-thread-1] INFO  server.RaftServerConfigKeys (ConfUtils.java:logGet(43)) - raft.server.log.write.buffer.size = 33554432 (custom)
2019-11-13 16:20:45,825 [pool-239-thread-1] INFO  server.RaftServerConfigKeys (ConfUtils.java:logGet(43)) - raft.server.log.force.sync.num = 128 (default)
2019-11-13 16:20:45,825 [pool-239-thread-1] INFO  server.RaftServerConfigKeys (ConfUtils.java:logGet(43)) - raft.server.log.statemachine.data.sync = true (default)
2019-11-13 16:20:45,825 [pool-239-thread-1] INFO  server.RaftServerConfigKeys (ConfUtils.java:logGet(43)) - raft.server.log.statemachine.data.sync.timeout = 10s (default)
2019-11-13 16:20:45,825 [pool-239-thread-1] INFO  server.RaftServerConfigKeys (ConfUtils.java:logGet(43)) - raft.server.log.statemachine.data.sync.timeout.retry = -1 (default)
2019-11-13 16:20:45,825 [pool-239-thread-1] INFO  server.RaftServerConfigKeys (ConfUtils.java:logGet(43)) - raft.server.log.statemachine.data.caching.enabled = true (custom)
2019-11-13 16:20:45,825 [pool-239-thread-1] INFO  segmented.SegmentedRaftLogWorker (SegmentedRaftLogWorker.java:lambda$new$0(128)) - 51f65b1e-ef83-4984-94ab-4ebc9e8c8658@group-9CB8741D52F8-SegmentedRaftLogWorker: flushIndex: setUnconditionally 0 -> -1
2019-11-13 16:20:45,826 [pool-239-thread-1] INFO  server.RaftServerConfigKeys (ConfUtils.java:logGet(43)) - raft.server.snapshot.auto.trigger.enabled = true (custom)
2019-11-13 16:20:45,826 [pool-239-thread-1] INFO  server.RaftServerConfigKeys (ConfUtils.java:logGet(43)) - raft.server.snapshot.auto.trigger.threshold = 10000 (custom)
2019-11-13 16:20:45,826 [pool-239-thread-1] INFO  server.RaftServerConfigKeys (ConfUtils.java:logGet(43)) - raft.server.snapshot.retention.file.num = 5 (custom)
2019-11-13 16:20:45,826 [pool-239-thread-1] INFO  server.RaftServerConfigKeys (ConfUtils.java:logGet(43)) - raft.server.retrycache.expirytime = 600000ms (custom)
2019-11-13 16:20:45,826 [pool-239-thread-1] WARN  impl.MetricRegistriesImpl (MetricRegistriesImpl.java:lambda$create$1(61)) - First MetricRegistry has been created without registering reporters. You may need to call MetricRegistries.global().addReportRegistration(...) before.
2019-11-13 16:20:45,826 [pool-239-thread-1] WARN  impl.MetricRegistriesImpl (MetricRegistriesImpl.java:lambda$create$1(61)) - First MetricRegistry has been created without registering reporters. You may need to call MetricRegistries.global().addReportRegistration(...) before.
2019-11-13 16:20:45,826 [pool-239-thread-1] INFO  impl.RaftServerImpl (RaftServerImpl.java:start(184)) - 51f65b1e-ef83-4984-94ab-4ebc9e8c8658@group-9CB8741D52F8: start as a follower, conf=-1: [51f65b1e-ef83-4984-94ab-4ebc9e8c8658:192.168.69.122:36414], old=null
2019-11-13 16:20:45,826 [pool-239-thread-1] INFO  impl.RaftServerImpl (RaftServerImpl.java:setRole(173)) - 51f65b1e-ef83-4984-94ab-4ebc9e8c8658@group-9CB8741D52F8: changes role from      null to FOLLOWER at term 0 for startAsFollower
2019-11-13 16:20:45,827 [pool-239-thread-1] INFO  impl.RoleInfo (RoleInfo.java:updateAndGet(143)) - 51f65b1e-ef83-4984-94ab-4ebc9e8c8658: start FollowerState
2019-11-13 16:20:45,827 [pool-239-thread-1] INFO  util.JmxRegister (JmxRegister.java:tryRegister(44)) - Successfully registered JMX Bean with object name Ratis:service=RaftServer,group=group-9CB8741D52F8,id=51f65b1e-ef83-4984-94ab-4ebc9e8c8658
2019-11-13 16:20:45,827 [pool-239-thread-1] WARN  impl.MetricRegistriesImpl (MetricRegistriesImpl.java:lambda$create$1(61)) - First MetricRegistry has been created without registering reporters. You may need to call MetricRegistries.global().addReportRegistration(...) before.
2019-11-13 16:20:45,830 [RatisPipelineUtilsThread] INFO  pipeline.PipelineStateManager (PipelineStateManager.java:addPipeline(55)) - Created pipeline Pipeline[ Id: de30e078-7508-49e4-930f-9cb8741d52f8, Nodes: 51f65b1e-ef83-4984-94ab-4ebc9e8c8658{ip: 192.168.69.122, host: pr-hdds-2467-gc456-181853687, networkLocation: /rack1, certSerialId: null}, Type:RATIS, Factor:ONE, State:ALLOCATED]
2019-11-13 16:20:45,830 [Thread-1313] INFO  pipeline.PipelineStateManager (PipelineStateManager.java:finalizePipeline(121)) - Pipeline Pipeline[ Id: bbe86c99-5f15-4736-9110-e7641ebfbd80, Nodes: 23e196cf-bea2-4a46-b492-74457a62baf8{ip: 192.168.69.122, host: pr-hdds-2467-gc456-181853687, networkLocation: /rack1, certSerialId: null}, Type:RATIS, Factor:ONE, State:CLOSED] moved to CLOSED state
2019-11-13 16:20:45,834 [grpc-default-executor-5] INFO  impl.RaftServerProxy (RaftServerProxy.java:remove(95)) - 23e196cf-bea2-4a46-b492-74457a62baf8: remove    LEADER 23e196cf-bea2-4a46-b492-74457a62baf8@group-E7641EBFBD80:t1, leader=23e196cf-bea2-4a46-b492-74457a62baf8, voted=23e196cf-bea2-4a46-b492-74457a62baf8, raftlog=23e196cf-bea2-4a46-b492-74457a62baf8@group-E7641EBFBD80-SegmentedRaftLog:OPENED:c0,f0,i0, conf=0: [23e196cf-bea2-4a46-b492-74457a62baf8:192.168.69.122:43821], old=null RUNNING
2019-11-13 16:20:45,834 [grpc-default-executor-5] INFO  impl.RaftServerImpl (RaftServerImpl.java:lambda$shutdown$3(250)) - 23e196cf-bea2-4a46-b492-74457a62baf8@group-E7641EBFBD80: shutdown
2019-11-13 16:20:45,834 [grpc-default-executor-5] INFO  util.JmxRegister (JmxRegister.java:unregister(73)) - Successfully un-registered JMX Bean with object name Ratis:service=RaftServer,group=group-E7641EBFBD80,id=23e196cf-bea2-4a46-b492-74457a62baf8
2019-11-13 16:20:45,834 [grpc-default-executor-5] INFO  impl.RoleInfo (RoleInfo.java:shutdownLeaderState(104)) - 23e196cf-bea2-4a46-b492-74457a62baf8: shutdown LeaderState
2019-11-13 16:20:45,835 [grpc-default-executor-5] INFO  impl.PendingRequests (PendingRequests.java:sendNotLeaderResponses(206)) - 23e196cf-bea2-4a46-b492-74457a62baf8@group-E7641EBFBD80-PendingRequests: sendNotLeaderResponses
2019-11-13 16:20:45,835 [grpc-default-executor-5] INFO  impl.StateMachineUpdater (StateMachineUpdater.java:stopAndJoin(136)) - 23e196cf-bea2-4a46-b492-74457a62baf8@group-E7641EBFBD80-StateMachineUpdater: set stopIndex = 0
2019-11-13 16:20:45,835 [grpc-default-executor-5] INFO  impl.RaftServerImpl (ServerState.java:close(387)) - 23e196cf-bea2-4a46-b492-74457a62baf8@group-E7641EBFBD80: closes. applyIndex: 0
2019-11-13 16:20:45,835 [23e196cf-bea2-4a46-b492-74457a62baf8@group-E7641EBFBD80-SegmentedRaftLogWorker] INFO  segmented.SegmentedRaftLogWorker (SegmentedRaftLogWorker.java:run(316)) - 23e196cf-bea2-4a46-b492-74457a62baf8@group-E7641EBFBD80-SegmentedRaftLogWorker was interrupted, exiting. There are 0 tasks remaining in the queue.
2019-11-13 16:20:45,835 [grpc-default-executor-5] INFO  segmented.SegmentedRaftLogWorker (SegmentedRaftLogWorker.java:close(224)) - 23e196cf-bea2-4a46-b492-74457a62baf8@group-E7641EBFBD80-SegmentedRaftLogWorker close()
2019-11-13 16:20:45,839 [Thread-1446] INFO  impl.FollowerState (FollowerState.java:run(111)) - 0d99dfee-4670-49f5-9a57-a4288445f0bf@group-A732F62A02C9-FollowerState: change to CANDIDATE, lastRpcTime:1137ms, electionTimeout:1137ms
2019-11-13 16:20:45,839 [Thread-1446] INFO  impl.RoleInfo (RoleInfo.java:shutdownFollowerState(121)) - 0d99dfee-4670-49f5-9a57-a4288445f0bf: shutdown FollowerState
2019-11-13 16:20:45,839 [Thread-1446] INFO  impl.RaftServerImpl (RaftServerImpl.java:setRole(173)) - 0d99dfee-4670-49f5-9a57-a4288445f0bf@group-A732F62A02C9: changes role from  FOLLOWER to CANDIDATE at term 0 for changeToCandidate
2019-11-13 16:20:45,839 [Thread-1446] INFO  impl.RoleInfo (RoleInfo.java:updateAndGet(143)) - 0d99dfee-4670-49f5-9a57-a4288445f0bf: start LeaderElection
2019-11-13 16:20:45,851 [Thread-1313] INFO  pipeline.PipelineStateManager (PipelineStateManager.java:removePipeline(106)) - Pipeline Pipeline[ Id: bbe86c99-5f15-4736-9110-e7641ebfbd80, Nodes: 23e196cf-bea2-4a46-b492-74457a62baf8{ip: 192.168.69.122, host: pr-hdds-2467-gc456-181853687, networkLocation: /rack1, certSerialId: null}, Type:RATIS, Factor:ONE, State:CLOSED] removed from db
2019-11-13 16:20:45,851 [Thread-1313] INFO  pipeline.SCMPipelineManager (SCMPipelineManager.java:finalizeAndDestroyPipeline(315)) - destroying pipeline:Pipeline[ Id: 0be7bec2-a286-4437-bb5b-3f70be9635d3, Nodes: d45a2df2-8f38-43ec-9df7-e5c52ac58263{ip: 192.168.69.122, host: pr-hdds-2467-gc456-181853687, networkLocation: /rack1, certSerialId: null}, Type:RATIS, Factor:ONE, State:OPEN]
2019-11-13 16:20:45,855 [grpc-default-executor-5] INFO  impl.RaftServerProxy (RaftServerProxy.java:addNew(89)) - 23e196cf-bea2-4a46-b492-74457a62baf8: addNew group-FA4B888DC38F:[23e196cf-bea2-4a46-b492-74457a62baf8:192.168.69.122:43821] returns group-FA4B888DC38F:java.util.concurrent.CompletableFuture@dc81fce[Not completed]
2019-11-13 16:20:45,856 [pool-189-thread-1] INFO  impl.RaftServerImpl (RaftServerImpl.java:<init>(98)) - 23e196cf-bea2-4a46-b492-74457a62baf8: new RaftServerImpl for group-FA4B888DC38F:[23e196cf-bea2-4a46-b492-74457a62baf8:192.168.69.122:43821] with ContainerStateMachine:uninitialized
2019-11-13 16:20:45,856 [pool-189-thread-1] INFO  server.RaftServerConfigKeys (ConfUtils.java:logGet(43)) - raft.server.rpc.timeout.min = 1s (custom)
2019-11-13 16:20:45,856 [pool-189-thread-1] INFO  server.RaftServerConfigKeys (ConfUtils.java:logGet(43)) - raft.server.rpc.timeout.max = 1200ms (custom)
2019-11-13 16:20:45,856 [pool-189-thread-1] INFO  server.RaftServerConfigKeys (ConfUtils.java:logGet(43)) - raft.server.rpcslowness.timeout = 120s (custom)
2019-11-13 16:20:45,857 [pool-189-thread-1] INFO  server.RaftServerConfigKeys (ConfUtils.java:logGet(43)) - raft.server.sleep.deviation.threshold = 300 (default)
2019-11-13 16:20:45,857 [pool-189-thread-1] INFO  server.RaftServerConfigKeys (ConfUtils.java:logGet(43)) - raft.server.log.appender.install.snapshot.enabled = false (custom)
2019-11-13 16:20:45,857 [pool-189-thread-1] INFO  impl.RaftServerImpl (ServerState.java:<init>(103)) - 23e196cf-bea2-4a46-b492-74457a62baf8@group-FA4B888DC38F: ConfigurationManager, init=-1: [23e196cf-bea2-4a46-b492-74457a62baf8:192.168.69.122:43821], old=null, confs=<EMPTY_MAP>
2019-11-13 16:20:45,857 [pool-189-thread-1] INFO  server.RaftServerConfigKeys (ConfUtils.java:logGet(43)) - raft.server.storage.dir = [/workdir/hadoop-ozone/integration-test/target/test-dir/MiniOzoneClusterImpl-3a974f43-0da0-4ff7-ab4a-31bb81b91875/datanode-4/data/ratis] (custom)
2019-11-13 16:20:45,857 [pool-189-thread-1] INFO  server.RaftServerConfigKeys (ConfUtils.java:logGet(43)) - raft.server.log.corruption.policy = EXCEPTION (default)
2019-11-13 16:20:45,857 [pool-189-thread-1] INFO  storage.RaftStorageDirectory (RaftStorageDirectory.java:analyzeStorage(246)) - The storage directory /workdir/hadoop-ozone/integration-test/target/test-dir/MiniOzoneClusterImpl-3a974f43-0da0-4ff7-ab4a-31bb81b91875/datanode-4/data/ratis/1038c176-22d4-4799-a03b-fa4b888dc38f does not exist. Creating ...
2019-11-13 16:20:45,861 [Thread-1464] INFO  impl.FollowerState (FollowerState.java:run(111)) - d45a2df2-8f38-43ec-9df7-e5c52ac58263@group-8F7AB9145989-FollowerState: change to CANDIDATE, lastRpcTime:1008ms, electionTimeout:1008ms
2019-11-13 16:20:45,861 [Thread-1464] INFO  impl.RoleInfo (RoleInfo.java:shutdownFollowerState(121)) - d45a2df2-8f38-43ec-9df7-e5c52ac58263: shutdown FollowerState
2019-11-13 16:20:45,861 [Thread-1464] INFO  impl.RaftServerImpl (RaftServerImpl.java:setRole(173)) - d45a2df2-8f38-43ec-9df7-e5c52ac58263@group-8F7AB9145989: changes role from  FOLLOWER to CANDIDATE at term 0 for changeToCandidate
2019-11-13 16:20:45,861 [Thread-1464] INFO  impl.RoleInfo (RoleInfo.java:updateAndGet(143)) - d45a2df2-8f38-43ec-9df7-e5c52ac58263: start LeaderElection
2019-11-13 16:20:45,874 [pool-189-thread-1] INFO  storage.RaftStorageDirectory (RaftStorageDirectory.java:tryLock(328)) - Lock on /workdir/hadoop-ozone/integration-test/target/test-dir/MiniOzoneClusterImpl-3a974f43-0da0-4ff7-ab4a-31bb81b91875/datanode-4/data/ratis/1038c176-22d4-4799-a03b-fa4b888dc38f/in_use.lock acquired by nodename 22372@pr-hdds-2467-gc456-181853687
2019-11-13 16:20:45,874 [0d99dfee-4670-49f5-9a57-a4288445f0bf@group-A732F62A02C9-LeaderElection82] INFO  impl.LeaderElection (LeaderElection.java:askForVotes(178)) - 0d99dfee-4670-49f5-9a57-a4288445f0bf@group-A732F62A02C9-LeaderElection82: begin an election at term 1 for -1: [0d99dfee-4670-49f5-9a57-a4288445f0bf:192.168.69.122:44563], old=null
2019-11-13 16:20:45,874 [0d99dfee-4670-49f5-9a57-a4288445f0bf@group-A732F62A02C9-LeaderElection82] INFO  impl.RoleInfo (RoleInfo.java:shutdownLeaderElection(134)) - 0d99dfee-4670-49f5-9a57-a4288445f0bf: shutdown LeaderElection
2019-11-13 16:20:45,874 [0d99dfee-4670-49f5-9a57-a4288445f0bf@group-A732F62A02C9-LeaderElection82] INFO  impl.RaftServerImpl (RaftServerImpl.java:setRole(173)) - 0d99dfee-4670-49f5-9a57-a4288445f0bf@group-A732F62A02C9: changes role from CANDIDATE to LEADER at term 1 for changeToLeader
2019-11-13 16:20:45,874 [0d99dfee-4670-49f5-9a57-a4288445f0bf@group-A732F62A02C9-LeaderElection82] INFO  ratis.XceiverServerRatis (XceiverServerRatis.java:handleLeaderChangedNotification(697)) - Leader change notification received for group: group-A732F62A02C9 with new leaderId: 0d99dfee-4670-49f5-9a57-a4288445f0bf
2019-11-13 16:20:45,875 [0d99dfee-4670-49f5-9a57-a4288445f0bf@group-A732F62A02C9-LeaderElection82] INFO  impl.RaftServerImpl (ServerState.java:setLeader(255)) - 0d99dfee-4670-49f5-9a57-a4288445f0bf@group-A732F62A02C9: change Leader from null to 0d99dfee-4670-49f5-9a57-a4288445f0bf at term 1 for becomeLeader, leader elected after 1176ms
2019-11-13 16:20:45,875 [0d99dfee-4670-49f5-9a57-a4288445f0bf@group-A732F62A02C9-LeaderElection82] INFO  server.RaftServerConfigKeys (ConfUtils.java:logGet(43)) - raft.server.staging.catchup.gap = 1000 (default)
2019-11-13 16:20:45,875 [0d99dfee-4670-49f5-9a57-a4288445f0bf@group-A732F62A02C9-LeaderElection82] INFO  server.RaftServerConfigKeys (ConfUtils.java:logGet(43)) - raft.server.rpc.sleep.time = 25ms (default)
2019-11-13 16:20:45,875 [0d99dfee-4670-49f5-9a57-a4288445f0bf@group-A732F62A02C9-LeaderElection82] INFO  server.RaftServerConfigKeys (ConfUtils.java:logGet(43)) - raft.server.write.element-limit = 4096 (default)
2019-11-13 16:20:45,875 [0d99dfee-4670-49f5-9a57-a4288445f0bf@group-A732F62A02C9-LeaderElection82] INFO  server.RaftServerConfigKeys (ConfUtils.java:logGet(43)) - raft.server.watch.timeout = 10s (default)
2019-11-13 16:20:45,875 [0d99dfee-4670-49f5-9a57-a4288445f0bf@group-A732F62A02C9-LeaderElection82] INFO  server.RaftServerConfigKeys (ConfUtils.java:logGet(43)) - raft.server.watch.timeout.denomination = 1s (default)
2019-11-13 16:20:45,875 [0d99dfee-4670-49f5-9a57-a4288445f0bf@group-A732F62A02C9-LeaderElection82] INFO  server.RaftServerConfigKeys (ConfUtils.java:logGet(43)) - raft.server.watch.element-limit = 65536 (default)
2019-11-13 16:20:45,875 [0d99dfee-4670-49f5-9a57-a4288445f0bf@group-A732F62A02C9-LeaderElection82] INFO  impl.RoleInfo (RoleInfo.java:updateAndGet(143)) - 0d99dfee-4670-49f5-9a57-a4288445f0bf: start LeaderState
2019-11-13 16:20:45,875 [0d99dfee-4670-49f5-9a57-a4288445f0bf@group-A732F62A02C9-LeaderElection82] INFO  segmented.SegmentedRaftLogWorker (SegmentedRaftLogWorker.java:startLogSegment(385)) - 0d99dfee-4670-49f5-9a57-a4288445f0bf@group-A732F62A02C9-SegmentedRaftLogWorker: Starting segment from index:0
2019-11-13 16:20:45,876 [0d99dfee-4670-49f5-9a57-a4288445f0bf@group-A732F62A02C9-LeaderElection82] INFO  impl.RaftServerImpl (ServerState.java:setRaftConf(356)) - 0d99dfee-4670-49f5-9a57-a4288445f0bf@group-A732F62A02C9: set configuration 0: [0d99dfee-4670-49f5-9a57-a4288445f0bf:192.168.69.122:44563], old=null at 0
2019-11-13 16:20:45,891 [pool-189-thread-1] INFO  storage.RaftStorage (RaftStorage.java:format(84)) - Storage directory /workdir/hadoop-ozone/integration-test/target/test-dir/MiniOzoneClusterImpl-3a974f43-0da0-4ff7-ab4a-31bb81b91875/datanode-4/data/ratis/1038c176-22d4-4799-a03b-fa4b888dc38f has been successfully formatted.
2019-11-13 16:20:45,891 [d45a2df2-8f38-43ec-9df7-e5c52ac58263@group-8F7AB9145989-LeaderElection83] INFO  impl.LeaderElection (LeaderElection.java:askForVotes(178)) - d45a2df2-8f38-43ec-9df7-e5c52ac58263@group-8F7AB9145989-LeaderElection83: begin an election at term 1 for -1: [d45a2df2-8f38-43ec-9df7-e5c52ac58263:192.168.69.122:44126, 285e9247-2161-496e-af81-9a87b6b231d9:192.168.69.122:38616, a3f5b1ff-5ddb-40c7-8bbd-1ae7c3cdb433:192.168.69.122:40390], old=null
2019-11-13 16:20:45,892 [pool-189-thread-1] INFO  ratis.ContainerStateMachine (ContainerStateMachine.java:loadSnapshot(223)) - group-FA4B888DC38F: The snapshot info is null. Setting the last applied indexto:(t:0, i:~)
2019-11-13 16:20:45,892 [pool-189-thread-1] INFO  server.RaftServerConfigKeys (ConfUtils.java:logGet(43)) - raft.server.notification.no-leader.timeout = 120s (custom)
2019-11-13 16:20:45,892 [pool-189-thread-1] INFO  server.RaftServerConfigKeys (ConfUtils.java:logGet(43)) - raft.server.log.use.memory = false (default)
2019-11-13 16:20:45,892 [pool-189-thread-1] INFO  server.RaftServerConfigKeys (ConfUtils.java:logGet(43)) - raft.server.log.purge.gap = 1000000 (custom)
2019-11-13 16:20:45,892 [pool-189-thread-1] INFO  server.RaftServerConfigKeys (ConfUtils.java:logGet(43)) - raft.server.log.appender.buffer.byte-limit = 33554432 (custom)
2019-11-13 16:20:45,892 [pool-189-thread-1] INFO  server.RaftServerConfigKeys (ConfUtils.java:logGet(43)) - raft.server.log.segment.size.max = 1048576 (custom)
2019-11-13 16:20:45,893 [pool-189-thread-1] INFO  server.RaftServerConfigKeys (ConfUtils.java:logGet(43)) - raft.server.log.segment.cache.num.max = 2 (custom)
2019-11-13 16:20:45,893 [pool-189-thread-1] INFO  segmented.SegmentedRaftLogWorker (SegmentedRaftLogWorker.java:<init>(173)) - new 23e196cf-bea2-4a46-b492-74457a62baf8@group-FA4B888DC38F-SegmentedRaftLogWorker for RaftStorage:Storage Directory /workdir/hadoop-ozone/integration-test/target/test-dir/MiniOzoneClusterImpl-3a974f43-0da0-4ff7-ab4a-31bb81b91875/datanode-4/data/ratis/1038c176-22d4-4799-a03b-fa4b888dc38f
2019-11-13 16:20:45,893 [pool-189-thread-1] INFO  server.RaftServerConfigKeys (ConfUtils.java:logGet(43)) - raft.server.log.queue.byte-limit = 2147483647 (custom)
2019-11-13 16:20:45,893 [pool-189-thread-1] INFO  server.RaftServerConfigKeys (ConfUtils.java:logGet(43)) - raft.server.log.queue.element-limit = 1024 (custom)
2019-11-13 16:20:45,893 [pool-189-thread-1] INFO  server.RaftServerConfigKeys (ConfUtils.java:logGet(43)) - raft.server.log.segment.size.max = 1048576 (custom)
2019-11-13 16:20:45,893 [pool-189-thread-1] INFO  server.RaftServerConfigKeys (ConfUtils.java:logGet(43)) - raft.server.log.preallocated.size = 16384 (custom)
2019-11-13 16:20:45,893 [pool-189-thread-1] INFO  server.RaftServerConfigKeys (ConfUtils.java:logGet(43)) - raft.server.log.write.buffer.size = 33554432 (custom)
2019-11-13 16:20:45,893 [pool-189-thread-1] INFO  server.RaftServerConfigKeys (ConfUtils.java:logGet(43)) - raft.server.log.force.sync.num = 128 (default)
2019-11-13 16:20:45,893 [pool-189-thread-1] INFO  server.RaftServerConfigKeys (ConfUtils.java:logGet(43)) - raft.server.log.statemachine.data.sync = true (default)
2019-11-13 16:20:45,893 [pool-189-thread-1] INFO  server.RaftServerConfigKeys (ConfUtils.java:logGet(43)) - raft.server.log.statemachine.data.sync.timeout = 10s (default)
2019-11-13 16:20:45,894 [pool-189-thread-1] INFO  server.RaftServerConfigKeys (ConfUtils.java:logGet(43)) - raft.server.log.statemachine.data.sync.timeout.retry = -1 (default)
2019-11-13 16:20:45,894 [pool-189-thread-1] INFO  server.RaftServerConfigKeys (ConfUtils.java:logGet(43)) - raft.server.log.statemachine.data.caching.enabled = true (custom)
2019-11-13 16:20:45,894 [pool-189-thread-1] INFO  segmented.SegmentedRaftLogWorker (SegmentedRaftLogWorker.java:lambda$new$0(128)) - 23e196cf-bea2-4a46-b492-74457a62baf8@group-FA4B888DC38F-SegmentedRaftLogWorker: flushIndex: setUnconditionally 0 -> -1
2019-11-13 16:20:45,894 [pool-189-thread-1] INFO  server.RaftServerConfigKeys (ConfUtils.java:logGet(43)) - raft.server.snapshot.auto.trigger.enabled = true (custom)
2019-11-13 16:20:45,894 [pool-189-thread-1] INFO  server.RaftServerConfigKeys (ConfUtils.java:logGet(43)) - raft.server.snapshot.auto.trigger.threshold = 10000 (custom)
2019-11-13 16:20:45,895 [pool-189-thread-1] INFO  server.RaftServerConfigKeys (ConfUtils.java:logGet(43)) - raft.server.snapshot.retention.file.num = 5 (custom)
2019-11-13 16:20:45,895 [pool-189-thread-1] INFO  server.RaftServerConfigKeys (ConfUtils.java:logGet(43)) - raft.server.retrycache.expirytime = 600000ms (custom)
2019-11-13 16:20:45,895 [pool-189-thread-1] WARN  impl.MetricRegistriesImpl (MetricRegistriesImpl.java:lambda$create$1(61)) - First MetricRegistry has been created without registering reporters. You may need to call MetricRegistries.global().addReportRegistration(...) before.
2019-11-13 16:20:45,895 [pool-189-thread-1] WARN  impl.MetricRegistriesImpl (MetricRegistriesImpl.java:lambda$create$1(61)) - First MetricRegistry has been created without registering reporters. You may need to call MetricRegistries.global().addReportRegistration(...) before.
2019-11-13 16:20:45,895 [pool-189-thread-1] INFO  impl.RaftServerImpl (RaftServerImpl.java:start(184)) - 23e196cf-bea2-4a46-b492-74457a62baf8@group-FA4B888DC38F: start as a follower, conf=-1: [23e196cf-bea2-4a46-b492-74457a62baf8:192.168.69.122:43821], old=null
2019-11-13 16:20:45,895 [pool-189-thread-1] INFO  impl.RaftServerImpl (RaftServerImpl.java:setRole(173)) - 23e196cf-bea2-4a46-b492-74457a62baf8@group-FA4B888DC38F: changes role from      null to FOLLOWER at term 0 for startAsFollower
2019-11-13 16:20:45,895 [pool-189-thread-1] INFO  impl.RoleInfo (RoleInfo.java:updateAndGet(143)) - 23e196cf-bea2-4a46-b492-74457a62baf8: start FollowerState
2019-11-13 16:20:45,895 [grpc-default-executor-0] INFO  impl.RaftServerImpl (RaftServerImpl.java:setRole(173)) - 285e9247-2161-496e-af81-9a87b6b231d9@group-8F7AB9145989: changes role from  FOLLOWER to FOLLOWER at term 1 for recognizeCandidate:d45a2df2-8f38-43ec-9df7-e5c52ac58263
2019-11-13 16:20:45,896 [grpc-default-executor-0] INFO  impl.RoleInfo (RoleInfo.java:shutdownFollowerState(121)) - 285e9247-2161-496e-af81-9a87b6b231d9: shutdown FollowerState
2019-11-13 16:20:45,896 [pool-189-thread-1] INFO  util.JmxRegister (JmxRegister.java:tryRegister(44)) - Successfully registered JMX Bean with object name Ratis:service=RaftServer,group=group-FA4B888DC38F,id=23e196cf-bea2-4a46-b492-74457a62baf8
2019-11-13 16:20:45,896 [grpc-default-executor-0] INFO  impl.RoleInfo (RoleInfo.java:updateAndGet(143)) - 285e9247-2161-496e-af81-9a87b6b231d9: start FollowerState
2019-11-13 16:20:45,896 [Thread-1460] INFO  impl.FollowerState (FollowerState.java:run(120)) - 285e9247-2161-496e-af81-9a87b6b231d9@group-8F7AB9145989-FollowerState was interrupted: java.lang.InterruptedException: sleep interrupted
2019-11-13 16:20:45,896 [grpc-default-executor-5] INFO  impl.RaftServerImpl (RaftServerImpl.java:setRole(173)) - a3f5b1ff-5ddb-40c7-8bbd-1ae7c3cdb433@group-8F7AB9145989: changes role from  FOLLOWER to FOLLOWER at term 1 for recognizeCandidate:d45a2df2-8f38-43ec-9df7-e5c52ac58263
2019-11-13 16:20:45,896 [pool-189-thread-1] WARN  impl.MetricRegistriesImpl (MetricRegistriesImpl.java:lambda$create$1(61)) - First MetricRegistry has been created without registering reporters. You may need to call MetricRegistries.global().addReportRegistration(...) before.
2019-11-13 16:20:45,896 [grpc-default-executor-5] INFO  impl.RoleInfo (RoleInfo.java:shutdownFollowerState(121)) - a3f5b1ff-5ddb-40c7-8bbd-1ae7c3cdb433: shutdown FollowerState
2019-11-13 16:20:45,897 [Thread-1465] INFO  impl.FollowerState (FollowerState.java:run(120)) - a3f5b1ff-5ddb-40c7-8bbd-1ae7c3cdb433@group-8F7AB9145989-FollowerState was interrupted: java.lang.InterruptedException: sleep interrupted
2019-11-13 16:20:45,897 [grpc-default-executor-5] INFO  impl.RoleInfo (RoleInfo.java:updateAndGet(143)) - a3f5b1ff-5ddb-40c7-8bbd-1ae7c3cdb433: start FollowerState
2019-11-13 16:20:45,899 [RatisPipelineUtilsThread] INFO  pipeline.PipelineStateManager (PipelineStateManager.java:addPipeline(55)) - Created pipeline Pipeline[ Id: 1038c176-22d4-4799-a03b-fa4b888dc38f, Nodes: 23e196cf-bea2-4a46-b492-74457a62baf8{ip: 192.168.69.122, host: pr-hdds-2467-gc456-181853687, networkLocation: /rack1, certSerialId: null}, Type:RATIS, Factor:ONE, State:ALLOCATED]
2019-11-13 16:20:45,900 [Thread-1313] INFO  pipeline.PipelineStateManager (PipelineStateManager.java:finalizePipeline(121)) - Pipeline Pipeline[ Id: 0be7bec2-a286-4437-bb5b-3f70be9635d3, Nodes: d45a2df2-8f38-43ec-9df7-e5c52ac58263{ip: 192.168.69.122, host: pr-hdds-2467-gc456-181853687, networkLocation: /rack1, certSerialId: null}, Type:RATIS, Factor:ONE, State:CLOSED] moved to CLOSED state
2019-11-13 16:20:45,900 [EventQueue-PipelineReportForPipelineReportHandler] INFO  pipeline.PipelineStateManager (PipelineStateManager.java:openPipeline(134)) - Pipeline Pipeline[ Id: d836d6e6-a034-4b39-8853-a732f62a02c9, Nodes: 0d99dfee-4670-49f5-9a57-a4288445f0bf{ip: 192.168.69.122, host: pr-hdds-2467-gc456-181853687, networkLocation: /rack1, certSerialId: null}, Type:RATIS, Factor:ONE, State:OPEN] moved to OPEN state
2019-11-13 16:20:45,903 [grpc-default-executor-1] INFO  impl.RaftServerProxy (RaftServerProxy.java:remove(95)) - d45a2df2-8f38-43ec-9df7-e5c52ac58263: remove    LEADER d45a2df2-8f38-43ec-9df7-e5c52ac58263@group-3F70BE9635D3:t1, leader=d45a2df2-8f38-43ec-9df7-e5c52ac58263, voted=d45a2df2-8f38-43ec-9df7-e5c52ac58263, raftlog=d45a2df2-8f38-43ec-9df7-e5c52ac58263@group-3F70BE9635D3-SegmentedRaftLog:OPENED:c0,f0,i0, conf=0: [d45a2df2-8f38-43ec-9df7-e5c52ac58263:192.168.69.122:44126], old=null RUNNING
2019-11-13 16:20:45,903 [grpc-default-executor-1] INFO  impl.RaftServerImpl (RaftServerImpl.java:lambda$shutdown$3(250)) - d45a2df2-8f38-43ec-9df7-e5c52ac58263@group-3F70BE9635D3: shutdown
2019-11-13 16:20:45,903 [grpc-default-executor-1] INFO  util.JmxRegister (JmxRegister.java:unregister(73)) - Successfully un-registered JMX Bean with object name Ratis:service=RaftServer,group=group-3F70BE9635D3,id=d45a2df2-8f38-43ec-9df7-e5c52ac58263
2019-11-13 16:20:45,903 [grpc-default-executor-1] INFO  impl.RoleInfo (RoleInfo.java:shutdownLeaderState(104)) - d45a2df2-8f38-43ec-9df7-e5c52ac58263: shutdown LeaderState
2019-11-13 16:20:45,903 [grpc-default-executor-1] INFO  impl.PendingRequests (PendingRequests.java:sendNotLeaderResponses(206)) - d45a2df2-8f38-43ec-9df7-e5c52ac58263@group-3F70BE9635D3-PendingRequests: sendNotLeaderResponses
2019-11-13 16:20:45,903 [grpc-default-executor-1] INFO  impl.StateMachineUpdater (StateMachineUpdater.java:stopAndJoin(136)) - d45a2df2-8f38-43ec-9df7-e5c52ac58263@group-3F70BE9635D3-StateMachineUpdater: set stopIndex = 0
2019-11-13 16:20:45,904 [grpc-default-executor-1] INFO  impl.RaftServerImpl (ServerState.java:close(387)) - d45a2df2-8f38-43ec-9df7-e5c52ac58263@group-3F70BE9635D3: closes. applyIndex: 0
2019-11-13 16:20:45,904 [d45a2df2-8f38-43ec-9df7-e5c52ac58263@group-3F70BE9635D3-SegmentedRaftLogWorker] INFO  segmented.SegmentedRaftLogWorker (SegmentedRaftLogWorker.java:run(316)) - d45a2df2-8f38-43ec-9df7-e5c52ac58263@group-3F70BE9635D3-SegmentedRaftLogWorker was interrupted, exiting. There are 0 tasks remaining in the queue.
2019-11-13 16:20:45,904 [grpc-default-executor-1] INFO  segmented.SegmentedRaftLogWorker (SegmentedRaftLogWorker.java:close(224)) - d45a2df2-8f38-43ec-9df7-e5c52ac58263@group-3F70BE9635D3-SegmentedRaftLogWorker close()
2019-11-13 16:20:45,919 [Thread-1313] INFO  pipeline.PipelineStateManager (PipelineStateManager.java:removePipeline(106)) - Pipeline Pipeline[ Id: 0be7bec2-a286-4437-bb5b-3f70be9635d3, Nodes: d45a2df2-8f38-43ec-9df7-e5c52ac58263{ip: 192.168.69.122, host: pr-hdds-2467-gc456-181853687, networkLocation: /rack1, certSerialId: null}, Type:RATIS, Factor:ONE, State:CLOSED] removed from db
2019-11-13 16:20:45,922 [grpc-default-executor-1] INFO  impl.RaftServerProxy (RaftServerProxy.java:addNew(89)) - d45a2df2-8f38-43ec-9df7-e5c52ac58263: addNew group-CFD20D0CEBC3:[d45a2df2-8f38-43ec-9df7-e5c52ac58263:192.168.69.122:44126] returns group-CFD20D0CEBC3:java.util.concurrent.CompletableFuture@46a5c711[Not completed]
2019-11-13 16:20:45,923 [pool-229-thread-1] INFO  impl.RaftServerImpl (RaftServerImpl.java:<init>(98)) - d45a2df2-8f38-43ec-9df7-e5c52ac58263: new RaftServerImpl for group-CFD20D0CEBC3:[d45a2df2-8f38-43ec-9df7-e5c52ac58263:192.168.69.122:44126] with ContainerStateMachine:uninitialized
2019-11-13 16:20:45,923 [pool-229-thread-1] INFO  server.RaftServerConfigKeys (ConfUtils.java:logGet(43)) - raft.server.rpc.timeout.min = 1s (custom)
2019-11-13 16:20:45,924 [pool-229-thread-1] INFO  server.RaftServerConfigKeys (ConfUtils.java:logGet(43)) - raft.server.rpc.timeout.max = 1200ms (custom)
2019-11-13 16:20:45,924 [pool-229-thread-1] INFO  server.RaftServerConfigKeys (ConfUtils.java:logGet(43)) - raft.server.rpcslowness.timeout = 120s (custom)
2019-11-13 16:20:45,924 [pool-229-thread-1] INFO  server.RaftServerConfigKeys (ConfUtils.java:logGet(43)) - raft.server.sleep.deviation.threshold = 300 (default)
2019-11-13 16:20:45,924 [pool-229-thread-1] INFO  server.RaftServerConfigKeys (ConfUtils.java:logGet(43)) - raft.server.log.appender.install.snapshot.enabled = false (custom)
2019-11-13 16:20:45,924 [pool-229-thread-1] INFO  impl.RaftServerImpl (ServerState.java:<init>(103)) - d45a2df2-8f38-43ec-9df7-e5c52ac58263@group-CFD20D0CEBC3: ConfigurationManager, init=-1: [d45a2df2-8f38-43ec-9df7-e5c52ac58263:192.168.69.122:44126], old=null, confs=<EMPTY_MAP>
2019-11-13 16:20:45,924 [pool-229-thread-1] INFO  server.RaftServerConfigKeys (ConfUtils.java:logGet(43)) - raft.server.storage.dir = [/workdir/hadoop-ozone/integration-test/target/test-dir/MiniOzoneClusterImpl-3a974f43-0da0-4ff7-ab4a-31bb81b91875/datanode-8/data/ratis] (custom)
2019-11-13 16:20:45,924 [pool-229-thread-1] INFO  server.RaftServerConfigKeys (ConfUtils.java:logGet(43)) - raft.server.log.corruption.policy = EXCEPTION (default)
2019-11-13 16:20:45,924 [pool-229-thread-1] INFO  storage.RaftStorageDirectory (RaftStorageDirectory.java:analyzeStorage(246)) - The storage directory /workdir/hadoop-ozone/integration-test/target/test-dir/MiniOzoneClusterImpl-3a974f43-0da0-4ff7-ab4a-31bb81b91875/datanode-8/data/ratis/d377a808-532a-4eda-ba84-cfd20d0cebc3 does not exist. Creating ...
2019-11-13 16:20:45,935 [d45a2df2-8f38-43ec-9df7-e5c52ac58263@group-8F7AB9145989-LeaderElection83] INFO  impl.LeaderElection (LeaderElection.java:logAndReturn(56)) - d45a2df2-8f38-43ec-9df7-e5c52ac58263@group-8F7AB9145989-LeaderElection83: Election PASSED; received 1 response(s) [d45a2df2-8f38-43ec-9df7-e5c52ac58263<-285e9247-2161-496e-af81-9a87b6b231d9#0:OK-t1] and 0 exception(s); d45a2df2-8f38-43ec-9df7-e5c52ac58263@group-8F7AB9145989:t1, leader=null, voted=d45a2df2-8f38-43ec-9df7-e5c52ac58263, raftlog=d45a2df2-8f38-43ec-9df7-e5c52ac58263@group-8F7AB9145989-SegmentedRaftLog:OPENED:c-1,f-1,i0, conf=-1: [d45a2df2-8f38-43ec-9df7-e5c52ac58263:192.168.69.122:44126, 285e9247-2161-496e-af81-9a87b6b231d9:192.168.69.122:38616, a3f5b1ff-5ddb-40c7-8bbd-1ae7c3cdb433:192.168.69.122:40390], old=null
2019-11-13 16:20:45,936 [d45a2df2-8f38-43ec-9df7-e5c52ac58263@group-8F7AB9145989-LeaderElection83] INFO  impl.RoleInfo (RoleInfo.java:shutdownLeaderElection(134)) - d45a2df2-8f38-43ec-9df7-e5c52ac58263: shutdown LeaderElection
2019-11-13 16:20:45,936 [d45a2df2-8f38-43ec-9df7-e5c52ac58263@group-8F7AB9145989-LeaderElection83] INFO  impl.RaftServerImpl (RaftServerImpl.java:setRole(173)) - d45a2df2-8f38-43ec-9df7-e5c52ac58263@group-8F7AB9145989: changes role from CANDIDATE to LEADER at term 1 for changeToLeader
2019-11-13 16:20:45,936 [d45a2df2-8f38-43ec-9df7-e5c52ac58263@group-8F7AB9145989-LeaderElection83] INFO  ratis.XceiverServerRatis (XceiverServerRatis.java:handleLeaderChangedNotification(697)) - Leader change notification received for group: group-8F7AB9145989 with new leaderId: d45a2df2-8f38-43ec-9df7-e5c52ac58263
2019-11-13 16:20:45,936 [d45a2df2-8f38-43ec-9df7-e5c52ac58263@group-8F7AB9145989-LeaderElection83] INFO  impl.RaftServerImpl (ServerState.java:setLeader(255)) - d45a2df2-8f38-43ec-9df7-e5c52ac58263@group-8F7AB9145989: change Leader from null to d45a2df2-8f38-43ec-9df7-e5c52ac58263 at term 1 for becomeLeader, leader elected after 1095ms
2019-11-13 16:20:45,936 [d45a2df2-8f38-43ec-9df7-e5c52ac58263@group-8F7AB9145989-LeaderElection83] INFO  server.RaftServerConfigKeys (ConfUtils.java:logGet(43)) - raft.server.staging.catchup.gap = 1000 (default)
2019-11-13 16:20:45,936 [d45a2df2-8f38-43ec-9df7-e5c52ac58263@group-8F7AB9145989-LeaderElection83] INFO  server.RaftServerConfigKeys (ConfUtils.java:logGet(43)) - raft.server.rpc.sleep.time = 25ms (default)
2019-11-13 16:20:45,936 [d45a2df2-8f38-43ec-9df7-e5c52ac58263@group-8F7AB9145989-LeaderElection83] INFO  server.RaftServerConfigKeys (ConfUtils.java:logGet(43)) - raft.server.write.element-limit = 4096 (default)
2019-11-13 16:20:45,937 [d45a2df2-8f38-43ec-9df7-e5c52ac58263@group-8F7AB9145989-LeaderElection83] INFO  server.RaftServerConfigKeys (ConfUtils.java:logGet(43)) - raft.server.watch.timeout = 10s (default)
2019-11-13 16:20:45,937 [d45a2df2-8f38-43ec-9df7-e5c52ac58263@group-8F7AB9145989-LeaderElection83] INFO  server.RaftServerConfigKeys (ConfUtils.java:logGet(43)) - raft.server.watch.timeout.denomination = 1s (default)
2019-11-13 16:20:45,937 [d45a2df2-8f38-43ec-9df7-e5c52ac58263@group-8F7AB9145989-LeaderElection83] INFO  server.RaftServerConfigKeys (ConfUtils.java:logGet(43)) - raft.server.watch.element-limit = 65536 (default)
2019-11-13 16:20:45,937 [d45a2df2-8f38-43ec-9df7-e5c52ac58263@group-8F7AB9145989-LeaderElection83] INFO  server.RaftServerConfigKeys (ConfUtils.java:logGet(43)) - raft.server.log.appender.snapshot.chunk.size.max = 16MB (=16777216) (default)
2019-11-13 16:20:45,937 [d45a2df2-8f38-43ec-9df7-e5c52ac58263@group-8F7AB9145989-LeaderElection83] INFO  server.RaftServerConfigKeys (ConfUtils.java:logGet(43)) - raft.server.log.appender.buffer.byte-limit = 33554432 (custom)
2019-11-13 16:20:45,937 [d45a2df2-8f38-43ec-9df7-e5c52ac58263@group-8F7AB9145989-LeaderElection83] INFO  server.RaftServerConfigKeys (ConfUtils.java:logGet(43)) - raft.server.log.appender.buffer.element-limit = 1 (custom)
2019-11-13 16:20:45,937 [d45a2df2-8f38-43ec-9df7-e5c52ac58263@group-8F7AB9145989-LeaderElection83] INFO  grpc.GrpcConfigKeys$Server (ConfUtils.java:logGet(43)) - raft.grpc.server.leader.outstanding.appends.max = 128 (default)
2019-11-13 16:20:45,938 [d45a2df2-8f38-43ec-9df7-e5c52ac58263@group-8F7AB9145989-LeaderElection83] INFO  server.RaftServerConfigKeys (ConfUtils.java:logGet(43)) - raft.server.rpc.request.timeout = 3000ms (default)
2019-11-13 16:20:45,938 [d45a2df2-8f38-43ec-9df7-e5c52ac58263@group-8F7AB9145989-LeaderElection83] INFO  server.RaftServerConfigKeys (ConfUtils.java:logGet(43)) - raft.server.log.appender.install.snapshot.enabled = false (custom)
2019-11-13 16:20:45,938 [d45a2df2-8f38-43ec-9df7-e5c52ac58263@group-8F7AB9145989-LeaderElection83] WARN  impl.MetricRegistriesImpl (MetricRegistriesImpl.java:lambda$create$1(61)) - First MetricRegistry has been created without registering reporters. You may need to call MetricRegistries.global().addReportRegistration(...) before.
2019-11-13 16:20:45,938 [d45a2df2-8f38-43ec-9df7-e5c52ac58263@group-8F7AB9145989-LeaderElection83] INFO  server.RaftServerConfigKeys (ConfUtils.java:logGet(43)) - raft.server.log.appender.snapshot.chunk.size.max = 16MB (=16777216) (default)
2019-11-13 16:20:45,938 [d45a2df2-8f38-43ec-9df7-e5c52ac58263@group-8F7AB9145989-LeaderElection83] INFO  server.RaftServerConfigKeys (ConfUtils.java:logGet(43)) - raft.server.log.appender.buffer.byte-limit = 33554432 (custom)
2019-11-13 16:20:45,938 [d45a2df2-8f38-43ec-9df7-e5c52ac58263@group-8F7AB9145989-LeaderElection83] INFO  server.RaftServerConfigKeys (ConfUtils.java:logGet(43)) - raft.server.log.appender.buffer.element-limit = 1 (custom)
2019-11-13 16:20:45,938 [d45a2df2-8f38-43ec-9df7-e5c52ac58263@group-8F7AB9145989-LeaderElection83] INFO  grpc.GrpcConfigKeys$Server (ConfUtils.java:logGet(43)) - raft.grpc.server.leader.outstanding.appends.max = 128 (default)
2019-11-13 16:20:45,939 [d45a2df2-8f38-43ec-9df7-e5c52ac58263@group-8F7AB9145989-LeaderElection83] INFO  server.RaftServerConfigKeys (ConfUtils.java:logGet(43)) - raft.server.rpc.request.timeout = 3000ms (default)
2019-11-13 16:20:45,939 [d45a2df2-8f38-43ec-9df7-e5c52ac58263@group-8F7AB9145989-LeaderElection83] INFO  server.RaftServerConfigKeys (ConfUtils.java:logGet(43)) - raft.server.log.appender.install.snapshot.enabled = false (custom)
2019-11-13 16:20:45,939 [d45a2df2-8f38-43ec-9df7-e5c52ac58263@group-8F7AB9145989-LeaderElection83] INFO  impl.RoleInfo (RoleInfo.java:updateAndGet(143)) - d45a2df2-8f38-43ec-9df7-e5c52ac58263: start LeaderState
2019-11-13 16:20:45,939 [d45a2df2-8f38-43ec-9df7-e5c52ac58263@group-8F7AB9145989-LeaderElection83] INFO  segmented.SegmentedRaftLogWorker (SegmentedRaftLogWorker.java:startLogSegment(385)) - d45a2df2-8f38-43ec-9df7-e5c52ac58263@group-8F7AB9145989-SegmentedRaftLogWorker: Starting segment from index:0
2019-11-13 16:20:45,940 [d45a2df2-8f38-43ec-9df7-e5c52ac58263@group-8F7AB9145989-LeaderElection83] INFO  impl.RaftServerImpl (ServerState.java:setRaftConf(356)) - d45a2df2-8f38-43ec-9df7-e5c52ac58263@group-8F7AB9145989: set configuration 0: [d45a2df2-8f38-43ec-9df7-e5c52ac58263:192.168.69.122:44126, 285e9247-2161-496e-af81-9a87b6b231d9:192.168.69.122:38616, a3f5b1ff-5ddb-40c7-8bbd-1ae7c3cdb433:192.168.69.122:40390], old=null at 0
2019-11-13 16:20:45,964 [pool-229-thread-1] INFO  storage.RaftStorageDirectory (RaftStorageDirectory.java:tryLock(328)) - Lock on /workdir/hadoop-ozone/integration-test/target/test-dir/MiniOzoneClusterImpl-3a974f43-0da0-4ff7-ab4a-31bb81b91875/datanode-8/data/ratis/d377a808-532a-4eda-ba84-cfd20d0cebc3/in_use.lock acquired by nodename 22372@pr-hdds-2467-gc456-181853687
2019-11-13 16:20:45,964 [0d99dfee-4670-49f5-9a57-a4288445f0bf@group-A732F62A02C9-SegmentedRaftLogWorker] INFO  segmented.SegmentedRaftLogWorker (SegmentedRaftLogWorker.java:execute(576)) - 0d99dfee-4670-49f5-9a57-a4288445f0bf@group-A732F62A02C9-SegmentedRaftLogWorker: created new log segment /workdir/hadoop-ozone/integration-test/target/test-dir/MiniOzoneClusterImpl-3a974f43-0da0-4ff7-ab4a-31bb81b91875/datanode-3/data/ratis/d836d6e6-a034-4b39-8853-a732f62a02c9/current/log_inprogress_0
2019-11-13 16:20:45,976 [grpc-default-executor-5] INFO  ratis.XceiverServerRatis (XceiverServerRatis.java:handleLeaderChangedNotification(697)) - Leader change notification received for group: group-8F7AB9145989 with new leaderId: d45a2df2-8f38-43ec-9df7-e5c52ac58263
2019-11-13 16:20:45,976 [grpc-default-executor-0] INFO  ratis.XceiverServerRatis (XceiverServerRatis.java:handleLeaderChangedNotification(697)) - Leader change notification received for group: group-8F7AB9145989 with new leaderId: d45a2df2-8f38-43ec-9df7-e5c52ac58263
2019-11-13 16:20:45,976 [grpc-default-executor-5] INFO  impl.RaftServerImpl (ServerState.java:setLeader(255)) - 285e9247-2161-496e-af81-9a87b6b231d9@group-8F7AB9145989: change Leader from null to d45a2df2-8f38-43ec-9df7-e5c52ac58263 at term 1 for appendEntries, leader elected after 1135ms
2019-11-13 16:20:45,976 [grpc-default-executor-0] INFO  impl.RaftServerImpl (ServerState.java:setLeader(255)) - a3f5b1ff-5ddb-40c7-8bbd-1ae7c3cdb433@group-8F7AB9145989: change Leader from null to d45a2df2-8f38-43ec-9df7-e5c52ac58263 at term 1 for appendEntries, leader elected after 1135ms
2019-11-13 16:20:45,980 [grpc-default-executor-0] INFO  impl.RaftServerImpl (ServerState.java:setRaftConf(356)) - a3f5b1ff-5ddb-40c7-8bbd-1ae7c3cdb433@group-8F7AB9145989: set configuration 0: [d45a2df2-8f38-43ec-9df7-e5c52ac58263:192.168.69.122:44126, 285e9247-2161-496e-af81-9a87b6b231d9:192.168.69.122:38616, a3f5b1ff-5ddb-40c7-8bbd-1ae7c3cdb433:192.168.69.122:40390], old=null at 0
2019-11-13 16:20:45,981 [grpc-default-executor-0] INFO  segmented.SegmentedRaftLogWorker (SegmentedRaftLogWorker.java:startLogSegment(385)) - a3f5b1ff-5ddb-40c7-8bbd-1ae7c3cdb433@group-8F7AB9145989-SegmentedRaftLogWorker: Starting segment from index:0
2019-11-13 16:20:45,981 [grpc-default-executor-5] INFO  impl.RaftServerImpl (ServerState.java:setRaftConf(356)) - 285e9247-2161-496e-af81-9a87b6b231d9@group-8F7AB9145989: set configuration 0: [d45a2df2-8f38-43ec-9df7-e5c52ac58263:192.168.69.122:44126, 285e9247-2161-496e-af81-9a87b6b231d9:192.168.69.122:38616, a3f5b1ff-5ddb-40c7-8bbd-1ae7c3cdb433:192.168.69.122:40390], old=null at 0
2019-11-13 16:20:45,981 [grpc-default-executor-5] INFO  segmented.SegmentedRaftLogWorker (SegmentedRaftLogWorker.java:startLogSegment(385)) - 285e9247-2161-496e-af81-9a87b6b231d9@group-8F7AB9145989-SegmentedRaftLogWorker: Starting segment from index:0
2019-11-13 16:20:45,985 [d45a2df2-8f38-43ec-9df7-e5c52ac58263@group-8F7AB9145989-SegmentedRaftLogWorker] INFO  segmented.SegmentedRaftLogWorker (SegmentedRaftLogWorker.java:execute(576)) - d45a2df2-8f38-43ec-9df7-e5c52ac58263@group-8F7AB9145989-SegmentedRaftLogWorker: created new log segment /workdir/hadoop-ozone/integration-test/target/test-dir/MiniOzoneClusterImpl-3a974f43-0da0-4ff7-ab4a-31bb81b91875/datanode-8/data/ratis/969f6d63-08fa-4644-989e-8f7ab9145989/current/log_inprogress_0
2019-11-13 16:20:45,985 [pool-229-thread-1] INFO  storage.RaftStorage (RaftStorage.java:format(84)) - Storage directory /workdir/hadoop-ozone/integration-test/target/test-dir/MiniOzoneClusterImpl-3a974f43-0da0-4ff7-ab4a-31bb81b91875/datanode-8/data/ratis/d377a808-532a-4eda-ba84-cfd20d0cebc3 has been successfully formatted.
2019-11-13 16:20:45,986 [pool-229-thread-1] INFO  ratis.ContainerStateMachine (ContainerStateMachine.java:loadSnapshot(223)) - group-CFD20D0CEBC3: The snapshot info is null. Setting the last applied indexto:(t:0, i:~)
2019-11-13 16:20:45,986 [pool-229-thread-1] INFO  server.RaftServerConfigKeys (ConfUtils.java:logGet(43)) - raft.server.notification.no-leader.timeout = 120s (custom)
2019-11-13 16:20:45,986 [pool-229-thread-1] INFO  server.RaftServerConfigKeys (ConfUtils.java:logGet(43)) - raft.server.log.use.memory = false (default)
2019-11-13 16:20:45,986 [pool-229-thread-1] INFO  server.RaftServerConfigKeys (ConfUtils.java:logGet(43)) - raft.server.log.purge.gap = 1000000 (custom)
2019-11-13 16:20:45,987 [pool-229-thread-1] INFO  server.RaftServerConfigKeys (ConfUtils.java:logGet(43)) - raft.server.log.appender.buffer.byte-limit = 33554432 (custom)
2019-11-13 16:20:45,987 [pool-229-thread-1] INFO  server.RaftServerConfigKeys (ConfUtils.java:logGet(43)) - raft.server.log.segment.size.max = 1048576 (custom)
2019-11-13 16:20:45,987 [pool-229-thread-1] INFO  server.RaftServerConfigKeys (ConfUtils.java:logGet(43)) - raft.server.log.segment.cache.num.max = 2 (custom)
2019-11-13 16:20:45,987 [pool-229-thread-1] INFO  segmented.SegmentedRaftLogWorker (SegmentedRaftLogWorker.java:<init>(173)) - new d45a2df2-8f38-43ec-9df7-e5c52ac58263@group-CFD20D0CEBC3-SegmentedRaftLogWorker for RaftStorage:Storage Directory /workdir/hadoop-ozone/integration-test/target/test-dir/MiniOzoneClusterImpl-3a974f43-0da0-4ff7-ab4a-31bb81b91875/datanode-8/data/ratis/d377a808-532a-4eda-ba84-cfd20d0cebc3
2019-11-13 16:20:45,987 [pool-229-thread-1] INFO  server.RaftServerConfigKeys (ConfUtils.java:logGet(43)) - raft.server.log.queue.byte-limit = 2147483647 (custom)
2019-11-13 16:20:45,987 [pool-229-thread-1] INFO  server.RaftServerConfigKeys (ConfUtils.java:logGet(43)) - raft.server.log.queue.element-limit = 1024 (custom)
2019-11-13 16:20:45,987 [pool-229-thread-1] INFO  server.RaftServerConfigKeys (ConfUtils.java:logGet(43)) - raft.server.log.segment.size.max = 1048576 (custom)
2019-11-13 16:20:45,988 [pool-229-thread-1] INFO  server.RaftServerConfigKeys (ConfUtils.java:logGet(43)) - raft.server.log.preallocated.size = 16384 (custom)
2019-11-13 16:20:45,988 [pool-229-thread-1] INFO  server.RaftServerConfigKeys (ConfUtils.java:logGet(43)) - raft.server.log.write.buffer.size = 33554432 (custom)
2019-11-13 16:20:45,988 [pool-229-thread-1] INFO  server.RaftServerConfigKeys (ConfUtils.java:logGet(43)) - raft.server.log.force.sync.num = 128 (default)
2019-11-13 16:20:45,988 [pool-229-thread-1] INFO  server.RaftServerConfigKeys (ConfUtils.java:logGet(43)) - raft.server.log.statemachine.data.sync = true (default)
2019-11-13 16:20:45,988 [pool-229-thread-1] INFO  server.RaftServerConfigKeys (ConfUtils.java:logGet(43)) - raft.server.log.statemachine.data.sync.timeout = 10s (default)
2019-11-13 16:20:45,988 [pool-229-thread-1] INFO  server.RaftServerConfigKeys (ConfUtils.java:logGet(43)) - raft.server.log.statemachine.data.sync.timeout.retry = -1 (default)
2019-11-13 16:20:45,988 [pool-229-thread-1] INFO  server.RaftServerConfigKeys (ConfUtils.java:logGet(43)) - raft.server.log.statemachine.data.caching.enabled = true (custom)
2019-11-13 16:20:45,989 [pool-229-thread-1] INFO  segmented.SegmentedRaftLogWorker (SegmentedRaftLogWorker.java:lambda$new$0(128)) - d45a2df2-8f38-43ec-9df7-e5c52ac58263@group-CFD20D0CEBC3-SegmentedRaftLogWorker: flushIndex: setUnconditionally 0 -> -1
2019-11-13 16:20:45,989 [pool-229-thread-1] INFO  server.RaftServerConfigKeys (ConfUtils.java:logGet(43)) - raft.server.snapshot.auto.trigger.enabled = true (custom)
2019-11-13 16:20:45,989 [pool-229-thread-1] INFO  server.RaftServerConfigKeys (ConfUtils.java:logGet(43)) - raft.server.snapshot.auto.trigger.threshold = 10000 (custom)
2019-11-13 16:20:45,989 [pool-229-thread-1] INFO  server.RaftServerConfigKeys (ConfUtils.java:logGet(43)) - raft.server.snapshot.retention.file.num = 5 (custom)
2019-11-13 16:20:45,990 [pool-229-thread-1] INFO  server.RaftServerConfigKeys (ConfUtils.java:logGet(43)) - raft.server.retrycache.expirytime = 600000ms (custom)
2019-11-13 16:20:45,990 [pool-229-thread-1] WARN  impl.MetricRegistriesImpl (MetricRegistriesImpl.java:lambda$create$1(61)) - First MetricRegistry has been created without registering reporters. You may need to call MetricRegistries.global().addReportRegistration(...) before.
2019-11-13 16:20:45,990 [pool-229-thread-1] WARN  impl.MetricRegistriesImpl (MetricRegistriesImpl.java:lambda$create$1(61)) - First MetricRegistry has been created without registering reporters. You may need to call MetricRegistries.global().addReportRegistration(...) before.
2019-11-13 16:20:45,990 [pool-229-thread-1] INFO  impl.RaftServerImpl (RaftServerImpl.java:start(184)) - d45a2df2-8f38-43ec-9df7-e5c52ac58263@group-CFD20D0CEBC3: start as a follower, conf=-1: [d45a2df2-8f38-43ec-9df7-e5c52ac58263:192.168.69.122:44126], old=null
2019-11-13 16:20:45,990 [pool-229-thread-1] INFO  impl.RaftServerImpl (RaftServerImpl.java:setRole(173)) - d45a2df2-8f38-43ec-9df7-e5c52ac58263@group-CFD20D0CEBC3: changes role from      null to FOLLOWER at term 0 for startAsFollower
2019-11-13 16:20:45,991 [pool-229-thread-1] INFO  impl.RoleInfo (RoleInfo.java:updateAndGet(143)) - d45a2df2-8f38-43ec-9df7-e5c52ac58263: start FollowerState
2019-11-13 16:20:45,991 [pool-229-thread-1] INFO  util.JmxRegister (JmxRegister.java:tryRegister(44)) - Successfully registered JMX Bean with object name Ratis:service=RaftServer,group=group-CFD20D0CEBC3,id=d45a2df2-8f38-43ec-9df7-e5c52ac58263
2019-11-13 16:20:45,991 [pool-229-thread-1] WARN  impl.MetricRegistriesImpl (MetricRegistriesImpl.java:lambda$create$1(61)) - First MetricRegistry has been created without registering reporters. You may need to call MetricRegistries.global().addReportRegistration(...) before.
2019-11-13 16:20:45,994 [RatisPipelineUtilsThread] INFO  pipeline.PipelineStateManager (PipelineStateManager.java:addPipeline(55)) - Created pipeline Pipeline[ Id: d377a808-532a-4eda-ba84-cfd20d0cebc3, Nodes: d45a2df2-8f38-43ec-9df7-e5c52ac58263{ip: 192.168.69.122, host: pr-hdds-2467-gc456-181853687, networkLocation: /rack1, certSerialId: null}, Type:RATIS, Factor:ONE, State:ALLOCATED]
2019-11-13 16:20:45,995 [EventQueue-PipelineReportForPipelineReportHandler] INFO  pipeline.PipelineStateManager (PipelineStateManager.java:openPipeline(134)) - Pipeline Pipeline[ Id: 969f6d63-08fa-4644-989e-8f7ab9145989, Nodes: a3f5b1ff-5ddb-40c7-8bbd-1ae7c3cdb433{ip: 192.168.69.122, host: pr-hdds-2467-gc456-181853687, networkLocation: /rack1, certSerialId: null}d45a2df2-8f38-43ec-9df7-e5c52ac58263{ip: 192.168.69.122, host: pr-hdds-2467-gc456-181853687, networkLocation: /rack1, certSerialId: null}285e9247-2161-496e-af81-9a87b6b231d9{ip: 192.168.69.122, host: pr-hdds-2467-gc456-181853687, networkLocation: /rack1, certSerialId: null}, Type:RATIS, Factor:THREE, State:OPEN] moved to OPEN state
2019-11-13 16:20:46,003 [Thread-1470] INFO  impl.FollowerState (FollowerState.java:run(111)) - a3f5b1ff-5ddb-40c7-8bbd-1ae7c3cdb433@group-7D4EA8187F75-FollowerState: change to CANDIDATE, lastRpcTime:1050ms, electionTimeout:1050ms
2019-11-13 16:20:46,003 [Thread-1470] INFO  impl.RoleInfo (RoleInfo.java:shutdownFollowerState(121)) - a3f5b1ff-5ddb-40c7-8bbd-1ae7c3cdb433: shutdown FollowerState
2019-11-13 16:20:46,004 [Thread-1470] INFO  impl.RaftServerImpl (RaftServerImpl.java:setRole(173)) - a3f5b1ff-5ddb-40c7-8bbd-1ae7c3cdb433@group-7D4EA8187F75: changes role from  FOLLOWER to CANDIDATE at term 0 for changeToCandidate
2019-11-13 16:20:46,004 [Thread-1470] INFO  impl.RoleInfo (RoleInfo.java:updateAndGet(143)) - a3f5b1ff-5ddb-40c7-8bbd-1ae7c3cdb433: start LeaderElection
2019-11-13 16:20:46,036 [285e9247-2161-496e-af81-9a87b6b231d9@group-8F7AB9145989-SegmentedRaftLogWorker] INFO  segmented.SegmentedRaftLogWorker (SegmentedRaftLogWorker.java:execute(576)) - 285e9247-2161-496e-af81-9a87b6b231d9@group-8F7AB9145989-SegmentedRaftLogWorker: created new log segment /workdir/hadoop-ozone/integration-test/target/test-dir/MiniOzoneClusterImpl-3a974f43-0da0-4ff7-ab4a-31bb81b91875/datanode-5/data/ratis/969f6d63-08fa-4644-989e-8f7ab9145989/current/log_inprogress_0
2019-11-13 16:20:46,036 [a3f5b1ff-5ddb-40c7-8bbd-1ae7c3cdb433@group-8F7AB9145989-SegmentedRaftLogWorker] INFO  segmented.SegmentedRaftLogWorker (SegmentedRaftLogWorker.java:execute(576)) - a3f5b1ff-5ddb-40c7-8bbd-1ae7c3cdb433@group-8F7AB9145989-SegmentedRaftLogWorker: created new log segment /workdir/hadoop-ozone/integration-test/target/test-dir/MiniOzoneClusterImpl-3a974f43-0da0-4ff7-ab4a-31bb81b91875/datanode-7/data/ratis/969f6d63-08fa-4644-989e-8f7ab9145989/current/log_inprogress_0
2019-11-13 16:20:46,036 [a3f5b1ff-5ddb-40c7-8bbd-1ae7c3cdb433@group-7D4EA8187F75-LeaderElection84] INFO  impl.LeaderElection (LeaderElection.java:askForVotes(178)) - a3f5b1ff-5ddb-40c7-8bbd-1ae7c3cdb433@group-7D4EA8187F75-LeaderElection84: begin an election at term 1 for -1: [a3f5b1ff-5ddb-40c7-8bbd-1ae7c3cdb433:192.168.69.122:40390], old=null
2019-11-13 16:20:46,036 [a3f5b1ff-5ddb-40c7-8bbd-1ae7c3cdb433@group-7D4EA8187F75-LeaderElection84] INFO  impl.RoleInfo (RoleInfo.java:shutdownLeaderElection(134)) - a3f5b1ff-5ddb-40c7-8bbd-1ae7c3cdb433: shutdown LeaderElection
2019-11-13 16:20:46,037 [a3f5b1ff-5ddb-40c7-8bbd-1ae7c3cdb433@group-7D4EA8187F75-LeaderElection84] INFO  impl.RaftServerImpl (RaftServerImpl.java:setRole(173)) - a3f5b1ff-5ddb-40c7-8bbd-1ae7c3cdb433@group-7D4EA8187F75: changes role from CANDIDATE to LEADER at term 1 for changeToLeader
2019-11-13 16:20:46,037 [a3f5b1ff-5ddb-40c7-8bbd-1ae7c3cdb433@group-7D4EA8187F75-LeaderElection84] INFO  ratis.XceiverServerRatis (XceiverServerRatis.java:handleLeaderChangedNotification(697)) - Leader change notification received for group: group-7D4EA8187F75 with new leaderId: a3f5b1ff-5ddb-40c7-8bbd-1ae7c3cdb433
2019-11-13 16:20:46,037 [a3f5b1ff-5ddb-40c7-8bbd-1ae7c3cdb433@group-7D4EA8187F75-LeaderElection84] INFO  impl.RaftServerImpl (ServerState.java:setLeader(255)) - a3f5b1ff-5ddb-40c7-8bbd-1ae7c3cdb433@group-7D4EA8187F75: change Leader from null to a3f5b1ff-5ddb-40c7-8bbd-1ae7c3cdb433 at term 1 for becomeLeader, leader elected after 1088ms
2019-11-13 16:20:46,037 [a3f5b1ff-5ddb-40c7-8bbd-1ae7c3cdb433@group-7D4EA8187F75-LeaderElection84] INFO  server.RaftServerConfigKeys (ConfUtils.java:logGet(43)) - raft.server.staging.catchup.gap = 1000 (default)
2019-11-13 16:20:46,037 [a3f5b1ff-5ddb-40c7-8bbd-1ae7c3cdb433@group-7D4EA8187F75-LeaderElection84] INFO  server.RaftServerConfigKeys (ConfUtils.java:logGet(43)) - raft.server.rpc.sleep.time = 25ms (default)
2019-11-13 16:20:46,038 [a3f5b1ff-5ddb-40c7-8bbd-1ae7c3cdb433@group-7D4EA8187F75-LeaderElection84] INFO  server.RaftServerConfigKeys (ConfUtils.java:logGet(43)) - raft.server.write.element-limit = 4096 (default)
2019-11-13 16:20:46,038 [a3f5b1ff-5ddb-40c7-8bbd-1ae7c3cdb433@group-7D4EA8187F75-LeaderElection84] INFO  server.RaftServerConfigKeys (ConfUtils.java:logGet(43)) - raft.server.watch.timeout = 10s (default)
2019-11-13 16:20:46,038 [a3f5b1ff-5ddb-40c7-8bbd-1ae7c3cdb433@group-7D4EA8187F75-LeaderElection84] INFO  server.RaftServerConfigKeys (ConfUtils.java:logGet(43)) - raft.server.watch.timeout.denomination = 1s (default)
2019-11-13 16:20:46,038 [a3f5b1ff-5ddb-40c7-8bbd-1ae7c3cdb433@group-7D4EA8187F75-LeaderElection84] INFO  server.RaftServerConfigKeys (ConfUtils.java:logGet(43)) - raft.server.watch.element-limit = 65536 (default)
2019-11-13 16:20:46,038 [a3f5b1ff-5ddb-40c7-8bbd-1ae7c3cdb433@group-7D4EA8187F75-LeaderElection84] INFO  impl.RoleInfo (RoleInfo.java:updateAndGet(143)) - a3f5b1ff-5ddb-40c7-8bbd-1ae7c3cdb433: start LeaderState
2019-11-13 16:20:46,038 [EventQueue-PipelineReportForPipelineReportHandler] INFO  pipeline.PipelineStateManager (PipelineStateManager.java:openPipeline(134)) - Pipeline Pipeline[ Id: 21caeef0-0366-41be-9c48-7d4ea8187f75, Nodes: a3f5b1ff-5ddb-40c7-8bbd-1ae7c3cdb433{ip: 192.168.69.122, host: pr-hdds-2467-gc456-181853687, networkLocation: /rack1, certSerialId: null}, Type:RATIS, Factor:ONE, State:OPEN] moved to OPEN state
2019-11-13 16:20:46,038 [a3f5b1ff-5ddb-40c7-8bbd-1ae7c3cdb433@group-7D4EA8187F75-LeaderElection84] INFO  segmented.SegmentedRaftLogWorker (SegmentedRaftLogWorker.java:startLogSegment(385)) - a3f5b1ff-5ddb-40c7-8bbd-1ae7c3cdb433@group-7D4EA8187F75-SegmentedRaftLogWorker: Starting segment from index:0
2019-11-13 16:20:46,039 [a3f5b1ff-5ddb-40c7-8bbd-1ae7c3cdb433@group-7D4EA8187F75-LeaderElection84] INFO  impl.RaftServerImpl (ServerState.java:setRaftConf(356)) - a3f5b1ff-5ddb-40c7-8bbd-1ae7c3cdb433@group-7D4EA8187F75: set configuration 0: [a3f5b1ff-5ddb-40c7-8bbd-1ae7c3cdb433:192.168.69.122:40390], old=null at 0
2019-11-13 16:20:46,075 [Thread-1474] INFO  impl.FollowerState (FollowerState.java:run(111)) - 66a098cb-53c0-4f05-8b16-ad76b3c07384@group-128DF5FDBD50-FollowerState: change to CANDIDATE, lastRpcTime:1045ms, electionTimeout:1045ms
2019-11-13 16:20:46,076 [Thread-1474] INFO  impl.RoleInfo (RoleInfo.java:shutdownFollowerState(121)) - 66a098cb-53c0-4f05-8b16-ad76b3c07384: shutdown FollowerState
2019-11-13 16:20:46,076 [Thread-1474] INFO  impl.RaftServerImpl (RaftServerImpl.java:setRole(173)) - 66a098cb-53c0-4f05-8b16-ad76b3c07384@group-128DF5FDBD50: changes role from  FOLLOWER to CANDIDATE at term 0 for changeToCandidate
2019-11-13 16:20:46,076 [Thread-1474] INFO  impl.RoleInfo (RoleInfo.java:updateAndGet(143)) - 66a098cb-53c0-4f05-8b16-ad76b3c07384: start LeaderElection
2019-11-13 16:20:46,086 [a3f5b1ff-5ddb-40c7-8bbd-1ae7c3cdb433@group-7D4EA8187F75-SegmentedRaftLogWorker] INFO  segmented.SegmentedRaftLogWorker (SegmentedRaftLogWorker.java:execute(576)) - a3f5b1ff-5ddb-40c7-8bbd-1ae7c3cdb433@group-7D4EA8187F75-SegmentedRaftLogWorker: created new log segment /workdir/hadoop-ozone/integration-test/target/test-dir/MiniOzoneClusterImpl-3a974f43-0da0-4ff7-ab4a-31bb81b91875/datanode-7/data/ratis/21caeef0-0366-41be-9c48-7d4ea8187f75/current/log_inprogress_0
2019-11-13 16:20:46,104 [66a098cb-53c0-4f05-8b16-ad76b3c07384@group-128DF5FDBD50-LeaderElection85] INFO  impl.LeaderElection (LeaderElection.java:askForVotes(178)) - 66a098cb-53c0-4f05-8b16-ad76b3c07384@group-128DF5FDBD50-LeaderElection85: begin an election at term 1 for -1: [66a098cb-53c0-4f05-8b16-ad76b3c07384:192.168.69.122:36855], old=null
2019-11-13 16:20:46,104 [66a098cb-53c0-4f05-8b16-ad76b3c07384@group-128DF5FDBD50-LeaderElection85] INFO  impl.RoleInfo (RoleInfo.java:shutdownLeaderElection(134)) - 66a098cb-53c0-4f05-8b16-ad76b3c07384: shutdown LeaderElection
2019-11-13 16:20:46,104 [66a098cb-53c0-4f05-8b16-ad76b3c07384@group-128DF5FDBD50-LeaderElection85] INFO  impl.RaftServerImpl (RaftServerImpl.java:setRole(173)) - 66a098cb-53c0-4f05-8b16-ad76b3c07384@group-128DF5FDBD50: changes role from CANDIDATE to LEADER at term 1 for changeToLeader
2019-11-13 16:20:46,104 [66a098cb-53c0-4f05-8b16-ad76b3c07384@group-128DF5FDBD50-LeaderElection85] INFO  ratis.XceiverServerRatis (XceiverServerRatis.java:handleLeaderChangedNotification(697)) - Leader change notification received for group: group-128DF5FDBD50 with new leaderId: 66a098cb-53c0-4f05-8b16-ad76b3c07384
2019-11-13 16:20:46,104 [66a098cb-53c0-4f05-8b16-ad76b3c07384@group-128DF5FDBD50-LeaderElection85] INFO  impl.RaftServerImpl (ServerState.java:setLeader(255)) - 66a098cb-53c0-4f05-8b16-ad76b3c07384@group-128DF5FDBD50: change Leader from null to 66a098cb-53c0-4f05-8b16-ad76b3c07384 at term 1 for becomeLeader, leader elected after 1077ms
2019-11-13 16:20:46,104 [66a098cb-53c0-4f05-8b16-ad76b3c07384@group-128DF5FDBD50-LeaderElection85] INFO  server.RaftServerConfigKeys (ConfUtils.java:logGet(43)) - raft.server.staging.catchup.gap = 1000 (default)
2019-11-13 16:20:46,104 [66a098cb-53c0-4f05-8b16-ad76b3c07384@group-128DF5FDBD50-LeaderElection85] INFO  server.RaftServerConfigKeys (ConfUtils.java:logGet(43)) - raft.server.rpc.sleep.time = 25ms (default)
2019-11-13 16:20:46,105 [66a098cb-53c0-4f05-8b16-ad76b3c07384@group-128DF5FDBD50-LeaderElection85] INFO  server.RaftServerConfigKeys (ConfUtils.java:logGet(43)) - raft.server.write.element-limit = 4096 (default)
2019-11-13 16:20:46,105 [66a098cb-53c0-4f05-8b16-ad76b3c07384@group-128DF5FDBD50-LeaderElection85] INFO  server.RaftServerConfigKeys (ConfUtils.java:logGet(43)) - raft.server.watch.timeout = 10s (default)
2019-11-13 16:20:46,105 [66a098cb-53c0-4f05-8b16-ad76b3c07384@group-128DF5FDBD50-LeaderElection85] INFO  server.RaftServerConfigKeys (ConfUtils.java:logGet(43)) - raft.server.watch.timeout.denomination = 1s (default)
2019-11-13 16:20:46,105 [66a098cb-53c0-4f05-8b16-ad76b3c07384@group-128DF5FDBD50-LeaderElection85] INFO  server.RaftServerConfigKeys (ConfUtils.java:logGet(43)) - raft.server.watch.element-limit = 65536 (default)
2019-11-13 16:20:46,105 [EventQueue-PipelineReportForPipelineReportHandler] INFO  pipeline.PipelineStateManager (PipelineStateManager.java:openPipeline(134)) - Pipeline Pipeline[ Id: 75843488-b564-4379-98dd-128df5fdbd50, Nodes: 66a098cb-53c0-4f05-8b16-ad76b3c07384{ip: 192.168.69.122, host: pr-hdds-2467-gc456-181853687, networkLocation: /rack1, certSerialId: null}, Type:RATIS, Factor:ONE, State:OPEN] moved to OPEN state
2019-11-13 16:20:46,105 [66a098cb-53c0-4f05-8b16-ad76b3c07384@group-128DF5FDBD50-LeaderElection85] INFO  impl.RoleInfo (RoleInfo.java:updateAndGet(143)) - 66a098cb-53c0-4f05-8b16-ad76b3c07384: start LeaderState
2019-11-13 16:20:46,105 [66a098cb-53c0-4f05-8b16-ad76b3c07384@group-128DF5FDBD50-LeaderElection85] INFO  segmented.SegmentedRaftLogWorker (SegmentedRaftLogWorker.java:startLogSegment(385)) - 66a098cb-53c0-4f05-8b16-ad76b3c07384@group-128DF5FDBD50-SegmentedRaftLogWorker: Starting segment from index:0
2019-11-13 16:20:46,106 [66a098cb-53c0-4f05-8b16-ad76b3c07384@group-128DF5FDBD50-LeaderElection85] INFO  impl.RaftServerImpl (ServerState.java:setRaftConf(356)) - 66a098cb-53c0-4f05-8b16-ad76b3c07384@group-128DF5FDBD50: set configuration 0: [66a098cb-53c0-4f05-8b16-ad76b3c07384:192.168.69.122:36855], old=null at 0
2019-11-13 16:20:46,154 [66a098cb-53c0-4f05-8b16-ad76b3c07384@group-128DF5FDBD50-SegmentedRaftLogWorker] INFO  segmented.SegmentedRaftLogWorker (SegmentedRaftLogWorker.java:execute(576)) - 66a098cb-53c0-4f05-8b16-ad76b3c07384@group-128DF5FDBD50-SegmentedRaftLogWorker: created new log segment /workdir/hadoop-ozone/integration-test/target/test-dir/MiniOzoneClusterImpl-3a974f43-0da0-4ff7-ab4a-31bb81b91875/datanode-1/data/ratis/75843488-b564-4379-98dd-128df5fdbd50/current/log_inprogress_0
2019-11-13 16:20:46,375 [main] WARN  scm.XceiverClientRatis (XceiverClientRatis.java:watchForCommit(277)) - 3 way commit failed on pipeline Pipeline[ Id: 7ebd2859-b8ca-47ec-8e67-eb04782e8565, Nodes: 0d99dfee-4670-49f5-9a57-a4288445f0bf{ip: 192.168.69.122, host: pr-hdds-2467-gc456-181853687, networkLocation: /rack1, certSerialId: null}23e196cf-bea2-4a46-b492-74457a62baf8{ip: 192.168.69.122, host: pr-hdds-2467-gc456-181853687, networkLocation: /rack1, certSerialId: null}c8ab3730-25d4-490d-a322-cbffb61abc7d{ip: 192.168.69.122, host: pr-hdds-2467-gc456-181853687, networkLocation: /rack1, certSerialId: null}, Type:RATIS, Factor:THREE, State:OPEN]
java.util.concurrent.ExecutionException: org.apache.ratis.protocol.GroupMismatchException: 23e196cf-bea2-4a46-b492-74457a62baf8: group-EB04782E8565 not found.
	at java.util.concurrent.CompletableFuture.reportGet(CompletableFuture.java:357)
	at java.util.concurrent.CompletableFuture.get(CompletableFuture.java:1915)
	at org.apache.hadoop.hdds.scm.XceiverClientRatis.watchForCommit(XceiverClientRatis.java:274)
	at org.apache.hadoop.hdds.scm.storage.CommitWatcher.watchForCommit(CommitWatcher.java:198)
	at org.apache.hadoop.hdds.scm.storage.CommitWatcher.watchOnLastIndex(CommitWatcher.java:161)
	at org.apache.hadoop.hdds.scm.storage.BlockOutputStream.watchForCommit(BlockOutputStream.java:346)
	at org.apache.hadoop.hdds.scm.storage.BlockOutputStream.handleFlush(BlockOutputStream.java:482)
	at org.apache.hadoop.hdds.scm.storage.BlockOutputStream.flush(BlockOutputStream.java:431)
	at org.apache.hadoop.ozone.client.io.BlockOutputStreamEntry.flush(BlockOutputStreamEntry.java:136)
	at org.apache.hadoop.ozone.client.io.KeyOutputStream.handleFlushOrClose(KeyOutputStream.java:443)
	at org.apache.hadoop.ozone.client.io.KeyOutputStream.flush(KeyOutputStream.java:397)
	at org.apache.hadoop.ozone.client.io.OzoneOutputStream.flush(OzoneOutputStream.java:54)
	at org.apache.hadoop.ozone.client.rpc.TestFailureHandlingByClient.testContainerExclusionWithClosedContainerException(TestFailureHandlingByClient.java:241)
	at sun.reflect.NativeMethodAccessorImpl.invoke0(Native Method)
	at sun.reflect.NativeMethodAccessorImpl.invoke(NativeMethodAccessorImpl.java:62)
	at sun.reflect.DelegatingMethodAccessorImpl.invoke(DelegatingMethodAccessorImpl.java:43)
	at java.lang.reflect.Method.invoke(Method.java:498)
	at org.junit.runners.model.FrameworkMethod$1.runReflectiveCall(FrameworkMethod.java:47)
	at org.junit.internal.runners.model.ReflectiveCallable.run(ReflectiveCallable.java:12)
	at org.junit.runners.model.FrameworkMethod.invokeExplosively(FrameworkMethod.java:44)
	at org.junit.internal.runners.statements.InvokeMethod.evaluate(InvokeMethod.java:17)
	at org.junit.internal.runners.statements.RunAfters.evaluate(RunAfters.java:27)
	at org.junit.runners.ParentRunner.runLeaf(ParentRunner.java:271)
	at org.junit.runners.BlockJUnit4ClassRunner.runChild(BlockJUnit4ClassRunner.java:70)
	at org.junit.runners.BlockJUnit4ClassRunner.runChild(BlockJUnit4ClassRunner.java:50)
	at org.junit.runners.ParentRunner$3.run(ParentRunner.java:238)
	at org.junit.runners.ParentRunner$1.schedule(ParentRunner.java:63)
	at org.junit.runners.ParentRunner.runChildren(ParentRunner.java:236)
	at org.junit.runners.ParentRunner.access$000(ParentRunner.java:53)
	at org.junit.runners.ParentRunner$2.evaluate(ParentRunner.java:229)
	at org.junit.runners.ParentRunner.run(ParentRunner.java:309)
	at org.apache.maven.surefire.junit4.JUnit4Provider.execute(JUnit4Provider.java:365)
	at org.apache.maven.surefire.junit4.JUnit4Provider.executeWithRerun(JUnit4Provider.java:273)
	at org.apache.maven.surefire.junit4.JUnit4Provider.executeTestSet(JUnit4Provider.java:238)
	at org.apache.maven.surefire.junit4.JUnit4Provider.invoke(JUnit4Provider.java:159)
	at org.apache.maven.surefire.booter.ForkedBooter.invokeProviderInSameClassLoader(ForkedBooter.java:384)
	at org.apache.maven.surefire.booter.ForkedBooter.runSuitesInProcess(ForkedBooter.java:345)
	at org.apache.maven.surefire.booter.ForkedBooter.execute(ForkedBooter.java:126)
	at org.apache.maven.surefire.booter.ForkedBooter.main(ForkedBooter.java:418)
Caused by: org.apache.ratis.protocol.GroupMismatchException: 23e196cf-bea2-4a46-b492-74457a62baf8: group-EB04782E8565 not found.
	at org.apache.ratis.server.impl.RaftServerProxy$ImplMap.get(RaftServerProxy.java:122)
	at org.apache.ratis.server.impl.RaftServerProxy.getImplFuture(RaftServerProxy.java:269)
	at org.apache.ratis.server.impl.RaftServerProxy.submitRequest(RaftServerProxy.java:327)
	at org.apache.ratis.server.impl.RaftServerProxy.submitClientRequestAsync(RaftServerProxy.java:333)
	at org.apache.ratis.grpc.client.GrpcClientProtocolService$RequestStreamObserver.processClientRequest(GrpcClientProtocolService.java:221)
	at org.apache.ratis.grpc.client.GrpcClientProtocolService$UnorderedRequestStreamObserver.processClientRequest(GrpcClientProtocolService.java:277)
	at org.apache.ratis.grpc.client.GrpcClientProtocolService$RequestStreamObserver.onNext(GrpcClientProtocolService.java:241)
	at org.apache.ratis.grpc.client.GrpcClientProtocolService$RequestStreamObserver.onNext(GrpcClientProtocolService.java:168)
	at org.apache.ratis.thirdparty.io.grpc.stub.ServerCalls$StreamingServerCallHandler$StreamingServerCallListener.onMessage(ServerCalls.java:248)
	at org.apache.ratis.thirdparty.io.grpc.internal.ServerCallImpl$ServerStreamListenerImpl.messagesAvailable(ServerCallImpl.java:263)
	at org.apache.ratis.thirdparty.io.grpc.internal.ServerImpl$JumpToApplicationThreadServerStreamListener$1MessagesAvailable.runInContext(ServerImpl.java:686)
	at org.apache.ratis.thirdparty.io.grpc.internal.ContextRunnable.run(ContextRunnable.java:37)
	at org.apache.ratis.thirdparty.io.grpc.internal.SerializingExecutor.run(SerializingExecutor.java:123)
	at java.util.concurrent.ThreadPoolExecutor.runWorker(ThreadPoolExecutor.java:1149)
	at java.util.concurrent.ThreadPoolExecutor$Worker.run(ThreadPoolExecutor.java:624)
	at java.lang.Thread.run(Thread.java:748)
2019-11-13 16:20:46,375 [main] WARN  storage.CommitWatcher (CommitWatcher.java:watchForCommit(207)) - watchForCommit failed for index 2
java.util.concurrent.ExecutionException: org.apache.ratis.protocol.GroupMismatchException: 23e196cf-bea2-4a46-b492-74457a62baf8: group-EB04782E8565 not found.
	at java.util.concurrent.CompletableFuture.reportGet(CompletableFuture.java:357)
	at java.util.concurrent.CompletableFuture.get(CompletableFuture.java:1915)
	at org.apache.hadoop.hdds.scm.XceiverClientRatis.watchForCommit(XceiverClientRatis.java:274)
	at org.apache.hadoop.hdds.scm.storage.CommitWatcher.watchForCommit(CommitWatcher.java:198)
	at org.apache.hadoop.hdds.scm.storage.CommitWatcher.watchOnLastIndex(CommitWatcher.java:161)
	at org.apache.hadoop.hdds.scm.storage.BlockOutputStream.watchForCommit(BlockOutputStream.java:346)
	at org.apache.hadoop.hdds.scm.storage.BlockOutputStream.handleFlush(BlockOutputStream.java:482)
	at org.apache.hadoop.hdds.scm.storage.BlockOutputStream.flush(BlockOutputStream.java:431)
	at org.apache.hadoop.ozone.client.io.BlockOutputStreamEntry.flush(BlockOutputStreamEntry.java:136)
	at org.apache.hadoop.ozone.client.io.KeyOutputStream.handleFlushOrClose(KeyOutputStream.java:443)
	at org.apache.hadoop.ozone.client.io.KeyOutputStream.flush(KeyOutputStream.java:397)
	at org.apache.hadoop.ozone.client.io.OzoneOutputStream.flush(OzoneOutputStream.java:54)
	at org.apache.hadoop.ozone.client.rpc.TestFailureHandlingByClient.testContainerExclusionWithClosedContainerException(TestFailureHandlingByClient.java:241)
	at sun.reflect.NativeMethodAccessorImpl.invoke0(Native Method)
	at sun.reflect.NativeMethodAccessorImpl.invoke(NativeMethodAccessorImpl.java:62)
	at sun.reflect.DelegatingMethodAccessorImpl.invoke(DelegatingMethodAccessorImpl.java:43)
	at java.lang.reflect.Method.invoke(Method.java:498)
	at org.junit.runners.model.FrameworkMethod$1.runReflectiveCall(FrameworkMethod.java:47)
	at org.junit.internal.runners.model.ReflectiveCallable.run(ReflectiveCallable.java:12)
	at org.junit.runners.model.FrameworkMethod.invokeExplosively(FrameworkMethod.java:44)
	at org.junit.internal.runners.statements.InvokeMethod.evaluate(InvokeMethod.java:17)
	at org.junit.internal.runners.statements.RunAfters.evaluate(RunAfters.java:27)
	at org.junit.runners.ParentRunner.runLeaf(ParentRunner.java:271)
	at org.junit.runners.BlockJUnit4ClassRunner.runChild(BlockJUnit4ClassRunner.java:70)
	at org.junit.runners.BlockJUnit4ClassRunner.runChild(BlockJUnit4ClassRunner.java:50)
	at org.junit.runners.ParentRunner$3.run(ParentRunner.java:238)
	at org.junit.runners.ParentRunner$1.schedule(ParentRunner.java:63)
	at org.junit.runners.ParentRunner.runChildren(ParentRunner.java:236)
	at org.junit.runners.ParentRunner.access$000(ParentRunner.java:53)
	at org.junit.runners.ParentRunner$2.evaluate(ParentRunner.java:229)
	at org.junit.runners.ParentRunner.run(ParentRunner.java:309)
	at org.apache.maven.surefire.junit4.JUnit4Provider.execute(JUnit4Provider.java:365)
	at org.apache.maven.surefire.junit4.JUnit4Provider.executeWithRerun(JUnit4Provider.java:273)
	at org.apache.maven.surefire.junit4.JUnit4Provider.executeTestSet(JUnit4Provider.java:238)
	at org.apache.maven.surefire.junit4.JUnit4Provider.invoke(JUnit4Provider.java:159)
	at org.apache.maven.surefire.booter.ForkedBooter.invokeProviderInSameClassLoader(ForkedBooter.java:384)
	at org.apache.maven.surefire.booter.ForkedBooter.runSuitesInProcess(ForkedBooter.java:345)
	at org.apache.maven.surefire.booter.ForkedBooter.execute(ForkedBooter.java:126)
	at org.apache.maven.surefire.booter.ForkedBooter.main(ForkedBooter.java:418)
Caused by: org.apache.ratis.protocol.GroupMismatchException: 23e196cf-bea2-4a46-b492-74457a62baf8: group-EB04782E8565 not found.
	at org.apache.ratis.server.impl.RaftServerProxy$ImplMap.get(RaftServerProxy.java:122)
	at org.apache.ratis.server.impl.RaftServerProxy.getImplFuture(RaftServerProxy.java:269)
	at org.apache.ratis.server.impl.RaftServerProxy.submitRequest(RaftServerProxy.java:327)
	at org.apache.ratis.server.impl.RaftServerProxy.submitClientRequestAsync(RaftServerProxy.java:333)
	at org.apache.ratis.grpc.client.GrpcClientProtocolService$RequestStreamObserver.processClientRequest(GrpcClientProtocolService.java:221)
	at org.apache.ratis.grpc.client.GrpcClientProtocolService$UnorderedRequestStreamObserver.processClientRequest(GrpcClientProtocolService.java:277)
	at org.apache.ratis.grpc.client.GrpcClientProtocolService$RequestStreamObserver.onNext(GrpcClientProtocolService.java:241)
	at org.apache.ratis.grpc.client.GrpcClientProtocolService$RequestStreamObserver.onNext(GrpcClientProtocolService.java:168)
	at org.apache.ratis.thirdparty.io.grpc.stub.ServerCalls$StreamingServerCallHandler$StreamingServerCallListener.onMessage(ServerCalls.java:248)
	at org.apache.ratis.thirdparty.io.grpc.internal.ServerCallImpl$ServerStreamListenerImpl.messagesAvailable(ServerCallImpl.java:263)
	at org.apache.ratis.thirdparty.io.grpc.internal.ServerImpl$JumpToApplicationThreadServerStreamListener$1MessagesAvailable.runInContext(ServerImpl.java:686)
	at org.apache.ratis.thirdparty.io.grpc.internal.ContextRunnable.run(ContextRunnable.java:37)
	at org.apache.ratis.thirdparty.io.grpc.internal.SerializingExecutor.run(SerializingExecutor.java:123)
	at java.util.concurrent.ThreadPoolExecutor.runWorker(ThreadPoolExecutor.java:1149)
	at java.util.concurrent.ThreadPoolExecutor$Worker.run(ThreadPoolExecutor.java:624)
	at java.lang.Thread.run(Thread.java:748)
2019-11-13 16:20:46,376 [main] WARN  io.KeyOutputStream (KeyOutputStream.java:handleException(274)) - Encountered exception java.io.IOException: Unexpected Storage Container Exception: java.io.IOException: Unexpected Storage Container Exception: java.util.concurrent.ExecutionException: org.apache.ratis.protocol.GroupMismatchException: 23e196cf-bea2-4a46-b492-74457a62baf8: group-EB04782E8565 not found. on the pipeline Pipeline[ Id: 7ebd2859-b8ca-47ec-8e67-eb04782e8565, Nodes: 0d99dfee-4670-49f5-9a57-a4288445f0bf{ip: 192.168.69.122, host: pr-hdds-2467-gc456-181853687, networkLocation: /rack1, certSerialId: null}23e196cf-bea2-4a46-b492-74457a62baf8{ip: 192.168.69.122, host: pr-hdds-2467-gc456-181853687, networkLocation: /rack1, certSerialId: null}c8ab3730-25d4-490d-a322-cbffb61abc7d{ip: 192.168.69.122, host: pr-hdds-2467-gc456-181853687, networkLocation: /rack1, certSerialId: null}, Type:RATIS, Factor:THREE, State:OPEN]. The last committed block length is 0, uncommitted data length is 1048576 retry count 0
2019-11-13 16:20:46,376 [main] INFO  io.BlockOutputStreamEntryPool (BlockOutputStreamEntryPool.java:allocateNewBlock(257)) - Allocating block with ExcludeList {datanodes = [], containerIds = [], pipelineIds = [PipelineID=7ebd2859-b8ca-47ec-8e67-eb04782e8565]}
2019-11-13 16:20:46,576 [Thread-1502] INFO  impl.FollowerState (FollowerState.java:run(111)) - c8ab3730-25d4-490d-a322-cbffb61abc7d@group-72AFD38E77E4-FollowerState: change to CANDIDATE, lastRpcTime:1036ms, electionTimeout:1036ms
2019-11-13 16:20:46,576 [Thread-1502] INFO  impl.RoleInfo (RoleInfo.java:shutdownFollowerState(121)) - c8ab3730-25d4-490d-a322-cbffb61abc7d: shutdown FollowerState
2019-11-13 16:20:46,576 [Thread-1502] INFO  impl.RaftServerImpl (RaftServerImpl.java:setRole(173)) - c8ab3730-25d4-490d-a322-cbffb61abc7d@group-72AFD38E77E4: changes role from  FOLLOWER to CANDIDATE at term 0 for changeToCandidate
2019-11-13 16:20:46,576 [Thread-1502] INFO  impl.RoleInfo (RoleInfo.java:updateAndGet(143)) - c8ab3730-25d4-490d-a322-cbffb61abc7d: start LeaderElection
2019-11-13 16:20:46,600 [c8ab3730-25d4-490d-a322-cbffb61abc7d@group-72AFD38E77E4-LeaderElection86] INFO  impl.LeaderElection (LeaderElection.java:askForVotes(178)) - c8ab3730-25d4-490d-a322-cbffb61abc7d@group-72AFD38E77E4-LeaderElection86: begin an election at term 1 for -1: [0d99dfee-4670-49f5-9a57-a4288445f0bf:192.168.69.122:44563, c8ab3730-25d4-490d-a322-cbffb61abc7d:192.168.69.122:32878, 23e196cf-bea2-4a46-b492-74457a62baf8:192.168.69.122:43821], old=null
2019-11-13 16:20:46,604 [grpc-default-executor-5] INFO  impl.RaftServerImpl (RaftServerImpl.java:setRole(173)) - 23e196cf-bea2-4a46-b492-74457a62baf8@group-72AFD38E77E4: changes role from  FOLLOWER to FOLLOWER at term 1 for recognizeCandidate:c8ab3730-25d4-490d-a322-cbffb61abc7d
2019-11-13 16:20:46,604 [grpc-default-executor-5] INFO  impl.RoleInfo (RoleInfo.java:shutdownFollowerState(121)) - 23e196cf-bea2-4a46-b492-74457a62baf8: shutdown FollowerState
2019-11-13 16:20:46,604 [grpc-default-executor-0] INFO  impl.RaftServerImpl (RaftServerImpl.java:setRole(173)) - 0d99dfee-4670-49f5-9a57-a4288445f0bf@group-72AFD38E77E4: changes role from  FOLLOWER to FOLLOWER at term 1 for recognizeCandidate:c8ab3730-25d4-490d-a322-cbffb61abc7d
2019-11-13 16:20:46,605 [Thread-1501] INFO  impl.FollowerState (FollowerState.java:run(120)) - 23e196cf-bea2-4a46-b492-74457a62baf8@group-72AFD38E77E4-FollowerState was interrupted: java.lang.InterruptedException: sleep interrupted
2019-11-13 16:20:46,605 [grpc-default-executor-5] INFO  impl.RoleInfo (RoleInfo.java:updateAndGet(143)) - 23e196cf-bea2-4a46-b492-74457a62baf8: start FollowerState
2019-11-13 16:20:46,605 [grpc-default-executor-0] INFO  impl.RoleInfo (RoleInfo.java:shutdownFollowerState(121)) - 0d99dfee-4670-49f5-9a57-a4288445f0bf: shutdown FollowerState
2019-11-13 16:20:46,605 [grpc-default-executor-0] INFO  impl.RoleInfo (RoleInfo.java:updateAndGet(143)) - 0d99dfee-4670-49f5-9a57-a4288445f0bf: start FollowerState
2019-11-13 16:20:46,605 [Thread-1497] INFO  impl.FollowerState (FollowerState.java:run(120)) - 0d99dfee-4670-49f5-9a57-a4288445f0bf@group-72AFD38E77E4-FollowerState was interrupted: java.lang.InterruptedException: sleep interrupted
2019-11-13 16:20:46,627 [c8ab3730-25d4-490d-a322-cbffb61abc7d@group-72AFD38E77E4-LeaderElection86] INFO  impl.LeaderElection (LeaderElection.java:logAndReturn(56)) - c8ab3730-25d4-490d-a322-cbffb61abc7d@group-72AFD38E77E4-LeaderElection86: Election PASSED; received 1 response(s) [c8ab3730-25d4-490d-a322-cbffb61abc7d<-0d99dfee-4670-49f5-9a57-a4288445f0bf#0:OK-t1] and 0 exception(s); c8ab3730-25d4-490d-a322-cbffb61abc7d@group-72AFD38E77E4:t1, leader=null, voted=c8ab3730-25d4-490d-a322-cbffb61abc7d, raftlog=c8ab3730-25d4-490d-a322-cbffb61abc7d@group-72AFD38E77E4-SegmentedRaftLog:OPENED:c-1,f-1,i0, conf=-1: [0d99dfee-4670-49f5-9a57-a4288445f0bf:192.168.69.122:44563, c8ab3730-25d4-490d-a322-cbffb61abc7d:192.168.69.122:32878, 23e196cf-bea2-4a46-b492-74457a62baf8:192.168.69.122:43821], old=null
2019-11-13 16:20:46,628 [c8ab3730-25d4-490d-a322-cbffb61abc7d@group-72AFD38E77E4-LeaderElection86] INFO  impl.RoleInfo (RoleInfo.java:shutdownLeaderElection(134)) - c8ab3730-25d4-490d-a322-cbffb61abc7d: shutdown LeaderElection
2019-11-13 16:20:46,628 [c8ab3730-25d4-490d-a322-cbffb61abc7d@group-72AFD38E77E4-LeaderElection86] INFO  impl.RaftServerImpl (RaftServerImpl.java:setRole(173)) - c8ab3730-25d4-490d-a322-cbffb61abc7d@group-72AFD38E77E4: changes role from CANDIDATE to LEADER at term 1 for changeToLeader
2019-11-13 16:20:46,628 [c8ab3730-25d4-490d-a322-cbffb61abc7d@group-72AFD38E77E4-LeaderElection86] INFO  ratis.XceiverServerRatis (XceiverServerRatis.java:handleLeaderChangedNotification(697)) - Leader change notification received for group: group-72AFD38E77E4 with new leaderId: c8ab3730-25d4-490d-a322-cbffb61abc7d
2019-11-13 16:20:46,629 [c8ab3730-25d4-490d-a322-cbffb61abc7d@group-72AFD38E77E4-LeaderElection86] INFO  impl.RaftServerImpl (ServerState.java:setLeader(255)) - c8ab3730-25d4-490d-a322-cbffb61abc7d@group-72AFD38E77E4: change Leader from null to c8ab3730-25d4-490d-a322-cbffb61abc7d at term 1 for becomeLeader, leader elected after 1098ms
2019-11-13 16:20:46,629 [c8ab3730-25d4-490d-a322-cbffb61abc7d@group-72AFD38E77E4-LeaderElection86] INFO  server.RaftServerConfigKeys (ConfUtils.java:logGet(43)) - raft.server.staging.catchup.gap = 1000 (default)
2019-11-13 16:20:46,629 [c8ab3730-25d4-490d-a322-cbffb61abc7d@group-72AFD38E77E4-LeaderElection86] INFO  server.RaftServerConfigKeys (ConfUtils.java:logGet(43)) - raft.server.rpc.sleep.time = 25ms (default)
2019-11-13 16:20:46,629 [c8ab3730-25d4-490d-a322-cbffb61abc7d@group-72AFD38E77E4-LeaderElection86] INFO  server.RaftServerConfigKeys (ConfUtils.java:logGet(43)) - raft.server.write.element-limit = 4096 (default)
2019-11-13 16:20:46,629 [c8ab3730-25d4-490d-a322-cbffb61abc7d@group-72AFD38E77E4-LeaderElection86] INFO  server.RaftServerConfigKeys (ConfUtils.java:logGet(43)) - raft.server.watch.timeout = 10s (default)
2019-11-13 16:20:46,629 [c8ab3730-25d4-490d-a322-cbffb61abc7d@group-72AFD38E77E4-LeaderElection86] INFO  server.RaftServerConfigKeys (ConfUtils.java:logGet(43)) - raft.server.watch.timeout.denomination = 1s (default)
2019-11-13 16:20:46,629 [c8ab3730-25d4-490d-a322-cbffb61abc7d@group-72AFD38E77E4-LeaderElection86] INFO  server.RaftServerConfigKeys (ConfUtils.java:logGet(43)) - raft.server.watch.element-limit = 65536 (default)
2019-11-13 16:20:46,629 [EventQueue-PipelineReportForPipelineReportHandler] INFO  pipeline.PipelineStateManager (PipelineStateManager.java:openPipeline(134)) - Pipeline Pipeline[ Id: 091d7849-7144-4ba9-ae72-72afd38e77e4, Nodes: 0d99dfee-4670-49f5-9a57-a4288445f0bf{ip: 192.168.69.122, host: pr-hdds-2467-gc456-181853687, networkLocation: /rack1, certSerialId: null}23e196cf-bea2-4a46-b492-74457a62baf8{ip: 192.168.69.122, host: pr-hdds-2467-gc456-181853687, networkLocation: /rack1, certSerialId: null}c8ab3730-25d4-490d-a322-cbffb61abc7d{ip: 192.168.69.122, host: pr-hdds-2467-gc456-181853687, networkLocation: /rack1, certSerialId: null}, Type:RATIS, Factor:THREE, State:OPEN] moved to OPEN state
2019-11-13 16:20:46,629 [c8ab3730-25d4-490d-a322-cbffb61abc7d@group-72AFD38E77E4-LeaderElection86] INFO  server.RaftServerConfigKeys (ConfUtils.java:logGet(43)) - raft.server.log.appender.snapshot.chunk.size.max = 16MB (=16777216) (default)
2019-11-13 16:20:46,630 [c8ab3730-25d4-490d-a322-cbffb61abc7d@group-72AFD38E77E4-LeaderElection86] INFO  server.RaftServerConfigKeys (ConfUtils.java:logGet(43)) - raft.server.log.appender.buffer.byte-limit = 33554432 (custom)
2019-11-13 16:20:46,630 [c8ab3730-25d4-490d-a322-cbffb61abc7d@group-72AFD38E77E4-LeaderElection86] INFO  server.RaftServerConfigKeys (ConfUtils.java:logGet(43)) - raft.server.log.appender.buffer.element-limit = 1 (custom)
2019-11-13 16:20:46,630 [c8ab3730-25d4-490d-a322-cbffb61abc7d@group-72AFD38E77E4-LeaderElection86] INFO  grpc.GrpcConfigKeys$Server (ConfUtils.java:logGet(43)) - raft.grpc.server.leader.outstanding.appends.max = 128 (default)
2019-11-13 16:20:46,630 [c8ab3730-25d4-490d-a322-cbffb61abc7d@group-72AFD38E77E4-LeaderElection86] INFO  server.RaftServerConfigKeys (ConfUtils.java:logGet(43)) - raft.server.rpc.request.timeout = 3000ms (default)
2019-11-13 16:20:46,630 [c8ab3730-25d4-490d-a322-cbffb61abc7d@group-72AFD38E77E4-LeaderElection86] INFO  server.RaftServerConfigKeys (ConfUtils.java:logGet(43)) - raft.server.log.appender.install.snapshot.enabled = false (custom)
2019-11-13 16:20:46,630 [c8ab3730-25d4-490d-a322-cbffb61abc7d@group-72AFD38E77E4-LeaderElection86] WARN  impl.MetricRegistriesImpl (MetricRegistriesImpl.java:lambda$create$1(61)) - First MetricRegistry has been created without registering reporters. You may need to call MetricRegistries.global().addReportRegistration(...) before.
2019-11-13 16:20:46,630 [c8ab3730-25d4-490d-a322-cbffb61abc7d@group-72AFD38E77E4-LeaderElection86] INFO  server.RaftServerConfigKeys (ConfUtils.java:logGet(43)) - raft.server.log.appender.snapshot.chunk.size.max = 16MB (=16777216) (default)
2019-11-13 16:20:46,630 [c8ab3730-25d4-490d-a322-cbffb61abc7d@group-72AFD38E77E4-LeaderElection86] INFO  server.RaftServerConfigKeys (ConfUtils.java:logGet(43)) - raft.server.log.appender.buffer.byte-limit = 33554432 (custom)
2019-11-13 16:20:46,631 [c8ab3730-25d4-490d-a322-cbffb61abc7d@group-72AFD38E77E4-LeaderElection86] INFO  server.RaftServerConfigKeys (ConfUtils.java:logGet(43)) - raft.server.log.appender.buffer.element-limit = 1 (custom)
2019-11-13 16:20:46,631 [c8ab3730-25d4-490d-a322-cbffb61abc7d@group-72AFD38E77E4-LeaderElection86] INFO  grpc.GrpcConfigKeys$Server (ConfUtils.java:logGet(43)) - raft.grpc.server.leader.outstanding.appends.max = 128 (default)
2019-11-13 16:20:46,631 [c8ab3730-25d4-490d-a322-cbffb61abc7d@group-72AFD38E77E4-LeaderElection86] INFO  server.RaftServerConfigKeys (ConfUtils.java:logGet(43)) - raft.server.rpc.request.timeout = 3000ms (default)
2019-11-13 16:20:46,631 [c8ab3730-25d4-490d-a322-cbffb61abc7d@group-72AFD38E77E4-LeaderElection86] INFO  server.RaftServerConfigKeys (ConfUtils.java:logGet(43)) - raft.server.log.appender.install.snapshot.enabled = false (custom)
2019-11-13 16:20:46,631 [c8ab3730-25d4-490d-a322-cbffb61abc7d@group-72AFD38E77E4-LeaderElection86] INFO  impl.RoleInfo (RoleInfo.java:updateAndGet(143)) - c8ab3730-25d4-490d-a322-cbffb61abc7d: start LeaderState
2019-11-13 16:20:46,631 [c8ab3730-25d4-490d-a322-cbffb61abc7d@group-72AFD38E77E4-LeaderElection86] INFO  segmented.SegmentedRaftLogWorker (SegmentedRaftLogWorker.java:startLogSegment(385)) - c8ab3730-25d4-490d-a322-cbffb61abc7d@group-72AFD38E77E4-SegmentedRaftLogWorker: Starting segment from index:0
2019-11-13 16:20:46,632 [c8ab3730-25d4-490d-a322-cbffb61abc7d@group-72AFD38E77E4-LeaderElection86] INFO  impl.RaftServerImpl (ServerState.java:setRaftConf(356)) - c8ab3730-25d4-490d-a322-cbffb61abc7d@group-72AFD38E77E4: set configuration 0: [0d99dfee-4670-49f5-9a57-a4288445f0bf:192.168.69.122:44563, c8ab3730-25d4-490d-a322-cbffb61abc7d:192.168.69.122:32878, 23e196cf-bea2-4a46-b492-74457a62baf8:192.168.69.122:43821], old=null at 0
2019-11-13 16:20:46,659 [grpc-default-executor-5] INFO  ratis.XceiverServerRatis (XceiverServerRatis.java:handleLeaderChangedNotification(697)) - Leader change notification received for group: group-72AFD38E77E4 with new leaderId: c8ab3730-25d4-490d-a322-cbffb61abc7d
2019-11-13 16:20:46,660 [grpc-default-executor-5] INFO  impl.RaftServerImpl (ServerState.java:setLeader(255)) - 23e196cf-bea2-4a46-b492-74457a62baf8@group-72AFD38E77E4: change Leader from null to c8ab3730-25d4-490d-a322-cbffb61abc7d at term 1 for appendEntries, leader elected after 1130ms
2019-11-13 16:20:46,661 [grpc-default-executor-1] INFO  ratis.XceiverServerRatis (XceiverServerRatis.java:handleLeaderChangedNotification(697)) - Leader change notification received for group: group-72AFD38E77E4 with new leaderId: c8ab3730-25d4-490d-a322-cbffb61abc7d
2019-11-13 16:20:46,662 [grpc-default-executor-1] INFO  impl.RaftServerImpl (ServerState.java:setLeader(255)) - 0d99dfee-4670-49f5-9a57-a4288445f0bf@group-72AFD38E77E4: change Leader from null to c8ab3730-25d4-490d-a322-cbffb61abc7d at term 1 for appendEntries, leader elected after 1132ms
2019-11-13 16:20:46,665 [grpc-default-executor-5] INFO  impl.RaftServerImpl (ServerState.java:setRaftConf(356)) - 23e196cf-bea2-4a46-b492-74457a62baf8@group-72AFD38E77E4: set configuration 0: [0d99dfee-4670-49f5-9a57-a4288445f0bf:192.168.69.122:44563, c8ab3730-25d4-490d-a322-cbffb61abc7d:192.168.69.122:32878, 23e196cf-bea2-4a46-b492-74457a62baf8:192.168.69.122:43821], old=null at 0
2019-11-13 16:20:46,668 [grpc-default-executor-3] INFO  impl.RaftServerImpl (ServerState.java:setRaftConf(356)) - 0d99dfee-4670-49f5-9a57-a4288445f0bf@group-72AFD38E77E4: set configuration 0: [0d99dfee-4670-49f5-9a57-a4288445f0bf:192.168.69.122:44563, c8ab3730-25d4-490d-a322-cbffb61abc7d:192.168.69.122:32878, 23e196cf-bea2-4a46-b492-74457a62baf8:192.168.69.122:43821], old=null at 0
2019-11-13 16:20:46,668 [grpc-default-executor-5] INFO  segmented.SegmentedRaftLogWorker (SegmentedRaftLogWorker.java:startLogSegment(385)) - 23e196cf-bea2-4a46-b492-74457a62baf8@group-72AFD38E77E4-SegmentedRaftLogWorker: Starting segment from index:0
2019-11-13 16:20:46,668 [grpc-default-executor-3] INFO  segmented.SegmentedRaftLogWorker (SegmentedRaftLogWorker.java:startLogSegment(385)) - 0d99dfee-4670-49f5-9a57-a4288445f0bf@group-72AFD38E77E4-SegmentedRaftLogWorker: Starting segment from index:0
2019-11-13 16:20:46,686 [c8ab3730-25d4-490d-a322-cbffb61abc7d@group-72AFD38E77E4-SegmentedRaftLogWorker] INFO  segmented.SegmentedRaftLogWorker (SegmentedRaftLogWorker.java:execute(576)) - c8ab3730-25d4-490d-a322-cbffb61abc7d@group-72AFD38E77E4-SegmentedRaftLogWorker: created new log segment /workdir/hadoop-ozone/integration-test/target/test-dir/MiniOzoneClusterImpl-3a974f43-0da0-4ff7-ab4a-31bb81b91875/datanode-0/data/ratis/091d7849-7144-4ba9-ae72-72afd38e77e4/current/log_inprogress_0
2019-11-13 16:20:46,720 [0d99dfee-4670-49f5-9a57-a4288445f0bf@group-72AFD38E77E4-SegmentedRaftLogWorker] INFO  segmented.SegmentedRaftLogWorker (SegmentedRaftLogWorker.java:execute(576)) - 0d99dfee-4670-49f5-9a57-a4288445f0bf@group-72AFD38E77E4-SegmentedRaftLogWorker: created new log segment /workdir/hadoop-ozone/integration-test/target/test-dir/MiniOzoneClusterImpl-3a974f43-0da0-4ff7-ab4a-31bb81b91875/datanode-3/data/ratis/091d7849-7144-4ba9-ae72-72afd38e77e4/current/log_inprogress_0
2019-11-13 16:20:46,734 [Thread-1507] INFO  impl.FollowerState (FollowerState.java:run(111)) - ece9b524-37b5-4407-b642-ea356430eaaa@group-2BFE6843FB28-FollowerState: change to CANDIDATE, lastRpcTime:1098ms, electionTimeout:1098ms
2019-11-13 16:20:46,734 [Thread-1507] INFO  impl.RoleInfo (RoleInfo.java:shutdownFollowerState(121)) - ece9b524-37b5-4407-b642-ea356430eaaa: shutdown FollowerState
2019-11-13 16:20:46,734 [Thread-1507] INFO  impl.RaftServerImpl (RaftServerImpl.java:setRole(173)) - ece9b524-37b5-4407-b642-ea356430eaaa@group-2BFE6843FB28: changes role from  FOLLOWER to CANDIDATE at term 0 for changeToCandidate
2019-11-13 16:20:46,734 [Thread-1507] INFO  impl.RoleInfo (RoleInfo.java:updateAndGet(143)) - ece9b524-37b5-4407-b642-ea356430eaaa: start LeaderElection
2019-11-13 16:20:46,737 [23e196cf-bea2-4a46-b492-74457a62baf8@group-72AFD38E77E4-SegmentedRaftLogWorker] INFO  segmented.SegmentedRaftLogWorker (SegmentedRaftLogWorker.java:execute(576)) - 23e196cf-bea2-4a46-b492-74457a62baf8@group-72AFD38E77E4-SegmentedRaftLogWorker: created new log segment /workdir/hadoop-ozone/integration-test/target/test-dir/MiniOzoneClusterImpl-3a974f43-0da0-4ff7-ab4a-31bb81b91875/datanode-4/data/ratis/091d7849-7144-4ba9-ae72-72afd38e77e4/current/log_inprogress_0
2019-11-13 16:20:46,741 [main] INFO  ozone.MiniOzoneClusterImpl (MiniOzoneClusterImpl.java:shutdown(352)) - Shutting down the Mini Ozone Cluster
2019-11-13 16:20:46,741 [main] INFO  ozone.MiniOzoneClusterImpl (MiniOzoneClusterImpl.java:stop(368)) - Stopping the Mini Ozone Cluster
2019-11-13 16:20:46,741 [main] INFO  ozone.MiniOzoneClusterImpl (MiniOzoneClusterImpl.java:stopOM(438)) - Stopping the OzoneManager
2019-11-13 16:20:46,741 [main] INFO  ipc.Server (Server.java:stop(3082)) - Stopping server on 32929
2019-11-13 16:20:46,757 [IPC Server listener on 32929] INFO  ipc.Server (Server.java:run(1185)) - Stopping IPC Server listener on 32929
2019-11-13 16:20:46,757 [main] INFO  ratis.OzoneManagerDoubleBuffer (OzoneManagerDoubleBuffer.java:stop(261)) - Stopping OMDoubleBuffer flush thread
2019-11-13 16:20:46,757 [IPC Server Responder] INFO  ipc.Server (Server.java:run(1319)) - Stopping IPC Server Responder
2019-11-13 16:20:46,757 [OMDoubleBufferFlushThread] INFO  ratis.OzoneManagerDoubleBuffer (OzoneManagerDoubleBuffer.java:flushTransactions(199)) - OMDoubleBuffer flush thread OMDoubleBufferFlushThread is interrupted and will exit. OMDoubleBufferFlushThread
2019-11-13 16:20:46,759 [main] INFO  utils.BackgroundService (BackgroundService.java:shutdown(151)) - Shutting down service KeyDeletingService
2019-11-13 16:20:46,760 [main] INFO  handler.ContextHandler (ContextHandler.java:doStop(910)) - Stopped o.e.j.w.WebAppContext@7c663eaf{/,null,UNAVAILABLE}{/ozoneManager}
2019-11-13 16:20:46,761 [main] INFO  server.AbstractConnector (AbstractConnector.java:doStop(318)) - Stopped ServerConnector@3bb5ceb{HTTP/1.1,[http/1.1]}{0.0.0.0:0}
2019-11-13 16:20:46,761 [main] INFO  handler.ContextHandler (ContextHandler.java:doStop(910)) - Stopped o.e.j.s.ServletContextHandler@630390b9{/static,file:///workdir/hadoop-ozone/integration-test/target/test-classes/webapps/static,UNAVAILABLE}
2019-11-13 16:20:46,761 [main] INFO  handler.ContextHandler (ContextHandler.java:doStop(910)) - Stopped o.e.j.s.ServletContextHandler@6ebc9573{/logs,file:///workdir/hadoop-ozone/integration-test/target/log,UNAVAILABLE}
2019-11-13 16:20:46,763 [ece9b524-37b5-4407-b642-ea356430eaaa@group-2BFE6843FB28-LeaderElection87] INFO  impl.LeaderElection (LeaderElection.java:askForVotes(178)) - ece9b524-37b5-4407-b642-ea356430eaaa@group-2BFE6843FB28-LeaderElection87: begin an election at term 1 for -1: [ece9b524-37b5-4407-b642-ea356430eaaa:192.168.69.122:40942], old=null
2019-11-13 16:20:46,763 [ece9b524-37b5-4407-b642-ea356430eaaa@group-2BFE6843FB28-LeaderElection87] INFO  impl.RoleInfo (RoleInfo.java:shutdownLeaderElection(134)) - ece9b524-37b5-4407-b642-ea356430eaaa: shutdown LeaderElection
2019-11-13 16:20:46,763 [ece9b524-37b5-4407-b642-ea356430eaaa@group-2BFE6843FB28-LeaderElection87] INFO  impl.RaftServerImpl (RaftServerImpl.java:setRole(173)) - ece9b524-37b5-4407-b642-ea356430eaaa@group-2BFE6843FB28: changes role from CANDIDATE to LEADER at term 1 for changeToLeader
2019-11-13 16:20:46,763 [ece9b524-37b5-4407-b642-ea356430eaaa@group-2BFE6843FB28-LeaderElection87] INFO  ratis.XceiverServerRatis (XceiverServerRatis.java:handleLeaderChangedNotification(697)) - Leader change notification received for group: group-2BFE6843FB28 with new leaderId: ece9b524-37b5-4407-b642-ea356430eaaa
2019-11-13 16:20:46,765 [ece9b524-37b5-4407-b642-ea356430eaaa@group-2BFE6843FB28-LeaderElection87] INFO  impl.RaftServerImpl (ServerState.java:setLeader(255)) - ece9b524-37b5-4407-b642-ea356430eaaa@group-2BFE6843FB28: change Leader from null to ece9b524-37b5-4407-b642-ea356430eaaa at term 1 for becomeLeader, leader elected after 1133ms
2019-11-13 16:20:46,765 [ece9b524-37b5-4407-b642-ea356430eaaa@group-2BFE6843FB28-LeaderElection87] INFO  server.RaftServerConfigKeys (ConfUtils.java:logGet(43)) - raft.server.staging.catchup.gap = 1000 (default)
2019-11-13 16:20:46,765 [ece9b524-37b5-4407-b642-ea356430eaaa@group-2BFE6843FB28-LeaderElection87] INFO  server.RaftServerConfigKeys (ConfUtils.java:logGet(43)) - raft.server.rpc.sleep.time = 25ms (default)
2019-11-13 16:20:46,765 [ece9b524-37b5-4407-b642-ea356430eaaa@group-2BFE6843FB28-LeaderElection87] INFO  server.RaftServerConfigKeys (ConfUtils.java:logGet(43)) - raft.server.write.element-limit = 4096 (default)
2019-11-13 16:20:46,765 [ece9b524-37b5-4407-b642-ea356430eaaa@group-2BFE6843FB28-LeaderElection87] INFO  server.RaftServerConfigKeys (ConfUtils.java:logGet(43)) - raft.server.watch.timeout = 10s (default)
2019-11-13 16:20:46,765 [ece9b524-37b5-4407-b642-ea356430eaaa@group-2BFE6843FB28-LeaderElection87] INFO  server.RaftServerConfigKeys (ConfUtils.java:logGet(43)) - raft.server.watch.timeout.denomination = 1s (default)
2019-11-13 16:20:46,765 [ece9b524-37b5-4407-b642-ea356430eaaa@group-2BFE6843FB28-LeaderElection87] INFO  server.RaftServerConfigKeys (ConfUtils.java:logGet(43)) - raft.server.watch.element-limit = 65536 (default)
2019-11-13 16:20:46,765 [main] INFO  ozone.MiniOzoneClusterImpl (MiniOzoneClusterImpl.java:stopDatanodes(415)) - Stopping the HddsDatanodes
2019-11-13 16:20:46,765 [ece9b524-37b5-4407-b642-ea356430eaaa@group-2BFE6843FB28-LeaderElection87] INFO  impl.RoleInfo (RoleInfo.java:updateAndGet(143)) - ece9b524-37b5-4407-b642-ea356430eaaa: start LeaderState
2019-11-13 16:20:46,766 [ece9b524-37b5-4407-b642-ea356430eaaa@group-2BFE6843FB28-LeaderElection87] INFO  segmented.SegmentedRaftLogWorker (SegmentedRaftLogWorker.java:startLogSegment(385)) - ece9b524-37b5-4407-b642-ea356430eaaa@group-2BFE6843FB28-SegmentedRaftLogWorker: Starting segment from index:0
2019-11-13 16:20:46,766 [EventQueue-PipelineReportForPipelineReportHandler] INFO  pipeline.PipelineStateManager (PipelineStateManager.java:openPipeline(134)) - Pipeline Pipeline[ Id: f894ee8c-a548-40d2-ab32-2bfe6843fb28, Nodes: ece9b524-37b5-4407-b642-ea356430eaaa{ip: 192.168.69.122, host: pr-hdds-2467-gc456-181853687, networkLocation: /rack1, certSerialId: null}, Type:RATIS, Factor:ONE, State:OPEN] moved to OPEN state
2019-11-13 16:20:46,766 [ece9b524-37b5-4407-b642-ea356430eaaa@group-2BFE6843FB28-LeaderElection87] INFO  impl.RaftServerImpl (ServerState.java:setRaftConf(356)) - ece9b524-37b5-4407-b642-ea356430eaaa@group-2BFE6843FB28: set configuration 0: [ece9b524-37b5-4407-b642-ea356430eaaa:192.168.69.122:40942], old=null at 0
2019-11-13 16:20:46,805 [Thread-1513] INFO  impl.FollowerState (FollowerState.java:run(111)) - 3fa6b523-0f53-44bb-b345-f5f355eab07b@group-F14CED7F129D-FollowerState: change to CANDIDATE, lastRpcTime:1058ms, electionTimeout:1058ms
2019-11-13 16:20:46,805 [Thread-1513] INFO  impl.RoleInfo (RoleInfo.java:shutdownFollowerState(121)) - 3fa6b523-0f53-44bb-b345-f5f355eab07b: shutdown FollowerState
2019-11-13 16:20:46,805 [Thread-1513] INFO  impl.RaftServerImpl (RaftServerImpl.java:setRole(173)) - 3fa6b523-0f53-44bb-b345-f5f355eab07b@group-F14CED7F129D: changes role from  FOLLOWER to CANDIDATE at term 0 for changeToCandidate
2019-11-13 16:20:46,805 [Thread-1513] INFO  impl.RoleInfo (RoleInfo.java:updateAndGet(143)) - 3fa6b523-0f53-44bb-b345-f5f355eab07b: start LeaderElection
2019-11-13 16:20:46,823 [ece9b524-37b5-4407-b642-ea356430eaaa@group-2BFE6843FB28-SegmentedRaftLogWorker] INFO  segmented.SegmentedRaftLogWorker (SegmentedRaftLogWorker.java:execute(576)) - ece9b524-37b5-4407-b642-ea356430eaaa@group-2BFE6843FB28-SegmentedRaftLogWorker: created new log segment /workdir/hadoop-ozone/integration-test/target/test-dir/MiniOzoneClusterImpl-3a974f43-0da0-4ff7-ab4a-31bb81b91875/datanode-6/data/ratis/f894ee8c-a548-40d2-ab32-2bfe6843fb28/current/log_inprogress_0
2019-11-13 16:20:46,823 [3fa6b523-0f53-44bb-b345-f5f355eab07b@group-F14CED7F129D-LeaderElection88] INFO  impl.LeaderElection (LeaderElection.java:askForVotes(178)) - 3fa6b523-0f53-44bb-b345-f5f355eab07b@group-F14CED7F129D-LeaderElection88: begin an election at term 1 for -1: [3fa6b523-0f53-44bb-b345-f5f355eab07b:192.168.69.122:39811, ece9b524-37b5-4407-b642-ea356430eaaa:192.168.69.122:40942, 66a098cb-53c0-4f05-8b16-ad76b3c07384:192.168.69.122:36855], old=null
2019-11-13 16:20:46,827 [grpc-default-executor-1] INFO  impl.RaftServerImpl (RaftServerImpl.java:setRole(173)) - ece9b524-37b5-4407-b642-ea356430eaaa@group-F14CED7F129D: changes role from  FOLLOWER to FOLLOWER at term 1 for recognizeCandidate:3fa6b523-0f53-44bb-b345-f5f355eab07b
2019-11-13 16:20:46,827 [grpc-default-executor-1] INFO  impl.RoleInfo (RoleInfo.java:shutdownFollowerState(121)) - ece9b524-37b5-4407-b642-ea356430eaaa: shutdown FollowerState
2019-11-13 16:20:46,827 [grpc-default-executor-3] INFO  impl.RaftServerImpl (RaftServerImpl.java:setRole(173)) - 66a098cb-53c0-4f05-8b16-ad76b3c07384@group-F14CED7F129D: changes role from  FOLLOWER to FOLLOWER at term 1 for recognizeCandidate:3fa6b523-0f53-44bb-b345-f5f355eab07b
2019-11-13 16:20:46,828 [grpc-default-executor-3] INFO  impl.RoleInfo (RoleInfo.java:shutdownFollowerState(121)) - 66a098cb-53c0-4f05-8b16-ad76b3c07384: shutdown FollowerState
2019-11-13 16:20:46,828 [grpc-default-executor-1] INFO  impl.RoleInfo (RoleInfo.java:updateAndGet(143)) - ece9b524-37b5-4407-b642-ea356430eaaa: start FollowerState
2019-11-13 16:20:46,828 [Thread-1516] INFO  impl.FollowerState (FollowerState.java:run(120)) - ece9b524-37b5-4407-b642-ea356430eaaa@group-F14CED7F129D-FollowerState was interrupted: java.lang.InterruptedException: sleep interrupted
2019-11-13 16:20:46,828 [grpc-default-executor-3] INFO  impl.RoleInfo (RoleInfo.java:updateAndGet(143)) - 66a098cb-53c0-4f05-8b16-ad76b3c07384: start FollowerState
2019-11-13 16:20:46,828 [Thread-1518] INFO  impl.FollowerState (FollowerState.java:run(120)) - 66a098cb-53c0-4f05-8b16-ad76b3c07384@group-F14CED7F129D-FollowerState was interrupted: java.lang.InterruptedException: sleep interrupted
2019-11-13 16:20:46,869 [3fa6b523-0f53-44bb-b345-f5f355eab07b@group-F14CED7F129D-LeaderElection88] INFO  impl.LeaderElection (LeaderElection.java:logAndReturn(56)) - 3fa6b523-0f53-44bb-b345-f5f355eab07b@group-F14CED7F129D-LeaderElection88: Election PASSED; received 1 response(s) [3fa6b523-0f53-44bb-b345-f5f355eab07b<-ece9b524-37b5-4407-b642-ea356430eaaa#0:OK-t1] and 0 exception(s); 3fa6b523-0f53-44bb-b345-f5f355eab07b@group-F14CED7F129D:t1, leader=null, voted=3fa6b523-0f53-44bb-b345-f5f355eab07b, raftlog=3fa6b523-0f53-44bb-b345-f5f355eab07b@group-F14CED7F129D-SegmentedRaftLog:OPENED:c-1,f-1,i0, conf=-1: [3fa6b523-0f53-44bb-b345-f5f355eab07b:192.168.69.122:39811, ece9b524-37b5-4407-b642-ea356430eaaa:192.168.69.122:40942, 66a098cb-53c0-4f05-8b16-ad76b3c07384:192.168.69.122:36855], old=null
2019-11-13 16:20:46,870 [3fa6b523-0f53-44bb-b345-f5f355eab07b@group-F14CED7F129D-LeaderElection88] INFO  impl.RoleInfo (RoleInfo.java:shutdownLeaderElection(134)) - 3fa6b523-0f53-44bb-b345-f5f355eab07b: shutdown LeaderElection
2019-11-13 16:20:46,870 [3fa6b523-0f53-44bb-b345-f5f355eab07b@group-F14CED7F129D-LeaderElection88] INFO  impl.RaftServerImpl (RaftServerImpl.java:setRole(173)) - 3fa6b523-0f53-44bb-b345-f5f355eab07b@group-F14CED7F129D: changes role from CANDIDATE to LEADER at term 1 for changeToLeader
2019-11-13 16:20:46,870 [3fa6b523-0f53-44bb-b345-f5f355eab07b@group-F14CED7F129D-LeaderElection88] INFO  ratis.XceiverServerRatis (XceiverServerRatis.java:handleLeaderChangedNotification(697)) - Leader change notification received for group: group-F14CED7F129D with new leaderId: 3fa6b523-0f53-44bb-b345-f5f355eab07b
2019-11-13 16:20:46,870 [3fa6b523-0f53-44bb-b345-f5f355eab07b@group-F14CED7F129D-LeaderElection88] INFO  impl.RaftServerImpl (ServerState.java:setLeader(255)) - 3fa6b523-0f53-44bb-b345-f5f355eab07b@group-F14CED7F129D: change Leader from null to 3fa6b523-0f53-44bb-b345-f5f355eab07b at term 1 for becomeLeader, leader elected after 1130ms
2019-11-13 16:20:46,870 [Datanode State Machine Thread - 0] INFO  statemachine.DatanodeStateMachine (DatanodeStateMachine.java:lambda$startDaemon$0(350)) - Ozone container server started.
2019-11-13 16:20:46,870 [3fa6b523-0f53-44bb-b345-f5f355eab07b@group-F14CED7F129D-LeaderElection88] INFO  server.RaftServerConfigKeys (ConfUtils.java:logGet(43)) - raft.server.staging.catchup.gap = 1000 (default)
2019-11-13 16:20:46,870 [3fa6b523-0f53-44bb-b345-f5f355eab07b@group-F14CED7F129D-LeaderElection88] INFO  server.RaftServerConfigKeys (ConfUtils.java:logGet(43)) - raft.server.rpc.sleep.time = 25ms (default)
2019-11-13 16:20:46,871 [3fa6b523-0f53-44bb-b345-f5f355eab07b@group-F14CED7F129D-LeaderElection88] INFO  server.RaftServerConfigKeys (ConfUtils.java:logGet(43)) - raft.server.write.element-limit = 4096 (default)
2019-11-13 16:20:46,871 [3fa6b523-0f53-44bb-b345-f5f355eab07b@group-F14CED7F129D-LeaderElection88] INFO  server.RaftServerConfigKeys (ConfUtils.java:logGet(43)) - raft.server.watch.timeout = 10s (default)
2019-11-13 16:20:46,871 [3fa6b523-0f53-44bb-b345-f5f355eab07b@group-F14CED7F129D-LeaderElection88] INFO  server.RaftServerConfigKeys (ConfUtils.java:logGet(43)) - raft.server.watch.timeout.denomination = 1s (default)
2019-11-13 16:20:46,871 [3fa6b523-0f53-44bb-b345-f5f355eab07b@group-F14CED7F129D-LeaderElection88] INFO  server.RaftServerConfigKeys (ConfUtils.java:logGet(43)) - raft.server.watch.element-limit = 65536 (default)
2019-11-13 16:20:46,871 [3fa6b523-0f53-44bb-b345-f5f355eab07b@group-F14CED7F129D-LeaderElection88] INFO  server.RaftServerConfigKeys (ConfUtils.java:logGet(43)) - raft.server.log.appender.snapshot.chunk.size.max = 16MB (=16777216) (default)
2019-11-13 16:20:46,871 [3fa6b523-0f53-44bb-b345-f5f355eab07b@group-F14CED7F129D-LeaderElection88] INFO  server.RaftServerConfigKeys (ConfUtils.java:logGet(43)) - raft.server.log.appender.buffer.byte-limit = 33554432 (custom)
2019-11-13 16:20:46,871 [3fa6b523-0f53-44bb-b345-f5f355eab07b@group-F14CED7F129D-LeaderElection88] INFO  server.RaftServerConfigKeys (ConfUtils.java:logGet(43)) - raft.server.log.appender.buffer.element-limit = 1 (custom)
2019-11-13 16:20:46,871 [3fa6b523-0f53-44bb-b345-f5f355eab07b@group-F14CED7F129D-LeaderElection88] INFO  grpc.GrpcConfigKeys$Server (ConfUtils.java:logGet(43)) - raft.grpc.server.leader.outstanding.appends.max = 128 (default)
2019-11-13 16:20:46,871 [3fa6b523-0f53-44bb-b345-f5f355eab07b@group-F14CED7F129D-LeaderElection88] INFO  server.RaftServerConfigKeys (ConfUtils.java:logGet(43)) - raft.server.rpc.request.timeout = 3000ms (default)
2019-11-13 16:20:46,871 [3fa6b523-0f53-44bb-b345-f5f355eab07b@group-F14CED7F129D-LeaderElection88] INFO  server.RaftServerConfigKeys (ConfUtils.java:logGet(43)) - raft.server.log.appender.install.snapshot.enabled = false (custom)
2019-11-13 16:20:46,872 [3fa6b523-0f53-44bb-b345-f5f355eab07b@group-F14CED7F129D-LeaderElection88] WARN  impl.MetricRegistriesImpl (MetricRegistriesImpl.java:lambda$create$1(61)) - First MetricRegistry has been created without registering reporters. You may need to call MetricRegistries.global().addReportRegistration(...) before.
2019-11-13 16:20:46,872 [3fa6b523-0f53-44bb-b345-f5f355eab07b@group-F14CED7F129D-LeaderElection88] INFO  server.RaftServerConfigKeys (ConfUtils.java:logGet(43)) - raft.server.log.appender.snapshot.chunk.size.max = 16MB (=16777216) (default)
2019-11-13 16:20:46,872 [3fa6b523-0f53-44bb-b345-f5f355eab07b@group-F14CED7F129D-LeaderElection88] INFO  server.RaftServerConfigKeys (ConfUtils.java:logGet(43)) - raft.server.log.appender.buffer.byte-limit = 33554432 (custom)
2019-11-13 16:20:46,872 [3fa6b523-0f53-44bb-b345-f5f355eab07b@group-F14CED7F129D-LeaderElection88] INFO  server.RaftServerConfigKeys (ConfUtils.java:logGet(43)) - raft.server.log.appender.buffer.element-limit = 1 (custom)
2019-11-13 16:20:46,872 [3fa6b523-0f53-44bb-b345-f5f355eab07b@group-F14CED7F129D-LeaderElection88] INFO  grpc.GrpcConfigKeys$Server (ConfUtils.java:logGet(43)) - raft.grpc.server.leader.outstanding.appends.max = 128 (default)
2019-11-13 16:20:46,872 [3fa6b523-0f53-44bb-b345-f5f355eab07b@group-F14CED7F129D-LeaderElection88] INFO  server.RaftServerConfigKeys (ConfUtils.java:logGet(43)) - raft.server.rpc.request.timeout = 3000ms (default)
2019-11-13 16:20:46,872 [3fa6b523-0f53-44bb-b345-f5f355eab07b@group-F14CED7F129D-LeaderElection88] INFO  server.RaftServerConfigKeys (ConfUtils.java:logGet(43)) - raft.server.log.appender.install.snapshot.enabled = false (custom)
2019-11-13 16:20:46,872 [3fa6b523-0f53-44bb-b345-f5f355eab07b@group-F14CED7F129D-LeaderElection88] INFO  impl.RoleInfo (RoleInfo.java:updateAndGet(143)) - 3fa6b523-0f53-44bb-b345-f5f355eab07b: start LeaderState
2019-11-13 16:20:46,872 [3fa6b523-0f53-44bb-b345-f5f355eab07b@group-F14CED7F129D-LeaderElection88] INFO  segmented.SegmentedRaftLogWorker (SegmentedRaftLogWorker.java:startLogSegment(385)) - 3fa6b523-0f53-44bb-b345-f5f355eab07b@group-F14CED7F129D-SegmentedRaftLogWorker: Starting segment from index:0
2019-11-13 16:20:46,873 [3fa6b523-0f53-44bb-b345-f5f355eab07b@group-F14CED7F129D-LeaderElection88] INFO  impl.RaftServerImpl (ServerState.java:setRaftConf(356)) - 3fa6b523-0f53-44bb-b345-f5f355eab07b@group-F14CED7F129D: set configuration 0: [3fa6b523-0f53-44bb-b345-f5f355eab07b:192.168.69.122:39811, ece9b524-37b5-4407-b642-ea356430eaaa:192.168.69.122:40942, 66a098cb-53c0-4f05-8b16-ad76b3c07384:192.168.69.122:36855], old=null at 0
2019-11-13 16:20:46,900 [Thread-1523] INFO  impl.FollowerState (FollowerState.java:run(111)) - 51f65b1e-ef83-4984-94ab-4ebc9e8c8658@group-9CB8741D52F8-FollowerState: change to CANDIDATE, lastRpcTime:1073ms, electionTimeout:1060ms
2019-11-13 16:20:46,900 [Thread-1523] INFO  impl.RoleInfo (RoleInfo.java:shutdownFollowerState(121)) - 51f65b1e-ef83-4984-94ab-4ebc9e8c8658: shutdown FollowerState
2019-11-13 16:20:46,900 [Thread-1523] INFO  impl.RaftServerImpl (RaftServerImpl.java:setRole(173)) - 51f65b1e-ef83-4984-94ab-4ebc9e8c8658@group-9CB8741D52F8: changes role from  FOLLOWER to CANDIDATE at term 0 for changeToCandidate
2019-11-13 16:20:46,900 [Thread-1523] INFO  impl.RoleInfo (RoleInfo.java:updateAndGet(143)) - 51f65b1e-ef83-4984-94ab-4ebc9e8c8658: start LeaderElection
2019-11-13 16:20:46,905 [grpc-default-executor-1] INFO  ratis.XceiverServerRatis (XceiverServerRatis.java:handleLeaderChangedNotification(697)) - Leader change notification received for group: group-F14CED7F129D with new leaderId: 3fa6b523-0f53-44bb-b345-f5f355eab07b
2019-11-13 16:20:46,906 [grpc-default-executor-1] INFO  impl.RaftServerImpl (ServerState.java:setLeader(255)) - 66a098cb-53c0-4f05-8b16-ad76b3c07384@group-F14CED7F129D: change Leader from null to 3fa6b523-0f53-44bb-b345-f5f355eab07b at term 1 for appendEntries, leader elected after 1165ms
2019-11-13 16:20:46,908 [grpc-default-executor-3] INFO  ratis.XceiverServerRatis (XceiverServerRatis.java:handleLeaderChangedNotification(697)) - Leader change notification received for group: group-F14CED7F129D with new leaderId: 3fa6b523-0f53-44bb-b345-f5f355eab07b
2019-11-13 16:20:46,908 [grpc-default-executor-3] INFO  impl.RaftServerImpl (ServerState.java:setLeader(255)) - ece9b524-37b5-4407-b642-ea356430eaaa@group-F14CED7F129D: change Leader from null to 3fa6b523-0f53-44bb-b345-f5f355eab07b at term 1 for appendEntries, leader elected after 1167ms
2019-11-13 16:20:46,909 [grpc-default-executor-3] INFO  impl.RaftServerImpl (ServerState.java:setRaftConf(356)) - 66a098cb-53c0-4f05-8b16-ad76b3c07384@group-F14CED7F129D: set configuration 0: [3fa6b523-0f53-44bb-b345-f5f355eab07b:192.168.69.122:39811, ece9b524-37b5-4407-b642-ea356430eaaa:192.168.69.122:40942, 66a098cb-53c0-4f05-8b16-ad76b3c07384:192.168.69.122:36855], old=null at 0
2019-11-13 16:20:46,909 [grpc-default-executor-1] INFO  impl.RaftServerImpl (ServerState.java:setRaftConf(356)) - ece9b524-37b5-4407-b642-ea356430eaaa@group-F14CED7F129D: set configuration 0: [3fa6b523-0f53-44bb-b345-f5f355eab07b:192.168.69.122:39811, ece9b524-37b5-4407-b642-ea356430eaaa:192.168.69.122:40942, 66a098cb-53c0-4f05-8b16-ad76b3c07384:192.168.69.122:36855], old=null at 0
2019-11-13 16:20:46,909 [grpc-default-executor-3] INFO  segmented.SegmentedRaftLogWorker (SegmentedRaftLogWorker.java:startLogSegment(385)) - 66a098cb-53c0-4f05-8b16-ad76b3c07384@group-F14CED7F129D-SegmentedRaftLogWorker: Starting segment from index:0
2019-11-13 16:20:46,910 [grpc-default-executor-1] INFO  segmented.SegmentedRaftLogWorker (SegmentedRaftLogWorker.java:startLogSegment(385)) - ece9b524-37b5-4407-b642-ea356430eaaa@group-F14CED7F129D-SegmentedRaftLogWorker: Starting segment from index:0
2019-11-13 16:20:46,922 [3fa6b523-0f53-44bb-b345-f5f355eab07b@group-F14CED7F129D-SegmentedRaftLogWorker] INFO  segmented.SegmentedRaftLogWorker (SegmentedRaftLogWorker.java:execute(576)) - 3fa6b523-0f53-44bb-b345-f5f355eab07b@group-F14CED7F129D-SegmentedRaftLogWorker: created new log segment /workdir/hadoop-ozone/integration-test/target/test-dir/MiniOzoneClusterImpl-3a974f43-0da0-4ff7-ab4a-31bb81b91875/datanode-2/data/ratis/d720ac78-51dc-4f6d-a56a-f14ced7f129d/current/log_inprogress_0
2019-11-13 16:20:46,922 [51f65b1e-ef83-4984-94ab-4ebc9e8c8658@group-9CB8741D52F8-LeaderElection89] INFO  impl.LeaderElection (LeaderElection.java:askForVotes(178)) - 51f65b1e-ef83-4984-94ab-4ebc9e8c8658@group-9CB8741D52F8-LeaderElection89: begin an election at term 1 for -1: [51f65b1e-ef83-4984-94ab-4ebc9e8c8658:192.168.69.122:36414], old=null
2019-11-13 16:20:46,923 [51f65b1e-ef83-4984-94ab-4ebc9e8c8658@group-9CB8741D52F8-LeaderElection89] INFO  impl.RoleInfo (RoleInfo.java:shutdownLeaderElection(134)) - 51f65b1e-ef83-4984-94ab-4ebc9e8c8658: shutdown LeaderElection
2019-11-13 16:20:46,923 [51f65b1e-ef83-4984-94ab-4ebc9e8c8658@group-9CB8741D52F8-LeaderElection89] INFO  impl.RaftServerImpl (RaftServerImpl.java:setRole(173)) - 51f65b1e-ef83-4984-94ab-4ebc9e8c8658@group-9CB8741D52F8: changes role from CANDIDATE to LEADER at term 1 for changeToLeader
2019-11-13 16:20:46,923 [51f65b1e-ef83-4984-94ab-4ebc9e8c8658@group-9CB8741D52F8-LeaderElection89] INFO  ratis.XceiverServerRatis (XceiverServerRatis.java:handleLeaderChangedNotification(697)) - Leader change notification received for group: group-9CB8741D52F8 with new leaderId: 51f65b1e-ef83-4984-94ab-4ebc9e8c8658
2019-11-13 16:20:46,923 [51f65b1e-ef83-4984-94ab-4ebc9e8c8658@group-9CB8741D52F8-LeaderElection89] INFO  impl.RaftServerImpl (ServerState.java:setLeader(255)) - 51f65b1e-ef83-4984-94ab-4ebc9e8c8658@group-9CB8741D52F8: change Leader from null to 51f65b1e-ef83-4984-94ab-4ebc9e8c8658 at term 1 for becomeLeader, leader elected after 1099ms
2019-11-13 16:20:46,923 [51f65b1e-ef83-4984-94ab-4ebc9e8c8658@group-9CB8741D52F8-LeaderElection89] INFO  server.RaftServerConfigKeys (ConfUtils.java:logGet(43)) - raft.server.staging.catchup.gap = 1000 (default)
2019-11-13 16:20:46,923 [51f65b1e-ef83-4984-94ab-4ebc9e8c8658@group-9CB8741D52F8-LeaderElection89] INFO  server.RaftServerConfigKeys (ConfUtils.java:logGet(43)) - raft.server.rpc.sleep.time = 25ms (default)
2019-11-13 16:20:46,924 [51f65b1e-ef83-4984-94ab-4ebc9e8c8658@group-9CB8741D52F8-LeaderElection89] INFO  server.RaftServerConfigKeys (ConfUtils.java:logGet(43)) - raft.server.write.element-limit = 4096 (default)
2019-11-13 16:20:46,924 [51f65b1e-ef83-4984-94ab-4ebc9e8c8658@group-9CB8741D52F8-LeaderElection89] INFO  server.RaftServerConfigKeys (ConfUtils.java:logGet(43)) - raft.server.watch.timeout = 10s (default)
2019-11-13 16:20:46,924 [51f65b1e-ef83-4984-94ab-4ebc9e8c8658@group-9CB8741D52F8-LeaderElection89] INFO  server.RaftServerConfigKeys (ConfUtils.java:logGet(43)) - raft.server.watch.timeout.denomination = 1s (default)
2019-11-13 16:20:46,924 [51f65b1e-ef83-4984-94ab-4ebc9e8c8658@group-9CB8741D52F8-LeaderElection89] INFO  server.RaftServerConfigKeys (ConfUtils.java:logGet(43)) - raft.server.watch.element-limit = 65536 (default)
2019-11-13 16:20:46,924 [51f65b1e-ef83-4984-94ab-4ebc9e8c8658@group-9CB8741D52F8-LeaderElection89] INFO  impl.RoleInfo (RoleInfo.java:updateAndGet(143)) - 51f65b1e-ef83-4984-94ab-4ebc9e8c8658: start LeaderState
2019-11-13 16:20:46,924 [51f65b1e-ef83-4984-94ab-4ebc9e8c8658@group-9CB8741D52F8-LeaderElection89] INFO  segmented.SegmentedRaftLogWorker (SegmentedRaftLogWorker.java:startLogSegment(385)) - 51f65b1e-ef83-4984-94ab-4ebc9e8c8658@group-9CB8741D52F8-SegmentedRaftLogWorker: Starting segment from index:0
2019-11-13 16:20:46,925 [EventQueue-PipelineReportForPipelineReportHandler] INFO  pipeline.PipelineStateManager (PipelineStateManager.java:openPipeline(134)) - Pipeline Pipeline[ Id: de30e078-7508-49e4-930f-9cb8741d52f8, Nodes: 51f65b1e-ef83-4984-94ab-4ebc9e8c8658{ip: 192.168.69.122, host: pr-hdds-2467-gc456-181853687, networkLocation: /rack1, certSerialId: null}, Type:RATIS, Factor:ONE, State:OPEN] moved to OPEN state
2019-11-13 16:20:46,925 [51f65b1e-ef83-4984-94ab-4ebc9e8c8658@group-9CB8741D52F8-LeaderElection89] INFO  impl.RaftServerImpl (ServerState.java:setRaftConf(356)) - 51f65b1e-ef83-4984-94ab-4ebc9e8c8658@group-9CB8741D52F8: set configuration 0: [51f65b1e-ef83-4984-94ab-4ebc9e8c8658:192.168.69.122:36414], old=null at 0
2019-11-13 16:20:46,978 [66a098cb-53c0-4f05-8b16-ad76b3c07384@group-F14CED7F129D-SegmentedRaftLogWorker] INFO  segmented.SegmentedRaftLogWorker (SegmentedRaftLogWorker.java:execute(576)) - 66a098cb-53c0-4f05-8b16-ad76b3c07384@group-F14CED7F129D-SegmentedRaftLogWorker: created new log segment /workdir/hadoop-ozone/integration-test/target/test-dir/MiniOzoneClusterImpl-3a974f43-0da0-4ff7-ab4a-31bb81b91875/datanode-1/data/ratis/d720ac78-51dc-4f6d-a56a-f14ced7f129d/current/log_inprogress_0
2019-11-13 16:20:46,979 [51f65b1e-ef83-4984-94ab-4ebc9e8c8658@group-9CB8741D52F8-SegmentedRaftLogWorker] INFO  segmented.SegmentedRaftLogWorker (SegmentedRaftLogWorker.java:execute(576)) - 51f65b1e-ef83-4984-94ab-4ebc9e8c8658@group-9CB8741D52F8-SegmentedRaftLogWorker: created new log segment /workdir/hadoop-ozone/integration-test/target/test-dir/MiniOzoneClusterImpl-3a974f43-0da0-4ff7-ab4a-31bb81b91875/datanode-9/data/ratis/de30e078-7508-49e4-930f-9cb8741d52f8/current/log_inprogress_0
2019-11-13 16:20:46,978 [ece9b524-37b5-4407-b642-ea356430eaaa@group-F14CED7F129D-SegmentedRaftLogWorker] INFO  segmented.SegmentedRaftLogWorker (SegmentedRaftLogWorker.java:execute(576)) - ece9b524-37b5-4407-b642-ea356430eaaa@group-F14CED7F129D-SegmentedRaftLogWorker: created new log segment /workdir/hadoop-ozone/integration-test/target/test-dir/MiniOzoneClusterImpl-3a974f43-0da0-4ff7-ab4a-31bb81b91875/datanode-6/data/ratis/d720ac78-51dc-4f6d-a56a-f14ced7f129d/current/log_inprogress_0
2019-11-13 16:20:47,092 [Thread-1532] INFO  impl.FollowerState (FollowerState.java:run(111)) - 23e196cf-bea2-4a46-b492-74457a62baf8@group-FA4B888DC38F-FollowerState: change to CANDIDATE, lastRpcTime:1196ms, electionTimeout:1196ms
2019-11-13 16:20:47,092 [Thread-1532] INFO  impl.RoleInfo (RoleInfo.java:shutdownFollowerState(121)) - 23e196cf-bea2-4a46-b492-74457a62baf8: shutdown FollowerState
2019-11-13 16:20:47,092 [Thread-1532] INFO  impl.RaftServerImpl (RaftServerImpl.java:setRole(173)) - 23e196cf-bea2-4a46-b492-74457a62baf8@group-FA4B888DC38F: changes role from  FOLLOWER to CANDIDATE at term 0 for changeToCandidate
2019-11-13 16:20:47,093 [Thread-1532] INFO  impl.RoleInfo (RoleInfo.java:updateAndGet(143)) - 23e196cf-bea2-4a46-b492-74457a62baf8: start LeaderElection
2019-11-13 16:20:47,107 [Thread-1544] INFO  impl.FollowerState (FollowerState.java:run(111)) - d45a2df2-8f38-43ec-9df7-e5c52ac58263@group-CFD20D0CEBC3-FollowerState: change to CANDIDATE, lastRpcTime:1116ms, electionTimeout:1116ms
2019-11-13 16:20:47,107 [Thread-1544] INFO  impl.RoleInfo (RoleInfo.java:shutdownFollowerState(121)) - d45a2df2-8f38-43ec-9df7-e5c52ac58263: shutdown FollowerState
2019-11-13 16:20:47,108 [Thread-1544] INFO  impl.RaftServerImpl (RaftServerImpl.java:setRole(173)) - d45a2df2-8f38-43ec-9df7-e5c52ac58263@group-CFD20D0CEBC3: changes role from  FOLLOWER to CANDIDATE at term 0 for changeToCandidate
2019-11-13 16:20:47,108 [Thread-1544] INFO  impl.RoleInfo (RoleInfo.java:updateAndGet(143)) - d45a2df2-8f38-43ec-9df7-e5c52ac58263: start LeaderElection
2019-11-13 16:20:47,141 [d45a2df2-8f38-43ec-9df7-e5c52ac58263@group-CFD20D0CEBC3-LeaderElection91] INFO  impl.LeaderElection (LeaderElection.java:askForVotes(178)) - d45a2df2-8f38-43ec-9df7-e5c52ac58263@group-CFD20D0CEBC3-LeaderElection91: begin an election at term 1 for -1: [d45a2df2-8f38-43ec-9df7-e5c52ac58263:192.168.69.122:44126], old=null
2019-11-13 16:20:47,141 [23e196cf-bea2-4a46-b492-74457a62baf8@group-FA4B888DC38F-LeaderElection90] INFO  impl.LeaderElection (LeaderElection.java:askForVotes(178)) - 23e196cf-bea2-4a46-b492-74457a62baf8@group-FA4B888DC38F-LeaderElection90: begin an election at term 1 for -1: [23e196cf-bea2-4a46-b492-74457a62baf8:192.168.69.122:43821], old=null
2019-11-13 16:20:47,141 [d45a2df2-8f38-43ec-9df7-e5c52ac58263@group-CFD20D0CEBC3-LeaderElection91] INFO  impl.RoleInfo (RoleInfo.java:shutdownLeaderElection(134)) - d45a2df2-8f38-43ec-9df7-e5c52ac58263: shutdown LeaderElection
2019-11-13 16:20:47,141 [23e196cf-bea2-4a46-b492-74457a62baf8@group-FA4B888DC38F-LeaderElection90] INFO  impl.RoleInfo (RoleInfo.java:shutdownLeaderElection(134)) - 23e196cf-bea2-4a46-b492-74457a62baf8: shutdown LeaderElection
2019-11-13 16:20:47,141 [d45a2df2-8f38-43ec-9df7-e5c52ac58263@group-CFD20D0CEBC3-LeaderElection91] INFO  impl.RaftServerImpl (RaftServerImpl.java:setRole(173)) - d45a2df2-8f38-43ec-9df7-e5c52ac58263@group-CFD20D0CEBC3: changes role from CANDIDATE to LEADER at term 1 for changeToLeader
2019-11-13 16:20:47,142 [23e196cf-bea2-4a46-b492-74457a62baf8@group-FA4B888DC38F-LeaderElection90] INFO  impl.RaftServerImpl (RaftServerImpl.java:setRole(173)) - 23e196cf-bea2-4a46-b492-74457a62baf8@group-FA4B888DC38F: changes role from CANDIDATE to LEADER at term 1 for changeToLeader
2019-11-13 16:20:47,142 [d45a2df2-8f38-43ec-9df7-e5c52ac58263@group-CFD20D0CEBC3-LeaderElection91] INFO  ratis.XceiverServerRatis (XceiverServerRatis.java:handleLeaderChangedNotification(697)) - Leader change notification received for group: group-CFD20D0CEBC3 with new leaderId: d45a2df2-8f38-43ec-9df7-e5c52ac58263
2019-11-13 16:20:47,142 [23e196cf-bea2-4a46-b492-74457a62baf8@group-FA4B888DC38F-LeaderElection90] INFO  ratis.XceiverServerRatis (XceiverServerRatis.java:handleLeaderChangedNotification(697)) - Leader change notification received for group: group-FA4B888DC38F with new leaderId: 23e196cf-bea2-4a46-b492-74457a62baf8
2019-11-13 16:20:47,142 [d45a2df2-8f38-43ec-9df7-e5c52ac58263@group-CFD20D0CEBC3-LeaderElection91] INFO  impl.RaftServerImpl (ServerState.java:setLeader(255)) - d45a2df2-8f38-43ec-9df7-e5c52ac58263@group-CFD20D0CEBC3: change Leader from null to d45a2df2-8f38-43ec-9df7-e5c52ac58263 at term 1 for becomeLeader, leader elected after 1155ms
2019-11-13 16:20:47,142 [d45a2df2-8f38-43ec-9df7-e5c52ac58263@group-CFD20D0CEBC3-LeaderElection91] INFO  server.RaftServerConfigKeys (ConfUtils.java:logGet(43)) - raft.server.staging.catchup.gap = 1000 (default)
2019-11-13 16:20:47,142 [23e196cf-bea2-4a46-b492-74457a62baf8@group-FA4B888DC38F-LeaderElection90] INFO  impl.RaftServerImpl (ServerState.java:setLeader(255)) - 23e196cf-bea2-4a46-b492-74457a62baf8@group-FA4B888DC38F: change Leader from null to 23e196cf-bea2-4a46-b492-74457a62baf8 at term 1 for becomeLeader, leader elected after 1250ms
2019-11-13 16:20:47,142 [d45a2df2-8f38-43ec-9df7-e5c52ac58263@group-CFD20D0CEBC3-LeaderElection91] INFO  server.RaftServerConfigKeys (ConfUtils.java:logGet(43)) - raft.server.rpc.sleep.time = 25ms (default)
2019-11-13 16:20:47,142 [23e196cf-bea2-4a46-b492-74457a62baf8@group-FA4B888DC38F-LeaderElection90] INFO  server.RaftServerConfigKeys (ConfUtils.java:logGet(43)) - raft.server.staging.catchup.gap = 1000 (default)
2019-11-13 16:20:47,143 [d45a2df2-8f38-43ec-9df7-e5c52ac58263@group-CFD20D0CEBC3-LeaderElection91] INFO  server.RaftServerConfigKeys (ConfUtils.java:logGet(43)) - raft.server.write.element-limit = 4096 (default)
2019-11-13 16:20:47,143 [23e196cf-bea2-4a46-b492-74457a62baf8@group-FA4B888DC38F-LeaderElection90] INFO  server.RaftServerConfigKeys (ConfUtils.java:logGet(43)) - raft.server.rpc.sleep.time = 25ms (default)
2019-11-13 16:20:47,143 [d45a2df2-8f38-43ec-9df7-e5c52ac58263@group-CFD20D0CEBC3-LeaderElection91] INFO  server.RaftServerConfigKeys (ConfUtils.java:logGet(43)) - raft.server.watch.timeout = 10s (default)
2019-11-13 16:20:47,143 [d45a2df2-8f38-43ec-9df7-e5c52ac58263@group-CFD20D0CEBC3-LeaderElection91] INFO  server.RaftServerConfigKeys (ConfUtils.java:logGet(43)) - raft.server.watch.timeout.denomination = 1s (default)
2019-11-13 16:20:47,143 [EventQueue-PipelineReportForPipelineReportHandler] INFO  pipeline.PipelineStateManager (PipelineStateManager.java:openPipeline(134)) - Pipeline Pipeline[ Id: 1038c176-22d4-4799-a03b-fa4b888dc38f, Nodes: 23e196cf-bea2-4a46-b492-74457a62baf8{ip: 192.168.69.122, host: pr-hdds-2467-gc456-181853687, networkLocation: /rack1, certSerialId: null}, Type:RATIS, Factor:ONE, State:OPEN] moved to OPEN state
2019-11-13 16:20:47,143 [23e196cf-bea2-4a46-b492-74457a62baf8@group-FA4B888DC38F-LeaderElection90] INFO  server.RaftServerConfigKeys (ConfUtils.java:logGet(43)) - raft.server.write.element-limit = 4096 (default)
2019-11-13 16:20:47,143 [d45a2df2-8f38-43ec-9df7-e5c52ac58263@group-CFD20D0CEBC3-LeaderElection91] INFO  server.RaftServerConfigKeys (ConfUtils.java:logGet(43)) - raft.server.watch.element-limit = 65536 (default)
2019-11-13 16:20:47,144 [23e196cf-bea2-4a46-b492-74457a62baf8@group-FA4B888DC38F-LeaderElection90] INFO  server.RaftServerConfigKeys (ConfUtils.java:logGet(43)) - raft.server.watch.timeout = 10s (default)
2019-11-13 16:20:47,143 [EventQueue-PipelineReportForPipelineReportHandler] INFO  pipeline.PipelineStateManager (PipelineStateManager.java:openPipeline(134)) - Pipeline Pipeline[ Id: d377a808-532a-4eda-ba84-cfd20d0cebc3, Nodes: d45a2df2-8f38-43ec-9df7-e5c52ac58263{ip: 192.168.69.122, host: pr-hdds-2467-gc456-181853687, networkLocation: /rack1, certSerialId: null}, Type:RATIS, Factor:ONE, State:OPEN] moved to OPEN state
2019-11-13 16:20:47,144 [23e196cf-bea2-4a46-b492-74457a62baf8@group-FA4B888DC38F-LeaderElection90] INFO  server.RaftServerConfigKeys (ConfUtils.java:logGet(43)) - raft.server.watch.timeout.denomination = 1s (default)
2019-11-13 16:20:47,144 [d45a2df2-8f38-43ec-9df7-e5c52ac58263@group-CFD20D0CEBC3-LeaderElection91] INFO  impl.RoleInfo (RoleInfo.java:updateAndGet(143)) - d45a2df2-8f38-43ec-9df7-e5c52ac58263: start LeaderState
2019-11-13 16:20:47,144 [23e196cf-bea2-4a46-b492-74457a62baf8@group-FA4B888DC38F-LeaderElection90] INFO  server.RaftServerConfigKeys (ConfUtils.java:logGet(43)) - raft.server.watch.element-limit = 65536 (default)
2019-11-13 16:20:47,144 [d45a2df2-8f38-43ec-9df7-e5c52ac58263@group-CFD20D0CEBC3-LeaderElection91] INFO  segmented.SegmentedRaftLogWorker (SegmentedRaftLogWorker.java:startLogSegment(385)) - d45a2df2-8f38-43ec-9df7-e5c52ac58263@group-CFD20D0CEBC3-SegmentedRaftLogWorker: Starting segment from index:0
2019-11-13 16:20:47,144 [23e196cf-bea2-4a46-b492-74457a62baf8@group-FA4B888DC38F-LeaderElection90] INFO  impl.RoleInfo (RoleInfo.java:updateAndGet(143)) - 23e196cf-bea2-4a46-b492-74457a62baf8: start LeaderState
2019-11-13 16:20:47,144 [d45a2df2-8f38-43ec-9df7-e5c52ac58263@group-CFD20D0CEBC3-LeaderElection91] INFO  impl.RaftServerImpl (ServerState.java:setRaftConf(356)) - d45a2df2-8f38-43ec-9df7-e5c52ac58263@group-CFD20D0CEBC3: set configuration 0: [d45a2df2-8f38-43ec-9df7-e5c52ac58263:192.168.69.122:44126], old=null at 0
2019-11-13 16:20:47,145 [23e196cf-bea2-4a46-b492-74457a62baf8@group-FA4B888DC38F-LeaderElection90] INFO  segmented.SegmentedRaftLogWorker (SegmentedRaftLogWorker.java:startLogSegment(385)) - 23e196cf-bea2-4a46-b492-74457a62baf8@group-FA4B888DC38F-SegmentedRaftLogWorker: Starting segment from index:0
2019-11-13 16:20:47,145 [23e196cf-bea2-4a46-b492-74457a62baf8@group-FA4B888DC38F-LeaderElection90] INFO  impl.RaftServerImpl (ServerState.java:setRaftConf(356)) - 23e196cf-bea2-4a46-b492-74457a62baf8@group-FA4B888DC38F: set configuration 0: [23e196cf-bea2-4a46-b492-74457a62baf8:192.168.69.122:43821], old=null at 0
2019-11-13 16:20:47,199 [d45a2df2-8f38-43ec-9df7-e5c52ac58263@group-CFD20D0CEBC3-SegmentedRaftLogWorker] INFO  segmented.SegmentedRaftLogWorker (SegmentedRaftLogWorker.java:execute(576)) - d45a2df2-8f38-43ec-9df7-e5c52ac58263@group-CFD20D0CEBC3-SegmentedRaftLogWorker: created new log segment /workdir/hadoop-ozone/integration-test/target/test-dir/MiniOzoneClusterImpl-3a974f43-0da0-4ff7-ab4a-31bb81b91875/datanode-8/data/ratis/d377a808-532a-4eda-ba84-cfd20d0cebc3/current/log_inprogress_0
2019-11-13 16:20:47,199 [23e196cf-bea2-4a46-b492-74457a62baf8@group-FA4B888DC38F-SegmentedRaftLogWorker] INFO  segmented.SegmentedRaftLogWorker (SegmentedRaftLogWorker.java:execute(576)) - 23e196cf-bea2-4a46-b492-74457a62baf8@group-FA4B888DC38F-SegmentedRaftLogWorker: created new log segment /workdir/hadoop-ozone/integration-test/target/test-dir/MiniOzoneClusterImpl-3a974f43-0da0-4ff7-ab4a-31bb81b91875/datanode-4/data/ratis/1038c176-22d4-4799-a03b-fa4b888dc38f/current/log_inprogress_0
2019-11-13 16:20:47,627 [Datanode State Machine Thread - 0] INFO  statemachine.DatanodeStateMachine (DatanodeStateMachine.java:lambda$startDaemon$0(350)) - Ozone container server started.
2019-11-13 16:20:51,767 [ForkJoinPool.commonPool-worker-1] INFO  ozoneimpl.OzoneContainer (OzoneContainer.java:stop(244)) - Attempting to stop container services.
2019-11-13 16:20:51,767 [main] INFO  ozoneimpl.OzoneContainer (OzoneContainer.java:stop(244)) - Attempting to stop container services.
2019-11-13 16:20:51,768 [ForkJoinPool.commonPool-worker-1] INFO  impl.RaftServerProxy (RaftServerProxy.java:lambda$close$4(314)) - 3fa6b523-0f53-44bb-b345-f5f355eab07b: close
2019-11-13 16:20:51,769 [main] INFO  impl.RaftServerProxy (RaftServerProxy.java:lambda$close$4(314)) - 285e9247-2161-496e-af81-9a87b6b231d9: close
2019-11-13 16:20:51,769 [ForkJoinPool.commonPool-worker-1] INFO  impl.RaftServerImpl (RaftServerImpl.java:lambda$shutdown$3(250)) - 3fa6b523-0f53-44bb-b345-f5f355eab07b@group-F14CED7F129D: shutdown
2019-11-13 16:20:51,769 [main] INFO  impl.RaftServerImpl (RaftServerImpl.java:lambda$shutdown$3(250)) - 285e9247-2161-496e-af81-9a87b6b231d9@group-2F3AC73264DC: shutdown
2019-11-13 16:20:51,769 [ForkJoinPool.commonPool-worker-1] INFO  util.JmxRegister (JmxRegister.java:unregister(73)) - Successfully un-registered JMX Bean with object name Ratis:service=RaftServer,group=group-F14CED7F129D,id=3fa6b523-0f53-44bb-b345-f5f355eab07b
2019-11-13 16:20:51,769 [main] INFO  util.JmxRegister (JmxRegister.java:unregister(73)) - Successfully un-registered JMX Bean with object name Ratis:service=RaftServer,group=group-2F3AC73264DC,id=285e9247-2161-496e-af81-9a87b6b231d9
2019-11-13 16:20:51,770 [ForkJoinPool.commonPool-worker-1] INFO  impl.RoleInfo (RoleInfo.java:shutdownLeaderState(104)) - 3fa6b523-0f53-44bb-b345-f5f355eab07b: shutdown LeaderState
2019-11-13 16:20:51,770 [main] INFO  impl.RoleInfo (RoleInfo.java:shutdownLeaderState(104)) - 285e9247-2161-496e-af81-9a87b6b231d9: shutdown LeaderState
2019-11-13 16:20:51,785 [org.apache.ratis.server.impl.LogAppender$AppenderDaemon$$Lambda$479/1610540024@5791c46b] WARN  server.GrpcLogAppender (GrpcLogAppender.java:mayWait(151)) - 3fa6b523-0f53-44bb-b345-f5f355eab07b@group-F14CED7F129D->ece9b524-37b5-4407-b642-ea356430eaaa-GrpcLogAppender: Wait interrupted by java.lang.InterruptedException
2019-11-13 16:20:51,785 [org.apache.ratis.server.impl.LogAppender$AppenderDaemon$$Lambda$479/1610540024@129340fd] WARN  server.GrpcLogAppender (GrpcLogAppender.java:mayWait(151)) - 3fa6b523-0f53-44bb-b345-f5f355eab07b@group-F14CED7F129D->66a098cb-53c0-4f05-8b16-ad76b3c07384-GrpcLogAppender: Wait interrupted by java.lang.InterruptedException
2019-11-13 16:20:51,785 [ForkJoinPool.commonPool-worker-1] INFO  impl.PendingRequests (PendingRequests.java:sendNotLeaderResponses(206)) - 3fa6b523-0f53-44bb-b345-f5f355eab07b@group-F14CED7F129D-PendingRequests: sendNotLeaderResponses
2019-11-13 16:20:51,785 [main] INFO  impl.PendingRequests (PendingRequests.java:sendNotLeaderResponses(206)) - 285e9247-2161-496e-af81-9a87b6b231d9@group-2F3AC73264DC-PendingRequests: sendNotLeaderResponses
2019-11-13 16:20:51,786 [grpc-default-executor-1] INFO  server.GrpcServerProtocolService (GrpcServerProtocolService.java:onCompleted(113)) - 66a098cb-53c0-4f05-8b16-ad76b3c07384: Completed APPEND_ENTRIES, lastRequest: 3fa6b523-0f53-44bb-b345-f5f355eab07b->66a098cb-53c0-4f05-8b16-ad76b3c07384#10-t1, previous=(t:1, i:0), leaderCommit=0, initializing? false, entries: <empty>
2019-11-13 16:20:51,786 [ForkJoinPool.commonPool-worker-1] INFO  impl.StateMachineUpdater (StateMachineUpdater.java:stopAndJoin(136)) - 3fa6b523-0f53-44bb-b345-f5f355eab07b@group-F14CED7F129D-StateMachineUpdater: set stopIndex = 0
2019-11-13 16:20:51,786 [grpc-default-executor-3] INFO  server.GrpcServerProtocolService (GrpcServerProtocolService.java:onCompleted(113)) - ece9b524-37b5-4407-b642-ea356430eaaa: Completed APPEND_ENTRIES, lastRequest: 3fa6b523-0f53-44bb-b345-f5f355eab07b->ece9b524-37b5-4407-b642-ea356430eaaa#10-t1, previous=(t:1, i:0), leaderCommit=0, initializing? false, entries: <empty>
2019-11-13 16:20:51,786 [main] INFO  impl.StateMachineUpdater (StateMachineUpdater.java:stopAndJoin(136)) - 285e9247-2161-496e-af81-9a87b6b231d9@group-2F3AC73264DC-StateMachineUpdater: set stopIndex = 0
2019-11-13 16:20:51,787 [ForkJoinPool.commonPool-worker-1] INFO  impl.RaftServerImpl (ServerState.java:close(387)) - 3fa6b523-0f53-44bb-b345-f5f355eab07b@group-F14CED7F129D: closes. applyIndex: 0
2019-11-13 16:20:51,787 [main] INFO  impl.RaftServerImpl (ServerState.java:close(387)) - 285e9247-2161-496e-af81-9a87b6b231d9@group-2F3AC73264DC: closes. applyIndex: 0
2019-11-13 16:20:51,787 [3fa6b523-0f53-44bb-b345-f5f355eab07b@group-F14CED7F129D-SegmentedRaftLogWorker] INFO  segmented.SegmentedRaftLogWorker (SegmentedRaftLogWorker.java:run(316)) - 3fa6b523-0f53-44bb-b345-f5f355eab07b@group-F14CED7F129D-SegmentedRaftLogWorker was interrupted, exiting. There are 0 tasks remaining in the queue.
2019-11-13 16:20:51,788 [grpc-default-executor-3] INFO  server.GrpcLogAppender (GrpcLogAppender.java:onCompleted(308)) - 3fa6b523-0f53-44bb-b345-f5f355eab07b@group-F14CED7F129D->66a098cb-53c0-4f05-8b16-ad76b3c07384-AppendLogResponseHandler: follower responses appendEntries COMPLETED
2019-11-13 16:20:51,788 [285e9247-2161-496e-af81-9a87b6b231d9@group-2F3AC73264DC-SegmentedRaftLogWorker] INFO  segmented.SegmentedRaftLogWorker (SegmentedRaftLogWorker.java:run(316)) - 285e9247-2161-496e-af81-9a87b6b231d9@group-2F3AC73264DC-SegmentedRaftLogWorker was interrupted, exiting. There are 0 tasks remaining in the queue.
2019-11-13 16:20:51,791 [ForkJoinPool.commonPool-worker-1] INFO  segmented.SegmentedRaftLogWorker (SegmentedRaftLogWorker.java:close(224)) - 3fa6b523-0f53-44bb-b345-f5f355eab07b@group-F14CED7F129D-SegmentedRaftLogWorker close()
2019-11-13 16:20:51,791 [main] INFO  segmented.SegmentedRaftLogWorker (SegmentedRaftLogWorker.java:close(224)) - 285e9247-2161-496e-af81-9a87b6b231d9@group-2F3AC73264DC-SegmentedRaftLogWorker close()
2019-11-13 16:20:51,788 [grpc-default-executor-1] INFO  server.GrpcLogAppender (GrpcLogAppender.java:onCompleted(308)) - 3fa6b523-0f53-44bb-b345-f5f355eab07b@group-F14CED7F129D->ece9b524-37b5-4407-b642-ea356430eaaa-AppendLogResponseHandler: follower responses appendEntries COMPLETED
2019-11-13 16:20:51,796 [main] INFO  impl.RaftServerImpl (RaftServerImpl.java:lambda$shutdown$3(250)) - 285e9247-2161-496e-af81-9a87b6b231d9@group-8F7AB9145989: shutdown
2019-11-13 16:20:51,794 [ForkJoinPool.commonPool-worker-1] INFO  impl.RaftServerImpl (RaftServerImpl.java:lambda$shutdown$3(250)) - 3fa6b523-0f53-44bb-b345-f5f355eab07b@group-94EB15591EA3: shutdown
2019-11-13 16:20:51,796 [main] INFO  util.JmxRegister (JmxRegister.java:unregister(73)) - Successfully un-registered JMX Bean with object name Ratis:service=RaftServer,group=group-8F7AB9145989,id=285e9247-2161-496e-af81-9a87b6b231d9
2019-11-13 16:20:51,796 [grpc-default-executor-3] INFO  impl.FollowerInfo (FollowerInfo.java:lambda$new$0(51)) - 3fa6b523-0f53-44bb-b345-f5f355eab07b@group-F14CED7F129D->66a098cb-53c0-4f05-8b16-ad76b3c07384: nextIndex: updateUnconditionally 1 -> 0
2019-11-13 16:20:51,797 [main] INFO  impl.RoleInfo (RoleInfo.java:shutdownFollowerState(121)) - 285e9247-2161-496e-af81-9a87b6b231d9: shutdown FollowerState
2019-11-13 16:20:51,797 [ForkJoinPool.commonPool-worker-1] INFO  util.JmxRegister (JmxRegister.java:unregister(73)) - Successfully un-registered JMX Bean with object name Ratis:service=RaftServer,group=group-94EB15591EA3,id=3fa6b523-0f53-44bb-b345-f5f355eab07b
2019-11-13 16:20:51,797 [ForkJoinPool.commonPool-worker-1] INFO  impl.RoleInfo (RoleInfo.java:shutdownLeaderState(104)) - 3fa6b523-0f53-44bb-b345-f5f355eab07b: shutdown LeaderState
2019-11-13 16:20:51,797 [grpc-default-executor-1] INFO  impl.FollowerInfo (FollowerInfo.java:lambda$new$0(51)) - 3fa6b523-0f53-44bb-b345-f5f355eab07b@group-F14CED7F129D->ece9b524-37b5-4407-b642-ea356430eaaa: nextIndex: updateUnconditionally 1 -> 0
2019-11-13 16:20:51,798 [ForkJoinPool.commonPool-worker-1] INFO  impl.PendingRequests (PendingRequests.java:sendNotLeaderResponses(206)) - 3fa6b523-0f53-44bb-b345-f5f355eab07b@group-94EB15591EA3-PendingRequests: sendNotLeaderResponses
2019-11-13 16:20:51,798 [285e9247-2161-496e-af81-9a87b6b231d9@group-8F7AB9145989-StateMachineUpdater] INFO  ratis.ContainerStateMachine (ContainerStateMachine.java:takeSnapshot(285)) - group-8F7AB9145989: Taking a snapshot at:(t:1, i:2) file /workdir/hadoop-ozone/integration-test/target/test-dir/MiniOzoneClusterImpl-3a974f43-0da0-4ff7-ab4a-31bb81b91875/datanode-5/data/ratis/969f6d63-08fa-4644-989e-8f7ab9145989/sm/snapshot.1_2
2019-11-13 16:20:51,798 [ForkJoinPool.commonPool-worker-1] INFO  impl.StateMachineUpdater (StateMachineUpdater.java:stopAndJoin(136)) - 3fa6b523-0f53-44bb-b345-f5f355eab07b@group-94EB15591EA3-StateMachineUpdater: set stopIndex = 0
2019-11-13 16:20:51,797 [Thread-1533] INFO  impl.FollowerState (FollowerState.java:run(120)) - 285e9247-2161-496e-af81-9a87b6b231d9@group-8F7AB9145989-FollowerState was interrupted: java.lang.InterruptedException: sleep interrupted
2019-11-13 16:20:51,797 [main] INFO  impl.StateMachineUpdater (StateMachineUpdater.java:stopAndJoin(136)) - 285e9247-2161-496e-af81-9a87b6b231d9@group-8F7AB9145989-StateMachineUpdater: set stopIndex = 4
2019-11-13 16:20:51,799 [ForkJoinPool.commonPool-worker-1] INFO  impl.RaftServerImpl (ServerState.java:close(387)) - 3fa6b523-0f53-44bb-b345-f5f355eab07b@group-94EB15591EA3: closes. applyIndex: 0
2019-11-13 16:20:51,799 [3fa6b523-0f53-44bb-b345-f5f355eab07b@group-94EB15591EA3-SegmentedRaftLogWorker] INFO  segmented.SegmentedRaftLogWorker (SegmentedRaftLogWorker.java:run(316)) - 3fa6b523-0f53-44bb-b345-f5f355eab07b@group-94EB15591EA3-SegmentedRaftLogWorker was interrupted, exiting. There are 0 tasks remaining in the queue.
2019-11-13 16:20:51,799 [ForkJoinPool.commonPool-worker-1] INFO  segmented.SegmentedRaftLogWorker (SegmentedRaftLogWorker.java:close(224)) - 3fa6b523-0f53-44bb-b345-f5f355eab07b@group-94EB15591EA3-SegmentedRaftLogWorker close()
2019-11-13 16:20:51,801 [ForkJoinPool.commonPool-worker-1] INFO  server.GrpcService (GrpcService.java:closeImpl(164)) - 3fa6b523-0f53-44bb-b345-f5f355eab07b: shutdown server with port 39811 now
2019-11-13 16:20:51,802 [ForkJoinPool.commonPool-worker-1] INFO  server.GrpcService (GrpcService.java:closeImpl(172)) - 3fa6b523-0f53-44bb-b345-f5f355eab07b: shutdown server with port 39811 successfully
2019-11-13 16:20:51,804 [refreshUsed-/workdir/hadoop-ozone/integration-test/target/test-dir/MiniOzoneClusterImpl-3a974f43-0da0-4ff7-ab4a-31bb81b91875/datanode-2/data/containers] WARN  fs.CachingGetSpaceUsed (CachingGetSpaceUsed.java:run(183)) - Thread Interrupted waiting to refresh disk information: sleep interrupted
2019-11-13 16:20:51,818 [ForkJoinPool.commonPool-worker-1] INFO  utils.BackgroundService (BackgroundService.java:shutdown(151)) - Shutting down service BlockDeletingService
2019-11-13 16:20:51,824 [ForkJoinPool.commonPool-worker-1] INFO  statemachine.DatanodeStateMachine (DatanodeStateMachine.java:stopDaemon(395)) - Ozone container server stopped.
2019-11-13 16:20:51,824 [285e9247-2161-496e-af81-9a87b6b231d9@group-8F7AB9145989-StateMachineUpdater] INFO  ratis.ContainerStateMachine (ContainerStateMachine.java:takeSnapshot(296)) - group-8F7AB9145989: Finished taking a snapshot at:(t:1, i:2) file:/workdir/hadoop-ozone/integration-test/target/test-dir/MiniOzoneClusterImpl-3a974f43-0da0-4ff7-ab4a-31bb81b91875/datanode-5/data/ratis/969f6d63-08fa-4644-989e-8f7ab9145989/sm/snapshot.1_2 time:26
2019-11-13 16:20:51,825 [285e9247-2161-496e-af81-9a87b6b231d9@group-8F7AB9145989-StateMachineUpdater] INFO  impl.StateMachineUpdater (StateMachineUpdater.java:takeSnapshot(269)) - 285e9247-2161-496e-af81-9a87b6b231d9@group-8F7AB9145989-StateMachineUpdater: Took a snapshot at index 2
2019-11-13 16:20:51,825 [285e9247-2161-496e-af81-9a87b6b231d9@group-8F7AB9145989-StateMachineUpdater] INFO  impl.StateMachineUpdater (StateMachineUpdater.java:lambda$new$0(84)) - 285e9247-2161-496e-af81-9a87b6b231d9@group-8F7AB9145989-StateMachineUpdater: snapshotIndex: updateIncreasingly -1 -> 2
2019-11-13 16:20:51,827 [285e9247-2161-496e-af81-9a87b6b231d9@group-8F7AB9145989-StateMachineUpdater] INFO  ratis.ContainerStateMachine (ContainerStateMachine.java:takeSnapshot(285)) - group-8F7AB9145989: Taking a snapshot at:(t:1, i:2) file /workdir/hadoop-ozone/integration-test/target/test-dir/MiniOzoneClusterImpl-3a974f43-0da0-4ff7-ab4a-31bb81b91875/datanode-5/data/ratis/969f6d63-08fa-4644-989e-8f7ab9145989/sm/snapshot.1_2
2019-11-13 16:20:51,829 [ForkJoinPool.commonPool-worker-1] INFO  handler.ContextHandler (ContextHandler.java:doStop(910)) - Stopped o.e.j.w.WebAppContext@4a44cfc0{/,null,UNAVAILABLE}{/hddsDatanode}
2019-11-13 16:20:51,830 [ForkJoinPool.commonPool-worker-1] INFO  server.AbstractConnector (AbstractConnector.java:doStop(318)) - Stopped ServerConnector@60e3c26e{HTTP/1.1,[http/1.1]}{0.0.0.0:0}
2019-11-13 16:20:51,831 [ForkJoinPool.commonPool-worker-1] INFO  handler.ContextHandler (ContextHandler.java:doStop(910)) - Stopped o.e.j.s.ServletContextHandler@7cfac39f{/static,jar:file:/home/user/.m2/repository/org/apache/hadoop/hadoop-hdds-container-service/0.5.0-SNAPSHOT/hadoop-hdds-container-service-0.5.0-SNAPSHOT.jar!/webapps/static,UNAVAILABLE}
2019-11-13 16:20:51,833 [ForkJoinPool.commonPool-worker-1] INFO  handler.ContextHandler (ContextHandler.java:doStop(910)) - Stopped o.e.j.s.ServletContextHandler@64942607{/logs,file:///workdir/hadoop-ozone/integration-test/target/log,UNAVAILABLE}
2019-11-13 16:20:51,850 [285e9247-2161-496e-af81-9a87b6b231d9@group-8F7AB9145989-StateMachineUpdater] INFO  ratis.ContainerStateMachine (ContainerStateMachine.java:takeSnapshot(296)) - group-8F7AB9145989: Finished taking a snapshot at:(t:1, i:2) file:/workdir/hadoop-ozone/integration-test/target/test-dir/MiniOzoneClusterImpl-3a974f43-0da0-4ff7-ab4a-31bb81b91875/datanode-5/data/ratis/969f6d63-08fa-4644-989e-8f7ab9145989/sm/snapshot.1_2 time:23
2019-11-13 16:20:51,850 [285e9247-2161-496e-af81-9a87b6b231d9@group-8F7AB9145989-StateMachineUpdater] INFO  impl.StateMachineUpdater (StateMachineUpdater.java:takeSnapshot(269)) - 285e9247-2161-496e-af81-9a87b6b231d9@group-8F7AB9145989-StateMachineUpdater: Took a snapshot at index 2
2019-11-13 16:20:51,851 [285e9247-2161-496e-af81-9a87b6b231d9@group-8F7AB9145989-StateMachineUpdater] INFO  impl.StateMachineUpdater (StateMachineUpdater.java:lambda$new$0(84)) - 285e9247-2161-496e-af81-9a87b6b231d9@group-8F7AB9145989-StateMachineUpdater: snapshotIndex: updateIncreasingly 2 -> 2
2019-11-13 16:20:51,851 [main] INFO  impl.RaftServerImpl (ServerState.java:close(387)) - 285e9247-2161-496e-af81-9a87b6b231d9@group-8F7AB9145989: closes. applyIndex: 4
2019-11-13 16:20:51,852 [285e9247-2161-496e-af81-9a87b6b231d9@group-8F7AB9145989-SegmentedRaftLogWorker] INFO  segmented.SegmentedRaftLogWorker (SegmentedRaftLogWorker.java:run(316)) - 285e9247-2161-496e-af81-9a87b6b231d9@group-8F7AB9145989-SegmentedRaftLogWorker was interrupted, exiting. There are 0 tasks remaining in the queue.
2019-11-13 16:20:51,853 [main] INFO  segmented.SegmentedRaftLogWorker (SegmentedRaftLogWorker.java:close(224)) - 285e9247-2161-496e-af81-9a87b6b231d9@group-8F7AB9145989-SegmentedRaftLogWorker close()
2019-11-13 16:20:51,862 [main] INFO  server.GrpcService (GrpcService.java:closeImpl(164)) - 285e9247-2161-496e-af81-9a87b6b231d9: shutdown server with port 38616 now
2019-11-13 16:20:51,863 [grpc-default-executor-3] WARN  server.GrpcServerProtocolService (LogUtils.java:warn(134)) - 285e9247-2161-496e-af81-9a87b6b231d9: installSnapshot onError, lastRequest: d45a2df2-8f38-43ec-9df7-e5c52ac58263->285e9247-2161-496e-af81-9a87b6b231d9#15-t1, previous=(t:1, i:4), leaderCommit=4, initializing? false, entries: <empty>: org.apache.ratis.thirdparty.io.grpc.StatusRuntimeException: CANCELLED: cancelled before receiving half close
2019-11-13 16:20:51,863 [main] INFO  server.GrpcService (GrpcService.java:closeImpl(172)) - 285e9247-2161-496e-af81-9a87b6b231d9: shutdown server with port 38616 successfully
2019-11-13 16:20:51,863 [grpc-default-executor-5] WARN  server.GrpcLogAppender (LogUtils.java:warn(134)) - d45a2df2-8f38-43ec-9df7-e5c52ac58263@group-8F7AB9145989->285e9247-2161-496e-af81-9a87b6b231d9-AppendLogResponseHandler: Failed appendEntries: org.apache.ratis.thirdparty.io.grpc.StatusRuntimeException: CANCELLED: HTTP/2 error code: CANCEL
Received Rst Stream
2019-11-13 16:20:51,864 [grpc-default-executor-5] INFO  impl.FollowerInfo (FollowerInfo.java:lambda$new$0(51)) - d45a2df2-8f38-43ec-9df7-e5c52ac58263@group-8F7AB9145989->285e9247-2161-496e-af81-9a87b6b231d9: nextIndex: updateUnconditionally 5 -> 4
2019-11-13 16:20:51,866 [refreshUsed-/workdir/hadoop-ozone/integration-test/target/test-dir/MiniOzoneClusterImpl-3a974f43-0da0-4ff7-ab4a-31bb81b91875/datanode-5/data/containers] WARN  fs.CachingGetSpaceUsed (CachingGetSpaceUsed.java:run(183)) - Thread Interrupted waiting to refresh disk information: sleep interrupted
2019-11-13 16:20:51,880 [main] INFO  utils.BackgroundService (BackgroundService.java:shutdown(151)) - Shutting down service BlockDeletingService
2019-11-13 16:20:51,885 [main] INFO  statemachine.DatanodeStateMachine (DatanodeStateMachine.java:stopDaemon(395)) - Ozone container server stopped.
2019-11-13 16:20:51,886 [main] INFO  handler.ContextHandler (ContextHandler.java:doStop(910)) - Stopped o.e.j.w.WebAppContext@781711b7{/,null,UNAVAILABLE}{/hddsDatanode}
2019-11-13 16:20:51,887 [main] INFO  server.AbstractConnector (AbstractConnector.java:doStop(318)) - Stopped ServerConnector@642a16aa{HTTP/1.1,[http/1.1]}{0.0.0.0:0}
2019-11-13 16:20:51,887 [main] INFO  handler.ContextHandler (ContextHandler.java:doStop(910)) - Stopped o.e.j.s.ServletContextHandler@47f04e4d{/static,jar:file:/home/user/.m2/repository/org/apache/hadoop/hadoop-hdds-container-service/0.5.0-SNAPSHOT/hadoop-hdds-container-service-0.5.0-SNAPSHOT.jar!/webapps/static,UNAVAILABLE}
2019-11-13 16:20:51,887 [main] INFO  handler.ContextHandler (ContextHandler.java:doStop(910)) - Stopped o.e.j.s.ServletContextHandler@6e60f18{/logs,file:///workdir/hadoop-ozone/integration-test/target/log,UNAVAILABLE}
2019-11-13 16:20:52,155 [Datanode State Machine Thread - 0] INFO  statemachine.DatanodeStateMachine (DatanodeStateMachine.java:lambda$startDaemon$0(350)) - Ozone container server started.
2019-11-13 16:20:52,223 [grpc-default-executor-3] WARN  server.GrpcLogAppender (LogUtils.java:warn(134)) - d45a2df2-8f38-43ec-9df7-e5c52ac58263@group-8F7AB9145989->285e9247-2161-496e-af81-9a87b6b231d9-AppendLogResponseHandler: Failed appendEntries: org.apache.ratis.thirdparty.io.grpc.StatusRuntimeException: UNAVAILABLE: io exception
2019-11-13 16:20:52,224 [grpc-default-executor-3] INFO  impl.FollowerInfo (FollowerInfo.java:lambda$new$0(51)) - d45a2df2-8f38-43ec-9df7-e5c52ac58263@group-8F7AB9145989->285e9247-2161-496e-af81-9a87b6b231d9: nextIndex: updateUnconditionally 4 -> 3
2019-11-13 16:20:52,723 [grpc-default-executor-1] WARN  server.GrpcLogAppender (LogUtils.java:warn(134)) - d45a2df2-8f38-43ec-9df7-e5c52ac58263@group-8F7AB9145989->285e9247-2161-496e-af81-9a87b6b231d9-AppendLogResponseHandler: Failed appendEntries: org.apache.ratis.thirdparty.io.grpc.StatusRuntimeException: UNAVAILABLE: io exception
2019-11-13 16:20:52,724 [grpc-default-executor-1] INFO  impl.FollowerInfo (FollowerInfo.java:lambda$new$0(51)) - d45a2df2-8f38-43ec-9df7-e5c52ac58263@group-8F7AB9145989->285e9247-2161-496e-af81-9a87b6b231d9: nextIndex: updateUnconditionally 3 -> 2
2019-11-13 16:20:52,765 [Datanode State Machine Thread - 0] INFO  statemachine.DatanodeStateMachine (DatanodeStateMachine.java:lambda$startDaemon$0(350)) - Ozone container server started.
2019-11-13 16:20:53,224 [grpc-default-executor-5] WARN  server.GrpcLogAppender (LogUtils.java:warn(134)) - d45a2df2-8f38-43ec-9df7-e5c52ac58263@group-8F7AB9145989->285e9247-2161-496e-af81-9a87b6b231d9-AppendLogResponseHandler: Failed appendEntries: org.apache.ratis.thirdparty.io.grpc.StatusRuntimeException: UNAVAILABLE: io exception
2019-11-13 16:20:53,225 [grpc-default-executor-5] INFO  impl.FollowerInfo (FollowerInfo.java:lambda$new$0(51)) - d45a2df2-8f38-43ec-9df7-e5c52ac58263@group-8F7AB9145989->285e9247-2161-496e-af81-9a87b6b231d9: nextIndex: updateUnconditionally 2 -> 1
2019-11-13 16:20:53,394 [Thread-1587] INFO  impl.FollowerState (FollowerState.java:run(111)) - ece9b524-37b5-4407-b642-ea356430eaaa@group-F14CED7F129D-FollowerState: change to CANDIDATE, lastRpcTime:1873ms, electionTimeout:1177ms
2019-11-13 16:20:53,394 [Thread-1587] INFO  impl.RoleInfo (RoleInfo.java:shutdownFollowerState(121)) - ece9b524-37b5-4407-b642-ea356430eaaa: shutdown FollowerState
2019-11-13 16:20:53,394 [Thread-1587] INFO  impl.RaftServerImpl (RaftServerImpl.java:setRole(173)) - ece9b524-37b5-4407-b642-ea356430eaaa@group-F14CED7F129D: changes role from  FOLLOWER to CANDIDATE at term 1 for changeToCandidate
2019-11-13 16:20:53,394 [Thread-1587] INFO  impl.RoleInfo (RoleInfo.java:updateAndGet(143)) - ece9b524-37b5-4407-b642-ea356430eaaa: start LeaderElection
2019-11-13 16:20:53,395 [ece9b524-37b5-4407-b642-ea356430eaaa@group-F14CED7F129D-LeaderElection92] INFO  impl.RaftServerImpl (ServerState.java:setLeader(255)) - ece9b524-37b5-4407-b642-ea356430eaaa@group-F14CED7F129D: change Leader from 3fa6b523-0f53-44bb-b345-f5f355eab07b to null at term 1 for initElection
2019-11-13 16:20:53,429 [ece9b524-37b5-4407-b642-ea356430eaaa@group-F14CED7F129D-LeaderElection92] INFO  impl.LeaderElection (LeaderElection.java:askForVotes(178)) - ece9b524-37b5-4407-b642-ea356430eaaa@group-F14CED7F129D-LeaderElection92: begin an election at term 2 for 0: [3fa6b523-0f53-44bb-b345-f5f355eab07b:192.168.69.122:39811, ece9b524-37b5-4407-b642-ea356430eaaa:192.168.69.122:40942, 66a098cb-53c0-4f05-8b16-ad76b3c07384:192.168.69.122:36855], old=null
2019-11-13 16:20:53,433 [ece9b524-37b5-4407-b642-ea356430eaaa@group-F14CED7F129D-LeaderElection92] INFO  impl.LeaderElection (LogUtils.java:infoOrTrace(149)) - ece9b524-37b5-4407-b642-ea356430eaaa@group-F14CED7F129D-LeaderElection92 got exception when requesting votes: {}
java.util.concurrent.ExecutionException: org.apache.ratis.thirdparty.io.grpc.StatusRuntimeException: UNAVAILABLE: io exception
	at java.util.concurrent.FutureTask.report(FutureTask.java:122)
	at java.util.concurrent.FutureTask.get(FutureTask.java:192)
	at org.apache.ratis.server.impl.LeaderElection.waitForResults(LeaderElection.java:259)
	at org.apache.ratis.server.impl.LeaderElection.askForVotes(LeaderElection.java:197)
	at org.apache.ratis.server.impl.LeaderElection.run(LeaderElection.java:133)
	at java.lang.Thread.run(Thread.java:748)
Caused by: org.apache.ratis.thirdparty.io.grpc.StatusRuntimeException: UNAVAILABLE: io exception
	at org.apache.ratis.thirdparty.io.grpc.stub.ClientCalls.toStatusRuntimeException(ClientCalls.java:233)
	at org.apache.ratis.thirdparty.io.grpc.stub.ClientCalls.getUnchecked(ClientCalls.java:214)
	at org.apache.ratis.thirdparty.io.grpc.stub.ClientCalls.blockingUnaryCall(ClientCalls.java:139)
	at org.apache.ratis.proto.grpc.RaftServerProtocolServiceGrpc$RaftServerProtocolServiceBlockingStub.requestVote(RaftServerProtocolServiceGrpc.java:265)
	at org.apache.ratis.grpc.server.GrpcServerProtocolClient.requestVote(GrpcServerProtocolClient.java:99)
	at org.apache.ratis.grpc.server.GrpcService.requestVote(GrpcService.java:204)
	at org.apache.ratis.server.impl.LeaderElection.lambda$submitRequests$1(LeaderElection.java:234)
	at java.util.concurrent.FutureTask.run(FutureTask.java:266)
	at java.util.concurrent.Executors$RunnableAdapter.call(Executors.java:511)
	at java.util.concurrent.FutureTask.run(FutureTask.java:266)
	at java.util.concurrent.ThreadPoolExecutor.runWorker(ThreadPoolExecutor.java:1149)
	at java.util.concurrent.ThreadPoolExecutor$Worker.run(ThreadPoolExecutor.java:624)
	... 1 more
Caused by: org.apache.ratis.thirdparty.io.netty.channel.AbstractChannel$AnnotatedConnectException: Connection refused: /192.168.69.122:39811
	at sun.nio.ch.SocketChannelImpl.checkConnect(Native Method)
	at sun.nio.ch.SocketChannelImpl.finishConnect(SocketChannelImpl.java:717)
	at org.apache.ratis.thirdparty.io.netty.channel.socket.nio.NioSocketChannel.doFinishConnect(NioSocketChannel.java:327)
	at org.apache.ratis.thirdparty.io.netty.channel.nio.AbstractNioChannel$AbstractNioUnsafe.finishConnect(AbstractNioChannel.java:340)
	at org.apache.ratis.thirdparty.io.netty.channel.nio.NioEventLoop.processSelectedKey(NioEventLoop.java:632)
	at org.apache.ratis.thirdparty.io.netty.channel.nio.NioEventLoop.processSelectedKeysOptimized(NioEventLoop.java:579)
	at org.apache.ratis.thirdparty.io.netty.channel.nio.NioEventLoop.processSelectedKeys(NioEventLoop.java:496)
	at org.apache.ratis.thirdparty.io.netty.channel.nio.NioEventLoop.run(NioEventLoop.java:458)
	at org.apache.ratis.thirdparty.io.netty.util.concurrent.SingleThreadEventExecutor$5.run(SingleThreadEventExecutor.java:897)
	at org.apache.ratis.thirdparty.io.netty.util.concurrent.FastThreadLocalRunnable.run(FastThreadLocalRunnable.java:30)
	... 1 more
Caused by: java.net.ConnectException: Connection refused
	... 11 more
2019-11-13 16:20:53,438 [grpc-default-executor-5] INFO  impl.RaftServerImpl (ServerState.java:setLeader(255)) - 66a098cb-53c0-4f05-8b16-ad76b3c07384@group-F14CED7F129D: change Leader from 3fa6b523-0f53-44bb-b345-f5f355eab07b to null at term 2 for updateCurrentTerm
2019-11-13 16:20:53,438 [grpc-default-executor-5] INFO  impl.RaftServerImpl (RaftServerImpl.java:setRole(173)) - 66a098cb-53c0-4f05-8b16-ad76b3c07384@group-F14CED7F129D: changes role from  FOLLOWER to FOLLOWER at term 2 for recognizeCandidate:ece9b524-37b5-4407-b642-ea356430eaaa
2019-11-13 16:20:53,439 [grpc-default-executor-5] INFO  impl.RoleInfo (RoleInfo.java:shutdownFollowerState(121)) - 66a098cb-53c0-4f05-8b16-ad76b3c07384: shutdown FollowerState
2019-11-13 16:20:53,439 [Thread-1588] INFO  impl.FollowerState (FollowerState.java:run(120)) - 66a098cb-53c0-4f05-8b16-ad76b3c07384@group-F14CED7F129D-FollowerState was interrupted: java.lang.InterruptedException: sleep interrupted
2019-11-13 16:20:53,439 [grpc-default-executor-5] INFO  impl.RoleInfo (RoleInfo.java:updateAndGet(143)) - 66a098cb-53c0-4f05-8b16-ad76b3c07384: start FollowerState
2019-11-13 16:20:53,464 [ece9b524-37b5-4407-b642-ea356430eaaa@group-F14CED7F129D-LeaderElection92] INFO  impl.LeaderElection (LeaderElection.java:logAndReturn(56)) - ece9b524-37b5-4407-b642-ea356430eaaa@group-F14CED7F129D-LeaderElection92: Election PASSED; received 1 response(s) [ece9b524-37b5-4407-b642-ea356430eaaa<-66a098cb-53c0-4f05-8b16-ad76b3c07384#0:OK-t2] and 1 exception(s); ece9b524-37b5-4407-b642-ea356430eaaa@group-F14CED7F129D:t2, leader=null, voted=ece9b524-37b5-4407-b642-ea356430eaaa, raftlog=ece9b524-37b5-4407-b642-ea356430eaaa@group-F14CED7F129D-SegmentedRaftLog:OPENED:c0,f0,i0, conf=0: [3fa6b523-0f53-44bb-b345-f5f355eab07b:192.168.69.122:39811, ece9b524-37b5-4407-b642-ea356430eaaa:192.168.69.122:40942, 66a098cb-53c0-4f05-8b16-ad76b3c07384:192.168.69.122:36855], old=null
2019-11-13 16:20:53,464 [ece9b524-37b5-4407-b642-ea356430eaaa@group-F14CED7F129D-LeaderElection92] INFO  impl.LeaderElection (LogUtils.java:infoOrTrace(149)) -   Exception 0: {}
java.util.concurrent.ExecutionException: org.apache.ratis.thirdparty.io.grpc.StatusRuntimeException: UNAVAILABLE: io exception
	at java.util.concurrent.FutureTask.report(FutureTask.java:122)
	at java.util.concurrent.FutureTask.get(FutureTask.java:192)
	at org.apache.ratis.server.impl.LeaderElection.waitForResults(LeaderElection.java:259)
	at org.apache.ratis.server.impl.LeaderElection.askForVotes(LeaderElection.java:197)
	at org.apache.ratis.server.impl.LeaderElection.run(LeaderElection.java:133)
	at java.lang.Thread.run(Thread.java:748)
Caused by: org.apache.ratis.thirdparty.io.grpc.StatusRuntimeException: UNAVAILABLE: io exception
	at org.apache.ratis.thirdparty.io.grpc.stub.ClientCalls.toStatusRuntimeException(ClientCalls.java:233)
	at org.apache.ratis.thirdparty.io.grpc.stub.ClientCalls.getUnchecked(ClientCalls.java:214)
	at org.apache.ratis.thirdparty.io.grpc.stub.ClientCalls.blockingUnaryCall(ClientCalls.java:139)
	at org.apache.ratis.proto.grpc.RaftServerProtocolServiceGrpc$RaftServerProtocolServiceBlockingStub.requestVote(RaftServerProtocolServiceGrpc.java:265)
	at org.apache.ratis.grpc.server.GrpcServerProtocolClient.requestVote(GrpcServerProtocolClient.java:99)
	at org.apache.ratis.grpc.server.GrpcService.requestVote(GrpcService.java:204)
	at org.apache.ratis.server.impl.LeaderElection.lambda$submitRequests$1(LeaderElection.java:234)
	at java.util.concurrent.FutureTask.run(FutureTask.java:266)
	at java.util.concurrent.Executors$RunnableAdapter.call(Executors.java:511)
	at java.util.concurrent.FutureTask.run(FutureTask.java:266)
	at java.util.concurrent.ThreadPoolExecutor.runWorker(ThreadPoolExecutor.java:1149)
	at java.util.concurrent.ThreadPoolExecutor$Worker.run(ThreadPoolExecutor.java:624)
	... 1 more
Caused by: org.apache.ratis.thirdparty.io.netty.channel.AbstractChannel$AnnotatedConnectException: Connection refused: /192.168.69.122:39811
	at sun.nio.ch.SocketChannelImpl.checkConnect(Native Method)
	at sun.nio.ch.SocketChannelImpl.finishConnect(SocketChannelImpl.java:717)
	at org.apache.ratis.thirdparty.io.netty.channel.socket.nio.NioSocketChannel.doFinishConnect(NioSocketChannel.java:327)
	at org.apache.ratis.thirdparty.io.netty.channel.nio.AbstractNioChannel$AbstractNioUnsafe.finishConnect(AbstractNioChannel.java:340)
	at org.apache.ratis.thirdparty.io.netty.channel.nio.NioEventLoop.processSelectedKey(NioEventLoop.java:632)
	at org.apache.ratis.thirdparty.io.netty.channel.nio.NioEventLoop.processSelectedKeysOptimized(NioEventLoop.java:579)
	at org.apache.ratis.thirdparty.io.netty.channel.nio.NioEventLoop.processSelectedKeys(NioEventLoop.java:496)
	at org.apache.ratis.thirdparty.io.netty.channel.nio.NioEventLoop.run(NioEventLoop.java:458)
	at org.apache.ratis.thirdparty.io.netty.util.concurrent.SingleThreadEventExecutor$5.run(SingleThreadEventExecutor.java:897)
	at org.apache.ratis.thirdparty.io.netty.util.concurrent.FastThreadLocalRunnable.run(FastThreadLocalRunnable.java:30)
	... 1 more
Caused by: java.net.ConnectException: Connection refused
	... 11 more
2019-11-13 16:20:53,465 [ece9b524-37b5-4407-b642-ea356430eaaa@group-F14CED7F129D-LeaderElection92] INFO  impl.RoleInfo (RoleInfo.java:shutdownLeaderElection(134)) - ece9b524-37b5-4407-b642-ea356430eaaa: shutdown LeaderElection
2019-11-13 16:20:53,465 [ece9b524-37b5-4407-b642-ea356430eaaa@group-F14CED7F129D-LeaderElection92] INFO  impl.RaftServerImpl (RaftServerImpl.java:setRole(173)) - ece9b524-37b5-4407-b642-ea356430eaaa@group-F14CED7F129D: changes role from CANDIDATE to LEADER at term 2 for changeToLeader
2019-11-13 16:20:53,465 [ece9b524-37b5-4407-b642-ea356430eaaa@group-F14CED7F129D-LeaderElection92] INFO  ratis.XceiverServerRatis (XceiverServerRatis.java:handleLeaderChangedNotification(697)) - Leader change notification received for group: group-F14CED7F129D with new leaderId: ece9b524-37b5-4407-b642-ea356430eaaa
2019-11-13 16:20:53,465 [ece9b524-37b5-4407-b642-ea356430eaaa@group-F14CED7F129D-LeaderElection92] INFO  impl.RaftServerImpl (ServerState.java:setLeader(255)) - ece9b524-37b5-4407-b642-ea356430eaaa@group-F14CED7F129D: change Leader from null to ece9b524-37b5-4407-b642-ea356430eaaa at term 2 for becomeLeader, leader elected after 69ms
2019-11-13 16:20:53,465 [ece9b524-37b5-4407-b642-ea356430eaaa@group-F14CED7F129D-LeaderElection92] INFO  server.RaftServerConfigKeys (ConfUtils.java:logGet(43)) - raft.server.staging.catchup.gap = 1000 (default)
2019-11-13 16:20:53,466 [ece9b524-37b5-4407-b642-ea356430eaaa@group-F14CED7F129D-LeaderElection92] INFO  server.RaftServerConfigKeys (ConfUtils.java:logGet(43)) - raft.server.rpc.sleep.time = 25ms (default)
2019-11-13 16:20:53,466 [ece9b524-37b5-4407-b642-ea356430eaaa@group-F14CED7F129D-LeaderElection92] INFO  server.RaftServerConfigKeys (ConfUtils.java:logGet(43)) - raft.server.write.element-limit = 4096 (default)
2019-11-13 16:20:53,466 [ece9b524-37b5-4407-b642-ea356430eaaa@group-F14CED7F129D-LeaderElection92] INFO  server.RaftServerConfigKeys (ConfUtils.java:logGet(43)) - raft.server.watch.timeout = 10s (default)
2019-11-13 16:20:53,466 [ece9b524-37b5-4407-b642-ea356430eaaa@group-F14CED7F129D-LeaderElection92] INFO  server.RaftServerConfigKeys (ConfUtils.java:logGet(43)) - raft.server.watch.timeout.denomination = 1s (default)
2019-11-13 16:20:53,466 [ece9b524-37b5-4407-b642-ea356430eaaa@group-F14CED7F129D-LeaderElection92] INFO  server.RaftServerConfigKeys (ConfUtils.java:logGet(43)) - raft.server.watch.element-limit = 65536 (default)
2019-11-13 16:20:53,467 [ece9b524-37b5-4407-b642-ea356430eaaa@group-F14CED7F129D-LeaderElection92] INFO  server.RaftServerConfigKeys (ConfUtils.java:logGet(43)) - raft.server.log.appender.snapshot.chunk.size.max = 16MB (=16777216) (default)
2019-11-13 16:20:53,467 [ece9b524-37b5-4407-b642-ea356430eaaa@group-F14CED7F129D-LeaderElection92] INFO  server.RaftServerConfigKeys (ConfUtils.java:logGet(43)) - raft.server.log.appender.buffer.byte-limit = 33554432 (custom)
2019-11-13 16:20:53,467 [ece9b524-37b5-4407-b642-ea356430eaaa@group-F14CED7F129D-LeaderElection92] INFO  server.RaftServerConfigKeys (ConfUtils.java:logGet(43)) - raft.server.log.appender.buffer.element-limit = 1 (custom)
2019-11-13 16:20:53,467 [ece9b524-37b5-4407-b642-ea356430eaaa@group-F14CED7F129D-LeaderElection92] INFO  grpc.GrpcConfigKeys$Server (ConfUtils.java:logGet(43)) - raft.grpc.server.leader.outstanding.appends.max = 128 (default)
2019-11-13 16:20:53,467 [ece9b524-37b5-4407-b642-ea356430eaaa@group-F14CED7F129D-LeaderElection92] INFO  server.RaftServerConfigKeys (ConfUtils.java:logGet(43)) - raft.server.rpc.request.timeout = 3000ms (default)
2019-11-13 16:20:53,468 [ece9b524-37b5-4407-b642-ea356430eaaa@group-F14CED7F129D-LeaderElection92] INFO  server.RaftServerConfigKeys (ConfUtils.java:logGet(43)) - raft.server.log.appender.install.snapshot.enabled = false (custom)
2019-11-13 16:20:53,468 [ece9b524-37b5-4407-b642-ea356430eaaa@group-F14CED7F129D-LeaderElection92] WARN  impl.MetricRegistriesImpl (MetricRegistriesImpl.java:lambda$create$1(61)) - First MetricRegistry has been created without registering reporters. You may need to call MetricRegistries.global().addReportRegistration(...) before.
2019-11-13 16:20:53,468 [ece9b524-37b5-4407-b642-ea356430eaaa@group-F14CED7F129D-LeaderElection92] INFO  server.RaftServerConfigKeys (ConfUtils.java:logGet(43)) - raft.server.log.appender.snapshot.chunk.size.max = 16MB (=16777216) (default)
2019-11-13 16:20:53,468 [ece9b524-37b5-4407-b642-ea356430eaaa@group-F14CED7F129D-LeaderElection92] INFO  server.RaftServerConfigKeys (ConfUtils.java:logGet(43)) - raft.server.log.appender.buffer.byte-limit = 33554432 (custom)
2019-11-13 16:20:53,468 [ece9b524-37b5-4407-b642-ea356430eaaa@group-F14CED7F129D-LeaderElection92] INFO  server.RaftServerConfigKeys (ConfUtils.java:logGet(43)) - raft.server.log.appender.buffer.element-limit = 1 (custom)
2019-11-13 16:20:53,469 [ece9b524-37b5-4407-b642-ea356430eaaa@group-F14CED7F129D-LeaderElection92] INFO  grpc.GrpcConfigKeys$Server (ConfUtils.java:logGet(43)) - raft.grpc.server.leader.outstanding.appends.max = 128 (default)
2019-11-13 16:20:53,469 [ece9b524-37b5-4407-b642-ea356430eaaa@group-F14CED7F129D-LeaderElection92] INFO  server.RaftServerConfigKeys (ConfUtils.java:logGet(43)) - raft.server.rpc.request.timeout = 3000ms (default)
2019-11-13 16:20:53,469 [ece9b524-37b5-4407-b642-ea356430eaaa@group-F14CED7F129D-LeaderElection92] INFO  server.RaftServerConfigKeys (ConfUtils.java:logGet(43)) - raft.server.log.appender.install.snapshot.enabled = false (custom)
2019-11-13 16:20:53,469 [ece9b524-37b5-4407-b642-ea356430eaaa@group-F14CED7F129D-LeaderElection92] INFO  impl.RoleInfo (RoleInfo.java:updateAndGet(143)) - ece9b524-37b5-4407-b642-ea356430eaaa: start LeaderState
2019-11-13 16:20:53,470 [ece9b524-37b5-4407-b642-ea356430eaaa@group-F14CED7F129D-LeaderElection92] INFO  segmented.SegmentedRaftLogWorker (SegmentedRaftLogWorker.java:rollLogSegment(390)) - ece9b524-37b5-4407-b642-ea356430eaaa@group-F14CED7F129D-SegmentedRaftLogWorker: Rolling segment log-0_0 to index:0
2019-11-13 16:20:53,471 [ece9b524-37b5-4407-b642-ea356430eaaa@group-F14CED7F129D-SegmentedRaftLogWorker] INFO  segmented.SegmentedRaftLogWorker (SegmentedRaftLogWorker.java:execute(533)) - ece9b524-37b5-4407-b642-ea356430eaaa@group-F14CED7F129D-SegmentedRaftLogWorker: Rolled log segment from /workdir/hadoop-ozone/integration-test/target/test-dir/MiniOzoneClusterImpl-3a974f43-0da0-4ff7-ab4a-31bb81b91875/datanode-6/data/ratis/d720ac78-51dc-4f6d-a56a-f14ced7f129d/current/log_inprogress_0 to /workdir/hadoop-ozone/integration-test/target/test-dir/MiniOzoneClusterImpl-3a974f43-0da0-4ff7-ab4a-31bb81b91875/datanode-6/data/ratis/d720ac78-51dc-4f6d-a56a-f14ced7f129d/current/log_0-0
2019-11-13 16:20:53,471 [ece9b524-37b5-4407-b642-ea356430eaaa@group-F14CED7F129D-LeaderElection92] INFO  impl.RaftServerImpl (ServerState.java:setRaftConf(356)) - ece9b524-37b5-4407-b642-ea356430eaaa@group-F14CED7F129D: set configuration 1: [3fa6b523-0f53-44bb-b345-f5f355eab07b:192.168.69.122:39811, ece9b524-37b5-4407-b642-ea356430eaaa:192.168.69.122:40942, 66a098cb-53c0-4f05-8b16-ad76b3c07384:192.168.69.122:36855], old=null at 1
2019-11-13 16:20:53,472 [grpc-default-executor-5] WARN  server.GrpcLogAppender (LogUtils.java:warn(134)) - ece9b524-37b5-4407-b642-ea356430eaaa@group-F14CED7F129D->3fa6b523-0f53-44bb-b345-f5f355eab07b-AppendLogResponseHandler: Failed appendEntries: org.apache.ratis.thirdparty.io.grpc.StatusRuntimeException: UNAVAILABLE: io exception
2019-11-13 16:20:53,472 [grpc-default-executor-5] INFO  impl.FollowerInfo (FollowerInfo.java:lambda$new$0(51)) - ece9b524-37b5-4407-b642-ea356430eaaa@group-F14CED7F129D->3fa6b523-0f53-44bb-b345-f5f355eab07b: nextIndex: updateUnconditionally 1 -> 0
2019-11-13 16:20:53,473 [grpc-default-executor-5] INFO  ratis.XceiverServerRatis (XceiverServerRatis.java:handleLeaderChangedNotification(697)) - Leader change notification received for group: group-F14CED7F129D with new leaderId: ece9b524-37b5-4407-b642-ea356430eaaa
2019-11-13 16:20:53,473 [grpc-default-executor-5] INFO  impl.RaftServerImpl (ServerState.java:setLeader(255)) - 66a098cb-53c0-4f05-8b16-ad76b3c07384@group-F14CED7F129D: change Leader from null to ece9b524-37b5-4407-b642-ea356430eaaa at term 2 for appendEntries, leader elected after 34ms
2019-11-13 16:20:53,476 [grpc-default-executor-5] INFO  impl.RaftServerImpl (ServerState.java:setRaftConf(356)) - 66a098cb-53c0-4f05-8b16-ad76b3c07384@group-F14CED7F129D: set configuration 1: [3fa6b523-0f53-44bb-b345-f5f355eab07b:192.168.69.122:39811, ece9b524-37b5-4407-b642-ea356430eaaa:192.168.69.122:40942, 66a098cb-53c0-4f05-8b16-ad76b3c07384:192.168.69.122:36855], old=null at 1
2019-11-13 16:20:53,476 [grpc-default-executor-5] INFO  segmented.SegmentedRaftLogWorker (SegmentedRaftLogWorker.java:rollLogSegment(390)) - 66a098cb-53c0-4f05-8b16-ad76b3c07384@group-F14CED7F129D-SegmentedRaftLogWorker: Rolling segment log-0_0 to index:0
2019-11-13 16:20:53,477 [66a098cb-53c0-4f05-8b16-ad76b3c07384@group-F14CED7F129D-SegmentedRaftLogWorker] INFO  segmented.SegmentedRaftLogWorker (SegmentedRaftLogWorker.java:execute(533)) - 66a098cb-53c0-4f05-8b16-ad76b3c07384@group-F14CED7F129D-SegmentedRaftLogWorker: Rolled log segment from /workdir/hadoop-ozone/integration-test/target/test-dir/MiniOzoneClusterImpl-3a974f43-0da0-4ff7-ab4a-31bb81b91875/datanode-1/data/ratis/d720ac78-51dc-4f6d-a56a-f14ced7f129d/current/log_inprogress_0 to /workdir/hadoop-ozone/integration-test/target/test-dir/MiniOzoneClusterImpl-3a974f43-0da0-4ff7-ab4a-31bb81b91875/datanode-1/data/ratis/d720ac78-51dc-4f6d-a56a-f14ced7f129d/current/log_0-0
2019-11-13 16:20:53,522 [66a098cb-53c0-4f05-8b16-ad76b3c07384@group-F14CED7F129D-SegmentedRaftLogWorker] INFO  segmented.SegmentedRaftLogWorker (SegmentedRaftLogWorker.java:execute(576)) - 66a098cb-53c0-4f05-8b16-ad76b3c07384@group-F14CED7F129D-SegmentedRaftLogWorker: created new log segment /workdir/hadoop-ozone/integration-test/target/test-dir/MiniOzoneClusterImpl-3a974f43-0da0-4ff7-ab4a-31bb81b91875/datanode-1/data/ratis/d720ac78-51dc-4f6d-a56a-f14ced7f129d/current/log_inprogress_1
2019-11-13 16:20:53,522 [ece9b524-37b5-4407-b642-ea356430eaaa@group-F14CED7F129D-SegmentedRaftLogWorker] INFO  segmented.SegmentedRaftLogWorker (SegmentedRaftLogWorker.java:execute(576)) - ece9b524-37b5-4407-b642-ea356430eaaa@group-F14CED7F129D-SegmentedRaftLogWorker: created new log segment /workdir/hadoop-ozone/integration-test/target/test-dir/MiniOzoneClusterImpl-3a974f43-0da0-4ff7-ab4a-31bb81b91875/datanode-6/data/ratis/d720ac78-51dc-4f6d-a56a-f14ced7f129d/current/log_inprogress_1
2019-11-13 16:20:53,538 [grpc-default-executor-1] WARN  server.GrpcLogAppender (LogUtils.java:warn(134)) - ece9b524-37b5-4407-b642-ea356430eaaa@group-F14CED7F129D->3fa6b523-0f53-44bb-b345-f5f355eab07b-AppendLogResponseHandler: Failed appendEntries: org.apache.ratis.thirdparty.io.grpc.StatusRuntimeException: UNAVAILABLE: io exception
2019-11-13 16:20:53,538 [grpc-default-executor-1] INFO  impl.FollowerInfo (FollowerInfo.java:lambda$new$0(51)) - ece9b524-37b5-4407-b642-ea356430eaaa@group-F14CED7F129D->3fa6b523-0f53-44bb-b345-f5f355eab07b: nextIndex: updateUnconditionally 1 -> 0
2019-11-13 16:20:53,550 [grpc-default-executor-1] WARN  server.GrpcLogAppender (LogUtils.java:warn(134)) - ece9b524-37b5-4407-b642-ea356430eaaa@group-F14CED7F129D->3fa6b523-0f53-44bb-b345-f5f355eab07b-AppendLogResponseHandler: Failed appendEntries: org.apache.ratis.thirdparty.io.grpc.StatusRuntimeException: UNAVAILABLE: io exception
2019-11-13 16:20:53,551 [grpc-default-executor-1] INFO  impl.FollowerInfo (FollowerInfo.java:lambda$new$0(51)) - ece9b524-37b5-4407-b642-ea356430eaaa@group-F14CED7F129D->3fa6b523-0f53-44bb-b345-f5f355eab07b: nextIndex: updateUnconditionally 1 -> 0
2019-11-13 16:20:53,725 [grpc-default-executor-3] WARN  server.GrpcLogAppender (LogUtils.java:warn(134)) - d45a2df2-8f38-43ec-9df7-e5c52ac58263@group-8F7AB9145989->285e9247-2161-496e-af81-9a87b6b231d9-AppendLogResponseHandler: Failed appendEntries: org.apache.ratis.thirdparty.io.grpc.StatusRuntimeException: UNAVAILABLE: io exception
2019-11-13 16:20:53,726 [grpc-default-executor-3] INFO  impl.FollowerInfo (FollowerInfo.java:lambda$new$0(51)) - d45a2df2-8f38-43ec-9df7-e5c52ac58263@group-8F7AB9145989->285e9247-2161-496e-af81-9a87b6b231d9: nextIndex: updateUnconditionally 1 -> 0
2019-11-13 16:20:54,061 [grpc-default-executor-5] WARN  server.GrpcLogAppender (LogUtils.java:warn(134)) - ece9b524-37b5-4407-b642-ea356430eaaa@group-F14CED7F129D->3fa6b523-0f53-44bb-b345-f5f355eab07b-AppendLogResponseHandler: Failed appendEntries: org.apache.ratis.thirdparty.io.grpc.StatusRuntimeException: UNAVAILABLE: io exception
2019-11-13 16:20:54,061 [grpc-default-executor-5] INFO  impl.FollowerInfo (FollowerInfo.java:lambda$new$0(51)) - ece9b524-37b5-4407-b642-ea356430eaaa@group-F14CED7F129D->3fa6b523-0f53-44bb-b345-f5f355eab07b: nextIndex: updateUnconditionally 0 -> 0
2019-11-13 16:20:54,225 [grpc-default-executor-5] WARN  server.GrpcLogAppender (LogUtils.java:warn(134)) - d45a2df2-8f38-43ec-9df7-e5c52ac58263@group-8F7AB9145989->285e9247-2161-496e-af81-9a87b6b231d9-AppendLogResponseHandler: Failed appendEntries: org.apache.ratis.thirdparty.io.grpc.StatusRuntimeException: UNAVAILABLE: io exception
2019-11-13 16:20:54,226 [grpc-default-executor-5] INFO  impl.FollowerInfo (FollowerInfo.java:lambda$new$0(51)) - d45a2df2-8f38-43ec-9df7-e5c52ac58263@group-8F7AB9145989->285e9247-2161-496e-af81-9a87b6b231d9: nextIndex: updateUnconditionally 0 -> 0
2019-11-13 16:20:54,552 [grpc-default-executor-1] WARN  server.GrpcLogAppender (LogUtils.java:warn(134)) - ece9b524-37b5-4407-b642-ea356430eaaa@group-F14CED7F129D->3fa6b523-0f53-44bb-b345-f5f355eab07b-AppendLogResponseHandler: Failed appendEntries: org.apache.ratis.thirdparty.io.grpc.StatusRuntimeException: UNAVAILABLE: io exception
2019-11-13 16:20:54,552 [grpc-default-executor-1] INFO  impl.FollowerInfo (FollowerInfo.java:lambda$new$0(51)) - ece9b524-37b5-4407-b642-ea356430eaaa@group-F14CED7F129D->3fa6b523-0f53-44bb-b345-f5f355eab07b: nextIndex: updateUnconditionally 0 -> 0
2019-11-13 16:20:54,727 [grpc-default-executor-5] WARN  server.GrpcLogAppender (LogUtils.java:warn(134)) - d45a2df2-8f38-43ec-9df7-e5c52ac58263@group-8F7AB9145989->285e9247-2161-496e-af81-9a87b6b231d9-AppendLogResponseHandler: Failed appendEntries: org.apache.ratis.thirdparty.io.grpc.StatusRuntimeException: UNAVAILABLE: io exception
2019-11-13 16:20:54,727 [grpc-default-executor-5] INFO  impl.FollowerInfo (FollowerInfo.java:lambda$new$0(51)) - d45a2df2-8f38-43ec-9df7-e5c52ac58263@group-8F7AB9145989->285e9247-2161-496e-af81-9a87b6b231d9: nextIndex: updateUnconditionally 0 -> 0
2019-11-13 16:20:55,054 [grpc-default-executor-3] WARN  server.GrpcLogAppender (LogUtils.java:warn(134)) - ece9b524-37b5-4407-b642-ea356430eaaa@group-F14CED7F129D->3fa6b523-0f53-44bb-b345-f5f355eab07b-AppendLogResponseHandler: Failed appendEntries: org.apache.ratis.thirdparty.io.grpc.StatusRuntimeException: UNAVAILABLE: io exception
2019-11-13 16:20:55,054 [grpc-default-executor-3] INFO  impl.FollowerInfo (FollowerInfo.java:lambda$new$0(51)) - ece9b524-37b5-4407-b642-ea356430eaaa@group-F14CED7F129D->3fa6b523-0f53-44bb-b345-f5f355eab07b: nextIndex: updateUnconditionally 0 -> 0
2019-11-13 16:20:55,227 [grpc-default-executor-3] WARN  server.GrpcLogAppender (LogUtils.java:warn(134)) - d45a2df2-8f38-43ec-9df7-e5c52ac58263@group-8F7AB9145989->285e9247-2161-496e-af81-9a87b6b231d9-AppendLogResponseHandler: Failed appendEntries: org.apache.ratis.thirdparty.io.grpc.StatusRuntimeException: UNAVAILABLE: io exception
2019-11-13 16:20:55,228 [grpc-default-executor-3] INFO  impl.FollowerInfo (FollowerInfo.java:lambda$new$0(51)) - d45a2df2-8f38-43ec-9df7-e5c52ac58263@group-8F7AB9145989->285e9247-2161-496e-af81-9a87b6b231d9: nextIndex: updateUnconditionally 0 -> 0
2019-11-13 16:20:55,554 [grpc-default-executor-1] WARN  server.GrpcLogAppender (LogUtils.java:warn(134)) - ece9b524-37b5-4407-b642-ea356430eaaa@group-F14CED7F129D->3fa6b523-0f53-44bb-b345-f5f355eab07b-AppendLogResponseHandler: Failed appendEntries: org.apache.ratis.thirdparty.io.grpc.StatusRuntimeException: UNAVAILABLE: io exception
2019-11-13 16:20:55,555 [grpc-default-executor-1] INFO  impl.FollowerInfo (FollowerInfo.java:lambda$new$0(51)) - ece9b524-37b5-4407-b642-ea356430eaaa@group-F14CED7F129D->3fa6b523-0f53-44bb-b345-f5f355eab07b: nextIndex: updateUnconditionally 0 -> 0
2019-11-13 16:20:55,728 [grpc-default-executor-5] WARN  server.GrpcLogAppender (LogUtils.java:warn(134)) - d45a2df2-8f38-43ec-9df7-e5c52ac58263@group-8F7AB9145989->285e9247-2161-496e-af81-9a87b6b231d9-AppendLogResponseHandler: Failed appendEntries: org.apache.ratis.thirdparty.io.grpc.StatusRuntimeException: UNAVAILABLE: io exception
2019-11-13 16:20:55,729 [grpc-default-executor-5] INFO  impl.FollowerInfo (FollowerInfo.java:lambda$new$0(51)) - d45a2df2-8f38-43ec-9df7-e5c52ac58263@group-8F7AB9145989->285e9247-2161-496e-af81-9a87b6b231d9: nextIndex: updateUnconditionally 0 -> 0
2019-11-13 16:20:56,055 [grpc-default-executor-3] WARN  server.GrpcLogAppender (LogUtils.java:warn(134)) - ece9b524-37b5-4407-b642-ea356430eaaa@group-F14CED7F129D->3fa6b523-0f53-44bb-b345-f5f355eab07b-AppendLogResponseHandler: Failed appendEntries: org.apache.ratis.thirdparty.io.grpc.StatusRuntimeException: UNAVAILABLE: io exception
2019-11-13 16:20:56,056 [grpc-default-executor-3] INFO  impl.FollowerInfo (FollowerInfo.java:lambda$new$0(51)) - ece9b524-37b5-4407-b642-ea356430eaaa@group-F14CED7F129D->3fa6b523-0f53-44bb-b345-f5f355eab07b: nextIndex: updateUnconditionally 0 -> 0
2019-11-13 16:20:56,229 [grpc-default-executor-1] WARN  server.GrpcLogAppender (LogUtils.java:warn(134)) - d45a2df2-8f38-43ec-9df7-e5c52ac58263@group-8F7AB9145989->285e9247-2161-496e-af81-9a87b6b231d9-AppendLogResponseHandler: Failed appendEntries: org.apache.ratis.thirdparty.io.grpc.StatusRuntimeException: UNAVAILABLE: io exception
2019-11-13 16:20:56,230 [grpc-default-executor-1] INFO  impl.FollowerInfo (FollowerInfo.java:lambda$new$0(51)) - d45a2df2-8f38-43ec-9df7-e5c52ac58263@group-8F7AB9145989->285e9247-2161-496e-af81-9a87b6b231d9: nextIndex: updateUnconditionally 0 -> 0
2019-11-13 16:20:56,557 [grpc-default-executor-5] WARN  server.GrpcLogAppender (LogUtils.java:warn(134)) - ece9b524-37b5-4407-b642-ea356430eaaa@group-F14CED7F129D->3fa6b523-0f53-44bb-b345-f5f355eab07b-AppendLogResponseHandler: Failed appendEntries: org.apache.ratis.thirdparty.io.grpc.StatusRuntimeException: UNAVAILABLE: io exception
2019-11-13 16:20:56,558 [grpc-default-executor-5] INFO  impl.FollowerInfo (FollowerInfo.java:lambda$new$0(51)) - ece9b524-37b5-4407-b642-ea356430eaaa@group-F14CED7F129D->3fa6b523-0f53-44bb-b345-f5f355eab07b: nextIndex: updateUnconditionally 0 -> 0
2019-11-13 16:20:56,730 [grpc-default-executor-3] WARN  server.GrpcLogAppender (LogUtils.java:warn(134)) - d45a2df2-8f38-43ec-9df7-e5c52ac58263@group-8F7AB9145989->285e9247-2161-496e-af81-9a87b6b231d9-AppendLogResponseHandler: Failed appendEntries: org.apache.ratis.thirdparty.io.grpc.StatusRuntimeException: UNAVAILABLE: io exception
2019-11-13 16:20:56,731 [grpc-default-executor-3] INFO  impl.FollowerInfo (FollowerInfo.java:lambda$new$0(51)) - d45a2df2-8f38-43ec-9df7-e5c52ac58263@group-8F7AB9145989->285e9247-2161-496e-af81-9a87b6b231d9: nextIndex: updateUnconditionally 0 -> 0
2019-11-13 16:20:56,835 [ForkJoinPool.commonPool-worker-1] INFO  ozoneimpl.OzoneContainer (OzoneContainer.java:stop(244)) - Attempting to stop container services.
2019-11-13 16:20:56,835 [ForkJoinPool.commonPool-worker-1] INFO  impl.RaftServerProxy (RaftServerProxy.java:lambda$close$4(314)) - 0d99dfee-4670-49f5-9a57-a4288445f0bf: close
2019-11-13 16:20:56,836 [ForkJoinPool.commonPool-worker-1] INFO  impl.RaftServerImpl (RaftServerImpl.java:lambda$shutdown$3(250)) - 0d99dfee-4670-49f5-9a57-a4288445f0bf@group-72AFD38E77E4: shutdown
2019-11-13 16:20:56,836 [ForkJoinPool.commonPool-worker-1] INFO  util.JmxRegister (JmxRegister.java:unregister(73)) - Successfully un-registered JMX Bean with object name Ratis:service=RaftServer,group=group-72AFD38E77E4,id=0d99dfee-4670-49f5-9a57-a4288445f0bf
2019-11-13 16:20:56,836 [ForkJoinPool.commonPool-worker-1] INFO  impl.RoleInfo (RoleInfo.java:shutdownFollowerState(121)) - 0d99dfee-4670-49f5-9a57-a4288445f0bf: shutdown FollowerState
2019-11-13 16:20:56,837 [ForkJoinPool.commonPool-worker-1] INFO  impl.StateMachineUpdater (StateMachineUpdater.java:stopAndJoin(136)) - 0d99dfee-4670-49f5-9a57-a4288445f0bf@group-72AFD38E77E4-StateMachineUpdater: set stopIndex = 0
2019-11-13 16:20:56,837 [Thread-1561] INFO  impl.FollowerState (FollowerState.java:run(120)) - 0d99dfee-4670-49f5-9a57-a4288445f0bf@group-72AFD38E77E4-FollowerState was interrupted: java.lang.InterruptedException: sleep interrupted
2019-11-13 16:20:56,837 [ForkJoinPool.commonPool-worker-1] INFO  impl.RaftServerImpl (ServerState.java:close(387)) - 0d99dfee-4670-49f5-9a57-a4288445f0bf@group-72AFD38E77E4: closes. applyIndex: 0
2019-11-13 16:20:56,838 [0d99dfee-4670-49f5-9a57-a4288445f0bf@group-72AFD38E77E4-SegmentedRaftLogWorker] INFO  segmented.SegmentedRaftLogWorker (SegmentedRaftLogWorker.java:run(316)) - 0d99dfee-4670-49f5-9a57-a4288445f0bf@group-72AFD38E77E4-SegmentedRaftLogWorker was interrupted, exiting. There are 0 tasks remaining in the queue.
2019-11-13 16:20:56,841 [ForkJoinPool.commonPool-worker-1] INFO  segmented.SegmentedRaftLogWorker (SegmentedRaftLogWorker.java:close(224)) - 0d99dfee-4670-49f5-9a57-a4288445f0bf@group-72AFD38E77E4-SegmentedRaftLogWorker close()
2019-11-13 16:20:56,843 [ForkJoinPool.commonPool-worker-1] INFO  impl.RaftServerImpl (RaftServerImpl.java:lambda$shutdown$3(250)) - 0d99dfee-4670-49f5-9a57-a4288445f0bf@group-A732F62A02C9: shutdown
2019-11-13 16:20:56,844 [ForkJoinPool.commonPool-worker-1] INFO  util.JmxRegister (JmxRegister.java:unregister(73)) - Successfully un-registered JMX Bean with object name Ratis:service=RaftServer,group=group-A732F62A02C9,id=0d99dfee-4670-49f5-9a57-a4288445f0bf
2019-11-13 16:20:56,844 [ForkJoinPool.commonPool-worker-1] INFO  impl.RoleInfo (RoleInfo.java:shutdownLeaderState(104)) - 0d99dfee-4670-49f5-9a57-a4288445f0bf: shutdown LeaderState
2019-11-13 16:20:56,844 [ForkJoinPool.commonPool-worker-1] INFO  impl.PendingRequests (PendingRequests.java:sendNotLeaderResponses(206)) - 0d99dfee-4670-49f5-9a57-a4288445f0bf@group-A732F62A02C9-PendingRequests: sendNotLeaderResponses
2019-11-13 16:20:56,845 [ForkJoinPool.commonPool-worker-1] INFO  impl.StateMachineUpdater (StateMachineUpdater.java:stopAndJoin(136)) - 0d99dfee-4670-49f5-9a57-a4288445f0bf@group-A732F62A02C9-StateMachineUpdater: set stopIndex = 0
2019-11-13 16:20:56,845 [ForkJoinPool.commonPool-worker-1] INFO  impl.RaftServerImpl (ServerState.java:close(387)) - 0d99dfee-4670-49f5-9a57-a4288445f0bf@group-A732F62A02C9: closes. applyIndex: 0
2019-11-13 16:20:56,845 [0d99dfee-4670-49f5-9a57-a4288445f0bf@group-A732F62A02C9-SegmentedRaftLogWorker] INFO  segmented.SegmentedRaftLogWorker (SegmentedRaftLogWorker.java:run(316)) - 0d99dfee-4670-49f5-9a57-a4288445f0bf@group-A732F62A02C9-SegmentedRaftLogWorker was interrupted, exiting. There are 0 tasks remaining in the queue.
2019-11-13 16:20:56,847 [ForkJoinPool.commonPool-worker-1] INFO  segmented.SegmentedRaftLogWorker (SegmentedRaftLogWorker.java:close(224)) - 0d99dfee-4670-49f5-9a57-a4288445f0bf@group-A732F62A02C9-SegmentedRaftLogWorker close()
2019-11-13 16:20:56,849 [ForkJoinPool.commonPool-worker-1] INFO  server.GrpcService (GrpcService.java:closeImpl(164)) - 0d99dfee-4670-49f5-9a57-a4288445f0bf: shutdown server with port 44563 now
2019-11-13 16:20:56,850 [grpc-default-executor-5] WARN  server.GrpcServerProtocolService (LogUtils.java:warn(134)) - 0d99dfee-4670-49f5-9a57-a4288445f0bf: installSnapshot onError, lastRequest: c8ab3730-25d4-490d-a322-cbffb61abc7d->0d99dfee-4670-49f5-9a57-a4288445f0bf#21-t1, previous=(t:1, i:0), leaderCommit=0, initializing? false, entries: <empty>: org.apache.ratis.thirdparty.io.grpc.StatusRuntimeException: CANCELLED: cancelled before receiving half close
2019-11-13 16:20:56,850 [grpc-default-executor-3] WARN  server.GrpcLogAppender (LogUtils.java:warn(134)) - c8ab3730-25d4-490d-a322-cbffb61abc7d@group-72AFD38E77E4->0d99dfee-4670-49f5-9a57-a4288445f0bf-AppendLogResponseHandler: Failed appendEntries: org.apache.ratis.thirdparty.io.grpc.StatusRuntimeException: CANCELLED: HTTP/2 error code: CANCEL
Received Rst Stream
2019-11-13 16:20:56,851 [ForkJoinPool.commonPool-worker-1] INFO  server.GrpcService (GrpcService.java:closeImpl(172)) - 0d99dfee-4670-49f5-9a57-a4288445f0bf: shutdown server with port 44563 successfully
2019-11-13 16:20:56,851 [grpc-default-executor-3] INFO  impl.FollowerInfo (FollowerInfo.java:lambda$new$0(51)) - c8ab3730-25d4-490d-a322-cbffb61abc7d@group-72AFD38E77E4->0d99dfee-4670-49f5-9a57-a4288445f0bf: nextIndex: updateUnconditionally 1 -> 0
2019-11-13 16:20:56,853 [refreshUsed-/workdir/hadoop-ozone/integration-test/target/test-dir/MiniOzoneClusterImpl-3a974f43-0da0-4ff7-ab4a-31bb81b91875/datanode-3/data/containers] WARN  fs.CachingGetSpaceUsed (CachingGetSpaceUsed.java:run(183)) - Thread Interrupted waiting to refresh disk information: sleep interrupted
2019-11-13 16:20:56,873 [ForkJoinPool.commonPool-worker-1] INFO  utils.BackgroundService (BackgroundService.java:shutdown(151)) - Shutting down service BlockDeletingService
2019-11-13 16:20:56,879 [ForkJoinPool.commonPool-worker-1] INFO  statemachine.DatanodeStateMachine (DatanodeStateMachine.java:stopDaemon(395)) - Ozone container server stopped.
2019-11-13 16:20:56,885 [ForkJoinPool.commonPool-worker-1] INFO  handler.ContextHandler (ContextHandler.java:doStop(910)) - Stopped o.e.j.w.WebAppContext@27443560{/,null,UNAVAILABLE}{/hddsDatanode}
2019-11-13 16:20:56,887 [ForkJoinPool.commonPool-worker-1] INFO  server.AbstractConnector (AbstractConnector.java:doStop(318)) - Stopped ServerConnector@3ddb774f{HTTP/1.1,[http/1.1]}{0.0.0.0:0}
2019-11-13 16:20:56,889 [ForkJoinPool.commonPool-worker-1] INFO  handler.ContextHandler (ContextHandler.java:doStop(910)) - Stopped o.e.j.s.ServletContextHandler@233db8e9{/static,jar:file:/home/user/.m2/repository/org/apache/hadoop/hadoop-hdds-container-service/0.5.0-SNAPSHOT/hadoop-hdds-container-service-0.5.0-SNAPSHOT.jar!/webapps/static,UNAVAILABLE}
2019-11-13 16:20:56,889 [main] INFO  ozoneimpl.OzoneContainer (OzoneContainer.java:stop(244)) - Attempting to stop container services.
2019-11-13 16:20:56,891 [ForkJoinPool.commonPool-worker-1] INFO  handler.ContextHandler (ContextHandler.java:doStop(910)) - Stopped o.e.j.s.ServletContextHandler@59b32539{/logs,file:///workdir/hadoop-ozone/integration-test/target/log,UNAVAILABLE}
2019-11-13 16:20:56,891 [main] INFO  impl.RaftServerProxy (RaftServerProxy.java:lambda$close$4(314)) - ece9b524-37b5-4407-b642-ea356430eaaa: close
2019-11-13 16:20:56,892 [main] INFO  impl.RaftServerImpl (RaftServerImpl.java:lambda$shutdown$3(250)) - ece9b524-37b5-4407-b642-ea356430eaaa@group-2BFE6843FB28: shutdown
2019-11-13 16:20:56,893 [main] INFO  util.JmxRegister (JmxRegister.java:unregister(73)) - Successfully un-registered JMX Bean with object name Ratis:service=RaftServer,group=group-2BFE6843FB28,id=ece9b524-37b5-4407-b642-ea356430eaaa
2019-11-13 16:20:56,893 [main] INFO  impl.RoleInfo (RoleInfo.java:shutdownLeaderState(104)) - ece9b524-37b5-4407-b642-ea356430eaaa: shutdown LeaderState
2019-11-13 16:20:56,894 [main] INFO  impl.PendingRequests (PendingRequests.java:sendNotLeaderResponses(206)) - ece9b524-37b5-4407-b642-ea356430eaaa@group-2BFE6843FB28-PendingRequests: sendNotLeaderResponses
2019-11-13 16:20:56,894 [main] INFO  impl.StateMachineUpdater (StateMachineUpdater.java:stopAndJoin(136)) - ece9b524-37b5-4407-b642-ea356430eaaa@group-2BFE6843FB28-StateMachineUpdater: set stopIndex = 0
2019-11-13 16:20:56,895 [main] INFO  impl.RaftServerImpl (ServerState.java:close(387)) - ece9b524-37b5-4407-b642-ea356430eaaa@group-2BFE6843FB28: closes. applyIndex: 0
2019-11-13 16:20:56,895 [ece9b524-37b5-4407-b642-ea356430eaaa@group-2BFE6843FB28-SegmentedRaftLogWorker] INFO  segmented.SegmentedRaftLogWorker (SegmentedRaftLogWorker.java:run(316)) - ece9b524-37b5-4407-b642-ea356430eaaa@group-2BFE6843FB28-SegmentedRaftLogWorker was interrupted, exiting. There are 0 tasks remaining in the queue.
2019-11-13 16:20:56,897 [main] INFO  segmented.SegmentedRaftLogWorker (SegmentedRaftLogWorker.java:close(224)) - ece9b524-37b5-4407-b642-ea356430eaaa@group-2BFE6843FB28-SegmentedRaftLogWorker close()
2019-11-13 16:20:56,899 [main] INFO  impl.RaftServerImpl (RaftServerImpl.java:lambda$shutdown$3(250)) - ece9b524-37b5-4407-b642-ea356430eaaa@group-F14CED7F129D: shutdown
2019-11-13 16:20:56,899 [main] INFO  util.JmxRegister (JmxRegister.java:unregister(73)) - Successfully un-registered JMX Bean with object name Ratis:service=RaftServer,group=group-F14CED7F129D,id=ece9b524-37b5-4407-b642-ea356430eaaa
2019-11-13 16:20:56,900 [main] INFO  impl.RoleInfo (RoleInfo.java:shutdownLeaderState(104)) - ece9b524-37b5-4407-b642-ea356430eaaa: shutdown LeaderState
2019-11-13 16:20:56,903 [org.apache.ratis.server.impl.LogAppender$AppenderDaemon$$Lambda$479/1610540024@5ea41dd5] WARN  server.GrpcLogAppender (GrpcLogAppender.java:mayWait(151)) - ece9b524-37b5-4407-b642-ea356430eaaa@group-F14CED7F129D->66a098cb-53c0-4f05-8b16-ad76b3c07384-GrpcLogAppender: Wait interrupted by java.lang.InterruptedException
2019-11-13 16:20:56,903 [org.apache.ratis.server.impl.LogAppender$AppenderDaemon$$Lambda$479/1610540024@14257280] WARN  server.GrpcLogAppender (GrpcLogAppender.java:mayWait(151)) - ece9b524-37b5-4407-b642-ea356430eaaa@group-F14CED7F129D->3fa6b523-0f53-44bb-b345-f5f355eab07b-GrpcLogAppender: Wait interrupted by java.lang.InterruptedException
2019-11-13 16:20:56,903 [main] INFO  impl.PendingRequests (PendingRequests.java:sendNotLeaderResponses(206)) - ece9b524-37b5-4407-b642-ea356430eaaa@group-F14CED7F129D-PendingRequests: sendNotLeaderResponses
2019-11-13 16:20:56,904 [grpc-default-executor-5] INFO  server.GrpcServerProtocolService (GrpcServerProtocolService.java:onCompleted(113)) - 66a098cb-53c0-4f05-8b16-ad76b3c07384: Completed APPEND_ENTRIES, lastRequest: ece9b524-37b5-4407-b642-ea356430eaaa->66a098cb-53c0-4f05-8b16-ad76b3c07384#8-t2, previous=(t:2, i:2), leaderCommit=2, initializing? false, entries: <empty>
2019-11-13 16:20:56,905 [main] INFO  impl.StateMachineUpdater (StateMachineUpdater.java:stopAndJoin(136)) - ece9b524-37b5-4407-b642-ea356430eaaa@group-F14CED7F129D-StateMachineUpdater: set stopIndex = 2
2019-11-13 16:20:56,906 [main] INFO  impl.RaftServerImpl (ServerState.java:close(387)) - ece9b524-37b5-4407-b642-ea356430eaaa@group-F14CED7F129D: closes. applyIndex: 2
2019-11-13 16:20:56,906 [grpc-default-executor-5] INFO  server.GrpcLogAppender (GrpcLogAppender.java:onCompleted(308)) - ece9b524-37b5-4407-b642-ea356430eaaa@group-F14CED7F129D->66a098cb-53c0-4f05-8b16-ad76b3c07384-AppendLogResponseHandler: follower responses appendEntries COMPLETED
2019-11-13 16:20:56,906 [ece9b524-37b5-4407-b642-ea356430eaaa@group-F14CED7F129D-SegmentedRaftLogWorker] INFO  segmented.SegmentedRaftLogWorker (SegmentedRaftLogWorker.java:run(316)) - ece9b524-37b5-4407-b642-ea356430eaaa@group-F14CED7F129D-SegmentedRaftLogWorker was interrupted, exiting. There are 0 tasks remaining in the queue.
2019-11-13 16:20:56,908 [main] INFO  segmented.SegmentedRaftLogWorker (SegmentedRaftLogWorker.java:close(224)) - ece9b524-37b5-4407-b642-ea356430eaaa@group-F14CED7F129D-SegmentedRaftLogWorker close()
2019-11-13 16:20:56,908 [grpc-default-executor-5] INFO  impl.FollowerInfo (FollowerInfo.java:lambda$new$0(51)) - ece9b524-37b5-4407-b642-ea356430eaaa@group-F14CED7F129D->66a098cb-53c0-4f05-8b16-ad76b3c07384: nextIndex: updateUnconditionally 3 -> 2
2019-11-13 16:20:56,910 [main] INFO  server.GrpcService (GrpcService.java:closeImpl(164)) - ece9b524-37b5-4407-b642-ea356430eaaa: shutdown server with port 40942 now
2019-11-13 16:20:56,911 [main] INFO  server.GrpcService (GrpcService.java:closeImpl(172)) - ece9b524-37b5-4407-b642-ea356430eaaa: shutdown server with port 40942 successfully
2019-11-13 16:20:56,914 [refreshUsed-/workdir/hadoop-ozone/integration-test/target/test-dir/MiniOzoneClusterImpl-3a974f43-0da0-4ff7-ab4a-31bb81b91875/datanode-6/data/containers] WARN  fs.CachingGetSpaceUsed (CachingGetSpaceUsed.java:run(183)) - Thread Interrupted waiting to refresh disk information: sleep interrupted
2019-11-13 16:20:56,930 [main] INFO  utils.BackgroundService (BackgroundService.java:shutdown(151)) - Shutting down service BlockDeletingService
2019-11-13 16:20:56,937 [main] INFO  statemachine.DatanodeStateMachine (DatanodeStateMachine.java:stopDaemon(395)) - Ozone container server stopped.
2019-11-13 16:20:56,938 [main] INFO  handler.ContextHandler (ContextHandler.java:doStop(910)) - Stopped o.e.j.w.WebAppContext@41fa769c{/,null,UNAVAILABLE}{/hddsDatanode}
2019-11-13 16:20:56,940 [main] INFO  server.AbstractConnector (AbstractConnector.java:doStop(318)) - Stopped ServerConnector@40113163{HTTP/1.1,[http/1.1]}{0.0.0.0:0}
2019-11-13 16:20:56,940 [main] INFO  handler.ContextHandler (ContextHandler.java:doStop(910)) - Stopped o.e.j.s.ServletContextHandler@416d56f2{/static,jar:file:/home/user/.m2/repository/org/apache/hadoop/hadoop-hdds-container-service/0.5.0-SNAPSHOT/hadoop-hdds-container-service-0.5.0-SNAPSHOT.jar!/webapps/static,UNAVAILABLE}
2019-11-13 16:20:56,940 [main] INFO  handler.ContextHandler (ContextHandler.java:doStop(910)) - Stopped o.e.j.s.ServletContextHandler@2eda072{/logs,file:///workdir/hadoop-ozone/integration-test/target/log,UNAVAILABLE}
2019-11-13 16:20:57,142 [Datanode State Machine Thread - 0] INFO  statemachine.DatanodeStateMachine (DatanodeStateMachine.java:lambda$startDaemon$0(350)) - Ozone container server started.
2019-11-13 16:20:57,143 [Datanode State Machine Thread - 0] INFO  statemachine.DatanodeStateMachine (DatanodeStateMachine.java:lambda$startDaemon$0(350)) - Ozone container server started.
2019-11-13 16:20:57,231 [grpc-default-executor-1] WARN  server.GrpcLogAppender (LogUtils.java:warn(134)) - d45a2df2-8f38-43ec-9df7-e5c52ac58263@group-8F7AB9145989->285e9247-2161-496e-af81-9a87b6b231d9-AppendLogResponseHandler: Failed appendEntries: org.apache.ratis.thirdparty.io.grpc.StatusRuntimeException: UNAVAILABLE: io exception
2019-11-13 16:20:57,231 [grpc-default-executor-1] INFO  impl.FollowerInfo (FollowerInfo.java:lambda$new$0(51)) - d45a2df2-8f38-43ec-9df7-e5c52ac58263@group-8F7AB9145989->285e9247-2161-496e-af81-9a87b6b231d9: nextIndex: updateUnconditionally 0 -> 0
2019-11-13 16:20:57,270 [grpc-default-executor-1] WARN  server.GrpcLogAppender (LogUtils.java:warn(134)) - c8ab3730-25d4-490d-a322-cbffb61abc7d@group-72AFD38E77E4->0d99dfee-4670-49f5-9a57-a4288445f0bf-AppendLogResponseHandler: Failed appendEntries: org.apache.ratis.thirdparty.io.grpc.StatusRuntimeException: UNAVAILABLE: io exception
2019-11-13 16:20:57,270 [grpc-default-executor-1] INFO  impl.FollowerInfo (FollowerInfo.java:lambda$new$0(51)) - c8ab3730-25d4-490d-a322-cbffb61abc7d@group-72AFD38E77E4->0d99dfee-4670-49f5-9a57-a4288445f0bf: nextIndex: updateUnconditionally 0 -> 0
2019-11-13 16:20:57,687 [Thread-1672] INFO  impl.FollowerState (FollowerState.java:run(111)) - 66a098cb-53c0-4f05-8b16-ad76b3c07384@group-F14CED7F129D-FollowerState: change to CANDIDATE, lastRpcTime:1126ms, electionTimeout:1036ms
2019-11-13 16:20:57,687 [Thread-1672] INFO  impl.RoleInfo (RoleInfo.java:shutdownFollowerState(121)) - 66a098cb-53c0-4f05-8b16-ad76b3c07384: shutdown FollowerState
2019-11-13 16:20:57,687 [Thread-1672] INFO  impl.RaftServerImpl (RaftServerImpl.java:setRole(173)) - 66a098cb-53c0-4f05-8b16-ad76b3c07384@group-F14CED7F129D: changes role from  FOLLOWER to CANDIDATE at term 2 for changeToCandidate
2019-11-13 16:20:57,687 [Thread-1672] INFO  impl.RoleInfo (RoleInfo.java:updateAndGet(143)) - 66a098cb-53c0-4f05-8b16-ad76b3c07384: start LeaderElection
2019-11-13 16:20:57,688 [66a098cb-53c0-4f05-8b16-ad76b3c07384@group-F14CED7F129D-LeaderElection93] INFO  impl.RaftServerImpl (ServerState.java:setLeader(255)) - 66a098cb-53c0-4f05-8b16-ad76b3c07384@group-F14CED7F129D: change Leader from ece9b524-37b5-4407-b642-ea356430eaaa to null at term 2 for initElection
2019-11-13 16:20:57,712 [66a098cb-53c0-4f05-8b16-ad76b3c07384@group-F14CED7F129D-LeaderElection93] INFO  impl.LeaderElection (LeaderElection.java:askForVotes(178)) - 66a098cb-53c0-4f05-8b16-ad76b3c07384@group-F14CED7F129D-LeaderElection93: begin an election at term 3 for 1: [3fa6b523-0f53-44bb-b345-f5f355eab07b:192.168.69.122:39811, ece9b524-37b5-4407-b642-ea356430eaaa:192.168.69.122:40942, 66a098cb-53c0-4f05-8b16-ad76b3c07384:192.168.69.122:36855], old=null
2019-11-13 16:20:57,715 [66a098cb-53c0-4f05-8b16-ad76b3c07384@group-F14CED7F129D-LeaderElection93] INFO  impl.LeaderElection (LogUtils.java:infoOrTrace(149)) - 66a098cb-53c0-4f05-8b16-ad76b3c07384@group-F14CED7F129D-LeaderElection93 got exception when requesting votes: {}
java.util.concurrent.ExecutionException: org.apache.ratis.thirdparty.io.grpc.StatusRuntimeException: UNAVAILABLE: io exception
	at java.util.concurrent.FutureTask.report(FutureTask.java:122)
	at java.util.concurrent.FutureTask.get(FutureTask.java:192)
	at org.apache.ratis.server.impl.LeaderElection.waitForResults(LeaderElection.java:259)
	at org.apache.ratis.server.impl.LeaderElection.askForVotes(LeaderElection.java:197)
	at org.apache.ratis.server.impl.LeaderElection.run(LeaderElection.java:133)
	at java.lang.Thread.run(Thread.java:748)
Caused by: org.apache.ratis.thirdparty.io.grpc.StatusRuntimeException: UNAVAILABLE: io exception
	at org.apache.ratis.thirdparty.io.grpc.stub.ClientCalls.toStatusRuntimeException(ClientCalls.java:233)
	at org.apache.ratis.thirdparty.io.grpc.stub.ClientCalls.getUnchecked(ClientCalls.java:214)
	at org.apache.ratis.thirdparty.io.grpc.stub.ClientCalls.blockingUnaryCall(ClientCalls.java:139)
	at org.apache.ratis.proto.grpc.RaftServerProtocolServiceGrpc$RaftServerProtocolServiceBlockingStub.requestVote(RaftServerProtocolServiceGrpc.java:265)
	at org.apache.ratis.grpc.server.GrpcServerProtocolClient.requestVote(GrpcServerProtocolClient.java:99)
	at org.apache.ratis.grpc.server.GrpcService.requestVote(GrpcService.java:204)
	at org.apache.ratis.server.impl.LeaderElection.lambda$submitRequests$1(LeaderElection.java:234)
	at java.util.concurrent.FutureTask.run(FutureTask.java:266)
	at java.util.concurrent.Executors$RunnableAdapter.call(Executors.java:511)
	at java.util.concurrent.FutureTask.run(FutureTask.java:266)
	at java.util.concurrent.ThreadPoolExecutor.runWorker(ThreadPoolExecutor.java:1149)
	at java.util.concurrent.ThreadPoolExecutor$Worker.run(ThreadPoolExecutor.java:624)
	... 1 more
Caused by: org.apache.ratis.thirdparty.io.netty.channel.AbstractChannel$AnnotatedConnectException: Connection refused: /192.168.69.122:39811
	at sun.nio.ch.SocketChannelImpl.checkConnect(Native Method)
	at sun.nio.ch.SocketChannelImpl.finishConnect(SocketChannelImpl.java:717)
	at org.apache.ratis.thirdparty.io.netty.channel.socket.nio.NioSocketChannel.doFinishConnect(NioSocketChannel.java:327)
	at org.apache.ratis.thirdparty.io.netty.channel.nio.AbstractNioChannel$AbstractNioUnsafe.finishConnect(AbstractNioChannel.java:340)
	at org.apache.ratis.thirdparty.io.netty.channel.nio.NioEventLoop.processSelectedKey(NioEventLoop.java:632)
	at org.apache.ratis.thirdparty.io.netty.channel.nio.NioEventLoop.processSelectedKeysOptimized(NioEventLoop.java:579)
	at org.apache.ratis.thirdparty.io.netty.channel.nio.NioEventLoop.processSelectedKeys(NioEventLoop.java:496)
	at org.apache.ratis.thirdparty.io.netty.channel.nio.NioEventLoop.run(NioEventLoop.java:458)
	at org.apache.ratis.thirdparty.io.netty.util.concurrent.SingleThreadEventExecutor$5.run(SingleThreadEventExecutor.java:897)
	at org.apache.ratis.thirdparty.io.netty.util.concurrent.FastThreadLocalRunnable.run(FastThreadLocalRunnable.java:30)
	... 1 more
Caused by: java.net.ConnectException: Connection refused
	... 11 more
2019-11-13 16:20:57,715 [66a098cb-53c0-4f05-8b16-ad76b3c07384@group-F14CED7F129D-LeaderElection93] INFO  impl.LeaderElection (LogUtils.java:infoOrTrace(149)) - 66a098cb-53c0-4f05-8b16-ad76b3c07384@group-F14CED7F129D-LeaderElection93 got exception when requesting votes: {}
java.util.concurrent.ExecutionException: org.apache.ratis.thirdparty.io.grpc.StatusRuntimeException: UNAVAILABLE: io exception
	at java.util.concurrent.FutureTask.report(FutureTask.java:122)
	at java.util.concurrent.FutureTask.get(FutureTask.java:192)
	at org.apache.ratis.server.impl.LeaderElection.waitForResults(LeaderElection.java:259)
	at org.apache.ratis.server.impl.LeaderElection.askForVotes(LeaderElection.java:197)
	at org.apache.ratis.server.impl.LeaderElection.run(LeaderElection.java:133)
	at java.lang.Thread.run(Thread.java:748)
Caused by: org.apache.ratis.thirdparty.io.grpc.StatusRuntimeException: UNAVAILABLE: io exception
	at org.apache.ratis.thirdparty.io.grpc.stub.ClientCalls.toStatusRuntimeException(ClientCalls.java:233)
	at org.apache.ratis.thirdparty.io.grpc.stub.ClientCalls.getUnchecked(ClientCalls.java:214)
	at org.apache.ratis.thirdparty.io.grpc.stub.ClientCalls.blockingUnaryCall(ClientCalls.java:139)
	at org.apache.ratis.proto.grpc.RaftServerProtocolServiceGrpc$RaftServerProtocolServiceBlockingStub.requestVote(RaftServerProtocolServiceGrpc.java:265)
	at org.apache.ratis.grpc.server.GrpcServerProtocolClient.requestVote(GrpcServerProtocolClient.java:99)
	at org.apache.ratis.grpc.server.GrpcService.requestVote(GrpcService.java:204)
	at org.apache.ratis.server.impl.LeaderElection.lambda$submitRequests$1(LeaderElection.java:234)
	at java.util.concurrent.FutureTask.run(FutureTask.java:266)
	at java.util.concurrent.Executors$RunnableAdapter.call(Executors.java:511)
	at java.util.concurrent.FutureTask.run(FutureTask.java:266)
	at java.util.concurrent.ThreadPoolExecutor.runWorker(ThreadPoolExecutor.java:1149)
	at java.util.concurrent.ThreadPoolExecutor$Worker.run(ThreadPoolExecutor.java:624)
	... 1 more
Caused by: org.apache.ratis.thirdparty.io.netty.channel.AbstractChannel$AnnotatedConnectException: Connection refused: /192.168.69.122:40942
	at sun.nio.ch.SocketChannelImpl.checkConnect(Native Method)
	at sun.nio.ch.SocketChannelImpl.finishConnect(SocketChannelImpl.java:717)
	at org.apache.ratis.thirdparty.io.netty.channel.socket.nio.NioSocketChannel.doFinishConnect(NioSocketChannel.java:327)
	at org.apache.ratis.thirdparty.io.netty.channel.nio.AbstractNioChannel$AbstractNioUnsafe.finishConnect(AbstractNioChannel.java:340)
	at org.apache.ratis.thirdparty.io.netty.channel.nio.NioEventLoop.processSelectedKey(NioEventLoop.java:632)
	at org.apache.ratis.thirdparty.io.netty.channel.nio.NioEventLoop.processSelectedKeysOptimized(NioEventLoop.java:579)
	at org.apache.ratis.thirdparty.io.netty.channel.nio.NioEventLoop.processSelectedKeys(NioEventLoop.java:496)
	at org.apache.ratis.thirdparty.io.netty.channel.nio.NioEventLoop.run(NioEventLoop.java:458)
	at org.apache.ratis.thirdparty.io.netty.util.concurrent.SingleThreadEventExecutor$5.run(SingleThreadEventExecutor.java:897)
	at org.apache.ratis.thirdparty.io.netty.util.concurrent.FastThreadLocalRunnable.run(FastThreadLocalRunnable.java:30)
	... 1 more
Caused by: java.net.ConnectException: Connection refused
	... 11 more
2019-11-13 16:20:57,716 [66a098cb-53c0-4f05-8b16-ad76b3c07384@group-F14CED7F129D-LeaderElection93] INFO  impl.LeaderElection (LeaderElection.java:logAndReturn(56)) - 66a098cb-53c0-4f05-8b16-ad76b3c07384@group-F14CED7F129D-LeaderElection93: Election REJECTED; received 0 response(s) [] and 2 exception(s); 66a098cb-53c0-4f05-8b16-ad76b3c07384@group-F14CED7F129D:t3, leader=null, voted=66a098cb-53c0-4f05-8b16-ad76b3c07384, raftlog=66a098cb-53c0-4f05-8b16-ad76b3c07384@group-F14CED7F129D-SegmentedRaftLog:OPENED:c2,f2,i2, conf=1: [3fa6b523-0f53-44bb-b345-f5f355eab07b:192.168.69.122:39811, ece9b524-37b5-4407-b642-ea356430eaaa:192.168.69.122:40942, 66a098cb-53c0-4f05-8b16-ad76b3c07384:192.168.69.122:36855], old=null
2019-11-13 16:20:57,716 [66a098cb-53c0-4f05-8b16-ad76b3c07384@group-F14CED7F129D-LeaderElection93] INFO  impl.LeaderElection (LogUtils.java:infoOrTrace(149)) -   Exception 0: {}
java.util.concurrent.ExecutionException: org.apache.ratis.thirdparty.io.grpc.StatusRuntimeException: UNAVAILABLE: io exception
	at java.util.concurrent.FutureTask.report(FutureTask.java:122)
	at java.util.concurrent.FutureTask.get(FutureTask.java:192)
	at org.apache.ratis.server.impl.LeaderElection.waitForResults(LeaderElection.java:259)
	at org.apache.ratis.server.impl.LeaderElection.askForVotes(LeaderElection.java:197)
	at org.apache.ratis.server.impl.LeaderElection.run(LeaderElection.java:133)
	at java.lang.Thread.run(Thread.java:748)
Caused by: org.apache.ratis.thirdparty.io.grpc.StatusRuntimeException: UNAVAILABLE: io exception
	at org.apache.ratis.thirdparty.io.grpc.stub.ClientCalls.toStatusRuntimeException(ClientCalls.java:233)
	at org.apache.ratis.thirdparty.io.grpc.stub.ClientCalls.getUnchecked(ClientCalls.java:214)
	at org.apache.ratis.thirdparty.io.grpc.stub.ClientCalls.blockingUnaryCall(ClientCalls.java:139)
	at org.apache.ratis.proto.grpc.RaftServerProtocolServiceGrpc$RaftServerProtocolServiceBlockingStub.requestVote(RaftServerProtocolServiceGrpc.java:265)
	at org.apache.ratis.grpc.server.GrpcServerProtocolClient.requestVote(GrpcServerProtocolClient.java:99)
	at org.apache.ratis.grpc.server.GrpcService.requestVote(GrpcService.java:204)
	at org.apache.ratis.server.impl.LeaderElection.lambda$submitRequests$1(LeaderElection.java:234)
	at java.util.concurrent.FutureTask.run(FutureTask.java:266)
	at java.util.concurrent.Executors$RunnableAdapter.call(Executors.java:511)
	at java.util.concurrent.FutureTask.run(FutureTask.java:266)
	at java.util.concurrent.ThreadPoolExecutor.runWorker(ThreadPoolExecutor.java:1149)
	at java.util.concurrent.ThreadPoolExecutor$Worker.run(ThreadPoolExecutor.java:624)
	... 1 more
Caused by: org.apache.ratis.thirdparty.io.netty.channel.AbstractChannel$AnnotatedConnectException: Connection refused: /192.168.69.122:39811
	at sun.nio.ch.SocketChannelImpl.checkConnect(Native Method)
	at sun.nio.ch.SocketChannelImpl.finishConnect(SocketChannelImpl.java:717)
	at org.apache.ratis.thirdparty.io.netty.channel.socket.nio.NioSocketChannel.doFinishConnect(NioSocketChannel.java:327)
	at org.apache.ratis.thirdparty.io.netty.channel.nio.AbstractNioChannel$AbstractNioUnsafe.finishConnect(AbstractNioChannel.java:340)
	at org.apache.ratis.thirdparty.io.netty.channel.nio.NioEventLoop.processSelectedKey(NioEventLoop.java:632)
	at org.apache.ratis.thirdparty.io.netty.channel.nio.NioEventLoop.processSelectedKeysOptimized(NioEventLoop.java:579)
	at org.apache.ratis.thirdparty.io.netty.channel.nio.NioEventLoop.processSelectedKeys(NioEventLoop.java:496)
	at org.apache.ratis.thirdparty.io.netty.channel.nio.NioEventLoop.run(NioEventLoop.java:458)
	at org.apache.ratis.thirdparty.io.netty.util.concurrent.SingleThreadEventExecutor$5.run(SingleThreadEventExecutor.java:897)
	at org.apache.ratis.thirdparty.io.netty.util.concurrent.FastThreadLocalRunnable.run(FastThreadLocalRunnable.java:30)
	... 1 more
Caused by: java.net.ConnectException: Connection refused
	... 11 more
2019-11-13 16:20:57,716 [66a098cb-53c0-4f05-8b16-ad76b3c07384@group-F14CED7F129D-LeaderElection93] INFO  impl.LeaderElection (LogUtils.java:infoOrTrace(149)) -   Exception 1: {}
java.util.concurrent.ExecutionException: org.apache.ratis.thirdparty.io.grpc.StatusRuntimeException: UNAVAILABLE: io exception
	at java.util.concurrent.FutureTask.report(FutureTask.java:122)
	at java.util.concurrent.FutureTask.get(FutureTask.java:192)
	at org.apache.ratis.server.impl.LeaderElection.waitForResults(LeaderElection.java:259)
	at org.apache.ratis.server.impl.LeaderElection.askForVotes(LeaderElection.java:197)
	at org.apache.ratis.server.impl.LeaderElection.run(LeaderElection.java:133)
	at java.lang.Thread.run(Thread.java:748)
Caused by: org.apache.ratis.thirdparty.io.grpc.StatusRuntimeException: UNAVAILABLE: io exception
	at org.apache.ratis.thirdparty.io.grpc.stub.ClientCalls.toStatusRuntimeException(ClientCalls.java:233)
	at org.apache.ratis.thirdparty.io.grpc.stub.ClientCalls.getUnchecked(ClientCalls.java:214)
	at org.apache.ratis.thirdparty.io.grpc.stub.ClientCalls.blockingUnaryCall(ClientCalls.java:139)
	at org.apache.ratis.proto.grpc.RaftServerProtocolServiceGrpc$RaftServerProtocolServiceBlockingStub.requestVote(RaftServerProtocolServiceGrpc.java:265)
	at org.apache.ratis.grpc.server.GrpcServerProtocolClient.requestVote(GrpcServerProtocolClient.java:99)
	at org.apache.ratis.grpc.server.GrpcService.requestVote(GrpcService.java:204)
	at org.apache.ratis.server.impl.LeaderElection.lambda$submitRequests$1(LeaderElection.java:234)
	at java.util.concurrent.FutureTask.run(FutureTask.java:266)
	at java.util.concurrent.Executors$RunnableAdapter.call(Executors.java:511)
	at java.util.concurrent.FutureTask.run(FutureTask.java:266)
	at java.util.concurrent.ThreadPoolExecutor.runWorker(ThreadPoolExecutor.java:1149)
	at java.util.concurrent.ThreadPoolExecutor$Worker.run(ThreadPoolExecutor.java:624)
	... 1 more
Caused by: org.apache.ratis.thirdparty.io.netty.channel.AbstractChannel$AnnotatedConnectException: Connection refused: /192.168.69.122:40942
	at sun.nio.ch.SocketChannelImpl.checkConnect(Native Method)
	at sun.nio.ch.SocketChannelImpl.finishConnect(SocketChannelImpl.java:717)
	at org.apache.ratis.thirdparty.io.netty.channel.socket.nio.NioSocketChannel.doFinishConnect(NioSocketChannel.java:327)
	at org.apache.ratis.thirdparty.io.netty.channel.nio.AbstractNioChannel$AbstractNioUnsafe.finishConnect(AbstractNioChannel.java:340)
	at org.apache.ratis.thirdparty.io.netty.channel.nio.NioEventLoop.processSelectedKey(NioEventLoop.java:632)
	at org.apache.ratis.thirdparty.io.netty.channel.nio.NioEventLoop.processSelectedKeysOptimized(NioEventLoop.java:579)
	at org.apache.ratis.thirdparty.io.netty.channel.nio.NioEventLoop.processSelectedKeys(NioEventLoop.java:496)
	at org.apache.ratis.thirdparty.io.netty.channel.nio.NioEventLoop.run(NioEventLoop.java:458)
	at org.apache.ratis.thirdparty.io.netty.util.concurrent.SingleThreadEventExecutor$5.run(SingleThreadEventExecutor.java:897)
	at org.apache.ratis.thirdparty.io.netty.util.concurrent.FastThreadLocalRunnable.run(FastThreadLocalRunnable.java:30)
	... 1 more
Caused by: java.net.ConnectException: Connection refused
	... 11 more
2019-11-13 16:20:57,716 [66a098cb-53c0-4f05-8b16-ad76b3c07384@group-F14CED7F129D-LeaderElection93] INFO  impl.RaftServerImpl (RaftServerImpl.java:setRole(173)) - 66a098cb-53c0-4f05-8b16-ad76b3c07384@group-F14CED7F129D: changes role from CANDIDATE to FOLLOWER at term 3 for DISCOVERED_A_NEW_TERM
2019-11-13 16:20:57,717 [66a098cb-53c0-4f05-8b16-ad76b3c07384@group-F14CED7F129D-LeaderElection93] INFO  impl.RoleInfo (RoleInfo.java:shutdownLeaderElection(134)) - 66a098cb-53c0-4f05-8b16-ad76b3c07384: shutdown LeaderElection
2019-11-13 16:20:57,717 [66a098cb-53c0-4f05-8b16-ad76b3c07384@group-F14CED7F129D-LeaderElection93] INFO  impl.RoleInfo (RoleInfo.java:updateAndGet(143)) - 66a098cb-53c0-4f05-8b16-ad76b3c07384: start FollowerState
2019-11-13 16:20:57,731 [grpc-default-executor-3] WARN  server.GrpcLogAppender (LogUtils.java:warn(134)) - d45a2df2-8f38-43ec-9df7-e5c52ac58263@group-8F7AB9145989->285e9247-2161-496e-af81-9a87b6b231d9-AppendLogResponseHandler: Failed appendEntries: org.apache.ratis.thirdparty.io.grpc.StatusRuntimeException: UNAVAILABLE: io exception
2019-11-13 16:20:57,732 [grpc-default-executor-3] INFO  impl.FollowerInfo (FollowerInfo.java:lambda$new$0(51)) - d45a2df2-8f38-43ec-9df7-e5c52ac58263@group-8F7AB9145989->285e9247-2161-496e-af81-9a87b6b231d9: nextIndex: updateUnconditionally 0 -> 0
2019-11-13 16:20:57,772 [grpc-default-executor-5] WARN  server.GrpcLogAppender (LogUtils.java:warn(134)) - c8ab3730-25d4-490d-a322-cbffb61abc7d@group-72AFD38E77E4->0d99dfee-4670-49f5-9a57-a4288445f0bf-AppendLogResponseHandler: Failed appendEntries: org.apache.ratis.thirdparty.io.grpc.StatusRuntimeException: UNAVAILABLE: io exception
2019-11-13 16:20:57,772 [grpc-default-executor-5] INFO  impl.FollowerInfo (FollowerInfo.java:lambda$new$0(51)) - c8ab3730-25d4-490d-a322-cbffb61abc7d@group-72AFD38E77E4->0d99dfee-4670-49f5-9a57-a4288445f0bf: nextIndex: updateUnconditionally 0 -> 0
2019-11-13 16:20:58,233 [grpc-default-executor-1] WARN  server.GrpcLogAppender (LogUtils.java:warn(134)) - d45a2df2-8f38-43ec-9df7-e5c52ac58263@group-8F7AB9145989->285e9247-2161-496e-af81-9a87b6b231d9-AppendLogResponseHandler: Failed appendEntries: org.apache.ratis.thirdparty.io.grpc.StatusRuntimeException: UNAVAILABLE: io exception
2019-11-13 16:20:58,234 [grpc-default-executor-1] INFO  impl.FollowerInfo (FollowerInfo.java:lambda$new$0(51)) - d45a2df2-8f38-43ec-9df7-e5c52ac58263@group-8F7AB9145989->285e9247-2161-496e-af81-9a87b6b231d9: nextIndex: updateUnconditionally 0 -> 0
2019-11-13 16:20:58,272 [grpc-default-executor-3] WARN  server.GrpcLogAppender (LogUtils.java:warn(134)) - c8ab3730-25d4-490d-a322-cbffb61abc7d@group-72AFD38E77E4->0d99dfee-4670-49f5-9a57-a4288445f0bf-AppendLogResponseHandler: Failed appendEntries: org.apache.ratis.thirdparty.io.grpc.StatusRuntimeException: UNAVAILABLE: io exception
2019-11-13 16:20:58,272 [grpc-default-executor-3] INFO  impl.FollowerInfo (FollowerInfo.java:lambda$new$0(51)) - c8ab3730-25d4-490d-a322-cbffb61abc7d@group-72AFD38E77E4->0d99dfee-4670-49f5-9a57-a4288445f0bf: nextIndex: updateUnconditionally 0 -> 0
2019-11-13 16:20:58,733 [grpc-default-executor-5] WARN  server.GrpcLogAppender (LogUtils.java:warn(134)) - d45a2df2-8f38-43ec-9df7-e5c52ac58263@group-8F7AB9145989->285e9247-2161-496e-af81-9a87b6b231d9-AppendLogResponseHandler: Failed appendEntries: org.apache.ratis.thirdparty.io.grpc.StatusRuntimeException: UNAVAILABLE: io exception
2019-11-13 16:20:58,734 [grpc-default-executor-5] INFO  impl.FollowerInfo (FollowerInfo.java:lambda$new$0(51)) - d45a2df2-8f38-43ec-9df7-e5c52ac58263@group-8F7AB9145989->285e9247-2161-496e-af81-9a87b6b231d9: nextIndex: updateUnconditionally 0 -> 0
2019-11-13 16:20:58,772 [grpc-default-executor-1] WARN  server.GrpcLogAppender (LogUtils.java:warn(134)) - c8ab3730-25d4-490d-a322-cbffb61abc7d@group-72AFD38E77E4->0d99dfee-4670-49f5-9a57-a4288445f0bf-AppendLogResponseHandler: Failed appendEntries: org.apache.ratis.thirdparty.io.grpc.StatusRuntimeException: UNAVAILABLE: io exception
2019-11-13 16:20:58,773 [grpc-default-executor-1] INFO  impl.FollowerInfo (FollowerInfo.java:lambda$new$0(51)) - c8ab3730-25d4-490d-a322-cbffb61abc7d@group-72AFD38E77E4->0d99dfee-4670-49f5-9a57-a4288445f0bf: nextIndex: updateUnconditionally 0 -> 0
2019-11-13 16:20:58,841 [Thread-1711] INFO  impl.FollowerState (FollowerState.java:run(111)) - 66a098cb-53c0-4f05-8b16-ad76b3c07384@group-F14CED7F129D-FollowerState: change to CANDIDATE, lastRpcTime:1124ms, electionTimeout:1124ms
2019-11-13 16:20:58,842 [Thread-1711] INFO  impl.RoleInfo (RoleInfo.java:shutdownFollowerState(121)) - 66a098cb-53c0-4f05-8b16-ad76b3c07384: shutdown FollowerState
2019-11-13 16:20:58,842 [Thread-1711] INFO  impl.RaftServerImpl (RaftServerImpl.java:setRole(173)) - 66a098cb-53c0-4f05-8b16-ad76b3c07384@group-F14CED7F129D: changes role from  FOLLOWER to CANDIDATE at term 3 for changeToCandidate
2019-11-13 16:20:58,842 [Thread-1711] INFO  impl.RoleInfo (RoleInfo.java:updateAndGet(143)) - 66a098cb-53c0-4f05-8b16-ad76b3c07384: start LeaderElection
2019-11-13 16:20:58,865 [66a098cb-53c0-4f05-8b16-ad76b3c07384@group-F14CED7F129D-LeaderElection94] INFO  impl.LeaderElection (LeaderElection.java:askForVotes(178)) - 66a098cb-53c0-4f05-8b16-ad76b3c07384@group-F14CED7F129D-LeaderElection94: begin an election at term 4 for 1: [3fa6b523-0f53-44bb-b345-f5f355eab07b:192.168.69.122:39811, ece9b524-37b5-4407-b642-ea356430eaaa:192.168.69.122:40942, 66a098cb-53c0-4f05-8b16-ad76b3c07384:192.168.69.122:36855], old=null
2019-11-13 16:20:58,866 [66a098cb-53c0-4f05-8b16-ad76b3c07384@group-F14CED7F129D-LeaderElection94] INFO  impl.LeaderElection (LogUtils.java:infoOrTrace(149)) - 66a098cb-53c0-4f05-8b16-ad76b3c07384@group-F14CED7F129D-LeaderElection94 got exception when requesting votes: {}
java.util.concurrent.ExecutionException: org.apache.ratis.thirdparty.io.grpc.StatusRuntimeException: UNAVAILABLE: io exception
	at java.util.concurrent.FutureTask.report(FutureTask.java:122)
	at java.util.concurrent.FutureTask.get(FutureTask.java:192)
	at org.apache.ratis.server.impl.LeaderElection.waitForResults(LeaderElection.java:259)
	at org.apache.ratis.server.impl.LeaderElection.askForVotes(LeaderElection.java:197)
	at org.apache.ratis.server.impl.LeaderElection.run(LeaderElection.java:133)
	at java.lang.Thread.run(Thread.java:748)
Caused by: org.apache.ratis.thirdparty.io.grpc.StatusRuntimeException: UNAVAILABLE: io exception
	at org.apache.ratis.thirdparty.io.grpc.stub.ClientCalls.toStatusRuntimeException(ClientCalls.java:233)
	at org.apache.ratis.thirdparty.io.grpc.stub.ClientCalls.getUnchecked(ClientCalls.java:214)
	at org.apache.ratis.thirdparty.io.grpc.stub.ClientCalls.blockingUnaryCall(ClientCalls.java:139)
	at org.apache.ratis.proto.grpc.RaftServerProtocolServiceGrpc$RaftServerProtocolServiceBlockingStub.requestVote(RaftServerProtocolServiceGrpc.java:265)
	at org.apache.ratis.grpc.server.GrpcServerProtocolClient.requestVote(GrpcServerProtocolClient.java:99)
	at org.apache.ratis.grpc.server.GrpcService.requestVote(GrpcService.java:204)
	at org.apache.ratis.server.impl.LeaderElection.lambda$submitRequests$1(LeaderElection.java:234)
	at java.util.concurrent.FutureTask.run(FutureTask.java:266)
	at java.util.concurrent.Executors$RunnableAdapter.call(Executors.java:511)
	at java.util.concurrent.FutureTask.run(FutureTask.java:266)
	at java.util.concurrent.ThreadPoolExecutor.runWorker(ThreadPoolExecutor.java:1149)
	at java.util.concurrent.ThreadPoolExecutor$Worker.run(ThreadPoolExecutor.java:624)
	... 1 more
Caused by: org.apache.ratis.thirdparty.io.netty.channel.AbstractChannel$AnnotatedConnectException: Connection refused: /192.168.69.122:39811
	at sun.nio.ch.SocketChannelImpl.checkConnect(Native Method)
	at sun.nio.ch.SocketChannelImpl.finishConnect(SocketChannelImpl.java:717)
	at org.apache.ratis.thirdparty.io.netty.channel.socket.nio.NioSocketChannel.doFinishConnect(NioSocketChannel.java:327)
	at org.apache.ratis.thirdparty.io.netty.channel.nio.AbstractNioChannel$AbstractNioUnsafe.finishConnect(AbstractNioChannel.java:340)
	at org.apache.ratis.thirdparty.io.netty.channel.nio.NioEventLoop.processSelectedKey(NioEventLoop.java:632)
	at org.apache.ratis.thirdparty.io.netty.channel.nio.NioEventLoop.processSelectedKeysOptimized(NioEventLoop.java:579)
	at org.apache.ratis.thirdparty.io.netty.channel.nio.NioEventLoop.processSelectedKeys(NioEventLoop.java:496)
	at org.apache.ratis.thirdparty.io.netty.channel.nio.NioEventLoop.run(NioEventLoop.java:458)
	at org.apache.ratis.thirdparty.io.netty.util.concurrent.SingleThreadEventExecutor$5.run(SingleThreadEventExecutor.java:897)
	at org.apache.ratis.thirdparty.io.netty.util.concurrent.FastThreadLocalRunnable.run(FastThreadLocalRunnable.java:30)
	... 1 more
Caused by: java.net.ConnectException: Connection refused
	... 11 more
2019-11-13 16:20:58,867 [66a098cb-53c0-4f05-8b16-ad76b3c07384@group-F14CED7F129D-LeaderElection94] INFO  impl.LeaderElection (LogUtils.java:infoOrTrace(149)) - 66a098cb-53c0-4f05-8b16-ad76b3c07384@group-F14CED7F129D-LeaderElection94 got exception when requesting votes: {}
java.util.concurrent.ExecutionException: org.apache.ratis.thirdparty.io.grpc.StatusRuntimeException: UNAVAILABLE: io exception
	at java.util.concurrent.FutureTask.report(FutureTask.java:122)
	at java.util.concurrent.FutureTask.get(FutureTask.java:192)
	at org.apache.ratis.server.impl.LeaderElection.waitForResults(LeaderElection.java:259)
	at org.apache.ratis.server.impl.LeaderElection.askForVotes(LeaderElection.java:197)
	at org.apache.ratis.server.impl.LeaderElection.run(LeaderElection.java:133)
	at java.lang.Thread.run(Thread.java:748)
Caused by: org.apache.ratis.thirdparty.io.grpc.StatusRuntimeException: UNAVAILABLE: io exception
	at org.apache.ratis.thirdparty.io.grpc.stub.ClientCalls.toStatusRuntimeException(ClientCalls.java:233)
	at org.apache.ratis.thirdparty.io.grpc.stub.ClientCalls.getUnchecked(ClientCalls.java:214)
	at org.apache.ratis.thirdparty.io.grpc.stub.ClientCalls.blockingUnaryCall(ClientCalls.java:139)
	at org.apache.ratis.proto.grpc.RaftServerProtocolServiceGrpc$RaftServerProtocolServiceBlockingStub.requestVote(RaftServerProtocolServiceGrpc.java:265)
	at org.apache.ratis.grpc.server.GrpcServerProtocolClient.requestVote(GrpcServerProtocolClient.java:99)
	at org.apache.ratis.grpc.server.GrpcService.requestVote(GrpcService.java:204)
	at org.apache.ratis.server.impl.LeaderElection.lambda$submitRequests$1(LeaderElection.java:234)
	at java.util.concurrent.FutureTask.run(FutureTask.java:266)
	at java.util.concurrent.Executors$RunnableAdapter.call(Executors.java:511)
	at java.util.concurrent.FutureTask.run(FutureTask.java:266)
	at java.util.concurrent.ThreadPoolExecutor.runWorker(ThreadPoolExecutor.java:1149)
	at java.util.concurrent.ThreadPoolExecutor$Worker.run(ThreadPoolExecutor.java:624)
	... 1 more
Caused by: org.apache.ratis.thirdparty.io.netty.channel.AbstractChannel$AnnotatedConnectException: Connection refused: /192.168.69.122:40942
	at sun.nio.ch.SocketChannelImpl.checkConnect(Native Method)
	at sun.nio.ch.SocketChannelImpl.finishConnect(SocketChannelImpl.java:717)
	at org.apache.ratis.thirdparty.io.netty.channel.socket.nio.NioSocketChannel.doFinishConnect(NioSocketChannel.java:327)
	at org.apache.ratis.thirdparty.io.netty.channel.nio.AbstractNioChannel$AbstractNioUnsafe.finishConnect(AbstractNioChannel.java:340)
	at org.apache.ratis.thirdparty.io.netty.channel.nio.NioEventLoop.processSelectedKey(NioEventLoop.java:632)
	at org.apache.ratis.thirdparty.io.netty.channel.nio.NioEventLoop.processSelectedKeysOptimized(NioEventLoop.java:579)
	at org.apache.ratis.thirdparty.io.netty.channel.nio.NioEventLoop.processSelectedKeys(NioEventLoop.java:496)
	at org.apache.ratis.thirdparty.io.netty.channel.nio.NioEventLoop.run(NioEventLoop.java:458)
	at org.apache.ratis.thirdparty.io.netty.util.concurrent.SingleThreadEventExecutor$5.run(SingleThreadEventExecutor.java:897)
	at org.apache.ratis.thirdparty.io.netty.util.concurrent.FastThreadLocalRunnable.run(FastThreadLocalRunnable.java:30)
	... 1 more
Caused by: java.net.ConnectException: Connection refused
	... 11 more
2019-11-13 16:20:58,867 [66a098cb-53c0-4f05-8b16-ad76b3c07384@group-F14CED7F129D-LeaderElection94] INFO  impl.LeaderElection (LeaderElection.java:logAndReturn(56)) - 66a098cb-53c0-4f05-8b16-ad76b3c07384@group-F14CED7F129D-LeaderElection94: Election REJECTED; received 0 response(s) [] and 2 exception(s); 66a098cb-53c0-4f05-8b16-ad76b3c07384@group-F14CED7F129D:t4, leader=null, voted=66a098cb-53c0-4f05-8b16-ad76b3c07384, raftlog=66a098cb-53c0-4f05-8b16-ad76b3c07384@group-F14CED7F129D-SegmentedRaftLog:OPENED:c2,f2,i2, conf=1: [3fa6b523-0f53-44bb-b345-f5f355eab07b:192.168.69.122:39811, ece9b524-37b5-4407-b642-ea356430eaaa:192.168.69.122:40942, 66a098cb-53c0-4f05-8b16-ad76b3c07384:192.168.69.122:36855], old=null
2019-11-13 16:20:58,868 [66a098cb-53c0-4f05-8b16-ad76b3c07384@group-F14CED7F129D-LeaderElection94] INFO  impl.LeaderElection (LogUtils.java:infoOrTrace(149)) -   Exception 0: {}
java.util.concurrent.ExecutionException: org.apache.ratis.thirdparty.io.grpc.StatusRuntimeException: UNAVAILABLE: io exception
	at java.util.concurrent.FutureTask.report(FutureTask.java:122)
	at java.util.concurrent.FutureTask.get(FutureTask.java:192)
	at org.apache.ratis.server.impl.LeaderElection.waitForResults(LeaderElection.java:259)
	at org.apache.ratis.server.impl.LeaderElection.askForVotes(LeaderElection.java:197)
	at org.apache.ratis.server.impl.LeaderElection.run(LeaderElection.java:133)
	at java.lang.Thread.run(Thread.java:748)
Caused by: org.apache.ratis.thirdparty.io.grpc.StatusRuntimeException: UNAVAILABLE: io exception
	at org.apache.ratis.thirdparty.io.grpc.stub.ClientCalls.toStatusRuntimeException(ClientCalls.java:233)
	at org.apache.ratis.thirdparty.io.grpc.stub.ClientCalls.getUnchecked(ClientCalls.java:214)
	at org.apache.ratis.thirdparty.io.grpc.stub.ClientCalls.blockingUnaryCall(ClientCalls.java:139)
	at org.apache.ratis.proto.grpc.RaftServerProtocolServiceGrpc$RaftServerProtocolServiceBlockingStub.requestVote(RaftServerProtocolServiceGrpc.java:265)
	at org.apache.ratis.grpc.server.GrpcServerProtocolClient.requestVote(GrpcServerProtocolClient.java:99)
	at org.apache.ratis.grpc.server.GrpcService.requestVote(GrpcService.java:204)
	at org.apache.ratis.server.impl.LeaderElection.lambda$submitRequests$1(LeaderElection.java:234)
	at java.util.concurrent.FutureTask.run(FutureTask.java:266)
	at java.util.concurrent.Executors$RunnableAdapter.call(Executors.java:511)
	at java.util.concurrent.FutureTask.run(FutureTask.java:266)
	at java.util.concurrent.ThreadPoolExecutor.runWorker(ThreadPoolExecutor.java:1149)
	at java.util.concurrent.ThreadPoolExecutor$Worker.run(ThreadPoolExecutor.java:624)
	... 1 more
Caused by: org.apache.ratis.thirdparty.io.netty.channel.AbstractChannel$AnnotatedConnectException: Connection refused: /192.168.69.122:39811
	at sun.nio.ch.SocketChannelImpl.checkConnect(Native Method)
	at sun.nio.ch.SocketChannelImpl.finishConnect(SocketChannelImpl.java:717)
	at org.apache.ratis.thirdparty.io.netty.channel.socket.nio.NioSocketChannel.doFinishConnect(NioSocketChannel.java:327)
	at org.apache.ratis.thirdparty.io.netty.channel.nio.AbstractNioChannel$AbstractNioUnsafe.finishConnect(AbstractNioChannel.java:340)
	at org.apache.ratis.thirdparty.io.netty.channel.nio.NioEventLoop.processSelectedKey(NioEventLoop.java:632)
	at org.apache.ratis.thirdparty.io.netty.channel.nio.NioEventLoop.processSelectedKeysOptimized(NioEventLoop.java:579)
	at org.apache.ratis.thirdparty.io.netty.channel.nio.NioEventLoop.processSelectedKeys(NioEventLoop.java:496)
	at org.apache.ratis.thirdparty.io.netty.channel.nio.NioEventLoop.run(NioEventLoop.java:458)
	at org.apache.ratis.thirdparty.io.netty.util.concurrent.SingleThreadEventExecutor$5.run(SingleThreadEventExecutor.java:897)
	at org.apache.ratis.thirdparty.io.netty.util.concurrent.FastThreadLocalRunnable.run(FastThreadLocalRunnable.java:30)
	... 1 more
Caused by: java.net.ConnectException: Connection refused
	... 11 more
2019-11-13 16:20:58,868 [66a098cb-53c0-4f05-8b16-ad76b3c07384@group-F14CED7F129D-LeaderElection94] INFO  impl.LeaderElection (LogUtils.java:infoOrTrace(149)) -   Exception 1: {}
java.util.concurrent.ExecutionException: org.apache.ratis.thirdparty.io.grpc.StatusRuntimeException: UNAVAILABLE: io exception
	at java.util.concurrent.FutureTask.report(FutureTask.java:122)
	at java.util.concurrent.FutureTask.get(FutureTask.java:192)
	at org.apache.ratis.server.impl.LeaderElection.waitForResults(LeaderElection.java:259)
	at org.apache.ratis.server.impl.LeaderElection.askForVotes(LeaderElection.java:197)
	at org.apache.ratis.server.impl.LeaderElection.run(LeaderElection.java:133)
	at java.lang.Thread.run(Thread.java:748)
Caused by: org.apache.ratis.thirdparty.io.grpc.StatusRuntimeException: UNAVAILABLE: io exception
	at org.apache.ratis.thirdparty.io.grpc.stub.ClientCalls.toStatusRuntimeException(ClientCalls.java:233)
	at org.apache.ratis.thirdparty.io.grpc.stub.ClientCalls.getUnchecked(ClientCalls.java:214)
	at org.apache.ratis.thirdparty.io.grpc.stub.ClientCalls.blockingUnaryCall(ClientCalls.java:139)
	at org.apache.ratis.proto.grpc.RaftServerProtocolServiceGrpc$RaftServerProtocolServiceBlockingStub.requestVote(RaftServerProtocolServiceGrpc.java:265)
	at org.apache.ratis.grpc.server.GrpcServerProtocolClient.requestVote(GrpcServerProtocolClient.java:99)
	at org.apache.ratis.grpc.server.GrpcService.requestVote(GrpcService.java:204)
	at org.apache.ratis.server.impl.LeaderElection.lambda$submitRequests$1(LeaderElection.java:234)
	at java.util.concurrent.FutureTask.run(FutureTask.java:266)
	at java.util.concurrent.Executors$RunnableAdapter.call(Executors.java:511)
	at java.util.concurrent.FutureTask.run(FutureTask.java:266)
	at java.util.concurrent.ThreadPoolExecutor.runWorker(ThreadPoolExecutor.java:1149)
	at java.util.concurrent.ThreadPoolExecutor$Worker.run(ThreadPoolExecutor.java:624)
	... 1 more
Caused by: org.apache.ratis.thirdparty.io.netty.channel.AbstractChannel$AnnotatedConnectException: Connection refused: /192.168.69.122:40942
	at sun.nio.ch.SocketChannelImpl.checkConnect(Native Method)
	at sun.nio.ch.SocketChannelImpl.finishConnect(SocketChannelImpl.java:717)
	at org.apache.ratis.thirdparty.io.netty.channel.socket.nio.NioSocketChannel.doFinishConnect(NioSocketChannel.java:327)
	at org.apache.ratis.thirdparty.io.netty.channel.nio.AbstractNioChannel$AbstractNioUnsafe.finishConnect(AbstractNioChannel.java:340)
	at org.apache.ratis.thirdparty.io.netty.channel.nio.NioEventLoop.processSelectedKey(NioEventLoop.java:632)
	at org.apache.ratis.thirdparty.io.netty.channel.nio.NioEventLoop.processSelectedKeysOptimized(NioEventLoop.java:579)
	at org.apache.ratis.thirdparty.io.netty.channel.nio.NioEventLoop.processSelectedKeys(NioEventLoop.java:496)
	at org.apache.ratis.thirdparty.io.netty.channel.nio.NioEventLoop.run(NioEventLoop.java:458)
	at org.apache.ratis.thirdparty.io.netty.util.concurrent.SingleThreadEventExecutor$5.run(SingleThreadEventExecutor.java:897)
	at org.apache.ratis.thirdparty.io.netty.util.concurrent.FastThreadLocalRunnable.run(FastThreadLocalRunnable.java:30)
	... 1 more
Caused by: java.net.ConnectException: Connection refused
	... 11 more
2019-11-13 16:20:58,868 [66a098cb-53c0-4f05-8b16-ad76b3c07384@group-F14CED7F129D-LeaderElection94] INFO  impl.RaftServerImpl (RaftServerImpl.java:setRole(173)) - 66a098cb-53c0-4f05-8b16-ad76b3c07384@group-F14CED7F129D: changes role from CANDIDATE to FOLLOWER at term 4 for DISCOVERED_A_NEW_TERM
2019-11-13 16:20:58,869 [66a098cb-53c0-4f05-8b16-ad76b3c07384@group-F14CED7F129D-LeaderElection94] INFO  impl.RoleInfo (RoleInfo.java:shutdownLeaderElection(134)) - 66a098cb-53c0-4f05-8b16-ad76b3c07384: shutdown LeaderElection
2019-11-13 16:20:58,869 [66a098cb-53c0-4f05-8b16-ad76b3c07384@group-F14CED7F129D-LeaderElection94] INFO  impl.RoleInfo (RoleInfo.java:updateAndGet(143)) - 66a098cb-53c0-4f05-8b16-ad76b3c07384: start FollowerState
2019-11-13 16:20:59,236 [grpc-default-executor-3] WARN  server.GrpcLogAppender (LogUtils.java:warn(134)) - d45a2df2-8f38-43ec-9df7-e5c52ac58263@group-8F7AB9145989->285e9247-2161-496e-af81-9a87b6b231d9-AppendLogResponseHandler: Failed appendEntries: org.apache.ratis.thirdparty.io.grpc.StatusRuntimeException: UNAVAILABLE: io exception
2019-11-13 16:20:59,237 [grpc-default-executor-3] INFO  impl.FollowerInfo (FollowerInfo.java:lambda$new$0(51)) - d45a2df2-8f38-43ec-9df7-e5c52ac58263@group-8F7AB9145989->285e9247-2161-496e-af81-9a87b6b231d9: nextIndex: updateUnconditionally 0 -> 0
2019-11-13 16:20:59,273 [grpc-default-executor-5] WARN  server.GrpcLogAppender (LogUtils.java:warn(134)) - c8ab3730-25d4-490d-a322-cbffb61abc7d@group-72AFD38E77E4->0d99dfee-4670-49f5-9a57-a4288445f0bf-AppendLogResponseHandler: Failed appendEntries: org.apache.ratis.thirdparty.io.grpc.StatusRuntimeException: UNAVAILABLE: io exception
2019-11-13 16:20:59,273 [grpc-default-executor-5] INFO  impl.FollowerInfo (FollowerInfo.java:lambda$new$0(51)) - c8ab3730-25d4-490d-a322-cbffb61abc7d@group-72AFD38E77E4->0d99dfee-4670-49f5-9a57-a4288445f0bf: nextIndex: updateUnconditionally 0 -> 0
2019-11-13 16:20:59,736 [grpc-default-executor-1] WARN  server.GrpcLogAppender (LogUtils.java:warn(134)) - d45a2df2-8f38-43ec-9df7-e5c52ac58263@group-8F7AB9145989->285e9247-2161-496e-af81-9a87b6b231d9-AppendLogResponseHandler: Failed appendEntries: org.apache.ratis.thirdparty.io.grpc.StatusRuntimeException: UNAVAILABLE: io exception
2019-11-13 16:20:59,737 [grpc-default-executor-1] INFO  impl.FollowerInfo (FollowerInfo.java:lambda$new$0(51)) - d45a2df2-8f38-43ec-9df7-e5c52ac58263@group-8F7AB9145989->285e9247-2161-496e-af81-9a87b6b231d9: nextIndex: updateUnconditionally 0 -> 0
2019-11-13 16:20:59,774 [grpc-default-executor-1] WARN  server.GrpcLogAppender (LogUtils.java:warn(134)) - c8ab3730-25d4-490d-a322-cbffb61abc7d@group-72AFD38E77E4->0d99dfee-4670-49f5-9a57-a4288445f0bf-AppendLogResponseHandler: Failed appendEntries: org.apache.ratis.thirdparty.io.grpc.StatusRuntimeException: UNAVAILABLE: io exception
2019-11-13 16:20:59,774 [grpc-default-executor-1] INFO  impl.FollowerInfo (FollowerInfo.java:lambda$new$0(51)) - c8ab3730-25d4-490d-a322-cbffb61abc7d@group-72AFD38E77E4->0d99dfee-4670-49f5-9a57-a4288445f0bf: nextIndex: updateUnconditionally 0 -> 0
2019-11-13 16:21:00,009 [Thread-1721] INFO  impl.FollowerState (FollowerState.java:run(111)) - 66a098cb-53c0-4f05-8b16-ad76b3c07384@group-F14CED7F129D-FollowerState: change to CANDIDATE, lastRpcTime:1140ms, electionTimeout:1140ms
2019-11-13 16:21:00,009 [Thread-1721] INFO  impl.RoleInfo (RoleInfo.java:shutdownFollowerState(121)) - 66a098cb-53c0-4f05-8b16-ad76b3c07384: shutdown FollowerState
2019-11-13 16:21:00,010 [Thread-1721] INFO  impl.RaftServerImpl (RaftServerImpl.java:setRole(173)) - 66a098cb-53c0-4f05-8b16-ad76b3c07384@group-F14CED7F129D: changes role from  FOLLOWER to CANDIDATE at term 4 for changeToCandidate
2019-11-13 16:21:00,010 [Thread-1721] INFO  impl.RoleInfo (RoleInfo.java:updateAndGet(143)) - 66a098cb-53c0-4f05-8b16-ad76b3c07384: start LeaderElection
2019-11-13 16:21:00,034 [66a098cb-53c0-4f05-8b16-ad76b3c07384@group-F14CED7F129D-LeaderElection95] INFO  impl.LeaderElection (LeaderElection.java:askForVotes(178)) - 66a098cb-53c0-4f05-8b16-ad76b3c07384@group-F14CED7F129D-LeaderElection95: begin an election at term 5 for 1: [3fa6b523-0f53-44bb-b345-f5f355eab07b:192.168.69.122:39811, ece9b524-37b5-4407-b642-ea356430eaaa:192.168.69.122:40942, 66a098cb-53c0-4f05-8b16-ad76b3c07384:192.168.69.122:36855], old=null
2019-11-13 16:21:00,036 [66a098cb-53c0-4f05-8b16-ad76b3c07384@group-F14CED7F129D-LeaderElection95] INFO  impl.LeaderElection (LogUtils.java:infoOrTrace(149)) - 66a098cb-53c0-4f05-8b16-ad76b3c07384@group-F14CED7F129D-LeaderElection95 got exception when requesting votes: {}
java.util.concurrent.ExecutionException: org.apache.ratis.thirdparty.io.grpc.StatusRuntimeException: UNAVAILABLE: io exception
	at java.util.concurrent.FutureTask.report(FutureTask.java:122)
	at java.util.concurrent.FutureTask.get(FutureTask.java:192)
	at org.apache.ratis.server.impl.LeaderElection.waitForResults(LeaderElection.java:259)
	at org.apache.ratis.server.impl.LeaderElection.askForVotes(LeaderElection.java:197)
	at org.apache.ratis.server.impl.LeaderElection.run(LeaderElection.java:133)
	at java.lang.Thread.run(Thread.java:748)
Caused by: org.apache.ratis.thirdparty.io.grpc.StatusRuntimeException: UNAVAILABLE: io exception
	at org.apache.ratis.thirdparty.io.grpc.stub.ClientCalls.toStatusRuntimeException(ClientCalls.java:233)
	at org.apache.ratis.thirdparty.io.grpc.stub.ClientCalls.getUnchecked(ClientCalls.java:214)
	at org.apache.ratis.thirdparty.io.grpc.stub.ClientCalls.blockingUnaryCall(ClientCalls.java:139)
	at org.apache.ratis.proto.grpc.RaftServerProtocolServiceGrpc$RaftServerProtocolServiceBlockingStub.requestVote(RaftServerProtocolServiceGrpc.java:265)
	at org.apache.ratis.grpc.server.GrpcServerProtocolClient.requestVote(GrpcServerProtocolClient.java:99)
	at org.apache.ratis.grpc.server.GrpcService.requestVote(GrpcService.java:204)
	at org.apache.ratis.server.impl.LeaderElection.lambda$submitRequests$1(LeaderElection.java:234)
	at java.util.concurrent.FutureTask.run(FutureTask.java:266)
	at java.util.concurrent.Executors$RunnableAdapter.call(Executors.java:511)
	at java.util.concurrent.FutureTask.run(FutureTask.java:266)
	at java.util.concurrent.ThreadPoolExecutor.runWorker(ThreadPoolExecutor.java:1149)
	at java.util.concurrent.ThreadPoolExecutor$Worker.run(ThreadPoolExecutor.java:624)
	... 1 more
Caused by: org.apache.ratis.thirdparty.io.netty.channel.AbstractChannel$AnnotatedConnectException: Connection refused: /192.168.69.122:39811
	at sun.nio.ch.SocketChannelImpl.checkConnect(Native Method)
	at sun.nio.ch.SocketChannelImpl.finishConnect(SocketChannelImpl.java:717)
	at org.apache.ratis.thirdparty.io.netty.channel.socket.nio.NioSocketChannel.doFinishConnect(NioSocketChannel.java:327)
	at org.apache.ratis.thirdparty.io.netty.channel.nio.AbstractNioChannel$AbstractNioUnsafe.finishConnect(AbstractNioChannel.java:340)
	at org.apache.ratis.thirdparty.io.netty.channel.nio.NioEventLoop.processSelectedKey(NioEventLoop.java:632)
	at org.apache.ratis.thirdparty.io.netty.channel.nio.NioEventLoop.processSelectedKeysOptimized(NioEventLoop.java:579)
	at org.apache.ratis.thirdparty.io.netty.channel.nio.NioEventLoop.processSelectedKeys(NioEventLoop.java:496)
	at org.apache.ratis.thirdparty.io.netty.channel.nio.NioEventLoop.run(NioEventLoop.java:458)
	at org.apache.ratis.thirdparty.io.netty.util.concurrent.SingleThreadEventExecutor$5.run(SingleThreadEventExecutor.java:897)
	at org.apache.ratis.thirdparty.io.netty.util.concurrent.FastThreadLocalRunnable.run(FastThreadLocalRunnable.java:30)
	... 1 more
Caused by: java.net.ConnectException: Connection refused
	... 11 more
2019-11-13 16:21:00,036 [66a098cb-53c0-4f05-8b16-ad76b3c07384@group-F14CED7F129D-LeaderElection95] INFO  impl.LeaderElection (LogUtils.java:infoOrTrace(149)) - 66a098cb-53c0-4f05-8b16-ad76b3c07384@group-F14CED7F129D-LeaderElection95 got exception when requesting votes: {}
java.util.concurrent.ExecutionException: org.apache.ratis.thirdparty.io.grpc.StatusRuntimeException: UNAVAILABLE: io exception
	at java.util.concurrent.FutureTask.report(FutureTask.java:122)
	at java.util.concurrent.FutureTask.get(FutureTask.java:192)
	at org.apache.ratis.server.impl.LeaderElection.waitForResults(LeaderElection.java:259)
	at org.apache.ratis.server.impl.LeaderElection.askForVotes(LeaderElection.java:197)
	at org.apache.ratis.server.impl.LeaderElection.run(LeaderElection.java:133)
	at java.lang.Thread.run(Thread.java:748)
Caused by: org.apache.ratis.thirdparty.io.grpc.StatusRuntimeException: UNAVAILABLE: io exception
	at org.apache.ratis.thirdparty.io.grpc.stub.ClientCalls.toStatusRuntimeException(ClientCalls.java:233)
	at org.apache.ratis.thirdparty.io.grpc.stub.ClientCalls.getUnchecked(ClientCalls.java:214)
	at org.apache.ratis.thirdparty.io.grpc.stub.ClientCalls.blockingUnaryCall(ClientCalls.java:139)
	at org.apache.ratis.proto.grpc.RaftServerProtocolServiceGrpc$RaftServerProtocolServiceBlockingStub.requestVote(RaftServerProtocolServiceGrpc.java:265)
	at org.apache.ratis.grpc.server.GrpcServerProtocolClient.requestVote(GrpcServerProtocolClient.java:99)
	at org.apache.ratis.grpc.server.GrpcService.requestVote(GrpcService.java:204)
	at org.apache.ratis.server.impl.LeaderElection.lambda$submitRequests$1(LeaderElection.java:234)
	at java.util.concurrent.FutureTask.run(FutureTask.java:266)
	at java.util.concurrent.Executors$RunnableAdapter.call(Executors.java:511)
	at java.util.concurrent.FutureTask.run(FutureTask.java:266)
	at java.util.concurrent.ThreadPoolExecutor.runWorker(ThreadPoolExecutor.java:1149)
	at java.util.concurrent.ThreadPoolExecutor$Worker.run(ThreadPoolExecutor.java:624)
	... 1 more
Caused by: org.apache.ratis.thirdparty.io.netty.channel.AbstractChannel$AnnotatedConnectException: Connection refused: /192.168.69.122:40942
	at sun.nio.ch.SocketChannelImpl.checkConnect(Native Method)
	at sun.nio.ch.SocketChannelImpl.finishConnect(SocketChannelImpl.java:717)
	at org.apache.ratis.thirdparty.io.netty.channel.socket.nio.NioSocketChannel.doFinishConnect(NioSocketChannel.java:327)
	at org.apache.ratis.thirdparty.io.netty.channel.nio.AbstractNioChannel$AbstractNioUnsafe.finishConnect(AbstractNioChannel.java:340)
	at org.apache.ratis.thirdparty.io.netty.channel.nio.NioEventLoop.processSelectedKey(NioEventLoop.java:632)
	at org.apache.ratis.thirdparty.io.netty.channel.nio.NioEventLoop.processSelectedKeysOptimized(NioEventLoop.java:579)
	at org.apache.ratis.thirdparty.io.netty.channel.nio.NioEventLoop.processSelectedKeys(NioEventLoop.java:496)
	at org.apache.ratis.thirdparty.io.netty.channel.nio.NioEventLoop.run(NioEventLoop.java:458)
	at org.apache.ratis.thirdparty.io.netty.util.concurrent.SingleThreadEventExecutor$5.run(SingleThreadEventExecutor.java:897)
	at org.apache.ratis.thirdparty.io.netty.util.concurrent.FastThreadLocalRunnable.run(FastThreadLocalRunnable.java:30)
	... 1 more
Caused by: java.net.ConnectException: Connection refused
	... 11 more
2019-11-13 16:21:00,036 [66a098cb-53c0-4f05-8b16-ad76b3c07384@group-F14CED7F129D-LeaderElection95] INFO  impl.LeaderElection (LeaderElection.java:logAndReturn(56)) - 66a098cb-53c0-4f05-8b16-ad76b3c07384@group-F14CED7F129D-LeaderElection95: Election REJECTED; received 0 response(s) [] and 2 exception(s); 66a098cb-53c0-4f05-8b16-ad76b3c07384@group-F14CED7F129D:t5, leader=null, voted=66a098cb-53c0-4f05-8b16-ad76b3c07384, raftlog=66a098cb-53c0-4f05-8b16-ad76b3c07384@group-F14CED7F129D-SegmentedRaftLog:OPENED:c2,f2,i2, conf=1: [3fa6b523-0f53-44bb-b345-f5f355eab07b:192.168.69.122:39811, ece9b524-37b5-4407-b642-ea356430eaaa:192.168.69.122:40942, 66a098cb-53c0-4f05-8b16-ad76b3c07384:192.168.69.122:36855], old=null
2019-11-13 16:21:00,036 [66a098cb-53c0-4f05-8b16-ad76b3c07384@group-F14CED7F129D-LeaderElection95] INFO  impl.LeaderElection (LogUtils.java:infoOrTrace(149)) -   Exception 0: {}
java.util.concurrent.ExecutionException: org.apache.ratis.thirdparty.io.grpc.StatusRuntimeException: UNAVAILABLE: io exception
	at java.util.concurrent.FutureTask.report(FutureTask.java:122)
	at java.util.concurrent.FutureTask.get(FutureTask.java:192)
	at org.apache.ratis.server.impl.LeaderElection.waitForResults(LeaderElection.java:259)
	at org.apache.ratis.server.impl.LeaderElection.askForVotes(LeaderElection.java:197)
	at org.apache.ratis.server.impl.LeaderElection.run(LeaderElection.java:133)
	at java.lang.Thread.run(Thread.java:748)
Caused by: org.apache.ratis.thirdparty.io.grpc.StatusRuntimeException: UNAVAILABLE: io exception
	at org.apache.ratis.thirdparty.io.grpc.stub.ClientCalls.toStatusRuntimeException(ClientCalls.java:233)
	at org.apache.ratis.thirdparty.io.grpc.stub.ClientCalls.getUnchecked(ClientCalls.java:214)
	at org.apache.ratis.thirdparty.io.grpc.stub.ClientCalls.blockingUnaryCall(ClientCalls.java:139)
	at org.apache.ratis.proto.grpc.RaftServerProtocolServiceGrpc$RaftServerProtocolServiceBlockingStub.requestVote(RaftServerProtocolServiceGrpc.java:265)
	at org.apache.ratis.grpc.server.GrpcServerProtocolClient.requestVote(GrpcServerProtocolClient.java:99)
	at org.apache.ratis.grpc.server.GrpcService.requestVote(GrpcService.java:204)
	at org.apache.ratis.server.impl.LeaderElection.lambda$submitRequests$1(LeaderElection.java:234)
	at java.util.concurrent.FutureTask.run(FutureTask.java:266)
	at java.util.concurrent.Executors$RunnableAdapter.call(Executors.java:511)
	at java.util.concurrent.FutureTask.run(FutureTask.java:266)
	at java.util.concurrent.ThreadPoolExecutor.runWorker(ThreadPoolExecutor.java:1149)
	at java.util.concurrent.ThreadPoolExecutor$Worker.run(ThreadPoolExecutor.java:624)
	... 1 more
Caused by: org.apache.ratis.thirdparty.io.netty.channel.AbstractChannel$AnnotatedConnectException: Connection refused: /192.168.69.122:39811
	at sun.nio.ch.SocketChannelImpl.checkConnect(Native Method)
	at sun.nio.ch.SocketChannelImpl.finishConnect(SocketChannelImpl.java:717)
	at org.apache.ratis.thirdparty.io.netty.channel.socket.nio.NioSocketChannel.doFinishConnect(NioSocketChannel.java:327)
	at org.apache.ratis.thirdparty.io.netty.channel.nio.AbstractNioChannel$AbstractNioUnsafe.finishConnect(AbstractNioChannel.java:340)
	at org.apache.ratis.thirdparty.io.netty.channel.nio.NioEventLoop.processSelectedKey(NioEventLoop.java:632)
	at org.apache.ratis.thirdparty.io.netty.channel.nio.NioEventLoop.processSelectedKeysOptimized(NioEventLoop.java:579)
	at org.apache.ratis.thirdparty.io.netty.channel.nio.NioEventLoop.processSelectedKeys(NioEventLoop.java:496)
	at org.apache.ratis.thirdparty.io.netty.channel.nio.NioEventLoop.run(NioEventLoop.java:458)
	at org.apache.ratis.thirdparty.io.netty.util.concurrent.SingleThreadEventExecutor$5.run(SingleThreadEventExecutor.java:897)
	at org.apache.ratis.thirdparty.io.netty.util.concurrent.FastThreadLocalRunnable.run(FastThreadLocalRunnable.java:30)
	... 1 more
Caused by: java.net.ConnectException: Connection refused
	... 11 more
2019-11-13 16:21:00,037 [66a098cb-53c0-4f05-8b16-ad76b3c07384@group-F14CED7F129D-LeaderElection95] INFO  impl.LeaderElection (LogUtils.java:infoOrTrace(149)) -   Exception 1: {}
java.util.concurrent.ExecutionException: org.apache.ratis.thirdparty.io.grpc.StatusRuntimeException: UNAVAILABLE: io exception
	at java.util.concurrent.FutureTask.report(FutureTask.java:122)
	at java.util.concurrent.FutureTask.get(FutureTask.java:192)
	at org.apache.ratis.server.impl.LeaderElection.waitForResults(LeaderElection.java:259)
	at org.apache.ratis.server.impl.LeaderElection.askForVotes(LeaderElection.java:197)
	at org.apache.ratis.server.impl.LeaderElection.run(LeaderElection.java:133)
	at java.lang.Thread.run(Thread.java:748)
Caused by: org.apache.ratis.thirdparty.io.grpc.StatusRuntimeException: UNAVAILABLE: io exception
	at org.apache.ratis.thirdparty.io.grpc.stub.ClientCalls.toStatusRuntimeException(ClientCalls.java:233)
	at org.apache.ratis.thirdparty.io.grpc.stub.ClientCalls.getUnchecked(ClientCalls.java:214)
	at org.apache.ratis.thirdparty.io.grpc.stub.ClientCalls.blockingUnaryCall(ClientCalls.java:139)
	at org.apache.ratis.proto.grpc.RaftServerProtocolServiceGrpc$RaftServerProtocolServiceBlockingStub.requestVote(RaftServerProtocolServiceGrpc.java:265)
	at org.apache.ratis.grpc.server.GrpcServerProtocolClient.requestVote(GrpcServerProtocolClient.java:99)
	at org.apache.ratis.grpc.server.GrpcService.requestVote(GrpcService.java:204)
	at org.apache.ratis.server.impl.LeaderElection.lambda$submitRequests$1(LeaderElection.java:234)
	at java.util.concurrent.FutureTask.run(FutureTask.java:266)
	at java.util.concurrent.Executors$RunnableAdapter.call(Executors.java:511)
	at java.util.concurrent.FutureTask.run(FutureTask.java:266)
	at java.util.concurrent.ThreadPoolExecutor.runWorker(ThreadPoolExecutor.java:1149)
	at java.util.concurrent.ThreadPoolExecutor$Worker.run(ThreadPoolExecutor.java:624)
	... 1 more
Caused by: org.apache.ratis.thirdparty.io.netty.channel.AbstractChannel$AnnotatedConnectException: Connection refused: /192.168.69.122:40942
	at sun.nio.ch.SocketChannelImpl.checkConnect(Native Method)
	at sun.nio.ch.SocketChannelImpl.finishConnect(SocketChannelImpl.java:717)
	at org.apache.ratis.thirdparty.io.netty.channel.socket.nio.NioSocketChannel.doFinishConnect(NioSocketChannel.java:327)
	at org.apache.ratis.thirdparty.io.netty.channel.nio.AbstractNioChannel$AbstractNioUnsafe.finishConnect(AbstractNioChannel.java:340)
	at org.apache.ratis.thirdparty.io.netty.channel.nio.NioEventLoop.processSelectedKey(NioEventLoop.java:632)
	at org.apache.ratis.thirdparty.io.netty.channel.nio.NioEventLoop.processSelectedKeysOptimized(NioEventLoop.java:579)
	at org.apache.ratis.thirdparty.io.netty.channel.nio.NioEventLoop.processSelectedKeys(NioEventLoop.java:496)
	at org.apache.ratis.thirdparty.io.netty.channel.nio.NioEventLoop.run(NioEventLoop.java:458)
	at org.apache.ratis.thirdparty.io.netty.util.concurrent.SingleThreadEventExecutor$5.run(SingleThreadEventExecutor.java:897)
	at org.apache.ratis.thirdparty.io.netty.util.concurrent.FastThreadLocalRunnable.run(FastThreadLocalRunnable.java:30)
	... 1 more
Caused by: java.net.ConnectException: Connection refused
	... 11 more
2019-11-13 16:21:00,037 [66a098cb-53c0-4f05-8b16-ad76b3c07384@group-F14CED7F129D-LeaderElection95] INFO  impl.RaftServerImpl (RaftServerImpl.java:setRole(173)) - 66a098cb-53c0-4f05-8b16-ad76b3c07384@group-F14CED7F129D: changes role from CANDIDATE to FOLLOWER at term 5 for DISCOVERED_A_NEW_TERM
2019-11-13 16:21:00,037 [66a098cb-53c0-4f05-8b16-ad76b3c07384@group-F14CED7F129D-LeaderElection95] INFO  impl.RoleInfo (RoleInfo.java:shutdownLeaderElection(134)) - 66a098cb-53c0-4f05-8b16-ad76b3c07384: shutdown LeaderElection
2019-11-13 16:21:00,037 [66a098cb-53c0-4f05-8b16-ad76b3c07384@group-F14CED7F129D-LeaderElection95] INFO  impl.RoleInfo (RoleInfo.java:updateAndGet(143)) - 66a098cb-53c0-4f05-8b16-ad76b3c07384: start FollowerState
2019-11-13 16:21:00,241 [grpc-default-executor-1] WARN  server.GrpcLogAppender (LogUtils.java:warn(134)) - d45a2df2-8f38-43ec-9df7-e5c52ac58263@group-8F7AB9145989->285e9247-2161-496e-af81-9a87b6b231d9-AppendLogResponseHandler: Failed appendEntries: org.apache.ratis.thirdparty.io.grpc.StatusRuntimeException: UNAVAILABLE: io exception
2019-11-13 16:21:00,241 [grpc-default-executor-1] INFO  impl.FollowerInfo (FollowerInfo.java:lambda$new$0(51)) - d45a2df2-8f38-43ec-9df7-e5c52ac58263@group-8F7AB9145989->285e9247-2161-496e-af81-9a87b6b231d9: nextIndex: updateUnconditionally 0 -> 0
2019-11-13 16:21:00,274 [grpc-default-executor-3] WARN  server.GrpcLogAppender (LogUtils.java:warn(134)) - c8ab3730-25d4-490d-a322-cbffb61abc7d@group-72AFD38E77E4->0d99dfee-4670-49f5-9a57-a4288445f0bf-AppendLogResponseHandler: Failed appendEntries: org.apache.ratis.thirdparty.io.grpc.StatusRuntimeException: UNAVAILABLE: io exception
2019-11-13 16:21:00,275 [grpc-default-executor-3] INFO  impl.FollowerInfo (FollowerInfo.java:lambda$new$0(51)) - c8ab3730-25d4-490d-a322-cbffb61abc7d@group-72AFD38E77E4->0d99dfee-4670-49f5-9a57-a4288445f0bf: nextIndex: updateUnconditionally 0 -> 0
2019-11-13 16:21:00,739 [grpc-default-executor-3] WARN  server.GrpcLogAppender (LogUtils.java:warn(134)) - d45a2df2-8f38-43ec-9df7-e5c52ac58263@group-8F7AB9145989->285e9247-2161-496e-af81-9a87b6b231d9-AppendLogResponseHandler: Failed appendEntries: org.apache.ratis.thirdparty.io.grpc.StatusRuntimeException: UNAVAILABLE: io exception
2019-11-13 16:21:00,740 [grpc-default-executor-3] INFO  impl.FollowerInfo (FollowerInfo.java:lambda$new$0(51)) - d45a2df2-8f38-43ec-9df7-e5c52ac58263@group-8F7AB9145989->285e9247-2161-496e-af81-9a87b6b231d9: nextIndex: updateUnconditionally 0 -> 0
2019-11-13 16:21:00,775 [grpc-default-executor-3] WARN  server.GrpcLogAppender (LogUtils.java:warn(134)) - c8ab3730-25d4-490d-a322-cbffb61abc7d@group-72AFD38E77E4->0d99dfee-4670-49f5-9a57-a4288445f0bf-AppendLogResponseHandler: Failed appendEntries: org.apache.ratis.thirdparty.io.grpc.StatusRuntimeException: UNAVAILABLE: io exception
2019-11-13 16:21:00,775 [grpc-default-executor-3] INFO  impl.FollowerInfo (FollowerInfo.java:lambda$new$0(51)) - c8ab3730-25d4-490d-a322-cbffb61abc7d@group-72AFD38E77E4->0d99dfee-4670-49f5-9a57-a4288445f0bf: nextIndex: updateUnconditionally 0 -> 0
2019-11-13 16:21:01,212 [Thread-1729] INFO  impl.FollowerState (FollowerState.java:run(111)) - 66a098cb-53c0-4f05-8b16-ad76b3c07384@group-F14CED7F129D-FollowerState: change to CANDIDATE, lastRpcTime:1175ms, electionTimeout:1175ms
2019-11-13 16:21:01,213 [Thread-1729] INFO  impl.RoleInfo (RoleInfo.java:shutdownFollowerState(121)) - 66a098cb-53c0-4f05-8b16-ad76b3c07384: shutdown FollowerState
2019-11-13 16:21:01,213 [Thread-1729] INFO  impl.RaftServerImpl (RaftServerImpl.java:setRole(173)) - 66a098cb-53c0-4f05-8b16-ad76b3c07384@group-F14CED7F129D: changes role from  FOLLOWER to CANDIDATE at term 5 for changeToCandidate
2019-11-13 16:21:01,213 [Thread-1729] INFO  impl.RoleInfo (RoleInfo.java:updateAndGet(143)) - 66a098cb-53c0-4f05-8b16-ad76b3c07384: start LeaderElection
2019-11-13 16:21:01,240 [66a098cb-53c0-4f05-8b16-ad76b3c07384@group-F14CED7F129D-LeaderElection96] INFO  impl.LeaderElection (LeaderElection.java:askForVotes(178)) - 66a098cb-53c0-4f05-8b16-ad76b3c07384@group-F14CED7F129D-LeaderElection96: begin an election at term 6 for 1: [3fa6b523-0f53-44bb-b345-f5f355eab07b:192.168.69.122:39811, ece9b524-37b5-4407-b642-ea356430eaaa:192.168.69.122:40942, 66a098cb-53c0-4f05-8b16-ad76b3c07384:192.168.69.122:36855], old=null
2019-11-13 16:21:01,243 [66a098cb-53c0-4f05-8b16-ad76b3c07384@group-F14CED7F129D-LeaderElection96] INFO  impl.LeaderElection (LogUtils.java:infoOrTrace(149)) - 66a098cb-53c0-4f05-8b16-ad76b3c07384@group-F14CED7F129D-LeaderElection96 got exception when requesting votes: {}
java.util.concurrent.ExecutionException: org.apache.ratis.thirdparty.io.grpc.StatusRuntimeException: UNAVAILABLE: io exception
	at java.util.concurrent.FutureTask.report(FutureTask.java:122)
	at java.util.concurrent.FutureTask.get(FutureTask.java:192)
	at org.apache.ratis.server.impl.LeaderElection.waitForResults(LeaderElection.java:259)
	at org.apache.ratis.server.impl.LeaderElection.askForVotes(LeaderElection.java:197)
	at org.apache.ratis.server.impl.LeaderElection.run(LeaderElection.java:133)
	at java.lang.Thread.run(Thread.java:748)
Caused by: org.apache.ratis.thirdparty.io.grpc.StatusRuntimeException: UNAVAILABLE: io exception
	at org.apache.ratis.thirdparty.io.grpc.stub.ClientCalls.toStatusRuntimeException(ClientCalls.java:233)
	at org.apache.ratis.thirdparty.io.grpc.stub.ClientCalls.getUnchecked(ClientCalls.java:214)
	at org.apache.ratis.thirdparty.io.grpc.stub.ClientCalls.blockingUnaryCall(ClientCalls.java:139)
	at org.apache.ratis.proto.grpc.RaftServerProtocolServiceGrpc$RaftServerProtocolServiceBlockingStub.requestVote(RaftServerProtocolServiceGrpc.java:265)
	at org.apache.ratis.grpc.server.GrpcServerProtocolClient.requestVote(GrpcServerProtocolClient.java:99)
	at org.apache.ratis.grpc.server.GrpcService.requestVote(GrpcService.java:204)
	at org.apache.ratis.server.impl.LeaderElection.lambda$submitRequests$1(LeaderElection.java:234)
	at java.util.concurrent.FutureTask.run(FutureTask.java:266)
	at java.util.concurrent.Executors$RunnableAdapter.call(Executors.java:511)
	at java.util.concurrent.FutureTask.run(FutureTask.java:266)
	at java.util.concurrent.ThreadPoolExecutor.runWorker(ThreadPoolExecutor.java:1149)
	at java.util.concurrent.ThreadPoolExecutor$Worker.run(ThreadPoolExecutor.java:624)
	... 1 more
Caused by: org.apache.ratis.thirdparty.io.netty.channel.AbstractChannel$AnnotatedConnectException: Connection refused: /192.168.69.122:39811
	at sun.nio.ch.SocketChannelImpl.checkConnect(Native Method)
	at sun.nio.ch.SocketChannelImpl.finishConnect(SocketChannelImpl.java:717)
	at org.apache.ratis.thirdparty.io.netty.channel.socket.nio.NioSocketChannel.doFinishConnect(NioSocketChannel.java:327)
	at org.apache.ratis.thirdparty.io.netty.channel.nio.AbstractNioChannel$AbstractNioUnsafe.finishConnect(AbstractNioChannel.java:340)
	at org.apache.ratis.thirdparty.io.netty.channel.nio.NioEventLoop.processSelectedKey(NioEventLoop.java:632)
	at org.apache.ratis.thirdparty.io.netty.channel.nio.NioEventLoop.processSelectedKeysOptimized(NioEventLoop.java:579)
	at org.apache.ratis.thirdparty.io.netty.channel.nio.NioEventLoop.processSelectedKeys(NioEventLoop.java:496)
	at org.apache.ratis.thirdparty.io.netty.channel.nio.NioEventLoop.run(NioEventLoop.java:458)
	at org.apache.ratis.thirdparty.io.netty.util.concurrent.SingleThreadEventExecutor$5.run(SingleThreadEventExecutor.java:897)
	at org.apache.ratis.thirdparty.io.netty.util.concurrent.FastThreadLocalRunnable.run(FastThreadLocalRunnable.java:30)
	... 1 more
Caused by: java.net.ConnectException: Connection refused
	... 11 more
2019-11-13 16:21:01,244 [66a098cb-53c0-4f05-8b16-ad76b3c07384@group-F14CED7F129D-LeaderElection96] INFO  impl.LeaderElection (LogUtils.java:infoOrTrace(149)) - 66a098cb-53c0-4f05-8b16-ad76b3c07384@group-F14CED7F129D-LeaderElection96 got exception when requesting votes: {}
java.util.concurrent.ExecutionException: org.apache.ratis.thirdparty.io.grpc.StatusRuntimeException: UNAVAILABLE: io exception
	at java.util.concurrent.FutureTask.report(FutureTask.java:122)
	at java.util.concurrent.FutureTask.get(FutureTask.java:192)
	at org.apache.ratis.server.impl.LeaderElection.waitForResults(LeaderElection.java:259)
	at org.apache.ratis.server.impl.LeaderElection.askForVotes(LeaderElection.java:197)
	at org.apache.ratis.server.impl.LeaderElection.run(LeaderElection.java:133)
	at java.lang.Thread.run(Thread.java:748)
Caused by: org.apache.ratis.thirdparty.io.grpc.StatusRuntimeException: UNAVAILABLE: io exception
	at org.apache.ratis.thirdparty.io.grpc.stub.ClientCalls.toStatusRuntimeException(ClientCalls.java:233)
	at org.apache.ratis.thirdparty.io.grpc.stub.ClientCalls.getUnchecked(ClientCalls.java:214)
	at org.apache.ratis.thirdparty.io.grpc.stub.ClientCalls.blockingUnaryCall(ClientCalls.java:139)
	at org.apache.ratis.proto.grpc.RaftServerProtocolServiceGrpc$RaftServerProtocolServiceBlockingStub.requestVote(RaftServerProtocolServiceGrpc.java:265)
	at org.apache.ratis.grpc.server.GrpcServerProtocolClient.requestVote(GrpcServerProtocolClient.java:99)
	at org.apache.ratis.grpc.server.GrpcService.requestVote(GrpcService.java:204)
	at org.apache.ratis.server.impl.LeaderElection.lambda$submitRequests$1(LeaderElection.java:234)
	at java.util.concurrent.FutureTask.run(FutureTask.java:266)
	at java.util.concurrent.Executors$RunnableAdapter.call(Executors.java:511)
	at java.util.concurrent.FutureTask.run(FutureTask.java:266)
	at java.util.concurrent.ThreadPoolExecutor.runWorker(ThreadPoolExecutor.java:1149)
	at java.util.concurrent.ThreadPoolExecutor$Worker.run(ThreadPoolExecutor.java:624)
	... 1 more
Caused by: org.apache.ratis.thirdparty.io.netty.channel.AbstractChannel$AnnotatedConnectException: Connection refused: /192.168.69.122:40942
	at sun.nio.ch.SocketChannelImpl.checkConnect(Native Method)
	at sun.nio.ch.SocketChannelImpl.finishConnect(SocketChannelImpl.java:717)
	at org.apache.ratis.thirdparty.io.netty.channel.socket.nio.NioSocketChannel.doFinishConnect(NioSocketChannel.java:327)
	at org.apache.ratis.thirdparty.io.netty.channel.nio.AbstractNioChannel$AbstractNioUnsafe.finishConnect(AbstractNioChannel.java:340)
	at org.apache.ratis.thirdparty.io.netty.channel.nio.NioEventLoop.processSelectedKey(NioEventLoop.java:632)
	at org.apache.ratis.thirdparty.io.netty.channel.nio.NioEventLoop.processSelectedKeysOptimized(NioEventLoop.java:579)
	at org.apache.ratis.thirdparty.io.netty.channel.nio.NioEventLoop.processSelectedKeys(NioEventLoop.java:496)
	at org.apache.ratis.thirdparty.io.netty.channel.nio.NioEventLoop.run(NioEventLoop.java:458)
	at org.apache.ratis.thirdparty.io.netty.util.concurrent.SingleThreadEventExecutor$5.run(SingleThreadEventExecutor.java:897)
	at org.apache.ratis.thirdparty.io.netty.util.concurrent.FastThreadLocalRunnable.run(FastThreadLocalRunnable.java:30)
	... 1 more
Caused by: java.net.ConnectException: Connection refused
	... 11 more
2019-11-13 16:21:01,245 [66a098cb-53c0-4f05-8b16-ad76b3c07384@group-F14CED7F129D-LeaderElection96] INFO  impl.LeaderElection (LeaderElection.java:logAndReturn(56)) - 66a098cb-53c0-4f05-8b16-ad76b3c07384@group-F14CED7F129D-LeaderElection96: Election REJECTED; received 0 response(s) [] and 2 exception(s); 66a098cb-53c0-4f05-8b16-ad76b3c07384@group-F14CED7F129D:t6, leader=null, voted=66a098cb-53c0-4f05-8b16-ad76b3c07384, raftlog=66a098cb-53c0-4f05-8b16-ad76b3c07384@group-F14CED7F129D-SegmentedRaftLog:OPENED:c2,f2,i2, conf=1: [3fa6b523-0f53-44bb-b345-f5f355eab07b:192.168.69.122:39811, ece9b524-37b5-4407-b642-ea356430eaaa:192.168.69.122:40942, 66a098cb-53c0-4f05-8b16-ad76b3c07384:192.168.69.122:36855], old=null
2019-11-13 16:21:01,245 [66a098cb-53c0-4f05-8b16-ad76b3c07384@group-F14CED7F129D-LeaderElection96] INFO  impl.LeaderElection (LogUtils.java:infoOrTrace(149)) -   Exception 0: {}
java.util.concurrent.ExecutionException: org.apache.ratis.thirdparty.io.grpc.StatusRuntimeException: UNAVAILABLE: io exception
	at java.util.concurrent.FutureTask.report(FutureTask.java:122)
	at java.util.concurrent.FutureTask.get(FutureTask.java:192)
	at org.apache.ratis.server.impl.LeaderElection.waitForResults(LeaderElection.java:259)
	at org.apache.ratis.server.impl.LeaderElection.askForVotes(LeaderElection.java:197)
	at org.apache.ratis.server.impl.LeaderElection.run(LeaderElection.java:133)
	at java.lang.Thread.run(Thread.java:748)
Caused by: org.apache.ratis.thirdparty.io.grpc.StatusRuntimeException: UNAVAILABLE: io exception
	at org.apache.ratis.thirdparty.io.grpc.stub.ClientCalls.toStatusRuntimeException(ClientCalls.java:233)
	at org.apache.ratis.thirdparty.io.grpc.stub.ClientCalls.getUnchecked(ClientCalls.java:214)
	at org.apache.ratis.thirdparty.io.grpc.stub.ClientCalls.blockingUnaryCall(ClientCalls.java:139)
	at org.apache.ratis.proto.grpc.RaftServerProtocolServiceGrpc$RaftServerProtocolServiceBlockingStub.requestVote(RaftServerProtocolServiceGrpc.java:265)
	at org.apache.ratis.grpc.server.GrpcServerProtocolClient.requestVote(GrpcServerProtocolClient.java:99)
	at org.apache.ratis.grpc.server.GrpcService.requestVote(GrpcService.java:204)
	at org.apache.ratis.server.impl.LeaderElection.lambda$submitRequests$1(LeaderElection.java:234)
	at java.util.concurrent.FutureTask.run(FutureTask.java:266)
	at java.util.concurrent.Executors$RunnableAdapter.call(Executors.java:511)
	at java.util.concurrent.FutureTask.run(FutureTask.java:266)
	at java.util.concurrent.ThreadPoolExecutor.runWorker(ThreadPoolExecutor.java:1149)
	at java.util.concurrent.ThreadPoolExecutor$Worker.run(ThreadPoolExecutor.java:624)
	... 1 more
Caused by: org.apache.ratis.thirdparty.io.netty.channel.AbstractChannel$AnnotatedConnectException: Connection refused: /192.168.69.122:39811
	at sun.nio.ch.SocketChannelImpl.checkConnect(Native Method)
	at sun.nio.ch.SocketChannelImpl.finishConnect(SocketChannelImpl.java:717)
	at org.apache.ratis.thirdparty.io.netty.channel.socket.nio.NioSocketChannel.doFinishConnect(NioSocketChannel.java:327)
	at org.apache.ratis.thirdparty.io.netty.channel.nio.AbstractNioChannel$AbstractNioUnsafe.finishConnect(AbstractNioChannel.java:340)
	at org.apache.ratis.thirdparty.io.netty.channel.nio.NioEventLoop.processSelectedKey(NioEventLoop.java:632)
	at org.apache.ratis.thirdparty.io.netty.channel.nio.NioEventLoop.processSelectedKeysOptimized(NioEventLoop.java:579)
	at org.apache.ratis.thirdparty.io.netty.channel.nio.NioEventLoop.processSelectedKeys(NioEventLoop.java:496)
	at org.apache.ratis.thirdparty.io.netty.channel.nio.NioEventLoop.run(NioEventLoop.java:458)
	at org.apache.ratis.thirdparty.io.netty.util.concurrent.SingleThreadEventExecutor$5.run(SingleThreadEventExecutor.java:897)
	at org.apache.ratis.thirdparty.io.netty.util.concurrent.FastThreadLocalRunnable.run(FastThreadLocalRunnable.java:30)
	... 1 more
Caused by: java.net.ConnectException: Connection refused
	... 11 more
2019-11-13 16:21:01,246 [66a098cb-53c0-4f05-8b16-ad76b3c07384@group-F14CED7F129D-LeaderElection96] INFO  impl.LeaderElection (LogUtils.java:infoOrTrace(149)) -   Exception 1: {}
java.util.concurrent.ExecutionException: org.apache.ratis.thirdparty.io.grpc.StatusRuntimeException: UNAVAILABLE: io exception
	at java.util.concurrent.FutureTask.report(FutureTask.java:122)
	at java.util.concurrent.FutureTask.get(FutureTask.java:192)
	at org.apache.ratis.server.impl.LeaderElection.waitForResults(LeaderElection.java:259)
	at org.apache.ratis.server.impl.LeaderElection.askForVotes(LeaderElection.java:197)
	at org.apache.ratis.server.impl.LeaderElection.run(LeaderElection.java:133)
	at java.lang.Thread.run(Thread.java:748)
Caused by: org.apache.ratis.thirdparty.io.grpc.StatusRuntimeException: UNAVAILABLE: io exception
	at org.apache.ratis.thirdparty.io.grpc.stub.ClientCalls.toStatusRuntimeException(ClientCalls.java:233)
	at org.apache.ratis.thirdparty.io.grpc.stub.ClientCalls.getUnchecked(ClientCalls.java:214)
	at org.apache.ratis.thirdparty.io.grpc.stub.ClientCalls.blockingUnaryCall(ClientCalls.java:139)
	at org.apache.ratis.proto.grpc.RaftServerProtocolServiceGrpc$RaftServerProtocolServiceBlockingStub.requestVote(RaftServerProtocolServiceGrpc.java:265)
	at org.apache.ratis.grpc.server.GrpcServerProtocolClient.requestVote(GrpcServerProtocolClient.java:99)
	at org.apache.ratis.grpc.server.GrpcService.requestVote(GrpcService.java:204)
	at org.apache.ratis.server.impl.LeaderElection.lambda$submitRequests$1(LeaderElection.java:234)
	at java.util.concurrent.FutureTask.run(FutureTask.java:266)
	at java.util.concurrent.Executors$RunnableAdapter.call(Executors.java:511)
	at java.util.concurrent.FutureTask.run(FutureTask.java:266)
	at java.util.concurrent.ThreadPoolExecutor.runWorker(ThreadPoolExecutor.java:1149)
	at java.util.concurrent.ThreadPoolExecutor$Worker.run(ThreadPoolExecutor.java:624)
	... 1 more
Caused by: org.apache.ratis.thirdparty.io.netty.channel.AbstractChannel$AnnotatedConnectException: Connection refused: /192.168.69.122:40942
	at sun.nio.ch.SocketChannelImpl.checkConnect(Native Method)
	at sun.nio.ch.SocketChannelImpl.finishConnect(SocketChannelImpl.java:717)
	at org.apache.ratis.thirdparty.io.netty.channel.socket.nio.NioSocketChannel.doFinishConnect(NioSocketChannel.java:327)
	at org.apache.ratis.thirdparty.io.netty.channel.nio.AbstractNioChannel$AbstractNioUnsafe.finishConnect(AbstractNioChannel.java:340)
	at org.apache.ratis.thirdparty.io.netty.channel.nio.NioEventLoop.processSelectedKey(NioEventLoop.java:632)
	at org.apache.ratis.thirdparty.io.netty.channel.nio.NioEventLoop.processSelectedKeysOptimized(NioEventLoop.java:579)
	at org.apache.ratis.thirdparty.io.netty.channel.nio.NioEventLoop.processSelectedKeys(NioEventLoop.java:496)
	at org.apache.ratis.thirdparty.io.netty.channel.nio.NioEventLoop.run(NioEventLoop.java:458)
	at org.apache.ratis.thirdparty.io.netty.util.concurrent.SingleThreadEventExecutor$5.run(SingleThreadEventExecutor.java:897)
	at org.apache.ratis.thirdparty.io.netty.util.concurrent.FastThreadLocalRunnable.run(FastThreadLocalRunnable.java:30)
	... 1 more
Caused by: java.net.ConnectException: Connection refused
	... 11 more
2019-11-13 16:21:01,246 [grpc-default-executor-3] WARN  server.GrpcLogAppender (LogUtils.java:warn(134)) - d45a2df2-8f38-43ec-9df7-e5c52ac58263@group-8F7AB9145989->285e9247-2161-496e-af81-9a87b6b231d9-AppendLogResponseHandler: Failed appendEntries: org.apache.ratis.thirdparty.io.grpc.StatusRuntimeException: UNAVAILABLE: io exception
2019-11-13 16:21:01,247 [66a098cb-53c0-4f05-8b16-ad76b3c07384@group-F14CED7F129D-LeaderElection96] INFO  impl.RaftServerImpl (RaftServerImpl.java:setRole(173)) - 66a098cb-53c0-4f05-8b16-ad76b3c07384@group-F14CED7F129D: changes role from CANDIDATE to FOLLOWER at term 6 for DISCOVERED_A_NEW_TERM
2019-11-13 16:21:01,247 [66a098cb-53c0-4f05-8b16-ad76b3c07384@group-F14CED7F129D-LeaderElection96] INFO  impl.RoleInfo (RoleInfo.java:shutdownLeaderElection(134)) - 66a098cb-53c0-4f05-8b16-ad76b3c07384: shutdown LeaderElection
2019-11-13 16:21:01,247 [grpc-default-executor-3] INFO  impl.FollowerInfo (FollowerInfo.java:lambda$new$0(51)) - d45a2df2-8f38-43ec-9df7-e5c52ac58263@group-8F7AB9145989->285e9247-2161-496e-af81-9a87b6b231d9: nextIndex: updateUnconditionally 0 -> 0
2019-11-13 16:21:01,248 [66a098cb-53c0-4f05-8b16-ad76b3c07384@group-F14CED7F129D-LeaderElection96] INFO  impl.RoleInfo (RoleInfo.java:updateAndGet(143)) - 66a098cb-53c0-4f05-8b16-ad76b3c07384: start FollowerState
2019-11-13 16:21:01,276 [grpc-default-executor-1] WARN  server.GrpcLogAppender (LogUtils.java:warn(134)) - c8ab3730-25d4-490d-a322-cbffb61abc7d@group-72AFD38E77E4->0d99dfee-4670-49f5-9a57-a4288445f0bf-AppendLogResponseHandler: Failed appendEntries: org.apache.ratis.thirdparty.io.grpc.StatusRuntimeException: UNAVAILABLE: io exception
2019-11-13 16:21:01,276 [grpc-default-executor-1] INFO  impl.FollowerInfo (FollowerInfo.java:lambda$new$0(51)) - c8ab3730-25d4-490d-a322-cbffb61abc7d@group-72AFD38E77E4->0d99dfee-4670-49f5-9a57-a4288445f0bf: nextIndex: updateUnconditionally 0 -> 0
2019-11-13 16:21:01,751 [grpc-default-executor-5] WARN  server.GrpcLogAppender (LogUtils.java:warn(134)) - d45a2df2-8f38-43ec-9df7-e5c52ac58263@group-8F7AB9145989->285e9247-2161-496e-af81-9a87b6b231d9-AppendLogResponseHandler: Failed appendEntries: org.apache.ratis.thirdparty.io.grpc.StatusRuntimeException: UNAVAILABLE: io exception
2019-11-13 16:21:01,752 [grpc-default-executor-5] INFO  impl.FollowerInfo (FollowerInfo.java:lambda$new$0(51)) - d45a2df2-8f38-43ec-9df7-e5c52ac58263@group-8F7AB9145989->285e9247-2161-496e-af81-9a87b6b231d9: nextIndex: updateUnconditionally 0 -> 0
2019-11-13 16:21:01,777 [grpc-default-executor-3] WARN  server.GrpcLogAppender (LogUtils.java:warn(134)) - c8ab3730-25d4-490d-a322-cbffb61abc7d@group-72AFD38E77E4->0d99dfee-4670-49f5-9a57-a4288445f0bf-AppendLogResponseHandler: Failed appendEntries: org.apache.ratis.thirdparty.io.grpc.StatusRuntimeException: UNAVAILABLE: io exception
2019-11-13 16:21:01,777 [grpc-default-executor-3] INFO  impl.FollowerInfo (FollowerInfo.java:lambda$new$0(51)) - c8ab3730-25d4-490d-a322-cbffb61abc7d@group-72AFD38E77E4->0d99dfee-4670-49f5-9a57-a4288445f0bf: nextIndex: updateUnconditionally 0 -> 0
2019-11-13 16:21:01,894 [ForkJoinPool.commonPool-worker-1] INFO  ozoneimpl.OzoneContainer (OzoneContainer.java:stop(244)) - Attempting to stop container services.
2019-11-13 16:21:01,894 [ForkJoinPool.commonPool-worker-1] INFO  impl.RaftServerProxy (RaftServerProxy.java:lambda$close$4(314)) - 23e196cf-bea2-4a46-b492-74457a62baf8: close
2019-11-13 16:21:01,894 [ForkJoinPool.commonPool-worker-1] INFO  impl.RaftServerImpl (RaftServerImpl.java:lambda$shutdown$3(250)) - 23e196cf-bea2-4a46-b492-74457a62baf8@group-FA4B888DC38F: shutdown
2019-11-13 16:21:01,895 [ForkJoinPool.commonPool-worker-1] INFO  util.JmxRegister (JmxRegister.java:unregister(73)) - Successfully un-registered JMX Bean with object name Ratis:service=RaftServer,group=group-FA4B888DC38F,id=23e196cf-bea2-4a46-b492-74457a62baf8
2019-11-13 16:21:01,895 [ForkJoinPool.commonPool-worker-1] INFO  impl.RoleInfo (RoleInfo.java:shutdownLeaderState(104)) - 23e196cf-bea2-4a46-b492-74457a62baf8: shutdown LeaderState
2019-11-13 16:21:01,895 [ForkJoinPool.commonPool-worker-1] INFO  impl.PendingRequests (PendingRequests.java:sendNotLeaderResponses(206)) - 23e196cf-bea2-4a46-b492-74457a62baf8@group-FA4B888DC38F-PendingRequests: sendNotLeaderResponses
2019-11-13 16:21:01,895 [ForkJoinPool.commonPool-worker-1] INFO  impl.StateMachineUpdater (StateMachineUpdater.java:stopAndJoin(136)) - 23e196cf-bea2-4a46-b492-74457a62baf8@group-FA4B888DC38F-StateMachineUpdater: set stopIndex = 0
2019-11-13 16:21:01,896 [ForkJoinPool.commonPool-worker-1] INFO  impl.RaftServerImpl (ServerState.java:close(387)) - 23e196cf-bea2-4a46-b492-74457a62baf8@group-FA4B888DC38F: closes. applyIndex: 0
2019-11-13 16:21:01,896 [23e196cf-bea2-4a46-b492-74457a62baf8@group-FA4B888DC38F-SegmentedRaftLogWorker] INFO  segmented.SegmentedRaftLogWorker (SegmentedRaftLogWorker.java:run(316)) - 23e196cf-bea2-4a46-b492-74457a62baf8@group-FA4B888DC38F-SegmentedRaftLogWorker was interrupted, exiting. There are 0 tasks remaining in the queue.
2019-11-13 16:21:01,898 [ForkJoinPool.commonPool-worker-1] INFO  segmented.SegmentedRaftLogWorker (SegmentedRaftLogWorker.java:close(224)) - 23e196cf-bea2-4a46-b492-74457a62baf8@group-FA4B888DC38F-SegmentedRaftLogWorker close()
2019-11-13 16:21:01,899 [ForkJoinPool.commonPool-worker-1] INFO  impl.RaftServerImpl (RaftServerImpl.java:lambda$shutdown$3(250)) - 23e196cf-bea2-4a46-b492-74457a62baf8@group-72AFD38E77E4: shutdown
2019-11-13 16:21:01,900 [ForkJoinPool.commonPool-worker-1] INFO  util.JmxRegister (JmxRegister.java:unregister(73)) - Successfully un-registered JMX Bean with object name Ratis:service=RaftServer,group=group-72AFD38E77E4,id=23e196cf-bea2-4a46-b492-74457a62baf8
2019-11-13 16:21:01,900 [ForkJoinPool.commonPool-worker-1] INFO  impl.RoleInfo (RoleInfo.java:shutdownFollowerState(121)) - 23e196cf-bea2-4a46-b492-74457a62baf8: shutdown FollowerState
2019-11-13 16:21:01,900 [ForkJoinPool.commonPool-worker-1] INFO  impl.StateMachineUpdater (StateMachineUpdater.java:stopAndJoin(136)) - 23e196cf-bea2-4a46-b492-74457a62baf8@group-72AFD38E77E4-StateMachineUpdater: set stopIndex = 0
2019-11-13 16:21:01,900 [Thread-1560] INFO  impl.FollowerState (FollowerState.java:run(120)) - 23e196cf-bea2-4a46-b492-74457a62baf8@group-72AFD38E77E4-FollowerState was interrupted: java.lang.InterruptedException: sleep interrupted
2019-11-13 16:21:01,900 [ForkJoinPool.commonPool-worker-1] INFO  impl.RaftServerImpl (ServerState.java:close(387)) - 23e196cf-bea2-4a46-b492-74457a62baf8@group-72AFD38E77E4: closes. applyIndex: 0
2019-11-13 16:21:01,901 [23e196cf-bea2-4a46-b492-74457a62baf8@group-72AFD38E77E4-SegmentedRaftLogWorker] INFO  segmented.SegmentedRaftLogWorker (SegmentedRaftLogWorker.java:run(316)) - 23e196cf-bea2-4a46-b492-74457a62baf8@group-72AFD38E77E4-SegmentedRaftLogWorker was interrupted, exiting. There are 0 tasks remaining in the queue.
2019-11-13 16:21:01,902 [ForkJoinPool.commonPool-worker-1] INFO  segmented.SegmentedRaftLogWorker (SegmentedRaftLogWorker.java:close(224)) - 23e196cf-bea2-4a46-b492-74457a62baf8@group-72AFD38E77E4-SegmentedRaftLogWorker close()
2019-11-13 16:21:01,903 [ForkJoinPool.commonPool-worker-1] INFO  server.GrpcService (GrpcService.java:closeImpl(164)) - 23e196cf-bea2-4a46-b492-74457a62baf8: shutdown server with port 43821 now
2019-11-13 16:21:01,904 [grpc-default-executor-5] WARN  server.GrpcServerProtocolService (LogUtils.java:warn(134)) - 23e196cf-bea2-4a46-b492-74457a62baf8: installSnapshot onError, lastRequest: c8ab3730-25d4-490d-a322-cbffb61abc7d->23e196cf-bea2-4a46-b492-74457a62baf8#31-t1, previous=(t:1, i:0), leaderCommit=0, initializing? false, entries: <empty>: org.apache.ratis.thirdparty.io.grpc.StatusRuntimeException: CANCELLED: cancelled before receiving half close
2019-11-13 16:21:01,904 [ForkJoinPool.commonPool-worker-1] INFO  server.GrpcService (GrpcService.java:closeImpl(172)) - 23e196cf-bea2-4a46-b492-74457a62baf8: shutdown server with port 43821 successfully
2019-11-13 16:21:01,904 [grpc-default-executor-1] WARN  server.GrpcLogAppender (LogUtils.java:warn(134)) - c8ab3730-25d4-490d-a322-cbffb61abc7d@group-72AFD38E77E4->23e196cf-bea2-4a46-b492-74457a62baf8-AppendLogResponseHandler: Failed appendEntries: org.apache.ratis.thirdparty.io.grpc.StatusRuntimeException: CANCELLED: HTTP/2 error code: CANCEL
Received Rst Stream
2019-11-13 16:21:01,905 [grpc-default-executor-1] INFO  impl.FollowerInfo (FollowerInfo.java:lambda$new$0(51)) - c8ab3730-25d4-490d-a322-cbffb61abc7d@group-72AFD38E77E4->23e196cf-bea2-4a46-b492-74457a62baf8: nextIndex: updateUnconditionally 1 -> 0
2019-11-13 16:21:01,910 [refreshUsed-/workdir/hadoop-ozone/integration-test/target/test-dir/MiniOzoneClusterImpl-3a974f43-0da0-4ff7-ab4a-31bb81b91875/datanode-4/data/containers] WARN  fs.CachingGetSpaceUsed (CachingGetSpaceUsed.java:run(183)) - Thread Interrupted waiting to refresh disk information: sleep interrupted
2019-11-13 16:21:01,921 [ForkJoinPool.commonPool-worker-1] INFO  utils.BackgroundService (BackgroundService.java:shutdown(151)) - Shutting down service BlockDeletingService
2019-11-13 16:21:01,925 [ForkJoinPool.commonPool-worker-1] INFO  statemachine.DatanodeStateMachine (DatanodeStateMachine.java:stopDaemon(395)) - Ozone container server stopped.
2019-11-13 16:21:01,929 [ForkJoinPool.commonPool-worker-1] INFO  handler.ContextHandler (ContextHandler.java:doStop(910)) - Stopped o.e.j.w.WebAppContext@65f40689{/,null,UNAVAILABLE}{/hddsDatanode}
2019-11-13 16:21:01,930 [ForkJoinPool.commonPool-worker-1] INFO  server.AbstractConnector (AbstractConnector.java:doStop(318)) - Stopped ServerConnector@29be997f{HTTP/1.1,[http/1.1]}{0.0.0.0:0}
2019-11-13 16:21:01,936 [ForkJoinPool.commonPool-worker-1] INFO  handler.ContextHandler (ContextHandler.java:doStop(910)) - Stopped o.e.j.s.ServletContextHandler@b61edb9{/static,jar:file:/home/user/.m2/repository/org/apache/hadoop/hadoop-hdds-container-service/0.5.0-SNAPSHOT/hadoop-hdds-container-service-0.5.0-SNAPSHOT.jar!/webapps/static,UNAVAILABLE}
2019-11-13 16:21:01,936 [ForkJoinPool.commonPool-worker-1] INFO  handler.ContextHandler (ContextHandler.java:doStop(910)) - Stopped o.e.j.s.ServletContextHandler@36ab3814{/logs,file:///workdir/hadoop-ozone/integration-test/target/log,UNAVAILABLE}
2019-11-13 16:21:01,942 [main] INFO  ozoneimpl.OzoneContainer (OzoneContainer.java:stop(244)) - Attempting to stop container services.
2019-11-13 16:21:01,943 [main] INFO  impl.RaftServerProxy (RaftServerProxy.java:lambda$close$4(314)) - d45a2df2-8f38-43ec-9df7-e5c52ac58263: close
2019-11-13 16:21:01,943 [main] INFO  impl.RaftServerImpl (RaftServerImpl.java:lambda$shutdown$3(250)) - d45a2df2-8f38-43ec-9df7-e5c52ac58263@group-CFD20D0CEBC3: shutdown
2019-11-13 16:21:01,943 [main] INFO  util.JmxRegister (JmxRegister.java:unregister(73)) - Successfully un-registered JMX Bean with object name Ratis:service=RaftServer,group=group-CFD20D0CEBC3,id=d45a2df2-8f38-43ec-9df7-e5c52ac58263
2019-11-13 16:21:01,944 [main] INFO  impl.RoleInfo (RoleInfo.java:shutdownLeaderState(104)) - d45a2df2-8f38-43ec-9df7-e5c52ac58263: shutdown LeaderState
2019-11-13 16:21:01,944 [main] INFO  impl.PendingRequests (PendingRequests.java:sendNotLeaderResponses(206)) - d45a2df2-8f38-43ec-9df7-e5c52ac58263@group-CFD20D0CEBC3-PendingRequests: sendNotLeaderResponses
2019-11-13 16:21:01,944 [main] INFO  impl.StateMachineUpdater (StateMachineUpdater.java:stopAndJoin(136)) - d45a2df2-8f38-43ec-9df7-e5c52ac58263@group-CFD20D0CEBC3-StateMachineUpdater: set stopIndex = 0
2019-11-13 16:21:01,945 [main] INFO  impl.RaftServerImpl (ServerState.java:close(387)) - d45a2df2-8f38-43ec-9df7-e5c52ac58263@group-CFD20D0CEBC3: closes. applyIndex: 0
2019-11-13 16:21:01,945 [d45a2df2-8f38-43ec-9df7-e5c52ac58263@group-CFD20D0CEBC3-SegmentedRaftLogWorker] INFO  segmented.SegmentedRaftLogWorker (SegmentedRaftLogWorker.java:run(316)) - d45a2df2-8f38-43ec-9df7-e5c52ac58263@group-CFD20D0CEBC3-SegmentedRaftLogWorker was interrupted, exiting. There are 0 tasks remaining in the queue.
2019-11-13 16:21:01,947 [main] INFO  segmented.SegmentedRaftLogWorker (SegmentedRaftLogWorker.java:close(224)) - d45a2df2-8f38-43ec-9df7-e5c52ac58263@group-CFD20D0CEBC3-SegmentedRaftLogWorker close()
2019-11-13 16:21:01,951 [main] INFO  impl.RaftServerImpl (RaftServerImpl.java:lambda$shutdown$3(250)) - d45a2df2-8f38-43ec-9df7-e5c52ac58263@group-8F7AB9145989: shutdown
2019-11-13 16:21:01,951 [main] INFO  util.JmxRegister (JmxRegister.java:unregister(73)) - Successfully un-registered JMX Bean with object name Ratis:service=RaftServer,group=group-8F7AB9145989,id=d45a2df2-8f38-43ec-9df7-e5c52ac58263
2019-11-13 16:21:01,952 [main] INFO  impl.RoleInfo (RoleInfo.java:shutdownLeaderState(104)) - d45a2df2-8f38-43ec-9df7-e5c52ac58263: shutdown LeaderState
2019-11-13 16:21:01,952 [org.apache.ratis.server.impl.LogAppender$AppenderDaemon$$Lambda$479/1610540024@8a46e23] WARN  server.GrpcLogAppender (GrpcLogAppender.java:mayWait(151)) - d45a2df2-8f38-43ec-9df7-e5c52ac58263@group-8F7AB9145989->285e9247-2161-496e-af81-9a87b6b231d9-GrpcLogAppender: Wait interrupted by java.lang.InterruptedException
2019-11-13 16:21:01,952 [main] INFO  impl.PendingRequests (PendingRequests.java:sendNotLeaderResponses(206)) - d45a2df2-8f38-43ec-9df7-e5c52ac58263@group-8F7AB9145989-PendingRequests: sendNotLeaderResponses
2019-11-13 16:21:01,952 [org.apache.ratis.server.impl.LogAppender$AppenderDaemon$$Lambda$479/1610540024@4da6e153] WARN  server.GrpcLogAppender (GrpcLogAppender.java:mayWait(151)) - d45a2df2-8f38-43ec-9df7-e5c52ac58263@group-8F7AB9145989->a3f5b1ff-5ddb-40c7-8bbd-1ae7c3cdb433-GrpcLogAppender: Wait interrupted by java.lang.InterruptedException
2019-11-13 16:21:01,954 [main] INFO  impl.StateMachineUpdater (StateMachineUpdater.java:stopAndJoin(136)) - d45a2df2-8f38-43ec-9df7-e5c52ac58263@group-8F7AB9145989-StateMachineUpdater: set stopIndex = 4
2019-11-13 16:21:01,954 [grpc-default-executor-5] INFO  server.GrpcServerProtocolService (GrpcServerProtocolService.java:onCompleted(113)) - a3f5b1ff-5ddb-40c7-8bbd-1ae7c3cdb433: Completed APPEND_ENTRIES, lastRequest: d45a2df2-8f38-43ec-9df7-e5c52ac58263->a3f5b1ff-5ddb-40c7-8bbd-1ae7c3cdb433#35-t1, previous=(t:1, i:4), leaderCommit=4, initializing? false, entries: <empty>
2019-11-13 16:21:01,954 [d45a2df2-8f38-43ec-9df7-e5c52ac58263@group-8F7AB9145989-StateMachineUpdater] INFO  ratis.ContainerStateMachine (ContainerStateMachine.java:takeSnapshot(285)) - group-8F7AB9145989: Taking a snapshot at:(t:1, i:4) file /workdir/hadoop-ozone/integration-test/target/test-dir/MiniOzoneClusterImpl-3a974f43-0da0-4ff7-ab4a-31bb81b91875/datanode-8/data/ratis/969f6d63-08fa-4644-989e-8f7ab9145989/sm/snapshot.1_4
2019-11-13 16:21:01,955 [grpc-default-executor-5] INFO  server.GrpcLogAppender (GrpcLogAppender.java:onCompleted(308)) - d45a2df2-8f38-43ec-9df7-e5c52ac58263@group-8F7AB9145989->a3f5b1ff-5ddb-40c7-8bbd-1ae7c3cdb433-AppendLogResponseHandler: follower responses appendEntries COMPLETED
2019-11-13 16:21:01,956 [grpc-default-executor-5] INFO  impl.FollowerInfo (FollowerInfo.java:lambda$new$0(51)) - d45a2df2-8f38-43ec-9df7-e5c52ac58263@group-8F7AB9145989->a3f5b1ff-5ddb-40c7-8bbd-1ae7c3cdb433: nextIndex: updateUnconditionally 5 -> 4
2019-11-13 16:21:01,978 [d45a2df2-8f38-43ec-9df7-e5c52ac58263@group-8F7AB9145989-StateMachineUpdater] INFO  ratis.ContainerStateMachine (ContainerStateMachine.java:takeSnapshot(296)) - group-8F7AB9145989: Finished taking a snapshot at:(t:1, i:4) file:/workdir/hadoop-ozone/integration-test/target/test-dir/MiniOzoneClusterImpl-3a974f43-0da0-4ff7-ab4a-31bb81b91875/datanode-8/data/ratis/969f6d63-08fa-4644-989e-8f7ab9145989/sm/snapshot.1_4 time:24
2019-11-13 16:21:01,979 [d45a2df2-8f38-43ec-9df7-e5c52ac58263@group-8F7AB9145989-StateMachineUpdater] INFO  impl.StateMachineUpdater (StateMachineUpdater.java:takeSnapshot(269)) - d45a2df2-8f38-43ec-9df7-e5c52ac58263@group-8F7AB9145989-StateMachineUpdater: Took a snapshot at index 4
2019-11-13 16:21:01,979 [d45a2df2-8f38-43ec-9df7-e5c52ac58263@group-8F7AB9145989-StateMachineUpdater] INFO  impl.StateMachineUpdater (StateMachineUpdater.java:lambda$new$0(84)) - d45a2df2-8f38-43ec-9df7-e5c52ac58263@group-8F7AB9145989-StateMachineUpdater: snapshotIndex: updateIncreasingly -1 -> 4
2019-11-13 16:21:01,979 [main] INFO  impl.RaftServerImpl (ServerState.java:close(387)) - d45a2df2-8f38-43ec-9df7-e5c52ac58263@group-8F7AB9145989: closes. applyIndex: 4
2019-11-13 16:21:01,980 [d45a2df2-8f38-43ec-9df7-e5c52ac58263@group-8F7AB9145989-SegmentedRaftLogWorker] INFO  segmented.SegmentedRaftLogWorker (SegmentedRaftLogWorker.java:run(316)) - d45a2df2-8f38-43ec-9df7-e5c52ac58263@group-8F7AB9145989-SegmentedRaftLogWorker was interrupted, exiting. There are 0 tasks remaining in the queue.
2019-11-13 16:21:01,980 [main] INFO  segmented.SegmentedRaftLogWorker (SegmentedRaftLogWorker.java:close(224)) - d45a2df2-8f38-43ec-9df7-e5c52ac58263@group-8F7AB9145989-SegmentedRaftLogWorker close()
2019-11-13 16:21:01,981 [main] INFO  server.GrpcService (GrpcService.java:closeImpl(164)) - d45a2df2-8f38-43ec-9df7-e5c52ac58263: shutdown server with port 44126 now
2019-11-13 16:21:01,981 [main] INFO  server.GrpcService (GrpcService.java:closeImpl(172)) - d45a2df2-8f38-43ec-9df7-e5c52ac58263: shutdown server with port 44126 successfully
2019-11-13 16:21:01,986 [refreshUsed-/workdir/hadoop-ozone/integration-test/target/test-dir/MiniOzoneClusterImpl-3a974f43-0da0-4ff7-ab4a-31bb81b91875/datanode-8/data/containers] WARN  fs.CachingGetSpaceUsed (CachingGetSpaceUsed.java:run(183)) - Thread Interrupted waiting to refresh disk information: sleep interrupted
2019-11-13 16:21:01,997 [main] INFO  utils.BackgroundService (BackgroundService.java:shutdown(151)) - Shutting down service BlockDeletingService
2019-11-13 16:21:02,001 [main] INFO  statemachine.DatanodeStateMachine (DatanodeStateMachine.java:stopDaemon(395)) - Ozone container server stopped.
2019-11-13 16:21:02,002 [main] INFO  handler.ContextHandler (ContextHandler.java:doStop(910)) - Stopped o.e.j.w.WebAppContext@760487aa{/,null,UNAVAILABLE}{/hddsDatanode}
2019-11-13 16:21:02,002 [main] INFO  server.AbstractConnector (AbstractConnector.java:doStop(318)) - Stopped ServerConnector@1526f71{HTTP/1.1,[http/1.1]}{0.0.0.0:0}
2019-11-13 16:21:02,003 [main] INFO  handler.ContextHandler (ContextHandler.java:doStop(910)) - Stopped o.e.j.s.ServletContextHandler@51a651c1{/static,jar:file:/home/user/.m2/repository/org/apache/hadoop/hadoop-hdds-container-service/0.5.0-SNAPSHOT/hadoop-hdds-container-service-0.5.0-SNAPSHOT.jar!/webapps/static,UNAVAILABLE}
2019-11-13 16:21:02,003 [main] INFO  handler.ContextHandler (ContextHandler.java:doStop(910)) - Stopped o.e.j.s.ServletContextHandler@55b5cd2b{/logs,file:///workdir/hadoop-ozone/integration-test/target/log,UNAVAILABLE}
2019-11-13 16:21:02,255 [Thread-1737] INFO  impl.FollowerState (FollowerState.java:run(111)) - 66a098cb-53c0-4f05-8b16-ad76b3c07384@group-F14CED7F129D-FollowerState: change to CANDIDATE, lastRpcTime:1007ms, electionTimeout:1007ms
2019-11-13 16:21:02,255 [Thread-1737] INFO  impl.RoleInfo (RoleInfo.java:shutdownFollowerState(121)) - 66a098cb-53c0-4f05-8b16-ad76b3c07384: shutdown FollowerState
2019-11-13 16:21:02,256 [Thread-1737] INFO  impl.RaftServerImpl (RaftServerImpl.java:setRole(173)) - 66a098cb-53c0-4f05-8b16-ad76b3c07384@group-F14CED7F129D: changes role from  FOLLOWER to CANDIDATE at term 6 for changeToCandidate
2019-11-13 16:21:02,256 [Thread-1737] INFO  impl.RoleInfo (RoleInfo.java:updateAndGet(143)) - 66a098cb-53c0-4f05-8b16-ad76b3c07384: start LeaderElection
2019-11-13 16:21:02,277 [grpc-default-executor-5] WARN  server.GrpcLogAppender (LogUtils.java:warn(134)) - c8ab3730-25d4-490d-a322-cbffb61abc7d@group-72AFD38E77E4->0d99dfee-4670-49f5-9a57-a4288445f0bf-AppendLogResponseHandler: Failed appendEntries: org.apache.ratis.thirdparty.io.grpc.StatusRuntimeException: UNAVAILABLE: io exception
2019-11-13 16:21:02,278 [grpc-default-executor-5] INFO  impl.FollowerInfo (FollowerInfo.java:lambda$new$0(51)) - c8ab3730-25d4-490d-a322-cbffb61abc7d@group-72AFD38E77E4->0d99dfee-4670-49f5-9a57-a4288445f0bf: nextIndex: updateUnconditionally 0 -> 0
2019-11-13 16:21:02,279 [66a098cb-53c0-4f05-8b16-ad76b3c07384@group-F14CED7F129D-LeaderElection97] INFO  impl.LeaderElection (LeaderElection.java:askForVotes(178)) - 66a098cb-53c0-4f05-8b16-ad76b3c07384@group-F14CED7F129D-LeaderElection97: begin an election at term 7 for 1: [3fa6b523-0f53-44bb-b345-f5f355eab07b:192.168.69.122:39811, ece9b524-37b5-4407-b642-ea356430eaaa:192.168.69.122:40942, 66a098cb-53c0-4f05-8b16-ad76b3c07384:192.168.69.122:36855], old=null
2019-11-13 16:21:02,280 [66a098cb-53c0-4f05-8b16-ad76b3c07384@group-F14CED7F129D-LeaderElection97] INFO  impl.LeaderElection (LogUtils.java:infoOrTrace(149)) - 66a098cb-53c0-4f05-8b16-ad76b3c07384@group-F14CED7F129D-LeaderElection97 got exception when requesting votes: {}
java.util.concurrent.ExecutionException: org.apache.ratis.thirdparty.io.grpc.StatusRuntimeException: UNAVAILABLE: io exception
	at java.util.concurrent.FutureTask.report(FutureTask.java:122)
	at java.util.concurrent.FutureTask.get(FutureTask.java:192)
	at org.apache.ratis.server.impl.LeaderElection.waitForResults(LeaderElection.java:259)
	at org.apache.ratis.server.impl.LeaderElection.askForVotes(LeaderElection.java:197)
	at org.apache.ratis.server.impl.LeaderElection.run(LeaderElection.java:133)
	at java.lang.Thread.run(Thread.java:748)
Caused by: org.apache.ratis.thirdparty.io.grpc.StatusRuntimeException: UNAVAILABLE: io exception
	at org.apache.ratis.thirdparty.io.grpc.stub.ClientCalls.toStatusRuntimeException(ClientCalls.java:233)
	at org.apache.ratis.thirdparty.io.grpc.stub.ClientCalls.getUnchecked(ClientCalls.java:214)
	at org.apache.ratis.thirdparty.io.grpc.stub.ClientCalls.blockingUnaryCall(ClientCalls.java:139)
	at org.apache.ratis.proto.grpc.RaftServerProtocolServiceGrpc$RaftServerProtocolServiceBlockingStub.requestVote(RaftServerProtocolServiceGrpc.java:265)
	at org.apache.ratis.grpc.server.GrpcServerProtocolClient.requestVote(GrpcServerProtocolClient.java:99)
	at org.apache.ratis.grpc.server.GrpcService.requestVote(GrpcService.java:204)
	at org.apache.ratis.server.impl.LeaderElection.lambda$submitRequests$1(LeaderElection.java:234)
	at java.util.concurrent.FutureTask.run(FutureTask.java:266)
	at java.util.concurrent.Executors$RunnableAdapter.call(Executors.java:511)
	at java.util.concurrent.FutureTask.run(FutureTask.java:266)
	at java.util.concurrent.ThreadPoolExecutor.runWorker(ThreadPoolExecutor.java:1149)
	at java.util.concurrent.ThreadPoolExecutor$Worker.run(ThreadPoolExecutor.java:624)
	... 1 more
Caused by: org.apache.ratis.thirdparty.io.netty.channel.AbstractChannel$AnnotatedConnectException: Connection refused: /192.168.69.122:40942
	at sun.nio.ch.SocketChannelImpl.checkConnect(Native Method)
	at sun.nio.ch.SocketChannelImpl.finishConnect(SocketChannelImpl.java:717)
	at org.apache.ratis.thirdparty.io.netty.channel.socket.nio.NioSocketChannel.doFinishConnect(NioSocketChannel.java:327)
	at org.apache.ratis.thirdparty.io.netty.channel.nio.AbstractNioChannel$AbstractNioUnsafe.finishConnect(AbstractNioChannel.java:340)
	at org.apache.ratis.thirdparty.io.netty.channel.nio.NioEventLoop.processSelectedKey(NioEventLoop.java:632)
	at org.apache.ratis.thirdparty.io.netty.channel.nio.NioEventLoop.processSelectedKeysOptimized(NioEventLoop.java:579)
	at org.apache.ratis.thirdparty.io.netty.channel.nio.NioEventLoop.processSelectedKeys(NioEventLoop.java:496)
	at org.apache.ratis.thirdparty.io.netty.channel.nio.NioEventLoop.run(NioEventLoop.java:458)
	at org.apache.ratis.thirdparty.io.netty.util.concurrent.SingleThreadEventExecutor$5.run(SingleThreadEventExecutor.java:897)
	at org.apache.ratis.thirdparty.io.netty.util.concurrent.FastThreadLocalRunnable.run(FastThreadLocalRunnable.java:30)
	... 1 more
Caused by: java.net.ConnectException: Connection refused
	... 11 more
2019-11-13 16:21:02,281 [66a098cb-53c0-4f05-8b16-ad76b3c07384@group-F14CED7F129D-LeaderElection97] INFO  impl.LeaderElection (LogUtils.java:infoOrTrace(149)) - 66a098cb-53c0-4f05-8b16-ad76b3c07384@group-F14CED7F129D-LeaderElection97 got exception when requesting votes: {}
java.util.concurrent.ExecutionException: org.apache.ratis.thirdparty.io.grpc.StatusRuntimeException: UNAVAILABLE: io exception
	at java.util.concurrent.FutureTask.report(FutureTask.java:122)
	at java.util.concurrent.FutureTask.get(FutureTask.java:192)
	at org.apache.ratis.server.impl.LeaderElection.waitForResults(LeaderElection.java:259)
	at org.apache.ratis.server.impl.LeaderElection.askForVotes(LeaderElection.java:197)
	at org.apache.ratis.server.impl.LeaderElection.run(LeaderElection.java:133)
	at java.lang.Thread.run(Thread.java:748)
Caused by: org.apache.ratis.thirdparty.io.grpc.StatusRuntimeException: UNAVAILABLE: io exception
	at org.apache.ratis.thirdparty.io.grpc.stub.ClientCalls.toStatusRuntimeException(ClientCalls.java:233)
	at org.apache.ratis.thirdparty.io.grpc.stub.ClientCalls.getUnchecked(ClientCalls.java:214)
	at org.apache.ratis.thirdparty.io.grpc.stub.ClientCalls.blockingUnaryCall(ClientCalls.java:139)
	at org.apache.ratis.proto.grpc.RaftServerProtocolServiceGrpc$RaftServerProtocolServiceBlockingStub.requestVote(RaftServerProtocolServiceGrpc.java:265)
	at org.apache.ratis.grpc.server.GrpcServerProtocolClient.requestVote(GrpcServerProtocolClient.java:99)
	at org.apache.ratis.grpc.server.GrpcService.requestVote(GrpcService.java:204)
	at org.apache.ratis.server.impl.LeaderElection.lambda$submitRequests$1(LeaderElection.java:234)
	at java.util.concurrent.FutureTask.run(FutureTask.java:266)
	at java.util.concurrent.Executors$RunnableAdapter.call(Executors.java:511)
	at java.util.concurrent.FutureTask.run(FutureTask.java:266)
	at java.util.concurrent.ThreadPoolExecutor.runWorker(ThreadPoolExecutor.java:1149)
	at java.util.concurrent.ThreadPoolExecutor$Worker.run(ThreadPoolExecutor.java:624)
	... 1 more
Caused by: org.apache.ratis.thirdparty.io.netty.channel.AbstractChannel$AnnotatedConnectException: Connection refused: /192.168.69.122:39811
	at sun.nio.ch.SocketChannelImpl.checkConnect(Native Method)
	at sun.nio.ch.SocketChannelImpl.finishConnect(SocketChannelImpl.java:717)
	at org.apache.ratis.thirdparty.io.netty.channel.socket.nio.NioSocketChannel.doFinishConnect(NioSocketChannel.java:327)
	at org.apache.ratis.thirdparty.io.netty.channel.nio.AbstractNioChannel$AbstractNioUnsafe.finishConnect(AbstractNioChannel.java:340)
	at org.apache.ratis.thirdparty.io.netty.channel.nio.NioEventLoop.processSelectedKey(NioEventLoop.java:632)
	at org.apache.ratis.thirdparty.io.netty.channel.nio.NioEventLoop.processSelectedKeysOptimized(NioEventLoop.java:579)
	at org.apache.ratis.thirdparty.io.netty.channel.nio.NioEventLoop.processSelectedKeys(NioEventLoop.java:496)
	at org.apache.ratis.thirdparty.io.netty.channel.nio.NioEventLoop.run(NioEventLoop.java:458)
	at org.apache.ratis.thirdparty.io.netty.util.concurrent.SingleThreadEventExecutor$5.run(SingleThreadEventExecutor.java:897)
	at org.apache.ratis.thirdparty.io.netty.util.concurrent.FastThreadLocalRunnable.run(FastThreadLocalRunnable.java:30)
	... 1 more
Caused by: java.net.ConnectException: Connection refused
	... 11 more
2019-11-13 16:21:02,281 [66a098cb-53c0-4f05-8b16-ad76b3c07384@group-F14CED7F129D-LeaderElection97] INFO  impl.LeaderElection (LeaderElection.java:logAndReturn(56)) - 66a098cb-53c0-4f05-8b16-ad76b3c07384@group-F14CED7F129D-LeaderElection97: Election REJECTED; received 0 response(s) [] and 2 exception(s); 66a098cb-53c0-4f05-8b16-ad76b3c07384@group-F14CED7F129D:t7, leader=null, voted=66a098cb-53c0-4f05-8b16-ad76b3c07384, raftlog=66a098cb-53c0-4f05-8b16-ad76b3c07384@group-F14CED7F129D-SegmentedRaftLog:OPENED:c2,f2,i2, conf=1: [3fa6b523-0f53-44bb-b345-f5f355eab07b:192.168.69.122:39811, ece9b524-37b5-4407-b642-ea356430eaaa:192.168.69.122:40942, 66a098cb-53c0-4f05-8b16-ad76b3c07384:192.168.69.122:36855], old=null
2019-11-13 16:21:02,281 [66a098cb-53c0-4f05-8b16-ad76b3c07384@group-F14CED7F129D-LeaderElection97] INFO  impl.LeaderElection (LogUtils.java:infoOrTrace(149)) -   Exception 0: {}
java.util.concurrent.ExecutionException: org.apache.ratis.thirdparty.io.grpc.StatusRuntimeException: UNAVAILABLE: io exception
	at java.util.concurrent.FutureTask.report(FutureTask.java:122)
	at java.util.concurrent.FutureTask.get(FutureTask.java:192)
	at org.apache.ratis.server.impl.LeaderElection.waitForResults(LeaderElection.java:259)
	at org.apache.ratis.server.impl.LeaderElection.askForVotes(LeaderElection.java:197)
	at org.apache.ratis.server.impl.LeaderElection.run(LeaderElection.java:133)
	at java.lang.Thread.run(Thread.java:748)
Caused by: org.apache.ratis.thirdparty.io.grpc.StatusRuntimeException: UNAVAILABLE: io exception
	at org.apache.ratis.thirdparty.io.grpc.stub.ClientCalls.toStatusRuntimeException(ClientCalls.java:233)
	at org.apache.ratis.thirdparty.io.grpc.stub.ClientCalls.getUnchecked(ClientCalls.java:214)
	at org.apache.ratis.thirdparty.io.grpc.stub.ClientCalls.blockingUnaryCall(ClientCalls.java:139)
	at org.apache.ratis.proto.grpc.RaftServerProtocolServiceGrpc$RaftServerProtocolServiceBlockingStub.requestVote(RaftServerProtocolServiceGrpc.java:265)
	at org.apache.ratis.grpc.server.GrpcServerProtocolClient.requestVote(GrpcServerProtocolClient.java:99)
	at org.apache.ratis.grpc.server.GrpcService.requestVote(GrpcService.java:204)
	at org.apache.ratis.server.impl.LeaderElection.lambda$submitRequests$1(LeaderElection.java:234)
	at java.util.concurrent.FutureTask.run(FutureTask.java:266)
	at java.util.concurrent.Executors$RunnableAdapter.call(Executors.java:511)
	at java.util.concurrent.FutureTask.run(FutureTask.java:266)
	at java.util.concurrent.ThreadPoolExecutor.runWorker(ThreadPoolExecutor.java:1149)
	at java.util.concurrent.ThreadPoolExecutor$Worker.run(ThreadPoolExecutor.java:624)
	... 1 more
Caused by: org.apache.ratis.thirdparty.io.netty.channel.AbstractChannel$AnnotatedConnectException: Connection refused: /192.168.69.122:40942
	at sun.nio.ch.SocketChannelImpl.checkConnect(Native Method)
	at sun.nio.ch.SocketChannelImpl.finishConnect(SocketChannelImpl.java:717)
	at org.apache.ratis.thirdparty.io.netty.channel.socket.nio.NioSocketChannel.doFinishConnect(NioSocketChannel.java:327)
	at org.apache.ratis.thirdparty.io.netty.channel.nio.AbstractNioChannel$AbstractNioUnsafe.finishConnect(AbstractNioChannel.java:340)
	at org.apache.ratis.thirdparty.io.netty.channel.nio.NioEventLoop.processSelectedKey(NioEventLoop.java:632)
	at org.apache.ratis.thirdparty.io.netty.channel.nio.NioEventLoop.processSelectedKeysOptimized(NioEventLoop.java:579)
	at org.apache.ratis.thirdparty.io.netty.channel.nio.NioEventLoop.processSelectedKeys(NioEventLoop.java:496)
	at org.apache.ratis.thirdparty.io.netty.channel.nio.NioEventLoop.run(NioEventLoop.java:458)
	at org.apache.ratis.thirdparty.io.netty.util.concurrent.SingleThreadEventExecutor$5.run(SingleThreadEventExecutor.java:897)
	at org.apache.ratis.thirdparty.io.netty.util.concurrent.FastThreadLocalRunnable.run(FastThreadLocalRunnable.java:30)
	... 1 more
Caused by: java.net.ConnectException: Connection refused
	... 11 more
2019-11-13 16:21:02,281 [66a098cb-53c0-4f05-8b16-ad76b3c07384@group-F14CED7F129D-LeaderElection97] INFO  impl.LeaderElection (LogUtils.java:infoOrTrace(149)) -   Exception 1: {}
java.util.concurrent.ExecutionException: org.apache.ratis.thirdparty.io.grpc.StatusRuntimeException: UNAVAILABLE: io exception
	at java.util.concurrent.FutureTask.report(FutureTask.java:122)
	at java.util.concurrent.FutureTask.get(FutureTask.java:192)
	at org.apache.ratis.server.impl.LeaderElection.waitForResults(LeaderElection.java:259)
	at org.apache.ratis.server.impl.LeaderElection.askForVotes(LeaderElection.java:197)
	at org.apache.ratis.server.impl.LeaderElection.run(LeaderElection.java:133)
	at java.lang.Thread.run(Thread.java:748)
Caused by: org.apache.ratis.thirdparty.io.grpc.StatusRuntimeException: UNAVAILABLE: io exception
	at org.apache.ratis.thirdparty.io.grpc.stub.ClientCalls.toStatusRuntimeException(ClientCalls.java:233)
	at org.apache.ratis.thirdparty.io.grpc.stub.ClientCalls.getUnchecked(ClientCalls.java:214)
	at org.apache.ratis.thirdparty.io.grpc.stub.ClientCalls.blockingUnaryCall(ClientCalls.java:139)
	at org.apache.ratis.proto.grpc.RaftServerProtocolServiceGrpc$RaftServerProtocolServiceBlockingStub.requestVote(RaftServerProtocolServiceGrpc.java:265)
	at org.apache.ratis.grpc.server.GrpcServerProtocolClient.requestVote(GrpcServerProtocolClient.java:99)
	at org.apache.ratis.grpc.server.GrpcService.requestVote(GrpcService.java:204)
	at org.apache.ratis.server.impl.LeaderElection.lambda$submitRequests$1(LeaderElection.java:234)
	at java.util.concurrent.FutureTask.run(FutureTask.java:266)
	at java.util.concurrent.Executors$RunnableAdapter.call(Executors.java:511)
	at java.util.concurrent.FutureTask.run(FutureTask.java:266)
	at java.util.concurrent.ThreadPoolExecutor.runWorker(ThreadPoolExecutor.java:1149)
	at java.util.concurrent.ThreadPoolExecutor$Worker.run(ThreadPoolExecutor.java:624)
	... 1 more
Caused by: org.apache.ratis.thirdparty.io.netty.channel.AbstractChannel$AnnotatedConnectException: Connection refused: /192.168.69.122:39811
	at sun.nio.ch.SocketChannelImpl.checkConnect(Native Method)
	at sun.nio.ch.SocketChannelImpl.finishConnect(SocketChannelImpl.java:717)
	at org.apache.ratis.thirdparty.io.netty.channel.socket.nio.NioSocketChannel.doFinishConnect(NioSocketChannel.java:327)
	at org.apache.ratis.thirdparty.io.netty.channel.nio.AbstractNioChannel$AbstractNioUnsafe.finishConnect(AbstractNioChannel.java:340)
	at org.apache.ratis.thirdparty.io.netty.channel.nio.NioEventLoop.processSelectedKey(NioEventLoop.java:632)
	at org.apache.ratis.thirdparty.io.netty.channel.nio.NioEventLoop.processSelectedKeysOptimized(NioEventLoop.java:579)
	at org.apache.ratis.thirdparty.io.netty.channel.nio.NioEventLoop.processSelectedKeys(NioEventLoop.java:496)
	at org.apache.ratis.thirdparty.io.netty.channel.nio.NioEventLoop.run(NioEventLoop.java:458)
	at org.apache.ratis.thirdparty.io.netty.util.concurrent.SingleThreadEventExecutor$5.run(SingleThreadEventExecutor.java:897)
	at org.apache.ratis.thirdparty.io.netty.util.concurrent.FastThreadLocalRunnable.run(FastThreadLocalRunnable.java:30)
	... 1 more
Caused by: java.net.ConnectException: Connection refused
	... 11 more
2019-11-13 16:21:02,282 [66a098cb-53c0-4f05-8b16-ad76b3c07384@group-F14CED7F129D-LeaderElection97] INFO  impl.RaftServerImpl (RaftServerImpl.java:setRole(173)) - 66a098cb-53c0-4f05-8b16-ad76b3c07384@group-F14CED7F129D: changes role from CANDIDATE to FOLLOWER at term 7 for DISCOVERED_A_NEW_TERM
2019-11-13 16:21:02,282 [66a098cb-53c0-4f05-8b16-ad76b3c07384@group-F14CED7F129D-LeaderElection97] INFO  impl.RoleInfo (RoleInfo.java:shutdownLeaderElection(134)) - 66a098cb-53c0-4f05-8b16-ad76b3c07384: shutdown LeaderElection
2019-11-13 16:21:02,282 [66a098cb-53c0-4f05-8b16-ad76b3c07384@group-F14CED7F129D-LeaderElection97] INFO  impl.RoleInfo (RoleInfo.java:updateAndGet(143)) - 66a098cb-53c0-4f05-8b16-ad76b3c07384: start FollowerState
2019-11-13 16:21:02,336 [grpc-default-executor-3] WARN  server.GrpcLogAppender (LogUtils.java:warn(134)) - c8ab3730-25d4-490d-a322-cbffb61abc7d@group-72AFD38E77E4->23e196cf-bea2-4a46-b492-74457a62baf8-AppendLogResponseHandler: Failed appendEntries: org.apache.ratis.thirdparty.io.grpc.StatusRuntimeException: UNAVAILABLE: io exception
2019-11-13 16:21:02,336 [grpc-default-executor-3] INFO  impl.FollowerInfo (FollowerInfo.java:lambda$new$0(51)) - c8ab3730-25d4-490d-a322-cbffb61abc7d@group-72AFD38E77E4->23e196cf-bea2-4a46-b492-74457a62baf8: nextIndex: updateUnconditionally 0 -> 0
2019-11-13 16:21:02,630 [Datanode State Machine Thread - 0] INFO  statemachine.DatanodeStateMachine (DatanodeStateMachine.java:lambda$startDaemon$0(350)) - Ozone container server started.
2019-11-13 16:21:02,778 [grpc-default-executor-1] WARN  server.GrpcLogAppender (LogUtils.java:warn(134)) - c8ab3730-25d4-490d-a322-cbffb61abc7d@group-72AFD38E77E4->0d99dfee-4670-49f5-9a57-a4288445f0bf-AppendLogResponseHandler: Failed appendEntries: org.apache.ratis.thirdparty.io.grpc.StatusRuntimeException: UNAVAILABLE: io exception
2019-11-13 16:21:02,778 [grpc-default-executor-1] INFO  impl.FollowerInfo (FollowerInfo.java:lambda$new$0(51)) - c8ab3730-25d4-490d-a322-cbffb61abc7d@group-72AFD38E77E4->0d99dfee-4670-49f5-9a57-a4288445f0bf: nextIndex: updateUnconditionally 0 -> 0
2019-11-13 16:21:02,836 [grpc-default-executor-3] WARN  server.GrpcLogAppender (LogUtils.java:warn(134)) - c8ab3730-25d4-490d-a322-cbffb61abc7d@group-72AFD38E77E4->23e196cf-bea2-4a46-b492-74457a62baf8-AppendLogResponseHandler: Failed appendEntries: org.apache.ratis.thirdparty.io.grpc.StatusRuntimeException: UNAVAILABLE: io exception
2019-11-13 16:21:02,837 [grpc-default-executor-3] INFO  impl.FollowerInfo (FollowerInfo.java:lambda$new$0(51)) - c8ab3730-25d4-490d-a322-cbffb61abc7d@group-72AFD38E77E4->23e196cf-bea2-4a46-b492-74457a62baf8: nextIndex: updateUnconditionally 0 -> 0
2019-11-13 16:21:02,926 [Datanode State Machine Thread - 0] INFO  statemachine.DatanodeStateMachine (DatanodeStateMachine.java:lambda$startDaemon$0(350)) - Ozone container server started.
2019-11-13 16:21:03,150 [Thread-1534] INFO  impl.FollowerState (FollowerState.java:run(111)) - a3f5b1ff-5ddb-40c7-8bbd-1ae7c3cdb433@group-8F7AB9145989-FollowerState: change to CANDIDATE, lastRpcTime:1380ms, electionTimeout:1128ms
2019-11-13 16:21:03,150 [Thread-1534] INFO  impl.RoleInfo (RoleInfo.java:shutdownFollowerState(121)) - a3f5b1ff-5ddb-40c7-8bbd-1ae7c3cdb433: shutdown FollowerState
2019-11-13 16:21:03,150 [Thread-1534] INFO  impl.RaftServerImpl (RaftServerImpl.java:setRole(173)) - a3f5b1ff-5ddb-40c7-8bbd-1ae7c3cdb433@group-8F7AB9145989: changes role from  FOLLOWER to CANDIDATE at term 1 for changeToCandidate
2019-11-13 16:21:03,150 [Thread-1534] INFO  impl.RoleInfo (RoleInfo.java:updateAndGet(143)) - a3f5b1ff-5ddb-40c7-8bbd-1ae7c3cdb433: start LeaderElection
2019-11-13 16:21:03,151 [a3f5b1ff-5ddb-40c7-8bbd-1ae7c3cdb433@group-8F7AB9145989-LeaderElection98] INFO  impl.RaftServerImpl (ServerState.java:setLeader(255)) - a3f5b1ff-5ddb-40c7-8bbd-1ae7c3cdb433@group-8F7AB9145989: change Leader from d45a2df2-8f38-43ec-9df7-e5c52ac58263 to null at term 1 for initElection
2019-11-13 16:21:03,175 [a3f5b1ff-5ddb-40c7-8bbd-1ae7c3cdb433@group-8F7AB9145989-LeaderElection98] INFO  impl.LeaderElection (LeaderElection.java:askForVotes(178)) - a3f5b1ff-5ddb-40c7-8bbd-1ae7c3cdb433@group-8F7AB9145989-LeaderElection98: begin an election at term 2 for 0: [d45a2df2-8f38-43ec-9df7-e5c52ac58263:192.168.69.122:44126, 285e9247-2161-496e-af81-9a87b6b231d9:192.168.69.122:38616, a3f5b1ff-5ddb-40c7-8bbd-1ae7c3cdb433:192.168.69.122:40390], old=null
2019-11-13 16:21:03,178 [a3f5b1ff-5ddb-40c7-8bbd-1ae7c3cdb433@group-8F7AB9145989-LeaderElection98] INFO  impl.LeaderElection (LogUtils.java:infoOrTrace(149)) - a3f5b1ff-5ddb-40c7-8bbd-1ae7c3cdb433@group-8F7AB9145989-LeaderElection98 got exception when requesting votes: {}
java.util.concurrent.ExecutionException: org.apache.ratis.thirdparty.io.grpc.StatusRuntimeException: UNAVAILABLE: io exception
	at java.util.concurrent.FutureTask.report(FutureTask.java:122)
	at java.util.concurrent.FutureTask.get(FutureTask.java:192)
	at org.apache.ratis.server.impl.LeaderElection.waitForResults(LeaderElection.java:259)
	at org.apache.ratis.server.impl.LeaderElection.askForVotes(LeaderElection.java:197)
	at org.apache.ratis.server.impl.LeaderElection.run(LeaderElection.java:133)
	at java.lang.Thread.run(Thread.java:748)
Caused by: org.apache.ratis.thirdparty.io.grpc.StatusRuntimeException: UNAVAILABLE: io exception
	at org.apache.ratis.thirdparty.io.grpc.stub.ClientCalls.toStatusRuntimeException(ClientCalls.java:233)
	at org.apache.ratis.thirdparty.io.grpc.stub.ClientCalls.getUnchecked(ClientCalls.java:214)
	at org.apache.ratis.thirdparty.io.grpc.stub.ClientCalls.blockingUnaryCall(ClientCalls.java:139)
	at org.apache.ratis.proto.grpc.RaftServerProtocolServiceGrpc$RaftServerProtocolServiceBlockingStub.requestVote(RaftServerProtocolServiceGrpc.java:265)
	at org.apache.ratis.grpc.server.GrpcServerProtocolClient.requestVote(GrpcServerProtocolClient.java:99)
	at org.apache.ratis.grpc.server.GrpcService.requestVote(GrpcService.java:204)
	at org.apache.ratis.server.impl.LeaderElection.lambda$submitRequests$1(LeaderElection.java:234)
	at java.util.concurrent.FutureTask.run(FutureTask.java:266)
	at java.util.concurrent.Executors$RunnableAdapter.call(Executors.java:511)
	at java.util.concurrent.FutureTask.run(FutureTask.java:266)
	at java.util.concurrent.ThreadPoolExecutor.runWorker(ThreadPoolExecutor.java:1149)
	at java.util.concurrent.ThreadPoolExecutor$Worker.run(ThreadPoolExecutor.java:624)
	... 1 more
Caused by: org.apache.ratis.thirdparty.io.netty.channel.AbstractChannel$AnnotatedConnectException: Connection refused: /192.168.69.122:44126
	at sun.nio.ch.SocketChannelImpl.checkConnect(Native Method)
	at sun.nio.ch.SocketChannelImpl.finishConnect(SocketChannelImpl.java:717)
	at org.apache.ratis.thirdparty.io.netty.channel.socket.nio.NioSocketChannel.doFinishConnect(NioSocketChannel.java:327)
	at org.apache.ratis.thirdparty.io.netty.channel.nio.AbstractNioChannel$AbstractNioUnsafe.finishConnect(AbstractNioChannel.java:340)
	at org.apache.ratis.thirdparty.io.netty.channel.nio.NioEventLoop.processSelectedKey(NioEventLoop.java:632)
	at org.apache.ratis.thirdparty.io.netty.channel.nio.NioEventLoop.processSelectedKeysOptimized(NioEventLoop.java:579)
	at org.apache.ratis.thirdparty.io.netty.channel.nio.NioEventLoop.processSelectedKeys(NioEventLoop.java:496)
	at org.apache.ratis.thirdparty.io.netty.channel.nio.NioEventLoop.run(NioEventLoop.java:458)
	at org.apache.ratis.thirdparty.io.netty.util.concurrent.SingleThreadEventExecutor$5.run(SingleThreadEventExecutor.java:897)
	at org.apache.ratis.thirdparty.io.netty.util.concurrent.FastThreadLocalRunnable.run(FastThreadLocalRunnable.java:30)
	... 1 more
Caused by: java.net.ConnectException: Connection refused
	... 11 more
2019-11-13 16:21:03,179 [a3f5b1ff-5ddb-40c7-8bbd-1ae7c3cdb433@group-8F7AB9145989-LeaderElection98] INFO  impl.LeaderElection (LogUtils.java:infoOrTrace(149)) - a3f5b1ff-5ddb-40c7-8bbd-1ae7c3cdb433@group-8F7AB9145989-LeaderElection98 got exception when requesting votes: {}
java.util.concurrent.ExecutionException: org.apache.ratis.thirdparty.io.grpc.StatusRuntimeException: UNAVAILABLE: io exception
	at java.util.concurrent.FutureTask.report(FutureTask.java:122)
	at java.util.concurrent.FutureTask.get(FutureTask.java:192)
	at org.apache.ratis.server.impl.LeaderElection.waitForResults(LeaderElection.java:259)
	at org.apache.ratis.server.impl.LeaderElection.askForVotes(LeaderElection.java:197)
	at org.apache.ratis.server.impl.LeaderElection.run(LeaderElection.java:133)
	at java.lang.Thread.run(Thread.java:748)
Caused by: org.apache.ratis.thirdparty.io.grpc.StatusRuntimeException: UNAVAILABLE: io exception
	at org.apache.ratis.thirdparty.io.grpc.stub.ClientCalls.toStatusRuntimeException(ClientCalls.java:233)
	at org.apache.ratis.thirdparty.io.grpc.stub.ClientCalls.getUnchecked(ClientCalls.java:214)
	at org.apache.ratis.thirdparty.io.grpc.stub.ClientCalls.blockingUnaryCall(ClientCalls.java:139)
	at org.apache.ratis.proto.grpc.RaftServerProtocolServiceGrpc$RaftServerProtocolServiceBlockingStub.requestVote(RaftServerProtocolServiceGrpc.java:265)
	at org.apache.ratis.grpc.server.GrpcServerProtocolClient.requestVote(GrpcServerProtocolClient.java:99)
	at org.apache.ratis.grpc.server.GrpcService.requestVote(GrpcService.java:204)
	at org.apache.ratis.server.impl.LeaderElection.lambda$submitRequests$1(LeaderElection.java:234)
	at java.util.concurrent.FutureTask.run(FutureTask.java:266)
	at java.util.concurrent.Executors$RunnableAdapter.call(Executors.java:511)
	at java.util.concurrent.FutureTask.run(FutureTask.java:266)
	at java.util.concurrent.ThreadPoolExecutor.runWorker(ThreadPoolExecutor.java:1149)
	at java.util.concurrent.ThreadPoolExecutor$Worker.run(ThreadPoolExecutor.java:624)
	... 1 more
Caused by: org.apache.ratis.thirdparty.io.netty.channel.AbstractChannel$AnnotatedConnectException: Connection refused: /192.168.69.122:38616
	at sun.nio.ch.SocketChannelImpl.checkConnect(Native Method)
	at sun.nio.ch.SocketChannelImpl.finishConnect(SocketChannelImpl.java:717)
	at org.apache.ratis.thirdparty.io.netty.channel.socket.nio.NioSocketChannel.doFinishConnect(NioSocketChannel.java:327)
	at org.apache.ratis.thirdparty.io.netty.channel.nio.AbstractNioChannel$AbstractNioUnsafe.finishConnect(AbstractNioChannel.java:340)
	at org.apache.ratis.thirdparty.io.netty.channel.nio.NioEventLoop.processSelectedKey(NioEventLoop.java:632)
	at org.apache.ratis.thirdparty.io.netty.channel.nio.NioEventLoop.processSelectedKeysOptimized(NioEventLoop.java:579)
	at org.apache.ratis.thirdparty.io.netty.channel.nio.NioEventLoop.processSelectedKeys(NioEventLoop.java:496)
	at org.apache.ratis.thirdparty.io.netty.channel.nio.NioEventLoop.run(NioEventLoop.java:458)
	at org.apache.ratis.thirdparty.io.netty.util.concurrent.SingleThreadEventExecutor$5.run(SingleThreadEventExecutor.java:897)
	at org.apache.ratis.thirdparty.io.netty.util.concurrent.FastThreadLocalRunnable.run(FastThreadLocalRunnable.java:30)
	... 1 more
Caused by: java.net.ConnectException: Connection refused
	... 11 more
2019-11-13 16:21:03,180 [a3f5b1ff-5ddb-40c7-8bbd-1ae7c3cdb433@group-8F7AB9145989-LeaderElection98] INFO  impl.LeaderElection (LeaderElection.java:logAndReturn(56)) - a3f5b1ff-5ddb-40c7-8bbd-1ae7c3cdb433@group-8F7AB9145989-LeaderElection98: Election REJECTED; received 0 response(s) [] and 2 exception(s); a3f5b1ff-5ddb-40c7-8bbd-1ae7c3cdb433@group-8F7AB9145989:t2, leader=null, voted=a3f5b1ff-5ddb-40c7-8bbd-1ae7c3cdb433, raftlog=a3f5b1ff-5ddb-40c7-8bbd-1ae7c3cdb433@group-8F7AB9145989-SegmentedRaftLog:OPENED:c4,f4,i4, conf=0: [d45a2df2-8f38-43ec-9df7-e5c52ac58263:192.168.69.122:44126, 285e9247-2161-496e-af81-9a87b6b231d9:192.168.69.122:38616, a3f5b1ff-5ddb-40c7-8bbd-1ae7c3cdb433:192.168.69.122:40390], old=null
2019-11-13 16:21:03,180 [a3f5b1ff-5ddb-40c7-8bbd-1ae7c3cdb433@group-8F7AB9145989-LeaderElection98] INFO  impl.LeaderElection (LogUtils.java:infoOrTrace(149)) -   Exception 0: {}
java.util.concurrent.ExecutionException: org.apache.ratis.thirdparty.io.grpc.StatusRuntimeException: UNAVAILABLE: io exception
	at java.util.concurrent.FutureTask.report(FutureTask.java:122)
	at java.util.concurrent.FutureTask.get(FutureTask.java:192)
	at org.apache.ratis.server.impl.LeaderElection.waitForResults(LeaderElection.java:259)
	at org.apache.ratis.server.impl.LeaderElection.askForVotes(LeaderElection.java:197)
	at org.apache.ratis.server.impl.LeaderElection.run(LeaderElection.java:133)
	at java.lang.Thread.run(Thread.java:748)
Caused by: org.apache.ratis.thirdparty.io.grpc.StatusRuntimeException: UNAVAILABLE: io exception
	at org.apache.ratis.thirdparty.io.grpc.stub.ClientCalls.toStatusRuntimeException(ClientCalls.java:233)
	at org.apache.ratis.thirdparty.io.grpc.stub.ClientCalls.getUnchecked(ClientCalls.java:214)
	at org.apache.ratis.thirdparty.io.grpc.stub.ClientCalls.blockingUnaryCall(ClientCalls.java:139)
	at org.apache.ratis.proto.grpc.RaftServerProtocolServiceGrpc$RaftServerProtocolServiceBlockingStub.requestVote(RaftServerProtocolServiceGrpc.java:265)
	at org.apache.ratis.grpc.server.GrpcServerProtocolClient.requestVote(GrpcServerProtocolClient.java:99)
	at org.apache.ratis.grpc.server.GrpcService.requestVote(GrpcService.java:204)
	at org.apache.ratis.server.impl.LeaderElection.lambda$submitRequests$1(LeaderElection.java:234)
	at java.util.concurrent.FutureTask.run(FutureTask.java:266)
	at java.util.concurrent.Executors$RunnableAdapter.call(Executors.java:511)
	at java.util.concurrent.FutureTask.run(FutureTask.java:266)
	at java.util.concurrent.ThreadPoolExecutor.runWorker(ThreadPoolExecutor.java:1149)
	at java.util.concurrent.ThreadPoolExecutor$Worker.run(ThreadPoolExecutor.java:624)
	... 1 more
Caused by: org.apache.ratis.thirdparty.io.netty.channel.AbstractChannel$AnnotatedConnectException: Connection refused: /192.168.69.122:44126
	at sun.nio.ch.SocketChannelImpl.checkConnect(Native Method)
	at sun.nio.ch.SocketChannelImpl.finishConnect(SocketChannelImpl.java:717)
	at org.apache.ratis.thirdparty.io.netty.channel.socket.nio.NioSocketChannel.doFinishConnect(NioSocketChannel.java:327)
	at org.apache.ratis.thirdparty.io.netty.channel.nio.AbstractNioChannel$AbstractNioUnsafe.finishConnect(AbstractNioChannel.java:340)
	at org.apache.ratis.thirdparty.io.netty.channel.nio.NioEventLoop.processSelectedKey(NioEventLoop.java:632)
	at org.apache.ratis.thirdparty.io.netty.channel.nio.NioEventLoop.processSelectedKeysOptimized(NioEventLoop.java:579)
	at org.apache.ratis.thirdparty.io.netty.channel.nio.NioEventLoop.processSelectedKeys(NioEventLoop.java:496)
	at org.apache.ratis.thirdparty.io.netty.channel.nio.NioEventLoop.run(NioEventLoop.java:458)
	at org.apache.ratis.thirdparty.io.netty.util.concurrent.SingleThreadEventExecutor$5.run(SingleThreadEventExecutor.java:897)
	at org.apache.ratis.thirdparty.io.netty.util.concurrent.FastThreadLocalRunnable.run(FastThreadLocalRunnable.java:30)
	... 1 more
Caused by: java.net.ConnectException: Connection refused
	... 11 more
2019-11-13 16:21:03,180 [a3f5b1ff-5ddb-40c7-8bbd-1ae7c3cdb433@group-8F7AB9145989-LeaderElection98] INFO  impl.LeaderElection (LogUtils.java:infoOrTrace(149)) -   Exception 1: {}
java.util.concurrent.ExecutionException: org.apache.ratis.thirdparty.io.grpc.StatusRuntimeException: UNAVAILABLE: io exception
	at java.util.concurrent.FutureTask.report(FutureTask.java:122)
	at java.util.concurrent.FutureTask.get(FutureTask.java:192)
	at org.apache.ratis.server.impl.LeaderElection.waitForResults(LeaderElection.java:259)
	at org.apache.ratis.server.impl.LeaderElection.askForVotes(LeaderElection.java:197)
	at org.apache.ratis.server.impl.LeaderElection.run(LeaderElection.java:133)
	at java.lang.Thread.run(Thread.java:748)
Caused by: org.apache.ratis.thirdparty.io.grpc.StatusRuntimeException: UNAVAILABLE: io exception
	at org.apache.ratis.thirdparty.io.grpc.stub.ClientCalls.toStatusRuntimeException(ClientCalls.java:233)
	at org.apache.ratis.thirdparty.io.grpc.stub.ClientCalls.getUnchecked(ClientCalls.java:214)
	at org.apache.ratis.thirdparty.io.grpc.stub.ClientCalls.blockingUnaryCall(ClientCalls.java:139)
	at org.apache.ratis.proto.grpc.RaftServerProtocolServiceGrpc$RaftServerProtocolServiceBlockingStub.requestVote(RaftServerProtocolServiceGrpc.java:265)
	at org.apache.ratis.grpc.server.GrpcServerProtocolClient.requestVote(GrpcServerProtocolClient.java:99)
	at org.apache.ratis.grpc.server.GrpcService.requestVote(GrpcService.java:204)
	at org.apache.ratis.server.impl.LeaderElection.lambda$submitRequests$1(LeaderElection.java:234)
	at java.util.concurrent.FutureTask.run(FutureTask.java:266)
	at java.util.concurrent.Executors$RunnableAdapter.call(Executors.java:511)
	at java.util.concurrent.FutureTask.run(FutureTask.java:266)
	at java.util.concurrent.ThreadPoolExecutor.runWorker(ThreadPoolExecutor.java:1149)
	at java.util.concurrent.ThreadPoolExecutor$Worker.run(ThreadPoolExecutor.java:624)
	... 1 more
Caused by: org.apache.ratis.thirdparty.io.netty.channel.AbstractChannel$AnnotatedConnectException: Connection refused: /192.168.69.122:38616
	at sun.nio.ch.SocketChannelImpl.checkConnect(Native Method)
	at sun.nio.ch.SocketChannelImpl.finishConnect(SocketChannelImpl.java:717)
	at org.apache.ratis.thirdparty.io.netty.channel.socket.nio.NioSocketChannel.doFinishConnect(NioSocketChannel.java:327)
	at org.apache.ratis.thirdparty.io.netty.channel.nio.AbstractNioChannel$AbstractNioUnsafe.finishConnect(AbstractNioChannel.java:340)
	at org.apache.ratis.thirdparty.io.netty.channel.nio.NioEventLoop.processSelectedKey(NioEventLoop.java:632)
	at org.apache.ratis.thirdparty.io.netty.channel.nio.NioEventLoop.processSelectedKeysOptimized(NioEventLoop.java:579)
	at org.apache.ratis.thirdparty.io.netty.channel.nio.NioEventLoop.processSelectedKeys(NioEventLoop.java:496)
	at org.apache.ratis.thirdparty.io.netty.channel.nio.NioEventLoop.run(NioEventLoop.java:458)
	at org.apache.ratis.thirdparty.io.netty.util.concurrent.SingleThreadEventExecutor$5.run(SingleThreadEventExecutor.java:897)
	at org.apache.ratis.thirdparty.io.netty.util.concurrent.FastThreadLocalRunnable.run(FastThreadLocalRunnable.java:30)
	... 1 more
Caused by: java.net.ConnectException: Connection refused
	... 11 more
2019-11-13 16:21:03,181 [a3f5b1ff-5ddb-40c7-8bbd-1ae7c3cdb433@group-8F7AB9145989-LeaderElection98] INFO  impl.RaftServerImpl (RaftServerImpl.java:setRole(173)) - a3f5b1ff-5ddb-40c7-8bbd-1ae7c3cdb433@group-8F7AB9145989: changes role from CANDIDATE to FOLLOWER at term 2 for DISCOVERED_A_NEW_TERM
2019-11-13 16:21:03,181 [a3f5b1ff-5ddb-40c7-8bbd-1ae7c3cdb433@group-8F7AB9145989-LeaderElection98] INFO  impl.RoleInfo (RoleInfo.java:shutdownLeaderElection(134)) - a3f5b1ff-5ddb-40c7-8bbd-1ae7c3cdb433: shutdown LeaderElection
2019-11-13 16:21:03,181 [a3f5b1ff-5ddb-40c7-8bbd-1ae7c3cdb433@group-8F7AB9145989-LeaderElection98] INFO  impl.RoleInfo (RoleInfo.java:updateAndGet(143)) - a3f5b1ff-5ddb-40c7-8bbd-1ae7c3cdb433: start FollowerState
2019-11-13 16:21:03,279 [grpc-default-executor-5] WARN  server.GrpcLogAppender (LogUtils.java:warn(134)) - c8ab3730-25d4-490d-a322-cbffb61abc7d@group-72AFD38E77E4->0d99dfee-4670-49f5-9a57-a4288445f0bf-AppendLogResponseHandler: Failed appendEntries: org.apache.ratis.thirdparty.io.grpc.StatusRuntimeException: UNAVAILABLE: io exception
2019-11-13 16:21:03,280 [grpc-default-executor-5] INFO  impl.FollowerInfo (FollowerInfo.java:lambda$new$0(51)) - c8ab3730-25d4-490d-a322-cbffb61abc7d@group-72AFD38E77E4->0d99dfee-4670-49f5-9a57-a4288445f0bf: nextIndex: updateUnconditionally 0 -> 0
2019-11-13 16:21:03,327 [Thread-1745] INFO  impl.FollowerState (FollowerState.java:run(111)) - 66a098cb-53c0-4f05-8b16-ad76b3c07384@group-F14CED7F129D-FollowerState: change to CANDIDATE, lastRpcTime:1044ms, electionTimeout:1044ms
2019-11-13 16:21:03,327 [Thread-1745] INFO  impl.RoleInfo (RoleInfo.java:shutdownFollowerState(121)) - 66a098cb-53c0-4f05-8b16-ad76b3c07384: shutdown FollowerState
2019-11-13 16:21:03,327 [Thread-1745] INFO  impl.RaftServerImpl (RaftServerImpl.java:setRole(173)) - 66a098cb-53c0-4f05-8b16-ad76b3c07384@group-F14CED7F129D: changes role from  FOLLOWER to CANDIDATE at term 7 for changeToCandidate
2019-11-13 16:21:03,327 [Thread-1745] INFO  impl.RoleInfo (RoleInfo.java:updateAndGet(143)) - 66a098cb-53c0-4f05-8b16-ad76b3c07384: start LeaderElection
2019-11-13 16:21:03,337 [grpc-default-executor-3] WARN  server.GrpcLogAppender (LogUtils.java:warn(134)) - c8ab3730-25d4-490d-a322-cbffb61abc7d@group-72AFD38E77E4->23e196cf-bea2-4a46-b492-74457a62baf8-AppendLogResponseHandler: Failed appendEntries: org.apache.ratis.thirdparty.io.grpc.StatusRuntimeException: UNAVAILABLE: io exception
2019-11-13 16:21:03,338 [grpc-default-executor-3] INFO  impl.FollowerInfo (FollowerInfo.java:lambda$new$0(51)) - c8ab3730-25d4-490d-a322-cbffb61abc7d@group-72AFD38E77E4->23e196cf-bea2-4a46-b492-74457a62baf8: nextIndex: updateUnconditionally 0 -> 0
2019-11-13 16:21:03,351 [66a098cb-53c0-4f05-8b16-ad76b3c07384@group-F14CED7F129D-LeaderElection99] INFO  impl.LeaderElection (LeaderElection.java:askForVotes(178)) - 66a098cb-53c0-4f05-8b16-ad76b3c07384@group-F14CED7F129D-LeaderElection99: begin an election at term 8 for 1: [3fa6b523-0f53-44bb-b345-f5f355eab07b:192.168.69.122:39811, ece9b524-37b5-4407-b642-ea356430eaaa:192.168.69.122:40942, 66a098cb-53c0-4f05-8b16-ad76b3c07384:192.168.69.122:36855], old=null
2019-11-13 16:21:03,352 [66a098cb-53c0-4f05-8b16-ad76b3c07384@group-F14CED7F129D-LeaderElection99] INFO  impl.LeaderElection (LogUtils.java:infoOrTrace(149)) - 66a098cb-53c0-4f05-8b16-ad76b3c07384@group-F14CED7F129D-LeaderElection99 got exception when requesting votes: {}
java.util.concurrent.ExecutionException: org.apache.ratis.thirdparty.io.grpc.StatusRuntimeException: UNAVAILABLE: io exception
	at java.util.concurrent.FutureTask.report(FutureTask.java:122)
	at java.util.concurrent.FutureTask.get(FutureTask.java:192)
	at org.apache.ratis.server.impl.LeaderElection.waitForResults(LeaderElection.java:259)
	at org.apache.ratis.server.impl.LeaderElection.askForVotes(LeaderElection.java:197)
	at org.apache.ratis.server.impl.LeaderElection.run(LeaderElection.java:133)
	at java.lang.Thread.run(Thread.java:748)
Caused by: org.apache.ratis.thirdparty.io.grpc.StatusRuntimeException: UNAVAILABLE: io exception
	at org.apache.ratis.thirdparty.io.grpc.stub.ClientCalls.toStatusRuntimeException(ClientCalls.java:233)
	at org.apache.ratis.thirdparty.io.grpc.stub.ClientCalls.getUnchecked(ClientCalls.java:214)
	at org.apache.ratis.thirdparty.io.grpc.stub.ClientCalls.blockingUnaryCall(ClientCalls.java:139)
	at org.apache.ratis.proto.grpc.RaftServerProtocolServiceGrpc$RaftServerProtocolServiceBlockingStub.requestVote(RaftServerProtocolServiceGrpc.java:265)
	at org.apache.ratis.grpc.server.GrpcServerProtocolClient.requestVote(GrpcServerProtocolClient.java:99)
	at org.apache.ratis.grpc.server.GrpcService.requestVote(GrpcService.java:204)
	at org.apache.ratis.server.impl.LeaderElection.lambda$submitRequests$1(LeaderElection.java:234)
	at java.util.concurrent.FutureTask.run(FutureTask.java:266)
	at java.util.concurrent.Executors$RunnableAdapter.call(Executors.java:511)
	at java.util.concurrent.FutureTask.run(FutureTask.java:266)
	at java.util.concurrent.ThreadPoolExecutor.runWorker(ThreadPoolExecutor.java:1149)
	at java.util.concurrent.ThreadPoolExecutor$Worker.run(ThreadPoolExecutor.java:624)
	... 1 more
Caused by: org.apache.ratis.thirdparty.io.netty.channel.AbstractChannel$AnnotatedConnectException: Connection refused: /192.168.69.122:40942
	at sun.nio.ch.SocketChannelImpl.checkConnect(Native Method)
	at sun.nio.ch.SocketChannelImpl.finishConnect(SocketChannelImpl.java:717)
	at org.apache.ratis.thirdparty.io.netty.channel.socket.nio.NioSocketChannel.doFinishConnect(NioSocketChannel.java:327)
	at org.apache.ratis.thirdparty.io.netty.channel.nio.AbstractNioChannel$AbstractNioUnsafe.finishConnect(AbstractNioChannel.java:340)
	at org.apache.ratis.thirdparty.io.netty.channel.nio.NioEventLoop.processSelectedKey(NioEventLoop.java:632)
	at org.apache.ratis.thirdparty.io.netty.channel.nio.NioEventLoop.processSelectedKeysOptimized(NioEventLoop.java:579)
	at org.apache.ratis.thirdparty.io.netty.channel.nio.NioEventLoop.processSelectedKeys(NioEventLoop.java:496)
	at org.apache.ratis.thirdparty.io.netty.channel.nio.NioEventLoop.run(NioEventLoop.java:458)
	at org.apache.ratis.thirdparty.io.netty.util.concurrent.SingleThreadEventExecutor$5.run(SingleThreadEventExecutor.java:897)
	at org.apache.ratis.thirdparty.io.netty.util.concurrent.FastThreadLocalRunnable.run(FastThreadLocalRunnable.java:30)
	... 1 more
Caused by: java.net.ConnectException: Connection refused
	... 11 more
2019-11-13 16:21:03,352 [66a098cb-53c0-4f05-8b16-ad76b3c07384@group-F14CED7F129D-LeaderElection99] INFO  impl.LeaderElection (LogUtils.java:infoOrTrace(149)) - 66a098cb-53c0-4f05-8b16-ad76b3c07384@group-F14CED7F129D-LeaderElection99 got exception when requesting votes: {}
java.util.concurrent.ExecutionException: org.apache.ratis.thirdparty.io.grpc.StatusRuntimeException: UNAVAILABLE: io exception
	at java.util.concurrent.FutureTask.report(FutureTask.java:122)
	at java.util.concurrent.FutureTask.get(FutureTask.java:192)
	at org.apache.ratis.server.impl.LeaderElection.waitForResults(LeaderElection.java:259)
	at org.apache.ratis.server.impl.LeaderElection.askForVotes(LeaderElection.java:197)
	at org.apache.ratis.server.impl.LeaderElection.run(LeaderElection.java:133)
	at java.lang.Thread.run(Thread.java:748)
Caused by: org.apache.ratis.thirdparty.io.grpc.StatusRuntimeException: UNAVAILABLE: io exception
	at org.apache.ratis.thirdparty.io.grpc.stub.ClientCalls.toStatusRuntimeException(ClientCalls.java:233)
	at org.apache.ratis.thirdparty.io.grpc.stub.ClientCalls.getUnchecked(ClientCalls.java:214)
	at org.apache.ratis.thirdparty.io.grpc.stub.ClientCalls.blockingUnaryCall(ClientCalls.java:139)
	at org.apache.ratis.proto.grpc.RaftServerProtocolServiceGrpc$RaftServerProtocolServiceBlockingStub.requestVote(RaftServerProtocolServiceGrpc.java:265)
	at org.apache.ratis.grpc.server.GrpcServerProtocolClient.requestVote(GrpcServerProtocolClient.java:99)
	at org.apache.ratis.grpc.server.GrpcService.requestVote(GrpcService.java:204)
	at org.apache.ratis.server.impl.LeaderElection.lambda$submitRequests$1(LeaderElection.java:234)
	at java.util.concurrent.FutureTask.run(FutureTask.java:266)
	at java.util.concurrent.Executors$RunnableAdapter.call(Executors.java:511)
	at java.util.concurrent.FutureTask.run(FutureTask.java:266)
	at java.util.concurrent.ThreadPoolExecutor.runWorker(ThreadPoolExecutor.java:1149)
	at java.util.concurrent.ThreadPoolExecutor$Worker.run(ThreadPoolExecutor.java:624)
	... 1 more
Caused by: org.apache.ratis.thirdparty.io.netty.channel.AbstractChannel$AnnotatedConnectException: Connection refused: /192.168.69.122:39811
	at sun.nio.ch.SocketChannelImpl.checkConnect(Native Method)
	at sun.nio.ch.SocketChannelImpl.finishConnect(SocketChannelImpl.java:717)
	at org.apache.ratis.thirdparty.io.netty.channel.socket.nio.NioSocketChannel.doFinishConnect(NioSocketChannel.java:327)
	at org.apache.ratis.thirdparty.io.netty.channel.nio.AbstractNioChannel$AbstractNioUnsafe.finishConnect(AbstractNioChannel.java:340)
	at org.apache.ratis.thirdparty.io.netty.channel.nio.NioEventLoop.processSelectedKey(NioEventLoop.java:632)
	at org.apache.ratis.thirdparty.io.netty.channel.nio.NioEventLoop.processSelectedKeysOptimized(NioEventLoop.java:579)
	at org.apache.ratis.thirdparty.io.netty.channel.nio.NioEventLoop.processSelectedKeys(NioEventLoop.java:496)
	at org.apache.ratis.thirdparty.io.netty.channel.nio.NioEventLoop.run(NioEventLoop.java:458)
	at org.apache.ratis.thirdparty.io.netty.util.concurrent.SingleThreadEventExecutor$5.run(SingleThreadEventExecutor.java:897)
	at org.apache.ratis.thirdparty.io.netty.util.concurrent.FastThreadLocalRunnable.run(FastThreadLocalRunnable.java:30)
	... 1 more
Caused by: java.net.ConnectException: Connection refused
	... 11 more
2019-11-13 16:21:03,353 [66a098cb-53c0-4f05-8b16-ad76b3c07384@group-F14CED7F129D-LeaderElection99] INFO  impl.LeaderElection (LeaderElection.java:logAndReturn(56)) - 66a098cb-53c0-4f05-8b16-ad76b3c07384@group-F14CED7F129D-LeaderElection99: Election REJECTED; received 0 response(s) [] and 2 exception(s); 66a098cb-53c0-4f05-8b16-ad76b3c07384@group-F14CED7F129D:t8, leader=null, voted=66a098cb-53c0-4f05-8b16-ad76b3c07384, raftlog=66a098cb-53c0-4f05-8b16-ad76b3c07384@group-F14CED7F129D-SegmentedRaftLog:OPENED:c2,f2,i2, conf=1: [3fa6b523-0f53-44bb-b345-f5f355eab07b:192.168.69.122:39811, ece9b524-37b5-4407-b642-ea356430eaaa:192.168.69.122:40942, 66a098cb-53c0-4f05-8b16-ad76b3c07384:192.168.69.122:36855], old=null
2019-11-13 16:21:03,353 [66a098cb-53c0-4f05-8b16-ad76b3c07384@group-F14CED7F129D-LeaderElection99] INFO  impl.LeaderElection (LogUtils.java:infoOrTrace(149)) -   Exception 0: {}
java.util.concurrent.ExecutionException: org.apache.ratis.thirdparty.io.grpc.StatusRuntimeException: UNAVAILABLE: io exception
	at java.util.concurrent.FutureTask.report(FutureTask.java:122)
	at java.util.concurrent.FutureTask.get(FutureTask.java:192)
	at org.apache.ratis.server.impl.LeaderElection.waitForResults(LeaderElection.java:259)
	at org.apache.ratis.server.impl.LeaderElection.askForVotes(LeaderElection.java:197)
	at org.apache.ratis.server.impl.LeaderElection.run(LeaderElection.java:133)
	at java.lang.Thread.run(Thread.java:748)
Caused by: org.apache.ratis.thirdparty.io.grpc.StatusRuntimeException: UNAVAILABLE: io exception
	at org.apache.ratis.thirdparty.io.grpc.stub.ClientCalls.toStatusRuntimeException(ClientCalls.java:233)
	at org.apache.ratis.thirdparty.io.grpc.stub.ClientCalls.getUnchecked(ClientCalls.java:214)
	at org.apache.ratis.thirdparty.io.grpc.stub.ClientCalls.blockingUnaryCall(ClientCalls.java:139)
	at org.apache.ratis.proto.grpc.RaftServerProtocolServiceGrpc$RaftServerProtocolServiceBlockingStub.requestVote(RaftServerProtocolServiceGrpc.java:265)
	at org.apache.ratis.grpc.server.GrpcServerProtocolClient.requestVote(GrpcServerProtocolClient.java:99)
	at org.apache.ratis.grpc.server.GrpcService.requestVote(GrpcService.java:204)
	at org.apache.ratis.server.impl.LeaderElection.lambda$submitRequests$1(LeaderElection.java:234)
	at java.util.concurrent.FutureTask.run(FutureTask.java:266)
	at java.util.concurrent.Executors$RunnableAdapter.call(Executors.java:511)
	at java.util.concurrent.FutureTask.run(FutureTask.java:266)
	at java.util.concurrent.ThreadPoolExecutor.runWorker(ThreadPoolExecutor.java:1149)
	at java.util.concurrent.ThreadPoolExecutor$Worker.run(ThreadPoolExecutor.java:624)
	... 1 more
Caused by: org.apache.ratis.thirdparty.io.netty.channel.AbstractChannel$AnnotatedConnectException: Connection refused: /192.168.69.122:40942
	at sun.nio.ch.SocketChannelImpl.checkConnect(Native Method)
	at sun.nio.ch.SocketChannelImpl.finishConnect(SocketChannelImpl.java:717)
	at org.apache.ratis.thirdparty.io.netty.channel.socket.nio.NioSocketChannel.doFinishConnect(NioSocketChannel.java:327)
	at org.apache.ratis.thirdparty.io.netty.channel.nio.AbstractNioChannel$AbstractNioUnsafe.finishConnect(AbstractNioChannel.java:340)
	at org.apache.ratis.thirdparty.io.netty.channel.nio.NioEventLoop.processSelectedKey(NioEventLoop.java:632)
	at org.apache.ratis.thirdparty.io.netty.channel.nio.NioEventLoop.processSelectedKeysOptimized(NioEventLoop.java:579)
	at org.apache.ratis.thirdparty.io.netty.channel.nio.NioEventLoop.processSelectedKeys(NioEventLoop.java:496)
	at org.apache.ratis.thirdparty.io.netty.channel.nio.NioEventLoop.run(NioEventLoop.java:458)
	at org.apache.ratis.thirdparty.io.netty.util.concurrent.SingleThreadEventExecutor$5.run(SingleThreadEventExecutor.java:897)
	at org.apache.ratis.thirdparty.io.netty.util.concurrent.FastThreadLocalRunnable.run(FastThreadLocalRunnable.java:30)
	... 1 more
Caused by: java.net.ConnectException: Connection refused
	... 11 more
2019-11-13 16:21:03,353 [66a098cb-53c0-4f05-8b16-ad76b3c07384@group-F14CED7F129D-LeaderElection99] INFO  impl.LeaderElection (LogUtils.java:infoOrTrace(149)) -   Exception 1: {}
java.util.concurrent.ExecutionException: org.apache.ratis.thirdparty.io.grpc.StatusRuntimeException: UNAVAILABLE: io exception
	at java.util.concurrent.FutureTask.report(FutureTask.java:122)
	at java.util.concurrent.FutureTask.get(FutureTask.java:192)
	at org.apache.ratis.server.impl.LeaderElection.waitForResults(LeaderElection.java:259)
	at org.apache.ratis.server.impl.LeaderElection.askForVotes(LeaderElection.java:197)
	at org.apache.ratis.server.impl.LeaderElection.run(LeaderElection.java:133)
	at java.lang.Thread.run(Thread.java:748)
Caused by: org.apache.ratis.thirdparty.io.grpc.StatusRuntimeException: UNAVAILABLE: io exception
	at org.apache.ratis.thirdparty.io.grpc.stub.ClientCalls.toStatusRuntimeException(ClientCalls.java:233)
	at org.apache.ratis.thirdparty.io.grpc.stub.ClientCalls.getUnchecked(ClientCalls.java:214)
	at org.apache.ratis.thirdparty.io.grpc.stub.ClientCalls.blockingUnaryCall(ClientCalls.java:139)
	at org.apache.ratis.proto.grpc.RaftServerProtocolServiceGrpc$RaftServerProtocolServiceBlockingStub.requestVote(RaftServerProtocolServiceGrpc.java:265)
	at org.apache.ratis.grpc.server.GrpcServerProtocolClient.requestVote(GrpcServerProtocolClient.java:99)
	at org.apache.ratis.grpc.server.GrpcService.requestVote(GrpcService.java:204)
	at org.apache.ratis.server.impl.LeaderElection.lambda$submitRequests$1(LeaderElection.java:234)
	at java.util.concurrent.FutureTask.run(FutureTask.java:266)
	at java.util.concurrent.Executors$RunnableAdapter.call(Executors.java:511)
	at java.util.concurrent.FutureTask.run(FutureTask.java:266)
	at java.util.concurrent.ThreadPoolExecutor.runWorker(ThreadPoolExecutor.java:1149)
	at java.util.concurrent.ThreadPoolExecutor$Worker.run(ThreadPoolExecutor.java:624)
	... 1 more
Caused by: org.apache.ratis.thirdparty.io.netty.channel.AbstractChannel$AnnotatedConnectException: Connection refused: /192.168.69.122:39811
	at sun.nio.ch.SocketChannelImpl.checkConnect(Native Method)
	at sun.nio.ch.SocketChannelImpl.finishConnect(SocketChannelImpl.java:717)
	at org.apache.ratis.thirdparty.io.netty.channel.socket.nio.NioSocketChannel.doFinishConnect(NioSocketChannel.java:327)
	at org.apache.ratis.thirdparty.io.netty.channel.nio.AbstractNioChannel$AbstractNioUnsafe.finishConnect(AbstractNioChannel.java:340)
	at org.apache.ratis.thirdparty.io.netty.channel.nio.NioEventLoop.processSelectedKey(NioEventLoop.java:632)
	at org.apache.ratis.thirdparty.io.netty.channel.nio.NioEventLoop.processSelectedKeysOptimized(NioEventLoop.java:579)
	at org.apache.ratis.thirdparty.io.netty.channel.nio.NioEventLoop.processSelectedKeys(NioEventLoop.java:496)
	at org.apache.ratis.thirdparty.io.netty.channel.nio.NioEventLoop.run(NioEventLoop.java:458)
	at org.apache.ratis.thirdparty.io.netty.util.concurrent.SingleThreadEventExecutor$5.run(SingleThreadEventExecutor.java:897)
	at org.apache.ratis.thirdparty.io.netty.util.concurrent.FastThreadLocalRunnable.run(FastThreadLocalRunnable.java:30)
	... 1 more
Caused by: java.net.ConnectException: Connection refused
	... 11 more
2019-11-13 16:21:03,353 [66a098cb-53c0-4f05-8b16-ad76b3c07384@group-F14CED7F129D-LeaderElection99] INFO  impl.RaftServerImpl (RaftServerImpl.java:setRole(173)) - 66a098cb-53c0-4f05-8b16-ad76b3c07384@group-F14CED7F129D: changes role from CANDIDATE to FOLLOWER at term 8 for DISCOVERED_A_NEW_TERM
2019-11-13 16:21:03,354 [66a098cb-53c0-4f05-8b16-ad76b3c07384@group-F14CED7F129D-LeaderElection99] INFO  impl.RoleInfo (RoleInfo.java:shutdownLeaderElection(134)) - 66a098cb-53c0-4f05-8b16-ad76b3c07384: shutdown LeaderElection
2019-11-13 16:21:03,354 [66a098cb-53c0-4f05-8b16-ad76b3c07384@group-F14CED7F129D-LeaderElection99] INFO  impl.RoleInfo (RoleInfo.java:updateAndGet(143)) - 66a098cb-53c0-4f05-8b16-ad76b3c07384: start FollowerState
2019-11-13 16:21:03,780 [grpc-default-executor-1] WARN  server.GrpcLogAppender (LogUtils.java:warn(134)) - c8ab3730-25d4-490d-a322-cbffb61abc7d@group-72AFD38E77E4->0d99dfee-4670-49f5-9a57-a4288445f0bf-AppendLogResponseHandler: Failed appendEntries: org.apache.ratis.thirdparty.io.grpc.StatusRuntimeException: UNAVAILABLE: io exception
2019-11-13 16:21:03,781 [grpc-default-executor-1] INFO  impl.FollowerInfo (FollowerInfo.java:lambda$new$0(51)) - c8ab3730-25d4-490d-a322-cbffb61abc7d@group-72AFD38E77E4->0d99dfee-4670-49f5-9a57-a4288445f0bf: nextIndex: updateUnconditionally 0 -> 0
2019-11-13 16:21:03,838 [grpc-default-executor-3] WARN  server.GrpcLogAppender (LogUtils.java:warn(134)) - c8ab3730-25d4-490d-a322-cbffb61abc7d@group-72AFD38E77E4->23e196cf-bea2-4a46-b492-74457a62baf8-AppendLogResponseHandler: Failed appendEntries: org.apache.ratis.thirdparty.io.grpc.StatusRuntimeException: UNAVAILABLE: io exception
2019-11-13 16:21:03,839 [grpc-default-executor-3] INFO  impl.FollowerInfo (FollowerInfo.java:lambda$new$0(51)) - c8ab3730-25d4-490d-a322-cbffb61abc7d@group-72AFD38E77E4->23e196cf-bea2-4a46-b492-74457a62baf8: nextIndex: updateUnconditionally 0 -> 0
2019-11-13 16:21:04,281 [grpc-default-executor-5] WARN  server.GrpcLogAppender (LogUtils.java:warn(134)) - c8ab3730-25d4-490d-a322-cbffb61abc7d@group-72AFD38E77E4->0d99dfee-4670-49f5-9a57-a4288445f0bf-AppendLogResponseHandler: Failed appendEntries: org.apache.ratis.thirdparty.io.grpc.StatusRuntimeException: UNAVAILABLE: io exception
2019-11-13 16:21:04,282 [grpc-default-executor-5] INFO  impl.FollowerInfo (FollowerInfo.java:lambda$new$0(51)) - c8ab3730-25d4-490d-a322-cbffb61abc7d@group-72AFD38E77E4->0d99dfee-4670-49f5-9a57-a4288445f0bf: nextIndex: updateUnconditionally 0 -> 0
2019-11-13 16:21:04,321 [Thread-1749] INFO  impl.FollowerState (FollowerState.java:run(111)) - a3f5b1ff-5ddb-40c7-8bbd-1ae7c3cdb433@group-8F7AB9145989-FollowerState: change to CANDIDATE, lastRpcTime:1140ms, electionTimeout:1140ms
2019-11-13 16:21:04,322 [Thread-1749] INFO  impl.RoleInfo (RoleInfo.java:shutdownFollowerState(121)) - a3f5b1ff-5ddb-40c7-8bbd-1ae7c3cdb433: shutdown FollowerState
2019-11-13 16:21:04,322 [Thread-1749] INFO  impl.RaftServerImpl (RaftServerImpl.java:setRole(173)) - a3f5b1ff-5ddb-40c7-8bbd-1ae7c3cdb433@group-8F7AB9145989: changes role from  FOLLOWER to CANDIDATE at term 2 for changeToCandidate
2019-11-13 16:21:04,322 [Thread-1749] INFO  impl.RoleInfo (RoleInfo.java:updateAndGet(143)) - a3f5b1ff-5ddb-40c7-8bbd-1ae7c3cdb433: start LeaderElection
2019-11-13 16:21:04,340 [grpc-default-executor-5] WARN  server.GrpcLogAppender (LogUtils.java:warn(134)) - c8ab3730-25d4-490d-a322-cbffb61abc7d@group-72AFD38E77E4->23e196cf-bea2-4a46-b492-74457a62baf8-AppendLogResponseHandler: Failed appendEntries: org.apache.ratis.thirdparty.io.grpc.StatusRuntimeException: UNAVAILABLE: io exception
2019-11-13 16:21:04,340 [grpc-default-executor-5] INFO  impl.FollowerInfo (FollowerInfo.java:lambda$new$0(51)) - c8ab3730-25d4-490d-a322-cbffb61abc7d@group-72AFD38E77E4->23e196cf-bea2-4a46-b492-74457a62baf8: nextIndex: updateUnconditionally 0 -> 0
2019-11-13 16:21:04,346 [a3f5b1ff-5ddb-40c7-8bbd-1ae7c3cdb433@group-8F7AB9145989-LeaderElection100] INFO  impl.LeaderElection (LeaderElection.java:askForVotes(178)) - a3f5b1ff-5ddb-40c7-8bbd-1ae7c3cdb433@group-8F7AB9145989-LeaderElection100: begin an election at term 3 for 0: [d45a2df2-8f38-43ec-9df7-e5c52ac58263:192.168.69.122:44126, 285e9247-2161-496e-af81-9a87b6b231d9:192.168.69.122:38616, a3f5b1ff-5ddb-40c7-8bbd-1ae7c3cdb433:192.168.69.122:40390], old=null
2019-11-13 16:21:04,347 [a3f5b1ff-5ddb-40c7-8bbd-1ae7c3cdb433@group-8F7AB9145989-LeaderElection100] INFO  impl.LeaderElection (LogUtils.java:infoOrTrace(149)) - a3f5b1ff-5ddb-40c7-8bbd-1ae7c3cdb433@group-8F7AB9145989-LeaderElection100 got exception when requesting votes: {}
java.util.concurrent.ExecutionException: org.apache.ratis.thirdparty.io.grpc.StatusRuntimeException: UNAVAILABLE: io exception
	at java.util.concurrent.FutureTask.report(FutureTask.java:122)
	at java.util.concurrent.FutureTask.get(FutureTask.java:192)
	at org.apache.ratis.server.impl.LeaderElection.waitForResults(LeaderElection.java:259)
	at org.apache.ratis.server.impl.LeaderElection.askForVotes(LeaderElection.java:197)
	at org.apache.ratis.server.impl.LeaderElection.run(LeaderElection.java:133)
	at java.lang.Thread.run(Thread.java:748)
Caused by: org.apache.ratis.thirdparty.io.grpc.StatusRuntimeException: UNAVAILABLE: io exception
	at org.apache.ratis.thirdparty.io.grpc.stub.ClientCalls.toStatusRuntimeException(ClientCalls.java:233)
	at org.apache.ratis.thirdparty.io.grpc.stub.ClientCalls.getUnchecked(ClientCalls.java:214)
	at org.apache.ratis.thirdparty.io.grpc.stub.ClientCalls.blockingUnaryCall(ClientCalls.java:139)
	at org.apache.ratis.proto.grpc.RaftServerProtocolServiceGrpc$RaftServerProtocolServiceBlockingStub.requestVote(RaftServerProtocolServiceGrpc.java:265)
	at org.apache.ratis.grpc.server.GrpcServerProtocolClient.requestVote(GrpcServerProtocolClient.java:99)
	at org.apache.ratis.grpc.server.GrpcService.requestVote(GrpcService.java:204)
	at org.apache.ratis.server.impl.LeaderElection.lambda$submitRequests$1(LeaderElection.java:234)
	at java.util.concurrent.FutureTask.run(FutureTask.java:266)
	at java.util.concurrent.Executors$RunnableAdapter.call(Executors.java:511)
	at java.util.concurrent.FutureTask.run(FutureTask.java:266)
	at java.util.concurrent.ThreadPoolExecutor.runWorker(ThreadPoolExecutor.java:1149)
	at java.util.concurrent.ThreadPoolExecutor$Worker.run(ThreadPoolExecutor.java:624)
	... 1 more
Caused by: org.apache.ratis.thirdparty.io.netty.channel.AbstractChannel$AnnotatedConnectException: Connection refused: /192.168.69.122:44126
	at sun.nio.ch.SocketChannelImpl.checkConnect(Native Method)
	at sun.nio.ch.SocketChannelImpl.finishConnect(SocketChannelImpl.java:717)
	at org.apache.ratis.thirdparty.io.netty.channel.socket.nio.NioSocketChannel.doFinishConnect(NioSocketChannel.java:327)
	at org.apache.ratis.thirdparty.io.netty.channel.nio.AbstractNioChannel$AbstractNioUnsafe.finishConnect(AbstractNioChannel.java:340)
	at org.apache.ratis.thirdparty.io.netty.channel.nio.NioEventLoop.processSelectedKey(NioEventLoop.java:632)
	at org.apache.ratis.thirdparty.io.netty.channel.nio.NioEventLoop.processSelectedKeysOptimized(NioEventLoop.java:579)
	at org.apache.ratis.thirdparty.io.netty.channel.nio.NioEventLoop.processSelectedKeys(NioEventLoop.java:496)
	at org.apache.ratis.thirdparty.io.netty.channel.nio.NioEventLoop.run(NioEventLoop.java:458)
	at org.apache.ratis.thirdparty.io.netty.util.concurrent.SingleThreadEventExecutor$5.run(SingleThreadEventExecutor.java:897)
	at org.apache.ratis.thirdparty.io.netty.util.concurrent.FastThreadLocalRunnable.run(FastThreadLocalRunnable.java:30)
	... 1 more
Caused by: java.net.ConnectException: Connection refused
	... 11 more
2019-11-13 16:21:04,348 [a3f5b1ff-5ddb-40c7-8bbd-1ae7c3cdb433@group-8F7AB9145989-LeaderElection100] INFO  impl.LeaderElection (LogUtils.java:infoOrTrace(149)) - a3f5b1ff-5ddb-40c7-8bbd-1ae7c3cdb433@group-8F7AB9145989-LeaderElection100 got exception when requesting votes: {}
java.util.concurrent.ExecutionException: org.apache.ratis.thirdparty.io.grpc.StatusRuntimeException: UNAVAILABLE: io exception
	at java.util.concurrent.FutureTask.report(FutureTask.java:122)
	at java.util.concurrent.FutureTask.get(FutureTask.java:192)
	at org.apache.ratis.server.impl.LeaderElection.waitForResults(LeaderElection.java:259)
	at org.apache.ratis.server.impl.LeaderElection.askForVotes(LeaderElection.java:197)
	at org.apache.ratis.server.impl.LeaderElection.run(LeaderElection.java:133)
	at java.lang.Thread.run(Thread.java:748)
Caused by: org.apache.ratis.thirdparty.io.grpc.StatusRuntimeException: UNAVAILABLE: io exception
	at org.apache.ratis.thirdparty.io.grpc.stub.ClientCalls.toStatusRuntimeException(ClientCalls.java:233)
	at org.apache.ratis.thirdparty.io.grpc.stub.ClientCalls.getUnchecked(ClientCalls.java:214)
	at org.apache.ratis.thirdparty.io.grpc.stub.ClientCalls.blockingUnaryCall(ClientCalls.java:139)
	at org.apache.ratis.proto.grpc.RaftServerProtocolServiceGrpc$RaftServerProtocolServiceBlockingStub.requestVote(RaftServerProtocolServiceGrpc.java:265)
	at org.apache.ratis.grpc.server.GrpcServerProtocolClient.requestVote(GrpcServerProtocolClient.java:99)
	at org.apache.ratis.grpc.server.GrpcService.requestVote(GrpcService.java:204)
	at org.apache.ratis.server.impl.LeaderElection.lambda$submitRequests$1(LeaderElection.java:234)
	at java.util.concurrent.FutureTask.run(FutureTask.java:266)
	at java.util.concurrent.Executors$RunnableAdapter.call(Executors.java:511)
	at java.util.concurrent.FutureTask.run(FutureTask.java:266)
	at java.util.concurrent.ThreadPoolExecutor.runWorker(ThreadPoolExecutor.java:1149)
	at java.util.concurrent.ThreadPoolExecutor$Worker.run(ThreadPoolExecutor.java:624)
	... 1 more
Caused by: org.apache.ratis.thirdparty.io.netty.channel.AbstractChannel$AnnotatedConnectException: Connection refused: /192.168.69.122:38616
	at sun.nio.ch.SocketChannelImpl.checkConnect(Native Method)
	at sun.nio.ch.SocketChannelImpl.finishConnect(SocketChannelImpl.java:717)
	at org.apache.ratis.thirdparty.io.netty.channel.socket.nio.NioSocketChannel.doFinishConnect(NioSocketChannel.java:327)
	at org.apache.ratis.thirdparty.io.netty.channel.nio.AbstractNioChannel$AbstractNioUnsafe.finishConnect(AbstractNioChannel.java:340)
	at org.apache.ratis.thirdparty.io.netty.channel.nio.NioEventLoop.processSelectedKey(NioEventLoop.java:632)
	at org.apache.ratis.thirdparty.io.netty.channel.nio.NioEventLoop.processSelectedKeysOptimized(NioEventLoop.java:579)
	at org.apache.ratis.thirdparty.io.netty.channel.nio.NioEventLoop.processSelectedKeys(NioEventLoop.java:496)
	at org.apache.ratis.thirdparty.io.netty.channel.nio.NioEventLoop.run(NioEventLoop.java:458)
	at org.apache.ratis.thirdparty.io.netty.util.concurrent.SingleThreadEventExecutor$5.run(SingleThreadEventExecutor.java:897)
	at org.apache.ratis.thirdparty.io.netty.util.concurrent.FastThreadLocalRunnable.run(FastThreadLocalRunnable.java:30)
	... 1 more
Caused by: java.net.ConnectException: Connection refused
	... 11 more
2019-11-13 16:21:04,348 [a3f5b1ff-5ddb-40c7-8bbd-1ae7c3cdb433@group-8F7AB9145989-LeaderElection100] INFO  impl.LeaderElection (LeaderElection.java:logAndReturn(56)) - a3f5b1ff-5ddb-40c7-8bbd-1ae7c3cdb433@group-8F7AB9145989-LeaderElection100: Election REJECTED; received 0 response(s) [] and 2 exception(s); a3f5b1ff-5ddb-40c7-8bbd-1ae7c3cdb433@group-8F7AB9145989:t3, leader=null, voted=a3f5b1ff-5ddb-40c7-8bbd-1ae7c3cdb433, raftlog=a3f5b1ff-5ddb-40c7-8bbd-1ae7c3cdb433@group-8F7AB9145989-SegmentedRaftLog:OPENED:c4,f4,i4, conf=0: [d45a2df2-8f38-43ec-9df7-e5c52ac58263:192.168.69.122:44126, 285e9247-2161-496e-af81-9a87b6b231d9:192.168.69.122:38616, a3f5b1ff-5ddb-40c7-8bbd-1ae7c3cdb433:192.168.69.122:40390], old=null
2019-11-13 16:21:04,348 [a3f5b1ff-5ddb-40c7-8bbd-1ae7c3cdb433@group-8F7AB9145989-LeaderElection100] INFO  impl.LeaderElection (LogUtils.java:infoOrTrace(149)) -   Exception 0: {}
java.util.concurrent.ExecutionException: org.apache.ratis.thirdparty.io.grpc.StatusRuntimeException: UNAVAILABLE: io exception
	at java.util.concurrent.FutureTask.report(FutureTask.java:122)
	at java.util.concurrent.FutureTask.get(FutureTask.java:192)
	at org.apache.ratis.server.impl.LeaderElection.waitForResults(LeaderElection.java:259)
	at org.apache.ratis.server.impl.LeaderElection.askForVotes(LeaderElection.java:197)
	at org.apache.ratis.server.impl.LeaderElection.run(LeaderElection.java:133)
	at java.lang.Thread.run(Thread.java:748)
Caused by: org.apache.ratis.thirdparty.io.grpc.StatusRuntimeException: UNAVAILABLE: io exception
	at org.apache.ratis.thirdparty.io.grpc.stub.ClientCalls.toStatusRuntimeException(ClientCalls.java:233)
	at org.apache.ratis.thirdparty.io.grpc.stub.ClientCalls.getUnchecked(ClientCalls.java:214)
	at org.apache.ratis.thirdparty.io.grpc.stub.ClientCalls.blockingUnaryCall(ClientCalls.java:139)
	at org.apache.ratis.proto.grpc.RaftServerProtocolServiceGrpc$RaftServerProtocolServiceBlockingStub.requestVote(RaftServerProtocolServiceGrpc.java:265)
	at org.apache.ratis.grpc.server.GrpcServerProtocolClient.requestVote(GrpcServerProtocolClient.java:99)
	at org.apache.ratis.grpc.server.GrpcService.requestVote(GrpcService.java:204)
	at org.apache.ratis.server.impl.LeaderElection.lambda$submitRequests$1(LeaderElection.java:234)
	at java.util.concurrent.FutureTask.run(FutureTask.java:266)
	at java.util.concurrent.Executors$RunnableAdapter.call(Executors.java:511)
	at java.util.concurrent.FutureTask.run(FutureTask.java:266)
	at java.util.concurrent.ThreadPoolExecutor.runWorker(ThreadPoolExecutor.java:1149)
	at java.util.concurrent.ThreadPoolExecutor$Worker.run(ThreadPoolExecutor.java:624)
	... 1 more
Caused by: org.apache.ratis.thirdparty.io.netty.channel.AbstractChannel$AnnotatedConnectException: Connection refused: /192.168.69.122:44126
	at sun.nio.ch.SocketChannelImpl.checkConnect(Native Method)
	at sun.nio.ch.SocketChannelImpl.finishConnect(SocketChannelImpl.java:717)
	at org.apache.ratis.thirdparty.io.netty.channel.socket.nio.NioSocketChannel.doFinishConnect(NioSocketChannel.java:327)
	at org.apache.ratis.thirdparty.io.netty.channel.nio.AbstractNioChannel$AbstractNioUnsafe.finishConnect(AbstractNioChannel.java:340)
	at org.apache.ratis.thirdparty.io.netty.channel.nio.NioEventLoop.processSelectedKey(NioEventLoop.java:632)
	at org.apache.ratis.thirdparty.io.netty.channel.nio.NioEventLoop.processSelectedKeysOptimized(NioEventLoop.java:579)
	at org.apache.ratis.thirdparty.io.netty.channel.nio.NioEventLoop.processSelectedKeys(NioEventLoop.java:496)
	at org.apache.ratis.thirdparty.io.netty.channel.nio.NioEventLoop.run(NioEventLoop.java:458)
	at org.apache.ratis.thirdparty.io.netty.util.concurrent.SingleThreadEventExecutor$5.run(SingleThreadEventExecutor.java:897)
	at org.apache.ratis.thirdparty.io.netty.util.concurrent.FastThreadLocalRunnable.run(FastThreadLocalRunnable.java:30)
	... 1 more
Caused by: java.net.ConnectException: Connection refused
	... 11 more
2019-11-13 16:21:04,348 [a3f5b1ff-5ddb-40c7-8bbd-1ae7c3cdb433@group-8F7AB9145989-LeaderElection100] INFO  impl.LeaderElection (LogUtils.java:infoOrTrace(149)) -   Exception 1: {}
java.util.concurrent.ExecutionException: org.apache.ratis.thirdparty.io.grpc.StatusRuntimeException: UNAVAILABLE: io exception
	at java.util.concurrent.FutureTask.report(FutureTask.java:122)
	at java.util.concurrent.FutureTask.get(FutureTask.java:192)
	at org.apache.ratis.server.impl.LeaderElection.waitForResults(LeaderElection.java:259)
	at org.apache.ratis.server.impl.LeaderElection.askForVotes(LeaderElection.java:197)
	at org.apache.ratis.server.impl.LeaderElection.run(LeaderElection.java:133)
	at java.lang.Thread.run(Thread.java:748)
Caused by: org.apache.ratis.thirdparty.io.grpc.StatusRuntimeException: UNAVAILABLE: io exception
	at org.apache.ratis.thirdparty.io.grpc.stub.ClientCalls.toStatusRuntimeException(ClientCalls.java:233)
	at org.apache.ratis.thirdparty.io.grpc.stub.ClientCalls.getUnchecked(ClientCalls.java:214)
	at org.apache.ratis.thirdparty.io.grpc.stub.ClientCalls.blockingUnaryCall(ClientCalls.java:139)
	at org.apache.ratis.proto.grpc.RaftServerProtocolServiceGrpc$RaftServerProtocolServiceBlockingStub.requestVote(RaftServerProtocolServiceGrpc.java:265)
	at org.apache.ratis.grpc.server.GrpcServerProtocolClient.requestVote(GrpcServerProtocolClient.java:99)
	at org.apache.ratis.grpc.server.GrpcService.requestVote(GrpcService.java:204)
	at org.apache.ratis.server.impl.LeaderElection.lambda$submitRequests$1(LeaderElection.java:234)
	at java.util.concurrent.FutureTask.run(FutureTask.java:266)
	at java.util.concurrent.Executors$RunnableAdapter.call(Executors.java:511)
	at java.util.concurrent.FutureTask.run(FutureTask.java:266)
	at java.util.concurrent.ThreadPoolExecutor.runWorker(ThreadPoolExecutor.java:1149)
	at java.util.concurrent.ThreadPoolExecutor$Worker.run(ThreadPoolExecutor.java:624)
	... 1 more
Caused by: org.apache.ratis.thirdparty.io.netty.channel.AbstractChannel$AnnotatedConnectException: Connection refused: /192.168.69.122:38616
	at sun.nio.ch.SocketChannelImpl.checkConnect(Native Method)
	at sun.nio.ch.SocketChannelImpl.finishConnect(SocketChannelImpl.java:717)
	at org.apache.ratis.thirdparty.io.netty.channel.socket.nio.NioSocketChannel.doFinishConnect(NioSocketChannel.java:327)
	at org.apache.ratis.thirdparty.io.netty.channel.nio.AbstractNioChannel$AbstractNioUnsafe.finishConnect(AbstractNioChannel.java:340)
	at org.apache.ratis.thirdparty.io.netty.channel.nio.NioEventLoop.processSelectedKey(NioEventLoop.java:632)
	at org.apache.ratis.thirdparty.io.netty.channel.nio.NioEventLoop.processSelectedKeysOptimized(NioEventLoop.java:579)
	at org.apache.ratis.thirdparty.io.netty.channel.nio.NioEventLoop.processSelectedKeys(NioEventLoop.java:496)
	at org.apache.ratis.thirdparty.io.netty.channel.nio.NioEventLoop.run(NioEventLoop.java:458)
	at org.apache.ratis.thirdparty.io.netty.util.concurrent.SingleThreadEventExecutor$5.run(SingleThreadEventExecutor.java:897)
	at org.apache.ratis.thirdparty.io.netty.util.concurrent.FastThreadLocalRunnable.run(FastThreadLocalRunnable.java:30)
	... 1 more
Caused by: java.net.ConnectException: Connection refused
	... 11 more
2019-11-13 16:21:04,349 [a3f5b1ff-5ddb-40c7-8bbd-1ae7c3cdb433@group-8F7AB9145989-LeaderElection100] INFO  impl.RaftServerImpl (RaftServerImpl.java:setRole(173)) - a3f5b1ff-5ddb-40c7-8bbd-1ae7c3cdb433@group-8F7AB9145989: changes role from CANDIDATE to FOLLOWER at term 3 for DISCOVERED_A_NEW_TERM
2019-11-13 16:21:04,349 [a3f5b1ff-5ddb-40c7-8bbd-1ae7c3cdb433@group-8F7AB9145989-LeaderElection100] INFO  impl.RoleInfo (RoleInfo.java:shutdownLeaderElection(134)) - a3f5b1ff-5ddb-40c7-8bbd-1ae7c3cdb433: shutdown LeaderElection
2019-11-13 16:21:04,349 [a3f5b1ff-5ddb-40c7-8bbd-1ae7c3cdb433@group-8F7AB9145989-LeaderElection100] INFO  impl.RoleInfo (RoleInfo.java:updateAndGet(143)) - a3f5b1ff-5ddb-40c7-8bbd-1ae7c3cdb433: start FollowerState
2019-11-13 16:21:04,417 [Thread-1753] INFO  impl.FollowerState (FollowerState.java:run(111)) - 66a098cb-53c0-4f05-8b16-ad76b3c07384@group-F14CED7F129D-FollowerState: change to CANDIDATE, lastRpcTime:1063ms, electionTimeout:1063ms
2019-11-13 16:21:04,417 [Thread-1753] INFO  impl.RoleInfo (RoleInfo.java:shutdownFollowerState(121)) - 66a098cb-53c0-4f05-8b16-ad76b3c07384: shutdown FollowerState
2019-11-13 16:21:04,417 [Thread-1753] INFO  impl.RaftServerImpl (RaftServerImpl.java:setRole(173)) - 66a098cb-53c0-4f05-8b16-ad76b3c07384@group-F14CED7F129D: changes role from  FOLLOWER to CANDIDATE at term 8 for changeToCandidate
2019-11-13 16:21:04,418 [Thread-1753] INFO  impl.RoleInfo (RoleInfo.java:updateAndGet(143)) - 66a098cb-53c0-4f05-8b16-ad76b3c07384: start LeaderElection
2019-11-13 16:21:04,441 [66a098cb-53c0-4f05-8b16-ad76b3c07384@group-F14CED7F129D-LeaderElection101] INFO  impl.LeaderElection (LeaderElection.java:askForVotes(178)) - 66a098cb-53c0-4f05-8b16-ad76b3c07384@group-F14CED7F129D-LeaderElection101: begin an election at term 9 for 1: [3fa6b523-0f53-44bb-b345-f5f355eab07b:192.168.69.122:39811, ece9b524-37b5-4407-b642-ea356430eaaa:192.168.69.122:40942, 66a098cb-53c0-4f05-8b16-ad76b3c07384:192.168.69.122:36855], old=null
2019-11-13 16:21:04,442 [66a098cb-53c0-4f05-8b16-ad76b3c07384@group-F14CED7F129D-LeaderElection101] INFO  impl.LeaderElection (LogUtils.java:infoOrTrace(149)) - 66a098cb-53c0-4f05-8b16-ad76b3c07384@group-F14CED7F129D-LeaderElection101 got exception when requesting votes: {}
java.util.concurrent.ExecutionException: org.apache.ratis.thirdparty.io.grpc.StatusRuntimeException: UNAVAILABLE: io exception
	at java.util.concurrent.FutureTask.report(FutureTask.java:122)
	at java.util.concurrent.FutureTask.get(FutureTask.java:192)
	at org.apache.ratis.server.impl.LeaderElection.waitForResults(LeaderElection.java:259)
	at org.apache.ratis.server.impl.LeaderElection.askForVotes(LeaderElection.java:197)
	at org.apache.ratis.server.impl.LeaderElection.run(LeaderElection.java:133)
	at java.lang.Thread.run(Thread.java:748)
Caused by: org.apache.ratis.thirdparty.io.grpc.StatusRuntimeException: UNAVAILABLE: io exception
	at org.apache.ratis.thirdparty.io.grpc.stub.ClientCalls.toStatusRuntimeException(ClientCalls.java:233)
	at org.apache.ratis.thirdparty.io.grpc.stub.ClientCalls.getUnchecked(ClientCalls.java:214)
	at org.apache.ratis.thirdparty.io.grpc.stub.ClientCalls.blockingUnaryCall(ClientCalls.java:139)
	at org.apache.ratis.proto.grpc.RaftServerProtocolServiceGrpc$RaftServerProtocolServiceBlockingStub.requestVote(RaftServerProtocolServiceGrpc.java:265)
	at org.apache.ratis.grpc.server.GrpcServerProtocolClient.requestVote(GrpcServerProtocolClient.java:99)
	at org.apache.ratis.grpc.server.GrpcService.requestVote(GrpcService.java:204)
	at org.apache.ratis.server.impl.LeaderElection.lambda$submitRequests$1(LeaderElection.java:234)
	at java.util.concurrent.FutureTask.run(FutureTask.java:266)
	at java.util.concurrent.Executors$RunnableAdapter.call(Executors.java:511)
	at java.util.concurrent.FutureTask.run(FutureTask.java:266)
	at java.util.concurrent.ThreadPoolExecutor.runWorker(ThreadPoolExecutor.java:1149)
	at java.util.concurrent.ThreadPoolExecutor$Worker.run(ThreadPoolExecutor.java:624)
	... 1 more
Caused by: org.apache.ratis.thirdparty.io.netty.channel.AbstractChannel$AnnotatedConnectException: Connection refused: /192.168.69.122:39811
	at sun.nio.ch.SocketChannelImpl.checkConnect(Native Method)
	at sun.nio.ch.SocketChannelImpl.finishConnect(SocketChannelImpl.java:717)
	at org.apache.ratis.thirdparty.io.netty.channel.socket.nio.NioSocketChannel.doFinishConnect(NioSocketChannel.java:327)
	at org.apache.ratis.thirdparty.io.netty.channel.nio.AbstractNioChannel$AbstractNioUnsafe.finishConnect(AbstractNioChannel.java:340)
	at org.apache.ratis.thirdparty.io.netty.channel.nio.NioEventLoop.processSelectedKey(NioEventLoop.java:632)
	at org.apache.ratis.thirdparty.io.netty.channel.nio.NioEventLoop.processSelectedKeysOptimized(NioEventLoop.java:579)
	at org.apache.ratis.thirdparty.io.netty.channel.nio.NioEventLoop.processSelectedKeys(NioEventLoop.java:496)
	at org.apache.ratis.thirdparty.io.netty.channel.nio.NioEventLoop.run(NioEventLoop.java:458)
	at org.apache.ratis.thirdparty.io.netty.util.concurrent.SingleThreadEventExecutor$5.run(SingleThreadEventExecutor.java:897)
	at org.apache.ratis.thirdparty.io.netty.util.concurrent.FastThreadLocalRunnable.run(FastThreadLocalRunnable.java:30)
	... 1 more
Caused by: java.net.ConnectException: Connection refused
	... 11 more
2019-11-13 16:21:04,442 [66a098cb-53c0-4f05-8b16-ad76b3c07384@group-F14CED7F129D-LeaderElection101] INFO  impl.LeaderElection (LogUtils.java:infoOrTrace(149)) - 66a098cb-53c0-4f05-8b16-ad76b3c07384@group-F14CED7F129D-LeaderElection101 got exception when requesting votes: {}
java.util.concurrent.ExecutionException: org.apache.ratis.thirdparty.io.grpc.StatusRuntimeException: UNAVAILABLE: io exception
	at java.util.concurrent.FutureTask.report(FutureTask.java:122)
	at java.util.concurrent.FutureTask.get(FutureTask.java:192)
	at org.apache.ratis.server.impl.LeaderElection.waitForResults(LeaderElection.java:259)
	at org.apache.ratis.server.impl.LeaderElection.askForVotes(LeaderElection.java:197)
	at org.apache.ratis.server.impl.LeaderElection.run(LeaderElection.java:133)
	at java.lang.Thread.run(Thread.java:748)
Caused by: org.apache.ratis.thirdparty.io.grpc.StatusRuntimeException: UNAVAILABLE: io exception
	at org.apache.ratis.thirdparty.io.grpc.stub.ClientCalls.toStatusRuntimeException(ClientCalls.java:233)
	at org.apache.ratis.thirdparty.io.grpc.stub.ClientCalls.getUnchecked(ClientCalls.java:214)
	at org.apache.ratis.thirdparty.io.grpc.stub.ClientCalls.blockingUnaryCall(ClientCalls.java:139)
	at org.apache.ratis.proto.grpc.RaftServerProtocolServiceGrpc$RaftServerProtocolServiceBlockingStub.requestVote(RaftServerProtocolServiceGrpc.java:265)
	at org.apache.ratis.grpc.server.GrpcServerProtocolClient.requestVote(GrpcServerProtocolClient.java:99)
	at org.apache.ratis.grpc.server.GrpcService.requestVote(GrpcService.java:204)
	at org.apache.ratis.server.impl.LeaderElection.lambda$submitRequests$1(LeaderElection.java:234)
	at java.util.concurrent.FutureTask.run(FutureTask.java:266)
	at java.util.concurrent.Executors$RunnableAdapter.call(Executors.java:511)
	at java.util.concurrent.FutureTask.run(FutureTask.java:266)
	at java.util.concurrent.ThreadPoolExecutor.runWorker(ThreadPoolExecutor.java:1149)
	at java.util.concurrent.ThreadPoolExecutor$Worker.run(ThreadPoolExecutor.java:624)
	... 1 more
Caused by: org.apache.ratis.thirdparty.io.netty.channel.AbstractChannel$AnnotatedConnectException: Connection refused: /192.168.69.122:40942
	at sun.nio.ch.SocketChannelImpl.checkConnect(Native Method)
	at sun.nio.ch.SocketChannelImpl.finishConnect(SocketChannelImpl.java:717)
	at org.apache.ratis.thirdparty.io.netty.channel.socket.nio.NioSocketChannel.doFinishConnect(NioSocketChannel.java:327)
	at org.apache.ratis.thirdparty.io.netty.channel.nio.AbstractNioChannel$AbstractNioUnsafe.finishConnect(AbstractNioChannel.java:340)
	at org.apache.ratis.thirdparty.io.netty.channel.nio.NioEventLoop.processSelectedKey(NioEventLoop.java:632)
	at org.apache.ratis.thirdparty.io.netty.channel.nio.NioEventLoop.processSelectedKeysOptimized(NioEventLoop.java:579)
	at org.apache.ratis.thirdparty.io.netty.channel.nio.NioEventLoop.processSelectedKeys(NioEventLoop.java:496)
	at org.apache.ratis.thirdparty.io.netty.channel.nio.NioEventLoop.run(NioEventLoop.java:458)
	at org.apache.ratis.thirdparty.io.netty.util.concurrent.SingleThreadEventExecutor$5.run(SingleThreadEventExecutor.java:897)
	at org.apache.ratis.thirdparty.io.netty.util.concurrent.FastThreadLocalRunnable.run(FastThreadLocalRunnable.java:30)
	... 1 more
Caused by: java.net.ConnectException: Connection refused
	... 11 more
2019-11-13 16:21:04,442 [66a098cb-53c0-4f05-8b16-ad76b3c07384@group-F14CED7F129D-LeaderElection101] INFO  impl.LeaderElection (LeaderElection.java:logAndReturn(56)) - 66a098cb-53c0-4f05-8b16-ad76b3c07384@group-F14CED7F129D-LeaderElection101: Election REJECTED; received 0 response(s) [] and 2 exception(s); 66a098cb-53c0-4f05-8b16-ad76b3c07384@group-F14CED7F129D:t9, leader=null, voted=66a098cb-53c0-4f05-8b16-ad76b3c07384, raftlog=66a098cb-53c0-4f05-8b16-ad76b3c07384@group-F14CED7F129D-SegmentedRaftLog:OPENED:c2,f2,i2, conf=1: [3fa6b523-0f53-44bb-b345-f5f355eab07b:192.168.69.122:39811, ece9b524-37b5-4407-b642-ea356430eaaa:192.168.69.122:40942, 66a098cb-53c0-4f05-8b16-ad76b3c07384:192.168.69.122:36855], old=null
2019-11-13 16:21:04,442 [66a098cb-53c0-4f05-8b16-ad76b3c07384@group-F14CED7F129D-LeaderElection101] INFO  impl.LeaderElection (LogUtils.java:infoOrTrace(149)) -   Exception 0: {}
java.util.concurrent.ExecutionException: org.apache.ratis.thirdparty.io.grpc.StatusRuntimeException: UNAVAILABLE: io exception
	at java.util.concurrent.FutureTask.report(FutureTask.java:122)
	at java.util.concurrent.FutureTask.get(FutureTask.java:192)
	at org.apache.ratis.server.impl.LeaderElection.waitForResults(LeaderElection.java:259)
	at org.apache.ratis.server.impl.LeaderElection.askForVotes(LeaderElection.java:197)
	at org.apache.ratis.server.impl.LeaderElection.run(LeaderElection.java:133)
	at java.lang.Thread.run(Thread.java:748)
Caused by: org.apache.ratis.thirdparty.io.grpc.StatusRuntimeException: UNAVAILABLE: io exception
	at org.apache.ratis.thirdparty.io.grpc.stub.ClientCalls.toStatusRuntimeException(ClientCalls.java:233)
	at org.apache.ratis.thirdparty.io.grpc.stub.ClientCalls.getUnchecked(ClientCalls.java:214)
	at org.apache.ratis.thirdparty.io.grpc.stub.ClientCalls.blockingUnaryCall(ClientCalls.java:139)
	at org.apache.ratis.proto.grpc.RaftServerProtocolServiceGrpc$RaftServerProtocolServiceBlockingStub.requestVote(RaftServerProtocolServiceGrpc.java:265)
	at org.apache.ratis.grpc.server.GrpcServerProtocolClient.requestVote(GrpcServerProtocolClient.java:99)
	at org.apache.ratis.grpc.server.GrpcService.requestVote(GrpcService.java:204)
	at org.apache.ratis.server.impl.LeaderElection.lambda$submitRequests$1(LeaderElection.java:234)
	at java.util.concurrent.FutureTask.run(FutureTask.java:266)
	at java.util.concurrent.Executors$RunnableAdapter.call(Executors.java:511)
	at java.util.concurrent.FutureTask.run(FutureTask.java:266)
	at java.util.concurrent.ThreadPoolExecutor.runWorker(ThreadPoolExecutor.java:1149)
	at java.util.concurrent.ThreadPoolExecutor$Worker.run(ThreadPoolExecutor.java:624)
	... 1 more
Caused by: org.apache.ratis.thirdparty.io.netty.channel.AbstractChannel$AnnotatedConnectException: Connection refused: /192.168.69.122:39811
	at sun.nio.ch.SocketChannelImpl.checkConnect(Native Method)
	at sun.nio.ch.SocketChannelImpl.finishConnect(SocketChannelImpl.java:717)
	at org.apache.ratis.thirdparty.io.netty.channel.socket.nio.NioSocketChannel.doFinishConnect(NioSocketChannel.java:327)
	at org.apache.ratis.thirdparty.io.netty.channel.nio.AbstractNioChannel$AbstractNioUnsafe.finishConnect(AbstractNioChannel.java:340)
	at org.apache.ratis.thirdparty.io.netty.channel.nio.NioEventLoop.processSelectedKey(NioEventLoop.java:632)
	at org.apache.ratis.thirdparty.io.netty.channel.nio.NioEventLoop.processSelectedKeysOptimized(NioEventLoop.java:579)
	at org.apache.ratis.thirdparty.io.netty.channel.nio.NioEventLoop.processSelectedKeys(NioEventLoop.java:496)
	at org.apache.ratis.thirdparty.io.netty.channel.nio.NioEventLoop.run(NioEventLoop.java:458)
	at org.apache.ratis.thirdparty.io.netty.util.concurrent.SingleThreadEventExecutor$5.run(SingleThreadEventExecutor.java:897)
	at org.apache.ratis.thirdparty.io.netty.util.concurrent.FastThreadLocalRunnable.run(FastThreadLocalRunnable.java:30)
	... 1 more
Caused by: java.net.ConnectException: Connection refused
	... 11 more
2019-11-13 16:21:04,443 [66a098cb-53c0-4f05-8b16-ad76b3c07384@group-F14CED7F129D-LeaderElection101] INFO  impl.LeaderElection (LogUtils.java:infoOrTrace(149)) -   Exception 1: {}
java.util.concurrent.ExecutionException: org.apache.ratis.thirdparty.io.grpc.StatusRuntimeException: UNAVAILABLE: io exception
	at java.util.concurrent.FutureTask.report(FutureTask.java:122)
	at java.util.concurrent.FutureTask.get(FutureTask.java:192)
	at org.apache.ratis.server.impl.LeaderElection.waitForResults(LeaderElection.java:259)
	at org.apache.ratis.server.impl.LeaderElection.askForVotes(LeaderElection.java:197)
	at org.apache.ratis.server.impl.LeaderElection.run(LeaderElection.java:133)
	at java.lang.Thread.run(Thread.java:748)
Caused by: org.apache.ratis.thirdparty.io.grpc.StatusRuntimeException: UNAVAILABLE: io exception
	at org.apache.ratis.thirdparty.io.grpc.stub.ClientCalls.toStatusRuntimeException(ClientCalls.java:233)
	at org.apache.ratis.thirdparty.io.grpc.stub.ClientCalls.getUnchecked(ClientCalls.java:214)
	at org.apache.ratis.thirdparty.io.grpc.stub.ClientCalls.blockingUnaryCall(ClientCalls.java:139)
	at org.apache.ratis.proto.grpc.RaftServerProtocolServiceGrpc$RaftServerProtocolServiceBlockingStub.requestVote(RaftServerProtocolServiceGrpc.java:265)
	at org.apache.ratis.grpc.server.GrpcServerProtocolClient.requestVote(GrpcServerProtocolClient.java:99)
	at org.apache.ratis.grpc.server.GrpcService.requestVote(GrpcService.java:204)
	at org.apache.ratis.server.impl.LeaderElection.lambda$submitRequests$1(LeaderElection.java:234)
	at java.util.concurrent.FutureTask.run(FutureTask.java:266)
	at java.util.concurrent.Executors$RunnableAdapter.call(Executors.java:511)
	at java.util.concurrent.FutureTask.run(FutureTask.java:266)
	at java.util.concurrent.ThreadPoolExecutor.runWorker(ThreadPoolExecutor.java:1149)
	at java.util.concurrent.ThreadPoolExecutor$Worker.run(ThreadPoolExecutor.java:624)
	... 1 more
Caused by: org.apache.ratis.thirdparty.io.netty.channel.AbstractChannel$AnnotatedConnectException: Connection refused: /192.168.69.122:40942
	at sun.nio.ch.SocketChannelImpl.checkConnect(Native Method)
	at sun.nio.ch.SocketChannelImpl.finishConnect(SocketChannelImpl.java:717)
	at org.apache.ratis.thirdparty.io.netty.channel.socket.nio.NioSocketChannel.doFinishConnect(NioSocketChannel.java:327)
	at org.apache.ratis.thirdparty.io.netty.channel.nio.AbstractNioChannel$AbstractNioUnsafe.finishConnect(AbstractNioChannel.java:340)
	at org.apache.ratis.thirdparty.io.netty.channel.nio.NioEventLoop.processSelectedKey(NioEventLoop.java:632)
	at org.apache.ratis.thirdparty.io.netty.channel.nio.NioEventLoop.processSelectedKeysOptimized(NioEventLoop.java:579)
	at org.apache.ratis.thirdparty.io.netty.channel.nio.NioEventLoop.processSelectedKeys(NioEventLoop.java:496)
	at org.apache.ratis.thirdparty.io.netty.channel.nio.NioEventLoop.run(NioEventLoop.java:458)
	at org.apache.ratis.thirdparty.io.netty.util.concurrent.SingleThreadEventExecutor$5.run(SingleThreadEventExecutor.java:897)
	at org.apache.ratis.thirdparty.io.netty.util.concurrent.FastThreadLocalRunnable.run(FastThreadLocalRunnable.java:30)
	... 1 more
Caused by: java.net.ConnectException: Connection refused
	... 11 more
2019-11-13 16:21:04,443 [66a098cb-53c0-4f05-8b16-ad76b3c07384@group-F14CED7F129D-LeaderElection101] INFO  impl.RaftServerImpl (RaftServerImpl.java:setRole(173)) - 66a098cb-53c0-4f05-8b16-ad76b3c07384@group-F14CED7F129D: changes role from CANDIDATE to FOLLOWER at term 9 for DISCOVERED_A_NEW_TERM
2019-11-13 16:21:04,443 [66a098cb-53c0-4f05-8b16-ad76b3c07384@group-F14CED7F129D-LeaderElection101] INFO  impl.RoleInfo (RoleInfo.java:shutdownLeaderElection(134)) - 66a098cb-53c0-4f05-8b16-ad76b3c07384: shutdown LeaderElection
2019-11-13 16:21:04,443 [66a098cb-53c0-4f05-8b16-ad76b3c07384@group-F14CED7F129D-LeaderElection101] INFO  impl.RoleInfo (RoleInfo.java:updateAndGet(143)) - 66a098cb-53c0-4f05-8b16-ad76b3c07384: start FollowerState
2019-11-13 16:21:04,782 [grpc-default-executor-1] WARN  server.GrpcLogAppender (LogUtils.java:warn(134)) - c8ab3730-25d4-490d-a322-cbffb61abc7d@group-72AFD38E77E4->0d99dfee-4670-49f5-9a57-a4288445f0bf-AppendLogResponseHandler: Failed appendEntries: org.apache.ratis.thirdparty.io.grpc.StatusRuntimeException: UNAVAILABLE: io exception
2019-11-13 16:21:04,783 [grpc-default-executor-1] INFO  impl.FollowerInfo (FollowerInfo.java:lambda$new$0(51)) - c8ab3730-25d4-490d-a322-cbffb61abc7d@group-72AFD38E77E4->0d99dfee-4670-49f5-9a57-a4288445f0bf: nextIndex: updateUnconditionally 0 -> 0
2019-11-13 16:21:04,841 [grpc-default-executor-1] WARN  server.GrpcLogAppender (LogUtils.java:warn(134)) - c8ab3730-25d4-490d-a322-cbffb61abc7d@group-72AFD38E77E4->23e196cf-bea2-4a46-b492-74457a62baf8-AppendLogResponseHandler: Failed appendEntries: org.apache.ratis.thirdparty.io.grpc.StatusRuntimeException: UNAVAILABLE: io exception
2019-11-13 16:21:04,842 [grpc-default-executor-1] INFO  impl.FollowerInfo (FollowerInfo.java:lambda$new$0(51)) - c8ab3730-25d4-490d-a322-cbffb61abc7d@group-72AFD38E77E4->23e196cf-bea2-4a46-b492-74457a62baf8: nextIndex: updateUnconditionally 0 -> 0
2019-11-13 16:21:05,286 [grpc-default-executor-1] WARN  server.GrpcLogAppender (LogUtils.java:warn(134)) - c8ab3730-25d4-490d-a322-cbffb61abc7d@group-72AFD38E77E4->0d99dfee-4670-49f5-9a57-a4288445f0bf-AppendLogResponseHandler: Failed appendEntries: org.apache.ratis.thirdparty.io.grpc.StatusRuntimeException: UNAVAILABLE: io exception
2019-11-13 16:21:05,286 [grpc-default-executor-1] INFO  impl.FollowerInfo (FollowerInfo.java:lambda$new$0(51)) - c8ab3730-25d4-490d-a322-cbffb61abc7d@group-72AFD38E77E4->0d99dfee-4670-49f5-9a57-a4288445f0bf: nextIndex: updateUnconditionally 0 -> 0
2019-11-13 16:21:05,343 [grpc-default-executor-1] WARN  server.GrpcLogAppender (LogUtils.java:warn(134)) - c8ab3730-25d4-490d-a322-cbffb61abc7d@group-72AFD38E77E4->23e196cf-bea2-4a46-b492-74457a62baf8-AppendLogResponseHandler: Failed appendEntries: org.apache.ratis.thirdparty.io.grpc.StatusRuntimeException: UNAVAILABLE: io exception
2019-11-13 16:21:05,343 [grpc-default-executor-1] INFO  impl.FollowerInfo (FollowerInfo.java:lambda$new$0(51)) - c8ab3730-25d4-490d-a322-cbffb61abc7d@group-72AFD38E77E4->23e196cf-bea2-4a46-b492-74457a62baf8: nextIndex: updateUnconditionally 0 -> 0
2019-11-13 16:21:05,421 [Thread-1757] INFO  impl.FollowerState (FollowerState.java:run(111)) - a3f5b1ff-5ddb-40c7-8bbd-1ae7c3cdb433@group-8F7AB9145989-FollowerState: change to CANDIDATE, lastRpcTime:1071ms, electionTimeout:1071ms
2019-11-13 16:21:05,421 [Thread-1757] INFO  impl.RoleInfo (RoleInfo.java:shutdownFollowerState(121)) - a3f5b1ff-5ddb-40c7-8bbd-1ae7c3cdb433: shutdown FollowerState
2019-11-13 16:21:05,421 [Thread-1757] INFO  impl.RaftServerImpl (RaftServerImpl.java:setRole(173)) - a3f5b1ff-5ddb-40c7-8bbd-1ae7c3cdb433@group-8F7AB9145989: changes role from  FOLLOWER to CANDIDATE at term 3 for changeToCandidate
2019-11-13 16:21:05,421 [Thread-1757] INFO  impl.RoleInfo (RoleInfo.java:updateAndGet(143)) - a3f5b1ff-5ddb-40c7-8bbd-1ae7c3cdb433: start LeaderElection
2019-11-13 16:21:05,445 [a3f5b1ff-5ddb-40c7-8bbd-1ae7c3cdb433@group-8F7AB9145989-LeaderElection102] INFO  impl.LeaderElection (LeaderElection.java:askForVotes(178)) - a3f5b1ff-5ddb-40c7-8bbd-1ae7c3cdb433@group-8F7AB9145989-LeaderElection102: begin an election at term 4 for 0: [d45a2df2-8f38-43ec-9df7-e5c52ac58263:192.168.69.122:44126, 285e9247-2161-496e-af81-9a87b6b231d9:192.168.69.122:38616, a3f5b1ff-5ddb-40c7-8bbd-1ae7c3cdb433:192.168.69.122:40390], old=null
2019-11-13 16:21:05,446 [a3f5b1ff-5ddb-40c7-8bbd-1ae7c3cdb433@group-8F7AB9145989-LeaderElection102] INFO  impl.LeaderElection (LogUtils.java:infoOrTrace(149)) - a3f5b1ff-5ddb-40c7-8bbd-1ae7c3cdb433@group-8F7AB9145989-LeaderElection102 got exception when requesting votes: {}
java.util.concurrent.ExecutionException: org.apache.ratis.thirdparty.io.grpc.StatusRuntimeException: UNAVAILABLE: io exception
	at java.util.concurrent.FutureTask.report(FutureTask.java:122)
	at java.util.concurrent.FutureTask.get(FutureTask.java:192)
	at org.apache.ratis.server.impl.LeaderElection.waitForResults(LeaderElection.java:259)
	at org.apache.ratis.server.impl.LeaderElection.askForVotes(LeaderElection.java:197)
	at org.apache.ratis.server.impl.LeaderElection.run(LeaderElection.java:133)
	at java.lang.Thread.run(Thread.java:748)
Caused by: org.apache.ratis.thirdparty.io.grpc.StatusRuntimeException: UNAVAILABLE: io exception
	at org.apache.ratis.thirdparty.io.grpc.stub.ClientCalls.toStatusRuntimeException(ClientCalls.java:233)
	at org.apache.ratis.thirdparty.io.grpc.stub.ClientCalls.getUnchecked(ClientCalls.java:214)
	at org.apache.ratis.thirdparty.io.grpc.stub.ClientCalls.blockingUnaryCall(ClientCalls.java:139)
	at org.apache.ratis.proto.grpc.RaftServerProtocolServiceGrpc$RaftServerProtocolServiceBlockingStub.requestVote(RaftServerProtocolServiceGrpc.java:265)
	at org.apache.ratis.grpc.server.GrpcServerProtocolClient.requestVote(GrpcServerProtocolClient.java:99)
	at org.apache.ratis.grpc.server.GrpcService.requestVote(GrpcService.java:204)
	at org.apache.ratis.server.impl.LeaderElection.lambda$submitRequests$1(LeaderElection.java:234)
	at java.util.concurrent.FutureTask.run(FutureTask.java:266)
	at java.util.concurrent.Executors$RunnableAdapter.call(Executors.java:511)
	at java.util.concurrent.FutureTask.run(FutureTask.java:266)
	at java.util.concurrent.ThreadPoolExecutor.runWorker(ThreadPoolExecutor.java:1149)
	at java.util.concurrent.ThreadPoolExecutor$Worker.run(ThreadPoolExecutor.java:624)
	... 1 more
Caused by: org.apache.ratis.thirdparty.io.netty.channel.AbstractChannel$AnnotatedConnectException: Connection refused: /192.168.69.122:38616
	at sun.nio.ch.SocketChannelImpl.checkConnect(Native Method)
	at sun.nio.ch.SocketChannelImpl.finishConnect(SocketChannelImpl.java:717)
	at org.apache.ratis.thirdparty.io.netty.channel.socket.nio.NioSocketChannel.doFinishConnect(NioSocketChannel.java:327)
	at org.apache.ratis.thirdparty.io.netty.channel.nio.AbstractNioChannel$AbstractNioUnsafe.finishConnect(AbstractNioChannel.java:340)
	at org.apache.ratis.thirdparty.io.netty.channel.nio.NioEventLoop.processSelectedKey(NioEventLoop.java:632)
	at org.apache.ratis.thirdparty.io.netty.channel.nio.NioEventLoop.processSelectedKeysOptimized(NioEventLoop.java:579)
	at org.apache.ratis.thirdparty.io.netty.channel.nio.NioEventLoop.processSelectedKeys(NioEventLoop.java:496)
	at org.apache.ratis.thirdparty.io.netty.channel.nio.NioEventLoop.run(NioEventLoop.java:458)
	at org.apache.ratis.thirdparty.io.netty.util.concurrent.SingleThreadEventExecutor$5.run(SingleThreadEventExecutor.java:897)
	at org.apache.ratis.thirdparty.io.netty.util.concurrent.FastThreadLocalRunnable.run(FastThreadLocalRunnable.java:30)
	... 1 more
Caused by: java.net.ConnectException: Connection refused
	... 11 more
2019-11-13 16:21:05,447 [a3f5b1ff-5ddb-40c7-8bbd-1ae7c3cdb433@group-8F7AB9145989-LeaderElection102] INFO  impl.LeaderElection (LogUtils.java:infoOrTrace(149)) - a3f5b1ff-5ddb-40c7-8bbd-1ae7c3cdb433@group-8F7AB9145989-LeaderElection102 got exception when requesting votes: {}
java.util.concurrent.ExecutionException: org.apache.ratis.thirdparty.io.grpc.StatusRuntimeException: UNAVAILABLE: io exception
	at java.util.concurrent.FutureTask.report(FutureTask.java:122)
	at java.util.concurrent.FutureTask.get(FutureTask.java:192)
	at org.apache.ratis.server.impl.LeaderElection.waitForResults(LeaderElection.java:259)
	at org.apache.ratis.server.impl.LeaderElection.askForVotes(LeaderElection.java:197)
	at org.apache.ratis.server.impl.LeaderElection.run(LeaderElection.java:133)
	at java.lang.Thread.run(Thread.java:748)
Caused by: org.apache.ratis.thirdparty.io.grpc.StatusRuntimeException: UNAVAILABLE: io exception
	at org.apache.ratis.thirdparty.io.grpc.stub.ClientCalls.toStatusRuntimeException(ClientCalls.java:233)
	at org.apache.ratis.thirdparty.io.grpc.stub.ClientCalls.getUnchecked(ClientCalls.java:214)
	at org.apache.ratis.thirdparty.io.grpc.stub.ClientCalls.blockingUnaryCall(ClientCalls.java:139)
	at org.apache.ratis.proto.grpc.RaftServerProtocolServiceGrpc$RaftServerProtocolServiceBlockingStub.requestVote(RaftServerProtocolServiceGrpc.java:265)
	at org.apache.ratis.grpc.server.GrpcServerProtocolClient.requestVote(GrpcServerProtocolClient.java:99)
	at org.apache.ratis.grpc.server.GrpcService.requestVote(GrpcService.java:204)
	at org.apache.ratis.server.impl.LeaderElection.lambda$submitRequests$1(LeaderElection.java:234)
	at java.util.concurrent.FutureTask.run(FutureTask.java:266)
	at java.util.concurrent.Executors$RunnableAdapter.call(Executors.java:511)
	at java.util.concurrent.FutureTask.run(FutureTask.java:266)
	at java.util.concurrent.ThreadPoolExecutor.runWorker(ThreadPoolExecutor.java:1149)
	at java.util.concurrent.ThreadPoolExecutor$Worker.run(ThreadPoolExecutor.java:624)
	... 1 more
Caused by: org.apache.ratis.thirdparty.io.netty.channel.AbstractChannel$AnnotatedConnectException: Connection refused: /192.168.69.122:44126
	at sun.nio.ch.SocketChannelImpl.checkConnect(Native Method)
	at sun.nio.ch.SocketChannelImpl.finishConnect(SocketChannelImpl.java:717)
	at org.apache.ratis.thirdparty.io.netty.channel.socket.nio.NioSocketChannel.doFinishConnect(NioSocketChannel.java:327)
	at org.apache.ratis.thirdparty.io.netty.channel.nio.AbstractNioChannel$AbstractNioUnsafe.finishConnect(AbstractNioChannel.java:340)
	at org.apache.ratis.thirdparty.io.netty.channel.nio.NioEventLoop.processSelectedKey(NioEventLoop.java:632)
	at org.apache.ratis.thirdparty.io.netty.channel.nio.NioEventLoop.processSelectedKeysOptimized(NioEventLoop.java:579)
	at org.apache.ratis.thirdparty.io.netty.channel.nio.NioEventLoop.processSelectedKeys(NioEventLoop.java:496)
	at org.apache.ratis.thirdparty.io.netty.channel.nio.NioEventLoop.run(NioEventLoop.java:458)
	at org.apache.ratis.thirdparty.io.netty.util.concurrent.SingleThreadEventExecutor$5.run(SingleThreadEventExecutor.java:897)
	at org.apache.ratis.thirdparty.io.netty.util.concurrent.FastThreadLocalRunnable.run(FastThreadLocalRunnable.java:30)
	... 1 more
Caused by: java.net.ConnectException: Connection refused
	... 11 more
2019-11-13 16:21:05,447 [a3f5b1ff-5ddb-40c7-8bbd-1ae7c3cdb433@group-8F7AB9145989-LeaderElection102] INFO  impl.LeaderElection (LeaderElection.java:logAndReturn(56)) - a3f5b1ff-5ddb-40c7-8bbd-1ae7c3cdb433@group-8F7AB9145989-LeaderElection102: Election REJECTED; received 0 response(s) [] and 2 exception(s); a3f5b1ff-5ddb-40c7-8bbd-1ae7c3cdb433@group-8F7AB9145989:t4, leader=null, voted=a3f5b1ff-5ddb-40c7-8bbd-1ae7c3cdb433, raftlog=a3f5b1ff-5ddb-40c7-8bbd-1ae7c3cdb433@group-8F7AB9145989-SegmentedRaftLog:OPENED:c4,f4,i4, conf=0: [d45a2df2-8f38-43ec-9df7-e5c52ac58263:192.168.69.122:44126, 285e9247-2161-496e-af81-9a87b6b231d9:192.168.69.122:38616, a3f5b1ff-5ddb-40c7-8bbd-1ae7c3cdb433:192.168.69.122:40390], old=null
2019-11-13 16:21:05,447 [a3f5b1ff-5ddb-40c7-8bbd-1ae7c3cdb433@group-8F7AB9145989-LeaderElection102] INFO  impl.LeaderElection (LogUtils.java:infoOrTrace(149)) -   Exception 0: {}
java.util.concurrent.ExecutionException: org.apache.ratis.thirdparty.io.grpc.StatusRuntimeException: UNAVAILABLE: io exception
	at java.util.concurrent.FutureTask.report(FutureTask.java:122)
	at java.util.concurrent.FutureTask.get(FutureTask.java:192)
	at org.apache.ratis.server.impl.LeaderElection.waitForResults(LeaderElection.java:259)
	at org.apache.ratis.server.impl.LeaderElection.askForVotes(LeaderElection.java:197)
	at org.apache.ratis.server.impl.LeaderElection.run(LeaderElection.java:133)
	at java.lang.Thread.run(Thread.java:748)
Caused by: org.apache.ratis.thirdparty.io.grpc.StatusRuntimeException: UNAVAILABLE: io exception
	at org.apache.ratis.thirdparty.io.grpc.stub.ClientCalls.toStatusRuntimeException(ClientCalls.java:233)
	at org.apache.ratis.thirdparty.io.grpc.stub.ClientCalls.getUnchecked(ClientCalls.java:214)
	at org.apache.ratis.thirdparty.io.grpc.stub.ClientCalls.blockingUnaryCall(ClientCalls.java:139)
	at org.apache.ratis.proto.grpc.RaftServerProtocolServiceGrpc$RaftServerProtocolServiceBlockingStub.requestVote(RaftServerProtocolServiceGrpc.java:265)
	at org.apache.ratis.grpc.server.GrpcServerProtocolClient.requestVote(GrpcServerProtocolClient.java:99)
	at org.apache.ratis.grpc.server.GrpcService.requestVote(GrpcService.java:204)
	at org.apache.ratis.server.impl.LeaderElection.lambda$submitRequests$1(LeaderElection.java:234)
	at java.util.concurrent.FutureTask.run(FutureTask.java:266)
	at java.util.concurrent.Executors$RunnableAdapter.call(Executors.java:511)
	at java.util.concurrent.FutureTask.run(FutureTask.java:266)
	at java.util.concurrent.ThreadPoolExecutor.runWorker(ThreadPoolExecutor.java:1149)
	at java.util.concurrent.ThreadPoolExecutor$Worker.run(ThreadPoolExecutor.java:624)
	... 1 more
Caused by: org.apache.ratis.thirdparty.io.netty.channel.AbstractChannel$AnnotatedConnectException: Connection refused: /192.168.69.122:38616
	at sun.nio.ch.SocketChannelImpl.checkConnect(Native Method)
	at sun.nio.ch.SocketChannelImpl.finishConnect(SocketChannelImpl.java:717)
	at org.apache.ratis.thirdparty.io.netty.channel.socket.nio.NioSocketChannel.doFinishConnect(NioSocketChannel.java:327)
	at org.apache.ratis.thirdparty.io.netty.channel.nio.AbstractNioChannel$AbstractNioUnsafe.finishConnect(AbstractNioChannel.java:340)
	at org.apache.ratis.thirdparty.io.netty.channel.nio.NioEventLoop.processSelectedKey(NioEventLoop.java:632)
	at org.apache.ratis.thirdparty.io.netty.channel.nio.NioEventLoop.processSelectedKeysOptimized(NioEventLoop.java:579)
	at org.apache.ratis.thirdparty.io.netty.channel.nio.NioEventLoop.processSelectedKeys(NioEventLoop.java:496)
	at org.apache.ratis.thirdparty.io.netty.channel.nio.NioEventLoop.run(NioEventLoop.java:458)
	at org.apache.ratis.thirdparty.io.netty.util.concurrent.SingleThreadEventExecutor$5.run(SingleThreadEventExecutor.java:897)
	at org.apache.ratis.thirdparty.io.netty.util.concurrent.FastThreadLocalRunnable.run(FastThreadLocalRunnable.java:30)
	... 1 more
Caused by: java.net.ConnectException: Connection refused
	... 11 more
2019-11-13 16:21:05,448 [a3f5b1ff-5ddb-40c7-8bbd-1ae7c3cdb433@group-8F7AB9145989-LeaderElection102] INFO  impl.LeaderElection (LogUtils.java:infoOrTrace(149)) -   Exception 1: {}
java.util.concurrent.ExecutionException: org.apache.ratis.thirdparty.io.grpc.StatusRuntimeException: UNAVAILABLE: io exception
	at java.util.concurrent.FutureTask.report(FutureTask.java:122)
	at java.util.concurrent.FutureTask.get(FutureTask.java:192)
	at org.apache.ratis.server.impl.LeaderElection.waitForResults(LeaderElection.java:259)
	at org.apache.ratis.server.impl.LeaderElection.askForVotes(LeaderElection.java:197)
	at org.apache.ratis.server.impl.LeaderElection.run(LeaderElection.java:133)
	at java.lang.Thread.run(Thread.java:748)
Caused by: org.apache.ratis.thirdparty.io.grpc.StatusRuntimeException: UNAVAILABLE: io exception
	at org.apache.ratis.thirdparty.io.grpc.stub.ClientCalls.toStatusRuntimeException(ClientCalls.java:233)
	at org.apache.ratis.thirdparty.io.grpc.stub.ClientCalls.getUnchecked(ClientCalls.java:214)
	at org.apache.ratis.thirdparty.io.grpc.stub.ClientCalls.blockingUnaryCall(ClientCalls.java:139)
	at org.apache.ratis.proto.grpc.RaftServerProtocolServiceGrpc$RaftServerProtocolServiceBlockingStub.requestVote(RaftServerProtocolServiceGrpc.java:265)
	at org.apache.ratis.grpc.server.GrpcServerProtocolClient.requestVote(GrpcServerProtocolClient.java:99)
	at org.apache.ratis.grpc.server.GrpcService.requestVote(GrpcService.java:204)
	at org.apache.ratis.server.impl.LeaderElection.lambda$submitRequests$1(LeaderElection.java:234)
	at java.util.concurrent.FutureTask.run(FutureTask.java:266)
	at java.util.concurrent.Executors$RunnableAdapter.call(Executors.java:511)
	at java.util.concurrent.FutureTask.run(FutureTask.java:266)
	at java.util.concurrent.ThreadPoolExecutor.runWorker(ThreadPoolExecutor.java:1149)
	at java.util.concurrent.ThreadPoolExecutor$Worker.run(ThreadPoolExecutor.java:624)
	... 1 more
Caused by: org.apache.ratis.thirdparty.io.netty.channel.AbstractChannel$AnnotatedConnectException: Connection refused: /192.168.69.122:44126
	at sun.nio.ch.SocketChannelImpl.checkConnect(Native Method)
	at sun.nio.ch.SocketChannelImpl.finishConnect(SocketChannelImpl.java:717)
	at org.apache.ratis.thirdparty.io.netty.channel.socket.nio.NioSocketChannel.doFinishConnect(NioSocketChannel.java:327)
	at org.apache.ratis.thirdparty.io.netty.channel.nio.AbstractNioChannel$AbstractNioUnsafe.finishConnect(AbstractNioChannel.java:340)
	at org.apache.ratis.thirdparty.io.netty.channel.nio.NioEventLoop.processSelectedKey(NioEventLoop.java:632)
	at org.apache.ratis.thirdparty.io.netty.channel.nio.NioEventLoop.processSelectedKeysOptimized(NioEventLoop.java:579)
	at org.apache.ratis.thirdparty.io.netty.channel.nio.NioEventLoop.processSelectedKeys(NioEventLoop.java:496)
	at org.apache.ratis.thirdparty.io.netty.channel.nio.NioEventLoop.run(NioEventLoop.java:458)
	at org.apache.ratis.thirdparty.io.netty.util.concurrent.SingleThreadEventExecutor$5.run(SingleThreadEventExecutor.java:897)
	at org.apache.ratis.thirdparty.io.netty.util.concurrent.FastThreadLocalRunnable.run(FastThreadLocalRunnable.java:30)
	... 1 more
Caused by: java.net.ConnectException: Connection refused
	... 11 more
2019-11-13 16:21:05,448 [a3f5b1ff-5ddb-40c7-8bbd-1ae7c3cdb433@group-8F7AB9145989-LeaderElection102] INFO  impl.RaftServerImpl (RaftServerImpl.java:setRole(173)) - a3f5b1ff-5ddb-40c7-8bbd-1ae7c3cdb433@group-8F7AB9145989: changes role from CANDIDATE to FOLLOWER at term 4 for DISCOVERED_A_NEW_TERM
2019-11-13 16:21:05,448 [a3f5b1ff-5ddb-40c7-8bbd-1ae7c3cdb433@group-8F7AB9145989-LeaderElection102] INFO  impl.RoleInfo (RoleInfo.java:shutdownLeaderElection(134)) - a3f5b1ff-5ddb-40c7-8bbd-1ae7c3cdb433: shutdown LeaderElection
2019-11-13 16:21:05,448 [a3f5b1ff-5ddb-40c7-8bbd-1ae7c3cdb433@group-8F7AB9145989-LeaderElection102] INFO  impl.RoleInfo (RoleInfo.java:updateAndGet(143)) - a3f5b1ff-5ddb-40c7-8bbd-1ae7c3cdb433: start FollowerState
2019-11-13 16:21:05,576 [Thread-1761] INFO  impl.FollowerState (FollowerState.java:run(111)) - 66a098cb-53c0-4f05-8b16-ad76b3c07384@group-F14CED7F129D-FollowerState: change to CANDIDATE, lastRpcTime:1133ms, electionTimeout:1133ms
2019-11-13 16:21:05,577 [Thread-1761] INFO  impl.RoleInfo (RoleInfo.java:shutdownFollowerState(121)) - 66a098cb-53c0-4f05-8b16-ad76b3c07384: shutdown FollowerState
2019-11-13 16:21:05,577 [Thread-1761] INFO  impl.RaftServerImpl (RaftServerImpl.java:setRole(173)) - 66a098cb-53c0-4f05-8b16-ad76b3c07384@group-F14CED7F129D: changes role from  FOLLOWER to CANDIDATE at term 9 for changeToCandidate
2019-11-13 16:21:05,577 [Thread-1761] INFO  impl.RoleInfo (RoleInfo.java:updateAndGet(143)) - 66a098cb-53c0-4f05-8b16-ad76b3c07384: start LeaderElection
2019-11-13 16:21:05,601 [66a098cb-53c0-4f05-8b16-ad76b3c07384@group-F14CED7F129D-LeaderElection103] INFO  impl.LeaderElection (LeaderElection.java:askForVotes(178)) - 66a098cb-53c0-4f05-8b16-ad76b3c07384@group-F14CED7F129D-LeaderElection103: begin an election at term 10 for 1: [3fa6b523-0f53-44bb-b345-f5f355eab07b:192.168.69.122:39811, ece9b524-37b5-4407-b642-ea356430eaaa:192.168.69.122:40942, 66a098cb-53c0-4f05-8b16-ad76b3c07384:192.168.69.122:36855], old=null
2019-11-13 16:21:05,604 [66a098cb-53c0-4f05-8b16-ad76b3c07384@group-F14CED7F129D-LeaderElection103] INFO  impl.LeaderElection (LogUtils.java:infoOrTrace(149)) - 66a098cb-53c0-4f05-8b16-ad76b3c07384@group-F14CED7F129D-LeaderElection103 got exception when requesting votes: {}
java.util.concurrent.ExecutionException: org.apache.ratis.thirdparty.io.grpc.StatusRuntimeException: UNAVAILABLE: io exception
	at java.util.concurrent.FutureTask.report(FutureTask.java:122)
	at java.util.concurrent.FutureTask.get(FutureTask.java:192)
	at org.apache.ratis.server.impl.LeaderElection.waitForResults(LeaderElection.java:259)
	at org.apache.ratis.server.impl.LeaderElection.askForVotes(LeaderElection.java:197)
	at org.apache.ratis.server.impl.LeaderElection.run(LeaderElection.java:133)
	at java.lang.Thread.run(Thread.java:748)
Caused by: org.apache.ratis.thirdparty.io.grpc.StatusRuntimeException: UNAVAILABLE: io exception
	at org.apache.ratis.thirdparty.io.grpc.stub.ClientCalls.toStatusRuntimeException(ClientCalls.java:233)
	at org.apache.ratis.thirdparty.io.grpc.stub.ClientCalls.getUnchecked(ClientCalls.java:214)
	at org.apache.ratis.thirdparty.io.grpc.stub.ClientCalls.blockingUnaryCall(ClientCalls.java:139)
	at org.apache.ratis.proto.grpc.RaftServerProtocolServiceGrpc$RaftServerProtocolServiceBlockingStub.requestVote(RaftServerProtocolServiceGrpc.java:265)
	at org.apache.ratis.grpc.server.GrpcServerProtocolClient.requestVote(GrpcServerProtocolClient.java:99)
	at org.apache.ratis.grpc.server.GrpcService.requestVote(GrpcService.java:204)
	at org.apache.ratis.server.impl.LeaderElection.lambda$submitRequests$1(LeaderElection.java:234)
	at java.util.concurrent.FutureTask.run(FutureTask.java:266)
	at java.util.concurrent.Executors$RunnableAdapter.call(Executors.java:511)
	at java.util.concurrent.FutureTask.run(FutureTask.java:266)
	at java.util.concurrent.ThreadPoolExecutor.runWorker(ThreadPoolExecutor.java:1149)
	at java.util.concurrent.ThreadPoolExecutor$Worker.run(ThreadPoolExecutor.java:624)
	... 1 more
Caused by: org.apache.ratis.thirdparty.io.netty.channel.AbstractChannel$AnnotatedConnectException: Connection refused: /192.168.69.122:39811
	at sun.nio.ch.SocketChannelImpl.checkConnect(Native Method)
	at sun.nio.ch.SocketChannelImpl.finishConnect(SocketChannelImpl.java:717)
	at org.apache.ratis.thirdparty.io.netty.channel.socket.nio.NioSocketChannel.doFinishConnect(NioSocketChannel.java:327)
	at org.apache.ratis.thirdparty.io.netty.channel.nio.AbstractNioChannel$AbstractNioUnsafe.finishConnect(AbstractNioChannel.java:340)
	at org.apache.ratis.thirdparty.io.netty.channel.nio.NioEventLoop.processSelectedKey(NioEventLoop.java:632)
	at org.apache.ratis.thirdparty.io.netty.channel.nio.NioEventLoop.processSelectedKeysOptimized(NioEventLoop.java:579)
	at org.apache.ratis.thirdparty.io.netty.channel.nio.NioEventLoop.processSelectedKeys(NioEventLoop.java:496)
	at org.apache.ratis.thirdparty.io.netty.channel.nio.NioEventLoop.run(NioEventLoop.java:458)
	at org.apache.ratis.thirdparty.io.netty.util.concurrent.SingleThreadEventExecutor$5.run(SingleThreadEventExecutor.java:897)
	at org.apache.ratis.thirdparty.io.netty.util.concurrent.FastThreadLocalRunnable.run(FastThreadLocalRunnable.java:30)
	... 1 more
Caused by: java.net.ConnectException: Connection refused
	... 11 more
2019-11-13 16:21:05,604 [66a098cb-53c0-4f05-8b16-ad76b3c07384@group-F14CED7F129D-LeaderElection103] INFO  impl.LeaderElection (LogUtils.java:infoOrTrace(149)) - 66a098cb-53c0-4f05-8b16-ad76b3c07384@group-F14CED7F129D-LeaderElection103 got exception when requesting votes: {}
java.util.concurrent.ExecutionException: org.apache.ratis.thirdparty.io.grpc.StatusRuntimeException: UNAVAILABLE: io exception
	at java.util.concurrent.FutureTask.report(FutureTask.java:122)
	at java.util.concurrent.FutureTask.get(FutureTask.java:192)
	at org.apache.ratis.server.impl.LeaderElection.waitForResults(LeaderElection.java:259)
	at org.apache.ratis.server.impl.LeaderElection.askForVotes(LeaderElection.java:197)
	at org.apache.ratis.server.impl.LeaderElection.run(LeaderElection.java:133)
	at java.lang.Thread.run(Thread.java:748)
Caused by: org.apache.ratis.thirdparty.io.grpc.StatusRuntimeException: UNAVAILABLE: io exception
	at org.apache.ratis.thirdparty.io.grpc.stub.ClientCalls.toStatusRuntimeException(ClientCalls.java:233)
	at org.apache.ratis.thirdparty.io.grpc.stub.ClientCalls.getUnchecked(ClientCalls.java:214)
	at org.apache.ratis.thirdparty.io.grpc.stub.ClientCalls.blockingUnaryCall(ClientCalls.java:139)
	at org.apache.ratis.proto.grpc.RaftServerProtocolServiceGrpc$RaftServerProtocolServiceBlockingStub.requestVote(RaftServerProtocolServiceGrpc.java:265)
	at org.apache.ratis.grpc.server.GrpcServerProtocolClient.requestVote(GrpcServerProtocolClient.java:99)
	at org.apache.ratis.grpc.server.GrpcService.requestVote(GrpcService.java:204)
	at org.apache.ratis.server.impl.LeaderElection.lambda$submitRequests$1(LeaderElection.java:234)
	at java.util.concurrent.FutureTask.run(FutureTask.java:266)
	at java.util.concurrent.Executors$RunnableAdapter.call(Executors.java:511)
	at java.util.concurrent.FutureTask.run(FutureTask.java:266)
	at java.util.concurrent.ThreadPoolExecutor.runWorker(ThreadPoolExecutor.java:1149)
	at java.util.concurrent.ThreadPoolExecutor$Worker.run(ThreadPoolExecutor.java:624)
	... 1 more
Caused by: org.apache.ratis.thirdparty.io.netty.channel.AbstractChannel$AnnotatedConnectException: Connection refused: /192.168.69.122:40942
	at sun.nio.ch.SocketChannelImpl.checkConnect(Native Method)
	at sun.nio.ch.SocketChannelImpl.finishConnect(SocketChannelImpl.java:717)
	at org.apache.ratis.thirdparty.io.netty.channel.socket.nio.NioSocketChannel.doFinishConnect(NioSocketChannel.java:327)
	at org.apache.ratis.thirdparty.io.netty.channel.nio.AbstractNioChannel$AbstractNioUnsafe.finishConnect(AbstractNioChannel.java:340)
	at org.apache.ratis.thirdparty.io.netty.channel.nio.NioEventLoop.processSelectedKey(NioEventLoop.java:632)
	at org.apache.ratis.thirdparty.io.netty.channel.nio.NioEventLoop.processSelectedKeysOptimized(NioEventLoop.java:579)
	at org.apache.ratis.thirdparty.io.netty.channel.nio.NioEventLoop.processSelectedKeys(NioEventLoop.java:496)
	at org.apache.ratis.thirdparty.io.netty.channel.nio.NioEventLoop.run(NioEventLoop.java:458)
	at org.apache.ratis.thirdparty.io.netty.util.concurrent.SingleThreadEventExecutor$5.run(SingleThreadEventExecutor.java:897)
	at org.apache.ratis.thirdparty.io.netty.util.concurrent.FastThreadLocalRunnable.run(FastThreadLocalRunnable.java:30)
	... 1 more
Caused by: java.net.ConnectException: Connection refused
	... 11 more
2019-11-13 16:21:05,605 [66a098cb-53c0-4f05-8b16-ad76b3c07384@group-F14CED7F129D-LeaderElection103] INFO  impl.LeaderElection (LeaderElection.java:logAndReturn(56)) - 66a098cb-53c0-4f05-8b16-ad76b3c07384@group-F14CED7F129D-LeaderElection103: Election REJECTED; received 0 response(s) [] and 2 exception(s); 66a098cb-53c0-4f05-8b16-ad76b3c07384@group-F14CED7F129D:t10, leader=null, voted=66a098cb-53c0-4f05-8b16-ad76b3c07384, raftlog=66a098cb-53c0-4f05-8b16-ad76b3c07384@group-F14CED7F129D-SegmentedRaftLog:OPENED:c2,f2,i2, conf=1: [3fa6b523-0f53-44bb-b345-f5f355eab07b:192.168.69.122:39811, ece9b524-37b5-4407-b642-ea356430eaaa:192.168.69.122:40942, 66a098cb-53c0-4f05-8b16-ad76b3c07384:192.168.69.122:36855], old=null
2019-11-13 16:21:05,605 [66a098cb-53c0-4f05-8b16-ad76b3c07384@group-F14CED7F129D-LeaderElection103] INFO  impl.LeaderElection (LogUtils.java:infoOrTrace(149)) -   Exception 0: {}
java.util.concurrent.ExecutionException: org.apache.ratis.thirdparty.io.grpc.StatusRuntimeException: UNAVAILABLE: io exception
	at java.util.concurrent.FutureTask.report(FutureTask.java:122)
	at java.util.concurrent.FutureTask.get(FutureTask.java:192)
	at org.apache.ratis.server.impl.LeaderElection.waitForResults(LeaderElection.java:259)
	at org.apache.ratis.server.impl.LeaderElection.askForVotes(LeaderElection.java:197)
	at org.apache.ratis.server.impl.LeaderElection.run(LeaderElection.java:133)
	at java.lang.Thread.run(Thread.java:748)
Caused by: org.apache.ratis.thirdparty.io.grpc.StatusRuntimeException: UNAVAILABLE: io exception
	at org.apache.ratis.thirdparty.io.grpc.stub.ClientCalls.toStatusRuntimeException(ClientCalls.java:233)
	at org.apache.ratis.thirdparty.io.grpc.stub.ClientCalls.getUnchecked(ClientCalls.java:214)
	at org.apache.ratis.thirdparty.io.grpc.stub.ClientCalls.blockingUnaryCall(ClientCalls.java:139)
	at org.apache.ratis.proto.grpc.RaftServerProtocolServiceGrpc$RaftServerProtocolServiceBlockingStub.requestVote(RaftServerProtocolServiceGrpc.java:265)
	at org.apache.ratis.grpc.server.GrpcServerProtocolClient.requestVote(GrpcServerProtocolClient.java:99)
	at org.apache.ratis.grpc.server.GrpcService.requestVote(GrpcService.java:204)
	at org.apache.ratis.server.impl.LeaderElection.lambda$submitRequests$1(LeaderElection.java:234)
	at java.util.concurrent.FutureTask.run(FutureTask.java:266)
	at java.util.concurrent.Executors$RunnableAdapter.call(Executors.java:511)
	at java.util.concurrent.FutureTask.run(FutureTask.java:266)
	at java.util.concurrent.ThreadPoolExecutor.runWorker(ThreadPoolExecutor.java:1149)
	at java.util.concurrent.ThreadPoolExecutor$Worker.run(ThreadPoolExecutor.java:624)
	... 1 more
Caused by: org.apache.ratis.thirdparty.io.netty.channel.AbstractChannel$AnnotatedConnectException: Connection refused: /192.168.69.122:39811
	at sun.nio.ch.SocketChannelImpl.checkConnect(Native Method)
	at sun.nio.ch.SocketChannelImpl.finishConnect(SocketChannelImpl.java:717)
	at org.apache.ratis.thirdparty.io.netty.channel.socket.nio.NioSocketChannel.doFinishConnect(NioSocketChannel.java:327)
	at org.apache.ratis.thirdparty.io.netty.channel.nio.AbstractNioChannel$AbstractNioUnsafe.finishConnect(AbstractNioChannel.java:340)
	at org.apache.ratis.thirdparty.io.netty.channel.nio.NioEventLoop.processSelectedKey(NioEventLoop.java:632)
	at org.apache.ratis.thirdparty.io.netty.channel.nio.NioEventLoop.processSelectedKeysOptimized(NioEventLoop.java:579)
	at org.apache.ratis.thirdparty.io.netty.channel.nio.NioEventLoop.processSelectedKeys(NioEventLoop.java:496)
	at org.apache.ratis.thirdparty.io.netty.channel.nio.NioEventLoop.run(NioEventLoop.java:458)
	at org.apache.ratis.thirdparty.io.netty.util.concurrent.SingleThreadEventExecutor$5.run(SingleThreadEventExecutor.java:897)
	at org.apache.ratis.thirdparty.io.netty.util.concurrent.FastThreadLocalRunnable.run(FastThreadLocalRunnable.java:30)
	... 1 more
Caused by: java.net.ConnectException: Connection refused
	... 11 more
2019-11-13 16:21:05,605 [66a098cb-53c0-4f05-8b16-ad76b3c07384@group-F14CED7F129D-LeaderElection103] INFO  impl.LeaderElection (LogUtils.java:infoOrTrace(149)) -   Exception 1: {}
java.util.concurrent.ExecutionException: org.apache.ratis.thirdparty.io.grpc.StatusRuntimeException: UNAVAILABLE: io exception
	at java.util.concurrent.FutureTask.report(FutureTask.java:122)
	at java.util.concurrent.FutureTask.get(FutureTask.java:192)
	at org.apache.ratis.server.impl.LeaderElection.waitForResults(LeaderElection.java:259)
	at org.apache.ratis.server.impl.LeaderElection.askForVotes(LeaderElection.java:197)
	at org.apache.ratis.server.impl.LeaderElection.run(LeaderElection.java:133)
	at java.lang.Thread.run(Thread.java:748)
Caused by: org.apache.ratis.thirdparty.io.grpc.StatusRuntimeException: UNAVAILABLE: io exception
	at org.apache.ratis.thirdparty.io.grpc.stub.ClientCalls.toStatusRuntimeException(ClientCalls.java:233)
	at org.apache.ratis.thirdparty.io.grpc.stub.ClientCalls.getUnchecked(ClientCalls.java:214)
	at org.apache.ratis.thirdparty.io.grpc.stub.ClientCalls.blockingUnaryCall(ClientCalls.java:139)
	at org.apache.ratis.proto.grpc.RaftServerProtocolServiceGrpc$RaftServerProtocolServiceBlockingStub.requestVote(RaftServerProtocolServiceGrpc.java:265)
	at org.apache.ratis.grpc.server.GrpcServerProtocolClient.requestVote(GrpcServerProtocolClient.java:99)
	at org.apache.ratis.grpc.server.GrpcService.requestVote(GrpcService.java:204)
	at org.apache.ratis.server.impl.LeaderElection.lambda$submitRequests$1(LeaderElection.java:234)
	at java.util.concurrent.FutureTask.run(FutureTask.java:266)
	at java.util.concurrent.Executors$RunnableAdapter.call(Executors.java:511)
	at java.util.concurrent.FutureTask.run(FutureTask.java:266)
	at java.util.concurrent.ThreadPoolExecutor.runWorker(ThreadPoolExecutor.java:1149)
	at java.util.concurrent.ThreadPoolExecutor$Worker.run(ThreadPoolExecutor.java:624)
	... 1 more
Caused by: org.apache.ratis.thirdparty.io.netty.channel.AbstractChannel$AnnotatedConnectException: Connection refused: /192.168.69.122:40942
	at sun.nio.ch.SocketChannelImpl.checkConnect(Native Method)
	at sun.nio.ch.SocketChannelImpl.finishConnect(SocketChannelImpl.java:717)
	at org.apache.ratis.thirdparty.io.netty.channel.socket.nio.NioSocketChannel.doFinishConnect(NioSocketChannel.java:327)
	at org.apache.ratis.thirdparty.io.netty.channel.nio.AbstractNioChannel$AbstractNioUnsafe.finishConnect(AbstractNioChannel.java:340)
	at org.apache.ratis.thirdparty.io.netty.channel.nio.NioEventLoop.processSelectedKey(NioEventLoop.java:632)
	at org.apache.ratis.thirdparty.io.netty.channel.nio.NioEventLoop.processSelectedKeysOptimized(NioEventLoop.java:579)
	at org.apache.ratis.thirdparty.io.netty.channel.nio.NioEventLoop.processSelectedKeys(NioEventLoop.java:496)
	at org.apache.ratis.thirdparty.io.netty.channel.nio.NioEventLoop.run(NioEventLoop.java:458)
	at org.apache.ratis.thirdparty.io.netty.util.concurrent.SingleThreadEventExecutor$5.run(SingleThreadEventExecutor.java:897)
	at org.apache.ratis.thirdparty.io.netty.util.concurrent.FastThreadLocalRunnable.run(FastThreadLocalRunnable.java:30)
	... 1 more
Caused by: java.net.ConnectException: Connection refused
	... 11 more
2019-11-13 16:21:05,606 [66a098cb-53c0-4f05-8b16-ad76b3c07384@group-F14CED7F129D-LeaderElection103] INFO  impl.RaftServerImpl (RaftServerImpl.java:setRole(173)) - 66a098cb-53c0-4f05-8b16-ad76b3c07384@group-F14CED7F129D: changes role from CANDIDATE to FOLLOWER at term 10 for DISCOVERED_A_NEW_TERM
2019-11-13 16:21:05,606 [66a098cb-53c0-4f05-8b16-ad76b3c07384@group-F14CED7F129D-LeaderElection103] INFO  impl.RoleInfo (RoleInfo.java:shutdownLeaderElection(134)) - 66a098cb-53c0-4f05-8b16-ad76b3c07384: shutdown LeaderElection
2019-11-13 16:21:05,606 [66a098cb-53c0-4f05-8b16-ad76b3c07384@group-F14CED7F129D-LeaderElection103] INFO  impl.RoleInfo (RoleInfo.java:updateAndGet(143)) - 66a098cb-53c0-4f05-8b16-ad76b3c07384: start FollowerState
2019-11-13 16:21:05,789 [grpc-default-executor-1] WARN  server.GrpcLogAppender (LogUtils.java:warn(134)) - c8ab3730-25d4-490d-a322-cbffb61abc7d@group-72AFD38E77E4->0d99dfee-4670-49f5-9a57-a4288445f0bf-AppendLogResponseHandler: Failed appendEntries: org.apache.ratis.thirdparty.io.grpc.StatusRuntimeException: UNAVAILABLE: io exception
2019-11-13 16:21:05,790 [grpc-default-executor-1] INFO  impl.FollowerInfo (FollowerInfo.java:lambda$new$0(51)) - c8ab3730-25d4-490d-a322-cbffb61abc7d@group-72AFD38E77E4->0d99dfee-4670-49f5-9a57-a4288445f0bf: nextIndex: updateUnconditionally 0 -> 0
2019-11-13 16:21:05,843 [grpc-default-executor-1] WARN  server.GrpcLogAppender (LogUtils.java:warn(134)) - c8ab3730-25d4-490d-a322-cbffb61abc7d@group-72AFD38E77E4->23e196cf-bea2-4a46-b492-74457a62baf8-AppendLogResponseHandler: Failed appendEntries: org.apache.ratis.thirdparty.io.grpc.StatusRuntimeException: UNAVAILABLE: io exception
2019-11-13 16:21:05,844 [grpc-default-executor-1] INFO  impl.FollowerInfo (FollowerInfo.java:lambda$new$0(51)) - c8ab3730-25d4-490d-a322-cbffb61abc7d@group-72AFD38E77E4->23e196cf-bea2-4a46-b492-74457a62baf8: nextIndex: updateUnconditionally 0 -> 0
2019-11-13 16:21:06,289 [grpc-default-executor-1] WARN  server.GrpcLogAppender (LogUtils.java:warn(134)) - c8ab3730-25d4-490d-a322-cbffb61abc7d@group-72AFD38E77E4->0d99dfee-4670-49f5-9a57-a4288445f0bf-AppendLogResponseHandler: Failed appendEntries: org.apache.ratis.thirdparty.io.grpc.StatusRuntimeException: UNAVAILABLE: io exception
2019-11-13 16:21:06,290 [grpc-default-executor-1] INFO  impl.FollowerInfo (FollowerInfo.java:lambda$new$0(51)) - c8ab3730-25d4-490d-a322-cbffb61abc7d@group-72AFD38E77E4->0d99dfee-4670-49f5-9a57-a4288445f0bf: nextIndex: updateUnconditionally 0 -> 0
2019-11-13 16:21:06,344 [grpc-default-executor-3] WARN  server.GrpcLogAppender (LogUtils.java:warn(134)) - c8ab3730-25d4-490d-a322-cbffb61abc7d@group-72AFD38E77E4->23e196cf-bea2-4a46-b492-74457a62baf8-AppendLogResponseHandler: Failed appendEntries: org.apache.ratis.thirdparty.io.grpc.StatusRuntimeException: UNAVAILABLE: io exception
2019-11-13 16:21:06,344 [grpc-default-executor-3] INFO  impl.FollowerInfo (FollowerInfo.java:lambda$new$0(51)) - c8ab3730-25d4-490d-a322-cbffb61abc7d@group-72AFD38E77E4->23e196cf-bea2-4a46-b492-74457a62baf8: nextIndex: updateUnconditionally 0 -> 0
2019-11-13 16:21:06,503 [Thread-1765] INFO  impl.FollowerState (FollowerState.java:run(111)) - a3f5b1ff-5ddb-40c7-8bbd-1ae7c3cdb433@group-8F7AB9145989-FollowerState: change to CANDIDATE, lastRpcTime:1054ms, electionTimeout:1054ms
2019-11-13 16:21:06,503 [Thread-1765] INFO  impl.RoleInfo (RoleInfo.java:shutdownFollowerState(121)) - a3f5b1ff-5ddb-40c7-8bbd-1ae7c3cdb433: shutdown FollowerState
2019-11-13 16:21:06,503 [Thread-1765] INFO  impl.RaftServerImpl (RaftServerImpl.java:setRole(173)) - a3f5b1ff-5ddb-40c7-8bbd-1ae7c3cdb433@group-8F7AB9145989: changes role from  FOLLOWER to CANDIDATE at term 4 for changeToCandidate
2019-11-13 16:21:06,504 [Thread-1765] INFO  impl.RoleInfo (RoleInfo.java:updateAndGet(143)) - a3f5b1ff-5ddb-40c7-8bbd-1ae7c3cdb433: start LeaderElection
2019-11-13 16:21:06,529 [a3f5b1ff-5ddb-40c7-8bbd-1ae7c3cdb433@group-8F7AB9145989-LeaderElection104] INFO  impl.LeaderElection (LeaderElection.java:askForVotes(178)) - a3f5b1ff-5ddb-40c7-8bbd-1ae7c3cdb433@group-8F7AB9145989-LeaderElection104: begin an election at term 5 for 0: [d45a2df2-8f38-43ec-9df7-e5c52ac58263:192.168.69.122:44126, 285e9247-2161-496e-af81-9a87b6b231d9:192.168.69.122:38616, a3f5b1ff-5ddb-40c7-8bbd-1ae7c3cdb433:192.168.69.122:40390], old=null
2019-11-13 16:21:06,530 [a3f5b1ff-5ddb-40c7-8bbd-1ae7c3cdb433@group-8F7AB9145989-LeaderElection104] INFO  impl.LeaderElection (LogUtils.java:infoOrTrace(149)) - a3f5b1ff-5ddb-40c7-8bbd-1ae7c3cdb433@group-8F7AB9145989-LeaderElection104 got exception when requesting votes: {}
java.util.concurrent.ExecutionException: org.apache.ratis.thirdparty.io.grpc.StatusRuntimeException: UNAVAILABLE: io exception
	at java.util.concurrent.FutureTask.report(FutureTask.java:122)
	at java.util.concurrent.FutureTask.get(FutureTask.java:192)
	at org.apache.ratis.server.impl.LeaderElection.waitForResults(LeaderElection.java:259)
	at org.apache.ratis.server.impl.LeaderElection.askForVotes(LeaderElection.java:197)
	at org.apache.ratis.server.impl.LeaderElection.run(LeaderElection.java:133)
	at java.lang.Thread.run(Thread.java:748)
Caused by: org.apache.ratis.thirdparty.io.grpc.StatusRuntimeException: UNAVAILABLE: io exception
	at org.apache.ratis.thirdparty.io.grpc.stub.ClientCalls.toStatusRuntimeException(ClientCalls.java:233)
	at org.apache.ratis.thirdparty.io.grpc.stub.ClientCalls.getUnchecked(ClientCalls.java:214)
	at org.apache.ratis.thirdparty.io.grpc.stub.ClientCalls.blockingUnaryCall(ClientCalls.java:139)
	at org.apache.ratis.proto.grpc.RaftServerProtocolServiceGrpc$RaftServerProtocolServiceBlockingStub.requestVote(RaftServerProtocolServiceGrpc.java:265)
	at org.apache.ratis.grpc.server.GrpcServerProtocolClient.requestVote(GrpcServerProtocolClient.java:99)
	at org.apache.ratis.grpc.server.GrpcService.requestVote(GrpcService.java:204)
	at org.apache.ratis.server.impl.LeaderElection.lambda$submitRequests$1(LeaderElection.java:234)
	at java.util.concurrent.FutureTask.run(FutureTask.java:266)
	at java.util.concurrent.Executors$RunnableAdapter.call(Executors.java:511)
	at java.util.concurrent.FutureTask.run(FutureTask.java:266)
	at java.util.concurrent.ThreadPoolExecutor.runWorker(ThreadPoolExecutor.java:1149)
	at java.util.concurrent.ThreadPoolExecutor$Worker.run(ThreadPoolExecutor.java:624)
	... 1 more
Caused by: org.apache.ratis.thirdparty.io.netty.channel.AbstractChannel$AnnotatedConnectException: Connection refused: /192.168.69.122:44126
	at sun.nio.ch.SocketChannelImpl.checkConnect(Native Method)
	at sun.nio.ch.SocketChannelImpl.finishConnect(SocketChannelImpl.java:717)
	at org.apache.ratis.thirdparty.io.netty.channel.socket.nio.NioSocketChannel.doFinishConnect(NioSocketChannel.java:327)
	at org.apache.ratis.thirdparty.io.netty.channel.nio.AbstractNioChannel$AbstractNioUnsafe.finishConnect(AbstractNioChannel.java:340)
	at org.apache.ratis.thirdparty.io.netty.channel.nio.NioEventLoop.processSelectedKey(NioEventLoop.java:632)
	at org.apache.ratis.thirdparty.io.netty.channel.nio.NioEventLoop.processSelectedKeysOptimized(NioEventLoop.java:579)
	at org.apache.ratis.thirdparty.io.netty.channel.nio.NioEventLoop.processSelectedKeys(NioEventLoop.java:496)
	at org.apache.ratis.thirdparty.io.netty.channel.nio.NioEventLoop.run(NioEventLoop.java:458)
	at org.apache.ratis.thirdparty.io.netty.util.concurrent.SingleThreadEventExecutor$5.run(SingleThreadEventExecutor.java:897)
	at org.apache.ratis.thirdparty.io.netty.util.concurrent.FastThreadLocalRunnable.run(FastThreadLocalRunnable.java:30)
	... 1 more
Caused by: java.net.ConnectException: Connection refused
	... 11 more
2019-11-13 16:21:06,531 [a3f5b1ff-5ddb-40c7-8bbd-1ae7c3cdb433@group-8F7AB9145989-LeaderElection104] INFO  impl.LeaderElection (LogUtils.java:infoOrTrace(149)) - a3f5b1ff-5ddb-40c7-8bbd-1ae7c3cdb433@group-8F7AB9145989-LeaderElection104 got exception when requesting votes: {}
java.util.concurrent.ExecutionException: org.apache.ratis.thirdparty.io.grpc.StatusRuntimeException: UNAVAILABLE: io exception
	at java.util.concurrent.FutureTask.report(FutureTask.java:122)
	at java.util.concurrent.FutureTask.get(FutureTask.java:192)
	at org.apache.ratis.server.impl.LeaderElection.waitForResults(LeaderElection.java:259)
	at org.apache.ratis.server.impl.LeaderElection.askForVotes(LeaderElection.java:197)
	at org.apache.ratis.server.impl.LeaderElection.run(LeaderElection.java:133)
	at java.lang.Thread.run(Thread.java:748)
Caused by: org.apache.ratis.thirdparty.io.grpc.StatusRuntimeException: UNAVAILABLE: io exception
	at org.apache.ratis.thirdparty.io.grpc.stub.ClientCalls.toStatusRuntimeException(ClientCalls.java:233)
	at org.apache.ratis.thirdparty.io.grpc.stub.ClientCalls.getUnchecked(ClientCalls.java:214)
	at org.apache.ratis.thirdparty.io.grpc.stub.ClientCalls.blockingUnaryCall(ClientCalls.java:139)
	at org.apache.ratis.proto.grpc.RaftServerProtocolServiceGrpc$RaftServerProtocolServiceBlockingStub.requestVote(RaftServerProtocolServiceGrpc.java:265)
	at org.apache.ratis.grpc.server.GrpcServerProtocolClient.requestVote(GrpcServerProtocolClient.java:99)
	at org.apache.ratis.grpc.server.GrpcService.requestVote(GrpcService.java:204)
	at org.apache.ratis.server.impl.LeaderElection.lambda$submitRequests$1(LeaderElection.java:234)
	at java.util.concurrent.FutureTask.run(FutureTask.java:266)
	at java.util.concurrent.Executors$RunnableAdapter.call(Executors.java:511)
	at java.util.concurrent.FutureTask.run(FutureTask.java:266)
	at java.util.concurrent.ThreadPoolExecutor.runWorker(ThreadPoolExecutor.java:1149)
	at java.util.concurrent.ThreadPoolExecutor$Worker.run(ThreadPoolExecutor.java:624)
	... 1 more
Caused by: org.apache.ratis.thirdparty.io.netty.channel.AbstractChannel$AnnotatedConnectException: Connection refused: /192.168.69.122:38616
	at sun.nio.ch.SocketChannelImpl.checkConnect(Native Method)
	at sun.nio.ch.SocketChannelImpl.finishConnect(SocketChannelImpl.java:717)
	at org.apache.ratis.thirdparty.io.netty.channel.socket.nio.NioSocketChannel.doFinishConnect(NioSocketChannel.java:327)
	at org.apache.ratis.thirdparty.io.netty.channel.nio.AbstractNioChannel$AbstractNioUnsafe.finishConnect(AbstractNioChannel.java:340)
	at org.apache.ratis.thirdparty.io.netty.channel.nio.NioEventLoop.processSelectedKey(NioEventLoop.java:632)
	at org.apache.ratis.thirdparty.io.netty.channel.nio.NioEventLoop.processSelectedKeysOptimized(NioEventLoop.java:579)
	at org.apache.ratis.thirdparty.io.netty.channel.nio.NioEventLoop.processSelectedKeys(NioEventLoop.java:496)
	at org.apache.ratis.thirdparty.io.netty.channel.nio.NioEventLoop.run(NioEventLoop.java:458)
	at org.apache.ratis.thirdparty.io.netty.util.concurrent.SingleThreadEventExecutor$5.run(SingleThreadEventExecutor.java:897)
	at org.apache.ratis.thirdparty.io.netty.util.concurrent.FastThreadLocalRunnable.run(FastThreadLocalRunnable.java:30)
	... 1 more
Caused by: java.net.ConnectException: Connection refused
	... 11 more
2019-11-13 16:21:06,532 [a3f5b1ff-5ddb-40c7-8bbd-1ae7c3cdb433@group-8F7AB9145989-LeaderElection104] INFO  impl.LeaderElection (LeaderElection.java:logAndReturn(56)) - a3f5b1ff-5ddb-40c7-8bbd-1ae7c3cdb433@group-8F7AB9145989-LeaderElection104: Election REJECTED; received 0 response(s) [] and 2 exception(s); a3f5b1ff-5ddb-40c7-8bbd-1ae7c3cdb433@group-8F7AB9145989:t5, leader=null, voted=a3f5b1ff-5ddb-40c7-8bbd-1ae7c3cdb433, raftlog=a3f5b1ff-5ddb-40c7-8bbd-1ae7c3cdb433@group-8F7AB9145989-SegmentedRaftLog:OPENED:c4,f4,i4, conf=0: [d45a2df2-8f38-43ec-9df7-e5c52ac58263:192.168.69.122:44126, 285e9247-2161-496e-af81-9a87b6b231d9:192.168.69.122:38616, a3f5b1ff-5ddb-40c7-8bbd-1ae7c3cdb433:192.168.69.122:40390], old=null
2019-11-13 16:21:06,532 [a3f5b1ff-5ddb-40c7-8bbd-1ae7c3cdb433@group-8F7AB9145989-LeaderElection104] INFO  impl.LeaderElection (LogUtils.java:infoOrTrace(149)) -   Exception 0: {}
java.util.concurrent.ExecutionException: org.apache.ratis.thirdparty.io.grpc.StatusRuntimeException: UNAVAILABLE: io exception
	at java.util.concurrent.FutureTask.report(FutureTask.java:122)
	at java.util.concurrent.FutureTask.get(FutureTask.java:192)
	at org.apache.ratis.server.impl.LeaderElection.waitForResults(LeaderElection.java:259)
	at org.apache.ratis.server.impl.LeaderElection.askForVotes(LeaderElection.java:197)
	at org.apache.ratis.server.impl.LeaderElection.run(LeaderElection.java:133)
	at java.lang.Thread.run(Thread.java:748)
Caused by: org.apache.ratis.thirdparty.io.grpc.StatusRuntimeException: UNAVAILABLE: io exception
	at org.apache.ratis.thirdparty.io.grpc.stub.ClientCalls.toStatusRuntimeException(ClientCalls.java:233)
	at org.apache.ratis.thirdparty.io.grpc.stub.ClientCalls.getUnchecked(ClientCalls.java:214)
	at org.apache.ratis.thirdparty.io.grpc.stub.ClientCalls.blockingUnaryCall(ClientCalls.java:139)
	at org.apache.ratis.proto.grpc.RaftServerProtocolServiceGrpc$RaftServerProtocolServiceBlockingStub.requestVote(RaftServerProtocolServiceGrpc.java:265)
	at org.apache.ratis.grpc.server.GrpcServerProtocolClient.requestVote(GrpcServerProtocolClient.java:99)
	at org.apache.ratis.grpc.server.GrpcService.requestVote(GrpcService.java:204)
	at org.apache.ratis.server.impl.LeaderElection.lambda$submitRequests$1(LeaderElection.java:234)
	at java.util.concurrent.FutureTask.run(FutureTask.java:266)
	at java.util.concurrent.Executors$RunnableAdapter.call(Executors.java:511)
	at java.util.concurrent.FutureTask.run(FutureTask.java:266)
	at java.util.concurrent.ThreadPoolExecutor.runWorker(ThreadPoolExecutor.java:1149)
	at java.util.concurrent.ThreadPoolExecutor$Worker.run(ThreadPoolExecutor.java:624)
	... 1 more
Caused by: org.apache.ratis.thirdparty.io.netty.channel.AbstractChannel$AnnotatedConnectException: Connection refused: /192.168.69.122:44126
	at sun.nio.ch.SocketChannelImpl.checkConnect(Native Method)
	at sun.nio.ch.SocketChannelImpl.finishConnect(SocketChannelImpl.java:717)
	at org.apache.ratis.thirdparty.io.netty.channel.socket.nio.NioSocketChannel.doFinishConnect(NioSocketChannel.java:327)
	at org.apache.ratis.thirdparty.io.netty.channel.nio.AbstractNioChannel$AbstractNioUnsafe.finishConnect(AbstractNioChannel.java:340)
	at org.apache.ratis.thirdparty.io.netty.channel.nio.NioEventLoop.processSelectedKey(NioEventLoop.java:632)
	at org.apache.ratis.thirdparty.io.netty.channel.nio.NioEventLoop.processSelectedKeysOptimized(NioEventLoop.java:579)
	at org.apache.ratis.thirdparty.io.netty.channel.nio.NioEventLoop.processSelectedKeys(NioEventLoop.java:496)
	at org.apache.ratis.thirdparty.io.netty.channel.nio.NioEventLoop.run(NioEventLoop.java:458)
	at org.apache.ratis.thirdparty.io.netty.util.concurrent.SingleThreadEventExecutor$5.run(SingleThreadEventExecutor.java:897)
	at org.apache.ratis.thirdparty.io.netty.util.concurrent.FastThreadLocalRunnable.run(FastThreadLocalRunnable.java:30)
	... 1 more
Caused by: java.net.ConnectException: Connection refused
	... 11 more
2019-11-13 16:21:06,533 [a3f5b1ff-5ddb-40c7-8bbd-1ae7c3cdb433@group-8F7AB9145989-LeaderElection104] INFO  impl.LeaderElection (LogUtils.java:infoOrTrace(149)) -   Exception 1: {}
java.util.concurrent.ExecutionException: org.apache.ratis.thirdparty.io.grpc.StatusRuntimeException: UNAVAILABLE: io exception
	at java.util.concurrent.FutureTask.report(FutureTask.java:122)
	at java.util.concurrent.FutureTask.get(FutureTask.java:192)
	at org.apache.ratis.server.impl.LeaderElection.waitForResults(LeaderElection.java:259)
	at org.apache.ratis.server.impl.LeaderElection.askForVotes(LeaderElection.java:197)
	at org.apache.ratis.server.impl.LeaderElection.run(LeaderElection.java:133)
	at java.lang.Thread.run(Thread.java:748)
Caused by: org.apache.ratis.thirdparty.io.grpc.StatusRuntimeException: UNAVAILABLE: io exception
	at org.apache.ratis.thirdparty.io.grpc.stub.ClientCalls.toStatusRuntimeException(ClientCalls.java:233)
	at org.apache.ratis.thirdparty.io.grpc.stub.ClientCalls.getUnchecked(ClientCalls.java:214)
	at org.apache.ratis.thirdparty.io.grpc.stub.ClientCalls.blockingUnaryCall(ClientCalls.java:139)
	at org.apache.ratis.proto.grpc.RaftServerProtocolServiceGrpc$RaftServerProtocolServiceBlockingStub.requestVote(RaftServerProtocolServiceGrpc.java:265)
	at org.apache.ratis.grpc.server.GrpcServerProtocolClient.requestVote(GrpcServerProtocolClient.java:99)
	at org.apache.ratis.grpc.server.GrpcService.requestVote(GrpcService.java:204)
	at org.apache.ratis.server.impl.LeaderElection.lambda$submitRequests$1(LeaderElection.java:234)
	at java.util.concurrent.FutureTask.run(FutureTask.java:266)
	at java.util.concurrent.Executors$RunnableAdapter.call(Executors.java:511)
	at java.util.concurrent.FutureTask.run(FutureTask.java:266)
	at java.util.concurrent.ThreadPoolExecutor.runWorker(ThreadPoolExecutor.java:1149)
	at java.util.concurrent.ThreadPoolExecutor$Worker.run(ThreadPoolExecutor.java:624)
	... 1 more
Caused by: org.apache.ratis.thirdparty.io.netty.channel.AbstractChannel$AnnotatedConnectException: Connection refused: /192.168.69.122:38616
	at sun.nio.ch.SocketChannelImpl.checkConnect(Native Method)
	at sun.nio.ch.SocketChannelImpl.finishConnect(SocketChannelImpl.java:717)
	at org.apache.ratis.thirdparty.io.netty.channel.socket.nio.NioSocketChannel.doFinishConnect(NioSocketChannel.java:327)
	at org.apache.ratis.thirdparty.io.netty.channel.nio.AbstractNioChannel$AbstractNioUnsafe.finishConnect(AbstractNioChannel.java:340)
	at org.apache.ratis.thirdparty.io.netty.channel.nio.NioEventLoop.processSelectedKey(NioEventLoop.java:632)
	at org.apache.ratis.thirdparty.io.netty.channel.nio.NioEventLoop.processSelectedKeysOptimized(NioEventLoop.java:579)
	at org.apache.ratis.thirdparty.io.netty.channel.nio.NioEventLoop.processSelectedKeys(NioEventLoop.java:496)
	at org.apache.ratis.thirdparty.io.netty.channel.nio.NioEventLoop.run(NioEventLoop.java:458)
	at org.apache.ratis.thirdparty.io.netty.util.concurrent.SingleThreadEventExecutor$5.run(SingleThreadEventExecutor.java:897)
	at org.apache.ratis.thirdparty.io.netty.util.concurrent.FastThreadLocalRunnable.run(FastThreadLocalRunnable.java:30)
	... 1 more
Caused by: java.net.ConnectException: Connection refused
	... 11 more
2019-11-13 16:21:06,533 [a3f5b1ff-5ddb-40c7-8bbd-1ae7c3cdb433@group-8F7AB9145989-LeaderElection104] INFO  impl.RaftServerImpl (RaftServerImpl.java:setRole(173)) - a3f5b1ff-5ddb-40c7-8bbd-1ae7c3cdb433@group-8F7AB9145989: changes role from CANDIDATE to FOLLOWER at term 5 for DISCOVERED_A_NEW_TERM
2019-11-13 16:21:06,533 [a3f5b1ff-5ddb-40c7-8bbd-1ae7c3cdb433@group-8F7AB9145989-LeaderElection104] INFO  impl.RoleInfo (RoleInfo.java:shutdownLeaderElection(134)) - a3f5b1ff-5ddb-40c7-8bbd-1ae7c3cdb433: shutdown LeaderElection
2019-11-13 16:21:06,533 [a3f5b1ff-5ddb-40c7-8bbd-1ae7c3cdb433@group-8F7AB9145989-LeaderElection104] INFO  impl.RoleInfo (RoleInfo.java:updateAndGet(143)) - a3f5b1ff-5ddb-40c7-8bbd-1ae7c3cdb433: start FollowerState
2019-11-13 16:21:06,679 [Thread-1769] INFO  impl.FollowerState (FollowerState.java:run(111)) - 66a098cb-53c0-4f05-8b16-ad76b3c07384@group-F14CED7F129D-FollowerState: change to CANDIDATE, lastRpcTime:1073ms, electionTimeout:1073ms
2019-11-13 16:21:06,679 [Thread-1769] INFO  impl.RoleInfo (RoleInfo.java:shutdownFollowerState(121)) - 66a098cb-53c0-4f05-8b16-ad76b3c07384: shutdown FollowerState
2019-11-13 16:21:06,680 [Thread-1769] INFO  impl.RaftServerImpl (RaftServerImpl.java:setRole(173)) - 66a098cb-53c0-4f05-8b16-ad76b3c07384@group-F14CED7F129D: changes role from  FOLLOWER to CANDIDATE at term 10 for changeToCandidate
2019-11-13 16:21:06,680 [Thread-1769] INFO  impl.RoleInfo (RoleInfo.java:updateAndGet(143)) - 66a098cb-53c0-4f05-8b16-ad76b3c07384: start LeaderElection
2019-11-13 16:21:06,703 [66a098cb-53c0-4f05-8b16-ad76b3c07384@group-F14CED7F129D-LeaderElection105] INFO  impl.LeaderElection (LeaderElection.java:askForVotes(178)) - 66a098cb-53c0-4f05-8b16-ad76b3c07384@group-F14CED7F129D-LeaderElection105: begin an election at term 11 for 1: [3fa6b523-0f53-44bb-b345-f5f355eab07b:192.168.69.122:39811, ece9b524-37b5-4407-b642-ea356430eaaa:192.168.69.122:40942, 66a098cb-53c0-4f05-8b16-ad76b3c07384:192.168.69.122:36855], old=null
2019-11-13 16:21:06,704 [66a098cb-53c0-4f05-8b16-ad76b3c07384@group-F14CED7F129D-LeaderElection105] INFO  impl.LeaderElection (LogUtils.java:infoOrTrace(149)) - 66a098cb-53c0-4f05-8b16-ad76b3c07384@group-F14CED7F129D-LeaderElection105 got exception when requesting votes: {}
java.util.concurrent.ExecutionException: org.apache.ratis.thirdparty.io.grpc.StatusRuntimeException: UNAVAILABLE: io exception
	at java.util.concurrent.FutureTask.report(FutureTask.java:122)
	at java.util.concurrent.FutureTask.get(FutureTask.java:192)
	at org.apache.ratis.server.impl.LeaderElection.waitForResults(LeaderElection.java:259)
	at org.apache.ratis.server.impl.LeaderElection.askForVotes(LeaderElection.java:197)
	at org.apache.ratis.server.impl.LeaderElection.run(LeaderElection.java:133)
	at java.lang.Thread.run(Thread.java:748)
Caused by: org.apache.ratis.thirdparty.io.grpc.StatusRuntimeException: UNAVAILABLE: io exception
	at org.apache.ratis.thirdparty.io.grpc.stub.ClientCalls.toStatusRuntimeException(ClientCalls.java:233)
	at org.apache.ratis.thirdparty.io.grpc.stub.ClientCalls.getUnchecked(ClientCalls.java:214)
	at org.apache.ratis.thirdparty.io.grpc.stub.ClientCalls.blockingUnaryCall(ClientCalls.java:139)
	at org.apache.ratis.proto.grpc.RaftServerProtocolServiceGrpc$RaftServerProtocolServiceBlockingStub.requestVote(RaftServerProtocolServiceGrpc.java:265)
	at org.apache.ratis.grpc.server.GrpcServerProtocolClient.requestVote(GrpcServerProtocolClient.java:99)
	at org.apache.ratis.grpc.server.GrpcService.requestVote(GrpcService.java:204)
	at org.apache.ratis.server.impl.LeaderElection.lambda$submitRequests$1(LeaderElection.java:234)
	at java.util.concurrent.FutureTask.run(FutureTask.java:266)
	at java.util.concurrent.Executors$RunnableAdapter.call(Executors.java:511)
	at java.util.concurrent.FutureTask.run(FutureTask.java:266)
	at java.util.concurrent.ThreadPoolExecutor.runWorker(ThreadPoolExecutor.java:1149)
	at java.util.concurrent.ThreadPoolExecutor$Worker.run(ThreadPoolExecutor.java:624)
	... 1 more
Caused by: org.apache.ratis.thirdparty.io.netty.channel.AbstractChannel$AnnotatedConnectException: Connection refused: /192.168.69.122:40942
	at sun.nio.ch.SocketChannelImpl.checkConnect(Native Method)
	at sun.nio.ch.SocketChannelImpl.finishConnect(SocketChannelImpl.java:717)
	at org.apache.ratis.thirdparty.io.netty.channel.socket.nio.NioSocketChannel.doFinishConnect(NioSocketChannel.java:327)
	at org.apache.ratis.thirdparty.io.netty.channel.nio.AbstractNioChannel$AbstractNioUnsafe.finishConnect(AbstractNioChannel.java:340)
	at org.apache.ratis.thirdparty.io.netty.channel.nio.NioEventLoop.processSelectedKey(NioEventLoop.java:632)
	at org.apache.ratis.thirdparty.io.netty.channel.nio.NioEventLoop.processSelectedKeysOptimized(NioEventLoop.java:579)
	at org.apache.ratis.thirdparty.io.netty.channel.nio.NioEventLoop.processSelectedKeys(NioEventLoop.java:496)
	at org.apache.ratis.thirdparty.io.netty.channel.nio.NioEventLoop.run(NioEventLoop.java:458)
	at org.apache.ratis.thirdparty.io.netty.util.concurrent.SingleThreadEventExecutor$5.run(SingleThreadEventExecutor.java:897)
	at org.apache.ratis.thirdparty.io.netty.util.concurrent.FastThreadLocalRunnable.run(FastThreadLocalRunnable.java:30)
	... 1 more
Caused by: java.net.ConnectException: Connection refused
	... 11 more
2019-11-13 16:21:06,705 [66a098cb-53c0-4f05-8b16-ad76b3c07384@group-F14CED7F129D-LeaderElection105] INFO  impl.LeaderElection (LogUtils.java:infoOrTrace(149)) - 66a098cb-53c0-4f05-8b16-ad76b3c07384@group-F14CED7F129D-LeaderElection105 got exception when requesting votes: {}
java.util.concurrent.ExecutionException: org.apache.ratis.thirdparty.io.grpc.StatusRuntimeException: UNAVAILABLE: io exception
	at java.util.concurrent.FutureTask.report(FutureTask.java:122)
	at java.util.concurrent.FutureTask.get(FutureTask.java:192)
	at org.apache.ratis.server.impl.LeaderElection.waitForResults(LeaderElection.java:259)
	at org.apache.ratis.server.impl.LeaderElection.askForVotes(LeaderElection.java:197)
	at org.apache.ratis.server.impl.LeaderElection.run(LeaderElection.java:133)
	at java.lang.Thread.run(Thread.java:748)
Caused by: org.apache.ratis.thirdparty.io.grpc.StatusRuntimeException: UNAVAILABLE: io exception
	at org.apache.ratis.thirdparty.io.grpc.stub.ClientCalls.toStatusRuntimeException(ClientCalls.java:233)
	at org.apache.ratis.thirdparty.io.grpc.stub.ClientCalls.getUnchecked(ClientCalls.java:214)
	at org.apache.ratis.thirdparty.io.grpc.stub.ClientCalls.blockingUnaryCall(ClientCalls.java:139)
	at org.apache.ratis.proto.grpc.RaftServerProtocolServiceGrpc$RaftServerProtocolServiceBlockingStub.requestVote(RaftServerProtocolServiceGrpc.java:265)
	at org.apache.ratis.grpc.server.GrpcServerProtocolClient.requestVote(GrpcServerProtocolClient.java:99)
	at org.apache.ratis.grpc.server.GrpcService.requestVote(GrpcService.java:204)
	at org.apache.ratis.server.impl.LeaderElection.lambda$submitRequests$1(LeaderElection.java:234)
	at java.util.concurrent.FutureTask.run(FutureTask.java:266)
	at java.util.concurrent.Executors$RunnableAdapter.call(Executors.java:511)
	at java.util.concurrent.FutureTask.run(FutureTask.java:266)
	at java.util.concurrent.ThreadPoolExecutor.runWorker(ThreadPoolExecutor.java:1149)
	at java.util.concurrent.ThreadPoolExecutor$Worker.run(ThreadPoolExecutor.java:624)
	... 1 more
Caused by: org.apache.ratis.thirdparty.io.netty.channel.AbstractChannel$AnnotatedConnectException: Connection refused: /192.168.69.122:39811
	at sun.nio.ch.SocketChannelImpl.checkConnect(Native Method)
	at sun.nio.ch.SocketChannelImpl.finishConnect(SocketChannelImpl.java:717)
	at org.apache.ratis.thirdparty.io.netty.channel.socket.nio.NioSocketChannel.doFinishConnect(NioSocketChannel.java:327)
	at org.apache.ratis.thirdparty.io.netty.channel.nio.AbstractNioChannel$AbstractNioUnsafe.finishConnect(AbstractNioChannel.java:340)
	at org.apache.ratis.thirdparty.io.netty.channel.nio.NioEventLoop.processSelectedKey(NioEventLoop.java:632)
	at org.apache.ratis.thirdparty.io.netty.channel.nio.NioEventLoop.processSelectedKeysOptimized(NioEventLoop.java:579)
	at org.apache.ratis.thirdparty.io.netty.channel.nio.NioEventLoop.processSelectedKeys(NioEventLoop.java:496)
	at org.apache.ratis.thirdparty.io.netty.channel.nio.NioEventLoop.run(NioEventLoop.java:458)
	at org.apache.ratis.thirdparty.io.netty.util.concurrent.SingleThreadEventExecutor$5.run(SingleThreadEventExecutor.java:897)
	at org.apache.ratis.thirdparty.io.netty.util.concurrent.FastThreadLocalRunnable.run(FastThreadLocalRunnable.java:30)
	... 1 more
Caused by: java.net.ConnectException: Connection refused
	... 11 more
2019-11-13 16:21:06,705 [66a098cb-53c0-4f05-8b16-ad76b3c07384@group-F14CED7F129D-LeaderElection105] INFO  impl.LeaderElection (LeaderElection.java:logAndReturn(56)) - 66a098cb-53c0-4f05-8b16-ad76b3c07384@group-F14CED7F129D-LeaderElection105: Election REJECTED; received 0 response(s) [] and 2 exception(s); 66a098cb-53c0-4f05-8b16-ad76b3c07384@group-F14CED7F129D:t11, leader=null, voted=66a098cb-53c0-4f05-8b16-ad76b3c07384, raftlog=66a098cb-53c0-4f05-8b16-ad76b3c07384@group-F14CED7F129D-SegmentedRaftLog:OPENED:c2,f2,i2, conf=1: [3fa6b523-0f53-44bb-b345-f5f355eab07b:192.168.69.122:39811, ece9b524-37b5-4407-b642-ea356430eaaa:192.168.69.122:40942, 66a098cb-53c0-4f05-8b16-ad76b3c07384:192.168.69.122:36855], old=null
2019-11-13 16:21:06,705 [66a098cb-53c0-4f05-8b16-ad76b3c07384@group-F14CED7F129D-LeaderElection105] INFO  impl.LeaderElection (LogUtils.java:infoOrTrace(149)) -   Exception 0: {}
java.util.concurrent.ExecutionException: org.apache.ratis.thirdparty.io.grpc.StatusRuntimeException: UNAVAILABLE: io exception
	at java.util.concurrent.FutureTask.report(FutureTask.java:122)
	at java.util.concurrent.FutureTask.get(FutureTask.java:192)
	at org.apache.ratis.server.impl.LeaderElection.waitForResults(LeaderElection.java:259)
	at org.apache.ratis.server.impl.LeaderElection.askForVotes(LeaderElection.java:197)
	at org.apache.ratis.server.impl.LeaderElection.run(LeaderElection.java:133)
	at java.lang.Thread.run(Thread.java:748)
Caused by: org.apache.ratis.thirdparty.io.grpc.StatusRuntimeException: UNAVAILABLE: io exception
	at org.apache.ratis.thirdparty.io.grpc.stub.ClientCalls.toStatusRuntimeException(ClientCalls.java:233)
	at org.apache.ratis.thirdparty.io.grpc.stub.ClientCalls.getUnchecked(ClientCalls.java:214)
	at org.apache.ratis.thirdparty.io.grpc.stub.ClientCalls.blockingUnaryCall(ClientCalls.java:139)
	at org.apache.ratis.proto.grpc.RaftServerProtocolServiceGrpc$RaftServerProtocolServiceBlockingStub.requestVote(RaftServerProtocolServiceGrpc.java:265)
	at org.apache.ratis.grpc.server.GrpcServerProtocolClient.requestVote(GrpcServerProtocolClient.java:99)
	at org.apache.ratis.grpc.server.GrpcService.requestVote(GrpcService.java:204)
	at org.apache.ratis.server.impl.LeaderElection.lambda$submitRequests$1(LeaderElection.java:234)
	at java.util.concurrent.FutureTask.run(FutureTask.java:266)
	at java.util.concurrent.Executors$RunnableAdapter.call(Executors.java:511)
	at java.util.concurrent.FutureTask.run(FutureTask.java:266)
	at java.util.concurrent.ThreadPoolExecutor.runWorker(ThreadPoolExecutor.java:1149)
	at java.util.concurrent.ThreadPoolExecutor$Worker.run(ThreadPoolExecutor.java:624)
	... 1 more
Caused by: org.apache.ratis.thirdparty.io.netty.channel.AbstractChannel$AnnotatedConnectException: Connection refused: /192.168.69.122:40942
	at sun.nio.ch.SocketChannelImpl.checkConnect(Native Method)
	at sun.nio.ch.SocketChannelImpl.finishConnect(SocketChannelImpl.java:717)
	at org.apache.ratis.thirdparty.io.netty.channel.socket.nio.NioSocketChannel.doFinishConnect(NioSocketChannel.java:327)
	at org.apache.ratis.thirdparty.io.netty.channel.nio.AbstractNioChannel$AbstractNioUnsafe.finishConnect(AbstractNioChannel.java:340)
	at org.apache.ratis.thirdparty.io.netty.channel.nio.NioEventLoop.processSelectedKey(NioEventLoop.java:632)
	at org.apache.ratis.thirdparty.io.netty.channel.nio.NioEventLoop.processSelectedKeysOptimized(NioEventLoop.java:579)
	at org.apache.ratis.thirdparty.io.netty.channel.nio.NioEventLoop.processSelectedKeys(NioEventLoop.java:496)
	at org.apache.ratis.thirdparty.io.netty.channel.nio.NioEventLoop.run(NioEventLoop.java:458)
	at org.apache.ratis.thirdparty.io.netty.util.concurrent.SingleThreadEventExecutor$5.run(SingleThreadEventExecutor.java:897)
	at org.apache.ratis.thirdparty.io.netty.util.concurrent.FastThreadLocalRunnable.run(FastThreadLocalRunnable.java:30)
	... 1 more
Caused by: java.net.ConnectException: Connection refused
	... 11 more
2019-11-13 16:21:06,706 [66a098cb-53c0-4f05-8b16-ad76b3c07384@group-F14CED7F129D-LeaderElection105] INFO  impl.LeaderElection (LogUtils.java:infoOrTrace(149)) -   Exception 1: {}
java.util.concurrent.ExecutionException: org.apache.ratis.thirdparty.io.grpc.StatusRuntimeException: UNAVAILABLE: io exception
	at java.util.concurrent.FutureTask.report(FutureTask.java:122)
	at java.util.concurrent.FutureTask.get(FutureTask.java:192)
	at org.apache.ratis.server.impl.LeaderElection.waitForResults(LeaderElection.java:259)
	at org.apache.ratis.server.impl.LeaderElection.askForVotes(LeaderElection.java:197)
	at org.apache.ratis.server.impl.LeaderElection.run(LeaderElection.java:133)
	at java.lang.Thread.run(Thread.java:748)
Caused by: org.apache.ratis.thirdparty.io.grpc.StatusRuntimeException: UNAVAILABLE: io exception
	at org.apache.ratis.thirdparty.io.grpc.stub.ClientCalls.toStatusRuntimeException(ClientCalls.java:233)
	at org.apache.ratis.thirdparty.io.grpc.stub.ClientCalls.getUnchecked(ClientCalls.java:214)
	at org.apache.ratis.thirdparty.io.grpc.stub.ClientCalls.blockingUnaryCall(ClientCalls.java:139)
	at org.apache.ratis.proto.grpc.RaftServerProtocolServiceGrpc$RaftServerProtocolServiceBlockingStub.requestVote(RaftServerProtocolServiceGrpc.java:265)
	at org.apache.ratis.grpc.server.GrpcServerProtocolClient.requestVote(GrpcServerProtocolClient.java:99)
	at org.apache.ratis.grpc.server.GrpcService.requestVote(GrpcService.java:204)
	at org.apache.ratis.server.impl.LeaderElection.lambda$submitRequests$1(LeaderElection.java:234)
	at java.util.concurrent.FutureTask.run(FutureTask.java:266)
	at java.util.concurrent.Executors$RunnableAdapter.call(Executors.java:511)
	at java.util.concurrent.FutureTask.run(FutureTask.java:266)
	at java.util.concurrent.ThreadPoolExecutor.runWorker(ThreadPoolExecutor.java:1149)
	at java.util.concurrent.ThreadPoolExecutor$Worker.run(ThreadPoolExecutor.java:624)
	... 1 more
Caused by: org.apache.ratis.thirdparty.io.netty.channel.AbstractChannel$AnnotatedConnectException: Connection refused: /192.168.69.122:39811
	at sun.nio.ch.SocketChannelImpl.checkConnect(Native Method)
	at sun.nio.ch.SocketChannelImpl.finishConnect(SocketChannelImpl.java:717)
	at org.apache.ratis.thirdparty.io.netty.channel.socket.nio.NioSocketChannel.doFinishConnect(NioSocketChannel.java:327)
	at org.apache.ratis.thirdparty.io.netty.channel.nio.AbstractNioChannel$AbstractNioUnsafe.finishConnect(AbstractNioChannel.java:340)
	at org.apache.ratis.thirdparty.io.netty.channel.nio.NioEventLoop.processSelectedKey(NioEventLoop.java:632)
	at org.apache.ratis.thirdparty.io.netty.channel.nio.NioEventLoop.processSelectedKeysOptimized(NioEventLoop.java:579)
	at org.apache.ratis.thirdparty.io.netty.channel.nio.NioEventLoop.processSelectedKeys(NioEventLoop.java:496)
	at org.apache.ratis.thirdparty.io.netty.channel.nio.NioEventLoop.run(NioEventLoop.java:458)
	at org.apache.ratis.thirdparty.io.netty.util.concurrent.SingleThreadEventExecutor$5.run(SingleThreadEventExecutor.java:897)
	at org.apache.ratis.thirdparty.io.netty.util.concurrent.FastThreadLocalRunnable.run(FastThreadLocalRunnable.java:30)
	... 1 more
Caused by: java.net.ConnectException: Connection refused
	... 11 more
2019-11-13 16:21:06,706 [66a098cb-53c0-4f05-8b16-ad76b3c07384@group-F14CED7F129D-LeaderElection105] INFO  impl.RaftServerImpl (RaftServerImpl.java:setRole(173)) - 66a098cb-53c0-4f05-8b16-ad76b3c07384@group-F14CED7F129D: changes role from CANDIDATE to FOLLOWER at term 11 for DISCOVERED_A_NEW_TERM
2019-11-13 16:21:06,706 [66a098cb-53c0-4f05-8b16-ad76b3c07384@group-F14CED7F129D-LeaderElection105] INFO  impl.RoleInfo (RoleInfo.java:shutdownLeaderElection(134)) - 66a098cb-53c0-4f05-8b16-ad76b3c07384: shutdown LeaderElection
2019-11-13 16:21:06,707 [66a098cb-53c0-4f05-8b16-ad76b3c07384@group-F14CED7F129D-LeaderElection105] INFO  impl.RoleInfo (RoleInfo.java:updateAndGet(143)) - 66a098cb-53c0-4f05-8b16-ad76b3c07384: start FollowerState
2019-11-13 16:21:06,790 [grpc-default-executor-5] WARN  server.GrpcLogAppender (LogUtils.java:warn(134)) - c8ab3730-25d4-490d-a322-cbffb61abc7d@group-72AFD38E77E4->0d99dfee-4670-49f5-9a57-a4288445f0bf-AppendLogResponseHandler: Failed appendEntries: org.apache.ratis.thirdparty.io.grpc.StatusRuntimeException: UNAVAILABLE: io exception
2019-11-13 16:21:06,791 [grpc-default-executor-5] INFO  impl.FollowerInfo (FollowerInfo.java:lambda$new$0(51)) - c8ab3730-25d4-490d-a322-cbffb61abc7d@group-72AFD38E77E4->0d99dfee-4670-49f5-9a57-a4288445f0bf: nextIndex: updateUnconditionally 0 -> 0
2019-11-13 16:21:06,844 [grpc-default-executor-3] WARN  server.GrpcLogAppender (LogUtils.java:warn(134)) - c8ab3730-25d4-490d-a322-cbffb61abc7d@group-72AFD38E77E4->23e196cf-bea2-4a46-b492-74457a62baf8-AppendLogResponseHandler: Failed appendEntries: org.apache.ratis.thirdparty.io.grpc.StatusRuntimeException: UNAVAILABLE: io exception
2019-11-13 16:21:06,844 [grpc-default-executor-3] INFO  impl.FollowerInfo (FollowerInfo.java:lambda$new$0(51)) - c8ab3730-25d4-490d-a322-cbffb61abc7d@group-72AFD38E77E4->23e196cf-bea2-4a46-b492-74457a62baf8: nextIndex: updateUnconditionally 0 -> 0
2019-11-13 16:21:06,939 [ForkJoinPool.commonPool-worker-1] INFO  ozoneimpl.OzoneContainer (OzoneContainer.java:stop(244)) - Attempting to stop container services.
2019-11-13 16:21:06,939 [ForkJoinPool.commonPool-worker-1] INFO  impl.RaftServerProxy (RaftServerProxy.java:lambda$close$4(314)) - c8ab3730-25d4-490d-a322-cbffb61abc7d: close
2019-11-13 16:21:06,940 [ForkJoinPool.commonPool-worker-1] INFO  impl.RaftServerImpl (RaftServerImpl.java:lambda$shutdown$3(250)) - c8ab3730-25d4-490d-a322-cbffb61abc7d@group-E9F09C7F5234: shutdown
2019-11-13 16:21:06,940 [ForkJoinPool.commonPool-worker-1] INFO  util.JmxRegister (JmxRegister.java:unregister(73)) - Successfully un-registered JMX Bean with object name Ratis:service=RaftServer,group=group-E9F09C7F5234,id=c8ab3730-25d4-490d-a322-cbffb61abc7d
2019-11-13 16:21:06,941 [ForkJoinPool.commonPool-worker-1] INFO  impl.RoleInfo (RoleInfo.java:shutdownLeaderState(104)) - c8ab3730-25d4-490d-a322-cbffb61abc7d: shutdown LeaderState
2019-11-13 16:21:06,941 [ForkJoinPool.commonPool-worker-1] INFO  impl.PendingRequests (PendingRequests.java:sendNotLeaderResponses(206)) - c8ab3730-25d4-490d-a322-cbffb61abc7d@group-E9F09C7F5234-PendingRequests: sendNotLeaderResponses
2019-11-13 16:21:06,942 [ForkJoinPool.commonPool-worker-1] INFO  impl.StateMachineUpdater (StateMachineUpdater.java:stopAndJoin(136)) - c8ab3730-25d4-490d-a322-cbffb61abc7d@group-E9F09C7F5234-StateMachineUpdater: set stopIndex = 0
2019-11-13 16:21:06,943 [ForkJoinPool.commonPool-worker-1] INFO  impl.RaftServerImpl (ServerState.java:close(387)) - c8ab3730-25d4-490d-a322-cbffb61abc7d@group-E9F09C7F5234: closes. applyIndex: 0
2019-11-13 16:21:06,943 [c8ab3730-25d4-490d-a322-cbffb61abc7d@group-E9F09C7F5234-SegmentedRaftLogWorker] INFO  segmented.SegmentedRaftLogWorker (SegmentedRaftLogWorker.java:run(316)) - c8ab3730-25d4-490d-a322-cbffb61abc7d@group-E9F09C7F5234-SegmentedRaftLogWorker was interrupted, exiting. There are 0 tasks remaining in the queue.
2019-11-13 16:21:06,944 [ForkJoinPool.commonPool-worker-1] INFO  segmented.SegmentedRaftLogWorker (SegmentedRaftLogWorker.java:close(224)) - c8ab3730-25d4-490d-a322-cbffb61abc7d@group-E9F09C7F5234-SegmentedRaftLogWorker close()
2019-11-13 16:21:06,944 [ForkJoinPool.commonPool-worker-1] INFO  impl.RaftServerImpl (RaftServerImpl.java:lambda$shutdown$3(250)) - c8ab3730-25d4-490d-a322-cbffb61abc7d@group-72AFD38E77E4: shutdown
2019-11-13 16:21:06,944 [ForkJoinPool.commonPool-worker-1] INFO  util.JmxRegister (JmxRegister.java:unregister(73)) - Successfully un-registered JMX Bean with object name Ratis:service=RaftServer,group=group-72AFD38E77E4,id=c8ab3730-25d4-490d-a322-cbffb61abc7d
2019-11-13 16:21:06,945 [ForkJoinPool.commonPool-worker-1] INFO  impl.RoleInfo (RoleInfo.java:shutdownLeaderState(104)) - c8ab3730-25d4-490d-a322-cbffb61abc7d: shutdown LeaderState
2019-11-13 16:21:06,945 [ForkJoinPool.commonPool-worker-1] INFO  impl.PendingRequests (PendingRequests.java:sendNotLeaderResponses(206)) - c8ab3730-25d4-490d-a322-cbffb61abc7d@group-72AFD38E77E4-PendingRequests: sendNotLeaderResponses
2019-11-13 16:21:06,945 [org.apache.ratis.server.impl.LogAppender$AppenderDaemon$$Lambda$479/1610540024@5d2a6d52] WARN  server.GrpcLogAppender (GrpcLogAppender.java:mayWait(151)) - c8ab3730-25d4-490d-a322-cbffb61abc7d@group-72AFD38E77E4->23e196cf-bea2-4a46-b492-74457a62baf8-GrpcLogAppender: Wait interrupted by java.lang.InterruptedException
2019-11-13 16:21:06,945 [org.apache.ratis.server.impl.LogAppender$AppenderDaemon$$Lambda$479/1610540024@1828e033] WARN  server.GrpcLogAppender (GrpcLogAppender.java:mayWait(151)) - c8ab3730-25d4-490d-a322-cbffb61abc7d@group-72AFD38E77E4->0d99dfee-4670-49f5-9a57-a4288445f0bf-GrpcLogAppender: Wait interrupted by java.lang.InterruptedException
2019-11-13 16:21:06,945 [ForkJoinPool.commonPool-worker-1] INFO  impl.StateMachineUpdater (StateMachineUpdater.java:stopAndJoin(136)) - c8ab3730-25d4-490d-a322-cbffb61abc7d@group-72AFD38E77E4-StateMachineUpdater: set stopIndex = 0
2019-11-13 16:21:06,946 [ForkJoinPool.commonPool-worker-1] INFO  impl.RaftServerImpl (ServerState.java:close(387)) - c8ab3730-25d4-490d-a322-cbffb61abc7d@group-72AFD38E77E4: closes. applyIndex: 0
2019-11-13 16:21:06,946 [c8ab3730-25d4-490d-a322-cbffb61abc7d@group-72AFD38E77E4-SegmentedRaftLogWorker] INFO  segmented.SegmentedRaftLogWorker (SegmentedRaftLogWorker.java:run(316)) - c8ab3730-25d4-490d-a322-cbffb61abc7d@group-72AFD38E77E4-SegmentedRaftLogWorker was interrupted, exiting. There are 0 tasks remaining in the queue.
2019-11-13 16:21:06,946 [ForkJoinPool.commonPool-worker-1] INFO  segmented.SegmentedRaftLogWorker (SegmentedRaftLogWorker.java:close(224)) - c8ab3730-25d4-490d-a322-cbffb61abc7d@group-72AFD38E77E4-SegmentedRaftLogWorker close()
2019-11-13 16:21:06,947 [ForkJoinPool.commonPool-worker-1] INFO  server.GrpcService (GrpcService.java:closeImpl(164)) - c8ab3730-25d4-490d-a322-cbffb61abc7d: shutdown server with port 32878 now
2019-11-13 16:21:06,949 [ForkJoinPool.commonPool-worker-1] INFO  server.GrpcService (GrpcService.java:closeImpl(172)) - c8ab3730-25d4-490d-a322-cbffb61abc7d: shutdown server with port 32878 successfully
2019-11-13 16:21:06,951 [refreshUsed-/workdir/hadoop-ozone/integration-test/target/test-dir/MiniOzoneClusterImpl-3a974f43-0da0-4ff7-ab4a-31bb81b91875/datanode-0/data/containers] WARN  fs.CachingGetSpaceUsed (CachingGetSpaceUsed.java:run(183)) - Thread Interrupted waiting to refresh disk information: sleep interrupted
2019-11-13 16:21:06,972 [ForkJoinPool.commonPool-worker-1] INFO  utils.BackgroundService (BackgroundService.java:shutdown(151)) - Shutting down service BlockDeletingService
2019-11-13 16:21:06,976 [ForkJoinPool.commonPool-worker-1] INFO  statemachine.DatanodeStateMachine (DatanodeStateMachine.java:stopDaemon(395)) - Ozone container server stopped.
2019-11-13 16:21:06,980 [ForkJoinPool.commonPool-worker-1] INFO  handler.ContextHandler (ContextHandler.java:doStop(910)) - Stopped o.e.j.w.WebAppContext@748ac6f3{/,null,UNAVAILABLE}{/hddsDatanode}
2019-11-13 16:21:06,980 [ForkJoinPool.commonPool-worker-1] INFO  server.AbstractConnector (AbstractConnector.java:doStop(318)) - Stopped ServerConnector@68f6e55d{HTTP/1.1,[http/1.1]}{0.0.0.0:0}
2019-11-13 16:21:06,981 [ForkJoinPool.commonPool-worker-1] INFO  handler.ContextHandler (ContextHandler.java:doStop(910)) - Stopped o.e.j.s.ServletContextHandler@217bf99e{/static,jar:file:/home/user/.m2/repository/org/apache/hadoop/hadoop-hdds-container-service/0.5.0-SNAPSHOT/hadoop-hdds-container-service-0.5.0-SNAPSHOT.jar!/webapps/static,UNAVAILABLE}
2019-11-13 16:21:06,981 [ForkJoinPool.commonPool-worker-1] INFO  handler.ContextHandler (ContextHandler.java:doStop(910)) - Stopped o.e.j.s.ServletContextHandler@2fe74516{/logs,file:///workdir/hadoop-ozone/integration-test/target/log,UNAVAILABLE}
2019-11-13 16:21:07,004 [main] INFO  ozoneimpl.OzoneContainer (OzoneContainer.java:stop(244)) - Attempting to stop container services.
2019-11-13 16:21:07,005 [main] INFO  impl.RaftServerProxy (RaftServerProxy.java:lambda$close$4(314)) - 51f65b1e-ef83-4984-94ab-4ebc9e8c8658: close
2019-11-13 16:21:07,006 [main] INFO  impl.RaftServerImpl (RaftServerImpl.java:lambda$shutdown$3(250)) - 51f65b1e-ef83-4984-94ab-4ebc9e8c8658@group-9CB8741D52F8: shutdown
2019-11-13 16:21:07,006 [main] INFO  util.JmxRegister (JmxRegister.java:unregister(73)) - Successfully un-registered JMX Bean with object name Ratis:service=RaftServer,group=group-9CB8741D52F8,id=51f65b1e-ef83-4984-94ab-4ebc9e8c8658
2019-11-13 16:21:07,006 [main] INFO  impl.RoleInfo (RoleInfo.java:shutdownLeaderState(104)) - 51f65b1e-ef83-4984-94ab-4ebc9e8c8658: shutdown LeaderState
2019-11-13 16:21:07,007 [main] INFO  impl.PendingRequests (PendingRequests.java:sendNotLeaderResponses(206)) - 51f65b1e-ef83-4984-94ab-4ebc9e8c8658@group-9CB8741D52F8-PendingRequests: sendNotLeaderResponses
2019-11-13 16:21:07,007 [main] INFO  impl.StateMachineUpdater (StateMachineUpdater.java:stopAndJoin(136)) - 51f65b1e-ef83-4984-94ab-4ebc9e8c8658@group-9CB8741D52F8-StateMachineUpdater: set stopIndex = 0
2019-11-13 16:21:07,008 [main] INFO  impl.RaftServerImpl (ServerState.java:close(387)) - 51f65b1e-ef83-4984-94ab-4ebc9e8c8658@group-9CB8741D52F8: closes. applyIndex: 0
2019-11-13 16:21:07,008 [51f65b1e-ef83-4984-94ab-4ebc9e8c8658@group-9CB8741D52F8-SegmentedRaftLogWorker] INFO  segmented.SegmentedRaftLogWorker (SegmentedRaftLogWorker.java:run(316)) - 51f65b1e-ef83-4984-94ab-4ebc9e8c8658@group-9CB8741D52F8-SegmentedRaftLogWorker was interrupted, exiting. There are 0 tasks remaining in the queue.
2019-11-13 16:21:07,009 [main] INFO  segmented.SegmentedRaftLogWorker (SegmentedRaftLogWorker.java:close(224)) - 51f65b1e-ef83-4984-94ab-4ebc9e8c8658@group-9CB8741D52F8-SegmentedRaftLogWorker close()
2019-11-13 16:21:07,009 [main] INFO  server.GrpcService (GrpcService.java:closeImpl(164)) - 51f65b1e-ef83-4984-94ab-4ebc9e8c8658: shutdown server with port 36414 now
2019-11-13 16:21:07,011 [main] INFO  server.GrpcService (GrpcService.java:closeImpl(172)) - 51f65b1e-ef83-4984-94ab-4ebc9e8c8658: shutdown server with port 36414 successfully
2019-11-13 16:21:07,015 [refreshUsed-/workdir/hadoop-ozone/integration-test/target/test-dir/MiniOzoneClusterImpl-3a974f43-0da0-4ff7-ab4a-31bb81b91875/datanode-9/data/containers] WARN  fs.CachingGetSpaceUsed (CachingGetSpaceUsed.java:run(183)) - Thread Interrupted waiting to refresh disk information: sleep interrupted
2019-11-13 16:21:07,031 [main] INFO  utils.BackgroundService (BackgroundService.java:shutdown(151)) - Shutting down service BlockDeletingService
2019-11-13 16:21:07,038 [main] INFO  statemachine.DatanodeStateMachine (DatanodeStateMachine.java:stopDaemon(395)) - Ozone container server stopped.
2019-11-13 16:21:07,039 [main] INFO  handler.ContextHandler (ContextHandler.java:doStop(910)) - Stopped o.e.j.w.WebAppContext@5b39a3e6{/,null,UNAVAILABLE}{/hddsDatanode}
2019-11-13 16:21:07,040 [main] INFO  server.AbstractConnector (AbstractConnector.java:doStop(318)) - Stopped ServerConnector@5820070c{HTTP/1.1,[http/1.1]}{0.0.0.0:0}
2019-11-13 16:21:07,040 [main] INFO  handler.ContextHandler (ContextHandler.java:doStop(910)) - Stopped o.e.j.s.ServletContextHandler@2e62ead7{/static,jar:file:/home/user/.m2/repository/org/apache/hadoop/hadoop-hdds-container-service/0.5.0-SNAPSHOT/hadoop-hdds-container-service-0.5.0-SNAPSHOT.jar!/webapps/static,UNAVAILABLE}
2019-11-13 16:21:07,040 [main] INFO  handler.ContextHandler (ContextHandler.java:doStop(910)) - Stopped o.e.j.s.ServletContextHandler@2e43c38d{/logs,file:///workdir/hadoop-ozone/integration-test/target/log,UNAVAILABLE}
2019-11-13 16:21:07,118 [Datanode State Machine Thread - 0] INFO  statemachine.DatanodeStateMachine (DatanodeStateMachine.java:lambda$startDaemon$0(350)) - Ozone container server started.
2019-11-13 16:21:07,629 [Datanode State Machine Thread - 0] INFO  statemachine.DatanodeStateMachine (DatanodeStateMachine.java:lambda$startDaemon$0(350)) - Ozone container server started.
2019-11-13 16:21:07,643 [Thread-1773] INFO  impl.FollowerState (FollowerState.java:run(111)) - a3f5b1ff-5ddb-40c7-8bbd-1ae7c3cdb433@group-8F7AB9145989-FollowerState: change to CANDIDATE, lastRpcTime:1109ms, electionTimeout:1109ms
2019-11-13 16:21:07,643 [Thread-1773] INFO  impl.RoleInfo (RoleInfo.java:shutdownFollowerState(121)) - a3f5b1ff-5ddb-40c7-8bbd-1ae7c3cdb433: shutdown FollowerState
2019-11-13 16:21:07,643 [Thread-1773] INFO  impl.RaftServerImpl (RaftServerImpl.java:setRole(173)) - a3f5b1ff-5ddb-40c7-8bbd-1ae7c3cdb433@group-8F7AB9145989: changes role from  FOLLOWER to CANDIDATE at term 5 for changeToCandidate
2019-11-13 16:21:07,643 [Thread-1773] INFO  impl.RoleInfo (RoleInfo.java:updateAndGet(143)) - a3f5b1ff-5ddb-40c7-8bbd-1ae7c3cdb433: start LeaderElection
2019-11-13 16:21:07,667 [a3f5b1ff-5ddb-40c7-8bbd-1ae7c3cdb433@group-8F7AB9145989-LeaderElection106] INFO  impl.LeaderElection (LeaderElection.java:askForVotes(178)) - a3f5b1ff-5ddb-40c7-8bbd-1ae7c3cdb433@group-8F7AB9145989-LeaderElection106: begin an election at term 6 for 0: [d45a2df2-8f38-43ec-9df7-e5c52ac58263:192.168.69.122:44126, 285e9247-2161-496e-af81-9a87b6b231d9:192.168.69.122:38616, a3f5b1ff-5ddb-40c7-8bbd-1ae7c3cdb433:192.168.69.122:40390], old=null
2019-11-13 16:21:07,668 [a3f5b1ff-5ddb-40c7-8bbd-1ae7c3cdb433@group-8F7AB9145989-LeaderElection106] INFO  impl.LeaderElection (LogUtils.java:infoOrTrace(149)) - a3f5b1ff-5ddb-40c7-8bbd-1ae7c3cdb433@group-8F7AB9145989-LeaderElection106 got exception when requesting votes: {}
java.util.concurrent.ExecutionException: org.apache.ratis.thirdparty.io.grpc.StatusRuntimeException: UNAVAILABLE: io exception
	at java.util.concurrent.FutureTask.report(FutureTask.java:122)
	at java.util.concurrent.FutureTask.get(FutureTask.java:192)
	at org.apache.ratis.server.impl.LeaderElection.waitForResults(LeaderElection.java:259)
	at org.apache.ratis.server.impl.LeaderElection.askForVotes(LeaderElection.java:197)
	at org.apache.ratis.server.impl.LeaderElection.run(LeaderElection.java:133)
	at java.lang.Thread.run(Thread.java:748)
Caused by: org.apache.ratis.thirdparty.io.grpc.StatusRuntimeException: UNAVAILABLE: io exception
	at org.apache.ratis.thirdparty.io.grpc.stub.ClientCalls.toStatusRuntimeException(ClientCalls.java:233)
	at org.apache.ratis.thirdparty.io.grpc.stub.ClientCalls.getUnchecked(ClientCalls.java:214)
	at org.apache.ratis.thirdparty.io.grpc.stub.ClientCalls.blockingUnaryCall(ClientCalls.java:139)
	at org.apache.ratis.proto.grpc.RaftServerProtocolServiceGrpc$RaftServerProtocolServiceBlockingStub.requestVote(RaftServerProtocolServiceGrpc.java:265)
	at org.apache.ratis.grpc.server.GrpcServerProtocolClient.requestVote(GrpcServerProtocolClient.java:99)
	at org.apache.ratis.grpc.server.GrpcService.requestVote(GrpcService.java:204)
	at org.apache.ratis.server.impl.LeaderElection.lambda$submitRequests$1(LeaderElection.java:234)
	at java.util.concurrent.FutureTask.run(FutureTask.java:266)
	at java.util.concurrent.Executors$RunnableAdapter.call(Executors.java:511)
	at java.util.concurrent.FutureTask.run(FutureTask.java:266)
	at java.util.concurrent.ThreadPoolExecutor.runWorker(ThreadPoolExecutor.java:1149)
	at java.util.concurrent.ThreadPoolExecutor$Worker.run(ThreadPoolExecutor.java:624)
	... 1 more
Caused by: org.apache.ratis.thirdparty.io.netty.channel.AbstractChannel$AnnotatedConnectException: Connection refused: /192.168.69.122:44126
	at sun.nio.ch.SocketChannelImpl.checkConnect(Native Method)
	at sun.nio.ch.SocketChannelImpl.finishConnect(SocketChannelImpl.java:717)
	at org.apache.ratis.thirdparty.io.netty.channel.socket.nio.NioSocketChannel.doFinishConnect(NioSocketChannel.java:327)
	at org.apache.ratis.thirdparty.io.netty.channel.nio.AbstractNioChannel$AbstractNioUnsafe.finishConnect(AbstractNioChannel.java:340)
	at org.apache.ratis.thirdparty.io.netty.channel.nio.NioEventLoop.processSelectedKey(NioEventLoop.java:632)
	at org.apache.ratis.thirdparty.io.netty.channel.nio.NioEventLoop.processSelectedKeysOptimized(NioEventLoop.java:579)
	at org.apache.ratis.thirdparty.io.netty.channel.nio.NioEventLoop.processSelectedKeys(NioEventLoop.java:496)
	at org.apache.ratis.thirdparty.io.netty.channel.nio.NioEventLoop.run(NioEventLoop.java:458)
	at org.apache.ratis.thirdparty.io.netty.util.concurrent.SingleThreadEventExecutor$5.run(SingleThreadEventExecutor.java:897)
	at org.apache.ratis.thirdparty.io.netty.util.concurrent.FastThreadLocalRunnable.run(FastThreadLocalRunnable.java:30)
	... 1 more
Caused by: java.net.ConnectException: Connection refused
	... 11 more
2019-11-13 16:21:07,668 [a3f5b1ff-5ddb-40c7-8bbd-1ae7c3cdb433@group-8F7AB9145989-LeaderElection106] INFO  impl.LeaderElection (LogUtils.java:infoOrTrace(149)) - a3f5b1ff-5ddb-40c7-8bbd-1ae7c3cdb433@group-8F7AB9145989-LeaderElection106 got exception when requesting votes: {}
java.util.concurrent.ExecutionException: org.apache.ratis.thirdparty.io.grpc.StatusRuntimeException: UNAVAILABLE: io exception
	at java.util.concurrent.FutureTask.report(FutureTask.java:122)
	at java.util.concurrent.FutureTask.get(FutureTask.java:192)
	at org.apache.ratis.server.impl.LeaderElection.waitForResults(LeaderElection.java:259)
	at org.apache.ratis.server.impl.LeaderElection.askForVotes(LeaderElection.java:197)
	at org.apache.ratis.server.impl.LeaderElection.run(LeaderElection.java:133)
	at java.lang.Thread.run(Thread.java:748)
Caused by: org.apache.ratis.thirdparty.io.grpc.StatusRuntimeException: UNAVAILABLE: io exception
	at org.apache.ratis.thirdparty.io.grpc.stub.ClientCalls.toStatusRuntimeException(ClientCalls.java:233)
	at org.apache.ratis.thirdparty.io.grpc.stub.ClientCalls.getUnchecked(ClientCalls.java:214)
	at org.apache.ratis.thirdparty.io.grpc.stub.ClientCalls.blockingUnaryCall(ClientCalls.java:139)
	at org.apache.ratis.proto.grpc.RaftServerProtocolServiceGrpc$RaftServerProtocolServiceBlockingStub.requestVote(RaftServerProtocolServiceGrpc.java:265)
	at org.apache.ratis.grpc.server.GrpcServerProtocolClient.requestVote(GrpcServerProtocolClient.java:99)
	at org.apache.ratis.grpc.server.GrpcService.requestVote(GrpcService.java:204)
	at org.apache.ratis.server.impl.LeaderElection.lambda$submitRequests$1(LeaderElection.java:234)
	at java.util.concurrent.FutureTask.run(FutureTask.java:266)
	at java.util.concurrent.Executors$RunnableAdapter.call(Executors.java:511)
	at java.util.concurrent.FutureTask.run(FutureTask.java:266)
	at java.util.concurrent.ThreadPoolExecutor.runWorker(ThreadPoolExecutor.java:1149)
	at java.util.concurrent.ThreadPoolExecutor$Worker.run(ThreadPoolExecutor.java:624)
	... 1 more
Caused by: org.apache.ratis.thirdparty.io.netty.channel.AbstractChannel$AnnotatedConnectException: Connection refused: /192.168.69.122:38616
	at sun.nio.ch.SocketChannelImpl.checkConnect(Native Method)
	at sun.nio.ch.SocketChannelImpl.finishConnect(SocketChannelImpl.java:717)
	at org.apache.ratis.thirdparty.io.netty.channel.socket.nio.NioSocketChannel.doFinishConnect(NioSocketChannel.java:327)
	at org.apache.ratis.thirdparty.io.netty.channel.nio.AbstractNioChannel$AbstractNioUnsafe.finishConnect(AbstractNioChannel.java:340)
	at org.apache.ratis.thirdparty.io.netty.channel.nio.NioEventLoop.processSelectedKey(NioEventLoop.java:632)
	at org.apache.ratis.thirdparty.io.netty.channel.nio.NioEventLoop.processSelectedKeysOptimized(NioEventLoop.java:579)
	at org.apache.ratis.thirdparty.io.netty.channel.nio.NioEventLoop.processSelectedKeys(NioEventLoop.java:496)
	at org.apache.ratis.thirdparty.io.netty.channel.nio.NioEventLoop.run(NioEventLoop.java:458)
	at org.apache.ratis.thirdparty.io.netty.util.concurrent.SingleThreadEventExecutor$5.run(SingleThreadEventExecutor.java:897)
	at org.apache.ratis.thirdparty.io.netty.util.concurrent.FastThreadLocalRunnable.run(FastThreadLocalRunnable.java:30)
	... 1 more
Caused by: java.net.ConnectException: Connection refused
	... 11 more
2019-11-13 16:21:07,669 [a3f5b1ff-5ddb-40c7-8bbd-1ae7c3cdb433@group-8F7AB9145989-LeaderElection106] INFO  impl.LeaderElection (LeaderElection.java:logAndReturn(56)) - a3f5b1ff-5ddb-40c7-8bbd-1ae7c3cdb433@group-8F7AB9145989-LeaderElection106: Election REJECTED; received 0 response(s) [] and 2 exception(s); a3f5b1ff-5ddb-40c7-8bbd-1ae7c3cdb433@group-8F7AB9145989:t6, leader=null, voted=a3f5b1ff-5ddb-40c7-8bbd-1ae7c3cdb433, raftlog=a3f5b1ff-5ddb-40c7-8bbd-1ae7c3cdb433@group-8F7AB9145989-SegmentedRaftLog:OPENED:c4,f4,i4, conf=0: [d45a2df2-8f38-43ec-9df7-e5c52ac58263:192.168.69.122:44126, 285e9247-2161-496e-af81-9a87b6b231d9:192.168.69.122:38616, a3f5b1ff-5ddb-40c7-8bbd-1ae7c3cdb433:192.168.69.122:40390], old=null
2019-11-13 16:21:07,669 [a3f5b1ff-5ddb-40c7-8bbd-1ae7c3cdb433@group-8F7AB9145989-LeaderElection106] INFO  impl.LeaderElection (LogUtils.java:infoOrTrace(149)) -   Exception 0: {}
java.util.concurrent.ExecutionException: org.apache.ratis.thirdparty.io.grpc.StatusRuntimeException: UNAVAILABLE: io exception
	at java.util.concurrent.FutureTask.report(FutureTask.java:122)
	at java.util.concurrent.FutureTask.get(FutureTask.java:192)
	at org.apache.ratis.server.impl.LeaderElection.waitForResults(LeaderElection.java:259)
	at org.apache.ratis.server.impl.LeaderElection.askForVotes(LeaderElection.java:197)
	at org.apache.ratis.server.impl.LeaderElection.run(LeaderElection.java:133)
	at java.lang.Thread.run(Thread.java:748)
Caused by: org.apache.ratis.thirdparty.io.grpc.StatusRuntimeException: UNAVAILABLE: io exception
	at org.apache.ratis.thirdparty.io.grpc.stub.ClientCalls.toStatusRuntimeException(ClientCalls.java:233)
	at org.apache.ratis.thirdparty.io.grpc.stub.ClientCalls.getUnchecked(ClientCalls.java:214)
	at org.apache.ratis.thirdparty.io.grpc.stub.ClientCalls.blockingUnaryCall(ClientCalls.java:139)
	at org.apache.ratis.proto.grpc.RaftServerProtocolServiceGrpc$RaftServerProtocolServiceBlockingStub.requestVote(RaftServerProtocolServiceGrpc.java:265)
	at org.apache.ratis.grpc.server.GrpcServerProtocolClient.requestVote(GrpcServerProtocolClient.java:99)
	at org.apache.ratis.grpc.server.GrpcService.requestVote(GrpcService.java:204)
	at org.apache.ratis.server.impl.LeaderElection.lambda$submitRequests$1(LeaderElection.java:234)
	at java.util.concurrent.FutureTask.run(FutureTask.java:266)
	at java.util.concurrent.Executors$RunnableAdapter.call(Executors.java:511)
	at java.util.concurrent.FutureTask.run(FutureTask.java:266)
	at java.util.concurrent.ThreadPoolExecutor.runWorker(ThreadPoolExecutor.java:1149)
	at java.util.concurrent.ThreadPoolExecutor$Worker.run(ThreadPoolExecutor.java:624)
	... 1 more
Caused by: org.apache.ratis.thirdparty.io.netty.channel.AbstractChannel$AnnotatedConnectException: Connection refused: /192.168.69.122:44126
	at sun.nio.ch.SocketChannelImpl.checkConnect(Native Method)
	at sun.nio.ch.SocketChannelImpl.finishConnect(SocketChannelImpl.java:717)
	at org.apache.ratis.thirdparty.io.netty.channel.socket.nio.NioSocketChannel.doFinishConnect(NioSocketChannel.java:327)
	at org.apache.ratis.thirdparty.io.netty.channel.nio.AbstractNioChannel$AbstractNioUnsafe.finishConnect(AbstractNioChannel.java:340)
	at org.apache.ratis.thirdparty.io.netty.channel.nio.NioEventLoop.processSelectedKey(NioEventLoop.java:632)
	at org.apache.ratis.thirdparty.io.netty.channel.nio.NioEventLoop.processSelectedKeysOptimized(NioEventLoop.java:579)
	at org.apache.ratis.thirdparty.io.netty.channel.nio.NioEventLoop.processSelectedKeys(NioEventLoop.java:496)
	at org.apache.ratis.thirdparty.io.netty.channel.nio.NioEventLoop.run(NioEventLoop.java:458)
	at org.apache.ratis.thirdparty.io.netty.util.concurrent.SingleThreadEventExecutor$5.run(SingleThreadEventExecutor.java:897)
	at org.apache.ratis.thirdparty.io.netty.util.concurrent.FastThreadLocalRunnable.run(FastThreadLocalRunnable.java:30)
	... 1 more
Caused by: java.net.ConnectException: Connection refused
	... 11 more
2019-11-13 16:21:07,669 [a3f5b1ff-5ddb-40c7-8bbd-1ae7c3cdb433@group-8F7AB9145989-LeaderElection106] INFO  impl.LeaderElection (LogUtils.java:infoOrTrace(149)) -   Exception 1: {}
java.util.concurrent.ExecutionException: org.apache.ratis.thirdparty.io.grpc.StatusRuntimeException: UNAVAILABLE: io exception
	at java.util.concurrent.FutureTask.report(FutureTask.java:122)
	at java.util.concurrent.FutureTask.get(FutureTask.java:192)
	at org.apache.ratis.server.impl.LeaderElection.waitForResults(LeaderElection.java:259)
	at org.apache.ratis.server.impl.LeaderElection.askForVotes(LeaderElection.java:197)
	at org.apache.ratis.server.impl.LeaderElection.run(LeaderElection.java:133)
	at java.lang.Thread.run(Thread.java:748)
Caused by: org.apache.ratis.thirdparty.io.grpc.StatusRuntimeException: UNAVAILABLE: io exception
	at org.apache.ratis.thirdparty.io.grpc.stub.ClientCalls.toStatusRuntimeException(ClientCalls.java:233)
	at org.apache.ratis.thirdparty.io.grpc.stub.ClientCalls.getUnchecked(ClientCalls.java:214)
	at org.apache.ratis.thirdparty.io.grpc.stub.ClientCalls.blockingUnaryCall(ClientCalls.java:139)
	at org.apache.ratis.proto.grpc.RaftServerProtocolServiceGrpc$RaftServerProtocolServiceBlockingStub.requestVote(RaftServerProtocolServiceGrpc.java:265)
	at org.apache.ratis.grpc.server.GrpcServerProtocolClient.requestVote(GrpcServerProtocolClient.java:99)
	at org.apache.ratis.grpc.server.GrpcService.requestVote(GrpcService.java:204)
	at org.apache.ratis.server.impl.LeaderElection.lambda$submitRequests$1(LeaderElection.java:234)
	at java.util.concurrent.FutureTask.run(FutureTask.java:266)
	at java.util.concurrent.Executors$RunnableAdapter.call(Executors.java:511)
	at java.util.concurrent.FutureTask.run(FutureTask.java:266)
	at java.util.concurrent.ThreadPoolExecutor.runWorker(ThreadPoolExecutor.java:1149)
	at java.util.concurrent.ThreadPoolExecutor$Worker.run(ThreadPoolExecutor.java:624)
	... 1 more
Caused by: org.apache.ratis.thirdparty.io.netty.channel.AbstractChannel$AnnotatedConnectException: Connection refused: /192.168.69.122:38616
	at sun.nio.ch.SocketChannelImpl.checkConnect(Native Method)
	at sun.nio.ch.SocketChannelImpl.finishConnect(SocketChannelImpl.java:717)
	at org.apache.ratis.thirdparty.io.netty.channel.socket.nio.NioSocketChannel.doFinishConnect(NioSocketChannel.java:327)
	at org.apache.ratis.thirdparty.io.netty.channel.nio.AbstractNioChannel$AbstractNioUnsafe.finishConnect(AbstractNioChannel.java:340)
	at org.apache.ratis.thirdparty.io.netty.channel.nio.NioEventLoop.processSelectedKey(NioEventLoop.java:632)
	at org.apache.ratis.thirdparty.io.netty.channel.nio.NioEventLoop.processSelectedKeysOptimized(NioEventLoop.java:579)
	at org.apache.ratis.thirdparty.io.netty.channel.nio.NioEventLoop.processSelectedKeys(NioEventLoop.java:496)
	at org.apache.ratis.thirdparty.io.netty.channel.nio.NioEventLoop.run(NioEventLoop.java:458)
	at org.apache.ratis.thirdparty.io.netty.util.concurrent.SingleThreadEventExecutor$5.run(SingleThreadEventExecutor.java:897)
	at org.apache.ratis.thirdparty.io.netty.util.concurrent.FastThreadLocalRunnable.run(FastThreadLocalRunnable.java:30)
	... 1 more
Caused by: java.net.ConnectException: Connection refused
	... 11 more
2019-11-13 16:21:07,669 [a3f5b1ff-5ddb-40c7-8bbd-1ae7c3cdb433@group-8F7AB9145989-LeaderElection106] INFO  impl.RaftServerImpl (RaftServerImpl.java:setRole(173)) - a3f5b1ff-5ddb-40c7-8bbd-1ae7c3cdb433@group-8F7AB9145989: changes role from CANDIDATE to FOLLOWER at term 6 for DISCOVERED_A_NEW_TERM
2019-11-13 16:21:07,669 [a3f5b1ff-5ddb-40c7-8bbd-1ae7c3cdb433@group-8F7AB9145989-LeaderElection106] INFO  impl.RoleInfo (RoleInfo.java:shutdownLeaderElection(134)) - a3f5b1ff-5ddb-40c7-8bbd-1ae7c3cdb433: shutdown LeaderElection
2019-11-13 16:21:07,669 [a3f5b1ff-5ddb-40c7-8bbd-1ae7c3cdb433@group-8F7AB9145989-LeaderElection106] INFO  impl.RoleInfo (RoleInfo.java:updateAndGet(143)) - a3f5b1ff-5ddb-40c7-8bbd-1ae7c3cdb433: start FollowerState
2019-11-13 16:21:07,783 [Thread-1777] INFO  impl.FollowerState (FollowerState.java:run(111)) - 66a098cb-53c0-4f05-8b16-ad76b3c07384@group-F14CED7F129D-FollowerState: change to CANDIDATE, lastRpcTime:1076ms, electionTimeout:1076ms
2019-11-13 16:21:07,783 [Thread-1777] INFO  impl.RoleInfo (RoleInfo.java:shutdownFollowerState(121)) - 66a098cb-53c0-4f05-8b16-ad76b3c07384: shutdown FollowerState
2019-11-13 16:21:07,783 [Thread-1777] INFO  impl.RaftServerImpl (RaftServerImpl.java:setRole(173)) - 66a098cb-53c0-4f05-8b16-ad76b3c07384@group-F14CED7F129D: changes role from  FOLLOWER to CANDIDATE at term 11 for changeToCandidate
2019-11-13 16:21:07,783 [Thread-1777] INFO  impl.RoleInfo (RoleInfo.java:updateAndGet(143)) - 66a098cb-53c0-4f05-8b16-ad76b3c07384: start LeaderElection
2019-11-13 16:21:07,824 [66a098cb-53c0-4f05-8b16-ad76b3c07384@group-F14CED7F129D-LeaderElection107] INFO  impl.LeaderElection (LeaderElection.java:askForVotes(178)) - 66a098cb-53c0-4f05-8b16-ad76b3c07384@group-F14CED7F129D-LeaderElection107: begin an election at term 12 for 1: [3fa6b523-0f53-44bb-b345-f5f355eab07b:192.168.69.122:39811, ece9b524-37b5-4407-b642-ea356430eaaa:192.168.69.122:40942, 66a098cb-53c0-4f05-8b16-ad76b3c07384:192.168.69.122:36855], old=null
2019-11-13 16:21:07,825 [66a098cb-53c0-4f05-8b16-ad76b3c07384@group-F14CED7F129D-LeaderElection107] INFO  impl.LeaderElection (LogUtils.java:infoOrTrace(149)) - 66a098cb-53c0-4f05-8b16-ad76b3c07384@group-F14CED7F129D-LeaderElection107 got exception when requesting votes: {}
java.util.concurrent.ExecutionException: org.apache.ratis.thirdparty.io.grpc.StatusRuntimeException: UNAVAILABLE: io exception
	at java.util.concurrent.FutureTask.report(FutureTask.java:122)
	at java.util.concurrent.FutureTask.get(FutureTask.java:192)
	at org.apache.ratis.server.impl.LeaderElection.waitForResults(LeaderElection.java:259)
	at org.apache.ratis.server.impl.LeaderElection.askForVotes(LeaderElection.java:197)
	at org.apache.ratis.server.impl.LeaderElection.run(LeaderElection.java:133)
	at java.lang.Thread.run(Thread.java:748)
Caused by: org.apache.ratis.thirdparty.io.grpc.StatusRuntimeException: UNAVAILABLE: io exception
	at org.apache.ratis.thirdparty.io.grpc.stub.ClientCalls.toStatusRuntimeException(ClientCalls.java:233)
	at org.apache.ratis.thirdparty.io.grpc.stub.ClientCalls.getUnchecked(ClientCalls.java:214)
	at org.apache.ratis.thirdparty.io.grpc.stub.ClientCalls.blockingUnaryCall(ClientCalls.java:139)
	at org.apache.ratis.proto.grpc.RaftServerProtocolServiceGrpc$RaftServerProtocolServiceBlockingStub.requestVote(RaftServerProtocolServiceGrpc.java:265)
	at org.apache.ratis.grpc.server.GrpcServerProtocolClient.requestVote(GrpcServerProtocolClient.java:99)
	at org.apache.ratis.grpc.server.GrpcService.requestVote(GrpcService.java:204)
	at org.apache.ratis.server.impl.LeaderElection.lambda$submitRequests$1(LeaderElection.java:234)
	at java.util.concurrent.FutureTask.run(FutureTask.java:266)
	at java.util.concurrent.Executors$RunnableAdapter.call(Executors.java:511)
	at java.util.concurrent.FutureTask.run(FutureTask.java:266)
	at java.util.concurrent.ThreadPoolExecutor.runWorker(ThreadPoolExecutor.java:1149)
	at java.util.concurrent.ThreadPoolExecutor$Worker.run(ThreadPoolExecutor.java:624)
	... 1 more
Caused by: org.apache.ratis.thirdparty.io.netty.channel.AbstractChannel$AnnotatedConnectException: Connection refused: /192.168.69.122:39811
	at sun.nio.ch.SocketChannelImpl.checkConnect(Native Method)
	at sun.nio.ch.SocketChannelImpl.finishConnect(SocketChannelImpl.java:717)
	at org.apache.ratis.thirdparty.io.netty.channel.socket.nio.NioSocketChannel.doFinishConnect(NioSocketChannel.java:327)
	at org.apache.ratis.thirdparty.io.netty.channel.nio.AbstractNioChannel$AbstractNioUnsafe.finishConnect(AbstractNioChannel.java:340)
	at org.apache.ratis.thirdparty.io.netty.channel.nio.NioEventLoop.processSelectedKey(NioEventLoop.java:632)
	at org.apache.ratis.thirdparty.io.netty.channel.nio.NioEventLoop.processSelectedKeysOptimized(NioEventLoop.java:579)
	at org.apache.ratis.thirdparty.io.netty.channel.nio.NioEventLoop.processSelectedKeys(NioEventLoop.java:496)
	at org.apache.ratis.thirdparty.io.netty.channel.nio.NioEventLoop.run(NioEventLoop.java:458)
	at org.apache.ratis.thirdparty.io.netty.util.concurrent.SingleThreadEventExecutor$5.run(SingleThreadEventExecutor.java:897)
	at org.apache.ratis.thirdparty.io.netty.util.concurrent.FastThreadLocalRunnable.run(FastThreadLocalRunnable.java:30)
	... 1 more
Caused by: java.net.ConnectException: Connection refused
	... 11 more
2019-11-13 16:21:07,825 [66a098cb-53c0-4f05-8b16-ad76b3c07384@group-F14CED7F129D-LeaderElection107] INFO  impl.LeaderElection (LogUtils.java:infoOrTrace(149)) - 66a098cb-53c0-4f05-8b16-ad76b3c07384@group-F14CED7F129D-LeaderElection107 got exception when requesting votes: {}
java.util.concurrent.ExecutionException: org.apache.ratis.thirdparty.io.grpc.StatusRuntimeException: UNAVAILABLE: io exception
	at java.util.concurrent.FutureTask.report(FutureTask.java:122)
	at java.util.concurrent.FutureTask.get(FutureTask.java:192)
	at org.apache.ratis.server.impl.LeaderElection.waitForResults(LeaderElection.java:259)
	at org.apache.ratis.server.impl.LeaderElection.askForVotes(LeaderElection.java:197)
	at org.apache.ratis.server.impl.LeaderElection.run(LeaderElection.java:133)
	at java.lang.Thread.run(Thread.java:748)
Caused by: org.apache.ratis.thirdparty.io.grpc.StatusRuntimeException: UNAVAILABLE: io exception
	at org.apache.ratis.thirdparty.io.grpc.stub.ClientCalls.toStatusRuntimeException(ClientCalls.java:233)
	at org.apache.ratis.thirdparty.io.grpc.stub.ClientCalls.getUnchecked(ClientCalls.java:214)
	at org.apache.ratis.thirdparty.io.grpc.stub.ClientCalls.blockingUnaryCall(ClientCalls.java:139)
	at org.apache.ratis.proto.grpc.RaftServerProtocolServiceGrpc$RaftServerProtocolServiceBlockingStub.requestVote(RaftServerProtocolServiceGrpc.java:265)
	at org.apache.ratis.grpc.server.GrpcServerProtocolClient.requestVote(GrpcServerProtocolClient.java:99)
	at org.apache.ratis.grpc.server.GrpcService.requestVote(GrpcService.java:204)
	at org.apache.ratis.server.impl.LeaderElection.lambda$submitRequests$1(LeaderElection.java:234)
	at java.util.concurrent.FutureTask.run(FutureTask.java:266)
	at java.util.concurrent.Executors$RunnableAdapter.call(Executors.java:511)
	at java.util.concurrent.FutureTask.run(FutureTask.java:266)
	at java.util.concurrent.ThreadPoolExecutor.runWorker(ThreadPoolExecutor.java:1149)
	at java.util.concurrent.ThreadPoolExecutor$Worker.run(ThreadPoolExecutor.java:624)
	... 1 more
Caused by: org.apache.ratis.thirdparty.io.netty.channel.AbstractChannel$AnnotatedConnectException: Connection refused: /192.168.69.122:40942
	at sun.nio.ch.SocketChannelImpl.checkConnect(Native Method)
	at sun.nio.ch.SocketChannelImpl.finishConnect(SocketChannelImpl.java:717)
	at org.apache.ratis.thirdparty.io.netty.channel.socket.nio.NioSocketChannel.doFinishConnect(NioSocketChannel.java:327)
	at org.apache.ratis.thirdparty.io.netty.channel.nio.AbstractNioChannel$AbstractNioUnsafe.finishConnect(AbstractNioChannel.java:340)
	at org.apache.ratis.thirdparty.io.netty.channel.nio.NioEventLoop.processSelectedKey(NioEventLoop.java:632)
	at org.apache.ratis.thirdparty.io.netty.channel.nio.NioEventLoop.processSelectedKeysOptimized(NioEventLoop.java:579)
	at org.apache.ratis.thirdparty.io.netty.channel.nio.NioEventLoop.processSelectedKeys(NioEventLoop.java:496)
	at org.apache.ratis.thirdparty.io.netty.channel.nio.NioEventLoop.run(NioEventLoop.java:458)
	at org.apache.ratis.thirdparty.io.netty.util.concurrent.SingleThreadEventExecutor$5.run(SingleThreadEventExecutor.java:897)
	at org.apache.ratis.thirdparty.io.netty.util.concurrent.FastThreadLocalRunnable.run(FastThreadLocalRunnable.java:30)
	... 1 more
Caused by: java.net.ConnectException: Connection refused
	... 11 more
2019-11-13 16:21:07,826 [66a098cb-53c0-4f05-8b16-ad76b3c07384@group-F14CED7F129D-LeaderElection107] INFO  impl.LeaderElection (LeaderElection.java:logAndReturn(56)) - 66a098cb-53c0-4f05-8b16-ad76b3c07384@group-F14CED7F129D-LeaderElection107: Election REJECTED; received 0 response(s) [] and 2 exception(s); 66a098cb-53c0-4f05-8b16-ad76b3c07384@group-F14CED7F129D:t12, leader=null, voted=66a098cb-53c0-4f05-8b16-ad76b3c07384, raftlog=66a098cb-53c0-4f05-8b16-ad76b3c07384@group-F14CED7F129D-SegmentedRaftLog:OPENED:c2,f2,i2, conf=1: [3fa6b523-0f53-44bb-b345-f5f355eab07b:192.168.69.122:39811, ece9b524-37b5-4407-b642-ea356430eaaa:192.168.69.122:40942, 66a098cb-53c0-4f05-8b16-ad76b3c07384:192.168.69.122:36855], old=null
2019-11-13 16:21:07,826 [66a098cb-53c0-4f05-8b16-ad76b3c07384@group-F14CED7F129D-LeaderElection107] INFO  impl.LeaderElection (LogUtils.java:infoOrTrace(149)) -   Exception 0: {}
java.util.concurrent.ExecutionException: org.apache.ratis.thirdparty.io.grpc.StatusRuntimeException: UNAVAILABLE: io exception
	at java.util.concurrent.FutureTask.report(FutureTask.java:122)
	at java.util.concurrent.FutureTask.get(FutureTask.java:192)
	at org.apache.ratis.server.impl.LeaderElection.waitForResults(LeaderElection.java:259)
	at org.apache.ratis.server.impl.LeaderElection.askForVotes(LeaderElection.java:197)
	at org.apache.ratis.server.impl.LeaderElection.run(LeaderElection.java:133)
	at java.lang.Thread.run(Thread.java:748)
Caused by: org.apache.ratis.thirdparty.io.grpc.StatusRuntimeException: UNAVAILABLE: io exception
	at org.apache.ratis.thirdparty.io.grpc.stub.ClientCalls.toStatusRuntimeException(ClientCalls.java:233)
	at org.apache.ratis.thirdparty.io.grpc.stub.ClientCalls.getUnchecked(ClientCalls.java:214)
	at org.apache.ratis.thirdparty.io.grpc.stub.ClientCalls.blockingUnaryCall(ClientCalls.java:139)
	at org.apache.ratis.proto.grpc.RaftServerProtocolServiceGrpc$RaftServerProtocolServiceBlockingStub.requestVote(RaftServerProtocolServiceGrpc.java:265)
	at org.apache.ratis.grpc.server.GrpcServerProtocolClient.requestVote(GrpcServerProtocolClient.java:99)
	at org.apache.ratis.grpc.server.GrpcService.requestVote(GrpcService.java:204)
	at org.apache.ratis.server.impl.LeaderElection.lambda$submitRequests$1(LeaderElection.java:234)
	at java.util.concurrent.FutureTask.run(FutureTask.java:266)
	at java.util.concurrent.Executors$RunnableAdapter.call(Executors.java:511)
	at java.util.concurrent.FutureTask.run(FutureTask.java:266)
	at java.util.concurrent.ThreadPoolExecutor.runWorker(ThreadPoolExecutor.java:1149)
	at java.util.concurrent.ThreadPoolExecutor$Worker.run(ThreadPoolExecutor.java:624)
	... 1 more
Caused by: org.apache.ratis.thirdparty.io.netty.channel.AbstractChannel$AnnotatedConnectException: Connection refused: /192.168.69.122:39811
	at sun.nio.ch.SocketChannelImpl.checkConnect(Native Method)
	at sun.nio.ch.SocketChannelImpl.finishConnect(SocketChannelImpl.java:717)
	at org.apache.ratis.thirdparty.io.netty.channel.socket.nio.NioSocketChannel.doFinishConnect(NioSocketChannel.java:327)
	at org.apache.ratis.thirdparty.io.netty.channel.nio.AbstractNioChannel$AbstractNioUnsafe.finishConnect(AbstractNioChannel.java:340)
	at org.apache.ratis.thirdparty.io.netty.channel.nio.NioEventLoop.processSelectedKey(NioEventLoop.java:632)
	at org.apache.ratis.thirdparty.io.netty.channel.nio.NioEventLoop.processSelectedKeysOptimized(NioEventLoop.java:579)
	at org.apache.ratis.thirdparty.io.netty.channel.nio.NioEventLoop.processSelectedKeys(NioEventLoop.java:496)
	at org.apache.ratis.thirdparty.io.netty.channel.nio.NioEventLoop.run(NioEventLoop.java:458)
	at org.apache.ratis.thirdparty.io.netty.util.concurrent.SingleThreadEventExecutor$5.run(SingleThreadEventExecutor.java:897)
	at org.apache.ratis.thirdparty.io.netty.util.concurrent.FastThreadLocalRunnable.run(FastThreadLocalRunnable.java:30)
	... 1 more
Caused by: java.net.ConnectException: Connection refused
	... 11 more
2019-11-13 16:21:07,826 [66a098cb-53c0-4f05-8b16-ad76b3c07384@group-F14CED7F129D-LeaderElection107] INFO  impl.LeaderElection (LogUtils.java:infoOrTrace(149)) -   Exception 1: {}
java.util.concurrent.ExecutionException: org.apache.ratis.thirdparty.io.grpc.StatusRuntimeException: UNAVAILABLE: io exception
	at java.util.concurrent.FutureTask.report(FutureTask.java:122)
	at java.util.concurrent.FutureTask.get(FutureTask.java:192)
	at org.apache.ratis.server.impl.LeaderElection.waitForResults(LeaderElection.java:259)
	at org.apache.ratis.server.impl.LeaderElection.askForVotes(LeaderElection.java:197)
	at org.apache.ratis.server.impl.LeaderElection.run(LeaderElection.java:133)
	at java.lang.Thread.run(Thread.java:748)
Caused by: org.apache.ratis.thirdparty.io.grpc.StatusRuntimeException: UNAVAILABLE: io exception
	at org.apache.ratis.thirdparty.io.grpc.stub.ClientCalls.toStatusRuntimeException(ClientCalls.java:233)
	at org.apache.ratis.thirdparty.io.grpc.stub.ClientCalls.getUnchecked(ClientCalls.java:214)
	at org.apache.ratis.thirdparty.io.grpc.stub.ClientCalls.blockingUnaryCall(ClientCalls.java:139)
	at org.apache.ratis.proto.grpc.RaftServerProtocolServiceGrpc$RaftServerProtocolServiceBlockingStub.requestVote(RaftServerProtocolServiceGrpc.java:265)
	at org.apache.ratis.grpc.server.GrpcServerProtocolClient.requestVote(GrpcServerProtocolClient.java:99)
	at org.apache.ratis.grpc.server.GrpcService.requestVote(GrpcService.java:204)
	at org.apache.ratis.server.impl.LeaderElection.lambda$submitRequests$1(LeaderElection.java:234)
	at java.util.concurrent.FutureTask.run(FutureTask.java:266)
	at java.util.concurrent.Executors$RunnableAdapter.call(Executors.java:511)
	at java.util.concurrent.FutureTask.run(FutureTask.java:266)
	at java.util.concurrent.ThreadPoolExecutor.runWorker(ThreadPoolExecutor.java:1149)
	at java.util.concurrent.ThreadPoolExecutor$Worker.run(ThreadPoolExecutor.java:624)
	... 1 more
Caused by: org.apache.ratis.thirdparty.io.netty.channel.AbstractChannel$AnnotatedConnectException: Connection refused: /192.168.69.122:40942
	at sun.nio.ch.SocketChannelImpl.checkConnect(Native Method)
	at sun.nio.ch.SocketChannelImpl.finishConnect(SocketChannelImpl.java:717)
	at org.apache.ratis.thirdparty.io.netty.channel.socket.nio.NioSocketChannel.doFinishConnect(NioSocketChannel.java:327)
	at org.apache.ratis.thirdparty.io.netty.channel.nio.AbstractNioChannel$AbstractNioUnsafe.finishConnect(AbstractNioChannel.java:340)
	at org.apache.ratis.thirdparty.io.netty.channel.nio.NioEventLoop.processSelectedKey(NioEventLoop.java:632)
	at org.apache.ratis.thirdparty.io.netty.channel.nio.NioEventLoop.processSelectedKeysOptimized(NioEventLoop.java:579)
	at org.apache.ratis.thirdparty.io.netty.channel.nio.NioEventLoop.processSelectedKeys(NioEventLoop.java:496)
	at org.apache.ratis.thirdparty.io.netty.channel.nio.NioEventLoop.run(NioEventLoop.java:458)
	at org.apache.ratis.thirdparty.io.netty.util.concurrent.SingleThreadEventExecutor$5.run(SingleThreadEventExecutor.java:897)
	at org.apache.ratis.thirdparty.io.netty.util.concurrent.FastThreadLocalRunnable.run(FastThreadLocalRunnable.java:30)
	... 1 more
Caused by: java.net.ConnectException: Connection refused
	... 11 more
2019-11-13 16:21:07,826 [66a098cb-53c0-4f05-8b16-ad76b3c07384@group-F14CED7F129D-LeaderElection107] INFO  impl.RaftServerImpl (RaftServerImpl.java:setRole(173)) - 66a098cb-53c0-4f05-8b16-ad76b3c07384@group-F14CED7F129D: changes role from CANDIDATE to FOLLOWER at term 12 for DISCOVERED_A_NEW_TERM
2019-11-13 16:21:07,826 [66a098cb-53c0-4f05-8b16-ad76b3c07384@group-F14CED7F129D-LeaderElection107] INFO  impl.RoleInfo (RoleInfo.java:shutdownLeaderElection(134)) - 66a098cb-53c0-4f05-8b16-ad76b3c07384: shutdown LeaderElection
2019-11-13 16:21:07,827 [66a098cb-53c0-4f05-8b16-ad76b3c07384@group-F14CED7F129D-LeaderElection107] INFO  impl.RoleInfo (RoleInfo.java:updateAndGet(143)) - 66a098cb-53c0-4f05-8b16-ad76b3c07384: start FollowerState
2019-11-13 16:21:08,761 [Thread-1781] INFO  impl.FollowerState (FollowerState.java:run(111)) - a3f5b1ff-5ddb-40c7-8bbd-1ae7c3cdb433@group-8F7AB9145989-FollowerState: change to CANDIDATE, lastRpcTime:1091ms, electionTimeout:1091ms
2019-11-13 16:21:08,761 [Thread-1781] INFO  impl.RoleInfo (RoleInfo.java:shutdownFollowerState(121)) - a3f5b1ff-5ddb-40c7-8bbd-1ae7c3cdb433: shutdown FollowerState
2019-11-13 16:21:08,761 [Thread-1781] INFO  impl.RaftServerImpl (RaftServerImpl.java:setRole(173)) - a3f5b1ff-5ddb-40c7-8bbd-1ae7c3cdb433@group-8F7AB9145989: changes role from  FOLLOWER to CANDIDATE at term 6 for changeToCandidate
2019-11-13 16:21:08,761 [Thread-1781] INFO  impl.RoleInfo (RoleInfo.java:updateAndGet(143)) - a3f5b1ff-5ddb-40c7-8bbd-1ae7c3cdb433: start LeaderElection
2019-11-13 16:21:08,779 [a3f5b1ff-5ddb-40c7-8bbd-1ae7c3cdb433@group-8F7AB9145989-LeaderElection108] INFO  impl.LeaderElection (LeaderElection.java:askForVotes(178)) - a3f5b1ff-5ddb-40c7-8bbd-1ae7c3cdb433@group-8F7AB9145989-LeaderElection108: begin an election at term 7 for 0: [d45a2df2-8f38-43ec-9df7-e5c52ac58263:192.168.69.122:44126, 285e9247-2161-496e-af81-9a87b6b231d9:192.168.69.122:38616, a3f5b1ff-5ddb-40c7-8bbd-1ae7c3cdb433:192.168.69.122:40390], old=null
2019-11-13 16:21:08,780 [a3f5b1ff-5ddb-40c7-8bbd-1ae7c3cdb433@group-8F7AB9145989-LeaderElection108] INFO  impl.LeaderElection (LogUtils.java:infoOrTrace(149)) - a3f5b1ff-5ddb-40c7-8bbd-1ae7c3cdb433@group-8F7AB9145989-LeaderElection108 got exception when requesting votes: {}
java.util.concurrent.ExecutionException: org.apache.ratis.thirdparty.io.grpc.StatusRuntimeException: UNAVAILABLE: io exception
	at java.util.concurrent.FutureTask.report(FutureTask.java:122)
	at java.util.concurrent.FutureTask.get(FutureTask.java:192)
	at org.apache.ratis.server.impl.LeaderElection.waitForResults(LeaderElection.java:259)
	at org.apache.ratis.server.impl.LeaderElection.askForVotes(LeaderElection.java:197)
	at org.apache.ratis.server.impl.LeaderElection.run(LeaderElection.java:133)
	at java.lang.Thread.run(Thread.java:748)
Caused by: org.apache.ratis.thirdparty.io.grpc.StatusRuntimeException: UNAVAILABLE: io exception
	at org.apache.ratis.thirdparty.io.grpc.stub.ClientCalls.toStatusRuntimeException(ClientCalls.java:233)
	at org.apache.ratis.thirdparty.io.grpc.stub.ClientCalls.getUnchecked(ClientCalls.java:214)
	at org.apache.ratis.thirdparty.io.grpc.stub.ClientCalls.blockingUnaryCall(ClientCalls.java:139)
	at org.apache.ratis.proto.grpc.RaftServerProtocolServiceGrpc$RaftServerProtocolServiceBlockingStub.requestVote(RaftServerProtocolServiceGrpc.java:265)
	at org.apache.ratis.grpc.server.GrpcServerProtocolClient.requestVote(GrpcServerProtocolClient.java:99)
	at org.apache.ratis.grpc.server.GrpcService.requestVote(GrpcService.java:204)
	at org.apache.ratis.server.impl.LeaderElection.lambda$submitRequests$1(LeaderElection.java:234)
	at java.util.concurrent.FutureTask.run(FutureTask.java:266)
	at java.util.concurrent.Executors$RunnableAdapter.call(Executors.java:511)
	at java.util.concurrent.FutureTask.run(FutureTask.java:266)
	at java.util.concurrent.ThreadPoolExecutor.runWorker(ThreadPoolExecutor.java:1149)
	at java.util.concurrent.ThreadPoolExecutor$Worker.run(ThreadPoolExecutor.java:624)
	... 1 more
Caused by: org.apache.ratis.thirdparty.io.netty.channel.AbstractChannel$AnnotatedConnectException: Connection refused: /192.168.69.122:44126
	at sun.nio.ch.SocketChannelImpl.checkConnect(Native Method)
	at sun.nio.ch.SocketChannelImpl.finishConnect(SocketChannelImpl.java:717)
	at org.apache.ratis.thirdparty.io.netty.channel.socket.nio.NioSocketChannel.doFinishConnect(NioSocketChannel.java:327)
	at org.apache.ratis.thirdparty.io.netty.channel.nio.AbstractNioChannel$AbstractNioUnsafe.finishConnect(AbstractNioChannel.java:340)
	at org.apache.ratis.thirdparty.io.netty.channel.nio.NioEventLoop.processSelectedKey(NioEventLoop.java:632)
	at org.apache.ratis.thirdparty.io.netty.channel.nio.NioEventLoop.processSelectedKeysOptimized(NioEventLoop.java:579)
	at org.apache.ratis.thirdparty.io.netty.channel.nio.NioEventLoop.processSelectedKeys(NioEventLoop.java:496)
	at org.apache.ratis.thirdparty.io.netty.channel.nio.NioEventLoop.run(NioEventLoop.java:458)
	at org.apache.ratis.thirdparty.io.netty.util.concurrent.SingleThreadEventExecutor$5.run(SingleThreadEventExecutor.java:897)
	at org.apache.ratis.thirdparty.io.netty.util.concurrent.FastThreadLocalRunnable.run(FastThreadLocalRunnable.java:30)
	... 1 more
Caused by: java.net.ConnectException: Connection refused
	... 11 more
2019-11-13 16:21:08,780 [a3f5b1ff-5ddb-40c7-8bbd-1ae7c3cdb433@group-8F7AB9145989-LeaderElection108] INFO  impl.LeaderElection (LogUtils.java:infoOrTrace(149)) - a3f5b1ff-5ddb-40c7-8bbd-1ae7c3cdb433@group-8F7AB9145989-LeaderElection108 got exception when requesting votes: {}
java.util.concurrent.ExecutionException: org.apache.ratis.thirdparty.io.grpc.StatusRuntimeException: UNAVAILABLE: io exception
	at java.util.concurrent.FutureTask.report(FutureTask.java:122)
	at java.util.concurrent.FutureTask.get(FutureTask.java:192)
	at org.apache.ratis.server.impl.LeaderElection.waitForResults(LeaderElection.java:259)
	at org.apache.ratis.server.impl.LeaderElection.askForVotes(LeaderElection.java:197)
	at org.apache.ratis.server.impl.LeaderElection.run(LeaderElection.java:133)
	at java.lang.Thread.run(Thread.java:748)
Caused by: org.apache.ratis.thirdparty.io.grpc.StatusRuntimeException: UNAVAILABLE: io exception
	at org.apache.ratis.thirdparty.io.grpc.stub.ClientCalls.toStatusRuntimeException(ClientCalls.java:233)
	at org.apache.ratis.thirdparty.io.grpc.stub.ClientCalls.getUnchecked(ClientCalls.java:214)
	at org.apache.ratis.thirdparty.io.grpc.stub.ClientCalls.blockingUnaryCall(ClientCalls.java:139)
	at org.apache.ratis.proto.grpc.RaftServerProtocolServiceGrpc$RaftServerProtocolServiceBlockingStub.requestVote(RaftServerProtocolServiceGrpc.java:265)
	at org.apache.ratis.grpc.server.GrpcServerProtocolClient.requestVote(GrpcServerProtocolClient.java:99)
	at org.apache.ratis.grpc.server.GrpcService.requestVote(GrpcService.java:204)
	at org.apache.ratis.server.impl.LeaderElection.lambda$submitRequests$1(LeaderElection.java:234)
	at java.util.concurrent.FutureTask.run(FutureTask.java:266)
	at java.util.concurrent.Executors$RunnableAdapter.call(Executors.java:511)
	at java.util.concurrent.FutureTask.run(FutureTask.java:266)
	at java.util.concurrent.ThreadPoolExecutor.runWorker(ThreadPoolExecutor.java:1149)
	at java.util.concurrent.ThreadPoolExecutor$Worker.run(ThreadPoolExecutor.java:624)
	... 1 more
Caused by: org.apache.ratis.thirdparty.io.netty.channel.AbstractChannel$AnnotatedConnectException: Connection refused: /192.168.69.122:38616
	at sun.nio.ch.SocketChannelImpl.checkConnect(Native Method)
	at sun.nio.ch.SocketChannelImpl.finishConnect(SocketChannelImpl.java:717)
	at org.apache.ratis.thirdparty.io.netty.channel.socket.nio.NioSocketChannel.doFinishConnect(NioSocketChannel.java:327)
	at org.apache.ratis.thirdparty.io.netty.channel.nio.AbstractNioChannel$AbstractNioUnsafe.finishConnect(AbstractNioChannel.java:340)
	at org.apache.ratis.thirdparty.io.netty.channel.nio.NioEventLoop.processSelectedKey(NioEventLoop.java:632)
	at org.apache.ratis.thirdparty.io.netty.channel.nio.NioEventLoop.processSelectedKeysOptimized(NioEventLoop.java:579)
	at org.apache.ratis.thirdparty.io.netty.channel.nio.NioEventLoop.processSelectedKeys(NioEventLoop.java:496)
	at org.apache.ratis.thirdparty.io.netty.channel.nio.NioEventLoop.run(NioEventLoop.java:458)
	at org.apache.ratis.thirdparty.io.netty.util.concurrent.SingleThreadEventExecutor$5.run(SingleThreadEventExecutor.java:897)
	at org.apache.ratis.thirdparty.io.netty.util.concurrent.FastThreadLocalRunnable.run(FastThreadLocalRunnable.java:30)
	... 1 more
Caused by: java.net.ConnectException: Connection refused
	... 11 more
2019-11-13 16:21:08,780 [a3f5b1ff-5ddb-40c7-8bbd-1ae7c3cdb433@group-8F7AB9145989-LeaderElection108] INFO  impl.LeaderElection (LeaderElection.java:logAndReturn(56)) - a3f5b1ff-5ddb-40c7-8bbd-1ae7c3cdb433@group-8F7AB9145989-LeaderElection108: Election REJECTED; received 0 response(s) [] and 2 exception(s); a3f5b1ff-5ddb-40c7-8bbd-1ae7c3cdb433@group-8F7AB9145989:t7, leader=null, voted=a3f5b1ff-5ddb-40c7-8bbd-1ae7c3cdb433, raftlog=a3f5b1ff-5ddb-40c7-8bbd-1ae7c3cdb433@group-8F7AB9145989-SegmentedRaftLog:OPENED:c4,f4,i4, conf=0: [d45a2df2-8f38-43ec-9df7-e5c52ac58263:192.168.69.122:44126, 285e9247-2161-496e-af81-9a87b6b231d9:192.168.69.122:38616, a3f5b1ff-5ddb-40c7-8bbd-1ae7c3cdb433:192.168.69.122:40390], old=null
2019-11-13 16:21:08,780 [a3f5b1ff-5ddb-40c7-8bbd-1ae7c3cdb433@group-8F7AB9145989-LeaderElection108] INFO  impl.LeaderElection (LogUtils.java:infoOrTrace(149)) -   Exception 0: {}
java.util.concurrent.ExecutionException: org.apache.ratis.thirdparty.io.grpc.StatusRuntimeException: UNAVAILABLE: io exception
	at java.util.concurrent.FutureTask.report(FutureTask.java:122)
	at java.util.concurrent.FutureTask.get(FutureTask.java:192)
	at org.apache.ratis.server.impl.LeaderElection.waitForResults(LeaderElection.java:259)
	at org.apache.ratis.server.impl.LeaderElection.askForVotes(LeaderElection.java:197)
	at org.apache.ratis.server.impl.LeaderElection.run(LeaderElection.java:133)
	at java.lang.Thread.run(Thread.java:748)
Caused by: org.apache.ratis.thirdparty.io.grpc.StatusRuntimeException: UNAVAILABLE: io exception
	at org.apache.ratis.thirdparty.io.grpc.stub.ClientCalls.toStatusRuntimeException(ClientCalls.java:233)
	at org.apache.ratis.thirdparty.io.grpc.stub.ClientCalls.getUnchecked(ClientCalls.java:214)
	at org.apache.ratis.thirdparty.io.grpc.stub.ClientCalls.blockingUnaryCall(ClientCalls.java:139)
	at org.apache.ratis.proto.grpc.RaftServerProtocolServiceGrpc$RaftServerProtocolServiceBlockingStub.requestVote(RaftServerProtocolServiceGrpc.java:265)
	at org.apache.ratis.grpc.server.GrpcServerProtocolClient.requestVote(GrpcServerProtocolClient.java:99)
	at org.apache.ratis.grpc.server.GrpcService.requestVote(GrpcService.java:204)
	at org.apache.ratis.server.impl.LeaderElection.lambda$submitRequests$1(LeaderElection.java:234)
	at java.util.concurrent.FutureTask.run(FutureTask.java:266)
	at java.util.concurrent.Executors$RunnableAdapter.call(Executors.java:511)
	at java.util.concurrent.FutureTask.run(FutureTask.java:266)
	at java.util.concurrent.ThreadPoolExecutor.runWorker(ThreadPoolExecutor.java:1149)
	at java.util.concurrent.ThreadPoolExecutor$Worker.run(ThreadPoolExecutor.java:624)
	... 1 more
Caused by: org.apache.ratis.thirdparty.io.netty.channel.AbstractChannel$AnnotatedConnectException: Connection refused: /192.168.69.122:44126
	at sun.nio.ch.SocketChannelImpl.checkConnect(Native Method)
	at sun.nio.ch.SocketChannelImpl.finishConnect(SocketChannelImpl.java:717)
	at org.apache.ratis.thirdparty.io.netty.channel.socket.nio.NioSocketChannel.doFinishConnect(NioSocketChannel.java:327)
	at org.apache.ratis.thirdparty.io.netty.channel.nio.AbstractNioChannel$AbstractNioUnsafe.finishConnect(AbstractNioChannel.java:340)
	at org.apache.ratis.thirdparty.io.netty.channel.nio.NioEventLoop.processSelectedKey(NioEventLoop.java:632)
	at org.apache.ratis.thirdparty.io.netty.channel.nio.NioEventLoop.processSelectedKeysOptimized(NioEventLoop.java:579)
	at org.apache.ratis.thirdparty.io.netty.channel.nio.NioEventLoop.processSelectedKeys(NioEventLoop.java:496)
	at org.apache.ratis.thirdparty.io.netty.channel.nio.NioEventLoop.run(NioEventLoop.java:458)
	at org.apache.ratis.thirdparty.io.netty.util.concurrent.SingleThreadEventExecutor$5.run(SingleThreadEventExecutor.java:897)
	at org.apache.ratis.thirdparty.io.netty.util.concurrent.FastThreadLocalRunnable.run(FastThreadLocalRunnable.java:30)
	... 1 more
Caused by: java.net.ConnectException: Connection refused
	... 11 more
2019-11-13 16:21:08,780 [a3f5b1ff-5ddb-40c7-8bbd-1ae7c3cdb433@group-8F7AB9145989-LeaderElection108] INFO  impl.LeaderElection (LogUtils.java:infoOrTrace(149)) -   Exception 1: {}
java.util.concurrent.ExecutionException: org.apache.ratis.thirdparty.io.grpc.StatusRuntimeException: UNAVAILABLE: io exception
	at java.util.concurrent.FutureTask.report(FutureTask.java:122)
	at java.util.concurrent.FutureTask.get(FutureTask.java:192)
	at org.apache.ratis.server.impl.LeaderElection.waitForResults(LeaderElection.java:259)
	at org.apache.ratis.server.impl.LeaderElection.askForVotes(LeaderElection.java:197)
	at org.apache.ratis.server.impl.LeaderElection.run(LeaderElection.java:133)
	at java.lang.Thread.run(Thread.java:748)
Caused by: org.apache.ratis.thirdparty.io.grpc.StatusRuntimeException: UNAVAILABLE: io exception
	at org.apache.ratis.thirdparty.io.grpc.stub.ClientCalls.toStatusRuntimeException(ClientCalls.java:233)
	at org.apache.ratis.thirdparty.io.grpc.stub.ClientCalls.getUnchecked(ClientCalls.java:214)
	at org.apache.ratis.thirdparty.io.grpc.stub.ClientCalls.blockingUnaryCall(ClientCalls.java:139)
	at org.apache.ratis.proto.grpc.RaftServerProtocolServiceGrpc$RaftServerProtocolServiceBlockingStub.requestVote(RaftServerProtocolServiceGrpc.java:265)
	at org.apache.ratis.grpc.server.GrpcServerProtocolClient.requestVote(GrpcServerProtocolClient.java:99)
	at org.apache.ratis.grpc.server.GrpcService.requestVote(GrpcService.java:204)
	at org.apache.ratis.server.impl.LeaderElection.lambda$submitRequests$1(LeaderElection.java:234)
	at java.util.concurrent.FutureTask.run(FutureTask.java:266)
	at java.util.concurrent.Executors$RunnableAdapter.call(Executors.java:511)
	at java.util.concurrent.FutureTask.run(FutureTask.java:266)
	at java.util.concurrent.ThreadPoolExecutor.runWorker(ThreadPoolExecutor.java:1149)
	at java.util.concurrent.ThreadPoolExecutor$Worker.run(ThreadPoolExecutor.java:624)
	... 1 more
Caused by: org.apache.ratis.thirdparty.io.netty.channel.AbstractChannel$AnnotatedConnectException: Connection refused: /192.168.69.122:38616
	at sun.nio.ch.SocketChannelImpl.checkConnect(Native Method)
	at sun.nio.ch.SocketChannelImpl.finishConnect(SocketChannelImpl.java:717)
	at org.apache.ratis.thirdparty.io.netty.channel.socket.nio.NioSocketChannel.doFinishConnect(NioSocketChannel.java:327)
	at org.apache.ratis.thirdparty.io.netty.channel.nio.AbstractNioChannel$AbstractNioUnsafe.finishConnect(AbstractNioChannel.java:340)
	at org.apache.ratis.thirdparty.io.netty.channel.nio.NioEventLoop.processSelectedKey(NioEventLoop.java:632)
	at org.apache.ratis.thirdparty.io.netty.channel.nio.NioEventLoop.processSelectedKeysOptimized(NioEventLoop.java:579)
	at org.apache.ratis.thirdparty.io.netty.channel.nio.NioEventLoop.processSelectedKeys(NioEventLoop.java:496)
	at org.apache.ratis.thirdparty.io.netty.channel.nio.NioEventLoop.run(NioEventLoop.java:458)
	at org.apache.ratis.thirdparty.io.netty.util.concurrent.SingleThreadEventExecutor$5.run(SingleThreadEventExecutor.java:897)
	at org.apache.ratis.thirdparty.io.netty.util.concurrent.FastThreadLocalRunnable.run(FastThreadLocalRunnable.java:30)
	... 1 more
Caused by: java.net.ConnectException: Connection refused
	... 11 more
2019-11-13 16:21:08,781 [a3f5b1ff-5ddb-40c7-8bbd-1ae7c3cdb433@group-8F7AB9145989-LeaderElection108] INFO  impl.RaftServerImpl (RaftServerImpl.java:setRole(173)) - a3f5b1ff-5ddb-40c7-8bbd-1ae7c3cdb433@group-8F7AB9145989: changes role from CANDIDATE to FOLLOWER at term 7 for DISCOVERED_A_NEW_TERM
2019-11-13 16:21:08,781 [a3f5b1ff-5ddb-40c7-8bbd-1ae7c3cdb433@group-8F7AB9145989-LeaderElection108] INFO  impl.RoleInfo (RoleInfo.java:shutdownLeaderElection(134)) - a3f5b1ff-5ddb-40c7-8bbd-1ae7c3cdb433: shutdown LeaderElection
2019-11-13 16:21:08,781 [a3f5b1ff-5ddb-40c7-8bbd-1ae7c3cdb433@group-8F7AB9145989-LeaderElection108] INFO  impl.RoleInfo (RoleInfo.java:updateAndGet(143)) - a3f5b1ff-5ddb-40c7-8bbd-1ae7c3cdb433: start FollowerState
2019-11-13 16:21:08,958 [Thread-1785] INFO  impl.FollowerState (FollowerState.java:run(111)) - 66a098cb-53c0-4f05-8b16-ad76b3c07384@group-F14CED7F129D-FollowerState: change to CANDIDATE, lastRpcTime:1131ms, electionTimeout:1131ms
2019-11-13 16:21:08,958 [Thread-1785] INFO  impl.RoleInfo (RoleInfo.java:shutdownFollowerState(121)) - 66a098cb-53c0-4f05-8b16-ad76b3c07384: shutdown FollowerState
2019-11-13 16:21:08,958 [Thread-1785] INFO  impl.RaftServerImpl (RaftServerImpl.java:setRole(173)) - 66a098cb-53c0-4f05-8b16-ad76b3c07384@group-F14CED7F129D: changes role from  FOLLOWER to CANDIDATE at term 12 for changeToCandidate
2019-11-13 16:21:08,958 [Thread-1785] INFO  impl.RoleInfo (RoleInfo.java:updateAndGet(143)) - 66a098cb-53c0-4f05-8b16-ad76b3c07384: start LeaderElection
2019-11-13 16:21:08,972 [66a098cb-53c0-4f05-8b16-ad76b3c07384@group-F14CED7F129D-LeaderElection109] INFO  impl.LeaderElection (LeaderElection.java:askForVotes(178)) - 66a098cb-53c0-4f05-8b16-ad76b3c07384@group-F14CED7F129D-LeaderElection109: begin an election at term 13 for 1: [3fa6b523-0f53-44bb-b345-f5f355eab07b:192.168.69.122:39811, ece9b524-37b5-4407-b642-ea356430eaaa:192.168.69.122:40942, 66a098cb-53c0-4f05-8b16-ad76b3c07384:192.168.69.122:36855], old=null
2019-11-13 16:21:08,973 [66a098cb-53c0-4f05-8b16-ad76b3c07384@group-F14CED7F129D-LeaderElection109] INFO  impl.LeaderElection (LogUtils.java:infoOrTrace(149)) - 66a098cb-53c0-4f05-8b16-ad76b3c07384@group-F14CED7F129D-LeaderElection109 got exception when requesting votes: {}
java.util.concurrent.ExecutionException: org.apache.ratis.thirdparty.io.grpc.StatusRuntimeException: UNAVAILABLE: io exception
	at java.util.concurrent.FutureTask.report(FutureTask.java:122)
	at java.util.concurrent.FutureTask.get(FutureTask.java:192)
	at org.apache.ratis.server.impl.LeaderElection.waitForResults(LeaderElection.java:259)
	at org.apache.ratis.server.impl.LeaderElection.askForVotes(LeaderElection.java:197)
	at org.apache.ratis.server.impl.LeaderElection.run(LeaderElection.java:133)
	at java.lang.Thread.run(Thread.java:748)
Caused by: org.apache.ratis.thirdparty.io.grpc.StatusRuntimeException: UNAVAILABLE: io exception
	at org.apache.ratis.thirdparty.io.grpc.stub.ClientCalls.toStatusRuntimeException(ClientCalls.java:233)
	at org.apache.ratis.thirdparty.io.grpc.stub.ClientCalls.getUnchecked(ClientCalls.java:214)
	at org.apache.ratis.thirdparty.io.grpc.stub.ClientCalls.blockingUnaryCall(ClientCalls.java:139)
	at org.apache.ratis.proto.grpc.RaftServerProtocolServiceGrpc$RaftServerProtocolServiceBlockingStub.requestVote(RaftServerProtocolServiceGrpc.java:265)
	at org.apache.ratis.grpc.server.GrpcServerProtocolClient.requestVote(GrpcServerProtocolClient.java:99)
	at org.apache.ratis.grpc.server.GrpcService.requestVote(GrpcService.java:204)
	at org.apache.ratis.server.impl.LeaderElection.lambda$submitRequests$1(LeaderElection.java:234)
	at java.util.concurrent.FutureTask.run(FutureTask.java:266)
	at java.util.concurrent.Executors$RunnableAdapter.call(Executors.java:511)
	at java.util.concurrent.FutureTask.run(FutureTask.java:266)
	at java.util.concurrent.ThreadPoolExecutor.runWorker(ThreadPoolExecutor.java:1149)
	at java.util.concurrent.ThreadPoolExecutor$Worker.run(ThreadPoolExecutor.java:624)
	... 1 more
Caused by: org.apache.ratis.thirdparty.io.netty.channel.AbstractChannel$AnnotatedConnectException: Connection refused: /192.168.69.122:39811
	at sun.nio.ch.SocketChannelImpl.checkConnect(Native Method)
	at sun.nio.ch.SocketChannelImpl.finishConnect(SocketChannelImpl.java:717)
	at org.apache.ratis.thirdparty.io.netty.channel.socket.nio.NioSocketChannel.doFinishConnect(NioSocketChannel.java:327)
	at org.apache.ratis.thirdparty.io.netty.channel.nio.AbstractNioChannel$AbstractNioUnsafe.finishConnect(AbstractNioChannel.java:340)
	at org.apache.ratis.thirdparty.io.netty.channel.nio.NioEventLoop.processSelectedKey(NioEventLoop.java:632)
	at org.apache.ratis.thirdparty.io.netty.channel.nio.NioEventLoop.processSelectedKeysOptimized(NioEventLoop.java:579)
	at org.apache.ratis.thirdparty.io.netty.channel.nio.NioEventLoop.processSelectedKeys(NioEventLoop.java:496)
	at org.apache.ratis.thirdparty.io.netty.channel.nio.NioEventLoop.run(NioEventLoop.java:458)
	at org.apache.ratis.thirdparty.io.netty.util.concurrent.SingleThreadEventExecutor$5.run(SingleThreadEventExecutor.java:897)
	at org.apache.ratis.thirdparty.io.netty.util.concurrent.FastThreadLocalRunnable.run(FastThreadLocalRunnable.java:30)
	... 1 more
Caused by: java.net.ConnectException: Connection refused
	... 11 more
2019-11-13 16:21:08,973 [66a098cb-53c0-4f05-8b16-ad76b3c07384@group-F14CED7F129D-LeaderElection109] INFO  impl.LeaderElection (LogUtils.java:infoOrTrace(149)) - 66a098cb-53c0-4f05-8b16-ad76b3c07384@group-F14CED7F129D-LeaderElection109 got exception when requesting votes: {}
java.util.concurrent.ExecutionException: org.apache.ratis.thirdparty.io.grpc.StatusRuntimeException: UNAVAILABLE: io exception
	at java.util.concurrent.FutureTask.report(FutureTask.java:122)
	at java.util.concurrent.FutureTask.get(FutureTask.java:192)
	at org.apache.ratis.server.impl.LeaderElection.waitForResults(LeaderElection.java:259)
	at org.apache.ratis.server.impl.LeaderElection.askForVotes(LeaderElection.java:197)
	at org.apache.ratis.server.impl.LeaderElection.run(LeaderElection.java:133)
	at java.lang.Thread.run(Thread.java:748)
Caused by: org.apache.ratis.thirdparty.io.grpc.StatusRuntimeException: UNAVAILABLE: io exception
	at org.apache.ratis.thirdparty.io.grpc.stub.ClientCalls.toStatusRuntimeException(ClientCalls.java:233)
	at org.apache.ratis.thirdparty.io.grpc.stub.ClientCalls.getUnchecked(ClientCalls.java:214)
	at org.apache.ratis.thirdparty.io.grpc.stub.ClientCalls.blockingUnaryCall(ClientCalls.java:139)
	at org.apache.ratis.proto.grpc.RaftServerProtocolServiceGrpc$RaftServerProtocolServiceBlockingStub.requestVote(RaftServerProtocolServiceGrpc.java:265)
	at org.apache.ratis.grpc.server.GrpcServerProtocolClient.requestVote(GrpcServerProtocolClient.java:99)
	at org.apache.ratis.grpc.server.GrpcService.requestVote(GrpcService.java:204)
	at org.apache.ratis.server.impl.LeaderElection.lambda$submitRequests$1(LeaderElection.java:234)
	at java.util.concurrent.FutureTask.run(FutureTask.java:266)
	at java.util.concurrent.Executors$RunnableAdapter.call(Executors.java:511)
	at java.util.concurrent.FutureTask.run(FutureTask.java:266)
	at java.util.concurrent.ThreadPoolExecutor.runWorker(ThreadPoolExecutor.java:1149)
	at java.util.concurrent.ThreadPoolExecutor$Worker.run(ThreadPoolExecutor.java:624)
	... 1 more
Caused by: org.apache.ratis.thirdparty.io.netty.channel.AbstractChannel$AnnotatedConnectException: Connection refused: /192.168.69.122:40942
	at sun.nio.ch.SocketChannelImpl.checkConnect(Native Method)
	at sun.nio.ch.SocketChannelImpl.finishConnect(SocketChannelImpl.java:717)
	at org.apache.ratis.thirdparty.io.netty.channel.socket.nio.NioSocketChannel.doFinishConnect(NioSocketChannel.java:327)
	at org.apache.ratis.thirdparty.io.netty.channel.nio.AbstractNioChannel$AbstractNioUnsafe.finishConnect(AbstractNioChannel.java:340)
	at org.apache.ratis.thirdparty.io.netty.channel.nio.NioEventLoop.processSelectedKey(NioEventLoop.java:632)
	at org.apache.ratis.thirdparty.io.netty.channel.nio.NioEventLoop.processSelectedKeysOptimized(NioEventLoop.java:579)
	at org.apache.ratis.thirdparty.io.netty.channel.nio.NioEventLoop.processSelectedKeys(NioEventLoop.java:496)
	at org.apache.ratis.thirdparty.io.netty.channel.nio.NioEventLoop.run(NioEventLoop.java:458)
	at org.apache.ratis.thirdparty.io.netty.util.concurrent.SingleThreadEventExecutor$5.run(SingleThreadEventExecutor.java:897)
	at org.apache.ratis.thirdparty.io.netty.util.concurrent.FastThreadLocalRunnable.run(FastThreadLocalRunnable.java:30)
	... 1 more
Caused by: java.net.ConnectException: Connection refused
	... 11 more
2019-11-13 16:21:08,974 [66a098cb-53c0-4f05-8b16-ad76b3c07384@group-F14CED7F129D-LeaderElection109] INFO  impl.LeaderElection (LeaderElection.java:logAndReturn(56)) - 66a098cb-53c0-4f05-8b16-ad76b3c07384@group-F14CED7F129D-LeaderElection109: Election REJECTED; received 0 response(s) [] and 2 exception(s); 66a098cb-53c0-4f05-8b16-ad76b3c07384@group-F14CED7F129D:t13, leader=null, voted=66a098cb-53c0-4f05-8b16-ad76b3c07384, raftlog=66a098cb-53c0-4f05-8b16-ad76b3c07384@group-F14CED7F129D-SegmentedRaftLog:OPENED:c2,f2,i2, conf=1: [3fa6b523-0f53-44bb-b345-f5f355eab07b:192.168.69.122:39811, ece9b524-37b5-4407-b642-ea356430eaaa:192.168.69.122:40942, 66a098cb-53c0-4f05-8b16-ad76b3c07384:192.168.69.122:36855], old=null
2019-11-13 16:21:08,974 [66a098cb-53c0-4f05-8b16-ad76b3c07384@group-F14CED7F129D-LeaderElection109] INFO  impl.LeaderElection (LogUtils.java:infoOrTrace(149)) -   Exception 0: {}
java.util.concurrent.ExecutionException: org.apache.ratis.thirdparty.io.grpc.StatusRuntimeException: UNAVAILABLE: io exception
	at java.util.concurrent.FutureTask.report(FutureTask.java:122)
	at java.util.concurrent.FutureTask.get(FutureTask.java:192)
	at org.apache.ratis.server.impl.LeaderElection.waitForResults(LeaderElection.java:259)
	at org.apache.ratis.server.impl.LeaderElection.askForVotes(LeaderElection.java:197)
	at org.apache.ratis.server.impl.LeaderElection.run(LeaderElection.java:133)
	at java.lang.Thread.run(Thread.java:748)
Caused by: org.apache.ratis.thirdparty.io.grpc.StatusRuntimeException: UNAVAILABLE: io exception
	at org.apache.ratis.thirdparty.io.grpc.stub.ClientCalls.toStatusRuntimeException(ClientCalls.java:233)
	at org.apache.ratis.thirdparty.io.grpc.stub.ClientCalls.getUnchecked(ClientCalls.java:214)
	at org.apache.ratis.thirdparty.io.grpc.stub.ClientCalls.blockingUnaryCall(ClientCalls.java:139)
	at org.apache.ratis.proto.grpc.RaftServerProtocolServiceGrpc$RaftServerProtocolServiceBlockingStub.requestVote(RaftServerProtocolServiceGrpc.java:265)
	at org.apache.ratis.grpc.server.GrpcServerProtocolClient.requestVote(GrpcServerProtocolClient.java:99)
	at org.apache.ratis.grpc.server.GrpcService.requestVote(GrpcService.java:204)
	at org.apache.ratis.server.impl.LeaderElection.lambda$submitRequests$1(LeaderElection.java:234)
	at java.util.concurrent.FutureTask.run(FutureTask.java:266)
	at java.util.concurrent.Executors$RunnableAdapter.call(Executors.java:511)
	at java.util.concurrent.FutureTask.run(FutureTask.java:266)
	at java.util.concurrent.ThreadPoolExecutor.runWorker(ThreadPoolExecutor.java:1149)
	at java.util.concurrent.ThreadPoolExecutor$Worker.run(ThreadPoolExecutor.java:624)
	... 1 more
Caused by: org.apache.ratis.thirdparty.io.netty.channel.AbstractChannel$AnnotatedConnectException: Connection refused: /192.168.69.122:39811
	at sun.nio.ch.SocketChannelImpl.checkConnect(Native Method)
	at sun.nio.ch.SocketChannelImpl.finishConnect(SocketChannelImpl.java:717)
	at org.apache.ratis.thirdparty.io.netty.channel.socket.nio.NioSocketChannel.doFinishConnect(NioSocketChannel.java:327)
	at org.apache.ratis.thirdparty.io.netty.channel.nio.AbstractNioChannel$AbstractNioUnsafe.finishConnect(AbstractNioChannel.java:340)
	at org.apache.ratis.thirdparty.io.netty.channel.nio.NioEventLoop.processSelectedKey(NioEventLoop.java:632)
	at org.apache.ratis.thirdparty.io.netty.channel.nio.NioEventLoop.processSelectedKeysOptimized(NioEventLoop.java:579)
	at org.apache.ratis.thirdparty.io.netty.channel.nio.NioEventLoop.processSelectedKeys(NioEventLoop.java:496)
	at org.apache.ratis.thirdparty.io.netty.channel.nio.NioEventLoop.run(NioEventLoop.java:458)
	at org.apache.ratis.thirdparty.io.netty.util.concurrent.SingleThreadEventExecutor$5.run(SingleThreadEventExecutor.java:897)
	at org.apache.ratis.thirdparty.io.netty.util.concurrent.FastThreadLocalRunnable.run(FastThreadLocalRunnable.java:30)
	... 1 more
Caused by: java.net.ConnectException: Connection refused
	... 11 more
2019-11-13 16:21:08,974 [66a098cb-53c0-4f05-8b16-ad76b3c07384@group-F14CED7F129D-LeaderElection109] INFO  impl.LeaderElection (LogUtils.java:infoOrTrace(149)) -   Exception 1: {}
java.util.concurrent.ExecutionException: org.apache.ratis.thirdparty.io.grpc.StatusRuntimeException: UNAVAILABLE: io exception
	at java.util.concurrent.FutureTask.report(FutureTask.java:122)
	at java.util.concurrent.FutureTask.get(FutureTask.java:192)
	at org.apache.ratis.server.impl.LeaderElection.waitForResults(LeaderElection.java:259)
	at org.apache.ratis.server.impl.LeaderElection.askForVotes(LeaderElection.java:197)
	at org.apache.ratis.server.impl.LeaderElection.run(LeaderElection.java:133)
	at java.lang.Thread.run(Thread.java:748)
Caused by: org.apache.ratis.thirdparty.io.grpc.StatusRuntimeException: UNAVAILABLE: io exception
	at org.apache.ratis.thirdparty.io.grpc.stub.ClientCalls.toStatusRuntimeException(ClientCalls.java:233)
	at org.apache.ratis.thirdparty.io.grpc.stub.ClientCalls.getUnchecked(ClientCalls.java:214)
	at org.apache.ratis.thirdparty.io.grpc.stub.ClientCalls.blockingUnaryCall(ClientCalls.java:139)
	at org.apache.ratis.proto.grpc.RaftServerProtocolServiceGrpc$RaftServerProtocolServiceBlockingStub.requestVote(RaftServerProtocolServiceGrpc.java:265)
	at org.apache.ratis.grpc.server.GrpcServerProtocolClient.requestVote(GrpcServerProtocolClient.java:99)
	at org.apache.ratis.grpc.server.GrpcService.requestVote(GrpcService.java:204)
	at org.apache.ratis.server.impl.LeaderElection.lambda$submitRequests$1(LeaderElection.java:234)
	at java.util.concurrent.FutureTask.run(FutureTask.java:266)
	at java.util.concurrent.Executors$RunnableAdapter.call(Executors.java:511)
	at java.util.concurrent.FutureTask.run(FutureTask.java:266)
	at java.util.concurrent.ThreadPoolExecutor.runWorker(ThreadPoolExecutor.java:1149)
	at java.util.concurrent.ThreadPoolExecutor$Worker.run(ThreadPoolExecutor.java:624)
	... 1 more
Caused by: org.apache.ratis.thirdparty.io.netty.channel.AbstractChannel$AnnotatedConnectException: Connection refused: /192.168.69.122:40942
	at sun.nio.ch.SocketChannelImpl.checkConnect(Native Method)
	at sun.nio.ch.SocketChannelImpl.finishConnect(SocketChannelImpl.java:717)
	at org.apache.ratis.thirdparty.io.netty.channel.socket.nio.NioSocketChannel.doFinishConnect(NioSocketChannel.java:327)
	at org.apache.ratis.thirdparty.io.netty.channel.nio.AbstractNioChannel$AbstractNioUnsafe.finishConnect(AbstractNioChannel.java:340)
	at org.apache.ratis.thirdparty.io.netty.channel.nio.NioEventLoop.processSelectedKey(NioEventLoop.java:632)
	at org.apache.ratis.thirdparty.io.netty.channel.nio.NioEventLoop.processSelectedKeysOptimized(NioEventLoop.java:579)
	at org.apache.ratis.thirdparty.io.netty.channel.nio.NioEventLoop.processSelectedKeys(NioEventLoop.java:496)
	at org.apache.ratis.thirdparty.io.netty.channel.nio.NioEventLoop.run(NioEventLoop.java:458)
	at org.apache.ratis.thirdparty.io.netty.util.concurrent.SingleThreadEventExecutor$5.run(SingleThreadEventExecutor.java:897)
	at org.apache.ratis.thirdparty.io.netty.util.concurrent.FastThreadLocalRunnable.run(FastThreadLocalRunnable.java:30)
	... 1 more
Caused by: java.net.ConnectException: Connection refused
	... 11 more
2019-11-13 16:21:08,975 [66a098cb-53c0-4f05-8b16-ad76b3c07384@group-F14CED7F129D-LeaderElection109] INFO  impl.RaftServerImpl (RaftServerImpl.java:setRole(173)) - 66a098cb-53c0-4f05-8b16-ad76b3c07384@group-F14CED7F129D: changes role from CANDIDATE to FOLLOWER at term 13 for DISCOVERED_A_NEW_TERM
2019-11-13 16:21:08,975 [66a098cb-53c0-4f05-8b16-ad76b3c07384@group-F14CED7F129D-LeaderElection109] INFO  impl.RoleInfo (RoleInfo.java:shutdownLeaderElection(134)) - 66a098cb-53c0-4f05-8b16-ad76b3c07384: shutdown LeaderElection
2019-11-13 16:21:08,975 [66a098cb-53c0-4f05-8b16-ad76b3c07384@group-F14CED7F129D-LeaderElection109] INFO  impl.RoleInfo (RoleInfo.java:updateAndGet(143)) - 66a098cb-53c0-4f05-8b16-ad76b3c07384: start FollowerState
2019-11-13 16:21:09,948 [Thread-1789] INFO  impl.FollowerState (FollowerState.java:run(111)) - a3f5b1ff-5ddb-40c7-8bbd-1ae7c3cdb433@group-8F7AB9145989-FollowerState: change to CANDIDATE, lastRpcTime:1167ms, electionTimeout:1167ms
2019-11-13 16:21:09,948 [Thread-1789] INFO  impl.RoleInfo (RoleInfo.java:shutdownFollowerState(121)) - a3f5b1ff-5ddb-40c7-8bbd-1ae7c3cdb433: shutdown FollowerState
2019-11-13 16:21:09,949 [Thread-1789] INFO  impl.RaftServerImpl (RaftServerImpl.java:setRole(173)) - a3f5b1ff-5ddb-40c7-8bbd-1ae7c3cdb433@group-8F7AB9145989: changes role from  FOLLOWER to CANDIDATE at term 7 for changeToCandidate
2019-11-13 16:21:09,949 [Thread-1789] INFO  impl.RoleInfo (RoleInfo.java:updateAndGet(143)) - a3f5b1ff-5ddb-40c7-8bbd-1ae7c3cdb433: start LeaderElection
2019-11-13 16:21:09,973 [a3f5b1ff-5ddb-40c7-8bbd-1ae7c3cdb433@group-8F7AB9145989-LeaderElection110] INFO  impl.LeaderElection (LeaderElection.java:askForVotes(178)) - a3f5b1ff-5ddb-40c7-8bbd-1ae7c3cdb433@group-8F7AB9145989-LeaderElection110: begin an election at term 8 for 0: [d45a2df2-8f38-43ec-9df7-e5c52ac58263:192.168.69.122:44126, 285e9247-2161-496e-af81-9a87b6b231d9:192.168.69.122:38616, a3f5b1ff-5ddb-40c7-8bbd-1ae7c3cdb433:192.168.69.122:40390], old=null
2019-11-13 16:21:09,974 [a3f5b1ff-5ddb-40c7-8bbd-1ae7c3cdb433@group-8F7AB9145989-LeaderElection110] INFO  impl.LeaderElection (LogUtils.java:infoOrTrace(149)) - a3f5b1ff-5ddb-40c7-8bbd-1ae7c3cdb433@group-8F7AB9145989-LeaderElection110 got exception when requesting votes: {}
java.util.concurrent.ExecutionException: org.apache.ratis.thirdparty.io.grpc.StatusRuntimeException: UNAVAILABLE: io exception
	at java.util.concurrent.FutureTask.report(FutureTask.java:122)
	at java.util.concurrent.FutureTask.get(FutureTask.java:192)
	at org.apache.ratis.server.impl.LeaderElection.waitForResults(LeaderElection.java:259)
	at org.apache.ratis.server.impl.LeaderElection.askForVotes(LeaderElection.java:197)
	at org.apache.ratis.server.impl.LeaderElection.run(LeaderElection.java:133)
	at java.lang.Thread.run(Thread.java:748)
Caused by: org.apache.ratis.thirdparty.io.grpc.StatusRuntimeException: UNAVAILABLE: io exception
	at org.apache.ratis.thirdparty.io.grpc.stub.ClientCalls.toStatusRuntimeException(ClientCalls.java:233)
	at org.apache.ratis.thirdparty.io.grpc.stub.ClientCalls.getUnchecked(ClientCalls.java:214)
	at org.apache.ratis.thirdparty.io.grpc.stub.ClientCalls.blockingUnaryCall(ClientCalls.java:139)
	at org.apache.ratis.proto.grpc.RaftServerProtocolServiceGrpc$RaftServerProtocolServiceBlockingStub.requestVote(RaftServerProtocolServiceGrpc.java:265)
	at org.apache.ratis.grpc.server.GrpcServerProtocolClient.requestVote(GrpcServerProtocolClient.java:99)
	at org.apache.ratis.grpc.server.GrpcService.requestVote(GrpcService.java:204)
	at org.apache.ratis.server.impl.LeaderElection.lambda$submitRequests$1(LeaderElection.java:234)
	at java.util.concurrent.FutureTask.run(FutureTask.java:266)
	at java.util.concurrent.Executors$RunnableAdapter.call(Executors.java:511)
	at java.util.concurrent.FutureTask.run(FutureTask.java:266)
	at java.util.concurrent.ThreadPoolExecutor.runWorker(ThreadPoolExecutor.java:1149)
	at java.util.concurrent.ThreadPoolExecutor$Worker.run(ThreadPoolExecutor.java:624)
	... 1 more
Caused by: org.apache.ratis.thirdparty.io.netty.channel.AbstractChannel$AnnotatedConnectException: Connection refused: /192.168.69.122:44126
	at sun.nio.ch.SocketChannelImpl.checkConnect(Native Method)
	at sun.nio.ch.SocketChannelImpl.finishConnect(SocketChannelImpl.java:717)
	at org.apache.ratis.thirdparty.io.netty.channel.socket.nio.NioSocketChannel.doFinishConnect(NioSocketChannel.java:327)
	at org.apache.ratis.thirdparty.io.netty.channel.nio.AbstractNioChannel$AbstractNioUnsafe.finishConnect(AbstractNioChannel.java:340)
	at org.apache.ratis.thirdparty.io.netty.channel.nio.NioEventLoop.processSelectedKey(NioEventLoop.java:632)
	at org.apache.ratis.thirdparty.io.netty.channel.nio.NioEventLoop.processSelectedKeysOptimized(NioEventLoop.java:579)
	at org.apache.ratis.thirdparty.io.netty.channel.nio.NioEventLoop.processSelectedKeys(NioEventLoop.java:496)
	at org.apache.ratis.thirdparty.io.netty.channel.nio.NioEventLoop.run(NioEventLoop.java:458)
	at org.apache.ratis.thirdparty.io.netty.util.concurrent.SingleThreadEventExecutor$5.run(SingleThreadEventExecutor.java:897)
	at org.apache.ratis.thirdparty.io.netty.util.concurrent.FastThreadLocalRunnable.run(FastThreadLocalRunnable.java:30)
	... 1 more
Caused by: java.net.ConnectException: Connection refused
	... 11 more
2019-11-13 16:21:09,974 [a3f5b1ff-5ddb-40c7-8bbd-1ae7c3cdb433@group-8F7AB9145989-LeaderElection110] INFO  impl.LeaderElection (LogUtils.java:infoOrTrace(149)) - a3f5b1ff-5ddb-40c7-8bbd-1ae7c3cdb433@group-8F7AB9145989-LeaderElection110 got exception when requesting votes: {}
java.util.concurrent.ExecutionException: org.apache.ratis.thirdparty.io.grpc.StatusRuntimeException: UNAVAILABLE: io exception
	at java.util.concurrent.FutureTask.report(FutureTask.java:122)
	at java.util.concurrent.FutureTask.get(FutureTask.java:192)
	at org.apache.ratis.server.impl.LeaderElection.waitForResults(LeaderElection.java:259)
	at org.apache.ratis.server.impl.LeaderElection.askForVotes(LeaderElection.java:197)
	at org.apache.ratis.server.impl.LeaderElection.run(LeaderElection.java:133)
	at java.lang.Thread.run(Thread.java:748)
Caused by: org.apache.ratis.thirdparty.io.grpc.StatusRuntimeException: UNAVAILABLE: io exception
	at org.apache.ratis.thirdparty.io.grpc.stub.ClientCalls.toStatusRuntimeException(ClientCalls.java:233)
	at org.apache.ratis.thirdparty.io.grpc.stub.ClientCalls.getUnchecked(ClientCalls.java:214)
	at org.apache.ratis.thirdparty.io.grpc.stub.ClientCalls.blockingUnaryCall(ClientCalls.java:139)
	at org.apache.ratis.proto.grpc.RaftServerProtocolServiceGrpc$RaftServerProtocolServiceBlockingStub.requestVote(RaftServerProtocolServiceGrpc.java:265)
	at org.apache.ratis.grpc.server.GrpcServerProtocolClient.requestVote(GrpcServerProtocolClient.java:99)
	at org.apache.ratis.grpc.server.GrpcService.requestVote(GrpcService.java:204)
	at org.apache.ratis.server.impl.LeaderElection.lambda$submitRequests$1(LeaderElection.java:234)
	at java.util.concurrent.FutureTask.run(FutureTask.java:266)
	at java.util.concurrent.Executors$RunnableAdapter.call(Executors.java:511)
	at java.util.concurrent.FutureTask.run(FutureTask.java:266)
	at java.util.concurrent.ThreadPoolExecutor.runWorker(ThreadPoolExecutor.java:1149)
	at java.util.concurrent.ThreadPoolExecutor$Worker.run(ThreadPoolExecutor.java:624)
	... 1 more
Caused by: org.apache.ratis.thirdparty.io.netty.channel.AbstractChannel$AnnotatedConnectException: Connection refused: /192.168.69.122:38616
	at sun.nio.ch.SocketChannelImpl.checkConnect(Native Method)
	at sun.nio.ch.SocketChannelImpl.finishConnect(SocketChannelImpl.java:717)
	at org.apache.ratis.thirdparty.io.netty.channel.socket.nio.NioSocketChannel.doFinishConnect(NioSocketChannel.java:327)
	at org.apache.ratis.thirdparty.io.netty.channel.nio.AbstractNioChannel$AbstractNioUnsafe.finishConnect(AbstractNioChannel.java:340)
	at org.apache.ratis.thirdparty.io.netty.channel.nio.NioEventLoop.processSelectedKey(NioEventLoop.java:632)
	at org.apache.ratis.thirdparty.io.netty.channel.nio.NioEventLoop.processSelectedKeysOptimized(NioEventLoop.java:579)
	at org.apache.ratis.thirdparty.io.netty.channel.nio.NioEventLoop.processSelectedKeys(NioEventLoop.java:496)
	at org.apache.ratis.thirdparty.io.netty.channel.nio.NioEventLoop.run(NioEventLoop.java:458)
	at org.apache.ratis.thirdparty.io.netty.util.concurrent.SingleThreadEventExecutor$5.run(SingleThreadEventExecutor.java:897)
	at org.apache.ratis.thirdparty.io.netty.util.concurrent.FastThreadLocalRunnable.run(FastThreadLocalRunnable.java:30)
	... 1 more
Caused by: java.net.ConnectException: Connection refused
	... 11 more
2019-11-13 16:21:09,975 [a3f5b1ff-5ddb-40c7-8bbd-1ae7c3cdb433@group-8F7AB9145989-LeaderElection110] INFO  impl.LeaderElection (LeaderElection.java:logAndReturn(56)) - a3f5b1ff-5ddb-40c7-8bbd-1ae7c3cdb433@group-8F7AB9145989-LeaderElection110: Election REJECTED; received 0 response(s) [] and 2 exception(s); a3f5b1ff-5ddb-40c7-8bbd-1ae7c3cdb433@group-8F7AB9145989:t8, leader=null, voted=a3f5b1ff-5ddb-40c7-8bbd-1ae7c3cdb433, raftlog=a3f5b1ff-5ddb-40c7-8bbd-1ae7c3cdb433@group-8F7AB9145989-SegmentedRaftLog:OPENED:c4,f4,i4, conf=0: [d45a2df2-8f38-43ec-9df7-e5c52ac58263:192.168.69.122:44126, 285e9247-2161-496e-af81-9a87b6b231d9:192.168.69.122:38616, a3f5b1ff-5ddb-40c7-8bbd-1ae7c3cdb433:192.168.69.122:40390], old=null
2019-11-13 16:21:09,975 [a3f5b1ff-5ddb-40c7-8bbd-1ae7c3cdb433@group-8F7AB9145989-LeaderElection110] INFO  impl.LeaderElection (LogUtils.java:infoOrTrace(149)) -   Exception 0: {}
java.util.concurrent.ExecutionException: org.apache.ratis.thirdparty.io.grpc.StatusRuntimeException: UNAVAILABLE: io exception
	at java.util.concurrent.FutureTask.report(FutureTask.java:122)
	at java.util.concurrent.FutureTask.get(FutureTask.java:192)
	at org.apache.ratis.server.impl.LeaderElection.waitForResults(LeaderElection.java:259)
	at org.apache.ratis.server.impl.LeaderElection.askForVotes(LeaderElection.java:197)
	at org.apache.ratis.server.impl.LeaderElection.run(LeaderElection.java:133)
	at java.lang.Thread.run(Thread.java:748)
Caused by: org.apache.ratis.thirdparty.io.grpc.StatusRuntimeException: UNAVAILABLE: io exception
	at org.apache.ratis.thirdparty.io.grpc.stub.ClientCalls.toStatusRuntimeException(ClientCalls.java:233)
	at org.apache.ratis.thirdparty.io.grpc.stub.ClientCalls.getUnchecked(ClientCalls.java:214)
	at org.apache.ratis.thirdparty.io.grpc.stub.ClientCalls.blockingUnaryCall(ClientCalls.java:139)
	at org.apache.ratis.proto.grpc.RaftServerProtocolServiceGrpc$RaftServerProtocolServiceBlockingStub.requestVote(RaftServerProtocolServiceGrpc.java:265)
	at org.apache.ratis.grpc.server.GrpcServerProtocolClient.requestVote(GrpcServerProtocolClient.java:99)
	at org.apache.ratis.grpc.server.GrpcService.requestVote(GrpcService.java:204)
	at org.apache.ratis.server.impl.LeaderElection.lambda$submitRequests$1(LeaderElection.java:234)
	at java.util.concurrent.FutureTask.run(FutureTask.java:266)
	at java.util.concurrent.Executors$RunnableAdapter.call(Executors.java:511)
	at java.util.concurrent.FutureTask.run(FutureTask.java:266)
	at java.util.concurrent.ThreadPoolExecutor.runWorker(ThreadPoolExecutor.java:1149)
	at java.util.concurrent.ThreadPoolExecutor$Worker.run(ThreadPoolExecutor.java:624)
	... 1 more
Caused by: org.apache.ratis.thirdparty.io.netty.channel.AbstractChannel$AnnotatedConnectException: Connection refused: /192.168.69.122:44126
	at sun.nio.ch.SocketChannelImpl.checkConnect(Native Method)
	at sun.nio.ch.SocketChannelImpl.finishConnect(SocketChannelImpl.java:717)
	at org.apache.ratis.thirdparty.io.netty.channel.socket.nio.NioSocketChannel.doFinishConnect(NioSocketChannel.java:327)
	at org.apache.ratis.thirdparty.io.netty.channel.nio.AbstractNioChannel$AbstractNioUnsafe.finishConnect(AbstractNioChannel.java:340)
	at org.apache.ratis.thirdparty.io.netty.channel.nio.NioEventLoop.processSelectedKey(NioEventLoop.java:632)
	at org.apache.ratis.thirdparty.io.netty.channel.nio.NioEventLoop.processSelectedKeysOptimized(NioEventLoop.java:579)
	at org.apache.ratis.thirdparty.io.netty.channel.nio.NioEventLoop.processSelectedKeys(NioEventLoop.java:496)
	at org.apache.ratis.thirdparty.io.netty.channel.nio.NioEventLoop.run(NioEventLoop.java:458)
	at org.apache.ratis.thirdparty.io.netty.util.concurrent.SingleThreadEventExecutor$5.run(SingleThreadEventExecutor.java:897)
	at org.apache.ratis.thirdparty.io.netty.util.concurrent.FastThreadLocalRunnable.run(FastThreadLocalRunnable.java:30)
	... 1 more
Caused by: java.net.ConnectException: Connection refused
	... 11 more
2019-11-13 16:21:09,975 [a3f5b1ff-5ddb-40c7-8bbd-1ae7c3cdb433@group-8F7AB9145989-LeaderElection110] INFO  impl.LeaderElection (LogUtils.java:infoOrTrace(149)) -   Exception 1: {}
java.util.concurrent.ExecutionException: org.apache.ratis.thirdparty.io.grpc.StatusRuntimeException: UNAVAILABLE: io exception
	at java.util.concurrent.FutureTask.report(FutureTask.java:122)
	at java.util.concurrent.FutureTask.get(FutureTask.java:192)
	at org.apache.ratis.server.impl.LeaderElection.waitForResults(LeaderElection.java:259)
	at org.apache.ratis.server.impl.LeaderElection.askForVotes(LeaderElection.java:197)
	at org.apache.ratis.server.impl.LeaderElection.run(LeaderElection.java:133)
	at java.lang.Thread.run(Thread.java:748)
Caused by: org.apache.ratis.thirdparty.io.grpc.StatusRuntimeException: UNAVAILABLE: io exception
	at org.apache.ratis.thirdparty.io.grpc.stub.ClientCalls.toStatusRuntimeException(ClientCalls.java:233)
	at org.apache.ratis.thirdparty.io.grpc.stub.ClientCalls.getUnchecked(ClientCalls.java:214)
	at org.apache.ratis.thirdparty.io.grpc.stub.ClientCalls.blockingUnaryCall(ClientCalls.java:139)
	at org.apache.ratis.proto.grpc.RaftServerProtocolServiceGrpc$RaftServerProtocolServiceBlockingStub.requestVote(RaftServerProtocolServiceGrpc.java:265)
	at org.apache.ratis.grpc.server.GrpcServerProtocolClient.requestVote(GrpcServerProtocolClient.java:99)
	at org.apache.ratis.grpc.server.GrpcService.requestVote(GrpcService.java:204)
	at org.apache.ratis.server.impl.LeaderElection.lambda$submitRequests$1(LeaderElection.java:234)
	at java.util.concurrent.FutureTask.run(FutureTask.java:266)
	at java.util.concurrent.Executors$RunnableAdapter.call(Executors.java:511)
	at java.util.concurrent.FutureTask.run(FutureTask.java:266)
	at java.util.concurrent.ThreadPoolExecutor.runWorker(ThreadPoolExecutor.java:1149)
	at java.util.concurrent.ThreadPoolExecutor$Worker.run(ThreadPoolExecutor.java:624)
	... 1 more
Caused by: org.apache.ratis.thirdparty.io.netty.channel.AbstractChannel$AnnotatedConnectException: Connection refused: /192.168.69.122:38616
	at sun.nio.ch.SocketChannelImpl.checkConnect(Native Method)
	at sun.nio.ch.SocketChannelImpl.finishConnect(SocketChannelImpl.java:717)
	at org.apache.ratis.thirdparty.io.netty.channel.socket.nio.NioSocketChannel.doFinishConnect(NioSocketChannel.java:327)
	at org.apache.ratis.thirdparty.io.netty.channel.nio.AbstractNioChannel$AbstractNioUnsafe.finishConnect(AbstractNioChannel.java:340)
	at org.apache.ratis.thirdparty.io.netty.channel.nio.NioEventLoop.processSelectedKey(NioEventLoop.java:632)
	at org.apache.ratis.thirdparty.io.netty.channel.nio.NioEventLoop.processSelectedKeysOptimized(NioEventLoop.java:579)
	at org.apache.ratis.thirdparty.io.netty.channel.nio.NioEventLoop.processSelectedKeys(NioEventLoop.java:496)
	at org.apache.ratis.thirdparty.io.netty.channel.nio.NioEventLoop.run(NioEventLoop.java:458)
	at org.apache.ratis.thirdparty.io.netty.util.concurrent.SingleThreadEventExecutor$5.run(SingleThreadEventExecutor.java:897)
	at org.apache.ratis.thirdparty.io.netty.util.concurrent.FastThreadLocalRunnable.run(FastThreadLocalRunnable.java:30)
	... 1 more
Caused by: java.net.ConnectException: Connection refused
	... 11 more
2019-11-13 16:21:09,975 [a3f5b1ff-5ddb-40c7-8bbd-1ae7c3cdb433@group-8F7AB9145989-LeaderElection110] INFO  impl.RaftServerImpl (RaftServerImpl.java:setRole(173)) - a3f5b1ff-5ddb-40c7-8bbd-1ae7c3cdb433@group-8F7AB9145989: changes role from CANDIDATE to FOLLOWER at term 8 for DISCOVERED_A_NEW_TERM
2019-11-13 16:21:09,975 [a3f5b1ff-5ddb-40c7-8bbd-1ae7c3cdb433@group-8F7AB9145989-LeaderElection110] INFO  impl.RoleInfo (RoleInfo.java:shutdownLeaderElection(134)) - a3f5b1ff-5ddb-40c7-8bbd-1ae7c3cdb433: shutdown LeaderElection
2019-11-13 16:21:09,976 [a3f5b1ff-5ddb-40c7-8bbd-1ae7c3cdb433@group-8F7AB9145989-LeaderElection110] INFO  impl.RoleInfo (RoleInfo.java:updateAndGet(143)) - a3f5b1ff-5ddb-40c7-8bbd-1ae7c3cdb433: start FollowerState
2019-11-13 16:21:10,133 [Thread-1793] INFO  impl.FollowerState (FollowerState.java:run(111)) - 66a098cb-53c0-4f05-8b16-ad76b3c07384@group-F14CED7F129D-FollowerState: change to CANDIDATE, lastRpcTime:1158ms, electionTimeout:1158ms
2019-11-13 16:21:10,134 [Thread-1793] INFO  impl.RoleInfo (RoleInfo.java:shutdownFollowerState(121)) - 66a098cb-53c0-4f05-8b16-ad76b3c07384: shutdown FollowerState
2019-11-13 16:21:10,134 [Thread-1793] INFO  impl.RaftServerImpl (RaftServerImpl.java:setRole(173)) - 66a098cb-53c0-4f05-8b16-ad76b3c07384@group-F14CED7F129D: changes role from  FOLLOWER to CANDIDATE at term 13 for changeToCandidate
2019-11-13 16:21:10,134 [Thread-1793] INFO  impl.RoleInfo (RoleInfo.java:updateAndGet(143)) - 66a098cb-53c0-4f05-8b16-ad76b3c07384: start LeaderElection
2019-11-13 16:21:10,159 [66a098cb-53c0-4f05-8b16-ad76b3c07384@group-F14CED7F129D-LeaderElection111] INFO  impl.LeaderElection (LeaderElection.java:askForVotes(178)) - 66a098cb-53c0-4f05-8b16-ad76b3c07384@group-F14CED7F129D-LeaderElection111: begin an election at term 14 for 1: [3fa6b523-0f53-44bb-b345-f5f355eab07b:192.168.69.122:39811, ece9b524-37b5-4407-b642-ea356430eaaa:192.168.69.122:40942, 66a098cb-53c0-4f05-8b16-ad76b3c07384:192.168.69.122:36855], old=null
2019-11-13 16:21:10,161 [66a098cb-53c0-4f05-8b16-ad76b3c07384@group-F14CED7F129D-LeaderElection111] INFO  impl.LeaderElection (LogUtils.java:infoOrTrace(149)) - 66a098cb-53c0-4f05-8b16-ad76b3c07384@group-F14CED7F129D-LeaderElection111 got exception when requesting votes: {}
java.util.concurrent.ExecutionException: org.apache.ratis.thirdparty.io.grpc.StatusRuntimeException: UNAVAILABLE: io exception
	at java.util.concurrent.FutureTask.report(FutureTask.java:122)
	at java.util.concurrent.FutureTask.get(FutureTask.java:192)
	at org.apache.ratis.server.impl.LeaderElection.waitForResults(LeaderElection.java:259)
	at org.apache.ratis.server.impl.LeaderElection.askForVotes(LeaderElection.java:197)
	at org.apache.ratis.server.impl.LeaderElection.run(LeaderElection.java:133)
	at java.lang.Thread.run(Thread.java:748)
Caused by: org.apache.ratis.thirdparty.io.grpc.StatusRuntimeException: UNAVAILABLE: io exception
	at org.apache.ratis.thirdparty.io.grpc.stub.ClientCalls.toStatusRuntimeException(ClientCalls.java:233)
	at org.apache.ratis.thirdparty.io.grpc.stub.ClientCalls.getUnchecked(ClientCalls.java:214)
	at org.apache.ratis.thirdparty.io.grpc.stub.ClientCalls.blockingUnaryCall(ClientCalls.java:139)
	at org.apache.ratis.proto.grpc.RaftServerProtocolServiceGrpc$RaftServerProtocolServiceBlockingStub.requestVote(RaftServerProtocolServiceGrpc.java:265)
	at org.apache.ratis.grpc.server.GrpcServerProtocolClient.requestVote(GrpcServerProtocolClient.java:99)
	at org.apache.ratis.grpc.server.GrpcService.requestVote(GrpcService.java:204)
	at org.apache.ratis.server.impl.LeaderElection.lambda$submitRequests$1(LeaderElection.java:234)
	at java.util.concurrent.FutureTask.run(FutureTask.java:266)
	at java.util.concurrent.Executors$RunnableAdapter.call(Executors.java:511)
	at java.util.concurrent.FutureTask.run(FutureTask.java:266)
	at java.util.concurrent.ThreadPoolExecutor.runWorker(ThreadPoolExecutor.java:1149)
	at java.util.concurrent.ThreadPoolExecutor$Worker.run(ThreadPoolExecutor.java:624)
	... 1 more
Caused by: org.apache.ratis.thirdparty.io.netty.channel.AbstractChannel$AnnotatedConnectException: Connection refused: /192.168.69.122:39811
	at sun.nio.ch.SocketChannelImpl.checkConnect(Native Method)
	at sun.nio.ch.SocketChannelImpl.finishConnect(SocketChannelImpl.java:717)
	at org.apache.ratis.thirdparty.io.netty.channel.socket.nio.NioSocketChannel.doFinishConnect(NioSocketChannel.java:327)
	at org.apache.ratis.thirdparty.io.netty.channel.nio.AbstractNioChannel$AbstractNioUnsafe.finishConnect(AbstractNioChannel.java:340)
	at org.apache.ratis.thirdparty.io.netty.channel.nio.NioEventLoop.processSelectedKey(NioEventLoop.java:632)
	at org.apache.ratis.thirdparty.io.netty.channel.nio.NioEventLoop.processSelectedKeysOptimized(NioEventLoop.java:579)
	at org.apache.ratis.thirdparty.io.netty.channel.nio.NioEventLoop.processSelectedKeys(NioEventLoop.java:496)
	at org.apache.ratis.thirdparty.io.netty.channel.nio.NioEventLoop.run(NioEventLoop.java:458)
	at org.apache.ratis.thirdparty.io.netty.util.concurrent.SingleThreadEventExecutor$5.run(SingleThreadEventExecutor.java:897)
	at org.apache.ratis.thirdparty.io.netty.util.concurrent.FastThreadLocalRunnable.run(FastThreadLocalRunnable.java:30)
	... 1 more
Caused by: java.net.ConnectException: Connection refused
	... 11 more
2019-11-13 16:21:10,161 [66a098cb-53c0-4f05-8b16-ad76b3c07384@group-F14CED7F129D-LeaderElection111] INFO  impl.LeaderElection (LogUtils.java:infoOrTrace(149)) - 66a098cb-53c0-4f05-8b16-ad76b3c07384@group-F14CED7F129D-LeaderElection111 got exception when requesting votes: {}
java.util.concurrent.ExecutionException: org.apache.ratis.thirdparty.io.grpc.StatusRuntimeException: UNAVAILABLE: io exception
	at java.util.concurrent.FutureTask.report(FutureTask.java:122)
	at java.util.concurrent.FutureTask.get(FutureTask.java:192)
	at org.apache.ratis.server.impl.LeaderElection.waitForResults(LeaderElection.java:259)
	at org.apache.ratis.server.impl.LeaderElection.askForVotes(LeaderElection.java:197)
	at org.apache.ratis.server.impl.LeaderElection.run(LeaderElection.java:133)
	at java.lang.Thread.run(Thread.java:748)
Caused by: org.apache.ratis.thirdparty.io.grpc.StatusRuntimeException: UNAVAILABLE: io exception
	at org.apache.ratis.thirdparty.io.grpc.stub.ClientCalls.toStatusRuntimeException(ClientCalls.java:233)
	at org.apache.ratis.thirdparty.io.grpc.stub.ClientCalls.getUnchecked(ClientCalls.java:214)
	at org.apache.ratis.thirdparty.io.grpc.stub.ClientCalls.blockingUnaryCall(ClientCalls.java:139)
	at org.apache.ratis.proto.grpc.RaftServerProtocolServiceGrpc$RaftServerProtocolServiceBlockingStub.requestVote(RaftServerProtocolServiceGrpc.java:265)
	at org.apache.ratis.grpc.server.GrpcServerProtocolClient.requestVote(GrpcServerProtocolClient.java:99)
	at org.apache.ratis.grpc.server.GrpcService.requestVote(GrpcService.java:204)
	at org.apache.ratis.server.impl.LeaderElection.lambda$submitRequests$1(LeaderElection.java:234)
	at java.util.concurrent.FutureTask.run(FutureTask.java:266)
	at java.util.concurrent.Executors$RunnableAdapter.call(Executors.java:511)
	at java.util.concurrent.FutureTask.run(FutureTask.java:266)
	at java.util.concurrent.ThreadPoolExecutor.runWorker(ThreadPoolExecutor.java:1149)
	at java.util.concurrent.ThreadPoolExecutor$Worker.run(ThreadPoolExecutor.java:624)
	... 1 more
Caused by: org.apache.ratis.thirdparty.io.netty.channel.AbstractChannel$AnnotatedConnectException: Connection refused: /192.168.69.122:40942
	at sun.nio.ch.SocketChannelImpl.checkConnect(Native Method)
	at sun.nio.ch.SocketChannelImpl.finishConnect(SocketChannelImpl.java:717)
	at org.apache.ratis.thirdparty.io.netty.channel.socket.nio.NioSocketChannel.doFinishConnect(NioSocketChannel.java:327)
	at org.apache.ratis.thirdparty.io.netty.channel.nio.AbstractNioChannel$AbstractNioUnsafe.finishConnect(AbstractNioChannel.java:340)
	at org.apache.ratis.thirdparty.io.netty.channel.nio.NioEventLoop.processSelectedKey(NioEventLoop.java:632)
	at org.apache.ratis.thirdparty.io.netty.channel.nio.NioEventLoop.processSelectedKeysOptimized(NioEventLoop.java:579)
	at org.apache.ratis.thirdparty.io.netty.channel.nio.NioEventLoop.processSelectedKeys(NioEventLoop.java:496)
	at org.apache.ratis.thirdparty.io.netty.channel.nio.NioEventLoop.run(NioEventLoop.java:458)
	at org.apache.ratis.thirdparty.io.netty.util.concurrent.SingleThreadEventExecutor$5.run(SingleThreadEventExecutor.java:897)
	at org.apache.ratis.thirdparty.io.netty.util.concurrent.FastThreadLocalRunnable.run(FastThreadLocalRunnable.java:30)
	... 1 more
Caused by: java.net.ConnectException: Connection refused
	... 11 more
2019-11-13 16:21:10,162 [66a098cb-53c0-4f05-8b16-ad76b3c07384@group-F14CED7F129D-LeaderElection111] INFO  impl.LeaderElection (LeaderElection.java:logAndReturn(56)) - 66a098cb-53c0-4f05-8b16-ad76b3c07384@group-F14CED7F129D-LeaderElection111: Election REJECTED; received 0 response(s) [] and 2 exception(s); 66a098cb-53c0-4f05-8b16-ad76b3c07384@group-F14CED7F129D:t14, leader=null, voted=66a098cb-53c0-4f05-8b16-ad76b3c07384, raftlog=66a098cb-53c0-4f05-8b16-ad76b3c07384@group-F14CED7F129D-SegmentedRaftLog:OPENED:c2,f2,i2, conf=1: [3fa6b523-0f53-44bb-b345-f5f355eab07b:192.168.69.122:39811, ece9b524-37b5-4407-b642-ea356430eaaa:192.168.69.122:40942, 66a098cb-53c0-4f05-8b16-ad76b3c07384:192.168.69.122:36855], old=null
2019-11-13 16:21:10,162 [66a098cb-53c0-4f05-8b16-ad76b3c07384@group-F14CED7F129D-LeaderElection111] INFO  impl.LeaderElection (LogUtils.java:infoOrTrace(149)) -   Exception 0: {}
java.util.concurrent.ExecutionException: org.apache.ratis.thirdparty.io.grpc.StatusRuntimeException: UNAVAILABLE: io exception
	at java.util.concurrent.FutureTask.report(FutureTask.java:122)
	at java.util.concurrent.FutureTask.get(FutureTask.java:192)
	at org.apache.ratis.server.impl.LeaderElection.waitForResults(LeaderElection.java:259)
	at org.apache.ratis.server.impl.LeaderElection.askForVotes(LeaderElection.java:197)
	at org.apache.ratis.server.impl.LeaderElection.run(LeaderElection.java:133)
	at java.lang.Thread.run(Thread.java:748)
Caused by: org.apache.ratis.thirdparty.io.grpc.StatusRuntimeException: UNAVAILABLE: io exception
	at org.apache.ratis.thirdparty.io.grpc.stub.ClientCalls.toStatusRuntimeException(ClientCalls.java:233)
	at org.apache.ratis.thirdparty.io.grpc.stub.ClientCalls.getUnchecked(ClientCalls.java:214)
	at org.apache.ratis.thirdparty.io.grpc.stub.ClientCalls.blockingUnaryCall(ClientCalls.java:139)
	at org.apache.ratis.proto.grpc.RaftServerProtocolServiceGrpc$RaftServerProtocolServiceBlockingStub.requestVote(RaftServerProtocolServiceGrpc.java:265)
	at org.apache.ratis.grpc.server.GrpcServerProtocolClient.requestVote(GrpcServerProtocolClient.java:99)
	at org.apache.ratis.grpc.server.GrpcService.requestVote(GrpcService.java:204)
	at org.apache.ratis.server.impl.LeaderElection.lambda$submitRequests$1(LeaderElection.java:234)
	at java.util.concurrent.FutureTask.run(FutureTask.java:266)
	at java.util.concurrent.Executors$RunnableAdapter.call(Executors.java:511)
	at java.util.concurrent.FutureTask.run(FutureTask.java:266)
	at java.util.concurrent.ThreadPoolExecutor.runWorker(ThreadPoolExecutor.java:1149)
	at java.util.concurrent.ThreadPoolExecutor$Worker.run(ThreadPoolExecutor.java:624)
	... 1 more
Caused by: org.apache.ratis.thirdparty.io.netty.channel.AbstractChannel$AnnotatedConnectException: Connection refused: /192.168.69.122:39811
	at sun.nio.ch.SocketChannelImpl.checkConnect(Native Method)
	at sun.nio.ch.SocketChannelImpl.finishConnect(SocketChannelImpl.java:717)
	at org.apache.ratis.thirdparty.io.netty.channel.socket.nio.NioSocketChannel.doFinishConnect(NioSocketChannel.java:327)
	at org.apache.ratis.thirdparty.io.netty.channel.nio.AbstractNioChannel$AbstractNioUnsafe.finishConnect(AbstractNioChannel.java:340)
	at org.apache.ratis.thirdparty.io.netty.channel.nio.NioEventLoop.processSelectedKey(NioEventLoop.java:632)
	at org.apache.ratis.thirdparty.io.netty.channel.nio.NioEventLoop.processSelectedKeysOptimized(NioEventLoop.java:579)
	at org.apache.ratis.thirdparty.io.netty.channel.nio.NioEventLoop.processSelectedKeys(NioEventLoop.java:496)
	at org.apache.ratis.thirdparty.io.netty.channel.nio.NioEventLoop.run(NioEventLoop.java:458)
	at org.apache.ratis.thirdparty.io.netty.util.concurrent.SingleThreadEventExecutor$5.run(SingleThreadEventExecutor.java:897)
	at org.apache.ratis.thirdparty.io.netty.util.concurrent.FastThreadLocalRunnable.run(FastThreadLocalRunnable.java:30)
	... 1 more
Caused by: java.net.ConnectException: Connection refused
	... 11 more
2019-11-13 16:21:10,162 [66a098cb-53c0-4f05-8b16-ad76b3c07384@group-F14CED7F129D-LeaderElection111] INFO  impl.LeaderElection (LogUtils.java:infoOrTrace(149)) -   Exception 1: {}
java.util.concurrent.ExecutionException: org.apache.ratis.thirdparty.io.grpc.StatusRuntimeException: UNAVAILABLE: io exception
	at java.util.concurrent.FutureTask.report(FutureTask.java:122)
	at java.util.concurrent.FutureTask.get(FutureTask.java:192)
	at org.apache.ratis.server.impl.LeaderElection.waitForResults(LeaderElection.java:259)
	at org.apache.ratis.server.impl.LeaderElection.askForVotes(LeaderElection.java:197)
	at org.apache.ratis.server.impl.LeaderElection.run(LeaderElection.java:133)
	at java.lang.Thread.run(Thread.java:748)
Caused by: org.apache.ratis.thirdparty.io.grpc.StatusRuntimeException: UNAVAILABLE: io exception
	at org.apache.ratis.thirdparty.io.grpc.stub.ClientCalls.toStatusRuntimeException(ClientCalls.java:233)
	at org.apache.ratis.thirdparty.io.grpc.stub.ClientCalls.getUnchecked(ClientCalls.java:214)
	at org.apache.ratis.thirdparty.io.grpc.stub.ClientCalls.blockingUnaryCall(ClientCalls.java:139)
	at org.apache.ratis.proto.grpc.RaftServerProtocolServiceGrpc$RaftServerProtocolServiceBlockingStub.requestVote(RaftServerProtocolServiceGrpc.java:265)
	at org.apache.ratis.grpc.server.GrpcServerProtocolClient.requestVote(GrpcServerProtocolClient.java:99)
	at org.apache.ratis.grpc.server.GrpcService.requestVote(GrpcService.java:204)
	at org.apache.ratis.server.impl.LeaderElection.lambda$submitRequests$1(LeaderElection.java:234)
	at java.util.concurrent.FutureTask.run(FutureTask.java:266)
	at java.util.concurrent.Executors$RunnableAdapter.call(Executors.java:511)
	at java.util.concurrent.FutureTask.run(FutureTask.java:266)
	at java.util.concurrent.ThreadPoolExecutor.runWorker(ThreadPoolExecutor.java:1149)
	at java.util.concurrent.ThreadPoolExecutor$Worker.run(ThreadPoolExecutor.java:624)
	... 1 more
Caused by: org.apache.ratis.thirdparty.io.netty.channel.AbstractChannel$AnnotatedConnectException: Connection refused: /192.168.69.122:40942
	at sun.nio.ch.SocketChannelImpl.checkConnect(Native Method)
	at sun.nio.ch.SocketChannelImpl.finishConnect(SocketChannelImpl.java:717)
	at org.apache.ratis.thirdparty.io.netty.channel.socket.nio.NioSocketChannel.doFinishConnect(NioSocketChannel.java:327)
	at org.apache.ratis.thirdparty.io.netty.channel.nio.AbstractNioChannel$AbstractNioUnsafe.finishConnect(AbstractNioChannel.java:340)
	at org.apache.ratis.thirdparty.io.netty.channel.nio.NioEventLoop.processSelectedKey(NioEventLoop.java:632)
	at org.apache.ratis.thirdparty.io.netty.channel.nio.NioEventLoop.processSelectedKeysOptimized(NioEventLoop.java:579)
	at org.apache.ratis.thirdparty.io.netty.channel.nio.NioEventLoop.processSelectedKeys(NioEventLoop.java:496)
	at org.apache.ratis.thirdparty.io.netty.channel.nio.NioEventLoop.run(NioEventLoop.java:458)
	at org.apache.ratis.thirdparty.io.netty.util.concurrent.SingleThreadEventExecutor$5.run(SingleThreadEventExecutor.java:897)
	at org.apache.ratis.thirdparty.io.netty.util.concurrent.FastThreadLocalRunnable.run(FastThreadLocalRunnable.java:30)
	... 1 more
Caused by: java.net.ConnectException: Connection refused
	... 11 more
2019-11-13 16:21:10,162 [66a098cb-53c0-4f05-8b16-ad76b3c07384@group-F14CED7F129D-LeaderElection111] INFO  impl.RaftServerImpl (RaftServerImpl.java:setRole(173)) - 66a098cb-53c0-4f05-8b16-ad76b3c07384@group-F14CED7F129D: changes role from CANDIDATE to FOLLOWER at term 14 for DISCOVERED_A_NEW_TERM
2019-11-13 16:21:10,163 [66a098cb-53c0-4f05-8b16-ad76b3c07384@group-F14CED7F129D-LeaderElection111] INFO  impl.RoleInfo (RoleInfo.java:shutdownLeaderElection(134)) - 66a098cb-53c0-4f05-8b16-ad76b3c07384: shutdown LeaderElection
2019-11-13 16:21:10,163 [66a098cb-53c0-4f05-8b16-ad76b3c07384@group-F14CED7F129D-LeaderElection111] INFO  impl.RoleInfo (RoleInfo.java:updateAndGet(143)) - 66a098cb-53c0-4f05-8b16-ad76b3c07384: start FollowerState
2019-11-13 16:21:10,998 [Thread-1797] INFO  impl.FollowerState (FollowerState.java:run(111)) - a3f5b1ff-5ddb-40c7-8bbd-1ae7c3cdb433@group-8F7AB9145989-FollowerState: change to CANDIDATE, lastRpcTime:1022ms, electionTimeout:1022ms
2019-11-13 16:21:10,999 [Thread-1797] INFO  impl.RoleInfo (RoleInfo.java:shutdownFollowerState(121)) - a3f5b1ff-5ddb-40c7-8bbd-1ae7c3cdb433: shutdown FollowerState
2019-11-13 16:21:10,999 [Thread-1797] INFO  impl.RaftServerImpl (RaftServerImpl.java:setRole(173)) - a3f5b1ff-5ddb-40c7-8bbd-1ae7c3cdb433@group-8F7AB9145989: changes role from  FOLLOWER to CANDIDATE at term 8 for changeToCandidate
2019-11-13 16:21:10,999 [Thread-1797] INFO  impl.RoleInfo (RoleInfo.java:updateAndGet(143)) - a3f5b1ff-5ddb-40c7-8bbd-1ae7c3cdb433: start LeaderElection
2019-11-13 16:21:11,025 [a3f5b1ff-5ddb-40c7-8bbd-1ae7c3cdb433@group-8F7AB9145989-LeaderElection112] INFO  impl.LeaderElection (LeaderElection.java:askForVotes(178)) - a3f5b1ff-5ddb-40c7-8bbd-1ae7c3cdb433@group-8F7AB9145989-LeaderElection112: begin an election at term 9 for 0: [d45a2df2-8f38-43ec-9df7-e5c52ac58263:192.168.69.122:44126, 285e9247-2161-496e-af81-9a87b6b231d9:192.168.69.122:38616, a3f5b1ff-5ddb-40c7-8bbd-1ae7c3cdb433:192.168.69.122:40390], old=null
2019-11-13 16:21:11,028 [a3f5b1ff-5ddb-40c7-8bbd-1ae7c3cdb433@group-8F7AB9145989-LeaderElection112] INFO  impl.LeaderElection (LogUtils.java:infoOrTrace(149)) - a3f5b1ff-5ddb-40c7-8bbd-1ae7c3cdb433@group-8F7AB9145989-LeaderElection112 got exception when requesting votes: {}
java.util.concurrent.ExecutionException: org.apache.ratis.thirdparty.io.grpc.StatusRuntimeException: UNAVAILABLE: io exception
	at java.util.concurrent.FutureTask.report(FutureTask.java:122)
	at java.util.concurrent.FutureTask.get(FutureTask.java:192)
	at org.apache.ratis.server.impl.LeaderElection.waitForResults(LeaderElection.java:259)
	at org.apache.ratis.server.impl.LeaderElection.askForVotes(LeaderElection.java:197)
	at org.apache.ratis.server.impl.LeaderElection.run(LeaderElection.java:133)
	at java.lang.Thread.run(Thread.java:748)
Caused by: org.apache.ratis.thirdparty.io.grpc.StatusRuntimeException: UNAVAILABLE: io exception
	at org.apache.ratis.thirdparty.io.grpc.stub.ClientCalls.toStatusRuntimeException(ClientCalls.java:233)
	at org.apache.ratis.thirdparty.io.grpc.stub.ClientCalls.getUnchecked(ClientCalls.java:214)
	at org.apache.ratis.thirdparty.io.grpc.stub.ClientCalls.blockingUnaryCall(ClientCalls.java:139)
	at org.apache.ratis.proto.grpc.RaftServerProtocolServiceGrpc$RaftServerProtocolServiceBlockingStub.requestVote(RaftServerProtocolServiceGrpc.java:265)
	at org.apache.ratis.grpc.server.GrpcServerProtocolClient.requestVote(GrpcServerProtocolClient.java:99)
	at org.apache.ratis.grpc.server.GrpcService.requestVote(GrpcService.java:204)
	at org.apache.ratis.server.impl.LeaderElection.lambda$submitRequests$1(LeaderElection.java:234)
	at java.util.concurrent.FutureTask.run(FutureTask.java:266)
	at java.util.concurrent.Executors$RunnableAdapter.call(Executors.java:511)
	at java.util.concurrent.FutureTask.run(FutureTask.java:266)
	at java.util.concurrent.ThreadPoolExecutor.runWorker(ThreadPoolExecutor.java:1149)
	at java.util.concurrent.ThreadPoolExecutor$Worker.run(ThreadPoolExecutor.java:624)
	... 1 more
Caused by: org.apache.ratis.thirdparty.io.netty.channel.AbstractChannel$AnnotatedConnectException: Connection refused: /192.168.69.122:44126
	at sun.nio.ch.SocketChannelImpl.checkConnect(Native Method)
	at sun.nio.ch.SocketChannelImpl.finishConnect(SocketChannelImpl.java:717)
	at org.apache.ratis.thirdparty.io.netty.channel.socket.nio.NioSocketChannel.doFinishConnect(NioSocketChannel.java:327)
	at org.apache.ratis.thirdparty.io.netty.channel.nio.AbstractNioChannel$AbstractNioUnsafe.finishConnect(AbstractNioChannel.java:340)
	at org.apache.ratis.thirdparty.io.netty.channel.nio.NioEventLoop.processSelectedKey(NioEventLoop.java:632)
	at org.apache.ratis.thirdparty.io.netty.channel.nio.NioEventLoop.processSelectedKeysOptimized(NioEventLoop.java:579)
	at org.apache.ratis.thirdparty.io.netty.channel.nio.NioEventLoop.processSelectedKeys(NioEventLoop.java:496)
	at org.apache.ratis.thirdparty.io.netty.channel.nio.NioEventLoop.run(NioEventLoop.java:458)
	at org.apache.ratis.thirdparty.io.netty.util.concurrent.SingleThreadEventExecutor$5.run(SingleThreadEventExecutor.java:897)
	at org.apache.ratis.thirdparty.io.netty.util.concurrent.FastThreadLocalRunnable.run(FastThreadLocalRunnable.java:30)
	... 1 more
Caused by: java.net.ConnectException: Connection refused
	... 11 more
2019-11-13 16:21:11,029 [a3f5b1ff-5ddb-40c7-8bbd-1ae7c3cdb433@group-8F7AB9145989-LeaderElection112] INFO  impl.LeaderElection (LogUtils.java:infoOrTrace(149)) - a3f5b1ff-5ddb-40c7-8bbd-1ae7c3cdb433@group-8F7AB9145989-LeaderElection112 got exception when requesting votes: {}
java.util.concurrent.ExecutionException: org.apache.ratis.thirdparty.io.grpc.StatusRuntimeException: UNAVAILABLE: io exception
	at java.util.concurrent.FutureTask.report(FutureTask.java:122)
	at java.util.concurrent.FutureTask.get(FutureTask.java:192)
	at org.apache.ratis.server.impl.LeaderElection.waitForResults(LeaderElection.java:259)
	at org.apache.ratis.server.impl.LeaderElection.askForVotes(LeaderElection.java:197)
	at org.apache.ratis.server.impl.LeaderElection.run(LeaderElection.java:133)
	at java.lang.Thread.run(Thread.java:748)
Caused by: org.apache.ratis.thirdparty.io.grpc.StatusRuntimeException: UNAVAILABLE: io exception
	at org.apache.ratis.thirdparty.io.grpc.stub.ClientCalls.toStatusRuntimeException(ClientCalls.java:233)
	at org.apache.ratis.thirdparty.io.grpc.stub.ClientCalls.getUnchecked(ClientCalls.java:214)
	at org.apache.ratis.thirdparty.io.grpc.stub.ClientCalls.blockingUnaryCall(ClientCalls.java:139)
	at org.apache.ratis.proto.grpc.RaftServerProtocolServiceGrpc$RaftServerProtocolServiceBlockingStub.requestVote(RaftServerProtocolServiceGrpc.java:265)
	at org.apache.ratis.grpc.server.GrpcServerProtocolClient.requestVote(GrpcServerProtocolClient.java:99)
	at org.apache.ratis.grpc.server.GrpcService.requestVote(GrpcService.java:204)
	at org.apache.ratis.server.impl.LeaderElection.lambda$submitRequests$1(LeaderElection.java:234)
	at java.util.concurrent.FutureTask.run(FutureTask.java:266)
	at java.util.concurrent.Executors$RunnableAdapter.call(Executors.java:511)
	at java.util.concurrent.FutureTask.run(FutureTask.java:266)
	at java.util.concurrent.ThreadPoolExecutor.runWorker(ThreadPoolExecutor.java:1149)
	at java.util.concurrent.ThreadPoolExecutor$Worker.run(ThreadPoolExecutor.java:624)
	... 1 more
Caused by: org.apache.ratis.thirdparty.io.netty.channel.AbstractChannel$AnnotatedConnectException: Connection refused: /192.168.69.122:38616
	at sun.nio.ch.SocketChannelImpl.checkConnect(Native Method)
	at sun.nio.ch.SocketChannelImpl.finishConnect(SocketChannelImpl.java:717)
	at org.apache.ratis.thirdparty.io.netty.channel.socket.nio.NioSocketChannel.doFinishConnect(NioSocketChannel.java:327)
	at org.apache.ratis.thirdparty.io.netty.channel.nio.AbstractNioChannel$AbstractNioUnsafe.finishConnect(AbstractNioChannel.java:340)
	at org.apache.ratis.thirdparty.io.netty.channel.nio.NioEventLoop.processSelectedKey(NioEventLoop.java:632)
	at org.apache.ratis.thirdparty.io.netty.channel.nio.NioEventLoop.processSelectedKeysOptimized(NioEventLoop.java:579)
	at org.apache.ratis.thirdparty.io.netty.channel.nio.NioEventLoop.processSelectedKeys(NioEventLoop.java:496)
	at org.apache.ratis.thirdparty.io.netty.channel.nio.NioEventLoop.run(NioEventLoop.java:458)
	at org.apache.ratis.thirdparty.io.netty.util.concurrent.SingleThreadEventExecutor$5.run(SingleThreadEventExecutor.java:897)
	at org.apache.ratis.thirdparty.io.netty.util.concurrent.FastThreadLocalRunnable.run(FastThreadLocalRunnable.java:30)
	... 1 more
Caused by: java.net.ConnectException: Connection refused
	... 11 more
2019-11-13 16:21:11,030 [a3f5b1ff-5ddb-40c7-8bbd-1ae7c3cdb433@group-8F7AB9145989-LeaderElection112] INFO  impl.LeaderElection (LeaderElection.java:logAndReturn(56)) - a3f5b1ff-5ddb-40c7-8bbd-1ae7c3cdb433@group-8F7AB9145989-LeaderElection112: Election REJECTED; received 0 response(s) [] and 2 exception(s); a3f5b1ff-5ddb-40c7-8bbd-1ae7c3cdb433@group-8F7AB9145989:t9, leader=null, voted=a3f5b1ff-5ddb-40c7-8bbd-1ae7c3cdb433, raftlog=a3f5b1ff-5ddb-40c7-8bbd-1ae7c3cdb433@group-8F7AB9145989-SegmentedRaftLog:OPENED:c4,f4,i4, conf=0: [d45a2df2-8f38-43ec-9df7-e5c52ac58263:192.168.69.122:44126, 285e9247-2161-496e-af81-9a87b6b231d9:192.168.69.122:38616, a3f5b1ff-5ddb-40c7-8bbd-1ae7c3cdb433:192.168.69.122:40390], old=null
2019-11-13 16:21:11,030 [a3f5b1ff-5ddb-40c7-8bbd-1ae7c3cdb433@group-8F7AB9145989-LeaderElection112] INFO  impl.LeaderElection (LogUtils.java:infoOrTrace(149)) -   Exception 0: {}
java.util.concurrent.ExecutionException: org.apache.ratis.thirdparty.io.grpc.StatusRuntimeException: UNAVAILABLE: io exception
	at java.util.concurrent.FutureTask.report(FutureTask.java:122)
	at java.util.concurrent.FutureTask.get(FutureTask.java:192)
	at org.apache.ratis.server.impl.LeaderElection.waitForResults(LeaderElection.java:259)
	at org.apache.ratis.server.impl.LeaderElection.askForVotes(LeaderElection.java:197)
	at org.apache.ratis.server.impl.LeaderElection.run(LeaderElection.java:133)
	at java.lang.Thread.run(Thread.java:748)
Caused by: org.apache.ratis.thirdparty.io.grpc.StatusRuntimeException: UNAVAILABLE: io exception
	at org.apache.ratis.thirdparty.io.grpc.stub.ClientCalls.toStatusRuntimeException(ClientCalls.java:233)
	at org.apache.ratis.thirdparty.io.grpc.stub.ClientCalls.getUnchecked(ClientCalls.java:214)
	at org.apache.ratis.thirdparty.io.grpc.stub.ClientCalls.blockingUnaryCall(ClientCalls.java:139)
	at org.apache.ratis.proto.grpc.RaftServerProtocolServiceGrpc$RaftServerProtocolServiceBlockingStub.requestVote(RaftServerProtocolServiceGrpc.java:265)
	at org.apache.ratis.grpc.server.GrpcServerProtocolClient.requestVote(GrpcServerProtocolClient.java:99)
	at org.apache.ratis.grpc.server.GrpcService.requestVote(GrpcService.java:204)
	at org.apache.ratis.server.impl.LeaderElection.lambda$submitRequests$1(LeaderElection.java:234)
	at java.util.concurrent.FutureTask.run(FutureTask.java:266)
	at java.util.concurrent.Executors$RunnableAdapter.call(Executors.java:511)
	at java.util.concurrent.FutureTask.run(FutureTask.java:266)
	at java.util.concurrent.ThreadPoolExecutor.runWorker(ThreadPoolExecutor.java:1149)
	at java.util.concurrent.ThreadPoolExecutor$Worker.run(ThreadPoolExecutor.java:624)
	... 1 more
Caused by: org.apache.ratis.thirdparty.io.netty.channel.AbstractChannel$AnnotatedConnectException: Connection refused: /192.168.69.122:44126
	at sun.nio.ch.SocketChannelImpl.checkConnect(Native Method)
	at sun.nio.ch.SocketChannelImpl.finishConnect(SocketChannelImpl.java:717)
	at org.apache.ratis.thirdparty.io.netty.channel.socket.nio.NioSocketChannel.doFinishConnect(NioSocketChannel.java:327)
	at org.apache.ratis.thirdparty.io.netty.channel.nio.AbstractNioChannel$AbstractNioUnsafe.finishConnect(AbstractNioChannel.java:340)
	at org.apache.ratis.thirdparty.io.netty.channel.nio.NioEventLoop.processSelectedKey(NioEventLoop.java:632)
	at org.apache.ratis.thirdparty.io.netty.channel.nio.NioEventLoop.processSelectedKeysOptimized(NioEventLoop.java:579)
	at org.apache.ratis.thirdparty.io.netty.channel.nio.NioEventLoop.processSelectedKeys(NioEventLoop.java:496)
	at org.apache.ratis.thirdparty.io.netty.channel.nio.NioEventLoop.run(NioEventLoop.java:458)
	at org.apache.ratis.thirdparty.io.netty.util.concurrent.SingleThreadEventExecutor$5.run(SingleThreadEventExecutor.java:897)
	at org.apache.ratis.thirdparty.io.netty.util.concurrent.FastThreadLocalRunnable.run(FastThreadLocalRunnable.java:30)
	... 1 more
Caused by: java.net.ConnectException: Connection refused
	... 11 more
2019-11-13 16:21:11,030 [a3f5b1ff-5ddb-40c7-8bbd-1ae7c3cdb433@group-8F7AB9145989-LeaderElection112] INFO  impl.LeaderElection (LogUtils.java:infoOrTrace(149)) -   Exception 1: {}
java.util.concurrent.ExecutionException: org.apache.ratis.thirdparty.io.grpc.StatusRuntimeException: UNAVAILABLE: io exception
	at java.util.concurrent.FutureTask.report(FutureTask.java:122)
	at java.util.concurrent.FutureTask.get(FutureTask.java:192)
	at org.apache.ratis.server.impl.LeaderElection.waitForResults(LeaderElection.java:259)
	at org.apache.ratis.server.impl.LeaderElection.askForVotes(LeaderElection.java:197)
	at org.apache.ratis.server.impl.LeaderElection.run(LeaderElection.java:133)
	at java.lang.Thread.run(Thread.java:748)
Caused by: org.apache.ratis.thirdparty.io.grpc.StatusRuntimeException: UNAVAILABLE: io exception
	at org.apache.ratis.thirdparty.io.grpc.stub.ClientCalls.toStatusRuntimeException(ClientCalls.java:233)
	at org.apache.ratis.thirdparty.io.grpc.stub.ClientCalls.getUnchecked(ClientCalls.java:214)
	at org.apache.ratis.thirdparty.io.grpc.stub.ClientCalls.blockingUnaryCall(ClientCalls.java:139)
	at org.apache.ratis.proto.grpc.RaftServerProtocolServiceGrpc$RaftServerProtocolServiceBlockingStub.requestVote(RaftServerProtocolServiceGrpc.java:265)
	at org.apache.ratis.grpc.server.GrpcServerProtocolClient.requestVote(GrpcServerProtocolClient.java:99)
	at org.apache.ratis.grpc.server.GrpcService.requestVote(GrpcService.java:204)
	at org.apache.ratis.server.impl.LeaderElection.lambda$submitRequests$1(LeaderElection.java:234)
	at java.util.concurrent.FutureTask.run(FutureTask.java:266)
	at java.util.concurrent.Executors$RunnableAdapter.call(Executors.java:511)
	at java.util.concurrent.FutureTask.run(FutureTask.java:266)
	at java.util.concurrent.ThreadPoolExecutor.runWorker(ThreadPoolExecutor.java:1149)
	at java.util.concurrent.ThreadPoolExecutor$Worker.run(ThreadPoolExecutor.java:624)
	... 1 more
Caused by: org.apache.ratis.thirdparty.io.netty.channel.AbstractChannel$AnnotatedConnectException: Connection refused: /192.168.69.122:38616
	at sun.nio.ch.SocketChannelImpl.checkConnect(Native Method)
	at sun.nio.ch.SocketChannelImpl.finishConnect(SocketChannelImpl.java:717)
	at org.apache.ratis.thirdparty.io.netty.channel.socket.nio.NioSocketChannel.doFinishConnect(NioSocketChannel.java:327)
	at org.apache.ratis.thirdparty.io.netty.channel.nio.AbstractNioChannel$AbstractNioUnsafe.finishConnect(AbstractNioChannel.java:340)
	at org.apache.ratis.thirdparty.io.netty.channel.nio.NioEventLoop.processSelectedKey(NioEventLoop.java:632)
	at org.apache.ratis.thirdparty.io.netty.channel.nio.NioEventLoop.processSelectedKeysOptimized(NioEventLoop.java:579)
	at org.apache.ratis.thirdparty.io.netty.channel.nio.NioEventLoop.processSelectedKeys(NioEventLoop.java:496)
	at org.apache.ratis.thirdparty.io.netty.channel.nio.NioEventLoop.run(NioEventLoop.java:458)
	at org.apache.ratis.thirdparty.io.netty.util.concurrent.SingleThreadEventExecutor$5.run(SingleThreadEventExecutor.java:897)
	at org.apache.ratis.thirdparty.io.netty.util.concurrent.FastThreadLocalRunnable.run(FastThreadLocalRunnable.java:30)
	... 1 more
Caused by: java.net.ConnectException: Connection refused
	... 11 more
2019-11-13 16:21:11,031 [a3f5b1ff-5ddb-40c7-8bbd-1ae7c3cdb433@group-8F7AB9145989-LeaderElection112] INFO  impl.RaftServerImpl (RaftServerImpl.java:setRole(173)) - a3f5b1ff-5ddb-40c7-8bbd-1ae7c3cdb433@group-8F7AB9145989: changes role from CANDIDATE to FOLLOWER at term 9 for DISCOVERED_A_NEW_TERM
2019-11-13 16:21:11,031 [a3f5b1ff-5ddb-40c7-8bbd-1ae7c3cdb433@group-8F7AB9145989-LeaderElection112] INFO  impl.RoleInfo (RoleInfo.java:shutdownLeaderElection(134)) - a3f5b1ff-5ddb-40c7-8bbd-1ae7c3cdb433: shutdown LeaderElection
2019-11-13 16:21:11,031 [a3f5b1ff-5ddb-40c7-8bbd-1ae7c3cdb433@group-8F7AB9145989-LeaderElection112] INFO  impl.RoleInfo (RoleInfo.java:updateAndGet(143)) - a3f5b1ff-5ddb-40c7-8bbd-1ae7c3cdb433: start FollowerState
2019-11-13 16:21:11,166 [Thread-1801] INFO  impl.FollowerState (FollowerState.java:run(111)) - 66a098cb-53c0-4f05-8b16-ad76b3c07384@group-F14CED7F129D-FollowerState: change to CANDIDATE, lastRpcTime:1003ms, electionTimeout:1003ms
2019-11-13 16:21:11,167 [Thread-1801] INFO  impl.RoleInfo (RoleInfo.java:shutdownFollowerState(121)) - 66a098cb-53c0-4f05-8b16-ad76b3c07384: shutdown FollowerState
2019-11-13 16:21:11,167 [Thread-1801] INFO  impl.RaftServerImpl (RaftServerImpl.java:setRole(173)) - 66a098cb-53c0-4f05-8b16-ad76b3c07384@group-F14CED7F129D: changes role from  FOLLOWER to CANDIDATE at term 14 for changeToCandidate
2019-11-13 16:21:11,167 [Thread-1801] INFO  impl.RoleInfo (RoleInfo.java:updateAndGet(143)) - 66a098cb-53c0-4f05-8b16-ad76b3c07384: start LeaderElection
2019-11-13 16:21:11,190 [66a098cb-53c0-4f05-8b16-ad76b3c07384@group-F14CED7F129D-LeaderElection113] INFO  impl.LeaderElection (LeaderElection.java:askForVotes(178)) - 66a098cb-53c0-4f05-8b16-ad76b3c07384@group-F14CED7F129D-LeaderElection113: begin an election at term 15 for 1: [3fa6b523-0f53-44bb-b345-f5f355eab07b:192.168.69.122:39811, ece9b524-37b5-4407-b642-ea356430eaaa:192.168.69.122:40942, 66a098cb-53c0-4f05-8b16-ad76b3c07384:192.168.69.122:36855], old=null
2019-11-13 16:21:11,192 [66a098cb-53c0-4f05-8b16-ad76b3c07384@group-F14CED7F129D-LeaderElection113] INFO  impl.LeaderElection (LogUtils.java:infoOrTrace(149)) - 66a098cb-53c0-4f05-8b16-ad76b3c07384@group-F14CED7F129D-LeaderElection113 got exception when requesting votes: {}
java.util.concurrent.ExecutionException: org.apache.ratis.thirdparty.io.grpc.StatusRuntimeException: UNAVAILABLE: io exception
	at java.util.concurrent.FutureTask.report(FutureTask.java:122)
	at java.util.concurrent.FutureTask.get(FutureTask.java:192)
	at org.apache.ratis.server.impl.LeaderElection.waitForResults(LeaderElection.java:259)
	at org.apache.ratis.server.impl.LeaderElection.askForVotes(LeaderElection.java:197)
	at org.apache.ratis.server.impl.LeaderElection.run(LeaderElection.java:133)
	at java.lang.Thread.run(Thread.java:748)
Caused by: org.apache.ratis.thirdparty.io.grpc.StatusRuntimeException: UNAVAILABLE: io exception
	at org.apache.ratis.thirdparty.io.grpc.stub.ClientCalls.toStatusRuntimeException(ClientCalls.java:233)
	at org.apache.ratis.thirdparty.io.grpc.stub.ClientCalls.getUnchecked(ClientCalls.java:214)
	at org.apache.ratis.thirdparty.io.grpc.stub.ClientCalls.blockingUnaryCall(ClientCalls.java:139)
	at org.apache.ratis.proto.grpc.RaftServerProtocolServiceGrpc$RaftServerProtocolServiceBlockingStub.requestVote(RaftServerProtocolServiceGrpc.java:265)
	at org.apache.ratis.grpc.server.GrpcServerProtocolClient.requestVote(GrpcServerProtocolClient.java:99)
	at org.apache.ratis.grpc.server.GrpcService.requestVote(GrpcService.java:204)
	at org.apache.ratis.server.impl.LeaderElection.lambda$submitRequests$1(LeaderElection.java:234)
	at java.util.concurrent.FutureTask.run(FutureTask.java:266)
	at java.util.concurrent.Executors$RunnableAdapter.call(Executors.java:511)
	at java.util.concurrent.FutureTask.run(FutureTask.java:266)
	at java.util.concurrent.ThreadPoolExecutor.runWorker(ThreadPoolExecutor.java:1149)
	at java.util.concurrent.ThreadPoolExecutor$Worker.run(ThreadPoolExecutor.java:624)
	... 1 more
Caused by: org.apache.ratis.thirdparty.io.netty.channel.AbstractChannel$AnnotatedConnectException: Connection refused: /192.168.69.122:40942
	at sun.nio.ch.SocketChannelImpl.checkConnect(Native Method)
	at sun.nio.ch.SocketChannelImpl.finishConnect(SocketChannelImpl.java:717)
	at org.apache.ratis.thirdparty.io.netty.channel.socket.nio.NioSocketChannel.doFinishConnect(NioSocketChannel.java:327)
	at org.apache.ratis.thirdparty.io.netty.channel.nio.AbstractNioChannel$AbstractNioUnsafe.finishConnect(AbstractNioChannel.java:340)
	at org.apache.ratis.thirdparty.io.netty.channel.nio.NioEventLoop.processSelectedKey(NioEventLoop.java:632)
	at org.apache.ratis.thirdparty.io.netty.channel.nio.NioEventLoop.processSelectedKeysOptimized(NioEventLoop.java:579)
	at org.apache.ratis.thirdparty.io.netty.channel.nio.NioEventLoop.processSelectedKeys(NioEventLoop.java:496)
	at org.apache.ratis.thirdparty.io.netty.channel.nio.NioEventLoop.run(NioEventLoop.java:458)
	at org.apache.ratis.thirdparty.io.netty.util.concurrent.SingleThreadEventExecutor$5.run(SingleThreadEventExecutor.java:897)
	at org.apache.ratis.thirdparty.io.netty.util.concurrent.FastThreadLocalRunnable.run(FastThreadLocalRunnable.java:30)
	... 1 more
Caused by: java.net.ConnectException: Connection refused
	... 11 more
2019-11-13 16:21:11,192 [66a098cb-53c0-4f05-8b16-ad76b3c07384@group-F14CED7F129D-LeaderElection113] INFO  impl.LeaderElection (LogUtils.java:infoOrTrace(149)) - 66a098cb-53c0-4f05-8b16-ad76b3c07384@group-F14CED7F129D-LeaderElection113 got exception when requesting votes: {}
java.util.concurrent.ExecutionException: org.apache.ratis.thirdparty.io.grpc.StatusRuntimeException: UNAVAILABLE: io exception
	at java.util.concurrent.FutureTask.report(FutureTask.java:122)
	at java.util.concurrent.FutureTask.get(FutureTask.java:192)
	at org.apache.ratis.server.impl.LeaderElection.waitForResults(LeaderElection.java:259)
	at org.apache.ratis.server.impl.LeaderElection.askForVotes(LeaderElection.java:197)
	at org.apache.ratis.server.impl.LeaderElection.run(LeaderElection.java:133)
	at java.lang.Thread.run(Thread.java:748)
Caused by: org.apache.ratis.thirdparty.io.grpc.StatusRuntimeException: UNAVAILABLE: io exception
	at org.apache.ratis.thirdparty.io.grpc.stub.ClientCalls.toStatusRuntimeException(ClientCalls.java:233)
	at org.apache.ratis.thirdparty.io.grpc.stub.ClientCalls.getUnchecked(ClientCalls.java:214)
	at org.apache.ratis.thirdparty.io.grpc.stub.ClientCalls.blockingUnaryCall(ClientCalls.java:139)
	at org.apache.ratis.proto.grpc.RaftServerProtocolServiceGrpc$RaftServerProtocolServiceBlockingStub.requestVote(RaftServerProtocolServiceGrpc.java:265)
	at org.apache.ratis.grpc.server.GrpcServerProtocolClient.requestVote(GrpcServerProtocolClient.java:99)
	at org.apache.ratis.grpc.server.GrpcService.requestVote(GrpcService.java:204)
	at org.apache.ratis.server.impl.LeaderElection.lambda$submitRequests$1(LeaderElection.java:234)
	at java.util.concurrent.FutureTask.run(FutureTask.java:266)
	at java.util.concurrent.Executors$RunnableAdapter.call(Executors.java:511)
	at java.util.concurrent.FutureTask.run(FutureTask.java:266)
	at java.util.concurrent.ThreadPoolExecutor.runWorker(ThreadPoolExecutor.java:1149)
	at java.util.concurrent.ThreadPoolExecutor$Worker.run(ThreadPoolExecutor.java:624)
	... 1 more
Caused by: org.apache.ratis.thirdparty.io.netty.channel.AbstractChannel$AnnotatedConnectException: Connection refused: /192.168.69.122:39811
	at sun.nio.ch.SocketChannelImpl.checkConnect(Native Method)
	at sun.nio.ch.SocketChannelImpl.finishConnect(SocketChannelImpl.java:717)
	at org.apache.ratis.thirdparty.io.netty.channel.socket.nio.NioSocketChannel.doFinishConnect(NioSocketChannel.java:327)
	at org.apache.ratis.thirdparty.io.netty.channel.nio.AbstractNioChannel$AbstractNioUnsafe.finishConnect(AbstractNioChannel.java:340)
	at org.apache.ratis.thirdparty.io.netty.channel.nio.NioEventLoop.processSelectedKey(NioEventLoop.java:632)
	at org.apache.ratis.thirdparty.io.netty.channel.nio.NioEventLoop.processSelectedKeysOptimized(NioEventLoop.java:579)
	at org.apache.ratis.thirdparty.io.netty.channel.nio.NioEventLoop.processSelectedKeys(NioEventLoop.java:496)
	at org.apache.ratis.thirdparty.io.netty.channel.nio.NioEventLoop.run(NioEventLoop.java:458)
	at org.apache.ratis.thirdparty.io.netty.util.concurrent.SingleThreadEventExecutor$5.run(SingleThreadEventExecutor.java:897)
	at org.apache.ratis.thirdparty.io.netty.util.concurrent.FastThreadLocalRunnable.run(FastThreadLocalRunnable.java:30)
	... 1 more
Caused by: java.net.ConnectException: Connection refused
	... 11 more
2019-11-13 16:21:11,193 [66a098cb-53c0-4f05-8b16-ad76b3c07384@group-F14CED7F129D-LeaderElection113] INFO  impl.LeaderElection (LeaderElection.java:logAndReturn(56)) - 66a098cb-53c0-4f05-8b16-ad76b3c07384@group-F14CED7F129D-LeaderElection113: Election REJECTED; received 0 response(s) [] and 2 exception(s); 66a098cb-53c0-4f05-8b16-ad76b3c07384@group-F14CED7F129D:t15, leader=null, voted=66a098cb-53c0-4f05-8b16-ad76b3c07384, raftlog=66a098cb-53c0-4f05-8b16-ad76b3c07384@group-F14CED7F129D-SegmentedRaftLog:OPENED:c2,f2,i2, conf=1: [3fa6b523-0f53-44bb-b345-f5f355eab07b:192.168.69.122:39811, ece9b524-37b5-4407-b642-ea356430eaaa:192.168.69.122:40942, 66a098cb-53c0-4f05-8b16-ad76b3c07384:192.168.69.122:36855], old=null
2019-11-13 16:21:11,193 [66a098cb-53c0-4f05-8b16-ad76b3c07384@group-F14CED7F129D-LeaderElection113] INFO  impl.LeaderElection (LogUtils.java:infoOrTrace(149)) -   Exception 0: {}
java.util.concurrent.ExecutionException: org.apache.ratis.thirdparty.io.grpc.StatusRuntimeException: UNAVAILABLE: io exception
	at java.util.concurrent.FutureTask.report(FutureTask.java:122)
	at java.util.concurrent.FutureTask.get(FutureTask.java:192)
	at org.apache.ratis.server.impl.LeaderElection.waitForResults(LeaderElection.java:259)
	at org.apache.ratis.server.impl.LeaderElection.askForVotes(LeaderElection.java:197)
	at org.apache.ratis.server.impl.LeaderElection.run(LeaderElection.java:133)
	at java.lang.Thread.run(Thread.java:748)
Caused by: org.apache.ratis.thirdparty.io.grpc.StatusRuntimeException: UNAVAILABLE: io exception
	at org.apache.ratis.thirdparty.io.grpc.stub.ClientCalls.toStatusRuntimeException(ClientCalls.java:233)
	at org.apache.ratis.thirdparty.io.grpc.stub.ClientCalls.getUnchecked(ClientCalls.java:214)
	at org.apache.ratis.thirdparty.io.grpc.stub.ClientCalls.blockingUnaryCall(ClientCalls.java:139)
	at org.apache.ratis.proto.grpc.RaftServerProtocolServiceGrpc$RaftServerProtocolServiceBlockingStub.requestVote(RaftServerProtocolServiceGrpc.java:265)
	at org.apache.ratis.grpc.server.GrpcServerProtocolClient.requestVote(GrpcServerProtocolClient.java:99)
	at org.apache.ratis.grpc.server.GrpcService.requestVote(GrpcService.java:204)
	at org.apache.ratis.server.impl.LeaderElection.lambda$submitRequests$1(LeaderElection.java:234)
	at java.util.concurrent.FutureTask.run(FutureTask.java:266)
	at java.util.concurrent.Executors$RunnableAdapter.call(Executors.java:511)
	at java.util.concurrent.FutureTask.run(FutureTask.java:266)
	at java.util.concurrent.ThreadPoolExecutor.runWorker(ThreadPoolExecutor.java:1149)
	at java.util.concurrent.ThreadPoolExecutor$Worker.run(ThreadPoolExecutor.java:624)
	... 1 more
Caused by: org.apache.ratis.thirdparty.io.netty.channel.AbstractChannel$AnnotatedConnectException: Connection refused: /192.168.69.122:40942
	at sun.nio.ch.SocketChannelImpl.checkConnect(Native Method)
	at sun.nio.ch.SocketChannelImpl.finishConnect(SocketChannelImpl.java:717)
	at org.apache.ratis.thirdparty.io.netty.channel.socket.nio.NioSocketChannel.doFinishConnect(NioSocketChannel.java:327)
	at org.apache.ratis.thirdparty.io.netty.channel.nio.AbstractNioChannel$AbstractNioUnsafe.finishConnect(AbstractNioChannel.java:340)
	at org.apache.ratis.thirdparty.io.netty.channel.nio.NioEventLoop.processSelectedKey(NioEventLoop.java:632)
	at org.apache.ratis.thirdparty.io.netty.channel.nio.NioEventLoop.processSelectedKeysOptimized(NioEventLoop.java:579)
	at org.apache.ratis.thirdparty.io.netty.channel.nio.NioEventLoop.processSelectedKeys(NioEventLoop.java:496)
	at org.apache.ratis.thirdparty.io.netty.channel.nio.NioEventLoop.run(NioEventLoop.java:458)
	at org.apache.ratis.thirdparty.io.netty.util.concurrent.SingleThreadEventExecutor$5.run(SingleThreadEventExecutor.java:897)
	at org.apache.ratis.thirdparty.io.netty.util.concurrent.FastThreadLocalRunnable.run(FastThreadLocalRunnable.java:30)
	... 1 more
Caused by: java.net.ConnectException: Connection refused
	... 11 more
2019-11-13 16:21:11,193 [66a098cb-53c0-4f05-8b16-ad76b3c07384@group-F14CED7F129D-LeaderElection113] INFO  impl.LeaderElection (LogUtils.java:infoOrTrace(149)) -   Exception 1: {}
java.util.concurrent.ExecutionException: org.apache.ratis.thirdparty.io.grpc.StatusRuntimeException: UNAVAILABLE: io exception
	at java.util.concurrent.FutureTask.report(FutureTask.java:122)
	at java.util.concurrent.FutureTask.get(FutureTask.java:192)
	at org.apache.ratis.server.impl.LeaderElection.waitForResults(LeaderElection.java:259)
	at org.apache.ratis.server.impl.LeaderElection.askForVotes(LeaderElection.java:197)
	at org.apache.ratis.server.impl.LeaderElection.run(LeaderElection.java:133)
	at java.lang.Thread.run(Thread.java:748)
Caused by: org.apache.ratis.thirdparty.io.grpc.StatusRuntimeException: UNAVAILABLE: io exception
	at org.apache.ratis.thirdparty.io.grpc.stub.ClientCalls.toStatusRuntimeException(ClientCalls.java:233)
	at org.apache.ratis.thirdparty.io.grpc.stub.ClientCalls.getUnchecked(ClientCalls.java:214)
	at org.apache.ratis.thirdparty.io.grpc.stub.ClientCalls.blockingUnaryCall(ClientCalls.java:139)
	at org.apache.ratis.proto.grpc.RaftServerProtocolServiceGrpc$RaftServerProtocolServiceBlockingStub.requestVote(RaftServerProtocolServiceGrpc.java:265)
	at org.apache.ratis.grpc.server.GrpcServerProtocolClient.requestVote(GrpcServerProtocolClient.java:99)
	at org.apache.ratis.grpc.server.GrpcService.requestVote(GrpcService.java:204)
	at org.apache.ratis.server.impl.LeaderElection.lambda$submitRequests$1(LeaderElection.java:234)
	at java.util.concurrent.FutureTask.run(FutureTask.java:266)
	at java.util.concurrent.Executors$RunnableAdapter.call(Executors.java:511)
	at java.util.concurrent.FutureTask.run(FutureTask.java:266)
	at java.util.concurrent.ThreadPoolExecutor.runWorker(ThreadPoolExecutor.java:1149)
	at java.util.concurrent.ThreadPoolExecutor$Worker.run(ThreadPoolExecutor.java:624)
	... 1 more
Caused by: org.apache.ratis.thirdparty.io.netty.channel.AbstractChannel$AnnotatedConnectException: Connection refused: /192.168.69.122:39811
	at sun.nio.ch.SocketChannelImpl.checkConnect(Native Method)
	at sun.nio.ch.SocketChannelImpl.finishConnect(SocketChannelImpl.java:717)
	at org.apache.ratis.thirdparty.io.netty.channel.socket.nio.NioSocketChannel.doFinishConnect(NioSocketChannel.java:327)
	at org.apache.ratis.thirdparty.io.netty.channel.nio.AbstractNioChannel$AbstractNioUnsafe.finishConnect(AbstractNioChannel.java:340)
	at org.apache.ratis.thirdparty.io.netty.channel.nio.NioEventLoop.processSelectedKey(NioEventLoop.java:632)
	at org.apache.ratis.thirdparty.io.netty.channel.nio.NioEventLoop.processSelectedKeysOptimized(NioEventLoop.java:579)
	at org.apache.ratis.thirdparty.io.netty.channel.nio.NioEventLoop.processSelectedKeys(NioEventLoop.java:496)
	at org.apache.ratis.thirdparty.io.netty.channel.nio.NioEventLoop.run(NioEventLoop.java:458)
	at org.apache.ratis.thirdparty.io.netty.util.concurrent.SingleThreadEventExecutor$5.run(SingleThreadEventExecutor.java:897)
	at org.apache.ratis.thirdparty.io.netty.util.concurrent.FastThreadLocalRunnable.run(FastThreadLocalRunnable.java:30)
	... 1 more
Caused by: java.net.ConnectException: Connection refused
	... 11 more
2019-11-13 16:21:11,193 [66a098cb-53c0-4f05-8b16-ad76b3c07384@group-F14CED7F129D-LeaderElection113] INFO  impl.RaftServerImpl (RaftServerImpl.java:setRole(173)) - 66a098cb-53c0-4f05-8b16-ad76b3c07384@group-F14CED7F129D: changes role from CANDIDATE to FOLLOWER at term 15 for DISCOVERED_A_NEW_TERM
2019-11-13 16:21:11,193 [66a098cb-53c0-4f05-8b16-ad76b3c07384@group-F14CED7F129D-LeaderElection113] INFO  impl.RoleInfo (RoleInfo.java:shutdownLeaderElection(134)) - 66a098cb-53c0-4f05-8b16-ad76b3c07384: shutdown LeaderElection
2019-11-13 16:21:11,194 [66a098cb-53c0-4f05-8b16-ad76b3c07384@group-F14CED7F129D-LeaderElection113] INFO  impl.RoleInfo (RoleInfo.java:updateAndGet(143)) - 66a098cb-53c0-4f05-8b16-ad76b3c07384: start FollowerState
2019-11-13 16:21:11,983 [ForkJoinPool.commonPool-worker-1] INFO  ozoneimpl.OzoneContainer (OzoneContainer.java:stop(244)) - Attempting to stop container services.
2019-11-13 16:21:11,984 [ForkJoinPool.commonPool-worker-1] INFO  impl.RaftServerProxy (RaftServerProxy.java:lambda$close$4(314)) - 66a098cb-53c0-4f05-8b16-ad76b3c07384: close
2019-11-13 16:21:11,985 [ForkJoinPool.commonPool-worker-1] INFO  impl.RaftServerImpl (RaftServerImpl.java:lambda$shutdown$3(250)) - 66a098cb-53c0-4f05-8b16-ad76b3c07384@group-128DF5FDBD50: shutdown
2019-11-13 16:21:11,985 [ForkJoinPool.commonPool-worker-1] INFO  util.JmxRegister (JmxRegister.java:unregister(73)) - Successfully un-registered JMX Bean with object name Ratis:service=RaftServer,group=group-128DF5FDBD50,id=66a098cb-53c0-4f05-8b16-ad76b3c07384
2019-11-13 16:21:11,986 [ForkJoinPool.commonPool-worker-1] INFO  impl.RoleInfo (RoleInfo.java:shutdownLeaderState(104)) - 66a098cb-53c0-4f05-8b16-ad76b3c07384: shutdown LeaderState
2019-11-13 16:21:11,986 [ForkJoinPool.commonPool-worker-1] INFO  impl.PendingRequests (PendingRequests.java:sendNotLeaderResponses(206)) - 66a098cb-53c0-4f05-8b16-ad76b3c07384@group-128DF5FDBD50-PendingRequests: sendNotLeaderResponses
2019-11-13 16:21:11,987 [ForkJoinPool.commonPool-worker-1] INFO  impl.StateMachineUpdater (StateMachineUpdater.java:stopAndJoin(136)) - 66a098cb-53c0-4f05-8b16-ad76b3c07384@group-128DF5FDBD50-StateMachineUpdater: set stopIndex = 0
2019-11-13 16:21:11,988 [ForkJoinPool.commonPool-worker-1] INFO  impl.RaftServerImpl (ServerState.java:close(387)) - 66a098cb-53c0-4f05-8b16-ad76b3c07384@group-128DF5FDBD50: closes. applyIndex: 0
2019-11-13 16:21:11,988 [66a098cb-53c0-4f05-8b16-ad76b3c07384@group-128DF5FDBD50-SegmentedRaftLogWorker] INFO  segmented.SegmentedRaftLogWorker (SegmentedRaftLogWorker.java:run(316)) - 66a098cb-53c0-4f05-8b16-ad76b3c07384@group-128DF5FDBD50-SegmentedRaftLogWorker was interrupted, exiting. There are 0 tasks remaining in the queue.
2019-11-13 16:21:11,989 [ForkJoinPool.commonPool-worker-1] INFO  segmented.SegmentedRaftLogWorker (SegmentedRaftLogWorker.java:close(224)) - 66a098cb-53c0-4f05-8b16-ad76b3c07384@group-128DF5FDBD50-SegmentedRaftLogWorker close()
2019-11-13 16:21:11,989 [ForkJoinPool.commonPool-worker-1] INFO  impl.RaftServerImpl (RaftServerImpl.java:lambda$shutdown$3(250)) - 66a098cb-53c0-4f05-8b16-ad76b3c07384@group-F14CED7F129D: shutdown
2019-11-13 16:21:11,989 [ForkJoinPool.commonPool-worker-1] INFO  util.JmxRegister (JmxRegister.java:unregister(73)) - Successfully un-registered JMX Bean with object name Ratis:service=RaftServer,group=group-F14CED7F129D,id=66a098cb-53c0-4f05-8b16-ad76b3c07384
2019-11-13 16:21:11,990 [ForkJoinPool.commonPool-worker-1] INFO  impl.RoleInfo (RoleInfo.java:shutdownFollowerState(121)) - 66a098cb-53c0-4f05-8b16-ad76b3c07384: shutdown FollowerState
2019-11-13 16:21:11,990 [ForkJoinPool.commonPool-worker-1] INFO  impl.StateMachineUpdater (StateMachineUpdater.java:stopAndJoin(136)) - 66a098cb-53c0-4f05-8b16-ad76b3c07384@group-F14CED7F129D-StateMachineUpdater: set stopIndex = 2
2019-11-13 16:21:11,990 [Thread-1809] INFO  impl.FollowerState (FollowerState.java:run(120)) - 66a098cb-53c0-4f05-8b16-ad76b3c07384@group-F14CED7F129D-FollowerState was interrupted: java.lang.InterruptedException: sleep interrupted
2019-11-13 16:21:11,990 [ForkJoinPool.commonPool-worker-1] INFO  impl.RaftServerImpl (ServerState.java:close(387)) - 66a098cb-53c0-4f05-8b16-ad76b3c07384@group-F14CED7F129D: closes. applyIndex: 2
2019-11-13 16:21:11,991 [66a098cb-53c0-4f05-8b16-ad76b3c07384@group-F14CED7F129D-SegmentedRaftLogWorker] INFO  segmented.SegmentedRaftLogWorker (SegmentedRaftLogWorker.java:run(316)) - 66a098cb-53c0-4f05-8b16-ad76b3c07384@group-F14CED7F129D-SegmentedRaftLogWorker was interrupted, exiting. There are 0 tasks remaining in the queue.
2019-11-13 16:21:11,991 [ForkJoinPool.commonPool-worker-1] INFO  segmented.SegmentedRaftLogWorker (SegmentedRaftLogWorker.java:close(224)) - 66a098cb-53c0-4f05-8b16-ad76b3c07384@group-F14CED7F129D-SegmentedRaftLogWorker close()
2019-11-13 16:21:11,991 [ForkJoinPool.commonPool-worker-1] INFO  server.GrpcService (GrpcService.java:closeImpl(164)) - 66a098cb-53c0-4f05-8b16-ad76b3c07384: shutdown server with port 36855 now
2019-11-13 16:21:11,993 [ForkJoinPool.commonPool-worker-1] INFO  server.GrpcService (GrpcService.java:closeImpl(172)) - 66a098cb-53c0-4f05-8b16-ad76b3c07384: shutdown server with port 36855 successfully
2019-11-13 16:21:11,999 [refreshUsed-/workdir/hadoop-ozone/integration-test/target/test-dir/MiniOzoneClusterImpl-3a974f43-0da0-4ff7-ab4a-31bb81b91875/datanode-1/data/containers] WARN  fs.CachingGetSpaceUsed (CachingGetSpaceUsed.java:run(183)) - Thread Interrupted waiting to refresh disk information: sleep interrupted
2019-11-13 16:21:12,016 [ForkJoinPool.commonPool-worker-1] INFO  utils.BackgroundService (BackgroundService.java:shutdown(151)) - Shutting down service BlockDeletingService
2019-11-13 16:21:12,019 [ForkJoinPool.commonPool-worker-1] INFO  statemachine.DatanodeStateMachine (DatanodeStateMachine.java:stopDaemon(395)) - Ozone container server stopped.
2019-11-13 16:21:12,023 [ForkJoinPool.commonPool-worker-1] INFO  handler.ContextHandler (ContextHandler.java:doStop(910)) - Stopped o.e.j.w.WebAppContext@3440e9cd{/,null,UNAVAILABLE}{/hddsDatanode}
2019-11-13 16:21:12,024 [ForkJoinPool.commonPool-worker-1] INFO  server.AbstractConnector (AbstractConnector.java:doStop(318)) - Stopped ServerConnector@28a9494b{HTTP/1.1,[http/1.1]}{0.0.0.0:0}
2019-11-13 16:21:12,025 [ForkJoinPool.commonPool-worker-1] INFO  handler.ContextHandler (ContextHandler.java:doStop(910)) - Stopped o.e.j.s.ServletContextHandler@14c93774{/static,jar:file:/home/user/.m2/repository/org/apache/hadoop/hadoop-hdds-container-service/0.5.0-SNAPSHOT/hadoop-hdds-container-service-0.5.0-SNAPSHOT.jar!/webapps/static,UNAVAILABLE}
2019-11-13 16:21:12,025 [ForkJoinPool.commonPool-worker-1] INFO  handler.ContextHandler (ContextHandler.java:doStop(910)) - Stopped o.e.j.s.ServletContextHandler@40247d48{/logs,file:///workdir/hadoop-ozone/integration-test/target/log,UNAVAILABLE}
2019-11-13 16:21:12,043 [main] INFO  ozoneimpl.OzoneContainer (OzoneContainer.java:stop(244)) - Attempting to stop container services.
2019-11-13 16:21:12,043 [main] INFO  impl.RaftServerProxy (RaftServerProxy.java:lambda$close$4(314)) - a3f5b1ff-5ddb-40c7-8bbd-1ae7c3cdb433: close
2019-11-13 16:21:12,043 [ForkJoinPool.commonPool-worker-1] INFO  impl.RaftServerImpl (RaftServerImpl.java:lambda$shutdown$3(250)) - a3f5b1ff-5ddb-40c7-8bbd-1ae7c3cdb433@group-7D4EA8187F75: shutdown
2019-11-13 16:21:12,044 [ForkJoinPool.commonPool-worker-1] INFO  util.JmxRegister (JmxRegister.java:unregister(73)) - Successfully un-registered JMX Bean with object name Ratis:service=RaftServer,group=group-7D4EA8187F75,id=a3f5b1ff-5ddb-40c7-8bbd-1ae7c3cdb433
2019-11-13 16:21:12,044 [ForkJoinPool.commonPool-worker-1] INFO  impl.RoleInfo (RoleInfo.java:shutdownLeaderState(104)) - a3f5b1ff-5ddb-40c7-8bbd-1ae7c3cdb433: shutdown LeaderState
2019-11-13 16:21:12,044 [ForkJoinPool.commonPool-worker-1] INFO  impl.PendingRequests (PendingRequests.java:sendNotLeaderResponses(206)) - a3f5b1ff-5ddb-40c7-8bbd-1ae7c3cdb433@group-7D4EA8187F75-PendingRequests: sendNotLeaderResponses
2019-11-13 16:21:12,044 [ForkJoinPool.commonPool-worker-1] INFO  impl.StateMachineUpdater (StateMachineUpdater.java:stopAndJoin(136)) - a3f5b1ff-5ddb-40c7-8bbd-1ae7c3cdb433@group-7D4EA8187F75-StateMachineUpdater: set stopIndex = 0
2019-11-13 16:21:12,045 [ForkJoinPool.commonPool-worker-1] INFO  impl.RaftServerImpl (ServerState.java:close(387)) - a3f5b1ff-5ddb-40c7-8bbd-1ae7c3cdb433@group-7D4EA8187F75: closes. applyIndex: 0
2019-11-13 16:21:12,045 [a3f5b1ff-5ddb-40c7-8bbd-1ae7c3cdb433@group-7D4EA8187F75-SegmentedRaftLogWorker] INFO  segmented.SegmentedRaftLogWorker (SegmentedRaftLogWorker.java:run(316)) - a3f5b1ff-5ddb-40c7-8bbd-1ae7c3cdb433@group-7D4EA8187F75-SegmentedRaftLogWorker was interrupted, exiting. There are 0 tasks remaining in the queue.
2019-11-13 16:21:12,045 [ForkJoinPool.commonPool-worker-1] INFO  segmented.SegmentedRaftLogWorker (SegmentedRaftLogWorker.java:close(224)) - a3f5b1ff-5ddb-40c7-8bbd-1ae7c3cdb433@group-7D4EA8187F75-SegmentedRaftLogWorker close()
2019-11-13 16:21:12,045 [ForkJoinPool.commonPool-worker-1] INFO  impl.RaftServerImpl (RaftServerImpl.java:lambda$shutdown$3(250)) - a3f5b1ff-5ddb-40c7-8bbd-1ae7c3cdb433@group-8F7AB9145989: shutdown
2019-11-13 16:21:12,046 [ForkJoinPool.commonPool-worker-1] INFO  util.JmxRegister (JmxRegister.java:unregister(73)) - Successfully un-registered JMX Bean with object name Ratis:service=RaftServer,group=group-8F7AB9145989,id=a3f5b1ff-5ddb-40c7-8bbd-1ae7c3cdb433
2019-11-13 16:21:12,046 [ForkJoinPool.commonPool-worker-1] INFO  impl.RoleInfo (RoleInfo.java:shutdownFollowerState(121)) - a3f5b1ff-5ddb-40c7-8bbd-1ae7c3cdb433: shutdown FollowerState
2019-11-13 16:21:12,046 [ForkJoinPool.commonPool-worker-1] INFO  impl.StateMachineUpdater (StateMachineUpdater.java:stopAndJoin(136)) - a3f5b1ff-5ddb-40c7-8bbd-1ae7c3cdb433@group-8F7AB9145989-StateMachineUpdater: set stopIndex = 4
2019-11-13 16:21:12,046 [Thread-1805] INFO  impl.FollowerState (FollowerState.java:run(120)) - a3f5b1ff-5ddb-40c7-8bbd-1ae7c3cdb433@group-8F7AB9145989-FollowerState was interrupted: java.lang.InterruptedException: sleep interrupted
2019-11-13 16:21:12,046 [a3f5b1ff-5ddb-40c7-8bbd-1ae7c3cdb433@group-8F7AB9145989-StateMachineUpdater] INFO  ratis.ContainerStateMachine (ContainerStateMachine.java:takeSnapshot(285)) - group-8F7AB9145989: Taking a snapshot at:(t:1, i:2) file /workdir/hadoop-ozone/integration-test/target/test-dir/MiniOzoneClusterImpl-3a974f43-0da0-4ff7-ab4a-31bb81b91875/datanode-7/data/ratis/969f6d63-08fa-4644-989e-8f7ab9145989/sm/snapshot.1_2
2019-11-13 16:21:12,069 [a3f5b1ff-5ddb-40c7-8bbd-1ae7c3cdb433@group-8F7AB9145989-StateMachineUpdater] INFO  ratis.ContainerStateMachine (ContainerStateMachine.java:takeSnapshot(296)) - group-8F7AB9145989: Finished taking a snapshot at:(t:1, i:2) file:/workdir/hadoop-ozone/integration-test/target/test-dir/MiniOzoneClusterImpl-3a974f43-0da0-4ff7-ab4a-31bb81b91875/datanode-7/data/ratis/969f6d63-08fa-4644-989e-8f7ab9145989/sm/snapshot.1_2 time:23
2019-11-13 16:21:12,070 [a3f5b1ff-5ddb-40c7-8bbd-1ae7c3cdb433@group-8F7AB9145989-StateMachineUpdater] INFO  impl.StateMachineUpdater (StateMachineUpdater.java:takeSnapshot(269)) - a3f5b1ff-5ddb-40c7-8bbd-1ae7c3cdb433@group-8F7AB9145989-StateMachineUpdater: Took a snapshot at index 2
2019-11-13 16:21:12,070 [a3f5b1ff-5ddb-40c7-8bbd-1ae7c3cdb433@group-8F7AB9145989-StateMachineUpdater] INFO  impl.StateMachineUpdater (StateMachineUpdater.java:lambda$new$0(84)) - a3f5b1ff-5ddb-40c7-8bbd-1ae7c3cdb433@group-8F7AB9145989-StateMachineUpdater: snapshotIndex: updateIncreasingly -1 -> 2
2019-11-13 16:21:12,070 [a3f5b1ff-5ddb-40c7-8bbd-1ae7c3cdb433@group-8F7AB9145989-StateMachineUpdater] INFO  ratis.ContainerStateMachine (ContainerStateMachine.java:takeSnapshot(285)) - group-8F7AB9145989: Taking a snapshot at:(t:1, i:2) file /workdir/hadoop-ozone/integration-test/target/test-dir/MiniOzoneClusterImpl-3a974f43-0da0-4ff7-ab4a-31bb81b91875/datanode-7/data/ratis/969f6d63-08fa-4644-989e-8f7ab9145989/sm/snapshot.1_2
2019-11-13 16:21:12,093 [a3f5b1ff-5ddb-40c7-8bbd-1ae7c3cdb433@group-8F7AB9145989-StateMachineUpdater] INFO  ratis.ContainerStateMachine (ContainerStateMachine.java:takeSnapshot(296)) - group-8F7AB9145989: Finished taking a snapshot at:(t:1, i:2) file:/workdir/hadoop-ozone/integration-test/target/test-dir/MiniOzoneClusterImpl-3a974f43-0da0-4ff7-ab4a-31bb81b91875/datanode-7/data/ratis/969f6d63-08fa-4644-989e-8f7ab9145989/sm/snapshot.1_2 time:23
2019-11-13 16:21:12,093 [a3f5b1ff-5ddb-40c7-8bbd-1ae7c3cdb433@group-8F7AB9145989-StateMachineUpdater] INFO  impl.StateMachineUpdater (StateMachineUpdater.java:takeSnapshot(269)) - a3f5b1ff-5ddb-40c7-8bbd-1ae7c3cdb433@group-8F7AB9145989-StateMachineUpdater: Took a snapshot at index 2
2019-11-13 16:21:12,093 [a3f5b1ff-5ddb-40c7-8bbd-1ae7c3cdb433@group-8F7AB9145989-StateMachineUpdater] INFO  impl.StateMachineUpdater (StateMachineUpdater.java:lambda$new$0(84)) - a3f5b1ff-5ddb-40c7-8bbd-1ae7c3cdb433@group-8F7AB9145989-StateMachineUpdater: snapshotIndex: updateIncreasingly 2 -> 2
2019-11-13 16:21:12,094 [ForkJoinPool.commonPool-worker-1] INFO  impl.RaftServerImpl (ServerState.java:close(387)) - a3f5b1ff-5ddb-40c7-8bbd-1ae7c3cdb433@group-8F7AB9145989: closes. applyIndex: 4
2019-11-13 16:21:12,094 [a3f5b1ff-5ddb-40c7-8bbd-1ae7c3cdb433@group-8F7AB9145989-SegmentedRaftLogWorker] INFO  segmented.SegmentedRaftLogWorker (SegmentedRaftLogWorker.java:run(316)) - a3f5b1ff-5ddb-40c7-8bbd-1ae7c3cdb433@group-8F7AB9145989-SegmentedRaftLogWorker was interrupted, exiting. There are 0 tasks remaining in the queue.
2019-11-13 16:21:12,094 [ForkJoinPool.commonPool-worker-1] INFO  segmented.SegmentedRaftLogWorker (SegmentedRaftLogWorker.java:close(224)) - a3f5b1ff-5ddb-40c7-8bbd-1ae7c3cdb433@group-8F7AB9145989-SegmentedRaftLogWorker close()
2019-11-13 16:21:12,095 [main] INFO  server.GrpcService (GrpcService.java:closeImpl(164)) - a3f5b1ff-5ddb-40c7-8bbd-1ae7c3cdb433: shutdown server with port 40390 now
2019-11-13 16:21:12,096 [main] INFO  server.GrpcService (GrpcService.java:closeImpl(172)) - a3f5b1ff-5ddb-40c7-8bbd-1ae7c3cdb433: shutdown server with port 40390 successfully
2019-11-13 16:21:12,099 [refreshUsed-/workdir/hadoop-ozone/integration-test/target/test-dir/MiniOzoneClusterImpl-3a974f43-0da0-4ff7-ab4a-31bb81b91875/datanode-7/data/containers] WARN  fs.CachingGetSpaceUsed (CachingGetSpaceUsed.java:run(183)) - Thread Interrupted waiting to refresh disk information: sleep interrupted
2019-11-13 16:21:12,115 [main] INFO  utils.BackgroundService (BackgroundService.java:shutdown(151)) - Shutting down service BlockDeletingService
2019-11-13 16:21:12,120 [main] INFO  statemachine.DatanodeStateMachine (DatanodeStateMachine.java:stopDaemon(395)) - Ozone container server stopped.
2019-11-13 16:21:12,122 [main] INFO  handler.ContextHandler (ContextHandler.java:doStop(910)) - Stopped o.e.j.w.WebAppContext@438c9aa7{/,null,UNAVAILABLE}{/hddsDatanode}
2019-11-13 16:21:12,122 [main] INFO  server.AbstractConnector (AbstractConnector.java:doStop(318)) - Stopped ServerConnector@3453acd2{HTTP/1.1,[http/1.1]}{0.0.0.0:0}
2019-11-13 16:21:12,123 [main] INFO  handler.ContextHandler (ContextHandler.java:doStop(910)) - Stopped o.e.j.s.ServletContextHandler@1934ad7c{/static,jar:file:/home/user/.m2/repository/org/apache/hadoop/hadoop-hdds-container-service/0.5.0-SNAPSHOT/hadoop-hdds-container-service-0.5.0-SNAPSHOT.jar!/webapps/static,UNAVAILABLE}
2019-11-13 16:21:12,123 [main] INFO  handler.ContextHandler (ContextHandler.java:doStop(910)) - Stopped o.e.j.s.ServletContextHandler@57a6a933{/logs,file:///workdir/hadoop-ozone/integration-test/target/log,UNAVAILABLE}
2019-11-13 16:21:12,124 [main] INFO  ozone.MiniOzoneClusterImpl (MiniOzoneClusterImpl.java:stopSCM(430)) - Stopping the StorageContainerManager
2019-11-13 16:21:12,124 [main] INFO  server.StorageContainerManager (StorageContainerManager.java:stop(802)) - Stopping Replication Manager Service.
2019-11-13 16:21:12,125 [main] INFO  container.ReplicationManager (ReplicationManager.java:stop(203)) - Stopping Replication Monitor Thread.
2019-11-13 16:21:12,125 [main] INFO  server.StorageContainerManager (StorageContainerManager.java:stop(809)) - Stopping Lease Manager of the command watchers
2019-11-13 16:21:12,125 [main] INFO  server.StorageContainerManager (StorageContainerManager.java:stop(816)) - Stopping datanode service RPC server
2019-11-13 16:21:12,125 [main] INFO  server.SCMDatanodeProtocolServer (SCMDatanodeProtocolServer.java:stop(346)) - Stopping the RPC server for DataNodes
2019-11-13 16:21:12,125 [main] INFO  ipc.Server (Server.java:stop(3082)) - Stopping server on 43211
2019-11-13 16:21:12,127 [IPC Server listener on 43211] INFO  ipc.Server (Server.java:run(1185)) - Stopping IPC Server listener on 43211
2019-11-13 16:21:12,128 [IPC Server Responder] INFO  ipc.Server (Server.java:run(1319)) - Stopping IPC Server Responder
2019-11-13 16:21:12,139 [SCM Heartbeat Processing Thread - 0] WARN  node.NodeStateManager (NodeStateManager.java:scheduleNextHealthCheck(646)) - Current Thread is interrupted, shutting down HB processing thread for Node Manager.
2019-11-13 16:21:12,140 [main] INFO  server.StorageContainerManager (StorageContainerManager.java:stop(824)) - Stopping block service RPC server
2019-11-13 16:21:12,140 [main] INFO  server.SCMBlockProtocolServer (SCMBlockProtocolServer.java:stop(155)) - Stopping the RPC server for Block Protocol
2019-11-13 16:21:12,140 [main] INFO  ipc.Server (Server.java:stop(3082)) - Stopping server on 33416
2019-11-13 16:21:12,142 [IPC Server listener on 33416] INFO  ipc.Server (Server.java:run(1185)) - Stopping IPC Server listener on 33416
2019-11-13 16:21:12,142 [main] INFO  server.StorageContainerManager (StorageContainerManager.java:stop(831)) - Stopping the StorageContainerLocationProtocol RPC server
2019-11-13 16:21:12,142 [IPC Server Responder] INFO  ipc.Server (Server.java:run(1319)) - Stopping IPC Server Responder
2019-11-13 16:21:12,143 [main] INFO  server.SCMClientProtocolServer (SCMClientProtocolServer.java:stop(168)) - Stopping the RPC server for Client Protocol
2019-11-13 16:21:12,143 [main] INFO  ipc.Server (Server.java:stop(3082)) - Stopping server on 33952
2019-11-13 16:21:12,144 [IPC Server listener on 33952] INFO  ipc.Server (Server.java:run(1185)) - Stopping IPC Server listener on 33952
2019-11-13 16:21:12,145 [main] INFO  server.StorageContainerManager (StorageContainerManager.java:stop(838)) - Stopping Storage Container Manager HTTP server.
2019-11-13 16:21:12,145 [IPC Server Responder] INFO  ipc.Server (Server.java:run(1319)) - Stopping IPC Server Responder
2019-11-13 16:21:12,146 [main] INFO  handler.ContextHandler (ContextHandler.java:doStop(910)) - Stopped o.e.j.w.WebAppContext@3f598450{/,null,UNAVAILABLE}{/scm}
2019-11-13 16:21:12,147 [main] INFO  server.AbstractConnector (AbstractConnector.java:doStop(318)) - Stopped ServerConnector@2db2a05f{HTTP/1.1,[http/1.1]}{0.0.0.0:0}
2019-11-13 16:21:12,147 [main] INFO  handler.ContextHandler (ContextHandler.java:doStop(910)) - Stopped o.e.j.s.ServletContextHandler@10947c4e{/static,file:///workdir/hadoop-ozone/integration-test/target/test-classes/webapps/static,UNAVAILABLE}
2019-11-13 16:21:12,148 [main] INFO  handler.ContextHandler (ContextHandler.java:doStop(910)) - Stopped o.e.j.s.ServletContextHandler@6d099323{/logs,file:///workdir/hadoop-ozone/integration-test/target/log,UNAVAILABLE}
2019-11-13 16:21:12,148 [main] INFO  server.StorageContainerManager (StorageContainerManager.java:stop(849)) - Stopping Block Manager Service.
2019-11-13 16:21:12,148 [main] INFO  utils.BackgroundService (BackgroundService.java:shutdown(151)) - Shutting down service SCMBlockDeletingService
2019-11-13 16:21:12,149 [main] INFO  utils.BackgroundService (BackgroundService.java:shutdown(151)) - Shutting down service SCMBlockDeletingService
2019-11-13 16:21:12,149 [main] INFO  server.StorageContainerManager (StorageContainerManager.java:stop(871)) - Stopping SCM Event Queue.
2019-11-13 16:21:12,155 [main] INFO  impl.MetricsSystemImpl (MetricsSystemImpl.java:stop(210)) - Stopping HddsDatanode metrics system...
2019-11-13 16:21:12,166 [main] INFO  impl.MetricsSystemImpl (MetricsSystemImpl.java:stop(216)) - HddsDatanode metrics system stopped.
]]></system-out>
    <system-err><![CDATA[Nov 13, 2019 4:20:51 PM org.apache.ratis.thirdparty.io.grpc.internal.SerializingExecutor run
SEVERE: Exception while executing runnable org.apache.ratis.thirdparty.io.grpc.internal.ServerImpl$JumpToApplicationThreadServerStreamListener$1Closed@ac24e89
org.apache.ratis.thirdparty.io.grpc.StatusRuntimeException: CANCELLED: call already cancelled
	at org.apache.ratis.thirdparty.io.grpc.Status.asRuntimeException(Status.java:517)
	at org.apache.ratis.thirdparty.io.grpc.stub.ServerCalls$ServerCallStreamObserverImpl.onCompleted(ServerCalls.java:356)
	at org.apache.ratis.grpc.server.GrpcServerProtocolService$ServerRequestStreamObserver.onError(GrpcServerProtocolService.java:121)
	at org.apache.ratis.thirdparty.io.grpc.stub.ServerCalls$StreamingServerCallHandler$StreamingServerCallListener.onCancel(ServerCalls.java:269)
	at org.apache.ratis.thirdparty.io.grpc.internal.ServerCallImpl$ServerStreamListenerImpl.closed(ServerCallImpl.java:293)
	at org.apache.ratis.thirdparty.io.grpc.internal.ServerImpl$JumpToApplicationThreadServerStreamListener$1Closed.runInContext(ServerImpl.java:741)
	at org.apache.ratis.thirdparty.io.grpc.internal.ContextRunnable.run(ContextRunnable.java:37)
	at org.apache.ratis.thirdparty.io.grpc.internal.SerializingExecutor.run(SerializingExecutor.java:123)
	at java.util.concurrent.ThreadPoolExecutor.runWorker(ThreadPoolExecutor.java:1149)
	at java.util.concurrent.ThreadPoolExecutor$Worker.run(ThreadPoolExecutor.java:624)
	at java.lang.Thread.run(Thread.java:748)

Nov 13, 2019 4:20:56 PM org.apache.ratis.thirdparty.io.grpc.internal.SerializingExecutor run
SEVERE: Exception while executing runnable org.apache.ratis.thirdparty.io.grpc.internal.ServerImpl$JumpToApplicationThreadServerStreamListener$1Closed@26d95192
org.apache.ratis.thirdparty.io.grpc.StatusRuntimeException: CANCELLED: call already cancelled
	at org.apache.ratis.thirdparty.io.grpc.Status.asRuntimeException(Status.java:517)
	at org.apache.ratis.thirdparty.io.grpc.stub.ServerCalls$ServerCallStreamObserverImpl.onCompleted(ServerCalls.java:356)
	at org.apache.ratis.grpc.server.GrpcServerProtocolService$ServerRequestStreamObserver.onError(GrpcServerProtocolService.java:121)
	at org.apache.ratis.thirdparty.io.grpc.stub.ServerCalls$StreamingServerCallHandler$StreamingServerCallListener.onCancel(ServerCalls.java:269)
	at org.apache.ratis.thirdparty.io.grpc.internal.ServerCallImpl$ServerStreamListenerImpl.closed(ServerCallImpl.java:293)
	at org.apache.ratis.thirdparty.io.grpc.internal.ServerImpl$JumpToApplicationThreadServerStreamListener$1Closed.runInContext(ServerImpl.java:741)
	at org.apache.ratis.thirdparty.io.grpc.internal.ContextRunnable.run(ContextRunnable.java:37)
	at org.apache.ratis.thirdparty.io.grpc.internal.SerializingExecutor.run(SerializingExecutor.java:123)
	at java.util.concurrent.ThreadPoolExecutor.runWorker(ThreadPoolExecutor.java:1149)
	at java.util.concurrent.ThreadPoolExecutor$Worker.run(ThreadPoolExecutor.java:624)
	at java.lang.Thread.run(Thread.java:748)

Nov 13, 2019 4:21:01 PM org.apache.ratis.thirdparty.io.grpc.internal.SerializingExecutor run
SEVERE: Exception while executing runnable org.apache.ratis.thirdparty.io.grpc.internal.ServerImpl$JumpToApplicationThreadServerStreamListener$1Closed@4080145d
org.apache.ratis.thirdparty.io.grpc.StatusRuntimeException: CANCELLED: call already cancelled
	at org.apache.ratis.thirdparty.io.grpc.Status.asRuntimeException(Status.java:517)
	at org.apache.ratis.thirdparty.io.grpc.stub.ServerCalls$ServerCallStreamObserverImpl.onCompleted(ServerCalls.java:356)
	at org.apache.ratis.grpc.server.GrpcServerProtocolService$ServerRequestStreamObserver.onError(GrpcServerProtocolService.java:121)
	at org.apache.ratis.thirdparty.io.grpc.stub.ServerCalls$StreamingServerCallHandler$StreamingServerCallListener.onCancel(ServerCalls.java:269)
	at org.apache.ratis.thirdparty.io.grpc.internal.ServerCallImpl$ServerStreamListenerImpl.closed(ServerCallImpl.java:293)
	at org.apache.ratis.thirdparty.io.grpc.internal.ServerImpl$JumpToApplicationThreadServerStreamListener$1Closed.runInContext(ServerImpl.java:741)
	at org.apache.ratis.thirdparty.io.grpc.internal.ContextRunnable.run(ContextRunnable.java:37)
	at org.apache.ratis.thirdparty.io.grpc.internal.SerializingExecutor.run(SerializingExecutor.java:123)
	at java.util.concurrent.ThreadPoolExecutor.runWorker(ThreadPoolExecutor.java:1149)
	at java.util.concurrent.ThreadPoolExecutor$Worker.run(ThreadPoolExecutor.java:624)
	at java.lang.Thread.run(Thread.java:748)

]]></system-err>
  </testcase>
  <testcase name="testWriteSmallFile" classname="org.apache.hadoop.ozone.client.rpc.TestFailureHandlingByClient" time="100.239"/>
  <testcase name="testBlockWritesWithDnFailures" classname="org.apache.hadoop.ozone.client.rpc.TestFailureHandlingByClient" time="51.862"/>
  <testcase name="testDatanodeExclusionWithMajorityCommit" classname="org.apache.hadoop.ozone.client.rpc.TestFailureHandlingByClient" time="55.01"/>
</testsuite>