<?xml version="1.0" encoding="UTF-8"?>
<testsuite xmlns:xsi="http://www.w3.org/2001/XMLSchema-instance" xsi:noNamespaceSchemaLocation="https://maven.apache.org/surefire/maven-surefire-plugin/xsd/surefire-test-report.xsd" name="org.apache.hadoop.ozone.client.rpc.TestDeleteWithSlowFollower" time="148.325" tests="1" errors="0" skipped="0" failures="1">
  <properties>
    <property name="awt.toolkit" value="sun.awt.X11.XToolkit"/>
    <property name="file.encoding.pkg" value="sun.io"/>
    <property name="java.specification.version" value="1.8"/>
    <property name="sun.cpu.isalist" value=""/>
    <property name="sun.jnu.encoding" value="ANSI_X3.4-1968"/>
    <property name="java.class.path" value="/workdir/hadoop-ozone/integration-test/target/test-classes:/workdir/hadoop-ozone/integration-test/target/classes:/home/user/.m2/repository/org/apache/hadoop/hadoop-ozone-common/0.5.0-SNAPSHOT/hadoop-ozone-common-0.5.0-SNAPSHOT.jar:/home/user/.m2/repository/org/apache/commons/commons-compress/1.4.1/commons-compress-1.4.1.jar:/home/user/.m2/repository/org/tukaani/xz/1.0/xz-1.0.jar:/home/user/.m2/repository/org/apache/hadoop/hadoop-common/3.2.0/hadoop-common-3.2.0.jar:/home/user/.m2/repository/org/apache/hadoop/hadoop-hdfs/3.2.0/hadoop-hdfs-3.2.0.jar:/home/user/.m2/repository/org/apache/hadoop/hadoop-hdfs-client/3.2.0/hadoop-hdfs-client-3.2.0.jar:/home/user/.m2/repository/com/fasterxml/jackson/core/jackson-annotations/2.9.9/jackson-annotations-2.9.9.jar:/home/user/.m2/repository/org/apache/hadoop/hadoop-hdds-common/0.5.0-SNAPSHOT/hadoop-hdds-common-0.5.0-SNAPSHOT.jar:/home/user/.m2/repository/javax/annotation/javax.annotation-api/1.2/javax.annotation-api-1.2.jar:/home/user/.m2/repository/org/apache/ratis/ratis-server/0.5.0-ced7dbf-SNAPSHOT/ratis-server-0.5.0-ced7dbf-SNAPSHOT.jar:/home/user/.m2/repository/org/apache/ratis/ratis-thirdparty-misc/0.2.0/ratis-thirdparty-misc-0.2.0.jar:/home/user/.m2/repository/org/apache/ratis/ratis-proto/0.5.0-ced7dbf-SNAPSHOT/ratis-proto-0.5.0-ced7dbf-SNAPSHOT.jar:/home/user/.m2/repository/org/apache/ratis/ratis-common/0.5.0-ced7dbf-SNAPSHOT/ratis-common-0.5.0-ced7dbf-SNAPSHOT.jar:/home/user/.m2/repository/org/apache/ratis/ratis-client/0.5.0-ced7dbf-SNAPSHOT/ratis-client-0.5.0-ced7dbf-SNAPSHOT.jar:/home/user/.m2/repository/org/apache/ratis/ratis-metrics/0.5.0-ced7dbf-SNAPSHOT/ratis-metrics-0.5.0-ced7dbf-SNAPSHOT.jar:/home/user/.m2/repository/org/apache/ratis/ratis-netty/0.5.0-ced7dbf-SNAPSHOT/ratis-netty-0.5.0-ced7dbf-SNAPSHOT.jar:/home/user/.m2/repository/org/apache/ratis/ratis-grpc/0.5.0-ced7dbf-SNAPSHOT/ratis-grpc-0.5.0-ced7dbf-SNAPSHOT.jar:/home/user/.m2/repository/org/rocksdb/rocksdbjni/6.0.1/rocksdbjni-6.0.1.jar:/home/user/.m2/repository/org/apache/logging/log4j/log4j-api/2.11.0/log4j-api-2.11.0.jar:/home/user/.m2/repository/org/apache/logging/log4j/log4j-core/2.11.0/log4j-core-2.11.0.jar:/home/user/.m2/repository/com/lmax/disruptor/3.4.2/disruptor-3.4.2.jar:/home/user/.m2/repository/org/apache/commons/commons-pool2/2.6.0/commons-pool2-2.6.0.jar:/home/user/.m2/repository/org/bouncycastle/bcpkix-jdk15on/1.60/bcpkix-jdk15on-1.60.jar:/home/user/.m2/repository/commons-validator/commons-validator/1.6/commons-validator-1.6.jar:/home/user/.m2/repository/commons-digester/commons-digester/1.8.1/commons-digester-1.8.1.jar:/home/user/.m2/repository/io/jaegertracing/jaeger-client/0.34.0/jaeger-client-0.34.0.jar:/home/user/.m2/repository/io/jaegertracing/jaeger-thrift/0.34.0/jaeger-thrift-0.34.0.jar:/home/user/.m2/repository/org/apache/thrift/libthrift/0.12.0/libthrift-0.12.0.jar:/home/user/.m2/repository/com/squareup/okhttp3/okhttp/3.9.0/okhttp-3.9.0.jar:/home/user/.m2/repository/com/squareup/okio/okio/1.13.0/okio-1.13.0.jar:/home/user/.m2/repository/io/jaegertracing/jaeger-core/0.34.0/jaeger-core-0.34.0.jar:/home/user/.m2/repository/io/jaegertracing/jaeger-tracerresolver/0.34.0/jaeger-tracerresolver-0.34.0.jar:/home/user/.m2/repository/io/opentracing/contrib/opentracing-tracerresolver/0.1.5/opentracing-tracerresolver-0.1.5.jar:/home/user/.m2/repository/io/opentracing/opentracing-util/0.31.0/opentracing-util-0.31.0.jar:/home/user/.m2/repository/io/opentracing/opentracing-api/0.31.0/opentracing-api-0.31.0.jar:/home/user/.m2/repository/io/opentracing/opentracing-noop/0.31.0/opentracing-noop-0.31.0.jar:/home/user/.m2/repository/org/apache/hadoop/hadoop-hdds-server-framework/0.5.0-SNAPSHOT/hadoop-hdds-server-framework-0.5.0-SNAPSHOT.jar:/home/user/.m2/repository/org/apache/hadoop/hadoop-hdds-container-service/0.5.0-SNAPSHOT/hadoop-hdds-container-service-0.5.0-SNAPSHOT.jar:/home/user/.m2/repository/org/apache/hadoop/hadoop-hdds-client/0.5.0-SNAPSHOT/hadoop-hdds-client-0.5.0-SNAPSHOT.jar:/home/user/.m2/repository/org/apache/hadoop/hadoop-hdds-tools/0.5.0-SNAPSHOT/hadoop-hdds-tools-0.5.0-SNAPSHOT.jar:/home/user/.m2/repository/org/apache/hadoop/hadoop-hdds-server-scm/0.5.0-SNAPSHOT/hadoop-hdds-server-scm-0.5.0-SNAPSHOT.jar:/home/user/.m2/repository/org/apache/hadoop/hadoop-hdds-docs/0.5.0-SNAPSHOT/hadoop-hdds-docs-0.5.0-SNAPSHOT.jar:/home/user/.m2/repository/io/dropwizard/metrics/metrics-core/3.2.4/metrics-core-3.2.4.jar:/home/user/.m2/repository/org/hamcrest/hamcrest-all/1.3/hamcrest-all-1.3.jar:/home/user/.m2/repository/org/bouncycastle/bcprov-jdk15on/1.60/bcprov-jdk15on-1.60.jar:/home/user/.m2/repository/info/picocli/picocli/3.9.6/picocli-3.9.6.jar:/home/user/.m2/repository/com/google/protobuf/protobuf-java/2.5.0/protobuf-java-2.5.0.jar:/home/user/.m2/repository/com/google/guava/guava/11.0.2/guava-11.0.2.jar:/home/user/.m2/repository/org/apache/hadoop/hadoop-ozone-ozone-manager/0.5.0-SNAPSHOT/hadoop-ozone-ozone-manager-0.5.0-SNAPSHOT.jar:/home/user/.m2/repository/org/apache/hadoop/hadoop-minikdc/3.2.0/hadoop-minikdc-3.2.0.jar:/home/user/.m2/repository/commons-io/commons-io/2.5/commons-io-2.5.jar:/home/user/.m2/repository/org/apache/kerby/kerb-simplekdc/1.0.1/kerb-simplekdc-1.0.1.jar:/home/user/.m2/repository/org/apache/kerby/kerb-client/1.0.1/kerb-client-1.0.1.jar:/home/user/.m2/repository/org/apache/kerby/kerby-config/1.0.1/kerby-config-1.0.1.jar:/home/user/.m2/repository/org/apache/kerby/kerb-core/1.0.1/kerb-core-1.0.1.jar:/home/user/.m2/repository/org/apache/kerby/kerby-pkix/1.0.1/kerby-pkix-1.0.1.jar:/home/user/.m2/repository/org/apache/kerby/kerby-asn1/1.0.1/kerby-asn1-1.0.1.jar:/home/user/.m2/repository/org/apache/kerby/kerby-util/1.0.1/kerby-util-1.0.1.jar:/home/user/.m2/repository/org/apache/kerby/kerb-common/1.0.1/kerb-common-1.0.1.jar:/home/user/.m2/repository/org/apache/kerby/kerb-crypto/1.0.1/kerb-crypto-1.0.1.jar:/home/user/.m2/repository/org/apache/kerby/kerb-util/1.0.1/kerb-util-1.0.1.jar:/home/user/.m2/repository/org/apache/kerby/token-provider/1.0.1/token-provider-1.0.1.jar:/home/user/.m2/repository/org/apache/kerby/kerb-admin/1.0.1/kerb-admin-1.0.1.jar:/home/user/.m2/repository/org/apache/kerby/kerb-server/1.0.1/kerb-server-1.0.1.jar:/home/user/.m2/repository/org/apache/kerby/kerb-identity/1.0.1/kerb-identity-1.0.1.jar:/home/user/.m2/repository/org/apache/kerby/kerby-xdr/1.0.1/kerby-xdr-1.0.1.jar:/home/user/.m2/repository/org/slf4j/slf4j-log4j12/1.7.25/slf4j-log4j12-1.7.25.jar:/home/user/.m2/repository/org/apache/hadoop/hadoop-ozone-s3gateway/0.5.0-SNAPSHOT/hadoop-ozone-s3gateway-0.5.0-SNAPSHOT.jar:/home/user/.m2/repository/org/jboss/weld/servlet/weld-servlet/2.4.7.Final/weld-servlet-2.4.7.Final.jar:/home/user/.m2/repository/org/glassfish/jersey/containers/jersey-container-servlet-core/2.27/jersey-container-servlet-core-2.27.jar:/home/user/.m2/repository/org/glassfish/hk2/external/javax.inject/2.5.0-b42/javax.inject-2.5.0-b42.jar:/home/user/.m2/repository/org/glassfish/jersey/core/jersey-common/2.27/jersey-common-2.27.jar:/home/user/.m2/repository/org/glassfish/hk2/osgi-resource-locator/1.0.1/osgi-resource-locator-1.0.1.jar:/home/user/.m2/repository/javax/ws/rs/javax.ws.rs-api/2.1/javax.ws.rs-api-2.1.jar:/home/user/.m2/repository/org/glassfish/jersey/ext/cdi/jersey-cdi1x/2.27/jersey-cdi1x-2.27.jar:/home/user/.m2/repository/org/glassfish/jersey/inject/jersey-hk2/2.27/jersey-hk2-2.27.jar:/home/user/.m2/repository/org/glassfish/hk2/hk2-locator/2.5.0-b42/hk2-locator-2.5.0-b42.jar:/home/user/.m2/repository/org/javassist/javassist/3.22.0-CR2/javassist-3.22.0-CR2.jar:/home/user/.m2/repository/org/glassfish/hk2/hk2-api/2.5.0/hk2-api-2.5.0.jar:/home/user/.m2/repository/org/glassfish/hk2/external/jakarta.inject/2.5.0/jakarta.inject-2.5.0.jar:/home/user/.m2/repository/org/glassfish/hk2/hk2-utils/2.5.0/hk2-utils-2.5.0.jar:/home/user/.m2/repository/jakarta/annotation/jakarta.annotation-api/1.3.4/jakarta.annotation-api-1.3.4.jar:/home/user/.m2/repository/org/glassfish/hk2/external/aopalliance-repackaged/2.5.0/aopalliance-repackaged-2.5.0.jar:/home/user/.m2/repository/com/fasterxml/jackson/dataformat/jackson-dataformat-xml/2.9.0/jackson-dataformat-xml-2.9.0.jar:/home/user/.m2/repository/com/fasterxml/jackson/core/jackson-core/2.9.9/jackson-core-2.9.9.jar:/home/user/.m2/repository/com/fasterxml/jackson/module/jackson-module-jaxb-annotations/2.9.9/jackson-module-jaxb-annotations-2.9.9.jar:/home/user/.m2/repository/javax/enterprise/cdi-api/1.2/cdi-api-1.2.jar:/home/user/.m2/repository/javax/el/javax.el-api/3.0.0/javax.el-api-3.0.0.jar:/home/user/.m2/repository/javax/interceptor/javax.interceptor-api/1.2/javax.interceptor-api-1.2.jar:/home/user/.m2/repository/javax/inject/javax.inject/1/javax.inject-1.jar:/home/user/.m2/repository/com/sun/xml/bind/jaxb-impl/2.3.0.1/jaxb-impl-2.3.0.1.jar:/home/user/.m2/repository/com/sun/xml/bind/jaxb-core/2.3.0.1/jaxb-core-2.3.0.1.jar:/home/user/.m2/repository/javax/xml/bind/jaxb-api/2.3.0/jaxb-api-2.3.0.jar:/home/user/.m2/repository/javax/activation/activation/1.1.1/activation-1.1.1.jar:/home/user/.m2/repository/org/apache/hadoop/hadoop-ozone-csi/0.5.0-SNAPSHOT/hadoop-ozone-csi-0.5.0-SNAPSHOT.jar:/home/user/.m2/repository/com/google/protobuf/protobuf-java-util/3.5.1/protobuf-java-util-3.5.1.jar:/home/user/.m2/repository/org/apache/hadoop/hadoop-hdds-config/0.5.0-SNAPSHOT/hadoop-hdds-config-0.5.0-SNAPSHOT.jar:/home/user/.m2/repository/io/grpc/grpc-netty/1.17.1/grpc-netty-1.17.1.jar:/home/user/.m2/repository/io/grpc/grpc-core/1.17.1/grpc-core-1.17.1.jar:/home/user/.m2/repository/io/grpc/grpc-context/1.17.1/grpc-context-1.17.1.jar:/home/user/.m2/repository/com/google/errorprone/error_prone_annotations/2.2.0/error_prone_annotations-2.2.0.jar:/home/user/.m2/repository/org/codehaus/mojo/animal-sniffer-annotations/1.17/animal-sniffer-annotations-1.17.jar:/home/user/.m2/repository/io/opencensus/opencensus-api/0.17.0/opencensus-api-0.17.0.jar:/home/user/.m2/repository/io/opencensus/opencensus-contrib-grpc-metrics/0.17.0/opencensus-contrib-grpc-metrics-0.17.0.jar:/home/user/.m2/repository/io/netty/netty-codec-http2/4.1.30.Final/netty-codec-http2-4.1.30.Final.jar:/home/user/.m2/repository/io/netty/netty-codec-http/4.1.30.Final/netty-codec-http-4.1.30.Final.jar:/home/user/.m2/repository/io/netty/netty-codec/4.1.30.Final/netty-codec-4.1.30.Final.jar:/home/user/.m2/repository/io/netty/netty-handler/4.1.30.Final/netty-handler-4.1.30.Final.jar:/home/user/.m2/repository/io/netty/netty-handler-proxy/4.1.30.Final/netty-handler-proxy-4.1.30.Final.jar:/home/user/.m2/repository/io/netty/netty-codec-socks/4.1.30.Final/netty-codec-socks-4.1.30.Final.jar:/home/user/.m2/repository/io/netty/netty-transport-native-epoll/4.1.30.Final/netty-transport-native-epoll-4.1.30.Final.jar:/home/user/.m2/repository/io/netty/netty-common/4.1.30.Final/netty-common-4.1.30.Final.jar:/home/user/.m2/repository/io/netty/netty-buffer/4.1.30.Final/netty-buffer-4.1.30.Final.jar:/home/user/.m2/repository/io/netty/netty-transport/4.1.30.Final/netty-transport-4.1.30.Final.jar:/home/user/.m2/repository/io/netty/netty-resolver/4.1.30.Final/netty-resolver-4.1.30.Final.jar:/home/user/.m2/repository/io/netty/netty-transport-native-unix-common/4.1.30.Final/netty-transport-native-unix-common-4.1.30.Final.jar:/home/user/.m2/repository/io/grpc/grpc-protobuf/1.17.1/grpc-protobuf-1.17.1.jar:/home/user/.m2/repository/com/google/api/grpc/proto-google-common-protos/1.0.0/proto-google-common-protos-1.0.0.jar:/home/user/.m2/repository/io/grpc/grpc-protobuf-lite/1.17.1/grpc-protobuf-lite-1.17.1.jar:/home/user/.m2/repository/io/grpc/grpc-stub/1.17.1/grpc-stub-1.17.1.jar:/home/user/.m2/repository/org/apache/hadoop/hadoop-ozone-recon/0.5.0-SNAPSHOT/hadoop-ozone-recon-0.5.0-SNAPSHOT.jar:/home/user/.m2/repository/org/apache/hadoop/hadoop-ozone-reconcodegen/0.5.0-SNAPSHOT/hadoop-ozone-reconcodegen-0.5.0-SNAPSHOT.jar:/home/user/.m2/repository/com/google/inject/extensions/guice-multibindings/4.0/guice-multibindings-4.0.jar:/home/user/.m2/repository/com/google/inject/guice/4.0/guice-4.0.jar:/home/user/.m2/repository/aopalliance/aopalliance/1.0/aopalliance-1.0.jar:/home/user/.m2/repository/com/google/inject/extensions/guice-servlet/4.0/guice-servlet-4.0.jar:/home/user/.m2/repository/org/glassfish/jersey/containers/jersey-container-servlet/2.27/jersey-container-servlet-2.27.jar:/home/user/.m2/repository/org/glassfish/hk2/guice-bridge/2.5.0/guice-bridge-2.5.0.jar:/home/user/.m2/repository/org/glassfish/jersey/core/jersey-server/2.27/jersey-server-2.27.jar:/home/user/.m2/repository/org/glassfish/jersey/core/jersey-client/2.27/jersey-client-2.27.jar:/home/user/.m2/repository/org/glassfish/jersey/media/jersey-media-jaxb/2.27/jersey-media-jaxb-2.27.jar:/home/user/.m2/repository/javax/validation/validation-api/1.1.0.Final/validation-api-1.1.0.Final.jar:/home/user/.m2/repository/org/glassfish/jersey/media/jersey-media-json-jackson/2.27/jersey-media-json-jackson-2.27.jar:/home/user/.m2/repository/org/glassfish/jersey/ext/jersey-entity-filtering/2.27/jersey-entity-filtering-2.27.jar:/home/user/.m2/repository/com/google/inject/extensions/guice-assistedinject/4.0/guice-assistedinject-4.0.jar:/home/user/.m2/repository/org/jooq/jooq/3.11.10/jooq-3.11.10.jar:/home/user/.m2/repository/org/jooq/jooq-meta/3.11.10/jooq-meta-3.11.10.jar:/home/user/.m2/repository/org/jooq/jooq-codegen/3.11.10/jooq-codegen-3.11.10.jar:/home/user/.m2/repository/com/jolbox/bonecp/0.8.0.RELEASE/bonecp-0.8.0.RELEASE.jar:/home/user/.m2/repository/org/xerial/sqlite-jdbc/3.25.2/sqlite-jdbc-3.25.2.jar:/home/user/.m2/repository/org/springframework/spring-jdbc/5.1.3.RELEASE/spring-jdbc-5.1.3.RELEASE.jar:/home/user/.m2/repository/org/springframework/spring-beans/5.1.3.RELEASE/spring-beans-5.1.3.RELEASE.jar:/home/user/.m2/repository/org/springframework/spring-core/5.1.3.RELEASE/spring-core-5.1.3.RELEASE.jar:/home/user/.m2/repository/org/springframework/spring-jcl/5.1.3.RELEASE/spring-jcl-5.1.3.RELEASE.jar:/home/user/.m2/repository/org/springframework/spring-tx/5.1.3.RELEASE/spring-tx-5.1.3.RELEASE.jar:/home/user/.m2/repository/org/apache/hadoop/hadoop-ozone-client/0.5.0-SNAPSHOT/hadoop-ozone-client-0.5.0-SNAPSHOT.jar:/home/user/.m2/repository/commons-lang/commons-lang/2.6/commons-lang-2.6.jar:/home/user/.m2/repository/org/apache/hadoop/hadoop-ozone-ozone-manager/0.5.0-SNAPSHOT/hadoop-ozone-ozone-manager-0.5.0-SNAPSHOT-tests.jar:/home/user/.m2/repository/junit/junit/4.11/junit-4.11.jar:/home/user/.m2/repository/org/hamcrest/hamcrest-core/1.3/hamcrest-core-1.3.jar:/home/user/.m2/repository/org/openjdk/jmh/jmh-core/1.19/jmh-core-1.19.jar:/home/user/.m2/repository/net/sf/jopt-simple/jopt-simple/4.6/jopt-simple-4.6.jar:/home/user/.m2/repository/org/apache/commons/commons-math3/3.1.1/commons-math3-3.1.1.jar:/home/user/.m2/repository/org/openjdk/jmh/jmh-generator-annprocess/1.19/jmh-generator-annprocess-1.19.jar:/home/user/.m2/repository/org/mockito/mockito-all/1.8.5/mockito-all-1.8.5.jar:/home/user/.m2/repository/org/apache/hadoop/hadoop-kms/3.2.0/hadoop-kms-3.2.0.jar:/home/user/.m2/repository/org/apache/hadoop/hadoop-auth/3.2.0/hadoop-auth-3.2.0.jar:/home/user/.m2/repository/com/nimbusds/nimbus-jose-jwt/4.41.1/nimbus-jose-jwt-4.41.1.jar:/home/user/.m2/repository/com/github/stephenc/jcip/jcip-annotations/1.0-1/jcip-annotations-1.0-1.jar:/home/user/.m2/repository/net/minidev/json-smart/2.3/json-smart-2.3.jar:/home/user/.m2/repository/net/minidev/accessors-smart/1.2/accessors-smart-1.2.jar:/home/user/.m2/repository/org/ow2/asm/asm/5.0.4/asm-5.0.4.jar:/home/user/.m2/repository/org/apache/curator/curator-framework/2.12.0/curator-framework-2.12.0.jar:/home/user/.m2/repository/com/sun/jersey/jersey-core/1.19/jersey-core-1.19.jar:/home/user/.m2/repository/javax/ws/rs/jsr311-api/1.1.1/jsr311-api-1.1.1.jar:/home/user/.m2/repository/com/sun/jersey/jersey-server/1.19/jersey-server-1.19.jar:/home/user/.m2/repository/javax/servlet/javax.servlet-api/3.1.0/javax.servlet-api-3.1.0.jar:/home/user/.m2/repository/org/eclipse/jetty/jetty-server/9.3.25.v20180904/jetty-server-9.3.25.v20180904.jar:/home/user/.m2/repository/org/eclipse/jetty/jetty-http/9.3.25.v20180904/jetty-http-9.3.25.v20180904.jar:/home/user/.m2/repository/org/eclipse/jetty/jetty-io/9.3.25.v20180904/jetty-io-9.3.25.v20180904.jar:/home/user/.m2/repository/org/eclipse/jetty/jetty-webapp/9.3.25.v20180904/jetty-webapp-9.3.25.v20180904.jar:/home/user/.m2/repository/org/eclipse/jetty/jetty-xml/9.3.25.v20180904/jetty-xml-9.3.25.v20180904.jar:/home/user/.m2/repository/log4j/log4j/1.2.17/log4j-1.2.17.jar:/home/user/.m2/repository/org/slf4j/slf4j-api/1.7.25/slf4j-api-1.7.25.jar:/home/user/.m2/repository/org/slf4j/jul-to-slf4j/1.7.25/jul-to-slf4j-1.7.25.jar:/home/user/.m2/repository/org/eclipse/jetty/jetty-util/9.3.25.v20180904/jetty-util-9.3.25.v20180904.jar:/home/user/.m2/repository/com/fasterxml/jackson/core/jackson-databind/2.9.9/jackson-databind-2.9.9.jar:/home/user/.m2/repository/org/apache/hadoop/hadoop-kms/3.2.0/hadoop-kms-3.2.0-tests.jar:/home/user/.m2/repository/org/apache/hadoop/hadoop-hdds-server-scm/0.5.0-SNAPSHOT/hadoop-hdds-server-scm-0.5.0-SNAPSHOT-tests.jar:/home/user/.m2/repository/org/apache/hadoop/hadoop-hdds-container-service/0.5.0-SNAPSHOT/hadoop-hdds-container-service-0.5.0-SNAPSHOT-tests.jar:/home/user/.m2/repository/org/yaml/snakeyaml/1.16/snakeyaml-1.16.jar:/home/user/.m2/repository/org/apache/hadoop/hadoop-common/3.2.0/hadoop-common-3.2.0-tests.jar:/home/user/.m2/repository/org/apache/hadoop/hadoop-annotations/3.2.0/hadoop-annotations-3.2.0.jar:/usr/lib/jvm/java-1.8.0-openjdk-1.8.0.222.b10-1.el7_7.x86_64/jre/../lib/tools.jar:/home/user/.m2/repository/commons-cli/commons-cli/1.2/commons-cli-1.2.jar:/home/user/.m2/repository/org/apache/httpcomponents/httpclient/4.5.2/httpclient-4.5.2.jar:/home/user/.m2/repository/org/apache/httpcomponents/httpcore/4.4.4/httpcore-4.4.4.jar:/home/user/.m2/repository/commons-codec/commons-codec/1.11/commons-codec-1.11.jar:/home/user/.m2/repository/commons-net/commons-net/3.6/commons-net-3.6.jar:/home/user/.m2/repository/commons-collections/commons-collections/3.2.2/commons-collections-3.2.2.jar:/home/user/.m2/repository/org/eclipse/jetty/jetty-servlet/9.3.25.v20180904/jetty-servlet-9.3.25.v20180904.jar:/home/user/.m2/repository/org/eclipse/jetty/jetty-security/9.3.25.v20180904/jetty-security-9.3.25.v20180904.jar:/home/user/.m2/repository/javax/servlet/jsp/jsp-api/2.1/jsp-api-2.1.jar:/home/user/.m2/repository/com/sun/jersey/jersey-servlet/1.19/jersey-servlet-1.19.jar:/home/user/.m2/repository/com/sun/jersey/jersey-json/1.19/jersey-json-1.19.jar:/home/user/.m2/repository/org/codehaus/jettison/jettison/1.1/jettison-1.1.jar:/home/user/.m2/repository/org/codehaus/jackson/jackson-core-asl/1.9.13/jackson-core-asl-1.9.13.jar:/home/user/.m2/repository/org/codehaus/jackson/jackson-mapper-asl/1.9.13/jackson-mapper-asl-1.9.13.jar:/home/user/.m2/repository/org/codehaus/jackson/jackson-jaxrs/1.9.13/jackson-jaxrs-1.9.13.jar:/home/user/.m2/repository/org/codehaus/jackson/jackson-xc/1.9.13/jackson-xc-1.9.13.jar:/home/user/.m2/repository/commons-logging/commons-logging/1.1.3/commons-logging-1.1.3.jar:/home/user/.m2/repository/commons-beanutils/commons-beanutils/1.9.4/commons-beanutils-1.9.4.jar:/home/user/.m2/repository/org/apache/commons/commons-configuration2/2.1.1/commons-configuration2-2.1.1.jar:/home/user/.m2/repository/org/apache/commons/commons-lang3/3.7/commons-lang3-3.7.jar:/home/user/.m2/repository/org/apache/commons/commons-text/1.4/commons-text-1.4.jar:/home/user/.m2/repository/org/apache/avro/avro/1.7.7/avro-1.7.7.jar:/home/user/.m2/repository/com/thoughtworks/paranamer/paranamer/2.3/paranamer-2.3.jar:/home/user/.m2/repository/org/xerial/snappy/snappy-java/1.0.5/snappy-java-1.0.5.jar:/home/user/.m2/repository/com/google/re2j/re2j/1.1/re2j-1.1.jar:/home/user/.m2/repository/com/google/code/gson/gson/2.2.4/gson-2.2.4.jar:/home/user/.m2/repository/com/jcraft/jsch/0.1.54/jsch-0.1.54.jar:/home/user/.m2/repository/org/apache/curator/curator-client/2.12.0/curator-client-2.12.0.jar:/home/user/.m2/repository/org/apache/curator/curator-recipes/2.12.0/curator-recipes-2.12.0.jar:/home/user/.m2/repository/com/google/code/findbugs/jsr305/3.0.0/jsr305-3.0.0.jar:/home/user/.m2/repository/org/apache/htrace/htrace-core4/4.1.0-incubating/htrace-core4-4.1.0-incubating.jar:/home/user/.m2/repository/org/apache/zookeeper/zookeeper/3.4.13/zookeeper-3.4.13.jar:/home/user/.m2/repository/jline/jline/0.9.94/jline-0.9.94.jar:/home/user/.m2/repository/org/apache/yetus/audience-annotations/0.5.0/audience-annotations-0.5.0.jar:/home/user/.m2/repository/org/codehaus/woodstox/stax2-api/3.1.4/stax2-api-3.1.4.jar:/home/user/.m2/repository/com/fasterxml/woodstox/woodstox-core/5.0.3/woodstox-core-5.0.3.jar:/home/user/.m2/repository/dnsjava/dnsjava/2.1.7/dnsjava-2.1.7.jar:/home/user/.m2/repository/org/apache/hadoop/hadoop-hdfs/3.2.0/hadoop-hdfs-3.2.0-tests.jar:/home/user/.m2/repository/org/eclipse/jetty/jetty-util-ajax/9.3.25.v20180904/jetty-util-ajax-9.3.25.v20180904.jar:/home/user/.m2/repository/commons-daemon/commons-daemon/1.0.13/commons-daemon-1.0.13.jar:/home/user/.m2/repository/io/netty/netty/3.10.5.Final/netty-3.10.5.Final.jar:/home/user/.m2/repository/io/netty/netty-all/4.0.52.Final/netty-all-4.0.52.Final.jar:/home/user/.m2/repository/org/fusesource/leveldbjni/leveldbjni-all/1.8/leveldbjni-all-1.8.jar:"/>
    <property name="java.vm.vendor" value="Oracle Corporation"/>
    <property name="sun.arch.data.model" value="64"/>
    <property name="test.build.dir" value="/workdir/hadoop-ozone/integration-test/target/test-dir"/>
    <property name="test.cache.data" value=""/>
    <property name="java.vendor.url" value="http://java.oracle.com/"/>
    <property name="user.timezone" value=""/>
    <property name="java.vm.specification.version" value="1.8"/>
    <property name="os.name" value="Linux"/>
    <property name="test.build.data" value="/workdir/hadoop-ozone/integration-test/target/test-dir"/>
    <property name="user.country" value="US"/>
    <property name="sun.java.launcher" value="SUN_STANDARD"/>
    <property name="sun.boot.library.path" value="/usr/lib/jvm/java-1.8.0-openjdk-1.8.0.222.b10-1.el7_7.x86_64/jre/lib/amd64"/>
    <property name="sun.java.command" value="/workdir/hadoop-ozone/integration-test/target/surefire/surefirebooter4031667157211333615.jar /workdir/hadoop-ozone/integration-test/target/surefire 2019-10-25T18-24-23_724-jvmRun1 surefire5017636045933081094tmp surefire_311050915488232945269tmp"/>
    <property name="surefire.test.class.path" value="/workdir/hadoop-ozone/integration-test/target/test-classes:/workdir/hadoop-ozone/integration-test/target/classes:/home/user/.m2/repository/org/apache/hadoop/hadoop-ozone-common/0.5.0-SNAPSHOT/hadoop-ozone-common-0.5.0-SNAPSHOT.jar:/home/user/.m2/repository/org/apache/commons/commons-compress/1.4.1/commons-compress-1.4.1.jar:/home/user/.m2/repository/org/tukaani/xz/1.0/xz-1.0.jar:/home/user/.m2/repository/org/apache/hadoop/hadoop-common/3.2.0/hadoop-common-3.2.0.jar:/home/user/.m2/repository/org/apache/hadoop/hadoop-hdfs/3.2.0/hadoop-hdfs-3.2.0.jar:/home/user/.m2/repository/org/apache/hadoop/hadoop-hdfs-client/3.2.0/hadoop-hdfs-client-3.2.0.jar:/home/user/.m2/repository/com/fasterxml/jackson/core/jackson-annotations/2.9.9/jackson-annotations-2.9.9.jar:/home/user/.m2/repository/org/apache/hadoop/hadoop-hdds-common/0.5.0-SNAPSHOT/hadoop-hdds-common-0.5.0-SNAPSHOT.jar:/home/user/.m2/repository/javax/annotation/javax.annotation-api/1.2/javax.annotation-api-1.2.jar:/home/user/.m2/repository/org/apache/ratis/ratis-server/0.5.0-ced7dbf-SNAPSHOT/ratis-server-0.5.0-ced7dbf-SNAPSHOT.jar:/home/user/.m2/repository/org/apache/ratis/ratis-thirdparty-misc/0.2.0/ratis-thirdparty-misc-0.2.0.jar:/home/user/.m2/repository/org/apache/ratis/ratis-proto/0.5.0-ced7dbf-SNAPSHOT/ratis-proto-0.5.0-ced7dbf-SNAPSHOT.jar:/home/user/.m2/repository/org/apache/ratis/ratis-common/0.5.0-ced7dbf-SNAPSHOT/ratis-common-0.5.0-ced7dbf-SNAPSHOT.jar:/home/user/.m2/repository/org/apache/ratis/ratis-client/0.5.0-ced7dbf-SNAPSHOT/ratis-client-0.5.0-ced7dbf-SNAPSHOT.jar:/home/user/.m2/repository/org/apache/ratis/ratis-metrics/0.5.0-ced7dbf-SNAPSHOT/ratis-metrics-0.5.0-ced7dbf-SNAPSHOT.jar:/home/user/.m2/repository/org/apache/ratis/ratis-netty/0.5.0-ced7dbf-SNAPSHOT/ratis-netty-0.5.0-ced7dbf-SNAPSHOT.jar:/home/user/.m2/repository/org/apache/ratis/ratis-grpc/0.5.0-ced7dbf-SNAPSHOT/ratis-grpc-0.5.0-ced7dbf-SNAPSHOT.jar:/home/user/.m2/repository/org/rocksdb/rocksdbjni/6.0.1/rocksdbjni-6.0.1.jar:/home/user/.m2/repository/org/apache/logging/log4j/log4j-api/2.11.0/log4j-api-2.11.0.jar:/home/user/.m2/repository/org/apache/logging/log4j/log4j-core/2.11.0/log4j-core-2.11.0.jar:/home/user/.m2/repository/com/lmax/disruptor/3.4.2/disruptor-3.4.2.jar:/home/user/.m2/repository/org/apache/commons/commons-pool2/2.6.0/commons-pool2-2.6.0.jar:/home/user/.m2/repository/org/bouncycastle/bcpkix-jdk15on/1.60/bcpkix-jdk15on-1.60.jar:/home/user/.m2/repository/commons-validator/commons-validator/1.6/commons-validator-1.6.jar:/home/user/.m2/repository/commons-digester/commons-digester/1.8.1/commons-digester-1.8.1.jar:/home/user/.m2/repository/io/jaegertracing/jaeger-client/0.34.0/jaeger-client-0.34.0.jar:/home/user/.m2/repository/io/jaegertracing/jaeger-thrift/0.34.0/jaeger-thrift-0.34.0.jar:/home/user/.m2/repository/org/apache/thrift/libthrift/0.12.0/libthrift-0.12.0.jar:/home/user/.m2/repository/com/squareup/okhttp3/okhttp/3.9.0/okhttp-3.9.0.jar:/home/user/.m2/repository/com/squareup/okio/okio/1.13.0/okio-1.13.0.jar:/home/user/.m2/repository/io/jaegertracing/jaeger-core/0.34.0/jaeger-core-0.34.0.jar:/home/user/.m2/repository/io/jaegertracing/jaeger-tracerresolver/0.34.0/jaeger-tracerresolver-0.34.0.jar:/home/user/.m2/repository/io/opentracing/contrib/opentracing-tracerresolver/0.1.5/opentracing-tracerresolver-0.1.5.jar:/home/user/.m2/repository/io/opentracing/opentracing-util/0.31.0/opentracing-util-0.31.0.jar:/home/user/.m2/repository/io/opentracing/opentracing-api/0.31.0/opentracing-api-0.31.0.jar:/home/user/.m2/repository/io/opentracing/opentracing-noop/0.31.0/opentracing-noop-0.31.0.jar:/home/user/.m2/repository/org/apache/hadoop/hadoop-hdds-server-framework/0.5.0-SNAPSHOT/hadoop-hdds-server-framework-0.5.0-SNAPSHOT.jar:/home/user/.m2/repository/org/apache/hadoop/hadoop-hdds-container-service/0.5.0-SNAPSHOT/hadoop-hdds-container-service-0.5.0-SNAPSHOT.jar:/home/user/.m2/repository/org/apache/hadoop/hadoop-hdds-client/0.5.0-SNAPSHOT/hadoop-hdds-client-0.5.0-SNAPSHOT.jar:/home/user/.m2/repository/org/apache/hadoop/hadoop-hdds-tools/0.5.0-SNAPSHOT/hadoop-hdds-tools-0.5.0-SNAPSHOT.jar:/home/user/.m2/repository/org/apache/hadoop/hadoop-hdds-server-scm/0.5.0-SNAPSHOT/hadoop-hdds-server-scm-0.5.0-SNAPSHOT.jar:/home/user/.m2/repository/org/apache/hadoop/hadoop-hdds-docs/0.5.0-SNAPSHOT/hadoop-hdds-docs-0.5.0-SNAPSHOT.jar:/home/user/.m2/repository/io/dropwizard/metrics/metrics-core/3.2.4/metrics-core-3.2.4.jar:/home/user/.m2/repository/org/hamcrest/hamcrest-all/1.3/hamcrest-all-1.3.jar:/home/user/.m2/repository/org/bouncycastle/bcprov-jdk15on/1.60/bcprov-jdk15on-1.60.jar:/home/user/.m2/repository/info/picocli/picocli/3.9.6/picocli-3.9.6.jar:/home/user/.m2/repository/com/google/protobuf/protobuf-java/2.5.0/protobuf-java-2.5.0.jar:/home/user/.m2/repository/com/google/guava/guava/11.0.2/guava-11.0.2.jar:/home/user/.m2/repository/org/apache/hadoop/hadoop-ozone-ozone-manager/0.5.0-SNAPSHOT/hadoop-ozone-ozone-manager-0.5.0-SNAPSHOT.jar:/home/user/.m2/repository/org/apache/hadoop/hadoop-minikdc/3.2.0/hadoop-minikdc-3.2.0.jar:/home/user/.m2/repository/commons-io/commons-io/2.5/commons-io-2.5.jar:/home/user/.m2/repository/org/apache/kerby/kerb-simplekdc/1.0.1/kerb-simplekdc-1.0.1.jar:/home/user/.m2/repository/org/apache/kerby/kerb-client/1.0.1/kerb-client-1.0.1.jar:/home/user/.m2/repository/org/apache/kerby/kerby-config/1.0.1/kerby-config-1.0.1.jar:/home/user/.m2/repository/org/apache/kerby/kerb-core/1.0.1/kerb-core-1.0.1.jar:/home/user/.m2/repository/org/apache/kerby/kerby-pkix/1.0.1/kerby-pkix-1.0.1.jar:/home/user/.m2/repository/org/apache/kerby/kerby-asn1/1.0.1/kerby-asn1-1.0.1.jar:/home/user/.m2/repository/org/apache/kerby/kerby-util/1.0.1/kerby-util-1.0.1.jar:/home/user/.m2/repository/org/apache/kerby/kerb-common/1.0.1/kerb-common-1.0.1.jar:/home/user/.m2/repository/org/apache/kerby/kerb-crypto/1.0.1/kerb-crypto-1.0.1.jar:/home/user/.m2/repository/org/apache/kerby/kerb-util/1.0.1/kerb-util-1.0.1.jar:/home/user/.m2/repository/org/apache/kerby/token-provider/1.0.1/token-provider-1.0.1.jar:/home/user/.m2/repository/org/apache/kerby/kerb-admin/1.0.1/kerb-admin-1.0.1.jar:/home/user/.m2/repository/org/apache/kerby/kerb-server/1.0.1/kerb-server-1.0.1.jar:/home/user/.m2/repository/org/apache/kerby/kerb-identity/1.0.1/kerb-identity-1.0.1.jar:/home/user/.m2/repository/org/apache/kerby/kerby-xdr/1.0.1/kerby-xdr-1.0.1.jar:/home/user/.m2/repository/org/slf4j/slf4j-log4j12/1.7.25/slf4j-log4j12-1.7.25.jar:/home/user/.m2/repository/org/apache/hadoop/hadoop-ozone-s3gateway/0.5.0-SNAPSHOT/hadoop-ozone-s3gateway-0.5.0-SNAPSHOT.jar:/home/user/.m2/repository/org/jboss/weld/servlet/weld-servlet/2.4.7.Final/weld-servlet-2.4.7.Final.jar:/home/user/.m2/repository/org/glassfish/jersey/containers/jersey-container-servlet-core/2.27/jersey-container-servlet-core-2.27.jar:/home/user/.m2/repository/org/glassfish/hk2/external/javax.inject/2.5.0-b42/javax.inject-2.5.0-b42.jar:/home/user/.m2/repository/org/glassfish/jersey/core/jersey-common/2.27/jersey-common-2.27.jar:/home/user/.m2/repository/org/glassfish/hk2/osgi-resource-locator/1.0.1/osgi-resource-locator-1.0.1.jar:/home/user/.m2/repository/javax/ws/rs/javax.ws.rs-api/2.1/javax.ws.rs-api-2.1.jar:/home/user/.m2/repository/org/glassfish/jersey/ext/cdi/jersey-cdi1x/2.27/jersey-cdi1x-2.27.jar:/home/user/.m2/repository/org/glassfish/jersey/inject/jersey-hk2/2.27/jersey-hk2-2.27.jar:/home/user/.m2/repository/org/glassfish/hk2/hk2-locator/2.5.0-b42/hk2-locator-2.5.0-b42.jar:/home/user/.m2/repository/org/javassist/javassist/3.22.0-CR2/javassist-3.22.0-CR2.jar:/home/user/.m2/repository/org/glassfish/hk2/hk2-api/2.5.0/hk2-api-2.5.0.jar:/home/user/.m2/repository/org/glassfish/hk2/external/jakarta.inject/2.5.0/jakarta.inject-2.5.0.jar:/home/user/.m2/repository/org/glassfish/hk2/hk2-utils/2.5.0/hk2-utils-2.5.0.jar:/home/user/.m2/repository/jakarta/annotation/jakarta.annotation-api/1.3.4/jakarta.annotation-api-1.3.4.jar:/home/user/.m2/repository/org/glassfish/hk2/external/aopalliance-repackaged/2.5.0/aopalliance-repackaged-2.5.0.jar:/home/user/.m2/repository/com/fasterxml/jackson/dataformat/jackson-dataformat-xml/2.9.0/jackson-dataformat-xml-2.9.0.jar:/home/user/.m2/repository/com/fasterxml/jackson/core/jackson-core/2.9.9/jackson-core-2.9.9.jar:/home/user/.m2/repository/com/fasterxml/jackson/module/jackson-module-jaxb-annotations/2.9.9/jackson-module-jaxb-annotations-2.9.9.jar:/home/user/.m2/repository/javax/enterprise/cdi-api/1.2/cdi-api-1.2.jar:/home/user/.m2/repository/javax/el/javax.el-api/3.0.0/javax.el-api-3.0.0.jar:/home/user/.m2/repository/javax/interceptor/javax.interceptor-api/1.2/javax.interceptor-api-1.2.jar:/home/user/.m2/repository/javax/inject/javax.inject/1/javax.inject-1.jar:/home/user/.m2/repository/com/sun/xml/bind/jaxb-impl/2.3.0.1/jaxb-impl-2.3.0.1.jar:/home/user/.m2/repository/com/sun/xml/bind/jaxb-core/2.3.0.1/jaxb-core-2.3.0.1.jar:/home/user/.m2/repository/javax/xml/bind/jaxb-api/2.3.0/jaxb-api-2.3.0.jar:/home/user/.m2/repository/javax/activation/activation/1.1.1/activation-1.1.1.jar:/home/user/.m2/repository/org/apache/hadoop/hadoop-ozone-csi/0.5.0-SNAPSHOT/hadoop-ozone-csi-0.5.0-SNAPSHOT.jar:/home/user/.m2/repository/com/google/protobuf/protobuf-java-util/3.5.1/protobuf-java-util-3.5.1.jar:/home/user/.m2/repository/org/apache/hadoop/hadoop-hdds-config/0.5.0-SNAPSHOT/hadoop-hdds-config-0.5.0-SNAPSHOT.jar:/home/user/.m2/repository/io/grpc/grpc-netty/1.17.1/grpc-netty-1.17.1.jar:/home/user/.m2/repository/io/grpc/grpc-core/1.17.1/grpc-core-1.17.1.jar:/home/user/.m2/repository/io/grpc/grpc-context/1.17.1/grpc-context-1.17.1.jar:/home/user/.m2/repository/com/google/errorprone/error_prone_annotations/2.2.0/error_prone_annotations-2.2.0.jar:/home/user/.m2/repository/org/codehaus/mojo/animal-sniffer-annotations/1.17/animal-sniffer-annotations-1.17.jar:/home/user/.m2/repository/io/opencensus/opencensus-api/0.17.0/opencensus-api-0.17.0.jar:/home/user/.m2/repository/io/opencensus/opencensus-contrib-grpc-metrics/0.17.0/opencensus-contrib-grpc-metrics-0.17.0.jar:/home/user/.m2/repository/io/netty/netty-codec-http2/4.1.30.Final/netty-codec-http2-4.1.30.Final.jar:/home/user/.m2/repository/io/netty/netty-codec-http/4.1.30.Final/netty-codec-http-4.1.30.Final.jar:/home/user/.m2/repository/io/netty/netty-codec/4.1.30.Final/netty-codec-4.1.30.Final.jar:/home/user/.m2/repository/io/netty/netty-handler/4.1.30.Final/netty-handler-4.1.30.Final.jar:/home/user/.m2/repository/io/netty/netty-handler-proxy/4.1.30.Final/netty-handler-proxy-4.1.30.Final.jar:/home/user/.m2/repository/io/netty/netty-codec-socks/4.1.30.Final/netty-codec-socks-4.1.30.Final.jar:/home/user/.m2/repository/io/netty/netty-transport-native-epoll/4.1.30.Final/netty-transport-native-epoll-4.1.30.Final.jar:/home/user/.m2/repository/io/netty/netty-common/4.1.30.Final/netty-common-4.1.30.Final.jar:/home/user/.m2/repository/io/netty/netty-buffer/4.1.30.Final/netty-buffer-4.1.30.Final.jar:/home/user/.m2/repository/io/netty/netty-transport/4.1.30.Final/netty-transport-4.1.30.Final.jar:/home/user/.m2/repository/io/netty/netty-resolver/4.1.30.Final/netty-resolver-4.1.30.Final.jar:/home/user/.m2/repository/io/netty/netty-transport-native-unix-common/4.1.30.Final/netty-transport-native-unix-common-4.1.30.Final.jar:/home/user/.m2/repository/io/grpc/grpc-protobuf/1.17.1/grpc-protobuf-1.17.1.jar:/home/user/.m2/repository/com/google/api/grpc/proto-google-common-protos/1.0.0/proto-google-common-protos-1.0.0.jar:/home/user/.m2/repository/io/grpc/grpc-protobuf-lite/1.17.1/grpc-protobuf-lite-1.17.1.jar:/home/user/.m2/repository/io/grpc/grpc-stub/1.17.1/grpc-stub-1.17.1.jar:/home/user/.m2/repository/org/apache/hadoop/hadoop-ozone-recon/0.5.0-SNAPSHOT/hadoop-ozone-recon-0.5.0-SNAPSHOT.jar:/home/user/.m2/repository/org/apache/hadoop/hadoop-ozone-reconcodegen/0.5.0-SNAPSHOT/hadoop-ozone-reconcodegen-0.5.0-SNAPSHOT.jar:/home/user/.m2/repository/com/google/inject/extensions/guice-multibindings/4.0/guice-multibindings-4.0.jar:/home/user/.m2/repository/com/google/inject/guice/4.0/guice-4.0.jar:/home/user/.m2/repository/aopalliance/aopalliance/1.0/aopalliance-1.0.jar:/home/user/.m2/repository/com/google/inject/extensions/guice-servlet/4.0/guice-servlet-4.0.jar:/home/user/.m2/repository/org/glassfish/jersey/containers/jersey-container-servlet/2.27/jersey-container-servlet-2.27.jar:/home/user/.m2/repository/org/glassfish/hk2/guice-bridge/2.5.0/guice-bridge-2.5.0.jar:/home/user/.m2/repository/org/glassfish/jersey/core/jersey-server/2.27/jersey-server-2.27.jar:/home/user/.m2/repository/org/glassfish/jersey/core/jersey-client/2.27/jersey-client-2.27.jar:/home/user/.m2/repository/org/glassfish/jersey/media/jersey-media-jaxb/2.27/jersey-media-jaxb-2.27.jar:/home/user/.m2/repository/javax/validation/validation-api/1.1.0.Final/validation-api-1.1.0.Final.jar:/home/user/.m2/repository/org/glassfish/jersey/media/jersey-media-json-jackson/2.27/jersey-media-json-jackson-2.27.jar:/home/user/.m2/repository/org/glassfish/jersey/ext/jersey-entity-filtering/2.27/jersey-entity-filtering-2.27.jar:/home/user/.m2/repository/com/google/inject/extensions/guice-assistedinject/4.0/guice-assistedinject-4.0.jar:/home/user/.m2/repository/org/jooq/jooq/3.11.10/jooq-3.11.10.jar:/home/user/.m2/repository/org/jooq/jooq-meta/3.11.10/jooq-meta-3.11.10.jar:/home/user/.m2/repository/org/jooq/jooq-codegen/3.11.10/jooq-codegen-3.11.10.jar:/home/user/.m2/repository/com/jolbox/bonecp/0.8.0.RELEASE/bonecp-0.8.0.RELEASE.jar:/home/user/.m2/repository/org/xerial/sqlite-jdbc/3.25.2/sqlite-jdbc-3.25.2.jar:/home/user/.m2/repository/org/springframework/spring-jdbc/5.1.3.RELEASE/spring-jdbc-5.1.3.RELEASE.jar:/home/user/.m2/repository/org/springframework/spring-beans/5.1.3.RELEASE/spring-beans-5.1.3.RELEASE.jar:/home/user/.m2/repository/org/springframework/spring-core/5.1.3.RELEASE/spring-core-5.1.3.RELEASE.jar:/home/user/.m2/repository/org/springframework/spring-jcl/5.1.3.RELEASE/spring-jcl-5.1.3.RELEASE.jar:/home/user/.m2/repository/org/springframework/spring-tx/5.1.3.RELEASE/spring-tx-5.1.3.RELEASE.jar:/home/user/.m2/repository/org/apache/hadoop/hadoop-ozone-client/0.5.0-SNAPSHOT/hadoop-ozone-client-0.5.0-SNAPSHOT.jar:/home/user/.m2/repository/commons-lang/commons-lang/2.6/commons-lang-2.6.jar:/home/user/.m2/repository/org/apache/hadoop/hadoop-ozone-ozone-manager/0.5.0-SNAPSHOT/hadoop-ozone-ozone-manager-0.5.0-SNAPSHOT-tests.jar:/home/user/.m2/repository/junit/junit/4.11/junit-4.11.jar:/home/user/.m2/repository/org/hamcrest/hamcrest-core/1.3/hamcrest-core-1.3.jar:/home/user/.m2/repository/org/openjdk/jmh/jmh-core/1.19/jmh-core-1.19.jar:/home/user/.m2/repository/net/sf/jopt-simple/jopt-simple/4.6/jopt-simple-4.6.jar:/home/user/.m2/repository/org/apache/commons/commons-math3/3.1.1/commons-math3-3.1.1.jar:/home/user/.m2/repository/org/openjdk/jmh/jmh-generator-annprocess/1.19/jmh-generator-annprocess-1.19.jar:/home/user/.m2/repository/org/mockito/mockito-all/1.8.5/mockito-all-1.8.5.jar:/home/user/.m2/repository/org/apache/hadoop/hadoop-kms/3.2.0/hadoop-kms-3.2.0.jar:/home/user/.m2/repository/org/apache/hadoop/hadoop-auth/3.2.0/hadoop-auth-3.2.0.jar:/home/user/.m2/repository/com/nimbusds/nimbus-jose-jwt/4.41.1/nimbus-jose-jwt-4.41.1.jar:/home/user/.m2/repository/com/github/stephenc/jcip/jcip-annotations/1.0-1/jcip-annotations-1.0-1.jar:/home/user/.m2/repository/net/minidev/json-smart/2.3/json-smart-2.3.jar:/home/user/.m2/repository/net/minidev/accessors-smart/1.2/accessors-smart-1.2.jar:/home/user/.m2/repository/org/ow2/asm/asm/5.0.4/asm-5.0.4.jar:/home/user/.m2/repository/org/apache/curator/curator-framework/2.12.0/curator-framework-2.12.0.jar:/home/user/.m2/repository/com/sun/jersey/jersey-core/1.19/jersey-core-1.19.jar:/home/user/.m2/repository/javax/ws/rs/jsr311-api/1.1.1/jsr311-api-1.1.1.jar:/home/user/.m2/repository/com/sun/jersey/jersey-server/1.19/jersey-server-1.19.jar:/home/user/.m2/repository/javax/servlet/javax.servlet-api/3.1.0/javax.servlet-api-3.1.0.jar:/home/user/.m2/repository/org/eclipse/jetty/jetty-server/9.3.25.v20180904/jetty-server-9.3.25.v20180904.jar:/home/user/.m2/repository/org/eclipse/jetty/jetty-http/9.3.25.v20180904/jetty-http-9.3.25.v20180904.jar:/home/user/.m2/repository/org/eclipse/jetty/jetty-io/9.3.25.v20180904/jetty-io-9.3.25.v20180904.jar:/home/user/.m2/repository/org/eclipse/jetty/jetty-webapp/9.3.25.v20180904/jetty-webapp-9.3.25.v20180904.jar:/home/user/.m2/repository/org/eclipse/jetty/jetty-xml/9.3.25.v20180904/jetty-xml-9.3.25.v20180904.jar:/home/user/.m2/repository/log4j/log4j/1.2.17/log4j-1.2.17.jar:/home/user/.m2/repository/org/slf4j/slf4j-api/1.7.25/slf4j-api-1.7.25.jar:/home/user/.m2/repository/org/slf4j/jul-to-slf4j/1.7.25/jul-to-slf4j-1.7.25.jar:/home/user/.m2/repository/org/eclipse/jetty/jetty-util/9.3.25.v20180904/jetty-util-9.3.25.v20180904.jar:/home/user/.m2/repository/com/fasterxml/jackson/core/jackson-databind/2.9.9/jackson-databind-2.9.9.jar:/home/user/.m2/repository/org/apache/hadoop/hadoop-kms/3.2.0/hadoop-kms-3.2.0-tests.jar:/home/user/.m2/repository/org/apache/hadoop/hadoop-hdds-server-scm/0.5.0-SNAPSHOT/hadoop-hdds-server-scm-0.5.0-SNAPSHOT-tests.jar:/home/user/.m2/repository/org/apache/hadoop/hadoop-hdds-container-service/0.5.0-SNAPSHOT/hadoop-hdds-container-service-0.5.0-SNAPSHOT-tests.jar:/home/user/.m2/repository/org/yaml/snakeyaml/1.16/snakeyaml-1.16.jar:/home/user/.m2/repository/org/apache/hadoop/hadoop-common/3.2.0/hadoop-common-3.2.0-tests.jar:/home/user/.m2/repository/org/apache/hadoop/hadoop-annotations/3.2.0/hadoop-annotations-3.2.0.jar:/usr/lib/jvm/java-1.8.0-openjdk-1.8.0.222.b10-1.el7_7.x86_64/jre/../lib/tools.jar:/home/user/.m2/repository/commons-cli/commons-cli/1.2/commons-cli-1.2.jar:/home/user/.m2/repository/org/apache/httpcomponents/httpclient/4.5.2/httpclient-4.5.2.jar:/home/user/.m2/repository/org/apache/httpcomponents/httpcore/4.4.4/httpcore-4.4.4.jar:/home/user/.m2/repository/commons-codec/commons-codec/1.11/commons-codec-1.11.jar:/home/user/.m2/repository/commons-net/commons-net/3.6/commons-net-3.6.jar:/home/user/.m2/repository/commons-collections/commons-collections/3.2.2/commons-collections-3.2.2.jar:/home/user/.m2/repository/org/eclipse/jetty/jetty-servlet/9.3.25.v20180904/jetty-servlet-9.3.25.v20180904.jar:/home/user/.m2/repository/org/eclipse/jetty/jetty-security/9.3.25.v20180904/jetty-security-9.3.25.v20180904.jar:/home/user/.m2/repository/javax/servlet/jsp/jsp-api/2.1/jsp-api-2.1.jar:/home/user/.m2/repository/com/sun/jersey/jersey-servlet/1.19/jersey-servlet-1.19.jar:/home/user/.m2/repository/com/sun/jersey/jersey-json/1.19/jersey-json-1.19.jar:/home/user/.m2/repository/org/codehaus/jettison/jettison/1.1/jettison-1.1.jar:/home/user/.m2/repository/org/codehaus/jackson/jackson-core-asl/1.9.13/jackson-core-asl-1.9.13.jar:/home/user/.m2/repository/org/codehaus/jackson/jackson-mapper-asl/1.9.13/jackson-mapper-asl-1.9.13.jar:/home/user/.m2/repository/org/codehaus/jackson/jackson-jaxrs/1.9.13/jackson-jaxrs-1.9.13.jar:/home/user/.m2/repository/org/codehaus/jackson/jackson-xc/1.9.13/jackson-xc-1.9.13.jar:/home/user/.m2/repository/commons-logging/commons-logging/1.1.3/commons-logging-1.1.3.jar:/home/user/.m2/repository/commons-beanutils/commons-beanutils/1.9.4/commons-beanutils-1.9.4.jar:/home/user/.m2/repository/org/apache/commons/commons-configuration2/2.1.1/commons-configuration2-2.1.1.jar:/home/user/.m2/repository/org/apache/commons/commons-lang3/3.7/commons-lang3-3.7.jar:/home/user/.m2/repository/org/apache/commons/commons-text/1.4/commons-text-1.4.jar:/home/user/.m2/repository/org/apache/avro/avro/1.7.7/avro-1.7.7.jar:/home/user/.m2/repository/com/thoughtworks/paranamer/paranamer/2.3/paranamer-2.3.jar:/home/user/.m2/repository/org/xerial/snappy/snappy-java/1.0.5/snappy-java-1.0.5.jar:/home/user/.m2/repository/com/google/re2j/re2j/1.1/re2j-1.1.jar:/home/user/.m2/repository/com/google/code/gson/gson/2.2.4/gson-2.2.4.jar:/home/user/.m2/repository/com/jcraft/jsch/0.1.54/jsch-0.1.54.jar:/home/user/.m2/repository/org/apache/curator/curator-client/2.12.0/curator-client-2.12.0.jar:/home/user/.m2/repository/org/apache/curator/curator-recipes/2.12.0/curator-recipes-2.12.0.jar:/home/user/.m2/repository/com/google/code/findbugs/jsr305/3.0.0/jsr305-3.0.0.jar:/home/user/.m2/repository/org/apache/htrace/htrace-core4/4.1.0-incubating/htrace-core4-4.1.0-incubating.jar:/home/user/.m2/repository/org/apache/zookeeper/zookeeper/3.4.13/zookeeper-3.4.13.jar:/home/user/.m2/repository/jline/jline/0.9.94/jline-0.9.94.jar:/home/user/.m2/repository/org/apache/yetus/audience-annotations/0.5.0/audience-annotations-0.5.0.jar:/home/user/.m2/repository/org/codehaus/woodstox/stax2-api/3.1.4/stax2-api-3.1.4.jar:/home/user/.m2/repository/com/fasterxml/woodstox/woodstox-core/5.0.3/woodstox-core-5.0.3.jar:/home/user/.m2/repository/dnsjava/dnsjava/2.1.7/dnsjava-2.1.7.jar:/home/user/.m2/repository/org/apache/hadoop/hadoop-hdfs/3.2.0/hadoop-hdfs-3.2.0-tests.jar:/home/user/.m2/repository/org/eclipse/jetty/jetty-util-ajax/9.3.25.v20180904/jetty-util-ajax-9.3.25.v20180904.jar:/home/user/.m2/repository/commons-daemon/commons-daemon/1.0.13/commons-daemon-1.0.13.jar:/home/user/.m2/repository/io/netty/netty/3.10.5.Final/netty-3.10.5.Final.jar:/home/user/.m2/repository/io/netty/netty-all/4.0.52.Final/netty-all-4.0.52.Final.jar:/home/user/.m2/repository/org/fusesource/leveldbjni/leveldbjni-all/1.8/leveldbjni-all-1.8.jar:"/>
    <property name="sun.cpu.endian" value="little"/>
    <property name="user.home" value="/home/user"/>
    <property name="user.language" value="en"/>
    <property name="java.specification.vendor" value="Oracle Corporation"/>
    <property name="java.home" value="/usr/lib/jvm/java-1.8.0-openjdk-1.8.0.222.b10-1.el7_7.x86_64/jre"/>
    <property name="surefire.excludesFile" value="/tools/ozone-bad-unit-tests"/>
    <property name="java.security.krb5.conf" value="/workdir/hadoop-ozone/integration-test/target/test-classes/krb5.conf"/>
    <property name="basedir" value="/workdir/hadoop-ozone/integration-test"/>
    <property name="file.separator" value="/"/>
    <property name="line.separator" value="&#10;"/>
    <property name="java.vm.specification.vendor" value="Oracle Corporation"/>
    <property name="java.specification.name" value="Java Platform API Specification"/>
    <property name="java.awt.graphicsenv" value="sun.awt.X11GraphicsEnvironment"/>
    <property name="surefire.real.class.path" value="/workdir/hadoop-ozone/integration-test/target/surefire/surefirebooter4031667157211333615.jar"/>
    <property name="hadoop.log.dir" value="/workdir/hadoop-ozone/integration-test/target/log"/>
    <property name="sun.boot.class.path" value="/usr/lib/jvm/java-1.8.0-openjdk-1.8.0.222.b10-1.el7_7.x86_64/jre/lib/resources.jar:/usr/lib/jvm/java-1.8.0-openjdk-1.8.0.222.b10-1.el7_7.x86_64/jre/lib/rt.jar:/usr/lib/jvm/java-1.8.0-openjdk-1.8.0.222.b10-1.el7_7.x86_64/jre/lib/sunrsasign.jar:/usr/lib/jvm/java-1.8.0-openjdk-1.8.0.222.b10-1.el7_7.x86_64/jre/lib/jsse.jar:/usr/lib/jvm/java-1.8.0-openjdk-1.8.0.222.b10-1.el7_7.x86_64/jre/lib/jce.jar:/usr/lib/jvm/java-1.8.0-openjdk-1.8.0.222.b10-1.el7_7.x86_64/jre/lib/charsets.jar:/usr/lib/jvm/java-1.8.0-openjdk-1.8.0.222.b10-1.el7_7.x86_64/jre/lib/jfr.jar:/usr/lib/jvm/java-1.8.0-openjdk-1.8.0.222.b10-1.el7_7.x86_64/jre/classes"/>
    <property name="sun.management.compiler" value="HotSpot 64-Bit Tiered Compilers"/>
    <property name="java.runtime.version" value="1.8.0_222-b10"/>
    <property name="java.net.preferIPv4Stack" value="true"/>
    <property name="user.name" value="jenkins1000"/>
    <property name="path.separator" value=":"/>
    <property name="java.security.egd" value="file:///dev/urandom"/>
    <property name="os.version" value="3.10.0-957.12.2.el7.x86_64"/>
    <property name="java.endorsed.dirs" value="/usr/lib/jvm/java-1.8.0-openjdk-1.8.0.222.b10-1.el7_7.x86_64/jre/lib/endorsed"/>
    <property name="java.runtime.name" value="OpenJDK Runtime Environment"/>
    <property name="file.encoding" value="ANSI_X3.4-1968"/>
    <property name="java.vm.name" value="OpenJDK 64-Bit Server VM"/>
    <property name="test.build.webapps" value=""/>
    <property name="localRepository" value="/home/user/.m2/repository"/>
    <property name="java.vendor.url.bug" value="http://bugreport.sun.com/bugreport/"/>
    <property name="java.io.tmpdir" value="/tmp"/>
    <property name="require.test.libhadoop" value=""/>
    <property name="java.version" value="1.8.0_222"/>
    <property name="user.dir" value="/workdir/hadoop-ozone/integration-test"/>
    <property name="os.arch" value="amd64"/>
    <property name="java.vm.specification.name" value="Java Virtual Machine Specification"/>
    <property name="test.build.classes" value="/workdir/hadoop-ozone/integration-test/target/test-classes"/>
    <property name="java.awt.printerjob" value="sun.print.PSPrinterJob"/>
    <property name="sun.os.patch.level" value="unknown"/>
    <property name="hadoop.tmp.dir" value="/workdir/hadoop-ozone/integration-test/target/tmp"/>
    <property name="java.library.path" value="/usr/lib:/workdir/hadoop-ozone/integration-test/target/native/target/usr/local/lib:/workdir/hadoop-ozone/integration-test/../../hadoop-common-project/hadoop-common/target/native/target/usr/local/lib:/usr/java/packages/lib/amd64:/usr/lib64:/lib64:/lib:/usr/lib"/>
    <property name="java.vm.info" value="mixed mode"/>
    <property name="java.vendor" value="Oracle Corporation"/>
    <property name="java.vm.version" value="25.222-b10"/>
    <property name="java.ext.dirs" value="/usr/lib/jvm/java-1.8.0-openjdk-1.8.0.222.b10-1.el7_7.x86_64/jre/lib/ext:/usr/java/packages/lib/ext"/>
    <property name="sun.io.unicode.encoding" value="UnicodeLittle"/>
    <property name="java.class.version" value="52.0"/>
  </properties>
  <testcase name="testDeleteKeyWithSlowFollower" classname="org.apache.hadoop.ozone.client.rpc.TestDeleteWithSlowFollower" time="126.968">
    <failure type="java.lang.AssertionError">java.lang.AssertionError
	at org.junit.Assert.fail(Assert.java:86)
	at org.junit.Assert.assertTrue(Assert.java:41)
	at org.junit.Assert.assertTrue(Assert.java:52)
	at org.apache.hadoop.ozone.client.rpc.TestDeleteWithSlowFollower.testDeleteKeyWithSlowFollower(TestDeleteWithSlowFollower.java:265)
	at sun.reflect.NativeMethodAccessorImpl.invoke0(Native Method)
	at sun.reflect.NativeMethodAccessorImpl.invoke(NativeMethodAccessorImpl.java:62)
	at sun.reflect.DelegatingMethodAccessorImpl.invoke(DelegatingMethodAccessorImpl.java:43)
	at java.lang.reflect.Method.invoke(Method.java:498)
	at org.junit.runners.model.FrameworkMethod$1.runReflectiveCall(FrameworkMethod.java:47)
	at org.junit.internal.runners.model.ReflectiveCallable.run(ReflectiveCallable.java:12)
	at org.junit.runners.model.FrameworkMethod.invokeExplosively(FrameworkMethod.java:44)
	at org.junit.internal.runners.statements.InvokeMethod.evaluate(InvokeMethod.java:17)
	at org.junit.runners.ParentRunner.runLeaf(ParentRunner.java:271)
	at org.junit.runners.BlockJUnit4ClassRunner.runChild(BlockJUnit4ClassRunner.java:70)
	at org.junit.runners.BlockJUnit4ClassRunner.runChild(BlockJUnit4ClassRunner.java:50)
	at org.junit.runners.ParentRunner$3.run(ParentRunner.java:238)
	at org.junit.runners.ParentRunner$1.schedule(ParentRunner.java:63)
	at org.junit.runners.ParentRunner.runChildren(ParentRunner.java:236)
	at org.junit.runners.ParentRunner.access$000(ParentRunner.java:53)
	at org.junit.runners.ParentRunner$2.evaluate(ParentRunner.java:229)
	at org.junit.internal.runners.statements.RunBefores.evaluate(RunBefores.java:26)
	at org.junit.internal.runners.statements.RunAfters.evaluate(RunAfters.java:27)
	at org.junit.runners.ParentRunner.run(ParentRunner.java:309)
	at org.apache.maven.surefire.junit4.JUnit4Provider.execute(JUnit4Provider.java:365)
	at org.apache.maven.surefire.junit4.JUnit4Provider.executeWithRerun(JUnit4Provider.java:273)
	at org.apache.maven.surefire.junit4.JUnit4Provider.executeTestSet(JUnit4Provider.java:238)
	at org.apache.maven.surefire.junit4.JUnit4Provider.invoke(JUnit4Provider.java:159)
	at org.apache.maven.surefire.booter.ForkedBooter.invokeProviderInSameClassLoader(ForkedBooter.java:384)
	at org.apache.maven.surefire.booter.ForkedBooter.runSuitesInProcess(ForkedBooter.java:345)
	at org.apache.maven.surefire.booter.ForkedBooter.execute(ForkedBooter.java:126)
	at org.apache.maven.surefire.booter.ForkedBooter.main(ForkedBooter.java:418)
</failure>
    <system-out><![CDATA[2019-10-25 18:45:51,869 [main] WARN  server.ServerUtils (ServerUtils.java:getScmDbDir(145)) - ozone.scm.db.dirs is not configured. We recommend adding this setting. Falling back to ozone.metadata.dirs instead.
2019-10-25 18:45:51,959 [main] WARN  server.ServerUtils (ServerUtils.java:getScmDbDir(145)) - ozone.scm.db.dirs is not configured. We recommend adding this setting. Falling back to ozone.metadata.dirs instead.
2019-10-25 18:45:51,962 [main] WARN  server.ServerUtils (ServerUtils.java:getScmDbDir(145)) - ozone.scm.db.dirs is not configured. We recommend adding this setting. Falling back to ozone.metadata.dirs instead.
2019-10-25 18:45:51,985 [main] INFO  util.log (Log.java:initialized(192)) - Logging initialized @702ms
2019-10-25 18:45:52,067 [main] INFO  db.DBStoreBuilder (DBStoreBuilder.java:addTable(127)) - using custom profile for table: deletedBlocks
2019-10-25 18:45:52,068 [main] INFO  db.DBStoreBuilder (DBStoreBuilder.java:processTables(183)) - Using default column profile:DBProfile.DISK for Table:deletedBlocks
2019-10-25 18:45:52,068 [main] INFO  db.DBStoreBuilder (DBStoreBuilder.java:addTable(127)) - using custom profile for table: validCerts
2019-10-25 18:45:52,068 [main] INFO  db.DBStoreBuilder (DBStoreBuilder.java:processTables(183)) - Using default column profile:DBProfile.DISK for Table:validCerts
2019-10-25 18:45:52,068 [main] INFO  db.DBStoreBuilder (DBStoreBuilder.java:addTable(127)) - using custom profile for table: revokedCerts
2019-10-25 18:45:52,068 [main] INFO  db.DBStoreBuilder (DBStoreBuilder.java:processTables(183)) - Using default column profile:DBProfile.DISK for Table:revokedCerts
2019-10-25 18:45:52,079 [main] INFO  db.DBStoreBuilder (DBStoreBuilder.java:addTable(127)) - using custom profile for table: default
2019-10-25 18:45:52,079 [main] INFO  db.DBStoreBuilder (DBStoreBuilder.java:processTables(189)) - Using default column profile:DBProfile.DISK for Table:default
2019-10-25 18:45:52,080 [main] INFO  db.DBStoreBuilder (DBStoreBuilder.java:getDbProfile(220)) - Using default options. DBProfile.DISK
2019-10-25 18:45:52,321 [main] INFO  net.NodeSchemaLoader (NodeSchemaLoader.java:loadSchemaFromFile(125)) - Loading file from sun.misc.CompoundEnumeration@78691363
2019-10-25 18:45:52,323 [main] INFO  net.NodeSchemaLoader (NodeSchemaLoader.java:loadSchema(171)) - Loading network topology layer schema file
2019-10-25 18:45:52,397 [main] WARN  server.ServerUtils (ServerUtils.java:sanitizeUserArgs(70)) - ozone.scm.stale.node.interval value = 1000000 is larger than max = 100000 based on the key value of ozone.scm.heartbeat.thread.interval, reset to the max value 100000.
2019-10-25 18:45:52,399 [main] WARN  server.ServerUtils (ServerUtils.java:sanitizeUserArgs(70)) - ozone.scm.stale.node.interval value = 1000000 is larger than max = 100000 based on the key value of ozone.scm.heartbeat.thread.interval, reset to the max value 100000.
2019-10-25 18:45:52,401 [main] INFO  node.SCMNodeManager (SCMNodeManager.java:<init>(117)) - Entering startup safe mode.
2019-10-25 18:45:52,463 [main] INFO  algorithms.ContainerPlacementPolicyFactory (ContainerPlacementPolicyFactory.java:getPolicy(57)) - Create container placement policy of type org.apache.hadoop.hdds.scm.container.placement.algorithms.SCMContainerPlacementRandom
2019-10-25 18:45:52,477 [main] WARN  server.ServerUtils (ServerUtils.java:getScmDbDir(145)) - ozone.scm.db.dirs is not configured. We recommend adding this setting. Falling back to ozone.metadata.dirs instead.
2019-10-25 18:45:52,864 [main] INFO  pipeline.SCMPipelineManager (SCMPipelineManager.java:initializePipelineState(132)) - No pipeline exists in current db
2019-10-25 18:45:52,868 [main] WARN  server.ServerUtils (ServerUtils.java:getScmDbDir(145)) - ozone.scm.db.dirs is not configured. We recommend adding this setting. Falling back to ozone.metadata.dirs instead.
2019-10-25 18:45:53,002 [main] WARN  events.EventQueue (EventQueue.java:fireEvent(183)) - No event handler registered for event TypedEvent{payloadType=SafeModeStatus, name='SafeModeStatus'}
2019-10-25 18:45:53,357 [main] INFO  ipc.CallQueueManager (CallQueueManager.java:<init>(84)) - Using callQueue: class java.util.concurrent.LinkedBlockingQueue, queueCapacity: 2000, scheduler: class org.apache.hadoop.ipc.DefaultRpcScheduler, ipcBackoff: false.
2019-10-25 18:45:53,489 [Socket Reader #1 for port 41954] INFO  ipc.Server (Server.java:run(1074)) - Starting Socket Reader #1 for port 41954
2019-10-25 18:45:53,520 [main] INFO  ipc.CallQueueManager (CallQueueManager.java:<init>(84)) - Using callQueue: class java.util.concurrent.LinkedBlockingQueue, queueCapacity: 2000, scheduler: class org.apache.hadoop.ipc.DefaultRpcScheduler, ipcBackoff: false.
2019-10-25 18:45:53,521 [Socket Reader #1 for port 40832] INFO  ipc.Server (Server.java:run(1074)) - Starting Socket Reader #1 for port 40832
2019-10-25 18:45:53,531 [main] INFO  ipc.CallQueueManager (CallQueueManager.java:<init>(84)) - Using callQueue: class java.util.concurrent.LinkedBlockingQueue, queueCapacity: 2000, scheduler: class org.apache.hadoop.ipc.DefaultRpcScheduler, ipcBackoff: false.
2019-10-25 18:45:53,532 [Socket Reader #1 for port 34235] INFO  ipc.Server (Server.java:run(1074)) - Starting Socket Reader #1 for port 34235
2019-10-25 18:45:53,555 [main] INFO  hdfs.DFSUtil (DFSUtil.java:httpServerTemplateForNNAndJN(1641)) - Starting Web-server for scm at: http://0.0.0.0:0
2019-10-25 18:45:53,693 [main] INFO  server.AuthenticationFilter (AuthenticationFilter.java:constructSecretProvider(240)) - Unable to initialize FileSignerSecretProvider, falling back to use random secrets.
2019-10-25 18:45:53,701 [main] WARN  http.HttpRequestLog (HttpRequestLog.java:getRequestLog(97)) - Jetty request log can only be enabled using Log4j
2019-10-25 18:45:53,710 [main] INFO  http.HttpServer2 (HttpServer2.java:addGlobalFilter(975)) - Added global filter 'safety' (class=org.apache.hadoop.http.HttpServer2$QuotingInputFilter)
2019-10-25 18:45:53,714 [main] INFO  http.HttpServer2 (HttpServer2.java:addFilter(948)) - Added filter static_user_filter (class=org.apache.hadoop.http.lib.StaticUserWebFilter$StaticUserFilter) to context scm
2019-10-25 18:45:53,714 [main] INFO  http.HttpServer2 (HttpServer2.java:addFilter(958)) - Added filter static_user_filter (class=org.apache.hadoop.http.lib.StaticUserWebFilter$StaticUserFilter) to context logs
2019-10-25 18:45:53,715 [main] INFO  http.HttpServer2 (HttpServer2.java:addFilter(958)) - Added filter static_user_filter (class=org.apache.hadoop.http.lib.StaticUserWebFilter$StaticUserFilter) to context static
2019-10-25 18:45:53,752 [main] INFO  server.StorageContainerManager (StorageContainerManager.java:start(782)) - StorageContainerLocationProtocol RPC server is listening at /0.0.0.0:34235
2019-10-25 18:45:53,834 [main] WARN  impl.MetricsConfig (MetricsConfig.java:loadFirst(134)) - Cannot locate configuration: tried hadoop-metrics2-storagecontainermanager.properties,hadoop-metrics2.properties
2019-10-25 18:45:53,854 [main] INFO  impl.MetricsSystemImpl (MetricsSystemImpl.java:startTimer(374)) - Scheduled Metric snapshot period at 10 second(s).
2019-10-25 18:45:53,855 [main] INFO  impl.MetricsSystemImpl (MetricsSystemImpl.java:start(191)) - StorageContainerManager metrics system started
2019-10-25 18:45:54,118 [main] INFO  server.SCMClientProtocolServer (SCMClientProtocolServer.java:start(159)) - RPC server for Client  is listening at /0.0.0.0:34235
2019-10-25 18:45:54,119 [IPC Server Responder] INFO  ipc.Server (Server.java:run(1314)) - IPC Server Responder: starting
2019-10-25 18:45:54,119 [IPC Server listener on 34235] INFO  ipc.Server (Server.java:run(1153)) - IPC Server listener on 34235: starting
2019-10-25 18:45:54,121 [main] INFO  server.StorageContainerManager (StorageContainerManager.java:start(792)) - ScmBlockLocationProtocol RPC server is listening at /0.0.0.0:40832
2019-10-25 18:45:54,122 [main] INFO  server.SCMBlockProtocolServer (SCMBlockProtocolServer.java:start(146)) - RPC server for Block Protocol is listening at /0.0.0.0:40832
2019-10-25 18:45:54,123 [IPC Server Responder] INFO  ipc.Server (Server.java:run(1314)) - IPC Server Responder: starting
2019-10-25 18:45:54,123 [IPC Server listener on 40832] INFO  ipc.Server (Server.java:run(1153)) - IPC Server listener on 40832: starting
2019-10-25 18:45:54,125 [main] INFO  server.StorageContainerManager (StorageContainerManager.java:start(796)) - ScmDatanodeProtocl RPC server is listening at /0.0.0.0:41954
2019-10-25 18:45:54,125 [main] INFO  server.SCMDatanodeProtocolServer (SCMDatanodeProtocolServer.java:start(169)) - RPC server for DataNodes is listening at /0.0.0.0:41954
2019-10-25 18:45:54,126 [IPC Server Responder] INFO  ipc.Server (Server.java:run(1314)) - IPC Server Responder: starting
2019-10-25 18:45:54,126 [IPC Server listener on 41954] INFO  ipc.Server (Server.java:run(1153)) - IPC Server listener on 41954: starting
2019-10-25 18:45:54,129 [main] INFO  http.HttpServer2 (HttpServer2.java:bindListener(1191)) - Jetty bound to port 42949
2019-10-25 18:45:54,131 [main] INFO  server.Server (Server.java:doStart(351)) - jetty-9.3.25.v20180904, build timestamp: 2018-09-04T21:11:46Z, git hash: 3ce520221d0240229c862b122d2b06c12a625732
2019-10-25 18:45:54,167 [main] INFO  handler.ContextHandler (ContextHandler.java:doStart(781)) - Started o.e.j.s.ServletContextHandler@340da44c{/logs,file:///workdir/hadoop-ozone/integration-test/target/log,AVAILABLE}
2019-10-25 18:45:54,168 [main] INFO  handler.ContextHandler (ContextHandler.java:doStart(781)) - Started o.e.j.s.ServletContextHandler@37052337{/static,file:///workdir/hadoop-ozone/integration-test/target/test-classes/webapps/static,AVAILABLE}
2019-10-25 18:45:54,200 [main] INFO  handler.ContextHandler (ContextHandler.java:doStart(781)) - Started o.e.j.w.WebAppContext@7689ddef{/,file:///workdir/hadoop-ozone/integration-test/target/test-classes/webapps/scm/,AVAILABLE}{/scm}
2019-10-25 18:45:54,206 [main] INFO  server.AbstractConnector (AbstractConnector.java:doStart(278)) - Started ServerConnector@62d363ab{HTTP/1.1,[http/1.1]}{0.0.0.0:42949}
2019-10-25 18:45:54,206 [main] INFO  server.Server (Server.java:doStart(419)) - Started @2924ms
2019-10-25 18:45:54,208 [main] INFO  impl.MetricsSinkAdapter (MetricsSinkAdapter.java:start(204)) - Sink prometheus started
2019-10-25 18:45:54,208 [main] INFO  impl.MetricsSystemImpl (MetricsSystemImpl.java:registerSink(301)) - Registered sink prometheus
2019-10-25 18:45:54,210 [main] INFO  server.BaseHttpServer (BaseHttpServer.java:updateConnectorAddress(215)) - HTTP server of SCM is listening at http://0.0.0.0:42949
2019-10-25 18:45:54,217 [org.apache.hadoop.util.JvmPauseMonitor$Monitor@cc6460c] INFO  util.JvmPauseMonitor (JvmPauseMonitor.java:run(188)) - Starting JVM pause monitor
2019-10-25 18:45:54,224 [main] WARN  server.ServerUtils (ServerUtils.java:getDBPath(222)) - ozone.om.db.dirs is not configured. We recommend adding this setting. Falling back to ozone.metadata.dirs instead.
2019-10-25 18:45:54,360 [main] INFO  ha.OMHANodeDetails (OMHANodeDetails.java:loadOMHAConfig(190)) - Configuration either no ozone.om.address set. Falling back to the default OM address /127.0.0.1:0
2019-10-25 18:45:54,361 [main] INFO  ha.OMHANodeDetails (OMHANodeDetails.java:getOMNodeDetails(220)) - OM Service ID is not set. Setting it to the default ID: omServiceIdDefault
2019-10-25 18:45:54,364 [main] WARN  server.ServerUtils (ServerUtils.java:getDBPath(222)) - ozone.om.db.dirs is not configured. We recommend adding this setting. Falling back to ozone.metadata.dirs instead.
2019-10-25 18:45:54,365 [main] WARN  server.ServerUtils (ServerUtils.java:getDBPath(222)) - ozone.om.db.dirs is not configured. We recommend adding this setting. Falling back to ozone.metadata.dirs instead.
2019-10-25 18:45:55,007 [main] WARN  server.ServerUtils (ServerUtils.java:getDBPath(222)) - ozone.om.db.dirs is not configured. We recommend adding this setting. Falling back to ozone.metadata.dirs instead.
2019-10-25 18:45:55,015 [main] INFO  db.DBStoreBuilder (DBStoreBuilder.java:addTable(127)) - using custom profile for table: userTable
2019-10-25 18:45:55,015 [main] INFO  db.DBStoreBuilder (DBStoreBuilder.java:processTables(183)) - Using default column profile:DBProfile.DISK for Table:userTable
2019-10-25 18:45:55,016 [main] INFO  db.DBStoreBuilder (DBStoreBuilder.java:addTable(127)) - using custom profile for table: volumeTable
2019-10-25 18:45:55,016 [main] INFO  db.DBStoreBuilder (DBStoreBuilder.java:processTables(183)) - Using default column profile:DBProfile.DISK for Table:volumeTable
2019-10-25 18:45:55,016 [main] INFO  db.DBStoreBuilder (DBStoreBuilder.java:addTable(127)) - using custom profile for table: bucketTable
2019-10-25 18:45:55,016 [main] INFO  db.DBStoreBuilder (DBStoreBuilder.java:processTables(183)) - Using default column profile:DBProfile.DISK for Table:bucketTable
2019-10-25 18:45:55,017 [main] INFO  db.DBStoreBuilder (DBStoreBuilder.java:addTable(127)) - using custom profile for table: keyTable
2019-10-25 18:45:55,017 [main] INFO  db.DBStoreBuilder (DBStoreBuilder.java:processTables(183)) - Using default column profile:DBProfile.DISK for Table:keyTable
2019-10-25 18:45:55,017 [main] INFO  db.DBStoreBuilder (DBStoreBuilder.java:addTable(127)) - using custom profile for table: deletedTable
2019-10-25 18:45:55,017 [main] INFO  db.DBStoreBuilder (DBStoreBuilder.java:processTables(183)) - Using default column profile:DBProfile.DISK for Table:deletedTable
2019-10-25 18:45:55,018 [main] INFO  db.DBStoreBuilder (DBStoreBuilder.java:addTable(127)) - using custom profile for table: openKeyTable
2019-10-25 18:45:55,018 [main] INFO  db.DBStoreBuilder (DBStoreBuilder.java:processTables(183)) - Using default column profile:DBProfile.DISK for Table:openKeyTable
2019-10-25 18:45:55,018 [main] INFO  db.DBStoreBuilder (DBStoreBuilder.java:addTable(127)) - using custom profile for table: s3Table
2019-10-25 18:45:55,018 [main] INFO  db.DBStoreBuilder (DBStoreBuilder.java:processTables(183)) - Using default column profile:DBProfile.DISK for Table:s3Table
2019-10-25 18:45:55,019 [main] INFO  db.DBStoreBuilder (DBStoreBuilder.java:addTable(127)) - using custom profile for table: multipartInfoTable
2019-10-25 18:45:55,019 [main] INFO  db.DBStoreBuilder (DBStoreBuilder.java:processTables(183)) - Using default column profile:DBProfile.DISK for Table:multipartInfoTable
2019-10-25 18:45:55,019 [main] INFO  db.DBStoreBuilder (DBStoreBuilder.java:addTable(127)) - using custom profile for table: dTokenTable
2019-10-25 18:45:55,019 [main] INFO  db.DBStoreBuilder (DBStoreBuilder.java:processTables(183)) - Using default column profile:DBProfile.DISK for Table:dTokenTable
2019-10-25 18:45:55,020 [main] INFO  db.DBStoreBuilder (DBStoreBuilder.java:addTable(127)) - using custom profile for table: s3SecretTable
2019-10-25 18:45:55,020 [main] INFO  db.DBStoreBuilder (DBStoreBuilder.java:processTables(183)) - Using default column profile:DBProfile.DISK for Table:s3SecretTable
2019-10-25 18:45:55,020 [main] INFO  db.DBStoreBuilder (DBStoreBuilder.java:addTable(127)) - using custom profile for table: prefixTable
2019-10-25 18:45:55,020 [main] INFO  db.DBStoreBuilder (DBStoreBuilder.java:processTables(183)) - Using default column profile:DBProfile.DISK for Table:prefixTable
2019-10-25 18:45:55,021 [main] INFO  db.DBStoreBuilder (DBStoreBuilder.java:addTable(127)) - using custom profile for table: default
2019-10-25 18:45:55,021 [main] INFO  db.DBStoreBuilder (DBStoreBuilder.java:processTables(189)) - Using default column profile:DBProfile.DISK for Table:default
2019-10-25 18:45:55,021 [main] INFO  db.DBStoreBuilder (DBStoreBuilder.java:getDbProfile(220)) - Using default options. DBProfile.DISK
2019-10-25 18:45:55,500 [main] INFO  ipc.CallQueueManager (CallQueueManager.java:<init>(84)) - Using callQueue: class java.util.concurrent.LinkedBlockingQueue, queueCapacity: 2000, scheduler: class org.apache.hadoop.ipc.DefaultRpcScheduler, ipcBackoff: false.
2019-10-25 18:45:55,501 [Socket Reader #1 for port 39637] INFO  ipc.Server (Server.java:run(1074)) - Starting Socket Reader #1 for port 39637
2019-10-25 18:45:55,523 [main] INFO  om.OzoneManager (OzoneManager.java:start(1076)) - OzoneManager RPC server is listening at localhost/127.0.0.1:39637
2019-10-25 18:45:55,523 [main] INFO  impl.MetricsSystemImpl (MetricsSystemImpl.java:init(158)) - OzoneManager metrics system started (again)
2019-10-25 18:45:55,531 [IPC Server Responder] INFO  ipc.Server (Server.java:run(1314)) - IPC Server Responder: starting
2019-10-25 18:45:55,531 [IPC Server listener on 39637] INFO  ipc.Server (Server.java:run(1153)) - IPC Server listener on 39637: starting
2019-10-25 18:45:55,537 [main] INFO  hdfs.DFSUtil (DFSUtil.java:httpServerTemplateForNNAndJN(1641)) - Starting Web-server for ozoneManager at: http://0.0.0.0:0
2019-10-25 18:45:55,539 [main] INFO  server.AuthenticationFilter (AuthenticationFilter.java:constructSecretProvider(240)) - Unable to initialize FileSignerSecretProvider, falling back to use random secrets.
2019-10-25 18:45:55,540 [main] WARN  http.HttpRequestLog (HttpRequestLog.java:getRequestLog(97)) - Jetty request log can only be enabled using Log4j
2019-10-25 18:45:55,543 [main] INFO  http.HttpServer2 (HttpServer2.java:addGlobalFilter(975)) - Added global filter 'safety' (class=org.apache.hadoop.http.HttpServer2$QuotingInputFilter)
2019-10-25 18:45:55,544 [main] INFO  http.HttpServer2 (HttpServer2.java:addFilter(948)) - Added filter static_user_filter (class=org.apache.hadoop.http.lib.StaticUserWebFilter$StaticUserFilter) to context ozoneManager
2019-10-25 18:45:55,544 [main] INFO  http.HttpServer2 (HttpServer2.java:addFilter(958)) - Added filter static_user_filter (class=org.apache.hadoop.http.lib.StaticUserWebFilter$StaticUserFilter) to context static
2019-10-25 18:45:55,545 [main] INFO  http.HttpServer2 (HttpServer2.java:addFilter(958)) - Added filter static_user_filter (class=org.apache.hadoop.http.lib.StaticUserWebFilter$StaticUserFilter) to context logs
2019-10-25 18:45:55,547 [main] INFO  http.HttpServer2 (HttpServer2.java:bindListener(1191)) - Jetty bound to port 42916
2019-10-25 18:45:55,547 [main] INFO  server.Server (Server.java:doStart(351)) - jetty-9.3.25.v20180904, build timestamp: 2018-09-04T21:11:46Z, git hash: 3ce520221d0240229c862b122d2b06c12a625732
2019-10-25 18:45:55,550 [main] INFO  handler.ContextHandler (ContextHandler.java:doStart(781)) - Started o.e.j.s.ServletContextHandler@5aae8eb5{/logs,file:///workdir/hadoop-ozone/integration-test/target/log,AVAILABLE}
2019-10-25 18:45:55,550 [main] INFO  handler.ContextHandler (ContextHandler.java:doStart(781)) - Started o.e.j.s.ServletContextHandler@24a298a6{/static,file:///workdir/hadoop-ozone/integration-test/target/test-classes/webapps/static,AVAILABLE}
2019-10-25 18:45:55,557 [main] INFO  handler.ContextHandler (ContextHandler.java:doStart(781)) - Started o.e.j.w.WebAppContext@5116ac09{/,file:///workdir/hadoop-ozone/integration-test/target/test-classes/webapps/ozoneManager/,AVAILABLE}{/ozoneManager}
2019-10-25 18:45:55,558 [main] INFO  server.AbstractConnector (AbstractConnector.java:doStart(278)) - Started ServerConnector@1bc425e7{HTTP/1.1,[http/1.1]}{0.0.0.0:42916}
2019-10-25 18:45:55,558 [main] INFO  server.Server (Server.java:doStart(419)) - Started @4276ms
2019-10-25 18:45:55,559 [main] WARN  impl.MetricsSystemImpl (MetricsSystemImpl.java:register(276)) - Sink prometheus already exists!
2019-10-25 18:45:55,560 [main] INFO  server.BaseHttpServer (BaseHttpServer.java:updateConnectorAddress(215)) - HTTP server of OZONEMANAGER is listening at http://0.0.0.0:42916
2019-10-25 18:45:55,862 [main] INFO  impl.MetricsSystemImpl (MetricsSystemImpl.java:init(158)) - HddsDatanode metrics system started (again)
2019-10-25 18:45:55,910 [main] INFO  ozone.HddsDatanodeService (HddsDatanodeService.java:start(184)) - HddsDatanodeService host:pr-hdds-2329-pipelines-rmb8m-4073948133 ip:192.168.157.217
2019-10-25 18:45:55,943 [main] INFO  volume.HddsVolume (HddsVolume.java:<init>(176)) - Creating Volume: /workdir/hadoop-ozone/integration-test/target/test-dir/MiniOzoneClusterImpl-1169b08c-7389-4170-95e3-f5079f135e90/datanode-0/data/containers/hdds of  storage type : DISK and capacity : 1482555576320
2019-10-25 18:45:55,945 [main] INFO  volume.VolumeSet (VolumeSet.java:initializeVolumeSet(170)) - Added Volume : /workdir/hadoop-ozone/integration-test/target/test-dir/MiniOzoneClusterImpl-1169b08c-7389-4170-95e3-f5079f135e90/datanode-0/data/containers/hdds to VolumeSet
2019-10-25 18:45:55,948 [main] INFO  volume.ThrottledAsyncChecker (ThrottledAsyncChecker.java:schedule(141)) - Scheduling a check for /workdir/hadoop-ozone/integration-test/target/test-dir/MiniOzoneClusterImpl-1169b08c-7389-4170-95e3-f5079f135e90/datanode-0/data/containers/hdds
2019-10-25 18:45:55,965 [main] INFO  volume.HddsVolumeChecker (HddsVolumeChecker.java:checkAllVolumes(204)) - Scheduled health check for volume /workdir/hadoop-ozone/integration-test/target/test-dir/MiniOzoneClusterImpl-1169b08c-7389-4170-95e3-f5079f135e90/datanode-0/data/containers/hdds
2019-10-25 18:45:56,091 [main] INFO  impl.RaftServerProxy (ConfUtils.java:logGet(43)) - raft.rpc.type = GRPC (default)
2019-10-25 18:45:56,156 [main] INFO  grpc.GrpcFactory (GrpcFactory.java:checkPooledByteBufAllocatorUseCacheForAllThreads(45)) - PERFORMANCE WARNING: useCacheForAllThreads is true that may cause Netty to create a lot garbage objects and, as a result, trigger GC.
	It is recommended to disable useCacheForAllThreads by setting -Dorg.apache.ratis.thirdparty.io.netty.allocator.useCacheForAllThreads=false in command line.
2019-10-25 18:45:56,161 [main] INFO  grpc.GrpcConfigKeys$Server (ConfUtils.java:logGet(43)) - raft.grpc.server.port = 0 (default)
2019-10-25 18:45:56,162 [main] INFO  server.GrpcService (ConfUtils.java:logGet(43)) - raft.grpc.message.size.max = 33570816 (custom)
2019-10-25 18:45:56,163 [main] INFO  server.RaftServerConfigKeys (ConfUtils.java:logGet(43)) - raft.server.log.appender.buffer.byte-limit = 33554432 (custom)
2019-10-25 18:45:56,164 [main] INFO  server.GrpcService (ConfUtils.java:logGet(43)) - raft.grpc.flow.control.window = 1MB (=1048576) (default)
2019-10-25 18:45:56,165 [main] INFO  server.RaftServerConfigKeys (ConfUtils.java:logGet(43)) - raft.server.rpc.request.timeout = 3000ms (default)
2019-10-25 18:45:56,308 [main] INFO  server.RaftServerConfigKeys (ConfUtils.java:logGet(43)) - raft.server.storage.dir = [/workdir/hadoop-ozone/integration-test/target/test-dir/MiniOzoneClusterImpl-1169b08c-7389-4170-95e3-f5079f135e90/datanode-0/data/ratis] (custom)
2019-10-25 18:45:56,364 [main] INFO  hdfs.DFSUtil (DFSUtil.java:httpServerTemplateForNNAndJN(1641)) - Starting Web-server for hddsDatanode at: http://0.0.0.0:0
2019-10-25 18:45:56,366 [main] INFO  server.AuthenticationFilter (AuthenticationFilter.java:constructSecretProvider(240)) - Unable to initialize FileSignerSecretProvider, falling back to use random secrets.
2019-10-25 18:45:56,366 [main] WARN  http.HttpRequestLog (HttpRequestLog.java:getRequestLog(97)) - Jetty request log can only be enabled using Log4j
2019-10-25 18:45:56,368 [main] INFO  http.HttpServer2 (HttpServer2.java:addGlobalFilter(975)) - Added global filter 'safety' (class=org.apache.hadoop.http.HttpServer2$QuotingInputFilter)
2019-10-25 18:45:56,369 [main] INFO  http.HttpServer2 (HttpServer2.java:addFilter(948)) - Added filter static_user_filter (class=org.apache.hadoop.http.lib.StaticUserWebFilter$StaticUserFilter) to context hddsDatanode
2019-10-25 18:45:56,369 [main] INFO  http.HttpServer2 (HttpServer2.java:addFilter(958)) - Added filter static_user_filter (class=org.apache.hadoop.http.lib.StaticUserWebFilter$StaticUserFilter) to context static
2019-10-25 18:45:56,369 [main] INFO  http.HttpServer2 (HttpServer2.java:addFilter(958)) - Added filter static_user_filter (class=org.apache.hadoop.http.lib.StaticUserWebFilter$StaticUserFilter) to context logs
2019-10-25 18:45:56,370 [main] INFO  http.HttpServer2 (HttpServer2.java:bindListener(1191)) - Jetty bound to port 40750
2019-10-25 18:45:56,370 [main] INFO  server.Server (Server.java:doStart(351)) - jetty-9.3.25.v20180904, build timestamp: 2018-09-04T21:11:46Z, git hash: 3ce520221d0240229c862b122d2b06c12a625732
2019-10-25 18:45:56,373 [main] INFO  handler.ContextHandler (ContextHandler.java:doStart(781)) - Started o.e.j.s.ServletContextHandler@2819c460{/logs,file:///workdir/hadoop-ozone/integration-test/target/log,AVAILABLE}
2019-10-25 18:45:56,374 [main] INFO  handler.ContextHandler (ContextHandler.java:doStart(781)) - Started o.e.j.s.ServletContextHandler@38bb9d7a{/static,jar:file:/home/user/.m2/repository/org/apache/hadoop/hadoop-hdds-container-service/0.5.0-SNAPSHOT/hadoop-hdds-container-service-0.5.0-SNAPSHOT.jar!/webapps/static,AVAILABLE}
2019-10-25 18:45:56,428 [main] INFO  handler.ContextHandler (ContextHandler.java:doStart(781)) - Started o.e.j.w.WebAppContext@2f37f1f9{/,file:///tmp/jetty-0.0.0.0-40750-hddsDatanode-_-any-3679067180581857217.dir/webapp/,AVAILABLE}{/hddsDatanode}
2019-10-25 18:45:56,429 [main] INFO  server.AbstractConnector (AbstractConnector.java:doStart(278)) - Started ServerConnector@3374b5bc{HTTP/1.1,[http/1.1]}{0.0.0.0:40750}
2019-10-25 18:45:56,430 [main] INFO  server.Server (Server.java:doStart(419)) - Started @5147ms
2019-10-25 18:45:56,430 [main] WARN  impl.MetricsSystemImpl (MetricsSystemImpl.java:register(276)) - Sink prometheus already exists!
2019-10-25 18:45:56,432 [main] INFO  server.BaseHttpServer (BaseHttpServer.java:updateConnectorAddress(215)) - HTTP server of HDDSDATANODE is listening at http://0.0.0.0:40750
2019-10-25 18:45:56,433 [main] INFO  impl.MetricsSystemImpl (MetricsSystemImpl.java:init(158)) - HddsDatanode metrics system started (again)
2019-10-25 18:45:56,437 [main] INFO  ozone.HddsDatanodeService (HddsDatanodeService.java:start(184)) - HddsDatanodeService host:pr-hdds-2329-pipelines-rmb8m-4073948133 ip:192.168.157.217
2019-10-25 18:45:56,439 [org.apache.hadoop.util.JvmPauseMonitor$Monitor@21079bfd] INFO  util.JvmPauseMonitor (JvmPauseMonitor.java:run(188)) - Starting JVM pause monitor
2019-10-25 18:45:56,448 [main] INFO  volume.HddsVolume (HddsVolume.java:<init>(176)) - Creating Volume: /workdir/hadoop-ozone/integration-test/target/test-dir/MiniOzoneClusterImpl-1169b08c-7389-4170-95e3-f5079f135e90/datanode-1/data/containers/hdds of  storage type : DISK and capacity : 1482555576320
2019-10-25 18:45:56,448 [main] INFO  volume.VolumeSet (VolumeSet.java:initializeVolumeSet(170)) - Added Volume : /workdir/hadoop-ozone/integration-test/target/test-dir/MiniOzoneClusterImpl-1169b08c-7389-4170-95e3-f5079f135e90/datanode-1/data/containers/hdds to VolumeSet
2019-10-25 18:45:56,448 [main] INFO  volume.ThrottledAsyncChecker (ThrottledAsyncChecker.java:schedule(141)) - Scheduling a check for /workdir/hadoop-ozone/integration-test/target/test-dir/MiniOzoneClusterImpl-1169b08c-7389-4170-95e3-f5079f135e90/datanode-1/data/containers/hdds
2019-10-25 18:45:56,449 [main] INFO  volume.HddsVolumeChecker (HddsVolumeChecker.java:checkAllVolumes(204)) - Scheduled health check for volume /workdir/hadoop-ozone/integration-test/target/test-dir/MiniOzoneClusterImpl-1169b08c-7389-4170-95e3-f5079f135e90/datanode-1/data/containers/hdds
2019-10-25 18:45:56,468 [main] INFO  impl.RaftServerProxy (ConfUtils.java:logGet(43)) - raft.rpc.type = GRPC (default)
2019-10-25 18:45:56,469 [main] INFO  grpc.GrpcFactory (GrpcFactory.java:checkPooledByteBufAllocatorUseCacheForAllThreads(45)) - PERFORMANCE WARNING: useCacheForAllThreads is true that may cause Netty to create a lot garbage objects and, as a result, trigger GC.
	It is recommended to disable useCacheForAllThreads by setting -Dorg.apache.ratis.thirdparty.io.netty.allocator.useCacheForAllThreads=false in command line.
2019-10-25 18:45:56,469 [main] INFO  grpc.GrpcConfigKeys$Server (ConfUtils.java:logGet(43)) - raft.grpc.server.port = 0 (default)
2019-10-25 18:45:56,469 [main] INFO  server.GrpcService (ConfUtils.java:logGet(43)) - raft.grpc.message.size.max = 33570816 (custom)
2019-10-25 18:45:56,470 [main] INFO  server.RaftServerConfigKeys (ConfUtils.java:logGet(43)) - raft.server.log.appender.buffer.byte-limit = 33554432 (custom)
2019-10-25 18:45:56,470 [main] INFO  server.GrpcService (ConfUtils.java:logGet(43)) - raft.grpc.flow.control.window = 1MB (=1048576) (default)
2019-10-25 18:45:56,470 [main] INFO  server.RaftServerConfigKeys (ConfUtils.java:logGet(43)) - raft.server.rpc.request.timeout = 3000ms (default)
2019-10-25 18:45:56,471 [main] INFO  server.RaftServerConfigKeys (ConfUtils.java:logGet(43)) - raft.server.storage.dir = [/workdir/hadoop-ozone/integration-test/target/test-dir/MiniOzoneClusterImpl-1169b08c-7389-4170-95e3-f5079f135e90/datanode-1/data/ratis] (custom)
2019-10-25 18:45:56,473 [main] INFO  hdfs.DFSUtil (DFSUtil.java:httpServerTemplateForNNAndJN(1641)) - Starting Web-server for hddsDatanode at: http://0.0.0.0:0
2019-10-25 18:45:56,475 [main] INFO  server.AuthenticationFilter (AuthenticationFilter.java:constructSecretProvider(240)) - Unable to initialize FileSignerSecretProvider, falling back to use random secrets.
2019-10-25 18:45:56,476 [main] WARN  http.HttpRequestLog (HttpRequestLog.java:getRequestLog(97)) - Jetty request log can only be enabled using Log4j
2019-10-25 18:45:56,478 [main] INFO  http.HttpServer2 (HttpServer2.java:addGlobalFilter(975)) - Added global filter 'safety' (class=org.apache.hadoop.http.HttpServer2$QuotingInputFilter)
2019-10-25 18:45:56,479 [main] INFO  http.HttpServer2 (HttpServer2.java:addFilter(948)) - Added filter static_user_filter (class=org.apache.hadoop.http.lib.StaticUserWebFilter$StaticUserFilter) to context hddsDatanode
2019-10-25 18:45:56,479 [main] INFO  http.HttpServer2 (HttpServer2.java:addFilter(958)) - Added filter static_user_filter (class=org.apache.hadoop.http.lib.StaticUserWebFilter$StaticUserFilter) to context logs
2019-10-25 18:45:56,479 [main] INFO  http.HttpServer2 (HttpServer2.java:addFilter(958)) - Added filter static_user_filter (class=org.apache.hadoop.http.lib.StaticUserWebFilter$StaticUserFilter) to context static
2019-10-25 18:45:56,480 [main] INFO  http.HttpServer2 (HttpServer2.java:bindListener(1191)) - Jetty bound to port 36972
2019-10-25 18:45:56,481 [main] INFO  server.Server (Server.java:doStart(351)) - jetty-9.3.25.v20180904, build timestamp: 2018-09-04T21:11:46Z, git hash: 3ce520221d0240229c862b122d2b06c12a625732
2019-10-25 18:45:56,484 [main] INFO  handler.ContextHandler (ContextHandler.java:doStart(781)) - Started o.e.j.s.ServletContextHandler@10a0fe30{/logs,file:///workdir/hadoop-ozone/integration-test/target/log,AVAILABLE}
2019-10-25 18:45:56,485 [main] INFO  handler.ContextHandler (ContextHandler.java:doStart(781)) - Started o.e.j.s.ServletContextHandler@60f70249{/static,jar:file:/home/user/.m2/repository/org/apache/hadoop/hadoop-hdds-container-service/0.5.0-SNAPSHOT/hadoop-hdds-container-service-0.5.0-SNAPSHOT.jar!/webapps/static,AVAILABLE}
2019-10-25 18:45:56,543 [main] INFO  handler.ContextHandler (ContextHandler.java:doStart(781)) - Started o.e.j.w.WebAppContext@26c47874{/,file:///tmp/jetty-0.0.0.0-36972-hddsDatanode-_-any-3359880681869027181.dir/webapp/,AVAILABLE}{/hddsDatanode}
2019-10-25 18:45:56,544 [main] INFO  server.AbstractConnector (AbstractConnector.java:doStart(278)) - Started ServerConnector@421056e5{HTTP/1.1,[http/1.1]}{0.0.0.0:36972}
2019-10-25 18:45:56,544 [main] INFO  server.Server (Server.java:doStart(419)) - Started @5262ms
2019-10-25 18:45:56,544 [main] WARN  impl.MetricsSystemImpl (MetricsSystemImpl.java:register(276)) - Sink prometheus already exists!
2019-10-25 18:45:56,545 [main] INFO  server.BaseHttpServer (BaseHttpServer.java:updateConnectorAddress(215)) - HTTP server of HDDSDATANODE is listening at http://0.0.0.0:36972
2019-10-25 18:45:56,546 [main] INFO  impl.MetricsSystemImpl (MetricsSystemImpl.java:init(158)) - HddsDatanode metrics system started (again)
2019-10-25 18:45:56,548 [org.apache.hadoop.util.JvmPauseMonitor$Monitor@6fdee9c1] INFO  util.JvmPauseMonitor (JvmPauseMonitor.java:run(188)) - Starting JVM pause monitor
2019-10-25 18:45:56,550 [main] INFO  ozone.HddsDatanodeService (HddsDatanodeService.java:start(184)) - HddsDatanodeService host:pr-hdds-2329-pipelines-rmb8m-4073948133 ip:192.168.157.217
2019-10-25 18:45:56,556 [main] INFO  volume.HddsVolume (HddsVolume.java:<init>(176)) - Creating Volume: /workdir/hadoop-ozone/integration-test/target/test-dir/MiniOzoneClusterImpl-1169b08c-7389-4170-95e3-f5079f135e90/datanode-2/data/containers/hdds of  storage type : DISK and capacity : 1482555576320
2019-10-25 18:45:56,557 [main] INFO  volume.VolumeSet (VolumeSet.java:initializeVolumeSet(170)) - Added Volume : /workdir/hadoop-ozone/integration-test/target/test-dir/MiniOzoneClusterImpl-1169b08c-7389-4170-95e3-f5079f135e90/datanode-2/data/containers/hdds to VolumeSet
2019-10-25 18:45:56,557 [main] INFO  volume.ThrottledAsyncChecker (ThrottledAsyncChecker.java:schedule(141)) - Scheduling a check for /workdir/hadoop-ozone/integration-test/target/test-dir/MiniOzoneClusterImpl-1169b08c-7389-4170-95e3-f5079f135e90/datanode-2/data/containers/hdds
2019-10-25 18:45:56,557 [main] INFO  volume.HddsVolumeChecker (HddsVolumeChecker.java:checkAllVolumes(204)) - Scheduled health check for volume /workdir/hadoop-ozone/integration-test/target/test-dir/MiniOzoneClusterImpl-1169b08c-7389-4170-95e3-f5079f135e90/datanode-2/data/containers/hdds
2019-10-25 18:45:56,566 [Datanode State Machine Thread - 0] INFO  datanode.InitDatanodeState (InitDatanodeState.java:persistContainerDatanodeDetails(140)) - DatanodeDetails is persisted to /workdir/hadoop-ozone/integration-test/target/test-dir/MiniOzoneClusterImpl-1169b08c-7389-4170-95e3-f5079f135e90/datanode-0/meta/datanode.id
2019-10-25 18:45:56,569 [Datanode State Machine Thread - 0] INFO  datanode.InitDatanodeState (InitDatanodeState.java:persistContainerDatanodeDetails(140)) - DatanodeDetails is persisted to /workdir/hadoop-ozone/integration-test/target/test-dir/MiniOzoneClusterImpl-1169b08c-7389-4170-95e3-f5079f135e90/datanode-1/meta/datanode.id
2019-10-25 18:45:56,574 [main] INFO  impl.RaftServerProxy (ConfUtils.java:logGet(43)) - raft.rpc.type = GRPC (default)
2019-10-25 18:45:56,574 [main] INFO  grpc.GrpcFactory (GrpcFactory.java:checkPooledByteBufAllocatorUseCacheForAllThreads(45)) - PERFORMANCE WARNING: useCacheForAllThreads is true that may cause Netty to create a lot garbage objects and, as a result, trigger GC.
	It is recommended to disable useCacheForAllThreads by setting -Dorg.apache.ratis.thirdparty.io.netty.allocator.useCacheForAllThreads=false in command line.
2019-10-25 18:45:56,574 [main] INFO  grpc.GrpcConfigKeys$Server (ConfUtils.java:logGet(43)) - raft.grpc.server.port = 0 (default)
2019-10-25 18:45:56,575 [main] INFO  server.GrpcService (ConfUtils.java:logGet(43)) - raft.grpc.message.size.max = 33570816 (custom)
2019-10-25 18:45:56,575 [main] INFO  server.RaftServerConfigKeys (ConfUtils.java:logGet(43)) - raft.server.log.appender.buffer.byte-limit = 33554432 (custom)
2019-10-25 18:45:56,575 [main] INFO  server.GrpcService (ConfUtils.java:logGet(43)) - raft.grpc.flow.control.window = 1MB (=1048576) (default)
2019-10-25 18:45:56,575 [main] INFO  server.RaftServerConfigKeys (ConfUtils.java:logGet(43)) - raft.server.rpc.request.timeout = 3000ms (default)
2019-10-25 18:45:56,576 [main] INFO  server.RaftServerConfigKeys (ConfUtils.java:logGet(43)) - raft.server.storage.dir = [/workdir/hadoop-ozone/integration-test/target/test-dir/MiniOzoneClusterImpl-1169b08c-7389-4170-95e3-f5079f135e90/datanode-2/data/ratis] (custom)
2019-10-25 18:45:56,578 [main] INFO  hdfs.DFSUtil (DFSUtil.java:httpServerTemplateForNNAndJN(1641)) - Starting Web-server for hddsDatanode at: http://0.0.0.0:0
2019-10-25 18:45:56,580 [main] INFO  server.AuthenticationFilter (AuthenticationFilter.java:constructSecretProvider(240)) - Unable to initialize FileSignerSecretProvider, falling back to use random secrets.
2019-10-25 18:45:56,581 [main] WARN  http.HttpRequestLog (HttpRequestLog.java:getRequestLog(97)) - Jetty request log can only be enabled using Log4j
2019-10-25 18:45:56,583 [main] INFO  http.HttpServer2 (HttpServer2.java:addGlobalFilter(975)) - Added global filter 'safety' (class=org.apache.hadoop.http.HttpServer2$QuotingInputFilter)
2019-10-25 18:45:56,584 [main] INFO  http.HttpServer2 (HttpServer2.java:addFilter(948)) - Added filter static_user_filter (class=org.apache.hadoop.http.lib.StaticUserWebFilter$StaticUserFilter) to context hddsDatanode
2019-10-25 18:45:56,584 [main] INFO  http.HttpServer2 (HttpServer2.java:addFilter(958)) - Added filter static_user_filter (class=org.apache.hadoop.http.lib.StaticUserWebFilter$StaticUserFilter) to context static
2019-10-25 18:45:56,584 [main] INFO  http.HttpServer2 (HttpServer2.java:addFilter(958)) - Added filter static_user_filter (class=org.apache.hadoop.http.lib.StaticUserWebFilter$StaticUserFilter) to context logs
2019-10-25 18:45:56,585 [main] INFO  http.HttpServer2 (HttpServer2.java:bindListener(1191)) - Jetty bound to port 41825
2019-10-25 18:45:56,585 [main] INFO  server.Server (Server.java:doStart(351)) - jetty-9.3.25.v20180904, build timestamp: 2018-09-04T21:11:46Z, git hash: 3ce520221d0240229c862b122d2b06c12a625732
2019-10-25 18:45:56,587 [main] INFO  handler.ContextHandler (ContextHandler.java:doStart(781)) - Started o.e.j.s.ServletContextHandler@22a6e998{/logs,file:///workdir/hadoop-ozone/integration-test/target/log,AVAILABLE}
2019-10-25 18:45:56,588 [main] INFO  handler.ContextHandler (ContextHandler.java:doStart(781)) - Started o.e.j.s.ServletContextHandler@e57e5d6{/static,jar:file:/home/user/.m2/repository/org/apache/hadoop/hadoop-hdds-container-service/0.5.0-SNAPSHOT/hadoop-hdds-container-service-0.5.0-SNAPSHOT.jar!/webapps/static,AVAILABLE}
2019-10-25 18:45:56,633 [main] INFO  handler.ContextHandler (ContextHandler.java:doStart(781)) - Started o.e.j.w.WebAppContext@56a4f272{/,file:///tmp/jetty-0.0.0.0-41825-hddsDatanode-_-any-118995955043050197.dir/webapp/,AVAILABLE}{/hddsDatanode}
2019-10-25 18:45:56,635 [main] INFO  server.AbstractConnector (AbstractConnector.java:doStart(278)) - Started ServerConnector@3ee0b4f7{HTTP/1.1,[http/1.1]}{0.0.0.0:41825}
2019-10-25 18:45:56,636 [main] INFO  server.Server (Server.java:doStart(419)) - Started @5353ms
2019-10-25 18:45:56,636 [main] WARN  impl.MetricsSystemImpl (MetricsSystemImpl.java:register(276)) - Sink prometheus already exists!
2019-10-25 18:45:56,637 [main] INFO  server.BaseHttpServer (BaseHttpServer.java:updateConnectorAddress(215)) - HTTP server of HDDSDATANODE is listening at http://0.0.0.0:41825
2019-10-25 18:45:56,639 [main] INFO  ozone.MiniOzoneClusterImpl (MiniOzoneClusterImpl.java:lambda$waitForClusterToBeReady$0(147)) - Waiting for cluster to be ready. Got 0 of 3 DN Heartbeats.
2019-10-25 18:45:56,640 [org.apache.hadoop.util.JvmPauseMonitor$Monitor@2c3a43b2] INFO  util.JvmPauseMonitor (JvmPauseMonitor.java:run(188)) - Starting JVM pause monitor
2019-10-25 18:45:56,643 [Datanode State Machine Thread - 0] INFO  datanode.InitDatanodeState (InitDatanodeState.java:persistContainerDatanodeDetails(140)) - DatanodeDetails is persisted to /workdir/hadoop-ozone/integration-test/target/test-dir/MiniOzoneClusterImpl-1169b08c-7389-4170-95e3-f5079f135e90/datanode-2/meta/datanode.id
2019-10-25 18:45:57,639 [main] INFO  ozone.MiniOzoneClusterImpl (MiniOzoneClusterImpl.java:lambda$waitForClusterToBeReady$0(147)) - Waiting for cluster to be ready. Got 0 of 3 DN Heartbeats.
2019-10-25 18:45:58,512 [Datanode State Machine Thread - 0] INFO  ozoneimpl.OzoneContainer (OzoneContainer.java:start(213)) - Attempting to start container services.
2019-10-25 18:45:58,516 [Datanode State Machine Thread - 0] INFO  ozoneimpl.OzoneContainer (OzoneContainer.java:startContainerScrub(177)) - Background container scanner has been disabled.
2019-10-25 18:45:58,516 [Datanode State Machine Thread - 0] INFO  ratis.XceiverServerRatis (XceiverServerRatis.java:start(418)) - Starting XceiverServerRatis 202d5f49-7963-4b43-9e61-5069c2030fd4 at port 0
2019-10-25 18:45:58,541 [Datanode State Machine Thread - 0] INFO  impl.RaftServerProxy (RaftServerProxy.java:lambda$start$3(299)) - 202d5f49-7963-4b43-9e61-5069c2030fd4: start RPC server
2019-10-25 18:45:58,564 [Datanode State Machine Thread - 0] INFO  ozoneimpl.OzoneContainer (OzoneContainer.java:start(213)) - Attempting to start container services.
2019-10-25 18:45:58,570 [Datanode State Machine Thread - 0] INFO  ozoneimpl.OzoneContainer (OzoneContainer.java:startContainerScrub(177)) - Background container scanner has been disabled.
2019-10-25 18:45:58,571 [Datanode State Machine Thread - 0] INFO  ratis.XceiverServerRatis (XceiverServerRatis.java:start(418)) - Starting XceiverServerRatis b2320d56-a737-47f4-81b1-3e8f0fb16133 at port 0
2019-10-25 18:45:58,580 [Datanode State Machine Thread - 0] INFO  impl.RaftServerProxy (RaftServerProxy.java:lambda$start$3(299)) - b2320d56-a737-47f4-81b1-3e8f0fb16133: start RPC server
2019-10-25 18:45:58,640 [main] INFO  ozone.MiniOzoneClusterImpl (MiniOzoneClusterImpl.java:lambda$waitForClusterToBeReady$0(147)) - Waiting for cluster to be ready. Got 0 of 3 DN Heartbeats.
2019-10-25 18:45:58,648 [Datanode State Machine Thread - 0] INFO  ozoneimpl.OzoneContainer (OzoneContainer.java:start(213)) - Attempting to start container services.
2019-10-25 18:45:58,649 [Datanode State Machine Thread - 0] INFO  ozoneimpl.OzoneContainer (OzoneContainer.java:startContainerScrub(177)) - Background container scanner has been disabled.
2019-10-25 18:45:58,649 [Datanode State Machine Thread - 0] INFO  ratis.XceiverServerRatis (XceiverServerRatis.java:start(418)) - Starting XceiverServerRatis 90a9ce3a-0a5e-4de2-813a-4d04cb4d4ab9 at port 0
2019-10-25 18:45:58,658 [Datanode State Machine Thread - 0] INFO  impl.RaftServerProxy (RaftServerProxy.java:lambda$start$3(299)) - 90a9ce3a-0a5e-4de2-813a-4d04cb4d4ab9: start RPC server
2019-10-25 18:45:58,718 [Datanode State Machine Thread - 0] INFO  server.GrpcService (GrpcService.java:startImpl(158)) - b2320d56-a737-47f4-81b1-3e8f0fb16133: GrpcService started, listening on 0.0.0.0/0.0.0.0:40923
2019-10-25 18:45:58,718 [Datanode State Machine Thread - 0] INFO  server.GrpcService (GrpcService.java:startImpl(158)) - 202d5f49-7963-4b43-9e61-5069c2030fd4: GrpcService started, listening on 0.0.0.0/0.0.0.0:43680
2019-10-25 18:45:58,718 [Datanode State Machine Thread - 0] INFO  server.GrpcService (GrpcService.java:startImpl(158)) - 90a9ce3a-0a5e-4de2-813a-4d04cb4d4ab9: GrpcService started, listening on 0.0.0.0/0.0.0.0:37724
2019-10-25 18:45:58,719 [Datanode State Machine Thread - 0] INFO  ratis.XceiverServerRatis (XceiverServerRatis.java:start(428)) - XceiverServerRatis 202d5f49-7963-4b43-9e61-5069c2030fd4 is started using port 43680
2019-10-25 18:45:58,719 [Datanode State Machine Thread - 0] INFO  ratis.XceiverServerRatis (XceiverServerRatis.java:start(428)) - XceiverServerRatis b2320d56-a737-47f4-81b1-3e8f0fb16133 is started using port 40923
2019-10-25 18:45:58,719 [Datanode State Machine Thread - 0] INFO  ratis.XceiverServerRatis (XceiverServerRatis.java:start(428)) - XceiverServerRatis 90a9ce3a-0a5e-4de2-813a-4d04cb4d4ab9 is started using port 37724
2019-10-25 18:45:58,724 [Datanode State Machine Thread - 0] INFO  server.XceiverServerGrpc (XceiverServerGrpc.java:start(149)) - XceiverServerGrpc 202d5f49-7963-4b43-9e61-5069c2030fd4 is started using port 41803
2019-10-25 18:45:58,724 [Datanode State Machine Thread - 0] INFO  server.XceiverServerGrpc (XceiverServerGrpc.java:start(149)) - XceiverServerGrpc 90a9ce3a-0a5e-4de2-813a-4d04cb4d4ab9 is started using port 32923
2019-10-25 18:45:58,724 [Datanode State Machine Thread - 0] INFO  server.XceiverServerGrpc (XceiverServerGrpc.java:start(149)) - XceiverServerGrpc b2320d56-a737-47f4-81b1-3e8f0fb16133 is started using port 45839
2019-10-25 18:45:59,640 [main] INFO  ozone.MiniOzoneClusterImpl (MiniOzoneClusterImpl.java:lambda$waitForClusterToBeReady$0(147)) - Waiting for cluster to be ready. Got 0 of 3 DN Heartbeats.
2019-10-25 18:46:00,477 [IPC Server handler 0 on 41954] INFO  net.NetworkTopology (NetworkTopologyImpl.java:add(111)) - Added a new node: /default-rack/202d5f49-7963-4b43-9e61-5069c2030fd4
2019-10-25 18:46:00,478 [IPC Server handler 0 on 41954] INFO  node.SCMNodeManager (SCMNodeManager.java:register(313)) - Registered Data node : 202d5f49-7963-4b43-9e61-5069c2030fd4{ip: 192.168.157.217, host: pr-hdds-2329-pipelines-rmb8m-4073948133, networkLocation: /default-rack, certSerialId: null}
2019-10-25 18:46:00,481 [EventQueue-NodeRegistrationContainerReportForDataNodeSafeModeRule] INFO  safemode.SCMSafeModeManager (DataNodeSafeModeRule.java:process(71)) - SCM in safe mode. 1 DataNodes registered, 1 required.
2019-10-25 18:46:00,481 [EventQueue-NodeRegistrationContainerReportForDataNodeSafeModeRule] INFO  safemode.SCMSafeModeManager (SCMSafeModeManager.java:validateSafeModeExitRules(177)) - ScmSafeModeManager, all rules are successfully validated
2019-10-25 18:46:00,482 [EventQueue-NodeRegistrationContainerReportForDataNodeSafeModeRule] INFO  safemode.SCMSafeModeManager (SCMSafeModeManager.java:exitSafeMode(193)) - SCM exiting safe mode.
2019-10-25 18:46:00,552 [IPC Server handler 2 on 41954] INFO  net.NetworkTopology (NetworkTopologyImpl.java:add(111)) - Added a new node: /default-rack/b2320d56-a737-47f4-81b1-3e8f0fb16133
2019-10-25 18:46:00,553 [IPC Server handler 2 on 41954] INFO  node.SCMNodeManager (SCMNodeManager.java:register(313)) - Registered Data node : b2320d56-a737-47f4-81b1-3e8f0fb16133{ip: 192.168.157.217, host: pr-hdds-2329-pipelines-rmb8m-4073948133, networkLocation: /default-rack, certSerialId: null}
2019-10-25 18:46:00,642 [main] INFO  ozone.MiniOzoneClusterImpl (MiniOzoneClusterImpl.java:lambda$waitForClusterToBeReady$0(147)) - Waiting for cluster to be ready. Got 2 of 3 DN Heartbeats.
2019-10-25 18:46:00,643 [IPC Server handler 1 on 41954] INFO  net.NetworkTopology (NetworkTopologyImpl.java:add(111)) - Added a new node: /default-rack/90a9ce3a-0a5e-4de2-813a-4d04cb4d4ab9
2019-10-25 18:46:00,643 [IPC Server handler 1 on 41954] INFO  node.SCMNodeManager (SCMNodeManager.java:register(313)) - Registered Data node : 90a9ce3a-0a5e-4de2-813a-4d04cb4d4ab9{ip: 192.168.157.217, host: pr-hdds-2329-pipelines-rmb8m-4073948133, networkLocation: /default-rack, certSerialId: null}
2019-10-25 18:46:00,949 [grpc-default-executor-0] INFO  impl.RaftServerProxy (RaftServerProxy.java:addNew(89)) - 202d5f49-7963-4b43-9e61-5069c2030fd4: addNew group-39BD47E6BC15:[202d5f49-7963-4b43-9e61-5069c2030fd4:192.168.157.217:43680] returns group-39BD47E6BC15:java.util.concurrent.CompletableFuture@53b5fc0c[Not completed]
2019-10-25 18:46:00,958 [pool-28-thread-1] INFO  impl.RaftServerImpl (RaftServerImpl.java:<init>(98)) - 202d5f49-7963-4b43-9e61-5069c2030fd4: new RaftServerImpl for group-39BD47E6BC15:[202d5f49-7963-4b43-9e61-5069c2030fd4:192.168.157.217:43680] with ContainerStateMachine:uninitialized
2019-10-25 18:46:00,960 [pool-28-thread-1] INFO  server.RaftServerConfigKeys (ConfUtils.java:logGet(43)) - raft.server.rpc.timeout.min = 5s (custom)
2019-10-25 18:46:00,960 [pool-28-thread-1] INFO  server.RaftServerConfigKeys (ConfUtils.java:logGet(43)) - raft.server.rpc.timeout.max = 5200ms (custom)
2019-10-25 18:46:00,960 [pool-28-thread-1] INFO  server.RaftServerConfigKeys (ConfUtils.java:logGet(43)) - raft.server.rpcslowness.timeout = 1000s (custom)
2019-10-25 18:46:00,961 [pool-28-thread-1] INFO  server.RaftServerConfigKeys (ConfUtils.java:logGet(43)) - raft.server.sleep.deviation.threshold = 300 (default)
2019-10-25 18:46:00,962 [pool-28-thread-1] INFO  server.RaftServerConfigKeys (ConfUtils.java:logGet(43)) - raft.server.log.appender.install.snapshot.enabled = false (custom)
2019-10-25 18:46:00,968 [pool-28-thread-1] INFO  impl.RaftServerImpl (ServerState.java:<init>(103)) - 202d5f49-7963-4b43-9e61-5069c2030fd4@group-39BD47E6BC15: ConfigurationManager, init=-1: [202d5f49-7963-4b43-9e61-5069c2030fd4:192.168.157.217:43680], old=null, confs=<EMPTY_MAP>
2019-10-25 18:46:00,968 [pool-28-thread-1] INFO  server.RaftServerConfigKeys (ConfUtils.java:logGet(43)) - raft.server.storage.dir = [/workdir/hadoop-ozone/integration-test/target/test-dir/MiniOzoneClusterImpl-1169b08c-7389-4170-95e3-f5079f135e90/datanode-0/data/ratis] (custom)
2019-10-25 18:46:00,973 [pool-28-thread-1] INFO  server.RaftServerConfigKeys (ConfUtils.java:logGet(43)) - raft.server.log.corruption.policy = EXCEPTION (default)
2019-10-25 18:46:00,974 [pool-28-thread-1] INFO  storage.RaftStorageDirectory (RaftStorageDirectory.java:analyzeStorage(246)) - The storage directory /workdir/hadoop-ozone/integration-test/target/test-dir/MiniOzoneClusterImpl-1169b08c-7389-4170-95e3-f5079f135e90/datanode-0/data/ratis/688251d9-0b1b-49f0-ba86-39bd47e6bc15 does not exist. Creating ...
2019-10-25 18:46:00,985 [pool-28-thread-1] INFO  storage.RaftStorageDirectory (RaftStorageDirectory.java:tryLock(328)) - Lock on /workdir/hadoop-ozone/integration-test/target/test-dir/MiniOzoneClusterImpl-1169b08c-7389-4170-95e3-f5079f135e90/datanode-0/data/ratis/688251d9-0b1b-49f0-ba86-39bd47e6bc15/in_use.lock acquired by nodename 3211@pr-hdds-2329-pipelines-rmb8m-4073948133
2019-10-25 18:46:01,000 [pool-28-thread-1] INFO  storage.RaftStorage (RaftStorage.java:format(84)) - Storage directory /workdir/hadoop-ozone/integration-test/target/test-dir/MiniOzoneClusterImpl-1169b08c-7389-4170-95e3-f5079f135e90/datanode-0/data/ratis/688251d9-0b1b-49f0-ba86-39bd47e6bc15 has been successfully formatted.
2019-10-25 18:46:01,004 [pool-28-thread-1] INFO  ratis.ContainerStateMachine (ContainerStateMachine.java:loadSnapshot(231)) - group-39BD47E6BC15: The snapshot info is null. Setting the last applied indexto:(t:0, i:~)
2019-10-25 18:46:01,004 [pool-28-thread-1] INFO  server.RaftServerConfigKeys (ConfUtils.java:logGet(43)) - raft.server.notification.no-leader.timeout = 1000s (custom)
2019-10-25 18:46:01,007 [pool-28-thread-1] INFO  server.RaftServerConfigKeys (ConfUtils.java:logGet(43)) - raft.server.log.use.memory = false (default)
2019-10-25 18:46:01,014 [pool-28-thread-1] INFO  server.RaftServerConfigKeys (ConfUtils.java:logGet(43)) - raft.server.log.purge.gap = 1000000 (custom)
2019-10-25 18:46:01,014 [pool-28-thread-1] INFO  server.RaftServerConfigKeys (ConfUtils.java:logGet(43)) - raft.server.log.appender.buffer.byte-limit = 33554432 (custom)
2019-10-25 18:46:01,017 [pool-28-thread-1] INFO  server.RaftServerConfigKeys (ConfUtils.java:logGet(43)) - raft.server.log.segment.size.max = 1048576 (custom)
2019-10-25 18:46:01,023 [pool-28-thread-1] INFO  metrics.MetricRegistries (MetricRegistriesLoader.java:load(64)) - Loaded MetricRegistries class org.apache.ratis.metrics.impl.MetricRegistriesImpl
2019-10-25 18:46:01,027 [pool-28-thread-1] WARN  impl.MetricRegistriesImpl (MetricRegistriesImpl.java:lambda$create$1(61)) - First MetricRegistry has been created without registering reporters. You may need to call MetricRegistries.global().addReportRegistration(...) before.
2019-10-25 18:46:01,034 [pool-28-thread-1] INFO  server.RaftServerConfigKeys (ConfUtils.java:logGet(43)) - raft.server.log.segment.cache.num.max = 2 (custom)
2019-10-25 18:46:01,040 [pool-28-thread-1] INFO  segmented.SegmentedRaftLogWorker (SegmentedRaftLogWorker.java:<init>(173)) - new 202d5f49-7963-4b43-9e61-5069c2030fd4@group-39BD47E6BC15-SegmentedRaftLogWorker for RaftStorage:Storage Directory /workdir/hadoop-ozone/integration-test/target/test-dir/MiniOzoneClusterImpl-1169b08c-7389-4170-95e3-f5079f135e90/datanode-0/data/ratis/688251d9-0b1b-49f0-ba86-39bd47e6bc15
2019-10-25 18:46:01,041 [pool-28-thread-1] INFO  server.RaftServerConfigKeys (ConfUtils.java:logGet(43)) - raft.server.log.queue.byte-limit = 2147483647 (custom)
2019-10-25 18:46:01,041 [pool-28-thread-1] INFO  server.RaftServerConfigKeys (ConfUtils.java:logGet(43)) - raft.server.log.queue.element-limit = 1024 (custom)
2019-10-25 18:46:01,043 [pool-28-thread-1] INFO  server.RaftServerConfigKeys (ConfUtils.java:logGet(43)) - raft.server.log.segment.size.max = 1048576 (custom)
2019-10-25 18:46:01,043 [pool-28-thread-1] INFO  server.RaftServerConfigKeys (ConfUtils.java:logGet(43)) - raft.server.log.preallocated.size = 16384 (custom)
2019-10-25 18:46:01,044 [pool-28-thread-1] INFO  server.RaftServerConfigKeys (ConfUtils.java:logGet(43)) - raft.server.log.write.buffer.size = 33554432 (custom)
2019-10-25 18:46:01,044 [pool-28-thread-1] INFO  server.RaftServerConfigKeys (ConfUtils.java:logGet(43)) - raft.server.log.force.sync.num = 128 (default)
2019-10-25 18:46:01,045 [pool-28-thread-1] INFO  server.RaftServerConfigKeys (ConfUtils.java:logGet(43)) - raft.server.log.statemachine.data.sync = true (default)
2019-10-25 18:46:01,045 [pool-28-thread-1] INFO  server.RaftServerConfigKeys (ConfUtils.java:logGet(43)) - raft.server.log.statemachine.data.sync.timeout = 10s (default)
2019-10-25 18:46:01,046 [pool-28-thread-1] INFO  server.RaftServerConfigKeys (ConfUtils.java:logGet(43)) - raft.server.log.statemachine.data.sync.timeout.retry = -1 (default)
2019-10-25 18:46:01,056 [pool-28-thread-1] INFO  server.RaftServerConfigKeys (ConfUtils.java:logGet(43)) - raft.server.log.statemachine.data.caching.enabled = true (custom)
2019-10-25 18:46:01,061 [pool-28-thread-1] INFO  segmented.SegmentedRaftLogWorker (SegmentedRaftLogWorker.java:lambda$new$0(128)) - 202d5f49-7963-4b43-9e61-5069c2030fd4@group-39BD47E6BC15-SegmentedRaftLogWorker: flushIndex: setUnconditionally 0 -> -1
2019-10-25 18:46:01,065 [pool-28-thread-1] INFO  server.RaftServerConfigKeys (ConfUtils.java:logGet(43)) - raft.server.snapshot.auto.trigger.enabled = true (custom)
2019-10-25 18:46:01,066 [pool-28-thread-1] INFO  server.RaftServerConfigKeys (ConfUtils.java:logGet(43)) - raft.server.snapshot.auto.trigger.threshold = 10000 (custom)
2019-10-25 18:46:01,067 [pool-28-thread-1] INFO  server.RaftServerConfigKeys (ConfUtils.java:logGet(43)) - raft.server.snapshot.retention.file.num = 5 (custom)
2019-10-25 18:46:01,067 [pool-28-thread-1] INFO  server.RaftServerConfigKeys (ConfUtils.java:logGet(43)) - raft.server.retrycache.expirytime = 600000ms (custom)
2019-10-25 18:46:01,085 [pool-28-thread-1] WARN  impl.MetricRegistriesImpl (MetricRegistriesImpl.java:lambda$create$1(61)) - First MetricRegistry has been created without registering reporters. You may need to call MetricRegistries.global().addReportRegistration(...) before.
2019-10-25 18:46:01,087 [pool-28-thread-1] WARN  impl.MetricRegistriesImpl (MetricRegistriesImpl.java:lambda$create$1(61)) - First MetricRegistry has been created without registering reporters. You may need to call MetricRegistries.global().addReportRegistration(...) before.
2019-10-25 18:46:01,088 [pool-28-thread-1] INFO  impl.RaftServerImpl (RaftServerImpl.java:start(184)) - 202d5f49-7963-4b43-9e61-5069c2030fd4@group-39BD47E6BC15: start as a follower, conf=-1: [202d5f49-7963-4b43-9e61-5069c2030fd4:192.168.157.217:43680], old=null
2019-10-25 18:46:01,089 [pool-28-thread-1] INFO  impl.RaftServerImpl (RaftServerImpl.java:setRole(173)) - 202d5f49-7963-4b43-9e61-5069c2030fd4@group-39BD47E6BC15: changes role from      null to FOLLOWER at term 0 for startAsFollower
2019-10-25 18:46:01,090 [pool-28-thread-1] INFO  impl.RoleInfo (RoleInfo.java:updateAndGet(143)) - 202d5f49-7963-4b43-9e61-5069c2030fd4: start FollowerState
2019-10-25 18:46:01,092 [pool-28-thread-1] INFO  util.JmxRegister (JmxRegister.java:tryRegister(44)) - Successfully registered JMX Bean with object name Ratis:service=RaftServer,group=group-39BD47E6BC15,id=202d5f49-7963-4b43-9e61-5069c2030fd4
2019-10-25 18:46:01,093 [pool-28-thread-1] WARN  impl.MetricRegistriesImpl (MetricRegistriesImpl.java:lambda$create$1(61)) - First MetricRegistry has been created without registering reporters. You may need to call MetricRegistries.global().addReportRegistration(...) before.
2019-10-25 18:46:01,152 [RatisPipelineUtilsThread] INFO  pipeline.PipelineStateManager (PipelineStateManager.java:addPipeline(56)) - Created pipeline Pipeline[ Id: 688251d9-0b1b-49f0-ba86-39bd47e6bc15, Nodes: 202d5f49-7963-4b43-9e61-5069c2030fd4{ip: 192.168.157.217, host: pr-hdds-2329-pipelines-rmb8m-4073948133, networkLocation: /default-rack, certSerialId: null}, Type:RATIS, Factor:ONE, State:OPEN]
2019-10-25 18:46:01,167 [grpc-default-executor-0] INFO  impl.RaftServerProxy (RaftServerProxy.java:addNew(89)) - 90a9ce3a-0a5e-4de2-813a-4d04cb4d4ab9: addNew group-030C09A39C9A:[90a9ce3a-0a5e-4de2-813a-4d04cb4d4ab9:192.168.157.217:37724] returns group-030C09A39C9A:java.util.concurrent.CompletableFuture@377fd62f[Not completed]
2019-10-25 18:46:01,186 [pool-48-thread-1] INFO  impl.RaftServerImpl (RaftServerImpl.java:<init>(98)) - 90a9ce3a-0a5e-4de2-813a-4d04cb4d4ab9: new RaftServerImpl for group-030C09A39C9A:[90a9ce3a-0a5e-4de2-813a-4d04cb4d4ab9:192.168.157.217:37724] with ContainerStateMachine:uninitialized
2019-10-25 18:46:01,187 [pool-48-thread-1] INFO  server.RaftServerConfigKeys (ConfUtils.java:logGet(43)) - raft.server.rpc.timeout.min = 5s (custom)
2019-10-25 18:46:01,188 [pool-48-thread-1] INFO  server.RaftServerConfigKeys (ConfUtils.java:logGet(43)) - raft.server.rpc.timeout.max = 5200ms (custom)
2019-10-25 18:46:01,188 [pool-48-thread-1] INFO  server.RaftServerConfigKeys (ConfUtils.java:logGet(43)) - raft.server.rpcslowness.timeout = 1000s (custom)
2019-10-25 18:46:01,188 [pool-48-thread-1] INFO  server.RaftServerConfigKeys (ConfUtils.java:logGet(43)) - raft.server.sleep.deviation.threshold = 300 (default)
2019-10-25 18:46:01,188 [pool-48-thread-1] INFO  server.RaftServerConfigKeys (ConfUtils.java:logGet(43)) - raft.server.log.appender.install.snapshot.enabled = false (custom)
2019-10-25 18:46:01,188 [pool-48-thread-1] INFO  impl.RaftServerImpl (ServerState.java:<init>(103)) - 90a9ce3a-0a5e-4de2-813a-4d04cb4d4ab9@group-030C09A39C9A: ConfigurationManager, init=-1: [90a9ce3a-0a5e-4de2-813a-4d04cb4d4ab9:192.168.157.217:37724], old=null, confs=<EMPTY_MAP>
2019-10-25 18:46:01,188 [pool-48-thread-1] INFO  server.RaftServerConfigKeys (ConfUtils.java:logGet(43)) - raft.server.storage.dir = [/workdir/hadoop-ozone/integration-test/target/test-dir/MiniOzoneClusterImpl-1169b08c-7389-4170-95e3-f5079f135e90/datanode-2/data/ratis] (custom)
2019-10-25 18:46:01,189 [pool-48-thread-1] INFO  server.RaftServerConfigKeys (ConfUtils.java:logGet(43)) - raft.server.log.corruption.policy = EXCEPTION (default)
2019-10-25 18:46:01,189 [pool-48-thread-1] INFO  storage.RaftStorageDirectory (RaftStorageDirectory.java:analyzeStorage(246)) - The storage directory /workdir/hadoop-ozone/integration-test/target/test-dir/MiniOzoneClusterImpl-1169b08c-7389-4170-95e3-f5079f135e90/datanode-2/data/ratis/a6298735-0df9-4fd7-93a7-030c09a39c9a does not exist. Creating ...
2019-10-25 18:46:01,202 [pool-48-thread-1] INFO  storage.RaftStorageDirectory (RaftStorageDirectory.java:tryLock(328)) - Lock on /workdir/hadoop-ozone/integration-test/target/test-dir/MiniOzoneClusterImpl-1169b08c-7389-4170-95e3-f5079f135e90/datanode-2/data/ratis/a6298735-0df9-4fd7-93a7-030c09a39c9a/in_use.lock acquired by nodename 3211@pr-hdds-2329-pipelines-rmb8m-4073948133
2019-10-25 18:46:01,205 [pool-48-thread-1] INFO  storage.RaftStorage (RaftStorage.java:format(84)) - Storage directory /workdir/hadoop-ozone/integration-test/target/test-dir/MiniOzoneClusterImpl-1169b08c-7389-4170-95e3-f5079f135e90/datanode-2/data/ratis/a6298735-0df9-4fd7-93a7-030c09a39c9a has been successfully formatted.
2019-10-25 18:46:01,206 [pool-48-thread-1] INFO  ratis.ContainerStateMachine (ContainerStateMachine.java:loadSnapshot(231)) - group-030C09A39C9A: The snapshot info is null. Setting the last applied indexto:(t:0, i:~)
2019-10-25 18:46:01,207 [pool-48-thread-1] INFO  server.RaftServerConfigKeys (ConfUtils.java:logGet(43)) - raft.server.notification.no-leader.timeout = 1000s (custom)
2019-10-25 18:46:01,207 [pool-48-thread-1] INFO  server.RaftServerConfigKeys (ConfUtils.java:logGet(43)) - raft.server.log.use.memory = false (default)
2019-10-25 18:46:01,207 [pool-48-thread-1] INFO  server.RaftServerConfigKeys (ConfUtils.java:logGet(43)) - raft.server.log.purge.gap = 1000000 (custom)
2019-10-25 18:46:01,207 [pool-48-thread-1] INFO  server.RaftServerConfigKeys (ConfUtils.java:logGet(43)) - raft.server.log.appender.buffer.byte-limit = 33554432 (custom)
2019-10-25 18:46:01,207 [pool-48-thread-1] INFO  server.RaftServerConfigKeys (ConfUtils.java:logGet(43)) - raft.server.log.segment.size.max = 1048576 (custom)
2019-10-25 18:46:01,207 [pool-48-thread-1] WARN  impl.MetricRegistriesImpl (MetricRegistriesImpl.java:lambda$create$1(61)) - First MetricRegistry has been created without registering reporters. You may need to call MetricRegistries.global().addReportRegistration(...) before.
2019-10-25 18:46:01,208 [pool-48-thread-1] INFO  server.RaftServerConfigKeys (ConfUtils.java:logGet(43)) - raft.server.log.segment.cache.num.max = 2 (custom)
2019-10-25 18:46:01,208 [pool-48-thread-1] INFO  segmented.SegmentedRaftLogWorker (SegmentedRaftLogWorker.java:<init>(173)) - new 90a9ce3a-0a5e-4de2-813a-4d04cb4d4ab9@group-030C09A39C9A-SegmentedRaftLogWorker for RaftStorage:Storage Directory /workdir/hadoop-ozone/integration-test/target/test-dir/MiniOzoneClusterImpl-1169b08c-7389-4170-95e3-f5079f135e90/datanode-2/data/ratis/a6298735-0df9-4fd7-93a7-030c09a39c9a
2019-10-25 18:46:01,209 [pool-48-thread-1] INFO  server.RaftServerConfigKeys (ConfUtils.java:logGet(43)) - raft.server.log.queue.byte-limit = 2147483647 (custom)
2019-10-25 18:46:01,209 [pool-48-thread-1] INFO  server.RaftServerConfigKeys (ConfUtils.java:logGet(43)) - raft.server.log.queue.element-limit = 1024 (custom)
2019-10-25 18:46:01,209 [pool-48-thread-1] INFO  server.RaftServerConfigKeys (ConfUtils.java:logGet(43)) - raft.server.log.segment.size.max = 1048576 (custom)
2019-10-25 18:46:01,209 [pool-48-thread-1] INFO  server.RaftServerConfigKeys (ConfUtils.java:logGet(43)) - raft.server.log.preallocated.size = 16384 (custom)
2019-10-25 18:46:01,209 [pool-48-thread-1] INFO  server.RaftServerConfigKeys (ConfUtils.java:logGet(43)) - raft.server.log.write.buffer.size = 33554432 (custom)
2019-10-25 18:46:01,209 [pool-48-thread-1] INFO  server.RaftServerConfigKeys (ConfUtils.java:logGet(43)) - raft.server.log.force.sync.num = 128 (default)
2019-10-25 18:46:01,209 [pool-48-thread-1] INFO  server.RaftServerConfigKeys (ConfUtils.java:logGet(43)) - raft.server.log.statemachine.data.sync = true (default)
2019-10-25 18:46:01,209 [pool-48-thread-1] INFO  server.RaftServerConfigKeys (ConfUtils.java:logGet(43)) - raft.server.log.statemachine.data.sync.timeout = 10s (default)
2019-10-25 18:46:01,210 [pool-48-thread-1] INFO  server.RaftServerConfigKeys (ConfUtils.java:logGet(43)) - raft.server.log.statemachine.data.sync.timeout.retry = -1 (default)
2019-10-25 18:46:01,210 [pool-48-thread-1] INFO  server.RaftServerConfigKeys (ConfUtils.java:logGet(43)) - raft.server.log.statemachine.data.caching.enabled = true (custom)
2019-10-25 18:46:01,218 [pool-48-thread-1] INFO  segmented.SegmentedRaftLogWorker (SegmentedRaftLogWorker.java:lambda$new$0(128)) - 90a9ce3a-0a5e-4de2-813a-4d04cb4d4ab9@group-030C09A39C9A-SegmentedRaftLogWorker: flushIndex: setUnconditionally 0 -> -1
2019-10-25 18:46:01,219 [pool-48-thread-1] INFO  server.RaftServerConfigKeys (ConfUtils.java:logGet(43)) - raft.server.snapshot.auto.trigger.enabled = true (custom)
2019-10-25 18:46:01,219 [pool-48-thread-1] INFO  server.RaftServerConfigKeys (ConfUtils.java:logGet(43)) - raft.server.snapshot.auto.trigger.threshold = 10000 (custom)
2019-10-25 18:46:01,219 [pool-48-thread-1] INFO  server.RaftServerConfigKeys (ConfUtils.java:logGet(43)) - raft.server.snapshot.retention.file.num = 5 (custom)
2019-10-25 18:46:01,219 [pool-48-thread-1] INFO  server.RaftServerConfigKeys (ConfUtils.java:logGet(43)) - raft.server.retrycache.expirytime = 600000ms (custom)
2019-10-25 18:46:01,220 [pool-48-thread-1] WARN  impl.MetricRegistriesImpl (MetricRegistriesImpl.java:lambda$create$1(61)) - First MetricRegistry has been created without registering reporters. You may need to call MetricRegistries.global().addReportRegistration(...) before.
2019-10-25 18:46:01,220 [pool-48-thread-1] WARN  impl.MetricRegistriesImpl (MetricRegistriesImpl.java:lambda$create$1(61)) - First MetricRegistry has been created without registering reporters. You may need to call MetricRegistries.global().addReportRegistration(...) before.
2019-10-25 18:46:01,220 [pool-48-thread-1] INFO  impl.RaftServerImpl (RaftServerImpl.java:start(184)) - 90a9ce3a-0a5e-4de2-813a-4d04cb4d4ab9@group-030C09A39C9A: start as a follower, conf=-1: [90a9ce3a-0a5e-4de2-813a-4d04cb4d4ab9:192.168.157.217:37724], old=null
2019-10-25 18:46:01,220 [pool-48-thread-1] INFO  impl.RaftServerImpl (RaftServerImpl.java:setRole(173)) - 90a9ce3a-0a5e-4de2-813a-4d04cb4d4ab9@group-030C09A39C9A: changes role from      null to FOLLOWER at term 0 for startAsFollower
2019-10-25 18:46:01,220 [pool-48-thread-1] INFO  impl.RoleInfo (RoleInfo.java:updateAndGet(143)) - 90a9ce3a-0a5e-4de2-813a-4d04cb4d4ab9: start FollowerState
2019-10-25 18:46:01,221 [pool-48-thread-1] INFO  util.JmxRegister (JmxRegister.java:tryRegister(44)) - Successfully registered JMX Bean with object name Ratis:service=RaftServer,group=group-030C09A39C9A,id=90a9ce3a-0a5e-4de2-813a-4d04cb4d4ab9
2019-10-25 18:46:01,222 [pool-48-thread-1] WARN  impl.MetricRegistriesImpl (MetricRegistriesImpl.java:lambda$create$1(61)) - First MetricRegistry has been created without registering reporters. You may need to call MetricRegistries.global().addReportRegistration(...) before.
2019-10-25 18:46:01,232 [RatisPipelineUtilsThread] INFO  pipeline.PipelineStateManager (PipelineStateManager.java:addPipeline(56)) - Created pipeline Pipeline[ Id: a6298735-0df9-4fd7-93a7-030c09a39c9a, Nodes: 90a9ce3a-0a5e-4de2-813a-4d04cb4d4ab9{ip: 192.168.157.217, host: pr-hdds-2329-pipelines-rmb8m-4073948133, networkLocation: /default-rack, certSerialId: null}, Type:RATIS, Factor:ONE, State:OPEN]
2019-10-25 18:46:01,245 [grpc-default-executor-0] INFO  impl.RaftServerProxy (RaftServerProxy.java:addNew(89)) - b2320d56-a737-47f4-81b1-3e8f0fb16133: addNew group-18F8FB1219AD:[b2320d56-a737-47f4-81b1-3e8f0fb16133:192.168.157.217:40923] returns group-18F8FB1219AD:java.util.concurrent.CompletableFuture@69c2551a[Not completed]
2019-10-25 18:46:01,255 [pool-38-thread-1] INFO  impl.RaftServerImpl (RaftServerImpl.java:<init>(98)) - b2320d56-a737-47f4-81b1-3e8f0fb16133: new RaftServerImpl for group-18F8FB1219AD:[b2320d56-a737-47f4-81b1-3e8f0fb16133:192.168.157.217:40923] with ContainerStateMachine:uninitialized
2019-10-25 18:46:01,256 [pool-38-thread-1] INFO  server.RaftServerConfigKeys (ConfUtils.java:logGet(43)) - raft.server.rpc.timeout.min = 5s (custom)
2019-10-25 18:46:01,256 [pool-38-thread-1] INFO  server.RaftServerConfigKeys (ConfUtils.java:logGet(43)) - raft.server.rpc.timeout.max = 5200ms (custom)
2019-10-25 18:46:01,256 [pool-38-thread-1] INFO  server.RaftServerConfigKeys (ConfUtils.java:logGet(43)) - raft.server.rpcslowness.timeout = 1000s (custom)
2019-10-25 18:46:01,256 [pool-38-thread-1] INFO  server.RaftServerConfigKeys (ConfUtils.java:logGet(43)) - raft.server.sleep.deviation.threshold = 300 (default)
2019-10-25 18:46:01,256 [pool-38-thread-1] INFO  server.RaftServerConfigKeys (ConfUtils.java:logGet(43)) - raft.server.log.appender.install.snapshot.enabled = false (custom)
2019-10-25 18:46:01,256 [pool-38-thread-1] INFO  impl.RaftServerImpl (ServerState.java:<init>(103)) - b2320d56-a737-47f4-81b1-3e8f0fb16133@group-18F8FB1219AD: ConfigurationManager, init=-1: [b2320d56-a737-47f4-81b1-3e8f0fb16133:192.168.157.217:40923], old=null, confs=<EMPTY_MAP>
2019-10-25 18:46:01,256 [pool-38-thread-1] INFO  server.RaftServerConfigKeys (ConfUtils.java:logGet(43)) - raft.server.storage.dir = [/workdir/hadoop-ozone/integration-test/target/test-dir/MiniOzoneClusterImpl-1169b08c-7389-4170-95e3-f5079f135e90/datanode-1/data/ratis] (custom)
2019-10-25 18:46:01,257 [pool-38-thread-1] INFO  server.RaftServerConfigKeys (ConfUtils.java:logGet(43)) - raft.server.log.corruption.policy = EXCEPTION (default)
2019-10-25 18:46:01,257 [pool-38-thread-1] INFO  storage.RaftStorageDirectory (RaftStorageDirectory.java:analyzeStorage(246)) - The storage directory /workdir/hadoop-ozone/integration-test/target/test-dir/MiniOzoneClusterImpl-1169b08c-7389-4170-95e3-f5079f135e90/datanode-1/data/ratis/1aa27d3d-ea0e-4e1d-8d3e-18f8fb1219ad does not exist. Creating ...
2019-10-25 18:46:01,271 [pool-38-thread-1] INFO  storage.RaftStorageDirectory (RaftStorageDirectory.java:tryLock(328)) - Lock on /workdir/hadoop-ozone/integration-test/target/test-dir/MiniOzoneClusterImpl-1169b08c-7389-4170-95e3-f5079f135e90/datanode-1/data/ratis/1aa27d3d-ea0e-4e1d-8d3e-18f8fb1219ad/in_use.lock acquired by nodename 3211@pr-hdds-2329-pipelines-rmb8m-4073948133
2019-10-25 18:46:01,277 [pool-38-thread-1] INFO  storage.RaftStorage (RaftStorage.java:format(84)) - Storage directory /workdir/hadoop-ozone/integration-test/target/test-dir/MiniOzoneClusterImpl-1169b08c-7389-4170-95e3-f5079f135e90/datanode-1/data/ratis/1aa27d3d-ea0e-4e1d-8d3e-18f8fb1219ad has been successfully formatted.
2019-10-25 18:46:01,277 [pool-38-thread-1] INFO  ratis.ContainerStateMachine (ContainerStateMachine.java:loadSnapshot(231)) - group-18F8FB1219AD: The snapshot info is null. Setting the last applied indexto:(t:0, i:~)
2019-10-25 18:46:01,278 [pool-38-thread-1] INFO  server.RaftServerConfigKeys (ConfUtils.java:logGet(43)) - raft.server.notification.no-leader.timeout = 1000s (custom)
2019-10-25 18:46:01,278 [pool-38-thread-1] INFO  server.RaftServerConfigKeys (ConfUtils.java:logGet(43)) - raft.server.log.use.memory = false (default)
2019-10-25 18:46:01,278 [pool-38-thread-1] INFO  server.RaftServerConfigKeys (ConfUtils.java:logGet(43)) - raft.server.log.purge.gap = 1000000 (custom)
2019-10-25 18:46:01,278 [pool-38-thread-1] INFO  server.RaftServerConfigKeys (ConfUtils.java:logGet(43)) - raft.server.log.appender.buffer.byte-limit = 33554432 (custom)
2019-10-25 18:46:01,278 [pool-38-thread-1] INFO  server.RaftServerConfigKeys (ConfUtils.java:logGet(43)) - raft.server.log.segment.size.max = 1048576 (custom)
2019-10-25 18:46:01,279 [pool-38-thread-1] WARN  impl.MetricRegistriesImpl (MetricRegistriesImpl.java:lambda$create$1(61)) - First MetricRegistry has been created without registering reporters. You may need to call MetricRegistries.global().addReportRegistration(...) before.
2019-10-25 18:46:01,279 [pool-38-thread-1] INFO  server.RaftServerConfigKeys (ConfUtils.java:logGet(43)) - raft.server.log.segment.cache.num.max = 2 (custom)
2019-10-25 18:46:01,279 [pool-38-thread-1] INFO  segmented.SegmentedRaftLogWorker (SegmentedRaftLogWorker.java:<init>(173)) - new b2320d56-a737-47f4-81b1-3e8f0fb16133@group-18F8FB1219AD-SegmentedRaftLogWorker for RaftStorage:Storage Directory /workdir/hadoop-ozone/integration-test/target/test-dir/MiniOzoneClusterImpl-1169b08c-7389-4170-95e3-f5079f135e90/datanode-1/data/ratis/1aa27d3d-ea0e-4e1d-8d3e-18f8fb1219ad
2019-10-25 18:46:01,279 [pool-38-thread-1] INFO  server.RaftServerConfigKeys (ConfUtils.java:logGet(43)) - raft.server.log.queue.byte-limit = 2147483647 (custom)
2019-10-25 18:46:01,279 [pool-38-thread-1] INFO  server.RaftServerConfigKeys (ConfUtils.java:logGet(43)) - raft.server.log.queue.element-limit = 1024 (custom)
2019-10-25 18:46:01,280 [pool-38-thread-1] INFO  server.RaftServerConfigKeys (ConfUtils.java:logGet(43)) - raft.server.log.segment.size.max = 1048576 (custom)
2019-10-25 18:46:01,280 [pool-38-thread-1] INFO  server.RaftServerConfigKeys (ConfUtils.java:logGet(43)) - raft.server.log.preallocated.size = 16384 (custom)
2019-10-25 18:46:01,280 [pool-38-thread-1] INFO  server.RaftServerConfigKeys (ConfUtils.java:logGet(43)) - raft.server.log.write.buffer.size = 33554432 (custom)
2019-10-25 18:46:01,280 [pool-38-thread-1] INFO  server.RaftServerConfigKeys (ConfUtils.java:logGet(43)) - raft.server.log.force.sync.num = 128 (default)
2019-10-25 18:46:01,280 [pool-38-thread-1] INFO  server.RaftServerConfigKeys (ConfUtils.java:logGet(43)) - raft.server.log.statemachine.data.sync = true (default)
2019-10-25 18:46:01,280 [pool-38-thread-1] INFO  server.RaftServerConfigKeys (ConfUtils.java:logGet(43)) - raft.server.log.statemachine.data.sync.timeout = 10s (default)
2019-10-25 18:46:01,281 [pool-38-thread-1] INFO  server.RaftServerConfigKeys (ConfUtils.java:logGet(43)) - raft.server.log.statemachine.data.sync.timeout.retry = -1 (default)
2019-10-25 18:46:01,281 [pool-38-thread-1] INFO  server.RaftServerConfigKeys (ConfUtils.java:logGet(43)) - raft.server.log.statemachine.data.caching.enabled = true (custom)
2019-10-25 18:46:01,282 [pool-38-thread-1] INFO  segmented.SegmentedRaftLogWorker (SegmentedRaftLogWorker.java:lambda$new$0(128)) - b2320d56-a737-47f4-81b1-3e8f0fb16133@group-18F8FB1219AD-SegmentedRaftLogWorker: flushIndex: setUnconditionally 0 -> -1
2019-10-25 18:46:01,282 [pool-38-thread-1] INFO  server.RaftServerConfigKeys (ConfUtils.java:logGet(43)) - raft.server.snapshot.auto.trigger.enabled = true (custom)
2019-10-25 18:46:01,282 [pool-38-thread-1] INFO  server.RaftServerConfigKeys (ConfUtils.java:logGet(43)) - raft.server.snapshot.auto.trigger.threshold = 10000 (custom)
2019-10-25 18:46:01,282 [pool-38-thread-1] INFO  server.RaftServerConfigKeys (ConfUtils.java:logGet(43)) - raft.server.snapshot.retention.file.num = 5 (custom)
2019-10-25 18:46:01,283 [pool-38-thread-1] INFO  server.RaftServerConfigKeys (ConfUtils.java:logGet(43)) - raft.server.retrycache.expirytime = 600000ms (custom)
2019-10-25 18:46:01,283 [pool-38-thread-1] WARN  impl.MetricRegistriesImpl (MetricRegistriesImpl.java:lambda$create$1(61)) - First MetricRegistry has been created without registering reporters. You may need to call MetricRegistries.global().addReportRegistration(...) before.
2019-10-25 18:46:01,283 [pool-38-thread-1] WARN  impl.MetricRegistriesImpl (MetricRegistriesImpl.java:lambda$create$1(61)) - First MetricRegistry has been created without registering reporters. You may need to call MetricRegistries.global().addReportRegistration(...) before.
2019-10-25 18:46:01,284 [pool-38-thread-1] INFO  impl.RaftServerImpl (RaftServerImpl.java:start(184)) - b2320d56-a737-47f4-81b1-3e8f0fb16133@group-18F8FB1219AD: start as a follower, conf=-1: [b2320d56-a737-47f4-81b1-3e8f0fb16133:192.168.157.217:40923], old=null
2019-10-25 18:46:01,284 [pool-38-thread-1] INFO  impl.RaftServerImpl (RaftServerImpl.java:setRole(173)) - b2320d56-a737-47f4-81b1-3e8f0fb16133@group-18F8FB1219AD: changes role from      null to FOLLOWER at term 0 for startAsFollower
2019-10-25 18:46:01,284 [pool-38-thread-1] INFO  impl.RoleInfo (RoleInfo.java:updateAndGet(143)) - b2320d56-a737-47f4-81b1-3e8f0fb16133: start FollowerState
2019-10-25 18:46:01,285 [pool-38-thread-1] INFO  util.JmxRegister (JmxRegister.java:tryRegister(44)) - Successfully registered JMX Bean with object name Ratis:service=RaftServer,group=group-18F8FB1219AD,id=b2320d56-a737-47f4-81b1-3e8f0fb16133
2019-10-25 18:46:01,285 [pool-38-thread-1] WARN  impl.MetricRegistriesImpl (MetricRegistriesImpl.java:lambda$create$1(61)) - First MetricRegistry has been created without registering reporters. You may need to call MetricRegistries.global().addReportRegistration(...) before.
2019-10-25 18:46:01,293 [RatisPipelineUtilsThread] INFO  pipeline.PipelineStateManager (PipelineStateManager.java:addPipeline(56)) - Created pipeline Pipeline[ Id: 1aa27d3d-ea0e-4e1d-8d3e-18f8fb1219ad, Nodes: b2320d56-a737-47f4-81b1-3e8f0fb16133{ip: 192.168.157.217, host: pr-hdds-2329-pipelines-rmb8m-4073948133, networkLocation: /default-rack, certSerialId: null}, Type:RATIS, Factor:ONE, State:OPEN]
2019-10-25 18:46:01,314 [grpc-default-executor-1] INFO  impl.RaftServerProxy (RaftServerProxy.java:addNew(89)) - 202d5f49-7963-4b43-9e61-5069c2030fd4: addNew group-643C12960AC7:[202d5f49-7963-4b43-9e61-5069c2030fd4:192.168.157.217:43680, b2320d56-a737-47f4-81b1-3e8f0fb16133:192.168.157.217:40923, 90a9ce3a-0a5e-4de2-813a-4d04cb4d4ab9:192.168.157.217:37724] returns group-643C12960AC7:java.util.concurrent.CompletableFuture@1d54dd0a[Not completed]
2019-10-25 18:46:01,314 [grpc-default-executor-2] INFO  impl.RaftServerProxy (RaftServerProxy.java:addNew(89)) - b2320d56-a737-47f4-81b1-3e8f0fb16133: addNew group-643C12960AC7:[202d5f49-7963-4b43-9e61-5069c2030fd4:192.168.157.217:43680, b2320d56-a737-47f4-81b1-3e8f0fb16133:192.168.157.217:40923, 90a9ce3a-0a5e-4de2-813a-4d04cb4d4ab9:192.168.157.217:37724] returns group-643C12960AC7:java.util.concurrent.CompletableFuture@22634831[Not completed]
2019-10-25 18:46:01,314 [grpc-default-executor-0] INFO  impl.RaftServerProxy (RaftServerProxy.java:addNew(89)) - 90a9ce3a-0a5e-4de2-813a-4d04cb4d4ab9: addNew group-643C12960AC7:[202d5f49-7963-4b43-9e61-5069c2030fd4:192.168.157.217:43680, b2320d56-a737-47f4-81b1-3e8f0fb16133:192.168.157.217:40923, 90a9ce3a-0a5e-4de2-813a-4d04cb4d4ab9:192.168.157.217:37724] returns group-643C12960AC7:java.util.concurrent.CompletableFuture@2f5b4df3[Not completed]
2019-10-25 18:46:01,316 [pool-38-thread-1] INFO  impl.RaftServerImpl (RaftServerImpl.java:<init>(98)) - b2320d56-a737-47f4-81b1-3e8f0fb16133: new RaftServerImpl for group-643C12960AC7:[202d5f49-7963-4b43-9e61-5069c2030fd4:192.168.157.217:43680, b2320d56-a737-47f4-81b1-3e8f0fb16133:192.168.157.217:40923, 90a9ce3a-0a5e-4de2-813a-4d04cb4d4ab9:192.168.157.217:37724] with ContainerStateMachine:uninitialized
2019-10-25 18:46:01,316 [pool-38-thread-1] INFO  server.RaftServerConfigKeys (ConfUtils.java:logGet(43)) - raft.server.rpc.timeout.min = 5s (custom)
2019-10-25 18:46:01,316 [pool-38-thread-1] INFO  server.RaftServerConfigKeys (ConfUtils.java:logGet(43)) - raft.server.rpc.timeout.max = 5200ms (custom)
2019-10-25 18:46:01,317 [pool-38-thread-1] INFO  server.RaftServerConfigKeys (ConfUtils.java:logGet(43)) - raft.server.rpcslowness.timeout = 1000s (custom)
2019-10-25 18:46:01,317 [pool-38-thread-1] INFO  server.RaftServerConfigKeys (ConfUtils.java:logGet(43)) - raft.server.sleep.deviation.threshold = 300 (default)
2019-10-25 18:46:01,317 [pool-48-thread-1] INFO  impl.RaftServerImpl (RaftServerImpl.java:<init>(98)) - 90a9ce3a-0a5e-4de2-813a-4d04cb4d4ab9: new RaftServerImpl for group-643C12960AC7:[202d5f49-7963-4b43-9e61-5069c2030fd4:192.168.157.217:43680, b2320d56-a737-47f4-81b1-3e8f0fb16133:192.168.157.217:40923, 90a9ce3a-0a5e-4de2-813a-4d04cb4d4ab9:192.168.157.217:37724] with ContainerStateMachine:uninitialized
2019-10-25 18:46:01,317 [pool-38-thread-1] INFO  server.RaftServerConfigKeys (ConfUtils.java:logGet(43)) - raft.server.log.appender.install.snapshot.enabled = false (custom)
2019-10-25 18:46:01,317 [pool-48-thread-1] INFO  server.RaftServerConfigKeys (ConfUtils.java:logGet(43)) - raft.server.rpc.timeout.min = 5s (custom)
2019-10-25 18:46:01,317 [pool-38-thread-1] INFO  impl.RaftServerImpl (ServerState.java:<init>(103)) - b2320d56-a737-47f4-81b1-3e8f0fb16133@group-643C12960AC7: ConfigurationManager, init=-1: [202d5f49-7963-4b43-9e61-5069c2030fd4:192.168.157.217:43680, b2320d56-a737-47f4-81b1-3e8f0fb16133:192.168.157.217:40923, 90a9ce3a-0a5e-4de2-813a-4d04cb4d4ab9:192.168.157.217:37724], old=null, confs=<EMPTY_MAP>
2019-10-25 18:46:01,317 [pool-48-thread-1] INFO  server.RaftServerConfigKeys (ConfUtils.java:logGet(43)) - raft.server.rpc.timeout.max = 5200ms (custom)
2019-10-25 18:46:01,317 [pool-38-thread-1] INFO  server.RaftServerConfigKeys (ConfUtils.java:logGet(43)) - raft.server.storage.dir = [/workdir/hadoop-ozone/integration-test/target/test-dir/MiniOzoneClusterImpl-1169b08c-7389-4170-95e3-f5079f135e90/datanode-1/data/ratis] (custom)
2019-10-25 18:46:01,317 [pool-48-thread-1] INFO  server.RaftServerConfigKeys (ConfUtils.java:logGet(43)) - raft.server.rpcslowness.timeout = 1000s (custom)
2019-10-25 18:46:01,318 [pool-48-thread-1] INFO  server.RaftServerConfigKeys (ConfUtils.java:logGet(43)) - raft.server.sleep.deviation.threshold = 300 (default)
2019-10-25 18:46:01,318 [pool-48-thread-1] INFO  server.RaftServerConfigKeys (ConfUtils.java:logGet(43)) - raft.server.log.appender.install.snapshot.enabled = false (custom)
2019-10-25 18:46:01,318 [pool-38-thread-1] INFO  server.RaftServerConfigKeys (ConfUtils.java:logGet(43)) - raft.server.log.corruption.policy = EXCEPTION (default)
2019-10-25 18:46:01,318 [pool-28-thread-1] INFO  impl.RaftServerImpl (RaftServerImpl.java:<init>(98)) - 202d5f49-7963-4b43-9e61-5069c2030fd4: new RaftServerImpl for group-643C12960AC7:[202d5f49-7963-4b43-9e61-5069c2030fd4:192.168.157.217:43680, b2320d56-a737-47f4-81b1-3e8f0fb16133:192.168.157.217:40923, 90a9ce3a-0a5e-4de2-813a-4d04cb4d4ab9:192.168.157.217:37724] with ContainerStateMachine:uninitialized
2019-10-25 18:46:01,318 [pool-48-thread-1] INFO  impl.RaftServerImpl (ServerState.java:<init>(103)) - 90a9ce3a-0a5e-4de2-813a-4d04cb4d4ab9@group-643C12960AC7: ConfigurationManager, init=-1: [202d5f49-7963-4b43-9e61-5069c2030fd4:192.168.157.217:43680, b2320d56-a737-47f4-81b1-3e8f0fb16133:192.168.157.217:40923, 90a9ce3a-0a5e-4de2-813a-4d04cb4d4ab9:192.168.157.217:37724], old=null, confs=<EMPTY_MAP>
2019-10-25 18:46:01,318 [pool-38-thread-1] INFO  storage.RaftStorageDirectory (RaftStorageDirectory.java:analyzeStorage(246)) - The storage directory /workdir/hadoop-ozone/integration-test/target/test-dir/MiniOzoneClusterImpl-1169b08c-7389-4170-95e3-f5079f135e90/datanode-1/data/ratis/b56b2aa8-e60f-44f7-b396-643c12960ac7 does not exist. Creating ...
2019-10-25 18:46:01,318 [pool-48-thread-1] INFO  server.RaftServerConfigKeys (ConfUtils.java:logGet(43)) - raft.server.storage.dir = [/workdir/hadoop-ozone/integration-test/target/test-dir/MiniOzoneClusterImpl-1169b08c-7389-4170-95e3-f5079f135e90/datanode-2/data/ratis] (custom)
2019-10-25 18:46:01,318 [pool-28-thread-1] INFO  server.RaftServerConfigKeys (ConfUtils.java:logGet(43)) - raft.server.rpc.timeout.min = 5s (custom)
2019-10-25 18:46:01,319 [pool-28-thread-1] INFO  server.RaftServerConfigKeys (ConfUtils.java:logGet(43)) - raft.server.rpc.timeout.max = 5200ms (custom)
2019-10-25 18:46:01,319 [pool-48-thread-1] INFO  server.RaftServerConfigKeys (ConfUtils.java:logGet(43)) - raft.server.log.corruption.policy = EXCEPTION (default)
2019-10-25 18:46:01,319 [pool-28-thread-1] INFO  server.RaftServerConfigKeys (ConfUtils.java:logGet(43)) - raft.server.rpcslowness.timeout = 1000s (custom)
2019-10-25 18:46:01,319 [pool-48-thread-1] INFO  storage.RaftStorageDirectory (RaftStorageDirectory.java:analyzeStorage(246)) - The storage directory /workdir/hadoop-ozone/integration-test/target/test-dir/MiniOzoneClusterImpl-1169b08c-7389-4170-95e3-f5079f135e90/datanode-2/data/ratis/b56b2aa8-e60f-44f7-b396-643c12960ac7 does not exist. Creating ...
2019-10-25 18:46:01,320 [pool-28-thread-1] INFO  server.RaftServerConfigKeys (ConfUtils.java:logGet(43)) - raft.server.sleep.deviation.threshold = 300 (default)
2019-10-25 18:46:01,320 [pool-28-thread-1] INFO  server.RaftServerConfigKeys (ConfUtils.java:logGet(43)) - raft.server.log.appender.install.snapshot.enabled = false (custom)
2019-10-25 18:46:01,320 [pool-28-thread-1] INFO  impl.RaftServerImpl (ServerState.java:<init>(103)) - 202d5f49-7963-4b43-9e61-5069c2030fd4@group-643C12960AC7: ConfigurationManager, init=-1: [202d5f49-7963-4b43-9e61-5069c2030fd4:192.168.157.217:43680, b2320d56-a737-47f4-81b1-3e8f0fb16133:192.168.157.217:40923, 90a9ce3a-0a5e-4de2-813a-4d04cb4d4ab9:192.168.157.217:37724], old=null, confs=<EMPTY_MAP>
2019-10-25 18:46:01,321 [pool-28-thread-1] INFO  server.RaftServerConfigKeys (ConfUtils.java:logGet(43)) - raft.server.storage.dir = [/workdir/hadoop-ozone/integration-test/target/test-dir/MiniOzoneClusterImpl-1169b08c-7389-4170-95e3-f5079f135e90/datanode-0/data/ratis] (custom)
2019-10-25 18:46:01,321 [pool-28-thread-1] INFO  server.RaftServerConfigKeys (ConfUtils.java:logGet(43)) - raft.server.log.corruption.policy = EXCEPTION (default)
2019-10-25 18:46:01,321 [pool-28-thread-1] INFO  storage.RaftStorageDirectory (RaftStorageDirectory.java:analyzeStorage(246)) - The storage directory /workdir/hadoop-ozone/integration-test/target/test-dir/MiniOzoneClusterImpl-1169b08c-7389-4170-95e3-f5079f135e90/datanode-0/data/ratis/b56b2aa8-e60f-44f7-b396-643c12960ac7 does not exist. Creating ...
2019-10-25 18:46:01,326 [pool-48-thread-1] INFO  storage.RaftStorageDirectory (RaftStorageDirectory.java:tryLock(328)) - Lock on /workdir/hadoop-ozone/integration-test/target/test-dir/MiniOzoneClusterImpl-1169b08c-7389-4170-95e3-f5079f135e90/datanode-2/data/ratis/b56b2aa8-e60f-44f7-b396-643c12960ac7/in_use.lock acquired by nodename 3211@pr-hdds-2329-pipelines-rmb8m-4073948133
2019-10-25 18:46:01,326 [pool-28-thread-1] INFO  storage.RaftStorageDirectory (RaftStorageDirectory.java:tryLock(328)) - Lock on /workdir/hadoop-ozone/integration-test/target/test-dir/MiniOzoneClusterImpl-1169b08c-7389-4170-95e3-f5079f135e90/datanode-0/data/ratis/b56b2aa8-e60f-44f7-b396-643c12960ac7/in_use.lock acquired by nodename 3211@pr-hdds-2329-pipelines-rmb8m-4073948133
2019-10-25 18:46:01,326 [pool-38-thread-1] INFO  storage.RaftStorageDirectory (RaftStorageDirectory.java:tryLock(328)) - Lock on /workdir/hadoop-ozone/integration-test/target/test-dir/MiniOzoneClusterImpl-1169b08c-7389-4170-95e3-f5079f135e90/datanode-1/data/ratis/b56b2aa8-e60f-44f7-b396-643c12960ac7/in_use.lock acquired by nodename 3211@pr-hdds-2329-pipelines-rmb8m-4073948133
2019-10-25 18:46:01,332 [pool-38-thread-1] INFO  storage.RaftStorage (RaftStorage.java:format(84)) - Storage directory /workdir/hadoop-ozone/integration-test/target/test-dir/MiniOzoneClusterImpl-1169b08c-7389-4170-95e3-f5079f135e90/datanode-1/data/ratis/b56b2aa8-e60f-44f7-b396-643c12960ac7 has been successfully formatted.
2019-10-25 18:46:01,332 [pool-28-thread-1] INFO  storage.RaftStorage (RaftStorage.java:format(84)) - Storage directory /workdir/hadoop-ozone/integration-test/target/test-dir/MiniOzoneClusterImpl-1169b08c-7389-4170-95e3-f5079f135e90/datanode-0/data/ratis/b56b2aa8-e60f-44f7-b396-643c12960ac7 has been successfully formatted.
2019-10-25 18:46:01,332 [pool-48-thread-1] INFO  storage.RaftStorage (RaftStorage.java:format(84)) - Storage directory /workdir/hadoop-ozone/integration-test/target/test-dir/MiniOzoneClusterImpl-1169b08c-7389-4170-95e3-f5079f135e90/datanode-2/data/ratis/b56b2aa8-e60f-44f7-b396-643c12960ac7 has been successfully formatted.
2019-10-25 18:46:01,332 [pool-38-thread-1] INFO  ratis.ContainerStateMachine (ContainerStateMachine.java:loadSnapshot(231)) - group-643C12960AC7: The snapshot info is null. Setting the last applied indexto:(t:0, i:~)
2019-10-25 18:46:01,333 [pool-28-thread-1] INFO  ratis.ContainerStateMachine (ContainerStateMachine.java:loadSnapshot(231)) - group-643C12960AC7: The snapshot info is null. Setting the last applied indexto:(t:0, i:~)
2019-10-25 18:46:01,333 [pool-38-thread-1] INFO  server.RaftServerConfigKeys (ConfUtils.java:logGet(43)) - raft.server.notification.no-leader.timeout = 1000s (custom)
2019-10-25 18:46:01,333 [pool-28-thread-1] INFO  server.RaftServerConfigKeys (ConfUtils.java:logGet(43)) - raft.server.notification.no-leader.timeout = 1000s (custom)
2019-10-25 18:46:01,333 [pool-38-thread-1] INFO  server.RaftServerConfigKeys (ConfUtils.java:logGet(43)) - raft.server.log.use.memory = false (default)
2019-10-25 18:46:01,333 [pool-28-thread-1] INFO  server.RaftServerConfigKeys (ConfUtils.java:logGet(43)) - raft.server.log.use.memory = false (default)
2019-10-25 18:46:01,333 [pool-38-thread-1] INFO  server.RaftServerConfigKeys (ConfUtils.java:logGet(43)) - raft.server.log.purge.gap = 1000000 (custom)
2019-10-25 18:46:01,333 [pool-28-thread-1] INFO  server.RaftServerConfigKeys (ConfUtils.java:logGet(43)) - raft.server.log.purge.gap = 1000000 (custom)
2019-10-25 18:46:01,334 [pool-38-thread-1] INFO  server.RaftServerConfigKeys (ConfUtils.java:logGet(43)) - raft.server.log.appender.buffer.byte-limit = 33554432 (custom)
2019-10-25 18:46:01,334 [pool-28-thread-1] INFO  server.RaftServerConfigKeys (ConfUtils.java:logGet(43)) - raft.server.log.appender.buffer.byte-limit = 33554432 (custom)
2019-10-25 18:46:01,334 [pool-38-thread-1] INFO  server.RaftServerConfigKeys (ConfUtils.java:logGet(43)) - raft.server.log.segment.size.max = 1048576 (custom)
2019-10-25 18:46:01,334 [pool-28-thread-1] INFO  server.RaftServerConfigKeys (ConfUtils.java:logGet(43)) - raft.server.log.segment.size.max = 1048576 (custom)
2019-10-25 18:46:01,334 [pool-38-thread-1] INFO  server.RaftServerConfigKeys (ConfUtils.java:logGet(43)) - raft.server.log.segment.cache.num.max = 2 (custom)
2019-10-25 18:46:01,334 [pool-28-thread-1] INFO  server.RaftServerConfigKeys (ConfUtils.java:logGet(43)) - raft.server.log.segment.cache.num.max = 2 (custom)
2019-10-25 18:46:01,334 [pool-38-thread-1] INFO  segmented.SegmentedRaftLogWorker (SegmentedRaftLogWorker.java:<init>(173)) - new b2320d56-a737-47f4-81b1-3e8f0fb16133@group-643C12960AC7-SegmentedRaftLogWorker for RaftStorage:Storage Directory /workdir/hadoop-ozone/integration-test/target/test-dir/MiniOzoneClusterImpl-1169b08c-7389-4170-95e3-f5079f135e90/datanode-1/data/ratis/b56b2aa8-e60f-44f7-b396-643c12960ac7
2019-10-25 18:46:01,334 [pool-28-thread-1] INFO  segmented.SegmentedRaftLogWorker (SegmentedRaftLogWorker.java:<init>(173)) - new 202d5f49-7963-4b43-9e61-5069c2030fd4@group-643C12960AC7-SegmentedRaftLogWorker for RaftStorage:Storage Directory /workdir/hadoop-ozone/integration-test/target/test-dir/MiniOzoneClusterImpl-1169b08c-7389-4170-95e3-f5079f135e90/datanode-0/data/ratis/b56b2aa8-e60f-44f7-b396-643c12960ac7
2019-10-25 18:46:01,335 [pool-38-thread-1] INFO  server.RaftServerConfigKeys (ConfUtils.java:logGet(43)) - raft.server.log.queue.byte-limit = 2147483647 (custom)
2019-10-25 18:46:01,335 [pool-28-thread-1] INFO  server.RaftServerConfigKeys (ConfUtils.java:logGet(43)) - raft.server.log.queue.byte-limit = 2147483647 (custom)
2019-10-25 18:46:01,335 [pool-38-thread-1] INFO  server.RaftServerConfigKeys (ConfUtils.java:logGet(43)) - raft.server.log.queue.element-limit = 1024 (custom)
2019-10-25 18:46:01,335 [pool-28-thread-1] INFO  server.RaftServerConfigKeys (ConfUtils.java:logGet(43)) - raft.server.log.queue.element-limit = 1024 (custom)
2019-10-25 18:46:01,335 [pool-38-thread-1] INFO  server.RaftServerConfigKeys (ConfUtils.java:logGet(43)) - raft.server.log.segment.size.max = 1048576 (custom)
2019-10-25 18:46:01,335 [pool-28-thread-1] INFO  server.RaftServerConfigKeys (ConfUtils.java:logGet(43)) - raft.server.log.segment.size.max = 1048576 (custom)
2019-10-25 18:46:01,335 [pool-38-thread-1] INFO  server.RaftServerConfigKeys (ConfUtils.java:logGet(43)) - raft.server.log.preallocated.size = 16384 (custom)
2019-10-25 18:46:01,335 [pool-28-thread-1] INFO  server.RaftServerConfigKeys (ConfUtils.java:logGet(43)) - raft.server.log.preallocated.size = 16384 (custom)
2019-10-25 18:46:01,336 [pool-38-thread-1] INFO  server.RaftServerConfigKeys (ConfUtils.java:logGet(43)) - raft.server.log.write.buffer.size = 33554432 (custom)
2019-10-25 18:46:01,336 [pool-28-thread-1] INFO  server.RaftServerConfigKeys (ConfUtils.java:logGet(43)) - raft.server.log.write.buffer.size = 33554432 (custom)
2019-10-25 18:46:01,336 [pool-38-thread-1] INFO  server.RaftServerConfigKeys (ConfUtils.java:logGet(43)) - raft.server.log.force.sync.num = 128 (default)
2019-10-25 18:46:01,336 [pool-28-thread-1] INFO  server.RaftServerConfigKeys (ConfUtils.java:logGet(43)) - raft.server.log.force.sync.num = 128 (default)
2019-10-25 18:46:01,336 [pool-38-thread-1] INFO  server.RaftServerConfigKeys (ConfUtils.java:logGet(43)) - raft.server.log.statemachine.data.sync = true (default)
2019-10-25 18:46:01,336 [pool-28-thread-1] INFO  server.RaftServerConfigKeys (ConfUtils.java:logGet(43)) - raft.server.log.statemachine.data.sync = true (default)
2019-10-25 18:46:01,336 [pool-38-thread-1] INFO  server.RaftServerConfigKeys (ConfUtils.java:logGet(43)) - raft.server.log.statemachine.data.sync.timeout = 10s (default)
2019-10-25 18:46:01,336 [pool-28-thread-1] INFO  server.RaftServerConfigKeys (ConfUtils.java:logGet(43)) - raft.server.log.statemachine.data.sync.timeout = 10s (default)
2019-10-25 18:46:01,337 [pool-38-thread-1] INFO  server.RaftServerConfigKeys (ConfUtils.java:logGet(43)) - raft.server.log.statemachine.data.sync.timeout.retry = -1 (default)
2019-10-25 18:46:01,337 [pool-28-thread-1] INFO  server.RaftServerConfigKeys (ConfUtils.java:logGet(43)) - raft.server.log.statemachine.data.sync.timeout.retry = -1 (default)
2019-10-25 18:46:01,337 [pool-38-thread-1] INFO  server.RaftServerConfigKeys (ConfUtils.java:logGet(43)) - raft.server.log.statemachine.data.caching.enabled = true (custom)
2019-10-25 18:46:01,337 [pool-28-thread-1] INFO  server.RaftServerConfigKeys (ConfUtils.java:logGet(43)) - raft.server.log.statemachine.data.caching.enabled = true (custom)
2019-10-25 18:46:01,343 [pool-48-thread-1] INFO  ratis.ContainerStateMachine (ContainerStateMachine.java:loadSnapshot(231)) - group-643C12960AC7: The snapshot info is null. Setting the last applied indexto:(t:0, i:~)
2019-10-25 18:46:01,343 [pool-28-thread-1] INFO  segmented.SegmentedRaftLogWorker (SegmentedRaftLogWorker.java:lambda$new$0(128)) - 202d5f49-7963-4b43-9e61-5069c2030fd4@group-643C12960AC7-SegmentedRaftLogWorker: flushIndex: setUnconditionally 0 -> -1
2019-10-25 18:46:01,343 [pool-38-thread-1] INFO  segmented.SegmentedRaftLogWorker (SegmentedRaftLogWorker.java:lambda$new$0(128)) - b2320d56-a737-47f4-81b1-3e8f0fb16133@group-643C12960AC7-SegmentedRaftLogWorker: flushIndex: setUnconditionally 0 -> -1
2019-10-25 18:46:01,343 [pool-48-thread-1] INFO  server.RaftServerConfigKeys (ConfUtils.java:logGet(43)) - raft.server.notification.no-leader.timeout = 1000s (custom)
2019-10-25 18:46:01,343 [pool-28-thread-1] INFO  server.RaftServerConfigKeys (ConfUtils.java:logGet(43)) - raft.server.snapshot.auto.trigger.enabled = true (custom)
2019-10-25 18:46:01,343 [pool-48-thread-1] INFO  server.RaftServerConfigKeys (ConfUtils.java:logGet(43)) - raft.server.log.use.memory = false (default)
2019-10-25 18:46:01,343 [pool-38-thread-1] INFO  server.RaftServerConfigKeys (ConfUtils.java:logGet(43)) - raft.server.snapshot.auto.trigger.enabled = true (custom)
2019-10-25 18:46:01,344 [pool-48-thread-1] INFO  server.RaftServerConfigKeys (ConfUtils.java:logGet(43)) - raft.server.log.purge.gap = 1000000 (custom)
2019-10-25 18:46:01,343 [pool-28-thread-1] INFO  server.RaftServerConfigKeys (ConfUtils.java:logGet(43)) - raft.server.snapshot.auto.trigger.threshold = 10000 (custom)
2019-10-25 18:46:01,344 [pool-48-thread-1] INFO  server.RaftServerConfigKeys (ConfUtils.java:logGet(43)) - raft.server.log.appender.buffer.byte-limit = 33554432 (custom)
2019-10-25 18:46:01,344 [pool-38-thread-1] INFO  server.RaftServerConfigKeys (ConfUtils.java:logGet(43)) - raft.server.snapshot.auto.trigger.threshold = 10000 (custom)
2019-10-25 18:46:01,344 [pool-48-thread-1] INFO  server.RaftServerConfigKeys (ConfUtils.java:logGet(43)) - raft.server.log.segment.size.max = 1048576 (custom)
2019-10-25 18:46:01,344 [pool-28-thread-1] INFO  server.RaftServerConfigKeys (ConfUtils.java:logGet(43)) - raft.server.snapshot.retention.file.num = 5 (custom)
2019-10-25 18:46:01,344 [pool-48-thread-1] INFO  server.RaftServerConfigKeys (ConfUtils.java:logGet(43)) - raft.server.log.segment.cache.num.max = 2 (custom)
2019-10-25 18:46:01,344 [pool-38-thread-1] INFO  server.RaftServerConfigKeys (ConfUtils.java:logGet(43)) - raft.server.snapshot.retention.file.num = 5 (custom)
2019-10-25 18:46:01,345 [pool-28-thread-1] INFO  server.RaftServerConfigKeys (ConfUtils.java:logGet(43)) - raft.server.retrycache.expirytime = 600000ms (custom)
2019-10-25 18:46:01,345 [pool-48-thread-1] INFO  segmented.SegmentedRaftLogWorker (SegmentedRaftLogWorker.java:<init>(173)) - new 90a9ce3a-0a5e-4de2-813a-4d04cb4d4ab9@group-643C12960AC7-SegmentedRaftLogWorker for RaftStorage:Storage Directory /workdir/hadoop-ozone/integration-test/target/test-dir/MiniOzoneClusterImpl-1169b08c-7389-4170-95e3-f5079f135e90/datanode-2/data/ratis/b56b2aa8-e60f-44f7-b396-643c12960ac7
2019-10-25 18:46:01,345 [pool-28-thread-1] WARN  impl.MetricRegistriesImpl (MetricRegistriesImpl.java:lambda$create$1(61)) - First MetricRegistry has been created without registering reporters. You may need to call MetricRegistries.global().addReportRegistration(...) before.
2019-10-25 18:46:01,345 [pool-38-thread-1] INFO  server.RaftServerConfigKeys (ConfUtils.java:logGet(43)) - raft.server.retrycache.expirytime = 600000ms (custom)
2019-10-25 18:46:01,345 [pool-28-thread-1] WARN  impl.MetricRegistriesImpl (MetricRegistriesImpl.java:lambda$create$1(61)) - First MetricRegistry has been created without registering reporters. You may need to call MetricRegistries.global().addReportRegistration(...) before.
2019-10-25 18:46:01,345 [pool-48-thread-1] INFO  server.RaftServerConfigKeys (ConfUtils.java:logGet(43)) - raft.server.log.queue.byte-limit = 2147483647 (custom)
2019-10-25 18:46:01,346 [pool-28-thread-1] INFO  impl.RaftServerImpl (RaftServerImpl.java:start(184)) - 202d5f49-7963-4b43-9e61-5069c2030fd4@group-643C12960AC7: start as a follower, conf=-1: [202d5f49-7963-4b43-9e61-5069c2030fd4:192.168.157.217:43680, b2320d56-a737-47f4-81b1-3e8f0fb16133:192.168.157.217:40923, 90a9ce3a-0a5e-4de2-813a-4d04cb4d4ab9:192.168.157.217:37724], old=null
2019-10-25 18:46:01,345 [pool-38-thread-1] WARN  impl.MetricRegistriesImpl (MetricRegistriesImpl.java:lambda$create$1(61)) - First MetricRegistry has been created without registering reporters. You may need to call MetricRegistries.global().addReportRegistration(...) before.
2019-10-25 18:46:01,346 [pool-28-thread-1] INFO  impl.RaftServerImpl (RaftServerImpl.java:setRole(173)) - 202d5f49-7963-4b43-9e61-5069c2030fd4@group-643C12960AC7: changes role from      null to FOLLOWER at term 0 for startAsFollower
2019-10-25 18:46:01,346 [pool-48-thread-1] INFO  server.RaftServerConfigKeys (ConfUtils.java:logGet(43)) - raft.server.log.queue.element-limit = 1024 (custom)
2019-10-25 18:46:01,346 [pool-28-thread-1] INFO  impl.RoleInfo (RoleInfo.java:updateAndGet(143)) - 202d5f49-7963-4b43-9e61-5069c2030fd4: start FollowerState
2019-10-25 18:46:01,346 [pool-38-thread-1] WARN  impl.MetricRegistriesImpl (MetricRegistriesImpl.java:lambda$create$1(61)) - First MetricRegistry has been created without registering reporters. You may need to call MetricRegistries.global().addReportRegistration(...) before.
2019-10-25 18:46:01,346 [pool-48-thread-1] INFO  server.RaftServerConfigKeys (ConfUtils.java:logGet(43)) - raft.server.log.segment.size.max = 1048576 (custom)
2019-10-25 18:46:01,347 [pool-38-thread-1] INFO  impl.RaftServerImpl (RaftServerImpl.java:start(184)) - b2320d56-a737-47f4-81b1-3e8f0fb16133@group-643C12960AC7: start as a follower, conf=-1: [202d5f49-7963-4b43-9e61-5069c2030fd4:192.168.157.217:43680, b2320d56-a737-47f4-81b1-3e8f0fb16133:192.168.157.217:40923, 90a9ce3a-0a5e-4de2-813a-4d04cb4d4ab9:192.168.157.217:37724], old=null
2019-10-25 18:46:01,347 [pool-28-thread-1] INFO  util.JmxRegister (JmxRegister.java:tryRegister(44)) - Successfully registered JMX Bean with object name Ratis:service=RaftServer,group=group-643C12960AC7,id=202d5f49-7963-4b43-9e61-5069c2030fd4
2019-10-25 18:46:01,347 [pool-48-thread-1] INFO  server.RaftServerConfigKeys (ConfUtils.java:logGet(43)) - raft.server.log.preallocated.size = 16384 (custom)
2019-10-25 18:46:01,347 [pool-28-thread-1] WARN  impl.MetricRegistriesImpl (MetricRegistriesImpl.java:lambda$create$1(61)) - First MetricRegistry has been created without registering reporters. You may need to call MetricRegistries.global().addReportRegistration(...) before.
2019-10-25 18:46:01,347 [pool-38-thread-1] INFO  impl.RaftServerImpl (RaftServerImpl.java:setRole(173)) - b2320d56-a737-47f4-81b1-3e8f0fb16133@group-643C12960AC7: changes role from      null to FOLLOWER at term 0 for startAsFollower
2019-10-25 18:46:01,347 [pool-48-thread-1] INFO  server.RaftServerConfigKeys (ConfUtils.java:logGet(43)) - raft.server.log.write.buffer.size = 33554432 (custom)
2019-10-25 18:46:01,347 [pool-38-thread-1] INFO  impl.RoleInfo (RoleInfo.java:updateAndGet(143)) - b2320d56-a737-47f4-81b1-3e8f0fb16133: start FollowerState
2019-10-25 18:46:01,348 [pool-48-thread-1] INFO  server.RaftServerConfigKeys (ConfUtils.java:logGet(43)) - raft.server.log.force.sync.num = 128 (default)
2019-10-25 18:46:01,348 [pool-48-thread-1] INFO  server.RaftServerConfigKeys (ConfUtils.java:logGet(43)) - raft.server.log.statemachine.data.sync = true (default)
2019-10-25 18:46:01,348 [pool-48-thread-1] INFO  server.RaftServerConfigKeys (ConfUtils.java:logGet(43)) - raft.server.log.statemachine.data.sync.timeout = 10s (default)
2019-10-25 18:46:01,348 [pool-38-thread-1] INFO  util.JmxRegister (JmxRegister.java:tryRegister(44)) - Successfully registered JMX Bean with object name Ratis:service=RaftServer,group=group-643C12960AC7,id=b2320d56-a737-47f4-81b1-3e8f0fb16133
2019-10-25 18:46:01,348 [pool-48-thread-1] INFO  server.RaftServerConfigKeys (ConfUtils.java:logGet(43)) - raft.server.log.statemachine.data.sync.timeout.retry = -1 (default)
2019-10-25 18:46:01,348 [pool-38-thread-1] WARN  impl.MetricRegistriesImpl (MetricRegistriesImpl.java:lambda$create$1(61)) - First MetricRegistry has been created without registering reporters. You may need to call MetricRegistries.global().addReportRegistration(...) before.
2019-10-25 18:46:01,349 [pool-48-thread-1] INFO  server.RaftServerConfigKeys (ConfUtils.java:logGet(43)) - raft.server.log.statemachine.data.caching.enabled = true (custom)
2019-10-25 18:46:01,350 [pool-48-thread-1] INFO  segmented.SegmentedRaftLogWorker (SegmentedRaftLogWorker.java:lambda$new$0(128)) - 90a9ce3a-0a5e-4de2-813a-4d04cb4d4ab9@group-643C12960AC7-SegmentedRaftLogWorker: flushIndex: setUnconditionally 0 -> -1
2019-10-25 18:46:01,351 [pool-48-thread-1] INFO  server.RaftServerConfigKeys (ConfUtils.java:logGet(43)) - raft.server.snapshot.auto.trigger.enabled = true (custom)
2019-10-25 18:46:01,354 [pool-48-thread-1] INFO  server.RaftServerConfigKeys (ConfUtils.java:logGet(43)) - raft.server.snapshot.auto.trigger.threshold = 10000 (custom)
2019-10-25 18:46:01,354 [pool-48-thread-1] INFO  server.RaftServerConfigKeys (ConfUtils.java:logGet(43)) - raft.server.snapshot.retention.file.num = 5 (custom)
2019-10-25 18:46:01,355 [pool-48-thread-1] INFO  server.RaftServerConfigKeys (ConfUtils.java:logGet(43)) - raft.server.retrycache.expirytime = 600000ms (custom)
2019-10-25 18:46:01,356 [pool-48-thread-1] WARN  impl.MetricRegistriesImpl (MetricRegistriesImpl.java:lambda$create$1(61)) - First MetricRegistry has been created without registering reporters. You may need to call MetricRegistries.global().addReportRegistration(...) before.
2019-10-25 18:46:01,357 [pool-48-thread-1] WARN  impl.MetricRegistriesImpl (MetricRegistriesImpl.java:lambda$create$1(61)) - First MetricRegistry has been created without registering reporters. You may need to call MetricRegistries.global().addReportRegistration(...) before.
2019-10-25 18:46:01,357 [pool-48-thread-1] INFO  impl.RaftServerImpl (RaftServerImpl.java:start(184)) - 90a9ce3a-0a5e-4de2-813a-4d04cb4d4ab9@group-643C12960AC7: start as a follower, conf=-1: [202d5f49-7963-4b43-9e61-5069c2030fd4:192.168.157.217:43680, b2320d56-a737-47f4-81b1-3e8f0fb16133:192.168.157.217:40923, 90a9ce3a-0a5e-4de2-813a-4d04cb4d4ab9:192.168.157.217:37724], old=null
2019-10-25 18:46:01,357 [pool-48-thread-1] INFO  impl.RaftServerImpl (RaftServerImpl.java:setRole(173)) - 90a9ce3a-0a5e-4de2-813a-4d04cb4d4ab9@group-643C12960AC7: changes role from      null to FOLLOWER at term 0 for startAsFollower
2019-10-25 18:46:01,359 [pool-48-thread-1] INFO  impl.RoleInfo (RoleInfo.java:updateAndGet(143)) - 90a9ce3a-0a5e-4de2-813a-4d04cb4d4ab9: start FollowerState
2019-10-25 18:46:01,361 [pool-48-thread-1] INFO  util.JmxRegister (JmxRegister.java:tryRegister(44)) - Successfully registered JMX Bean with object name Ratis:service=RaftServer,group=group-643C12960AC7,id=90a9ce3a-0a5e-4de2-813a-4d04cb4d4ab9
2019-10-25 18:46:01,362 [pool-48-thread-1] WARN  impl.MetricRegistriesImpl (MetricRegistriesImpl.java:lambda$create$1(61)) - First MetricRegistry has been created without registering reporters. You may need to call MetricRegistries.global().addReportRegistration(...) before.
2019-10-25 18:46:01,369 [RatisPipelineUtilsThread] INFO  pipeline.PipelineStateManager (PipelineStateManager.java:addPipeline(56)) - Created pipeline Pipeline[ Id: b56b2aa8-e60f-44f7-b396-643c12960ac7, Nodes: 90a9ce3a-0a5e-4de2-813a-4d04cb4d4ab9{ip: 192.168.157.217, host: pr-hdds-2329-pipelines-rmb8m-4073948133, networkLocation: /default-rack, certSerialId: null}202d5f49-7963-4b43-9e61-5069c2030fd4{ip: 192.168.157.217, host: pr-hdds-2329-pipelines-rmb8m-4073948133, networkLocation: /default-rack, certSerialId: null}b2320d56-a737-47f4-81b1-3e8f0fb16133{ip: 192.168.157.217, host: pr-hdds-2329-pipelines-rmb8m-4073948133, networkLocation: /default-rack, certSerialId: null}, Type:RATIS, Factor:THREE, State:OPEN]
2019-10-25 18:46:01,643 [main] INFO  ozone.MiniOzoneClusterImpl (MiniOzoneClusterImpl.java:lambda$waitForClusterToBeReady$0(147)) - Cluster is ready. Got 3 of 3 DN Heartbeats.
2019-10-25 18:46:02,148 [main] INFO  rpc.RpcClient (RpcClient.java:createVolume(291)) - Creating Volume: testcontainerstatemachinefailures, with jenkins1000 as owner.
2019-10-25 18:46:02,237 [IPC Server handler 4 on 39637] INFO  volume.OMVolumeCreateRequest (OMVolumeCreateRequest.java:validateAndUpdateCache(193)) - created volume:testcontainerstatemachinefailures for user:jenkins1000
2019-10-25 18:46:02,270 [main] INFO  rpc.RpcClient (RpcClient.java:createBucket(430)) - Creating Bucket: testcontainerstatemachinefailures/testcontainerstatemachinefailures, with Versioning false and Storage Type set to DISK and Encryption set to false 
2019-10-25 18:46:02,547 [IPC Server handler 0 on 40832] INFO  server.SCMBlockProtocolServer (SCMBlockProtocolServer.java:allocateBlock(179)) - Allocating 1 blocks of size 4194304, with ExcludeList {datanodes = [], containerIds = [], pipelineIds = []}
2019-10-25 18:46:02,636 [main] INFO  impl.MetricsSystemImpl (MetricsSystemImpl.java:init(158)) - XceiverClientMetrics metrics system started (again)
2019-10-25 18:46:03,487 [Thread-181] INFO  container.ReplicationManager (ReplicationManager.java:start(162)) - Starting Replication Monitor Thread.
2019-10-25 18:46:03,490 [ReplicationMonitor] INFO  container.ReplicationManager (ReplicationManager.java:run(225)) - Replication Monitor Thread took 3 milliseconds for processing 1 containers.
2019-10-25 18:46:06,220 [Thread-186] INFO  impl.FollowerState (FollowerState.java:run(111)) - 202d5f49-7963-4b43-9e61-5069c2030fd4@group-39BD47E6BC15-FollowerState: change to CANDIDATE, lastRpcTime:5130ms, electionTimeout:5129ms
2019-10-25 18:46:06,222 [Thread-186] INFO  impl.RoleInfo (RoleInfo.java:shutdownFollowerState(121)) - 202d5f49-7963-4b43-9e61-5069c2030fd4: shutdown FollowerState
2019-10-25 18:46:06,222 [Thread-186] INFO  impl.RaftServerImpl (RaftServerImpl.java:setRole(173)) - 202d5f49-7963-4b43-9e61-5069c2030fd4@group-39BD47E6BC15: changes role from  FOLLOWER to CANDIDATE at term 0 for changeToCandidate
2019-10-25 18:46:06,226 [Thread-186] INFO  impl.RoleInfo (RoleInfo.java:updateAndGet(143)) - 202d5f49-7963-4b43-9e61-5069c2030fd4: start LeaderElection
2019-10-25 18:46:06,234 [202d5f49-7963-4b43-9e61-5069c2030fd4@group-39BD47E6BC15-LeaderElection1] INFO  impl.LeaderElection (LeaderElection.java:askForVotes(178)) - 202d5f49-7963-4b43-9e61-5069c2030fd4@group-39BD47E6BC15-LeaderElection1: begin an election at term 1 for -1: [202d5f49-7963-4b43-9e61-5069c2030fd4:192.168.157.217:43680], old=null
2019-10-25 18:46:06,236 [202d5f49-7963-4b43-9e61-5069c2030fd4@group-39BD47E6BC15-LeaderElection1] INFO  impl.RoleInfo (RoleInfo.java:shutdownLeaderElection(134)) - 202d5f49-7963-4b43-9e61-5069c2030fd4: shutdown LeaderElection
2019-10-25 18:46:06,237 [202d5f49-7963-4b43-9e61-5069c2030fd4@group-39BD47E6BC15-LeaderElection1] INFO  impl.RaftServerImpl (RaftServerImpl.java:setRole(173)) - 202d5f49-7963-4b43-9e61-5069c2030fd4@group-39BD47E6BC15: changes role from CANDIDATE to LEADER at term 1 for changeToLeader
2019-10-25 18:46:06,237 [202d5f49-7963-4b43-9e61-5069c2030fd4@group-39BD47E6BC15-LeaderElection1] INFO  impl.RaftServerImpl (ServerState.java:setLeader(255)) - 202d5f49-7963-4b43-9e61-5069c2030fd4@group-39BD47E6BC15: change Leader from null to 202d5f49-7963-4b43-9e61-5069c2030fd4 at term 1 for becomeLeader, leader elected after 5233ms
2019-10-25 18:46:06,243 [202d5f49-7963-4b43-9e61-5069c2030fd4@group-39BD47E6BC15-LeaderElection1] INFO  server.RaftServerConfigKeys (ConfUtils.java:logGet(43)) - raft.server.staging.catchup.gap = 1000 (default)
2019-10-25 18:46:06,243 [202d5f49-7963-4b43-9e61-5069c2030fd4@group-39BD47E6BC15-LeaderElection1] INFO  server.RaftServerConfigKeys (ConfUtils.java:logGet(43)) - raft.server.rpc.sleep.time = 25ms (default)
2019-10-25 18:46:06,248 [202d5f49-7963-4b43-9e61-5069c2030fd4@group-39BD47E6BC15-LeaderElection1] INFO  server.RaftServerConfigKeys (ConfUtils.java:logGet(43)) - raft.server.write.element-limit = 4096 (default)
2019-10-25 18:46:06,253 [202d5f49-7963-4b43-9e61-5069c2030fd4@group-39BD47E6BC15-LeaderElection1] INFO  server.RaftServerConfigKeys (ConfUtils.java:logGet(43)) - raft.server.watch.timeout = 10s (default)
2019-10-25 18:46:06,253 [202d5f49-7963-4b43-9e61-5069c2030fd4@group-39BD47E6BC15-LeaderElection1] INFO  server.RaftServerConfigKeys (ConfUtils.java:logGet(43)) - raft.server.watch.timeout.denomination = 1s (default)
2019-10-25 18:46:06,254 [202d5f49-7963-4b43-9e61-5069c2030fd4@group-39BD47E6BC15-LeaderElection1] INFO  server.RaftServerConfigKeys (ConfUtils.java:logGet(43)) - raft.server.watch.element-limit = 65536 (default)
2019-10-25 18:46:06,263 [202d5f49-7963-4b43-9e61-5069c2030fd4@group-39BD47E6BC15-LeaderElection1] INFO  impl.RoleInfo (RoleInfo.java:updateAndGet(143)) - 202d5f49-7963-4b43-9e61-5069c2030fd4: start LeaderState
2019-10-25 18:46:06,283 [202d5f49-7963-4b43-9e61-5069c2030fd4@group-39BD47E6BC15-LeaderElection1] INFO  segmented.SegmentedRaftLogWorker (SegmentedRaftLogWorker.java:startLogSegment(385)) - 202d5f49-7963-4b43-9e61-5069c2030fd4@group-39BD47E6BC15-SegmentedRaftLogWorker: Starting segment from index:0
2019-10-25 18:46:06,293 [202d5f49-7963-4b43-9e61-5069c2030fd4@group-39BD47E6BC15-LeaderElection1] INFO  impl.RaftServerImpl (ServerState.java:setRaftConf(356)) - 202d5f49-7963-4b43-9e61-5069c2030fd4@group-39BD47E6BC15: set configuration 0: [202d5f49-7963-4b43-9e61-5069c2030fd4:192.168.157.217:43680], old=null at 0
2019-10-25 18:46:06,297 [Thread-189] INFO  impl.FollowerState (FollowerState.java:run(111)) - 90a9ce3a-0a5e-4de2-813a-4d04cb4d4ab9@group-030C09A39C9A-FollowerState: change to CANDIDATE, lastRpcTime:5076ms, electionTimeout:5076ms
2019-10-25 18:46:06,298 [Thread-189] INFO  impl.RoleInfo (RoleInfo.java:shutdownFollowerState(121)) - 90a9ce3a-0a5e-4de2-813a-4d04cb4d4ab9: shutdown FollowerState
2019-10-25 18:46:06,298 [Thread-189] INFO  impl.RaftServerImpl (RaftServerImpl.java:setRole(173)) - 90a9ce3a-0a5e-4de2-813a-4d04cb4d4ab9@group-030C09A39C9A: changes role from  FOLLOWER to CANDIDATE at term 0 for changeToCandidate
2019-10-25 18:46:06,298 [Thread-189] INFO  impl.RoleInfo (RoleInfo.java:updateAndGet(143)) - 90a9ce3a-0a5e-4de2-813a-4d04cb4d4ab9: start LeaderElection
2019-10-25 18:46:06,307 [90a9ce3a-0a5e-4de2-813a-4d04cb4d4ab9@group-030C09A39C9A-LeaderElection2] INFO  impl.LeaderElection (LeaderElection.java:askForVotes(178)) - 90a9ce3a-0a5e-4de2-813a-4d04cb4d4ab9@group-030C09A39C9A-LeaderElection2: begin an election at term 1 for -1: [90a9ce3a-0a5e-4de2-813a-4d04cb4d4ab9:192.168.157.217:37724], old=null
2019-10-25 18:46:06,309 [90a9ce3a-0a5e-4de2-813a-4d04cb4d4ab9@group-030C09A39C9A-LeaderElection2] INFO  impl.RoleInfo (RoleInfo.java:shutdownLeaderElection(134)) - 90a9ce3a-0a5e-4de2-813a-4d04cb4d4ab9: shutdown LeaderElection
2019-10-25 18:46:06,310 [90a9ce3a-0a5e-4de2-813a-4d04cb4d4ab9@group-030C09A39C9A-LeaderElection2] INFO  impl.RaftServerImpl (RaftServerImpl.java:setRole(173)) - 90a9ce3a-0a5e-4de2-813a-4d04cb4d4ab9@group-030C09A39C9A: changes role from CANDIDATE to LEADER at term 1 for changeToLeader
2019-10-25 18:46:06,310 [90a9ce3a-0a5e-4de2-813a-4d04cb4d4ab9@group-030C09A39C9A-LeaderElection2] INFO  impl.RaftServerImpl (ServerState.java:setLeader(255)) - 90a9ce3a-0a5e-4de2-813a-4d04cb4d4ab9@group-030C09A39C9A: change Leader from null to 90a9ce3a-0a5e-4de2-813a-4d04cb4d4ab9 at term 1 for becomeLeader, leader elected after 5102ms
2019-10-25 18:46:06,310 [90a9ce3a-0a5e-4de2-813a-4d04cb4d4ab9@group-030C09A39C9A-LeaderElection2] INFO  server.RaftServerConfigKeys (ConfUtils.java:logGet(43)) - raft.server.staging.catchup.gap = 1000 (default)
2019-10-25 18:46:06,310 [90a9ce3a-0a5e-4de2-813a-4d04cb4d4ab9@group-030C09A39C9A-LeaderElection2] INFO  server.RaftServerConfigKeys (ConfUtils.java:logGet(43)) - raft.server.rpc.sleep.time = 25ms (default)
2019-10-25 18:46:06,310 [90a9ce3a-0a5e-4de2-813a-4d04cb4d4ab9@group-030C09A39C9A-LeaderElection2] INFO  server.RaftServerConfigKeys (ConfUtils.java:logGet(43)) - raft.server.write.element-limit = 4096 (default)
2019-10-25 18:46:06,311 [90a9ce3a-0a5e-4de2-813a-4d04cb4d4ab9@group-030C09A39C9A-LeaderElection2] INFO  server.RaftServerConfigKeys (ConfUtils.java:logGet(43)) - raft.server.watch.timeout = 10s (default)
2019-10-25 18:46:06,311 [90a9ce3a-0a5e-4de2-813a-4d04cb4d4ab9@group-030C09A39C9A-LeaderElection2] INFO  server.RaftServerConfigKeys (ConfUtils.java:logGet(43)) - raft.server.watch.timeout.denomination = 1s (default)
2019-10-25 18:46:06,311 [90a9ce3a-0a5e-4de2-813a-4d04cb4d4ab9@group-030C09A39C9A-LeaderElection2] INFO  server.RaftServerConfigKeys (ConfUtils.java:logGet(43)) - raft.server.watch.element-limit = 65536 (default)
2019-10-25 18:46:06,311 [90a9ce3a-0a5e-4de2-813a-4d04cb4d4ab9@group-030C09A39C9A-LeaderElection2] INFO  impl.RoleInfo (RoleInfo.java:updateAndGet(143)) - 90a9ce3a-0a5e-4de2-813a-4d04cb4d4ab9: start LeaderState
2019-10-25 18:46:06,312 [90a9ce3a-0a5e-4de2-813a-4d04cb4d4ab9@group-030C09A39C9A-LeaderElection2] INFO  segmented.SegmentedRaftLogWorker (SegmentedRaftLogWorker.java:startLogSegment(385)) - 90a9ce3a-0a5e-4de2-813a-4d04cb4d4ab9@group-030C09A39C9A-SegmentedRaftLogWorker: Starting segment from index:0
2019-10-25 18:46:06,312 [90a9ce3a-0a5e-4de2-813a-4d04cb4d4ab9@group-030C09A39C9A-LeaderElection2] INFO  impl.RaftServerImpl (ServerState.java:setRaftConf(356)) - 90a9ce3a-0a5e-4de2-813a-4d04cb4d4ab9@group-030C09A39C9A: set configuration 0: [90a9ce3a-0a5e-4de2-813a-4d04cb4d4ab9:192.168.157.217:37724], old=null at 0
2019-10-25 18:46:06,393 [Thread-197] INFO  impl.FollowerState (FollowerState.java:run(111)) - b2320d56-a737-47f4-81b1-3e8f0fb16133@group-643C12960AC7-FollowerState: change to CANDIDATE, lastRpcTime:5045ms, electionTimeout:5045ms
2019-10-25 18:46:06,393 [Thread-197] INFO  impl.RoleInfo (RoleInfo.java:shutdownFollowerState(121)) - b2320d56-a737-47f4-81b1-3e8f0fb16133: shutdown FollowerState
2019-10-25 18:46:06,393 [Thread-197] INFO  impl.RaftServerImpl (RaftServerImpl.java:setRole(173)) - b2320d56-a737-47f4-81b1-3e8f0fb16133@group-643C12960AC7: changes role from  FOLLOWER to CANDIDATE at term 0 for changeToCandidate
2019-10-25 18:46:06,394 [Thread-197] INFO  impl.RoleInfo (RoleInfo.java:updateAndGet(143)) - b2320d56-a737-47f4-81b1-3e8f0fb16133: start LeaderElection
2019-10-25 18:46:06,414 [Thread-192] INFO  impl.FollowerState (FollowerState.java:run(111)) - b2320d56-a737-47f4-81b1-3e8f0fb16133@group-18F8FB1219AD-FollowerState: change to CANDIDATE, lastRpcTime:5130ms, electionTimeout:5130ms
2019-10-25 18:46:06,415 [Thread-192] INFO  impl.RoleInfo (RoleInfo.java:shutdownFollowerState(121)) - b2320d56-a737-47f4-81b1-3e8f0fb16133: shutdown FollowerState
2019-10-25 18:46:06,415 [Thread-192] INFO  impl.RaftServerImpl (RaftServerImpl.java:setRole(173)) - b2320d56-a737-47f4-81b1-3e8f0fb16133@group-18F8FB1219AD: changes role from  FOLLOWER to CANDIDATE at term 0 for changeToCandidate
2019-10-25 18:46:06,415 [Thread-192] INFO  impl.RoleInfo (RoleInfo.java:updateAndGet(143)) - b2320d56-a737-47f4-81b1-3e8f0fb16133: start LeaderElection
2019-10-25 18:46:06,419 [b2320d56-a737-47f4-81b1-3e8f0fb16133@group-643C12960AC7-LeaderElection3] INFO  impl.LeaderElection (LeaderElection.java:askForVotes(178)) - b2320d56-a737-47f4-81b1-3e8f0fb16133@group-643C12960AC7-LeaderElection3: begin an election at term 1 for -1: [202d5f49-7963-4b43-9e61-5069c2030fd4:192.168.157.217:43680, b2320d56-a737-47f4-81b1-3e8f0fb16133:192.168.157.217:40923, 90a9ce3a-0a5e-4de2-813a-4d04cb4d4ab9:192.168.157.217:37724], old=null
2019-10-25 18:46:06,452 [Thread-196] INFO  impl.FollowerState (FollowerState.java:run(111)) - 202d5f49-7963-4b43-9e61-5069c2030fd4@group-643C12960AC7-FollowerState: change to CANDIDATE, lastRpcTime:5106ms, electionTimeout:5105ms
2019-10-25 18:46:06,453 [Thread-196] INFO  impl.RoleInfo (RoleInfo.java:shutdownFollowerState(121)) - 202d5f49-7963-4b43-9e61-5069c2030fd4: shutdown FollowerState
2019-10-25 18:46:06,453 [Thread-196] INFO  impl.RaftServerImpl (RaftServerImpl.java:setRole(173)) - 202d5f49-7963-4b43-9e61-5069c2030fd4@group-643C12960AC7: changes role from  FOLLOWER to CANDIDATE at term 0 for changeToCandidate
2019-10-25 18:46:06,453 [Thread-196] INFO  impl.RoleInfo (RoleInfo.java:updateAndGet(143)) - 202d5f49-7963-4b43-9e61-5069c2030fd4: start LeaderElection
2019-10-25 18:46:06,459 [b2320d56-a737-47f4-81b1-3e8f0fb16133@group-18F8FB1219AD-LeaderElection4] INFO  impl.LeaderElection (LeaderElection.java:askForVotes(178)) - b2320d56-a737-47f4-81b1-3e8f0fb16133@group-18F8FB1219AD-LeaderElection4: begin an election at term 1 for -1: [b2320d56-a737-47f4-81b1-3e8f0fb16133:192.168.157.217:40923], old=null
2019-10-25 18:46:06,460 [b2320d56-a737-47f4-81b1-3e8f0fb16133@group-18F8FB1219AD-LeaderElection4] INFO  impl.RoleInfo (RoleInfo.java:shutdownLeaderElection(134)) - b2320d56-a737-47f4-81b1-3e8f0fb16133: shutdown LeaderElection
2019-10-25 18:46:06,460 [b2320d56-a737-47f4-81b1-3e8f0fb16133@group-18F8FB1219AD-LeaderElection4] INFO  impl.RaftServerImpl (RaftServerImpl.java:setRole(173)) - b2320d56-a737-47f4-81b1-3e8f0fb16133@group-18F8FB1219AD: changes role from CANDIDATE to LEADER at term 1 for changeToLeader
2019-10-25 18:46:06,460 [b2320d56-a737-47f4-81b1-3e8f0fb16133@group-18F8FB1219AD-LeaderElection4] INFO  impl.RaftServerImpl (ServerState.java:setLeader(255)) - b2320d56-a737-47f4-81b1-3e8f0fb16133@group-18F8FB1219AD: change Leader from null to b2320d56-a737-47f4-81b1-3e8f0fb16133 at term 1 for becomeLeader, leader elected after 5182ms
2019-10-25 18:46:06,460 [b2320d56-a737-47f4-81b1-3e8f0fb16133@group-18F8FB1219AD-LeaderElection4] INFO  server.RaftServerConfigKeys (ConfUtils.java:logGet(43)) - raft.server.staging.catchup.gap = 1000 (default)
2019-10-25 18:46:06,460 [b2320d56-a737-47f4-81b1-3e8f0fb16133@group-18F8FB1219AD-LeaderElection4] INFO  server.RaftServerConfigKeys (ConfUtils.java:logGet(43)) - raft.server.rpc.sleep.time = 25ms (default)
2019-10-25 18:46:06,460 [b2320d56-a737-47f4-81b1-3e8f0fb16133@group-18F8FB1219AD-LeaderElection4] INFO  server.RaftServerConfigKeys (ConfUtils.java:logGet(43)) - raft.server.write.element-limit = 4096 (default)
2019-10-25 18:46:06,460 [b2320d56-a737-47f4-81b1-3e8f0fb16133@group-18F8FB1219AD-LeaderElection4] INFO  server.RaftServerConfigKeys (ConfUtils.java:logGet(43)) - raft.server.watch.timeout = 10s (default)
2019-10-25 18:46:06,461 [b2320d56-a737-47f4-81b1-3e8f0fb16133@group-18F8FB1219AD-LeaderElection4] INFO  server.RaftServerConfigKeys (ConfUtils.java:logGet(43)) - raft.server.watch.timeout.denomination = 1s (default)
2019-10-25 18:46:06,461 [b2320d56-a737-47f4-81b1-3e8f0fb16133@group-18F8FB1219AD-LeaderElection4] INFO  server.RaftServerConfigKeys (ConfUtils.java:logGet(43)) - raft.server.watch.element-limit = 65536 (default)
2019-10-25 18:46:06,461 [b2320d56-a737-47f4-81b1-3e8f0fb16133@group-18F8FB1219AD-LeaderElection4] INFO  impl.RoleInfo (RoleInfo.java:updateAndGet(143)) - b2320d56-a737-47f4-81b1-3e8f0fb16133: start LeaderState
2019-10-25 18:46:06,461 [b2320d56-a737-47f4-81b1-3e8f0fb16133@group-18F8FB1219AD-LeaderElection4] INFO  segmented.SegmentedRaftLogWorker (SegmentedRaftLogWorker.java:startLogSegment(385)) - b2320d56-a737-47f4-81b1-3e8f0fb16133@group-18F8FB1219AD-SegmentedRaftLogWorker: Starting segment from index:0
2019-10-25 18:46:06,462 [b2320d56-a737-47f4-81b1-3e8f0fb16133@group-18F8FB1219AD-LeaderElection4] INFO  impl.RaftServerImpl (ServerState.java:setRaftConf(356)) - b2320d56-a737-47f4-81b1-3e8f0fb16133@group-18F8FB1219AD: set configuration 0: [b2320d56-a737-47f4-81b1-3e8f0fb16133:192.168.157.217:40923], old=null at 0
2019-10-25 18:46:06,498 [Thread-201] INFO  impl.FollowerState (FollowerState.java:run(111)) - 90a9ce3a-0a5e-4de2-813a-4d04cb4d4ab9@group-643C12960AC7-FollowerState: change to CANDIDATE, lastRpcTime:5139ms, electionTimeout:5104ms
2019-10-25 18:46:06,498 [90a9ce3a-0a5e-4de2-813a-4d04cb4d4ab9@group-030C09A39C9A-SegmentedRaftLogWorker] INFO  segmented.SegmentedRaftLogWorker (SegmentedRaftLogWorker.java:execute(576)) - 90a9ce3a-0a5e-4de2-813a-4d04cb4d4ab9@group-030C09A39C9A-SegmentedRaftLogWorker: created new log segment /workdir/hadoop-ozone/integration-test/target/test-dir/MiniOzoneClusterImpl-1169b08c-7389-4170-95e3-f5079f135e90/datanode-2/data/ratis/a6298735-0df9-4fd7-93a7-030c09a39c9a/current/log_inprogress_0
2019-10-25 18:46:06,498 [Thread-201] INFO  impl.RoleInfo (RoleInfo.java:shutdownFollowerState(121)) - 90a9ce3a-0a5e-4de2-813a-4d04cb4d4ab9: shutdown FollowerState
2019-10-25 18:46:06,498 [202d5f49-7963-4b43-9e61-5069c2030fd4@group-39BD47E6BC15-SegmentedRaftLogWorker] INFO  segmented.SegmentedRaftLogWorker (SegmentedRaftLogWorker.java:execute(576)) - 202d5f49-7963-4b43-9e61-5069c2030fd4@group-39BD47E6BC15-SegmentedRaftLogWorker: created new log segment /workdir/hadoop-ozone/integration-test/target/test-dir/MiniOzoneClusterImpl-1169b08c-7389-4170-95e3-f5079f135e90/datanode-0/data/ratis/688251d9-0b1b-49f0-ba86-39bd47e6bc15/current/log_inprogress_0
2019-10-25 18:46:06,499 [202d5f49-7963-4b43-9e61-5069c2030fd4@group-643C12960AC7-LeaderElection5] INFO  impl.LeaderElection (LeaderElection.java:askForVotes(178)) - 202d5f49-7963-4b43-9e61-5069c2030fd4@group-643C12960AC7-LeaderElection5: begin an election at term 1 for -1: [202d5f49-7963-4b43-9e61-5069c2030fd4:192.168.157.217:43680, b2320d56-a737-47f4-81b1-3e8f0fb16133:192.168.157.217:40923, 90a9ce3a-0a5e-4de2-813a-4d04cb4d4ab9:192.168.157.217:37724], old=null
2019-10-25 18:46:06,501 [Thread-201] INFO  impl.RaftServerImpl (RaftServerImpl.java:setRole(173)) - 90a9ce3a-0a5e-4de2-813a-4d04cb4d4ab9@group-643C12960AC7: changes role from  FOLLOWER to CANDIDATE at term 0 for changeToCandidate
2019-10-25 18:46:06,501 [Thread-201] INFO  impl.RoleInfo (RoleInfo.java:updateAndGet(143)) - 90a9ce3a-0a5e-4de2-813a-4d04cb4d4ab9: start LeaderElection
2019-10-25 18:46:06,502 [b2320d56-a737-47f4-81b1-3e8f0fb16133@group-18F8FB1219AD-SegmentedRaftLogWorker] INFO  segmented.SegmentedRaftLogWorker (SegmentedRaftLogWorker.java:execute(576)) - b2320d56-a737-47f4-81b1-3e8f0fb16133@group-18F8FB1219AD-SegmentedRaftLogWorker: created new log segment /workdir/hadoop-ozone/integration-test/target/test-dir/MiniOzoneClusterImpl-1169b08c-7389-4170-95e3-f5079f135e90/datanode-1/data/ratis/1aa27d3d-ea0e-4e1d-8d3e-18f8fb1219ad/current/log_inprogress_0
2019-10-25 18:46:06,510 [90a9ce3a-0a5e-4de2-813a-4d04cb4d4ab9@group-643C12960AC7-LeaderElection6] INFO  impl.LeaderElection (LeaderElection.java:askForVotes(178)) - 90a9ce3a-0a5e-4de2-813a-4d04cb4d4ab9@group-643C12960AC7-LeaderElection6: begin an election at term 1 for -1: [202d5f49-7963-4b43-9e61-5069c2030fd4:192.168.157.217:43680, b2320d56-a737-47f4-81b1-3e8f0fb16133:192.168.157.217:40923, 90a9ce3a-0a5e-4de2-813a-4d04cb4d4ab9:192.168.157.217:37724], old=null
2019-10-25 18:46:06,537 [b2320d56-a737-47f4-81b1-3e8f0fb16133@group-643C12960AC7-LeaderElection3] INFO  impl.LeaderElection (LeaderElection.java:logAndReturn(56)) - b2320d56-a737-47f4-81b1-3e8f0fb16133@group-643C12960AC7-LeaderElection3: Election REJECTED; received 2 response(s) [b2320d56-a737-47f4-81b1-3e8f0fb16133<-202d5f49-7963-4b43-9e61-5069c2030fd4#0:FAIL-t1, b2320d56-a737-47f4-81b1-3e8f0fb16133<-90a9ce3a-0a5e-4de2-813a-4d04cb4d4ab9#0:FAIL-t1] and 0 exception(s); b2320d56-a737-47f4-81b1-3e8f0fb16133@group-643C12960AC7:t1, leader=null, voted=b2320d56-a737-47f4-81b1-3e8f0fb16133, raftlog=b2320d56-a737-47f4-81b1-3e8f0fb16133@group-643C12960AC7-SegmentedRaftLog:OPENED:c-1,f-1,i0, conf=-1: [202d5f49-7963-4b43-9e61-5069c2030fd4:192.168.157.217:43680, b2320d56-a737-47f4-81b1-3e8f0fb16133:192.168.157.217:40923, 90a9ce3a-0a5e-4de2-813a-4d04cb4d4ab9:192.168.157.217:37724], old=null
2019-10-25 18:46:06,540 [b2320d56-a737-47f4-81b1-3e8f0fb16133@group-643C12960AC7-LeaderElection3] INFO  impl.RaftServerImpl (RaftServerImpl.java:setRole(173)) - b2320d56-a737-47f4-81b1-3e8f0fb16133@group-643C12960AC7: changes role from CANDIDATE to FOLLOWER at term 1 for DISCOVERED_A_NEW_TERM
2019-10-25 18:46:06,541 [b2320d56-a737-47f4-81b1-3e8f0fb16133@group-643C12960AC7-LeaderElection3] INFO  impl.RoleInfo (RoleInfo.java:shutdownLeaderElection(134)) - b2320d56-a737-47f4-81b1-3e8f0fb16133: shutdown LeaderElection
2019-10-25 18:46:06,542 [b2320d56-a737-47f4-81b1-3e8f0fb16133@group-643C12960AC7-LeaderElection3] INFO  impl.RoleInfo (RoleInfo.java:updateAndGet(143)) - b2320d56-a737-47f4-81b1-3e8f0fb16133: start FollowerState
2019-10-25 18:46:06,543 [202d5f49-7963-4b43-9e61-5069c2030fd4@group-643C12960AC7-LeaderElection5] INFO  impl.LeaderElection (LeaderElection.java:logAndReturn(56)) - 202d5f49-7963-4b43-9e61-5069c2030fd4@group-643C12960AC7-LeaderElection5: Election REJECTED; received 2 response(s) [202d5f49-7963-4b43-9e61-5069c2030fd4<-b2320d56-a737-47f4-81b1-3e8f0fb16133#0:FAIL-t1, 202d5f49-7963-4b43-9e61-5069c2030fd4<-90a9ce3a-0a5e-4de2-813a-4d04cb4d4ab9#0:FAIL-t1] and 0 exception(s); 202d5f49-7963-4b43-9e61-5069c2030fd4@group-643C12960AC7:t1, leader=null, voted=202d5f49-7963-4b43-9e61-5069c2030fd4, raftlog=202d5f49-7963-4b43-9e61-5069c2030fd4@group-643C12960AC7-SegmentedRaftLog:OPENED:c-1,f-1,i0, conf=-1: [202d5f49-7963-4b43-9e61-5069c2030fd4:192.168.157.217:43680, b2320d56-a737-47f4-81b1-3e8f0fb16133:192.168.157.217:40923, 90a9ce3a-0a5e-4de2-813a-4d04cb4d4ab9:192.168.157.217:37724], old=null
2019-10-25 18:46:06,544 [202d5f49-7963-4b43-9e61-5069c2030fd4@group-643C12960AC7-LeaderElection5] INFO  impl.RaftServerImpl (RaftServerImpl.java:setRole(173)) - 202d5f49-7963-4b43-9e61-5069c2030fd4@group-643C12960AC7: changes role from CANDIDATE to FOLLOWER at term 1 for DISCOVERED_A_NEW_TERM
2019-10-25 18:46:06,545 [202d5f49-7963-4b43-9e61-5069c2030fd4@group-643C12960AC7-LeaderElection5] INFO  impl.RoleInfo (RoleInfo.java:shutdownLeaderElection(134)) - 202d5f49-7963-4b43-9e61-5069c2030fd4: shutdown LeaderElection
2019-10-25 18:46:06,545 [202d5f49-7963-4b43-9e61-5069c2030fd4@group-643C12960AC7-LeaderElection5] INFO  impl.RoleInfo (RoleInfo.java:updateAndGet(143)) - 202d5f49-7963-4b43-9e61-5069c2030fd4: start FollowerState
2019-10-25 18:46:06,548 [90a9ce3a-0a5e-4de2-813a-4d04cb4d4ab9@group-643C12960AC7-LeaderElection6] INFO  impl.LeaderElection (LeaderElection.java:logAndReturn(56)) - 90a9ce3a-0a5e-4de2-813a-4d04cb4d4ab9@group-643C12960AC7-LeaderElection6: Election REJECTED; received 2 response(s) [90a9ce3a-0a5e-4de2-813a-4d04cb4d4ab9<-202d5f49-7963-4b43-9e61-5069c2030fd4#0:FAIL-t1, 90a9ce3a-0a5e-4de2-813a-4d04cb4d4ab9<-b2320d56-a737-47f4-81b1-3e8f0fb16133#0:FAIL-t1] and 0 exception(s); 90a9ce3a-0a5e-4de2-813a-4d04cb4d4ab9@group-643C12960AC7:t1, leader=null, voted=90a9ce3a-0a5e-4de2-813a-4d04cb4d4ab9, raftlog=90a9ce3a-0a5e-4de2-813a-4d04cb4d4ab9@group-643C12960AC7-SegmentedRaftLog:OPENED:c-1,f-1,i0, conf=-1: [202d5f49-7963-4b43-9e61-5069c2030fd4:192.168.157.217:43680, b2320d56-a737-47f4-81b1-3e8f0fb16133:192.168.157.217:40923, 90a9ce3a-0a5e-4de2-813a-4d04cb4d4ab9:192.168.157.217:37724], old=null
2019-10-25 18:46:06,549 [90a9ce3a-0a5e-4de2-813a-4d04cb4d4ab9@group-643C12960AC7-LeaderElection6] INFO  impl.RaftServerImpl (RaftServerImpl.java:setRole(173)) - 90a9ce3a-0a5e-4de2-813a-4d04cb4d4ab9@group-643C12960AC7: changes role from CANDIDATE to FOLLOWER at term 1 for DISCOVERED_A_NEW_TERM
2019-10-25 18:46:06,550 [90a9ce3a-0a5e-4de2-813a-4d04cb4d4ab9@group-643C12960AC7-LeaderElection6] INFO  impl.RoleInfo (RoleInfo.java:shutdownLeaderElection(134)) - 90a9ce3a-0a5e-4de2-813a-4d04cb4d4ab9: shutdown LeaderElection
2019-10-25 18:46:06,550 [90a9ce3a-0a5e-4de2-813a-4d04cb4d4ab9@group-643C12960AC7-LeaderElection6] INFO  impl.RoleInfo (RoleInfo.java:updateAndGet(143)) - 90a9ce3a-0a5e-4de2-813a-4d04cb4d4ab9: start FollowerState
2019-10-25 18:46:11,586 [Thread-246] INFO  impl.FollowerState (FollowerState.java:run(111)) - b2320d56-a737-47f4-81b1-3e8f0fb16133@group-643C12960AC7-FollowerState: change to CANDIDATE, lastRpcTime:5044ms, electionTimeout:5043ms
2019-10-25 18:46:11,588 [Thread-246] INFO  impl.RoleInfo (RoleInfo.java:shutdownFollowerState(121)) - b2320d56-a737-47f4-81b1-3e8f0fb16133: shutdown FollowerState
2019-10-25 18:46:11,588 [Thread-246] INFO  impl.RaftServerImpl (RaftServerImpl.java:setRole(173)) - b2320d56-a737-47f4-81b1-3e8f0fb16133@group-643C12960AC7: changes role from  FOLLOWER to CANDIDATE at term 1 for changeToCandidate
2019-10-25 18:46:11,588 [Thread-246] INFO  impl.RoleInfo (RoleInfo.java:updateAndGet(143)) - b2320d56-a737-47f4-81b1-3e8f0fb16133: start LeaderElection
2019-10-25 18:46:11,590 [Thread-247] INFO  impl.FollowerState (FollowerState.java:run(111)) - 202d5f49-7963-4b43-9e61-5069c2030fd4@group-643C12960AC7-FollowerState: change to CANDIDATE, lastRpcTime:5045ms, electionTimeout:5044ms
2019-10-25 18:46:11,591 [Thread-247] INFO  impl.RoleInfo (RoleInfo.java:shutdownFollowerState(121)) - 202d5f49-7963-4b43-9e61-5069c2030fd4: shutdown FollowerState
2019-10-25 18:46:11,591 [Thread-247] INFO  impl.RaftServerImpl (RaftServerImpl.java:setRole(173)) - 202d5f49-7963-4b43-9e61-5069c2030fd4@group-643C12960AC7: changes role from  FOLLOWER to CANDIDATE at term 1 for changeToCandidate
2019-10-25 18:46:11,591 [Thread-247] INFO  impl.RoleInfo (RoleInfo.java:updateAndGet(143)) - 202d5f49-7963-4b43-9e61-5069c2030fd4: start LeaderElection
2019-10-25 18:46:11,598 [Thread-248] INFO  impl.FollowerState (FollowerState.java:run(111)) - 90a9ce3a-0a5e-4de2-813a-4d04cb4d4ab9@group-643C12960AC7-FollowerState: change to CANDIDATE, lastRpcTime:5047ms, electionTimeout:5047ms
2019-10-25 18:46:11,598 [Thread-248] INFO  impl.RoleInfo (RoleInfo.java:shutdownFollowerState(121)) - 90a9ce3a-0a5e-4de2-813a-4d04cb4d4ab9: shutdown FollowerState
2019-10-25 18:46:11,599 [Thread-248] INFO  impl.RaftServerImpl (RaftServerImpl.java:setRole(173)) - 90a9ce3a-0a5e-4de2-813a-4d04cb4d4ab9@group-643C12960AC7: changes role from  FOLLOWER to CANDIDATE at term 1 for changeToCandidate
2019-10-25 18:46:11,599 [Thread-248] INFO  impl.RoleInfo (RoleInfo.java:updateAndGet(143)) - 90a9ce3a-0a5e-4de2-813a-4d04cb4d4ab9: start LeaderElection
2019-10-25 18:46:11,602 [b2320d56-a737-47f4-81b1-3e8f0fb16133@group-643C12960AC7-LeaderElection7] INFO  impl.LeaderElection (LeaderElection.java:askForVotes(178)) - b2320d56-a737-47f4-81b1-3e8f0fb16133@group-643C12960AC7-LeaderElection7: begin an election at term 2 for -1: [202d5f49-7963-4b43-9e61-5069c2030fd4:192.168.157.217:43680, b2320d56-a737-47f4-81b1-3e8f0fb16133:192.168.157.217:40923, 90a9ce3a-0a5e-4de2-813a-4d04cb4d4ab9:192.168.157.217:37724], old=null
2019-10-25 18:46:11,602 [202d5f49-7963-4b43-9e61-5069c2030fd4@group-643C12960AC7-LeaderElection8] INFO  impl.LeaderElection (LeaderElection.java:askForVotes(178)) - 202d5f49-7963-4b43-9e61-5069c2030fd4@group-643C12960AC7-LeaderElection8: begin an election at term 2 for -1: [202d5f49-7963-4b43-9e61-5069c2030fd4:192.168.157.217:43680, b2320d56-a737-47f4-81b1-3e8f0fb16133:192.168.157.217:40923, 90a9ce3a-0a5e-4de2-813a-4d04cb4d4ab9:192.168.157.217:37724], old=null
2019-10-25 18:46:11,604 [90a9ce3a-0a5e-4de2-813a-4d04cb4d4ab9@group-643C12960AC7-LeaderElection9] INFO  impl.LeaderElection (LeaderElection.java:askForVotes(178)) - 90a9ce3a-0a5e-4de2-813a-4d04cb4d4ab9@group-643C12960AC7-LeaderElection9: begin an election at term 2 for -1: [202d5f49-7963-4b43-9e61-5069c2030fd4:192.168.157.217:43680, b2320d56-a737-47f4-81b1-3e8f0fb16133:192.168.157.217:40923, 90a9ce3a-0a5e-4de2-813a-4d04cb4d4ab9:192.168.157.217:37724], old=null
2019-10-25 18:46:11,619 [b2320d56-a737-47f4-81b1-3e8f0fb16133@group-643C12960AC7-LeaderElection7] INFO  impl.LeaderElection (LeaderElection.java:logAndReturn(56)) - b2320d56-a737-47f4-81b1-3e8f0fb16133@group-643C12960AC7-LeaderElection7: Election REJECTED; received 2 response(s) [b2320d56-a737-47f4-81b1-3e8f0fb16133<-202d5f49-7963-4b43-9e61-5069c2030fd4#0:FAIL-t2, b2320d56-a737-47f4-81b1-3e8f0fb16133<-90a9ce3a-0a5e-4de2-813a-4d04cb4d4ab9#0:FAIL-t2] and 0 exception(s); b2320d56-a737-47f4-81b1-3e8f0fb16133@group-643C12960AC7:t2, leader=null, voted=b2320d56-a737-47f4-81b1-3e8f0fb16133, raftlog=b2320d56-a737-47f4-81b1-3e8f0fb16133@group-643C12960AC7-SegmentedRaftLog:OPENED:c-1,f-1,i0, conf=-1: [202d5f49-7963-4b43-9e61-5069c2030fd4:192.168.157.217:43680, b2320d56-a737-47f4-81b1-3e8f0fb16133:192.168.157.217:40923, 90a9ce3a-0a5e-4de2-813a-4d04cb4d4ab9:192.168.157.217:37724], old=null
2019-10-25 18:46:11,620 [b2320d56-a737-47f4-81b1-3e8f0fb16133@group-643C12960AC7-LeaderElection7] INFO  impl.RaftServerImpl (RaftServerImpl.java:setRole(173)) - b2320d56-a737-47f4-81b1-3e8f0fb16133@group-643C12960AC7: changes role from CANDIDATE to FOLLOWER at term 2 for DISCOVERED_A_NEW_TERM
2019-10-25 18:46:11,621 [b2320d56-a737-47f4-81b1-3e8f0fb16133@group-643C12960AC7-LeaderElection7] INFO  impl.RoleInfo (RoleInfo.java:shutdownLeaderElection(134)) - b2320d56-a737-47f4-81b1-3e8f0fb16133: shutdown LeaderElection
2019-10-25 18:46:11,621 [b2320d56-a737-47f4-81b1-3e8f0fb16133@group-643C12960AC7-LeaderElection7] INFO  impl.RoleInfo (RoleInfo.java:updateAndGet(143)) - b2320d56-a737-47f4-81b1-3e8f0fb16133: start FollowerState
2019-10-25 18:46:11,623 [202d5f49-7963-4b43-9e61-5069c2030fd4@group-643C12960AC7-LeaderElection8] INFO  impl.LeaderElection (LeaderElection.java:logAndReturn(56)) - 202d5f49-7963-4b43-9e61-5069c2030fd4@group-643C12960AC7-LeaderElection8: Election REJECTED; received 2 response(s) [202d5f49-7963-4b43-9e61-5069c2030fd4<-b2320d56-a737-47f4-81b1-3e8f0fb16133#0:FAIL-t2, 202d5f49-7963-4b43-9e61-5069c2030fd4<-90a9ce3a-0a5e-4de2-813a-4d04cb4d4ab9#0:FAIL-t2] and 0 exception(s); 202d5f49-7963-4b43-9e61-5069c2030fd4@group-643C12960AC7:t2, leader=null, voted=202d5f49-7963-4b43-9e61-5069c2030fd4, raftlog=202d5f49-7963-4b43-9e61-5069c2030fd4@group-643C12960AC7-SegmentedRaftLog:OPENED:c-1,f-1,i0, conf=-1: [202d5f49-7963-4b43-9e61-5069c2030fd4:192.168.157.217:43680, b2320d56-a737-47f4-81b1-3e8f0fb16133:192.168.157.217:40923, 90a9ce3a-0a5e-4de2-813a-4d04cb4d4ab9:192.168.157.217:37724], old=null
2019-10-25 18:46:11,625 [202d5f49-7963-4b43-9e61-5069c2030fd4@group-643C12960AC7-LeaderElection8] INFO  impl.RaftServerImpl (RaftServerImpl.java:setRole(173)) - 202d5f49-7963-4b43-9e61-5069c2030fd4@group-643C12960AC7: changes role from CANDIDATE to FOLLOWER at term 2 for DISCOVERED_A_NEW_TERM
2019-10-25 18:46:11,626 [202d5f49-7963-4b43-9e61-5069c2030fd4@group-643C12960AC7-LeaderElection8] INFO  impl.RoleInfo (RoleInfo.java:shutdownLeaderElection(134)) - 202d5f49-7963-4b43-9e61-5069c2030fd4: shutdown LeaderElection
2019-10-25 18:46:11,628 [202d5f49-7963-4b43-9e61-5069c2030fd4@group-643C12960AC7-LeaderElection8] INFO  impl.RoleInfo (RoleInfo.java:updateAndGet(143)) - 202d5f49-7963-4b43-9e61-5069c2030fd4: start FollowerState
2019-10-25 18:46:11,628 [90a9ce3a-0a5e-4de2-813a-4d04cb4d4ab9@group-643C12960AC7-LeaderElection9] INFO  impl.LeaderElection (LeaderElection.java:logAndReturn(56)) - 90a9ce3a-0a5e-4de2-813a-4d04cb4d4ab9@group-643C12960AC7-LeaderElection9: Election REJECTED; received 2 response(s) [90a9ce3a-0a5e-4de2-813a-4d04cb4d4ab9<-202d5f49-7963-4b43-9e61-5069c2030fd4#0:FAIL-t2, 90a9ce3a-0a5e-4de2-813a-4d04cb4d4ab9<-b2320d56-a737-47f4-81b1-3e8f0fb16133#0:FAIL-t2] and 0 exception(s); 90a9ce3a-0a5e-4de2-813a-4d04cb4d4ab9@group-643C12960AC7:t2, leader=null, voted=90a9ce3a-0a5e-4de2-813a-4d04cb4d4ab9, raftlog=90a9ce3a-0a5e-4de2-813a-4d04cb4d4ab9@group-643C12960AC7-SegmentedRaftLog:OPENED:c-1,f-1,i0, conf=-1: [202d5f49-7963-4b43-9e61-5069c2030fd4:192.168.157.217:43680, b2320d56-a737-47f4-81b1-3e8f0fb16133:192.168.157.217:40923, 90a9ce3a-0a5e-4de2-813a-4d04cb4d4ab9:192.168.157.217:37724], old=null
2019-10-25 18:46:11,630 [90a9ce3a-0a5e-4de2-813a-4d04cb4d4ab9@group-643C12960AC7-LeaderElection9] INFO  impl.RaftServerImpl (RaftServerImpl.java:setRole(173)) - 90a9ce3a-0a5e-4de2-813a-4d04cb4d4ab9@group-643C12960AC7: changes role from CANDIDATE to FOLLOWER at term 2 for DISCOVERED_A_NEW_TERM
2019-10-25 18:46:11,631 [90a9ce3a-0a5e-4de2-813a-4d04cb4d4ab9@group-643C12960AC7-LeaderElection9] INFO  impl.RoleInfo (RoleInfo.java:shutdownLeaderElection(134)) - 90a9ce3a-0a5e-4de2-813a-4d04cb4d4ab9: shutdown LeaderElection
2019-10-25 18:46:11,632 [90a9ce3a-0a5e-4de2-813a-4d04cb4d4ab9@group-643C12960AC7-LeaderElection9] INFO  impl.RoleInfo (RoleInfo.java:updateAndGet(143)) - 90a9ce3a-0a5e-4de2-813a-4d04cb4d4ab9: start FollowerState
2019-10-25 18:46:16,638 [Thread-271] INFO  impl.FollowerState (FollowerState.java:run(111)) - b2320d56-a737-47f4-81b1-3e8f0fb16133@group-643C12960AC7-FollowerState: change to CANDIDATE, lastRpcTime:5016ms, electionTimeout:5015ms
2019-10-25 18:46:16,639 [Thread-271] INFO  impl.RoleInfo (RoleInfo.java:shutdownFollowerState(121)) - b2320d56-a737-47f4-81b1-3e8f0fb16133: shutdown FollowerState
2019-10-25 18:46:16,640 [Thread-271] INFO  impl.RaftServerImpl (RaftServerImpl.java:setRole(173)) - b2320d56-a737-47f4-81b1-3e8f0fb16133@group-643C12960AC7: changes role from  FOLLOWER to CANDIDATE at term 2 for changeToCandidate
2019-10-25 18:46:16,640 [Thread-271] INFO  impl.RoleInfo (RoleInfo.java:updateAndGet(143)) - b2320d56-a737-47f4-81b1-3e8f0fb16133: start LeaderElection
2019-10-25 18:46:16,644 [b2320d56-a737-47f4-81b1-3e8f0fb16133@group-643C12960AC7-LeaderElection10] INFO  impl.LeaderElection (LeaderElection.java:askForVotes(178)) - b2320d56-a737-47f4-81b1-3e8f0fb16133@group-643C12960AC7-LeaderElection10: begin an election at term 3 for -1: [202d5f49-7963-4b43-9e61-5069c2030fd4:192.168.157.217:43680, b2320d56-a737-47f4-81b1-3e8f0fb16133:192.168.157.217:40923, 90a9ce3a-0a5e-4de2-813a-4d04cb4d4ab9:192.168.157.217:37724], old=null
2019-10-25 18:46:16,651 [grpc-default-executor-0] INFO  impl.RaftServerImpl (RaftServerImpl.java:setRole(173)) - 90a9ce3a-0a5e-4de2-813a-4d04cb4d4ab9@group-643C12960AC7: changes role from  FOLLOWER to FOLLOWER at term 3 for recognizeCandidate:b2320d56-a737-47f4-81b1-3e8f0fb16133
2019-10-25 18:46:16,651 [grpc-default-executor-0] INFO  impl.RoleInfo (RoleInfo.java:shutdownFollowerState(121)) - 90a9ce3a-0a5e-4de2-813a-4d04cb4d4ab9: shutdown FollowerState
2019-10-25 18:46:16,651 [grpc-default-executor-2] INFO  impl.RaftServerImpl (RaftServerImpl.java:setRole(173)) - 202d5f49-7963-4b43-9e61-5069c2030fd4@group-643C12960AC7: changes role from  FOLLOWER to FOLLOWER at term 3 for recognizeCandidate:b2320d56-a737-47f4-81b1-3e8f0fb16133
2019-10-25 18:46:16,651 [grpc-default-executor-0] INFO  impl.RoleInfo (RoleInfo.java:updateAndGet(143)) - 90a9ce3a-0a5e-4de2-813a-4d04cb4d4ab9: start FollowerState
2019-10-25 18:46:16,651 [Thread-273] INFO  impl.FollowerState (FollowerState.java:run(120)) - 90a9ce3a-0a5e-4de2-813a-4d04cb4d4ab9@group-643C12960AC7-FollowerState was interrupted: java.lang.InterruptedException: sleep interrupted
2019-10-25 18:46:16,651 [grpc-default-executor-2] INFO  impl.RoleInfo (RoleInfo.java:shutdownFollowerState(121)) - 202d5f49-7963-4b43-9e61-5069c2030fd4: shutdown FollowerState
2019-10-25 18:46:16,653 [grpc-default-executor-2] INFO  impl.RoleInfo (RoleInfo.java:updateAndGet(143)) - 202d5f49-7963-4b43-9e61-5069c2030fd4: start FollowerState
2019-10-25 18:46:16,653 [Thread-272] INFO  impl.FollowerState (FollowerState.java:run(120)) - 202d5f49-7963-4b43-9e61-5069c2030fd4@group-643C12960AC7-FollowerState was interrupted: java.lang.InterruptedException: sleep interrupted
2019-10-25 18:46:16,663 [b2320d56-a737-47f4-81b1-3e8f0fb16133@group-643C12960AC7-LeaderElection10] INFO  impl.LeaderElection (LeaderElection.java:logAndReturn(56)) - b2320d56-a737-47f4-81b1-3e8f0fb16133@group-643C12960AC7-LeaderElection10: Election PASSED; received 1 response(s) [b2320d56-a737-47f4-81b1-3e8f0fb16133<-90a9ce3a-0a5e-4de2-813a-4d04cb4d4ab9#0:OK-t3] and 0 exception(s); b2320d56-a737-47f4-81b1-3e8f0fb16133@group-643C12960AC7:t3, leader=null, voted=b2320d56-a737-47f4-81b1-3e8f0fb16133, raftlog=b2320d56-a737-47f4-81b1-3e8f0fb16133@group-643C12960AC7-SegmentedRaftLog:OPENED:c-1,f-1,i0, conf=-1: [202d5f49-7963-4b43-9e61-5069c2030fd4:192.168.157.217:43680, b2320d56-a737-47f4-81b1-3e8f0fb16133:192.168.157.217:40923, 90a9ce3a-0a5e-4de2-813a-4d04cb4d4ab9:192.168.157.217:37724], old=null
2019-10-25 18:46:16,663 [b2320d56-a737-47f4-81b1-3e8f0fb16133@group-643C12960AC7-LeaderElection10] INFO  impl.RoleInfo (RoleInfo.java:shutdownLeaderElection(134)) - b2320d56-a737-47f4-81b1-3e8f0fb16133: shutdown LeaderElection
2019-10-25 18:46:16,663 [b2320d56-a737-47f4-81b1-3e8f0fb16133@group-643C12960AC7-LeaderElection10] INFO  impl.RaftServerImpl (RaftServerImpl.java:setRole(173)) - b2320d56-a737-47f4-81b1-3e8f0fb16133@group-643C12960AC7: changes role from CANDIDATE to LEADER at term 3 for changeToLeader
2019-10-25 18:46:16,664 [b2320d56-a737-47f4-81b1-3e8f0fb16133@group-643C12960AC7-LeaderElection10] INFO  impl.RaftServerImpl (ServerState.java:setLeader(255)) - b2320d56-a737-47f4-81b1-3e8f0fb16133@group-643C12960AC7: change Leader from null to b2320d56-a737-47f4-81b1-3e8f0fb16133 at term 3 for becomeLeader, leader elected after 15331ms
2019-10-25 18:46:16,665 [b2320d56-a737-47f4-81b1-3e8f0fb16133@group-643C12960AC7-LeaderElection10] INFO  server.RaftServerConfigKeys (ConfUtils.java:logGet(43)) - raft.server.staging.catchup.gap = 1000 (default)
2019-10-25 18:46:16,665 [b2320d56-a737-47f4-81b1-3e8f0fb16133@group-643C12960AC7-LeaderElection10] INFO  server.RaftServerConfigKeys (ConfUtils.java:logGet(43)) - raft.server.rpc.sleep.time = 25ms (default)
2019-10-25 18:46:16,665 [b2320d56-a737-47f4-81b1-3e8f0fb16133@group-643C12960AC7-LeaderElection10] INFO  server.RaftServerConfigKeys (ConfUtils.java:logGet(43)) - raft.server.write.element-limit = 4096 (default)
2019-10-25 18:46:16,665 [b2320d56-a737-47f4-81b1-3e8f0fb16133@group-643C12960AC7-LeaderElection10] INFO  server.RaftServerConfigKeys (ConfUtils.java:logGet(43)) - raft.server.watch.timeout = 10s (default)
2019-10-25 18:46:16,665 [b2320d56-a737-47f4-81b1-3e8f0fb16133@group-643C12960AC7-LeaderElection10] INFO  server.RaftServerConfigKeys (ConfUtils.java:logGet(43)) - raft.server.watch.timeout.denomination = 1s (default)
2019-10-25 18:46:16,665 [b2320d56-a737-47f4-81b1-3e8f0fb16133@group-643C12960AC7-LeaderElection10] INFO  server.RaftServerConfigKeys (ConfUtils.java:logGet(43)) - raft.server.watch.element-limit = 65536 (default)
2019-10-25 18:46:16,668 [b2320d56-a737-47f4-81b1-3e8f0fb16133@group-643C12960AC7-LeaderElection10] INFO  server.RaftServerConfigKeys (ConfUtils.java:logGet(43)) - raft.server.log.appender.snapshot.chunk.size.max = 16MB (=16777216) (default)
2019-10-25 18:46:16,668 [b2320d56-a737-47f4-81b1-3e8f0fb16133@group-643C12960AC7-LeaderElection10] INFO  server.RaftServerConfigKeys (ConfUtils.java:logGet(43)) - raft.server.log.appender.buffer.byte-limit = 33554432 (custom)
2019-10-25 18:46:16,669 [b2320d56-a737-47f4-81b1-3e8f0fb16133@group-643C12960AC7-LeaderElection10] INFO  server.RaftServerConfigKeys (ConfUtils.java:logGet(43)) - raft.server.log.appender.buffer.element-limit = 1 (custom)
2019-10-25 18:46:16,672 [b2320d56-a737-47f4-81b1-3e8f0fb16133@group-643C12960AC7-LeaderElection10] INFO  grpc.GrpcConfigKeys$Server (ConfUtils.java:logGet(43)) - raft.grpc.server.leader.outstanding.appends.max = 128 (default)
2019-10-25 18:46:16,672 [b2320d56-a737-47f4-81b1-3e8f0fb16133@group-643C12960AC7-LeaderElection10] INFO  server.RaftServerConfigKeys (ConfUtils.java:logGet(43)) - raft.server.rpc.request.timeout = 3000ms (default)
2019-10-25 18:46:16,672 [b2320d56-a737-47f4-81b1-3e8f0fb16133@group-643C12960AC7-LeaderElection10] INFO  server.RaftServerConfigKeys (ConfUtils.java:logGet(43)) - raft.server.log.appender.install.snapshot.enabled = false (custom)
2019-10-25 18:46:16,673 [b2320d56-a737-47f4-81b1-3e8f0fb16133@group-643C12960AC7-LeaderElection10] WARN  impl.MetricRegistriesImpl (MetricRegistriesImpl.java:lambda$create$1(61)) - First MetricRegistry has been created without registering reporters. You may need to call MetricRegistries.global().addReportRegistration(...) before.
2019-10-25 18:46:16,674 [b2320d56-a737-47f4-81b1-3e8f0fb16133@group-643C12960AC7-LeaderElection10] INFO  server.RaftServerConfigKeys (ConfUtils.java:logGet(43)) - raft.server.log.appender.snapshot.chunk.size.max = 16MB (=16777216) (default)
2019-10-25 18:46:16,674 [b2320d56-a737-47f4-81b1-3e8f0fb16133@group-643C12960AC7-LeaderElection10] INFO  server.RaftServerConfigKeys (ConfUtils.java:logGet(43)) - raft.server.log.appender.buffer.byte-limit = 33554432 (custom)
2019-10-25 18:46:16,675 [b2320d56-a737-47f4-81b1-3e8f0fb16133@group-643C12960AC7-LeaderElection10] INFO  server.RaftServerConfigKeys (ConfUtils.java:logGet(43)) - raft.server.log.appender.buffer.element-limit = 1 (custom)
2019-10-25 18:46:16,675 [b2320d56-a737-47f4-81b1-3e8f0fb16133@group-643C12960AC7-LeaderElection10] INFO  grpc.GrpcConfigKeys$Server (ConfUtils.java:logGet(43)) - raft.grpc.server.leader.outstanding.appends.max = 128 (default)
2019-10-25 18:46:16,675 [b2320d56-a737-47f4-81b1-3e8f0fb16133@group-643C12960AC7-LeaderElection10] INFO  server.RaftServerConfigKeys (ConfUtils.java:logGet(43)) - raft.server.rpc.request.timeout = 3000ms (default)
2019-10-25 18:46:16,675 [b2320d56-a737-47f4-81b1-3e8f0fb16133@group-643C12960AC7-LeaderElection10] INFO  server.RaftServerConfigKeys (ConfUtils.java:logGet(43)) - raft.server.log.appender.install.snapshot.enabled = false (custom)
2019-10-25 18:46:16,676 [b2320d56-a737-47f4-81b1-3e8f0fb16133@group-643C12960AC7-LeaderElection10] INFO  impl.RoleInfo (RoleInfo.java:updateAndGet(143)) - b2320d56-a737-47f4-81b1-3e8f0fb16133: start LeaderState
2019-10-25 18:46:16,676 [b2320d56-a737-47f4-81b1-3e8f0fb16133@group-643C12960AC7-LeaderElection10] INFO  segmented.SegmentedRaftLogWorker (SegmentedRaftLogWorker.java:startLogSegment(385)) - b2320d56-a737-47f4-81b1-3e8f0fb16133@group-643C12960AC7-SegmentedRaftLogWorker: Starting segment from index:0
2019-10-25 18:46:16,677 [b2320d56-a737-47f4-81b1-3e8f0fb16133@group-643C12960AC7-LeaderElection10] INFO  impl.RaftServerImpl (ServerState.java:setRaftConf(356)) - b2320d56-a737-47f4-81b1-3e8f0fb16133@group-643C12960AC7: set configuration 0: [202d5f49-7963-4b43-9e61-5069c2030fd4:192.168.157.217:43680, b2320d56-a737-47f4-81b1-3e8f0fb16133:192.168.157.217:40923, 90a9ce3a-0a5e-4de2-813a-4d04cb4d4ab9:192.168.157.217:37724], old=null at 0
2019-10-25 18:46:16,708 [b2320d56-a737-47f4-81b1-3e8f0fb16133@group-643C12960AC7-SegmentedRaftLogWorker] INFO  segmented.SegmentedRaftLogWorker (SegmentedRaftLogWorker.java:execute(576)) - b2320d56-a737-47f4-81b1-3e8f0fb16133@group-643C12960AC7-SegmentedRaftLogWorker: created new log segment /workdir/hadoop-ozone/integration-test/target/test-dir/MiniOzoneClusterImpl-1169b08c-7389-4170-95e3-f5079f135e90/datanode-1/data/ratis/b56b2aa8-e60f-44f7-b396-643c12960ac7/current/log_inprogress_0
2019-10-25 18:46:16,720 [grpc-default-executor-2] INFO  impl.RaftServerImpl (ServerState.java:setLeader(255)) - 202d5f49-7963-4b43-9e61-5069c2030fd4@group-643C12960AC7: change Leader from null to b2320d56-a737-47f4-81b1-3e8f0fb16133 at term 3 for appendEntries, leader elected after 15386ms
2019-10-25 18:46:16,720 [grpc-default-executor-0] INFO  impl.RaftServerImpl (ServerState.java:setLeader(255)) - 90a9ce3a-0a5e-4de2-813a-4d04cb4d4ab9@group-643C12960AC7: change Leader from null to b2320d56-a737-47f4-81b1-3e8f0fb16133 at term 3 for appendEntries, leader elected after 15376ms
2019-10-25 18:46:16,750 [grpc-default-executor-2] INFO  impl.RaftServerImpl (ServerState.java:setRaftConf(356)) - 90a9ce3a-0a5e-4de2-813a-4d04cb4d4ab9@group-643C12960AC7: set configuration 0: [202d5f49-7963-4b43-9e61-5069c2030fd4:192.168.157.217:43680, b2320d56-a737-47f4-81b1-3e8f0fb16133:192.168.157.217:40923, 90a9ce3a-0a5e-4de2-813a-4d04cb4d4ab9:192.168.157.217:37724], old=null at 0
2019-10-25 18:46:16,750 [grpc-default-executor-0] INFO  impl.RaftServerImpl (ServerState.java:setRaftConf(356)) - 202d5f49-7963-4b43-9e61-5069c2030fd4@group-643C12960AC7: set configuration 0: [202d5f49-7963-4b43-9e61-5069c2030fd4:192.168.157.217:43680, b2320d56-a737-47f4-81b1-3e8f0fb16133:192.168.157.217:40923, 90a9ce3a-0a5e-4de2-813a-4d04cb4d4ab9:192.168.157.217:37724], old=null at 0
2019-10-25 18:46:16,750 [grpc-default-executor-2] INFO  segmented.SegmentedRaftLogWorker (SegmentedRaftLogWorker.java:startLogSegment(385)) - 90a9ce3a-0a5e-4de2-813a-4d04cb4d4ab9@group-643C12960AC7-SegmentedRaftLogWorker: Starting segment from index:0
2019-10-25 18:46:16,750 [grpc-default-executor-0] INFO  segmented.SegmentedRaftLogWorker (SegmentedRaftLogWorker.java:startLogSegment(385)) - 202d5f49-7963-4b43-9e61-5069c2030fd4@group-643C12960AC7-SegmentedRaftLogWorker: Starting segment from index:0
2019-10-25 18:46:16,779 [202d5f49-7963-4b43-9e61-5069c2030fd4@group-643C12960AC7-SegmentedRaftLogWorker] INFO  segmented.SegmentedRaftLogWorker (SegmentedRaftLogWorker.java:execute(576)) - 202d5f49-7963-4b43-9e61-5069c2030fd4@group-643C12960AC7-SegmentedRaftLogWorker: created new log segment /workdir/hadoop-ozone/integration-test/target/test-dir/MiniOzoneClusterImpl-1169b08c-7389-4170-95e3-f5079f135e90/datanode-0/data/ratis/b56b2aa8-e60f-44f7-b396-643c12960ac7/current/log_inprogress_0
2019-10-25 18:46:16,792 [90a9ce3a-0a5e-4de2-813a-4d04cb4d4ab9@group-643C12960AC7-SegmentedRaftLogWorker] INFO  segmented.SegmentedRaftLogWorker (SegmentedRaftLogWorker.java:execute(576)) - 90a9ce3a-0a5e-4de2-813a-4d04cb4d4ab9@group-643C12960AC7-SegmentedRaftLogWorker: created new log segment /workdir/hadoop-ozone/integration-test/target/test-dir/MiniOzoneClusterImpl-1169b08c-7389-4170-95e3-f5079f135e90/datanode-2/data/ratis/b56b2aa8-e60f-44f7-b396-643c12960ac7/current/log_inprogress_0
2019-10-25 18:46:17,447 [Datanode State Machine Thread - 0] INFO  statemachine.DatanodeStateMachine (DatanodeStateMachine.java:lambda$startDaemon$0(350)) - Ozone container server started.
2019-10-25 18:46:22,378 [main] INFO  ozoneimpl.OzoneContainer (OzoneContainer.java:stop(227)) - Attempting to stop container services.
2019-10-25 18:46:22,379 [main] INFO  impl.RaftServerProxy (RaftServerProxy.java:lambda$close$4(314)) - 90a9ce3a-0a5e-4de2-813a-4d04cb4d4ab9: close
2019-10-25 18:46:22,381 [main] INFO  impl.RaftServerImpl (RaftServerImpl.java:lambda$shutdown$3(250)) - 90a9ce3a-0a5e-4de2-813a-4d04cb4d4ab9@group-030C09A39C9A: shutdown
2019-10-25 18:46:22,382 [main] INFO  util.JmxRegister (JmxRegister.java:unregister(73)) - Successfully un-registered JMX Bean with object name Ratis:service=RaftServer,group=group-030C09A39C9A,id=90a9ce3a-0a5e-4de2-813a-4d04cb4d4ab9
2019-10-25 18:46:22,382 [main] INFO  impl.RoleInfo (RoleInfo.java:shutdownLeaderState(104)) - 90a9ce3a-0a5e-4de2-813a-4d04cb4d4ab9: shutdown LeaderState
2019-10-25 18:46:22,383 [main] INFO  impl.PendingRequests (PendingRequests.java:sendNotLeaderResponses(206)) - 90a9ce3a-0a5e-4de2-813a-4d04cb4d4ab9@group-030C09A39C9A-PendingRequests: sendNotLeaderResponses
2019-10-25 18:46:22,385 [main] INFO  impl.StateMachineUpdater (StateMachineUpdater.java:stopAndJoin(136)) - 90a9ce3a-0a5e-4de2-813a-4d04cb4d4ab9@group-030C09A39C9A-StateMachineUpdater: set stopIndex = 0
2019-10-25 18:46:22,391 [main] INFO  impl.RaftServerImpl (ServerState.java:close(387)) - 90a9ce3a-0a5e-4de2-813a-4d04cb4d4ab9@group-030C09A39C9A: closes. applyIndex: 0
2019-10-25 18:46:22,393 [90a9ce3a-0a5e-4de2-813a-4d04cb4d4ab9@group-030C09A39C9A-SegmentedRaftLogWorker] INFO  segmented.SegmentedRaftLogWorker (SegmentedRaftLogWorker.java:run(316)) - 90a9ce3a-0a5e-4de2-813a-4d04cb4d4ab9@group-030C09A39C9A-SegmentedRaftLogWorker was interrupted, exiting. There are 0 tasks remaining in the queue.
2019-10-25 18:46:22,395 [main] INFO  segmented.SegmentedRaftLogWorker (SegmentedRaftLogWorker.java:close(224)) - 90a9ce3a-0a5e-4de2-813a-4d04cb4d4ab9@group-030C09A39C9A-SegmentedRaftLogWorker close()
2019-10-25 18:46:22,397 [main] INFO  impl.RaftServerImpl (RaftServerImpl.java:lambda$shutdown$3(250)) - 90a9ce3a-0a5e-4de2-813a-4d04cb4d4ab9@group-643C12960AC7: shutdown
2019-10-25 18:46:22,397 [main] INFO  util.JmxRegister (JmxRegister.java:unregister(73)) - Successfully un-registered JMX Bean with object name Ratis:service=RaftServer,group=group-643C12960AC7,id=90a9ce3a-0a5e-4de2-813a-4d04cb4d4ab9
2019-10-25 18:46:22,397 [main] INFO  impl.RoleInfo (RoleInfo.java:shutdownFollowerState(121)) - 90a9ce3a-0a5e-4de2-813a-4d04cb4d4ab9: shutdown FollowerState
2019-10-25 18:46:22,397 [main] INFO  impl.StateMachineUpdater (StateMachineUpdater.java:stopAndJoin(136)) - 90a9ce3a-0a5e-4de2-813a-4d04cb4d4ab9@group-643C12960AC7-StateMachineUpdater: set stopIndex = 4
2019-10-25 18:46:22,398 [Thread-287] INFO  impl.FollowerState (FollowerState.java:run(120)) - 90a9ce3a-0a5e-4de2-813a-4d04cb4d4ab9@group-643C12960AC7-FollowerState was interrupted: java.lang.InterruptedException: sleep interrupted
2019-10-25 18:46:22,398 [90a9ce3a-0a5e-4de2-813a-4d04cb4d4ab9@group-643C12960AC7-StateMachineUpdater] INFO  ratis.ContainerStateMachine (ContainerStateMachine.java:takeSnapshot(294)) - group-643C12960AC7: Taking a snapshot at:(t:3, i:3) file /workdir/hadoop-ozone/integration-test/target/test-dir/MiniOzoneClusterImpl-1169b08c-7389-4170-95e3-f5079f135e90/datanode-2/data/ratis/b56b2aa8-e60f-44f7-b396-643c12960ac7/sm/snapshot.3_3
2019-10-25 18:46:22,495 [90a9ce3a-0a5e-4de2-813a-4d04cb4d4ab9@group-643C12960AC7-StateMachineUpdater] INFO  ratis.ContainerStateMachine (ContainerStateMachine.java:takeSnapshot(305)) - group-643C12960AC7: Finished taking a snapshot at:(t:3, i:3) file:/workdir/hadoop-ozone/integration-test/target/test-dir/MiniOzoneClusterImpl-1169b08c-7389-4170-95e3-f5079f135e90/datanode-2/data/ratis/b56b2aa8-e60f-44f7-b396-643c12960ac7/sm/snapshot.3_3 time:98
2019-10-25 18:46:22,498 [90a9ce3a-0a5e-4de2-813a-4d04cb4d4ab9@group-643C12960AC7-StateMachineUpdater] INFO  impl.StateMachineUpdater (StateMachineUpdater.java:takeSnapshot(269)) - 90a9ce3a-0a5e-4de2-813a-4d04cb4d4ab9@group-643C12960AC7-StateMachineUpdater: Took a snapshot at index 3
2019-10-25 18:46:22,499 [90a9ce3a-0a5e-4de2-813a-4d04cb4d4ab9@group-643C12960AC7-StateMachineUpdater] INFO  impl.StateMachineUpdater (StateMachineUpdater.java:lambda$new$0(84)) - 90a9ce3a-0a5e-4de2-813a-4d04cb4d4ab9@group-643C12960AC7-StateMachineUpdater: snapshotIndex: updateIncreasingly -1 -> 3
2019-10-25 18:46:22,503 [90a9ce3a-0a5e-4de2-813a-4d04cb4d4ab9@group-643C12960AC7-StateMachineUpdater] INFO  ratis.ContainerStateMachine (ContainerStateMachine.java:takeSnapshot(294)) - group-643C12960AC7: Taking a snapshot at:(t:3, i:3) file /workdir/hadoop-ozone/integration-test/target/test-dir/MiniOzoneClusterImpl-1169b08c-7389-4170-95e3-f5079f135e90/datanode-2/data/ratis/b56b2aa8-e60f-44f7-b396-643c12960ac7/sm/snapshot.3_3
2019-10-25 18:46:22,508 [90a9ce3a-0a5e-4de2-813a-4d04cb4d4ab9@group-643C12960AC7-StateMachineUpdater] INFO  ratis.ContainerStateMachine (ContainerStateMachine.java:takeSnapshot(305)) - group-643C12960AC7: Finished taking a snapshot at:(t:3, i:3) file:/workdir/hadoop-ozone/integration-test/target/test-dir/MiniOzoneClusterImpl-1169b08c-7389-4170-95e3-f5079f135e90/datanode-2/data/ratis/b56b2aa8-e60f-44f7-b396-643c12960ac7/sm/snapshot.3_3 time:5
2019-10-25 18:46:22,508 [90a9ce3a-0a5e-4de2-813a-4d04cb4d4ab9@group-643C12960AC7-StateMachineUpdater] INFO  impl.StateMachineUpdater (StateMachineUpdater.java:takeSnapshot(269)) - 90a9ce3a-0a5e-4de2-813a-4d04cb4d4ab9@group-643C12960AC7-StateMachineUpdater: Took a snapshot at index 3
2019-10-25 18:46:22,508 [90a9ce3a-0a5e-4de2-813a-4d04cb4d4ab9@group-643C12960AC7-StateMachineUpdater] INFO  impl.StateMachineUpdater (StateMachineUpdater.java:lambda$new$0(84)) - 90a9ce3a-0a5e-4de2-813a-4d04cb4d4ab9@group-643C12960AC7-StateMachineUpdater: snapshotIndex: updateIncreasingly 3 -> 3
2019-10-25 18:46:22,509 [main] INFO  impl.RaftServerImpl (ServerState.java:close(387)) - 90a9ce3a-0a5e-4de2-813a-4d04cb4d4ab9@group-643C12960AC7: closes. applyIndex: 4
2019-10-25 18:46:22,509 [90a9ce3a-0a5e-4de2-813a-4d04cb4d4ab9@group-643C12960AC7-SegmentedRaftLogWorker] INFO  segmented.SegmentedRaftLogWorker (SegmentedRaftLogWorker.java:run(316)) - 90a9ce3a-0a5e-4de2-813a-4d04cb4d4ab9@group-643C12960AC7-SegmentedRaftLogWorker was interrupted, exiting. There are 0 tasks remaining in the queue.
2019-10-25 18:46:22,510 [main] INFO  segmented.SegmentedRaftLogWorker (SegmentedRaftLogWorker.java:close(224)) - 90a9ce3a-0a5e-4de2-813a-4d04cb4d4ab9@group-643C12960AC7-SegmentedRaftLogWorker close()
2019-10-25 18:46:22,512 [main] INFO  server.GrpcService (GrpcService.java:closeImpl(164)) - 90a9ce3a-0a5e-4de2-813a-4d04cb4d4ab9: shutdown server with port 37724 now
2019-10-25 18:46:22,519 [grpc-default-executor-1] WARN  server.GrpcServerProtocolService (LogUtils.java:warn(134)) - 90a9ce3a-0a5e-4de2-813a-4d04cb4d4ab9: installSnapshot onError, lastRequest: b2320d56-a737-47f4-81b1-3e8f0fb16133->90a9ce3a-0a5e-4de2-813a-4d04cb4d4ab9#7-t3, previous=(t:3, i:4), leaderCommit=4, initializing? false, entries: <empty>: org.apache.ratis.thirdparty.io.grpc.StatusRuntimeException: CANCELLED: cancelled before receiving half close
2019-10-25 18:46:22,521 [main] INFO  server.GrpcService (GrpcService.java:closeImpl(172)) - 90a9ce3a-0a5e-4de2-813a-4d04cb4d4ab9: shutdown server with port 37724 successfully
2019-10-25 18:46:22,521 [grpc-default-executor-2] WARN  server.GrpcLogAppender (LogUtils.java:warn(134)) - b2320d56-a737-47f4-81b1-3e8f0fb16133@group-643C12960AC7->90a9ce3a-0a5e-4de2-813a-4d04cb4d4ab9-AppendLogResponseHandler: Failed appendEntries: org.apache.ratis.thirdparty.io.grpc.StatusRuntimeException: CANCELLED: HTTP/2 error code: CANCEL
Received Rst Stream
2019-10-25 18:46:22,534 [refreshUsed-/workdir/hadoop-ozone/integration-test/target/test-dir/MiniOzoneClusterImpl-1169b08c-7389-4170-95e3-f5079f135e90/datanode-2/data/containers] WARN  fs.CachingGetSpaceUsed (CachingGetSpaceUsed.java:run(183)) - Thread Interrupted waiting to refresh disk information: sleep interrupted
2019-10-25 18:46:22,550 [main] INFO  utils.BackgroundService (BackgroundService.java:shutdown(151)) - Shutting down service BlockDeletingService
2019-10-25 18:46:22,554 [main] INFO  statemachine.DatanodeStateMachine (DatanodeStateMachine.java:stopDaemon(395)) - Ozone container server stopped.
2019-10-25 18:46:22,558 [main] INFO  handler.ContextHandler (ContextHandler.java:doStop(910)) - Stopped o.e.j.w.WebAppContext@56a4f272{/,null,UNAVAILABLE}{/hddsDatanode}
2019-10-25 18:46:22,563 [main] INFO  server.AbstractConnector (AbstractConnector.java:doStop(318)) - Stopped ServerConnector@3ee0b4f7{HTTP/1.1,[http/1.1]}{0.0.0.0:0}
2019-10-25 18:46:22,563 [main] INFO  handler.ContextHandler (ContextHandler.java:doStop(910)) - Stopped o.e.j.s.ServletContextHandler@e57e5d6{/static,jar:file:/home/user/.m2/repository/org/apache/hadoop/hadoop-hdds-container-service/0.5.0-SNAPSHOT/hadoop-hdds-container-service-0.5.0-SNAPSHOT.jar!/webapps/static,UNAVAILABLE}
2019-10-25 18:46:22,563 [main] INFO  handler.ContextHandler (ContextHandler.java:doStop(910)) - Stopped o.e.j.s.ServletContextHandler@22a6e998{/logs,file:///workdir/hadoop-ozone/integration-test/target/log,UNAVAILABLE}
2019-10-25 18:46:25,570 [java.util.concurrent.ThreadPoolExecutor$Worker@4fc56e52[State = -1, empty queue]] WARN  server.GrpcLogAppender (GrpcLogAppender.java:timeoutAppendRequest(209)) - b2320d56-a737-47f4-81b1-3e8f0fb16133@group-643C12960AC7->90a9ce3a-0a5e-4de2-813a-4d04cb4d4ab9-GrpcLogAppender: appendEntries Timeout, request=b2320d56-a737-47f4-81b1-3e8f0fb16133->90a9ce3a-0a5e-4de2-813a-4d04cb4d4ab9#8-t3, previous=(t:3, i:4), leaderCommit=4, initializing? false, entries: size=1, first=(t:3, i:5), STATEMACHINELOGENTRY, client-85E8A1575A11, cid=8
2019-10-25 18:46:25,571 [java.util.concurrent.ThreadPoolExecutor$Worker@4fc56e52[State = -1, empty queue]] WARN  server.GrpcLogAppender (GrpcLogAppender.java:timeoutAppendRequest(209)) - b2320d56-a737-47f4-81b1-3e8f0fb16133@group-643C12960AC7->90a9ce3a-0a5e-4de2-813a-4d04cb4d4ab9-GrpcLogAppender: appendEntries Timeout, request=b2320d56-a737-47f4-81b1-3e8f0fb16133->90a9ce3a-0a5e-4de2-813a-4d04cb4d4ab9#9-t3, previous=(t:3, i:5), leaderCommit=4, initializing? false, entries: size=1, first=(t:3, i:6), STATEMACHINELOGENTRY, client-85E8A1575A11, cid=9
2019-10-25 18:46:25,577 [java.util.concurrent.ThreadPoolExecutor$Worker@4fc56e52[State = -1, empty queue]] WARN  server.GrpcLogAppender (GrpcLogAppender.java:timeoutAppendRequest(209)) - b2320d56-a737-47f4-81b1-3e8f0fb16133@group-643C12960AC7->90a9ce3a-0a5e-4de2-813a-4d04cb4d4ab9-GrpcLogAppender: appendEntries Timeout, request=b2320d56-a737-47f4-81b1-3e8f0fb16133->90a9ce3a-0a5e-4de2-813a-4d04cb4d4ab9#10-t3, previous=(t:3, i:6), leaderCommit=6, initializing? false, entries: size=1, first=(t:3, i:7), METADATAENTRY(c5)
2019-10-25 18:46:25,578 [java.util.concurrent.ThreadPoolExecutor$Worker@4fc56e52[State = -1, empty queue]] WARN  server.GrpcLogAppender (GrpcLogAppender.java:timeoutAppendRequest(209)) - b2320d56-a737-47f4-81b1-3e8f0fb16133@group-643C12960AC7->90a9ce3a-0a5e-4de2-813a-4d04cb4d4ab9-GrpcLogAppender: appendEntries Timeout, request=b2320d56-a737-47f4-81b1-3e8f0fb16133->90a9ce3a-0a5e-4de2-813a-4d04cb4d4ab9#11-t3, previous=(t:3, i:7), leaderCommit=6, initializing? false, entries: size=1, first=(t:3, i:8), METADATAENTRY(c6)
2019-10-25 18:46:28,079 [java.util.concurrent.ThreadPoolExecutor$Worker@4fc56e52[State = -1, empty queue]] WARN  server.GrpcLogAppender (GrpcLogAppender.java:timeoutAppendRequest(209)) - b2320d56-a737-47f4-81b1-3e8f0fb16133@group-643C12960AC7->90a9ce3a-0a5e-4de2-813a-4d04cb4d4ab9-GrpcLogAppender: appendEntries Timeout, request=b2320d56-a737-47f4-81b1-3e8f0fb16133->90a9ce3a-0a5e-4de2-813a-4d04cb4d4ab9#12-t3, previous=(t:3, i:8), leaderCommit=8, initializing? false, entries: <empty>
2019-10-25 18:46:30,580 [java.util.concurrent.ThreadPoolExecutor$Worker@4fc56e52[State = -1, empty queue]] WARN  server.GrpcLogAppender (GrpcLogAppender.java:timeoutAppendRequest(209)) - b2320d56-a737-47f4-81b1-3e8f0fb16133@group-643C12960AC7->90a9ce3a-0a5e-4de2-813a-4d04cb4d4ab9-GrpcLogAppender: appendEntries Timeout, request=b2320d56-a737-47f4-81b1-3e8f0fb16133->90a9ce3a-0a5e-4de2-813a-4d04cb4d4ab9#13-t3, previous=(t:3, i:8), leaderCommit=8, initializing? false, entries: <empty>
2019-10-25 18:46:31,615 [Thread-331] INFO  client.GrpcClientProtocolService (GrpcClientProtocolService.java:lambda$processClientRequest$0(279)) - Failed RaftClientRequest:client-85E8A1575A11->202d5f49-7963-4b43-9e61-5069c2030fd4@group-643C12960AC7, cid=10, seq=0, Watch-ALL_COMMITTED(6), Message:<EMPTY>, reply=RaftClientReply:client-85E8A1575A11->202d5f49-7963-4b43-9e61-5069c2030fd4@group-643C12960AC7, cid=10, FAILED org.apache.ratis.protocol.NotLeaderException: Server 202d5f49-7963-4b43-9e61-5069c2030fd4@group-643C12960AC7 is not the leader b2320d56-a737-47f4-81b1-3e8f0fb16133:192.168.157.217:40923, logIndex=0, commits[202d5f49-7963-4b43-9e61-5069c2030fd4:c8, b2320d56-a737-47f4-81b1-3e8f0fb16133:c8, 90a9ce3a-0a5e-4de2-813a-4d04cb4d4ab9:c4]
2019-10-25 18:46:33,082 [java.util.concurrent.ThreadPoolExecutor$Worker@4fc56e52[State = -1, empty queue]] WARN  server.GrpcLogAppender (GrpcLogAppender.java:timeoutAppendRequest(209)) - b2320d56-a737-47f4-81b1-3e8f0fb16133@group-643C12960AC7->90a9ce3a-0a5e-4de2-813a-4d04cb4d4ab9-GrpcLogAppender: appendEntries Timeout, request=b2320d56-a737-47f4-81b1-3e8f0fb16133->90a9ce3a-0a5e-4de2-813a-4d04cb4d4ab9#14-t3, previous=(t:3, i:8), leaderCommit=8, initializing? false, entries: <empty>
2019-10-25 18:46:33,589 [Thread-335] INFO  client.GrpcClientProtocolService (GrpcClientProtocolService.java:lambda$processClientRequest$0(279)) - Failed RaftClientRequest:client-85E8A1575A11->b2320d56-a737-47f4-81b1-3e8f0fb16133@group-643C12960AC7, cid=10, seq=0, Watch-ALL_COMMITTED(6), Message:<EMPTY>, reply=RaftClientReply:client-85E8A1575A11->b2320d56-a737-47f4-81b1-3e8f0fb16133@group-643C12960AC7, cid=10, FAILED org.apache.ratis.protocol.NotReplicatedException: Request with call Id 10 and log index 6 is not yet replicated to ALL_COMMITTED, logIndex=6, commits[b2320d56-a737-47f4-81b1-3e8f0fb16133:c8, 202d5f49-7963-4b43-9e61-5069c2030fd4:c8, 90a9ce3a-0a5e-4de2-813a-4d04cb4d4ab9:c4]
2019-10-25 18:46:35,583 [java.util.concurrent.ThreadPoolExecutor$Worker@4fc56e52[State = -1, empty queue]] WARN  server.GrpcLogAppender (GrpcLogAppender.java:timeoutAppendRequest(209)) - b2320d56-a737-47f4-81b1-3e8f0fb16133@group-643C12960AC7->90a9ce3a-0a5e-4de2-813a-4d04cb4d4ab9-GrpcLogAppender: appendEntries Timeout, request=b2320d56-a737-47f4-81b1-3e8f0fb16133->90a9ce3a-0a5e-4de2-813a-4d04cb4d4ab9#15-t3, previous=(t:3, i:8), leaderCommit=8, initializing? false, entries: <empty>
2019-10-25 18:46:38,085 [java.util.concurrent.ThreadPoolExecutor$Worker@4fc56e52[State = -1, empty queue]] WARN  server.GrpcLogAppender (GrpcLogAppender.java:timeoutAppendRequest(209)) - b2320d56-a737-47f4-81b1-3e8f0fb16133@group-643C12960AC7->90a9ce3a-0a5e-4de2-813a-4d04cb4d4ab9-GrpcLogAppender: appendEntries Timeout, request=b2320d56-a737-47f4-81b1-3e8f0fb16133->90a9ce3a-0a5e-4de2-813a-4d04cb4d4ab9#16-t3, previous=(t:3, i:8), leaderCommit=8, initializing? false, entries: <empty>
2019-10-25 18:46:40,588 [java.util.concurrent.ThreadPoolExecutor$Worker@4fc56e52[State = -1, empty queue]] WARN  server.GrpcLogAppender (GrpcLogAppender.java:timeoutAppendRequest(209)) - b2320d56-a737-47f4-81b1-3e8f0fb16133@group-643C12960AC7->90a9ce3a-0a5e-4de2-813a-4d04cb4d4ab9-GrpcLogAppender: appendEntries Timeout, request=b2320d56-a737-47f4-81b1-3e8f0fb16133->90a9ce3a-0a5e-4de2-813a-4d04cb4d4ab9#17-t3, previous=(t:3, i:8), leaderCommit=8, initializing? false, entries: <empty>
2019-10-25 18:46:42,585 [Thread-343] INFO  client.GrpcClientProtocolService (GrpcClientProtocolService.java:lambda$processClientRequest$0(279)) - Failed RaftClientRequest:client-85E8A1575A11->b2320d56-a737-47f4-81b1-3e8f0fb16133@group-643C12960AC7, cid=10, seq=0, Watch-ALL_COMMITTED(6), Message:<EMPTY>, reply=RaftClientReply:client-85E8A1575A11->b2320d56-a737-47f4-81b1-3e8f0fb16133@group-643C12960AC7, cid=10, FAILED org.apache.ratis.protocol.NotReplicatedException: Request with call Id 10 and log index 6 is not yet replicated to ALL_COMMITTED, logIndex=6, commits[b2320d56-a737-47f4-81b1-3e8f0fb16133:c8, 202d5f49-7963-4b43-9e61-5069c2030fd4:c8, 90a9ce3a-0a5e-4de2-813a-4d04cb4d4ab9:c4]
2019-10-25 18:46:43,089 [java.util.concurrent.ThreadPoolExecutor$Worker@4fc56e52[State = -1, empty queue]] WARN  server.GrpcLogAppender (GrpcLogAppender.java:timeoutAppendRequest(209)) - b2320d56-a737-47f4-81b1-3e8f0fb16133@group-643C12960AC7->90a9ce3a-0a5e-4de2-813a-4d04cb4d4ab9-GrpcLogAppender: appendEntries Timeout, request=b2320d56-a737-47f4-81b1-3e8f0fb16133->90a9ce3a-0a5e-4de2-813a-4d04cb4d4ab9#18-t3, previous=(t:3, i:8), leaderCommit=8, initializing? false, entries: <empty>
2019-10-25 18:46:45,591 [java.util.concurrent.ThreadPoolExecutor$Worker@4fc56e52[State = -1, empty queue]] WARN  server.GrpcLogAppender (GrpcLogAppender.java:timeoutAppendRequest(209)) - b2320d56-a737-47f4-81b1-3e8f0fb16133@group-643C12960AC7->90a9ce3a-0a5e-4de2-813a-4d04cb4d4ab9-GrpcLogAppender: appendEntries Timeout, request=b2320d56-a737-47f4-81b1-3e8f0fb16133->90a9ce3a-0a5e-4de2-813a-4d04cb4d4ab9#19-t3, previous=(t:3, i:8), leaderCommit=8, initializing? false, entries: <empty>
2019-10-25 18:46:48,093 [java.util.concurrent.ThreadPoolExecutor$Worker@4fc56e52[State = -1, empty queue]] WARN  server.GrpcLogAppender (GrpcLogAppender.java:timeoutAppendRequest(209)) - b2320d56-a737-47f4-81b1-3e8f0fb16133@group-643C12960AC7->90a9ce3a-0a5e-4de2-813a-4d04cb4d4ab9-GrpcLogAppender: appendEntries Timeout, request=b2320d56-a737-47f4-81b1-3e8f0fb16133->90a9ce3a-0a5e-4de2-813a-4d04cb4d4ab9#20-t3, previous=(t:3, i:8), leaderCommit=8, initializing? false, entries: <empty>
2019-10-25 18:46:50,597 [java.util.concurrent.ThreadPoolExecutor$Worker@4fc56e52[State = -1, empty queue]] WARN  server.GrpcLogAppender (GrpcLogAppender.java:timeoutAppendRequest(209)) - b2320d56-a737-47f4-81b1-3e8f0fb16133@group-643C12960AC7->90a9ce3a-0a5e-4de2-813a-4d04cb4d4ab9-GrpcLogAppender: appendEntries Timeout, request=b2320d56-a737-47f4-81b1-3e8f0fb16133->90a9ce3a-0a5e-4de2-813a-4d04cb4d4ab9#21-t3, previous=(t:3, i:8), leaderCommit=8, initializing? false, entries: <empty>
2019-10-25 18:46:52,584 [Thread-352] INFO  client.GrpcClientProtocolService (GrpcClientProtocolService.java:lambda$processClientRequest$0(279)) - Failed RaftClientRequest:client-85E8A1575A11->b2320d56-a737-47f4-81b1-3e8f0fb16133@group-643C12960AC7, cid=10, seq=0, Watch-ALL_COMMITTED(6), Message:<EMPTY>, reply=RaftClientReply:client-85E8A1575A11->b2320d56-a737-47f4-81b1-3e8f0fb16133@group-643C12960AC7, cid=10, FAILED org.apache.ratis.protocol.NotReplicatedException: Request with call Id 10 and log index 6 is not yet replicated to ALL_COMMITTED, logIndex=6, commits[b2320d56-a737-47f4-81b1-3e8f0fb16133:c8, 202d5f49-7963-4b43-9e61-5069c2030fd4:c8, 90a9ce3a-0a5e-4de2-813a-4d04cb4d4ab9:c4]
2019-10-25 18:46:52,597 [main] WARN  scm.XceiverClientRatis (XceiverClientRatis.java:watchForCommit(277)) - 3 way commit failed on pipeline Pipeline[ Id: b56b2aa8-e60f-44f7-b396-643c12960ac7, Nodes: 90a9ce3a-0a5e-4de2-813a-4d04cb4d4ab9{ip: 192.168.157.217, host: pr-hdds-2329-pipelines-rmb8m-4073948133, networkLocation: /default-rack, certSerialId: null}202d5f49-7963-4b43-9e61-5069c2030fd4{ip: 192.168.157.217, host: pr-hdds-2329-pipelines-rmb8m-4073948133, networkLocation: /default-rack, certSerialId: null}b2320d56-a737-47f4-81b1-3e8f0fb16133{ip: 192.168.157.217, host: pr-hdds-2329-pipelines-rmb8m-4073948133, networkLocation: /default-rack, certSerialId: null}, Type:RATIS, Factor:THREE, State:OPEN]
java.util.concurrent.TimeoutException
	at java.util.concurrent.CompletableFuture.timedGet(CompletableFuture.java:1771)
	at java.util.concurrent.CompletableFuture.get(CompletableFuture.java:1915)
	at org.apache.hadoop.hdds.scm.XceiverClientRatis.watchForCommit(XceiverClientRatis.java:274)
	at org.apache.hadoop.hdds.scm.storage.CommitWatcher.watchForCommit(CommitWatcher.java:198)
	at org.apache.hadoop.hdds.scm.storage.CommitWatcher.watchOnLastIndex(CommitWatcher.java:161)
	at org.apache.hadoop.hdds.scm.storage.BlockOutputStream.watchForCommit(BlockOutputStream.java:346)
	at org.apache.hadoop.hdds.scm.storage.BlockOutputStream.handleFlush(BlockOutputStream.java:482)
	at org.apache.hadoop.hdds.scm.storage.BlockOutputStream.close(BlockOutputStream.java:496)
	at org.apache.hadoop.ozone.client.io.BlockOutputStreamEntry.close(BlockOutputStreamEntry.java:143)
	at org.apache.hadoop.ozone.client.io.KeyOutputStream.handleFlushOrClose(KeyOutputStream.java:435)
	at org.apache.hadoop.ozone.client.io.KeyOutputStream.close(KeyOutputStream.java:473)
	at org.apache.hadoop.ozone.client.io.OzoneOutputStream.close(OzoneOutputStream.java:60)
	at org.apache.hadoop.ozone.client.rpc.TestDeleteWithSlowFollower.testDeleteKeyWithSlowFollower(TestDeleteWithSlowFollower.java:193)
	at sun.reflect.NativeMethodAccessorImpl.invoke0(Native Method)
	at sun.reflect.NativeMethodAccessorImpl.invoke(NativeMethodAccessorImpl.java:62)
	at sun.reflect.DelegatingMethodAccessorImpl.invoke(DelegatingMethodAccessorImpl.java:43)
	at java.lang.reflect.Method.invoke(Method.java:498)
	at org.junit.runners.model.FrameworkMethod$1.runReflectiveCall(FrameworkMethod.java:47)
	at org.junit.internal.runners.model.ReflectiveCallable.run(ReflectiveCallable.java:12)
	at org.junit.runners.model.FrameworkMethod.invokeExplosively(FrameworkMethod.java:44)
	at org.junit.internal.runners.statements.InvokeMethod.evaluate(InvokeMethod.java:17)
	at org.junit.runners.ParentRunner.runLeaf(ParentRunner.java:271)
	at org.junit.runners.BlockJUnit4ClassRunner.runChild(BlockJUnit4ClassRunner.java:70)
	at org.junit.runners.BlockJUnit4ClassRunner.runChild(BlockJUnit4ClassRunner.java:50)
	at org.junit.runners.ParentRunner$3.run(ParentRunner.java:238)
	at org.junit.runners.ParentRunner$1.schedule(ParentRunner.java:63)
	at org.junit.runners.ParentRunner.runChildren(ParentRunner.java:236)
	at org.junit.runners.ParentRunner.access$000(ParentRunner.java:53)
	at org.junit.runners.ParentRunner$2.evaluate(ParentRunner.java:229)
	at org.junit.internal.runners.statements.RunBefores.evaluate(RunBefores.java:26)
	at org.junit.internal.runners.statements.RunAfters.evaluate(RunAfters.java:27)
	at org.junit.runners.ParentRunner.run(ParentRunner.java:309)
	at org.apache.maven.surefire.junit4.JUnit4Provider.execute(JUnit4Provider.java:365)
	at org.apache.maven.surefire.junit4.JUnit4Provider.executeWithRerun(JUnit4Provider.java:273)
	at org.apache.maven.surefire.junit4.JUnit4Provider.executeTestSet(JUnit4Provider.java:238)
	at org.apache.maven.surefire.junit4.JUnit4Provider.invoke(JUnit4Provider.java:159)
	at org.apache.maven.surefire.booter.ForkedBooter.invokeProviderInSameClassLoader(ForkedBooter.java:384)
	at org.apache.maven.surefire.booter.ForkedBooter.runSuitesInProcess(ForkedBooter.java:345)
	at org.apache.maven.surefire.booter.ForkedBooter.execute(ForkedBooter.java:126)
	at org.apache.maven.surefire.booter.ForkedBooter.main(ForkedBooter.java:418)
2019-10-25 18:46:52,609 [main] INFO  scm.XceiverClientRatis (XceiverClientRatis.java:lambda$watchForCommit$5(295)) - Could not commit index 6 on pipeline Pipeline[ Id: b56b2aa8-e60f-44f7-b396-643c12960ac7, Nodes: 90a9ce3a-0a5e-4de2-813a-4d04cb4d4ab9{ip: 192.168.157.217, host: pr-hdds-2329-pipelines-rmb8m-4073948133, networkLocation: /default-rack, certSerialId: null}202d5f49-7963-4b43-9e61-5069c2030fd4{ip: 192.168.157.217, host: pr-hdds-2329-pipelines-rmb8m-4073948133, networkLocation: /default-rack, certSerialId: null}b2320d56-a737-47f4-81b1-3e8f0fb16133{ip: 192.168.157.217, host: pr-hdds-2329-pipelines-rmb8m-4073948133, networkLocation: /default-rack, certSerialId: null}, Type:RATIS, Factor:THREE, State:OPEN] to all the nodes. Server 90a9ce3a-0a5e-4de2-813a-4d04cb4d4ab9 has failed. Committed by majority.
2019-10-25 18:46:52,609 [main] WARN  storage.BlockOutputStream (BlockOutputStream.java:watchForCommit(352)) - Failed to commit BlockId conID: 1 locID: 103024503197728768 bcsId: 6 on Pipeline[ Id: b56b2aa8-e60f-44f7-b396-643c12960ac7, Nodes: 90a9ce3a-0a5e-4de2-813a-4d04cb4d4ab9{ip: 192.168.157.217, host: pr-hdds-2329-pipelines-rmb8m-4073948133, networkLocation: /default-rack, certSerialId: null}202d5f49-7963-4b43-9e61-5069c2030fd4{ip: 192.168.157.217, host: pr-hdds-2329-pipelines-rmb8m-4073948133, networkLocation: /default-rack, certSerialId: null}b2320d56-a737-47f4-81b1-3e8f0fb16133{ip: 192.168.157.217, host: pr-hdds-2329-pipelines-rmb8m-4073948133, networkLocation: /default-rack, certSerialId: null}, Type:RATIS, Factor:THREE, State:OPEN]. Failed nodes: [90a9ce3a-0a5e-4de2-813a-4d04cb4d4ab9{ip: null, host: null, networkLocation: /default-rack, certSerialId: null}]
2019-10-25 18:46:53,099 [java.util.concurrent.ThreadPoolExecutor$Worker@4fc56e52[State = -1, empty queue]] WARN  server.GrpcLogAppender (GrpcLogAppender.java:timeoutAppendRequest(209)) - b2320d56-a737-47f4-81b1-3e8f0fb16133@group-643C12960AC7->90a9ce3a-0a5e-4de2-813a-4d04cb4d4ab9-GrpcLogAppender: appendEntries Timeout, request=b2320d56-a737-47f4-81b1-3e8f0fb16133->90a9ce3a-0a5e-4de2-813a-4d04cb4d4ab9#22-t3, previous=(t:3, i:8), leaderCommit=8, initializing? false, entries: <empty>
2019-10-25 18:46:53,705 [EventQueue-IncrementalContainerReportForIncrementalContainerReportHandler] WARN  container.IncrementalContainerReportHandler (AbstractContainerReportHandler.java:updateContainerState(145)) - Container #1 is in OPEN state, but the datanode b2320d56-a737-47f4-81b1-3e8f0fb16133{ip: 192.168.157.217, host: pr-hdds-2329-pipelines-rmb8m-4073948133, networkLocation: /default-rack, certSerialId: null} reports an CLOSING replica.
2019-10-25 18:46:53,706 [EventQueue-IncrementalContainerReportForIncrementalContainerReportHandler] WARN  container.IncrementalContainerReportHandler (AbstractContainerReportHandler.java:updateContainerState(145)) - Container #1 is in OPEN state, but the datanode 202d5f49-7963-4b43-9e61-5069c2030fd4{ip: 192.168.157.217, host: pr-hdds-2329-pipelines-rmb8m-4073948133, networkLocation: /default-rack, certSerialId: null} reports an CLOSING replica.
2019-10-25 18:46:53,716 [RatisApplyTransactionExecutor 1] INFO  interfaces.Container (KeyValueContainer.java:flushAndSyncDB(386)) - Container 1 is synced with bcsId 6.
2019-10-25 18:46:53,716 [RatisApplyTransactionExecutor 1] INFO  interfaces.Container (KeyValueContainer.java:flushAndSyncDB(386)) - Container 1 is synced with bcsId 6.
2019-10-25 18:46:53,717 [RatisApplyTransactionExecutor 1] INFO  interfaces.Container (KeyValueContainer.java:flushAndSyncDB(386)) - Container 1 is synced with bcsId 6.
2019-10-25 18:46:53,717 [RatisApplyTransactionExecutor 1] INFO  interfaces.Container (KeyValueContainer.java:flushAndSyncDB(386)) - Container 1 is synced with bcsId 6.
2019-10-25 18:46:53,734 [RatisApplyTransactionExecutor 1] INFO  interfaces.Container (KeyValueContainer.java:close(335)) - Container 1 is closed with bcsId 6.
2019-10-25 18:46:53,734 [RatisApplyTransactionExecutor 1] INFO  interfaces.Container (KeyValueContainer.java:close(335)) - Container 1 is closed with bcsId 6.
2019-10-25 18:46:53,737 [EventQueue-IncrementalContainerReportForIncrementalContainerReportHandler] WARN  container.IncrementalContainerReportHandler (AbstractContainerReportHandler.java:updateContainerState(145)) - Container #1 is in OPEN state, but the datanode 202d5f49-7963-4b43-9e61-5069c2030fd4{ip: 192.168.157.217, host: pr-hdds-2329-pipelines-rmb8m-4073948133, networkLocation: /default-rack, certSerialId: null} reports an CLOSED replica.
2019-10-25 18:46:53,738 [EventQueue-IncrementalContainerReportForIncrementalContainerReportHandler] WARN  container.IncrementalContainerReportHandler (AbstractContainerReportHandler.java:updateContainerState(145)) - Container #1 is in OPEN state, but the datanode b2320d56-a737-47f4-81b1-3e8f0fb16133{ip: 192.168.157.217, host: pr-hdds-2329-pipelines-rmb8m-4073948133, networkLocation: /default-rack, certSerialId: null} reports an CLOSED replica.
2019-10-25 18:46:53,767 [BlockDeletingService#2] WARN  background.BlockDeletingService (BlockDeletingService.java:isDeletionAllowed(187)) - Close Container log Index 6 is not replicated across allthe servers in the pipeline b56b2aa8-e60f-44f7-b396-643c12960ac7 as the min replicated index is 4. Deletion is not allowed in this container yet.
2019-10-25 18:46:53,768 [BlockDeletingService#2] WARN  background.BlockDeletingService (BlockDeletingService.java:isDeletionAllowed(187)) - Close Container log Index 6 is not replicated across allthe servers in the pipeline b56b2aa8-e60f-44f7-b396-643c12960ac7 as the min replicated index is 4. Deletion is not allowed in this container yet.
2019-10-25 18:46:53,836 [EventQueue-ContainerReportForContainerReportHandler] WARN  container.ContainerReportHandler (AbstractContainerReportHandler.java:updateContainerState(145)) - Container #1 is in OPEN state, but the datanode b2320d56-a737-47f4-81b1-3e8f0fb16133{ip: 192.168.157.217, host: pr-hdds-2329-pipelines-rmb8m-4073948133, networkLocation: /default-rack, certSerialId: null} reports an CLOSED replica.
2019-10-25 18:46:53,936 [EventQueue-ContainerReportForContainerReportHandler] WARN  container.ContainerReportHandler (AbstractContainerReportHandler.java:updateContainerState(145)) - Container #1 is in OPEN state, but the datanode 202d5f49-7963-4b43-9e61-5069c2030fd4{ip: 192.168.157.217, host: pr-hdds-2329-pipelines-rmb8m-4073948133, networkLocation: /default-rack, certSerialId: null} reports an CLOSED replica.
2019-10-25 18:46:54,235 [EventQueue-ContainerReportForContainerReportHandler] WARN  container.ContainerReportHandler (AbstractContainerReportHandler.java:updateContainerState(145)) - Container #1 is in OPEN state, but the datanode 202d5f49-7963-4b43-9e61-5069c2030fd4{ip: 192.168.157.217, host: pr-hdds-2329-pipelines-rmb8m-4073948133, networkLocation: /default-rack, certSerialId: null} reports an CLOSED replica.
2019-10-25 18:46:54,237 [EventQueue-ContainerReportForContainerReportHandler] WARN  container.ContainerReportHandler (AbstractContainerReportHandler.java:updateContainerState(145)) - Container #1 is in OPEN state, but the datanode b2320d56-a737-47f4-81b1-3e8f0fb16133{ip: 192.168.157.217, host: pr-hdds-2329-pipelines-rmb8m-4073948133, networkLocation: /default-rack, certSerialId: null} reports an CLOSED replica.
2019-10-25 18:46:54,437 [EventQueue-ContainerReportForContainerReportHandler] WARN  container.ContainerReportHandler (AbstractContainerReportHandler.java:updateContainerState(145)) - Container #1 is in OPEN state, but the datanode b2320d56-a737-47f4-81b1-3e8f0fb16133{ip: 192.168.157.217, host: pr-hdds-2329-pipelines-rmb8m-4073948133, networkLocation: /default-rack, certSerialId: null} reports an CLOSED replica.
2019-10-25 18:46:54,536 [EventQueue-ContainerReportForContainerReportHandler] WARN  container.ContainerReportHandler (AbstractContainerReportHandler.java:updateContainerState(145)) - Container #1 is in OPEN state, but the datanode 202d5f49-7963-4b43-9e61-5069c2030fd4{ip: 192.168.157.217, host: pr-hdds-2329-pipelines-rmb8m-4073948133, networkLocation: /default-rack, certSerialId: null} reports an CLOSED replica.
2019-10-25 18:46:54,572 [IPC Server handler 0 on 40832] INFO  server.SCMBlockProtocolServer (SCMBlockProtocolServer.java:deleteKeyBlocks(214)) - SCM is informed by OM to delete 1 blocks
2019-10-25 18:46:54,572 [IPC Server handler 0 on 40832] INFO  block.BlockManagerImpl (BlockManagerImpl.java:deleteBlocks(285)) - Deleting blocks conID: 1 locID: 103024503197728768 bcsId: 0
2019-10-25 18:46:54,737 [EventQueue-ContainerReportForContainerReportHandler] WARN  container.ContainerReportHandler (AbstractContainerReportHandler.java:updateContainerState(145)) - Container #1 is in OPEN state, but the datanode b2320d56-a737-47f4-81b1-3e8f0fb16133{ip: 192.168.157.217, host: pr-hdds-2329-pipelines-rmb8m-4073948133, networkLocation: /default-rack, certSerialId: null} reports an CLOSED replica.
2019-10-25 18:46:54,768 [BlockDeletingService#2] WARN  background.BlockDeletingService (BlockDeletingService.java:isDeletionAllowed(187)) - Close Container log Index 6 is not replicated across allthe servers in the pipeline b56b2aa8-e60f-44f7-b396-643c12960ac7 as the min replicated index is 4. Deletion is not allowed in this container yet.
2019-10-25 18:46:54,769 [BlockDeletingService#2] WARN  background.BlockDeletingService (BlockDeletingService.java:isDeletionAllowed(187)) - Close Container log Index 6 is not replicated across allthe servers in the pipeline b56b2aa8-e60f-44f7-b396-643c12960ac7 as the min replicated index is 4. Deletion is not allowed in this container yet.
2019-10-25 18:46:54,835 [EventQueue-ContainerReportForContainerReportHandler] WARN  container.ContainerReportHandler (AbstractContainerReportHandler.java:updateContainerState(145)) - Container #1 is in OPEN state, but the datanode 202d5f49-7963-4b43-9e61-5069c2030fd4{ip: 192.168.157.217, host: pr-hdds-2329-pipelines-rmb8m-4073948133, networkLocation: /default-rack, certSerialId: null} reports an CLOSED replica.
2019-10-25 18:46:55,137 [EventQueue-ContainerReportForContainerReportHandler] WARN  container.ContainerReportHandler (AbstractContainerReportHandler.java:updateContainerState(145)) - Container #1 is in OPEN state, but the datanode b2320d56-a737-47f4-81b1-3e8f0fb16133{ip: 192.168.157.217, host: pr-hdds-2329-pipelines-rmb8m-4073948133, networkLocation: /default-rack, certSerialId: null} reports an CLOSED replica.
2019-10-25 18:46:55,236 [EventQueue-ContainerReportForContainerReportHandler] WARN  container.ContainerReportHandler (AbstractContainerReportHandler.java:updateContainerState(145)) - Container #1 is in OPEN state, but the datanode 202d5f49-7963-4b43-9e61-5069c2030fd4{ip: 192.168.157.217, host: pr-hdds-2329-pipelines-rmb8m-4073948133, networkLocation: /default-rack, certSerialId: null} reports an CLOSED replica.
2019-10-25 18:46:55,535 [EventQueue-ContainerReportForContainerReportHandler] WARN  container.ContainerReportHandler (AbstractContainerReportHandler.java:updateContainerState(145)) - Container #1 is in OPEN state, but the datanode 202d5f49-7963-4b43-9e61-5069c2030fd4{ip: 192.168.157.217, host: pr-hdds-2329-pipelines-rmb8m-4073948133, networkLocation: /default-rack, certSerialId: null} reports an CLOSED replica.
2019-10-25 18:46:55,536 [EventQueue-ContainerReportForContainerReportHandler] WARN  container.ContainerReportHandler (AbstractContainerReportHandler.java:updateContainerState(145)) - Container #1 is in OPEN state, but the datanode b2320d56-a737-47f4-81b1-3e8f0fb16133{ip: 192.168.157.217, host: pr-hdds-2329-pipelines-rmb8m-4073948133, networkLocation: /default-rack, certSerialId: null} reports an CLOSED replica.
2019-10-25 18:46:55,600 [java.util.concurrent.ThreadPoolExecutor$Worker@4fc56e52[State = -1, empty queue]] WARN  server.GrpcLogAppender (GrpcLogAppender.java:timeoutAppendRequest(209)) - b2320d56-a737-47f4-81b1-3e8f0fb16133@group-643C12960AC7->90a9ce3a-0a5e-4de2-813a-4d04cb4d4ab9-GrpcLogAppender: appendEntries Timeout, request=b2320d56-a737-47f4-81b1-3e8f0fb16133->90a9ce3a-0a5e-4de2-813a-4d04cb4d4ab9#23-t3, previous=(t:3, i:8), leaderCommit=8, initializing? false, entries: <empty>
2019-10-25 18:46:55,770 [BlockDeletingService#2] WARN  background.BlockDeletingService (BlockDeletingService.java:isDeletionAllowed(187)) - Close Container log Index 6 is not replicated across allthe servers in the pipeline b56b2aa8-e60f-44f7-b396-643c12960ac7 as the min replicated index is 4. Deletion is not allowed in this container yet.
2019-10-25 18:46:55,770 [BlockDeletingService#2] WARN  background.BlockDeletingService (BlockDeletingService.java:isDeletionAllowed(187)) - Close Container log Index 6 is not replicated across allthe servers in the pipeline b56b2aa8-e60f-44f7-b396-643c12960ac7 as the min replicated index is 4. Deletion is not allowed in this container yet.
2019-10-25 18:46:55,837 [EventQueue-ContainerReportForContainerReportHandler] WARN  container.ContainerReportHandler (AbstractContainerReportHandler.java:updateContainerState(145)) - Container #1 is in OPEN state, but the datanode b2320d56-a737-47f4-81b1-3e8f0fb16133{ip: 192.168.157.217, host: pr-hdds-2329-pipelines-rmb8m-4073948133, networkLocation: /default-rack, certSerialId: null} reports an CLOSED replica.
2019-10-25 18:46:55,937 [EventQueue-ContainerReportForContainerReportHandler] WARN  container.ContainerReportHandler (AbstractContainerReportHandler.java:updateContainerState(145)) - Container #1 is in OPEN state, but the datanode 202d5f49-7963-4b43-9e61-5069c2030fd4{ip: 192.168.157.217, host: pr-hdds-2329-pipelines-rmb8m-4073948133, networkLocation: /default-rack, certSerialId: null} reports an CLOSED replica.
2019-10-25 18:46:56,037 [EventQueue-ContainerReportForContainerReportHandler] WARN  container.ContainerReportHandler (AbstractContainerReportHandler.java:updateContainerState(145)) - Container #1 is in OPEN state, but the datanode b2320d56-a737-47f4-81b1-3e8f0fb16133{ip: 192.168.157.217, host: pr-hdds-2329-pipelines-rmb8m-4073948133, networkLocation: /default-rack, certSerialId: null} reports an CLOSED replica.
2019-10-25 18:46:56,239 [EventQueue-ContainerReportForContainerReportHandler] WARN  container.ContainerReportHandler (AbstractContainerReportHandler.java:updateContainerState(145)) - Container #1 is in OPEN state, but the datanode 202d5f49-7963-4b43-9e61-5069c2030fd4{ip: 192.168.157.217, host: pr-hdds-2329-pipelines-rmb8m-4073948133, networkLocation: /default-rack, certSerialId: null} reports an CLOSED replica.
2019-10-25 18:46:56,439 [EventQueue-ContainerReportForContainerReportHandler] WARN  container.ContainerReportHandler (AbstractContainerReportHandler.java:updateContainerState(145)) - Container #1 is in OPEN state, but the datanode b2320d56-a737-47f4-81b1-3e8f0fb16133{ip: 192.168.157.217, host: pr-hdds-2329-pipelines-rmb8m-4073948133, networkLocation: /default-rack, certSerialId: null} reports an CLOSED replica.
2019-10-25 18:46:56,640 [EventQueue-ContainerReportForContainerReportHandler] WARN  container.ContainerReportHandler (AbstractContainerReportHandler.java:updateContainerState(145)) - Container #1 is in OPEN state, but the datanode 202d5f49-7963-4b43-9e61-5069c2030fd4{ip: 192.168.157.217, host: pr-hdds-2329-pipelines-rmb8m-4073948133, networkLocation: /default-rack, certSerialId: null} reports an CLOSED replica.
2019-10-25 18:46:56,671 [java.util.concurrent.ThreadPoolExecutor$Worker@4fc56e52[State = -1, empty queue]] WARN  server.GrpcLogAppender (GrpcLogAppender.java:timeoutAppendRequest(209)) - b2320d56-a737-47f4-81b1-3e8f0fb16133@group-643C12960AC7->90a9ce3a-0a5e-4de2-813a-4d04cb4d4ab9-GrpcLogAppender: appendEntries Timeout, request=b2320d56-a737-47f4-81b1-3e8f0fb16133->90a9ce3a-0a5e-4de2-813a-4d04cb4d4ab9#24-t3, previous=(t:3, i:8), leaderCommit=8, initializing? false, entries: size=1, first=(t:3, i:9), STATEMACHINELOGENTRY, client-A263BD803BE4, cid=12
2019-10-25 18:46:56,690 [java.util.concurrent.ThreadPoolExecutor$Worker@4fc56e52[State = -1, empty queue]] WARN  server.GrpcLogAppender (GrpcLogAppender.java:timeoutAppendRequest(209)) - b2320d56-a737-47f4-81b1-3e8f0fb16133@group-643C12960AC7->90a9ce3a-0a5e-4de2-813a-4d04cb4d4ab9-GrpcLogAppender: appendEntries Timeout, request=b2320d56-a737-47f4-81b1-3e8f0fb16133->90a9ce3a-0a5e-4de2-813a-4d04cb4d4ab9#25-t3, previous=(t:3, i:9), leaderCommit=9, initializing? false, entries: size=1, first=(t:3, i:10), METADATAENTRY(c9)
2019-10-25 18:46:56,738 [EventQueue-ContainerReportForContainerReportHandler] WARN  container.ContainerReportHandler (AbstractContainerReportHandler.java:updateContainerState(145)) - Container #1 is in OPEN state, but the datanode b2320d56-a737-47f4-81b1-3e8f0fb16133{ip: 192.168.157.217, host: pr-hdds-2329-pipelines-rmb8m-4073948133, networkLocation: /default-rack, certSerialId: null} reports an CLOSED replica.
2019-10-25 18:46:56,771 [BlockDeletingService#2] WARN  background.BlockDeletingService (BlockDeletingService.java:isDeletionAllowed(187)) - Close Container log Index 6 is not replicated across allthe servers in the pipeline b56b2aa8-e60f-44f7-b396-643c12960ac7 as the min replicated index is 4. Deletion is not allowed in this container yet.
2019-10-25 18:46:56,771 [BlockDeletingService#2] WARN  background.BlockDeletingService (BlockDeletingService.java:isDeletionAllowed(187)) - Close Container log Index 6 is not replicated across allthe servers in the pipeline b56b2aa8-e60f-44f7-b396-643c12960ac7 as the min replicated index is 4. Deletion is not allowed in this container yet.
2019-10-25 18:46:56,840 [EventQueue-ContainerReportForContainerReportHandler] WARN  container.ContainerReportHandler (AbstractContainerReportHandler.java:updateContainerState(145)) - Container #1 is in OPEN state, but the datanode 202d5f49-7963-4b43-9e61-5069c2030fd4{ip: 192.168.157.217, host: pr-hdds-2329-pipelines-rmb8m-4073948133, networkLocation: /default-rack, certSerialId: null} reports an CLOSED replica.
2019-10-25 18:46:57,138 [EventQueue-ContainerReportForContainerReportHandler] WARN  container.ContainerReportHandler (AbstractContainerReportHandler.java:updateContainerState(145)) - Container #1 is in OPEN state, but the datanode b2320d56-a737-47f4-81b1-3e8f0fb16133{ip: 192.168.157.217, host: pr-hdds-2329-pipelines-rmb8m-4073948133, networkLocation: /default-rack, certSerialId: null} reports an CLOSED replica.
2019-10-25 18:46:57,140 [EventQueue-ContainerReportForContainerReportHandler] WARN  container.ContainerReportHandler (AbstractContainerReportHandler.java:updateContainerState(145)) - Container #1 is in OPEN state, but the datanode 202d5f49-7963-4b43-9e61-5069c2030fd4{ip: 192.168.157.217, host: pr-hdds-2329-pipelines-rmb8m-4073948133, networkLocation: /default-rack, certSerialId: null} reports an CLOSED replica.
2019-10-25 18:46:57,340 [EventQueue-ContainerReportForContainerReportHandler] WARN  container.ContainerReportHandler (AbstractContainerReportHandler.java:updateContainerState(145)) - Container #1 is in OPEN state, but the datanode 202d5f49-7963-4b43-9e61-5069c2030fd4{ip: 192.168.157.217, host: pr-hdds-2329-pipelines-rmb8m-4073948133, networkLocation: /default-rack, certSerialId: null} reports an CLOSED replica.
2019-10-25 18:46:57,438 [EventQueue-ContainerReportForContainerReportHandler] WARN  container.ContainerReportHandler (AbstractContainerReportHandler.java:updateContainerState(145)) - Container #1 is in OPEN state, but the datanode b2320d56-a737-47f4-81b1-3e8f0fb16133{ip: 192.168.157.217, host: pr-hdds-2329-pipelines-rmb8m-4073948133, networkLocation: /default-rack, certSerialId: null} reports an CLOSED replica.
2019-10-25 18:46:57,540 [EventQueue-ContainerReportForContainerReportHandler] WARN  container.ContainerReportHandler (AbstractContainerReportHandler.java:updateContainerState(145)) - Container #1 is in OPEN state, but the datanode 202d5f49-7963-4b43-9e61-5069c2030fd4{ip: 192.168.157.217, host: pr-hdds-2329-pipelines-rmb8m-4073948133, networkLocation: /default-rack, certSerialId: null} reports an CLOSED replica.
2019-10-25 18:46:57,739 [EventQueue-ContainerReportForContainerReportHandler] WARN  container.ContainerReportHandler (AbstractContainerReportHandler.java:updateContainerState(145)) - Container #1 is in OPEN state, but the datanode b2320d56-a737-47f4-81b1-3e8f0fb16133{ip: 192.168.157.217, host: pr-hdds-2329-pipelines-rmb8m-4073948133, networkLocation: /default-rack, certSerialId: null} reports an CLOSED replica.
2019-10-25 18:46:57,774 [BlockDeletingService#2] WARN  background.BlockDeletingService (BlockDeletingService.java:isDeletionAllowed(187)) - Close Container log Index 6 is not replicated across allthe servers in the pipeline b56b2aa8-e60f-44f7-b396-643c12960ac7 as the min replicated index is 4. Deletion is not allowed in this container yet.
2019-10-25 18:46:57,774 [BlockDeletingService#2] WARN  background.BlockDeletingService (BlockDeletingService.java:isDeletionAllowed(187)) - Close Container log Index 6 is not replicated across allthe servers in the pipeline b56b2aa8-e60f-44f7-b396-643c12960ac7 as the min replicated index is 4. Deletion is not allowed in this container yet.
2019-10-25 18:46:57,940 [EventQueue-ContainerReportForContainerReportHandler] WARN  container.ContainerReportHandler (AbstractContainerReportHandler.java:updateContainerState(145)) - Container #1 is in OPEN state, but the datanode 202d5f49-7963-4b43-9e61-5069c2030fd4{ip: 192.168.157.217, host: pr-hdds-2329-pipelines-rmb8m-4073948133, networkLocation: /default-rack, certSerialId: null} reports an CLOSED replica.
2019-10-25 18:46:58,039 [EventQueue-ContainerReportForContainerReportHandler] WARN  container.ContainerReportHandler (AbstractContainerReportHandler.java:updateContainerState(145)) - Container #1 is in OPEN state, but the datanode b2320d56-a737-47f4-81b1-3e8f0fb16133{ip: 192.168.157.217, host: pr-hdds-2329-pipelines-rmb8m-4073948133, networkLocation: /default-rack, certSerialId: null} reports an CLOSED replica.
2019-10-25 18:46:58,240 [EventQueue-ContainerReportForContainerReportHandler] WARN  container.ContainerReportHandler (AbstractContainerReportHandler.java:updateContainerState(145)) - Container #1 is in OPEN state, but the datanode 202d5f49-7963-4b43-9e61-5069c2030fd4{ip: 192.168.157.217, host: pr-hdds-2329-pipelines-rmb8m-4073948133, networkLocation: /default-rack, certSerialId: null} reports an CLOSED replica.
2019-10-25 18:46:58,340 [EventQueue-ContainerReportForContainerReportHandler] WARN  container.ContainerReportHandler (AbstractContainerReportHandler.java:updateContainerState(145)) - Container #1 is in OPEN state, but the datanode b2320d56-a737-47f4-81b1-3e8f0fb16133{ip: 192.168.157.217, host: pr-hdds-2329-pipelines-rmb8m-4073948133, networkLocation: /default-rack, certSerialId: null} reports an CLOSED replica.
2019-10-25 18:46:58,541 [EventQueue-ContainerReportForContainerReportHandler] WARN  container.ContainerReportHandler (AbstractContainerReportHandler.java:updateContainerState(145)) - Container #1 is in OPEN state, but the datanode 202d5f49-7963-4b43-9e61-5069c2030fd4{ip: 192.168.157.217, host: pr-hdds-2329-pipelines-rmb8m-4073948133, networkLocation: /default-rack, certSerialId: null} reports an CLOSED replica.
2019-10-25 18:46:58,640 [EventQueue-ContainerReportForContainerReportHandler] WARN  container.ContainerReportHandler (AbstractContainerReportHandler.java:updateContainerState(145)) - Container #1 is in OPEN state, but the datanode b2320d56-a737-47f4-81b1-3e8f0fb16133{ip: 192.168.157.217, host: pr-hdds-2329-pipelines-rmb8m-4073948133, networkLocation: /default-rack, certSerialId: null} reports an CLOSED replica.
2019-10-25 18:46:58,742 [EventQueue-ContainerReportForContainerReportHandler] WARN  container.ContainerReportHandler (AbstractContainerReportHandler.java:updateContainerState(145)) - Container #1 is in OPEN state, but the datanode 202d5f49-7963-4b43-9e61-5069c2030fd4{ip: 192.168.157.217, host: pr-hdds-2329-pipelines-rmb8m-4073948133, networkLocation: /default-rack, certSerialId: null} reports an CLOSED replica.
2019-10-25 18:46:58,776 [BlockDeletingService#2] WARN  background.BlockDeletingService (BlockDeletingService.java:isDeletionAllowed(187)) - Close Container log Index 6 is not replicated across allthe servers in the pipeline b56b2aa8-e60f-44f7-b396-643c12960ac7 as the min replicated index is 4. Deletion is not allowed in this container yet.
2019-10-25 18:46:58,776 [BlockDeletingService#2] WARN  background.BlockDeletingService (BlockDeletingService.java:isDeletionAllowed(187)) - Close Container log Index 6 is not replicated across allthe servers in the pipeline b56b2aa8-e60f-44f7-b396-643c12960ac7 as the min replicated index is 4. Deletion is not allowed in this container yet.
2019-10-25 18:46:58,940 [EventQueue-ContainerReportForContainerReportHandler] WARN  container.ContainerReportHandler (AbstractContainerReportHandler.java:updateContainerState(145)) - Container #1 is in OPEN state, but the datanode b2320d56-a737-47f4-81b1-3e8f0fb16133{ip: 192.168.157.217, host: pr-hdds-2329-pipelines-rmb8m-4073948133, networkLocation: /default-rack, certSerialId: null} reports an CLOSED replica.
2019-10-25 18:46:59,041 [EventQueue-ContainerReportForContainerReportHandler] WARN  container.ContainerReportHandler (AbstractContainerReportHandler.java:updateContainerState(145)) - Container #1 is in OPEN state, but the datanode 202d5f49-7963-4b43-9e61-5069c2030fd4{ip: 192.168.157.217, host: pr-hdds-2329-pipelines-rmb8m-4073948133, networkLocation: /default-rack, certSerialId: null} reports an CLOSED replica.
2019-10-25 18:46:59,191 [java.util.concurrent.ThreadPoolExecutor$Worker@4fc56e52[State = -1, empty queue]] WARN  server.GrpcLogAppender (GrpcLogAppender.java:timeoutAppendRequest(209)) - b2320d56-a737-47f4-81b1-3e8f0fb16133@group-643C12960AC7->90a9ce3a-0a5e-4de2-813a-4d04cb4d4ab9-GrpcLogAppender: appendEntries Timeout, request=b2320d56-a737-47f4-81b1-3e8f0fb16133->90a9ce3a-0a5e-4de2-813a-4d04cb4d4ab9#26-t3, previous=(t:3, i:10), leaderCommit=10, initializing? false, entries: <empty>
2019-10-25 18:46:59,241 [EventQueue-ContainerReportForContainerReportHandler] WARN  container.ContainerReportHandler (AbstractContainerReportHandler.java:updateContainerState(145)) - Container #1 is in OPEN state, but the datanode b2320d56-a737-47f4-81b1-3e8f0fb16133{ip: 192.168.157.217, host: pr-hdds-2329-pipelines-rmb8m-4073948133, networkLocation: /default-rack, certSerialId: null} reports an CLOSED replica.
2019-10-25 18:46:59,442 [EventQueue-ContainerReportForContainerReportHandler] WARN  container.ContainerReportHandler (AbstractContainerReportHandler.java:updateContainerState(145)) - Container #1 is in OPEN state, but the datanode 202d5f49-7963-4b43-9e61-5069c2030fd4{ip: 192.168.157.217, host: pr-hdds-2329-pipelines-rmb8m-4073948133, networkLocation: /default-rack, certSerialId: null} reports an CLOSED replica.
2019-10-25 18:46:59,542 [EventQueue-ContainerReportForContainerReportHandler] WARN  container.ContainerReportHandler (AbstractContainerReportHandler.java:updateContainerState(145)) - Container #1 is in OPEN state, but the datanode b2320d56-a737-47f4-81b1-3e8f0fb16133{ip: 192.168.157.217, host: pr-hdds-2329-pipelines-rmb8m-4073948133, networkLocation: /default-rack, certSerialId: null} reports an CLOSED replica.
2019-10-25 18:46:59,742 [EventQueue-ContainerReportForContainerReportHandler] WARN  container.ContainerReportHandler (AbstractContainerReportHandler.java:updateContainerState(145)) - Container #1 is in OPEN state, but the datanode b2320d56-a737-47f4-81b1-3e8f0fb16133{ip: 192.168.157.217, host: pr-hdds-2329-pipelines-rmb8m-4073948133, networkLocation: /default-rack, certSerialId: null} reports an CLOSED replica.
2019-10-25 18:46:59,777 [BlockDeletingService#2] WARN  background.BlockDeletingService (BlockDeletingService.java:isDeletionAllowed(187)) - Close Container log Index 6 is not replicated across allthe servers in the pipeline b56b2aa8-e60f-44f7-b396-643c12960ac7 as the min replicated index is 4. Deletion is not allowed in this container yet.
2019-10-25 18:46:59,777 [BlockDeletingService#2] WARN  background.BlockDeletingService (BlockDeletingService.java:isDeletionAllowed(187)) - Close Container log Index 6 is not replicated across allthe servers in the pipeline b56b2aa8-e60f-44f7-b396-643c12960ac7 as the min replicated index is 4. Deletion is not allowed in this container yet.
2019-10-25 18:46:59,842 [EventQueue-ContainerReportForContainerReportHandler] WARN  container.ContainerReportHandler (AbstractContainerReportHandler.java:updateContainerState(145)) - Container #1 is in OPEN state, but the datanode 202d5f49-7963-4b43-9e61-5069c2030fd4{ip: 192.168.157.217, host: pr-hdds-2329-pipelines-rmb8m-4073948133, networkLocation: /default-rack, certSerialId: null} reports an CLOSED replica.
2019-10-25 18:47:00,041 [EventQueue-ContainerReportForContainerReportHandler] WARN  container.ContainerReportHandler (AbstractContainerReportHandler.java:updateContainerState(145)) - Container #1 is in OPEN state, but the datanode b2320d56-a737-47f4-81b1-3e8f0fb16133{ip: 192.168.157.217, host: pr-hdds-2329-pipelines-rmb8m-4073948133, networkLocation: /default-rack, certSerialId: null} reports an CLOSED replica.
2019-10-25 18:47:00,042 [EventQueue-ContainerReportForContainerReportHandler] WARN  container.ContainerReportHandler (AbstractContainerReportHandler.java:updateContainerState(145)) - Container #1 is in OPEN state, but the datanode 202d5f49-7963-4b43-9e61-5069c2030fd4{ip: 192.168.157.217, host: pr-hdds-2329-pipelines-rmb8m-4073948133, networkLocation: /default-rack, certSerialId: null} reports an CLOSED replica.
2019-10-25 18:47:00,343 [EventQueue-ContainerReportForContainerReportHandler] WARN  container.ContainerReportHandler (AbstractContainerReportHandler.java:updateContainerState(145)) - Container #1 is in OPEN state, but the datanode 202d5f49-7963-4b43-9e61-5069c2030fd4{ip: 192.168.157.217, host: pr-hdds-2329-pipelines-rmb8m-4073948133, networkLocation: /default-rack, certSerialId: null} reports an CLOSED replica.
2019-10-25 18:47:00,442 [EventQueue-ContainerReportForContainerReportHandler] WARN  container.ContainerReportHandler (AbstractContainerReportHandler.java:updateContainerState(145)) - Container #1 is in OPEN state, but the datanode b2320d56-a737-47f4-81b1-3e8f0fb16133{ip: 192.168.157.217, host: pr-hdds-2329-pipelines-rmb8m-4073948133, networkLocation: /default-rack, certSerialId: null} reports an CLOSED replica.
2019-10-25 18:47:00,744 [EventQueue-ContainerReportForContainerReportHandler] WARN  container.ContainerReportHandler (AbstractContainerReportHandler.java:updateContainerState(145)) - Container #1 is in OPEN state, but the datanode 202d5f49-7963-4b43-9e61-5069c2030fd4{ip: 192.168.157.217, host: pr-hdds-2329-pipelines-rmb8m-4073948133, networkLocation: /default-rack, certSerialId: null} reports an CLOSED replica.
2019-10-25 18:47:00,746 [EventQueue-ContainerReportForContainerReportHandler] WARN  container.ContainerReportHandler (AbstractContainerReportHandler.java:updateContainerState(145)) - Container #1 is in OPEN state, but the datanode b2320d56-a737-47f4-81b1-3e8f0fb16133{ip: 192.168.157.217, host: pr-hdds-2329-pipelines-rmb8m-4073948133, networkLocation: /default-rack, certSerialId: null} reports an CLOSED replica.
2019-10-25 18:47:00,780 [BlockDeletingService#2] WARN  background.BlockDeletingService (BlockDeletingService.java:isDeletionAllowed(187)) - Close Container log Index 6 is not replicated across allthe servers in the pipeline b56b2aa8-e60f-44f7-b396-643c12960ac7 as the min replicated index is 4. Deletion is not allowed in this container yet.
2019-10-25 18:47:00,780 [BlockDeletingService#2] WARN  background.BlockDeletingService (BlockDeletingService.java:isDeletionAllowed(187)) - Close Container log Index 6 is not replicated across allthe servers in the pipeline b56b2aa8-e60f-44f7-b396-643c12960ac7 as the min replicated index is 4. Deletion is not allowed in this container yet.
2019-10-25 18:47:01,043 [EventQueue-ContainerReportForContainerReportHandler] WARN  container.ContainerReportHandler (AbstractContainerReportHandler.java:updateContainerState(145)) - Container #1 is in OPEN state, but the datanode 202d5f49-7963-4b43-9e61-5069c2030fd4{ip: 192.168.157.217, host: pr-hdds-2329-pipelines-rmb8m-4073948133, networkLocation: /default-rack, certSerialId: null} reports an CLOSED replica.
2019-10-25 18:47:01,044 [EventQueue-ContainerReportForContainerReportHandler] WARN  container.ContainerReportHandler (AbstractContainerReportHandler.java:updateContainerState(145)) - Container #1 is in OPEN state, but the datanode b2320d56-a737-47f4-81b1-3e8f0fb16133{ip: 192.168.157.217, host: pr-hdds-2329-pipelines-rmb8m-4073948133, networkLocation: /default-rack, certSerialId: null} reports an CLOSED replica.
2019-10-25 18:47:01,243 [EventQueue-ContainerReportForContainerReportHandler] WARN  container.ContainerReportHandler (AbstractContainerReportHandler.java:updateContainerState(145)) - Container #1 is in OPEN state, but the datanode b2320d56-a737-47f4-81b1-3e8f0fb16133{ip: 192.168.157.217, host: pr-hdds-2329-pipelines-rmb8m-4073948133, networkLocation: /default-rack, certSerialId: null} reports an CLOSED replica.
2019-10-25 18:47:01,343 [EventQueue-ContainerReportForContainerReportHandler] WARN  container.ContainerReportHandler (AbstractContainerReportHandler.java:updateContainerState(145)) - Container #1 is in OPEN state, but the datanode 202d5f49-7963-4b43-9e61-5069c2030fd4{ip: 192.168.157.217, host: pr-hdds-2329-pipelines-rmb8m-4073948133, networkLocation: /default-rack, certSerialId: null} reports an CLOSED replica.
2019-10-25 18:47:01,443 [EventQueue-ContainerReportForContainerReportHandler] WARN  container.ContainerReportHandler (AbstractContainerReportHandler.java:updateContainerState(145)) - Container #1 is in OPEN state, but the datanode b2320d56-a737-47f4-81b1-3e8f0fb16133{ip: 192.168.157.217, host: pr-hdds-2329-pipelines-rmb8m-4073948133, networkLocation: /default-rack, certSerialId: null} reports an CLOSED replica.
2019-10-25 18:47:01,693 [java.util.concurrent.ThreadPoolExecutor$Worker@4fc56e52[State = -1, empty queue]] WARN  server.GrpcLogAppender (GrpcLogAppender.java:timeoutAppendRequest(209)) - b2320d56-a737-47f4-81b1-3e8f0fb16133@group-643C12960AC7->90a9ce3a-0a5e-4de2-813a-4d04cb4d4ab9-GrpcLogAppender: appendEntries Timeout, request=b2320d56-a737-47f4-81b1-3e8f0fb16133->90a9ce3a-0a5e-4de2-813a-4d04cb4d4ab9#27-t3, previous=(t:3, i:10), leaderCommit=10, initializing? false, entries: <empty>
2019-10-25 18:47:01,721 [Thread-390] INFO  client.GrpcClientProtocolService (GrpcClientProtocolService.java:lambda$processClientRequest$0(279)) - Failed RaftClientRequest:client-85E8A1575A11->202d5f49-7963-4b43-9e61-5069c2030fd4@group-643C12960AC7, cid=10, seq=0, Watch-ALL_COMMITTED(6), Message:<EMPTY>, reply=RaftClientReply:client-85E8A1575A11->202d5f49-7963-4b43-9e61-5069c2030fd4@group-643C12960AC7, cid=10, FAILED org.apache.ratis.protocol.NotLeaderException: Server 202d5f49-7963-4b43-9e61-5069c2030fd4@group-643C12960AC7 is not the leader b2320d56-a737-47f4-81b1-3e8f0fb16133:192.168.157.217:40923, logIndex=0, commits[202d5f49-7963-4b43-9e61-5069c2030fd4:c10, b2320d56-a737-47f4-81b1-3e8f0fb16133:c10, 90a9ce3a-0a5e-4de2-813a-4d04cb4d4ab9:c4]
2019-10-25 18:47:01,743 [EventQueue-ContainerReportForContainerReportHandler] WARN  container.ContainerReportHandler (AbstractContainerReportHandler.java:updateContainerState(145)) - Container #1 is in OPEN state, but the datanode b2320d56-a737-47f4-81b1-3e8f0fb16133{ip: 192.168.157.217, host: pr-hdds-2329-pipelines-rmb8m-4073948133, networkLocation: /default-rack, certSerialId: null} reports an CLOSED replica.
2019-10-25 18:47:01,743 [EventQueue-ContainerReportForContainerReportHandler] WARN  container.ContainerReportHandler (AbstractContainerReportHandler.java:updateContainerState(145)) - Container #1 is in OPEN state, but the datanode 202d5f49-7963-4b43-9e61-5069c2030fd4{ip: 192.168.157.217, host: pr-hdds-2329-pipelines-rmb8m-4073948133, networkLocation: /default-rack, certSerialId: null} reports an CLOSED replica.
2019-10-25 18:47:01,782 [BlockDeletingService#2] WARN  background.BlockDeletingService (BlockDeletingService.java:isDeletionAllowed(187)) - Close Container log Index 6 is not replicated across allthe servers in the pipeline b56b2aa8-e60f-44f7-b396-643c12960ac7 as the min replicated index is 4. Deletion is not allowed in this container yet.
2019-10-25 18:47:01,783 [BlockDeletingService#2] WARN  background.BlockDeletingService (BlockDeletingService.java:isDeletionAllowed(187)) - Close Container log Index 6 is not replicated across allthe servers in the pipeline b56b2aa8-e60f-44f7-b396-643c12960ac7 as the min replicated index is 4. Deletion is not allowed in this container yet.
2019-10-25 18:47:01,943 [EventQueue-ContainerReportForContainerReportHandler] WARN  container.ContainerReportHandler (AbstractContainerReportHandler.java:updateContainerState(145)) - Container #1 is in OPEN state, but the datanode 202d5f49-7963-4b43-9e61-5069c2030fd4{ip: 192.168.157.217, host: pr-hdds-2329-pipelines-rmb8m-4073948133, networkLocation: /default-rack, certSerialId: null} reports an CLOSED replica.
2019-10-25 18:47:02,043 [EventQueue-ContainerReportForContainerReportHandler] WARN  container.ContainerReportHandler (AbstractContainerReportHandler.java:updateContainerState(145)) - Container #1 is in OPEN state, but the datanode b2320d56-a737-47f4-81b1-3e8f0fb16133{ip: 192.168.157.217, host: pr-hdds-2329-pipelines-rmb8m-4073948133, networkLocation: /default-rack, certSerialId: null} reports an CLOSED replica.
2019-10-25 18:47:02,343 [EventQueue-ContainerReportForContainerReportHandler] WARN  container.ContainerReportHandler (AbstractContainerReportHandler.java:updateContainerState(145)) - Container #1 is in OPEN state, but the datanode b2320d56-a737-47f4-81b1-3e8f0fb16133{ip: 192.168.157.217, host: pr-hdds-2329-pipelines-rmb8m-4073948133, networkLocation: /default-rack, certSerialId: null} reports an CLOSED replica.
2019-10-25 18:47:02,343 [EventQueue-ContainerReportForContainerReportHandler] WARN  container.ContainerReportHandler (AbstractContainerReportHandler.java:updateContainerState(145)) - Container #1 is in OPEN state, but the datanode 202d5f49-7963-4b43-9e61-5069c2030fd4{ip: 192.168.157.217, host: pr-hdds-2329-pipelines-rmb8m-4073948133, networkLocation: /default-rack, certSerialId: null} reports an CLOSED replica.
2019-10-25 18:47:02,584 [Thread-395] INFO  client.GrpcClientProtocolService (GrpcClientProtocolService.java:lambda$processClientRequest$0(279)) - Failed RaftClientRequest:client-85E8A1575A11->b2320d56-a737-47f4-81b1-3e8f0fb16133@group-643C12960AC7, cid=10, seq=0, Watch-ALL_COMMITTED(6), Message:<EMPTY>, reply=RaftClientReply:client-85E8A1575A11->b2320d56-a737-47f4-81b1-3e8f0fb16133@group-643C12960AC7, cid=10, FAILED org.apache.ratis.protocol.NotReplicatedException: Request with call Id 10 and log index 6 is not yet replicated to ALL_COMMITTED, logIndex=6, commits[b2320d56-a737-47f4-81b1-3e8f0fb16133:c10, 202d5f49-7963-4b43-9e61-5069c2030fd4:c10, 90a9ce3a-0a5e-4de2-813a-4d04cb4d4ab9:c4]
2019-10-25 18:47:02,645 [EventQueue-ContainerReportForContainerReportHandler] WARN  container.ContainerReportHandler (AbstractContainerReportHandler.java:updateContainerState(145)) - Container #1 is in OPEN state, but the datanode 202d5f49-7963-4b43-9e61-5069c2030fd4{ip: 192.168.157.217, host: pr-hdds-2329-pipelines-rmb8m-4073948133, networkLocation: /default-rack, certSerialId: null} reports an CLOSED replica.
2019-10-25 18:47:02,645 [EventQueue-ContainerReportForContainerReportHandler] WARN  container.ContainerReportHandler (AbstractContainerReportHandler.java:updateContainerState(145)) - Container #1 is in OPEN state, but the datanode b2320d56-a737-47f4-81b1-3e8f0fb16133{ip: 192.168.157.217, host: pr-hdds-2329-pipelines-rmb8m-4073948133, networkLocation: /default-rack, certSerialId: null} reports an CLOSED replica.
2019-10-25 18:47:02,786 [BlockDeletingService#2] WARN  background.BlockDeletingService (BlockDeletingService.java:isDeletionAllowed(187)) - Close Container log Index 6 is not replicated across allthe servers in the pipeline b56b2aa8-e60f-44f7-b396-643c12960ac7 as the min replicated index is 4. Deletion is not allowed in this container yet.
2019-10-25 18:47:02,786 [BlockDeletingService#2] WARN  background.BlockDeletingService (BlockDeletingService.java:isDeletionAllowed(187)) - Close Container log Index 6 is not replicated across allthe servers in the pipeline b56b2aa8-e60f-44f7-b396-643c12960ac7 as the min replicated index is 4. Deletion is not allowed in this container yet.
2019-10-25 18:47:02,945 [EventQueue-ContainerReportForContainerReportHandler] WARN  container.ContainerReportHandler (AbstractContainerReportHandler.java:updateContainerState(145)) - Container #1 is in OPEN state, but the datanode b2320d56-a737-47f4-81b1-3e8f0fb16133{ip: 192.168.157.217, host: pr-hdds-2329-pipelines-rmb8m-4073948133, networkLocation: /default-rack, certSerialId: null} reports an CLOSED replica.
2019-10-25 18:47:02,946 [EventQueue-ContainerReportForContainerReportHandler] WARN  container.ContainerReportHandler (AbstractContainerReportHandler.java:updateContainerState(145)) - Container #1 is in OPEN state, but the datanode 202d5f49-7963-4b43-9e61-5069c2030fd4{ip: 192.168.157.217, host: pr-hdds-2329-pipelines-rmb8m-4073948133, networkLocation: /default-rack, certSerialId: null} reports an CLOSED replica.
2019-10-25 18:47:03,144 [EventQueue-ContainerReportForContainerReportHandler] WARN  container.ContainerReportHandler (AbstractContainerReportHandler.java:updateContainerState(145)) - Container #1 is in OPEN state, but the datanode b2320d56-a737-47f4-81b1-3e8f0fb16133{ip: 192.168.157.217, host: pr-hdds-2329-pipelines-rmb8m-4073948133, networkLocation: /default-rack, certSerialId: null} reports an CLOSED replica.
2019-10-25 18:47:03,246 [EventQueue-ContainerReportForContainerReportHandler] WARN  container.ContainerReportHandler (AbstractContainerReportHandler.java:updateContainerState(145)) - Container #1 is in OPEN state, but the datanode 202d5f49-7963-4b43-9e61-5069c2030fd4{ip: 192.168.157.217, host: pr-hdds-2329-pipelines-rmb8m-4073948133, networkLocation: /default-rack, certSerialId: null} reports an CLOSED replica.
2019-10-25 18:47:03,446 [EventQueue-ContainerReportForContainerReportHandler] WARN  container.ContainerReportHandler (AbstractContainerReportHandler.java:updateContainerState(145)) - Container #1 is in OPEN state, but the datanode 202d5f49-7963-4b43-9e61-5069c2030fd4{ip: 192.168.157.217, host: pr-hdds-2329-pipelines-rmb8m-4073948133, networkLocation: /default-rack, certSerialId: null} reports an CLOSED replica.
2019-10-25 18:47:03,544 [EventQueue-ContainerReportForContainerReportHandler] WARN  container.ContainerReportHandler (AbstractContainerReportHandler.java:updateContainerState(145)) - Container #1 is in OPEN state, but the datanode b2320d56-a737-47f4-81b1-3e8f0fb16133{ip: 192.168.157.217, host: pr-hdds-2329-pipelines-rmb8m-4073948133, networkLocation: /default-rack, certSerialId: null} reports an CLOSED replica.
2019-10-25 18:47:03,747 [EventQueue-ContainerReportForContainerReportHandler] WARN  container.ContainerReportHandler (AbstractContainerReportHandler.java:updateContainerState(145)) - Container #1 is in OPEN state, but the datanode 202d5f49-7963-4b43-9e61-5069c2030fd4{ip: 192.168.157.217, host: pr-hdds-2329-pipelines-rmb8m-4073948133, networkLocation: /default-rack, certSerialId: null} reports an CLOSED replica.
2019-10-25 18:47:03,790 [BlockDeletingService#2] WARN  background.BlockDeletingService (BlockDeletingService.java:isDeletionAllowed(187)) - Close Container log Index 6 is not replicated across allthe servers in the pipeline b56b2aa8-e60f-44f7-b396-643c12960ac7 as the min replicated index is 4. Deletion is not allowed in this container yet.
2019-10-25 18:47:03,790 [BlockDeletingService#2] WARN  background.BlockDeletingService (BlockDeletingService.java:isDeletionAllowed(187)) - Close Container log Index 6 is not replicated across allthe servers in the pipeline b56b2aa8-e60f-44f7-b396-643c12960ac7 as the min replicated index is 4. Deletion is not allowed in this container yet.
2019-10-25 18:47:03,944 [EventQueue-ContainerReportForContainerReportHandler] WARN  container.ContainerReportHandler (AbstractContainerReportHandler.java:updateContainerState(145)) - Container #1 is in OPEN state, but the datanode b2320d56-a737-47f4-81b1-3e8f0fb16133{ip: 192.168.157.217, host: pr-hdds-2329-pipelines-rmb8m-4073948133, networkLocation: /default-rack, certSerialId: null} reports an CLOSED replica.
2019-10-25 18:47:04,047 [EventQueue-ContainerReportForContainerReportHandler] WARN  container.ContainerReportHandler (AbstractContainerReportHandler.java:updateContainerState(145)) - Container #1 is in OPEN state, but the datanode 202d5f49-7963-4b43-9e61-5069c2030fd4{ip: 192.168.157.217, host: pr-hdds-2329-pipelines-rmb8m-4073948133, networkLocation: /default-rack, certSerialId: null} reports an CLOSED replica.
2019-10-25 18:47:04,195 [java.util.concurrent.ThreadPoolExecutor$Worker@4fc56e52[State = -1, empty queue]] WARN  server.GrpcLogAppender (GrpcLogAppender.java:timeoutAppendRequest(209)) - b2320d56-a737-47f4-81b1-3e8f0fb16133@group-643C12960AC7->90a9ce3a-0a5e-4de2-813a-4d04cb4d4ab9-GrpcLogAppender: appendEntries Timeout, request=b2320d56-a737-47f4-81b1-3e8f0fb16133->90a9ce3a-0a5e-4de2-813a-4d04cb4d4ab9#28-t3, previous=(t:3, i:10), leaderCommit=10, initializing? false, entries: <empty>
2019-10-25 18:47:04,344 [EventQueue-ContainerReportForContainerReportHandler] WARN  container.ContainerReportHandler (AbstractContainerReportHandler.java:updateContainerState(145)) - Container #1 is in OPEN state, but the datanode b2320d56-a737-47f4-81b1-3e8f0fb16133{ip: 192.168.157.217, host: pr-hdds-2329-pipelines-rmb8m-4073948133, networkLocation: /default-rack, certSerialId: null} reports an CLOSED replica.
2019-10-25 18:47:04,447 [EventQueue-ContainerReportForContainerReportHandler] WARN  container.ContainerReportHandler (AbstractContainerReportHandler.java:updateContainerState(145)) - Container #1 is in OPEN state, but the datanode 202d5f49-7963-4b43-9e61-5069c2030fd4{ip: 192.168.157.217, host: pr-hdds-2329-pipelines-rmb8m-4073948133, networkLocation: /default-rack, certSerialId: null} reports an CLOSED replica.
2019-10-25 18:47:04,645 [EventQueue-ContainerReportForContainerReportHandler] WARN  container.ContainerReportHandler (AbstractContainerReportHandler.java:updateContainerState(145)) - Container #1 is in OPEN state, but the datanode b2320d56-a737-47f4-81b1-3e8f0fb16133{ip: 192.168.157.217, host: pr-hdds-2329-pipelines-rmb8m-4073948133, networkLocation: /default-rack, certSerialId: null} reports an CLOSED replica.
2019-10-25 18:47:04,792 [BlockDeletingService#2] WARN  background.BlockDeletingService (BlockDeletingService.java:isDeletionAllowed(187)) - Close Container log Index 6 is not replicated across allthe servers in the pipeline b56b2aa8-e60f-44f7-b396-643c12960ac7 as the min replicated index is 4. Deletion is not allowed in this container yet.
2019-10-25 18:47:04,792 [BlockDeletingService#2] WARN  background.BlockDeletingService (BlockDeletingService.java:isDeletionAllowed(187)) - Close Container log Index 6 is not replicated across allthe servers in the pipeline b56b2aa8-e60f-44f7-b396-643c12960ac7 as the min replicated index is 4. Deletion is not allowed in this container yet.
2019-10-25 18:47:04,847 [EventQueue-ContainerReportForContainerReportHandler] WARN  container.ContainerReportHandler (AbstractContainerReportHandler.java:updateContainerState(145)) - Container #1 is in OPEN state, but the datanode 202d5f49-7963-4b43-9e61-5069c2030fd4{ip: 192.168.157.217, host: pr-hdds-2329-pipelines-rmb8m-4073948133, networkLocation: /default-rack, certSerialId: null} reports an CLOSED replica.
2019-10-25 18:47:04,947 [EventQueue-ContainerReportForContainerReportHandler] WARN  container.ContainerReportHandler (AbstractContainerReportHandler.java:updateContainerState(145)) - Container #1 is in OPEN state, but the datanode b2320d56-a737-47f4-81b1-3e8f0fb16133{ip: 192.168.157.217, host: pr-hdds-2329-pipelines-rmb8m-4073948133, networkLocation: /default-rack, certSerialId: null} reports an CLOSED replica.
2019-10-25 18:47:05,148 [EventQueue-ContainerReportForContainerReportHandler] WARN  container.ContainerReportHandler (AbstractContainerReportHandler.java:updateContainerState(145)) - Container #1 is in OPEN state, but the datanode 202d5f49-7963-4b43-9e61-5069c2030fd4{ip: 192.168.157.217, host: pr-hdds-2329-pipelines-rmb8m-4073948133, networkLocation: /default-rack, certSerialId: null} reports an CLOSED replica.
2019-10-25 18:47:05,347 [EventQueue-ContainerReportForContainerReportHandler] WARN  container.ContainerReportHandler (AbstractContainerReportHandler.java:updateContainerState(145)) - Container #1 is in OPEN state, but the datanode b2320d56-a737-47f4-81b1-3e8f0fb16133{ip: 192.168.157.217, host: pr-hdds-2329-pipelines-rmb8m-4073948133, networkLocation: /default-rack, certSerialId: null} reports an CLOSED replica.
2019-10-25 18:47:05,548 [EventQueue-ContainerReportForContainerReportHandler] WARN  container.ContainerReportHandler (AbstractContainerReportHandler.java:updateContainerState(145)) - Container #1 is in OPEN state, but the datanode 202d5f49-7963-4b43-9e61-5069c2030fd4{ip: 192.168.157.217, host: pr-hdds-2329-pipelines-rmb8m-4073948133, networkLocation: /default-rack, certSerialId: null} reports an CLOSED replica.
2019-10-25 18:47:05,647 [EventQueue-ContainerReportForContainerReportHandler] WARN  container.ContainerReportHandler (AbstractContainerReportHandler.java:updateContainerState(145)) - Container #1 is in OPEN state, but the datanode b2320d56-a737-47f4-81b1-3e8f0fb16133{ip: 192.168.157.217, host: pr-hdds-2329-pipelines-rmb8m-4073948133, networkLocation: /default-rack, certSerialId: null} reports an CLOSED replica.
2019-10-25 18:47:05,793 [BlockDeletingService#2] WARN  background.BlockDeletingService (BlockDeletingService.java:isDeletionAllowed(187)) - Close Container log Index 6 is not replicated across allthe servers in the pipeline b56b2aa8-e60f-44f7-b396-643c12960ac7 as the min replicated index is 4. Deletion is not allowed in this container yet.
2019-10-25 18:47:05,794 [BlockDeletingService#2] WARN  background.BlockDeletingService (BlockDeletingService.java:isDeletionAllowed(187)) - Close Container log Index 6 is not replicated across allthe servers in the pipeline b56b2aa8-e60f-44f7-b396-643c12960ac7 as the min replicated index is 4. Deletion is not allowed in this container yet.
2019-10-25 18:47:05,950 [EventQueue-ContainerReportForContainerReportHandler] WARN  container.ContainerReportHandler (AbstractContainerReportHandler.java:updateContainerState(145)) - Container #1 is in OPEN state, but the datanode 202d5f49-7963-4b43-9e61-5069c2030fd4{ip: 192.168.157.217, host: pr-hdds-2329-pipelines-rmb8m-4073948133, networkLocation: /default-rack, certSerialId: null} reports an CLOSED replica.
2019-10-25 18:47:06,049 [EventQueue-ContainerReportForContainerReportHandler] WARN  container.ContainerReportHandler (AbstractContainerReportHandler.java:updateContainerState(145)) - Container #1 is in OPEN state, but the datanode b2320d56-a737-47f4-81b1-3e8f0fb16133{ip: 192.168.157.217, host: pr-hdds-2329-pipelines-rmb8m-4073948133, networkLocation: /default-rack, certSerialId: null} reports an CLOSED replica.
2019-10-25 18:47:06,149 [EventQueue-ContainerReportForContainerReportHandler] WARN  container.ContainerReportHandler (AbstractContainerReportHandler.java:updateContainerState(145)) - Container #1 is in OPEN state, but the datanode 202d5f49-7963-4b43-9e61-5069c2030fd4{ip: 192.168.157.217, host: pr-hdds-2329-pipelines-rmb8m-4073948133, networkLocation: /default-rack, certSerialId: null} reports an CLOSED replica.
2019-10-25 18:47:06,249 [EventQueue-ContainerReportForContainerReportHandler] WARN  container.ContainerReportHandler (AbstractContainerReportHandler.java:updateContainerState(145)) - Container #1 is in OPEN state, but the datanode b2320d56-a737-47f4-81b1-3e8f0fb16133{ip: 192.168.157.217, host: pr-hdds-2329-pipelines-rmb8m-4073948133, networkLocation: /default-rack, certSerialId: null} reports an CLOSED replica.
2019-10-25 18:47:06,449 [EventQueue-ContainerReportForContainerReportHandler] WARN  container.ContainerReportHandler (AbstractContainerReportHandler.java:updateContainerState(145)) - Container #1 is in OPEN state, but the datanode 202d5f49-7963-4b43-9e61-5069c2030fd4{ip: 192.168.157.217, host: pr-hdds-2329-pipelines-rmb8m-4073948133, networkLocation: /default-rack, certSerialId: null} reports an CLOSED replica.
2019-10-25 18:47:06,649 [EventQueue-ContainerReportForContainerReportHandler] WARN  container.ContainerReportHandler (AbstractContainerReportHandler.java:updateContainerState(145)) - Container #1 is in OPEN state, but the datanode b2320d56-a737-47f4-81b1-3e8f0fb16133{ip: 192.168.157.217, host: pr-hdds-2329-pipelines-rmb8m-4073948133, networkLocation: /default-rack, certSerialId: null} reports an CLOSED replica.
2019-10-25 18:47:06,696 [java.util.concurrent.ThreadPoolExecutor$Worker@4fc56e52[State = -1, empty queue]] WARN  server.GrpcLogAppender (GrpcLogAppender.java:timeoutAppendRequest(209)) - b2320d56-a737-47f4-81b1-3e8f0fb16133@group-643C12960AC7->90a9ce3a-0a5e-4de2-813a-4d04cb4d4ab9-GrpcLogAppender: appendEntries Timeout, request=b2320d56-a737-47f4-81b1-3e8f0fb16133->90a9ce3a-0a5e-4de2-813a-4d04cb4d4ab9#29-t3, previous=(t:3, i:10), leaderCommit=10, initializing? false, entries: <empty>
2019-10-25 18:47:06,795 [BlockDeletingService#2] WARN  background.BlockDeletingService (BlockDeletingService.java:isDeletionAllowed(187)) - Close Container log Index 6 is not replicated across allthe servers in the pipeline b56b2aa8-e60f-44f7-b396-643c12960ac7 as the min replicated index is 4. Deletion is not allowed in this container yet.
2019-10-25 18:47:06,795 [BlockDeletingService#2] WARN  background.BlockDeletingService (BlockDeletingService.java:isDeletionAllowed(187)) - Close Container log Index 6 is not replicated across allthe servers in the pipeline b56b2aa8-e60f-44f7-b396-643c12960ac7 as the min replicated index is 4. Deletion is not allowed in this container yet.
2019-10-25 18:47:06,849 [EventQueue-ContainerReportForContainerReportHandler] WARN  container.ContainerReportHandler (AbstractContainerReportHandler.java:updateContainerState(145)) - Container #1 is in OPEN state, but the datanode 202d5f49-7963-4b43-9e61-5069c2030fd4{ip: 192.168.157.217, host: pr-hdds-2329-pipelines-rmb8m-4073948133, networkLocation: /default-rack, certSerialId: null} reports an CLOSED replica.
2019-10-25 18:47:06,849 [EventQueue-ContainerReportForContainerReportHandler] WARN  container.ContainerReportHandler (AbstractContainerReportHandler.java:updateContainerState(145)) - Container #1 is in OPEN state, but the datanode b2320d56-a737-47f4-81b1-3e8f0fb16133{ip: 192.168.157.217, host: pr-hdds-2329-pipelines-rmb8m-4073948133, networkLocation: /default-rack, certSerialId: null} reports an CLOSED replica.
2019-10-25 18:47:07,149 [EventQueue-ContainerReportForContainerReportHandler] WARN  container.ContainerReportHandler (AbstractContainerReportHandler.java:updateContainerState(145)) - Container #1 is in OPEN state, but the datanode 202d5f49-7963-4b43-9e61-5069c2030fd4{ip: 192.168.157.217, host: pr-hdds-2329-pipelines-rmb8m-4073948133, networkLocation: /default-rack, certSerialId: null} reports an CLOSED replica.
2019-10-25 18:47:07,250 [EventQueue-ContainerReportForContainerReportHandler] WARN  container.ContainerReportHandler (AbstractContainerReportHandler.java:updateContainerState(145)) - Container #1 is in OPEN state, but the datanode b2320d56-a737-47f4-81b1-3e8f0fb16133{ip: 192.168.157.217, host: pr-hdds-2329-pipelines-rmb8m-4073948133, networkLocation: /default-rack, certSerialId: null} reports an CLOSED replica.
2019-10-25 18:47:07,450 [EventQueue-ContainerReportForContainerReportHandler] WARN  container.ContainerReportHandler (AbstractContainerReportHandler.java:updateContainerState(145)) - Container #1 is in OPEN state, but the datanode 202d5f49-7963-4b43-9e61-5069c2030fd4{ip: 192.168.157.217, host: pr-hdds-2329-pipelines-rmb8m-4073948133, networkLocation: /default-rack, certSerialId: null} reports an CLOSED replica.
2019-10-25 18:47:07,550 [EventQueue-ContainerReportForContainerReportHandler] WARN  container.ContainerReportHandler (AbstractContainerReportHandler.java:updateContainerState(145)) - Container #1 is in OPEN state, but the datanode b2320d56-a737-47f4-81b1-3e8f0fb16133{ip: 192.168.157.217, host: pr-hdds-2329-pipelines-rmb8m-4073948133, networkLocation: /default-rack, certSerialId: null} reports an CLOSED replica.
2019-10-25 18:47:07,651 [EventQueue-ContainerReportForContainerReportHandler] WARN  container.ContainerReportHandler (AbstractContainerReportHandler.java:updateContainerState(145)) - Container #1 is in OPEN state, but the datanode 202d5f49-7963-4b43-9e61-5069c2030fd4{ip: 192.168.157.217, host: pr-hdds-2329-pipelines-rmb8m-4073948133, networkLocation: /default-rack, certSerialId: null} reports an CLOSED replica.
2019-10-25 18:47:07,797 [BlockDeletingService#2] WARN  background.BlockDeletingService (BlockDeletingService.java:isDeletionAllowed(187)) - Close Container log Index 6 is not replicated across allthe servers in the pipeline b56b2aa8-e60f-44f7-b396-643c12960ac7 as the min replicated index is 4. Deletion is not allowed in this container yet.
2019-10-25 18:47:07,797 [BlockDeletingService#2] WARN  background.BlockDeletingService (BlockDeletingService.java:isDeletionAllowed(187)) - Close Container log Index 6 is not replicated across allthe servers in the pipeline b56b2aa8-e60f-44f7-b396-643c12960ac7 as the min replicated index is 4. Deletion is not allowed in this container yet.
2019-10-25 18:47:07,851 [EventQueue-ContainerReportForContainerReportHandler] WARN  container.ContainerReportHandler (AbstractContainerReportHandler.java:updateContainerState(145)) - Container #1 is in OPEN state, but the datanode b2320d56-a737-47f4-81b1-3e8f0fb16133{ip: 192.168.157.217, host: pr-hdds-2329-pipelines-rmb8m-4073948133, networkLocation: /default-rack, certSerialId: null} reports an CLOSED replica.
2019-10-25 18:47:07,950 [EventQueue-ContainerReportForContainerReportHandler] WARN  container.ContainerReportHandler (AbstractContainerReportHandler.java:updateContainerState(145)) - Container #1 is in OPEN state, but the datanode 202d5f49-7963-4b43-9e61-5069c2030fd4{ip: 192.168.157.217, host: pr-hdds-2329-pipelines-rmb8m-4073948133, networkLocation: /default-rack, certSerialId: null} reports an CLOSED replica.
2019-10-25 18:47:08,151 [EventQueue-ContainerReportForContainerReportHandler] WARN  container.ContainerReportHandler (AbstractContainerReportHandler.java:updateContainerState(145)) - Container #1 is in OPEN state, but the datanode b2320d56-a737-47f4-81b1-3e8f0fb16133{ip: 192.168.157.217, host: pr-hdds-2329-pipelines-rmb8m-4073948133, networkLocation: /default-rack, certSerialId: null} reports an CLOSED replica.
2019-10-25 18:47:08,250 [EventQueue-ContainerReportForContainerReportHandler] WARN  container.ContainerReportHandler (AbstractContainerReportHandler.java:updateContainerState(145)) - Container #1 is in OPEN state, but the datanode 202d5f49-7963-4b43-9e61-5069c2030fd4{ip: 192.168.157.217, host: pr-hdds-2329-pipelines-rmb8m-4073948133, networkLocation: /default-rack, certSerialId: null} reports an CLOSED replica.
2019-10-25 18:47:08,451 [EventQueue-ContainerReportForContainerReportHandler] WARN  container.ContainerReportHandler (AbstractContainerReportHandler.java:updateContainerState(145)) - Container #1 is in OPEN state, but the datanode b2320d56-a737-47f4-81b1-3e8f0fb16133{ip: 192.168.157.217, host: pr-hdds-2329-pipelines-rmb8m-4073948133, networkLocation: /default-rack, certSerialId: null} reports an CLOSED replica.
2019-10-25 18:47:08,550 [EventQueue-ContainerReportForContainerReportHandler] WARN  container.ContainerReportHandler (AbstractContainerReportHandler.java:updateContainerState(145)) - Container #1 is in OPEN state, but the datanode 202d5f49-7963-4b43-9e61-5069c2030fd4{ip: 192.168.157.217, host: pr-hdds-2329-pipelines-rmb8m-4073948133, networkLocation: /default-rack, certSerialId: null} reports an CLOSED replica.
2019-10-25 18:47:08,752 [EventQueue-ContainerReportForContainerReportHandler] WARN  container.ContainerReportHandler (AbstractContainerReportHandler.java:updateContainerState(145)) - Container #1 is in OPEN state, but the datanode b2320d56-a737-47f4-81b1-3e8f0fb16133{ip: 192.168.157.217, host: pr-hdds-2329-pipelines-rmb8m-4073948133, networkLocation: /default-rack, certSerialId: null} reports an CLOSED replica.
2019-10-25 18:47:08,799 [BlockDeletingService#2] WARN  background.BlockDeletingService (BlockDeletingService.java:isDeletionAllowed(187)) - Close Container log Index 6 is not replicated across allthe servers in the pipeline b56b2aa8-e60f-44f7-b396-643c12960ac7 as the min replicated index is 4. Deletion is not allowed in this container yet.
2019-10-25 18:47:08,799 [BlockDeletingService#2] WARN  background.BlockDeletingService (BlockDeletingService.java:isDeletionAllowed(187)) - Close Container log Index 6 is not replicated across allthe servers in the pipeline b56b2aa8-e60f-44f7-b396-643c12960ac7 as the min replicated index is 4. Deletion is not allowed in this container yet.
2019-10-25 18:47:08,852 [EventQueue-ContainerReportForContainerReportHandler] WARN  container.ContainerReportHandler (AbstractContainerReportHandler.java:updateContainerState(145)) - Container #1 is in OPEN state, but the datanode 202d5f49-7963-4b43-9e61-5069c2030fd4{ip: 192.168.157.217, host: pr-hdds-2329-pipelines-rmb8m-4073948133, networkLocation: /default-rack, certSerialId: null} reports an CLOSED replica.
2019-10-25 18:47:09,057 [EventQueue-ContainerReportForContainerReportHandler] WARN  container.ContainerReportHandler (AbstractContainerReportHandler.java:updateContainerState(145)) - Container #1 is in OPEN state, but the datanode b2320d56-a737-47f4-81b1-3e8f0fb16133{ip: 192.168.157.217, host: pr-hdds-2329-pipelines-rmb8m-4073948133, networkLocation: /default-rack, certSerialId: null} reports an CLOSED replica.
2019-10-25 18:47:09,197 [java.util.concurrent.ThreadPoolExecutor$Worker@4fc56e52[State = -1, empty queue]] WARN  server.GrpcLogAppender (GrpcLogAppender.java:timeoutAppendRequest(209)) - b2320d56-a737-47f4-81b1-3e8f0fb16133@group-643C12960AC7->90a9ce3a-0a5e-4de2-813a-4d04cb4d4ab9-GrpcLogAppender: appendEntries Timeout, request=b2320d56-a737-47f4-81b1-3e8f0fb16133->90a9ce3a-0a5e-4de2-813a-4d04cb4d4ab9#30-t3, previous=(t:3, i:10), leaderCommit=10, initializing? false, entries: <empty>
2019-10-25 18:47:09,252 [EventQueue-ContainerReportForContainerReportHandler] WARN  container.ContainerReportHandler (AbstractContainerReportHandler.java:updateContainerState(145)) - Container #1 is in OPEN state, but the datanode 202d5f49-7963-4b43-9e61-5069c2030fd4{ip: 192.168.157.217, host: pr-hdds-2329-pipelines-rmb8m-4073948133, networkLocation: /default-rack, certSerialId: null} reports an CLOSED replica.
2019-10-25 18:47:09,452 [EventQueue-ContainerReportForContainerReportHandler] WARN  container.ContainerReportHandler (AbstractContainerReportHandler.java:updateContainerState(145)) - Container #1 is in OPEN state, but the datanode 202d5f49-7963-4b43-9e61-5069c2030fd4{ip: 192.168.157.217, host: pr-hdds-2329-pipelines-rmb8m-4073948133, networkLocation: /default-rack, certSerialId: null} reports an CLOSED replica.
2019-10-25 18:47:09,453 [EventQueue-ContainerReportForContainerReportHandler] WARN  container.ContainerReportHandler (AbstractContainerReportHandler.java:updateContainerState(145)) - Container #1 is in OPEN state, but the datanode b2320d56-a737-47f4-81b1-3e8f0fb16133{ip: 192.168.157.217, host: pr-hdds-2329-pipelines-rmb8m-4073948133, networkLocation: /default-rack, certSerialId: null} reports an CLOSED replica.
2019-10-25 18:47:09,753 [EventQueue-ContainerReportForContainerReportHandler] WARN  container.ContainerReportHandler (AbstractContainerReportHandler.java:updateContainerState(145)) - Container #1 is in OPEN state, but the datanode 202d5f49-7963-4b43-9e61-5069c2030fd4{ip: 192.168.157.217, host: pr-hdds-2329-pipelines-rmb8m-4073948133, networkLocation: /default-rack, certSerialId: null} reports an CLOSED replica.
2019-10-25 18:47:09,800 [BlockDeletingService#2] WARN  background.BlockDeletingService (BlockDeletingService.java:isDeletionAllowed(187)) - Close Container log Index 6 is not replicated across allthe servers in the pipeline b56b2aa8-e60f-44f7-b396-643c12960ac7 as the min replicated index is 4. Deletion is not allowed in this container yet.
2019-10-25 18:47:09,800 [BlockDeletingService#2] WARN  background.BlockDeletingService (BlockDeletingService.java:isDeletionAllowed(187)) - Close Container log Index 6 is not replicated across allthe servers in the pipeline b56b2aa8-e60f-44f7-b396-643c12960ac7 as the min replicated index is 4. Deletion is not allowed in this container yet.
2019-10-25 18:47:09,853 [EventQueue-ContainerReportForContainerReportHandler] WARN  container.ContainerReportHandler (AbstractContainerReportHandler.java:updateContainerState(145)) - Container #1 is in OPEN state, but the datanode b2320d56-a737-47f4-81b1-3e8f0fb16133{ip: 192.168.157.217, host: pr-hdds-2329-pipelines-rmb8m-4073948133, networkLocation: /default-rack, certSerialId: null} reports an CLOSED replica.
2019-10-25 18:47:10,054 [EventQueue-ContainerReportForContainerReportHandler] WARN  container.ContainerReportHandler (AbstractContainerReportHandler.java:updateContainerState(145)) - Container #1 is in OPEN state, but the datanode b2320d56-a737-47f4-81b1-3e8f0fb16133{ip: 192.168.157.217, host: pr-hdds-2329-pipelines-rmb8m-4073948133, networkLocation: /default-rack, certSerialId: null} reports an CLOSED replica.
2019-10-25 18:47:10,054 [EventQueue-ContainerReportForContainerReportHandler] WARN  container.ContainerReportHandler (AbstractContainerReportHandler.java:updateContainerState(145)) - Container #1 is in OPEN state, but the datanode 202d5f49-7963-4b43-9e61-5069c2030fd4{ip: 192.168.157.217, host: pr-hdds-2329-pipelines-rmb8m-4073948133, networkLocation: /default-rack, certSerialId: null} reports an CLOSED replica.
2019-10-25 18:47:10,254 [EventQueue-ContainerReportForContainerReportHandler] WARN  container.ContainerReportHandler (AbstractContainerReportHandler.java:updateContainerState(145)) - Container #1 is in OPEN state, but the datanode b2320d56-a737-47f4-81b1-3e8f0fb16133{ip: 192.168.157.217, host: pr-hdds-2329-pipelines-rmb8m-4073948133, networkLocation: /default-rack, certSerialId: null} reports an CLOSED replica.
2019-10-25 18:47:10,354 [EventQueue-ContainerReportForContainerReportHandler] WARN  container.ContainerReportHandler (AbstractContainerReportHandler.java:updateContainerState(145)) - Container #1 is in OPEN state, but the datanode 202d5f49-7963-4b43-9e61-5069c2030fd4{ip: 192.168.157.217, host: pr-hdds-2329-pipelines-rmb8m-4073948133, networkLocation: /default-rack, certSerialId: null} reports an CLOSED replica.
2019-10-25 18:47:10,654 [EventQueue-ContainerReportForContainerReportHandler] WARN  container.ContainerReportHandler (AbstractContainerReportHandler.java:updateContainerState(145)) - Container #1 is in OPEN state, but the datanode b2320d56-a737-47f4-81b1-3e8f0fb16133{ip: 192.168.157.217, host: pr-hdds-2329-pipelines-rmb8m-4073948133, networkLocation: /default-rack, certSerialId: null} reports an CLOSED replica.
2019-10-25 18:47:10,655 [EventQueue-ContainerReportForContainerReportHandler] WARN  container.ContainerReportHandler (AbstractContainerReportHandler.java:updateContainerState(145)) - Container #1 is in OPEN state, but the datanode 202d5f49-7963-4b43-9e61-5069c2030fd4{ip: 192.168.157.217, host: pr-hdds-2329-pipelines-rmb8m-4073948133, networkLocation: /default-rack, certSerialId: null} reports an CLOSED replica.
2019-10-25 18:47:10,749 [Thread-417] INFO  client.GrpcClientProtocolService (GrpcClientProtocolService.java:lambda$processClientRequest$0(279)) - Failed RaftClientRequest:client-85E8A1575A11->202d5f49-7963-4b43-9e61-5069c2030fd4@group-643C12960AC7, cid=10, seq=0, Watch-ALL_COMMITTED(6), Message:<EMPTY>, reply=RaftClientReply:client-85E8A1575A11->202d5f49-7963-4b43-9e61-5069c2030fd4@group-643C12960AC7, cid=10, FAILED org.apache.ratis.protocol.NotLeaderException: Server 202d5f49-7963-4b43-9e61-5069c2030fd4@group-643C12960AC7 is not the leader b2320d56-a737-47f4-81b1-3e8f0fb16133:192.168.157.217:40923, logIndex=0, commits[202d5f49-7963-4b43-9e61-5069c2030fd4:c10, b2320d56-a737-47f4-81b1-3e8f0fb16133:c10, 90a9ce3a-0a5e-4de2-813a-4d04cb4d4ab9:c4]
2019-10-25 18:47:10,802 [BlockDeletingService#2] WARN  background.BlockDeletingService (BlockDeletingService.java:isDeletionAllowed(187)) - Close Container log Index 6 is not replicated across allthe servers in the pipeline b56b2aa8-e60f-44f7-b396-643c12960ac7 as the min replicated index is 4. Deletion is not allowed in this container yet.
2019-10-25 18:47:10,802 [BlockDeletingService#2] WARN  background.BlockDeletingService (BlockDeletingService.java:isDeletionAllowed(187)) - Close Container log Index 6 is not replicated across allthe servers in the pipeline b56b2aa8-e60f-44f7-b396-643c12960ac7 as the min replicated index is 4. Deletion is not allowed in this container yet.
2019-10-25 18:47:10,954 [EventQueue-ContainerReportForContainerReportHandler] WARN  container.ContainerReportHandler (AbstractContainerReportHandler.java:updateContainerState(145)) - Container #1 is in OPEN state, but the datanode 202d5f49-7963-4b43-9e61-5069c2030fd4{ip: 192.168.157.217, host: pr-hdds-2329-pipelines-rmb8m-4073948133, networkLocation: /default-rack, certSerialId: null} reports an CLOSED replica.
2019-10-25 18:47:10,954 [EventQueue-ContainerReportForContainerReportHandler] WARN  container.ContainerReportHandler (AbstractContainerReportHandler.java:updateContainerState(145)) - Container #1 is in OPEN state, but the datanode b2320d56-a737-47f4-81b1-3e8f0fb16133{ip: 192.168.157.217, host: pr-hdds-2329-pipelines-rmb8m-4073948133, networkLocation: /default-rack, certSerialId: null} reports an CLOSED replica.
2019-10-25 18:47:11,254 [EventQueue-ContainerReportForContainerReportHandler] WARN  container.ContainerReportHandler (AbstractContainerReportHandler.java:updateContainerState(145)) - Container #1 is in OPEN state, but the datanode 202d5f49-7963-4b43-9e61-5069c2030fd4{ip: 192.168.157.217, host: pr-hdds-2329-pipelines-rmb8m-4073948133, networkLocation: /default-rack, certSerialId: null} reports an CLOSED replica.
2019-10-25 18:47:11,255 [EventQueue-ContainerReportForContainerReportHandler] WARN  container.ContainerReportHandler (AbstractContainerReportHandler.java:updateContainerState(145)) - Container #1 is in OPEN state, but the datanode b2320d56-a737-47f4-81b1-3e8f0fb16133{ip: 192.168.157.217, host: pr-hdds-2329-pipelines-rmb8m-4073948133, networkLocation: /default-rack, certSerialId: null} reports an CLOSED replica.
2019-10-25 18:47:11,554 [EventQueue-ContainerReportForContainerReportHandler] WARN  container.ContainerReportHandler (AbstractContainerReportHandler.java:updateContainerState(145)) - Container #1 is in OPEN state, but the datanode 202d5f49-7963-4b43-9e61-5069c2030fd4{ip: 192.168.157.217, host: pr-hdds-2329-pipelines-rmb8m-4073948133, networkLocation: /default-rack, certSerialId: null} reports an CLOSED replica.
2019-10-25 18:47:11,654 [EventQueue-ContainerReportForContainerReportHandler] WARN  container.ContainerReportHandler (AbstractContainerReportHandler.java:updateContainerState(145)) - Container #1 is in OPEN state, but the datanode b2320d56-a737-47f4-81b1-3e8f0fb16133{ip: 192.168.157.217, host: pr-hdds-2329-pipelines-rmb8m-4073948133, networkLocation: /default-rack, certSerialId: null} reports an CLOSED replica.
2019-10-25 18:47:11,698 [java.util.concurrent.ThreadPoolExecutor$Worker@4fc56e52[State = -1, empty queue]] WARN  server.GrpcLogAppender (GrpcLogAppender.java:timeoutAppendRequest(209)) - b2320d56-a737-47f4-81b1-3e8f0fb16133@group-643C12960AC7->90a9ce3a-0a5e-4de2-813a-4d04cb4d4ab9-GrpcLogAppender: appendEntries Timeout, request=b2320d56-a737-47f4-81b1-3e8f0fb16133->90a9ce3a-0a5e-4de2-813a-4d04cb4d4ab9#31-t3, previous=(t:3, i:10), leaderCommit=10, initializing? false, entries: <empty>
2019-10-25 18:47:11,806 [BlockDeletingService#2] WARN  background.BlockDeletingService (BlockDeletingService.java:isDeletionAllowed(187)) - Close Container log Index 6 is not replicated across allthe servers in the pipeline b56b2aa8-e60f-44f7-b396-643c12960ac7 as the min replicated index is 4. Deletion is not allowed in this container yet.
2019-10-25 18:47:11,807 [BlockDeletingService#2] WARN  background.BlockDeletingService (BlockDeletingService.java:isDeletionAllowed(187)) - Close Container log Index 6 is not replicated across allthe servers in the pipeline b56b2aa8-e60f-44f7-b396-643c12960ac7 as the min replicated index is 4. Deletion is not allowed in this container yet.
2019-10-25 18:47:11,854 [EventQueue-ContainerReportForContainerReportHandler] WARN  container.ContainerReportHandler (AbstractContainerReportHandler.java:updateContainerState(145)) - Container #1 is in OPEN state, but the datanode 202d5f49-7963-4b43-9e61-5069c2030fd4{ip: 192.168.157.217, host: pr-hdds-2329-pipelines-rmb8m-4073948133, networkLocation: /default-rack, certSerialId: null} reports an CLOSED replica.
2019-10-25 18:47:11,854 [EventQueue-ContainerReportForContainerReportHandler] WARN  container.ContainerReportHandler (AbstractContainerReportHandler.java:updateContainerState(145)) - Container #1 is in OPEN state, but the datanode b2320d56-a737-47f4-81b1-3e8f0fb16133{ip: 192.168.157.217, host: pr-hdds-2329-pipelines-rmb8m-4073948133, networkLocation: /default-rack, certSerialId: null} reports an CLOSED replica.
2019-10-25 18:47:12,154 [EventQueue-ContainerReportForContainerReportHandler] WARN  container.ContainerReportHandler (AbstractContainerReportHandler.java:updateContainerState(145)) - Container #1 is in OPEN state, but the datanode 202d5f49-7963-4b43-9e61-5069c2030fd4{ip: 192.168.157.217, host: pr-hdds-2329-pipelines-rmb8m-4073948133, networkLocation: /default-rack, certSerialId: null} reports an CLOSED replica.
2019-10-25 18:47:12,254 [EventQueue-ContainerReportForContainerReportHandler] WARN  container.ContainerReportHandler (AbstractContainerReportHandler.java:updateContainerState(145)) - Container #1 is in OPEN state, but the datanode b2320d56-a737-47f4-81b1-3e8f0fb16133{ip: 192.168.157.217, host: pr-hdds-2329-pipelines-rmb8m-4073948133, networkLocation: /default-rack, certSerialId: null} reports an CLOSED replica.
2019-10-25 18:47:12,354 [EventQueue-ContainerReportForContainerReportHandler] WARN  container.ContainerReportHandler (AbstractContainerReportHandler.java:updateContainerState(145)) - Container #1 is in OPEN state, but the datanode 202d5f49-7963-4b43-9e61-5069c2030fd4{ip: 192.168.157.217, host: pr-hdds-2329-pipelines-rmb8m-4073948133, networkLocation: /default-rack, certSerialId: null} reports an CLOSED replica.
2019-10-25 18:47:12,554 [EventQueue-ContainerReportForContainerReportHandler] WARN  container.ContainerReportHandler (AbstractContainerReportHandler.java:updateContainerState(145)) - Container #1 is in OPEN state, but the datanode b2320d56-a737-47f4-81b1-3e8f0fb16133{ip: 192.168.157.217, host: pr-hdds-2329-pipelines-rmb8m-4073948133, networkLocation: /default-rack, certSerialId: null} reports an CLOSED replica.
2019-10-25 18:47:12,584 [Thread-425] INFO  client.GrpcClientProtocolService (GrpcClientProtocolService.java:lambda$processClientRequest$0(279)) - Failed RaftClientRequest:client-85E8A1575A11->b2320d56-a737-47f4-81b1-3e8f0fb16133@group-643C12960AC7, cid=10, seq=0, Watch-ALL_COMMITTED(6), Message:<EMPTY>, reply=RaftClientReply:client-85E8A1575A11->b2320d56-a737-47f4-81b1-3e8f0fb16133@group-643C12960AC7, cid=10, FAILED org.apache.ratis.protocol.NotReplicatedException: Request with call Id 10 and log index 6 is not yet replicated to ALL_COMMITTED, logIndex=6, commits[b2320d56-a737-47f4-81b1-3e8f0fb16133:c10, 202d5f49-7963-4b43-9e61-5069c2030fd4:c10, 90a9ce3a-0a5e-4de2-813a-4d04cb4d4ab9:c4]
2019-10-25 18:47:12,754 [EventQueue-ContainerReportForContainerReportHandler] WARN  container.ContainerReportHandler (AbstractContainerReportHandler.java:updateContainerState(145)) - Container #1 is in OPEN state, but the datanode 202d5f49-7963-4b43-9e61-5069c2030fd4{ip: 192.168.157.217, host: pr-hdds-2329-pipelines-rmb8m-4073948133, networkLocation: /default-rack, certSerialId: null} reports an CLOSED replica.
2019-10-25 18:47:12,755 [EventQueue-ContainerReportForContainerReportHandler] WARN  container.ContainerReportHandler (AbstractContainerReportHandler.java:updateContainerState(145)) - Container #1 is in OPEN state, but the datanode b2320d56-a737-47f4-81b1-3e8f0fb16133{ip: 192.168.157.217, host: pr-hdds-2329-pipelines-rmb8m-4073948133, networkLocation: /default-rack, certSerialId: null} reports an CLOSED replica.
2019-10-25 18:47:12,808 [BlockDeletingService#2] WARN  background.BlockDeletingService (BlockDeletingService.java:isDeletionAllowed(187)) - Close Container log Index 6 is not replicated across allthe servers in the pipeline b56b2aa8-e60f-44f7-b396-643c12960ac7 as the min replicated index is 4. Deletion is not allowed in this container yet.
2019-10-25 18:47:12,814 [BlockDeletingService#2] WARN  background.BlockDeletingService (BlockDeletingService.java:isDeletionAllowed(187)) - Close Container log Index 6 is not replicated across allthe servers in the pipeline b56b2aa8-e60f-44f7-b396-643c12960ac7 as the min replicated index is 4. Deletion is not allowed in this container yet.
2019-10-25 18:47:13,054 [EventQueue-ContainerReportForContainerReportHandler] WARN  container.ContainerReportHandler (AbstractContainerReportHandler.java:updateContainerState(145)) - Container #1 is in OPEN state, but the datanode 202d5f49-7963-4b43-9e61-5069c2030fd4{ip: 192.168.157.217, host: pr-hdds-2329-pipelines-rmb8m-4073948133, networkLocation: /default-rack, certSerialId: null} reports an CLOSED replica.
2019-10-25 18:47:13,154 [EventQueue-ContainerReportForContainerReportHandler] WARN  container.ContainerReportHandler (AbstractContainerReportHandler.java:updateContainerState(145)) - Container #1 is in OPEN state, but the datanode b2320d56-a737-47f4-81b1-3e8f0fb16133{ip: 192.168.157.217, host: pr-hdds-2329-pipelines-rmb8m-4073948133, networkLocation: /default-rack, certSerialId: null} reports an CLOSED replica.
2019-10-25 18:47:13,454 [EventQueue-ContainerReportForContainerReportHandler] WARN  container.ContainerReportHandler (AbstractContainerReportHandler.java:updateContainerState(145)) - Container #1 is in OPEN state, but the datanode 202d5f49-7963-4b43-9e61-5069c2030fd4{ip: 192.168.157.217, host: pr-hdds-2329-pipelines-rmb8m-4073948133, networkLocation: /default-rack, certSerialId: null} reports an CLOSED replica.
2019-10-25 18:47:13,554 [EventQueue-ContainerReportForContainerReportHandler] WARN  container.ContainerReportHandler (AbstractContainerReportHandler.java:updateContainerState(145)) - Container #1 is in OPEN state, but the datanode b2320d56-a737-47f4-81b1-3e8f0fb16133{ip: 192.168.157.217, host: pr-hdds-2329-pipelines-rmb8m-4073948133, networkLocation: /default-rack, certSerialId: null} reports an CLOSED replica.
2019-10-25 18:47:13,654 [EventQueue-ContainerReportForContainerReportHandler] WARN  container.ContainerReportHandler (AbstractContainerReportHandler.java:updateContainerState(145)) - Container #1 is in OPEN state, but the datanode 202d5f49-7963-4b43-9e61-5069c2030fd4{ip: 192.168.157.217, host: pr-hdds-2329-pipelines-rmb8m-4073948133, networkLocation: /default-rack, certSerialId: null} reports an CLOSED replica.
2019-10-25 18:47:13,754 [EventQueue-ContainerReportForContainerReportHandler] WARN  container.ContainerReportHandler (AbstractContainerReportHandler.java:updateContainerState(145)) - Container #1 is in OPEN state, but the datanode b2320d56-a737-47f4-81b1-3e8f0fb16133{ip: 192.168.157.217, host: pr-hdds-2329-pipelines-rmb8m-4073948133, networkLocation: /default-rack, certSerialId: null} reports an CLOSED replica.
2019-10-25 18:47:13,815 [BlockDeletingService#2] WARN  background.BlockDeletingService (BlockDeletingService.java:isDeletionAllowed(187)) - Close Container log Index 6 is not replicated across allthe servers in the pipeline b56b2aa8-e60f-44f7-b396-643c12960ac7 as the min replicated index is 4. Deletion is not allowed in this container yet.
2019-10-25 18:47:13,816 [BlockDeletingService#2] WARN  background.BlockDeletingService (BlockDeletingService.java:isDeletionAllowed(187)) - Close Container log Index 6 is not replicated across allthe servers in the pipeline b56b2aa8-e60f-44f7-b396-643c12960ac7 as the min replicated index is 4. Deletion is not allowed in this container yet.
2019-10-25 18:47:13,954 [EventQueue-ContainerReportForContainerReportHandler] WARN  container.ContainerReportHandler (AbstractContainerReportHandler.java:updateContainerState(145)) - Container #1 is in OPEN state, but the datanode b2320d56-a737-47f4-81b1-3e8f0fb16133{ip: 192.168.157.217, host: pr-hdds-2329-pipelines-rmb8m-4073948133, networkLocation: /default-rack, certSerialId: null} reports an CLOSED replica.
2019-10-25 18:47:14,054 [EventQueue-ContainerReportForContainerReportHandler] WARN  container.ContainerReportHandler (AbstractContainerReportHandler.java:updateContainerState(145)) - Container #1 is in OPEN state, but the datanode 202d5f49-7963-4b43-9e61-5069c2030fd4{ip: 192.168.157.217, host: pr-hdds-2329-pipelines-rmb8m-4073948133, networkLocation: /default-rack, certSerialId: null} reports an CLOSED replica.
2019-10-25 18:47:14,200 [java.util.concurrent.ThreadPoolExecutor$Worker@4fc56e52[State = -1, empty queue]] WARN  server.GrpcLogAppender (GrpcLogAppender.java:timeoutAppendRequest(209)) - b2320d56-a737-47f4-81b1-3e8f0fb16133@group-643C12960AC7->90a9ce3a-0a5e-4de2-813a-4d04cb4d4ab9-GrpcLogAppender: appendEntries Timeout, request=b2320d56-a737-47f4-81b1-3e8f0fb16133->90a9ce3a-0a5e-4de2-813a-4d04cb4d4ab9#32-t3, previous=(t:3, i:10), leaderCommit=10, initializing? false, entries: <empty>
2019-10-25 18:47:14,254 [EventQueue-ContainerReportForContainerReportHandler] WARN  container.ContainerReportHandler (AbstractContainerReportHandler.java:updateContainerState(145)) - Container #1 is in OPEN state, but the datanode b2320d56-a737-47f4-81b1-3e8f0fb16133{ip: 192.168.157.217, host: pr-hdds-2329-pipelines-rmb8m-4073948133, networkLocation: /default-rack, certSerialId: null} reports an CLOSED replica.
2019-10-25 18:47:14,355 [EventQueue-ContainerReportForContainerReportHandler] WARN  container.ContainerReportHandler (AbstractContainerReportHandler.java:updateContainerState(145)) - Container #1 is in OPEN state, but the datanode 202d5f49-7963-4b43-9e61-5069c2030fd4{ip: 192.168.157.217, host: pr-hdds-2329-pipelines-rmb8m-4073948133, networkLocation: /default-rack, certSerialId: null} reports an CLOSED replica.
2019-10-25 18:47:14,554 [EventQueue-ContainerReportForContainerReportHandler] WARN  container.ContainerReportHandler (AbstractContainerReportHandler.java:updateContainerState(145)) - Container #1 is in OPEN state, but the datanode b2320d56-a737-47f4-81b1-3e8f0fb16133{ip: 192.168.157.217, host: pr-hdds-2329-pipelines-rmb8m-4073948133, networkLocation: /default-rack, certSerialId: null} reports an CLOSED replica.
2019-10-25 18:47:14,654 [EventQueue-ContainerReportForContainerReportHandler] WARN  container.ContainerReportHandler (AbstractContainerReportHandler.java:updateContainerState(145)) - Container #1 is in OPEN state, but the datanode 202d5f49-7963-4b43-9e61-5069c2030fd4{ip: 192.168.157.217, host: pr-hdds-2329-pipelines-rmb8m-4073948133, networkLocation: /default-rack, certSerialId: null} reports an CLOSED replica.
2019-10-25 18:47:14,817 [BlockDeletingService#2] WARN  background.BlockDeletingService (BlockDeletingService.java:isDeletionAllowed(187)) - Close Container log Index 6 is not replicated across allthe servers in the pipeline b56b2aa8-e60f-44f7-b396-643c12960ac7 as the min replicated index is 4. Deletion is not allowed in this container yet.
2019-10-25 18:47:14,818 [BlockDeletingService#2] WARN  background.BlockDeletingService (BlockDeletingService.java:isDeletionAllowed(187)) - Close Container log Index 6 is not replicated across allthe servers in the pipeline b56b2aa8-e60f-44f7-b396-643c12960ac7 as the min replicated index is 4. Deletion is not allowed in this container yet.
2019-10-25 18:47:14,954 [EventQueue-ContainerReportForContainerReportHandler] WARN  container.ContainerReportHandler (AbstractContainerReportHandler.java:updateContainerState(145)) - Container #1 is in OPEN state, but the datanode b2320d56-a737-47f4-81b1-3e8f0fb16133{ip: 192.168.157.217, host: pr-hdds-2329-pipelines-rmb8m-4073948133, networkLocation: /default-rack, certSerialId: null} reports an CLOSED replica.
2019-10-25 18:47:15,055 [EventQueue-ContainerReportForContainerReportHandler] WARN  container.ContainerReportHandler (AbstractContainerReportHandler.java:updateContainerState(145)) - Container #1 is in OPEN state, but the datanode 202d5f49-7963-4b43-9e61-5069c2030fd4{ip: 192.168.157.217, host: pr-hdds-2329-pipelines-rmb8m-4073948133, networkLocation: /default-rack, certSerialId: null} reports an CLOSED replica.
2019-10-25 18:47:15,255 [EventQueue-ContainerReportForContainerReportHandler] WARN  container.ContainerReportHandler (AbstractContainerReportHandler.java:updateContainerState(145)) - Container #1 is in OPEN state, but the datanode b2320d56-a737-47f4-81b1-3e8f0fb16133{ip: 192.168.157.217, host: pr-hdds-2329-pipelines-rmb8m-4073948133, networkLocation: /default-rack, certSerialId: null} reports an CLOSED replica.
2019-10-25 18:47:15,355 [EventQueue-ContainerReportForContainerReportHandler] WARN  container.ContainerReportHandler (AbstractContainerReportHandler.java:updateContainerState(145)) - Container #1 is in OPEN state, but the datanode 202d5f49-7963-4b43-9e61-5069c2030fd4{ip: 192.168.157.217, host: pr-hdds-2329-pipelines-rmb8m-4073948133, networkLocation: /default-rack, certSerialId: null} reports an CLOSED replica.
2019-10-25 18:47:15,556 [EventQueue-ContainerReportForContainerReportHandler] WARN  container.ContainerReportHandler (AbstractContainerReportHandler.java:updateContainerState(145)) - Container #1 is in OPEN state, but the datanode b2320d56-a737-47f4-81b1-3e8f0fb16133{ip: 192.168.157.217, host: pr-hdds-2329-pipelines-rmb8m-4073948133, networkLocation: /default-rack, certSerialId: null} reports an CLOSED replica.
2019-10-25 18:47:15,657 [EventQueue-ContainerReportForContainerReportHandler] WARN  container.ContainerReportHandler (AbstractContainerReportHandler.java:updateContainerState(145)) - Container #1 is in OPEN state, but the datanode 202d5f49-7963-4b43-9e61-5069c2030fd4{ip: 192.168.157.217, host: pr-hdds-2329-pipelines-rmb8m-4073948133, networkLocation: /default-rack, certSerialId: null} reports an CLOSED replica.
2019-10-25 18:47:15,821 [BlockDeletingService#2] WARN  background.BlockDeletingService (BlockDeletingService.java:isDeletionAllowed(187)) - Close Container log Index 6 is not replicated across allthe servers in the pipeline b56b2aa8-e60f-44f7-b396-643c12960ac7 as the min replicated index is 4. Deletion is not allowed in this container yet.
2019-10-25 18:47:15,821 [BlockDeletingService#2] WARN  background.BlockDeletingService (BlockDeletingService.java:isDeletionAllowed(187)) - Close Container log Index 6 is not replicated across allthe servers in the pipeline b56b2aa8-e60f-44f7-b396-643c12960ac7 as the min replicated index is 4. Deletion is not allowed in this container yet.
2019-10-25 18:47:15,856 [EventQueue-ContainerReportForContainerReportHandler] WARN  container.ContainerReportHandler (AbstractContainerReportHandler.java:updateContainerState(145)) - Container #1 is in OPEN state, but the datanode 202d5f49-7963-4b43-9e61-5069c2030fd4{ip: 192.168.157.217, host: pr-hdds-2329-pipelines-rmb8m-4073948133, networkLocation: /default-rack, certSerialId: null} reports an CLOSED replica.
2019-10-25 18:47:15,957 [EventQueue-ContainerReportForContainerReportHandler] WARN  container.ContainerReportHandler (AbstractContainerReportHandler.java:updateContainerState(145)) - Container #1 is in OPEN state, but the datanode b2320d56-a737-47f4-81b1-3e8f0fb16133{ip: 192.168.157.217, host: pr-hdds-2329-pipelines-rmb8m-4073948133, networkLocation: /default-rack, certSerialId: null} reports an CLOSED replica.
2019-10-25 18:47:16,156 [EventQueue-ContainerReportForContainerReportHandler] WARN  container.ContainerReportHandler (AbstractContainerReportHandler.java:updateContainerState(145)) - Container #1 is in OPEN state, but the datanode 202d5f49-7963-4b43-9e61-5069c2030fd4{ip: 192.168.157.217, host: pr-hdds-2329-pipelines-rmb8m-4073948133, networkLocation: /default-rack, certSerialId: null} reports an CLOSED replica.
2019-10-25 18:47:16,258 [EventQueue-ContainerReportForContainerReportHandler] WARN  container.ContainerReportHandler (AbstractContainerReportHandler.java:updateContainerState(145)) - Container #1 is in OPEN state, but the datanode b2320d56-a737-47f4-81b1-3e8f0fb16133{ip: 192.168.157.217, host: pr-hdds-2329-pipelines-rmb8m-4073948133, networkLocation: /default-rack, certSerialId: null} reports an CLOSED replica.
2019-10-25 18:47:16,557 [EventQueue-ContainerReportForContainerReportHandler] WARN  container.ContainerReportHandler (AbstractContainerReportHandler.java:updateContainerState(145)) - Container #1 is in OPEN state, but the datanode 202d5f49-7963-4b43-9e61-5069c2030fd4{ip: 192.168.157.217, host: pr-hdds-2329-pipelines-rmb8m-4073948133, networkLocation: /default-rack, certSerialId: null} reports an CLOSED replica.
2019-10-25 18:47:16,659 [EventQueue-ContainerReportForContainerReportHandler] WARN  container.ContainerReportHandler (AbstractContainerReportHandler.java:updateContainerState(145)) - Container #1 is in OPEN state, but the datanode b2320d56-a737-47f4-81b1-3e8f0fb16133{ip: 192.168.157.217, host: pr-hdds-2329-pipelines-rmb8m-4073948133, networkLocation: /default-rack, certSerialId: null} reports an CLOSED replica.
2019-10-25 18:47:16,701 [java.util.concurrent.ThreadPoolExecutor$Worker@4fc56e52[State = -1, empty queue]] WARN  server.GrpcLogAppender (GrpcLogAppender.java:timeoutAppendRequest(209)) - b2320d56-a737-47f4-81b1-3e8f0fb16133@group-643C12960AC7->90a9ce3a-0a5e-4de2-813a-4d04cb4d4ab9-GrpcLogAppender: appendEntries Timeout, request=b2320d56-a737-47f4-81b1-3e8f0fb16133->90a9ce3a-0a5e-4de2-813a-4d04cb4d4ab9#33-t3, previous=(t:3, i:10), leaderCommit=10, initializing? false, entries: <empty>
2019-10-25 18:47:16,825 [BlockDeletingService#2] WARN  background.BlockDeletingService (BlockDeletingService.java:isDeletionAllowed(187)) - Close Container log Index 6 is not replicated across allthe servers in the pipeline b56b2aa8-e60f-44f7-b396-643c12960ac7 as the min replicated index is 4. Deletion is not allowed in this container yet.
2019-10-25 18:47:16,825 [BlockDeletingService#2] WARN  background.BlockDeletingService (BlockDeletingService.java:isDeletionAllowed(187)) - Close Container log Index 6 is not replicated across allthe servers in the pipeline b56b2aa8-e60f-44f7-b396-643c12960ac7 as the min replicated index is 4. Deletion is not allowed in this container yet.
2019-10-25 18:47:16,859 [EventQueue-ContainerReportForContainerReportHandler] WARN  container.ContainerReportHandler (AbstractContainerReportHandler.java:updateContainerState(145)) - Container #1 is in OPEN state, but the datanode 202d5f49-7963-4b43-9e61-5069c2030fd4{ip: 192.168.157.217, host: pr-hdds-2329-pipelines-rmb8m-4073948133, networkLocation: /default-rack, certSerialId: null} reports an CLOSED replica.
2019-10-25 18:47:16,959 [EventQueue-ContainerReportForContainerReportHandler] WARN  container.ContainerReportHandler (AbstractContainerReportHandler.java:updateContainerState(145)) - Container #1 is in OPEN state, but the datanode b2320d56-a737-47f4-81b1-3e8f0fb16133{ip: 192.168.157.217, host: pr-hdds-2329-pipelines-rmb8m-4073948133, networkLocation: /default-rack, certSerialId: null} reports an CLOSED replica.
2019-10-25 18:47:17,159 [EventQueue-ContainerReportForContainerReportHandler] WARN  container.ContainerReportHandler (AbstractContainerReportHandler.java:updateContainerState(145)) - Container #1 is in OPEN state, but the datanode 202d5f49-7963-4b43-9e61-5069c2030fd4{ip: 192.168.157.217, host: pr-hdds-2329-pipelines-rmb8m-4073948133, networkLocation: /default-rack, certSerialId: null} reports an CLOSED replica.
2019-10-25 18:47:17,160 [EventQueue-ContainerReportForContainerReportHandler] WARN  container.ContainerReportHandler (AbstractContainerReportHandler.java:updateContainerState(145)) - Container #1 is in OPEN state, but the datanode b2320d56-a737-47f4-81b1-3e8f0fb16133{ip: 192.168.157.217, host: pr-hdds-2329-pipelines-rmb8m-4073948133, networkLocation: /default-rack, certSerialId: null} reports an CLOSED replica.
2019-10-25 18:47:17,459 [EventQueue-ContainerReportForContainerReportHandler] WARN  container.ContainerReportHandler (AbstractContainerReportHandler.java:updateContainerState(145)) - Container #1 is in OPEN state, but the datanode b2320d56-a737-47f4-81b1-3e8f0fb16133{ip: 192.168.157.217, host: pr-hdds-2329-pipelines-rmb8m-4073948133, networkLocation: /default-rack, certSerialId: null} reports an CLOSED replica.
2019-10-25 18:47:17,460 [EventQueue-ContainerReportForContainerReportHandler] WARN  container.ContainerReportHandler (AbstractContainerReportHandler.java:updateContainerState(145)) - Container #1 is in OPEN state, but the datanode 202d5f49-7963-4b43-9e61-5069c2030fd4{ip: 192.168.157.217, host: pr-hdds-2329-pipelines-rmb8m-4073948133, networkLocation: /default-rack, certSerialId: null} reports an CLOSED replica.
2019-10-25 18:47:17,659 [EventQueue-ContainerReportForContainerReportHandler] WARN  container.ContainerReportHandler (AbstractContainerReportHandler.java:updateContainerState(145)) - Container #1 is in OPEN state, but the datanode b2320d56-a737-47f4-81b1-3e8f0fb16133{ip: 192.168.157.217, host: pr-hdds-2329-pipelines-rmb8m-4073948133, networkLocation: /default-rack, certSerialId: null} reports an CLOSED replica.
2019-10-25 18:47:17,827 [BlockDeletingService#2] WARN  background.BlockDeletingService (BlockDeletingService.java:isDeletionAllowed(187)) - Close Container log Index 6 is not replicated across allthe servers in the pipeline b56b2aa8-e60f-44f7-b396-643c12960ac7 as the min replicated index is 4. Deletion is not allowed in this container yet.
2019-10-25 18:47:17,827 [BlockDeletingService#2] WARN  background.BlockDeletingService (BlockDeletingService.java:isDeletionAllowed(187)) - Close Container log Index 6 is not replicated across allthe servers in the pipeline b56b2aa8-e60f-44f7-b396-643c12960ac7 as the min replicated index is 4. Deletion is not allowed in this container yet.
2019-10-25 18:47:17,859 [EventQueue-ContainerReportForContainerReportHandler] WARN  container.ContainerReportHandler (AbstractContainerReportHandler.java:updateContainerState(145)) - Container #1 is in OPEN state, but the datanode 202d5f49-7963-4b43-9e61-5069c2030fd4{ip: 192.168.157.217, host: pr-hdds-2329-pipelines-rmb8m-4073948133, networkLocation: /default-rack, certSerialId: null} reports an CLOSED replica.
2019-10-25 18:47:17,959 [EventQueue-ContainerReportForContainerReportHandler] WARN  container.ContainerReportHandler (AbstractContainerReportHandler.java:updateContainerState(145)) - Container #1 is in OPEN state, but the datanode b2320d56-a737-47f4-81b1-3e8f0fb16133{ip: 192.168.157.217, host: pr-hdds-2329-pipelines-rmb8m-4073948133, networkLocation: /default-rack, certSerialId: null} reports an CLOSED replica.
2019-10-25 18:47:18,159 [EventQueue-ContainerReportForContainerReportHandler] WARN  container.ContainerReportHandler (AbstractContainerReportHandler.java:updateContainerState(145)) - Container #1 is in OPEN state, but the datanode 202d5f49-7963-4b43-9e61-5069c2030fd4{ip: 192.168.157.217, host: pr-hdds-2329-pipelines-rmb8m-4073948133, networkLocation: /default-rack, certSerialId: null} reports an CLOSED replica.
2019-10-25 18:47:18,260 [EventQueue-ContainerReportForContainerReportHandler] WARN  container.ContainerReportHandler (AbstractContainerReportHandler.java:updateContainerState(145)) - Container #1 is in OPEN state, but the datanode b2320d56-a737-47f4-81b1-3e8f0fb16133{ip: 192.168.157.217, host: pr-hdds-2329-pipelines-rmb8m-4073948133, networkLocation: /default-rack, certSerialId: null} reports an CLOSED replica.
2019-10-25 18:47:18,460 [EventQueue-ContainerReportForContainerReportHandler] WARN  container.ContainerReportHandler (AbstractContainerReportHandler.java:updateContainerState(145)) - Container #1 is in OPEN state, but the datanode 202d5f49-7963-4b43-9e61-5069c2030fd4{ip: 192.168.157.217, host: pr-hdds-2329-pipelines-rmb8m-4073948133, networkLocation: /default-rack, certSerialId: null} reports an CLOSED replica.
2019-10-25 18:47:18,560 [EventQueue-ContainerReportForContainerReportHandler] WARN  container.ContainerReportHandler (AbstractContainerReportHandler.java:updateContainerState(145)) - Container #1 is in OPEN state, but the datanode b2320d56-a737-47f4-81b1-3e8f0fb16133{ip: 192.168.157.217, host: pr-hdds-2329-pipelines-rmb8m-4073948133, networkLocation: /default-rack, certSerialId: null} reports an CLOSED replica.
2019-10-25 18:47:18,761 [EventQueue-ContainerReportForContainerReportHandler] WARN  container.ContainerReportHandler (AbstractContainerReportHandler.java:updateContainerState(145)) - Container #1 is in OPEN state, but the datanode 202d5f49-7963-4b43-9e61-5069c2030fd4{ip: 192.168.157.217, host: pr-hdds-2329-pipelines-rmb8m-4073948133, networkLocation: /default-rack, certSerialId: null} reports an CLOSED replica.
2019-10-25 18:47:18,830 [BlockDeletingService#2] WARN  background.BlockDeletingService (BlockDeletingService.java:isDeletionAllowed(187)) - Close Container log Index 6 is not replicated across allthe servers in the pipeline b56b2aa8-e60f-44f7-b396-643c12960ac7 as the min replicated index is 4. Deletion is not allowed in this container yet.
2019-10-25 18:47:18,830 [BlockDeletingService#2] WARN  background.BlockDeletingService (BlockDeletingService.java:isDeletionAllowed(187)) - Close Container log Index 6 is not replicated across allthe servers in the pipeline b56b2aa8-e60f-44f7-b396-643c12960ac7 as the min replicated index is 4. Deletion is not allowed in this container yet.
2019-10-25 18:47:18,960 [EventQueue-ContainerReportForContainerReportHandler] WARN  container.ContainerReportHandler (AbstractContainerReportHandler.java:updateContainerState(145)) - Container #1 is in OPEN state, but the datanode b2320d56-a737-47f4-81b1-3e8f0fb16133{ip: 192.168.157.217, host: pr-hdds-2329-pipelines-rmb8m-4073948133, networkLocation: /default-rack, certSerialId: null} reports an CLOSED replica.
2019-10-25 18:47:19,061 [EventQueue-ContainerReportForContainerReportHandler] WARN  container.ContainerReportHandler (AbstractContainerReportHandler.java:updateContainerState(145)) - Container #1 is in OPEN state, but the datanode 202d5f49-7963-4b43-9e61-5069c2030fd4{ip: 192.168.157.217, host: pr-hdds-2329-pipelines-rmb8m-4073948133, networkLocation: /default-rack, certSerialId: null} reports an CLOSED replica.
2019-10-25 18:47:19,160 [EventQueue-ContainerReportForContainerReportHandler] WARN  container.ContainerReportHandler (AbstractContainerReportHandler.java:updateContainerState(145)) - Container #1 is in OPEN state, but the datanode b2320d56-a737-47f4-81b1-3e8f0fb16133{ip: 192.168.157.217, host: pr-hdds-2329-pipelines-rmb8m-4073948133, networkLocation: /default-rack, certSerialId: null} reports an CLOSED replica.
2019-10-25 18:47:19,205 [java.util.concurrent.ThreadPoolExecutor$Worker@4fc56e52[State = -1, empty queue]] WARN  server.GrpcLogAppender (GrpcLogAppender.java:timeoutAppendRequest(209)) - b2320d56-a737-47f4-81b1-3e8f0fb16133@group-643C12960AC7->90a9ce3a-0a5e-4de2-813a-4d04cb4d4ab9-GrpcLogAppender: appendEntries Timeout, request=b2320d56-a737-47f4-81b1-3e8f0fb16133->90a9ce3a-0a5e-4de2-813a-4d04cb4d4ab9#34-t3, previous=(t:3, i:10), leaderCommit=10, initializing? false, entries: <empty>
2019-10-25 18:47:19,262 [EventQueue-ContainerReportForContainerReportHandler] WARN  container.ContainerReportHandler (AbstractContainerReportHandler.java:updateContainerState(145)) - Container #1 is in OPEN state, but the datanode 202d5f49-7963-4b43-9e61-5069c2030fd4{ip: 192.168.157.217, host: pr-hdds-2329-pipelines-rmb8m-4073948133, networkLocation: /default-rack, certSerialId: null} reports an CLOSED replica.
2019-10-25 18:47:19,560 [EventQueue-ContainerReportForContainerReportHandler] WARN  container.ContainerReportHandler (AbstractContainerReportHandler.java:updateContainerState(145)) - Container #1 is in OPEN state, but the datanode b2320d56-a737-47f4-81b1-3e8f0fb16133{ip: 192.168.157.217, host: pr-hdds-2329-pipelines-rmb8m-4073948133, networkLocation: /default-rack, certSerialId: null} reports an CLOSED replica.
2019-10-25 18:47:19,562 [EventQueue-ContainerReportForContainerReportHandler] WARN  container.ContainerReportHandler (AbstractContainerReportHandler.java:updateContainerState(145)) - Container #1 is in OPEN state, but the datanode 202d5f49-7963-4b43-9e61-5069c2030fd4{ip: 192.168.157.217, host: pr-hdds-2329-pipelines-rmb8m-4073948133, networkLocation: /default-rack, certSerialId: null} reports an CLOSED replica.
2019-10-25 18:47:19,775 [Thread-445] INFO  client.GrpcClientProtocolService (GrpcClientProtocolService.java:lambda$processClientRequest$0(279)) - Failed RaftClientRequest:client-85E8A1575A11->202d5f49-7963-4b43-9e61-5069c2030fd4@group-643C12960AC7, cid=10, seq=0, Watch-ALL_COMMITTED(6), Message:<EMPTY>, reply=RaftClientReply:client-85E8A1575A11->202d5f49-7963-4b43-9e61-5069c2030fd4@group-643C12960AC7, cid=10, FAILED org.apache.ratis.protocol.NotLeaderException: Server 202d5f49-7963-4b43-9e61-5069c2030fd4@group-643C12960AC7 is not the leader b2320d56-a737-47f4-81b1-3e8f0fb16133:192.168.157.217:40923, logIndex=0, commits[202d5f49-7963-4b43-9e61-5069c2030fd4:c10, b2320d56-a737-47f4-81b1-3e8f0fb16133:c10, 90a9ce3a-0a5e-4de2-813a-4d04cb4d4ab9:c4]
2019-10-25 18:47:19,831 [BlockDeletingService#2] WARN  background.BlockDeletingService (BlockDeletingService.java:isDeletionAllowed(187)) - Close Container log Index 6 is not replicated across allthe servers in the pipeline b56b2aa8-e60f-44f7-b396-643c12960ac7 as the min replicated index is 4. Deletion is not allowed in this container yet.
2019-10-25 18:47:19,831 [BlockDeletingService#2] WARN  background.BlockDeletingService (BlockDeletingService.java:isDeletionAllowed(187)) - Close Container log Index 6 is not replicated across allthe servers in the pipeline b56b2aa8-e60f-44f7-b396-643c12960ac7 as the min replicated index is 4. Deletion is not allowed in this container yet.
2019-10-25 18:47:19,860 [EventQueue-ContainerReportForContainerReportHandler] WARN  container.ContainerReportHandler (AbstractContainerReportHandler.java:updateContainerState(145)) - Container #1 is in OPEN state, but the datanode b2320d56-a737-47f4-81b1-3e8f0fb16133{ip: 192.168.157.217, host: pr-hdds-2329-pipelines-rmb8m-4073948133, networkLocation: /default-rack, certSerialId: null} reports an CLOSED replica.
2019-10-25 18:47:19,862 [EventQueue-ContainerReportForContainerReportHandler] WARN  container.ContainerReportHandler (AbstractContainerReportHandler.java:updateContainerState(145)) - Container #1 is in OPEN state, but the datanode 202d5f49-7963-4b43-9e61-5069c2030fd4{ip: 192.168.157.217, host: pr-hdds-2329-pipelines-rmb8m-4073948133, networkLocation: /default-rack, certSerialId: null} reports an CLOSED replica.
2019-10-25 18:47:20,063 [EventQueue-ContainerReportForContainerReportHandler] WARN  container.ContainerReportHandler (AbstractContainerReportHandler.java:updateContainerState(145)) - Container #1 is in OPEN state, but the datanode 202d5f49-7963-4b43-9e61-5069c2030fd4{ip: 192.168.157.217, host: pr-hdds-2329-pipelines-rmb8m-4073948133, networkLocation: /default-rack, certSerialId: null} reports an CLOSED replica.
2019-10-25 18:47:20,260 [EventQueue-ContainerReportForContainerReportHandler] WARN  container.ContainerReportHandler (AbstractContainerReportHandler.java:updateContainerState(145)) - Container #1 is in OPEN state, but the datanode b2320d56-a737-47f4-81b1-3e8f0fb16133{ip: 192.168.157.217, host: pr-hdds-2329-pipelines-rmb8m-4073948133, networkLocation: /default-rack, certSerialId: null} reports an CLOSED replica.
2019-10-25 18:47:20,362 [EventQueue-ContainerReportForContainerReportHandler] WARN  container.ContainerReportHandler (AbstractContainerReportHandler.java:updateContainerState(145)) - Container #1 is in OPEN state, but the datanode 202d5f49-7963-4b43-9e61-5069c2030fd4{ip: 192.168.157.217, host: pr-hdds-2329-pipelines-rmb8m-4073948133, networkLocation: /default-rack, certSerialId: null} reports an CLOSED replica.
2019-10-25 18:47:20,460 [EventQueue-ContainerReportForContainerReportHandler] WARN  container.ContainerReportHandler (AbstractContainerReportHandler.java:updateContainerState(145)) - Container #1 is in OPEN state, but the datanode b2320d56-a737-47f4-81b1-3e8f0fb16133{ip: 192.168.157.217, host: pr-hdds-2329-pipelines-rmb8m-4073948133, networkLocation: /default-rack, certSerialId: null} reports an CLOSED replica.
2019-10-25 18:47:20,662 [EventQueue-ContainerReportForContainerReportHandler] WARN  container.ContainerReportHandler (AbstractContainerReportHandler.java:updateContainerState(145)) - Container #1 is in OPEN state, but the datanode 202d5f49-7963-4b43-9e61-5069c2030fd4{ip: 192.168.157.217, host: pr-hdds-2329-pipelines-rmb8m-4073948133, networkLocation: /default-rack, certSerialId: null} reports an CLOSED replica.
2019-10-25 18:47:20,837 [BlockDeletingService#2] WARN  background.BlockDeletingService (BlockDeletingService.java:isDeletionAllowed(187)) - Close Container log Index 6 is not replicated across allthe servers in the pipeline b56b2aa8-e60f-44f7-b396-643c12960ac7 as the min replicated index is 4. Deletion is not allowed in this container yet.
2019-10-25 18:47:20,837 [BlockDeletingService#2] WARN  background.BlockDeletingService (BlockDeletingService.java:isDeletionAllowed(187)) - Close Container log Index 6 is not replicated across allthe servers in the pipeline b56b2aa8-e60f-44f7-b396-643c12960ac7 as the min replicated index is 4. Deletion is not allowed in this container yet.
2019-10-25 18:47:20,861 [EventQueue-ContainerReportForContainerReportHandler] WARN  container.ContainerReportHandler (AbstractContainerReportHandler.java:updateContainerState(145)) - Container #1 is in OPEN state, but the datanode b2320d56-a737-47f4-81b1-3e8f0fb16133{ip: 192.168.157.217, host: pr-hdds-2329-pipelines-rmb8m-4073948133, networkLocation: /default-rack, certSerialId: null} reports an CLOSED replica.
2019-10-25 18:47:20,862 [EventQueue-ContainerReportForContainerReportHandler] WARN  container.ContainerReportHandler (AbstractContainerReportHandler.java:updateContainerState(145)) - Container #1 is in OPEN state, but the datanode 202d5f49-7963-4b43-9e61-5069c2030fd4{ip: 192.168.157.217, host: pr-hdds-2329-pipelines-rmb8m-4073948133, networkLocation: /default-rack, certSerialId: null} reports an CLOSED replica.
2019-10-25 18:47:21,162 [EventQueue-ContainerReportForContainerReportHandler] WARN  container.ContainerReportHandler (AbstractContainerReportHandler.java:updateContainerState(145)) - Container #1 is in OPEN state, but the datanode b2320d56-a737-47f4-81b1-3e8f0fb16133{ip: 192.168.157.217, host: pr-hdds-2329-pipelines-rmb8m-4073948133, networkLocation: /default-rack, certSerialId: null} reports an CLOSED replica.
2019-10-25 18:47:21,163 [EventQueue-ContainerReportForContainerReportHandler] WARN  container.ContainerReportHandler (AbstractContainerReportHandler.java:updateContainerState(145)) - Container #1 is in OPEN state, but the datanode 202d5f49-7963-4b43-9e61-5069c2030fd4{ip: 192.168.157.217, host: pr-hdds-2329-pipelines-rmb8m-4073948133, networkLocation: /default-rack, certSerialId: null} reports an CLOSED replica.
2019-10-25 18:47:21,363 [EventQueue-ContainerReportForContainerReportHandler] WARN  container.ContainerReportHandler (AbstractContainerReportHandler.java:updateContainerState(145)) - Container #1 is in OPEN state, but the datanode 202d5f49-7963-4b43-9e61-5069c2030fd4{ip: 192.168.157.217, host: pr-hdds-2329-pipelines-rmb8m-4073948133, networkLocation: /default-rack, certSerialId: null} reports an CLOSED replica.
2019-10-25 18:47:21,462 [EventQueue-ContainerReportForContainerReportHandler] WARN  container.ContainerReportHandler (AbstractContainerReportHandler.java:updateContainerState(145)) - Container #1 is in OPEN state, but the datanode b2320d56-a737-47f4-81b1-3e8f0fb16133{ip: 192.168.157.217, host: pr-hdds-2329-pipelines-rmb8m-4073948133, networkLocation: /default-rack, certSerialId: null} reports an CLOSED replica.
2019-10-25 18:47:21,563 [EventQueue-ContainerReportForContainerReportHandler] WARN  container.ContainerReportHandler (AbstractContainerReportHandler.java:updateContainerState(145)) - Container #1 is in OPEN state, but the datanode 202d5f49-7963-4b43-9e61-5069c2030fd4{ip: 192.168.157.217, host: pr-hdds-2329-pipelines-rmb8m-4073948133, networkLocation: /default-rack, certSerialId: null} reports an CLOSED replica.
2019-10-25 18:47:21,584 [Thread-453] INFO  client.GrpcClientProtocolService (GrpcClientProtocolService.java:lambda$processClientRequest$0(279)) - Failed RaftClientRequest:client-85E8A1575A11->b2320d56-a737-47f4-81b1-3e8f0fb16133@group-643C12960AC7, cid=10, seq=0, Watch-ALL_COMMITTED(6), Message:<EMPTY>, reply=RaftClientReply:client-85E8A1575A11->b2320d56-a737-47f4-81b1-3e8f0fb16133@group-643C12960AC7, cid=10, FAILED org.apache.ratis.protocol.NotReplicatedException: Request with call Id 10 and log index 6 is not yet replicated to ALL_COMMITTED, logIndex=6, commits[b2320d56-a737-47f4-81b1-3e8f0fb16133:c10, 202d5f49-7963-4b43-9e61-5069c2030fd4:c10, 90a9ce3a-0a5e-4de2-813a-4d04cb4d4ab9:c4]
2019-10-25 18:47:21,707 [java.util.concurrent.ThreadPoolExecutor$Worker@4fc56e52[State = -1, empty queue]] WARN  server.GrpcLogAppender (GrpcLogAppender.java:timeoutAppendRequest(209)) - b2320d56-a737-47f4-81b1-3e8f0fb16133@group-643C12960AC7->90a9ce3a-0a5e-4de2-813a-4d04cb4d4ab9-GrpcLogAppender: appendEntries Timeout, request=b2320d56-a737-47f4-81b1-3e8f0fb16133->90a9ce3a-0a5e-4de2-813a-4d04cb4d4ab9#35-t3, previous=(t:3, i:10), leaderCommit=10, initializing? false, entries: <empty>
2019-10-25 18:47:21,762 [EventQueue-ContainerReportForContainerReportHandler] WARN  container.ContainerReportHandler (AbstractContainerReportHandler.java:updateContainerState(145)) - Container #1 is in OPEN state, but the datanode b2320d56-a737-47f4-81b1-3e8f0fb16133{ip: 192.168.157.217, host: pr-hdds-2329-pipelines-rmb8m-4073948133, networkLocation: /default-rack, certSerialId: null} reports an CLOSED replica.
2019-10-25 18:47:21,839 [BlockDeletingService#2] WARN  background.BlockDeletingService (BlockDeletingService.java:isDeletionAllowed(187)) - Close Container log Index 6 is not replicated across allthe servers in the pipeline b56b2aa8-e60f-44f7-b396-643c12960ac7 as the min replicated index is 4. Deletion is not allowed in this container yet.
2019-10-25 18:47:21,839 [BlockDeletingService#2] WARN  background.BlockDeletingService (BlockDeletingService.java:isDeletionAllowed(187)) - Close Container log Index 6 is not replicated across allthe servers in the pipeline b56b2aa8-e60f-44f7-b396-643c12960ac7 as the min replicated index is 4. Deletion is not allowed in this container yet.
2019-10-25 18:47:21,864 [EventQueue-ContainerReportForContainerReportHandler] WARN  container.ContainerReportHandler (AbstractContainerReportHandler.java:updateContainerState(145)) - Container #1 is in OPEN state, but the datanode 202d5f49-7963-4b43-9e61-5069c2030fd4{ip: 192.168.157.217, host: pr-hdds-2329-pipelines-rmb8m-4073948133, networkLocation: /default-rack, certSerialId: null} reports an CLOSED replica.
2019-10-25 18:47:22,064 [EventQueue-ContainerReportForContainerReportHandler] WARN  container.ContainerReportHandler (AbstractContainerReportHandler.java:updateContainerState(145)) - Container #1 is in OPEN state, but the datanode b2320d56-a737-47f4-81b1-3e8f0fb16133{ip: 192.168.157.217, host: pr-hdds-2329-pipelines-rmb8m-4073948133, networkLocation: /default-rack, certSerialId: null} reports an CLOSED replica.
2019-10-25 18:47:22,266 [EventQueue-ContainerReportForContainerReportHandler] WARN  container.ContainerReportHandler (AbstractContainerReportHandler.java:updateContainerState(145)) - Container #1 is in OPEN state, but the datanode 202d5f49-7963-4b43-9e61-5069c2030fd4{ip: 192.168.157.217, host: pr-hdds-2329-pipelines-rmb8m-4073948133, networkLocation: /default-rack, certSerialId: null} reports an CLOSED replica.
2019-10-25 18:47:22,364 [EventQueue-ContainerReportForContainerReportHandler] WARN  container.ContainerReportHandler (AbstractContainerReportHandler.java:updateContainerState(145)) - Container #1 is in OPEN state, but the datanode b2320d56-a737-47f4-81b1-3e8f0fb16133{ip: 192.168.157.217, host: pr-hdds-2329-pipelines-rmb8m-4073948133, networkLocation: /default-rack, certSerialId: null} reports an CLOSED replica.
2019-10-25 18:47:22,564 [EventQueue-ContainerReportForContainerReportHandler] WARN  container.ContainerReportHandler (AbstractContainerReportHandler.java:updateContainerState(145)) - Container #1 is in OPEN state, but the datanode 202d5f49-7963-4b43-9e61-5069c2030fd4{ip: 192.168.157.217, host: pr-hdds-2329-pipelines-rmb8m-4073948133, networkLocation: /default-rack, certSerialId: null} reports an CLOSED replica.
2019-10-25 18:47:22,664 [EventQueue-ContainerReportForContainerReportHandler] WARN  container.ContainerReportHandler (AbstractContainerReportHandler.java:updateContainerState(145)) - Container #1 is in OPEN state, but the datanode b2320d56-a737-47f4-81b1-3e8f0fb16133{ip: 192.168.157.217, host: pr-hdds-2329-pipelines-rmb8m-4073948133, networkLocation: /default-rack, certSerialId: null} reports an CLOSED replica.
2019-10-25 18:47:22,842 [BlockDeletingService#2] WARN  background.BlockDeletingService (BlockDeletingService.java:isDeletionAllowed(187)) - Close Container log Index 6 is not replicated across allthe servers in the pipeline b56b2aa8-e60f-44f7-b396-643c12960ac7 as the min replicated index is 4. Deletion is not allowed in this container yet.
2019-10-25 18:47:22,842 [BlockDeletingService#2] WARN  background.BlockDeletingService (BlockDeletingService.java:isDeletionAllowed(187)) - Close Container log Index 6 is not replicated across allthe servers in the pipeline b56b2aa8-e60f-44f7-b396-643c12960ac7 as the min replicated index is 4. Deletion is not allowed in this container yet.
2019-10-25 18:47:22,966 [EventQueue-ContainerReportForContainerReportHandler] WARN  container.ContainerReportHandler (AbstractContainerReportHandler.java:updateContainerState(145)) - Container #1 is in OPEN state, but the datanode 202d5f49-7963-4b43-9e61-5069c2030fd4{ip: 192.168.157.217, host: pr-hdds-2329-pipelines-rmb8m-4073948133, networkLocation: /default-rack, certSerialId: null} reports an CLOSED replica.
2019-10-25 18:47:23,066 [EventQueue-ContainerReportForContainerReportHandler] WARN  container.ContainerReportHandler (AbstractContainerReportHandler.java:updateContainerState(145)) - Container #1 is in OPEN state, but the datanode b2320d56-a737-47f4-81b1-3e8f0fb16133{ip: 192.168.157.217, host: pr-hdds-2329-pipelines-rmb8m-4073948133, networkLocation: /default-rack, certSerialId: null} reports an CLOSED replica.
2019-10-25 18:47:23,266 [EventQueue-ContainerReportForContainerReportHandler] WARN  container.ContainerReportHandler (AbstractContainerReportHandler.java:updateContainerState(145)) - Container #1 is in OPEN state, but the datanode 202d5f49-7963-4b43-9e61-5069c2030fd4{ip: 192.168.157.217, host: pr-hdds-2329-pipelines-rmb8m-4073948133, networkLocation: /default-rack, certSerialId: null} reports an CLOSED replica.
2019-10-25 18:47:23,366 [EventQueue-ContainerReportForContainerReportHandler] WARN  container.ContainerReportHandler (AbstractContainerReportHandler.java:updateContainerState(145)) - Container #1 is in OPEN state, but the datanode b2320d56-a737-47f4-81b1-3e8f0fb16133{ip: 192.168.157.217, host: pr-hdds-2329-pipelines-rmb8m-4073948133, networkLocation: /default-rack, certSerialId: null} reports an CLOSED replica.
2019-10-25 18:47:23,566 [EventQueue-ContainerReportForContainerReportHandler] WARN  container.ContainerReportHandler (AbstractContainerReportHandler.java:updateContainerState(145)) - Container #1 is in OPEN state, but the datanode b2320d56-a737-47f4-81b1-3e8f0fb16133{ip: 192.168.157.217, host: pr-hdds-2329-pipelines-rmb8m-4073948133, networkLocation: /default-rack, certSerialId: null} reports an CLOSED replica.
2019-10-25 18:47:23,566 [EventQueue-ContainerReportForContainerReportHandler] WARN  container.ContainerReportHandler (AbstractContainerReportHandler.java:updateContainerState(145)) - Container #1 is in OPEN state, but the datanode 202d5f49-7963-4b43-9e61-5069c2030fd4{ip: 192.168.157.217, host: pr-hdds-2329-pipelines-rmb8m-4073948133, networkLocation: /default-rack, certSerialId: null} reports an CLOSED replica.
2019-10-25 18:47:23,844 [BlockDeletingService#2] WARN  background.BlockDeletingService (BlockDeletingService.java:isDeletionAllowed(187)) - Close Container log Index 6 is not replicated across allthe servers in the pipeline b56b2aa8-e60f-44f7-b396-643c12960ac7 as the min replicated index is 4. Deletion is not allowed in this container yet.
2019-10-25 18:47:23,844 [BlockDeletingService#2] WARN  background.BlockDeletingService (BlockDeletingService.java:isDeletionAllowed(187)) - Close Container log Index 6 is not replicated across allthe servers in the pipeline b56b2aa8-e60f-44f7-b396-643c12960ac7 as the min replicated index is 4. Deletion is not allowed in this container yet.
2019-10-25 18:47:23,967 [EventQueue-ContainerReportForContainerReportHandler] WARN  container.ContainerReportHandler (AbstractContainerReportHandler.java:updateContainerState(145)) - Container #1 is in OPEN state, but the datanode 202d5f49-7963-4b43-9e61-5069c2030fd4{ip: 192.168.157.217, host: pr-hdds-2329-pipelines-rmb8m-4073948133, networkLocation: /default-rack, certSerialId: null} reports an CLOSED replica.
2019-10-25 18:47:23,967 [EventQueue-ContainerReportForContainerReportHandler] WARN  container.ContainerReportHandler (AbstractContainerReportHandler.java:updateContainerState(145)) - Container #1 is in OPEN state, but the datanode b2320d56-a737-47f4-81b1-3e8f0fb16133{ip: 192.168.157.217, host: pr-hdds-2329-pipelines-rmb8m-4073948133, networkLocation: /default-rack, certSerialId: null} reports an CLOSED replica.
2019-10-25 18:47:24,167 [EventQueue-ContainerReportForContainerReportHandler] WARN  container.ContainerReportHandler (AbstractContainerReportHandler.java:updateContainerState(145)) - Container #1 is in OPEN state, but the datanode 202d5f49-7963-4b43-9e61-5069c2030fd4{ip: 192.168.157.217, host: pr-hdds-2329-pipelines-rmb8m-4073948133, networkLocation: /default-rack, certSerialId: null} reports an CLOSED replica.
2019-10-25 18:47:24,168 [EventQueue-ContainerReportForContainerReportHandler] WARN  container.ContainerReportHandler (AbstractContainerReportHandler.java:updateContainerState(145)) - Container #1 is in OPEN state, but the datanode b2320d56-a737-47f4-81b1-3e8f0fb16133{ip: 192.168.157.217, host: pr-hdds-2329-pipelines-rmb8m-4073948133, networkLocation: /default-rack, certSerialId: null} reports an CLOSED replica.
2019-10-25 18:47:24,208 [java.util.concurrent.ThreadPoolExecutor$Worker@4fc56e52[State = -1, empty queue]] WARN  server.GrpcLogAppender (GrpcLogAppender.java:timeoutAppendRequest(209)) - b2320d56-a737-47f4-81b1-3e8f0fb16133@group-643C12960AC7->90a9ce3a-0a5e-4de2-813a-4d04cb4d4ab9-GrpcLogAppender: appendEntries Timeout, request=b2320d56-a737-47f4-81b1-3e8f0fb16133->90a9ce3a-0a5e-4de2-813a-4d04cb4d4ab9#36-t3, previous=(t:3, i:10), leaderCommit=10, initializing? false, entries: <empty>
2019-10-25 18:47:24,468 [EventQueue-ContainerReportForContainerReportHandler] WARN  container.ContainerReportHandler (AbstractContainerReportHandler.java:updateContainerState(145)) - Container #1 is in OPEN state, but the datanode b2320d56-a737-47f4-81b1-3e8f0fb16133{ip: 192.168.157.217, host: pr-hdds-2329-pipelines-rmb8m-4073948133, networkLocation: /default-rack, certSerialId: null} reports an CLOSED replica.
2019-10-25 18:47:24,468 [EventQueue-ContainerReportForContainerReportHandler] WARN  container.ContainerReportHandler (AbstractContainerReportHandler.java:updateContainerState(145)) - Container #1 is in OPEN state, but the datanode 202d5f49-7963-4b43-9e61-5069c2030fd4{ip: 192.168.157.217, host: pr-hdds-2329-pipelines-rmb8m-4073948133, networkLocation: /default-rack, certSerialId: null} reports an CLOSED replica.
2019-10-25 18:47:24,770 [EventQueue-ContainerReportForContainerReportHandler] WARN  container.ContainerReportHandler (AbstractContainerReportHandler.java:updateContainerState(145)) - Container #1 is in OPEN state, but the datanode b2320d56-a737-47f4-81b1-3e8f0fb16133{ip: 192.168.157.217, host: pr-hdds-2329-pipelines-rmb8m-4073948133, networkLocation: /default-rack, certSerialId: null} reports an CLOSED replica.
2019-10-25 18:47:24,847 [BlockDeletingService#2] WARN  background.BlockDeletingService (BlockDeletingService.java:isDeletionAllowed(187)) - Close Container log Index 6 is not replicated across allthe servers in the pipeline b56b2aa8-e60f-44f7-b396-643c12960ac7 as the min replicated index is 4. Deletion is not allowed in this container yet.
2019-10-25 18:47:24,847 [BlockDeletingService#2] WARN  background.BlockDeletingService (BlockDeletingService.java:isDeletionAllowed(187)) - Close Container log Index 6 is not replicated across allthe servers in the pipeline b56b2aa8-e60f-44f7-b396-643c12960ac7 as the min replicated index is 4. Deletion is not allowed in this container yet.
2019-10-25 18:47:24,869 [EventQueue-ContainerReportForContainerReportHandler] WARN  container.ContainerReportHandler (AbstractContainerReportHandler.java:updateContainerState(145)) - Container #1 is in OPEN state, but the datanode 202d5f49-7963-4b43-9e61-5069c2030fd4{ip: 192.168.157.217, host: pr-hdds-2329-pipelines-rmb8m-4073948133, networkLocation: /default-rack, certSerialId: null} reports an CLOSED replica.
2019-10-25 18:47:25,069 [EventQueue-ContainerReportForContainerReportHandler] WARN  container.ContainerReportHandler (AbstractContainerReportHandler.java:updateContainerState(145)) - Container #1 is in OPEN state, but the datanode b2320d56-a737-47f4-81b1-3e8f0fb16133{ip: 192.168.157.217, host: pr-hdds-2329-pipelines-rmb8m-4073948133, networkLocation: /default-rack, certSerialId: null} reports an CLOSED replica.
2019-10-25 18:47:25,270 [EventQueue-ContainerReportForContainerReportHandler] WARN  container.ContainerReportHandler (AbstractContainerReportHandler.java:updateContainerState(145)) - Container #1 is in OPEN state, but the datanode 202d5f49-7963-4b43-9e61-5069c2030fd4{ip: 192.168.157.217, host: pr-hdds-2329-pipelines-rmb8m-4073948133, networkLocation: /default-rack, certSerialId: null} reports an CLOSED replica.
2019-10-25 18:47:25,370 [EventQueue-ContainerReportForContainerReportHandler] WARN  container.ContainerReportHandler (AbstractContainerReportHandler.java:updateContainerState(145)) - Container #1 is in OPEN state, but the datanode b2320d56-a737-47f4-81b1-3e8f0fb16133{ip: 192.168.157.217, host: pr-hdds-2329-pipelines-rmb8m-4073948133, networkLocation: /default-rack, certSerialId: null} reports an CLOSED replica.
2019-10-25 18:47:25,570 [EventQueue-ContainerReportForContainerReportHandler] WARN  container.ContainerReportHandler (AbstractContainerReportHandler.java:updateContainerState(145)) - Container #1 is in OPEN state, but the datanode 202d5f49-7963-4b43-9e61-5069c2030fd4{ip: 192.168.157.217, host: pr-hdds-2329-pipelines-rmb8m-4073948133, networkLocation: /default-rack, certSerialId: null} reports an CLOSED replica.
2019-10-25 18:47:25,570 [EventQueue-ContainerReportForContainerReportHandler] WARN  container.ContainerReportHandler (AbstractContainerReportHandler.java:updateContainerState(145)) - Container #1 is in OPEN state, but the datanode b2320d56-a737-47f4-81b1-3e8f0fb16133{ip: 192.168.157.217, host: pr-hdds-2329-pipelines-rmb8m-4073948133, networkLocation: /default-rack, certSerialId: null} reports an CLOSED replica.
2019-10-25 18:47:25,769 [EventQueue-ContainerReportForContainerReportHandler] WARN  container.ContainerReportHandler (AbstractContainerReportHandler.java:updateContainerState(145)) - Container #1 is in OPEN state, but the datanode b2320d56-a737-47f4-81b1-3e8f0fb16133{ip: 192.168.157.217, host: pr-hdds-2329-pipelines-rmb8m-4073948133, networkLocation: /default-rack, certSerialId: null} reports an CLOSED replica.
2019-10-25 18:47:25,849 [BlockDeletingService#2] WARN  background.BlockDeletingService (BlockDeletingService.java:isDeletionAllowed(187)) - Close Container log Index 6 is not replicated across allthe servers in the pipeline b56b2aa8-e60f-44f7-b396-643c12960ac7 as the min replicated index is 4. Deletion is not allowed in this container yet.
2019-10-25 18:47:25,849 [BlockDeletingService#2] WARN  background.BlockDeletingService (BlockDeletingService.java:isDeletionAllowed(187)) - Close Container log Index 6 is not replicated across allthe servers in the pipeline b56b2aa8-e60f-44f7-b396-643c12960ac7 as the min replicated index is 4. Deletion is not allowed in this container yet.
2019-10-25 18:47:25,869 [EventQueue-ContainerReportForContainerReportHandler] WARN  container.ContainerReportHandler (AbstractContainerReportHandler.java:updateContainerState(145)) - Container #1 is in OPEN state, but the datanode 202d5f49-7963-4b43-9e61-5069c2030fd4{ip: 192.168.157.217, host: pr-hdds-2329-pipelines-rmb8m-4073948133, networkLocation: /default-rack, certSerialId: null} reports an CLOSED replica.
2019-10-25 18:47:26,069 [EventQueue-ContainerReportForContainerReportHandler] WARN  container.ContainerReportHandler (AbstractContainerReportHandler.java:updateContainerState(145)) - Container #1 is in OPEN state, but the datanode 202d5f49-7963-4b43-9e61-5069c2030fd4{ip: 192.168.157.217, host: pr-hdds-2329-pipelines-rmb8m-4073948133, networkLocation: /default-rack, certSerialId: null} reports an CLOSED replica.
2019-10-25 18:47:26,069 [EventQueue-ContainerReportForContainerReportHandler] WARN  container.ContainerReportHandler (AbstractContainerReportHandler.java:updateContainerState(145)) - Container #1 is in OPEN state, but the datanode b2320d56-a737-47f4-81b1-3e8f0fb16133{ip: 192.168.157.217, host: pr-hdds-2329-pipelines-rmb8m-4073948133, networkLocation: /default-rack, certSerialId: null} reports an CLOSED replica.
2019-10-25 18:47:26,372 [EventQueue-ContainerReportForContainerReportHandler] WARN  container.ContainerReportHandler (AbstractContainerReportHandler.java:updateContainerState(145)) - Container #1 is in OPEN state, but the datanode b2320d56-a737-47f4-81b1-3e8f0fb16133{ip: 192.168.157.217, host: pr-hdds-2329-pipelines-rmb8m-4073948133, networkLocation: /default-rack, certSerialId: null} reports an CLOSED replica.
2019-10-25 18:47:26,470 [EventQueue-ContainerReportForContainerReportHandler] WARN  container.ContainerReportHandler (AbstractContainerReportHandler.java:updateContainerState(145)) - Container #1 is in OPEN state, but the datanode 202d5f49-7963-4b43-9e61-5069c2030fd4{ip: 192.168.157.217, host: pr-hdds-2329-pipelines-rmb8m-4073948133, networkLocation: /default-rack, certSerialId: null} reports an CLOSED replica.
2019-10-25 18:47:26,671 [EventQueue-ContainerReportForContainerReportHandler] WARN  container.ContainerReportHandler (AbstractContainerReportHandler.java:updateContainerState(145)) - Container #1 is in OPEN state, but the datanode b2320d56-a737-47f4-81b1-3e8f0fb16133{ip: 192.168.157.217, host: pr-hdds-2329-pipelines-rmb8m-4073948133, networkLocation: /default-rack, certSerialId: null} reports an CLOSED replica.
2019-10-25 18:47:26,711 [java.util.concurrent.ThreadPoolExecutor$Worker@4fc56e52[State = -1, empty queue]] WARN  server.GrpcLogAppender (GrpcLogAppender.java:timeoutAppendRequest(209)) - b2320d56-a737-47f4-81b1-3e8f0fb16133@group-643C12960AC7->90a9ce3a-0a5e-4de2-813a-4d04cb4d4ab9-GrpcLogAppender: appendEntries Timeout, request=b2320d56-a737-47f4-81b1-3e8f0fb16133->90a9ce3a-0a5e-4de2-813a-4d04cb4d4ab9#37-t3, previous=(t:3, i:10), leaderCommit=10, initializing? false, entries: <empty>
2019-10-25 18:47:26,771 [EventQueue-ContainerReportForContainerReportHandler] WARN  container.ContainerReportHandler (AbstractContainerReportHandler.java:updateContainerState(145)) - Container #1 is in OPEN state, but the datanode 202d5f49-7963-4b43-9e61-5069c2030fd4{ip: 192.168.157.217, host: pr-hdds-2329-pipelines-rmb8m-4073948133, networkLocation: /default-rack, certSerialId: null} reports an CLOSED replica.
2019-10-25 18:47:26,851 [BlockDeletingService#2] WARN  background.BlockDeletingService (BlockDeletingService.java:isDeletionAllowed(187)) - Close Container log Index 6 is not replicated across allthe servers in the pipeline b56b2aa8-e60f-44f7-b396-643c12960ac7 as the min replicated index is 4. Deletion is not allowed in this container yet.
2019-10-25 18:47:26,851 [BlockDeletingService#2] WARN  background.BlockDeletingService (BlockDeletingService.java:isDeletionAllowed(187)) - Close Container log Index 6 is not replicated across allthe servers in the pipeline b56b2aa8-e60f-44f7-b396-643c12960ac7 as the min replicated index is 4. Deletion is not allowed in this container yet.
2019-10-25 18:47:26,871 [EventQueue-ContainerReportForContainerReportHandler] WARN  container.ContainerReportHandler (AbstractContainerReportHandler.java:updateContainerState(145)) - Container #1 is in OPEN state, but the datanode b2320d56-a737-47f4-81b1-3e8f0fb16133{ip: 192.168.157.217, host: pr-hdds-2329-pipelines-rmb8m-4073948133, networkLocation: /default-rack, certSerialId: null} reports an CLOSED replica.
2019-10-25 18:47:27,071 [EventQueue-ContainerReportForContainerReportHandler] WARN  container.ContainerReportHandler (AbstractContainerReportHandler.java:updateContainerState(145)) - Container #1 is in OPEN state, but the datanode 202d5f49-7963-4b43-9e61-5069c2030fd4{ip: 192.168.157.217, host: pr-hdds-2329-pipelines-rmb8m-4073948133, networkLocation: /default-rack, certSerialId: null} reports an CLOSED replica.
2019-10-25 18:47:27,172 [EventQueue-ContainerReportForContainerReportHandler] WARN  container.ContainerReportHandler (AbstractContainerReportHandler.java:updateContainerState(145)) - Container #1 is in OPEN state, but the datanode b2320d56-a737-47f4-81b1-3e8f0fb16133{ip: 192.168.157.217, host: pr-hdds-2329-pipelines-rmb8m-4073948133, networkLocation: /default-rack, certSerialId: null} reports an CLOSED replica.
2019-10-25 18:47:27,371 [EventQueue-ContainerReportForContainerReportHandler] WARN  container.ContainerReportHandler (AbstractContainerReportHandler.java:updateContainerState(145)) - Container #1 is in OPEN state, but the datanode 202d5f49-7963-4b43-9e61-5069c2030fd4{ip: 192.168.157.217, host: pr-hdds-2329-pipelines-rmb8m-4073948133, networkLocation: /default-rack, certSerialId: null} reports an CLOSED replica.
2019-10-25 18:47:27,373 [EventQueue-ContainerReportForContainerReportHandler] WARN  container.ContainerReportHandler (AbstractContainerReportHandler.java:updateContainerState(145)) - Container #1 is in OPEN state, but the datanode b2320d56-a737-47f4-81b1-3e8f0fb16133{ip: 192.168.157.217, host: pr-hdds-2329-pipelines-rmb8m-4073948133, networkLocation: /default-rack, certSerialId: null} reports an CLOSED replica.
2019-10-25 18:47:27,673 [EventQueue-ContainerReportForContainerReportHandler] WARN  container.ContainerReportHandler (AbstractContainerReportHandler.java:updateContainerState(145)) - Container #1 is in OPEN state, but the datanode 202d5f49-7963-4b43-9e61-5069c2030fd4{ip: 192.168.157.217, host: pr-hdds-2329-pipelines-rmb8m-4073948133, networkLocation: /default-rack, certSerialId: null} reports an CLOSED replica.
2019-10-25 18:47:27,674 [EventQueue-ContainerReportForContainerReportHandler] WARN  container.ContainerReportHandler (AbstractContainerReportHandler.java:updateContainerState(145)) - Container #1 is in OPEN state, but the datanode b2320d56-a737-47f4-81b1-3e8f0fb16133{ip: 192.168.157.217, host: pr-hdds-2329-pipelines-rmb8m-4073948133, networkLocation: /default-rack, certSerialId: null} reports an CLOSED replica.
2019-10-25 18:47:27,854 [BlockDeletingService#2] WARN  background.BlockDeletingService (BlockDeletingService.java:isDeletionAllowed(187)) - Close Container log Index 6 is not replicated across allthe servers in the pipeline b56b2aa8-e60f-44f7-b396-643c12960ac7 as the min replicated index is 4. Deletion is not allowed in this container yet.
2019-10-25 18:47:27,854 [BlockDeletingService#2] WARN  background.BlockDeletingService (BlockDeletingService.java:isDeletionAllowed(187)) - Close Container log Index 6 is not replicated across allthe servers in the pipeline b56b2aa8-e60f-44f7-b396-643c12960ac7 as the min replicated index is 4. Deletion is not allowed in this container yet.
2019-10-25 18:47:27,973 [EventQueue-ContainerReportForContainerReportHandler] WARN  container.ContainerReportHandler (AbstractContainerReportHandler.java:updateContainerState(145)) - Container #1 is in OPEN state, but the datanode b2320d56-a737-47f4-81b1-3e8f0fb16133{ip: 192.168.157.217, host: pr-hdds-2329-pipelines-rmb8m-4073948133, networkLocation: /default-rack, certSerialId: null} reports an CLOSED replica.
2019-10-25 18:47:28,073 [EventQueue-ContainerReportForContainerReportHandler] WARN  container.ContainerReportHandler (AbstractContainerReportHandler.java:updateContainerState(145)) - Container #1 is in OPEN state, but the datanode 202d5f49-7963-4b43-9e61-5069c2030fd4{ip: 192.168.157.217, host: pr-hdds-2329-pipelines-rmb8m-4073948133, networkLocation: /default-rack, certSerialId: null} reports an CLOSED replica.
2019-10-25 18:47:28,374 [EventQueue-ContainerReportForContainerReportHandler] WARN  container.ContainerReportHandler (AbstractContainerReportHandler.java:updateContainerState(145)) - Container #1 is in OPEN state, but the datanode 202d5f49-7963-4b43-9e61-5069c2030fd4{ip: 192.168.157.217, host: pr-hdds-2329-pipelines-rmb8m-4073948133, networkLocation: /default-rack, certSerialId: null} reports an CLOSED replica.
2019-10-25 18:47:28,376 [EventQueue-ContainerReportForContainerReportHandler] WARN  container.ContainerReportHandler (AbstractContainerReportHandler.java:updateContainerState(145)) - Container #1 is in OPEN state, but the datanode b2320d56-a737-47f4-81b1-3e8f0fb16133{ip: 192.168.157.217, host: pr-hdds-2329-pipelines-rmb8m-4073948133, networkLocation: /default-rack, certSerialId: null} reports an CLOSED replica.
2019-10-25 18:47:28,773 [EventQueue-ContainerReportForContainerReportHandler] WARN  container.ContainerReportHandler (AbstractContainerReportHandler.java:updateContainerState(145)) - Container #1 is in OPEN state, but the datanode 202d5f49-7963-4b43-9e61-5069c2030fd4{ip: 192.168.157.217, host: pr-hdds-2329-pipelines-rmb8m-4073948133, networkLocation: /default-rack, certSerialId: null} reports an CLOSED replica.
2019-10-25 18:47:28,775 [EventQueue-ContainerReportForContainerReportHandler] WARN  container.ContainerReportHandler (AbstractContainerReportHandler.java:updateContainerState(145)) - Container #1 is in OPEN state, but the datanode b2320d56-a737-47f4-81b1-3e8f0fb16133{ip: 192.168.157.217, host: pr-hdds-2329-pipelines-rmb8m-4073948133, networkLocation: /default-rack, certSerialId: null} reports an CLOSED replica.
2019-10-25 18:47:28,856 [BlockDeletingService#2] WARN  background.BlockDeletingService (BlockDeletingService.java:isDeletionAllowed(187)) - Close Container log Index 6 is not replicated across allthe servers in the pipeline b56b2aa8-e60f-44f7-b396-643c12960ac7 as the min replicated index is 4. Deletion is not allowed in this container yet.
2019-10-25 18:47:28,856 [BlockDeletingService#2] WARN  background.BlockDeletingService (BlockDeletingService.java:isDeletionAllowed(187)) - Close Container log Index 6 is not replicated across allthe servers in the pipeline b56b2aa8-e60f-44f7-b396-643c12960ac7 as the min replicated index is 4. Deletion is not allowed in this container yet.
2019-10-25 18:47:28,975 [EventQueue-ContainerReportForContainerReportHandler] WARN  container.ContainerReportHandler (AbstractContainerReportHandler.java:updateContainerState(145)) - Container #1 is in OPEN state, but the datanode 202d5f49-7963-4b43-9e61-5069c2030fd4{ip: 192.168.157.217, host: pr-hdds-2329-pipelines-rmb8m-4073948133, networkLocation: /default-rack, certSerialId: null} reports an CLOSED replica.
2019-10-25 18:47:29,075 [EventQueue-ContainerReportForContainerReportHandler] WARN  container.ContainerReportHandler (AbstractContainerReportHandler.java:updateContainerState(145)) - Container #1 is in OPEN state, but the datanode b2320d56-a737-47f4-81b1-3e8f0fb16133{ip: 192.168.157.217, host: pr-hdds-2329-pipelines-rmb8m-4073948133, networkLocation: /default-rack, certSerialId: null} reports an CLOSED replica.
2019-10-25 18:47:29,174 [EventQueue-ContainerReportForContainerReportHandler] WARN  container.ContainerReportHandler (AbstractContainerReportHandler.java:updateContainerState(145)) - Container #1 is in OPEN state, but the datanode 202d5f49-7963-4b43-9e61-5069c2030fd4{ip: 192.168.157.217, host: pr-hdds-2329-pipelines-rmb8m-4073948133, networkLocation: /default-rack, certSerialId: null} reports an CLOSED replica.
2019-10-25 18:47:29,213 [java.util.concurrent.ThreadPoolExecutor$Worker@4fc56e52[State = -1, empty queue]] WARN  server.GrpcLogAppender (GrpcLogAppender.java:timeoutAppendRequest(209)) - b2320d56-a737-47f4-81b1-3e8f0fb16133@group-643C12960AC7->90a9ce3a-0a5e-4de2-813a-4d04cb4d4ab9-GrpcLogAppender: appendEntries Timeout, request=b2320d56-a737-47f4-81b1-3e8f0fb16133->90a9ce3a-0a5e-4de2-813a-4d04cb4d4ab9#38-t3, previous=(t:3, i:10), leaderCommit=10, initializing? false, entries: <empty>
2019-10-25 18:47:29,375 [EventQueue-ContainerReportForContainerReportHandler] WARN  container.ContainerReportHandler (AbstractContainerReportHandler.java:updateContainerState(145)) - Container #1 is in OPEN state, but the datanode b2320d56-a737-47f4-81b1-3e8f0fb16133{ip: 192.168.157.217, host: pr-hdds-2329-pipelines-rmb8m-4073948133, networkLocation: /default-rack, certSerialId: null} reports an CLOSED replica.
2019-10-25 18:47:29,573 [EventQueue-ContainerReportForContainerReportHandler] WARN  container.ContainerReportHandler (AbstractContainerReportHandler.java:updateContainerState(145)) - Container #1 is in OPEN state, but the datanode 202d5f49-7963-4b43-9e61-5069c2030fd4{ip: 192.168.157.217, host: pr-hdds-2329-pipelines-rmb8m-4073948133, networkLocation: /default-rack, certSerialId: null} reports an CLOSED replica.
2019-10-25 18:47:29,677 [EventQueue-ContainerReportForContainerReportHandler] WARN  container.ContainerReportHandler (AbstractContainerReportHandler.java:updateContainerState(145)) - Container #1 is in OPEN state, but the datanode b2320d56-a737-47f4-81b1-3e8f0fb16133{ip: 192.168.157.217, host: pr-hdds-2329-pipelines-rmb8m-4073948133, networkLocation: /default-rack, certSerialId: null} reports an CLOSED replica.
2019-10-25 18:47:29,774 [EventQueue-ContainerReportForContainerReportHandler] WARN  container.ContainerReportHandler (AbstractContainerReportHandler.java:updateContainerState(145)) - Container #1 is in OPEN state, but the datanode 202d5f49-7963-4b43-9e61-5069c2030fd4{ip: 192.168.157.217, host: pr-hdds-2329-pipelines-rmb8m-4073948133, networkLocation: /default-rack, certSerialId: null} reports an CLOSED replica.
2019-10-25 18:47:29,816 [Thread-477] INFO  client.GrpcClientProtocolService (GrpcClientProtocolService.java:lambda$processClientRequest$0(279)) - Failed RaftClientRequest:client-85E8A1575A11->202d5f49-7963-4b43-9e61-5069c2030fd4@group-643C12960AC7, cid=10, seq=0, Watch-ALL_COMMITTED(6), Message:<EMPTY>, reply=RaftClientReply:client-85E8A1575A11->202d5f49-7963-4b43-9e61-5069c2030fd4@group-643C12960AC7, cid=10, FAILED org.apache.ratis.protocol.NotLeaderException: Server 202d5f49-7963-4b43-9e61-5069c2030fd4@group-643C12960AC7 is not the leader b2320d56-a737-47f4-81b1-3e8f0fb16133:192.168.157.217:40923, logIndex=0, commits[202d5f49-7963-4b43-9e61-5069c2030fd4:c10, b2320d56-a737-47f4-81b1-3e8f0fb16133:c10, 90a9ce3a-0a5e-4de2-813a-4d04cb4d4ab9:c4]
2019-10-25 18:47:29,858 [BlockDeletingService#2] WARN  background.BlockDeletingService (BlockDeletingService.java:isDeletionAllowed(187)) - Close Container log Index 6 is not replicated across allthe servers in the pipeline b56b2aa8-e60f-44f7-b396-643c12960ac7 as the min replicated index is 4. Deletion is not allowed in this container yet.
2019-10-25 18:47:29,858 [BlockDeletingService#2] WARN  background.BlockDeletingService (BlockDeletingService.java:isDeletionAllowed(187)) - Close Container log Index 6 is not replicated across allthe servers in the pipeline b56b2aa8-e60f-44f7-b396-643c12960ac7 as the min replicated index is 4. Deletion is not allowed in this container yet.
2019-10-25 18:47:29,974 [EventQueue-ContainerReportForContainerReportHandler] WARN  container.ContainerReportHandler (AbstractContainerReportHandler.java:updateContainerState(145)) - Container #1 is in OPEN state, but the datanode 202d5f49-7963-4b43-9e61-5069c2030fd4{ip: 192.168.157.217, host: pr-hdds-2329-pipelines-rmb8m-4073948133, networkLocation: /default-rack, certSerialId: null} reports an CLOSED replica.
2019-10-25 18:47:29,976 [EventQueue-ContainerReportForContainerReportHandler] WARN  container.ContainerReportHandler (AbstractContainerReportHandler.java:updateContainerState(145)) - Container #1 is in OPEN state, but the datanode b2320d56-a737-47f4-81b1-3e8f0fb16133{ip: 192.168.157.217, host: pr-hdds-2329-pipelines-rmb8m-4073948133, networkLocation: /default-rack, certSerialId: null} reports an CLOSED replica.
2019-10-25 18:47:30,273 [EventQueue-ContainerReportForContainerReportHandler] WARN  container.ContainerReportHandler (AbstractContainerReportHandler.java:updateContainerState(145)) - Container #1 is in OPEN state, but the datanode 202d5f49-7963-4b43-9e61-5069c2030fd4{ip: 192.168.157.217, host: pr-hdds-2329-pipelines-rmb8m-4073948133, networkLocation: /default-rack, certSerialId: null} reports an CLOSED replica.
2019-10-25 18:47:30,276 [EventQueue-ContainerReportForContainerReportHandler] WARN  container.ContainerReportHandler (AbstractContainerReportHandler.java:updateContainerState(145)) - Container #1 is in OPEN state, but the datanode b2320d56-a737-47f4-81b1-3e8f0fb16133{ip: 192.168.157.217, host: pr-hdds-2329-pipelines-rmb8m-4073948133, networkLocation: /default-rack, certSerialId: null} reports an CLOSED replica.
2019-10-25 18:47:30,573 [EventQueue-ContainerReportForContainerReportHandler] WARN  container.ContainerReportHandler (AbstractContainerReportHandler.java:updateContainerState(145)) - Container #1 is in OPEN state, but the datanode 202d5f49-7963-4b43-9e61-5069c2030fd4{ip: 192.168.157.217, host: pr-hdds-2329-pipelines-rmb8m-4073948133, networkLocation: /default-rack, certSerialId: null} reports an CLOSED replica.
2019-10-25 18:47:30,577 [EventQueue-ContainerReportForContainerReportHandler] WARN  container.ContainerReportHandler (AbstractContainerReportHandler.java:updateContainerState(145)) - Container #1 is in OPEN state, but the datanode b2320d56-a737-47f4-81b1-3e8f0fb16133{ip: 192.168.157.217, host: pr-hdds-2329-pipelines-rmb8m-4073948133, networkLocation: /default-rack, certSerialId: null} reports an CLOSED replica.
2019-10-25 18:47:30,584 [Thread-482] INFO  client.GrpcClientProtocolService (GrpcClientProtocolService.java:lambda$processClientRequest$0(279)) - Failed RaftClientRequest:client-85E8A1575A11->b2320d56-a737-47f4-81b1-3e8f0fb16133@group-643C12960AC7, cid=10, seq=0, Watch-ALL_COMMITTED(6), Message:<EMPTY>, reply=RaftClientReply:client-85E8A1575A11->b2320d56-a737-47f4-81b1-3e8f0fb16133@group-643C12960AC7, cid=10, FAILED org.apache.ratis.protocol.NotReplicatedException: Request with call Id 10 and log index 6 is not yet replicated to ALL_COMMITTED, logIndex=6, commits[b2320d56-a737-47f4-81b1-3e8f0fb16133:c10, 202d5f49-7963-4b43-9e61-5069c2030fd4:c10, 90a9ce3a-0a5e-4de2-813a-4d04cb4d4ab9:c4]
2019-10-25 18:47:30,860 [BlockDeletingService#2] WARN  background.BlockDeletingService (BlockDeletingService.java:isDeletionAllowed(187)) - Close Container log Index 6 is not replicated across allthe servers in the pipeline b56b2aa8-e60f-44f7-b396-643c12960ac7 as the min replicated index is 4. Deletion is not allowed in this container yet.
2019-10-25 18:47:30,860 [BlockDeletingService#2] WARN  background.BlockDeletingService (BlockDeletingService.java:isDeletionAllowed(187)) - Close Container log Index 6 is not replicated across allthe servers in the pipeline b56b2aa8-e60f-44f7-b396-643c12960ac7 as the min replicated index is 4. Deletion is not allowed in this container yet.
2019-10-25 18:47:30,873 [EventQueue-ContainerReportForContainerReportHandler] WARN  container.ContainerReportHandler (AbstractContainerReportHandler.java:updateContainerState(145)) - Container #1 is in OPEN state, but the datanode 202d5f49-7963-4b43-9e61-5069c2030fd4{ip: 192.168.157.217, host: pr-hdds-2329-pipelines-rmb8m-4073948133, networkLocation: /default-rack, certSerialId: null} reports an CLOSED replica.
2019-10-25 18:47:30,878 [EventQueue-ContainerReportForContainerReportHandler] WARN  container.ContainerReportHandler (AbstractContainerReportHandler.java:updateContainerState(145)) - Container #1 is in OPEN state, but the datanode b2320d56-a737-47f4-81b1-3e8f0fb16133{ip: 192.168.157.217, host: pr-hdds-2329-pipelines-rmb8m-4073948133, networkLocation: /default-rack, certSerialId: null} reports an CLOSED replica.
2019-10-25 18:47:31,178 [EventQueue-ContainerReportForContainerReportHandler] WARN  container.ContainerReportHandler (AbstractContainerReportHandler.java:updateContainerState(145)) - Container #1 is in OPEN state, but the datanode b2320d56-a737-47f4-81b1-3e8f0fb16133{ip: 192.168.157.217, host: pr-hdds-2329-pipelines-rmb8m-4073948133, networkLocation: /default-rack, certSerialId: null} reports an CLOSED replica.
2019-10-25 18:47:31,273 [EventQueue-ContainerReportForContainerReportHandler] WARN  container.ContainerReportHandler (AbstractContainerReportHandler.java:updateContainerState(145)) - Container #1 is in OPEN state, but the datanode 202d5f49-7963-4b43-9e61-5069c2030fd4{ip: 192.168.157.217, host: pr-hdds-2329-pipelines-rmb8m-4073948133, networkLocation: /default-rack, certSerialId: null} reports an CLOSED replica.
2019-10-25 18:47:31,378 [EventQueue-ContainerReportForContainerReportHandler] WARN  container.ContainerReportHandler (AbstractContainerReportHandler.java:updateContainerState(145)) - Container #1 is in OPEN state, but the datanode b2320d56-a737-47f4-81b1-3e8f0fb16133{ip: 192.168.157.217, host: pr-hdds-2329-pipelines-rmb8m-4073948133, networkLocation: /default-rack, certSerialId: null} reports an CLOSED replica.
2019-10-25 18:47:31,574 [EventQueue-ContainerReportForContainerReportHandler] WARN  container.ContainerReportHandler (AbstractContainerReportHandler.java:updateContainerState(145)) - Container #1 is in OPEN state, but the datanode 202d5f49-7963-4b43-9e61-5069c2030fd4{ip: 192.168.157.217, host: pr-hdds-2329-pipelines-rmb8m-4073948133, networkLocation: /default-rack, certSerialId: null} reports an CLOSED replica.
2019-10-25 18:47:31,715 [java.util.concurrent.ThreadPoolExecutor$Worker@4fc56e52[State = -1, empty queue]] WARN  server.GrpcLogAppender (GrpcLogAppender.java:timeoutAppendRequest(209)) - b2320d56-a737-47f4-81b1-3e8f0fb16133@group-643C12960AC7->90a9ce3a-0a5e-4de2-813a-4d04cb4d4ab9-GrpcLogAppender: appendEntries Timeout, request=b2320d56-a737-47f4-81b1-3e8f0fb16133->90a9ce3a-0a5e-4de2-813a-4d04cb4d4ab9#39-t3, previous=(t:3, i:10), leaderCommit=10, initializing? false, entries: <empty>
2019-10-25 18:47:31,775 [EventQueue-ContainerReportForContainerReportHandler] WARN  container.ContainerReportHandler (AbstractContainerReportHandler.java:updateContainerState(145)) - Container #1 is in OPEN state, but the datanode 202d5f49-7963-4b43-9e61-5069c2030fd4{ip: 192.168.157.217, host: pr-hdds-2329-pipelines-rmb8m-4073948133, networkLocation: /default-rack, certSerialId: null} reports an CLOSED replica.
2019-10-25 18:47:31,778 [EventQueue-ContainerReportForContainerReportHandler] WARN  container.ContainerReportHandler (AbstractContainerReportHandler.java:updateContainerState(145)) - Container #1 is in OPEN state, but the datanode b2320d56-a737-47f4-81b1-3e8f0fb16133{ip: 192.168.157.217, host: pr-hdds-2329-pipelines-rmb8m-4073948133, networkLocation: /default-rack, certSerialId: null} reports an CLOSED replica.
2019-10-25 18:47:31,863 [BlockDeletingService#2] WARN  background.BlockDeletingService (BlockDeletingService.java:isDeletionAllowed(187)) - Close Container log Index 6 is not replicated across allthe servers in the pipeline b56b2aa8-e60f-44f7-b396-643c12960ac7 as the min replicated index is 4. Deletion is not allowed in this container yet.
2019-10-25 18:47:31,863 [BlockDeletingService#2] WARN  background.BlockDeletingService (BlockDeletingService.java:isDeletionAllowed(187)) - Close Container log Index 6 is not replicated across allthe servers in the pipeline b56b2aa8-e60f-44f7-b396-643c12960ac7 as the min replicated index is 4. Deletion is not allowed in this container yet.
2019-10-25 18:47:32,074 [EventQueue-ContainerReportForContainerReportHandler] WARN  container.ContainerReportHandler (AbstractContainerReportHandler.java:updateContainerState(145)) - Container #1 is in OPEN state, but the datanode 202d5f49-7963-4b43-9e61-5069c2030fd4{ip: 192.168.157.217, host: pr-hdds-2329-pipelines-rmb8m-4073948133, networkLocation: /default-rack, certSerialId: null} reports an CLOSED replica.
2019-10-25 18:47:32,078 [EventQueue-ContainerReportForContainerReportHandler] WARN  container.ContainerReportHandler (AbstractContainerReportHandler.java:updateContainerState(145)) - Container #1 is in OPEN state, but the datanode b2320d56-a737-47f4-81b1-3e8f0fb16133{ip: 192.168.157.217, host: pr-hdds-2329-pipelines-rmb8m-4073948133, networkLocation: /default-rack, certSerialId: null} reports an CLOSED replica.
2019-10-25 18:47:32,474 [EventQueue-ContainerReportForContainerReportHandler] WARN  container.ContainerReportHandler (AbstractContainerReportHandler.java:updateContainerState(145)) - Container #1 is in OPEN state, but the datanode 202d5f49-7963-4b43-9e61-5069c2030fd4{ip: 192.168.157.217, host: pr-hdds-2329-pipelines-rmb8m-4073948133, networkLocation: /default-rack, certSerialId: null} reports an CLOSED replica.
2019-10-25 18:47:32,478 [EventQueue-ContainerReportForContainerReportHandler] WARN  container.ContainerReportHandler (AbstractContainerReportHandler.java:updateContainerState(145)) - Container #1 is in OPEN state, but the datanode b2320d56-a737-47f4-81b1-3e8f0fb16133{ip: 192.168.157.217, host: pr-hdds-2329-pipelines-rmb8m-4073948133, networkLocation: /default-rack, certSerialId: null} reports an CLOSED replica.
2019-10-25 18:47:32,778 [EventQueue-ContainerReportForContainerReportHandler] WARN  container.ContainerReportHandler (AbstractContainerReportHandler.java:updateContainerState(145)) - Container #1 is in OPEN state, but the datanode b2320d56-a737-47f4-81b1-3e8f0fb16133{ip: 192.168.157.217, host: pr-hdds-2329-pipelines-rmb8m-4073948133, networkLocation: /default-rack, certSerialId: null} reports an CLOSED replica.
2019-10-25 18:47:32,865 [BlockDeletingService#2] WARN  background.BlockDeletingService (BlockDeletingService.java:isDeletionAllowed(187)) - Close Container log Index 6 is not replicated across allthe servers in the pipeline b56b2aa8-e60f-44f7-b396-643c12960ac7 as the min replicated index is 4. Deletion is not allowed in this container yet.
2019-10-25 18:47:32,865 [BlockDeletingService#2] WARN  background.BlockDeletingService (BlockDeletingService.java:isDeletionAllowed(187)) - Close Container log Index 6 is not replicated across allthe servers in the pipeline b56b2aa8-e60f-44f7-b396-643c12960ac7 as the min replicated index is 4. Deletion is not allowed in this container yet.
2019-10-25 18:47:32,874 [EventQueue-ContainerReportForContainerReportHandler] WARN  container.ContainerReportHandler (AbstractContainerReportHandler.java:updateContainerState(145)) - Container #1 is in OPEN state, but the datanode 202d5f49-7963-4b43-9e61-5069c2030fd4{ip: 192.168.157.217, host: pr-hdds-2329-pipelines-rmb8m-4073948133, networkLocation: /default-rack, certSerialId: null} reports an CLOSED replica.
2019-10-25 18:47:33,174 [EventQueue-ContainerReportForContainerReportHandler] WARN  container.ContainerReportHandler (AbstractContainerReportHandler.java:updateContainerState(145)) - Container #1 is in OPEN state, but the datanode 202d5f49-7963-4b43-9e61-5069c2030fd4{ip: 192.168.157.217, host: pr-hdds-2329-pipelines-rmb8m-4073948133, networkLocation: /default-rack, certSerialId: null} reports an CLOSED replica.
2019-10-25 18:47:33,178 [EventQueue-ContainerReportForContainerReportHandler] WARN  container.ContainerReportHandler (AbstractContainerReportHandler.java:updateContainerState(145)) - Container #1 is in OPEN state, but the datanode b2320d56-a737-47f4-81b1-3e8f0fb16133{ip: 192.168.157.217, host: pr-hdds-2329-pipelines-rmb8m-4073948133, networkLocation: /default-rack, certSerialId: null} reports an CLOSED replica.
2019-10-25 18:47:33,574 [EventQueue-ContainerReportForContainerReportHandler] WARN  container.ContainerReportHandler (AbstractContainerReportHandler.java:updateContainerState(145)) - Container #1 is in OPEN state, but the datanode 202d5f49-7963-4b43-9e61-5069c2030fd4{ip: 192.168.157.217, host: pr-hdds-2329-pipelines-rmb8m-4073948133, networkLocation: /default-rack, certSerialId: null} reports an CLOSED replica.
2019-10-25 18:47:33,578 [EventQueue-ContainerReportForContainerReportHandler] WARN  container.ContainerReportHandler (AbstractContainerReportHandler.java:updateContainerState(145)) - Container #1 is in OPEN state, but the datanode b2320d56-a737-47f4-81b1-3e8f0fb16133{ip: 192.168.157.217, host: pr-hdds-2329-pipelines-rmb8m-4073948133, networkLocation: /default-rack, certSerialId: null} reports an CLOSED replica.
2019-10-25 18:47:33,774 [EventQueue-ContainerReportForContainerReportHandler] WARN  container.ContainerReportHandler (AbstractContainerReportHandler.java:updateContainerState(145)) - Container #1 is in OPEN state, but the datanode 202d5f49-7963-4b43-9e61-5069c2030fd4{ip: 192.168.157.217, host: pr-hdds-2329-pipelines-rmb8m-4073948133, networkLocation: /default-rack, certSerialId: null} reports an CLOSED replica.
2019-10-25 18:47:33,778 [EventQueue-ContainerReportForContainerReportHandler] WARN  container.ContainerReportHandler (AbstractContainerReportHandler.java:updateContainerState(145)) - Container #1 is in OPEN state, but the datanode b2320d56-a737-47f4-81b1-3e8f0fb16133{ip: 192.168.157.217, host: pr-hdds-2329-pipelines-rmb8m-4073948133, networkLocation: /default-rack, certSerialId: null} reports an CLOSED replica.
2019-10-25 18:47:33,867 [BlockDeletingService#2] WARN  background.BlockDeletingService (BlockDeletingService.java:isDeletionAllowed(187)) - Close Container log Index 6 is not replicated across allthe servers in the pipeline b56b2aa8-e60f-44f7-b396-643c12960ac7 as the min replicated index is 4. Deletion is not allowed in this container yet.
2019-10-25 18:47:33,867 [BlockDeletingService#2] WARN  background.BlockDeletingService (BlockDeletingService.java:isDeletionAllowed(187)) - Close Container log Index 6 is not replicated across allthe servers in the pipeline b56b2aa8-e60f-44f7-b396-643c12960ac7 as the min replicated index is 4. Deletion is not allowed in this container yet.
2019-10-25 18:47:33,974 [EventQueue-ContainerReportForContainerReportHandler] WARN  container.ContainerReportHandler (AbstractContainerReportHandler.java:updateContainerState(145)) - Container #1 is in OPEN state, but the datanode 202d5f49-7963-4b43-9e61-5069c2030fd4{ip: 192.168.157.217, host: pr-hdds-2329-pipelines-rmb8m-4073948133, networkLocation: /default-rack, certSerialId: null} reports an CLOSED replica.
2019-10-25 18:47:34,079 [EventQueue-ContainerReportForContainerReportHandler] WARN  container.ContainerReportHandler (AbstractContainerReportHandler.java:updateContainerState(145)) - Container #1 is in OPEN state, but the datanode b2320d56-a737-47f4-81b1-3e8f0fb16133{ip: 192.168.157.217, host: pr-hdds-2329-pipelines-rmb8m-4073948133, networkLocation: /default-rack, certSerialId: null} reports an CLOSED replica.
2019-10-25 18:47:34,216 [java.util.concurrent.ThreadPoolExecutor$Worker@4fc56e52[State = -1, empty queue]] WARN  server.GrpcLogAppender (GrpcLogAppender.java:timeoutAppendRequest(209)) - b2320d56-a737-47f4-81b1-3e8f0fb16133@group-643C12960AC7->90a9ce3a-0a5e-4de2-813a-4d04cb4d4ab9-GrpcLogAppender: appendEntries Timeout, request=b2320d56-a737-47f4-81b1-3e8f0fb16133->90a9ce3a-0a5e-4de2-813a-4d04cb4d4ab9#40-t3, previous=(t:3, i:10), leaderCommit=10, initializing? false, entries: <empty>
2019-10-25 18:47:34,376 [EventQueue-ContainerReportForContainerReportHandler] WARN  container.ContainerReportHandler (AbstractContainerReportHandler.java:updateContainerState(145)) - Container #1 is in OPEN state, but the datanode 202d5f49-7963-4b43-9e61-5069c2030fd4{ip: 192.168.157.217, host: pr-hdds-2329-pipelines-rmb8m-4073948133, networkLocation: /default-rack, certSerialId: null} reports an CLOSED replica.
2019-10-25 18:47:34,480 [EventQueue-ContainerReportForContainerReportHandler] WARN  container.ContainerReportHandler (AbstractContainerReportHandler.java:updateContainerState(145)) - Container #1 is in OPEN state, but the datanode b2320d56-a737-47f4-81b1-3e8f0fb16133{ip: 192.168.157.217, host: pr-hdds-2329-pipelines-rmb8m-4073948133, networkLocation: /default-rack, certSerialId: null} reports an CLOSED replica.
2019-10-25 18:47:34,574 [EventQueue-ContainerReportForContainerReportHandler] WARN  container.ContainerReportHandler (AbstractContainerReportHandler.java:updateContainerState(145)) - Container #1 is in OPEN state, but the datanode 202d5f49-7963-4b43-9e61-5069c2030fd4{ip: 192.168.157.217, host: pr-hdds-2329-pipelines-rmb8m-4073948133, networkLocation: /default-rack, certSerialId: null} reports an CLOSED replica.
2019-10-25 18:47:34,781 [EventQueue-ContainerReportForContainerReportHandler] WARN  container.ContainerReportHandler (AbstractContainerReportHandler.java:updateContainerState(145)) - Container #1 is in OPEN state, but the datanode b2320d56-a737-47f4-81b1-3e8f0fb16133{ip: 192.168.157.217, host: pr-hdds-2329-pipelines-rmb8m-4073948133, networkLocation: /default-rack, certSerialId: null} reports an CLOSED replica.
2019-10-25 18:47:34,869 [BlockDeletingService#2] WARN  background.BlockDeletingService (BlockDeletingService.java:isDeletionAllowed(187)) - Close Container log Index 6 is not replicated across allthe servers in the pipeline b56b2aa8-e60f-44f7-b396-643c12960ac7 as the min replicated index is 4. Deletion is not allowed in this container yet.
2019-10-25 18:47:34,869 [BlockDeletingService#2] WARN  background.BlockDeletingService (BlockDeletingService.java:isDeletionAllowed(187)) - Close Container log Index 6 is not replicated across allthe servers in the pipeline b56b2aa8-e60f-44f7-b396-643c12960ac7 as the min replicated index is 4. Deletion is not allowed in this container yet.
2019-10-25 18:47:34,974 [EventQueue-ContainerReportForContainerReportHandler] WARN  container.ContainerReportHandler (AbstractContainerReportHandler.java:updateContainerState(145)) - Container #1 is in OPEN state, but the datanode 202d5f49-7963-4b43-9e61-5069c2030fd4{ip: 192.168.157.217, host: pr-hdds-2329-pipelines-rmb8m-4073948133, networkLocation: /default-rack, certSerialId: null} reports an CLOSED replica.
2019-10-25 18:47:35,081 [EventQueue-ContainerReportForContainerReportHandler] WARN  container.ContainerReportHandler (AbstractContainerReportHandler.java:updateContainerState(145)) - Container #1 is in OPEN state, but the datanode b2320d56-a737-47f4-81b1-3e8f0fb16133{ip: 192.168.157.217, host: pr-hdds-2329-pipelines-rmb8m-4073948133, networkLocation: /default-rack, certSerialId: null} reports an CLOSED replica.
2019-10-25 18:47:35,274 [EventQueue-ContainerReportForContainerReportHandler] WARN  container.ContainerReportHandler (AbstractContainerReportHandler.java:updateContainerState(145)) - Container #1 is in OPEN state, but the datanode 202d5f49-7963-4b43-9e61-5069c2030fd4{ip: 192.168.157.217, host: pr-hdds-2329-pipelines-rmb8m-4073948133, networkLocation: /default-rack, certSerialId: null} reports an CLOSED replica.
2019-10-25 18:47:35,282 [EventQueue-ContainerReportForContainerReportHandler] WARN  container.ContainerReportHandler (AbstractContainerReportHandler.java:updateContainerState(145)) - Container #1 is in OPEN state, but the datanode b2320d56-a737-47f4-81b1-3e8f0fb16133{ip: 192.168.157.217, host: pr-hdds-2329-pipelines-rmb8m-4073948133, networkLocation: /default-rack, certSerialId: null} reports an CLOSED replica.
2019-10-25 18:47:35,474 [EventQueue-ContainerReportForContainerReportHandler] WARN  container.ContainerReportHandler (AbstractContainerReportHandler.java:updateContainerState(145)) - Container #1 is in OPEN state, but the datanode 202d5f49-7963-4b43-9e61-5069c2030fd4{ip: 192.168.157.217, host: pr-hdds-2329-pipelines-rmb8m-4073948133, networkLocation: /default-rack, certSerialId: null} reports an CLOSED replica.
2019-10-25 18:47:35,583 [EventQueue-ContainerReportForContainerReportHandler] WARN  container.ContainerReportHandler (AbstractContainerReportHandler.java:updateContainerState(145)) - Container #1 is in OPEN state, but the datanode b2320d56-a737-47f4-81b1-3e8f0fb16133{ip: 192.168.157.217, host: pr-hdds-2329-pipelines-rmb8m-4073948133, networkLocation: /default-rack, certSerialId: null} reports an CLOSED replica.
2019-10-25 18:47:35,774 [EventQueue-ContainerReportForContainerReportHandler] WARN  container.ContainerReportHandler (AbstractContainerReportHandler.java:updateContainerState(145)) - Container #1 is in OPEN state, but the datanode 202d5f49-7963-4b43-9e61-5069c2030fd4{ip: 192.168.157.217, host: pr-hdds-2329-pipelines-rmb8m-4073948133, networkLocation: /default-rack, certSerialId: null} reports an CLOSED replica.
2019-10-25 18:47:35,783 [EventQueue-ContainerReportForContainerReportHandler] WARN  container.ContainerReportHandler (AbstractContainerReportHandler.java:updateContainerState(145)) - Container #1 is in OPEN state, but the datanode b2320d56-a737-47f4-81b1-3e8f0fb16133{ip: 192.168.157.217, host: pr-hdds-2329-pipelines-rmb8m-4073948133, networkLocation: /default-rack, certSerialId: null} reports an CLOSED replica.
2019-10-25 18:47:35,871 [BlockDeletingService#2] WARN  background.BlockDeletingService (BlockDeletingService.java:isDeletionAllowed(187)) - Close Container log Index 6 is not replicated across allthe servers in the pipeline b56b2aa8-e60f-44f7-b396-643c12960ac7 as the min replicated index is 4. Deletion is not allowed in this container yet.
2019-10-25 18:47:35,871 [BlockDeletingService#2] WARN  background.BlockDeletingService (BlockDeletingService.java:isDeletionAllowed(187)) - Close Container log Index 6 is not replicated across allthe servers in the pipeline b56b2aa8-e60f-44f7-b396-643c12960ac7 as the min replicated index is 4. Deletion is not allowed in this container yet.
2019-10-25 18:47:36,074 [EventQueue-ContainerReportForContainerReportHandler] WARN  container.ContainerReportHandler (AbstractContainerReportHandler.java:updateContainerState(145)) - Container #1 is in OPEN state, but the datanode 202d5f49-7963-4b43-9e61-5069c2030fd4{ip: 192.168.157.217, host: pr-hdds-2329-pipelines-rmb8m-4073948133, networkLocation: /default-rack, certSerialId: null} reports an CLOSED replica.
2019-10-25 18:47:36,183 [EventQueue-ContainerReportForContainerReportHandler] WARN  container.ContainerReportHandler (AbstractContainerReportHandler.java:updateContainerState(145)) - Container #1 is in OPEN state, but the datanode b2320d56-a737-47f4-81b1-3e8f0fb16133{ip: 192.168.157.217, host: pr-hdds-2329-pipelines-rmb8m-4073948133, networkLocation: /default-rack, certSerialId: null} reports an CLOSED replica.
2019-10-25 18:47:36,374 [EventQueue-ContainerReportForContainerReportHandler] WARN  container.ContainerReportHandler (AbstractContainerReportHandler.java:updateContainerState(145)) - Container #1 is in OPEN state, but the datanode 202d5f49-7963-4b43-9e61-5069c2030fd4{ip: 192.168.157.217, host: pr-hdds-2329-pipelines-rmb8m-4073948133, networkLocation: /default-rack, certSerialId: null} reports an CLOSED replica.
2019-10-25 18:47:36,383 [EventQueue-ContainerReportForContainerReportHandler] WARN  container.ContainerReportHandler (AbstractContainerReportHandler.java:updateContainerState(145)) - Container #1 is in OPEN state, but the datanode b2320d56-a737-47f4-81b1-3e8f0fb16133{ip: 192.168.157.217, host: pr-hdds-2329-pipelines-rmb8m-4073948133, networkLocation: /default-rack, certSerialId: null} reports an CLOSED replica.
2019-10-25 18:47:36,674 [EventQueue-ContainerReportForContainerReportHandler] WARN  container.ContainerReportHandler (AbstractContainerReportHandler.java:updateContainerState(145)) - Container #1 is in OPEN state, but the datanode 202d5f49-7963-4b43-9e61-5069c2030fd4{ip: 192.168.157.217, host: pr-hdds-2329-pipelines-rmb8m-4073948133, networkLocation: /default-rack, certSerialId: null} reports an CLOSED replica.
2019-10-25 18:47:36,718 [java.util.concurrent.ThreadPoolExecutor$Worker@4fc56e52[State = -1, empty queue]] WARN  server.GrpcLogAppender (GrpcLogAppender.java:timeoutAppendRequest(209)) - b2320d56-a737-47f4-81b1-3e8f0fb16133@group-643C12960AC7->90a9ce3a-0a5e-4de2-813a-4d04cb4d4ab9-GrpcLogAppender: appendEntries Timeout, request=b2320d56-a737-47f4-81b1-3e8f0fb16133->90a9ce3a-0a5e-4de2-813a-4d04cb4d4ab9#41-t3, previous=(t:3, i:10), leaderCommit=10, initializing? false, entries: <empty>
2019-10-25 18:47:36,784 [EventQueue-ContainerReportForContainerReportHandler] WARN  container.ContainerReportHandler (AbstractContainerReportHandler.java:updateContainerState(145)) - Container #1 is in OPEN state, but the datanode b2320d56-a737-47f4-81b1-3e8f0fb16133{ip: 192.168.157.217, host: pr-hdds-2329-pipelines-rmb8m-4073948133, networkLocation: /default-rack, certSerialId: null} reports an CLOSED replica.
2019-10-25 18:47:36,873 [BlockDeletingService#2] WARN  background.BlockDeletingService (BlockDeletingService.java:isDeletionAllowed(187)) - Close Container log Index 6 is not replicated across allthe servers in the pipeline b56b2aa8-e60f-44f7-b396-643c12960ac7 as the min replicated index is 4. Deletion is not allowed in this container yet.
2019-10-25 18:47:36,873 [BlockDeletingService#2] WARN  background.BlockDeletingService (BlockDeletingService.java:isDeletionAllowed(187)) - Close Container log Index 6 is not replicated across allthe servers in the pipeline b56b2aa8-e60f-44f7-b396-643c12960ac7 as the min replicated index is 4. Deletion is not allowed in this container yet.
2019-10-25 18:47:36,975 [EventQueue-ContainerReportForContainerReportHandler] WARN  container.ContainerReportHandler (AbstractContainerReportHandler.java:updateContainerState(145)) - Container #1 is in OPEN state, but the datanode 202d5f49-7963-4b43-9e61-5069c2030fd4{ip: 192.168.157.217, host: pr-hdds-2329-pipelines-rmb8m-4073948133, networkLocation: /default-rack, certSerialId: null} reports an CLOSED replica.
2019-10-25 18:47:37,084 [EventQueue-ContainerReportForContainerReportHandler] WARN  container.ContainerReportHandler (AbstractContainerReportHandler.java:updateContainerState(145)) - Container #1 is in OPEN state, but the datanode b2320d56-a737-47f4-81b1-3e8f0fb16133{ip: 192.168.157.217, host: pr-hdds-2329-pipelines-rmb8m-4073948133, networkLocation: /default-rack, certSerialId: null} reports an CLOSED replica.
2019-10-25 18:47:37,275 [EventQueue-ContainerReportForContainerReportHandler] WARN  container.ContainerReportHandler (AbstractContainerReportHandler.java:updateContainerState(145)) - Container #1 is in OPEN state, but the datanode 202d5f49-7963-4b43-9e61-5069c2030fd4{ip: 192.168.157.217, host: pr-hdds-2329-pipelines-rmb8m-4073948133, networkLocation: /default-rack, certSerialId: null} reports an CLOSED replica.
2019-10-25 18:47:37,476 [EventQueue-ContainerReportForContainerReportHandler] WARN  container.ContainerReportHandler (AbstractContainerReportHandler.java:updateContainerState(145)) - Container #1 is in OPEN state, but the datanode 202d5f49-7963-4b43-9e61-5069c2030fd4{ip: 192.168.157.217, host: pr-hdds-2329-pipelines-rmb8m-4073948133, networkLocation: /default-rack, certSerialId: null} reports an CLOSED replica.
2019-10-25 18:47:37,484 [EventQueue-ContainerReportForContainerReportHandler] WARN  container.ContainerReportHandler (AbstractContainerReportHandler.java:updateContainerState(145)) - Container #1 is in OPEN state, but the datanode b2320d56-a737-47f4-81b1-3e8f0fb16133{ip: 192.168.157.217, host: pr-hdds-2329-pipelines-rmb8m-4073948133, networkLocation: /default-rack, certSerialId: null} reports an CLOSED replica.
2019-10-25 18:47:37,685 [EventQueue-ContainerReportForContainerReportHandler] WARN  container.ContainerReportHandler (AbstractContainerReportHandler.java:updateContainerState(145)) - Container #1 is in OPEN state, but the datanode b2320d56-a737-47f4-81b1-3e8f0fb16133{ip: 192.168.157.217, host: pr-hdds-2329-pipelines-rmb8m-4073948133, networkLocation: /default-rack, certSerialId: null} reports an CLOSED replica.
2019-10-25 18:47:37,779 [EventQueue-ContainerReportForContainerReportHandler] WARN  container.ContainerReportHandler (AbstractContainerReportHandler.java:updateContainerState(145)) - Container #1 is in OPEN state, but the datanode 202d5f49-7963-4b43-9e61-5069c2030fd4{ip: 192.168.157.217, host: pr-hdds-2329-pipelines-rmb8m-4073948133, networkLocation: /default-rack, certSerialId: null} reports an CLOSED replica.
2019-10-25 18:47:37,875 [BlockDeletingService#2] WARN  background.BlockDeletingService (BlockDeletingService.java:isDeletionAllowed(187)) - Close Container log Index 6 is not replicated across allthe servers in the pipeline b56b2aa8-e60f-44f7-b396-643c12960ac7 as the min replicated index is 4. Deletion is not allowed in this container yet.
2019-10-25 18:47:37,875 [BlockDeletingService#2] WARN  background.BlockDeletingService (BlockDeletingService.java:isDeletionAllowed(187)) - Close Container log Index 6 is not replicated across allthe servers in the pipeline b56b2aa8-e60f-44f7-b396-643c12960ac7 as the min replicated index is 4. Deletion is not allowed in this container yet.
2019-10-25 18:47:37,984 [EventQueue-ContainerReportForContainerReportHandler] WARN  container.ContainerReportHandler (AbstractContainerReportHandler.java:updateContainerState(145)) - Container #1 is in OPEN state, but the datanode b2320d56-a737-47f4-81b1-3e8f0fb16133{ip: 192.168.157.217, host: pr-hdds-2329-pipelines-rmb8m-4073948133, networkLocation: /default-rack, certSerialId: null} reports an CLOSED replica.
2019-10-25 18:47:38,179 [EventQueue-ContainerReportForContainerReportHandler] WARN  container.ContainerReportHandler (AbstractContainerReportHandler.java:updateContainerState(145)) - Container #1 is in OPEN state, but the datanode 202d5f49-7963-4b43-9e61-5069c2030fd4{ip: 192.168.157.217, host: pr-hdds-2329-pipelines-rmb8m-4073948133, networkLocation: /default-rack, certSerialId: null} reports an CLOSED replica.
2019-10-25 18:47:38,184 [EventQueue-ContainerReportForContainerReportHandler] WARN  container.ContainerReportHandler (AbstractContainerReportHandler.java:updateContainerState(145)) - Container #1 is in OPEN state, but the datanode b2320d56-a737-47f4-81b1-3e8f0fb16133{ip: 192.168.157.217, host: pr-hdds-2329-pipelines-rmb8m-4073948133, networkLocation: /default-rack, certSerialId: null} reports an CLOSED replica.
2019-10-25 18:47:38,479 [EventQueue-ContainerReportForContainerReportHandler] WARN  container.ContainerReportHandler (AbstractContainerReportHandler.java:updateContainerState(145)) - Container #1 is in OPEN state, but the datanode 202d5f49-7963-4b43-9e61-5069c2030fd4{ip: 192.168.157.217, host: pr-hdds-2329-pipelines-rmb8m-4073948133, networkLocation: /default-rack, certSerialId: null} reports an CLOSED replica.
2019-10-25 18:47:38,484 [EventQueue-ContainerReportForContainerReportHandler] WARN  container.ContainerReportHandler (AbstractContainerReportHandler.java:updateContainerState(145)) - Container #1 is in OPEN state, but the datanode b2320d56-a737-47f4-81b1-3e8f0fb16133{ip: 192.168.157.217, host: pr-hdds-2329-pipelines-rmb8m-4073948133, networkLocation: /default-rack, certSerialId: null} reports an CLOSED replica.
2019-10-25 18:47:38,684 [EventQueue-ContainerReportForContainerReportHandler] WARN  container.ContainerReportHandler (AbstractContainerReportHandler.java:updateContainerState(145)) - Container #1 is in OPEN state, but the datanode b2320d56-a737-47f4-81b1-3e8f0fb16133{ip: 192.168.157.217, host: pr-hdds-2329-pipelines-rmb8m-4073948133, networkLocation: /default-rack, certSerialId: null} reports an CLOSED replica.
2019-10-25 18:47:38,841 [Thread-505] INFO  client.GrpcClientProtocolService (GrpcClientProtocolService.java:lambda$processClientRequest$0(279)) - Failed RaftClientRequest:client-85E8A1575A11->202d5f49-7963-4b43-9e61-5069c2030fd4@group-643C12960AC7, cid=10, seq=0, Watch-ALL_COMMITTED(6), Message:<EMPTY>, reply=RaftClientReply:client-85E8A1575A11->202d5f49-7963-4b43-9e61-5069c2030fd4@group-643C12960AC7, cid=10, FAILED org.apache.ratis.protocol.NotLeaderException: Server 202d5f49-7963-4b43-9e61-5069c2030fd4@group-643C12960AC7 is not the leader b2320d56-a737-47f4-81b1-3e8f0fb16133:192.168.157.217:40923, logIndex=0, commits[202d5f49-7963-4b43-9e61-5069c2030fd4:c10, b2320d56-a737-47f4-81b1-3e8f0fb16133:c10, 90a9ce3a-0a5e-4de2-813a-4d04cb4d4ab9:c4]
2019-10-25 18:47:38,876 [BlockDeletingService#2] WARN  background.BlockDeletingService (BlockDeletingService.java:isDeletionAllowed(187)) - Close Container log Index 6 is not replicated across allthe servers in the pipeline b56b2aa8-e60f-44f7-b396-643c12960ac7 as the min replicated index is 4. Deletion is not allowed in this container yet.
2019-10-25 18:47:38,876 [BlockDeletingService#2] WARN  background.BlockDeletingService (BlockDeletingService.java:isDeletionAllowed(187)) - Close Container log Index 6 is not replicated across allthe servers in the pipeline b56b2aa8-e60f-44f7-b396-643c12960ac7 as the min replicated index is 4. Deletion is not allowed in this container yet.
2019-10-25 18:47:38,880 [EventQueue-ContainerReportForContainerReportHandler] WARN  container.ContainerReportHandler (AbstractContainerReportHandler.java:updateContainerState(145)) - Container #1 is in OPEN state, but the datanode 202d5f49-7963-4b43-9e61-5069c2030fd4{ip: 192.168.157.217, host: pr-hdds-2329-pipelines-rmb8m-4073948133, networkLocation: /default-rack, certSerialId: null} reports an CLOSED replica.
2019-10-25 18:47:39,081 [EventQueue-ContainerReportForContainerReportHandler] WARN  container.ContainerReportHandler (AbstractContainerReportHandler.java:updateContainerState(145)) - Container #1 is in OPEN state, but the datanode 202d5f49-7963-4b43-9e61-5069c2030fd4{ip: 192.168.157.217, host: pr-hdds-2329-pipelines-rmb8m-4073948133, networkLocation: /default-rack, certSerialId: null} reports an CLOSED replica.
2019-10-25 18:47:39,086 [EventQueue-ContainerReportForContainerReportHandler] WARN  container.ContainerReportHandler (AbstractContainerReportHandler.java:updateContainerState(145)) - Container #1 is in OPEN state, but the datanode b2320d56-a737-47f4-81b1-3e8f0fb16133{ip: 192.168.157.217, host: pr-hdds-2329-pipelines-rmb8m-4073948133, networkLocation: /default-rack, certSerialId: null} reports an CLOSED replica.
2019-10-25 18:47:39,218 [java.util.concurrent.ThreadPoolExecutor$Worker@4fc56e52[State = -1, empty queue]] WARN  server.GrpcLogAppender (GrpcLogAppender.java:timeoutAppendRequest(209)) - b2320d56-a737-47f4-81b1-3e8f0fb16133@group-643C12960AC7->90a9ce3a-0a5e-4de2-813a-4d04cb4d4ab9-GrpcLogAppender: appendEntries Timeout, request=b2320d56-a737-47f4-81b1-3e8f0fb16133->90a9ce3a-0a5e-4de2-813a-4d04cb4d4ab9#42-t3, previous=(t:3, i:10), leaderCommit=10, initializing? false, entries: <empty>
2019-10-25 18:47:39,380 [EventQueue-ContainerReportForContainerReportHandler] WARN  container.ContainerReportHandler (AbstractContainerReportHandler.java:updateContainerState(145)) - Container #1 is in OPEN state, but the datanode 202d5f49-7963-4b43-9e61-5069c2030fd4{ip: 192.168.157.217, host: pr-hdds-2329-pipelines-rmb8m-4073948133, networkLocation: /default-rack, certSerialId: null} reports an CLOSED replica.
2019-10-25 18:47:39,386 [EventQueue-ContainerReportForContainerReportHandler] WARN  container.ContainerReportHandler (AbstractContainerReportHandler.java:updateContainerState(145)) - Container #1 is in OPEN state, but the datanode b2320d56-a737-47f4-81b1-3e8f0fb16133{ip: 192.168.157.217, host: pr-hdds-2329-pipelines-rmb8m-4073948133, networkLocation: /default-rack, certSerialId: null} reports an CLOSED replica.
2019-10-25 18:47:39,580 [EventQueue-ContainerReportForContainerReportHandler] WARN  container.ContainerReportHandler (AbstractContainerReportHandler.java:updateContainerState(145)) - Container #1 is in OPEN state, but the datanode 202d5f49-7963-4b43-9e61-5069c2030fd4{ip: 192.168.157.217, host: pr-hdds-2329-pipelines-rmb8m-4073948133, networkLocation: /default-rack, certSerialId: null} reports an CLOSED replica.
2019-10-25 18:47:39,686 [EventQueue-ContainerReportForContainerReportHandler] WARN  container.ContainerReportHandler (AbstractContainerReportHandler.java:updateContainerState(145)) - Container #1 is in OPEN state, but the datanode b2320d56-a737-47f4-81b1-3e8f0fb16133{ip: 192.168.157.217, host: pr-hdds-2329-pipelines-rmb8m-4073948133, networkLocation: /default-rack, certSerialId: null} reports an CLOSED replica.
2019-10-25 18:47:39,879 [BlockDeletingService#2] WARN  background.BlockDeletingService (BlockDeletingService.java:isDeletionAllowed(187)) - Close Container log Index 6 is not replicated across allthe servers in the pipeline b56b2aa8-e60f-44f7-b396-643c12960ac7 as the min replicated index is 4. Deletion is not allowed in this container yet.
2019-10-25 18:47:39,879 [BlockDeletingService#2] WARN  background.BlockDeletingService (BlockDeletingService.java:isDeletionAllowed(187)) - Close Container log Index 6 is not replicated across allthe servers in the pipeline b56b2aa8-e60f-44f7-b396-643c12960ac7 as the min replicated index is 4. Deletion is not allowed in this container yet.
2019-10-25 18:47:39,880 [EventQueue-ContainerReportForContainerReportHandler] WARN  container.ContainerReportHandler (AbstractContainerReportHandler.java:updateContainerState(145)) - Container #1 is in OPEN state, but the datanode 202d5f49-7963-4b43-9e61-5069c2030fd4{ip: 192.168.157.217, host: pr-hdds-2329-pipelines-rmb8m-4073948133, networkLocation: /default-rack, certSerialId: null} reports an CLOSED replica.
2019-10-25 18:47:39,886 [EventQueue-ContainerReportForContainerReportHandler] WARN  container.ContainerReportHandler (AbstractContainerReportHandler.java:updateContainerState(145)) - Container #1 is in OPEN state, but the datanode b2320d56-a737-47f4-81b1-3e8f0fb16133{ip: 192.168.157.217, host: pr-hdds-2329-pipelines-rmb8m-4073948133, networkLocation: /default-rack, certSerialId: null} reports an CLOSED replica.
2019-10-25 18:47:40,181 [EventQueue-ContainerReportForContainerReportHandler] WARN  container.ContainerReportHandler (AbstractContainerReportHandler.java:updateContainerState(145)) - Container #1 is in OPEN state, but the datanode 202d5f49-7963-4b43-9e61-5069c2030fd4{ip: 192.168.157.217, host: pr-hdds-2329-pipelines-rmb8m-4073948133, networkLocation: /default-rack, certSerialId: null} reports an CLOSED replica.
2019-10-25 18:47:40,186 [EventQueue-ContainerReportForContainerReportHandler] WARN  container.ContainerReportHandler (AbstractContainerReportHandler.java:updateContainerState(145)) - Container #1 is in OPEN state, but the datanode b2320d56-a737-47f4-81b1-3e8f0fb16133{ip: 192.168.157.217, host: pr-hdds-2329-pipelines-rmb8m-4073948133, networkLocation: /default-rack, certSerialId: null} reports an CLOSED replica.
2019-10-25 18:47:40,480 [EventQueue-ContainerReportForContainerReportHandler] WARN  container.ContainerReportHandler (AbstractContainerReportHandler.java:updateContainerState(145)) - Container #1 is in OPEN state, but the datanode 202d5f49-7963-4b43-9e61-5069c2030fd4{ip: 192.168.157.217, host: pr-hdds-2329-pipelines-rmb8m-4073948133, networkLocation: /default-rack, certSerialId: null} reports an CLOSED replica.
2019-10-25 18:47:40,488 [EventQueue-ContainerReportForContainerReportHandler] WARN  container.ContainerReportHandler (AbstractContainerReportHandler.java:updateContainerState(145)) - Container #1 is in OPEN state, but the datanode b2320d56-a737-47f4-81b1-3e8f0fb16133{ip: 192.168.157.217, host: pr-hdds-2329-pipelines-rmb8m-4073948133, networkLocation: /default-rack, certSerialId: null} reports an CLOSED replica.
2019-10-25 18:47:40,585 [Thread-512] INFO  client.GrpcClientProtocolService (GrpcClientProtocolService.java:lambda$processClientRequest$0(279)) - Failed RaftClientRequest:client-85E8A1575A11->b2320d56-a737-47f4-81b1-3e8f0fb16133@group-643C12960AC7, cid=10, seq=0, Watch-ALL_COMMITTED(6), Message:<EMPTY>, reply=RaftClientReply:client-85E8A1575A11->b2320d56-a737-47f4-81b1-3e8f0fb16133@group-643C12960AC7, cid=10, FAILED org.apache.ratis.protocol.NotReplicatedException: Request with call Id 10 and log index 6 is not yet replicated to ALL_COMMITTED, logIndex=6, commits[b2320d56-a737-47f4-81b1-3e8f0fb16133:c10, 202d5f49-7963-4b43-9e61-5069c2030fd4:c10, 90a9ce3a-0a5e-4de2-813a-4d04cb4d4ab9:c4]
2019-10-25 18:47:40,689 [EventQueue-ContainerReportForContainerReportHandler] WARN  container.ContainerReportHandler (AbstractContainerReportHandler.java:updateContainerState(145)) - Container #1 is in OPEN state, but the datanode b2320d56-a737-47f4-81b1-3e8f0fb16133{ip: 192.168.157.217, host: pr-hdds-2329-pipelines-rmb8m-4073948133, networkLocation: /default-rack, certSerialId: null} reports an CLOSED replica.
2019-10-25 18:47:40,780 [EventQueue-ContainerReportForContainerReportHandler] WARN  container.ContainerReportHandler (AbstractContainerReportHandler.java:updateContainerState(145)) - Container #1 is in OPEN state, but the datanode 202d5f49-7963-4b43-9e61-5069c2030fd4{ip: 192.168.157.217, host: pr-hdds-2329-pipelines-rmb8m-4073948133, networkLocation: /default-rack, certSerialId: null} reports an CLOSED replica.
2019-10-25 18:47:40,881 [BlockDeletingService#2] WARN  background.BlockDeletingService (BlockDeletingService.java:isDeletionAllowed(187)) - Close Container log Index 6 is not replicated across allthe servers in the pipeline b56b2aa8-e60f-44f7-b396-643c12960ac7 as the min replicated index is 4. Deletion is not allowed in this container yet.
2019-10-25 18:47:40,881 [BlockDeletingService#2] WARN  background.BlockDeletingService (BlockDeletingService.java:isDeletionAllowed(187)) - Close Container log Index 6 is not replicated across allthe servers in the pipeline b56b2aa8-e60f-44f7-b396-643c12960ac7 as the min replicated index is 4. Deletion is not allowed in this container yet.
2019-10-25 18:47:41,080 [EventQueue-ContainerReportForContainerReportHandler] WARN  container.ContainerReportHandler (AbstractContainerReportHandler.java:updateContainerState(145)) - Container #1 is in OPEN state, but the datanode 202d5f49-7963-4b43-9e61-5069c2030fd4{ip: 192.168.157.217, host: pr-hdds-2329-pipelines-rmb8m-4073948133, networkLocation: /default-rack, certSerialId: null} reports an CLOSED replica.
2019-10-25 18:47:41,089 [EventQueue-ContainerReportForContainerReportHandler] WARN  container.ContainerReportHandler (AbstractContainerReportHandler.java:updateContainerState(145)) - Container #1 is in OPEN state, but the datanode b2320d56-a737-47f4-81b1-3e8f0fb16133{ip: 192.168.157.217, host: pr-hdds-2329-pipelines-rmb8m-4073948133, networkLocation: /default-rack, certSerialId: null} reports an CLOSED replica.
2019-10-25 18:47:41,289 [EventQueue-ContainerReportForContainerReportHandler] WARN  container.ContainerReportHandler (AbstractContainerReportHandler.java:updateContainerState(145)) - Container #1 is in OPEN state, but the datanode b2320d56-a737-47f4-81b1-3e8f0fb16133{ip: 192.168.157.217, host: pr-hdds-2329-pipelines-rmb8m-4073948133, networkLocation: /default-rack, certSerialId: null} reports an CLOSED replica.
2019-10-25 18:47:41,381 [EventQueue-ContainerReportForContainerReportHandler] WARN  container.ContainerReportHandler (AbstractContainerReportHandler.java:updateContainerState(145)) - Container #1 is in OPEN state, but the datanode 202d5f49-7963-4b43-9e61-5069c2030fd4{ip: 192.168.157.217, host: pr-hdds-2329-pipelines-rmb8m-4073948133, networkLocation: /default-rack, certSerialId: null} reports an CLOSED replica.
2019-10-25 18:47:41,581 [EventQueue-ContainerReportForContainerReportHandler] WARN  container.ContainerReportHandler (AbstractContainerReportHandler.java:updateContainerState(145)) - Container #1 is in OPEN state, but the datanode 202d5f49-7963-4b43-9e61-5069c2030fd4{ip: 192.168.157.217, host: pr-hdds-2329-pipelines-rmb8m-4073948133, networkLocation: /default-rack, certSerialId: null} reports an CLOSED replica.
2019-10-25 18:47:41,590 [EventQueue-ContainerReportForContainerReportHandler] WARN  container.ContainerReportHandler (AbstractContainerReportHandler.java:updateContainerState(145)) - Container #1 is in OPEN state, but the datanode b2320d56-a737-47f4-81b1-3e8f0fb16133{ip: 192.168.157.217, host: pr-hdds-2329-pipelines-rmb8m-4073948133, networkLocation: /default-rack, certSerialId: null} reports an CLOSED replica.
2019-10-25 18:47:41,719 [java.util.concurrent.ThreadPoolExecutor$Worker@4fc56e52[State = -1, empty queue]] WARN  server.GrpcLogAppender (GrpcLogAppender.java:timeoutAppendRequest(209)) - b2320d56-a737-47f4-81b1-3e8f0fb16133@group-643C12960AC7->90a9ce3a-0a5e-4de2-813a-4d04cb4d4ab9-GrpcLogAppender: appendEntries Timeout, request=b2320d56-a737-47f4-81b1-3e8f0fb16133->90a9ce3a-0a5e-4de2-813a-4d04cb4d4ab9#43-t3, previous=(t:3, i:10), leaderCommit=10, initializing? false, entries: <empty>
2019-10-25 18:47:41,882 [EventQueue-ContainerReportForContainerReportHandler] WARN  container.ContainerReportHandler (AbstractContainerReportHandler.java:updateContainerState(145)) - Container #1 is in OPEN state, but the datanode 202d5f49-7963-4b43-9e61-5069c2030fd4{ip: 192.168.157.217, host: pr-hdds-2329-pipelines-rmb8m-4073948133, networkLocation: /default-rack, certSerialId: null} reports an CLOSED replica.
2019-10-25 18:47:41,884 [BlockDeletingService#2] WARN  background.BlockDeletingService (BlockDeletingService.java:isDeletionAllowed(187)) - Close Container log Index 6 is not replicated across allthe servers in the pipeline b56b2aa8-e60f-44f7-b396-643c12960ac7 as the min replicated index is 4. Deletion is not allowed in this container yet.
2019-10-25 18:47:41,884 [BlockDeletingService#2] WARN  background.BlockDeletingService (BlockDeletingService.java:isDeletionAllowed(187)) - Close Container log Index 6 is not replicated across allthe servers in the pipeline b56b2aa8-e60f-44f7-b396-643c12960ac7 as the min replicated index is 4. Deletion is not allowed in this container yet.
2019-10-25 18:47:41,991 [EventQueue-ContainerReportForContainerReportHandler] WARN  container.ContainerReportHandler (AbstractContainerReportHandler.java:updateContainerState(145)) - Container #1 is in OPEN state, but the datanode b2320d56-a737-47f4-81b1-3e8f0fb16133{ip: 192.168.157.217, host: pr-hdds-2329-pipelines-rmb8m-4073948133, networkLocation: /default-rack, certSerialId: null} reports an CLOSED replica.
2019-10-25 18:47:42,282 [EventQueue-ContainerReportForContainerReportHandler] WARN  container.ContainerReportHandler (AbstractContainerReportHandler.java:updateContainerState(145)) - Container #1 is in OPEN state, but the datanode 202d5f49-7963-4b43-9e61-5069c2030fd4{ip: 192.168.157.217, host: pr-hdds-2329-pipelines-rmb8m-4073948133, networkLocation: /default-rack, certSerialId: null} reports an CLOSED replica.
2019-10-25 18:47:42,392 [EventQueue-ContainerReportForContainerReportHandler] WARN  container.ContainerReportHandler (AbstractContainerReportHandler.java:updateContainerState(145)) - Container #1 is in OPEN state, but the datanode b2320d56-a737-47f4-81b1-3e8f0fb16133{ip: 192.168.157.217, host: pr-hdds-2329-pipelines-rmb8m-4073948133, networkLocation: /default-rack, certSerialId: null} reports an CLOSED replica.
2019-10-25 18:47:42,482 [EventQueue-ContainerReportForContainerReportHandler] WARN  container.ContainerReportHandler (AbstractContainerReportHandler.java:updateContainerState(145)) - Container #1 is in OPEN state, but the datanode 202d5f49-7963-4b43-9e61-5069c2030fd4{ip: 192.168.157.217, host: pr-hdds-2329-pipelines-rmb8m-4073948133, networkLocation: /default-rack, certSerialId: null} reports an CLOSED replica.
2019-10-25 18:47:42,694 [EventQueue-ContainerReportForContainerReportHandler] WARN  container.ContainerReportHandler (AbstractContainerReportHandler.java:updateContainerState(145)) - Container #1 is in OPEN state, but the datanode b2320d56-a737-47f4-81b1-3e8f0fb16133{ip: 192.168.157.217, host: pr-hdds-2329-pipelines-rmb8m-4073948133, networkLocation: /default-rack, certSerialId: null} reports an CLOSED replica.
2019-10-25 18:47:42,882 [EventQueue-ContainerReportForContainerReportHandler] WARN  container.ContainerReportHandler (AbstractContainerReportHandler.java:updateContainerState(145)) - Container #1 is in OPEN state, but the datanode 202d5f49-7963-4b43-9e61-5069c2030fd4{ip: 192.168.157.217, host: pr-hdds-2329-pipelines-rmb8m-4073948133, networkLocation: /default-rack, certSerialId: null} reports an CLOSED replica.
2019-10-25 18:47:42,886 [BlockDeletingService#2] WARN  background.BlockDeletingService (BlockDeletingService.java:isDeletionAllowed(187)) - Close Container log Index 6 is not replicated across allthe servers in the pipeline b56b2aa8-e60f-44f7-b396-643c12960ac7 as the min replicated index is 4. Deletion is not allowed in this container yet.
2019-10-25 18:47:42,886 [BlockDeletingService#2] WARN  background.BlockDeletingService (BlockDeletingService.java:isDeletionAllowed(187)) - Close Container log Index 6 is not replicated across allthe servers in the pipeline b56b2aa8-e60f-44f7-b396-643c12960ac7 as the min replicated index is 4. Deletion is not allowed in this container yet.
2019-10-25 18:47:43,093 [EventQueue-ContainerReportForContainerReportHandler] WARN  container.ContainerReportHandler (AbstractContainerReportHandler.java:updateContainerState(145)) - Container #1 is in OPEN state, but the datanode b2320d56-a737-47f4-81b1-3e8f0fb16133{ip: 192.168.157.217, host: pr-hdds-2329-pipelines-rmb8m-4073948133, networkLocation: /default-rack, certSerialId: null} reports an CLOSED replica.
2019-10-25 18:47:43,182 [EventQueue-ContainerReportForContainerReportHandler] WARN  container.ContainerReportHandler (AbstractContainerReportHandler.java:updateContainerState(145)) - Container #1 is in OPEN state, but the datanode 202d5f49-7963-4b43-9e61-5069c2030fd4{ip: 192.168.157.217, host: pr-hdds-2329-pipelines-rmb8m-4073948133, networkLocation: /default-rack, certSerialId: null} reports an CLOSED replica.
2019-10-25 18:47:43,293 [EventQueue-ContainerReportForContainerReportHandler] WARN  container.ContainerReportHandler (AbstractContainerReportHandler.java:updateContainerState(145)) - Container #1 is in OPEN state, but the datanode b2320d56-a737-47f4-81b1-3e8f0fb16133{ip: 192.168.157.217, host: pr-hdds-2329-pipelines-rmb8m-4073948133, networkLocation: /default-rack, certSerialId: null} reports an CLOSED replica.
2019-10-25 18:47:43,483 [EventQueue-ContainerReportForContainerReportHandler] WARN  container.ContainerReportHandler (AbstractContainerReportHandler.java:updateContainerState(145)) - Container #1 is in OPEN state, but the datanode 202d5f49-7963-4b43-9e61-5069c2030fd4{ip: 192.168.157.217, host: pr-hdds-2329-pipelines-rmb8m-4073948133, networkLocation: /default-rack, certSerialId: null} reports an CLOSED replica.
2019-10-25 18:47:43,694 [EventQueue-ContainerReportForContainerReportHandler] WARN  container.ContainerReportHandler (AbstractContainerReportHandler.java:updateContainerState(145)) - Container #1 is in OPEN state, but the datanode b2320d56-a737-47f4-81b1-3e8f0fb16133{ip: 192.168.157.217, host: pr-hdds-2329-pipelines-rmb8m-4073948133, networkLocation: /default-rack, certSerialId: null} reports an CLOSED replica.
2019-10-25 18:47:43,785 [EventQueue-ContainerReportForContainerReportHandler] WARN  container.ContainerReportHandler (AbstractContainerReportHandler.java:updateContainerState(145)) - Container #1 is in OPEN state, but the datanode 202d5f49-7963-4b43-9e61-5069c2030fd4{ip: 192.168.157.217, host: pr-hdds-2329-pipelines-rmb8m-4073948133, networkLocation: /default-rack, certSerialId: null} reports an CLOSED replica.
2019-10-25 18:47:43,889 [BlockDeletingService#2] WARN  background.BlockDeletingService (BlockDeletingService.java:isDeletionAllowed(187)) - Close Container log Index 6 is not replicated across allthe servers in the pipeline b56b2aa8-e60f-44f7-b396-643c12960ac7 as the min replicated index is 4. Deletion is not allowed in this container yet.
2019-10-25 18:47:43,889 [BlockDeletingService#2] WARN  background.BlockDeletingService (BlockDeletingService.java:isDeletionAllowed(187)) - Close Container log Index 6 is not replicated across allthe servers in the pipeline b56b2aa8-e60f-44f7-b396-643c12960ac7 as the min replicated index is 4. Deletion is not allowed in this container yet.
2019-10-25 18:47:43,993 [EventQueue-ContainerReportForContainerReportHandler] WARN  container.ContainerReportHandler (AbstractContainerReportHandler.java:updateContainerState(145)) - Container #1 is in OPEN state, but the datanode b2320d56-a737-47f4-81b1-3e8f0fb16133{ip: 192.168.157.217, host: pr-hdds-2329-pipelines-rmb8m-4073948133, networkLocation: /default-rack, certSerialId: null} reports an CLOSED replica.
2019-10-25 18:47:44,086 [EventQueue-ContainerReportForContainerReportHandler] WARN  container.ContainerReportHandler (AbstractContainerReportHandler.java:updateContainerState(145)) - Container #1 is in OPEN state, but the datanode 202d5f49-7963-4b43-9e61-5069c2030fd4{ip: 192.168.157.217, host: pr-hdds-2329-pipelines-rmb8m-4073948133, networkLocation: /default-rack, certSerialId: null} reports an CLOSED replica.
2019-10-25 18:47:44,220 [java.util.concurrent.ThreadPoolExecutor$Worker@4fc56e52[State = -1, empty queue]] WARN  server.GrpcLogAppender (GrpcLogAppender.java:timeoutAppendRequest(209)) - b2320d56-a737-47f4-81b1-3e8f0fb16133@group-643C12960AC7->90a9ce3a-0a5e-4de2-813a-4d04cb4d4ab9-GrpcLogAppender: appendEntries Timeout, request=b2320d56-a737-47f4-81b1-3e8f0fb16133->90a9ce3a-0a5e-4de2-813a-4d04cb4d4ab9#44-t3, previous=(t:3, i:10), leaderCommit=10, initializing? false, entries: <empty>
2019-10-25 18:47:44,386 [EventQueue-ContainerReportForContainerReportHandler] WARN  container.ContainerReportHandler (AbstractContainerReportHandler.java:updateContainerState(145)) - Container #1 is in OPEN state, but the datanode 202d5f49-7963-4b43-9e61-5069c2030fd4{ip: 192.168.157.217, host: pr-hdds-2329-pipelines-rmb8m-4073948133, networkLocation: /default-rack, certSerialId: null} reports an CLOSED replica.
2019-10-25 18:47:44,393 [EventQueue-ContainerReportForContainerReportHandler] WARN  container.ContainerReportHandler (AbstractContainerReportHandler.java:updateContainerState(145)) - Container #1 is in OPEN state, but the datanode b2320d56-a737-47f4-81b1-3e8f0fb16133{ip: 192.168.157.217, host: pr-hdds-2329-pipelines-rmb8m-4073948133, networkLocation: /default-rack, certSerialId: null} reports an CLOSED replica.
2019-10-25 18:47:44,593 [EventQueue-ContainerReportForContainerReportHandler] WARN  container.ContainerReportHandler (AbstractContainerReportHandler.java:updateContainerState(145)) - Container #1 is in OPEN state, but the datanode b2320d56-a737-47f4-81b1-3e8f0fb16133{ip: 192.168.157.217, host: pr-hdds-2329-pipelines-rmb8m-4073948133, networkLocation: /default-rack, certSerialId: null} reports an CLOSED replica.
2019-10-25 18:47:44,787 [EventQueue-ContainerReportForContainerReportHandler] WARN  container.ContainerReportHandler (AbstractContainerReportHandler.java:updateContainerState(145)) - Container #1 is in OPEN state, but the datanode 202d5f49-7963-4b43-9e61-5069c2030fd4{ip: 192.168.157.217, host: pr-hdds-2329-pipelines-rmb8m-4073948133, networkLocation: /default-rack, certSerialId: null} reports an CLOSED replica.
2019-10-25 18:47:44,891 [BlockDeletingService#2] WARN  background.BlockDeletingService (BlockDeletingService.java:isDeletionAllowed(187)) - Close Container log Index 6 is not replicated across allthe servers in the pipeline b56b2aa8-e60f-44f7-b396-643c12960ac7 as the min replicated index is 4. Deletion is not allowed in this container yet.
2019-10-25 18:47:44,891 [BlockDeletingService#2] WARN  background.BlockDeletingService (BlockDeletingService.java:isDeletionAllowed(187)) - Close Container log Index 6 is not replicated across allthe servers in the pipeline b56b2aa8-e60f-44f7-b396-643c12960ac7 as the min replicated index is 4. Deletion is not allowed in this container yet.
2019-10-25 18:47:44,893 [EventQueue-ContainerReportForContainerReportHandler] WARN  container.ContainerReportHandler (AbstractContainerReportHandler.java:updateContainerState(145)) - Container #1 is in OPEN state, but the datanode b2320d56-a737-47f4-81b1-3e8f0fb16133{ip: 192.168.157.217, host: pr-hdds-2329-pipelines-rmb8m-4073948133, networkLocation: /default-rack, certSerialId: null} reports an CLOSED replica.
2019-10-25 18:47:44,987 [EventQueue-ContainerReportForContainerReportHandler] WARN  container.ContainerReportHandler (AbstractContainerReportHandler.java:updateContainerState(145)) - Container #1 is in OPEN state, but the datanode 202d5f49-7963-4b43-9e61-5069c2030fd4{ip: 192.168.157.217, host: pr-hdds-2329-pipelines-rmb8m-4073948133, networkLocation: /default-rack, certSerialId: null} reports an CLOSED replica.
2019-10-25 18:47:45,187 [EventQueue-ContainerReportForContainerReportHandler] WARN  container.ContainerReportHandler (AbstractContainerReportHandler.java:updateContainerState(145)) - Container #1 is in OPEN state, but the datanode 202d5f49-7963-4b43-9e61-5069c2030fd4{ip: 192.168.157.217, host: pr-hdds-2329-pipelines-rmb8m-4073948133, networkLocation: /default-rack, certSerialId: null} reports an CLOSED replica.
2019-10-25 18:47:45,293 [EventQueue-ContainerReportForContainerReportHandler] WARN  container.ContainerReportHandler (AbstractContainerReportHandler.java:updateContainerState(145)) - Container #1 is in OPEN state, but the datanode b2320d56-a737-47f4-81b1-3e8f0fb16133{ip: 192.168.157.217, host: pr-hdds-2329-pipelines-rmb8m-4073948133, networkLocation: /default-rack, certSerialId: null} reports an CLOSED replica.
2019-10-25 18:47:45,487 [EventQueue-ContainerReportForContainerReportHandler] WARN  container.ContainerReportHandler (AbstractContainerReportHandler.java:updateContainerState(145)) - Container #1 is in OPEN state, but the datanode 202d5f49-7963-4b43-9e61-5069c2030fd4{ip: 192.168.157.217, host: pr-hdds-2329-pipelines-rmb8m-4073948133, networkLocation: /default-rack, certSerialId: null} reports an CLOSED replica.
2019-10-25 18:47:45,593 [EventQueue-ContainerReportForContainerReportHandler] WARN  container.ContainerReportHandler (AbstractContainerReportHandler.java:updateContainerState(145)) - Container #1 is in OPEN state, but the datanode b2320d56-a737-47f4-81b1-3e8f0fb16133{ip: 192.168.157.217, host: pr-hdds-2329-pipelines-rmb8m-4073948133, networkLocation: /default-rack, certSerialId: null} reports an CLOSED replica.
2019-10-25 18:47:45,789 [EventQueue-ContainerReportForContainerReportHandler] WARN  container.ContainerReportHandler (AbstractContainerReportHandler.java:updateContainerState(145)) - Container #1 is in OPEN state, but the datanode 202d5f49-7963-4b43-9e61-5069c2030fd4{ip: 192.168.157.217, host: pr-hdds-2329-pipelines-rmb8m-4073948133, networkLocation: /default-rack, certSerialId: null} reports an CLOSED replica.
2019-10-25 18:47:45,795 [EventQueue-ContainerReportForContainerReportHandler] WARN  container.ContainerReportHandler (AbstractContainerReportHandler.java:updateContainerState(145)) - Container #1 is in OPEN state, but the datanode b2320d56-a737-47f4-81b1-3e8f0fb16133{ip: 192.168.157.217, host: pr-hdds-2329-pipelines-rmb8m-4073948133, networkLocation: /default-rack, certSerialId: null} reports an CLOSED replica.
2019-10-25 18:47:45,893 [BlockDeletingService#2] WARN  background.BlockDeletingService (BlockDeletingService.java:isDeletionAllowed(187)) - Close Container log Index 6 is not replicated across allthe servers in the pipeline b56b2aa8-e60f-44f7-b396-643c12960ac7 as the min replicated index is 4. Deletion is not allowed in this container yet.
2019-10-25 18:47:45,893 [BlockDeletingService#2] WARN  background.BlockDeletingService (BlockDeletingService.java:isDeletionAllowed(187)) - Close Container log Index 6 is not replicated across allthe servers in the pipeline b56b2aa8-e60f-44f7-b396-643c12960ac7 as the min replicated index is 4. Deletion is not allowed in this container yet.
2019-10-25 18:47:45,990 [EventQueue-ContainerReportForContainerReportHandler] WARN  container.ContainerReportHandler (AbstractContainerReportHandler.java:updateContainerState(145)) - Container #1 is in OPEN state, but the datanode 202d5f49-7963-4b43-9e61-5069c2030fd4{ip: 192.168.157.217, host: pr-hdds-2329-pipelines-rmb8m-4073948133, networkLocation: /default-rack, certSerialId: null} reports an CLOSED replica.
2019-10-25 18:47:46,096 [EventQueue-ContainerReportForContainerReportHandler] WARN  container.ContainerReportHandler (AbstractContainerReportHandler.java:updateContainerState(145)) - Container #1 is in OPEN state, but the datanode b2320d56-a737-47f4-81b1-3e8f0fb16133{ip: 192.168.157.217, host: pr-hdds-2329-pipelines-rmb8m-4073948133, networkLocation: /default-rack, certSerialId: null} reports an CLOSED replica.
2019-10-25 18:47:46,392 [EventQueue-ContainerReportForContainerReportHandler] WARN  container.ContainerReportHandler (AbstractContainerReportHandler.java:updateContainerState(145)) - Container #1 is in OPEN state, but the datanode 202d5f49-7963-4b43-9e61-5069c2030fd4{ip: 192.168.157.217, host: pr-hdds-2329-pipelines-rmb8m-4073948133, networkLocation: /default-rack, certSerialId: null} reports an CLOSED replica.
2019-10-25 18:47:46,396 [EventQueue-ContainerReportForContainerReportHandler] WARN  container.ContainerReportHandler (AbstractContainerReportHandler.java:updateContainerState(145)) - Container #1 is in OPEN state, but the datanode b2320d56-a737-47f4-81b1-3e8f0fb16133{ip: 192.168.157.217, host: pr-hdds-2329-pipelines-rmb8m-4073948133, networkLocation: /default-rack, certSerialId: null} reports an CLOSED replica.
2019-10-25 18:47:46,692 [EventQueue-ContainerReportForContainerReportHandler] WARN  container.ContainerReportHandler (AbstractContainerReportHandler.java:updateContainerState(145)) - Container #1 is in OPEN state, but the datanode 202d5f49-7963-4b43-9e61-5069c2030fd4{ip: 192.168.157.217, host: pr-hdds-2329-pipelines-rmb8m-4073948133, networkLocation: /default-rack, certSerialId: null} reports an CLOSED replica.
2019-10-25 18:47:46,696 [EventQueue-ContainerReportForContainerReportHandler] WARN  container.ContainerReportHandler (AbstractContainerReportHandler.java:updateContainerState(145)) - Container #1 is in OPEN state, but the datanode b2320d56-a737-47f4-81b1-3e8f0fb16133{ip: 192.168.157.217, host: pr-hdds-2329-pipelines-rmb8m-4073948133, networkLocation: /default-rack, certSerialId: null} reports an CLOSED replica.
2019-10-25 18:47:46,723 [java.util.concurrent.ThreadPoolExecutor$Worker@4fc56e52[State = -1, empty queue]] WARN  server.GrpcLogAppender (GrpcLogAppender.java:timeoutAppendRequest(209)) - b2320d56-a737-47f4-81b1-3e8f0fb16133@group-643C12960AC7->90a9ce3a-0a5e-4de2-813a-4d04cb4d4ab9-GrpcLogAppender: appendEntries Timeout, request=b2320d56-a737-47f4-81b1-3e8f0fb16133->90a9ce3a-0a5e-4de2-813a-4d04cb4d4ab9#45-t3, previous=(t:3, i:10), leaderCommit=10, initializing? false, entries: <empty>
2019-10-25 18:47:46,896 [BlockDeletingService#2] WARN  background.BlockDeletingService (BlockDeletingService.java:isDeletionAllowed(187)) - Close Container log Index 6 is not replicated across allthe servers in the pipeline b56b2aa8-e60f-44f7-b396-643c12960ac7 as the min replicated index is 4. Deletion is not allowed in this container yet.
2019-10-25 18:47:46,896 [BlockDeletingService#2] WARN  background.BlockDeletingService (BlockDeletingService.java:isDeletionAllowed(187)) - Close Container log Index 6 is not replicated across allthe servers in the pipeline b56b2aa8-e60f-44f7-b396-643c12960ac7 as the min replicated index is 4. Deletion is not allowed in this container yet.
2019-10-25 18:47:46,993 [EventQueue-ContainerReportForContainerReportHandler] WARN  container.ContainerReportHandler (AbstractContainerReportHandler.java:updateContainerState(145)) - Container #1 is in OPEN state, but the datanode 202d5f49-7963-4b43-9e61-5069c2030fd4{ip: 192.168.157.217, host: pr-hdds-2329-pipelines-rmb8m-4073948133, networkLocation: /default-rack, certSerialId: null} reports an CLOSED replica.
2019-10-25 18:47:46,996 [EventQueue-ContainerReportForContainerReportHandler] WARN  container.ContainerReportHandler (AbstractContainerReportHandler.java:updateContainerState(145)) - Container #1 is in OPEN state, but the datanode b2320d56-a737-47f4-81b1-3e8f0fb16133{ip: 192.168.157.217, host: pr-hdds-2329-pipelines-rmb8m-4073948133, networkLocation: /default-rack, certSerialId: null} reports an CLOSED replica.
2019-10-25 18:47:47,293 [EventQueue-ContainerReportForContainerReportHandler] WARN  container.ContainerReportHandler (AbstractContainerReportHandler.java:updateContainerState(145)) - Container #1 is in OPEN state, but the datanode 202d5f49-7963-4b43-9e61-5069c2030fd4{ip: 192.168.157.217, host: pr-hdds-2329-pipelines-rmb8m-4073948133, networkLocation: /default-rack, certSerialId: null} reports an CLOSED replica.
2019-10-25 18:47:47,296 [EventQueue-ContainerReportForContainerReportHandler] WARN  container.ContainerReportHandler (AbstractContainerReportHandler.java:updateContainerState(145)) - Container #1 is in OPEN state, but the datanode b2320d56-a737-47f4-81b1-3e8f0fb16133{ip: 192.168.157.217, host: pr-hdds-2329-pipelines-rmb8m-4073948133, networkLocation: /default-rack, certSerialId: null} reports an CLOSED replica.
2019-10-25 18:47:47,593 [EventQueue-ContainerReportForContainerReportHandler] WARN  container.ContainerReportHandler (AbstractContainerReportHandler.java:updateContainerState(145)) - Container #1 is in OPEN state, but the datanode 202d5f49-7963-4b43-9e61-5069c2030fd4{ip: 192.168.157.217, host: pr-hdds-2329-pipelines-rmb8m-4073948133, networkLocation: /default-rack, certSerialId: null} reports an CLOSED replica.
2019-10-25 18:47:47,695 [EventQueue-ContainerReportForContainerReportHandler] WARN  container.ContainerReportHandler (AbstractContainerReportHandler.java:updateContainerState(145)) - Container #1 is in OPEN state, but the datanode b2320d56-a737-47f4-81b1-3e8f0fb16133{ip: 192.168.157.217, host: pr-hdds-2329-pipelines-rmb8m-4073948133, networkLocation: /default-rack, certSerialId: null} reports an CLOSED replica.
2019-10-25 18:47:47,871 [Thread-532] INFO  client.GrpcClientProtocolService (GrpcClientProtocolService.java:lambda$processClientRequest$0(279)) - Failed RaftClientRequest:client-85E8A1575A11->202d5f49-7963-4b43-9e61-5069c2030fd4@group-643C12960AC7, cid=10, seq=0, Watch-ALL_COMMITTED(6), Message:<EMPTY>, reply=RaftClientReply:client-85E8A1575A11->202d5f49-7963-4b43-9e61-5069c2030fd4@group-643C12960AC7, cid=10, FAILED org.apache.ratis.protocol.NotLeaderException: Server 202d5f49-7963-4b43-9e61-5069c2030fd4@group-643C12960AC7 is not the leader b2320d56-a737-47f4-81b1-3e8f0fb16133:192.168.157.217:40923, logIndex=0, commits[202d5f49-7963-4b43-9e61-5069c2030fd4:c10, b2320d56-a737-47f4-81b1-3e8f0fb16133:c10, 90a9ce3a-0a5e-4de2-813a-4d04cb4d4ab9:c4]
2019-10-25 18:47:47,892 [EventQueue-ContainerReportForContainerReportHandler] WARN  container.ContainerReportHandler (AbstractContainerReportHandler.java:updateContainerState(145)) - Container #1 is in OPEN state, but the datanode 202d5f49-7963-4b43-9e61-5069c2030fd4{ip: 192.168.157.217, host: pr-hdds-2329-pipelines-rmb8m-4073948133, networkLocation: /default-rack, certSerialId: null} reports an CLOSED replica.
2019-10-25 18:47:47,898 [BlockDeletingService#2] WARN  background.BlockDeletingService (BlockDeletingService.java:isDeletionAllowed(187)) - Close Container log Index 6 is not replicated across allthe servers in the pipeline b56b2aa8-e60f-44f7-b396-643c12960ac7 as the min replicated index is 4. Deletion is not allowed in this container yet.
2019-10-25 18:47:47,898 [BlockDeletingService#2] WARN  background.BlockDeletingService (BlockDeletingService.java:isDeletionAllowed(187)) - Close Container log Index 6 is not replicated across allthe servers in the pipeline b56b2aa8-e60f-44f7-b396-643c12960ac7 as the min replicated index is 4. Deletion is not allowed in this container yet.
2019-10-25 18:47:48,096 [EventQueue-ContainerReportForContainerReportHandler] WARN  container.ContainerReportHandler (AbstractContainerReportHandler.java:updateContainerState(145)) - Container #1 is in OPEN state, but the datanode b2320d56-a737-47f4-81b1-3e8f0fb16133{ip: 192.168.157.217, host: pr-hdds-2329-pipelines-rmb8m-4073948133, networkLocation: /default-rack, certSerialId: null} reports an CLOSED replica.
2019-10-25 18:47:48,192 [EventQueue-ContainerReportForContainerReportHandler] WARN  container.ContainerReportHandler (AbstractContainerReportHandler.java:updateContainerState(145)) - Container #1 is in OPEN state, but the datanode 202d5f49-7963-4b43-9e61-5069c2030fd4{ip: 192.168.157.217, host: pr-hdds-2329-pipelines-rmb8m-4073948133, networkLocation: /default-rack, certSerialId: null} reports an CLOSED replica.
2019-10-25 18:47:48,297 [EventQueue-ContainerReportForContainerReportHandler] WARN  container.ContainerReportHandler (AbstractContainerReportHandler.java:updateContainerState(145)) - Container #1 is in OPEN state, but the datanode b2320d56-a737-47f4-81b1-3e8f0fb16133{ip: 192.168.157.217, host: pr-hdds-2329-pipelines-rmb8m-4073948133, networkLocation: /default-rack, certSerialId: null} reports an CLOSED replica.
2019-10-25 18:47:48,592 [EventQueue-ContainerReportForContainerReportHandler] WARN  container.ContainerReportHandler (AbstractContainerReportHandler.java:updateContainerState(145)) - Container #1 is in OPEN state, but the datanode 202d5f49-7963-4b43-9e61-5069c2030fd4{ip: 192.168.157.217, host: pr-hdds-2329-pipelines-rmb8m-4073948133, networkLocation: /default-rack, certSerialId: null} reports an CLOSED replica.
2019-10-25 18:47:48,597 [EventQueue-ContainerReportForContainerReportHandler] WARN  container.ContainerReportHandler (AbstractContainerReportHandler.java:updateContainerState(145)) - Container #1 is in OPEN state, but the datanode b2320d56-a737-47f4-81b1-3e8f0fb16133{ip: 192.168.157.217, host: pr-hdds-2329-pipelines-rmb8m-4073948133, networkLocation: /default-rack, certSerialId: null} reports an CLOSED replica.
2019-10-25 18:47:48,792 [EventQueue-ContainerReportForContainerReportHandler] WARN  container.ContainerReportHandler (AbstractContainerReportHandler.java:updateContainerState(145)) - Container #1 is in OPEN state, but the datanode 202d5f49-7963-4b43-9e61-5069c2030fd4{ip: 192.168.157.217, host: pr-hdds-2329-pipelines-rmb8m-4073948133, networkLocation: /default-rack, certSerialId: null} reports an CLOSED replica.
2019-10-25 18:47:48,901 [BlockDeletingService#2] WARN  background.BlockDeletingService (BlockDeletingService.java:isDeletionAllowed(187)) - Close Container log Index 6 is not replicated across allthe servers in the pipeline b56b2aa8-e60f-44f7-b396-643c12960ac7 as the min replicated index is 4. Deletion is not allowed in this container yet.
2019-10-25 18:47:48,901 [BlockDeletingService#2] WARN  background.BlockDeletingService (BlockDeletingService.java:isDeletionAllowed(187)) - Close Container log Index 6 is not replicated across allthe servers in the pipeline b56b2aa8-e60f-44f7-b396-643c12960ac7 as the min replicated index is 4. Deletion is not allowed in this container yet.
2019-10-25 18:47:48,999 [EventQueue-ContainerReportForContainerReportHandler] WARN  container.ContainerReportHandler (AbstractContainerReportHandler.java:updateContainerState(145)) - Container #1 is in OPEN state, but the datanode b2320d56-a737-47f4-81b1-3e8f0fb16133{ip: 192.168.157.217, host: pr-hdds-2329-pipelines-rmb8m-4073948133, networkLocation: /default-rack, certSerialId: null} reports an CLOSED replica.
2019-10-25 18:47:49,193 [EventQueue-ContainerReportForContainerReportHandler] WARN  container.ContainerReportHandler (AbstractContainerReportHandler.java:updateContainerState(145)) - Container #1 is in OPEN state, but the datanode 202d5f49-7963-4b43-9e61-5069c2030fd4{ip: 192.168.157.217, host: pr-hdds-2329-pipelines-rmb8m-4073948133, networkLocation: /default-rack, certSerialId: null} reports an CLOSED replica.
2019-10-25 18:47:49,223 [java.util.concurrent.ThreadPoolExecutor$Worker@4fc56e52[State = -1, empty queue]] WARN  server.GrpcLogAppender (GrpcLogAppender.java:timeoutAppendRequest(209)) - b2320d56-a737-47f4-81b1-3e8f0fb16133@group-643C12960AC7->90a9ce3a-0a5e-4de2-813a-4d04cb4d4ab9-GrpcLogAppender: appendEntries Timeout, request=b2320d56-a737-47f4-81b1-3e8f0fb16133->90a9ce3a-0a5e-4de2-813a-4d04cb4d4ab9#46-t3, previous=(t:3, i:10), leaderCommit=10, initializing? false, entries: <empty>
2019-10-25 18:47:49,299 [EventQueue-ContainerReportForContainerReportHandler] WARN  container.ContainerReportHandler (AbstractContainerReportHandler.java:updateContainerState(145)) - Container #1 is in OPEN state, but the datanode b2320d56-a737-47f4-81b1-3e8f0fb16133{ip: 192.168.157.217, host: pr-hdds-2329-pipelines-rmb8m-4073948133, networkLocation: /default-rack, certSerialId: null} reports an CLOSED replica.
2019-10-25 18:47:49,494 [EventQueue-ContainerReportForContainerReportHandler] WARN  container.ContainerReportHandler (AbstractContainerReportHandler.java:updateContainerState(145)) - Container #1 is in OPEN state, but the datanode 202d5f49-7963-4b43-9e61-5069c2030fd4{ip: 192.168.157.217, host: pr-hdds-2329-pipelines-rmb8m-4073948133, networkLocation: /default-rack, certSerialId: null} reports an CLOSED replica.
2019-10-25 18:47:49,584 [Thread-540] INFO  client.GrpcClientProtocolService (GrpcClientProtocolService.java:lambda$processClientRequest$0(279)) - Failed RaftClientRequest:client-85E8A1575A11->b2320d56-a737-47f4-81b1-3e8f0fb16133@group-643C12960AC7, cid=10, seq=0, Watch-ALL_COMMITTED(6), Message:<EMPTY>, reply=RaftClientReply:client-85E8A1575A11->b2320d56-a737-47f4-81b1-3e8f0fb16133@group-643C12960AC7, cid=10, FAILED org.apache.ratis.protocol.NotReplicatedException: Request with call Id 10 and log index 6 is not yet replicated to ALL_COMMITTED, logIndex=6, commits[b2320d56-a737-47f4-81b1-3e8f0fb16133:c10, 202d5f49-7963-4b43-9e61-5069c2030fd4:c10, 90a9ce3a-0a5e-4de2-813a-4d04cb4d4ab9:c4]
2019-10-25 18:47:49,599 [EventQueue-ContainerReportForContainerReportHandler] WARN  container.ContainerReportHandler (AbstractContainerReportHandler.java:updateContainerState(145)) - Container #1 is in OPEN state, but the datanode b2320d56-a737-47f4-81b1-3e8f0fb16133{ip: 192.168.157.217, host: pr-hdds-2329-pipelines-rmb8m-4073948133, networkLocation: /default-rack, certSerialId: null} reports an CLOSED replica.
2019-10-25 18:47:49,694 [EventQueue-ContainerReportForContainerReportHandler] WARN  container.ContainerReportHandler (AbstractContainerReportHandler.java:updateContainerState(145)) - Container #1 is in OPEN state, but the datanode 202d5f49-7963-4b43-9e61-5069c2030fd4{ip: 192.168.157.217, host: pr-hdds-2329-pipelines-rmb8m-4073948133, networkLocation: /default-rack, certSerialId: null} reports an CLOSED replica.
2019-10-25 18:47:49,901 [EventQueue-ContainerReportForContainerReportHandler] WARN  container.ContainerReportHandler (AbstractContainerReportHandler.java:updateContainerState(145)) - Container #1 is in OPEN state, but the datanode b2320d56-a737-47f4-81b1-3e8f0fb16133{ip: 192.168.157.217, host: pr-hdds-2329-pipelines-rmb8m-4073948133, networkLocation: /default-rack, certSerialId: null} reports an CLOSED replica.
2019-10-25 18:47:49,902 [BlockDeletingService#2] WARN  background.BlockDeletingService (BlockDeletingService.java:isDeletionAllowed(187)) - Close Container log Index 6 is not replicated across allthe servers in the pipeline b56b2aa8-e60f-44f7-b396-643c12960ac7 as the min replicated index is 4. Deletion is not allowed in this container yet.
2019-10-25 18:47:49,903 [BlockDeletingService#2] WARN  background.BlockDeletingService (BlockDeletingService.java:isDeletionAllowed(187)) - Close Container log Index 6 is not replicated across allthe servers in the pipeline b56b2aa8-e60f-44f7-b396-643c12960ac7 as the min replicated index is 4. Deletion is not allowed in this container yet.
2019-10-25 18:47:50,094 [EventQueue-ContainerReportForContainerReportHandler] WARN  container.ContainerReportHandler (AbstractContainerReportHandler.java:updateContainerState(145)) - Container #1 is in OPEN state, but the datanode 202d5f49-7963-4b43-9e61-5069c2030fd4{ip: 192.168.157.217, host: pr-hdds-2329-pipelines-rmb8m-4073948133, networkLocation: /default-rack, certSerialId: null} reports an CLOSED replica.
2019-10-25 18:47:50,101 [EventQueue-ContainerReportForContainerReportHandler] WARN  container.ContainerReportHandler (AbstractContainerReportHandler.java:updateContainerState(145)) - Container #1 is in OPEN state, but the datanode b2320d56-a737-47f4-81b1-3e8f0fb16133{ip: 192.168.157.217, host: pr-hdds-2329-pipelines-rmb8m-4073948133, networkLocation: /default-rack, certSerialId: null} reports an CLOSED replica.
2019-10-25 18:47:50,294 [EventQueue-ContainerReportForContainerReportHandler] WARN  container.ContainerReportHandler (AbstractContainerReportHandler.java:updateContainerState(145)) - Container #1 is in OPEN state, but the datanode 202d5f49-7963-4b43-9e61-5069c2030fd4{ip: 192.168.157.217, host: pr-hdds-2329-pipelines-rmb8m-4073948133, networkLocation: /default-rack, certSerialId: null} reports an CLOSED replica.
2019-10-25 18:47:50,501 [EventQueue-ContainerReportForContainerReportHandler] WARN  container.ContainerReportHandler (AbstractContainerReportHandler.java:updateContainerState(145)) - Container #1 is in OPEN state, but the datanode b2320d56-a737-47f4-81b1-3e8f0fb16133{ip: 192.168.157.217, host: pr-hdds-2329-pipelines-rmb8m-4073948133, networkLocation: /default-rack, certSerialId: null} reports an CLOSED replica.
2019-10-25 18:47:50,594 [EventQueue-ContainerReportForContainerReportHandler] WARN  container.ContainerReportHandler (AbstractContainerReportHandler.java:updateContainerState(145)) - Container #1 is in OPEN state, but the datanode 202d5f49-7963-4b43-9e61-5069c2030fd4{ip: 192.168.157.217, host: pr-hdds-2329-pipelines-rmb8m-4073948133, networkLocation: /default-rack, certSerialId: null} reports an CLOSED replica.
2019-10-25 18:47:50,894 [EventQueue-ContainerReportForContainerReportHandler] WARN  container.ContainerReportHandler (AbstractContainerReportHandler.java:updateContainerState(145)) - Container #1 is in OPEN state, but the datanode 202d5f49-7963-4b43-9e61-5069c2030fd4{ip: 192.168.157.217, host: pr-hdds-2329-pipelines-rmb8m-4073948133, networkLocation: /default-rack, certSerialId: null} reports an CLOSED replica.
2019-10-25 18:47:50,902 [EventQueue-ContainerReportForContainerReportHandler] WARN  container.ContainerReportHandler (AbstractContainerReportHandler.java:updateContainerState(145)) - Container #1 is in OPEN state, but the datanode b2320d56-a737-47f4-81b1-3e8f0fb16133{ip: 192.168.157.217, host: pr-hdds-2329-pipelines-rmb8m-4073948133, networkLocation: /default-rack, certSerialId: null} reports an CLOSED replica.
2019-10-25 18:47:50,904 [BlockDeletingService#2] WARN  background.BlockDeletingService (BlockDeletingService.java:isDeletionAllowed(187)) - Close Container log Index 6 is not replicated across allthe servers in the pipeline b56b2aa8-e60f-44f7-b396-643c12960ac7 as the min replicated index is 4. Deletion is not allowed in this container yet.
2019-10-25 18:47:50,904 [BlockDeletingService#2] WARN  background.BlockDeletingService (BlockDeletingService.java:isDeletionAllowed(187)) - Close Container log Index 6 is not replicated across allthe servers in the pipeline b56b2aa8-e60f-44f7-b396-643c12960ac7 as the min replicated index is 4. Deletion is not allowed in this container yet.
2019-10-25 18:47:51,195 [EventQueue-ContainerReportForContainerReportHandler] WARN  container.ContainerReportHandler (AbstractContainerReportHandler.java:updateContainerState(145)) - Container #1 is in OPEN state, but the datanode 202d5f49-7963-4b43-9e61-5069c2030fd4{ip: 192.168.157.217, host: pr-hdds-2329-pipelines-rmb8m-4073948133, networkLocation: /default-rack, certSerialId: null} reports an CLOSED replica.
2019-10-25 18:47:51,202 [EventQueue-ContainerReportForContainerReportHandler] WARN  container.ContainerReportHandler (AbstractContainerReportHandler.java:updateContainerState(145)) - Container #1 is in OPEN state, but the datanode b2320d56-a737-47f4-81b1-3e8f0fb16133{ip: 192.168.157.217, host: pr-hdds-2329-pipelines-rmb8m-4073948133, networkLocation: /default-rack, certSerialId: null} reports an CLOSED replica.
2019-10-25 18:47:51,394 [EventQueue-ContainerReportForContainerReportHandler] WARN  container.ContainerReportHandler (AbstractContainerReportHandler.java:updateContainerState(145)) - Container #1 is in OPEN state, but the datanode 202d5f49-7963-4b43-9e61-5069c2030fd4{ip: 192.168.157.217, host: pr-hdds-2329-pipelines-rmb8m-4073948133, networkLocation: /default-rack, certSerialId: null} reports an CLOSED replica.
2019-10-25 18:47:51,501 [EventQueue-ContainerReportForContainerReportHandler] WARN  container.ContainerReportHandler (AbstractContainerReportHandler.java:updateContainerState(145)) - Container #1 is in OPEN state, but the datanode b2320d56-a737-47f4-81b1-3e8f0fb16133{ip: 192.168.157.217, host: pr-hdds-2329-pipelines-rmb8m-4073948133, networkLocation: /default-rack, certSerialId: null} reports an CLOSED replica.
2019-10-25 18:47:51,594 [EventQueue-ContainerReportForContainerReportHandler] WARN  container.ContainerReportHandler (AbstractContainerReportHandler.java:updateContainerState(145)) - Container #1 is in OPEN state, but the datanode 202d5f49-7963-4b43-9e61-5069c2030fd4{ip: 192.168.157.217, host: pr-hdds-2329-pipelines-rmb8m-4073948133, networkLocation: /default-rack, certSerialId: null} reports an CLOSED replica.
2019-10-25 18:47:51,724 [java.util.concurrent.ThreadPoolExecutor$Worker@4fc56e52[State = -1, empty queue]] WARN  server.GrpcLogAppender (GrpcLogAppender.java:timeoutAppendRequest(209)) - b2320d56-a737-47f4-81b1-3e8f0fb16133@group-643C12960AC7->90a9ce3a-0a5e-4de2-813a-4d04cb4d4ab9-GrpcLogAppender: appendEntries Timeout, request=b2320d56-a737-47f4-81b1-3e8f0fb16133->90a9ce3a-0a5e-4de2-813a-4d04cb4d4ab9#47-t3, previous=(t:3, i:10), leaderCommit=10, initializing? false, entries: <empty>
2019-10-25 18:47:51,802 [EventQueue-ContainerReportForContainerReportHandler] WARN  container.ContainerReportHandler (AbstractContainerReportHandler.java:updateContainerState(145)) - Container #1 is in OPEN state, but the datanode b2320d56-a737-47f4-81b1-3e8f0fb16133{ip: 192.168.157.217, host: pr-hdds-2329-pipelines-rmb8m-4073948133, networkLocation: /default-rack, certSerialId: null} reports an CLOSED replica.
2019-10-25 18:47:51,896 [EventQueue-ContainerReportForContainerReportHandler] WARN  container.ContainerReportHandler (AbstractContainerReportHandler.java:updateContainerState(145)) - Container #1 is in OPEN state, but the datanode 202d5f49-7963-4b43-9e61-5069c2030fd4{ip: 192.168.157.217, host: pr-hdds-2329-pipelines-rmb8m-4073948133, networkLocation: /default-rack, certSerialId: null} reports an CLOSED replica.
2019-10-25 18:47:51,907 [BlockDeletingService#2] WARN  background.BlockDeletingService (BlockDeletingService.java:isDeletionAllowed(187)) - Close Container log Index 6 is not replicated across allthe servers in the pipeline b56b2aa8-e60f-44f7-b396-643c12960ac7 as the min replicated index is 4. Deletion is not allowed in this container yet.
2019-10-25 18:47:51,907 [BlockDeletingService#2] WARN  background.BlockDeletingService (BlockDeletingService.java:isDeletionAllowed(187)) - Close Container log Index 6 is not replicated across allthe servers in the pipeline b56b2aa8-e60f-44f7-b396-643c12960ac7 as the min replicated index is 4. Deletion is not allowed in this container yet.
2019-10-25 18:47:52,102 [EventQueue-ContainerReportForContainerReportHandler] WARN  container.ContainerReportHandler (AbstractContainerReportHandler.java:updateContainerState(145)) - Container #1 is in OPEN state, but the datanode b2320d56-a737-47f4-81b1-3e8f0fb16133{ip: 192.168.157.217, host: pr-hdds-2329-pipelines-rmb8m-4073948133, networkLocation: /default-rack, certSerialId: null} reports an CLOSED replica.
2019-10-25 18:47:52,196 [EventQueue-ContainerReportForContainerReportHandler] WARN  container.ContainerReportHandler (AbstractContainerReportHandler.java:updateContainerState(145)) - Container #1 is in OPEN state, but the datanode 202d5f49-7963-4b43-9e61-5069c2030fd4{ip: 192.168.157.217, host: pr-hdds-2329-pipelines-rmb8m-4073948133, networkLocation: /default-rack, certSerialId: null} reports an CLOSED replica.
2019-10-25 18:47:52,402 [EventQueue-ContainerReportForContainerReportHandler] WARN  container.ContainerReportHandler (AbstractContainerReportHandler.java:updateContainerState(145)) - Container #1 is in OPEN state, but the datanode b2320d56-a737-47f4-81b1-3e8f0fb16133{ip: 192.168.157.217, host: pr-hdds-2329-pipelines-rmb8m-4073948133, networkLocation: /default-rack, certSerialId: null} reports an CLOSED replica.
2019-10-25 18:47:52,496 [EventQueue-ContainerReportForContainerReportHandler] WARN  container.ContainerReportHandler (AbstractContainerReportHandler.java:updateContainerState(145)) - Container #1 is in OPEN state, but the datanode 202d5f49-7963-4b43-9e61-5069c2030fd4{ip: 192.168.157.217, host: pr-hdds-2329-pipelines-rmb8m-4073948133, networkLocation: /default-rack, certSerialId: null} reports an CLOSED replica.
2019-10-25 18:47:52,602 [EventQueue-ContainerReportForContainerReportHandler] WARN  container.ContainerReportHandler (AbstractContainerReportHandler.java:updateContainerState(145)) - Container #1 is in OPEN state, but the datanode b2320d56-a737-47f4-81b1-3e8f0fb16133{ip: 192.168.157.217, host: pr-hdds-2329-pipelines-rmb8m-4073948133, networkLocation: /default-rack, certSerialId: null} reports an CLOSED replica.
2019-10-25 18:47:52,803 [EventQueue-ContainerReportForContainerReportHandler] WARN  container.ContainerReportHandler (AbstractContainerReportHandler.java:updateContainerState(145)) - Container #1 is in OPEN state, but the datanode b2320d56-a737-47f4-81b1-3e8f0fb16133{ip: 192.168.157.217, host: pr-hdds-2329-pipelines-rmb8m-4073948133, networkLocation: /default-rack, certSerialId: null} reports an CLOSED replica.
2019-10-25 18:47:52,896 [EventQueue-ContainerReportForContainerReportHandler] WARN  container.ContainerReportHandler (AbstractContainerReportHandler.java:updateContainerState(145)) - Container #1 is in OPEN state, but the datanode 202d5f49-7963-4b43-9e61-5069c2030fd4{ip: 192.168.157.217, host: pr-hdds-2329-pipelines-rmb8m-4073948133, networkLocation: /default-rack, certSerialId: null} reports an CLOSED replica.
2019-10-25 18:47:52,909 [BlockDeletingService#2] WARN  background.BlockDeletingService (BlockDeletingService.java:isDeletionAllowed(187)) - Close Container log Index 6 is not replicated across allthe servers in the pipeline b56b2aa8-e60f-44f7-b396-643c12960ac7 as the min replicated index is 4. Deletion is not allowed in this container yet.
2019-10-25 18:47:52,909 [BlockDeletingService#2] WARN  background.BlockDeletingService (BlockDeletingService.java:isDeletionAllowed(187)) - Close Container log Index 6 is not replicated across allthe servers in the pipeline b56b2aa8-e60f-44f7-b396-643c12960ac7 as the min replicated index is 4. Deletion is not allowed in this container yet.
2019-10-25 18:47:53,096 [EventQueue-ContainerReportForContainerReportHandler] WARN  container.ContainerReportHandler (AbstractContainerReportHandler.java:updateContainerState(145)) - Container #1 is in OPEN state, but the datanode 202d5f49-7963-4b43-9e61-5069c2030fd4{ip: 192.168.157.217, host: pr-hdds-2329-pipelines-rmb8m-4073948133, networkLocation: /default-rack, certSerialId: null} reports an CLOSED replica.
2019-10-25 18:47:53,204 [EventQueue-ContainerReportForContainerReportHandler] WARN  container.ContainerReportHandler (AbstractContainerReportHandler.java:updateContainerState(145)) - Container #1 is in OPEN state, but the datanode b2320d56-a737-47f4-81b1-3e8f0fb16133{ip: 192.168.157.217, host: pr-hdds-2329-pipelines-rmb8m-4073948133, networkLocation: /default-rack, certSerialId: null} reports an CLOSED replica.
2019-10-25 18:47:53,496 [EventQueue-ContainerReportForContainerReportHandler] WARN  container.ContainerReportHandler (AbstractContainerReportHandler.java:updateContainerState(145)) - Container #1 is in OPEN state, but the datanode 202d5f49-7963-4b43-9e61-5069c2030fd4{ip: 192.168.157.217, host: pr-hdds-2329-pipelines-rmb8m-4073948133, networkLocation: /default-rack, certSerialId: null} reports an CLOSED replica.
2019-10-25 18:47:53,604 [EventQueue-ContainerReportForContainerReportHandler] WARN  container.ContainerReportHandler (AbstractContainerReportHandler.java:updateContainerState(145)) - Container #1 is in OPEN state, but the datanode b2320d56-a737-47f4-81b1-3e8f0fb16133{ip: 192.168.157.217, host: pr-hdds-2329-pipelines-rmb8m-4073948133, networkLocation: /default-rack, certSerialId: null} reports an CLOSED replica.
2019-10-25 18:47:53,898 [EventQueue-ContainerReportForContainerReportHandler] WARN  container.ContainerReportHandler (AbstractContainerReportHandler.java:updateContainerState(145)) - Container #1 is in OPEN state, but the datanode 202d5f49-7963-4b43-9e61-5069c2030fd4{ip: 192.168.157.217, host: pr-hdds-2329-pipelines-rmb8m-4073948133, networkLocation: /default-rack, certSerialId: null} reports an CLOSED replica.
2019-10-25 18:47:53,904 [EventQueue-ContainerReportForContainerReportHandler] WARN  container.ContainerReportHandler (AbstractContainerReportHandler.java:updateContainerState(145)) - Container #1 is in OPEN state, but the datanode b2320d56-a737-47f4-81b1-3e8f0fb16133{ip: 192.168.157.217, host: pr-hdds-2329-pipelines-rmb8m-4073948133, networkLocation: /default-rack, certSerialId: null} reports an CLOSED replica.
2019-10-25 18:47:53,911 [BlockDeletingService#2] WARN  background.BlockDeletingService (BlockDeletingService.java:isDeletionAllowed(187)) - Close Container log Index 6 is not replicated across allthe servers in the pipeline b56b2aa8-e60f-44f7-b396-643c12960ac7 as the min replicated index is 4. Deletion is not allowed in this container yet.
2019-10-25 18:47:53,911 [BlockDeletingService#2] WARN  background.BlockDeletingService (BlockDeletingService.java:isDeletionAllowed(187)) - Close Container log Index 6 is not replicated across allthe servers in the pipeline b56b2aa8-e60f-44f7-b396-643c12960ac7 as the min replicated index is 4. Deletion is not allowed in this container yet.
2019-10-25 18:47:54,096 [EventQueue-ContainerReportForContainerReportHandler] WARN  container.ContainerReportHandler (AbstractContainerReportHandler.java:updateContainerState(145)) - Container #1 is in OPEN state, but the datanode 202d5f49-7963-4b43-9e61-5069c2030fd4{ip: 192.168.157.217, host: pr-hdds-2329-pipelines-rmb8m-4073948133, networkLocation: /default-rack, certSerialId: null} reports an CLOSED replica.
2019-10-25 18:47:54,104 [EventQueue-ContainerReportForContainerReportHandler] WARN  container.ContainerReportHandler (AbstractContainerReportHandler.java:updateContainerState(145)) - Container #1 is in OPEN state, but the datanode b2320d56-a737-47f4-81b1-3e8f0fb16133{ip: 192.168.157.217, host: pr-hdds-2329-pipelines-rmb8m-4073948133, networkLocation: /default-rack, certSerialId: null} reports an CLOSED replica.
2019-10-25 18:47:54,225 [java.util.concurrent.ThreadPoolExecutor$Worker@4fc56e52[State = -1, empty queue]] WARN  server.GrpcLogAppender (GrpcLogAppender.java:timeoutAppendRequest(209)) - b2320d56-a737-47f4-81b1-3e8f0fb16133@group-643C12960AC7->90a9ce3a-0a5e-4de2-813a-4d04cb4d4ab9-GrpcLogAppender: appendEntries Timeout, request=b2320d56-a737-47f4-81b1-3e8f0fb16133->90a9ce3a-0a5e-4de2-813a-4d04cb4d4ab9#48-t3, previous=(t:3, i:10), leaderCommit=10, initializing? false, entries: <empty>
2019-10-25 18:47:54,304 [EventQueue-ContainerReportForContainerReportHandler] WARN  container.ContainerReportHandler (AbstractContainerReportHandler.java:updateContainerState(145)) - Container #1 is in OPEN state, but the datanode b2320d56-a737-47f4-81b1-3e8f0fb16133{ip: 192.168.157.217, host: pr-hdds-2329-pipelines-rmb8m-4073948133, networkLocation: /default-rack, certSerialId: null} reports an CLOSED replica.
2019-10-25 18:47:54,396 [EventQueue-ContainerReportForContainerReportHandler] WARN  container.ContainerReportHandler (AbstractContainerReportHandler.java:updateContainerState(145)) - Container #1 is in OPEN state, but the datanode 202d5f49-7963-4b43-9e61-5069c2030fd4{ip: 192.168.157.217, host: pr-hdds-2329-pipelines-rmb8m-4073948133, networkLocation: /default-rack, certSerialId: null} reports an CLOSED replica.
2019-10-25 18:47:54,604 [EventQueue-ContainerReportForContainerReportHandler] WARN  container.ContainerReportHandler (AbstractContainerReportHandler.java:updateContainerState(145)) - Container #1 is in OPEN state, but the datanode b2320d56-a737-47f4-81b1-3e8f0fb16133{ip: 192.168.157.217, host: pr-hdds-2329-pipelines-rmb8m-4073948133, networkLocation: /default-rack, certSerialId: null} reports an CLOSED replica.
2019-10-25 18:47:54,696 [EventQueue-ContainerReportForContainerReportHandler] WARN  container.ContainerReportHandler (AbstractContainerReportHandler.java:updateContainerState(145)) - Container #1 is in OPEN state, but the datanode 202d5f49-7963-4b43-9e61-5069c2030fd4{ip: 192.168.157.217, host: pr-hdds-2329-pipelines-rmb8m-4073948133, networkLocation: /default-rack, certSerialId: null} reports an CLOSED replica.
2019-10-25 18:47:54,905 [EventQueue-ContainerReportForContainerReportHandler] WARN  container.ContainerReportHandler (AbstractContainerReportHandler.java:updateContainerState(145)) - Container #1 is in OPEN state, but the datanode b2320d56-a737-47f4-81b1-3e8f0fb16133{ip: 192.168.157.217, host: pr-hdds-2329-pipelines-rmb8m-4073948133, networkLocation: /default-rack, certSerialId: null} reports an CLOSED replica.
2019-10-25 18:47:54,913 [BlockDeletingService#2] WARN  background.BlockDeletingService (BlockDeletingService.java:isDeletionAllowed(187)) - Close Container log Index 6 is not replicated across allthe servers in the pipeline b56b2aa8-e60f-44f7-b396-643c12960ac7 as the min replicated index is 4. Deletion is not allowed in this container yet.
2019-10-25 18:47:54,913 [BlockDeletingService#2] WARN  background.BlockDeletingService (BlockDeletingService.java:isDeletionAllowed(187)) - Close Container log Index 6 is not replicated across allthe servers in the pipeline b56b2aa8-e60f-44f7-b396-643c12960ac7 as the min replicated index is 4. Deletion is not allowed in this container yet.
2019-10-25 18:47:54,997 [EventQueue-ContainerReportForContainerReportHandler] WARN  container.ContainerReportHandler (AbstractContainerReportHandler.java:updateContainerState(145)) - Container #1 is in OPEN state, but the datanode 202d5f49-7963-4b43-9e61-5069c2030fd4{ip: 192.168.157.217, host: pr-hdds-2329-pipelines-rmb8m-4073948133, networkLocation: /default-rack, certSerialId: null} reports an CLOSED replica.
2019-10-25 18:47:55,197 [EventQueue-ContainerReportForContainerReportHandler] WARN  container.ContainerReportHandler (AbstractContainerReportHandler.java:updateContainerState(145)) - Container #1 is in OPEN state, but the datanode 202d5f49-7963-4b43-9e61-5069c2030fd4{ip: 192.168.157.217, host: pr-hdds-2329-pipelines-rmb8m-4073948133, networkLocation: /default-rack, certSerialId: null} reports an CLOSED replica.
2019-10-25 18:47:55,205 [EventQueue-ContainerReportForContainerReportHandler] WARN  container.ContainerReportHandler (AbstractContainerReportHandler.java:updateContainerState(145)) - Container #1 is in OPEN state, but the datanode b2320d56-a737-47f4-81b1-3e8f0fb16133{ip: 192.168.157.217, host: pr-hdds-2329-pipelines-rmb8m-4073948133, networkLocation: /default-rack, certSerialId: null} reports an CLOSED replica.
2019-10-25 18:47:55,405 [EventQueue-ContainerReportForContainerReportHandler] WARN  container.ContainerReportHandler (AbstractContainerReportHandler.java:updateContainerState(145)) - Container #1 is in OPEN state, but the datanode b2320d56-a737-47f4-81b1-3e8f0fb16133{ip: 192.168.157.217, host: pr-hdds-2329-pipelines-rmb8m-4073948133, networkLocation: /default-rack, certSerialId: null} reports an CLOSED replica.
2019-10-25 18:47:55,597 [EventQueue-ContainerReportForContainerReportHandler] WARN  container.ContainerReportHandler (AbstractContainerReportHandler.java:updateContainerState(145)) - Container #1 is in OPEN state, but the datanode 202d5f49-7963-4b43-9e61-5069c2030fd4{ip: 192.168.157.217, host: pr-hdds-2329-pipelines-rmb8m-4073948133, networkLocation: /default-rack, certSerialId: null} reports an CLOSED replica.
2019-10-25 18:47:55,705 [EventQueue-ContainerReportForContainerReportHandler] WARN  container.ContainerReportHandler (AbstractContainerReportHandler.java:updateContainerState(145)) - Container #1 is in OPEN state, but the datanode b2320d56-a737-47f4-81b1-3e8f0fb16133{ip: 192.168.157.217, host: pr-hdds-2329-pipelines-rmb8m-4073948133, networkLocation: /default-rack, certSerialId: null} reports an CLOSED replica.
2019-10-25 18:47:55,915 [BlockDeletingService#2] WARN  background.BlockDeletingService (BlockDeletingService.java:isDeletionAllowed(187)) - Close Container log Index 6 is not replicated across allthe servers in the pipeline b56b2aa8-e60f-44f7-b396-643c12960ac7 as the min replicated index is 4. Deletion is not allowed in this container yet.
2019-10-25 18:47:55,915 [BlockDeletingService#2] WARN  background.BlockDeletingService (BlockDeletingService.java:isDeletionAllowed(187)) - Close Container log Index 6 is not replicated across allthe servers in the pipeline b56b2aa8-e60f-44f7-b396-643c12960ac7 as the min replicated index is 4. Deletion is not allowed in this container yet.
2019-10-25 18:47:56,001 [EventQueue-ContainerReportForContainerReportHandler] WARN  container.ContainerReportHandler (AbstractContainerReportHandler.java:updateContainerState(145)) - Container #1 is in OPEN state, but the datanode 202d5f49-7963-4b43-9e61-5069c2030fd4{ip: 192.168.157.217, host: pr-hdds-2329-pipelines-rmb8m-4073948133, networkLocation: /default-rack, certSerialId: null} reports an CLOSED replica.
2019-10-25 18:47:56,005 [EventQueue-ContainerReportForContainerReportHandler] WARN  container.ContainerReportHandler (AbstractContainerReportHandler.java:updateContainerState(145)) - Container #1 is in OPEN state, but the datanode b2320d56-a737-47f4-81b1-3e8f0fb16133{ip: 192.168.157.217, host: pr-hdds-2329-pipelines-rmb8m-4073948133, networkLocation: /default-rack, certSerialId: null} reports an CLOSED replica.
2019-10-25 18:47:56,202 [EventQueue-ContainerReportForContainerReportHandler] WARN  container.ContainerReportHandler (AbstractContainerReportHandler.java:updateContainerState(145)) - Container #1 is in OPEN state, but the datanode 202d5f49-7963-4b43-9e61-5069c2030fd4{ip: 192.168.157.217, host: pr-hdds-2329-pipelines-rmb8m-4073948133, networkLocation: /default-rack, certSerialId: null} reports an CLOSED replica.
2019-10-25 18:47:56,305 [EventQueue-ContainerReportForContainerReportHandler] WARN  container.ContainerReportHandler (AbstractContainerReportHandler.java:updateContainerState(145)) - Container #1 is in OPEN state, but the datanode b2320d56-a737-47f4-81b1-3e8f0fb16133{ip: 192.168.157.217, host: pr-hdds-2329-pipelines-rmb8m-4073948133, networkLocation: /default-rack, certSerialId: null} reports an CLOSED replica.
2019-10-25 18:47:56,602 [EventQueue-ContainerReportForContainerReportHandler] WARN  container.ContainerReportHandler (AbstractContainerReportHandler.java:updateContainerState(145)) - Container #1 is in OPEN state, but the datanode 202d5f49-7963-4b43-9e61-5069c2030fd4{ip: 192.168.157.217, host: pr-hdds-2329-pipelines-rmb8m-4073948133, networkLocation: /default-rack, certSerialId: null} reports an CLOSED replica.
2019-10-25 18:47:56,606 [EventQueue-ContainerReportForContainerReportHandler] WARN  container.ContainerReportHandler (AbstractContainerReportHandler.java:updateContainerState(145)) - Container #1 is in OPEN state, but the datanode b2320d56-a737-47f4-81b1-3e8f0fb16133{ip: 192.168.157.217, host: pr-hdds-2329-pipelines-rmb8m-4073948133, networkLocation: /default-rack, certSerialId: null} reports an CLOSED replica.
2019-10-25 18:47:56,727 [java.util.concurrent.ThreadPoolExecutor$Worker@4fc56e52[State = -1, empty queue]] WARN  server.GrpcLogAppender (GrpcLogAppender.java:timeoutAppendRequest(209)) - b2320d56-a737-47f4-81b1-3e8f0fb16133@group-643C12960AC7->90a9ce3a-0a5e-4de2-813a-4d04cb4d4ab9-GrpcLogAppender: appendEntries Timeout, request=b2320d56-a737-47f4-81b1-3e8f0fb16133->90a9ce3a-0a5e-4de2-813a-4d04cb4d4ab9#49-t3, previous=(t:3, i:10), leaderCommit=10, initializing? false, entries: <empty>
2019-10-25 18:47:56,802 [EventQueue-ContainerReportForContainerReportHandler] WARN  container.ContainerReportHandler (AbstractContainerReportHandler.java:updateContainerState(145)) - Container #1 is in OPEN state, but the datanode 202d5f49-7963-4b43-9e61-5069c2030fd4{ip: 192.168.157.217, host: pr-hdds-2329-pipelines-rmb8m-4073948133, networkLocation: /default-rack, certSerialId: null} reports an CLOSED replica.
2019-10-25 18:47:56,805 [EventQueue-ContainerReportForContainerReportHandler] WARN  container.ContainerReportHandler (AbstractContainerReportHandler.java:updateContainerState(145)) - Container #1 is in OPEN state, but the datanode b2320d56-a737-47f4-81b1-3e8f0fb16133{ip: 192.168.157.217, host: pr-hdds-2329-pipelines-rmb8m-4073948133, networkLocation: /default-rack, certSerialId: null} reports an CLOSED replica.
2019-10-25 18:47:56,916 [BlockDeletingService#2] WARN  background.BlockDeletingService (BlockDeletingService.java:isDeletionAllowed(187)) - Close Container log Index 6 is not replicated across allthe servers in the pipeline b56b2aa8-e60f-44f7-b396-643c12960ac7 as the min replicated index is 4. Deletion is not allowed in this container yet.
2019-10-25 18:47:56,916 [BlockDeletingService#2] WARN  background.BlockDeletingService (BlockDeletingService.java:isDeletionAllowed(187)) - Close Container log Index 6 is not replicated across allthe servers in the pipeline b56b2aa8-e60f-44f7-b396-643c12960ac7 as the min replicated index is 4. Deletion is not allowed in this container yet.
2019-10-25 18:47:57,006 [EventQueue-ContainerReportForContainerReportHandler] WARN  container.ContainerReportHandler (AbstractContainerReportHandler.java:updateContainerState(145)) - Container #1 is in OPEN state, but the datanode b2320d56-a737-47f4-81b1-3e8f0fb16133{ip: 192.168.157.217, host: pr-hdds-2329-pipelines-rmb8m-4073948133, networkLocation: /default-rack, certSerialId: null} reports an CLOSED replica.
2019-10-25 18:47:57,205 [EventQueue-ContainerReportForContainerReportHandler] WARN  container.ContainerReportHandler (AbstractContainerReportHandler.java:updateContainerState(145)) - Container #1 is in OPEN state, but the datanode 202d5f49-7963-4b43-9e61-5069c2030fd4{ip: 192.168.157.217, host: pr-hdds-2329-pipelines-rmb8m-4073948133, networkLocation: /default-rack, certSerialId: null} reports an CLOSED replica.
2019-10-25 18:47:57,306 [EventQueue-ContainerReportForContainerReportHandler] WARN  container.ContainerReportHandler (AbstractContainerReportHandler.java:updateContainerState(145)) - Container #1 is in OPEN state, but the datanode b2320d56-a737-47f4-81b1-3e8f0fb16133{ip: 192.168.157.217, host: pr-hdds-2329-pipelines-rmb8m-4073948133, networkLocation: /default-rack, certSerialId: null} reports an CLOSED replica.
2019-10-25 18:47:57,360 [EventQueue-StaleNodeForStaleNodeHandler] INFO  node.StaleNodeHandler (StaleNodeHandler.java:onMessage(58)) - Datanode 90a9ce3a-0a5e-4de2-813a-4d04cb4d4ab9{ip: 192.168.157.217, host: pr-hdds-2329-pipelines-rmb8m-4073948133, networkLocation: /default-rack, certSerialId: null} moved to stale state. Finalizing its pipelines [PipelineID=a6298735-0df9-4fd7-93a7-030c09a39c9a, PipelineID=b56b2aa8-e60f-44f7-b396-643c12960ac7]
2019-10-25 18:47:57,360 [EventQueue-StaleNodeForStaleNodeHandler] INFO  pipeline.SCMPipelineManager (SCMPipelineManager.java:finalizeAndDestroyPipeline(315)) - destroying pipeline:Pipeline[ Id: a6298735-0df9-4fd7-93a7-030c09a39c9a, Nodes: 90a9ce3a-0a5e-4de2-813a-4d04cb4d4ab9{ip: 192.168.157.217, host: pr-hdds-2329-pipelines-rmb8m-4073948133, networkLocation: /default-rack, certSerialId: null}, Type:RATIS, Factor:ONE, State:OPEN]
2019-10-25 18:47:57,362 [EventQueue-StaleNodeForStaleNodeHandler] INFO  pipeline.PipelineStateManager (PipelineStateManager.java:finalizePipeline(123)) - Pipeline Pipeline[ Id: a6298735-0df9-4fd7-93a7-030c09a39c9a, Nodes: 90a9ce3a-0a5e-4de2-813a-4d04cb4d4ab9{ip: 192.168.157.217, host: pr-hdds-2329-pipelines-rmb8m-4073948133, networkLocation: /default-rack, certSerialId: null}, Type:RATIS, Factor:ONE, State:CLOSED] moved to CLOSED state
2019-10-25 18:47:57,363 [EventQueue-StaleNodeForStaleNodeHandler] INFO  pipeline.SCMPipelineManager (SCMPipelineManager.java:finalizeAndDestroyPipeline(315)) - destroying pipeline:Pipeline[ Id: b56b2aa8-e60f-44f7-b396-643c12960ac7, Nodes: 90a9ce3a-0a5e-4de2-813a-4d04cb4d4ab9{ip: 192.168.157.217, host: pr-hdds-2329-pipelines-rmb8m-4073948133, networkLocation: /default-rack, certSerialId: null}202d5f49-7963-4b43-9e61-5069c2030fd4{ip: 192.168.157.217, host: pr-hdds-2329-pipelines-rmb8m-4073948133, networkLocation: /default-rack, certSerialId: null}b2320d56-a737-47f4-81b1-3e8f0fb16133{ip: 192.168.157.217, host: pr-hdds-2329-pipelines-rmb8m-4073948133, networkLocation: /default-rack, certSerialId: null}, Type:RATIS, Factor:THREE, State:OPEN]
2019-10-25 18:47:57,363 [EventQueue-StaleNodeForStaleNodeHandler] INFO  pipeline.PipelineStateManager (PipelineStateManager.java:finalizePipeline(123)) - Pipeline Pipeline[ Id: b56b2aa8-e60f-44f7-b396-643c12960ac7, Nodes: 90a9ce3a-0a5e-4de2-813a-4d04cb4d4ab9{ip: 192.168.157.217, host: pr-hdds-2329-pipelines-rmb8m-4073948133, networkLocation: /default-rack, certSerialId: null}202d5f49-7963-4b43-9e61-5069c2030fd4{ip: 192.168.157.217, host: pr-hdds-2329-pipelines-rmb8m-4073948133, networkLocation: /default-rack, certSerialId: null}b2320d56-a737-47f4-81b1-3e8f0fb16133{ip: 192.168.157.217, host: pr-hdds-2329-pipelines-rmb8m-4073948133, networkLocation: /default-rack, certSerialId: null}, Type:RATIS, Factor:THREE, State:CLOSED] moved to CLOSED state
2019-10-25 18:47:57,364 [EventQueue-CloseContainerForCloseContainerEventHandler] INFO  container.CloseContainerEventHandler (CloseContainerEventHandler.java:onMessage(61)) - Close container Event triggered for container : #1
2019-10-25 18:47:57,505 [EventQueue-ContainerReportForContainerReportHandler] INFO  container.ContainerReportHandler (AbstractContainerReportHandler.java:updateContainerState(178)) - Moving container #1 to CLOSED state, datanode 202d5f49-7963-4b43-9e61-5069c2030fd4{ip: 192.168.157.217, host: pr-hdds-2329-pipelines-rmb8m-4073948133, networkLocation: /default-rack, certSerialId: null} reported CLOSED replica.
2019-10-25 18:47:57,902 [Thread-567] INFO  client.GrpcClientProtocolService (GrpcClientProtocolService.java:lambda$processClientRequest$0(279)) - Failed RaftClientRequest:client-85E8A1575A11->202d5f49-7963-4b43-9e61-5069c2030fd4@group-643C12960AC7, cid=10, seq=0, Watch-ALL_COMMITTED(6), Message:<EMPTY>, reply=RaftClientReply:client-85E8A1575A11->202d5f49-7963-4b43-9e61-5069c2030fd4@group-643C12960AC7, cid=10, FAILED org.apache.ratis.protocol.NotLeaderException: Server 202d5f49-7963-4b43-9e61-5069c2030fd4@group-643C12960AC7 is not the leader b2320d56-a737-47f4-81b1-3e8f0fb16133:192.168.157.217:40923, logIndex=0, commits[202d5f49-7963-4b43-9e61-5069c2030fd4:c10, b2320d56-a737-47f4-81b1-3e8f0fb16133:c10, 90a9ce3a-0a5e-4de2-813a-4d04cb4d4ab9:c4]
2019-10-25 18:47:57,917 [BlockDeletingService#2] WARN  background.BlockDeletingService (BlockDeletingService.java:isDeletionAllowed(187)) - Close Container log Index 6 is not replicated across allthe servers in the pipeline b56b2aa8-e60f-44f7-b396-643c12960ac7 as the min replicated index is 4. Deletion is not allowed in this container yet.
2019-10-25 18:47:57,917 [BlockDeletingService#2] WARN  background.BlockDeletingService (BlockDeletingService.java:isDeletionAllowed(187)) - Close Container log Index 6 is not replicated across allthe servers in the pipeline b56b2aa8-e60f-44f7-b396-643c12960ac7 as the min replicated index is 4. Deletion is not allowed in this container yet.
2019-10-25 18:47:58,303 [SCMBlockDeletingService#0] INFO  block.SCMBlockDeletingService (SCMBlockDeletingService.java:call(187)) - Totally added 3 delete blocks command for 3 datanodes, task elapsed time: 6ms
2019-10-25 18:47:58,307 [EventQueue-PendingDeleteStatusForPendingDeleteHandler] INFO  block.SCMBlockDeletingService (SCMBlockDeletingService.java:handlePendingDeletes(115)) - Block deletion txnID mismatch in datanode 202d5f49-7963-4b43-9e61-5069c2030fd4 for containerID 1. Datanode delete txnID: 0, SCM txnID: 1
2019-10-25 18:47:58,313 [EventQueue-PendingDeleteStatusForPendingDeleteHandler] INFO  block.SCMBlockDeletingService (SCMBlockDeletingService.java:handlePendingDeletes(115)) - Block deletion txnID mismatch in datanode b2320d56-a737-47f4-81b1-3e8f0fb16133 for containerID 1. Datanode delete txnID: 0, SCM txnID: 1
2019-10-25 18:47:58,512 [EventQueue-PendingDeleteStatusForPendingDeleteHandler] INFO  block.SCMBlockDeletingService (SCMBlockDeletingService.java:handlePendingDeletes(115)) - Block deletion txnID mismatch in datanode b2320d56-a737-47f4-81b1-3e8f0fb16133 for containerID 1. Datanode delete txnID: 0, SCM txnID: 1
2019-10-25 18:47:58,584 [Thread-575] INFO  client.GrpcClientProtocolService (GrpcClientProtocolService.java:lambda$processClientRequest$0(279)) - Failed RaftClientRequest:client-85E8A1575A11->b2320d56-a737-47f4-81b1-3e8f0fb16133@group-643C12960AC7, cid=10, seq=0, Watch-ALL_COMMITTED(6), Message:<EMPTY>, reply=RaftClientReply:client-85E8A1575A11->b2320d56-a737-47f4-81b1-3e8f0fb16133@group-643C12960AC7, cid=10, FAILED org.apache.ratis.protocol.NotReplicatedException: Request with call Id 10 and log index 6 is not yet replicated to ALL_COMMITTED, logIndex=6, commits[b2320d56-a737-47f4-81b1-3e8f0fb16133:c10, 202d5f49-7963-4b43-9e61-5069c2030fd4:c10, 90a9ce3a-0a5e-4de2-813a-4d04cb4d4ab9:c4]
2019-10-25 18:47:58,606 [EventQueue-PendingDeleteStatusForPendingDeleteHandler] INFO  block.SCMBlockDeletingService (SCMBlockDeletingService.java:handlePendingDeletes(115)) - Block deletion txnID mismatch in datanode 202d5f49-7963-4b43-9e61-5069c2030fd4 for containerID 1. Datanode delete txnID: 0, SCM txnID: 1
2019-10-25 18:47:58,812 [EventQueue-PendingDeleteStatusForPendingDeleteHandler] INFO  block.SCMBlockDeletingService (SCMBlockDeletingService.java:handlePendingDeletes(115)) - Block deletion txnID mismatch in datanode b2320d56-a737-47f4-81b1-3e8f0fb16133 for containerID 1. Datanode delete txnID: 0, SCM txnID: 1
2019-10-25 18:47:58,919 [BlockDeletingService#2] WARN  background.BlockDeletingService (BlockDeletingService.java:isDeletionAllowed(187)) - Close Container log Index 6 is not replicated across allthe servers in the pipeline b56b2aa8-e60f-44f7-b396-643c12960ac7 as the min replicated index is 4. Deletion is not allowed in this container yet.
2019-10-25 18:47:58,920 [BlockDeletingService#2] WARN  background.BlockDeletingService (BlockDeletingService.java:isDeletionAllowed(187)) - Close Container log Index 6 is not replicated across allthe servers in the pipeline b56b2aa8-e60f-44f7-b396-643c12960ac7 as the min replicated index is 4. Deletion is not allowed in this container yet.
2019-10-25 18:47:59,006 [EventQueue-PendingDeleteStatusForPendingDeleteHandler] INFO  block.SCMBlockDeletingService (SCMBlockDeletingService.java:handlePendingDeletes(115)) - Block deletion txnID mismatch in datanode 202d5f49-7963-4b43-9e61-5069c2030fd4 for containerID 1. Datanode delete txnID: 0, SCM txnID: 1
2019-10-25 18:47:59,012 [Command processor thread] INFO  commandhandler.DeleteBlocksCommandHandler (DeleteBlocksCommandHandler.java:handle(106)) - Start to delete container blocks, TXIDs=[1(0)], numOfContainers=1, numOfBlocks=1
2019-10-25 18:47:59,106 [Command processor thread] INFO  commandhandler.DeleteBlocksCommandHandler (DeleteBlocksCommandHandler.java:handle(106)) - Start to delete container blocks, TXIDs=[1(0)], numOfContainers=1, numOfBlocks=1
2019-10-25 18:47:59,229 [java.util.concurrent.ThreadPoolExecutor$Worker@4fc56e52[State = -1, empty queue]] WARN  server.GrpcLogAppender (GrpcLogAppender.java:timeoutAppendRequest(209)) - b2320d56-a737-47f4-81b1-3e8f0fb16133@group-643C12960AC7->90a9ce3a-0a5e-4de2-813a-4d04cb4d4ab9-GrpcLogAppender: appendEntries Timeout, request=b2320d56-a737-47f4-81b1-3e8f0fb16133->90a9ce3a-0a5e-4de2-813a-4d04cb4d4ab9#50-t3, previous=(t:3, i:10), leaderCommit=10, initializing? false, entries: <empty>
2019-10-25 18:47:59,278 [main] INFO  impl.MetricsSystemImpl (MetricsSystemImpl.java:init(158)) - HddsDatanode metrics system started (again)
2019-10-25 18:47:59,304 [SCMBlockDeletingService#0] INFO  block.SCMBlockDeletingService (SCMBlockDeletingService.java:call(187)) - Totally added 1 delete blocks command for 1 datanodes, task elapsed time: 1ms
2019-10-25 18:47:59,304 [pool-8-thread-1] INFO  commands.RetriableDatanodeEventWatcher (RetriableDatanodeEventWatcher.java:onTimeout(47)) - RetriableDatanodeCommand type=deleteBlocksCommand with id=1572029278302 timed out. Retrying.
2019-10-25 18:47:59,325 [main] INFO  ozone.HddsDatanodeService (HddsDatanodeService.java:start(184)) - HddsDatanodeService host:pr-hdds-2329-pipelines-rmb8m-4073948133 ip:192.168.157.217
2019-10-25 18:47:59,329 [main] INFO  volume.VolumeUsage (VolumeUsage.java:loadScmUsed(144)) - Cached ScmUsed found for /workdir/hadoop-ozone/integration-test/target/test-dir/MiniOzoneClusterImpl-1169b08c-7389-4170-95e3-f5079f135e90/datanode-2/data/containers : 4096 
2019-10-25 18:47:59,329 [main] INFO  volume.HddsVolume (HddsVolume.java:<init>(176)) - Creating Volume: /workdir/hadoop-ozone/integration-test/target/test-dir/MiniOzoneClusterImpl-1169b08c-7389-4170-95e3-f5079f135e90/datanode-2/data/containers/hdds of  storage type : DISK and capacity : 1482555576320
2019-10-25 18:47:59,330 [main] INFO  volume.VolumeSet (VolumeSet.java:initializeVolumeSet(170)) - Added Volume : /workdir/hadoop-ozone/integration-test/target/test-dir/MiniOzoneClusterImpl-1169b08c-7389-4170-95e3-f5079f135e90/datanode-2/data/containers/hdds to VolumeSet
2019-10-25 18:47:59,330 [main] INFO  volume.ThrottledAsyncChecker (ThrottledAsyncChecker.java:schedule(141)) - Scheduling a check for /workdir/hadoop-ozone/integration-test/target/test-dir/MiniOzoneClusterImpl-1169b08c-7389-4170-95e3-f5079f135e90/datanode-2/data/containers/hdds
2019-10-25 18:47:59,330 [main] INFO  volume.HddsVolumeChecker (HddsVolumeChecker.java:checkAllVolumes(204)) - Scheduled health check for volume /workdir/hadoop-ozone/integration-test/target/test-dir/MiniOzoneClusterImpl-1169b08c-7389-4170-95e3-f5079f135e90/datanode-2/data/containers/hdds
2019-10-25 18:47:59,371 [main] INFO  impl.RaftServerProxy (ConfUtils.java:logGet(43)) - raft.rpc.type = GRPC (default)
2019-10-25 18:47:59,371 [main] INFO  grpc.GrpcFactory (GrpcFactory.java:checkPooledByteBufAllocatorUseCacheForAllThreads(45)) - PERFORMANCE WARNING: useCacheForAllThreads is true that may cause Netty to create a lot garbage objects and, as a result, trigger GC.
	It is recommended to disable useCacheForAllThreads by setting -Dorg.apache.ratis.thirdparty.io.netty.allocator.useCacheForAllThreads=false in command line.
2019-10-25 18:47:59,372 [main] INFO  grpc.GrpcConfigKeys$Server (ConfUtils.java:logGet(43)) - raft.grpc.server.port = 37724 (custom)
2019-10-25 18:47:59,373 [main] INFO  server.GrpcService (ConfUtils.java:logGet(43)) - raft.grpc.message.size.max = 33570816 (custom)
2019-10-25 18:47:59,373 [main] INFO  server.RaftServerConfigKeys (ConfUtils.java:logGet(43)) - raft.server.log.appender.buffer.byte-limit = 33554432 (custom)
2019-10-25 18:47:59,373 [main] INFO  server.GrpcService (ConfUtils.java:logGet(43)) - raft.grpc.flow.control.window = 1MB (=1048576) (default)
2019-10-25 18:47:59,373 [main] INFO  server.RaftServerConfigKeys (ConfUtils.java:logGet(43)) - raft.server.rpc.request.timeout = 3000ms (default)
2019-10-25 18:47:59,374 [main] INFO  server.RaftServerConfigKeys (ConfUtils.java:logGet(43)) - raft.server.storage.dir = [/workdir/hadoop-ozone/integration-test/target/test-dir/MiniOzoneClusterImpl-1169b08c-7389-4170-95e3-f5079f135e90/datanode-2/data/ratis] (custom)
2019-10-25 18:47:59,374 [main] INFO  impl.RaftServerProxy (RaftServerProxy.java:lambda$null$0(191)) - 90a9ce3a-0a5e-4de2-813a-4d04cb4d4ab9: found a subdirectory /workdir/hadoop-ozone/integration-test/target/test-dir/MiniOzoneClusterImpl-1169b08c-7389-4170-95e3-f5079f135e90/datanode-2/data/ratis/a6298735-0df9-4fd7-93a7-030c09a39c9a
2019-10-25 18:47:59,375 [main] INFO  impl.RaftServerProxy (RaftServerProxy.java:addNew(89)) - 90a9ce3a-0a5e-4de2-813a-4d04cb4d4ab9: addNew group-030C09A39C9A:[] returns group-030C09A39C9A:java.util.concurrent.CompletableFuture@5634a861[Not completed]
2019-10-25 18:47:59,375 [main] INFO  impl.RaftServerProxy (RaftServerProxy.java:lambda$null$0(191)) - 90a9ce3a-0a5e-4de2-813a-4d04cb4d4ab9: found a subdirectory /workdir/hadoop-ozone/integration-test/target/test-dir/MiniOzoneClusterImpl-1169b08c-7389-4170-95e3-f5079f135e90/datanode-2/data/ratis/b56b2aa8-e60f-44f7-b396-643c12960ac7
2019-10-25 18:47:59,375 [main] INFO  impl.RaftServerProxy (RaftServerProxy.java:addNew(89)) - 90a9ce3a-0a5e-4de2-813a-4d04cb4d4ab9: addNew group-643C12960AC7:[] returns group-643C12960AC7:java.util.concurrent.CompletableFuture@2b0dc227[Not completed]
2019-10-25 18:47:59,382 [main] INFO  hdfs.DFSUtil (DFSUtil.java:httpServerTemplateForNNAndJN(1641)) - Starting Web-server for hddsDatanode at: http://0.0.0.0:41825
2019-10-25 18:47:59,382 [pool-60-thread-1] INFO  impl.RaftServerImpl (RaftServerImpl.java:<init>(98)) - 90a9ce3a-0a5e-4de2-813a-4d04cb4d4ab9: new RaftServerImpl for group-030C09A39C9A:[] with ContainerStateMachine:uninitialized
2019-10-25 18:47:59,383 [pool-60-thread-1] INFO  server.RaftServerConfigKeys (ConfUtils.java:logGet(43)) - raft.server.rpc.timeout.min = 5s (custom)
2019-10-25 18:47:59,383 [pool-60-thread-1] INFO  server.RaftServerConfigKeys (ConfUtils.java:logGet(43)) - raft.server.rpc.timeout.max = 5200ms (custom)
2019-10-25 18:47:59,383 [pool-60-thread-1] INFO  server.RaftServerConfigKeys (ConfUtils.java:logGet(43)) - raft.server.rpcslowness.timeout = 1000s (custom)
2019-10-25 18:47:59,383 [pool-60-thread-1] INFO  server.RaftServerConfigKeys (ConfUtils.java:logGet(43)) - raft.server.sleep.deviation.threshold = 300 (default)
2019-10-25 18:47:59,383 [pool-60-thread-1] INFO  server.RaftServerConfigKeys (ConfUtils.java:logGet(43)) - raft.server.log.appender.install.snapshot.enabled = false (custom)
2019-10-25 18:47:59,383 [pool-60-thread-1] INFO  impl.RaftServerImpl (ServerState.java:<init>(103)) - 90a9ce3a-0a5e-4de2-813a-4d04cb4d4ab9@group-030C09A39C9A: ConfigurationManager, init=-1: [], old=null, confs=<EMPTY_MAP>
2019-10-25 18:47:59,384 [pool-60-thread-1] INFO  server.RaftServerConfigKeys (ConfUtils.java:logGet(43)) - raft.server.storage.dir = [/workdir/hadoop-ozone/integration-test/target/test-dir/MiniOzoneClusterImpl-1169b08c-7389-4170-95e3-f5079f135e90/datanode-2/data/ratis] (custom)
2019-10-25 18:47:59,384 [pool-60-thread-1] INFO  server.RaftServerConfigKeys (ConfUtils.java:logGet(43)) - raft.server.log.corruption.policy = EXCEPTION (default)
2019-10-25 18:47:59,386 [main] INFO  server.AuthenticationFilter (AuthenticationFilter.java:constructSecretProvider(240)) - Unable to initialize FileSignerSecretProvider, falling back to use random secrets.
2019-10-25 18:47:59,387 [main] WARN  http.HttpRequestLog (HttpRequestLog.java:getRequestLog(97)) - Jetty request log can only be enabled using Log4j
2019-10-25 18:47:59,390 [main] INFO  http.HttpServer2 (HttpServer2.java:addGlobalFilter(975)) - Added global filter 'safety' (class=org.apache.hadoop.http.HttpServer2$QuotingInputFilter)
2019-10-25 18:47:59,391 [main] INFO  http.HttpServer2 (HttpServer2.java:addFilter(948)) - Added filter static_user_filter (class=org.apache.hadoop.http.lib.StaticUserWebFilter$StaticUserFilter) to context hddsDatanode
2019-10-25 18:47:59,392 [main] INFO  http.HttpServer2 (HttpServer2.java:addFilter(958)) - Added filter static_user_filter (class=org.apache.hadoop.http.lib.StaticUserWebFilter$StaticUserFilter) to context static
2019-10-25 18:47:59,392 [main] INFO  http.HttpServer2 (HttpServer2.java:addFilter(958)) - Added filter static_user_filter (class=org.apache.hadoop.http.lib.StaticUserWebFilter$StaticUserFilter) to context logs
2019-10-25 18:47:59,393 [main] INFO  http.HttpServer2 (HttpServer2.java:bindListener(1191)) - Jetty bound to port 41825
2019-10-25 18:47:59,393 [main] INFO  server.Server (Server.java:doStart(351)) - jetty-9.3.25.v20180904, build timestamp: 2018-09-04T21:11:46Z, git hash: 3ce520221d0240229c862b122d2b06c12a625732
2019-10-25 18:47:59,396 [main] INFO  handler.ContextHandler (ContextHandler.java:doStart(781)) - Started o.e.j.s.ServletContextHandler@470d183{/logs,file:///workdir/hadoop-ozone/integration-test/target/log,AVAILABLE}
2019-10-25 18:47:59,397 [main] INFO  handler.ContextHandler (ContextHandler.java:doStart(781)) - Started o.e.j.s.ServletContextHandler@ea52184{/static,jar:file:/home/user/.m2/repository/org/apache/hadoop/hadoop-hdds-container-service/0.5.0-SNAPSHOT/hadoop-hdds-container-service-0.5.0-SNAPSHOT.jar!/webapps/static,AVAILABLE}
2019-10-25 18:47:59,397 [pool-60-thread-1] INFO  storage.RaftStorageDirectory (RaftStorageDirectory.java:tryLock(328)) - Lock on /workdir/hadoop-ozone/integration-test/target/test-dir/MiniOzoneClusterImpl-1169b08c-7389-4170-95e3-f5079f135e90/datanode-2/data/ratis/a6298735-0df9-4fd7-93a7-030c09a39c9a/in_use.lock acquired by nodename 3211@pr-hdds-2329-pipelines-rmb8m-4073948133
2019-10-25 18:47:59,398 [pool-60-thread-1] INFO  ratis.ContainerStateMachine (ContainerStateMachine.java:loadSnapshot(231)) - group-030C09A39C9A: The snapshot info is null. Setting the last applied indexto:(t:0, i:~)
2019-10-25 18:47:59,399 [pool-60-thread-1] INFO  server.RaftServerConfigKeys (ConfUtils.java:logGet(43)) - raft.server.notification.no-leader.timeout = 1000s (custom)
2019-10-25 18:47:59,399 [pool-60-thread-1] INFO  server.RaftServerConfigKeys (ConfUtils.java:logGet(43)) - raft.server.log.use.memory = false (default)
2019-10-25 18:47:59,399 [pool-60-thread-1] INFO  server.RaftServerConfigKeys (ConfUtils.java:logGet(43)) - raft.server.log.purge.gap = 1000000 (custom)
2019-10-25 18:47:59,399 [pool-60-thread-1] INFO  server.RaftServerConfigKeys (ConfUtils.java:logGet(43)) - raft.server.log.appender.buffer.byte-limit = 33554432 (custom)
2019-10-25 18:47:59,399 [pool-60-thread-1] INFO  server.RaftServerConfigKeys (ConfUtils.java:logGet(43)) - raft.server.log.segment.size.max = 1048576 (custom)
2019-10-25 18:47:59,399 [pool-60-thread-1] INFO  server.RaftServerConfigKeys (ConfUtils.java:logGet(43)) - raft.server.log.segment.cache.num.max = 2 (custom)
2019-10-25 18:47:59,399 [pool-60-thread-1] INFO  segmented.SegmentedRaftLogWorker (SegmentedRaftLogWorker.java:<init>(173)) - new 90a9ce3a-0a5e-4de2-813a-4d04cb4d4ab9@group-030C09A39C9A-SegmentedRaftLogWorker for RaftStorage:Storage Directory /workdir/hadoop-ozone/integration-test/target/test-dir/MiniOzoneClusterImpl-1169b08c-7389-4170-95e3-f5079f135e90/datanode-2/data/ratis/a6298735-0df9-4fd7-93a7-030c09a39c9a
2019-10-25 18:47:59,400 [pool-60-thread-1] INFO  server.RaftServerConfigKeys (ConfUtils.java:logGet(43)) - raft.server.log.queue.byte-limit = 2147483647 (custom)
2019-10-25 18:47:59,400 [pool-60-thread-1] INFO  server.RaftServerConfigKeys (ConfUtils.java:logGet(43)) - raft.server.log.queue.element-limit = 1024 (custom)
2019-10-25 18:47:59,400 [pool-60-thread-1] INFO  server.RaftServerConfigKeys (ConfUtils.java:logGet(43)) - raft.server.log.segment.size.max = 1048576 (custom)
2019-10-25 18:47:59,400 [pool-60-thread-1] INFO  server.RaftServerConfigKeys (ConfUtils.java:logGet(43)) - raft.server.log.preallocated.size = 16384 (custom)
2019-10-25 18:47:59,400 [pool-60-thread-1] INFO  server.RaftServerConfigKeys (ConfUtils.java:logGet(43)) - raft.server.log.write.buffer.size = 33554432 (custom)
2019-10-25 18:47:59,400 [pool-60-thread-1] INFO  server.RaftServerConfigKeys (ConfUtils.java:logGet(43)) - raft.server.log.force.sync.num = 128 (default)
2019-10-25 18:47:59,400 [pool-60-thread-1] INFO  server.RaftServerConfigKeys (ConfUtils.java:logGet(43)) - raft.server.log.statemachine.data.sync = true (default)
2019-10-25 18:47:59,400 [pool-60-thread-1] INFO  server.RaftServerConfigKeys (ConfUtils.java:logGet(43)) - raft.server.log.statemachine.data.sync.timeout = 10s (default)
2019-10-25 18:47:59,401 [pool-60-thread-1] INFO  server.RaftServerConfigKeys (ConfUtils.java:logGet(43)) - raft.server.log.statemachine.data.sync.timeout.retry = -1 (default)
2019-10-25 18:47:59,401 [pool-60-thread-1] INFO  server.RaftServerConfigKeys (ConfUtils.java:logGet(43)) - raft.server.log.statemachine.data.caching.enabled = true (custom)
2019-10-25 18:47:59,407 [pool-60-thread-1] INFO  impl.RaftServerImpl (ServerState.java:setRaftConf(356)) - 90a9ce3a-0a5e-4de2-813a-4d04cb4d4ab9@group-030C09A39C9A: set configuration 0: [90a9ce3a-0a5e-4de2-813a-4d04cb4d4ab9:192.168.157.217:37724], old=null at 0
2019-10-25 18:47:59,407 [pool-60-thread-1] INFO  segmented.LogSegment (LogSegment.java:loadSegment(140)) - Successfully read 1 entries from segment file /workdir/hadoop-ozone/integration-test/target/test-dir/MiniOzoneClusterImpl-1169b08c-7389-4170-95e3-f5079f135e90/datanode-2/data/ratis/a6298735-0df9-4fd7-93a7-030c09a39c9a/current/log_inprogress_0
2019-10-25 18:47:59,408 [pool-60-thread-1] INFO  segmented.SegmentedRaftLogWorker (SegmentedRaftLogWorker.java:lambda$new$0(128)) - 90a9ce3a-0a5e-4de2-813a-4d04cb4d4ab9@group-030C09A39C9A-SegmentedRaftLogWorker: flushIndex: setUnconditionally 0 -> 0
2019-10-25 18:47:59,432 [pool-60-thread-1] INFO  server.RaftServerConfigKeys (ConfUtils.java:logGet(43)) - raft.server.snapshot.auto.trigger.enabled = true (custom)
2019-10-25 18:47:59,432 [pool-60-thread-1] INFO  server.RaftServerConfigKeys (ConfUtils.java:logGet(43)) - raft.server.snapshot.auto.trigger.threshold = 10000 (custom)
2019-10-25 18:47:59,433 [pool-60-thread-1] INFO  server.RaftServerConfigKeys (ConfUtils.java:logGet(43)) - raft.server.snapshot.retention.file.num = 5 (custom)
2019-10-25 18:47:59,433 [pool-60-thread-1] INFO  server.RaftServerConfigKeys (ConfUtils.java:logGet(43)) - raft.server.retrycache.expirytime = 600000ms (custom)
2019-10-25 18:47:59,435 [pool-60-thread-1] INFO  impl.RaftServerImpl (RaftServerImpl.java:<init>(98)) - 90a9ce3a-0a5e-4de2-813a-4d04cb4d4ab9: new RaftServerImpl for group-643C12960AC7:[] with ContainerStateMachine:uninitialized
2019-10-25 18:47:59,435 [pool-60-thread-1] INFO  server.RaftServerConfigKeys (ConfUtils.java:logGet(43)) - raft.server.rpc.timeout.min = 5s (custom)
2019-10-25 18:47:59,435 [pool-60-thread-1] INFO  server.RaftServerConfigKeys (ConfUtils.java:logGet(43)) - raft.server.rpc.timeout.max = 5200ms (custom)
2019-10-25 18:47:59,435 [pool-60-thread-1] INFO  server.RaftServerConfigKeys (ConfUtils.java:logGet(43)) - raft.server.rpcslowness.timeout = 1000s (custom)
2019-10-25 18:47:59,435 [pool-60-thread-1] INFO  server.RaftServerConfigKeys (ConfUtils.java:logGet(43)) - raft.server.sleep.deviation.threshold = 300 (default)
2019-10-25 18:47:59,435 [pool-60-thread-1] INFO  server.RaftServerConfigKeys (ConfUtils.java:logGet(43)) - raft.server.log.appender.install.snapshot.enabled = false (custom)
2019-10-25 18:47:59,435 [pool-60-thread-1] INFO  impl.RaftServerImpl (ServerState.java:<init>(103)) - 90a9ce3a-0a5e-4de2-813a-4d04cb4d4ab9@group-643C12960AC7: ConfigurationManager, init=-1: [], old=null, confs=<EMPTY_MAP>
2019-10-25 18:47:59,435 [pool-60-thread-1] INFO  server.RaftServerConfigKeys (ConfUtils.java:logGet(43)) - raft.server.storage.dir = [/workdir/hadoop-ozone/integration-test/target/test-dir/MiniOzoneClusterImpl-1169b08c-7389-4170-95e3-f5079f135e90/datanode-2/data/ratis] (custom)
2019-10-25 18:47:59,436 [pool-60-thread-1] INFO  server.RaftServerConfigKeys (ConfUtils.java:logGet(43)) - raft.server.log.corruption.policy = EXCEPTION (default)
2019-10-25 18:47:59,452 [pool-60-thread-1] INFO  storage.RaftStorageDirectory (RaftStorageDirectory.java:tryLock(328)) - Lock on /workdir/hadoop-ozone/integration-test/target/test-dir/MiniOzoneClusterImpl-1169b08c-7389-4170-95e3-f5079f135e90/datanode-2/data/ratis/b56b2aa8-e60f-44f7-b396-643c12960ac7/in_use.lock acquired by nodename 3211@pr-hdds-2329-pipelines-rmb8m-4073948133
2019-10-25 18:47:59,454 [pool-60-thread-1] INFO  ratis.ContainerStateMachine (ContainerStateMachine.java:loadSnapshot(240)) - group-643C12960AC7: Setting the last applied index to (t:3, i:3)
2019-10-25 18:47:59,458 [main] INFO  handler.ContextHandler (ContextHandler.java:doStart(781)) - Started o.e.j.w.WebAppContext@134ff8f8{/,file:///tmp/jetty-0.0.0.0-41825-hddsDatanode-_-any-3208342841801390740.dir/webapp/,AVAILABLE}{/hddsDatanode}
2019-10-25 18:47:59,459 [main] INFO  server.AbstractConnector (AbstractConnector.java:doStart(278)) - Started ServerConnector@619f2afc{HTTP/1.1,[http/1.1]}{0.0.0.0:41825}
2019-10-25 18:47:59,460 [main] INFO  server.Server (Server.java:doStart(419)) - Started @128178ms
2019-10-25 18:47:59,460 [main] WARN  impl.MetricsSystemImpl (MetricsSystemImpl.java:register(276)) - Sink prometheus already exists!
2019-10-25 18:47:59,460 [pool-60-thread-1] INFO  impl.RaftServerImpl (ServerState.java:setRaftConf(356)) - 90a9ce3a-0a5e-4de2-813a-4d04cb4d4ab9@group-643C12960AC7: set configuration 0: [202d5f49-7963-4b43-9e61-5069c2030fd4:192.168.157.217:43680, b2320d56-a737-47f4-81b1-3e8f0fb16133:192.168.157.217:40923, 90a9ce3a-0a5e-4de2-813a-4d04cb4d4ab9:192.168.157.217:37724], old=null at 0
2019-10-25 18:47:59,461 [pool-60-thread-1] INFO  server.RaftServerConfigKeys (ConfUtils.java:logGet(43)) - raft.server.notification.no-leader.timeout = 1000s (custom)
2019-10-25 18:47:59,461 [pool-60-thread-1] INFO  server.RaftServerConfigKeys (ConfUtils.java:logGet(43)) - raft.server.log.use.memory = false (default)
2019-10-25 18:47:59,461 [pool-60-thread-1] INFO  server.RaftServerConfigKeys (ConfUtils.java:logGet(43)) - raft.server.log.purge.gap = 1000000 (custom)
2019-10-25 18:47:59,461 [pool-60-thread-1] INFO  server.RaftServerConfigKeys (ConfUtils.java:logGet(43)) - raft.server.log.appender.buffer.byte-limit = 33554432 (custom)
2019-10-25 18:47:59,461 [pool-60-thread-1] INFO  server.RaftServerConfigKeys (ConfUtils.java:logGet(43)) - raft.server.log.segment.size.max = 1048576 (custom)
2019-10-25 18:47:59,461 [pool-60-thread-1] INFO  server.RaftServerConfigKeys (ConfUtils.java:logGet(43)) - raft.server.log.segment.cache.num.max = 2 (custom)
2019-10-25 18:47:59,461 [pool-60-thread-1] INFO  segmented.SegmentedRaftLogWorker (SegmentedRaftLogWorker.java:<init>(173)) - new 90a9ce3a-0a5e-4de2-813a-4d04cb4d4ab9@group-643C12960AC7-SegmentedRaftLogWorker for RaftStorage:Storage Directory /workdir/hadoop-ozone/integration-test/target/test-dir/MiniOzoneClusterImpl-1169b08c-7389-4170-95e3-f5079f135e90/datanode-2/data/ratis/b56b2aa8-e60f-44f7-b396-643c12960ac7
2019-10-25 18:47:59,461 [main] INFO  server.BaseHttpServer (BaseHttpServer.java:updateConnectorAddress(215)) - HTTP server of HDDSDATANODE is listening at http://0.0.0.0:41825
2019-10-25 18:47:59,461 [pool-60-thread-1] INFO  server.RaftServerConfigKeys (ConfUtils.java:logGet(43)) - raft.server.log.queue.byte-limit = 2147483647 (custom)
2019-10-25 18:47:59,462 [pool-60-thread-1] INFO  server.RaftServerConfigKeys (ConfUtils.java:logGet(43)) - raft.server.log.queue.element-limit = 1024 (custom)
2019-10-25 18:47:59,462 [pool-60-thread-1] INFO  server.RaftServerConfigKeys (ConfUtils.java:logGet(43)) - raft.server.log.segment.size.max = 1048576 (custom)
2019-10-25 18:47:59,462 [pool-60-thread-1] INFO  server.RaftServerConfigKeys (ConfUtils.java:logGet(43)) - raft.server.log.preallocated.size = 16384 (custom)
2019-10-25 18:47:59,462 [pool-60-thread-1] INFO  server.RaftServerConfigKeys (ConfUtils.java:logGet(43)) - raft.server.log.write.buffer.size = 33554432 (custom)
2019-10-25 18:47:59,462 [pool-60-thread-1] INFO  server.RaftServerConfigKeys (ConfUtils.java:logGet(43)) - raft.server.log.force.sync.num = 128 (default)
2019-10-25 18:47:59,462 [pool-60-thread-1] INFO  server.RaftServerConfigKeys (ConfUtils.java:logGet(43)) - raft.server.log.statemachine.data.sync = true (default)
2019-10-25 18:47:59,462 [pool-60-thread-1] INFO  server.RaftServerConfigKeys (ConfUtils.java:logGet(43)) - raft.server.log.statemachine.data.sync.timeout = 10s (default)
2019-10-25 18:47:59,462 [pool-60-thread-1] INFO  server.RaftServerConfigKeys (ConfUtils.java:logGet(43)) - raft.server.log.statemachine.data.sync.timeout.retry = -1 (default)
2019-10-25 18:47:59,463 [pool-60-thread-1] INFO  server.RaftServerConfigKeys (ConfUtils.java:logGet(43)) - raft.server.log.statemachine.data.caching.enabled = true (custom)
2019-10-25 18:47:59,463 [org.apache.hadoop.util.JvmPauseMonitor$Monitor@51329f91] INFO  util.JvmPauseMonitor (JvmPauseMonitor.java:run(188)) - Starting JVM pause monitor
2019-10-25 18:47:59,463 [pool-60-thread-1] INFO  impl.RaftServerImpl (ServerState.java:setRaftConf(356)) - 90a9ce3a-0a5e-4de2-813a-4d04cb4d4ab9@group-643C12960AC7: set configuration 0: [202d5f49-7963-4b43-9e61-5069c2030fd4:192.168.157.217:43680, b2320d56-a737-47f4-81b1-3e8f0fb16133:192.168.157.217:40923, 90a9ce3a-0a5e-4de2-813a-4d04cb4d4ab9:192.168.157.217:37724], old=null at 0
2019-10-25 18:47:59,464 [pool-60-thread-1] INFO  segmented.LogSegment (LogSegment.java:loadSegment(140)) - Successfully read 5 entries from segment file /workdir/hadoop-ozone/integration-test/target/test-dir/MiniOzoneClusterImpl-1169b08c-7389-4170-95e3-f5079f135e90/datanode-2/data/ratis/b56b2aa8-e60f-44f7-b396-643c12960ac7/current/log_inprogress_0
2019-10-25 18:47:59,464 [pool-60-thread-1] INFO  segmented.SegmentedRaftLogWorker (SegmentedRaftLogWorker.java:lambda$new$0(128)) - 90a9ce3a-0a5e-4de2-813a-4d04cb4d4ab9@group-643C12960AC7-SegmentedRaftLogWorker: flushIndex: setUnconditionally 0 -> 4
2019-10-25 18:47:59,487 [pool-60-thread-1] INFO  raftlog.RaftLog (RaftLog.java:lambda$new$0(61)) - 90a9ce3a-0a5e-4de2-813a-4d04cb4d4ab9@group-643C12960AC7-SegmentedRaftLog: commitIndex: updateToMax old=3, new=3, updated? false
2019-10-25 18:47:59,488 [pool-60-thread-1] INFO  server.RaftServerConfigKeys (ConfUtils.java:logGet(43)) - raft.server.snapshot.auto.trigger.enabled = true (custom)
2019-10-25 18:47:59,488 [pool-60-thread-1] INFO  server.RaftServerConfigKeys (ConfUtils.java:logGet(43)) - raft.server.snapshot.auto.trigger.threshold = 10000 (custom)
2019-10-25 18:47:59,488 [pool-60-thread-1] INFO  server.RaftServerConfigKeys (ConfUtils.java:logGet(43)) - raft.server.snapshot.retention.file.num = 5 (custom)
2019-10-25 18:47:59,488 [pool-60-thread-1] INFO  server.RaftServerConfigKeys (ConfUtils.java:logGet(43)) - raft.server.retrycache.expirytime = 600000ms (custom)
2019-10-25 18:47:59,921 [BlockDeletingService#2] WARN  background.BlockDeletingService (BlockDeletingService.java:isDeletionAllowed(187)) - Close Container log Index 6 is not replicated across allthe servers in the pipeline b56b2aa8-e60f-44f7-b396-643c12960ac7 as the min replicated index is 4. Deletion is not allowed in this container yet.
2019-10-25 18:47:59,921 [BlockDeletingService#2] WARN  background.BlockDeletingService (BlockDeletingService.java:isDeletionAllowed(187)) - Close Container log Index 6 is not replicated across allthe servers in the pipeline b56b2aa8-e60f-44f7-b396-643c12960ac7 as the min replicated index is 4. Deletion is not allowed in this container yet.
2019-10-25 18:48:00,305 [pool-8-thread-1] INFO  commands.RetriableDatanodeEventWatcher (RetriableDatanodeEventWatcher.java:onTimeout(47)) - RetriableDatanodeCommand type=deleteBlocksCommand with id=1572029278305 timed out. Retrying.
2019-10-25 18:48:00,305 [SCMBlockDeletingService#0] INFO  block.SCMBlockDeletingService (SCMBlockDeletingService.java:call(187)) - Totally added 1 delete blocks command for 1 datanodes, task elapsed time: 1ms
2019-10-25 18:48:00,306 [pool-8-thread-2] INFO  commands.RetriableDatanodeEventWatcher (RetriableDatanodeEventWatcher.java:onTimeout(47)) - RetriableDatanodeCommand type=deleteBlocksCommand with id=1572029278302 timed out. Retrying.
2019-10-25 18:48:00,922 [BlockDeletingService#2] WARN  background.BlockDeletingService (BlockDeletingService.java:isDeletionAllowed(187)) - Close Container log Index 6 is not replicated across allthe servers in the pipeline b56b2aa8-e60f-44f7-b396-643c12960ac7 as the min replicated index is 4. Deletion is not allowed in this container yet.
2019-10-25 18:48:00,922 [BlockDeletingService#2] WARN  background.BlockDeletingService (BlockDeletingService.java:isDeletionAllowed(187)) - Close Container log Index 6 is not replicated across allthe servers in the pipeline b56b2aa8-e60f-44f7-b396-643c12960ac7 as the min replicated index is 4. Deletion is not allowed in this container yet.
2019-10-25 18:48:01,305 [pool-8-thread-2] INFO  commands.RetriableDatanodeEventWatcher (RetriableDatanodeEventWatcher.java:onTimeout(47)) - RetriableDatanodeCommand type=deleteBlocksCommand with id=1572029278306 timed out. Retrying.
2019-10-25 18:48:01,306 [pool-8-thread-2] INFO  commands.RetriableDatanodeEventWatcher (RetriableDatanodeEventWatcher.java:onTimeout(47)) - RetriableDatanodeCommand type=deleteBlocksCommand with id=1572029278305 timed out. Retrying.
2019-10-25 18:48:01,306 [pool-8-thread-1] INFO  commands.RetriableDatanodeEventWatcher (RetriableDatanodeEventWatcher.java:onTimeout(47)) - RetriableDatanodeCommand type=deleteBlocksCommand with id=1572029278302 timed out. Retrying.
2019-10-25 18:48:01,307 [SCMBlockDeletingService#0] INFO  block.SCMBlockDeletingService (SCMBlockDeletingService.java:call(187)) - Totally added 1 delete blocks command for 1 datanodes, task elapsed time: 1ms
2019-10-25 18:48:01,466 [Datanode State Machine Thread - 0] INFO  ozoneimpl.OzoneContainer (OzoneContainer.java:start(213)) - Attempting to start container services.
2019-10-25 18:48:01,468 [Datanode State Machine Thread - 0] INFO  ozoneimpl.OzoneContainer (OzoneContainer.java:startContainerScrub(177)) - Background container scanner has been disabled.
2019-10-25 18:48:01,468 [Datanode State Machine Thread - 0] INFO  ratis.XceiverServerRatis (XceiverServerRatis.java:start(418)) - Starting XceiverServerRatis 90a9ce3a-0a5e-4de2-813a-4d04cb4d4ab9 at port 37724
2019-10-25 18:48:01,478 [ForkJoinPool.commonPool-worker-1] INFO  impl.RaftServerImpl (RaftServerImpl.java:start(184)) - 90a9ce3a-0a5e-4de2-813a-4d04cb4d4ab9@group-030C09A39C9A: start as a follower, conf=0: [90a9ce3a-0a5e-4de2-813a-4d04cb4d4ab9:192.168.157.217:37724], old=null
2019-10-25 18:48:01,478 [Datanode State Machine Thread - 0] INFO  impl.RaftServerImpl (RaftServerImpl.java:start(184)) - 90a9ce3a-0a5e-4de2-813a-4d04cb4d4ab9@group-643C12960AC7: start as a follower, conf=0: [202d5f49-7963-4b43-9e61-5069c2030fd4:192.168.157.217:43680, b2320d56-a737-47f4-81b1-3e8f0fb16133:192.168.157.217:40923, 90a9ce3a-0a5e-4de2-813a-4d04cb4d4ab9:192.168.157.217:37724], old=null
2019-10-25 18:48:01,478 [ForkJoinPool.commonPool-worker-1] INFO  impl.RaftServerImpl (RaftServerImpl.java:setRole(173)) - 90a9ce3a-0a5e-4de2-813a-4d04cb4d4ab9@group-030C09A39C9A: changes role from      null to FOLLOWER at term 1 for startAsFollower
2019-10-25 18:48:01,478 [Datanode State Machine Thread - 0] INFO  impl.RaftServerImpl (RaftServerImpl.java:setRole(173)) - 90a9ce3a-0a5e-4de2-813a-4d04cb4d4ab9@group-643C12960AC7: changes role from      null to FOLLOWER at term 3 for startAsFollower
2019-10-25 18:48:01,479 [ForkJoinPool.commonPool-worker-1] INFO  impl.RoleInfo (RoleInfo.java:updateAndGet(143)) - 90a9ce3a-0a5e-4de2-813a-4d04cb4d4ab9: start FollowerState
2019-10-25 18:48:01,479 [Datanode State Machine Thread - 0] INFO  impl.RoleInfo (RoleInfo.java:updateAndGet(143)) - 90a9ce3a-0a5e-4de2-813a-4d04cb4d4ab9: start FollowerState
2019-10-25 18:48:01,480 [Datanode State Machine Thread - 0] INFO  util.JmxRegister (JmxRegister.java:tryRegister(44)) - Successfully registered JMX Bean with object name Ratis:service=RaftServer,group=group-643C12960AC7,id=90a9ce3a-0a5e-4de2-813a-4d04cb4d4ab9
2019-10-25 18:48:01,480 [ForkJoinPool.commonPool-worker-1] INFO  util.JmxRegister (JmxRegister.java:tryRegister(44)) - Successfully registered JMX Bean with object name Ratis:service=RaftServer,group=group-030C09A39C9A,id=90a9ce3a-0a5e-4de2-813a-4d04cb4d4ab9
2019-10-25 18:48:01,480 [Datanode State Machine Thread - 0] INFO  impl.RaftServerProxy (RaftServerProxy.java:lambda$start$3(299)) - 90a9ce3a-0a5e-4de2-813a-4d04cb4d4ab9: start RPC server
2019-10-25 18:48:01,481 [Datanode State Machine Thread - 0] INFO  server.GrpcService (GrpcService.java:startImpl(158)) - 90a9ce3a-0a5e-4de2-813a-4d04cb4d4ab9: GrpcService started, listening on 0.0.0.0/0.0.0.0:37724
2019-10-25 18:48:01,729 [java.util.concurrent.ThreadPoolExecutor$Worker@4fc56e52[State = -1, empty queue]] WARN  server.GrpcLogAppender (GrpcLogAppender.java:timeoutAppendRequest(209)) - b2320d56-a737-47f4-81b1-3e8f0fb16133@group-643C12960AC7->90a9ce3a-0a5e-4de2-813a-4d04cb4d4ab9-GrpcLogAppender: appendEntries Timeout, request=b2320d56-a737-47f4-81b1-3e8f0fb16133->90a9ce3a-0a5e-4de2-813a-4d04cb4d4ab9#51-t3, previous=(t:3, i:10), leaderCommit=10, initializing? false, entries: <empty>
2019-10-25 18:48:01,925 [BlockDeletingService#2] WARN  background.BlockDeletingService (BlockDeletingService.java:isDeletionAllowed(187)) - Close Container log Index 6 is not replicated across allthe servers in the pipeline b56b2aa8-e60f-44f7-b396-643c12960ac7 as the min replicated index is 4. Deletion is not allowed in this container yet.
2019-10-25 18:48:01,925 [BlockDeletingService#2] WARN  background.BlockDeletingService (BlockDeletingService.java:isDeletionAllowed(187)) - Close Container log Index 6 is not replicated across allthe servers in the pipeline b56b2aa8-e60f-44f7-b396-643c12960ac7 as the min replicated index is 4. Deletion is not allowed in this container yet.
2019-10-25 18:48:02,307 [pool-8-thread-1] INFO  commands.RetriableDatanodeEventWatcher (RetriableDatanodeEventWatcher.java:onTimeout(47)) - RetriableDatanodeCommand type=deleteBlocksCommand with id=1572029278305 timed out. Retrying.
2019-10-25 18:48:02,309 [pool-8-thread-2] INFO  commands.RetriableDatanodeEventWatcher (RetriableDatanodeEventWatcher.java:onTimeout(47)) - RetriableDatanodeCommand type=deleteBlocksCommand with id=1572029278307 timed out. Retrying.
2019-10-25 18:48:02,309 [pool-8-thread-4] INFO  commands.RetriableDatanodeEventWatcher (RetriableDatanodeEventWatcher.java:onTimeout(47)) - RetriableDatanodeCommand type=deleteBlocksCommand with id=1572029278302 timed out. Retrying.
2019-10-25 18:48:02,309 [pool-8-thread-3] INFO  commands.RetriableDatanodeEventWatcher (RetriableDatanodeEventWatcher.java:onTimeout(47)) - RetriableDatanodeCommand type=deleteBlocksCommand with id=1572029278306 timed out. Retrying.
2019-10-25 18:48:02,310 [SCMBlockDeletingService#0] INFO  block.SCMBlockDeletingService (SCMBlockDeletingService.java:call(187)) - Totally added 1 delete blocks command for 1 datanodes, task elapsed time: 1ms
2019-10-25 18:48:02,927 [BlockDeletingService#2] WARN  background.BlockDeletingService (BlockDeletingService.java:isDeletionAllowed(187)) - Close Container log Index 6 is not replicated across allthe servers in the pipeline b56b2aa8-e60f-44f7-b396-643c12960ac7 as the min replicated index is 4. Deletion is not allowed in this container yet.
2019-10-25 18:48:02,927 [BlockDeletingService#2] WARN  background.BlockDeletingService (BlockDeletingService.java:isDeletionAllowed(187)) - Close Container log Index 6 is not replicated across allthe servers in the pipeline b56b2aa8-e60f-44f7-b396-643c12960ac7 as the min replicated index is 4. Deletion is not allowed in this container yet.
2019-10-25 18:48:03,310 [pool-8-thread-2] INFO  commands.RetriableDatanodeEventWatcher (RetriableDatanodeEventWatcher.java:onTimeout(47)) - RetriableDatanodeCommand type=deleteBlocksCommand with id=1572029278306 timed out. Retrying.
2019-10-25 18:48:03,310 [pool-8-thread-5] INFO  commands.RetriableDatanodeEventWatcher (RetriableDatanodeEventWatcher.java:onTimeout(47)) - RetriableDatanodeCommand type=deleteBlocksCommand with id=1572029278302 timed out. Retrying.
2019-10-25 18:48:03,311 [SCMBlockDeletingService#0] INFO  block.SCMBlockDeletingService (SCMBlockDeletingService.java:call(187)) - Totally added 1 delete blocks command for 1 datanodes, task elapsed time: 0ms
2019-10-25 18:48:03,311 [pool-8-thread-1] INFO  commands.RetriableDatanodeEventWatcher (RetriableDatanodeEventWatcher.java:onTimeout(47)) - RetriableDatanodeCommand type=deleteBlocksCommand with id=1572029278308 timed out. Retrying.
2019-10-25 18:48:03,311 [pool-8-thread-3] INFO  commands.RetriableDatanodeEventWatcher (RetriableDatanodeEventWatcher.java:onTimeout(47)) - RetriableDatanodeCommand type=deleteBlocksCommand with id=1572029278305 timed out. Retrying.
2019-10-25 18:48:03,311 [pool-8-thread-4] INFO  commands.RetriableDatanodeEventWatcher (RetriableDatanodeEventWatcher.java:onTimeout(47)) - RetriableDatanodeCommand type=deleteBlocksCommand with id=1572029278307 timed out. Retrying.
2019-10-25 18:48:03,466 [EventQueue-PendingDeleteStatusForPendingDeleteHandler] INFO  block.SCMBlockDeletingService (SCMBlockDeletingService.java:handlePendingDeletes(115)) - Block deletion txnID mismatch in datanode 90a9ce3a-0a5e-4de2-813a-4d04cb4d4ab9 for containerID 1. Datanode delete txnID: 0, SCM txnID: 1
2019-10-25 18:48:03,929 [BlockDeletingService#2] WARN  background.BlockDeletingService (BlockDeletingService.java:isDeletionAllowed(187)) - Close Container log Index 6 is not replicated across allthe servers in the pipeline b56b2aa8-e60f-44f7-b396-643c12960ac7 as the min replicated index is 4. Deletion is not allowed in this container yet.
2019-10-25 18:48:03,929 [BlockDeletingService#2] WARN  background.BlockDeletingService (BlockDeletingService.java:isDeletionAllowed(187)) - Close Container log Index 6 is not replicated across allthe servers in the pipeline b56b2aa8-e60f-44f7-b396-643c12960ac7 as the min replicated index is 4. Deletion is not allowed in this container yet.
2019-10-25 18:48:04,230 [java.util.concurrent.ThreadPoolExecutor$Worker@4fc56e52[State = -1, empty queue]] WARN  server.GrpcLogAppender (GrpcLogAppender.java:timeoutAppendRequest(209)) - b2320d56-a737-47f4-81b1-3e8f0fb16133@group-643C12960AC7->90a9ce3a-0a5e-4de2-813a-4d04cb4d4ab9-GrpcLogAppender: appendEntries Timeout, request=b2320d56-a737-47f4-81b1-3e8f0fb16133->90a9ce3a-0a5e-4de2-813a-4d04cb4d4ab9#52-t3, previous=(t:3, i:10), leaderCommit=10, initializing? false, entries: <empty>
2019-10-25 18:48:04,311 [pool-8-thread-3] INFO  commands.RetriableDatanodeEventWatcher (RetriableDatanodeEventWatcher.java:onTimeout(47)) - RetriableDatanodeCommand type=deleteBlocksCommand with id=1572029278309 timed out. Retrying.
2019-10-25 18:48:04,311 [pool-8-thread-4] INFO  commands.RetriableDatanodeEventWatcher (RetriableDatanodeEventWatcher.java:onTimeout(47)) - RetriableDatanodeCommand type=deleteBlocksCommand with id=1572029278306 timed out. Retrying.
2019-10-25 18:48:04,311 [pool-8-thread-1] INFO  commands.RetriableDatanodeEventWatcher (RetriableDatanodeEventWatcher.java:onTimeout(47)) - RetriableDatanodeCommand type=deleteBlocksCommand with id=1572029278302 timed out. Retrying.
2019-10-25 18:48:04,312 [SCMBlockDeletingService#0] INFO  block.SCMBlockDeletingService (SCMBlockDeletingService.java:call(187)) - Totally added 1 delete blocks command for 1 datanodes, task elapsed time: 0ms
2019-10-25 18:48:04,312 [pool-8-thread-1] INFO  commands.RetriableDatanodeEventWatcher (RetriableDatanodeEventWatcher.java:onTimeout(47)) - RetriableDatanodeCommand type=deleteBlocksCommand with id=1572029278305 timed out. Retrying.
2019-10-25 18:48:04,312 [pool-8-thread-3] INFO  commands.RetriableDatanodeEventWatcher (RetriableDatanodeEventWatcher.java:onTimeout(47)) - RetriableDatanodeCommand type=deleteBlocksCommand with id=1572029278308 timed out. Retrying.
2019-10-25 18:48:04,312 [pool-8-thread-4] INFO  commands.RetriableDatanodeEventWatcher (RetriableDatanodeEventWatcher.java:onTimeout(47)) - RetriableDatanodeCommand type=deleteBlocksCommand with id=1572029278307 timed out. Retrying.
2019-10-25 18:48:04,930 [BlockDeletingService#2] WARN  background.BlockDeletingService (BlockDeletingService.java:isDeletionAllowed(187)) - Close Container log Index 6 is not replicated across allthe servers in the pipeline b56b2aa8-e60f-44f7-b396-643c12960ac7 as the min replicated index is 4. Deletion is not allowed in this container yet.
2019-10-25 18:48:04,930 [BlockDeletingService#2] WARN  background.BlockDeletingService (BlockDeletingService.java:isDeletionAllowed(187)) - Close Container log Index 6 is not replicated across allthe servers in the pipeline b56b2aa8-e60f-44f7-b396-643c12960ac7 as the min replicated index is 4. Deletion is not allowed in this container yet.
2019-10-25 18:48:05,312 [pool-8-thread-4] INFO  commands.RetriableDatanodeEventWatcher (RetriableDatanodeEventWatcher.java:onTimeout(47)) - RetriableDatanodeCommand type=deleteBlocksCommand with id=1572029278306 timed out. Retrying.
2019-10-25 18:48:05,312 [pool-8-thread-1] INFO  commands.RetriableDatanodeEventWatcher (RetriableDatanodeEventWatcher.java:onTimeout(47)) - RetriableDatanodeCommand type=deleteBlocksCommand with id=1572029278310 timed out. Retrying.
2019-10-25 18:48:05,313 [pool-8-thread-5] INFO  commands.RetriableDatanodeEventWatcher (RetriableDatanodeEventWatcher.java:onTimeout(47)) - RetriableDatanodeCommand type=deleteBlocksCommand with id=1572029278302 timed out. Retrying.
2019-10-25 18:48:05,313 [SCMBlockDeletingService#0] INFO  block.SCMBlockDeletingService (SCMBlockDeletingService.java:call(187)) - Totally added 1 delete blocks command for 1 datanodes, task elapsed time: 0ms
2019-10-25 18:48:05,313 [pool-8-thread-1] INFO  commands.RetriableDatanodeEventWatcher (RetriableDatanodeEventWatcher.java:onTimeout(47)) - RetriableDatanodeCommand type=deleteBlocksCommand with id=1572029278305 timed out. Retrying.
2019-10-25 18:48:05,313 [pool-8-thread-3] INFO  commands.RetriableDatanodeEventWatcher (RetriableDatanodeEventWatcher.java:onTimeout(47)) - RetriableDatanodeCommand type=deleteBlocksCommand with id=1572029278309 timed out. Retrying.
2019-10-25 18:48:05,313 [pool-8-thread-4] INFO  commands.RetriableDatanodeEventWatcher (RetriableDatanodeEventWatcher.java:onTimeout(47)) - RetriableDatanodeCommand type=deleteBlocksCommand with id=1572029278307 timed out. Retrying.
2019-10-25 18:48:05,313 [pool-8-thread-2] INFO  commands.RetriableDatanodeEventWatcher (RetriableDatanodeEventWatcher.java:onTimeout(47)) - RetriableDatanodeCommand type=deleteBlocksCommand with id=1572029278308 timed out. Retrying.
2019-10-25 18:48:05,465 [EventQueue-PendingDeleteStatusForPendingDeleteHandler] INFO  block.SCMBlockDeletingService (SCMBlockDeletingService.java:handlePendingDeletes(115)) - Block deletion txnID mismatch in datanode 90a9ce3a-0a5e-4de2-813a-4d04cb4d4ab9 for containerID 1. Datanode delete txnID: 0, SCM txnID: 1
2019-10-25 18:48:05,487 [grpc-default-executor-1] INFO  impl.RaftServerProxy (RaftServerProxy.java:addNew(89)) - 90a9ce3a-0a5e-4de2-813a-4d04cb4d4ab9: addNew group-E56701C016FD:[90a9ce3a-0a5e-4de2-813a-4d04cb4d4ab9:192.168.157.217:37724] returns group-E56701C016FD:java.util.concurrent.CompletableFuture@7eb5493a[Not completed]
2019-10-25 18:48:05,490 [pool-60-thread-1] INFO  impl.RaftServerImpl (RaftServerImpl.java:<init>(98)) - 90a9ce3a-0a5e-4de2-813a-4d04cb4d4ab9: new RaftServerImpl for group-E56701C016FD:[90a9ce3a-0a5e-4de2-813a-4d04cb4d4ab9:192.168.157.217:37724] with ContainerStateMachine:uninitialized
2019-10-25 18:48:05,491 [pool-60-thread-1] INFO  server.RaftServerConfigKeys (ConfUtils.java:logGet(43)) - raft.server.rpc.timeout.min = 5s (custom)
2019-10-25 18:48:05,491 [pool-60-thread-1] INFO  server.RaftServerConfigKeys (ConfUtils.java:logGet(43)) - raft.server.rpc.timeout.max = 5200ms (custom)
2019-10-25 18:48:05,491 [pool-60-thread-1] INFO  server.RaftServerConfigKeys (ConfUtils.java:logGet(43)) - raft.server.rpcslowness.timeout = 1000s (custom)
2019-10-25 18:48:05,491 [pool-60-thread-1] INFO  server.RaftServerConfigKeys (ConfUtils.java:logGet(43)) - raft.server.sleep.deviation.threshold = 300 (default)
2019-10-25 18:48:05,491 [pool-60-thread-1] INFO  server.RaftServerConfigKeys (ConfUtils.java:logGet(43)) - raft.server.log.appender.install.snapshot.enabled = false (custom)
2019-10-25 18:48:05,491 [pool-60-thread-1] INFO  impl.RaftServerImpl (ServerState.java:<init>(103)) - 90a9ce3a-0a5e-4de2-813a-4d04cb4d4ab9@group-E56701C016FD: ConfigurationManager, init=-1: [90a9ce3a-0a5e-4de2-813a-4d04cb4d4ab9:192.168.157.217:37724], old=null, confs=<EMPTY_MAP>
2019-10-25 18:48:05,492 [pool-60-thread-1] INFO  server.RaftServerConfigKeys (ConfUtils.java:logGet(43)) - raft.server.storage.dir = [/workdir/hadoop-ozone/integration-test/target/test-dir/MiniOzoneClusterImpl-1169b08c-7389-4170-95e3-f5079f135e90/datanode-2/data/ratis] (custom)
2019-10-25 18:48:05,492 [pool-60-thread-1] INFO  server.RaftServerConfigKeys (ConfUtils.java:logGet(43)) - raft.server.log.corruption.policy = EXCEPTION (default)
2019-10-25 18:48:05,493 [pool-60-thread-1] INFO  storage.RaftStorageDirectory (RaftStorageDirectory.java:analyzeStorage(246)) - The storage directory /workdir/hadoop-ozone/integration-test/target/test-dir/MiniOzoneClusterImpl-1169b08c-7389-4170-95e3-f5079f135e90/datanode-2/data/ratis/4c614288-aa67-4aa8-8bf3-e56701c016fd does not exist. Creating ...
2019-10-25 18:48:05,535 [pool-60-thread-1] INFO  storage.RaftStorageDirectory (RaftStorageDirectory.java:tryLock(328)) - Lock on /workdir/hadoop-ozone/integration-test/target/test-dir/MiniOzoneClusterImpl-1169b08c-7389-4170-95e3-f5079f135e90/datanode-2/data/ratis/4c614288-aa67-4aa8-8bf3-e56701c016fd/in_use.lock acquired by nodename 3211@pr-hdds-2329-pipelines-rmb8m-4073948133
2019-10-25 18:48:05,549 [pool-60-thread-1] INFO  storage.RaftStorage (RaftStorage.java:format(84)) - Storage directory /workdir/hadoop-ozone/integration-test/target/test-dir/MiniOzoneClusterImpl-1169b08c-7389-4170-95e3-f5079f135e90/datanode-2/data/ratis/4c614288-aa67-4aa8-8bf3-e56701c016fd has been successfully formatted.
2019-10-25 18:48:05,549 [pool-60-thread-1] INFO  ratis.ContainerStateMachine (ContainerStateMachine.java:loadSnapshot(231)) - group-E56701C016FD: The snapshot info is null. Setting the last applied indexto:(t:0, i:~)
2019-10-25 18:48:05,550 [pool-60-thread-1] INFO  server.RaftServerConfigKeys (ConfUtils.java:logGet(43)) - raft.server.notification.no-leader.timeout = 1000s (custom)
2019-10-25 18:48:05,550 [pool-60-thread-1] INFO  server.RaftServerConfigKeys (ConfUtils.java:logGet(43)) - raft.server.log.use.memory = false (default)
2019-10-25 18:48:05,550 [pool-60-thread-1] INFO  server.RaftServerConfigKeys (ConfUtils.java:logGet(43)) - raft.server.log.purge.gap = 1000000 (custom)
2019-10-25 18:48:05,550 [pool-60-thread-1] INFO  server.RaftServerConfigKeys (ConfUtils.java:logGet(43)) - raft.server.log.appender.buffer.byte-limit = 33554432 (custom)
2019-10-25 18:48:05,550 [pool-60-thread-1] INFO  server.RaftServerConfigKeys (ConfUtils.java:logGet(43)) - raft.server.log.segment.size.max = 1048576 (custom)
2019-10-25 18:48:05,551 [pool-60-thread-1] INFO  server.RaftServerConfigKeys (ConfUtils.java:logGet(43)) - raft.server.log.segment.cache.num.max = 2 (custom)
2019-10-25 18:48:05,551 [pool-60-thread-1] INFO  segmented.SegmentedRaftLogWorker (SegmentedRaftLogWorker.java:<init>(173)) - new 90a9ce3a-0a5e-4de2-813a-4d04cb4d4ab9@group-E56701C016FD-SegmentedRaftLogWorker for RaftStorage:Storage Directory /workdir/hadoop-ozone/integration-test/target/test-dir/MiniOzoneClusterImpl-1169b08c-7389-4170-95e3-f5079f135e90/datanode-2/data/ratis/4c614288-aa67-4aa8-8bf3-e56701c016fd
2019-10-25 18:48:05,551 [pool-60-thread-1] INFO  server.RaftServerConfigKeys (ConfUtils.java:logGet(43)) - raft.server.log.queue.byte-limit = 2147483647 (custom)
2019-10-25 18:48:05,551 [pool-60-thread-1] INFO  server.RaftServerConfigKeys (ConfUtils.java:logGet(43)) - raft.server.log.queue.element-limit = 1024 (custom)
2019-10-25 18:48:05,552 [pool-60-thread-1] INFO  server.RaftServerConfigKeys (ConfUtils.java:logGet(43)) - raft.server.log.segment.size.max = 1048576 (custom)
2019-10-25 18:48:05,552 [pool-60-thread-1] INFO  server.RaftServerConfigKeys (ConfUtils.java:logGet(43)) - raft.server.log.preallocated.size = 16384 (custom)
2019-10-25 18:48:05,552 [pool-60-thread-1] INFO  server.RaftServerConfigKeys (ConfUtils.java:logGet(43)) - raft.server.log.write.buffer.size = 33554432 (custom)
2019-10-25 18:48:05,552 [pool-60-thread-1] INFO  server.RaftServerConfigKeys (ConfUtils.java:logGet(43)) - raft.server.log.force.sync.num = 128 (default)
2019-10-25 18:48:05,552 [pool-60-thread-1] INFO  server.RaftServerConfigKeys (ConfUtils.java:logGet(43)) - raft.server.log.statemachine.data.sync = true (default)
2019-10-25 18:48:05,552 [pool-60-thread-1] INFO  server.RaftServerConfigKeys (ConfUtils.java:logGet(43)) - raft.server.log.statemachine.data.sync.timeout = 10s (default)
2019-10-25 18:48:05,553 [pool-60-thread-1] INFO  server.RaftServerConfigKeys (ConfUtils.java:logGet(43)) - raft.server.log.statemachine.data.sync.timeout.retry = -1 (default)
2019-10-25 18:48:05,553 [pool-60-thread-1] INFO  server.RaftServerConfigKeys (ConfUtils.java:logGet(43)) - raft.server.log.statemachine.data.caching.enabled = true (custom)
2019-10-25 18:48:05,554 [pool-60-thread-1] INFO  segmented.SegmentedRaftLogWorker (SegmentedRaftLogWorker.java:lambda$new$0(128)) - 90a9ce3a-0a5e-4de2-813a-4d04cb4d4ab9@group-E56701C016FD-SegmentedRaftLogWorker: flushIndex: setUnconditionally 0 -> -1
2019-10-25 18:48:05,554 [pool-60-thread-1] INFO  server.RaftServerConfigKeys (ConfUtils.java:logGet(43)) - raft.server.snapshot.auto.trigger.enabled = true (custom)
2019-10-25 18:48:05,554 [pool-60-thread-1] INFO  server.RaftServerConfigKeys (ConfUtils.java:logGet(43)) - raft.server.snapshot.auto.trigger.threshold = 10000 (custom)
2019-10-25 18:48:05,555 [pool-60-thread-1] INFO  server.RaftServerConfigKeys (ConfUtils.java:logGet(43)) - raft.server.snapshot.retention.file.num = 5 (custom)
2019-10-25 18:48:05,555 [pool-60-thread-1] INFO  server.RaftServerConfigKeys (ConfUtils.java:logGet(43)) - raft.server.retrycache.expirytime = 600000ms (custom)
2019-10-25 18:48:05,556 [pool-60-thread-1] WARN  impl.MetricRegistriesImpl (MetricRegistriesImpl.java:lambda$create$1(61)) - First MetricRegistry has been created without registering reporters. You may need to call MetricRegistries.global().addReportRegistration(...) before.
2019-10-25 18:48:05,556 [pool-60-thread-1] WARN  impl.MetricRegistriesImpl (MetricRegistriesImpl.java:lambda$create$1(61)) - First MetricRegistry has been created without registering reporters. You may need to call MetricRegistries.global().addReportRegistration(...) before.
2019-10-25 18:48:05,556 [pool-60-thread-1] INFO  impl.RaftServerImpl (RaftServerImpl.java:start(184)) - 90a9ce3a-0a5e-4de2-813a-4d04cb4d4ab9@group-E56701C016FD: start as a follower, conf=-1: [90a9ce3a-0a5e-4de2-813a-4d04cb4d4ab9:192.168.157.217:37724], old=null
2019-10-25 18:48:05,557 [pool-60-thread-1] INFO  impl.RaftServerImpl (RaftServerImpl.java:setRole(173)) - 90a9ce3a-0a5e-4de2-813a-4d04cb4d4ab9@group-E56701C016FD: changes role from      null to FOLLOWER at term 0 for startAsFollower
2019-10-25 18:48:05,557 [pool-60-thread-1] INFO  impl.RoleInfo (RoleInfo.java:updateAndGet(143)) - 90a9ce3a-0a5e-4de2-813a-4d04cb4d4ab9: start FollowerState
2019-10-25 18:48:05,557 [pool-60-thread-1] INFO  util.JmxRegister (JmxRegister.java:tryRegister(44)) - Successfully registered JMX Bean with object name Ratis:service=RaftServer,group=group-E56701C016FD,id=90a9ce3a-0a5e-4de2-813a-4d04cb4d4ab9
2019-10-25 18:48:05,558 [pool-60-thread-1] WARN  impl.MetricRegistriesImpl (MetricRegistriesImpl.java:lambda$create$1(61)) - First MetricRegistry has been created without registering reporters. You may need to call MetricRegistries.global().addReportRegistration(...) before.
2019-10-25 18:48:05,563 [RatisPipelineUtilsThread] INFO  pipeline.PipelineStateManager (PipelineStateManager.java:addPipeline(56)) - Created pipeline Pipeline[ Id: 4c614288-aa67-4aa8-8bf3-e56701c016fd, Nodes: 90a9ce3a-0a5e-4de2-813a-4d04cb4d4ab9{ip: 192.168.157.217, host: pr-hdds-2329-pipelines-rmb8m-4073948133, networkLocation: /default-rack, certSerialId: null}, Type:RATIS, Factor:ONE, State:OPEN]
2019-10-25 18:48:05,576 [grpc-default-executor-0] INFO  impl.RaftServerProxy (RaftServerProxy.java:addNew(89)) - 202d5f49-7963-4b43-9e61-5069c2030fd4: addNew group-DEB0A25C182B:[202d5f49-7963-4b43-9e61-5069c2030fd4:192.168.157.217:43680, b2320d56-a737-47f4-81b1-3e8f0fb16133:192.168.157.217:40923, 90a9ce3a-0a5e-4de2-813a-4d04cb4d4ab9:192.168.157.217:37724] returns group-DEB0A25C182B:java.util.concurrent.CompletableFuture@2cfce41f[Not completed]
2019-10-25 18:48:05,578 [grpc-default-executor-0] INFO  impl.RaftServerProxy (RaftServerProxy.java:addNew(89)) - 90a9ce3a-0a5e-4de2-813a-4d04cb4d4ab9: addNew group-DEB0A25C182B:[202d5f49-7963-4b43-9e61-5069c2030fd4:192.168.157.217:43680, b2320d56-a737-47f4-81b1-3e8f0fb16133:192.168.157.217:40923, 90a9ce3a-0a5e-4de2-813a-4d04cb4d4ab9:192.168.157.217:37724] returns group-DEB0A25C182B:java.util.concurrent.CompletableFuture@3dd457dd[Not completed]
2019-10-25 18:48:05,581 [grpc-default-executor-0] INFO  impl.RaftServerProxy (RaftServerProxy.java:addNew(89)) - b2320d56-a737-47f4-81b1-3e8f0fb16133: addNew group-DEB0A25C182B:[202d5f49-7963-4b43-9e61-5069c2030fd4:192.168.157.217:43680, b2320d56-a737-47f4-81b1-3e8f0fb16133:192.168.157.217:40923, 90a9ce3a-0a5e-4de2-813a-4d04cb4d4ab9:192.168.157.217:37724] returns group-DEB0A25C182B:java.util.concurrent.CompletableFuture@71950a5d[Not completed]
2019-10-25 18:48:05,581 [pool-28-thread-1] INFO  impl.RaftServerImpl (RaftServerImpl.java:<init>(98)) - 202d5f49-7963-4b43-9e61-5069c2030fd4: new RaftServerImpl for group-DEB0A25C182B:[202d5f49-7963-4b43-9e61-5069c2030fd4:192.168.157.217:43680, b2320d56-a737-47f4-81b1-3e8f0fb16133:192.168.157.217:40923, 90a9ce3a-0a5e-4de2-813a-4d04cb4d4ab9:192.168.157.217:37724] with ContainerStateMachine:uninitialized
2019-10-25 18:48:05,582 [pool-28-thread-1] INFO  server.RaftServerConfigKeys (ConfUtils.java:logGet(43)) - raft.server.rpc.timeout.min = 5s (custom)
2019-10-25 18:48:05,582 [pool-28-thread-1] INFO  server.RaftServerConfigKeys (ConfUtils.java:logGet(43)) - raft.server.rpc.timeout.max = 5200ms (custom)
2019-10-25 18:48:05,582 [pool-28-thread-1] INFO  server.RaftServerConfigKeys (ConfUtils.java:logGet(43)) - raft.server.rpcslowness.timeout = 1000s (custom)
2019-10-25 18:48:05,582 [pool-28-thread-1] INFO  server.RaftServerConfigKeys (ConfUtils.java:logGet(43)) - raft.server.sleep.deviation.threshold = 300 (default)
2019-10-25 18:48:05,582 [pool-28-thread-1] INFO  server.RaftServerConfigKeys (ConfUtils.java:logGet(43)) - raft.server.log.appender.install.snapshot.enabled = false (custom)
2019-10-25 18:48:05,582 [pool-28-thread-1] INFO  impl.RaftServerImpl (ServerState.java:<init>(103)) - 202d5f49-7963-4b43-9e61-5069c2030fd4@group-DEB0A25C182B: ConfigurationManager, init=-1: [202d5f49-7963-4b43-9e61-5069c2030fd4:192.168.157.217:43680, b2320d56-a737-47f4-81b1-3e8f0fb16133:192.168.157.217:40923, 90a9ce3a-0a5e-4de2-813a-4d04cb4d4ab9:192.168.157.217:37724], old=null, confs=<EMPTY_MAP>
2019-10-25 18:48:05,582 [pool-28-thread-1] INFO  server.RaftServerConfigKeys (ConfUtils.java:logGet(43)) - raft.server.storage.dir = [/workdir/hadoop-ozone/integration-test/target/test-dir/MiniOzoneClusterImpl-1169b08c-7389-4170-95e3-f5079f135e90/datanode-0/data/ratis] (custom)
2019-10-25 18:48:05,582 [pool-60-thread-1] INFO  impl.RaftServerImpl (RaftServerImpl.java:<init>(98)) - 90a9ce3a-0a5e-4de2-813a-4d04cb4d4ab9: new RaftServerImpl for group-DEB0A25C182B:[202d5f49-7963-4b43-9e61-5069c2030fd4:192.168.157.217:43680, b2320d56-a737-47f4-81b1-3e8f0fb16133:192.168.157.217:40923, 90a9ce3a-0a5e-4de2-813a-4d04cb4d4ab9:192.168.157.217:37724] with ContainerStateMachine:uninitialized
2019-10-25 18:48:05,583 [pool-60-thread-1] INFO  server.RaftServerConfigKeys (ConfUtils.java:logGet(43)) - raft.server.rpc.timeout.min = 5s (custom)
2019-10-25 18:48:05,583 [pool-28-thread-1] INFO  server.RaftServerConfigKeys (ConfUtils.java:logGet(43)) - raft.server.log.corruption.policy = EXCEPTION (default)
2019-10-25 18:48:05,583 [pool-60-thread-1] INFO  server.RaftServerConfigKeys (ConfUtils.java:logGet(43)) - raft.server.rpc.timeout.max = 5200ms (custom)
2019-10-25 18:48:05,583 [pool-28-thread-1] INFO  storage.RaftStorageDirectory (RaftStorageDirectory.java:analyzeStorage(246)) - The storage directory /workdir/hadoop-ozone/integration-test/target/test-dir/MiniOzoneClusterImpl-1169b08c-7389-4170-95e3-f5079f135e90/datanode-0/data/ratis/ca1e2c12-e3ff-4592-b76a-deb0a25c182b does not exist. Creating ...
2019-10-25 18:48:05,583 [pool-60-thread-1] INFO  server.RaftServerConfigKeys (ConfUtils.java:logGet(43)) - raft.server.rpcslowness.timeout = 1000s (custom)
2019-10-25 18:48:05,583 [pool-60-thread-1] INFO  server.RaftServerConfigKeys (ConfUtils.java:logGet(43)) - raft.server.sleep.deviation.threshold = 300 (default)
2019-10-25 18:48:05,583 [pool-60-thread-1] INFO  server.RaftServerConfigKeys (ConfUtils.java:logGet(43)) - raft.server.log.appender.install.snapshot.enabled = false (custom)
2019-10-25 18:48:05,584 [pool-38-thread-1] INFO  impl.RaftServerImpl (RaftServerImpl.java:<init>(98)) - b2320d56-a737-47f4-81b1-3e8f0fb16133: new RaftServerImpl for group-DEB0A25C182B:[202d5f49-7963-4b43-9e61-5069c2030fd4:192.168.157.217:43680, b2320d56-a737-47f4-81b1-3e8f0fb16133:192.168.157.217:40923, 90a9ce3a-0a5e-4de2-813a-4d04cb4d4ab9:192.168.157.217:37724] with ContainerStateMachine:uninitialized
2019-10-25 18:48:05,584 [pool-60-thread-1] INFO  impl.RaftServerImpl (ServerState.java:<init>(103)) - 90a9ce3a-0a5e-4de2-813a-4d04cb4d4ab9@group-DEB0A25C182B: ConfigurationManager, init=-1: [202d5f49-7963-4b43-9e61-5069c2030fd4:192.168.157.217:43680, b2320d56-a737-47f4-81b1-3e8f0fb16133:192.168.157.217:40923, 90a9ce3a-0a5e-4de2-813a-4d04cb4d4ab9:192.168.157.217:37724], old=null, confs=<EMPTY_MAP>
2019-10-25 18:48:05,584 [pool-38-thread-1] INFO  server.RaftServerConfigKeys (ConfUtils.java:logGet(43)) - raft.server.rpc.timeout.min = 5s (custom)
2019-10-25 18:48:05,584 [pool-60-thread-1] INFO  server.RaftServerConfigKeys (ConfUtils.java:logGet(43)) - raft.server.storage.dir = [/workdir/hadoop-ozone/integration-test/target/test-dir/MiniOzoneClusterImpl-1169b08c-7389-4170-95e3-f5079f135e90/datanode-2/data/ratis] (custom)
2019-10-25 18:48:05,584 [pool-38-thread-1] INFO  server.RaftServerConfigKeys (ConfUtils.java:logGet(43)) - raft.server.rpc.timeout.max = 5200ms (custom)
2019-10-25 18:48:05,584 [pool-38-thread-1] INFO  server.RaftServerConfigKeys (ConfUtils.java:logGet(43)) - raft.server.rpcslowness.timeout = 1000s (custom)
2019-10-25 18:48:05,584 [pool-60-thread-1] INFO  server.RaftServerConfigKeys (ConfUtils.java:logGet(43)) - raft.server.log.corruption.policy = EXCEPTION (default)
2019-10-25 18:48:05,584 [pool-38-thread-1] INFO  server.RaftServerConfigKeys (ConfUtils.java:logGet(43)) - raft.server.sleep.deviation.threshold = 300 (default)
2019-10-25 18:48:05,585 [pool-60-thread-1] INFO  storage.RaftStorageDirectory (RaftStorageDirectory.java:analyzeStorage(246)) - The storage directory /workdir/hadoop-ozone/integration-test/target/test-dir/MiniOzoneClusterImpl-1169b08c-7389-4170-95e3-f5079f135e90/datanode-2/data/ratis/ca1e2c12-e3ff-4592-b76a-deb0a25c182b does not exist. Creating ...
2019-10-25 18:48:05,585 [pool-38-thread-1] INFO  server.RaftServerConfigKeys (ConfUtils.java:logGet(43)) - raft.server.log.appender.install.snapshot.enabled = false (custom)
2019-10-25 18:48:05,585 [pool-38-thread-1] INFO  impl.RaftServerImpl (ServerState.java:<init>(103)) - b2320d56-a737-47f4-81b1-3e8f0fb16133@group-DEB0A25C182B: ConfigurationManager, init=-1: [202d5f49-7963-4b43-9e61-5069c2030fd4:192.168.157.217:43680, b2320d56-a737-47f4-81b1-3e8f0fb16133:192.168.157.217:40923, 90a9ce3a-0a5e-4de2-813a-4d04cb4d4ab9:192.168.157.217:37724], old=null, confs=<EMPTY_MAP>
2019-10-25 18:48:05,585 [pool-38-thread-1] INFO  server.RaftServerConfigKeys (ConfUtils.java:logGet(43)) - raft.server.storage.dir = [/workdir/hadoop-ozone/integration-test/target/test-dir/MiniOzoneClusterImpl-1169b08c-7389-4170-95e3-f5079f135e90/datanode-1/data/ratis] (custom)
2019-10-25 18:48:05,585 [pool-38-thread-1] INFO  server.RaftServerConfigKeys (ConfUtils.java:logGet(43)) - raft.server.log.corruption.policy = EXCEPTION (default)
2019-10-25 18:48:05,586 [pool-38-thread-1] INFO  storage.RaftStorageDirectory (RaftStorageDirectory.java:analyzeStorage(246)) - The storage directory /workdir/hadoop-ozone/integration-test/target/test-dir/MiniOzoneClusterImpl-1169b08c-7389-4170-95e3-f5079f135e90/datanode-1/data/ratis/ca1e2c12-e3ff-4592-b76a-deb0a25c182b does not exist. Creating ...
2019-10-25 18:48:05,597 [pool-60-thread-1] INFO  storage.RaftStorageDirectory (RaftStorageDirectory.java:tryLock(328)) - Lock on /workdir/hadoop-ozone/integration-test/target/test-dir/MiniOzoneClusterImpl-1169b08c-7389-4170-95e3-f5079f135e90/datanode-2/data/ratis/ca1e2c12-e3ff-4592-b76a-deb0a25c182b/in_use.lock acquired by nodename 3211@pr-hdds-2329-pipelines-rmb8m-4073948133
2019-10-25 18:48:05,597 [pool-28-thread-1] INFO  storage.RaftStorageDirectory (RaftStorageDirectory.java:tryLock(328)) - Lock on /workdir/hadoop-ozone/integration-test/target/test-dir/MiniOzoneClusterImpl-1169b08c-7389-4170-95e3-f5079f135e90/datanode-0/data/ratis/ca1e2c12-e3ff-4592-b76a-deb0a25c182b/in_use.lock acquired by nodename 3211@pr-hdds-2329-pipelines-rmb8m-4073948133
2019-10-25 18:48:05,597 [pool-38-thread-1] INFO  storage.RaftStorageDirectory (RaftStorageDirectory.java:tryLock(328)) - Lock on /workdir/hadoop-ozone/integration-test/target/test-dir/MiniOzoneClusterImpl-1169b08c-7389-4170-95e3-f5079f135e90/datanode-1/data/ratis/ca1e2c12-e3ff-4592-b76a-deb0a25c182b/in_use.lock acquired by nodename 3211@pr-hdds-2329-pipelines-rmb8m-4073948133
2019-10-25 18:48:05,610 [pool-38-thread-1] INFO  storage.RaftStorage (RaftStorage.java:format(84)) - Storage directory /workdir/hadoop-ozone/integration-test/target/test-dir/MiniOzoneClusterImpl-1169b08c-7389-4170-95e3-f5079f135e90/datanode-1/data/ratis/ca1e2c12-e3ff-4592-b76a-deb0a25c182b has been successfully formatted.
2019-10-25 18:48:05,610 [pool-60-thread-1] INFO  storage.RaftStorage (RaftStorage.java:format(84)) - Storage directory /workdir/hadoop-ozone/integration-test/target/test-dir/MiniOzoneClusterImpl-1169b08c-7389-4170-95e3-f5079f135e90/datanode-2/data/ratis/ca1e2c12-e3ff-4592-b76a-deb0a25c182b has been successfully formatted.
2019-10-25 18:48:05,610 [pool-28-thread-1] INFO  storage.RaftStorage (RaftStorage.java:format(84)) - Storage directory /workdir/hadoop-ozone/integration-test/target/test-dir/MiniOzoneClusterImpl-1169b08c-7389-4170-95e3-f5079f135e90/datanode-0/data/ratis/ca1e2c12-e3ff-4592-b76a-deb0a25c182b has been successfully formatted.
2019-10-25 18:48:05,611 [pool-60-thread-1] INFO  ratis.ContainerStateMachine (ContainerStateMachine.java:loadSnapshot(231)) - group-DEB0A25C182B: The snapshot info is null. Setting the last applied indexto:(t:0, i:~)
2019-10-25 18:48:05,611 [pool-38-thread-1] INFO  ratis.ContainerStateMachine (ContainerStateMachine.java:loadSnapshot(231)) - group-DEB0A25C182B: The snapshot info is null. Setting the last applied indexto:(t:0, i:~)
2019-10-25 18:48:05,611 [pool-60-thread-1] INFO  server.RaftServerConfigKeys (ConfUtils.java:logGet(43)) - raft.server.notification.no-leader.timeout = 1000s (custom)
2019-10-25 18:48:05,611 [pool-28-thread-1] INFO  ratis.ContainerStateMachine (ContainerStateMachine.java:loadSnapshot(231)) - group-DEB0A25C182B: The snapshot info is null. Setting the last applied indexto:(t:0, i:~)
2019-10-25 18:48:05,611 [pool-60-thread-1] INFO  server.RaftServerConfigKeys (ConfUtils.java:logGet(43)) - raft.server.log.use.memory = false (default)
2019-10-25 18:48:05,611 [pool-38-thread-1] INFO  server.RaftServerConfigKeys (ConfUtils.java:logGet(43)) - raft.server.notification.no-leader.timeout = 1000s (custom)
2019-10-25 18:48:05,611 [pool-60-thread-1] INFO  server.RaftServerConfigKeys (ConfUtils.java:logGet(43)) - raft.server.log.purge.gap = 1000000 (custom)
2019-10-25 18:48:05,611 [pool-28-thread-1] INFO  server.RaftServerConfigKeys (ConfUtils.java:logGet(43)) - raft.server.notification.no-leader.timeout = 1000s (custom)
2019-10-25 18:48:05,612 [pool-60-thread-1] INFO  server.RaftServerConfigKeys (ConfUtils.java:logGet(43)) - raft.server.log.appender.buffer.byte-limit = 33554432 (custom)
2019-10-25 18:48:05,612 [pool-38-thread-1] INFO  server.RaftServerConfigKeys (ConfUtils.java:logGet(43)) - raft.server.log.use.memory = false (default)
2019-10-25 18:48:05,612 [pool-60-thread-1] INFO  server.RaftServerConfigKeys (ConfUtils.java:logGet(43)) - raft.server.log.segment.size.max = 1048576 (custom)
2019-10-25 18:48:05,612 [pool-28-thread-1] INFO  server.RaftServerConfigKeys (ConfUtils.java:logGet(43)) - raft.server.log.use.memory = false (default)
2019-10-25 18:48:05,612 [pool-60-thread-1] INFO  server.RaftServerConfigKeys (ConfUtils.java:logGet(43)) - raft.server.log.segment.cache.num.max = 2 (custom)
2019-10-25 18:48:05,612 [pool-38-thread-1] INFO  server.RaftServerConfigKeys (ConfUtils.java:logGet(43)) - raft.server.log.purge.gap = 1000000 (custom)
2019-10-25 18:48:05,612 [pool-60-thread-1] INFO  segmented.SegmentedRaftLogWorker (SegmentedRaftLogWorker.java:<init>(173)) - new 90a9ce3a-0a5e-4de2-813a-4d04cb4d4ab9@group-DEB0A25C182B-SegmentedRaftLogWorker for RaftStorage:Storage Directory /workdir/hadoop-ozone/integration-test/target/test-dir/MiniOzoneClusterImpl-1169b08c-7389-4170-95e3-f5079f135e90/datanode-2/data/ratis/ca1e2c12-e3ff-4592-b76a-deb0a25c182b
2019-10-25 18:48:05,612 [pool-28-thread-1] INFO  server.RaftServerConfigKeys (ConfUtils.java:logGet(43)) - raft.server.log.purge.gap = 1000000 (custom)
2019-10-25 18:48:05,613 [pool-60-thread-1] INFO  server.RaftServerConfigKeys (ConfUtils.java:logGet(43)) - raft.server.log.queue.byte-limit = 2147483647 (custom)
2019-10-25 18:48:05,613 [pool-60-thread-1] INFO  server.RaftServerConfigKeys (ConfUtils.java:logGet(43)) - raft.server.log.queue.element-limit = 1024 (custom)
2019-10-25 18:48:05,612 [pool-38-thread-1] INFO  server.RaftServerConfigKeys (ConfUtils.java:logGet(43)) - raft.server.log.appender.buffer.byte-limit = 33554432 (custom)
2019-10-25 18:48:05,613 [pool-60-thread-1] INFO  server.RaftServerConfigKeys (ConfUtils.java:logGet(43)) - raft.server.log.segment.size.max = 1048576 (custom)
2019-10-25 18:48:05,613 [pool-28-thread-1] INFO  server.RaftServerConfigKeys (ConfUtils.java:logGet(43)) - raft.server.log.appender.buffer.byte-limit = 33554432 (custom)
2019-10-25 18:48:05,613 [pool-60-thread-1] INFO  server.RaftServerConfigKeys (ConfUtils.java:logGet(43)) - raft.server.log.preallocated.size = 16384 (custom)
2019-10-25 18:48:05,613 [pool-60-thread-1] INFO  server.RaftServerConfigKeys (ConfUtils.java:logGet(43)) - raft.server.log.write.buffer.size = 33554432 (custom)
2019-10-25 18:48:05,613 [pool-38-thread-1] INFO  server.RaftServerConfigKeys (ConfUtils.java:logGet(43)) - raft.server.log.segment.size.max = 1048576 (custom)
2019-10-25 18:48:05,613 [pool-60-thread-1] INFO  server.RaftServerConfigKeys (ConfUtils.java:logGet(43)) - raft.server.log.force.sync.num = 128 (default)
2019-10-25 18:48:05,613 [pool-28-thread-1] INFO  server.RaftServerConfigKeys (ConfUtils.java:logGet(43)) - raft.server.log.segment.size.max = 1048576 (custom)
2019-10-25 18:48:05,614 [pool-60-thread-1] INFO  server.RaftServerConfigKeys (ConfUtils.java:logGet(43)) - raft.server.log.statemachine.data.sync = true (default)
2019-10-25 18:48:05,614 [pool-38-thread-1] INFO  server.RaftServerConfigKeys (ConfUtils.java:logGet(43)) - raft.server.log.segment.cache.num.max = 2 (custom)
2019-10-25 18:48:05,614 [pool-60-thread-1] INFO  server.RaftServerConfigKeys (ConfUtils.java:logGet(43)) - raft.server.log.statemachine.data.sync.timeout = 10s (default)
2019-10-25 18:48:05,614 [pool-28-thread-1] INFO  server.RaftServerConfigKeys (ConfUtils.java:logGet(43)) - raft.server.log.segment.cache.num.max = 2 (custom)
2019-10-25 18:48:05,614 [pool-60-thread-1] INFO  server.RaftServerConfigKeys (ConfUtils.java:logGet(43)) - raft.server.log.statemachine.data.sync.timeout.retry = -1 (default)
2019-10-25 18:48:05,614 [pool-38-thread-1] INFO  segmented.SegmentedRaftLogWorker (SegmentedRaftLogWorker.java:<init>(173)) - new b2320d56-a737-47f4-81b1-3e8f0fb16133@group-DEB0A25C182B-SegmentedRaftLogWorker for RaftStorage:Storage Directory /workdir/hadoop-ozone/integration-test/target/test-dir/MiniOzoneClusterImpl-1169b08c-7389-4170-95e3-f5079f135e90/datanode-1/data/ratis/ca1e2c12-e3ff-4592-b76a-deb0a25c182b
2019-10-25 18:48:05,614 [pool-60-thread-1] INFO  server.RaftServerConfigKeys (ConfUtils.java:logGet(43)) - raft.server.log.statemachine.data.caching.enabled = true (custom)
2019-10-25 18:48:05,614 [pool-28-thread-1] INFO  segmented.SegmentedRaftLogWorker (SegmentedRaftLogWorker.java:<init>(173)) - new 202d5f49-7963-4b43-9e61-5069c2030fd4@group-DEB0A25C182B-SegmentedRaftLogWorker for RaftStorage:Storage Directory /workdir/hadoop-ozone/integration-test/target/test-dir/MiniOzoneClusterImpl-1169b08c-7389-4170-95e3-f5079f135e90/datanode-0/data/ratis/ca1e2c12-e3ff-4592-b76a-deb0a25c182b
2019-10-25 18:48:05,615 [pool-38-thread-1] INFO  server.RaftServerConfigKeys (ConfUtils.java:logGet(43)) - raft.server.log.queue.byte-limit = 2147483647 (custom)
2019-10-25 18:48:05,615 [pool-60-thread-1] INFO  segmented.SegmentedRaftLogWorker (SegmentedRaftLogWorker.java:lambda$new$0(128)) - 90a9ce3a-0a5e-4de2-813a-4d04cb4d4ab9@group-DEB0A25C182B-SegmentedRaftLogWorker: flushIndex: setUnconditionally 0 -> -1
2019-10-25 18:48:05,615 [pool-28-thread-1] INFO  server.RaftServerConfigKeys (ConfUtils.java:logGet(43)) - raft.server.log.queue.byte-limit = 2147483647 (custom)
2019-10-25 18:48:05,615 [pool-38-thread-1] INFO  server.RaftServerConfigKeys (ConfUtils.java:logGet(43)) - raft.server.log.queue.element-limit = 1024 (custom)
2019-10-25 18:48:05,615 [pool-28-thread-1] INFO  server.RaftServerConfigKeys (ConfUtils.java:logGet(43)) - raft.server.log.queue.element-limit = 1024 (custom)
2019-10-25 18:48:05,615 [pool-60-thread-1] INFO  server.RaftServerConfigKeys (ConfUtils.java:logGet(43)) - raft.server.snapshot.auto.trigger.enabled = true (custom)
2019-10-25 18:48:05,615 [pool-28-thread-1] INFO  server.RaftServerConfigKeys (ConfUtils.java:logGet(43)) - raft.server.log.segment.size.max = 1048576 (custom)
2019-10-25 18:48:05,615 [pool-38-thread-1] INFO  server.RaftServerConfigKeys (ConfUtils.java:logGet(43)) - raft.server.log.segment.size.max = 1048576 (custom)
2019-10-25 18:48:05,616 [pool-28-thread-1] INFO  server.RaftServerConfigKeys (ConfUtils.java:logGet(43)) - raft.server.log.preallocated.size = 16384 (custom)
2019-10-25 18:48:05,615 [pool-60-thread-1] INFO  server.RaftServerConfigKeys (ConfUtils.java:logGet(43)) - raft.server.snapshot.auto.trigger.threshold = 10000 (custom)
2019-10-25 18:48:05,616 [pool-28-thread-1] INFO  server.RaftServerConfigKeys (ConfUtils.java:logGet(43)) - raft.server.log.write.buffer.size = 33554432 (custom)
2019-10-25 18:48:05,616 [pool-38-thread-1] INFO  server.RaftServerConfigKeys (ConfUtils.java:logGet(43)) - raft.server.log.preallocated.size = 16384 (custom)
2019-10-25 18:48:05,616 [pool-28-thread-1] INFO  server.RaftServerConfigKeys (ConfUtils.java:logGet(43)) - raft.server.log.force.sync.num = 128 (default)
2019-10-25 18:48:05,616 [pool-60-thread-1] INFO  server.RaftServerConfigKeys (ConfUtils.java:logGet(43)) - raft.server.snapshot.retention.file.num = 5 (custom)
2019-10-25 18:48:05,616 [pool-28-thread-1] INFO  server.RaftServerConfigKeys (ConfUtils.java:logGet(43)) - raft.server.log.statemachine.data.sync = true (default)
2019-10-25 18:48:05,616 [pool-38-thread-1] INFO  server.RaftServerConfigKeys (ConfUtils.java:logGet(43)) - raft.server.log.write.buffer.size = 33554432 (custom)
2019-10-25 18:48:05,617 [pool-28-thread-1] INFO  server.RaftServerConfigKeys (ConfUtils.java:logGet(43)) - raft.server.log.statemachine.data.sync.timeout = 10s (default)
2019-10-25 18:48:05,616 [pool-60-thread-1] INFO  server.RaftServerConfigKeys (ConfUtils.java:logGet(43)) - raft.server.retrycache.expirytime = 600000ms (custom)
2019-10-25 18:48:05,617 [pool-28-thread-1] INFO  server.RaftServerConfigKeys (ConfUtils.java:logGet(43)) - raft.server.log.statemachine.data.sync.timeout.retry = -1 (default)
2019-10-25 18:48:05,617 [pool-38-thread-1] INFO  server.RaftServerConfigKeys (ConfUtils.java:logGet(43)) - raft.server.log.force.sync.num = 128 (default)
2019-10-25 18:48:05,617 [pool-28-thread-1] INFO  server.RaftServerConfigKeys (ConfUtils.java:logGet(43)) - raft.server.log.statemachine.data.caching.enabled = true (custom)
2019-10-25 18:48:05,617 [pool-60-thread-1] WARN  impl.MetricRegistriesImpl (MetricRegistriesImpl.java:lambda$create$1(61)) - First MetricRegistry has been created without registering reporters. You may need to call MetricRegistries.global().addReportRegistration(...) before.
2019-10-25 18:48:05,617 [pool-38-thread-1] INFO  server.RaftServerConfigKeys (ConfUtils.java:logGet(43)) - raft.server.log.statemachine.data.sync = true (default)
2019-10-25 18:48:05,618 [pool-28-thread-1] INFO  segmented.SegmentedRaftLogWorker (SegmentedRaftLogWorker.java:lambda$new$0(128)) - 202d5f49-7963-4b43-9e61-5069c2030fd4@group-DEB0A25C182B-SegmentedRaftLogWorker: flushIndex: setUnconditionally 0 -> -1
2019-10-25 18:48:05,617 [pool-60-thread-1] WARN  impl.MetricRegistriesImpl (MetricRegistriesImpl.java:lambda$create$1(61)) - First MetricRegistry has been created without registering reporters. You may need to call MetricRegistries.global().addReportRegistration(...) before.
2019-10-25 18:48:05,618 [pool-38-thread-1] INFO  server.RaftServerConfigKeys (ConfUtils.java:logGet(43)) - raft.server.log.statemachine.data.sync.timeout = 10s (default)
2019-10-25 18:48:05,618 [pool-28-thread-1] INFO  server.RaftServerConfigKeys (ConfUtils.java:logGet(43)) - raft.server.snapshot.auto.trigger.enabled = true (custom)
2019-10-25 18:48:05,618 [pool-60-thread-1] INFO  impl.RaftServerImpl (RaftServerImpl.java:start(184)) - 90a9ce3a-0a5e-4de2-813a-4d04cb4d4ab9@group-DEB0A25C182B: start as a follower, conf=-1: [202d5f49-7963-4b43-9e61-5069c2030fd4:192.168.157.217:43680, b2320d56-a737-47f4-81b1-3e8f0fb16133:192.168.157.217:40923, 90a9ce3a-0a5e-4de2-813a-4d04cb4d4ab9:192.168.157.217:37724], old=null
2019-10-25 18:48:05,618 [pool-38-thread-1] INFO  server.RaftServerConfigKeys (ConfUtils.java:logGet(43)) - raft.server.log.statemachine.data.sync.timeout.retry = -1 (default)
2019-10-25 18:48:05,618 [pool-60-thread-1] INFO  impl.RaftServerImpl (RaftServerImpl.java:setRole(173)) - 90a9ce3a-0a5e-4de2-813a-4d04cb4d4ab9@group-DEB0A25C182B: changes role from      null to FOLLOWER at term 0 for startAsFollower
2019-10-25 18:48:05,618 [pool-28-thread-1] INFO  server.RaftServerConfigKeys (ConfUtils.java:logGet(43)) - raft.server.snapshot.auto.trigger.threshold = 10000 (custom)
2019-10-25 18:48:05,618 [pool-60-thread-1] INFO  impl.RoleInfo (RoleInfo.java:updateAndGet(143)) - 90a9ce3a-0a5e-4de2-813a-4d04cb4d4ab9: start FollowerState
2019-10-25 18:48:05,618 [pool-38-thread-1] INFO  server.RaftServerConfigKeys (ConfUtils.java:logGet(43)) - raft.server.log.statemachine.data.caching.enabled = true (custom)
2019-10-25 18:48:05,619 [pool-28-thread-1] INFO  server.RaftServerConfigKeys (ConfUtils.java:logGet(43)) - raft.server.snapshot.retention.file.num = 5 (custom)
2019-10-25 18:48:05,619 [pool-38-thread-1] INFO  segmented.SegmentedRaftLogWorker (SegmentedRaftLogWorker.java:lambda$new$0(128)) - b2320d56-a737-47f4-81b1-3e8f0fb16133@group-DEB0A25C182B-SegmentedRaftLogWorker: flushIndex: setUnconditionally 0 -> -1
2019-10-25 18:48:05,619 [pool-28-thread-1] INFO  server.RaftServerConfigKeys (ConfUtils.java:logGet(43)) - raft.server.retrycache.expirytime = 600000ms (custom)
2019-10-25 18:48:05,619 [pool-60-thread-1] INFO  util.JmxRegister (JmxRegister.java:tryRegister(44)) - Successfully registered JMX Bean with object name Ratis:service=RaftServer,group=group-DEB0A25C182B,id=90a9ce3a-0a5e-4de2-813a-4d04cb4d4ab9
2019-10-25 18:48:05,619 [pool-28-thread-1] WARN  impl.MetricRegistriesImpl (MetricRegistriesImpl.java:lambda$create$1(61)) - First MetricRegistry has been created without registering reporters. You may need to call MetricRegistries.global().addReportRegistration(...) before.
2019-10-25 18:48:05,619 [pool-38-thread-1] INFO  server.RaftServerConfigKeys (ConfUtils.java:logGet(43)) - raft.server.snapshot.auto.trigger.enabled = true (custom)
2019-10-25 18:48:05,620 [pool-28-thread-1] WARN  impl.MetricRegistriesImpl (MetricRegistriesImpl.java:lambda$create$1(61)) - First MetricRegistry has been created without registering reporters. You may need to call MetricRegistries.global().addReportRegistration(...) before.
2019-10-25 18:48:05,619 [pool-60-thread-1] WARN  impl.MetricRegistriesImpl (MetricRegistriesImpl.java:lambda$create$1(61)) - First MetricRegistry has been created without registering reporters. You may need to call MetricRegistries.global().addReportRegistration(...) before.
2019-10-25 18:48:05,620 [pool-28-thread-1] INFO  impl.RaftServerImpl (RaftServerImpl.java:start(184)) - 202d5f49-7963-4b43-9e61-5069c2030fd4@group-DEB0A25C182B: start as a follower, conf=-1: [202d5f49-7963-4b43-9e61-5069c2030fd4:192.168.157.217:43680, b2320d56-a737-47f4-81b1-3e8f0fb16133:192.168.157.217:40923, 90a9ce3a-0a5e-4de2-813a-4d04cb4d4ab9:192.168.157.217:37724], old=null
2019-10-25 18:48:05,620 [pool-38-thread-1] INFO  server.RaftServerConfigKeys (ConfUtils.java:logGet(43)) - raft.server.snapshot.auto.trigger.threshold = 10000 (custom)
2019-10-25 18:48:05,620 [pool-28-thread-1] INFO  impl.RaftServerImpl (RaftServerImpl.java:setRole(173)) - 202d5f49-7963-4b43-9e61-5069c2030fd4@group-DEB0A25C182B: changes role from      null to FOLLOWER at term 0 for startAsFollower
2019-10-25 18:48:05,620 [pool-38-thread-1] INFO  server.RaftServerConfigKeys (ConfUtils.java:logGet(43)) - raft.server.snapshot.retention.file.num = 5 (custom)
2019-10-25 18:48:05,620 [pool-28-thread-1] INFO  impl.RoleInfo (RoleInfo.java:updateAndGet(143)) - 202d5f49-7963-4b43-9e61-5069c2030fd4: start FollowerState
2019-10-25 18:48:05,620 [pool-38-thread-1] INFO  server.RaftServerConfigKeys (ConfUtils.java:logGet(43)) - raft.server.retrycache.expirytime = 600000ms (custom)
2019-10-25 18:48:05,621 [pool-38-thread-1] WARN  impl.MetricRegistriesImpl (MetricRegistriesImpl.java:lambda$create$1(61)) - First MetricRegistry has been created without registering reporters. You may need to call MetricRegistries.global().addReportRegistration(...) before.
2019-10-25 18:48:05,621 [pool-38-thread-1] WARN  impl.MetricRegistriesImpl (MetricRegistriesImpl.java:lambda$create$1(61)) - First MetricRegistry has been created without registering reporters. You may need to call MetricRegistries.global().addReportRegistration(...) before.
2019-10-25 18:48:05,621 [pool-28-thread-1] INFO  util.JmxRegister (JmxRegister.java:tryRegister(44)) - Successfully registered JMX Bean with object name Ratis:service=RaftServer,group=group-DEB0A25C182B,id=202d5f49-7963-4b43-9e61-5069c2030fd4
2019-10-25 18:48:05,621 [pool-38-thread-1] INFO  impl.RaftServerImpl (RaftServerImpl.java:start(184)) - b2320d56-a737-47f4-81b1-3e8f0fb16133@group-DEB0A25C182B: start as a follower, conf=-1: [202d5f49-7963-4b43-9e61-5069c2030fd4:192.168.157.217:43680, b2320d56-a737-47f4-81b1-3e8f0fb16133:192.168.157.217:40923, 90a9ce3a-0a5e-4de2-813a-4d04cb4d4ab9:192.168.157.217:37724], old=null
2019-10-25 18:48:05,621 [pool-28-thread-1] WARN  impl.MetricRegistriesImpl (MetricRegistriesImpl.java:lambda$create$1(61)) - First MetricRegistry has been created without registering reporters. You may need to call MetricRegistries.global().addReportRegistration(...) before.
2019-10-25 18:48:05,621 [pool-38-thread-1] INFO  impl.RaftServerImpl (RaftServerImpl.java:setRole(173)) - b2320d56-a737-47f4-81b1-3e8f0fb16133@group-DEB0A25C182B: changes role from      null to FOLLOWER at term 0 for startAsFollower
2019-10-25 18:48:05,625 [pool-38-thread-1] INFO  impl.RoleInfo (RoleInfo.java:updateAndGet(143)) - b2320d56-a737-47f4-81b1-3e8f0fb16133: start FollowerState
2019-10-25 18:48:05,626 [pool-38-thread-1] INFO  util.JmxRegister (JmxRegister.java:tryRegister(44)) - Successfully registered JMX Bean with object name Ratis:service=RaftServer,group=group-DEB0A25C182B,id=b2320d56-a737-47f4-81b1-3e8f0fb16133
2019-10-25 18:48:05,626 [pool-38-thread-1] WARN  impl.MetricRegistriesImpl (MetricRegistriesImpl.java:lambda$create$1(61)) - First MetricRegistry has been created without registering reporters. You may need to call MetricRegistries.global().addReportRegistration(...) before.
2019-10-25 18:48:05,629 [RatisPipelineUtilsThread] INFO  pipeline.PipelineStateManager (PipelineStateManager.java:addPipeline(56)) - Created pipeline Pipeline[ Id: ca1e2c12-e3ff-4592-b76a-deb0a25c182b, Nodes: 90a9ce3a-0a5e-4de2-813a-4d04cb4d4ab9{ip: 192.168.157.217, host: pr-hdds-2329-pipelines-rmb8m-4073948133, networkLocation: /default-rack, certSerialId: null}202d5f49-7963-4b43-9e61-5069c2030fd4{ip: 192.168.157.217, host: pr-hdds-2329-pipelines-rmb8m-4073948133, networkLocation: /default-rack, certSerialId: null}b2320d56-a737-47f4-81b1-3e8f0fb16133{ip: 192.168.157.217, host: pr-hdds-2329-pipelines-rmb8m-4073948133, networkLocation: /default-rack, certSerialId: null}, Type:RATIS, Factor:THREE, State:OPEN]
2019-10-25 18:48:05,664 [EventQueue-PendingDeleteStatusForPendingDeleteHandler] INFO  block.SCMBlockDeletingService (SCMBlockDeletingService.java:handlePendingDeletes(115)) - Block deletion txnID mismatch in datanode 90a9ce3a-0a5e-4de2-813a-4d04cb4d4ab9 for containerID 1. Datanode delete txnID: 0, SCM txnID: 1
2019-10-25 18:48:05,932 [BlockDeletingService#2] WARN  background.BlockDeletingService (BlockDeletingService.java:isDeletionAllowed(187)) - Close Container log Index 6 is not replicated across allthe servers in the pipeline b56b2aa8-e60f-44f7-b396-643c12960ac7 as the min replicated index is 4. Deletion is not allowed in this container yet.
2019-10-25 18:48:05,932 [BlockDeletingService#2] WARN  background.BlockDeletingService (BlockDeletingService.java:isDeletionAllowed(187)) - Close Container log Index 6 is not replicated across allthe servers in the pipeline b56b2aa8-e60f-44f7-b396-643c12960ac7 as the min replicated index is 4. Deletion is not allowed in this container yet.
2019-10-25 18:48:06,065 [EventQueue-PendingDeleteStatusForPendingDeleteHandler] INFO  block.SCMBlockDeletingService (SCMBlockDeletingService.java:handlePendingDeletes(115)) - Block deletion txnID mismatch in datanode 90a9ce3a-0a5e-4de2-813a-4d04cb4d4ab9 for containerID 1. Datanode delete txnID: 0, SCM txnID: 1
2019-10-25 18:48:06,314 [pool-8-thread-2] INFO  commands.RetriableDatanodeEventWatcher (RetriableDatanodeEventWatcher.java:onTimeout(47)) - RetriableDatanodeCommand type=deleteBlocksCommand with id=1572029278305 timed out. Retrying.
2019-10-25 18:48:06,314 [SCMBlockDeletingService#0] INFO  block.SCMBlockDeletingService (SCMBlockDeletingService.java:call(187)) - Totally added 1 delete blocks command for 1 datanodes, task elapsed time: 0ms
2019-10-25 18:48:06,314 [pool-8-thread-3] INFO  commands.RetriableDatanodeEventWatcher (RetriableDatanodeEventWatcher.java:onTimeout(47)) - RetriableDatanodeCommand type=deleteBlocksCommand with id=1572029278306 timed out. Retrying.
2019-10-25 18:48:06,315 [pool-8-thread-4] INFO  commands.RetriableDatanodeEventWatcher (RetriableDatanodeEventWatcher.java:onTimeout(47)) - RetriableDatanodeCommand type=deleteBlocksCommand with id=1572029278307 timed out. Retrying.
2019-10-25 18:48:06,315 [pool-8-thread-5] INFO  commands.RetriableDatanodeEventWatcher (RetriableDatanodeEventWatcher.java:onTimeout(47)) - RetriableDatanodeCommand type=deleteBlocksCommand with id=1572029278308 timed out. Retrying.
2019-10-25 18:48:06,315 [pool-8-thread-1] INFO  commands.RetriableDatanodeEventWatcher (RetriableDatanodeEventWatcher.java:onTimeout(47)) - RetriableDatanodeCommand type=deleteBlocksCommand with id=1572029278309 timed out. Retrying.
2019-10-25 18:48:06,315 [pool-8-thread-6] INFO  commands.RetriableDatanodeEventWatcher (RetriableDatanodeEventWatcher.java:onTimeout(47)) - RetriableDatanodeCommand type=deleteBlocksCommand with id=1572029278311 timed out. Retrying.
2019-10-25 18:48:06,315 [pool-8-thread-7] INFO  commands.RetriableDatanodeEventWatcher (RetriableDatanodeEventWatcher.java:onTimeout(47)) - RetriableDatanodeCommand type=deleteBlocksCommand with id=1572029278310 timed out. Retrying.
2019-10-25 18:48:06,316 [pool-8-thread-2] INFO  commands.RetriableDatanodeEventWatcher (RetriableDatanodeEventWatcher.java:onTimeout(47)) - RetriableDatanodeCommand type=deleteBlocksCommand with id=1572029278302 timed out. Retrying.
2019-10-25 18:48:06,465 [EventQueue-PendingDeleteStatusForPendingDeleteHandler] INFO  block.SCMBlockDeletingService (SCMBlockDeletingService.java:handlePendingDeletes(115)) - Block deletion txnID mismatch in datanode 90a9ce3a-0a5e-4de2-813a-4d04cb4d4ab9 for containerID 1. Datanode delete txnID: 0, SCM txnID: 1
2019-10-25 18:48:06,486 [Command processor thread] INFO  commandhandler.DeleteBlocksCommandHandler (DeleteBlocksCommandHandler.java:handle(106)) - Start to delete container blocks, TXIDs=[1(0)], numOfContainers=1, numOfBlocks=1
2019-10-25 18:48:06,487 [Command processor thread] INFO  commandhandler.DeleteBlocksCommandHandler (DeleteBlocksCommandHandler.java:handle(106)) - Start to delete container blocks, TXIDs=[1(2)], numOfContainers=1, numOfBlocks=1
2019-10-25 18:48:06,487 [Command processor thread] INFO  commandhandler.DeleteBlocksCommandHandler (DeleteBlocksCommandHandler.java:handle(106)) - Start to delete container blocks, TXIDs=[1(0)], numOfContainers=1, numOfBlocks=1
2019-10-25 18:48:06,487 [Command processor thread] INFO  commandhandler.DeleteBlocksCommandHandler (DeleteBlocksCommandHandler.java:handle(106)) - Start to delete container blocks, TXIDs=[1(2)], numOfContainers=1, numOfBlocks=1
2019-10-25 18:48:06,488 [Command processor thread] INFO  commandhandler.DeleteBlocksCommandHandler (DeleteBlocksCommandHandler.java:handle(106)) - Start to delete container blocks, TXIDs=[1(2)], numOfContainers=1, numOfBlocks=1
2019-10-25 18:48:06,488 [Command processor thread] INFO  commandhandler.DeleteBlocksCommandHandler (DeleteBlocksCommandHandler.java:handle(106)) - Start to delete container blocks, TXIDs=[1(0)], numOfContainers=1, numOfBlocks=1
2019-10-25 18:48:06,488 [Command processor thread] INFO  commandhandler.DeleteBlocksCommandHandler (DeleteBlocksCommandHandler.java:handle(106)) - Start to delete container blocks, TXIDs=[1(2)], numOfContainers=1, numOfBlocks=1
2019-10-25 18:48:06,489 [Command processor thread] INFO  commandhandler.DeleteBlocksCommandHandler (DeleteBlocksCommandHandler.java:handle(106)) - Start to delete container blocks, TXIDs=[1(2)], numOfContainers=1, numOfBlocks=1
2019-10-25 18:48:06,489 [Command processor thread] INFO  commandhandler.DeleteBlocksCommandHandler (DeleteBlocksCommandHandler.java:handle(106)) - Start to delete container blocks, TXIDs=[1(0)], numOfContainers=1, numOfBlocks=1
2019-10-25 18:48:06,489 [Command processor thread] INFO  commandhandler.DeleteBlocksCommandHandler (DeleteBlocksCommandHandler.java:handle(106)) - Start to delete container blocks, TXIDs=[1(2)], numOfContainers=1, numOfBlocks=1
2019-10-25 18:48:06,489 [Command processor thread] INFO  commandhandler.DeleteBlocksCommandHandler (DeleteBlocksCommandHandler.java:handle(106)) - Start to delete container blocks, TXIDs=[1(2)], numOfContainers=1, numOfBlocks=1
2019-10-25 18:48:06,490 [Command processor thread] INFO  commandhandler.DeleteBlocksCommandHandler (DeleteBlocksCommandHandler.java:handle(106)) - Start to delete container blocks, TXIDs=[1(2)], numOfContainers=1, numOfBlocks=1
2019-10-25 18:48:06,490 [Command processor thread] INFO  commandhandler.DeleteBlocksCommandHandler (DeleteBlocksCommandHandler.java:handle(106)) - Start to delete container blocks, TXIDs=[1(2)], numOfContainers=1, numOfBlocks=1
2019-10-25 18:48:06,490 [Command processor thread] INFO  commandhandler.DeleteBlocksCommandHandler (DeleteBlocksCommandHandler.java:handle(106)) - Start to delete container blocks, TXIDs=[1(0)], numOfContainers=1, numOfBlocks=1
2019-10-25 18:48:06,490 [Command processor thread] INFO  commandhandler.DeleteBlocksCommandHandler (DeleteBlocksCommandHandler.java:handle(106)) - Start to delete container blocks, TXIDs=[1(2)], numOfContainers=1, numOfBlocks=1
2019-10-25 18:48:06,491 [Command processor thread] INFO  commandhandler.DeleteBlocksCommandHandler (DeleteBlocksCommandHandler.java:handle(106)) - Start to delete container blocks, TXIDs=[1(2)], numOfContainers=1, numOfBlocks=1
2019-10-25 18:48:06,491 [Command processor thread] INFO  commandhandler.DeleteBlocksCommandHandler (DeleteBlocksCommandHandler.java:handle(106)) - Start to delete container blocks, TXIDs=[1(2)], numOfContainers=1, numOfBlocks=1
2019-10-25 18:48:06,491 [Command processor thread] INFO  commandhandler.DeleteBlocksCommandHandler (DeleteBlocksCommandHandler.java:handle(106)) - Start to delete container blocks, TXIDs=[1(0)], numOfContainers=1, numOfBlocks=1
2019-10-25 18:48:06,491 [Command processor thread] INFO  commandhandler.DeleteBlocksCommandHandler (DeleteBlocksCommandHandler.java:handle(106)) - Start to delete container blocks, TXIDs=[1(2)], numOfContainers=1, numOfBlocks=1
2019-10-25 18:48:06,492 [Command processor thread] INFO  commandhandler.DeleteBlocksCommandHandler (DeleteBlocksCommandHandler.java:handle(106)) - Start to delete container blocks, TXIDs=[1(2)], numOfContainers=1, numOfBlocks=1
2019-10-25 18:48:06,492 [Command processor thread] INFO  commandhandler.DeleteBlocksCommandHandler (DeleteBlocksCommandHandler.java:handle(106)) - Start to delete container blocks, TXIDs=[1(2)], numOfContainers=1, numOfBlocks=1
2019-10-25 18:48:06,492 [Command processor thread] INFO  commandhandler.DeleteBlocksCommandHandler (DeleteBlocksCommandHandler.java:handle(106)) - Start to delete container blocks, TXIDs=[1(2)], numOfContainers=1, numOfBlocks=1
2019-10-25 18:48:06,493 [Command processor thread] INFO  commandhandler.DeleteBlocksCommandHandler (DeleteBlocksCommandHandler.java:handle(106)) - Start to delete container blocks, TXIDs=[1(2)], numOfContainers=1, numOfBlocks=1
2019-10-25 18:48:06,493 [Command processor thread] INFO  commandhandler.DeleteBlocksCommandHandler (DeleteBlocksCommandHandler.java:handle(106)) - Start to delete container blocks, TXIDs=[1(2)], numOfContainers=1, numOfBlocks=1
2019-10-25 18:48:06,493 [Command processor thread] INFO  commandhandler.DeleteBlocksCommandHandler (DeleteBlocksCommandHandler.java:handle(106)) - Start to delete container blocks, TXIDs=[1(0)], numOfContainers=1, numOfBlocks=1
2019-10-25 18:48:06,493 [Command processor thread] INFO  commandhandler.DeleteBlocksCommandHandler (DeleteBlocksCommandHandler.java:handle(106)) - Start to delete container blocks, TXIDs=[1(2)], numOfContainers=1, numOfBlocks=1
2019-10-25 18:48:06,494 [Command processor thread] INFO  commandhandler.DeleteBlocksCommandHandler (DeleteBlocksCommandHandler.java:handle(106)) - Start to delete container blocks, TXIDs=[1(2)], numOfContainers=1, numOfBlocks=1
2019-10-25 18:48:06,494 [Command processor thread] INFO  commandhandler.DeleteBlocksCommandHandler (DeleteBlocksCommandHandler.java:handle(106)) - Start to delete container blocks, TXIDs=[1(2)], numOfContainers=1, numOfBlocks=1
2019-10-25 18:48:06,494 [Command processor thread] INFO  commandhandler.DeleteBlocksCommandHandler (DeleteBlocksCommandHandler.java:handle(106)) - Start to delete container blocks, TXIDs=[1(2)], numOfContainers=1, numOfBlocks=1
2019-10-25 18:48:06,495 [Command processor thread] INFO  commandhandler.DeleteBlocksCommandHandler (DeleteBlocksCommandHandler.java:handle(106)) - Start to delete container blocks, TXIDs=[1(2)], numOfContainers=1, numOfBlocks=1
2019-10-25 18:48:06,495 [Command processor thread] INFO  commandhandler.DeleteBlocksCommandHandler (DeleteBlocksCommandHandler.java:handle(106)) - Start to delete container blocks, TXIDs=[1(2)], numOfContainers=1, numOfBlocks=1
2019-10-25 18:48:06,495 [Command processor thread] INFO  commandhandler.DeleteBlocksCommandHandler (DeleteBlocksCommandHandler.java:handle(106)) - Start to delete container blocks, TXIDs=[1(0)], numOfContainers=1, numOfBlocks=1
2019-10-25 18:48:06,495 [Command processor thread] INFO  commandhandler.DeleteBlocksCommandHandler (DeleteBlocksCommandHandler.java:handle(106)) - Start to delete container blocks, TXIDs=[1(2)], numOfContainers=1, numOfBlocks=1
2019-10-25 18:48:06,496 [Command processor thread] INFO  commandhandler.DeleteBlocksCommandHandler (DeleteBlocksCommandHandler.java:handle(106)) - Start to delete container blocks, TXIDs=[1(2)], numOfContainers=1, numOfBlocks=1
2019-10-25 18:48:06,496 [Command processor thread] INFO  commandhandler.DeleteBlocksCommandHandler (DeleteBlocksCommandHandler.java:handle(106)) - Start to delete container blocks, TXIDs=[1(2)], numOfContainers=1, numOfBlocks=1
2019-10-25 18:48:06,496 [Command processor thread] INFO  commandhandler.DeleteBlocksCommandHandler (DeleteBlocksCommandHandler.java:handle(106)) - Start to delete container blocks, TXIDs=[1(2)], numOfContainers=1, numOfBlocks=1
2019-10-25 18:48:06,496 [Command processor thread] INFO  commandhandler.DeleteBlocksCommandHandler (DeleteBlocksCommandHandler.java:handle(106)) - Start to delete container blocks, TXIDs=[1(38)], numOfContainers=1, numOfBlocks=1
2019-10-25 18:48:06,497 [Command processor thread] INFO  commandhandler.DeleteBlocksCommandHandler (DeleteBlocksCommandHandler.java:handle(106)) - Start to delete container blocks, TXIDs=[1(2)], numOfContainers=1, numOfBlocks=1
2019-10-25 18:48:06,497 [Command processor thread] INFO  commandhandler.DeleteBlocksCommandHandler (DeleteBlocksCommandHandler.java:handle(106)) - Start to delete container blocks, TXIDs=[1(2)], numOfContainers=1, numOfBlocks=1
2019-10-25 18:48:06,497 [Command processor thread] INFO  commandhandler.DeleteBlocksCommandHandler (DeleteBlocksCommandHandler.java:handle(106)) - Start to delete container blocks, TXIDs=[1(2)], numOfContainers=1, numOfBlocks=1
2019-10-25 18:48:06,497 [Command processor thread] INFO  commandhandler.DeleteBlocksCommandHandler (DeleteBlocksCommandHandler.java:handle(106)) - Start to delete container blocks, TXIDs=[1(2)], numOfContainers=1, numOfBlocks=1
2019-10-25 18:48:06,498 [Command processor thread] INFO  commandhandler.DeleteBlocksCommandHandler (DeleteBlocksCommandHandler.java:handle(106)) - Start to delete container blocks, TXIDs=[1(2)], numOfContainers=1, numOfBlocks=1
2019-10-25 18:48:06,498 [Command processor thread] INFO  commandhandler.DeleteBlocksCommandHandler (DeleteBlocksCommandHandler.java:handle(106)) - Start to delete container blocks, TXIDs=[1(2)], numOfContainers=1, numOfBlocks=1
2019-10-25 18:48:06,498 [Command processor thread] INFO  commandhandler.DeleteBlocksCommandHandler (DeleteBlocksCommandHandler.java:handle(106)) - Start to delete container blocks, TXIDs=[1(2)], numOfContainers=1, numOfBlocks=1
2019-10-25 18:48:06,498 [Command processor thread] INFO  commandhandler.DeleteBlocksCommandHandler (DeleteBlocksCommandHandler.java:handle(106)) - Start to delete container blocks, TXIDs=[1(0)], numOfContainers=1, numOfBlocks=1
2019-10-25 18:48:06,535 [Thread-603] INFO  impl.FollowerState (FollowerState.java:run(111)) - 90a9ce3a-0a5e-4de2-813a-4d04cb4d4ab9@group-643C12960AC7-FollowerState: change to CANDIDATE, lastRpcTime:5055ms, electionTimeout:5055ms
2019-10-25 18:48:06,535 [Thread-603] INFO  impl.RoleInfo (RoleInfo.java:shutdownFollowerState(121)) - 90a9ce3a-0a5e-4de2-813a-4d04cb4d4ab9: shutdown FollowerState
2019-10-25 18:48:06,535 [Thread-603] INFO  impl.RaftServerImpl (RaftServerImpl.java:setRole(173)) - 90a9ce3a-0a5e-4de2-813a-4d04cb4d4ab9@group-643C12960AC7: changes role from  FOLLOWER to CANDIDATE at term 3 for changeToCandidate
2019-10-25 18:48:06,535 [Thread-603] INFO  impl.RoleInfo (RoleInfo.java:updateAndGet(143)) - 90a9ce3a-0a5e-4de2-813a-4d04cb4d4ab9: start LeaderElection
2019-10-25 18:48:06,551 [90a9ce3a-0a5e-4de2-813a-4d04cb4d4ab9@group-643C12960AC7-LeaderElection11] INFO  impl.LeaderElection (LeaderElection.java:askForVotes(178)) - 90a9ce3a-0a5e-4de2-813a-4d04cb4d4ab9@group-643C12960AC7-LeaderElection11: begin an election at term 4 for 0: [202d5f49-7963-4b43-9e61-5069c2030fd4:192.168.157.217:43680, b2320d56-a737-47f4-81b1-3e8f0fb16133:192.168.157.217:40923, 90a9ce3a-0a5e-4de2-813a-4d04cb4d4ab9:192.168.157.217:37724], old=null
2019-10-25 18:48:06,560 [grpc-default-executor-2] INFO  impl.RaftServerImpl (ServerState.java:setLeader(255)) - b2320d56-a737-47f4-81b1-3e8f0fb16133@group-643C12960AC7: change Leader from b2320d56-a737-47f4-81b1-3e8f0fb16133 to null at term 4 for updateCurrentTerm
2019-10-25 18:48:06,560 [grpc-default-executor-0] INFO  impl.RaftServerImpl (ServerState.java:setLeader(255)) - 202d5f49-7963-4b43-9e61-5069c2030fd4@group-643C12960AC7: change Leader from b2320d56-a737-47f4-81b1-3e8f0fb16133 to null at term 4 for updateCurrentTerm
2019-10-25 18:48:06,560 [grpc-default-executor-2] INFO  impl.RaftServerImpl (RaftServerImpl.java:setRole(173)) - b2320d56-a737-47f4-81b1-3e8f0fb16133@group-643C12960AC7: changes role from    LEADER to FOLLOWER at term 4 for recognizeCandidate:90a9ce3a-0a5e-4de2-813a-4d04cb4d4ab9
2019-10-25 18:48:06,560 [grpc-default-executor-0] INFO  impl.RaftServerImpl (RaftServerImpl.java:setRole(173)) - 202d5f49-7963-4b43-9e61-5069c2030fd4@group-643C12960AC7: changes role from  FOLLOWER to FOLLOWER at term 4 for recognizeCandidate:90a9ce3a-0a5e-4de2-813a-4d04cb4d4ab9
2019-10-25 18:48:06,561 [grpc-default-executor-2] INFO  impl.RoleInfo (RoleInfo.java:shutdownLeaderState(104)) - b2320d56-a737-47f4-81b1-3e8f0fb16133: shutdown LeaderState
2019-10-25 18:48:06,561 [grpc-default-executor-0] INFO  impl.RoleInfo (RoleInfo.java:shutdownFollowerState(121)) - 202d5f49-7963-4b43-9e61-5069c2030fd4: shutdown FollowerState
2019-10-25 18:48:06,563 [org.apache.ratis.server.impl.LogAppender$AppenderDaemon$$Lambda$569/831445866@2a8a8638] WARN  server.GrpcLogAppender (GrpcLogAppender.java:mayWait(149)) - b2320d56-a737-47f4-81b1-3e8f0fb16133@group-643C12960AC7->202d5f49-7963-4b43-9e61-5069c2030fd4-GrpcLogAppender: Wait interrupted by java.lang.InterruptedException
2019-10-25 18:48:06,563 [grpc-default-executor-2] INFO  impl.PendingRequests (PendingRequests.java:sendNotLeaderResponses(206)) - b2320d56-a737-47f4-81b1-3e8f0fb16133@group-643C12960AC7-PendingRequests: sendNotLeaderResponses
2019-10-25 18:48:06,563 [org.apache.ratis.server.impl.LogAppender$AppenderDaemon$$Lambda$569/831445866@637daaf2] WARN  server.GrpcLogAppender (GrpcLogAppender.java:mayWait(149)) - b2320d56-a737-47f4-81b1-3e8f0fb16133@group-643C12960AC7->90a9ce3a-0a5e-4de2-813a-4d04cb4d4ab9-GrpcLogAppender: Wait interrupted by java.lang.InterruptedException
2019-10-25 18:48:06,564 [Thread-288] INFO  impl.FollowerState (FollowerState.java:run(120)) - 202d5f49-7963-4b43-9e61-5069c2030fd4@group-643C12960AC7-FollowerState was interrupted: java.lang.InterruptedException: sleep interrupted
2019-10-25 18:48:06,564 [grpc-default-executor-0] INFO  impl.RoleInfo (RoleInfo.java:updateAndGet(143)) - 202d5f49-7963-4b43-9e61-5069c2030fd4: start FollowerState
2019-10-25 18:48:06,568 [Thread-640] INFO  client.GrpcClientProtocolService (GrpcClientProtocolService.java:lambda$processClientRequest$0(279)) - Failed RaftClientRequest:client-85E8A1575A11->b2320d56-a737-47f4-81b1-3e8f0fb16133@group-643C12960AC7, cid=10, seq=0, Watch-ALL_COMMITTED(6), Message:<EMPTY>, reply=RaftClientReply:client-85E8A1575A11->b2320d56-a737-47f4-81b1-3e8f0fb16133@group-643C12960AC7, cid=10, FAILED org.apache.ratis.protocol.NotLeaderException: Server b2320d56-a737-47f4-81b1-3e8f0fb16133@group-643C12960AC7 is not the leader, logIndex=0, commits[b2320d56-a737-47f4-81b1-3e8f0fb16133:c10, 202d5f49-7963-4b43-9e61-5069c2030fd4:c10, 90a9ce3a-0a5e-4de2-813a-4d04cb4d4ab9:c4]
2019-10-25 18:48:06,568 [grpc-default-executor-2] INFO  impl.RoleInfo (RoleInfo.java:updateAndGet(143)) - b2320d56-a737-47f4-81b1-3e8f0fb16133: start FollowerState
2019-10-25 18:48:06,568 [grpc-default-executor-1] INFO  server.GrpcServerProtocolService (GrpcServerProtocolService.java:onCompleted(113)) - 202d5f49-7963-4b43-9e61-5069c2030fd4: Completed APPEND_ENTRIES, lastRequest: b2320d56-a737-47f4-81b1-3e8f0fb16133->202d5f49-7963-4b43-9e61-5069c2030fd4#54-t3, previous=(t:3, i:10), leaderCommit=10, initializing? false, entries: <empty>
2019-10-25 18:48:06,574 [grpc-default-executor-4] INFO  server.GrpcLogAppender (GrpcLogAppender.java:onCompleted(308)) - b2320d56-a737-47f4-81b1-3e8f0fb16133@group-643C12960AC7->202d5f49-7963-4b43-9e61-5069c2030fd4-AppendLogResponseHandler: follower responses appendEntries COMPLETED
2019-10-25 18:48:06,575 [Thread-602] INFO  impl.FollowerState (FollowerState.java:run(111)) - 90a9ce3a-0a5e-4de2-813a-4d04cb4d4ab9@group-030C09A39C9A-FollowerState: change to CANDIDATE, lastRpcTime:5096ms, electionTimeout:5095ms
2019-10-25 18:48:06,576 [Thread-602] INFO  impl.RoleInfo (RoleInfo.java:shutdownFollowerState(121)) - 90a9ce3a-0a5e-4de2-813a-4d04cb4d4ab9: shutdown FollowerState
2019-10-25 18:48:06,576 [Thread-602] INFO  impl.RaftServerImpl (RaftServerImpl.java:setRole(173)) - 90a9ce3a-0a5e-4de2-813a-4d04cb4d4ab9@group-030C09A39C9A: changes role from  FOLLOWER to CANDIDATE at term 1 for changeToCandidate
2019-10-25 18:48:06,576 [Thread-602] INFO  impl.RoleInfo (RoleInfo.java:updateAndGet(143)) - 90a9ce3a-0a5e-4de2-813a-4d04cb4d4ab9: start LeaderElection
2019-10-25 18:48:06,579 [grpc-default-executor-4] INFO  impl.FollowerInfo (FollowerInfo.java:lambda$new$0(51)) - b2320d56-a737-47f4-81b1-3e8f0fb16133@group-643C12960AC7->202d5f49-7963-4b43-9e61-5069c2030fd4: nextIndex: updateUnconditionally 11 -> 10
2019-10-25 18:48:06,583 [90a9ce3a-0a5e-4de2-813a-4d04cb4d4ab9@group-030C09A39C9A-LeaderElection12] INFO  impl.LeaderElection (LeaderElection.java:askForVotes(178)) - 90a9ce3a-0a5e-4de2-813a-4d04cb4d4ab9@group-030C09A39C9A-LeaderElection12: begin an election at term 2 for 0: [90a9ce3a-0a5e-4de2-813a-4d04cb4d4ab9:192.168.157.217:37724], old=null
2019-10-25 18:48:06,584 [90a9ce3a-0a5e-4de2-813a-4d04cb4d4ab9@group-030C09A39C9A-LeaderElection12] INFO  impl.RoleInfo (RoleInfo.java:shutdownLeaderElection(134)) - 90a9ce3a-0a5e-4de2-813a-4d04cb4d4ab9: shutdown LeaderElection
2019-10-25 18:48:06,584 [90a9ce3a-0a5e-4de2-813a-4d04cb4d4ab9@group-030C09A39C9A-LeaderElection12] INFO  impl.RaftServerImpl (RaftServerImpl.java:setRole(173)) - 90a9ce3a-0a5e-4de2-813a-4d04cb4d4ab9@group-030C09A39C9A: changes role from CANDIDATE to LEADER at term 2 for changeToLeader
2019-10-25 18:48:06,584 [90a9ce3a-0a5e-4de2-813a-4d04cb4d4ab9@group-030C09A39C9A-LeaderElection12] INFO  impl.RaftServerImpl (ServerState.java:setLeader(255)) - 90a9ce3a-0a5e-4de2-813a-4d04cb4d4ab9@group-030C09A39C9A: change Leader from null to 90a9ce3a-0a5e-4de2-813a-4d04cb4d4ab9 at term 2 for becomeLeader, leader elected after 7185ms
2019-10-25 18:48:06,585 [90a9ce3a-0a5e-4de2-813a-4d04cb4d4ab9@group-030C09A39C9A-LeaderElection12] INFO  server.RaftServerConfigKeys (ConfUtils.java:logGet(43)) - raft.server.staging.catchup.gap = 1000 (default)
2019-10-25 18:48:06,585 [90a9ce3a-0a5e-4de2-813a-4d04cb4d4ab9@group-030C09A39C9A-LeaderElection12] INFO  server.RaftServerConfigKeys (ConfUtils.java:logGet(43)) - raft.server.rpc.sleep.time = 25ms (default)
2019-10-25 18:48:06,585 [90a9ce3a-0a5e-4de2-813a-4d04cb4d4ab9@group-030C09A39C9A-LeaderElection12] INFO  server.RaftServerConfigKeys (ConfUtils.java:logGet(43)) - raft.server.write.element-limit = 4096 (default)
2019-10-25 18:48:06,586 [90a9ce3a-0a5e-4de2-813a-4d04cb4d4ab9@group-030C09A39C9A-LeaderElection12] INFO  server.RaftServerConfigKeys (ConfUtils.java:logGet(43)) - raft.server.watch.timeout = 10s (default)
2019-10-25 18:48:06,586 [90a9ce3a-0a5e-4de2-813a-4d04cb4d4ab9@group-030C09A39C9A-LeaderElection12] INFO  server.RaftServerConfigKeys (ConfUtils.java:logGet(43)) - raft.server.watch.timeout.denomination = 1s (default)
2019-10-25 18:48:06,587 [90a9ce3a-0a5e-4de2-813a-4d04cb4d4ab9@group-030C09A39C9A-LeaderElection12] INFO  server.RaftServerConfigKeys (ConfUtils.java:logGet(43)) - raft.server.watch.element-limit = 65536 (default)
2019-10-25 18:48:06,587 [90a9ce3a-0a5e-4de2-813a-4d04cb4d4ab9@group-643C12960AC7-LeaderElection11] INFO  impl.LeaderElection (LeaderElection.java:logAndReturn(56)) - 90a9ce3a-0a5e-4de2-813a-4d04cb4d4ab9@group-643C12960AC7-LeaderElection11: Election REJECTED; received 2 response(s) [90a9ce3a-0a5e-4de2-813a-4d04cb4d4ab9<-202d5f49-7963-4b43-9e61-5069c2030fd4#0:FAIL-t4, 90a9ce3a-0a5e-4de2-813a-4d04cb4d4ab9<-b2320d56-a737-47f4-81b1-3e8f0fb16133#0:FAIL-t4] and 0 exception(s); 90a9ce3a-0a5e-4de2-813a-4d04cb4d4ab9@group-643C12960AC7:t4, leader=null, voted=90a9ce3a-0a5e-4de2-813a-4d04cb4d4ab9, raftlog=90a9ce3a-0a5e-4de2-813a-4d04cb4d4ab9@group-643C12960AC7-SegmentedRaftLog:OPENED:c3,f4,i4, conf=0: [202d5f49-7963-4b43-9e61-5069c2030fd4:192.168.157.217:43680, b2320d56-a737-47f4-81b1-3e8f0fb16133:192.168.157.217:40923, 90a9ce3a-0a5e-4de2-813a-4d04cb4d4ab9:192.168.157.217:37724], old=null
2019-10-25 18:48:06,587 [90a9ce3a-0a5e-4de2-813a-4d04cb4d4ab9@group-030C09A39C9A-LeaderElection12] INFO  impl.RoleInfo (RoleInfo.java:updateAndGet(143)) - 90a9ce3a-0a5e-4de2-813a-4d04cb4d4ab9: start LeaderState
2019-10-25 18:48:06,587 [90a9ce3a-0a5e-4de2-813a-4d04cb4d4ab9@group-643C12960AC7-LeaderElection11] INFO  impl.RaftServerImpl (RaftServerImpl.java:setRole(173)) - 90a9ce3a-0a5e-4de2-813a-4d04cb4d4ab9@group-643C12960AC7: changes role from CANDIDATE to FOLLOWER at term 4 for DISCOVERED_A_NEW_TERM
2019-10-25 18:48:06,588 [90a9ce3a-0a5e-4de2-813a-4d04cb4d4ab9@group-643C12960AC7-LeaderElection11] INFO  impl.RoleInfo (RoleInfo.java:shutdownLeaderElection(134)) - 90a9ce3a-0a5e-4de2-813a-4d04cb4d4ab9: shutdown LeaderElection
2019-10-25 18:48:06,588 [90a9ce3a-0a5e-4de2-813a-4d04cb4d4ab9@group-643C12960AC7-LeaderElection11] INFO  impl.RoleInfo (RoleInfo.java:updateAndGet(143)) - 90a9ce3a-0a5e-4de2-813a-4d04cb4d4ab9: start FollowerState
2019-10-25 18:48:06,589 [90a9ce3a-0a5e-4de2-813a-4d04cb4d4ab9@group-030C09A39C9A-LeaderElection12] INFO  segmented.SegmentedRaftLogWorker (SegmentedRaftLogWorker.java:rollLogSegment(390)) - 90a9ce3a-0a5e-4de2-813a-4d04cb4d4ab9@group-030C09A39C9A-SegmentedRaftLogWorker: Rolling segment log-0_0 to index:0
2019-10-25 18:48:06,592 [90a9ce3a-0a5e-4de2-813a-4d04cb4d4ab9@group-030C09A39C9A-LeaderElection12] INFO  impl.RaftServerImpl (ServerState.java:setRaftConf(356)) - 90a9ce3a-0a5e-4de2-813a-4d04cb4d4ab9@group-030C09A39C9A: set configuration 1: [90a9ce3a-0a5e-4de2-813a-4d04cb4d4ab9:192.168.157.217:37724], old=null at 1
2019-10-25 18:48:06,592 [90a9ce3a-0a5e-4de2-813a-4d04cb4d4ab9@group-030C09A39C9A-SegmentedRaftLogWorker] INFO  segmented.SegmentedRaftLogWorker (SegmentedRaftLogWorker.java:execute(533)) - 90a9ce3a-0a5e-4de2-813a-4d04cb4d4ab9@group-030C09A39C9A-SegmentedRaftLogWorker: Rolled log segment from /workdir/hadoop-ozone/integration-test/target/test-dir/MiniOzoneClusterImpl-1169b08c-7389-4170-95e3-f5079f135e90/datanode-2/data/ratis/a6298735-0df9-4fd7-93a7-030c09a39c9a/current/log_inprogress_0 to /workdir/hadoop-ozone/integration-test/target/test-dir/MiniOzoneClusterImpl-1169b08c-7389-4170-95e3-f5079f135e90/datanode-2/data/ratis/a6298735-0df9-4fd7-93a7-030c09a39c9a/current/log_0-0
2019-10-25 18:48:06,640 [90a9ce3a-0a5e-4de2-813a-4d04cb4d4ab9@group-030C09A39C9A-SegmentedRaftLogWorker] INFO  segmented.SegmentedRaftLogWorker (SegmentedRaftLogWorker.java:execute(576)) - 90a9ce3a-0a5e-4de2-813a-4d04cb4d4ab9@group-030C09A39C9A-SegmentedRaftLogWorker: created new log segment /workdir/hadoop-ozone/integration-test/target/test-dir/MiniOzoneClusterImpl-1169b08c-7389-4170-95e3-f5079f135e90/datanode-2/data/ratis/a6298735-0df9-4fd7-93a7-030c09a39c9a/current/log_inprogress_1
2019-10-25 18:48:06,690 [EventQueue-DeleteBlockStatusForDeletedBlockLogImpl] WARN  block.DeletedBlockLogImpl (DeletedBlockLogImpl.java:commitTransactions(205)) - Transaction txId=1 commit by dnId=90a9ce3a-0a5e-4de2-813a-4d04cb4d4ab9 for containerID=#1 failed. Corresponding entry not found.
2019-10-25 18:48:06,692 [EventQueue-DeleteBlockStatusForDeletedBlockLogImpl] WARN  block.DeletedBlockLogImpl (DeletedBlockLogImpl.java:commitTransactions(205)) - Transaction txId=1 commit by dnId=90a9ce3a-0a5e-4de2-813a-4d04cb4d4ab9 for containerID=#1 failed. Corresponding entry not found.
2019-10-25 18:48:06,692 [EventQueue-DeleteBlockStatusForDeletedBlockLogImpl] WARN  block.DeletedBlockLogImpl (DeletedBlockLogImpl.java:commitTransactions(205)) - Transaction txId=1 commit by dnId=90a9ce3a-0a5e-4de2-813a-4d04cb4d4ab9 for containerID=#1 failed. Corresponding entry not found.
2019-10-25 18:48:06,692 [EventQueue-DeleteBlockStatusForDeletedBlockLogImpl] WARN  block.DeletedBlockLogImpl (DeletedBlockLogImpl.java:commitTransactions(205)) - Transaction txId=1 commit by dnId=90a9ce3a-0a5e-4de2-813a-4d04cb4d4ab9 for containerID=#1 failed. Corresponding entry not found.
2019-10-25 18:48:06,692 [EventQueue-DeleteBlockStatusForDeletedBlockLogImpl] WARN  block.DeletedBlockLogImpl (DeletedBlockLogImpl.java:commitTransactions(205)) - Transaction txId=1 commit by dnId=90a9ce3a-0a5e-4de2-813a-4d04cb4d4ab9 for containerID=#1 failed. Corresponding entry not found.
2019-10-25 18:48:06,692 [EventQueue-DeleteBlockStatusForDeletedBlockLogImpl] WARN  block.DeletedBlockLogImpl (DeletedBlockLogImpl.java:commitTransactions(205)) - Transaction txId=1 commit by dnId=90a9ce3a-0a5e-4de2-813a-4d04cb4d4ab9 for containerID=#1 failed. Corresponding entry not found.
2019-10-25 18:48:06,692 [EventQueue-DeleteBlockStatusForDeletedBlockLogImpl] WARN  block.DeletedBlockLogImpl (DeletedBlockLogImpl.java:commitTransactions(205)) - Transaction txId=1 commit by dnId=90a9ce3a-0a5e-4de2-813a-4d04cb4d4ab9 for containerID=#1 failed. Corresponding entry not found.
2019-10-25 18:48:06,692 [EventQueue-DeleteBlockStatusForDeletedBlockLogImpl] WARN  block.DeletedBlockLogImpl (DeletedBlockLogImpl.java:commitTransactions(205)) - Transaction txId=1 commit by dnId=90a9ce3a-0a5e-4de2-813a-4d04cb4d4ab9 for containerID=#1 failed. Corresponding entry not found.
2019-10-25 18:48:06,731 [java.util.concurrent.ThreadPoolExecutor$Worker@4fc56e52[State = -1, empty queue]] WARN  server.GrpcLogAppender (GrpcLogAppender.java:timeoutAppendRequest(209)) - b2320d56-a737-47f4-81b1-3e8f0fb16133@group-643C12960AC7->90a9ce3a-0a5e-4de2-813a-4d04cb4d4ab9-GrpcLogAppender: appendEntries Timeout, request=b2320d56-a737-47f4-81b1-3e8f0fb16133->90a9ce3a-0a5e-4de2-813a-4d04cb4d4ab9#53-t3, previous=(t:3, i:10), leaderCommit=10, initializing? false, entries: <empty>
2019-10-25 18:48:06,923 [Thread-646] INFO  client.GrpcClientProtocolService (GrpcClientProtocolService.java:lambda$processClientRequest$0(279)) - Failed RaftClientRequest:client-85E8A1575A11->90a9ce3a-0a5e-4de2-813a-4d04cb4d4ab9@group-643C12960AC7, cid=10, seq=0, Watch-ALL_COMMITTED(6), Message:<EMPTY>, reply=RaftClientReply:client-85E8A1575A11->90a9ce3a-0a5e-4de2-813a-4d04cb4d4ab9@group-643C12960AC7, cid=10, FAILED org.apache.ratis.protocol.NotLeaderException: Server 90a9ce3a-0a5e-4de2-813a-4d04cb4d4ab9@group-643C12960AC7 is not the leader, logIndex=0, commits[90a9ce3a-0a5e-4de2-813a-4d04cb4d4ab9:c3]
2019-10-25 18:48:06,935 [BlockDeletingService#2] WARN  background.BlockDeletingService (BlockDeletingService.java:isDeletionAllowed(187)) - Close Container log Index 6 is not replicated across allthe servers in the pipeline b56b2aa8-e60f-44f7-b396-643c12960ac7 as the min replicated index is 4. Deletion is not allowed in this container yet.
2019-10-25 18:48:06,935 [BlockDeletingService#2] WARN  background.BlockDeletingService (BlockDeletingService.java:isDeletionAllowed(187)) - Close Container log Index 6 is not replicated across allthe servers in the pipeline b56b2aa8-e60f-44f7-b396-643c12960ac7 as the min replicated index is 4. Deletion is not allowed in this container yet.
2019-10-25 18:48:07,938 [BlockDeletingService#2] WARN  background.BlockDeletingService (BlockDeletingService.java:isDeletionAllowed(187)) - Close Container log Index 6 is not replicated across allthe servers in the pipeline b56b2aa8-e60f-44f7-b396-643c12960ac7 as the min replicated index is 4. Deletion is not allowed in this container yet.
2019-10-25 18:48:07,938 [BlockDeletingService#2] WARN  background.BlockDeletingService (BlockDeletingService.java:isDeletionAllowed(187)) - Close Container log Index 6 is not replicated across allthe servers in the pipeline b56b2aa8-e60f-44f7-b396-643c12960ac7 as the min replicated index is 4. Deletion is not allowed in this container yet.
2019-10-25 18:48:07,942 [Thread-654] INFO  client.GrpcClientProtocolService (GrpcClientProtocolService.java:lambda$processClientRequest$0(279)) - Failed RaftClientRequest:client-85E8A1575A11->202d5f49-7963-4b43-9e61-5069c2030fd4@group-643C12960AC7, cid=10, seq=0, Watch-ALL_COMMITTED(6), Message:<EMPTY>, reply=RaftClientReply:client-85E8A1575A11->202d5f49-7963-4b43-9e61-5069c2030fd4@group-643C12960AC7, cid=10, FAILED org.apache.ratis.protocol.NotLeaderException: Server 202d5f49-7963-4b43-9e61-5069c2030fd4@group-643C12960AC7 is not the leader, logIndex=0, commits[202d5f49-7963-4b43-9e61-5069c2030fd4:c10, b2320d56-a737-47f4-81b1-3e8f0fb16133:c10, 90a9ce3a-0a5e-4de2-813a-4d04cb4d4ab9:c4]
2019-10-25 18:48:08,940 [BlockDeletingService#2] WARN  background.BlockDeletingService (BlockDeletingService.java:isDeletionAllowed(187)) - Close Container log Index 6 is not replicated across allthe servers in the pipeline b56b2aa8-e60f-44f7-b396-643c12960ac7 as the min replicated index is 4. Deletion is not allowed in this container yet.
2019-10-25 18:48:08,940 [BlockDeletingService#2] WARN  background.BlockDeletingService (BlockDeletingService.java:isDeletionAllowed(187)) - Close Container log Index 6 is not replicated across allthe servers in the pipeline b56b2aa8-e60f-44f7-b396-643c12960ac7 as the min replicated index is 4. Deletion is not allowed in this container yet.
2019-10-25 18:48:08,960 [Thread-660] INFO  client.GrpcClientProtocolService (GrpcClientProtocolService.java:lambda$processClientRequest$0(279)) - Failed RaftClientRequest:client-85E8A1575A11->b2320d56-a737-47f4-81b1-3e8f0fb16133@group-643C12960AC7, cid=10, seq=0, Watch-ALL_COMMITTED(6), Message:<EMPTY>, reply=RaftClientReply:client-85E8A1575A11->b2320d56-a737-47f4-81b1-3e8f0fb16133@group-643C12960AC7, cid=10, FAILED org.apache.ratis.protocol.NotLeaderException: Server b2320d56-a737-47f4-81b1-3e8f0fb16133@group-643C12960AC7 is not the leader, logIndex=0, commits[b2320d56-a737-47f4-81b1-3e8f0fb16133:c10, 202d5f49-7963-4b43-9e61-5069c2030fd4:c10, 90a9ce3a-0a5e-4de2-813a-4d04cb4d4ab9:c4]
2019-10-25 18:48:09,232 [java.util.concurrent.ThreadPoolExecutor$Worker@4fc56e52[State = -1, empty queue]] WARN  server.GrpcLogAppender (GrpcLogAppender.java:timeoutAppendRequest(209)) - b2320d56-a737-47f4-81b1-3e8f0fb16133@group-643C12960AC7->90a9ce3a-0a5e-4de2-813a-4d04cb4d4ab9-GrpcLogAppender: appendEntries Timeout, request=b2320d56-a737-47f4-81b1-3e8f0fb16133->90a9ce3a-0a5e-4de2-813a-4d04cb4d4ab9#54-t3, previous=(t:3, i:10), leaderCommit=10, initializing? false, entries: <empty>
]]></system-out>
    <system-err><![CDATA[ERROR StatusLogger No Log4j 2 configuration file found. Using default configuration (logging only errors to the console), or user programmatically provided configurations. Set system property 'log4j2.debug' to show Log4j 2 internal initialization logging. See https://logging.apache.org/log4j/2.x/manual/configuration.html for instructions on how to configure Log4j 2
Oct 25, 2019 6:46:22 PM org.apache.ratis.thirdparty.io.grpc.internal.SerializingExecutor run
SEVERE: Exception while executing runnable org.apache.ratis.thirdparty.io.grpc.internal.ServerImpl$JumpToApplicationThreadServerStreamListener$1Closed@6db8959e
org.apache.ratis.thirdparty.io.grpc.StatusRuntimeException: CANCELLED: call already cancelled
	at org.apache.ratis.thirdparty.io.grpc.Status.asRuntimeException(Status.java:517)
	at org.apache.ratis.thirdparty.io.grpc.stub.ServerCalls$ServerCallStreamObserverImpl.onCompleted(ServerCalls.java:356)
	at org.apache.ratis.grpc.server.GrpcServerProtocolService$ServerRequestStreamObserver.onError(GrpcServerProtocolService.java:121)
	at org.apache.ratis.thirdparty.io.grpc.stub.ServerCalls$StreamingServerCallHandler$StreamingServerCallListener.onCancel(ServerCalls.java:269)
	at org.apache.ratis.thirdparty.io.grpc.internal.ServerCallImpl$ServerStreamListenerImpl.closed(ServerCallImpl.java:293)
	at org.apache.ratis.thirdparty.io.grpc.internal.ServerImpl$JumpToApplicationThreadServerStreamListener$1Closed.runInContext(ServerImpl.java:741)
	at org.apache.ratis.thirdparty.io.grpc.internal.ContextRunnable.run(ContextRunnable.java:37)
	at org.apache.ratis.thirdparty.io.grpc.internal.SerializingExecutor.run(SerializingExecutor.java:123)
	at java.util.concurrent.ThreadPoolExecutor.runWorker(ThreadPoolExecutor.java:1149)
	at java.util.concurrent.ThreadPoolExecutor$Worker.run(ThreadPoolExecutor.java:624)
	at java.lang.Thread.run(Thread.java:748)

Oct 25, 2019 6:46:22 PM org.apache.ratis.thirdparty.io.grpc.internal.SerializingExecutor run
SEVERE: Exception while executing runnable org.apache.ratis.thirdparty.io.grpc.internal.ClientCallImpl$ClientStreamListenerImpl$1StreamClosed@68183bc2
java.lang.NullPointerException
	at org.apache.ratis.grpc.server.GrpcLogAppender$AppendLogResponseHandler.onError(GrpcLogAppender.java:303)
	at org.apache.ratis.thirdparty.io.grpc.stub.ClientCalls$StreamObserverToCallListenerAdapter.onClose(ClientCalls.java:434)
	at org.apache.ratis.thirdparty.io.grpc.PartialForwardingClientCallListener.onClose(PartialForwardingClientCallListener.java:39)
	at org.apache.ratis.thirdparty.io.grpc.ForwardingClientCallListener.onClose(ForwardingClientCallListener.java:23)
	at org.apache.ratis.thirdparty.io.grpc.ForwardingClientCallListener$SimpleForwardingClientCallListener.onClose(ForwardingClientCallListener.java:40)
	at org.apache.ratis.thirdparty.io.grpc.internal.CensusStatsModule$StatsClientInterceptor$1$1.onClose(CensusStatsModule.java:678)
	at org.apache.ratis.thirdparty.io.grpc.PartialForwardingClientCallListener.onClose(PartialForwardingClientCallListener.java:39)
	at org.apache.ratis.thirdparty.io.grpc.ForwardingClientCallListener.onClose(ForwardingClientCallListener.java:23)
	at org.apache.ratis.thirdparty.io.grpc.ForwardingClientCallListener$SimpleForwardingClientCallListener.onClose(ForwardingClientCallListener.java:40)
	at org.apache.ratis.thirdparty.io.grpc.internal.CensusTracingModule$TracingClientInterceptor$1$1.onClose(CensusTracingModule.java:397)
	at org.apache.ratis.thirdparty.io.grpc.internal.ClientCallImpl.closeObserver(ClientCallImpl.java:459)
	at org.apache.ratis.thirdparty.io.grpc.internal.ClientCallImpl.access$300(ClientCallImpl.java:63)
	at org.apache.ratis.thirdparty.io.grpc.internal.ClientCallImpl$ClientStreamListenerImpl.close(ClientCallImpl.java:546)
	at org.apache.ratis.thirdparty.io.grpc.internal.ClientCallImpl$ClientStreamListenerImpl.access$600(ClientCallImpl.java:467)
	at org.apache.ratis.thirdparty.io.grpc.internal.ClientCallImpl$ClientStreamListenerImpl$1StreamClosed.runInContext(ClientCallImpl.java:584)
	at org.apache.ratis.thirdparty.io.grpc.internal.ContextRunnable.run(ContextRunnable.java:37)
	at org.apache.ratis.thirdparty.io.grpc.internal.SerializingExecutor.run(SerializingExecutor.java:123)
	at java.util.concurrent.ThreadPoolExecutor.runWorker(ThreadPoolExecutor.java:1149)
	at java.util.concurrent.ThreadPoolExecutor$Worker.run(ThreadPoolExecutor.java:624)
	at java.lang.Thread.run(Thread.java:748)

]]></system-err>
  </testcase>
</testsuite>